{
    "Plan": {
        "Node Type": "Aggregate",
        "Strategy": "Plain",
        "Partial Mode": "Simple",
        "Parallel Aware": false,
        "Startup Cost": 60004485112.64,
        "Total Cost": 60004485112.65,
        "Plan Rows": 1,
        "Plan Width": 8,
        "Actual Startup Time": 38782.844,
        "Actual Total Time": 38819.927,
        "Actual Rows": 1,
        "Actual Loops": 1,
        "Output": [
            "count(*)"
        ],
        "Plans": [
            {
                "Node Type": "Hash Join",
                "Parent Relationship": "Outer",
                "Parallel Aware": false,
                "Join Type": "Inner",
                "Startup Cost": 60004485100.55,
                "Total Cost": 60004485112.63,
                "Plan Rows": 1,
                "Plan Width": 0,
                "Actual Startup Time": 38782.833,
                "Actual Total Time": 38819.918,
                "Actual Rows": 15,
                "Actual Loops": 1,
                "Inner Unique": false,
                "Hash Cond": "(cct2.id = cc.status_id)",
                "Plans": [
                    {
                        "Node Type": "Index Scan",
                        "Parent Relationship": "Outer",
                        "Parallel Aware": false,
                        "Scan Direction": "Forward",
                        "Index Name": "comp_cast_type_pkey",
                        "Relation Name": "comp_cast_type",
                        "Schema": "public",
                        "Alias": "cct2",
                        "Startup Cost": 0.13,
                        "Total Cost": 12.2,
                        "Plan Rows": 1,
                        "Plan Width": 4,
                        "Actual Startup Time": 0.018,
                        "Actual Total Time": 0.02,
                        "Actual Rows": 1,
                        "Actual Loops": 1,
                        "Output": [
                            "cct2.id",
                            "cct2.kind"
                        ],
                        "Filter": "((cct2.kind)::text = 'complete+verified'::text)",
                        "Rows Removed by Filter": 3
                    },
                    {
                        "Node Type": "Hash",
                        "Parent Relationship": "Inner",
                        "Parallel Aware": false,
                        "Startup Cost": 60004485100.41,
                        "Total Cost": 60004485100.41,
                        "Plan Rows": 1,
                        "Plan Width": 4,
                        "Actual Startup Time": 38782.807,
                        "Actual Total Time": 38819.887,
                        "Actual Rows": 15,
                        "Actual Loops": 1,
                        "Output": [
                            "cc.status_id"
                        ],
                        "Hash Buckets": 1024,
                        "Original Hash Buckets": 1024,
                        "Hash Batches": 1,
                        "Original Hash Batches": 1,
                        "Peak Memory Usage": 9,
                        "Plans": [
                            {
                                "Node Type": "Nested Loop",
                                "Parent Relationship": "Outer",
                                "Parallel Aware": false,
                                "Join Type": "Inner",
                                "Startup Cost": 60004379550.13,
                                "Total Cost": 60004485100.41,
                                "Plan Rows": 1,
                                "Plan Width": 4,
                                "Actual Startup Time": 38591.417,
                                "Actual Total Time": 38819.876,
                                "Actual Rows": 15,
                                "Actual Loops": 1,
                                "Output": [
                                    "cc.status_id"
                                ],
                                "Inner Unique": true,
                                "Plans": [
                                    {
                                        "Node Type": "Merge Join",
                                        "Parent Relationship": "Outer",
                                        "Parallel Aware": false,
                                        "Join Type": "Inner",
                                        "Startup Cost": 60004379549.7,
                                        "Total Cost": 60004485099.46,
                                        "Plan Rows": 1,
                                        "Plan Width": 8,
                                        "Actual Startup Time": 38591.388,
                                        "Actual Total Time": 38819.807,
                                        "Actual Rows": 15,
                                        "Actual Loops": 1,
                                        "Output": [
                                            "ci.person_role_id",
                                            "cc.status_id"
                                        ],
                                        "Inner Unique": false,
                                        "Merge Cond": "(ci.person_id = n.id)",
                                        "Plans": [
                                            {
                                                "Node Type": "Merge Join",
                                                "Parent Relationship": "Outer",
                                                "Parallel Aware": false,
                                                "Join Type": "Inner",
                                                "Startup Cost": 50003710528.31,
                                                "Total Cost": 50003774384.79,
                                                "Plan Rows": 1,
                                                "Plan Width": 16,
                                                "Actual Startup Time": 35223.799,
                                                "Actual Total Time": 35290.706,
                                                "Actual Rows": 80,
                                                "Actual Loops": 1,
                                                "Output": [
                                                    "an.person_id",
                                                    "ci.person_id",
                                                    "ci.person_role_id",
                                                    "cc.status_id"
                                                ],
                                                "Inner Unique": false,
                                                "Merge Cond": "(an.person_id = ci.person_id)",
                                                "Plans": [
                                                    {
                                                        "Node Type": "Index Scan",
                                                        "Parent Relationship": "Outer",
                                                        "Parallel Aware": false,
                                                        "Scan Direction": "Forward",
                                                        "Index Name": "person_id_aka_name",
                                                        "Relation Name": "aka_name",
                                                        "Schema": "public",
                                                        "Alias": "an",
                                                        "Startup Cost": 0.42,
                                                        "Total Cost": 72012.16,
                                                        "Plan Rows": 901343,
                                                        "Plan Width": 4,
                                                        "Actual Startup Time": 0.013,
                                                        "Actual Total Time": 147.93,
                                                        "Actual Rows": 558417,
                                                        "Actual Loops": 1,
                                                        "Output": [
                                                            "an.id",
                                                            "an.person_id",
                                                            "an.name",
                                                            "an.imdb_index",
                                                            "an.name_pcode_cf",
                                                            "an.name_pcode_nf",
                                                            "an.surname_pcode",
                                                            "an.md5sum"
                                                        ]
                                                    },
                                                    {
                                                        "Node Type": "Sort",
                                                        "Parent Relationship": "Inner",
                                                        "Parallel Aware": false,
                                                        "Startup Cost": 50003710527.89,
                                                        "Total Cost": 50003710527.89,
                                                        "Plan Rows": 1,
                                                        "Plan Width": 12,
                                                        "Actual Startup Time": 35108.687,
                                                        "Actual Total Time": 35108.729,
                                                        "Actual Rows": 110,
                                                        "Actual Loops": 1,
                                                        "Output": [
                                                            "cc.status_id",
                                                            "ci.person_id",
                                                            "ci.person_role_id"
                                                        ],
                                                        "Sort Key": [
                                                            "ci.person_id"
                                                        ],
                                                        "Sort Method": "quicksort",
                                                        "Sort Space Used": 27,
                                                        "Sort Space Type": "Memory",
                                                        "Plans": [
                                                            {
                                                                "Node Type": "Hash Join",
                                                                "Parent Relationship": "Outer",
                                                                "Parallel Aware": false,
                                                                "Join Type": "Inner",
                                                                "Startup Cost": 50003672277.18,
                                                                "Total Cost": 50003710527.88,
                                                                "Plan Rows": 1,
                                                                "Plan Width": 12,
                                                                "Actual Startup Time": 34407.675,
                                                                "Actual Total Time": 35108.687,
                                                                "Actual Rows": 55,
                                                                "Actual Loops": 1,
                                                                "Output": [
                                                                    "cc.status_id",
                                                                    "ci.person_id",
                                                                    "ci.person_role_id"
                                                                ],
                                                                "Inner Unique": false,
                                                                "Hash Cond": "(mc.movie_id = t.id)",
                                                                "Plans": [
                                                                    {
                                                                        "Node Type": "Merge Join",
                                                                        "Parent Relationship": "Outer",
                                                                        "Parallel Aware": false,
                                                                        "Join Type": "Inner",
                                                                        "Startup Cost": 10000323270.8,
                                                                        "Total Cost": 10000358011.56,
                                                                        "Plan Rows": 935979,
                                                                        "Plan Width": 4,
                                                                        "Actual Startup Time": 687.762,
                                                                        "Actual Total Time": 1399.079,
                                                                        "Actual Rows": 1153798,
                                                                        "Actual Loops": 1,
                                                                        "Output": [
                                                                            "mc.movie_id"
                                                                        ],
                                                                        "Inner Unique": true,
                                                                        "Merge Cond": "(mc.company_id = cn.id)",
                                                                        "Plans": [
                                                                            {
                                                                                "Node Type": "Sort",
                                                                                "Parent Relationship": "Outer",
                                                                                "Parallel Aware": false,
                                                                                "Startup Cost": 322951.0,
                                                                                "Total Cost": 329473.82,
                                                                                "Plan Rows": 2609129,
                                                                                "Plan Width": 8,
                                                                                "Actual Startup Time": 687.717,
                                                                                "Actual Total Time": 1041.333,
                                                                                "Actual Rows": 2609129,
                                                                                "Actual Loops": 1,
                                                                                "Output": [
                                                                                    "mc.movie_id",
                                                                                    "mc.company_id"
                                                                                ],
                                                                                "Sort Key": [
                                                                                    "mc.company_id"
                                                                                ],
                                                                                "Sort Method": "quicksort",
                                                                                "Sort Space Used": 220607,
                                                                                "Sort Space Type": "Memory",
                                                                                "Plans": [
                                                                                    {
                                                                                        "Node Type": "Seq Scan",
                                                                                        "Parent Relationship": "Outer",
                                                                                        "Parallel Aware": false,
                                                                                        "Relation Name": "movie_companies",
                                                                                        "Schema": "public",
                                                                                        "Alias": "mc",
                                                                                        "Startup Cost": 0.0,
                                                                                        "Total Cost": 44881.29,
                                                                                        "Plan Rows": 2609129,
                                                                                        "Plan Width": 8,
                                                                                        "Actual Startup Time": 0.024,
                                                                                        "Actual Total Time": 244.48,
                                                                                        "Actual Rows": 2609129,
                                                                                        "Actual Loops": 1,
                                                                                        "Output": [
                                                                                            "mc.movie_id",
                                                                                            "mc.company_id"
                                                                                        ]
                                                                                    }
                                                                                ]
                                                                            },
                                                                            {
                                                                                "Node Type": "Index Scan",
                                                                                "Parent Relationship": "Inner",
                                                                                "Parallel Aware": false,
                                                                                "Scan Direction": "Forward",
                                                                                "Index Name": "company_name_pkey",
                                                                                "Relation Name": "company_name",
                                                                                "Schema": "public",
                                                                                "Alias": "cn",
                                                                                "Startup Cost": 10000000000.42,
                                                                                "Total Cost": 10000012454.44,
                                                                                "Plan Rows": 84301,
                                                                                "Plan Width": 4,
                                                                                "Actual Startup Time": 0.038,
                                                                                "Actual Total Time": 122.081,
                                                                                "Actual Rows": 84843,
                                                                                "Actual Loops": 1,
                                                                                "Output": [
                                                                                    "cn.id",
                                                                                    "cn.name",
                                                                                    "cn.country_code",
                                                                                    "cn.imdb_id",
                                                                                    "cn.name_pcode_nf",
                                                                                    "cn.name_pcode_sf",
                                                                                    "cn.md5sum"
                                                                                ],
                                                                                "Filter": "((cn.country_code)::text = '[us]'::text)",
                                                                                "Rows Removed by Filter": 150154
                                                                            }
                                                                        ]
                                                                    },
                                                                    {
                                                                        "Node Type": "Hash",
                                                                        "Parent Relationship": "Inner",
                                                                        "Parallel Aware": false,
                                                                        "Startup Cost": 40003349006.37,
                                                                        "Total Cost": 40003349006.37,
                                                                        "Plan Rows": 1,
                                                                        "Plan Width": 32,
                                                                        "Actual Startup Time": 33652.79,
                                                                        "Actual Total Time": 33652.81,
                                                                        "Actual Rows": 11,
                                                                        "Actual Loops": 1,
                                                                        "Output": [
                                                                            "cc.movie_id",
                                                                            "cc.status_id",
                                                                            "ci.movie_id",
                                                                            "ci.person_id",
                                                                            "ci.person_role_id",
                                                                            "mi.movie_id",
                                                                            "mk.movie_id",
                                                                            "t.id"
                                                                        ],
                                                                        "Hash Buckets": 1024,
                                                                        "Original Hash Buckets": 1024,
                                                                        "Hash Batches": 1,
                                                                        "Original Hash Batches": 1,
                                                                        "Peak Memory Usage": 9,
                                                                        "Plans": [
                                                                            {
                                                                                "Node Type": "Hash Join",
                                                                                "Parent Relationship": "Outer",
                                                                                "Parallel Aware": false,
                                                                                "Join Type": "Inner",
                                                                                "Startup Cost": 40003346380.23,
                                                                                "Total Cost": 40003349006.37,
                                                                                "Plan Rows": 1,
                                                                                "Plan Width": 32,
                                                                                "Actual Startup Time": 33644.408,
                                                                                "Actual Total Time": 33652.801,
                                                                                "Actual Rows": 11,
                                                                                "Actual Loops": 1,
                                                                                "Output": [
                                                                                    "cc.movie_id",
                                                                                    "cc.status_id",
                                                                                    "ci.movie_id",
                                                                                    "ci.person_id",
                                                                                    "ci.person_role_id",
                                                                                    "mi.movie_id",
                                                                                    "mk.movie_id",
                                                                                    "t.id"
                                                                                ],
                                                                                "Inner Unique": false,
                                                                                "Hash Cond": "(k.id = mk.keyword_id)",
                                                                                "Plans": [
                                                                                    {
                                                                                        "Node Type": "Seq Scan",
                                                                                        "Parent Relationship": "Outer",
                                                                                        "Parallel Aware": false,
                                                                                        "Relation Name": "keyword",
                                                                                        "Schema": "public",
                                                                                        "Alias": "k",
                                                                                        "Startup Cost": 10000000000.0,
                                                                                        "Total Cost": 10000002626.12,
                                                                                        "Plan Rows": 1,
                                                                                        "Plan Width": 4,
                                                                                        "Actual Startup Time": 0.039,
                                                                                        "Actual Total Time": 8.409,
                                                                                        "Actual Rows": 1,
                                                                                        "Actual Loops": 1,
                                                                                        "Output": [
                                                                                            "k.id",
                                                                                            "k.keyword",
                                                                                            "k.phonetic_code"
                                                                                        ],
                                                                                        "Filter": "(k.keyword = 'computer-animation'::text)",
                                                                                        "Rows Removed by Filter": 134169
                                                                                    },
                                                                                    {
                                                                                        "Node Type": "Hash",
                                                                                        "Parent Relationship": "Inner",
                                                                                        "Parallel Aware": false,
                                                                                        "Startup Cost": 30003346380.22,
                                                                                        "Total Cost": 30003346380.22,
                                                                                        "Plan Rows": 1,
                                                                                        "Plan Width": 36,
                                                                                        "Actual Startup Time": 33644.361,
                                                                                        "Actual Total Time": 33644.379,
                                                                                        "Actual Rows": 1188,
                                                                                        "Actual Loops": 1,
                                                                                        "Output": [
                                                                                            "cc.movie_id",
                                                                                            "cc.status_id",
                                                                                            "ci.movie_id",
                                                                                            "ci.person_id",
                                                                                            "ci.person_role_id",
                                                                                            "mi.movie_id",
                                                                                            "mk.movie_id",
                                                                                            "mk.keyword_id",
                                                                                            "t.id"
                                                                                        ],
                                                                                        "Hash Buckets": 2048,
                                                                                        "Original Hash Buckets": 1024,
                                                                                        "Hash Batches": 1,
                                                                                        "Original Hash Batches": 1,
                                                                                        "Peak Memory Usage": 95,
                                                                                        "Plans": [
                                                                                            {
                                                                                                "Node Type": "Nested Loop",
                                                                                                "Parent Relationship": "Outer",
                                                                                                "Parallel Aware": false,
                                                                                                "Join Type": "Inner",
                                                                                                "Startup Cost": 30003266127.29,
                                                                                                "Total Cost": 30003346380.22,
                                                                                                "Plan Rows": 1,
                                                                                                "Plan Width": 36,
                                                                                                "Actual Startup Time": 33611.449,
                                                                                                "Actual Total Time": 33643.933,
                                                                                                "Actual Rows": 1188,
                                                                                                "Actual Loops": 1,
                                                                                                "Output": [
                                                                                                    "cc.movie_id",
                                                                                                    "cc.status_id",
                                                                                                    "ci.movie_id",
                                                                                                    "ci.person_id",
                                                                                                    "ci.person_role_id",
                                                                                                    "mi.movie_id",
                                                                                                    "mk.movie_id",
                                                                                                    "mk.keyword_id",
                                                                                                    "t.id"
                                                                                                ],
                                                                                                "Inner Unique": true,
                                                                                                "Plans": [
                                                                                                    {
                                                                                                        "Node Type": "Hash Join",
                                                                                                        "Parent Relationship": "Outer",
                                                                                                        "Parallel Aware": false,
                                                                                                        "Join Type": "Inner",
                                                                                                        "Startup Cost": 20003266127.14,
                                                                                                        "Total Cost": 20003346372.04,
                                                                                                        "Plan Rows": 1,
                                                                                                        "Plan Width": 40,
                                                                                                        "Actual Startup Time": 33611.415,
                                                                                                        "Actual Total Time": 33639.371,
                                                                                                        "Actual Rows": 1188,
                                                                                                        "Actual Loops": 1,
                                                                                                        "Output": [
                                                                                                            "cc.movie_id",
                                                                                                            "cc.status_id",
                                                                                                            "ci.movie_id",
                                                                                                            "ci.person_id",
                                                                                                            "ci.person_role_id",
                                                                                                            "mi.movie_id",
                                                                                                            "mi.info_type_id",
                                                                                                            "mk.movie_id",
                                                                                                            "mk.keyword_id",
                                                                                                            "t.id"
                                                                                                        ],
                                                                                                        "Inner Unique": false,
                                                                                                        "Hash Cond": "(t.id = mi.movie_id)",
                                                                                                        "Plans": [
                                                                                                            {
                                                                                                                "Node Type": "Seq Scan",
                                                                                                                "Parent Relationship": "Outer",
                                                                                                                "Parallel Aware": false,
                                                                                                                "Relation Name": "title",
                                                                                                                "Schema": "public",
                                                                                                                "Alias": "t",
                                                                                                                "Startup Cost": 0.0,
                                                                                                                "Total Cost": 80243.64,
                                                                                                                "Plan Rows": 6,
                                                                                                                "Plan Width": 4,
                                                                                                                "Actual Startup Time": 9.94,
                                                                                                                "Actual Total Time": 243.659,
                                                                                                                "Actual Rows": 3,
                                                                                                                "Actual Loops": 1,
                                                                                                                "Output": [
                                                                                                                    "t.id",
                                                                                                                    "t.title",
                                                                                                                    "t.imdb_index",
                                                                                                                    "t.kind_id",
                                                                                                                    "t.production_year",
                                                                                                                    "t.imdb_id",
                                                                                                                    "t.phonetic_code",
                                                                                                                    "t.episode_of_id",
                                                                                                                    "t.season_nr",
                                                                                                                    "t.episode_nr",
                                                                                                                    "t.series_years",
                                                                                                                    "t.md5sum"
                                                                                                                ],
                                                                                                                "Filter": "((t.production_year >= 2000) AND (t.production_year <= 2009) AND (t.title = 'Shrek 2'::text))",
                                                                                                                "Rows Removed by Filter": 2528309
                                                                                                            },
                                                                                                            {
                                                                                                                "Node Type": "Hash",
                                                                                                                "Parent Relationship": "Inner",
                                                                                                                "Parallel Aware": false,
                                                                                                                "Startup Cost": 20003265952.43,
                                                                                                                "Total Cost": 20003265952.43,
                                                                                                                "Plan Rows": 13977,
                                                                                                                "Plan Width": 36,
                                                                                                                "Actual Startup Time": 33395.429,
                                                                                                                "Actual Total Time": 33395.442,
                                                                                                                "Actual Rows": 305964,
                                                                                                                "Actual Loops": 1,
                                                                                                                "Output": [
                                                                                                                    "cc.movie_id",
                                                                                                                    "cc.status_id",
                                                                                                                    "ci.movie_id",
                                                                                                                    "ci.person_id",
                                                                                                                    "ci.person_role_id",
                                                                                                                    "mi.movie_id",
                                                                                                                    "mi.info_type_id",
                                                                                                                    "mk.movie_id",
                                                                                                                    "mk.keyword_id"
                                                                                                                ],
                                                                                                                "Hash Buckets": 524288,
                                                                                                                "Original Hash Buckets": 16384,
                                                                                                                "Hash Batches": 1,
                                                                                                                "Original Hash Batches": 1,
                                                                                                                "Peak Memory Usage": 24532,
                                                                                                                "Plans": [
                                                                                                                    {
                                                                                                                        "Node Type": "Merge Join",
                                                                                                                        "Parent Relationship": "Outer",
                                                                                                                        "Parallel Aware": false,
                                                                                                                        "Join Type": "Inner",
                                                                                                                        "Startup Cost": 20003265533.12,
                                                                                                                        "Total Cost": 20003265952.43,
                                                                                                                        "Plan Rows": 13977,
                                                                                                                        "Plan Width": 36,
                                                                                                                        "Actual Startup Time": 33297.722,
                                                                                                                        "Actual Total Time": 33347.577,
                                                                                                                        "Actual Rows": 305964,
                                                                                                                        "Actual Loops": 1,
                                                                                                                        "Output": [
                                                                                                                            "cc.movie_id",
                                                                                                                            "cc.status_id",
                                                                                                                            "ci.movie_id",
                                                                                                                            "ci.person_id",
                                                                                                                            "ci.person_role_id",
                                                                                                                            "mi.movie_id",
                                                                                                                            "mi.info_type_id",
                                                                                                                            "mk.movie_id",
                                                                                                                            "mk.keyword_id"
                                                                                                                        ],
                                                                                                                        "Inner Unique": false,
                                                                                                                        "Merge Cond": "(cct1.id = cc.subject_id)",
                                                                                                                        "Plans": [
                                                                                                                            {
                                                                                                                                "Node Type": "Sort",
                                                                                                                                "Parent Relationship": "Outer",
                                                                                                                                "Parallel Aware": false,
                                                                                                                                "Startup Cost": 1.06,
                                                                                                                                "Total Cost": 1.06,
                                                                                                                                "Plan Rows": 1,
                                                                                                                                "Plan Width": 4,
                                                                                                                                "Actual Startup Time": 0.02,
                                                                                                                                "Actual Total Time": 0.022,
                                                                                                                                "Actual Rows": 1,
                                                                                                                                "Actual Loops": 1,
                                                                                                                                "Output": [
                                                                                                                                    "cct1.id"
                                                                                                                                ],
                                                                                                                                "Sort Key": [
                                                                                                                                    "cct1.id"
                                                                                                                                ],
                                                                                                                                "Sort Method": "quicksort",
                                                                                                                                "Sort Space Used": 25,
                                                                                                                                "Sort Space Type": "Memory",
                                                                                                                                "Plans": [
                                                                                                                                    {
                                                                                                                                        "Node Type": "Seq Scan",
                                                                                                                                        "Parent Relationship": "Outer",
                                                                                                                                        "Parallel Aware": false,
                                                                                                                                        "Relation Name": "comp_cast_type",
                                                                                                                                        "Schema": "public",
                                                                                                                                        "Alias": "cct1",
                                                                                                                                        "Startup Cost": 0.0,
                                                                                                                                        "Total Cost": 1.05,
                                                                                                                                        "Plan Rows": 1,
                                                                                                                                        "Plan Width": 4,
                                                                                                                                        "Actual Startup Time": 0.012,
                                                                                                                                        "Actual Total Time": 0.013,
                                                                                                                                        "Actual Rows": 1,
                                                                                                                                        "Actual Loops": 1,
                                                                                                                                        "Output": [
                                                                                                                                            "cct1.id"
                                                                                                                                        ],
                                                                                                                                        "Filter": "((cct1.kind)::text = 'cast'::text)",
                                                                                                                                        "Rows Removed by Filter": 3
                                                                                                                                    }
                                                                                                                                ]
                                                                                                                            },
                                                                                                                            {
                                                                                                                                "Node Type": "Sort",
                                                                                                                                "Parent Relationship": "Inner",
                                                                                                                                "Parallel Aware": false,
                                                                                                                                "Startup Cost": 20003265532.06,
                                                                                                                                "Total Cost": 20003265671.82,
                                                                                                                                "Plan Rows": 55907,
                                                                                                                                "Plan Width": 40,
                                                                                                                                "Actual Startup Time": 33297.693,
                                                                                                                                "Actual Total Time": 33308.93,
                                                                                                                                "Actual Rows": 305965,
                                                                                                                                "Actual Loops": 1,
                                                                                                                                "Output": [
                                                                                                                                    "cc.movie_id",
                                                                                                                                    "cc.subject_id",
                                                                                                                                    "cc.status_id",
                                                                                                                                    "ci.movie_id",
                                                                                                                                    "ci.person_id",
                                                                                                                                    "ci.person_role_id",
                                                                                                                                    "mi.movie_id",
                                                                                                                                    "mi.info_type_id",
                                                                                                                                    "mk.movie_id",
                                                                                                                                    "mk.keyword_id"
                                                                                                                                ],
                                                                                                                                "Sort Key": [
                                                                                                                                    "cc.subject_id"
                                                                                                                                ],
                                                                                                                                "Sort Method": "quicksort",
                                                                                                                                "Sort Space Used": 41149,
                                                                                                                                "Sort Space Type": "Memory",
                                                                                                                                "Plans": [
                                                                                                                                    {
                                                                                                                                        "Node Type": "Hash Join",
                                                                                                                                        "Parent Relationship": "Outer",
                                                                                                                                        "Parallel Aware": false,
                                                                                                                                        "Join Type": "Inner",
                                                                                                                                        "Startup Cost": 20002630994.48,
                                                                                                                                        "Total Cost": 20003261123.58,
                                                                                                                                        "Plan Rows": 55907,
                                                                                                                                        "Plan Width": 40,
                                                                                                                                        "Actual Startup Time": 32387.999,
                                                                                                                                        "Actual Total Time": 33243.31,
                                                                                                                                        "Actual Rows": 369411,
                                                                                                                                        "Actual Loops": 1,
                                                                                                                                        "Output": [
                                                                                                                                            "cc.movie_id",
                                                                                                                                            "cc.subject_id",
                                                                                                                                            "cc.status_id",
                                                                                                                                            "ci.movie_id",
                                                                                                                                            "ci.person_id",
                                                                                                                                            "ci.person_role_id",
                                                                                                                                            "mi.movie_id",
                                                                                                                                            "mi.info_type_id",
                                                                                                                                            "mk.movie_id",
                                                                                                                                            "mk.keyword_id"
                                                                                                                                        ],
                                                                                                                                        "Inner Unique": false,
                                                                                                                                        "Hash Cond": "(mk.movie_id = mi.movie_id)",
                                                                                                                                        "Plans": [
                                                                                                                                            {
                                                                                                                                                "Node Type": "Index Scan",
                                                                                                                                                "Parent Relationship": "Outer",
                                                                                                                                                "Parallel Aware": false,
                                                                                                                                                "Scan Direction": "Forward",
                                                                                                                                                "Index Name": "movie_id_movie_keyword",
                                                                                                                                                "Relation Name": "movie_keyword",
                                                                                                                                                "Schema": "public",
                                                                                                                                                "Alias": "mk",
                                                                                                                                                "Startup Cost": 0.43,
                                                                                                                                                "Total Cost": 177177.46,
                                                                                                                                                "Plan Rows": 4523930,
                                                                                                                                                "Plan Width": 8,
                                                                                                                                                "Actual Startup Time": 0.017,
                                                                                                                                                "Actual Total Time": 506.444,
                                                                                                                                                "Actual Rows": 4523930,
                                                                                                                                                "Actual Loops": 1,
                                                                                                                                                "Output": [
                                                                                                                                                    "mk.id",
                                                                                                                                                    "mk.movie_id",
                                                                                                                                                    "mk.keyword_id"
                                                                                                                                                ]
                                                                                                                                            },
                                                                                                                                            {
                                                                                                                                                "Node Type": "Hash",
                                                                                                                                                "Parent Relationship": "Inner",
                                                                                                                                                "Parallel Aware": false,
                                                                                                                                                "Startup Cost": 20002630936.06,
                                                                                                                                                "Total Cost": 20002630936.06,
                                                                                                                                                "Plan Rows": 4639,
                                                                                                                                                "Plan Width": 32,
                                                                                                                                                "Actual Startup Time": 32386.906,
                                                                                                                                                "Actual Total Time": 32386.914,
                                                                                                                                                "Actual Rows": 7512,
                                                                                                                                                "Actual Loops": 1,
                                                                                                                                                "Output": [
                                                                                                                                                    "cc.movie_id",
                                                                                                                                                    "cc.subject_id",
                                                                                                                                                    "cc.status_id",
                                                                                                                                                    "ci.movie_id",
                                                                                                                                                    "ci.person_id",
                                                                                                                                                    "ci.person_role_id",
                                                                                                                                                    "mi.movie_id",
                                                                                                                                                    "mi.info_type_id"
                                                                                                                                                ],
                                                                                                                                                "Hash Buckets": 8192,
                                                                                                                                                "Original Hash Buckets": 8192,
                                                                                                                                                "Hash Batches": 1,
                                                                                                                                                "Original Hash Batches": 1,
                                                                                                                                                "Peak Memory Usage": 531,
                                                                                                                                                "Plans": [
                                                                                                                                                    {
                                                                                                                                                        "Node Type": "Merge Join",
                                                                                                                                                        "Parent Relationship": "Outer",
                                                                                                                                                        "Parallel Aware": false,
                                                                                                                                                        "Join Type": "Inner",
                                                                                                                                                        "Startup Cost": 20002630599.12,
                                                                                                                                                        "Total Cost": 20002630936.06,
                                                                                                                                                        "Plan Rows": 4639,
                                                                                                                                                        "Plan Width": 32,
                                                                                                                                                        "Actual Startup Time": 32384.616,
                                                                                                                                                        "Actual Total Time": 32385.854,
                                                                                                                                                        "Actual Rows": 7512,
                                                                                                                                                        "Actual Loops": 1,
                                                                                                                                                        "Output": [
                                                                                                                                                            "cc.movie_id",
                                                                                                                                                            "cc.subject_id",
                                                                                                                                                            "cc.status_id",
                                                                                                                                                            "ci.movie_id",
                                                                                                                                                            "ci.person_id",
                                                                                                                                                            "ci.person_role_id",
                                                                                                                                                            "mi.movie_id",
                                                                                                                                                            "mi.info_type_id"
                                                                                                                                                        ],
                                                                                                                                                        "Inner Unique": false,
                                                                                                                                                        "Merge Cond": "(rt.id = ci.role_id)",
                                                                                                                                                        "Plans": [
                                                                                                                                                            {
                                                                                                                                                                "Node Type": "Index Scan",
                                                                                                                                                                "Parent Relationship": "Outer",
                                                                                                                                                                "Parallel Aware": false,
                                                                                                                                                                "Scan Direction": "Forward",
                                                                                                                                                                "Index Name": "role_type_pkey",
                                                                                                                                                                "Relation Name": "role_type",
                                                                                                                                                                "Schema": "public",
                                                                                                                                                                "Alias": "rt",
                                                                                                                                                                "Startup Cost": 0.14,
                                                                                                                                                                "Total Cost": 12.35,
                                                                                                                                                                "Plan Rows": 1,
                                                                                                                                                                "Plan Width": 4,
                                                                                                                                                                "Actual Startup Time": 0.006,
                                                                                                                                                                "Actual Total Time": 0.012,
                                                                                                                                                                "Actual Rows": 1,
                                                                                                                                                                "Actual Loops": 1,
                                                                                                                                                                "Output": [
                                                                                                                                                                    "rt.id",
                                                                                                                                                                    "rt.role"
                                                                                                                                                                ],
                                                                                                                                                                "Filter": "((rt.role)::text = 'actress'::text)",
                                                                                                                                                                "Rows Removed by Filter": 11
                                                                                                                                                            },
                                                                                                                                                            {
                                                                                                                                                                "Node Type": "Sort",
                                                                                                                                                                "Parent Relationship": "Inner",
                                                                                                                                                                "Parallel Aware": false,
                                                                                                                                                                "Startup Cost": 20002630598.98,
                                                                                                                                                                "Total Cost": 20002630738.15,
                                                                                                                                                                "Plan Rows": 55667,
                                                                                                                                                                "Plan Width": 36,
                                                                                                                                                                "Actual Startup Time": 32382.663,
                                                                                                                                                                "Actual Total Time": 32383.711,
                                                                                                                                                                "Actual Rows": 29315,
                                                                                                                                                                "Actual Loops": 1,
                                                                                                                                                                "Output": [
                                                                                                                                                                    "cc.movie_id",
                                                                                                                                                                    "cc.subject_id",
                                                                                                                                                                    "cc.status_id",
                                                                                                                                                                    "ci.movie_id",
                                                                                                                                                                    "ci.person_id",
                                                                                                                                                                    "ci.role_id",
                                                                                                                                                                    "ci.person_role_id",
                                                                                                                                                                    "mi.movie_id",
                                                                                                                                                                    "mi.info_type_id"
                                                                                                                                                                ],
                                                                                                                                                                "Sort Key": [
                                                                                                                                                                    "ci.role_id"
                                                                                                                                                                ],
                                                                                                                                                                "Sort Method": "quicksort",
                                                                                                                                                                "Sort Space Used": 3068,
                                                                                                                                                                "Sort Space Type": "Memory",
                                                                                                                                                                "Plans": [
                                                                                                                                                                    {
                                                                                                                                                                        "Node Type": "Merge Join",
                                                                                                                                                                        "Parent Relationship": "Outer",
                                                                                                                                                                        "Parallel Aware": false,
                                                                                                                                                                        "Join Type": "Inner",
                                                                                                                                                                        "Startup Cost": 20000403162.43,
                                                                                                                                                                        "Total Cost": 20002626211.16,
                                                                                                                                                                        "Plan Rows": 55667,
                                                                                                                                                                        "Plan Width": 36,
                                                                                                                                                                        "Actual Startup Time": 1656.475,
                                                                                                                                                                        "Actual Total Time": 32375.741,
                                                                                                                                                                        "Actual Rows": 29432,
                                                                                                                                                                        "Actual Loops": 1,
                                                                                                                                                                        "Output": [
                                                                                                                                                                            "cc.movie_id",
                                                                                                                                                                            "cc.subject_id",
                                                                                                                                                                            "cc.status_id",
                                                                                                                                                                            "ci.movie_id",
                                                                                                                                                                            "ci.person_id",
                                                                                                                                                                            "ci.role_id",
                                                                                                                                                                            "ci.person_role_id",
                                                                                                                                                                            "mi.movie_id",
                                                                                                                                                                            "mi.info_type_id"
                                                                                                                                                                        ],
                                                                                                                                                                        "Inner Unique": false,
                                                                                                                                                                        "Merge Cond": "(cc.movie_id = mi.movie_id)",
                                                                                                                                                                        "Plans": [
                                                                                                                                                                            {
                                                                                                                                                                                "Node Type": "Sort",
                                                                                                                                                                                "Parent Relationship": "Outer",
                                                                                                                                                                                "Parallel Aware": false,
                                                                                                                                                                                "Startup Cost": 10000013593.56,
                                                                                                                                                                                "Total Cost": 10000013931.28,
                                                                                                                                                                                "Plan Rows": 135086,
                                                                                                                                                                                "Plan Width": 12,
                                                                                                                                                                                "Actual Startup Time": 36.253,
                                                                                                                                                                                "Actual Total Time": 48.979,
                                                                                                                                                                                "Actual Rows": 132428,
                                                                                                                                                                                "Actual Loops": 1,
                                                                                                                                                                                "Output": [
                                                                                                                                                                                    "cc.movie_id",
                                                                                                                                                                                    "cc.subject_id",
                                                                                                                                                                                    "cc.status_id"
                                                                                                                                                                                ],
                                                                                                                                                                                "Sort Key": [
                                                                                                                                                                                    "cc.movie_id"
                                                                                                                                                                                ],
                                                                                                                                                                                "Sort Method": "quicksort",
                                                                                                                                                                                "Sort Space Used": 12477,
                                                                                                                                                                                "Sort Space Type": "Memory",
                                                                                                                                                                                "Plans": [
                                                                                                                                                                                    {
                                                                                                                                                                                        "Node Type": "Seq Scan",
                                                                                                                                                                                        "Parent Relationship": "Outer",
                                                                                                                                                                                        "Parallel Aware": false,
                                                                                                                                                                                        "Relation Name": "complete_cast",
                                                                                                                                                                                        "Schema": "public",
                                                                                                                                                                                        "Alias": "cc",
                                                                                                                                                                                        "Startup Cost": 10000000000.0,
                                                                                                                                                                                        "Total Cost": 10000002081.86,
                                                                                                                                                                                        "Plan Rows": 135086,
                                                                                                                                                                                        "Plan Width": 12,
                                                                                                                                                                                        "Actual Startup Time": 0.01,
                                                                                                                                                                                        "Actual Total Time": 12.879,
                                                                                                                                                                                        "Actual Rows": 135086,
                                                                                                                                                                                        "Actual Loops": 1,
                                                                                                                                                                                        "Output": [
                                                                                                                                                                                            "cc.movie_id",
                                                                                                                                                                                            "cc.subject_id",
                                                                                                                                                                                            "cc.status_id"
                                                                                                                                                                                        ]
                                                                                                                                                                                    }
                                                                                                                                                                                ]
                                                                                                                                                                            },
                                                                                                                                                                            {
                                                                                                                                                                                "Node Type": "Materialize",
                                                                                                                                                                                "Parent Relationship": "Inner",
                                                                                                                                                                                "Parallel Aware": false,
                                                                                                                                                                                "Startup Cost": 10000389568.8,
                                                                                                                                                                                "Total Cost": 10002609579.27,
                                                                                                                                                                                "Plan Rows": 388871,
                                                                                                                                                                                "Plan Width": 24,
                                                                                                                                                                                "Actual Startup Time": 1525.74,
                                                                                                                                                                                "Actual Total Time": 32292.109,
                                                                                                                                                                                "Actual Rows": 238903,
                                                                                                                                                                                "Actual Loops": 1,
                                                                                                                                                                                "Output": [
                                                                                                                                                                                    "ci.movie_id",
                                                                                                                                                                                    "ci.person_id",
                                                                                                                                                                                    "ci.role_id",
                                                                                                                                                                                    "ci.person_role_id",
                                                                                                                                                                                    "mi.movie_id",
                                                                                                                                                                                    "mi.info_type_id"
                                                                                                                                                                                ],
                                                                                                                                                                                "Plans": [
                                                                                                                                                                                    {
                                                                                                                                                                                        "Node Type": "Merge Join",
                                                                                                                                                                                        "Parent Relationship": "Outer",
                                                                                                                                                                                        "Parallel Aware": false,
                                                                                                                                                                                        "Join Type": "Inner",
                                                                                                                                                                                        "Startup Cost": 10000389568.8,
                                                                                                                                                                                        "Total Cost": 10002608607.09,
                                                                                                                                                                                        "Plan Rows": 388871,
                                                                                                                                                                                        "Plan Width": 24,
                                                                                                                                                                                        "Actual Startup Time": 1525.733,
                                                                                                                                                                                        "Actual Total Time": 32235.769,
                                                                                                                                                                                        "Actual Rows": 231042,
                                                                                                                                                                                        "Actual Loops": 1,
                                                                                                                                                                                        "Output": [
                                                                                                                                                                                            "ci.movie_id",
                                                                                                                                                                                            "ci.person_id",
                                                                                                                                                                                            "ci.role_id",
                                                                                                                                                                                            "ci.person_role_id",
                                                                                                                                                                                            "mi.movie_id",
                                                                                                                                                                                            "mi.info_type_id"
                                                                                                                                                                                        ],
                                                                                                                                                                                        "Inner Unique": false,
                                                                                                                                                                                        "Merge Cond": "(ci.movie_id = mi.movie_id)",
                                                                                                                                                                                        "Plans": [
                                                                                                                                                                                            {
                                                                                                                                                                                                "Node Type": "Index Scan",
                                                                                                                                                                                                "Parent Relationship": "Outer",
                                                                                                                                                                                                "Parallel Aware": false,
                                                                                                                                                                                                "Scan Direction": "Forward",
                                                                                                                                                                                                "Index Name": "movie_id_cast_info",
                                                                                                                                                                                                "Relation Name": "cast_info",
                                                                                                                                                                                                "Schema": "public",
                                                                                                                                                                                                "Alias": "ci",
                                                                                                                                                                                                "Startup Cost": 0.56,
                                                                                                                                                                                                "Total Cost": 2210857.6,
                                                                                                                                                                                                "Plan Rows": 799978,
                                                                                                                                                                                                "Plan Width": 16,
                                                                                                                                                                                                "Actual Startup Time": 1.047,
                                                                                                                                                                                                "Actual Total Time": 30565.748,
                                                                                                                                                                                                "Actual Rows": 836701,
                                                                                                                                                                                                "Actual Loops": 1,
                                                                                                                                                                                                "Output": [
                                                                                                                                                                                                    "ci.id",
                                                                                                                                                                                                    "ci.person_id",
                                                                                                                                                                                                    "ci.movie_id",
                                                                                                                                                                                                    "ci.person_role_id",
                                                                                                                                                                                                    "ci.note",
                                                                                                                                                                                                    "ci.nr_order",
                                                                                                                                                                                                    "ci.role_id"
                                                                                                                                                                                                ],
                                                                                                                                                                                                "Filter": "(ci.note = ANY ('{(voice),\"(voice) (uncredited)\",\"(voice: English version)\"}'::text[]))",
                                                                                                                                                                                                "Rows Removed by Filter": 35407643
                                                                                                                                                                                            },
                                                                                                                                                                                            {
                                                                                                                                                                                                "Node Type": "Sort",
                                                                                                                                                                                                "Parent Relationship": "Inner",
                                                                                                                                                                                                "Parallel Aware": false,
                                                                                                                                                                                                "Startup Cost": 10000389568.01,
                                                                                                                                                                                                "Total Cost": 10000390714.81,
                                                                                                                                                                                                "Plan Rows": 458720,
                                                                                                                                                                                                "Plan Width": 8,
                                                                                                                                                                                                "Actual Startup Time": 1523.314,
                                                                                                                                                                                                "Actual Total Time": 1558.194,
                                                                                                                                                                                                "Actual Rows": 584322,
                                                                                                                                                                                                "Actual Loops": 1,
                                                                                                                                                                                                "Output": [
                                                                                                                                                                                                    "mi.movie_id",
                                                                                                                                                                                                    "mi.info_type_id"
                                                                                                                                                                                                ],
                                                                                                                                                                                                "Sort Key": [
                                                                                                                                                                                                    "mi.movie_id"
                                                                                                                                                                                                ],
                                                                                                                                                                                                "Sort Method": "quicksort",
                                                                                                                                                                                                "Sort Space Used": 30461,
                                                                                                                                                                                                "Sort Space Type": "Memory",
                                                                                                                                                                                                "Plans": [
                                                                                                                                                                                                    {
                                                                                                                                                                                                        "Node Type": "Seq Scan",
                                                                                                                                                                                                        "Parent Relationship": "Outer",
                                                                                                                                                                                                        "Parallel Aware": false,
                                                                                                                                                                                                        "Relation Name": "movie_info",
                                                                                                                                                                                                        "Schema": "public",
                                                                                                                                                                                                        "Alias": "mi",
                                                                                                                                                                                                        "Startup Cost": 10000000000.0,
                                                                                                                                                                                                        "Total Cost": 10000346431.69,
                                                                                                                                                                                                        "Plan Rows": 458720,
                                                                                                                                                                                                        "Plan Width": 8,
                                                                                                                                                                                                        "Actual Startup Time": 151.022,
                                                                                                                                                                                                        "Actual Total Time": 1459.669,
                                                                                                                                                                                                        "Actual Rows": 387683,
                                                                                                                                                                                                        "Actual Loops": 1,
                                                                                                                                                                                                        "Output": [
                                                                                                                                                                                                            "mi.movie_id",
                                                                                                                                                                                                            "mi.info_type_id"
                                                                                                                                                                                                        ],
                                                                                                                                                                                                        "Filter": "(mi.info ~~ 'USA:%200%'::text)",
                                                                                                                                                                                                        "Rows Removed by Filter": 14448037
                                                                                                                                                                                                    }
                                                                                                                                                                                                ]
                                                                                                                                                                                            }
                                                                                                                                                                                        ]
                                                                                                                                                                                    }
                                                                                                                                                                                ]
                                                                                                                                                                            }
                                                                                                                                                                        ]
                                                                                                                                                                    }
                                                                                                                                                                ]
                                                                                                                                                            }
                                                                                                                                                        ]
                                                                                                                                                    }
                                                                                                                                                ]
                                                                                                                                            }
                                                                                                                                        ]
                                                                                                                                    }
                                                                                                                                ]
                                                                                                                            }
                                                                                                                        ]
                                                                                                                    }
                                                                                                                ]
                                                                                                            }
                                                                                                        ]
                                                                                                    },
                                                                                                    {
                                                                                                        "Node Type": "Bitmap Heap Scan",
                                                                                                        "Parent Relationship": "Inner",
                                                                                                        "Parallel Aware": false,
                                                                                                        "Relation Name": "info_type",
                                                                                                        "Schema": "public",
                                                                                                        "Alias": "it",
                                                                                                        "Startup Cost": 0.15,
                                                                                                        "Total Cost": 4.17,
                                                                                                        "Plan Rows": 1,
                                                                                                        "Plan Width": 4,
                                                                                                        "Actual Startup Time": 0.002,
                                                                                                        "Actual Total Time": 0.002,
                                                                                                        "Actual Rows": 1,
                                                                                                        "Actual Loops": 1188,
                                                                                                        "Output": [
                                                                                                            "it.id",
                                                                                                            "it.info"
                                                                                                        ],
                                                                                                        "Recheck Cond": "(it.id = mi.info_type_id)",
                                                                                                        "Rows Removed by Index Recheck": 0,
                                                                                                        "Filter": "((it.info)::text = 'release dates'::text)",
                                                                                                        "Rows Removed by Filter": 0,
                                                                                                        "Exact Heap Blocks": 1188,
                                                                                                        "Lossy Heap Blocks": 0,
                                                                                                        "Plans": [
                                                                                                            {
                                                                                                                "Node Type": "Bitmap Index Scan",
                                                                                                                "Parent Relationship": "Outer",
                                                                                                                "Parallel Aware": false,
                                                                                                                "Index Name": "info_type_pkey",
                                                                                                                "Startup Cost": 0.0,
                                                                                                                "Total Cost": 0.15,
                                                                                                                "Plan Rows": 1,
                                                                                                                "Plan Width": 0,
                                                                                                                "Actual Startup Time": 0.001,
                                                                                                                "Actual Total Time": 0.001,
                                                                                                                "Actual Rows": 1,
                                                                                                                "Actual Loops": 1188,
                                                                                                                "Index Cond": "(it.id = mi.info_type_id)"
                                                                                                            }
                                                                                                        ]
                                                                                                    }
                                                                                                ]
                                                                                            }
                                                                                        ]
                                                                                    }
                                                                                ]
                                                                            }
                                                                        ]
                                                                    }
                                                                ]
                                                            }
                                                        ]
                                                    }
                                                ]
                                            },
                                            {
                                                "Node Type": "Materialize",
                                                "Parent Relationship": "Inner",
                                                "Parallel Aware": false,
                                                "Startup Cost": 10000669021.39,
                                                "Total Cost": 10000711977.49,
                                                "Plan Rows": 238,
                                                "Plan Width": 8,
                                                "Actual Startup Time": 3340.632,
                                                "Actual Total Time": 3528.765,
                                                "Actual Rows": 2015,
                                                "Actual Loops": 1,
                                                "Output": [
                                                    "pi.person_id",
                                                    "n.id"
                                                ],
                                                "Plans": [
                                                    {
                                                        "Node Type": "Gather Merge",
                                                        "Parent Relationship": "Outer",
                                                        "Parallel Aware": false,
                                                        "Startup Cost": 10000669021.39,
                                                        "Total Cost": 10000711976.9,
                                                        "Plan Rows": 238,
                                                        "Plan Width": 8,
                                                        "Actual Startup Time": 3340.625,
                                                        "Actual Total Time": 3528.304,
                                                        "Actual Rows": 2001,
                                                        "Actual Loops": 1,
                                                        "Output": [
                                                            "pi.person_id",
                                                            "n.id"
                                                        ],
                                                        "Workers Planned": 4,
                                                        "Workers Launched": 4,
                                                        "Plans": [
                                                            {
                                                                "Node Type": "Nested Loop",
                                                                "Parent Relationship": "Outer",
                                                                "Parallel Aware": false,
                                                                "Join Type": "Inner",
                                                                "Startup Cost": 10000668021.33,
                                                                "Total Cost": 10000710948.49,
                                                                "Plan Rows": 60,
                                                                "Plan Width": 8,
                                                                "Actual Startup Time": 2907.457,
                                                                "Actual Total Time": 3065.662,
                                                                "Actual Rows": 457,
                                                                "Actual Loops": 5,
                                                                "Output": [
                                                                    "pi.person_id",
                                                                    "n.id"
                                                                ],
                                                                "Inner Unique": true,
                                                                "Workers": [
                                                                    {
                                                                        "Worker Number": 0,
                                                                        "Actual Startup Time": 3327.79,
                                                                        "Actual Total Time": 3529.252,
                                                                        "Actual Rows": 393,
                                                                        "Actual Loops": 1
                                                                    },
                                                                    {
                                                                        "Worker Number": 1,
                                                                        "Actual Startup Time": 2851.655,
                                                                        "Actual Total Time": 3000.937,
                                                                        "Actual Rows": 378,
                                                                        "Actual Loops": 1
                                                                    },
                                                                    {
                                                                        "Worker Number": 2,
                                                                        "Actual Startup Time": 3243.127,
                                                                        "Actual Total Time": 3393.824,
                                                                        "Actual Rows": 400,
                                                                        "Actual Loops": 1
                                                                    },
                                                                    {
                                                                        "Worker Number": 3,
                                                                        "Actual Startup Time": 2839.394,
                                                                        "Actual Total Time": 2979.375,
                                                                        "Actual Rows": 414,
                                                                        "Actual Loops": 1
                                                                    }
                                                                ],
                                                                "Plans": [
                                                                    {
                                                                        "Node Type": "Merge Join",
                                                                        "Parent Relationship": "Outer",
                                                                        "Parallel Aware": false,
                                                                        "Join Type": "Inner",
                                                                        "Startup Cost": 668021.18,
                                                                        "Total Cost": 682953.24,
                                                                        "Plan Rows": 6721,
                                                                        "Plan Width": 12,
                                                                        "Actual Startup Time": 2907.038,
                                                                        "Actual Total Time": 3029.494,
                                                                        "Actual Rows": 8701,
                                                                        "Actual Loops": 5,
                                                                        "Output": [
                                                                            "n.id",
                                                                            "pi.person_id",
                                                                            "pi.info_type_id"
                                                                        ],
                                                                        "Inner Unique": false,
                                                                        "Merge Cond": "(n.id = pi.person_id)",
                                                                        "Workers": [
                                                                            {
                                                                                "Worker Number": 0,
                                                                                "Actual Startup Time": 3327.685,
                                                                                "Actual Total Time": 3489.111,
                                                                                "Actual Rows": 7160,
                                                                                "Actual Loops": 1
                                                                            },
                                                                            {
                                                                                "Worker Number": 1,
                                                                                "Actual Startup Time": 2851.285,
                                                                                "Actual Total Time": 2976.456,
                                                                                "Actual Rows": 7030,
                                                                                "Actual Loops": 1
                                                                            },
                                                                            {
                                                                                "Worker Number": 2,
                                                                                "Actual Startup Time": 3242.348,
                                                                                "Actual Total Time": 3366.388,
                                                                                "Actual Rows": 7961,
                                                                                "Actual Loops": 1
                                                                            },
                                                                            {
                                                                                "Worker Number": 3,
                                                                                "Actual Startup Time": 2838.871,
                                                                                "Actual Total Time": 2952.155,
                                                                                "Actual Rows": 7798,
                                                                                "Actual Loops": 1
                                                                            }
                                                                        ],
                                                                        "Plans": [
                                                                            {
                                                                                "Node Type": "Sort",
                                                                                "Parent Relationship": "Outer",
                                                                                "Parallel Aware": false,
                                                                                "Startup Cost": 71865.44,
                                                                                "Total Cost": 71889.07,
                                                                                "Plan Rows": 9452,
                                                                                "Plan Width": 4,
                                                                                "Actual Startup Time": 193.536,
                                                                                "Actual Total Time": 194.417,
                                                                                "Actual Rows": 9393,
                                                                                "Actual Loops": 5,
                                                                                "Output": [
                                                                                    "n.id"
                                                                                ],
                                                                                "Sort Key": [
                                                                                    "n.id"
                                                                                ],
                                                                                "Sort Method": "quicksort",
                                                                                "Sort Space Used": 1611,
                                                                                "Sort Space Type": "Memory",
                                                                                "Workers": [
                                                                                    {
                                                                                        "Worker Number": 0,
                                                                                        "Actual Startup Time": 191.01,
                                                                                        "Actual Total Time": 191.886,
                                                                                        "Actual Rows": 7968,
                                                                                        "Actual Loops": 1
                                                                                    },
                                                                                    {
                                                                                        "Worker Number": 1,
                                                                                        "Actual Startup Time": 190.742,
                                                                                        "Actual Total Time": 191.456,
                                                                                        "Actual Rows": 7668,
                                                                                        "Actual Loops": 1
                                                                                    },
                                                                                    {
                                                                                        "Worker Number": 2,
                                                                                        "Actual Startup Time": 191.044,
                                                                                        "Actual Total Time": 191.802,
                                                                                        "Actual Rows": 8194,
                                                                                        "Actual Loops": 1
                                                                                    },
                                                                                    {
                                                                                        "Worker Number": 3,
                                                                                        "Actual Startup Time": 191.035,
                                                                                        "Actual Total Time": 191.706,
                                                                                        "Actual Rows": 8200,
                                                                                        "Actual Loops": 1
                                                                                    }
                                                                                ],
                                                                                "Plans": [
                                                                                    {
                                                                                        "Node Type": "Seq Scan",
                                                                                        "Parent Relationship": "Outer",
                                                                                        "Parallel Aware": true,
                                                                                        "Relation Name": "name",
                                                                                        "Schema": "public",
                                                                                        "Alias": "n",
                                                                                        "Startup Cost": 0.0,
                                                                                        "Total Cost": 71241.31,
                                                                                        "Plan Rows": 9452,
                                                                                        "Plan Width": 4,
                                                                                        "Actual Startup Time": 82.489,
                                                                                        "Actual Total Time": 190.266,
                                                                                        "Actual Rows": 10002,
                                                                                        "Actual Loops": 5,
                                                                                        "Output": [
                                                                                            "n.id"
                                                                                        ],
                                                                                        "Filter": "((n.name ~~ '%An%'::text) AND ((n.gender)::text = 'f'::text))",
                                                                                        "Rows Removed by Filter": 823496,
                                                                                        "Workers": [
                                                                                            {
                                                                                                "Worker Number": 0,
                                                                                                "Actual Startup Time": 80.051,
                                                                                                "Actual Total Time": 187.711,
                                                                                                "Actual Rows": 7968,
                                                                                                "Actual Loops": 1
                                                                                            },
                                                                                            {
                                                                                                "Worker Number": 1,
                                                                                                "Actual Startup Time": 79.843,
                                                                                                "Actual Total Time": 187.534,
                                                                                                "Actual Rows": 7668,
                                                                                                "Actual Loops": 1
                                                                                            },
                                                                                            {
                                                                                                "Worker Number": 2,
                                                                                                "Actual Startup Time": 80.059,
                                                                                                "Actual Total Time": 187.686,
                                                                                                "Actual Rows": 8194,
                                                                                                "Actual Loops": 1
                                                                                            },
                                                                                            {
                                                                                                "Worker Number": 3,
                                                                                                "Actual Startup Time": 80.039,
                                                                                                "Actual Total Time": 187.637,
                                                                                                "Actual Rows": 8200,
                                                                                                "Actual Loops": 1
                                                                                            }
                                                                                        ]
                                                                                    }
                                                                                ]
                                                                            },
                                                                            {
                                                                                "Node Type": "Sort",
                                                                                "Parent Relationship": "Inner",
                                                                                "Parallel Aware": false,
                                                                                "Startup Cost": 596155.73,
                                                                                "Total Cost": 603564.53,
                                                                                "Plan Rows": 2963519,
                                                                                "Plan Width": 8,
                                                                                "Actual Startup Time": 2550.619,
                                                                                "Actual Total Time": 2688.028,
                                                                                "Actual Rows": 2503523,
                                                                                "Actual Loops": 5,
                                                                                "Output": [
                                                                                    "pi.person_id",
                                                                                    "pi.info_type_id"
                                                                                ],
                                                                                "Sort Key": [
                                                                                    "pi.person_id"
                                                                                ],
                                                                                "Sort Method": "quicksort",
                                                                                "Sort Space Used": 237226,
                                                                                "Sort Space Type": "Memory",
                                                                                "Workers": [
                                                                                    {
                                                                                        "Worker Number": 0,
                                                                                        "Actual Startup Time": 2907.866,
                                                                                        "Actual Total Time": 3087.753,
                                                                                        "Actual Rows": 2540920,
                                                                                        "Actual Loops": 1
                                                                                    },
                                                                                    {
                                                                                        "Worker Number": 1,
                                                                                        "Actual Startup Time": 2511.469,
                                                                                        "Actual Total Time": 2650.317,
                                                                                        "Actual Rows": 2541176,
                                                                                        "Actual Loops": 1
                                                                                    },
                                                                                    {
                                                                                        "Worker Number": 2,
                                                                                        "Actual Startup Time": 2899.298,
                                                                                        "Actual Total Time": 3038.305,
                                                                                        "Actual Rows": 2540467,
                                                                                        "Actual Loops": 1
                                                                                    },
                                                                                    {
                                                                                        "Worker Number": 3,
                                                                                        "Actual Startup Time": 2503.498,
                                                                                        "Actual Total Time": 2628.834,
                                                                                        "Actual Rows": 2541093,
                                                                                        "Actual Loops": 1
                                                                                    }
                                                                                ],
                                                                                "Plans": [
                                                                                    {
                                                                                        "Node Type": "Index Scan",
                                                                                        "Parent Relationship": "Outer",
                                                                                        "Parallel Aware": false,
                                                                                        "Scan Direction": "Forward",
                                                                                        "Index Name": "info_type_id_person_info",
                                                                                        "Relation Name": "person_info",
                                                                                        "Schema": "public",
                                                                                        "Alias": "pi",
                                                                                        "Startup Cost": 0.43,
                                                                                        "Total Cost": 277594.04,
                                                                                        "Plan Rows": 2963519,
                                                                                        "Plan Width": 8,
                                                                                        "Actual Startup Time": 0.136,
                                                                                        "Actual Total Time": 1608.194,
                                                                                        "Actual Rows": 2963664,
                                                                                        "Actual Loops": 5,
                                                                                        "Output": [
                                                                                            "pi.person_id",
                                                                                            "pi.info_type_id"
                                                                                        ],
                                                                                        "Workers": [
                                                                                            {
                                                                                                "Worker Number": 0,
                                                                                                "Actual Startup Time": 0.163,
                                                                                                "Actual Total Time": 1706.46,
                                                                                                "Actual Rows": 2963664,
                                                                                                "Actual Loops": 1
                                                                                            },
                                                                                            {
                                                                                                "Worker Number": 1,
                                                                                                "Actual Startup Time": 0.204,
                                                                                                "Actual Total Time": 1604.278,
                                                                                                "Actual Rows": 2963664,
                                                                                                "Actual Loops": 1
                                                                                            },
                                                                                            {
                                                                                                "Worker Number": 2,
                                                                                                "Actual Startup Time": 0.148,
                                                                                                "Actual Total Time": 1812.362,
                                                                                                "Actual Rows": 2963664,
                                                                                                "Actual Loops": 1
                                                                                            },
                                                                                            {
                                                                                                "Worker Number": 3,
                                                                                                "Actual Startup Time": 0.148,
                                                                                                "Actual Total Time": 1615.945,
                                                                                                "Actual Rows": 2963664,
                                                                                                "Actual Loops": 1
                                                                                            }
                                                                                        ]
                                                                                    }
                                                                                ]
                                                                            }
                                                                        ]
                                                                    },
                                                                    {
                                                                        "Node Type": "Bitmap Heap Scan",
                                                                        "Parent Relationship": "Inner",
                                                                        "Parallel Aware": false,
                                                                        "Relation Name": "info_type",
                                                                        "Schema": "public",
                                                                        "Alias": "it3",
                                                                        "Startup Cost": 0.15,
                                                                        "Total Cost": 4.17,
                                                                        "Plan Rows": 1,
                                                                        "Plan Width": 4,
                                                                        "Actual Startup Time": 0.002,
                                                                        "Actual Total Time": 0.002,
                                                                        "Actual Rows": 0,
                                                                        "Actual Loops": 43507,
                                                                        "Output": [
                                                                            "it3.id",
                                                                            "it3.info"
                                                                        ],
                                                                        "Recheck Cond": "(it3.id = pi.info_type_id)",
                                                                        "Rows Removed by Index Recheck": 0,
                                                                        "Filter": "((it3.info)::text = 'height'::text)",
                                                                        "Rows Removed by Filter": 1,
                                                                        "Exact Heap Blocks": 13558,
                                                                        "Lossy Heap Blocks": 0,
                                                                        "Workers": [
                                                                            {
                                                                                "Worker Number": 0,
                                                                                "Actual Startup Time": 0.003,
                                                                                "Actual Total Time": 0.003,
                                                                                "Actual Rows": 0,
                                                                                "Actual Loops": 7160
                                                                            },
                                                                            {
                                                                                "Worker Number": 1,
                                                                                "Actual Startup Time": 0.002,
                                                                                "Actual Total Time": 0.002,
                                                                                "Actual Rows": 0,
                                                                                "Actual Loops": 7030
                                                                            },
                                                                            {
                                                                                "Worker Number": 2,
                                                                                "Actual Startup Time": 0.002,
                                                                                "Actual Total Time": 0.002,
                                                                                "Actual Rows": 0,
                                                                                "Actual Loops": 7961
                                                                            },
                                                                            {
                                                                                "Worker Number": 3,
                                                                                "Actual Startup Time": 0.002,
                                                                                "Actual Total Time": 0.002,
                                                                                "Actual Rows": 0,
                                                                                "Actual Loops": 7798
                                                                            }
                                                                        ],
                                                                        "Plans": [
                                                                            {
                                                                                "Node Type": "Bitmap Index Scan",
                                                                                "Parent Relationship": "Outer",
                                                                                "Parallel Aware": false,
                                                                                "Index Name": "info_type_pkey",
                                                                                "Startup Cost": 0.0,
                                                                                "Total Cost": 0.15,
                                                                                "Plan Rows": 1,
                                                                                "Plan Width": 0,
                                                                                "Actual Startup Time": 0.001,
                                                                                "Actual Total Time": 0.001,
                                                                                "Actual Rows": 1,
                                                                                "Actual Loops": 43507,
                                                                                "Index Cond": "(it3.id = pi.info_type_id)",
                                                                                "Workers": [
                                                                                    {
                                                                                        "Worker Number": 0,
                                                                                        "Actual Startup Time": 0.002,
                                                                                        "Actual Total Time": 0.002,
                                                                                        "Actual Rows": 1,
                                                                                        "Actual Loops": 7160
                                                                                    },
                                                                                    {
                                                                                        "Worker Number": 1,
                                                                                        "Actual Startup Time": 0.001,
                                                                                        "Actual Total Time": 0.001,
                                                                                        "Actual Rows": 1,
                                                                                        "Actual Loops": 7030
                                                                                    },
                                                                                    {
                                                                                        "Worker Number": 2,
                                                                                        "Actual Startup Time": 0.001,
                                                                                        "Actual Total Time": 0.001,
                                                                                        "Actual Rows": 1,
                                                                                        "Actual Loops": 7961
                                                                                    },
                                                                                    {
                                                                                        "Worker Number": 3,
                                                                                        "Actual Startup Time": 0.001,
                                                                                        "Actual Total Time": 0.001,
                                                                                        "Actual Rows": 1,
                                                                                        "Actual Loops": 7798
                                                                                    }
                                                                                ]
                                                                            }
                                                                        ]
                                                                    }
                                                                ]
                                                            }
                                                        ]
                                                    }
                                                ]
                                            }
                                        ]
                                    },
                                    {
                                        "Node Type": "Index Scan",
                                        "Parent Relationship": "Inner",
                                        "Parallel Aware": false,
                                        "Scan Direction": "Forward",
                                        "Index Name": "char_name_pkey",
                                        "Relation Name": "char_name",
                                        "Schema": "public",
                                        "Alias": "chn",
                                        "Startup Cost": 0.43,
                                        "Total Cost": 0.69,
                                        "Plan Rows": 1,
                                        "Plan Width": 4,
                                        "Actual Startup Time": 0.004,
                                        "Actual Total Time": 0.004,
                                        "Actual Rows": 1,
                                        "Actual Loops": 15,
                                        "Output": [
                                            "chn.id",
                                            "chn.name",
                                            "chn.imdb_index",
                                            "chn.imdb_id",
                                            "chn.name_pcode_nf",
                                            "chn.surname_pcode",
                                            "chn.md5sum"
                                        ],
                                        "Index Cond": "(chn.id = ci.person_role_id)",
                                        "Rows Removed by Index Recheck": 0,
                                        "Filter": "(chn.name = 'Queen'::text)",
                                        "Rows Removed by Filter": 0
                                    }
                                ]
                            }
                        ]
                    }
                ]
            }
        ]
    },
    "Planning Time": 2129.97,
    "Triggers": [],
    "Execution Time": 38820.457
}