[
    {
        "Bao": {
            "Bao prediction": "NaN",
            "Bao recommended hint": "(no hint)"
        }
    },
    {
        "Plan": {
            "Node Type": "Aggregate",
            "Strategy": "Plain",
            "Partial Mode": "Finalize",
            "Parallel Aware": false,
            "Startup Cost": 33116.57,
            "Total Cost": 33116.58,
            "Plan Rows": 1,
            "Plan Width": 8,
            "Actual Startup Time": 87.897,
            "Actual Total Time": 92.708,
            "Actual Rows": 1,
            "Actual Loops": 1,
            "Output": [
                "count(*)"
            ],
            "Plans": [
                {
                    "Node Type": "Gather",
                    "Parent Relationship": "Outer",
                    "Parallel Aware": false,
                    "Startup Cost": 33116.26,
                    "Total Cost": 33116.57,
                    "Plan Rows": 3,
                    "Plan Width": 8,
                    "Actual Startup Time": 87.792,
                    "Actual Total Time": 92.7,
                    "Actual Rows": 4,
                    "Actual Loops": 1,
                    "Output": [
                        "(PARTIAL count(*))"
                    ],
                    "Workers Planned": 3,
                    "Workers Launched": 3,
                    "Single Copy": false,
                    "Plans": [
                        {
                            "Node Type": "Aggregate",
                            "Strategy": "Plain",
                            "Partial Mode": "Partial",
                            "Parent Relationship": "Outer",
                            "Parallel Aware": false,
                            "Startup Cost": 32116.26,
                            "Total Cost": 32116.27,
                            "Plan Rows": 1,
                            "Plan Width": 8,
                            "Actual Startup Time": 79.629,
                            "Actual Total Time": 79.63,
                            "Actual Rows": 1,
                            "Actual Loops": 4,
                            "Output": [
                                "PARTIAL count(*)"
                            ],
                            "Workers": [
                                {
                                    "Worker Number": 0,
                                    "Actual Startup Time": 76.612,
                                    "Actual Total Time": 76.613,
                                    "Actual Rows": 1,
                                    "Actual Loops": 1
                                },
                                {
                                    "Worker Number": 1,
                                    "Actual Startup Time": 77.098,
                                    "Actual Total Time": 77.099,
                                    "Actual Rows": 1,
                                    "Actual Loops": 1
                                },
                                {
                                    "Worker Number": 2,
                                    "Actual Startup Time": 77.286,
                                    "Actual Total Time": 77.287,
                                    "Actual Rows": 1,
                                    "Actual Loops": 1
                                }
                            ],
                            "Plans": [
                                {
                                    "Node Type": "Seq Scan",
                                    "Parent Relationship": "Outer",
                                    "Parallel Aware": true,
                                    "Relation Name": "movie_companies",
                                    "Schema": "public",
                                    "Alias": "mc",
                                    "Startup Cost": 0.0,
                                    "Total Cost": 31414.82,
                                    "Plan Rows": 280575,
                                    "Plan Width": 0,
                                    "Actual Startup Time": 42.36,
                                    "Actual Total Time": 73.799,
                                    "Actual Rows": 138030,
                                    "Actual Loops": 4,
                                    "Output": [
                                        "id",
                                        "movie_id",
                                        "company_id",
                                        "company_type_id",
                                        "note"
                                    ],
                                    "Filter": "((mc.company_id < 21025) AND (mc.company_type_id = 2))",
                                    "Rows Removed by Filter": 514253,
                                    "Workers": [
                                        {
                                            "Worker Number": 0,
                                            "Actual Startup Time": 39.347,
                                            "Actual Total Time": 71.07,
                                            "Actual Rows": 134062,
                                            "Actual Loops": 1
                                        },
                                        {
                                            "Worker Number": 1,
                                            "Actual Startup Time": 39.824,
                                            "Actual Total Time": 71.555,
                                            "Actual Rows": 127680,
                                            "Actual Loops": 1
                                        },
                                        {
                                            "Worker Number": 2,
                                            "Actual Startup Time": 40.016,
                                            "Actual Total Time": 71.765,
                                            "Actual Rows": 126450,
                                            "Actual Loops": 1
                                        }
                                    ]
                                }
                            ]
                        }
                    ]
                }
            ]
        },
        "Planning Time": 183.092,
        "Triggers": [],
        "Execution Time": 92.752
    }
]