[
    {
        "Bao": {
            "Bao prediction": "NaN",
            "Bao recommended hint": "(no hint)"
        }
    },
    {
        "Plan": {
            "Node Type": "Aggregate",
            "Strategy": "Plain",
            "Partial Mode": "Finalize",
            "Parallel Aware": false,
            "Startup Cost": 249471.4,
            "Total Cost": 249471.41,
            "Plan Rows": 1,
            "Plan Width": 8,
            "Actual Startup Time": 795.163,
            "Actual Total Time": 813.839,
            "Actual Rows": 1,
            "Actual Loops": 1,
            "Output": [
                "count(*)"
            ],
            "Plans": [
                {
                    "Node Type": "Gather",
                    "Parent Relationship": "Outer",
                    "Parallel Aware": false,
                    "Startup Cost": 249470.87,
                    "Total Cost": 249471.38,
                    "Plan Rows": 5,
                    "Plan Width": 8,
                    "Actual Startup Time": 792.343,
                    "Actual Total Time": 813.83,
                    "Actual Rows": 6,
                    "Actual Loops": 1,
                    "Output": [
                        "(PARTIAL count(*))"
                    ],
                    "Workers Planned": 5,
                    "Workers Launched": 5,
                    "Single Copy": false,
                    "Plans": [
                        {
                            "Node Type": "Aggregate",
                            "Strategy": "Plain",
                            "Partial Mode": "Partial",
                            "Parent Relationship": "Outer",
                            "Parallel Aware": false,
                            "Startup Cost": 248470.87,
                            "Total Cost": 248470.88,
                            "Plan Rows": 1,
                            "Plan Width": 8,
                            "Actual Startup Time": 782.949,
                            "Actual Total Time": 782.952,
                            "Actual Rows": 1,
                            "Actual Loops": 6,
                            "Output": [
                                "PARTIAL count(*)"
                            ],
                            "Workers": [
                                {
                                    "Worker Number": 0,
                                    "Actual Startup Time": 780.625,
                                    "Actual Total Time": 780.628,
                                    "Actual Rows": 1,
                                    "Actual Loops": 1
                                },
                                {
                                    "Worker Number": 1,
                                    "Actual Startup Time": 781.068,
                                    "Actual Total Time": 781.07,
                                    "Actual Rows": 1,
                                    "Actual Loops": 1
                                },
                                {
                                    "Worker Number": 2,
                                    "Actual Startup Time": 781.143,
                                    "Actual Total Time": 781.145,
                                    "Actual Rows": 1,
                                    "Actual Loops": 1
                                },
                                {
                                    "Worker Number": 3,
                                    "Actual Startup Time": 781.38,
                                    "Actual Total Time": 781.382,
                                    "Actual Rows": 1,
                                    "Actual Loops": 1
                                },
                                {
                                    "Worker Number": 4,
                                    "Actual Startup Time": 781.518,
                                    "Actual Total Time": 781.522,
                                    "Actual Rows": 1,
                                    "Actual Loops": 1
                                }
                            ],
                            "Plans": [
                                {
                                    "Node Type": "Hash Join",
                                    "Parent Relationship": "Outer",
                                    "Parallel Aware": true,
                                    "Join Type": "Inner",
                                    "Startup Cost": 47414.33,
                                    "Total Cost": 246663.96,
                                    "Plan Rows": 722766,
                                    "Plan Width": 0,
                                    "Actual Startup Time": 108.793,
                                    "Actual Total Time": 769.461,
                                    "Actual Rows": 310782,
                                    "Actual Loops": 6,
                                    "Inner Unique": true,
                                    "Hash Cond": "(mi.movie_id = t.id)",
                                    "Workers": [
                                        {
                                            "Worker Number": 0,
                                            "Actual Startup Time": 106.56,
                                            "Actual Total Time": 767.067,
                                            "Actual Rows": 306917,
                                            "Actual Loops": 1
                                        },
                                        {
                                            "Worker Number": 1,
                                            "Actual Startup Time": 106.967,
                                            "Actual Total Time": 767.658,
                                            "Actual Rows": 304538,
                                            "Actual Loops": 1
                                        },
                                        {
                                            "Worker Number": 2,
                                            "Actual Startup Time": 107.043,
                                            "Actual Total Time": 767.649,
                                            "Actual Rows": 305989,
                                            "Actual Loops": 1
                                        },
                                        {
                                            "Worker Number": 3,
                                            "Actual Startup Time": 107.323,
                                            "Actual Total Time": 767.56,
                                            "Actual Rows": 313016,
                                            "Actual Loops": 1
                                        },
                                        {
                                            "Worker Number": 4,
                                            "Actual Startup Time": 107.036,
                                            "Actual Total Time": 769.433,
                                            "Actual Rows": 270036,
                                            "Actual Loops": 1
                                        }
                                    ],
                                    "Plans": [
                                        {
                                            "Node Type": "Seq Scan",
                                            "Parent Relationship": "Outer",
                                            "Parallel Aware": true,
                                            "Relation Name": "movie_info",
                                            "Schema": "public",
                                            "Alias": "mi",
                                            "Startup Cost": 0.0,
                                            "Total Cost": 191503.19,
                                            "Plan Rows": 2951019,
                                            "Plan Width": 4,
                                            "Actual Startup Time": 0.022,
                                            "Actual Total Time": 265.808,
                                            "Actual Rows": 2472620,
                                            "Actual Loops": 6,
                                            "Output": [
                                                "mi.id",
                                                "mi.movie_id",
                                                "mi.info_type_id",
                                                "mi.info",
                                                "mi.note"
                                            ],
                                            "Workers": [
                                                {
                                                    "Worker Number": 0,
                                                    "Actual Startup Time": 0.029,
                                                    "Actual Total Time": 275.678,
                                                    "Actual Rows": 2439316,
                                                    "Actual Loops": 1
                                                },
                                                {
                                                    "Worker Number": 1,
                                                    "Actual Startup Time": 0.018,
                                                    "Actual Total Time": 273.628,
                                                    "Actual Rows": 2423203,
                                                    "Actual Loops": 1
                                                },
                                                {
                                                    "Worker Number": 2,
                                                    "Actual Startup Time": 0.027,
                                                    "Actual Total Time": 274.653,
                                                    "Actual Rows": 2445638,
                                                    "Actual Loops": 1
                                                },
                                                {
                                                    "Worker Number": 3,
                                                    "Actual Startup Time": 0.025,
                                                    "Actual Total Time": 276.173,
                                                    "Actual Rows": 2464400,
                                                    "Actual Loops": 1
                                                },
                                                {
                                                    "Worker Number": 4,
                                                    "Actual Startup Time": 0.023,
                                                    "Actual Total Time": 260.116,
                                                    "Actual Rows": 2129277,
                                                    "Actual Loops": 1
                                                }
                                            ]
                                        },
                                        {
                                            "Node Type": "Hash",
                                            "Parent Relationship": "Inner",
                                            "Parallel Aware": true,
                                            "Startup Cost": 45479.21,
                                            "Total Cost": 45479.21,
                                            "Plan Rows": 154810,
                                            "Plan Width": 4,
                                            "Actual Startup Time": 106.407,
                                            "Actual Total Time": 106.408,
                                            "Actual Rows": 86857,
                                            "Actual Loops": 6,
                                            "Output": [
                                                "t.id"
                                            ],
                                            "Hash Buckets": 1048576,
                                            "Original Hash Buckets": 1048576,
                                            "Hash Batches": 1,
                                            "Original Hash Batches": 1,
                                            "Peak Memory Usage": 28640,
                                            "Workers": [
                                                {
                                                    "Worker Number": 0,
                                                    "Actual Startup Time": 105.734,
                                                    "Actual Total Time": 105.735,
                                                    "Actual Rows": 77522,
                                                    "Actual Loops": 1
                                                },
                                                {
                                                    "Worker Number": 1,
                                                    "Actual Startup Time": 106.172,
                                                    "Actual Total Time": 106.173,
                                                    "Actual Rows": 78752,
                                                    "Actual Loops": 1
                                                },
                                                {
                                                    "Worker Number": 2,
                                                    "Actual Startup Time": 106.198,
                                                    "Actual Total Time": 106.199,
                                                    "Actual Rows": 79238,
                                                    "Actual Loops": 1
                                                },
                                                {
                                                    "Worker Number": 3,
                                                    "Actual Startup Time": 106.517,
                                                    "Actual Total Time": 106.518,
                                                    "Actual Rows": 79315,
                                                    "Actual Loops": 1
                                                },
                                                {
                                                    "Worker Number": 4,
                                                    "Actual Startup Time": 106.137,
                                                    "Actual Total Time": 106.138,
                                                    "Actual Rows": 67516,
                                                    "Actual Loops": 1
                                                }
                                            ],
                                            "Plans": [
                                                {
                                                    "Node Type": "Seq Scan",
                                                    "Parent Relationship": "Outer",
                                                    "Parallel Aware": true,
                                                    "Relation Name": "title",
                                                    "Schema": "public",
                                                    "Alias": "t",
                                                    "Startup Cost": 0.0,
                                                    "Total Cost": 45479.21,
                                                    "Plan Rows": 154810,
                                                    "Plan Width": 4,
                                                    "Actual Startup Time": 0.04,
                                                    "Actual Total Time": 71.9,
                                                    "Actual Rows": 86857,
                                                    "Actual Loops": 6,
                                                    "Output": [
                                                        "t.id"
                                                    ],
                                                    "Filter": "((t.production_year < 2000) AND (t.kind_id = 7))",
                                                    "Rows Removed by Filter": 334528,
                                                    "Workers": [
                                                        {
                                                            "Worker Number": 0,
                                                            "Actual Startup Time": 0.047,
                                                            "Actual Total Time": 71.976,
                                                            "Actual Rows": 77522,
                                                            "Actual Loops": 1
                                                        },
                                                        {
                                                            "Worker Number": 1,
                                                            "Actual Startup Time": 0.048,
                                                            "Actual Total Time": 73.381,
                                                            "Actual Rows": 78752,
                                                            "Actual Loops": 1
                                                        },
                                                        {
                                                            "Worker Number": 2,
                                                            "Actual Startup Time": 0.04,
                                                            "Actual Total Time": 73.137,
                                                            "Actual Rows": 79238,
                                                            "Actual Loops": 1
                                                        },
                                                        {
                                                            "Worker Number": 3,
                                                            "Actual Startup Time": 0.047,
                                                            "Actual Total Time": 73.525,
                                                            "Actual Rows": 79315,
                                                            "Actual Loops": 1
                                                        },
                                                        {
                                                            "Worker Number": 4,
                                                            "Actual Startup Time": 0.045,
                                                            "Actual Total Time": 70.94,
                                                            "Actual Rows": 67516,
                                                            "Actual Loops": 1
                                                        }
                                                    ]
                                                }
                                            ]
                                        }
                                    ]
                                }
                            ]
                        }
                    ]
                }
            ]
        },
        "Planning Time": 198.733,
        "Triggers": [],
        "Execution Time": 813.892
    }
]