[
  {
    "Plan": {
      "Node Type": "Aggregate",
      "Strategy": "Plain",
      "Partial Mode": "Finalize",
      "Parallel Aware": false,
      "Startup Cost": 83658.68,
      "Total Cost": 83658.69,
      "Plan Rows": 1,
      "Plan Width": 8,
      "Actual Startup Time": 221.552,
      "Actual Total Time": 242.879,
      "Actual Rows": 1,
      "Actual Loops": 1,
      "Plans": [
        {
          "Node Type": "Gather",
          "Parent Relationship": "Outer",
          "Parallel Aware": false,
          "Startup Cost": 83658.37,
          "Total Cost": 83658.68,
          "Plan Rows": 3,
          "Plan Width": 8,
          "Actual Startup Time": 221.18,
          "Actual Total Time": 242.87,
          "Actual Rows": 4,
          "Actual Loops": 1,
          "Workers Planned": 3,
          "Workers Launched": 3,
          "Single Copy": false,
          "Plans": [
            {
              "Node Type": "Aggregate",
              "Strategy": "Plain",
              "Partial Mode": "Partial",
              "Parent Relationship": "Outer",
              "Parallel Aware": false,
              "Startup Cost": 82658.37,
              "Total Cost": 82658.38,
              "Plan Rows": 1,
              "Plan Width": 8,
              "Actual Startup Time": 215.553,
              "Actual Total Time": 215.557,
              "Actual Rows": 1,
              "Actual Loops": 4,
              "Plans": [
                {
                  "Node Type": "Nested Loop",
                  "Parent Relationship": "Outer",
                  "Parallel Aware": false,
                  "Join Type": "Inner",
                  "Startup Cost": 45633.14,
                  "Total Cost": 82648.13,
                  "Plan Rows": 4095,
                  "Plan Width": 0,
                  "Actual Startup Time": 143.029,
                  "Actual Total Time": 215.149,
                  "Actual Rows": 7968,
                  "Actual Loops": 4,
                  "Inner Unique": false,
                  "Join Filter": "(t.id = mk.movie_id)",
                  "Rows Removed by Join Filter": 0,
                  "Plans": [
                    {
                      "Node Type": "Hash Join",
                      "Parent Relationship": "Outer",
                      "Parallel Aware": true,
                      "Join Type": "Inner",
                      "Startup Cost": 45632.71,
                      "Total Cost": 77357.53,
                      "Plan Rows": 2289,
                      "Plan Width": 8,
                      "Actual Startup Time": 142.823,
                      "Actual Total Time": 200.455,
                      "Actual Rows": 1838,
                      "Actual Loops": 4,
                      "Inner Unique": true,
                      "Hash Cond": "(mc.movie_id = t.id)",
                      "Plans": [
                        {
                          "Node Type": "Seq Scan",
                          "Parent Relationship": "Outer",
                          "Parallel Aware": true,
                          "Relation Name": "movie_companies",
                          "Alias": "mc",
                          "Startup Cost": 0.0,
                          "Total Cost": 31414.82,
                          "Plan Rows": 118094,
                          "Plan Width": 4,
                          "Actual Startup Time": 32.245,
                          "Actual Total Time": 68.935,
                          "Actual Rows": 167683,
                          "Actual Loops": 4,
                          "Filter": "((company_id > 44170) AND (company_type_id > 1))",
                          "Rows Removed by Filter": 484599
                        },
                        {
                          "Node Type": "Hash",
                          "Parent Relationship": "Inner",
                          "Parallel Aware": true,
                          "Startup Cost": 45479.59,
                          "Total Cost": 45479.59,
                          "Plan Rows": 12250,
                          "Plan Width": 4,
                          "Actual Startup Time": 109.163,
                          "Actual Total Time": 109.164,
                          "Actual Rows": 13484,
                          "Actual Loops": 4,
                          "Hash Buckets": 65536,
                          "Original Hash Buckets": 65536,
                          "Hash Batches": 1,
                          "Original Hash Batches": 1,
                          "Peak Memory Usage": 2656,
                          "Plans": [
                            {
                              "Node Type": "Seq Scan",
                              "Parent Relationship": "Outer",
                              "Parallel Aware": true,
                              "Relation Name": "title",
                              "Alias": "t",
                              "Startup Cost": 0.0,
                              "Total Cost": 45479.59,
                              "Plan Rows": 12250,
                              "Plan Width": 4,
                              "Actual Startup Time": 0.04,
                              "Actual Total Time": 102.816,
                              "Actual Rows": 13484,
                              "Actual Loops": 4,
                              "Filter": "((kind_id > 2) AND (production_year = 2003))",
                              "Rows Removed by Filter": 618594
                            }
                          ]
                        }
                      ]
                    },
                    {
                      "Node Type": "Index Only Scan",
                      "Parent Relationship": "Inner",
                      "Parallel Aware": false,
                      "Scan Direction": "Forward",
                      "Index Name": "movie_id_movie_keyword",
                      "Relation Name": "movie_keyword",
                      "Alias": "mk",
                      "Startup Cost": 0.43,
                      "Total Cost": 1.74,
                      "Plan Rows": 46,
                      "Plan Width": 4,
                      "Actual Startup Time": 0.007,
                      "Actual Total Time": 0.007,
                      "Actual Rows": 4,
                      "Actual Loops": 7353,
                      "Index Cond": "(movie_id = mc.movie_id)",
                      "Rows Removed by Index Recheck": 0,
                      "Heap Fetches": 31874
                    }
                  ]
                }
              ]
            }
          ]
        }
      ]
    },
    "Planning Time": 1.488,
    "Triggers": [],
    "Execution Time": 242.963
  }
]