[
  {
    "Plan": {
      "Node Type": "Aggregate",
      "Strategy": "Plain",
      "Partial Mode": "Finalize",
      "Parallel Aware": false,
      "Startup Cost": 46133.83,
      "Total Cost": 46133.84,
      "Plan Rows": 1,
      "Plan Width": 8,
      "Actual Startup Time": 161.47,
      "Actual Total Time": 170.9,
      "Actual Rows": 1,
      "Actual Loops": 1,
      "Plans": [
        {
          "Node Type": "Gather",
          "Parent Relationship": "Outer",
          "Parallel Aware": false,
          "Startup Cost": 46133.51,
          "Total Cost": 46133.82,
          "Plan Rows": 3,
          "Plan Width": 8,
          "Actual Startup Time": 161.351,
          "Actual Total Time": 170.89,
          "Actual Rows": 4,
          "Actual Loops": 1,
          "Workers Planned": 3,
          "Workers Launched": 3,
          "Single Copy": false,
          "Plans": [
            {
              "Node Type": "Aggregate",
              "Strategy": "Plain",
              "Partial Mode": "Partial",
              "Parent Relationship": "Outer",
              "Parallel Aware": false,
              "Startup Cost": 45133.51,
              "Total Cost": 45133.52,
              "Plan Rows": 1,
              "Plan Width": 8,
              "Actual Startup Time": 152.769,
              "Actual Total Time": 152.77,
              "Actual Rows": 1,
              "Actual Loops": 4,
              "Plans": [
                {
                  "Node Type": "Seq Scan",
                  "Parent Relationship": "Outer",
                  "Parallel Aware": true,
                  "Relation Name": "movie_keyword",
                  "Alias": "mk",
                  "Startup Cost": 0.0,
                  "Total Cost": 42695.65,
                  "Plan Rows": 975144,
                  "Plan Width": 0,
                  "Actual Startup Time": 0.063,
                  "Actual Total Time": 119.389,
                  "Actual Rows": 752836,
                  "Actual Loops": 4,
                  "Filter": "(keyword_id < 10712)",
                  "Rows Removed by Filter": 378146
                }
              ]
            }
          ]
        }
      ]
    },
    "Planning Time": 0.192,
    "Triggers": [],
    "Execution Time": 170.958
  }
]