[
  {
    "Plan": {
      "Node Type": "Aggregate",
      "Strategy": "Plain",
      "Partial Mode": "Finalize",
      "Parallel Aware": false,
      "Startup Cost": 386218.04,
      "Total Cost": 386218.05,
      "Plan Rows": 1,
      "Plan Width": 8,
      "Actual Startup Time": 2441.806,
      "Actual Total Time": 2503.963,
      "Actual Rows": 1,
      "Actual Loops": 1,
      "Plans": [
        {
          "Node Type": "Gather",
          "Parent Relationship": "Outer",
          "Parallel Aware": false,
          "Startup Cost": 386217.41,
          "Total Cost": 386218.02,
          "Plan Rows": 6,
          "Plan Width": 8,
          "Actual Startup Time": 2431.836,
          "Actual Total Time": 2503.939,
          "Actual Rows": 7,
          "Actual Loops": 1,
          "Workers Planned": 6,
          "Workers Launched": 6,
          "Single Copy": false,
          "Plans": [
            {
              "Node Type": "Aggregate",
              "Strategy": "Plain",
              "Partial Mode": "Partial",
              "Parent Relationship": "Outer",
              "Parallel Aware": false,
              "Startup Cost": 385217.41,
              "Total Cost": 385217.42,
              "Plan Rows": 1,
              "Plan Width": 8,
              "Actual Startup Time": 2416.949,
              "Actual Total Time": 2416.951,
              "Actual Rows": 1,
              "Actual Loops": 7,
              "Plans": [
                {
                  "Node Type": "Hash Join",
                  "Parent Relationship": "Outer",
                  "Parallel Aware": true,
                  "Join Type": "Inner",
                  "Startup Cost": 49197.15,
                  "Total Cost": 378113.95,
                  "Plan Rows": 2841386,
                  "Plan Width": 0,
                  "Actual Startup Time": 169.187,
                  "Actual Total Time": 2297.179,
                  "Actual Rows": 2686301,
                  "Actual Loops": 7,
                  "Inner Unique": true,
                  "Hash Cond": "(ci.movie_id = t.id)",
                  "Plans": [
                    {
                      "Node Type": "Seq Scan",
                      "Parent Relationship": "Outer",
                      "Parallel Aware": true,
                      "Relation Name": "cast_info",
                      "Alias": "ci",
                      "Startup Cost": 0.0,
                      "Total Cost": 313067.02,
                      "Plan Rows": 6038002,
                      "Plan Width": 4,
                      "Actual Startup Time": 0.026,
                      "Actual Total Time": 516.586,
                      "Actual Rows": 5177763,
                      "Actual Loops": 7
                    },
                    {
                      "Node Type": "Hash",
                      "Parent Relationship": "Inner",
                      "Parallel Aware": true,
                      "Startup Cost": 45479.1,
                      "Total Cost": 45479.1,
                      "Plan Rows": 297444,
                      "Plan Width": 4,
                      "Actual Startup Time": 164.25,
                      "Actual Total Time": 164.25,
                      "Actual Rows": 182383,
                      "Actual Loops": 7,
                      "Hash Buckets": 2097152,
                      "Original Hash Buckets": 2097152,
                      "Hash Batches": 1,
                      "Original Hash Batches": 1,
                      "Peak Memory Usage": 66432,
                      "Plans": [
                        {
                          "Node Type": "Seq Scan",
                          "Parent Relationship": "Outer",
                          "Parallel Aware": true,
                          "Relation Name": "title",
                          "Alias": "t",
                          "Startup Cost": 0.0,
                          "Total Cost": 45479.1,
                          "Plan Rows": 297444,
                          "Plan Width": 4,
                          "Actual Startup Time": 0.049,
                          "Actual Total Time": 77.99,
                          "Actual Rows": 182383,
                          "Actual Loops": 7,
                          "Filter": "((production_year > 1979) AND (kind_id = 7))",
                          "Rows Removed by Filter": 178805
                        }
                      ]
                    }
                  ]
                }
              ]
            }
          ]
        }
      ]
    },
    "Planning Time": 0.597,
    "Triggers": [],
    "Execution Time": 2504.05
  }
]