[
  {
    "Plan": {
      "Node Type": "Aggregate",
      "Strategy": "Plain",
      "Partial Mode": "Finalize",
      "Parallel Aware": false,
      "Startup Cost": 350643.83,
      "Total Cost": 350643.84,
      "Plan Rows": 1,
      "Plan Width": 8,
      "Actual Startup Time": 829.028,
      "Actual Total Time": 874.938,
      "Actual Rows": 1,
      "Actual Loops": 1,
      "Plans": [
        {
          "Node Type": "Gather",
          "Parent Relationship": "Outer",
          "Parallel Aware": false,
          "Startup Cost": 350643.21,
          "Total Cost": 350643.82,
          "Plan Rows": 6,
          "Plan Width": 8,
          "Actual Startup Time": 828.818,
          "Actual Total Time": 874.925,
          "Actual Rows": 7,
          "Actual Loops": 1,
          "Workers Planned": 6,
          "Workers Launched": 6,
          "Single Copy": false,
          "Plans": [
            {
              "Node Type": "Aggregate",
              "Strategy": "Plain",
              "Partial Mode": "Partial",
              "Parent Relationship": "Outer",
              "Parallel Aware": false,
              "Startup Cost": 349643.21,
              "Total Cost": 349643.22,
              "Plan Rows": 1,
              "Plan Width": 8,
              "Actual Startup Time": 821.327,
              "Actual Total Time": 821.329,
              "Actual Rows": 1,
              "Actual Loops": 7,
              "Plans": [
                {
                  "Node Type": "Seq Scan",
                  "Parent Relationship": "Outer",
                  "Parallel Aware": true,
                  "Relation Name": "cast_info",
                  "Alias": "ci",
                  "Startup Cost": 0.0,
                  "Total Cost": 343316.27,
                  "Plan Rows": 2530774,
                  "Plan Width": 0,
                  "Actual Startup Time": 256.779,
                  "Actual Total Time": 734.48,
                  "Actual Rows": 1550004,
                  "Actual Loops": 7,
                  "Filter": "((person_id < 2408456) AND (role_id > 1))",
                  "Rows Removed by Filter": 3627759
                }
              ]
            }
          ]
        }
      ]
    },
    "Planning Time": 0.204,
    "Triggers": [],
    "Execution Time": 875.007
  }
]