[
  {
    "Plan": {
      "Node Type": "Aggregate",
      "Strategy": "Plain",
      "Partial Mode": "Finalize",
      "Parallel Aware": false,
      "Startup Cost": 31689.32,
      "Total Cost": 31689.33,
      "Plan Rows": 1,
      "Plan Width": 8,
      "Actual Startup Time": 113.897,
      "Actual Total Time": 120.175,
      "Actual Rows": 1,
      "Actual Loops": 1,
      "Plans": [
        {
          "Node Type": "Gather",
          "Parent Relationship": "Outer",
          "Parallel Aware": false,
          "Startup Cost": 31689.0,
          "Total Cost": 31689.31,
          "Plan Rows": 3,
          "Plan Width": 8,
          "Actual Startup Time": 113.764,
          "Actual Total Time": 120.167,
          "Actual Rows": 4,
          "Actual Loops": 1,
          "Workers Planned": 3,
          "Workers Launched": 3,
          "Single Copy": false,
          "Plans": [
            {
              "Node Type": "Aggregate",
              "Strategy": "Plain",
              "Partial Mode": "Partial",
              "Parent Relationship": "Outer",
              "Parallel Aware": false,
              "Startup Cost": 30689.0,
              "Total Cost": 30689.01,
              "Plan Rows": 1,
              "Plan Width": 8,
              "Actual Startup Time": 105.609,
              "Actual Total Time": 105.61,
              "Actual Rows": 1,
              "Actual Loops": 4,
              "Plans": [
                {
                  "Node Type": "Seq Scan",
                  "Parent Relationship": "Outer",
                  "Parallel Aware": true,
                  "Relation Name": "movie_companies",
                  "Alias": "mc",
                  "Startup Cost": 0.0,
                  "Total Cost": 29310.68,
                  "Plan Rows": 551328,
                  "Plan Width": 0,
                  "Actual Startup Time": 2.177,
                  "Actual Total Time": 85.704,
                  "Actual Rows": 428288,
                  "Actual Loops": 4,
                  "Filter": "(company_id > 2829)",
                  "Rows Removed by Filter": 223994
                }
              ]
            }
          ]
        }
      ]
    },
    "Planning Time": 0.178,
    "Triggers": [],
    "Execution Time": 120.23
  }
]