[
  {
    "Plan": {
      "Node Type": "Aggregate",
      "Strategy": "Plain",
      "Partial Mode": "Finalize",
      "Parallel Aware": false,
      "Startup Cost": 90954.3,
      "Total Cost": 90954.31,
      "Plan Rows": 1,
      "Plan Width": 8,
      "Actual Startup Time": 263.978,
      "Actual Total Time": 282.335,
      "Actual Rows": 1,
      "Actual Loops": 1,
      "Plans": [
        {
          "Node Type": "Gather",
          "Parent Relationship": "Outer",
          "Parallel Aware": false,
          "Startup Cost": 90953.98,
          "Total Cost": 90954.29,
          "Plan Rows": 3,
          "Plan Width": 8,
          "Actual Startup Time": 263.453,
          "Actual Total Time": 282.327,
          "Actual Rows": 4,
          "Actual Loops": 1,
          "Workers Planned": 3,
          "Workers Launched": 3,
          "Single Copy": false,
          "Plans": [
            {
              "Node Type": "Aggregate",
              "Strategy": "Plain",
              "Partial Mode": "Partial",
              "Parent Relationship": "Outer",
              "Parallel Aware": false,
              "Startup Cost": 89953.98,
              "Total Cost": 89953.99,
              "Plan Rows": 1,
              "Plan Width": 8,
              "Actual Startup Time": 254.568,
              "Actual Total Time": 254.574,
              "Actual Rows": 1,
              "Actual Loops": 4,
              "Plans": [
                {
                  "Node Type": "Hash Join",
                  "Parent Relationship": "Outer",
                  "Parallel Aware": true,
                  "Join Type": "Inner",
                  "Startup Cost": 45725.64,
                  "Total Cost": 89909.75,
                  "Plan Rows": 17693,
                  "Plan Width": 0,
                  "Actual Startup Time": 110.953,
                  "Actual Total Time": 254.314,
                  "Actual Rows": 4878,
                  "Actual Loops": 4,
                  "Inner Unique": true,
                  "Hash Cond": "(mk.movie_id = t.id)",
                  "Plans": [
                    {
                      "Node Type": "Seq Scan",
                      "Parent Relationship": "Outer",
                      "Parallel Aware": true,
                      "Relation Name": "movie_keyword",
                      "Alias": "mk",
                      "Startup Cost": 0.0,
                      "Total Cost": 42695.65,
                      "Plan Rows": 567033,
                      "Plan Width": 4,
                      "Actual Startup Time": 0.521,
                      "Actual Total Time": 107.278,
                      "Actual Rows": 439628,
                      "Actual Loops": 4,
                      "Filter": "(keyword_id > 7877)",
                      "Rows Removed by Filter": 691355
                    },
                    {
                      "Node Type": "Hash",
                      "Parent Relationship": "Inner",
                      "Parallel Aware": true,
                      "Startup Cost": 45479.1,
                      "Total Cost": 45479.1,
                      "Plan Rows": 19723,
                      "Plan Width": 4,
                      "Actual Startup Time": 108.395,
                      "Actual Total Time": 108.399,
                      "Actual Rows": 21278,
                      "Actual Loops": 4,
                      "Hash Buckets": 131072,
                      "Original Hash Buckets": 131072,
                      "Hash Batches": 1,
                      "Original Hash Batches": 1,
                      "Peak Memory Usage": 4384,
                      "Plans": [
                        {
                          "Node Type": "Seq Scan",
                          "Parent Relationship": "Outer",
                          "Parallel Aware": true,
                          "Relation Name": "title",
                          "Alias": "t",
                          "Startup Cost": 0.0,
                          "Total Cost": 45479.1,
                          "Plan Rows": 19723,
                          "Plan Width": 4,
                          "Actual Startup Time": 0.045,
                          "Actual Total Time": 99.187,
                          "Actual Rows": 21278,
                          "Actual Loops": 4,
                          "Filter": "((kind_id > 4) AND (production_year = 2009))",
                          "Rows Removed by Filter": 610800
                        }
                      ]
                    }
                  ]
                }
              ]
            }
          ]
        }
      ]
    },
    "Planning Time": 0.564,
    "Triggers": [],
    "Execution Time": 282.398
  }
]