[
  {
    "Plan": {
      "Node Type": "Aggregate",
      "Strategy": "Plain",
      "Partial Mode": "Finalize",
      "Parallel Aware": false,
      "Startup Cost": 60791.39,
      "Total Cost": 60791.4,
      "Plan Rows": 1,
      "Plan Width": 8,
      "Actual Startup Time": 180.96,
      "Actual Total Time": 195.314,
      "Actual Rows": 1,
      "Actual Loops": 1,
      "Plans": [
        {
          "Node Type": "Gather",
          "Parent Relationship": "Outer",
          "Parallel Aware": false,
          "Startup Cost": 60791.18,
          "Total Cost": 60791.39,
          "Plan Rows": 2,
          "Plan Width": 8,
          "Actual Startup Time": 180.527,
          "Actual Total Time": 195.307,
          "Actual Rows": 3,
          "Actual Loops": 1,
          "Workers Planned": 2,
          "Workers Launched": 2,
          "Single Copy": false,
          "Plans": [
            {
              "Node Type": "Aggregate",
              "Strategy": "Plain",
              "Partial Mode": "Partial",
              "Parent Relationship": "Outer",
              "Parallel Aware": false,
              "Startup Cost": 59791.18,
              "Total Cost": 59791.19,
              "Plan Rows": 1,
              "Plan Width": 8,
              "Actual Startup Time": 175.386,
              "Actual Total Time": 175.39,
              "Actual Rows": 1,
              "Actual Loops": 3,
              "Plans": [
                {
                  "Node Type": "Hash Join",
                  "Parent Relationship": "Outer",
                  "Parallel Aware": true,
                  "Join Type": "Inner",
                  "Startup Cost": 44145.75,
                  "Total Cost": 59776.1,
                  "Plan Rows": 6032,
                  "Plan Width": 0,
                  "Actual Startup Time": 138.883,
                  "Actual Total Time": 175.265,
                  "Actual Rows": 1724,
                  "Actual Loops": 3,
                  "Inner Unique": true,
                  "Hash Cond": "(mi_idx.movie_id = t.id)",
                  "Plans": [
                    {
                      "Node Type": "Seq Scan",
                      "Parent Relationship": "Outer",
                      "Parallel Aware": true,
                      "Relation Name": "movie_info_idx",
                      "Alias": "mi_idx",
                      "Startup Cost": 0.0,
                      "Total Cost": 15122.68,
                      "Plan Rows": 193397,
                      "Plan Width": 4,
                      "Actual Startup Time": 0.014,
                      "Actual Total Time": 40.39,
                      "Actual Rows": 153395,
                      "Actual Loops": 3,
                      "Filter": "(info_type_id > 100)",
                      "Rows Removed by Filter": 306617
                    },
                    {
                      "Node Type": "Hash",
                      "Parent Relationship": "Inner",
                      "Parallel Aware": true,
                      "Startup Cost": 43899.32,
                      "Total Cost": 43899.32,
                      "Plan Rows": 19714,
                      "Plan Width": 4,
                      "Actual Startup Time": 113.138,
                      "Actual Total Time": 113.138,
                      "Actual Rows": 27216,
                      "Actual Loops": 3,
                      "Hash Buckets": 131072,
                      "Original Hash Buckets": 131072,
                      "Hash Batches": 1,
                      "Original Hash Batches": 1,
                      "Peak Memory Usage": 4256,
                      "Plans": [
                        {
                          "Node Type": "Seq Scan",
                          "Parent Relationship": "Outer",
                          "Parallel Aware": true,
                          "Relation Name": "title",
                          "Alias": "t",
                          "Startup Cost": 0.0,
                          "Total Cost": 43899.32,
                          "Plan Rows": 19714,
                          "Plan Width": 4,
                          "Actual Startup Time": 47.048,
                          "Actual Total Time": 104.961,
                          "Actual Rows": 27216,
                          "Actual Loops": 3,
                          "Filter": "(production_year < 1919)",
                          "Rows Removed by Filter": 815555
                        }
                      ]
                    }
                  ]
                }
              ]
            }
          ]
        }
      ]
    },
    "Planning Time": 0.275,
    "Triggers": [],
    "Execution Time": 195.353
  }
]