[
  {
    "Plan": {
      "Node Type": "Aggregate",
      "Strategy": "Plain",
      "Partial Mode": "Finalize",
      "Parallel Aware": false,
      "Startup Cost": 60785.23,
      "Total Cost": 60785.24,
      "Plan Rows": 1,
      "Plan Width": 8,
      "Actual Startup Time": 221.968,
      "Actual Total Time": 235.382,
      "Actual Rows": 1,
      "Actual Loops": 1,
      "Plans": [
        {
          "Node Type": "Gather",
          "Parent Relationship": "Outer",
          "Parallel Aware": false,
          "Startup Cost": 60785.02,
          "Total Cost": 60785.23,
          "Plan Rows": 2,
          "Plan Width": 8,
          "Actual Startup Time": 221.55,
          "Actual Total Time": 235.37,
          "Actual Rows": 3,
          "Actual Loops": 1,
          "Workers Planned": 2,
          "Workers Launched": 2,
          "Single Copy": false,
          "Plans": [
            {
              "Node Type": "Aggregate",
              "Strategy": "Plain",
              "Partial Mode": "Partial",
              "Parent Relationship": "Outer",
              "Parallel Aware": false,
              "Startup Cost": 59785.02,
              "Total Cost": 59785.03,
              "Plan Rows": 1,
              "Plan Width": 8,
              "Actual Startup Time": 213.65,
              "Actual Total Time": 213.654,
              "Actual Rows": 1,
              "Actual Loops": 3,
              "Plans": [
                {
                  "Node Type": "Hash Join",
                  "Parent Relationship": "Outer",
                  "Parallel Aware": true,
                  "Join Type": "Inner",
                  "Startup Cost": 44143.29,
                  "Total Cost": 59770.17,
                  "Plan Rows": 5941,
                  "Plan Width": 0,
                  "Actual Startup Time": 173.127,
                  "Actual Total Time": 213.505,
                  "Actual Rows": 1724,
                  "Actual Loops": 3,
                  "Inner Unique": true,
                  "Hash Cond": "(mi_idx.movie_id = t.id)",
                  "Plans": [
                    {
                      "Node Type": "Seq Scan",
                      "Parent Relationship": "Outer",
                      "Parallel Aware": true,
                      "Relation Name": "movie_info_idx",
                      "Alias": "mi_idx",
                      "Startup Cost": 0.0,
                      "Total Cost": 15122.68,
                      "Plan Rows": 192074,
                      "Plan Width": 4,
                      "Actual Startup Time": 0.026,
                      "Actual Total Time": 44.994,
                      "Actual Rows": 153395,
                      "Actual Loops": 3,
                      "Filter": "(info_type_id > 100)",
                      "Rows Removed by Filter": 306617
                    },
                    {
                      "Node Type": "Hash",
                      "Parent Relationship": "Inner",
                      "Parallel Aware": true,
                      "Startup Cost": 43898.92,
                      "Total Cost": 43898.92,
                      "Plan Rows": 19550,
                      "Plan Width": 4,
                      "Actual Startup Time": 141.859,
                      "Actual Total Time": 141.86,
                      "Actual Rows": 27216,
                      "Actual Loops": 3,
                      "Hash Buckets": 131072,
                      "Original Hash Buckets": 131072,
                      "Hash Batches": 1,
                      "Original Hash Batches": 1,
                      "Peak Memory Usage": 4256,
                      "Plans": [
                        {
                          "Node Type": "Seq Scan",
                          "Parent Relationship": "Outer",
                          "Parallel Aware": true,
                          "Relation Name": "title",
                          "Alias": "t",
                          "Startup Cost": 0.0,
                          "Total Cost": 43898.92,
                          "Plan Rows": 19550,
                          "Plan Width": 4,
                          "Actual Startup Time": 59.168,
                          "Actual Total Time": 127.426,
                          "Actual Rows": 27216,
                          "Actual Loops": 3,
                          "Filter": "(production_year < 1919)",
                          "Rows Removed by Filter": 815555
                        }
                      ]
                    }
                  ]
                }
              ]
            }
          ]
        }
      ]
    },
    "Planning Time": 0.609,
    "Triggers": [],
    "Execution Time": 235.457
  }
]