[
  {
    "Plan": {
      "Node Type": "Aggregate",
      "Strategy": "Plain",
      "Partial Mode": "Finalize",
      "Parallel Aware": false,
      "Startup Cost": 59356.81,
      "Total Cost": 59356.82,
      "Plan Rows": 1,
      "Plan Width": 8,
      "Actual Startup Time": 120.017,
      "Actual Total Time": 135.643,
      "Actual Rows": 1,
      "Actual Loops": 1,
      "Plans": [
        {
          "Node Type": "Gather",
          "Parent Relationship": "Outer",
          "Parallel Aware": false,
          "Startup Cost": 59356.39,
          "Total Cost": 59356.8,
          "Plan Rows": 4,
          "Plan Width": 8,
          "Actual Startup Time": 119.801,
          "Actual Total Time": 135.629,
          "Actual Rows": 5,
          "Actual Loops": 1,
          "Workers Planned": 4,
          "Workers Launched": 4,
          "Single Copy": false,
          "Plans": [
            {
              "Node Type": "Aggregate",
              "Strategy": "Plain",
              "Partial Mode": "Partial",
              "Parent Relationship": "Outer",
              "Parallel Aware": false,
              "Startup Cost": 58356.39,
              "Total Cost": 58356.4,
              "Plan Rows": 1,
              "Plan Width": 8,
              "Actual Startup Time": 110.917,
              "Actual Total Time": 110.919,
              "Actual Rows": 1,
              "Actual Loops": 5,
              "Plans": [
                {
                  "Node Type": "Nested Loop",
                  "Parent Relationship": "Outer",
                  "Parallel Aware": false,
                  "Join Type": "Inner",
                  "Startup Cost": 0.43,
                  "Total Cost": 58349.84,
                  "Plan Rows": 2618,
                  "Plan Width": 0,
                  "Actual Startup Time": 2.562,
                  "Actual Total Time": 110.417,
                  "Actual Rows": 7212,
                  "Actual Loops": 5,
                  "Inner Unique": false,
                  "Plans": [
                    {
                      "Node Type": "Seq Scan",
                      "Parent Relationship": "Outer",
                      "Parallel Aware": true,
                      "Relation Name": "title",
                      "Alias": "t",
                      "Startup Cost": 0.0,
                      "Total Cost": 45479.59,
                      "Plan Rows": 1463,
                      "Plan Width": 4,
                      "Actual Startup Time": 0.97,
                      "Actual Total Time": 91.032,
                      "Actual Rows": 1417,
                      "Actual Loops": 5,
                      "Filter": "((kind_id < 7) AND (production_year = 1983))",
                      "Rows Removed by Filter": 504245
                    },
                    {
                      "Node Type": "Index Only Scan",
                      "Parent Relationship": "Inner",
                      "Parallel Aware": false,
                      "Scan Direction": "Forward",
                      "Index Name": "movie_id_movie_keyword",
                      "Relation Name": "movie_keyword",
                      "Alias": "mk",
                      "Startup Cost": 0.43,
                      "Total Cost": 8.34,
                      "Plan Rows": 46,
                      "Plan Width": 4,
                      "Actual Startup Time": 0.012,
                      "Actual Total Time": 0.013,
                      "Actual Rows": 5,
                      "Actual Loops": 7085,
                      "Index Cond": "(movie_id = t.id)",
                      "Rows Removed by Index Recheck": 0,
                      "Heap Fetches": 36061
                    }
                  ]
                }
              ]
            }
          ]
        }
      ]
    },
    "Planning Time": 0.611,
    "Triggers": [],
    "Execution Time": 135.717
  }
]