[
  {
    "Plan": {
      "Node Type": "Aggregate",
      "Strategy": "Plain",
      "Partial Mode": "Finalize",
      "Parallel Aware": false,
      "Startup Cost": 332456.28,
      "Total Cost": 332456.29,
      "Plan Rows": 1,
      "Plan Width": 8,
      "Actual Startup Time": 684.952,
      "Actual Total Time": 789.351,
      "Actual Rows": 1,
      "Actual Loops": 1,
      "Plans": [
        {
          "Node Type": "Gather",
          "Parent Relationship": "Outer",
          "Parallel Aware": false,
          "Startup Cost": 332455.66,
          "Total Cost": 332456.27,
          "Plan Rows": 6,
          "Plan Width": 8,
          "Actual Startup Time": 684.542,
          "Actual Total Time": 789.316,
          "Actual Rows": 7,
          "Actual Loops": 1,
          "Workers Planned": 6,
          "Workers Launched": 6,
          "Single Copy": false,
          "Plans": [
            {
              "Node Type": "Aggregate",
              "Strategy": "Plain",
              "Partial Mode": "Partial",
              "Parent Relationship": "Outer",
              "Parallel Aware": false,
              "Startup Cost": 331455.66,
              "Total Cost": 331455.67,
              "Plan Rows": 1,
              "Plan Width": 8,
              "Actual Startup Time": 676.755,
              "Actual Total Time": 676.758,
              "Actual Rows": 1,
              "Actual Loops": 7,
              "Plans": [
                {
                  "Node Type": "Seq Scan",
                  "Parent Relationship": "Outer",
                  "Parallel Aware": true,
                  "Relation Name": "cast_info",
                  "Alias": "ci",
                  "Startup Cost": 0.0,
                  "Total Cost": 328211.39,
                  "Plan Rows": 1297706,
                  "Plan Width": 0,
                  "Actual Startup Time": 353.045,
                  "Actual Total Time": 624.138,
                  "Actual Rows": 1106654,
                  "Actual Loops": 7,
                  "Filter": "(person_id > 2902752)",
                  "Rows Removed by Filter": 4071109
                }
              ]
            }
          ]
        }
      ]
    },
    "Planning Time": 0.112,
    "Triggers": [],
    "Execution Time": 789.419
  }
]