[
  {
    "Plan": {
      "Node Type": "Aggregate",
      "Strategy": "Plain",
      "Partial Mode": "Finalize",
      "Parallel Aware": false,
      "Startup Cost": 335141.62,
      "Total Cost": 335141.63,
      "Plan Rows": 1,
      "Plan Width": 8,
      "Actual Startup Time": 777.392,
      "Actual Total Time": 844.458,
      "Actual Rows": 1,
      "Actual Loops": 1,
      "Plans": [
        {
          "Node Type": "Gather",
          "Parent Relationship": "Outer",
          "Parallel Aware": false,
          "Startup Cost": 335141.0,
          "Total Cost": 335141.61,
          "Plan Rows": 6,
          "Plan Width": 8,
          "Actual Startup Time": 777.193,
          "Actual Total Time": 844.445,
          "Actual Rows": 7,
          "Actual Loops": 1,
          "Workers Planned": 6,
          "Workers Launched": 6,
          "Single Copy": false,
          "Plans": [
            {
              "Node Type": "Aggregate",
              "Strategy": "Plain",
              "Partial Mode": "Partial",
              "Parent Relationship": "Outer",
              "Parallel Aware": false,
              "Startup Cost": 334141.0,
              "Total Cost": 334141.01,
              "Plan Rows": 1,
              "Plan Width": 8,
              "Actual Startup Time": 766.377,
              "Actual Total Time": 766.379,
              "Actual Rows": 1,
              "Actual Loops": 7,
              "Plans": [
                {
                  "Node Type": "Seq Scan",
                  "Parent Relationship": "Outer",
                  "Parallel Aware": true,
                  "Relation Name": "cast_info",
                  "Alias": "ci",
                  "Startup Cost": 0.0,
                  "Total Cost": 328211.39,
                  "Plan Rows": 2371842,
                  "Plan Width": 0,
                  "Actual Startup Time": 277.269,
                  "Actual Total Time": 662.818,
                  "Actual Rows": 1991406,
                  "Actual Loops": 7,
                  "Filter": "(person_id > 2272858)",
                  "Rows Removed by Filter": 3186357
                }
              ]
            }
          ]
        }
      ]
    },
    "Planning Time": 0.214,
    "Triggers": [],
    "Execution Time": 844.542
  }
]