[
  {
    "Plan": {
      "Node Type": "Aggregate",
      "Strategy": "Plain",
      "Partial Mode": "Finalize",
      "Parallel Aware": false,
      "Startup Cost": 334754.75,
      "Total Cost": 334754.76,
      "Plan Rows": 1,
      "Plan Width": 8,
      "Actual Startup Time": 669.581,
      "Actual Total Time": 719.746,
      "Actual Rows": 1,
      "Actual Loops": 1,
      "Plans": [
        {
          "Node Type": "Gather",
          "Parent Relationship": "Outer",
          "Parallel Aware": false,
          "Startup Cost": 334754.13,
          "Total Cost": 334754.74,
          "Plan Rows": 6,
          "Plan Width": 8,
          "Actual Startup Time": 669.372,
          "Actual Total Time": 719.734,
          "Actual Rows": 7,
          "Actual Loops": 1,
          "Workers Planned": 6,
          "Workers Launched": 6,
          "Single Copy": false,
          "Plans": [
            {
              "Node Type": "Aggregate",
              "Strategy": "Plain",
              "Partial Mode": "Partial",
              "Parent Relationship": "Outer",
              "Parallel Aware": false,
              "Startup Cost": 333754.13,
              "Total Cost": 333754.14,
              "Plan Rows": 1,
              "Plan Width": 8,
              "Actual Startup Time": 662.098,
              "Actual Total Time": 662.1,
              "Actual Rows": 1,
              "Actual Loops": 7,
              "Plans": [
                {
                  "Node Type": "Seq Scan",
                  "Parent Relationship": "Outer",
                  "Parallel Aware": true,
                  "Relation Name": "cast_info",
                  "Alias": "ci",
                  "Startup Cost": 0.0,
                  "Total Cost": 328211.39,
                  "Plan Rows": 2217094,
                  "Plan Width": 0,
                  "Actual Startup Time": 0.048,
                  "Actual Total Time": 573.261,
                  "Actual Rows": 1916935,
                  "Actual Loops": 7,
                  "Filter": "(person_id < 1322901)",
                  "Rows Removed by Filter": 3260828
                }
              ]
            }
          ]
        }
      ]
    },
    "Planning Time": 0.196,
    "Triggers": [],
    "Execution Time": 719.816
  }
]