[
  {
    "Plan": {
      "Node Type": "Aggregate",
      "Strategy": "Plain",
      "Partial Mode": "Finalize",
      "Parallel Aware": false,
      "Startup Cost": 29393.13,
      "Total Cost": 29393.14,
      "Plan Rows": 1,
      "Plan Width": 8,
      "Actual Startup Time": 83.123,
      "Actual Total Time": 87.327,
      "Actual Rows": 1,
      "Actual Loops": 1,
      "Plans": [
        {
          "Node Type": "Gather",
          "Parent Relationship": "Outer",
          "Parallel Aware": false,
          "Startup Cost": 29392.82,
          "Total Cost": 29393.13,
          "Plan Rows": 3,
          "Plan Width": 8,
          "Actual Startup Time": 82.977,
          "Actual Total Time": 87.319,
          "Actual Rows": 4,
          "Actual Loops": 1,
          "Workers Planned": 3,
          "Workers Launched": 3,
          "Single Copy": false,
          "Plans": [
            {
              "Node Type": "Aggregate",
              "Strategy": "Plain",
              "Partial Mode": "Partial",
              "Parent Relationship": "Outer",
              "Parallel Aware": false,
              "Startup Cost": 28392.82,
              "Total Cost": 28392.83,
              "Plan Rows": 1,
              "Plan Width": 8,
              "Actual Startup Time": 75.823,
              "Actual Total Time": 75.824,
              "Actual Rows": 1,
              "Actual Loops": 4,
              "Plans": [
                {
                  "Node Type": "Bitmap Heap Scan",
                  "Parent Relationship": "Outer",
                  "Parallel Aware": true,
                  "Relation Name": "movie_companies",
                  "Alias": "mc",
                  "Startup Cost": 7721.89,
                  "Total Cost": 28246.07,
                  "Plan Rows": 58700,
                  "Plan Width": 0,
                  "Actual Startup Time": 32.931,
                  "Actual Total Time": 69.887,
                  "Actual Rows": 89920,
                  "Actual Loops": 4,
                  "Recheck Cond": "(company_id > 86998)",
                  "Rows Removed by Index Recheck": 0,
                  "Filter": "(company_type_id > 1)",
                  "Rows Removed by Filter": 0,
                  "Exact Heap Blocks": 3028,
                  "Lossy Heap Blocks": 0,
                  "Plans": [
                    {
                      "Node Type": "Bitmap Index Scan",
                      "Parent Relationship": "Outer",
                      "Parallel Aware": false,
                      "Index Name": "company_id_movie_companies",
                      "Startup Cost": 0.0,
                      "Total Cost": 7676.4,
                      "Plan Rows": 358396,
                      "Plan Width": 0,
                      "Actual Startup Time": 38.343,
                      "Actual Total Time": 38.343,
                      "Actual Rows": 359681,
                      "Actual Loops": 1,
                      "Index Cond": "(company_id > 86998)"
                    }
                  ]
                }
              ]
            }
          ]
        }
      ]
    },
    "Planning Time": 0.179,
    "Triggers": [],
    "Execution Time": 87.39
  }
]