[
    {
        "Bao": {
            "Bao prediction": 1355.802,
            "Bao recommended hint": "SET enable_nestloop TO off; "
        }
    },
    {
        "Plan": {
            "Node Type": "Aggregate",
            "Strategy": "Plain",
            "Partial Mode": "Finalize",
            "Parallel Aware": false,
            "Startup Cost": 562463.7,
            "Total Cost": 562463.71,
            "Plan Rows": 1,
            "Plan Width": 8,
            "Actual Startup Time": 2415.266,
            "Actual Total Time": 2451.249,
            "Actual Rows": 1,
            "Actual Loops": 1,
            "Output": [
                "count(*)"
            ],
            "Plans": [
                {
                    "Node Type": "Gather",
                    "Parent Relationship": "Outer",
                    "Parallel Aware": false,
                    "Startup Cost": 562463.18,
                    "Total Cost": 562463.69,
                    "Plan Rows": 5,
                    "Plan Width": 8,
                    "Actual Startup Time": 2391.593,
                    "Actual Total Time": 2451.235,
                    "Actual Rows": 6,
                    "Actual Loops": 1,
                    "Output": [
                        "(PARTIAL count(*))"
                    ],
                    "Workers Planned": 5,
                    "Workers Launched": 5,
                    "Single Copy": false,
                    "Plans": [
                        {
                            "Node Type": "Aggregate",
                            "Strategy": "Plain",
                            "Partial Mode": "Partial",
                            "Parent Relationship": "Outer",
                            "Parallel Aware": false,
                            "Startup Cost": 561463.18,
                            "Total Cost": 561463.19,
                            "Plan Rows": 1,
                            "Plan Width": 8,
                            "Actual Startup Time": 2370.756,
                            "Actual Total Time": 2370.856,
                            "Actual Rows": 1,
                            "Actual Loops": 6,
                            "Output": [
                                "PARTIAL count(*)"
                            ],
                            "Workers": [
                                {
                                    "Worker Number": 0,
                                    "Actual Startup Time": 2366.114,
                                    "Actual Total Time": 2366.12,
                                    "Actual Rows": 1,
                                    "Actual Loops": 1
                                },
                                {
                                    "Worker Number": 1,
                                    "Actual Startup Time": 2366.152,
                                    "Actual Total Time": 2366.157,
                                    "Actual Rows": 1,
                                    "Actual Loops": 1
                                },
                                {
                                    "Worker Number": 2,
                                    "Actual Startup Time": 2366.239,
                                    "Actual Total Time": 2366.245,
                                    "Actual Rows": 1,
                                    "Actual Loops": 1
                                },
                                {
                                    "Worker Number": 3,
                                    "Actual Startup Time": 2366.212,
                                    "Actual Total Time": 2366.216,
                                    "Actual Rows": 1,
                                    "Actual Loops": 1
                                },
                                {
                                    "Worker Number": 4,
                                    "Actual Startup Time": 2369.133,
                                    "Actual Total Time": 2369.139,
                                    "Actual Rows": 1,
                                    "Actual Loops": 1
                                }
                            ],
                            "Plans": [
                                {
                                    "Node Type": "Hash Join",
                                    "Parent Relationship": "Outer",
                                    "Parallel Aware": true,
                                    "Join Type": "Inner",
                                    "Startup Cost": 395750.43,
                                    "Total Cost": 561044.52,
                                    "Plan Rows": 167461,
                                    "Plan Width": 0,
                                    "Actual Startup Time": 2117.425,
                                    "Actual Total Time": 2325.573,
                                    "Actual Rows": 803792,
                                    "Actual Loops": 6,
                                    "Inner Unique": false,
                                    "Hash Cond": "(mi.movie_id = t.id)",
                                    "Workers": [
                                        {
                                            "Worker Number": 0,
                                            "Actual Startup Time": 2113.376,
                                            "Actual Total Time": 2320.035,
                                            "Actual Rows": 686195,
                                            "Actual Loops": 1
                                        },
                                        {
                                            "Worker Number": 1,
                                            "Actual Startup Time": 2113.313,
                                            "Actual Total Time": 2322.021,
                                            "Actual Rows": 882014,
                                            "Actual Loops": 1
                                        },
                                        {
                                            "Worker Number": 2,
                                            "Actual Startup Time": 2113.211,
                                            "Actual Total Time": 2321.322,
                                            "Actual Rows": 949014,
                                            "Actual Loops": 1
                                        },
                                        {
                                            "Worker Number": 3,
                                            "Actual Startup Time": 2113.381,
                                            "Actual Total Time": 2322.689,
                                            "Actual Rows": 873044,
                                            "Actual Loops": 1
                                        },
                                        {
                                            "Worker Number": 4,
                                            "Actual Startup Time": 2113.512,
                                            "Actual Total Time": 2321.974,
                                            "Actual Rows": 701065,
                                            "Actual Loops": 1
                                        }
                                    ],
                                    "Plans": [
                                        {
                                            "Node Type": "Bitmap Heap Scan",
                                            "Parent Relationship": "Outer",
                                            "Parallel Aware": true,
                                            "Relation Name": "movie_info",
                                            "Schema": "public",
                                            "Alias": "mi",
                                            "Startup Cost": 15659.99,
                                            "Total Cost": 179811.56,
                                            "Plan Rows": 172685,
                                            "Plan Width": 4,
                                            "Actual Startup Time": 41.659,
                                            "Actual Total Time": 80.695,
                                            "Actual Rows": 145371,
                                            "Actual Loops": 6,
                                            "Output": [
                                                "mi.id",
                                                "mi.movie_id",
                                                "mi.info_type_id",
                                                "mi.info",
                                                "mi.note"
                                            ],
                                            "Recheck Cond": "(mi.info_type_id > 97)",
                                            "Rows Removed by Index Recheck": 0,
                                            "Exact Heap Blocks": 5227,
                                            "Lossy Heap Blocks": 0,
                                            "Workers": [
                                                {
                                                    "Worker Number": 0,
                                                    "Actual Startup Time": 41.697,
                                                    "Actual Total Time": 83.429,
                                                    "Actual Rows": 125893,
                                                    "Actual Loops": 1
                                                },
                                                {
                                                    "Worker Number": 1,
                                                    "Actual Startup Time": 41.676,
                                                    "Actual Total Time": 81.713,
                                                    "Actual Rows": 160654,
                                                    "Actual Loops": 1
                                                },
                                                {
                                                    "Worker Number": 2,
                                                    "Actual Startup Time": 41.502,
                                                    "Actual Total Time": 81.688,
                                                    "Actual Rows": 160889,
                                                    "Actual Loops": 1
                                                },
                                                {
                                                    "Worker Number": 3,
                                                    "Actual Startup Time": 41.703,
                                                    "Actual Total Time": 80.918,
                                                    "Actual Rows": 156212,
                                                    "Actual Loops": 1
                                                },
                                                {
                                                    "Worker Number": 4,
                                                    "Actual Startup Time": 41.77,
                                                    "Actual Total Time": 83.275,
                                                    "Actual Rows": 125662,
                                                    "Actual Loops": 1
                                                }
                                            ],
                                            "Plans": [
                                                {
                                                    "Node Type": "Bitmap Index Scan",
                                                    "Parent Relationship": "Outer",
                                                    "Parallel Aware": false,
                                                    "Index Name": "info_type_id_movie_info",
                                                    "Startup Cost": 0.0,
                                                    "Total Cost": 15444.14,
                                                    "Plan Rows": 863427,
                                                    "Plan Width": 0,
                                                    "Actual Startup Time": 36.709,
                                                    "Actual Total Time": 36.71,
                                                    "Actual Rows": 872224,
                                                    "Actual Loops": 1,
                                                    "Index Cond": "(mi.info_type_id > 97)",
                                                    "Workers": [
                                                        {
                                                            "Worker Number": 2,
                                                            "Actual Startup Time": 36.709,
                                                            "Actual Total Time": 36.71,
                                                            "Actual Rows": 872224,
                                                            "Actual Loops": 1
                                                        }
                                                    ]
                                                }
                                            ]
                                        },
                                        {
                                            "Node Type": "Hash",
                                            "Parent Relationship": "Inner",
                                            "Parallel Aware": true,
                                            "Startup Cost": 374982.46,
                                            "Total Cost": 374982.46,
                                            "Plan Rows": 408638,
                                            "Plan Width": 8,
                                            "Actual Startup Time": 2067.682,
                                            "Actual Total Time": 2067.78,
                                            "Actual Rows": 655898,
                                            "Actual Loops": 6,
                                            "Output": [
                                                "t.id",
                                                "ci.movie_id"
                                            ],
                                            "Hash Buckets": 4194304,
                                            "Original Hash Buckets": 4194304,
                                            "Hash Batches": 1,
                                            "Original Hash Batches": 1,
                                            "Peak Memory Usage": 186784,
                                            "Workers": [
                                                {
                                                    "Worker Number": 0,
                                                    "Actual Startup Time": 2071.067,
                                                    "Actual Total Time": 2071.071,
                                                    "Actual Rows": 556598,
                                                    "Actual Loops": 1
                                                },
                                                {
                                                    "Worker Number": 1,
                                                    "Actual Startup Time": 2071.236,
                                                    "Actual Total Time": 2071.239,
                                                    "Actual Rows": 736941,
                                                    "Actual Loops": 1
                                                },
                                                {
                                                    "Worker Number": 2,
                                                    "Actual Startup Time": 2071.269,
                                                    "Actual Total Time": 2071.272,
                                                    "Actual Rows": 743163,
                                                    "Actual Loops": 1
                                                },
                                                {
                                                    "Worker Number": 3,
                                                    "Actual Startup Time": 2071.279,
                                                    "Actual Total Time": 2071.281,
                                                    "Actual Rows": 734052,
                                                    "Actual Loops": 1
                                                },
                                                {
                                                    "Worker Number": 4,
                                                    "Actual Startup Time": 2071.323,
                                                    "Actual Total Time": 2071.327,
                                                    "Actual Rows": 556943,
                                                    "Actual Loops": 1
                                                }
                                            ],
                                            "Plans": [
                                                {
                                                    "Node Type": "Hash Join",
                                                    "Parent Relationship": "Outer",
                                                    "Parallel Aware": true,
                                                    "Join Type": "Inner",
                                                    "Startup Cost": 46013.56,
                                                    "Total Cost": 374982.46,
                                                    "Plan Rows": 408638,
                                                    "Plan Width": 8,
                                                    "Actual Startup Time": 103.944,
                                                    "Actual Total Time": 1802.651,
                                                    "Actual Rows": 655898,
                                                    "Actual Loops": 6,
                                                    "Output": [
                                                        "t.id",
                                                        "ci.movie_id"
                                                    ],
                                                    "Inner Unique": true,
                                                    "Hash Cond": "(ci.movie_id = t.id)",
                                                    "Workers": [
                                                        {
                                                            "Worker Number": 0,
                                                            "Actual Startup Time": 103.981,
                                                            "Actual Total Time": 1811.391,
                                                            "Actual Rows": 556598,
                                                            "Actual Loops": 1
                                                        },
                                                        {
                                                            "Worker Number": 1,
                                                            "Actual Startup Time": 103.96,
                                                            "Actual Total Time": 1795.575,
                                                            "Actual Rows": 736941,
                                                            "Actual Loops": 1
                                                        },
                                                        {
                                                            "Worker Number": 2,
                                                            "Actual Startup Time": 103.92,
                                                            "Actual Total Time": 1796.845,
                                                            "Actual Rows": 743163,
                                                            "Actual Loops": 1
                                                        },
                                                        {
                                                            "Worker Number": 3,
                                                            "Actual Startup Time": 103.93,
                                                            "Actual Total Time": 1795.69,
                                                            "Actual Rows": 734052,
                                                            "Actual Loops": 1
                                                        },
                                                        {
                                                            "Worker Number": 4,
                                                            "Actual Startup Time": 103.897,
                                                            "Actual Total Time": 1811.025,
                                                            "Actual Rows": 556943,
                                                            "Actual Loops": 1
                                                        }
                                                    ],
                                                    "Plans": [
                                                        {
                                                            "Node Type": "Seq Scan",
                                                            "Parent Relationship": "Outer",
                                                            "Parallel Aware": true,
                                                            "Relation Name": "cast_info",
                                                            "Schema": "public",
                                                            "Alias": "ci",
                                                            "Startup Cost": 0.0,
                                                            "Total Cost": 313108.29,
                                                            "Plan Rows": 6042129,
                                                            "Plan Width": 4,
                                                            "Actual Startup Time": 0.017,
                                                            "Actual Total Time": 591.296,
                                                            "Actual Rows": 6040724,
                                                            "Actual Loops": 6,
                                                            "Output": [
                                                                "ci.id",
                                                                "ci.person_id",
                                                                "ci.movie_id",
                                                                "ci.person_role_id",
                                                                "ci.note",
                                                                "ci.nr_order",
                                                                "ci.role_id"
                                                            ],
                                                            "Workers": [
                                                                {
                                                                    "Worker Number": 0,
                                                                    "Actual Startup Time": 0.016,
                                                                    "Actual Total Time": 620.817,
                                                                    "Actual Rows": 5028000,
                                                                    "Actual Loops": 1
                                                                },
                                                                {
                                                                    "Worker Number": 1,
                                                                    "Actual Startup Time": 0.021,
                                                                    "Actual Total Time": 585.167,
                                                                    "Actual Rows": 6835219,
                                                                    "Actual Loops": 1
                                                                },
                                                                {
                                                                    "Worker Number": 2,
                                                                    "Actual Startup Time": 0.017,
                                                                    "Actual Total Time": 589.171,
                                                                    "Actual Rows": 6904806,
                                                                    "Actual Loops": 1
                                                                },
                                                                {
                                                                    "Worker Number": 3,
                                                                    "Actual Startup Time": 0.019,
                                                                    "Actual Total Time": 582.789,
                                                                    "Actual Rows": 6769239,
                                                                    "Actual Loops": 1
                                                                },
                                                                {
                                                                    "Worker Number": 4,
                                                                    "Actual Startup Time": 0.021,
                                                                    "Actual Total Time": 621.855,
                                                                    "Actual Rows": 5065567,
                                                                    "Actual Loops": 1
                                                                }
                                                            ]
                                                        },
                                                        {
                                                            "Node Type": "Hash",
                                                            "Parent Relationship": "Inner",
                                                            "Parallel Aware": true,
                                                            "Startup Cost": 45479.21,
                                                            "Total Cost": 45479.21,
                                                            "Plan Rows": 42748,
                                                            "Plan Width": 4,
                                                            "Actual Startup Time": 103.521,
                                                            "Actual Total Time": 103.522,
                                                            "Actual Rows": 50961,
                                                            "Actual Loops": 6,
                                                            "Output": [
                                                                "t.id"
                                                            ],
                                                            "Hash Buckets": 524288,
                                                            "Original Hash Buckets": 262144,
                                                            "Hash Batches": 1,
                                                            "Original Hash Batches": 1,
                                                            "Peak Memory Usage": 18208,
                                                            "Workers": [
                                                                {
                                                                    "Worker Number": 0,
                                                                    "Actual Startup Time": 103.823,
                                                                    "Actual Total Time": 103.824,
                                                                    "Actual Rows": 40462,
                                                                    "Actual Loops": 1
                                                                },
                                                                {
                                                                    "Worker Number": 1,
                                                                    "Actual Startup Time": 103.817,
                                                                    "Actual Total Time": 103.818,
                                                                    "Actual Rows": 57655,
                                                                    "Actual Loops": 1
                                                                },
                                                                {
                                                                    "Worker Number": 2,
                                                                    "Actual Startup Time": 103.817,
                                                                    "Actual Total Time": 103.818,
                                                                    "Actual Rows": 57785,
                                                                    "Actual Loops": 1
                                                                },
                                                                {
                                                                    "Worker Number": 3,
                                                                    "Actual Startup Time": 103.8,
                                                                    "Actual Total Time": 103.801,
                                                                    "Actual Rows": 57546,
                                                                    "Actual Loops": 1
                                                                },
                                                                {
                                                                    "Worker Number": 4,
                                                                    "Actual Startup Time": 103.808,
                                                                    "Actual Total Time": 103.809,
                                                                    "Actual Rows": 40616,
                                                                    "Actual Loops": 1
                                                                }
                                                            ],
                                                            "Plans": [
                                                                {
                                                                    "Node Type": "Seq Scan",
                                                                    "Parent Relationship": "Outer",
                                                                    "Parallel Aware": true,
                                                                    "Relation Name": "title",
                                                                    "Schema": "public",
                                                                    "Alias": "t",
                                                                    "Startup Cost": 0.0,
                                                                    "Total Cost": 45479.21,
                                                                    "Plan Rows": 42748,
                                                                    "Plan Width": 4,
                                                                    "Actual Startup Time": 51.282,
                                                                    "Actual Total Time": 81.077,
                                                                    "Actual Rows": 50961,
                                                                    "Actual Loops": 6,
                                                                    "Output": [
                                                                        "t.id"
                                                                    ],
                                                                    "Filter": "((t.production_year < 1988) AND (t.kind_id = 1))",
                                                                    "Rows Removed by Filter": 370424,
                                                                    "Workers": [
                                                                        {
                                                                            "Worker Number": 0,
                                                                            "Actual Startup Time": 51.673,
                                                                            "Actual Total Time": 82.06,
                                                                            "Actual Rows": 40462,
                                                                            "Actual Loops": 1
                                                                        },
                                                                        {
                                                                            "Worker Number": 1,
                                                                            "Actual Startup Time": 51.443,
                                                                            "Actual Total Time": 81.126,
                                                                            "Actual Rows": 57655,
                                                                            "Actual Loops": 1
                                                                        },
                                                                        {
                                                                            "Worker Number": 2,
                                                                            "Actual Startup Time": 51.12,
                                                                            "Actual Total Time": 80.965,
                                                                            "Actual Rows": 57785,
                                                                            "Actual Loops": 1
                                                                        },
                                                                        {
                                                                            "Worker Number": 3,
                                                                            "Actual Startup Time": 51.083,
                                                                            "Actual Total Time": 81.133,
                                                                            "Actual Rows": 57546,
                                                                            "Actual Loops": 1
                                                                        },
                                                                        {
                                                                            "Worker Number": 4,
                                                                            "Actual Startup Time": 51.099,
                                                                            "Actual Total Time": 81.964,
                                                                            "Actual Rows": 40616,
                                                                            "Actual Loops": 1
                                                                        }
                                                                    ]
                                                                }
                                                            ]
                                                        }
                                                    ]
                                                }
                                            ]
                                        }
                                    ]
                                }
                            ]
                        }
                    ]
                }
            ]
        },
        "Planning Time": 477.376,
        "Triggers": [],
        "Execution Time": 2451.406
    }
]