{
  "Plan": {
    "Node Type": "Aggregate",
    "Strategy": "Plain",
    "Partial Mode": "Finalize",
    "Parallel Aware": false,
    "Startup Cost": 329165.07,
    "Total Cost": 329165.08,
    "Plan Rows": 1,
    "Plan Width": 8,
    "Actual Startup Time": 1604.199,
    "Actual Total Time": 1653.755,
    "Actual Rows": 1,
    "Actual Loops": 1,
    "Plans": [
      {
        "Node Type": "Gather",
        "Parent Relationship": "Outer",
        "Parallel Aware": false,
        "Startup Cost": 329164.96,
        "Total Cost": 329165.07,
        "Plan Rows": 1,
        "Plan Width": 8,
        "Actual Startup Time": 1603.824,
        "Actual Total Time": 1653.748,
        "Actual Rows": 2,
        "Actual Loops": 1,
        "Workers Planned": 1,
        "Workers Launched": 1,
        "Single Copy": false,
        "Plans": [
          {
            "Node Type": "Aggregate",
            "Strategy": "Plain",
            "Partial Mode": "Partial",
            "Parent Relationship": "Outer",
            "Parallel Aware": false,
            "Startup Cost": 328164.96,
            "Total Cost": 328164.97,
            "Plan Rows": 1,
            "Plan Width": 8,
            "Actual Startup Time": 1598.109,
            "Actual Total Time": 1598.113,
            "Actual Rows": 1,
            "Actual Loops": 2,
            "Plans": [
              {
                "Node Type": "Hash Join",
                "Parent Relationship": "Outer",
                "Parallel Aware": true,
                "Join Type": "Inner",
                "Startup Cost": 55414.9,
                "Total Cost": 327198.39,
                "Plan Rows": 386626,
                "Plan Width": 0,
                "Actual Startup Time": 170.514,
                "Actual Total Time": 1572.988,
                "Actual Rows": 624218,
                "Actual Loops": 2,
                "Inner Unique": true,
                "Hash Cond": "(mi.movie_id = t.id)",
                "Plans": [
                  {
                    "Node Type": "Seq Scan",
                    "Parent Relationship": "Outer",
                    "Parallel Aware": true,
                    "Relation Name": "movie_info",
                    "Alias": "mi",
                    "Startup Cost": 0.0,
                    "Total Cost": 248955.74,
                    "Plan Rows": 8696274,
                    "Plan Width": 4,
                    "Actual Startup Time": 0.009,
                    "Actual Total Time": 613.04,
                    "Actual Rows": 7417860,
                    "Actual Loops": 2
                  },
                  {
                    "Node Type": "Hash",
                    "Parent Relationship": "Inner",
                    "Parallel Aware": true,
                    "Startup Cost": 54588.39,
                    "Total Cost": 54588.39,
                    "Plan Rows": 66121,
                    "Plan Width": 4,
                    "Actual Startup Time": 146.731,
                    "Actual Total Time": 146.732,
                    "Actual Rows": 57658,
                    "Actual Loops": 2,
                    "Hash Buckets": 131072,
                    "Original Hash Buckets": 131072,
                    "Hash Batches": 1,
                    "Original Hash Batches": 1,
                    "Peak Memory Usage": 5568,
                    "Plans": [
                      {
                        "Node Type": "Seq Scan",
                        "Parent Relationship": "Outer",
                        "Parallel Aware": true,
                        "Relation Name": "title",
                        "Alias": "t",
                        "Startup Cost": 0.0,
                        "Total Cost": 54588.39,
                        "Plan Rows": 66121,
                        "Plan Width": 4,
                        "Actual Startup Time": 69.516,
                        "Actual Total Time": 134.943,
                        "Actual Rows": 57658,
                        "Actual Loops": 2,
                        "Filter": "(production_year < 1930)",
                        "Rows Removed by Filter": 1206498
                      }
                    ]
                  }
                ]
              }
            ]
          }
        ]
      }
    ]
  },
  "Planning Time": 0.41,
  "Triggers": [],
  "Execution Time": 1653.835
}