{
    "Plan": {
        "Node Type": "Aggregate",
        "Strategy": "Plain",
        "Partial Mode": "Finalize",
        "Parallel Aware": false,
        "Startup Cost": 415758.91,
        "Total Cost": 415758.92,
        "Plan Rows": 1,
        "Plan Width": 8,
        "Actual Startup Time": 1742.481,
        "Actual Total Time": 1792.209,
        "Actual Rows": 1,
        "Actual Loops": 1,
        "Output": [
            "count(*)"
        ],
        "Plans": [
            {
                "Node Type": "Gather",
                "Parent Relationship": "Outer",
                "Parallel Aware": false,
                "Startup Cost": 415758.28,
                "Total Cost": 415758.89,
                "Plan Rows": 6,
                "Plan Width": 8,
                "Actual Startup Time": 1731.619,
                "Actual Total Time": 1792.199,
                "Actual Rows": 7,
                "Actual Loops": 1,
                "Output": [
                    "(PARTIAL count(*))"
                ],
                "Workers Planned": 6,
                "Workers Launched": 6,
                "Single Copy": false,
                "Plans": [
                    {
                        "Node Type": "Aggregate",
                        "Strategy": "Plain",
                        "Partial Mode": "Partial",
                        "Parent Relationship": "Outer",
                        "Parallel Aware": false,
                        "Startup Cost": 414758.28,
                        "Total Cost": 414758.29,
                        "Plan Rows": 1,
                        "Plan Width": 8,
                        "Actual Startup Time": 1718.307,
                        "Actual Total Time": 1718.313,
                        "Actual Rows": 1,
                        "Actual Loops": 7,
                        "Output": [
                            "PARTIAL count(*)"
                        ],
                        "Workers": [
                            {
                                "Worker Number": 0,
                                "Actual Startup Time": 1716.868,
                                "Actual Total Time": 1716.874,
                                "Actual Rows": 1,
                                "Actual Loops": 1
                            },
                            {
                                "Worker Number": 1,
                                "Actual Startup Time": 1716.719,
                                "Actual Total Time": 1716.725,
                                "Actual Rows": 1,
                                "Actual Loops": 1
                            },
                            {
                                "Worker Number": 2,
                                "Actual Startup Time": 1716.852,
                                "Actual Total Time": 1716.858,
                                "Actual Rows": 1,
                                "Actual Loops": 1
                            },
                            {
                                "Worker Number": 3,
                                "Actual Startup Time": 1716.728,
                                "Actual Total Time": 1716.733,
                                "Actual Rows": 1,
                                "Actual Loops": 1
                            },
                            {
                                "Worker Number": 4,
                                "Actual Startup Time": 1716.663,
                                "Actual Total Time": 1716.667,
                                "Actual Rows": 1,
                                "Actual Loops": 1
                            },
                            {
                                "Worker Number": 5,
                                "Actual Startup Time": 1716.596,
                                "Actual Total Time": 1716.6,
                                "Actual Rows": 1,
                                "Actual Loops": 1
                            }
                        ],
                        "Plans": [
                            {
                                "Node Type": "Hash Join",
                                "Parent Relationship": "Outer",
                                "Parallel Aware": true,
                                "Join Type": "Inner",
                                "Startup Cost": 68644.45,
                                "Total Cost": 412204.09,
                                "Plan Rows": 1021676,
                                "Plan Width": 0,
                                "Actual Startup Time": 530.826,
                                "Actual Total Time": 1632.387,
                                "Actual Rows": 1911925,
                                "Actual Loops": 7,
                                "Inner Unique": false,
                                "Hash Cond": "(ci.movie_id = t.id)",
                                "Workers": [
                                    {
                                        "Worker Number": 0,
                                        "Actual Startup Time": 529.494,
                                        "Actual Total Time": 1638.028,
                                        "Actual Rows": 1952929,
                                        "Actual Loops": 1
                                    },
                                    {
                                        "Worker Number": 1,
                                        "Actual Startup Time": 529.613,
                                        "Actual Total Time": 1623.175,
                                        "Actual Rows": 1483965,
                                        "Actual Loops": 1
                                    },
                                    {
                                        "Worker Number": 2,
                                        "Actual Startup Time": 529.5,
                                        "Actual Total Time": 1638.161,
                                        "Actual Rows": 1963471,
                                        "Actual Loops": 1
                                    },
                                    {
                                        "Worker Number": 3,
                                        "Actual Startup Time": 529.383,
                                        "Actual Total Time": 1637.445,
                                        "Actual Rows": 1976093,
                                        "Actual Loops": 1
                                    },
                                    {
                                        "Worker Number": 4,
                                        "Actual Startup Time": 529.527,
                                        "Actual Total Time": 1632.789,
                                        "Actual Rows": 2158514,
                                        "Actual Loops": 1
                                    },
                                    {
                                        "Worker Number": 5,
                                        "Actual Startup Time": 529.286,
                                        "Actual Total Time": 1632.604,
                                        "Actual Rows": 2170024,
                                        "Actual Loops": 1
                                    }
                                ],
                                "Plans": [
                                    {
                                        "Node Type": "Seq Scan",
                                        "Parent Relationship": "Outer",
                                        "Parallel Aware": true,
                                        "Relation Name": "cast_info",
                                        "Schema": "public",
                                        "Alias": "ci",
                                        "Startup Cost": 0.0,
                                        "Total Cost": 328213.62,
                                        "Plan Rows": 2957078,
                                        "Plan Width": 4,
                                        "Actual Startup Time": 194.236,
                                        "Actual Total Time": 605.089,
                                        "Actual Rows": 2548938,
                                        "Actual Loops": 7,
                                        "Output": [
                                            "ci.id",
                                            "ci.person_id",
                                            "ci.movie_id",
                                            "ci.person_role_id",
                                            "ci.note",
                                            "ci.nr_order",
                                            "ci.role_id"
                                        ],
                                        "Filter": "(ci.person_id > 1829499)",
                                        "Rows Removed by Filter": 2628826,
                                        "Workers": [
                                            {
                                                "Worker Number": 0,
                                                "Actual Startup Time": 194.264,
                                                "Actual Total Time": 602.157,
                                                "Actual Rows": 2602059,
                                                "Actual Loops": 1
                                            },
                                            {
                                                "Worker Number": 1,
                                                "Actual Startup Time": 194.254,
                                                "Actual Total Time": 625.339,
                                                "Actual Rows": 1971832,
                                                "Actual Loops": 1
                                            },
                                            {
                                                "Worker Number": 2,
                                                "Actual Startup Time": 194.175,
                                                "Actual Total Time": 602.803,
                                                "Actual Rows": 2611538,
                                                "Actual Loops": 1
                                            },
                                            {
                                                "Worker Number": 3,
                                                "Actual Startup Time": 194.25,
                                                "Actual Total Time": 605.321,
                                                "Actual Rows": 2630111,
                                                "Actual Loops": 1
                                            },
                                            {
                                                "Worker Number": 4,
                                                "Actual Startup Time": 194.235,
                                                "Actual Total Time": 611.949,
                                                "Actual Rows": 2874935,
                                                "Actual Loops": 1
                                            },
                                            {
                                                "Worker Number": 5,
                                                "Actual Startup Time": 194.245,
                                                "Actual Total Time": 614.658,
                                                "Actual Rows": 2899320,
                                                "Actual Loops": 1
                                            }
                                        ]
                                    },
                                    {
                                        "Node Type": "Hash",
                                        "Parent Relationship": "Inner",
                                        "Parallel Aware": true,
                                        "Startup Cost": 64094.77,
                                        "Total Cost": 64094.77,
                                        "Plan Rows": 363975,
                                        "Plan Width": 8,
                                        "Actual Startup Time": 333.451,
                                        "Actual Total Time": 333.454,
                                        "Actual Rows": 115780,
                                        "Actual Loops": 7,
                                        "Output": [
                                            "t.id",
                                            "mi_idx.movie_id"
                                        ],
                                        "Hash Buckets": 1048576,
                                        "Original Hash Buckets": 1048576,
                                        "Hash Batches": 1,
                                        "Original Hash Batches": 1,
                                        "Peak Memory Usage": 40032,
                                        "Workers": [
                                            {
                                                "Worker Number": 0,
                                                "Actual Startup Time": 334.553,
                                                "Actual Total Time": 334.556,
                                                "Actual Rows": 119068,
                                                "Actual Loops": 1
                                            },
                                            {
                                                "Worker Number": 1,
                                                "Actual Startup Time": 334.424,
                                                "Actual Total Time": 334.427,
                                                "Actual Rows": 89144,
                                                "Actual Loops": 1
                                            },
                                            {
                                                "Worker Number": 2,
                                                "Actual Startup Time": 334.452,
                                                "Actual Total Time": 334.456,
                                                "Actual Rows": 118417,
                                                "Actual Loops": 1
                                            },
                                            {
                                                "Worker Number": 3,
                                                "Actual Startup Time": 334.466,
                                                "Actual Total Time": 334.469,
                                                "Actual Rows": 119643,
                                                "Actual Loops": 1
                                            },
                                            {
                                                "Worker Number": 4,
                                                "Actual Startup Time": 334.39,
                                                "Actual Total Time": 334.393,
                                                "Actual Rows": 130976,
                                                "Actual Loops": 1
                                            },
                                            {
                                                "Worker Number": 5,
                                                "Actual Startup Time": 334.31,
                                                "Actual Total Time": 334.313,
                                                "Actual Rows": 133389,
                                                "Actual Loops": 1
                                            }
                                        ],
                                        "Plans": [
                                            {
                                                "Node Type": "Hash Join",
                                                "Parent Relationship": "Outer",
                                                "Parallel Aware": true,
                                                "Join Type": "Inner",
                                                "Startup Cost": 48900.21,
                                                "Total Cost": 64094.77,
                                                "Plan Rows": 363975,
                                                "Plan Width": 8,
                                                "Actual Startup Time": 216.139,
                                                "Actual Total Time": 290.149,
                                                "Actual Rows": 115780,
                                                "Actual Loops": 7,
                                                "Output": [
                                                    "t.id",
                                                    "mi_idx.movie_id"
                                                ],
                                                "Inner Unique": true,
                                                "Hash Cond": "(mi_idx.movie_id = t.id)",
                                                "Workers": [
                                                    {
                                                        "Worker Number": 0,
                                                        "Actual Startup Time": 216.126,
                                                        "Actual Total Time": 290.399,
                                                        "Actual Rows": 119068,
                                                        "Actual Loops": 1
                                                    },
                                                    {
                                                        "Worker Number": 1,
                                                        "Actual Startup Time": 216.09,
                                                        "Actual Total Time": 289.882,
                                                        "Actual Rows": 89144,
                                                        "Actual Loops": 1
                                                    },
                                                    {
                                                        "Worker Number": 2,
                                                        "Actual Startup Time": 216.097,
                                                        "Actual Total Time": 291.591,
                                                        "Actual Rows": 118417,
                                                        "Actual Loops": 1
                                                    },
                                                    {
                                                        "Worker Number": 3,
                                                        "Actual Startup Time": 216.143,
                                                        "Actual Total Time": 290.131,
                                                        "Actual Rows": 119643,
                                                        "Actual Loops": 1
                                                    },
                                                    {
                                                        "Worker Number": 4,
                                                        "Actual Startup Time": 216.08,
                                                        "Actual Total Time": 289.923,
                                                        "Actual Rows": 130976,
                                                        "Actual Loops": 1
                                                    },
                                                    {
                                                        "Worker Number": 5,
                                                        "Actual Startup Time": 215.979,
                                                        "Actual Total Time": 290.145,
                                                        "Actual Rows": 133389,
                                                        "Actual Loops": 1
                                                    }
                                                ],
                                                "Plans": [
                                                    {
                                                        "Node Type": "Seq Scan",
                                                        "Parent Relationship": "Outer",
                                                        "Parallel Aware": true,
                                                        "Relation Name": "movie_info_idx",
                                                        "Schema": "public",
                                                        "Alias": "mi_idx",
                                                        "Startup Cost": 0.0,
                                                        "Total Cost": 13685.15,
                                                        "Plan Rows": 575015,
                                                        "Plan Width": 4,
                                                        "Actual Startup Time": 0.017,
                                                        "Actual Total Time": 20.844,
                                                        "Actual Rows": 197148,
                                                        "Actual Loops": 7,
                                                        "Output": [
                                                            "mi_idx.id",
                                                            "mi_idx.movie_id",
                                                            "mi_idx.info_type_id",
                                                            "mi_idx.info",
                                                            "mi_idx.note"
                                                        ],
                                                        "Workers": [
                                                            {
                                                                "Worker Number": 0,
                                                                "Actual Startup Time": 0.023,
                                                                "Actual Total Time": 21.127,
                                                                "Actual Rows": 204363,
                                                                "Actual Loops": 1
                                                            },
                                                            {
                                                                "Worker Number": 1,
                                                                "Actual Startup Time": 0.013,
                                                                "Actual Total Time": 22.351,
                                                                "Actual Rows": 151493,
                                                                "Actual Loops": 1
                                                            },
                                                            {
                                                                "Worker Number": 2,
                                                                "Actual Startup Time": 0.014,
                                                                "Actual Total Time": 20.709,
                                                                "Actual Rows": 200198,
                                                                "Actual Loops": 1
                                                            },
                                                            {
                                                                "Worker Number": 3,
                                                                "Actual Startup Time": 0.025,
                                                                "Actual Total Time": 21.196,
                                                                "Actual Rows": 205047,
                                                                "Actual Loops": 1
                                                            },
                                                            {
                                                                "Worker Number": 4,
                                                                "Actual Startup Time": 0.011,
                                                                "Actual Total Time": 21.216,
                                                                "Actual Rows": 221338,
                                                                "Actual Loops": 1
                                                            },
                                                            {
                                                                "Worker Number": 5,
                                                                "Actual Startup Time": 0.02,
                                                                "Actual Total Time": 21.216,
                                                                "Actual Rows": 227845,
                                                                "Actual Loops": 1
                                                            }
                                                        ]
                                                    },
                                                    {
                                                        "Node Type": "Hash",
                                                        "Parent Relationship": "Inner",
                                                        "Parallel Aware": true,
                                                        "Startup Cost": 43899.01,
                                                        "Total Cost": 43899.01,
                                                        "Plan Rows": 400096,
                                                        "Plan Width": 4,
                                                        "Actual Startup Time": 213.137,
                                                        "Actual Total Time": 213.138,
                                                        "Actual Rows": 229582,
                                                        "Actual Loops": 7,
                                                        "Output": [
                                                            "t.id"
                                                        ],
                                                        "Hash Buckets": 2097152,
                                                        "Original Hash Buckets": 2097152,
                                                        "Hash Batches": 1,
                                                        "Original Hash Batches": 1,
                                                        "Peak Memory Usage": 79360,
                                                        "Workers": [
                                                            {
                                                                "Worker Number": 0,
                                                                "Actual Startup Time": 215.805,
                                                                "Actual Total Time": 215.806,
                                                                "Actual Rows": 225000,
                                                                "Actual Loops": 1
                                                            },
                                                            {
                                                                "Worker Number": 1,
                                                                "Actual Startup Time": 215.757,
                                                                "Actual Total Time": 215.758,
                                                                "Actual Rows": 184365,
                                                                "Actual Loops": 1
                                                            },
                                                            {
                                                                "Worker Number": 2,
                                                                "Actual Startup Time": 215.762,
                                                                "Actual Total Time": 215.764,
                                                                "Actual Rows": 223762,
                                                                "Actual Loops": 1
                                                            },
                                                            {
                                                                "Worker Number": 3,
                                                                "Actual Startup Time": 215.824,
                                                                "Actual Total Time": 215.825,
                                                                "Actual Rows": 223615,
                                                                "Actual Loops": 1
                                                            },
                                                            {
                                                                "Worker Number": 4,
                                                                "Actual Startup Time": 215.77,
                                                                "Actual Total Time": 215.772,
                                                                "Actual Rows": 242497,
                                                                "Actual Loops": 1
                                                            },
                                                            {
                                                                "Worker Number": 5,
                                                                "Actual Startup Time": 215.885,
                                                                "Actual Total Time": 215.886,
                                                                "Actual Rows": 242928,
                                                                "Actual Loops": 1
                                                            }
                                                        ],
                                                        "Plans": [
                                                            {
                                                                "Node Type": "Seq Scan",
                                                                "Parent Relationship": "Outer",
                                                                "Parallel Aware": true,
                                                                "Relation Name": "title",
                                                                "Schema": "public",
                                                                "Alias": "t",
                                                                "Startup Cost": 0.0,
                                                                "Total Cost": 43899.01,
                                                                "Plan Rows": 400096,
                                                                "Plan Width": 4,
                                                                "Actual Startup Time": 0.069,
                                                                "Actual Total Time": 83.655,
                                                                "Actual Rows": 229582,
                                                                "Actual Loops": 7,
                                                                "Output": [
                                                                    "t.id"
                                                                ],
                                                                "Filter": "(t.production_year > 1995)",
                                                                "Rows Removed by Filter": 131605,
                                                                "Workers": [
                                                                    {
                                                                        "Worker Number": 0,
                                                                        "Actual Startup Time": 0.078,
                                                                        "Actual Total Time": 83.895,
                                                                        "Actual Rows": 225000,
                                                                        "Actual Loops": 1
                                                                    },
                                                                    {
                                                                        "Worker Number": 1,
                                                                        "Actual Startup Time": 0.078,
                                                                        "Actual Total Time": 88.912,
                                                                        "Actual Rows": 184365,
                                                                        "Actual Loops": 1
                                                                    },
                                                                    {
                                                                        "Worker Number": 2,
                                                                        "Actual Startup Time": 0.069,
                                                                        "Actual Total Time": 84.463,
                                                                        "Actual Rows": 223762,
                                                                        "Actual Loops": 1
                                                                    },
                                                                    {
                                                                        "Worker Number": 3,
                                                                        "Actual Startup Time": 0.075,
                                                                        "Actual Total Time": 83.293,
                                                                        "Actual Rows": 223615,
                                                                        "Actual Loops": 1
                                                                    },
                                                                    {
                                                                        "Worker Number": 4,
                                                                        "Actual Startup Time": 0.079,
                                                                        "Actual Total Time": 84.9,
                                                                        "Actual Rows": 242497,
                                                                        "Actual Loops": 1
                                                                    },
                                                                    {
                                                                        "Worker Number": 5,
                                                                        "Actual Startup Time": 0.086,
                                                                        "Actual Total Time": 85.12,
                                                                        "Actual Rows": 242928,
                                                                        "Actual Loops": 1
                                                                    }
                                                                ]
                                                            }
                                                        ]
                                                    }
                                                ]
                                            }
                                        ]
                                    }
                                ]
                            }
                        ]
                    }
                ]
            }
        ]
    },
    "Planning Time": 1.474,
    "Triggers": [],
    "Execution Time": 1792.301
}