[
  {
    "Bao": {
      "Bao prediction": 464.916,
      "Bao recommended hint": "SET enable_nestloop TO off; SET enable_hashjoin TO off; "
    }
  },
  {
    "Plan": {
      "Node Type": "Aggregate",
      "Strategy": "Plain",
      "Partial Mode": "Simple",
      "Parallel Aware": false,
      "Startup Cost": 329738.02,
      "Total Cost": 329738.03,
      "Plan Rows": 1,
      "Plan Width": 64,
      "Actual Startup Time": 2137.094,
      "Actual Total Time": 2196.256,
      "Actual Rows": 1,
      "Actual Loops": 1,
      "Plans": [
        {
          "Node Type": "Gather",
          "Parent Relationship": "Outer",
          "Parallel Aware": false,
          "Startup Cost": 329714.51,
          "Total Cost": 329738.01,
          "Plan Rows": 2,
          "Plan Width": 23,
          "Actual Startup Time": 1680.17,
          "Actual Total Time": 2196.102,
          "Actual Rows": 740,
          "Actual Loops": 1,
          "Workers Planned": 4,
          "Workers Launched": 4,
          "Single Copy": false,
          "Plans": [
            {
              "Node Type": "Merge Join",
              "Parent Relationship": "Outer",
              "Parallel Aware": false,
              "Join Type": "Inner",
              "Startup Cost": 328714.51,
              "Total Cost": 328737.81,
              "Plan Rows": 1,
              "Plan Width": 23,
              "Actual Startup Time": 1753.439,
              "Actual Total Time": 1780.474,
              "Actual Rows": 148,
              "Actual Loops": 5,
              "Inner Unique": true,
              "Merge Cond": "(mk.keyword_id = k.id)",
              "Plans": [
                {
                  "Node Type": "Sort",
                  "Parent Relationship": "Outer",
                  "Parallel Aware": false,
                  "Startup Cost": 326088.07,
                  "Total Cost": 326099.72,
                  "Plan Rows": 4660,
                  "Plan Width": 27,
                  "Actual Startup Time": 1734.998,
                  "Actual Total Time": 1754.65,
                  "Actual Rows": 139301,
                  "Actual Loops": 5,
                  "Sort Key": [
                    "mk.keyword_id"
                  ],
                  "Sort Method": "quicksort",
                  "Sort Space Used": 18911,
                  "Sort Space Type": "Memory",
                  "Workers": [
                    {
                      "Worker Number": 0,
                      "Sort Method": "quicksort",
                      "Sort Space Used": 16489,
                      "Sort Space Type": "Memory"
                    },
                    {
                      "Worker Number": 1,
                      "Sort Method": "quicksort",
                      "Sort Space Used": 10338,
                      "Sort Space Type": "Memory"
                    },
                    {
                      "Worker Number": 2,
                      "Sort Method": "quicksort",
                      "Sort Space Used": 17386,
                      "Sort Space Type": "Memory"
                    },
                    {
                      "Worker Number": 3,
                      "Sort Method": "quicksort",
                      "Sort Space Used": 17416,
                      "Sort Space Type": "Memory"
                    }
                  ],
                  "Plans": [
                    {
                      "Node Type": "Merge Join",
                      "Parent Relationship": "Outer",
                      "Parallel Aware": false,
                      "Join Type": "Inner",
                      "Startup Cost": 136035.64,
                      "Total Cost": 325804.13,
                      "Plan Rows": 4660,
                      "Plan Width": 27,
                      "Actual Startup Time": 602.827,
                      "Actual Total Time": 1690.922,
                      "Actual Rows": 139530,
                      "Actual Loops": 5,
                      "Inner Unique": false,
                      "Merge Cond": "(t.id = mk.movie_id)",
                      "Plans": [
                        {
                          "Node Type": "Merge Join",
                          "Parent Relationship": "Outer",
                          "Parallel Aware": false,
                          "Join Type": "Inner",
                          "Startup Cost": 136035.21,
                          "Total Cost": 137339.18,
                          "Plan Rows": 464,
                          "Plan Width": 31,
                          "Actual Startup Time": 602.763,
                          "Actual Total Time": 698.437,
                          "Actual Rows": 21204,
                          "Actual Loops": 5,
                          "Inner Unique": false,
                          "Merge Cond": "(t.id = mi_idx.movie_id)",
                          "Plans": [
                            {
                              "Node Type": "Sort",
                              "Parent Relationship": "Outer",
                              "Parallel Aware": false,
                              "Startup Cost": 66852.52,
                              "Total Cost": 67491.4,
                              "Plan Rows": 255554,
                              "Plan Width": 21,
                              "Actual Startup Time": 172.899,
                              "Actual Total Time": 203.043,
                              "Actual Rows": 202532,
                              "Actual Loops": 5,
                              "Sort Key": [
                                "t.id"
                              ],
                              "Sort Method": "quicksort",
                              "Sort Space Used": 30559,
                              "Sort Space Type": "Memory",
                              "Workers": [
                                {
                                  "Worker Number": 0,
                                  "Sort Method": "quicksort",
                                  "Sort Space Used": 19275,
                                  "Sort Space Type": "Memory"
                                },
                                {
                                  "Worker Number": 1,
                                  "Sort Method": "quicksort",
                                  "Sort Space Used": 15834,
                                  "Sort Space Type": "Memory"
                                },
                                {
                                  "Worker Number": 2,
                                  "Sort Method": "quicksort",
                                  "Sort Space Used": 20621,
                                  "Sort Space Type": "Memory"
                                },
                                {
                                  "Worker Number": 3,
                                  "Sort Method": "quicksort",
                                  "Sort Space Used": 20804,
                                  "Sort Space Type": "Memory"
                                }
                              ],
                              "Plans": [
                                {
                                  "Node Type": "Seq Scan",
                                  "Parent Relationship": "Outer",
                                  "Parallel Aware": true,
                                  "Relation Name": "title",
                                  "Alias": "t",
                                  "Startup Cost": 0.0,
                                  "Total Cost": 43899.59,
                                  "Plan Rows": 255554,
                                  "Plan Width": 21,
                                  "Actual Startup Time": 0.044,
                                  "Actual Total Time": 99.155,
                                  "Actual Rows": 202584,
                                  "Actual Loops": 5,
                                  "Filter": "(production_year > 2005)",
                                  "Rows Removed by Filter": 303078
                                }
                              ]
                            },
                            {
                              "Node Type": "Sort",
                              "Parent Relationship": "Inner",
                              "Parallel Aware": false,
                              "Startup Cost": 69182.63,
                              "Total Cost": 69194.12,
                              "Plan Rows": 4596,
                              "Plan Width": 10,
                              "Actual Startup Time": 429.841,
                              "Actual Total Time": 447.701,
                              "Actual Rows": 352990,
                              "Actual Loops": 5,
                              "Sort Key": [
                                "mi_idx.movie_id"
                              ],
                              "Sort Method": "quicksort",
                              "Sort Space Used": 28835,
                              "Sort Space Type": "Memory",
                              "Workers": [
                                {
                                  "Worker Number": 0,
                                  "Sort Method": "quicksort",
                                  "Sort Space Used": 28835,
                                  "Sort Space Type": "Memory"
                                },
                                {
                                  "Worker Number": 1,
                                  "Sort Method": "quicksort",
                                  "Sort Space Used": 28835,
                                  "Sort Space Type": "Memory"
                                },
                                {
                                  "Worker Number": 2,
                                  "Sort Method": "quicksort",
                                  "Sort Space Used": 28835,
                                  "Sort Space Type": "Memory"
                                },
                                {
                                  "Worker Number": 3,
                                  "Sort Method": "quicksort",
                                  "Sort Space Used": 28835,
                                  "Sort Space Type": "Memory"
                                }
                              ],
                              "Plans": [
                                {
                                  "Node Type": "Merge Join",
                                  "Parent Relationship": "Outer",
                                  "Parallel Aware": false,
                                  "Join Type": "Inner",
                                  "Startup Cost": 2.86,
                                  "Total Cost": 68903.05,
                                  "Plan Rows": 4596,
                                  "Plan Width": 10,
                                  "Actual Startup Time": 196.732,
                                  "Actual Total Time": 343.961,
                                  "Actual Rows": 352990,
                                  "Actual Loops": 5,
                                  "Inner Unique": true,
                                  "Merge Cond": "(mi_idx.info_type_id = it.id)",
                                  "Plans": [
                                    {
                                      "Node Type": "Index Scan",
                                      "Parent Relationship": "Outer",
                                      "Parallel Aware": false,
                                      "Scan Direction": "Forward",
                                      "Index Name": "info_type_id_movie_info_idx",
                                      "Relation Name": "movie_info_idx",
                                      "Alias": "mi_idx",
                                      "Startup Cost": 0.43,
                                      "Total Cost": 67556.34,
                                      "Plan Rows": 519329,
                                      "Plan Width": 14,
                                      "Actual Startup Time": 0.181,
                                      "Actual Total Time": 296.848,
                                      "Actual Rows": 517625,
                                      "Actual Loops": 5,
                                      "Filter": "(info > '5.0'::text)",
                                      "Rows Removed by Filter": 862156
                                    },
                                    {
                                      "Node Type": "Sort",
                                      "Parent Relationship": "Inner",
                                      "Parallel Aware": false,
                                      "Startup Cost": 2.42,
                                      "Total Cost": 2.43,
                                      "Plan Rows": 1,
                                      "Plan Width": 4,
                                      "Actual Startup Time": 0.044,
                                      "Actual Total Time": 0.046,
                                      "Actual Rows": 1,
                                      "Actual Loops": 5,
                                      "Sort Key": [
                                        "it.id"
                                      ],
                                      "Sort Method": "quicksort",
                                      "Sort Space Used": 25,
                                      "Sort Space Type": "Memory",
                                      "Workers": [
                                        {
                                          "Worker Number": 0,
                                          "Sort Method": "quicksort",
                                          "Sort Space Used": 25,
                                          "Sort Space Type": "Memory"
                                        },
                                        {
                                          "Worker Number": 1,
                                          "Sort Method": "quicksort",
                                          "Sort Space Used": 25,
                                          "Sort Space Type": "Memory"
                                        },
                                        {
                                          "Worker Number": 2,
                                          "Sort Method": "quicksort",
                                          "Sort Space Used": 25,
                                          "Sort Space Type": "Memory"
                                        },
                                        {
                                          "Worker Number": 3,
                                          "Sort Method": "quicksort",
                                          "Sort Space Used": 25,
                                          "Sort Space Type": "Memory"
                                        }
                                      ],
                                      "Plans": [
                                        {
                                          "Node Type": "Seq Scan",
                                          "Parent Relationship": "Outer",
                                          "Parallel Aware": false,
                                          "Relation Name": "info_type",
                                          "Alias": "it",
                                          "Startup Cost": 0.0,
                                          "Total Cost": 2.41,
                                          "Plan Rows": 1,
                                          "Plan Width": 4,
                                          "Actual Startup Time": 0.039,
                                          "Actual Total Time": 0.04,
                                          "Actual Rows": 1,
                                          "Actual Loops": 5,
                                          "Filter": "((info)::text = 'rating'::text)",
                                          "Rows Removed by Filter": 112
                                        }
                                      ]
                                    }
                                  ]
                                }
                              ]
                            }
                          ]
                        },
                        {
                          "Node Type": "Index Scan",
                          "Parent Relationship": "Inner",
                          "Parallel Aware": false,
                          "Scan Direction": "Forward",
                          "Index Name": "movie_id_movie_keyword",
                          "Relation Name": "movie_keyword",
                          "Alias": "mk",
                          "Startup Cost": 0.43,
                          "Total Cost": 177148.48,
                          "Plan Rows": 4523930,
                          "Plan Width": 8,
                          "Actual Startup Time": 0.039,
                          "Actual Total Time": 686.761,
                          "Actual Rows": 4523817,
                          "Actual Loops": 5
                        }
                      ]
                    }
                  ]
                },
                {
                  "Node Type": "Sort",
                  "Parent Relationship": "Inner",
                  "Parallel Aware": false,
                  "Startup Cost": 2626.37,
                  "Total Cost": 2626.4,
                  "Plan Rows": 13,
                  "Plan Width": 4,
                  "Actual Startup Time": 15.328,
                  "Actual Total Time": 15.333,
                  "Actual Rows": 30,
                  "Actual Loops": 5,
                  "Sort Key": [
                    "k.id"
                  ],
                  "Sort Method": "quicksort",
                  "Sort Space Used": 26,
                  "Sort Space Type": "Memory",
                  "Workers": [
                    {
                      "Worker Number": 0,
                      "Sort Method": "quicksort",
                      "Sort Space Used": 26,
                      "Sort Space Type": "Memory"
                    },
                    {
                      "Worker Number": 1,
                      "Sort Method": "quicksort",
                      "Sort Space Used": 26,
                      "Sort Space Type": "Memory"
                    },
                    {
                      "Worker Number": 2,
                      "Sort Method": "quicksort",
                      "Sort Space Used": 26,
                      "Sort Space Type": "Memory"
                    },
                    {
                      "Worker Number": 3,
                      "Sort Method": "quicksort",
                      "Sort Space Used": 26,
                      "Sort Space Type": "Memory"
                    }
                  ],
                  "Plans": [
                    {
                      "Node Type": "Seq Scan",
                      "Parent Relationship": "Outer",
                      "Parallel Aware": false,
                      "Relation Name": "keyword",
                      "Alias": "k",
                      "Startup Cost": 0.0,
                      "Total Cost": 2626.12,
                      "Plan Rows": 13,
                      "Plan Width": 4,
                      "Actual Startup Time": 0.864,
                      "Actual Total Time": 15.305,
                      "Actual Rows": 30,
                      "Actual Loops": 5,
                      "Filter": "(keyword ~~ '%sequel%'::text)",
                      "Rows Removed by Filter": 134140
                    }
                  ]
                }
              ]
            }
          ]
        }
      ]
    },
    "Planning Time": 284.225,
    "Triggers": [],
    "Execution Time": 2207.763
  }
]