[
  {
    "Plan": {
      "Node Type": "Aggregate",
      "Strategy": "Plain",
      "Partial Mode": "Finalize",
      "Parallel Aware": false,
      "Startup Cost": 345106.46,
      "Total Cost": 345106.47,
      "Plan Rows": 1,
      "Plan Width": 8,
      "Actual Startup Time": 663.391,
      "Actual Total Time": 712.889,
      "Actual Rows": 1,
      "Actual Loops": 1,
      "Plans": [
        {
          "Node Type": "Gather",
          "Parent Relationship": "Outer",
          "Parallel Aware": false,
          "Startup Cost": 345105.84,
          "Total Cost": 345106.45,
          "Plan Rows": 6,
          "Plan Width": 8,
          "Actual Startup Time": 663.086,
          "Actual Total Time": 712.873,
          "Actual Rows": 7,
          "Actual Loops": 1,
          "Workers Planned": 6,
          "Workers Launched": 6,
          "Single Copy": false,
          "Plans": [
            {
              "Node Type": "Aggregate",
              "Strategy": "Plain",
              "Partial Mode": "Partial",
              "Parent Relationship": "Outer",
              "Parallel Aware": false,
              "Startup Cost": 344105.84,
              "Total Cost": 344105.85,
              "Plan Rows": 1,
              "Plan Width": 8,
              "Actual Startup Time": 656.427,
              "Actual Total Time": 656.429,
              "Actual Rows": 1,
              "Actual Loops": 7,
              "Plans": [
                {
                  "Node Type": "Seq Scan",
                  "Parent Relationship": "Outer",
                  "Parallel Aware": true,
                  "Relation Name": "cast_info",
                  "Alias": "ci",
                  "Startup Cost": 0.0,
                  "Total Cost": 343316.27,
                  "Plan Rows": 315827,
                  "Plan Width": 0,
                  "Actual Startup Time": 465.767,
                  "Actual Total Time": 627.217,
                  "Actual Rows": 605025,
                  "Actual Loops": 7,
                  "Filter": "((person_id > 3283938) AND (role_id > 2))",
                  "Rows Removed by Filter": 4572738
                }
              ]
            }
          ]
        }
      ]
    },
    "Planning Time": 0.14,
    "Triggers": [],
    "Execution Time": 712.933
  }
]