{
  "Plan": {
    "Node Type": "Aggregate",
    "Strategy": "Plain",
    "Partial Mode": "Finalize",
    "Parallel Aware": false,
    "Startup Cost": 319717.17,
    "Total Cost": 319717.18,
    "Plan Rows": 1,
    "Plan Width": 8,
    "Actual Startup Time": 923.478,
    "Actual Total Time": 945.919,
    "Actual Rows": 1,
    "Actual Loops": 1,
    "Plans": [
      {
        "Node Type": "Gather",
        "Parent Relationship": "Outer",
        "Parallel Aware": false,
        "Startup Cost": 319717.06,
        "Total Cost": 319717.17,
        "Plan Rows": 1,
        "Plan Width": 8,
        "Actual Startup Time": 921.995,
        "Actual Total Time": 945.91,
        "Actual Rows": 2,
        "Actual Loops": 1,
        "Workers Planned": 1,
        "Workers Launched": 1,
        "Single Copy": false,
        "Plans": [
          {
            "Node Type": "Aggregate",
            "Strategy": "Plain",
            "Partial Mode": "Partial",
            "Parent Relationship": "Outer",
            "Parallel Aware": false,
            "Startup Cost": 318717.06,
            "Total Cost": 318717.07,
            "Plan Rows": 1,
            "Plan Width": 8,
            "Actual Startup Time": 917.352,
            "Actual Total Time": 917.516,
            "Actual Rows": 1,
            "Actual Loops": 2,
            "Plans": [
              {
                "Node Type": "Hash Join",
                "Parent Relationship": "Outer",
                "Parallel Aware": true,
                "Join Type": "Inner",
                "Startup Cost": 133390.51,
                "Total Cost": 318360.87,
                "Plan Rows": 142476,
                "Plan Width": 0,
                "Actual Startup Time": 547.285,
                "Actual Total Time": 889.589,
                "Actual Rows": 649768,
                "Actual Loops": 2,
                "Inner Unique": false,
                "Hash Cond": "(mi.movie_id = t.id)",
                "Plans": [
                  {
                    "Node Type": "Bitmap Heap Scan",
                    "Parent Relationship": "Outer",
                    "Parallel Aware": true,
                    "Relation Name": "movie_info",
                    "Alias": "mi",
                    "Startup Cost": 41958.26,
                    "Total Cost": 220981.46,
                    "Plan Rows": 1362416,
                    "Plan Width": 4,
                    "Actual Startup Time": 84.159,
                    "Actual Total Time": 231.406,
                    "Actual Rows": 1116925,
                    "Actual Loops": 2,
                    "Recheck Cond": "(info_type_id > 16)",
                    "Rows Removed by Index Recheck": 0,
                    "Exact Heap Blocks": 27658,
                    "Lossy Heap Blocks": 0,
                    "Plans": [
                      {
                        "Node Type": "Bitmap Index Scan",
                        "Parent Relationship": "Outer",
                        "Parallel Aware": false,
                        "Index Name": "info_type_id_movie_info",
                        "Startup Cost": 0.0,
                        "Total Cost": 41379.24,
                        "Plan Rows": 2316107,
                        "Plan Width": 0,
                        "Actual Startup Time": 76.126,
                        "Actual Total Time": 76.127,
                        "Actual Rows": 2233850,
                        "Actual Loops": 1,
                        "Index Cond": "(info_type_id > 16)"
                      }
                    ]
                  },
                  {
                    "Node Type": "Hash",
                    "Parent Relationship": "Inner",
                    "Parallel Aware": true,
                    "Startup Cost": 89488.13,
                    "Total Cost": 89488.13,
                    "Plan Rows": 155529,
                    "Plan Width": 8,
                    "Actual Startup Time": 457.611,
                    "Actual Total Time": 457.771,
                    "Actual Rows": 131416,
                    "Actual Loops": 2,
                    "Hash Buckets": 524288,
                    "Original Hash Buckets": 524288,
                    "Hash Batches": 1,
                    "Original Hash Batches": 1,
                    "Peak Memory Usage": 14432,
                    "Plans": [
                      {
                        "Node Type": "Hash Join",
                        "Parent Relationship": "Outer",
                        "Parallel Aware": true,
                        "Join Type": "Inner",
                        "Startup Cost": 28407.75,
                        "Total Cost": 89488.13,
                        "Plan Rows": 155529,
                        "Plan Width": 8,
                        "Actual Startup Time": 106.065,
                        "Actual Total Time": 421.815,
                        "Actual Rows": 131416,
                        "Actual Loops": 2,
                        "Inner Unique": false,
                        "Hash Cond": "(t.id = mc.movie_id)",
                        "Plans": [
                          {
                            "Node Type": "Seq Scan",
                            "Parent Relationship": "Outer",
                            "Parallel Aware": true,
                            "Relation Name": "title",
                            "Alias": "t",
                            "Startup Cost": 0.0,
                            "Total Cost": 50870.31,
                            "Plan Rows": 1487231,
                            "Plan Width": 4,
                            "Actual Startup Time": 0.011,
                            "Actual Total Time": 112.502,
                            "Actual Rows": 1264156,
                            "Actual Loops": 2
                          },
                          {
                            "Node Type": "Hash",
                            "Parent Relationship": "Inner",
                            "Parallel Aware": true,
                            "Startup Cost": 26463.63,
                            "Total Cost": 26463.63,
                            "Plan Rows": 155529,
                            "Plan Width": 4,
                            "Actual Startup Time": 102.254,
                            "Actual Total Time": 102.255,
                            "Actual Rows": 131416,
                            "Actual Loops": 2,
                            "Hash Buckets": 524288,
                            "Original Hash Buckets": 524288,
                            "Hash Batches": 1,
                            "Original Hash Batches": 1,
                            "Peak Memory Usage": 14400,
                            "Plans": [
                              {
                                "Node Type": "Bitmap Heap Scan",
                                "Parent Relationship": "Outer",
                                "Parallel Aware": true,
                                "Relation Name": "movie_companies",
                                "Alias": "mc",
                                "Startup Cost": 5729.52,
                                "Total Cost": 26463.63,
                                "Plan Rows": 155529,
                                "Plan Width": 4,
                                "Actual Startup Time": 25.697,
                                "Actual Total Time": 70.495,
                                "Actual Rows": 131416,
                                "Actual Loops": 2,
                                "Recheck Cond": "(company_id < 137)",
                                "Rows Removed by Index Recheck": 0,
                                "Exact Heap Blocks": 11633,
                                "Lossy Heap Blocks": 0,
                                "Plans": [
                                  {
                                    "Node Type": "Bitmap Index Scan",
                                    "Parent Relationship": "Outer",
                                    "Parallel Aware": false,
                                    "Index Name": "company_id_movie_companies",
                                    "Startup Cost": 0.0,
                                    "Total Cost": 5663.42,
                                    "Plan Rows": 264399,
                                    "Plan Width": 0,
                                    "Actual Startup Time": 22.38,
                                    "Actual Total Time": 22.38,
                                    "Actual Rows": 262833,
                                    "Actual Loops": 1,
                                    "Index Cond": "(company_id < 137)"
                                  }
                                ]
                              }
                            ]
                          }
                        ]
                      }
                    ]
                  }
                ]
              }
            ]
          }
        ]
      }
    ]
  },
  "Planning Time": 0.685,
  "Triggers": [],
  "Execution Time": 946.042
}