{
  "Plan": {
    "Node Type": "Aggregate",
    "Strategy": "Plain",
    "Partial Mode": "Finalize",
    "Parallel Aware": false,
    "Startup Cost": 496949.41,
    "Total Cost": 496949.42,
    "Plan Rows": 1,
    "Plan Width": 8,
    "Actual Startup Time": 2268.049,
    "Actual Total Time": 2293.305,
    "Actual Rows": 1,
    "Actual Loops": 1,
    "Plans": [
      {
        "Node Type": "Gather",
        "Parent Relationship": "Outer",
        "Parallel Aware": false,
        "Startup Cost": 496949.29,
        "Total Cost": 496949.4,
        "Plan Rows": 1,
        "Plan Width": 8,
        "Actual Startup Time": 2261.6,
        "Actual Total Time": 2293.295,
        "Actual Rows": 2,
        "Actual Loops": 1,
        "Workers Planned": 1,
        "Workers Launched": 1,
        "Single Copy": false,
        "Plans": [
          {
            "Node Type": "Aggregate",
            "Strategy": "Plain",
            "Partial Mode": "Partial",
            "Parent Relationship": "Outer",
            "Parallel Aware": false,
            "Startup Cost": 495949.29,
            "Total Cost": 495949.3,
            "Plan Rows": 1,
            "Plan Width": 8,
            "Actual Startup Time": 2249.536,
            "Actual Total Time": 2249.54,
            "Actual Rows": 1,
            "Actual Loops": 2,
            "Plans": [
              {
                "Node Type": "Hash Join",
                "Parent Relationship": "Outer",
                "Parallel Aware": true,
                "Join Type": "Inner",
                "Startup Cost": 187740.66,
                "Total Cost": 488073.89,
                "Plan Rows": 3150163,
                "Plan Width": 0,
                "Actual Startup Time": 725.238,
                "Actual Total Time": 2135.652,
                "Actual Rows": 2759564,
                "Actual Loops": 2,
                "Inner Unique": true,
                "Hash Cond": "(ci.movie_id = t.id)",
                "Plans": [
                  {
                    "Node Type": "Bitmap Heap Scan",
                    "Parent Relationship": "Outer",
                    "Parallel Aware": true,
                    "Relation Name": "cast_info",
                    "Alias": "ci",
                    "Startup Cost": 118279.96,
                    "Total Cost": 410344.0,
                    "Plan Rows": 3150163,
                    "Plan Width": 4,
                    "Actual Startup Time": 207.194,
                    "Actual Total Time": 482.606,
                    "Actual Rows": 2759564,
                    "Actual Loops": 2,
                    "Recheck Cond": "(person_id < 532776)",
                    "Rows Removed by Index Recheck": 0,
                    "Exact Heap Blocks": 30248,
                    "Lossy Heap Blocks": 0,
                    "Plans": [
                      {
                        "Node Type": "Bitmap Index Scan",
                        "Parent Relationship": "Outer",
                        "Parallel Aware": false,
                        "Index Name": "person_id_cast_info",
                        "Startup Cost": 0.0,
                        "Total Cost": 116941.14,
                        "Plan Rows": 5355277,
                        "Plan Width": 0,
                        "Actual Startup Time": 197.22,
                        "Actual Total Time": 197.22,
                        "Actual Rows": 5519128,
                        "Actual Loops": 1,
                        "Index Cond": "(person_id < 532776)"
                      }
                    ]
                  },
                  {
                    "Node Type": "Hash",
                    "Parent Relationship": "Inner",
                    "Parallel Aware": true,
                    "Startup Cost": 50870.31,
                    "Total Cost": 50870.31,
                    "Plan Rows": 1487231,
                    "Plan Width": 4,
                    "Actual Startup Time": 495.667,
                    "Actual Total Time": 495.668,
                    "Actual Rows": 1264156,
                    "Actual Loops": 2,
                    "Hash Buckets": 4194304,
                    "Original Hash Buckets": 4194304,
                    "Hash Batches": 1,
                    "Original Hash Batches": 1,
                    "Peak Memory Usage": 131712,
                    "Plans": [
                      {
                        "Node Type": "Seq Scan",
                        "Parent Relationship": "Outer",
                        "Parallel Aware": true,
                        "Relation Name": "title",
                        "Alias": "t",
                        "Startup Cost": 0.0,
                        "Total Cost": 50870.31,
                        "Plan Rows": 1487231,
                        "Plan Width": 4,
                        "Actual Startup Time": 0.026,
                        "Actual Total Time": 149.646,
                        "Actual Rows": 1264156,
                        "Actual Loops": 2
                      }
                    ]
                  }
                ]
              }
            ]
          }
        ]
      }
    ]
  },
  "Planning Time": 0.701,
  "Triggers": [],
  "Execution Time": 2293.395
}