[
  {
    "Plan": {
      "Node Type": "Aggregate",
      "Strategy": "Plain",
      "Partial Mode": "Finalize",
      "Parallel Aware": false,
      "Startup Cost": 32728.65,
      "Total Cost": 32728.66,
      "Plan Rows": 1,
      "Plan Width": 8,
      "Actual Startup Time": 79.975,
      "Actual Total Time": 87.909,
      "Actual Rows": 1,
      "Actual Loops": 1,
      "Plans": [
        {
          "Node Type": "Gather",
          "Parent Relationship": "Outer",
          "Parallel Aware": false,
          "Startup Cost": 32728.34,
          "Total Cost": 32728.65,
          "Plan Rows": 3,
          "Plan Width": 8,
          "Actual Startup Time": 79.905,
          "Actual Total Time": 87.899,
          "Actual Rows": 4,
          "Actual Loops": 1,
          "Workers Planned": 3,
          "Workers Launched": 3,
          "Single Copy": false,
          "Plans": [
            {
              "Node Type": "Aggregate",
              "Strategy": "Plain",
              "Partial Mode": "Partial",
              "Parent Relationship": "Outer",
              "Parallel Aware": false,
              "Startup Cost": 31728.34,
              "Total Cost": 31728.35,
              "Plan Rows": 1,
              "Plan Width": 8,
              "Actual Startup Time": 74.451,
              "Actual Total Time": 74.452,
              "Actual Rows": 1,
              "Actual Loops": 4,
              "Plans": [
                {
                  "Node Type": "Seq Scan",
                  "Parent Relationship": "Outer",
                  "Parallel Aware": true,
                  "Relation Name": "movie_companies",
                  "Alias": "mc",
                  "Startup Cost": 0.0,
                  "Total Cost": 31414.82,
                  "Plan Rows": 125407,
                  "Plan Width": 0,
                  "Actual Startup Time": 20.209,
                  "Actual Total Time": 73.437,
                  "Actual Rows": 16674,
                  "Actual Loops": 4,
                  "Filter": "((company_id > 31996) AND (company_type_id = 1))",
                  "Rows Removed by Filter": 635608
                }
              ]
            }
          ]
        }
      ]
    },
    "Planning Time": 0.112,
    "Triggers": [],
    "Execution Time": 87.941
  }
]