{
  "Plan": {
    "Node Type": "Aggregate",
    "Strategy": "Plain",
    "Partial Mode": "Finalize",
    "Parallel Aware": false,
    "Startup Cost": 481678.34,
    "Total Cost": 481678.35,
    "Plan Rows": 1,
    "Plan Width": 8,
    "Actual Startup Time": 3269.84,
    "Actual Total Time": 3306.771,
    "Actual Rows": 1,
    "Actual Loops": 1,
    "Plans": [
      {
        "Node Type": "Gather",
        "Parent Relationship": "Outer",
        "Parallel Aware": false,
        "Startup Cost": 481678.23,
        "Total Cost": 481678.34,
        "Plan Rows": 1,
        "Plan Width": 8,
        "Actual Startup Time": 3268.028,
        "Actual Total Time": 3306.764,
        "Actual Rows": 2,
        "Actual Loops": 1,
        "Workers Planned": 1,
        "Workers Launched": 1,
        "Single Copy": false,
        "Plans": [
          {
            "Node Type": "Aggregate",
            "Strategy": "Plain",
            "Partial Mode": "Partial",
            "Parent Relationship": "Outer",
            "Parallel Aware": false,
            "Startup Cost": 480678.23,
            "Total Cost": 480678.24,
            "Plan Rows": 1,
            "Plan Width": 8,
            "Actual Startup Time": 3260.0,
            "Actual Total Time": 3260.004,
            "Actual Rows": 1,
            "Actual Loops": 2,
            "Plans": [
              {
                "Node Type": "Hash Join",
                "Parent Relationship": "Outer",
                "Parallel Aware": true,
                "Join Type": "Inner",
                "Startup Cost": 66868.17,
                "Total Cost": 476765.83,
                "Plan Rows": 1564960,
                "Plan Width": 0,
                "Actual Startup Time": 339.178,
                "Actual Total Time": 3143.806,
                "Actual Rows": 2842726,
                "Actual Loops": 2,
                "Inner Unique": true,
                "Hash Cond": "(ci.movie_id = t.id)",
                "Plans": [
                  {
                    "Node Type": "Index Scan",
                    "Parent Relationship": "Outer",
                    "Parallel Aware": true,
                    "Scan Direction": "Forward",
                    "Index Name": "role_id_cast_info",
                    "Relation Name": "cast_info",
                    "Alias": "ci",
                    "Startup Cost": 0.56,
                    "Total Cost": 400977.7,
                    "Plan Rows": 3398291,
                    "Plan Width": 4,
                    "Actual Startup Time": 0.055,
                    "Actual Total Time": 1048.562,
                    "Actual Rows": 6053532,
                    "Actual Loops": 2,
                    "Index Cond": "(role_id < 2)",
                    "Rows Removed by Index Recheck": 0,
                    "Filter": "(person_id < 1661520)",
                    "Rows Removed by Filter": 281812
                  },
                  {
                    "Node Type": "Hash",
                    "Parent Relationship": "Inner",
                    "Parallel Aware": true,
                    "Startup Cost": 58306.47,
                    "Total Cost": 58306.47,
                    "Plan Rows": 684891,
                    "Plan Width": 4,
                    "Actual Startup Time": 324.707,
                    "Actual Total Time": 324.708,
                    "Actual Rows": 626467,
                    "Actual Loops": 2,
                    "Hash Buckets": 2097152,
                    "Original Hash Buckets": 2097152,
                    "Hash Batches": 1,
                    "Original Hash Batches": 1,
                    "Peak Memory Usage": 65440,
                    "Plans": [
                      {
                        "Node Type": "Seq Scan",
                        "Parent Relationship": "Outer",
                        "Parallel Aware": true,
                        "Relation Name": "title",
                        "Alias": "t",
                        "Startup Cost": 0.0,
                        "Total Cost": 58306.47,
                        "Plan Rows": 684891,
                        "Plan Width": 4,
                        "Actual Startup Time": 0.051,
                        "Actual Total Time": 166.631,
                        "Actual Rows": 626467,
                        "Actual Loops": 2,
                        "Filter": "((production_year > 1982) AND (kind_id = 7))",
                        "Rows Removed by Filter": 637689
                      }
                    ]
                  }
                ]
              }
            ]
          }
        ]
      }
    ]
  },
  "Planning Time": 0.753,
  "Triggers": [],
  "Execution Time": 3306.856
}