{
  "Plan": {
    "Node Type": "Aggregate",
    "Strategy": "Plain",
    "Partial Mode": "Finalize",
    "Parallel Aware": false,
    "Startup Cost": 604189.91,
    "Total Cost": 604189.92,
    "Plan Rows": 1,
    "Plan Width": 8,
    "Actual Startup Time": 1699.112,
    "Actual Total Time": 1731.924,
    "Actual Rows": 1,
    "Actual Loops": 1,
    "Plans": [
      {
        "Node Type": "Gather",
        "Parent Relationship": "Outer",
        "Parallel Aware": false,
        "Startup Cost": 604189.8,
        "Total Cost": 604189.91,
        "Plan Rows": 1,
        "Plan Width": 8,
        "Actual Startup Time": 1698.967,
        "Actual Total Time": 1731.917,
        "Actual Rows": 2,
        "Actual Loops": 1,
        "Workers Planned": 1,
        "Workers Launched": 1,
        "Single Copy": false,
        "Plans": [
          {
            "Node Type": "Aggregate",
            "Strategy": "Plain",
            "Partial Mode": "Partial",
            "Parent Relationship": "Outer",
            "Parallel Aware": false,
            "Startup Cost": 603189.8,
            "Total Cost": 603189.81,
            "Plan Rows": 1,
            "Plan Width": 8,
            "Actual Startup Time": 1693.202,
            "Actual Total Time": 1693.204,
            "Actual Rows": 1,
            "Actual Loops": 2,
            "Plans": [
              {
                "Node Type": "Hash Join",
                "Parent Relationship": "Outer",
                "Parallel Aware": true,
                "Join Type": "Inner",
                "Startup Cost": 58455.02,
                "Total Cost": 603054.33,
                "Plan Rows": 54188,
                "Plan Width": 0,
                "Actual Startup Time": 141.63,
                "Actual Total Time": 1690.893,
                "Actual Rows": 24007,
                "Actual Loops": 2,
                "Inner Unique": true,
                "Hash Cond": "(ci.movie_id = t.id)",
                "Plans": [
                  {
                    "Node Type": "Index Scan",
                    "Parent Relationship": "Outer",
                    "Parallel Aware": true,
                    "Scan Direction": "Forward",
                    "Index Name": "role_id_cast_info",
                    "Relation Name": "cast_info",
                    "Alias": "ci",
                    "Startup Cost": 0.56,
                    "Total Cost": 526730.69,
                    "Plan Rows": 6807295,
                    "Plan Width": 4,
                    "Actual Startup Time": 0.169,
                    "Actual Total Time": 1216.119,
                    "Actual Rows": 2959840,
                    "Actual Loops": 2,
                    "Index Cond": "(role_id > 2)",
                    "Rows Removed by Index Recheck": 0,
                    "Filter": "(person_id < 2655816)",
                    "Rows Removed by Filter": 5101002
                  },
                  {
                    "Node Type": "Hash",
                    "Parent Relationship": "Inner",
                    "Parallel Aware": true,
                    "Startup Cost": 58306.47,
                    "Total Cost": 58306.47,
                    "Plan Rows": 11839,
                    "Plan Width": 4,
                    "Actual Startup Time": 140.966,
                    "Actual Total Time": 140.967,
                    "Actual Rows": 8678,
                    "Actual Loops": 2,
                    "Hash Buckets": 32768,
                    "Original Hash Buckets": 32768,
                    "Hash Batches": 1,
                    "Original Hash Batches": 1,
                    "Peak Memory Usage": 992,
                    "Plans": [
                      {
                        "Node Type": "Seq Scan",
                        "Parent Relationship": "Outer",
                        "Parallel Aware": true,
                        "Relation Name": "title",
                        "Alias": "t",
                        "Startup Cost": 0.0,
                        "Total Cost": 58306.47,
                        "Plan Rows": 11839,
                        "Plan Width": 4,
                        "Actual Startup Time": 0.067,
                        "Actual Total Time": 137.873,
                        "Actual Rows": 8678,
                        "Actual Loops": 2,
                        "Filter": "((kind_id < 7) AND (production_year = 2000))",
                        "Rows Removed by Filter": 1255478
                      }
                    ]
                  }
                ]
              }
            ]
          }
        ]
      }
    ]
  },
  "Planning Time": 0.199,
  "Triggers": [],
  "Execution Time": 1731.968
}