[
  {
    "Plan": {
      "Node Type": "Aggregate",
      "Strategy": "Plain",
      "Partial Mode": "Finalize",
      "Parallel Aware": false,
      "Startup Cost": 246095.44,
      "Total Cost": 246095.45,
      "Plan Rows": 1,
      "Plan Width": 8,
      "Actual Startup Time": 667.418,
      "Actual Total Time": 710.275,
      "Actual Rows": 1,
      "Actual Loops": 1,
      "Plans": [
        {
          "Node Type": "Gather",
          "Parent Relationship": "Outer",
          "Parallel Aware": false,
          "Startup Cost": 246094.92,
          "Total Cost": 246095.43,
          "Plan Rows": 5,
          "Plan Width": 8,
          "Actual Startup Time": 666.872,
          "Actual Total Time": 710.263,
          "Actual Rows": 6,
          "Actual Loops": 1,
          "Workers Planned": 5,
          "Workers Launched": 5,
          "Single Copy": false,
          "Plans": [
            {
              "Node Type": "Aggregate",
              "Strategy": "Plain",
              "Partial Mode": "Partial",
              "Parent Relationship": "Outer",
              "Parallel Aware": false,
              "Startup Cost": 245094.92,
              "Total Cost": 245094.93,
              "Plan Rows": 1,
              "Plan Width": 8,
              "Actual Startup Time": 656.618,
              "Actual Total Time": 656.621,
              "Actual Rows": 1,
              "Actual Loops": 6,
              "Plans": [
                {
                  "Node Type": "Hash Join",
                  "Parent Relationship": "Outer",
                  "Parallel Aware": true,
                  "Join Type": "Inner",
                  "Startup Cost": 45631.02,
                  "Total Cost": 244952.79,
                  "Plan Rows": 56853,
                  "Plan Width": 0,
                  "Actual Startup Time": 87.892,
                  "Actual Total Time": 655.522,
                  "Actual Rows": 15685,
                  "Actual Loops": 6,
                  "Inner Unique": true,
                  "Hash Cond": "(mi.movie_id = t.id)",
                  "Plans": [
                    {
                      "Node Type": "Seq Scan",
                      "Parent Relationship": "Outer",
                      "Parallel Aware": true,
                      "Relation Name": "movie_info",
                      "Alias": "mi",
                      "Startup Cost": 0.0,
                      "Total Cost": 191560.33,
                      "Plan Rows": 2956733,
                      "Plan Width": 4,
                      "Actual Startup Time": 0.03,
                      "Actual Total Time": 305.468,
                      "Actual Rows": 2472620,
                      "Actual Loops": 6
                    },
                    {
                      "Node Type": "Hash",
                      "Parent Relationship": "Inner",
                      "Parallel Aware": true,
                      "Startup Cost": 45479.1,
                      "Total Cost": 45479.1,
                      "Plan Rows": 12154,
                      "Plan Width": 4,
                      "Actual Startup Time": 85.72,
                      "Actual Total Time": 85.721,
                      "Actual Rows": 7504,
                      "Actual Loops": 6,
                      "Hash Buckets": 65536,
                      "Original Hash Buckets": 65536,
                      "Hash Batches": 1,
                      "Original Hash Batches": 1,
                      "Peak Memory Usage": 2368,
                      "Plans": [
                        {
                          "Node Type": "Seq Scan",
                          "Parent Relationship": "Outer",
                          "Parallel Aware": true,
                          "Relation Name": "title",
                          "Alias": "t",
                          "Startup Cost": 0.0,
                          "Total Cost": 45479.1,
                          "Plan Rows": 12154,
                          "Plan Width": 4,
                          "Actual Startup Time": 0.074,
                          "Actual Total Time": 81.284,
                          "Actual Rows": 7504,
                          "Actual Loops": 6,
                          "Filter": "((kind_id > 1) AND (production_year = 2013))",
                          "Rows Removed by Filter": 413882
                        }
                      ]
                    }
                  ]
                }
              ]
            }
          ]
        }
      ]
    },
    "Planning Time": 0.63,
    "Triggers": [],
    "Execution Time": 710.357
  }
]