[
  {
    "Plan": {
      "Node Type": "Aggregate",
      "Strategy": "Plain",
      "Partial Mode": "Finalize",
      "Parallel Aware": false,
      "Startup Cost": 384631.02,
      "Total Cost": 384631.03,
      "Plan Rows": 1,
      "Plan Width": 8,
      "Actual Startup Time": 1053.175,
      "Actual Total Time": 1115.588,
      "Actual Rows": 1,
      "Actual Loops": 1,
      "Plans": [
        {
          "Node Type": "Gather",
          "Parent Relationship": "Outer",
          "Parallel Aware": false,
          "Startup Cost": 384630.4,
          "Total Cost": 384631.01,
          "Plan Rows": 6,
          "Plan Width": 8,
          "Actual Startup Time": 1049.963,
          "Actual Total Time": 1115.574,
          "Actual Rows": 7,
          "Actual Loops": 1,
          "Workers Planned": 6,
          "Workers Launched": 6,
          "Single Copy": false,
          "Plans": [
            {
              "Node Type": "Aggregate",
              "Strategy": "Plain",
              "Partial Mode": "Partial",
              "Parent Relationship": "Outer",
              "Parallel Aware": false,
              "Startup Cost": 383630.4,
              "Total Cost": 383630.41,
              "Plan Rows": 1,
              "Plan Width": 8,
              "Actual Startup Time": 1039.076,
              "Actual Total Time": 1039.078,
              "Actual Rows": 1,
              "Actual Loops": 7,
              "Plans": [
                {
                  "Node Type": "Hash Join",
                  "Parent Relationship": "Outer",
                  "Parallel Aware": true,
                  "Join Type": "Inner",
                  "Startup Cost": 46809.89,
                  "Total Cost": 382433.46,
                  "Plan Rows": 478774,
                  "Plan Width": 0,
                  "Actual Startup Time": 96.783,
                  "Actual Total Time": 1025.895,
                  "Actual Rows": 314518,
                  "Actual Loops": 7,
                  "Inner Unique": true,
                  "Hash Cond": "(ci.movie_id = t.id)",
                  "Plans": [
                    {
                      "Node Type": "Seq Scan",
                      "Parent Relationship": "Outer",
                      "Parallel Aware": true,
                      "Relation Name": "cast_info",
                      "Alias": "ci",
                      "Startup Cost": 0.0,
                      "Total Cost": 328162.03,
                      "Plan Rows": 2842492,
                      "Plan Width": 4,
                      "Actual Startup Time": 0.023,
                      "Actual Total Time": 543.702,
                      "Actual Rows": 2445611,
                      "Actual Loops": 7,
                      "Filter": "(person_id < 1691578)",
                      "Rows Removed by Filter": 2732153
                    },
                    {
                      "Node Type": "Hash",
                      "Parent Relationship": "Inner",
                      "Parallel Aware": true,
                      "Startup Cost": 45479.1,
                      "Total Cost": 45479.1,
                      "Plan Rows": 106463,
                      "Plan Width": 4,
                      "Actual Startup Time": 94.199,
                      "Actual Total Time": 94.199,
                      "Actual Rows": 45024,
                      "Actual Loops": 7,
                      "Hash Buckets": 524288,
                      "Original Hash Buckets": 524288,
                      "Hash Batches": 1,
                      "Original Hash Batches": 1,
                      "Peak Memory Usage": 16544,
                      "Plans": [
                        {
                          "Node Type": "Seq Scan",
                          "Parent Relationship": "Outer",
                          "Parallel Aware": true,
                          "Relation Name": "title",
                          "Alias": "t",
                          "Startup Cost": 0.0,
                          "Total Cost": 45479.1,
                          "Plan Rows": 106463,
                          "Plan Width": 4,
                          "Actual Startup Time": 0.04,
                          "Actual Total Time": 74.153,
                          "Actual Rows": 45024,
                          "Actual Loops": 7,
                          "Filter": "((production_year < 1991) AND (kind_id = 7))",
                          "Rows Removed by Filter": 316164
                        }
                      ]
                    }
                  ]
                }
              ]
            }
          ]
        }
      ]
    },
    "Planning Time": 0.665,
    "Triggers": [],
    "Execution Time": 1115.708
  }
]