[
  {
    "Plan": {
      "Node Type": "Aggregate",
      "Strategy": "Plain",
      "Partial Mode": "Finalize",
      "Parallel Aware": false,
      "Startup Cost": 237355.57,
      "Total Cost": 237355.58,
      "Plan Rows": 1,
      "Plan Width": 8,
      "Actual Startup Time": 165.237,
      "Actual Total Time": 191.219,
      "Actual Rows": 1,
      "Actual Loops": 1,
      "Plans": [
        {
          "Node Type": "Gather",
          "Parent Relationship": "Outer",
          "Parallel Aware": false,
          "Startup Cost": 237355.15,
          "Total Cost": 237355.56,
          "Plan Rows": 4,
          "Plan Width": 8,
          "Actual Startup Time": 165.13,
          "Actual Total Time": 191.21,
          "Actual Rows": 5,
          "Actual Loops": 1,
          "Workers Planned": 4,
          "Workers Launched": 4,
          "Single Copy": false,
          "Plans": [
            {
              "Node Type": "Aggregate",
              "Strategy": "Plain",
              "Partial Mode": "Partial",
              "Parent Relationship": "Outer",
              "Parallel Aware": false,
              "Startup Cost": 236355.15,
              "Total Cost": 236355.16,
              "Plan Rows": 1,
              "Plan Width": 8,
              "Actual Startup Time": 155.013,
              "Actual Total Time": 155.015,
              "Actual Rows": 1,
              "Actual Loops": 5,
              "Plans": [
                {
                  "Node Type": "Nested Loop",
                  "Parent Relationship": "Outer",
                  "Parallel Aware": false,
                  "Join Type": "Inner",
                  "Startup Cost": 0.56,
                  "Total Cost": 236287.25,
                  "Plan Rows": 27161,
                  "Plan Width": 0,
                  "Actual Startup Time": 0.364,
                  "Actual Total Time": 153.225,
                  "Actual Rows": 18220,
                  "Actual Loops": 5,
                  "Inner Unique": false,
                  "Plans": [
                    {
                      "Node Type": "Seq Scan",
                      "Parent Relationship": "Outer",
                      "Parallel Aware": true,
                      "Relation Name": "title",
                      "Alias": "t",
                      "Startup Cost": 0.0,
                      "Total Cost": 45479.1,
                      "Plan Rows": 1896,
                      "Plan Width": 4,
                      "Actual Startup Time": 0.114,
                      "Actual Total Time": 73.941,
                      "Actual Rows": 1684,
                      "Actual Loops": 5,
                      "Filter": "((kind_id = 7) AND (production_year = 1966))",
                      "Rows Removed by Filter": 503978
                    },
                    {
                      "Node Type": "Index Only Scan",
                      "Parent Relationship": "Inner",
                      "Parallel Aware": false,
                      "Scan Direction": "Forward",
                      "Index Name": "movie_id_cast_info",
                      "Relation Name": "cast_info",
                      "Alias": "ci",
                      "Startup Cost": 0.56,
                      "Total Cost": 100.27,
                      "Plan Rows": 37,
                      "Plan Width": 4,
                      "Actual Startup Time": 0.011,
                      "Actual Total Time": 0.045,
                      "Actual Rows": 11,
                      "Actual Loops": 8420,
                      "Index Cond": "(movie_id = t.id)",
                      "Rows Removed by Index Recheck": 0,
                      "Heap Fetches": 91099
                    }
                  ]
                }
              ]
            }
          ]
        }
      ]
    },
    "Planning Time": 0.619,
    "Triggers": [],
    "Execution Time": 191.3
  }
]