[
  {
    "Plan": {
      "Node Type": "Aggregate",
      "Strategy": "Plain",
      "Partial Mode": "Finalize",
      "Parallel Aware": false,
      "Startup Cost": 13144.5,
      "Total Cost": 13144.51,
      "Plan Rows": 1,
      "Plan Width": 8,
      "Actual Startup Time": 10.315,
      "Actual Total Time": 12.51,
      "Actual Rows": 1,
      "Actual Loops": 1,
      "Plans": [
        {
          "Node Type": "Gather",
          "Parent Relationship": "Outer",
          "Parallel Aware": false,
          "Startup Cost": 13144.39,
          "Total Cost": 13144.5,
          "Plan Rows": 1,
          "Plan Width": 8,
          "Actual Startup Time": 10.198,
          "Actual Total Time": 12.499,
          "Actual Rows": 2,
          "Actual Loops": 1,
          "Workers Planned": 1,
          "Workers Launched": 1,
          "Single Copy": false,
          "Plans": [
            {
              "Node Type": "Aggregate",
              "Strategy": "Plain",
              "Partial Mode": "Partial",
              "Parent Relationship": "Outer",
              "Parallel Aware": false,
              "Startup Cost": 12144.39,
              "Total Cost": 12144.4,
              "Plan Rows": 1,
              "Plan Width": 8,
              "Actual Startup Time": 6.997,
              "Actual Total Time": 7.0,
              "Actual Rows": 1,
              "Actual Loops": 2,
              "Plans": [
                {
                  "Node Type": "Nested Loop",
                  "Parent Relationship": "Outer",
                  "Parallel Aware": false,
                  "Join Type": "Inner",
                  "Startup Cost": 54.76,
                  "Total Cost": 12142.76,
                  "Plan Rows": 652,
                  "Plan Width": 0,
                  "Actual Startup Time": 1.782,
                  "Actual Total Time": 6.962,
                  "Actual Rows": 134,
                  "Actual Loops": 2,
                  "Inner Unique": true,
                  "Plans": [
                    {
                      "Node Type": "Bitmap Heap Scan",
                      "Parent Relationship": "Outer",
                      "Parallel Aware": true,
                      "Relation Name": "movie_companies",
                      "Alias": "mc",
                      "Startup Cost": 54.33,
                      "Total Cost": 6641.28,
                      "Plan Rows": 675,
                      "Plan Width": 4,
                      "Actual Startup Time": 1.677,
                      "Actual Total Time": 5.276,
                      "Actual Rows": 134,
                      "Actual Loops": 2,
                      "Recheck Cond": "(company_id = 14002)",
                      "Rows Removed by Index Recheck": 0,
                      "Filter": "(company_type_id < 2)",
                      "Rows Removed by Filter": 998,
                      "Exact Heap Blocks": 1071,
                      "Lossy Heap Blocks": 0,
                      "Plans": [
                        {
                          "Node Type": "Bitmap Index Scan",
                          "Parent Relationship": "Outer",
                          "Parallel Aware": false,
                          "Index Name": "company_id_movie_companies",
                          "Startup Cost": 0.0,
                          "Total Cost": 54.04,
                          "Plan Rows": 2348,
                          "Plan Width": 0,
                          "Actual Startup Time": 2.806,
                          "Actual Total Time": 2.807,
                          "Actual Rows": 2265,
                          "Actual Loops": 1,
                          "Index Cond": "(company_id = 14002)"
                        }
                      ]
                    },
                    {
                      "Node Type": "Index Scan",
                      "Parent Relationship": "Inner",
                      "Parallel Aware": false,
                      "Scan Direction": "Forward",
                      "Index Name": "title_pkey",
                      "Relation Name": "title",
                      "Alias": "t",
                      "Startup Cost": 0.43,
                      "Total Cost": 8.15,
                      "Plan Rows": 1,
                      "Plan Width": 4,
                      "Actual Startup Time": 0.012,
                      "Actual Total Time": 0.012,
                      "Actual Rows": 1,
                      "Actual Loops": 269,
                      "Index Cond": "(id = mc.movie_id)",
                      "Rows Removed by Index Recheck": 0,
                      "Filter": "(production_year > 1903)",
                      "Rows Removed by Filter": 0
                    }
                  ]
                }
              ]
            }
          ]
        }
      ]
    },
    "Planning Time": 0.442,
    "Triggers": [],
    "Execution Time": 12.586
  }
]