{
  "Plan": {
    "Node Type": "Aggregate",
    "Strategy": "Plain",
    "Partial Mode": "Finalize",
    "Parallel Aware": false,
    "Startup Cost": 100908.21,
    "Total Cost": 100908.22,
    "Plan Rows": 1,
    "Plan Width": 8,
    "Actual Startup Time": 349.869,
    "Actual Total Time": 382.427,
    "Actual Rows": 1,
    "Actual Loops": 1,
    "Plans": [
      {
        "Node Type": "Gather",
        "Parent Relationship": "Outer",
        "Parallel Aware": false,
        "Startup Cost": 100908.1,
        "Total Cost": 100908.21,
        "Plan Rows": 1,
        "Plan Width": 8,
        "Actual Startup Time": 349.648,
        "Actual Total Time": 382.42,
        "Actual Rows": 2,
        "Actual Loops": 1,
        "Workers Planned": 1,
        "Workers Launched": 1,
        "Single Copy": false,
        "Plans": [
          {
            "Node Type": "Aggregate",
            "Strategy": "Plain",
            "Partial Mode": "Partial",
            "Parent Relationship": "Outer",
            "Parallel Aware": false,
            "Startup Cost": 99908.1,
            "Total Cost": 99908.11,
            "Plan Rows": 1,
            "Plan Width": 8,
            "Actual Startup Time": 343.156,
            "Actual Total Time": 343.16,
            "Actual Rows": 1,
            "Actual Loops": 2,
            "Plans": [
              {
                "Node Type": "Nested Loop",
                "Parent Relationship": "Outer",
                "Parallel Aware": false,
                "Join Type": "Inner",
                "Startup Cost": 66744.12,
                "Total Cost": 99874.79,
                "Plan Rows": 13326,
                "Plan Width": 0,
                "Actual Startup Time": 166.689,
                "Actual Total Time": 338.378,
                "Actual Rows": 95352,
                "Actual Loops": 2,
                "Inner Unique": false,
                "Join Filter": "(t.id = ci.movie_id)",
                "Rows Removed by Join Filter": 0,
                "Plans": [
                  {
                    "Node Type": "Hash Join",
                    "Parent Relationship": "Outer",
                    "Parallel Aware": true,
                    "Join Type": "Inner",
                    "Startup Cost": 66743.55,
                    "Total Cost": 94703.62,
                    "Plan Rows": 930,
                    "Plan Width": 8,
                    "Actual Startup Time": 166.572,
                    "Actual Total Time": 235.21,
                    "Actual Rows": 2012,
                    "Actual Loops": 2,
                    "Inner Unique": true,
                    "Hash Cond": "(mk.movie_id = t.id)",
                    "Plans": [
                      {
                        "Node Type": "Bitmap Heap Scan",
                        "Parent Relationship": "Outer",
                        "Parallel Aware": true,
                        "Relation Name": "movie_keyword",
                        "Alias": "mk",
                        "Startup Cost": 8362.48,
                        "Total Cost": 35714.06,
                        "Plan Rows": 231806,
                        "Plan Width": 4,
                        "Actual Startup Time": 23.46,
                        "Actual Total Time": 74.916,
                        "Actual Rows": 191224,
                        "Actual Loops": 2,
                        "Recheck Cond": "(keyword_id > 44737)",
                        "Rows Removed by Index Recheck": 0,
                        "Exact Heap Blocks": 16233,
                        "Lossy Heap Blocks": 0,
                        "Plans": [
                          {
                            "Node Type": "Bitmap Index Scan",
                            "Parent Relationship": "Outer",
                            "Parallel Aware": false,
                            "Index Name": "keyword_id_movie_keyword",
                            "Startup Cost": 0.0,
                            "Total Cost": 8263.97,
                            "Plan Rows": 394071,
                            "Plan Width": 0,
                            "Actual Startup Time": 20.143,
                            "Actual Total Time": 20.144,
                            "Actual Rows": 382448,
                            "Actual Loops": 1,
                            "Index Cond": "(keyword_id > 44737)"
                          }
                        ]
                      },
                      {
                        "Node Type": "Hash",
                        "Parent Relationship": "Inner",
                        "Parallel Aware": true,
                        "Startup Cost": 58306.47,
                        "Total Cost": 58306.47,
                        "Plan Rows": 5968,
                        "Plan Width": 4,
                        "Actual Startup Time": 142.131,
                        "Actual Total Time": 142.132,
                        "Actual Rows": 5264,
                        "Actual Loops": 2,
                        "Hash Buckets": 16384,
                        "Original Hash Buckets": 16384,
                        "Hash Batches": 1,
                        "Original Hash Batches": 1,
                        "Peak Memory Usage": 576,
                        "Plans": [
                          {
                            "Node Type": "Seq Scan",
                            "Parent Relationship": "Outer",
                            "Parallel Aware": true,
                            "Relation Name": "title",
                            "Alias": "t",
                            "Startup Cost": 0.0,
                            "Total Cost": 58306.47,
                            "Plan Rows": 5968,
                            "Plan Width": 4,
                            "Actual Startup Time": 0.254,
                            "Actual Total Time": 140.107,
                            "Actual Rows": 5264,
                            "Actual Loops": 2,
                            "Filter": "((kind_id < 7) AND (production_year = 1993))",
                            "Rows Removed by Filter": 1258892
                          }
                        ]
                      }
                    ]
                  },
                  {
                    "Node Type": "Index Only Scan",
                    "Parent Relationship": "Inner",
                    "Parallel Aware": false,
                    "Scan Direction": "Forward",
                    "Index Name": "movie_id_cast_info",
                    "Relation Name": "cast_info",
                    "Alias": "ci",
                    "Startup Cost": 0.56,
                    "Total Cost": 5.1,
                    "Plan Rows": 37,
                    "Plan Width": 4,
                    "Actual Startup Time": 0.006,
                    "Actual Total Time": 0.047,
                    "Actual Rows": 47,
                    "Actual Loops": 4024,
                    "Index Cond": "(movie_id = mk.movie_id)",
                    "Rows Removed by Index Recheck": 0,
                    "Heap Fetches": 190705
                  }
                ]
              }
            ]
          }
        ]
      }
    ]
  },
  "Planning Time": 0.975,
  "Triggers": [],
  "Execution Time": 382.542
}