{
  "Plan": {
    "Node Type": "Aggregate",
    "Strategy": "Plain",
    "Partial Mode": "Finalize",
    "Parallel Aware": false,
    "Startup Cost": 626270.63,
    "Total Cost": 626270.64,
    "Plan Rows": 1,
    "Plan Width": 8,
    "Actual Startup Time": 4387.27,
    "Actual Total Time": 4455.323,
    "Actual Rows": 1,
    "Actual Loops": 1,
    "Plans": [
      {
        "Node Type": "Gather",
        "Parent Relationship": "Outer",
        "Parallel Aware": false,
        "Startup Cost": 626270.52,
        "Total Cost": 626270.63,
        "Plan Rows": 1,
        "Plan Width": 8,
        "Actual Startup Time": 4382.334,
        "Actual Total Time": 4455.314,
        "Actual Rows": 2,
        "Actual Loops": 1,
        "Workers Planned": 1,
        "Workers Launched": 1,
        "Single Copy": false,
        "Plans": [
          {
            "Node Type": "Aggregate",
            "Strategy": "Plain",
            "Partial Mode": "Partial",
            "Parent Relationship": "Outer",
            "Parallel Aware": false,
            "Startup Cost": 625270.52,
            "Total Cost": 625270.53,
            "Plan Rows": 1,
            "Plan Width": 8,
            "Actual Startup Time": 4374.416,
            "Actual Total Time": 4374.422,
            "Actual Rows": 1,
            "Actual Loops": 2,
            "Plans": [
              {
                "Node Type": "Hash Join",
                "Parent Relationship": "Outer",
                "Parallel Aware": true,
                "Join Type": "Inner",
                "Startup Cost": 587601.2,
                "Total Cost": 624651.41,
                "Plan Rows": 247645,
                "Plan Width": 0,
                "Actual Startup Time": 4105.623,
                "Actual Total Time": 4339.966,
                "Actual Rows": 913866,
                "Actual Loops": 2,
                "Inner Unique": false,
                "Hash Cond": "(mk.movie_id = t.id)",
                "Plans": [
                  {
                    "Node Type": "Bitmap Heap Scan",
                    "Parent Relationship": "Outer",
                    "Parallel Aware": true,
                    "Relation Name": "movie_keyword",
                    "Alias": "mk",
                    "Startup Cost": 16066.94,
                    "Total Cost": 46090.68,
                    "Plan Rows": 445579,
                    "Plan Width": 4,
                    "Actual Startup Time": 39.54,
                    "Actual Total Time": 123.796,
                    "Actual Rows": 382510,
                    "Actual Loops": 2,
                    "Recheck Cond": "(keyword_id < 721)",
                    "Rows Removed by Index Recheck": 0,
                    "Exact Heap Blocks": 13304,
                    "Lossy Heap Blocks": 0,
                    "Plans": [
                      {
                        "Node Type": "Bitmap Index Scan",
                        "Parent Relationship": "Outer",
                        "Parallel Aware": false,
                        "Index Name": "keyword_id_movie_keyword",
                        "Startup Cost": 0.0,
                        "Total Cost": 15877.57,
                        "Plan Rows": 757485,
                        "Plan Width": 0,
                        "Actual Startup Time": 35.979,
                        "Actual Total Time": 35.98,
                        "Actual Rows": 765020,
                        "Actual Loops": 1,
                        "Index Cond": "(keyword_id < 721)"
                      }
                    ]
                  },
                  {
                    "Node Type": "Hash",
                    "Parent Relationship": "Inner",
                    "Parallel Aware": true,
                    "Startup Cost": 561202.07,
                    "Total Cost": 561202.07,
                    "Plan Rows": 826575,
                    "Plan Width": 8,
                    "Actual Startup Time": 4008.096,
                    "Actual Total Time": 4008.1,
                    "Actual Rows": 974528,
                    "Actual Loops": 2,
                    "Hash Buckets": 2097152,
                    "Original Hash Buckets": 2097152,
                    "Hash Batches": 1,
                    "Original Hash Batches": 1,
                    "Peak Memory Usage": 92672,
                    "Plans": [
                      {
                        "Node Type": "Hash Join",
                        "Parent Relationship": "Outer",
                        "Parallel Aware": true,
                        "Join Type": "Inner",
                        "Startup Cost": 39468.71,
                        "Total Cost": 561202.07,
                        "Plan Rows": 826575,
                        "Plan Width": 8,
                        "Actual Startup Time": 55.727,
                        "Actual Total Time": 3700.617,
                        "Actual Rows": 974528,
                        "Actual Loops": 2,
                        "Inner Unique": true,
                        "Hash Cond": "(ci.movie_id = t.id)",
                        "Plans": [
                          {
                            "Node Type": "Seq Scan",
                            "Parent Relationship": "Outer",
                            "Parallel Aware": true,
                            "Relation Name": "cast_info",
                            "Alias": "ci",
                            "Startup Cost": 0.0,
                            "Total Cost": 465792.95,
                            "Plan Rows": 21310595,
                            "Plan Width": 4,
                            "Actual Startup Time": 0.013,
                            "Actual Total Time": 1389.461,
                            "Actual Rows": 18122172,
                            "Actual Loops": 2
                          },
                          {
                            "Node Type": "Hash",
                            "Parent Relationship": "Inner",
                            "Parallel Aware": true,
                            "Startup Cost": 38747.65,
                            "Total Cost": 38747.65,
                            "Plan Rows": 57685,
                            "Plan Width": 4,
                            "Actual Startup Time": 54.993,
                            "Actual Total Time": 54.995,
                            "Actual Rows": 50229,
                            "Actual Loops": 2,
                            "Hash Buckets": 131072,
                            "Original Hash Buckets": 131072,
                            "Hash Batches": 1,
                            "Original Hash Batches": 1,
                            "Peak Memory Usage": 4992,
                            "Plans": [
                              {
                                "Node Type": "Bitmap Heap Scan",
                                "Parent Relationship": "Outer",
                                "Parallel Aware": true,
                                "Relation Name": "title",
                                "Alias": "t",
                                "Startup Cost": 1847.65,
                                "Total Cost": 38747.65,
                                "Plan Rows": 57685,
                                "Plan Width": 4,
                                "Actual Startup Time": 9.229,
                                "Actual Total Time": 44.046,
                                "Actual Rows": 50229,
                                "Actual Loops": 2,
                                "Recheck Cond": "(kind_id = 3)",
                                "Rows Removed by Index Recheck": 0,
                                "Filter": "(production_year > 1911)",
                                "Rows Removed by Filter": 40,
                                "Exact Heap Blocks": 10263,
                                "Lossy Heap Blocks": 0,
                                "Plans": [
                                  {
                                    "Node Type": "Bitmap Index Scan",
                                    "Parent Relationship": "Outer",
                                    "Parallel Aware": false,
                                    "Index Name": "kind_id_title",
                                    "Startup Cost": 0.0,
                                    "Total Cost": 1823.13,
                                    "Plan Rows": 102227,
                                    "Plan Width": 0,
                                    "Actual Startup Time": 6.746,
                                    "Actual Total Time": 6.747,
                                    "Actual Rows": 100537,
                                    "Actual Loops": 1,
                                    "Index Cond": "(kind_id = 3)"
                                  }
                                ]
                              }
                            ]
                          }
                        ]
                      }
                    ]
                  }
                ]
              }
            ]
          }
        ]
      }
    ]
  },
  "Planning Time": 0.957,
  "Triggers": [],
  "Execution Time": 4455.454
}