{
    "Plan": {
        "Node Type": "Aggregate",
        "Strategy": "Plain",
        "Partial Mode": "Simple",
        "Parallel Aware": false,
        "Startup Cost": 96822.82,
        "Total Cost": 96822.83,
        "Plan Rows": 1,
        "Plan Width": 8,
        "Actual Startup Time": 596.2,
        "Actual Total Time": 596.204,
        "Actual Rows": 1,
        "Actual Loops": 1,
        "Output": [
            "count(*)"
        ],
        "Plans": [
            {
                "Node Type": "Hash Join",
                "Parent Relationship": "Outer",
                "Parallel Aware": false,
                "Join Type": "Inner",
                "Startup Cost": 94866.39,
                "Total Cost": 96822.48,
                "Plan Rows": 134,
                "Plan Width": 0,
                "Actual Startup Time": 596.078,
                "Actual Total Time": 596.194,
                "Actual Rows": 20,
                "Actual Loops": 1,
                "Inner Unique": true,
                "Hash Cond": "(ci.movie_id = t.id)",
                "Plans": [
                    {
                        "Node Type": "Bitmap Heap Scan",
                        "Parent Relationship": "Outer",
                        "Parallel Aware": false,
                        "Relation Name": "cast_info",
                        "Schema": "public",
                        "Alias": "ci",
                        "Startup Cost": 12.47,
                        "Total Cost": 1967.24,
                        "Plan Rows": 504,
                        "Plan Width": 4,
                        "Actual Startup Time": 0.286,
                        "Actual Total Time": 0.305,
                        "Actual Rows": 166,
                        "Actual Loops": 1,
                        "Output": [
                            "ci.id",
                            "ci.person_id",
                            "ci.movie_id",
                            "ci.person_role_id",
                            "ci.note",
                            "ci.nr_order",
                            "ci.role_id"
                        ],
                        "Recheck Cond": "(ci.person_id = 2501413)",
                        "Rows Removed by Index Recheck": 0,
                        "Exact Heap Blocks": 2,
                        "Lossy Heap Blocks": 0,
                        "Plans": [
                            {
                                "Node Type": "Bitmap Index Scan",
                                "Parent Relationship": "Outer",
                                "Parallel Aware": false,
                                "Index Name": "person_id_cast_info",
                                "Startup Cost": 0.0,
                                "Total Cost": 12.34,
                                "Plan Rows": 504,
                                "Plan Width": 0,
                                "Actual Startup Time": 0.208,
                                "Actual Total Time": 0.209,
                                "Actual Rows": 166,
                                "Actual Loops": 1,
                                "Index Cond": "(ci.person_id = 2501413)"
                            }
                        ]
                    },
                    {
                        "Node Type": "Hash",
                        "Parent Relationship": "Inner",
                        "Parallel Aware": false,
                        "Startup Cost": 86478.77,
                        "Total Cost": 86478.77,
                        "Plan Rows": 670012,
                        "Plan Width": 4,
                        "Actual Startup Time": 585.556,
                        "Actual Total Time": 585.558,
                        "Actual Rows": 739679,
                        "Actual Loops": 1,
                        "Output": [
                            "t.id"
                        ],
                        "Hash Buckets": 1048576,
                        "Original Hash Buckets": 1048576,
                        "Hash Batches": 1,
                        "Original Hash Batches": 1,
                        "Peak Memory Usage": 34197,
                        "Plans": [
                            {
                                "Node Type": "Bitmap Heap Scan",
                                "Parent Relationship": "Outer",
                                "Parallel Aware": false,
                                "Relation Name": "title",
                                "Schema": "public",
                                "Alias": "t",
                                "Startup Cost": 27488.21,
                                "Total Cost": 86478.77,
                                "Plan Rows": 670012,
                                "Plan Width": 4,
                                "Actual Startup Time": 69.451,
                                "Actual Total Time": 377.373,
                                "Actual Rows": 739679,
                                "Actual Loops": 1,
                                "Output": [
                                    "t.id"
                                ],
                                "Recheck Cond": "(t.kind_id = 7)",
                                "Rows Removed by Index Recheck": 0,
                                "Filter": "(t.production_year > 2004)",
                                "Rows Removed by Filter": 803585,
                                "Exact Heap Blocks": 24710,
                                "Lossy Heap Blocks": 0,
                                "Plans": [
                                    {
                                        "Node Type": "Bitmap Index Scan",
                                        "Parent Relationship": "Outer",
                                        "Parallel Aware": false,
                                        "Index Name": "kind_id_title",
                                        "Startup Cost": 0.0,
                                        "Total Cost": 27320.71,
                                        "Plan Rows": 1532837,
                                        "Plan Width": 0,
                                        "Actual Startup Time": 66.028,
                                        "Actual Total Time": 66.029,
                                        "Actual Rows": 1543264,
                                        "Actual Loops": 1,
                                        "Index Cond": "(t.kind_id = 7)"
                                    }
                                ]
                            }
                        ]
                    }
                ]
            }
        ]
    },
    "Planning Time": 2.718,
    "Triggers": [],
    "Execution Time": 597.39
}