[
  {
    "Plan": {
      "Node Type": "Aggregate",
      "Strategy": "Plain",
      "Partial Mode": "Finalize",
      "Parallel Aware": false,
      "Startup Cost": 337090.66,
      "Total Cost": 337090.67,
      "Plan Rows": 1,
      "Plan Width": 8,
      "Actual Startup Time": 773.411,
      "Actual Total Time": 832.968,
      "Actual Rows": 1,
      "Actual Loops": 1,
      "Plans": [
        {
          "Node Type": "Gather",
          "Parent Relationship": "Outer",
          "Parallel Aware": false,
          "Startup Cost": 337090.04,
          "Total Cost": 337090.65,
          "Plan Rows": 6,
          "Plan Width": 8,
          "Actual Startup Time": 773.263,
          "Actual Total Time": 832.956,
          "Actual Rows": 7,
          "Actual Loops": 1,
          "Workers Planned": 6,
          "Workers Launched": 6,
          "Single Copy": false,
          "Plans": [
            {
              "Node Type": "Aggregate",
              "Strategy": "Plain",
              "Partial Mode": "Partial",
              "Parent Relationship": "Outer",
              "Parallel Aware": false,
              "Startup Cost": 336090.04,
              "Total Cost": 336090.05,
              "Plan Rows": 1,
              "Plan Width": 8,
              "Actual Startup Time": 765.224,
              "Actual Total Time": 765.225,
              "Actual Rows": 1,
              "Actual Loops": 7,
              "Plans": [
                {
                  "Node Type": "Seq Scan",
                  "Parent Relationship": "Outer",
                  "Parallel Aware": true,
                  "Relation Name": "cast_info",
                  "Alias": "ci",
                  "Startup Cost": 0.0,
                  "Total Cost": 328162.03,
                  "Plan Rows": 3171205,
                  "Plan Width": 0,
                  "Actual Startup Time": 194.92,
                  "Actual Total Time": 636.226,
                  "Actual Rows": 2708411,
                  "Actual Loops": 7,
                  "Filter": "(person_id > 1706646)",
                  "Rows Removed by Filter": 2469352
                }
              ]
            }
          ]
        }
      ]
    },
    "Planning Time": 0.211,
    "Triggers": [],
    "Execution Time": 833.044
  }
]