[
    {
        "Bao": {
            "Bao prediction": 451.102,
            "Bao recommended hint": "(no hint)"
        }
    },
    {
        "Plan": {
            "Node Type": "Aggregate",
            "Strategy": "Plain",
            "Partial Mode": "Finalize",
            "Parallel Aware": false,
            "Startup Cost": 33096.12,
            "Total Cost": 33096.13,
            "Plan Rows": 1,
            "Plan Width": 8,
            "Actual Startup Time": 158.941,
            "Actual Total Time": 167.084,
            "Actual Rows": 1,
            "Actual Loops": 1,
            "Output": [
                "count(*)"
            ],
            "Plans": [
                {
                    "Node Type": "Gather",
                    "Parent Relationship": "Outer",
                    "Parallel Aware": false,
                    "Startup Cost": 33095.8,
                    "Total Cost": 33096.11,
                    "Plan Rows": 3,
                    "Plan Width": 8,
                    "Actual Startup Time": 158.616,
                    "Actual Total Time": 167.074,
                    "Actual Rows": 4,
                    "Actual Loops": 1,
                    "Output": [
                        "(PARTIAL count(*))"
                    ],
                    "Workers Planned": 3,
                    "Workers Launched": 3,
                    "Single Copy": false,
                    "Plans": [
                        {
                            "Node Type": "Aggregate",
                            "Strategy": "Plain",
                            "Partial Mode": "Partial",
                            "Parent Relationship": "Outer",
                            "Parallel Aware": false,
                            "Startup Cost": 32095.8,
                            "Total Cost": 32095.81,
                            "Plan Rows": 1,
                            "Plan Width": 8,
                            "Actual Startup Time": 148.97,
                            "Actual Total Time": 148.971,
                            "Actual Rows": 1,
                            "Actual Loops": 4,
                            "Output": [
                                "PARTIAL count(*)"
                            ],
                            "Workers": [
                                {
                                    "Worker Number": 0,
                                    "Actual Startup Time": 144.622,
                                    "Actual Total Time": 144.624,
                                    "Actual Rows": 1,
                                    "Actual Loops": 1
                                },
                                {
                                    "Worker Number": 1,
                                    "Actual Startup Time": 144.661,
                                    "Actual Total Time": 144.664,
                                    "Actual Rows": 1,
                                    "Actual Loops": 1
                                },
                                {
                                    "Worker Number": 2,
                                    "Actual Startup Time": 148.646,
                                    "Actual Total Time": 148.647,
                                    "Actual Rows": 1,
                                    "Actual Loops": 1
                                }
                            ],
                            "Plans": [
                                {
                                    "Node Type": "Seq Scan",
                                    "Parent Relationship": "Outer",
                                    "Parallel Aware": true,
                                    "Relation Name": "movie_companies",
                                    "Schema": "public",
                                    "Alias": "mc",
                                    "Startup Cost": 0.0,
                                    "Total Cost": 31414.82,
                                    "Plan Rows": 272392,
                                    "Plan Width": 0,
                                    "Actual Startup Time": 62.035,
                                    "Actual Total Time": 127.793,
                                    "Actual Rows": 263357,
                                    "Actual Loops": 4,
                                    "Output": [
                                        "id",
                                        "movie_id",
                                        "company_id",
                                        "company_type_id",
                                        "note"
                                    ],
                                    "Filter": "((mc.company_id > 3757) AND (mc.company_type_id = 2))",
                                    "Rows Removed by Filter": 388926,
                                    "Workers": [
                                        {
                                            "Worker Number": 0,
                                            "Actual Startup Time": 57.701,
                                            "Actual Total Time": 125.132,
                                            "Actual Rows": 178733,
                                            "Actual Loops": 1
                                        },
                                        {
                                            "Worker Number": 1,
                                            "Actual Startup Time": 57.707,
                                            "Actual Total Time": 124.954,
                                            "Actual Rows": 161173,
                                            "Actual Loops": 1
                                        },
                                        {
                                            "Worker Number": 2,
                                            "Actual Startup Time": 61.714,
                                            "Actual Total Time": 126.61,
                                            "Actual Rows": 337751,
                                            "Actual Loops": 1
                                        }
                                    ]
                                }
                            ]
                        }
                    ]
                }
            ]
        },
        "Planning Time": 3058.468,
        "Triggers": [],
        "Execution Time": 167.177
    }
]