[
  {
    "Plan": {
      "Node Type": "Aggregate",
      "Strategy": "Plain",
      "Partial Mode": "Finalize",
      "Parallel Aware": false,
      "Startup Cost": 46747.13,
      "Total Cost": 46747.14,
      "Plan Rows": 1,
      "Plan Width": 8,
      "Actual Startup Time": 196.745,
      "Actual Total Time": 204.64,
      "Actual Rows": 1,
      "Actual Loops": 1,
      "Plans": [
        {
          "Node Type": "Gather",
          "Parent Relationship": "Outer",
          "Parallel Aware": false,
          "Startup Cost": 46746.81,
          "Total Cost": 46747.12,
          "Plan Rows": 3,
          "Plan Width": 8,
          "Actual Startup Time": 196.489,
          "Actual Total Time": 204.63,
          "Actual Rows": 4,
          "Actual Loops": 1,
          "Workers Planned": 3,
          "Workers Launched": 3,
          "Single Copy": false,
          "Plans": [
            {
              "Node Type": "Aggregate",
              "Strategy": "Plain",
              "Partial Mode": "Partial",
              "Parent Relationship": "Outer",
              "Parallel Aware": false,
              "Startup Cost": 45746.81,
              "Total Cost": 45746.82,
              "Plan Rows": 1,
              "Plan Width": 8,
              "Actual Startup Time": 188.009,
              "Actual Total Time": 188.011,
              "Actual Rows": 1,
              "Actual Loops": 4,
              "Plans": [
                {
                  "Node Type": "Seq Scan",
                  "Parent Relationship": "Outer",
                  "Parallel Aware": true,
                  "Relation Name": "movie_keyword",
                  "Alias": "mk",
                  "Startup Cost": 0.0,
                  "Total Cost": 42695.65,
                  "Plan Rows": 1220463,
                  "Plan Width": 0,
                  "Actual Startup Time": 0.121,
                  "Actual Total Time": 139.14,
                  "Actual Rows": 942085,
                  "Actual Loops": 4,
                  "Filter": "(keyword_id > 687)",
                  "Rows Removed by Filter": 188898
                }
              ]
            }
          ]
        }
      ]
    },
    "Planning Time": 0.157,
    "Triggers": [],
    "Execution Time": 204.692
  }
]