[
  {
    "Plan": {
      "Node Type": "Aggregate",
      "Strategy": "Plain",
      "Partial Mode": "Simple",
      "Parallel Aware": false,
      "Startup Cost": 8966.8,
      "Total Cost": 8966.81,
      "Plan Rows": 1,
      "Plan Width": 8,
      "Actual Startup Time": 9.66,
      "Actual Total Time": 9.662,
      "Actual Rows": 1,
      "Actual Loops": 1,
      "Plans": [
        {
          "Node Type": "Bitmap Heap Scan",
          "Parent Relationship": "Outer",
          "Parallel Aware": false,
          "Relation Name": "movie_info",
          "Alias": "mi",
          "Startup Cost": 47.53,
          "Total Cost": 8960.64,
          "Plan Rows": 2464,
          "Plan Width": 0,
          "Actual Startup Time": 1.962,
          "Actual Total Time": 8.814,
          "Actual Rows": 4797,
          "Actual Loops": 1,
          "Recheck Cond": "(info_type_id = 95)",
          "Rows Removed by Index Recheck": 0,
          "Exact Heap Blocks": 1561,
          "Lossy Heap Blocks": 0,
          "Plans": [
            {
              "Node Type": "Bitmap Index Scan",
              "Parent Relationship": "Outer",
              "Parallel Aware": false,
              "Index Name": "info_type_id_movie_info",
              "Startup Cost": 0.0,
              "Total Cost": 46.92,
              "Plan Rows": 2464,
              "Plan Width": 0,
              "Actual Startup Time": 1.372,
              "Actual Total Time": 1.372,
              "Actual Rows": 4797,
              "Actual Loops": 1,
              "Index Cond": "(info_type_id = 95)"
            }
          ]
        }
      ]
    },
    "Planning Time": 0.151,
    "Triggers": [],
    "Execution Time": 9.725
  }
]