[
    {
        "Bao": {
            "Bao prediction": "NaN",
            "Bao recommended hint": "(no hint)"
        }
    },
    {
        "Plan": {
            "Node Type": "Aggregate",
            "Strategy": "Plain",
            "Partial Mode": "Finalize",
            "Parallel Aware": false,
            "Startup Cost": 72855.73,
            "Total Cost": 72855.74,
            "Plan Rows": 1,
            "Plan Width": 8,
            "Actual Startup Time": 206.535,
            "Actual Total Time": 215.506,
            "Actual Rows": 1,
            "Actual Loops": 1,
            "Output": [
                "count(*)"
            ],
            "Plans": [
                {
                    "Node Type": "Gather",
                    "Parent Relationship": "Outer",
                    "Parallel Aware": false,
                    "Startup Cost": 72855.31,
                    "Total Cost": 72855.72,
                    "Plan Rows": 4,
                    "Plan Width": 8,
                    "Actual Startup Time": 205.356,
                    "Actual Total Time": 215.498,
                    "Actual Rows": 5,
                    "Actual Loops": 1,
                    "Output": [
                        "(PARTIAL count(*))"
                    ],
                    "Workers Planned": 4,
                    "Workers Launched": 4,
                    "Single Copy": false,
                    "Plans": [
                        {
                            "Node Type": "Aggregate",
                            "Strategy": "Plain",
                            "Partial Mode": "Partial",
                            "Parent Relationship": "Outer",
                            "Parallel Aware": false,
                            "Startup Cost": 71855.31,
                            "Total Cost": 71855.32,
                            "Plan Rows": 1,
                            "Plan Width": 8,
                            "Actual Startup Time": 195.778,
                            "Actual Total Time": 195.781,
                            "Actual Rows": 1,
                            "Actual Loops": 5,
                            "Output": [
                                "PARTIAL count(*)"
                            ],
                            "Workers": [
                                {
                                    "Worker Number": 0,
                                    "Actual Startup Time": 193.035,
                                    "Actual Total Time": 193.038,
                                    "Actual Rows": 1,
                                    "Actual Loops": 1
                                },
                                {
                                    "Worker Number": 1,
                                    "Actual Startup Time": 193.533,
                                    "Actual Total Time": 193.536,
                                    "Actual Rows": 1,
                                    "Actual Loops": 1
                                },
                                {
                                    "Worker Number": 2,
                                    "Actual Startup Time": 193.347,
                                    "Actual Total Time": 193.35,
                                    "Actual Rows": 1,
                                    "Actual Loops": 1
                                },
                                {
                                    "Worker Number": 3,
                                    "Actual Startup Time": 193.975,
                                    "Actual Total Time": 193.979,
                                    "Actual Rows": 1,
                                    "Actual Loops": 1
                                }
                            ],
                            "Plans": [
                                {
                                    "Node Type": "Hash Join",
                                    "Parent Relationship": "Outer",
                                    "Parallel Aware": true,
                                    "Join Type": "Inner",
                                    "Startup Cost": 26027.69,
                                    "Total Cost": 71703.19,
                                    "Plan Rows": 60850,
                                    "Plan Width": 0,
                                    "Actual Startup Time": 131.734,
                                    "Actual Total Time": 193.574,
                                    "Actual Rows": 49228,
                                    "Actual Loops": 5,
                                    "Inner Unique": false,
                                    "Hash Cond": "(t.id = mc.movie_id)",
                                    "Workers": [
                                        {
                                            "Worker Number": 0,
                                            "Actual Startup Time": 130.365,
                                            "Actual Total Time": 190.943,
                                            "Actual Rows": 45707,
                                            "Actual Loops": 1
                                        },
                                        {
                                            "Worker Number": 1,
                                            "Actual Startup Time": 128.095,
                                            "Actual Total Time": 191.35,
                                            "Actual Rows": 47468,
                                            "Actual Loops": 1
                                        },
                                        {
                                            "Worker Number": 2,
                                            "Actual Startup Time": 128.144,
                                            "Actual Total Time": 191.178,
                                            "Actual Rows": 46144,
                                            "Actual Loops": 1
                                        },
                                        {
                                            "Worker Number": 3,
                                            "Actual Startup Time": 131.147,
                                            "Actual Total Time": 191.808,
                                            "Actual Rows": 47260,
                                            "Actual Loops": 1
                                        }
                                    ],
                                    "Plans": [
                                        {
                                            "Node Type": "Seq Scan",
                                            "Parent Relationship": "Outer",
                                            "Parallel Aware": true,
                                            "Relation Name": "title",
                                            "Schema": "public",
                                            "Alias": "t",
                                            "Startup Cost": 0.0,
                                            "Total Cost": 42318.81,
                                            "Plan Rows": 632080,
                                            "Plan Width": 4,
                                            "Actual Startup Time": 0.009,
                                            "Actual Total Time": 58.261,
                                            "Actual Rows": 505662,
                                            "Actual Loops": 5,
                                            "Output": [
                                                "t.id",
                                                "t.title",
                                                "t.imdb_index",
                                                "t.kind_id",
                                                "t.production_year",
                                                "t.imdb_id",
                                                "t.phonetic_code",
                                                "t.episode_of_id",
                                                "t.season_nr",
                                                "t.episode_nr",
                                                "t.series_years",
                                                "t.md5sum"
                                            ],
                                            "Workers": [
                                                {
                                                    "Worker Number": 0,
                                                    "Actual Startup Time": 0.009,
                                                    "Actual Total Time": 59.55,
                                                    "Actual Rows": 464754,
                                                    "Actual Loops": 1
                                                },
                                                {
                                                    "Worker Number": 1,
                                                    "Actual Startup Time": 0.007,
                                                    "Actual Total Time": 61.097,
                                                    "Actual Rows": 491561,
                                                    "Actual Loops": 1
                                                },
                                                {
                                                    "Worker Number": 2,
                                                    "Actual Startup Time": 0.011,
                                                    "Actual Total Time": 59.681,
                                                    "Actual Rows": 459259,
                                                    "Actual Loops": 1
                                                },
                                                {
                                                    "Worker Number": 3,
                                                    "Actual Startup Time": 0.014,
                                                    "Actual Total Time": 60.367,
                                                    "Actual Rows": 484624,
                                                    "Actual Loops": 1
                                                }
                                            ]
                                        },
                                        {
                                            "Node Type": "Hash",
                                            "Parent Relationship": "Inner",
                                            "Parallel Aware": true,
                                            "Startup Cost": 25046.24,
                                            "Total Cost": 25046.24,
                                            "Plan Rows": 78516,
                                            "Plan Width": 4,
                                            "Actual Startup Time": 50.71,
                                            "Actual Total Time": 50.712,
                                            "Actual Rows": 49228,
                                            "Actual Loops": 5,
                                            "Output": [
                                                "mc.movie_id"
                                            ],
                                            "Hash Buckets": 262144,
                                            "Original Hash Buckets": 262144,
                                            "Hash Batches": 1,
                                            "Original Hash Batches": 1,
                                            "Peak Memory Usage": 11744,
                                            "Workers": [
                                                {
                                                    "Worker Number": 0,
                                                    "Actual Startup Time": 48.62,
                                                    "Actual Total Time": 48.621,
                                                    "Actual Rows": 37311,
                                                    "Actual Loops": 1
                                                },
                                                {
                                                    "Worker Number": 1,
                                                    "Actual Startup Time": 48.937,
                                                    "Actual Total Time": 48.938,
                                                    "Actual Rows": 42335,
                                                    "Actual Loops": 1
                                                },
                                                {
                                                    "Worker Number": 2,
                                                    "Actual Startup Time": 48.913,
                                                    "Actual Total Time": 48.915,
                                                    "Actual Rows": 33966,
                                                    "Actual Loops": 1
                                                },
                                                {
                                                    "Worker Number": 3,
                                                    "Actual Startup Time": 49.564,
                                                    "Actual Total Time": 49.565,
                                                    "Actual Rows": 33929,
                                                    "Actual Loops": 1
                                                }
                                            ],
                                            "Plans": [
                                                {
                                                    "Node Type": "Bitmap Heap Scan",
                                                    "Parent Relationship": "Outer",
                                                    "Parallel Aware": true,
                                                    "Relation Name": "movie_companies",
                                                    "Schema": "public",
                                                    "Alias": "mc",
                                                    "Startup Cost": 5274.79,
                                                    "Total Cost": 25046.24,
                                                    "Plan Rows": 78516,
                                                    "Plan Width": 4,
                                                    "Actual Startup Time": 5.853,
                                                    "Actual Total Time": 30.572,
                                                    "Actual Rows": 49228,
                                                    "Actual Loops": 5,
                                                    "Output": [
                                                        "mc.movie_id"
                                                    ],
                                                    "Recheck Cond": "(mc.company_id > 101818)",
                                                    "Rows Removed by Index Recheck": 0,
                                                    "Exact Heap Blocks": 1836,
                                                    "Lossy Heap Blocks": 0,
                                                    "Workers": [
                                                        {
                                                            "Worker Number": 0,
                                                            "Actual Startup Time": 3.712,
                                                            "Actual Total Time": 28.972,
                                                            "Actual Rows": 37311,
                                                            "Actual Loops": 1
                                                        },
                                                        {
                                                            "Worker Number": 1,
                                                            "Actual Startup Time": 4.077,
                                                            "Actual Total Time": 30.055,
                                                            "Actual Rows": 42335,
                                                            "Actual Loops": 1
                                                        },
                                                        {
                                                            "Worker Number": 2,
                                                            "Actual Startup Time": 4.244,
                                                            "Actual Total Time": 29.466,
                                                            "Actual Rows": 33966,
                                                            "Actual Loops": 1
                                                        },
                                                        {
                                                            "Worker Number": 3,
                                                            "Actual Startup Time": 4.709,
                                                            "Actual Total Time": 30.618,
                                                            "Actual Rows": 33929,
                                                            "Actual Loops": 1
                                                        }
                                                    ],
                                                    "Plans": [
                                                        {
                                                            "Node Type": "Bitmap Index Scan",
                                                            "Parent Relationship": "Outer",
                                                            "Parallel Aware": false,
                                                            "Index Name": "company_id_movie_companies",
                                                            "Startup Cost": 0.0,
                                                            "Total Cost": 5213.94,
                                                            "Plan Rows": 243401,
                                                            "Plan Width": 0,
                                                            "Actual Startup Time": 11.764,
                                                            "Actual Total Time": 11.764,
                                                            "Actual Rows": 246141,
                                                            "Actual Loops": 1,
                                                            "Index Cond": "(mc.company_id > 101818)"
                                                        }
                                                    ]
                                                }
                                            ]
                                        }
                                    ]
                                }
                            ]
                        }
                    ]
                }
            ]
        },
        "Planning Time": 223.321,
        "Triggers": [],
        "Execution Time": 215.569
    }
]