{
  "Plan": {
    "Node Type": "Aggregate",
    "Strategy": "Plain",
    "Partial Mode": "Finalize",
    "Parallel Aware": false,
    "Startup Cost": 77565.4,
    "Total Cost": 77565.41,
    "Plan Rows": 1,
    "Plan Width": 8,
    "Actual Startup Time": 279.722,
    "Actual Total Time": 294.984,
    "Actual Rows": 1,
    "Actual Loops": 1,
    "Plans": [
      {
        "Node Type": "Gather",
        "Parent Relationship": "Outer",
        "Parallel Aware": false,
        "Startup Cost": 77565.29,
        "Total Cost": 77565.4,
        "Plan Rows": 1,
        "Plan Width": 8,
        "Actual Startup Time": 279.531,
        "Actual Total Time": 294.976,
        "Actual Rows": 2,
        "Actual Loops": 1,
        "Workers Planned": 1,
        "Workers Launched": 1,
        "Single Copy": false,
        "Plans": [
          {
            "Node Type": "Aggregate",
            "Strategy": "Plain",
            "Partial Mode": "Partial",
            "Parent Relationship": "Outer",
            "Parallel Aware": false,
            "Startup Cost": 76565.29,
            "Total Cost": 76565.3,
            "Plan Rows": 1,
            "Plan Width": 8,
            "Actual Startup Time": 273.87,
            "Actual Total Time": 273.873,
            "Actual Rows": 1,
            "Actual Loops": 2,
            "Plans": [
              {
                "Node Type": "Hash Join",
                "Parent Relationship": "Outer",
                "Parallel Aware": true,
                "Join Type": "Inner",
                "Startup Cost": 58374.12,
                "Total Cost": 76557.91,
                "Plan Rows": 2954,
                "Plan Width": 0,
                "Actual Startup Time": 159.333,
                "Actual Total Time": 273.71,
                "Actual Rows": 2794,
                "Actual Loops": 2,
                "Inner Unique": true,
                "Hash Cond": "(mi_idx.movie_id = t.id)",
                "Plans": [
                  {
                    "Node Type": "Seq Scan",
                    "Parent Relationship": "Outer",
                    "Parallel Aware": true,
                    "Relation Name": "movie_info_idx",
                    "Alias": "mi_idx",
                    "Startup Cost": 0.0,
                    "Total Cost": 16052.85,
                    "Plan Rows": 811785,
                    "Plan Width": 4,
                    "Actual Startup Time": 0.021,
                    "Actual Total Time": 56.508,
                    "Actual Rows": 690018,
                    "Actual Loops": 2
                  },
                  {
                    "Node Type": "Hash",
                    "Parent Relationship": "Inner",
                    "Parallel Aware": true,
                    "Startup Cost": 58306.47,
                    "Total Cost": 58306.47,
                    "Plan Rows": 5412,
                    "Plan Width": 4,
                    "Actual Startup Time": 157.921,
                    "Actual Total Time": 157.922,
                    "Actual Rows": 4960,
                    "Actual Loops": 2,
                    "Hash Buckets": 16384,
                    "Original Hash Buckets": 16384,
                    "Hash Batches": 1,
                    "Original Hash Batches": 1,
                    "Peak Memory Usage": 576,
                    "Plans": [
                      {
                        "Node Type": "Seq Scan",
                        "Parent Relationship": "Outer",
                        "Parallel Aware": true,
                        "Relation Name": "title",
                        "Alias": "t",
                        "Startup Cost": 0.0,
                        "Total Cost": 58306.47,
                        "Plan Rows": 5412,
                        "Plan Width": 4,
                        "Actual Startup Time": 0.061,
                        "Actual Total Time": 155.68,
                        "Actual Rows": 4960,
                        "Actual Loops": 2,
                        "Filter": "((kind_id > 1) AND (production_year = 1966))",
                        "Rows Removed by Filter": 1259196
                      }
                    ]
                  }
                ]
              }
            ]
          }
        ]
      }
    ]
  },
  "Planning Time": 0.433,
  "Triggers": [],
  "Execution Time": 295.052
}