[
  {
    "Plan": {
      "Node Type": "Aggregate",
      "Strategy": "Plain",
      "Partial Mode": "Finalize",
      "Parallel Aware": false,
      "Startup Cost": 518510.39,
      "Total Cost": 518510.4,
      "Plan Rows": 1,
      "Plan Width": 8,
      "Actual Startup Time": 4037.133,
      "Actual Total Time": 4094.18,
      "Actual Rows": 1,
      "Actual Loops": 1,
      "Plans": [
        {
          "Node Type": "Gather",
          "Parent Relationship": "Outer",
          "Parallel Aware": false,
          "Startup Cost": 518509.87,
          "Total Cost": 518510.38,
          "Plan Rows": 5,
          "Plan Width": 8,
          "Actual Startup Time": 4016.126,
          "Actual Total Time": 4094.165,
          "Actual Rows": 6,
          "Actual Loops": 1,
          "Workers Planned": 5,
          "Workers Launched": 5,
          "Single Copy": false,
          "Plans": [
            {
              "Node Type": "Aggregate",
              "Strategy": "Plain",
              "Partial Mode": "Partial",
              "Parent Relationship": "Outer",
              "Parallel Aware": false,
              "Startup Cost": 517509.87,
              "Total Cost": 517509.88,
              "Plan Rows": 1,
              "Plan Width": 8,
              "Actual Startup Time": 4006.181,
              "Actual Total Time": 4006.744,
              "Actual Rows": 1,
              "Actual Loops": 6,
              "Plans": [
                {
                  "Node Type": "Hash Join",
                  "Parent Relationship": "Outer",
                  "Parallel Aware": true,
                  "Join Type": "Inner",
                  "Startup Cost": 304889.15,
                  "Total Cost": 511629.3,
                  "Plan Rows": 2352228,
                  "Plan Width": 0,
                  "Actual Startup Time": 977.405,
                  "Actual Total Time": 3350.051,
                  "Actual Rows": 16137438,
                  "Actual Loops": 6,
                  "Inner Unique": false,
                  "Hash Cond": "(mi.movie_id = t.id)",
                  "Plans": [
                    {
                      "Node Type": "Seq Scan",
                      "Parent Relationship": "Outer",
                      "Parallel Aware": true,
                      "Relation Name": "movie_info",
                      "Alias": "mi",
                      "Startup Cost": 0.0,
                      "Total Cost": 191685.19,
                      "Plan Rows": 2969219,
                      "Plan Width": 4,
                      "Actual Startup Time": 0.029,
                      "Actual Total Time": 287.135,
                      "Actual Rows": 2472620,
                      "Actual Loops": 6
                    },
                    {
                      "Node Type": "Hash",
                      "Parent Relationship": "Inner",
                      "Parallel Aware": true,
                      "Startup Cost": 300716.18,
                      "Total Cost": 300716.18,
                      "Plan Rows": 333838,
                      "Plan Width": 8,
                      "Actual Startup Time": 973.248,
                      "Actual Total Time": 973.808,
                      "Actual Rows": 388672,
                      "Actual Loops": 6,
                      "Hash Buckets": 4194304,
                      "Original Hash Buckets": 2097152,
                      "Hash Batches": 1,
                      "Original Hash Batches": 1,
                      "Peak Memory Usage": 140448,
                      "Plans": [
                        {
                          "Node Type": "Hash Join",
                          "Parent Relationship": "Outer",
                          "Parallel Aware": true,
                          "Join Type": "Inner",
                          "Startup Cost": 47157.99,
                          "Total Cost": 300716.18,
                          "Plan Rows": 333838,
                          "Plan Width": 8,
                          "Actual Startup Time": 133.388,
                          "Actual Total Time": 746.693,
                          "Actual Rows": 388672,
                          "Actual Loops": 6,
                          "Inner Unique": true,
                          "Hash Cond": "(ci.movie_id = t.id)",
                          "Plans": [
                            {
                              "Node Type": "Index Scan",
                              "Parent Relationship": "Outer",
                              "Parallel Aware": true,
                              "Scan Direction": "Forward",
                              "Index Name": "role_id_cast_info",
                              "Relation Name": "cast_info",
                              "Alias": "ci",
                              "Startup Cost": 0.56,
                              "Total Cost": 249431.94,
                              "Plan Rows": 1572116,
                              "Plan Width": 4,
                              "Actual Startup Time": 0.263,
                              "Actual Total Time": 258.639,
                              "Actual Rows": 1564117,
                              "Actual Loops": 6,
                              "Index Cond": "(role_id > 4)",
                              "Rows Removed by Index Recheck": 0
                            },
                            {
                              "Node Type": "Hash",
                              "Parent Relationship": "Inner",
                              "Parallel Aware": true,
                              "Startup Cost": 45479.59,
                              "Total Cost": 45479.59,
                              "Plan Rows": 134227,
                              "Plan Width": 4,
                              "Actual Startup Time": 132.033,
                              "Actual Total Time": 132.034,
                              "Actual Rows": 94157,
                              "Actual Loops": 6,
                              "Hash Buckets": 1048576,
                              "Original Hash Buckets": 1048576,
                              "Hash Batches": 1,
                              "Original Hash Batches": 1,
                              "Peak Memory Usage": 30400,
                              "Plans": [
                                {
                                  "Node Type": "Seq Scan",
                                  "Parent Relationship": "Outer",
                                  "Parallel Aware": true,
                                  "Relation Name": "title",
                                  "Alias": "t",
                                  "Startup Cost": 0.0,
                                  "Total Cost": 45479.59,
                                  "Plan Rows": 134227,
                                  "Plan Width": 4,
                                  "Actual Startup Time": 0.051,
                                  "Actual Total Time": 88.304,
                                  "Actual Rows": 94157,
                                  "Actual Loops": 6,
                                  "Filter": "((kind_id < 3) AND (production_year < 2009))",
                                  "Rows Removed by Filter": 327228
                                }
                              ]
                            }
                          ]
                        }
                      ]
                    }
                  ]
                }
              ]
            }
          ]
        }
      ]
    },
    "Planning Time": 0.425,
    "Triggers": [],
    "Execution Time": 4094.237
  }
]