{
  "Plan": {
    "Node Type": "Aggregate",
    "Strategy": "Plain",
    "Partial Mode": "Finalize",
    "Parallel Aware": false,
    "Startup Cost": 138266.01,
    "Total Cost": 138266.02,
    "Plan Rows": 1,
    "Plan Width": 8,
    "Actual Startup Time": 541.9,
    "Actual Total Time": 576.654,
    "Actual Rows": 1,
    "Actual Loops": 1,
    "Plans": [
      {
        "Node Type": "Gather",
        "Parent Relationship": "Outer",
        "Parallel Aware": false,
        "Startup Cost": 138265.89,
        "Total Cost": 138266.0,
        "Plan Rows": 1,
        "Plan Width": 8,
        "Actual Startup Time": 541.575,
        "Actual Total Time": 576.647,
        "Actual Rows": 2,
        "Actual Loops": 1,
        "Workers Planned": 1,
        "Workers Launched": 1,
        "Single Copy": false,
        "Plans": [
          {
            "Node Type": "Aggregate",
            "Strategy": "Plain",
            "Partial Mode": "Partial",
            "Parent Relationship": "Outer",
            "Parallel Aware": false,
            "Startup Cost": 137265.89,
            "Total Cost": 137265.9,
            "Plan Rows": 1,
            "Plan Width": 8,
            "Actual Startup Time": 535.263,
            "Actual Total Time": 535.267,
            "Actual Rows": 1,
            "Actual Loops": 2,
            "Plans": [
              {
                "Node Type": "Nested Loop",
                "Parent Relationship": "Outer",
                "Parallel Aware": false,
                "Join Type": "Inner",
                "Startup Cost": 21059.17,
                "Total Cost": 137013.62,
                "Plan Rows": 100911,
                "Plan Width": 0,
                "Actual Startup Time": 40.063,
                "Actual Total Time": 525.856,
                "Actual Rows": 194860,
                "Actual Loops": 2,
                "Inner Unique": false,
                "Plans": [
                  {
                    "Node Type": "Hash Join",
                    "Parent Relationship": "Outer",
                    "Parallel Aware": true,
                    "Join Type": "Inner",
                    "Startup Cost": 21058.73,
                    "Total Cost": 82663.05,
                    "Plan Rows": 27058,
                    "Plan Width": 8,
                    "Actual Startup Time": 39.986,
                    "Actual Total Time": 297.235,
                    "Actual Rows": 30226,
                    "Actual Loops": 2,
                    "Inner Unique": false,
                    "Hash Cond": "(t.id = mc.movie_id)",
                    "Plans": [
                      {
                        "Node Type": "Seq Scan",
                        "Parent Relationship": "Outer",
                        "Parallel Aware": true,
                        "Relation Name": "title",
                        "Alias": "t",
                        "Startup Cost": 0.0,
                        "Total Cost": 54588.39,
                        "Plan Rows": 1097081,
                        "Plan Width": 4,
                        "Actual Startup Time": 0.013,
                        "Actual Total Time": 141.071,
                        "Actual Rows": 932744,
                        "Actual Loops": 2,
                        "Filter": "(kind_id > 1)",
                        "Rows Removed by Filter": 331412
                      },
                      {
                        "Node Type": "Hash",
                        "Parent Relationship": "Inner",
                        "Parallel Aware": true,
                        "Startup Cost": 20600.22,
                        "Total Cost": 20600.22,
                        "Plan Rows": 36681,
                        "Plan Width": 4,
                        "Actual Startup Time": 38.493,
                        "Actual Total Time": 38.494,
                        "Actual Rows": 31038,
                        "Actual Loops": 2,
                        "Hash Buckets": 65536,
                        "Original Hash Buckets": 65536,
                        "Hash Batches": 1,
                        "Original Hash Batches": 1,
                        "Peak Memory Usage": 2976,
                        "Plans": [
                          {
                            "Node Type": "Bitmap Heap Scan",
                            "Parent Relationship": "Outer",
                            "Parallel Aware": true,
                            "Relation Name": "movie_companies",
                            "Alias": "mc",
                            "Startup Cost": 1351.7,
                            "Total Cost": 20600.22,
                            "Plan Rows": 36681,
                            "Plan Width": 4,
                            "Actual Startup Time": 6.98,
                            "Actual Total Time": 27.604,
                            "Actual Rows": 31038,
                            "Actual Loops": 2,
                            "Recheck Cond": "(company_id = 6)",
                            "Rows Removed by Index Recheck": 0,
                            "Exact Heap Blocks": 4141,
                            "Lossy Heap Blocks": 0,
                            "Plans": [
                              {
                                "Node Type": "Bitmap Index Scan",
                                "Parent Relationship": "Outer",
                                "Parallel Aware": false,
                                "Index Name": "company_id_movie_companies",
                                "Startup Cost": 0.0,
                                "Total Cost": 1336.12,
                                "Plan Rows": 62358,
                                "Plan Width": 0,
                                "Actual Startup Time": 9.396,
                                "Actual Total Time": 9.396,
                                "Actual Rows": 62075,
                                "Actual Loops": 1,
                                "Index Cond": "(company_id = 6)"
                              }
                            ]
                          }
                        ]
                      }
                    ]
                  },
                  {
                    "Node Type": "Index Scan",
                    "Parent Relationship": "Inner",
                    "Parallel Aware": false,
                    "Scan Direction": "Forward",
                    "Index Name": "movie_id_movie_info",
                    "Relation Name": "movie_info",
                    "Alias": "mi",
                    "Startup Cost": 0.43,
                    "Total Cost": 1.74,
                    "Plan Rows": 27,
                    "Plan Width": 4,
                    "Actual Startup Time": 0.003,
                    "Actual Total Time": 0.007,
                    "Actual Rows": 6,
                    "Actual Loops": 60452,
                    "Index Cond": "(movie_id = t.id)",
                    "Rows Removed by Index Recheck": 0,
                    "Filter": "(info_type_id > 5)",
                    "Rows Removed by Filter": 3
                  }
                ]
              }
            ]
          }
        ]
      }
    ]
  },
  "Planning Time": 0.962,
  "Triggers": [],
  "Execution Time": 576.762
}