[
  {
    "Plan": {
      "Node Type": "Aggregate",
      "Strategy": "Plain",
      "Partial Mode": "Finalize",
      "Parallel Aware": false,
      "Startup Cost": 76667.79,
      "Total Cost": 76667.8,
      "Plan Rows": 1,
      "Plan Width": 8,
      "Actual Startup Time": 213.751,
      "Actual Total Time": 229.095,
      "Actual Rows": 1,
      "Actual Loops": 1,
      "Plans": [
        {
          "Node Type": "Gather",
          "Parent Relationship": "Outer",
          "Parallel Aware": false,
          "Startup Cost": 76667.47,
          "Total Cost": 76667.78,
          "Plan Rows": 3,
          "Plan Width": 8,
          "Actual Startup Time": 211.707,
          "Actual Total Time": 229.087,
          "Actual Rows": 4,
          "Actual Loops": 1,
          "Workers Planned": 3,
          "Workers Launched": 3,
          "Single Copy": false,
          "Plans": [
            {
              "Node Type": "Aggregate",
              "Strategy": "Plain",
              "Partial Mode": "Partial",
              "Parent Relationship": "Outer",
              "Parallel Aware": false,
              "Startup Cost": 75667.47,
              "Total Cost": 75667.48,
              "Plan Rows": 1,
              "Plan Width": 8,
              "Actual Startup Time": 202.555,
              "Actual Total Time": 202.559,
              "Actual Rows": 1,
              "Actual Loops": 4,
              "Plans": [
                {
                  "Node Type": "Hash Join",
                  "Parent Relationship": "Outer",
                  "Parallel Aware": true,
                  "Join Type": "Inner",
                  "Startup Cost": 50294.14,
                  "Total Cost": 75650.69,
                  "Plan Rows": 6714,
                  "Plan Width": 0,
                  "Actual Startup Time": 152.38,
                  "Actual Total Time": 201.403,
                  "Actual Rows": 20884,
                  "Actual Loops": 4,
                  "Inner Unique": true,
                  "Hash Cond": "(mk.movie_id = t.id)",
                  "Plans": [
                    {
                      "Node Type": "Bitmap Heap Scan",
                      "Parent Relationship": "Outer",
                      "Parallel Aware": true,
                      "Relation Name": "movie_keyword",
                      "Alias": "mk",
                      "Startup Cost": 3926.06,
                      "Total Cost": 29125.96,
                      "Plan Rows": 59672,
                      "Plan Width": 4,
                      "Actual Startup Time": 15.359,
                      "Actual Total Time": 51.629,
                      "Actual Rows": 46706,
                      "Actual Loops": 4,
                      "Recheck Cond": "(keyword_id > 71441)",
                      "Rows Removed by Index Recheck": 0,
                      "Exact Heap Blocks": 6806,
                      "Lossy Heap Blocks": 0,
                      "Plans": [
                        {
                          "Node Type": "Bitmap Index Scan",
                          "Parent Relationship": "Outer",
                          "Parallel Aware": false,
                          "Index Name": "keyword_id_movie_keyword",
                          "Startup Cost": 0.0,
                          "Total Cost": 3879.81,
                          "Plan Rows": 184984,
                          "Plan Width": 0,
                          "Actual Startup Time": 12.367,
                          "Actual Total Time": 12.368,
                          "Actual Rows": 186824,
                          "Actual Loops": 1,
                          "Index Cond": "(keyword_id > 71441)"
                        }
                      ]
                    },
                    {
                      "Node Type": "Hash",
                      "Parent Relationship": "Inner",
                      "Parallel Aware": true,
                      "Startup Cost": 45479.1,
                      "Total Cost": 45479.1,
                      "Plan Rows": 71119,
                      "Plan Width": 4,
                      "Actual Startup Time": 133.535,
                      "Actual Total Time": 133.536,
                      "Actual Rows": 100373,
                      "Actual Loops": 4,
                      "Hash Buckets": 524288,
                      "Original Hash Buckets": 524288,
                      "Hash Batches": 1,
                      "Original Hash Batches": 1,
                      "Peak Memory Usage": 19872,
                      "Plans": [
                        {
                          "Node Type": "Seq Scan",
                          "Parent Relationship": "Outer",
                          "Parallel Aware": true,
                          "Relation Name": "title",
                          "Alias": "t",
                          "Startup Cost": 0.0,
                          "Total Cost": 45479.1,
                          "Plan Rows": 71119,
                          "Plan Width": 4,
                          "Actual Startup Time": 0.073,
                          "Actual Total Time": 99.976,
                          "Actual Rows": 100373,
                          "Actual Loops": 4,
                          "Filter": "((kind_id < 7) AND (production_year < 1992))",
                          "Rows Removed by Filter": 531705
                        }
                      ]
                    }
                  ]
                }
              ]
            }
          ]
        }
      ]
    },
    "Planning Time": 0.622,
    "Triggers": [],
    "Execution Time": 229.182
  }
]