[
  {
    "Plan": {
      "Node Type": "Aggregate",
      "Strategy": "Plain",
      "Partial Mode": "Finalize",
      "Parallel Aware": false,
      "Startup Cost": 46030.61,
      "Total Cost": 46030.62,
      "Plan Rows": 1,
      "Plan Width": 8,
      "Actual Startup Time": 152.751,
      "Actual Total Time": 162.246,
      "Actual Rows": 1,
      "Actual Loops": 1,
      "Plans": [
        {
          "Node Type": "Gather",
          "Parent Relationship": "Outer",
          "Parallel Aware": false,
          "Startup Cost": 46030.29,
          "Total Cost": 46030.6,
          "Plan Rows": 3,
          "Plan Width": 8,
          "Actual Startup Time": 152.659,
          "Actual Total Time": 162.239,
          "Actual Rows": 4,
          "Actual Loops": 1,
          "Workers Planned": 3,
          "Workers Launched": 3,
          "Single Copy": false,
          "Plans": [
            {
              "Node Type": "Aggregate",
              "Strategy": "Plain",
              "Partial Mode": "Partial",
              "Parent Relationship": "Outer",
              "Parallel Aware": false,
              "Startup Cost": 45030.29,
              "Total Cost": 45030.3,
              "Plan Rows": 1,
              "Plan Width": 8,
              "Actual Startup Time": 148.146,
              "Actual Total Time": 148.147,
              "Actual Rows": 1,
              "Actual Loops": 4,
              "Plans": [
                {
                  "Node Type": "Seq Scan",
                  "Parent Relationship": "Outer",
                  "Parallel Aware": true,
                  "Relation Name": "movie_keyword",
                  "Alias": "mk",
                  "Startup Cost": 0.0,
                  "Total Cost": 42695.65,
                  "Plan Rows": 933855,
                  "Plan Width": 0,
                  "Actual Startup Time": 0.036,
                  "Actual Total Time": 116.302,
                  "Actual Rows": 722224,
                  "Actual Loops": 4,
                  "Filter": "(keyword_id < 9079)",
                  "Rows Removed by Filter": 408759
                }
              ]
            }
          ]
        }
      ]
    },
    "Planning Time": 0.193,
    "Triggers": [],
    "Execution Time": 162.304
  }
]