{
    "Plan": {
        "Node Type": "Aggregate",
        "Strategy": "Plain",
        "Partial Mode": "Simple",
        "Parallel Aware": false,
        "Startup Cost": 80020304508.43,
        "Total Cost": 80020304508.44,
        "Plan Rows": 1,
        "Plan Width": 64,
        "Actual Startup Time": 73964.315,
        "Actual Total Time": 73964.32,
        "Actual Rows": 1,
        "Actual Loops": 1,
        "Output": [
            "min(an.name)",
            "min(t.title)"
        ],
        "Plans": [
            {
                "Node Type": "Nested Loop",
                "Parent Relationship": "Outer",
                "Parallel Aware": false,
                "Join Type": "Inner",
                "Startup Cost": 80000000004.06,
                "Total Cost": 80020304507.11,
                "Plan Rows": 263,
                "Plan Width": 33,
                "Actual Startup Time": 60.74,
                "Actual Total Time": 73929.401,
                "Actual Rows": 113075,
                "Actual Loops": 1,
                "Output": [
                    "an.name",
                    "t.title"
                ],
                "Inner Unique": true,
                "Plans": [
                    {
                        "Node Type": "Nested Loop",
                        "Parent Relationship": "Outer",
                        "Parallel Aware": false,
                        "Join Type": "Inner",
                        "Startup Cost": 70000000003.62,
                        "Total Cost": 70020290719.5,
                        "Plan Rows": 3094,
                        "Plan Width": 28,
                        "Actual Startup Time": 13.397,
                        "Actual Total Time": 58159.706,
                        "Actual Rows": 3710592,
                        "Actual Loops": 1,
                        "Output": [
                            "an.name",
                            "ci.movie_id",
                            "mc.movie_id",
                            "mk.movie_id"
                        ],
                        "Inner Unique": false,
                        "Join Filter": "(n.id = an.person_id)",
                        "Rows Removed by Join Filter": 0,
                        "Plans": [
                            {
                                "Node Type": "Nested Loop",
                                "Parent Relationship": "Outer",
                                "Parallel Aware": false,
                                "Join Type": "Inner",
                                "Startup Cost": 60000000003.18,
                                "Total Cost": 60020284948.74,
                                "Plan Rows": 1285,
                                "Plan Width": 20,
                                "Actual Startup Time": 13.307,
                                "Actual Total Time": 42510.374,
                                "Actual Rows": 2832555,
                                "Actual Loops": 1,
                                "Output": [
                                    "ci.person_id",
                                    "ci.movie_id",
                                    "mc.movie_id",
                                    "mk.movie_id",
                                    "n.id"
                                ],
                                "Inner Unique": true,
                                "Plans": [
                                    {
                                        "Node Type": "Nested Loop",
                                        "Parent Relationship": "Outer",
                                        "Parallel Aware": false,
                                        "Join Type": "Inner",
                                        "Startup Cost": 50000000002.74,
                                        "Total Cost": 50020279228.04,
                                        "Plan Rows": 1285,
                                        "Plan Width": 16,
                                        "Actual Startup Time": 13.224,
                                        "Actual Total Time": 26644.584,
                                        "Actual Rows": 2832555,
                                        "Actual Loops": 1,
                                        "Output": [
                                            "ci.person_id",
                                            "ci.movie_id",
                                            "mc.movie_id",
                                            "mk.movie_id"
                                        ],
                                        "Inner Unique": false,
                                        "Plans": [
                                            {
                                                "Node Type": "Nested Loop",
                                                "Parent Relationship": "Outer",
                                                "Parallel Aware": false,
                                                "Join Type": "Inner",
                                                "Startup Cost": 40000000001.77,
                                                "Total Cost": 40020278849.12,
                                                "Plan Rows": 65,
                                                "Plan Width": 8,
                                                "Actual Startup Time": 6.628,
                                                "Actual Total Time": 22331.637,
                                                "Actual Rows": 68316,
                                                "Actual Loops": 1,
                                                "Output": [
                                                    "mc.movie_id",
                                                    "mk.movie_id"
                                                ],
                                                "Inner Unique": true,
                                                "Plans": [
                                                    {
                                                        "Node Type": "Nested Loop",
                                                        "Parent Relationship": "Outer",
                                                        "Parallel Aware": false,
                                                        "Join Type": "Inner",
                                                        "Startup Cost": 30000000001.34,
                                                        "Total Cost": 30020278035.85,
                                                        "Plan Rows": 183,
                                                        "Plan Width": 12,
                                                        "Actual Startup Time": 4.814,
                                                        "Actual Total Time": 21426.75,
                                                        "Actual Rows": 148552,
                                                        "Actual Loops": 1,
                                                        "Output": [
                                                            "mk.movie_id",
                                                            "mc.movie_id",
                                                            "mc.company_id"
                                                        ],
                                                        "Inner Unique": false,
                                                        "Plans": [
                                                            {
                                                                "Node Type": "Nested Loop",
                                                                "Parent Relationship": "Outer",
                                                                "Parallel Aware": false,
                                                                "Join Type": "Inner",
                                                                "Startup Cost": 20000000000.86,
                                                                "Total Cost": 20020277879.81,
                                                                "Plan Rows": 34,
                                                                "Plan Width": 4,
                                                                "Actual Startup Time": 2.015,
                                                                "Actual Total Time": 21057.006,
                                                                "Actual Rows": 41840,
                                                                "Actual Loops": 1,
                                                                "Output": [
                                                                    "mk.movie_id"
                                                                ],
                                                                "Inner Unique": true,
                                                                "Plans": [
                                                                    {
                                                                        "Node Type": "Index Scan",
                                                                        "Parent Relationship": "Outer",
                                                                        "Parallel Aware": false,
                                                                        "Scan Direction": "Forward",
                                                                        "Index Name": "movie_id_movie_keyword",
                                                                        "Relation Name": "movie_keyword",
                                                                        "Schema": "public",
                                                                        "Alias": "mk",
                                                                        "Startup Cost": 10000000000.43,
                                                                        "Total Cost": 10000177177.46,
                                                                        "Plan Rows": 4523930,
                                                                        "Plan Width": 8,
                                                                        "Actual Startup Time": 0.09,
                                                                        "Actual Total Time": 1260.436,
                                                                        "Actual Rows": 4523930,
                                                                        "Actual Loops": 1,
                                                                        "Output": [
                                                                            "mk.id",
                                                                            "mk.movie_id",
                                                                            "mk.keyword_id"
                                                                        ]
                                                                    },
                                                                    {
                                                                        "Node Type": "Bitmap Heap Scan",
                                                                        "Parent Relationship": "Inner",
                                                                        "Parallel Aware": false,
                                                                        "Relation Name": "keyword",
                                                                        "Schema": "public",
                                                                        "Alias": "k",
                                                                        "Startup Cost": 0.43,
                                                                        "Total Cost": 4.44,
                                                                        "Plan Rows": 1,
                                                                        "Plan Width": 4,
                                                                        "Actual Startup Time": 0.003,
                                                                        "Actual Total Time": 0.003,
                                                                        "Actual Rows": 0,
                                                                        "Actual Loops": 4523930,
                                                                        "Output": [
                                                                            "k.id",
                                                                            "k.keyword",
                                                                            "k.phonetic_code"
                                                                        ],
                                                                        "Recheck Cond": "(k.id = mk.keyword_id)",
                                                                        "Rows Removed by Index Recheck": 0,
                                                                        "Filter": "(k.keyword = 'character-name-in-title'::text)",
                                                                        "Rows Removed by Filter": 1,
                                                                        "Exact Heap Blocks": 4523930,
                                                                        "Lossy Heap Blocks": 0,
                                                                        "Plans": [
                                                                            {
                                                                                "Node Type": "Bitmap Index Scan",
                                                                                "Parent Relationship": "Outer",
                                                                                "Parallel Aware": false,
                                                                                "Index Name": "keyword_pkey",
                                                                                "Startup Cost": 0.0,
                                                                                "Total Cost": 0.43,
                                                                                "Plan Rows": 1,
                                                                                "Plan Width": 0,
                                                                                "Actual Startup Time": 0.002,
                                                                                "Actual Total Time": 0.002,
                                                                                "Actual Rows": 1,
                                                                                "Actual Loops": 4523930,
                                                                                "Index Cond": "(k.id = mk.keyword_id)"
                                                                            }
                                                                        ]
                                                                    }
                                                                ]
                                                            },
                                                            {
                                                                "Node Type": "Bitmap Heap Scan",
                                                                "Parent Relationship": "Inner",
                                                                "Parallel Aware": false,
                                                                "Relation Name": "movie_companies",
                                                                "Schema": "public",
                                                                "Alias": "mc",
                                                                "Startup Cost": 0.48,
                                                                "Total Cost": 4.54,
                                                                "Plan Rows": 5,
                                                                "Plan Width": 8,
                                                                "Actual Startup Time": 0.005,
                                                                "Actual Total Time": 0.007,
                                                                "Actual Rows": 4,
                                                                "Actual Loops": 41840,
                                                                "Output": [
                                                                    "mc.id",
                                                                    "mc.movie_id",
                                                                    "mc.company_id",
                                                                    "mc.company_type_id",
                                                                    "mc.note"
                                                                ],
                                                                "Recheck Cond": "(mc.movie_id = mk.movie_id)",
                                                                "Rows Removed by Index Recheck": 0,
                                                                "Exact Heap Blocks": 62780,
                                                                "Lossy Heap Blocks": 0,
                                                                "Plans": [
                                                                    {
                                                                        "Node Type": "Bitmap Index Scan",
                                                                        "Parent Relationship": "Outer",
                                                                        "Parallel Aware": false,
                                                                        "Index Name": "movie_id_movie_companies",
                                                                        "Startup Cost": 0.0,
                                                                        "Total Cost": 0.48,
                                                                        "Plan Rows": 5,
                                                                        "Plan Width": 0,
                                                                        "Actual Startup Time": 0.004,
                                                                        "Actual Total Time": 0.004,
                                                                        "Actual Rows": 4,
                                                                        "Actual Loops": 41840,
                                                                        "Index Cond": "(mc.movie_id = mk.movie_id)"
                                                                    }
                                                                ]
                                                            }
                                                        ]
                                                    },
                                                    {
                                                        "Node Type": "Bitmap Heap Scan",
                                                        "Parent Relationship": "Inner",
                                                        "Parallel Aware": false,
                                                        "Relation Name": "company_name",
                                                        "Schema": "public",
                                                        "Alias": "cn",
                                                        "Startup Cost": 0.43,
                                                        "Total Cost": 4.44,
                                                        "Plan Rows": 1,
                                                        "Plan Width": 4,
                                                        "Actual Startup Time": 0.004,
                                                        "Actual Total Time": 0.004,
                                                        "Actual Rows": 0,
                                                        "Actual Loops": 148552,
                                                        "Output": [
                                                            "cn.id",
                                                            "cn.name",
                                                            "cn.country_code",
                                                            "cn.imdb_id",
                                                            "cn.name_pcode_nf",
                                                            "cn.name_pcode_sf",
                                                            "cn.md5sum"
                                                        ],
                                                        "Recheck Cond": "(cn.id = mc.company_id)",
                                                        "Rows Removed by Index Recheck": 0,
                                                        "Filter": "((cn.country_code)::text = '[us]'::text)",
                                                        "Rows Removed by Filter": 1,
                                                        "Exact Heap Blocks": 148552,
                                                        "Lossy Heap Blocks": 0,
                                                        "Plans": [
                                                            {
                                                                "Node Type": "Bitmap Index Scan",
                                                                "Parent Relationship": "Outer",
                                                                "Parallel Aware": false,
                                                                "Index Name": "company_name_pkey",
                                                                "Startup Cost": 0.0,
                                                                "Total Cost": 0.43,
                                                                "Plan Rows": 1,
                                                                "Plan Width": 0,
                                                                "Actual Startup Time": 0.003,
                                                                "Actual Total Time": 0.003,
                                                                "Actual Rows": 1,
                                                                "Actual Loops": 148552,
                                                                "Index Cond": "(cn.id = mc.company_id)"
                                                            }
                                                        ]
                                                    }
                                                ]
                                            },
                                            {
                                                "Node Type": "Bitmap Heap Scan",
                                                "Parent Relationship": "Inner",
                                                "Parallel Aware": false,
                                                "Relation Name": "cast_info",
                                                "Schema": "public",
                                                "Alias": "ci",
                                                "Startup Cost": 0.97,
                                                "Total Cost": 5.45,
                                                "Plan Rows": 38,
                                                "Plan Width": 8,
                                                "Actual Startup Time": 0.01,
                                                "Actual Total Time": 0.056,
                                                "Actual Rows": 41,
                                                "Actual Loops": 68316,
                                                "Output": [
                                                    "ci.id",
                                                    "ci.person_id",
                                                    "ci.movie_id",
                                                    "ci.person_role_id",
                                                    "ci.note",
                                                    "ci.nr_order",
                                                    "ci.role_id"
                                                ],
                                                "Recheck Cond": "(ci.movie_id = mk.movie_id)",
                                                "Rows Removed by Index Recheck": 0,
                                                "Exact Heap Blocks": 2743332,
                                                "Lossy Heap Blocks": 0,
                                                "Plans": [
                                                    {
                                                        "Node Type": "Bitmap Index Scan",
                                                        "Parent Relationship": "Outer",
                                                        "Parallel Aware": false,
                                                        "Index Name": "movie_id_cast_info",
                                                        "Startup Cost": 0.0,
                                                        "Total Cost": 0.97,
                                                        "Plan Rows": 38,
                                                        "Plan Width": 0,
                                                        "Actual Startup Time": 0.006,
                                                        "Actual Total Time": 0.006,
                                                        "Actual Rows": 41,
                                                        "Actual Loops": 68316,
                                                        "Index Cond": "(ci.movie_id = mk.movie_id)"
                                                    }
                                                ]
                                            }
                                        ]
                                    },
                                    {
                                        "Node Type": "Bitmap Heap Scan",
                                        "Parent Relationship": "Inner",
                                        "Parallel Aware": false,
                                        "Relation Name": "name",
                                        "Schema": "public",
                                        "Alias": "n",
                                        "Startup Cost": 0.44,
                                        "Total Cost": 4.45,
                                        "Plan Rows": 1,
                                        "Plan Width": 4,
                                        "Actual Startup Time": 0.004,
                                        "Actual Total Time": 0.004,
                                        "Actual Rows": 1,
                                        "Actual Loops": 2832555,
                                        "Output": [
                                            "n.id",
                                            "n.name",
                                            "n.imdb_index",
                                            "n.imdb_id",
                                            "n.gender",
                                            "n.name_pcode_cf",
                                            "n.name_pcode_nf",
                                            "n.surname_pcode",
                                            "n.md5sum"
                                        ],
                                        "Recheck Cond": "(n.id = ci.person_id)",
                                        "Rows Removed by Index Recheck": 0,
                                        "Exact Heap Blocks": 2832555,
                                        "Lossy Heap Blocks": 0,
                                        "Plans": [
                                            {
                                                "Node Type": "Bitmap Index Scan",
                                                "Parent Relationship": "Outer",
                                                "Parallel Aware": false,
                                                "Index Name": "name_pkey",
                                                "Startup Cost": 0.0,
                                                "Total Cost": 0.44,
                                                "Plan Rows": 1,
                                                "Plan Width": 0,
                                                "Actual Startup Time": 0.003,
                                                "Actual Total Time": 0.003,
                                                "Actual Rows": 1,
                                                "Actual Loops": 2832555,
                                                "Index Cond": "(n.id = ci.person_id)"
                                            }
                                        ]
                                    }
                                ]
                            },
                            {
                                "Node Type": "Bitmap Heap Scan",
                                "Parent Relationship": "Inner",
                                "Parallel Aware": false,
                                "Relation Name": "aka_name",
                                "Schema": "public",
                                "Alias": "an",
                                "Startup Cost": 0.44,
                                "Total Cost": 4.47,
                                "Plan Rows": 2,
                                "Plan Width": 20,
                                "Actual Startup Time": 0.003,
                                "Actual Total Time": 0.004,
                                "Actual Rows": 1,
                                "Actual Loops": 2832555,
                                "Output": [
                                    "an.id",
                                    "an.person_id",
                                    "an.name",
                                    "an.imdb_index",
                                    "an.name_pcode_cf",
                                    "an.name_pcode_nf",
                                    "an.surname_pcode",
                                    "an.md5sum"
                                ],
                                "Recheck Cond": "(an.person_id = ci.person_id)",
                                "Rows Removed by Index Recheck": 0,
                                "Exact Heap Blocks": 2100939,
                                "Lossy Heap Blocks": 0,
                                "Plans": [
                                    {
                                        "Node Type": "Bitmap Index Scan",
                                        "Parent Relationship": "Outer",
                                        "Parallel Aware": false,
                                        "Index Name": "person_id_aka_name",
                                        "Startup Cost": 0.0,
                                        "Total Cost": 0.44,
                                        "Plan Rows": 2,
                                        "Plan Width": 0,
                                        "Actual Startup Time": 0.003,
                                        "Actual Total Time": 0.003,
                                        "Actual Rows": 1,
                                        "Actual Loops": 2832555,
                                        "Index Cond": "(an.person_id = ci.person_id)"
                                    }
                                ]
                            }
                        ]
                    },
                    {
                        "Node Type": "Bitmap Heap Scan",
                        "Parent Relationship": "Inner",
                        "Parallel Aware": false,
                        "Relation Name": "title",
                        "Schema": "public",
                        "Alias": "t",
                        "Startup Cost": 0.44,
                        "Total Cost": 4.46,
                        "Plan Rows": 1,
                        "Plan Width": 21,
                        "Actual Startup Time": 0.003,
                        "Actual Total Time": 0.003,
                        "Actual Rows": 0,
                        "Actual Loops": 3710592,
                        "Output": [
                            "t.id",
                            "t.title",
                            "t.imdb_index",
                            "t.kind_id",
                            "t.production_year",
                            "t.imdb_id",
                            "t.phonetic_code",
                            "t.episode_of_id",
                            "t.season_nr",
                            "t.episode_nr",
                            "t.series_years",
                            "t.md5sum"
                        ],
                        "Recheck Cond": "(t.id = ci.movie_id)",
                        "Rows Removed by Index Recheck": 0,
                        "Filter": "((t.episode_nr >= 15) AND (t.episode_nr <= 37))",
                        "Rows Removed by Filter": 1,
                        "Exact Heap Blocks": 3710592,
                        "Lossy Heap Blocks": 0,
                        "Plans": [
                            {
                                "Node Type": "Bitmap Index Scan",
                                "Parent Relationship": "Outer",
                                "Parallel Aware": false,
                                "Index Name": "title_pkey",
                                "Startup Cost": 0.0,
                                "Total Cost": 0.44,
                                "Plan Rows": 1,
                                "Plan Width": 0,
                                "Actual Startup Time": 0.002,
                                "Actual Total Time": 0.002,
                                "Actual Rows": 1,
                                "Actual Loops": 3710592,
                                "Index Cond": "(t.id = ci.movie_id)"
                            }
                        ]
                    }
                ]
            }
        ]
    },
    "Planning Time": 12.918,
    "Triggers": [],
    "Execution Time": 73964.922
}