[
  {
    "Plan": {
      "Node Type": "Aggregate",
      "Strategy": "Plain",
      "Partial Mode": "Simple",
      "Parallel Aware": false,
      "Startup Cost": 28364.73,
      "Total Cost": 28364.74,
      "Plan Rows": 1,
      "Plan Width": 8,
      "Actual Startup Time": 83.761,
      "Actual Total Time": 83.763,
      "Actual Rows": 1,
      "Actual Loops": 1,
      "Plans": [
        {
          "Node Type": "Bitmap Heap Scan",
          "Parent Relationship": "Outer",
          "Parallel Aware": false,
          "Relation Name": "movie_keyword",
          "Alias": "mk",
          "Startup Cost": 2292.51,
          "Total Cost": 28095.02,
          "Plan Rows": 107881,
          "Plan Width": 0,
          "Actual Startup Time": 26.869,
          "Actual Total Time": 77.655,
          "Actual Rows": 121921,
          "Actual Loops": 1,
          "Recheck Cond": "(keyword_id < 117)",
          "Rows Removed by Index Recheck": 0,
          "Exact Heap Blocks": 22702,
          "Lossy Heap Blocks": 0,
          "Plans": [
            {
              "Node Type": "Bitmap Index Scan",
              "Parent Relationship": "Outer",
              "Parallel Aware": false,
              "Index Name": "keyword_id_movie_keyword",
              "Startup Cost": 0.0,
              "Total Cost": 2265.54,
              "Plan Rows": 107881,
              "Plan Width": 0,
              "Actual Startup Time": 20.069,
              "Actual Total Time": 20.07,
              "Actual Rows": 121921,
              "Actual Loops": 1,
              "Index Cond": "(keyword_id < 117)"
            }
          ]
        }
      ]
    },
    "Planning Time": 0.183,
    "Triggers": [],
    "Execution Time": 83.829
  }
]