[
  {
    "Plan": {
      "Node Type": "Aggregate",
      "Strategy": "Plain",
      "Partial Mode": "Finalize",
      "Parallel Aware": false,
      "Startup Cost": 200646.47,
      "Total Cost": 200646.48,
      "Plan Rows": 1,
      "Plan Width": 8,
      "Actual Startup Time": 297.704,
      "Actual Total Time": 313.106,
      "Actual Rows": 1,
      "Actual Loops": 1,
      "Plans": [
        {
          "Node Type": "Gather",
          "Parent Relationship": "Outer",
          "Parallel Aware": false,
          "Startup Cost": 200645.85,
          "Total Cost": 200646.46,
          "Plan Rows": 6,
          "Plan Width": 8,
          "Actual Startup Time": 297.6,
          "Actual Total Time": 313.097,
          "Actual Rows": 7,
          "Actual Loops": 1,
          "Workers Planned": 6,
          "Workers Launched": 6,
          "Single Copy": false,
          "Plans": [
            {
              "Node Type": "Aggregate",
              "Strategy": "Plain",
              "Partial Mode": "Partial",
              "Parent Relationship": "Outer",
              "Parallel Aware": false,
              "Startup Cost": 199645.85,
              "Total Cost": 199645.86,
              "Plan Rows": 1,
              "Plan Width": 8,
              "Actual Startup Time": 287.165,
              "Actual Total Time": 287.166,
              "Actual Rows": 1,
              "Actual Loops": 7,
              "Plans": [
                {
                  "Node Type": "Index Scan",
                  "Parent Relationship": "Outer",
                  "Parallel Aware": true,
                  "Scan Direction": "Forward",
                  "Index Name": "role_id_cast_info",
                  "Relation Name": "cast_info",
                  "Alias": "ci",
                  "Startup Cost": 0.56,
                  "Total Cost": 197877.72,
                  "Plan Rows": 707249,
                  "Plan Width": 0,
                  "Actual Startup Time": 0.155,
                  "Actual Total Time": 261.812,
                  "Actual Rows": 418659,
                  "Actual Loops": 7,
                  "Index Cond": "(role_id = 2)",
                  "Rows Removed by Index Recheck": 0,
                  "Filter": "(person_id < 2110146)",
                  "Rows Removed by Filter": 645909
                }
              ]
            }
          ]
        }
      ]
    },
    "Planning Time": 0.227,
    "Triggers": [],
    "Execution Time": 313.169
  }
]