[
  {
    "Plan": {
      "Node Type": "Aggregate",
      "Strategy": "Plain",
      "Partial Mode": "Finalize",
      "Parallel Aware": false,
      "Startup Cost": 278507.97,
      "Total Cost": 278507.98,
      "Plan Rows": 1,
      "Plan Width": 8,
      "Actual Startup Time": 65.615,
      "Actual Total Time": 73.529,
      "Actual Rows": 1,
      "Actual Loops": 1,
      "Plans": [
        {
          "Node Type": "Gather",
          "Parent Relationship": "Outer",
          "Parallel Aware": false,
          "Startup Cost": 278507.45,
          "Total Cost": 278507.96,
          "Plan Rows": 5,
          "Plan Width": 8,
          "Actual Startup Time": 65.523,
          "Actual Total Time": 73.523,
          "Actual Rows": 6,
          "Actual Loops": 1,
          "Workers Planned": 5,
          "Workers Launched": 5,
          "Single Copy": false,
          "Plans": [
            {
              "Node Type": "Aggregate",
              "Strategy": "Plain",
              "Partial Mode": "Partial",
              "Parent Relationship": "Outer",
              "Parallel Aware": false,
              "Startup Cost": 277507.45,
              "Total Cost": 277507.46,
              "Plan Rows": 1,
              "Plan Width": 8,
              "Actual Startup Time": 57.022,
              "Actual Total Time": 57.024,
              "Actual Rows": 1,
              "Actual Loops": 6,
              "Plans": [
                {
                  "Node Type": "Nested Loop",
                  "Parent Relationship": "Outer",
                  "Parallel Aware": false,
                  "Join Type": "Inner",
                  "Startup Cost": 3801.16,
                  "Total Cost": 277487.54,
                  "Plan Rows": 7963,
                  "Plan Width": 0,
                  "Actual Startup Time": 20.887,
                  "Actual Total Time": 56.562,
                  "Actual Rows": 3156,
                  "Actual Loops": 6,
                  "Inner Unique": true,
                  "Plans": [
                    {
                      "Node Type": "Bitmap Heap Scan",
                      "Parent Relationship": "Outer",
                      "Parallel Aware": true,
                      "Relation Name": "cast_info",
                      "Alias": "ci",
                      "Startup Cost": 3800.73,
                      "Total Cost": 243907.59,
                      "Plan Rows": 9089,
                      "Plan Width": 4,
                      "Actual Startup Time": 20.095,
                      "Actual Total Time": 21.595,
                      "Actual Rows": 3425,
                      "Actual Loops": 6,
                      "Recheck Cond": "(person_id < 20993)",
                      "Rows Removed by Index Recheck": 0,
                      "Filter": "(role_id > 4)",
                      "Rows Removed by Filter": 24340,
                      "Exact Heap Blocks": 912,
                      "Lossy Heap Blocks": 0,
                      "Plans": [
                        {
                          "Node Type": "Bitmap Index Scan",
                          "Parent Relationship": "Outer",
                          "Parallel Aware": false,
                          "Index Name": "person_id_cast_info",
                          "Startup Cost": 0.0,
                          "Total Cost": 3789.37,
                          "Plan Rows": 173441,
                          "Plan Width": 0,
                          "Actual Startup Time": 16.453,
                          "Actual Total Time": 16.454,
                          "Actual Rows": 166594,
                          "Actual Loops": 1,
                          "Index Cond": "(person_id < 20993)"
                        }
                      ]
                    },
                    {
                      "Node Type": "Index Scan",
                      "Parent Relationship": "Inner",
                      "Parallel Aware": false,
                      "Scan Direction": "Forward",
                      "Index Name": "title_pkey",
                      "Relation Name": "title",
                      "Alias": "t",
                      "Startup Cost": 0.43,
                      "Total Cost": 3.69,
                      "Plan Rows": 1,
                      "Plan Width": 4,
                      "Actual Startup Time": 0.01,
                      "Actual Total Time": 0.01,
                      "Actual Rows": 1,
                      "Actual Loops": 20551,
                      "Index Cond": "(id = ci.movie_id)",
                      "Rows Removed by Index Recheck": 0,
                      "Filter": "(production_year > 1960)",
                      "Rows Removed by Filter": 0
                    }
                  ]
                }
              ]
            }
          ]
        }
      ]
    },
    "Planning Time": 0.558,
    "Triggers": [],
    "Execution Time": 73.606
  }
]