[
  {
    "Plan": {
      "Node Type": "Aggregate",
      "Strategy": "Plain",
      "Partial Mode": "Simple",
      "Parallel Aware": false,
      "Startup Cost": 3176.09,
      "Total Cost": 3176.1,
      "Plan Rows": 1,
      "Plan Width": 8,
      "Actual Startup Time": 10.712,
      "Actual Total Time": 10.714,
      "Actual Rows": 1,
      "Actual Loops": 1,
      "Plans": [
        {
          "Node Type": "Nested Loop",
          "Parent Relationship": "Outer",
          "Parallel Aware": false,
          "Join Type": "Inner",
          "Startup Cost": 7.36,
          "Total Cost": 3175.59,
          "Plan Rows": 201,
          "Plan Width": 0,
          "Actual Startup Time": 0.527,
          "Actual Total Time": 10.53,
          "Actual Rows": 1738,
          "Actual Loops": 1,
          "Inner Unique": false,
          "Plans": [
            {
              "Node Type": "Nested Loop",
              "Parent Relationship": "Outer",
              "Parallel Aware": false,
              "Join Type": "Inner",
              "Startup Cost": 6.79,
              "Total Cost": 3018.6,
              "Plan Rows": 14,
              "Plan Width": 8,
              "Actual Startup Time": 0.507,
              "Actual Total Time": 6.27,
              "Actual Rows": 31,
              "Actual Loops": 1,
              "Inner Unique": true,
              "Plans": [
                {
                  "Node Type": "Bitmap Heap Scan",
                  "Parent Relationship": "Outer",
                  "Parallel Aware": false,
                  "Relation Name": "movie_keyword",
                  "Alias": "mk",
                  "Startup Cost": 6.36,
                  "Total Cost": 926.55,
                  "Plan Rows": 249,
                  "Plan Width": 4,
                  "Actual Startup Time": 0.382,
                  "Actual Total Time": 2.002,
                  "Actual Rows": 651,
                  "Actual Loops": 1,
                  "Recheck Cond": "(keyword_id = 654)",
                  "Rows Removed by Index Recheck": 0,
                  "Exact Heap Blocks": 588,
                  "Lossy Heap Blocks": 0,
                  "Plans": [
                    {
                      "Node Type": "Bitmap Index Scan",
                      "Parent Relationship": "Outer",
                      "Parallel Aware": false,
                      "Index Name": "keyword_id_movie_keyword",
                      "Startup Cost": 0.0,
                      "Total Cost": 6.3,
                      "Plan Rows": 249,
                      "Plan Width": 0,
                      "Actual Startup Time": 0.256,
                      "Actual Total Time": 0.256,
                      "Actual Rows": 651,
                      "Actual Loops": 1,
                      "Index Cond": "(keyword_id = 654)"
                    }
                  ]
                },
                {
                  "Node Type": "Index Scan",
                  "Parent Relationship": "Inner",
                  "Parallel Aware": false,
                  "Scan Direction": "Forward",
                  "Index Name": "title_pkey",
                  "Relation Name": "title",
                  "Alias": "t",
                  "Startup Cost": 0.43,
                  "Total Cost": 8.4,
                  "Plan Rows": 1,
                  "Plan Width": 4,
                  "Actual Startup Time": 0.006,
                  "Actual Total Time": 0.006,
                  "Actual Rows": 0,
                  "Actual Loops": 651,
                  "Index Cond": "(id = mk.movie_id)",
                  "Rows Removed by Index Recheck": 0,
                  "Filter": "(production_year = 2010)",
                  "Rows Removed by Filter": 1
                }
              ]
            },
            {
              "Node Type": "Index Only Scan",
              "Parent Relationship": "Inner",
              "Parallel Aware": false,
              "Scan Direction": "Forward",
              "Index Name": "movie_id_cast_info",
              "Relation Name": "cast_info",
              "Alias": "ci",
              "Startup Cost": 0.56,
              "Total Cost": 10.86,
              "Plan Rows": 35,
              "Plan Width": 4,
              "Actual Startup Time": 0.013,
              "Actual Total Time": 0.128,
              "Actual Rows": 56,
              "Actual Loops": 31,
              "Index Cond": "(movie_id = t.id)",
              "Rows Removed by Index Recheck": 0,
              "Heap Fetches": 1738
            }
          ]
        }
      ]
    },
    "Planning Time": 1.013,
    "Triggers": [],
    "Execution Time": 10.772
  }
]