[
    {
        "Bao": {
            "Bao prediction": "NaN",
            "Bao recommended hint": "(no hint)"
        }
    },
    {
        "Plan": {
            "Node Type": "Aggregate",
            "Strategy": "Plain",
            "Partial Mode": "Finalize",
            "Parallel Aware": false,
            "Startup Cost": 347000.55,
            "Total Cost": 347000.56,
            "Plan Rows": 1,
            "Plan Width": 8,
            "Actual Startup Time": 924.221,
            "Actual Total Time": 957.486,
            "Actual Rows": 1,
            "Actual Loops": 1,
            "Output": [
                "count(*)"
            ],
            "Plans": [
                {
                    "Node Type": "Gather",
                    "Parent Relationship": "Outer",
                    "Parallel Aware": false,
                    "Startup Cost": 346999.93,
                    "Total Cost": 347000.54,
                    "Plan Rows": 6,
                    "Plan Width": 8,
                    "Actual Startup Time": 924.122,
                    "Actual Total Time": 957.478,
                    "Actual Rows": 7,
                    "Actual Loops": 1,
                    "Output": [
                        "(PARTIAL count(*))"
                    ],
                    "Workers Planned": 6,
                    "Workers Launched": 6,
                    "Single Copy": false,
                    "Plans": [
                        {
                            "Node Type": "Aggregate",
                            "Strategy": "Plain",
                            "Partial Mode": "Partial",
                            "Parent Relationship": "Outer",
                            "Parallel Aware": false,
                            "Startup Cost": 345999.93,
                            "Total Cost": 345999.94,
                            "Plan Rows": 1,
                            "Plan Width": 8,
                            "Actual Startup Time": 914.19,
                            "Actual Total Time": 914.192,
                            "Actual Rows": 1,
                            "Actual Loops": 7,
                            "Output": [
                                "PARTIAL count(*)"
                            ],
                            "Workers": [
                                {
                                    "Worker Number": 0,
                                    "Actual Startup Time": 912.185,
                                    "Actual Total Time": 912.186,
                                    "Actual Rows": 1,
                                    "Actual Loops": 1
                                },
                                {
                                    "Worker Number": 1,
                                    "Actual Startup Time": 912.411,
                                    "Actual Total Time": 912.413,
                                    "Actual Rows": 1,
                                    "Actual Loops": 1
                                },
                                {
                                    "Worker Number": 2,
                                    "Actual Startup Time": 912.57,
                                    "Actual Total Time": 912.571,
                                    "Actual Rows": 1,
                                    "Actual Loops": 1
                                },
                                {
                                    "Worker Number": 3,
                                    "Actual Startup Time": 912.654,
                                    "Actual Total Time": 912.655,
                                    "Actual Rows": 1,
                                    "Actual Loops": 1
                                },
                                {
                                    "Worker Number": 4,
                                    "Actual Startup Time": 912.494,
                                    "Actual Total Time": 912.495,
                                    "Actual Rows": 1,
                                    "Actual Loops": 1
                                },
                                {
                                    "Worker Number": 5,
                                    "Actual Startup Time": 913.342,
                                    "Actual Total Time": 913.343,
                                    "Actual Rows": 1,
                                    "Actual Loops": 1
                                }
                            ],
                            "Plans": [
                                {
                                    "Node Type": "Seq Scan",
                                    "Parent Relationship": "Outer",
                                    "Parallel Aware": true,
                                    "Relation Name": "cast_info",
                                    "Schema": "public",
                                    "Alias": "ci",
                                    "Startup Cost": 0.0,
                                    "Total Cost": 343318.94,
                                    "Plan Rows": 1072395,
                                    "Plan Width": 0,
                                    "Actual Startup Time": 416.453,
                                    "Actual Total Time": 812.906,
                                    "Actual Rows": 1529628,
                                    "Actual Loops": 7,
                                    "Output": [
                                        "id",
                                        "person_id",
                                        "movie_id",
                                        "person_role_id",
                                        "note",
                                        "nr_order",
                                        "role_id"
                                    ],
                                    "Filter": "((ci.person_id > 2189087) AND (ci.role_id > 2))",
                                    "Rows Removed by Filter": 3648135,
                                    "Workers": [
                                        {
                                            "Worker Number": 0,
                                            "Actual Startup Time": 414.425,
                                            "Actual Total Time": 813.164,
                                            "Actual Rows": 1482500,
                                            "Actual Loops": 1
                                        },
                                        {
                                            "Worker Number": 1,
                                            "Actual Startup Time": 414.696,
                                            "Actual Total Time": 813.883,
                                            "Actual Rows": 1475552,
                                            "Actual Loops": 1
                                        },
                                        {
                                            "Worker Number": 2,
                                            "Actual Startup Time": 414.818,
                                            "Actual Total Time": 813.152,
                                            "Actual Rows": 1487438,
                                            "Actual Loops": 1
                                        },
                                        {
                                            "Worker Number": 3,
                                            "Actual Startup Time": 414.936,
                                            "Actual Total Time": 813.608,
                                            "Actual Rows": 1484230,
                                            "Actual Loops": 1
                                        },
                                        {
                                            "Worker Number": 4,
                                            "Actual Startup Time": 414.779,
                                            "Actual Total Time": 815.657,
                                            "Actual Rows": 1449459,
                                            "Actual Loops": 1
                                        },
                                        {
                                            "Worker Number": 5,
                                            "Actual Startup Time": 415.591,
                                            "Actual Total Time": 814.006,
                                            "Actual Rows": 1484800,
                                            "Actual Loops": 1
                                        }
                                    ]
                                }
                            ]
                        }
                    ]
                }
            ]
        },
        "Planning Time": 285.465,
        "Triggers": [],
        "Execution Time": 957.545
    }
]