{
  "Plan": {
    "Node Type": "Aggregate",
    "Strategy": "Plain",
    "Partial Mode": "Finalize",
    "Parallel Aware": false,
    "Startup Cost": 557767.28,
    "Total Cost": 557767.29,
    "Plan Rows": 1,
    "Plan Width": 8,
    "Actual Startup Time": 2688.878,
    "Actual Total Time": 2711.82,
    "Actual Rows": 1,
    "Actual Loops": 1,
    "Plans": [
      {
        "Node Type": "Gather",
        "Parent Relationship": "Outer",
        "Parallel Aware": false,
        "Startup Cost": 557767.17,
        "Total Cost": 557767.28,
        "Plan Rows": 1,
        "Plan Width": 8,
        "Actual Startup Time": 2685.344,
        "Actual Total Time": 2711.813,
        "Actual Rows": 2,
        "Actual Loops": 1,
        "Workers Planned": 1,
        "Workers Launched": 1,
        "Single Copy": false,
        "Plans": [
          {
            "Node Type": "Aggregate",
            "Strategy": "Plain",
            "Partial Mode": "Partial",
            "Parent Relationship": "Outer",
            "Parallel Aware": false,
            "Startup Cost": 556767.17,
            "Total Cost": 556767.18,
            "Plan Rows": 1,
            "Plan Width": 8,
            "Actual Startup Time": 2679.522,
            "Actual Total Time": 2679.526,
            "Actual Rows": 1,
            "Actual Loops": 2,
            "Plans": [
              {
                "Node Type": "Hash Join",
                "Parent Relationship": "Outer",
                "Parallel Aware": true,
                "Join Type": "Inner",
                "Startup Cost": 237865.21,
                "Total Cost": 554952.64,
                "Plan Rows": 725810,
                "Plan Width": 0,
                "Actual Startup Time": 832.456,
                "Actual Total Time": 2599.385,
                "Actual Rows": 1884430,
                "Actual Loops": 2,
                "Inner Unique": false,
                "Hash Cond": "(t.id = mc.movie_id)",
                "Plans": [
                  {
                    "Node Type": "Hash Join",
                    "Parent Relationship": "Outer",
                    "Parallel Aware": true,
                    "Join Type": "Inner",
                    "Startup Cost": 190056.87,
                    "Total Cost": 494298.91,
                    "Plan Rows": 1372148,
                    "Plan Width": 8,
                    "Actual Startup Time": 549.356,
                    "Actual Total Time": 1755.843,
                    "Actual Rows": 1289012,
                    "Actual Loops": 2,
                    "Inner Unique": true,
                    "Hash Cond": "(ci.movie_id = t.id)",
                    "Plans": [
                      {
                        "Node Type": "Bitmap Heap Scan",
                        "Parent Relationship": "Outer",
                        "Parallel Aware": true,
                        "Relation Name": "cast_info",
                        "Alias": "ci",
                        "Startup Cost": 127984.83,
                        "Total Cost": 423279.29,
                        "Plan Rows": 3408597,
                        "Plan Width": 4,
                        "Actual Startup Time": 291.283,
                        "Actual Total Time": 589.945,
                        "Actual Rows": 2972307,
                        "Actual Loops": 2,
                        "Recheck Cond": "(person_id < 575277)",
                        "Rows Removed by Index Recheck": 0,
                        "Exact Heap Blocks": 32182,
                        "Lossy Heap Blocks": 0,
                        "Plans": [
                          {
                            "Node Type": "Bitmap Index Scan",
                            "Parent Relationship": "Outer",
                            "Parallel Aware": false,
                            "Index Name": "person_id_cast_info",
                            "Startup Cost": 0.0,
                            "Total Cost": 126536.18,
                            "Plan Rows": 5794615,
                            "Plan Width": 0,
                            "Actual Startup Time": 280.433,
                            "Actual Total Time": 280.433,
                            "Actual Rows": 5944614,
                            "Actual Loops": 1,
                            "Index Cond": "(person_id < 575277)"
                          }
                        ]
                      },
                      {
                        "Node Type": "Hash",
                        "Parent Relationship": "Inner",
                        "Parallel Aware": true,
                        "Startup Cost": 54588.39,
                        "Total Cost": 54588.39,
                        "Plan Rows": 598692,
                        "Plan Width": 4,
                        "Actual Startup Time": 254.129,
                        "Actual Total Time": 254.13,
                        "Actual Rows": 510876,
                        "Actual Loops": 2,
                        "Hash Buckets": 1048576,
                        "Original Hash Buckets": 1048576,
                        "Hash Batches": 1,
                        "Original Hash Batches": 1,
                        "Peak Memory Usage": 48192,
                        "Plans": [
                          {
                            "Node Type": "Seq Scan",
                            "Parent Relationship": "Outer",
                            "Parallel Aware": true,
                            "Relation Name": "title",
                            "Alias": "t",
                            "Startup Cost": 0.0,
                            "Total Cost": 54588.39,
                            "Plan Rows": 598692,
                            "Plan Width": 4,
                            "Actual Startup Time": 0.015,
                            "Actual Total Time": 144.175,
                            "Actual Rows": 510876,
                            "Actual Loops": 2,
                            "Filter": "(production_year < 2000)",
                            "Rows Removed by Filter": 753280
                          }
                        ]
                      }
                    ]
                  },
                  {
                    "Node Type": "Hash",
                    "Parent Relationship": "Inner",
                    "Parallel Aware": true,
                    "Startup Cost": 37974.77,
                    "Total Cost": 37974.77,
                    "Plan Rows": 786685,
                    "Plan Width": 4,
                    "Actual Startup Time": 273.301,
                    "Actual Total Time": 273.302,
                    "Actual Rows": 668152,
                    "Actual Loops": 2,
                    "Hash Buckets": 2097152,
                    "Original Hash Buckets": 2097152,
                    "Hash Batches": 1,
                    "Original Hash Batches": 1,
                    "Peak Memory Usage": 68704,
                    "Plans": [
                      {
                        "Node Type": "Seq Scan",
                        "Parent Relationship": "Outer",
                        "Parallel Aware": true,
                        "Relation Name": "movie_companies",
                        "Alias": "mc",
                        "Startup Cost": 0.0,
                        "Total Cost": 37974.77,
                        "Plan Rows": 786685,
                        "Plan Width": 4,
                        "Actual Startup Time": 0.032,
                        "Actual Total Time": 128.143,
                        "Actual Rows": 668152,
                        "Actual Loops": 2,
                        "Filter": "(company_id < 11428)",
                        "Rows Removed by Filter": 636412
                      }
                    ]
                  }
                ]
              }
            ]
          }
        ]
      }
    ]
  },
  "Planning Time": 0.558,
  "Triggers": [],
  "Execution Time": 2711.883
}