[
  {
    "Plan": {
      "Node Type": "Aggregate",
      "Strategy": "Plain",
      "Partial Mode": "Finalize",
      "Parallel Aware": false,
      "Startup Cost": 396160.47,
      "Total Cost": 396160.48,
      "Plan Rows": 1,
      "Plan Width": 8,
      "Actual Startup Time": 2348.95,
      "Actual Total Time": 2417.7,
      "Actual Rows": 1,
      "Actual Loops": 1,
      "Plans": [
        {
          "Node Type": "Gather",
          "Parent Relationship": "Outer",
          "Parallel Aware": false,
          "Startup Cost": 396159.84,
          "Total Cost": 396160.45,
          "Plan Rows": 6,
          "Plan Width": 8,
          "Actual Startup Time": 2338.446,
          "Actual Total Time": 2417.688,
          "Actual Rows": 7,
          "Actual Loops": 1,
          "Workers Planned": 6,
          "Workers Launched": 6,
          "Single Copy": false,
          "Plans": [
            {
              "Node Type": "Aggregate",
              "Strategy": "Plain",
              "Partial Mode": "Partial",
              "Parent Relationship": "Outer",
              "Parallel Aware": false,
              "Startup Cost": 395159.84,
              "Total Cost": 395159.85,
              "Plan Rows": 1,
              "Plan Width": 8,
              "Actual Startup Time": 2322.85,
              "Actual Total Time": 2322.853,
              "Actual Rows": 1,
              "Actual Loops": 7,
              "Plans": [
                {
                  "Node Type": "Hash Join",
                  "Parent Relationship": "Outer",
                  "Parallel Aware": true,
                  "Join Type": "Inner",
                  "Startup Cost": 48074.37,
                  "Total Cost": 388824.25,
                  "Plan Rows": 2534236,
                  "Plan Width": 0,
                  "Actual Startup Time": 185.365,
                  "Actual Total Time": 2223.94,
                  "Actual Rows": 2172270,
                  "Actual Loops": 7,
                  "Inner Unique": true,
                  "Hash Cond": "(ci.movie_id = t.id)",
                  "Plans": [
                    {
                      "Node Type": "Seq Scan",
                      "Parent Relationship": "Outer",
                      "Parallel Aware": true,
                      "Relation Name": "cast_info",
                      "Alias": "ci",
                      "Startup Cost": 0.0,
                      "Total Cost": 328162.03,
                      "Plan Rows": 4795367,
                      "Plan Width": 4,
                      "Actual Startup Time": 0.021,
                      "Actual Total Time": 652.721,
                      "Actual Rows": 4125701,
                      "Actual Loops": 7,
                      "Filter": "(person_id < 2933991)",
                      "Rows Removed by Filter": 1052062
                    },
                    {
                      "Node Type": "Hash",
                      "Parent Relationship": "Inner",
                      "Parallel Aware": true,
                      "Startup Cost": 43898.92,
                      "Total Cost": 43898.92,
                      "Plan Rows": 334036,
                      "Plan Width": 4,
                      "Actual Startup Time": 180.464,
                      "Actual Total Time": 180.465,
                      "Actual Rows": 192613,
                      "Actual Loops": 7,
                      "Hash Buckets": 2097152,
                      "Original Hash Buckets": 2097152,
                      "Hash Batches": 1,
                      "Original Hash Batches": 1,
                      "Peak Memory Usage": 69248,
                      "Plans": [
                        {
                          "Node Type": "Seq Scan",
                          "Parent Relationship": "Outer",
                          "Parallel Aware": true,
                          "Relation Name": "title",
                          "Alias": "t",
                          "Startup Cost": 0.0,
                          "Total Cost": 43898.92,
                          "Plan Rows": 334036,
                          "Plan Width": 4,
                          "Actual Startup Time": 0.059,
                          "Actual Total Time": 81.314,
                          "Actual Rows": 192613,
                          "Actual Loops": 7,
                          "Filter": "(production_year < 2005)",
                          "Rows Removed by Filter": 168574
                        }
                      ]
                    }
                  ]
                }
              ]
            }
          ]
        }
      ]
    },
    "Planning Time": 0.6,
    "Triggers": [],
    "Execution Time": 2417.801
  }
]