{
  "Plan": {
    "Node Type": "Aggregate",
    "Strategy": "Plain",
    "Partial Mode": "Finalize",
    "Parallel Aware": false,
    "Startup Cost": 137321.95,
    "Total Cost": 137321.96,
    "Plan Rows": 1,
    "Plan Width": 8,
    "Actual Startup Time": 1121.246,
    "Actual Total Time": 1148.969,
    "Actual Rows": 1,
    "Actual Loops": 1,
    "Plans": [
      {
        "Node Type": "Gather",
        "Parent Relationship": "Outer",
        "Parallel Aware": false,
        "Startup Cost": 137321.84,
        "Total Cost": 137321.95,
        "Plan Rows": 1,
        "Plan Width": 8,
        "Actual Startup Time": 1115.731,
        "Actual Total Time": 1148.96,
        "Actual Rows": 2,
        "Actual Loops": 1,
        "Workers Planned": 1,
        "Workers Launched": 1,
        "Single Copy": false,
        "Plans": [
          {
            "Node Type": "Aggregate",
            "Strategy": "Plain",
            "Partial Mode": "Partial",
            "Parent Relationship": "Outer",
            "Parallel Aware": false,
            "Startup Cost": 136321.84,
            "Total Cost": 136321.85,
            "Plan Rows": 1,
            "Plan Width": 8,
            "Actual Startup Time": 1109.94,
            "Actual Total Time": 1110.277,
            "Actual Rows": 1,
            "Actual Loops": 2,
            "Plans": [
              {
                "Node Type": "Hash Join",
                "Parent Relationship": "Outer",
                "Parallel Aware": true,
                "Join Type": "Inner",
                "Startup Cost": 115662.5,
                "Total Cost": 135855.89,
                "Plan Rows": 186379,
                "Plan Width": 0,
                "Actual Startup Time": 901.779,
                "Actual Total Time": 1085.782,
                "Actual Rows": 608216,
                "Actual Loops": 2,
                "Inner Unique": false,
                "Hash Cond": "(mi_idx.movie_id = t.id)",
                "Plans": [
                  {
                    "Node Type": "Seq Scan",
                    "Parent Relationship": "Outer",
                    "Parallel Aware": true,
                    "Relation Name": "movie_info_idx",
                    "Alias": "mi_idx",
                    "Startup Cost": 0.0,
                    "Total Cost": 16052.85,
                    "Plan Rows": 811785,
                    "Plan Width": 4,
                    "Actual Startup Time": 0.023,
                    "Actual Total Time": 51.715,
                    "Actual Rows": 690018,
                    "Actual Loops": 2
                  },
                  {
                    "Node Type": "Hash",
                    "Parent Relationship": "Inner",
                    "Parallel Aware": true,
                    "Startup Cost": 111394.32,
                    "Total Cost": 111394.32,
                    "Plan Rows": 341455,
                    "Plan Width": 8,
                    "Actual Startup Time": 892.703,
                    "Actual Total Time": 893.038,
                    "Actual Rows": 295420,
                    "Actual Loops": 2,
                    "Hash Buckets": 1048576,
                    "Original Hash Buckets": 1048576,
                    "Hash Batches": 1,
                    "Original Hash Batches": 1,
                    "Peak Memory Usage": 31328,
                    "Plans": [
                      {
                        "Node Type": "Hash Join",
                        "Parent Relationship": "Outer",
                        "Parallel Aware": true,
                        "Join Type": "Inner",
                        "Startup Cost": 81775.81,
                        "Total Cost": 111394.32,
                        "Plan Rows": 341455,
                        "Plan Width": 8,
                        "Actual Startup Time": 618.182,
                        "Actual Total Time": 810.154,
                        "Actual Rows": 295420,
                        "Actual Loops": 2,
                        "Inner Unique": true,
                        "Hash Cond": "(mk.movie_id = t.id)",
                        "Plans": [
                          {
                            "Node Type": "Bitmap Heap Scan",
                            "Parent Relationship": "Outer",
                            "Parallel Aware": true,
                            "Relation Name": "movie_keyword",
                            "Alias": "mk",
                            "Startup Cost": 12315.11,
                            "Total Cost": 41037.3,
                            "Plan Rows": 341455,
                            "Plan Width": 4,
                            "Actual Startup Time": 34.662,
                            "Actual Total Time": 120.936,
                            "Actual Rows": 295420,
                            "Actual Loops": 2,
                            "Recheck Cond": "(keyword_id < 430)",
                            "Rows Removed by Index Recheck": 0,
                            "Exact Heap Blocks": 12930,
                            "Lossy Heap Blocks": 0,
                            "Plans": [
                              {
                                "Node Type": "Bitmap Index Scan",
                                "Parent Relationship": "Outer",
                                "Parallel Aware": false,
                                "Index Name": "keyword_id_movie_keyword",
                                "Startup Cost": 0.0,
                                "Total Cost": 12169.99,
                                "Plan Rows": 580474,
                                "Plan Width": 0,
                                "Actual Startup Time": 31.036,
                                "Actual Total Time": 31.036,
                                "Actual Rows": 590840,
                                "Actual Loops": 1,
                                "Index Cond": "(keyword_id < 430)"
                              }
                            ]
                          },
                          {
                            "Node Type": "Hash",
                            "Parent Relationship": "Inner",
                            "Parallel Aware": true,
                            "Startup Cost": 50870.31,
                            "Total Cost": 50870.31,
                            "Plan Rows": 1487231,
                            "Plan Width": 4,
                            "Actual Startup Time": 567.586,
                            "Actual Total Time": 567.587,
                            "Actual Rows": 1264156,
                            "Actual Loops": 2,
                            "Hash Buckets": 4194304,
                            "Original Hash Buckets": 4194304,
                            "Hash Batches": 1,
                            "Original Hash Batches": 1,
                            "Peak Memory Usage": 131712,
                            "Plans": [
                              {
                                "Node Type": "Seq Scan",
                                "Parent Relationship": "Outer",
                                "Parallel Aware": true,
                                "Relation Name": "title",
                                "Alias": "t",
                                "Startup Cost": 0.0,
                                "Total Cost": 50870.31,
                                "Plan Rows": 1487231,
                                "Plan Width": 4,
                                "Actual Startup Time": 0.032,
                                "Actual Total Time": 161.325,
                                "Actual Rows": 1264156,
                                "Actual Loops": 2
                              }
                            ]
                          }
                        ]
                      }
                    ]
                  }
                ]
              }
            ]
          }
        ]
      }
    ]
  },
  "Planning Time": 1.031,
  "Triggers": [],
  "Execution Time": 1149.07
}