[
    {
        "Bao": {
            "Bao prediction": "NaN",
            "Bao recommended hint": "(no hint)"
        }
    },
    {
        "Plan": {
            "Node Type": "Aggregate",
            "Strategy": "Plain",
            "Partial Mode": "Finalize",
            "Parallel Aware": false,
            "Startup Cost": 29523.98,
            "Total Cost": 29523.99,
            "Plan Rows": 1,
            "Plan Width": 8,
            "Actual Startup Time": 82.517,
            "Actual Total Time": 86.946,
            "Actual Rows": 1,
            "Actual Loops": 1,
            "Output": [
                "count(*)"
            ],
            "Plans": [
                {
                    "Node Type": "Gather",
                    "Parent Relationship": "Outer",
                    "Parallel Aware": false,
                    "Startup Cost": 29523.66,
                    "Total Cost": 29523.97,
                    "Plan Rows": 3,
                    "Plan Width": 8,
                    "Actual Startup Time": 82.284,
                    "Actual Total Time": 86.938,
                    "Actual Rows": 4,
                    "Actual Loops": 1,
                    "Output": [
                        "(PARTIAL count(*))"
                    ],
                    "Workers Planned": 3,
                    "Workers Launched": 3,
                    "Single Copy": false,
                    "Plans": [
                        {
                            "Node Type": "Aggregate",
                            "Strategy": "Plain",
                            "Partial Mode": "Partial",
                            "Parent Relationship": "Outer",
                            "Parallel Aware": false,
                            "Startup Cost": 28523.66,
                            "Total Cost": 28523.67,
                            "Plan Rows": 1,
                            "Plan Width": 8,
                            "Actual Startup Time": 73.294,
                            "Actual Total Time": 73.298,
                            "Actual Rows": 1,
                            "Actual Loops": 4,
                            "Output": [
                                "PARTIAL count(*)"
                            ],
                            "Workers": [
                                {
                                    "Worker Number": 0,
                                    "Actual Startup Time": 70.444,
                                    "Actual Total Time": 70.445,
                                    "Actual Rows": 1,
                                    "Actual Loops": 1
                                },
                                {
                                    "Worker Number": 1,
                                    "Actual Startup Time": 70.774,
                                    "Actual Total Time": 70.786,
                                    "Actual Rows": 1,
                                    "Actual Loops": 1
                                },
                                {
                                    "Worker Number": 2,
                                    "Actual Startup Time": 70.083,
                                    "Actual Total Time": 70.085,
                                    "Actual Rows": 1,
                                    "Actual Loops": 1
                                }
                            ],
                            "Plans": [
                                {
                                    "Node Type": "Bitmap Heap Scan",
                                    "Parent Relationship": "Outer",
                                    "Parallel Aware": true,
                                    "Relation Name": "movie_companies",
                                    "Schema": "public",
                                    "Alias": "mc",
                                    "Startup Cost": 7831.15,
                                    "Total Cost": 28379.97,
                                    "Plan Rows": 57475,
                                    "Plan Width": 0,
                                    "Actual Startup Time": 16.547,
                                    "Actual Total Time": 67.989,
                                    "Actual Rows": 69331,
                                    "Actual Loops": 4,
                                    "Recheck Cond": "(mc.company_id < 181)",
                                    "Rows Removed by Index Recheck": 0,
                                    "Filter": "(mc.company_type_id = 1)",
                                    "Rows Removed by Filter": 20185,
                                    "Exact Heap Blocks": 9005,
                                    "Lossy Heap Blocks": 0,
                                    "Workers": [
                                        {
                                            "Worker Number": 0,
                                            "Actual Startup Time": 13.887,
                                            "Actual Total Time": 65.669,
                                            "Actual Rows": 37866,
                                            "Actual Loops": 1
                                        },
                                        {
                                            "Worker Number": 1,
                                            "Actual Startup Time": 14.065,
                                            "Actual Total Time": 65.908,
                                            "Actual Rows": 35634,
                                            "Actual Loops": 1
                                        },
                                        {
                                            "Worker Number": 2,
                                            "Actual Startup Time": 13.347,
                                            "Actual Total Time": 65.236,
                                            "Actual Rows": 36101,
                                            "Actual Loops": 1
                                        }
                                    ],
                                    "Plans": [
                                        {
                                            "Node Type": "Bitmap Index Scan",
                                            "Parent Relationship": "Outer",
                                            "Parallel Aware": false,
                                            "Index Name": "company_id_movie_companies",
                                            "Startup Cost": 0.0,
                                            "Total Cost": 7786.6,
                                            "Plan Rows": 363490,
                                            "Plan Width": 0,
                                            "Actual Startup Time": 21.798,
                                            "Actual Total Time": 21.799,
                                            "Actual Rows": 358065,
                                            "Actual Loops": 1,
                                            "Index Cond": "(mc.company_id < 181)"
                                        }
                                    ]
                                }
                            ]
                        }
                    ]
                }
            ]
        },
        "Planning Time": 184.877,
        "Triggers": [],
        "Execution Time": 87.056
    }
]