{
  "Plan": {
    "Node Type": "Aggregate",
    "Strategy": "Plain",
    "Partial Mode": "Finalize",
    "Parallel Aware": false,
    "Startup Cost": 267654.76,
    "Total Cost": 267654.77,
    "Plan Rows": 1,
    "Plan Width": 8,
    "Actual Startup Time": 1759.625,
    "Actual Total Time": 1783.092,
    "Actual Rows": 1,
    "Actual Loops": 1,
    "Plans": [
      {
        "Node Type": "Gather",
        "Parent Relationship": "Outer",
        "Parallel Aware": false,
        "Startup Cost": 267654.65,
        "Total Cost": 267654.76,
        "Plan Rows": 1,
        "Plan Width": 8,
        "Actual Startup Time": 1754.61,
        "Actual Total Time": 1783.086,
        "Actual Rows": 2,
        "Actual Loops": 1,
        "Workers Planned": 1,
        "Workers Launched": 1,
        "Single Copy": false,
        "Plans": [
          {
            "Node Type": "Aggregate",
            "Strategy": "Plain",
            "Partial Mode": "Partial",
            "Parent Relationship": "Outer",
            "Parallel Aware": false,
            "Startup Cost": 266654.65,
            "Total Cost": 266654.66,
            "Plan Rows": 1,
            "Plan Width": 8,
            "Actual Startup Time": 1750.86,
            "Actual Total Time": 1750.866,
            "Actual Rows": 1,
            "Actual Loops": 2,
            "Plans": [
              {
                "Node Type": "Hash Join",
                "Parent Relationship": "Outer",
                "Parallel Aware": true,
                "Join Type": "Inner",
                "Startup Cost": 126705.73,
                "Total Cost": 264594.52,
                "Plan Rows": 824051,
                "Plan Width": 0,
                "Actual Startup Time": 884.947,
                "Actual Total Time": 1687.306,
                "Actual Rows": 1576628,
                "Actual Loops": 2,
                "Inner Unique": false,
                "Hash Cond": "(ci.movie_id = t.id)",
                "Plans": [
                  {
                    "Node Type": "Index Scan",
                    "Parent Relationship": "Outer",
                    "Parallel Aware": true,
                    "Scan Direction": "Forward",
                    "Index Name": "role_id_cast_info",
                    "Relation Name": "cast_info",
                    "Alias": "ci",
                    "Startup Cost": 0.56,
                    "Total Cost": 124115.52,
                    "Plan Rows": 2380394,
                    "Plan Width": 4,
                    "Actual Startup Time": 0.057,
                    "Actual Total Time": 268.249,
                    "Actual Rows": 2004018,
                    "Actual Loops": 2,
                    "Index Cond": "(role_id = 3)",
                    "Rows Removed by Index Recheck": 0
                  },
                  {
                    "Node Type": "Hash",
                    "Parent Relationship": "Inner",
                    "Parallel Aware": true,
                    "Startup Cost": 120269.49,
                    "Total Cost": 120269.49,
                    "Plan Rows": 514854,
                    "Plan Width": 8,
                    "Actual Startup Time": 879.88,
                    "Actual Total Time": 879.884,
                    "Actual Rows": 436702,
                    "Actual Loops": 2,
                    "Hash Buckets": 1048576,
                    "Original Hash Buckets": 1048576,
                    "Hash Batches": 1,
                    "Original Hash Batches": 1,
                    "Peak Memory Usage": 42400,
                    "Plans": [
                      {
                        "Node Type": "Hash Join",
                        "Parent Relationship": "Outer",
                        "Parallel Aware": true,
                        "Join Type": "Inner",
                        "Startup Cost": 88028.33,
                        "Total Cost": 120269.49,
                        "Plan Rows": 514854,
                        "Plan Width": 8,
                        "Actual Startup Time": 596.039,
                        "Actual Total Time": 789.633,
                        "Actual Rows": 436702,
                        "Actual Loops": 2,
                        "Inner Unique": true,
                        "Hash Cond": "(mk.movie_id = t.id)",
                        "Plans": [
                          {
                            "Node Type": "Bitmap Heap Scan",
                            "Parent Relationship": "Outer",
                            "Parallel Aware": true,
                            "Relation Name": "movie_keyword",
                            "Alias": "mk",
                            "Startup Cost": 18567.63,
                            "Total Cost": 49457.3,
                            "Plan Rows": 514854,
                            "Plan Width": 4,
                            "Actual Startup Time": 57.075,
                            "Actual Total Time": 139.712,
                            "Actual Rows": 436702,
                            "Actual Loops": 2,
                            "Recheck Cond": "(keyword_id > 21144)",
                            "Rows Removed by Index Recheck": 0,
                            "Exact Heap Blocks": 12771,
                            "Lossy Heap Blocks": 0,
                            "Plans": [
                              {
                                "Node Type": "Bitmap Index Scan",
                                "Parent Relationship": "Outer",
                                "Parallel Aware": false,
                                "Index Name": "keyword_id_movie_keyword",
                                "Startup Cost": 0.0,
                                "Total Cost": 18348.81,
                                "Plan Rows": 875251,
                                "Plan Width": 0,
                                "Actual Startup Time": 53.42,
                                "Actual Total Time": 53.42,
                                "Actual Rows": 873404,
                                "Actual Loops": 1,
                                "Index Cond": "(keyword_id > 21144)"
                              }
                            ]
                          },
                          {
                            "Node Type": "Hash",
                            "Parent Relationship": "Inner",
                            "Parallel Aware": true,
                            "Startup Cost": 50870.31,
                            "Total Cost": 50870.31,
                            "Plan Rows": 1487231,
                            "Plan Width": 4,
                            "Actual Startup Time": 526.413,
                            "Actual Total Time": 526.414,
                            "Actual Rows": 1264156,
                            "Actual Loops": 2,
                            "Hash Buckets": 4194304,
                            "Original Hash Buckets": 4194304,
                            "Hash Batches": 1,
                            "Original Hash Batches": 1,
                            "Peak Memory Usage": 131680,
                            "Plans": [
                              {
                                "Node Type": "Seq Scan",
                                "Parent Relationship": "Outer",
                                "Parallel Aware": true,
                                "Relation Name": "title",
                                "Alias": "t",
                                "Startup Cost": 0.0,
                                "Total Cost": 50870.31,
                                "Plan Rows": 1487231,
                                "Plan Width": 4,
                                "Actual Startup Time": 0.026,
                                "Actual Total Time": 150.074,
                                "Actual Rows": 1264156,
                                "Actual Loops": 2
                              }
                            ]
                          }
                        ]
                      }
                    ]
                  }
                ]
              }
            ]
          }
        ]
      }
    ]
  },
  "Planning Time": 0.508,
  "Triggers": [],
  "Execution Time": 1783.159
}