[
  {
    "Plan": {
      "Node Type": "Aggregate",
      "Strategy": "Plain",
      "Partial Mode": "Simple",
      "Parallel Aware": false,
      "Startup Cost": 7480.14,
      "Total Cost": 7480.15,
      "Plan Rows": 1,
      "Plan Width": 96,
      "Actual Startup Time": 1492.557,
      "Actual Total Time": 1492.571,
      "Actual Rows": 1,
      "Actual Loops": 1,
      "Plans": [
        {
          "Node Type": "Nested Loop",
          "Parent Relationship": "Outer",
          "Parallel Aware": false,
          "Join Type": "Inner",
          "Startup Cost": 13.35,
          "Total Cost": 7480.13,
          "Plan Rows": 1,
          "Plan Width": 42,
          "Actual Startup Time": 26.856,
          "Actual Total Time": 1491.377,
          "Actual Rows": 2282,
          "Actual Loops": 1,
          "Inner Unique": true,
          "Join Filter": "(mi.info_type_id = it1.id)",
          "Rows Removed by Join Filter": 6323,
          "Plans": [
            {
              "Node Type": "Nested Loop",
              "Parent Relationship": "Outer",
              "Parallel Aware": false,
              "Join Type": "Inner",
              "Startup Cost": 13.35,
              "Total Cost": 7477.71,
              "Plan Rows": 1,
              "Plan Width": 46,
              "Actual Startup Time": 26.84,
              "Actual Total Time": 1393.955,
              "Actual Rows": 8605,
              "Actual Loops": 1,
              "Inner Unique": false,
              "Join Filter": "(t.id = mi.movie_id)",
              "Rows Removed by Join Filter": 0,
              "Plans": [
                {
                  "Node Type": "Nested Loop",
                  "Parent Relationship": "Outer",
                  "Parallel Aware": false,
                  "Join Type": "Inner",
                  "Startup Cost": 12.92,
                  "Total Cost": 7475.86,
                  "Plan Rows": 1,
                  "Plan Width": 62,
                  "Actual Startup Time": 26.449,
                  "Actual Total Time": 1003.346,
                  "Actual Rows": 3501,
                  "Actual Loops": 1,
                  "Inner Unique": true,
                  "Join Filter": "(mc.company_type_id = ct.id)",
                  "Rows Removed by Join Filter": 0,
                  "Plans": [
                    {
                      "Node Type": "Nested Loop",
                      "Parent Relationship": "Outer",
                      "Parallel Aware": false,
                      "Join Type": "Inner",
                      "Startup Cost": 12.92,
                      "Total Cost": 7474.77,
                      "Plan Rows": 1,
                      "Plan Width": 66,
                      "Actual Startup Time": 26.439,
                      "Actual Total Time": 988.021,
                      "Actual Rows": 3501,
                      "Actual Loops": 1,
                      "Inner Unique": true,
                      "Plans": [
                        {
                          "Node Type": "Nested Loop",
                          "Parent Relationship": "Outer",
                          "Parallel Aware": false,
                          "Join Type": "Inner",
                          "Startup Cost": 12.5,
                          "Total Cost": 7474.23,
                          "Plan Rows": 1,
                          "Plan Width": 51,
                          "Actual Startup Time": 26.389,
                          "Actual Total Time": 960.556,
                          "Actual Rows": 3883,
                          "Actual Loops": 1,
                          "Inner Unique": false,
                          "Join Filter": "(t.id = mc.movie_id)",
                          "Rows Removed by Join Filter": 0,
                          "Plans": [
                            {
                              "Node Type": "Nested Loop",
                              "Parent Relationship": "Outer",
                              "Parallel Aware": false,
                              "Join Type": "Inner",
                              "Startup Cost": 12.07,
                              "Total Cost": 7473.65,
                              "Plan Rows": 1,
                              "Plan Width": 39,
                              "Actual Startup Time": 11.316,
                              "Actual Total Time": 881.515,
                              "Actual Rows": 2819,
                              "Actual Loops": 1,
                              "Inner Unique": true,
                              "Join Filter": "(cc.status_id = cct2.id)",
                              "Rows Removed by Join Filter": 12058,
                              "Plans": [
                                {
                                  "Node Type": "Nested Loop",
                                  "Parent Relationship": "Outer",
                                  "Parallel Aware": false,
                                  "Join Type": "Inner",
                                  "Startup Cost": 12.07,
                                  "Total Cost": 7472.56,
                                  "Plan Rows": 1,
                                  "Plan Width": 43,
                                  "Actual Startup Time": 11.31,
                                  "Actual Total Time": 861.424,
                                  "Actual Rows": 4959,
                                  "Actual Loops": 1,
                                  "Inner Unique": true,
                                  "Join Filter": "(cc.subject_id = cct1.id)",
                                  "Rows Removed by Join Filter": 9364,
                                  "Plans": [
                                    {
                                      "Node Type": "Nested Loop",
                                      "Parent Relationship": "Outer",
                                      "Parallel Aware": false,
                                      "Join Type": "Inner",
                                      "Startup Cost": 12.07,
                                      "Total Cost": 7471.5,
                                      "Plan Rows": 1,
                                      "Plan Width": 47,
                                      "Actual Startup Time": 11.282,
                                      "Actual Total Time": 797.167,
                                      "Actual Rows": 14323,
                                      "Actual Loops": 1,
                                      "Inner Unique": false,
                                      "Plans": [
                                        {
                                          "Node Type": "Nested Loop",
                                          "Parent Relationship": "Outer",
                                          "Parallel Aware": false,
                                          "Join Type": "Inner",
                                          "Startup Cost": 11.65,
                                          "Total Cost": 7471.02,
                                          "Plan Rows": 1,
                                          "Plan Width": 35,
                                          "Actual Startup Time": 8.603,
                                          "Actual Total Time": 723.072,
                                          "Actual Rows": 16312,
                                          "Actual Loops": 1,
                                          "Inner Unique": false,
                                          "Join Filter": "(mi_idx.info_type_id = it2.id)",
                                          "Rows Removed by Join Filter": 31617,
                                          "Plans": [
                                            {
                                              "Node Type": "Seq Scan",
                                              "Parent Relationship": "Outer",
                                              "Parallel Aware": false,
                                              "Relation Name": "info_type",
                                              "Alias": "it2",
                                              "Startup Cost": 0.0,
                                              "Total Cost": 2.41,
                                              "Plan Rows": 1,
                                              "Plan Width": 4,
                                              "Actual Startup Time": 0.026,
                                              "Actual Total Time": 0.03,
                                              "Actual Rows": 1,
                                              "Actual Loops": 1,
                                              "Filter": "((info)::text = 'rating'::text)",
                                              "Rows Removed by Filter": 112
                                            },
                                            {
                                              "Node Type": "Nested Loop",
                                              "Parent Relationship": "Inner",
                                              "Parallel Aware": false,
                                              "Join Type": "Inner",
                                              "Startup Cost": 11.65,
                                              "Total Cost": 7468.08,
                                              "Plan Rows": 42,
                                              "Plan Width": 39,
                                              "Actual Startup Time": 8.571,
                                              "Actual Total Time": 716.272,
                                              "Actual Rows": 47929,
                                              "Actual Loops": 1,
                                              "Inner Unique": false,
                                              "Join Filter": "(t.id = mi_idx.movie_id)",
                                              "Rows Removed by Join Filter": 0,
                                              "Plans": [
                                                {
                                                  "Node Type": "Nested Loop",
                                                  "Parent Relationship": "Outer",
                                                  "Parallel Aware": false,
                                                  "Join Type": "Inner",
                                                  "Startup Cost": 11.22,
                                                  "Total Cost": 7460.02,
                                                  "Plan Rows": 15,
                                                  "Plan Width": 25,
                                                  "Actual Startup Time": 7.079,
                                                  "Actual Total Time": 582.934,
                                                  "Actual Rows": 18270,
                                                  "Actual Loops": 1,
                                                  "Inner Unique": true,
                                                  "Join Filter": "(t.kind_id = kt.id)",
                                                  "Rows Removed by Join Filter": 5647,
                                                  "Plans": [
                                                    {
                                                      "Node Type": "Nested Loop",
                                                      "Parent Relationship": "Outer",
                                                      "Parallel Aware": false,
                                                      "Join Type": "Inner",
                                                      "Startup Cost": 11.22,
                                                      "Total Cost": 7457.41,
                                                      "Plan Rows": 53,
                                                      "Plan Width": 29,
                                                      "Actual Startup Time": 5.992,
                                                      "Actual Total Time": 571.386,
                                                      "Actual Rows": 20530,
                                                      "Actual Loops": 1,
                                                      "Inner Unique": true,
                                                      "Plans": [
                                                        {
                                                          "Node Type": "Nested Loop",
                                                          "Parent Relationship": "Outer",
                                                          "Parallel Aware": false,
                                                          "Join Type": "Inner",
                                                          "Startup Cost": 10.79,
                                                          "Total Cost": 7391.29,
                                                          "Plan Rows": 135,
                                                          "Plan Width": 4,
                                                          "Actual Startup Time": 5.635,
                                                          "Actual Total Time": 222.765,
                                                          "Actual Rows": 37091,
                                                          "Actual Loops": 1,
                                                          "Inner Unique": false,
                                                          "Plans": [
                                                            {
                                                              "Node Type": "Seq Scan",
                                                              "Parent Relationship": "Outer",
                                                              "Parallel Aware": false,
                                                              "Relation Name": "keyword",
                                                              "Alias": "k",
                                                              "Startup Cost": 0.0,
                                                              "Total Cost": 2961.55,
                                                              "Plan Rows": 4,
                                                              "Plan Width": 4,
                                                              "Actual Startup Time": 1.513,
                                                              "Actual Total Time": 28.028,
                                                              "Actual Rows": 3,
                                                              "Actual Loops": 1,
                                                              "Filter": "(keyword = ANY ('{murder,murder-in-title,blood,violence}'::text[]))",
                                                              "Rows Removed by Filter": 134167
                                                            },
                                                            {
                                                              "Node Type": "Bitmap Heap Scan",
                                                              "Parent Relationship": "Inner",
                                                              "Parallel Aware": false,
                                                              "Relation Name": "movie_keyword",
                                                              "Alias": "mk",
                                                              "Startup Cost": 10.79,
                                                              "Total Cost": 1104.4,
                                                              "Plan Rows": 304,
                                                              "Plan Width": 8,
                                                              "Actual Startup Time": 4.125,
                                                              "Actual Total Time": 61.188,
                                                              "Actual Rows": 12364,
                                                              "Actual Loops": 3,
                                                              "Recheck Cond": "(keyword_id = k.id)",
                                                              "Rows Removed by Index Recheck": 0,
                                                              "Exact Heap Blocks": 26312,
                                                              "Lossy Heap Blocks": 0,
                                                              "Plans": [
                                                                {
                                                                  "Node Type": "Bitmap Index Scan",
                                                                  "Parent Relationship": "Outer",
                                                                  "Parallel Aware": false,
                                                                  "Index Name": "keyword_id_movie_keyword",
                                                                  "Startup Cost": 0.0,
                                                                  "Total Cost": 10.71,
                                                                  "Plan Rows": 304,
                                                                  "Plan Width": 0,
                                                                  "Actual Startup Time": 2.56,
                                                                  "Actual Total Time": 2.56,
                                                                  "Actual Rows": 12364,
                                                                  "Actual Loops": 3,
                                                                  "Index Cond": "(keyword_id = k.id)"
                                                                }
                                                              ]
                                                            }
                                                          ]
                                                        },
                                                        {
                                                          "Node Type": "Index Scan",
                                                          "Parent Relationship": "Inner",
                                                          "Parallel Aware": false,
                                                          "Scan Direction": "Forward",
                                                          "Index Name": "title_pkey",
                                                          "Relation Name": "title",
                                                          "Alias": "t",
                                                          "Startup Cost": 0.43,
                                                          "Total Cost": 0.49,
                                                          "Plan Rows": 1,
                                                          "Plan Width": 25,
                                                          "Actual Startup Time": 0.008,
                                                          "Actual Total Time": 0.008,
                                                          "Actual Rows": 1,
                                                          "Actual Loops": 37091,
                                                          "Index Cond": "(id = mk.movie_id)",
                                                          "Rows Removed by Index Recheck": 0,
                                                          "Filter": "(production_year < 1999)",
                                                          "Rows Removed by Filter": 0
                                                        }
                                                      ]
                                                    },
                                                    {
                                                      "Node Type": "Materialize",
                                                      "Parent Relationship": "Inner",
                                                      "Parallel Aware": false,
                                                      "Startup Cost": 0.0,
                                                      "Total Cost": 1.1,
                                                      "Plan Rows": 2,
                                                      "Plan Width": 4,
                                                      "Actual Startup Time": 0.0,
                                                      "Actual Total Time": 0.0,
                                                      "Actual Rows": 1,
                                                      "Actual Loops": 20530,
                                                      "Plans": [
                                                        {
                                                          "Node Type": "Seq Scan",
                                                          "Parent Relationship": "Outer",
                                                          "Parallel Aware": false,
                                                          "Relation Name": "kind_type",
                                                          "Alias": "kt",
                                                          "Startup Cost": 0.0,
                                                          "Total Cost": 1.09,
                                                          "Plan Rows": 2,
                                                          "Plan Width": 4,
                                                          "Actual Startup Time": 0.015,
                                                          "Actual Total Time": 0.017,
                                                          "Actual Rows": 2,
                                                          "Actual Loops": 1,
                                                          "Filter": "((kind)::text = ANY ('{movie,episode}'::text[]))",
                                                          "Rows Removed by Filter": 5
                                                        }
                                                      ]
                                                    }
                                                  ]
                                                },
                                                {
                                                  "Node Type": "Index Scan",
                                                  "Parent Relationship": "Inner",
                                                  "Parallel Aware": false,
                                                  "Scan Direction": "Forward",
                                                  "Index Name": "movie_id_movie_info_idx",
                                                  "Relation Name": "movie_info_idx",
                                                  "Alias": "mi_idx",
                                                  "Startup Cost": 0.43,
                                                  "Total Cost": 0.5,
                                                  "Plan Rows": 3,
                                                  "Plan Width": 14,
                                                  "Actual Startup Time": 0.005,
                                                  "Actual Total Time": 0.006,
                                                  "Actual Rows": 3,
                                                  "Actual Loops": 18270,
                                                  "Index Cond": "(movie_id = mk.movie_id)",
                                                  "Rows Removed by Index Recheck": 0,
                                                  "Filter": "(info < '8.5'::text)",
                                                  "Rows Removed by Filter": 0
                                                }
                                              ]
                                            }
                                          ]
                                        },
                                        {
                                          "Node Type": "Index Scan",
                                          "Parent Relationship": "Inner",
                                          "Parallel Aware": false,
                                          "Scan Direction": "Forward",
                                          "Index Name": "movie_id_complete_cast",
                                          "Relation Name": "complete_cast",
                                          "Alias": "cc",
                                          "Startup Cost": 0.42,
                                          "Total Cost": 0.46,
                                          "Plan Rows": 2,
                                          "Plan Width": 12,
                                          "Actual Startup Time": 0.003,
                                          "Actual Total Time": 0.004,
                                          "Actual Rows": 1,
                                          "Actual Loops": 16312,
                                          "Index Cond": "(movie_id = t.id)",
                                          "Rows Removed by Index Recheck": 0
                                        }
                                      ]
                                    },
                                    {
                                      "Node Type": "Seq Scan",
                                      "Parent Relationship": "Inner",
                                      "Parallel Aware": false,
                                      "Relation Name": "comp_cast_type",
                                      "Alias": "cct1",
                                      "Startup Cost": 0.0,
                                      "Total Cost": 1.05,
                                      "Plan Rows": 1,
                                      "Plan Width": 4,
                                      "Actual Startup Time": 0.002,
                                      "Actual Total Time": 0.002,
                                      "Actual Rows": 1,
                                      "Actual Loops": 14323,
                                      "Filter": "((kind)::text = 'crew'::text)",
                                      "Rows Removed by Filter": 2
                                    }
                                  ]
                                },
                                {
                                  "Node Type": "Seq Scan",
                                  "Parent Relationship": "Inner",
                                  "Parallel Aware": false,
                                  "Relation Name": "comp_cast_type",
                                  "Alias": "cct2",
                                  "Startup Cost": 0.0,
                                  "Total Cost": 1.05,
                                  "Plan Rows": 3,
                                  "Plan Width": 4,
                                  "Actual Startup Time": 0.001,
                                  "Actual Total Time": 0.002,
                                  "Actual Rows": 3,
                                  "Actual Loops": 4959,
                                  "Filter": "((kind)::text <> 'complete+verified'::text)",
                                  "Rows Removed by Filter": 0
                                }
                              ]
                            },
                            {
                              "Node Type": "Index Scan",
                              "Parent Relationship": "Inner",
                              "Parallel Aware": false,
                              "Scan Direction": "Forward",
                              "Index Name": "movie_id_movie_companies",
                              "Relation Name": "movie_companies",
                              "Alias": "mc",
                              "Startup Cost": 0.43,
                              "Total Cost": 0.57,
                              "Plan Rows": 1,
                              "Plan Width": 12,
                              "Actual Startup Time": 0.021,
                              "Actual Total Time": 0.027,
                              "Actual Rows": 1,
                              "Actual Loops": 2819,
                              "Index Cond": "(movie_id = mk.movie_id)",
                              "Rows Removed by Index Recheck": 0,
                              "Filter": "((note !~~ '%(USA)%'::text) AND (note ~~ '%(200%)%'::text))",
                              "Rows Removed by Filter": 9
                            }
                          ]
                        },
                        {
                          "Node Type": "Index Scan",
                          "Parent Relationship": "Inner",
                          "Parallel Aware": false,
                          "Scan Direction": "Forward",
                          "Index Name": "company_name_pkey",
                          "Relation Name": "company_name",
                          "Alias": "cn",
                          "Startup Cost": 0.42,
                          "Total Cost": 0.54,
                          "Plan Rows": 1,
                          "Plan Width": 23,
                          "Actual Startup Time": 0.006,
                          "Actual Total Time": 0.006,
                          "Actual Rows": 1,
                          "Actual Loops": 3883,
                          "Index Cond": "(id = mc.company_id)",
                          "Rows Removed by Index Recheck": 0,
                          "Filter": "((country_code)::text <> '[us]'::text)",
                          "Rows Removed by Filter": 0
                        }
                      ]
                    },
                    {
                      "Node Type": "Seq Scan",
                      "Parent Relationship": "Inner",
                      "Parallel Aware": false,
                      "Relation Name": "company_type",
                      "Alias": "ct",
                      "Startup Cost": 0.0,
                      "Total Cost": 1.04,
                      "Plan Rows": 4,
                      "Plan Width": 4,
                      "Actual Startup Time": 0.001,
                      "Actual Total Time": 0.001,
                      "Actual Rows": 1,
                      "Actual Loops": 3501
                    }
                  ]
                },
                {
                  "Node Type": "Index Scan",
                  "Parent Relationship": "Inner",
                  "Parallel Aware": false,
                  "Scan Direction": "Forward",
                  "Index Name": "movie_id_movie_info",
                  "Relation Name": "movie_info",
                  "Alias": "mi",
                  "Startup Cost": 0.43,
                  "Total Cost": 1.83,
                  "Plan Rows": 2,
                  "Plan Width": 8,
                  "Actual Startup Time": 0.08,
                  "Actual Total Time": 0.11,
                  "Actual Rows": 2,
                  "Actual Loops": 3501,
                  "Index Cond": "(movie_id = mk.movie_id)",
                  "Rows Removed by Index Recheck": 0,
                  "Filter": "(info = ANY ('{Sweden,Norway,Germany,Denmark,Swedish,Danish,Norwegian,German,USA,American}'::text[]))",
                  "Rows Removed by Filter": 164
                }
              ]
            },
            {
              "Node Type": "Seq Scan",
              "Parent Relationship": "Inner",
              "Parallel Aware": false,
              "Relation Name": "info_type",
              "Alias": "it1",
              "Startup Cost": 0.0,
              "Total Cost": 2.41,
              "Plan Rows": 1,
              "Plan Width": 4,
              "Actual Startup Time": 0.004,
              "Actual Total Time": 0.009,
              "Actual Rows": 1,
              "Actual Loops": 8605,
              "Filter": "((info)::text = 'countries'::text)",
              "Rows Removed by Filter": 84
            }
          ]
        }
      ]
    },
    "Planning Time": 461.759,
    "Triggers": [],
    "Execution Time": 1493.104
  }
]