[
  {
    "Plan": {
      "Node Type": "Aggregate",
      "Strategy": "Plain",
      "Partial Mode": "Finalize",
      "Parallel Aware": false,
      "Startup Cost": 31812.31,
      "Total Cost": 31812.32,
      "Plan Rows": 1,
      "Plan Width": 8,
      "Actual Startup Time": 126.039,
      "Actual Total Time": 133.897,
      "Actual Rows": 1,
      "Actual Loops": 1,
      "Plans": [
        {
          "Node Type": "Gather",
          "Parent Relationship": "Outer",
          "Parallel Aware": false,
          "Startup Cost": 31811.99,
          "Total Cost": 31812.3,
          "Plan Rows": 3,
          "Plan Width": 8,
          "Actual Startup Time": 125.956,
          "Actual Total Time": 133.889,
          "Actual Rows": 4,
          "Actual Loops": 1,
          "Workers Planned": 3,
          "Workers Launched": 3,
          "Single Copy": false,
          "Plans": [
            {
              "Node Type": "Aggregate",
              "Strategy": "Plain",
              "Partial Mode": "Partial",
              "Parent Relationship": "Outer",
              "Parallel Aware": false,
              "Startup Cost": 30811.99,
              "Total Cost": 30812.0,
              "Plan Rows": 1,
              "Plan Width": 8,
              "Actual Startup Time": 119.78,
              "Actual Total Time": 119.781,
              "Actual Rows": 1,
              "Actual Loops": 4,
              "Plans": [
                {
                  "Node Type": "Seq Scan",
                  "Parent Relationship": "Outer",
                  "Parallel Aware": true,
                  "Relation Name": "movie_companies",
                  "Alias": "mc",
                  "Startup Cost": 0.0,
                  "Total Cost": 29310.68,
                  "Plan Rows": 600525,
                  "Plan Width": 0,
                  "Actual Startup Time": 0.036,
                  "Actual Total Time": 92.155,
                  "Actual Rows": 461659,
                  "Actual Loops": 4,
                  "Filter": "(company_id < 35126)",
                  "Rows Removed by Filter": 190623
                }
              ]
            }
          ]
        }
      ]
    },
    "Planning Time": 0.146,
    "Triggers": [],
    "Execution Time": 133.943
  }
]