[
    {
        "Bao": {
            "Bao prediction": "NaN",
            "Bao recommended hint": "(no hint)"
        }
    },
    {
        "Plan": {
            "Node Type": "Aggregate",
            "Strategy": "Plain",
            "Partial Mode": "Finalize",
            "Parallel Aware": false,
            "Startup Cost": 31350.47,
            "Total Cost": 31350.48,
            "Plan Rows": 1,
            "Plan Width": 8,
            "Actual Startup Time": 74.622,
            "Actual Total Time": 80.699,
            "Actual Rows": 1,
            "Actual Loops": 1,
            "Output": [
                "count(*)"
            ],
            "Plans": [
                {
                    "Node Type": "Gather",
                    "Parent Relationship": "Outer",
                    "Parallel Aware": false,
                    "Startup Cost": 31350.15,
                    "Total Cost": 31350.46,
                    "Plan Rows": 3,
                    "Plan Width": 8,
                    "Actual Startup Time": 74.293,
                    "Actual Total Time": 80.691,
                    "Actual Rows": 4,
                    "Actual Loops": 1,
                    "Output": [
                        "(PARTIAL count(*))"
                    ],
                    "Workers Planned": 3,
                    "Workers Launched": 3,
                    "Single Copy": false,
                    "Plans": [
                        {
                            "Node Type": "Aggregate",
                            "Strategy": "Plain",
                            "Partial Mode": "Partial",
                            "Parent Relationship": "Outer",
                            "Parallel Aware": false,
                            "Startup Cost": 30350.15,
                            "Total Cost": 30350.16,
                            "Plan Rows": 1,
                            "Plan Width": 8,
                            "Actual Startup Time": 65.698,
                            "Actual Total Time": 65.7,
                            "Actual Rows": 1,
                            "Actual Loops": 4,
                            "Output": [
                                "PARTIAL count(*)"
                            ],
                            "Workers": [
                                {
                                    "Worker Number": 0,
                                    "Actual Startup Time": 62.556,
                                    "Actual Total Time": 62.558,
                                    "Actual Rows": 1,
                                    "Actual Loops": 1
                                },
                                {
                                    "Worker Number": 1,
                                    "Actual Startup Time": 63.01,
                                    "Actual Total Time": 63.012,
                                    "Actual Rows": 1,
                                    "Actual Loops": 1
                                },
                                {
                                    "Worker Number": 2,
                                    "Actual Startup Time": 63.179,
                                    "Actual Total Time": 63.181,
                                    "Actual Rows": 1,
                                    "Actual Loops": 1
                                }
                            ],
                            "Plans": [
                                {
                                    "Node Type": "Bitmap Heap Scan",
                                    "Parent Relationship": "Outer",
                                    "Parallel Aware": true,
                                    "Relation Name": "movie_keyword",
                                    "Schema": "public",
                                    "Alias": "mk",
                                    "Startup Cost": 4801.58,
                                    "Total Cost": 30167.72,
                                    "Plan Rows": 72972,
                                    "Plan Width": 0,
                                    "Actual Startup Time": 10.328,
                                    "Actual Total Time": 62.254,
                                    "Actual Rows": 55301,
                                    "Actual Loops": 4,
                                    "Recheck Cond": "(mk.keyword_id > 64535)",
                                    "Rows Removed by Index Recheck": 0,
                                    "Exact Heap Blocks": 11100,
                                    "Lossy Heap Blocks": 0,
                                    "Workers": [
                                        {
                                            "Worker Number": 0,
                                            "Actual Startup Time": 7.174,
                                            "Actual Total Time": 59.574,
                                            "Actual Rows": 32561,
                                            "Actual Loops": 1
                                        },
                                        {
                                            "Worker Number": 1,
                                            "Actual Startup Time": 7.879,
                                            "Actual Total Time": 60.046,
                                            "Actual Rows": 35793,
                                            "Actual Loops": 1
                                        },
                                        {
                                            "Worker Number": 2,
                                            "Actual Startup Time": 7.829,
                                            "Actual Total Time": 60.231,
                                            "Actual Rows": 35189,
                                            "Actual Loops": 1
                                        }
                                    ],
                                    "Plans": [
                                        {
                                            "Node Type": "Bitmap Index Scan",
                                            "Parent Relationship": "Outer",
                                            "Parallel Aware": false,
                                            "Index Name": "keyword_id_movie_keyword",
                                            "Startup Cost": 0.0,
                                            "Total Cost": 4745.02,
                                            "Plan Rows": 226212,
                                            "Plan Width": 0,
                                            "Actual Startup Time": 15.284,
                                            "Actual Total Time": 15.285,
                                            "Actual Rows": 221203,
                                            "Actual Loops": 1,
                                            "Index Cond": "(mk.keyword_id > 64535)"
                                        }
                                    ]
                                }
                            ]
                        }
                    ]
                }
            ]
        },
        "Planning Time": 181.872,
        "Triggers": [],
        "Execution Time": 80.751
    }
]