[
  {
    "Plan": {
      "Node Type": "Aggregate",
      "Strategy": "Plain",
      "Partial Mode": "Finalize",
      "Parallel Aware": false,
      "Startup Cost": 32633.34,
      "Total Cost": 32633.35,
      "Plan Rows": 1,
      "Plan Width": 8,
      "Actual Startup Time": 90.999,
      "Actual Total Time": 98.486,
      "Actual Rows": 1,
      "Actual Loops": 1,
      "Plans": [
        {
          "Node Type": "Gather",
          "Parent Relationship": "Outer",
          "Parallel Aware": false,
          "Startup Cost": 32633.02,
          "Total Cost": 32633.33,
          "Plan Rows": 3,
          "Plan Width": 8,
          "Actual Startup Time": 90.914,
          "Actual Total Time": 98.475,
          "Actual Rows": 4,
          "Actual Loops": 1,
          "Workers Planned": 3,
          "Workers Launched": 3,
          "Single Copy": false,
          "Plans": [
            {
              "Node Type": "Aggregate",
              "Strategy": "Plain",
              "Partial Mode": "Partial",
              "Parent Relationship": "Outer",
              "Parallel Aware": false,
              "Startup Cost": 31633.02,
              "Total Cost": 31633.03,
              "Plan Rows": 1,
              "Plan Width": 8,
              "Actual Startup Time": 82.705,
              "Actual Total Time": 82.705,
              "Actual Rows": 1,
              "Actual Loops": 4,
              "Plans": [
                {
                  "Node Type": "Seq Scan",
                  "Parent Relationship": "Outer",
                  "Parallel Aware": true,
                  "Relation Name": "movie_companies",
                  "Alias": "mc",
                  "Startup Cost": 0.0,
                  "Total Cost": 31414.82,
                  "Plan Rows": 87281,
                  "Plan Width": 0,
                  "Actual Startup Time": 47.08,
                  "Actual Total Time": 77.283,
                  "Actual Rows": 135434,
                  "Actual Loops": 4,
                  "Filter": "((company_id > 72131) AND (company_type_id > 1))",
                  "Rows Removed by Filter": 516849
                }
              ]
            }
          ]
        }
      ]
    },
    "Planning Time": 0.186,
    "Triggers": [],
    "Execution Time": 98.538
  }
]