[
  {
    "Plan": {
      "Node Type": "Aggregate",
      "Strategy": "Plain",
      "Partial Mode": "Finalize",
      "Parallel Aware": false,
      "Startup Cost": 307263.27,
      "Total Cost": 307263.28,
      "Plan Rows": 1,
      "Plan Width": 32,
      "Actual Startup Time": 1056.034,
      "Actual Total Time": 1121.266,
      "Actual Rows": 1,
      "Actual Loops": 1,
      "Plans": [
        {
          "Node Type": "Gather",
          "Parent Relationship": "Outer",
          "Parallel Aware": false,
          "Startup Cost": 307262.75,
          "Total Cost": 307263.26,
          "Plan Rows": 5,
          "Plan Width": 32,
          "Actual Startup Time": 1055.653,
          "Actual Total Time": 1121.254,
          "Actual Rows": 6,
          "Actual Loops": 1,
          "Workers Planned": 5,
          "Workers Launched": 5,
          "Single Copy": false,
          "Plans": [
            {
              "Node Type": "Aggregate",
              "Strategy": "Plain",
              "Partial Mode": "Partial",
              "Parent Relationship": "Outer",
              "Parallel Aware": false,
              "Startup Cost": 306262.75,
              "Total Cost": 306262.76,
              "Plan Rows": 1,
              "Plan Width": 32,
              "Actual Startup Time": 1045.605,
              "Actual Total Time": 1045.616,
              "Actual Rows": 1,
              "Actual Loops": 6,
              "Plans": [
                {
                  "Node Type": "Hash Join",
                  "Parent Relationship": "Outer",
                  "Parallel Aware": false,
                  "Join Type": "Inner",
                  "Startup Cost": 76452.5,
                  "Total Cost": 306247.03,
                  "Plan Rows": 6286,
                  "Plan Width": 17,
                  "Actual Startup Time": 228.002,
                  "Actual Total Time": 1045.578,
                  "Actual Rows": 55,
                  "Actual Loops": 6,
                  "Inner Unique": true,
                  "Hash Cond": "(mi.info_type_id = it.id)",
                  "Plans": [
                    {
                      "Node Type": "Hash Join",
                      "Parent Relationship": "Outer",
                      "Parallel Aware": true,
                      "Join Type": "Inner",
                      "Startup Cost": 76448.95,
                      "Total Cost": 306226.37,
                      "Plan Rows": 6286,
                      "Plan Width": 21,
                      "Actual Startup Time": 227.239,
                      "Actual Total Time": 1044.78,
                      "Actual Rows": 55,
                      "Actual Loops": 6,
                      "Inner Unique": false,
                      "Hash Cond": "(mi.movie_id = t.id)",
                      "Plans": [
                        {
                          "Node Type": "Seq Scan",
                          "Parent Relationship": "Outer",
                          "Parallel Aware": true,
                          "Relation Name": "movie_info",
                          "Alias": "mi",
                          "Startup Cost": 0.0,
                          "Total Cost": 228768.14,
                          "Plan Rows": 268346,
                          "Plan Width": 8,
                          "Actual Startup Time": 0.046,
                          "Actual Total Time": 807.133,
                          "Actual Rows": 236912,
                          "Actual Loops": 6,
                          "Filter": "(info = ANY ('{Germany,USA,America,Bulgaria,Denish,Sweden,English,Norwegian,Denmark,Swedish}'::text[]))",
                          "Rows Removed by Filter": 2235708
                        },
                        {
                          "Node Type": "Hash",
                          "Parent Relationship": "Inner",
                          "Parallel Aware": true,
                          "Startup Cost": 76413.97,
                          "Total Cost": 76413.97,
                          "Plan Rows": 2799,
                          "Plan Width": 25,
                          "Actual Startup Time": 217.211,
                          "Actual Total Time": 217.218,
                          "Actual Rows": 36,
                          "Actual Loops": 6,
                          "Hash Buckets": 16384,
                          "Original Hash Buckets": 16384,
                          "Hash Batches": 1,
                          "Original Hash Batches": 1,
                          "Peak Memory Usage": 320,
                          "Plans": [
                            {
                              "Node Type": "Hash Join",
                              "Parent Relationship": "Outer",
                              "Parallel Aware": true,
                              "Join Type": "Inner",
                              "Startup Cost": 31889.23,
                              "Total Cost": 76413.97,
                              "Plan Rows": 2799,
                              "Plan Width": 25,
                              "Actual Startup Time": 137.03,
                              "Actual Total Time": 216.826,
                              "Actual Rows": 36,
                              "Actual Loops": 6,
                              "Inner Unique": false,
                              "Hash Cond": "(t.id = mc.movie_id)",
                              "Plans": [
                                {
                                  "Node Type": "Seq Scan",
                                  "Parent Relationship": "Outer",
                                  "Parallel Aware": true,
                                  "Relation Name": "title",
                                  "Alias": "t",
                                  "Startup Cost": 0.0,
                                  "Total Cost": 43898.62,
                                  "Plan Rows": 164558,
                                  "Plan Width": 21,
                                  "Actual Startup Time": 0.018,
                                  "Actual Total Time": 88.687,
                                  "Actual Rows": 110344,
                                  "Actual Loops": 6,
                                  "Filter": "(production_year > 2008)",
                                  "Rows Removed by Filter": 311041
                                },
                                {
                                  "Node Type": "Hash",
                                  "Parent Relationship": "Inner",
                                  "Parallel Aware": true,
                                  "Startup Cost": 31715.84,
                                  "Total Cost": 31715.84,
                                  "Plan Rows": 13871,
                                  "Plan Width": 4,
                                  "Actual Startup Time": 113.856,
                                  "Actual Total Time": 113.86,
                                  "Actual Rows": 133,
                                  "Actual Loops": 6,
                                  "Hash Buckets": 65536,
                                  "Original Hash Buckets": 65536,
                                  "Hash Batches": 1,
                                  "Original Hash Batches": 1,
                                  "Peak Memory Usage": 704,
                                  "Plans": [
                                    {
                                      "Node Type": "Hash Join",
                                      "Parent Relationship": "Outer",
                                      "Parallel Aware": false,
                                      "Join Type": "Inner",
                                      "Startup Cost": 1.06,
                                      "Total Cost": 31715.84,
                                      "Plan Rows": 13871,
                                      "Plan Width": 4,
                                      "Actual Startup Time": 83.889,
                                      "Actual Total Time": 113.669,
                                      "Actual Rows": 133,
                                      "Actual Loops": 6,
                                      "Inner Unique": true,
                                      "Hash Cond": "(mc.company_type_id = ct.id)",
                                      "Plans": [
                                        {
                                          "Node Type": "Seq Scan",
                                          "Parent Relationship": "Outer",
                                          "Parallel Aware": true,
                                          "Relation Name": "movie_companies",
                                          "Alias": "mc",
                                          "Startup Cost": 0.0,
                                          "Total Cost": 31414.82,
                                          "Plan Rows": 55484,
                                          "Plan Width": 8,
                                          "Actual Startup Time": 0.065,
                                          "Actual Total Time": 109.053,
                                          "Actual Rows": 49271,
                                          "Actual Loops": 6,
                                          "Filter": "((note !~~ '%(TV)%'::text) AND (note ~~ '%(USA)%'::text))",
                                          "Rows Removed by Filter": 385584
                                        },
                                        {
                                          "Node Type": "Hash",
                                          "Parent Relationship": "Inner",
                                          "Parallel Aware": false,
                                          "Startup Cost": 1.05,
                                          "Total Cost": 1.05,
                                          "Plan Rows": 1,
                                          "Plan Width": 4,
                                          "Actual Startup Time": 0.071,
                                          "Actual Total Time": 0.073,
                                          "Actual Rows": 1,
                                          "Actual Loops": 6,
                                          "Hash Buckets": 1024,
                                          "Original Hash Buckets": 1024,
                                          "Hash Batches": 1,
                                          "Original Hash Batches": 1,
                                          "Peak Memory Usage": 9,
                                          "Plans": [
                                            {
                                              "Node Type": "Seq Scan",
                                              "Parent Relationship": "Outer",
                                              "Parallel Aware": false,
                                              "Relation Name": "company_type",
                                              "Alias": "ct",
                                              "Startup Cost": 0.0,
                                              "Total Cost": 1.05,
                                              "Plan Rows": 1,
                                              "Plan Width": 4,
                                              "Actual Startup Time": 0.055,
                                              "Actual Total Time": 0.058,
                                              "Actual Rows": 1,
                                              "Actual Loops": 6,
                                              "Filter": "((kind)::text = 'production companies'::text)",
                                              "Rows Removed by Filter": 3
                                            }
                                          ]
                                        }
                                      ]
                                    }
                                  ]
                                }
                              ]
                            }
                          ]
                        }
                      ]
                    },
                    {
                      "Node Type": "Hash",
                      "Parent Relationship": "Inner",
                      "Parallel Aware": false,
                      "Startup Cost": 2.13,
                      "Total Cost": 2.13,
                      "Plan Rows": 113,
                      "Plan Width": 4,
                      "Actual Startup Time": 0.161,
                      "Actual Total Time": 0.162,
                      "Actual Rows": 113,
                      "Actual Loops": 6,
                      "Hash Buckets": 1024,
                      "Original Hash Buckets": 1024,
                      "Hash Batches": 1,
                      "Original Hash Batches": 1,
                      "Peak Memory Usage": 12,
                      "Plans": [
                        {
                          "Node Type": "Seq Scan",
                          "Parent Relationship": "Outer",
                          "Parallel Aware": false,
                          "Relation Name": "info_type",
                          "Alias": "it",
                          "Startup Cost": 0.0,
                          "Total Cost": 2.13,
                          "Plan Rows": 113,
                          "Plan Width": 4,
                          "Actual Startup Time": 0.075,
                          "Actual Total Time": 0.099,
                          "Actual Rows": 113,
                          "Actual Loops": 6
                        }
                      ]
                    }
                  ]
                }
              ]
            }
          ]
        }
      ]
    },
    "Planning Time": 2.901,
    "Triggers": [],
    "Execution Time": 1121.512
  }
]