{
    "Plan": {
        "Node Type": "Aggregate",
        "Strategy": "Plain",
        "Partial Mode": "Finalize",
        "Parallel Aware": false,
        "Startup Cost": 55458.97,
        "Total Cost": 55458.98,
        "Plan Rows": 1,
        "Plan Width": 8,
        "Actual Startup Time": 136.758,
        "Actual Total Time": 146.805,
        "Actual Rows": 1,
        "Actual Loops": 1,
        "Output": [
            "count(*)"
        ],
        "Plans": [
            {
                "Node Type": "Gather",
                "Parent Relationship": "Outer",
                "Parallel Aware": false,
                "Startup Cost": 55458.65,
                "Total Cost": 55458.96,
                "Plan Rows": 3,
                "Plan Width": 8,
                "Actual Startup Time": 135.77,
                "Actual Total Time": 146.798,
                "Actual Rows": 4,
                "Actual Loops": 1,
                "Output": [
                    "(PARTIAL count(*))"
                ],
                "Workers Planned": 3,
                "Workers Launched": 3,
                "Single Copy": false,
                "Plans": [
                    {
                        "Node Type": "Aggregate",
                        "Strategy": "Plain",
                        "Partial Mode": "Partial",
                        "Parent Relationship": "Outer",
                        "Parallel Aware": false,
                        "Startup Cost": 54458.65,
                        "Total Cost": 54458.66,
                        "Plan Rows": 1,
                        "Plan Width": 8,
                        "Actual Startup Time": 126.801,
                        "Actual Total Time": 126.856,
                        "Actual Rows": 1,
                        "Actual Loops": 4,
                        "Output": [
                            "PARTIAL count(*)"
                        ],
                        "Workers": [
                            {
                                "Worker Number": 0,
                                "Actual Startup Time": 123.43,
                                "Actual Total Time": 123.433,
                                "Actual Rows": 1,
                                "Actual Loops": 1
                            },
                            {
                                "Worker Number": 1,
                                "Actual Startup Time": 123.906,
                                "Actual Total Time": 123.909,
                                "Actual Rows": 1,
                                "Actual Loops": 1
                            },
                            {
                                "Worker Number": 2,
                                "Actual Startup Time": 124.525,
                                "Actual Total Time": 124.527,
                                "Actual Rows": 1,
                                "Actual Loops": 1
                            }
                        ],
                        "Plans": [
                            {
                                "Node Type": "Hash Join",
                                "Parent Relationship": "Outer",
                                "Parallel Aware": true,
                                "Join Type": "Inner",
                                "Startup Cost": 45656.05,
                                "Total Cost": 54456.71,
                                "Plan Rows": 779,
                                "Plan Width": 0,
                                "Actual Startup Time": 113.088,
                                "Actual Total Time": 126.827,
                                "Actual Rows": 417,
                                "Actual Loops": 4,
                                "Inner Unique": true,
                                "Hash Cond": "(ci.movie_id = t.id)",
                                "Workers": [
                                    {
                                        "Worker Number": 0,
                                        "Actual Startup Time": 110.675,
                                        "Actual Total Time": 123.408,
                                        "Actual Rows": 336,
                                        "Actual Loops": 1
                                    },
                                    {
                                        "Worker Number": 1,
                                        "Actual Startup Time": 109.957,
                                        "Actual Total Time": 123.875,
                                        "Actual Rows": 535,
                                        "Actual Loops": 1
                                    },
                                    {
                                        "Worker Number": 2,
                                        "Actual Startup Time": 110.162,
                                        "Actual Total Time": 124.502,
                                        "Actual Rows": 301,
                                        "Actual Loops": 1
                                    }
                                ],
                                "Plans": [
                                    {
                                        "Node Type": "Index Scan",
                                        "Parent Relationship": "Outer",
                                        "Parallel Aware": true,
                                        "Scan Direction": "Forward",
                                        "Index Name": "role_id_cast_info",
                                        "Relation Name": "cast_info",
                                        "Schema": "public",
                                        "Alias": "ci",
                                        "Startup Cost": 0.56,
                                        "Total Cost": 8709.53,
                                        "Plan Rows": 34931,
                                        "Plan Width": 4,
                                        "Actual Startup Time": 0.092,
                                        "Actual Total Time": 10.914,
                                        "Actual Rows": 12606,
                                        "Actual Loops": 4,
                                        "Output": [
                                            "ci.id",
                                            "ci.person_id",
                                            "ci.movie_id",
                                            "ci.person_role_id",
                                            "ci.note",
                                            "ci.nr_order",
                                            "ci.role_id"
                                        ],
                                        "Index Cond": "(ci.role_id = 11)",
                                        "Rows Removed by Index Recheck": 0,
                                        "Filter": "(ci.person_id < 1282505)",
                                        "Rows Removed by Filter": 66423,
                                        "Workers": [
                                            {
                                                "Worker Number": 0,
                                                "Actual Startup Time": 0.102,
                                                "Actual Total Time": 10.909,
                                                "Actual Rows": 11868,
                                                "Actual Loops": 1
                                            },
                                            {
                                                "Worker Number": 1,
                                                "Actual Startup Time": 0.066,
                                                "Actual Total Time": 10.848,
                                                "Actual Rows": 13148,
                                                "Actual Loops": 1
                                            },
                                            {
                                                "Worker Number": 2,
                                                "Actual Startup Time": 0.117,
                                                "Actual Total Time": 11.052,
                                                "Actual Rows": 11726,
                                                "Actual Loops": 1
                                            }
                                        ]
                                    },
                                    {
                                        "Node Type": "Hash",
                                        "Parent Relationship": "Inner",
                                        "Parallel Aware": true,
                                        "Startup Cost": 45479.21,
                                        "Total Cost": 45479.21,
                                        "Plan Rows": 14102,
                                        "Plan Width": 4,
                                        "Actual Startup Time": 111.995,
                                        "Actual Total Time": 111.996,
                                        "Actual Rows": 45032,
                                        "Actual Loops": 4,
                                        "Output": [
                                            "t.id"
                                        ],
                                        "Hash Buckets": 262144,
                                        "Original Hash Buckets": 65536,
                                        "Hash Batches": 1,
                                        "Original Hash Batches": 1,
                                        "Peak Memory Usage": 10688,
                                        "Workers": [
                                            {
                                                "Worker Number": 0,
                                                "Actual Startup Time": 108.832,
                                                "Actual Total Time": 108.833,
                                                "Actual Rows": 40585,
                                                "Actual Loops": 1
                                            },
                                            {
                                                "Worker Number": 1,
                                                "Actual Startup Time": 109.299,
                                                "Actual Total Time": 109.301,
                                                "Actual Rows": 42555,
                                                "Actual Loops": 1
                                            },
                                            {
                                                "Worker Number": 2,
                                                "Actual Startup Time": 109.635,
                                                "Actual Total Time": 109.635,
                                                "Actual Rows": 41587,
                                                "Actual Loops": 1
                                            }
                                        ],
                                        "Plans": [
                                            {
                                                "Node Type": "Seq Scan",
                                                "Parent Relationship": "Outer",
                                                "Parallel Aware": true,
                                                "Relation Name": "title",
                                                "Schema": "public",
                                                "Alias": "t",
                                                "Startup Cost": 0.0,
                                                "Total Cost": 45479.21,
                                                "Plan Rows": 14102,
                                                "Plan Width": 4,
                                                "Actual Startup Time": 58.362,
                                                "Actual Total Time": 94.463,
                                                "Actual Rows": 45032,
                                                "Actual Loops": 4,
                                                "Output": [
                                                    "t.id"
                                                ],
                                                "Filter": "((t.production_year < 1957) AND (t.kind_id = 1))",
                                                "Rows Removed by Filter": 587046,
                                                "Workers": [
                                                    {
                                                        "Worker Number": 0,
                                                        "Actual Startup Time": 55.812,
                                                        "Actual Total Time": 92.105,
                                                        "Actual Rows": 40585,
                                                        "Actual Loops": 1
                                                    },
                                                    {
                                                        "Worker Number": 1,
                                                        "Actual Startup Time": 55.318,
                                                        "Actual Total Time": 91.476,
                                                        "Actual Rows": 42555,
                                                        "Actual Loops": 1
                                                    },
                                                    {
                                                        "Worker Number": 2,
                                                        "Actual Startup Time": 56.004,
                                                        "Actual Total Time": 93.017,
                                                        "Actual Rows": 41587,
                                                        "Actual Loops": 1
                                                    }
                                                ]
                                            }
                                        ]
                                    }
                                ]
                            }
                        ]
                    }
                ]
            }
        ]
    },
    "Planning Time": 0.455,
    "Triggers": [],
    "Execution Time": 146.857
}