[
  {
    "Plan": {
      "Node Type": "Aggregate",
      "Strategy": "Plain",
      "Partial Mode": "Finalize",
      "Parallel Aware": false,
      "Startup Cost": 46051.85,
      "Total Cost": 46051.86,
      "Plan Rows": 1,
      "Plan Width": 8,
      "Actual Startup Time": 159.43,
      "Actual Total Time": 167.6,
      "Actual Rows": 1,
      "Actual Loops": 1,
      "Plans": [
        {
          "Node Type": "Gather",
          "Parent Relationship": "Outer",
          "Parallel Aware": false,
          "Startup Cost": 46051.53,
          "Total Cost": 46051.84,
          "Plan Rows": 3,
          "Plan Width": 8,
          "Actual Startup Time": 159.333,
          "Actual Total Time": 167.593,
          "Actual Rows": 4,
          "Actual Loops": 1,
          "Workers Planned": 3,
          "Workers Launched": 3,
          "Single Copy": false,
          "Plans": [
            {
              "Node Type": "Aggregate",
              "Strategy": "Plain",
              "Partial Mode": "Partial",
              "Parent Relationship": "Outer",
              "Parallel Aware": false,
              "Startup Cost": 45051.53,
              "Total Cost": 45051.54,
              "Plan Rows": 1,
              "Plan Width": 8,
              "Actual Startup Time": 151.271,
              "Actual Total Time": 151.273,
              "Actual Rows": 1,
              "Actual Loops": 4,
              "Plans": [
                {
                  "Node Type": "Seq Scan",
                  "Parent Relationship": "Outer",
                  "Parallel Aware": true,
                  "Relation Name": "movie_keyword",
                  "Alias": "mk",
                  "Startup Cost": 0.0,
                  "Total Cost": 42695.65,
                  "Plan Rows": 942350,
                  "Plan Width": 0,
                  "Actual Startup Time": 0.172,
                  "Actual Total Time": 116.702,
                  "Actual Rows": 731084,
                  "Actual Loops": 4,
                  "Filter": "(keyword_id > 2469)",
                  "Rows Removed by Filter": 399899
                }
              ]
            }
          ]
        }
      ]
    },
    "Planning Time": 0.082,
    "Triggers": [],
    "Execution Time": 167.629
  }
]