[
  {
    "Plan": {
      "Node Type": "Aggregate",
      "Strategy": "Plain",
      "Partial Mode": "Finalize",
      "Parallel Aware": false,
      "Startup Cost": 46066.57,
      "Total Cost": 46066.58,
      "Plan Rows": 1,
      "Plan Width": 8,
      "Actual Startup Time": 173.256,
      "Actual Total Time": 182.92,
      "Actual Rows": 1,
      "Actual Loops": 1,
      "Plans": [
        {
          "Node Type": "Gather",
          "Parent Relationship": "Outer",
          "Parallel Aware": false,
          "Startup Cost": 46066.25,
          "Total Cost": 46066.56,
          "Plan Rows": 3,
          "Plan Width": 8,
          "Actual Startup Time": 173.134,
          "Actual Total Time": 182.909,
          "Actual Rows": 4,
          "Actual Loops": 1,
          "Workers Planned": 3,
          "Workers Launched": 3,
          "Single Copy": false,
          "Plans": [
            {
              "Node Type": "Aggregate",
              "Strategy": "Plain",
              "Partial Mode": "Partial",
              "Parent Relationship": "Outer",
              "Parallel Aware": false,
              "Startup Cost": 45066.25,
              "Total Cost": 45066.26,
              "Plan Rows": 1,
              "Plan Width": 8,
              "Actual Startup Time": 165.558,
              "Actual Total Time": 165.56,
              "Actual Rows": 1,
              "Actual Loops": 4,
              "Plans": [
                {
                  "Node Type": "Seq Scan",
                  "Parent Relationship": "Outer",
                  "Parallel Aware": true,
                  "Relation Name": "movie_keyword",
                  "Alias": "mk",
                  "Startup Cost": 0.0,
                  "Total Cost": 42695.65,
                  "Plan Rows": 948240,
                  "Plan Width": 0,
                  "Actual Startup Time": 0.395,
                  "Actual Total Time": 129.292,
                  "Actual Rows": 731084,
                  "Actual Loops": 4,
                  "Filter": "(keyword_id > 2469)",
                  "Rows Removed by Filter": 399899
                }
              ]
            }
          ]
        }
      ]
    },
    "Planning Time": 0.189,
    "Triggers": [],
    "Execution Time": 182.988
  }
]