[
  {
    "Plan": {
      "Node Type": "Aggregate",
      "Strategy": "Plain",
      "Partial Mode": "Finalize",
      "Parallel Aware": false,
      "Startup Cost": 44458.69,
      "Total Cost": 44458.7,
      "Plan Rows": 1,
      "Plan Width": 8,
      "Actual Startup Time": 135.899,
      "Actual Total Time": 144.907,
      "Actual Rows": 1,
      "Actual Loops": 1,
      "Plans": [
        {
          "Node Type": "Gather",
          "Parent Relationship": "Outer",
          "Parallel Aware": false,
          "Startup Cost": 44458.38,
          "Total Cost": 44458.69,
          "Plan Rows": 3,
          "Plan Width": 8,
          "Actual Startup Time": 135.765,
          "Actual Total Time": 144.9,
          "Actual Rows": 4,
          "Actual Loops": 1,
          "Workers Planned": 3,
          "Workers Launched": 3,
          "Single Copy": false,
          "Plans": [
            {
              "Node Type": "Aggregate",
              "Strategy": "Plain",
              "Partial Mode": "Partial",
              "Parent Relationship": "Outer",
              "Parallel Aware": false,
              "Startup Cost": 43458.38,
              "Total Cost": 43458.39,
              "Plan Rows": 1,
              "Plan Width": 8,
              "Actual Startup Time": 127.346,
              "Actual Total Time": 127.347,
              "Actual Rows": 1,
              "Actual Loops": 4,
              "Plans": [
                {
                  "Node Type": "Seq Scan",
                  "Parent Relationship": "Outer",
                  "Parallel Aware": true,
                  "Relation Name": "movie_keyword",
                  "Alias": "mk",
                  "Startup Cost": 0.0,
                  "Total Cost": 42695.65,
                  "Plan Rows": 305089,
                  "Plan Width": 0,
                  "Actual Startup Time": 5.069,
                  "Actual Total Time": 114.419,
                  "Actual Rows": 235832,
                  "Actual Loops": 4,
                  "Filter": "(keyword_id > 20103)",
                  "Rows Removed by Filter": 895150
                }
              ]
            }
          ]
        }
      ]
    },
    "Planning Time": 0.181,
    "Triggers": [],
    "Execution Time": 144.96
  }
]