[
  {
    "Plan": {
      "Node Type": "Aggregate",
      "Strategy": "Plain",
      "Partial Mode": "Finalize",
      "Parallel Aware": false,
      "Startup Cost": 100592.91,
      "Total Cost": 100592.92,
      "Plan Rows": 1,
      "Plan Width": 8,
      "Actual Startup Time": 698.805,
      "Actual Total Time": 716.044,
      "Actual Rows": 1,
      "Actual Loops": 1,
      "Plans": [
        {
          "Node Type": "Gather",
          "Parent Relationship": "Outer",
          "Parallel Aware": false,
          "Startup Cost": 100592.59,
          "Total Cost": 100592.9,
          "Plan Rows": 3,
          "Plan Width": 8,
          "Actual Startup Time": 688.595,
          "Actual Total Time": 716.036,
          "Actual Rows": 4,
          "Actual Loops": 1,
          "Workers Planned": 3,
          "Workers Launched": 3,
          "Single Copy": false,
          "Plans": [
            {
              "Node Type": "Aggregate",
              "Strategy": "Plain",
              "Partial Mode": "Partial",
              "Parent Relationship": "Outer",
              "Parallel Aware": false,
              "Startup Cost": 99592.59,
              "Total Cost": 99592.6,
              "Plan Rows": 1,
              "Plan Width": 8,
              "Actual Startup Time": 674.952,
              "Actual Total Time": 674.956,
              "Actual Rows": 1,
              "Actual Loops": 4,
              "Plans": [
                {
                  "Node Type": "Hash Join",
                  "Parent Relationship": "Outer",
                  "Parallel Aware": true,
                  "Join Type": "Inner",
                  "Startup Cost": 50697.07,
                  "Total Cost": 96800.44,
                  "Plan Rows": 1116859,
                  "Plan Width": 0,
                  "Actual Startup Time": 340.1,
                  "Actual Total Time": 635.818,
                  "Actual Rows": 822450,
                  "Actual Loops": 4,
                  "Inner Unique": true,
                  "Hash Cond": "(mk.movie_id = t.id)",
                  "Plans": [
                    {
                      "Node Type": "Seq Scan",
                      "Parent Relationship": "Outer",
                      "Parallel Aware": true,
                      "Relation Name": "movie_keyword",
                      "Alias": "mk",
                      "Startup Cost": 0.0,
                      "Total Cost": 42695.65,
                      "Plan Rows": 1298174,
                      "Plan Width": 4,
                      "Actual Startup Time": 0.033,
                      "Actual Total Time": 126.427,
                      "Actual Rows": 1006338,
                      "Actual Loops": 4,
                      "Filter": "(keyword_id < 36198)",
                      "Rows Removed by Filter": 124645
                    },
                    {
                      "Node Type": "Hash",
                      "Parent Relationship": "Inner",
                      "Parallel Aware": true,
                      "Startup Cost": 43899.32,
                      "Total Cost": 43899.32,
                      "Plan Rows": 543820,
                      "Plan Width": 4,
                      "Actual Startup Time": 331.108,
                      "Actual Total Time": 331.109,
                      "Actual Rows": 539937,
                      "Actual Loops": 4,
                      "Hash Buckets": 4194304,
                      "Original Hash Buckets": 4194304,
                      "Hash Batches": 1,
                      "Original Hash Batches": 1,
                      "Peak Memory Usage": 117344,
                      "Plans": [
                        {
                          "Node Type": "Seq Scan",
                          "Parent Relationship": "Outer",
                          "Parallel Aware": true,
                          "Relation Name": "title",
                          "Alias": "t",
                          "Startup Cost": 0.0,
                          "Total Cost": 43899.32,
                          "Plan Rows": 543820,
                          "Plan Width": 4,
                          "Actual Startup Time": 0.03,
                          "Actual Total Time": 118.885,
                          "Actual Rows": 539937,
                          "Actual Loops": 4,
                          "Filter": "(production_year > 1964)",
                          "Rows Removed by Filter": 92141
                        }
                      ]
                    }
                  ]
                }
              ]
            }
          ]
        }
      ]
    },
    "Planning Time": 0.297,
    "Triggers": [],
    "Execution Time": 716.086
  }
]