[
  {
    "Plan": {
      "Node Type": "Aggregate",
      "Strategy": "Plain",
      "Partial Mode": "Finalize",
      "Parallel Aware": false,
      "Startup Cost": 74134.52,
      "Total Cost": 74134.53,
      "Plan Rows": 1,
      "Plan Width": 8,
      "Actual Startup Time": 143.289,
      "Actual Total Time": 158.723,
      "Actual Rows": 1,
      "Actual Loops": 1,
      "Plans": [
        {
          "Node Type": "Gather",
          "Parent Relationship": "Outer",
          "Parallel Aware": false,
          "Startup Cost": 74134.2,
          "Total Cost": 74134.51,
          "Plan Rows": 3,
          "Plan Width": 8,
          "Actual Startup Time": 142.73,
          "Actual Total Time": 158.714,
          "Actual Rows": 4,
          "Actual Loops": 1,
          "Workers Planned": 3,
          "Workers Launched": 3,
          "Single Copy": false,
          "Plans": [
            {
              "Node Type": "Aggregate",
              "Strategy": "Plain",
              "Partial Mode": "Partial",
              "Parent Relationship": "Outer",
              "Parallel Aware": false,
              "Startup Cost": 73134.2,
              "Total Cost": 73134.21,
              "Plan Rows": 1,
              "Plan Width": 8,
              "Actual Startup Time": 133.115,
              "Actual Total Time": 133.119,
              "Actual Rows": 1,
              "Actual Loops": 4,
              "Plans": [
                {
                  "Node Type": "Nested Loop",
                  "Parent Relationship": "Outer",
                  "Parallel Aware": false,
                  "Join Type": "Inner",
                  "Startup Cost": 46668.66,
                  "Total Cost": 73133.41,
                  "Plan Rows": 317,
                  "Plan Width": 0,
                  "Actual Startup Time": 112.359,
                  "Actual Total Time": 133.083,
                  "Actual Rows": 420,
                  "Actual Loops": 4,
                  "Inner Unique": false,
                  "Plans": [
                    {
                      "Node Type": "Hash Join",
                      "Parent Relationship": "Outer",
                      "Parallel Aware": true,
                      "Join Type": "Inner",
                      "Startup Cost": 46668.23,
                      "Total Cost": 72246.11,
                      "Plan Rows": 547,
                      "Plan Width": 8,
                      "Actual Startup Time": 112.233,
                      "Actual Total Time": 130.677,
                      "Actual Rows": 194,
                      "Actual Loops": 4,
                      "Inner Unique": true,
                      "Hash Cond": "(mk.movie_id = t.id)",
                      "Plans": [
                        {
                          "Node Type": "Bitmap Heap Scan",
                          "Parent Relationship": "Outer",
                          "Parallel Aware": true,
                          "Relation Name": "movie_keyword",
                          "Alias": "mk",
                          "Startup Cost": 855.95,
                          "Total Cost": 26399.8,
                          "Plan Rows": 12966,
                          "Plan Width": 4,
                          "Actual Startup Time": 4.481,
                          "Actual Total Time": 20.15,
                          "Actual Rows": 8300,
                          "Actual Loops": 4,
                          "Recheck Cond": "(keyword_id < 41)",
                          "Rows Removed by Index Recheck": 0,
                          "Exact Heap Blocks": 6129,
                          "Lossy Heap Blocks": 0,
                          "Plans": [
                            {
                              "Node Type": "Bitmap Index Scan",
                              "Parent Relationship": "Outer",
                              "Parallel Aware": false,
                              "Index Name": "keyword_id_movie_keyword",
                              "Startup Cost": 0.0,
                              "Total Cost": 845.9,
                              "Plan Rows": 40196,
                              "Plan Width": 0,
                              "Actual Startup Time": 2.699,
                              "Actual Total Time": 2.7,
                              "Actual Rows": 33199,
                              "Actual Loops": 1,
                              "Index Cond": "(keyword_id < 41)"
                            }
                          ]
                        },
                        {
                          "Node Type": "Hash",
                          "Parent Relationship": "Inner",
                          "Parallel Aware": true,
                          "Startup Cost": 45479.1,
                          "Total Cost": 45479.1,
                          "Plan Rows": 26654,
                          "Plan Width": 4,
                          "Actual Startup Time": 105.809,
                          "Actual Total Time": 105.81,
                          "Actual Rows": 27128,
                          "Actual Loops": 4,
                          "Hash Buckets": 131072,
                          "Original Hash Buckets": 131072,
                          "Hash Batches": 1,
                          "Original Hash Batches": 1,
                          "Peak Memory Usage": 5376,
                          "Plans": [
                            {
                              "Node Type": "Seq Scan",
                              "Parent Relationship": "Outer",
                              "Parallel Aware": true,
                              "Relation Name": "title",
                              "Alias": "t",
                              "Startup Cost": 0.0,
                              "Total Cost": 45479.1,
                              "Plan Rows": 26654,
                              "Plan Width": 4,
                              "Actual Startup Time": 0.046,
                              "Actual Total Time": 94.575,
                              "Actual Rows": 27128,
                              "Actual Loops": 4,
                              "Filter": "((kind_id > 1) AND (production_year = 2010))",
                              "Rows Removed by Filter": 604950
                            }
                          ]
                        }
                      ]
                    },
                    {
                      "Node Type": "Index Scan",
                      "Parent Relationship": "Inner",
                      "Parallel Aware": false,
                      "Scan Direction": "Forward",
                      "Index Name": "movie_id_movie_companies",
                      "Relation Name": "movie_companies",
                      "Alias": "mc",
                      "Startup Cost": 0.43,
                      "Total Cost": 1.59,
                      "Plan Rows": 3,
                      "Plan Width": 4,
                      "Actual Startup Time": 0.009,
                      "Actual Total Time": 0.012,
                      "Actual Rows": 2,
                      "Actual Loops": 776,
                      "Index Cond": "(movie_id = t.id)",
                      "Rows Removed by Index Recheck": 0,
                      "Filter": "(company_id < 13180)",
                      "Rows Removed by Filter": 1
                    }
                  ]
                }
              ]
            }
          ]
        }
      ]
    },
    "Planning Time": 1.744,
    "Triggers": [],
    "Execution Time": 158.84
  }
]