[
  {
    "Plan": {
      "Node Type": "Aggregate",
      "Strategy": "Plain",
      "Partial Mode": "Simple",
      "Parallel Aware": false,
      "Startup Cost": 28465.43,
      "Total Cost": 28465.44,
      "Plan Rows": 1,
      "Plan Width": 8,
      "Actual Startup Time": 64.282,
      "Actual Total Time": 64.282,
      "Actual Rows": 1,
      "Actual Loops": 1,
      "Plans": [
        {
          "Node Type": "Bitmap Heap Scan",
          "Parent Relationship": "Outer",
          "Parallel Aware": false,
          "Relation Name": "movie_keyword",
          "Alias": "mk",
          "Startup Cost": 2350.55,
          "Total Cost": 28188.61,
          "Plan Rows": 110725,
          "Plan Width": 0,
          "Actual Startup Time": 23.878,
          "Actual Total Time": 58.797,
          "Actual Rows": 105528,
          "Actual Loops": 1,
          "Recheck Cond": "(keyword_id > 81045)",
          "Rows Removed by Index Recheck": 0,
          "Exact Heap Blocks": 17619,
          "Lossy Heap Blocks": 0,
          "Plans": [
            {
              "Node Type": "Bitmap Index Scan",
              "Parent Relationship": "Outer",
              "Parallel Aware": false,
              "Index Name": "keyword_id_movie_keyword",
              "Startup Cost": 0.0,
              "Total Cost": 2322.87,
              "Plan Rows": 110725,
              "Plan Width": 0,
              "Actual Startup Time": 17.392,
              "Actual Total Time": 17.392,
              "Actual Rows": 105528,
              "Actual Loops": 1,
              "Index Cond": "(keyword_id > 81045)"
            }
          ]
        }
      ]
    },
    "Planning Time": 0.135,
    "Triggers": [],
    "Execution Time": 64.33
  }
]