[
  {
    "Plan": {
      "Node Type": "Aggregate",
      "Strategy": "Plain",
      "Partial Mode": "Simple",
      "Parallel Aware": false,
      "Startup Cost": 28303.78,
      "Total Cost": 28303.79,
      "Plan Rows": 1,
      "Plan Width": 8,
      "Actual Startup Time": 59.795,
      "Actual Total Time": 59.796,
      "Actual Rows": 1,
      "Actual Loops": 1,
      "Plans": [
        {
          "Node Type": "Bitmap Heap Scan",
          "Parent Relationship": "Outer",
          "Parallel Aware": false,
          "Relation Name": "movie_keyword",
          "Alias": "mk",
          "Startup Cost": 2255.92,
          "Total Cost": 28038.14,
          "Plan Rows": 106257,
          "Plan Width": 0,
          "Actual Startup Time": 16.338,
          "Actual Total Time": 54.911,
          "Actual Rows": 105528,
          "Actual Loops": 1,
          "Recheck Cond": "(keyword_id > 81045)",
          "Rows Removed by Index Recheck": 0,
          "Exact Heap Blocks": 17619,
          "Lossy Heap Blocks": 0,
          "Plans": [
            {
              "Node Type": "Bitmap Index Scan",
              "Parent Relationship": "Outer",
              "Parallel Aware": false,
              "Index Name": "keyword_id_movie_keyword",
              "Startup Cost": 0.0,
              "Total Cost": 2229.36,
              "Plan Rows": 106257,
              "Plan Width": 0,
              "Actual Startup Time": 11.099,
              "Actual Total Time": 11.099,
              "Actual Rows": 105528,
              "Actual Loops": 1,
              "Index Cond": "(keyword_id > 81045)"
            }
          ]
        }
      ]
    },
    "Planning Time": 0.093,
    "Triggers": [],
    "Execution Time": 59.829
  }
]