{
  "Plan": {
    "Node Type": "Aggregate",
    "Strategy": "Plain",
    "Partial Mode": "Simple",
    "Parallel Aware": false,
    "Startup Cost": 1139942.28,
    "Total Cost": 1139942.29,
    "Plan Rows": 1,
    "Plan Width": 192,
    "Actual Startup Time": 8063.839,
    "Actual Total Time": 8111.485,
    "Actual Rows": 1,
    "Actual Loops": 1,
    "Plans": [
      {
        "Node Type": "Gather",
        "Parent Relationship": "Outer",
        "Parallel Aware": false,
        "Startup Cost": 1139942.14,
        "Total Cost": 1139942.26,
        "Plan Rows": 1,
        "Plan Width": 84,
        "Actual Startup Time": 7120.077,
        "Actual Total Time": 8111.448,
        "Actual Rows": 8,
        "Actual Loops": 1,
        "Workers Planned": 3,
        "Workers Launched": 3,
        "Single Copy": false,
        "Plans": [
          {
            "Node Type": "Merge Join",
            "Parent Relationship": "Outer",
            "Parallel Aware": false,
            "Join Type": "Inner",
            "Startup Cost": 1138942.14,
            "Total Cost": 1138942.16,
            "Plan Rows": 1,
            "Plan Width": 84,
            "Actual Startup Time": 7333.51,
            "Actual Total Time": 7333.548,
            "Actual Rows": 2,
            "Actual Loops": 4,
            "Inner Unique": true,
            "Merge Cond": "(t1.kind_id = kt1.id)",
            "Plans": [
              {
                "Node Type": "Sort",
                "Parent Relationship": "Outer",
                "Parallel Aware": false,
                "Startup Cost": 1138941.04,
                "Total Cost": 1138941.04,
                "Plan Rows": 1,
                "Plan Width": 88,
                "Actual Startup Time": 7333.499,
                "Actual Total Time": 7333.534,
                "Actual Rows": 2,
                "Actual Loops": 4,
                "Sort Key": [
                  "t1.kind_id"
                ],
                "Sort Method": "quicksort",
                "Sort Space Used": 26,
                "Sort Space Type": "Memory",
                "Workers": [
                  {
                    "Worker Number": 0,
                    "Sort Method": "quicksort",
                    "Sort Space Used": 25,
                    "Sort Space Type": "Memory"
                  },
                  {
                    "Worker Number": 1,
                    "Sort Method": "quicksort",
                    "Sort Space Used": 25,
                    "Sort Space Type": "Memory"
                  },
                  {
                    "Worker Number": 2,
                    "Sort Method": "quicksort",
                    "Sort Space Used": 25,
                    "Sort Space Type": "Memory"
                  }
                ],
                "Plans": [
                  {
                    "Node Type": "Merge Join",
                    "Parent Relationship": "Outer",
                    "Parallel Aware": false,
                    "Join Type": "Inner",
                    "Startup Cost": 1138824.36,
                    "Total Cost": 1138941.03,
                    "Plan Rows": 1,
                    "Plan Width": 88,
                    "Actual Startup Time": 7332.905,
                    "Actual Total Time": 7333.442,
                    "Actual Rows": 2,
                    "Actual Loops": 4,
                    "Inner Unique": false,
                    "Merge Cond": "(t1.id = ml.movie_id)",
                    "Plans": [
                      {
                        "Node Type": "Sort",
                        "Parent Relationship": "Outer",
                        "Parallel Aware": false,
                        "Startup Cost": 381383.98,
                        "Total Cost": 382153.4,
                        "Plan Rows": 307766,
                        "Plan Width": 48,
                        "Actual Startup Time": 2882.343,
                        "Actual Total Time": 2882.894,
                        "Actual Rows": 4377,
                        "Actual Loops": 4,
                        "Sort Key": [
                          "mc1.movie_id"
                        ],
                        "Sort Method": "quicksort",
                        "Sort Space Used": 69489,
                        "Sort Space Type": "Memory",
                        "Workers": [
                          {
                            "Worker Number": 0,
                            "Sort Method": "quicksort",
                            "Sort Space Used": 23293,
                            "Sort Space Type": "Memory"
                          },
                          {
                            "Worker Number": 1,
                            "Sort Method": "quicksort",
                            "Sort Space Used": 43990,
                            "Sort Space Type": "Memory"
                          },
                          {
                            "Worker Number": 2,
                            "Sort Method": "quicksort",
                            "Sort Space Used": 46095,
                            "Sort Space Type": "Memory"
                          }
                        ],
                        "Plans": [
                          {
                            "Node Type": "Merge Join",
                            "Parent Relationship": "Outer",
                            "Parallel Aware": false,
                            "Join Type": "Inner",
                            "Startup Cost": 345742.19,
                            "Total Cost": 353328.84,
                            "Plan Rows": 307766,
                            "Plan Width": 48,
                            "Actual Startup Time": 2525.072,
                            "Actual Total Time": 2749.217,
                            "Actual Rows": 288450,
                            "Actual Loops": 4,
                            "Inner Unique": true,
                            "Merge Cond": "(mc1.company_id = cn1.id)",
                            "Plans": [
                              {
                                "Node Type": "Sort",
                                "Parent Relationship": "Outer",
                                "Parallel Aware": false,
                                "Startup Cost": 332638.62,
                                "Total Cost": 334742.76,
                                "Plan Rows": 841655,
                                "Plan Width": 33,
                                "Actual Startup Time": 2458.111,
                                "Actual Total Time": 2569.381,
                                "Actual Rows": 652282,
                                "Actual Loops": 4,
                                "Sort Key": [
                                  "mc1.company_id"
                                ],
                                "Sort Method": "quicksort",
                                "Sort Space Used": 111183,
                                "Sort Space Type": "Memory",
                                "Workers": [
                                  {
                                    "Worker Number": 0,
                                    "Sort Method": "quicksort",
                                    "Sort Space Used": 39348,
                                    "Sort Space Type": "Memory"
                                  },
                                  {
                                    "Worker Number": 1,
                                    "Sort Method": "quicksort",
                                    "Sort Space Used": 76212,
                                    "Sort Space Type": "Memory"
                                  },
                                  {
                                    "Worker Number": 2,
                                    "Sort Method": "quicksort",
                                    "Sort Space Used": 78948,
                                    "Sort Space Type": "Memory"
                                  }
                                ],
                                "Plans": [
                                  {
                                    "Node Type": "Merge Join",
                                    "Parent Relationship": "Outer",
                                    "Parallel Aware": false,
                                    "Join Type": "Inner",
                                    "Startup Cost": 3.58,
                                    "Total Cost": 249807.69,
                                    "Plan Rows": 841655,
                                    "Plan Width": 33,
                                    "Actual Startup Time": 16.702,
                                    "Actual Total Time": 2202.151,
                                    "Actual Rows": 652282,
                                    "Actual Loops": 4,
                                    "Inner Unique": true,
                                    "Merge Cond": "(mc1.movie_id = t1.id)",
                                    "Plans": [
                                      {
                                        "Node Type": "Index Scan",
                                        "Parent Relationship": "Outer",
                                        "Parallel Aware": true,
                                        "Scan Direction": "Forward",
                                        "Index Name": "movie_id_movie_companies",
                                        "Relation Name": "movie_companies",
                                        "Alias": "mc1",
                                        "Startup Cost": 0.43,
                                        "Total Cost": 122730.02,
                                        "Plan Rows": 841655,
                                        "Plan Width": 8,
                                        "Actual Startup Time": 0.105,
                                        "Actual Total Time": 260.345,
                                        "Actual Rows": 652282,
                                        "Actual Loops": 4
                                      },
                                      {
                                        "Node Type": "Index Scan",
                                        "Parent Relationship": "Inner",
                                        "Parallel Aware": false,
                                        "Scan Direction": "Forward",
                                        "Index Name": "title_pkey",
                                        "Relation Name": "title",
                                        "Alias": "t1",
                                        "Startup Cost": 0.43,
                                        "Total Cost": 110359.06,
                                        "Plan Rows": 2528509,
                                        "Plan Width": 25,
                                        "Actual Startup Time": 0.09,
                                        "Actual Total Time": 1600.334,
                                        "Actual Rows": 2525520,
                                        "Actual Loops": 4
                                      }
                                    ]
                                  }
                                ]
                              },
                              {
                                "Node Type": "Sort",
                                "Parent Relationship": "Inner",
                                "Parallel Aware": false,
                                "Startup Cost": 12974.89,
                                "Total Cost": 13189.72,
                                "Plan Rows": 85931,
                                "Plan Width": 23,
                                "Actual Startup Time": 66.95,
                                "Actual Total Time": 80.667,
                                "Actual Rows": 84843,
                                "Actual Loops": 4,
                                "Sort Key": [
                                  "cn1.id"
                                ],
                                "Sort Method": "quicksort",
                                "Sort Space Used": 9413,
                                "Sort Space Type": "Memory",
                                "Workers": [
                                  {
                                    "Worker Number": 0,
                                    "Sort Method": "quicksort",
                                    "Sort Space Used": 9413,
                                    "Sort Space Type": "Memory"
                                  },
                                  {
                                    "Worker Number": 1,
                                    "Sort Method": "quicksort",
                                    "Sort Space Used": 9413,
                                    "Sort Space Type": "Memory"
                                  },
                                  {
                                    "Worker Number": 2,
                                    "Sort Method": "quicksort",
                                    "Sort Space Used": 9413,
                                    "Sort Space Type": "Memory"
                                  }
                                ],
                                "Plans": [
                                  {
                                    "Node Type": "Seq Scan",
                                    "Parent Relationship": "Outer",
                                    "Parallel Aware": false,
                                    "Relation Name": "company_name",
                                    "Alias": "cn1",
                                    "Startup Cost": 0.0,
                                    "Total Cost": 5932.46,
                                    "Plan Rows": 85931,
                                    "Plan Width": 23,
                                    "Actual Startup Time": 0.069,
                                    "Actual Total Time": 35.455,
                                    "Actual Rows": 84843,
                                    "Actual Loops": 4,
                                    "Filter": "((country_code)::text = '[us]'::text)",
                                    "Rows Removed by Filter": 150154
                                  }
                                ]
                              }
                            ]
                          }
                        ]
                      },
                      {
                        "Node Type": "Sort",
                        "Parent Relationship": "Inner",
                        "Parallel Aware": false,
                        "Startup Cost": 757440.37,
                        "Total Cost": 757440.38,
                        "Plan Rows": 1,
                        "Plan Width": 56,
                        "Actual Startup Time": 4450.055,
                        "Actual Total Time": 4450.083,
                        "Actual Rows": 11,
                        "Actual Loops": 4,
                        "Sort Key": [
                          "mi_idx1.movie_id"
                        ],
                        "Sort Method": "quicksort",
                        "Sort Space Used": 26,
                        "Sort Space Type": "Memory",
                        "Workers": [
                          {
                            "Worker Number": 0,
                            "Sort Method": "quicksort",
                            "Sort Space Used": 26,
                            "Sort Space Type": "Memory"
                          },
                          {
                            "Worker Number": 1,
                            "Sort Method": "quicksort",
                            "Sort Space Used": 26,
                            "Sort Space Type": "Memory"
                          },
                          {
                            "Worker Number": 2,
                            "Sort Method": "quicksort",
                            "Sort Space Used": 26,
                            "Sort Space Type": "Memory"
                          }
                        ],
                        "Plans": [
                          {
                            "Node Type": "Merge Join",
                            "Parent Relationship": "Outer",
                            "Parallel Aware": false,
                            "Join Type": "Inner",
                            "Startup Cost": 744394.7,
                            "Total Cost": 757440.36,
                            "Plan Rows": 1,
                            "Plan Width": 56,
                            "Actual Startup Time": 4364.137,
                            "Actual Total Time": 4450.061,
                            "Actual Rows": 10,
                            "Actual Loops": 4,
                            "Inner Unique": false,
                            "Merge Cond": "(mc2.movie_id = t2.id)",
                            "Plans": [
                              {
                                "Node Type": "Sort",
                                "Parent Relationship": "Outer",
                                "Parallel Aware": false,
                                "Startup Cost": 453655.67,
                                "Total Cost": 460178.5,
                                "Plan Rows": 2609129,
                                "Plan Width": 23,
                                "Actual Startup Time": 2975.459,
                                "Actual Total Time": 3016.882,
                                "Actual Rows": 622160,
                                "Actual Loops": 4,
                                "Sort Key": [
                                  "mc2.movie_id"
                                ],
                                "Sort Method": "quicksort",
                                "Sort Space Used": 288419,
                                "Sort Space Type": "Memory",
                                "Workers": [
                                  {
                                    "Worker Number": 0,
                                    "Sort Method": "quicksort",
                                    "Sort Space Used": 288419,
                                    "Sort Space Type": "Memory"
                                  },
                                  {
                                    "Worker Number": 1,
                                    "Sort Method": "quicksort",
                                    "Sort Space Used": 288419,
                                    "Sort Space Type": "Memory"
                                  },
                                  {
                                    "Worker Number": 2,
                                    "Sort Method": "quicksort",
                                    "Sort Space Used": 288419,
                                    "Sort Space Type": "Memory"
                                  }
                                ],
                                "Plans": [
                                  {
                                    "Node Type": "Merge Join",
                                    "Parent Relationship": "Outer",
                                    "Parallel Aware": false,
                                    "Join Type": "Inner",
                                    "Startup Cost": 4190.88,
                                    "Total Cost": 175585.97,
                                    "Plan Rows": 2609129,
                                    "Plan Width": 23,
                                    "Actual Startup Time": 0.065,
                                    "Actual Total Time": 2009.449,
                                    "Actual Rows": 2609129,
                                    "Actual Loops": 4,
                                    "Inner Unique": false,
                                    "Merge Cond": "(cn2.id = mc2.company_id)",
                                    "Plans": [
                                      {
                                        "Node Type": "Index Scan",
                                        "Parent Relationship": "Outer",
                                        "Parallel Aware": false,
                                        "Scan Direction": "Forward",
                                        "Index Name": "company_name_pkey",
                                        "Relation Name": "company_name",
                                        "Alias": "cn2",
                                        "Startup Cost": 0.42,
                                        "Total Cost": 11881.93,
                                        "Plan Rows": 234997,
                                        "Plan Width": 23,
                                        "Actual Startup Time": 0.032,
                                        "Actual Total Time": 172.462,
                                        "Actual Rows": 234997,
                                        "Actual Loops": 4
                                      },
                                      {
                                        "Node Type": "Index Scan",
                                        "Parent Relationship": "Inner",
                                        "Parallel Aware": false,
                                        "Scan Direction": "Forward",
                                        "Index Name": "company_id_movie_companies",
                                        "Relation Name": "movie_companies",
                                        "Alias": "mc2",
                                        "Startup Cost": 0.43,
                                        "Total Cost": 130510.28,
                                        "Plan Rows": 2609129,
                                        "Plan Width": 8,
                                        "Actual Startup Time": 0.029,
                                        "Actual Total Time": 1477.155,
                                        "Actual Rows": 2609129,
                                        "Actual Loops": 4
                                      }
                                    ]
                                  }
                                ]
                              },
                              {
                                "Node Type": "Sort",
                                "Parent Relationship": "Inner",
                                "Parallel Aware": false,
                                "Startup Cost": 290739.03,
                                "Total Cost": 290739.03,
                                "Plan Rows": 1,
                                "Plan Width": 49,
                                "Actual Startup Time": 1386.168,
                                "Actual Total Time": 1386.193,
                                "Actual Rows": 10,
                                "Actual Loops": 4,
                                "Sort Key": [
                                  "mi_idx2.movie_id"
                                ],
                                "Sort Method": "quicksort",
                                "Sort Space Used": 25,
                                "Sort Space Type": "Memory",
                                "Workers": [
                                  {
                                    "Worker Number": 0,
                                    "Sort Method": "quicksort",
                                    "Sort Space Used": 25,
                                    "Sort Space Type": "Memory"
                                  },
                                  {
                                    "Worker Number": 1,
                                    "Sort Method": "quicksort",
                                    "Sort Space Used": 25,
                                    "Sort Space Type": "Memory"
                                  },
                                  {
                                    "Worker Number": 2,
                                    "Sort Method": "quicksort",
                                    "Sort Space Used": 25,
                                    "Sort Space Type": "Memory"
                                  }
                                ],
                                "Plans": [
                                  {
                                    "Node Type": "Merge Join",
                                    "Parent Relationship": "Outer",
                                    "Parallel Aware": false,
                                    "Join Type": "Inner",
                                    "Startup Cost": 290736.34,
                                    "Total Cost": 290739.02,
                                    "Plan Rows": 1,
                                    "Plan Width": 49,
                                    "Actual Startup Time": 1385.279,
                                    "Actual Total Time": 1386.167,
                                    "Actual Rows": 5,
                                    "Actual Loops": 4,
                                    "Inner Unique": false,
                                    "Merge Cond": "(mi_idx1.movie_id = ml.movie_id)",
                                    "Plans": [
                                      {
                                        "Node Type": "Sort",
                                        "Parent Relationship": "Outer",
                                        "Parallel Aware": false,
                                        "Startup Cost": 68521.62,
                                        "Total Cost": 68552.15,
                                        "Plan Rows": 12213,
                                        "Plan Width": 10,
                                        "Actual Startup Time": 477.103,
                                        "Actual Total Time": 477.546,
                                        "Actual Rows": 12946,
                                        "Actual Loops": 4,
                                        "Sort Key": [
                                          "mi_idx1.movie_id"
                                        ],
                                        "Sort Method": "quicksort",
                                        "Sort Space Used": 33847,
                                        "Sort Space Type": "Memory",
                                        "Workers": [
                                          {
                                            "Worker Number": 0,
                                            "Sort Method": "quicksort",
                                            "Sort Space Used": 33847,
                                            "Sort Space Type": "Memory"
                                          },
                                          {
                                            "Worker Number": 1,
                                            "Sort Method": "quicksort",
                                            "Sort Space Used": 33847,
                                            "Sort Space Type": "Memory"
                                          },
                                          {
                                            "Worker Number": 2,
                                            "Sort Method": "quicksort",
                                            "Sort Space Used": 33847,
                                            "Sort Space Type": "Memory"
                                          }
                                        ],
                                        "Plans": [
                                          {
                                            "Node Type": "Merge Join",
                                            "Parent Relationship": "Outer",
                                            "Parallel Aware": false,
                                            "Join Type": "Inner",
                                            "Startup Cost": 14.55,
                                            "Total Cost": 67692.59,
                                            "Plan Rows": 12213,
                                            "Plan Width": 10,
                                            "Actual Startup Time": 216.478,
                                            "Actual Total Time": 358.43,
                                            "Actual Rows": 459925,
                                            "Actual Loops": 4,
                                            "Inner Unique": false,
                                            "Merge Cond": "(it1.id = mi_idx1.info_type_id)",
                                            "Plans": [
                                              {
                                                "Node Type": "Index Scan",
                                                "Parent Relationship": "Outer",
                                                "Parallel Aware": false,
                                                "Scan Direction": "Forward",
                                                "Index Name": "info_type_pkey",
                                                "Relation Name": "info_type",
                                                "Alias": "it1",
                                                "Startup Cost": 0.14,
                                                "Total Cost": 14.12,
                                                "Plan Rows": 1,
                                                "Plan Width": 4,
                                                "Actual Startup Time": 0.072,
                                                "Actual Total Time": 0.079,
                                                "Actual Rows": 1,
                                                "Actual Loops": 4,
                                                "Filter": "((info)::text = 'rating'::text COLLATE \"C\")",
                                                "Rows Removed by Filter": 112
                                              },
                                              {
                                                "Node Type": "Index Scan",
                                                "Parent Relationship": "Inner",
                                                "Parallel Aware": false,
                                                "Scan Direction": "Forward",
                                                "Index Name": "info_type_id_movie_info_idx",
                                                "Relation Name": "movie_info_idx",
                                                "Alias": "mi_idx1",
                                                "Startup Cost": 0.43,
                                                "Total Cost": 64106.25,
                                                "Plan Rows": 1380035,
                                                "Plan Width": 14,
                                                "Actual Startup Time": 0.037,
                                                "Actual Total Time": 226.325,
                                                "Actual Rows": 1379776,
                                                "Actual Loops": 4
                                              }
                                            ]
                                          }
                                        ]
                                      },
                                      {
                                        "Node Type": "Sort",
                                        "Parent Relationship": "Inner",
                                        "Parallel Aware": false,
                                        "Startup Cost": 222214.72,
                                        "Total Cost": 222214.72,
                                        "Plan Rows": 2,
                                        "Plan Width": 39,
                                        "Actual Startup Time": 907.926,
                                        "Actual Total Time": 907.944,
                                        "Actual Rows": 6,
                                        "Actual Loops": 4,
                                        "Sort Key": [
                                          "ml.movie_id"
                                        ],
                                        "Sort Method": "quicksort",
                                        "Sort Space Used": 25,
                                        "Sort Space Type": "Memory",
                                        "Workers": [
                                          {
                                            "Worker Number": 0,
                                            "Sort Method": "quicksort",
                                            "Sort Space Used": 25,
                                            "Sort Space Type": "Memory"
                                          },
                                          {
                                            "Worker Number": 1,
                                            "Sort Method": "quicksort",
                                            "Sort Space Used": 25,
                                            "Sort Space Type": "Memory"
                                          },
                                          {
                                            "Worker Number": 2,
                                            "Sort Method": "quicksort",
                                            "Sort Space Used": 25,
                                            "Sort Space Type": "Memory"
                                          }
                                        ],
                                        "Plans": [
                                          {
                                            "Node Type": "Merge Join",
                                            "Parent Relationship": "Outer",
                                            "Parallel Aware": false,
                                            "Join Type": "Inner",
                                            "Startup Cost": 222188.93,
                                            "Total Cost": 222214.71,
                                            "Plan Rows": 2,
                                            "Plan Width": 39,
                                            "Actual Startup Time": 907.624,
                                            "Actual Total Time": 907.927,
                                            "Actual Rows": 6,
                                            "Actual Loops": 4,
                                            "Inner Unique": false,
                                            "Merge Cond": "(t2.id = ml.linked_movie_id)",
                                            "Plans": [
                                              {
                                                "Node Type": "Sort",
                                                "Parent Relationship": "Outer",
                                                "Parallel Aware": false,
                                                "Startup Cost": 220319.11,
                                                "Total Cost": 220319.49,
                                                "Plan Rows": 153,
                                                "Plan Width": 31,
                                                "Actual Startup Time": 906.098,
                                                "Actual Total Time": 906.167,
                                                "Actual Rows": 1182,
                                                "Actual Loops": 4,
                                                "Sort Key": [
                                                  "mi_idx2.movie_id"
                                                ],
                                                "Sort Method": "quicksort",
                                                "Sort Space Used": 143,
                                                "Sort Space Type": "Memory",
                                                "Workers": [
                                                  {
                                                    "Worker Number": 0,
                                                    "Sort Method": "quicksort",
                                                    "Sort Space Used": 143,
                                                    "Sort Space Type": "Memory"
                                                  },
                                                  {
                                                    "Worker Number": 1,
                                                    "Sort Method": "quicksort",
                                                    "Sort Space Used": 143,
                                                    "Sort Space Type": "Memory"
                                                  },
                                                  {
                                                    "Worker Number": 2,
                                                    "Sort Method": "quicksort",
                                                    "Sort Space Used": 143,
                                                    "Sort Space Type": "Memory"
                                                  }
                                                ],
                                                "Plans": [
                                                  {
                                                    "Node Type": "Merge Join",
                                                    "Parent Relationship": "Outer",
                                                    "Parallel Aware": false,
                                                    "Join Type": "Inner",
                                                    "Startup Cost": 220225.77,
                                                    "Total Cost": 220313.56,
                                                    "Plan Rows": 153,
                                                    "Plan Width": 31,
                                                    "Actual Startup Time": 905.64,
                                                    "Actual Total Time": 905.842,
                                                    "Actual Rows": 1182,
                                                    "Actual Loops": 4,
                                                    "Inner Unique": false,
                                                    "Merge Cond": "(it2.id = mi_idx2.info_type_id)",
                                                    "Plans": [
                                                      {
                                                        "Node Type": "Sort",
                                                        "Parent Relationship": "Outer",
                                                        "Parallel Aware": false,
                                                        "Startup Cost": 2.42,
                                                        "Total Cost": 2.43,
                                                        "Plan Rows": 1,
                                                        "Plan Width": 4,
                                                        "Actual Startup Time": 0.058,
                                                        "Actual Total Time": 0.059,
                                                        "Actual Rows": 1,
                                                        "Actual Loops": 4,
                                                        "Sort Key": [
                                                          "it2.id"
                                                        ],
                                                        "Sort Method": "quicksort",
                                                        "Sort Space Used": 25,
                                                        "Sort Space Type": "Memory",
                                                        "Workers": [
                                                          {
                                                            "Worker Number": 0,
                                                            "Sort Method": "quicksort",
                                                            "Sort Space Used": 25,
                                                            "Sort Space Type": "Memory"
                                                          },
                                                          {
                                                            "Worker Number": 1,
                                                            "Sort Method": "quicksort",
                                                            "Sort Space Used": 25,
                                                            "Sort Space Type": "Memory"
                                                          },
                                                          {
                                                            "Worker Number": 2,
                                                            "Sort Method": "quicksort",
                                                            "Sort Space Used": 25,
                                                            "Sort Space Type": "Memory"
                                                          }
                                                        ],
                                                        "Plans": [
                                                          {
                                                            "Node Type": "Seq Scan",
                                                            "Parent Relationship": "Outer",
                                                            "Parallel Aware": false,
                                                            "Relation Name": "info_type",
                                                            "Alias": "it2",
                                                            "Startup Cost": 0.0,
                                                            "Total Cost": 2.41,
                                                            "Plan Rows": 1,
                                                            "Plan Width": 4,
                                                            "Actual Startup Time": 0.052,
                                                            "Actual Total Time": 0.054,
                                                            "Actual Rows": 1,
                                                            "Actual Loops": 4,
                                                            "Filter": "((info)::text = 'rating'::text COLLATE \"C\")",
                                                            "Rows Removed by Filter": 112
                                                          }
                                                        ]
                                                      },
                                                      {
                                                        "Node Type": "Sort",
                                                        "Parent Relationship": "Inner",
                                                        "Parallel Aware": false,
                                                        "Startup Cost": 220223.34,
                                                        "Total Cost": 220266.47,
                                                        "Plan Rows": 17251,
                                                        "Plan Width": 35,
                                                        "Actual Startup Time": 904.509,
                                                        "Actual Total Time": 905.002,
                                                        "Actual Rows": 11458,
                                                        "Actual Loops": 4,
                                                        "Sort Key": [
                                                          "mi_idx2.info_type_id"
                                                        ],
                                                        "Sort Method": "quicksort",
                                                        "Sort Space Used": 1372,
                                                        "Sort Space Type": "Memory",
                                                        "Workers": [
                                                          {
                                                            "Worker Number": 0,
                                                            "Sort Method": "quicksort",
                                                            "Sort Space Used": 1372,
                                                            "Sort Space Type": "Memory"
                                                          },
                                                          {
                                                            "Worker Number": 1,
                                                            "Sort Method": "quicksort",
                                                            "Sort Space Used": 1372,
                                                            "Sort Space Type": "Memory"
                                                          },
                                                          {
                                                            "Worker Number": 2,
                                                            "Sort Method": "quicksort",
                                                            "Sort Space Used": 1372,
                                                            "Sort Space Type": "Memory"
                                                          }
                                                        ],
                                                        "Plans": [
                                                          {
                                                            "Node Type": "Merge Join",
                                                            "Parent Relationship": "Outer",
                                                            "Parallel Aware": false,
                                                            "Join Type": "Inner",
                                                            "Startup Cost": 215121.88,
                                                            "Total Cost": 219009.35,
                                                            "Plan Rows": 17251,
                                                            "Plan Width": 35,
                                                            "Actual Startup Time": 832.286,
                                                            "Actual Total Time": 900.815,
                                                            "Actual Rows": 11458,
                                                            "Actual Loops": 4,
                                                            "Inner Unique": false,
                                                            "Merge Cond": "(t2.id = mi_idx2.movie_id)",
                                                            "Plans": [
                                                              {
                                                                "Node Type": "Sort",
                                                                "Parent Relationship": "Outer",
                                                                "Parallel Aware": false,
                                                                "Startup Cost": 124185.21,
                                                                "Total Cost": 124345.86,
                                                                "Plan Rows": 64259,
                                                                "Plan Width": 21,
                                                                "Actual Startup Time": 450.091,
                                                                "Actual Total Time": 452.117,
                                                                "Actual Rows": 15802,
                                                                "Actual Loops": 4,
                                                                "Sort Key": [
                                                                  "t2.id"
                                                                ],
                                                                "Sort Method": "quicksort",
                                                                "Sort Space Used": 1504,
                                                                "Sort Space Type": "Memory",
                                                                "Workers": [
                                                                  {
                                                                    "Worker Number": 0,
                                                                    "Sort Method": "quicksort",
                                                                    "Sort Space Used": 1504,
                                                                    "Sort Space Type": "Memory"
                                                                  },
                                                                  {
                                                                    "Worker Number": 1,
                                                                    "Sort Method": "quicksort",
                                                                    "Sort Space Used": 1504,
                                                                    "Sort Space Type": "Memory"
                                                                  },
                                                                  {
                                                                    "Worker Number": 2,
                                                                    "Sort Method": "quicksort",
                                                                    "Sort Space Used": 1504,
                                                                    "Sort Space Type": "Memory"
                                                                  }
                                                                ],
                                                                "Plans": [
                                                                  {
                                                                    "Node Type": "Merge Join",
                                                                    "Parent Relationship": "Outer",
                                                                    "Parallel Aware": false,
                                                                    "Join Type": "Inner",
                                                                    "Startup Cost": 116161.95,
                                                                    "Total Cost": 119053.62,
                                                                    "Plan Rows": 64259,
                                                                    "Plan Width": 21,
                                                                    "Actual Startup Time": 437.833,
                                                                    "Actual Total Time": 443.711,
                                                                    "Actual Rows": 15807,
                                                                    "Actual Loops": 4,
                                                                    "Inner Unique": false,
                                                                    "Merge Cond": "(kt2.id = t2.kind_id)",
                                                                    "Plans": [
                                                                      {
                                                                        "Node Type": "Sort",
                                                                        "Parent Relationship": "Outer",
                                                                        "Parallel Aware": false,
                                                                        "Startup Cost": 1.1,
                                                                        "Total Cost": 1.1,
                                                                        "Plan Rows": 1,
                                                                        "Plan Width": 4,
                                                                        "Actual Startup Time": 0.031,
                                                                        "Actual Total Time": 0.033,
                                                                        "Actual Rows": 1,
                                                                        "Actual Loops": 4,
                                                                        "Sort Key": [
                                                                          "kt2.id"
                                                                        ],
                                                                        "Sort Method": "quicksort",
                                                                        "Sort Space Used": 25,
                                                                        "Sort Space Type": "Memory",
                                                                        "Workers": [
                                                                          {
                                                                            "Worker Number": 0,
                                                                            "Sort Method": "quicksort",
                                                                            "Sort Space Used": 25,
                                                                            "Sort Space Type": "Memory"
                                                                          },
                                                                          {
                                                                            "Worker Number": 1,
                                                                            "Sort Method": "quicksort",
                                                                            "Sort Space Used": 25,
                                                                            "Sort Space Type": "Memory"
                                                                          },
                                                                          {
                                                                            "Worker Number": 2,
                                                                            "Sort Method": "quicksort",
                                                                            "Sort Space Used": 25,
                                                                            "Sort Space Type": "Memory"
                                                                          }
                                                                        ],
                                                                        "Plans": [
                                                                          {
                                                                            "Node Type": "Seq Scan",
                                                                            "Parent Relationship": "Outer",
                                                                            "Parallel Aware": false,
                                                                            "Relation Name": "kind_type",
                                                                            "Alias": "kt2",
                                                                            "Startup Cost": 0.0,
                                                                            "Total Cost": 1.09,
                                                                            "Plan Rows": 1,
                                                                            "Plan Width": 4,
                                                                            "Actual Startup Time": 0.015,
                                                                            "Actual Total Time": 0.016,
                                                                            "Actual Rows": 1,
                                                                            "Actual Loops": 4,
                                                                            "Filter": "((kind)::text = 'tv series'::text COLLATE \"C\")",
                                                                            "Rows Removed by Filter": 6
                                                                          }
                                                                        ]
                                                                      },
                                                                      {
                                                                        "Node Type": "Sort",
                                                                        "Parent Relationship": "Inner",
                                                                        "Parallel Aware": false,
                                                                        "Startup Cost": 116160.85,
                                                                        "Total Cost": 117285.39,
                                                                        "Plan Rows": 449814,
                                                                        "Plan Width": 25,
                                                                        "Actual Startup Time": 429.702,
                                                                        "Actual Total Time": 436.182,
                                                                        "Actual Rows": 87261,
                                                                        "Actual Loops": 4,
                                                                        "Sort Key": [
                                                                          "t2.kind_id"
                                                                        ],
                                                                        "Sort Method": "quicksort",
                                                                        "Sort Space Used": 45708,
                                                                        "Sort Space Type": "Memory",
                                                                        "Workers": [
                                                                          {
                                                                            "Worker Number": 0,
                                                                            "Sort Method": "quicksort",
                                                                            "Sort Space Used": 45708,
                                                                            "Sort Space Type": "Memory"
                                                                          },
                                                                          {
                                                                            "Worker Number": 1,
                                                                            "Sort Method": "quicksort",
                                                                            "Sort Space Used": 45708,
                                                                            "Sort Space Type": "Memory"
                                                                          },
                                                                          {
                                                                            "Worker Number": 2,
                                                                            "Sort Method": "quicksort",
                                                                            "Sort Space Used": 45708,
                                                                            "Sort Space Type": "Memory"
                                                                          }
                                                                        ],
                                                                        "Plans": [
                                                                          {
                                                                            "Node Type": "Seq Scan",
                                                                            "Parent Relationship": "Outer",
                                                                            "Parallel Aware": false,
                                                                            "Relation Name": "title",
                                                                            "Alias": "t2",
                                                                            "Startup Cost": 0.0,
                                                                            "Total Cost": 73925.64,
                                                                            "Plan Rows": 449814,
                                                                            "Plan Width": 25,
                                                                            "Actual Startup Time": 0.016,
                                                                            "Actual Total Time": 315.238,
                                                                            "Actual Rows": 445860,
                                                                            "Actual Loops": 4,
                                                                            "Filter": "((production_year >= 2005) AND (production_year <= 2008))",
                                                                            "Rows Removed by Filter": 2082452
                                                                          }
                                                                        ]
                                                                      }
                                                                    ]
                                                                  }
                                                                ]
                                                              },
                                                              {
                                                                "Node Type": "Sort",
                                                                "Parent Relationship": "Inner",
                                                                "Parallel Aware": false,
                                                                "Startup Cost": 90936.65,
                                                                "Total Cost": 92633.67,
                                                                "Plan Rows": 678805,
                                                                "Plan Width": 14,
                                                                "Actual Startup Time": 382.182,
                                                                "Actual Total Time": 407.3,
                                                                "Actual Rows": 674828,
                                                                "Actual Loops": 4,
                                                                "Sort Key": [
                                                                  "mi_idx2.movie_id"
                                                                ],
                                                                "Sort Method": "quicksort",
                                                                "Sort Space Used": 69877,
                                                                "Sort Space Type": "Memory",
                                                                "Workers": [
                                                                  {
                                                                    "Worker Number": 0,
                                                                    "Sort Method": "quicksort",
                                                                    "Sort Space Used": 69877,
                                                                    "Sort Space Type": "Memory"
                                                                  },
                                                                  {
                                                                    "Worker Number": 1,
                                                                    "Sort Method": "quicksort",
                                                                    "Sort Space Used": 69877,
                                                                    "Sort Space Type": "Memory"
                                                                  },
                                                                  {
                                                                    "Worker Number": 2,
                                                                    "Sort Method": "quicksort",
                                                                    "Sort Space Used": 69877,
                                                                    "Sort Space Type": "Memory"
                                                                  }
                                                                ],
                                                                "Plans": [
                                                                  {
                                                                    "Node Type": "Seq Scan",
                                                                    "Parent Relationship": "Outer",
                                                                    "Parallel Aware": false,
                                                                    "Relation Name": "movie_info_idx",
                                                                    "Alias": "mi_idx2",
                                                                    "Startup Cost": 0.0,
                                                                    "Total Cost": 25185.44,
                                                                    "Plan Rows": 678805,
                                                                    "Plan Width": 14,
                                                                    "Actual Startup Time": 0.053,
                                                                    "Actual Total Time": 174.948,
                                                                    "Actual Rows": 674828,
                                                                    "Actual Loops": 4,
                                                                    "Filter": "(info < '3.0'::text)",
                                                                    "Rows Removed by Filter": 705207
                                                                  }
                                                                ]
                                                              }
                                                            ]
                                                          }
                                                        ]
                                                      }
                                                    ]
                                                  }
                                                ]
                                              },
                                              {
                                                "Node Type": "Sort",
                                                "Parent Relationship": "Inner",
                                                "Parallel Aware": false,
                                                "Startup Cost": 1869.83,
                                                "Total Cost": 1882.33,
                                                "Plan Rows": 5000,
                                                "Plan Width": 8,
                                                "Actual Startup Time": 1.504,
                                                "Actual Total Time": 1.576,
                                                "Actual Rows": 1880,
                                                "Actual Loops": 4,
                                                "Sort Key": [
                                                  "ml.linked_movie_id"
                                                ],
                                                "Sort Method": "quicksort",
                                                "Sort Space Used": 205,
                                                "Sort Space Type": "Memory",
                                                "Workers": [
                                                  {
                                                    "Worker Number": 0,
                                                    "Sort Method": "quicksort",
                                                    "Sort Space Used": 205,
                                                    "Sort Space Type": "Memory"
                                                  },
                                                  {
                                                    "Worker Number": 1,
                                                    "Sort Method": "quicksort",
                                                    "Sort Space Used": 205,
                                                    "Sort Space Type": "Memory"
                                                  },
                                                  {
                                                    "Worker Number": 2,
                                                    "Sort Method": "quicksort",
                                                    "Sort Space Used": 205,
                                                    "Sort Space Type": "Memory"
                                                  }
                                                ],
                                                "Plans": [
                                                  {
                                                    "Node Type": "Merge Join",
                                                    "Parent Relationship": "Outer",
                                                    "Parallel Aware": false,
                                                    "Join Type": "Inner",
                                                    "Startup Cost": 0.42,
                                                    "Total Cost": 1562.63,
                                                    "Plan Rows": 5000,
                                                    "Plan Width": 8,
                                                    "Actual Startup Time": 0.081,
                                                    "Actual Total Time": 0.99,
                                                    "Actual Rows": 2315,
                                                    "Actual Loops": 4,
                                                    "Inner Unique": false,
                                                    "Merge Cond": "(lt.id = ml.link_type_id)",
                                                    "Plans": [
                                                      {
                                                        "Node Type": "Index Scan",
                                                        "Parent Relationship": "Outer",
                                                        "Parallel Aware": false,
                                                        "Scan Direction": "Forward",
                                                        "Index Name": "link_type_pkey",
                                                        "Relation Name": "link_type",
                                                        "Alias": "lt",
                                                        "Startup Cost": 0.14,
                                                        "Total Cost": 12.47,
                                                        "Plan Rows": 3,
                                                        "Plan Width": 4,
                                                        "Actual Startup Time": 0.042,
                                                        "Actual Total Time": 0.051,
                                                        "Actual Rows": 2,
                                                        "Actual Loops": 4,
                                                        "Filter": "((link)::text = ANY ('{sequel,follows,\"followed by\"}'::text[]))",
                                                        "Rows Removed by Filter": 16
                                                      },
                                                      {
                                                        "Node Type": "Index Scan",
                                                        "Parent Relationship": "Inner",
                                                        "Parallel Aware": false,
                                                        "Scan Direction": "Forward",
                                                        "Index Name": "link_type_id_movie_link",
                                                        "Relation Name": "movie_link",
                                                        "Alias": "ml",
                                                        "Startup Cost": 0.29,
                                                        "Total Cost": 1425.16,
                                                        "Plan Rows": 29997,
                                                        "Plan Width": 12,
                                                        "Actual Startup Time": 0.035,
                                                        "Actual Total Time": 0.67,
                                                        "Actual Rows": 2316,
                                                        "Actual Loops": 4
                                                      }
                                                    ]
                                                  }
                                                ]
                                              }
                                            ]
                                          }
                                        ]
                                      }
                                    ]
                                  }
                                ]
                              }
                            ]
                          }
                        ]
                      }
                    ]
                  }
                ]
              },
              {
                "Node Type": "Sort",
                "Parent Relationship": "Inner",
                "Parallel Aware": false,
                "Startup Cost": 1.1,
                "Total Cost": 1.1,
                "Plan Rows": 1,
                "Plan Width": 4,
                "Actual Startup Time": 0.036,
                "Actual Total Time": 0.038,
                "Actual Rows": 1,
                "Actual Loops": 1,
                "Sort Key": [
                  "kt1.id"
                ],
                "Sort Method": "quicksort",
                "Sort Space Used": 25,
                "Sort Space Type": "Memory",
                "Plans": [
                  {
                    "Node Type": "Seq Scan",
                    "Parent Relationship": "Outer",
                    "Parallel Aware": false,
                    "Relation Name": "kind_type",
                    "Alias": "kt1",
                    "Startup Cost": 0.0,
                    "Total Cost": 1.09,
                    "Plan Rows": 1,
                    "Plan Width": 4,
                    "Actual Startup Time": 0.022,
                    "Actual Total Time": 0.023,
                    "Actual Rows": 1,
                    "Actual Loops": 1,
                    "Filter": "((kind)::text = 'tv series'::text COLLATE \"C\")",
                    "Rows Removed by Filter": 6
                  }
                ]
              }
            ]
          }
        ]
      }
    ]
  },
  "Planning Time": 197.517,
  "Triggers": [],
  "Execution Time": 8175.242
}