[
  {
    "Plan": {
      "Node Type": "Aggregate",
      "Strategy": "Plain",
      "Partial Mode": "Finalize",
      "Parallel Aware": false,
      "Startup Cost": 35987.16,
      "Total Cost": 35987.17,
      "Plan Rows": 1,
      "Plan Width": 8,
      "Actual Startup Time": 104.215,
      "Actual Total Time": 112.19,
      "Actual Rows": 1,
      "Actual Loops": 1,
      "Plans": [
        {
          "Node Type": "Gather",
          "Parent Relationship": "Outer",
          "Parallel Aware": false,
          "Startup Cost": 35986.84,
          "Total Cost": 35987.15,
          "Plan Rows": 3,
          "Plan Width": 8,
          "Actual Startup Time": 103.838,
          "Actual Total Time": 112.179,
          "Actual Rows": 4,
          "Actual Loops": 1,
          "Workers Planned": 3,
          "Workers Launched": 3,
          "Single Copy": false,
          "Plans": [
            {
              "Node Type": "Aggregate",
              "Strategy": "Plain",
              "Partial Mode": "Partial",
              "Parent Relationship": "Outer",
              "Parallel Aware": false,
              "Startup Cost": 34986.84,
              "Total Cost": 34986.85,
              "Plan Rows": 1,
              "Plan Width": 8,
              "Actual Startup Time": 99.045,
              "Actual Total Time": 99.047,
              "Actual Rows": 1,
              "Actual Loops": 4,
              "Plans": [
                {
                  "Node Type": "Bitmap Heap Scan",
                  "Parent Relationship": "Outer",
                  "Parallel Aware": true,
                  "Relation Name": "movie_keyword",
                  "Alias": "mk",
                  "Startup Cost": 8577.01,
                  "Total Cost": 34660.87,
                  "Plan Rows": 130388,
                  "Plan Width": 0,
                  "Actual Startup Time": 28.143,
                  "Actual Total Time": 93.286,
                  "Actual Rows": 101104,
                  "Actual Loops": 4,
                  "Recheck Cond": "(keyword_id > 43012)",
                  "Rows Removed by Index Recheck": 0,
                  "Exact Heap Blocks": 9410,
                  "Lossy Heap Blocks": 0,
                  "Plans": [
                    {
                      "Node Type": "Bitmap Index Scan",
                      "Parent Relationship": "Outer",
                      "Parallel Aware": false,
                      "Index Name": "keyword_id_movie_keyword",
                      "Startup Cost": 0.0,
                      "Total Cost": 8475.96,
                      "Plan Rows": 404204,
                      "Plan Width": 0,
                      "Actual Startup Time": 29.257,
                      "Actual Total Time": 29.258,
                      "Actual Rows": 404415,
                      "Actual Loops": 1,
                      "Index Cond": "(keyword_id > 43012)"
                    }
                  ]
                }
              ]
            }
          ]
        }
      ]
    },
    "Planning Time": 0.098,
    "Triggers": [],
    "Execution Time": 112.234
  }
]