{
  "Plan": {
    "Node Type": "Aggregate",
    "Strategy": "Plain",
    "Partial Mode": "Finalize",
    "Parallel Aware": false,
    "Startup Cost": 99367.47,
    "Total Cost": 99367.48,
    "Plan Rows": 1,
    "Plan Width": 8,
    "Actual Startup Time": 460.953,
    "Actual Total Time": 474.547,
    "Actual Rows": 1,
    "Actual Loops": 1,
    "Plans": [
      {
        "Node Type": "Gather",
        "Parent Relationship": "Outer",
        "Parallel Aware": false,
        "Startup Cost": 99367.36,
        "Total Cost": 99367.47,
        "Plan Rows": 1,
        "Plan Width": 8,
        "Actual Startup Time": 457.801,
        "Actual Total Time": 474.538,
        "Actual Rows": 2,
        "Actual Loops": 1,
        "Workers Planned": 1,
        "Workers Launched": 1,
        "Single Copy": false,
        "Plans": [
          {
            "Node Type": "Aggregate",
            "Strategy": "Plain",
            "Partial Mode": "Partial",
            "Parent Relationship": "Outer",
            "Parallel Aware": false,
            "Startup Cost": 98367.36,
            "Total Cost": 98367.37,
            "Plan Rows": 1,
            "Plan Width": 8,
            "Actual Startup Time": 450.875,
            "Actual Total Time": 450.879,
            "Actual Rows": 1,
            "Actual Loops": 2,
            "Plans": [
              {
                "Node Type": "Hash Join",
                "Parent Relationship": "Outer",
                "Parallel Aware": true,
                "Join Type": "Inner",
                "Startup Cost": 71379.2,
                "Total Cost": 98135.99,
                "Plan Rows": 92548,
                "Plan Width": 0,
                "Actual Startup Time": 375.057,
                "Actual Total Time": 450.512,
                "Actual Rows": 6247,
                "Actual Loops": 2,
                "Inner Unique": true,
                "Hash Cond": "(mk.movie_id = t.id)",
                "Plans": [
                  {
                    "Node Type": "Bitmap Heap Scan",
                    "Parent Relationship": "Outer",
                    "Parallel Aware": true,
                    "Relation Name": "movie_keyword",
                    "Alias": "mk",
                    "Startup Cost": 5490.33,
                    "Total Cost": 31847.47,
                    "Plan Rows": 152251,
                    "Plan Width": 4,
                    "Actual Startup Time": 18.427,
                    "Actual Total Time": 63.132,
                    "Actual Rows": 124393,
                    "Actual Loops": 2,
                    "Recheck Cond": "(keyword_id > 60648)",
                    "Rows Removed by Index Recheck": 0,
                    "Exact Heap Blocks": 11628,
                    "Lossy Heap Blocks": 0,
                    "Plans": [
                      {
                        "Node Type": "Bitmap Index Scan",
                        "Parent Relationship": "Outer",
                        "Parallel Aware": false,
                        "Index Name": "keyword_id_movie_keyword",
                        "Startup Cost": 0.0,
                        "Total Cost": 5425.63,
                        "Plan Rows": 258826,
                        "Plan Width": 0,
                        "Actual Startup Time": 15.344,
                        "Actual Total Time": 15.344,
                        "Actual Rows": 248786,
                        "Actual Loops": 1,
                        "Index Cond": "(keyword_id > 60648)"
                      }
                    ]
                  },
                  {
                    "Node Type": "Hash",
                    "Parent Relationship": "Inner",
                    "Parallel Aware": true,
                    "Startup Cost": 54588.39,
                    "Total Cost": 54588.39,
                    "Plan Rows": 904038,
                    "Plan Width": 4,
                    "Actual Startup Time": 342.408,
                    "Actual Total Time": 342.409,
                    "Actual Rows": 771632,
                    "Actual Loops": 2,
                    "Hash Buckets": 2097152,
                    "Original Hash Buckets": 2097152,
                    "Hash Batches": 1,
                    "Original Hash Batches": 1,
                    "Peak Memory Usage": 76768,
                    "Plans": [
                      {
                        "Node Type": "Seq Scan",
                        "Parent Relationship": "Outer",
                        "Parallel Aware": true,
                        "Relation Name": "title",
                        "Alias": "t",
                        "Startup Cost": 0.0,
                        "Total Cost": 54588.39,
                        "Plan Rows": 904038,
                        "Plan Width": 4,
                        "Actual Startup Time": 0.027,
                        "Actual Total Time": 152.339,
                        "Actual Rows": 771632,
                        "Actual Loops": 2,
                        "Filter": "(kind_id = 7)",
                        "Rows Removed by Filter": 492524
                      }
                    ]
                  }
                ]
              }
            ]
          }
        ]
      }
    ]
  },
  "Planning Time": 0.49,
  "Triggers": [],
  "Execution Time": 474.619
}