[
    {
        "Bao": {
            "Bao prediction": "NaN",
            "Bao recommended hint": "(no hint)"
        }
    },
    {
        "Plan": {
            "Node Type": "Aggregate",
            "Strategy": "Plain",
            "Partial Mode": "Finalize",
            "Parallel Aware": false,
            "Startup Cost": 82664.33,
            "Total Cost": 82664.34,
            "Plan Rows": 1,
            "Plan Width": 8,
            "Actual Startup Time": 353.303,
            "Actual Total Time": 362.642,
            "Actual Rows": 1,
            "Actual Loops": 1,
            "Output": [
                "count(*)"
            ],
            "Plans": [
                {
                    "Node Type": "Gather",
                    "Parent Relationship": "Outer",
                    "Parallel Aware": false,
                    "Startup Cost": 82664.01,
                    "Total Cost": 82664.32,
                    "Plan Rows": 3,
                    "Plan Width": 8,
                    "Actual Startup Time": 345.175,
                    "Actual Total Time": 362.634,
                    "Actual Rows": 4,
                    "Actual Loops": 1,
                    "Output": [
                        "(PARTIAL count(*))"
                    ],
                    "Workers Planned": 3,
                    "Workers Launched": 3,
                    "Single Copy": false,
                    "Plans": [
                        {
                            "Node Type": "Aggregate",
                            "Strategy": "Plain",
                            "Partial Mode": "Partial",
                            "Parent Relationship": "Outer",
                            "Parallel Aware": false,
                            "Startup Cost": 81664.01,
                            "Total Cost": 81664.02,
                            "Plan Rows": 1,
                            "Plan Width": 8,
                            "Actual Startup Time": 336.638,
                            "Actual Total Time": 336.641,
                            "Actual Rows": 1,
                            "Actual Loops": 4,
                            "Output": [
                                "PARTIAL count(*)"
                            ],
                            "Workers": [
                                {
                                    "Worker Number": 0,
                                    "Actual Startup Time": 333.974,
                                    "Actual Total Time": 333.977,
                                    "Actual Rows": 1,
                                    "Actual Loops": 1
                                },
                                {
                                    "Worker Number": 1,
                                    "Actual Startup Time": 333.505,
                                    "Actual Total Time": 333.508,
                                    "Actual Rows": 1,
                                    "Actual Loops": 1
                                },
                                {
                                    "Worker Number": 2,
                                    "Actual Startup Time": 334.178,
                                    "Actual Total Time": 334.181,
                                    "Actual Rows": 1,
                                    "Actual Loops": 1
                                }
                            ],
                            "Plans": [
                                {
                                    "Node Type": "Hash Join",
                                    "Parent Relationship": "Outer",
                                    "Parallel Aware": true,
                                    "Join Type": "Inner",
                                    "Startup Cost": 55507.2,
                                    "Total Cost": 81505.98,
                                    "Plan Rows": 63212,
                                    "Plan Width": 0,
                                    "Actual Startup Time": 260.033,
                                    "Actual Total Time": 334.428,
                                    "Actual Rows": 38518,
                                    "Actual Loops": 4,
                                    "Inner Unique": true,
                                    "Hash Cond": "(mk.movie_id = t.id)",
                                    "Workers": [
                                        {
                                            "Worker Number": 0,
                                            "Actual Startup Time": 256.88,
                                            "Actual Total Time": 331.906,
                                            "Actual Rows": 33278,
                                            "Actual Loops": 1
                                        },
                                        {
                                            "Worker Number": 1,
                                            "Actual Startup Time": 257.2,
                                            "Actual Total Time": 331.414,
                                            "Actual Rows": 33282,
                                            "Actual Loops": 1
                                        },
                                        {
                                            "Worker Number": 2,
                                            "Actual Startup Time": 257.691,
                                            "Actual Total Time": 331.994,
                                            "Actual Rows": 36910,
                                            "Actual Loops": 1
                                        }
                                    ],
                                    "Plans": [
                                        {
                                            "Node Type": "Bitmap Heap Scan",
                                            "Parent Relationship": "Outer",
                                            "Parallel Aware": true,
                                            "Relation Name": "movie_keyword",
                                            "Schema": "public",
                                            "Alias": "mk",
                                            "Startup Cost": 6718.21,
                                            "Total Cost": 32448.9,
                                            "Plan Rows": 102135,
                                            "Plan Width": 4,
                                            "Actual Startup Time": 21.497,
                                            "Actual Total Time": 67.121,
                                            "Actual Rows": 79305,
                                            "Actual Loops": 4,
                                            "Output": [
                                                "mk.id",
                                                "mk.movie_id",
                                                "mk.keyword_id"
                                            ],
                                            "Recheck Cond": "(mk.keyword_id < 250)",
                                            "Rows Removed by Index Recheck": 0,
                                            "Exact Heap Blocks": 7859,
                                            "Lossy Heap Blocks": 0,
                                            "Workers": [
                                                {
                                                    "Worker Number": 0,
                                                    "Actual Startup Time": 21.572,
                                                    "Actual Total Time": 68.807,
                                                    "Actual Rows": 69287,
                                                    "Actual Loops": 1
                                                },
                                                {
                                                    "Worker Number": 1,
                                                    "Actual Startup Time": 21.588,
                                                    "Actual Total Time": 68.55,
                                                    "Actual Rows": 69470,
                                                    "Actual Loops": 1
                                                },
                                                {
                                                    "Worker Number": 2,
                                                    "Actual Startup Time": 21.424,
                                                    "Actual Total Time": 68.421,
                                                    "Actual Rows": 75826,
                                                    "Actual Loops": 1
                                                }
                                            ],
                                            "Plans": [
                                                {
                                                    "Node Type": "Bitmap Index Scan",
                                                    "Parent Relationship": "Outer",
                                                    "Parallel Aware": false,
                                                    "Index Name": "keyword_id_movie_keyword",
                                                    "Startup Cost": 0.0,
                                                    "Total Cost": 6639.06,
                                                    "Plan Rows": 316617,
                                                    "Plan Width": 0,
                                                    "Actual Startup Time": 17.842,
                                                    "Actual Total Time": 17.842,
                                                    "Actual Rows": 317219,
                                                    "Actual Loops": 1,
                                                    "Index Cond": "(mk.keyword_id < 250)"
                                                }
                                            ]
                                        },
                                        {
                                            "Node Type": "Hash",
                                            "Parent Relationship": "Inner",
                                            "Parallel Aware": true,
                                            "Startup Cost": 43899.01,
                                            "Total Cost": 43899.01,
                                            "Plan Rows": 391198,
                                            "Plan Width": 4,
                                            "Actual Startup Time": 234.269,
                                            "Actual Total Time": 234.269,
                                            "Actual Rows": 392642,
                                            "Actual Loops": 4,
                                            "Output": [
                                                "t.id"
                                            ],
                                            "Hash Buckets": 2097152,
                                            "Original Hash Buckets": 2097152,
                                            "Hash Batches": 1,
                                            "Original Hash Batches": 1,
                                            "Peak Memory Usage": 77888,
                                            "Workers": [
                                                {
                                                    "Worker Number": 0,
                                                    "Actual Startup Time": 234.864,
                                                    "Actual Total Time": 234.865,
                                                    "Actual Rows": 362774,
                                                    "Actual Loops": 1
                                                },
                                                {
                                                    "Worker Number": 1,
                                                    "Actual Startup Time": 235.094,
                                                    "Actual Total Time": 235.095,
                                                    "Actual Rows": 360754,
                                                    "Actual Loops": 1
                                                },
                                                {
                                                    "Worker Number": 2,
                                                    "Actual Startup Time": 235.9,
                                                    "Actual Total Time": 235.901,
                                                    "Actual Rows": 375219,
                                                    "Actual Loops": 1
                                                }
                                            ],
                                            "Plans": [
                                                {
                                                    "Node Type": "Seq Scan",
                                                    "Parent Relationship": "Outer",
                                                    "Parallel Aware": true,
                                                    "Relation Name": "title",
                                                    "Schema": "public",
                                                    "Alias": "t",
                                                    "Startup Cost": 0.0,
                                                    "Total Cost": 43899.01,
                                                    "Plan Rows": 391198,
                                                    "Plan Width": 4,
                                                    "Actual Startup Time": 0.036,
                                                    "Actual Total Time": 101.826,
                                                    "Actual Rows": 392642,
                                                    "Actual Loops": 4,
                                                    "Output": [
                                                        "t.id"
                                                    ],
                                                    "Filter": "(t.production_year > 1996)",
                                                    "Rows Removed by Filter": 239436,
                                                    "Workers": [
                                                        {
                                                            "Worker Number": 0,
                                                            "Actual Startup Time": 0.066,
                                                            "Actual Total Time": 102.404,
                                                            "Actual Rows": 362774,
                                                            "Actual Loops": 1
                                                        },
                                                        {
                                                            "Worker Number": 1,
                                                            "Actual Startup Time": 0.045,
                                                            "Actual Total Time": 102.212,
                                                            "Actual Rows": 360754,
                                                            "Actual Loops": 1
                                                        },
                                                        {
                                                            "Worker Number": 2,
                                                            "Actual Startup Time": 0.022,
                                                            "Actual Total Time": 105.905,
                                                            "Actual Rows": 375219,
                                                            "Actual Loops": 1
                                                        }
                                                    ]
                                                }
                                            ]
                                        }
                                    ]
                                }
                            ]
                        }
                    ]
                }
            ]
        },
        "Planning Time": 195.706,
        "Triggers": [],
        "Execution Time": 362.699
    }
]