[
    {
        "Bao": {
            "Bao prediction": "NaN",
            "Bao recommended hint": "(no hint)"
        }
    },
    {
        "Plan": {
            "Node Type": "Aggregate",
            "Strategy": "Plain",
            "Partial Mode": "Finalize",
            "Parallel Aware": false,
            "Startup Cost": 33349.52,
            "Total Cost": 33349.53,
            "Plan Rows": 1,
            "Plan Width": 8,
            "Actual Startup Time": 96.401,
            "Actual Total Time": 101.418,
            "Actual Rows": 1,
            "Actual Loops": 1,
            "Output": [
                "count(*)"
            ],
            "Plans": [
                {
                    "Node Type": "Gather",
                    "Parent Relationship": "Outer",
                    "Parallel Aware": false,
                    "Startup Cost": 33349.2,
                    "Total Cost": 33349.51,
                    "Plan Rows": 3,
                    "Plan Width": 8,
                    "Actual Startup Time": 96.324,
                    "Actual Total Time": 101.413,
                    "Actual Rows": 4,
                    "Actual Loops": 1,
                    "Output": [
                        "(PARTIAL count(*))"
                    ],
                    "Workers Planned": 3,
                    "Workers Launched": 3,
                    "Single Copy": false,
                    "Plans": [
                        {
                            "Node Type": "Aggregate",
                            "Strategy": "Plain",
                            "Partial Mode": "Partial",
                            "Parent Relationship": "Outer",
                            "Parallel Aware": false,
                            "Startup Cost": 32349.2,
                            "Total Cost": 32349.21,
                            "Plan Rows": 1,
                            "Plan Width": 8,
                            "Actual Startup Time": 88.544,
                            "Actual Total Time": 88.545,
                            "Actual Rows": 1,
                            "Actual Loops": 4,
                            "Output": [
                                "PARTIAL count(*)"
                            ],
                            "Workers": [
                                {
                                    "Worker Number": 0,
                                    "Actual Startup Time": 85.82,
                                    "Actual Total Time": 85.822,
                                    "Actual Rows": 1,
                                    "Actual Loops": 1
                                },
                                {
                                    "Worker Number": 1,
                                    "Actual Startup Time": 85.941,
                                    "Actual Total Time": 85.942,
                                    "Actual Rows": 1,
                                    "Actual Loops": 1
                                },
                                {
                                    "Worker Number": 2,
                                    "Actual Startup Time": 86.332,
                                    "Actual Total Time": 86.332,
                                    "Actual Rows": 1,
                                    "Actual Loops": 1
                                }
                            ],
                            "Plans": [
                                {
                                    "Node Type": "Seq Scan",
                                    "Parent Relationship": "Outer",
                                    "Parallel Aware": true,
                                    "Relation Name": "movie_companies",
                                    "Schema": "public",
                                    "Alias": "mc",
                                    "Startup Cost": 0.0,
                                    "Total Cost": 31414.82,
                                    "Plan Rows": 373752,
                                    "Plan Width": 0,
                                    "Actual Startup Time": 41.149,
                                    "Actual Total Time": 77.717,
                                    "Actual Rows": 248144,
                                    "Actual Loops": 4,
                                    "Output": [
                                        "id",
                                        "movie_id",
                                        "company_id",
                                        "company_type_id",
                                        "note"
                                    ],
                                    "Filter": "((mc.company_id < 89055) AND (mc.company_type_id = 2))",
                                    "Rows Removed by Filter": 404138,
                                    "Workers": [
                                        {
                                            "Worker Number": 0,
                                            "Actual Startup Time": 38.44,
                                            "Actual Total Time": 75.181,
                                            "Actual Rows": 162047,
                                            "Actual Loops": 1
                                        },
                                        {
                                            "Worker Number": 1,
                                            "Actual Startup Time": 38.538,
                                            "Actual Total Time": 75.302,
                                            "Actual Rows": 262815,
                                            "Actual Loops": 1
                                        },
                                        {
                                            "Worker Number": 2,
                                            "Actual Startup Time": 38.937,
                                            "Actual Total Time": 75.719,
                                            "Actual Rows": 260806,
                                            "Actual Loops": 1
                                        }
                                    ]
                                }
                            ]
                        }
                    ]
                }
            ]
        },
        "Planning Time": 178.526,
        "Triggers": [],
        "Execution Time": 101.459
    }
]