{
  "Plan": {
    "Node Type": "Aggregate",
    "Strategy": "Plain",
    "Partial Mode": "Finalize",
    "Parallel Aware": false,
    "Startup Cost": 234949.65,
    "Total Cost": 234949.66,
    "Plan Rows": 1,
    "Plan Width": 8,
    "Actual Startup Time": 261.549,
    "Actual Total Time": 268.029,
    "Actual Rows": 1,
    "Actual Loops": 1,
    "Plans": [
      {
        "Node Type": "Gather",
        "Parent Relationship": "Outer",
        "Parallel Aware": false,
        "Startup Cost": 234949.54,
        "Total Cost": 234949.65,
        "Plan Rows": 1,
        "Plan Width": 8,
        "Actual Startup Time": 259.958,
        "Actual Total Time": 268.02,
        "Actual Rows": 2,
        "Actual Loops": 1,
        "Workers Planned": 1,
        "Workers Launched": 1,
        "Single Copy": false,
        "Plans": [
          {
            "Node Type": "Aggregate",
            "Strategy": "Plain",
            "Partial Mode": "Partial",
            "Parent Relationship": "Outer",
            "Parallel Aware": false,
            "Startup Cost": 233949.54,
            "Total Cost": 233949.55,
            "Plan Rows": 1,
            "Plan Width": 8,
            "Actual Startup Time": 254.072,
            "Actual Total Time": 254.076,
            "Actual Rows": 1,
            "Actual Loops": 2,
            "Plans": [
              {
                "Node Type": "Hash Join",
                "Parent Relationship": "Outer",
                "Parallel Aware": true,
                "Join Type": "Inner",
                "Startup Cost": 61445.8,
                "Total Cost": 233870.64,
                "Plan Rows": 31558,
                "Plan Width": 0,
                "Actual Startup Time": 213.455,
                "Actual Total Time": 250.065,
                "Actual Rows": 98406,
                "Actual Loops": 2,
                "Inner Unique": true,
                "Hash Cond": "(mi.movie_id = t.id)",
                "Plans": [
                  {
                    "Node Type": "Bitmap Heap Scan",
                    "Parent Relationship": "Outer",
                    "Parallel Aware": true,
                    "Relation Name": "movie_info",
                    "Alias": "mi",
                    "Startup Cost": 3705.36,
                    "Total Cost": 175814.43,
                    "Plan Rows": 120298,
                    "Plan Width": 4,
                    "Actual Startup Time": 7.554,
                    "Actual Total Time": 24.479,
                    "Actual Rows": 98877,
                    "Actual Loops": 2,
                    "Recheck Cond": "(info_type_id > 106)",
                    "Rows Removed by Index Recheck": 0,
                    "Exact Heap Blocks": 2776,
                    "Lossy Heap Blocks": 0,
                    "Plans": [
                      {
                        "Node Type": "Bitmap Index Scan",
                        "Parent Relationship": "Outer",
                        "Parallel Aware": false,
                        "Index Name": "info_type_id_movie_info",
                        "Startup Cost": 0.0,
                        "Total Cost": 3654.24,
                        "Plan Rows": 204507,
                        "Plan Width": 0,
                        "Actual Startup Time": 6.831,
                        "Actual Total Time": 6.831,
                        "Actual Rows": 197754,
                        "Actual Loops": 1,
                        "Index Cond": "(info_type_id > 106)"
                      }
                    ]
                  },
                  {
                    "Node Type": "Hash",
                    "Parent Relationship": "Inner",
                    "Parallel Aware": true,
                    "Startup Cost": 52863.55,
                    "Total Cost": 52863.55,
                    "Plan Rows": 390151,
                    "Plan Width": 4,
                    "Actual Startup Time": 196.687,
                    "Actual Total Time": 196.689,
                    "Actual Rows": 331412,
                    "Actual Loops": 2,
                    "Hash Buckets": 1048576,
                    "Original Hash Buckets": 1048576,
                    "Hash Batches": 1,
                    "Original Hash Batches": 1,
                    "Peak Memory Usage": 34176,
                    "Plans": [
                      {
                        "Node Type": "Bitmap Heap Scan",
                        "Parent Relationship": "Outer",
                        "Parallel Aware": true,
                        "Relation Name": "title",
                        "Alias": "t",
                        "Startup Cost": 11988.66,
                        "Total Cost": 52863.55,
                        "Plan Rows": 390151,
                        "Plan Width": 4,
                        "Actual Startup Time": 30.734,
                        "Actual Total Time": 97.067,
                        "Actual Rows": 331412,
                        "Actual Loops": 2,
                        "Recheck Cond": "(kind_id = 1)",
                        "Rows Removed by Index Recheck": 0,
                        "Exact Heap Blocks": 7704,
                        "Lossy Heap Blocks": 0,
                        "Plans": [
                          {
                            "Node Type": "Bitmap Index Scan",
                            "Parent Relationship": "Outer",
                            "Parallel Aware": false,
                            "Index Name": "kind_id_title",
                            "Startup Cost": 0.0,
                            "Total Cost": 11822.85,
                            "Plan Rows": 663256,
                            "Plan Width": 0,
                            "Actual Startup Time": 28.877,
                            "Actual Total Time": 28.877,
                            "Actual Rows": 662825,
                            "Actual Loops": 1,
                            "Index Cond": "(kind_id = 1)"
                          }
                        ]
                      }
                    ]
                  }
                ]
              }
            ]
          }
        ]
      }
    ]
  },
  "Planning Time": 0.684,
  "Triggers": [],
  "Execution Time": 268.131
}