{
  "Plan": {
    "Node Type": "Aggregate",
    "Strategy": "Plain",
    "Partial Mode": "Finalize",
    "Parallel Aware": false,
    "Startup Cost": 398028.96,
    "Total Cost": 398028.97,
    "Plan Rows": 1,
    "Plan Width": 8,
    "Actual Startup Time": 2247.718,
    "Actual Total Time": 2289.459,
    "Actual Rows": 1,
    "Actual Loops": 1,
    "Plans": [
      {
        "Node Type": "Gather",
        "Parent Relationship": "Outer",
        "Parallel Aware": false,
        "Startup Cost": 398028.85,
        "Total Cost": 398028.96,
        "Plan Rows": 1,
        "Plan Width": 8,
        "Actual Startup Time": 2246.125,
        "Actual Total Time": 2289.448,
        "Actual Rows": 2,
        "Actual Loops": 1,
        "Workers Planned": 1,
        "Workers Launched": 1,
        "Single Copy": false,
        "Plans": [
          {
            "Node Type": "Aggregate",
            "Strategy": "Plain",
            "Partial Mode": "Partial",
            "Parent Relationship": "Outer",
            "Parallel Aware": false,
            "Startup Cost": 397028.85,
            "Total Cost": 397028.86,
            "Plan Rows": 1,
            "Plan Width": 8,
            "Actual Startup Time": 2240.136,
            "Actual Total Time": 2240.544,
            "Actual Rows": 1,
            "Actual Loops": 2,
            "Plans": [
              {
                "Node Type": "Hash Join",
                "Parent Relationship": "Outer",
                "Parallel Aware": true,
                "Join Type": "Inner",
                "Startup Cost": 94469.22,
                "Total Cost": 394888.77,
                "Plan Rows": 856033,
                "Plan Width": 0,
                "Actual Startup Time": 519.482,
                "Actual Total Time": 2142.008,
                "Actual Rows": 2385250,
                "Actual Loops": 2,
                "Inner Unique": false,
                "Hash Cond": "(mi.movie_id = t.id)",
                "Plans": [
                  {
                    "Node Type": "Seq Scan",
                    "Parent Relationship": "Outer",
                    "Parallel Aware": true,
                    "Relation Name": "movie_info",
                    "Alias": "mi",
                    "Startup Cost": 0.0,
                    "Total Cost": 270696.42,
                    "Plan Rows": 6583369,
                    "Plan Width": 4,
                    "Actual Startup Time": 0.023,
                    "Actual Total Time": 751.02,
                    "Actual Rows": 5605372,
                    "Actual Loops": 2,
                    "Filter": "(info_type_id > 3)",
                    "Rows Removed by Filter": 1812488
                  },
                  {
                    "Node Type": "Hash",
                    "Parent Relationship": "Inner",
                    "Parallel Aware": true,
                    "Startup Cost": 92051.92,
                    "Total Cost": 92051.92,
                    "Plan Rows": 193384,
                    "Plan Width": 8,
                    "Actual Startup Time": 488.429,
                    "Actual Total Time": 488.835,
                    "Actual Rows": 165573,
                    "Actual Loops": 2,
                    "Hash Buckets": 524288,
                    "Original Hash Buckets": 524288,
                    "Hash Batches": 1,
                    "Original Hash Batches": 1,
                    "Peak Memory Usage": 17088,
                    "Plans": [
                      {
                        "Node Type": "Hash Join",
                        "Parent Relationship": "Outer",
                        "Parallel Aware": true,
                        "Join Type": "Inner",
                        "Startup Cost": 30748.87,
                        "Total Cost": 92051.92,
                        "Plan Rows": 193384,
                        "Plan Width": 8,
                        "Actual Startup Time": 113.876,
                        "Actual Total Time": 448.301,
                        "Actual Rows": 165573,
                        "Actual Loops": 2,
                        "Inner Unique": false,
                        "Hash Cond": "(t.id = mc.movie_id)",
                        "Plans": [
                          {
                            "Node Type": "Seq Scan",
                            "Parent Relationship": "Outer",
                            "Parallel Aware": true,
                            "Relation Name": "title",
                            "Alias": "t",
                            "Startup Cost": 0.0,
                            "Total Cost": 50870.31,
                            "Plan Rows": 1487231,
                            "Plan Width": 4,
                            "Actual Startup Time": 0.01,
                            "Actual Total Time": 116.825,
                            "Actual Rows": 1264156,
                            "Actual Loops": 2
                          },
                          {
                            "Node Type": "Hash",
                            "Parent Relationship": "Inner",
                            "Parallel Aware": true,
                            "Startup Cost": 28331.57,
                            "Total Cost": 28331.57,
                            "Plan Rows": 193384,
                            "Plan Width": 4,
                            "Actual Startup Time": 99.494,
                            "Actual Total Time": 99.495,
                            "Actual Rows": 165573,
                            "Actual Loops": 2,
                            "Hash Buckets": 524288,
                            "Original Hash Buckets": 524288,
                            "Hash Batches": 1,
                            "Original Hash Batches": 1,
                            "Peak Memory Usage": 17088,
                            "Plans": [
                              {
                                "Node Type": "Bitmap Heap Scan",
                                "Parent Relationship": "Outer",
                                "Parallel Aware": true,
                                "Relation Name": "movie_companies",
                                "Alias": "mc",
                                "Startup Cost": 7124.27,
                                "Total Cost": 28331.57,
                                "Plan Rows": 193384,
                                "Plan Width": 4,
                                "Actual Startup Time": 25.843,
                                "Actual Total Time": 61.139,
                                "Actual Rows": 165573,
                                "Actual Loops": 2,
                                "Recheck Cond": "(company_id > 90529)",
                                "Rows Removed by Index Recheck": 0,
                                "Exact Heap Blocks": 3288,
                                "Lossy Heap Blocks": 0,
                                "Plans": [
                                  {
                                    "Node Type": "Bitmap Index Scan",
                                    "Parent Relationship": "Outer",
                                    "Parallel Aware": false,
                                    "Index Name": "company_id_movie_companies",
                                    "Startup Cost": 0.0,
                                    "Total Cost": 7042.08,
                                    "Plan Rows": 328753,
                                    "Plan Width": 0,
                                    "Actual Startup Time": 25.166,
                                    "Actual Total Time": 25.166,
                                    "Actual Rows": 331146,
                                    "Actual Loops": 1,
                                    "Index Cond": "(company_id > 90529)"
                                  }
                                ]
                              }
                            ]
                          }
                        ]
                      }
                    ]
                  }
                ]
              }
            ]
          }
        ]
      }
    ]
  },
  "Planning Time": 1.011,
  "Triggers": [],
  "Execution Time": 2289.572
}