[
  {
    "Plan": {
      "Node Type": "Aggregate",
      "Strategy": "Plain",
      "Partial Mode": "Finalize",
      "Parallel Aware": false,
      "Startup Cost": 44504.29,
      "Total Cost": 44504.3,
      "Plan Rows": 1,
      "Plan Width": 8,
      "Actual Startup Time": 114.567,
      "Actual Total Time": 124.267,
      "Actual Rows": 1,
      "Actual Loops": 1,
      "Plans": [
        {
          "Node Type": "Gather",
          "Parent Relationship": "Outer",
          "Parallel Aware": false,
          "Startup Cost": 44503.98,
          "Total Cost": 44504.29,
          "Plan Rows": 3,
          "Plan Width": 8,
          "Actual Startup Time": 114.391,
          "Actual Total Time": 124.255,
          "Actual Rows": 4,
          "Actual Loops": 1,
          "Workers Planned": 3,
          "Workers Launched": 3,
          "Single Copy": false,
          "Plans": [
            {
              "Node Type": "Aggregate",
              "Strategy": "Plain",
              "Partial Mode": "Partial",
              "Parent Relationship": "Outer",
              "Parallel Aware": false,
              "Startup Cost": 43503.98,
              "Total Cost": 43503.99,
              "Plan Rows": 1,
              "Plan Width": 8,
              "Actual Startup Time": 110.768,
              "Actual Total Time": 110.769,
              "Actual Rows": 1,
              "Actual Loops": 4,
              "Plans": [
                {
                  "Node Type": "Seq Scan",
                  "Parent Relationship": "Outer",
                  "Parallel Aware": true,
                  "Relation Name": "movie_keyword",
                  "Alias": "mk",
                  "Startup Cost": 0.0,
                  "Total Cost": 42695.65,
                  "Plan Rows": 323329,
                  "Plan Width": 0,
                  "Actual Startup Time": 1.853,
                  "Actual Total Time": 98.729,
                  "Actual Rows": 251023,
                  "Actual Loops": 4,
                  "Filter": "(keyword_id > 18362)",
                  "Rows Removed by Filter": 879960
                }
              ]
            }
          ]
        }
      ]
    },
    "Planning Time": 0.112,
    "Triggers": [],
    "Execution Time": 124.303
  }
]