{
  "Plan": {
    "Node Type": "Aggregate",
    "Strategy": "Plain",
    "Partial Mode": "Finalize",
    "Parallel Aware": false,
    "Startup Cost": 98439.6,
    "Total Cost": 98439.61,
    "Plan Rows": 1,
    "Plan Width": 8,
    "Actual Startup Time": 524.752,
    "Actual Total Time": 534.988,
    "Actual Rows": 1,
    "Actual Loops": 1,
    "Plans": [
      {
        "Node Type": "Gather",
        "Parent Relationship": "Outer",
        "Parallel Aware": false,
        "Startup Cost": 98439.49,
        "Total Cost": 98439.6,
        "Plan Rows": 1,
        "Plan Width": 8,
        "Actual Startup Time": 523.067,
        "Actual Total Time": 534.978,
        "Actual Rows": 2,
        "Actual Loops": 1,
        "Workers Planned": 1,
        "Workers Launched": 1,
        "Single Copy": false,
        "Plans": [
          {
            "Node Type": "Aggregate",
            "Strategy": "Plain",
            "Partial Mode": "Partial",
            "Parent Relationship": "Outer",
            "Parallel Aware": false,
            "Startup Cost": 97439.49,
            "Total Cost": 97439.5,
            "Plan Rows": 1,
            "Plan Width": 8,
            "Actual Startup Time": 517.27,
            "Actual Total Time": 517.275,
            "Actual Rows": 1,
            "Actual Loops": 2,
            "Plans": [
              {
                "Node Type": "Hash Join",
                "Parent Relationship": "Outer",
                "Parallel Aware": true,
                "Join Type": "Inner",
                "Startup Cost": 58341.09,
                "Total Cost": 96507.72,
                "Plan Rows": 372706,
                "Plan Width": 0,
                "Actual Startup Time": 216.237,
                "Actual Total Time": 494.522,
                "Actual Rows": 536688,
                "Actual Loops": 2,
                "Inner Unique": true,
                "Hash Cond": "(mc.movie_id = t.id)",
                "Plans": [
                  {
                    "Node Type": "Seq Scan",
                    "Parent Relationship": "Outer",
                    "Parallel Aware": true,
                    "Relation Name": "movie_companies",
                    "Alias": "mc",
                    "Startup Cost": 0.0,
                    "Total Cost": 34137.82,
                    "Plan Rows": 1534782,
                    "Plan Width": 4,
                    "Actual Startup Time": 0.023,
                    "Actual Total Time": 98.754,
                    "Actual Rows": 1304564,
                    "Actual Loops": 2
                  },
                  {
                    "Node Type": "Hash",
                    "Parent Relationship": "Inner",
                    "Parallel Aware": true,
                    "Startup Cost": 53826.6,
                    "Total Cost": 53826.6,
                    "Plan Rows": 361159,
                    "Plan Width": 4,
                    "Actual Startup Time": 160.859,
                    "Actual Total Time": 160.86,
                    "Actual Rows": 269230,
                    "Actual Loops": 2,
                    "Hash Buckets": 1048576,
                    "Original Hash Buckets": 1048576,
                    "Hash Batches": 1,
                    "Original Hash Batches": 1,
                    "Peak Memory Usage": 29312,
                    "Plans": [
                      {
                        "Node Type": "Bitmap Heap Scan",
                        "Parent Relationship": "Outer",
                        "Parallel Aware": true,
                        "Relation Name": "title",
                        "Alias": "t",
                        "Startup Cost": 11976.34,
                        "Total Cost": 53826.6,
                        "Plan Rows": 361159,
                        "Plan Width": 4,
                        "Actual Startup Time": 31.182,
                        "Actual Total Time": 98.284,
                        "Actual Rows": 269230,
                        "Actual Loops": 2,
                        "Recheck Cond": "(kind_id = 1)",
                        "Rows Removed by Index Recheck": 0,
                        "Filter": "(production_year > 1930)",
                        "Rows Removed by Filter": 62182,
                        "Exact Heap Blocks": 7774,
                        "Lossy Heap Blocks": 0,
                        "Plans": [
                          {
                            "Node Type": "Bitmap Index Scan",
                            "Parent Relationship": "Outer",
                            "Parallel Aware": false,
                            "Index Name": "kind_id_title",
                            "Startup Cost": 0.0,
                            "Total Cost": 11822.85,
                            "Plan Rows": 663256,
                            "Plan Width": 0,
                            "Actual Startup Time": 29.367,
                            "Actual Total Time": 29.367,
                            "Actual Rows": 662825,
                            "Actual Loops": 1,
                            "Index Cond": "(kind_id = 1)"
                          }
                        ]
                      }
                    ]
                  }
                ]
              }
            ]
          }
        ]
      }
    ]
  },
  "Planning Time": 0.497,
  "Triggers": [],
  "Execution Time": 535.081
}