[
    {
        "Bao": {
            "Bao prediction": "NaN",
            "Bao recommended hint": "(no hint)"
        }
    },
    {
        "Plan": {
            "Node Type": "Aggregate",
            "Strategy": "Plain",
            "Partial Mode": "Finalize",
            "Parallel Aware": false,
            "Startup Cost": 272548.07,
            "Total Cost": 272548.08,
            "Plan Rows": 1,
            "Plan Width": 8,
            "Actual Startup Time": 67.255,
            "Actual Total Time": 76.595,
            "Actual Rows": 1,
            "Actual Loops": 1,
            "Output": [
                "count(*)"
            ],
            "Plans": [
                {
                    "Node Type": "Gather",
                    "Parent Relationship": "Outer",
                    "Parallel Aware": false,
                    "Startup Cost": 272547.54,
                    "Total Cost": 272548.05,
                    "Plan Rows": 5,
                    "Plan Width": 8,
                    "Actual Startup Time": 66.96,
                    "Actual Total Time": 76.587,
                    "Actual Rows": 6,
                    "Actual Loops": 1,
                    "Output": [
                        "(PARTIAL count(*))"
                    ],
                    "Workers Planned": 5,
                    "Workers Launched": 5,
                    "Single Copy": false,
                    "Plans": [
                        {
                            "Node Type": "Aggregate",
                            "Strategy": "Plain",
                            "Partial Mode": "Partial",
                            "Parent Relationship": "Outer",
                            "Parallel Aware": false,
                            "Startup Cost": 271547.54,
                            "Total Cost": 271547.55,
                            "Plan Rows": 1,
                            "Plan Width": 8,
                            "Actual Startup Time": 56.388,
                            "Actual Total Time": 56.39,
                            "Actual Rows": 1,
                            "Actual Loops": 6,
                            "Output": [
                                "PARTIAL count(*)"
                            ],
                            "Workers": [
                                {
                                    "Worker Number": 0,
                                    "Actual Startup Time": 53.985,
                                    "Actual Total Time": 53.987,
                                    "Actual Rows": 1,
                                    "Actual Loops": 1
                                },
                                {
                                    "Worker Number": 1,
                                    "Actual Startup Time": 54.128,
                                    "Actual Total Time": 54.129,
                                    "Actual Rows": 1,
                                    "Actual Loops": 1
                                },
                                {
                                    "Worker Number": 2,
                                    "Actual Startup Time": 54.47,
                                    "Actual Total Time": 54.472,
                                    "Actual Rows": 1,
                                    "Actual Loops": 1
                                },
                                {
                                    "Worker Number": 3,
                                    "Actual Startup Time": 54.408,
                                    "Actual Total Time": 54.41,
                                    "Actual Rows": 1,
                                    "Actual Loops": 1
                                },
                                {
                                    "Worker Number": 4,
                                    "Actual Startup Time": 55.225,
                                    "Actual Total Time": 55.226,
                                    "Actual Rows": 1,
                                    "Actual Loops": 1
                                }
                            ],
                            "Plans": [
                                {
                                    "Node Type": "Nested Loop",
                                    "Parent Relationship": "Outer",
                                    "Parallel Aware": false,
                                    "Join Type": "Inner",
                                    "Startup Cost": 3265.52,
                                    "Total Cost": 271538.82,
                                    "Plan Rows": 3491,
                                    "Plan Width": 0,
                                    "Actual Startup Time": 5.321,
                                    "Actual Total Time": 56.121,
                                    "Actual Rows": 2194,
                                    "Actual Loops": 6,
                                    "Inner Unique": true,
                                    "Workers": [
                                        {
                                            "Worker Number": 0,
                                            "Actual Startup Time": 3.0,
                                            "Actual Total Time": 53.698,
                                            "Actual Rows": 1443,
                                            "Actual Loops": 1
                                        },
                                        {
                                            "Worker Number": 1,
                                            "Actual Startup Time": 3.132,
                                            "Actual Total Time": 53.862,
                                            "Actual Rows": 1362,
                                            "Actual Loops": 1
                                        },
                                        {
                                            "Worker Number": 2,
                                            "Actual Startup Time": 3.345,
                                            "Actual Total Time": 54.268,
                                            "Actual Rows": 969,
                                            "Actual Loops": 1
                                        },
                                        {
                                            "Worker Number": 3,
                                            "Actual Startup Time": 3.32,
                                            "Actual Total Time": 54.168,
                                            "Actual Rows": 1776,
                                            "Actual Loops": 1
                                        },
                                        {
                                            "Worker Number": 4,
                                            "Actual Startup Time": 4.181,
                                            "Actual Total Time": 54.974,
                                            "Actual Rows": 1246,
                                            "Actual Loops": 1
                                        }
                                    ],
                                    "Plans": [
                                        {
                                            "Node Type": "Bitmap Heap Scan",
                                            "Parent Relationship": "Outer",
                                            "Parallel Aware": true,
                                            "Relation Name": "cast_info",
                                            "Schema": "public",
                                            "Alias": "ci",
                                            "Startup Cost": 3265.09,
                                            "Total Cost": 230931.92,
                                            "Plan Rows": 13146,
                                            "Plan Width": 4,
                                            "Actual Startup Time": 5.172,
                                            "Actual Total Time": 7.543,
                                            "Actual Rows": 6064,
                                            "Actual Loops": 6,
                                            "Output": [
                                                "ci.id",
                                                "ci.person_id",
                                                "ci.movie_id",
                                                "ci.person_role_id",
                                                "ci.note",
                                                "ci.nr_order",
                                                "ci.role_id"
                                            ],
                                            "Recheck Cond": "(ci.person_id < 17444)",
                                            "Rows Removed by Index Recheck": 0,
                                            "Filter": "(ci.role_id > 2)",
                                            "Rows Removed by Filter": 17656,
                                            "Exact Heap Blocks": 978,
                                            "Lossy Heap Blocks": 0,
                                            "Workers": [
                                                {
                                                    "Worker Number": 0,
                                                    "Actual Startup Time": 2.839,
                                                    "Actual Total Time": 5.065,
                                                    "Actual Rows": 3496,
                                                    "Actual Loops": 1
                                                },
                                                {
                                                    "Worker Number": 1,
                                                    "Actual Startup Time": 2.927,
                                                    "Actual Total Time": 5.113,
                                                    "Actual Rows": 3450,
                                                    "Actual Loops": 1
                                                },
                                                {
                                                    "Worker Number": 2,
                                                    "Actual Startup Time": 3.179,
                                                    "Actual Total Time": 5.379,
                                                    "Actual Rows": 3910,
                                                    "Actual Loops": 1
                                                },
                                                {
                                                    "Worker Number": 3,
                                                    "Actual Startup Time": 3.14,
                                                    "Actual Total Time": 5.215,
                                                    "Actual Rows": 4516,
                                                    "Actual Loops": 1
                                                },
                                                {
                                                    "Worker Number": 4,
                                                    "Actual Startup Time": 4.022,
                                                    "Actual Total Time": 6.197,
                                                    "Actual Rows": 3480,
                                                    "Actual Loops": 1
                                                }
                                            ],
                                            "Plans": [
                                                {
                                                    "Node Type": "Bitmap Index Scan",
                                                    "Parent Relationship": "Outer",
                                                    "Parallel Aware": false,
                                                    "Index Name": "person_id_cast_info",
                                                    "Startup Cost": 0.0,
                                                    "Total Cost": 3248.66,
                                                    "Plan Rows": 148813,
                                                    "Plan Width": 0,
                                                    "Actual Startup Time": 5.769,
                                                    "Actual Total Time": 5.77,
                                                    "Actual Rows": 142320,
                                                    "Actual Loops": 1,
                                                    "Index Cond": "(ci.person_id < 17444)"
                                                }
                                            ]
                                        },
                                        {
                                            "Node Type": "Index Scan",
                                            "Parent Relationship": "Inner",
                                            "Parallel Aware": false,
                                            "Scan Direction": "Forward",
                                            "Index Name": "title_pkey",
                                            "Relation Name": "title",
                                            "Schema": "public",
                                            "Alias": "t",
                                            "Startup Cost": 0.43,
                                            "Total Cost": 3.09,
                                            "Plan Rows": 1,
                                            "Plan Width": 4,
                                            "Actual Startup Time": 0.008,
                                            "Actual Total Time": 0.008,
                                            "Actual Rows": 0,
                                            "Actual Loops": 36385,
                                            "Output": [
                                                "t.id",
                                                "t.title",
                                                "t.imdb_index",
                                                "t.kind_id",
                                                "t.production_year",
                                                "t.imdb_id",
                                                "t.phonetic_code",
                                                "t.episode_of_id",
                                                "t.season_nr",
                                                "t.episode_nr",
                                                "t.series_years",
                                                "t.md5sum"
                                            ],
                                            "Index Cond": "(t.id = ci.movie_id)",
                                            "Rows Removed by Index Recheck": 0,
                                            "Filter": "(t.kind_id = 1)",
                                            "Rows Removed by Filter": 1,
                                            "Workers": [
                                                {
                                                    "Worker Number": 0,
                                                    "Actual Startup Time": 0.013,
                                                    "Actual Total Time": 0.013,
                                                    "Actual Rows": 0,
                                                    "Actual Loops": 3496
                                                },
                                                {
                                                    "Worker Number": 1,
                                                    "Actual Startup Time": 0.013,
                                                    "Actual Total Time": 0.013,
                                                    "Actual Rows": 0,
                                                    "Actual Loops": 3450
                                                },
                                                {
                                                    "Worker Number": 2,
                                                    "Actual Startup Time": 0.012,
                                                    "Actual Total Time": 0.012,
                                                    "Actual Rows": 0,
                                                    "Actual Loops": 3910
                                                },
                                                {
                                                    "Worker Number": 3,
                                                    "Actual Startup Time": 0.01,
                                                    "Actual Total Time": 0.01,
                                                    "Actual Rows": 0,
                                                    "Actual Loops": 4516
                                                },
                                                {
                                                    "Worker Number": 4,
                                                    "Actual Startup Time": 0.013,
                                                    "Actual Total Time": 0.013,
                                                    "Actual Rows": 0,
                                                    "Actual Loops": 3480
                                                }
                                            ]
                                        }
                                    ]
                                }
                            ]
                        }
                    ]
                }
            ]
        },
        "Planning Time": 188.864,
        "Triggers": [],
        "Execution Time": 76.716
    }
]