[
  {
    "Plan": {
      "Node Type": "Aggregate",
      "Strategy": "Plain",
      "Partial Mode": "Finalize",
      "Parallel Aware": false,
      "Startup Cost": 236474.4,
      "Total Cost": 236474.41,
      "Plan Rows": 1,
      "Plan Width": 8,
      "Actual Startup Time": 220.422,
      "Actual Total Time": 235.903,
      "Actual Rows": 1,
      "Actual Loops": 1,
      "Plans": [
        {
          "Node Type": "Gather",
          "Parent Relationship": "Outer",
          "Parallel Aware": false,
          "Startup Cost": 236473.88,
          "Total Cost": 236474.39,
          "Plan Rows": 5,
          "Plan Width": 8,
          "Actual Startup Time": 219.697,
          "Actual Total Time": 235.886,
          "Actual Rows": 6,
          "Actual Loops": 1,
          "Workers Planned": 5,
          "Workers Launched": 5,
          "Single Copy": false,
          "Plans": [
            {
              "Node Type": "Aggregate",
              "Strategy": "Plain",
              "Partial Mode": "Partial",
              "Parent Relationship": "Outer",
              "Parallel Aware": false,
              "Startup Cost": 235473.88,
              "Total Cost": 235473.89,
              "Plan Rows": 1,
              "Plan Width": 8,
              "Actual Startup Time": 210.271,
              "Actual Total Time": 210.276,
              "Actual Rows": 1,
              "Actual Loops": 6,
              "Plans": [
                {
                  "Node Type": "Hash Join",
                  "Parent Relationship": "Outer",
                  "Parallel Aware": true,
                  "Join Type": "Inner",
                  "Startup Cost": 69486.18,
                  "Total Cost": 235450.67,
                  "Plan Rows": 9281,
                  "Plan Width": 0,
                  "Actual Startup Time": 134.607,
                  "Actual Total Time": 209.773,
                  "Actual Rows": 5674,
                  "Actual Loops": 6,
                  "Inner Unique": true,
                  "Hash Cond": "(mi.movie_id = t.id)",
                  "Plans": [
                    {
                      "Node Type": "Bitmap Heap Scan",
                      "Parent Relationship": "Outer",
                      "Parallel Aware": true,
                      "Relation Name": "movie_info",
                      "Alias": "mi",
                      "Startup Cost": 23727.33,
                      "Total Cost": 189002.56,
                      "Plan Rows": 262578,
                      "Plan Width": 4,
                      "Actual Startup Time": 43.084,
                      "Actual Total Time": 79.135,
                      "Actual Rows": 220894,
                      "Actual Loops": 6,
                      "Recheck Cond": "(info_type_id = 8)",
                      "Rows Removed by Index Recheck": 0,
                      "Exact Heap Blocks": 1882,
                      "Lossy Heap Blocks": 0,
                      "Plans": [
                        {
                          "Node Type": "Bitmap Index Scan",
                          "Parent Relationship": "Outer",
                          "Parallel Aware": false,
                          "Index Name": "info_type_id_movie_info",
                          "Startup Cost": 0.0,
                          "Total Cost": 23399.11,
                          "Plan Rows": 1312890,
                          "Plan Width": 0,
                          "Actual Startup Time": 41.7,
                          "Actual Total Time": 41.703,
                          "Actual Rows": 1325361,
                          "Actual Loops": 1,
                          "Index Cond": "(info_type_id = 8)"
                        }
                      ]
                    },
                    {
                      "Node Type": "Hash",
                      "Parent Relationship": "Inner",
                      "Parallel Aware": true,
                      "Startup Cost": 45479.59,
                      "Total Cost": 45479.59,
                      "Plan Rows": 22341,
                      "Plan Width": 4,
                      "Actual Startup Time": 89.835,
                      "Actual Total Time": 89.837,
                      "Actual Rows": 16966,
                      "Actual Loops": 6,
                      "Hash Buckets": 131072,
                      "Original Hash Buckets": 131072,
                      "Hash Batches": 1,
                      "Original Hash Batches": 1,
                      "Peak Memory Usage": 5120,
                      "Plans": [
                        {
                          "Node Type": "Seq Scan",
                          "Parent Relationship": "Outer",
                          "Parallel Aware": true,
                          "Relation Name": "title",
                          "Alias": "t",
                          "Startup Cost": 0.0,
                          "Total Cost": 45479.59,
                          "Plan Rows": 22341,
                          "Plan Width": 4,
                          "Actual Startup Time": 0.057,
                          "Actual Total Time": 81.852,
                          "Actual Rows": 16966,
                          "Actual Loops": 6,
                          "Filter": "((kind_id > 1) AND (production_year = 2007))",
                          "Rows Removed by Filter": 404420
                        }
                      ]
                    }
                  ]
                }
              ]
            }
          ]
        }
      ]
    },
    "Planning Time": 0.664,
    "Triggers": [],
    "Execution Time": 236.025
  }
]