[
  {
    "Plan": {
      "Node Type": "Aggregate",
      "Strategy": "Plain",
      "Partial Mode": "Finalize",
      "Parallel Aware": false,
      "Startup Cost": 29509.08,
      "Total Cost": 29509.09,
      "Plan Rows": 1,
      "Plan Width": 8,
      "Actual Startup Time": 55.335,
      "Actual Total Time": 59.057,
      "Actual Rows": 1,
      "Actual Loops": 1,
      "Plans": [
        {
          "Node Type": "Gather",
          "Parent Relationship": "Outer",
          "Parallel Aware": false,
          "Startup Cost": 29508.76,
          "Total Cost": 29509.07,
          "Plan Rows": 3,
          "Plan Width": 8,
          "Actual Startup Time": 55.197,
          "Actual Total Time": 59.05,
          "Actual Rows": 4,
          "Actual Loops": 1,
          "Workers Planned": 3,
          "Workers Launched": 3,
          "Single Copy": false,
          "Plans": [
            {
              "Node Type": "Aggregate",
              "Strategy": "Plain",
              "Partial Mode": "Partial",
              "Parent Relationship": "Outer",
              "Parallel Aware": false,
              "Startup Cost": 28508.76,
              "Total Cost": 28508.77,
              "Plan Rows": 1,
              "Plan Width": 8,
              "Actual Startup Time": 49.67,
              "Actual Total Time": 49.671,
              "Actual Rows": 1,
              "Actual Loops": 4,
              "Plans": [
                {
                  "Node Type": "Bitmap Heap Scan",
                  "Parent Relationship": "Outer",
                  "Parallel Aware": true,
                  "Relation Name": "movie_companies",
                  "Alias": "mc",
                  "Startup Cost": 7945.15,
                  "Total Cost": 28213.16,
                  "Plan Rows": 118240,
                  "Plan Width": 0,
                  "Actual Startup Time": 15.329,
                  "Actual Total Time": 44.087,
                  "Actual Rows": 90966,
                  "Actual Loops": 4,
                  "Recheck Cond": "(company_id > 86300)",
                  "Rows Removed by Index Recheck": 0,
                  "Exact Heap Blocks": 2922,
                  "Lossy Heap Blocks": 0,
                  "Plans": [
                    {
                      "Node Type": "Bitmap Index Scan",
                      "Parent Relationship": "Outer",
                      "Parallel Aware": false,
                      "Index Name": "company_id_movie_companies",
                      "Startup Cost": 0.0,
                      "Total Cost": 7853.52,
                      "Plan Rows": 366545,
                      "Plan Width": 0,
                      "Actual Startup Time": 19.536,
                      "Actual Total Time": 19.536,
                      "Actual Rows": 363862,
                      "Actual Loops": 1,
                      "Index Cond": "(company_id > 86300)"
                    }
                  ]
                }
              ]
            }
          ]
        }
      ]
    },
    "Planning Time": 0.184,
    "Triggers": [],
    "Execution Time": 59.125
  }
]