[
  {
    "Plan": {
      "Node Type": "Aggregate",
      "Strategy": "Plain",
      "Partial Mode": "Finalize",
      "Parallel Aware": false,
      "Startup Cost": 349351.43,
      "Total Cost": 349351.44,
      "Plan Rows": 1,
      "Plan Width": 8,
      "Actual Startup Time": 863.531,
      "Actual Total Time": 920.985,
      "Actual Rows": 1,
      "Actual Loops": 1,
      "Plans": [
        {
          "Node Type": "Gather",
          "Parent Relationship": "Outer",
          "Parallel Aware": false,
          "Startup Cost": 349350.8,
          "Total Cost": 349351.41,
          "Plan Rows": 6,
          "Plan Width": 8,
          "Actual Startup Time": 863.346,
          "Actual Total Time": 920.973,
          "Actual Rows": 7,
          "Actual Loops": 1,
          "Workers Planned": 6,
          "Workers Launched": 6,
          "Single Copy": false,
          "Plans": [
            {
              "Node Type": "Aggregate",
              "Strategy": "Plain",
              "Partial Mode": "Partial",
              "Parent Relationship": "Outer",
              "Parallel Aware": false,
              "Startup Cost": 348350.8,
              "Total Cost": 348350.82,
              "Plan Rows": 1,
              "Plan Width": 8,
              "Actual Startup Time": 854.887,
              "Actual Total Time": 854.888,
              "Actual Rows": 1,
              "Actual Loops": 7,
              "Plans": [
                {
                  "Node Type": "Seq Scan",
                  "Parent Relationship": "Outer",
                  "Parallel Aware": true,
                  "Relation Name": "cast_info",
                  "Alias": "ci",
                  "Startup Cost": 0.0,
                  "Total Cost": 343316.27,
                  "Plan Rows": 2013814,
                  "Plan Width": 0,
                  "Actual Startup Time": 388.55,
                  "Actual Total Time": 749.078,
                  "Actual Rows": 1945720,
                  "Actual Loops": 7,
                  "Filter": "((person_id > 882553) AND (role_id > 2))",
                  "Rows Removed by Filter": 3232044
                }
              ]
            }
          ]
        }
      ]
    },
    "Planning Time": 0.094,
    "Triggers": [],
    "Execution Time": 921.027
  }
]