[
  {
    "Plan": {
      "Node Type": "Aggregate",
      "Strategy": "Plain",
      "Partial Mode": "Finalize",
      "Parallel Aware": false,
      "Startup Cost": 45258.04,
      "Total Cost": 45258.05,
      "Plan Rows": 1,
      "Plan Width": 8,
      "Actual Startup Time": 166.97,
      "Actual Total Time": 178.438,
      "Actual Rows": 1,
      "Actual Loops": 1,
      "Plans": [
        {
          "Node Type": "Gather",
          "Parent Relationship": "Outer",
          "Parallel Aware": false,
          "Startup Cost": 45257.72,
          "Total Cost": 45258.03,
          "Plan Rows": 3,
          "Plan Width": 8,
          "Actual Startup Time": 166.862,
          "Actual Total Time": 178.428,
          "Actual Rows": 4,
          "Actual Loops": 1,
          "Workers Planned": 3,
          "Workers Launched": 3,
          "Single Copy": false,
          "Plans": [
            {
              "Node Type": "Aggregate",
              "Strategy": "Plain",
              "Partial Mode": "Partial",
              "Parent Relationship": "Outer",
              "Parallel Aware": false,
              "Startup Cost": 44257.72,
              "Total Cost": 44257.73,
              "Plan Rows": 1,
              "Plan Width": 8,
              "Actual Startup Time": 160.058,
              "Actual Total Time": 160.059,
              "Actual Rows": 1,
              "Actual Loops": 4,
              "Plans": [
                {
                  "Node Type": "Seq Scan",
                  "Parent Relationship": "Outer",
                  "Parallel Aware": true,
                  "Relation Name": "movie_keyword",
                  "Alias": "mk",
                  "Startup Cost": 0.0,
                  "Total Cost": 42695.65,
                  "Plan Rows": 624826,
                  "Plan Width": 0,
                  "Actual Startup Time": 0.049,
                  "Actual Total Time": 132.176,
                  "Actual Rows": 486308,
                  "Actual Loops": 4,
                  "Filter": "(keyword_id < 3357)",
                  "Rows Removed by Filter": 644675
                }
              ]
            }
          ]
        }
      ]
    },
    "Planning Time": 0.087,
    "Triggers": [],
    "Execution Time": 178.468
  }
]