[
  {
    "Plan": {
      "Node Type": "Aggregate",
      "Strategy": "Plain",
      "Partial Mode": "Finalize",
      "Parallel Aware": false,
      "Startup Cost": 121869.32,
      "Total Cost": 121869.33,
      "Plan Rows": 1,
      "Plan Width": 8,
      "Actual Startup Time": 195.113,
      "Actual Total Time": 206.384,
      "Actual Rows": 1,
      "Actual Loops": 1,
      "Plans": [
        {
          "Node Type": "Gather",
          "Parent Relationship": "Outer",
          "Parallel Aware": false,
          "Startup Cost": 121868.8,
          "Total Cost": 121869.31,
          "Plan Rows": 5,
          "Plan Width": 8,
          "Actual Startup Time": 194.993,
          "Actual Total Time": 206.371,
          "Actual Rows": 6,
          "Actual Loops": 1,
          "Workers Planned": 5,
          "Workers Launched": 5,
          "Single Copy": false,
          "Plans": [
            {
              "Node Type": "Aggregate",
              "Strategy": "Plain",
              "Partial Mode": "Partial",
              "Parent Relationship": "Outer",
              "Parallel Aware": false,
              "Startup Cost": 120868.8,
              "Total Cost": 120868.81,
              "Plan Rows": 1,
              "Plan Width": 8,
              "Actual Startup Time": 185.995,
              "Actual Total Time": 185.996,
              "Actual Rows": 1,
              "Actual Loops": 6,
              "Plans": [
                {
                  "Node Type": "Index Scan",
                  "Parent Relationship": "Outer",
                  "Parallel Aware": true,
                  "Scan Direction": "Forward",
                  "Index Name": "role_id_cast_info",
                  "Relation Name": "cast_info",
                  "Alias": "ci",
                  "Startup Cost": 0.56,
                  "Total Cost": 119623.46,
                  "Plan Rows": 498138,
                  "Plan Width": 0,
                  "Actual Startup Time": 0.139,
                  "Actual Total Time": 156.379,
                  "Actual Rows": 618750,
                  "Actual Loops": 6,
                  "Index Cond": "(role_id = 10)",
                  "Rows Removed by Index Recheck": 0,
                  "Filter": "(person_id > 1539363)",
                  "Rows Removed by Filter": 101753
                }
              ]
            }
          ]
        }
      ]
    },
    "Planning Time": 0.191,
    "Triggers": [],
    "Execution Time": 206.438
  }
]