{
  "Plan": {
    "Node Type": "Aggregate",
    "Strategy": "Plain",
    "Partial Mode": "Finalize",
    "Parallel Aware": false,
    "Startup Cost": 180300.95,
    "Total Cost": 180300.96,
    "Plan Rows": 1,
    "Plan Width": 8,
    "Actual Startup Time": 1172.685,
    "Actual Total Time": 1198.161,
    "Actual Rows": 1,
    "Actual Loops": 1,
    "Plans": [
      {
        "Node Type": "Gather",
        "Parent Relationship": "Outer",
        "Parallel Aware": false,
        "Startup Cost": 180300.84,
        "Total Cost": 180300.95,
        "Plan Rows": 1,
        "Plan Width": 8,
        "Actual Startup Time": 1168.772,
        "Actual Total Time": 1198.154,
        "Actual Rows": 2,
        "Actual Loops": 1,
        "Workers Planned": 1,
        "Workers Launched": 1,
        "Single Copy": false,
        "Plans": [
          {
            "Node Type": "Aggregate",
            "Strategy": "Plain",
            "Partial Mode": "Partial",
            "Parent Relationship": "Outer",
            "Parallel Aware": false,
            "Startup Cost": 179300.84,
            "Total Cost": 179300.85,
            "Plan Rows": 1,
            "Plan Width": 8,
            "Actual Startup Time": 1161.908,
            "Actual Total Time": 1161.914,
            "Actual Rows": 1,
            "Actual Loops": 2,
            "Plans": [
              {
                "Node Type": "Hash Join",
                "Parent Relationship": "Outer",
                "Parallel Aware": true,
                "Join Type": "Inner",
                "Startup Cost": 112579.25,
                "Total Cost": 178980.78,
                "Plan Rows": 128024,
                "Plan Width": 0,
                "Actual Startup Time": 718.941,
                "Actual Total Time": 1155.164,
                "Actual Rows": 161552,
                "Actual Loops": 2,
                "Inner Unique": false,
                "Hash Cond": "(t.id = mc.movie_id)",
                "Plans": [
                  {
                    "Node Type": "Hash Join",
                    "Parent Relationship": "Outer",
                    "Parallel Aware": true,
                    "Join Type": "Inner",
                    "Startup Cost": 69460.7,
                    "Total Cost": 129524.46,
                    "Plan Rows": 893551,
                    "Plan Width": 8,
                    "Actual Startup Time": 563.541,
                    "Actual Total Time": 907.467,
                    "Actual Rows": 769417,
                    "Actual Loops": 2,
                    "Inner Unique": true,
                    "Hash Cond": "(mk.movie_id = t.id)",
                    "Plans": [
                      {
                        "Node Type": "Seq Scan",
                        "Parent Relationship": "Outer",
                        "Parallel Aware": true,
                        "Relation Name": "movie_keyword",
                        "Alias": "mk",
                        "Startup Cost": 0.0,
                        "Total Cost": 57718.19,
                        "Plan Rows": 893551,
                        "Plan Width": 4,
                        "Actual Startup Time": 0.01,
                        "Actual Total Time": 172.509,
                        "Actual Rows": 769417,
                        "Actual Loops": 2,
                        "Filter": "(keyword_id < 2254)",
                        "Rows Removed by Filter": 1492548
                      },
                      {
                        "Node Type": "Hash",
                        "Parent Relationship": "Inner",
                        "Parallel Aware": true,
                        "Startup Cost": 50870.31,
                        "Total Cost": 50870.31,
                        "Plan Rows": 1487231,
                        "Plan Width": 4,
                        "Actual Startup Time": 551.087,
                        "Actual Total Time": 551.088,
                        "Actual Rows": 1264156,
                        "Actual Loops": 2,
                        "Hash Buckets": 4194304,
                        "Original Hash Buckets": 4194304,
                        "Hash Batches": 1,
                        "Original Hash Batches": 1,
                        "Peak Memory Usage": 131712,
                        "Plans": [
                          {
                            "Node Type": "Seq Scan",
                            "Parent Relationship": "Outer",
                            "Parallel Aware": true,
                            "Relation Name": "title",
                            "Alias": "t",
                            "Startup Cost": 0.0,
                            "Total Cost": 50870.31,
                            "Plan Rows": 1487231,
                            "Plan Width": 4,
                            "Actual Startup Time": 0.019,
                            "Actual Total Time": 152.605,
                            "Actual Rows": 1264156,
                            "Actual Loops": 2
                          }
                        ]
                      }
                    ]
                  },
                  {
                    "Node Type": "Hash",
                    "Parent Relationship": "Inner",
                    "Parallel Aware": true,
                    "Startup Cost": 40455.0,
                    "Total Cost": 40455.0,
                    "Plan Rows": 213084,
                    "Plan Width": 4,
                    "Actual Startup Time": 149.371,
                    "Actual Total Time": 149.372,
                    "Actual Rows": 103442,
                    "Actual Loops": 2,
                    "Hash Buckets": 524288,
                    "Original Hash Buckets": 524288,
                    "Hash Batches": 1,
                    "Original Hash Batches": 1,
                    "Peak Memory Usage": 12224,
                    "Plans": [
                      {
                        "Node Type": "Bitmap Heap Scan",
                        "Parent Relationship": "Outer",
                        "Parallel Aware": true,
                        "Relation Name": "movie_companies",
                        "Alias": "mc",
                        "Startup Cost": 15369.86,
                        "Total Cost": 40455.0,
                        "Plan Rows": 213084,
                        "Plan Width": 4,
                        "Actual Startup Time": 94.606,
                        "Actual Total Time": 122.517,
                        "Actual Rows": 103442,
                        "Actual Loops": 2,
                        "Recheck Cond": "(company_id < 1351)",
                        "Rows Removed by Index Recheck": 0,
                        "Filter": "(company_type_id = 2)",
                        "Rows Removed by Filter": 250996,
                        "Exact Heap Blocks": 12817,
                        "Lossy Heap Blocks": 0,
                        "Plans": [
                          {
                            "Node Type": "Bitmap Index Scan",
                            "Parent Relationship": "Outer",
                            "Parallel Aware": false,
                            "Index Name": "company_id_movie_companies",
                            "Startup Cost": 0.0,
                            "Total Cost": 15279.3,
                            "Plan Rows": 713449,
                            "Plan Width": 0,
                            "Actual Startup Time": 43.119,
                            "Actual Total Time": 43.119,
                            "Actual Rows": 708876,
                            "Actual Loops": 1,
                            "Index Cond": "(company_id < 1351)"
                          }
                        ]
                      }
                    ]
                  }
                ]
              }
            ]
          }
        ]
      }
    ]
  },
  "Planning Time": 0.947,
  "Triggers": [],
  "Execution Time": 1198.26
}