[
  {
    "Plan": {
      "Node Type": "Aggregate",
      "Strategy": "Plain",
      "Partial Mode": "Finalize",
      "Parallel Aware": false,
      "Startup Cost": 160176.61,
      "Total Cost": 160176.62,
      "Plan Rows": 1,
      "Plan Width": 8,
      "Actual Startup Time": 357.16,
      "Actual Total Time": 375.174,
      "Actual Rows": 1,
      "Actual Loops": 1,
      "Plans": [
        {
          "Node Type": "Gather",
          "Parent Relationship": "Outer",
          "Parallel Aware": false,
          "Startup Cost": 160176.09,
          "Total Cost": 160176.6,
          "Plan Rows": 5,
          "Plan Width": 8,
          "Actual Startup Time": 350.288,
          "Actual Total Time": 375.164,
          "Actual Rows": 6,
          "Actual Loops": 1,
          "Workers Planned": 5,
          "Workers Launched": 5,
          "Single Copy": false,
          "Plans": [
            {
              "Node Type": "Aggregate",
              "Strategy": "Plain",
              "Partial Mode": "Partial",
              "Parent Relationship": "Outer",
              "Parallel Aware": false,
              "Startup Cost": 159176.09,
              "Total Cost": 159176.1,
              "Plan Rows": 1,
              "Plan Width": 8,
              "Actual Startup Time": 339.969,
              "Actual Total Time": 339.973,
              "Actual Rows": 1,
              "Actual Loops": 6,
              "Plans": [
                {
                  "Node Type": "Hash Join",
                  "Parent Relationship": "Outer",
                  "Parallel Aware": true,
                  "Join Type": "Inner",
                  "Startup Cost": 47675.74,
                  "Total Cost": 158951.57,
                  "Plan Rows": 89807,
                  "Plan Width": 0,
                  "Actual Startup Time": 149.242,
                  "Actual Total Time": 337.835,
                  "Actual Rows": 41272,
                  "Actual Loops": 6,
                  "Inner Unique": true,
                  "Hash Cond": "(ci.movie_id = t.id)",
                  "Plans": [
                    {
                      "Node Type": "Index Scan",
                      "Parent Relationship": "Outer",
                      "Parallel Aware": true,
                      "Scan Direction": "Forward",
                      "Index Name": "role_id_cast_info",
                      "Relation Name": "cast_info",
                      "Alias": "ci",
                      "Startup Cost": 0.56,
                      "Total Cost": 110428.26,
                      "Plan Rows": 323103,
                      "Plan Width": 4,
                      "Actual Startup Time": 0.228,
                      "Actual Total Time": 126.441,
                      "Actual Rows": 183416,
                      "Actual Loops": 6,
                      "Index Cond": "(role_id = 3)",
                      "Rows Removed by Index Recheck": 0,
                      "Filter": "(person_id < 1424802)",
                      "Rows Removed by Filter": 484590
                    },
                    {
                      "Node Type": "Hash",
                      "Parent Relationship": "Inner",
                      "Parallel Aware": true,
                      "Startup Cost": 45479.1,
                      "Total Cost": 45479.1,
                      "Plan Rows": 175686,
                      "Plan Width": 4,
                      "Actual Startup Time": 145.24,
                      "Actual Total Time": 145.241,
                      "Actual Rows": 124988,
                      "Actual Loops": 6,
                      "Hash Buckets": 1048576,
                      "Original Hash Buckets": 1048576,
                      "Hash Batches": 1,
                      "Original Hash Batches": 1,
                      "Peak Memory Usage": 37632,
                      "Plans": [
                        {
                          "Node Type": "Seq Scan",
                          "Parent Relationship": "Outer",
                          "Parallel Aware": true,
                          "Relation Name": "title",
                          "Alias": "t",
                          "Startup Cost": 0.0,
                          "Total Cost": 45479.1,
                          "Plan Rows": 175686,
                          "Plan Width": 4,
                          "Actual Startup Time": 0.044,
                          "Actual Total Time": 87.593,
                          "Actual Rows": 124988,
                          "Actual Loops": 6,
                          "Filter": "((kind_id < 7) AND (production_year < 2009))",
                          "Rows Removed by Filter": 296397
                        }
                      ]
                    }
                  ]
                }
              ]
            }
          ]
        }
      ]
    },
    "Planning Time": 0.641,
    "Triggers": [],
    "Execution Time": 375.256
  }
]