[
  {
    "Plan": {
      "Node Type": "Aggregate",
      "Strategy": "Plain",
      "Partial Mode": "Simple",
      "Parallel Aware": false,
      "Startup Cost": 1359133.03,
      "Total Cost": 1359133.04,
      "Plan Rows": 1,
      "Plan Width": 64,
      "Actual Startup Time": 19670.326,
      "Actual Total Time": 19698.741,
      "Actual Rows": 1,
      "Actual Loops": 1,
      "Plans": [
        {
          "Node Type": "Merge Join",
          "Parent Relationship": "Outer",
          "Parallel Aware": false,
          "Join Type": "Inner",
          "Startup Cost": 1345670.91,
          "Total Cost": 1359133.03,
          "Plan Rows": 1,
          "Plan Width": 32,
          "Actual Startup Time": 19515.659,
          "Actual Total Time": 19698.708,
          "Actual Rows": 32,
          "Actual Loops": 1,
          "Inner Unique": false,
          "Merge Cond": "(n.id = pi.person_id)",
          "Plans": [
            {
              "Node Type": "Gather Merge",
              "Parent Relationship": "Outer",
              "Parallel Aware": false,
              "Startup Cost": 177010.74,
              "Total Cost": 190281.44,
              "Plan Rows": 76908,
              "Plan Width": 23,
              "Actual Startup Time": 972.193,
              "Actual Total Time": 1156.996,
              "Actual Rows": 88970,
              "Actual Loops": 1,
              "Workers Planned": 4,
              "Workers Launched": 4,
              "Plans": [
                {
                  "Node Type": "Merge Join",
                  "Parent Relationship": "Outer",
                  "Parallel Aware": false,
                  "Join Type": "Inner",
                  "Startup Cost": 176010.68,
                  "Total Cost": 180120.9,
                  "Plan Rows": 19227,
                  "Plan Width": 23,
                  "Actual Startup Time": 876.328,
                  "Actual Total Time": 958.322,
                  "Actual Rows": 17794,
                  "Actual Loops": 5,
                  "Inner Unique": false,
                  "Merge Cond": "(n.id = an.person_id)",
                  "Plans": [
                    {
                      "Node Type": "Sort",
                      "Parent Relationship": "Outer",
                      "Parallel Aware": false,
                      "Startup Cost": 89259.86,
                      "Total Cost": 89562.09,
                      "Plan Rows": 120890,
                      "Plan Width": 19,
                      "Actual Startup Time": 355.893,
                      "Actual Total Time": 367.732,
                      "Actual Rows": 108658,
                      "Actual Loops": 5,
                      "Sort Key": [
                        "n.id"
                      ],
                      "Sort Method": "quicksort",
                      "Sort Space Used": 17678,
                      "Sort Space Type": "Memory",
                      "Workers": [
                        {
                          "Worker Number": 0,
                          "Sort Method": "quicksort",
                          "Sort Space Used": 9186,
                          "Sort Space Type": "Memory"
                        },
                        {
                          "Worker Number": 1,
                          "Sort Method": "quicksort",
                          "Sort Space Used": 9553,
                          "Sort Space Type": "Memory"
                        },
                        {
                          "Worker Number": 2,
                          "Sort Method": "quicksort",
                          "Sort Space Used": 9602,
                          "Sort Space Type": "Memory"
                        },
                        {
                          "Worker Number": 3,
                          "Sort Method": "quicksort",
                          "Sort Space Used": 12417,
                          "Sort Space Type": "Memory"
                        }
                      ],
                      "Plans": [
                        {
                          "Node Type": "Seq Scan",
                          "Parent Relationship": "Outer",
                          "Parallel Aware": true,
                          "Relation Name": "name",
                          "Alias": "n",
                          "Startup Cost": 0.0,
                          "Total Cost": 79054.73,
                          "Plan Rows": 120890,
                          "Plan Width": 19,
                          "Actual Startup Time": 0.082,
                          "Actual Total Time": 306.993,
                          "Actual Rows": 108658,
                          "Actual Loops": 5,
                          "Filter": "(((name_pcode_cf)::text >= 'A'::text) AND ((name_pcode_cf)::text <= 'F'::text) AND (((gender)::text = 'm'::text) OR (((gender)::text = 'f'::text) AND (name ~~ 'B%'::text))))",
                          "Rows Removed by Filter": 724840
                        }
                      ]
                    },
                    {
                      "Node Type": "Sort",
                      "Parent Relationship": "Inner",
                      "Parallel Aware": false,
                      "Startup Cost": 86750.77,
                      "Total Cost": 88407.8,
                      "Plan Rows": 662811,
                      "Plan Width": 4,
                      "Actual Startup Time": 520.105,
                      "Actual Total Time": 547.202,
                      "Actual Rows": 296125,
                      "Actual Loops": 5,
                      "Sort Key": [
                        "an.person_id"
                      ],
                      "Sort Method": "quicksort",
                      "Sort Space Used": 56203,
                      "Sort Space Type": "Memory",
                      "Workers": [
                        {
                          "Worker Number": 0,
                          "Sort Method": "quicksort",
                          "Sort Space Used": 56203,
                          "Sort Space Type": "Memory"
                        },
                        {
                          "Worker Number": 1,
                          "Sort Method": "quicksort",
                          "Sort Space Used": 56203,
                          "Sort Space Type": "Memory"
                        },
                        {
                          "Worker Number": 2,
                          "Sort Method": "quicksort",
                          "Sort Space Used": 56203,
                          "Sort Space Type": "Memory"
                        },
                        {
                          "Worker Number": 3,
                          "Sort Method": "quicksort",
                          "Sort Space Used": 56203,
                          "Sort Space Type": "Memory"
                        }
                      ],
                      "Plans": [
                        {
                          "Node Type": "Seq Scan",
                          "Parent Relationship": "Outer",
                          "Parallel Aware": false,
                          "Relation Name": "aka_name",
                          "Alias": "an",
                          "Startup Cost": 0.0,
                          "Total Cost": 22662.79,
                          "Plan Rows": 662811,
                          "Plan Width": 4,
                          "Actual Startup Time": 0.056,
                          "Actual Total Time": 268.208,
                          "Actual Rows": 674692,
                          "Actual Loops": 5,
                          "Filter": "(name ~~ '%a%'::text)",
                          "Rows Removed by Filter": 226651
                        }
                      ]
                    }
                  ]
                }
              ]
            },
            {
              "Node Type": "Sort",
              "Parent Relationship": "Inner",
              "Parallel Aware": false,
              "Startup Cost": 1168659.3,
              "Total Cost": 1168659.3,
              "Plan Rows": 1,
              "Plan Width": 25,
              "Actual Startup Time": 18535.509,
              "Actual Total Time": 18535.773,
              "Actual Rows": 45,
              "Actual Loops": 1,
              "Sort Key": [
                "ci.person_id"
              ],
              "Sort Method": "quicksort",
              "Sort Space Used": 27,
              "Sort Space Type": "Memory",
              "Plans": [
                {
                  "Node Type": "Merge Join",
                  "Parent Relationship": "Outer",
                  "Parallel Aware": false,
                  "Join Type": "Inner",
                  "Startup Cost": 1168203.02,
                  "Total Cost": 1168659.29,
                  "Plan Rows": 1,
                  "Plan Width": 25,
                  "Actual Startup Time": 18528.343,
                  "Actual Total Time": 18535.734,
                  "Actual Rows": 32,
                  "Actual Loops": 1,
                  "Inner Unique": false,
                  "Merge Cond": "(t.id = ci.movie_id)",
                  "Plans": [
                    {
                      "Node Type": "Gather Merge",
                      "Parent Relationship": "Outer",
                      "Parallel Aware": false,
                      "Startup Cost": 54977.83,
                      "Total Cost": 55433.14,
                      "Plan Rows": 222,
                      "Plan Width": 25,
                      "Actual Startup Time": 261.669,
                      "Actual Total Time": 279.314,
                      "Actual Rows": 1467,
                      "Actual Loops": 1,
                      "Workers Planned": 4,
                      "Workers Launched": 3,
                      "Plans": [
                        {
                          "Node Type": "Merge Join",
                          "Parent Relationship": "Outer",
                          "Parallel Aware": false,
                          "Join Type": "Inner",
                          "Startup Cost": 53977.78,
                          "Total Cost": 54406.64,
                          "Plan Rows": 56,
                          "Plan Width": 25,
                          "Actual Startup Time": 247.886,
                          "Actual Total Time": 265.122,
                          "Actual Rows": 367,
                          "Actual Loops": 4,
                          "Inner Unique": false,
                          "Merge Cond": "(t.id = ml.linked_movie_id)",
                          "Plans": [
                            {
                              "Node Type": "Sort",
                              "Parent Relationship": "Outer",
                              "Parallel Aware": false,
                              "Startup Cost": 52359.32,
                              "Total Cost": 52569.6,
                              "Plan Rows": 84112,
                              "Plan Width": 21,
                              "Actual Startup Time": 238.692,
                              "Actual Total Time": 247.713,
                              "Actual Rows": 84946,
                              "Actual Loops": 4,
                              "Sort Key": [
                                "t.id"
                              ],
                              "Sort Method": "quicksort",
                              "Sort Space Used": 9839,
                              "Sort Space Type": "Memory",
                              "Workers": [
                                {
                                  "Worker Number": 0,
                                  "Sort Method": "quicksort",
                                  "Sort Space Used": 8972,
                                  "Sort Space Type": "Memory"
                                },
                                {
                                  "Worker Number": 1,
                                  "Sort Method": "quicksort",
                                  "Sort Space Used": 7795,
                                  "Sort Space Type": "Memory"
                                },
                                {
                                  "Worker Number": 2,
                                  "Sort Method": "quicksort",
                                  "Sort Space Used": 9396,
                                  "Sort Space Type": "Memory"
                                }
                              ],
                              "Plans": [
                                {
                                  "Node Type": "Seq Scan",
                                  "Parent Relationship": "Outer",
                                  "Parallel Aware": true,
                                  "Relation Name": "title",
                                  "Alias": "t",
                                  "Startup Cost": 0.0,
                                  "Total Cost": 45478.94,
                                  "Plan Rows": 84112,
                                  "Plan Width": 21,
                                  "Actual Startup Time": 0.072,
                                  "Actual Total Time": 200.323,
                                  "Actual Rows": 85046,
                                  "Actual Loops": 4,
                                  "Filter": "((production_year >= 1980) AND (production_year <= 1995))",
                                  "Rows Removed by Filter": 547032
                                }
                              ]
                            },
                            {
                              "Node Type": "Sort",
                              "Parent Relationship": "Inner",
                              "Parallel Aware": false,
                              "Startup Cost": 1618.42,
                              "Total Cost": 1622.58,
                              "Plan Rows": 1666,
                              "Plan Width": 4,
                              "Actual Startup Time": 8.921,
                              "Actual Total Time": 9.381,
                              "Actual Rows": 5186,
                              "Actual Loops": 4,
                              "Sort Key": [
                                "ml.linked_movie_id"
                              ],
                              "Sort Method": "quicksort",
                              "Sort Space Used": 436,
                              "Sort Space Type": "Memory",
                              "Workers": [
                                {
                                  "Worker Number": 0,
                                  "Sort Method": "quicksort",
                                  "Sort Space Used": 436,
                                  "Sort Space Type": "Memory"
                                },
                                {
                                  "Worker Number": 1,
                                  "Sort Method": "quicksort",
                                  "Sort Space Used": 436,
                                  "Sort Space Type": "Memory"
                                },
                                {
                                  "Worker Number": 2,
                                  "Sort Method": "quicksort",
                                  "Sort Space Used": 436,
                                  "Sort Space Type": "Memory"
                                }
                              ],
                              "Plans": [
                                {
                                  "Node Type": "Merge Join",
                                  "Parent Relationship": "Outer",
                                  "Parallel Aware": false,
                                  "Join Type": "Inner",
                                  "Startup Cost": 0.42,
                                  "Total Cost": 1529.27,
                                  "Plan Rows": 1666,
                                  "Plan Width": 4,
                                  "Actual Startup Time": 6.018,
                                  "Actual Total Time": 7.556,
                                  "Actual Rows": 5186,
                                  "Actual Loops": 4,
                                  "Inner Unique": false,
                                  "Merge Cond": "(lt.id = ml.link_type_id)",
                                  "Plans": [
                                    {
                                      "Node Type": "Index Scan",
                                      "Parent Relationship": "Outer",
                                      "Parallel Aware": false,
                                      "Scan Direction": "Forward",
                                      "Index Name": "link_type_pkey",
                                      "Relation Name": "link_type",
                                      "Alias": "lt",
                                      "Startup Cost": 0.14,
                                      "Total Cost": 12.45,
                                      "Plan Rows": 1,
                                      "Plan Width": 4,
                                      "Actual Startup Time": 0.043,
                                      "Actual Total Time": 0.049,
                                      "Actual Rows": 1,
                                      "Actual Loops": 4,
                                      "Filter": "((link)::text = 'features'::text)",
                                      "Rows Removed by Filter": 17
                                    },
                                    {
                                      "Node Type": "Index Scan",
                                      "Parent Relationship": "Inner",
                                      "Parallel Aware": false,
                                      "Scan Direction": "Forward",
                                      "Index Name": "link_type_id_movie_link",
                                      "Relation Name": "movie_link",
                                      "Alias": "ml",
                                      "Startup Cost": 0.29,
                                      "Total Cost": 1425.16,
                                      "Plan Rows": 29997,
                                      "Plan Width": 8,
                                      "Actual Startup Time": 0.046,
                                      "Actual Total Time": 5.533,
                                      "Actual Rows": 23410,
                                      "Actual Loops": 4
                                    }
                                  ]
                                }
                              ]
                            }
                          ]
                        }
                      ]
                    },
                    {
                      "Node Type": "Sort",
                      "Parent Relationship": "Inner",
                      "Parallel Aware": false,
                      "Startup Cost": 1113225.18,
                      "Total Cost": 1113225.38,
                      "Plan Rows": 80,
                      "Plan Width": 12,
                      "Actual Startup Time": 18255.148,
                      "Actual Total Time": 18255.823,
                      "Actual Rows": 8764,
                      "Actual Loops": 1,
                      "Sort Key": [
                        "ci.movie_id"
                      ],
                      "Sort Method": "quicksort",
                      "Sort Space Used": 795,
                      "Sort Space Type": "Memory",
                      "Plans": [
                        {
                          "Node Type": "Gather",
                          "Parent Relationship": "Outer",
                          "Parallel Aware": false,
                          "Startup Cost": 1113207.01,
                          "Total Cost": 1113222.65,
                          "Plan Rows": 80,
                          "Plan Width": 12,
                          "Actual Startup Time": 18251.459,
                          "Actual Total Time": 18253.349,
                          "Actual Rows": 8764,
                          "Actual Loops": 1,
                          "Workers Planned": 6,
                          "Workers Launched": 0,
                          "Single Copy": false,
                          "Plans": [
                            {
                              "Node Type": "Merge Join",
                              "Parent Relationship": "Outer",
                              "Parallel Aware": false,
                              "Join Type": "Inner",
                              "Startup Cost": 1112207.01,
                              "Total Cost": 1112214.65,
                              "Plan Rows": 13,
                              "Plan Width": 12,
                              "Actual Startup Time": 18250.522,
                              "Actual Total Time": 18251.808,
                              "Actual Rows": 8764,
                              "Actual Loops": 1,
                              "Inner Unique": true,
                              "Merge Cond": "(pi.info_type_id = it.id)",
                              "Plans": [
                                {
                                  "Node Type": "Sort",
                                  "Parent Relationship": "Outer",
                                  "Parallel Aware": false,
                                  "Startup Cost": 1112204.58,
                                  "Total Cost": 1112208.34,
                                  "Plan Rows": 1502,
                                  "Plan Width": 16,
                                  "Actual Startup Time": 18250.452,
                                  "Actual Total Time": 18250.757,
                                  "Actual Rows": 8764,
                                  "Actual Loops": 1,
                                  "Sort Key": [
                                    "pi.info_type_id"
                                  ],
                                  "Sort Method": "quicksort",
                                  "Sort Space Used": 795,
                                  "Sort Space Type": "Memory",
                                  "Plans": [
                                    {
                                      "Node Type": "Merge Join",
                                      "Parent Relationship": "Outer",
                                      "Parallel Aware": false,
                                      "Join Type": "Inner",
                                      "Startup Cost": 1081884.73,
                                      "Total Cost": 1112125.33,
                                      "Plan Rows": 1502,
                                      "Plan Width": 16,
                                      "Actual Startup Time": 14990.933,
                                      "Actual Total Time": 18248.354,
                                      "Actual Rows": 8764,
                                      "Actual Loops": 1,
                                      "Inner Unique": false,
                                      "Merge Cond": "(ci.person_id = pi.person_id)",
                                      "Plans": [
                                        {
                                          "Node Type": "Sort",
                                          "Parent Relationship": "Outer",
                                          "Parallel Aware": false,
                                          "Startup Cost": 993845.26,
                                          "Total Cost": 1008954.3,
                                          "Plan Rows": 6043616,
                                          "Plan Width": 8,
                                          "Actual Startup Time": 14453.626,
                                          "Actual Total Time": 16007.288,
                                          "Actual Rows": 36244344,
                                          "Actual Loops": 1,
                                          "Sort Key": [
                                            "ci.person_id"
                                          ],
                                          "Sort Method": "quicksort",
                                          "Sort Space Used": 3097055,
                                          "Sort Space Type": "Memory",
                                          "Plans": [
                                            {
                                              "Node Type": "Seq Scan",
                                              "Parent Relationship": "Outer",
                                              "Parallel Aware": true,
                                              "Relation Name": "cast_info",
                                              "Alias": "ci",
                                              "Startup Cost": 0.0,
                                              "Total Cost": 313123.16,
                                              "Plan Rows": 6043616,
                                              "Plan Width": 8,
                                              "Actual Startup Time": 0.025,
                                              "Actual Total Time": 5426.943,
                                              "Actual Rows": 36244344,
                                              "Actual Loops": 1
                                            }
                                          ]
                                        },
                                        {
                                          "Node Type": "Sort",
                                          "Parent Relationship": "Inner",
                                          "Parallel Aware": false,
                                          "Startup Cost": 88039.47,
                                          "Total Cost": 88039.54,
                                          "Plan Rows": 29,
                                          "Plan Width": 8,
                                          "Actual Startup Time": 501.183,
                                          "Actual Total Time": 501.569,
                                          "Actual Rows": 8765,
                                          "Actual Loops": 1,
                                          "Sort Key": [
                                            "pi.person_id"
                                          ],
                                          "Sort Method": "quicksort",
                                          "Sort Space Used": 28,
                                          "Sort Space Type": "Memory",
                                          "Plans": [
                                            {
                                              "Node Type": "Seq Scan",
                                              "Parent Relationship": "Outer",
                                              "Parallel Aware": false,
                                              "Relation Name": "person_info",
                                              "Alias": "pi",
                                              "Startup Cost": 0.0,
                                              "Total Cost": 88038.76,
                                              "Plan Rows": 29,
                                              "Plan Width": 8,
                                              "Actual Startup Time": 5.232,
                                              "Actual Total Time": 501.082,
                                              "Actual Rows": 64,
                                              "Actual Loops": 1,
                                              "Filter": "(note = 'Volker Boehm'::text)",
                                              "Rows Removed by Filter": 2963600
                                            }
                                          ]
                                        }
                                      ]
                                    }
                                  ]
                                },
                                {
                                  "Node Type": "Sort",
                                  "Parent Relationship": "Inner",
                                  "Parallel Aware": false,
                                  "Startup Cost": 2.42,
                                  "Total Cost": 2.43,
                                  "Plan Rows": 1,
                                  "Plan Width": 4,
                                  "Actual Startup Time": 0.065,
                                  "Actual Total Time": 0.066,
                                  "Actual Rows": 1,
                                  "Actual Loops": 1,
                                  "Sort Key": [
                                    "it.id"
                                  ],
                                  "Sort Method": "quicksort",
                                  "Sort Space Used": 25,
                                  "Sort Space Type": "Memory",
                                  "Plans": [
                                    {
                                      "Node Type": "Seq Scan",
                                      "Parent Relationship": "Outer",
                                      "Parallel Aware": false,
                                      "Relation Name": "info_type",
                                      "Alias": "it",
                                      "Startup Cost": 0.0,
                                      "Total Cost": 2.41,
                                      "Plan Rows": 1,
                                      "Plan Width": 4,
                                      "Actual Startup Time": 0.047,
                                      "Actual Total Time": 0.052,
                                      "Actual Rows": 1,
                                      "Actual Loops": 1,
                                      "Filter": "((info)::text = 'mini biography'::text)",
                                      "Rows Removed by Filter": 112
                                    }
                                  ]
                                }
                              ]
                            }
                          ]
                        }
                      ]
                    }
                  ]
                }
              ]
            }
          ]
        }
      ]
    },
    "Planning Time": 18.474,
    "Triggers": [],
    "Execution Time": 19982.517
  }
]