{
  "Plan": {
    "Node Type": "Aggregate",
    "Strategy": "Plain",
    "Partial Mode": "Finalize",
    "Parallel Aware": false,
    "Startup Cost": 553509.5,
    "Total Cost": 553509.51,
    "Plan Rows": 1,
    "Plan Width": 8,
    "Actual Startup Time": 2612.698,
    "Actual Total Time": 2648.397,
    "Actual Rows": 1,
    "Actual Loops": 1,
    "Plans": [
      {
        "Node Type": "Gather",
        "Parent Relationship": "Outer",
        "Parallel Aware": false,
        "Startup Cost": 553509.39,
        "Total Cost": 553509.5,
        "Plan Rows": 1,
        "Plan Width": 8,
        "Actual Startup Time": 2605.699,
        "Actual Total Time": 2648.386,
        "Actual Rows": 2,
        "Actual Loops": 1,
        "Workers Planned": 1,
        "Workers Launched": 1,
        "Single Copy": false,
        "Plans": [
          {
            "Node Type": "Aggregate",
            "Strategy": "Plain",
            "Partial Mode": "Partial",
            "Parent Relationship": "Outer",
            "Parallel Aware": false,
            "Startup Cost": 552509.39,
            "Total Cost": 552509.4,
            "Plan Rows": 1,
            "Plan Width": 8,
            "Actual Startup Time": 2593.894,
            "Actual Total Time": 2593.898,
            "Actual Rows": 1,
            "Actual Loops": 2,
            "Plans": [
              {
                "Node Type": "Hash Join",
                "Parent Relationship": "Outer",
                "Parallel Aware": true,
                "Join Type": "Inner",
                "Startup Cost": 221103.09,
                "Total Cost": 543704.57,
                "Plan Rows": 3521927,
                "Plan Width": 0,
                "Actual Startup Time": 1193.021,
                "Actual Total Time": 2504.535,
                "Actual Rows": 1870600,
                "Actual Loops": 2,
                "Inner Unique": true,
                "Hash Cond": "(ci.movie_id = t.id)",
                "Plans": [
                  {
                    "Node Type": "Bitmap Heap Scan",
                    "Parent Relationship": "Outer",
                    "Parallel Aware": true,
                    "Relation Name": "cast_info",
                    "Alias": "ci",
                    "Startup Cost": 151642.39,
                    "Total Cost": 464998.8,
                    "Plan Rows": 3521927,
                    "Plan Width": 4,
                    "Actual Startup Time": 597.015,
                    "Actual Total Time": 1067.241,
                    "Actual Rows": 1870600,
                    "Actual Loops": 2,
                    "Recheck Cond": "(person_id > 2988792)",
                    "Rows Removed by Index Recheck": 0,
                    "Filter": "(role_id < 10)",
                    "Rows Removed by Filter": 1490660,
                    "Exact Heap Blocks": 47367,
                    "Lossy Heap Blocks": 0,
                    "Plans": [
                      {
                        "Node Type": "Bitmap Index Scan",
                        "Parent Relationship": "Outer",
                        "Parallel Aware": false,
                        "Index Name": "person_id_cast_info",
                        "Startup Cost": 0.0,
                        "Total Cost": 150145.57,
                        "Plan Rows": 6875867,
                        "Plan Width": 0,
                        "Actual Startup Time": 572.556,
                        "Actual Total Time": 572.557,
                        "Actual Rows": 6722522,
                        "Actual Loops": 1,
                        "Index Cond": "(person_id > 2988792)"
                      }
                    ]
                  },
                  {
                    "Node Type": "Hash",
                    "Parent Relationship": "Inner",
                    "Parallel Aware": true,
                    "Startup Cost": 50870.31,
                    "Total Cost": 50870.31,
                    "Plan Rows": 1487231,
                    "Plan Width": 4,
                    "Actual Startup Time": 574.057,
                    "Actual Total Time": 574.057,
                    "Actual Rows": 1264156,
                    "Actual Loops": 2,
                    "Hash Buckets": 4194304,
                    "Original Hash Buckets": 4194304,
                    "Hash Batches": 1,
                    "Original Hash Batches": 1,
                    "Peak Memory Usage": 131712,
                    "Plans": [
                      {
                        "Node Type": "Seq Scan",
                        "Parent Relationship": "Outer",
                        "Parallel Aware": true,
                        "Relation Name": "title",
                        "Alias": "t",
                        "Startup Cost": 0.0,
                        "Total Cost": 50870.31,
                        "Plan Rows": 1487231,
                        "Plan Width": 4,
                        "Actual Startup Time": 0.02,
                        "Actual Total Time": 180.384,
                        "Actual Rows": 1264156,
                        "Actual Loops": 2
                      }
                    ]
                  }
                ]
              }
            ]
          }
        ]
      }
    ]
  },
  "Planning Time": 0.67,
  "Triggers": [],
  "Execution Time": 2648.488
}