[
  {
    "Plan": {
      "Node Type": "Aggregate",
      "Strategy": "Plain",
      "Partial Mode": "Finalize",
      "Parallel Aware": false,
      "Startup Cost": 217046.37,
      "Total Cost": 217046.38,
      "Plan Rows": 1,
      "Plan Width": 8,
      "Actual Startup Time": 122.073,
      "Actual Total Time": 127.441,
      "Actual Rows": 1,
      "Actual Loops": 1,
      "Plans": [
        {
          "Node Type": "Gather",
          "Parent Relationship": "Outer",
          "Parallel Aware": false,
          "Startup Cost": 217045.84,
          "Total Cost": 217046.35,
          "Plan Rows": 5,
          "Plan Width": 8,
          "Actual Startup Time": 121.44,
          "Actual Total Time": 127.436,
          "Actual Rows": 6,
          "Actual Loops": 1,
          "Workers Planned": 5,
          "Workers Launched": 5,
          "Single Copy": false,
          "Plans": [
            {
              "Node Type": "Aggregate",
              "Strategy": "Plain",
              "Partial Mode": "Partial",
              "Parent Relationship": "Outer",
              "Parallel Aware": false,
              "Startup Cost": 216045.84,
              "Total Cost": 216045.85,
              "Plan Rows": 1,
              "Plan Width": 8,
              "Actual Startup Time": 116.987,
              "Actual Total Time": 116.99,
              "Actual Rows": 1,
              "Actual Loops": 6,
              "Plans": [
                {
                  "Node Type": "Hash Join",
                  "Parent Relationship": "Outer",
                  "Parallel Aware": true,
                  "Join Type": "Inner",
                  "Startup Cost": 51778.83,
                  "Total Cost": 216037.77,
                  "Plan Rows": 3230,
                  "Plan Width": 0,
                  "Actual Startup Time": 74.809,
                  "Actual Total Time": 116.617,
                  "Actual Rows": 4486,
                  "Actual Loops": 6,
                  "Inner Unique": true,
                  "Hash Cond": "(mi.movie_id = t.id)",
                  "Plans": [
                    {
                      "Node Type": "Bitmap Heap Scan",
                      "Parent Relationship": "Outer",
                      "Parallel Aware": true,
                      "Relation Name": "movie_info",
                      "Alias": "mi",
                      "Startup Cost": 13585.73,
                      "Total Cost": 177451.4,
                      "Plan Rows": 149814,
                      "Plan Width": 4,
                      "Actual Startup Time": 23.613,
                      "Actual Total Time": 44.088,
                      "Actual Rows": 133690,
                      "Actual Loops": 6,
                      "Recheck Cond": "(info_type_id < 2)",
                      "Rows Removed by Index Recheck": 0,
                      "Exact Heap Blocks": 1216,
                      "Lossy Heap Blocks": 0,
                      "Plans": [
                        {
                          "Node Type": "Bitmap Index Scan",
                          "Parent Relationship": "Outer",
                          "Parallel Aware": false,
                          "Index Name": "info_type_id_movie_info",
                          "Startup Cost": 0.0,
                          "Total Cost": 13398.46,
                          "Plan Rows": 749070,
                          "Plan Width": 0,
                          "Actual Startup Time": 22.782,
                          "Actual Total Time": 22.783,
                          "Actual Rows": 802140,
                          "Actual Loops": 1,
                          "Index Cond": "(info_type_id < 2)"
                        }
                      ]
                    },
                    {
                      "Node Type": "Hash",
                      "Parent Relationship": "Inner",
                      "Parallel Aware": true,
                      "Startup Cost": 38022.78,
                      "Total Cost": 38022.78,
                      "Plan Rows": 13626,
                      "Plan Width": 4,
                      "Actual Startup Time": 50.765,
                      "Actual Total Time": 50.767,
                      "Actual Rows": 8966,
                      "Actual Loops": 6,
                      "Hash Buckets": 65536,
                      "Original Hash Buckets": 65536,
                      "Hash Batches": 1,
                      "Original Hash Batches": 1,
                      "Peak Memory Usage": 2656,
                      "Plans": [
                        {
                          "Node Type": "Bitmap Heap Scan",
                          "Parent Relationship": "Outer",
                          "Parallel Aware": true,
                          "Relation Name": "title",
                          "Alias": "t",
                          "Startup Cost": 1675.87,
                          "Total Cost": 38022.78,
                          "Plan Rows": 13626,
                          "Plan Width": 4,
                          "Actual Startup Time": 10.097,
                          "Actual Total Time": 47.358,
                          "Actual Rows": 8966,
                          "Actual Loops": 6,
                          "Recheck Cond": "(kind_id = 2)",
                          "Rows Removed by Index Recheck": 0,
                          "Filter": "(production_year > 1998)",
                          "Rows Removed by Filter": 6176,
                          "Exact Heap Blocks": 8833,
                          "Lossy Heap Blocks": 0,
                          "Plans": [
                            {
                              "Node Type": "Bitmap Index Scan",
                              "Parent Relationship": "Outer",
                              "Parallel Aware": false,
                              "Index Name": "kind_id_title",
                              "Startup Cost": 0.0,
                              "Total Cost": 1662.25,
                              "Plan Rows": 93042,
                              "Plan Width": 0,
                              "Actual Startup Time": 8.717,
                              "Actual Total Time": 8.717,
                              "Actual Rows": 90852,
                              "Actual Loops": 1,
                              "Index Cond": "(kind_id = 2)"
                            }
                          ]
                        }
                      ]
                    }
                  ]
                }
              ]
            }
          ]
        }
      ]
    },
    "Planning Time": 0.256,
    "Triggers": [],
    "Execution Time": 127.479
  }
]