[
  {
    "Plan": {
      "Node Type": "Aggregate",
      "Strategy": "Plain",
      "Partial Mode": "Finalize",
      "Parallel Aware": false,
      "Startup Cost": 206961.44,
      "Total Cost": 206961.45,
      "Plan Rows": 1,
      "Plan Width": 8,
      "Actual Startup Time": 453.544,
      "Actual Total Time": 493.627,
      "Actual Rows": 1,
      "Actual Loops": 1,
      "Plans": [
        {
          "Node Type": "Gather",
          "Parent Relationship": "Outer",
          "Parallel Aware": false,
          "Startup Cost": 206960.91,
          "Total Cost": 206961.42,
          "Plan Rows": 5,
          "Plan Width": 8,
          "Actual Startup Time": 453.405,
          "Actual Total Time": 493.618,
          "Actual Rows": 6,
          "Actual Loops": 1,
          "Workers Planned": 5,
          "Workers Launched": 5,
          "Single Copy": false,
          "Plans": [
            {
              "Node Type": "Aggregate",
              "Strategy": "Plain",
              "Partial Mode": "Partial",
              "Parent Relationship": "Outer",
              "Parallel Aware": false,
              "Startup Cost": 205960.91,
              "Total Cost": 205960.92,
              "Plan Rows": 1,
              "Plan Width": 8,
              "Actual Startup Time": 448.975,
              "Actual Total Time": 448.976,
              "Actual Rows": 1,
              "Actual Loops": 6,
              "Plans": [
                {
                  "Node Type": "Seq Scan",
                  "Parent Relationship": "Outer",
                  "Parallel Aware": true,
                  "Relation Name": "movie_info",
                  "Alias": "mi",
                  "Startup Cost": 0.0,
                  "Total Cost": 199108.24,
                  "Plan Rows": 2741069,
                  "Plan Width": 0,
                  "Actual Startup Time": 0.032,
                  "Actual Total Time": 350.278,
                  "Actual Rows": 2283420,
                  "Actual Loops": 6,
                  "Filter": "(info_type_id < 61)",
                  "Rows Removed by Filter": 189200
                }
              ]
            }
          ]
        }
      ]
    },
    "Planning Time": 0.173,
    "Triggers": [],
    "Execution Time": 493.686
  }
]