[
  {
    "Plan": {
      "Node Type": "Aggregate",
      "Strategy": "Plain",
      "Partial Mode": "Finalize",
      "Parallel Aware": false,
      "Startup Cost": 206755.64,
      "Total Cost": 206755.65,
      "Plan Rows": 1,
      "Plan Width": 8,
      "Actual Startup Time": 483.072,
      "Actual Total Time": 520.353,
      "Actual Rows": 1,
      "Actual Loops": 1,
      "Plans": [
        {
          "Node Type": "Gather",
          "Parent Relationship": "Outer",
          "Parallel Aware": false,
          "Startup Cost": 206755.11,
          "Total Cost": 206755.62,
          "Plan Rows": 5,
          "Plan Width": 8,
          "Actual Startup Time": 482.937,
          "Actual Total Time": 520.342,
          "Actual Rows": 6,
          "Actual Loops": 1,
          "Workers Planned": 5,
          "Workers Launched": 5,
          "Single Copy": false,
          "Plans": [
            {
              "Node Type": "Aggregate",
              "Strategy": "Plain",
              "Partial Mode": "Partial",
              "Parent Relationship": "Outer",
              "Parallel Aware": false,
              "Startup Cost": 205755.11,
              "Total Cost": 205755.12,
              "Plan Rows": 1,
              "Plan Width": 8,
              "Actual Startup Time": 474.115,
              "Actual Total Time": 474.116,
              "Actual Rows": 1,
              "Actual Loops": 6,
              "Plans": [
                {
                  "Node Type": "Seq Scan",
                  "Parent Relationship": "Outer",
                  "Parallel Aware": true,
                  "Relation Name": "movie_info",
                  "Alias": "mi",
                  "Startup Cost": 0.0,
                  "Total Cost": 198952.16,
                  "Plan Rows": 2721180,
                  "Plan Width": 0,
                  "Actual Startup Time": 0.063,
                  "Actual Total Time": 372.072,
                  "Actual Rows": 2283420,
                  "Actual Loops": 6,
                  "Filter": "(info_type_id < 61)",
                  "Rows Removed by Filter": 189200
                }
              ]
            }
          ]
        }
      ]
    },
    "Planning Time": 0.18,
    "Triggers": [],
    "Execution Time": 520.417
  }
]