[
    {
        "Bao": {
            "Bao prediction": "NaN",
            "Bao recommended hint": "(no hint)"
        }
    },
    {
        "Plan": {
            "Node Type": "Aggregate",
            "Strategy": "Plain",
            "Partial Mode": "Finalize",
            "Parallel Aware": false,
            "Startup Cost": 220006.57,
            "Total Cost": 220006.58,
            "Plan Rows": 1,
            "Plan Width": 8,
            "Actual Startup Time": 2146.483,
            "Actual Total Time": 2175.965,
            "Actual Rows": 1,
            "Actual Loops": 1,
            "Output": [
                "count(*)"
            ],
            "Plans": [
                {
                    "Node Type": "Gather",
                    "Parent Relationship": "Outer",
                    "Parallel Aware": false,
                    "Startup Cost": 220006.25,
                    "Total Cost": 220006.56,
                    "Plan Rows": 3,
                    "Plan Width": 8,
                    "Actual Startup Time": 2144.854,
                    "Actual Total Time": 2175.954,
                    "Actual Rows": 4,
                    "Actual Loops": 1,
                    "Output": [
                        "(PARTIAL count(*))"
                    ],
                    "Workers Planned": 3,
                    "Workers Launched": 3,
                    "Single Copy": false,
                    "Plans": [
                        {
                            "Node Type": "Aggregate",
                            "Strategy": "Plain",
                            "Partial Mode": "Partial",
                            "Parent Relationship": "Outer",
                            "Parallel Aware": false,
                            "Startup Cost": 219006.25,
                            "Total Cost": 219006.26,
                            "Plan Rows": 1,
                            "Plan Width": 8,
                            "Actual Startup Time": 2135.608,
                            "Actual Total Time": 2135.612,
                            "Actual Rows": 1,
                            "Actual Loops": 4,
                            "Output": [
                                "PARTIAL count(*)"
                            ],
                            "Workers": [
                                {
                                    "Worker Number": 0,
                                    "Actual Startup Time": 2132.411,
                                    "Actual Total Time": 2132.414,
                                    "Actual Rows": 1,
                                    "Actual Loops": 1
                                },
                                {
                                    "Worker Number": 1,
                                    "Actual Startup Time": 2132.967,
                                    "Actual Total Time": 2132.971,
                                    "Actual Rows": 1,
                                    "Actual Loops": 1
                                },
                                {
                                    "Worker Number": 2,
                                    "Actual Startup Time": 2133.158,
                                    "Actual Total Time": 2133.162,
                                    "Actual Rows": 1,
                                    "Actual Loops": 1
                                }
                            ],
                            "Plans": [
                                {
                                    "Node Type": "Nested Loop",
                                    "Parent Relationship": "Outer",
                                    "Parallel Aware": false,
                                    "Join Type": "Inner",
                                    "Startup Cost": 46840.81,
                                    "Total Cost": 218424.68,
                                    "Plan Rows": 232630,
                                    "Plan Width": 0,
                                    "Actual Startup Time": 145.914,
                                    "Actual Total Time": 1918.229,
                                    "Actual Rows": 5410442,
                                    "Actual Loops": 4,
                                    "Inner Unique": false,
                                    "Join Filter": "(t.id = mi.movie_id)",
                                    "Rows Removed by Join Filter": 0,
                                    "Workers": [
                                        {
                                            "Worker Number": 0,
                                            "Actual Startup Time": 142.774,
                                            "Actual Total Time": 1923.385,
                                            "Actual Rows": 5208325,
                                            "Actual Loops": 1
                                        },
                                        {
                                            "Worker Number": 1,
                                            "Actual Startup Time": 143.137,
                                            "Actual Total Time": 1914.487,
                                            "Actual Rows": 5325780,
                                            "Actual Loops": 1
                                        },
                                        {
                                            "Worker Number": 2,
                                            "Actual Startup Time": 143.526,
                                            "Actual Total Time": 1913.698,
                                            "Actual Rows": 5378849,
                                            "Actual Loops": 1
                                        }
                                    ],
                                    "Plans": [
                                        {
                                            "Node Type": "Hash Join",
                                            "Parent Relationship": "Outer",
                                            "Parallel Aware": true,
                                            "Join Type": "Inner",
                                            "Startup Cost": 46840.37,
                                            "Total Cost": 79157.64,
                                            "Plan Rows": 59227,
                                            "Plan Width": 8,
                                            "Actual Startup Time": 145.833,
                                            "Actual Total Time": 250.625,
                                            "Actual Rows": 68008,
                                            "Actual Loops": 4,
                                            "Output": [
                                                "t.id",
                                                "mc.movie_id"
                                            ],
                                            "Inner Unique": true,
                                            "Hash Cond": "(mc.movie_id = t.id)",
                                            "Workers": [
                                                {
                                                    "Worker Number": 0,
                                                    "Actual Startup Time": 142.691,
                                                    "Actual Total Time": 243.64,
                                                    "Actual Rows": 64067,
                                                    "Actual Loops": 1
                                                },
                                                {
                                                    "Worker Number": 1,
                                                    "Actual Startup Time": 143.038,
                                                    "Actual Total Time": 251.422,
                                                    "Actual Rows": 68506,
                                                    "Actual Loops": 1
                                                },
                                                {
                                                    "Worker Number": 2,
                                                    "Actual Startup Time": 143.422,
                                                    "Actual Total Time": 249.914,
                                                    "Actual Rows": 66941,
                                                    "Actual Loops": 1
                                                }
                                            ],
                                            "Plans": [
                                                {
                                                    "Node Type": "Seq Scan",
                                                    "Parent Relationship": "Outer",
                                                    "Parallel Aware": true,
                                                    "Relation Name": "movie_companies",
                                                    "Schema": "public",
                                                    "Alias": "mc",
                                                    "Startup Cost": 0.0,
                                                    "Total Cost": 31414.82,
                                                    "Plan Rows": 343790,
                                                    "Plan Width": 4,
                                                    "Actual Startup Time": 0.026,
                                                    "Actual Total Time": 63.608,
                                                    "Actual Rows": 318562,
                                                    "Actual Loops": 4,
                                                    "Output": [
                                                        "mc.id",
                                                        "mc.movie_id",
                                                        "mc.company_id",
                                                        "mc.company_type_id",
                                                        "mc.note"
                                                    ],
                                                    "Filter": "((mc.company_id < 78272) AND (mc.company_type_id = 1))",
                                                    "Rows Removed by Filter": 333721,
                                                    "Workers": [
                                                        {
                                                            "Worker Number": 0,
                                                            "Actual Startup Time": 0.032,
                                                            "Actual Total Time": 63.223,
                                                            "Actual Rows": 292108,
                                                            "Actual Loops": 1
                                                        },
                                                        {
                                                            "Worker Number": 1,
                                                            "Actual Startup Time": 0.029,
                                                            "Actual Total Time": 65.373,
                                                            "Actual Rows": 320696,
                                                            "Actual Loops": 1
                                                        },
                                                        {
                                                            "Worker Number": 2,
                                                            "Actual Startup Time": 0.028,
                                                            "Actual Total Time": 64.706,
                                                            "Actual Rows": 318035,
                                                            "Actual Loops": 1
                                                        }
                                                    ]
                                                },
                                                {
                                                    "Node Type": "Hash",
                                                    "Parent Relationship": "Inner",
                                                    "Parallel Aware": true,
                                                    "Startup Cost": 45479.21,
                                                    "Total Cost": 45479.21,
                                                    "Plan Rows": 108893,
                                                    "Plan Width": 4,
                                                    "Actual Startup Time": 113.953,
                                                    "Actual Total Time": 113.954,
                                                    "Actual Rows": 78671,
                                                    "Actual Loops": 4,
                                                    "Output": [
                                                        "t.id"
                                                    ],
                                                    "Hash Buckets": 524288,
                                                    "Original Hash Buckets": 524288,
                                                    "Hash Batches": 1,
                                                    "Original Hash Batches": 1,
                                                    "Peak Memory Usage": 16448,
                                                    "Workers": [
                                                        {
                                                            "Worker Number": 0,
                                                            "Actual Startup Time": 113.746,
                                                            "Actual Total Time": 113.747,
                                                            "Actual Rows": 71046,
                                                            "Actual Loops": 1
                                                        },
                                                        {
                                                            "Worker Number": 1,
                                                            "Actual Startup Time": 114.145,
                                                            "Actual Total Time": 114.146,
                                                            "Actual Rows": 76109,
                                                            "Actual Loops": 1
                                                        },
                                                        {
                                                            "Worker Number": 2,
                                                            "Actual Startup Time": 114.5,
                                                            "Actual Total Time": 114.501,
                                                            "Actual Rows": 75934,
                                                            "Actual Loops": 1
                                                        }
                                                    ],
                                                    "Plans": [
                                                        {
                                                            "Node Type": "Seq Scan",
                                                            "Parent Relationship": "Outer",
                                                            "Parallel Aware": true,
                                                            "Relation Name": "title",
                                                            "Schema": "public",
                                                            "Alias": "t",
                                                            "Startup Cost": 0.0,
                                                            "Total Cost": 45479.21,
                                                            "Plan Rows": 108893,
                                                            "Plan Width": 4,
                                                            "Actual Startup Time": 41.91,
                                                            "Actual Total Time": 90.325,
                                                            "Actual Rows": 78671,
                                                            "Actual Loops": 4,
                                                            "Output": [
                                                                "t.id"
                                                            ],
                                                            "Filter": "((t.kind_id < 2) AND (t.production_year > 1994))",
                                                            "Rows Removed by Filter": 553407,
                                                            "Workers": [
                                                                {
                                                                    "Worker Number": 0,
                                                                    "Actual Startup Time": 53.278,
                                                                    "Actual Total Time": 89.985,
                                                                    "Actual Rows": 71046,
                                                                    "Actual Loops": 1
                                                                },
                                                                {
                                                                    "Worker Number": 1,
                                                                    "Actual Startup Time": 53.556,
                                                                    "Actual Total Time": 91.374,
                                                                    "Actual Rows": 76109,
                                                                    "Actual Loops": 1
                                                                },
                                                                {
                                                                    "Worker Number": 2,
                                                                    "Actual Startup Time": 7.261,
                                                                    "Actual Total Time": 91.214,
                                                                    "Actual Rows": 75934,
                                                                    "Actual Loops": 1
                                                                }
                                                            ]
                                                        }
                                                    ]
                                                }
                                            ]
                                        },
                                        {
                                            "Node Type": "Index Scan",
                                            "Parent Relationship": "Inner",
                                            "Parallel Aware": false,
                                            "Scan Direction": "Forward",
                                            "Index Name": "movie_id_movie_info",
                                            "Relation Name": "movie_info",
                                            "Schema": "public",
                                            "Alias": "mi",
                                            "Startup Cost": 0.43,
                                            "Total Cost": 2.03,
                                            "Plan Rows": 26,
                                            "Plan Width": 4,
                                            "Actual Startup Time": 0.004,
                                            "Actual Total Time": 0.018,
                                            "Actual Rows": 80,
                                            "Actual Loops": 272030,
                                            "Output": [
                                                "mi.id",
                                                "mi.movie_id",
                                                "mi.info_type_id",
                                                "mi.info",
                                                "mi.note"
                                            ],
                                            "Index Cond": "(mi.movie_id = mc.movie_id)",
                                            "Rows Removed by Index Recheck": 0,
                                            "Filter": "(mi.info_type_id > 4)",
                                            "Rows Removed by Filter": 6,
                                            "Workers": [
                                                {
                                                    "Worker Number": 0,
                                                    "Actual Startup Time": 0.004,
                                                    "Actual Total Time": 0.02,
                                                    "Actual Rows": 81,
                                                    "Actual Loops": 64067
                                                },
                                                {
                                                    "Worker Number": 1,
                                                    "Actual Startup Time": 0.004,
                                                    "Actual Total Time": 0.018,
                                                    "Actual Rows": 78,
                                                    "Actual Loops": 68506
                                                },
                                                {
                                                    "Worker Number": 2,
                                                    "Actual Startup Time": 0.004,
                                                    "Actual Total Time": 0.018,
                                                    "Actual Rows": 80,
                                                    "Actual Loops": 66941
                                                }
                                            ]
                                        }
                                    ]
                                }
                            ]
                        }
                    ]
                }
            ]
        },
        "Planning Time": 209.777,
        "Triggers": [],
        "Execution Time": 2176.205
    }
]