{
  "Plan": {
    "Node Type": "Aggregate",
    "Strategy": "Plain",
    "Partial Mode": "Finalize",
    "Parallel Aware": false,
    "Startup Cost": 462712.01,
    "Total Cost": 462712.02,
    "Plan Rows": 1,
    "Plan Width": 8,
    "Actual Startup Time": 2353.838,
    "Actual Total Time": 2389.936,
    "Actual Rows": 1,
    "Actual Loops": 1,
    "Plans": [
      {
        "Node Type": "Gather",
        "Parent Relationship": "Outer",
        "Parallel Aware": false,
        "Startup Cost": 462711.9,
        "Total Cost": 462712.01,
        "Plan Rows": 1,
        "Plan Width": 8,
        "Actual Startup Time": 2352.752,
        "Actual Total Time": 2389.924,
        "Actual Rows": 2,
        "Actual Loops": 1,
        "Workers Planned": 1,
        "Workers Launched": 1,
        "Single Copy": false,
        "Plans": [
          {
            "Node Type": "Aggregate",
            "Strategy": "Plain",
            "Partial Mode": "Partial",
            "Parent Relationship": "Outer",
            "Parallel Aware": false,
            "Startup Cost": 461711.9,
            "Total Cost": 461711.91,
            "Plan Rows": 1,
            "Plan Width": 8,
            "Actual Startup Time": 2348.902,
            "Actual Total Time": 2348.905,
            "Actual Rows": 1,
            "Actual Loops": 2,
            "Plans": [
              {
                "Node Type": "Hash Join",
                "Parent Relationship": "Outer",
                "Parallel Aware": true,
                "Join Type": "Inner",
                "Startup Cost": 61256.6,
                "Total Cost": 458832.29,
                "Plan Rows": 1151844,
                "Plan Width": 0,
                "Actual Startup Time": 217.844,
                "Actual Total Time": 2297.429,
                "Actual Rows": 1025516,
                "Actual Loops": 2,
                "Inner Unique": true,
                "Hash Cond": "(ci.movie_id = t.id)",
                "Plans": [
                  {
                    "Node Type": "Index Scan",
                    "Parent Relationship": "Outer",
                    "Parallel Aware": true,
                    "Scan Direction": "Forward",
                    "Index Name": "role_id_cast_info",
                    "Relation Name": "cast_info",
                    "Alias": "ci",
                    "Startup Cost": 0.56,
                    "Total Cost": 378519.23,
                    "Plan Rows": 7259809,
                    "Plan Width": 4,
                    "Actual Startup Time": 0.069,
                    "Actual Total Time": 929.331,
                    "Actual Rows": 6056823,
                    "Actual Loops": 2,
                    "Index Cond": "(role_id > 3)",
                    "Rows Removed by Index Recheck": 0
                  },
                  {
                    "Node Type": "Hash",
                    "Parent Relationship": "Inner",
                    "Parallel Aware": true,
                    "Startup Cost": 58306.47,
                    "Total Cost": 58306.47,
                    "Plan Rows": 235965,
                    "Plan Width": 4,
                    "Actual Startup Time": 212.392,
                    "Actual Total Time": 212.393,
                    "Actual Rows": 167996,
                    "Actual Loops": 2,
                    "Hash Buckets": 524288,
                    "Original Hash Buckets": 524288,
                    "Hash Batches": 1,
                    "Original Hash Batches": 1,
                    "Peak Memory Usage": 17280,
                    "Plans": [
                      {
                        "Node Type": "Seq Scan",
                        "Parent Relationship": "Outer",
                        "Parallel Aware": true,
                        "Relation Name": "title",
                        "Alias": "t",
                        "Startup Cost": 0.0,
                        "Total Cost": 58306.47,
                        "Plan Rows": 235965,
                        "Plan Width": 4,
                        "Actual Startup Time": 0.076,
                        "Actual Total Time": 165.311,
                        "Actual Rows": 167996,
                        "Actual Loops": 2,
                        "Filter": "((kind_id < 7) AND (production_year > 2005))",
                        "Rows Removed by Filter": 1096160
                      }
                    ]
                  }
                ]
              }
            ]
          }
        ]
      }
    ]
  },
  "Planning Time": 0.663,
  "Triggers": [],
  "Execution Time": 2390.016
}