[
  {
    "Plan": {
      "Node Type": "Aggregate",
      "Strategy": "Plain",
      "Partial Mode": "Finalize",
      "Parallel Aware": false,
      "Startup Cost": 27791.82,
      "Total Cost": 27791.83,
      "Plan Rows": 1,
      "Plan Width": 8,
      "Actual Startup Time": 80.178,
      "Actual Total Time": 84.679,
      "Actual Rows": 1,
      "Actual Loops": 1,
      "Plans": [
        {
          "Node Type": "Gather",
          "Parent Relationship": "Outer",
          "Parallel Aware": false,
          "Startup Cost": 27791.5,
          "Total Cost": 27791.81,
          "Plan Rows": 3,
          "Plan Width": 8,
          "Actual Startup Time": 80.012,
          "Actual Total Time": 84.669,
          "Actual Rows": 4,
          "Actual Loops": 1,
          "Workers Planned": 3,
          "Workers Launched": 3,
          "Single Copy": false,
          "Plans": [
            {
              "Node Type": "Aggregate",
              "Strategy": "Plain",
              "Partial Mode": "Partial",
              "Parent Relationship": "Outer",
              "Parallel Aware": false,
              "Startup Cost": 26791.5,
              "Total Cost": 26791.51,
              "Plan Rows": 1,
              "Plan Width": 8,
              "Actual Startup Time": 75.617,
              "Actual Total Time": 75.618,
              "Actual Rows": 1,
              "Actual Loops": 4,
              "Plans": [
                {
                  "Node Type": "Bitmap Heap Scan",
                  "Parent Relationship": "Outer",
                  "Parallel Aware": true,
                  "Relation Name": "movie_companies",
                  "Alias": "mc",
                  "Startup Cost": 6433.79,
                  "Total Cost": 26668.45,
                  "Plan Rows": 49221,
                  "Plan Width": 0,
                  "Actual Startup Time": 33.313,
                  "Actual Total Time": 69.723,
                  "Actual Rows": 73478,
                  "Actual Loops": 4,
                  "Recheck Cond": "(company_id > 94773)",
                  "Rows Removed by Index Recheck": 0,
                  "Filter": "(company_type_id = 2)",
                  "Rows Removed by Filter": 0,
                  "Exact Heap Blocks": 1872,
                  "Lossy Heap Blocks": 0,
                  "Plans": [
                    {
                      "Node Type": "Bitmap Index Scan",
                      "Parent Relationship": "Outer",
                      "Parallel Aware": false,
                      "Index Name": "company_id_movie_companies",
                      "Startup Cost": 0.0,
                      "Total Cost": 6395.65,
                      "Plan Rows": 298562,
                      "Plan Width": 0,
                      "Actual Startup Time": 35.496,
                      "Actual Total Time": 35.496,
                      "Actual Rows": 293910,
                      "Actual Loops": 1,
                      "Index Cond": "(company_id > 94773)"
                    }
                  ]
                }
              ]
            }
          ]
        }
      ]
    },
    "Planning Time": 0.241,
    "Triggers": [],
    "Execution Time": 84.763
  }
]