[
  {
    "Plan": {
      "Node Type": "Aggregate",
      "Strategy": "Plain",
      "Partial Mode": "Finalize",
      "Parallel Aware": false,
      "Startup Cost": 130140.38,
      "Total Cost": 130140.39,
      "Plan Rows": 1,
      "Plan Width": 8,
      "Actual Startup Time": 902.109,
      "Actual Total Time": 931.29,
      "Actual Rows": 1,
      "Actual Loops": 1,
      "Plans": [
        {
          "Node Type": "Gather",
          "Parent Relationship": "Outer",
          "Parallel Aware": false,
          "Startup Cost": 130140.07,
          "Total Cost": 130140.38,
          "Plan Rows": 3,
          "Plan Width": 8,
          "Actual Startup Time": 879.62,
          "Actual Total Time": 931.28,
          "Actual Rows": 4,
          "Actual Loops": 1,
          "Workers Planned": 3,
          "Workers Launched": 3,
          "Single Copy": false,
          "Plans": [
            {
              "Node Type": "Aggregate",
              "Strategy": "Plain",
              "Partial Mode": "Partial",
              "Parent Relationship": "Outer",
              "Parallel Aware": false,
              "Startup Cost": 129140.07,
              "Total Cost": 129140.08,
              "Plan Rows": 1,
              "Plan Width": 8,
              "Actual Startup Time": 871.805,
              "Actual Total Time": 871.812,
              "Actual Rows": 1,
              "Actual Loops": 4,
              "Plans": [
                {
                  "Node Type": "Hash Join",
                  "Parent Relationship": "Outer",
                  "Parallel Aware": true,
                  "Join Type": "Inner",
                  "Startup Cost": 80990.48,
                  "Total Cost": 128684.46,
                  "Plan Rows": 182243,
                  "Plan Width": 0,
                  "Actual Startup Time": 588.72,
                  "Actual Total Time": 847.007,
                  "Actual Rows": 490080,
                  "Actual Loops": 4,
                  "Inner Unique": false,
                  "Hash Cond": "(mk.movie_id = t.id)",
                  "Plans": [
                    {
                      "Node Type": "Seq Scan",
                      "Parent Relationship": "Outer",
                      "Parallel Aware": true,
                      "Relation Name": "movie_keyword",
                      "Alias": "mk",
                      "Startup Cost": 0.0,
                      "Total Cost": 42695.65,
                      "Plan Rows": 1176119,
                      "Plan Width": 4,
                      "Actual Startup Time": 0.054,
                      "Actual Total Time": 127.388,
                      "Actual Rows": 912264,
                      "Actual Loops": 4,
                      "Filter": "(keyword_id < 21122)",
                      "Rows Removed by Filter": 218718
                    },
                    {
                      "Node Type": "Hash",
                      "Parent Relationship": "Inner",
                      "Parallel Aware": true,
                      "Startup Cost": 79410.69,
                      "Total Cost": 79410.69,
                      "Plan Rows": 126383,
                      "Plan Width": 8,
                      "Actual Startup Time": 585.404,
                      "Actual Total Time": 585.409,
                      "Actual Rows": 96875,
                      "Actual Loops": 4,
                      "Hash Buckets": 524288,
                      "Original Hash Buckets": 524288,
                      "Hash Batches": 1,
                      "Original Hash Batches": 1,
                      "Peak Memory Usage": 19328,
                      "Plans": [
                        {
                          "Node Type": "Hash Join",
                          "Parent Relationship": "Outer",
                          "Parallel Aware": true,
                          "Join Type": "Inner",
                          "Startup Cost": 58709.15,
                          "Total Cost": 79410.69,
                          "Plan Rows": 126383,
                          "Plan Width": 8,
                          "Actual Startup Time": 438.675,
                          "Actual Total Time": 544.481,
                          "Actual Rows": 96875,
                          "Actual Loops": 4,
                          "Inner Unique": true,
                          "Hash Cond": "(mc.movie_id = t.id)",
                          "Plans": [
                            {
                              "Node Type": "Bitmap Heap Scan",
                              "Parent Relationship": "Outer",
                              "Parallel Aware": true,
                              "Relation Name": "movie_companies",
                              "Alias": "mc",
                              "Startup Cost": 8488.77,
                              "Total Cost": 28858.55,
                              "Plan Rows": 126383,
                              "Plan Width": 4,
                              "Actual Startup Time": 29.089,
                              "Actual Total Time": 69.458,
                              "Actual Rows": 96875,
                              "Actual Loops": 4,
                              "Recheck Cond": "(company_id < 227)",
                              "Rows Removed by Index Recheck": 0,
                              "Exact Heap Blocks": 4963,
                              "Lossy Heap Blocks": 0,
                              "Plans": [
                                {
                                  "Node Type": "Bitmap Index Scan",
                                  "Parent Relationship": "Outer",
                                  "Parallel Aware": false,
                                  "Index Name": "company_id_movie_companies",
                                  "Startup Cost": 0.0,
                                  "Total Cost": 8390.83,
                                  "Plan Rows": 391786,
                                  "Plan Width": 0,
                                  "Actual Startup Time": 24.782,
                                  "Actual Total Time": 24.782,
                                  "Actual Rows": 387501,
                                  "Actual Loops": 1,
                                  "Index Cond": "(company_id < 227)"
                                }
                              ]
                            },
                            {
                              "Node Type": "Hash",
                              "Parent Relationship": "Inner",
                              "Parallel Aware": true,
                              "Startup Cost": 42319.06,
                              "Total Cost": 42319.06,
                              "Plan Rows": 632106,
                              "Plan Width": 4,
                              "Actual Startup Time": 399.423,
                              "Actual Total Time": 399.424,
                              "Actual Rows": 632078,
                              "Actual Loops": 4,
                              "Hash Buckets": 4194304,
                              "Original Hash Buckets": 4194304,
                              "Hash Batches": 1,
                              "Original Hash Batches": 1,
                              "Peak Memory Usage": 131776,
                              "Plans": [
                                {
                                  "Node Type": "Seq Scan",
                                  "Parent Relationship": "Outer",
                                  "Parallel Aware": true,
                                  "Relation Name": "title",
                                  "Alias": "t",
                                  "Startup Cost": 0.0,
                                  "Total Cost": 42319.06,
                                  "Plan Rows": 632106,
                                  "Plan Width": 4,
                                  "Actual Startup Time": 0.059,
                                  "Actual Total Time": 113.456,
                                  "Actual Rows": 632078,
                                  "Actual Loops": 4
                                }
                              ]
                            }
                          ]
                        }
                      ]
                    }
                  ]
                }
              ]
            }
          ]
        }
      ]
    },
    "Planning Time": 1.462,
    "Triggers": [],
    "Execution Time": 931.397
  }
]