[
  {
    "Plan": {
      "Node Type": "Aggregate",
      "Strategy": "Plain",
      "Partial Mode": "Finalize",
      "Parallel Aware": false,
      "Startup Cost": 126425.17,
      "Total Cost": 126425.18,
      "Plan Rows": 1,
      "Plan Width": 8,
      "Actual Startup Time": 634.967,
      "Actual Total Time": 657.826,
      "Actual Rows": 1,
      "Actual Loops": 1,
      "Plans": [
        {
          "Node Type": "Gather",
          "Parent Relationship": "Outer",
          "Parallel Aware": false,
          "Startup Cost": 126424.85,
          "Total Cost": 126425.16,
          "Plan Rows": 3,
          "Plan Width": 8,
          "Actual Startup Time": 632.668,
          "Actual Total Time": 657.816,
          "Actual Rows": 4,
          "Actual Loops": 1,
          "Workers Planned": 3,
          "Workers Launched": 3,
          "Single Copy": false,
          "Plans": [
            {
              "Node Type": "Aggregate",
              "Strategy": "Plain",
              "Partial Mode": "Partial",
              "Parent Relationship": "Outer",
              "Parallel Aware": false,
              "Startup Cost": 125424.85,
              "Total Cost": 125424.86,
              "Plan Rows": 1,
              "Plan Width": 8,
              "Actual Startup Time": 623.355,
              "Actual Total Time": 623.465,
              "Actual Rows": 1,
              "Actual Loops": 4,
              "Plans": [
                {
                  "Node Type": "Hash Join",
                  "Parent Relationship": "Outer",
                  "Parallel Aware": true,
                  "Join Type": "Inner",
                  "Startup Cost": 77408.6,
                  "Total Cost": 124970.74,
                  "Plan Rows": 181645,
                  "Plan Width": 0,
                  "Actual Startup Time": 364.343,
                  "Actual Total Time": 602.582,
                  "Actual Rows": 490080,
                  "Actual Loops": 4,
                  "Inner Unique": false,
                  "Hash Cond": "(mk.movie_id = t.id)",
                  "Plans": [
                    {
                      "Node Type": "Seq Scan",
                      "Parent Relationship": "Outer",
                      "Parallel Aware": true,
                      "Relation Name": "movie_keyword",
                      "Alias": "mk",
                      "Startup Cost": 0.0,
                      "Total Cost": 42695.65,
                      "Plan Rows": 1176632,
                      "Plan Width": 4,
                      "Actual Startup Time": 0.065,
                      "Actual Total Time": 119.838,
                      "Actual Rows": 912264,
                      "Actual Loops": 4,
                      "Filter": "(keyword_id < 21122)",
                      "Rows Removed by Filter": 218718
                    },
                    {
                      "Node Type": "Hash",
                      "Parent Relationship": "Inner",
                      "Parallel Aware": true,
                      "Startup Cost": 76188.88,
                      "Total Cost": 76188.88,
                      "Plan Rows": 97578,
                      "Plan Width": 8,
                      "Actual Startup Time": 360.774,
                      "Actual Total Time": 360.882,
                      "Actual Rows": 96875,
                      "Actual Loops": 4,
                      "Hash Buckets": 524288,
                      "Original Hash Buckets": 524288,
                      "Hash Batches": 1,
                      "Original Hash Batches": 1,
                      "Peak Memory Usage": 19328,
                      "Plans": [
                        {
                          "Node Type": "Hash Join",
                          "Parent Relationship": "Outer",
                          "Parallel Aware": true,
                          "Join Type": "Inner",
                          "Startup Cost": 30395.01,
                          "Total Cost": 76188.88,
                          "Plan Rows": 97578,
                          "Plan Width": 8,
                          "Actual Startup Time": 115.382,
                          "Actual Total Time": 332.239,
                          "Actual Rows": 96875,
                          "Actual Loops": 4,
                          "Inner Unique": false,
                          "Hash Cond": "(t.id = mc.movie_id)",
                          "Plans": [
                            {
                              "Node Type": "Seq Scan",
                              "Parent Relationship": "Outer",
                              "Parallel Aware": true,
                              "Relation Name": "title",
                              "Alias": "t",
                              "Startup Cost": 0.0,
                              "Total Cost": 42318.73,
                              "Plan Rows": 632073,
                              "Plan Width": 4,
                              "Actual Startup Time": 0.011,
                              "Actual Total Time": 78.54,
                              "Actual Rows": 632078,
                              "Actual Loops": 4
                            },
                            {
                              "Node Type": "Hash",
                              "Parent Relationship": "Inner",
                              "Parallel Aware": true,
                              "Startup Cost": 28821.17,
                              "Total Cost": 28821.17,
                              "Plan Rows": 125907,
                              "Plan Width": 4,
                              "Actual Startup Time": 113.54,
                              "Actual Total Time": 113.541,
                              "Actual Rows": 96875,
                              "Actual Loops": 4,
                              "Hash Buckets": 524288,
                              "Original Hash Buckets": 524288,
                              "Hash Batches": 1,
                              "Original Hash Batches": 1,
                              "Peak Memory Usage": 19360,
                              "Plans": [
                                {
                                  "Node Type": "Bitmap Heap Scan",
                                  "Parent Relationship": "Outer",
                                  "Parallel Aware": true,
                                  "Relation Name": "movie_companies",
                                  "Alias": "mc",
                                  "Startup Cost": 8457.34,
                                  "Total Cost": 28821.17,
                                  "Plan Rows": 125907,
                                  "Plan Width": 4,
                                  "Actual Startup Time": 28.033,
                                  "Actual Total Time": 76.547,
                                  "Actual Rows": 96875,
                                  "Actual Loops": 4,
                                  "Recheck Cond": "(company_id < 227)",
                                  "Rows Removed by Index Recheck": 0,
                                  "Exact Heap Blocks": 8073,
                                  "Lossy Heap Blocks": 0,
                                  "Plans": [
                                    {
                                      "Node Type": "Bitmap Index Scan",
                                      "Parent Relationship": "Outer",
                                      "Parallel Aware": false,
                                      "Index Name": "company_id_movie_companies",
                                      "Startup Cost": 0.0,
                                      "Total Cost": 8359.76,
                                      "Plan Rows": 390311,
                                      "Plan Width": 0,
                                      "Actual Startup Time": 25.035,
                                      "Actual Total Time": 25.036,
                                      "Actual Rows": 387501,
                                      "Actual Loops": 1,
                                      "Index Cond": "(company_id < 227)"
                                    }
                                  ]
                                }
                              ]
                            }
                          ]
                        }
                      ]
                    }
                  ]
                }
              ]
            }
          ]
        }
      ]
    },
    "Planning Time": 1.467,
    "Triggers": [],
    "Execution Time": 657.949
  }
]