{
    "Plan": {
        "Node Type": "Aggregate",
        "Strategy": "Plain",
        "Partial Mode": "Finalize",
        "Parallel Aware": false,
        "Startup Cost": 299876.01,
        "Total Cost": 299876.02,
        "Plan Rows": 1,
        "Plan Width": 8,
        "Actual Startup Time": 2229.236,
        "Actual Total Time": 2271.154,
        "Actual Rows": 1,
        "Actual Loops": 1,
        "Output": [
            "count(*)"
        ],
        "Plans": [
            {
                "Node Type": "Gather",
                "Parent Relationship": "Outer",
                "Parallel Aware": false,
                "Startup Cost": 299875.48,
                "Total Cost": 299875.99,
                "Plan Rows": 5,
                "Plan Width": 8,
                "Actual Startup Time": 2211.782,
                "Actual Total Time": 2271.142,
                "Actual Rows": 6,
                "Actual Loops": 1,
                "Output": [
                    "(PARTIAL count(*))"
                ],
                "Workers Planned": 5,
                "Workers Launched": 5,
                "Single Copy": false,
                "Plans": [
                    {
                        "Node Type": "Aggregate",
                        "Strategy": "Plain",
                        "Partial Mode": "Partial",
                        "Parent Relationship": "Outer",
                        "Parallel Aware": false,
                        "Startup Cost": 298875.48,
                        "Total Cost": 298875.49,
                        "Plan Rows": 1,
                        "Plan Width": 8,
                        "Actual Startup Time": 2197.576,
                        "Actual Total Time": 2197.891,
                        "Actual Rows": 1,
                        "Actual Loops": 6,
                        "Output": [
                            "PARTIAL count(*)"
                        ],
                        "Workers": [
                            {
                                "Worker Number": 0,
                                "Actual Startup Time": 2194.615,
                                "Actual Total Time": 2194.62,
                                "Actual Rows": 1,
                                "Actual Loops": 1
                            },
                            {
                                "Worker Number": 1,
                                "Actual Startup Time": 2194.721,
                                "Actual Total Time": 2194.726,
                                "Actual Rows": 1,
                                "Actual Loops": 1
                            },
                            {
                                "Worker Number": 2,
                                "Actual Startup Time": 2194.712,
                                "Actual Total Time": 2194.717,
                                "Actual Rows": 1,
                                "Actual Loops": 1
                            },
                            {
                                "Worker Number": 3,
                                "Actual Startup Time": 2195.833,
                                "Actual Total Time": 2195.838,
                                "Actual Rows": 1,
                                "Actual Loops": 1
                            },
                            {
                                "Worker Number": 4,
                                "Actual Startup Time": 2194.716,
                                "Actual Total Time": 2194.72,
                                "Actual Rows": 1,
                                "Actual Loops": 1
                            }
                        ],
                        "Plans": [
                            {
                                "Node Type": "Hash Join",
                                "Parent Relationship": "Outer",
                                "Parallel Aware": true,
                                "Join Type": "Inner",
                                "Startup Cost": 87825.71,
                                "Total Cost": 295172.83,
                                "Plan Rows": 1481062,
                                "Plan Width": 0,
                                "Actual Startup Time": 490.033,
                                "Actual Total Time": 1868.974,
                                "Actual Rows": 7983900,
                                "Actual Loops": 6,
                                "Inner Unique": false,
                                "Hash Cond": "(mi.movie_id = t.id)",
                                "Workers": [
                                    {
                                        "Worker Number": 0,
                                        "Actual Startup Time": 487.651,
                                        "Actual Total Time": 1855.019,
                                        "Actual Rows": 5755013,
                                        "Actual Loops": 1
                                    },
                                    {
                                        "Worker Number": 1,
                                        "Actual Startup Time": 487.556,
                                        "Actual Total Time": 1868.251,
                                        "Actual Rows": 8556627,
                                        "Actual Loops": 1
                                    },
                                    {
                                        "Worker Number": 2,
                                        "Actual Startup Time": 487.607,
                                        "Actual Total Time": 1869.327,
                                        "Actual Rows": 8516678,
                                        "Actual Loops": 1
                                    },
                                    {
                                        "Worker Number": 3,
                                        "Actual Startup Time": 487.473,
                                        "Actual Total Time": 1886.041,
                                        "Actual Rows": 8137042,
                                        "Actual Loops": 1
                                    },
                                    {
                                        "Worker Number": 4,
                                        "Actual Startup Time": 487.25,
                                        "Actual Total Time": 1870.11,
                                        "Actual Rows": 8493262,
                                        "Actual Loops": 1
                                    }
                                ],
                                "Plans": [
                                    {
                                        "Node Type": "Seq Scan",
                                        "Parent Relationship": "Outer",
                                        "Parallel Aware": true,
                                        "Relation Name": "movie_info",
                                        "Schema": "public",
                                        "Alias": "mi",
                                        "Startup Cost": 0.0,
                                        "Total Cost": 191503.19,
                                        "Plan Rows": 2951019,
                                        "Plan Width": 4,
                                        "Actual Startup Time": 0.029,
                                        "Actual Total Time": 276.373,
                                        "Actual Rows": 2472620,
                                        "Actual Loops": 6,
                                        "Output": [
                                            "mi.id",
                                            "mi.movie_id",
                                            "mi.info_type_id",
                                            "mi.info",
                                            "mi.note"
                                        ],
                                        "Workers": [
                                            {
                                                "Worker Number": 0,
                                                "Actual Startup Time": 0.033,
                                                "Actual Total Time": 292.19,
                                                "Actual Rows": 1933248,
                                                "Actual Loops": 1
                                            },
                                            {
                                                "Worker Number": 1,
                                                "Actual Startup Time": 0.033,
                                                "Actual Total Time": 285.268,
                                                "Actual Rows": 2618594,
                                                "Actual Loops": 1
                                            },
                                            {
                                                "Worker Number": 2,
                                                "Actual Startup Time": 0.025,
                                                "Actual Total Time": 286.083,
                                                "Actual Rows": 2609242,
                                                "Actual Loops": 1
                                            },
                                            {
                                                "Worker Number": 3,
                                                "Actual Startup Time": 0.038,
                                                "Actual Total Time": 301.012,
                                                "Actual Rows": 2404878,
                                                "Actual Loops": 1
                                            },
                                            {
                                                "Worker Number": 4,
                                                "Actual Startup Time": 0.032,
                                                "Actual Total Time": 285.876,
                                                "Actual Rows": 2598844,
                                                "Actual Loops": 1
                                            }
                                        ]
                                    },
                                    {
                                        "Node Type": "Hash",
                                        "Parent Relationship": "Inner",
                                        "Parallel Aware": true,
                                        "Startup Cost": 82709.11,
                                        "Total Cost": 82709.11,
                                        "Plan Rows": 409328,
                                        "Plan Width": 8,
                                        "Actual Startup Time": 483.521,
                                        "Actual Total Time": 483.835,
                                        "Actual Rows": 212374,
                                        "Actual Loops": 6,
                                        "Output": [
                                            "t.id",
                                            "mc.movie_id"
                                        ],
                                        "Hash Buckets": 2097152,
                                        "Original Hash Buckets": 2097152,
                                        "Hash Batches": 1,
                                        "Original Hash Batches": 1,
                                        "Peak Memory Usage": 66336,
                                        "Workers": [
                                            {
                                                "Worker Number": 0,
                                                "Actual Startup Time": 485.689,
                                                "Actual Total Time": 485.693,
                                                "Actual Rows": 159277,
                                                "Actual Loops": 1
                                            },
                                            {
                                                "Worker Number": 1,
                                                "Actual Startup Time": 485.728,
                                                "Actual Total Time": 485.731,
                                                "Actual Rows": 228460,
                                                "Actual Loops": 1
                                            },
                                            {
                                                "Worker Number": 2,
                                                "Actual Startup Time": 485.599,
                                                "Actual Total Time": 485.602,
                                                "Actual Rows": 226023,
                                                "Actual Loops": 1
                                            },
                                            {
                                                "Worker Number": 3,
                                                "Actual Startup Time": 485.545,
                                                "Actual Total Time": 485.548,
                                                "Actual Rows": 200097,
                                                "Actual Loops": 1
                                            },
                                            {
                                                "Worker Number": 4,
                                                "Actual Startup Time": 485.713,
                                                "Actual Total Time": 485.716,
                                                "Actual Rows": 223710,
                                                "Actual Loops": 1
                                            }
                                        ],
                                        "Plans": [
                                            {
                                                "Node Type": "Hash Join",
                                                "Parent Relationship": "Outer",
                                                "Parallel Aware": true,
                                                "Join Type": "Inner",
                                                "Startup Cost": 50219.81,
                                                "Total Cost": 82709.11,
                                                "Plan Rows": 409328,
                                                "Plan Width": 8,
                                                "Actual Startup Time": 275.268,
                                                "Actual Total Time": 404.655,
                                                "Actual Rows": 212374,
                                                "Actual Loops": 6,
                                                "Output": [
                                                    "t.id",
                                                    "mc.movie_id"
                                                ],
                                                "Inner Unique": true,
                                                "Hash Cond": "(mc.movie_id = t.id)",
                                                "Workers": [
                                                    {
                                                        "Worker Number": 0,
                                                        "Actual Startup Time": 275.326,
                                                        "Actual Total Time": 404.765,
                                                        "Actual Rows": 159277,
                                                        "Actual Loops": 1
                                                    },
                                                    {
                                                        "Worker Number": 1,
                                                        "Actual Startup Time": 275.226,
                                                        "Actual Total Time": 404.084,
                                                        "Actual Rows": 228460,
                                                        "Actual Loops": 1
                                                    },
                                                    {
                                                        "Worker Number": 2,
                                                        "Actual Startup Time": 275.304,
                                                        "Actual Total Time": 405.68,
                                                        "Actual Rows": 226023,
                                                        "Actual Loops": 1
                                                    },
                                                    {
                                                        "Worker Number": 3,
                                                        "Actual Startup Time": 275.262,
                                                        "Actual Total Time": 404.03,
                                                        "Actual Rows": 200097,
                                                        "Actual Loops": 1
                                                    },
                                                    {
                                                        "Worker Number": 4,
                                                        "Actual Startup Time": 275.18,
                                                        "Actual Total Time": 404.063,
                                                        "Actual Rows": 223710,
                                                        "Actual Loops": 1
                                                    }
                                                ],
                                                "Plans": [
                                                    {
                                                        "Node Type": "Seq Scan",
                                                        "Parent Relationship": "Outer",
                                                        "Parallel Aware": true,
                                                        "Relation Name": "movie_companies",
                                                        "Schema": "public",
                                                        "Alias": "mc",
                                                        "Startup Cost": 0.0,
                                                        "Total Cost": 31414.82,
                                                        "Plan Rows": 409328,
                                                        "Plan Width": 4,
                                                        "Actual Startup Time": 0.028,
                                                        "Actual Total Time": 53.459,
                                                        "Actual Rows": 212374,
                                                        "Actual Loops": 6,
                                                        "Output": [
                                                            "mc.id",
                                                            "mc.movie_id",
                                                            "mc.company_id",
                                                            "mc.company_type_id",
                                                            "mc.note"
                                                        ],
                                                        "Filter": "((mc.company_id < 214295) AND (mc.company_type_id < 2))",
                                                        "Rows Removed by Filter": 222480,
                                                        "Workers": [
                                                            {
                                                                "Worker Number": 0,
                                                                "Actual Startup Time": 0.039,
                                                                "Actual Total Time": 57.113,
                                                                "Actual Rows": 159277,
                                                                "Actual Loops": 1
                                                            },
                                                            {
                                                                "Worker Number": 1,
                                                                "Actual Startup Time": 0.025,
                                                                "Actual Total Time": 54.057,
                                                                "Actual Rows": 228460,
                                                                "Actual Loops": 1
                                                            },
                                                            {
                                                                "Worker Number": 2,
                                                                "Actual Startup Time": 0.033,
                                                                "Actual Total Time": 53.707,
                                                                "Actual Rows": 226023,
                                                                "Actual Loops": 1
                                                            },
                                                            {
                                                                "Worker Number": 3,
                                                                "Actual Startup Time": 0.031,
                                                                "Actual Total Time": 52.947,
                                                                "Actual Rows": 200097,
                                                                "Actual Loops": 1
                                                            },
                                                            {
                                                                "Worker Number": 4,
                                                                "Actual Startup Time": 0.029,
                                                                "Actual Total Time": 53.685,
                                                                "Actual Rows": 223710,
                                                                "Actual Loops": 1
                                                            }
                                                        ]
                                                    },
                                                    {
                                                        "Node Type": "Hash",
                                                        "Parent Relationship": "Inner",
                                                        "Parallel Aware": true,
                                                        "Startup Cost": 42318.81,
                                                        "Total Cost": 42318.81,
                                                        "Plan Rows": 632080,
                                                        "Plan Width": 4,
                                                        "Actual Startup Time": 270.699,
                                                        "Actual Total Time": 270.7,
                                                        "Actual Rows": 421385,
                                                        "Actual Loops": 6,
                                                        "Output": [
                                                            "t.id"
                                                        ],
                                                        "Hash Buckets": 4194304,
                                                        "Original Hash Buckets": 4194304,
                                                        "Hash Batches": 1,
                                                        "Original Hash Batches": 1,
                                                        "Peak Memory Usage": 131744,
                                                        "Workers": [
                                                            {
                                                                "Worker Number": 0,
                                                                "Actual Startup Time": 274.963,
                                                                "Actual Total Time": 274.964,
                                                                "Actual Rows": 327117,
                                                                "Actual Loops": 1
                                                            },
                                                            {
                                                                "Worker Number": 1,
                                                                "Actual Startup Time": 275.111,
                                                                "Actual Total Time": 275.112,
                                                                "Actual Rows": 437303,
                                                                "Actual Loops": 1
                                                            },
                                                            {
                                                                "Worker Number": 2,
                                                                "Actual Startup Time": 274.973,
                                                                "Actual Total Time": 274.974,
                                                                "Actual Rows": 427166,
                                                                "Actual Loops": 1
                                                            },
                                                            {
                                                                "Worker Number": 3,
                                                                "Actual Startup Time": 274.967,
                                                                "Actual Total Time": 274.967,
                                                                "Actual Rows": 379493,
                                                                "Actual Loops": 1
                                                            },
                                                            {
                                                                "Worker Number": 4,
                                                                "Actual Startup Time": 275.093,
                                                                "Actual Total Time": 275.094,
                                                                "Actual Rows": 427660,
                                                                "Actual Loops": 1
                                                            }
                                                        ],
                                                        "Plans": [
                                                            {
                                                                "Node Type": "Seq Scan",
                                                                "Parent Relationship": "Outer",
                                                                "Parallel Aware": true,
                                                                "Relation Name": "title",
                                                                "Schema": "public",
                                                                "Alias": "t",
                                                                "Startup Cost": 0.0,
                                                                "Total Cost": 42318.81,
                                                                "Plan Rows": 632080,
                                                                "Plan Width": 4,
                                                                "Actual Startup Time": 0.062,
                                                                "Actual Total Time": 77.431,
                                                                "Actual Rows": 421385,
                                                                "Actual Loops": 6,
                                                                "Output": [
                                                                    "t.id"
                                                                ],
                                                                "Workers": [
                                                                    {
                                                                        "Worker Number": 0,
                                                                        "Actual Startup Time": 0.077,
                                                                        "Actual Total Time": 84.539,
                                                                        "Actual Rows": 327117,
                                                                        "Actual Loops": 1
                                                                    },
                                                                    {
                                                                        "Worker Number": 1,
                                                                        "Actual Startup Time": 0.073,
                                                                        "Actual Total Time": 79.255,
                                                                        "Actual Rows": 437303,
                                                                        "Actual Loops": 1
                                                                    },
                                                                    {
                                                                        "Worker Number": 2,
                                                                        "Actual Startup Time": 0.076,
                                                                        "Actual Total Time": 79.59,
                                                                        "Actual Rows": 427166,
                                                                        "Actual Loops": 1
                                                                    },
                                                                    {
                                                                        "Worker Number": 3,
                                                                        "Actual Startup Time": 0.065,
                                                                        "Actual Total Time": 77.265,
                                                                        "Actual Rows": 379493,
                                                                        "Actual Loops": 1
                                                                    },
                                                                    {
                                                                        "Worker Number": 4,
                                                                        "Actual Startup Time": 0.064,
                                                                        "Actual Total Time": 79.492,
                                                                        "Actual Rows": 427660,
                                                                        "Actual Loops": 1
                                                                    }
                                                                ]
                                                            }
                                                        ]
                                                    }
                                                ]
                                            }
                                        ]
                                    }
                                ]
                            }
                        ]
                    }
                ]
            }
        ]
    },
    "Planning Time": 1.654,
    "Triggers": [],
    "Execution Time": 2271.245
}