[
  {
    "Plan": {
      "Node Type": "Aggregate",
      "Strategy": "Plain",
      "Partial Mode": "Finalize",
      "Parallel Aware": false,
      "Startup Cost": 371739.05,
      "Total Cost": 371739.06,
      "Plan Rows": 1,
      "Plan Width": 8,
      "Actual Startup Time": 1138.312,
      "Actual Total Time": 1162.738,
      "Actual Rows": 1,
      "Actual Loops": 1,
      "Plans": [
        {
          "Node Type": "Gather",
          "Parent Relationship": "Outer",
          "Parallel Aware": false,
          "Startup Cost": 371738.73,
          "Total Cost": 371739.04,
          "Plan Rows": 3,
          "Plan Width": 8,
          "Actual Startup Time": 1126.935,
          "Actual Total Time": 1162.729,
          "Actual Rows": 4,
          "Actual Loops": 1,
          "Workers Planned": 3,
          "Workers Launched": 3,
          "Single Copy": false,
          "Plans": [
            {
              "Node Type": "Aggregate",
              "Strategy": "Plain",
              "Partial Mode": "Partial",
              "Parent Relationship": "Outer",
              "Parallel Aware": false,
              "Startup Cost": 370738.73,
              "Total Cost": 370738.74,
              "Plan Rows": 1,
              "Plan Width": 8,
              "Actual Startup Time": 1119.098,
              "Actual Total Time": 1119.226,
              "Actual Rows": 1,
              "Actual Loops": 4,
              "Plans": [
                {
                  "Node Type": "Hash Join",
                  "Parent Relationship": "Outer",
                  "Parallel Aware": true,
                  "Join Type": "Inner",
                  "Startup Cost": 324291.8,
                  "Total Cost": 369582.46,
                  "Plan Rows": 462508,
                  "Plan Width": 0,
                  "Actual Startup Time": 639.586,
                  "Actual Total Time": 1022.199,
                  "Actual Rows": 2197296,
                  "Actual Loops": 4,
                  "Inner Unique": false,
                  "Hash Cond": "(mk.movie_id = t.id)",
                  "Plans": [
                    {
                      "Node Type": "Seq Scan",
                      "Parent Relationship": "Outer",
                      "Parallel Aware": true,
                      "Relation Name": "movie_keyword",
                      "Alias": "mk",
                      "Startup Cost": 0.0,
                      "Total Cost": 39047.32,
                      "Plan Rows": 1459332,
                      "Plan Width": 4,
                      "Actual Startup Time": 0.03,
                      "Actual Total Time": 91.91,
                      "Actual Rows": 1130982,
                      "Actual Loops": 4
                    },
                    {
                      "Node Type": "Hash",
                      "Parent Relationship": "Inner",
                      "Parallel Aware": true,
                      "Startup Cost": 322622.35,
                      "Total Cost": 322622.35,
                      "Plan Rows": 133556,
                      "Plan Width": 8,
                      "Actual Startup Time": 636.193,
                      "Actual Total Time": 636.318,
                      "Actual Rows": 188420,
                      "Actual Loops": 4,
                      "Hash Buckets": 1048576,
                      "Original Hash Buckets": 1048576,
                      "Hash Batches": 1,
                      "Original Hash Batches": 1,
                      "Peak Memory Usage": 37728,
                      "Plans": [
                        {
                          "Node Type": "Hash Join",
                          "Parent Relationship": "Outer",
                          "Parallel Aware": true,
                          "Join Type": "Inner",
                          "Startup Cost": 67915.31,
                          "Total Cost": 322622.35,
                          "Plan Rows": 133556,
                          "Plan Width": 8,
                          "Actual Startup Time": 408.646,
                          "Actual Total Time": 557.95,
                          "Actual Rows": 188420,
                          "Actual Loops": 4,
                          "Inner Unique": true,
                          "Hash Cond": "(ci.movie_id = t.id)",
                          "Plans": [
                            {
                              "Node Type": "Bitmap Heap Scan",
                              "Parent Relationship": "Outer",
                              "Parallel Aware": true,
                              "Relation Name": "cast_info",
                              "Alias": "ci",
                              "Startup Cost": 17694.93,
                              "Total Cost": 272051.38,
                              "Plan Rows": 133556,
                              "Plan Width": 4,
                              "Actual Startup Time": 27.673,
                              "Actual Total Time": 68.312,
                              "Actual Rows": 188420,
                              "Actual Loops": 4,
                              "Recheck Cond": "(person_id > 3917460)",
                              "Rows Removed by Index Recheck": 0,
                              "Exact Heap Blocks": 3011,
                              "Lossy Heap Blocks": 0,
                              "Plans": [
                                {
                                  "Node Type": "Bitmap Index Scan",
                                  "Parent Relationship": "Outer",
                                  "Parallel Aware": false,
                                  "Index Name": "person_id_cast_info",
                                  "Startup Cost": 0.0,
                                  "Total Cost": 17494.59,
                                  "Plan Rows": 801337,
                                  "Plan Width": 0,
                                  "Actual Startup Time": 26.151,
                                  "Actual Total Time": 26.152,
                                  "Actual Rows": 753680,
                                  "Actual Loops": 1,
                                  "Index Cond": "(person_id > 3917460)"
                                }
                              ]
                            },
                            {
                              "Node Type": "Hash",
                              "Parent Relationship": "Inner",
                              "Parallel Aware": true,
                              "Startup Cost": 42319.06,
                              "Total Cost": 42319.06,
                              "Plan Rows": 632106,
                              "Plan Width": 4,
                              "Actual Startup Time": 373.226,
                              "Actual Total Time": 373.227,
                              "Actual Rows": 632078,
                              "Actual Loops": 4,
                              "Hash Buckets": 4194304,
                              "Original Hash Buckets": 4194304,
                              "Hash Batches": 1,
                              "Original Hash Batches": 1,
                              "Peak Memory Usage": 131712,
                              "Plans": [
                                {
                                  "Node Type": "Seq Scan",
                                  "Parent Relationship": "Outer",
                                  "Parallel Aware": true,
                                  "Relation Name": "title",
                                  "Alias": "t",
                                  "Startup Cost": 0.0,
                                  "Total Cost": 42319.06,
                                  "Plan Rows": 632106,
                                  "Plan Width": 4,
                                  "Actual Startup Time": 0.061,
                                  "Actual Total Time": 105.85,
                                  "Actual Rows": 632078,
                                  "Actual Loops": 4
                                }
                              ]
                            }
                          ]
                        }
                      ]
                    }
                  ]
                }
              ]
            }
          ]
        }
      ]
    },
    "Planning Time": 0.598,
    "Triggers": [],
    "Execution Time": 1162.797
  }
]