[
  {
    "Plan": {
      "Node Type": "Aggregate",
      "Strategy": "Plain",
      "Partial Mode": "Finalize",
      "Parallel Aware": false,
      "Startup Cost": 120827.64,
      "Total Cost": 120827.65,
      "Plan Rows": 1,
      "Plan Width": 8,
      "Actual Startup Time": 65.557,
      "Actual Total Time": 76.271,
      "Actual Rows": 1,
      "Actual Loops": 1,
      "Plans": [
        {
          "Node Type": "Gather",
          "Parent Relationship": "Outer",
          "Parallel Aware": false,
          "Startup Cost": 120827.22,
          "Total Cost": 120827.63,
          "Plan Rows": 4,
          "Plan Width": 8,
          "Actual Startup Time": 65.279,
          "Actual Total Time": 76.263,
          "Actual Rows": 5,
          "Actual Loops": 1,
          "Workers Planned": 4,
          "Workers Launched": 4,
          "Single Copy": false,
          "Plans": [
            {
              "Node Type": "Aggregate",
              "Strategy": "Plain",
              "Partial Mode": "Partial",
              "Parent Relationship": "Outer",
              "Parallel Aware": false,
              "Startup Cost": 119827.22,
              "Total Cost": 119827.23,
              "Plan Rows": 1,
              "Plan Width": 8,
              "Actual Startup Time": 58.382,
              "Actual Total Time": 58.384,
              "Actual Rows": 1,
              "Actual Loops": 5,
              "Plans": [
                {
                  "Node Type": "Nested Loop",
                  "Parent Relationship": "Outer",
                  "Parallel Aware": false,
                  "Join Type": "Inner",
                  "Startup Cost": 621.5,
                  "Total Cost": 119805.88,
                  "Plan Rows": 8536,
                  "Plan Width": 0,
                  "Actual Startup Time": 1.007,
                  "Actual Total Time": 57.579,
                  "Actual Rows": 7397,
                  "Actual Loops": 5,
                  "Inner Unique": true,
                  "Plans": [
                    {
                      "Node Type": "Bitmap Heap Scan",
                      "Parent Relationship": "Outer",
                      "Parallel Aware": true,
                      "Relation Name": "movie_info",
                      "Alias": "mi",
                      "Startup Cost": 621.07,
                      "Total Cost": 83822.9,
                      "Plan Rows": 8536,
                      "Plan Width": 4,
                      "Actual Startup Time": 0.843,
                      "Actual Total Time": 7.19,
                      "Actual Rows": 7397,
                      "Actual Loops": 5,
                      "Recheck Cond": "(info_type_id = 104)",
                      "Rows Removed by Index Recheck": 0,
                      "Exact Heap Blocks": 2153,
                      "Lossy Heap Blocks": 0,
                      "Plans": [
                        {
                          "Node Type": "Bitmap Index Scan",
                          "Parent Relationship": "Outer",
                          "Parallel Aware": false,
                          "Index Name": "info_type_id_movie_info",
                          "Startup Cost": 0.0,
                          "Total Cost": 612.53,
                          "Plan Rows": 34146,
                          "Plan Width": 0,
                          "Actual Startup Time": 2.717,
                          "Actual Total Time": 2.717,
                          "Actual Rows": 36985,
                          "Actual Loops": 1,
                          "Index Cond": "(info_type_id = 104)"
                        }
                      ]
                    },
                    {
                      "Node Type": "Index Only Scan",
                      "Parent Relationship": "Inner",
                      "Parallel Aware": false,
                      "Scan Direction": "Forward",
                      "Index Name": "title_pkey",
                      "Relation Name": "title",
                      "Alias": "t",
                      "Startup Cost": 0.43,
                      "Total Cost": 4.22,
                      "Plan Rows": 1,
                      "Plan Width": 4,
                      "Actual Startup Time": 0.006,
                      "Actual Total Time": 0.006,
                      "Actual Rows": 1,
                      "Actual Loops": 36985,
                      "Index Cond": "(id = mi.movie_id)",
                      "Rows Removed by Index Recheck": 0,
                      "Heap Fetches": 36985
                    }
                  ]
                }
              ]
            }
          ]
        }
      ]
    },
    "Planning Time": 0.258,
    "Triggers": [],
    "Execution Time": 76.317
  }
]