[
    {
        "Bao": {
            "Bao prediction": "NaN",
            "Bao recommended hint": "(no hint)"
        }
    },
    {
        "Plan": {
            "Node Type": "Aggregate",
            "Strategy": "Plain",
            "Partial Mode": "Finalize",
            "Parallel Aware": false,
            "Startup Cost": 347363.79,
            "Total Cost": 347363.8,
            "Plan Rows": 1,
            "Plan Width": 8,
            "Actual Startup Time": 823.053,
            "Actual Total Time": 853.076,
            "Actual Rows": 1,
            "Actual Loops": 1,
            "Output": [
                "count(*)"
            ],
            "Plans": [
                {
                    "Node Type": "Gather",
                    "Parent Relationship": "Outer",
                    "Parallel Aware": false,
                    "Startup Cost": 347363.16,
                    "Total Cost": 347363.77,
                    "Plan Rows": 6,
                    "Plan Width": 8,
                    "Actual Startup Time": 822.912,
                    "Actual Total Time": 853.068,
                    "Actual Rows": 7,
                    "Actual Loops": 1,
                    "Output": [
                        "(PARTIAL count(*))"
                    ],
                    "Workers Planned": 6,
                    "Workers Launched": 6,
                    "Single Copy": false,
                    "Plans": [
                        {
                            "Node Type": "Aggregate",
                            "Strategy": "Plain",
                            "Partial Mode": "Partial",
                            "Parent Relationship": "Outer",
                            "Parallel Aware": false,
                            "Startup Cost": 346363.16,
                            "Total Cost": 346363.17,
                            "Plan Rows": 1,
                            "Plan Width": 8,
                            "Actual Startup Time": 812.863,
                            "Actual Total Time": 812.864,
                            "Actual Rows": 1,
                            "Actual Loops": 7,
                            "Output": [
                                "PARTIAL count(*)"
                            ],
                            "Workers": [
                                {
                                    "Worker Number": 0,
                                    "Actual Startup Time": 810.75,
                                    "Actual Total Time": 810.752,
                                    "Actual Rows": 1,
                                    "Actual Loops": 1
                                },
                                {
                                    "Worker Number": 1,
                                    "Actual Startup Time": 810.449,
                                    "Actual Total Time": 810.451,
                                    "Actual Rows": 1,
                                    "Actual Loops": 1
                                },
                                {
                                    "Worker Number": 2,
                                    "Actual Startup Time": 811.173,
                                    "Actual Total Time": 811.174,
                                    "Actual Rows": 1,
                                    "Actual Loops": 1
                                },
                                {
                                    "Worker Number": 3,
                                    "Actual Startup Time": 811.771,
                                    "Actual Total Time": 811.771,
                                    "Actual Rows": 1,
                                    "Actual Loops": 1
                                },
                                {
                                    "Worker Number": 4,
                                    "Actual Startup Time": 811.376,
                                    "Actual Total Time": 811.377,
                                    "Actual Rows": 1,
                                    "Actual Loops": 1
                                },
                                {
                                    "Worker Number": 5,
                                    "Actual Startup Time": 812.184,
                                    "Actual Total Time": 812.185,
                                    "Actual Rows": 1,
                                    "Actual Loops": 1
                                }
                            ],
                            "Plans": [
                                {
                                    "Node Type": "Seq Scan",
                                    "Parent Relationship": "Outer",
                                    "Parallel Aware": true,
                                    "Relation Name": "cast_info",
                                    "Schema": "public",
                                    "Alias": "ci",
                                    "Startup Cost": 0.0,
                                    "Total Cost": 343318.94,
                                    "Plan Rows": 1217690,
                                    "Plan Width": 0,
                                    "Actual Startup Time": 376.757,
                                    "Actual Total Time": 725.243,
                                    "Actual Rows": 1566433,
                                    "Actual Loops": 7,
                                    "Output": [
                                        "id",
                                        "person_id",
                                        "movie_id",
                                        "person_role_id",
                                        "note",
                                        "nr_order",
                                        "role_id"
                                    ],
                                    "Filter": "((ci.person_id > 1967323) AND (ci.role_id > 2))",
                                    "Rows Removed by Filter": 3611330,
                                    "Workers": [
                                        {
                                            "Worker Number": 0,
                                            "Actual Startup Time": 374.658,
                                            "Actual Total Time": 726.024,
                                            "Actual Rows": 1270900,
                                            "Actual Loops": 1
                                        },
                                        {
                                            "Worker Number": 1,
                                            "Actual Startup Time": 374.348,
                                            "Actual Total Time": 724.192,
                                            "Actual Rows": 1293827,
                                            "Actual Loops": 1
                                        },
                                        {
                                            "Worker Number": 2,
                                            "Actual Startup Time": 375.05,
                                            "Actual Total Time": 726.53,
                                            "Actual Rows": 1269933,
                                            "Actual Loops": 1
                                        },
                                        {
                                            "Worker Number": 3,
                                            "Actual Startup Time": 375.657,
                                            "Actual Total Time": 724.634,
                                            "Actual Rows": 2065429,
                                            "Actual Loops": 1
                                        },
                                        {
                                            "Worker Number": 4,
                                            "Actual Startup Time": 375.286,
                                            "Actual Total Time": 725.483,
                                            "Actual Rows": 1288922,
                                            "Actual Loops": 1
                                        },
                                        {
                                            "Worker Number": 5,
                                            "Actual Startup Time": 376.077,
                                            "Actual Total Time": 727.63,
                                            "Actual Rows": 1267364,
                                            "Actual Loops": 1
                                        }
                                    ]
                                }
                            ]
                        }
                    ]
                }
            ]
        },
        "Planning Time": 231.419,
        "Triggers": [],
        "Execution Time": 853.151
    }
]