[
    {
        "Bao": {
            "Bao prediction": "NaN",
            "Bao recommended hint": "(no hint)"
        }
    },
    {
        "Plan": {
            "Node Type": "Aggregate",
            "Strategy": "Plain",
            "Partial Mode": "Simple",
            "Parallel Aware": false,
            "Startup Cost": 27873.01,
            "Total Cost": 27873.02,
            "Plan Rows": 1,
            "Plan Width": 8,
            "Actual Startup Time": 48.36,
            "Actual Total Time": 48.362,
            "Actual Rows": 1,
            "Actual Loops": 1,
            "Output": [
                "count(*)"
            ],
            "Plans": [
                {
                    "Node Type": "Bitmap Heap Scan",
                    "Parent Relationship": "Outer",
                    "Parallel Aware": false,
                    "Relation Name": "movie_keyword",
                    "Schema": "public",
                    "Alias": "mk",
                    "Startup Cost": 2003.68,
                    "Total Cost": 27637.12,
                    "Plan Rows": 94355,
                    "Plan Width": 0,
                    "Actual Startup Time": 8.857,
                    "Actual Total Time": 44.422,
                    "Actual Rows": 100968,
                    "Actual Loops": 1,
                    "Recheck Cond": "(mk.keyword_id < 92)",
                    "Rows Removed by Index Recheck": 0,
                    "Exact Heap Blocks": 21771,
                    "Lossy Heap Blocks": 0,
                    "Plans": [
                        {
                            "Node Type": "Bitmap Index Scan",
                            "Parent Relationship": "Outer",
                            "Parallel Aware": false,
                            "Index Name": "keyword_id_movie_keyword",
                            "Startup Cost": 0.0,
                            "Total Cost": 1980.09,
                            "Plan Rows": 94355,
                            "Plan Width": 0,
                            "Actual Startup Time": 6.189,
                            "Actual Total Time": 6.19,
                            "Actual Rows": 100968,
                            "Actual Loops": 1,
                            "Index Cond": "(mk.keyword_id < 92)"
                        }
                    ]
                }
            ]
        },
        "Planning Time": 169.795,
        "Triggers": [],
        "Execution Time": 48.4
    }
]