[
    {
        "Bao": {
            "Bao prediction": "NaN",
            "Bao recommended hint": "(no hint)"
        }
    },
    {
        "Plan": {
            "Node Type": "Aggregate",
            "Strategy": "Plain",
            "Partial Mode": "Finalize",
            "Parallel Aware": false,
            "Startup Cost": 30779.01,
            "Total Cost": 30779.02,
            "Plan Rows": 1,
            "Plan Width": 8,
            "Actual Startup Time": 89.407,
            "Actual Total Time": 94.415,
            "Actual Rows": 1,
            "Actual Loops": 1,
            "Output": [
                "count(*)"
            ],
            "Plans": [
                {
                    "Node Type": "Gather",
                    "Parent Relationship": "Outer",
                    "Parallel Aware": false,
                    "Startup Cost": 30778.69,
                    "Total Cost": 30779.0,
                    "Plan Rows": 3,
                    "Plan Width": 8,
                    "Actual Startup Time": 89.327,
                    "Actual Total Time": 94.408,
                    "Actual Rows": 4,
                    "Actual Loops": 1,
                    "Output": [
                        "(PARTIAL count(*))"
                    ],
                    "Workers Planned": 3,
                    "Workers Launched": 3,
                    "Single Copy": false,
                    "Plans": [
                        {
                            "Node Type": "Aggregate",
                            "Strategy": "Plain",
                            "Partial Mode": "Partial",
                            "Parent Relationship": "Outer",
                            "Parallel Aware": false,
                            "Startup Cost": 29778.69,
                            "Total Cost": 29778.7,
                            "Plan Rows": 1,
                            "Plan Width": 8,
                            "Actual Startup Time": 81.204,
                            "Actual Total Time": 81.205,
                            "Actual Rows": 1,
                            "Actual Loops": 4,
                            "Output": [
                                "PARTIAL count(*)"
                            ],
                            "Workers": [
                                {
                                    "Worker Number": 0,
                                    "Actual Startup Time": 78.348,
                                    "Actual Total Time": 78.349,
                                    "Actual Rows": 1,
                                    "Actual Loops": 1
                                },
                                {
                                    "Worker Number": 1,
                                    "Actual Startup Time": 78.57,
                                    "Actual Total Time": 78.571,
                                    "Actual Rows": 1,
                                    "Actual Loops": 1
                                },
                                {
                                    "Worker Number": 2,
                                    "Actual Startup Time": 79.109,
                                    "Actual Total Time": 79.11,
                                    "Actual Rows": 1,
                                    "Actual Loops": 1
                                }
                            ],
                            "Plans": [
                                {
                                    "Node Type": "Seq Scan",
                                    "Parent Relationship": "Outer",
                                    "Parallel Aware": true,
                                    "Relation Name": "movie_companies",
                                    "Schema": "public",
                                    "Alias": "mc",
                                    "Startup Cost": 0.0,
                                    "Total Cost": 29310.68,
                                    "Plan Rows": 187203,
                                    "Plan Width": 0,
                                    "Actual Startup Time": 42.577,
                                    "Actual Total Time": 74.385,
                                    "Actual Rows": 144264,
                                    "Actual Loops": 4,
                                    "Output": [
                                        "id",
                                        "movie_id",
                                        "company_id",
                                        "company_type_id",
                                        "note"
                                    ],
                                    "Filter": "(mc.company_id > 71108)",
                                    "Rows Removed by Filter": 508018,
                                    "Workers": [
                                        {
                                            "Worker Number": 0,
                                            "Actual Startup Time": 39.715,
                                            "Actual Total Time": 71.708,
                                            "Actual Rows": 96067,
                                            "Actual Loops": 1
                                        },
                                        {
                                            "Worker Number": 1,
                                            "Actual Startup Time": 39.939,
                                            "Actual Total Time": 72.227,
                                            "Actual Rows": 149598,
                                            "Actual Loops": 1
                                        },
                                        {
                                            "Worker Number": 2,
                                            "Actual Startup Time": 40.483,
                                            "Actual Total Time": 72.406,
                                            "Actual Rows": 149487,
                                            "Actual Loops": 1
                                        }
                                    ]
                                }
                            ]
                        }
                    ]
                }
            ]
        },
        "Planning Time": 187.4,
        "Triggers": [],
        "Execution Time": 94.496
    }
]