[
  {
    "Plan": {
      "Node Type": "Aggregate",
      "Strategy": "Plain",
      "Partial Mode": "Finalize",
      "Parallel Aware": false,
      "Startup Cost": 80607.32,
      "Total Cost": 80607.33,
      "Plan Rows": 1,
      "Plan Width": 8,
      "Actual Startup Time": 374.678,
      "Actual Total Time": 390.354,
      "Actual Rows": 1,
      "Actual Loops": 1,
      "Plans": [
        {
          "Node Type": "Gather",
          "Parent Relationship": "Outer",
          "Parallel Aware": false,
          "Startup Cost": 80607.0,
          "Total Cost": 80607.31,
          "Plan Rows": 3,
          "Plan Width": 8,
          "Actual Startup Time": 368.913,
          "Actual Total Time": 390.335,
          "Actual Rows": 4,
          "Actual Loops": 1,
          "Workers Planned": 3,
          "Workers Launched": 3,
          "Single Copy": false,
          "Plans": [
            {
              "Node Type": "Aggregate",
              "Strategy": "Plain",
              "Partial Mode": "Partial",
              "Parent Relationship": "Outer",
              "Parallel Aware": false,
              "Startup Cost": 79607.0,
              "Total Cost": 79607.01,
              "Plan Rows": 1,
              "Plan Width": 8,
              "Actual Startup Time": 361.159,
              "Actual Total Time": 361.162,
              "Actual Rows": 1,
              "Actual Loops": 4,
              "Plans": [
                {
                  "Node Type": "Hash Join",
                  "Parent Relationship": "Outer",
                  "Parallel Aware": true,
                  "Join Type": "Inner",
                  "Startup Cost": 47423.17,
                  "Total Cost": 79377.74,
                  "Plan Rows": 91703,
                  "Plan Width": 0,
                  "Actual Startup Time": 251.861,
                  "Actual Total Time": 355.978,
                  "Actual Rows": 114383,
                  "Actual Loops": 4,
                  "Inner Unique": true,
                  "Hash Cond": "(mc.movie_id = t.id)",
                  "Plans": [
                    {
                      "Node Type": "Seq Scan",
                      "Parent Relationship": "Outer",
                      "Parallel Aware": true,
                      "Relation Name": "movie_companies",
                      "Alias": "mc",
                      "Startup Cost": 0.0,
                      "Total Cost": 31414.82,
                      "Plan Rows": 205621,
                      "Plan Width": 4,
                      "Actual Startup Time": 31.75,
                      "Actual Total Time": 69.453,
                      "Actual Rows": 222690,
                      "Actual Loops": 4,
                      "Filter": "((company_id > 11806) AND (company_type_id = 2))",
                      "Rows Removed by Filter": 429592
                    },
                    {
                      "Node Type": "Hash",
                      "Parent Relationship": "Inner",
                      "Parallel Aware": true,
                      "Startup Cost": 43899.32,
                      "Total Cost": 43899.32,
                      "Plan Rows": 281908,
                      "Plan Width": 4,
                      "Actual Startup Time": 214.991,
                      "Actual Total Time": 214.992,
                      "Actual Rows": 283339,
                      "Actual Loops": 4,
                      "Hash Buckets": 2097152,
                      "Original Hash Buckets": 2097152,
                      "Hash Batches": 1,
                      "Original Hash Batches": 1,
                      "Peak Memory Usage": 60768,
                      "Plans": [
                        {
                          "Node Type": "Seq Scan",
                          "Parent Relationship": "Outer",
                          "Parallel Aware": true,
                          "Relation Name": "title",
                          "Alias": "t",
                          "Startup Cost": 0.0,
                          "Total Cost": 43899.32,
                          "Plan Rows": 281908,
                          "Plan Width": 4,
                          "Actual Startup Time": 0.031,
                          "Actual Total Time": 107.588,
                          "Actual Rows": 283339,
                          "Actual Loops": 4,
                          "Filter": "(production_year < 2002)",
                          "Rows Removed by Filter": 348739
                        }
                      ]
                    }
                  ]
                }
              ]
            }
          ]
        }
      ]
    },
    "Planning Time": 0.275,
    "Triggers": [],
    "Execution Time": 390.391
  }
]