[
  {
    "Plan": {
      "Node Type": "Aggregate",
      "Strategy": "Plain",
      "Partial Mode": "Finalize",
      "Parallel Aware": false,
      "Startup Cost": 31638.68,
      "Total Cost": 31638.69,
      "Plan Rows": 1,
      "Plan Width": 8,
      "Actual Startup Time": 112.621,
      "Actual Total Time": 121.253,
      "Actual Rows": 1,
      "Actual Loops": 1,
      "Plans": [
        {
          "Node Type": "Gather",
          "Parent Relationship": "Outer",
          "Parallel Aware": false,
          "Startup Cost": 31638.37,
          "Total Cost": 31638.68,
          "Plan Rows": 3,
          "Plan Width": 8,
          "Actual Startup Time": 112.501,
          "Actual Total Time": 121.245,
          "Actual Rows": 4,
          "Actual Loops": 1,
          "Workers Planned": 3,
          "Workers Launched": 3,
          "Single Copy": false,
          "Plans": [
            {
              "Node Type": "Aggregate",
              "Strategy": "Plain",
              "Partial Mode": "Partial",
              "Parent Relationship": "Outer",
              "Parallel Aware": false,
              "Startup Cost": 30638.37,
              "Total Cost": 30638.38,
              "Plan Rows": 1,
              "Plan Width": 8,
              "Actual Startup Time": 104.023,
              "Actual Total Time": 104.024,
              "Actual Rows": 1,
              "Actual Loops": 4,
              "Plans": [
                {
                  "Node Type": "Seq Scan",
                  "Parent Relationship": "Outer",
                  "Parallel Aware": true,
                  "Relation Name": "movie_companies",
                  "Alias": "mc",
                  "Startup Cost": 0.0,
                  "Total Cost": 29310.68,
                  "Plan Rows": 531074,
                  "Plan Width": 0,
                  "Actual Startup Time": 0.062,
                  "Actual Total Time": 81.452,
                  "Actual Rows": 413890,
                  "Actual Loops": 4,
                  "Filter": "(company_id < 18424)",
                  "Rows Removed by Filter": 238393
                }
              ]
            }
          ]
        }
      ]
    },
    "Planning Time": 0.165,
    "Triggers": [],
    "Execution Time": 121.3
  }
]