{
  "Plan": {
    "Node Type": "Aggregate",
    "Strategy": "Plain",
    "Partial Mode": "Finalize",
    "Parallel Aware": false,
    "Startup Cost": 88967.99,
    "Total Cost": 88968.0,
    "Plan Rows": 1,
    "Plan Width": 8,
    "Actual Startup Time": 118.401,
    "Actual Total Time": 127.805,
    "Actual Rows": 1,
    "Actual Loops": 1,
    "Plans": [
      {
        "Node Type": "Gather",
        "Parent Relationship": "Outer",
        "Parallel Aware": false,
        "Startup Cost": 88967.88,
        "Total Cost": 88967.99,
        "Plan Rows": 1,
        "Plan Width": 8,
        "Actual Startup Time": 118.209,
        "Actual Total Time": 127.797,
        "Actual Rows": 2,
        "Actual Loops": 1,
        "Workers Planned": 1,
        "Workers Launched": 1,
        "Single Copy": false,
        "Plans": [
          {
            "Node Type": "Aggregate",
            "Strategy": "Plain",
            "Partial Mode": "Partial",
            "Parent Relationship": "Outer",
            "Parallel Aware": false,
            "Startup Cost": 87967.88,
            "Total Cost": 87967.89,
            "Plan Rows": 1,
            "Plan Width": 8,
            "Actual Startup Time": 112.229,
            "Actual Total Time": 112.231,
            "Actual Rows": 1,
            "Actual Loops": 2,
            "Plans": [
              {
                "Node Type": "Nested Loop",
                "Parent Relationship": "Outer",
                "Parallel Aware": false,
                "Join Type": "Inner",
                "Startup Cost": 11824.25,
                "Total Cost": 87961.97,
                "Plan Rows": 2362,
                "Plan Width": 0,
                "Actual Startup Time": 41.361,
                "Actual Total Time": 111.893,
                "Actual Rows": 4144,
                "Actual Loops": 2,
                "Inner Unique": false,
                "Plans": [
                  {
                    "Node Type": "Bitmap Heap Scan",
                    "Parent Relationship": "Outer",
                    "Parallel Aware": true,
                    "Relation Name": "title",
                    "Alias": "t",
                    "Startup Cost": 11823.82,
                    "Total Cost": 53674.08,
                    "Plan Rows": 2289,
                    "Plan Width": 4,
                    "Actual Startup Time": 40.676,
                    "Actual Total Time": 94.502,
                    "Actual Rows": 2144,
                    "Actual Loops": 2,
                    "Recheck Cond": "(kind_id = 1)",
                    "Rows Removed by Index Recheck": 0,
                    "Filter": "(production_year = 1982)",
                    "Rows Removed by Filter": 329268,
                    "Exact Heap Blocks": 10055,
                    "Lossy Heap Blocks": 0,
                    "Plans": [
                      {
                        "Node Type": "Bitmap Index Scan",
                        "Parent Relationship": "Outer",
                        "Parallel Aware": false,
                        "Index Name": "kind_id_title",
                        "Startup Cost": 0.0,
                        "Total Cost": 11822.85,
                        "Plan Rows": 663256,
                        "Plan Width": 0,
                        "Actual Startup Time": 42.316,
                        "Actual Total Time": 42.317,
                        "Actual Rows": 662825,
                        "Actual Loops": 1,
                        "Index Cond": "(kind_id = 1)"
                      }
                    ]
                  },
                  {
                    "Node Type": "Index Only Scan",
                    "Parent Relationship": "Inner",
                    "Parallel Aware": false,
                    "Scan Direction": "Forward",
                    "Index Name": "movie_id_movie_companies",
                    "Relation Name": "movie_companies",
                    "Alias": "mc",
                    "Startup Cost": 0.43,
                    "Total Cost": 14.93,
                    "Plan Rows": 5,
                    "Plan Width": 4,
                    "Actual Startup Time": 0.006,
                    "Actual Total Time": 0.008,
                    "Actual Rows": 2,
                    "Actual Loops": 4288,
                    "Index Cond": "(movie_id = t.id)",
                    "Rows Removed by Index Recheck": 0,
                    "Heap Fetches": 8289
                  }
                ]
              }
            ]
          }
        ]
      }
    ]
  },
  "Planning Time": 0.451,
  "Triggers": [],
  "Execution Time": 127.895
}