[
  {
    "Plan": {
      "Node Type": "Aggregate",
      "Strategy": "Plain",
      "Partial Mode": "Finalize",
      "Parallel Aware": false,
      "Startup Cost": 44893.33,
      "Total Cost": 44893.34,
      "Plan Rows": 1,
      "Plan Width": 8,
      "Actual Startup Time": 153.677,
      "Actual Total Time": 162.851,
      "Actual Rows": 1,
      "Actual Loops": 1,
      "Plans": [
        {
          "Node Type": "Gather",
          "Parent Relationship": "Outer",
          "Parallel Aware": false,
          "Startup Cost": 44893.02,
          "Total Cost": 44893.33,
          "Plan Rows": 3,
          "Plan Width": 8,
          "Actual Startup Time": 153.565,
          "Actual Total Time": 162.841,
          "Actual Rows": 4,
          "Actual Loops": 1,
          "Workers Planned": 3,
          "Workers Launched": 3,
          "Single Copy": false,
          "Plans": [
            {
              "Node Type": "Aggregate",
              "Strategy": "Plain",
              "Partial Mode": "Partial",
              "Parent Relationship": "Outer",
              "Parallel Aware": false,
              "Startup Cost": 43893.02,
              "Total Cost": 43893.03,
              "Plan Rows": 1,
              "Plan Width": 8,
              "Actual Startup Time": 143.763,
              "Actual Total Time": 143.764,
              "Actual Rows": 1,
              "Actual Loops": 4,
              "Plans": [
                {
                  "Node Type": "Seq Scan",
                  "Parent Relationship": "Outer",
                  "Parallel Aware": true,
                  "Relation Name": "movie_keyword",
                  "Alias": "mk",
                  "Startup Cost": 0.0,
                  "Total Cost": 42695.65,
                  "Plan Rows": 478945,
                  "Plan Width": 0,
                  "Actual Startup Time": 2.538,
                  "Actual Total Time": 124.497,
                  "Actual Rows": 373184,
                  "Actual Loops": 4,
                  "Filter": "(keyword_id > 10883)",
                  "Rows Removed by Filter": 757799
                }
              ]
            }
          ]
        }
      ]
    },
    "Planning Time": 1.901,
    "Triggers": [],
    "Execution Time": 163.096
  }
]