{
  "Plan": {
    "Node Type": "Aggregate",
    "Strategy": "Plain",
    "Partial Mode": "Finalize",
    "Parallel Aware": false,
    "Startup Cost": 238272.32,
    "Total Cost": 238272.33,
    "Plan Rows": 1,
    "Plan Width": 8,
    "Actual Startup Time": 557.975,
    "Actual Total Time": 571.315,
    "Actual Rows": 1,
    "Actual Loops": 1,
    "Plans": [
      {
        "Node Type": "Gather",
        "Parent Relationship": "Outer",
        "Parallel Aware": false,
        "Startup Cost": 238272.2,
        "Total Cost": 238272.31,
        "Plan Rows": 1,
        "Plan Width": 8,
        "Actual Startup Time": 554.674,
        "Actual Total Time": 571.308,
        "Actual Rows": 2,
        "Actual Loops": 1,
        "Workers Planned": 1,
        "Workers Launched": 1,
        "Single Copy": false,
        "Plans": [
          {
            "Node Type": "Aggregate",
            "Strategy": "Plain",
            "Partial Mode": "Partial",
            "Parent Relationship": "Outer",
            "Parallel Aware": false,
            "Startup Cost": 237272.2,
            "Total Cost": 237272.21,
            "Plan Rows": 1,
            "Plan Width": 8,
            "Actual Startup Time": 546.03,
            "Actual Total Time": 546.034,
            "Actual Rows": 1,
            "Actual Loops": 2,
            "Plans": [
              {
                "Node Type": "Hash Join",
                "Parent Relationship": "Outer",
                "Parallel Aware": true,
                "Join Type": "Inner",
                "Startup Cost": 72093.3,
                "Total Cost": 237146.0,
                "Plan Rows": 50483,
                "Plan Width": 0,
                "Actual Startup Time": 506.532,
                "Actual Total Time": 545.348,
                "Actual Rows": 11712,
                "Actual Loops": 2,
                "Inner Unique": true,
                "Hash Cond": "(mi.movie_id = t.id)",
                "Plans": [
                  {
                    "Node Type": "Bitmap Heap Scan",
                    "Parent Relationship": "Outer",
                    "Parallel Aware": true,
                    "Relation Name": "movie_info",
                    "Alias": "mi",
                    "Startup Cost": 2584.16,
                    "Total Cost": 167416.95,
                    "Plan Rows": 83774,
                    "Plan Width": 4,
                    "Actual Startup Time": 7.593,
                    "Actual Total Time": 17.903,
                    "Actual Rows": 70032,
                    "Actual Loops": 2,
                    "Recheck Cond": "(info_type_id = 9)",
                    "Rows Removed by Index Recheck": 0,
                    "Exact Heap Blocks": 952,
                    "Lossy Heap Blocks": 0,
                    "Plans": [
                      {
                        "Node Type": "Bitmap Index Scan",
                        "Parent Relationship": "Outer",
                        "Parallel Aware": false,
                        "Index Name": "info_type_id_movie_info",
                        "Startup Cost": 0.0,
                        "Total Cost": 2548.55,
                        "Plan Rows": 142416,
                        "Plan Width": 0,
                        "Actual Startup Time": 7.33,
                        "Actual Total Time": 7.331,
                        "Actual Rows": 140065,
                        "Actual Loops": 1,
                        "Index Cond": "(info_type_id = 9)"
                      }
                    ]
                  },
                  {
                    "Node Type": "Hash",
                    "Parent Relationship": "Inner",
                    "Parallel Aware": true,
                    "Startup Cost": 58306.47,
                    "Total Cost": 58306.47,
                    "Plan Rows": 896214,
                    "Plan Width": 4,
                    "Actual Startup Time": 484.304,
                    "Actual Total Time": 484.305,
                    "Actual Rows": 753616,
                    "Actual Loops": 2,
                    "Hash Buckets": 2097152,
                    "Original Hash Buckets": 2097152,
                    "Hash Batches": 1,
                    "Original Hash Batches": 1,
                    "Peak Memory Usage": 75360,
                    "Plans": [
                      {
                        "Node Type": "Seq Scan",
                        "Parent Relationship": "Outer",
                        "Parallel Aware": true,
                        "Relation Name": "title",
                        "Alias": "t",
                        "Startup Cost": 0.0,
                        "Total Cost": 58306.47,
                        "Plan Rows": 896214,
                        "Plan Width": 4,
                        "Actual Startup Time": 0.042,
                        "Actual Total Time": 215.671,
                        "Actual Rows": 753616,
                        "Actual Loops": 2,
                        "Filter": "((kind_id > 1) AND (production_year < 2011))",
                        "Rows Removed by Filter": 510540
                      }
                    ]
                  }
                ]
              }
            ]
          }
        ]
      }
    ]
  },
  "Planning Time": 0.64,
  "Triggers": [],
  "Execution Time": 571.409
}