[
  {
    "Plan": {
      "Node Type": "Aggregate",
      "Strategy": "Plain",
      "Partial Mode": "Finalize",
      "Parallel Aware": false,
      "Startup Cost": 89238.77,
      "Total Cost": 89238.78,
      "Plan Rows": 1,
      "Plan Width": 8,
      "Actual Startup Time": 114.999,
      "Actual Total Time": 131.966,
      "Actual Rows": 1,
      "Actual Loops": 1,
      "Plans": [
        {
          "Node Type": "Gather",
          "Parent Relationship": "Outer",
          "Parallel Aware": false,
          "Startup Cost": 89238.35,
          "Total Cost": 89238.76,
          "Plan Rows": 4,
          "Plan Width": 8,
          "Actual Startup Time": 114.869,
          "Actual Total Time": 131.957,
          "Actual Rows": 5,
          "Actual Loops": 1,
          "Workers Planned": 4,
          "Workers Launched": 4,
          "Single Copy": false,
          "Plans": [
            {
              "Node Type": "Aggregate",
              "Strategy": "Plain",
              "Partial Mode": "Partial",
              "Parent Relationship": "Outer",
              "Parallel Aware": false,
              "Startup Cost": 88238.35,
              "Total Cost": 88238.36,
              "Plan Rows": 1,
              "Plan Width": 8,
              "Actual Startup Time": 105.628,
              "Actual Total Time": 105.629,
              "Actual Rows": 1,
              "Actual Loops": 5,
              "Plans": [
                {
                  "Node Type": "Nested Loop",
                  "Parent Relationship": "Outer",
                  "Parallel Aware": false,
                  "Join Type": "Inner",
                  "Startup Cost": 0.43,
                  "Total Cost": 88236.85,
                  "Plan Rows": 600,
                  "Plan Width": 0,
                  "Actual Startup Time": 7.77,
                  "Actual Total Time": 105.475,
                  "Actual Rows": 1546,
                  "Actual Loops": 5,
                  "Inner Unique": false,
                  "Plans": [
                    {
                      "Node Type": "Seq Scan",
                      "Parent Relationship": "Outer",
                      "Parallel Aware": true,
                      "Relation Name": "title",
                      "Alias": "t",
                      "Startup Cost": 0.0,
                      "Total Cost": 45479.1,
                      "Plan Rows": 286,
                      "Plan Width": 4,
                      "Actual Startup Time": 7.229,
                      "Actual Total Time": 81.764,
                      "Actual Rows": 676,
                      "Actual Loops": 5,
                      "Filter": "((kind_id < 7) AND (production_year > 2013))",
                      "Rows Removed by Filter": 504987
                    },
                    {
                      "Node Type": "Index Scan",
                      "Parent Relationship": "Inner",
                      "Parallel Aware": false,
                      "Scan Direction": "Forward",
                      "Index Name": "movie_id_movie_info",
                      "Relation Name": "movie_info",
                      "Alias": "mi",
                      "Startup Cost": 0.43,
                      "Total Cost": 149.35,
                      "Plan Rows": 15,
                      "Plan Width": 4,
                      "Actual Startup Time": 0.02,
                      "Actual Total Time": 0.034,
                      "Actual Rows": 2,
                      "Actual Loops": 3378,
                      "Index Cond": "(movie_id = t.id)",
                      "Rows Removed by Index Recheck": 0,
                      "Filter": "(info_type_id > 15)",
                      "Rows Removed by Filter": 5
                    }
                  ]
                }
              ]
            }
          ]
        }
      ]
    },
    "Planning Time": 0.692,
    "Triggers": [],
    "Execution Time": 132.047
  }
]