[
  {
    "Plan": {
      "Node Type": "Aggregate",
      "Strategy": "Plain",
      "Partial Mode": "Finalize",
      "Parallel Aware": false,
      "Startup Cost": 140085.38,
      "Total Cost": 140085.39,
      "Plan Rows": 1,
      "Plan Width": 8,
      "Actual Startup Time": 2174.65,
      "Actual Total Time": 2216.592,
      "Actual Rows": 1,
      "Actual Loops": 1,
      "Plans": [
        {
          "Node Type": "Gather",
          "Parent Relationship": "Outer",
          "Parallel Aware": false,
          "Startup Cost": 140085.06,
          "Total Cost": 140085.37,
          "Plan Rows": 3,
          "Plan Width": 8,
          "Actual Startup Time": 2174.108,
          "Actual Total Time": 2216.584,
          "Actual Rows": 4,
          "Actual Loops": 1,
          "Workers Planned": 3,
          "Workers Launched": 3,
          "Single Copy": false,
          "Plans": [
            {
              "Node Type": "Aggregate",
              "Strategy": "Plain",
              "Partial Mode": "Partial",
              "Parent Relationship": "Outer",
              "Parallel Aware": false,
              "Startup Cost": 139085.06,
              "Total Cost": 139085.07,
              "Plan Rows": 1,
              "Plan Width": 8,
              "Actual Startup Time": 2169.829,
              "Actual Total Time": 2169.832,
              "Actual Rows": 1,
              "Actual Loops": 4,
              "Plans": [
                {
                  "Node Type": "Nested Loop",
                  "Parent Relationship": "Outer",
                  "Parallel Aware": false,
                  "Join Type": "Inner",
                  "Startup Cost": 45683.41,
                  "Total Cost": 138726.46,
                  "Plan Rows": 143443,
                  "Plan Width": 0,
                  "Actual Startup Time": 148.348,
                  "Actual Total Time": 1987.551,
                  "Actual Rows": 4244774,
                  "Actual Loops": 4,
                  "Inner Unique": false,
                  "Join Filter": "(t.id = mi.movie_id)",
                  "Rows Removed by Join Filter": 0,
                  "Plans": [
                    {
                      "Node Type": "Hash Join",
                      "Parent Relationship": "Outer",
                      "Parallel Aware": true,
                      "Join Type": "Inner",
                      "Startup Cost": 45682.97,
                      "Total Cost": 90869.94,
                      "Plan Rows": 24430,
                      "Plan Width": 8,
                      "Actual Startup Time": 148.23,
                      "Actual Total Time": 309.861,
                      "Actual Rows": 118262,
                      "Actual Loops": 4,
                      "Inner Unique": true,
                      "Hash Cond": "(mk.movie_id = t.id)",
                      "Plans": [
                        {
                          "Node Type": "Seq Scan",
                          "Parent Relationship": "Outer",
                          "Parallel Aware": true,
                          "Relation Name": "movie_keyword",
                          "Alias": "mk",
                          "Startup Cost": 0.0,
                          "Total Cost": 42695.65,
                          "Plan Rows": 949070,
                          "Plan Width": 4,
                          "Actual Startup Time": 0.026,
                          "Actual Total Time": 109.221,
                          "Actual Rows": 737073,
                          "Actual Loops": 4,
                          "Filter": "(keyword_id < 9920)",
                          "Rows Removed by Filter": 393910
                        },
                        {
                          "Node Type": "Hash",
                          "Parent Relationship": "Inner",
                          "Parallel Aware": true,
                          "Startup Cost": 45479.59,
                          "Total Cost": 45479.59,
                          "Plan Rows": 16271,
                          "Plan Width": 4,
                          "Actual Startup Time": 114.396,
                          "Actual Total Time": 114.396,
                          "Actual Rows": 48902,
                          "Actual Loops": 4,
                          "Hash Buckets": 262144,
                          "Original Hash Buckets": 65536,
                          "Hash Batches": 1,
                          "Original Hash Batches": 1,
                          "Peak Memory Usage": 11296,
                          "Plans": [
                            {
                              "Node Type": "Seq Scan",
                              "Parent Relationship": "Outer",
                              "Parallel Aware": true,
                              "Relation Name": "title",
                              "Alias": "t",
                              "Startup Cost": 0.0,
                              "Total Cost": 45479.59,
                              "Plan Rows": 16271,
                              "Plan Width": 4,
                              "Actual Startup Time": 53.181,
                              "Actual Total Time": 92.305,
                              "Actual Rows": 48902,
                              "Actual Loops": 4,
                              "Filter": "((production_year < 1962) AND (kind_id = 1))",
                              "Rows Removed by Filter": 583176
                            }
                          ]
                        }
                      ]
                    },
                    {
                      "Node Type": "Index Only Scan",
                      "Parent Relationship": "Inner",
                      "Parallel Aware": false,
                      "Scan Direction": "Forward",
                      "Index Name": "movie_id_movie_info",
                      "Relation Name": "movie_info",
                      "Alias": "mi",
                      "Startup Cost": 0.43,
                      "Total Cost": 1.45,
                      "Plan Rows": 41,
                      "Plan Width": 4,
                      "Actual Startup Time": 0.003,
                      "Actual Total Time": 0.011,
                      "Actual Rows": 36,
                      "Actual Loops": 473046,
                      "Index Cond": "(movie_id = mk.movie_id)",
                      "Rows Removed by Index Recheck": 0,
                      "Heap Fetches": 16979095
                    }
                  ]
                }
              ]
            }
          ]
        }
      ]
    },
    "Planning Time": 0.864,
    "Triggers": [],
    "Execution Time": 2216.668
  }
]