[
  {
    "Plan": {
      "Node Type": "Aggregate",
      "Strategy": "Plain",
      "Partial Mode": "Finalize",
      "Parallel Aware": false,
      "Startup Cost": 346742.15,
      "Total Cost": 346742.16,
      "Plan Rows": 1,
      "Plan Width": 8,
      "Actual Startup Time": 633.667,
      "Actual Total Time": 692.932,
      "Actual Rows": 1,
      "Actual Loops": 1,
      "Plans": [
        {
          "Node Type": "Gather",
          "Parent Relationship": "Outer",
          "Parallel Aware": false,
          "Startup Cost": 346741.53,
          "Total Cost": 346742.14,
          "Plan Rows": 6,
          "Plan Width": 8,
          "Actual Startup Time": 633.532,
          "Actual Total Time": 692.921,
          "Actual Rows": 7,
          "Actual Loops": 1,
          "Workers Planned": 6,
          "Workers Launched": 6,
          "Single Copy": false,
          "Plans": [
            {
              "Node Type": "Aggregate",
              "Strategy": "Plain",
              "Partial Mode": "Partial",
              "Parent Relationship": "Outer",
              "Parallel Aware": false,
              "Startup Cost": 345741.53,
              "Total Cost": 345741.54,
              "Plan Rows": 1,
              "Plan Width": 8,
              "Actual Startup Time": 625.819,
              "Actual Total Time": 625.82,
              "Actual Rows": 1,
              "Actual Loops": 7,
              "Plans": [
                {
                  "Node Type": "Seq Scan",
                  "Parent Relationship": "Outer",
                  "Parallel Aware": true,
                  "Relation Name": "cast_info",
                  "Alias": "ci",
                  "Startup Cost": 0.0,
                  "Total Cost": 343257.03,
                  "Plan Rows": 993799,
                  "Plan Width": 0,
                  "Actual Startup Time": 332.074,
                  "Actual Total Time": 603.247,
                  "Actual Rows": 521253,
                  "Actual Loops": 7,
                  "Filter": "((person_id < 1301341) AND (role_id > 2))",
                  "Rows Removed by Filter": 4656510
                }
              ]
            }
          ]
        }
      ]
    },
    "Planning Time": 0.197,
    "Triggers": [],
    "Execution Time": 693.001
  }
]