[
  {
    "Plan": {
      "Node Type": "Aggregate",
      "Strategy": "Plain",
      "Partial Mode": "Finalize",
      "Parallel Aware": false,
      "Startup Cost": 46974.6,
      "Total Cost": 46974.61,
      "Plan Rows": 1,
      "Plan Width": 8,
      "Actual Startup Time": 162.343,
      "Actual Total Time": 174.113,
      "Actual Rows": 1,
      "Actual Loops": 1,
      "Plans": [
        {
          "Node Type": "Gather",
          "Parent Relationship": "Outer",
          "Parallel Aware": false,
          "Startup Cost": 46974.28,
          "Total Cost": 46974.59,
          "Plan Rows": 3,
          "Plan Width": 8,
          "Actual Startup Time": 162.221,
          "Actual Total Time": 174.107,
          "Actual Rows": 4,
          "Actual Loops": 1,
          "Workers Planned": 3,
          "Workers Launched": 3,
          "Single Copy": false,
          "Plans": [
            {
              "Node Type": "Aggregate",
              "Strategy": "Plain",
              "Partial Mode": "Partial",
              "Parent Relationship": "Outer",
              "Parallel Aware": false,
              "Startup Cost": 45974.28,
              "Total Cost": 45974.29,
              "Plan Rows": 1,
              "Plan Width": 8,
              "Actual Startup Time": 157.161,
              "Actual Total Time": 157.162,
              "Actual Rows": 1,
              "Actual Loops": 4,
              "Plans": [
                {
                  "Node Type": "Seq Scan",
                  "Parent Relationship": "Outer",
                  "Parallel Aware": true,
                  "Relation Name": "movie_keyword",
                  "Alias": "mk",
                  "Startup Cost": 0.0,
                  "Total Cost": 42695.65,
                  "Plan Rows": 1311450,
                  "Plan Width": 0,
                  "Actual Startup Time": 0.037,
                  "Actual Total Time": 114.769,
                  "Actual Rows": 1017593,
                  "Actual Loops": 4,
                  "Filter": "(keyword_id < 39030)",
                  "Rows Removed by Filter": 113390
                }
              ]
            }
          ]
        }
      ]
    },
    "Planning Time": 0.123,
    "Triggers": [],
    "Execution Time": 174.151
  }
]