[
    {
        "Bao": {
            "Bao prediction": "NaN",
            "Bao recommended hint": "(no hint)"
        }
    },
    {
        "Plan": {
            "Node Type": "Aggregate",
            "Strategy": "Plain",
            "Partial Mode": "Simple",
            "Parallel Aware": false,
            "Startup Cost": 22980.07,
            "Total Cost": 22980.08,
            "Plan Rows": 1,
            "Plan Width": 8,
            "Actual Startup Time": 52.236,
            "Actual Total Time": 52.239,
            "Actual Rows": 1,
            "Actual Loops": 1,
            "Output": [
                "count(*)"
            ],
            "Plans": [
                {
                    "Node Type": "Bitmap Heap Scan",
                    "Parent Relationship": "Outer",
                    "Parallel Aware": false,
                    "Relation Name": "movie_companies",
                    "Schema": "public",
                    "Alias": "mc",
                    "Startup Cost": 2477.34,
                    "Total Cost": 22694.62,
                    "Plan Rows": 114182,
                    "Plan Width": 0,
                    "Actual Startup Time": 14.643,
                    "Actual Total Time": 44.665,
                    "Actual Rows": 116757,
                    "Actual Loops": 1,
                    "Recheck Cond": "(mc.company_id > 148148)",
                    "Rows Removed by Index Recheck": 0,
                    "Exact Heap Blocks": 3442,
                    "Lossy Heap Blocks": 0,
                    "Plans": [
                        {
                            "Node Type": "Bitmap Index Scan",
                            "Parent Relationship": "Outer",
                            "Parallel Aware": false,
                            "Index Name": "company_id_movie_companies",
                            "Startup Cost": 0.0,
                            "Total Cost": 2448.79,
                            "Plan Rows": 114182,
                            "Plan Width": 0,
                            "Actual Startup Time": 13.882,
                            "Actual Total Time": 13.883,
                            "Actual Rows": 116757,
                            "Actual Loops": 1,
                            "Index Cond": "(mc.company_id > 148148)"
                        }
                    ]
                }
            ]
        },
        "Planning Time": 315.484,
        "Triggers": [],
        "Execution Time": 52.35
    }
]