[
  {
    "Plan": {
      "Node Type": "Aggregate",
      "Strategy": "Plain",
      "Partial Mode": "Finalize",
      "Parallel Aware": false,
      "Startup Cost": 63352.79,
      "Total Cost": 63352.8,
      "Plan Rows": 1,
      "Plan Width": 8,
      "Actual Startup Time": 261.28,
      "Actual Total Time": 273.455,
      "Actual Rows": 1,
      "Actual Loops": 1,
      "Plans": [
        {
          "Node Type": "Gather",
          "Parent Relationship": "Outer",
          "Parallel Aware": false,
          "Startup Cost": 63352.57,
          "Total Cost": 63352.78,
          "Plan Rows": 2,
          "Plan Width": 8,
          "Actual Startup Time": 259.718,
          "Actual Total Time": 273.446,
          "Actual Rows": 3,
          "Actual Loops": 1,
          "Workers Planned": 2,
          "Workers Launched": 2,
          "Single Copy": false,
          "Plans": [
            {
              "Node Type": "Aggregate",
              "Strategy": "Plain",
              "Partial Mode": "Partial",
              "Parent Relationship": "Outer",
              "Parallel Aware": false,
              "Startup Cost": 62352.57,
              "Total Cost": 62352.58,
              "Plan Rows": 1,
              "Plan Width": 8,
              "Actual Startup Time": 252.076,
              "Actual Total Time": 252.08,
              "Actual Rows": 1,
              "Actual Loops": 3,
              "Plans": [
                {
                  "Node Type": "Hash Join",
                  "Parent Relationship": "Outer",
                  "Parallel Aware": true,
                  "Join Type": "Inner",
                  "Startup Cost": 46654.27,
                  "Total Cost": 62281.15,
                  "Plan Rows": 28569,
                  "Plan Width": 0,
                  "Actual Startup Time": 200.772,
                  "Actual Total Time": 250.079,
                  "Actual Rows": 50690,
                  "Actual Loops": 3,
                  "Inner Unique": true,
                  "Hash Cond": "(mi_idx.movie_id = t.id)",
                  "Plans": [
                    {
                      "Node Type": "Seq Scan",
                      "Parent Relationship": "Outer",
                      "Parallel Aware": true,
                      "Relation Name": "movie_info_idx",
                      "Alias": "mi_idx",
                      "Startup Cost": 0.0,
                      "Total Cost": 15122.68,
                      "Plan Rows": 192074,
                      "Plan Width": 4,
                      "Actual Startup Time": 0.029,
                      "Actual Total Time": 37.122,
                      "Actual Rows": 153395,
                      "Actual Loops": 3,
                      "Filter": "(info_type_id > 100)",
                      "Rows Removed by Filter": 306617
                    },
                    {
                      "Node Type": "Hash",
                      "Parent Relationship": "Inner",
                      "Parallel Aware": true,
                      "Startup Cost": 45479.1,
                      "Total Cost": 45479.1,
                      "Plan Rows": 94014,
                      "Plan Width": 4,
                      "Actual Startup Time": 165.708,
                      "Actual Total Time": 165.709,
                      "Actual Rows": 146676,
                      "Actual Loops": 3,
                      "Hash Buckets": 524288,
                      "Original Hash Buckets": 524288,
                      "Hash Batches": 1,
                      "Original Hash Batches": 1,
                      "Peak Memory Usage": 21376,
                      "Plans": [
                        {
                          "Node Type": "Seq Scan",
                          "Parent Relationship": "Outer",
                          "Parallel Aware": true,
                          "Relation Name": "title",
                          "Alias": "t",
                          "Startup Cost": 0.0,
                          "Total Cost": 45479.1,
                          "Plan Rows": 94014,
                          "Plan Width": 4,
                          "Actual Startup Time": 71.312,
                          "Actual Total Time": 123.3,
                          "Actual Rows": 146676,
                          "Actual Loops": 3,
                          "Filter": "((production_year < 2006) AND (kind_id = 1))",
                          "Rows Removed by Filter": 696094
                        }
                      ]
                    }
                  ]
                }
              ]
            }
          ]
        }
      ]
    },
    "Planning Time": 0.609,
    "Triggers": [],
    "Execution Time": 273.527
  }
]