{
  "Plan": {
    "Node Type": "Aggregate",
    "Strategy": "Plain",
    "Partial Mode": "Finalize",
    "Parallel Aware": false,
    "Startup Cost": 97907.38,
    "Total Cost": 97907.39,
    "Plan Rows": 1,
    "Plan Width": 8,
    "Actual Startup Time": 368.586,
    "Actual Total Time": 384.331,
    "Actual Rows": 1,
    "Actual Loops": 1,
    "Plans": [
      {
        "Node Type": "Gather",
        "Parent Relationship": "Outer",
        "Parallel Aware": false,
        "Startup Cost": 97907.26,
        "Total Cost": 97907.37,
        "Plan Rows": 1,
        "Plan Width": 8,
        "Actual Startup Time": 368.406,
        "Actual Total Time": 384.324,
        "Actual Rows": 2,
        "Actual Loops": 1,
        "Workers Planned": 1,
        "Workers Launched": 1,
        "Single Copy": false,
        "Plans": [
          {
            "Node Type": "Aggregate",
            "Strategy": "Plain",
            "Partial Mode": "Partial",
            "Parent Relationship": "Outer",
            "Parallel Aware": false,
            "Startup Cost": 96907.26,
            "Total Cost": 96907.27,
            "Plan Rows": 1,
            "Plan Width": 8,
            "Actual Startup Time": 362.733,
            "Actual Total Time": 362.736,
            "Actual Rows": 1,
            "Actual Loops": 2,
            "Plans": [
              {
                "Node Type": "Hash Join",
                "Parent Relationship": "Outer",
                "Parallel Aware": true,
                "Join Type": "Inner",
                "Startup Cost": 58666.36,
                "Total Cost": 96832.99,
                "Plan Rows": 29711,
                "Plan Width": 0,
                "Actual Startup Time": 146.422,
                "Actual Total Time": 361.284,
                "Actual Rows": 32730,
                "Actual Loops": 2,
                "Inner Unique": true,
                "Hash Cond": "(mc.movie_id = t.id)",
                "Plans": [
                  {
                    "Node Type": "Seq Scan",
                    "Parent Relationship": "Outer",
                    "Parallel Aware": true,
                    "Relation Name": "movie_companies",
                    "Alias": "mc",
                    "Startup Cost": 0.0,
                    "Total Cost": 34137.82,
                    "Plan Rows": 1534782,
                    "Plan Width": 4,
                    "Actual Startup Time": 0.022,
                    "Actual Total Time": 97.679,
                    "Actual Rows": 1304564,
                    "Actual Loops": 2
                  },
                  {
                    "Node Type": "Hash",
                    "Parent Relationship": "Inner",
                    "Parallel Aware": true,
                    "Startup Cost": 58306.47,
                    "Total Cost": 58306.47,
                    "Plan Rows": 28791,
                    "Plan Width": 4,
                    "Actual Startup Time": 144.835,
                    "Actual Total Time": 144.836,
                    "Actual Rows": 20450,
                    "Actual Loops": 2,
                    "Hash Buckets": 65536,
                    "Original Hash Buckets": 65536,
                    "Hash Batches": 1,
                    "Original Hash Batches": 1,
                    "Peak Memory Usage": 2144,
                    "Plans": [
                      {
                        "Node Type": "Seq Scan",
                        "Parent Relationship": "Outer",
                        "Parallel Aware": true,
                        "Relation Name": "title",
                        "Alias": "t",
                        "Startup Cost": 0.0,
                        "Total Cost": 58306.47,
                        "Plan Rows": 28791,
                        "Plan Width": 4,
                        "Actual Startup Time": 0.211,
                        "Actual Total Time": 139.271,
                        "Actual Rows": 20450,
                        "Actual Loops": 2,
                        "Filter": "((kind_id < 4) AND (production_year = 2010))",
                        "Rows Removed by Filter": 1243706
                      }
                    ]
                  }
                ]
              }
            ]
          }
        ]
      }
    ]
  },
  "Planning Time": 0.425,
  "Triggers": [],
  "Execution Time": 384.4
}