{
  "Plan": {
    "Node Type": "Aggregate",
    "Strategy": "Plain",
    "Partial Mode": "Finalize",
    "Parallel Aware": false,
    "Startup Cost": 120032.22,
    "Total Cost": 120032.23,
    "Plan Rows": 1,
    "Plan Width": 8,
    "Actual Startup Time": 809.89,
    "Actual Total Time": 830.071,
    "Actual Rows": 1,
    "Actual Loops": 1,
    "Plans": [
      {
        "Node Type": "Gather",
        "Parent Relationship": "Outer",
        "Parallel Aware": false,
        "Startup Cost": 120032.1,
        "Total Cost": 120032.21,
        "Plan Rows": 1,
        "Plan Width": 8,
        "Actual Startup Time": 805.428,
        "Actual Total Time": 830.062,
        "Actual Rows": 2,
        "Actual Loops": 1,
        "Workers Planned": 1,
        "Workers Launched": 1,
        "Single Copy": false,
        "Plans": [
          {
            "Node Type": "Aggregate",
            "Strategy": "Plain",
            "Partial Mode": "Partial",
            "Parent Relationship": "Outer",
            "Parallel Aware": false,
            "Startup Cost": 119032.1,
            "Total Cost": 119032.11,
            "Plan Rows": 1,
            "Plan Width": 8,
            "Actual Startup Time": 794.727,
            "Actual Total Time": 794.734,
            "Actual Rows": 1,
            "Actual Loops": 2,
            "Plans": [
              {
                "Node Type": "Hash Join",
                "Parent Relationship": "Outer",
                "Parallel Aware": true,
                "Join Type": "Inner",
                "Startup Cost": 99531.73,
                "Total Cost": 118911.81,
                "Plan Rows": 48116,
                "Plan Width": 0,
                "Actual Startup Time": 711.204,
                "Actual Total Time": 787.618,
                "Actual Rows": 180628,
                "Actual Loops": 2,
                "Inner Unique": false,
                "Hash Cond": "(mi_idx.movie_id = t.id)",
                "Plans": [
                  {
                    "Node Type": "Seq Scan",
                    "Parent Relationship": "Outer",
                    "Parallel Aware": true,
                    "Relation Name": "movie_info_idx",
                    "Alias": "mi_idx",
                    "Startup Cost": 0.0,
                    "Total Cost": 16052.85,
                    "Plan Rows": 811785,
                    "Plan Width": 4,
                    "Actual Startup Time": 0.03,
                    "Actual Total Time": 48.476,
                    "Actual Rows": 690018,
                    "Actual Loops": 2
                  },
                  {
                    "Node Type": "Hash",
                    "Parent Relationship": "Inner",
                    "Parallel Aware": true,
                    "Startup Cost": 98429.83,
                    "Total Cost": 98429.83,
                    "Plan Rows": 88152,
                    "Plan Width": 8,
                    "Actual Startup Time": 663.523,
                    "Actual Total Time": 663.528,
                    "Actual Rows": 73616,
                    "Actual Loops": 2,
                    "Hash Buckets": 262144,
                    "Original Hash Buckets": 262144,
                    "Hash Batches": 1,
                    "Original Hash Batches": 1,
                    "Peak Memory Usage": 7840,
                    "Plans": [
                      {
                        "Node Type": "Hash Join",
                        "Parent Relationship": "Outer",
                        "Parallel Aware": true,
                        "Join Type": "Inner",
                        "Startup Cost": 72642.53,
                        "Total Cost": 98429.83,
                        "Plan Rows": 88152,
                        "Plan Width": 8,
                        "Actual Startup Time": 580.037,
                        "Actual Total Time": 647.192,
                        "Actual Rows": 73616,
                        "Actual Loops": 2,
                        "Inner Unique": true,
                        "Hash Cond": "(mk.movie_id = t.id)",
                        "Plans": [
                          {
                            "Node Type": "Bitmap Heap Scan",
                            "Parent Relationship": "Outer",
                            "Parallel Aware": true,
                            "Relation Name": "movie_keyword",
                            "Alias": "mk",
                            "Startup Cost": 3181.83,
                            "Total Cost": 28737.73,
                            "Plan Rows": 88152,
                            "Plan Width": 4,
                            "Actual Startup Time": 11.928,
                            "Actual Total Time": 54.193,
                            "Actual Rows": 73616,
                            "Actual Loops": 2,
                            "Recheck Cond": "(keyword_id > 74164)",
                            "Rows Removed by Index Recheck": 0,
                            "Exact Heap Blocks": 9921,
                            "Lossy Heap Blocks": 0,
                            "Plans": [
                              {
                                "Node Type": "Bitmap Index Scan",
                                "Parent Relationship": "Outer",
                                "Parallel Aware": false,
                                "Index Name": "keyword_id_movie_keyword",
                                "Startup Cost": 0.0,
                                "Total Cost": 3144.37,
                                "Plan Rows": 149858,
                                "Plan Width": 0,
                                "Actual Startup Time": 9.161,
                                "Actual Total Time": 9.161,
                                "Actual Rows": 147233,
                                "Actual Loops": 1,
                                "Index Cond": "(keyword_id > 74164)"
                              }
                            ]
                          },
                          {
                            "Node Type": "Hash",
                            "Parent Relationship": "Inner",
                            "Parallel Aware": true,
                            "Startup Cost": 50870.31,
                            "Total Cost": 50870.31,
                            "Plan Rows": 1487231,
                            "Plan Width": 4,
                            "Actual Startup Time": 551.85,
                            "Actual Total Time": 551.851,
                            "Actual Rows": 1264156,
                            "Actual Loops": 2,
                            "Hash Buckets": 4194304,
                            "Original Hash Buckets": 4194304,
                            "Hash Batches": 1,
                            "Original Hash Batches": 1,
                            "Peak Memory Usage": 131680,
                            "Plans": [
                              {
                                "Node Type": "Seq Scan",
                                "Parent Relationship": "Outer",
                                "Parallel Aware": true,
                                "Relation Name": "title",
                                "Alias": "t",
                                "Startup Cost": 0.0,
                                "Total Cost": 50870.31,
                                "Plan Rows": 1487231,
                                "Plan Width": 4,
                                "Actual Startup Time": 0.025,
                                "Actual Total Time": 159.242,
                                "Actual Rows": 1264156,
                                "Actual Loops": 2
                              }
                            ]
                          }
                        ]
                      }
                    ]
                  }
                ]
              }
            ]
          }
        ]
      }
    ]
  },
  "Planning Time": 0.694,
  "Triggers": [],
  "Execution Time": 830.149
}