{
  "Plan": {
    "Node Type": "Aggregate",
    "Strategy": "Plain",
    "Partial Mode": "Finalize",
    "Parallel Aware": false,
    "Startup Cost": 419088.52,
    "Total Cost": 419088.53,
    "Plan Rows": 1,
    "Plan Width": 8,
    "Actual Startup Time": 3831.94,
    "Actual Total Time": 3887.437,
    "Actual Rows": 1,
    "Actual Loops": 1,
    "Plans": [
      {
        "Node Type": "Gather",
        "Parent Relationship": "Outer",
        "Parallel Aware": false,
        "Startup Cost": 419088.41,
        "Total Cost": 419088.52,
        "Plan Rows": 1,
        "Plan Width": 8,
        "Actual Startup Time": 3828.07,
        "Actual Total Time": 3887.426,
        "Actual Rows": 2,
        "Actual Loops": 1,
        "Workers Planned": 1,
        "Workers Launched": 1,
        "Single Copy": false,
        "Plans": [
          {
            "Node Type": "Aggregate",
            "Strategy": "Plain",
            "Partial Mode": "Partial",
            "Parent Relationship": "Outer",
            "Parallel Aware": false,
            "Startup Cost": 418088.41,
            "Total Cost": 418088.42,
            "Plan Rows": 1,
            "Plan Width": 8,
            "Actual Startup Time": 3820.494,
            "Actual Total Time": 3821.1,
            "Actual Rows": 1,
            "Actual Loops": 2,
            "Plans": [
              {
                "Node Type": "Hash Join",
                "Parent Relationship": "Outer",
                "Parallel Aware": true,
                "Join Type": "Inner",
                "Startup Cost": 110363.71,
                "Total Cost": 416168.94,
                "Plan Rows": 767787,
                "Plan Width": 0,
                "Actual Startup Time": 525.652,
                "Actual Total Time": 3174.034,
                "Actual Rows": 16988624,
                "Actual Loops": 2,
                "Inner Unique": false,
                "Hash Cond": "(mi.movie_id = t.id)",
                "Plans": [
                  {
                    "Node Type": "Seq Scan",
                    "Parent Relationship": "Outer",
                    "Parallel Aware": true,
                    "Relation Name": "movie_info",
                    "Alias": "mi",
                    "Startup Cost": 0.0,
                    "Total Cost": 270696.42,
                    "Plan Rows": 8157974,
                    "Plan Width": 4,
                    "Actual Startup Time": 0.019,
                    "Actual Total Time": 780.183,
                    "Actual Rows": 6981748,
                    "Actual Loops": 2,
                    "Filter": "(info_type_id < 98)",
                    "Rows Removed by Filter": 436112
                  },
                  {
                    "Node Type": "Hash",
                    "Parent Relationship": "Inner",
                    "Parallel Aware": true,
                    "Startup Cost": 108614.08,
                    "Total Cost": 108614.08,
                    "Plan Rows": 139971,
                    "Plan Width": 8,
                    "Actual Startup Time": 521.261,
                    "Actual Total Time": 521.866,
                    "Actual Rows": 274076,
                    "Actual Loops": 2,
                    "Hash Buckets": 1048576,
                    "Original Hash Buckets": 262144,
                    "Hash Batches": 1,
                    "Original Hash Batches": 1,
                    "Peak Memory Usage": 35808,
                    "Plans": [
                      {
                        "Node Type": "Hash Join",
                        "Parent Relationship": "Outer",
                        "Parallel Aware": true,
                        "Join Type": "Inner",
                        "Startup Cost": 77060.62,
                        "Total Cost": 108614.08,
                        "Plan Rows": 139971,
                        "Plan Width": 8,
                        "Actual Startup Time": 289.301,
                        "Actual Total Time": 454.618,
                        "Actual Rows": 274076,
                        "Actual Loops": 2,
                        "Inner Unique": true,
                        "Hash Cond": "(mk.movie_id = t.id)",
                        "Plans": [
                          {
                            "Node Type": "Bitmap Heap Scan",
                            "Parent Relationship": "Outer",
                            "Parallel Aware": true,
                            "Relation Name": "movie_keyword",
                            "Alias": "mk",
                            "Startup Cost": 16928.58,
                            "Total Cost": 47249.9,
                            "Plan Rows": 469385,
                            "Plan Width": 4,
                            "Actual Startup Time": 46.963,
                            "Actual Total Time": 129.469,
                            "Actual Rows": 394976,
                            "Actual Loops": 2,
                            "Recheck Cond": "(keyword_id > 23746)",
                            "Rows Removed by Index Recheck": 0,
                            "Exact Heap Blocks": 13571,
                            "Lossy Heap Blocks": 0,
                            "Plans": [
                              {
                                "Node Type": "Bitmap Index Scan",
                                "Parent Relationship": "Outer",
                                "Parallel Aware": false,
                                "Index Name": "keyword_id_movie_keyword",
                                "Startup Cost": 0.0,
                                "Total Cost": 16729.09,
                                "Plan Rows": 797955,
                                "Plan Width": 0,
                                "Actual Startup Time": 43.315,
                                "Actual Total Time": 43.316,
                                "Actual Rows": 789952,
                                "Actual Loops": 1,
                                "Index Cond": "(keyword_id > 23746)"
                              }
                            ]
                          },
                          {
                            "Node Type": "Hash",
                            "Parent Relationship": "Inner",
                            "Parallel Aware": true,
                            "Startup Cost": 54588.39,
                            "Total Cost": 54588.39,
                            "Plan Rows": 443492,
                            "Plan Width": 4,
                            "Actual Startup Time": 235.034,
                            "Actual Total Time": 235.034,
                            "Actual Rows": 376838,
                            "Actual Loops": 2,
                            "Hash Buckets": 1048576,
                            "Original Hash Buckets": 1048576,
                            "Hash Batches": 1,
                            "Original Hash Batches": 1,
                            "Peak Memory Usage": 37696,
                            "Plans": [
                              {
                                "Node Type": "Seq Scan",
                                "Parent Relationship": "Outer",
                                "Parallel Aware": true,
                                "Relation Name": "title",
                                "Alias": "t",
                                "Startup Cost": 0.0,
                                "Total Cost": 54588.39,
                                "Plan Rows": 443492,
                                "Plan Width": 4,
                                "Actual Startup Time": 0.03,
                                "Actual Total Time": 145.856,
                                "Actual Rows": 376838,
                                "Actual Loops": 2,
                                "Filter": "(kind_id < 3)",
                                "Rows Removed by Filter": 887318
                              }
                            ]
                          }
                        ]
                      }
                    ]
                  }
                ]
              }
            ]
          }
        ]
      }
    ]
  },
  "Planning Time": 0.977,
  "Triggers": [],
  "Execution Time": 3887.555
}