[
  {
    "Plan": {
      "Node Type": "Aggregate",
      "Strategy": "Plain",
      "Partial Mode": "Finalize",
      "Parallel Aware": false,
      "Startup Cost": 92924.79,
      "Total Cost": 92924.8,
      "Plan Rows": 1,
      "Plan Width": 8,
      "Actual Startup Time": 266.24,
      "Actual Total Time": 301.32,
      "Actual Rows": 1,
      "Actual Loops": 1,
      "Plans": [
        {
          "Node Type": "Gather",
          "Parent Relationship": "Outer",
          "Parallel Aware": false,
          "Startup Cost": 92924.37,
          "Total Cost": 92924.78,
          "Plan Rows": 4,
          "Plan Width": 8,
          "Actual Startup Time": 265.785,
          "Actual Total Time": 301.311,
          "Actual Rows": 5,
          "Actual Loops": 1,
          "Workers Planned": 4,
          "Workers Launched": 4,
          "Single Copy": false,
          "Plans": [
            {
              "Node Type": "Aggregate",
              "Strategy": "Plain",
              "Partial Mode": "Partial",
              "Parent Relationship": "Outer",
              "Parallel Aware": false,
              "Startup Cost": 91924.37,
              "Total Cost": 91924.38,
              "Plan Rows": 1,
              "Plan Width": 8,
              "Actual Startup Time": 255.539,
              "Actual Total Time": 255.544,
              "Actual Rows": 1,
              "Actual Loops": 5,
              "Plans": [
                {
                  "Node Type": "Nested Loop",
                  "Parent Relationship": "Outer",
                  "Parallel Aware": false,
                  "Join Type": "Inner",
                  "Startup Cost": 24125.04,
                  "Total Cost": 91763.05,
                  "Plan Rows": 64531,
                  "Plan Width": 0,
                  "Actual Startup Time": 64.398,
                  "Actual Total Time": 252.338,
                  "Actual Rows": 36164,
                  "Actual Loops": 5,
                  "Inner Unique": false,
                  "Plans": [
                    {
                      "Node Type": "Hash Join",
                      "Parent Relationship": "Outer",
                      "Parallel Aware": true,
                      "Join Type": "Inner",
                      "Startup Cost": 24124.47,
                      "Total Cost": 70215.92,
                      "Plan Rows": 4504,
                      "Plan Width": 8,
                      "Actual Startup Time": 64.271,
                      "Actual Total Time": 156.355,
                      "Actual Rows": 845,
                      "Actual Loops": 5,
                      "Inner Unique": false,
                      "Hash Cond": "(t.id = mc.movie_id)",
                      "Plans": [
                        {
                          "Node Type": "Seq Scan",
                          "Parent Relationship": "Outer",
                          "Parallel Aware": true,
                          "Relation Name": "title",
                          "Alias": "t",
                          "Startup Cost": 0.0,
                          "Total Cost": 45479.1,
                          "Plan Rows": 119563,
                          "Plan Width": 4,
                          "Actual Startup Time": 0.014,
                          "Actual Total Time": 75.577,
                          "Actual Rows": 103665,
                          "Actual Loops": 5,
                          "Filter": "((production_year > 2007) AND (kind_id = 7))",
                          "Rows Removed by Filter": 401997
                        },
                        {
                          "Node Type": "Hash",
                          "Parent Relationship": "Inner",
                          "Parallel Aware": true,
                          "Startup Cost": 23740.49,
                          "Total Cost": 23740.49,
                          "Plan Rows": 30719,
                          "Plan Width": 4,
                          "Actual Startup Time": 62.722,
                          "Actual Total Time": 62.724,
                          "Actual Rows": 7823,
                          "Actual Loops": 5,
                          "Hash Buckets": 131072,
                          "Original Hash Buckets": 131072,
                          "Hash Batches": 1,
                          "Original Hash Batches": 1,
                          "Peak Memory Usage": 2656,
                          "Plans": [
                            {
                              "Node Type": "Bitmap Heap Scan",
                              "Parent Relationship": "Outer",
                              "Parallel Aware": true,
                              "Relation Name": "movie_companies",
                              "Alias": "mc",
                              "Startup Cost": 4042.94,
                              "Total Cost": 23740.49,
                              "Plan Rows": 30719,
                              "Plan Width": 4,
                              "Actual Startup Time": 50.76,
                              "Actual Total Time": 59.703,
                              "Actual Rows": 7823,
                              "Actual Loops": 5,
                              "Recheck Cond": "(company_id < 49)",
                              "Rows Removed by Index Recheck": 0,
                              "Filter": "(company_type_id = 2)",
                              "Rows Removed by Filter": 29386,
                              "Exact Heap Blocks": 7178,
                              "Lossy Heap Blocks": 0,
                              "Plans": [
                                {
                                  "Node Type": "Bitmap Index Scan",
                                  "Parent Relationship": "Outer",
                                  "Parallel Aware": false,
                                  "Index Name": "company_id_movie_companies",
                                  "Startup Cost": 0.0,
                                  "Total Cost": 4019.13,
                                  "Plan Rows": 187560,
                                  "Plan Width": 0,
                                  "Actual Startup Time": 21.34,
                                  "Actual Total Time": 21.341,
                                  "Actual Rows": 186044,
                                  "Actual Loops": 1,
                                  "Index Cond": "(company_id < 49)"
                                }
                              ]
                            }
                          ]
                        }
                      ]
                    },
                    {
                      "Node Type": "Index Only Scan",
                      "Parent Relationship": "Inner",
                      "Parallel Aware": false,
                      "Scan Direction": "Forward",
                      "Index Name": "movie_id_cast_info",
                      "Relation Name": "cast_info",
                      "Alias": "ci",
                      "Startup Cost": 0.56,
                      "Total Cost": 4.41,
                      "Plan Rows": 37,
                      "Plan Width": 4,
                      "Actual Startup Time": 0.013,
                      "Actual Total Time": 0.109,
                      "Actual Rows": 43,
                      "Actual Loops": 4223,
                      "Index Cond": "(movie_id = t.id)",
                      "Rows Removed by Index Recheck": 0,
                      "Heap Fetches": 180819
                    }
                  ]
                }
              ]
            }
          ]
        }
      ]
    },
    "Planning Time": 1.59,
    "Triggers": [],
    "Execution Time": 301.464
  }
]