{
  "Plan": {
    "Node Type": "Aggregate",
    "Strategy": "Plain",
    "Partial Mode": "Finalize",
    "Parallel Aware": false,
    "Startup Cost": 1066138.64,
    "Total Cost": 1066138.65,
    "Plan Rows": 1,
    "Plan Width": 8,
    "Actual Startup Time": 5894.007,
    "Actual Total Time": 5943.427,
    "Actual Rows": 1,
    "Actual Loops": 1,
    "Plans": [
      {
        "Node Type": "Gather",
        "Parent Relationship": "Outer",
        "Parallel Aware": false,
        "Startup Cost": 1066138.53,
        "Total Cost": 1066138.64,
        "Plan Rows": 1,
        "Plan Width": 8,
        "Actual Startup Time": 5882.813,
        "Actual Total Time": 5943.42,
        "Actual Rows": 2,
        "Actual Loops": 1,
        "Workers Planned": 1,
        "Workers Launched": 1,
        "Single Copy": false,
        "Plans": [
          {
            "Node Type": "Aggregate",
            "Strategy": "Plain",
            "Partial Mode": "Partial",
            "Parent Relationship": "Outer",
            "Parallel Aware": false,
            "Startup Cost": 1065138.53,
            "Total Cost": 1065138.54,
            "Plan Rows": 1,
            "Plan Width": 8,
            "Actual Startup Time": 5876.212,
            "Actual Total Time": 5876.218,
            "Actual Rows": 1,
            "Actual Loops": 2,
            "Plans": [
              {
                "Node Type": "Merge Join",
                "Parent Relationship": "Outer",
                "Parallel Aware": false,
                "Join Type": "Inner",
                "Startup Cost": 909523.18,
                "Total Cost": 1062429.31,
                "Plan Rows": 1083688,
                "Plan Width": 0,
                "Actual Startup Time": 4505.022,
                "Actual Total Time": 5702.579,
                "Actual Rows": 4456948,
                "Actual Loops": 2,
                "Inner Unique": false,
                "Merge Cond": "(mc.movie_id = t.id)",
                "Plans": [
                  {
                    "Node Type": "Index Only Scan",
                    "Parent Relationship": "Outer",
                    "Parallel Aware": true,
                    "Scan Direction": "Forward",
                    "Index Name": "movie_id_movie_companies",
                    "Relation Name": "movie_companies",
                    "Alias": "mc",
                    "Startup Cost": 0.43,
                    "Total Cost": 129315.97,
                    "Plan Rows": 1534782,
                    "Plan Width": 4,
                    "Actual Startup Time": 0.097,
                    "Actual Total Time": 321.391,
                    "Actual Rows": 1304564,
                    "Actual Loops": 2,
                    "Heap Fetches": 2609129
                  },
                  {
                    "Node Type": "Sort",
                    "Parent Relationship": "Inner",
                    "Parallel Aware": false,
                    "Startup Cost": 909522.57,
                    "Total Cost": 913985.55,
                    "Plan Rows": 1785192,
                    "Plan Width": 8,
                    "Actual Startup Time": 4382.92,
                    "Actual Total Time": 4812.358,
                    "Actual Rows": 5562499,
                    "Actual Loops": 2,
                    "Sort Key": [
                      "ci.movie_id"
                    ],
                    "Sort Method": "quicksort",
                    "Sort Space Used": 136710,
                    "Sort Space Type": "Memory",
                    "Workers": [
                      {
                        "Worker Number": 0,
                        "Sort Method": "quicksort",
                        "Sort Space Used": 136710,
                        "Sort Space Type": "Memory"
                      }
                    ],
                    "Plans": [
                      {
                        "Node Type": "Hash Join",
                        "Parent Relationship": "Outer",
                        "Parallel Aware": false,
                        "Join Type": "Inner",
                        "Startup Cost": 293000.05,
                        "Total Cost": 724151.38,
                        "Plan Rows": 1785192,
                        "Plan Width": 8,
                        "Actual Startup Time": 640.251,
                        "Actual Total Time": 3896.78,
                        "Actual Rows": 1867903,
                        "Actual Loops": 2,
                        "Inner Unique": true,
                        "Hash Cond": "(ci.movie_id = t.id)",
                        "Plans": [
                          {
                            "Node Type": "Bitmap Heap Scan",
                            "Parent Relationship": "Outer",
                            "Parallel Aware": false,
                            "Relation Name": "cast_info",
                            "Alias": "ci",
                            "Startup Cost": 228636.25,
                            "Total Cost": 636879.1,
                            "Plan Rows": 8727029,
                            "Plan Width": 4,
                            "Actual Startup Time": 431.394,
                            "Actual Total Time": 1785.303,
                            "Actual Rows": 9842418,
                            "Actual Loops": 2,
                            "Recheck Cond": "(person_id < 1023647)",
                            "Rows Removed by Index Recheck": 0,
                            "Filter": "(role_id < 9)",
                            "Rows Removed by Filter": 581521,
                            "Exact Heap Blocks": 110006,
                            "Lossy Heap Blocks": 0,
                            "Plans": [
                              {
                                "Node Type": "Bitmap Index Scan",
                                "Parent Relationship": "Outer",
                                "Parallel Aware": false,
                                "Index Name": "person_id_cast_info",
                                "Startup Cost": 0.0,
                                "Total Cost": 226454.49,
                                "Plan Rows": 10370390,
                                "Plan Width": 0,
                                "Actual Startup Time": 411.809,
                                "Actual Total Time": 411.809,
                                "Actual Rows": 10423939,
                                "Actual Loops": 2,
                                "Index Cond": "(person_id < 1023647)"
                              }
                            ]
                          },
                          {
                            "Node Type": "Hash",
                            "Parent Relationship": "Inner",
                            "Parallel Aware": false,
                            "Startup Cost": 57898.99,
                            "Total Cost": 57898.99,
                            "Plan Rows": 517185,
                            "Plan Width": 4,
                            "Actual Startup Time": 205.581,
                            "Actual Total Time": 205.583,
                            "Actual Rows": 390957,
                            "Actual Loops": 2,
                            "Hash Buckets": 524288,
                            "Original Hash Buckets": 524288,
                            "Hash Batches": 1,
                            "Original Hash Batches": 1,
                            "Peak Memory Usage": 17841,
                            "Plans": [
                              {
                                "Node Type": "Bitmap Heap Scan",
                                "Parent Relationship": "Outer",
                                "Parallel Aware": false,
                                "Relation Name": "title",
                                "Alias": "t",
                                "Startup Cost": 11952.15,
                                "Total Cost": 57898.99,
                                "Plan Rows": 517185,
                                "Plan Width": 4,
                                "Actual Startup Time": 39.655,
                                "Actual Total Time": 139.748,
                                "Actual Rows": 390957,
                                "Actual Loops": 2,
                                "Recheck Cond": "(kind_id = 1)",
                                "Rows Removed by Index Recheck": 0,
                                "Filter": "(production_year > 1978)",
                                "Rows Removed by Filter": 271868,
                                "Exact Heap Blocks": 12863,
                                "Lossy Heap Blocks": 0,
                                "Plans": [
                                  {
                                    "Node Type": "Bitmap Index Scan",
                                    "Parent Relationship": "Outer",
                                    "Parallel Aware": false,
                                    "Index Name": "kind_id_title",
                                    "Startup Cost": 0.0,
                                    "Total Cost": 11822.85,
                                    "Plan Rows": 663256,
                                    "Plan Width": 0,
                                    "Actual Startup Time": 37.969,
                                    "Actual Total Time": 37.969,
                                    "Actual Rows": 662825,
                                    "Actual Loops": 2,
                                    "Index Cond": "(kind_id = 1)"
                                  }
                                ]
                              }
                            ]
                          }
                        ]
                      }
                    ]
                  }
                ]
              }
            ]
          }
        ]
      }
    ]
  },
  "Planning Time": 1.147,
  "Triggers": [],
  "Execution Time": 5964.462
}