{
    "Plan": {
        "Node Type": "Aggregate",
        "Strategy": "Plain",
        "Partial Mode": "Finalize",
        "Parallel Aware": false,
        "Startup Cost": 90578.71,
        "Total Cost": 90578.72,
        "Plan Rows": 1,
        "Plan Width": 8,
        "Actual Startup Time": 334.45,
        "Actual Total Time": 356.768,
        "Actual Rows": 1,
        "Actual Loops": 1,
        "Output": [
            "count(*)"
        ],
        "Plans": [
            {
                "Node Type": "Gather",
                "Parent Relationship": "Outer",
                "Parallel Aware": false,
                "Startup Cost": 90578.39,
                "Total Cost": 90578.7,
                "Plan Rows": 3,
                "Plan Width": 8,
                "Actual Startup Time": 333.923,
                "Actual Total Time": 356.756,
                "Actual Rows": 4,
                "Actual Loops": 1,
                "Output": [
                    "(PARTIAL count(*))"
                ],
                "Workers Planned": 3,
                "Workers Launched": 3,
                "Single Copy": false,
                "Plans": [
                    {
                        "Node Type": "Aggregate",
                        "Strategy": "Plain",
                        "Partial Mode": "Partial",
                        "Parent Relationship": "Outer",
                        "Parallel Aware": false,
                        "Startup Cost": 89578.39,
                        "Total Cost": 89578.4,
                        "Plan Rows": 1,
                        "Plan Width": 8,
                        "Actual Startup Time": 324.786,
                        "Actual Total Time": 324.79,
                        "Actual Rows": 1,
                        "Actual Loops": 4,
                        "Output": [
                            "PARTIAL count(*)"
                        ],
                        "Workers": [
                            {
                                "Worker Number": 0,
                                "Actual Startup Time": 321.524,
                                "Actual Total Time": 321.527,
                                "Actual Rows": 1,
                                "Actual Loops": 1
                            },
                            {
                                "Worker Number": 1,
                                "Actual Startup Time": 322.204,
                                "Actual Total Time": 322.209,
                                "Actual Rows": 1,
                                "Actual Loops": 1
                            },
                            {
                                "Worker Number": 2,
                                "Actual Startup Time": 322.202,
                                "Actual Total Time": 322.205,
                                "Actual Rows": 1,
                                "Actual Loops": 1
                            }
                        ],
                        "Plans": [
                            {
                                "Node Type": "Hash Join",
                                "Parent Relationship": "Outer",
                                "Parallel Aware": true,
                                "Join Type": "Inner",
                                "Startup Cost": 45835.16,
                                "Total Cost": 89535.29,
                                "Plan Rows": 17239,
                                "Plan Width": 0,
                                "Actual Startup Time": 174.85,
                                "Actual Total Time": 321.306,
                                "Actual Rows": 59930,
                                "Actual Loops": 4,
                                "Inner Unique": true,
                                "Hash Cond": "(mk.movie_id = t.id)",
                                "Workers": [
                                    {
                                        "Worker Number": 0,
                                        "Actual Startup Time": 171.829,
                                        "Actual Total Time": 318.094,
                                        "Actual Rows": 47643,
                                        "Actual Loops": 1
                                    },
                                    {
                                        "Worker Number": 1,
                                        "Actual Startup Time": 172.475,
                                        "Actual Total Time": 318.998,
                                        "Actual Rows": 66115,
                                        "Actual Loops": 1
                                    },
                                    {
                                        "Worker Number": 2,
                                        "Actual Startup Time": 172.505,
                                        "Actual Total Time": 319.037,
                                        "Actual Rows": 65688,
                                        "Actual Loops": 1
                                    }
                                ],
                                "Plans": [
                                    {
                                        "Node Type": "Seq Scan",
                                        "Parent Relationship": "Outer",
                                        "Parallel Aware": true,
                                        "Relation Name": "movie_keyword",
                                        "Schema": "public",
                                        "Alias": "mk",
                                        "Startup Cost": 0.0,
                                        "Total Cost": 42695.65,
                                        "Plan Rows": 382659,
                                        "Plan Width": 4,
                                        "Actual Startup Time": 1.314,
                                        "Actual Total Time": 130.12,
                                        "Actual Rows": 288519,
                                        "Actual Loops": 4,
                                        "Output": [
                                            "mk.id",
                                            "mk.movie_id",
                                            "mk.keyword_id"
                                        ],
                                        "Filter": "(mk.keyword_id > 16154)",
                                        "Rows Removed by Filter": 842464,
                                        "Workers": [
                                            {
                                                "Worker Number": 0,
                                                "Actual Startup Time": 1.339,
                                                "Actual Total Time": 133.185,
                                                "Actual Rows": 231847,
                                                "Actual Loops": 1
                                            },
                                            {
                                                "Worker Number": 1,
                                                "Actual Startup Time": 1.308,
                                                "Actual Total Time": 132.294,
                                                "Actual Rows": 316354,
                                                "Actual Loops": 1
                                            },
                                            {
                                                "Worker Number": 2,
                                                "Actual Startup Time": 1.313,
                                                "Actual Total Time": 132.142,
                                                "Actual Rows": 315663,
                                                "Actual Loops": 1
                                            }
                                        ]
                                    },
                                    {
                                        "Node Type": "Hash",
                                        "Parent Relationship": "Inner",
                                        "Parallel Aware": true,
                                        "Startup Cost": 45479.21,
                                        "Total Cost": 45479.21,
                                        "Plan Rows": 28476,
                                        "Plan Width": 4,
                                        "Actual Startup Time": 139.242,
                                        "Actual Total Time": 139.244,
                                        "Actual Rows": 61010,
                                        "Actual Loops": 4,
                                        "Output": [
                                            "t.id"
                                        ],
                                        "Hash Buckets": 262144,
                                        "Original Hash Buckets": 131072,
                                        "Hash Batches": 1,
                                        "Original Hash Batches": 1,
                                        "Peak Memory Usage": 12672,
                                        "Workers": [
                                            {
                                                "Worker Number": 0,
                                                "Actual Startup Time": 137.527,
                                                "Actual Total Time": 137.528,
                                                "Actual Rows": 51175,
                                                "Actual Loops": 1
                                            },
                                            {
                                                "Worker Number": 1,
                                                "Actual Startup Time": 138.156,
                                                "Actual Total Time": 138.157,
                                                "Actual Rows": 67954,
                                                "Actual Loops": 1
                                            },
                                            {
                                                "Worker Number": 2,
                                                "Actual Startup Time": 138.149,
                                                "Actual Total Time": 138.149,
                                                "Actual Rows": 67671,
                                                "Actual Loops": 1
                                            }
                                        ],
                                        "Plans": [
                                            {
                                                "Node Type": "Seq Scan",
                                                "Parent Relationship": "Outer",
                                                "Parallel Aware": true,
                                                "Relation Name": "title",
                                                "Schema": "public",
                                                "Alias": "t",
                                                "Startup Cost": 0.0,
                                                "Total Cost": 45479.21,
                                                "Plan Rows": 28476,
                                                "Plan Width": 4,
                                                "Actual Startup Time": 68.671,
                                                "Actual Total Time": 114.707,
                                                "Actual Rows": 61010,
                                                "Actual Loops": 4,
                                                "Output": [
                                                    "t.id"
                                                ],
                                                "Filter": "((t.production_year < 1974) AND (t.kind_id = 1))",
                                                "Rows Removed by Filter": 571068,
                                                "Workers": [
                                                    {
                                                        "Worker Number": 0,
                                                        "Actual Startup Time": 66.691,
                                                        "Actual Total Time": 114.403,
                                                        "Actual Rows": 51175,
                                                        "Actual Loops": 1
                                                    },
                                                    {
                                                        "Worker Number": 1,
                                                        "Actual Startup Time": 66.855,
                                                        "Actual Total Time": 114.293,
                                                        "Actual Rows": 67954,
                                                        "Actual Loops": 1
                                                    },
                                                    {
                                                        "Worker Number": 2,
                                                        "Actual Startup Time": 69.037,
                                                        "Actual Total Time": 114.445,
                                                        "Actual Rows": 67671,
                                                        "Actual Loops": 1
                                                    }
                                                ]
                                            }
                                        ]
                                    }
                                ]
                            }
                        ]
                    }
                ]
            }
        ]
    },
    "Planning Time": 0.818,
    "Triggers": [],
    "Execution Time": 356.857
}