[
  {
    "Plan": {
      "Node Type": "Aggregate",
      "Strategy": "Plain",
      "Partial Mode": "Finalize",
      "Parallel Aware": false,
      "Startup Cost": 44973.99,
      "Total Cost": 44974.0,
      "Plan Rows": 1,
      "Plan Width": 8,
      "Actual Startup Time": 172.618,
      "Actual Total Time": 183.635,
      "Actual Rows": 1,
      "Actual Loops": 1,
      "Plans": [
        {
          "Node Type": "Gather",
          "Parent Relationship": "Outer",
          "Parallel Aware": false,
          "Startup Cost": 44973.68,
          "Total Cost": 44973.99,
          "Plan Rows": 3,
          "Plan Width": 8,
          "Actual Startup Time": 172.404,
          "Actual Total Time": 183.622,
          "Actual Rows": 4,
          "Actual Loops": 1,
          "Workers Planned": 3,
          "Workers Launched": 3,
          "Single Copy": false,
          "Plans": [
            {
              "Node Type": "Aggregate",
              "Strategy": "Plain",
              "Partial Mode": "Partial",
              "Parent Relationship": "Outer",
              "Parallel Aware": false,
              "Startup Cost": 43973.68,
              "Total Cost": 43973.69,
              "Plan Rows": 1,
              "Plan Width": 8,
              "Actual Startup Time": 165.33,
              "Actual Total Time": 165.331,
              "Actual Rows": 1,
              "Actual Loops": 4,
              "Plans": [
                {
                  "Node Type": "Seq Scan",
                  "Parent Relationship": "Outer",
                  "Parallel Aware": true,
                  "Relation Name": "movie_keyword",
                  "Alias": "mk",
                  "Startup Cost": 0.0,
                  "Total Cost": 42695.65,
                  "Plan Rows": 511209,
                  "Plan Width": 0,
                  "Actual Startup Time": 0.06,
                  "Actual Total Time": 140.873,
                  "Actual Rows": 396194,
                  "Actual Loops": 4,
                  "Filter": "(keyword_id < 2418)",
                  "Rows Removed by Filter": 734789
                }
              ]
            }
          ]
        }
      ]
    },
    "Planning Time": 0.262,
    "Triggers": [],
    "Execution Time": 183.712
  }
]