[
  {
    "Plan": {
      "Node Type": "Aggregate",
      "Strategy": "Plain",
      "Partial Mode": "Finalize",
      "Parallel Aware": false,
      "Startup Cost": 323862.67,
      "Total Cost": 323862.68,
      "Plan Rows": 1,
      "Plan Width": 8,
      "Actual Startup Time": 305.378,
      "Actual Total Time": 314.105,
      "Actual Rows": 1,
      "Actual Loops": 1,
      "Plans": [
        {
          "Node Type": "Gather",
          "Parent Relationship": "Outer",
          "Parallel Aware": false,
          "Startup Cost": 323862.04,
          "Total Cost": 323862.65,
          "Plan Rows": 6,
          "Plan Width": 8,
          "Actual Startup Time": 304.536,
          "Actual Total Time": 314.096,
          "Actual Rows": 7,
          "Actual Loops": 1,
          "Workers Planned": 6,
          "Workers Launched": 6,
          "Single Copy": false,
          "Plans": [
            {
              "Node Type": "Aggregate",
              "Strategy": "Plain",
              "Partial Mode": "Partial",
              "Parent Relationship": "Outer",
              "Parallel Aware": false,
              "Startup Cost": 322862.04,
              "Total Cost": 322862.05,
              "Plan Rows": 1,
              "Plan Width": 8,
              "Actual Startup Time": 297.288,
              "Actual Total Time": 297.289,
              "Actual Rows": 1,
              "Actual Loops": 7,
              "Plans": [
                {
                  "Node Type": "Bitmap Heap Scan",
                  "Parent Relationship": "Outer",
                  "Parallel Aware": true,
                  "Relation Name": "cast_info",
                  "Alias": "ci",
                  "Startup Cost": 62324.33,
                  "Total Cost": 322096.88,
                  "Plan Rows": 306064,
                  "Plan Width": 0,
                  "Actual Startup Time": 143.295,
                  "Actual Total Time": 274.372,
                  "Actual Rows": 414492,
                  "Actual Loops": 7,
                  "Recheck Cond": "(person_id > 3517781)",
                  "Rows Removed by Index Recheck": 0,
                  "Filter": "(role_id > 1)",
                  "Rows Removed by Filter": 0,
                  "Exact Heap Blocks": 6335,
                  "Lossy Heap Blocks": 0,
                  "Plans": [
                    {
                      "Node Type": "Bitmap Index Scan",
                      "Parent Relationship": "Outer",
                      "Parallel Aware": false,
                      "Index Name": "person_id_cast_info",
                      "Startup Cost": 0.0,
                      "Total Cost": 61865.23,
                      "Plan Rows": 2834222,
                      "Plan Width": 0,
                      "Actual Startup Time": 139.503,
                      "Actual Total Time": 139.504,
                      "Actual Rows": 2901443,
                      "Actual Loops": 1,
                      "Index Cond": "(person_id > 3517781)"
                    }
                  ]
                }
              ]
            }
          ]
        }
      ]
    },
    "Planning Time": 0.097,
    "Triggers": [],
    "Execution Time": 314.145
  }
]