{
  "Plan": {
    "Node Type": "Aggregate",
    "Strategy": "Plain",
    "Partial Mode": "Finalize",
    "Parallel Aware": false,
    "Startup Cost": 47602.31,
    "Total Cost": 47602.32,
    "Plan Rows": 1,
    "Plan Width": 8,
    "Actual Startup Time": 61.874,
    "Actual Total Time": 68.193,
    "Actual Rows": 1,
    "Actual Loops": 1,
    "Plans": [
      {
        "Node Type": "Gather",
        "Parent Relationship": "Outer",
        "Parallel Aware": false,
        "Startup Cost": 47602.2,
        "Total Cost": 47602.31,
        "Plan Rows": 1,
        "Plan Width": 8,
        "Actual Startup Time": 61.73,
        "Actual Total Time": 68.187,
        "Actual Rows": 2,
        "Actual Loops": 1,
        "Workers Planned": 1,
        "Workers Launched": 1,
        "Single Copy": false,
        "Plans": [
          {
            "Node Type": "Aggregate",
            "Strategy": "Plain",
            "Partial Mode": "Partial",
            "Parent Relationship": "Outer",
            "Parallel Aware": false,
            "Startup Cost": 46602.2,
            "Total Cost": 46602.21,
            "Plan Rows": 1,
            "Plan Width": 8,
            "Actual Startup Time": 55.633,
            "Actual Total Time": 55.635,
            "Actual Rows": 1,
            "Actual Loops": 2,
            "Plans": [
              {
                "Node Type": "Nested Loop",
                "Parent Relationship": "Outer",
                "Parallel Aware": false,
                "Join Type": "Inner",
                "Startup Cost": 1823.93,
                "Total Cost": 46602.2,
                "Plan Rows": 2,
                "Plan Width": 0,
                "Actual Startup Time": 39.332,
                "Actual Total Time": 55.628,
                "Actual Rows": 1,
                "Actual Loops": 2,
                "Inner Unique": false,
                "Plans": [
                  {
                    "Node Type": "Bitmap Heap Scan",
                    "Parent Relationship": "Outer",
                    "Parallel Aware": true,
                    "Relation Name": "title",
                    "Alias": "t",
                    "Startup Cost": 1823.5,
                    "Total Cost": 38723.5,
                    "Plan Rows": 860,
                    "Plan Width": 4,
                    "Actual Startup Time": 16.177,
                    "Actual Total Time": 46.761,
                    "Actual Rows": 984,
                    "Actual Loops": 2,
                    "Recheck Cond": "(kind_id = 3)",
                    "Rows Removed by Index Recheck": 0,
                    "Filter": "(production_year = 1995)",
                    "Rows Removed by Filter": 49285,
                    "Exact Heap Blocks": 11010,
                    "Lossy Heap Blocks": 0,
                    "Plans": [
                      {
                        "Node Type": "Bitmap Index Scan",
                        "Parent Relationship": "Outer",
                        "Parallel Aware": false,
                        "Index Name": "kind_id_title",
                        "Startup Cost": 0.0,
                        "Total Cost": 1823.13,
                        "Plan Rows": 102227,
                        "Plan Width": 0,
                        "Actual Startup Time": 16.277,
                        "Actual Total Time": 16.277,
                        "Actual Rows": 100537,
                        "Actual Loops": 1,
                        "Index Cond": "(kind_id = 3)"
                      }
                    ]
                  },
                  {
                    "Node Type": "Index Scan",
                    "Parent Relationship": "Inner",
                    "Parallel Aware": false,
                    "Scan Direction": "Forward",
                    "Index Name": "movie_id_movie_keyword",
                    "Relation Name": "movie_keyword",
                    "Alias": "mk",
                    "Startup Cost": 0.43,
                    "Total Cost": 9.15,
                    "Plan Rows": 1,
                    "Plan Width": 4,
                    "Actual Startup Time": 0.009,
                    "Actual Total Time": 0.009,
                    "Actual Rows": 0,
                    "Actual Loops": 1967,
                    "Index Cond": "(movie_id = t.id)",
                    "Rows Removed by Index Recheck": 0,
                    "Filter": "(keyword_id = 12015)",
                    "Rows Removed by Filter": 3
                  }
                ]
              }
            ]
          }
        ]
      }
    ]
  },
  "Planning Time": 0.438,
  "Triggers": [],
  "Execution Time": 68.278
}