[
  {
    "Plan": {
      "Node Type": "Aggregate",
      "Strategy": "Plain",
      "Partial Mode": "Finalize",
      "Parallel Aware": false,
      "Startup Cost": 392114.83,
      "Total Cost": 392114.84,
      "Plan Rows": 1,
      "Plan Width": 8,
      "Actual Startup Time": 3470.946,
      "Actual Total Time": 3521.611,
      "Actual Rows": 1,
      "Actual Loops": 1,
      "Plans": [
        {
          "Node Type": "Gather",
          "Parent Relationship": "Outer",
          "Parallel Aware": false,
          "Startup Cost": 392114.21,
          "Total Cost": 392114.82,
          "Plan Rows": 6,
          "Plan Width": 8,
          "Actual Startup Time": 3459.556,
          "Actual Total Time": 3521.6,
          "Actual Rows": 7,
          "Actual Loops": 1,
          "Workers Planned": 6,
          "Workers Launched": 6,
          "Single Copy": false,
          "Plans": [
            {
              "Node Type": "Aggregate",
              "Strategy": "Plain",
              "Partial Mode": "Partial",
              "Parent Relationship": "Outer",
              "Parallel Aware": false,
              "Startup Cost": 391114.21,
              "Total Cost": 391114.22,
              "Plan Rows": 1,
              "Plan Width": 8,
              "Actual Startup Time": 3446.551,
              "Actual Total Time": 3446.554,
              "Actual Rows": 1,
              "Actual Loops": 7,
              "Plans": [
                {
                  "Node Type": "Hash Join",
                  "Parent Relationship": "Outer",
                  "Parallel Aware": true,
                  "Join Type": "Inner",
                  "Startup Cost": 50166.55,
                  "Total Cost": 379133.2,
                  "Plan Rows": 4792402,
                  "Plan Width": 0,
                  "Actual Startup Time": 259.06,
                  "Actual Total Time": 3216.351,
                  "Actual Rows": 4359553,
                  "Actual Loops": 7,
                  "Inner Unique": true,
                  "Hash Cond": "(ci.movie_id = t.id)",
                  "Plans": [
                    {
                      "Node Type": "Seq Scan",
                      "Parent Relationship": "Outer",
                      "Parallel Aware": true,
                      "Relation Name": "cast_info",
                      "Alias": "ci",
                      "Startup Cost": 0.0,
                      "Total Cost": 313106.51,
                      "Plan Rows": 6041951,
                      "Plan Width": 4,
                      "Actual Startup Time": 0.037,
                      "Actual Total Time": 602.229,
                      "Actual Rows": 5177763,
                      "Actual Loops": 7
                    },
                    {
                      "Node Type": "Hash",
                      "Parent Relationship": "Inner",
                      "Parallel Aware": true,
                      "Startup Cost": 43899.32,
                      "Total Cost": 43899.32,
                      "Plan Rows": 501378,
                      "Plan Width": 4,
                      "Actual Startup Time": 254.296,
                      "Actual Total Time": 254.297,
                      "Actual Rows": 284379,
                      "Actual Loops": 7,
                      "Hash Buckets": 2097152,
                      "Original Hash Buckets": 2097152,
                      "Hash Batches": 1,
                      "Original Hash Batches": 1,
                      "Peak Memory Usage": 94400,
                      "Plans": [
                        {
                          "Node Type": "Seq Scan",
                          "Parent Relationship": "Outer",
                          "Parallel Aware": true,
                          "Relation Name": "title",
                          "Alias": "t",
                          "Startup Cost": 0.0,
                          "Total Cost": 43899.32,
                          "Plan Rows": 501378,
                          "Plan Width": 4,
                          "Actual Startup Time": 0.05,
                          "Actual Total Time": 99.274,
                          "Actual Rows": 284379,
                          "Actual Loops": 7,
                          "Filter": "(production_year > 1976)",
                          "Rows Removed by Filter": 76808
                        }
                      ]
                    }
                  ]
                }
              ]
            }
          ]
        }
      ]
    },
    "Planning Time": 0.511,
    "Triggers": [],
    "Execution Time": 3521.684
  }
]