[
  {
    "Plan": {
      "Node Type": "Aggregate",
      "Strategy": "Plain",
      "Partial Mode": "Finalize",
      "Parallel Aware": false,
      "Startup Cost": 82872.94,
      "Total Cost": 82872.95,
      "Plan Rows": 1,
      "Plan Width": 8,
      "Actual Startup Time": 113.981,
      "Actual Total Time": 130.935,
      "Actual Rows": 1,
      "Actual Loops": 1,
      "Plans": [
        {
          "Node Type": "Gather",
          "Parent Relationship": "Outer",
          "Parallel Aware": false,
          "Startup Cost": 82872.52,
          "Total Cost": 82872.93,
          "Plan Rows": 4,
          "Plan Width": 8,
          "Actual Startup Time": 113.852,
          "Actual Total Time": 130.929,
          "Actual Rows": 5,
          "Actual Loops": 1,
          "Workers Planned": 4,
          "Workers Launched": 4,
          "Single Copy": false,
          "Plans": [
            {
              "Node Type": "Aggregate",
              "Strategy": "Plain",
              "Partial Mode": "Partial",
              "Parent Relationship": "Outer",
              "Parallel Aware": false,
              "Startup Cost": 81872.52,
              "Total Cost": 81872.53,
              "Plan Rows": 1,
              "Plan Width": 8,
              "Actual Startup Time": 104.21,
              "Actual Total Time": 104.211,
              "Actual Rows": 1,
              "Actual Loops": 5,
              "Plans": [
                {
                  "Node Type": "Nested Loop",
                  "Parent Relationship": "Outer",
                  "Parallel Aware": false,
                  "Join Type": "Inner",
                  "Startup Cost": 0.43,
                  "Total Cost": 81869.05,
                  "Plan Rows": 1390,
                  "Plan Width": 0,
                  "Actual Startup Time": 58.604,
                  "Actual Total Time": 103.723,
                  "Actual Rows": 5876,
                  "Actual Loops": 5,
                  "Inner Unique": false,
                  "Plans": [
                    {
                      "Node Type": "Seq Scan",
                      "Parent Relationship": "Outer",
                      "Parallel Aware": true,
                      "Relation Name": "title",
                      "Alias": "t",
                      "Startup Cost": 0.0,
                      "Total Cost": 45479.1,
                      "Plan Rows": 238,
                      "Plan Width": 4,
                      "Actual Startup Time": 58.495,
                      "Actual Total Time": 81.746,
                      "Actual Rows": 508,
                      "Actual Loops": 5,
                      "Filter": "((kind_id = 1) AND (production_year = 1930))",
                      "Rows Removed by Filter": 505154
                    },
                    {
                      "Node Type": "Index Only Scan",
                      "Parent Relationship": "Inner",
                      "Parallel Aware": false,
                      "Scan Direction": "Forward",
                      "Index Name": "movie_id_movie_info",
                      "Relation Name": "movie_info",
                      "Alias": "mi",
                      "Startup Cost": 0.43,
                      "Total Cost": 152.48,
                      "Plan Rows": 42,
                      "Plan Width": 4,
                      "Actual Startup Time": 0.015,
                      "Actual Total Time": 0.042,
                      "Actual Rows": 12,
                      "Actual Loops": 2540,
                      "Index Cond": "(movie_id = t.id)",
                      "Rows Removed by Index Recheck": 0,
                      "Heap Fetches": 29382
                    }
                  ]
                }
              ]
            }
          ]
        }
      ]
    },
    "Planning Time": 0.6,
    "Triggers": [],
    "Execution Time": 131.007
  }
]