[
  {
    "Plan": {
      "Node Type": "Aggregate",
      "Strategy": "Plain",
      "Partial Mode": "Simple",
      "Parallel Aware": false,
      "Startup Cost": 11619.2,
      "Total Cost": 11619.21,
      "Plan Rows": 1,
      "Plan Width": 8,
      "Actual Startup Time": 55.09,
      "Actual Total Time": 55.093,
      "Actual Rows": 1,
      "Actual Loops": 1,
      "Plans": [
        {
          "Node Type": "Bitmap Heap Scan",
          "Parent Relationship": "Outer",
          "Parallel Aware": false,
          "Relation Name": "movie_keyword",
          "Alias": "mk",
          "Startup Cost": 99.49,
          "Total Cost": 11607.89,
          "Plan Rows": 4524,
          "Plan Width": 0,
          "Actual Startup Time": 44.038,
          "Actual Total Time": 54.385,
          "Actual Rows": 3664,
          "Actual Loops": 1,
          "Recheck Cond": "(keyword_id = 3518)",
          "Rows Removed by Index Recheck": 0,
          "Exact Heap Blocks": 3373,
          "Lossy Heap Blocks": 0,
          "Plans": [
            {
              "Node Type": "Bitmap Index Scan",
              "Parent Relationship": "Outer",
              "Parallel Aware": false,
              "Index Name": "keyword_id_movie_keyword",
              "Startup Cost": 0.0,
              "Total Cost": 98.36,
              "Plan Rows": 4524,
              "Plan Width": 0,
              "Actual Startup Time": 42.641,
              "Actual Total Time": 42.642,
              "Actual Rows": 3664,
              "Actual Loops": 1,
              "Index Cond": "(keyword_id = 3518)"
            }
          ]
        }
      ]
    },
    "Planning Time": 0.251,
    "Triggers": [],
    "Execution Time": 55.156
  }
]