[
  {
    "Plan": {
      "Node Type": "Aggregate",
      "Strategy": "Plain",
      "Partial Mode": "Finalize",
      "Parallel Aware": false,
      "Startup Cost": 31170.34,
      "Total Cost": 31170.35,
      "Plan Rows": 1,
      "Plan Width": 8,
      "Actual Startup Time": 100.575,
      "Actual Total Time": 106.37,
      "Actual Rows": 1,
      "Actual Loops": 1,
      "Plans": [
        {
          "Node Type": "Gather",
          "Parent Relationship": "Outer",
          "Parallel Aware": false,
          "Startup Cost": 31170.02,
          "Total Cost": 31170.33,
          "Plan Rows": 3,
          "Plan Width": 8,
          "Actual Startup Time": 100.492,
          "Actual Total Time": 106.361,
          "Actual Rows": 4,
          "Actual Loops": 1,
          "Workers Planned": 3,
          "Workers Launched": 3,
          "Single Copy": false,
          "Plans": [
            {
              "Node Type": "Aggregate",
              "Strategy": "Plain",
              "Partial Mode": "Partial",
              "Parent Relationship": "Outer",
              "Parallel Aware": false,
              "Startup Cost": 30170.02,
              "Total Cost": 30170.03,
              "Plan Rows": 1,
              "Plan Width": 8,
              "Actual Startup Time": 93.929,
              "Actual Total Time": 93.93,
              "Actual Rows": 1,
              "Actual Loops": 4,
              "Plans": [
                {
                  "Node Type": "Seq Scan",
                  "Parent Relationship": "Outer",
                  "Parallel Aware": true,
                  "Relation Name": "movie_companies",
                  "Alias": "mc",
                  "Startup Cost": 0.0,
                  "Total Cost": 29310.68,
                  "Plan Rows": 343735,
                  "Plan Width": 0,
                  "Actual Startup Time": 22.338,
                  "Actual Total Time": 81.435,
                  "Actual Rows": 268352,
                  "Actual Loops": 4,
                  "Filter": "(company_id > 14489)",
                  "Rows Removed by Filter": 383930
                }
              ]
            }
          ]
        }
      ]
    },
    "Planning Time": 0.161,
    "Triggers": [],
    "Execution Time": 106.419
  }
]