[
  {
    "Plan": {
      "Node Type": "Aggregate",
      "Strategy": "Plain",
      "Partial Mode": "Finalize",
      "Parallel Aware": false,
      "Startup Cost": 45508.5,
      "Total Cost": 45508.51,
      "Plan Rows": 1,
      "Plan Width": 8,
      "Actual Startup Time": 146.567,
      "Actual Total Time": 156.225,
      "Actual Rows": 1,
      "Actual Loops": 1,
      "Plans": [
        {
          "Node Type": "Gather",
          "Parent Relationship": "Outer",
          "Parallel Aware": false,
          "Startup Cost": 45508.19,
          "Total Cost": 45508.5,
          "Plan Rows": 3,
          "Plan Width": 8,
          "Actual Startup Time": 146.468,
          "Actual Total Time": 156.217,
          "Actual Rows": 4,
          "Actual Loops": 1,
          "Workers Planned": 3,
          "Workers Launched": 3,
          "Single Copy": false,
          "Plans": [
            {
              "Node Type": "Aggregate",
              "Strategy": "Plain",
              "Partial Mode": "Partial",
              "Parent Relationship": "Outer",
              "Parallel Aware": false,
              "Startup Cost": 44508.19,
              "Total Cost": 44508.2,
              "Plan Rows": 1,
              "Plan Width": 8,
              "Actual Startup Time": 141.019,
              "Actual Total Time": 141.02,
              "Actual Rows": 1,
              "Actual Loops": 4,
              "Plans": [
                {
                  "Node Type": "Seq Scan",
                  "Parent Relationship": "Outer",
                  "Parallel Aware": true,
                  "Relation Name": "movie_keyword",
                  "Alias": "mk",
                  "Startup Cost": 0.0,
                  "Total Cost": 42695.65,
                  "Plan Rows": 725013,
                  "Plan Width": 0,
                  "Actual Startup Time": 0.04,
                  "Actual Total Time": 115.09,
                  "Actual Rows": 564282,
                  "Actual Loops": 4,
                  "Filter": "(keyword_id < 4671)",
                  "Rows Removed by Filter": 566700
                }
              ]
            }
          ]
        }
      ]
    },
    "Planning Time": 0.154,
    "Triggers": [],
    "Execution Time": 156.274
  }
]