[
  {
    "Plan": {
      "Node Type": "Aggregate",
      "Strategy": "Plain",
      "Partial Mode": "Finalize",
      "Parallel Aware": false,
      "Startup Cost": 346840.71,
      "Total Cost": 346840.72,
      "Plan Rows": 1,
      "Plan Width": 8,
      "Actual Startup Time": 628.936,
      "Actual Total Time": 685.684,
      "Actual Rows": 1,
      "Actual Loops": 1,
      "Plans": [
        {
          "Node Type": "Gather",
          "Parent Relationship": "Outer",
          "Parallel Aware": false,
          "Startup Cost": 346840.08,
          "Total Cost": 346840.69,
          "Plan Rows": 6,
          "Plan Width": 8,
          "Actual Startup Time": 628.811,
          "Actual Total Time": 685.673,
          "Actual Rows": 7,
          "Actual Loops": 1,
          "Workers Planned": 6,
          "Workers Launched": 6,
          "Single Copy": false,
          "Plans": [
            {
              "Node Type": "Aggregate",
              "Strategy": "Plain",
              "Partial Mode": "Partial",
              "Parent Relationship": "Outer",
              "Parallel Aware": false,
              "Startup Cost": 345840.08,
              "Total Cost": 345840.09,
              "Plan Rows": 1,
              "Plan Width": 8,
              "Actual Startup Time": 618.484,
              "Actual Total Time": 618.485,
              "Actual Rows": 1,
              "Actual Loops": 7,
              "Plans": [
                {
                  "Node Type": "Seq Scan",
                  "Parent Relationship": "Outer",
                  "Parallel Aware": true,
                  "Relation Name": "cast_info",
                  "Alias": "ci",
                  "Startup Cost": 0.0,
                  "Total Cost": 343257.03,
                  "Plan Rows": 1033221,
                  "Plan Width": 0,
                  "Actual Startup Time": 225.347,
                  "Actual Total Time": 601.953,
                  "Actual Rows": 383705,
                  "Actual Loops": 7,
                  "Filter": "((person_id < 938472) AND (role_id > 1))",
                  "Rows Removed by Filter": 4794058
                }
              ]
            }
          ]
        }
      ]
    },
    "Planning Time": 0.217,
    "Triggers": [],
    "Execution Time": 685.755
  }
]