{
  "Plan": {
    "Node Type": "Aggregate",
    "Strategy": "Plain",
    "Partial Mode": "Finalize",
    "Parallel Aware": false,
    "Startup Cost": 663700.36,
    "Total Cost": 663700.37,
    "Plan Rows": 1,
    "Plan Width": 8,
    "Actual Startup Time": 3063.34,
    "Actual Total Time": 3100.302,
    "Actual Rows": 1,
    "Actual Loops": 1,
    "Plans": [
      {
        "Node Type": "Gather",
        "Parent Relationship": "Outer",
        "Parallel Aware": false,
        "Startup Cost": 663700.25,
        "Total Cost": 663700.36,
        "Plan Rows": 1,
        "Plan Width": 8,
        "Actual Startup Time": 3058.383,
        "Actual Total Time": 3100.292,
        "Actual Rows": 2,
        "Actual Loops": 1,
        "Workers Planned": 1,
        "Workers Launched": 1,
        "Single Copy": false,
        "Plans": [
          {
            "Node Type": "Aggregate",
            "Strategy": "Plain",
            "Partial Mode": "Partial",
            "Parent Relationship": "Outer",
            "Parallel Aware": false,
            "Startup Cost": 662700.25,
            "Total Cost": 662700.26,
            "Plan Rows": 1,
            "Plan Width": 8,
            "Actual Startup Time": 3052.765,
            "Actual Total Time": 3054.098,
            "Actual Rows": 1,
            "Actual Loops": 2,
            "Plans": [
              {
                "Node Type": "Hash Join",
                "Parent Relationship": "Outer",
                "Parallel Aware": true,
                "Join Type": "Inner",
                "Startup Cost": 310406.98,
                "Total Cost": 658718.5,
                "Plan Rows": 1592699,
                "Plan Width": 0,
                "Actual Startup Time": 1172.928,
                "Actual Total Time": 2889.679,
                "Actual Rows": 3184466,
                "Actual Loops": 2,
                "Inner Unique": false,
                "Hash Cond": "(ci.movie_id = t.id)",
                "Plans": [
                  {
                    "Node Type": "Bitmap Heap Scan",
                    "Parent Relationship": "Outer",
                    "Parallel Aware": true,
                    "Relation Name": "cast_info",
                    "Alias": "ci",
                    "Startup Cost": 199302.04,
                    "Total Cost": 518339.58,
                    "Plan Rows": 5308044,
                    "Plan Width": 4,
                    "Actual Startup Time": 343.947,
                    "Actual Total Time": 870.208,
                    "Actual Rows": 4582332,
                    "Actual Loops": 2,
                    "Recheck Cond": "(person_id < 901913)",
                    "Rows Removed by Index Recheck": 0,
                    "Exact Heap Blocks": 60530,
                    "Lossy Heap Blocks": 0,
                    "Plans": [
                      {
                        "Node Type": "Bitmap Index Scan",
                        "Parent Relationship": "Outer",
                        "Parallel Aware": false,
                        "Index Name": "person_id_cast_info",
                        "Startup Cost": 0.0,
                        "Total Cost": 197046.12,
                        "Plan Rows": 9023674,
                        "Plan Width": 0,
                        "Actual Startup Time": 327.477,
                        "Actual Total Time": 327.478,
                        "Actual Rows": 9164663,
                        "Actual Loops": 1,
                        "Index Cond": "(person_id < 901913)"
                      }
                    ]
                  },
                  {
                    "Node Type": "Hash",
                    "Parent Relationship": "Inner",
                    "Parallel Aware": true,
                    "Startup Cost": 105526.83,
                    "Total Cost": 105526.83,
                    "Plan Rows": 446249,
                    "Plan Width": 8,
                    "Actual Startup Time": 818.782,
                    "Actual Total Time": 820.112,
                    "Actual Rows": 296483,
                    "Actual Loops": 2,
                    "Hash Buckets": 1048576,
                    "Original Hash Buckets": 1048576,
                    "Hash Batches": 1,
                    "Original Hash Batches": 1,
                    "Peak Memory Usage": 31424,
                    "Plans": [
                      {
                        "Node Type": "Hash Join",
                        "Parent Relationship": "Outer",
                        "Parallel Aware": true,
                        "Join Type": "Inner",
                        "Startup Cost": 65568.81,
                        "Total Cost": 105526.83,
                        "Plan Rows": 446249,
                        "Plan Width": 8,
                        "Actual Startup Time": 430.609,
                        "Actual Total Time": 742.876,
                        "Actual Rows": 296483,
                        "Actual Loops": 2,
                        "Inner Unique": true,
                        "Hash Cond": "(mc.movie_id = t.id)",
                        "Plans": [
                          {
                            "Node Type": "Seq Scan",
                            "Parent Relationship": "Outer",
                            "Parallel Aware": true,
                            "Relation Name": "movie_companies",
                            "Alias": "mc",
                            "Startup Cost": 0.0,
                            "Total Cost": 37974.77,
                            "Plan Rows": 755522,
                            "Plan Width": 4,
                            "Actual Startup Time": 0.015,
                            "Actual Total Time": 134.712,
                            "Actual Rows": 637123,
                            "Actual Loops": 2,
                            "Filter": "(company_type_id < 2)",
                            "Rows Removed by Filter": 667442
                          },
                          {
                            "Node Type": "Hash",
                            "Parent Relationship": "Inner",
                            "Parallel Aware": true,
                            "Startup Cost": 54588.39,
                            "Total Cost": 54588.39,
                            "Plan Rows": 878434,
                            "Plan Width": 4,
                            "Actual Startup Time": 420.0,
                            "Actual Total Time": 420.001,
                            "Actual Rows": 742515,
                            "Actual Loops": 2,
                            "Hash Buckets": 2097152,
                            "Original Hash Buckets": 2097152,
                            "Hash Batches": 1,
                            "Original Hash Batches": 1,
                            "Peak Memory Usage": 74528,
                            "Plans": [
                              {
                                "Node Type": "Seq Scan",
                                "Parent Relationship": "Outer",
                                "Parallel Aware": true,
                                "Relation Name": "title",
                                "Alias": "t",
                                "Startup Cost": 0.0,
                                "Total Cost": 54588.39,
                                "Plan Rows": 878434,
                                "Plan Width": 4,
                                "Actual Startup Time": 0.033,
                                "Actual Total Time": 190.864,
                                "Actual Rows": 742515,
                                "Actual Loops": 2,
                                "Filter": "(production_year > 1998)",
                                "Rows Removed by Filter": 521641
                              }
                            ]
                          }
                        ]
                      }
                    ]
                  }
                ]
              }
            ]
          }
        ]
      }
    ]
  },
  "Planning Time": 1.012,
  "Triggers": [],
  "Execution Time": 3100.402
}