[
  {
    "Plan": {
      "Node Type": "Aggregate",
      "Strategy": "Plain",
      "Partial Mode": "Finalize",
      "Parallel Aware": false,
      "Startup Cost": 352246.49,
      "Total Cost": 352246.51,
      "Plan Rows": 1,
      "Plan Width": 8,
      "Actual Startup Time": 896.921,
      "Actual Total Time": 948.107,
      "Actual Rows": 1,
      "Actual Loops": 1,
      "Plans": [
        {
          "Node Type": "Gather",
          "Parent Relationship": "Outer",
          "Parallel Aware": false,
          "Startup Cost": 352245.87,
          "Total Cost": 352246.48,
          "Plan Rows": 6,
          "Plan Width": 8,
          "Actual Startup Time": 896.633,
          "Actual Total Time": 948.09,
          "Actual Rows": 7,
          "Actual Loops": 1,
          "Workers Planned": 6,
          "Workers Launched": 6,
          "Single Copy": false,
          "Plans": [
            {
              "Node Type": "Aggregate",
              "Strategy": "Plain",
              "Partial Mode": "Partial",
              "Parent Relationship": "Outer",
              "Parallel Aware": false,
              "Startup Cost": 351245.87,
              "Total Cost": 351245.88,
              "Plan Rows": 1,
              "Plan Width": 8,
              "Actual Startup Time": 889.917,
              "Actual Total Time": 889.919,
              "Actual Rows": 1,
              "Actual Loops": 7,
              "Plans": [
                {
                  "Node Type": "Seq Scan",
                  "Parent Relationship": "Outer",
                  "Parallel Aware": true,
                  "Relation Name": "cast_info",
                  "Alias": "ci",
                  "Startup Cost": 0.0,
                  "Total Cost": 343316.27,
                  "Plan Rows": 3171840,
                  "Plan Width": 0,
                  "Actual Startup Time": 0.041,
                  "Actual Total Time": 748.206,
                  "Actual Rows": 2874666,
                  "Actual Loops": 7,
                  "Filter": "((person_id < 3658904) AND (role_id < 3))",
                  "Rows Removed by Filter": 2303098
                }
              ]
            }
          ]
        }
      ]
    },
    "Planning Time": 0.12,
    "Triggers": [],
    "Execution Time": 948.15
  }
]