[
  {
    "Plan": {
      "Node Type": "Aggregate",
      "Strategy": "Plain",
      "Partial Mode": "Finalize",
      "Parallel Aware": false,
      "Startup Cost": 95652.13,
      "Total Cost": 95652.14,
      "Plan Rows": 1,
      "Plan Width": 8,
      "Actual Startup Time": 349.087,
      "Actual Total Time": 364.354,
      "Actual Rows": 1,
      "Actual Loops": 1,
      "Plans": [
        {
          "Node Type": "Gather",
          "Parent Relationship": "Outer",
          "Parallel Aware": false,
          "Startup Cost": 95651.71,
          "Total Cost": 95652.12,
          "Plan Rows": 4,
          "Plan Width": 8,
          "Actual Startup Time": 347.31,
          "Actual Total Time": 364.344,
          "Actual Rows": 5,
          "Actual Loops": 1,
          "Workers Planned": 4,
          "Workers Launched": 4,
          "Single Copy": false,
          "Plans": [
            {
              "Node Type": "Aggregate",
              "Strategy": "Plain",
              "Partial Mode": "Partial",
              "Parent Relationship": "Outer",
              "Parallel Aware": false,
              "Startup Cost": 94651.71,
              "Total Cost": 94651.72,
              "Plan Rows": 1,
              "Plan Width": 8,
              "Actual Startup Time": 336.446,
              "Actual Total Time": 336.449,
              "Actual Rows": 1,
              "Actual Loops": 5,
              "Plans": [
                {
                  "Node Type": "Hash Join",
                  "Parent Relationship": "Outer",
                  "Parallel Aware": true,
                  "Join Type": "Inner",
                  "Startup Cost": 46421.46,
                  "Total Cost": 94309.85,
                  "Plan Rows": 136744,
                  "Plan Width": 0,
                  "Actual Startup Time": 168.457,
                  "Actual Total Time": 330.629,
                  "Actual Rows": 119539,
                  "Actual Loops": 5,
                  "Inner Unique": true,
                  "Hash Cond": "(ci.movie_id = t.id)",
                  "Plans": [
                    {
                      "Node Type": "Index Scan",
                      "Parent Relationship": "Outer",
                      "Parallel Aware": true,
                      "Scan Direction": "Forward",
                      "Index Name": "role_id_cast_info",
                      "Relation Name": "cast_info",
                      "Alias": "ci",
                      "Startup Cost": 0.56,
                      "Total Cost": 46764.42,
                      "Plan Rows": 428396,
                      "Plan Width": 4,
                      "Actual Startup Time": 0.26,
                      "Actual Total Time": 56.41,
                      "Actual Rows": 340709,
                      "Actual Loops": 5,
                      "Index Cond": "(role_id = 8)",
                      "Rows Removed by Index Recheck": 0
                    },
                    {
                      "Node Type": "Hash",
                      "Parent Relationship": "Inner",
                      "Parallel Aware": true,
                      "Startup Cost": 43898.92,
                      "Total Cost": 43898.92,
                      "Plan Rows": 201758,
                      "Plan Width": 4,
                      "Actual Startup Time": 163.912,
                      "Actual Total Time": 163.913,
                      "Actual Rows": 162541,
                      "Actual Loops": 5,
                      "Hash Buckets": 1048576,
                      "Original Hash Buckets": 1048576,
                      "Hash Batches": 1,
                      "Original Hash Batches": 1,
                      "Peak Memory Usage": 40064,
                      "Plans": [
                        {
                          "Node Type": "Seq Scan",
                          "Parent Relationship": "Outer",
                          "Parallel Aware": true,
                          "Relation Name": "title",
                          "Alias": "t",
                          "Startup Cost": 0.0,
                          "Total Cost": 43898.92,
                          "Plan Rows": 201758,
                          "Plan Width": 4,
                          "Actual Startup Time": 0.041,
                          "Actual Total Time": 96.235,
                          "Actual Rows": 162541,
                          "Actual Loops": 5,
                          "Filter": "(production_year < 1995)",
                          "Rows Removed by Filter": 343122
                        }
                      ]
                    }
                  ]
                }
              ]
            }
          ]
        }
      ]
    },
    "Planning Time": 0.658,
    "Triggers": [],
    "Execution Time": 364.439
  }
]