[
  {
    "Plan": {
      "Node Type": "Aggregate",
      "Strategy": "Plain",
      "Partial Mode": "Finalize",
      "Parallel Aware": false,
      "Startup Cost": 332584.03,
      "Total Cost": 332584.04,
      "Plan Rows": 1,
      "Plan Width": 8,
      "Actual Startup Time": 691.856,
      "Actual Total Time": 753.202,
      "Actual Rows": 1,
      "Actual Loops": 1,
      "Plans": [
        {
          "Node Type": "Gather",
          "Parent Relationship": "Outer",
          "Parallel Aware": false,
          "Startup Cost": 332583.4,
          "Total Cost": 332584.01,
          "Plan Rows": 6,
          "Plan Width": 8,
          "Actual Startup Time": 691.661,
          "Actual Total Time": 753.183,
          "Actual Rows": 7,
          "Actual Loops": 1,
          "Workers Planned": 6,
          "Workers Launched": 6,
          "Single Copy": false,
          "Plans": [
            {
              "Node Type": "Aggregate",
              "Strategy": "Plain",
              "Partial Mode": "Partial",
              "Parent Relationship": "Outer",
              "Parallel Aware": false,
              "Startup Cost": 331583.4,
              "Total Cost": 331583.41,
              "Plan Rows": 1,
              "Plan Width": 8,
              "Actual Startup Time": 683.151,
              "Actual Total Time": 683.153,
              "Actual Rows": 1,
              "Actual Loops": 7,
              "Plans": [
                {
                  "Node Type": "Seq Scan",
                  "Parent Relationship": "Outer",
                  "Parallel Aware": true,
                  "Relation Name": "cast_info",
                  "Alias": "ci",
                  "Startup Cost": 0.0,
                  "Total Cost": 328211.39,
                  "Plan Rows": 1348804,
                  "Plan Width": 0,
                  "Actual Startup Time": 0.062,
                  "Actual Total Time": 623.523,
                  "Actual Rows": 1174241,
                  "Actual Loops": 7,
                  "Filter": "(person_id < 802990)",
                  "Rows Removed by Filter": 4003523
                }
              ]
            }
          ]
        }
      ]
    },
    "Planning Time": 0.111,
    "Triggers": [],
    "Execution Time": 753.253
  }
]