[
  {
    "Plan": {
      "Node Type": "Aggregate",
      "Strategy": "Plain",
      "Partial Mode": "Finalize",
      "Parallel Aware": false,
      "Startup Cost": 45761.68,
      "Total Cost": 45761.69,
      "Plan Rows": 1,
      "Plan Width": 8,
      "Actual Startup Time": 152.998,
      "Actual Total Time": 162.815,
      "Actual Rows": 1,
      "Actual Loops": 1,
      "Plans": [
        {
          "Node Type": "Gather",
          "Parent Relationship": "Outer",
          "Parallel Aware": false,
          "Startup Cost": 45761.36,
          "Total Cost": 45761.67,
          "Plan Rows": 3,
          "Plan Width": 8,
          "Actual Startup Time": 152.87,
          "Actual Total Time": 162.807,
          "Actual Rows": 4,
          "Actual Loops": 1,
          "Workers Planned": 3,
          "Workers Launched": 3,
          "Single Copy": false,
          "Plans": [
            {
              "Node Type": "Aggregate",
              "Strategy": "Plain",
              "Partial Mode": "Partial",
              "Parent Relationship": "Outer",
              "Parallel Aware": false,
              "Startup Cost": 44761.36,
              "Total Cost": 44761.37,
              "Plan Rows": 1,
              "Plan Width": 8,
              "Actual Startup Time": 144.411,
              "Actual Total Time": 144.412,
              "Actual Rows": 1,
              "Actual Loops": 4,
              "Plans": [
                {
                  "Node Type": "Seq Scan",
                  "Parent Relationship": "Outer",
                  "Parallel Aware": true,
                  "Relation Name": "movie_keyword",
                  "Alias": "mk",
                  "Startup Cost": 0.0,
                  "Total Cost": 42695.65,
                  "Plan Rows": 826283,
                  "Plan Width": 0,
                  "Actual Startup Time": 0.56,
                  "Actual Total Time": 115.632,
                  "Actual Rows": 637502,
                  "Actual Loops": 4,
                  "Filter": "(keyword_id > 3460)",
                  "Rows Removed by Filter": 493480
                }
              ]
            }
          ]
        }
      ]
    },
    "Planning Time": 0.176,
    "Triggers": [],
    "Execution Time": 162.869
  }
]