[
  {
    "Plan": {
      "Node Type": "Aggregate",
      "Strategy": "Plain",
      "Partial Mode": "Finalize",
      "Parallel Aware": false,
      "Startup Cost": 301554.64,
      "Total Cost": 301554.65,
      "Plan Rows": 1,
      "Plan Width": 8,
      "Actual Startup Time": 4167.461,
      "Actual Total Time": 4254.352,
      "Actual Rows": 1,
      "Actual Loops": 1,
      "Plans": [
        {
          "Node Type": "Gather",
          "Parent Relationship": "Outer",
          "Parallel Aware": false,
          "Startup Cost": 301554.11,
          "Total Cost": 301554.62,
          "Plan Rows": 5,
          "Plan Width": 8,
          "Actual Startup Time": 4164.716,
          "Actual Total Time": 4254.341,
          "Actual Rows": 6,
          "Actual Loops": 1,
          "Workers Planned": 5,
          "Workers Launched": 5,
          "Single Copy": false,
          "Plans": [
            {
              "Node Type": "Aggregate",
              "Strategy": "Plain",
              "Partial Mode": "Partial",
              "Parent Relationship": "Outer",
              "Parallel Aware": false,
              "Startup Cost": 300554.11,
              "Total Cost": 300554.12,
              "Plan Rows": 1,
              "Plan Width": 8,
              "Actual Startup Time": 4155.932,
              "Actual Total Time": 4155.937,
              "Actual Rows": 1,
              "Actual Loops": 6,
              "Plans": [
                {
                  "Node Type": "Nested Loop",
                  "Parent Relationship": "Outer",
                  "Parallel Aware": false,
                  "Join Type": "Inner",
                  "Startup Cost": 54959.82,
                  "Total Cost": 299830.61,
                  "Plan Rows": 289403,
                  "Plan Width": 0,
                  "Actual Startup Time": 146.593,
                  "Actual Total Time": 3844.326,
                  "Actual Rows": 6139798,
                  "Actual Loops": 6,
                  "Inner Unique": false,
                  "Plans": [
                    {
                      "Node Type": "Hash Join",
                      "Parent Relationship": "Outer",
                      "Parallel Aware": true,
                      "Join Type": "Inner",
                      "Startup Cost": 54959.26,
                      "Total Cost": 218220.5,
                      "Plan Rows": 20185,
                      "Plan Width": 8,
                      "Actual Startup Time": 146.466,
                      "Actual Total Time": 190.924,
                      "Actual Rows": 66260,
                      "Actual Loops": 6,
                      "Inner Unique": true,
                      "Hash Cond": "(mi.movie_id = t.id)",
                      "Plans": [
                        {
                          "Node Type": "Bitmap Heap Scan",
                          "Parent Relationship": "Outer",
                          "Parallel Aware": true,
                          "Relation Name": "movie_info",
                          "Alias": "mi",
                          "Startup Cost": 7577.65,
                          "Total Cost": 170618.78,
                          "Plan Rows": 83851,
                          "Plan Width": 4,
                          "Actual Startup Time": 14.708,
                          "Actual Total Time": 28.882,
                          "Actual Rows": 71442,
                          "Actual Loops": 6,
                          "Recheck Cond": "(info_type_id > 104)",
                          "Rows Removed by Index Recheck": 0,
                          "Exact Heap Blocks": 1107,
                          "Lossy Heap Blocks": 0,
                          "Plans": [
                            {
                              "Node Type": "Bitmap Index Scan",
                              "Parent Relationship": "Outer",
                              "Parallel Aware": false,
                              "Index Name": "info_type_id_movie_info",
                              "Startup Cost": 0.0,
                              "Total Cost": 7472.83,
                              "Plan Rows": 419253,
                              "Plan Width": 0,
                              "Actual Startup Time": 13.858,
                              "Actual Total Time": 13.859,
                              "Actual Rows": 428651,
                              "Actual Loops": 1,
                              "Index Cond": "(info_type_id > 104)"
                            }
                          ]
                        },
                        {
                          "Node Type": "Hash",
                          "Parent Relationship": "Inner",
                          "Parallel Aware": true,
                          "Startup Cost": 45479.59,
                          "Total Cost": 45479.59,
                          "Plan Rows": 152162,
                          "Plan Width": 4,
                          "Actual Startup Time": 128.731,
                          "Actual Total Time": 128.732,
                          "Actual Rows": 87203,
                          "Actual Loops": 6,
                          "Hash Buckets": 1048576,
                          "Original Hash Buckets": 1048576,
                          "Hash Batches": 1,
                          "Original Hash Batches": 1,
                          "Peak Memory Usage": 28736,
                          "Plans": [
                            {
                              "Node Type": "Seq Scan",
                              "Parent Relationship": "Outer",
                              "Parallel Aware": true,
                              "Relation Name": "title",
                              "Alias": "t",
                              "Startup Cost": 0.0,
                              "Total Cost": 45479.59,
                              "Plan Rows": 152162,
                              "Plan Width": 4,
                              "Actual Startup Time": 44.141,
                              "Actual Total Time": 89.747,
                              "Actual Rows": 87203,
                              "Actual Loops": 6,
                              "Filter": "((production_year > 1936) AND (kind_id = 1))",
                              "Rows Removed by Filter": 334182
                            }
                          ]
                        }
                      ]
                    },
                    {
                      "Node Type": "Index Only Scan",
                      "Parent Relationship": "Inner",
                      "Parallel Aware": false,
                      "Scan Direction": "Forward",
                      "Index Name": "movie_id_cast_info",
                      "Relation Name": "cast_info",
                      "Alias": "ci",
                      "Startup Cost": 0.56,
                      "Total Cost": 3.69,
                      "Plan Rows": 35,
                      "Plan Width": 4,
                      "Actual Startup Time": 0.006,
                      "Actual Total Time": 0.048,
                      "Actual Rows": 93,
                      "Actual Loops": 397558,
                      "Index Cond": "(movie_id = t.id)",
                      "Rows Removed by Index Recheck": 0,
                      "Heap Fetches": 36838788
                    }
                  ]
                }
              ]
            }
          ]
        }
      ]
    },
    "Planning Time": 0.836,
    "Triggers": [],
    "Execution Time": 4254.452
  }
]