{
  "Plan": {
    "Node Type": "Aggregate",
    "Strategy": "Plain",
    "Partial Mode": "Simple",
    "Parallel Aware": false,
    "Startup Cost": 60837.62,
    "Total Cost": 60837.63,
    "Plan Rows": 1,
    "Plan Width": 8,
    "Actual Startup Time": 73.99,
    "Actual Total Time": 73.992,
    "Actual Rows": 1,
    "Actual Loops": 1,
    "Plans": [
      {
        "Node Type": "Nested Loop",
        "Parent Relationship": "Outer",
        "Parallel Aware": false,
        "Join Type": "Inner",
        "Startup Cost": 21887.52,
        "Total Cost": 60837.36,
        "Plan Rows": 104,
        "Plan Width": 0,
        "Actual Startup Time": 32.271,
        "Actual Total Time": 73.986,
        "Actual Rows": 5,
        "Actual Loops": 1,
        "Inner Unique": false,
        "Plans": [
          {
            "Node Type": "Hash Join",
            "Parent Relationship": "Outer",
            "Parallel Aware": false,
            "Join Type": "Inner",
            "Startup Cost": 21887.1,
            "Total Cost": 60155.01,
            "Plan Rows": 580,
            "Plan Width": 8,
            "Actual Startup Time": 32.252,
            "Actual Total Time": 73.781,
            "Actual Rows": 28,
            "Actual Loops": 1,
            "Inner Unique": false,
            "Hash Cond": "(t.id = mc.movie_id)",
            "Plans": [
              {
                "Node Type": "Bitmap Heap Scan",
                "Parent Relationship": "Outer",
                "Parallel Aware": false,
                "Relation Name": "title",
                "Alias": "t",
                "Startup Cost": 1844.01,
                "Total Cost": 39375.42,
                "Plan Rows": 83510,
                "Plan Width": 4,
                "Actual Startup Time": 20.951,
                "Actual Total Time": 56.107,
                "Actual Rows": 92182,
                "Actual Loops": 1,
                "Recheck Cond": "(kind_id = 3)",
                "Rows Removed by Index Recheck": 0,
                "Filter": "(production_year < 2011)",
                "Rows Removed by Filter": 8355,
                "Exact Heap Blocks": 12707,
                "Lossy Heap Blocks": 0,
                "Plans": [
                  {
                    "Node Type": "Bitmap Index Scan",
                    "Parent Relationship": "Outer",
                    "Parallel Aware": false,
                    "Index Name": "kind_id_title",
                    "Startup Cost": 0.0,
                    "Total Cost": 1823.13,
                    "Plan Rows": 102227,
                    "Plan Width": 0,
                    "Actual Startup Time": 16.848,
                    "Actual Total Time": 16.848,
                    "Actual Rows": 100537,
                    "Actual Loops": 1,
                    "Index Cond": "(kind_id = 3)"
                  }
                ]
              },
              {
                "Node Type": "Hash",
                "Parent Relationship": "Inner",
                "Parallel Aware": false,
                "Startup Cost": 19823.49,
                "Total Cost": 19823.49,
                "Plan Rows": 17568,
                "Plan Width": 4,
                "Actual Startup Time": 9.171,
                "Actual Total Time": 9.172,
                "Actual Rows": 16220,
                "Actual Loops": 1,
                "Hash Buckets": 32768,
                "Original Hash Buckets": 32768,
                "Hash Batches": 1,
                "Original Hash Batches": 1,
                "Peak Memory Usage": 827,
                "Plans": [
                  {
                    "Node Type": "Bitmap Heap Scan",
                    "Parent Relationship": "Outer",
                    "Parallel Aware": false,
                    "Relation Name": "movie_companies",
                    "Alias": "mc",
                    "Startup Cost": 384.58,
                    "Total Cost": 19823.49,
                    "Plan Rows": 17568,
                    "Plan Width": 4,
                    "Actual Startup Time": 1.164,
                    "Actual Total Time": 5.53,
                    "Actual Rows": 16220,
                    "Actual Loops": 1,
                    "Recheck Cond": "(company_id = 166)",
                    "Rows Removed by Index Recheck": 0,
                    "Exact Heap Blocks": 534,
                    "Lossy Heap Blocks": 0,
                    "Plans": [
                      {
                        "Node Type": "Bitmap Index Scan",
                        "Parent Relationship": "Outer",
                        "Parallel Aware": false,
                        "Index Name": "company_id_movie_companies",
                        "Startup Cost": 0.0,
                        "Total Cost": 380.19,
                        "Plan Rows": 17568,
                        "Plan Width": 0,
                        "Actual Startup Time": 1.066,
                        "Actual Total Time": 1.067,
                        "Actual Rows": 16220,
                        "Actual Loops": 1,
                        "Index Cond": "(company_id = 166)"
                      }
                    ]
                  }
                ]
              }
            ]
          },
          {
            "Node Type": "Index Scan",
            "Parent Relationship": "Inner",
            "Parallel Aware": false,
            "Scan Direction": "Forward",
            "Index Name": "movie_id_movie_info_idx",
            "Relation Name": "movie_info_idx",
            "Alias": "mi_idx",
            "Startup Cost": 0.43,
            "Total Cost": 1.17,
            "Plan Rows": 1,
            "Plan Width": 4,
            "Actual Startup Time": 0.006,
            "Actual Total Time": 0.007,
            "Actual Rows": 0,
            "Actual Loops": 28,
            "Index Cond": "(movie_id = t.id)",
            "Rows Removed by Index Recheck": 0,
            "Filter": "(info_type_id < 100)",
            "Rows Removed by Filter": 0
          }
        ]
      }
    ]
  },
  "Planning Time": 1.014,
  "Triggers": [],
  "Execution Time": 74.089
}