[
  {
    "Plan": {
      "Node Type": "Aggregate",
      "Strategy": "Plain",
      "Partial Mode": "Simple",
      "Parallel Aware": false,
      "Startup Cost": 14083.9,
      "Total Cost": 14083.91,
      "Plan Rows": 1,
      "Plan Width": 8,
      "Actual Startup Time": 9.514,
      "Actual Total Time": 9.517,
      "Actual Rows": 1,
      "Actual Loops": 1,
      "Plans": [
        {
          "Node Type": "Bitmap Heap Scan",
          "Parent Relationship": "Outer",
          "Parallel Aware": false,
          "Relation Name": "movie_companies",
          "Alias": "mc",
          "Startup Cost": 155.7,
          "Total Cost": 14066.07,
          "Plan Rows": 7132,
          "Plan Width": 0,
          "Actual Startup Time": 2.836,
          "Actual Total Time": 8.163,
          "Actual Rows": 8235,
          "Actual Loops": 1,
          "Recheck Cond": "(company_id = 424)",
          "Rows Removed by Index Recheck": 0,
          "Exact Heap Blocks": 958,
          "Lossy Heap Blocks": 0,
          "Plans": [
            {
              "Node Type": "Bitmap Index Scan",
              "Parent Relationship": "Outer",
              "Parallel Aware": false,
              "Index Name": "company_id_movie_companies",
              "Startup Cost": 0.0,
              "Total Cost": 153.92,
              "Plan Rows": 7132,
              "Plan Width": 0,
              "Actual Startup Time": 2.417,
              "Actual Total Time": 2.418,
              "Actual Rows": 8235,
              "Actual Loops": 1,
              "Index Cond": "(company_id = 424)"
            }
          ]
        }
      ]
    },
    "Planning Time": 0.179,
    "Triggers": [],
    "Execution Time": 9.584
  }
]