[
    {
        "Bao": {
            "Bao prediction": "NaN",
            "Bao recommended hint": "(no hint)"
        }
    },
    {
        "Plan": {
            "Node Type": "Aggregate",
            "Strategy": "Plain",
            "Partial Mode": "Finalize",
            "Parallel Aware": false,
            "Startup Cost": 292799.31,
            "Total Cost": 292799.32,
            "Plan Rows": 1,
            "Plan Width": 8,
            "Actual Startup Time": 1039.863,
            "Actual Total Time": 1067.502,
            "Actual Rows": 1,
            "Actual Loops": 1,
            "Output": [
                "count(*)"
            ],
            "Plans": [
                {
                    "Node Type": "Gather",
                    "Parent Relationship": "Outer",
                    "Parallel Aware": false,
                    "Startup Cost": 292798.79,
                    "Total Cost": 292799.3,
                    "Plan Rows": 5,
                    "Plan Width": 8,
                    "Actual Startup Time": 1033.795,
                    "Actual Total Time": 1067.492,
                    "Actual Rows": 6,
                    "Actual Loops": 1,
                    "Output": [
                        "(PARTIAL count(*))"
                    ],
                    "Workers Planned": 5,
                    "Workers Launched": 5,
                    "Single Copy": false,
                    "Plans": [
                        {
                            "Node Type": "Aggregate",
                            "Strategy": "Plain",
                            "Partial Mode": "Partial",
                            "Parent Relationship": "Outer",
                            "Parallel Aware": false,
                            "Startup Cost": 291798.79,
                            "Total Cost": 291798.8,
                            "Plan Rows": 1,
                            "Plan Width": 8,
                            "Actual Startup Time": 1024.113,
                            "Actual Total Time": 1024.319,
                            "Actual Rows": 1,
                            "Actual Loops": 6,
                            "Output": [
                                "PARTIAL count(*)"
                            ],
                            "Workers": [
                                {
                                    "Worker Number": 0,
                                    "Actual Startup Time": 1022.434,
                                    "Actual Total Time": 1022.439,
                                    "Actual Rows": 1,
                                    "Actual Loops": 1
                                },
                                {
                                    "Worker Number": 1,
                                    "Actual Startup Time": 1021.658,
                                    "Actual Total Time": 1021.662,
                                    "Actual Rows": 1,
                                    "Actual Loops": 1
                                },
                                {
                                    "Worker Number": 2,
                                    "Actual Startup Time": 1022.258,
                                    "Actual Total Time": 1022.263,
                                    "Actual Rows": 1,
                                    "Actual Loops": 1
                                },
                                {
                                    "Worker Number": 3,
                                    "Actual Startup Time": 1022.463,
                                    "Actual Total Time": 1022.468,
                                    "Actual Rows": 1,
                                    "Actual Loops": 1
                                },
                                {
                                    "Worker Number": 4,
                                    "Actual Startup Time": 1022.451,
                                    "Actual Total Time": 1022.455,
                                    "Actual Rows": 1,
                                    "Actual Loops": 1
                                }
                            ],
                            "Plans": [
                                {
                                    "Node Type": "Hash Join",
                                    "Parent Relationship": "Outer",
                                    "Parallel Aware": true,
                                    "Join Type": "Inner",
                                    "Startup Cost": 82259.0,
                                    "Total Cost": 288755.43,
                                    "Plan Rows": 1217345,
                                    "Plan Width": 0,
                                    "Actual Startup Time": 319.209,
                                    "Actual Total Time": 992.597,
                                    "Actual Rows": 736518,
                                    "Actual Loops": 6,
                                    "Inner Unique": false,
                                    "Hash Cond": "(mi.movie_id = t.id)",
                                    "Workers": [
                                        {
                                            "Worker Number": 0,
                                            "Actual Startup Time": 316.526,
                                            "Actual Total Time": 989.457,
                                            "Actual Rows": 513091,
                                            "Actual Loops": 1
                                        },
                                        {
                                            "Worker Number": 1,
                                            "Actual Startup Time": 316.889,
                                            "Actual Total Time": 990.924,
                                            "Actual Rows": 756522,
                                            "Actual Loops": 1
                                        },
                                        {
                                            "Worker Number": 2,
                                            "Actual Startup Time": 317.876,
                                            "Actual Total Time": 991.385,
                                            "Actual Rows": 767897,
                                            "Actual Loops": 1
                                        },
                                        {
                                            "Worker Number": 3,
                                            "Actual Startup Time": 318.054,
                                            "Actual Total Time": 992.049,
                                            "Actual Rows": 771919,
                                            "Actual Loops": 1
                                        },
                                        {
                                            "Worker Number": 4,
                                            "Actual Startup Time": 316.974,
                                            "Actual Total Time": 992.514,
                                            "Actual Rows": 752773,
                                            "Actual Loops": 1
                                        }
                                    ],
                                    "Plans": [
                                        {
                                            "Node Type": "Seq Scan",
                                            "Parent Relationship": "Outer",
                                            "Parallel Aware": true,
                                            "Relation Name": "movie_info",
                                            "Schema": "public",
                                            "Alias": "mi",
                                            "Startup Cost": 0.0,
                                            "Total Cost": 191503.19,
                                            "Plan Rows": 2951019,
                                            "Plan Width": 4,
                                            "Actual Startup Time": 0.017,
                                            "Actual Total Time": 278.786,
                                            "Actual Rows": 2472620,
                                            "Actual Loops": 6,
                                            "Output": [
                                                "mi.id",
                                                "mi.movie_id",
                                                "mi.info_type_id",
                                                "mi.info",
                                                "mi.note"
                                            ],
                                            "Workers": [
                                                {
                                                    "Worker Number": 0,
                                                    "Actual Startup Time": 0.021,
                                                    "Actual Total Time": 297.392,
                                                    "Actual Rows": 1704462,
                                                    "Actual Loops": 1
                                                },
                                                {
                                                    "Worker Number": 1,
                                                    "Actual Startup Time": 0.018,
                                                    "Actual Total Time": 283.145,
                                                    "Actual Rows": 2517393,
                                                    "Actual Loops": 1
                                                },
                                                {
                                                    "Worker Number": 2,
                                                    "Actual Startup Time": 0.016,
                                                    "Actual Total Time": 283.443,
                                                    "Actual Rows": 2522564,
                                                    "Actual Loops": 1
                                                },
                                                {
                                                    "Worker Number": 3,
                                                    "Actual Startup Time": 0.017,
                                                    "Actual Total Time": 291.389,
                                                    "Actual Rows": 2512851,
                                                    "Actual Loops": 1
                                                },
                                                {
                                                    "Worker Number": 4,
                                                    "Actual Startup Time": 0.018,
                                                    "Actual Total Time": 289.543,
                                                    "Actual Rows": 2483661,
                                                    "Actual Loops": 1
                                                }
                                            ]
                                        },
                                        {
                                            "Node Type": "Hash",
                                            "Parent Relationship": "Inner",
                                            "Parallel Aware": true,
                                            "Startup Cost": 78053.45,
                                            "Total Cost": 78053.45,
                                            "Plan Rows": 336444,
                                            "Plan Width": 8,
                                            "Actual Startup Time": 315.972,
                                            "Actual Total Time": 316.177,
                                            "Actual Rows": 82350,
                                            "Actual Loops": 6,
                                            "Output": [
                                                "t.id",
                                                "mc.movie_id"
                                            ],
                                            "Hash Buckets": 1048576,
                                            "Original Hash Buckets": 1048576,
                                            "Hash Batches": 1,
                                            "Original Hash Batches": 1,
                                            "Peak Memory Usage": 27584,
                                            "Workers": [
                                                {
                                                    "Worker Number": 0,
                                                    "Actual Startup Time": 314.99,
                                                    "Actual Total Time": 314.994,
                                                    "Actual Rows": 62330,
                                                    "Actual Loops": 1
                                                },
                                                {
                                                    "Worker Number": 1,
                                                    "Actual Startup Time": 315.315,
                                                    "Actual Total Time": 315.318,
                                                    "Actual Rows": 84967,
                                                    "Actual Loops": 1
                                                },
                                                {
                                                    "Worker Number": 2,
                                                    "Actual Startup Time": 315.891,
                                                    "Actual Total Time": 315.895,
                                                    "Actual Rows": 85838,
                                                    "Actual Loops": 1
                                                },
                                                {
                                                    "Worker Number": 3,
                                                    "Actual Startup Time": 316.198,
                                                    "Actual Total Time": 316.202,
                                                    "Actual Rows": 86528,
                                                    "Actual Loops": 1
                                                },
                                                {
                                                    "Worker Number": 4,
                                                    "Actual Startup Time": 316.284,
                                                    "Actual Total Time": 316.287,
                                                    "Actual Rows": 83985,
                                                    "Actual Loops": 1
                                                }
                                            ],
                                            "Plans": [
                                                {
                                                    "Node Type": "Hash Join",
                                                    "Parent Relationship": "Outer",
                                                    "Parallel Aware": true,
                                                    "Join Type": "Inner",
                                                    "Startup Cost": 48637.56,
                                                    "Total Cost": 78053.45,
                                                    "Plan Rows": 336444,
                                                    "Plan Width": 8,
                                                    "Actual Startup Time": 149.883,
                                                    "Actual Total Time": 289.923,
                                                    "Actual Rows": 82350,
                                                    "Actual Loops": 6,
                                                    "Output": [
                                                        "t.id",
                                                        "mc.movie_id"
                                                    ],
                                                    "Inner Unique": true,
                                                    "Hash Cond": "(mc.movie_id = t.id)",
                                                    "Workers": [
                                                        {
                                                            "Worker Number": 0,
                                                            "Actual Startup Time": 148.923,
                                                            "Actual Total Time": 289.736,
                                                            "Actual Rows": 62330,
                                                            "Actual Loops": 1
                                                        },
                                                        {
                                                            "Worker Number": 1,
                                                            "Actual Startup Time": 149.197,
                                                            "Actual Total Time": 288.79,
                                                            "Actual Rows": 84967,
                                                            "Actual Loops": 1
                                                        },
                                                        {
                                                            "Worker Number": 2,
                                                            "Actual Startup Time": 149.781,
                                                            "Actual Total Time": 289.597,
                                                            "Actual Rows": 85838,
                                                            "Actual Loops": 1
                                                        },
                                                        {
                                                            "Worker Number": 3,
                                                            "Actual Startup Time": 150.094,
                                                            "Actual Total Time": 289.437,
                                                            "Actual Rows": 86528,
                                                            "Actual Loops": 1
                                                        },
                                                        {
                                                            "Worker Number": 4,
                                                            "Actual Startup Time": 150.079,
                                                            "Actual Total Time": 289.8,
                                                            "Actual Rows": 83985,
                                                            "Actual Loops": 1
                                                        }
                                                    ],
                                                    "Plans": [
                                                        {
                                                            "Node Type": "Seq Scan",
                                                            "Parent Relationship": "Outer",
                                                            "Parallel Aware": true,
                                                            "Relation Name": "movie_companies",
                                                            "Schema": "public",
                                                            "Alias": "mc",
                                                            "Startup Cost": 0.0,
                                                            "Total Cost": 27206.55,
                                                            "Plan Rows": 841655,
                                                            "Plan Width": 4,
                                                            "Actual Startup Time": 0.026,
                                                            "Actual Total Time": 41.196,
                                                            "Actual Rows": 434855,
                                                            "Actual Loops": 6,
                                                            "Output": [
                                                                "mc.id",
                                                                "mc.movie_id",
                                                                "mc.company_id",
                                                                "mc.company_type_id",
                                                                "mc.note"
                                                            ],
                                                            "Workers": [
                                                                {
                                                                    "Worker Number": 0,
                                                                    "Actual Startup Time": 0.036,
                                                                    "Actual Total Time": 46.316,
                                                                    "Actual Rows": 322191,
                                                                    "Actual Loops": 1
                                                                },
                                                                {
                                                                    "Worker Number": 1,
                                                                    "Actual Startup Time": 0.036,
                                                                    "Actual Total Time": 40.935,
                                                                    "Actual Rows": 444366,
                                                                    "Actual Loops": 1
                                                                },
                                                                {
                                                                    "Worker Number": 2,
                                                                    "Actual Startup Time": 0.029,
                                                                    "Actual Total Time": 41.141,
                                                                    "Actual Rows": 449408,
                                                                    "Actual Loops": 1
                                                                },
                                                                {
                                                                    "Worker Number": 3,
                                                                    "Actual Startup Time": 0.024,
                                                                    "Actual Total Time": 42.17,
                                                                    "Actual Rows": 448996,
                                                                    "Actual Loops": 1
                                                                },
                                                                {
                                                                    "Worker Number": 4,
                                                                    "Actual Startup Time": 0.023,
                                                                    "Actual Total Time": 42.089,
                                                                    "Actual Rows": 444727,
                                                                    "Actual Loops": 1
                                                                }
                                                            ]
                                                        },
                                                        {
                                                            "Node Type": "Hash",
                                                            "Parent Relationship": "Inner",
                                                            "Parallel Aware": true,
                                                            "Startup Cost": 45479.21,
                                                            "Total Cost": 45479.21,
                                                            "Plan Rows": 252668,
                                                            "Plan Width": 4,
                                                            "Actual Startup Time": 148.57,
                                                            "Actual Total Time": 148.572,
                                                            "Actual Rows": 160019,
                                                            "Actual Loops": 6,
                                                            "Output": [
                                                                "t.id"
                                                            ],
                                                            "Hash Buckets": 1048576,
                                                            "Original Hash Buckets": 1048576,
                                                            "Hash Batches": 1,
                                                            "Original Hash Batches": 1,
                                                            "Peak Memory Usage": 45856,
                                                            "Workers": [
                                                                {
                                                                    "Worker Number": 0,
                                                                    "Actual Startup Time": 148.75,
                                                                    "Actual Total Time": 148.751,
                                                                    "Actual Rows": 114297,
                                                                    "Actual Loops": 1
                                                                },
                                                                {
                                                                    "Worker Number": 1,
                                                                    "Actual Startup Time": 149.018,
                                                                    "Actual Total Time": 149.019,
                                                                    "Actual Rows": 152477,
                                                                    "Actual Loops": 1
                                                                },
                                                                {
                                                                    "Worker Number": 2,
                                                                    "Actual Startup Time": 149.547,
                                                                    "Actual Total Time": 149.549,
                                                                    "Actual Rows": 153385,
                                                                    "Actual Loops": 1
                                                                },
                                                                {
                                                                    "Worker Number": 3,
                                                                    "Actual Startup Time": 149.916,
                                                                    "Actual Total Time": 149.918,
                                                                    "Actual Rows": 150941,
                                                                    "Actual Loops": 1
                                                                },
                                                                {
                                                                    "Worker Number": 4,
                                                                    "Actual Startup Time": 149.94,
                                                                    "Actual Total Time": 149.941,
                                                                    "Actual Rows": 147643,
                                                                    "Actual Loops": 1
                                                                }
                                                            ],
                                                            "Plans": [
                                                                {
                                                                    "Node Type": "Seq Scan",
                                                                    "Parent Relationship": "Outer",
                                                                    "Parallel Aware": true,
                                                                    "Relation Name": "title",
                                                                    "Schema": "public",
                                                                    "Alias": "t",
                                                                    "Startup Cost": 0.0,
                                                                    "Total Cost": 45479.21,
                                                                    "Plan Rows": 252668,
                                                                    "Plan Width": 4,
                                                                    "Actual Startup Time": 0.059,
                                                                    "Actual Total Time": 80.266,
                                                                    "Actual Rows": 160019,
                                                                    "Actual Loops": 6,
                                                                    "Output": [
                                                                        "t.id"
                                                                    ],
                                                                    "Filter": "((t.production_year < 2008) AND (t.kind_id = 7))",
                                                                    "Rows Removed by Filter": 261366,
                                                                    "Workers": [
                                                                        {
                                                                            "Worker Number": 0,
                                                                            "Actual Startup Time": 0.062,
                                                                            "Actual Total Time": 83.117,
                                                                            "Actual Rows": 114297,
                                                                            "Actual Loops": 1
                                                                        },
                                                                        {
                                                                            "Worker Number": 1,
                                                                            "Actual Startup Time": 0.071,
                                                                            "Actual Total Time": 82.51,
                                                                            "Actual Rows": 152477,
                                                                            "Actual Loops": 1
                                                                        },
                                                                        {
                                                                            "Worker Number": 2,
                                                                            "Actual Startup Time": 0.06,
                                                                            "Actual Total Time": 81.578,
                                                                            "Actual Rows": 153385,
                                                                            "Actual Loops": 1
                                                                        },
                                                                        {
                                                                            "Worker Number": 3,
                                                                            "Actual Startup Time": 0.068,
                                                                            "Actual Total Time": 80.714,
                                                                            "Actual Rows": 150941,
                                                                            "Actual Loops": 1
                                                                        },
                                                                        {
                                                                            "Worker Number": 4,
                                                                            "Actual Startup Time": 0.081,
                                                                            "Actual Total Time": 80.726,
                                                                            "Actual Rows": 147643,
                                                                            "Actual Loops": 1
                                                                        }
                                                                    ]
                                                                }
                                                            ]
                                                        }
                                                    ]
                                                }
                                            ]
                                        }
                                    ]
                                }
                            ]
                        }
                    ]
                }
            ]
        },
        "Planning Time": 184.283,
        "Triggers": [],
        "Execution Time": 1067.574
    }
]