{
  "Plan": {
    "Node Type": "Aggregate",
    "Strategy": "Plain",
    "Partial Mode": "Finalize",
    "Parallel Aware": false,
    "Startup Cost": 642495.8,
    "Total Cost": 642495.81,
    "Plan Rows": 1,
    "Plan Width": 8,
    "Actual Startup Time": 9577.198,
    "Actual Total Time": 9645.238,
    "Actual Rows": 1,
    "Actual Loops": 1,
    "Plans": [
      {
        "Node Type": "Gather",
        "Parent Relationship": "Outer",
        "Parallel Aware": false,
        "Startup Cost": 642495.69,
        "Total Cost": 642495.8,
        "Plan Rows": 1,
        "Plan Width": 8,
        "Actual Startup Time": 9571.222,
        "Actual Total Time": 9645.217,
        "Actual Rows": 2,
        "Actual Loops": 1,
        "Workers Planned": 1,
        "Workers Launched": 1,
        "Single Copy": false,
        "Plans": [
          {
            "Node Type": "Aggregate",
            "Strategy": "Plain",
            "Partial Mode": "Partial",
            "Parent Relationship": "Outer",
            "Parallel Aware": false,
            "Startup Cost": 641495.69,
            "Total Cost": 641495.7,
            "Plan Rows": 1,
            "Plan Width": 8,
            "Actual Startup Time": 9559.593,
            "Actual Total Time": 9559.597,
            "Actual Rows": 1,
            "Actual Loops": 2,
            "Plans": [
              {
                "Node Type": "Hash Join",
                "Parent Relationship": "Outer",
                "Parallel Aware": true,
                "Join Type": "Inner",
                "Startup Cost": 71447.46,
                "Total Cost": 593180.82,
                "Plan Rows": 19325948,
                "Plan Width": 0,
                "Actual Startup Time": 516.397,
                "Actual Total Time": 8880.216,
                "Actual Rows": 17149514,
                "Actual Loops": 2,
                "Inner Unique": true,
                "Hash Cond": "(ci.movie_id = t.id)",
                "Plans": [
                  {
                    "Node Type": "Seq Scan",
                    "Parent Relationship": "Outer",
                    "Parallel Aware": true,
                    "Relation Name": "cast_info",
                    "Alias": "ci",
                    "Startup Cost": 0.0,
                    "Total Cost": 465792.95,
                    "Plan Rows": 21310595,
                    "Plan Width": 4,
                    "Actual Startup Time": 0.013,
                    "Actual Total Time": 1365.028,
                    "Actual Rows": 18122172,
                    "Actual Loops": 2
                  },
                  {
                    "Node Type": "Hash",
                    "Parent Relationship": "Inner",
                    "Parallel Aware": true,
                    "Startup Cost": 54588.39,
                    "Total Cost": 54588.39,
                    "Plan Rows": 1348726,
                    "Plan Width": 4,
                    "Actual Startup Time": 494.451,
                    "Actual Total Time": 494.452,
                    "Actual Rows": 1143636,
                    "Actual Loops": 2,
                    "Hash Buckets": 4194304,
                    "Original Hash Buckets": 4194304,
                    "Hash Batches": 1,
                    "Original Hash Batches": 1,
                    "Peak Memory Usage": 122272,
                    "Plans": [
                      {
                        "Node Type": "Seq Scan",
                        "Parent Relationship": "Outer",
                        "Parallel Aware": true,
                        "Relation Name": "title",
                        "Alias": "t",
                        "Startup Cost": 0.0,
                        "Total Cost": 54588.39,
                        "Plan Rows": 1348726,
                        "Plan Width": 4,
                        "Actual Startup Time": 0.028,
                        "Actual Total Time": 177.789,
                        "Actual Rows": 1143636,
                        "Actual Loops": 2,
                        "Filter": "(production_year > 1950)",
                        "Rows Removed by Filter": 120520
                      }
                    ]
                  }
                ]
              }
            ]
          }
        ]
      }
    ]
  },
  "Planning Time": 0.636,
  "Triggers": [],
  "Execution Time": 9645.319
}