[
  {
    "Plan": {
      "Node Type": "Aggregate",
      "Strategy": "Plain",
      "Partial Mode": "Finalize",
      "Parallel Aware": false,
      "Startup Cost": 92793.44,
      "Total Cost": 92793.45,
      "Plan Rows": 1,
      "Plan Width": 8,
      "Actual Startup Time": 522.096,
      "Actual Total Time": 540.908,
      "Actual Rows": 1,
      "Actual Loops": 1,
      "Plans": [
        {
          "Node Type": "Gather",
          "Parent Relationship": "Outer",
          "Parallel Aware": false,
          "Startup Cost": 92793.12,
          "Total Cost": 92793.43,
          "Plan Rows": 3,
          "Plan Width": 8,
          "Actual Startup Time": 514.854,
          "Actual Total Time": 540.892,
          "Actual Rows": 4,
          "Actual Loops": 1,
          "Workers Planned": 3,
          "Workers Launched": 3,
          "Single Copy": false,
          "Plans": [
            {
              "Node Type": "Aggregate",
              "Strategy": "Plain",
              "Partial Mode": "Partial",
              "Parent Relationship": "Outer",
              "Parallel Aware": false,
              "Startup Cost": 91793.12,
              "Total Cost": 91793.13,
              "Plan Rows": 1,
              "Plan Width": 8,
              "Actual Startup Time": 496.514,
              "Actual Total Time": 496.526,
              "Actual Rows": 1,
              "Actual Loops": 4,
              "Plans": [
                {
                  "Node Type": "Hash Join",
                  "Parent Relationship": "Outer",
                  "Parallel Aware": true,
                  "Join Type": "Inner",
                  "Startup Cost": 63720.58,
                  "Total Cost": 91279.85,
                  "Plan Rows": 205307,
                  "Plan Width": 0,
                  "Actual Startup Time": 382.076,
                  "Actual Total Time": 489.281,
                  "Actual Rows": 154471,
                  "Actual Loops": 4,
                  "Inner Unique": true,
                  "Hash Cond": "(mk.movie_id = t.id)",
                  "Plans": [
                    {
                      "Node Type": "Bitmap Heap Scan",
                      "Parent Relationship": "Outer",
                      "Parallel Aware": true,
                      "Relation Name": "movie_keyword",
                      "Alias": "mk",
                      "Startup Cost": 13500.94,
                      "Total Cost": 40521.27,
                      "Plan Rows": 205307,
                      "Plan Width": 4,
                      "Actual Startup Time": 37.472,
                      "Actual Total Time": 95.038,
                      "Actual Rows": 154471,
                      "Actual Loops": 4,
                      "Recheck Cond": "(keyword_id > 29517)",
                      "Rows Removed by Index Recheck": 0,
                      "Exact Heap Blocks": 7471,
                      "Lossy Heap Blocks": 0,
                      "Plans": [
                        {
                          "Node Type": "Bitmap Index Scan",
                          "Parent Relationship": "Outer",
                          "Parallel Aware": false,
                          "Index Name": "keyword_id_movie_keyword",
                          "Startup Cost": 0.0,
                          "Total Cost": 13341.82,
                          "Plan Rows": 636452,
                          "Plan Width": 0,
                          "Actual Startup Time": 33.928,
                          "Actual Total Time": 33.956,
                          "Actual Rows": 617884,
                          "Actual Loops": 1,
                          "Index Cond": "(keyword_id > 29517)"
                        }
                      ]
                    },
                    {
                      "Node Type": "Hash",
                      "Parent Relationship": "Inner",
                      "Parallel Aware": true,
                      "Startup Cost": 42318.73,
                      "Total Cost": 42318.73,
                      "Plan Rows": 632073,
                      "Plan Width": 4,
                      "Actual Startup Time": 333.479,
                      "Actual Total Time": 333.48,
                      "Actual Rows": 632078,
                      "Actual Loops": 4,
                      "Hash Buckets": 4194304,
                      "Original Hash Buckets": 4194304,
                      "Hash Batches": 1,
                      "Original Hash Batches": 1,
                      "Peak Memory Usage": 131712,
                      "Plans": [
                        {
                          "Node Type": "Seq Scan",
                          "Parent Relationship": "Outer",
                          "Parallel Aware": true,
                          "Relation Name": "title",
                          "Alias": "t",
                          "Startup Cost": 0.0,
                          "Total Cost": 42318.73,
                          "Plan Rows": 632073,
                          "Plan Width": 4,
                          "Actual Startup Time": 0.03,
                          "Actual Total Time": 95.886,
                          "Actual Rows": 632078,
                          "Actual Loops": 4
                        }
                      ]
                    }
                  ]
                }
              ]
            }
          ]
        }
      ]
    },
    "Planning Time": 0.572,
    "Triggers": [],
    "Execution Time": 540.997
  }
]