[
  {
    "Plan": {
      "Node Type": "Aggregate",
      "Strategy": "Plain",
      "Partial Mode": "Finalize",
      "Parallel Aware": false,
      "Startup Cost": 46714.26,
      "Total Cost": 46714.27,
      "Plan Rows": 1,
      "Plan Width": 8,
      "Actual Startup Time": 97.611,
      "Actual Total Time": 109.553,
      "Actual Rows": 1,
      "Actual Loops": 1,
      "Plans": [
        {
          "Node Type": "Gather",
          "Parent Relationship": "Outer",
          "Parallel Aware": false,
          "Startup Cost": 46713.84,
          "Total Cost": 46714.25,
          "Plan Rows": 4,
          "Plan Width": 8,
          "Actual Startup Time": 97.476,
          "Actual Total Time": 109.545,
          "Actual Rows": 5,
          "Actual Loops": 1,
          "Workers Planned": 4,
          "Workers Launched": 4,
          "Single Copy": false,
          "Plans": [
            {
              "Node Type": "Aggregate",
              "Strategy": "Plain",
              "Partial Mode": "Partial",
              "Parent Relationship": "Outer",
              "Parallel Aware": false,
              "Startup Cost": 45713.84,
              "Total Cost": 45713.85,
              "Plan Rows": 1,
              "Plan Width": 8,
              "Actual Startup Time": 89.24,
              "Actual Total Time": 89.241,
              "Actual Rows": 1,
              "Actual Loops": 5,
              "Plans": [
                {
                  "Node Type": "Seq Scan",
                  "Parent Relationship": "Outer",
                  "Parallel Aware": true,
                  "Relation Name": "title",
                  "Alias": "t",
                  "Startup Cost": 0.0,
                  "Total Cost": 45479.1,
                  "Plan Rows": 93895,
                  "Plan Width": 0,
                  "Actual Startup Time": 0.044,
                  "Actual Total Time": 85.798,
                  "Actual Rows": 53071,
                  "Actual Loops": 5,
                  "Filter": "((production_year < 1987) AND (kind_id = 7))",
                  "Rows Removed by Filter": 452592
                }
              ]
            }
          ]
        }
      ]
    },
    "Planning Time": 0.19,
    "Triggers": [],
    "Execution Time": 109.614
  }
]