[
  {
    "Plan": {
      "Node Type": "Aggregate",
      "Strategy": "Plain",
      "Partial Mode": "Finalize",
      "Parallel Aware": false,
      "Startup Cost": 133956.72,
      "Total Cost": 133956.73,
      "Plan Rows": 1,
      "Plan Width": 8,
      "Actual Startup Time": 769.333,
      "Actual Total Time": 817.997,
      "Actual Rows": 1,
      "Actual Loops": 1,
      "Plans": [
        {
          "Node Type": "Gather",
          "Parent Relationship": "Outer",
          "Parallel Aware": false,
          "Startup Cost": 133956.41,
          "Total Cost": 133956.72,
          "Plan Rows": 3,
          "Plan Width": 8,
          "Actual Startup Time": 768.242,
          "Actual Total Time": 817.989,
          "Actual Rows": 4,
          "Actual Loops": 1,
          "Workers Planned": 3,
          "Workers Launched": 3,
          "Single Copy": false,
          "Plans": [
            {
              "Node Type": "Aggregate",
              "Strategy": "Plain",
              "Partial Mode": "Partial",
              "Parent Relationship": "Outer",
              "Parallel Aware": false,
              "Startup Cost": 132956.41,
              "Total Cost": 132956.42,
              "Plan Rows": 1,
              "Plan Width": 8,
              "Actual Startup Time": 764.9,
              "Actual Total Time": 764.903,
              "Actual Rows": 1,
              "Actual Loops": 4,
              "Plans": [
                {
                  "Node Type": "Nested Loop",
                  "Parent Relationship": "Outer",
                  "Parallel Aware": false,
                  "Join Type": "Inner",
                  "Startup Cost": 44320.68,
                  "Total Cost": 132929.11,
                  "Plan Rows": 10920,
                  "Plan Width": 0,
                  "Actual Startup Time": 108.21,
                  "Actual Total Time": 762.994,
                  "Actual Rows": 24212,
                  "Actual Loops": 4,
                  "Inner Unique": false,
                  "Join Filter": "(t.id = mi.movie_id)",
                  "Rows Removed by Join Filter": 0,
                  "Plans": [
                    {
                      "Node Type": "Hash Join",
                      "Parent Relationship": "Outer",
                      "Parallel Aware": true,
                      "Join Type": "Inner",
                      "Startup Cost": 44320.25,
                      "Total Cost": 75278.2,
                      "Plan Rows": 33430,
                      "Plan Width": 8,
                      "Actual Startup Time": 104.85,
                      "Actual Total Time": 248.342,
                      "Actual Rows": 68503,
                      "Actual Loops": 4,
                      "Inner Unique": true,
                      "Hash Cond": "(mc.movie_id = t.id)",
                      "Plans": [
                        {
                          "Node Type": "Seq Scan",
                          "Parent Relationship": "Outer",
                          "Parallel Aware": true,
                          "Relation Name": "movie_companies",
                          "Alias": "mc",
                          "Startup Cost": 0.0,
                          "Total Cost": 29310.68,
                          "Plan Rows": 627533,
                          "Plan Width": 4,
                          "Actual Startup Time": 0.194,
                          "Actual Total Time": 72.564,
                          "Actual Rows": 487852,
                          "Actual Loops": 4,
                          "Filter": "(company_id > 937)",
                          "Rows Removed by Filter": 164430
                        },
                        {
                          "Node Type": "Hash",
                          "Parent Relationship": "Inner",
                          "Parallel Aware": true,
                          "Startup Cost": 43899.32,
                          "Total Cost": 43899.32,
                          "Plan Rows": 33674,
                          "Plan Width": 4,
                          "Actual Startup Time": 93.367,
                          "Actual Total Time": 93.368,
                          "Actual Rows": 35833,
                          "Actual Loops": 4,
                          "Hash Buckets": 262144,
                          "Original Hash Buckets": 262144,
                          "Hash Batches": 1,
                          "Original Hash Batches": 1,
                          "Peak Memory Usage": 7712,
                          "Plans": [
                            {
                              "Node Type": "Seq Scan",
                              "Parent Relationship": "Outer",
                              "Parallel Aware": true,
                              "Relation Name": "title",
                              "Alias": "t",
                              "Startup Cost": 0.0,
                              "Total Cost": 43899.32,
                              "Plan Rows": 33674,
                              "Plan Width": 4,
                              "Actual Startup Time": 4.237,
                              "Actual Total Time": 82.14,
                              "Actual Rows": 35833,
                              "Actual Loops": 4,
                              "Filter": "(production_year < 1941)",
                              "Rows Removed by Filter": 596245
                            }
                          ]
                        }
                      ]
                    },
                    {
                      "Node Type": "Index Scan",
                      "Parent Relationship": "Inner",
                      "Parallel Aware": false,
                      "Scan Direction": "Forward",
                      "Index Name": "movie_id_movie_info",
                      "Relation Name": "movie_info",
                      "Alias": "mi",
                      "Startup Cost": 0.43,
                      "Total Cost": 1.7,
                      "Plan Rows": 2,
                      "Plan Width": 4,
                      "Actual Startup Time": 0.005,
                      "Actual Total Time": 0.007,
                      "Actual Rows": 0,
                      "Actual Loops": 274011,
                      "Index Cond": "(movie_id = mc.movie_id)",
                      "Rows Removed by Index Recheck": 0,
                      "Filter": "(info_type_id < 2)",
                      "Rows Removed by Filter": 15
                    }
                  ]
                }
              ]
            }
          ]
        }
      ]
    },
    "Planning Time": 0.533,
    "Triggers": [],
    "Execution Time": 818.065
  }
]