{
  "Plan": {
    "Node Type": "Aggregate",
    "Strategy": "Plain",
    "Partial Mode": "Finalize",
    "Parallel Aware": false,
    "Startup Cost": 141167.36,
    "Total Cost": 141167.37,
    "Plan Rows": 1,
    "Plan Width": 8,
    "Actual Startup Time": 603.957,
    "Actual Total Time": 623.575,
    "Actual Rows": 1,
    "Actual Loops": 1,
    "Plans": [
      {
        "Node Type": "Gather",
        "Parent Relationship": "Outer",
        "Parallel Aware": false,
        "Startup Cost": 141167.24,
        "Total Cost": 141167.35,
        "Plan Rows": 1,
        "Plan Width": 8,
        "Actual Startup Time": 602.38,
        "Actual Total Time": 623.568,
        "Actual Rows": 2,
        "Actual Loops": 1,
        "Workers Planned": 1,
        "Workers Launched": 1,
        "Single Copy": false,
        "Plans": [
          {
            "Node Type": "Aggregate",
            "Strategy": "Plain",
            "Partial Mode": "Partial",
            "Parent Relationship": "Outer",
            "Parallel Aware": false,
            "Startup Cost": 140167.24,
            "Total Cost": 140167.25,
            "Plan Rows": 1,
            "Plan Width": 8,
            "Actual Startup Time": 598.268,
            "Actual Total Time": 598.274,
            "Actual Rows": 1,
            "Actual Loops": 2,
            "Plans": [
              {
                "Node Type": "Hash Join",
                "Parent Relationship": "Outer",
                "Parallel Aware": true,
                "Join Type": "Inner",
                "Startup Cost": 77598.86,
                "Total Cost": 140062.35,
                "Plan Rows": 41956,
                "Plan Width": 0,
                "Actual Startup Time": 322.906,
                "Actual Total Time": 587.936,
                "Actual Rows": 239611,
                "Actual Loops": 2,
                "Inner Unique": false,
                "Hash Cond": "(mk.movie_id = t.id)",
                "Plans": [
                  {
                    "Node Type": "Seq Scan",
                    "Parent Relationship": "Outer",
                    "Parallel Aware": true,
                    "Relation Name": "movie_keyword",
                    "Alias": "mk",
                    "Startup Cost": 0.0,
                    "Total Cost": 57718.19,
                    "Plan Rows": 1199600,
                    "Plan Width": 4,
                    "Actual Startup Time": 0.525,
                    "Actual Total Time": 174.354,
                    "Actual Rows": 1019634,
                    "Actual Loops": 2,
                    "Filter": "(keyword_id > 6037)",
                    "Rows Removed by Filter": 1242331
                  },
                  {
                    "Node Type": "Hash",
                    "Parent Relationship": "Inner",
                    "Parallel Aware": true,
                    "Startup Cost": 76948.66,
                    "Total Cost": 76948.66,
                    "Plan Rows": 52016,
                    "Plan Width": 8,
                    "Actual Startup Time": 320.436,
                    "Actual Total Time": 320.44,
                    "Actual Rows": 51204,
                    "Actual Loops": 2,
                    "Hash Buckets": 131072,
                    "Original Hash Buckets": 131072,
                    "Hash Batches": 1,
                    "Original Hash Batches": 1,
                    "Peak Memory Usage": 5088,
                    "Plans": [
                      {
                        "Node Type": "Hash Join",
                        "Parent Relationship": "Outer",
                        "Parallel Aware": true,
                        "Join Type": "Inner",
                        "Startup Cost": 58154.54,
                        "Total Cost": 76948.66,
                        "Plan Rows": 52016,
                        "Plan Width": 8,
                        "Actual Startup Time": 204.267,
                        "Actual Total Time": 309.308,
                        "Actual Rows": 51204,
                        "Actual Loops": 2,
                        "Inner Unique": true,
                        "Hash Cond": "(mi_idx.movie_id = t.id)",
                        "Plans": [
                          {
                            "Node Type": "Seq Scan",
                            "Parent Relationship": "Outer",
                            "Parallel Aware": true,
                            "Relation Name": "movie_info_idx",
                            "Alias": "mi_idx",
                            "Startup Cost": 0.0,
                            "Total Cost": 18082.32,
                            "Plan Rows": 271164,
                            "Plan Width": 4,
                            "Actual Startup Time": 0.02,
                            "Actual Total Time": 50.569,
                            "Actual Rows": 230092,
                            "Actual Loops": 2,
                            "Filter": "(info_type_id > 100)",
                            "Rows Removed by Filter": 459925
                          },
                          {
                            "Node Type": "Hash",
                            "Parent Relationship": "Inner",
                            "Parallel Aware": true,
                            "Startup Cost": 54588.39,
                            "Total Cost": 54588.39,
                            "Plan Rows": 285292,
                            "Plan Width": 4,
                            "Actual Startup Time": 200.495,
                            "Actual Total Time": 200.496,
                            "Actual Rows": 247014,
                            "Actual Loops": 2,
                            "Hash Buckets": 524288,
                            "Original Hash Buckets": 524288,
                            "Hash Batches": 1,
                            "Original Hash Batches": 1,
                            "Peak Memory Usage": 23456,
                            "Plans": [
                              {
                                "Node Type": "Seq Scan",
                                "Parent Relationship": "Outer",
                                "Parallel Aware": true,
                                "Relation Name": "title",
                                "Alias": "t",
                                "Startup Cost": 0.0,
                                "Total Cost": 54588.39,
                                "Plan Rows": 285292,
                                "Plan Width": 4,
                                "Actual Startup Time": 0.029,
                                "Actual Total Time": 144.12,
                                "Actual Rows": 247014,
                                "Actual Loops": 2,
                                "Filter": "(production_year < 1979)",
                                "Rows Removed by Filter": 1017142
                              }
                            ]
                          }
                        ]
                      }
                    ]
                  }
                ]
              }
            ]
          }
        ]
      }
    ]
  },
  "Planning Time": 0.719,
  "Triggers": [],
  "Execution Time": 623.647
}