[
    {
        "Bao": {
            "Bao prediction": 1627.969,
            "Bao recommended hint": "SET enable_mergejoin TO off; SET enable_indexscan TO off; "
        }
    },
    {
        "Plan": {
            "Node Type": "Aggregate",
            "Strategy": "Plain",
            "Partial Mode": "Finalize",
            "Parallel Aware": false,
            "Startup Cost": 568094.44,
            "Total Cost": 568094.45,
            "Plan Rows": 1,
            "Plan Width": 128,
            "Actual Startup Time": 3130.805,
            "Actual Total Time": 3224.931,
            "Actual Rows": 1,
            "Actual Loops": 1,
            "Output": [
                "min(an.name)",
                "min(chn.name)",
                "min(n.name)",
                "min(t.title)"
            ],
            "Plans": [
                {
                    "Node Type": "Gather",
                    "Parent Relationship": "Outer",
                    "Parallel Aware": false,
                    "Startup Cost": 568094.1,
                    "Total Cost": 568094.41,
                    "Plan Rows": 3,
                    "Plan Width": 128,
                    "Actual Startup Time": 3121.712,
                    "Actual Total Time": 3224.915,
                    "Actual Rows": 4,
                    "Actual Loops": 1,
                    "Output": [
                        "(PARTIAL min(an.name))",
                        "(PARTIAL min(chn.name))",
                        "(PARTIAL min(n.name))",
                        "(PARTIAL min(t.title))"
                    ],
                    "Workers Planned": 3,
                    "Workers Launched": 3,
                    "Single Copy": false,
                    "Plans": [
                        {
                            "Node Type": "Aggregate",
                            "Strategy": "Plain",
                            "Partial Mode": "Partial",
                            "Parent Relationship": "Outer",
                            "Parallel Aware": false,
                            "Startup Cost": 567094.1,
                            "Total Cost": 567094.11,
                            "Plan Rows": 1,
                            "Plan Width": 128,
                            "Actual Startup Time": 3105.492,
                            "Actual Total Time": 3105.647,
                            "Actual Rows": 1,
                            "Actual Loops": 4,
                            "Output": [
                                "PARTIAL min(an.name)",
                                "PARTIAL min(chn.name)",
                                "PARTIAL min(n.name)",
                                "PARTIAL min(t.title)"
                            ],
                            "Workers": [
                                {
                                    "Worker Number": 0,
                                    "Actual Startup Time": 3100.372,
                                    "Actual Total Time": 3100.393,
                                    "Actual Rows": 1,
                                    "Actual Loops": 1
                                },
                                {
                                    "Worker Number": 1,
                                    "Actual Startup Time": 3101.182,
                                    "Actual Total Time": 3101.201,
                                    "Actual Rows": 1,
                                    "Actual Loops": 1
                                },
                                {
                                    "Worker Number": 2,
                                    "Actual Startup Time": 3100.685,
                                    "Actual Total Time": 3100.703,
                                    "Actual Rows": 1,
                                    "Actual Loops": 1
                                }
                            ],
                            "Plans": [
                                {
                                    "Node Type": "Hash Join",
                                    "Parent Relationship": "Outer",
                                    "Parallel Aware": true,
                                    "Join Type": "Inner",
                                    "Startup Cost": 551183.58,
                                    "Total Cost": 566592.07,
                                    "Plan Rows": 50203,
                                    "Plan Width": 64,
                                    "Actual Startup Time": 2999.721,
                                    "Actual Total Time": 3091.055,
                                    "Actual Rows": 118536,
                                    "Actual Loops": 4,
                                    "Output": [
                                        "an.name",
                                        "chn.name",
                                        "n.name",
                                        "t.title"
                                    ],
                                    "Inner Unique": false,
                                    "Hash Cond": "(an.person_id = n.id)",
                                    "Workers": [
                                        {
                                            "Worker Number": 0,
                                            "Actual Startup Time": 2994.615,
                                            "Actual Total Time": 3085.669,
                                            "Actual Rows": 118377,
                                            "Actual Loops": 1
                                        },
                                        {
                                            "Worker Number": 1,
                                            "Actual Startup Time": 2994.772,
                                            "Actual Total Time": 3087.051,
                                            "Actual Rows": 117657,
                                            "Actual Loops": 1
                                        },
                                        {
                                            "Worker Number": 2,
                                            "Actual Startup Time": 2995.922,
                                            "Actual Total Time": 3086.031,
                                            "Actual Rows": 118151,
                                            "Actual Loops": 1
                                        }
                                    ],
                                    "Plans": [
                                        {
                                            "Node Type": "Seq Scan",
                                            "Parent Relationship": "Outer",
                                            "Parallel Aware": true,
                                            "Relation Name": "aka_name",
                                            "Schema": "public",
                                            "Alias": "an",
                                            "Startup Cost": 0.0,
                                            "Total Cost": 14303.56,
                                            "Plan Rows": 290756,
                                            "Plan Width": 20,
                                            "Actual Startup Time": 0.015,
                                            "Actual Total Time": 26.758,
                                            "Actual Rows": 225336,
                                            "Actual Loops": 4,
                                            "Output": [
                                                "an.id",
                                                "an.person_id",
                                                "an.name",
                                                "an.imdb_index",
                                                "an.name_pcode_cf",
                                                "an.name_pcode_nf",
                                                "an.surname_pcode",
                                                "an.md5sum"
                                            ],
                                            "Workers": [
                                                {
                                                    "Worker Number": 0,
                                                    "Actual Startup Time": 0.019,
                                                    "Actual Total Time": 26.814,
                                                    "Actual Rows": 234042,
                                                    "Actual Loops": 1
                                                },
                                                {
                                                    "Worker Number": 1,
                                                    "Actual Startup Time": 0.015,
                                                    "Actual Total Time": 26.814,
                                                    "Actual Rows": 233163,
                                                    "Actual Loops": 1
                                                },
                                                {
                                                    "Worker Number": 2,
                                                    "Actual Startup Time": 0.017,
                                                    "Actual Total Time": 26.868,
                                                    "Actual Rows": 218286,
                                                    "Actual Loops": 1
                                                }
                                            ]
                                        },
                                        {
                                            "Node Type": "Hash",
                                            "Parent Relationship": "Inner",
                                            "Parallel Aware": true,
                                            "Startup Cost": 550922.04,
                                            "Total Cost": 550922.04,
                                            "Plan Rows": 20923,
                                            "Plan Width": 56,
                                            "Actual Startup Time": 2997.527,
                                            "Actual Total Time": 2997.681,
                                            "Actual Rows": 118401,
                                            "Actual Loops": 4,
                                            "Output": [
                                                "chn.name",
                                                "ci.person_id",
                                                "n.name",
                                                "n.id",
                                                "t.title"
                                            ],
                                            "Hash Buckets": 524288,
                                            "Original Hash Buckets": 65536,
                                            "Hash Batches": 1,
                                            "Original Hash Batches": 1,
                                            "Peak Memory Usage": 50880,
                                            "Workers": [
                                                {
                                                    "Worker Number": 0,
                                                    "Actual Startup Time": 2993.582,
                                                    "Actual Total Time": 2993.601,
                                                    "Actual Rows": 125685,
                                                    "Actual Loops": 1
                                                },
                                                {
                                                    "Worker Number": 1,
                                                    "Actual Startup Time": 2993.563,
                                                    "Actual Total Time": 2993.58,
                                                    "Actual Rows": 117146,
                                                    "Actual Loops": 1
                                                },
                                                {
                                                    "Worker Number": 2,
                                                    "Actual Startup Time": 2993.899,
                                                    "Actual Total Time": 2993.916,
                                                    "Actual Rows": 118486,
                                                    "Actual Loops": 1
                                                }
                                            ],
                                            "Plans": [
                                                {
                                                    "Node Type": "Hash Join",
                                                    "Parent Relationship": "Outer",
                                                    "Parallel Aware": true,
                                                    "Join Type": "Inner",
                                                    "Startup Cost": 520306.52,
                                                    "Total Cost": 550922.04,
                                                    "Plan Rows": 20923,
                                                    "Plan Width": 56,
                                                    "Actual Startup Time": 2708.821,
                                                    "Actual Total Time": 2924.354,
                                                    "Actual Rows": 118401,
                                                    "Actual Loops": 4,
                                                    "Output": [
                                                        "chn.name",
                                                        "ci.person_id",
                                                        "n.name",
                                                        "n.id",
                                                        "t.title"
                                                    ],
                                                    "Inner Unique": false,
                                                    "Hash Cond": "(mc.movie_id = ci.movie_id)",
                                                    "Workers": [
                                                        {
                                                            "Worker Number": 0,
                                                            "Actual Startup Time": 2704.682,
                                                            "Actual Total Time": 2918.632,
                                                            "Actual Rows": 125685,
                                                            "Actual Loops": 1
                                                        },
                                                        {
                                                            "Worker Number": 1,
                                                            "Actual Startup Time": 2704.672,
                                                            "Actual Total Time": 2920.539,
                                                            "Actual Rows": 117146,
                                                            "Actual Loops": 1
                                                        },
                                                        {
                                                            "Worker Number": 2,
                                                            "Actual Startup Time": 2705.549,
                                                            "Actual Total Time": 2919.749,
                                                            "Actual Rows": 118486,
                                                            "Actual Loops": 1
                                                        }
                                                    ],
                                                    "Plans": [
                                                        {
                                                            "Node Type": "Hash Join",
                                                            "Parent Relationship": "Outer",
                                                            "Parallel Aware": true,
                                                            "Join Type": "Inner",
                                                            "Startup Cost": 5351.02,
                                                            "Total Cost": 34766.95,
                                                            "Plan Rows": 305940,
                                                            "Plan Width": 4,
                                                            "Actual Startup Time": 19.64,
                                                            "Actual Total Time": 176.421,
                                                            "Actual Rows": 288450,
                                                            "Actual Loops": 4,
                                                            "Output": [
                                                                "mc.movie_id"
                                                            ],
                                                            "Inner Unique": true,
                                                            "Hash Cond": "(mc.company_id = cn.id)",
                                                            "Workers": [
                                                                {
                                                                    "Worker Number": 0,
                                                                    "Actual Startup Time": 20.29,
                                                                    "Actual Total Time": 175.506,
                                                                    "Actual Rows": 295443,
                                                                    "Actual Loops": 1
                                                                },
                                                                {
                                                                    "Worker Number": 1,
                                                                    "Actual Startup Time": 19.154,
                                                                    "Actual Total Time": 176.552,
                                                                    "Actual Rows": 300208,
                                                                    "Actual Loops": 1
                                                                },
                                                                {
                                                                    "Worker Number": 2,
                                                                    "Actual Startup Time": 20.017,
                                                                    "Actual Total Time": 175.491,
                                                                    "Actual Rows": 287384,
                                                                    "Actual Loops": 1
                                                                }
                                                            ],
                                                            "Plans": [
                                                                {
                                                                    "Node Type": "Seq Scan",
                                                                    "Parent Relationship": "Outer",
                                                                    "Parallel Aware": true,
                                                                    "Relation Name": "movie_companies",
                                                                    "Schema": "public",
                                                                    "Alias": "mc",
                                                                    "Startup Cost": 0.0,
                                                                    "Total Cost": 27206.55,
                                                                    "Plan Rows": 841655,
                                                                    "Plan Width": 8,
                                                                    "Actual Startup Time": 0.024,
                                                                    "Actual Total Time": 60.042,
                                                                    "Actual Rows": 652282,
                                                                    "Actual Loops": 4,
                                                                    "Output": [
                                                                        "mc.id",
                                                                        "mc.movie_id",
                                                                        "mc.company_id",
                                                                        "mc.company_type_id",
                                                                        "mc.note"
                                                                    ],
                                                                    "Workers": [
                                                                        {
                                                                            "Worker Number": 0,
                                                                            "Actual Startup Time": 0.028,
                                                                            "Actual Total Time": 59.016,
                                                                            "Actual Rows": 668356,
                                                                            "Actual Loops": 1
                                                                        },
                                                                        {
                                                                            "Worker Number": 1,
                                                                            "Actual Startup Time": 0.03,
                                                                            "Actual Total Time": 59.73,
                                                                            "Actual Rows": 679620,
                                                                            "Actual Loops": 1
                                                                        },
                                                                        {
                                                                            "Worker Number": 2,
                                                                            "Actual Startup Time": 0.03,
                                                                            "Actual Total Time": 59.706,
                                                                            "Actual Rows": 642781,
                                                                            "Actual Loops": 1
                                                                        }
                                                                    ]
                                                                },
                                                                {
                                                                    "Node Type": "Hash",
                                                                    "Parent Relationship": "Inner",
                                                                    "Parallel Aware": true,
                                                                    "Startup Cost": 4722.92,
                                                                    "Total Cost": 4722.92,
                                                                    "Plan Rows": 50248,
                                                                    "Plan Width": 4,
                                                                    "Actual Startup Time": 19.119,
                                                                    "Actual Total Time": 19.121,
                                                                    "Actual Rows": 21211,
                                                                    "Actual Loops": 4,
                                                                    "Output": [
                                                                        "cn.id"
                                                                    ],
                                                                    "Hash Buckets": 131072,
                                                                    "Original Hash Buckets": 131072,
                                                                    "Hash Batches": 1,
                                                                    "Original Hash Batches": 1,
                                                                    "Peak Memory Usage": 4416,
                                                                    "Workers": [
                                                                        {
                                                                            "Worker Number": 0,
                                                                            "Actual Startup Time": 18.529,
                                                                            "Actual Total Time": 18.531,
                                                                            "Actual Rows": 23858,
                                                                            "Actual Loops": 1
                                                                        },
                                                                        {
                                                                            "Worker Number": 1,
                                                                            "Actual Startup Time": 19.041,
                                                                            "Actual Total Time": 19.042,
                                                                            "Actual Rows": 23568,
                                                                            "Actual Loops": 1
                                                                        },
                                                                        {
                                                                            "Worker Number": 2,
                                                                            "Actual Startup Time": 19.898,
                                                                            "Actual Total Time": 19.9,
                                                                            "Actual Rows": 21643,
                                                                            "Actual Loops": 1
                                                                        }
                                                                    ],
                                                                    "Plans": [
                                                                        {
                                                                            "Node Type": "Seq Scan",
                                                                            "Parent Relationship": "Outer",
                                                                            "Parallel Aware": true,
                                                                            "Relation Name": "company_name",
                                                                            "Schema": "public",
                                                                            "Alias": "cn",
                                                                            "Startup Cost": 0.0,
                                                                            "Total Cost": 4722.92,
                                                                            "Plan Rows": 50248,
                                                                            "Plan Width": 4,
                                                                            "Actual Startup Time": 0.023,
                                                                            "Actual Total Time": 10.264,
                                                                            "Actual Rows": 21211,
                                                                            "Actual Loops": 4,
                                                                            "Output": [
                                                                                "cn.id"
                                                                            ],
                                                                            "Filter": "((cn.country_code)::text = '[us]'::text)",
                                                                            "Rows Removed by Filter": 37538,
                                                                            "Workers": [
                                                                                {
                                                                                    "Worker Number": 0,
                                                                                    "Actual Startup Time": 0.025,
                                                                                    "Actual Total Time": 10.421,
                                                                                    "Actual Rows": 23858,
                                                                                    "Actual Loops": 1
                                                                                },
                                                                                {
                                                                                    "Worker Number": 1,
                                                                                    "Actual Startup Time": 0.024,
                                                                                    "Actual Total Time": 10.222,
                                                                                    "Actual Rows": 23568,
                                                                                    "Actual Loops": 1
                                                                                },
                                                                                {
                                                                                    "Worker Number": 2,
                                                                                    "Actual Startup Time": 0.025,
                                                                                    "Actual Total Time": 10.14,
                                                                                    "Actual Rows": 21643,
                                                                                    "Actual Loops": 1
                                                                                }
                                                                            ]
                                                                        }
                                                                    ]
                                                                }
                                                            ]
                                                        },
                                                        {
                                                            "Node Type": "Hash",
                                                            "Parent Relationship": "Inner",
                                                            "Parallel Aware": true,
                                                            "Startup Cost": 514733.74,
                                                            "Total Cost": 514733.74,
                                                            "Plan Rows": 17741,
                                                            "Plan Width": 64,
                                                            "Actual Startup Time": 2687.134,
                                                            "Actual Total Time": 2687.146,
                                                            "Actual Rows": 39598,
                                                            "Actual Loops": 4,
                                                            "Output": [
                                                                "chn.name",
                                                                "ci.movie_id",
                                                                "ci.person_id",
                                                                "n.name",
                                                                "n.id",
                                                                "t.title",
                                                                "t.id"
                                                            ],
                                                            "Hash Buckets": 262144,
                                                            "Original Hash Buckets": 131072,
                                                            "Hash Batches": 1,
                                                            "Original Hash Batches": 1,
                                                            "Peak Memory Usage": 18848,
                                                            "Workers": [
                                                                {
                                                                    "Worker Number": 0,
                                                                    "Actual Startup Time": 2683.775,
                                                                    "Actual Total Time": 2683.788,
                                                                    "Actual Rows": 45031,
                                                                    "Actual Loops": 1
                                                                },
                                                                {
                                                                    "Worker Number": 1,
                                                                    "Actual Startup Time": 2683.759,
                                                                    "Actual Total Time": 2683.771,
                                                                    "Actual Rows": 44807,
                                                                    "Actual Loops": 1
                                                                },
                                                                {
                                                                    "Worker Number": 2,
                                                                    "Actual Startup Time": 2684.08,
                                                                    "Actual Total Time": 2684.092,
                                                                    "Actual Rows": 40147,
                                                                    "Actual Loops": 1
                                                                }
                                                            ],
                                                            "Plans": [
                                                                {
                                                                    "Node Type": "Hash Join",
                                                                    "Parent Relationship": "Outer",
                                                                    "Parallel Aware": true,
                                                                    "Join Type": "Inner",
                                                                    "Startup Cost": 470014.72,
                                                                    "Total Cost": 514733.74,
                                                                    "Plan Rows": 17741,
                                                                    "Plan Width": 64,
                                                                    "Actual Startup Time": 2460.006,
                                                                    "Actual Total Time": 2659.035,
                                                                    "Actual Rows": 39598,
                                                                    "Actual Loops": 4,
                                                                    "Output": [
                                                                        "chn.name",
                                                                        "ci.movie_id",
                                                                        "ci.person_id",
                                                                        "n.name",
                                                                        "n.id",
                                                                        "t.title",
                                                                        "t.id"
                                                                    ],
                                                                    "Inner Unique": false,
                                                                    "Hash Cond": "(t.id = ci.movie_id)",
                                                                    "Workers": [
                                                                        {
                                                                            "Worker Number": 0,
                                                                            "Actual Startup Time": 2456.68,
                                                                            "Actual Total Time": 2654.836,
                                                                            "Actual Rows": 45031,
                                                                            "Actual Loops": 1
                                                                        },
                                                                        {
                                                                            "Worker Number": 1,
                                                                            "Actual Startup Time": 2456.514,
                                                                            "Actual Total Time": 2654.5,
                                                                            "Actual Rows": 44807,
                                                                            "Actual Loops": 1
                                                                        },
                                                                        {
                                                                            "Worker Number": 2,
                                                                            "Actual Startup Time": 2457.003,
                                                                            "Actual Total Time": 2655.855,
                                                                            "Actual Rows": 40147,
                                                                            "Actual Loops": 1
                                                                        }
                                                                    ],
                                                                    "Plans": [
                                                                        {
                                                                            "Node Type": "Seq Scan",
                                                                            "Parent Relationship": "Outer",
                                                                            "Parallel Aware": true,
                                                                            "Relation Name": "title",
                                                                            "Schema": "public",
                                                                            "Alias": "t",
                                                                            "Startup Cost": 0.0,
                                                                            "Total Cost": 42319.06,
                                                                            "Plan Rows": 632106,
                                                                            "Plan Width": 21,
                                                                            "Actual Startup Time": 0.035,
                                                                            "Actual Total Time": 85.735,
                                                                            "Actual Rows": 632078,
                                                                            "Actual Loops": 4,
                                                                            "Output": [
                                                                                "t.id",
                                                                                "t.title",
                                                                                "t.imdb_index",
                                                                                "t.kind_id",
                                                                                "t.production_year",
                                                                                "t.imdb_id",
                                                                                "t.phonetic_code",
                                                                                "t.episode_of_id",
                                                                                "t.season_nr",
                                                                                "t.episode_nr",
                                                                                "t.series_years",
                                                                                "t.md5sum"
                                                                            ],
                                                                            "Workers": [
                                                                                {
                                                                                    "Worker Number": 0,
                                                                                    "Actual Startup Time": 0.033,
                                                                                    "Actual Total Time": 84.939,
                                                                                    "Actual Rows": 709512,
                                                                                    "Actual Loops": 1
                                                                                },
                                                                                {
                                                                                    "Worker Number": 1,
                                                                                    "Actual Startup Time": 0.033,
                                                                                    "Actual Total Time": 84.93,
                                                                                    "Actual Rows": 707507,
                                                                                    "Actual Loops": 1
                                                                                },
                                                                                {
                                                                                    "Worker Number": 2,
                                                                                    "Actual Startup Time": 0.041,
                                                                                    "Actual Total Time": 85.057,
                                                                                    "Actual Rows": 643188,
                                                                                    "Actual Loops": 1
                                                                                }
                                                                            ]
                                                                        },
                                                                        {
                                                                            "Node Type": "Hash",
                                                                            "Parent Relationship": "Inner",
                                                                            "Parallel Aware": true,
                                                                            "Startup Cost": 469866.88,
                                                                            "Total Cost": 469866.88,
                                                                            "Plan Rows": 11827,
                                                                            "Plan Width": 43,
                                                                            "Actual Startup Time": 2459.179,
                                                                            "Actual Total Time": 2459.187,
                                                                            "Actual Rows": 39598,
                                                                            "Actual Loops": 4,
                                                                            "Output": [
                                                                                "chn.name",
                                                                                "ci.movie_id",
                                                                                "ci.person_id",
                                                                                "n.name",
                                                                                "n.id"
                                                                            ],
                                                                            "Hash Buckets": 262144,
                                                                            "Original Hash Buckets": 131072,
                                                                            "Hash Batches": 1,
                                                                            "Original Hash Batches": 1,
                                                                            "Peak Memory Usage": 15264,
                                                                            "Workers": [
                                                                                {
                                                                                    "Worker Number": 0,
                                                                                    "Actual Startup Time": 2456.388,
                                                                                    "Actual Total Time": 2456.397,
                                                                                    "Actual Rows": 39637,
                                                                                    "Actual Loops": 1
                                                                                },
                                                                                {
                                                                                    "Worker Number": 1,
                                                                                    "Actual Startup Time": 2456.405,
                                                                                    "Actual Total Time": 2456.413,
                                                                                    "Actual Rows": 40226,
                                                                                    "Actual Loops": 1
                                                                                },
                                                                                {
                                                                                    "Worker Number": 2,
                                                                                    "Actual Startup Time": 2456.626,
                                                                                    "Actual Total Time": 2456.635,
                                                                                    "Actual Rows": 39182,
                                                                                    "Actual Loops": 1
                                                                                }
                                                                            ],
                                                                            "Plans": [
                                                                                {
                                                                                    "Node Type": "Nested Loop",
                                                                                    "Parent Relationship": "Outer",
                                                                                    "Parallel Aware": false,
                                                                                    "Join Type": "Inner",
                                                                                    "Startup Cost": 71666.29,
                                                                                    "Total Cost": 469866.88,
                                                                                    "Plan Rows": 11827,
                                                                                    "Plan Width": 43,
                                                                                    "Actual Startup Time": 847.235,
                                                                                    "Actual Total Time": 2408.501,
                                                                                    "Actual Rows": 39598,
                                                                                    "Actual Loops": 4,
                                                                                    "Output": [
                                                                                        "chn.name",
                                                                                        "ci.movie_id",
                                                                                        "ci.person_id",
                                                                                        "n.name",
                                                                                        "n.id"
                                                                                    ],
                                                                                    "Inner Unique": true,
                                                                                    "Workers": [
                                                                                        {
                                                                                            "Worker Number": 0,
                                                                                            "Actual Startup Time": 844.453,
                                                                                            "Actual Total Time": 2400.739,
                                                                                            "Actual Rows": 39637,
                                                                                            "Actual Loops": 1
                                                                                        },
                                                                                        {
                                                                                            "Worker Number": 1,
                                                                                            "Actual Startup Time": 844.39,
                                                                                            "Actual Total Time": 2410.569,
                                                                                            "Actual Rows": 40226,
                                                                                            "Actual Loops": 1
                                                                                        },
                                                                                        {
                                                                                            "Worker Number": 2,
                                                                                            "Actual Startup Time": 844.758,
                                                                                            "Actual Total Time": 2401.644,
                                                                                            "Actual Rows": 39182,
                                                                                            "Actual Loops": 1
                                                                                        }
                                                                                    ],
                                                                                    "Plans": [
                                                                                        {
                                                                                            "Node Type": "Hash Join",
                                                                                            "Parent Relationship": "Outer",
                                                                                            "Parallel Aware": false,
                                                                                            "Join Type": "Inner",
                                                                                            "Startup Cost": 71665.84,
                                                                                            "Total Cost": 417088.64,
                                                                                            "Plan Rows": 11827,
                                                                                            "Plan Width": 31,
                                                                                            "Actual Startup Time": 847.094,
                                                                                            "Actual Total Time": 2010.261,
                                                                                            "Actual Rows": 41945,
                                                                                            "Actual Loops": 4,
                                                                                            "Output": [
                                                                                                "ci.movie_id",
                                                                                                "ci.person_id",
                                                                                                "ci.person_role_id",
                                                                                                "n.name",
                                                                                                "n.id"
                                                                                            ],
                                                                                            "Inner Unique": true,
                                                                                            "Hash Cond": "(ci.role_id = rt.id)",
                                                                                            "Workers": [
                                                                                                {
                                                                                                    "Worker Number": 0,
                                                                                                    "Actual Startup Time": 844.262,
                                                                                                    "Actual Total Time": 2004.331,
                                                                                                    "Actual Rows": 42066,
                                                                                                    "Actual Loops": 1
                                                                                                },
                                                                                                {
                                                                                                    "Worker Number": 1,
                                                                                                    "Actual Startup Time": 844.268,
                                                                                                    "Actual Total Time": 2010.268,
                                                                                                    "Actual Rows": 42588,
                                                                                                    "Actual Loops": 1
                                                                                                },
                                                                                                {
                                                                                                    "Worker Number": 2,
                                                                                                    "Actual Startup Time": 844.603,
                                                                                                    "Actual Total Time": 2006.21,
                                                                                                    "Actual Rows": 41489,
                                                                                                    "Actual Loops": 1
                                                                                                }
                                                                                            ],
                                                                                            "Plans": [
                                                                                                {
                                                                                                    "Node Type": "Hash Join",
                                                                                                    "Parent Relationship": "Outer",
                                                                                                    "Parallel Aware": true,
                                                                                                    "Join Type": "Inner",
                                                                                                    "Startup Cost": 71664.68,
                                                                                                    "Total Cost": 416583.35,
                                                                                                    "Plan Rows": 141927,
                                                                                                    "Plan Width": 35,
                                                                                                    "Actual Startup Time": 846.914,
                                                                                                    "Actual Total Time": 1988.437,
                                                                                                    "Actual Rows": 102972,
                                                                                                    "Actual Loops": 4,
                                                                                                    "Output": [
                                                                                                        "ci.movie_id",
                                                                                                        "ci.role_id",
                                                                                                        "ci.person_id",
                                                                                                        "ci.person_role_id",
                                                                                                        "n.name",
                                                                                                        "n.id"
                                                                                                    ],
                                                                                                    "Inner Unique": true,
                                                                                                    "Hash Cond": "(ci.person_id = n.id)",
                                                                                                    "Workers": [
                                                                                                        {
                                                                                                            "Worker Number": 0,
                                                                                                            "Actual Startup Time": 844.08,
                                                                                                            "Actual Total Time": 1982.273,
                                                                                                            "Actual Rows": 103966,
                                                                                                            "Actual Loops": 1
                                                                                                        },
                                                                                                        {
                                                                                                            "Worker Number": 1,
                                                                                                            "Actual Startup Time": 844.082,
                                                                                                            "Actual Total Time": 1988.191,
                                                                                                            "Actual Rows": 102103,
                                                                                                            "Actual Loops": 1
                                                                                                        },
                                                                                                        {
                                                                                                            "Worker Number": 2,
                                                                                                            "Actual Startup Time": 844.432,
                                                                                                            "Actual Total Time": 1984.564,
                                                                                                            "Actual Rows": 103514,
                                                                                                            "Actual Loops": 1
                                                                                                        }
                                                                                                    ],
                                                                                                    "Plans": [
                                                                                                        {
                                                                                                            "Node Type": "Seq Scan",
                                                                                                            "Parent Relationship": "Outer",
                                                                                                            "Parallel Aware": true,
                                                                                                            "Relation Name": "cast_info",
                                                                                                            "Schema": "public",
                                                                                                            "Alias": "ci",
                                                                                                            "Startup Cost": 0.0,
                                                                                                            "Total Cost": 343316.27,
                                                                                                            "Plan Rows": 610438,
                                                                                                            "Plan Width": 16,
                                                                                                            "Actual Startup Time": 0.027,
                                                                                                            "Actual Total Time": 1426.149,
                                                                                                            "Actual Rows": 942637,
                                                                                                            "Actual Loops": 4,
                                                                                                            "Output": [
                                                                                                                "ci.id",
                                                                                                                "ci.person_id",
                                                                                                                "ci.movie_id",
                                                                                                                "ci.person_role_id",
                                                                                                                "ci.note",
                                                                                                                "ci.nr_order",
                                                                                                                "ci.role_id"
                                                                                                            ],
                                                                                                            "Filter": "(ci.note = ANY ('{(writer),(producer),\"(executive producer)\",(uncredited)}'::text[]))",
                                                                                                            "Rows Removed by Filter": 8118449,
                                                                                                            "Workers": [
                                                                                                                {
                                                                                                                    "Worker Number": 0,
                                                                                                                    "Actual Startup Time": 0.025,
                                                                                                                    "Actual Total Time": 1423.811,
                                                                                                                    "Actual Rows": 948953,
                                                                                                                    "Actual Loops": 1
                                                                                                                },
                                                                                                                {
                                                                                                                    "Worker Number": 1,
                                                                                                                    "Actual Startup Time": 0.02,
                                                                                                                    "Actual Total Time": 1431.091,
                                                                                                                    "Actual Rows": 947914,
                                                                                                                    "Actual Loops": 1
                                                                                                                },
                                                                                                                {
                                                                                                                    "Worker Number": 2,
                                                                                                                    "Actual Startup Time": 0.027,
                                                                                                                    "Actual Total Time": 1424.536,
                                                                                                                    "Actual Rows": 941542,
                                                                                                                    "Actual Loops": 1
                                                                                                                }
                                                                                                            ]
                                                                                                        },
                                                                                                        {
                                                                                                            "Node Type": "Hash",
                                                                                                            "Parent Relationship": "Inner",
                                                                                                            "Parallel Aware": true,
                                                                                                            "Startup Cost": 68636.68,
                                                                                                            "Total Cost": 68636.68,
                                                                                                            "Plan Rows": 242240,
                                                                                                            "Plan Width": 19,
                                                                                                            "Actual Startup Time": 358.229,
                                                                                                            "Actual Total Time": 358.23,
                                                                                                            "Actual Rows": 240389,
                                                                                                            "Actual Loops": 4,
                                                                                                            "Output": [
                                                                                                                "n.name",
                                                                                                                "n.id"
                                                                                                            ],
                                                                                                            "Hash Buckets": 1048576,
                                                                                                            "Original Hash Buckets": 1048576,
                                                                                                            "Hash Batches": 1,
                                                                                                            "Original Hash Batches": 1,
                                                                                                            "Peak Memory Usage": 60576,
                                                                                                            "Workers": [
                                                                                                                {
                                                                                                                    "Worker Number": 0,
                                                                                                                    "Actual Startup Time": 359.194,
                                                                                                                    "Actual Total Time": 359.196,
                                                                                                                    "Actual Rows": 240195,
                                                                                                                    "Actual Loops": 1
                                                                                                                },
                                                                                                                {
                                                                                                                    "Worker Number": 1,
                                                                                                                    "Actual Startup Time": 359.172,
                                                                                                                    "Actual Total Time": 359.173,
                                                                                                                    "Actual Rows": 239643,
                                                                                                                    "Actual Loops": 1
                                                                                                                },
                                                                                                                {
                                                                                                                    "Worker Number": 2,
                                                                                                                    "Actual Startup Time": 359.555,
                                                                                                                    "Actual Total Time": 359.556,
                                                                                                                    "Actual Rows": 238970,
                                                                                                                    "Actual Loops": 1
                                                                                                                }
                                                                                                            ],
                                                                                                            "Plans": [
                                                                                                                {
                                                                                                                    "Node Type": "Seq Scan",
                                                                                                                    "Parent Relationship": "Outer",
                                                                                                                    "Parallel Aware": true,
                                                                                                                    "Relation Name": "name",
                                                                                                                    "Schema": "public",
                                                                                                                    "Alias": "n",
                                                                                                                    "Startup Cost": 0.0,
                                                                                                                    "Total Cost": 68636.68,
                                                                                                                    "Plan Rows": 242240,
                                                                                                                    "Plan Width": 19,
                                                                                                                    "Actual Startup Time": 99.762,
                                                                                                                    "Actual Total Time": 229.067,
                                                                                                                    "Actual Rows": 240389,
                                                                                                                    "Actual Loops": 4,
                                                                                                                    "Output": [
                                                                                                                        "n.name",
                                                                                                                        "n.id"
                                                                                                                    ],
                                                                                                                    "Filter": "((n.gender)::text = 'f'::text)",
                                                                                                                    "Rows Removed by Filter": 801484,
                                                                                                                    "Workers": [
                                                                                                                        {
                                                                                                                            "Worker Number": 0,
                                                                                                                            "Actual Startup Time": 99.706,
                                                                                                                            "Actual Total Time": 229.139,
                                                                                                                            "Actual Rows": 240195,
                                                                                                                            "Actual Loops": 1
                                                                                                                        },
                                                                                                                        {
                                                                                                                            "Worker Number": 1,
                                                                                                                            "Actual Startup Time": 99.779,
                                                                                                                            "Actual Total Time": 229.122,
                                                                                                                            "Actual Rows": 239643,
                                                                                                                            "Actual Loops": 1
                                                                                                                        },
                                                                                                                        {
                                                                                                                            "Worker Number": 2,
                                                                                                                            "Actual Startup Time": 99.728,
                                                                                                                            "Actual Total Time": 228.776,
                                                                                                                            "Actual Rows": 238970,
                                                                                                                            "Actual Loops": 1
                                                                                                                        }
                                                                                                                    ]
                                                                                                                }
                                                                                                            ]
                                                                                                        }
                                                                                                    ]
                                                                                                },
                                                                                                {
                                                                                                    "Node Type": "Hash",
                                                                                                    "Parent Relationship": "Inner",
                                                                                                    "Parallel Aware": false,
                                                                                                    "Startup Cost": 1.15,
                                                                                                    "Total Cost": 1.15,
                                                                                                    "Plan Rows": 1,
                                                                                                    "Plan Width": 4,
                                                                                                    "Actual Startup Time": 0.113,
                                                                                                    "Actual Total Time": 0.114,
                                                                                                    "Actual Rows": 1,
                                                                                                    "Actual Loops": 4,
                                                                                                    "Output": [
                                                                                                        "rt.id"
                                                                                                    ],
                                                                                                    "Hash Buckets": 1024,
                                                                                                    "Original Hash Buckets": 1024,
                                                                                                    "Hash Batches": 1,
                                                                                                    "Original Hash Batches": 1,
                                                                                                    "Peak Memory Usage": 9,
                                                                                                    "Workers": [
                                                                                                        {
                                                                                                            "Worker Number": 0,
                                                                                                            "Actual Startup Time": 0.123,
                                                                                                            "Actual Total Time": 0.123,
                                                                                                            "Actual Rows": 1,
                                                                                                            "Actual Loops": 1
                                                                                                        },
                                                                                                        {
                                                                                                            "Worker Number": 1,
                                                                                                            "Actual Startup Time": 0.126,
                                                                                                            "Actual Total Time": 0.126,
                                                                                                            "Actual Rows": 1,
                                                                                                            "Actual Loops": 1
                                                                                                        },
                                                                                                        {
                                                                                                            "Worker Number": 2,
                                                                                                            "Actual Startup Time": 0.112,
                                                                                                            "Actual Total Time": 0.113,
                                                                                                            "Actual Rows": 1,
                                                                                                            "Actual Loops": 1
                                                                                                        }
                                                                                                    ],
                                                                                                    "Plans": [
                                                                                                        {
                                                                                                            "Node Type": "Seq Scan",
                                                                                                            "Parent Relationship": "Outer",
                                                                                                            "Parallel Aware": false,
                                                                                                            "Relation Name": "role_type",
                                                                                                            "Schema": "public",
                                                                                                            "Alias": "rt",
                                                                                                            "Startup Cost": 0.0,
                                                                                                            "Total Cost": 1.15,
                                                                                                            "Plan Rows": 1,
                                                                                                            "Plan Width": 4,
                                                                                                            "Actual Startup Time": 0.083,
                                                                                                            "Actual Total Time": 0.089,
                                                                                                            "Actual Rows": 1,
                                                                                                            "Actual Loops": 4,
                                                                                                            "Output": [
                                                                                                                "rt.id"
                                                                                                            ],
                                                                                                            "Filter": "((rt.role)::text = 'actress'::text)",
                                                                                                            "Rows Removed by Filter": 11,
                                                                                                            "Workers": [
                                                                                                                {
                                                                                                                    "Worker Number": 0,
                                                                                                                    "Actual Startup Time": 0.092,
                                                                                                                    "Actual Total Time": 0.097,
                                                                                                                    "Actual Rows": 1,
                                                                                                                    "Actual Loops": 1
                                                                                                                },
                                                                                                                {
                                                                                                                    "Worker Number": 1,
                                                                                                                    "Actual Startup Time": 0.094,
                                                                                                                    "Actual Total Time": 0.1,
                                                                                                                    "Actual Rows": 1,
                                                                                                                    "Actual Loops": 1
                                                                                                                },
                                                                                                                {
                                                                                                                    "Worker Number": 2,
                                                                                                                    "Actual Startup Time": 0.085,
                                                                                                                    "Actual Total Time": 0.09,
                                                                                                                    "Actual Rows": 1,
                                                                                                                    "Actual Loops": 1
                                                                                                                }
                                                                                                            ]
                                                                                                        }
                                                                                                    ]
                                                                                                }
                                                                                            ]
                                                                                        },
                                                                                        {
                                                                                            "Node Type": "Bitmap Heap Scan",
                                                                                            "Parent Relationship": "Inner",
                                                                                            "Parallel Aware": false,
                                                                                            "Relation Name": "char_name",
                                                                                            "Schema": "public",
                                                                                            "Alias": "chn",
                                                                                            "Startup Cost": 0.45,
                                                                                            "Total Cost": 4.46,
                                                                                            "Plan Rows": 1,
                                                                                            "Plan Width": 20,
                                                                                            "Actual Startup Time": 0.006,
                                                                                            "Actual Total Time": 0.006,
                                                                                            "Actual Rows": 1,
                                                                                            "Actual Loops": 167781,
                                                                                            "Output": [
                                                                                                "chn.id",
                                                                                                "chn.name",
                                                                                                "chn.imdb_index",
                                                                                                "chn.imdb_id",
                                                                                                "chn.name_pcode_nf",
                                                                                                "chn.surname_pcode",
                                                                                                "chn.md5sum"
                                                                                            ],
                                                                                            "Recheck Cond": "(chn.id = ci.person_role_id)",
                                                                                            "Rows Removed by Index Recheck": 0,
                                                                                            "Exact Heap Blocks": 39345,
                                                                                            "Lossy Heap Blocks": 0,
                                                                                            "Workers": [
                                                                                                {
                                                                                                    "Worker Number": 0,
                                                                                                    "Actual Startup Time": 0.006,
                                                                                                    "Actual Total Time": 0.006,
                                                                                                    "Actual Rows": 1,
                                                                                                    "Actual Loops": 42066
                                                                                                },
                                                                                                {
                                                                                                    "Worker Number": 1,
                                                                                                    "Actual Startup Time": 0.006,
                                                                                                    "Actual Total Time": 0.006,
                                                                                                    "Actual Rows": 1,
                                                                                                    "Actual Loops": 42588
                                                                                                },
                                                                                                {
                                                                                                    "Worker Number": 2,
                                                                                                    "Actual Startup Time": 0.006,
                                                                                                    "Actual Total Time": 0.006,
                                                                                                    "Actual Rows": 1,
                                                                                                    "Actual Loops": 41489
                                                                                                }
                                                                                            ],
                                                                                            "Plans": [
                                                                                                {
                                                                                                    "Node Type": "Bitmap Index Scan",
                                                                                                    "Parent Relationship": "Outer",
                                                                                                    "Parallel Aware": false,
                                                                                                    "Index Name": "char_name_pkey",
                                                                                                    "Startup Cost": 0.0,
                                                                                                    "Total Cost": 0.45,
                                                                                                    "Plan Rows": 1,
                                                                                                    "Plan Width": 0,
                                                                                                    "Actual Startup Time": 0.004,
                                                                                                    "Actual Total Time": 0.004,
                                                                                                    "Actual Rows": 1,
                                                                                                    "Actual Loops": 167781,
                                                                                                    "Index Cond": "(chn.id = ci.person_role_id)",
                                                                                                    "Workers": [
                                                                                                        {
                                                                                                            "Worker Number": 0,
                                                                                                            "Actual Startup Time": 0.004,
                                                                                                            "Actual Total Time": 0.004,
                                                                                                            "Actual Rows": 1,
                                                                                                            "Actual Loops": 42066
                                                                                                        },
                                                                                                        {
                                                                                                            "Worker Number": 1,
                                                                                                            "Actual Startup Time": 0.004,
                                                                                                            "Actual Total Time": 0.004,
                                                                                                            "Actual Rows": 1,
                                                                                                            "Actual Loops": 42588
                                                                                                        },
                                                                                                        {
                                                                                                            "Worker Number": 2,
                                                                                                            "Actual Startup Time": 0.004,
                                                                                                            "Actual Total Time": 0.004,
                                                                                                            "Actual Rows": 1,
                                                                                                            "Actual Loops": 41489
                                                                                                        }
                                                                                                    ]
                                                                                                }
                                                                                            ]
                                                                                        }
                                                                                    ]
                                                                                }
                                                                            ]
                                                                        }
                                                                    ]
                                                                }
                                                            ]
                                                        }
                                                    ]
                                                }
                                            ]
                                        }
                                    ]
                                }
                            ]
                        }
                    ]
                }
            ]
        },
        "Planning Time": 1484.761,
        "Triggers": [],
        "Execution Time": 3226.054
    }
]