[
    {
        "Bao": {
            "Bao prediction": "NaN",
            "Bao recommended hint": "(no hint)"
        }
    },
    {
        "Plan": {
            "Node Type": "Aggregate",
            "Strategy": "Plain",
            "Partial Mode": "Finalize",
            "Parallel Aware": false,
            "Startup Cost": 423101.41,
            "Total Cost": 423101.42,
            "Plan Rows": 1,
            "Plan Width": 8,
            "Actual Startup Time": 3405.151,
            "Actual Total Time": 3454.113,
            "Actual Rows": 1,
            "Actual Loops": 1,
            "Output": [
                "count(*)"
            ],
            "Plans": [
                {
                    "Node Type": "Gather",
                    "Parent Relationship": "Outer",
                    "Parallel Aware": false,
                    "Startup Cost": 423100.89,
                    "Total Cost": 423101.4,
                    "Plan Rows": 5,
                    "Plan Width": 8,
                    "Actual Startup Time": 3399.863,
                    "Actual Total Time": 3454.103,
                    "Actual Rows": 6,
                    "Actual Loops": 1,
                    "Output": [
                        "(PARTIAL count(*))"
                    ],
                    "Workers Planned": 5,
                    "Workers Launched": 5,
                    "Single Copy": false,
                    "Plans": [
                        {
                            "Node Type": "Aggregate",
                            "Strategy": "Plain",
                            "Partial Mode": "Partial",
                            "Parent Relationship": "Outer",
                            "Parallel Aware": false,
                            "Startup Cost": 422100.89,
                            "Total Cost": 422100.9,
                            "Plan Rows": 1,
                            "Plan Width": 8,
                            "Actual Startup Time": 3390.09,
                            "Actual Total Time": 3390.094,
                            "Actual Rows": 1,
                            "Actual Loops": 6,
                            "Output": [
                                "PARTIAL count(*)"
                            ],
                            "Workers": [
                                {
                                    "Worker Number": 0,
                                    "Actual Startup Time": 3389.313,
                                    "Actual Total Time": 3389.316,
                                    "Actual Rows": 1,
                                    "Actual Loops": 1
                                },
                                {
                                    "Worker Number": 1,
                                    "Actual Startup Time": 3388.578,
                                    "Actual Total Time": 3388.584,
                                    "Actual Rows": 1,
                                    "Actual Loops": 1
                                },
                                {
                                    "Worker Number": 2,
                                    "Actual Startup Time": 3387.619,
                                    "Actual Total Time": 3387.621,
                                    "Actual Rows": 1,
                                    "Actual Loops": 1
                                },
                                {
                                    "Worker Number": 3,
                                    "Actual Startup Time": 3387.765,
                                    "Actual Total Time": 3387.767,
                                    "Actual Rows": 1,
                                    "Actual Loops": 1
                                },
                                {
                                    "Worker Number": 4,
                                    "Actual Startup Time": 3387.833,
                                    "Actual Total Time": 3387.836,
                                    "Actual Rows": 1,
                                    "Actual Loops": 1
                                }
                            ],
                            "Plans": [
                                {
                                    "Node Type": "Nested Loop",
                                    "Parent Relationship": "Outer",
                                    "Parallel Aware": false,
                                    "Join Type": "Inner",
                                    "Startup Cost": 91759.05,
                                    "Total Cost": 418352.69,
                                    "Plan Rows": 1499280,
                                    "Plan Width": 0,
                                    "Actual Startup Time": 347.746,
                                    "Actual Total Time": 3192.652,
                                    "Actual Rows": 4179067,
                                    "Actual Loops": 6,
                                    "Inner Unique": false,
                                    "Workers": [
                                        {
                                            "Worker Number": 0,
                                            "Actual Startup Time": 388.846,
                                            "Actual Total Time": 3187.295,
                                            "Actual Rows": 3871864,
                                            "Actual Loops": 1
                                        },
                                        {
                                            "Worker Number": 1,
                                            "Actual Startup Time": 295.213,
                                            "Actual Total Time": 3191.431,
                                            "Actual Rows": 4270669,
                                            "Actual Loops": 1
                                        },
                                        {
                                            "Worker Number": 2,
                                            "Actual Startup Time": 346.789,
                                            "Actual Total Time": 3187.879,
                                            "Actual Rows": 4272621,
                                            "Actual Loops": 1
                                        },
                                        {
                                            "Worker Number": 3,
                                            "Actual Startup Time": 348.131,
                                            "Actual Total Time": 3217.945,
                                            "Actual Rows": 3890758,
                                            "Actual Loops": 1
                                        },
                                        {
                                            "Worker Number": 4,
                                            "Actual Startup Time": 348.52,
                                            "Actual Total Time": 3188.415,
                                            "Actual Rows": 4313480,
                                            "Actual Loops": 1
                                        }
                                    ],
                                    "Plans": [
                                        {
                                            "Node Type": "Merge Join",
                                            "Parent Relationship": "Outer",
                                            "Parallel Aware": false,
                                            "Join Type": "Inner",
                                            "Startup Cost": 91758.49,
                                            "Total Cost": 186686.27,
                                            "Plan Rows": 104562,
                                            "Plan Width": 8,
                                            "Actual Startup Time": 347.655,
                                            "Actual Total Time": 692.717,
                                            "Actual Rows": 85548,
                                            "Actual Loops": 6,
                                            "Output": [
                                                "t.id",
                                                "mk.movie_id"
                                            ],
                                            "Inner Unique": false,
                                            "Merge Cond": "(t.id = mk.movie_id)",
                                            "Workers": [
                                                {
                                                    "Worker Number": 0,
                                                    "Actual Startup Time": 388.74,
                                                    "Actual Total Time": 696.302,
                                                    "Actual Rows": 78697,
                                                    "Actual Loops": 1
                                                },
                                                {
                                                    "Worker Number": 1,
                                                    "Actual Startup Time": 295.114,
                                                    "Actual Total Time": 698.847,
                                                    "Actual Rows": 88518,
                                                    "Actual Loops": 1
                                                },
                                                {
                                                    "Worker Number": 2,
                                                    "Actual Startup Time": 346.679,
                                                    "Actual Total Time": 672.475,
                                                    "Actual Rows": 86899,
                                                    "Actual Loops": 1
                                                },
                                                {
                                                    "Worker Number": 3,
                                                    "Actual Startup Time": 348.004,
                                                    "Actual Total Time": 693.882,
                                                    "Actual Rows": 77687,
                                                    "Actual Loops": 1
                                                },
                                                {
                                                    "Worker Number": 4,
                                                    "Actual Startup Time": 348.439,
                                                    "Actual Total Time": 675.62,
                                                    "Actual Rows": 88987,
                                                    "Actual Loops": 1
                                                }
                                            ],
                                            "Plans": [
                                                {
                                                    "Node Type": "Index Only Scan",
                                                    "Parent Relationship": "Outer",
                                                    "Parallel Aware": true,
                                                    "Scan Direction": "Forward",
                                                    "Index Name": "title_pkey",
                                                    "Relation Name": "title",
                                                    "Schema": "public",
                                                    "Alias": "t",
                                                    "Startup Cost": 0.43,
                                                    "Total Cost": 90115.52,
                                                    "Plan Rows": 505664,
                                                    "Plan Width": 4,
                                                    "Actual Startup Time": 0.151,
                                                    "Actual Total Time": 291.414,
                                                    "Actual Rows": 420996,
                                                    "Actual Loops": 6,
                                                    "Output": [
                                                        "t.id"
                                                    ],
                                                    "Heap Fetches": 2525977,
                                                    "Workers": [
                                                        {
                                                            "Worker Number": 0,
                                                            "Actual Startup Time": 0.154,
                                                            "Actual Total Time": 218.457,
                                                            "Actual Rows": 272819,
                                                            "Actual Loops": 1
                                                        },
                                                        {
                                                            "Worker Number": 1,
                                                            "Actual Startup Time": 0.144,
                                                            "Actual Total Time": 321.617,
                                                            "Actual Rows": 496298,
                                                            "Actual Loops": 1
                                                        },
                                                        {
                                                            "Worker Number": 2,
                                                            "Actual Startup Time": 0.262,
                                                            "Actual Total Time": 296.715,
                                                            "Actual Rows": 442545,
                                                            "Actual Loops": 1
                                                        },
                                                        {
                                                            "Worker Number": 3,
                                                            "Actual Startup Time": 0.172,
                                                            "Actual Total Time": 334.48,
                                                            "Actual Rows": 436533,
                                                            "Actual Loops": 1
                                                        },
                                                        {
                                                            "Worker Number": 4,
                                                            "Actual Startup Time": 0.156,
                                                            "Actual Total Time": 299.471,
                                                            "Actual Rows": 456466,
                                                            "Actual Loops": 1
                                                        }
                                                    ]
                                                },
                                                {
                                                    "Node Type": "Sort",
                                                    "Parent Relationship": "Inner",
                                                    "Parallel Aware": false,
                                                    "Startup Cost": 91737.64,
                                                    "Total Cost": 93044.66,
                                                    "Plan Rows": 522810,
                                                    "Plan Width": 4,
                                                    "Actual Startup Time": 310.557,
                                                    "Actual Total Time": 338.61,
                                                    "Actual Rows": 513289,
                                                    "Actual Loops": 6,
                                                    "Output": [
                                                        "mk.movie_id"
                                                    ],
                                                    "Sort Key": [
                                                        "mk.movie_id"
                                                    ],
                                                    "Sort Method": "quicksort",
                                                    "Sort Space Used": 36349,
                                                    "Sort Space Type": "Memory",
                                                    "Workers": [
                                                        {
                                                            "Worker Number": 0,
                                                            "Actual Startup Time": 385.455,
                                                            "Actual Total Time": 415.924,
                                                            "Actual Rows": 513289,
                                                            "Actual Loops": 1
                                                        },
                                                        {
                                                            "Worker Number": 1,
                                                            "Actual Startup Time": 284.471,
                                                            "Actual Total Time": 312.284,
                                                            "Actual Rows": 513289,
                                                            "Actual Loops": 1
                                                        },
                                                        {
                                                            "Worker Number": 2,
                                                            "Actual Startup Time": 284.772,
                                                            "Actual Total Time": 312.985,
                                                            "Actual Rows": 513289,
                                                            "Actual Loops": 1
                                                        },
                                                        {
                                                            "Worker Number": 3,
                                                            "Actual Startup Time": 277.731,
                                                            "Actual Total Time": 303.315,
                                                            "Actual Rows": 513289,
                                                            "Actual Loops": 1
                                                        },
                                                        {
                                                            "Worker Number": 4,
                                                            "Actual Startup Time": 285.367,
                                                            "Actual Total Time": 313.23,
                                                            "Actual Rows": 513289,
                                                            "Actual Loops": 1
                                                        }
                                                    ],
                                                    "Plans": [
                                                        {
                                                            "Node Type": "Bitmap Heap Scan",
                                                            "Parent Relationship": "Outer",
                                                            "Parallel Aware": false,
                                                            "Relation Name": "movie_keyword",
                                                            "Schema": "public",
                                                            "Alias": "mk",
                                                            "Startup Cost": 11092.21,
                                                            "Total Cost": 42081.33,
                                                            "Plan Rows": 522810,
                                                            "Plan Width": 4,
                                                            "Actual Startup Time": 63.23,
                                                            "Actual Total Time": 192.681,
                                                            "Actual Rows": 513289,
                                                            "Actual Loops": 6,
                                                            "Output": [
                                                                "mk.movie_id"
                                                            ],
                                                            "Recheck Cond": "(mk.keyword_id > 35304)",
                                                            "Rows Removed by Index Recheck": 0,
                                                            "Exact Heap Blocks": 23056,
                                                            "Lossy Heap Blocks": 0,
                                                            "Workers": [
                                                                {
                                                                    "Worker Number": 0,
                                                                    "Actual Startup Time": 71.524,
                                                                    "Actual Total Time": 235.757,
                                                                    "Actual Rows": 513289,
                                                                    "Actual Loops": 1
                                                                },
                                                                {
                                                                    "Worker Number": 1,
                                                                    "Actual Startup Time": 64.618,
                                                                    "Actual Total Time": 182.939,
                                                                    "Actual Rows": 513289,
                                                                    "Actual Loops": 1
                                                                },
                                                                {
                                                                    "Worker Number": 2,
                                                                    "Actual Startup Time": 64.691,
                                                                    "Actual Total Time": 183.008,
                                                                    "Actual Rows": 513289,
                                                                    "Actual Loops": 1
                                                                },
                                                                {
                                                                    "Worker Number": 3,
                                                                    "Actual Startup Time": 63.825,
                                                                    "Actual Total Time": 181.578,
                                                                    "Actual Rows": 513289,
                                                                    "Actual Loops": 1
                                                                },
                                                                {
                                                                    "Worker Number": 4,
                                                                    "Actual Startup Time": 65.505,
                                                                    "Actual Total Time": 183.45,
                                                                    "Actual Rows": 513289,
                                                                    "Actual Loops": 1
                                                                }
                                                            ],
                                                            "Plans": [
                                                                {
                                                                    "Node Type": "Bitmap Index Scan",
                                                                    "Parent Relationship": "Outer",
                                                                    "Parallel Aware": false,
                                                                    "Index Name": "keyword_id_movie_keyword",
                                                                    "Startup Cost": 0.0,
                                                                    "Total Cost": 10961.51,
                                                                    "Plan Rows": 522810,
                                                                    "Plan Width": 0,
                                                                    "Actual Startup Time": 59.655,
                                                                    "Actual Total Time": 59.655,
                                                                    "Actual Rows": 513289,
                                                                    "Actual Loops": 6,
                                                                    "Index Cond": "(mk.keyword_id > 35304)",
                                                                    "Workers": [
                                                                        {
                                                                            "Worker Number": 0,
                                                                            "Actual Startup Time": 66.916,
                                                                            "Actual Total Time": 66.916,
                                                                            "Actual Rows": 513289,
                                                                            "Actual Loops": 1
                                                                        },
                                                                        {
                                                                            "Worker Number": 1,
                                                                            "Actual Startup Time": 61.467,
                                                                            "Actual Total Time": 61.468,
                                                                            "Actual Rows": 513289,
                                                                            "Actual Loops": 1
                                                                        },
                                                                        {
                                                                            "Worker Number": 2,
                                                                            "Actual Startup Time": 61.551,
                                                                            "Actual Total Time": 61.552,
                                                                            "Actual Rows": 513289,
                                                                            "Actual Loops": 1
                                                                        },
                                                                        {
                                                                            "Worker Number": 3,
                                                                            "Actual Startup Time": 60.939,
                                                                            "Actual Total Time": 60.939,
                                                                            "Actual Rows": 513289,
                                                                            "Actual Loops": 1
                                                                        },
                                                                        {
                                                                            "Worker Number": 4,
                                                                            "Actual Startup Time": 62.37,
                                                                            "Actual Total Time": 62.37,
                                                                            "Actual Rows": 513289,
                                                                            "Actual Loops": 1
                                                                        }
                                                                    ]
                                                                }
                                                            ]
                                                        }
                                                    ]
                                                }
                                            ]
                                        },
                                        {
                                            "Node Type": "Index Only Scan",
                                            "Parent Relationship": "Inner",
                                            "Parallel Aware": false,
                                            "Scan Direction": "Forward",
                                            "Index Name": "movie_id_cast_info",
                                            "Relation Name": "cast_info",
                                            "Schema": "public",
                                            "Alias": "ci",
                                            "Startup Cost": 0.56,
                                            "Total Cost": 1.84,
                                            "Plan Rows": 38,
                                            "Plan Width": 4,
                                            "Actual Startup Time": 0.004,
                                            "Actual Total Time": 0.026,
                                            "Actual Rows": 49,
                                            "Actual Loops": 513289,
                                            "Output": [
                                                "ci.movie_id"
                                            ],
                                            "Index Cond": "(ci.movie_id = t.id)",
                                            "Rows Removed by Index Recheck": 0,
                                            "Heap Fetches": 25074404,
                                            "Workers": [
                                                {
                                                    "Worker Number": 0,
                                                    "Actual Startup Time": 0.005,
                                                    "Actual Total Time": 0.028,
                                                    "Actual Rows": 49,
                                                    "Actual Loops": 78697
                                                },
                                                {
                                                    "Worker Number": 1,
                                                    "Actual Startup Time": 0.004,
                                                    "Actual Total Time": 0.025,
                                                    "Actual Rows": 48,
                                                    "Actual Loops": 88518
                                                },
                                                {
                                                    "Worker Number": 2,
                                                    "Actual Startup Time": 0.004,
                                                    "Actual Total Time": 0.025,
                                                    "Actual Rows": 49,
                                                    "Actual Loops": 86899
                                                },
                                                {
                                                    "Worker Number": 3,
                                                    "Actual Startup Time": 0.005,
                                                    "Actual Total Time": 0.029,
                                                    "Actual Rows": 50,
                                                    "Actual Loops": 77687
                                                },
                                                {
                                                    "Worker Number": 4,
                                                    "Actual Startup Time": 0.004,
                                                    "Actual Total Time": 0.025,
                                                    "Actual Rows": 48,
                                                    "Actual Loops": 88987
                                                }
                                            ]
                                        }
                                    ]
                                }
                            ]
                        }
                    ]
                }
            ]
        },
        "Planning Time": 269.845,
        "Triggers": [],
        "Execution Time": 3460.413
    }
]