[
  {
    "Plan": {
      "Node Type": "Aggregate",
      "Strategy": "Plain",
      "Partial Mode": "Finalize",
      "Parallel Aware": false,
      "Startup Cost": 314337.94,
      "Total Cost": 314337.95,
      "Plan Rows": 1,
      "Plan Width": 8,
      "Actual Startup Time": 253.662,
      "Actual Total Time": 270.237,
      "Actual Rows": 1,
      "Actual Loops": 1,
      "Plans": [
        {
          "Node Type": "Gather",
          "Parent Relationship": "Outer",
          "Parallel Aware": false,
          "Startup Cost": 314337.31,
          "Total Cost": 314337.92,
          "Plan Rows": 6,
          "Plan Width": 8,
          "Actual Startup Time": 252.976,
          "Actual Total Time": 270.223,
          "Actual Rows": 7,
          "Actual Loops": 1,
          "Workers Planned": 6,
          "Workers Launched": 6,
          "Single Copy": false,
          "Plans": [
            {
              "Node Type": "Aggregate",
              "Strategy": "Plain",
              "Partial Mode": "Partial",
              "Parent Relationship": "Outer",
              "Parallel Aware": false,
              "Startup Cost": 313337.31,
              "Total Cost": 313337.32,
              "Plan Rows": 1,
              "Plan Width": 8,
              "Actual Startup Time": 244.075,
              "Actual Total Time": 244.077,
              "Actual Rows": 1,
              "Actual Loops": 7,
              "Plans": [
                {
                  "Node Type": "Bitmap Heap Scan",
                  "Parent Relationship": "Outer",
                  "Parallel Aware": true,
                  "Relation Name": "cast_info",
                  "Alias": "ci",
                  "Startup Cost": 54481.11,
                  "Total Cost": 312309.11,
                  "Plan Rows": 411280,
                  "Plan Width": 0,
                  "Actual Startup Time": 100.22,
                  "Actual Total Time": 222.356,
                  "Actual Rows": 342502,
                  "Actual Loops": 7,
                  "Recheck Cond": "(person_id > 3594211)",
                  "Rows Removed by Index Recheck": 0,
                  "Exact Heap Blocks": 10286,
                  "Lossy Heap Blocks": 0,
                  "Plans": [
                    {
                      "Node Type": "Bitmap Index Scan",
                      "Parent Relationship": "Outer",
                      "Parallel Aware": false,
                      "Index Name": "person_id_cast_info",
                      "Startup Cost": 0.0,
                      "Total Cost": 53864.19,
                      "Plan Rows": 2467683,
                      "Plan Width": 0,
                      "Actual Startup Time": 102.527,
                      "Actual Total Time": 102.527,
                      "Actual Rows": 2397514,
                      "Actual Loops": 1,
                      "Index Cond": "(person_id > 3594211)"
                    }
                  ]
                }
              ]
            }
          ]
        }
      ]
    },
    "Planning Time": 0.112,
    "Triggers": [],
    "Execution Time": 270.287
  }
]