[
  {
    "Plan": {
      "Node Type": "Aggregate",
      "Strategy": "Plain",
      "Partial Mode": "Finalize",
      "Parallel Aware": false,
      "Startup Cost": 76377.3,
      "Total Cost": 76377.31,
      "Plan Rows": 1,
      "Plan Width": 8,
      "Actual Startup Time": 281.682,
      "Actual Total Time": 300.264,
      "Actual Rows": 1,
      "Actual Loops": 1,
      "Plans": [
        {
          "Node Type": "Gather",
          "Parent Relationship": "Outer",
          "Parallel Aware": false,
          "Startup Cost": 76376.99,
          "Total Cost": 76377.3,
          "Plan Rows": 3,
          "Plan Width": 8,
          "Actual Startup Time": 279.498,
          "Actual Total Time": 300.252,
          "Actual Rows": 4,
          "Actual Loops": 1,
          "Workers Planned": 3,
          "Workers Launched": 3,
          "Single Copy": false,
          "Plans": [
            {
              "Node Type": "Aggregate",
              "Strategy": "Plain",
              "Partial Mode": "Partial",
              "Parent Relationship": "Outer",
              "Parallel Aware": false,
              "Startup Cost": 75376.99,
              "Total Cost": 75377.0,
              "Plan Rows": 1,
              "Plan Width": 8,
              "Actual Startup Time": 272.54,
              "Actual Total Time": 272.543,
              "Actual Rows": 1,
              "Actual Loops": 4,
              "Plans": [
                {
                  "Node Type": "Hash Join",
                  "Parent Relationship": "Outer",
                  "Parallel Aware": true,
                  "Join Type": "Inner",
                  "Startup Cost": 44860.88,
                  "Total Cost": 75251.79,
                  "Plan Rows": 50080,
                  "Plan Width": 0,
                  "Actual Startup Time": 138.814,
                  "Actual Total Time": 268.534,
                  "Actual Rows": 78718,
                  "Actual Loops": 4,
                  "Inner Unique": true,
                  "Hash Cond": "(mc.movie_id = t.id)",
                  "Plans": [
                    {
                      "Node Type": "Seq Scan",
                      "Parent Relationship": "Outer",
                      "Parallel Aware": true,
                      "Relation Name": "movie_companies",
                      "Alias": "mc",
                      "Startup Cost": 0.0,
                      "Total Cost": 29310.68,
                      "Plan Rows": 411513,
                      "Plan Width": 4,
                      "Actual Startup Time": 0.027,
                      "Actual Total Time": 73.21,
                      "Actual Rows": 318562,
                      "Actual Loops": 4,
                      "Filter": "(company_type_id < 2)",
                      "Rows Removed by Filter": 333721
                    },
                    {
                      "Node Type": "Hash",
                      "Parent Relationship": "Inner",
                      "Parallel Aware": true,
                      "Startup Cost": 43899.32,
                      "Total Cost": 43899.32,
                      "Plan Rows": 76925,
                      "Plan Width": 4,
                      "Actual Startup Time": 136.118,
                      "Actual Total Time": 136.119,
                      "Actual Rows": 80811,
                      "Actual Loops": 4,
                      "Hash Buckets": 524288,
                      "Original Hash Buckets": 524288,
                      "Hash Batches": 1,
                      "Original Hash Batches": 1,
                      "Peak Memory Usage": 16800,
                      "Plans": [
                        {
                          "Node Type": "Seq Scan",
                          "Parent Relationship": "Outer",
                          "Parallel Aware": true,
                          "Relation Name": "title",
                          "Alias": "t",
                          "Startup Cost": 0.0,
                          "Total Cost": 43899.32,
                          "Plan Rows": 76925,
                          "Plan Width": 4,
                          "Actual Startup Time": 0.064,
                          "Actual Total Time": 104.266,
                          "Actual Rows": 80811,
                          "Actual Loops": 4,
                          "Filter": "(production_year < 1967)",
                          "Rows Removed by Filter": 551267
                        }
                      ]
                    }
                  ]
                }
              ]
            }
          ]
        }
      ]
    },
    "Planning Time": 0.259,
    "Triggers": [],
    "Execution Time": 300.3
  }
]