[
  {
    "Plan": {
      "Node Type": "Aggregate",
      "Strategy": "Plain",
      "Partial Mode": "Finalize",
      "Parallel Aware": false,
      "Startup Cost": 45249.0,
      "Total Cost": 45249.01,
      "Plan Rows": 1,
      "Plan Width": 8,
      "Actual Startup Time": 102.819,
      "Actual Total Time": 117.239,
      "Actual Rows": 1,
      "Actual Loops": 1,
      "Plans": [
        {
          "Node Type": "Gather",
          "Parent Relationship": "Outer",
          "Parallel Aware": false,
          "Startup Cost": 45248.58,
          "Total Cost": 45248.99,
          "Plan Rows": 4,
          "Plan Width": 8,
          "Actual Startup Time": 102.679,
          "Actual Total Time": 117.232,
          "Actual Rows": 5,
          "Actual Loops": 1,
          "Workers Planned": 4,
          "Workers Launched": 4,
          "Single Copy": false,
          "Plans": [
            {
              "Node Type": "Aggregate",
              "Strategy": "Plain",
              "Partial Mode": "Partial",
              "Parent Relationship": "Outer",
              "Parallel Aware": false,
              "Startup Cost": 44248.58,
              "Total Cost": 44248.59,
              "Plan Rows": 1,
              "Plan Width": 8,
              "Actual Startup Time": 93.91,
              "Actual Total Time": 93.911,
              "Actual Rows": 1,
              "Actual Loops": 5,
              "Plans": [
                {
                  "Node Type": "Seq Scan",
                  "Parent Relationship": "Outer",
                  "Parallel Aware": true,
                  "Relation Name": "title",
                  "Alias": "t",
                  "Startup Cost": 0.0,
                  "Total Cost": 43898.92,
                  "Plan Rows": 139866,
                  "Plan Width": 0,
                  "Actual Startup Time": 0.05,
                  "Actual Total Time": 87.749,
                  "Actual Rows": 113690,
                  "Actual Loops": 5,
                  "Filter": "(production_year < 1984)",
                  "Rows Removed by Filter": 391973
                }
              ]
            }
          ]
        }
      ]
    },
    "Planning Time": 0.08,
    "Triggers": [],
    "Execution Time": 117.276
  }
]