{
    "Plan": {
        "Node Type": "Aggregate",
        "Strategy": "Plain",
        "Partial Mode": "Finalize",
        "Parallel Aware": false,
        "Startup Cost": 984640.69,
        "Total Cost": 984640.7,
        "Plan Rows": 1,
        "Plan Width": 8,
        "Actual Startup Time": 4102.267,
        "Actual Total Time": 4187.891,
        "Actual Rows": 1,
        "Actual Loops": 1,
        "Output": [
            "count(*)"
        ],
        "Plans": [
            {
                "Node Type": "Gather",
                "Parent Relationship": "Outer",
                "Parallel Aware": false,
                "Startup Cost": 984640.06,
                "Total Cost": 984640.67,
                "Plan Rows": 6,
                "Plan Width": 8,
                "Actual Startup Time": 4086.955,
                "Actual Total Time": 4187.877,
                "Actual Rows": 7,
                "Actual Loops": 1,
                "Output": [
                    "(PARTIAL count(*))"
                ],
                "Workers Planned": 6,
                "Workers Launched": 6,
                "Single Copy": false,
                "Plans": [
                    {
                        "Node Type": "Aggregate",
                        "Strategy": "Plain",
                        "Partial Mode": "Partial",
                        "Parent Relationship": "Outer",
                        "Parallel Aware": false,
                        "Startup Cost": 983640.06,
                        "Total Cost": 983640.07,
                        "Plan Rows": 1,
                        "Plan Width": 8,
                        "Actual Startup Time": 4076.183,
                        "Actual Total Time": 4076.187,
                        "Actual Rows": 1,
                        "Actual Loops": 7,
                        "Output": [
                            "PARTIAL count(*)"
                        ],
                        "Workers": [
                            {
                                "Worker Number": 0,
                                "Actual Startup Time": 4072.728,
                                "Actual Total Time": 4072.732,
                                "Actual Rows": 1,
                                "Actual Loops": 1
                            },
                            {
                                "Worker Number": 1,
                                "Actual Startup Time": 4073.517,
                                "Actual Total Time": 4073.521,
                                "Actual Rows": 1,
                                "Actual Loops": 1
                            },
                            {
                                "Worker Number": 2,
                                "Actual Startup Time": 4073.559,
                                "Actual Total Time": 4073.562,
                                "Actual Rows": 1,
                                "Actual Loops": 1
                            },
                            {
                                "Worker Number": 3,
                                "Actual Startup Time": 4073.601,
                                "Actual Total Time": 4073.603,
                                "Actual Rows": 1,
                                "Actual Loops": 1
                            },
                            {
                                "Worker Number": 4,
                                "Actual Startup Time": 4073.621,
                                "Actual Total Time": 4073.624,
                                "Actual Rows": 1,
                                "Actual Loops": 1
                            },
                            {
                                "Worker Number": 5,
                                "Actual Startup Time": 4080.474,
                                "Actual Total Time": 4080.478,
                                "Actual Rows": 1,
                                "Actual Loops": 1
                            }
                        ],
                        "Plans": [
                            {
                                "Node Type": "Hash Join",
                                "Parent Relationship": "Outer",
                                "Parallel Aware": true,
                                "Join Type": "Inner",
                                "Startup Cost": 658402.62,
                                "Total Cost": 979756.15,
                                "Plan Rows": 1553566,
                                "Plan Width": 0,
                                "Actual Startup Time": 1755.535,
                                "Actual Total Time": 3991.894,
                                "Actual Rows": 1413444,
                                "Actual Loops": 7,
                                "Inner Unique": true,
                                "Hash Cond": "(ci.movie_id = t.id)",
                                "Workers": [
                                    {
                                        "Worker Number": 0,
                                        "Actual Startup Time": 1751.662,
                                        "Actual Total Time": 3987.989,
                                        "Actual Rows": 1366206,
                                        "Actual Loops": 1
                                    },
                                    {
                                        "Worker Number": 1,
                                        "Actual Startup Time": 1752.563,
                                        "Actual Total Time": 3990.8,
                                        "Actual Rows": 1364733,
                                        "Actual Loops": 1
                                    },
                                    {
                                        "Worker Number": 2,
                                        "Actual Startup Time": 1753.039,
                                        "Actual Total Time": 3988.537,
                                        "Actual Rows": 1362470,
                                        "Actual Loops": 1
                                    },
                                    {
                                        "Worker Number": 3,
                                        "Actual Startup Time": 1753.191,
                                        "Actual Total Time": 3989.823,
                                        "Actual Rows": 1355369,
                                        "Actual Loops": 1
                                    },
                                    {
                                        "Worker Number": 4,
                                        "Actual Startup Time": 1753.268,
                                        "Actual Total Time": 3989.022,
                                        "Actual Rows": 1362639,
                                        "Actual Loops": 1
                                    },
                                    {
                                        "Worker Number": 5,
                                        "Actual Startup Time": 1759.842,
                                        "Actual Total Time": 4003.045,
                                        "Actual Rows": 1713173,
                                        "Actual Loops": 1
                                    }
                                ],
                                "Plans": [
                                    {
                                        "Node Type": "Bitmap Heap Scan",
                                        "Parent Relationship": "Outer",
                                        "Parallel Aware": true,
                                        "Relation Name": "cast_info",
                                        "Schema": "public",
                                        "Alias": "ci",
                                        "Startup Cost": 601359.5,
                                        "Total Cost": 910795.68,
                                        "Plan Rows": 4539934,
                                        "Plan Width": 4,
                                        "Actual Startup Time": 1527.037,
                                        "Actual Total Time": 2406.17,
                                        "Actual Rows": 3891658,
                                        "Actual Loops": 7,
                                        "Output": [
                                            "ci.id",
                                            "ci.person_id",
                                            "ci.movie_id",
                                            "ci.person_role_id",
                                            "ci.note",
                                            "ci.nr_order",
                                            "ci.role_id"
                                        ],
                                        "Recheck Cond": "(ci.person_id < 2796277)",
                                        "Rows Removed by Index Recheck": 0,
                                        "Exact Heap Blocks": 33620,
                                        "Lossy Heap Blocks": 0,
                                        "Workers": [
                                            {
                                                "Worker Number": 0,
                                                "Actual Startup Time": 1526.692,
                                                "Actual Total Time": 2381.568,
                                                "Actual Rows": 3750826,
                                                "Actual Loops": 1
                                            },
                                            {
                                                "Worker Number": 1,
                                                "Actual Startup Time": 1526.991,
                                                "Actual Total Time": 2424.986,
                                                "Actual Rows": 3771727,
                                                "Actual Loops": 1
                                            },
                                            {
                                                "Worker Number": 2,
                                                "Actual Startup Time": 1527.218,
                                                "Actual Total Time": 2396.754,
                                                "Actual Rows": 3745803,
                                                "Actual Loops": 1
                                            },
                                            {
                                                "Worker Number": 3,
                                                "Actual Startup Time": 1527.272,
                                                "Actual Total Time": 2396.789,
                                                "Actual Rows": 3759896,
                                                "Actual Loops": 1
                                            },
                                            {
                                                "Worker Number": 4,
                                                "Actual Startup Time": 1526.939,
                                                "Actual Total Time": 2395.042,
                                                "Actual Rows": 3721513,
                                                "Actual Loops": 1
                                            },
                                            {
                                                "Worker Number": 5,
                                                "Actual Startup Time": 1527.033,
                                                "Actual Total Time": 2424.617,
                                                "Actual Rows": 4721466,
                                                "Actual Loops": 1
                                            }
                                        ],
                                        "Plans": [
                                            {
                                                "Node Type": "Bitmap Index Scan",
                                                "Parent Relationship": "Outer",
                                                "Parallel Aware": false,
                                                "Index Name": "person_id_cast_info",
                                                "Startup Cost": 0.0,
                                                "Total Cost": 594549.6,
                                                "Plan Rows": 27239605,
                                                "Plan Width": 0,
                                                "Actual Startup Time": 1442.805,
                                                "Actual Total Time": 1442.806,
                                                "Actual Rows": 27241606,
                                                "Actual Loops": 1,
                                                "Index Cond": "(ci.person_id < 2796277)",
                                                "Workers": [
                                                    {
                                                        "Worker Number": 0,
                                                        "Actual Startup Time": 1442.805,
                                                        "Actual Total Time": 1442.806,
                                                        "Actual Rows": 27241606,
                                                        "Actual Loops": 1
                                                    }
                                                ]
                                            }
                                        ]
                                    },
                                    {
                                        "Node Type": "Hash",
                                        "Parent Relationship": "Inner",
                                        "Parallel Aware": true,
                                        "Startup Cost": 54339.39,
                                        "Total Cost": 54339.39,
                                        "Plan Rows": 216298,
                                        "Plan Width": 4,
                                        "Actual Startup Time": 225.573,
                                        "Actual Total Time": 225.574,
                                        "Actual Rows": 122031,
                                        "Actual Loops": 7,
                                        "Output": [
                                            "t.id"
                                        ],
                                        "Hash Buckets": 1048576,
                                        "Original Hash Buckets": 1048576,
                                        "Hash Batches": 1,
                                        "Original Hash Batches": 1,
                                        "Peak Memory Usage": 41696,
                                        "Workers": [
                                            {
                                                "Worker Number": 0,
                                                "Actual Startup Time": 224.543,
                                                "Actual Total Time": 224.544,
                                                "Actual Rows": 116647,
                                                "Actual Loops": 1
                                            },
                                            {
                                                "Worker Number": 1,
                                                "Actual Startup Time": 224.738,
                                                "Actual Total Time": 224.74,
                                                "Actual Rows": 114245,
                                                "Actual Loops": 1
                                            },
                                            {
                                                "Worker Number": 2,
                                                "Actual Startup Time": 225.369,
                                                "Actual Total Time": 225.37,
                                                "Actual Rows": 118205,
                                                "Actual Loops": 1
                                            },
                                            {
                                                "Worker Number": 3,
                                                "Actual Startup Time": 225.386,
                                                "Actual Total Time": 225.387,
                                                "Actual Rows": 117737,
                                                "Actual Loops": 1
                                            },
                                            {
                                                "Worker Number": 4,
                                                "Actual Startup Time": 225.391,
                                                "Actual Total Time": 225.392,
                                                "Actual Rows": 117875,
                                                "Actual Loops": 1
                                            },
                                            {
                                                "Worker Number": 5,
                                                "Actual Startup Time": 232.534,
                                                "Actual Total Time": 232.535,
                                                "Actual Rows": 148748,
                                                "Actual Loops": 1
                                            }
                                        ],
                                        "Plans": [
                                            {
                                                "Node Type": "Bitmap Heap Scan",
                                                "Parent Relationship": "Outer",
                                                "Parallel Aware": true,
                                                "Relation Name": "title",
                                                "Schema": "public",
                                                "Alias": "t",
                                                "Startup Cost": 15637.67,
                                                "Total Cost": 54339.39,
                                                "Plan Rows": 216298,
                                                "Plan Width": 4,
                                                "Actual Startup Time": 65.491,
                                                "Actual Total Time": 161.454,
                                                "Actual Rows": 122031,
                                                "Actual Loops": 7,
                                                "Output": [
                                                    "t.id"
                                                ],
                                                "Recheck Cond": "(t.kind_id < 4)",
                                                "Rows Removed by Index Recheck": 0,
                                                "Exact Heap Blocks": 6277,
                                                "Lossy Heap Blocks": 0,
                                                "Workers": [
                                                    {
                                                        "Worker Number": 0,
                                                        "Actual Startup Time": 65.739,
                                                        "Actual Total Time": 161.021,
                                                        "Actual Rows": 116647,
                                                        "Actual Loops": 1
                                                    },
                                                    {
                                                        "Worker Number": 1,
                                                        "Actual Startup Time": 65.523,
                                                        "Actual Total Time": 161.712,
                                                        "Actual Rows": 114245,
                                                        "Actual Loops": 1
                                                    },
                                                    {
                                                        "Worker Number": 2,
                                                        "Actual Startup Time": 65.676,
                                                        "Actual Total Time": 161.082,
                                                        "Actual Rows": 118205,
                                                        "Actual Loops": 1
                                                    },
                                                    {
                                                        "Worker Number": 3,
                                                        "Actual Startup Time": 65.51,
                                                        "Actual Total Time": 161.502,
                                                        "Actual Rows": 117737,
                                                        "Actual Loops": 1
                                                    },
                                                    {
                                                        "Worker Number": 4,
                                                        "Actual Startup Time": 65.411,
                                                        "Actual Total Time": 161.343,
                                                        "Actual Rows": 117875,
                                                        "Actual Loops": 1
                                                    },
                                                    {
                                                        "Worker Number": 5,
                                                        "Actual Startup Time": 65.448,
                                                        "Actual Total Time": 160.992,
                                                        "Actual Rows": 148748,
                                                        "Actual Loops": 1
                                                    }
                                                ],
                                                "Plans": [
                                                    {
                                                        "Node Type": "Bitmap Index Scan",
                                                        "Parent Relationship": "Outer",
                                                        "Parallel Aware": false,
                                                        "Index Name": "kind_id_title",
                                                        "Startup Cost": 0.0,
                                                        "Total Cost": 15421.37,
                                                        "Plan Rows": 865192,
                                                        "Plan Width": 0,
                                                        "Actual Startup Time": 56.088,
                                                        "Actual Total Time": 56.088,
                                                        "Actual Rows": 854214,
                                                        "Actual Loops": 1,
                                                        "Index Cond": "(t.kind_id < 4)"
                                                    }
                                                ]
                                            }
                                        ]
                                    }
                                ]
                            }
                        ]
                    }
                ]
            }
        ]
    },
    "Planning Time": 3.061,
    "Triggers": [],
    "Execution Time": 4188.342
}