[
  {
    "Plan": {
      "Node Type": "Aggregate",
      "Strategy": "Plain",
      "Partial Mode": "Finalize",
      "Parallel Aware": false,
      "Startup Cost": 31273.68,
      "Total Cost": 31273.69,
      "Plan Rows": 1,
      "Plan Width": 8,
      "Actual Startup Time": 83.026,
      "Actual Total Time": 91.282,
      "Actual Rows": 1,
      "Actual Loops": 1,
      "Plans": [
        {
          "Node Type": "Gather",
          "Parent Relationship": "Outer",
          "Parallel Aware": false,
          "Startup Cost": 31273.36,
          "Total Cost": 31273.67,
          "Plan Rows": 3,
          "Plan Width": 8,
          "Actual Startup Time": 82.924,
          "Actual Total Time": 91.273,
          "Actual Rows": 4,
          "Actual Loops": 1,
          "Workers Planned": 3,
          "Workers Launched": 3,
          "Single Copy": false,
          "Plans": [
            {
              "Node Type": "Aggregate",
              "Strategy": "Plain",
              "Partial Mode": "Partial",
              "Parent Relationship": "Outer",
              "Parallel Aware": false,
              "Startup Cost": 30273.36,
              "Total Cost": 30273.37,
              "Plan Rows": 1,
              "Plan Width": 8,
              "Actual Startup Time": 79.725,
              "Actual Total Time": 79.726,
              "Actual Rows": 1,
              "Actual Loops": 4,
              "Plans": [
                {
                  "Node Type": "Seq Scan",
                  "Parent Relationship": "Outer",
                  "Parallel Aware": true,
                  "Relation Name": "movie_companies",
                  "Alias": "mc",
                  "Startup Cost": 0.0,
                  "Total Cost": 29310.68,
                  "Plan Rows": 385073,
                  "Plan Width": 0,
                  "Actual Startup Time": 11.984,
                  "Actual Total Time": 67.576,
                  "Actual Rows": 296077,
                  "Actual Loops": 4,
                  "Filter": "(company_id > 12565)",
                  "Rows Removed by Filter": 356206
                }
              ]
            }
          ]
        }
      ]
    },
    "Planning Time": 0.087,
    "Triggers": [],
    "Execution Time": 91.307
  }
]