[
  {
    "Plan": {
      "Node Type": "Aggregate",
      "Strategy": "Plain",
      "Partial Mode": "Finalize",
      "Parallel Aware": false,
      "Startup Cost": 226319.24,
      "Total Cost": 226319.25,
      "Plan Rows": 1,
      "Plan Width": 8,
      "Actual Startup Time": 151.311,
      "Actual Total Time": 164.549,
      "Actual Rows": 1,
      "Actual Loops": 1,
      "Plans": [
        {
          "Node Type": "Gather",
          "Parent Relationship": "Outer",
          "Parallel Aware": false,
          "Startup Cost": 226318.71,
          "Total Cost": 226319.22,
          "Plan Rows": 5,
          "Plan Width": 8,
          "Actual Startup Time": 150.69,
          "Actual Total Time": 164.538,
          "Actual Rows": 6,
          "Actual Loops": 1,
          "Workers Planned": 5,
          "Workers Launched": 5,
          "Single Copy": false,
          "Plans": [
            {
              "Node Type": "Aggregate",
              "Strategy": "Plain",
              "Partial Mode": "Partial",
              "Parent Relationship": "Outer",
              "Parallel Aware": false,
              "Startup Cost": 225318.71,
              "Total Cost": 225318.72,
              "Plan Rows": 1,
              "Plan Width": 8,
              "Actual Startup Time": 141.476,
              "Actual Total Time": 141.482,
              "Actual Rows": 1,
              "Actual Loops": 6,
              "Plans": [
                {
                  "Node Type": "Hash Join",
                  "Parent Relationship": "Outer",
                  "Parallel Aware": true,
                  "Join Type": "Inner",
                  "Startup Cost": 60806.48,
                  "Total Cost": 225297.94,
                  "Plan Rows": 8309,
                  "Plan Width": 0,
                  "Actual Startup Time": 103.457,
                  "Actual Total Time": 141.306,
                  "Actual Rows": 2260,
                  "Actual Loops": 6,
                  "Inner Unique": true,
                  "Hash Cond": "(mi.movie_id = t.id)",
                  "Plans": [
                    {
                      "Node Type": "Bitmap Heap Scan",
                      "Parent Relationship": "Outer",
                      "Parallel Aware": true,
                      "Relation Name": "movie_info",
                      "Alias": "mi",
                      "Startup Cost": 14929.45,
                      "Total Cost": 178987.3,
                      "Plan Rows": 165188,
                      "Plan Width": 4,
                      "Actual Startup Time": 22.337,
                      "Actual Total Time": 43.16,
                      "Actual Rows": 133690,
                      "Actual Loops": 6,
                      "Recheck Cond": "(info_type_id = 1)",
                      "Rows Removed by Index Recheck": 0,
                      "Exact Heap Blocks": 1228,
                      "Lossy Heap Blocks": 0,
                      "Plans": [
                        {
                          "Node Type": "Bitmap Index Scan",
                          "Parent Relationship": "Outer",
                          "Parallel Aware": false,
                          "Index Name": "info_type_id_movie_info",
                          "Startup Cost": 0.0,
                          "Total Cost": 14722.97,
                          "Plan Rows": 825938,
                          "Plan Width": 0,
                          "Actual Startup Time": 21.592,
                          "Actual Total Time": 21.593,
                          "Actual Rows": 802140,
                          "Actual Loops": 1,
                          "Index Cond": "(info_type_id = 1)"
                        }
                      ]
                    },
                    {
                      "Node Type": "Hash",
                      "Parent Relationship": "Inner",
                      "Parallel Aware": true,
                      "Startup Cost": 45479.59,
                      "Total Cost": 45479.59,
                      "Plan Rows": 31795,
                      "Plan Width": 4,
                      "Actual Startup Time": 79.985,
                      "Actual Total Time": 79.987,
                      "Actual Rows": 5609,
                      "Actual Loops": 6,
                      "Hash Buckets": 131072,
                      "Original Hash Buckets": 131072,
                      "Hash Batches": 1,
                      "Original Hash Batches": 1,
                      "Peak Memory Usage": 2464,
                      "Plans": [
                        {
                          "Node Type": "Seq Scan",
                          "Parent Relationship": "Outer",
                          "Parallel Aware": true,
                          "Relation Name": "title",
                          "Alias": "t",
                          "Startup Cost": 0.0,
                          "Total Cost": 45479.59,
                          "Plan Rows": 31795,
                          "Plan Width": 4,
                          "Actual Startup Time": 0.098,
                          "Actual Total Time": 76.715,
                          "Actual Rows": 5609,
                          "Actual Loops": 6,
                          "Filter": "((production_year < 1958) AND (kind_id = 7))",
                          "Rows Removed by Filter": 415776
                        }
                      ]
                    }
                  ]
                }
              ]
            }
          ]
        }
      ]
    },
    "Planning Time": 0.328,
    "Triggers": [],
    "Execution Time": 164.6
  }
]