{
  "Plan": {
    "Node Type": "Aggregate",
    "Strategy": "Plain",
    "Partial Mode": "Finalize",
    "Parallel Aware": false,
    "Startup Cost": 1472099.83,
    "Total Cost": 1472099.84,
    "Plan Rows": 1,
    "Plan Width": 8,
    "Actual Startup Time": 23082.049,
    "Actual Total Time": 23187.504,
    "Actual Rows": 1,
    "Actual Loops": 1,
    "Plans": [
      {
        "Node Type": "Gather",
        "Parent Relationship": "Outer",
        "Parallel Aware": false,
        "Startup Cost": 1472099.72,
        "Total Cost": 1472099.83,
        "Plan Rows": 1,
        "Plan Width": 8,
        "Actual Startup Time": 23061.24,
        "Actual Total Time": 23187.491,
        "Actual Rows": 2,
        "Actual Loops": 1,
        "Workers Planned": 1,
        "Workers Launched": 1,
        "Single Copy": false,
        "Plans": [
          {
            "Node Type": "Aggregate",
            "Strategy": "Plain",
            "Partial Mode": "Partial",
            "Parent Relationship": "Outer",
            "Parallel Aware": false,
            "Startup Cost": 1471099.72,
            "Total Cost": 1471099.73,
            "Plan Rows": 1,
            "Plan Width": 8,
            "Actual Startup Time": 23035.796,
            "Actual Total Time": 23038.64,
            "Actual Rows": 1,
            "Actual Loops": 2,
            "Plans": [
              {
                "Node Type": "Hash Join",
                "Parent Relationship": "Outer",
                "Parallel Aware": true,
                "Join Type": "Inner",
                "Startup Cost": 424547.52,
                "Total Cost": 1351736.69,
                "Plan Rows": 47745213,
                "Plan Width": 0,
                "Actual Startup Time": 4577.059,
                "Actual Total Time": 20066.122,
                "Actual Rows": 73309808,
                "Actual Loops": 2,
                "Inner Unique": false,
                "Hash Cond": "(ci.movie_id = t.id)",
                "Plans": [
                  {
                    "Node Type": "Seq Scan",
                    "Parent Relationship": "Outer",
                    "Parallel Aware": true,
                    "Relation Name": "cast_info",
                    "Alias": "ci",
                    "Startup Cost": 0.0,
                    "Total Cost": 519069.44,
                    "Plan Rows": 12726553,
                    "Plan Width": 4,
                    "Actual Startup Time": 323.697,
                    "Actual Total Time": 1507.875,
                    "Actual Rows": 10826960,
                    "Actual Loops": 2,
                    "Filter": "(person_id > 1438328)",
                    "Rows Removed by Filter": 7295212
                  },
                  {
                    "Node Type": "Hash",
                    "Parent Relationship": "Inner",
                    "Parallel Aware": true,
                    "Startup Cost": 354803.4,
                    "Total Cost": 354803.4,
                    "Plan Rows": 5579529,
                    "Plan Width": 8,
                    "Actual Startup Time": 4197.669,
                    "Actual Total Time": 4200.51,
                    "Actual Rows": 4782576,
                    "Actual Loops": 2,
                    "Hash Buckets": 16777216,
                    "Original Hash Buckets": 16777216,
                    "Hash Batches": 1,
                    "Original Hash Batches": 1,
                    "Peak Memory Usage": 505280,
                    "Plans": [
                      {
                        "Node Type": "Hash Join",
                        "Parent Relationship": "Outer",
                        "Parallel Aware": true,
                        "Join Type": "Inner",
                        "Startup Cost": 69460.7,
                        "Total Cost": 354803.4,
                        "Plan Rows": 5579529,
                        "Plan Width": 8,
                        "Actual Startup Time": 503.966,
                        "Actual Total Time": 2830.498,
                        "Actual Rows": 4782576,
                        "Actual Loops": 2,
                        "Inner Unique": true,
                        "Hash Cond": "(mi.movie_id = t.id)",
                        "Plans": [
                          {
                            "Node Type": "Seq Scan",
                            "Parent Relationship": "Outer",
                            "Parallel Aware": true,
                            "Relation Name": "movie_info",
                            "Alias": "mi",
                            "Startup Cost": 0.0,
                            "Total Cost": 270696.42,
                            "Plan Rows": 5579529,
                            "Plan Width": 4,
                            "Actual Startup Time": 0.011,
                            "Actual Total Time": 755.737,
                            "Actual Rows": 4782576,
                            "Actual Loops": 2,
                            "Filter": "(info_type_id < 16)",
                            "Rows Removed by Filter": 2635284
                          },
                          {
                            "Node Type": "Hash",
                            "Parent Relationship": "Inner",
                            "Parallel Aware": true,
                            "Startup Cost": 50870.31,
                            "Total Cost": 50870.31,
                            "Plan Rows": 1487231,
                            "Plan Width": 4,
                            "Actual Startup Time": 493.259,
                            "Actual Total Time": 493.26,
                            "Actual Rows": 1264156,
                            "Actual Loops": 2,
                            "Hash Buckets": 4194304,
                            "Original Hash Buckets": 4194304,
                            "Hash Batches": 1,
                            "Original Hash Batches": 1,
                            "Peak Memory Usage": 131680,
                            "Plans": [
                              {
                                "Node Type": "Seq Scan",
                                "Parent Relationship": "Outer",
                                "Parallel Aware": true,
                                "Relation Name": "title",
                                "Alias": "t",
                                "Startup Cost": 0.0,
                                "Total Cost": 50870.31,
                                "Plan Rows": 1487231,
                                "Plan Width": 4,
                                "Actual Startup Time": 0.039,
                                "Actual Total Time": 152.676,
                                "Actual Rows": 1264156,
                                "Actual Loops": 2
                              }
                            ]
                          }
                        ]
                      }
                    ]
                  }
                ]
              }
            ]
          }
        ]
      }
    ]
  },
  "Planning Time": 1.033,
  "Triggers": [],
  "Execution Time": 23187.594
}