[
  {
    "Plan": {
      "Node Type": "Aggregate",
      "Strategy": "Plain",
      "Partial Mode": "Finalize",
      "Parallel Aware": false,
      "Startup Cost": 32935.33,
      "Total Cost": 32935.34,
      "Plan Rows": 1,
      "Plan Width": 8,
      "Actual Startup Time": 90.094,
      "Actual Total Time": 97.806,
      "Actual Rows": 1,
      "Actual Loops": 1,
      "Plans": [
        {
          "Node Type": "Gather",
          "Parent Relationship": "Outer",
          "Parallel Aware": false,
          "Startup Cost": 32935.01,
          "Total Cost": 32935.32,
          "Plan Rows": 3,
          "Plan Width": 8,
          "Actual Startup Time": 89.987,
          "Actual Total Time": 97.799,
          "Actual Rows": 4,
          "Actual Loops": 1,
          "Workers Planned": 3,
          "Workers Launched": 3,
          "Single Copy": false,
          "Plans": [
            {
              "Node Type": "Aggregate",
              "Strategy": "Plain",
              "Partial Mode": "Partial",
              "Parent Relationship": "Outer",
              "Parallel Aware": false,
              "Startup Cost": 31935.01,
              "Total Cost": 31935.02,
              "Plan Rows": 1,
              "Plan Width": 8,
              "Actual Startup Time": 81.544,
              "Actual Total Time": 81.545,
              "Actual Rows": 1,
              "Actual Loops": 4,
              "Plans": [
                {
                  "Node Type": "Seq Scan",
                  "Parent Relationship": "Outer",
                  "Parallel Aware": true,
                  "Relation Name": "movie_companies",
                  "Alias": "mc",
                  "Startup Cost": 0.0,
                  "Total Cost": 31414.82,
                  "Plan Rows": 208076,
                  "Plan Width": 0,
                  "Actual Startup Time": 48.404,
                  "Actual Total Time": 77.467,
                  "Actual Rows": 102543,
                  "Actual Loops": 4,
                  "Filter": "((company_id < 11203) AND (company_type_id > 1))",
                  "Rows Removed by Filter": 549740
                }
              ]
            }
          ]
        }
      ]
    },
    "Planning Time": 0.193,
    "Triggers": [],
    "Execution Time": 97.858
  }
]