[
  {
    "Plan": {
      "Node Type": "Aggregate",
      "Strategy": "Plain",
      "Partial Mode": "Finalize",
      "Parallel Aware": false,
      "Startup Cost": 246955.05,
      "Total Cost": 246955.06,
      "Plan Rows": 1,
      "Plan Width": 8,
      "Actual Startup Time": 443.829,
      "Actual Total Time": 486.567,
      "Actual Rows": 1,
      "Actual Loops": 1,
      "Plans": [
        {
          "Node Type": "Gather",
          "Parent Relationship": "Outer",
          "Parallel Aware": false,
          "Startup Cost": 246954.53,
          "Total Cost": 246955.04,
          "Plan Rows": 5,
          "Plan Width": 8,
          "Actual Startup Time": 443.225,
          "Actual Total Time": 486.549,
          "Actual Rows": 6,
          "Actual Loops": 1,
          "Workers Planned": 5,
          "Workers Launched": 5,
          "Single Copy": false,
          "Plans": [
            {
              "Node Type": "Aggregate",
              "Strategy": "Plain",
              "Partial Mode": "Partial",
              "Parent Relationship": "Outer",
              "Parallel Aware": false,
              "Startup Cost": 245954.53,
              "Total Cost": 245954.54,
              "Plan Rows": 1,
              "Plan Width": 8,
              "Actual Startup Time": 437.019,
              "Actual Total Time": 437.023,
              "Actual Rows": 1,
              "Actual Loops": 6,
              "Plans": [
                {
                  "Node Type": "Hash Join",
                  "Parent Relationship": "Outer",
                  "Parallel Aware": true,
                  "Join Type": "Inner",
                  "Startup Cost": 45666.71,
                  "Total Cost": 245928.51,
                  "Plan Rows": 10407,
                  "Plan Width": 0,
                  "Actual Startup Time": 110.081,
                  "Actual Total Time": 436.048,
                  "Actual Rows": 17467,
                  "Actual Loops": 6,
                  "Inner Unique": true,
                  "Hash Cond": "(mi.movie_id = t.id)",
                  "Plans": [
                    {
                      "Node Type": "Seq Scan",
                      "Parent Relationship": "Outer",
                      "Parallel Aware": true,
                      "Relation Name": "movie_info",
                      "Alias": "mi",
                      "Startup Cost": 0.0,
                      "Total Cost": 199108.24,
                      "Plan Rows": 439450,
                      "Plan Width": 4,
                      "Actual Startup Time": 16.868,
                      "Actual Total Time": 314.151,
                      "Actual Rows": 372308,
                      "Actual Loops": 6,
                      "Filter": "(info_type_id > 16)",
                      "Rows Removed by Filter": 2100312
                    },
                    {
                      "Node Type": "Hash",
                      "Parent Relationship": "Inner",
                      "Parallel Aware": true,
                      "Startup Cost": 45479.59,
                      "Total Cost": 45479.59,
                      "Plan Rows": 14970,
                      "Plan Width": 4,
                      "Actual Startup Time": 81.658,
                      "Actual Total Time": 81.66,
                      "Actual Rows": 10264,
                      "Actual Loops": 6,
                      "Hash Buckets": 65536,
                      "Original Hash Buckets": 65536,
                      "Hash Batches": 1,
                      "Original Hash Batches": 1,
                      "Peak Memory Usage": 3072,
                      "Plans": [
                        {
                          "Node Type": "Seq Scan",
                          "Parent Relationship": "Outer",
                          "Parallel Aware": true,
                          "Relation Name": "title",
                          "Alias": "t",
                          "Startup Cost": 0.0,
                          "Total Cost": 45479.59,
                          "Plan Rows": 14970,
                          "Plan Width": 4,
                          "Actual Startup Time": 38.64,
                          "Actual Total Time": 76.977,
                          "Actual Rows": 10264,
                          "Actual Loops": 6,
                          "Filter": "((production_year > 2011) AND (kind_id = 1))",
                          "Rows Removed by Filter": 411122
                        }
                      ]
                    }
                  ]
                }
              ]
            }
          ]
        }
      ]
    },
    "Planning Time": 0.326,
    "Triggers": [],
    "Execution Time": 486.61
  }
]