[
  {
    "Plan": {
      "Node Type": "Aggregate",
      "Strategy": "Plain",
      "Partial Mode": "Finalize",
      "Parallel Aware": false,
      "Startup Cost": 108615.3,
      "Total Cost": 108615.31,
      "Plan Rows": 1,
      "Plan Width": 8,
      "Actual Startup Time": 401.139,
      "Actual Total Time": 426.325,
      "Actual Rows": 1,
      "Actual Loops": 1,
      "Plans": [
        {
          "Node Type": "Gather",
          "Parent Relationship": "Outer",
          "Parallel Aware": false,
          "Startup Cost": 108614.99,
          "Total Cost": 108615.3,
          "Plan Rows": 3,
          "Plan Width": 8,
          "Actual Startup Time": 399.697,
          "Actual Total Time": 426.314,
          "Actual Rows": 4,
          "Actual Loops": 1,
          "Workers Planned": 3,
          "Workers Launched": 3,
          "Single Copy": false,
          "Plans": [
            {
              "Node Type": "Aggregate",
              "Strategy": "Plain",
              "Partial Mode": "Partial",
              "Parent Relationship": "Outer",
              "Parallel Aware": false,
              "Startup Cost": 107614.99,
              "Total Cost": 107615.0,
              "Plan Rows": 1,
              "Plan Width": 8,
              "Actual Startup Time": 390.561,
              "Actual Total Time": 390.623,
              "Actual Rows": 1,
              "Actual Loops": 4,
              "Plans": [
                {
                  "Node Type": "Nested Loop",
                  "Parent Relationship": "Outer",
                  "Parallel Aware": false,
                  "Join Type": "Inner",
                  "Startup Cost": 46269.11,
                  "Total Cost": 107550.48,
                  "Plan Rows": 25804,
                  "Plan Width": 0,
                  "Actual Startup Time": 176.289,
                  "Actual Total Time": 379.445,
                  "Actual Rows": 283662,
                  "Actual Loops": 4,
                  "Inner Unique": false,
                  "Join Filter": "(t.id = mk.movie_id)",
                  "Rows Removed by Join Filter": 0,
                  "Plans": [
                    {
                      "Node Type": "Hash Join",
                      "Parent Relationship": "Outer",
                      "Parallel Aware": true,
                      "Join Type": "Inner",
                      "Startup Cost": 46268.67,
                      "Total Cost": 75958.15,
                      "Plan Rows": 14421,
                      "Plan Width": 8,
                      "Actual Startup Time": 176.191,
                      "Actual Total Time": 224.05,
                      "Actual Rows": 37146,
                      "Actual Loops": 4,
                      "Inner Unique": true,
                      "Hash Cond": "(mc.movie_id = t.id)",
                      "Plans": [
                        {
                          "Node Type": "Seq Scan",
                          "Parent Relationship": "Outer",
                          "Parallel Aware": true,
                          "Relation Name": "movie_companies",
                          "Alias": "mc",
                          "Startup Cost": 0.0,
                          "Total Cost": 29310.68,
                          "Plan Rows": 144304,
                          "Plan Width": 4,
                          "Actual Startup Time": 30.037,
                          "Actual Total Time": 58.716,
                          "Actual Rows": 113404,
                          "Actual Loops": 4,
                          "Filter": "(company_id > 76946)",
                          "Rows Removed by Filter": 538879
                        },
                        {
                          "Node Type": "Hash",
                          "Parent Relationship": "Inner",
                          "Parallel Aware": true,
                          "Startup Cost": 45479.1,
                          "Total Cost": 45479.1,
                          "Plan Rows": 63166,
                          "Plan Width": 4,
                          "Actual Startup Time": 129.811,
                          "Actual Total Time": 129.812,
                          "Actual Rows": 91654,
                          "Actual Loops": 4,
                          "Hash Buckets": 524288,
                          "Original Hash Buckets": 262144,
                          "Hash Batches": 1,
                          "Original Hash Batches": 1,
                          "Peak Memory Usage": 20544,
                          "Plans": [
                            {
                              "Node Type": "Seq Scan",
                              "Parent Relationship": "Outer",
                              "Parallel Aware": true,
                              "Relation Name": "title",
                              "Alias": "t",
                              "Startup Cost": 0.0,
                              "Total Cost": 45479.1,
                              "Plan Rows": 63166,
                              "Plan Width": 4,
                              "Actual Startup Time": 58.801,
                              "Actual Total Time": 98.543,
                              "Actual Rows": 91654,
                              "Actual Loops": 4,
                              "Filter": "((production_year < 1999) AND (kind_id = 1))",
                              "Rows Removed by Filter": 540424
                            }
                          ]
                        }
                      ]
                    },
                    {
                      "Node Type": "Index Only Scan",
                      "Parent Relationship": "Inner",
                      "Parallel Aware": false,
                      "Scan Direction": "Forward",
                      "Index Name": "movie_id_movie_keyword",
                      "Relation Name": "movie_keyword",
                      "Alias": "mk",
                      "Startup Cost": 0.43,
                      "Total Cost": 1.63,
                      "Plan Rows": 45,
                      "Plan Width": 4,
                      "Actual Startup Time": 0.002,
                      "Actual Total Time": 0.003,
                      "Actual Rows": 8,
                      "Actual Loops": 148586,
                      "Index Cond": "(movie_id = mc.movie_id)",
                      "Rows Removed by Index Recheck": 0,
                      "Heap Fetches": 1134650
                    }
                  ]
                }
              ]
            }
          ]
        }
      ]
    },
    "Planning Time": 1.464,
    "Triggers": [],
    "Execution Time": 426.411
  }
]