[
    {
        "Bao": {
            "Bao prediction": "NaN",
            "Bao recommended hint": "(no hint)"
        }
    },
    {
        "Plan": {
            "Node Type": "Aggregate",
            "Strategy": "Plain",
            "Partial Mode": "Finalize",
            "Parallel Aware": false,
            "Startup Cost": 34477.73,
            "Total Cost": 34477.74,
            "Plan Rows": 1,
            "Plan Width": 8,
            "Actual Startup Time": 91.066,
            "Actual Total Time": 95.501,
            "Actual Rows": 1,
            "Actual Loops": 1,
            "Output": [
                "count(*)"
            ],
            "Plans": [
                {
                    "Node Type": "Gather",
                    "Parent Relationship": "Outer",
                    "Parallel Aware": false,
                    "Startup Cost": 34477.41,
                    "Total Cost": 34477.72,
                    "Plan Rows": 3,
                    "Plan Width": 8,
                    "Actual Startup Time": 90.884,
                    "Actual Total Time": 95.494,
                    "Actual Rows": 4,
                    "Actual Loops": 1,
                    "Output": [
                        "(PARTIAL count(*))"
                    ],
                    "Workers Planned": 3,
                    "Workers Launched": 3,
                    "Single Copy": false,
                    "Plans": [
                        {
                            "Node Type": "Aggregate",
                            "Strategy": "Plain",
                            "Partial Mode": "Partial",
                            "Parent Relationship": "Outer",
                            "Parallel Aware": false,
                            "Startup Cost": 33477.41,
                            "Total Cost": 33477.42,
                            "Plan Rows": 1,
                            "Plan Width": 8,
                            "Actual Startup Time": 82.403,
                            "Actual Total Time": 82.405,
                            "Actual Rows": 1,
                            "Actual Loops": 4,
                            "Output": [
                                "PARTIAL count(*)"
                            ],
                            "Workers": [
                                {
                                    "Worker Number": 0,
                                    "Actual Startup Time": 79.429,
                                    "Actual Total Time": 79.431,
                                    "Actual Rows": 1,
                                    "Actual Loops": 1
                                },
                                {
                                    "Worker Number": 1,
                                    "Actual Startup Time": 79.661,
                                    "Actual Total Time": 79.663,
                                    "Actual Rows": 1,
                                    "Actual Loops": 1
                                },
                                {
                                    "Worker Number": 2,
                                    "Actual Startup Time": 79.916,
                                    "Actual Total Time": 79.917,
                                    "Actual Rows": 1,
                                    "Actual Loops": 1
                                }
                            ],
                            "Plans": [
                                {
                                    "Node Type": "Bitmap Heap Scan",
                                    "Parent Relationship": "Outer",
                                    "Parallel Aware": true,
                                    "Relation Name": "movie_keyword",
                                    "Schema": "public",
                                    "Alias": "mk",
                                    "Startup Cost": 7347.96,
                                    "Total Cost": 33198.17,
                                    "Plan Rows": 111697,
                                    "Plan Width": 0,
                                    "Actual Startup Time": 20.98,
                                    "Actual Total Time": 77.134,
                                    "Actual Rows": 86130,
                                    "Actual Loops": 4,
                                    "Recheck Cond": "(mk.keyword_id > 48289)",
                                    "Rows Removed by Index Recheck": 0,
                                    "Exact Heap Blocks": 11010,
                                    "Lossy Heap Blocks": 0,
                                    "Workers": [
                                        {
                                            "Worker Number": 0,
                                            "Actual Startup Time": 18.208,
                                            "Actual Total Time": 74.901,
                                            "Actual Rows": 60750,
                                            "Actual Loops": 1
                                        },
                                        {
                                            "Worker Number": 1,
                                            "Actual Startup Time": 18.212,
                                            "Actual Total Time": 75.011,
                                            "Actual Rows": 57393,
                                            "Actual Loops": 1
                                        },
                                        {
                                            "Worker Number": 2,
                                            "Actual Startup Time": 18.64,
                                            "Actual Total Time": 75.391,
                                            "Actual Rows": 55248,
                                            "Actual Loops": 1
                                        }
                                    ],
                                    "Plans": [
                                        {
                                            "Node Type": "Bitmap Index Scan",
                                            "Parent Relationship": "Outer",
                                            "Parallel Aware": false,
                                            "Index Name": "keyword_id_movie_keyword",
                                            "Startup Cost": 0.0,
                                            "Total Cost": 7261.39,
                                            "Plan Rows": 346261,
                                            "Plan Width": 0,
                                            "Actual Startup Time": 25.653,
                                            "Actual Total Time": 25.654,
                                            "Actual Rows": 344519,
                                            "Actual Loops": 1,
                                            "Index Cond": "(mk.keyword_id > 48289)"
                                        }
                                    ]
                                }
                            ]
                        }
                    ]
                }
            ]
        },
        "Planning Time": 204.077,
        "Triggers": [],
        "Execution Time": 95.565
    }
]