[
  {
    "Plan": {
      "Node Type": "Aggregate",
      "Strategy": "Plain",
      "Partial Mode": "Finalize",
      "Parallel Aware": false,
      "Startup Cost": 437827.19,
      "Total Cost": 437827.2,
      "Plan Rows": 1,
      "Plan Width": 8,
      "Actual Startup Time": 2614.678,
      "Actual Total Time": 2681.063,
      "Actual Rows": 1,
      "Actual Loops": 1,
      "Plans": [
        {
          "Node Type": "Gather",
          "Parent Relationship": "Outer",
          "Parallel Aware": false,
          "Startup Cost": 437826.57,
          "Total Cost": 437827.18,
          "Plan Rows": 6,
          "Plan Width": 8,
          "Actual Startup Time": 2587.444,
          "Actual Total Time": 2681.05,
          "Actual Rows": 7,
          "Actual Loops": 1,
          "Workers Planned": 6,
          "Workers Launched": 6,
          "Single Copy": false,
          "Plans": [
            {
              "Node Type": "Aggregate",
              "Strategy": "Plain",
              "Partial Mode": "Partial",
              "Parent Relationship": "Outer",
              "Parallel Aware": false,
              "Startup Cost": 436826.57,
              "Total Cost": 436826.58,
              "Plan Rows": 1,
              "Plan Width": 8,
              "Actual Startup Time": 2576.542,
              "Actual Total Time": 2576.987,
              "Actual Rows": 1,
              "Actual Loops": 7,
              "Plans": [
                {
                  "Node Type": "Hash Join",
                  "Parent Relationship": "Outer",
                  "Parallel Aware": true,
                  "Join Type": "Inner",
                  "Startup Cost": 93218.3,
                  "Total Cost": 434554.61,
                  "Plan Rows": 908785,
                  "Plan Width": 0,
                  "Actual Startup Time": 751.944,
                  "Actual Total Time": 2209.614,
                  "Actual Rows": 8962864,
                  "Actual Loops": 7,
                  "Inner Unique": false,
                  "Hash Cond": "(ci.movie_id = t.id)",
                  "Plans": [
                    {
                      "Node Type": "Seq Scan",
                      "Parent Relationship": "Outer",
                      "Parallel Aware": true,
                      "Relation Name": "cast_info",
                      "Alias": "ci",
                      "Startup Cost": 0.0,
                      "Total Cost": 328162.03,
                      "Plan Rows": 2731391,
                      "Plan Width": 4,
                      "Actual Startup Time": 311.035,
                      "Actual Total Time": 621.871,
                      "Actual Rows": 2303098,
                      "Actual Loops": 7,
                      "Filter": "(role_id > 2)",
                      "Rows Removed by Filter": 2874666
                    },
                    {
                      "Node Type": "Hash",
                      "Parent Relationship": "Inner",
                      "Parallel Aware": true,
                      "Startup Cost": 89826.33,
                      "Total Cost": 89826.33,
                      "Plan Rows": 271358,
                      "Plan Width": 8,
                      "Actual Startup Time": 437.504,
                      "Actual Total Time": 437.948,
                      "Actual Rows": 356940,
                      "Actual Loops": 7,
                      "Hash Buckets": 4194304,
                      "Original Hash Buckets": 1048576,
                      "Hash Batches": 1,
                      "Original Hash Batches": 1,
                      "Peak Memory Usage": 155200,
                      "Plans": [
                        {
                          "Node Type": "Hash Join",
                          "Parent Relationship": "Outer",
                          "Parallel Aware": true,
                          "Join Type": "Inner",
                          "Startup Cost": 46948.25,
                          "Total Cost": 89826.33,
                          "Plan Rows": 271358,
                          "Plan Width": 8,
                          "Actual Startup Time": 136.482,
                          "Actual Total Time": 271.898,
                          "Actual Rows": 356940,
                          "Actual Loops": 7,
                          "Inner Unique": true,
                          "Hash Cond": "(mk.movie_id = t.id)",
                          "Plans": [
                            {
                              "Node Type": "Seq Scan",
                              "Parent Relationship": "Outer",
                              "Parallel Aware": true,
                              "Relation Name": "movie_keyword",
                              "Alias": "mk",
                              "Startup Cost": 0.0,
                              "Total Cost": 39047.32,
                              "Plan Rows": 1459332,
                              "Plan Width": 4,
                              "Actual Startup Time": 0.025,
                              "Actual Total Time": 60.701,
                              "Actual Rows": 646276,
                              "Actual Loops": 7
                            },
                            {
                              "Node Type": "Hash",
                              "Parent Relationship": "Inner",
                              "Parallel Aware": true,
                              "Startup Cost": 45479.1,
                              "Total Cost": 45479.1,
                              "Plan Rows": 117532,
                              "Plan Width": 4,
                              "Actual Startup Time": 111.387,
                              "Actual Total Time": 111.388,
                              "Actual Rows": 70861,
                              "Actual Loops": 7,
                              "Hash Buckets": 524288,
                              "Original Hash Buckets": 524288,
                              "Hash Batches": 1,
                              "Original Hash Batches": 1,
                              "Peak Memory Usage": 23616,
                              "Plans": [
                                {
                                  "Node Type": "Seq Scan",
                                  "Parent Relationship": "Outer",
                                  "Parallel Aware": true,
                                  "Relation Name": "title",
                                  "Alias": "t",
                                  "Startup Cost": 0.0,
                                  "Total Cost": 45479.1,
                                  "Plan Rows": 117532,
                                  "Plan Width": 4,
                                  "Actual Startup Time": 52.819,
                                  "Actual Total Time": 82.165,
                                  "Actual Rows": 70861,
                                  "Actual Loops": 7,
                                  "Filter": "((production_year < 2009) AND (kind_id = 1))",
                                  "Rows Removed by Filter": 290327
                                }
                              ]
                            }
                          ]
                        }
                      ]
                    }
                  ]
                }
              ]
            }
          ]
        }
      ]
    },
    "Planning Time": 1.311,
    "Triggers": [],
    "Execution Time": 2681.151
  }
]