[
  {
    "Plan": {
      "Node Type": "Aggregate",
      "Strategy": "Plain",
      "Partial Mode": "Finalize",
      "Parallel Aware": false,
      "Startup Cost": 31739.38,
      "Total Cost": 31739.39,
      "Plan Rows": 1,
      "Plan Width": 8,
      "Actual Startup Time": 132.8,
      "Actual Total Time": 140.811,
      "Actual Rows": 1,
      "Actual Loops": 1,
      "Plans": [
        {
          "Node Type": "Gather",
          "Parent Relationship": "Outer",
          "Parallel Aware": false,
          "Startup Cost": 31739.06,
          "Total Cost": 31739.37,
          "Plan Rows": 3,
          "Plan Width": 8,
          "Actual Startup Time": 132.649,
          "Actual Total Time": 140.801,
          "Actual Rows": 4,
          "Actual Loops": 1,
          "Workers Planned": 3,
          "Workers Launched": 3,
          "Single Copy": false,
          "Plans": [
            {
              "Node Type": "Aggregate",
              "Strategy": "Plain",
              "Partial Mode": "Partial",
              "Parent Relationship": "Outer",
              "Parallel Aware": false,
              "Startup Cost": 30739.06,
              "Total Cost": 30739.07,
              "Plan Rows": 1,
              "Plan Width": 8,
              "Actual Startup Time": 124.894,
              "Actual Total Time": 124.895,
              "Actual Rows": 1,
              "Actual Loops": 4,
              "Plans": [
                {
                  "Node Type": "Seq Scan",
                  "Parent Relationship": "Outer",
                  "Parallel Aware": true,
                  "Relation Name": "movie_companies",
                  "Alias": "mc",
                  "Startup Cost": 0.0,
                  "Total Cost": 29310.68,
                  "Plan Rows": 571353,
                  "Plan Width": 0,
                  "Actual Startup Time": 0.044,
                  "Actual Total Time": 96.909,
                  "Actual Rows": 439620,
                  "Actual Loops": 4,
                  "Filter": "(company_id < 25154)",
                  "Rows Removed by Filter": 212662
                }
              ]
            }
          ]
        }
      ]
    },
    "Planning Time": 0.138,
    "Triggers": [],
    "Execution Time": 140.851
  }
]