[
  {
    "Plan": {
      "Node Type": "Aggregate",
      "Strategy": "Plain",
      "Partial Mode": "Finalize",
      "Parallel Aware": false,
      "Startup Cost": 68755.96,
      "Total Cost": 68755.97,
      "Plan Rows": 1,
      "Plan Width": 8,
      "Actual Startup Time": 241.949,
      "Actual Total Time": 257.14,
      "Actual Rows": 1,
      "Actual Loops": 1,
      "Plans": [
        {
          "Node Type": "Gather",
          "Parent Relationship": "Outer",
          "Parallel Aware": false,
          "Startup Cost": 68755.54,
          "Total Cost": 68755.95,
          "Plan Rows": 4,
          "Plan Width": 8,
          "Actual Startup Time": 240.824,
          "Actual Total Time": 257.127,
          "Actual Rows": 5,
          "Actual Loops": 1,
          "Workers Planned": 4,
          "Workers Launched": 4,
          "Single Copy": false,
          "Plans": [
            {
              "Node Type": "Aggregate",
              "Strategy": "Plain",
              "Partial Mode": "Partial",
              "Parent Relationship": "Outer",
              "Parallel Aware": false,
              "Startup Cost": 67755.54,
              "Total Cost": 67755.55,
              "Plan Rows": 1,
              "Plan Width": 8,
              "Actual Startup Time": 231.039,
              "Actual Total Time": 231.083,
              "Actual Rows": 1,
              "Actual Loops": 5,
              "Plans": [
                {
                  "Node Type": "Hash Join",
                  "Parent Relationship": "Outer",
                  "Parallel Aware": true,
                  "Join Type": "Inner",
                  "Startup Cost": 22189.55,
                  "Total Cost": 67717.6,
                  "Plan Rows": 15176,
                  "Plan Width": 0,
                  "Actual Startup Time": 169.531,
                  "Actual Total Time": 229.602,
                  "Actual Rows": 22978,
                  "Actual Loops": 5,
                  "Inner Unique": false,
                  "Hash Cond": "(t.id = mc.movie_id)",
                  "Plans": [
                    {
                      "Node Type": "Seq Scan",
                      "Parent Relationship": "Outer",
                      "Parallel Aware": true,
                      "Relation Name": "title",
                      "Alias": "t",
                      "Startup Cost": 0.0,
                      "Total Cost": 42318.73,
                      "Plan Rows": 632073,
                      "Plan Width": 4,
                      "Actual Startup Time": 0.015,
                      "Actual Total Time": 83.7,
                      "Actual Rows": 505662,
                      "Actual Loops": 5
                    },
                    {
                      "Node Type": "Hash",
                      "Parent Relationship": "Inner",
                      "Parallel Aware": true,
                      "Startup Cost": 21944.77,
                      "Total Cost": 21944.77,
                      "Plan Rows": 19582,
                      "Plan Width": 4,
                      "Actual Startup Time": 47.154,
                      "Actual Total Time": 47.156,
                      "Actual Rows": 22978,
                      "Actual Loops": 5,
                      "Hash Buckets": 131072,
                      "Original Hash Buckets": 65536,
                      "Hash Batches": 1,
                      "Original Hash Batches": 1,
                      "Peak Memory Usage": 6112,
                      "Plans": [
                        {
                          "Node Type": "Bitmap Heap Scan",
                          "Parent Relationship": "Outer",
                          "Parallel Aware": true,
                          "Relation Name": "movie_companies",
                          "Alias": "mc",
                          "Startup Cost": 2576.28,
                          "Total Cost": 21944.77,
                          "Plan Rows": 19582,
                          "Plan Width": 4,
                          "Actual Startup Time": 10.949,
                          "Actual Total Time": 31.982,
                          "Actual Rows": 22978,
                          "Actual Loops": 5,
                          "Recheck Cond": "(company_id > 149146)",
                          "Rows Removed by Index Recheck": 0,
                          "Filter": "(company_type_id = 2)",
                          "Rows Removed by Filter": 0,
                          "Exact Heap Blocks": 1263,
                          "Lossy Heap Blocks": 0,
                          "Plans": [
                            {
                              "Node Type": "Bitmap Index Scan",
                              "Parent Relationship": "Outer",
                              "Parallel Aware": false,
                              "Index Name": "company_id_movie_companies",
                              "Startup Cost": 0.0,
                              "Total Cost": 2561.1,
                              "Plan Rows": 119556,
                              "Plan Width": 0,
                              "Actual Startup Time": 15.432,
                              "Actual Total Time": 15.432,
                              "Actual Rows": 114890,
                              "Actual Loops": 1,
                              "Index Cond": "(company_id > 149146)"
                            }
                          ]
                        }
                      ]
                    }
                  ]
                }
              ]
            }
          ]
        }
      ]
    },
    "Planning Time": 0.678,
    "Triggers": [],
    "Execution Time": 257.254
  }
]