[
  {
    "Plan": {
      "Node Type": "Aggregate",
      "Strategy": "Plain",
      "Partial Mode": "Finalize",
      "Parallel Aware": false,
      "Startup Cost": 330669.02,
      "Total Cost": 330669.03,
      "Plan Rows": 1,
      "Plan Width": 8,
      "Actual Startup Time": 588.661,
      "Actual Total Time": 631.353,
      "Actual Rows": 1,
      "Actual Loops": 1,
      "Plans": [
        {
          "Node Type": "Gather",
          "Parent Relationship": "Outer",
          "Parallel Aware": false,
          "Startup Cost": 330668.39,
          "Total Cost": 330669.0,
          "Plan Rows": 6,
          "Plan Width": 8,
          "Actual Startup Time": 588.482,
          "Actual Total Time": 631.34,
          "Actual Rows": 7,
          "Actual Loops": 1,
          "Workers Planned": 6,
          "Workers Launched": 6,
          "Single Copy": false,
          "Plans": [
            {
              "Node Type": "Aggregate",
              "Strategy": "Plain",
              "Partial Mode": "Partial",
              "Parent Relationship": "Outer",
              "Parallel Aware": false,
              "Startup Cost": 329668.39,
              "Total Cost": 329668.4,
              "Plan Rows": 1,
              "Plan Width": 8,
              "Actual Startup Time": 578.599,
              "Actual Total Time": 578.6,
              "Actual Rows": 1,
              "Actual Loops": 7,
              "Plans": [
                {
                  "Node Type": "Seq Scan",
                  "Parent Relationship": "Outer",
                  "Parallel Aware": true,
                  "Relation Name": "cast_info",
                  "Alias": "ci",
                  "Startup Cost": 0.0,
                  "Total Cost": 328211.39,
                  "Plan Rows": 582800,
                  "Plan Width": 0,
                  "Actual Startup Time": 0.061,
                  "Actual Total Time": 549.768,
                  "Actual Rows": 518100,
                  "Actual Loops": 7,
                  "Filter": "(person_id < 347491)",
                  "Rows Removed by Filter": 4659664
                }
              ]
            }
          ]
        }
      ]
    },
    "Planning Time": 0.213,
    "Triggers": [],
    "Execution Time": 631.425
  }
]