{
  "Plan": {
    "Node Type": "Aggregate",
    "Strategy": "Plain",
    "Partial Mode": "Finalize",
    "Parallel Aware": false,
    "Startup Cost": 76764.66,
    "Total Cost": 76764.67,
    "Plan Rows": 1,
    "Plan Width": 8,
    "Actual Startup Time": 151.175,
    "Actual Total Time": 165.838,
    "Actual Rows": 1,
    "Actual Loops": 1,
    "Plans": [
      {
        "Node Type": "Gather",
        "Parent Relationship": "Outer",
        "Parallel Aware": false,
        "Startup Cost": 76764.55,
        "Total Cost": 76764.66,
        "Plan Rows": 1,
        "Plan Width": 8,
        "Actual Startup Time": 151.042,
        "Actual Total Time": 165.831,
        "Actual Rows": 2,
        "Actual Loops": 1,
        "Workers Planned": 1,
        "Workers Launched": 1,
        "Single Copy": false,
        "Plans": [
          {
            "Node Type": "Aggregate",
            "Strategy": "Plain",
            "Partial Mode": "Partial",
            "Parent Relationship": "Outer",
            "Parallel Aware": false,
            "Startup Cost": 75764.55,
            "Total Cost": 75764.56,
            "Plan Rows": 1,
            "Plan Width": 8,
            "Actual Startup Time": 145.177,
            "Actual Total Time": 145.179,
            "Actual Rows": 1,
            "Actual Loops": 2,
            "Plans": [
              {
                "Node Type": "Nested Loop",
                "Parent Relationship": "Outer",
                "Parallel Aware": false,
                "Join Type": "Inner",
                "Startup Cost": 0.43,
                "Total Cost": 75763.81,
                "Plan Rows": 296,
                "Plan Width": 0,
                "Actual Startup Time": 92.143,
                "Actual Total Time": 145.134,
                "Actual Rows": 287,
                "Actual Loops": 2,
                "Inner Unique": false,
                "Plans": [
                  {
                    "Node Type": "Seq Scan",
                    "Parent Relationship": "Outer",
                    "Parallel Aware": true,
                    "Relation Name": "title",
                    "Alias": "t",
                    "Startup Cost": 0.0,
                    "Total Cost": 54588.39,
                    "Plan Rows": 2429,
                    "Plan Width": 4,
                    "Actual Startup Time": 91.952,
                    "Actual Total Time": 132.699,
                    "Actual Rows": 1890,
                    "Actual Loops": 2,
                    "Filter": "(production_year = 1918)",
                    "Rows Removed by Filter": 1262266
                  },
                  {
                    "Node Type": "Index Scan",
                    "Parent Relationship": "Inner",
                    "Parallel Aware": false,
                    "Scan Direction": "Forward",
                    "Index Name": "movie_id_movie_keyword",
                    "Relation Name": "movie_keyword",
                    "Alias": "mk",
                    "Startup Cost": 0.43,
                    "Total Cost": 8.69,
                    "Plan Rows": 3,
                    "Plan Width": 4,
                    "Actual Startup Time": 0.006,
                    "Actual Total Time": 0.006,
                    "Actual Rows": 0,
                    "Actual Loops": 3781,
                    "Index Cond": "(movie_id = t.id)",
                    "Rows Removed by Index Recheck": 0,
                    "Filter": "(keyword_id < 263)",
                    "Rows Removed by Filter": 1
                  }
                ]
              }
            ]
          }
        ]
      }
    ]
  },
  "Planning Time": 0.59,
  "Triggers": [],
  "Execution Time": 165.907
}