{
    "Plan": {
        "Node Type": "Aggregate",
        "Strategy": "Plain",
        "Partial Mode": "Simple",
        "Parallel Aware": false,
        "Startup Cost": 30000360865.84,
        "Total Cost": 30000360865.85,
        "Plan Rows": 1,
        "Plan Width": 64,
        "Actual Startup Time": 1447.65,
        "Actual Total Time": 1447.788,
        "Actual Rows": 1,
        "Actual Loops": 1,
        "Output": [
            "min(mi_idx.info)",
            "min(t.title)"
        ],
        "Plans": [
            {
                "Node Type": "Nested Loop",
                "Parent Relationship": "Outer",
                "Parallel Aware": false,
                "Join Type": "Inner",
                "Startup Cost": 30000358261.16,
                "Total Cost": 30000360865.83,
                "Plan Rows": 1,
                "Plan Width": 22,
                "Actual Startup Time": 1447.629,
                "Actual Total Time": 1447.779,
                "Actual Rows": 1,
                "Actual Loops": 1,
                "Output": [
                    "mi_idx.info",
                    "t.title"
                ],
                "Inner Unique": true,
                "Plans": [
                    {
                        "Node Type": "Nested Loop",
                        "Parent Relationship": "Outer",
                        "Parallel Aware": false,
                        "Join Type": "Inner",
                        "Startup Cost": 20000358261.01,
                        "Total Cost": 20000360857.65,
                        "Plan Rows": 1,
                        "Plan Width": 26,
                        "Actual Startup Time": 1447.622,
                        "Actual Total Time": 1447.766,
                        "Actual Rows": 2,
                        "Actual Loops": 1,
                        "Output": [
                            "mi_idx.info",
                            "mi_idx.info_type_id",
                            "t.title"
                        ],
                        "Inner Unique": true,
                        "Plans": [
                            {
                                "Node Type": "Merge Join",
                                "Parent Relationship": "Outer",
                                "Parallel Aware": false,
                                "Join Type": "Inner",
                                "Startup Cost": 10000358260.86,
                                "Total Cost": 10000360849.47,
                                "Plan Rows": 1,
                                "Plan Width": 30,
                                "Actual Startup Time": 1447.589,
                                "Actual Total Time": 1447.729,
                                "Actual Rows": 2,
                                "Actual Loops": 1,
                                "Output": [
                                    "mi.info_type_id",
                                    "mi_idx.info",
                                    "mi_idx.info_type_id",
                                    "t.title"
                                ],
                                "Inner Unique": false,
                                "Merge Cond": "(t.id = mi_idx.movie_id)",
                                "Plans": [
                                    {
                                        "Node Type": "Sort",
                                        "Parent Relationship": "Outer",
                                        "Parallel Aware": false,
                                        "Startup Cost": 10000283939.31,
                                        "Total Cost": 10000283939.31,
                                        "Plan Rows": 1,
                                        "Plan Width": 33,
                                        "Actual Startup Time": 1215.93,
                                        "Actual Total Time": 1216.067,
                                        "Actual Rows": 1,
                                        "Actual Loops": 1,
                                        "Output": [
                                            "mk.movie_id",
                                            "mi.movie_id",
                                            "mi.info_type_id",
                                            "t.title",
                                            "t.id"
                                        ],
                                        "Sort Key": [
                                            "mk.movie_id"
                                        ],
                                        "Sort Method": "quicksort",
                                        "Sort Space Used": 25,
                                        "Sort Space Type": "Memory",
                                        "Plans": [
                                            {
                                                "Node Type": "Hash Join",
                                                "Parent Relationship": "Outer",
                                                "Parallel Aware": false,
                                                "Join Type": "Inner",
                                                "Startup Cost": 10000283938.2,
                                                "Total Cost": 10000283939.3,
                                                "Plan Rows": 1,
                                                "Plan Width": 33,
                                                "Actual Startup Time": 1215.917,
                                                "Actual Total Time": 1216.056,
                                                "Actual Rows": 1,
                                                "Actual Loops": 1,
                                                "Output": [
                                                    "mk.movie_id",
                                                    "mi.movie_id",
                                                    "mi.info_type_id",
                                                    "t.title",
                                                    "t.id"
                                                ],
                                                "Inner Unique": false,
                                                "Hash Cond": "(kt.id = t.kind_id)",
                                                "Plans": [
                                                    {
                                                        "Node Type": "Seq Scan",
                                                        "Parent Relationship": "Outer",
                                                        "Parallel Aware": false,
                                                        "Relation Name": "kind_type",
                                                        "Schema": "public",
                                                        "Alias": "kt",
                                                        "Startup Cost": 0.0,
                                                        "Total Cost": 1.09,
                                                        "Plan Rows": 1,
                                                        "Plan Width": 4,
                                                        "Actual Startup Time": 0.024,
                                                        "Actual Total Time": 0.027,
                                                        "Actual Rows": 1,
                                                        "Actual Loops": 1,
                                                        "Output": [
                                                            "kt.id",
                                                            "kt.kind"
                                                        ],
                                                        "Filter": "((kt.kind)::text = 'episode'::text)",
                                                        "Rows Removed by Filter": 6
                                                    },
                                                    {
                                                        "Node Type": "Hash",
                                                        "Parent Relationship": "Inner",
                                                        "Parallel Aware": false,
                                                        "Startup Cost": 10000283938.19,
                                                        "Total Cost": 10000283938.19,
                                                        "Plan Rows": 1,
                                                        "Plan Width": 37,
                                                        "Actual Startup Time": 1215.878,
                                                        "Actual Total Time": 1216.011,
                                                        "Actual Rows": 1,
                                                        "Actual Loops": 1,
                                                        "Output": [
                                                            "mk.movie_id",
                                                            "mi.movie_id",
                                                            "mi.info_type_id",
                                                            "t.title",
                                                            "t.kind_id",
                                                            "t.id"
                                                        ],
                                                        "Hash Buckets": 1024,
                                                        "Original Hash Buckets": 1024,
                                                        "Hash Batches": 1,
                                                        "Original Hash Batches": 1,
                                                        "Peak Memory Usage": 9,
                                                        "Plans": [
                                                            {
                                                                "Node Type": "Gather Merge",
                                                                "Parent Relationship": "Outer",
                                                                "Parallel Aware": false,
                                                                "Startup Cost": 10000276031.14,
                                                                "Total Cost": 10000283938.19,
                                                                "Plan Rows": 1,
                                                                "Plan Width": 37,
                                                                "Actual Startup Time": 1023.658,
                                                                "Actual Total Time": 1215.993,
                                                                "Actual Rows": 1,
                                                                "Actual Loops": 1,
                                                                "Output": [
                                                                    "mk.movie_id",
                                                                    "mi.movie_id",
                                                                    "mi.info_type_id",
                                                                    "t.title",
                                                                    "t.kind_id",
                                                                    "t.id"
                                                                ],
                                                                "Workers Planned": 3,
                                                                "Workers Launched": 3,
                                                                "Plans": [
                                                                    {
                                                                        "Node Type": "Nested Loop",
                                                                        "Parent Relationship": "Outer",
                                                                        "Parallel Aware": false,
                                                                        "Join Type": "Inner",
                                                                        "Startup Cost": 10000275031.1,
                                                                        "Total Cost": 10000282938.03,
                                                                        "Plan Rows": 1,
                                                                        "Plan Width": 37,
                                                                        "Actual Startup Time": 940.815,
                                                                        "Actual Total Time": 988.87,
                                                                        "Actual Rows": 0,
                                                                        "Actual Loops": 4,
                                                                        "Output": [
                                                                            "mk.movie_id",
                                                                            "mi.movie_id",
                                                                            "mi.info_type_id",
                                                                            "t.title",
                                                                            "t.kind_id",
                                                                            "t.id"
                                                                        ],
                                                                        "Inner Unique": true,
                                                                        "Workers": [
                                                                            {
                                                                                "Worker Number": 0,
                                                                                "Actual Startup Time": 1000.211,
                                                                                "Actual Total Time": 1000.215,
                                                                                "Actual Rows": 0,
                                                                                "Actual Loops": 1
                                                                            },
                                                                            {
                                                                                "Worker Number": 1,
                                                                                "Actual Startup Time": 1010.438,
                                                                                "Actual Total Time": 1010.441,
                                                                                "Actual Rows": 0,
                                                                                "Actual Loops": 1
                                                                            },
                                                                            {
                                                                                "Worker Number": 2,
                                                                                "Actual Startup Time": 999.89,
                                                                                "Actual Total Time": 999.894,
                                                                                "Actual Rows": 0,
                                                                                "Actual Loops": 1
                                                                            }
                                                                        ],
                                                                        "Plans": [
                                                                            {
                                                                                "Node Type": "Nested Loop",
                                                                                "Parent Relationship": "Outer",
                                                                                "Parallel Aware": false,
                                                                                "Join Type": "Inner",
                                                                                "Startup Cost": 10000275030.68,
                                                                                "Total Cost": 10000282820.19,
                                                                                "Plan Rows": 267,
                                                                                "Plan Width": 41,
                                                                                "Actual Startup Time": 848.299,
                                                                                "Actual Total Time": 986.877,
                                                                                "Actual Rows": 282,
                                                                                "Actual Loops": 4,
                                                                                "Output": [
                                                                                    "mi.movie_id",
                                                                                    "mi.info_type_id",
                                                                                    "mk.movie_id",
                                                                                    "mk.keyword_id",
                                                                                    "t.title",
                                                                                    "t.kind_id",
                                                                                    "t.id"
                                                                                ],
                                                                                "Inner Unique": false,
                                                                                "Join Filter": "(t.id = mi.movie_id)",
                                                                                "Rows Removed by Join Filter": 0,
                                                                                "Workers": [
                                                                                    {
                                                                                        "Worker Number": 0,
                                                                                        "Actual Startup Time": 880.811,
                                                                                        "Actual Total Time": 998.925,
                                                                                        "Actual Rows": 85,
                                                                                        "Actual Loops": 1
                                                                                    },
                                                                                    {
                                                                                        "Worker Number": 1,
                                                                                        "Actual Startup Time": 882.956,
                                                                                        "Actual Total Time": 1007.379,
                                                                                        "Actual Rows": 413,
                                                                                        "Actual Loops": 1
                                                                                    },
                                                                                    {
                                                                                        "Worker Number": 2,
                                                                                        "Actual Startup Time": 880.798,
                                                                                        "Actual Total Time": 998.84,
                                                                                        "Actual Rows": 58,
                                                                                        "Actual Loops": 1
                                                                                    }
                                                                                ],
                                                                                "Plans": [
                                                                                    {
                                                                                        "Node Type": "Merge Join",
                                                                                        "Parent Relationship": "Outer",
                                                                                        "Parallel Aware": false,
                                                                                        "Join Type": "Inner",
                                                                                        "Startup Cost": 275029.9,
                                                                                        "Total Cost": 282328.15,
                                                                                        "Plan Rows": 85,
                                                                                        "Plan Width": 33,
                                                                                        "Actual Startup Time": 848.092,
                                                                                        "Actual Total Time": 977.55,
                                                                                        "Actual Rows": 299,
                                                                                        "Actual Loops": 4,
                                                                                        "Output": [
                                                                                            "mk.movie_id",
                                                                                            "mk.keyword_id",
                                                                                            "t.title",
                                                                                            "t.kind_id",
                                                                                            "t.id"
                                                                                        ],
                                                                                        "Inner Unique": false,
                                                                                        "Merge Cond": "(mk.movie_id = t.id)",
                                                                                        "Workers": [
                                                                                            {
                                                                                                "Worker Number": 0,
                                                                                                "Actual Startup Time": 880.554,
                                                                                                "Actual Total Time": 995.239,
                                                                                                "Actual Rows": 123,
                                                                                                "Actual Loops": 1
                                                                                            },
                                                                                            {
                                                                                                "Worker Number": 1,
                                                                                                "Actual Startup Time": 882.739,
                                                                                                "Actual Total Time": 994.624,
                                                                                                "Actual Rows": 332,
                                                                                                "Actual Loops": 1
                                                                                            },
                                                                                            {
                                                                                                "Worker Number": 2,
                                                                                                "Actual Startup Time": 880.505,
                                                                                                "Actual Total Time": 994.122,
                                                                                                "Actual Rows": 118,
                                                                                                "Actual Loops": 1
                                                                                            }
                                                                                        ],
                                                                                        "Plans": [
                                                                                            {
                                                                                                "Node Type": "Sort",
                                                                                                "Parent Relationship": "Outer",
                                                                                                "Parallel Aware": false,
                                                                                                "Startup Cost": 188460.13,
                                                                                                "Total Cost": 192108.46,
                                                                                                "Plan Rows": 1459332,
                                                                                                "Plan Width": 8,
                                                                                                "Actual Startup Time": 413.656,
                                                                                                "Actual Total Time": 469.034,
                                                                                                "Actual Rows": 1130976,
                                                                                                "Actual Loops": 4,
                                                                                                "Output": [
                                                                                                    "mk.movie_id",
                                                                                                    "mk.keyword_id"
                                                                                                ],
                                                                                                "Sort Key": [
                                                                                                    "mk.movie_id"
                                                                                                ],
                                                                                                "Sort Method": "quicksort",
                                                                                                "Sort Space Used": 137970,
                                                                                                "Sort Space Type": "Memory",
                                                                                                "Workers": [
                                                                                                    {
                                                                                                        "Worker Number": 0,
                                                                                                        "Actual Startup Time": 402.573,
                                                                                                        "Actual Total Time": 451.632,
                                                                                                        "Actual Rows": 878928,
                                                                                                        "Actual Loops": 1
                                                                                                    },
                                                                                                    {
                                                                                                        "Worker Number": 1,
                                                                                                        "Actual Startup Time": 400.691,
                                                                                                        "Actual Total Time": 449.329,
                                                                                                        "Actual Rows": 875047,
                                                                                                        "Actual Loops": 1
                                                                                                    },
                                                                                                    {
                                                                                                        "Worker Number": 2,
                                                                                                        "Actual Startup Time": 399.52,
                                                                                                        "Actual Total Time": 447.772,
                                                                                                        "Actual Rows": 875175,
                                                                                                        "Actual Loops": 1
                                                                                                    }
                                                                                                ],
                                                                                                "Plans": [
                                                                                                    {
                                                                                                        "Node Type": "Seq Scan",
                                                                                                        "Parent Relationship": "Outer",
                                                                                                        "Parallel Aware": true,
                                                                                                        "Relation Name": "movie_keyword",
                                                                                                        "Schema": "public",
                                                                                                        "Alias": "mk",
                                                                                                        "Startup Cost": 0.0,
                                                                                                        "Total Cost": 39047.32,
                                                                                                        "Plan Rows": 1459332,
                                                                                                        "Plan Width": 8,
                                                                                                        "Actual Startup Time": 0.037,
                                                                                                        "Actual Total Time": 157.238,
                                                                                                        "Actual Rows": 1130982,
                                                                                                        "Actual Loops": 4,
                                                                                                        "Output": [
                                                                                                            "mk.movie_id",
                                                                                                            "mk.keyword_id"
                                                                                                        ],
                                                                                                        "Workers": [
                                                                                                            {
                                                                                                                "Worker Number": 0,
                                                                                                                "Actual Startup Time": 0.044,
                                                                                                                "Actual Total Time": 152.447,
                                                                                                                "Actual Rows": 878935,
                                                                                                                "Actual Loops": 1
                                                                                                            },
                                                                                                            {
                                                                                                                "Worker Number": 1,
                                                                                                                "Actual Startup Time": 0.036,
                                                                                                                "Actual Total Time": 152.278,
                                                                                                                "Actual Rows": 875050,
                                                                                                                "Actual Loops": 1
                                                                                                            },
                                                                                                            {
                                                                                                                "Worker Number": 2,
                                                                                                                "Actual Startup Time": 0.048,
                                                                                                                "Actual Total Time": 152.143,
                                                                                                                "Actual Rows": 875175,
                                                                                                                "Actual Loops": 1
                                                                                                            }
                                                                                                        ]
                                                                                                    }
                                                                                                ]
                                                                                            },
                                                                                            {
                                                                                                "Node Type": "Sort",
                                                                                                "Parent Relationship": "Inner",
                                                                                                "Parallel Aware": false,
                                                                                                "Startup Cost": 86569.77,
                                                                                                "Total Cost": 86570.14,
                                                                                                "Plan Rows": 148,
                                                                                                "Plan Width": 25,
                                                                                                "Actual Startup Time": 432.064,
                                                                                                "Actual Total Time": 432.215,
                                                                                                "Actual Rows": 891,
                                                                                                "Actual Loops": 4,
                                                                                                "Output": [
                                                                                                    "t.title",
                                                                                                    "t.kind_id",
                                                                                                    "t.id"
                                                                                                ],
                                                                                                "Sort Key": [
                                                                                                    "t.id"
                                                                                                ],
                                                                                                "Sort Method": "quicksort",
                                                                                                "Sort Space Used": 77,
                                                                                                "Sort Space Type": "Memory",
                                                                                                "Workers": [
                                                                                                    {
                                                                                                        "Worker Number": 0,
                                                                                                        "Actual Startup Time": 475.721,
                                                                                                        "Actual Total Time": 475.818,
                                                                                                        "Actual Rows": 724,
                                                                                                        "Actual Loops": 1
                                                                                                    },
                                                                                                    {
                                                                                                        "Worker Number": 1,
                                                                                                        "Actual Startup Time": 477.6,
                                                                                                        "Actual Total Time": 477.745,
                                                                                                        "Actual Rows": 932,
                                                                                                        "Actual Loops": 1
                                                                                                    },
                                                                                                    {
                                                                                                        "Worker Number": 2,
                                                                                                        "Actual Startup Time": 478.772,
                                                                                                        "Actual Total Time": 478.868,
                                                                                                        "Actual Rows": 722,
                                                                                                        "Actual Loops": 1
                                                                                                    }
                                                                                                ],
                                                                                                "Plans": [
                                                                                                    {
                                                                                                        "Node Type": "Seq Scan",
                                                                                                        "Parent Relationship": "Outer",
                                                                                                        "Parallel Aware": false,
                                                                                                        "Relation Name": "title",
                                                                                                        "Schema": "public",
                                                                                                        "Alias": "t",
                                                                                                        "Startup Cost": 0.0,
                                                                                                        "Total Cost": 86564.44,
                                                                                                        "Plan Rows": 148,
                                                                                                        "Plan Width": 25,
                                                                                                        "Actual Startup Time": 0.388,
                                                                                                        "Actual Total Time": 431.577,
                                                                                                        "Actual Rows": 617,
                                                                                                        "Actual Loops": 4,
                                                                                                        "Output": [
                                                                                                            "t.title",
                                                                                                            "t.kind_id",
                                                                                                            "t.id"
                                                                                                        ],
                                                                                                        "Filter": "((t.production_year > 2009) AND ((t.title ~~ '%murder%'::text) OR (t.title ~~ '%Murder%'::text) OR (t.title ~~ '%Mord%'::text)))",
                                                                                                        "Rows Removed by Filter": 2527695,
                                                                                                        "Workers": [
                                                                                                            {
                                                                                                                "Worker Number": 0,
                                                                                                                "Actual Startup Time": 0.416,
                                                                                                                "Actual Total Time": 475.169,
                                                                                                                "Actual Rows": 617,
                                                                                                                "Actual Loops": 1
                                                                                                            },
                                                                                                            {
                                                                                                                "Worker Number": 1,
                                                                                                                "Actual Startup Time": 0.442,
                                                                                                                "Actual Total Time": 477.047,
                                                                                                                "Actual Rows": 617,
                                                                                                                "Actual Loops": 1
                                                                                                            },
                                                                                                            {
                                                                                                                "Worker Number": 2,
                                                                                                                "Actual Startup Time": 0.541,
                                                                                                                "Actual Total Time": 478.218,
                                                                                                                "Actual Rows": 617,
                                                                                                                "Actual Loops": 1
                                                                                                            }
                                                                                                        ]
                                                                                                    }
                                                                                                ]
                                                                                            }
                                                                                        ]
                                                                                    },
                                                                                    {
                                                                                        "Node Type": "Bitmap Heap Scan",
                                                                                        "Parent Relationship": "Inner",
                                                                                        "Parallel Aware": false,
                                                                                        "Relation Name": "movie_info",
                                                                                        "Schema": "public",
                                                                                        "Alias": "mi",
                                                                                        "Startup Cost": 0.78,
                                                                                        "Total Cost": 5.75,
                                                                                        "Plan Rows": 3,
                                                                                        "Plan Width": 8,
                                                                                        "Actual Startup Time": 0.019,
                                                                                        "Actual Total Time": 0.028,
                                                                                        "Actual Rows": 1,
                                                                                        "Actual Loops": 1197,
                                                                                        "Output": [
                                                                                            "mi.id",
                                                                                            "mi.movie_id",
                                                                                            "mi.info_type_id",
                                                                                            "mi.info",
                                                                                            "mi.note"
                                                                                        ],
                                                                                        "Recheck Cond": "(mi.movie_id = mk.movie_id)",
                                                                                        "Rows Removed by Index Recheck": 0,
                                                                                        "Filter": "(mi.info = ANY ('{Bulgaria,Germany,Danish,Swedish,Sweden,USA,American,Norwegian,Denmark,USA}'::text[]))",
                                                                                        "Rows Removed by Filter": 33,
                                                                                        "Exact Heap Blocks": 6959,
                                                                                        "Lossy Heap Blocks": 0,
                                                                                        "Workers": [
                                                                                            {
                                                                                                "Worker Number": 0,
                                                                                                "Actual Startup Time": 0.025,
                                                                                                "Actual Total Time": 0.027,
                                                                                                "Actual Rows": 1,
                                                                                                "Actual Loops": 123
                                                                                            },
                                                                                            {
                                                                                                "Worker Number": 1,
                                                                                                "Actual Startup Time": 0.015,
                                                                                                "Actual Total Time": 0.035,
                                                                                                "Actual Rows": 1,
                                                                                                "Actual Loops": 332
                                                                                            },
                                                                                            {
                                                                                                "Worker Number": 2,
                                                                                                "Actual Startup Time": 0.036,
                                                                                                "Actual Total Time": 0.037,
                                                                                                "Actual Rows": 0,
                                                                                                "Actual Loops": 118
                                                                                            }
                                                                                        ],
                                                                                        "Plans": [
                                                                                            {
                                                                                                "Node Type": "Bitmap Index Scan",
                                                                                                "Parent Relationship": "Outer",
                                                                                                "Parallel Aware": false,
                                                                                                "Index Name": "movie_id_movie_info",
                                                                                                "Startup Cost": 0.0,
                                                                                                "Total Cost": 0.78,
                                                                                                "Plan Rows": 39,
                                                                                                "Plan Width": 0,
                                                                                                "Actual Startup Time": 0.007,
                                                                                                "Actual Total Time": 0.007,
                                                                                                "Actual Rows": 34,
                                                                                                "Actual Loops": 1197,
                                                                                                "Index Cond": "(mi.movie_id = mk.movie_id)",
                                                                                                "Workers": [
                                                                                                    {
                                                                                                        "Worker Number": 0,
                                                                                                        "Actual Startup Time": 0.009,
                                                                                                        "Actual Total Time": 0.009,
                                                                                                        "Actual Rows": 12,
                                                                                                        "Actual Loops": 123
                                                                                                    },
                                                                                                    {
                                                                                                        "Worker Number": 1,
                                                                                                        "Actual Startup Time": 0.007,
                                                                                                        "Actual Total Time": 0.007,
                                                                                                        "Actual Rows": 49,
                                                                                                        "Actual Loops": 332
                                                                                                    },
                                                                                                    {
                                                                                                        "Worker Number": 2,
                                                                                                        "Actual Startup Time": 0.009,
                                                                                                        "Actual Total Time": 0.009,
                                                                                                        "Actual Rows": 30,
                                                                                                        "Actual Loops": 118
                                                                                                    }
                                                                                                ]
                                                                                            }
                                                                                        ]
                                                                                    }
                                                                                ]
                                                                            },
                                                                            {
                                                                                "Node Type": "Index Scan",
                                                                                "Parent Relationship": "Inner",
                                                                                "Parallel Aware": false,
                                                                                "Scan Direction": "Forward",
                                                                                "Index Name": "keyword_pkey",
                                                                                "Relation Name": "keyword",
                                                                                "Schema": "public",
                                                                                "Alias": "k",
                                                                                "Startup Cost": 0.42,
                                                                                "Total Cost": 0.44,
                                                                                "Plan Rows": 1,
                                                                                "Plan Width": 4,
                                                                                "Actual Startup Time": 0.007,
                                                                                "Actual Total Time": 0.007,
                                                                                "Actual Rows": 0,
                                                                                "Actual Loops": 1126,
                                                                                "Output": [
                                                                                    "k.id",
                                                                                    "k.keyword",
                                                                                    "k.phonetic_code"
                                                                                ],
                                                                                "Index Cond": "(k.id = mk.keyword_id)",
                                                                                "Rows Removed by Index Recheck": 0,
                                                                                "Filter": "(k.keyword = ANY ('{gore,shot-in-the-chest}'::text[]))",
                                                                                "Rows Removed by Filter": 1,
                                                                                "Workers": [
                                                                                    {
                                                                                        "Worker Number": 0,
                                                                                        "Actual Startup Time": 0.015,
                                                                                        "Actual Total Time": 0.015,
                                                                                        "Actual Rows": 0,
                                                                                        "Actual Loops": 85
                                                                                    },
                                                                                    {
                                                                                        "Worker Number": 1,
                                                                                        "Actual Startup Time": 0.007,
                                                                                        "Actual Total Time": 0.007,
                                                                                        "Actual Rows": 0,
                                                                                        "Actual Loops": 413
                                                                                    },
                                                                                    {
                                                                                        "Worker Number": 2,
                                                                                        "Actual Startup Time": 0.017,
                                                                                        "Actual Total Time": 0.017,
                                                                                        "Actual Rows": 0,
                                                                                        "Actual Loops": 58
                                                                                    }
                                                                                ]
                                                                            }
                                                                        ]
                                                                    }
                                                                ]
                                                            }
                                                        ]
                                                    }
                                                ]
                                            }
                                        ]
                                    },
                                    {
                                        "Node Type": "Sort",
                                        "Parent Relationship": "Inner",
                                        "Parallel Aware": false,
                                        "Startup Cost": 74321.55,
                                        "Total Cost": 75615.85,
                                        "Plan Rows": 517718,
                                        "Plan Width": 13,
                                        "Actual Startup Time": 230.842,
                                        "Actual Total Time": 231.166,
                                        "Actual Rows": 9656,
                                        "Actual Loops": 1,
                                        "Output": [
                                            "mi_idx.info",
                                            "mi_idx.movie_id",
                                            "mi_idx.info_type_id"
                                        ],
                                        "Sort Key": [
                                            "mi_idx.movie_id"
                                        ],
                                        "Sort Method": "quicksort",
                                        "Sort Space Used": 49515,
                                        "Sort Space Type": "Memory",
                                        "Plans": [
                                            {
                                                "Node Type": "Seq Scan",
                                                "Parent Relationship": "Outer",
                                                "Parallel Aware": false,
                                                "Relation Name": "movie_info_idx",
                                                "Schema": "public",
                                                "Alias": "mi_idx",
                                                "Startup Cost": 0.0,
                                                "Total Cost": 25185.44,
                                                "Plan Rows": 517718,
                                                "Plan Width": 13,
                                                "Actual Startup Time": 0.017,
                                                "Actual Total Time": 132.434,
                                                "Actual Rows": 526276,
                                                "Actual Loops": 1,
                                                "Output": [
                                                    "mi_idx.info",
                                                    "mi_idx.movie_id",
                                                    "mi_idx.info_type_id"
                                                ],
                                                "Filter": "(mi_idx.info > '5'::text)",
                                                "Rows Removed by Filter": 853759
                                            }
                                        ]
                                    }
                                ]
                            },
                            {
                                "Node Type": "Bitmap Heap Scan",
                                "Parent Relationship": "Inner",
                                "Parallel Aware": false,
                                "Relation Name": "info_type",
                                "Schema": "public",
                                "Alias": "it1",
                                "Startup Cost": 0.15,
                                "Total Cost": 4.17,
                                "Plan Rows": 1,
                                "Plan Width": 4,
                                "Actual Startup Time": 0.01,
                                "Actual Total Time": 0.01,
                                "Actual Rows": 1,
                                "Actual Loops": 2,
                                "Output": [
                                    "it1.id",
                                    "it1.info"
                                ],
                                "Recheck Cond": "(it1.id = mi.info_type_id)",
                                "Rows Removed by Index Recheck": 0,
                                "Filter": "((it1.info)::text = 'countries'::text)",
                                "Rows Removed by Filter": 0,
                                "Exact Heap Blocks": 2,
                                "Lossy Heap Blocks": 0,
                                "Plans": [
                                    {
                                        "Node Type": "Bitmap Index Scan",
                                        "Parent Relationship": "Outer",
                                        "Parallel Aware": false,
                                        "Index Name": "info_type_pkey",
                                        "Startup Cost": 0.0,
                                        "Total Cost": 0.15,
                                        "Plan Rows": 1,
                                        "Plan Width": 0,
                                        "Actual Startup Time": 0.005,
                                        "Actual Total Time": 0.005,
                                        "Actual Rows": 1,
                                        "Actual Loops": 2,
                                        "Index Cond": "(it1.id = mi.info_type_id)"
                                    }
                                ]
                            }
                        ]
                    },
                    {
                        "Node Type": "Bitmap Heap Scan",
                        "Parent Relationship": "Inner",
                        "Parallel Aware": false,
                        "Relation Name": "info_type",
                        "Schema": "public",
                        "Alias": "it2",
                        "Startup Cost": 0.15,
                        "Total Cost": 4.17,
                        "Plan Rows": 1,
                        "Plan Width": 4,
                        "Actual Startup Time": 0.003,
                        "Actual Total Time": 0.003,
                        "Actual Rows": 0,
                        "Actual Loops": 2,
                        "Output": [
                            "it2.id",
                            "it2.info"
                        ],
                        "Recheck Cond": "(it2.id = mi_idx.info_type_id)",
                        "Rows Removed by Index Recheck": 0,
                        "Filter": "((it2.info)::text = 'rating'::text)",
                        "Rows Removed by Filter": 0,
                        "Exact Heap Blocks": 2,
                        "Lossy Heap Blocks": 0,
                        "Plans": [
                            {
                                "Node Type": "Bitmap Index Scan",
                                "Parent Relationship": "Outer",
                                "Parallel Aware": false,
                                "Index Name": "info_type_pkey",
                                "Startup Cost": 0.0,
                                "Total Cost": 0.15,
                                "Plan Rows": 1,
                                "Plan Width": 0,
                                "Actual Startup Time": 0.002,
                                "Actual Total Time": 0.002,
                                "Actual Rows": 1,
                                "Actual Loops": 2,
                                "Index Cond": "(it2.id = mi_idx.info_type_id)"
                            }
                        ]
                    }
                ]
            }
        ]
    },
    "Planning Time": 6.012,
    "Triggers": [],
    "Execution Time": 1448.008
}