[
  {
    "Plan": {
      "Node Type": "Aggregate",
      "Strategy": "Plain",
      "Partial Mode": "Finalize",
      "Parallel Aware": false,
      "Startup Cost": 436196.21,
      "Total Cost": 436196.22,
      "Plan Rows": 1,
      "Plan Width": 8,
      "Actual Startup Time": 1616.359,
      "Actual Total Time": 1681.601,
      "Actual Rows": 1,
      "Actual Loops": 1,
      "Plans": [
        {
          "Node Type": "Gather",
          "Parent Relationship": "Outer",
          "Parallel Aware": false,
          "Startup Cost": 436195.59,
          "Total Cost": 436196.2,
          "Plan Rows": 6,
          "Plan Width": 8,
          "Actual Startup Time": 1607.714,
          "Actual Total Time": 1681.587,
          "Actual Rows": 7,
          "Actual Loops": 1,
          "Workers Planned": 6,
          "Workers Launched": 6,
          "Single Copy": false,
          "Plans": [
            {
              "Node Type": "Aggregate",
              "Strategy": "Plain",
              "Partial Mode": "Partial",
              "Parent Relationship": "Outer",
              "Parallel Aware": false,
              "Startup Cost": 435195.59,
              "Total Cost": 435195.6,
              "Plan Rows": 1,
              "Plan Width": 8,
              "Actual Startup Time": 1595.861,
              "Actual Total Time": 1596.011,
              "Actual Rows": 1,
              "Actual Loops": 7,
              "Plans": [
                {
                  "Node Type": "Hash Join",
                  "Parent Relationship": "Outer",
                  "Parallel Aware": true,
                  "Join Type": "Inner",
                  "Startup Cost": 79840.79,
                  "Total Cost": 433625.32,
                  "Plan Rows": 628107,
                  "Plan Width": 0,
                  "Actual Startup Time": 702.079,
                  "Actual Total Time": 1522.987,
                  "Actual Rows": 1618452,
                  "Actual Loops": 7,
                  "Inner Unique": false,
                  "Hash Cond": "(ci.movie_id = t.id)",
                  "Plans": [
                    {
                      "Node Type": "Seq Scan",
                      "Parent Relationship": "Outer",
                      "Parallel Aware": true,
                      "Relation Name": "cast_info",
                      "Alias": "ci",
                      "Startup Cost": 0.0,
                      "Total Cost": 343257.03,
                      "Plan Rows": 2267027,
                      "Plan Width": 4,
                      "Actual Startup Time": 343.211,
                      "Actual Total Time": 657.869,
                      "Actual Rows": 1446932,
                      "Actual Loops": 7,
                      "Filter": "((person_id < 3047356) AND (role_id > 2))",
                      "Rows Removed by Filter": 3730831
                    },
                    {
                      "Node Type": "Hash",
                      "Parent Relationship": "Inner",
                      "Parallel Aware": true,
                      "Startup Cost": 77016.21,
                      "Total Cost": 77016.21,
                      "Plan Rows": 225966,
                      "Plan Width": 8,
                      "Actual Startup Time": 355.222,
                      "Actual Total Time": 355.37,
                      "Actual Rows": 151529,
                      "Actual Loops": 7,
                      "Hash Buckets": 2097152,
                      "Original Hash Buckets": 1048576,
                      "Hash Batches": 1,
                      "Original Hash Batches": 1,
                      "Peak Memory Usage": 66240,
                      "Plans": [
                        {
                          "Node Type": "Hash Join",
                          "Parent Relationship": "Outer",
                          "Parallel Aware": true,
                          "Join Type": "Inner",
                          "Startup Cost": 47600.32,
                          "Total Cost": 77016.21,
                          "Plan Rows": 225966,
                          "Plan Width": 8,
                          "Actual Startup Time": 128.383,
                          "Actual Total Time": 263.617,
                          "Actual Rows": 151529,
                          "Actual Loops": 7,
                          "Inner Unique": true,
                          "Hash Cond": "(mc.movie_id = t.id)",
                          "Plans": [
                            {
                              "Node Type": "Seq Scan",
                              "Parent Relationship": "Outer",
                              "Parallel Aware": true,
                              "Relation Name": "movie_companies",
                              "Alias": "mc",
                              "Startup Cost": 0.0,
                              "Total Cost": 27206.55,
                              "Plan Rows": 841655,
                              "Plan Width": 4,
                              "Actual Startup Time": 0.022,
                              "Actual Total Time": 41.879,
                              "Actual Rows": 372733,
                              "Actual Loops": 7
                            },
                            {
                              "Node Type": "Hash",
                              "Parent Relationship": "Inner",
                              "Parallel Aware": true,
                              "Startup Cost": 45479.1,
                              "Total Cost": 45479.1,
                              "Plan Rows": 169698,
                              "Plan Width": 4,
                              "Actual Startup Time": 126.706,
                              "Actual Total Time": 126.707,
                              "Actual Rows": 82326,
                              "Actual Loops": 7,
                              "Hash Buckets": 1048576,
                              "Original Hash Buckets": 1048576,
                              "Hash Batches": 1,
                              "Original Hash Batches": 1,
                              "Peak Memory Usage": 30848,
                              "Plans": [
                                {
                                  "Node Type": "Seq Scan",
                                  "Parent Relationship": "Outer",
                                  "Parallel Aware": true,
                                  "Relation Name": "title",
                                  "Alias": "t",
                                  "Startup Cost": 0.0,
                                  "Total Cost": 45479.1,
                                  "Plan Rows": 169698,
                                  "Plan Width": 4,
                                  "Actual Startup Time": 0.044,
                                  "Actual Total Time": 80.363,
                                  "Actual Rows": 82326,
                                  "Actual Loops": 7,
                                  "Filter": "((kind_id < 7) AND (production_year > 1991))",
                                  "Rows Removed by Filter": 278861
                                }
                              ]
                            }
                          ]
                        }
                      ]
                    }
                  ]
                }
              ]
            }
          ]
        }
      ]
    },
    "Planning Time": 1.436,
    "Triggers": [],
    "Execution Time": 1681.707
  }
]