[
  {
    "Plan": {
      "Node Type": "Aggregate",
      "Strategy": "Plain",
      "Partial Mode": "Finalize",
      "Parallel Aware": false,
      "Startup Cost": 33118.78,
      "Total Cost": 33118.79,
      "Plan Rows": 1,
      "Plan Width": 8,
      "Actual Startup Time": 92.586,
      "Actual Total Time": 98.504,
      "Actual Rows": 1,
      "Actual Loops": 1,
      "Plans": [
        {
          "Node Type": "Gather",
          "Parent Relationship": "Outer",
          "Parallel Aware": false,
          "Startup Cost": 33118.46,
          "Total Cost": 33118.77,
          "Plan Rows": 3,
          "Plan Width": 8,
          "Actual Startup Time": 92.458,
          "Actual Total Time": 98.495,
          "Actual Rows": 4,
          "Actual Loops": 1,
          "Workers Planned": 3,
          "Workers Launched": 3,
          "Single Copy": false,
          "Plans": [
            {
              "Node Type": "Aggregate",
              "Strategy": "Plain",
              "Partial Mode": "Partial",
              "Parent Relationship": "Outer",
              "Parallel Aware": false,
              "Startup Cost": 32118.46,
              "Total Cost": 32118.47,
              "Plan Rows": 1,
              "Plan Width": 8,
              "Actual Startup Time": 87.315,
              "Actual Total Time": 87.316,
              "Actual Rows": 1,
              "Actual Loops": 4,
              "Plans": [
                {
                  "Node Type": "Seq Scan",
                  "Parent Relationship": "Outer",
                  "Parallel Aware": true,
                  "Relation Name": "movie_companies",
                  "Alias": "mc",
                  "Startup Cost": 0.0,
                  "Total Cost": 31414.82,
                  "Plan Rows": 281456,
                  "Plan Width": 0,
                  "Actual Startup Time": 0.633,
                  "Actual Total Time": 78.087,
                  "Actual Rows": 172117,
                  "Actual Loops": 4,
                  "Filter": "((company_id > 2023) AND (company_type_id < 2))",
                  "Rows Removed by Filter": 480165
                }
              ]
            }
          ]
        }
      ]
    },
    "Planning Time": 0.123,
    "Triggers": [],
    "Execution Time": 98.538
  }
]