[
    {
        "Bao": {
            "Bao prediction": "NaN",
            "Bao recommended hint": "(no hint)"
        }
    },
    {
        "Plan": {
            "Node Type": "Aggregate",
            "Strategy": "Plain",
            "Partial Mode": "Finalize",
            "Parallel Aware": false,
            "Startup Cost": 256164.41,
            "Total Cost": 256164.42,
            "Plan Rows": 1,
            "Plan Width": 8,
            "Actual Startup Time": 374.287,
            "Actual Total Time": 387.899,
            "Actual Rows": 1,
            "Actual Loops": 1,
            "Output": [
                "count(*)"
            ],
            "Plans": [
                {
                    "Node Type": "Gather",
                    "Parent Relationship": "Outer",
                    "Parallel Aware": false,
                    "Startup Cost": 256163.78,
                    "Total Cost": 256164.39,
                    "Plan Rows": 6,
                    "Plan Width": 8,
                    "Actual Startup Time": 374.127,
                    "Actual Total Time": 387.89,
                    "Actual Rows": 7,
                    "Actual Loops": 1,
                    "Output": [
                        "(PARTIAL count(*))"
                    ],
                    "Workers Planned": 6,
                    "Workers Launched": 6,
                    "Single Copy": false,
                    "Plans": [
                        {
                            "Node Type": "Aggregate",
                            "Strategy": "Plain",
                            "Partial Mode": "Partial",
                            "Parent Relationship": "Outer",
                            "Parallel Aware": false,
                            "Startup Cost": 255163.78,
                            "Total Cost": 255163.79,
                            "Plan Rows": 1,
                            "Plan Width": 8,
                            "Actual Startup Time": 364.14,
                            "Actual Total Time": 364.141,
                            "Actual Rows": 1,
                            "Actual Loops": 7,
                            "Output": [
                                "PARTIAL count(*)"
                            ],
                            "Workers": [
                                {
                                    "Worker Number": 0,
                                    "Actual Startup Time": 362.012,
                                    "Actual Total Time": 362.014,
                                    "Actual Rows": 1,
                                    "Actual Loops": 1
                                },
                                {
                                    "Worker Number": 1,
                                    "Actual Startup Time": 361.976,
                                    "Actual Total Time": 361.977,
                                    "Actual Rows": 1,
                                    "Actual Loops": 1
                                },
                                {
                                    "Worker Number": 2,
                                    "Actual Startup Time": 362.387,
                                    "Actual Total Time": 362.388,
                                    "Actual Rows": 1,
                                    "Actual Loops": 1
                                },
                                {
                                    "Worker Number": 3,
                                    "Actual Startup Time": 362.969,
                                    "Actual Total Time": 362.969,
                                    "Actual Rows": 1,
                                    "Actual Loops": 1
                                },
                                {
                                    "Worker Number": 4,
                                    "Actual Startup Time": 362.987,
                                    "Actual Total Time": 362.988,
                                    "Actual Rows": 1,
                                    "Actual Loops": 1
                                },
                                {
                                    "Worker Number": 5,
                                    "Actual Startup Time": 363.023,
                                    "Actual Total Time": 363.024,
                                    "Actual Rows": 1,
                                    "Actual Loops": 1
                                }
                            ],
                            "Plans": [
                                {
                                    "Node Type": "Index Scan",
                                    "Parent Relationship": "Outer",
                                    "Parallel Aware": true,
                                    "Scan Direction": "Forward",
                                    "Index Name": "role_id_cast_info",
                                    "Relation Name": "cast_info",
                                    "Schema": "public",
                                    "Alias": "ci",
                                    "Startup Cost": 0.56,
                                    "Total Cost": 251544.36,
                                    "Plan Rows": 1447771,
                                    "Plan Width": 0,
                                    "Actual Startup Time": 0.142,
                                    "Actual Total Time": 310.94,
                                    "Actual Rows": 957182,
                                    "Actual Loops": 7,
                                    "Output": [
                                        "id",
                                        "person_id",
                                        "movie_id",
                                        "person_role_id",
                                        "note",
                                        "nr_order",
                                        "role_id"
                                    ],
                                    "Index Cond": "(ci.role_id > 4)",
                                    "Rows Removed by Index Recheck": 0,
                                    "Filter": "(ci.person_id < 3546167)",
                                    "Rows Removed by Filter": 383490,
                                    "Workers": [
                                        {
                                            "Worker Number": 0,
                                            "Actual Startup Time": 0.146,
                                            "Actual Total Time": 307.631,
                                            "Actual Rows": 762364,
                                            "Actual Loops": 1
                                        },
                                        {
                                            "Worker Number": 1,
                                            "Actual Startup Time": 0.145,
                                            "Actual Total Time": 308.492,
                                            "Actual Rows": 729482,
                                            "Actual Loops": 1
                                        },
                                        {
                                            "Worker Number": 2,
                                            "Actual Startup Time": 0.154,
                                            "Actual Total Time": 308.445,
                                            "Actual Rows": 736636,
                                            "Actual Loops": 1
                                        },
                                        {
                                            "Worker Number": 3,
                                            "Actual Startup Time": 0.24,
                                            "Actual Total Time": 311.246,
                                            "Actual Rows": 1049851,
                                            "Actual Loops": 1
                                        },
                                        {
                                            "Worker Number": 4,
                                            "Actual Startup Time": 0.164,
                                            "Actual Total Time": 311.77,
                                            "Actual Rows": 1033058,
                                            "Actual Loops": 1
                                        },
                                        {
                                            "Worker Number": 5,
                                            "Actual Startup Time": 0.111,
                                            "Actual Total Time": 312.519,
                                            "Actual Rows": 1103558,
                                            "Actual Loops": 1
                                        }
                                    ]
                                }
                            ]
                        }
                    ]
                }
            ]
        },
        "Planning Time": 199.15,
        "Triggers": [],
        "Execution Time": 387.997
    }
]