[
  {
    "Plan": {
      "Node Type": "Aggregate",
      "Strategy": "Plain",
      "Partial Mode": "Finalize",
      "Parallel Aware": false,
      "Startup Cost": 302091.16,
      "Total Cost": 302091.17,
      "Plan Rows": 1,
      "Plan Width": 8,
      "Actual Startup Time": 1036.136,
      "Actual Total Time": 1083.634,
      "Actual Rows": 1,
      "Actual Loops": 1,
      "Plans": [
        {
          "Node Type": "Gather",
          "Parent Relationship": "Outer",
          "Parallel Aware": false,
          "Startup Cost": 302090.64,
          "Total Cost": 302091.15,
          "Plan Rows": 5,
          "Plan Width": 8,
          "Actual Startup Time": 1033.154,
          "Actual Total Time": 1083.624,
          "Actual Rows": 6,
          "Actual Loops": 1,
          "Workers Planned": 5,
          "Workers Launched": 5,
          "Single Copy": false,
          "Plans": [
            {
              "Node Type": "Aggregate",
              "Strategy": "Plain",
              "Partial Mode": "Partial",
              "Parent Relationship": "Outer",
              "Parallel Aware": false,
              "Startup Cost": 301090.64,
              "Total Cost": 301090.65,
              "Plan Rows": 1,
              "Plan Width": 8,
              "Actual Startup Time": 1022.884,
              "Actual Total Time": 1022.929,
              "Actual Rows": 1,
              "Actual Loops": 6,
              "Plans": [
                {
                  "Node Type": "Hash Join",
                  "Parent Relationship": "Outer",
                  "Parallel Aware": true,
                  "Join Type": "Inner",
                  "Startup Cost": 89153.62,
                  "Total Cost": 299962.66,
                  "Plan Rows": 451192,
                  "Plan Width": 0,
                  "Actual Startup Time": 265.556,
                  "Actual Total Time": 981.551,
                  "Actual Rows": 763811,
                  "Actual Loops": 6,
                  "Inner Unique": false,
                  "Hash Cond": "(mi.movie_id = t.id)",
                  "Plans": [
                    {
                      "Node Type": "Seq Scan",
                      "Parent Relationship": "Outer",
                      "Parallel Aware": true,
                      "Relation Name": "movie_info",
                      "Alias": "mi",
                      "Startup Cost": 0.0,
                      "Total Cost": 198952.16,
                      "Plan Rows": 2773711,
                      "Plan Width": 4,
                      "Actual Startup Time": 0.037,
                      "Actual Total Time": 403.334,
                      "Actual Rows": 2327249,
                      "Actual Loops": 6,
                      "Filter": "(info_type_id < 98)",
                      "Rows Removed by Filter": 145371
                    },
                    {
                      "Node Type": "Hash",
                      "Parent Relationship": "Inner",
                      "Parallel Aware": true,
                      "Startup Cost": 87495.27,
                      "Total Cost": 87495.27,
                      "Plan Rows": 132668,
                      "Plan Width": 8,
                      "Actual Startup Time": 262.226,
                      "Actual Total Time": 262.269,
                      "Actual Rows": 25300,
                      "Actual Loops": 6,
                      "Hash Buckets": 524288,
                      "Original Hash Buckets": 524288,
                      "Hash Batches": 1,
                      "Original Hash Batches": 1,
                      "Peak Memory Usage": 10080,
                      "Plans": [
                        {
                          "Node Type": "Hash Join",
                          "Parent Relationship": "Outer",
                          "Parallel Aware": true,
                          "Join Type": "Inner",
                          "Startup Cost": 44617.19,
                          "Total Cost": 87495.27,
                          "Plan Rows": 132668,
                          "Plan Width": 8,
                          "Actual Startup Time": 103.63,
                          "Actual Total Time": 255.162,
                          "Actual Rows": 25300,
                          "Actual Loops": 6,
                          "Inner Unique": true,
                          "Hash Cond": "(mk.movie_id = t.id)",
                          "Plans": [
                            {
                              "Node Type": "Seq Scan",
                              "Parent Relationship": "Outer",
                              "Parallel Aware": true,
                              "Relation Name": "movie_keyword",
                              "Alias": "mk",
                              "Startup Cost": 0.0,
                              "Total Cost": 39047.32,
                              "Plan Rows": 1459332,
                              "Plan Width": 4,
                              "Actual Startup Time": 0.028,
                              "Actual Total Time": 73.507,
                              "Actual Rows": 753988,
                              "Actual Loops": 6
                            },
                            {
                              "Node Type": "Hash",
                              "Parent Relationship": "Inner",
                              "Parallel Aware": true,
                              "Startup Cost": 43898.92,
                              "Total Cost": 43898.92,
                              "Plan Rows": 57462,
                              "Plan Width": 4,
                              "Actual Startup Time": 102.812,
                              "Actual Total Time": 102.813,
                              "Actual Rows": 38608,
                              "Actual Loops": 6,
                              "Hash Buckets": 262144,
                              "Original Hash Buckets": 262144,
                              "Hash Batches": 1,
                              "Original Hash Batches": 1,
                              "Peak Memory Usage": 11232,
                              "Plans": [
                                {
                                  "Node Type": "Seq Scan",
                                  "Parent Relationship": "Outer",
                                  "Parallel Aware": true,
                                  "Relation Name": "title",
                                  "Alias": "t",
                                  "Startup Cost": 0.0,
                                  "Total Cost": 43898.92,
                                  "Plan Rows": 57462,
                                  "Plan Width": 4,
                                  "Actual Startup Time": 0.052,
                                  "Actual Total Time": 83.404,
                                  "Actual Rows": 38608,
                                  "Actual Loops": 6,
                                  "Filter": "(production_year > 2011)",
                                  "Rows Removed by Filter": 382777
                                }
                              ]
                            }
                          ]
                        }
                      ]
                    }
                  ]
                }
              ]
            }
          ]
        }
      ]
    },
    "Planning Time": 1.353,
    "Triggers": [],
    "Execution Time": 1083.742
  }
]