{
  "Plan": {
    "Node Type": "Aggregate",
    "Strategy": "Plain",
    "Partial Mode": "Finalize",
    "Parallel Aware": false,
    "Startup Cost": 450787.99,
    "Total Cost": 450788.0,
    "Plan Rows": 1,
    "Plan Width": 8,
    "Actual Startup Time": 864.957,
    "Actual Total Time": 885.428,
    "Actual Rows": 1,
    "Actual Loops": 1,
    "Plans": [
      {
        "Node Type": "Gather",
        "Parent Relationship": "Outer",
        "Parallel Aware": false,
        "Startup Cost": 450787.88,
        "Total Cost": 450787.99,
        "Plan Rows": 1,
        "Plan Width": 8,
        "Actual Startup Time": 864.459,
        "Actual Total Time": 885.421,
        "Actual Rows": 2,
        "Actual Loops": 1,
        "Workers Planned": 1,
        "Workers Launched": 1,
        "Single Copy": false,
        "Plans": [
          {
            "Node Type": "Aggregate",
            "Strategy": "Plain",
            "Partial Mode": "Partial",
            "Parent Relationship": "Outer",
            "Parallel Aware": false,
            "Startup Cost": 449787.88,
            "Total Cost": 449787.89,
            "Plan Rows": 1,
            "Plan Width": 8,
            "Actual Startup Time": 858.455,
            "Actual Total Time": 858.46,
            "Actual Rows": 1,
            "Actual Loops": 2,
            "Plans": [
              {
                "Node Type": "Nested Loop",
                "Parent Relationship": "Outer",
                "Parallel Aware": false,
                "Join Type": "Inner",
                "Startup Cost": 137997.44,
                "Total Cost": 449686.33,
                "Plan Rows": 40621,
                "Plan Width": 0,
                "Actual Startup Time": 305.411,
                "Actual Total Time": 856.815,
                "Actual Rows": 23612,
                "Actual Loops": 2,
                "Inner Unique": false,
                "Join Filter": "(t.id = mc.movie_id)",
                "Rows Removed by Join Filter": 0,
                "Plans": [
                  {
                    "Node Type": "Hash Join",
                    "Parent Relationship": "Outer",
                    "Parallel Aware": true,
                    "Join Type": "Inner",
                    "Startup Cost": 137997.01,
                    "Total Cost": 422631.23,
                    "Plan Rows": 43355,
                    "Plan Width": 8,
                    "Actual Startup Time": 303.851,
                    "Actual Total Time": 774.455,
                    "Actual Rows": 35272,
                    "Actual Loops": 2,
                    "Inner Unique": true,
                    "Hash Cond": "(ci.movie_id = t.id)",
                    "Plans": [
                      {
                        "Node Type": "Bitmap Heap Scan",
                        "Parent Relationship": "Outer",
                        "Parallel Aware": true,
                        "Relation Name": "cast_info",
                        "Alias": "ci",
                        "Startup Cost": 79308.96,
                        "Total Cost": 358398.62,
                        "Plan Rows": 2112212,
                        "Plan Width": 4,
                        "Actual Startup Time": 143.835,
                        "Actual Total Time": 359.609,
                        "Actual Rows": 1854731,
                        "Actual Loops": 2,
                        "Recheck Cond": "(person_id < 355792)",
                        "Rows Removed by Index Recheck": 0,
                        "Exact Heap Blocks": 25948,
                        "Lossy Heap Blocks": 0,
                        "Plans": [
                          {
                            "Node Type": "Bitmap Index Scan",
                            "Parent Relationship": "Outer",
                            "Parallel Aware": false,
                            "Index Name": "person_id_cast_info",
                            "Startup Cost": 0.0,
                            "Total Cost": 78411.27,
                            "Plan Rows": 3590761,
                            "Plan Width": 0,
                            "Actual Startup Time": 137.456,
                            "Actual Total Time": 137.456,
                            "Actual Rows": 3709462,
                            "Actual Loops": 1,
                            "Index Cond": "(person_id < 355792)"
                          }
                        ]
                      },
                      {
                        "Node Type": "Hash",
                        "Parent Relationship": "Inner",
                        "Parallel Aware": true,
                        "Startup Cost": 58306.47,
                        "Total Cost": 58306.47,
                        "Plan Rows": 30526,
                        "Plan Width": 4,
                        "Actual Startup Time": 158.666,
                        "Actual Total Time": 158.667,
                        "Actual Rows": 28240,
                        "Actual Loops": 2,
                        "Hash Buckets": 65536,
                        "Original Hash Buckets": 65536,
                        "Hash Batches": 1,
                        "Original Hash Batches": 1,
                        "Peak Memory Usage": 2752,
                        "Plans": [
                          {
                            "Node Type": "Seq Scan",
                            "Parent Relationship": "Outer",
                            "Parallel Aware": true,
                            "Relation Name": "title",
                            "Alias": "t",
                            "Startup Cost": 0.0,
                            "Total Cost": 58306.47,
                            "Plan Rows": 30526,
                            "Plan Width": 4,
                            "Actual Startup Time": 0.032,
                            "Actual Total Time": 150.072,
                            "Actual Rows": 28240,
                            "Actual Loops": 2,
                            "Filter": "((kind_id = 7) AND (production_year = 2004))",
                            "Rows Removed by Filter": 1235916
                          }
                        ]
                      }
                    ]
                  },
                  {
                    "Node Type": "Index Scan",
                    "Parent Relationship": "Inner",
                    "Parallel Aware": false,
                    "Scan Direction": "Forward",
                    "Index Name": "movie_id_movie_companies",
                    "Relation Name": "movie_companies",
                    "Alias": "mc",
                    "Startup Cost": 0.43,
                    "Total Cost": 0.56,
                    "Plan Rows": 5,
                    "Plan Width": 4,
                    "Actual Startup Time": 0.002,
                    "Actual Total Time": 0.002,
                    "Actual Rows": 1,
                    "Actual Loops": 70543,
                    "Index Cond": "(movie_id = ci.movie_id)",
                    "Rows Removed by Index Recheck": 0,
                    "Filter": "(company_id > 93)",
                    "Rows Removed by Filter": 0
                  }
                ]
              }
            ]
          }
        ]
      }
    ]
  },
  "Planning Time": 0.782,
  "Triggers": [],
  "Execution Time": 885.507
}