[
  {
    "Plan": {
      "Node Type": "Aggregate",
      "Strategy": "Plain",
      "Partial Mode": "Finalize",
      "Parallel Aware": false,
      "Startup Cost": 452307.74,
      "Total Cost": 452307.75,
      "Plan Rows": 1,
      "Plan Width": 8,
      "Actual Startup Time": 3166.748,
      "Actual Total Time": 3216.381,
      "Actual Rows": 1,
      "Actual Loops": 1,
      "Plans": [
        {
          "Node Type": "Gather",
          "Parent Relationship": "Outer",
          "Parallel Aware": false,
          "Startup Cost": 452307.12,
          "Total Cost": 452307.73,
          "Plan Rows": 6,
          "Plan Width": 8,
          "Actual Startup Time": 3150.398,
          "Actual Total Time": 3216.367,
          "Actual Rows": 7,
          "Actual Loops": 1,
          "Workers Planned": 6,
          "Workers Launched": 6,
          "Single Copy": false,
          "Plans": [
            {
              "Node Type": "Aggregate",
              "Strategy": "Plain",
              "Partial Mode": "Partial",
              "Parent Relationship": "Outer",
              "Parallel Aware": false,
              "Startup Cost": 451307.12,
              "Total Cost": 451307.13,
              "Plan Rows": 1,
              "Plan Width": 8,
              "Actual Startup Time": 3139.91,
              "Actual Total Time": 3140.005,
              "Actual Rows": 1,
              "Actual Loops": 7,
              "Plans": [
                {
                  "Node Type": "Hash Join",
                  "Parent Relationship": "Outer",
                  "Parallel Aware": true,
                  "Join Type": "Inner",
                  "Startup Cost": 94516.29,
                  "Total Cost": 446420.96,
                  "Plan Rows": 1954463,
                  "Plan Width": 0,
                  "Actual Startup Time": 356.074,
                  "Actual Total Time": 2671.778,
                  "Actual Rows": 10990519,
                  "Actual Loops": 7,
                  "Inner Unique": false,
                  "Hash Cond": "(ci.movie_id = t.id)",
                  "Plans": [
                    {
                      "Node Type": "Seq Scan",
                      "Parent Relationship": "Outer",
                      "Parallel Aware": true,
                      "Relation Name": "cast_info",
                      "Alias": "ci",
                      "Startup Cost": 0.0,
                      "Total Cost": 328211.39,
                      "Plan Rows": 4636949,
                      "Plan Width": 4,
                      "Actual Startup Time": 0.029,
                      "Actual Total Time": 616.067,
                      "Actual Rows": 3985664,
                      "Actual Loops": 7,
                      "Filter": "(person_id < 2848615)",
                      "Rows Removed by Filter": 1192099
                    },
                    {
                      "Node Type": "Hash",
                      "Parent Relationship": "Inner",
                      "Parallel Aware": true,
                      "Startup Cost": 90219.02,
                      "Total Cost": 90219.02,
                      "Plan Rows": 343782,
                      "Plan Width": 8,
                      "Actual Startup Time": 352.61,
                      "Actual Total Time": 352.704,
                      "Actual Rows": 259978,
                      "Actual Loops": 7,
                      "Hash Buckets": 2097152,
                      "Original Hash Buckets": 2097152,
                      "Hash Batches": 1,
                      "Original Hash Batches": 1,
                      "Peak Memory Usage": 87712,
                      "Plans": [
                        {
                          "Node Type": "Hash Join",
                          "Parent Relationship": "Outer",
                          "Parallel Aware": true,
                          "Join Type": "Inner",
                          "Startup Cost": 47340.94,
                          "Total Cost": 90219.02,
                          "Plan Rows": 343782,
                          "Plan Width": 8,
                          "Actual Startup Time": 118.828,
                          "Actual Total Time": 264.957,
                          "Actual Rows": 259978,
                          "Actual Loops": 7,
                          "Inner Unique": true,
                          "Hash Cond": "(mk.movie_id = t.id)",
                          "Plans": [
                            {
                              "Node Type": "Seq Scan",
                              "Parent Relationship": "Outer",
                              "Parallel Aware": true,
                              "Relation Name": "movie_keyword",
                              "Alias": "mk",
                              "Startup Cost": 0.0,
                              "Total Cost": 39047.32,
                              "Plan Rows": 1459332,
                              "Plan Width": 4,
                              "Actual Startup Time": 0.041,
                              "Actual Total Time": 58.944,
                              "Actual Rows": 646276,
                              "Actual Loops": 7
                            },
                            {
                              "Node Type": "Hash",
                              "Parent Relationship": "Inner",
                              "Parallel Aware": true,
                              "Startup Cost": 45479.59,
                              "Total Cost": 45479.59,
                              "Plan Rows": 148908,
                              "Plan Width": 4,
                              "Actual Startup Time": 117.668,
                              "Actual Total Time": 117.672,
                              "Actual Rows": 71563,
                              "Actual Loops": 7,
                              "Hash Buckets": 1048576,
                              "Original Hash Buckets": 1048576,
                              "Hash Batches": 1,
                              "Original Hash Batches": 1,
                              "Peak Memory Usage": 27936,
                              "Plans": [
                                {
                                  "Node Type": "Seq Scan",
                                  "Parent Relationship": "Outer",
                                  "Parallel Aware": true,
                                  "Relation Name": "title",
                                  "Alias": "t",
                                  "Startup Cost": 0.0,
                                  "Total Cost": 45479.59,
                                  "Plan Rows": 148908,
                                  "Plan Width": 4,
                                  "Actual Startup Time": 0.061,
                                  "Actual Total Time": 78.156,
                                  "Actual Rows": 71563,
                                  "Actual Loops": 7,
                                  "Filter": "((kind_id < 6) AND (production_year > 1997))",
                                  "Rows Removed by Filter": 289625
                                }
                              ]
                            }
                          ]
                        }
                      ]
                    }
                  ]
                }
              ]
            }
          ]
        }
      ]
    },
    "Planning Time": 0.635,
    "Triggers": [],
    "Execution Time": 3216.451
  }
]