[
  {
    "Plan": {
      "Node Type": "Aggregate",
      "Strategy": "Plain",
      "Partial Mode": "Finalize",
      "Parallel Aware": false,
      "Startup Cost": 85416.05,
      "Total Cost": 85416.06,
      "Plan Rows": 1,
      "Plan Width": 8,
      "Actual Startup Time": 408.782,
      "Actual Total Time": 423.612,
      "Actual Rows": 1,
      "Actual Loops": 1,
      "Plans": [
        {
          "Node Type": "Gather",
          "Parent Relationship": "Outer",
          "Parallel Aware": false,
          "Startup Cost": 85415.63,
          "Total Cost": 85416.04,
          "Plan Rows": 4,
          "Plan Width": 8,
          "Actual Startup Time": 407.094,
          "Actual Total Time": 423.602,
          "Actual Rows": 5,
          "Actual Loops": 1,
          "Workers Planned": 4,
          "Workers Launched": 4,
          "Single Copy": false,
          "Plans": [
            {
              "Node Type": "Aggregate",
              "Strategy": "Plain",
              "Partial Mode": "Partial",
              "Parent Relationship": "Outer",
              "Parallel Aware": false,
              "Startup Cost": 84415.63,
              "Total Cost": 84415.64,
              "Plan Rows": 1,
              "Plan Width": 8,
              "Actual Startup Time": 397.005,
              "Actual Total Time": 397.071,
              "Actual Rows": 1,
              "Actual Loops": 5,
              "Plans": [
                {
                  "Node Type": "Nested Loop",
                  "Parent Relationship": "Outer",
                  "Parallel Aware": false,
                  "Join Type": "Inner",
                  "Startup Cost": 29789.13,
                  "Total Cost": 84392.94,
                  "Plan Rows": 9076,
                  "Plan Width": 0,
                  "Actual Startup Time": 120.236,
                  "Actual Total Time": 392.698,
                  "Actual Rows": 92394,
                  "Actual Loops": 5,
                  "Inner Unique": false,
                  "Plans": [
                    {
                      "Node Type": "Hash Join",
                      "Parent Relationship": "Outer",
                      "Parallel Aware": true,
                      "Join Type": "Inner",
                      "Startup Cost": 29788.7,
                      "Total Cost": 74811.46,
                      "Plan Rows": 16628,
                      "Plan Width": 8,
                      "Actual Startup Time": 114.424,
                      "Actual Total Time": 233.302,
                      "Actual Rows": 64592,
                      "Actual Loops": 5,
                      "Inner Unique": false,
                      "Hash Cond": "(t.id = mc.movie_id)",
                      "Plans": [
                        {
                          "Node Type": "Seq Scan",
                          "Parent Relationship": "Outer",
                          "Parallel Aware": true,
                          "Relation Name": "title",
                          "Alias": "t",
                          "Startup Cost": 0.0,
                          "Total Cost": 43898.92,
                          "Plan Rows": 214041,
                          "Plan Width": 4,
                          "Actual Startup Time": 0.014,
                          "Actual Total Time": 69.277,
                          "Actual Rows": 170843,
                          "Actual Loops": 5,
                          "Filter": "(kind_id < 4)",
                          "Rows Removed by Filter": 334820
                        },
                        {
                          "Node Type": "Hash",
                          "Parent Relationship": "Inner",
                          "Parallel Aware": true,
                          "Startup Cost": 28996.71,
                          "Total Cost": 28996.71,
                          "Plan Rows": 63359,
                          "Plan Width": 4,
                          "Actual Startup Time": 103.811,
                          "Actual Total Time": 103.812,
                          "Actual Rows": 78740,
                          "Actual Loops": 5,
                          "Hash Buckets": 524288,
                          "Original Hash Buckets": 262144,
                          "Hash Batches": 1,
                          "Original Hash Batches": 1,
                          "Peak Memory Usage": 21600,
                          "Plans": [
                            {
                              "Node Type": "Bitmap Heap Scan",
                              "Parent Relationship": "Outer",
                              "Parallel Aware": true,
                              "Relation Name": "movie_companies",
                              "Alias": "mc",
                              "Startup Cost": 8334.88,
                              "Total Cost": 28996.71,
                              "Plan Rows": 63359,
                              "Plan Width": 4,
                              "Actual Startup Time": 31.615,
                              "Actual Total Time": 65.652,
                              "Actual Rows": 78740,
                              "Actual Loops": 5,
                              "Recheck Cond": "(company_id > 82942)",
                              "Rows Removed by Index Recheck": 0,
                              "Filter": "(company_type_id > 1)",
                              "Rows Removed by Filter": 0,
                              "Exact Heap Blocks": 2177,
                              "Lossy Heap Blocks": 0,
                              "Plans": [
                                {
                                  "Node Type": "Bitmap Index Scan",
                                  "Parent Relationship": "Outer",
                                  "Parallel Aware": false,
                                  "Index Name": "company_id_movie_companies",
                                  "Startup Cost": 0.0,
                                  "Total Cost": 8285.77,
                                  "Plan Rows": 386846,
                                  "Plan Width": 0,
                                  "Actual Startup Time": 33.317,
                                  "Actual Total Time": 33.317,
                                  "Actual Rows": 393702,
                                  "Actual Loops": 1,
                                  "Index Cond": "(company_id > 82942)"
                                }
                              ]
                            }
                          ]
                        }
                      ]
                    },
                    {
                      "Node Type": "Index Only Scan",
                      "Parent Relationship": "Inner",
                      "Parallel Aware": false,
                      "Scan Direction": "Forward",
                      "Index Name": "movie_id_movie_info_idx",
                      "Relation Name": "movie_info_idx",
                      "Alias": "mi_idx",
                      "Startup Cost": 0.43,
                      "Total Cost": 0.55,
                      "Plan Rows": 3,
                      "Plan Width": 4,
                      "Actual Startup Time": 0.002,
                      "Actual Total Time": 0.002,
                      "Actual Rows": 1,
                      "Actual Loops": 322959,
                      "Index Cond": "(movie_id = t.id)",
                      "Rows Removed by Index Recheck": 0,
                      "Heap Fetches": 461970
                    }
                  ]
                }
              ]
            }
          ]
        }
      ]
    },
    "Planning Time": 1.477,
    "Triggers": [],
    "Execution Time": 423.727
  }
]