[
  {
    "Plan": {
      "Node Type": "Aggregate",
      "Strategy": "Plain",
      "Partial Mode": "Finalize",
      "Parallel Aware": false,
      "Startup Cost": 46310.02,
      "Total Cost": 46310.03,
      "Plan Rows": 1,
      "Plan Width": 8,
      "Actual Startup Time": 180.637,
      "Actual Total Time": 190.07,
      "Actual Rows": 1,
      "Actual Loops": 1,
      "Plans": [
        {
          "Node Type": "Gather",
          "Parent Relationship": "Outer",
          "Parallel Aware": false,
          "Startup Cost": 46309.7,
          "Total Cost": 46310.01,
          "Plan Rows": 3,
          "Plan Width": 8,
          "Actual Startup Time": 180.481,
          "Actual Total Time": 190.06,
          "Actual Rows": 4,
          "Actual Loops": 1,
          "Workers Planned": 3,
          "Workers Launched": 3,
          "Single Copy": false,
          "Plans": [
            {
              "Node Type": "Aggregate",
              "Strategy": "Plain",
              "Partial Mode": "Partial",
              "Parent Relationship": "Outer",
              "Parallel Aware": false,
              "Startup Cost": 45309.7,
              "Total Cost": 45309.71,
              "Plan Rows": 1,
              "Plan Width": 8,
              "Actual Startup Time": 171.767,
              "Actual Total Time": 171.768,
              "Actual Rows": 1,
              "Actual Loops": 4,
              "Plans": [
                {
                  "Node Type": "Seq Scan",
                  "Parent Relationship": "Outer",
                  "Parallel Aware": true,
                  "Relation Name": "movie_keyword",
                  "Alias": "mk",
                  "Startup Cost": 0.0,
                  "Total Cost": 42695.65,
                  "Plan Rows": 1045620,
                  "Plan Width": 0,
                  "Actual Startup Time": 0.24,
                  "Actual Total Time": 129.972,
                  "Actual Rows": 809958,
                  "Actual Loops": 4,
                  "Filter": "(keyword_id > 1659)",
                  "Rows Removed by Filter": 321024
                }
              ]
            }
          ]
        }
      ]
    },
    "Planning Time": 0.186,
    "Triggers": [],
    "Execution Time": 190.124
  }
]