{
  "Plan": {
    "Node Type": "Aggregate",
    "Strategy": "Plain",
    "Partial Mode": "Finalize",
    "Parallel Aware": false,
    "Startup Cost": 631390.15,
    "Total Cost": 631390.16,
    "Plan Rows": 1,
    "Plan Width": 8,
    "Actual Startup Time": 4498.146,
    "Actual Total Time": 4566.305,
    "Actual Rows": 1,
    "Actual Loops": 1,
    "Plans": [
      {
        "Node Type": "Gather",
        "Parent Relationship": "Outer",
        "Parallel Aware": false,
        "Startup Cost": 631390.03,
        "Total Cost": 631390.14,
        "Plan Rows": 1,
        "Plan Width": 8,
        "Actual Startup Time": 4496.948,
        "Actual Total Time": 4566.294,
        "Actual Rows": 2,
        "Actual Loops": 1,
        "Workers Planned": 1,
        "Workers Launched": 1,
        "Single Copy": false,
        "Plans": [
          {
            "Node Type": "Aggregate",
            "Strategy": "Plain",
            "Partial Mode": "Partial",
            "Parent Relationship": "Outer",
            "Parallel Aware": false,
            "Startup Cost": 630390.03,
            "Total Cost": 630390.04,
            "Plan Rows": 1,
            "Plan Width": 8,
            "Actual Startup Time": 4493.961,
            "Actual Total Time": 4493.965,
            "Actual Rows": 1,
            "Actual Loops": 2,
            "Plans": [
              {
                "Node Type": "Hash Join",
                "Parent Relationship": "Outer",
                "Parallel Aware": true,
                "Join Type": "Inner",
                "Startup Cost": 57418.81,
                "Total Cost": 623563.97,
                "Plan Rows": 2730425,
                "Plan Width": 0,
                "Actual Startup Time": 196.709,
                "Actual Total Time": 4410.805,
                "Actual Rows": 2041709,
                "Actual Loops": 2,
                "Inner Unique": true,
                "Hash Cond": "(ci.movie_id = t.id)",
                "Plans": [
                  {
                    "Node Type": "Seq Scan",
                    "Parent Relationship": "Outer",
                    "Parallel Aware": true,
                    "Relation Name": "cast_info",
                    "Alias": "ci",
                    "Startup Cost": 0.0,
                    "Total Cost": 519069.44,
                    "Plan Rows": 17933576,
                    "Plan Width": 4,
                    "Actual Startup Time": 0.016,
                    "Actual Total Time": 1883.007,
                    "Actual Rows": 15255825,
                    "Actual Loops": 2,
                    "Filter": "(role_id < 9)",
                    "Rows Removed by Filter": 2866347
                  },
                  {
                    "Node Type": "Hash",
                    "Parent Relationship": "Inner",
                    "Parallel Aware": true,
                    "Startup Cost": 54588.39,
                    "Total Cost": 54588.39,
                    "Plan Rows": 226434,
                    "Plan Width": 4,
                    "Actual Startup Time": 191.713,
                    "Actual Total Time": 191.714,
                    "Actual Rows": 197936,
                    "Actual Loops": 2,
                    "Hash Buckets": 524288,
                    "Original Hash Buckets": 524288,
                    "Hash Batches": 1,
                    "Original Hash Batches": 1,
                    "Peak Memory Usage": 19616,
                    "Plans": [
                      {
                        "Node Type": "Seq Scan",
                        "Parent Relationship": "Outer",
                        "Parallel Aware": true,
                        "Relation Name": "title",
                        "Alias": "t",
                        "Startup Cost": 0.0,
                        "Total Cost": 54588.39,
                        "Plan Rows": 226434,
                        "Plan Width": 4,
                        "Actual Startup Time": 0.024,
                        "Actual Total Time": 142.008,
                        "Actual Rows": 197936,
                        "Actual Loops": 2,
                        "Filter": "(production_year < 1972)",
                        "Rows Removed by Filter": 1066220
                      }
                    ]
                  }
                ]
              }
            ]
          }
        ]
      }
    ]
  },
  "Planning Time": 0.441,
  "Triggers": [],
  "Execution Time": 4566.392
}