[
  {
    "Plan": {
      "Node Type": "Aggregate",
      "Strategy": "Plain",
      "Partial Mode": "Finalize",
      "Parallel Aware": false,
      "Startup Cost": 80121.51,
      "Total Cost": 80121.52,
      "Plan Rows": 1,
      "Plan Width": 8,
      "Actual Startup Time": 214.973,
      "Actual Total Time": 249.481,
      "Actual Rows": 1,
      "Actual Loops": 1,
      "Plans": [
        {
          "Node Type": "Gather",
          "Parent Relationship": "Outer",
          "Parallel Aware": false,
          "Startup Cost": 80121.19,
          "Total Cost": 80121.5,
          "Plan Rows": 3,
          "Plan Width": 8,
          "Actual Startup Time": 214.78,
          "Actual Total Time": 249.472,
          "Actual Rows": 4,
          "Actual Loops": 1,
          "Workers Planned": 3,
          "Workers Launched": 3,
          "Single Copy": false,
          "Plans": [
            {
              "Node Type": "Aggregate",
              "Strategy": "Plain",
              "Partial Mode": "Partial",
              "Parent Relationship": "Outer",
              "Parallel Aware": false,
              "Startup Cost": 79121.19,
              "Total Cost": 79121.2,
              "Plan Rows": 1,
              "Plan Width": 8,
              "Actual Startup Time": 205.266,
              "Actual Total Time": 205.268,
              "Actual Rows": 1,
              "Actual Loops": 4,
              "Plans": [
                {
                  "Node Type": "Nested Loop",
                  "Parent Relationship": "Outer",
                  "Parallel Aware": false,
                  "Join Type": "Inner",
                  "Startup Cost": 673.55,
                  "Total Cost": 79111.19,
                  "Plan Rows": 4000,
                  "Plan Width": 0,
                  "Actual Startup Time": 8.793,
                  "Actual Total Time": 204.045,
                  "Actual Rows": 17972,
                  "Actual Loops": 4,
                  "Inner Unique": false,
                  "Plans": [
                    {
                      "Node Type": "Nested Loop",
                      "Parent Relationship": "Outer",
                      "Parallel Aware": false,
                      "Join Type": "Inner",
                      "Startup Cost": 673.12,
                      "Total Cost": 71038.74,
                      "Plan Rows": 3391,
                      "Plan Width": 8,
                      "Actual Startup Time": 8.487,
                      "Actual Total Time": 65.874,
                      "Actual Rows": 5728,
                      "Actual Loops": 4,
                      "Inner Unique": true,
                      "Plans": [
                        {
                          "Node Type": "Bitmap Heap Scan",
                          "Parent Relationship": "Outer",
                          "Parallel Aware": true,
                          "Relation Name": "movie_keyword",
                          "Alias": "mk",
                          "Startup Cost": 672.69,
                          "Total Cost": 26560.77,
                          "Plan Rows": 10167,
                          "Plan Width": 4,
                          "Actual Startup Time": 8.288,
                          "Actual Total Time": 24.432,
                          "Actual Rows": 7360,
                          "Actual Loops": 4,
                          "Recheck Cond": "(keyword_id = 359)",
                          "Rows Removed by Index Recheck": 0,
                          "Exact Heap Blocks": 5737,
                          "Lossy Heap Blocks": 0,
                          "Plans": [
                            {
                              "Node Type": "Bitmap Index Scan",
                              "Parent Relationship": "Outer",
                              "Parallel Aware": false,
                              "Index Name": "keyword_id_movie_keyword",
                              "Startup Cost": 0.0,
                              "Total Cost": 664.81,
                              "Plan Rows": 31517,
                              "Plan Width": 0,
                              "Actual Startup Time": 11.894,
                              "Actual Total Time": 11.895,
                              "Actual Rows": 29440,
                              "Actual Loops": 1,
                              "Index Cond": "(keyword_id = 359)"
                            }
                          ]
                        },
                        {
                          "Node Type": "Index Scan",
                          "Parent Relationship": "Inner",
                          "Parallel Aware": false,
                          "Scan Direction": "Forward",
                          "Index Name": "title_pkey",
                          "Relation Name": "title",
                          "Alias": "t",
                          "Startup Cost": 0.43,
                          "Total Cost": 4.37,
                          "Plan Rows": 1,
                          "Plan Width": 4,
                          "Actual Startup Time": 0.005,
                          "Actual Total Time": 0.005,
                          "Actual Rows": 1,
                          "Actual Loops": 29440,
                          "Index Cond": "(id = mk.movie_id)",
                          "Rows Removed by Index Recheck": 0,
                          "Filter": "(production_year < 1996)",
                          "Rows Removed by Filter": 0
                        }
                      ]
                    },
                    {
                      "Node Type": "Index Scan",
                      "Parent Relationship": "Inner",
                      "Parallel Aware": false,
                      "Scan Direction": "Forward",
                      "Index Name": "movie_id_movie_info",
                      "Relation Name": "movie_info",
                      "Alias": "mi",
                      "Startup Cost": 0.43,
                      "Total Cost": 2.3,
                      "Plan Rows": 8,
                      "Plan Width": 4,
                      "Actual Startup Time": 0.013,
                      "Actual Total Time": 0.024,
                      "Actual Rows": 3,
                      "Actual Loops": 22914,
                      "Index Cond": "(movie_id = t.id)",
                      "Rows Removed by Index Recheck": 0,
                      "Filter": "(info_type_id = 16)",
                      "Rows Removed by Filter": 20
                    }
                  ]
                }
              ]
            }
          ]
        }
      ]
    },
    "Planning Time": 1.347,
    "Triggers": [],
    "Execution Time": 249.585
  }
]