[
  {
    "Plan": {
      "Node Type": "Aggregate",
      "Strategy": "Plain",
      "Partial Mode": "Finalize",
      "Parallel Aware": false,
      "Startup Cost": 96869.83,
      "Total Cost": 96869.84,
      "Plan Rows": 1,
      "Plan Width": 8,
      "Actual Startup Time": 722.581,
      "Actual Total Time": 737.45,
      "Actual Rows": 1,
      "Actual Loops": 1,
      "Plans": [
        {
          "Node Type": "Gather",
          "Parent Relationship": "Outer",
          "Parallel Aware": false,
          "Startup Cost": 96869.61,
          "Total Cost": 96869.82,
          "Plan Rows": 2,
          "Plan Width": 8,
          "Actual Startup Time": 713.841,
          "Actual Total Time": 737.441,
          "Actual Rows": 3,
          "Actual Loops": 1,
          "Workers Planned": 2,
          "Workers Launched": 2,
          "Single Copy": false,
          "Plans": [
            {
              "Node Type": "Aggregate",
              "Strategy": "Plain",
              "Partial Mode": "Partial",
              "Parent Relationship": "Outer",
              "Parallel Aware": false,
              "Startup Cost": 95869.61,
              "Total Cost": 95869.62,
              "Plan Rows": 1,
              "Plan Width": 8,
              "Actual Startup Time": 708.584,
              "Actual Total Time": 708.949,
              "Actual Rows": 1,
              "Actual Loops": 3,
              "Plans": [
                {
                  "Node Type": "Hash Join",
                  "Parent Relationship": "Outer",
                  "Parallel Aware": true,
                  "Join Type": "Inner",
                  "Startup Cost": 79380.04,
                  "Total Cost": 95586.63,
                  "Plan Rows": 113194,
                  "Plan Width": 0,
                  "Actual Startup Time": 522.221,
                  "Actual Total Time": 679.803,
                  "Actual Rows": 620318,
                  "Actual Loops": 3,
                  "Inner Unique": false,
                  "Hash Cond": "(mi_idx.movie_id = t.id)",
                  "Plans": [
                    {
                      "Node Type": "Seq Scan",
                      "Parent Relationship": "Outer",
                      "Parallel Aware": true,
                      "Relation Name": "movie_info_idx",
                      "Alias": "mi_idx",
                      "Startup Cost": 0.0,
                      "Total Cost": 13685.15,
                      "Plan Rows": 575015,
                      "Plan Width": 4,
                      "Actual Startup Time": 0.016,
                      "Actual Total Time": 40.587,
                      "Actual Rows": 460012,
                      "Actual Loops": 3
                    },
                    {
                      "Node Type": "Hash",
                      "Parent Relationship": "Inner",
                      "Parallel Aware": true,
                      "Startup Cost": 77373.05,
                      "Total Cost": 77373.05,
                      "Plan Rows": 160559,
                      "Plan Width": 8,
                      "Actual Startup Time": 518.178,
                      "Actual Total Time": 518.541,
                      "Actual Rows": 319136,
                      "Actual Loops": 3,
                      "Hash Buckets": 1048576,
                      "Original Hash Buckets": 524288,
                      "Hash Batches": 1,
                      "Original Hash Batches": 1,
                      "Peak Memory Usage": 49792,
                      "Plans": [
                        {
                          "Node Type": "Hash Join",
                          "Parent Relationship": "Outer",
                          "Parallel Aware": true,
                          "Join Type": "Inner",
                          "Startup Cost": 46982.15,
                          "Total Cost": 77373.05,
                          "Plan Rows": 160559,
                          "Plan Width": 8,
                          "Actual Startup Time": 222.46,
                          "Actual Total Time": 431.001,
                          "Actual Rows": 319136,
                          "Actual Loops": 3,
                          "Inner Unique": true,
                          "Hash Cond": "(mc.movie_id = t.id)",
                          "Plans": [
                            {
                              "Node Type": "Seq Scan",
                              "Parent Relationship": "Outer",
                              "Parallel Aware": true,
                              "Relation Name": "movie_companies",
                              "Alias": "mc",
                              "Startup Cost": 0.0,
                              "Total Cost": 29310.68,
                              "Plan Rows": 411513,
                              "Plan Width": 4,
                              "Actual Startup Time": 0.008,
                              "Actual Total Time": 90.299,
                              "Actual Rows": 424749,
                              "Actual Loops": 3,
                              "Filter": "(company_type_id < 2)",
                              "Rows Removed by Filter": 444961
                            },
                            {
                              "Node Type": "Hash",
                              "Parent Relationship": "Inner",
                              "Parallel Aware": true,
                              "Startup Cost": 43899.32,
                              "Total Cost": 43899.32,
                              "Plan Rows": 246626,
                              "Plan Width": 4,
                              "Actual Startup Time": 218.072,
                              "Actual Total Time": 218.073,
                              "Actual Rows": 328349,
                              "Actual Loops": 3,
                              "Hash Buckets": 1048576,
                              "Original Hash Buckets": 1048576,
                              "Hash Batches": 1,
                              "Original Hash Batches": 1,
                              "Peak Memory Usage": 46784,
                              "Plans": [
                                {
                                  "Node Type": "Seq Scan",
                                  "Parent Relationship": "Outer",
                                  "Parallel Aware": true,
                                  "Relation Name": "title",
                                  "Alias": "t",
                                  "Startup Cost": 0.0,
                                  "Total Cost": 43899.32,
                                  "Plan Rows": 246626,
                                  "Plan Width": 4,
                                  "Actual Startup Time": 0.04,
                                  "Actual Total Time": 124.099,
                                  "Actual Rows": 328349,
                                  "Actual Loops": 3,
                                  "Filter": "(kind_id < 7)",
                                  "Rows Removed by Filter": 514421
                                }
                              ]
                            }
                          ]
                        }
                      ]
                    }
                  ]
                }
              ]
            }
          ]
        }
      ]
    },
    "Planning Time": 1.148,
    "Triggers": [],
    "Execution Time": 737.524
  }
]