[
  {
    "Plan": {
      "Node Type": "Aggregate",
      "Strategy": "Plain",
      "Partial Mode": "Finalize",
      "Parallel Aware": false,
      "Startup Cost": 46492.1,
      "Total Cost": 46492.11,
      "Plan Rows": 1,
      "Plan Width": 8,
      "Actual Startup Time": 89.536,
      "Actual Total Time": 100.675,
      "Actual Rows": 1,
      "Actual Loops": 1,
      "Plans": [
        {
          "Node Type": "Gather",
          "Parent Relationship": "Outer",
          "Parallel Aware": false,
          "Startup Cost": 46491.68,
          "Total Cost": 46492.09,
          "Plan Rows": 4,
          "Plan Width": 8,
          "Actual Startup Time": 89.396,
          "Actual Total Time": 100.667,
          "Actual Rows": 5,
          "Actual Loops": 1,
          "Workers Planned": 4,
          "Workers Launched": 4,
          "Single Copy": false,
          "Plans": [
            {
              "Node Type": "Aggregate",
              "Strategy": "Plain",
              "Partial Mode": "Partial",
              "Parent Relationship": "Outer",
              "Parallel Aware": false,
              "Startup Cost": 45491.68,
              "Total Cost": 45491.69,
              "Plan Rows": 1,
              "Plan Width": 8,
              "Actual Startup Time": 82.087,
              "Actual Total Time": 82.088,
              "Actual Rows": 1,
              "Actual Loops": 5,
              "Plans": [
                {
                  "Node Type": "Seq Scan",
                  "Parent Relationship": "Outer",
                  "Parallel Aware": true,
                  "Relation Name": "title",
                  "Alias": "t",
                  "Startup Cost": 0.0,
                  "Total Cost": 45479.1,
                  "Plan Rows": 5032,
                  "Plan Width": 0,
                  "Actual Startup Time": 0.31,
                  "Actual Total Time": 81.776,
                  "Actual Rows": 3471,
                  "Actual Loops": 5,
                  "Filter": "((kind_id < 7) AND (production_year = 2000))",
                  "Rows Removed by Filter": 502191
                }
              ]
            }
          ]
        }
      ]
    },
    "Planning Time": 0.132,
    "Triggers": [],
    "Execution Time": 100.72
  }
]