{
  "Plan": {
    "Node Type": "Aggregate",
    "Strategy": "Plain",
    "Partial Mode": "Finalize",
    "Parallel Aware": false,
    "Startup Cost": 298438.43,
    "Total Cost": 298438.44,
    "Plan Rows": 1,
    "Plan Width": 8,
    "Actual Startup Time": 1871.881,
    "Actual Total Time": 1908.89,
    "Actual Rows": 1,
    "Actual Loops": 1,
    "Plans": [
      {
        "Node Type": "Gather",
        "Parent Relationship": "Outer",
        "Parallel Aware": false,
        "Startup Cost": 298438.31,
        "Total Cost": 298438.42,
        "Plan Rows": 1,
        "Plan Width": 8,
        "Actual Startup Time": 1867.881,
        "Actual Total Time": 1908.883,
        "Actual Rows": 2,
        "Actual Loops": 1,
        "Workers Planned": 1,
        "Workers Launched": 1,
        "Single Copy": false,
        "Plans": [
          {
            "Node Type": "Aggregate",
            "Strategy": "Plain",
            "Partial Mode": "Partial",
            "Parent Relationship": "Outer",
            "Parallel Aware": false,
            "Startup Cost": 297438.31,
            "Total Cost": 297438.32,
            "Plan Rows": 1,
            "Plan Width": 8,
            "Actual Startup Time": 1861.58,
            "Actual Total Time": 1861.584,
            "Actual Rows": 1,
            "Actual Loops": 2,
            "Plans": [
              {
                "Node Type": "Merge Join",
                "Parent Relationship": "Outer",
                "Parallel Aware": false,
                "Join Type": "Inner",
                "Startup Cost": 124287.9,
                "Total Cost": 296981.32,
                "Plan Rows": 182796,
                "Plan Width": 0,
                "Actual Startup Time": 954.763,
                "Actual Total Time": 1770.478,
                "Actual Rows": 2116272,
                "Actual Loops": 2,
                "Inner Unique": false,
                "Merge Cond": "(mk.movie_id = t.id)",
                "Plans": [
                  {
                    "Node Type": "Index Scan",
                    "Parent Relationship": "Outer",
                    "Parallel Aware": true,
                    "Scan Direction": "Forward",
                    "Index Name": "movie_id_movie_keyword",
                    "Relation Name": "movie_keyword",
                    "Alias": "mk",
                    "Startup Cost": 0.43,
                    "Total Cost": 165212.95,
                    "Plan Rows": 1726351,
                    "Plan Width": 4,
                    "Actual Startup Time": 1.367,
                    "Actual Total Time": 394.225,
                    "Actual Rows": 1461388,
                    "Actual Loops": 2,
                    "Filter": "(keyword_id > 2481)",
                    "Rows Removed by Filter": 800559
                  },
                  {
                    "Node Type": "Sort",
                    "Parent Relationship": "Inner",
                    "Parallel Aware": false,
                    "Startup Cost": 124287.33,
                    "Total Cost": 124956.6,
                    "Plan Rows": 267710,
                    "Plan Width": 8,
                    "Actual Startup Time": 953.322,
                    "Actual Total Time": 1051.408,
                    "Actual Rows": 2551320,
                    "Actual Loops": 2,
                    "Sort Key": [
                      "mi_idx.movie_id"
                    ],
                    "Sort Method": "quicksort",
                    "Sort Space Used": 52867,
                    "Sort Space Type": "Memory",
                    "Workers": [
                      {
                        "Worker Number": 0,
                        "Sort Method": "quicksort",
                        "Sort Space Used": 52867,
                        "Sort Space Type": "Memory"
                      }
                    ],
                    "Plans": [
                      {
                        "Node Type": "Hash Join",
                        "Parent Relationship": "Outer",
                        "Parallel Aware": false,
                        "Join Type": "Inner",
                        "Startup Cost": 74794.9,
                        "Total Cost": 100152.85,
                        "Plan Rows": 267710,
                        "Plan Width": 8,
                        "Actual Startup Time": 396.106,
                        "Actual Total Time": 789.348,
                        "Actual Rows": 603529,
                        "Actual Loops": 2,
                        "Inner Unique": true,
                        "Hash Cond": "(mi_idx.movie_id = t.id)",
                        "Plans": [
                          {
                            "Node Type": "Seq Scan",
                            "Parent Relationship": "Outer",
                            "Parallel Aware": false,
                            "Relation Name": "movie_info_idx",
                            "Alias": "mi_idx",
                            "Startup Cost": 0.0,
                            "Total Cost": 21735.35,
                            "Plan Rows": 1380035,
                            "Plan Width": 4,
                            "Actual Startup Time": 0.051,
                            "Actual Total Time": 120.565,
                            "Actual Rows": 1380035,
                            "Actual Loops": 2
                          },
                          {
                            "Node Type": "Hash",
                            "Parent Relationship": "Inner",
                            "Parallel Aware": false,
                            "Startup Cost": 68664.17,
                            "Total Cost": 68664.17,
                            "Plan Rows": 490458,
                            "Plan Width": 4,
                            "Actual Startup Time": 389.935,
                            "Actual Total Time": 389.937,
                            "Actual Rows": 581419,
                            "Actual Loops": 2,
                            "Hash Buckets": 1048576,
                            "Original Hash Buckets": 524288,
                            "Hash Batches": 1,
                            "Original Hash Batches": 1,
                            "Peak Memory Usage": 28633,
                            "Plans": [
                              {
                                "Node Type": "Bitmap Heap Scan",
                                "Parent Relationship": "Outer",
                                "Parallel Aware": false,
                                "Relation Name": "title",
                                "Alias": "t",
                                "Startup Cost": 17794.75,
                                "Total Cost": 68664.17,
                                "Plan Rows": 490458,
                                "Plan Width": 4,
                                "Actual Startup Time": 55.447,
                                "Actual Total Time": 251.627,
                                "Actual Rows": 581419,
                                "Actual Loops": 2,
                                "Recheck Cond": "(kind_id < 7)",
                                "Rows Removed by Index Recheck": 0,
                                "Filter": "(production_year < 2004)",
                                "Rows Removed by Filter": 403629,
                                "Exact Heap Blocks": 35472,
                                "Lossy Heap Blocks": 0,
                                "Plans": [
                                  {
                                    "Node Type": "Bitmap Index Scan",
                                    "Parent Relationship": "Outer",
                                    "Parallel Aware": false,
                                    "Index Name": "kind_id_title",
                                    "Startup Cost": 0.0,
                                    "Total Cost": 17672.14,
                                    "Plan Rows": 991428,
                                    "Plan Width": 0,
                                    "Actual Startup Time": 50.599,
                                    "Actual Total Time": 50.599,
                                    "Actual Rows": 985048,
                                    "Actual Loops": 2,
                                    "Index Cond": "(kind_id < 7)"
                                  }
                                ]
                              }
                            ]
                          }
                        ]
                      }
                    ]
                  }
                ]
              }
            ]
          }
        ]
      }
    ]
  },
  "Planning Time": 1.026,
  "Triggers": [],
  "Execution Time": 1916.849
}