[
  {
    "Plan": {
      "Node Type": "Aggregate",
      "Strategy": "Plain",
      "Partial Mode": "Finalize",
      "Parallel Aware": false,
      "Startup Cost": 424383.76,
      "Total Cost": 424383.77,
      "Plan Rows": 1,
      "Plan Width": 8,
      "Actual Startup Time": 1342.936,
      "Actual Total Time": 1407.437,
      "Actual Rows": 1,
      "Actual Loops": 1,
      "Plans": [
        {
          "Node Type": "Gather",
          "Parent Relationship": "Outer",
          "Parallel Aware": false,
          "Startup Cost": 424383.44,
          "Total Cost": 424383.75,
          "Plan Rows": 3,
          "Plan Width": 8,
          "Actual Startup Time": 1335.336,
          "Actual Total Time": 1407.427,
          "Actual Rows": 4,
          "Actual Loops": 1,
          "Workers Planned": 3,
          "Workers Launched": 3,
          "Single Copy": false,
          "Plans": [
            {
              "Node Type": "Aggregate",
              "Strategy": "Plain",
              "Partial Mode": "Partial",
              "Parent Relationship": "Outer",
              "Parallel Aware": false,
              "Startup Cost": 423383.44,
              "Total Cost": 423383.45,
              "Plan Rows": 1,
              "Plan Width": 8,
              "Actual Startup Time": 1328.637,
              "Actual Total Time": 1328.643,
              "Actual Rows": 1,
              "Actual Loops": 4,
              "Plans": [
                {
                  "Node Type": "Hash Join",
                  "Parent Relationship": "Outer",
                  "Parallel Aware": true,
                  "Join Type": "Inner",
                  "Startup Cost": 391774.47,
                  "Total Cost": 423090.25,
                  "Plan Rows": 117277,
                  "Plan Width": 0,
                  "Actual Startup Time": 1188.27,
                  "Actual Total Time": 1323.356,
                  "Actual Rows": 127860,
                  "Actual Loops": 4,
                  "Inner Unique": false,
                  "Hash Cond": "(mc.movie_id = t.id)",
                  "Plans": [
                    {
                      "Node Type": "Seq Scan",
                      "Parent Relationship": "Outer",
                      "Parallel Aware": true,
                      "Relation Name": "movie_companies",
                      "Alias": "mc",
                      "Startup Cost": 0.0,
                      "Total Cost": 29310.68,
                      "Plan Rows": 482569,
                      "Plan Width": 4,
                      "Actual Startup Time": 5.05,
                      "Actual Total Time": 67.398,
                      "Actual Rows": 372080,
                      "Actual Loops": 4,
                      "Filter": "(company_id > 7851)",
                      "Rows Removed by Filter": 280202
                    },
                    {
                      "Node Type": "Hash",
                      "Parent Relationship": "Inner",
                      "Parallel Aware": true,
                      "Startup Cost": 390494.32,
                      "Total Cost": 390494.32,
                      "Plan Rows": 102412,
                      "Plan Width": 8,
                      "Actual Startup Time": 1180.114,
                      "Actual Total Time": 1180.118,
                      "Actual Rows": 96375,
                      "Actual Loops": 4,
                      "Hash Buckets": 1048576,
                      "Original Hash Buckets": 1048576,
                      "Hash Batches": 1,
                      "Original Hash Batches": 1,
                      "Peak Memory Usage": 23360,
                      "Plans": [
                        {
                          "Node Type": "Hash Join",
                          "Parent Relationship": "Outer",
                          "Parallel Aware": true,
                          "Join Type": "Inner",
                          "Startup Cost": 46289.28,
                          "Total Cost": 390494.32,
                          "Plan Rows": 102412,
                          "Plan Width": 8,
                          "Actual Startup Time": 654.254,
                          "Actual Total Time": 1141.054,
                          "Actual Rows": 96375,
                          "Actual Loops": 4,
                          "Inner Unique": true,
                          "Hash Cond": "(ci.movie_id = t.id)",
                          "Plans": [
                            {
                              "Node Type": "Seq Scan",
                              "Parent Relationship": "Outer",
                              "Parallel Aware": true,
                              "Relation Name": "cast_info",
                              "Alias": "ci",
                              "Startup Cost": 0.0,
                              "Total Cost": 343316.27,
                              "Plan Rows": 338579,
                              "Plan Width": 4,
                              "Actual Startup Time": 480.182,
                              "Actual Total Time": 849.855,
                              "Actual Rows": 328790,
                              "Actual Loops": 4,
                              "Filter": "((person_id < 461522) AND (role_id > 2))",
                              "Rows Removed by Filter": 8732296
                            },
                            {
                              "Node Type": "Hash",
                              "Parent Relationship": "Inner",
                              "Parallel Aware": true,
                              "Startup Cost": 43899.32,
                              "Total Cost": 43899.32,
                              "Plan Rows": 191197,
                              "Plan Width": 4,
                              "Actual Startup Time": 172.013,
                              "Actual Total Time": 172.014,
                              "Actual Rows": 195669,
                              "Actual Loops": 4,
                              "Hash Buckets": 1048576,
                              "Original Hash Buckets": 1048576,
                              "Hash Batches": 1,
                              "Original Hash Batches": 1,
                              "Peak Memory Usage": 38880,
                              "Plans": [
                                {
                                  "Node Type": "Seq Scan",
                                  "Parent Relationship": "Outer",
                                  "Parallel Aware": true,
                                  "Relation Name": "title",
                                  "Alias": "t",
                                  "Startup Cost": 0.0,
                                  "Total Cost": 43899.32,
                                  "Plan Rows": 191197,
                                  "Plan Width": 4,
                                  "Actual Startup Time": 0.032,
                                  "Actual Total Time": 98.989,
                                  "Actual Rows": 195669,
                                  "Actual Loops": 4,
                                  "Filter": "(production_year < 1994)",
                                  "Rows Removed by Filter": 436409
                                }
                              ]
                            }
                          ]
                        }
                      ]
                    }
                  ]
                }
              ]
            }
          ]
        }
      ]
    },
    "Planning Time": 0.585,
    "Triggers": [],
    "Execution Time": 1407.506
  }
]