[
  {
    "Plan": {
      "Node Type": "Aggregate",
      "Strategy": "Plain",
      "Partial Mode": "Finalize",
      "Parallel Aware": false,
      "Startup Cost": 77124.58,
      "Total Cost": 77124.59,
      "Plan Rows": 1,
      "Plan Width": 8,
      "Actual Startup Time": 404.748,
      "Actual Total Time": 419.739,
      "Actual Rows": 1,
      "Actual Loops": 1,
      "Plans": [
        {
          "Node Type": "Gather",
          "Parent Relationship": "Outer",
          "Parallel Aware": false,
          "Startup Cost": 77124.16,
          "Total Cost": 77124.57,
          "Plan Rows": 4,
          "Plan Width": 8,
          "Actual Startup Time": 393.391,
          "Actual Total Time": 419.729,
          "Actual Rows": 5,
          "Actual Loops": 1,
          "Workers Planned": 4,
          "Workers Launched": 4,
          "Single Copy": false,
          "Plans": [
            {
              "Node Type": "Aggregate",
              "Strategy": "Plain",
              "Partial Mode": "Partial",
              "Parent Relationship": "Outer",
              "Parallel Aware": false,
              "Startup Cost": 76124.16,
              "Total Cost": 76124.17,
              "Plan Rows": 1,
              "Plan Width": 8,
              "Actual Startup Time": 372.636,
              "Actual Total Time": 372.639,
              "Actual Rows": 1,
              "Actual Loops": 5,
              "Plans": [
                {
                  "Node Type": "Hash Join",
                  "Parent Relationship": "Outer",
                  "Parallel Aware": true,
                  "Join Type": "Inner",
                  "Startup Cost": 50220.21,
                  "Total Cost": 75821.78,
                  "Plan Rows": 120954,
                  "Plan Width": 0,
                  "Actual Startup Time": 272.086,
                  "Actual Total Time": 367.182,
                  "Actual Rows": 133545,
                  "Actual Loops": 5,
                  "Inner Unique": true,
                  "Hash Cond": "(ci.movie_id = t.id)",
                  "Plans": [
                    {
                      "Node Type": "Index Scan",
                      "Parent Relationship": "Outer",
                      "Parallel Aware": true,
                      "Scan Direction": "Forward",
                      "Index Name": "role_id_cast_info",
                      "Relation Name": "cast_info",
                      "Alias": "ci",
                      "Startup Cost": 0.56,
                      "Total Cost": 25284.63,
                      "Plan Rows": 120954,
                      "Plan Width": 4,
                      "Actual Startup Time": 0.258,
                      "Actual Total Time": 30.857,
                      "Actual Rows": 133545,
                      "Actual Loops": 5,
                      "Index Cond": "(role_id = 5)",
                      "Rows Removed by Index Recheck": 0,
                      "Filter": "(person_id > 1672166)",
                      "Rows Removed by Filter": 46133
                    },
                    {
                      "Node Type": "Hash",
                      "Parent Relationship": "Inner",
                      "Parallel Aware": true,
                      "Startup Cost": 42318.73,
                      "Total Cost": 42318.73,
                      "Plan Rows": 632073,
                      "Plan Width": 4,
                      "Actual Startup Time": 262.494,
                      "Actual Total Time": 262.495,
                      "Actual Rows": 505662,
                      "Actual Loops": 5,
                      "Hash Buckets": 4194304,
                      "Original Hash Buckets": 4194304,
                      "Hash Batches": 1,
                      "Original Hash Batches": 1,
                      "Peak Memory Usage": 131744,
                      "Plans": [
                        {
                          "Node Type": "Seq Scan",
                          "Parent Relationship": "Outer",
                          "Parallel Aware": true,
                          "Relation Name": "title",
                          "Alias": "t",
                          "Startup Cost": 0.0,
                          "Total Cost": 42318.73,
                          "Plan Rows": 632073,
                          "Plan Width": 4,
                          "Actual Startup Time": 0.035,
                          "Actual Total Time": 77.948,
                          "Actual Rows": 505662,
                          "Actual Loops": 5
                        }
                      ]
                    }
                  ]
                }
              ]
            }
          ]
        }
      ]
    },
    "Planning Time": 0.619,
    "Triggers": [],
    "Execution Time": 419.813
  }
]