[
  {
    "Plan": {
      "Node Type": "Aggregate",
      "Strategy": "Plain",
      "Partial Mode": "Finalize",
      "Parallel Aware": false,
      "Startup Cost": 79564.25,
      "Total Cost": 79564.26,
      "Plan Rows": 1,
      "Plan Width": 8,
      "Actual Startup Time": 276.46,
      "Actual Total Time": 290.625,
      "Actual Rows": 1,
      "Actual Loops": 1,
      "Plans": [
        {
          "Node Type": "Gather",
          "Parent Relationship": "Outer",
          "Parallel Aware": false,
          "Startup Cost": 79563.83,
          "Total Cost": 79564.24,
          "Plan Rows": 4,
          "Plan Width": 8,
          "Actual Startup Time": 273.504,
          "Actual Total Time": 290.615,
          "Actual Rows": 5,
          "Actual Loops": 1,
          "Workers Planned": 4,
          "Workers Launched": 4,
          "Single Copy": false,
          "Plans": [
            {
              "Node Type": "Aggregate",
              "Strategy": "Plain",
              "Partial Mode": "Partial",
              "Parent Relationship": "Outer",
              "Parallel Aware": false,
              "Startup Cost": 78563.83,
              "Total Cost": 78563.84,
              "Plan Rows": 1,
              "Plan Width": 8,
              "Actual Startup Time": 264.79,
              "Actual Total Time": 264.794,
              "Actual Rows": 1,
              "Actual Loops": 5,
              "Plans": [
                {
                  "Node Type": "Hash Join",
                  "Parent Relationship": "Outer",
                  "Parallel Aware": true,
                  "Join Type": "Inner",
                  "Startup Cost": 32647.23,
                  "Total Cost": 78372.81,
                  "Plan Rows": 76410,
                  "Plan Width": 0,
                  "Actual Startup Time": 98.199,
                  "Actual Total Time": 260.763,
                  "Actual Rows": 88920,
                  "Actual Loops": 5,
                  "Inner Unique": false,
                  "Hash Cond": "(t.id = mc.movie_id)",
                  "Plans": [
                    {
                      "Node Type": "Seq Scan",
                      "Parent Relationship": "Outer",
                      "Parallel Aware": true,
                      "Relation Name": "title",
                      "Alias": "t",
                      "Startup Cost": 0.0,
                      "Total Cost": 42318.73,
                      "Plan Rows": 632073,
                      "Plan Width": 4,
                      "Actual Startup Time": 0.012,
                      "Actual Total Time": 63.902,
                      "Actual Rows": 505662,
                      "Actual Loops": 5
                    },
                    {
                      "Node Type": "Hash",
                      "Parent Relationship": "Inner",
                      "Parallel Aware": true,
                      "Startup Cost": 31414.82,
                      "Total Cost": 31414.82,
                      "Plan Rows": 98593,
                      "Plan Width": 4,
                      "Actual Startup Time": 95.3,
                      "Actual Total Time": 95.302,
                      "Actual Rows": 88920,
                      "Actual Loops": 5,
                      "Hash Buckets": 524288,
                      "Original Hash Buckets": 524288,
                      "Hash Batches": 1,
                      "Original Hash Batches": 1,
                      "Peak Memory Usage": 21568,
                      "Plans": [
                        {
                          "Node Type": "Seq Scan",
                          "Parent Relationship": "Outer",
                          "Parallel Aware": true,
                          "Relation Name": "movie_companies",
                          "Alias": "mc",
                          "Startup Cost": 0.0,
                          "Total Cost": 31414.82,
                          "Plan Rows": 98593,
                          "Plan Width": 4,
                          "Actual Startup Time": 0.052,
                          "Actual Total Time": 61.961,
                          "Actual Rows": 88920,
                          "Actual Loops": 5,
                          "Filter": "((company_id < 764) AND (company_type_id = 1))",
                          "Rows Removed by Filter": 432906
                        }
                      ]
                    }
                  ]
                }
              ]
            }
          ]
        }
      ]
    },
    "Planning Time": 0.672,
    "Triggers": [],
    "Execution Time": 290.693
  }
]