{
  "Plan": {
    "Node Type": "Aggregate",
    "Strategy": "Plain",
    "Partial Mode": "Finalize",
    "Parallel Aware": false,
    "Startup Cost": 713054.96,
    "Total Cost": 713054.97,
    "Plan Rows": 1,
    "Plan Width": 8,
    "Actual Startup Time": 7957.116,
    "Actual Total Time": 8014.635,
    "Actual Rows": 1,
    "Actual Loops": 1,
    "Plans": [
      {
        "Node Type": "Gather",
        "Parent Relationship": "Outer",
        "Parallel Aware": false,
        "Startup Cost": 713054.85,
        "Total Cost": 713054.96,
        "Plan Rows": 1,
        "Plan Width": 8,
        "Actual Startup Time": 7952.561,
        "Actual Total Time": 8014.627,
        "Actual Rows": 2,
        "Actual Loops": 1,
        "Workers Planned": 1,
        "Workers Launched": 1,
        "Single Copy": false,
        "Plans": [
          {
            "Node Type": "Aggregate",
            "Strategy": "Plain",
            "Partial Mode": "Partial",
            "Parent Relationship": "Outer",
            "Parallel Aware": false,
            "Startup Cost": 712054.85,
            "Total Cost": 712054.86,
            "Plan Rows": 1,
            "Plan Width": 8,
            "Actual Startup Time": 7946.119,
            "Actual Total Time": 7946.125,
            "Actual Rows": 1,
            "Actual Loops": 2,
            "Plans": [
              {
                "Node Type": "Hash Join",
                "Parent Relationship": "Outer",
                "Parallel Aware": true,
                "Join Type": "Inner",
                "Startup Cost": 110098.56,
                "Total Cost": 695278.95,
                "Plan Rows": 6710357,
                "Plan Width": 0,
                "Actual Startup Time": 808.812,
                "Actual Total Time": 7458.399,
                "Actual Rows": 12020691,
                "Actual Loops": 2,
                "Inner Unique": false,
                "Hash Cond": "(ci.movie_id = t.id)",
                "Plans": [
                  {
                    "Node Type": "Seq Scan",
                    "Parent Relationship": "Outer",
                    "Parallel Aware": true,
                    "Relation Name": "cast_info",
                    "Alias": "ci",
                    "Startup Cost": 0.0,
                    "Total Cost": 465792.95,
                    "Plan Rows": 21310595,
                    "Plan Width": 4,
                    "Actual Startup Time": 0.015,
                    "Actual Total Time": 1321.473,
                    "Actual Rows": 18122172,
                    "Actual Loops": 2
                  },
                  {
                    "Node Type": "Hash",
                    "Parent Relationship": "Inner",
                    "Parallel Aware": true,
                    "Startup Cost": 104244.75,
                    "Total Cost": 104244.75,
                    "Plan Rows": 468305,
                    "Plan Width": 8,
                    "Actual Startup Time": 799.474,
                    "Actual Total Time": 799.478,
                    "Actual Rows": 485397,
                    "Actual Loops": 2,
                    "Hash Buckets": 1048576,
                    "Original Hash Buckets": 1048576,
                    "Hash Batches": 1,
                    "Original Hash Batches": 1,
                    "Peak Memory Usage": 46176,
                    "Plans": [
                      {
                        "Node Type": "Hash Join",
                        "Parent Relationship": "Outer",
                        "Parallel Aware": true,
                        "Join Type": "Inner",
                        "Startup Cost": 63785.03,
                        "Total Cost": 104244.75,
                        "Plan Rows": 468305,
                        "Plan Width": 8,
                        "Actual Startup Time": 348.146,
                        "Actual Total Time": 685.511,
                        "Actual Rows": 485397,
                        "Actual Loops": 2,
                        "Inner Unique": true,
                        "Hash Cond": "(mc.movie_id = t.id)",
                        "Plans": [
                          {
                            "Node Type": "Seq Scan",
                            "Parent Relationship": "Outer",
                            "Parallel Aware": true,
                            "Relation Name": "movie_companies",
                            "Alias": "mc",
                            "Startup Cost": 0.0,
                            "Total Cost": 37974.77,
                            "Plan Rows": 946647,
                            "Plan Width": 4,
                            "Actual Startup Time": 3.193,
                            "Actual Total Time": 119.783,
                            "Actual Rows": 804524,
                            "Actual Loops": 2,
                            "Filter": "(company_id > 4626)",
                            "Rows Removed by Filter": 500040
                          },
                          {
                            "Node Type": "Hash",
                            "Parent Relationship": "Inner",
                            "Parallel Aware": true,
                            "Startup Cost": 54588.39,
                            "Total Cost": 54588.39,
                            "Plan Rows": 735731,
                            "Plan Width": 4,
                            "Actual Startup Time": 335.27,
                            "Actual Total Time": 335.27,
                            "Actual Rows": 631850,
                            "Actual Loops": 2,
                            "Hash Buckets": 2097152,
                            "Original Hash Buckets": 2097152,
                            "Hash Batches": 1,
                            "Original Hash Batches": 1,
                            "Peak Memory Usage": 65856,
                            "Plans": [
                              {
                                "Node Type": "Seq Scan",
                                "Parent Relationship": "Outer",
                                "Parallel Aware": true,
                                "Relation Name": "title",
                                "Alias": "t",
                                "Startup Cost": 0.0,
                                "Total Cost": 54588.39,
                                "Plan Rows": 735731,
                                "Plan Width": 4,
                                "Actual Startup Time": 0.037,
                                "Actual Total Time": 158.926,
                                "Actual Rows": 631850,
                                "Actual Loops": 2,
                                "Filter": "(production_year < 2004)",
                                "Rows Removed by Filter": 632306
                              }
                            ]
                          }
                        ]
                      }
                    ]
                  }
                ]
              }
            ]
          }
        ]
      }
    ]
  },
  "Planning Time": 0.971,
  "Triggers": [],
  "Execution Time": 8014.73
}