{
  "Plan": {
    "Node Type": "Aggregate",
    "Strategy": "Plain",
    "Partial Mode": "Finalize",
    "Parallel Aware": false,
    "Startup Cost": 338325.89,
    "Total Cost": 338325.9,
    "Plan Rows": 1,
    "Plan Width": 8,
    "Actual Startup Time": 979.737,
    "Actual Total Time": 1029.819,
    "Actual Rows": 1,
    "Actual Loops": 1,
    "Plans": [
      {
        "Node Type": "Gather",
        "Parent Relationship": "Outer",
        "Parallel Aware": false,
        "Startup Cost": 338325.77,
        "Total Cost": 338325.88,
        "Plan Rows": 1,
        "Plan Width": 8,
        "Actual Startup Time": 979.478,
        "Actual Total Time": 1029.809,
        "Actual Rows": 2,
        "Actual Loops": 1,
        "Workers Planned": 1,
        "Workers Launched": 1,
        "Single Copy": false,
        "Plans": [
          {
            "Node Type": "Aggregate",
            "Strategy": "Plain",
            "Partial Mode": "Partial",
            "Parent Relationship": "Outer",
            "Parallel Aware": false,
            "Startup Cost": 337325.77,
            "Total Cost": 337325.78,
            "Plan Rows": 1,
            "Plan Width": 8,
            "Actual Startup Time": 975.555,
            "Actual Total Time": 975.564,
            "Actual Rows": 1,
            "Actual Loops": 2,
            "Plans": [
              {
                "Node Type": "Hash Join",
                "Parent Relationship": "Outer",
                "Parallel Aware": true,
                "Join Type": "Inner",
                "Startup Cost": 58406.12,
                "Total Cost": 337284.0,
                "Plan Rows": 16708,
                "Plan Width": 0,
                "Actual Startup Time": 179.649,
                "Actual Total Time": 975.07,
                "Actual Rows": 8638,
                "Actual Loops": 2,
                "Inner Unique": true,
                "Hash Cond": "(mi.movie_id = t.id)",
                "Plans": [
                  {
                    "Node Type": "Seq Scan",
                    "Parent Relationship": "Outer",
                    "Parallel Aware": true,
                    "Relation Name": "movie_info",
                    "Alias": "mi",
                    "Startup Cost": 0.0,
                    "Total Cost": 270696.42,
                    "Plan Rows": 3116745,
                    "Plan Width": 4,
                    "Actual Startup Time": 33.669,
                    "Actual Total Time": 647.339,
                    "Actual Rows": 2635284,
                    "Actual Loops": 2,
                    "Filter": "(info_type_id > 15)",
                    "Rows Removed by Filter": 4782576
                  },
                  {
                    "Node Type": "Hash",
                    "Parent Relationship": "Inner",
                    "Parallel Aware": true,
                    "Startup Cost": 58306.47,
                    "Total Cost": 58306.47,
                    "Plan Rows": 7972,
                    "Plan Width": 4,
                    "Actual Startup Time": 144.567,
                    "Actual Total Time": 144.568,
                    "Actual Rows": 5517,
                    "Actual Loops": 2,
                    "Hash Buckets": 16384,
                    "Original Hash Buckets": 16384,
                    "Hash Batches": 1,
                    "Original Hash Batches": 1,
                    "Peak Memory Usage": 608,
                    "Plans": [
                      {
                        "Node Type": "Seq Scan",
                        "Parent Relationship": "Outer",
                        "Parallel Aware": true,
                        "Relation Name": "title",
                        "Alias": "t",
                        "Startup Cost": 0.0,
                        "Total Cost": 58306.47,
                        "Plan Rows": 7972,
                        "Plan Width": 4,
                        "Actual Startup Time": 0.096,
                        "Actual Total Time": 142.261,
                        "Actual Rows": 5517,
                        "Actual Loops": 2,
                        "Filter": "((kind_id > 1) AND (production_year = 1983))",
                        "Rows Removed by Filter": 1258639
                      }
                    ]
                  }
                ]
              }
            ]
          }
        ]
      }
    ]
  },
  "Planning Time": 0.377,
  "Triggers": [],
  "Execution Time": 1029.9
}