{
  "Plan": {
    "Node Type": "Aggregate",
    "Strategy": "Plain",
    "Partial Mode": "Finalize",
    "Parallel Aware": false,
    "Startup Cost": 3142513.62,
    "Total Cost": 3142513.63,
    "Plan Rows": 1,
    "Plan Width": 8,
    "Actual Startup Time": 31784.811,
    "Actual Total Time": 31908.46,
    "Actual Rows": 1,
    "Actual Loops": 1,
    "Plans": [
      {
        "Node Type": "Gather",
        "Parent Relationship": "Outer",
        "Parallel Aware": false,
        "Startup Cost": 3142513.51,
        "Total Cost": 3142513.62,
        "Plan Rows": 1,
        "Plan Width": 8,
        "Actual Startup Time": 31749.423,
        "Actual Total Time": 31908.446,
        "Actual Rows": 2,
        "Actual Loops": 1,
        "Workers Planned": 1,
        "Workers Launched": 1,
        "Single Copy": false,
        "Plans": [
          {
            "Node Type": "Aggregate",
            "Strategy": "Plain",
            "Partial Mode": "Partial",
            "Parent Relationship": "Outer",
            "Parallel Aware": false,
            "Startup Cost": 3141513.51,
            "Total Cost": 3141513.52,
            "Plan Rows": 1,
            "Plan Width": 8,
            "Actual Startup Time": 31743.03,
            "Actual Total Time": 31743.036,
            "Actual Rows": 1,
            "Actual Loops": 2,
            "Plans": [
              {
                "Node Type": "Merge Join",
                "Parent Relationship": "Outer",
                "Parallel Aware": false,
                "Join Type": "Inner",
                "Startup Cost": 1667557.55,
                "Total Cost": 3079510.38,
                "Plan Rows": 24801254,
                "Plan Width": 0,
                "Actual Startup Time": 11716.897,
                "Actual Total Time": 27951.82,
                "Actual Rows": 100707602,
                "Actual Loops": 2,
                "Inner Unique": false,
                "Merge Cond": "(mi.movie_id = t.id)",
                "Plans": [
                  {
                    "Node Type": "Index Only Scan",
                    "Parent Relationship": "Outer",
                    "Parallel Aware": true,
                    "Scan Direction": "Forward",
                    "Index Name": "movie_id_movie_info",
                    "Relation Name": "movie_info",
                    "Alias": "mi",
                    "Startup Cost": 0.43,
                    "Total Cost": 1018223.42,
                    "Plan Rows": 8696274,
                    "Plan Width": 4,
                    "Actual Startup Time": 0.102,
                    "Actual Total Time": 2432.178,
                    "Actual Rows": 7417515,
                    "Actual Loops": 2,
                    "Heap Fetches": 14835030
                  },
                  {
                    "Node Type": "Sort",
                    "Parent Relationship": "Inner",
                    "Parallel Aware": false,
                    "Startup Cost": 1667555.5,
                    "Total Cost": 1685581.86,
                    "Plan Rows": 7210541,
                    "Plan Width": 8,
                    "Actual Startup Time": 11716.747,
                    "Actual Total Time": 16500.982,
                    "Actual Rows": 104353376,
                    "Actual Loops": 2,
                    "Sort Key": [
                      "t.id"
                    ],
                    "Sort Method": "quicksort",
                    "Sort Space Used": 540071,
                    "Sort Space Type": "Memory",
                    "Workers": [
                      {
                        "Worker Number": 0,
                        "Sort Method": "quicksort",
                        "Sort Space Used": 540071,
                        "Sort Space Type": "Memory"
                      }
                    ],
                    "Plans": [
                      {
                        "Node Type": "Hash Join",
                        "Parent Relationship": "Outer",
                        "Parallel Aware": false,
                        "Join Type": "Inner",
                        "Startup Cost": 78327.44,
                        "Total Cost": 846214.46,
                        "Plan Rows": 7210541,
                        "Plan Width": 8,
                        "Actual Startup Time": 1285.443,
                        "Actual Total Time": 9775.114,
                        "Actual Rows": 7327193,
                        "Actual Loops": 2,
                        "Inner Unique": true,
                        "Hash Cond": "(ci.movie_id = t.id)",
                        "Plans": [
                          {
                            "Node Type": "Seq Scan",
                            "Parent Relationship": "Outer",
                            "Parallel Aware": false,
                            "Relation Name": "cast_info",
                            "Alias": "ci",
                            "Startup Cost": 0.0,
                            "Total Cost": 705537.15,
                            "Plan Rows": 23752292,
                            "Plan Width": 4,
                            "Actual Startup Time": 926.696,
                            "Actual Total Time": 3492.835,
                            "Actual Rows": 23573656,
                            "Actual Loops": 2,
                            "Filter": "(role_id > 1)",
                            "Rows Removed by Filter": 12670688
                          },
                          {
                            "Node Type": "Hash",
                            "Parent Relationship": "Inner",
                            "Parallel Aware": false,
                            "Startup Cost": 68733.44,
                            "Total Cost": 68733.44,
                            "Plan Rows": 767520,
                            "Plan Width": 4,
                            "Actual Startup Time": 355.899,
                            "Actual Total Time": 355.901,
                            "Actual Rows": 670584,
                            "Actual Loops": 2,
                            "Hash Buckets": 1048576,
                            "Original Hash Buckets": 1048576,
                            "Hash Batches": 1,
                            "Original Hash Batches": 1,
                            "Peak Memory Usage": 31768,
                            "Plans": [
                              {
                                "Node Type": "Bitmap Heap Scan",
                                "Parent Relationship": "Outer",
                                "Parallel Aware": false,
                                "Relation Name": "title",
                                "Alias": "t",
                                "Startup Cost": 17864.02,
                                "Total Cost": 68733.44,
                                "Plan Rows": 767520,
                                "Plan Width": 4,
                                "Actual Startup Time": 38.374,
                                "Actual Total Time": 215.573,
                                "Actual Rows": 670584,
                                "Actual Loops": 2,
                                "Recheck Cond": "(kind_id < 7)",
                                "Rows Removed by Index Recheck": 0,
                                "Filter": "(production_year > 1979)",
                                "Rows Removed by Filter": 314464,
                                "Exact Heap Blocks": 35472,
                                "Lossy Heap Blocks": 0,
                                "Plans": [
                                  {
                                    "Node Type": "Bitmap Index Scan",
                                    "Parent Relationship": "Outer",
                                    "Parallel Aware": false,
                                    "Index Name": "kind_id_title",
                                    "Startup Cost": 0.0,
                                    "Total Cost": 17672.14,
                                    "Plan Rows": 991428,
                                    "Plan Width": 0,
                                    "Actual Startup Time": 33.505,
                                    "Actual Total Time": 33.505,
                                    "Actual Rows": 985048,
                                    "Actual Loops": 2,
                                    "Index Cond": "(kind_id < 7)"
                                  }
                                ]
                              }
                            ]
                          }
                        ]
                      }
                    ]
                  }
                ]
              }
            ]
          }
        ]
      }
    ]
  },
  "Planning Time": 1.035,
  "Triggers": [],
  "Execution Time": 31956.944
}