[
  {
    "Plan": {
      "Node Type": "Aggregate",
      "Strategy": "Plain",
      "Partial Mode": "Finalize",
      "Parallel Aware": false,
      "Startup Cost": 300346.86,
      "Total Cost": 300346.87,
      "Plan Rows": 1,
      "Plan Width": 8,
      "Actual Startup Time": 1049.749,
      "Actual Total Time": 1106.597,
      "Actual Rows": 1,
      "Actual Loops": 1,
      "Plans": [
        {
          "Node Type": "Gather",
          "Parent Relationship": "Outer",
          "Parallel Aware": false,
          "Startup Cost": 300346.55,
          "Total Cost": 300346.86,
          "Plan Rows": 3,
          "Plan Width": 8,
          "Actual Startup Time": 1047.473,
          "Actual Total Time": 1106.587,
          "Actual Rows": 4,
          "Actual Loops": 1,
          "Workers Planned": 3,
          "Workers Launched": 3,
          "Single Copy": false,
          "Plans": [
            {
              "Node Type": "Aggregate",
              "Strategy": "Plain",
              "Partial Mode": "Partial",
              "Parent Relationship": "Outer",
              "Parallel Aware": false,
              "Startup Cost": 299346.55,
              "Total Cost": 299346.56,
              "Plan Rows": 1,
              "Plan Width": 8,
              "Actual Startup Time": 1038.053,
              "Actual Total Time": 1038.058,
              "Actual Rows": 1,
              "Actual Loops": 4,
              "Plans": [
                {
                  "Node Type": "Hash Join",
                  "Parent Relationship": "Outer",
                  "Parallel Aware": true,
                  "Join Type": "Inner",
                  "Startup Cost": 252539.33,
                  "Total Cost": 298075.76,
                  "Plan Rows": 508313,
                  "Plan Width": 0,
                  "Actual Startup Time": 837.839,
                  "Actual Total Time": 1031.135,
                  "Actual Rows": 180282,
                  "Actual Loops": 4,
                  "Inner Unique": false,
                  "Hash Cond": "(mk.movie_id = t.id)",
                  "Plans": [
                    {
                      "Node Type": "Seq Scan",
                      "Parent Relationship": "Outer",
                      "Parallel Aware": true,
                      "Relation Name": "movie_keyword",
                      "Alias": "mk",
                      "Startup Cost": 0.0,
                      "Total Cost": 39047.32,
                      "Plan Rows": 1459332,
                      "Plan Width": 4,
                      "Actual Startup Time": 0.024,
                      "Actual Total Time": 87.518,
                      "Actual Rows": 1130982,
                      "Actual Loops": 4
                    },
                    {
                      "Node Type": "Hash",
                      "Parent Relationship": "Inner",
                      "Parallel Aware": true,
                      "Startup Cost": 250337.7,
                      "Total Cost": 250337.7,
                      "Plan Rows": 176130,
                      "Plan Width": 8,
                      "Actual Startup Time": 831.877,
                      "Actual Total Time": 831.881,
                      "Actual Rows": 120836,
                      "Actual Loops": 4,
                      "Hash Buckets": 1048576,
                      "Original Hash Buckets": 1048576,
                      "Hash Batches": 1,
                      "Original Hash Batches": 1,
                      "Peak Memory Usage": 27168,
                      "Plans": [
                        {
                          "Node Type": "Hash Join",
                          "Parent Relationship": "Outer",
                          "Parallel Aware": true,
                          "Join Type": "Inner",
                          "Startup Cost": 46180.97,
                          "Total Cost": 250337.7,
                          "Plan Rows": 176130,
                          "Plan Width": 8,
                          "Actual Startup Time": 133.752,
                          "Actual Total Time": 791.079,
                          "Actual Rows": 120836,
                          "Actual Loops": 4,
                          "Inner Unique": true,
                          "Hash Cond": "(mi.movie_id = t.id)",
                          "Plans": [
                            {
                              "Node Type": "Seq Scan",
                              "Parent Relationship": "Outer",
                              "Parallel Aware": true,
                              "Relation Name": "movie_info",
                              "Alias": "mi",
                              "Startup Cost": 0.0,
                              "Total Cost": 198952.16,
                              "Plan Rows": 1982687,
                              "Plan Width": 4,
                              "Actual Startup Time": 21.707,
                              "Actual Total Time": 437.171,
                              "Actual Rows": 2477938,
                              "Actual Loops": 4,
                              "Filter": "(info_type_id > 4)",
                              "Rows Removed by Filter": 1230992
                            },
                            {
                              "Node Type": "Hash",
                              "Parent Relationship": "Inner",
                              "Parallel Aware": true,
                              "Startup Cost": 45479.1,
                              "Total Cost": 45479.1,
                              "Plan Rows": 56150,
                              "Plan Width": 4,
                              "Actual Startup Time": 111.017,
                              "Actual Total Time": 111.018,
                              "Actual Rows": 32389,
                              "Actual Loops": 4,
                              "Hash Buckets": 262144,
                              "Original Hash Buckets": 262144,
                              "Hash Batches": 1,
                              "Original Hash Batches": 1,
                              "Peak Memory Usage": 7168,
                              "Plans": [
                                {
                                  "Node Type": "Seq Scan",
                                  "Parent Relationship": "Outer",
                                  "Parallel Aware": true,
                                  "Relation Name": "title",
                                  "Alias": "t",
                                  "Startup Cost": 0.0,
                                  "Total Cost": 45479.1,
                                  "Plan Rows": 56150,
                                  "Plan Width": 4,
                                  "Actual Startup Time": 0.04,
                                  "Actual Total Time": 95.978,
                                  "Actual Rows": 32389,
                                  "Actual Loops": 4,
                                  "Filter": "((production_year < 1971) AND (kind_id = 7))",
                                  "Rows Removed by Filter": 599689
                                }
                              ]
                            }
                          ]
                        }
                      ]
                    }
                  ]
                }
              ]
            }
          ]
        }
      ]
    },
    "Planning Time": 1.38,
    "Triggers": [],
    "Execution Time": 1106.698
  }
]