{
    "Plan": {
        "Node Type": "Aggregate",
        "Strategy": "Plain",
        "Partial Mode": "Simple",
        "Parallel Aware": false,
        "Startup Cost": 10000630633.91,
        "Total Cost": 10000630633.92,
        "Plan Rows": 1,
        "Plan Width": 8,
        "Actual Startup Time": 5910.085,
        "Actual Total Time": 5910.088,
        "Actual Rows": 1,
        "Actual Loops": 1,
        "Output": [
            "count(*)"
        ],
        "Plans": [
            {
                "Node Type": "Hash Join",
                "Parent Relationship": "Outer",
                "Parallel Aware": false,
                "Join Type": "Inner",
                "Startup Cost": 10000308897.4,
                "Total Cost": 10000621091.32,
                "Plan Rows": 3817038,
                "Plan Width": 0,
                "Actual Startup Time": 2482.829,
                "Actual Total Time": 5701.13,
                "Actual Rows": 4955209,
                "Actual Loops": 1,
                "Inner Unique": true,
                "Hash Cond": "(mi.movie_id = t.id)",
                "Plans": [
                    {
                        "Node Type": "Bitmap Heap Scan",
                        "Parent Relationship": "Outer",
                        "Parallel Aware": false,
                        "Relation Name": "movie_info",
                        "Schema": "public",
                        "Alias": "mi",
                        "Startup Cost": 180086.86,
                        "Total Cost": 466212.81,
                        "Plan Rows": 9930636,
                        "Plan Width": 4,
                        "Actual Startup Time": 524.909,
                        "Actual Total Time": 1694.208,
                        "Actual Rows": 9911754,
                        "Actual Loops": 1,
                        "Output": [
                            "mi.id",
                            "mi.movie_id",
                            "mi.info_type_id",
                            "mi.info",
                            "mi.note"
                        ],
                        "Recheck Cond": "(mi.info_type_id > 4)",
                        "Rows Removed by Index Recheck": 0,
                        "Exact Heap Blocks": 130395,
                        "Lossy Heap Blocks": 0,
                        "Plans": [
                            {
                                "Node Type": "Bitmap Index Scan",
                                "Parent Relationship": "Outer",
                                "Parallel Aware": false,
                                "Index Name": "info_type_id_movie_info",
                                "Startup Cost": 0.0,
                                "Total Cost": 177604.21,
                                "Plan Rows": 9930636,
                                "Plan Width": 0,
                                "Actual Startup Time": 488.777,
                                "Actual Total Time": 488.777,
                                "Actual Rows": 9911754,
                                "Actual Loops": 1,
                                "Index Cond": "(mi.info_type_id > 4)"
                            }
                        ]
                    },
                    {
                        "Node Type": "Hash",
                        "Parent Relationship": "Inner",
                        "Parallel Aware": false,
                        "Startup Cost": 10000116662.9,
                        "Total Cost": 10000116662.9,
                        "Plan Rows": 971811,
                        "Plan Width": 4,
                        "Actual Startup Time": 1952.326,
                        "Actual Total Time": 1952.327,
                        "Actual Rows": 971188,
                        "Actual Loops": 1,
                        "Output": [
                            "t.id"
                        ],
                        "Hash Buckets": 1048576,
                        "Original Hash Buckets": 1048576,
                        "Hash Batches": 1,
                        "Original Hash Batches": 1,
                        "Peak Memory Usage": 42336,
                        "Plans": [
                            {
                                "Node Type": "Index Scan",
                                "Parent Relationship": "Outer",
                                "Parallel Aware": false,
                                "Scan Direction": "Forward",
                                "Index Name": "title_pkey",
                                "Relation Name": "title",
                                "Schema": "public",
                                "Alias": "t",
                                "Startup Cost": 10000000000.43,
                                "Total Cost": 10000116662.9,
                                "Plan Rows": 971811,
                                "Plan Width": 4,
                                "Actual Startup Time": 0.037,
                                "Actual Total Time": 1671.452,
                                "Actual Rows": 971188,
                                "Actual Loops": 1,
                                "Output": [
                                    "t.id"
                                ],
                                "Filter": "(t.production_year < 1999)",
                                "Rows Removed by Filter": 1557124
                            }
                        ]
                    }
                ]
            }
        ]
    },
    "Planning Time": 2.723,
    "Triggers": [],
    "Execution Time": 5911.958
}