[
  {
    "Plan": {
      "Node Type": "Aggregate",
      "Strategy": "Plain",
      "Partial Mode": "Finalize",
      "Parallel Aware": false,
      "Startup Cost": 72209.21,
      "Total Cost": 72209.22,
      "Plan Rows": 1,
      "Plan Width": 8,
      "Actual Startup Time": 416.152,
      "Actual Total Time": 433.634,
      "Actual Rows": 1,
      "Actual Loops": 1,
      "Plans": [
        {
          "Node Type": "Gather",
          "Parent Relationship": "Outer",
          "Parallel Aware": false,
          "Startup Cost": 72208.89,
          "Total Cost": 72209.2,
          "Plan Rows": 3,
          "Plan Width": 8,
          "Actual Startup Time": 403.817,
          "Actual Total Time": 433.627,
          "Actual Rows": 4,
          "Actual Loops": 1,
          "Workers Planned": 3,
          "Workers Launched": 3,
          "Single Copy": false,
          "Plans": [
            {
              "Node Type": "Aggregate",
              "Strategy": "Plain",
              "Partial Mode": "Partial",
              "Parent Relationship": "Outer",
              "Parallel Aware": false,
              "Startup Cost": 71208.89,
              "Total Cost": 71208.9,
              "Plan Rows": 1,
              "Plan Width": 8,
              "Actual Startup Time": 393.104,
              "Actual Total Time": 393.108,
              "Actual Rows": 1,
              "Actual Loops": 4,
              "Plans": [
                {
                  "Node Type": "Hash Join",
                  "Parent Relationship": "Outer",
                  "Parallel Aware": true,
                  "Join Type": "Inner",
                  "Startup Cost": 51962.68,
                  "Total Cost": 71144.18,
                  "Plan Rows": 25884,
                  "Plan Width": 0,
                  "Actual Startup Time": 361.671,
                  "Actual Total Time": 391.922,
                  "Actual Rows": 20149,
                  "Actual Loops": 4,
                  "Inner Unique": true,
                  "Hash Cond": "(mc.movie_id = t.id)",
                  "Plans": [
                    {
                      "Node Type": "Bitmap Heap Scan",
                      "Parent Relationship": "Outer",
                      "Parallel Aware": true,
                      "Relation Name": "movie_companies",
                      "Alias": "mc",
                      "Startup Cost": 1742.3,
                      "Total Cost": 20855.85,
                      "Plan Rows": 25884,
                      "Plan Width": 4,
                      "Actual Startup Time": 4.811,
                      "Actual Total Time": 17.857,
                      "Actual Rows": 20149,
                      "Actual Loops": 4,
                      "Recheck Cond": "(company_id < 12)",
                      "Rows Removed by Index Recheck": 0,
                      "Exact Heap Blocks": 3561,
                      "Lossy Heap Blocks": 0,
                      "Plans": [
                        {
                          "Node Type": "Bitmap Index Scan",
                          "Parent Relationship": "Outer",
                          "Parallel Aware": false,
                          "Index Name": "company_id_movie_companies",
                          "Startup Cost": 0.0,
                          "Total Cost": 1722.24,
                          "Plan Rows": 80241,
                          "Plan Width": 0,
                          "Actual Startup Time": 3.826,
                          "Actual Total Time": 3.826,
                          "Actual Rows": 80595,
                          "Actual Loops": 1,
                          "Index Cond": "(company_id < 12)"
                        }
                      ]
                    },
                    {
                      "Node Type": "Hash",
                      "Parent Relationship": "Inner",
                      "Parallel Aware": true,
                      "Startup Cost": 42319.06,
                      "Total Cost": 42319.06,
                      "Plan Rows": 632106,
                      "Plan Width": 4,
                      "Actual Startup Time": 349.346,
                      "Actual Total Time": 349.347,
                      "Actual Rows": 632078,
                      "Actual Loops": 4,
                      "Hash Buckets": 4194304,
                      "Original Hash Buckets": 4194304,
                      "Hash Batches": 1,
                      "Original Hash Batches": 1,
                      "Peak Memory Usage": 131744,
                      "Plans": [
                        {
                          "Node Type": "Seq Scan",
                          "Parent Relationship": "Outer",
                          "Parallel Aware": true,
                          "Relation Name": "title",
                          "Alias": "t",
                          "Startup Cost": 0.0,
                          "Total Cost": 42319.06,
                          "Plan Rows": 632106,
                          "Plan Width": 4,
                          "Actual Startup Time": 0.041,
                          "Actual Total Time": 109.452,
                          "Actual Rows": 632078,
                          "Actual Loops": 4
                        }
                      ]
                    }
                  ]
                }
              ]
            }
          ]
        }
      ]
    },
    "Planning Time": 0.309,
    "Triggers": [],
    "Execution Time": 433.681
  }
]