{
  "Plan": {
    "Node Type": "Aggregate",
    "Strategy": "Plain",
    "Partial Mode": "Finalize",
    "Parallel Aware": false,
    "Startup Cost": 633390.4,
    "Total Cost": 633390.41,
    "Plan Rows": 1,
    "Plan Width": 8,
    "Actual Startup Time": 4761.874,
    "Actual Total Time": 4830.607,
    "Actual Rows": 1,
    "Actual Loops": 1,
    "Plans": [
      {
        "Node Type": "Gather",
        "Parent Relationship": "Outer",
        "Parallel Aware": false,
        "Startup Cost": 633390.29,
        "Total Cost": 633390.4,
        "Plan Rows": 1,
        "Plan Width": 8,
        "Actual Startup Time": 4760.461,
        "Actual Total Time": 4830.596,
        "Actual Rows": 2,
        "Actual Loops": 1,
        "Workers Planned": 1,
        "Workers Launched": 1,
        "Single Copy": false,
        "Plans": [
          {
            "Node Type": "Aggregate",
            "Strategy": "Plain",
            "Partial Mode": "Partial",
            "Parent Relationship": "Outer",
            "Parallel Aware": false,
            "Startup Cost": 632390.29,
            "Total Cost": 632390.3,
            "Plan Rows": 1,
            "Plan Width": 8,
            "Actual Startup Time": 4754.999,
            "Actual Total Time": 4755.003,
            "Actual Rows": 1,
            "Actual Loops": 2,
            "Plans": [
              {
                "Node Type": "Hash Join",
                "Parent Relationship": "Outer",
                "Parallel Aware": true,
                "Join Type": "Inner",
                "Startup Cost": 61537.32,
                "Total Cost": 625036.5,
                "Plan Rows": 2941517,
                "Plan Width": 0,
                "Actual Startup Time": 209.88,
                "Actual Total Time": 4642.293,
                "Actual Rows": 2723703,
                "Actual Loops": 2,
                "Inner Unique": true,
                "Hash Cond": "(ci.movie_id = t.id)",
                "Plans": [
                  {
                    "Node Type": "Seq Scan",
                    "Parent Relationship": "Outer",
                    "Parallel Aware": true,
                    "Relation Name": "cast_info",
                    "Alias": "ci",
                    "Startup Cost": 0.0,
                    "Total Cost": 519069.44,
                    "Plan Rows": 16925585,
                    "Plan Width": 4,
                    "Actual Startup Time": 0.014,
                    "Actual Total Time": 1823.261,
                    "Actual Rows": 14404054,
                    "Actual Loops": 2,
                    "Filter": "(role_id < 8)",
                    "Rows Removed by Filter": 3718118
                  },
                  {
                    "Node Type": "Hash",
                    "Parent Relationship": "Inner",
                    "Parallel Aware": true,
                    "Startup Cost": 58306.47,
                    "Total Cost": 58306.47,
                    "Plan Rows": 258468,
                    "Plan Width": 4,
                    "Actual Startup Time": 203.921,
                    "Actual Total Time": 203.922,
                    "Actual Rows": 232430,
                    "Actual Loops": 2,
                    "Hash Buckets": 524288,
                    "Original Hash Buckets": 524288,
                    "Hash Batches": 1,
                    "Original Hash Batches": 1,
                    "Peak Memory Usage": 22304,
                    "Plans": [
                      {
                        "Node Type": "Seq Scan",
                        "Parent Relationship": "Outer",
                        "Parallel Aware": true,
                        "Relation Name": "title",
                        "Alias": "t",
                        "Startup Cost": 0.0,
                        "Total Cost": 58306.47,
                        "Plan Rows": 258468,
                        "Plan Width": 4,
                        "Actual Startup Time": 0.043,
                        "Actual Total Time": 148.678,
                        "Actual Rows": 232430,
                        "Actual Loops": 2,
                        "Filter": "((kind_id > 3) AND (production_year > 2008))",
                        "Rows Removed by Filter": 1031726
                      }
                    ]
                  }
                ]
              }
            ]
          }
        ]
      }
    ]
  },
  "Planning Time": 0.474,
  "Triggers": [],
  "Execution Time": 4830.7
}