[
    {
        "Bao": {
            "Bao prediction": "NaN",
            "Bao recommended hint": "(no hint)"
        }
    },
    {
        "Plan": {
            "Node Type": "Aggregate",
            "Strategy": "Plain",
            "Partial Mode": "Finalize",
            "Parallel Aware": false,
            "Startup Cost": 392335.86,
            "Total Cost": 392335.87,
            "Plan Rows": 1,
            "Plan Width": 8,
            "Actual Startup Time": 1757.308,
            "Actual Total Time": 1792.313,
            "Actual Rows": 1,
            "Actual Loops": 1,
            "Output": [
                "count(*)"
            ],
            "Plans": [
                {
                    "Node Type": "Gather",
                    "Parent Relationship": "Outer",
                    "Parallel Aware": false,
                    "Startup Cost": 392335.23,
                    "Total Cost": 392335.84,
                    "Plan Rows": 6,
                    "Plan Width": 8,
                    "Actual Startup Time": 1753.587,
                    "Actual Total Time": 1792.301,
                    "Actual Rows": 7,
                    "Actual Loops": 1,
                    "Output": [
                        "(PARTIAL count(*))"
                    ],
                    "Workers Planned": 6,
                    "Workers Launched": 6,
                    "Single Copy": false,
                    "Plans": [
                        {
                            "Node Type": "Aggregate",
                            "Strategy": "Plain",
                            "Partial Mode": "Partial",
                            "Parent Relationship": "Outer",
                            "Parallel Aware": false,
                            "Startup Cost": 391335.23,
                            "Total Cost": 391335.24,
                            "Plan Rows": 1,
                            "Plan Width": 8,
                            "Actual Startup Time": 1743.601,
                            "Actual Total Time": 1743.604,
                            "Actual Rows": 1,
                            "Actual Loops": 7,
                            "Output": [
                                "PARTIAL count(*)"
                            ],
                            "Workers": [
                                {
                                    "Worker Number": 0,
                                    "Actual Startup Time": 1741.337,
                                    "Actual Total Time": 1741.34,
                                    "Actual Rows": 1,
                                    "Actual Loops": 1
                                },
                                {
                                    "Worker Number": 1,
                                    "Actual Startup Time": 1741.33,
                                    "Actual Total Time": 1741.333,
                                    "Actual Rows": 1,
                                    "Actual Loops": 1
                                },
                                {
                                    "Worker Number": 2,
                                    "Actual Startup Time": 1741.949,
                                    "Actual Total Time": 1741.952,
                                    "Actual Rows": 1,
                                    "Actual Loops": 1
                                },
                                {
                                    "Worker Number": 3,
                                    "Actual Startup Time": 1742.673,
                                    "Actual Total Time": 1742.676,
                                    "Actual Rows": 1,
                                    "Actual Loops": 1
                                },
                                {
                                    "Worker Number": 4,
                                    "Actual Startup Time": 1742.257,
                                    "Actual Total Time": 1742.26,
                                    "Actual Rows": 1,
                                    "Actual Loops": 1
                                },
                                {
                                    "Worker Number": 5,
                                    "Actual Startup Time": 1742.545,
                                    "Actual Total Time": 1742.548,
                                    "Actual Rows": 1,
                                    "Actual Loops": 1
                                }
                            ],
                            "Plans": [
                                {
                                    "Node Type": "Hash Join",
                                    "Parent Relationship": "Outer",
                                    "Parallel Aware": true,
                                    "Join Type": "Inner",
                                    "Startup Cost": 47231.51,
                                    "Total Cost": 388564.22,
                                    "Plan Rows": 1108405,
                                    "Plan Width": 0,
                                    "Actual Startup Time": 181.112,
                                    "Actual Total Time": 1686.424,
                                    "Actual Rows": 932367,
                                    "Actual Loops": 7,
                                    "Inner Unique": true,
                                    "Hash Cond": "(ci.movie_id = t.id)",
                                    "Workers": [
                                        {
                                            "Worker Number": 0,
                                            "Actual Startup Time": 178.782,
                                            "Actual Total Time": 1682.139,
                                            "Actual Rows": 788379,
                                            "Actual Loops": 1
                                        },
                                        {
                                            "Worker Number": 1,
                                            "Actual Startup Time": 178.926,
                                            "Actual Total Time": 1683.172,
                                            "Actual Rows": 768100,
                                            "Actual Loops": 1
                                        },
                                        {
                                            "Worker Number": 2,
                                            "Actual Startup Time": 179.437,
                                            "Actual Total Time": 1681.835,
                                            "Actual Rows": 793679,
                                            "Actual Loops": 1
                                        },
                                        {
                                            "Worker Number": 3,
                                            "Actual Startup Time": 179.959,
                                            "Actual Total Time": 1683.929,
                                            "Actual Rows": 773212,
                                            "Actual Loops": 1
                                        },
                                        {
                                            "Worker Number": 4,
                                            "Actual Startup Time": 180.094,
                                            "Actual Total Time": 1687.579,
                                            "Actual Rows": 1187907,
                                            "Actual Loops": 1
                                        },
                                        {
                                            "Worker Number": 5,
                                            "Actual Startup Time": 179.971,
                                            "Actual Total Time": 1689.58,
                                            "Actual Rows": 1150319,
                                            "Actual Loops": 1
                                        }
                                    ],
                                    "Plans": [
                                        {
                                            "Node Type": "Seq Scan",
                                            "Parent Relationship": "Outer",
                                            "Parallel Aware": true,
                                            "Relation Name": "cast_info",
                                            "Schema": "public",
                                            "Alias": "ci",
                                            "Startup Cost": 0.0,
                                            "Total Cost": 328213.62,
                                            "Plan Rows": 4997742,
                                            "Plan Width": 4,
                                            "Actual Startup Time": 70.711,
                                            "Actual Total Time": 699.587,
                                            "Actual Rows": 4253722,
                                            "Actual Loops": 7,
                                            "Output": [
                                                "ci.id",
                                                "ci.person_id",
                                                "ci.movie_id",
                                                "ci.person_role_id",
                                                "ci.note",
                                                "ci.nr_order",
                                                "ci.role_id"
                                            ],
                                            "Filter": "(ci.person_id > 624596)",
                                            "Rows Removed by Filter": 924041,
                                            "Workers": [
                                                {
                                                    "Worker Number": 0,
                                                    "Actual Startup Time": 70.75,
                                                    "Actual Total Time": 722.4,
                                                    "Actual Rows": 3603544,
                                                    "Actual Loops": 1
                                                },
                                                {
                                                    "Worker Number": 1,
                                                    "Actual Startup Time": 70.731,
                                                    "Actual Total Time": 706.85,
                                                    "Actual Rows": 3506767,
                                                    "Actual Loops": 1
                                                },
                                                {
                                                    "Worker Number": 2,
                                                    "Actual Startup Time": 70.643,
                                                    "Actual Total Time": 725.439,
                                                    "Actual Rows": 3597602,
                                                    "Actual Loops": 1
                                                },
                                                {
                                                    "Worker Number": 3,
                                                    "Actual Startup Time": 70.732,
                                                    "Actual Total Time": 723.786,
                                                    "Actual Rows": 3569943,
                                                    "Actual Loops": 1
                                                },
                                                {
                                                    "Worker Number": 4,
                                                    "Actual Startup Time": 70.735,
                                                    "Actual Total Time": 690.846,
                                                    "Actual Rows": 5457585,
                                                    "Actual Loops": 1
                                                },
                                                {
                                                    "Worker Number": 5,
                                                    "Actual Startup Time": 70.642,
                                                    "Actual Total Time": 665.699,
                                                    "Actual Rows": 5277909,
                                                    "Actual Loops": 1
                                                }
                                            ]
                                        },
                                        {
                                            "Node Type": "Hash",
                                            "Parent Relationship": "Inner",
                                            "Parallel Aware": true,
                                            "Startup Cost": 45479.21,
                                            "Total Cost": 45479.21,
                                            "Plan Rows": 140184,
                                            "Plan Width": 4,
                                            "Actual Startup Time": 107.907,
                                            "Actual Total Time": 107.908,
                                            "Actual Rows": 62673,
                                            "Actual Loops": 7,
                                            "Output": [
                                                "t.id"
                                            ],
                                            "Hash Buckets": 1048576,
                                            "Original Hash Buckets": 1048576,
                                            "Hash Batches": 1,
                                            "Original Hash Batches": 1,
                                            "Peak Memory Usage": 25440,
                                            "Workers": [
                                                {
                                                    "Worker Number": 0,
                                                    "Actual Startup Time": 107.223,
                                                    "Actual Total Time": 107.224,
                                                    "Actual Rows": 54354,
                                                    "Actual Loops": 1
                                                },
                                                {
                                                    "Worker Number": 1,
                                                    "Actual Startup Time": 107.189,
                                                    "Actual Total Time": 107.189,
                                                    "Actual Rows": 50566,
                                                    "Actual Loops": 1
                                                },
                                                {
                                                    "Worker Number": 2,
                                                    "Actual Startup Time": 107.906,
                                                    "Actual Total Time": 107.906,
                                                    "Actual Rows": 54564,
                                                    "Actual Loops": 1
                                                },
                                                {
                                                    "Worker Number": 3,
                                                    "Actual Startup Time": 108.069,
                                                    "Actual Total Time": 108.07,
                                                    "Actual Rows": 53094,
                                                    "Actual Loops": 1
                                                },
                                                {
                                                    "Worker Number": 4,
                                                    "Actual Startup Time": 108.184,
                                                    "Actual Total Time": 108.185,
                                                    "Actual Rows": 81880,
                                                    "Actual Loops": 1
                                                },
                                                {
                                                    "Worker Number": 5,
                                                    "Actual Startup Time": 108.377,
                                                    "Actual Total Time": 108.378,
                                                    "Actual Rows": 73551,
                                                    "Actual Loops": 1
                                                }
                                            ],
                                            "Plans": [
                                                {
                                                    "Node Type": "Seq Scan",
                                                    "Parent Relationship": "Outer",
                                                    "Parallel Aware": true,
                                                    "Relation Name": "title",
                                                    "Schema": "public",
                                                    "Alias": "t",
                                                    "Startup Cost": 0.0,
                                                    "Total Cost": 45479.21,
                                                    "Plan Rows": 140184,
                                                    "Plan Width": 4,
                                                    "Actual Startup Time": 42.453,
                                                    "Actual Total Time": 82.237,
                                                    "Actual Rows": 62673,
                                                    "Actual Loops": 7,
                                                    "Output": [
                                                        "t.id"
                                                    ],
                                                    "Filter": "((t.production_year > 1967) AND (t.kind_id = 1))",
                                                    "Rows Removed by Filter": 298514,
                                                    "Workers": [
                                                        {
                                                            "Worker Number": 0,
                                                            "Actual Startup Time": 48.134,
                                                            "Actual Total Time": 82.813,
                                                            "Actual Rows": 54354,
                                                            "Actual Loops": 1
                                                        },
                                                        {
                                                            "Worker Number": 1,
                                                            "Actual Startup Time": 47.912,
                                                            "Actual Total Time": 81.345,
                                                            "Actual Rows": 50566,
                                                            "Actual Loops": 1
                                                        },
                                                        {
                                                            "Worker Number": 2,
                                                            "Actual Startup Time": 48.814,
                                                            "Actual Total Time": 83.534,
                                                            "Actual Rows": 54564,
                                                            "Actual Loops": 1
                                                        },
                                                        {
                                                            "Worker Number": 3,
                                                            "Actual Startup Time": 48.88,
                                                            "Actual Total Time": 83.6,
                                                            "Actual Rows": 53094,
                                                            "Actual Loops": 1
                                                        },
                                                        {
                                                            "Worker Number": 4,
                                                            "Actual Startup Time": 48.996,
                                                            "Actual Total Time": 82.604,
                                                            "Actual Rows": 81880,
                                                            "Actual Loops": 1
                                                        },
                                                        {
                                                            "Worker Number": 5,
                                                            "Actual Startup Time": 49.118,
                                                            "Actual Total Time": 81.255,
                                                            "Actual Rows": 73551,
                                                            "Actual Loops": 1
                                                        }
                                                    ]
                                                }
                                            ]
                                        }
                                    ]
                                }
                            ]
                        }
                    ]
                }
            ]
        },
        "Planning Time": 274.574,
        "Triggers": [],
        "Execution Time": 1792.38
    }
]