[
  {
    "Plan": {
      "Node Type": "Aggregate",
      "Strategy": "Plain",
      "Partial Mode": "Finalize",
      "Parallel Aware": false,
      "Startup Cost": 119638.76,
      "Total Cost": 119638.77,
      "Plan Rows": 1,
      "Plan Width": 8,
      "Actual Startup Time": 194.535,
      "Actual Total Time": 213.095,
      "Actual Rows": 1,
      "Actual Loops": 1,
      "Plans": [
        {
          "Node Type": "Gather",
          "Parent Relationship": "Outer",
          "Parallel Aware": false,
          "Startup Cost": 119638.24,
          "Total Cost": 119638.75,
          "Plan Rows": 5,
          "Plan Width": 8,
          "Actual Startup Time": 194.413,
          "Actual Total Time": 213.079,
          "Actual Rows": 6,
          "Actual Loops": 1,
          "Workers Planned": 5,
          "Workers Launched": 5,
          "Single Copy": false,
          "Plans": [
            {
              "Node Type": "Aggregate",
              "Strategy": "Plain",
              "Partial Mode": "Partial",
              "Parent Relationship": "Outer",
              "Parallel Aware": false,
              "Startup Cost": 118638.24,
              "Total Cost": 118638.25,
              "Plan Rows": 1,
              "Plan Width": 8,
              "Actual Startup Time": 185.48,
              "Actual Total Time": 185.481,
              "Actual Rows": 1,
              "Actual Loops": 6,
              "Plans": [
                {
                  "Node Type": "Index Scan",
                  "Parent Relationship": "Outer",
                  "Parallel Aware": true,
                  "Scan Direction": "Forward",
                  "Index Name": "role_id_cast_info",
                  "Relation Name": "cast_info",
                  "Alias": "ci",
                  "Startup Cost": 0.56,
                  "Total Cost": 118067.1,
                  "Plan Rows": 228455,
                  "Plan Width": 0,
                  "Actual Startup Time": 0.247,
                  "Actual Total Time": 181.197,
                  "Actual Rows": 63124,
                  "Actual Loops": 6,
                  "Index Cond": "(role_id = 10)",
                  "Rows Removed by Index Recheck": 0,
                  "Filter": "(person_id < 948098)",
                  "Rows Removed by Filter": 657379
                }
              ]
            }
          ]
        }
      ]
    },
    "Planning Time": 0.135,
    "Triggers": [],
    "Execution Time": 213.136
  }
]