[
  {
    "Plan": {
      "Node Type": "Aggregate",
      "Strategy": "Plain",
      "Partial Mode": "Finalize",
      "Parallel Aware": false,
      "Startup Cost": 30887.3,
      "Total Cost": 30887.31,
      "Plan Rows": 1,
      "Plan Width": 8,
      "Actual Startup Time": 78.271,
      "Actual Total Time": 86.846,
      "Actual Rows": 1,
      "Actual Loops": 1,
      "Plans": [
        {
          "Node Type": "Gather",
          "Parent Relationship": "Outer",
          "Parallel Aware": false,
          "Startup Cost": 30886.98,
          "Total Cost": 30887.29,
          "Plan Rows": 3,
          "Plan Width": 8,
          "Actual Startup Time": 78.103,
          "Actual Total Time": 86.833,
          "Actual Rows": 4,
          "Actual Loops": 1,
          "Workers Planned": 3,
          "Workers Launched": 3,
          "Single Copy": false,
          "Plans": [
            {
              "Node Type": "Aggregate",
              "Strategy": "Plain",
              "Partial Mode": "Partial",
              "Parent Relationship": "Outer",
              "Parallel Aware": false,
              "Startup Cost": 29886.98,
              "Total Cost": 29886.99,
              "Plan Rows": 1,
              "Plan Width": 8,
              "Actual Startup Time": 74.668,
              "Actual Total Time": 74.669,
              "Actual Rows": 1,
              "Actual Loops": 4,
              "Plans": [
                {
                  "Node Type": "Seq Scan",
                  "Parent Relationship": "Outer",
                  "Parallel Aware": true,
                  "Relation Name": "movie_companies",
                  "Alias": "mc",
                  "Startup Cost": 0.0,
                  "Total Cost": 29310.68,
                  "Plan Rows": 230521,
                  "Plan Width": 0,
                  "Actual Startup Time": 0.018,
                  "Actual Total Time": 65.941,
                  "Actual Rows": 177510,
                  "Actual Loops": 4,
                  "Filter": "(company_id < 1368)",
                  "Rows Removed by Filter": 474772
                }
              ]
            }
          ]
        }
      ]
    },
    "Planning Time": 0.117,
    "Triggers": [],
    "Execution Time": 86.886
  }
]