[
  {
    "Plan": {
      "Node Type": "Aggregate",
      "Strategy": "Plain",
      "Partial Mode": "Finalize",
      "Parallel Aware": false,
      "Startup Cost": 331093.52,
      "Total Cost": 331093.53,
      "Plan Rows": 1,
      "Plan Width": 8,
      "Actual Startup Time": 629.932,
      "Actual Total Time": 684.485,
      "Actual Rows": 1,
      "Actual Loops": 1,
      "Plans": [
        {
          "Node Type": "Gather",
          "Parent Relationship": "Outer",
          "Parallel Aware": false,
          "Startup Cost": 331092.89,
          "Total Cost": 331093.5,
          "Plan Rows": 6,
          "Plan Width": 8,
          "Actual Startup Time": 629.785,
          "Actual Total Time": 684.475,
          "Actual Rows": 7,
          "Actual Loops": 1,
          "Workers Planned": 6,
          "Workers Launched": 6,
          "Single Copy": false,
          "Plans": [
            {
              "Node Type": "Aggregate",
              "Strategy": "Plain",
              "Partial Mode": "Partial",
              "Parent Relationship": "Outer",
              "Parallel Aware": false,
              "Startup Cost": 330092.89,
              "Total Cost": 330092.9,
              "Plan Rows": 1,
              "Plan Width": 8,
              "Actual Startup Time": 621.859,
              "Actual Total Time": 621.86,
              "Actual Rows": 1,
              "Actual Loops": 7,
              "Plans": [
                {
                  "Node Type": "Seq Scan",
                  "Parent Relationship": "Outer",
                  "Parallel Aware": true,
                  "Relation Name": "cast_info",
                  "Alias": "ci",
                  "Startup Cost": 0.0,
                  "Total Cost": 328211.39,
                  "Plan Rows": 752601,
                  "Plan Width": 0,
                  "Actual Startup Time": 0.05,
                  "Actual Total Time": 584.321,
                  "Actual Rows": 669249,
                  "Actual Loops": 7,
                  "Filter": "(person_id < 453826)",
                  "Rows Removed by Filter": 4508515
                }
              ]
            }
          ]
        }
      ]
    },
    "Planning Time": 0.104,
    "Triggers": [],
    "Execution Time": 684.532
  }
]