[
  {
    "Plan": {
      "Node Type": "Aggregate",
      "Strategy": "Plain",
      "Partial Mode": "Finalize",
      "Parallel Aware": false,
      "Startup Cost": 339899.3,
      "Total Cost": 339899.31,
      "Plan Rows": 1,
      "Plan Width": 8,
      "Actual Startup Time": 807.174,
      "Actual Total Time": 869.161,
      "Actual Rows": 1,
      "Actual Loops": 1,
      "Plans": [
        {
          "Node Type": "Gather",
          "Parent Relationship": "Outer",
          "Parallel Aware": false,
          "Startup Cost": 339898.68,
          "Total Cost": 339899.29,
          "Plan Rows": 6,
          "Plan Width": 8,
          "Actual Startup Time": 807.059,
          "Actual Total Time": 869.151,
          "Actual Rows": 7,
          "Actual Loops": 1,
          "Workers Planned": 6,
          "Workers Launched": 6,
          "Single Copy": false,
          "Plans": [
            {
              "Node Type": "Aggregate",
              "Strategy": "Plain",
              "Partial Mode": "Partial",
              "Parent Relationship": "Outer",
              "Parallel Aware": false,
              "Startup Cost": 338898.68,
              "Total Cost": 338898.69,
              "Plan Rows": 1,
              "Plan Width": 8,
              "Actual Startup Time": 796.668,
              "Actual Total Time": 796.669,
              "Actual Rows": 1,
              "Actual Loops": 7,
              "Plans": [
                {
                  "Node Type": "Seq Scan",
                  "Parent Relationship": "Outer",
                  "Parallel Aware": true,
                  "Relation Name": "cast_info",
                  "Alias": "ci",
                  "Startup Cost": 0.0,
                  "Total Cost": 328162.03,
                  "Plan Rows": 4294660,
                  "Plan Width": 0,
                  "Actual Startup Time": 125.804,
                  "Actual Total Time": 637.675,
                  "Actual Rows": 3677697,
                  "Actual Loops": 7,
                  "Filter": "(person_id > 1031489)",
                  "Rows Removed by Filter": 1500066
                }
              ]
            }
          ]
        }
      ]
    },
    "Planning Time": 0.183,
    "Triggers": [],
    "Execution Time": 869.234
  }
]