{
  "Plan": {
    "Node Type": "Aggregate",
    "Strategy": "Plain",
    "Partial Mode": "Finalize",
    "Parallel Aware": false,
    "Startup Cost": 437061.16,
    "Total Cost": 437061.17,
    "Plan Rows": 1,
    "Plan Width": 8,
    "Actual Startup Time": 911.792,
    "Actual Total Time": 931.384,
    "Actual Rows": 1,
    "Actual Loops": 1,
    "Plans": [
      {
        "Node Type": "Gather",
        "Parent Relationship": "Outer",
        "Parallel Aware": false,
        "Startup Cost": 437061.04,
        "Total Cost": 437061.15,
        "Plan Rows": 1,
        "Plan Width": 8,
        "Actual Startup Time": 886.408,
        "Actual Total Time": 931.373,
        "Actual Rows": 2,
        "Actual Loops": 1,
        "Workers Planned": 1,
        "Workers Launched": 1,
        "Single Copy": false,
        "Plans": [
          {
            "Node Type": "Aggregate",
            "Strategy": "Plain",
            "Partial Mode": "Partial",
            "Parent Relationship": "Outer",
            "Parallel Aware": false,
            "Startup Cost": 436061.04,
            "Total Cost": 436061.05,
            "Plan Rows": 1,
            "Plan Width": 8,
            "Actual Startup Time": 887.43,
            "Actual Total Time": 887.438,
            "Actual Rows": 1,
            "Actual Loops": 2,
            "Plans": [
              {
                "Node Type": "Merge Join",
                "Parent Relationship": "Outer",
                "Parallel Aware": false,
                "Join Type": "Inner",
                "Startup Cost": 427875.9,
                "Total Cost": 435695.58,
                "Plan Rows": 146184,
                "Plan Width": 0,
                "Actual Startup Time": 869.472,
                "Actual Total Time": 887.273,
                "Actual Rows": 4034,
                "Actual Loops": 2,
                "Inner Unique": false,
                "Merge Cond": "(t.id = mi.movie_id)",
                "Plans": [
                  {
                    "Node Type": "Sort",
                    "Parent Relationship": "Outer",
                    "Parallel Aware": false,
                    "Startup Cost": 209989.59,
                    "Total Cost": 212047.78,
                    "Plan Rows": 823276,
                    "Plan Width": 8,
                    "Actual Startup Time": 724.969,
                    "Actual Total Time": 731.563,
                    "Actual Rows": 183378,
                    "Actual Loops": 2,
                    "Sort Key": [
                      "t.id"
                    ],
                    "Sort Method": "quicksort",
                    "Sort Space Used": 15210,
                    "Sort Space Type": "Memory",
                    "Workers": [
                      {
                        "Worker Number": 0,
                        "Sort Method": "quicksort",
                        "Sort Space Used": 14270,
                        "Sort Space Type": "Memory"
                      }
                    ],
                    "Plans": [
                      {
                        "Node Type": "Hash Join",
                        "Parent Relationship": "Outer",
                        "Parallel Aware": true,
                        "Join Type": "Inner",
                        "Startup Cost": 66442.09,
                        "Total Cost": 129098.54,
                        "Plan Rows": 823276,
                        "Plan Width": 8,
                        "Actual Startup Time": 351.562,
                        "Actual Total Time": 694.145,
                        "Actual Rows": 183378,
                        "Actual Loops": 2,
                        "Inner Unique": true,
                        "Hash Cond": "(mk.movie_id = t.id)",
                        "Plans": [
                          {
                            "Node Type": "Seq Scan",
                            "Parent Relationship": "Outer",
                            "Parallel Aware": true,
                            "Relation Name": "movie_keyword",
                            "Alias": "mk",
                            "Startup Cost": 0.0,
                            "Total Cost": 57718.19,
                            "Plan Rows": 1881235,
                            "Plan Width": 4,
                            "Actual Startup Time": 0.136,
                            "Actual Total Time": 189.995,
                            "Actual Rows": 1591572,
                            "Actual Loops": 2,
                            "Filter": "(keyword_id > 1748)",
                            "Rows Removed by Filter": 670392
                          },
                          {
                            "Node Type": "Hash",
                            "Parent Relationship": "Inner",
                            "Parallel Aware": true,
                            "Startup Cost": 58306.47,
                            "Total Cost": 58306.47,
                            "Plan Rows": 650850,
                            "Plan Width": 4,
                            "Actual Startup Time": 336.707,
                            "Actual Total Time": 336.708,
                            "Actual Rows": 600545,
                            "Actual Loops": 2,
                            "Hash Buckets": 2097152,
                            "Original Hash Buckets": 2097152,
                            "Hash Batches": 1,
                            "Original Hash Batches": 1,
                            "Peak Memory Usage": 63392,
                            "Plans": [
                              {
                                "Node Type": "Seq Scan",
                                "Parent Relationship": "Outer",
                                "Parallel Aware": true,
                                "Relation Name": "title",
                                "Alias": "t",
                                "Startup Cost": 0.0,
                                "Total Cost": 58306.47,
                                "Plan Rows": 650850,
                                "Plan Width": 4,
                                "Actual Startup Time": 0.034,
                                "Actual Total Time": 166.093,
                                "Actual Rows": 600545,
                                "Actual Loops": 2,
                                "Filter": "((production_year > 1987) AND (kind_id = 7))",
                                "Rows Removed by Filter": 663611
                              }
                            ]
                          }
                        ]
                      }
                    ]
                  },
                  {
                    "Node Type": "Sort",
                    "Parent Relationship": "Inner",
                    "Parallel Aware": false,
                    "Startup Cost": 217886.23,
                    "Total Cost": 219008.56,
                    "Plan Rows": 448931,
                    "Plan Width": 4,
                    "Actual Startup Time": 144.184,
                    "Actual Total Time": 145.972,
                    "Actual Rows": 13889,
                    "Actual Loops": 2,
                    "Sort Key": [
                      "mi.movie_id"
                    ],
                    "Sort Method": "quicksort",
                    "Sort Space Used": 32382,
                    "Sort Space Type": "Memory",
                    "Workers": [
                      {
                        "Worker Number": 0,
                        "Sort Method": "quicksort",
                        "Sort Space Used": 32382,
                        "Sort Space Type": "Memory"
                      }
                    ],
                    "Plans": [
                      {
                        "Node Type": "Bitmap Heap Scan",
                        "Parent Relationship": "Outer",
                        "Parallel Aware": false,
                        "Relation Name": "movie_info",
                        "Alias": "mi",
                        "Startup Cost": 8135.65,
                        "Total Cost": 175740.29,
                        "Plan Rows": 448931,
                        "Plan Width": 4,
                        "Actual Startup Time": 16.043,
                        "Actual Total Time": 64.637,
                        "Actual Rows": 428651,
                        "Actual Loops": 2,
                        "Recheck Cond": "(info_type_id > 104)",
                        "Rows Removed by Index Recheck": 0,
                        "Exact Heap Blocks": 5300,
                        "Lossy Heap Blocks": 0,
                        "Plans": [
                          {
                            "Node Type": "Bitmap Index Scan",
                            "Parent Relationship": "Outer",
                            "Parallel Aware": false,
                            "Index Name": "info_type_id_movie_info",
                            "Startup Cost": 0.0,
                            "Total Cost": 8023.42,
                            "Plan Rows": 448931,
                            "Plan Width": 0,
                            "Actual Startup Time": 15.481,
                            "Actual Total Time": 15.481,
                            "Actual Rows": 428651,
                            "Actual Loops": 2,
                            "Index Cond": "(info_type_id > 104)"
                          }
                        ]
                      }
                    ]
                  }
                ]
              }
            ]
          }
        ]
      }
    ]
  },
  "Planning Time": 1.075,
  "Triggers": [],
  "Execution Time": 931.514
}