[
  {
    "Plan": {
      "Node Type": "Aggregate",
      "Strategy": "Plain",
      "Partial Mode": "Finalize",
      "Parallel Aware": false,
      "Startup Cost": 44569.86,
      "Total Cost": 44569.87,
      "Plan Rows": 1,
      "Plan Width": 8,
      "Actual Startup Time": 122.264,
      "Actual Total Time": 131.928,
      "Actual Rows": 1,
      "Actual Loops": 1,
      "Plans": [
        {
          "Node Type": "Gather",
          "Parent Relationship": "Outer",
          "Parallel Aware": false,
          "Startup Cost": 44569.54,
          "Total Cost": 44569.85,
          "Plan Rows": 3,
          "Plan Width": 8,
          "Actual Startup Time": 122.139,
          "Actual Total Time": 131.919,
          "Actual Rows": 4,
          "Actual Loops": 1,
          "Workers Planned": 3,
          "Workers Launched": 3,
          "Single Copy": false,
          "Plans": [
            {
              "Node Type": "Aggregate",
              "Strategy": "Plain",
              "Partial Mode": "Partial",
              "Parent Relationship": "Outer",
              "Parallel Aware": false,
              "Startup Cost": 43569.54,
              "Total Cost": 43569.55,
              "Plan Rows": 1,
              "Plan Width": 8,
              "Actual Startup Time": 115.675,
              "Actual Total Time": 115.676,
              "Actual Rows": 1,
              "Actual Loops": 4,
              "Plans": [
                {
                  "Node Type": "Seq Scan",
                  "Parent Relationship": "Outer",
                  "Parallel Aware": true,
                  "Relation Name": "movie_keyword",
                  "Alias": "mk",
                  "Startup Cost": 0.0,
                  "Total Cost": 42695.65,
                  "Plan Rows": 349554,
                  "Plan Width": 0,
                  "Actual Startup Time": 3.247,
                  "Actual Total Time": 102.242,
                  "Actual Rows": 271346,
                  "Actual Loops": 4,
                  "Filter": "(keyword_id > 16295)",
                  "Rows Removed by Filter": 859637
                }
              ]
            }
          ]
        }
      ]
    },
    "Planning Time": 0.146,
    "Triggers": [],
    "Execution Time": 131.973
  }
]