{
  "Plan": {
    "Node Type": "Aggregate",
    "Strategy": "Plain",
    "Partial Mode": "Simple",
    "Parallel Aware": false,
    "Startup Cost": 1287878.46,
    "Total Cost": 1287878.47,
    "Plan Rows": 1,
    "Plan Width": 96,
    "Actual Startup Time": 4126.965,
    "Actual Total Time": 4243.127,
    "Actual Rows": 1,
    "Actual Loops": 1,
    "Plans": [
      {
        "Node Type": "Gather",
        "Parent Relationship": "Outer",
        "Parallel Aware": false,
        "Startup Cost": 1212838.48,
        "Total Cost": 1287878.46,
        "Plan Rows": 1,
        "Plan Width": 48,
        "Actual Startup Time": 3883.041,
        "Actual Total Time": 4241.274,
        "Actual Rows": 16308,
        "Actual Loops": 1,
        "Workers Planned": 1,
        "Workers Launched": 1,
        "Single Copy": false,
        "Plans": [
          {
            "Node Type": "Hash Join",
            "Parent Relationship": "Outer",
            "Parallel Aware": false,
            "Join Type": "Inner",
            "Startup Cost": 1211838.48,
            "Total Cost": 1286878.36,
            "Plan Rows": 1,
            "Plan Width": 48,
            "Actual Startup Time": 3873.414,
            "Actual Total Time": 4112.808,
            "Actual Rows": 8154,
            "Actual Loops": 2,
            "Inner Unique": true,
            "Hash Cond": "(pi.info_type_id = it3.id)",
            "Plans": [
              {
                "Node Type": "Hash Join",
                "Parent Relationship": "Outer",
                "Parallel Aware": true,
                "Join Type": "Inner",
                "Startup Cost": 1211836.05,
                "Total Cost": 1286875.93,
                "Plan Rows": 1,
                "Plan Width": 52,
                "Actual Startup Time": 3872.652,
                "Actual Total Time": 4110.091,
                "Actual Rows": 33914,
                "Actual Loops": 2,
                "Inner Unique": false,
                "Hash Cond": "(pi.person_id = n.id)",
                "Plans": [
                  {
                    "Node Type": "Seq Scan",
                    "Parent Relationship": "Outer",
                    "Parallel Aware": true,
                    "Relation Name": "person_info",
                    "Alias": "pi",
                    "Startup Cost": 0.0,
                    "Total Cost": 68497.45,
                    "Plan Rows": 1744645,
                    "Plan Width": 8,
                    "Actual Startup Time": 0.006,
                    "Actual Total Time": 150.342,
                    "Actual Rows": 1481832,
                    "Actual Loops": 2
                  },
                  {
                    "Node Type": "Hash",
                    "Parent Relationship": "Inner",
                    "Parallel Aware": true,
                    "Startup Cost": 1211836.04,
                    "Total Cost": 1211836.04,
                    "Plan Rows": 1,
                    "Plan Width": 60,
                    "Actual Startup Time": 3866.108,
                    "Actual Total Time": 3866.155,
                    "Actual Rows": 94,
                    "Actual Loops": 2,
                    "Hash Buckets": 1024,
                    "Original Hash Buckets": 1024,
                    "Hash Batches": 1,
                    "Original Hash Batches": 1,
                    "Peak Memory Usage": 72,
                    "Plans": [
                      {
                        "Node Type": "Hash Join",
                        "Parent Relationship": "Outer",
                        "Parallel Aware": true,
                        "Join Type": "Inner",
                        "Startup Cost": 1206923.56,
                        "Total Cost": 1211836.04,
                        "Plan Rows": 1,
                        "Plan Width": 60,
                        "Actual Startup Time": 3851.456,
                        "Actual Total Time": 3866.087,
                        "Actual Rows": 94,
                        "Actual Loops": 2,
                        "Inner Unique": false,
                        "Hash Cond": "(cn.id = mc.company_id)",
                        "Plans": [
                          {
                            "Node Type": "Seq Scan",
                            "Parent Relationship": "Outer",
                            "Parallel Aware": true,
                            "Relation Name": "company_name",
                            "Alias": "cn",
                            "Startup Cost": 0.0,
                            "Total Cost": 4722.92,
                            "Plan Rows": 50548,
                            "Plan Width": 4,
                            "Actual Startup Time": 0.017,
                            "Actual Total Time": 13.789,
                            "Actual Rows": 42422,
                            "Actual Loops": 2,
                            "Filter": "((country_code)::text = '[us]'::text)",
                            "Rows Removed by Filter": 75077
                          },
                          {
                            "Node Type": "Hash",
                            "Parent Relationship": "Inner",
                            "Parallel Aware": true,
                            "Startup Cost": 1206923.54,
                            "Total Cost": 1206923.54,
                            "Plan Rows": 1,
                            "Plan Width": 64,
                            "Actual Startup Time": 3849.589,
                            "Actual Total Time": 3849.632,
                            "Actual Rows": 429,
                            "Actual Loops": 2,
                            "Hash Buckets": 1024,
                            "Original Hash Buckets": 1024,
                            "Hash Batches": 1,
                            "Original Hash Batches": 1,
                            "Peak Memory Usage": 136,
                            "Plans": [
                              {
                                "Node Type": "Hash Join",
                                "Parent Relationship": "Outer",
                                "Parallel Aware": true,
                                "Join Type": "Inner",
                                "Startup Cost": 1167030.28,
                                "Total Cost": 1206923.54,
                                "Plan Rows": 1,
                                "Plan Width": 64,
                                "Actual Startup Time": 3737.161,
                                "Actual Total Time": 3849.471,
                                "Actual Rows": 429,
                                "Actual Loops": 2,
                                "Inner Unique": false,
                                "Hash Cond": "(mc.movie_id = t.id)",
                                "Plans": [
                                  {
                                    "Node Type": "Seq Scan",
                                    "Parent Relationship": "Outer",
                                    "Parallel Aware": true,
                                    "Relation Name": "movie_companies",
                                    "Alias": "mc",
                                    "Startup Cost": 0.0,
                                    "Total Cost": 34137.82,
                                    "Plan Rows": 1534782,
                                    "Plan Width": 8,
                                    "Actual Startup Time": 0.006,
                                    "Actual Total Time": 92.472,
                                    "Actual Rows": 1304564,
                                    "Actual Loops": 2
                                  },
                                  {
                                    "Node Type": "Hash",
                                    "Parent Relationship": "Inner",
                                    "Parallel Aware": true,
                                    "Startup Cost": 1167030.27,
                                    "Total Cost": 1167030.27,
                                    "Plan Rows": 1,
                                    "Plan Width": 80,
                                    "Actual Startup Time": 3679.724,
                                    "Actual Total Time": 3679.763,
                                    "Actual Rows": 16,
                                    "Actual Loops": 2,
                                    "Hash Buckets": 1024,
                                    "Original Hash Buckets": 1024,
                                    "Hash Batches": 1,
                                    "Original Hash Batches": 1,
                                    "Peak Memory Usage": 72,
                                    "Plans": [
                                      {
                                        "Node Type": "Hash Join",
                                        "Parent Relationship": "Outer",
                                        "Parallel Aware": true,
                                        "Join Type": "Inner",
                                        "Startup Cost": 1148343.99,
                                        "Total Cost": 1167030.27,
                                        "Plan Rows": 1,
                                        "Plan Width": 80,
                                        "Actual Startup Time": 3642.38,
                                        "Actual Total Time": 3679.725,
                                        "Actual Rows": 16,
                                        "Actual Loops": 2,
                                        "Inner Unique": false,
                                        "Hash Cond": "(an.person_id = n.id)",
                                        "Plans": [
                                          {
                                            "Node Type": "Seq Scan",
                                            "Parent Relationship": "Outer",
                                            "Parallel Aware": true,
                                            "Relation Name": "aka_name",
                                            "Alias": "an",
                                            "Startup Cost": 0.0,
                                            "Total Cost": 16698.02,
                                            "Plan Rows": 530202,
                                            "Plan Width": 4,
                                            "Actual Startup Time": 0.006,
                                            "Actual Total Time": 39.692,
                                            "Actual Rows": 450672,
                                            "Actual Loops": 2
                                          },
                                          {
                                            "Node Type": "Hash",
                                            "Parent Relationship": "Inner",
                                            "Parallel Aware": true,
                                            "Startup Cost": 1148343.97,
                                            "Total Cost": 1148343.97,
                                            "Plan Rows": 1,
                                            "Plan Width": 76,
                                            "Actual Startup Time": 3613.418,
                                            "Actual Total Time": 3613.454,
                                            "Actual Rows": 4,
                                            "Actual Loops": 2,
                                            "Hash Buckets": 1024,
                                            "Original Hash Buckets": 1024,
                                            "Hash Batches": 1,
                                            "Original Hash Batches": 1,
                                            "Peak Memory Usage": 72,
                                            "Plans": [
                                              {
                                                "Node Type": "Hash Join",
                                                "Parent Relationship": "Outer",
                                                "Parallel Aware": true,
                                                "Join Type": "Inner",
                                                "Startup Cost": 1086496.87,
                                                "Total Cost": 1148343.97,
                                                "Plan Rows": 1,
                                                "Plan Width": 76,
                                                "Actual Startup Time": 3406.413,
                                                "Actual Total Time": 3613.419,
                                                "Actual Rows": 4,
                                                "Actual Loops": 2,
                                                "Inner Unique": false,
                                                "Hash Cond": "(chn.id = ci.person_role_id)",
                                                "Plans": [
                                                  {
                                                    "Node Type": "Seq Scan",
                                                    "Parent Relationship": "Outer",
                                                    "Parallel Aware": true,
                                                    "Relation Name": "char_name",
                                                    "Alias": "chn",
                                                    "Startup Cost": 0.0,
                                                    "Total Cost": 54920.07,
                                                    "Plan Rows": 1847207,
                                                    "Plan Width": 20,
                                                    "Actual Startup Time": 0.006,
                                                    "Actual Total Time": 128.789,
                                                    "Actual Rows": 1570170,
                                                    "Actual Loops": 2
                                                  },
                                                  {
                                                    "Node Type": "Hash",
                                                    "Parent Relationship": "Inner",
                                                    "Parallel Aware": true,
                                                    "Startup Cost": 1086496.86,
                                                    "Total Cost": 1086496.86,
                                                    "Plan Rows": 1,
                                                    "Plan Width": 64,
                                                    "Actual Startup Time": 3397.247,
                                                    "Actual Total Time": 3397.28,
                                                    "Actual Rows": 6,
                                                    "Actual Loops": 2,
                                                    "Hash Buckets": 1024,
                                                    "Original Hash Buckets": 1024,
                                                    "Hash Batches": 1,
                                                    "Original Hash Batches": 1,
                                                    "Peak Memory Usage": 40,
                                                    "Plans": [
                                                      {
                                                        "Node Type": "Hash Join",
                                                        "Parent Relationship": "Outer",
                                                        "Parallel Aware": false,
                                                        "Join Type": "Inner",
                                                        "Startup Cost": 792111.27,
                                                        "Total Cost": 1086496.86,
                                                        "Plan Rows": 1,
                                                        "Plan Width": 64,
                                                        "Actual Startup Time": 2854.664,
                                                        "Actual Total Time": 3397.253,
                                                        "Actual Rows": 6,
                                                        "Actual Loops": 2,
                                                        "Inner Unique": true,
                                                        "Hash Cond": "(mi.info_type_id = it.id)",
                                                        "Plans": [
                                                          {
                                                            "Node Type": "Hash Join",
                                                            "Parent Relationship": "Outer",
                                                            "Parallel Aware": true,
                                                            "Join Type": "Inner",
                                                            "Startup Cost": 792108.85,
                                                            "Total Cost": 1086494.43,
                                                            "Plan Rows": 1,
                                                            "Plan Width": 68,
                                                            "Actual Startup Time": 2854.57,
                                                            "Actual Total Time": 3397.154,
                                                            "Actual Rows": 6,
                                                            "Actual Loops": 2,
                                                            "Inner Unique": false,
                                                            "Hash Cond": "(mi.movie_id = t.id)",
                                                            "Plans": [
                                                              {
                                                                "Node Type": "Seq Scan",
                                                                "Parent Relationship": "Outer",
                                                                "Parallel Aware": true,
                                                                "Relation Name": "movie_info",
                                                                "Alias": "mi",
                                                                "Startup Cost": 0.0,
                                                                "Total Cost": 293185.7,
                                                                "Plan Rows": 319965,
                                                                "Plan Width": 8,
                                                                "Actual Startup Time": 95.505,
                                                                "Actual Total Time": 898.15,
                                                                "Actual Rows": 225552,
                                                                "Actual Loops": 2,
                                                                "Filter": "((info IS NOT NULL) AND ((info ~~ 'Japan:%200%'::text) OR (info ~~ 'USA:%200%'::text)))",
                                                                "Rows Removed by Filter": 7192308
                                                              },
                                                              {
                                                                "Node Type": "Hash",
                                                                "Parent Relationship": "Inner",
                                                                "Parallel Aware": true,
                                                                "Startup Cost": 792108.84,
                                                                "Total Cost": 792108.84,
                                                                "Plan Rows": 1,
                                                                "Plan Width": 60,
                                                                "Actual Startup Time": 2486.296,
                                                                "Actual Total Time": 2486.324,
                                                                "Actual Rows": 2,
                                                                "Actual Loops": 2,
                                                                "Hash Buckets": 1024,
                                                                "Original Hash Buckets": 1024,
                                                                "Hash Batches": 1,
                                                                "Original Hash Batches": 1,
                                                                "Peak Memory Usage": 40,
                                                                "Plans": [
                                                                  {
                                                                    "Node Type": "Hash Join",
                                                                    "Parent Relationship": "Outer",
                                                                    "Parallel Aware": false,
                                                                    "Join Type": "Inner",
                                                                    "Startup Cost": 699703.5,
                                                                    "Total Cost": 792108.84,
                                                                    "Plan Rows": 1,
                                                                    "Plan Width": 60,
                                                                    "Actual Startup Time": 2408.225,
                                                                    "Actual Total Time": 2486.287,
                                                                    "Actual Rows": 2,
                                                                    "Actual Loops": 2,
                                                                    "Inner Unique": true,
                                                                    "Hash Cond": "(cc.status_id = cct2.id)",
                                                                    "Plans": [
                                                                      {
                                                                        "Node Type": "Hash Join",
                                                                        "Parent Relationship": "Outer",
                                                                        "Parallel Aware": false,
                                                                        "Join Type": "Inner",
                                                                        "Startup Cost": 699702.44,
                                                                        "Total Cost": 792107.77,
                                                                        "Plan Rows": 1,
                                                                        "Plan Width": 64,
                                                                        "Actual Startup Time": 2329.992,
                                                                        "Actual Total Time": 2486.209,
                                                                        "Actual Rows": 13,
                                                                        "Actual Loops": 2,
                                                                        "Inner Unique": true,
                                                                        "Hash Cond": "(cc.subject_id = cct1.id)",
                                                                        "Plans": [
                                                                          {
                                                                            "Node Type": "Hash Join",
                                                                            "Parent Relationship": "Outer",
                                                                            "Parallel Aware": false,
                                                                            "Join Type": "Inner",
                                                                            "Startup Cost": 699701.38,
                                                                            "Total Cost": 792106.71,
                                                                            "Plan Rows": 1,
                                                                            "Plan Width": 68,
                                                                            "Actual Startup Time": 2329.945,
                                                                            "Actual Total Time": 2486.15,
                                                                            "Actual Rows": 13,
                                                                            "Actual Loops": 2,
                                                                            "Inner Unique": true,
                                                                            "Hash Cond": "(ci.role_id = rt.id)",
                                                                            "Plans": [
                                                                              {
                                                                                "Node Type": "Hash Join",
                                                                                "Parent Relationship": "Outer",
                                                                                "Parallel Aware": true,
                                                                                "Join Type": "Inner",
                                                                                "Startup Cost": 699700.22,
                                                                                "Total Cost": 792105.54,
                                                                                "Plan Rows": 1,
                                                                                "Plan Width": 72,
                                                                                "Actual Startup Time": 2329.883,
                                                                                "Actual Total Time": 2486.075,
                                                                                "Actual Rows": 13,
                                                                                "Actual Loops": 2,
                                                                                "Inner Unique": false,
                                                                                "Hash Cond": "(n.id = ci.person_id)",
                                                                                "Plans": [
                                                                                  {
                                                                                    "Node Type": "Seq Scan",
                                                                                    "Parent Relationship": "Outer",
                                                                                    "Parallel Aware": true,
                                                                                    "Relation Name": "name",
                                                                                    "Alias": "n",
                                                                                    "Startup Cost": 0.0,
                                                                                    "Total Cost": 92383.97,
                                                                                    "Plan Rows": 5691,
                                                                                    "Plan Width": 19,
                                                                                    "Actual Startup Time": 111.477,
                                                                                    "Actual Total Time": 266.542,
                                                                                    "Actual Rows": 25006,
                                                                                    "Actual Loops": 2,
                                                                                    "Filter": "((name ~~ '%An%'::text) AND ((gender)::text = 'f'::text))",
                                                                                    "Rows Removed by Filter": 2058740
                                                                                  },
                                                                                  {
                                                                                    "Node Type": "Hash",
                                                                                    "Parent Relationship": "Inner",
                                                                                    "Parallel Aware": true,
                                                                                    "Startup Cost": 699700.2,
                                                                                    "Total Cost": 699700.2,
                                                                                    "Plan Rows": 1,
                                                                                    "Plan Width": 53,
                                                                                    "Actual Startup Time": 2216.583,
                                                                                    "Actual Total Time": 2216.599,
                                                                                    "Actual Rows": 954,
                                                                                    "Actual Loops": 2,
                                                                                    "Hash Buckets": 2048,
                                                                                    "Original Hash Buckets": 1024,
                                                                                    "Hash Batches": 1,
                                                                                    "Original Hash Batches": 1,
                                                                                    "Peak Memory Usage": 216,
                                                                                    "Plans": [
                                                                                      {
                                                                                        "Node Type": "Hash Join",
                                                                                        "Parent Relationship": "Outer",
                                                                                        "Parallel Aware": true,
                                                                                        "Join Type": "Inner",
                                                                                        "Startup Cost": 125075.71,
                                                                                        "Total Cost": 699700.2,
                                                                                        "Plan Rows": 1,
                                                                                        "Plan Width": 53,
                                                                                        "Actual Startup Time": 529.47,
                                                                                        "Actual Total Time": 2189.741,
                                                                                        "Actual Rows": 954,
                                                                                        "Actual Loops": 2,
                                                                                        "Inner Unique": false,
                                                                                        "Hash Cond": "(ci.movie_id = t.id)",
                                                                                        "Plans": [
                                                                                          {
                                                                                            "Node Type": "Seq Scan",
                                                                                            "Parent Relationship": "Outer",
                                                                                            "Parallel Aware": true,
                                                                                            "Relation Name": "cast_info",
                                                                                            "Alias": "ci",
                                                                                            "Startup Cost": 0.0,
                                                                                            "Total Cost": 572608.98,
                                                                                            "Plan Rows": 537469,
                                                                                            "Plan Width": 16,
                                                                                            "Actual Startup Time": 0.027,
                                                                                            "Actual Total Time": 1635.966,
                                                                                            "Actual Rows": 433738,
                                                                                            "Actual Loops": 2,
                                                                                            "Filter": "(note = ANY ('{(voice),\"(voice: Japanese version)\",\"(voice) (uncredited)\",\"(voice: English version)\"}'::text[]))",
                                                                                            "Rows Removed by Filter": 17688434
                                                                                          },
                                                                                          {
                                                                                            "Node Type": "Hash",
                                                                                            "Parent Relationship": "Inner",
                                                                                            "Parallel Aware": true,
                                                                                            "Startup Cost": 125075.7,
                                                                                            "Total Cost": 125075.7,
                                                                                            "Plan Rows": 1,
                                                                                            "Plan Width": 37,
                                                                                            "Actual Startup Time": 527.638,
                                                                                            "Actual Total Time": 527.651,
                                                                                            "Actual Rows": 30,
                                                                                            "Actual Loops": 2,
                                                                                            "Hash Buckets": 1024,
                                                                                            "Original Hash Buckets": 1024,
                                                                                            "Hash Batches": 1,
                                                                                            "Original Hash Batches": 1,
                                                                                            "Peak Memory Usage": 72,
                                                                                            "Plans": [
                                                                                              {
                                                                                                "Node Type": "Hash Join",
                                                                                                "Parent Relationship": "Outer",
                                                                                                "Parallel Aware": false,
                                                                                                "Join Type": "Inner",
                                                                                                "Startup Cost": 64447.88,
                                                                                                "Total Cost": 125075.7,
                                                                                                "Plan Rows": 1,
                                                                                                "Plan Width": 37,
                                                                                                "Actual Startup Time": 472.16,
                                                                                                "Actual Total Time": 527.577,
                                                                                                "Actual Rows": 30,
                                                                                                "Actual Loops": 2,
                                                                                                "Inner Unique": false,
                                                                                                "Hash Cond": "(t.id = cc.movie_id)",
                                                                                                "Plans": [
                                                                                                  {
                                                                                                    "Node Type": "Hash Join",
                                                                                                    "Parent Relationship": "Outer",
                                                                                                    "Parallel Aware": true,
                                                                                                    "Join Type": "Inner",
                                                                                                    "Startup Cost": 60677.44,
                                                                                                    "Total Cost": 121305.21,
                                                                                                    "Plan Rows": 8,
                                                                                                    "Plan Width": 25,
                                                                                                    "Actual Startup Time": 309.68,
                                                                                                    "Actual Total Time": 473.347,
                                                                                                    "Actual Rows": 124,
                                                                                                    "Actual Loops": 2,
                                                                                                    "Inner Unique": false,
                                                                                                    "Hash Cond": "(t.id = mk.movie_id)",
                                                                                                    "Plans": [
                                                                                                      {
                                                                                                        "Node Type": "Seq Scan",
                                                                                                        "Parent Relationship": "Outer",
                                                                                                        "Parallel Aware": true,
                                                                                                        "Relation Name": "title",
                                                                                                        "Alias": "t",
                                                                                                        "Startup Cost": 0.0,
                                                                                                        "Total Cost": 58308.37,
                                                                                                        "Plan Rows": 618492,
                                                                                                        "Plan Width": 21,
                                                                                                        "Actual Startup Time": 0.013,
                                                                                                        "Actual Total Time": 145.414,
                                                                                                        "Actual Rows": 521400,
                                                                                                        "Actual Loops": 2,
                                                                                                        "Filter": "((production_year >= 2000) AND (production_year <= 2010))",
                                                                                                        "Rows Removed by Filter": 742756
                                                                                                      },
                                                                                                      {
                                                                                                        "Node Type": "Hash",
                                                                                                        "Parent Relationship": "Inner",
                                                                                                        "Parallel Aware": true,
                                                                                                        "Startup Cost": 60677.19,
                                                                                                        "Total Cost": 60677.19,
                                                                                                        "Plan Rows": 20,
                                                                                                        "Plan Width": 4,
                                                                                                        "Actual Startup Time": 296.776,
                                                                                                        "Actual Total Time": 296.781,
                                                                                                        "Actual Rows": 207,
                                                                                                        "Actual Loops": 2,
                                                                                                        "Hash Buckets": 1024,
                                                                                                        "Original Hash Buckets": 1024,
                                                                                                        "Hash Batches": 1,
                                                                                                        "Original Hash Batches": 1,
                                                                                                        "Peak Memory Usage": 72,
                                                                                                        "Plans": [
                                                                                                          {
                                                                                                            "Node Type": "Hash Join",
                                                                                                            "Parent Relationship": "Outer",
                                                                                                            "Parallel Aware": false,
                                                                                                            "Join Type": "Inner",
                                                                                                            "Startup Cost": 2626.14,
                                                                                                            "Total Cost": 60677.19,
                                                                                                            "Plan Rows": 20,
                                                                                                            "Plan Width": 4,
                                                                                                            "Actual Startup Time": 12.931,
                                                                                                            "Actual Total Time": 296.604,
                                                                                                            "Actual Rows": 207,
                                                                                                            "Actual Loops": 2,
                                                                                                            "Inner Unique": true,
                                                                                                            "Hash Cond": "(mk.keyword_id = k.id)",
                                                                                                            "Plans": [
                                                                                                              {
                                                                                                                "Node Type": "Seq Scan",
                                                                                                                "Parent Relationship": "Outer",
                                                                                                                "Parallel Aware": true,
                                                                                                                "Relation Name": "movie_keyword",
                                                                                                                "Alias": "mk",
                                                                                                                "Startup Cost": 0.0,
                                                                                                                "Total Cost": 51065.35,
                                                                                                                "Plan Rows": 2661135,
                                                                                                                "Plan Width": 8,
                                                                                                                "Actual Startup Time": 0.02,
                                                                                                                "Actual Total Time": 150.321,
                                                                                                                "Actual Rows": 2261965,
                                                                                                                "Actual Loops": 2
                                                                                                              },
                                                                                                              {
                                                                                                                "Node Type": "Hash",
                                                                                                                "Parent Relationship": "Inner",
                                                                                                                "Parallel Aware": false,
                                                                                                                "Startup Cost": 2626.12,
                                                                                                                "Total Cost": 2626.12,
                                                                                                                "Plan Rows": 1,
                                                                                                                "Plan Width": 4,
                                                                                                                "Actual Startup Time": 11.69,
                                                                                                                "Actual Total Time": 11.691,
                                                                                                                "Actual Rows": 1,
                                                                                                                "Actual Loops": 2,
                                                                                                                "Hash Buckets": 1024,
                                                                                                                "Original Hash Buckets": 1024,
                                                                                                                "Hash Batches": 1,
                                                                                                                "Original Hash Batches": 1,
                                                                                                                "Peak Memory Usage": 9,
                                                                                                                "Plans": [
                                                                                                                  {
                                                                                                                    "Node Type": "Seq Scan",
                                                                                                                    "Parent Relationship": "Outer",
                                                                                                                    "Parallel Aware": false,
                                                                                                                    "Relation Name": "keyword",
                                                                                                                    "Alias": "k",
                                                                                                                    "Startup Cost": 0.0,
                                                                                                                    "Total Cost": 2626.12,
                                                                                                                    "Plan Rows": 1,
                                                                                                                    "Plan Width": 4,
                                                                                                                    "Actual Startup Time": 0.057,
                                                                                                                    "Actual Total Time": 11.686,
                                                                                                                    "Actual Rows": 1,
                                                                                                                    "Actual Loops": 2,
                                                                                                                    "Filter": "(keyword = 'computer-animation'::text)",
                                                                                                                    "Rows Removed by Filter": 134169
                                                                                                                  }
                                                                                                                ]
                                                                                                              }
                                                                                                            ]
                                                                                                          }
                                                                                                        ]
                                                                                                      }
                                                                                                    ]
                                                                                                  },
                                                                                                  {
                                                                                                    "Node Type": "Hash",
                                                                                                    "Parent Relationship": "Inner",
                                                                                                    "Parallel Aware": false,
                                                                                                    "Startup Cost": 2081.86,
                                                                                                    "Total Cost": 2081.86,
                                                                                                    "Plan Rows": 135086,
                                                                                                    "Plan Width": 12,
                                                                                                    "Actual Startup Time": 52.159,
                                                                                                    "Actual Total Time": 52.161,
                                                                                                    "Actual Rows": 135086,
                                                                                                    "Actual Loops": 2,
                                                                                                    "Hash Buckets": 262144,
                                                                                                    "Original Hash Buckets": 262144,
                                                                                                    "Hash Batches": 1,
                                                                                                    "Original Hash Batches": 1,
                                                                                                    "Peak Memory Usage": 7853,
                                                                                                    "Plans": [
                                                                                                      {
                                                                                                        "Node Type": "Seq Scan",
                                                                                                        "Parent Relationship": "Outer",
                                                                                                        "Parallel Aware": false,
                                                                                                        "Relation Name": "complete_cast",
                                                                                                        "Alias": "cc",
                                                                                                        "Startup Cost": 0.0,
                                                                                                        "Total Cost": 2081.86,
                                                                                                        "Plan Rows": 135086,
                                                                                                        "Plan Width": 12,
                                                                                                        "Actual Startup Time": 0.053,
                                                                                                        "Actual Total Time": 22.849,
                                                                                                        "Actual Rows": 135086,
                                                                                                        "Actual Loops": 2
                                                                                                      }
                                                                                                    ]
                                                                                                  }
                                                                                                ]
                                                                                              }
                                                                                            ]
                                                                                          }
                                                                                        ]
                                                                                      }
                                                                                    ]
                                                                                  }
                                                                                ]
                                                                              },
                                                                              {
                                                                                "Node Type": "Hash",
                                                                                "Parent Relationship": "Inner",
                                                                                "Parallel Aware": false,
                                                                                "Startup Cost": 1.15,
                                                                                "Total Cost": 1.15,
                                                                                "Plan Rows": 1,
                                                                                "Plan Width": 4,
                                                                                "Actual Startup Time": 0.033,
                                                                                "Actual Total Time": 0.034,
                                                                                "Actual Rows": 1,
                                                                                "Actual Loops": 2,
                                                                                "Hash Buckets": 1024,
                                                                                "Original Hash Buckets": 1024,
                                                                                "Hash Batches": 1,
                                                                                "Original Hash Batches": 1,
                                                                                "Peak Memory Usage": 9,
                                                                                "Plans": [
                                                                                  {
                                                                                    "Node Type": "Seq Scan",
                                                                                    "Parent Relationship": "Outer",
                                                                                    "Parallel Aware": false,
                                                                                    "Relation Name": "role_type",
                                                                                    "Alias": "rt",
                                                                                    "Startup Cost": 0.0,
                                                                                    "Total Cost": 1.15,
                                                                                    "Plan Rows": 1,
                                                                                    "Plan Width": 4,
                                                                                    "Actual Startup Time": 0.024,
                                                                                    "Actual Total Time": 0.028,
                                                                                    "Actual Rows": 1,
                                                                                    "Actual Loops": 2,
                                                                                    "Filter": "((role)::text = 'actress'::text)",
                                                                                    "Rows Removed by Filter": 11
                                                                                  }
                                                                                ]
                                                                              }
                                                                            ]
                                                                          },
                                                                          {
                                                                            "Node Type": "Hash",
                                                                            "Parent Relationship": "Inner",
                                                                            "Parallel Aware": false,
                                                                            "Startup Cost": 1.05,
                                                                            "Total Cost": 1.05,
                                                                            "Plan Rows": 1,
                                                                            "Plan Width": 4,
                                                                            "Actual Startup Time": 0.018,
                                                                            "Actual Total Time": 0.019,
                                                                            "Actual Rows": 1,
                                                                            "Actual Loops": 2,
                                                                            "Hash Buckets": 1024,
                                                                            "Original Hash Buckets": 1024,
                                                                            "Hash Batches": 1,
                                                                            "Original Hash Batches": 1,
                                                                            "Peak Memory Usage": 9,
                                                                            "Plans": [
                                                                              {
                                                                                "Node Type": "Seq Scan",
                                                                                "Parent Relationship": "Outer",
                                                                                "Parallel Aware": false,
                                                                                "Relation Name": "comp_cast_type",
                                                                                "Alias": "cct1",
                                                                                "Startup Cost": 0.0,
                                                                                "Total Cost": 1.05,
                                                                                "Plan Rows": 1,
                                                                                "Plan Width": 4,
                                                                                "Actual Startup Time": 0.01,
                                                                                "Actual Total Time": 0.012,
                                                                                "Actual Rows": 1,
                                                                                "Actual Loops": 2,
                                                                                "Filter": "((kind)::text = 'cast'::text)",
                                                                                "Rows Removed by Filter": 3
                                                                              }
                                                                            ]
                                                                          }
                                                                        ]
                                                                      },
                                                                      {
                                                                        "Node Type": "Hash",
                                                                        "Parent Relationship": "Inner",
                                                                        "Parallel Aware": false,
                                                                        "Startup Cost": 1.05,
                                                                        "Total Cost": 1.05,
                                                                        "Plan Rows": 1,
                                                                        "Plan Width": 4,
                                                                        "Actual Startup Time": 0.041,
                                                                        "Actual Total Time": 0.042,
                                                                        "Actual Rows": 1,
                                                                        "Actual Loops": 2,
                                                                        "Hash Buckets": 1024,
                                                                        "Original Hash Buckets": 1024,
                                                                        "Hash Batches": 1,
                                                                        "Original Hash Batches": 1,
                                                                        "Peak Memory Usage": 9,
                                                                        "Plans": [
                                                                          {
                                                                            "Node Type": "Seq Scan",
                                                                            "Parent Relationship": "Outer",
                                                                            "Parallel Aware": false,
                                                                            "Relation Name": "comp_cast_type",
                                                                            "Alias": "cct2",
                                                                            "Startup Cost": 0.0,
                                                                            "Total Cost": 1.05,
                                                                            "Plan Rows": 1,
                                                                            "Plan Width": 4,
                                                                            "Actual Startup Time": 0.031,
                                                                            "Actual Total Time": 0.033,
                                                                            "Actual Rows": 1,
                                                                            "Actual Loops": 2,
                                                                            "Filter": "((kind)::text = 'complete+verified'::text)",
                                                                            "Rows Removed by Filter": 3
                                                                          }
                                                                        ]
                                                                      }
                                                                    ]
                                                                  }
                                                                ]
                                                              }
                                                            ]
                                                          },
                                                          {
                                                            "Node Type": "Hash",
                                                            "Parent Relationship": "Inner",
                                                            "Parallel Aware": false,
                                                            "Startup Cost": 2.41,
                                                            "Total Cost": 2.41,
                                                            "Plan Rows": 1,
                                                            "Plan Width": 4,
                                                            "Actual Startup Time": 0.064,
                                                            "Actual Total Time": 0.065,
                                                            "Actual Rows": 1,
                                                            "Actual Loops": 2,
                                                            "Hash Buckets": 1024,
                                                            "Original Hash Buckets": 1024,
                                                            "Hash Batches": 1,
                                                            "Original Hash Batches": 1,
                                                            "Peak Memory Usage": 9,
                                                            "Plans": [
                                                              {
                                                                "Node Type": "Seq Scan",
                                                                "Parent Relationship": "Outer",
                                                                "Parallel Aware": false,
                                                                "Relation Name": "info_type",
                                                                "Alias": "it",
                                                                "Startup Cost": 0.0,
                                                                "Total Cost": 2.41,
                                                                "Plan Rows": 1,
                                                                "Plan Width": 4,
                                                                "Actual Startup Time": 0.04,
                                                                "Actual Total Time": 0.057,
                                                                "Actual Rows": 1,
                                                                "Actual Loops": 2,
                                                                "Filter": "((info)::text = 'release dates'::text)",
                                                                "Rows Removed by Filter": 112
                                                              }
                                                            ]
                                                          }
                                                        ]
                                                      }
                                                    ]
                                                  }
                                                ]
                                              }
                                            ]
                                          }
                                        ]
                                      }
                                    ]
                                  }
                                ]
                              }
                            ]
                          }
                        ]
                      }
                    ]
                  }
                ]
              },
              {
                "Node Type": "Hash",
                "Parent Relationship": "Inner",
                "Parallel Aware": false,
                "Startup Cost": 2.41,
                "Total Cost": 2.41,
                "Plan Rows": 1,
                "Plan Width": 4,
                "Actual Startup Time": 0.091,
                "Actual Total Time": 0.092,
                "Actual Rows": 1,
                "Actual Loops": 2,
                "Hash Buckets": 1024,
                "Original Hash Buckets": 1024,
                "Hash Batches": 1,
                "Original Hash Batches": 1,
                "Peak Memory Usage": 9,
                "Plans": [
                  {
                    "Node Type": "Seq Scan",
                    "Parent Relationship": "Outer",
                    "Parallel Aware": false,
                    "Relation Name": "info_type",
                    "Alias": "it3",
                    "Startup Cost": 0.0,
                    "Total Cost": 2.41,
                    "Plan Rows": 1,
                    "Plan Width": 4,
                    "Actual Startup Time": 0.056,
                    "Actual Total Time": 0.074,
                    "Actual Rows": 1,
                    "Actual Loops": 2,
                    "Filter": "((info)::text = 'trivia'::text)",
                    "Rows Removed by Filter": 112
                  }
                ]
              }
            ]
          }
        ]
      }
    ]
  },
  "Planning Time": 4.551,
  "Triggers": [],
  "Execution Time": 4243.659
}