[
    {
        "Bao": {
            "Bao prediction": "NaN",
            "Bao recommended hint": "(no hint)"
        }
    },
    {
        "Plan": {
            "Node Type": "Aggregate",
            "Strategy": "Plain",
            "Partial Mode": "Finalize",
            "Parallel Aware": false,
            "Startup Cost": 69044.26,
            "Total Cost": 69044.27,
            "Plan Rows": 1,
            "Plan Width": 8,
            "Actual Startup Time": 191.661,
            "Actual Total Time": 199.913,
            "Actual Rows": 1,
            "Actual Loops": 1,
            "Output": [
                "count(*)"
            ],
            "Plans": [
                {
                    "Node Type": "Gather",
                    "Parent Relationship": "Outer",
                    "Parallel Aware": false,
                    "Startup Cost": 69043.84,
                    "Total Cost": 69044.25,
                    "Plan Rows": 4,
                    "Plan Width": 8,
                    "Actual Startup Time": 190.35,
                    "Actual Total Time": 199.904,
                    "Actual Rows": 5,
                    "Actual Loops": 1,
                    "Output": [
                        "(PARTIAL count(*))"
                    ],
                    "Workers Planned": 4,
                    "Workers Launched": 4,
                    "Single Copy": false,
                    "Plans": [
                        {
                            "Node Type": "Aggregate",
                            "Strategy": "Plain",
                            "Partial Mode": "Partial",
                            "Parent Relationship": "Outer",
                            "Parallel Aware": false,
                            "Startup Cost": 68043.84,
                            "Total Cost": 68043.85,
                            "Plan Rows": 1,
                            "Plan Width": 8,
                            "Actual Startup Time": 180.744,
                            "Actual Total Time": 180.776,
                            "Actual Rows": 1,
                            "Actual Loops": 5,
                            "Output": [
                                "PARTIAL count(*)"
                            ],
                            "Workers": [
                                {
                                    "Worker Number": 0,
                                    "Actual Startup Time": 177.992,
                                    "Actual Total Time": 177.995,
                                    "Actual Rows": 1,
                                    "Actual Loops": 1
                                },
                                {
                                    "Worker Number": 1,
                                    "Actual Startup Time": 178.192,
                                    "Actual Total Time": 178.196,
                                    "Actual Rows": 1,
                                    "Actual Loops": 1
                                },
                                {
                                    "Worker Number": 2,
                                    "Actual Startup Time": 178.409,
                                    "Actual Total Time": 178.412,
                                    "Actual Rows": 1,
                                    "Actual Loops": 1
                                },
                                {
                                    "Worker Number": 3,
                                    "Actual Startup Time": 179.105,
                                    "Actual Total Time": 179.109,
                                    "Actual Rows": 1,
                                    "Actual Loops": 1
                                }
                            ],
                            "Plans": [
                                {
                                    "Node Type": "Hash Join",
                                    "Parent Relationship": "Outer",
                                    "Parallel Aware": true,
                                    "Join Type": "Inner",
                                    "Startup Cost": 22473.51,
                                    "Total Cost": 68004.06,
                                    "Plan Rows": 15915,
                                    "Plan Width": 0,
                                    "Actual Startup Time": 37.039,
                                    "Actual Total Time": 179.333,
                                    "Actual Rows": 22253,
                                    "Actual Loops": 5,
                                    "Inner Unique": false,
                                    "Hash Cond": "(t.id = mc.movie_id)",
                                    "Workers": [
                                        {
                                            "Worker Number": 0,
                                            "Actual Startup Time": 34.447,
                                            "Actual Total Time": 176.425,
                                            "Actual Rows": 15621,
                                            "Actual Loops": 1
                                        },
                                        {
                                            "Worker Number": 1,
                                            "Actual Startup Time": 34.533,
                                            "Actual Total Time": 176.77,
                                            "Actual Rows": 24303,
                                            "Actual Loops": 1
                                        },
                                        {
                                            "Worker Number": 2,
                                            "Actual Startup Time": 34.804,
                                            "Actual Total Time": 176.971,
                                            "Actual Rows": 24007,
                                            "Actual Loops": 1
                                        },
                                        {
                                            "Worker Number": 3,
                                            "Actual Startup Time": 35.068,
                                            "Actual Total Time": 177.671,
                                            "Actual Rows": 14035,
                                            "Actual Loops": 1
                                        }
                                    ],
                                    "Plans": [
                                        {
                                            "Node Type": "Seq Scan",
                                            "Parent Relationship": "Outer",
                                            "Parallel Aware": true,
                                            "Relation Name": "title",
                                            "Schema": "public",
                                            "Alias": "t",
                                            "Startup Cost": 0.0,
                                            "Total Cost": 42318.81,
                                            "Plan Rows": 632080,
                                            "Plan Width": 4,
                                            "Actual Startup Time": 0.007,
                                            "Actual Total Time": 64.688,
                                            "Actual Rows": 505662,
                                            "Actual Loops": 5,
                                            "Output": [
                                                "t.id",
                                                "t.title",
                                                "t.imdb_index",
                                                "t.kind_id",
                                                "t.production_year",
                                                "t.imdb_id",
                                                "t.phonetic_code",
                                                "t.episode_of_id",
                                                "t.season_nr",
                                                "t.episode_nr",
                                                "t.series_years",
                                                "t.md5sum"
                                            ],
                                            "Workers": [
                                                {
                                                    "Worker Number": 0,
                                                    "Actual Startup Time": 0.007,
                                                    "Actual Total Time": 67.255,
                                                    "Actual Rows": 353515,
                                                    "Actual Loops": 1
                                                },
                                                {
                                                    "Worker Number": 1,
                                                    "Actual Startup Time": 0.005,
                                                    "Actual Total Time": 65.434,
                                                    "Actual Rows": 554606,
                                                    "Actual Loops": 1
                                                },
                                                {
                                                    "Worker Number": 2,
                                                    "Actual Startup Time": 0.007,
                                                    "Actual Total Time": 66.01,
                                                    "Actual Rows": 543895,
                                                    "Actual Loops": 1
                                                },
                                                {
                                                    "Worker Number": 3,
                                                    "Actual Startup Time": 0.007,
                                                    "Actual Total Time": 65.886,
                                                    "Actual Rows": 319603,
                                                    "Actual Loops": 1
                                                }
                                            ]
                                        },
                                        {
                                            "Node Type": "Hash",
                                            "Parent Relationship": "Inner",
                                            "Parallel Aware": true,
                                            "Startup Cost": 22216.82,
                                            "Total Cost": 22216.82,
                                            "Plan Rows": 20535,
                                            "Plan Width": 4,
                                            "Actual Startup Time": 36.562,
                                            "Actual Total Time": 36.564,
                                            "Actual Rows": 22253,
                                            "Actual Loops": 5,
                                            "Output": [
                                                "mc.movie_id"
                                            ],
                                            "Hash Buckets": 131072,
                                            "Original Hash Buckets": 65536,
                                            "Hash Batches": 1,
                                            "Original Hash Batches": 1,
                                            "Peak Memory Usage": 5984,
                                            "Workers": [
                                                {
                                                    "Worker Number": 0,
                                                    "Actual Startup Time": 33.918,
                                                    "Actual Total Time": 33.919,
                                                    "Actual Rows": 13193,
                                                    "Actual Loops": 1
                                                },
                                                {
                                                    "Worker Number": 1,
                                                    "Actual Startup Time": 34.124,
                                                    "Actual Total Time": 34.125,
                                                    "Actual Rows": 14090,
                                                    "Actual Loops": 1
                                                },
                                                {
                                                    "Worker Number": 2,
                                                    "Actual Startup Time": 34.34,
                                                    "Actual Total Time": 34.341,
                                                    "Actual Rows": 13563,
                                                    "Actual Loops": 1
                                                },
                                                {
                                                    "Worker Number": 3,
                                                    "Actual Startup Time": 34.669,
                                                    "Actual Total Time": 34.671,
                                                    "Actual Rows": 11230,
                                                    "Actual Loops": 1
                                                }
                                            ],
                                            "Plans": [
                                                {
                                                    "Node Type": "Bitmap Heap Scan",
                                                    "Parent Relationship": "Outer",
                                                    "Parallel Aware": true,
                                                    "Relation Name": "movie_companies",
                                                    "Schema": "public",
                                                    "Alias": "mc",
                                                    "Startup Cost": 2798.4,
                                                    "Total Cost": 22216.82,
                                                    "Plan Rows": 20535,
                                                    "Plan Width": 4,
                                                    "Actual Startup Time": 1.933,
                                                    "Actual Total Time": 24.976,
                                                    "Actual Rows": 22253,
                                                    "Actual Loops": 5,
                                                    "Output": [
                                                        "mc.movie_id"
                                                    ],
                                                    "Recheck Cond": "(mc.company_id < 27)",
                                                    "Rows Removed by Index Recheck": 0,
                                                    "Filter": "(mc.company_type_id = 1)",
                                                    "Rows Removed by Filter": 4708,
                                                    "Exact Heap Blocks": 6052,
                                                    "Lossy Heap Blocks": 0,
                                                    "Workers": [
                                                        {
                                                            "Worker Number": 0,
                                                            "Actual Startup Time": 0.203,
                                                            "Actual Total Time": 23.198,
                                                            "Actual Rows": 13193,
                                                            "Actual Loops": 1
                                                        },
                                                        {
                                                            "Worker Number": 1,
                                                            "Actual Startup Time": 0.147,
                                                            "Actual Total Time": 23.567,
                                                            "Actual Rows": 14090,
                                                            "Actual Loops": 1
                                                        },
                                                        {
                                                            "Worker Number": 2,
                                                            "Actual Startup Time": 0.178,
                                                            "Actual Total Time": 23.546,
                                                            "Actual Rows": 13563,
                                                            "Actual Loops": 1
                                                        },
                                                        {
                                                            "Worker Number": 3,
                                                            "Actual Startup Time": 0.171,
                                                            "Actual Total Time": 23.78,
                                                            "Actual Rows": 11230,
                                                            "Actual Loops": 1
                                                        }
                                                    ],
                                                    "Plans": [
                                                        {
                                                            "Node Type": "Bitmap Index Scan",
                                                            "Parent Relationship": "Outer",
                                                            "Parallel Aware": false,
                                                            "Index Name": "company_id_movie_companies",
                                                            "Startup Cost": 0.0,
                                                            "Total Cost": 2782.48,
                                                            "Plan Rows": 129874,
                                                            "Plan Width": 0,
                                                            "Actual Startup Time": 7.175,
                                                            "Actual Total Time": 7.175,
                                                            "Actual Rows": 134807,
                                                            "Actual Loops": 1,
                                                            "Index Cond": "(mc.company_id < 27)"
                                                        }
                                                    ]
                                                }
                                            ]
                                        }
                                    ]
                                }
                            ]
                        }
                    ]
                }
            ]
        },
        "Planning Time": 191.993,
        "Triggers": [],
        "Execution Time": 199.99
    }
]