[
  {
    "Plan": {
      "Node Type": "Aggregate",
      "Strategy": "Plain",
      "Partial Mode": "Finalize",
      "Parallel Aware": false,
      "Startup Cost": 353787.68,
      "Total Cost": 353787.69,
      "Plan Rows": 1,
      "Plan Width": 8,
      "Actual Startup Time": 1061.266,
      "Actual Total Time": 1141.474,
      "Actual Rows": 1,
      "Actual Loops": 1,
      "Plans": [
        {
          "Node Type": "Gather",
          "Parent Relationship": "Outer",
          "Parallel Aware": false,
          "Startup Cost": 353787.05,
          "Total Cost": 353787.66,
          "Plan Rows": 6,
          "Plan Width": 8,
          "Actual Startup Time": 1061.159,
          "Actual Total Time": 1141.461,
          "Actual Rows": 7,
          "Actual Loops": 1,
          "Workers Planned": 6,
          "Workers Launched": 6,
          "Single Copy": false,
          "Plans": [
            {
              "Node Type": "Aggregate",
              "Strategy": "Plain",
              "Partial Mode": "Partial",
              "Parent Relationship": "Outer",
              "Parallel Aware": false,
              "Startup Cost": 352787.05,
              "Total Cost": 352787.07,
              "Plan Rows": 1,
              "Plan Width": 8,
              "Actual Startup Time": 1049.488,
              "Actual Total Time": 1049.489,
              "Actual Rows": 1,
              "Actual Loops": 7,
              "Plans": [
                {
                  "Node Type": "Seq Scan",
                  "Parent Relationship": "Outer",
                  "Parallel Aware": true,
                  "Relation Name": "cast_info",
                  "Alias": "ci",
                  "Startup Cost": 0.0,
                  "Total Cost": 343257.03,
                  "Plan Rows": 3812010,
                  "Plan Width": 0,
                  "Actual Startup Time": 282.491,
                  "Actual Total Time": 877.417,
                  "Actual Rows": 3177872,
                  "Actual Loops": 7,
                  "Filter": "((person_id < 3804548) AND (role_id > 1))",
                  "Rows Removed by Filter": 1999892
                }
              ]
            }
          ]
        }
      ]
    },
    "Planning Time": 0.266,
    "Triggers": [],
    "Execution Time": 1141.566
  }
]