{
  "Plan": {
    "Node Type": "Aggregate",
    "Strategy": "Plain",
    "Partial Mode": "Finalize",
    "Parallel Aware": false,
    "Startup Cost": 120645.32,
    "Total Cost": 120645.33,
    "Plan Rows": 1,
    "Plan Width": 8,
    "Actual Startup Time": 612.634,
    "Actual Total Time": 630.468,
    "Actual Rows": 1,
    "Actual Loops": 1,
    "Plans": [
      {
        "Node Type": "Gather",
        "Parent Relationship": "Outer",
        "Parallel Aware": false,
        "Startup Cost": 120645.2,
        "Total Cost": 120645.31,
        "Plan Rows": 1,
        "Plan Width": 8,
        "Actual Startup Time": 611.025,
        "Actual Total Time": 630.458,
        "Actual Rows": 2,
        "Actual Loops": 1,
        "Workers Planned": 1,
        "Workers Launched": 1,
        "Single Copy": false,
        "Plans": [
          {
            "Node Type": "Aggregate",
            "Strategy": "Plain",
            "Partial Mode": "Partial",
            "Parent Relationship": "Outer",
            "Parallel Aware": false,
            "Startup Cost": 119645.2,
            "Total Cost": 119645.21,
            "Plan Rows": 1,
            "Plan Width": 8,
            "Actual Startup Time": 605.064,
            "Actual Total Time": 605.366,
            "Actual Rows": 1,
            "Actual Loops": 2,
            "Plans": [
              {
                "Node Type": "Hash Join",
                "Parent Relationship": "Outer",
                "Parallel Aware": true,
                "Join Type": "Inner",
                "Startup Cost": 77147.55,
                "Total Cost": 119433.88,
                "Plan Rows": 84530,
                "Plan Width": 0,
                "Actual Startup Time": 368.565,
                "Actual Total Time": 594.879,
                "Actual Rows": 256324,
                "Actual Loops": 2,
                "Inner Unique": false,
                "Hash Cond": "(mc.movie_id = t.id)",
                "Plans": [
                  {
                    "Node Type": "Seq Scan",
                    "Parent Relationship": "Outer",
                    "Parallel Aware": true,
                    "Relation Name": "movie_companies",
                    "Alias": "mc",
                    "Startup Cost": 0.0,
                    "Total Cost": 37974.77,
                    "Plan Rows": 1017150,
                    "Plan Width": 4,
                    "Actual Startup Time": 1.206,
                    "Actual Total Time": 117.84,
                    "Actual Rows": 867251,
                    "Actual Loops": 2,
                    "Filter": "(company_id > 2561)",
                    "Rows Removed by Filter": 437314
                  },
                  {
                    "Node Type": "Hash",
                    "Parent Relationship": "Inner",
                    "Parallel Aware": true,
                    "Startup Cost": 75602.6,
                    "Total Cost": 75602.6,
                    "Plan Rows": 123596,
                    "Plan Width": 8,
                    "Actual Startup Time": 363.65,
                    "Actual Total Time": 363.95,
                    "Actual Rows": 118211,
                    "Actual Loops": 2,
                    "Hash Buckets": 262144,
                    "Original Hash Buckets": 262144,
                    "Hash Batches": 1,
                    "Original Hash Batches": 1,
                    "Peak Memory Usage": 11328,
                    "Plans": [
                      {
                        "Node Type": "Hash Join",
                        "Parent Relationship": "Outer",
                        "Parallel Aware": true,
                        "Join Type": "Inner",
                        "Startup Cost": 57418.81,
                        "Total Cost": 75602.6,
                        "Plan Rows": 123596,
                        "Plan Width": 8,
                        "Actual Startup Time": 202.667,
                        "Actual Total Time": 342.408,
                        "Actual Rows": 118211,
                        "Actual Loops": 2,
                        "Inner Unique": true,
                        "Hash Cond": "(mi_idx.movie_id = t.id)",
                        "Plans": [
                          {
                            "Node Type": "Seq Scan",
                            "Parent Relationship": "Outer",
                            "Parallel Aware": true,
                            "Relation Name": "movie_info_idx",
                            "Alias": "mi_idx",
                            "Startup Cost": 0.0,
                            "Total Cost": 16052.85,
                            "Plan Rows": 811785,
                            "Plan Width": 4,
                            "Actual Startup Time": 0.032,
                            "Actual Total Time": 48.745,
                            "Actual Rows": 690018,
                            "Actual Loops": 2
                          },
                          {
                            "Node Type": "Hash",
                            "Parent Relationship": "Inner",
                            "Parallel Aware": true,
                            "Startup Cost": 54588.39,
                            "Total Cost": 54588.39,
                            "Plan Rows": 226434,
                            "Plan Width": 4,
                            "Actual Startup Time": 198.208,
                            "Actual Total Time": 198.209,
                            "Actual Rows": 197936,
                            "Actual Loops": 2,
                            "Hash Buckets": 524288,
                            "Original Hash Buckets": 524288,
                            "Hash Batches": 1,
                            "Original Hash Batches": 1,
                            "Peak Memory Usage": 19616,
                            "Plans": [
                              {
                                "Node Type": "Seq Scan",
                                "Parent Relationship": "Outer",
                                "Parallel Aware": true,
                                "Relation Name": "title",
                                "Alias": "t",
                                "Startup Cost": 0.0,
                                "Total Cost": 54588.39,
                                "Plan Rows": 226434,
                                "Plan Width": 4,
                                "Actual Startup Time": 0.035,
                                "Actual Total Time": 143.91,
                                "Actual Rows": 197936,
                                "Actual Loops": 2,
                                "Filter": "(production_year < 1972)",
                                "Rows Removed by Filter": 1066220
                              }
                            ]
                          }
                        ]
                      }
                    ]
                  }
                ]
              }
            ]
          }
        ]
      }
    ]
  },
  "Planning Time": 0.988,
  "Triggers": [],
  "Execution Time": 630.553
}