{
  "Plan": {
    "Node Type": "Aggregate",
    "Strategy": "Plain",
    "Partial Mode": "Finalize",
    "Parallel Aware": false,
    "Startup Cost": 6962814.78,
    "Total Cost": 6962814.79,
    "Plan Rows": 1,
    "Plan Width": 96,
    "Actual Startup Time": 113840.248,
    "Actual Total Time": 113955.961,
    "Actual Rows": 1,
    "Actual Loops": 1,
    "Plans": [
      {
        "Node Type": "Gather",
        "Parent Relationship": "Outer",
        "Parallel Aware": false,
        "Startup Cost": 6962814.34,
        "Total Cost": 6962814.75,
        "Plan Rows": 4,
        "Plan Width": 96,
        "Actual Startup Time": 113255.867,
        "Actual Total Time": 113955.895,
        "Actual Rows": 5,
        "Actual Loops": 1,
        "Workers Planned": 4,
        "Workers Launched": 4,
        "Single Copy": false,
        "Plans": [
          {
            "Node Type": "Aggregate",
            "Strategy": "Plain",
            "Partial Mode": "Partial",
            "Parent Relationship": "Outer",
            "Parallel Aware": false,
            "Startup Cost": 6961814.34,
            "Total Cost": 6961814.35,
            "Plan Rows": 1,
            "Plan Width": 96,
            "Actual Startup Time": 113244.329,
            "Actual Total Time": 113244.358,
            "Actual Rows": 1,
            "Actual Loops": 5,
            "Plans": [
              {
                "Node Type": "Hash Join",
                "Parent Relationship": "Outer",
                "Parallel Aware": true,
                "Join Type": "Inner",
                "Startup Cost": 6916114.34,
                "Total Cost": 6961814.33,
                "Plan Rows": 1,
                "Plan Width": 48,
                "Actual Startup Time": 113186.602,
                "Actual Total Time": 113244.316,
                "Actual Rows": 13,
                "Actual Loops": 5,
                "Inner Unique": false,
                "Hash Cond": "(t.id = mk.movie_id)",
                "Plans": [
                  {
                    "Node Type": "Seq Scan",
                    "Parent Relationship": "Outer",
                    "Parallel Aware": true,
                    "Relation Name": "title",
                    "Alias": "t",
                    "Startup Cost": 0.0,
                    "Total Cost": 43899.59,
                    "Plan Rows": 480103,
                    "Plan Width": 21,
                    "Actual Startup Time": 0.127,
                    "Actual Total Time": 114.232,
                    "Actual Rows": 384570,
                    "Actual Loops": 5,
                    "Filter": "(production_year < 2010)",
                    "Rows Removed by Filter": 121093
                  },
                  {
                    "Node Type": "Hash",
                    "Parent Relationship": "Inner",
                    "Parallel Aware": true,
                    "Startup Cost": 6916114.33,
                    "Total Cost": 6916114.33,
                    "Plan Rows": 1,
                    "Plan Width": 39,
                    "Actual Startup Time": 113097.452,
                    "Actual Total Time": 113097.478,
                    "Actual Rows": 22,
                    "Actual Loops": 5,
                    "Hash Buckets": 1024,
                    "Original Hash Buckets": 1024,
                    "Hash Batches": 1,
                    "Original Hash Batches": 1,
                    "Peak Memory Usage": 72,
                    "Plans": [
                      {
                        "Node Type": "Hash Join",
                        "Parent Relationship": "Outer",
                        "Parallel Aware": false,
                        "Join Type": "Inner",
                        "Startup Cost": 6847476.06,
                        "Total Cost": 6916114.33,
                        "Plan Rows": 1,
                        "Plan Width": 39,
                        "Actual Startup Time": 45095.136,
                        "Actual Total Time": 45095.182,
                        "Actual Rows": 22,
                        "Actual Loops": 5,
                        "Inner Unique": false,
                        "Hash Cond": "(n.id = ci.person_id)",
                        "Plans": [
                          {
                            "Node Type": "Seq Scan",
                            "Parent Relationship": "Outer",
                            "Parallel Aware": true,
                            "Relation Name": "name",
                            "Alias": "n",
                            "Startup Cost": 0.0,
                            "Total Cost": 68636.05,
                            "Plan Rows": 104,
                            "Plan Width": 19,
                            "Actual Startup Time": 207.142,
                            "Actual Total Time": 207.152,
                            "Actual Rows": 0,
                            "Actual Loops": 5,
                            "Filter": "(name ~~ '%Downey%Robert%'::text)",
                            "Rows Removed by Filter": 833498
                          },
                          {
                            "Node Type": "Hash",
                            "Parent Relationship": "Inner",
                            "Parallel Aware": false,
                            "Startup Cost": 6847349.99,
                            "Total Cost": 6847349.99,
                            "Plan Rows": 10085,
                            "Plan Width": 28,
                            "Actual Startup Time": 112219.781,
                            "Actual Total Time": 112219.799,
                            "Actual Rows": 1564305,
                            "Actual Loops": 2,
                            "Hash Buckets": 2097152,
                            "Original Hash Buckets": 16384,
                            "Hash Batches": 1,
                            "Original Hash Batches": 1,
                            "Peak Memory Usage": 96736,
                            "Plans": [
                              {
                                "Node Type": "Hash Join",
                                "Parent Relationship": "Outer",
                                "Parallel Aware": false,
                                "Join Type": "Inner",
                                "Startup Cost": 5990036.06,
                                "Total Cost": 6847349.99,
                                "Plan Rows": 10085,
                                "Plan Width": 28,
                                "Actual Startup Time": 93090.362,
                                "Actual Total Time": 111676.643,
                                "Actual Rows": 1564305,
                                "Actual Loops": 2,
                                "Inner Unique": false,
                                "Hash Cond": "(k.id = mk.keyword_id)",
                                "Plans": [
                                  {
                                    "Node Type": "Seq Scan",
                                    "Parent Relationship": "Outer",
                                    "Parallel Aware": false,
                                    "Relation Name": "keyword",
                                    "Alias": "k",
                                    "Startup Cost": 0.0,
                                    "Total Cost": 3632.4,
                                    "Plan Rows": 8,
                                    "Plan Width": 20,
                                    "Actual Startup Time": 0.167,
                                    "Actual Total Time": 36.629,
                                    "Actual Rows": 8,
                                    "Actual Loops": 2,
                                    "Filter": "(keyword = ANY ('{superhero,sequel,second-part,marvel-comics,based-on-comic,tv-special,fight,violence}'::text[]))",
                                    "Rows Removed by Filter": 134162
                                  },
                                  {
                                    "Node Type": "Hash",
                                    "Parent Relationship": "Inner",
                                    "Parallel Aware": false,
                                    "Startup Cost": 3050043.88,
                                    "Total Cost": 3050043.88,
                                    "Plan Rows": 169132095,
                                    "Plan Width": 16,
                                    "Actual Startup Time": 92550.257,
                                    "Actual Total Time": 92550.271,
                                    "Actual Rows": 215765477,
                                    "Actual Loops": 2,
                                    "Hash Buckets": 67108864,
                                    "Original Hash Buckets": 67108864,
                                    "Hash Batches": 4,
                                    "Original Hash Batches": 4,
                                    "Peak Memory Usage": 2974980,
                                    "Plans": [
                                      {
                                        "Node Type": "Hash Join",
                                        "Parent Relationship": "Outer",
                                        "Parallel Aware": false,
                                        "Join Type": "Inner",
                                        "Startup Cost": 1068488.04,
                                        "Total Cost": 3050043.88,
                                        "Plan Rows": 169132095,
                                        "Plan Width": 16,
                                        "Actual Startup Time": 17344.407,
                                        "Actual Total Time": 45925.376,
                                        "Actual Rows": 215765477,
                                        "Actual Loops": 2,
                                        "Inner Unique": false,
                                        "Hash Cond": "(mk.movie_id = ci.movie_id)",
                                        "Plans": [
                                          {
                                            "Node Type": "Seq Scan",
                                            "Parent Relationship": "Outer",
                                            "Parallel Aware": false,
                                            "Relation Name": "movie_keyword",
                                            "Alias": "mk",
                                            "Startup Cost": 0.0,
                                            "Total Cost": 69693.3,
                                            "Plan Rows": 4523930,
                                            "Plan Width": 8,
                                            "Actual Startup Time": 0.058,
                                            "Actual Total Time": 722.325,
                                            "Actual Rows": 4523930,
                                            "Actual Loops": 2
                                          },
                                          {
                                            "Node Type": "Hash",
                                            "Parent Relationship": "Inner",
                                            "Parallel Aware": false,
                                            "Startup Cost": 615265.24,
                                            "Total Cost": 615265.24,
                                            "Plan Rows": 36257824,
                                            "Plan Width": 8,
                                            "Actual Startup Time": 16753.172,
                                            "Actual Total Time": 16753.182,
                                            "Actual Rows": 36244344,
                                            "Actual Loops": 2,
                                            "Hash Buckets": 67108864,
                                            "Original Hash Buckets": 67108864,
                                            "Hash Batches": 1,
                                            "Original Hash Batches": 1,
                                            "Peak Memory Usage": 1940083,
                                            "Plans": [
                                              {
                                                "Node Type": "Seq Scan",
                                                "Parent Relationship": "Outer",
                                                "Parallel Aware": false,
                                                "Relation Name": "cast_info",
                                                "Alias": "ci",
                                                "Startup Cost": 0.0,
                                                "Total Cost": 615265.24,
                                                "Plan Rows": 36257824,
                                                "Plan Width": 8,
                                                "Actual Startup Time": 0.094,
                                                "Actual Total Time": 4162.262,
                                                "Actual Rows": 36244344,
                                                "Actual Loops": 2
                                              }
                                            ]
                                          }
                                        ]
                                      }
                                    ]
                                  }
                                ]
                              }
                            ]
                          }
                        ]
                      }
                    ]
                  }
                ]
              }
            ]
          }
        ]
      }
    ]
  },
  "Planning Time": 8.104,
  "Triggers": [],
  "Execution Time": 114089.479
}