[
  {
    "Plan": {
      "Node Type": "Aggregate",
      "Strategy": "Plain",
      "Partial Mode": "Finalize",
      "Parallel Aware": false,
      "Startup Cost": 90952.93,
      "Total Cost": 90952.94,
      "Plan Rows": 1,
      "Plan Width": 8,
      "Actual Startup Time": 280.782,
      "Actual Total Time": 298.914,
      "Actual Rows": 1,
      "Actual Loops": 1,
      "Plans": [
        {
          "Node Type": "Gather",
          "Parent Relationship": "Outer",
          "Parallel Aware": false,
          "Startup Cost": 90952.62,
          "Total Cost": 90952.93,
          "Plan Rows": 3,
          "Plan Width": 8,
          "Actual Startup Time": 280.508,
          "Actual Total Time": 298.904,
          "Actual Rows": 4,
          "Actual Loops": 1,
          "Workers Planned": 3,
          "Workers Launched": 3,
          "Single Copy": false,
          "Plans": [
            {
              "Node Type": "Aggregate",
              "Strategy": "Plain",
              "Partial Mode": "Partial",
              "Parent Relationship": "Outer",
              "Parallel Aware": false,
              "Startup Cost": 89952.62,
              "Total Cost": 89952.63,
              "Plan Rows": 1,
              "Plan Width": 8,
              "Actual Startup Time": 271.698,
              "Actual Total Time": 271.701,
              "Actual Rows": 1,
              "Actual Loops": 4,
              "Plans": [
                {
                  "Node Type": "Hash Join",
                  "Parent Relationship": "Outer",
                  "Parallel Aware": true,
                  "Join Type": "Inner",
                  "Startup Cost": 44020.07,
                  "Total Cost": 89906.03,
                  "Plan Rows": 18635,
                  "Plan Width": 0,
                  "Actual Startup Time": 99.904,
                  "Actual Total Time": 270.885,
                  "Actual Rows": 17454,
                  "Actual Loops": 4,
                  "Inner Unique": true,
                  "Hash Cond": "(mk.movie_id = t.id)",
                  "Plans": [
                    {
                      "Node Type": "Seq Scan",
                      "Parent Relationship": "Outer",
                      "Parallel Aware": true,
                      "Relation Name": "movie_keyword",
                      "Alias": "mk",
                      "Startup Cost": 0.0,
                      "Total Cost": 42695.65,
                      "Plan Rows": 1215356,
                      "Plan Width": 4,
                      "Actual Startup Time": 0.027,
                      "Actual Total Time": 111.007,
                      "Actual Rows": 944526,
                      "Actual Loops": 4,
                      "Filter": "(keyword_id < 25123)",
                      "Rows Removed by Filter": 186457
                    },
                    {
                      "Node Type": "Hash",
                      "Parent Relationship": "Inner",
                      "Parallel Aware": true,
                      "Startup Cost": 43898.92,
                      "Total Cost": 43898.92,
                      "Plan Rows": 9692,
                      "Plan Width": 4,
                      "Actual Startup Time": 98.159,
                      "Actual Total Time": 98.16,
                      "Actual Rows": 9739,
                      "Actual Loops": 4,
                      "Hash Buckets": 65536,
                      "Original Hash Buckets": 65536,
                      "Hash Batches": 1,
                      "Original Hash Batches": 1,
                      "Peak Memory Usage": 2080,
                      "Plans": [
                        {
                          "Node Type": "Seq Scan",
                          "Parent Relationship": "Outer",
                          "Parallel Aware": true,
                          "Relation Name": "title",
                          "Alias": "t",
                          "Startup Cost": 0.0,
                          "Total Cost": 43898.92,
                          "Plan Rows": 9692,
                          "Plan Width": 4,
                          "Actual Startup Time": 0.046,
                          "Actual Total Time": 93.403,
                          "Actual Rows": 9739,
                          "Actual Loops": 4,
                          "Filter": "(production_year = 1997)",
                          "Rows Removed by Filter": 622339
                        }
                      ]
                    }
                  ]
                }
              ]
            }
          ]
        }
      ]
    },
    "Planning Time": 0.588,
    "Triggers": [],
    "Execution Time": 298.981
  }
]