[
  {
    "Plan": {
      "Node Type": "Aggregate",
      "Strategy": "Plain",
      "Partial Mode": "Finalize",
      "Parallel Aware": false,
      "Startup Cost": 100185.21,
      "Total Cost": 100185.22,
      "Plan Rows": 1,
      "Plan Width": 8,
      "Actual Startup Time": 544.072,
      "Actual Total Time": 559.264,
      "Actual Rows": 1,
      "Actual Loops": 1,
      "Plans": [
        {
          "Node Type": "Gather",
          "Parent Relationship": "Outer",
          "Parallel Aware": false,
          "Startup Cost": 100184.9,
          "Total Cost": 100185.21,
          "Plan Rows": 3,
          "Plan Width": 8,
          "Actual Startup Time": 535.653,
          "Actual Total Time": 559.255,
          "Actual Rows": 4,
          "Actual Loops": 1,
          "Workers Planned": 3,
          "Workers Launched": 3,
          "Single Copy": false,
          "Plans": [
            {
              "Node Type": "Aggregate",
              "Strategy": "Plain",
              "Partial Mode": "Partial",
              "Parent Relationship": "Outer",
              "Parallel Aware": false,
              "Startup Cost": 99184.9,
              "Total Cost": 99184.91,
              "Plan Rows": 1,
              "Plan Width": 8,
              "Actual Startup Time": 524.059,
              "Actual Total Time": 524.062,
              "Actual Rows": 1,
              "Actual Loops": 4,
              "Plans": [
                {
                  "Node Type": "Hash Join",
                  "Parent Relationship": "Outer",
                  "Parallel Aware": true,
                  "Join Type": "Inner",
                  "Startup Cost": 50820.62,
                  "Total Cost": 96964.62,
                  "Plan Rows": 888111,
                  "Plan Width": 0,
                  "Actual Startup Time": 276.084,
                  "Actual Total Time": 508.635,
                  "Actual Rows": 373583,
                  "Actual Loops": 4,
                  "Inner Unique": true,
                  "Hash Cond": "(mk.movie_id = t.id)",
                  "Plans": [
                    {
                      "Node Type": "Seq Scan",
                      "Parent Relationship": "Outer",
                      "Parallel Aware": true,
                      "Relation Name": "movie_keyword",
                      "Alias": "mk",
                      "Startup Cost": 0.0,
                      "Total Cost": 42695.65,
                      "Plan Rows": 1313650,
                      "Plan Width": 4,
                      "Actual Startup Time": 0.028,
                      "Actual Total Time": 109.978,
                      "Actual Rows": 1020494,
                      "Actual Loops": 4,
                      "Filter": "(keyword_id < 39973)",
                      "Rows Removed by Filter": 110488
                    },
                    {
                      "Node Type": "Hash",
                      "Parent Relationship": "Inner",
                      "Parallel Aware": true,
                      "Startup Cost": 45479.1,
                      "Total Cost": 45479.1,
                      "Plan Rows": 427322,
                      "Plan Width": 4,
                      "Actual Startup Time": 268.273,
                      "Actual Total Time": 268.274,
                      "Actual Rows": 449889,
                      "Actual Loops": 4,
                      "Hash Buckets": 2097152,
                      "Original Hash Buckets": 2097152,
                      "Hash Batches": 1,
                      "Original Hash Batches": 1,
                      "Peak Memory Usage": 86848,
                      "Plans": [
                        {
                          "Node Type": "Seq Scan",
                          "Parent Relationship": "Outer",
                          "Parallel Aware": true,
                          "Relation Name": "title",
                          "Alias": "t",
                          "Startup Cost": 0.0,
                          "Total Cost": 45479.1,
                          "Plan Rows": 427322,
                          "Plan Width": 4,
                          "Actual Startup Time": 0.042,
                          "Actual Total Time": 109.437,
                          "Actual Rows": 449889,
                          "Actual Loops": 4,
                          "Filter": "((kind_id > 1) AND (production_year > 1940))",
                          "Rows Removed by Filter": 182189
                        }
                      ]
                    }
                  ]
                }
              ]
            }
          ]
        }
      ]
    },
    "Planning Time": 0.606,
    "Triggers": [],
    "Execution Time": 559.332
  }
]