{
    "Plan": {
        "Node Type": "Aggregate",
        "Strategy": "Plain",
        "Partial Mode": "Simple",
        "Parallel Aware": false,
        "Startup Cost": 10024095908.11,
        "Total Cost": 10024095908.12,
        "Plan Rows": 1,
        "Plan Width": 96,
        "Actual Startup Time": 98505.682,
        "Actual Total Time": 98505.813,
        "Actual Rows": 1,
        "Actual Loops": 1,
        "Output": [
            "min(k.keyword)",
            "min(n.name)",
            "min(t.title)"
        ],
        "Plans": [
            {
                "Node Type": "Nested Loop",
                "Parent Relationship": "Outer",
                "Parallel Aware": false,
                "Join Type": "Inner",
                "Startup Cost": 10024016296.07,
                "Total Cost": 10024095861.1,
                "Plan Rows": 6267,
                "Plan Width": 48,
                "Actual Startup Time": 82251.098,
                "Actual Total Time": 98310.777,
                "Actual Rows": 494746,
                "Actual Loops": 1,
                "Output": [
                    "k.keyword",
                    "n.name",
                    "t.title"
                ],
                "Inner Unique": true,
                "Plans": [
                    {
                        "Node Type": "Hash Join",
                        "Parent Relationship": "Outer",
                        "Parallel Aware": false,
                        "Join Type": "Inner",
                        "Startup Cost": 24016295.62,
                        "Total Cost": 24049634.76,
                        "Plan Rows": 10363,
                        "Plan Width": 39,
                        "Actual Startup Time": 82251.066,
                        "Actual Total Time": 94545.477,
                        "Actual Rows": 831252,
                        "Actual Loops": 1,
                        "Output": [
                            "ci.movie_id",
                            "mk.movie_id",
                            "k.keyword",
                            "n.name"
                        ],
                        "Inner Unique": false,
                        "Hash Cond": "(k.id = mk.keyword_id)",
                        "Plans": [
                            {
                                "Node Type": "Seq Scan",
                                "Parent Relationship": "Outer",
                                "Parallel Aware": false,
                                "Relation Name": "keyword",
                                "Schema": "public",
                                "Alias": "k",
                                "Startup Cost": 0.0,
                                "Total Cost": 3632.4,
                                "Plan Rows": 8,
                                "Plan Width": 20,
                                "Actual Startup Time": 0.605,
                                "Actual Total Time": 20.213,
                                "Actual Rows": 6,
                                "Actual Loops": 1,
                                "Output": [
                                    "k.id",
                                    "k.keyword",
                                    "k.phonetic_code"
                                ],
                                "Filter": "(k.keyword = ANY ('{violence,claw,violence,hand-to-hand-combat,marvel-cinematic-universe,violence,web,tv-special}'::text[]))",
                                "Rows Removed by Filter": 134164
                            },
                            {
                                "Node Type": "Hash",
                                "Parent Relationship": "Inner",
                                "Parallel Aware": false,
                                "Startup Cost": 21843857.23,
                                "Total Cost": 21843857.23,
                                "Plan Rows": 173795071,
                                "Plan Width": 27,
                                "Actual Startup Time": 81956.531,
                                "Actual Total Time": 81956.659,
                                "Actual Rows": 215765477,
                                "Actual Loops": 1,
                                "Output": [
                                    "ci.movie_id",
                                    "mk.keyword_id",
                                    "mk.movie_id",
                                    "n.name"
                                ],
                                "Hash Buckets": 67108864,
                                "Original Hash Buckets": 67108864,
                                "Hash Batches": 4,
                                "Original Hash Batches": 4,
                                "Peak Memory Usage": 3556998,
                                "Plans": [
                                    {
                                        "Node Type": "Hash Join",
                                        "Parent Relationship": "Outer",
                                        "Parallel Aware": false,
                                        "Join Type": "Inner",
                                        "Startup Cost": 19810016.72,
                                        "Total Cost": 21843857.23,
                                        "Plan Rows": 173795071,
                                        "Plan Width": 27,
                                        "Actual Startup Time": 15332.491,
                                        "Actual Total Time": 41744.903,
                                        "Actual Rows": 215765477,
                                        "Actual Loops": 1,
                                        "Output": [
                                            "ci.movie_id",
                                            "mk.keyword_id",
                                            "mk.movie_id",
                                            "n.name"
                                        ],
                                        "Inner Unique": false,
                                        "Hash Cond": "(mk.movie_id = ci.movie_id)",
                                        "Plans": [
                                            {
                                                "Node Type": "Seq Scan",
                                                "Parent Relationship": "Outer",
                                                "Parallel Aware": false,
                                                "Relation Name": "movie_keyword",
                                                "Schema": "public",
                                                "Alias": "mk",
                                                "Startup Cost": 0.0,
                                                "Total Cost": 69693.3,
                                                "Plan Rows": 4523930,
                                                "Plan Width": 8,
                                                "Actual Startup Time": 0.027,
                                                "Actual Total Time": 677.844,
                                                "Actual Rows": 4523930,
                                                "Actual Loops": 1,
                                                "Output": [
                                                    "mk.id",
                                                    "mk.movie_id",
                                                    "mk.keyword_id"
                                                ]
                                            },
                                            {
                                                "Node Type": "Hash",
                                                "Parent Relationship": "Inner",
                                                "Parallel Aware": false,
                                                "Startup Cost": 19356857.02,
                                                "Total Cost": 19356857.02,
                                                "Plan Rows": 36252776,
                                                "Plan Width": 19,
                                                "Actual Startup Time": 15068.999,
                                                "Actual Total Time": 15069.123,
                                                "Actual Rows": 36244344,
                                                "Actual Loops": 1,
                                                "Output": [
                                                    "ci.movie_id",
                                                    "n.name"
                                                ],
                                                "Hash Buckets": 67108864,
                                                "Original Hash Buckets": 67108864,
                                                "Hash Batches": 1,
                                                "Original Hash Batches": 1,
                                                "Peak Memory Usage": 2346694,
                                                "Plans": [
                                                    {
                                                        "Node Type": "Gather",
                                                        "Parent Relationship": "Outer",
                                                        "Parallel Aware": false,
                                                        "Startup Cost": 1001.0,
                                                        "Total Cost": 19356857.02,
                                                        "Plan Rows": 36252776,
                                                        "Plan Width": 19,
                                                        "Actual Startup Time": 0.443,
                                                        "Actual Total Time": 4402.971,
                                                        "Actual Rows": 36244344,
                                                        "Actual Loops": 1,
                                                        "Output": [
                                                            "ci.movie_id",
                                                            "n.name"
                                                        ],
                                                        "Workers Planned": 4,
                                                        "Workers Launched": 4,
                                                        "Single Copy": false,
                                                        "Plans": [
                                                            {
                                                                "Node Type": "Nested Loop",
                                                                "Parent Relationship": "Outer",
                                                                "Parallel Aware": false,
                                                                "Join Type": "Inner",
                                                                "Startup Cost": 0.99,
                                                                "Total Cost": 15730579.42,
                                                                "Plan Rows": 9063194,
                                                                "Plan Width": 19,
                                                                "Actual Startup Time": 0.499,
                                                                "Actual Total Time": 5119.492,
                                                                "Actual Rows": 7248869,
                                                                "Actual Loops": 5,
                                                                "Output": [
                                                                    "ci.movie_id",
                                                                    "n.name"
                                                                ],
                                                                "Inner Unique": false,
                                                                "Workers": [
                                                                    {
                                                                        "Worker Number": 0,
                                                                        "Actual Startup Time": 0.464,
                                                                        "Actual Total Time": 6349.48,
                                                                        "Actual Rows": 9030167,
                                                                        "Actual Loops": 1
                                                                    },
                                                                    {
                                                                        "Worker Number": 1,
                                                                        "Actual Startup Time": 0.631,
                                                                        "Actual Total Time": 6473.473,
                                                                        "Actual Rows": 9181844,
                                                                        "Actual Loops": 1
                                                                    },
                                                                    {
                                                                        "Worker Number": 2,
                                                                        "Actual Startup Time": 0.773,
                                                                        "Actual Total Time": 6320.957,
                                                                        "Actual Rows": 9016081,
                                                                        "Actual Loops": 1
                                                                    },
                                                                    {
                                                                        "Worker Number": 3,
                                                                        "Actual Startup Time": 0.56,
                                                                        "Actual Total Time": 6350.416,
                                                                        "Actual Rows": 9002409,
                                                                        "Actual Loops": 1
                                                                    }
                                                                ],
                                                                "Plans": [
                                                                    {
                                                                        "Node Type": "Index Scan",
                                                                        "Parent Relationship": "Outer",
                                                                        "Parallel Aware": true,
                                                                        "Scan Direction": "Forward",
                                                                        "Index Name": "name_pkey",
                                                                        "Relation Name": "name",
                                                                        "Schema": "public",
                                                                        "Alias": "n",
                                                                        "Startup Cost": 0.43,
                                                                        "Total Cost": 146917.19,
                                                                        "Plan Rows": 1041887,
                                                                        "Plan Width": 19,
                                                                        "Actual Startup Time": 0.272,
                                                                        "Actual Total Time": 488.066,
                                                                        "Actual Rows": 833498,
                                                                        "Actual Loops": 5,
                                                                        "Output": [
                                                                            "n.id",
                                                                            "n.name",
                                                                            "n.imdb_index",
                                                                            "n.imdb_id",
                                                                            "n.gender",
                                                                            "n.name_pcode_cf",
                                                                            "n.name_pcode_nf",
                                                                            "n.surname_pcode",
                                                                            "n.md5sum"
                                                                        ],
                                                                        "Workers": [
                                                                            {
                                                                                "Worker Number": 0,
                                                                                "Actual Startup Time": 0.213,
                                                                                "Actual Total Time": 609.995,
                                                                                "Actual Rows": 1036008,
                                                                                "Actual Loops": 1
                                                                            },
                                                                            {
                                                                                "Worker Number": 1,
                                                                                "Actual Startup Time": 0.368,
                                                                                "Actual Total Time": 614.511,
                                                                                "Actual Rows": 1050031,
                                                                                "Actual Loops": 1
                                                                            },
                                                                            {
                                                                                "Worker Number": 2,
                                                                                "Actual Startup Time": 0.52,
                                                                                "Actual Total Time": 598.056,
                                                                                "Actual Rows": 1025424,
                                                                                "Actual Loops": 1
                                                                            },
                                                                            {
                                                                                "Worker Number": 3,
                                                                                "Actual Startup Time": 0.219,
                                                                                "Actual Total Time": 604.5,
                                                                                "Actual Rows": 1031903,
                                                                                "Actual Loops": 1
                                                                            }
                                                                        ]
                                                                    },
                                                                    {
                                                                        "Node Type": "Index Scan",
                                                                        "Parent Relationship": "Inner",
                                                                        "Parallel Aware": false,
                                                                        "Scan Direction": "Forward",
                                                                        "Index Name": "person_id_cast_info",
                                                                        "Relation Name": "cast_info",
                                                                        "Schema": "public",
                                                                        "Alias": "ci",
                                                                        "Startup Cost": 0.56,
                                                                        "Total Cost": 9.86,
                                                                        "Plan Rows": 510,
                                                                        "Plan Width": 8,
                                                                        "Actual Startup Time": 0.002,
                                                                        "Actual Total Time": 0.004,
                                                                        "Actual Rows": 9,
                                                                        "Actual Loops": 4167491,
                                                                        "Output": [
                                                                            "ci.id",
                                                                            "ci.person_id",
                                                                            "ci.movie_id",
                                                                            "ci.person_role_id",
                                                                            "ci.note",
                                                                            "ci.nr_order",
                                                                            "ci.role_id"
                                                                        ],
                                                                        "Index Cond": "(ci.person_id = n.id)",
                                                                        "Rows Removed by Index Recheck": 0,
                                                                        "Workers": [
                                                                            {
                                                                                "Worker Number": 0,
                                                                                "Actual Startup Time": 0.002,
                                                                                "Actual Total Time": 0.004,
                                                                                "Actual Rows": 9,
                                                                                "Actual Loops": 1036008
                                                                            },
                                                                            {
                                                                                "Worker Number": 1,
                                                                                "Actual Startup Time": 0.002,
                                                                                "Actual Total Time": 0.004,
                                                                                "Actual Rows": 9,
                                                                                "Actual Loops": 1050031
                                                                            },
                                                                            {
                                                                                "Worker Number": 2,
                                                                                "Actual Startup Time": 0.002,
                                                                                "Actual Total Time": 0.004,
                                                                                "Actual Rows": 9,
                                                                                "Actual Loops": 1025424
                                                                            },
                                                                            {
                                                                                "Worker Number": 3,
                                                                                "Actual Startup Time": 0.002,
                                                                                "Actual Total Time": 0.004,
                                                                                "Actual Rows": 9,
                                                                                "Actual Loops": 1031903
                                                                            }
                                                                        ]
                                                                    }
                                                                ]
                                                            }
                                                        ]
                                                    }
                                                ]
                                            }
                                        ]
                                    }
                                ]
                            }
                        ]
                    },
                    {
                        "Node Type": "Bitmap Heap Scan",
                        "Parent Relationship": "Inner",
                        "Parallel Aware": false,
                        "Relation Name": "title",
                        "Schema": "public",
                        "Alias": "t",
                        "Startup Cost": 0.45,
                        "Total Cost": 4.46,
                        "Plan Rows": 1,
                        "Plan Width": 21,
                        "Actual Startup Time": 0.003,
                        "Actual Total Time": 0.003,
                        "Actual Rows": 1,
                        "Actual Loops": 831252,
                        "Output": [
                            "t.id",
                            "t.title",
                            "t.imdb_index",
                            "t.kind_id",
                            "t.production_year",
                            "t.imdb_id",
                            "t.phonetic_code",
                            "t.episode_of_id",
                            "t.season_nr",
                            "t.episode_nr",
                            "t.series_years",
                            "t.md5sum"
                        ],
                        "Recheck Cond": "(t.id = mk.movie_id)",
                        "Rows Removed by Index Recheck": 0,
                        "Filter": "(t.production_year > 1997)",
                        "Rows Removed by Filter": 0,
                        "Exact Heap Blocks": 831252,
                        "Lossy Heap Blocks": 0,
                        "Plans": [
                            {
                                "Node Type": "Bitmap Index Scan",
                                "Parent Relationship": "Outer",
                                "Parallel Aware": false,
                                "Index Name": "title_pkey",
                                "Startup Cost": 0.0,
                                "Total Cost": 0.45,
                                "Plan Rows": 1,
                                "Plan Width": 0,
                                "Actual Startup Time": 0.002,
                                "Actual Total Time": 0.002,
                                "Actual Rows": 1,
                                "Actual Loops": 831252,
                                "Index Cond": "(t.id = mk.movie_id)"
                            }
                        ]
                    }
                ]
            }
        ]
    },
    "Planning Time": 1.825,
    "Triggers": [],
    "Execution Time": 98945.728
}