[
  {
    "Plan": {
      "Node Type": "Aggregate",
      "Strategy": "Plain",
      "Partial Mode": "Finalize",
      "Parallel Aware": false,
      "Startup Cost": 347978.28,
      "Total Cost": 347978.29,
      "Plan Rows": 1,
      "Plan Width": 8,
      "Actual Startup Time": 407.653,
      "Actual Total Time": 427.35,
      "Actual Rows": 1,
      "Actual Loops": 1,
      "Plans": [
        {
          "Node Type": "Gather",
          "Parent Relationship": "Outer",
          "Parallel Aware": false,
          "Startup Cost": 347977.65,
          "Total Cost": 347978.26,
          "Plan Rows": 6,
          "Plan Width": 8,
          "Actual Startup Time": 403.702,
          "Actual Total Time": 427.335,
          "Actual Rows": 7,
          "Actual Loops": 1,
          "Workers Planned": 6,
          "Workers Launched": 6,
          "Single Copy": false,
          "Plans": [
            {
              "Node Type": "Aggregate",
              "Strategy": "Plain",
              "Partial Mode": "Partial",
              "Parent Relationship": "Outer",
              "Parallel Aware": false,
              "Startup Cost": 346977.65,
              "Total Cost": 346977.66,
              "Plan Rows": 1,
              "Plan Width": 8,
              "Actual Startup Time": 393.877,
              "Actual Total Time": 393.881,
              "Actual Rows": 1,
              "Actual Loops": 7,
              "Plans": [
                {
                  "Node Type": "Hash Join",
                  "Parent Relationship": "Outer",
                  "Parallel Aware": true,
                  "Join Type": "Inner",
                  "Startup Cost": 89297.78,
                  "Total Cost": 346888.41,
                  "Plan Rows": 35698,
                  "Plan Width": 0,
                  "Actual Startup Time": 241.013,
                  "Actual Total Time": 391.91,
                  "Actual Rows": 25597,
                  "Actual Loops": 7,
                  "Inner Unique": true,
                  "Hash Cond": "(ci.movie_id = t.id)",
                  "Plans": [
                    {
                      "Node Type": "Bitmap Heap Scan",
                      "Parent Relationship": "Outer",
                      "Parallel Aware": true,
                      "Relation Name": "cast_info",
                      "Alias": "ci",
                      "Startup Cost": 42948.19,
                      "Total Cost": 299687.78,
                      "Plan Rows": 324207,
                      "Plan Width": 4,
                      "Actual Startup Time": 129.584,
                      "Actual Total Time": 208.397,
                      "Actual Rows": 266848,
                      "Actual Loops": 7,
                      "Recheck Cond": "(person_id > 3693280)",
                      "Rows Removed by Index Recheck": 0,
                      "Exact Heap Blocks": 4281,
                      "Lossy Heap Blocks": 0,
                      "Plans": [
                        {
                          "Node Type": "Bitmap Index Scan",
                          "Parent Relationship": "Outer",
                          "Parallel Aware": false,
                          "Index Name": "person_id_cast_info",
                          "Startup Cost": 0.0,
                          "Total Cost": 42461.88,
                          "Plan Rows": 1945242,
                          "Plan Width": 0,
                          "Actual Startup Time": 123.067,
                          "Actual Total Time": 123.068,
                          "Actual Rows": 1867933,
                          "Actual Loops": 1,
                          "Index Cond": "(person_id > 3693280)"
                        }
                      ]
                    },
                    {
                      "Node Type": "Hash",
                      "Parent Relationship": "Inner",
                      "Parallel Aware": true,
                      "Startup Cost": 45479.59,
                      "Total Cost": 45479.59,
                      "Plan Rows": 69600,
                      "Plan Width": 4,
                      "Actual Startup Time": 108.997,
                      "Actual Total Time": 108.998,
                      "Actual Rows": 54614,
                      "Actual Loops": 7,
                      "Hash Buckets": 524288,
                      "Original Hash Buckets": 524288,
                      "Hash Batches": 1,
                      "Original Hash Batches": 1,
                      "Peak Memory Usage": 19168,
                      "Plans": [
                        {
                          "Node Type": "Seq Scan",
                          "Parent Relationship": "Outer",
                          "Parallel Aware": true,
                          "Relation Name": "title",
                          "Alias": "t",
                          "Startup Cost": 0.0,
                          "Total Cost": 45479.59,
                          "Plan Rows": 69600,
                          "Plan Width": 4,
                          "Actual Startup Time": 48.975,
                          "Actual Total Time": 82.278,
                          "Actual Rows": 54614,
                          "Actual Loops": 7,
                          "Filter": "((production_year < 2001) AND (kind_id = 1))",
                          "Rows Removed by Filter": 306574
                        }
                      ]
                    }
                  ]
                }
              ]
            }
          ]
        }
      ]
    },
    "Planning Time": 0.655,
    "Triggers": [],
    "Execution Time": 427.449
  }
]