[
  {
    "Plan": {
      "Node Type": "Aggregate",
      "Strategy": "Plain",
      "Partial Mode": "Finalize",
      "Parallel Aware": false,
      "Startup Cost": 45552.46,
      "Total Cost": 45552.47,
      "Plan Rows": 1,
      "Plan Width": 8,
      "Actual Startup Time": 152.817,
      "Actual Total Time": 160.361,
      "Actual Rows": 1,
      "Actual Loops": 1,
      "Plans": [
        {
          "Node Type": "Gather",
          "Parent Relationship": "Outer",
          "Parallel Aware": false,
          "Startup Cost": 45552.14,
          "Total Cost": 45552.45,
          "Plan Rows": 3,
          "Plan Width": 8,
          "Actual Startup Time": 152.706,
          "Actual Total Time": 160.353,
          "Actual Rows": 4,
          "Actual Loops": 1,
          "Workers Planned": 3,
          "Workers Launched": 3,
          "Single Copy": false,
          "Plans": [
            {
              "Node Type": "Aggregate",
              "Strategy": "Plain",
              "Partial Mode": "Partial",
              "Parent Relationship": "Outer",
              "Parallel Aware": false,
              "Startup Cost": 44552.14,
              "Total Cost": 44552.15,
              "Plan Rows": 1,
              "Plan Width": 8,
              "Actual Startup Time": 146.661,
              "Actual Total Time": 146.662,
              "Actual Rows": 1,
              "Actual Loops": 4,
              "Plans": [
                {
                  "Node Type": "Seq Scan",
                  "Parent Relationship": "Outer",
                  "Parallel Aware": true,
                  "Relation Name": "movie_keyword",
                  "Alias": "mk",
                  "Startup Cost": 0.0,
                  "Total Cost": 42695.65,
                  "Plan Rows": 742594,
                  "Plan Width": 0,
                  "Actual Startup Time": 0.046,
                  "Actual Total Time": 118.362,
                  "Actual Rows": 576765,
                  "Actual Loops": 4,
                  "Filter": "(keyword_id < 4953)",
                  "Rows Removed by Filter": 554218
                }
              ]
            }
          ]
        }
      ]
    },
    "Planning Time": 0.119,
    "Triggers": [],
    "Execution Time": 160.398
  }
]