[
  {
    "Plan": {
      "Node Type": "Aggregate",
      "Strategy": "Plain",
      "Partial Mode": "Finalize",
      "Parallel Aware": false,
      "Startup Cost": 386087.4,
      "Total Cost": 386087.41,
      "Plan Rows": 1,
      "Plan Width": 8,
      "Actual Startup Time": 521.822,
      "Actual Total Time": 540.707,
      "Actual Rows": 1,
      "Actual Loops": 1,
      "Plans": [
        {
          "Node Type": "Gather",
          "Parent Relationship": "Outer",
          "Parallel Aware": false,
          "Startup Cost": 386086.78,
          "Total Cost": 386087.39,
          "Plan Rows": 6,
          "Plan Width": 8,
          "Actual Startup Time": 512.151,
          "Actual Total Time": 540.693,
          "Actual Rows": 7,
          "Actual Loops": 1,
          "Workers Planned": 6,
          "Workers Launched": 6,
          "Single Copy": false,
          "Plans": [
            {
              "Node Type": "Aggregate",
              "Strategy": "Plain",
              "Partial Mode": "Partial",
              "Parent Relationship": "Outer",
              "Parallel Aware": false,
              "Startup Cost": 385086.78,
              "Total Cost": 385086.79,
              "Plan Rows": 1,
              "Plan Width": 8,
              "Actual Startup Time": 501.122,
              "Actual Total Time": 501.127,
              "Actual Rows": 1,
              "Actual Loops": 7,
              "Plans": [
                {
                  "Node Type": "Hash Join",
                  "Parent Relationship": "Outer",
                  "Parallel Aware": true,
                  "Join Type": "Inner",
                  "Startup Cost": 122504.17,
                  "Total Cost": 384528.53,
                  "Plan Rows": 223300,
                  "Plan Width": 0,
                  "Actual Startup Time": 399.339,
                  "Actual Total Time": 497.004,
                  "Actual Rows": 83765,
                  "Actual Loops": 7,
                  "Inner Unique": true,
                  "Hash Cond": "(ci.movie_id = t.id)",
                  "Plans": [
                    {
                      "Node Type": "Bitmap Heap Scan",
                      "Parent Relationship": "Outer",
                      "Parallel Aware": true,
                      "Relation Name": "cast_info",
                      "Alias": "ci",
                      "Startup Cost": 73745.8,
                      "Total Cost": 334816.99,
                      "Plan Rows": 363110,
                      "Plan Width": 4,
                      "Actual Startup Time": 209.17,
                      "Actual Total Time": 252.275,
                      "Actual Rows": 139776,
                      "Actual Loops": 7,
                      "Recheck Cond": "(person_id < 333656)",
                      "Rows Removed by Index Recheck": 0,
                      "Filter": "(role_id > 1)",
                      "Rows Removed by Filter": 356803,
                      "Exact Heap Blocks": 6585,
                      "Lossy Heap Blocks": 0,
                      "Plans": [
                        {
                          "Node Type": "Bitmap Index Scan",
                          "Parent Relationship": "Outer",
                          "Parallel Aware": false,
                          "Index Name": "person_id_cast_info",
                          "Startup Cost": 0.0,
                          "Total Cost": 73201.14,
                          "Plan Rows": 3353676,
                          "Plan Width": 0,
                          "Actual Startup Time": 128.795,
                          "Actual Total Time": 128.795,
                          "Actual Rows": 3476056,
                          "Actual Loops": 1,
                          "Index Cond": "(person_id < 333656)"
                        }
                      ]
                    },
                    {
                      "Node Type": "Hash",
                      "Parent Relationship": "Inner",
                      "Parallel Aware": true,
                      "Startup Cost": 43899.32,
                      "Total Cost": 43899.32,
                      "Plan Rows": 388724,
                      "Plan Width": 4,
                      "Actual Startup Time": 187.271,
                      "Actual Total Time": 187.272,
                      "Actual Rows": 222266,
                      "Actual Loops": 7,
                      "Hash Buckets": 2097152,
                      "Original Hash Buckets": 2097152,
                      "Hash Batches": 1,
                      "Original Hash Batches": 1,
                      "Peak Memory Usage": 77376,
                      "Plans": [
                        {
                          "Node Type": "Seq Scan",
                          "Parent Relationship": "Outer",
                          "Parallel Aware": true,
                          "Relation Name": "title",
                          "Alias": "t",
                          "Startup Cost": 0.0,
                          "Total Cost": 43899.32,
                          "Plan Rows": 388724,
                          "Plan Width": 4,
                          "Actual Startup Time": 0.041,
                          "Actual Total Time": 83.761,
                          "Actual Rows": 222266,
                          "Actual Loops": 7,
                          "Filter": "(kind_id > 4)",
                          "Rows Removed by Filter": 138921
                        }
                      ]
                    }
                  ]
                }
              ]
            }
          ]
        }
      ]
    },
    "Planning Time": 0.258,
    "Triggers": [],
    "Execution Time": 540.751
  }
]