[
  {
    "Plan": {
      "Node Type": "Aggregate",
      "Strategy": "Plain",
      "Partial Mode": "Finalize",
      "Parallel Aware": false,
      "Startup Cost": 340739.86,
      "Total Cost": 340739.87,
      "Plan Rows": 1,
      "Plan Width": 8,
      "Actual Startup Time": 900.724,
      "Actual Total Time": 959.295,
      "Actual Rows": 1,
      "Actual Loops": 1,
      "Plans": [
        {
          "Node Type": "Gather",
          "Parent Relationship": "Outer",
          "Parallel Aware": false,
          "Startup Cost": 340739.24,
          "Total Cost": 340739.85,
          "Plan Rows": 6,
          "Plan Width": 8,
          "Actual Startup Time": 900.587,
          "Actual Total Time": 959.284,
          "Actual Rows": 7,
          "Actual Loops": 1,
          "Workers Planned": 6,
          "Workers Launched": 6,
          "Single Copy": false,
          "Plans": [
            {
              "Node Type": "Aggregate",
              "Strategy": "Plain",
              "Partial Mode": "Partial",
              "Parent Relationship": "Outer",
              "Parallel Aware": false,
              "Startup Cost": 339739.24,
              "Total Cost": 339739.25,
              "Plan Rows": 1,
              "Plan Width": 8,
              "Actual Startup Time": 891.022,
              "Actual Total Time": 891.023,
              "Actual Rows": 1,
              "Actual Loops": 7,
              "Plans": [
                {
                  "Node Type": "Seq Scan",
                  "Parent Relationship": "Outer",
                  "Parallel Aware": true,
                  "Relation Name": "cast_info",
                  "Alias": "ci",
                  "Startup Cost": 0.0,
                  "Total Cost": 328162.03,
                  "Plan Rows": 4630884,
                  "Plan Width": 0,
                  "Actual Startup Time": 110.049,
                  "Actual Total Time": 699.75,
                  "Actual Rows": 3951817,
                  "Actual Loops": 7,
                  "Filter": "(person_id > 843274)",
                  "Rows Removed by Filter": 1225946
                }
              ]
            }
          ]
        }
      ]
    },
    "Planning Time": 0.171,
    "Triggers": [],
    "Execution Time": 959.362
  }
]