{
    "Plan": {
        "Node Type": "Aggregate",
        "Strategy": "Plain",
        "Partial Mode": "Simple",
        "Parallel Aware": false,
        "Startup Cost": 40000278536.83,
        "Total Cost": 40000278536.84,
        "Plan Rows": 1,
        "Plan Width": 96,
        "Actual Startup Time": 1213.738,
        "Actual Total Time": 1213.744,
        "Actual Rows": 1,
        "Actual Loops": 1,
        "Output": [
            "min((lt.link)::text)",
            "min(t1.title)",
            "min(t2.title)"
        ],
        "Plans": [
            {
                "Node Type": "Nested Loop",
                "Parent Relationship": "Outer",
                "Parallel Aware": false,
                "Join Type": "Inner",
                "Startup Cost": 40000098243.28,
                "Total Cost": 40000278536.76,
                "Plan Rows": 10,
                "Plan Width": 46,
                "Actual Startup Time": 1044.806,
                "Actual Total Time": 1213.455,
                "Actual Rows": 772,
                "Actual Loops": 1,
                "Output": [
                    "lt.link",
                    "t1.title",
                    "t2.title"
                ],
                "Inner Unique": true,
                "Plans": [
                    {
                        "Node Type": "Hash Join",
                        "Parent Relationship": "Outer",
                        "Parallel Aware": false,
                        "Join Type": "Inner",
                        "Startup Cost": 30000098241.64,
                        "Total Cost": 30000278480.25,
                        "Plan Rows": 10,
                        "Plan Width": 33,
                        "Actual Startup Time": 1044.79,
                        "Actual Total Time": 1207.321,
                        "Actual Rows": 772,
                        "Actual Loops": 1,
                        "Output": [
                            "ml.linked_movie_id",
                            "lt.link",
                            "t1.title"
                        ],
                        "Inner Unique": true,
                        "Hash Cond": "(ml.link_type_id = lt.id)",
                        "Plans": [
                            {
                                "Node Type": "Hash Join",
                                "Parent Relationship": "Outer",
                                "Parallel Aware": false,
                                "Join Type": "Inner",
                                "Startup Cost": 20000098229.0,
                                "Total Cost": 20000278467.58,
                                "Plan Rows": 10,
                                "Plan Width": 25,
                                "Actual Startup Time": 1044.696,
                                "Actual Total Time": 1206.994,
                                "Actual Rows": 772,
                                "Actual Loops": 1,
                                "Output": [
                                    "ml.linked_movie_id",
                                    "ml.link_type_id",
                                    "t1.title"
                                ],
                                "Inner Unique": true,
                                "Hash Cond": "(mk.keyword_id = k.id)",
                                "Plans": [
                                    {
                                        "Node Type": "Nested Loop",
                                        "Parent Relationship": "Outer",
                                        "Parallel Aware": false,
                                        "Join Type": "Inner",
                                        "Startup Cost": 10000092886.07,
                                        "Total Cost": 10000269544.25,
                                        "Plan Rows": 1363918,
                                        "Plan Width": 29,
                                        "Actual Startup Time": 940.42,
                                        "Actual Total Time": 1132.768,
                                        "Actual Rows": 288192,
                                        "Actual Loops": 1,
                                        "Output": [
                                            "mk.keyword_id",
                                            "ml.linked_movie_id",
                                            "ml.link_type_id",
                                            "t1.title"
                                        ],
                                        "Inner Unique": false,
                                        "Plans": [
                                            {
                                                "Node Type": "Hash Join",
                                                "Parent Relationship": "Outer",
                                                "Parallel Aware": false,
                                                "Join Type": "Inner",
                                                "Startup Cost": 92885.24,
                                                "Total Cost": 93835.67,
                                                "Plan Rows": 29997,
                                                "Plan Width": 33,
                                                "Actual Startup Time": 940.39,
                                                "Actual Total Time": 959.223,
                                                "Actual Rows": 29997,
                                                "Actual Loops": 1,
                                                "Output": [
                                                    "ml.movie_id",
                                                    "ml.linked_movie_id",
                                                    "ml.link_type_id",
                                                    "t1.title",
                                                    "t1.id"
                                                ],
                                                "Inner Unique": false,
                                                "Hash Cond": "(ml.movie_id = t1.id)",
                                                "Plans": [
                                                    {
                                                        "Node Type": "Seq Scan",
                                                        "Parent Relationship": "Outer",
                                                        "Parallel Aware": false,
                                                        "Relation Name": "movie_link",
                                                        "Schema": "public",
                                                        "Alias": "ml",
                                                        "Startup Cost": 0.0,
                                                        "Total Cost": 462.97,
                                                        "Plan Rows": 29997,
                                                        "Plan Width": 12,
                                                        "Actual Startup Time": 0.022,
                                                        "Actual Total Time": 5.329,
                                                        "Actual Rows": 29997,
                                                        "Actual Loops": 1,
                                                        "Output": [
                                                            "ml.id",
                                                            "ml.movie_id",
                                                            "ml.linked_movie_id",
                                                            "ml.link_type_id"
                                                        ]
                                                    },
                                                    {
                                                        "Node Type": "Hash",
                                                        "Parent Relationship": "Inner",
                                                        "Parallel Aware": false,
                                                        "Startup Cost": 61281.22,
                                                        "Total Cost": 61281.22,
                                                        "Plan Rows": 2528322,
                                                        "Plan Width": 21,
                                                        "Actual Startup Time": 934.705,
                                                        "Actual Total Time": 934.706,
                                                        "Actual Rows": 2528312,
                                                        "Actual Loops": 1,
                                                        "Output": [
                                                            "t1.title",
                                                            "t1.id"
                                                        ],
                                                        "Hash Buckets": 4194304,
                                                        "Original Hash Buckets": 4194304,
                                                        "Hash Batches": 1,
                                                        "Original Hash Batches": 1,
                                                        "Peak Memory Usage": 168637,
                                                        "Plans": [
                                                            {
                                                                "Node Type": "Seq Scan",
                                                                "Parent Relationship": "Outer",
                                                                "Parallel Aware": false,
                                                                "Relation Name": "title",
                                                                "Schema": "public",
                                                                "Alias": "t1",
                                                                "Startup Cost": 0.0,
                                                                "Total Cost": 61281.22,
                                                                "Plan Rows": 2528322,
                                                                "Plan Width": 21,
                                                                "Actual Startup Time": 0.012,
                                                                "Actual Total Time": 290.072,
                                                                "Actual Rows": 2528312,
                                                                "Actual Loops": 1,
                                                                "Output": [
                                                                    "t1.title",
                                                                    "t1.id"
                                                                ]
                                                            }
                                                        ]
                                                    }
                                                ]
                                            },
                                            {
                                                "Node Type": "Bitmap Heap Scan",
                                                "Parent Relationship": "Inner",
                                                "Parallel Aware": false,
                                                "Relation Name": "movie_keyword",
                                                "Schema": "public",
                                                "Alias": "mk",
                                                "Startup Cost": 0.82,
                                                "Total Cost": 5.4,
                                                "Plan Rows": 46,
                                                "Plan Width": 8,
                                                "Actual Startup Time": 0.003,
                                                "Actual Total Time": 0.003,
                                                "Actual Rows": 10,
                                                "Actual Loops": 29997,
                                                "Output": [
                                                    "mk.id",
                                                    "mk.movie_id",
                                                    "mk.keyword_id"
                                                ],
                                                "Recheck Cond": "(mk.movie_id = t1.id)",
                                                "Rows Removed by Index Recheck": 0,
                                                "Exact Heap Blocks": 17923,
                                                "Lossy Heap Blocks": 0,
                                                "Plans": [
                                                    {
                                                        "Node Type": "Bitmap Index Scan",
                                                        "Parent Relationship": "Outer",
                                                        "Parallel Aware": false,
                                                        "Index Name": "movie_id_movie_keyword",
                                                        "Startup Cost": 0.0,
                                                        "Total Cost": 0.81,
                                                        "Plan Rows": 46,
                                                        "Plan Width": 0,
                                                        "Actual Startup Time": 0.002,
                                                        "Actual Total Time": 0.002,
                                                        "Actual Rows": 10,
                                                        "Actual Loops": 29997,
                                                        "Index Cond": "(mk.movie_id = t1.id)"
                                                    }
                                                ]
                                            }
                                        ]
                                    },
                                    {
                                        "Node Type": "Hash",
                                        "Parent Relationship": "Inner",
                                        "Parallel Aware": false,
                                        "Startup Cost": 10000005342.92,
                                        "Total Cost": 10000005342.92,
                                        "Plan Rows": 1,
                                        "Plan Width": 4,
                                        "Actual Startup Time": 57.124,
                                        "Actual Total Time": 57.125,
                                        "Actual Rows": 1,
                                        "Actual Loops": 1,
                                        "Output": [
                                            "k.id"
                                        ],
                                        "Hash Buckets": 1024,
                                        "Original Hash Buckets": 1024,
                                        "Hash Batches": 1,
                                        "Original Hash Batches": 1,
                                        "Peak Memory Usage": 9,
                                        "Plans": [
                                            {
                                                "Node Type": "Index Scan",
                                                "Parent Relationship": "Outer",
                                                "Parallel Aware": false,
                                                "Scan Direction": "Forward",
                                                "Index Name": "keyword_pkey",
                                                "Relation Name": "keyword",
                                                "Schema": "public",
                                                "Alias": "k",
                                                "Startup Cost": 10000000000.42,
                                                "Total Cost": 10000005342.92,
                                                "Plan Rows": 1,
                                                "Plan Width": 4,
                                                "Actual Startup Time": 7.627,
                                                "Actual Total Time": 57.118,
                                                "Actual Rows": 1,
                                                "Actual Loops": 1,
                                                "Output": [
                                                    "k.id"
                                                ],
                                                "Filter": "(k.keyword = 'martial-arts'::text)",
                                                "Rows Removed by Filter": 134169
                                            }
                                        ]
                                    }
                                ]
                            },
                            {
                                "Node Type": "Hash",
                                "Parent Relationship": "Inner",
                                "Parallel Aware": false,
                                "Startup Cost": 10000000012.41,
                                "Total Cost": 10000000012.41,
                                "Plan Rows": 18,
                                "Plan Width": 16,
                                "Actual Startup Time": 0.084,
                                "Actual Total Time": 0.084,
                                "Actual Rows": 18,
                                "Actual Loops": 1,
                                "Output": [
                                    "lt.link",
                                    "lt.id"
                                ],
                                "Hash Buckets": 1024,
                                "Original Hash Buckets": 1024,
                                "Hash Batches": 1,
                                "Original Hash Batches": 1,
                                "Peak Memory Usage": 9,
                                "Plans": [
                                    {
                                        "Node Type": "Index Scan",
                                        "Parent Relationship": "Outer",
                                        "Parallel Aware": false,
                                        "Scan Direction": "Forward",
                                        "Index Name": "link_type_pkey",
                                        "Relation Name": "link_type",
                                        "Schema": "public",
                                        "Alias": "lt",
                                        "Startup Cost": 10000000000.14,
                                        "Total Cost": 10000000012.41,
                                        "Plan Rows": 18,
                                        "Plan Width": 16,
                                        "Actual Startup Time": 0.054,
                                        "Actual Total Time": 0.067,
                                        "Actual Rows": 18,
                                        "Actual Loops": 1,
                                        "Output": [
                                            "lt.link",
                                            "lt.id"
                                        ]
                                    }
                                ]
                            }
                        ]
                    },
                    {
                        "Node Type": "Bitmap Heap Scan",
                        "Parent Relationship": "Inner",
                        "Parallel Aware": false,
                        "Relation Name": "title",
                        "Schema": "public",
                        "Alias": "t2",
                        "Startup Cost": 1.64,
                        "Total Cost": 5.65,
                        "Plan Rows": 1,
                        "Plan Width": 21,
                        "Actual Startup Time": 0.006,
                        "Actual Total Time": 0.006,
                        "Actual Rows": 1,
                        "Actual Loops": 772,
                        "Output": [
                            "t2.id",
                            "t2.title",
                            "t2.imdb_index",
                            "t2.kind_id",
                            "t2.production_year",
                            "t2.imdb_id",
                            "t2.phonetic_code",
                            "t2.episode_of_id",
                            "t2.season_nr",
                            "t2.episode_nr",
                            "t2.series_years",
                            "t2.md5sum"
                        ],
                        "Recheck Cond": "(t2.id = ml.linked_movie_id)",
                        "Rows Removed by Index Recheck": 0,
                        "Exact Heap Blocks": 772,
                        "Lossy Heap Blocks": 0,
                        "Plans": [
                            {
                                "Node Type": "Bitmap Index Scan",
                                "Parent Relationship": "Outer",
                                "Parallel Aware": false,
                                "Index Name": "title_pkey",
                                "Startup Cost": 0.0,
                                "Total Cost": 1.64,
                                "Plan Rows": 1,
                                "Plan Width": 0,
                                "Actual Startup Time": 0.004,
                                "Actual Total Time": 0.004,
                                "Actual Rows": 1,
                                "Actual Loops": 772,
                                "Index Cond": "(t2.id = ml.linked_movie_id)"
                            }
                        ]
                    }
                ]
            }
        ]
    },
    "Planning Time": 2.572,
    "Triggers": [],
    "Execution Time": 1215.085
}