[
  {
    "Plan": {
      "Node Type": "Aggregate",
      "Strategy": "Plain",
      "Partial Mode": "Finalize",
      "Parallel Aware": false,
      "Startup Cost": 45480.21,
      "Total Cost": 45480.22,
      "Plan Rows": 1,
      "Plan Width": 8,
      "Actual Startup Time": 149.663,
      "Actual Total Time": 156.666,
      "Actual Rows": 1,
      "Actual Loops": 1,
      "Plans": [
        {
          "Node Type": "Gather",
          "Parent Relationship": "Outer",
          "Parallel Aware": false,
          "Startup Cost": 45479.89,
          "Total Cost": 45480.2,
          "Plan Rows": 3,
          "Plan Width": 8,
          "Actual Startup Time": 149.427,
          "Actual Total Time": 156.658,
          "Actual Rows": 4,
          "Actual Loops": 1,
          "Workers Planned": 3,
          "Workers Launched": 3,
          "Single Copy": false,
          "Plans": [
            {
              "Node Type": "Aggregate",
              "Strategy": "Plain",
              "Partial Mode": "Partial",
              "Parent Relationship": "Outer",
              "Parallel Aware": false,
              "Startup Cost": 44479.89,
              "Total Cost": 44479.9,
              "Plan Rows": 1,
              "Plan Width": 8,
              "Actual Startup Time": 144.193,
              "Actual Total Time": 144.194,
              "Actual Rows": 1,
              "Actual Loops": 4,
              "Plans": [
                {
                  "Node Type": "Seq Scan",
                  "Parent Relationship": "Outer",
                  "Parallel Aware": true,
                  "Relation Name": "movie_keyword",
                  "Alias": "mk",
                  "Startup Cost": 0.0,
                  "Total Cost": 42695.65,
                  "Plan Rows": 713695,
                  "Plan Width": 0,
                  "Actual Startup Time": 0.037,
                  "Actual Total Time": 116.823,
                  "Actual Rows": 553636,
                  "Actual Loops": 4,
                  "Filter": "(keyword_id < 4499)",
                  "Rows Removed by Filter": 577346
                }
              ]
            }
          ]
        }
      ]
    },
    "Planning Time": 0.137,
    "Triggers": [],
    "Execution Time": 156.71
  }
]