[
  {
    "Plan": {
      "Node Type": "Aggregate",
      "Strategy": "Plain",
      "Partial Mode": "Finalize",
      "Parallel Aware": false,
      "Startup Cost": 246242.58,
      "Total Cost": 246242.59,
      "Plan Rows": 1,
      "Plan Width": 8,
      "Actual Startup Time": 732.43,
      "Actual Total Time": 783.578,
      "Actual Rows": 1,
      "Actual Loops": 1,
      "Plans": [
        {
          "Node Type": "Gather",
          "Parent Relationship": "Outer",
          "Parallel Aware": false,
          "Startup Cost": 246242.06,
          "Total Cost": 246242.57,
          "Plan Rows": 5,
          "Plan Width": 8,
          "Actual Startup Time": 731.237,
          "Actual Total Time": 783.563,
          "Actual Rows": 6,
          "Actual Loops": 1,
          "Workers Planned": 5,
          "Workers Launched": 5,
          "Single Copy": false,
          "Plans": [
            {
              "Node Type": "Aggregate",
              "Strategy": "Plain",
              "Partial Mode": "Partial",
              "Parent Relationship": "Outer",
              "Parallel Aware": false,
              "Startup Cost": 245242.06,
              "Total Cost": 245242.07,
              "Plan Rows": 1,
              "Plan Width": 8,
              "Actual Startup Time": 726.616,
              "Actual Total Time": 726.65,
              "Actual Rows": 1,
              "Actual Loops": 6,
              "Plans": [
                {
                  "Node Type": "Hash Join",
                  "Parent Relationship": "Outer",
                  "Parallel Aware": true,
                  "Join Type": "Inner",
                  "Startup Cost": 45625.54,
                  "Total Cost": 245104.94,
                  "Plan Rows": 54846,
                  "Plan Width": 0,
                  "Actual Startup Time": 99.315,
                  "Actual Total Time": 715.742,
                  "Actual Rows": 239957,
                  "Actual Loops": 6,
                  "Inner Unique": true,
                  "Hash Cond": "(mi.movie_id = t.id)",
                  "Plans": [
                    {
                      "Node Type": "Seq Scan",
                      "Parent Relationship": "Outer",
                      "Parallel Aware": true,
                      "Relation Name": "movie_info",
                      "Alias": "mi",
                      "Startup Cost": 0.0,
                      "Total Cost": 191685.19,
                      "Plan Rows": 2969219,
                      "Plan Width": 4,
                      "Actual Startup Time": 0.033,
                      "Actual Total Time": 302.992,
                      "Actual Rows": 2472620,
                      "Actual Loops": 6
                    },
                    {
                      "Node Type": "Hash",
                      "Parent Relationship": "Inner",
                      "Parallel Aware": true,
                      "Startup Cost": 45479.59,
                      "Total Cost": 45479.59,
                      "Plan Rows": 11676,
                      "Plan Width": 4,
                      "Actual Startup Time": 87.868,
                      "Actual Total Time": 87.869,
                      "Actual Rows": 21720,
                      "Actual Loops": 6,
                      "Hash Buckets": 131072,
                      "Original Hash Buckets": 65536,
                      "Hash Batches": 1,
                      "Original Hash Batches": 1,
                      "Peak Memory Usage": 6752,
                      "Plans": [
                        {
                          "Node Type": "Seq Scan",
                          "Parent Relationship": "Outer",
                          "Parallel Aware": true,
                          "Relation Name": "title",
                          "Alias": "t",
                          "Startup Cost": 0.0,
                          "Total Cost": 45479.59,
                          "Plan Rows": 11676,
                          "Plan Width": 4,
                          "Actual Startup Time": 46.942,
                          "Actual Total Time": 76.779,
                          "Actual Rows": 21720,
                          "Actual Loops": 6,
                          "Filter": "((kind_id < 7) AND (production_year < 1936))",
                          "Rows Removed by Filter": 399665
                        }
                      ]
                    }
                  ]
                }
              ]
            }
          ]
        }
      ]
    },
    "Planning Time": 0.497,
    "Triggers": [],
    "Execution Time": 783.644
  }
]