[
  {
    "Plan": {
      "Node Type": "Aggregate",
      "Strategy": "Plain",
      "Partial Mode": "Finalize",
      "Parallel Aware": false,
      "Startup Cost": 74877.07,
      "Total Cost": 74877.08,
      "Plan Rows": 1,
      "Plan Width": 8,
      "Actual Startup Time": 250.334,
      "Actual Total Time": 265.839,
      "Actual Rows": 1,
      "Actual Loops": 1,
      "Plans": [
        {
          "Node Type": "Gather",
          "Parent Relationship": "Outer",
          "Parallel Aware": false,
          "Startup Cost": 74876.75,
          "Total Cost": 74877.06,
          "Plan Rows": 3,
          "Plan Width": 8,
          "Actual Startup Time": 247.203,
          "Actual Total Time": 265.831,
          "Actual Rows": 4,
          "Actual Loops": 1,
          "Workers Planned": 3,
          "Workers Launched": 3,
          "Single Copy": false,
          "Plans": [
            {
              "Node Type": "Aggregate",
              "Strategy": "Plain",
              "Partial Mode": "Partial",
              "Parent Relationship": "Outer",
              "Parallel Aware": false,
              "Startup Cost": 73876.75,
              "Total Cost": 73876.76,
              "Plan Rows": 1,
              "Plan Width": 8,
              "Actual Startup Time": 238.297,
              "Actual Total Time": 238.3,
              "Actual Rows": 1,
              "Actual Loops": 4,
              "Plans": [
                {
                  "Node Type": "Hash Join",
                  "Parent Relationship": "Outer",
                  "Parallel Aware": true,
                  "Join Type": "Inner",
                  "Startup Cost": 48866.94,
                  "Total Cost": 73847.29,
                  "Plan Rows": 11785,
                  "Plan Width": 0,
                  "Actual Startup Time": 187.553,
                  "Actual Total Time": 236.903,
                  "Actual Rows": 23861,
                  "Actual Loops": 4,
                  "Inner Unique": true,
                  "Hash Cond": "(mk.movie_id = t.id)",
                  "Plans": [
                    {
                      "Node Type": "Bitmap Heap Scan",
                      "Parent Relationship": "Outer",
                      "Parallel Aware": true,
                      "Relation Name": "movie_keyword",
                      "Alias": "mk",
                      "Startup Cost": 2292.51,
                      "Total Cost": 27181.51,
                      "Plan Rows": 34800,
                      "Plan Width": 4,
                      "Actual Startup Time": 13.993,
                      "Actual Total Time": 48.75,
                      "Actual Rows": 30480,
                      "Actual Loops": 4,
                      "Recheck Cond": "(keyword_id < 117)",
                      "Rows Removed by Index Recheck": 0,
                      "Exact Heap Blocks": 8755,
                      "Lossy Heap Blocks": 0,
                      "Plans": [
                        {
                          "Node Type": "Bitmap Index Scan",
                          "Parent Relationship": "Outer",
                          "Parallel Aware": false,
                          "Index Name": "keyword_id_movie_keyword",
                          "Startup Cost": 0.0,
                          "Total Cost": 2265.54,
                          "Plan Rows": 107881,
                          "Plan Width": 0,
                          "Actual Startup Time": 10.556,
                          "Actual Total Time": 10.557,
                          "Actual Rows": 121921,
                          "Actual Loops": 1,
                          "Index Cond": "(keyword_id < 117)"
                        }
                      ]
                    },
                    {
                      "Node Type": "Hash",
                      "Parent Relationship": "Inner",
                      "Parallel Aware": true,
                      "Startup Cost": 43898.92,
                      "Total Cost": 43898.92,
                      "Plan Rows": 214041,
                      "Plan Width": 4,
                      "Actual Startup Time": 168.671,
                      "Actual Total Time": 168.672,
                      "Actual Rows": 213554,
                      "Actual Loops": 4,
                      "Hash Buckets": 1048576,
                      "Original Hash Buckets": 1048576,
                      "Hash Batches": 1,
                      "Original Hash Batches": 1,
                      "Peak Memory Usage": 41696,
                      "Plans": [
                        {
                          "Node Type": "Seq Scan",
                          "Parent Relationship": "Outer",
                          "Parallel Aware": true,
                          "Relation Name": "title",
                          "Alias": "t",
                          "Startup Cost": 0.0,
                          "Total Cost": 43898.92,
                          "Plan Rows": 214041,
                          "Plan Width": 4,
                          "Actual Startup Time": 0.046,
                          "Actual Total Time": 99.592,
                          "Actual Rows": 213554,
                          "Actual Loops": 4,
                          "Filter": "(kind_id < 4)",
                          "Rows Removed by Filter": 418524
                        }
                      ]
                    }
                  ]
                }
              ]
            }
          ]
        }
      ]
    },
    "Planning Time": 0.553,
    "Triggers": [],
    "Execution Time": 265.923
  }
]