[
  {
    "Plan": {
      "Node Type": "Aggregate",
      "Strategy": "Plain",
      "Partial Mode": "Finalize",
      "Parallel Aware": false,
      "Startup Cost": 226403.31,
      "Total Cost": 226403.32,
      "Plan Rows": 1,
      "Plan Width": 8,
      "Actual Startup Time": 236.64,
      "Actual Total Time": 269.032,
      "Actual Rows": 1,
      "Actual Loops": 1,
      "Plans": [
        {
          "Node Type": "Gather",
          "Parent Relationship": "Outer",
          "Parallel Aware": false,
          "Startup Cost": 226402.89,
          "Total Cost": 226403.3,
          "Plan Rows": 4,
          "Plan Width": 8,
          "Actual Startup Time": 236.521,
          "Actual Total Time": 269.025,
          "Actual Rows": 5,
          "Actual Loops": 1,
          "Workers Planned": 4,
          "Workers Launched": 4,
          "Single Copy": false,
          "Plans": [
            {
              "Node Type": "Aggregate",
              "Strategy": "Plain",
              "Partial Mode": "Partial",
              "Parent Relationship": "Outer",
              "Parallel Aware": false,
              "Startup Cost": 225402.89,
              "Total Cost": 225402.9,
              "Plan Rows": 1,
              "Plan Width": 8,
              "Actual Startup Time": 226.473,
              "Actual Total Time": 226.474,
              "Actual Rows": 1,
              "Actual Loops": 5,
              "Plans": [
                {
                  "Node Type": "Nested Loop",
                  "Parent Relationship": "Outer",
                  "Parallel Aware": false,
                  "Join Type": "Inner",
                  "Startup Cost": 0.43,
                  "Total Cost": 225359.14,
                  "Plan Rows": 17500,
                  "Plan Width": 0,
                  "Actual Startup Time": 59.921,
                  "Actual Total Time": 222.421,
                  "Actual Rows": 66340,
                  "Actual Loops": 5,
                  "Inner Unique": false,
                  "Plans": [
                    {
                      "Node Type": "Seq Scan",
                      "Parent Relationship": "Outer",
                      "Parallel Aware": true,
                      "Relation Name": "title",
                      "Alias": "t",
                      "Startup Cost": 0.0,
                      "Total Cost": 45479.1,
                      "Plan Rows": 3954,
                      "Plan Width": 4,
                      "Actual Startup Time": 59.837,
                      "Actual Total Time": 84.862,
                      "Actual Rows": 8564,
                      "Actual Loops": 5,
                      "Filter": "((kind_id < 7) AND (production_year < 1913))",
                      "Rows Removed by Filter": 497099
                    },
                    {
                      "Node Type": "Index Scan",
                      "Parent Relationship": "Inner",
                      "Parallel Aware": false,
                      "Scan Direction": "Forward",
                      "Index Name": "movie_id_movie_info",
                      "Relation Name": "movie_info",
                      "Alias": "mi",
                      "Startup Cost": 0.43,
                      "Total Cost": 45.17,
                      "Plan Rows": 32,
                      "Plan Width": 4,
                      "Actual Startup Time": 0.006,
                      "Actual Total Time": 0.015,
                      "Actual Rows": 8,
                      "Actual Loops": 42819,
                      "Index Cond": "(movie_id = t.id)",
                      "Rows Removed by Index Recheck": 0,
                      "Filter": "(info_type_id > 3)",
                      "Rows Removed by Filter": 3
                    }
                  ]
                }
              ]
            }
          ]
        }
      ]
    },
    "Planning Time": 0.601,
    "Triggers": [],
    "Execution Time": 269.103
  }
]