[
  {
    "Plan": {
      "Node Type": "Aggregate",
      "Strategy": "Plain",
      "Partial Mode": "Finalize",
      "Parallel Aware": false,
      "Startup Cost": 31221.89,
      "Total Cost": 31221.9,
      "Plan Rows": 1,
      "Plan Width": 8,
      "Actual Startup Time": 114.075,
      "Actual Total Time": 122.506,
      "Actual Rows": 1,
      "Actual Loops": 1,
      "Plans": [
        {
          "Node Type": "Gather",
          "Parent Relationship": "Outer",
          "Parallel Aware": false,
          "Startup Cost": 31221.57,
          "Total Cost": 31221.88,
          "Plan Rows": 3,
          "Plan Width": 8,
          "Actual Startup Time": 113.917,
          "Actual Total Time": 122.495,
          "Actual Rows": 4,
          "Actual Loops": 1,
          "Workers Planned": 3,
          "Workers Launched": 3,
          "Single Copy": false,
          "Plans": [
            {
              "Node Type": "Aggregate",
              "Strategy": "Plain",
              "Partial Mode": "Partial",
              "Parent Relationship": "Outer",
              "Parallel Aware": false,
              "Startup Cost": 30221.57,
              "Total Cost": 30221.58,
              "Plan Rows": 1,
              "Plan Width": 8,
              "Actual Startup Time": 105.514,
              "Actual Total Time": 105.515,
              "Actual Rows": 1,
              "Actual Loops": 4,
              "Plans": [
                {
                  "Node Type": "Seq Scan",
                  "Parent Relationship": "Outer",
                  "Parallel Aware": true,
                  "Relation Name": "movie_companies",
                  "Alias": "mc",
                  "Startup Cost": 0.0,
                  "Total Cost": 29310.68,
                  "Plan Rows": 364356,
                  "Plan Width": 0,
                  "Actual Startup Time": 0.035,
                  "Actual Total Time": 86.07,
                  "Actual Rows": 284234,
                  "Actual Loops": 4,
                  "Filter": "(company_id < 8488)",
                  "Rows Removed by Filter": 368049
                }
              ]
            }
          ]
        }
      ]
    },
    "Planning Time": 0.173,
    "Triggers": [],
    "Execution Time": 122.555
  }
]