[
  {
    "Plan": {
      "Node Type": "Aggregate",
      "Strategy": "Plain",
      "Partial Mode": "Finalize",
      "Parallel Aware": false,
      "Startup Cost": 65992.82,
      "Total Cost": 65992.83,
      "Plan Rows": 1,
      "Plan Width": 8,
      "Actual Startup Time": 108.156,
      "Actual Total Time": 119.752,
      "Actual Rows": 1,
      "Actual Loops": 1,
      "Plans": [
        {
          "Node Type": "Gather",
          "Parent Relationship": "Outer",
          "Parallel Aware": false,
          "Startup Cost": 65992.5,
          "Total Cost": 65992.81,
          "Plan Rows": 3,
          "Plan Width": 8,
          "Actual Startup Time": 107.296,
          "Actual Total Time": 119.739,
          "Actual Rows": 4,
          "Actual Loops": 1,
          "Workers Planned": 3,
          "Workers Launched": 3,
          "Single Copy": false,
          "Plans": [
            {
              "Node Type": "Aggregate",
              "Strategy": "Plain",
              "Partial Mode": "Partial",
              "Parent Relationship": "Outer",
              "Parallel Aware": false,
              "Startup Cost": 64992.5,
              "Total Cost": 64992.51,
              "Plan Rows": 1,
              "Plan Width": 8,
              "Actual Startup Time": 103.103,
              "Actual Total Time": 103.108,
              "Actual Rows": 1,
              "Actual Loops": 4,
              "Plans": [
                {
                  "Node Type": "Hash Join",
                  "Parent Relationship": "Outer",
                  "Parallel Aware": true,
                  "Join Type": "Inner",
                  "Startup Cost": 44736.17,
                  "Total Cost": 64988.15,
                  "Plan Rows": 1740,
                  "Plan Width": 0,
                  "Actual Startup Time": 73.969,
                  "Actual Total Time": 102.737,
                  "Actual Rows": 5602,
                  "Actual Loops": 4,
                  "Inner Unique": true,
                  "Hash Cond": "(mc.movie_id = t.id)",
                  "Plans": [
                    {
                      "Node Type": "Bitmap Heap Scan",
                      "Parent Relationship": "Outer",
                      "Parallel Aware": true,
                      "Relation Name": "movie_companies",
                      "Alias": "mc",
                      "Startup Cost": 6494.69,
                      "Total Cost": 26492.95,
                      "Plan Rows": 96660,
                      "Plan Width": 4,
                      "Actual Startup Time": 18.504,
                      "Actual Total Time": 53.176,
                      "Actual Rows": 73219,
                      "Actual Loops": 4,
                      "Recheck Cond": "(company_id < 160)",
                      "Rows Removed by Index Recheck": 0,
                      "Exact Heap Blocks": 6295,
                      "Lossy Heap Blocks": 0,
                      "Plans": [
                        {
                          "Node Type": "Bitmap Index Scan",
                          "Parent Relationship": "Outer",
                          "Parallel Aware": false,
                          "Index Name": "company_id_movie_companies",
                          "Startup Cost": 0.0,
                          "Total Cost": 6419.78,
                          "Plan Rows": 299647,
                          "Plan Width": 0,
                          "Actual Startup Time": 15.694,
                          "Actual Total Time": 15.694,
                          "Actual Rows": 292877,
                          "Actual Loops": 1,
                          "Index Cond": "(company_id < 160)"
                        }
                      ]
                    },
                    {
                      "Node Type": "Hash",
                      "Parent Relationship": "Inner",
                      "Parallel Aware": true,
                      "Startup Cost": 38099.25,
                      "Total Cost": 38099.25,
                      "Plan Rows": 11378,
                      "Plan Width": 4,
                      "Actual Startup Time": 34.641,
                      "Actual Total Time": 34.643,
                      "Actual Rows": 15654,
                      "Actual Loops": 4,
                      "Hash Buckets": 65536,
                      "Original Hash Buckets": 65536,
                      "Hash Batches": 1,
                      "Original Hash Batches": 1,
                      "Peak Memory Usage": 3008,
                      "Plans": [
                        {
                          "Node Type": "Bitmap Heap Scan",
                          "Parent Relationship": "Outer",
                          "Parallel Aware": true,
                          "Relation Name": "title",
                          "Alias": "t",
                          "Startup Cost": 1738.1,
                          "Total Cost": 38099.25,
                          "Plan Rows": 11378,
                          "Plan Width": 4,
                          "Actual Startup Time": 3.849,
                          "Actual Total Time": 29.869,
                          "Actual Rows": 15654,
                          "Actual Loops": 4,
                          "Recheck Cond": "(kind_id = 3)",
                          "Rows Removed by Index Recheck": 0,
                          "Filter": "(production_year < 2003)",
                          "Rows Removed by Filter": 9481,
                          "Exact Heap Blocks": 5923,
                          "Lossy Heap Blocks": 0,
                          "Plans": [
                            {
                              "Node Type": "Bitmap Index Scan",
                              "Parent Relationship": "Outer",
                              "Parallel Aware": false,
                              "Index Name": "kind_id_title",
                              "Startup Cost": 0.0,
                              "Total Cost": 1726.72,
                              "Plan Rows": 96839,
                              "Plan Width": 0,
                              "Actual Startup Time": 5.55,
                              "Actual Total Time": 5.55,
                              "Actual Rows": 100537,
                              "Actual Loops": 1,
                              "Index Cond": "(kind_id = 3)"
                            }
                          ]
                        }
                      ]
                    }
                  ]
                }
              ]
            }
          ]
        }
      ]
    },
    "Planning Time": 0.561,
    "Triggers": [],
    "Execution Time": 119.804
  }
]