{
  "Plan": {
    "Node Type": "Aggregate",
    "Strategy": "Plain",
    "Partial Mode": "Finalize",
    "Parallel Aware": false,
    "Startup Cost": 263061.23,
    "Total Cost": 263061.24,
    "Plan Rows": 1,
    "Plan Width": 8,
    "Actual Startup Time": 1658.475,
    "Actual Total Time": 1686.088,
    "Actual Rows": 1,
    "Actual Loops": 1,
    "Plans": [
      {
        "Node Type": "Gather",
        "Parent Relationship": "Outer",
        "Parallel Aware": false,
        "Startup Cost": 263061.12,
        "Total Cost": 263061.23,
        "Plan Rows": 1,
        "Plan Width": 8,
        "Actual Startup Time": 1651.5,
        "Actual Total Time": 1686.08,
        "Actual Rows": 2,
        "Actual Loops": 1,
        "Workers Planned": 1,
        "Workers Launched": 1,
        "Single Copy": false,
        "Plans": [
          {
            "Node Type": "Aggregate",
            "Strategy": "Plain",
            "Partial Mode": "Partial",
            "Parent Relationship": "Outer",
            "Parallel Aware": false,
            "Startup Cost": 262061.12,
            "Total Cost": 262061.13,
            "Plan Rows": 1,
            "Plan Width": 8,
            "Actual Startup Time": 1642.839,
            "Actual Total Time": 1642.845,
            "Actual Rows": 1,
            "Actual Loops": 2,
            "Plans": [
              {
                "Node Type": "Hash Join",
                "Parent Relationship": "Outer",
                "Parallel Aware": true,
                "Join Type": "Inner",
                "Startup Cost": 120621.06,
                "Total Cost": 261958.96,
                "Plan Rows": 40866,
                "Plan Width": 0,
                "Actual Startup Time": 1315.103,
                "Actual Total Time": 1641.815,
                "Actual Rows": 19272,
                "Actual Loops": 2,
                "Inner Unique": false,
                "Hash Cond": "(ci.movie_id = t.id)",
                "Plans": [
                  {
                    "Node Type": "Index Scan",
                    "Parent Relationship": "Outer",
                    "Parallel Aware": true,
                    "Scan Direction": "Forward",
                    "Index Name": "role_id_cast_info",
                    "Relation Name": "cast_info",
                    "Alias": "ci",
                    "Startup Cost": 0.56,
                    "Total Cost": 140896.75,
                    "Plan Rows": 53684,
                    "Plan Width": 4,
                    "Actual Startup Time": 0.283,
                    "Actual Total Time": 316.242,
                    "Actual Rows": 13546,
                    "Actual Loops": 2,
                    "Index Cond": "(role_id = 10)",
                    "Rows Removed by Index Recheck": 0,
                    "Filter": "(person_id < 77643)",
                    "Rows Removed by Filter": 2147963
                  },
                  {
                    "Node Type": "Hash",
                    "Parent Relationship": "Inner",
                    "Parallel Aware": true,
                    "Startup Cost": 106468.53,
                    "Total Cost": 106468.53,
                    "Plan Rows": 1132157,
                    "Plan Width": 8,
                    "Actual Startup Time": 1300.036,
                    "Actual Total Time": 1300.041,
                    "Actual Rows": 650720,
                    "Actual Loops": 2,
                    "Hash Buckets": 2097152,
                    "Original Hash Buckets": 2097152,
                    "Hash Batches": 1,
                    "Original Hash Batches": 1,
                    "Peak Memory Usage": 67328,
                    "Plans": [
                      {
                        "Node Type": "Hash Join",
                        "Parent Relationship": "Outer",
                        "Parallel Aware": true,
                        "Join Type": "Inner",
                        "Startup Cost": 68301.9,
                        "Total Cost": 106468.53,
                        "Plan Rows": 1132157,
                        "Plan Width": 8,
                        "Actual Startup Time": 504.839,
                        "Actual Total Time": 1085.558,
                        "Actual Rows": 650720,
                        "Actual Loops": 2,
                        "Inner Unique": true,
                        "Hash Cond": "(mc.movie_id = t.id)",
                        "Plans": [
                          {
                            "Node Type": "Seq Scan",
                            "Parent Relationship": "Outer",
                            "Parallel Aware": true,
                            "Relation Name": "movie_companies",
                            "Alias": "mc",
                            "Startup Cost": 0.0,
                            "Total Cost": 34137.82,
                            "Plan Rows": 1534782,
                            "Plan Width": 4,
                            "Actual Startup Time": 0.015,
                            "Actual Total Time": 120.234,
                            "Actual Rows": 1304564,
                            "Actual Loops": 2
                          },
                          {
                            "Node Type": "Hash",
                            "Parent Relationship": "Inner",
                            "Parallel Aware": true,
                            "Startup Cost": 54588.39,
                            "Total Cost": 54588.39,
                            "Plan Rows": 1097081,
                            "Plan Width": 4,
                            "Actual Startup Time": 497.021,
                            "Actual Total Time": 497.023,
                            "Actual Rows": 932744,
                            "Actual Loops": 2,
                            "Hash Buckets": 2097152,
                            "Original Hash Buckets": 2097152,
                            "Hash Batches": 1,
                            "Original Hash Batches": 1,
                            "Peak Memory Usage": 89408,
                            "Plans": [
                              {
                                "Node Type": "Seq Scan",
                                "Parent Relationship": "Outer",
                                "Parallel Aware": true,
                                "Relation Name": "title",
                                "Alias": "t",
                                "Startup Cost": 0.0,
                                "Total Cost": 54588.39,
                                "Plan Rows": 1097081,
                                "Plan Width": 4,
                                "Actual Startup Time": 0.028,
                                "Actual Total Time": 191.28,
                                "Actual Rows": 932744,
                                "Actual Loops": 2,
                                "Filter": "(kind_id > 1)",
                                "Rows Removed by Filter": 331412
                              }
                            ]
                          }
                        ]
                      }
                    ]
                  }
                ]
              }
            ]
          }
        ]
      }
    ]
  },
  "Planning Time": 1.141,
  "Triggers": [],
  "Execution Time": 1686.176
}