{
  "Plan": {
    "Node Type": "Aggregate",
    "Strategy": "Plain",
    "Partial Mode": "Finalize",
    "Parallel Aware": false,
    "Startup Cost": 336430.57,
    "Total Cost": 336430.58,
    "Plan Rows": 1,
    "Plan Width": 8,
    "Actual Startup Time": 2255.055,
    "Actual Total Time": 2326.483,
    "Actual Rows": 1,
    "Actual Loops": 1,
    "Plans": [
      {
        "Node Type": "Gather",
        "Parent Relationship": "Outer",
        "Parallel Aware": false,
        "Startup Cost": 336430.45,
        "Total Cost": 336430.56,
        "Plan Rows": 1,
        "Plan Width": 8,
        "Actual Startup Time": 2254.017,
        "Actual Total Time": 2326.475,
        "Actual Rows": 2,
        "Actual Loops": 1,
        "Workers Planned": 1,
        "Workers Launched": 1,
        "Single Copy": false,
        "Plans": [
          {
            "Node Type": "Aggregate",
            "Strategy": "Plain",
            "Partial Mode": "Partial",
            "Parent Relationship": "Outer",
            "Parallel Aware": false,
            "Startup Cost": 335430.45,
            "Total Cost": 335430.46,
            "Plan Rows": 1,
            "Plan Width": 8,
            "Actual Startup Time": 2247.669,
            "Actual Total Time": 2247.674,
            "Actual Rows": 1,
            "Actual Loops": 2,
            "Plans": [
              {
                "Node Type": "Nested Loop",
                "Parent Relationship": "Outer",
                "Parallel Aware": false,
                "Join Type": "Inner",
                "Startup Cost": 34497.19,
                "Total Cost": 334617.1,
                "Plan Rows": 325341,
                "Plan Width": 0,
                "Actual Startup Time": 139.825,
                "Actual Total Time": 2160.292,
                "Actual Rows": 2032232,
                "Actual Loops": 2,
                "Inner Unique": false,
                "Plans": [
                  {
                    "Node Type": "Hash Join",
                    "Parent Relationship": "Outer",
                    "Parallel Aware": true,
                    "Join Type": "Inner",
                    "Startup Cost": 34496.75,
                    "Total Cost": 95449.52,
                    "Plan Rows": 133835,
                    "Plan Width": 8,
                    "Actual Startup Time": 139.758,
                    "Actual Total Time": 595.813,
                    "Actual Rows": 171840,
                    "Actual Loops": 2,
                    "Inner Unique": false,
                    "Hash Cond": "(t.id = mc.movie_id)",
                    "Plans": [
                      {
                        "Node Type": "Seq Scan",
                        "Parent Relationship": "Outer",
                        "Parallel Aware": true,
                        "Relation Name": "title",
                        "Alias": "t",
                        "Startup Cost": 0.0,
                        "Total Cost": 50870.31,
                        "Plan Rows": 1487231,
                        "Plan Width": 4,
                        "Actual Startup Time": 0.01,
                        "Actual Total Time": 115.198,
                        "Actual Rows": 1264156,
                        "Actual Loops": 2
                      },
                      {
                        "Node Type": "Hash",
                        "Parent Relationship": "Inner",
                        "Parallel Aware": true,
                        "Startup Cost": 32823.82,
                        "Total Cost": 32823.82,
                        "Plan Rows": 133835,
                        "Plan Width": 4,
                        "Actual Startup Time": 136.348,
                        "Actual Total Time": 136.35,
                        "Actual Rows": 171840,
                        "Actual Loops": 2,
                        "Hash Buckets": 524288,
                        "Original Hash Buckets": 262144,
                        "Hash Batches": 1,
                        "Original Hash Batches": 1,
                        "Peak Memory Usage": 19616,
                        "Plans": [
                          {
                            "Node Type": "Bitmap Heap Scan",
                            "Parent Relationship": "Outer",
                            "Parallel Aware": true,
                            "Relation Name": "movie_companies",
                            "Alias": "mc",
                            "Startup Cost": 9955.7,
                            "Total Cost": 32823.82,
                            "Plan Rows": 133835,
                            "Plan Width": 4,
                            "Actual Startup Time": 34.855,
                            "Actual Total Time": 96.245,
                            "Actual Rows": 171840,
                            "Actual Loops": 2,
                            "Recheck Cond": "(company_id < 390)",
                            "Rows Removed by Index Recheck": 0,
                            "Filter": "(company_type_id = 1)",
                            "Rows Removed by Filter": 56393,
                            "Exact Heap Blocks": 11737,
                            "Lossy Heap Blocks": 0,
                            "Plans": [
                              {
                                "Node Type": "Bitmap Index Scan",
                                "Parent Relationship": "Outer",
                                "Parallel Aware": false,
                                "Index Name": "company_id_movie_companies",
                                "Startup Cost": 0.0,
                                "Total Cost": 9898.83,
                                "Plan Rows": 462186,
                                "Plan Width": 0,
                                "Actual Startup Time": 34.702,
                                "Actual Total Time": 34.702,
                                "Actual Rows": 456466,
                                "Actual Loops": 1,
                                "Index Cond": "(company_id < 390)"
                              }
                            ]
                          }
                        ]
                      }
                    ]
                  },
                  {
                    "Node Type": "Index Scan",
                    "Parent Relationship": "Inner",
                    "Parallel Aware": false,
                    "Scan Direction": "Forward",
                    "Index Name": "movie_id_movie_info",
                    "Relation Name": "movie_info",
                    "Alias": "mi",
                    "Startup Cost": 0.43,
                    "Total Cost": 1.62,
                    "Plan Rows": 17,
                    "Plan Width": 4,
                    "Actual Startup Time": 0.003,
                    "Actual Total Time": 0.008,
                    "Actual Rows": 12,
                    "Actual Loops": 343680,
                    "Index Cond": "(movie_id = t.id)",
                    "Rows Removed by Index Recheck": 0,
                    "Filter": "(info_type_id > 9)",
                    "Rows Removed by Filter": 7
                  }
                ]
              }
            ]
          }
        ]
      }
    ]
  },
  "Planning Time": 1.003,
  "Triggers": [],
  "Execution Time": 2326.609
}