{
  "Plan": {
    "Node Type": "Aggregate",
    "Strategy": "Plain",
    "Partial Mode": "Finalize",
    "Parallel Aware": false,
    "Startup Cost": 325606.51,
    "Total Cost": 325606.52,
    "Plan Rows": 1,
    "Plan Width": 8,
    "Actual Startup Time": 1973.565,
    "Actual Total Time": 1996.19,
    "Actual Rows": 1,
    "Actual Loops": 1,
    "Plans": [
      {
        "Node Type": "Gather",
        "Parent Relationship": "Outer",
        "Parallel Aware": false,
        "Startup Cost": 325606.4,
        "Total Cost": 325606.51,
        "Plan Rows": 1,
        "Plan Width": 8,
        "Actual Startup Time": 1965.024,
        "Actual Total Time": 1996.18,
        "Actual Rows": 2,
        "Actual Loops": 1,
        "Workers Planned": 1,
        "Workers Launched": 1,
        "Single Copy": false,
        "Plans": [
          {
            "Node Type": "Aggregate",
            "Strategy": "Plain",
            "Partial Mode": "Partial",
            "Parent Relationship": "Outer",
            "Parallel Aware": false,
            "Startup Cost": 324606.4,
            "Total Cost": 324606.41,
            "Plan Rows": 1,
            "Plan Width": 8,
            "Actual Startup Time": 1963.12,
            "Actual Total Time": 1963.122,
            "Actual Rows": 1,
            "Actual Loops": 2,
            "Plans": [
              {
                "Node Type": "Merge Join",
                "Parent Relationship": "Outer",
                "Parallel Aware": false,
                "Join Type": "Inner",
                "Startup Cost": 6.82,
                "Total Cost": 323701.96,
                "Plan Rows": 361776,
                "Plan Width": 0,
                "Actual Startup Time": 3.921,
                "Actual Total Time": 1947.961,
                "Actual Rows": 337665,
                "Actual Loops": 2,
                "Inner Unique": false,
                "Merge Cond": "(t.id = mc.movie_id)",
                "Plans": [
                  {
                    "Node Type": "Merge Join",
                    "Parent Relationship": "Outer",
                    "Parallel Aware": false,
                    "Join Type": "Inner",
                    "Startup Cost": 2.97,
                    "Total Cost": 167805.21,
                    "Plan Rows": 493457,
                    "Plan Width": 8,
                    "Actual Startup Time": 1.371,
                    "Actual Total Time": 1029.215,
                    "Actual Rows": 212854,
                    "Actual Loops": 2,
                    "Inner Unique": false,
                    "Merge Cond": "(t.id = mi_idx.movie_id)",
                    "Plans": [
                      {
                        "Node Type": "Index Scan",
                        "Parent Relationship": "Outer",
                        "Parallel Aware": true,
                        "Scan Direction": "Forward",
                        "Index Name": "title_pkey",
                        "Relation Name": "title",
                        "Alias": "t",
                        "Startup Cost": 0.43,
                        "Total Cost": 103647.43,
                        "Plan Rows": 904038,
                        "Plan Width": 4,
                        "Actual Startup Time": 0.076,
                        "Actual Total Time": 628.514,
                        "Actual Rows": 771055,
                        "Actual Loops": 2,
                        "Filter": "(kind_id = 7)",
                        "Rows Removed by Filter": 491984
                      },
                      {
                        "Node Type": "Index Only Scan",
                        "Parent Relationship": "Inner",
                        "Parallel Aware": false,
                        "Scan Direction": "Forward",
                        "Index Name": "movie_id_movie_info_idx",
                        "Relation Name": "movie_info_idx",
                        "Alias": "mi_idx",
                        "Startup Cost": 0.43,
                        "Total Cost": 53620.22,
                        "Plan Rows": 1380035,
                        "Plan Width": 4,
                        "Actual Startup Time": 0.143,
                        "Actual Total Time": 283.241,
                        "Actual Rows": 1380024,
                        "Actual Loops": 2,
                        "Heap Fetches": 2760047
                      }
                    ]
                  },
                  {
                    "Node Type": "Index Scan",
                    "Parent Relationship": "Inner",
                    "Parallel Aware": false,
                    "Scan Direction": "Forward",
                    "Index Name": "movie_id_movie_companies",
                    "Relation Name": "movie_companies",
                    "Alias": "mc",
                    "Startup Cost": 0.43,
                    "Total Cost": 146582.27,
                    "Plan Rows": 1853606,
                    "Plan Width": 4,
                    "Actual Startup Time": 0.094,
                    "Actual Total Time": 790.053,
                    "Actual Rows": 2064059,
                    "Actual Loops": 2,
                    "Filter": "(company_id < 33984)",
                    "Rows Removed by Filter": 839007
                  }
                ]
              }
            ]
          }
        ]
      }
    ]
  },
  "Planning Time": 0.868,
  "Triggers": [],
  "Execution Time": 1996.275
}