{
  "Plan": {
    "Node Type": "Aggregate",
    "Strategy": "Plain",
    "Partial Mode": "Finalize",
    "Parallel Aware": false,
    "Startup Cost": 479213.84,
    "Total Cost": 479213.85,
    "Plan Rows": 1,
    "Plan Width": 8,
    "Actual Startup Time": 4632.391,
    "Actual Total Time": 4699.35,
    "Actual Rows": 1,
    "Actual Loops": 1,
    "Plans": [
      {
        "Node Type": "Gather",
        "Parent Relationship": "Outer",
        "Parallel Aware": false,
        "Startup Cost": 479213.72,
        "Total Cost": 479213.83,
        "Plan Rows": 1,
        "Plan Width": 8,
        "Actual Startup Time": 4631.008,
        "Actual Total Time": 4699.343,
        "Actual Rows": 2,
        "Actual Loops": 1,
        "Workers Planned": 1,
        "Workers Launched": 1,
        "Single Copy": false,
        "Plans": [
          {
            "Node Type": "Aggregate",
            "Strategy": "Plain",
            "Partial Mode": "Partial",
            "Parent Relationship": "Outer",
            "Parallel Aware": false,
            "Startup Cost": 478213.72,
            "Total Cost": 478213.73,
            "Plan Rows": 1,
            "Plan Width": 8,
            "Actual Startup Time": 4624.445,
            "Actual Total Time": 4624.449,
            "Actual Rows": 1,
            "Actual Loops": 2,
            "Plans": [
              {
                "Node Type": "Nested Loop",
                "Parent Relationship": "Outer",
                "Parallel Aware": false,
                "Join Type": "Inner",
                "Startup Cost": 79650.54,
                "Total Cost": 476176.75,
                "Plan Rows": 814789,
                "Plan Width": 0,
                "Actual Startup Time": 291.454,
                "Actual Total Time": 4157.811,
                "Actual Rows": 11864364,
                "Actual Loops": 2,
                "Inner Unique": false,
                "Plans": [
                  {
                    "Node Type": "Hash Join",
                    "Parent Relationship": "Outer",
                    "Parallel Aware": true,
                    "Join Type": "Inner",
                    "Startup Cost": 79650.11,
                    "Total Cost": 110478.09,
                    "Plan Rows": 139345,
                    "Plan Width": 8,
                    "Actual Startup Time": 291.355,
                    "Actual Total Time": 489.599,
                    "Actual Rows": 254224,
                    "Actual Loops": 2,
                    "Inner Unique": true,
                    "Hash Cond": "(mk.movie_id = t.id)",
                    "Plans": [
                      {
                        "Node Type": "Bitmap Heap Scan",
                        "Parent Relationship": "Outer",
                        "Parallel Aware": true,
                        "Relation Name": "movie_keyword",
                        "Alias": "mk",
                        "Startup Cost": 15196.64,
                        "Total Cost": 44918.39,
                        "Plan Rows": 421420,
                        "Plan Width": 4,
                        "Actual Startup Time": 38.624,
                        "Actual Total Time": 118.371,
                        "Actual Rows": 360744,
                        "Actual Loops": 2,
                        "Recheck Cond": "(keyword_id < 643)",
                        "Rows Removed by Index Recheck": 0,
                        "Exact Heap Blocks": 12785,
                        "Lossy Heap Blocks": 0,
                        "Plans": [
                          {
                            "Node Type": "Bitmap Index Scan",
                            "Parent Relationship": "Outer",
                            "Parallel Aware": false,
                            "Index Name": "keyword_id_movie_keyword",
                            "Startup Cost": 0.0,
                            "Total Cost": 15017.54,
                            "Plan Rows": 716414,
                            "Plan Width": 0,
                            "Actual Startup Time": 35.016,
                            "Actual Total Time": 35.017,
                            "Actual Rows": 721487,
                            "Actual Loops": 1,
                            "Index Cond": "(keyword_id < 643)"
                          }
                        ]
                      },
                      {
                        "Node Type": "Hash",
                        "Parent Relationship": "Inner",
                        "Parallel Aware": true,
                        "Startup Cost": 58306.47,
                        "Total Cost": 58306.47,
                        "Plan Rows": 491760,
                        "Plan Width": 4,
                        "Actual Startup Time": 243.274,
                        "Actual Total Time": 243.274,
                        "Actual Rows": 372043,
                        "Actual Loops": 2,
                        "Hash Buckets": 1048576,
                        "Original Hash Buckets": 1048576,
                        "Hash Batches": 1,
                        "Original Hash Batches": 1,
                        "Peak Memory Usage": 37344,
                        "Plans": [
                          {
                            "Node Type": "Seq Scan",
                            "Parent Relationship": "Outer",
                            "Parallel Aware": true,
                            "Relation Name": "title",
                            "Alias": "t",
                            "Startup Cost": 0.0,
                            "Total Cost": 58306.47,
                            "Plan Rows": 491760,
                            "Plan Width": 4,
                            "Actual Startup Time": 0.04,
                            "Actual Total Time": 154.083,
                            "Actual Rows": 372043,
                            "Actual Loops": 2,
                            "Filter": "((kind_id < 7) AND (production_year > 1967))",
                            "Rows Removed by Filter": 892113
                          }
                        ]
                      }
                    ]
                  },
                  {
                    "Node Type": "Index Only Scan",
                    "Parent Relationship": "Inner",
                    "Parallel Aware": false,
                    "Scan Direction": "Forward",
                    "Index Name": "movie_id_movie_info",
                    "Relation Name": "movie_info",
                    "Alias": "mi",
                    "Startup Cost": 0.43,
                    "Total Cost": 2.2,
                    "Plan Rows": 42,
                    "Plan Width": 4,
                    "Actual Startup Time": 0.003,
                    "Actual Total Time": 0.011,
                    "Actual Rows": 47,
                    "Actual Loops": 508448,
                    "Index Cond": "(movie_id = t.id)",
                    "Rows Removed by Index Recheck": 0,
                    "Heap Fetches": 23728727
                  }
                ]
              }
            ]
          }
        ]
      }
    ]
  },
  "Planning Time": 1.091,
  "Triggers": [],
  "Execution Time": 4699.477
}