[
  {
    "Plan": {
      "Node Type": "Aggregate",
      "Strategy": "Plain",
      "Partial Mode": "Finalize",
      "Parallel Aware": false,
      "Startup Cost": 45497.93,
      "Total Cost": 45497.94,
      "Plan Rows": 1,
      "Plan Width": 8,
      "Actual Startup Time": 129.924,
      "Actual Total Time": 139.77,
      "Actual Rows": 1,
      "Actual Loops": 1,
      "Plans": [
        {
          "Node Type": "Gather",
          "Parent Relationship": "Outer",
          "Parallel Aware": false,
          "Startup Cost": 45497.62,
          "Total Cost": 45497.93,
          "Plan Rows": 3,
          "Plan Width": 8,
          "Actual Startup Time": 129.804,
          "Actual Total Time": 139.759,
          "Actual Rows": 4,
          "Actual Loops": 1,
          "Workers Planned": 3,
          "Workers Launched": 3,
          "Single Copy": false,
          "Plans": [
            {
              "Node Type": "Aggregate",
              "Strategy": "Plain",
              "Partial Mode": "Partial",
              "Parent Relationship": "Outer",
              "Parallel Aware": false,
              "Startup Cost": 44497.62,
              "Total Cost": 44497.63,
              "Plan Rows": 1,
              "Plan Width": 8,
              "Actual Startup Time": 126.347,
              "Actual Total Time": 126.349,
              "Actual Rows": 1,
              "Actual Loops": 4,
              "Plans": [
                {
                  "Node Type": "Seq Scan",
                  "Parent Relationship": "Outer",
                  "Parallel Aware": true,
                  "Relation Name": "movie_keyword",
                  "Alias": "mk",
                  "Startup Cost": 0.0,
                  "Total Cost": 42695.65,
                  "Plan Rows": 720785,
                  "Plan Width": 0,
                  "Actual Startup Time": 0.339,
                  "Actual Total Time": 103.295,
                  "Actual Rows": 555272,
                  "Actual Loops": 4,
                  "Filter": "(keyword_id > 4931)",
                  "Rows Removed by Filter": 575711
                }
              ]
            }
          ]
        }
      ]
    },
    "Planning Time": 0.107,
    "Triggers": [],
    "Execution Time": 139.805
  }
]