[
  {
    "Plan": {
      "Node Type": "Aggregate",
      "Strategy": "Plain",
      "Partial Mode": "Finalize",
      "Parallel Aware": false,
      "Startup Cost": 23968.41,
      "Total Cost": 23968.42,
      "Plan Rows": 1,
      "Plan Width": 8,
      "Actual Startup Time": 27.55,
      "Actual Total Time": 31.391,
      "Actual Rows": 1,
      "Actual Loops": 1,
      "Plans": [
        {
          "Node Type": "Gather",
          "Parent Relationship": "Outer",
          "Parallel Aware": false,
          "Startup Cost": 23968.19,
          "Total Cost": 23968.4,
          "Plan Rows": 2,
          "Plan Width": 8,
          "Actual Startup Time": 27.433,
          "Actual Total Time": 31.383,
          "Actual Rows": 3,
          "Actual Loops": 1,
          "Workers Planned": 2,
          "Workers Launched": 2,
          "Single Copy": false,
          "Plans": [
            {
              "Node Type": "Aggregate",
              "Strategy": "Plain",
              "Partial Mode": "Partial",
              "Parent Relationship": "Outer",
              "Parallel Aware": false,
              "Startup Cost": 22968.19,
              "Total Cost": 22968.2,
              "Plan Rows": 1,
              "Plan Width": 8,
              "Actual Startup Time": 24.014,
              "Actual Total Time": 24.015,
              "Actual Rows": 1,
              "Actual Loops": 3,
              "Plans": [
                {
                  "Node Type": "Nested Loop",
                  "Parent Relationship": "Outer",
                  "Parallel Aware": false,
                  "Join Type": "Inner",
                  "Startup Cost": 123.09,
                  "Total Cost": 22966.29,
                  "Plan Rows": 763,
                  "Plan Width": 0,
                  "Actual Startup Time": 8.783,
                  "Actual Total Time": 23.986,
                  "Actual Rows": 127,
                  "Actual Loops": 3,
                  "Inner Unique": false,
                  "Plans": [
                    {
                      "Node Type": "Nested Loop",
                      "Parent Relationship": "Outer",
                      "Parallel Aware": false,
                      "Join Type": "Inner",
                      "Startup Cost": 122.65,
                      "Total Cost": 21105.24,
                      "Plan Rows": 1167,
                      "Plan Width": 8,
                      "Actual Startup Time": 8.177,
                      "Actual Total Time": 17.961,
                      "Actual Rows": 722,
                      "Actual Loops": 3,
                      "Inner Unique": true,
                      "Plans": [
                        {
                          "Node Type": "Bitmap Heap Scan",
                          "Parent Relationship": "Outer",
                          "Parallel Aware": true,
                          "Relation Name": "movie_companies",
                          "Alias": "mc",
                          "Startup Cost": 122.22,
                          "Total Cost": 12047.24,
                          "Plan Rows": 1167,
                          "Plan Width": 4,
                          "Actual Startup Time": 7.989,
                          "Actual Total Time": 10.497,
                          "Actual Rows": 722,
                          "Actual Loops": 3,
                          "Recheck Cond": "(company_id = 11149)",
                          "Rows Removed by Index Recheck": 0,
                          "Filter": "(company_type_id > 1)",
                          "Rows Removed by Filter": 888,
                          "Exact Heap Blocks": 1636,
                          "Lossy Heap Blocks": 0,
                          "Plans": [
                            {
                              "Node Type": "Bitmap Index Scan",
                              "Parent Relationship": "Outer",
                              "Parallel Aware": false,
                              "Index Name": "company_id_movie_companies",
                              "Startup Cost": 0.0,
                              "Total Cost": 121.52,
                              "Plan Rows": 5479,
                              "Plan Width": 0,
                              "Actual Startup Time": 4.06,
                              "Actual Total Time": 4.061,
                              "Actual Rows": 4831,
                              "Actual Loops": 1,
                              "Index Cond": "(company_id = 11149)"
                            }
                          ]
                        },
                        {
                          "Node Type": "Index Only Scan",
                          "Parent Relationship": "Inner",
                          "Parallel Aware": false,
                          "Scan Direction": "Forward",
                          "Index Name": "title_pkey",
                          "Relation Name": "title",
                          "Alias": "t",
                          "Startup Cost": 0.43,
                          "Total Cost": 7.76,
                          "Plan Rows": 1,
                          "Plan Width": 4,
                          "Actual Startup Time": 0.01,
                          "Actual Total Time": 0.01,
                          "Actual Rows": 1,
                          "Actual Loops": 2166,
                          "Index Cond": "(id = mc.movie_id)",
                          "Rows Removed by Index Recheck": 0,
                          "Heap Fetches": 2166
                        }
                      ]
                    },
                    {
                      "Node Type": "Index Scan",
                      "Parent Relationship": "Inner",
                      "Parallel Aware": false,
                      "Scan Direction": "Forward",
                      "Index Name": "movie_id_movie_keyword",
                      "Relation Name": "movie_keyword",
                      "Alias": "mk",
                      "Startup Cost": 0.43,
                      "Total Cost": 1.42,
                      "Plan Rows": 17,
                      "Plan Width": 4,
                      "Actual Startup Time": 0.008,
                      "Actual Total Time": 0.008,
                      "Actual Rows": 0,
                      "Actual Loops": 2166,
                      "Index Cond": "(movie_id = t.id)",
                      "Rows Removed by Index Recheck": 0,
                      "Filter": "(keyword_id < 2523)",
                      "Rows Removed by Filter": 0
                    }
                  ]
                }
              ]
            }
          ]
        }
      ]
    },
    "Planning Time": 1.518,
    "Triggers": [],
    "Execution Time": 31.507
  }
]