[
  {
    "Plan": {
      "Node Type": "Aggregate",
      "Strategy": "Plain",
      "Partial Mode": "Finalize",
      "Parallel Aware": false,
      "Startup Cost": 21580.64,
      "Total Cost": 21580.65,
      "Plan Rows": 1,
      "Plan Width": 8,
      "Actual Startup Time": 33.353,
      "Actual Total Time": 38.342,
      "Actual Rows": 1,
      "Actual Loops": 1,
      "Plans": [
        {
          "Node Type": "Gather",
          "Parent Relationship": "Outer",
          "Parallel Aware": false,
          "Startup Cost": 21580.43,
          "Total Cost": 21580.64,
          "Plan Rows": 2,
          "Plan Width": 8,
          "Actual Startup Time": 33.181,
          "Actual Total Time": 38.335,
          "Actual Rows": 3,
          "Actual Loops": 1,
          "Workers Planned": 2,
          "Workers Launched": 2,
          "Single Copy": false,
          "Plans": [
            {
              "Node Type": "Aggregate",
              "Strategy": "Plain",
              "Partial Mode": "Partial",
              "Parent Relationship": "Outer",
              "Parallel Aware": false,
              "Startup Cost": 20580.43,
              "Total Cost": 20580.44,
              "Plan Rows": 1,
              "Plan Width": 8,
              "Actual Startup Time": 24.657,
              "Actual Total Time": 24.659,
              "Actual Rows": 1,
              "Actual Loops": 3,
              "Plans": [
                {
                  "Node Type": "Nested Loop",
                  "Parent Relationship": "Outer",
                  "Parallel Aware": false,
                  "Join Type": "Inner",
                  "Startup Cost": 105.77,
                  "Total Cost": 20578.79,
                  "Plan Rows": 657,
                  "Plan Width": 0,
                  "Actual Startup Time": 4.067,
                  "Actual Total Time": 24.622,
                  "Actual Rows": 127,
                  "Actual Loops": 3,
                  "Inner Unique": false,
                  "Plans": [
                    {
                      "Node Type": "Nested Loop",
                      "Parent Relationship": "Outer",
                      "Parallel Aware": false,
                      "Join Type": "Inner",
                      "Startup Cost": 105.34,
                      "Total Cost": 18995.28,
                      "Plan Rows": 1012,
                      "Plan Width": 8,
                      "Actual Startup Time": 3.569,
                      "Actual Total Time": 16.234,
                      "Actual Rows": 722,
                      "Actual Loops": 3,
                      "Inner Unique": true,
                      "Plans": [
                        {
                          "Node Type": "Bitmap Heap Scan",
                          "Parent Relationship": "Outer",
                          "Parallel Aware": true,
                          "Relation Name": "movie_companies",
                          "Alias": "mc",
                          "Startup Cost": 104.91,
                          "Total Cost": 11058.03,
                          "Plan Rows": 1012,
                          "Plan Width": 4,
                          "Actual Startup Time": 3.394,
                          "Actual Total Time": 6.576,
                          "Actual Rows": 722,
                          "Actual Loops": 3,
                          "Recheck Cond": "(company_id = 11149)",
                          "Rows Removed by Index Recheck": 0,
                          "Filter": "(company_type_id > 1)",
                          "Rows Removed by Filter": 888,
                          "Exact Heap Blocks": 2358,
                          "Lossy Heap Blocks": 0,
                          "Plans": [
                            {
                              "Node Type": "Bitmap Index Scan",
                              "Parent Relationship": "Outer",
                              "Parallel Aware": false,
                              "Index Name": "company_id_movie_companies",
                              "Startup Cost": 0.0,
                              "Total Cost": 104.3,
                              "Plan Rows": 4783,
                              "Plan Width": 0,
                              "Actual Startup Time": 3.804,
                              "Actual Total Time": 3.805,
                              "Actual Rows": 4831,
                              "Actual Loops": 1,
                              "Index Cond": "(company_id = 11149)"
                            }
                          ]
                        },
                        {
                          "Node Type": "Index Only Scan",
                          "Parent Relationship": "Inner",
                          "Parallel Aware": false,
                          "Scan Direction": "Forward",
                          "Index Name": "title_pkey",
                          "Relation Name": "title",
                          "Alias": "t",
                          "Startup Cost": 0.43,
                          "Total Cost": 7.84,
                          "Plan Rows": 1,
                          "Plan Width": 4,
                          "Actual Startup Time": 0.013,
                          "Actual Total Time": 0.013,
                          "Actual Rows": 1,
                          "Actual Loops": 2166,
                          "Index Cond": "(id = mc.movie_id)",
                          "Rows Removed by Index Recheck": 0,
                          "Heap Fetches": 2166
                        }
                      ]
                    },
                    {
                      "Node Type": "Index Scan",
                      "Parent Relationship": "Inner",
                      "Parallel Aware": false,
                      "Scan Direction": "Forward",
                      "Index Name": "movie_id_movie_keyword",
                      "Relation Name": "movie_keyword",
                      "Alias": "mk",
                      "Startup Cost": 0.43,
                      "Total Cost": 1.4,
                      "Plan Rows": 16,
                      "Plan Width": 4,
                      "Actual Startup Time": 0.011,
                      "Actual Total Time": 0.011,
                      "Actual Rows": 0,
                      "Actual Loops": 2166,
                      "Index Cond": "(movie_id = t.id)",
                      "Rows Removed by Index Recheck": 0,
                      "Filter": "(keyword_id < 2523)",
                      "Rows Removed by Filter": 0
                    }
                  ]
                }
              ]
            }
          ]
        }
      ]
    },
    "Planning Time": 1.424,
    "Triggers": [],
    "Execution Time": 38.435
  }
]