[
  {
    "Plan": {
      "Node Type": "Aggregate",
      "Strategy": "Plain",
      "Partial Mode": "Finalize",
      "Parallel Aware": false,
      "Startup Cost": 338520.62,
      "Total Cost": 338520.63,
      "Plan Rows": 1,
      "Plan Width": 8,
      "Actual Startup Time": 745.033,
      "Actual Total Time": 801.607,
      "Actual Rows": 1,
      "Actual Loops": 1,
      "Plans": [
        {
          "Node Type": "Gather",
          "Parent Relationship": "Outer",
          "Parallel Aware": false,
          "Startup Cost": 338519.99,
          "Total Cost": 338520.6,
          "Plan Rows": 6,
          "Plan Width": 8,
          "Actual Startup Time": 744.893,
          "Actual Total Time": 801.596,
          "Actual Rows": 7,
          "Actual Loops": 1,
          "Workers Planned": 6,
          "Workers Launched": 6,
          "Single Copy": false,
          "Plans": [
            {
              "Node Type": "Aggregate",
              "Strategy": "Plain",
              "Partial Mode": "Partial",
              "Parent Relationship": "Outer",
              "Parallel Aware": false,
              "Startup Cost": 337519.99,
              "Total Cost": 337520.0,
              "Plan Rows": 1,
              "Plan Width": 8,
              "Actual Startup Time": 735.864,
              "Actual Total Time": 735.865,
              "Actual Rows": 1,
              "Actual Loops": 7,
              "Plans": [
                {
                  "Node Type": "Seq Scan",
                  "Parent Relationship": "Outer",
                  "Parallel Aware": true,
                  "Relation Name": "cast_info",
                  "Alias": "ci",
                  "Startup Cost": 0.0,
                  "Total Cost": 328162.03,
                  "Plan Rows": 3743186,
                  "Plan Width": 0,
                  "Actual Startup Time": 0.048,
                  "Actual Total Time": 600.05,
                  "Actual Rows": 3214954,
                  "Actual Loops": 7,
                  "Filter": "(person_id < 2295426)",
                  "Rows Removed by Filter": 1962810
                }
              ]
            }
          ]
        }
      ]
    },
    "Planning Time": 0.194,
    "Triggers": [],
    "Execution Time": 801.678
  }
]