[
  {
    "Plan": {
      "Node Type": "Aggregate",
      "Strategy": "Plain",
      "Partial Mode": "Finalize",
      "Parallel Aware": false,
      "Startup Cost": 45076.96,
      "Total Cost": 45076.97,
      "Plan Rows": 1,
      "Plan Width": 8,
      "Actual Startup Time": 135.995,
      "Actual Total Time": 145.508,
      "Actual Rows": 1,
      "Actual Loops": 1,
      "Plans": [
        {
          "Node Type": "Gather",
          "Parent Relationship": "Outer",
          "Parallel Aware": false,
          "Startup Cost": 45076.65,
          "Total Cost": 45076.96,
          "Plan Rows": 3,
          "Plan Width": 8,
          "Actual Startup Time": 135.864,
          "Actual Total Time": 145.499,
          "Actual Rows": 4,
          "Actual Loops": 1,
          "Workers Planned": 3,
          "Workers Launched": 3,
          "Single Copy": false,
          "Plans": [
            {
              "Node Type": "Aggregate",
              "Strategy": "Plain",
              "Partial Mode": "Partial",
              "Parent Relationship": "Outer",
              "Parallel Aware": false,
              "Startup Cost": 44076.65,
              "Total Cost": 44076.66,
              "Plan Rows": 1,
              "Plan Width": 8,
              "Actual Startup Time": 129.695,
              "Actual Total Time": 129.696,
              "Actual Rows": 1,
              "Actual Loops": 4,
              "Plans": [
                {
                  "Node Type": "Seq Scan",
                  "Parent Relationship": "Outer",
                  "Parallel Aware": true,
                  "Relation Name": "movie_keyword",
                  "Alias": "mk",
                  "Startup Cost": 0.0,
                  "Total Cost": 42695.65,
                  "Plan Rows": 552397,
                  "Plan Width": 0,
                  "Actual Startup Time": 1.224,
                  "Actual Total Time": 109.481,
                  "Actual Rows": 428828,
                  "Actual Loops": 4,
                  "Filter": "(keyword_id > 8291)",
                  "Rows Removed by Filter": 702155
                }
              ]
            }
          ]
        }
      ]
    },
    "Planning Time": 0.178,
    "Triggers": [],
    "Execution Time": 145.564
  }
]