[
    {
        "Bao": {
            "Bao prediction": "NaN",
            "Bao recommended hint": "(no hint)"
        }
    },
    {
        "Plan": {
            "Node Type": "Aggregate",
            "Strategy": "Plain",
            "Partial Mode": "Finalize",
            "Parallel Aware": false,
            "Startup Cost": 640334.3,
            "Total Cost": 640334.31,
            "Plan Rows": 1,
            "Plan Width": 8,
            "Actual Startup Time": 6443.483,
            "Actual Total Time": 6525.557,
            "Actual Rows": 1,
            "Actual Loops": 1,
            "Output": [
                "count(*)"
            ],
            "Plans": [
                {
                    "Node Type": "Gather",
                    "Parent Relationship": "Outer",
                    "Parallel Aware": false,
                    "Startup Cost": 640333.77,
                    "Total Cost": 640334.28,
                    "Plan Rows": 5,
                    "Plan Width": 8,
                    "Actual Startup Time": 6377.737,
                    "Actual Total Time": 6525.541,
                    "Actual Rows": 6,
                    "Actual Loops": 1,
                    "Output": [
                        "(PARTIAL count(*))"
                    ],
                    "Workers Planned": 5,
                    "Workers Launched": 5,
                    "Single Copy": false,
                    "Plans": [
                        {
                            "Node Type": "Aggregate",
                            "Strategy": "Plain",
                            "Partial Mode": "Partial",
                            "Parent Relationship": "Outer",
                            "Parallel Aware": false,
                            "Startup Cost": 639333.77,
                            "Total Cost": 639333.78,
                            "Plan Rows": 1,
                            "Plan Width": 8,
                            "Actual Startup Time": 6352.682,
                            "Actual Total Time": 6354.281,
                            "Actual Rows": 1,
                            "Actual Loops": 6,
                            "Output": [
                                "PARTIAL count(*)"
                            ],
                            "Workers": [
                                {
                                    "Worker Number": 0,
                                    "Actual Startup Time": 6346.575,
                                    "Actual Total Time": 6346.58,
                                    "Actual Rows": 1,
                                    "Actual Loops": 1
                                },
                                {
                                    "Worker Number": 1,
                                    "Actual Startup Time": 6351.675,
                                    "Actual Total Time": 6351.68,
                                    "Actual Rows": 1,
                                    "Actual Loops": 1
                                },
                                {
                                    "Worker Number": 2,
                                    "Actual Startup Time": 6346.768,
                                    "Actual Total Time": 6346.773,
                                    "Actual Rows": 1,
                                    "Actual Loops": 1
                                },
                                {
                                    "Worker Number": 3,
                                    "Actual Startup Time": 6346.832,
                                    "Actual Total Time": 6346.837,
                                    "Actual Rows": 1,
                                    "Actual Loops": 1
                                },
                                {
                                    "Worker Number": 4,
                                    "Actual Startup Time": 6346.959,
                                    "Actual Total Time": 6346.964,
                                    "Actual Rows": 1,
                                    "Actual Loops": 1
                                }
                            ],
                            "Plans": [
                                {
                                    "Node Type": "Hash Join",
                                    "Parent Relationship": "Outer",
                                    "Parallel Aware": true,
                                    "Join Type": "Inner",
                                    "Startup Cost": 398346.8,
                                    "Total Cost": 616283.3,
                                    "Plan Rows": 9220191,
                                    "Plan Width": 0,
                                    "Actual Startup Time": 2235.292,
                                    "Actual Total Time": 5577.436,
                                    "Actual Rows": 19145176,
                                    "Actual Loops": 6,
                                    "Inner Unique": false,
                                    "Hash Cond": "(mi.movie_id = t.id)",
                                    "Workers": [
                                        {
                                            "Worker Number": 0,
                                            "Actual Startup Time": 2229.982,
                                            "Actual Total Time": 5537.145,
                                            "Actual Rows": 18209954,
                                            "Actual Loops": 1
                                        },
                                        {
                                            "Worker Number": 1,
                                            "Actual Startup Time": 2229.981,
                                            "Actual Total Time": 5582.218,
                                            "Actual Rows": 19958552,
                                            "Actual Loops": 1
                                        },
                                        {
                                            "Worker Number": 2,
                                            "Actual Startup Time": 2230.331,
                                            "Actual Total Time": 5607.381,
                                            "Actual Rows": 19031498,
                                            "Actual Loops": 1
                                        },
                                        {
                                            "Worker Number": 3,
                                            "Actual Startup Time": 2230.301,
                                            "Actual Total Time": 5576.583,
                                            "Actual Rows": 19952620,
                                            "Actual Loops": 1
                                        },
                                        {
                                            "Worker Number": 4,
                                            "Actual Startup Time": 2230.496,
                                            "Actual Total Time": 5574.448,
                                            "Actual Rows": 17580628,
                                            "Actual Loops": 1
                                        }
                                    ],
                                    "Plans": [
                                        {
                                            "Node Type": "Seq Scan",
                                            "Parent Relationship": "Outer",
                                            "Parallel Aware": true,
                                            "Relation Name": "movie_info",
                                            "Schema": "public",
                                            "Alias": "mi",
                                            "Startup Cost": 0.0,
                                            "Total Cost": 191503.19,
                                            "Plan Rows": 2951019,
                                            "Plan Width": 4,
                                            "Actual Startup Time": 0.029,
                                            "Actual Total Time": 270.087,
                                            "Actual Rows": 2472620,
                                            "Actual Loops": 6,
                                            "Output": [
                                                "mi.id",
                                                "mi.movie_id",
                                                "mi.info_type_id",
                                                "mi.info",
                                                "mi.note"
                                            ],
                                            "Workers": [
                                                {
                                                    "Worker Number": 0,
                                                    "Actual Startup Time": 0.037,
                                                    "Actual Total Time": 292.881,
                                                    "Actual Rows": 2279261,
                                                    "Actual Loops": 1
                                                },
                                                {
                                                    "Worker Number": 1,
                                                    "Actual Startup Time": 0.028,
                                                    "Actual Total Time": 281.148,
                                                    "Actual Rows": 2636156,
                                                    "Actual Loops": 1
                                                },
                                                {
                                                    "Worker Number": 2,
                                                    "Actual Startup Time": 0.029,
                                                    "Actual Total Time": 272.74,
                                                    "Actual Rows": 2461385,
                                                    "Actual Loops": 1
                                                },
                                                {
                                                    "Worker Number": 3,
                                                    "Actual Startup Time": 0.036,
                                                    "Actual Total Time": 280.267,
                                                    "Actual Rows": 2615695,
                                                    "Actual Loops": 1
                                                },
                                                {
                                                    "Worker Number": 4,
                                                    "Actual Startup Time": 0.034,
                                                    "Actual Total Time": 281.271,
                                                    "Actual Rows": 2189849,
                                                    "Actual Loops": 1
                                                }
                                            ]
                                        },
                                        {
                                            "Node Type": "Hash",
                                            "Parent Relationship": "Inner",
                                            "Parallel Aware": true,
                                            "Startup Cost": 381889.47,
                                            "Total Cost": 381889.47,
                                            "Plan Rows": 1316586,
                                            "Plan Width": 8,
                                            "Actual Startup Time": 2224.596,
                                            "Actual Total Time": 2226.193,
                                            "Actual Rows": 1313538,
                                            "Actual Loops": 6,
                                            "Output": [
                                                "t.id",
                                                "ci.movie_id"
                                            ],
                                            "Hash Buckets": 8388608,
                                            "Original Hash Buckets": 8388608,
                                            "Hash Batches": 1,
                                            "Original Hash Batches": 1,
                                            "Peak Memory Usage": 373920,
                                            "Workers": [
                                                {
                                                    "Worker Number": 0,
                                                    "Actual Startup Time": 2229.051,
                                                    "Actual Total Time": 2229.055,
                                                    "Actual Rows": 1154128,
                                                    "Actual Loops": 1
                                                },
                                                {
                                                    "Worker Number": 1,
                                                    "Actual Startup Time": 2229.086,
                                                    "Actual Total Time": 2229.089,
                                                    "Actual Rows": 1179282,
                                                    "Actual Loops": 1
                                                },
                                                {
                                                    "Worker Number": 2,
                                                    "Actual Startup Time": 2229.357,
                                                    "Actual Total Time": 2229.36,
                                                    "Actual Rows": 1373481,
                                                    "Actual Loops": 1
                                                },
                                                {
                                                    "Worker Number": 3,
                                                    "Actual Startup Time": 2229.269,
                                                    "Actual Total Time": 2229.273,
                                                    "Actual Rows": 1517007,
                                                    "Actual Loops": 1
                                                },
                                                {
                                                    "Worker Number": 4,
                                                    "Actual Startup Time": 2229.462,
                                                    "Actual Total Time": 2229.466,
                                                    "Actual Rows": 1087897,
                                                    "Actual Loops": 1
                                                }
                                            ],
                                            "Plans": [
                                                {
                                                    "Node Type": "Hash Join",
                                                    "Parent Relationship": "Outer",
                                                    "Parallel Aware": true,
                                                    "Join Type": "Inner",
                                                    "Startup Cost": 50219.81,
                                                    "Total Cost": 381889.47,
                                                    "Plan Rows": 1316586,
                                                    "Plan Width": 8,
                                                    "Actual Startup Time": 625.104,
                                                    "Actual Total Time": 1625.361,
                                                    "Actual Rows": 1313538,
                                                    "Actual Loops": 6,
                                                    "Output": [
                                                        "t.id",
                                                        "ci.movie_id"
                                                    ],
                                                    "Inner Unique": true,
                                                    "Hash Cond": "(ci.movie_id = t.id)",
                                                    "Workers": [
                                                        {
                                                            "Worker Number": 0,
                                                            "Actual Startup Time": 625.073,
                                                            "Actual Total Time": 1628.707,
                                                            "Actual Rows": 1154128,
                                                            "Actual Loops": 1
                                                        },
                                                        {
                                                            "Worker Number": 1,
                                                            "Actual Startup Time": 625.173,
                                                            "Actual Total Time": 1628.696,
                                                            "Actual Rows": 1179282,
                                                            "Actual Loops": 1
                                                        },
                                                        {
                                                            "Worker Number": 2,
                                                            "Actual Startup Time": 625.029,
                                                            "Actual Total Time": 1627.351,
                                                            "Actual Rows": 1373481,
                                                            "Actual Loops": 1
                                                        },
                                                        {
                                                            "Worker Number": 3,
                                                            "Actual Startup Time": 625.027,
                                                            "Actual Total Time": 1623.64,
                                                            "Actual Rows": 1517007,
                                                            "Actual Loops": 1
                                                        },
                                                        {
                                                            "Worker Number": 4,
                                                            "Actual Startup Time": 625.038,
                                                            "Actual Total Time": 1623.318,
                                                            "Actual Rows": 1087897,
                                                            "Actual Loops": 1
                                                        }
                                                    ],
                                                    "Plans": [
                                                        {
                                                            "Node Type": "Seq Scan",
                                                            "Parent Relationship": "Outer",
                                                            "Parallel Aware": true,
                                                            "Relation Name": "cast_info",
                                                            "Schema": "public",
                                                            "Alias": "ci",
                                                            "Startup Cost": 0.0,
                                                            "Total Cost": 328213.62,
                                                            "Plan Rows": 1316586,
                                                            "Plan Width": 4,
                                                            "Actual Startup Time": 345.161,
                                                            "Actual Total Time": 637.103,
                                                            "Actual Rows": 1313538,
                                                            "Actual Loops": 6,
                                                            "Output": [
                                                                "ci.id",
                                                                "ci.person_id",
                                                                "ci.movie_id",
                                                                "ci.person_role_id",
                                                                "ci.note",
                                                                "ci.nr_order",
                                                                "ci.role_id"
                                                            ],
                                                            "Filter": "(ci.person_id > 2890152)",
                                                            "Rows Removed by Filter": 4727186,
                                                            "Workers": [
                                                                {
                                                                    "Worker Number": 0,
                                                                    "Actual Startup Time": 345.252,
                                                                    "Actual Total Time": 665.311,
                                                                    "Actual Rows": 1154128,
                                                                    "Actual Loops": 1
                                                                },
                                                                {
                                                                    "Worker Number": 1,
                                                                    "Actual Startup Time": 345.15,
                                                                    "Actual Total Time": 662.24,
                                                                    "Actual Rows": 1179282,
                                                                    "Actual Loops": 1
                                                                },
                                                                {
                                                                    "Worker Number": 2,
                                                                    "Actual Startup Time": 345.125,
                                                                    "Actual Total Time": 622.611,
                                                                    "Actual Rows": 1373481,
                                                                    "Actual Loops": 1
                                                                },
                                                                {
                                                                    "Worker Number": 3,
                                                                    "Actual Startup Time": 345.142,
                                                                    "Actual Total Time": 628.257,
                                                                    "Actual Rows": 1517007,
                                                                    "Actual Loops": 1
                                                                },
                                                                {
                                                                    "Worker Number": 4,
                                                                    "Actual Startup Time": 345.156,
                                                                    "Actual Total Time": 649.599,
                                                                    "Actual Rows": 1087897,
                                                                    "Actual Loops": 1
                                                                }
                                                            ]
                                                        },
                                                        {
                                                            "Node Type": "Hash",
                                                            "Parent Relationship": "Inner",
                                                            "Parallel Aware": true,
                                                            "Startup Cost": 42318.81,
                                                            "Total Cost": 42318.81,
                                                            "Plan Rows": 632080,
                                                            "Plan Width": 4,
                                                            "Actual Startup Time": 275.899,
                                                            "Actual Total Time": 275.9,
                                                            "Actual Rows": 421385,
                                                            "Actual Loops": 6,
                                                            "Output": [
                                                                "t.id"
                                                            ],
                                                            "Hash Buckets": 4194304,
                                                            "Original Hash Buckets": 4194304,
                                                            "Hash Batches": 1,
                                                            "Original Hash Batches": 1,
                                                            "Peak Memory Usage": 131744,
                                                            "Workers": [
                                                                {
                                                                    "Worker Number": 0,
                                                                    "Actual Startup Time": 279.744,
                                                                    "Actual Total Time": 279.746,
                                                                    "Actual Rows": 347593,
                                                                    "Actual Loops": 1
                                                                },
                                                                {
                                                                    "Worker Number": 1,
                                                                    "Actual Startup Time": 279.719,
                                                                    "Actual Total Time": 279.72,
                                                                    "Actual Rows": 346797,
                                                                    "Actual Loops": 1
                                                                },
                                                                {
                                                                    "Worker Number": 2,
                                                                    "Actual Startup Time": 279.61,
                                                                    "Actual Total Time": 279.611,
                                                                    "Actual Rows": 417527,
                                                                    "Actual Loops": 1
                                                                },
                                                                {
                                                                    "Worker Number": 3,
                                                                    "Actual Startup Time": 279.578,
                                                                    "Actual Total Time": 279.58,
                                                                    "Actual Rows": 477486,
                                                                    "Actual Loops": 1
                                                                },
                                                                {
                                                                    "Worker Number": 4,
                                                                    "Actual Startup Time": 279.576,
                                                                    "Actual Total Time": 279.578,
                                                                    "Actual Rows": 323459,
                                                                    "Actual Loops": 1
                                                                }
                                                            ],
                                                            "Plans": [
                                                                {
                                                                    "Node Type": "Seq Scan",
                                                                    "Parent Relationship": "Outer",
                                                                    "Parallel Aware": true,
                                                                    "Relation Name": "title",
                                                                    "Schema": "public",
                                                                    "Alias": "t",
                                                                    "Startup Cost": 0.0,
                                                                    "Total Cost": 42318.81,
                                                                    "Plan Rows": 632080,
                                                                    "Plan Width": 4,
                                                                    "Actual Startup Time": 0.058,
                                                                    "Actual Total Time": 80.422,
                                                                    "Actual Rows": 421385,
                                                                    "Actual Loops": 6,
                                                                    "Output": [
                                                                        "t.id"
                                                                    ],
                                                                    "Workers": [
                                                                        {
                                                                            "Worker Number": 0,
                                                                            "Actual Startup Time": 0.069,
                                                                            "Actual Total Time": 87.055,
                                                                            "Actual Rows": 347593,
                                                                            "Actual Loops": 1
                                                                        },
                                                                        {
                                                                            "Worker Number": 1,
                                                                            "Actual Startup Time": 0.069,
                                                                            "Actual Total Time": 86.53,
                                                                            "Actual Rows": 346797,
                                                                            "Actual Loops": 1
                                                                        },
                                                                        {
                                                                            "Worker Number": 2,
                                                                            "Actual Startup Time": 0.061,
                                                                            "Actual Total Time": 79.115,
                                                                            "Actual Rows": 417527,
                                                                            "Actual Loops": 1
                                                                        },
                                                                        {
                                                                            "Worker Number": 3,
                                                                            "Actual Startup Time": 0.062,
                                                                            "Actual Total Time": 79.531,
                                                                            "Actual Rows": 477486,
                                                                            "Actual Loops": 1
                                                                        },
                                                                        {
                                                                            "Worker Number": 4,
                                                                            "Actual Startup Time": 0.07,
                                                                            "Actual Total Time": 84.444,
                                                                            "Actual Rows": 323459,
                                                                            "Actual Loops": 1
                                                                        }
                                                                    ]
                                                                }
                                                            ]
                                                        }
                                                    ]
                                                }
                                            ]
                                        }
                                    ]
                                }
                            ]
                        }
                    ]
                }
            ]
        },
        "Planning Time": 205.761,
        "Triggers": [],
        "Execution Time": 6525.66
    }
]