{
  "Plan": {
    "Node Type": "Aggregate",
    "Strategy": "Plain",
    "Partial Mode": "Finalize",
    "Parallel Aware": false,
    "Startup Cost": 439627.05,
    "Total Cost": 439627.06,
    "Plan Rows": 1,
    "Plan Width": 8,
    "Actual Startup Time": 2715.686,
    "Actual Total Time": 2747.938,
    "Actual Rows": 1,
    "Actual Loops": 1,
    "Plans": [
      {
        "Node Type": "Gather",
        "Parent Relationship": "Outer",
        "Parallel Aware": false,
        "Startup Cost": 439626.93,
        "Total Cost": 439627.04,
        "Plan Rows": 1,
        "Plan Width": 8,
        "Actual Startup Time": 2707.13,
        "Actual Total Time": 2747.929,
        "Actual Rows": 2,
        "Actual Loops": 1,
        "Workers Planned": 1,
        "Workers Launched": 1,
        "Single Copy": false,
        "Plans": [
          {
            "Node Type": "Aggregate",
            "Strategy": "Plain",
            "Partial Mode": "Partial",
            "Parent Relationship": "Outer",
            "Parallel Aware": false,
            "Startup Cost": 438626.93,
            "Total Cost": 438626.94,
            "Plan Rows": 1,
            "Plan Width": 8,
            "Actual Startup Time": 2701.193,
            "Actual Total Time": 2701.5,
            "Actual Rows": 1,
            "Actual Loops": 2,
            "Plans": [
              {
                "Node Type": "Hash Join",
                "Parent Relationship": "Outer",
                "Parallel Aware": true,
                "Join Type": "Inner",
                "Startup Cost": 373959.14,
                "Total Cost": 437546.33,
                "Plan Rows": 432240,
                "Plan Width": 0,
                "Actual Startup Time": 1270.421,
                "Actual Total Time": 2314.422,
                "Actual Rows": 9745032,
                "Actual Loops": 2,
                "Inner Unique": false,
                "Hash Cond": "(mk.movie_id = t.id)",
                "Plans": [
                  {
                    "Node Type": "Seq Scan",
                    "Parent Relationship": "Outer",
                    "Parallel Aware": true,
                    "Relation Name": "movie_keyword",
                    "Alias": "mk",
                    "Startup Cost": 0.0,
                    "Total Cost": 51065.35,
                    "Plan Rows": 2661135,
                    "Plan Width": 4,
                    "Actual Startup Time": 0.012,
                    "Actual Total Time": 153.204,
                    "Actual Rows": 2261965,
                    "Actual Loops": 2
                  },
                  {
                    "Node Type": "Hash",
                    "Parent Relationship": "Inner",
                    "Parallel Aware": true,
                    "Startup Cost": 370939.57,
                    "Total Cost": 370939.57,
                    "Plan Rows": 241566,
                    "Plan Width": 8,
                    "Actual Startup Time": 1264.941,
                    "Actual Total Time": 1265.246,
                    "Actual Rows": 764081,
                    "Actual Loops": 2,
                    "Hash Buckets": 2097152,
                    "Original Hash Buckets": 524288,
                    "Hash Batches": 1,
                    "Original Hash Batches": 1,
                    "Peak Memory Usage": 88480,
                    "Plans": [
                      {
                        "Node Type": "Hash Join",
                        "Parent Relationship": "Outer",
                        "Parallel Aware": true,
                        "Join Type": "Inner",
                        "Startup Cost": 103790.07,
                        "Total Cost": 370939.57,
                        "Plan Rows": 241566,
                        "Plan Width": 8,
                        "Actual Startup Time": 587.236,
                        "Actual Total Time": 1058.263,
                        "Actual Rows": 764081,
                        "Actual Loops": 2,
                        "Inner Unique": true,
                        "Hash Cond": "(ci.movie_id = t.id)",
                        "Plans": [
                          {
                            "Node Type": "Bitmap Heap Scan",
                            "Parent Relationship": "Outer",
                            "Parallel Aware": true,
                            "Relation Name": "cast_info",
                            "Alias": "ci",
                            "Startup Cost": 34329.37,
                            "Total Cost": 300844.76,
                            "Plan Rows": 241566,
                            "Plan Width": 4,
                            "Actual Startup Time": 50.24,
                            "Actual Total Time": 178.006,
                            "Actual Rows": 764081,
                            "Actual Loops": 2,
                            "Recheck Cond": "(person_id > 3760137)",
                            "Rows Removed by Index Recheck": 0,
                            "Filter": "(role_id > 4)",
                            "Rows Removed by Filter": 0,
                            "Exact Heap Blocks": 11281,
                            "Lossy Heap Blocks": 0,
                            "Plans": [
                              {
                                "Node Type": "Bitmap Index Scan",
                                "Parent Relationship": "Outer",
                                "Parallel Aware": false,
                                "Index Name": "person_id_cast_info",
                                "Startup Cost": 0.0,
                                "Total Cost": 34226.7,
                                "Plan Rows": 1567218,
                                "Plan Width": 0,
                                "Actual Startup Time": 46.873,
                                "Actual Total Time": 46.874,
                                "Actual Rows": 1528162,
                                "Actual Loops": 1,
                                "Index Cond": "(person_id > 3760137)"
                              }
                            ]
                          },
                          {
                            "Node Type": "Hash",
                            "Parent Relationship": "Inner",
                            "Parallel Aware": true,
                            "Startup Cost": 50870.31,
                            "Total Cost": 50870.31,
                            "Plan Rows": 1487231,
                            "Plan Width": 4,
                            "Actual Startup Time": 519.05,
                            "Actual Total Time": 519.051,
                            "Actual Rows": 1264156,
                            "Actual Loops": 2,
                            "Hash Buckets": 4194304,
                            "Original Hash Buckets": 4194304,
                            "Hash Batches": 1,
                            "Original Hash Batches": 1,
                            "Peak Memory Usage": 131712,
                            "Plans": [
                              {
                                "Node Type": "Seq Scan",
                                "Parent Relationship": "Outer",
                                "Parallel Aware": true,
                                "Relation Name": "title",
                                "Alias": "t",
                                "Startup Cost": 0.0,
                                "Total Cost": 50870.31,
                                "Plan Rows": 1487231,
                                "Plan Width": 4,
                                "Actual Startup Time": 0.03,
                                "Actual Total Time": 151.3,
                                "Actual Rows": 1264156,
                                "Actual Loops": 2
                              }
                            ]
                          }
                        ]
                      }
                    ]
                  }
                ]
              }
            ]
          }
        ]
      }
    ]
  },
  "Planning Time": 1.034,
  "Triggers": [],
  "Execution Time": 2748.039
}