[
  {
    "Plan": {
      "Node Type": "Aggregate",
      "Strategy": "Plain",
      "Partial Mode": "Simple",
      "Parallel Aware": false,
      "Startup Cost": 1693.79,
      "Total Cost": 1693.8,
      "Plan Rows": 1,
      "Plan Width": 96,
      "Actual Startup Time": 22.284,
      "Actual Total Time": 22.287,
      "Actual Rows": 1,
      "Actual Loops": 1,
      "Plans": [
        {
          "Node Type": "Nested Loop",
          "Parent Relationship": "Outer",
          "Parallel Aware": false,
          "Join Type": "Inner",
          "Startup Cost": 42.33,
          "Total Cost": 1693.78,
          "Plan Rows": 1,
          "Plan Width": 48,
          "Actual Startup Time": 4.341,
          "Actual Total Time": 22.166,
          "Actual Rows": 743,
          "Actual Loops": 1,
          "Inner Unique": false,
          "Join Filter": "(ml.movie_id = mi.movie_id)",
          "Rows Removed by Join Filter": 0,
          "Plans": [
            {
              "Node Type": "Nested Loop",
              "Parent Relationship": "Outer",
              "Parallel Aware": false,
              "Join Type": "Inner",
              "Startup Cost": 41.9,
              "Total Cost": 1691.91,
              "Plan Rows": 1,
              "Plan Width": 68,
              "Actual Startup Time": 4.067,
              "Actual Total Time": 20.379,
              "Actual Rows": 172,
              "Actual Loops": 1,
              "Inner Unique": true,
              "Plans": [
                {
                  "Node Type": "Nested Loop",
                  "Parent Relationship": "Outer",
                  "Parallel Aware": false,
                  "Join Type": "Inner",
                  "Startup Cost": 41.48,
                  "Total Cost": 1630.55,
                  "Plan Rows": 139,
                  "Plan Width": 72,
                  "Actual Startup Time": 0.985,
                  "Actual Total Time": 14.977,
                  "Actual Rows": 3296,
                  "Actual Loops": 1,
                  "Inner Unique": false,
                  "Join Filter": "(ml.movie_id = mk.movie_id)",
                  "Rows Removed by Join Filter": 0,
                  "Plans": [
                    {
                      "Node Type": "Nested Loop",
                      "Parent Relationship": "Outer",
                      "Parallel Aware": false,
                      "Join Type": "Inner",
                      "Startup Cost": 41.05,
                      "Total Cost": 1624.74,
                      "Plan Rows": 3,
                      "Plan Width": 64,
                      "Actual Startup Time": 0.942,
                      "Actual Total Time": 13.659,
                      "Actual Rows": 277,
                      "Actual Loops": 1,
                      "Inner Unique": true,
                      "Join Filter": "(ml.movie_id = t.id)",
                      "Rows Removed by Join Filter": 0,
                      "Plans": [
                        {
                          "Node Type": "Nested Loop",
                          "Parent Relationship": "Outer",
                          "Parallel Aware": false,
                          "Join Type": "Inner",
                          "Startup Cost": 40.62,
                          "Total Cost": 1622.31,
                          "Plan Rows": 4,
                          "Plan Width": 43,
                          "Actual Startup Time": 0.868,
                          "Actual Total Time": 12.883,
                          "Actual Rows": 277,
                          "Actual Loops": 1,
                          "Inner Unique": true,
                          "Plans": [
                            {
                              "Node Type": "Nested Loop",
                              "Parent Relationship": "Outer",
                              "Parallel Aware": false,
                              "Join Type": "Inner",
                              "Startup Cost": 40.2,
                              "Total Cost": 1614.54,
                              "Plan Rows": 17,
                              "Plan Width": 28,
                              "Actual Startup Time": 0.698,
                              "Actual Total Time": 10.531,
                              "Actual Rows": 763,
                              "Actual Loops": 1,
                              "Inner Unique": true,
                              "Plans": [
                                {
                                  "Node Type": "Nested Loop",
                                  "Parent Relationship": "Outer",
                                  "Parallel Aware": false,
                                  "Join Type": "Inner",
                                  "Startup Cost": 40.07,
                                  "Total Cost": 1604.32,
                                  "Plan Rows": 67,
                                  "Plan Width": 32,
                                  "Actual Startup Time": 0.672,
                                  "Actual Total Time": 9.672,
                                  "Actual Rows": 864,
                                  "Actual Loops": 1,
                                  "Inner Unique": false,
                                  "Join Filter": "(ml.movie_id = mc.movie_id)",
                                  "Rows Removed by Join Filter": 0,
                                  "Plans": [
                                    {
                                      "Node Type": "Nested Loop",
                                      "Parent Relationship": "Outer",
                                      "Parallel Aware": false,
                                      "Join Type": "Inner",
                                      "Startup Cost": 39.64,
                                      "Total Cost": 1376.49,
                                      "Plan Rows": 165,
                                      "Plan Width": 20,
                                      "Actual Startup Time": 0.619,
                                      "Actual Total Time": 7.895,
                                      "Actual Rows": 228,
                                      "Actual Loops": 1,
                                      "Inner Unique": false,
                                      "Join Filter": "(cc.status_id = cct2.id)",
                                      "Rows Removed by Join Filter": 228,
                                      "Plans": [
                                        {
                                          "Node Type": "Index Scan",
                                          "Parent Relationship": "Outer",
                                          "Parallel Aware": false,
                                          "Scan Direction": "Forward",
                                          "Index Name": "comp_cast_type_pkey",
                                          "Relation Name": "comp_cast_type",
                                          "Alias": "cct2",
                                          "Startup Cost": 0.13,
                                          "Total Cost": 12.2,
                                          "Plan Rows": 1,
                                          "Plan Width": 4,
                                          "Actual Startup Time": 0.029,
                                          "Actual Total Time": 0.03,
                                          "Actual Rows": 2,
                                          "Actual Loops": 1,
                                          "Filter": "((kind)::text ~~ 'complete%'::text)",
                                          "Rows Removed by Filter": 2
                                        },
                                        {
                                          "Node Type": "Nested Loop",
                                          "Parent Relationship": "Inner",
                                          "Parallel Aware": false,
                                          "Join Type": "Inner",
                                          "Startup Cost": 39.51,
                                          "Total Cost": 1356.04,
                                          "Plan Rows": 660,
                                          "Plan Width": 24,
                                          "Actual Startup Time": 0.413,
                                          "Actual Total Time": 3.907,
                                          "Actual Rows": 228,
                                          "Actual Loops": 2,
                                          "Inner Unique": false,
                                          "Join Filter": "(cc.subject_id = cct1.id)",
                                          "Rows Removed by Join Filter": 29,
                                          "Plans": [
                                            {
                                              "Node Type": "Index Scan",
                                              "Parent Relationship": "Outer",
                                              "Parallel Aware": false,
                                              "Scan Direction": "Forward",
                                              "Index Name": "comp_cast_type_pkey",
                                              "Relation Name": "comp_cast_type",
                                              "Alias": "cct1",
                                              "Startup Cost": 0.13,
                                              "Total Cost": 12.2,
                                              "Plan Rows": 1,
                                              "Plan Width": 4,
                                              "Actual Startup Time": 0.005,
                                              "Actual Total Time": 0.006,
                                              "Actual Rows": 1,
                                              "Actual Loops": 2,
                                              "Filter": "((kind)::text = 'cast'::text)",
                                              "Rows Removed by Filter": 3
                                            },
                                            {
                                              "Node Type": "Nested Loop",
                                              "Parent Relationship": "Inner",
                                              "Parallel Aware": false,
                                              "Join Type": "Inner",
                                              "Startup Cost": 39.38,
                                              "Total Cost": 1310.84,
                                              "Plan Rows": 2640,
                                              "Plan Width": 28,
                                              "Actual Startup Time": 0.408,
                                              "Actual Total Time": 3.871,
                                              "Actual Rows": 257,
                                              "Actual Loops": 2,
                                              "Inner Unique": false,
                                              "Plans": [
                                                {
                                                  "Node Type": "Nested Loop",
                                                  "Parent Relationship": "Outer",
                                                  "Parallel Aware": false,
                                                  "Join Type": "Inner",
                                                  "Startup Cost": 38.96,
                                                  "Total Cost": 256.46,
                                                  "Plan Rows": 1666,
                                                  "Plan Width": 16,
                                                  "Actual Startup Time": 0.114,
                                                  "Actual Total Time": 1.102,
                                                  "Actual Rows": 2315,
                                                  "Actual Loops": 2,
                                                  "Inner Unique": false,
                                                  "Plans": [
                                                    {
                                                      "Node Type": "Index Scan",
                                                      "Parent Relationship": "Outer",
                                                      "Parallel Aware": false,
                                                      "Scan Direction": "Forward",
                                                      "Index Name": "link_type_pkey",
                                                      "Relation Name": "link_type",
                                                      "Alias": "lt",
                                                      "Startup Cost": 0.14,
                                                      "Total Cost": 12.45,
                                                      "Plan Rows": 1,
                                                      "Plan Width": 16,
                                                      "Actual Startup Time": 0.018,
                                                      "Actual Total Time": 0.022,
                                                      "Actual Rows": 2,
                                                      "Actual Loops": 2,
                                                      "Filter": "((link)::text ~~ '%follow%'::text)",
                                                      "Rows Removed by Filter": 16
                                                    },
                                                    {
                                                      "Node Type": "Bitmap Heap Scan",
                                                      "Parent Relationship": "Inner",
                                                      "Parallel Aware": false,
                                                      "Relation Name": "movie_link",
                                                      "Alias": "ml",
                                                      "Startup Cost": 38.82,
                                                      "Total Cost": 225.26,
                                                      "Plan Rows": 1875,
                                                      "Plan Width": 8,
                                                      "Actual Startup Time": 0.072,
                                                      "Actual Total Time": 0.434,
                                                      "Actual Rows": 1158,
                                                      "Actual Loops": 4,
                                                      "Recheck Cond": "(link_type_id = lt.id)",
                                                      "Rows Removed by Index Recheck": 0,
                                                      "Exact Heap Blocks": 382,
                                                      "Lossy Heap Blocks": 0,
                                                      "Plans": [
                                                        {
                                                          "Node Type": "Bitmap Index Scan",
                                                          "Parent Relationship": "Outer",
                                                          "Parallel Aware": false,
                                                          "Index Name": "link_type_id_movie_link",
                                                          "Startup Cost": 0.0,
                                                          "Total Cost": 38.35,
                                                          "Plan Rows": 1875,
                                                          "Plan Width": 0,
                                                          "Actual Startup Time": 0.059,
                                                          "Actual Total Time": 0.059,
                                                          "Actual Rows": 1158,
                                                          "Actual Loops": 4,
                                                          "Index Cond": "(link_type_id = lt.id)"
                                                        }
                                                      ]
                                                    }
                                                  ]
                                                },
                                                {
                                                  "Node Type": "Index Scan",
                                                  "Parent Relationship": "Inner",
                                                  "Parallel Aware": false,
                                                  "Scan Direction": "Forward",
                                                  "Index Name": "movie_id_complete_cast",
                                                  "Relation Name": "complete_cast",
                                                  "Alias": "cc",
                                                  "Startup Cost": 0.42,
                                                  "Total Cost": 0.61,
                                                  "Plan Rows": 2,
                                                  "Plan Width": 12,
                                                  "Actual Startup Time": 0.001,
                                                  "Actual Total Time": 0.001,
                                                  "Actual Rows": 0,
                                                  "Actual Loops": 4630,
                                                  "Index Cond": "(movie_id = ml.movie_id)",
                                                  "Rows Removed by Index Recheck": 0
                                                }
                                              ]
                                            }
                                          ]
                                        }
                                      ]
                                    },
                                    {
                                      "Node Type": "Index Scan",
                                      "Parent Relationship": "Inner",
                                      "Parallel Aware": false,
                                      "Scan Direction": "Forward",
                                      "Index Name": "movie_id_movie_companies",
                                      "Relation Name": "movie_companies",
                                      "Alias": "mc",
                                      "Startup Cost": 0.43,
                                      "Total Cost": 1.36,
                                      "Plan Rows": 2,
                                      "Plan Width": 12,
                                      "Actual Startup Time": 0.006,
                                      "Actual Total Time": 0.007,
                                      "Actual Rows": 4,
                                      "Actual Loops": 228,
                                      "Index Cond": "(movie_id = cc.movie_id)",
                                      "Rows Removed by Index Recheck": 0,
                                      "Filter": "(note IS NULL)",
                                      "Rows Removed by Filter": 3
                                    }
                                  ]
                                },
                                {
                                  "Node Type": "Index Scan",
                                  "Parent Relationship": "Inner",
                                  "Parallel Aware": false,
                                  "Scan Direction": "Forward",
                                  "Index Name": "company_type_pkey",
                                  "Relation Name": "company_type",
                                  "Alias": "ct",
                                  "Startup Cost": 0.13,
                                  "Total Cost": 0.15,
                                  "Plan Rows": 1,
                                  "Plan Width": 4,
                                  "Actual Startup Time": 0.001,
                                  "Actual Total Time": 0.001,
                                  "Actual Rows": 1,
                                  "Actual Loops": 864,
                                  "Index Cond": "(id = mc.company_type_id)",
                                  "Rows Removed by Index Recheck": 0,
                                  "Filter": "((kind)::text = 'production companies'::text)",
                                  "Rows Removed by Filter": 0
                                }
                              ]
                            },
                            {
                              "Node Type": "Index Scan",
                              "Parent Relationship": "Inner",
                              "Parallel Aware": false,
                              "Scan Direction": "Forward",
                              "Index Name": "company_name_pkey",
                              "Relation Name": "company_name",
                              "Alias": "cn",
                              "Startup Cost": 0.42,
                              "Total Cost": 0.46,
                              "Plan Rows": 1,
                              "Plan Width": 23,
                              "Actual Startup Time": 0.003,
                              "Actual Total Time": 0.003,
                              "Actual Rows": 0,
                              "Actual Loops": 763,
                              "Index Cond": "(id = mc.company_id)",
                              "Rows Removed by Index Recheck": 0,
                              "Filter": "(((country_code)::text <> '[pl]'::text) AND ((name ~~ '%Film%'::text) OR (name ~~ '%Warner%'::text)))",
                              "Rows Removed by Filter": 1
                            }
                          ]
                        },
                        {
                          "Node Type": "Index Scan",
                          "Parent Relationship": "Inner",
                          "Parallel Aware": false,
                          "Scan Direction": "Forward",
                          "Index Name": "title_pkey",
                          "Relation Name": "title",
                          "Alias": "t",
                          "Startup Cost": 0.43,
                          "Total Cost": 0.59,
                          "Plan Rows": 1,
                          "Plan Width": 21,
                          "Actual Startup Time": 0.002,
                          "Actual Total Time": 0.002,
                          "Actual Rows": 1,
                          "Actual Loops": 277,
                          "Index Cond": "(id = mc.movie_id)",
                          "Rows Removed by Index Recheck": 0,
                          "Filter": "((production_year >= 1950) AND (production_year <= 2010))",
                          "Rows Removed by Filter": 0
                        }
                      ]
                    },
                    {
                      "Node Type": "Index Scan",
                      "Parent Relationship": "Inner",
                      "Parallel Aware": false,
                      "Scan Direction": "Forward",
                      "Index Name": "movie_id_movie_keyword",
                      "Relation Name": "movie_keyword",
                      "Alias": "mk",
                      "Startup Cost": 0.43,
                      "Total Cost": 1.35,
                      "Plan Rows": 47,
                      "Plan Width": 8,
                      "Actual Startup Time": 0.002,
                      "Actual Total Time": 0.003,
                      "Actual Rows": 12,
                      "Actual Loops": 277,
                      "Index Cond": "(movie_id = t.id)",
                      "Rows Removed by Index Recheck": 0
                    }
                  ]
                },
                {
                  "Node Type": "Index Scan",
                  "Parent Relationship": "Inner",
                  "Parallel Aware": false,
                  "Scan Direction": "Forward",
                  "Index Name": "keyword_pkey",
                  "Relation Name": "keyword",
                  "Alias": "k",
                  "Startup Cost": 0.42,
                  "Total Cost": 0.44,
                  "Plan Rows": 1,
                  "Plan Width": 4,
                  "Actual Startup Time": 0.001,
                  "Actual Total Time": 0.001,
                  "Actual Rows": 0,
                  "Actual Loops": 3296,
                  "Index Cond": "(id = mk.keyword_id)",
                  "Rows Removed by Index Recheck": 0,
                  "Filter": "(keyword = 'sequel'::text)",
                  "Rows Removed by Filter": 1
                }
              ]
            },
            {
              "Node Type": "Index Scan",
              "Parent Relationship": "Inner",
              "Parallel Aware": false,
              "Scan Direction": "Forward",
              "Index Name": "movie_id_movie_info",
              "Relation Name": "movie_info",
              "Alias": "mi",
              "Startup Cost": 0.43,
              "Total Cost": 1.83,
              "Plan Rows": 3,
              "Plan Width": 4,
              "Actual Startup Time": 0.008,
              "Actual Total Time": 0.01,
              "Actual Rows": 4,
              "Actual Loops": 172,
              "Index Cond": "(movie_id = mk.movie_id)",
              "Rows Removed by Index Recheck": 0,
              "Filter": "(info = ANY ('{Sweden,Norway,Germany,Denmark,Swedish,Denish,Norwegian,German,English}'::text[]))",
              "Rows Removed by Filter": 15
            }
          ]
        }
      ]
    },
    "Planning Time": 64.693,
    "Triggers": [],
    "Execution Time": 22.64
  }
]