[
  {
    "Plan": {
      "Node Type": "Aggregate",
      "Strategy": "Plain",
      "Partial Mode": "Finalize",
      "Parallel Aware": false,
      "Startup Cost": 226127.59,
      "Total Cost": 226127.6,
      "Plan Rows": 1,
      "Plan Width": 8,
      "Actual Startup Time": 129.404,
      "Actual Total Time": 147.161,
      "Actual Rows": 1,
      "Actual Loops": 1,
      "Plans": [
        {
          "Node Type": "Gather",
          "Parent Relationship": "Outer",
          "Parallel Aware": false,
          "Startup Cost": 226127.17,
          "Total Cost": 226127.58,
          "Plan Rows": 4,
          "Plan Width": 8,
          "Actual Startup Time": 129.283,
          "Actual Total Time": 147.152,
          "Actual Rows": 5,
          "Actual Loops": 1,
          "Workers Planned": 4,
          "Workers Launched": 4,
          "Single Copy": false,
          "Plans": [
            {
              "Node Type": "Aggregate",
              "Strategy": "Plain",
              "Partial Mode": "Partial",
              "Parent Relationship": "Outer",
              "Parallel Aware": false,
              "Startup Cost": 225127.17,
              "Total Cost": 225127.18,
              "Plan Rows": 1,
              "Plan Width": 8,
              "Actual Startup Time": 119.334,
              "Actual Total Time": 119.336,
              "Actual Rows": 1,
              "Actual Loops": 5,
              "Plans": [
                {
                  "Node Type": "Nested Loop",
                  "Parent Relationship": "Outer",
                  "Parallel Aware": false,
                  "Join Type": "Inner",
                  "Startup Cost": 0.43,
                  "Total Cost": 225088.63,
                  "Plan Rows": 15416,
                  "Plan Width": 0,
                  "Actual Startup Time": 0.273,
                  "Actual Total Time": 118.557,
                  "Actual Rows": 7377,
                  "Actual Loops": 5,
                  "Inner Unique": false,
                  "Plans": [
                    {
                      "Node Type": "Seq Scan",
                      "Parent Relationship": "Outer",
                      "Parallel Aware": true,
                      "Relation Name": "title",
                      "Alias": "t",
                      "Startup Cost": 0.0,
                      "Total Cost": 45479.1,
                      "Plan Rows": 3932,
                      "Plan Width": 4,
                      "Actual Startup Time": 0.085,
                      "Actual Total Time": 77.93,
                      "Actual Rows": 3249,
                      "Actual Loops": 5,
                      "Filter": "((kind_id = 7) AND (production_year = 1993))",
                      "Rows Removed by Filter": 502413
                    },
                    {
                      "Node Type": "Index Scan",
                      "Parent Relationship": "Inner",
                      "Parallel Aware": false,
                      "Scan Direction": "Forward",
                      "Index Name": "movie_id_movie_info",
                      "Relation Name": "movie_info",
                      "Alias": "mi",
                      "Startup Cost": 0.43,
                      "Total Cost": 45.4,
                      "Plan Rows": 28,
                      "Plan Width": 4,
                      "Actual Startup Time": 0.008,
                      "Actual Total Time": 0.012,
                      "Actual Rows": 2,
                      "Actual Loops": 16247,
                      "Index Cond": "(movie_id = t.id)",
                      "Rows Removed by Index Recheck": 0,
                      "Filter": "(info_type_id > 4)",
                      "Rows Removed by Filter": 1
                    }
                  ]
                }
              ]
            }
          ]
        }
      ]
    },
    "Planning Time": 0.629,
    "Triggers": [],
    "Execution Time": 147.233
  }
]