[
  {
    "Plan": {
      "Node Type": "Aggregate",
      "Strategy": "Plain",
      "Partial Mode": "Finalize",
      "Parallel Aware": false,
      "Startup Cost": 77023.88,
      "Total Cost": 77023.89,
      "Plan Rows": 1,
      "Plan Width": 8,
      "Actual Startup Time": 763.643,
      "Actual Total Time": 792.07,
      "Actual Rows": 1,
      "Actual Loops": 1,
      "Plans": [
        {
          "Node Type": "Gather",
          "Parent Relationship": "Outer",
          "Parallel Aware": false,
          "Startup Cost": 77023.56,
          "Total Cost": 77023.87,
          "Plan Rows": 3,
          "Plan Width": 8,
          "Actual Startup Time": 745.582,
          "Actual Total Time": 792.051,
          "Actual Rows": 4,
          "Actual Loops": 1,
          "Workers Planned": 3,
          "Workers Launched": 3,
          "Single Copy": false,
          "Plans": [
            {
              "Node Type": "Aggregate",
              "Strategy": "Plain",
              "Partial Mode": "Partial",
              "Parent Relationship": "Outer",
              "Parallel Aware": false,
              "Startup Cost": 76023.56,
              "Total Cost": 76023.57,
              "Plan Rows": 1,
              "Plan Width": 8,
              "Actual Startup Time": 731.637,
              "Actual Total Time": 731.644,
              "Actual Rows": 1,
              "Actual Loops": 4,
              "Plans": [
                {
                  "Node Type": "Hash Join",
                  "Parent Relationship": "Outer",
                  "Parallel Aware": true,
                  "Join Type": "Inner",
                  "Startup Cost": 55775.85,
                  "Total Cost": 75816.8,
                  "Plan Rows": 82707,
                  "Plan Width": 0,
                  "Actual Startup Time": 601.218,
                  "Actual Total Time": 727.091,
                  "Actual Rows": 62989,
                  "Actual Loops": 4,
                  "Inner Unique": true,
                  "Hash Cond": "(mc.movie_id = t.id)",
                  "Plans": [
                    {
                      "Node Type": "Bitmap Heap Scan",
                      "Parent Relationship": "Outer",
                      "Parallel Aware": true,
                      "Relation Name": "movie_companies",
                      "Alias": "mc",
                      "Startup Cost": 5555.47,
                      "Total Cost": 25379.31,
                      "Plan Rows": 82707,
                      "Plan Width": 4,
                      "Actual Startup Time": 22.865,
                      "Actual Total Time": 77.429,
                      "Actual Rows": 62989,
                      "Actual Loops": 4,
                      "Recheck Cond": "(company_id < 122)",
                      "Rows Removed by Index Recheck": 0,
                      "Exact Heap Blocks": 5706,
                      "Lossy Heap Blocks": 0,
                      "Plans": [
                        {
                          "Node Type": "Bitmap Index Scan",
                          "Parent Relationship": "Outer",
                          "Parallel Aware": false,
                          "Index Name": "company_id_movie_companies",
                          "Startup Cost": 0.0,
                          "Total Cost": 5491.37,
                          "Plan Rows": 256392,
                          "Plan Width": 0,
                          "Actual Startup Time": 18.775,
                          "Actual Total Time": 18.776,
                          "Actual Rows": 251956,
                          "Actual Loops": 1,
                          "Index Cond": "(company_id < 122)"
                        }
                      ]
                    },
                    {
                      "Node Type": "Hash",
                      "Parent Relationship": "Inner",
                      "Parallel Aware": true,
                      "Startup Cost": 42319.06,
                      "Total Cost": 42319.06,
                      "Plan Rows": 632106,
                      "Plan Width": 4,
                      "Actual Startup Time": 567.749,
                      "Actual Total Time": 567.751,
                      "Actual Rows": 632078,
                      "Actual Loops": 4,
                      "Hash Buckets": 4194304,
                      "Original Hash Buckets": 4194304,
                      "Hash Batches": 1,
                      "Original Hash Batches": 1,
                      "Peak Memory Usage": 131776,
                      "Plans": [
                        {
                          "Node Type": "Seq Scan",
                          "Parent Relationship": "Outer",
                          "Parallel Aware": true,
                          "Relation Name": "title",
                          "Alias": "t",
                          "Startup Cost": 0.0,
                          "Total Cost": 42319.06,
                          "Plan Rows": 632106,
                          "Plan Width": 4,
                          "Actual Startup Time": 0.052,
                          "Actual Total Time": 157.602,
                          "Actual Rows": 632078,
                          "Actual Loops": 4
                        }
                      ]
                    }
                  ]
                }
              ]
            }
          ]
        }
      ]
    },
    "Planning Time": 0.36,
    "Triggers": [],
    "Execution Time": 792.146
  }
]