[
  {
    "Plan": {
      "Node Type": "Aggregate",
      "Strategy": "Plain",
      "Partial Mode": "Finalize",
      "Parallel Aware": false,
      "Startup Cost": 33032.59,
      "Total Cost": 33032.6,
      "Plan Rows": 1,
      "Plan Width": 8,
      "Actual Startup Time": 93.908,
      "Actual Total Time": 102.066,
      "Actual Rows": 1,
      "Actual Loops": 1,
      "Plans": [
        {
          "Node Type": "Gather",
          "Parent Relationship": "Outer",
          "Parallel Aware": false,
          "Startup Cost": 33032.27,
          "Total Cost": 33032.58,
          "Plan Rows": 3,
          "Plan Width": 8,
          "Actual Startup Time": 93.807,
          "Actual Total Time": 102.058,
          "Actual Rows": 4,
          "Actual Loops": 1,
          "Workers Planned": 3,
          "Workers Launched": 3,
          "Single Copy": false,
          "Plans": [
            {
              "Node Type": "Aggregate",
              "Strategy": "Plain",
              "Partial Mode": "Partial",
              "Parent Relationship": "Outer",
              "Parallel Aware": false,
              "Startup Cost": 32032.27,
              "Total Cost": 32032.28,
              "Plan Rows": 1,
              "Plan Width": 8,
              "Actual Startup Time": 85.877,
              "Actual Total Time": 85.878,
              "Actual Rows": 1,
              "Actual Loops": 4,
              "Plans": [
                {
                  "Node Type": "Seq Scan",
                  "Parent Relationship": "Outer",
                  "Parallel Aware": true,
                  "Relation Name": "movie_companies",
                  "Alias": "mc",
                  "Startup Cost": 0.0,
                  "Total Cost": 31414.82,
                  "Plan Rows": 246980,
                  "Plan Width": 0,
                  "Actual Startup Time": 9.223,
                  "Actual Total Time": 79.442,
                  "Actual Rows": 137121,
                  "Actual Loops": 4,
                  "Filter": "((company_id > 6077) AND (company_type_id = 1))",
                  "Rows Removed by Filter": 515162
                }
              ]
            }
          ]
        }
      ]
    },
    "Planning Time": 0.231,
    "Triggers": [],
    "Execution Time": 102.124
  }
]