[
    {
        "Bao": {
            "Bao prediction": 1288.935,
            "Bao recommended hint": "SET enable_nestloop TO off; "
        }
    },
    {
        "Plan": {
            "Node Type": "Aggregate",
            "Strategy": "Plain",
            "Partial Mode": "Finalize",
            "Parallel Aware": false,
            "Startup Cost": 120884.97,
            "Total Cost": 120884.98,
            "Plan Rows": 1,
            "Plan Width": 8,
            "Actual Startup Time": 492.783,
            "Actual Total Time": 509.689,
            "Actual Rows": 1,
            "Actual Loops": 1,
            "Output": [
                "count(*)"
            ],
            "Plans": [
                {
                    "Node Type": "Gather",
                    "Parent Relationship": "Outer",
                    "Parallel Aware": false,
                    "Startup Cost": 120884.65,
                    "Total Cost": 120884.96,
                    "Plan Rows": 3,
                    "Plan Width": 8,
                    "Actual Startup Time": 491.9,
                    "Actual Total Time": 509.681,
                    "Actual Rows": 4,
                    "Actual Loops": 1,
                    "Output": [
                        "(PARTIAL count(*))"
                    ],
                    "Workers Planned": 3,
                    "Workers Launched": 3,
                    "Single Copy": false,
                    "Plans": [
                        {
                            "Node Type": "Aggregate",
                            "Strategy": "Plain",
                            "Partial Mode": "Partial",
                            "Parent Relationship": "Outer",
                            "Parallel Aware": false,
                            "Startup Cost": 119884.65,
                            "Total Cost": 119884.66,
                            "Plan Rows": 1,
                            "Plan Width": 8,
                            "Actual Startup Time": 483.648,
                            "Actual Total Time": 483.693,
                            "Actual Rows": 1,
                            "Actual Loops": 4,
                            "Output": [
                                "PARTIAL count(*)"
                            ],
                            "Workers": [
                                {
                                    "Worker Number": 0,
                                    "Actual Startup Time": 481.04,
                                    "Actual Total Time": 481.045,
                                    "Actual Rows": 1,
                                    "Actual Loops": 1
                                },
                                {
                                    "Worker Number": 1,
                                    "Actual Startup Time": 480.95,
                                    "Actual Total Time": 480.955,
                                    "Actual Rows": 1,
                                    "Actual Loops": 1
                                },
                                {
                                    "Worker Number": 2,
                                    "Actual Startup Time": 481.449,
                                    "Actual Total Time": 481.454,
                                    "Actual Rows": 1,
                                    "Actual Loops": 1
                                }
                            ],
                            "Plans": [
                                {
                                    "Node Type": "Hash Join",
                                    "Parent Relationship": "Outer",
                                    "Parallel Aware": true,
                                    "Join Type": "Inner",
                                    "Startup Cost": 88933.71,
                                    "Total Cost": 119843.96,
                                    "Plan Rows": 16276,
                                    "Plan Width": 0,
                                    "Actual Startup Time": 337.009,
                                    "Actual Total Time": 469.182,
                                    "Actual Rows": 261494,
                                    "Actual Loops": 4,
                                    "Inner Unique": false,
                                    "Hash Cond": "(mc.movie_id = t.id)",
                                    "Workers": [
                                        {
                                            "Worker Number": 0,
                                            "Actual Startup Time": 334.125,
                                            "Actual Total Time": 464.863,
                                            "Actual Rows": 256015,
                                            "Actual Loops": 1
                                        },
                                        {
                                            "Worker Number": 1,
                                            "Actual Startup Time": 334.065,
                                            "Actual Total Time": 467.046,
                                            "Actual Rows": 218219,
                                            "Actual Loops": 1
                                        },
                                        {
                                            "Worker Number": 2,
                                            "Actual Startup Time": 335.361,
                                            "Actual Total Time": 467.923,
                                            "Actual Rows": 216853,
                                            "Actual Loops": 1
                                        }
                                    ],
                                    "Plans": [
                                        {
                                            "Node Type": "Seq Scan",
                                            "Parent Relationship": "Outer",
                                            "Parallel Aware": true,
                                            "Relation Name": "movie_companies",
                                            "Schema": "public",
                                            "Alias": "mc",
                                            "Startup Cost": 0.0,
                                            "Total Cost": 29310.68,
                                            "Plan Rows": 412551,
                                            "Plan Width": 4,
                                            "Actual Startup Time": 0.029,
                                            "Actual Total Time": 75.649,
                                            "Actual Rows": 318562,
                                            "Actual Loops": 4,
                                            "Output": [
                                                "mc.id",
                                                "mc.movie_id",
                                                "mc.company_id",
                                                "mc.company_type_id",
                                                "mc.note"
                                            ],
                                            "Filter": "(mc.company_type_id < 2)",
                                            "Rows Removed by Filter": 333721,
                                            "Workers": [
                                                {
                                                    "Worker Number": 0,
                                                    "Actual Startup Time": 0.034,
                                                    "Actual Total Time": 73.395,
                                                    "Actual Rows": 251954,
                                                    "Actual Loops": 1
                                                },
                                                {
                                                    "Worker Number": 1,
                                                    "Actual Startup Time": 0.038,
                                                    "Actual Total Time": 77.484,
                                                    "Actual Rows": 278949,
                                                    "Actual Loops": 1
                                                },
                                                {
                                                    "Worker Number": 2,
                                                    "Actual Startup Time": 0.031,
                                                    "Actual Total Time": 76.307,
                                                    "Actual Rows": 275339,
                                                    "Actual Loops": 1
                                                }
                                            ]
                                        },
                                        {
                                            "Node Type": "Hash",
                                            "Parent Relationship": "Inner",
                                            "Parallel Aware": true,
                                            "Startup Cost": 88531.5,
                                            "Total Cost": 88531.5,
                                            "Plan Rows": 32177,
                                            "Plan Width": 8,
                                            "Actual Startup Time": 334.797,
                                            "Actual Total Time": 334.84,
                                            "Actual Rows": 31883,
                                            "Actual Loops": 4,
                                            "Output": [
                                                "t.id",
                                                "mk.movie_id"
                                            ],
                                            "Hash Buckets": 131072,
                                            "Original Hash Buckets": 131072,
                                            "Hash Batches": 1,
                                            "Original Hash Batches": 1,
                                            "Peak Memory Usage": 6048,
                                            "Workers": [
                                                {
                                                    "Worker Number": 0,
                                                    "Actual Startup Time": 333.194,
                                                    "Actual Total Time": 333.197,
                                                    "Actual Rows": 26607,
                                                    "Actual Loops": 1
                                                },
                                                {
                                                    "Worker Number": 1,
                                                    "Actual Startup Time": 333.336,
                                                    "Actual Total Time": 333.34,
                                                    "Actual Rows": 28629,
                                                    "Actual Loops": 1
                                                },
                                                {
                                                    "Worker Number": 2,
                                                    "Actual Startup Time": 333.631,
                                                    "Actual Total Time": 333.635,
                                                    "Actual Rows": 26679,
                                                    "Actual Loops": 1
                                                }
                                            ],
                                            "Plans": [
                                                {
                                                    "Node Type": "Hash Join",
                                                    "Parent Relationship": "Outer",
                                                    "Parallel Aware": true,
                                                    "Join Type": "Inner",
                                                    "Startup Cost": 45653.42,
                                                    "Total Cost": 88531.5,
                                                    "Plan Rows": 32177,
                                                    "Plan Width": 8,
                                                    "Actual Startup Time": 107.383,
                                                    "Actual Total Time": 327.211,
                                                    "Actual Rows": 31883,
                                                    "Actual Loops": 4,
                                                    "Output": [
                                                        "t.id",
                                                        "mk.movie_id"
                                                    ],
                                                    "Inner Unique": true,
                                                    "Hash Cond": "(mk.movie_id = t.id)",
                                                    "Workers": [
                                                        {
                                                            "Worker Number": 0,
                                                            "Actual Startup Time": 105.649,
                                                            "Actual Total Time": 325.494,
                                                            "Actual Rows": 26607,
                                                            "Actual Loops": 1
                                                        },
                                                        {
                                                            "Worker Number": 1,
                                                            "Actual Startup Time": 105.9,
                                                            "Actual Total Time": 325.207,
                                                            "Actual Rows": 28629,
                                                            "Actual Loops": 1
                                                        },
                                                        {
                                                            "Worker Number": 2,
                                                            "Actual Startup Time": 106.622,
                                                            "Actual Total Time": 326.701,
                                                            "Actual Rows": 26679,
                                                            "Actual Loops": 1
                                                        }
                                                    ],
                                                    "Plans": [
                                                        {
                                                            "Node Type": "Seq Scan",
                                                            "Parent Relationship": "Outer",
                                                            "Parallel Aware": true,
                                                            "Relation Name": "movie_keyword",
                                                            "Schema": "public",
                                                            "Alias": "mk",
                                                            "Startup Cost": 0.0,
                                                            "Total Cost": 39047.32,
                                                            "Plan Rows": 1459332,
                                                            "Plan Width": 4,
                                                            "Actual Startup Time": 0.013,
                                                            "Actual Total Time": 108.655,
                                                            "Actual Rows": 1130982,
                                                            "Actual Loops": 4,
                                                            "Output": [
                                                                "mk.id",
                                                                "mk.movie_id",
                                                                "mk.keyword_id"
                                                            ],
                                                            "Workers": [
                                                                {
                                                                    "Worker Number": 0,
                                                                    "Actual Startup Time": 0.014,
                                                                    "Actual Total Time": 108.961,
                                                                    "Actual Rows": 964405,
                                                                    "Actual Loops": 1
                                                                },
                                                                {
                                                                    "Worker Number": 1,
                                                                    "Actual Startup Time": 0.016,
                                                                    "Actual Total Time": 108.675,
                                                                    "Actual Rows": 977355,
                                                                    "Actual Loops": 1
                                                                },
                                                                {
                                                                    "Worker Number": 2,
                                                                    "Actual Startup Time": 0.013,
                                                                    "Actual Total Time": 108.602,
                                                                    "Actual Rows": 973780,
                                                                    "Actual Loops": 1
                                                                }
                                                            ]
                                                        },
                                                        {
                                                            "Node Type": "Hash",
                                                            "Parent Relationship": "Inner",
                                                            "Parallel Aware": true,
                                                            "Startup Cost": 45479.21,
                                                            "Total Cost": 45479.21,
                                                            "Plan Rows": 13937,
                                                            "Plan Width": 4,
                                                            "Actual Startup Time": 106.821,
                                                            "Actual Total Time": 106.823,
                                                            "Actual Rows": 12269,
                                                            "Actual Loops": 4,
                                                            "Output": [
                                                                "t.id"
                                                            ],
                                                            "Hash Buckets": 65536,
                                                            "Original Hash Buckets": 65536,
                                                            "Hash Batches": 1,
                                                            "Original Hash Batches": 1,
                                                            "Peak Memory Usage": 2496,
                                                            "Workers": [
                                                                {
                                                                    "Worker Number": 0,
                                                                    "Actual Startup Time": 105.354,
                                                                    "Actual Total Time": 105.355,
                                                                    "Actual Rows": 9656,
                                                                    "Actual Loops": 1
                                                                },
                                                                {
                                                                    "Worker Number": 1,
                                                                    "Actual Startup Time": 105.473,
                                                                    "Actual Total Time": 105.474,
                                                                    "Actual Rows": 9293,
                                                                    "Actual Loops": 1
                                                                },
                                                                {
                                                                    "Worker Number": 2,
                                                                    "Actual Startup Time": 105.943,
                                                                    "Actual Total Time": 105.945,
                                                                    "Actual Rows": 9521,
                                                                    "Actual Loops": 1
                                                                }
                                                            ],
                                                            "Plans": [
                                                                {
                                                                    "Node Type": "Seq Scan",
                                                                    "Parent Relationship": "Outer",
                                                                    "Parallel Aware": true,
                                                                    "Relation Name": "title",
                                                                    "Schema": "public",
                                                                    "Alias": "t",
                                                                    "Startup Cost": 0.0,
                                                                    "Total Cost": 45479.21,
                                                                    "Plan Rows": 13937,
                                                                    "Plan Width": 4,
                                                                    "Actual Startup Time": 0.206,
                                                                    "Actual Total Time": 101.871,
                                                                    "Actual Rows": 12269,
                                                                    "Actual Loops": 4,
                                                                    "Output": [
                                                                        "t.id"
                                                                    ],
                                                                    "Filter": "((t.kind_id < 7) AND (t.production_year = 2010))",
                                                                    "Rows Removed by Filter": 619809,
                                                                    "Workers": [
                                                                        {
                                                                            "Worker Number": 0,
                                                                            "Actual Startup Time": 0.216,
                                                                            "Actual Total Time": 100.892,
                                                                            "Actual Rows": 9656,
                                                                            "Actual Loops": 1
                                                                        },
                                                                        {
                                                                            "Worker Number": 1,
                                                                            "Actual Startup Time": 0.194,
                                                                            "Actual Total Time": 99.994,
                                                                            "Actual Rows": 9293,
                                                                            "Actual Loops": 1
                                                                        },
                                                                        {
                                                                            "Worker Number": 2,
                                                                            "Actual Startup Time": 0.294,
                                                                            "Actual Total Time": 101.11,
                                                                            "Actual Rows": 9521,
                                                                            "Actual Loops": 1
                                                                        }
                                                                    ]
                                                                }
                                                            ]
                                                        }
                                                    ]
                                                }
                                            ]
                                        }
                                    ]
                                }
                            ]
                        }
                    ]
                }
            ]
        },
        "Planning Time": 477.665,
        "Triggers": [],
        "Execution Time": 509.801
    }
]