[
  {
    "Plan": {
      "Node Type": "Aggregate",
      "Strategy": "Plain",
      "Partial Mode": "Finalize",
      "Parallel Aware": false,
      "Startup Cost": 63987.36,
      "Total Cost": 63987.37,
      "Plan Rows": 1,
      "Plan Width": 8,
      "Actual Startup Time": 322.759,
      "Actual Total Time": 334.571,
      "Actual Rows": 1,
      "Actual Loops": 1,
      "Plans": [
        {
          "Node Type": "Gather",
          "Parent Relationship": "Outer",
          "Parallel Aware": false,
          "Startup Cost": 63987.14,
          "Total Cost": 63987.35,
          "Plan Rows": 2,
          "Plan Width": 8,
          "Actual Startup Time": 320.38,
          "Actual Total Time": 334.563,
          "Actual Rows": 3,
          "Actual Loops": 1,
          "Workers Planned": 2,
          "Workers Launched": 2,
          "Single Copy": false,
          "Plans": [
            {
              "Node Type": "Aggregate",
              "Strategy": "Plain",
              "Partial Mode": "Partial",
              "Parent Relationship": "Outer",
              "Parallel Aware": false,
              "Startup Cost": 62987.14,
              "Total Cost": 62987.15,
              "Plan Rows": 1,
              "Plan Width": 8,
              "Actual Startup Time": 312.334,
              "Actual Total Time": 312.337,
              "Actual Rows": 1,
              "Actual Loops": 3,
              "Plans": [
                {
                  "Node Type": "Hash Join",
                  "Parent Relationship": "Outer",
                  "Parallel Aware": true,
                  "Join Type": "Inner",
                  "Startup Cost": 47436.45,
                  "Total Cost": 62631.01,
                  "Plan Rows": 142453,
                  "Plan Width": 0,
                  "Actual Startup Time": 230.498,
                  "Actual Total Time": 303.783,
                  "Actual Rows": 208478,
                  "Actual Loops": 3,
                  "Inner Unique": true,
                  "Hash Cond": "(mi_idx.movie_id = t.id)",
                  "Plans": [
                    {
                      "Node Type": "Seq Scan",
                      "Parent Relationship": "Outer",
                      "Parallel Aware": true,
                      "Relation Name": "movie_info_idx",
                      "Alias": "mi_idx",
                      "Startup Cost": 0.0,
                      "Total Cost": 13685.15,
                      "Plan Rows": 575015,
                      "Plan Width": 4,
                      "Actual Startup Time": 0.023,
                      "Actual Total Time": 34.882,
                      "Actual Rows": 460012,
                      "Actual Loops": 3
                    },
                    {
                      "Node Type": "Hash",
                      "Parent Relationship": "Inner",
                      "Parallel Aware": true,
                      "Startup Cost": 45479.1,
                      "Total Cost": 45479.1,
                      "Plan Rows": 156588,
                      "Plan Width": 4,
                      "Actual Startup Time": 186.941,
                      "Actual Total Time": 186.941,
                      "Actual Rows": 211430,
                      "Actual Loops": 3,
                      "Hash Buckets": 1048576,
                      "Original Hash Buckets": 1048576,
                      "Hash Batches": 1,
                      "Original Hash Batches": 1,
                      "Peak Memory Usage": 33056,
                      "Plans": [
                        {
                          "Node Type": "Seq Scan",
                          "Parent Relationship": "Outer",
                          "Parallel Aware": true,
                          "Relation Name": "title",
                          "Alias": "t",
                          "Startup Cost": 0.0,
                          "Total Cost": 45479.1,
                          "Plan Rows": 156588,
                          "Plan Width": 4,
                          "Actual Startup Time": 49.483,
                          "Actual Total Time": 123.317,
                          "Actual Rows": 211430,
                          "Actual Loops": 3,
                          "Filter": "((production_year < 2013) AND (kind_id = 1))",
                          "Rows Removed by Filter": 631341
                        }
                      ]
                    }
                  ]
                }
              ]
            }
          ]
        }
      ]
    },
    "Planning Time": 0.542,
    "Triggers": [],
    "Execution Time": 334.635
  }
]