{
  "Plan": {
    "Node Type": "Aggregate",
    "Strategy": "Plain",
    "Partial Mode": "Finalize",
    "Parallel Aware": false,
    "Startup Cost": 116368.68,
    "Total Cost": 116368.69,
    "Plan Rows": 1,
    "Plan Width": 8,
    "Actual Startup Time": 505.489,
    "Actual Total Time": 525.652,
    "Actual Rows": 1,
    "Actual Loops": 1,
    "Plans": [
      {
        "Node Type": "Gather",
        "Parent Relationship": "Outer",
        "Parallel Aware": false,
        "Startup Cost": 116368.57,
        "Total Cost": 116368.68,
        "Plan Rows": 1,
        "Plan Width": 8,
        "Actual Startup Time": 503.365,
        "Actual Total Time": 525.642,
        "Actual Rows": 2,
        "Actual Loops": 1,
        "Workers Planned": 1,
        "Workers Launched": 1,
        "Single Copy": false,
        "Plans": [
          {
            "Node Type": "Aggregate",
            "Strategy": "Plain",
            "Partial Mode": "Partial",
            "Parent Relationship": "Outer",
            "Parallel Aware": false,
            "Startup Cost": 115368.57,
            "Total Cost": 115368.58,
            "Plan Rows": 1,
            "Plan Width": 8,
            "Actual Startup Time": 499.239,
            "Actual Total Time": 499.243,
            "Actual Rows": 1,
            "Actual Loops": 2,
            "Plans": [
              {
                "Node Type": "Hash Join",
                "Parent Relationship": "Outer",
                "Parallel Aware": true,
                "Join Type": "Inner",
                "Startup Cost": 82776.38,
                "Total Cost": 114952.57,
                "Plan Rows": 166398,
                "Plan Width": 0,
                "Actual Startup Time": 313.453,
                "Actual Total Time": 487.757,
                "Actual Rows": 270542,
                "Actual Loops": 2,
                "Inner Unique": true,
                "Hash Cond": "(mk.movie_id = t.id)",
                "Plans": [
                  {
                    "Node Type": "Bitmap Heap Scan",
                    "Parent Relationship": "Outer",
                    "Parallel Aware": true,
                    "Relation Name": "movie_keyword",
                    "Alias": "mk",
                    "Startup Cost": 18411.04,
                    "Total Cost": 49247.02,
                    "Plan Rows": 510558,
                    "Plan Width": 4,
                    "Actual Startup Time": 55.721,
                    "Actual Total Time": 145.275,
                    "Actual Rows": 431546,
                    "Actual Loops": 2,
                    "Recheck Cond": "(keyword_id > 21328)",
                    "Rows Removed by Index Recheck": 0,
                    "Exact Heap Blocks": 11932,
                    "Lossy Heap Blocks": 0,
                    "Plans": [
                      {
                        "Node Type": "Bitmap Index Scan",
                        "Parent Relationship": "Outer",
                        "Parallel Aware": false,
                        "Index Name": "keyword_id_movie_keyword",
                        "Startup Cost": 0.0,
                        "Total Cost": 18194.05,
                        "Plan Rows": 867949,
                        "Plan Width": 0,
                        "Actual Startup Time": 52.139,
                        "Actual Total Time": 52.139,
                        "Actual Rows": 863091,
                        "Actual Loops": 1,
                        "Index Cond": "(keyword_id > 21328)"
                      }
                    ]
                  },
                  {
                    "Node Type": "Hash",
                    "Parent Relationship": "Inner",
                    "Parallel Aware": true,
                    "Startup Cost": 58306.47,
                    "Total Cost": 58306.47,
                    "Plan Rows": 484710,
                    "Plan Width": 4,
                    "Actual Startup Time": 250.378,
                    "Actual Total Time": 250.379,
                    "Actual Rows": 366068,
                    "Actual Loops": 2,
                    "Hash Buckets": 1048576,
                    "Original Hash Buckets": 1048576,
                    "Hash Batches": 1,
                    "Original Hash Batches": 1,
                    "Peak Memory Usage": 36864,
                    "Plans": [
                      {
                        "Node Type": "Seq Scan",
                        "Parent Relationship": "Outer",
                        "Parallel Aware": true,
                        "Relation Name": "title",
                        "Alias": "t",
                        "Startup Cost": 0.0,
                        "Total Cost": 58306.47,
                        "Plan Rows": 484710,
                        "Plan Width": 4,
                        "Actual Startup Time": 0.039,
                        "Actual Total Time": 157.088,
                        "Actual Rows": 366068,
                        "Actual Loops": 2,
                        "Filter": "((kind_id < 7) AND (production_year > 1969))",
                        "Rows Removed by Filter": 898088
                      }
                    ]
                  }
                ]
              }
            ]
          }
        ]
      }
    ]
  },
  "Planning Time": 0.57,
  "Triggers": [],
  "Execution Time": 525.73
}