[
  {
    "Plan": {
      "Node Type": "Aggregate",
      "Strategy": "Plain",
      "Partial Mode": "Finalize",
      "Parallel Aware": false,
      "Startup Cost": 45919.13,
      "Total Cost": 45919.14,
      "Plan Rows": 1,
      "Plan Width": 8,
      "Actual Startup Time": 158.252,
      "Actual Total Time": 167.506,
      "Actual Rows": 1,
      "Actual Loops": 1,
      "Plans": [
        {
          "Node Type": "Gather",
          "Parent Relationship": "Outer",
          "Parallel Aware": false,
          "Startup Cost": 45918.81,
          "Total Cost": 45919.12,
          "Plan Rows": 3,
          "Plan Width": 8,
          "Actual Startup Time": 158.036,
          "Actual Total Time": 167.497,
          "Actual Rows": 4,
          "Actual Loops": 1,
          "Workers Planned": 3,
          "Workers Launched": 3,
          "Single Copy": false,
          "Plans": [
            {
              "Node Type": "Aggregate",
              "Strategy": "Plain",
              "Partial Mode": "Partial",
              "Parent Relationship": "Outer",
              "Parallel Aware": false,
              "Startup Cost": 44918.81,
              "Total Cost": 44918.82,
              "Plan Rows": 1,
              "Plan Width": 8,
              "Actual Startup Time": 149.493,
              "Actual Total Time": 149.495,
              "Actual Rows": 1,
              "Actual Loops": 4,
              "Plans": [
                {
                  "Node Type": "Seq Scan",
                  "Parent Relationship": "Outer",
                  "Parallel Aware": true,
                  "Relation Name": "movie_keyword",
                  "Alias": "mk",
                  "Startup Cost": 0.0,
                  "Total Cost": 42695.65,
                  "Plan Rows": 889262,
                  "Plan Width": 0,
                  "Actual Startup Time": 0.074,
                  "Actual Total Time": 118.793,
                  "Actual Rows": 687709,
                  "Actual Loops": 4,
                  "Filter": "(keyword_id < 7821)",
                  "Rows Removed by Filter": 443274
                }
              ]
            }
          ]
        }
      ]
    },
    "Planning Time": 0.159,
    "Triggers": [],
    "Execution Time": 167.556
  }
]