{
  "Plan": {
    "Node Type": "Aggregate",
    "Strategy": "Plain",
    "Partial Mode": "Finalize",
    "Parallel Aware": false,
    "Startup Cost": 9684.42,
    "Total Cost": 9684.43,
    "Plan Rows": 1,
    "Plan Width": 64,
    "Actual Startup Time": 2120.543,
    "Actual Total Time": 2215.506,
    "Actual Rows": 1,
    "Actual Loops": 1,
    "Plans": [
      {
        "Node Type": "Gather",
        "Parent Relationship": "Outer",
        "Parallel Aware": false,
        "Startup Cost": 9684.3,
        "Total Cost": 9684.41,
        "Plan Rows": 1,
        "Plan Width": 64,
        "Actual Startup Time": 2118.75,
        "Actual Total Time": 2215.491,
        "Actual Rows": 2,
        "Actual Loops": 1,
        "Workers Planned": 1,
        "Workers Launched": 1,
        "Single Copy": false,
        "Plans": [
          {
            "Node Type": "Aggregate",
            "Strategy": "Plain",
            "Partial Mode": "Partial",
            "Parent Relationship": "Outer",
            "Parallel Aware": false,
            "Startup Cost": 8684.3,
            "Total Cost": 8684.31,
            "Plan Rows": 1,
            "Plan Width": 64,
            "Actual Startup Time": 2111.325,
            "Actual Total Time": 2111.334,
            "Actual Rows": 1,
            "Actual Loops": 2,
            "Plans": [
              {
                "Node Type": "Nested Loop",
                "Parent Relationship": "Outer",
                "Parallel Aware": false,
                "Join Type": "Inner",
                "Startup Cost": 3807.68,
                "Total Cost": 8684.28,
                "Plan Rows": 4,
                "Plan Width": 33,
                "Actual Startup Time": 345.063,
                "Actual Total Time": 2090.232,
                "Actual Rows": 181914,
                "Actual Loops": 2,
                "Inner Unique": false,
                "Join Filter": "(n.id = an.person_id)",
                "Rows Removed by Join Filter": 0,
                "Plans": [
                  {
                    "Node Type": "Nested Loop",
                    "Parent Relationship": "Outer",
                    "Parallel Aware": false,
                    "Join Type": "Inner",
                    "Startup Cost": 3807.25,
                    "Total Cost": 8676.01,
                    "Plan Rows": 17,
                    "Plan Width": 25,
                    "Actual Startup Time": 344.902,
                    "Actual Total Time": 1533.082,
                    "Actual Rows": 194816,
                    "Actual Loops": 2,
                    "Inner Unique": true,
                    "Plans": [
                      {
                        "Node Type": "Nested Loop",
                        "Parent Relationship": "Outer",
                        "Parallel Aware": false,
                        "Join Type": "Inner",
                        "Startup Cost": 3806.82,
                        "Total Cost": 8668.27,
                        "Plan Rows": 17,
                        "Plan Width": 21,
                        "Actual Startup Time": 344.836,
                        "Actual Total Time": 745.74,
                        "Actual Rows": 194816,
                        "Actual Loops": 2,
                        "Inner Unique": false,
                        "Join Filter": "(t.id = ci.movie_id)",
                        "Rows Removed by Join Filter": 0,
                        "Plans": [
                          {
                            "Node Type": "Hash Join",
                            "Parent Relationship": "Outer",
                            "Parallel Aware": false,
                            "Join Type": "Inner",
                            "Startup Cost": 3806.26,
                            "Total Cost": 8666.35,
                            "Plan Rows": 1,
                            "Plan Width": 29,
                            "Actual Startup Time": 344.775,
                            "Actual Total Time": 362.352,
                            "Actual Rows": 3932,
                            "Actual Loops": 2,
                            "Inner Unique": false,
                            "Hash Cond": "(cn.id = mc.company_id)",
                            "Plans": [
                              {
                                "Node Type": "Seq Scan",
                                "Parent Relationship": "Outer",
                                "Parallel Aware": true,
                                "Relation Name": "company_name",
                                "Alias": "cn",
                                "Startup Cost": 0.0,
                                "Total Cost": 4722.92,
                                "Plan Rows": 6096,
                                "Plan Width": 4,
                                "Actual Startup Time": 0.029,
                                "Actual Total Time": 12.793,
                                "Actual Rows": 5197,
                                "Actual Loops": 2,
                                "Filter": "((country_code)::text = '[fr]'::text)",
                                "Rows Removed by Filter": 112302
                              },
                              {
                                "Node Type": "Hash",
                                "Parent Relationship": "Inner",
                                "Parallel Aware": false,
                                "Startup Cost": 3805.82,
                                "Total Cost": 3805.82,
                                "Plan Rows": 35,
                                "Plan Width": 33,
                                "Actual Startup Time": 344.514,
                                "Actual Total Time": 344.519,
                                "Actual Rows": 148552,
                                "Actual Loops": 2,
                                "Hash Buckets": 262144,
                                "Original Hash Buckets": 1024,
                                "Hash Batches": 1,
                                "Original Hash Batches": 1,
                                "Peak Memory Usage": 12304,
                                "Plans": [
                                  {
                                    "Node Type": "Nested Loop",
                                    "Parent Relationship": "Outer",
                                    "Parallel Aware": false,
                                    "Join Type": "Inner",
                                    "Startup Cost": 11.68,
                                    "Total Cost": 3805.82,
                                    "Plan Rows": 35,
                                    "Plan Width": 33,
                                    "Actual Startup Time": 11.965,
                                    "Actual Total Time": 308.086,
                                    "Actual Rows": 148552,
                                    "Actual Loops": 2,
                                    "Inner Unique": false,
                                    "Join Filter": "(t.id = mc.movie_id)",
                                    "Rows Removed by Join Filter": 0,
                                    "Plans": [
                                      {
                                        "Node Type": "Nested Loop",
                                        "Parent Relationship": "Outer",
                                        "Parallel Aware": false,
                                        "Join Type": "Inner",
                                        "Startup Cost": 11.25,
                                        "Total Cost": 3785.25,
                                        "Plan Rows": 34,
                                        "Plan Width": 25,
                                        "Actual Startup Time": 11.857,
                                        "Actual Total Time": 164.046,
                                        "Actual Rows": 41840,
                                        "Actual Loops": 2,
                                        "Inner Unique": true,
                                        "Plans": [
                                          {
                                            "Node Type": "Nested Loop",
                                            "Parent Relationship": "Outer",
                                            "Parallel Aware": false,
                                            "Join Type": "Inner",
                                            "Startup Cost": 10.82,
                                            "Total Cost": 3768.68,
                                            "Plan Rows": 34,
                                            "Plan Width": 4,
                                            "Actual Startup Time": 11.796,
                                            "Actual Total Time": 46.558,
                                            "Actual Rows": 41840,
                                            "Actual Loops": 2,
                                            "Inner Unique": false,
                                            "Plans": [
                                              {
                                                "Node Type": "Seq Scan",
                                                "Parent Relationship": "Outer",
                                                "Parallel Aware": false,
                                                "Relation Name": "keyword",
                                                "Alias": "k",
                                                "Startup Cost": 0.0,
                                                "Total Cost": 2626.12,
                                                "Plan Rows": 1,
                                                "Plan Width": 4,
                                                "Actual Startup Time": 1.309,
                                                "Actual Total Time": 9.136,
                                                "Actual Rows": 1,
                                                "Actual Loops": 2,
                                                "Filter": "(keyword = 'character-name-in-title'::text)",
                                                "Rows Removed by Filter": 134169
                                              },
                                              {
                                                "Node Type": "Bitmap Heap Scan",
                                                "Parent Relationship": "Inner",
                                                "Parallel Aware": false,
                                                "Relation Name": "movie_keyword",
                                                "Alias": "mk",
                                                "Startup Cost": 10.82,
                                                "Total Cost": 1139.48,
                                                "Plan Rows": 308,
                                                "Plan Width": 8,
                                                "Actual Startup Time": 10.473,
                                                "Actual Total Time": 33.648,
                                                "Actual Rows": 41840,
                                                "Actual Loops": 2,
                                                "Recheck Cond": "(keyword_id = k.id)",
                                                "Rows Removed by Index Recheck": 0,
                                                "Exact Heap Blocks": 11541,
                                                "Lossy Heap Blocks": 0,
                                                "Plans": [
                                                  {
                                                    "Node Type": "Bitmap Index Scan",
                                                    "Parent Relationship": "Outer",
                                                    "Parallel Aware": false,
                                                    "Index Name": "keyword_id_movie_keyword",
                                                    "Startup Cost": 0.0,
                                                    "Total Cost": 10.74,
                                                    "Plan Rows": 308,
                                                    "Plan Width": 0,
                                                    "Actual Startup Time": 7.352,
                                                    "Actual Total Time": 7.352,
                                                    "Actual Rows": 41840,
                                                    "Actual Loops": 2,
                                                    "Index Cond": "(keyword_id = k.id)"
                                                  }
                                                ]
                                              }
                                            ]
                                          },
                                          {
                                            "Node Type": "Index Scan",
                                            "Parent Relationship": "Inner",
                                            "Parallel Aware": false,
                                            "Scan Direction": "Forward",
                                            "Index Name": "title_pkey",
                                            "Relation Name": "title",
                                            "Alias": "t",
                                            "Startup Cost": 0.43,
                                            "Total Cost": 0.49,
                                            "Plan Rows": 1,
                                            "Plan Width": 21,
                                            "Actual Startup Time": 0.003,
                                            "Actual Total Time": 0.003,
                                            "Actual Rows": 1,
                                            "Actual Loops": 83680,
                                            "Index Cond": "(id = mk.movie_id)",
                                            "Rows Removed by Index Recheck": 0
                                          }
                                        ]
                                      },
                                      {
                                        "Node Type": "Index Scan",
                                        "Parent Relationship": "Inner",
                                        "Parallel Aware": false,
                                        "Scan Direction": "Forward",
                                        "Index Name": "movie_id_movie_companies",
                                        "Relation Name": "movie_companies",
                                        "Alias": "mc",
                                        "Startup Cost": 0.43,
                                        "Total Cost": 0.54,
                                        "Plan Rows": 5,
                                        "Plan Width": 8,
                                        "Actual Startup Time": 0.002,
                                        "Actual Total Time": 0.003,
                                        "Actual Rows": 4,
                                        "Actual Loops": 83680,
                                        "Index Cond": "(movie_id = mk.movie_id)",
                                        "Rows Removed by Index Recheck": 0
                                      }
                                    ]
                                  }
                                ]
                              }
                            ]
                          },
                          {
                            "Node Type": "Index Scan",
                            "Parent Relationship": "Inner",
                            "Parallel Aware": false,
                            "Scan Direction": "Forward",
                            "Index Name": "movie_id_cast_info",
                            "Relation Name": "cast_info",
                            "Alias": "ci",
                            "Startup Cost": 0.56,
                            "Total Cost": 1.5,
                            "Plan Rows": 34,
                            "Plan Width": 8,
                            "Actual Startup Time": 0.008,
                            "Actual Total Time": 0.091,
                            "Actual Rows": 50,
                            "Actual Loops": 7864,
                            "Index Cond": "(movie_id = mk.movie_id)",
                            "Rows Removed by Index Recheck": 0
                          }
                        ]
                      },
                      {
                        "Node Type": "Index Only Scan",
                        "Parent Relationship": "Inner",
                        "Parallel Aware": false,
                        "Scan Direction": "Forward",
                        "Index Name": "name_pkey",
                        "Relation Name": "name",
                        "Alias": "n",
                        "Startup Cost": 0.43,
                        "Total Cost": 0.46,
                        "Plan Rows": 1,
                        "Plan Width": 4,
                        "Actual Startup Time": 0.004,
                        "Actual Total Time": 0.004,
                        "Actual Rows": 1,
                        "Actual Loops": 389632,
                        "Index Cond": "(id = ci.person_id)",
                        "Rows Removed by Index Recheck": 0,
                        "Heap Fetches": 389632
                      }
                    ]
                  },
                  {
                    "Node Type": "Index Scan",
                    "Parent Relationship": "Inner",
                    "Parallel Aware": false,
                    "Scan Direction": "Forward",
                    "Index Name": "person_id_aka_name",
                    "Relation Name": "aka_name",
                    "Alias": "an",
                    "Startup Cost": 0.42,
                    "Total Cost": 0.46,
                    "Plan Rows": 2,
                    "Plan Width": 20,
                    "Actual Startup Time": 0.002,
                    "Actual Total Time": 0.003,
                    "Actual Rows": 1,
                    "Actual Loops": 389632,
                    "Index Cond": "(person_id = ci.person_id)",
                    "Rows Removed by Index Recheck": 0
                  }
                ]
              }
            ]
          }
        ]
      }
    ]
  },
  "Planning Time": 1.906,
  "Triggers": [],
  "Execution Time": 2215.812
}