{
  "Plan": {
    "Node Type": "Aggregate",
    "Strategy": "Plain",
    "Partial Mode": "Simple",
    "Parallel Aware": false,
    "Startup Cost": 47868.98,
    "Total Cost": 47868.99,
    "Plan Rows": 1,
    "Plan Width": 8,
    "Actual Startup Time": 35.859,
    "Actual Total Time": 35.861,
    "Actual Rows": 1,
    "Actual Loops": 1,
    "Plans": [
      {
        "Node Type": "Nested Loop",
        "Parent Relationship": "Outer",
        "Parallel Aware": false,
        "Join Type": "Inner",
        "Startup Cost": 26670.82,
        "Total Cost": 47868.96,
        "Plan Rows": 9,
        "Plan Width": 0,
        "Actual Startup Time": 24.12,
        "Actual Total Time": 35.855,
        "Actual Rows": 14,
        "Actual Loops": 1,
        "Inner Unique": false,
        "Join Filter": "(t.id = mi_idx.movie_id)",
        "Rows Removed by Join Filter": 0,
        "Plans": [
          {
            "Node Type": "Hash Join",
            "Parent Relationship": "Outer",
            "Parallel Aware": false,
            "Join Type": "Inner",
            "Startup Cost": 26670.39,
            "Total Cost": 47637.14,
            "Plan Rows": 49,
            "Plan Width": 8,
            "Actual Startup Time": 24.094,
            "Actual Total Time": 35.599,
            "Actual Rows": 25,
            "Actual Loops": 1,
            "Inner Unique": true,
            "Hash Cond": "(mk.movie_id = t.id)",
            "Plans": [
              {
                "Node Type": "Bitmap Heap Scan",
                "Parent Relationship": "Outer",
                "Parallel Aware": false,
                "Relation Name": "movie_keyword",
                "Alias": "mk",
                "Startup Cost": 269.43,
                "Total Cost": 21203.32,
                "Plan Rows": 12516,
                "Plan Width": 4,
                "Actual Startup Time": 5.036,
                "Actual Total Time": 16.477,
                "Actual Rows": 14120,
                "Actual Loops": 1,
                "Recheck Cond": "(keyword_id = 1382)",
                "Rows Removed by Index Recheck": 0,
                "Exact Heap Blocks": 8945,
                "Lossy Heap Blocks": 0,
                "Plans": [
                  {
                    "Node Type": "Bitmap Index Scan",
                    "Parent Relationship": "Outer",
                    "Parallel Aware": false,
                    "Index Name": "keyword_id_movie_keyword",
                    "Startup Cost": 0.0,
                    "Total Cost": 266.3,
                    "Plan Rows": 12516,
                    "Plan Width": 0,
                    "Actual Startup Time": 2.705,
                    "Actual Total Time": 2.705,
                    "Actual Rows": 14120,
                    "Actual Loops": 1,
                    "Index Cond": "(keyword_id = 1382)"
                  }
                ]
              },
              {
                "Node Type": "Hash",
                "Parent Relationship": "Inner",
                "Parallel Aware": false,
                "Startup Cost": 26276.91,
                "Total Cost": 26276.91,
                "Plan Rows": 9924,
                "Plan Width": 4,
                "Actual Startup Time": 17.507,
                "Actual Total Time": 17.508,
                "Actual Rows": 11051,
                "Actual Loops": 1,
                "Hash Buckets": 16384,
                "Original Hash Buckets": 16384,
                "Hash Batches": 1,
                "Original Hash Batches": 1,
                "Peak Memory Usage": 517,
                "Plans": [
                  {
                    "Node Type": "Bitmap Heap Scan",
                    "Parent Relationship": "Outer",
                    "Parallel Aware": false,
                    "Relation Name": "title",
                    "Alias": "t",
                    "Startup Cost": 236.88,
                    "Total Cost": 26276.91,
                    "Plan Rows": 9924,
                    "Plan Width": 4,
                    "Actual Startup Time": 4.011,
                    "Actual Total Time": 15.775,
                    "Actual Rows": 11051,
                    "Actual Loops": 1,
                    "Recheck Cond": "(kind_id = 6)",
                    "Rows Removed by Index Recheck": 0,
                    "Filter": "(production_year < 2010)",
                    "Rows Removed by Filter": 1549,
                    "Exact Heap Blocks": 7903,
                    "Lossy Heap Blocks": 0,
                    "Plans": [
                      {
                        "Node Type": "Bitmap Index Scan",
                        "Parent Relationship": "Outer",
                        "Parallel Aware": false,
                        "Index Name": "kind_id_title",
                        "Startup Cost": 0.0,
                        "Total Cost": 234.4,
                        "Plan Rows": 13063,
                        "Plan Width": 0,
                        "Actual Startup Time": 2.005,
                        "Actual Total Time": 2.005,
                        "Actual Rows": 12600,
                        "Actual Loops": 1,
                        "Index Cond": "(kind_id = 6)"
                      }
                    ]
                  }
                ]
              }
            ]
          },
          {
            "Node Type": "Index Scan",
            "Parent Relationship": "Inner",
            "Parallel Aware": false,
            "Scan Direction": "Forward",
            "Index Name": "movie_id_movie_info_idx",
            "Relation Name": "movie_info_idx",
            "Alias": "mi_idx",
            "Startup Cost": 0.43,
            "Total Cost": 4.72,
            "Plan Rows": 1,
            "Plan Width": 4,
            "Actual Startup Time": 0.009,
            "Actual Total Time": 0.01,
            "Actual Rows": 1,
            "Actual Loops": 25,
            "Index Cond": "(movie_id = mk.movie_id)",
            "Rows Removed by Index Recheck": 0,
            "Filter": "(info_type_id < 100)",
            "Rows Removed by Filter": 1
          }
        ]
      }
    ]
  },
  "Planning Time": 0.396,
  "Triggers": [],
  "Execution Time": 35.905
}