[
  {
    "Plan": {
      "Node Type": "Aggregate",
      "Strategy": "Plain",
      "Partial Mode": "Finalize",
      "Parallel Aware": false,
      "Startup Cost": 383165.69,
      "Total Cost": 383165.7,
      "Plan Rows": 1,
      "Plan Width": 8,
      "Actual Startup Time": 928.275,
      "Actual Total Time": 947.951,
      "Actual Rows": 1,
      "Actual Loops": 1,
      "Plans": [
        {
          "Node Type": "Gather",
          "Parent Relationship": "Outer",
          "Parallel Aware": false,
          "Startup Cost": 383165.38,
          "Total Cost": 383165.69,
          "Plan Rows": 3,
          "Plan Width": 8,
          "Actual Startup Time": 919.576,
          "Actual Total Time": 947.938,
          "Actual Rows": 4,
          "Actual Loops": 1,
          "Workers Planned": 3,
          "Workers Launched": 3,
          "Single Copy": false,
          "Plans": [
            {
              "Node Type": "Aggregate",
              "Strategy": "Plain",
              "Partial Mode": "Partial",
              "Parent Relationship": "Outer",
              "Parallel Aware": false,
              "Startup Cost": 382165.38,
              "Total Cost": 382165.39,
              "Plan Rows": 1,
              "Plan Width": 8,
              "Actual Startup Time": 910.657,
              "Actual Total Time": 911.427,
              "Actual Rows": 1,
              "Actual Loops": 4,
              "Plans": [
                {
                  "Node Type": "Hash Join",
                  "Parent Relationship": "Outer",
                  "Parallel Aware": true,
                  "Join Type": "Inner",
                  "Startup Cost": 351051.62,
                  "Total Cost": 381714.77,
                  "Plan Rows": 180241,
                  "Plan Width": 0,
                  "Actual Startup Time": 683.036,
                  "Actual Total Time": 892.823,
                  "Actual Rows": 489226,
                  "Actual Loops": 4,
                  "Inner Unique": false,
                  "Hash Cond": "(mc.movie_id = t.id)",
                  "Plans": [
                    {
                      "Node Type": "Seq Scan",
                      "Parent Relationship": "Outer",
                      "Parallel Aware": true,
                      "Relation Name": "movie_companies",
                      "Alias": "mc",
                      "Startup Cost": 0.0,
                      "Total Cost": 27206.55,
                      "Plan Rows": 841655,
                      "Plan Width": 4,
                      "Actual Startup Time": 0.018,
                      "Actual Total Time": 53.436,
                      "Actual Rows": 652282,
                      "Actual Loops": 4
                    },
                    {
                      "Node Type": "Hash",
                      "Parent Relationship": "Inner",
                      "Parallel Aware": true,
                      "Startup Cost": 349923.64,
                      "Total Cost": 349923.64,
                      "Plan Rows": 90239,
                      "Plan Width": 8,
                      "Actual Startup Time": 678.036,
                      "Actual Total Time": 678.805,
                      "Actual Rows": 305919,
                      "Actual Loops": 4,
                      "Hash Buckets": 2097152,
                      "Original Hash Buckets": 1048576,
                      "Hash Batches": 1,
                      "Original Hash Batches": 1,
                      "Peak Memory Usage": 72512,
                      "Plans": [
                        {
                          "Node Type": "Hash Join",
                          "Parent Relationship": "Outer",
                          "Parallel Aware": true,
                          "Join Type": "Inner",
                          "Startup Cost": 91924.43,
                          "Total Cost": 349923.64,
                          "Plan Rows": 90239,
                          "Plan Width": 8,
                          "Actual Startup Time": 300.707,
                          "Actual Total Time": 567.342,
                          "Actual Rows": 305919,
                          "Actual Loops": 4,
                          "Inner Unique": true,
                          "Hash Cond": "(ci.movie_id = t.id)",
                          "Plans": [
                            {
                              "Node Type": "Bitmap Heap Scan",
                              "Parent Relationship": "Outer",
                              "Parallel Aware": true,
                              "Relation Name": "cast_info",
                              "Alias": "ci",
                              "Startup Cost": 43222.81,
                              "Total Cost": 300832.33,
                              "Plan Rows": 148452,
                              "Plan Width": 4,
                              "Actual Startup Time": 77.054,
                              "Actual Total Time": 167.348,
                              "Actual Rows": 474922,
                              "Actual Loops": 4,
                              "Recheck Cond": "(person_id > 3688057)",
                              "Rows Removed by Index Recheck": 0,
                              "Filter": "(role_id > 2)",
                              "Rows Removed by Filter": 0,
                              "Exact Heap Blocks": 7183,
                              "Lossy Heap Blocks": 0,
                              "Plans": [
                                {
                                  "Node Type": "Bitmap Index Scan",
                                  "Parent Relationship": "Outer",
                                  "Parallel Aware": false,
                                  "Index Name": "person_id_cast_info",
                                  "Startup Cost": 0.0,
                                  "Total Cost": 43000.13,
                                  "Plan Rows": 1969009,
                                  "Plan Width": 0,
                                  "Actual Startup Time": 72.482,
                                  "Actual Total Time": 72.483,
                                  "Actual Rows": 1899689,
                                  "Actual Loops": 1,
                                  "Index Cond": "(person_id > 3688057)"
                                }
                              ]
                            },
                            {
                              "Node Type": "Hash",
                              "Parent Relationship": "Inner",
                              "Parallel Aware": true,
                              "Startup Cost": 43898.92,
                              "Total Cost": 43898.92,
                              "Plan Rows": 384216,
                              "Plan Width": 4,
                              "Actual Startup Time": 218.857,
                              "Actual Total Time": 218.858,
                              "Actual Rows": 385816,
                              "Actual Loops": 4,
                              "Hash Buckets": 2097152,
                              "Original Hash Buckets": 2097152,
                              "Hash Batches": 1,
                              "Original Hash Batches": 1,
                              "Peak Memory Usage": 76832,
                              "Plans": [
                                {
                                  "Node Type": "Seq Scan",
                                  "Parent Relationship": "Outer",
                                  "Parallel Aware": true,
                                  "Relation Name": "title",
                                  "Alias": "t",
                                  "Startup Cost": 0.0,
                                  "Total Cost": 43898.92,
                                  "Plan Rows": 384216,
                                  "Plan Width": 4,
                                  "Actual Startup Time": 0.047,
                                  "Actual Total Time": 95.357,
                                  "Actual Rows": 385816,
                                  "Actual Loops": 4,
                                  "Filter": "(kind_id > 6)",
                                  "Rows Removed by Filter": 246262
                                }
                              ]
                            }
                          ]
                        }
                      ]
                    }
                  ]
                }
              ]
            }
          ]
        }
      ]
    },
    "Planning Time": 1.411,
    "Triggers": [],
    "Execution Time": 948.057
  }
]