[
  {
    "Plan": {
      "Node Type": "Aggregate",
      "Strategy": "Plain",
      "Partial Mode": "Finalize",
      "Parallel Aware": false,
      "Startup Cost": 659286.15,
      "Total Cost": 659286.16,
      "Plan Rows": 1,
      "Plan Width": 8,
      "Actual Startup Time": 8068.252,
      "Actual Total Time": 8149.836,
      "Actual Rows": 1,
      "Actual Loops": 1,
      "Plans": [
        {
          "Node Type": "Gather",
          "Parent Relationship": "Outer",
          "Parallel Aware": false,
          "Startup Cost": 659285.53,
          "Total Cost": 659286.14,
          "Plan Rows": 6,
          "Plan Width": 8,
          "Actual Startup Time": 8042.209,
          "Actual Total Time": 8149.824,
          "Actual Rows": 7,
          "Actual Loops": 1,
          "Workers Planned": 6,
          "Workers Launched": 6,
          "Single Copy": false,
          "Plans": [
            {
              "Node Type": "Aggregate",
              "Strategy": "Plain",
              "Partial Mode": "Partial",
              "Parent Relationship": "Outer",
              "Parallel Aware": false,
              "Startup Cost": 658285.53,
              "Total Cost": 658285.54,
              "Plan Rows": 1,
              "Plan Width": 8,
              "Actual Startup Time": 8011.918,
              "Actual Total Time": 8012.621,
              "Actual Rows": 1,
              "Actual Loops": 7,
              "Plans": [
                {
                  "Node Type": "Hash Join",
                  "Parent Relationship": "Outer",
                  "Parallel Aware": true,
                  "Join Type": "Inner",
                  "Startup Cost": 265917.85,
                  "Total Cost": 626808.77,
                  "Plan Rows": 12590702,
                  "Plan Width": 0,
                  "Actual Startup Time": 1489.62,
                  "Actual Total Time": 7090.877,
                  "Actual Rows": 22309628,
                  "Actual Loops": 7,
                  "Inner Unique": false,
                  "Hash Cond": "(ci.movie_id = t.id)",
                  "Plans": [
                    {
                      "Node Type": "Seq Scan",
                      "Parent Relationship": "Outer",
                      "Parallel Aware": true,
                      "Relation Name": "cast_info",
                      "Alias": "ci",
                      "Startup Cost": 0.0,
                      "Total Cost": 313067.02,
                      "Plan Rows": 6038002,
                      "Plan Width": 4,
                      "Actual Startup Time": 0.041,
                      "Actual Total Time": 548.093,
                      "Actual Rows": 5177763,
                      "Actual Loops": 7
                    },
                    {
                      "Node Type": "Hash",
                      "Parent Relationship": "Inner",
                      "Parallel Aware": true,
                      "Startup Cost": 252737.58,
                      "Total Cost": 252737.58,
                      "Plan Rows": 1054421,
                      "Plan Width": 8,
                      "Actual Startup Time": 1479.662,
                      "Actual Total Time": 1480.363,
                      "Actual Rows": 950038,
                      "Actual Loops": 7,
                      "Hash Buckets": 8388608,
                      "Original Hash Buckets": 8388608,
                      "Hash Batches": 1,
                      "Original Hash Batches": 1,
                      "Peak Memory Usage": 325856,
                      "Plans": [
                        {
                          "Node Type": "Hash Join",
                          "Parent Relationship": "Outer",
                          "Parallel Aware": true,
                          "Join Type": "Inner",
                          "Startup Cost": 47239.94,
                          "Total Cost": 252737.58,
                          "Plan Rows": 1054421,
                          "Plan Width": 8,
                          "Actual Startup Time": 163.787,
                          "Actual Total Time": 1077.325,
                          "Actual Rows": 950038,
                          "Actual Loops": 7,
                          "Inner Unique": true,
                          "Hash Cond": "(mi.movie_id = t.id)",
                          "Plans": [
                            {
                              "Node Type": "Seq Scan",
                              "Parent Relationship": "Outer",
                              "Parallel Aware": true,
                              "Relation Name": "movie_info",
                              "Alias": "mi",
                              "Startup Cost": 0.0,
                              "Total Cost": 198952.16,
                              "Plan Rows": 2493512,
                              "Plan Width": 4,
                              "Actual Startup Time": 0.033,
                              "Actual Total Time": 380.254,
                              "Actual Rows": 1800267,
                              "Actual Loops": 7,
                              "Filter": "(info_type_id < 17)",
                              "Rows Removed by Filter": 319121
                            },
                            {
                              "Node Type": "Hash",
                              "Parent Relationship": "Inner",
                              "Parallel Aware": true,
                              "Startup Cost": 43898.92,
                              "Total Cost": 43898.92,
                              "Plan Rows": 267282,
                              "Plan Width": 4,
                              "Actual Startup Time": 162.135,
                              "Actual Total Time": 162.136,
                              "Actual Rows": 153538,
                              "Actual Loops": 7,
                              "Hash Buckets": 2097152,
                              "Original Hash Buckets": 2097152,
                              "Hash Batches": 1,
                              "Original Hash Batches": 1,
                              "Peak Memory Usage": 58528,
                              "Plans": [
                                {
                                  "Node Type": "Seq Scan",
                                  "Parent Relationship": "Outer",
                                  "Parallel Aware": true,
                                  "Relation Name": "title",
                                  "Alias": "t",
                                  "Startup Cost": 0.0,
                                  "Total Cost": 43898.92,
                                  "Plan Rows": 267282,
                                  "Plan Width": 4,
                                  "Actual Startup Time": 0.042,
                                  "Actual Total Time": 85.37,
                                  "Actual Rows": 153538,
                                  "Actual Loops": 7,
                                  "Filter": "(production_year < 2001)",
                                  "Rows Removed by Filter": 207650
                                }
                              ]
                            }
                          ]
                        }
                      ]
                    }
                  ]
                }
              ]
            }
          ]
        }
      ]
    },
    "Planning Time": 1.37,
    "Triggers": [],
    "Execution Time": 8149.931
  }
]