{
  "Plan": {
    "Node Type": "Aggregate",
    "Strategy": "Plain",
    "Partial Mode": "Finalize",
    "Parallel Aware": false,
    "Startup Cost": 112403.55,
    "Total Cost": 112403.56,
    "Plan Rows": 1,
    "Plan Width": 8,
    "Actual Startup Time": 64.459,
    "Actual Total Time": 72.334,
    "Actual Rows": 1,
    "Actual Loops": 1,
    "Plans": [
      {
        "Node Type": "Gather",
        "Parent Relationship": "Outer",
        "Parallel Aware": false,
        "Startup Cost": 112403.44,
        "Total Cost": 112403.55,
        "Plan Rows": 1,
        "Plan Width": 8,
        "Actual Startup Time": 64.247,
        "Actual Total Time": 72.328,
        "Actual Rows": 2,
        "Actual Loops": 1,
        "Workers Planned": 1,
        "Workers Launched": 1,
        "Single Copy": false,
        "Plans": [
          {
            "Node Type": "Aggregate",
            "Strategy": "Plain",
            "Partial Mode": "Partial",
            "Parent Relationship": "Outer",
            "Parallel Aware": false,
            "Startup Cost": 111403.44,
            "Total Cost": 111403.45,
            "Plan Rows": 1,
            "Plan Width": 8,
            "Actual Startup Time": 57.956,
            "Actual Total Time": 57.957,
            "Actual Rows": 1,
            "Actual Loops": 2,
            "Plans": [
              {
                "Node Type": "Nested Loop",
                "Parent Relationship": "Outer",
                "Parallel Aware": false,
                "Join Type": "Inner",
                "Startup Cost": 307.28,
                "Total Cost": 111392.53,
                "Plan Rows": 4366,
                "Plan Width": 0,
                "Actual Startup Time": 55.578,
                "Actual Total Time": 57.95,
                "Actual Rows": 14,
                "Actual Loops": 2,
                "Inner Unique": false,
                "Plans": [
                  {
                    "Node Type": "Nested Loop",
                    "Parent Relationship": "Outer",
                    "Parallel Aware": false,
                    "Join Type": "Inner",
                    "Startup Cost": 306.72,
                    "Total Cost": 106031.1,
                    "Plan Rows": 305,
                    "Plan Width": 8,
                    "Actual Startup Time": 55.563,
                    "Actual Total Time": 57.9,
                    "Actual Rows": 0,
                    "Actual Loops": 2,
                    "Inner Unique": true,
                    "Plans": [
                      {
                        "Node Type": "Bitmap Heap Scan",
                        "Parent Relationship": "Outer",
                        "Parallel Aware": true,
                        "Relation Name": "movie_info",
                        "Alias": "mi",
                        "Startup Cost": 306.29,
                        "Total Cost": 49168.28,
                        "Plan Rows": 9856,
                        "Plan Width": 4,
                        "Actual Startup Time": 3.964,
                        "Actual Total Time": 12.537,
                        "Actual Rows": 9107,
                        "Actual Loops": 2,
                        "Recheck Cond": "(info_type_id = 108)",
                        "Rows Removed by Index Recheck": 0,
                        "Exact Heap Blocks": 2943,
                        "Lossy Heap Blocks": 0,
                        "Plans": [
                          {
                            "Node Type": "Bitmap Index Scan",
                            "Parent Relationship": "Outer",
                            "Parallel Aware": false,
                            "Index Name": "info_type_id_movie_info",
                            "Startup Cost": 0.0,
                            "Total Cost": 302.1,
                            "Plan Rows": 16755,
                            "Plan Width": 0,
                            "Actual Startup Time": 5.558,
                            "Actual Total Time": 5.559,
                            "Actual Rows": 18214,
                            "Actual Loops": 1,
                            "Index Cond": "(info_type_id = 108)"
                          }
                        ]
                      },
                      {
                        "Node Type": "Index Scan",
                        "Parent Relationship": "Inner",
                        "Parallel Aware": false,
                        "Scan Direction": "Forward",
                        "Index Name": "title_pkey",
                        "Relation Name": "title",
                        "Alias": "t",
                        "Startup Cost": 0.43,
                        "Total Cost": 5.77,
                        "Plan Rows": 1,
                        "Plan Width": 4,
                        "Actual Startup Time": 0.005,
                        "Actual Total Time": 0.005,
                        "Actual Rows": 0,
                        "Actual Loops": 18214,
                        "Index Cond": "(id = mi.movie_id)",
                        "Rows Removed by Index Recheck": 0,
                        "Filter": "((kind_id = 7) AND (production_year = 2009))",
                        "Rows Removed by Filter": 1
                      }
                    ]
                  },
                  {
                    "Node Type": "Index Only Scan",
                    "Parent Relationship": "Inner",
                    "Parallel Aware": false,
                    "Scan Direction": "Forward",
                    "Index Name": "movie_id_cast_info",
                    "Relation Name": "cast_info",
                    "Alias": "ci",
                    "Startup Cost": 0.56,
                    "Total Cost": 17.21,
                    "Plan Rows": 37,
                    "Plan Width": 4,
                    "Actual Startup Time": 0.026,
                    "Actual Total Time": 0.094,
                    "Actual Rows": 28,
                    "Actual Loops": 1,
                    "Index Cond": "(movie_id = t.id)",
                    "Rows Removed by Index Recheck": 0,
                    "Heap Fetches": 28
                  }
                ]
              }
            ]
          }
        ]
      }
    ]
  },
  "Planning Time": 1.001,
  "Triggers": [],
  "Execution Time": 72.43
}