[
  {
    "Plan": {
      "Node Type": "Aggregate",
      "Strategy": "Plain",
      "Partial Mode": "Finalize",
      "Parallel Aware": false,
      "Startup Cost": 107521.4,
      "Total Cost": 107521.41,
      "Plan Rows": 1,
      "Plan Width": 8,
      "Actual Startup Time": 702.388,
      "Actual Total Time": 724.69,
      "Actual Rows": 1,
      "Actual Loops": 1,
      "Plans": [
        {
          "Node Type": "Gather",
          "Parent Relationship": "Outer",
          "Parallel Aware": false,
          "Startup Cost": 107521.19,
          "Total Cost": 107521.4,
          "Plan Rows": 2,
          "Plan Width": 8,
          "Actual Startup Time": 691.267,
          "Actual Total Time": 724.682,
          "Actual Rows": 3,
          "Actual Loops": 1,
          "Workers Planned": 2,
          "Workers Launched": 2,
          "Single Copy": false,
          "Plans": [
            {
              "Node Type": "Aggregate",
              "Strategy": "Plain",
              "Partial Mode": "Partial",
              "Parent Relationship": "Outer",
              "Parallel Aware": false,
              "Startup Cost": 106521.19,
              "Total Cost": 106521.2,
              "Plan Rows": 1,
              "Plan Width": 8,
              "Actual Startup Time": 688.013,
              "Actual Total Time": 688.019,
              "Actual Rows": 1,
              "Actual Loops": 3,
              "Plans": [
                {
                  "Node Type": "Hash Join",
                  "Parent Relationship": "Outer",
                  "Parallel Aware": true,
                  "Join Type": "Inner",
                  "Startup Cost": 90016.47,
                  "Total Cost": 106231.59,
                  "Plan Rows": 115838,
                  "Plan Width": 0,
                  "Actual Startup Time": 570.634,
                  "Actual Total Time": 671.595,
                  "Actual Rows": 391498,
                  "Actual Loops": 3,
                  "Inner Unique": false,
                  "Hash Cond": "(mi_idx.movie_id = t.id)",
                  "Plans": [
                    {
                      "Node Type": "Seq Scan",
                      "Parent Relationship": "Outer",
                      "Parallel Aware": true,
                      "Relation Name": "movie_info_idx",
                      "Alias": "mi_idx",
                      "Startup Cost": 0.0,
                      "Total Cost": 13685.15,
                      "Plan Rows": 575015,
                      "Plan Width": 4,
                      "Actual Startup Time": 0.021,
                      "Actual Total Time": 33.853,
                      "Actual Rows": 460012,
                      "Actual Loops": 3
                    },
                    {
                      "Node Type": "Hash",
                      "Parent Relationship": "Inner",
                      "Parallel Aware": true,
                      "Startup Cost": 87962.68,
                      "Total Cost": 87962.68,
                      "Plan Rows": 164303,
                      "Plan Width": 8,
                      "Actual Startup Time": 558.638,
                      "Actual Total Time": 558.643,
                      "Actual Rows": 166509,
                      "Actual Loops": 3,
                      "Hash Buckets": 524288,
                      "Original Hash Buckets": 524288,
                      "Hash Batches": 1,
                      "Original Hash Batches": 1,
                      "Peak Memory Usage": 23680,
                      "Plans": [
                        {
                          "Node Type": "Hash Join",
                          "Parent Relationship": "Outer",
                          "Parallel Aware": true,
                          "Join Type": "Inner",
                          "Startup Cost": 61023.61,
                          "Total Cost": 87962.68,
                          "Plan Rows": 164303,
                          "Plan Width": 8,
                          "Actual Startup Time": 418.504,
                          "Actual Total Time": 521.1,
                          "Actual Rows": 166509,
                          "Actual Loops": 3,
                          "Inner Unique": true,
                          "Hash Cond": "(mk.movie_id = t.id)",
                          "Plans": [
                            {
                              "Node Type": "Bitmap Heap Scan",
                              "Parent Relationship": "Outer",
                              "Parallel Aware": true,
                              "Relation Name": "movie_keyword",
                              "Alias": "mk",
                              "Startup Cost": 10803.8,
                              "Total Cost": 37311.58,
                              "Plan Rows": 164303,
                              "Plan Width": 4,
                              "Actual Startup Time": 30.45,
                              "Actual Total Time": 85.022,
                              "Actual Rows": 166509,
                              "Actual Loops": 3,
                              "Recheck Cond": "(keyword_id > 36091)",
                              "Rows Removed by Index Recheck": 0,
                              "Exact Heap Blocks": 8745,
                              "Lossy Heap Blocks": 0,
                              "Plans": [
                                {
                                  "Node Type": "Bitmap Index Scan",
                                  "Parent Relationship": "Outer",
                                  "Parallel Aware": false,
                                  "Index Name": "keyword_id_movie_keyword",
                                  "Startup Cost": 0.0,
                                  "Total Cost": 10676.47,
                                  "Plan Rows": 509338,
                                  "Plan Width": 0,
                                  "Actual Startup Time": 27.013,
                                  "Actual Total Time": 27.014,
                                  "Actual Rows": 499527,
                                  "Actual Loops": 1,
                                  "Index Cond": "(keyword_id > 36091)"
                                }
                              ]
                            },
                            {
                              "Node Type": "Hash",
                              "Parent Relationship": "Inner",
                              "Parallel Aware": true,
                              "Startup Cost": 42318.81,
                              "Total Cost": 42318.81,
                              "Plan Rows": 632080,
                              "Plan Width": 4,
                              "Actual Startup Time": 378.236,
                              "Actual Total Time": 378.237,
                              "Actual Rows": 842771,
                              "Actual Loops": 3,
                              "Hash Buckets": 4194304,
                              "Original Hash Buckets": 4194304,
                              "Hash Batches": 1,
                              "Original Hash Batches": 1,
                              "Peak Memory Usage": 131680,
                              "Plans": [
                                {
                                  "Node Type": "Seq Scan",
                                  "Parent Relationship": "Outer",
                                  "Parallel Aware": true,
                                  "Relation Name": "title",
                                  "Alias": "t",
                                  "Startup Cost": 0.0,
                                  "Total Cost": 42318.81,
                                  "Plan Rows": 632080,
                                  "Plan Width": 4,
                                  "Actual Startup Time": 0.032,
                                  "Actual Total Time": 108.145,
                                  "Actual Rows": 842771,
                                  "Actual Loops": 3
                                }
                              ]
                            }
                          ]
                        }
                      ]
                    }
                  ]
                }
              ]
            }
          ]
        }
      ]
    },
    "Planning Time": 0.549,
    "Triggers": [],
    "Execution Time": 724.74
  }
]