[
  {
    "Plan": {
      "Node Type": "Aggregate",
      "Strategy": "Plain",
      "Partial Mode": "Finalize",
      "Parallel Aware": false,
      "Startup Cost": 62607.11,
      "Total Cost": 62607.12,
      "Plan Rows": 1,
      "Plan Width": 8,
      "Actual Startup Time": 267.668,
      "Actual Total Time": 280.618,
      "Actual Rows": 1,
      "Actual Loops": 1,
      "Plans": [
        {
          "Node Type": "Gather",
          "Parent Relationship": "Outer",
          "Parallel Aware": false,
          "Startup Cost": 62606.89,
          "Total Cost": 62607.1,
          "Plan Rows": 2,
          "Plan Width": 8,
          "Actual Startup Time": 265.752,
          "Actual Total Time": 280.609,
          "Actual Rows": 3,
          "Actual Loops": 1,
          "Workers Planned": 2,
          "Workers Launched": 2,
          "Single Copy": false,
          "Plans": [
            {
              "Node Type": "Aggregate",
              "Strategy": "Plain",
              "Partial Mode": "Partial",
              "Parent Relationship": "Outer",
              "Parallel Aware": false,
              "Startup Cost": 61606.89,
              "Total Cost": 61606.9,
              "Plan Rows": 1,
              "Plan Width": 8,
              "Actual Startup Time": 260.228,
              "Actual Total Time": 260.327,
              "Actual Rows": 1,
              "Actual Loops": 3,
              "Plans": [
                {
                  "Node Type": "Hash Join",
                  "Parent Relationship": "Outer",
                  "Parallel Aware": true,
                  "Join Type": "Inner",
                  "Startup Cost": 46268.67,
                  "Total Cost": 61463.23,
                  "Plan Rows": 57464,
                  "Plan Width": 0,
                  "Actual Startup Time": 193.837,
                  "Actual Total Time": 255.69,
                  "Actual Rows": 115447,
                  "Actual Loops": 3,
                  "Inner Unique": true,
                  "Hash Cond": "(mi_idx.movie_id = t.id)",
                  "Plans": [
                    {
                      "Node Type": "Seq Scan",
                      "Parent Relationship": "Outer",
                      "Parallel Aware": true,
                      "Relation Name": "movie_info_idx",
                      "Alias": "mi_idx",
                      "Startup Cost": 0.0,
                      "Total Cost": 13685.15,
                      "Plan Rows": 575015,
                      "Plan Width": 4,
                      "Actual Startup Time": 0.021,
                      "Actual Total Time": 34.871,
                      "Actual Rows": 460012,
                      "Actual Loops": 3
                    },
                    {
                      "Node Type": "Hash",
                      "Parent Relationship": "Inner",
                      "Parallel Aware": true,
                      "Startup Cost": 45479.1,
                      "Total Cost": 45479.1,
                      "Plan Rows": 63166,
                      "Plan Width": 4,
                      "Actual Startup Time": 156.67,
                      "Actual Total Time": 156.671,
                      "Actual Rows": 122206,
                      "Actual Loops": 3,
                      "Hash Buckets": 524288,
                      "Original Hash Buckets": 262144,
                      "Hash Batches": 1,
                      "Original Hash Batches": 1,
                      "Peak Memory Usage": 20512,
                      "Plans": [
                        {
                          "Node Type": "Seq Scan",
                          "Parent Relationship": "Outer",
                          "Parallel Aware": true,
                          "Relation Name": "title",
                          "Alias": "t",
                          "Startup Cost": 0.0,
                          "Total Cost": 45479.1,
                          "Plan Rows": 63166,
                          "Plan Width": 4,
                          "Actual Startup Time": 66.385,
                          "Actual Total Time": 116.139,
                          "Actual Rows": 122206,
                          "Actual Loops": 3,
                          "Filter": "((production_year < 1999) AND (kind_id = 1))",
                          "Rows Removed by Filter": 720565
                        }
                      ]
                    }
                  ]
                }
              ]
            }
          ]
        }
      ]
    },
    "Planning Time": 0.487,
    "Triggers": [],
    "Execution Time": 280.675
  }
]