[
  {
    "Plan": {
      "Node Type": "Aggregate",
      "Strategy": "Plain",
      "Partial Mode": "Finalize",
      "Parallel Aware": false,
      "Startup Cost": 32777.48,
      "Total Cost": 32777.49,
      "Plan Rows": 1,
      "Plan Width": 8,
      "Actual Startup Time": 82.44,
      "Actual Total Time": 90.194,
      "Actual Rows": 1,
      "Actual Loops": 1,
      "Plans": [
        {
          "Node Type": "Gather",
          "Parent Relationship": "Outer",
          "Parallel Aware": false,
          "Startup Cost": 32777.16,
          "Total Cost": 32777.47,
          "Plan Rows": 3,
          "Plan Width": 8,
          "Actual Startup Time": 82.306,
          "Actual Total Time": 90.185,
          "Actual Rows": 4,
          "Actual Loops": 1,
          "Workers Planned": 3,
          "Workers Launched": 3,
          "Single Copy": false,
          "Plans": [
            {
              "Node Type": "Aggregate",
              "Strategy": "Plain",
              "Partial Mode": "Partial",
              "Parent Relationship": "Outer",
              "Parallel Aware": false,
              "Startup Cost": 31777.16,
              "Total Cost": 31777.17,
              "Plan Rows": 1,
              "Plan Width": 8,
              "Actual Startup Time": 75.219,
              "Actual Total Time": 75.22,
              "Actual Rows": 1,
              "Actual Loops": 4,
              "Plans": [
                {
                  "Node Type": "Seq Scan",
                  "Parent Relationship": "Outer",
                  "Parallel Aware": true,
                  "Relation Name": "movie_companies",
                  "Alias": "mc",
                  "Startup Cost": 0.0,
                  "Total Cost": 31414.82,
                  "Plan Rows": 144938,
                  "Plan Width": 0,
                  "Actual Startup Time": 23.747,
                  "Actual Total Time": 73.506,
                  "Actual Rows": 33531,
                  "Actual Loops": 4,
                  "Filter": "((company_id > 19907) AND (company_type_id < 2))",
                  "Rows Removed by Filter": 618751
                }
              ]
            }
          ]
        }
      ]
    },
    "Planning Time": 0.21,
    "Triggers": [],
    "Execution Time": 90.248
  }
]