[
    {
        "Bao": {
            "Bao prediction": "NaN",
            "Bao recommended hint": "(no hint)"
        }
    },
    {
        "Plan": {
            "Node Type": "Aggregate",
            "Strategy": "Plain",
            "Partial Mode": "Finalize",
            "Parallel Aware": false,
            "Startup Cost": 589607.77,
            "Total Cost": 589607.78,
            "Plan Rows": 1,
            "Plan Width": 8,
            "Actual Startup Time": 1665.171,
            "Actual Total Time": 1694.022,
            "Actual Rows": 1,
            "Actual Loops": 1,
            "Output": [
                "count(*)"
            ],
            "Plans": [
                {
                    "Node Type": "Gather",
                    "Parent Relationship": "Outer",
                    "Parallel Aware": false,
                    "Startup Cost": 589607.14,
                    "Total Cost": 589607.75,
                    "Plan Rows": 6,
                    "Plan Width": 8,
                    "Actual Startup Time": 1641.301,
                    "Actual Total Time": 1694.012,
                    "Actual Rows": 7,
                    "Actual Loops": 1,
                    "Output": [
                        "(PARTIAL count(*))"
                    ],
                    "Workers Planned": 6,
                    "Workers Launched": 6,
                    "Single Copy": false,
                    "Plans": [
                        {
                            "Node Type": "Aggregate",
                            "Strategy": "Plain",
                            "Partial Mode": "Partial",
                            "Parent Relationship": "Outer",
                            "Parallel Aware": false,
                            "Startup Cost": 588607.14,
                            "Total Cost": 588607.15,
                            "Plan Rows": 1,
                            "Plan Width": 8,
                            "Actual Startup Time": 1628.114,
                            "Actual Total Time": 1628.2,
                            "Actual Rows": 1,
                            "Actual Loops": 7,
                            "Output": [
                                "PARTIAL count(*)"
                            ],
                            "Workers": [
                                {
                                    "Worker Number": 0,
                                    "Actual Startup Time": 1625.752,
                                    "Actual Total Time": 1625.758,
                                    "Actual Rows": 1,
                                    "Actual Loops": 1
                                },
                                {
                                    "Worker Number": 1,
                                    "Actual Startup Time": 1627.168,
                                    "Actual Total Time": 1627.174,
                                    "Actual Rows": 1,
                                    "Actual Loops": 1
                                },
                                {
                                    "Worker Number": 2,
                                    "Actual Startup Time": 1625.751,
                                    "Actual Total Time": 1625.756,
                                    "Actual Rows": 1,
                                    "Actual Loops": 1
                                },
                                {
                                    "Worker Number": 3,
                                    "Actual Startup Time": 1625.743,
                                    "Actual Total Time": 1625.75,
                                    "Actual Rows": 1,
                                    "Actual Loops": 1
                                },
                                {
                                    "Worker Number": 4,
                                    "Actual Startup Time": 1625.962,
                                    "Actual Total Time": 1625.97,
                                    "Actual Rows": 1,
                                    "Actual Loops": 1
                                },
                                {
                                    "Worker Number": 5,
                                    "Actual Startup Time": 1625.771,
                                    "Actual Total Time": 1625.778,
                                    "Actual Rows": 1,
                                    "Actual Loops": 1
                                }
                            ],
                            "Plans": [
                                {
                                    "Node Type": "Hash Join",
                                    "Parent Relationship": "Outer",
                                    "Parallel Aware": true,
                                    "Join Type": "Inner",
                                    "Startup Cost": 241237.45,
                                    "Total Cost": 587675.82,
                                    "Plan Rows": 372531,
                                    "Plan Width": 0,
                                    "Actual Startup Time": 578.137,
                                    "Actual Total Time": 1581.542,
                                    "Actual Rows": 904826,
                                    "Actual Loops": 7,
                                    "Inner Unique": false,
                                    "Hash Cond": "(ci.movie_id = t.id)",
                                    "Workers": [
                                        {
                                            "Worker Number": 0,
                                            "Actual Startup Time": 575.899,
                                            "Actual Total Time": 1574.341,
                                            "Actual Rows": 760433,
                                            "Actual Loops": 1
                                        },
                                        {
                                            "Worker Number": 1,
                                            "Actual Startup Time": 575.917,
                                            "Actual Total Time": 1575.803,
                                            "Actual Rows": 757421,
                                            "Actual Loops": 1
                                        },
                                        {
                                            "Worker Number": 2,
                                            "Actual Startup Time": 576.003,
                                            "Actual Total Time": 1575.094,
                                            "Actual Rows": 750394,
                                            "Actual Loops": 1
                                        },
                                        {
                                            "Worker Number": 3,
                                            "Actual Startup Time": 576.09,
                                            "Actual Total Time": 1585.492,
                                            "Actual Rows": 951796,
                                            "Actual Loops": 1
                                        },
                                        {
                                            "Worker Number": 4,
                                            "Actual Startup Time": 576.217,
                                            "Actual Total Time": 1581.696,
                                            "Actual Rows": 1061285,
                                            "Actual Loops": 1
                                        },
                                        {
                                            "Worker Number": 5,
                                            "Actual Startup Time": 575.872,
                                            "Actual Total Time": 1585.842,
                                            "Actual Rows": 936617,
                                            "Actual Loops": 1
                                        }
                                    ],
                                    "Plans": [
                                        {
                                            "Node Type": "Index Scan",
                                            "Parent Relationship": "Outer",
                                            "Parallel Aware": true,
                                            "Scan Direction": "Forward",
                                            "Index Name": "role_id_cast_info",
                                            "Relation Name": "cast_info",
                                            "Schema": "public",
                                            "Alias": "ci",
                                            "Startup Cost": 0.56,
                                            "Total Cost": 342814.42,
                                            "Plan Rows": 767852,
                                            "Plan Width": 4,
                                            "Actual Startup Time": 0.194,
                                            "Actual Total Time": 458.986,
                                            "Actual Rows": 1350992,
                                            "Actual Loops": 7,
                                            "Output": [
                                                "ci.id",
                                                "ci.person_id",
                                                "ci.movie_id",
                                                "ci.person_role_id",
                                                "ci.note",
                                                "ci.nr_order",
                                                "ci.role_id"
                                            ],
                                            "Index Cond": "(ci.role_id < 2)",
                                            "Rows Removed by Index Recheck": 0,
                                            "Filter": "(ci.person_id < 1291796)",
                                            "Rows Removed by Filter": 459106,
                                            "Workers": [
                                                {
                                                    "Worker Number": 0,
                                                    "Actual Startup Time": 0.063,
                                                    "Actual Total Time": 484.066,
                                                    "Actual Rows": 1132170,
                                                    "Actual Loops": 1
                                                },
                                                {
                                                    "Worker Number": 1,
                                                    "Actual Startup Time": 0.173,
                                                    "Actual Total Time": 486.097,
                                                    "Actual Rows": 1137240,
                                                    "Actual Loops": 1
                                                },
                                                {
                                                    "Worker Number": 2,
                                                    "Actual Startup Time": 0.215,
                                                    "Actual Total Time": 482.549,
                                                    "Actual Rows": 1119691,
                                                    "Actual Loops": 1
                                                },
                                                {
                                                    "Worker Number": 3,
                                                    "Actual Startup Time": 0.315,
                                                    "Actual Total Time": 436.698,
                                                    "Actual Rows": 1431132,
                                                    "Actual Loops": 1
                                                },
                                                {
                                                    "Worker Number": 4,
                                                    "Actual Startup Time": 0.24,
                                                    "Actual Total Time": 461.674,
                                                    "Actual Rows": 1577551,
                                                    "Actual Loops": 1
                                                },
                                                {
                                                    "Worker Number": 5,
                                                    "Actual Startup Time": 0.098,
                                                    "Actual Total Time": 430.805,
                                                    "Actual Rows": 1393080,
                                                    "Actual Loops": 1
                                                }
                                            ]
                                        },
                                        {
                                            "Node Type": "Hash",
                                            "Parent Relationship": "Inner",
                                            "Parallel Aware": true,
                                            "Startup Cost": 238170.29,
                                            "Total Cost": 238170.29,
                                            "Plan Rows": 245328,
                                            "Plan Width": 8,
                                            "Actual Startup Time": 573.509,
                                            "Actual Total Time": 573.593,
                                            "Actual Rows": 185570,
                                            "Actual Loops": 7,
                                            "Output": [
                                                "t.id",
                                                "mi.movie_id"
                                            ],
                                            "Hash Buckets": 2097152,
                                            "Original Hash Buckets": 2097152,
                                            "Hash Batches": 1,
                                            "Original Hash Batches": 1,
                                            "Peak Memory Usage": 67296,
                                            "Workers": [
                                                {
                                                    "Worker Number": 0,
                                                    "Actual Startup Time": 574.994,
                                                    "Actual Total Time": 574.999,
                                                    "Actual Rows": 165333,
                                                    "Actual Loops": 1
                                                },
                                                {
                                                    "Worker Number": 1,
                                                    "Actual Startup Time": 575.157,
                                                    "Actual Total Time": 575.162,
                                                    "Actual Rows": 164920,
                                                    "Actual Loops": 1
                                                },
                                                {
                                                    "Worker Number": 2,
                                                    "Actual Startup Time": 575.078,
                                                    "Actual Total Time": 575.082,
                                                    "Actual Rows": 161832,
                                                    "Actual Loops": 1
                                                },
                                                {
                                                    "Worker Number": 3,
                                                    "Actual Startup Time": 575.179,
                                                    "Actual Total Time": 575.184,
                                                    "Actual Rows": 200200,
                                                    "Actual Loops": 1
                                                },
                                                {
                                                    "Worker Number": 4,
                                                    "Actual Startup Time": 575.484,
                                                    "Actual Total Time": 575.492,
                                                    "Actual Rows": 213679,
                                                    "Actual Loops": 1
                                                },
                                                {
                                                    "Worker Number": 5,
                                                    "Actual Startup Time": 575.136,
                                                    "Actual Total Time": 575.141,
                                                    "Actual Rows": 171512,
                                                    "Actual Loops": 1
                                                }
                                            ],
                                            "Plans": [
                                                {
                                                    "Node Type": "Hash Join",
                                                    "Parent Relationship": "Outer",
                                                    "Parallel Aware": true,
                                                    "Join Type": "Inner",
                                                    "Startup Cost": 72466.7,
                                                    "Total Cost": 238170.29,
                                                    "Plan Rows": 245328,
                                                    "Plan Width": 8,
                                                    "Actual Startup Time": 350.019,
                                                    "Actual Total Time": 481.351,
                                                    "Actual Rows": 185570,
                                                    "Actual Loops": 7,
                                                    "Output": [
                                                        "t.id",
                                                        "mi.movie_id"
                                                    ],
                                                    "Inner Unique": true,
                                                    "Hash Cond": "(mi.movie_id = t.id)",
                                                    "Workers": [
                                                        {
                                                            "Worker Number": 0,
                                                            "Actual Startup Time": 349.996,
                                                            "Actual Total Time": 482.582,
                                                            "Actual Rows": 165333,
                                                            "Actual Loops": 1
                                                        },
                                                        {
                                                            "Worker Number": 1,
                                                            "Actual Startup Time": 350.225,
                                                            "Actual Total Time": 480.706,
                                                            "Actual Rows": 164920,
                                                            "Actual Loops": 1
                                                        },
                                                        {
                                                            "Worker Number": 2,
                                                            "Actual Startup Time": 350.008,
                                                            "Actual Total Time": 480.443,
                                                            "Actual Rows": 161832,
                                                            "Actual Loops": 1
                                                        },
                                                        {
                                                            "Worker Number": 3,
                                                            "Actual Startup Time": 349.706,
                                                            "Actual Total Time": 481.793,
                                                            "Actual Rows": 200200,
                                                            "Actual Loops": 1
                                                        },
                                                        {
                                                            "Worker Number": 4,
                                                            "Actual Startup Time": 350.163,
                                                            "Actual Total Time": 480.217,
                                                            "Actual Rows": 213679,
                                                            "Actual Loops": 1
                                                        },
                                                        {
                                                            "Worker Number": 5,
                                                            "Actual Startup Time": 350.046,
                                                            "Actual Total Time": 480.914,
                                                            "Actual Rows": 171512,
                                                            "Actual Loops": 1
                                                        }
                                                    ],
                                                    "Plans": [
                                                        {
                                                            "Node Type": "Bitmap Heap Scan",
                                                            "Parent Relationship": "Outer",
                                                            "Parallel Aware": true,
                                                            "Relation Name": "movie_info",
                                                            "Schema": "public",
                                                            "Alias": "mi",
                                                            "Startup Cost": 22246.9,
                                                            "Total Cost": 187306.49,
                                                            "Plan Rows": 245328,
                                                            "Plan Width": 4,
                                                            "Actual Startup Time": 93.002,
                                                            "Actual Total Time": 121.076,
                                                            "Actual Rows": 185570,
                                                            "Actual Loops": 7,
                                                            "Output": [
                                                                "mi.id",
                                                                "mi.movie_id",
                                                                "mi.info_type_id",
                                                                "mi.info",
                                                                "mi.note"
                                                            ],
                                                            "Recheck Cond": "(mi.info_type_id = 4)",
                                                            "Rows Removed by Index Recheck": 0,
                                                            "Exact Heap Blocks": 1430,
                                                            "Lossy Heap Blocks": 0,
                                                            "Workers": [
                                                                {
                                                                    "Worker Number": 0,
                                                                    "Actual Startup Time": 92.976,
                                                                    "Actual Total Time": 123.397,
                                                                    "Actual Rows": 165333,
                                                                    "Actual Loops": 1
                                                                },
                                                                {
                                                                    "Worker Number": 1,
                                                                    "Actual Startup Time": 93.193,
                                                                    "Actual Total Time": 123.637,
                                                                    "Actual Rows": 164920,
                                                                    "Actual Loops": 1
                                                                },
                                                                {
                                                                    "Worker Number": 2,
                                                                    "Actual Startup Time": 92.999,
                                                                    "Actual Total Time": 123.171,
                                                                    "Actual Rows": 161832,
                                                                    "Actual Loops": 1
                                                                },
                                                                {
                                                                    "Worker Number": 3,
                                                                    "Actual Startup Time": 92.739,
                                                                    "Actual Total Time": 119.001,
                                                                    "Actual Rows": 200200,
                                                                    "Actual Loops": 1
                                                                },
                                                                {
                                                                    "Worker Number": 4,
                                                                    "Actual Startup Time": 93.182,
                                                                    "Actual Total Time": 121.096,
                                                                    "Actual Rows": 213679,
                                                                    "Actual Loops": 1
                                                                },
                                                                {
                                                                    "Worker Number": 5,
                                                                    "Actual Startup Time": 93.072,
                                                                    "Actual Total Time": 120.055,
                                                                    "Actual Rows": 171512,
                                                                    "Actual Loops": 1
                                                                }
                                                            ],
                                                            "Plans": [
                                                                {
                                                                    "Node Type": "Bitmap Index Scan",
                                                                    "Parent Relationship": "Outer",
                                                                    "Parallel Aware": false,
                                                                    "Index Name": "info_type_id_movie_info",
                                                                    "Startup Cost": 0.0,
                                                                    "Total Cost": 21940.24,
                                                                    "Plan Rows": 1226640,
                                                                    "Plan Width": 0,
                                                                    "Actual Startup Time": 91.505,
                                                                    "Actual Total Time": 91.506,
                                                                    "Actual Rows": 1298989,
                                                                    "Actual Loops": 1,
                                                                    "Index Cond": "(mi.info_type_id = 4)",
                                                                    "Workers": [
                                                                        {
                                                                            "Worker Number": 3,
                                                                            "Actual Startup Time": 91.505,
                                                                            "Actual Total Time": 91.506,
                                                                            "Actual Rows": 1298989,
                                                                            "Actual Loops": 1
                                                                        }
                                                                    ]
                                                                }
                                                            ]
                                                        },
                                                        {
                                                            "Node Type": "Hash",
                                                            "Parent Relationship": "Inner",
                                                            "Parallel Aware": true,
                                                            "Startup Cost": 42318.81,
                                                            "Total Cost": 42318.81,
                                                            "Plan Rows": 632080,
                                                            "Plan Width": 4,
                                                            "Actual Startup Time": 253.186,
                                                            "Actual Total Time": 253.187,
                                                            "Actual Rows": 361187,
                                                            "Actual Loops": 7,
                                                            "Output": [
                                                                "t.id"
                                                            ],
                                                            "Hash Buckets": 4194304,
                                                            "Original Hash Buckets": 4194304,
                                                            "Hash Batches": 1,
                                                            "Original Hash Batches": 1,
                                                            "Peak Memory Usage": 131776,
                                                            "Workers": [
                                                                {
                                                                    "Worker Number": 0,
                                                                    "Actual Startup Time": 256.824,
                                                                    "Actual Total Time": 256.825,
                                                                    "Actual Rows": 296012,
                                                                    "Actual Loops": 1
                                                                },
                                                                {
                                                                    "Worker Number": 1,
                                                                    "Actual Startup Time": 256.915,
                                                                    "Actual Total Time": 256.916,
                                                                    "Actual Rows": 295341,
                                                                    "Actual Loops": 1
                                                                },
                                                                {
                                                                    "Worker Number": 2,
                                                                    "Actual Startup Time": 256.912,
                                                                    "Actual Total Time": 256.914,
                                                                    "Actual Rows": 293460,
                                                                    "Actual Loops": 1
                                                                },
                                                                {
                                                                    "Worker Number": 3,
                                                                    "Actual Startup Time": 256.789,
                                                                    "Actual Total Time": 256.791,
                                                                    "Actual Rows": 354374,
                                                                    "Actual Loops": 1
                                                                },
                                                                {
                                                                    "Worker Number": 4,
                                                                    "Actual Startup Time": 256.862,
                                                                    "Actual Total Time": 256.867,
                                                                    "Actual Rows": 404032,
                                                                    "Actual Loops": 1
                                                                },
                                                                {
                                                                    "Worker Number": 5,
                                                                    "Actual Startup Time": 256.849,
                                                                    "Actual Total Time": 256.851,
                                                                    "Actual Rows": 345117,
                                                                    "Actual Loops": 1
                                                                }
                                                            ],
                                                            "Plans": [
                                                                {
                                                                    "Node Type": "Seq Scan",
                                                                    "Parent Relationship": "Outer",
                                                                    "Parallel Aware": true,
                                                                    "Relation Name": "title",
                                                                    "Schema": "public",
                                                                    "Alias": "t",
                                                                    "Startup Cost": 0.0,
                                                                    "Total Cost": 42318.81,
                                                                    "Plan Rows": 632080,
                                                                    "Plan Width": 4,
                                                                    "Actual Startup Time": 0.039,
                                                                    "Actual Total Time": 70.767,
                                                                    "Actual Rows": 361187,
                                                                    "Actual Loops": 7,
                                                                    "Output": [
                                                                        "t.id"
                                                                    ],
                                                                    "Workers": [
                                                                        {
                                                                            "Worker Number": 0,
                                                                            "Actual Startup Time": 0.04,
                                                                            "Actual Total Time": 77.162,
                                                                            "Actual Rows": 296012,
                                                                            "Actual Loops": 1
                                                                        },
                                                                        {
                                                                            "Worker Number": 1,
                                                                            "Actual Startup Time": 0.038,
                                                                            "Actual Total Time": 77.02,
                                                                            "Actual Rows": 295341,
                                                                            "Actual Loops": 1
                                                                        },
                                                                        {
                                                                            "Worker Number": 2,
                                                                            "Actual Startup Time": 0.038,
                                                                            "Actual Total Time": 76.686,
                                                                            "Actual Rows": 293460,
                                                                            "Actual Loops": 1
                                                                        },
                                                                        {
                                                                            "Worker Number": 3,
                                                                            "Actual Startup Time": 0.054,
                                                                            "Actual Total Time": 68.384,
                                                                            "Actual Rows": 354374,
                                                                            "Actual Loops": 1
                                                                        },
                                                                        {
                                                                            "Worker Number": 4,
                                                                            "Actual Startup Time": 0.047,
                                                                            "Actual Total Time": 70.98,
                                                                            "Actual Rows": 404032,
                                                                            "Actual Loops": 1
                                                                        },
                                                                        {
                                                                            "Worker Number": 5,
                                                                            "Actual Startup Time": 0.044,
                                                                            "Actual Total Time": 68.119,
                                                                            "Actual Rows": 345117,
                                                                            "Actual Loops": 1
                                                                        }
                                                                    ]
                                                                }
                                                            ]
                                                        }
                                                    ]
                                                }
                                            ]
                                        }
                                    ]
                                }
                            ]
                        }
                    ]
                }
            ]
        },
        "Planning Time": 200.655,
        "Triggers": [],
        "Execution Time": 1694.172
    }
]