[
  {
    "Plan": {
      "Node Type": "Aggregate",
      "Strategy": "Plain",
      "Partial Mode": "Finalize",
      "Parallel Aware": false,
      "Startup Cost": 32881.16,
      "Total Cost": 32881.17,
      "Plan Rows": 1,
      "Plan Width": 8,
      "Actual Startup Time": 89.262,
      "Actual Total Time": 97.623,
      "Actual Rows": 1,
      "Actual Loops": 1,
      "Plans": [
        {
          "Node Type": "Gather",
          "Parent Relationship": "Outer",
          "Parallel Aware": false,
          "Startup Cost": 32880.84,
          "Total Cost": 32881.15,
          "Plan Rows": 3,
          "Plan Width": 8,
          "Actual Startup Time": 89.113,
          "Actual Total Time": 97.609,
          "Actual Rows": 4,
          "Actual Loops": 1,
          "Workers Planned": 3,
          "Workers Launched": 3,
          "Single Copy": false,
          "Plans": [
            {
              "Node Type": "Aggregate",
              "Strategy": "Plain",
              "Partial Mode": "Partial",
              "Parent Relationship": "Outer",
              "Parallel Aware": false,
              "Startup Cost": 31880.84,
              "Total Cost": 31880.85,
              "Plan Rows": 1,
              "Plan Width": 8,
              "Actual Startup Time": 83.215,
              "Actual Total Time": 83.216,
              "Actual Rows": 1,
              "Actual Loops": 4,
              "Plans": [
                {
                  "Node Type": "Seq Scan",
                  "Parent Relationship": "Outer",
                  "Parallel Aware": true,
                  "Relation Name": "movie_companies",
                  "Alias": "mc",
                  "Startup Cost": 0.0,
                  "Total Cost": 31414.82,
                  "Plan Rows": 186409,
                  "Plan Width": 0,
                  "Actual Startup Time": 19.642,
                  "Actual Total Time": 79.113,
                  "Actual Rows": 74297,
                  "Actual Loops": 4,
                  "Filter": "((company_id > 12743) AND (company_type_id = 1))",
                  "Rows Removed by Filter": 577986
                }
              ]
            }
          ]
        }
      ]
    },
    "Planning Time": 0.199,
    "Triggers": [],
    "Execution Time": 97.672
  }
]