[
  {
    "Plan": {
      "Node Type": "Aggregate",
      "Strategy": "Plain",
      "Partial Mode": "Finalize",
      "Parallel Aware": false,
      "Startup Cost": 45613.62,
      "Total Cost": 45613.63,
      "Plan Rows": 1,
      "Plan Width": 8,
      "Actual Startup Time": 197.342,
      "Actual Total Time": 210.167,
      "Actual Rows": 1,
      "Actual Loops": 1,
      "Plans": [
        {
          "Node Type": "Gather",
          "Parent Relationship": "Outer",
          "Parallel Aware": false,
          "Startup Cost": 45613.3,
          "Total Cost": 45613.61,
          "Plan Rows": 3,
          "Plan Width": 8,
          "Actual Startup Time": 197.209,
          "Actual Total Time": 210.155,
          "Actual Rows": 4,
          "Actual Loops": 1,
          "Workers Planned": 3,
          "Workers Launched": 3,
          "Single Copy": false,
          "Plans": [
            {
              "Node Type": "Aggregate",
              "Strategy": "Plain",
              "Partial Mode": "Partial",
              "Parent Relationship": "Outer",
              "Parallel Aware": false,
              "Startup Cost": 44613.3,
              "Total Cost": 44613.31,
              "Plan Rows": 1,
              "Plan Width": 8,
              "Actual Startup Time": 188.821,
              "Actual Total Time": 188.823,
              "Actual Rows": 1,
              "Actual Loops": 4,
              "Plans": [
                {
                  "Node Type": "Seq Scan",
                  "Parent Relationship": "Outer",
                  "Parallel Aware": true,
                  "Relation Name": "movie_keyword",
                  "Alias": "mk",
                  "Startup Cost": 0.0,
                  "Total Cost": 42695.65,
                  "Plan Rows": 767058,
                  "Plan Width": 0,
                  "Actual Startup Time": 0.555,
                  "Actual Total Time": 152.053,
                  "Actual Rows": 593449,
                  "Actual Loops": 4,
                  "Filter": "(keyword_id > 4037)",
                  "Rows Removed by Filter": 537534
                }
              ]
            }
          ]
        }
      ]
    },
    "Planning Time": 0.158,
    "Triggers": [],
    "Execution Time": 210.221
  }
]