[
  {
    "Plan": {
      "Node Type": "Aggregate",
      "Strategy": "Plain",
      "Partial Mode": "Finalize",
      "Parallel Aware": false,
      "Startup Cost": 189212.8,
      "Total Cost": 189212.81,
      "Plan Rows": 1,
      "Plan Width": 8,
      "Actual Startup Time": 961.656,
      "Actual Total Time": 1015.387,
      "Actual Rows": 1,
      "Actual Loops": 1,
      "Plans": [
        {
          "Node Type": "Gather",
          "Parent Relationship": "Outer",
          "Parallel Aware": false,
          "Startup Cost": 189212.48,
          "Total Cost": 189212.79,
          "Plan Rows": 3,
          "Plan Width": 8,
          "Actual Startup Time": 958.758,
          "Actual Total Time": 1015.376,
          "Actual Rows": 4,
          "Actual Loops": 1,
          "Workers Planned": 3,
          "Workers Launched": 3,
          "Single Copy": false,
          "Plans": [
            {
              "Node Type": "Aggregate",
              "Strategy": "Plain",
              "Partial Mode": "Partial",
              "Parent Relationship": "Outer",
              "Parallel Aware": false,
              "Startup Cost": 188212.48,
              "Total Cost": 188212.49,
              "Plan Rows": 1,
              "Plan Width": 8,
              "Actual Startup Time": 949.361,
              "Actual Total Time": 949.365,
              "Actual Rows": 1,
              "Actual Loops": 4,
              "Plans": [
                {
                  "Node Type": "Nested Loop",
                  "Parent Relationship": "Outer",
                  "Parallel Aware": false,
                  "Join Type": "Inner",
                  "Startup Cost": 55444.76,
                  "Total Cost": 187704.63,
                  "Plan Rows": 203139,
                  "Plan Width": 0,
                  "Actual Startup Time": 192.059,
                  "Actual Total Time": 895.892,
                  "Actual Rows": 1257239,
                  "Actual Loops": 4,
                  "Inner Unique": false,
                  "Plans": [
                    {
                      "Node Type": "Hash Join",
                      "Parent Relationship": "Outer",
                      "Parallel Aware": true,
                      "Join Type": "Inner",
                      "Startup Cost": 55444.33,
                      "Total Cost": 82124.47,
                      "Plan Rows": 34741,
                      "Plan Width": 8,
                      "Actual Startup Time": 191.954,
                      "Actual Total Time": 272.307,
                      "Actual Rows": 37424,
                      "Actual Loops": 4,
                      "Inner Unique": true,
                      "Hash Cond": "(mk.movie_id = t.id)",
                      "Plans": [
                        {
                          "Node Type": "Bitmap Heap Scan",
                          "Parent Relationship": "Outer",
                          "Parallel Aware": true,
                          "Relation Name": "movie_keyword",
                          "Alias": "mk",
                          "Startup Cost": 9680.5,
                          "Total Cost": 35974.29,
                          "Plan Rows": 147183,
                          "Plan Width": 4,
                          "Actual Startup Time": 31.704,
                          "Actual Total Time": 75.889,
                          "Actual Rows": 118136,
                          "Actual Loops": 4,
                          "Recheck Cond": "(keyword_id < 359)",
                          "Rows Removed by Index Recheck": 0,
                          "Exact Heap Blocks": 7519,
                          "Lossy Heap Blocks": 0,
                          "Plans": [
                            {
                              "Node Type": "Bitmap Index Scan",
                              "Parent Relationship": "Outer",
                              "Parallel Aware": false,
                              "Index Name": "keyword_id_movie_keyword",
                              "Startup Cost": 0.0,
                              "Total Cost": 9566.44,
                              "Plan Rows": 456267,
                              "Plan Width": 0,
                              "Actual Startup Time": 27.979,
                              "Actual Total Time": 27.979,
                              "Actual Rows": 472545,
                              "Actual Loops": 1,
                              "Index Cond": "(keyword_id < 359)"
                            }
                          ]
                        },
                        {
                          "Node Type": "Hash",
                          "Parent Relationship": "Inner",
                          "Parallel Aware": true,
                          "Startup Cost": 43898.92,
                          "Total Cost": 43898.92,
                          "Plan Rows": 149193,
                          "Plan Width": 4,
                          "Actual Startup Time": 155.404,
                          "Actual Total Time": 155.404,
                          "Actual Rows": 150853,
                          "Actual Loops": 4,
                          "Hash Buckets": 1048576,
                          "Original Hash Buckets": 1048576,
                          "Hash Batches": 1,
                          "Original Hash Batches": 1,
                          "Peak Memory Usage": 31872,
                          "Plans": [
                            {
                              "Node Type": "Seq Scan",
                              "Parent Relationship": "Outer",
                              "Parallel Aware": true,
                              "Relation Name": "title",
                              "Alias": "t",
                              "Startup Cost": 0.0,
                              "Total Cost": 43898.92,
                              "Plan Rows": 149193,
                              "Plan Width": 4,
                              "Actual Startup Time": 0.047,
                              "Actual Total Time": 100.49,
                              "Actual Rows": 150853,
                              "Actual Loops": 4,
                              "Filter": "(production_year < 1986)",
                              "Rows Removed by Filter": 481225
                            }
                          ]
                        }
                      ]
                    },
                    {
                      "Node Type": "Index Only Scan",
                      "Parent Relationship": "Inner",
                      "Parallel Aware": false,
                      "Scan Direction": "Forward",
                      "Index Name": "movie_id_movie_info",
                      "Relation Name": "movie_info",
                      "Alias": "mi",
                      "Startup Cost": 0.43,
                      "Total Cost": 2.62,
                      "Plan Rows": 42,
                      "Plan Width": 4,
                      "Actual Startup Time": 0.004,
                      "Actual Total Time": 0.014,
                      "Actual Rows": 34,
                      "Actual Loops": 149696,
                      "Index Cond": "(movie_id = t.id)",
                      "Rows Removed by Index Recheck": 0,
                      "Heap Fetches": 5028955
                    }
                  ]
                }
              ]
            }
          ]
        }
      ]
    },
    "Planning Time": 1.359,
    "Triggers": [],
    "Execution Time": 1015.516
  }
]