{
  "Plan": {
    "Node Type": "Aggregate",
    "Strategy": "Plain",
    "Partial Mode": "Finalize",
    "Parallel Aware": false,
    "Startup Cost": 91425.82,
    "Total Cost": 91425.83,
    "Plan Rows": 1,
    "Plan Width": 8,
    "Actual Startup Time": 229.576,
    "Actual Total Time": 245.99,
    "Actual Rows": 1,
    "Actual Loops": 1,
    "Plans": [
      {
        "Node Type": "Gather",
        "Parent Relationship": "Outer",
        "Parallel Aware": false,
        "Startup Cost": 91425.7,
        "Total Cost": 91425.81,
        "Plan Rows": 1,
        "Plan Width": 8,
        "Actual Startup Time": 229.12,
        "Actual Total Time": 245.982,
        "Actual Rows": 2,
        "Actual Loops": 1,
        "Workers Planned": 1,
        "Workers Launched": 1,
        "Single Copy": false,
        "Plans": [
          {
            "Node Type": "Aggregate",
            "Strategy": "Plain",
            "Partial Mode": "Partial",
            "Parent Relationship": "Outer",
            "Parallel Aware": false,
            "Startup Cost": 90425.7,
            "Total Cost": 90425.71,
            "Plan Rows": 1,
            "Plan Width": 8,
            "Actual Startup Time": 222.943,
            "Actual Total Time": 222.948,
            "Actual Rows": 1,
            "Actual Loops": 2,
            "Plans": [
              {
                "Node Type": "Hash Join",
                "Parent Relationship": "Outer",
                "Parallel Aware": true,
                "Join Type": "Inner",
                "Startup Cost": 67614.35,
                "Total Cost": 90420.68,
                "Plan Rows": 2009,
                "Plan Width": 0,
                "Actual Startup Time": 200.164,
                "Actual Total Time": 222.912,
                "Actual Rows": 482,
                "Actual Loops": 2,
                "Inner Unique": true,
                "Hash Cond": "(mc.movie_id = t.id)",
                "Plans": [
                  {
                    "Node Type": "Bitmap Heap Scan",
                    "Parent Relationship": "Outer",
                    "Parallel Aware": true,
                    "Relation Name": "movie_companies",
                    "Alias": "mc",
                    "Startup Cost": 9008.79,
                    "Total Cost": 31487.38,
                    "Plan Rows": 124855,
                    "Plan Width": 4,
                    "Actual Startup Time": 52.66,
                    "Actual Total Time": 68.279,
                    "Actual Rows": 49204,
                    "Actual Loops": 2,
                    "Recheck Cond": "(company_id < 292)",
                    "Rows Removed by Index Recheck": 0,
                    "Filter": "(company_type_id > 1)",
                    "Rows Removed by Filter": 159303,
                    "Exact Heap Blocks": 10330,
                    "Lossy Heap Blocks": 0,
                    "Plans": [
                      {
                        "Node Type": "Bitmap Index Scan",
                        "Parent Relationship": "Outer",
                        "Parallel Aware": false,
                        "Index Name": "company_id_movie_companies",
                        "Startup Cost": 0.0,
                        "Total Cost": 8955.73,
                        "Plan Rows": 418040,
                        "Plan Width": 0,
                        "Actual Startup Time": 19.031,
                        "Actual Total Time": 19.032,
                        "Actual Rows": 417014,
                        "Actual Loops": 1,
                        "Index Cond": "(company_id < 292)"
                      }
                    ]
                  },
                  {
                    "Node Type": "Hash",
                    "Parent Relationship": "Inner",
                    "Parallel Aware": true,
                    "Startup Cost": 58306.47,
                    "Total Cost": 58306.47,
                    "Plan Rows": 23927,
                    "Plan Width": 4,
                    "Actual Startup Time": 146.096,
                    "Actual Total Time": 146.097,
                    "Actual Rows": 21926,
                    "Actual Loops": 2,
                    "Hash Buckets": 65536,
                    "Original Hash Buckets": 65536,
                    "Hash Batches": 1,
                    "Original Hash Batches": 1,
                    "Peak Memory Usage": 2272,
                    "Plans": [
                      {
                        "Node Type": "Seq Scan",
                        "Parent Relationship": "Outer",
                        "Parallel Aware": true,
                        "Relation Name": "title",
                        "Alias": "t",
                        "Startup Cost": 0.0,
                        "Total Cost": 58306.47,
                        "Plan Rows": 23927,
                        "Plan Width": 4,
                        "Actual Startup Time": 0.055,
                        "Actual Total Time": 139.158,
                        "Actual Rows": 21926,
                        "Actual Loops": 2,
                        "Filter": "((kind_id = 7) AND (production_year = 2003))",
                        "Rows Removed by Filter": 1242230
                      }
                    ]
                  }
                ]
              }
            ]
          }
        ]
      }
    ]
  },
  "Planning Time": 0.79,
  "Triggers": [],
  "Execution Time": 246.207
}