[
    {
        "Bao": {
            "Bao prediction": 720.326,
            "Bao recommended hint": "SET enable_mergejoin TO off; SET enable_indexscan TO off; "
        }
    },
    {
        "Plan": {
            "Node Type": "Aggregate",
            "Strategy": "Plain",
            "Partial Mode": "Simple",
            "Parallel Aware": false,
            "Startup Cost": 55516.5,
            "Total Cost": 55516.51,
            "Plan Rows": 1,
            "Plan Width": 64,
            "Actual Startup Time": 212.117,
            "Actual Total Time": 212.126,
            "Actual Rows": 1,
            "Actual Loops": 1,
            "Output": [
                "min(n.name)",
                "min(t.title)"
            ],
            "Plans": [
                {
                    "Node Type": "Nested Loop",
                    "Parent Relationship": "Outer",
                    "Parallel Aware": false,
                    "Join Type": "Inner",
                    "Startup Cost": 2412.13,
                    "Total Cost": 55516.5,
                    "Plan Rows": 1,
                    "Plan Width": 32,
                    "Actual Startup Time": 57.646,
                    "Actual Total Time": 212.087,
                    "Actual Rows": 45,
                    "Actual Loops": 1,
                    "Output": [
                        "n.name",
                        "t.title"
                    ],
                    "Inner Unique": true,
                    "Plans": [
                        {
                            "Node Type": "Nested Loop",
                            "Parent Relationship": "Outer",
                            "Parallel Aware": false,
                            "Join Type": "Inner",
                            "Startup Cost": 2411.69,
                            "Total Cost": 55512.04,
                            "Plan Rows": 1,
                            "Plan Width": 23,
                            "Actual Startup Time": 46.661,
                            "Actual Total Time": 208.365,
                            "Actual Rows": 298,
                            "Actual Loops": 1,
                            "Output": [
                                "ci.movie_id",
                                "ml.linked_movie_id",
                                "n.name"
                            ],
                            "Inner Unique": true,
                            "Join Filter": "(ml.link_type_id = lt.id)",
                            "Rows Removed by Join Filter": 703,
                            "Plans": [
                                {
                                    "Node Type": "Nested Loop",
                                    "Parent Relationship": "Outer",
                                    "Parallel Aware": false,
                                    "Join Type": "Inner",
                                    "Startup Cost": 2411.69,
                                    "Total Cost": 55510.8,
                                    "Plan Rows": 1,
                                    "Plan Width": 27,
                                    "Actual Startup Time": 46.651,
                                    "Actual Total Time": 203.106,
                                    "Actual Rows": 1001,
                                    "Actual Loops": 1,
                                    "Output": [
                                        "ci.movie_id",
                                        "ml.linked_movie_id",
                                        "ml.link_type_id",
                                        "n.name"
                                    ],
                                    "Inner Unique": false,
                                    "Join Filter": "(n.id = an.person_id)",
                                    "Rows Removed by Join Filter": 0,
                                    "Plans": [
                                        {
                                            "Node Type": "Nested Loop",
                                            "Parent Relationship": "Outer",
                                            "Parallel Aware": false,
                                            "Join Type": "Inner",
                                            "Startup Cost": 2411.25,
                                            "Total Cost": 55506.31,
                                            "Plan Rows": 1,
                                            "Plan Width": 39,
                                            "Actual Startup Time": 46.611,
                                            "Actual Total Time": 197.628,
                                            "Actual Rows": 497,
                                            "Actual Loops": 1,
                                            "Output": [
                                                "ci.person_id",
                                                "ci.movie_id",
                                                "ml.linked_movie_id",
                                                "ml.link_type_id",
                                                "n.name",
                                                "n.id",
                                                "pi.person_id"
                                            ],
                                            "Inner Unique": false,
                                            "Plans": [
                                                {
                                                    "Node Type": "Nested Loop",
                                                    "Parent Relationship": "Outer",
                                                    "Parallel Aware": false,
                                                    "Join Type": "Inner",
                                                    "Startup Cost": 2410.95,
                                                    "Total Cost": 55501.96,
                                                    "Plan Rows": 1,
                                                    "Plan Width": 31,
                                                    "Actual Startup Time": 45.196,
                                                    "Actual Total Time": 169.236,
                                                    "Actual Rows": 4803,
                                                    "Actual Loops": 1,
                                                    "Output": [
                                                        "ci.person_id",
                                                        "ci.movie_id",
                                                        "n.name",
                                                        "n.id",
                                                        "pi.person_id"
                                                    ],
                                                    "Inner Unique": false,
                                                    "Plans": [
                                                        {
                                                            "Node Type": "Nested Loop",
                                                            "Parent Relationship": "Outer",
                                                            "Parallel Aware": false,
                                                            "Join Type": "Inner",
                                                            "Startup Cost": 2406.14,
                                                            "Total Cost": 55482.12,
                                                            "Plan Rows": 1,
                                                            "Plan Width": 23,
                                                            "Actual Startup Time": 45.056,
                                                            "Actual Total Time": 162.336,
                                                            "Actual Rows": 33,
                                                            "Actual Loops": 1,
                                                            "Output": [
                                                                "pi.person_id",
                                                                "n.name",
                                                                "n.id"
                                                            ],
                                                            "Inner Unique": true,
                                                            "Plans": [
                                                                {
                                                                    "Node Type": "Nested Loop",
                                                                    "Parent Relationship": "Outer",
                                                                    "Parallel Aware": false,
                                                                    "Join Type": "Inner",
                                                                    "Startup Cost": 2401.7,
                                                                    "Total Cost": 55473.66,
                                                                    "Plan Rows": 1,
                                                                    "Plan Width": 4,
                                                                    "Actual Startup Time": 41.156,
                                                                    "Actual Total Time": 159.848,
                                                                    "Actual Rows": 64,
                                                                    "Actual Loops": 1,
                                                                    "Output": [
                                                                        "pi.person_id"
                                                                    ],
                                                                    "Inner Unique": false,
                                                                    "Plans": [
                                                                        {
                                                                            "Node Type": "Seq Scan",
                                                                            "Parent Relationship": "Outer",
                                                                            "Parallel Aware": false,
                                                                            "Relation Name": "info_type",
                                                                            "Schema": "public",
                                                                            "Alias": "it",
                                                                            "Startup Cost": 0.0,
                                                                            "Total Cost": 2.41,
                                                                            "Plan Rows": 1,
                                                                            "Plan Width": 4,
                                                                            "Actual Startup Time": 0.049,
                                                                            "Actual Total Time": 0.059,
                                                                            "Actual Rows": 1,
                                                                            "Actual Loops": 1,
                                                                            "Output": [
                                                                                "it.id",
                                                                                "it.info"
                                                                            ],
                                                                            "Filter": "((it.info)::text = 'mini biography'::text)",
                                                                            "Rows Removed by Filter": 112
                                                                        },
                                                                        {
                                                                            "Node Type": "Bitmap Heap Scan",
                                                                            "Parent Relationship": "Inner",
                                                                            "Parallel Aware": false,
                                                                            "Relation Name": "person_info",
                                                                            "Schema": "public",
                                                                            "Alias": "pi",
                                                                            "Startup Cost": 2401.7,
                                                                            "Total Cost": 55471.23,
                                                                            "Plan Rows": 1,
                                                                            "Plan Width": 8,
                                                                            "Actual Startup Time": 41.095,
                                                                            "Actual Total Time": 159.749,
                                                                            "Actual Rows": 64,
                                                                            "Actual Loops": 1,
                                                                            "Output": [
                                                                                "pi.id",
                                                                                "pi.person_id",
                                                                                "pi.info_type_id",
                                                                                "pi.info",
                                                                                "pi.note"
                                                                            ],
                                                                            "Recheck Cond": "(pi.info_type_id = it.id)",
                                                                            "Rows Removed by Index Recheck": 0,
                                                                            "Filter": "(pi.note = 'Volker Boehm'::text)",
                                                                            "Rows Removed by Filter": 84120,
                                                                            "Exact Heap Blocks": 40387,
                                                                            "Lossy Heap Blocks": 0,
                                                                            "Plans": [
                                                                                {
                                                                                    "Node Type": "Bitmap Index Scan",
                                                                                    "Parent Relationship": "Outer",
                                                                                    "Parallel Aware": false,
                                                                                    "Index Name": "info_type_id_person_info",
                                                                                    "Startup Cost": 0.0,
                                                                                    "Total Cost": 2401.7,
                                                                                    "Plan Rows": 134569,
                                                                                    "Plan Width": 0,
                                                                                    "Actual Startup Time": 28.433,
                                                                                    "Actual Total Time": 28.433,
                                                                                    "Actual Rows": 84184,
                                                                                    "Actual Loops": 1,
                                                                                    "Index Cond": "(pi.info_type_id = it.id)"
                                                                                }
                                                                            ]
                                                                        }
                                                                    ]
                                                                },
                                                                {
                                                                    "Node Type": "Bitmap Heap Scan",
                                                                    "Parent Relationship": "Inner",
                                                                    "Parallel Aware": false,
                                                                    "Relation Name": "name",
                                                                    "Schema": "public",
                                                                    "Alias": "n",
                                                                    "Startup Cost": 4.44,
                                                                    "Total Cost": 8.46,
                                                                    "Plan Rows": 1,
                                                                    "Plan Width": 19,
                                                                    "Actual Startup Time": 0.035,
                                                                    "Actual Total Time": 0.035,
                                                                    "Actual Rows": 1,
                                                                    "Actual Loops": 64,
                                                                    "Output": [
                                                                        "n.id",
                                                                        "n.name",
                                                                        "n.imdb_index",
                                                                        "n.imdb_id",
                                                                        "n.gender",
                                                                        "n.name_pcode_cf",
                                                                        "n.name_pcode_nf",
                                                                        "n.surname_pcode",
                                                                        "n.md5sum"
                                                                    ],
                                                                    "Recheck Cond": "(n.id = pi.person_id)",
                                                                    "Rows Removed by Index Recheck": 0,
                                                                    "Filter": "(((n.name_pcode_cf)::text >= 'A'::text) AND ((n.name_pcode_cf)::text <= 'N'::text) AND (((n.gender)::text = 'm'::text) OR (((n.gender)::text = 'f'::text) AND (n.name ~~ 'B%'::text))))",
                                                                    "Rows Removed by Filter": 0,
                                                                    "Exact Heap Blocks": 64,
                                                                    "Lossy Heap Blocks": 0,
                                                                    "Plans": [
                                                                        {
                                                                            "Node Type": "Bitmap Index Scan",
                                                                            "Parent Relationship": "Outer",
                                                                            "Parallel Aware": false,
                                                                            "Index Name": "name_pkey",
                                                                            "Startup Cost": 0.0,
                                                                            "Total Cost": 4.44,
                                                                            "Plan Rows": 1,
                                                                            "Plan Width": 0,
                                                                            "Actual Startup Time": 0.022,
                                                                            "Actual Total Time": 0.022,
                                                                            "Actual Rows": 1,
                                                                            "Actual Loops": 64,
                                                                            "Index Cond": "(n.id = pi.person_id)"
                                                                        }
                                                                    ]
                                                                }
                                                            ]
                                                        },
                                                        {
                                                            "Node Type": "Bitmap Heap Scan",
                                                            "Parent Relationship": "Inner",
                                                            "Parallel Aware": false,
                                                            "Relation Name": "cast_info",
                                                            "Schema": "public",
                                                            "Alias": "ci",
                                                            "Startup Cost": 4.81,
                                                            "Total Cost": 14.94,
                                                            "Plan Rows": 490,
                                                            "Plan Width": 8,
                                                            "Actual Startup Time": 0.093,
                                                            "Actual Total Time": 0.17,
                                                            "Actual Rows": 146,
                                                            "Actual Loops": 33,
                                                            "Output": [
                                                                "ci.id",
                                                                "ci.person_id",
                                                                "ci.movie_id",
                                                                "ci.person_role_id",
                                                                "ci.note",
                                                                "ci.nr_order",
                                                                "ci.role_id"
                                                            ],
                                                            "Recheck Cond": "(ci.person_id = n.id)",
                                                            "Rows Removed by Index Recheck": 0,
                                                            "Exact Heap Blocks": 169,
                                                            "Lossy Heap Blocks": 0,
                                                            "Plans": [
                                                                {
                                                                    "Node Type": "Bitmap Index Scan",
                                                                    "Parent Relationship": "Outer",
                                                                    "Parallel Aware": false,
                                                                    "Index Name": "person_id_cast_info",
                                                                    "Startup Cost": 0.0,
                                                                    "Total Cost": 4.69,
                                                                    "Plan Rows": 490,
                                                                    "Plan Width": 0,
                                                                    "Actual Startup Time": 0.077,
                                                                    "Actual Total Time": 0.077,
                                                                    "Actual Rows": 146,
                                                                    "Actual Loops": 33,
                                                                    "Index Cond": "(ci.person_id = n.id)"
                                                                }
                                                            ]
                                                        }
                                                    ]
                                                },
                                                {
                                                    "Node Type": "Bitmap Heap Scan",
                                                    "Parent Relationship": "Inner",
                                                    "Parallel Aware": false,
                                                    "Relation Name": "movie_link",
                                                    "Schema": "public",
                                                    "Alias": "ml",
                                                    "Startup Cost": 0.3,
                                                    "Total Cost": 4.33,
                                                    "Plan Rows": 2,
                                                    "Plan Width": 8,
                                                    "Actual Startup Time": 0.003,
                                                    "Actual Total Time": 0.004,
                                                    "Actual Rows": 0,
                                                    "Actual Loops": 4803,
                                                    "Output": [
                                                        "ml.id",
                                                        "ml.movie_id",
                                                        "ml.linked_movie_id",
                                                        "ml.link_type_id"
                                                    ],
                                                    "Recheck Cond": "(ml.linked_movie_id = ci.movie_id)",
                                                    "Rows Removed by Index Recheck": 0,
                                                    "Exact Heap Blocks": 450,
                                                    "Lossy Heap Blocks": 0,
                                                    "Plans": [
                                                        {
                                                            "Node Type": "Bitmap Index Scan",
                                                            "Parent Relationship": "Outer",
                                                            "Parallel Aware": false,
                                                            "Index Name": "linked_movie_id_movie_link",
                                                            "Startup Cost": 0.0,
                                                            "Total Cost": 0.3,
                                                            "Plan Rows": 2,
                                                            "Plan Width": 0,
                                                            "Actual Startup Time": 0.003,
                                                            "Actual Total Time": 0.003,
                                                            "Actual Rows": 0,
                                                            "Actual Loops": 4803,
                                                            "Index Cond": "(ml.linked_movie_id = ci.movie_id)"
                                                        }
                                                    ]
                                                }
                                            ]
                                        },
                                        {
                                            "Node Type": "Bitmap Heap Scan",
                                            "Parent Relationship": "Inner",
                                            "Parallel Aware": false,
                                            "Relation Name": "aka_name",
                                            "Schema": "public",
                                            "Alias": "an",
                                            "Startup Cost": 0.44,
                                            "Total Cost": 4.47,
                                            "Plan Rows": 2,
                                            "Plan Width": 4,
                                            "Actual Startup Time": 0.007,
                                            "Actual Total Time": 0.008,
                                            "Actual Rows": 2,
                                            "Actual Loops": 497,
                                            "Output": [
                                                "an.id",
                                                "an.person_id",
                                                "an.name",
                                                "an.imdb_index",
                                                "an.name_pcode_cf",
                                                "an.name_pcode_nf",
                                                "an.surname_pcode",
                                                "an.md5sum"
                                            ],
                                            "Recheck Cond": "(an.person_id = ci.person_id)",
                                            "Rows Removed by Index Recheck": 0,
                                            "Filter": "(an.name ~~ '%%'::text)",
                                            "Rows Removed by Filter": 0,
                                            "Exact Heap Blocks": 676,
                                            "Lossy Heap Blocks": 0,
                                            "Plans": [
                                                {
                                                    "Node Type": "Bitmap Index Scan",
                                                    "Parent Relationship": "Outer",
                                                    "Parallel Aware": false,
                                                    "Index Name": "person_id_aka_name",
                                                    "Startup Cost": 0.0,
                                                    "Total Cost": 0.44,
                                                    "Plan Rows": 2,
                                                    "Plan Width": 0,
                                                    "Actual Startup Time": 0.004,
                                                    "Actual Total Time": 0.004,
                                                    "Actual Rows": 2,
                                                    "Actual Loops": 497,
                                                    "Index Cond": "(an.person_id = ci.person_id)"
                                                }
                                            ]
                                        }
                                    ]
                                },
                                {
                                    "Node Type": "Seq Scan",
                                    "Parent Relationship": "Inner",
                                    "Parallel Aware": false,
                                    "Relation Name": "link_type",
                                    "Schema": "public",
                                    "Alias": "lt",
                                    "Startup Cost": 0.0,
                                    "Total Cost": 1.23,
                                    "Plan Rows": 1,
                                    "Plan Width": 4,
                                    "Actual Startup Time": 0.002,
                                    "Actual Total Time": 0.003,
                                    "Actual Rows": 1,
                                    "Actual Loops": 1001,
                                    "Output": [
                                        "lt.id",
                                        "lt.link"
                                    ],
                                    "Filter": "((lt.link)::text = 'features'::text)",
                                    "Rows Removed by Filter": 14
                                }
                            ]
                        },
                        {
                            "Node Type": "Bitmap Heap Scan",
                            "Parent Relationship": "Inner",
                            "Parallel Aware": false,
                            "Relation Name": "title",
                            "Schema": "public",
                            "Alias": "t",
                            "Startup Cost": 0.44,
                            "Total Cost": 4.46,
                            "Plan Rows": 1,
                            "Plan Width": 21,
                            "Actual Startup Time": 0.01,
                            "Actual Total Time": 0.01,
                            "Actual Rows": 0,
                            "Actual Loops": 298,
                            "Output": [
                                "t.id",
                                "t.title",
                                "t.imdb_index",
                                "t.kind_id",
                                "t.production_year",
                                "t.imdb_id",
                                "t.phonetic_code",
                                "t.episode_of_id",
                                "t.season_nr",
                                "t.episode_nr",
                                "t.series_years",
                                "t.md5sum"
                            ],
                            "Recheck Cond": "(t.id = ci.movie_id)",
                            "Rows Removed by Index Recheck": 0,
                            "Filter": "((t.production_year >= 1996) AND (t.production_year <= 2012))",
                            "Rows Removed by Filter": 1,
                            "Exact Heap Blocks": 298,
                            "Lossy Heap Blocks": 0,
                            "Plans": [
                                {
                                    "Node Type": "Bitmap Index Scan",
                                    "Parent Relationship": "Outer",
                                    "Parallel Aware": false,
                                    "Index Name": "title_pkey",
                                    "Startup Cost": 0.0,
                                    "Total Cost": 0.44,
                                    "Plan Rows": 1,
                                    "Plan Width": 0,
                                    "Actual Startup Time": 0.006,
                                    "Actual Total Time": 0.006,
                                    "Actual Rows": 1,
                                    "Actual Loops": 298,
                                    "Index Cond": "(t.id = ci.movie_id)"
                                }
                            ]
                        }
                    ]
                }
            ]
        },
        "Planning Time": 1478.498,
        "Triggers": [],
        "Execution Time": 213.456
    }
]