[
  {
    "Plan": {
      "Node Type": "Aggregate",
      "Strategy": "Plain",
      "Partial Mode": "Finalize",
      "Parallel Aware": false,
      "Startup Cost": 365965.37,
      "Total Cost": 365965.38,
      "Plan Rows": 1,
      "Plan Width": 8,
      "Actual Startup Time": 9771.694,
      "Actual Total Time": 9850.242,
      "Actual Rows": 1,
      "Actual Loops": 1,
      "Plans": [
        {
          "Node Type": "Gather",
          "Parent Relationship": "Outer",
          "Parallel Aware": false,
          "Startup Cost": 365964.85,
          "Total Cost": 365965.36,
          "Plan Rows": 5,
          "Plan Width": 8,
          "Actual Startup Time": 9697.808,
          "Actual Total Time": 9850.202,
          "Actual Rows": 6,
          "Actual Loops": 1,
          "Workers Planned": 5,
          "Workers Launched": 5,
          "Single Copy": false,
          "Plans": [
            {
              "Node Type": "Aggregate",
              "Strategy": "Plain",
              "Partial Mode": "Partial",
              "Parent Relationship": "Outer",
              "Parallel Aware": false,
              "Startup Cost": 364964.85,
              "Total Cost": 364964.86,
              "Plan Rows": 1,
              "Plan Width": 8,
              "Actual Startup Time": 9694.293,
              "Actual Total Time": 9694.301,
              "Actual Rows": 1,
              "Actual Loops": 6,
              "Plans": [
                {
                  "Node Type": "Nested Loop",
                  "Parent Relationship": "Outer",
                  "Parallel Aware": false,
                  "Join Type": "Inner",
                  "Startup Cost": 57414.67,
                  "Total Cost": 363894.77,
                  "Plan Rows": 428031,
                  "Plan Width": 0,
                  "Actual Startup Time": 393.682,
                  "Actual Total Time": 9641.628,
                  "Actual Rows": 264390,
                  "Actual Loops": 6,
                  "Inner Unique": false,
                  "Plans": [
                    {
                      "Node Type": "Hash Join",
                      "Parent Relationship": "Outer",
                      "Parallel Aware": true,
                      "Join Type": "Inner",
                      "Startup Cost": 57414.1,
                      "Total Cost": 220862.17,
                      "Plan Rows": 58668,
                      "Plan Width": 8,
                      "Actual Startup Time": 393.384,
                      "Actual Total Time": 502.787,
                      "Actual Rows": 21256,
                      "Actual Loops": 6,
                      "Inner Unique": true,
                      "Hash Cond": "(mi.movie_id = t.id)",
                      "Plans": [
                        {
                          "Node Type": "Bitmap Heap Scan",
                          "Parent Relationship": "Outer",
                          "Parallel Aware": true,
                          "Relation Name": "movie_info",
                          "Alias": "mi",
                          "Startup Cost": 8696.29,
                          "Total Cost": 171891.83,
                          "Plan Rows": 96203,
                          "Plan Width": 4,
                          "Actual Startup Time": 117.195,
                          "Actual Total Time": 142.312,
                          "Actual Rows": 79074,
                          "Actual Loops": 6,
                          "Recheck Cond": "(info_type_id = 6)",
                          "Rows Removed by Index Recheck": 0,
                          "Exact Heap Blocks": 650,
                          "Lossy Heap Blocks": 0,
                          "Plans": [
                            {
                              "Node Type": "Bitmap Index Scan",
                              "Parent Relationship": "Outer",
                              "Parallel Aware": false,
                              "Index Name": "info_type_id_movie_info",
                              "Startup Cost": 0.0,
                              "Total Cost": 8576.04,
                              "Plan Rows": 481014,
                              "Plan Width": 0,
                              "Actual Startup Time": 116.215,
                              "Actual Total Time": 116.216,
                              "Actual Rows": 474443,
                              "Actual Loops": 1,
                              "Index Cond": "(info_type_id = 6)"
                            }
                          ]
                        },
                        {
                          "Node Type": "Hash",
                          "Parent Relationship": "Inner",
                          "Parallel Aware": true,
                          "Startup Cost": 43899.32,
                          "Total Cost": 43899.32,
                          "Plan Rows": 385479,
                          "Plan Width": 4,
                          "Actual Startup Time": 270.466,
                          "Actual Total Time": 270.467,
                          "Actual Rows": 257211,
                          "Actual Loops": 6,
                          "Hash Buckets": 2097152,
                          "Original Hash Buckets": 2097152,
                          "Hash Batches": 1,
                          "Original Hash Batches": 1,
                          "Peak Memory Usage": 76864,
                          "Plans": [
                            {
                              "Node Type": "Seq Scan",
                              "Parent Relationship": "Outer",
                              "Parallel Aware": true,
                              "Relation Name": "title",
                              "Alias": "t",
                              "Startup Cost": 0.0,
                              "Total Cost": 43899.32,
                              "Plan Rows": 385479,
                              "Plan Width": 4,
                              "Actual Startup Time": 0.074,
                              "Actual Total Time": 110.944,
                              "Actual Rows": 257211,
                              "Actual Loops": 6,
                              "Filter": "(kind_id = 7)",
                              "Rows Removed by Filter": 164175
                            }
                          ]
                        }
                      ]
                    },
                    {
                      "Node Type": "Index Scan",
                      "Parent Relationship": "Inner",
                      "Parallel Aware": false,
                      "Scan Direction": "Forward",
                      "Index Name": "movie_id_cast_info",
                      "Relation Name": "cast_info",
                      "Alias": "ci",
                      "Startup Cost": 0.56,
                      "Total Cost": 2.26,
                      "Plan Rows": 18,
                      "Plan Width": 4,
                      "Actual Startup Time": 0.377,
                      "Actual Total Time": 0.426,
                      "Actual Rows": 12,
                      "Actual Loops": 127537,
                      "Index Cond": "(movie_id = t.id)",
                      "Rows Removed by Index Recheck": 0,
                      "Filter": "(person_id < 1856514)",
                      "Rows Removed by Filter": 10
                    }
                  ]
                }
              ]
            }
          ]
        }
      ]
    },
    "Planning Time": 1.428,
    "Triggers": [],
    "Execution Time": 9850.382
  }
]