{
  "Plan": {
    "Node Type": "Aggregate",
    "Strategy": "Plain",
    "Partial Mode": "Finalize",
    "Parallel Aware": false,
    "Startup Cost": 571418.14,
    "Total Cost": 571418.15,
    "Plan Rows": 1,
    "Plan Width": 8,
    "Actual Startup Time": 2455.207,
    "Actual Total Time": 2488.486,
    "Actual Rows": 1,
    "Actual Loops": 1,
    "Plans": [
      {
        "Node Type": "Gather",
        "Parent Relationship": "Outer",
        "Parallel Aware": false,
        "Startup Cost": 571418.02,
        "Total Cost": 571418.13,
        "Plan Rows": 1,
        "Plan Width": 8,
        "Actual Startup Time": 2454.241,
        "Actual Total Time": 2488.459,
        "Actual Rows": 2,
        "Actual Loops": 1,
        "Workers Planned": 1,
        "Workers Launched": 1,
        "Single Copy": false,
        "Plans": [
          {
            "Node Type": "Aggregate",
            "Strategy": "Plain",
            "Partial Mode": "Partial",
            "Parent Relationship": "Outer",
            "Parallel Aware": false,
            "Startup Cost": 570418.02,
            "Total Cost": 570418.03,
            "Plan Rows": 1,
            "Plan Width": 8,
            "Actual Startup Time": 2448.129,
            "Actual Total Time": 2448.136,
            "Actual Rows": 1,
            "Actual Loops": 2,
            "Plans": [
              {
                "Node Type": "Nested Loop",
                "Parent Relationship": "Outer",
                "Parallel Aware": false,
                "Join Type": "Inner",
                "Startup Cost": 184740.36,
                "Total Cost": 570093.51,
                "Plan Rows": 129806,
                "Plan Width": 0,
                "Actual Startup Time": 394.226,
                "Actual Total Time": 2405.553,
                "Actual Rows": 1042380,
                "Actual Loops": 2,
                "Inner Unique": false,
                "Join Filter": "(t.id = mc.movie_id)",
                "Rows Removed by Join Filter": 0,
                "Plans": [
                  {
                    "Node Type": "Hash Join",
                    "Parent Relationship": "Outer",
                    "Parallel Aware": true,
                    "Join Type": "Inner",
                    "Startup Cost": 184739.93,
                    "Total Cost": 491604.74,
                    "Plan Rows": 125784,
                    "Plan Width": 8,
                    "Actual Startup Time": 394.088,
                    "Actual Total Time": 1300.027,
                    "Actual Rows": 233696,
                    "Actual Loops": 2,
                    "Inner Unique": true,
                    "Hash Cond": "(ci.movie_id = t.id)",
                    "Plans": [
                      {
                        "Node Type": "Bitmap Heap Scan",
                        "Parent Relationship": "Outer",
                        "Parallel Aware": true,
                        "Relation Name": "cast_info",
                        "Alias": "ci",
                        "Startup Cost": 124888.99,
                        "Total Cost": 427779.47,
                        "Plan Rows": 1514025,
                        "Plan Width": 4,
                        "Actual Startup Time": 216.263,
                        "Actual Total Time": 654.1,
                        "Actual Rows": 2755546,
                        "Actual Loops": 2,
                        "Recheck Cond": "(person_id > 3102636)",
                        "Rows Removed by Index Recheck": 0,
                        "Filter": "(role_id > 2)",
                        "Rows Removed by Filter": 0,
                        "Exact Heap Blocks": 39055,
                        "Lossy Heap Blocks": 0,
                        "Plans": [
                          {
                            "Node Type": "Bitmap Index Scan",
                            "Parent Relationship": "Outer",
                            "Parallel Aware": false,
                            "Index Name": "person_id_cast_info",
                            "Startup Cost": 0.0,
                            "Total Cost": 124245.52,
                            "Plan Rows": 5689728,
                            "Plan Width": 0,
                            "Actual Startup Time": 203.165,
                            "Actual Total Time": 203.166,
                            "Actual Rows": 5511092,
                            "Actual Loops": 1,
                            "Index Cond": "(person_id > 3102636)"
                          }
                        ]
                      },
                      {
                        "Node Type": "Hash",
                        "Parent Relationship": "Inner",
                        "Parallel Aware": true,
                        "Startup Cost": 58306.47,
                        "Total Cost": 58306.47,
                        "Plan Rows": 123558,
                        "Plan Width": 4,
                        "Actual Startup Time": 174.276,
                        "Actual Total Time": 174.277,
                        "Actual Rows": 91918,
                        "Actual Loops": 2,
                        "Hash Buckets": 262144,
                        "Original Hash Buckets": 262144,
                        "Hash Batches": 1,
                        "Original Hash Batches": 1,
                        "Peak Memory Usage": 9248,
                        "Plans": [
                          {
                            "Node Type": "Seq Scan",
                            "Parent Relationship": "Outer",
                            "Parallel Aware": true,
                            "Relation Name": "title",
                            "Alias": "t",
                            "Startup Cost": 0.0,
                            "Total Cost": 58306.47,
                            "Plan Rows": 123558,
                            "Plan Width": 4,
                            "Actual Startup Time": 0.113,
                            "Actual Total Time": 147.029,
                            "Actual Rows": 91918,
                            "Actual Loops": 2,
                            "Filter": "((kind_id < 7) AND (production_year > 2009))",
                            "Rows Removed by Filter": 1172238
                          }
                        ]
                      }
                    ]
                  },
                  {
                    "Node Type": "Index Only Scan",
                    "Parent Relationship": "Inner",
                    "Parallel Aware": false,
                    "Scan Direction": "Forward",
                    "Index Name": "movie_id_movie_companies",
                    "Relation Name": "movie_companies",
                    "Alias": "mc",
                    "Startup Cost": 0.43,
                    "Total Cost": 0.56,
                    "Plan Rows": 5,
                    "Plan Width": 4,
                    "Actual Startup Time": 0.003,
                    "Actual Total Time": 0.004,
                    "Actual Rows": 4,
                    "Actual Loops": 467391,
                    "Index Cond": "(movie_id = ci.movie_id)",
                    "Rows Removed by Index Recheck": 0,
                    "Heap Fetches": 2084761
                  }
                ]
              }
            ]
          }
        ]
      }
    ]
  },
  "Planning Time": 1.177,
  "Triggers": [],
  "Execution Time": 2488.61
}