[
  {
    "Plan": {
      "Node Type": "Aggregate",
      "Strategy": "Plain",
      "Partial Mode": "Finalize",
      "Parallel Aware": false,
      "Startup Cost": 199906.98,
      "Total Cost": 199906.99,
      "Plan Rows": 1,
      "Plan Width": 8,
      "Actual Startup Time": 255.544,
      "Actual Total Time": 269.348,
      "Actual Rows": 1,
      "Actual Loops": 1,
      "Plans": [
        {
          "Node Type": "Gather",
          "Parent Relationship": "Outer",
          "Parallel Aware": false,
          "Startup Cost": 199906.36,
          "Total Cost": 199906.97,
          "Plan Rows": 6,
          "Plan Width": 8,
          "Actual Startup Time": 255.437,
          "Actual Total Time": 269.339,
          "Actual Rows": 7,
          "Actual Loops": 1,
          "Workers Planned": 6,
          "Workers Launched": 6,
          "Single Copy": false,
          "Plans": [
            {
              "Node Type": "Aggregate",
              "Strategy": "Plain",
              "Partial Mode": "Partial",
              "Parent Relationship": "Outer",
              "Parallel Aware": false,
              "Startup Cost": 198906.36,
              "Total Cost": 198906.37,
              "Plan Rows": 1,
              "Plan Width": 8,
              "Actual Startup Time": 246.5,
              "Actual Total Time": 246.501,
              "Actual Rows": 1,
              "Actual Loops": 7,
              "Plans": [
                {
                  "Node Type": "Index Scan",
                  "Parent Relationship": "Outer",
                  "Parallel Aware": true,
                  "Scan Direction": "Forward",
                  "Index Name": "role_id_cast_info",
                  "Relation Name": "cast_info",
                  "Alias": "ci",
                  "Startup Cost": 0.56,
                  "Total Cost": 197877.72,
                  "Plan Rows": 411453,
                  "Plan Width": 0,
                  "Actual Startup Time": 183.06,
                  "Actual Total Time": 235.394,
                  "Actual Rows": 244862,
                  "Actual Loops": 7,
                  "Index Cond": "(role_id = 2)",
                  "Rows Removed by Index Recheck": 0,
                  "Filter": "(person_id > 2475576)",
                  "Rows Removed by Filter": 819706
                }
              ]
            }
          ]
        }
      ]
    },
    "Planning Time": 0.203,
    "Triggers": [],
    "Execution Time": 269.407
  }
]