[
  {
    "Plan": {
      "Node Type": "Aggregate",
      "Strategy": "Plain",
      "Partial Mode": "Finalize",
      "Parallel Aware": false,
      "Startup Cost": 43634.33,
      "Total Cost": 43634.34,
      "Plan Rows": 1,
      "Plan Width": 8,
      "Actual Startup Time": 94.007,
      "Actual Total Time": 110.101,
      "Actual Rows": 1,
      "Actual Loops": 1,
      "Plans": [
        {
          "Node Type": "Gather",
          "Parent Relationship": "Outer",
          "Parallel Aware": false,
          "Startup Cost": 43634.12,
          "Total Cost": 43634.33,
          "Plan Rows": 2,
          "Plan Width": 8,
          "Actual Startup Time": 93.774,
          "Actual Total Time": 110.094,
          "Actual Rows": 3,
          "Actual Loops": 1,
          "Workers Planned": 2,
          "Workers Launched": 2,
          "Single Copy": false,
          "Plans": [
            {
              "Node Type": "Aggregate",
              "Strategy": "Plain",
              "Partial Mode": "Partial",
              "Parent Relationship": "Outer",
              "Parallel Aware": false,
              "Startup Cost": 42634.12,
              "Total Cost": 42634.13,
              "Plan Rows": 1,
              "Plan Width": 8,
              "Actual Startup Time": 85.206,
              "Actual Total Time": 85.207,
              "Actual Rows": 1,
              "Actual Loops": 3,
              "Plans": [
                {
                  "Node Type": "Nested Loop",
                  "Parent Relationship": "Outer",
                  "Parallel Aware": false,
                  "Join Type": "Inner",
                  "Startup Cost": 177.57,
                  "Total Cost": 42629.59,
                  "Plan Rows": 1811,
                  "Plan Width": 0,
                  "Actual Startup Time": 4.209,
                  "Actual Total Time": 84.631,
                  "Actual Rows": 6208,
                  "Actual Loops": 3,
                  "Inner Unique": false,
                  "Plans": [
                    {
                      "Node Type": "Nested Loop",
                      "Parent Relationship": "Outer",
                      "Parallel Aware": false,
                      "Join Type": "Inner",
                      "Startup Cost": 177.14,
                      "Total Cost": 40539.44,
                      "Plan Rows": 3456,
                      "Plan Width": 8,
                      "Actual Startup Time": 3.984,
                      "Actual Total Time": 47.078,
                      "Actual Rows": 3078,
                      "Actual Loops": 3,
                      "Inner Unique": true,
                      "Plans": [
                        {
                          "Node Type": "Bitmap Heap Scan",
                          "Parent Relationship": "Outer",
                          "Parallel Aware": true,
                          "Relation Name": "movie_keyword",
                          "Alias": "mk",
                          "Startup Cost": 176.71,
                          "Total Cost": 17130.16,
                          "Plan Rows": 3456,
                          "Plan Width": 4,
                          "Actual Startup Time": 3.8,
                          "Actual Total Time": 17.05,
                          "Actual Rows": 3078,
                          "Actual Loops": 3,
                          "Recheck Cond": "(keyword_id = 784)",
                          "Rows Removed by Index Recheck": 0,
                          "Exact Heap Blocks": 4390,
                          "Lossy Heap Blocks": 0,
                          "Plans": [
                            {
                              "Node Type": "Bitmap Index Scan",
                              "Parent Relationship": "Outer",
                              "Parallel Aware": false,
                              "Index Name": "keyword_id_movie_keyword",
                              "Startup Cost": 0.0,
                              "Total Cost": 174.64,
                              "Plan Rows": 8294,
                              "Plan Width": 0,
                              "Actual Startup Time": 7.784,
                              "Actual Total Time": 7.784,
                              "Actual Rows": 9234,
                              "Actual Loops": 1,
                              "Index Cond": "(keyword_id = 784)"
                            }
                          ]
                        },
                        {
                          "Node Type": "Index Only Scan",
                          "Parent Relationship": "Inner",
                          "Parallel Aware": false,
                          "Scan Direction": "Forward",
                          "Index Name": "title_pkey",
                          "Relation Name": "title",
                          "Alias": "t",
                          "Startup Cost": 0.43,
                          "Total Cost": 6.77,
                          "Plan Rows": 1,
                          "Plan Width": 4,
                          "Actual Startup Time": 0.009,
                          "Actual Total Time": 0.009,
                          "Actual Rows": 1,
                          "Actual Loops": 9234,
                          "Index Cond": "(id = mk.movie_id)",
                          "Rows Removed by Index Recheck": 0,
                          "Heap Fetches": 9234
                        }
                      ]
                    },
                    {
                      "Node Type": "Index Scan",
                      "Parent Relationship": "Inner",
                      "Parallel Aware": false,
                      "Scan Direction": "Forward",
                      "Index Name": "movie_id_movie_companies",
                      "Relation Name": "movie_companies",
                      "Alias": "mc",
                      "Startup Cost": 0.43,
                      "Total Cost": 0.57,
                      "Plan Rows": 3,
                      "Plan Width": 4,
                      "Actual Startup Time": 0.011,
                      "Actual Total Time": 0.012,
                      "Actual Rows": 2,
                      "Actual Loops": 9234,
                      "Index Cond": "(movie_id = t.id)",
                      "Rows Removed by Index Recheck": 0,
                      "Filter": "(company_type_id = 2)",
                      "Rows Removed by Filter": 6
                    }
                  ]
                }
              ]
            }
          ]
        }
      ]
    },
    "Planning Time": 1.435,
    "Triggers": [],
    "Execution Time": 110.199
  }
]