[
  {
    "Plan": {
      "Node Type": "Aggregate",
      "Strategy": "Plain",
      "Partial Mode": "Finalize",
      "Parallel Aware": false,
      "Startup Cost": 337190.64,
      "Total Cost": 337190.65,
      "Plan Rows": 1,
      "Plan Width": 8,
      "Actual Startup Time": 803.591,
      "Actual Total Time": 862.795,
      "Actual Rows": 1,
      "Actual Loops": 1,
      "Plans": [
        {
          "Node Type": "Gather",
          "Parent Relationship": "Outer",
          "Parallel Aware": false,
          "Startup Cost": 337190.02,
          "Total Cost": 337190.63,
          "Plan Rows": 6,
          "Plan Width": 8,
          "Actual Startup Time": 803.409,
          "Actual Total Time": 862.783,
          "Actual Rows": 7,
          "Actual Loops": 1,
          "Workers Planned": 6,
          "Workers Launched": 6,
          "Single Copy": false,
          "Plans": [
            {
              "Node Type": "Aggregate",
              "Strategy": "Plain",
              "Partial Mode": "Partial",
              "Parent Relationship": "Outer",
              "Parallel Aware": false,
              "Startup Cost": 336190.02,
              "Total Cost": 336190.03,
              "Plan Rows": 1,
              "Plan Width": 8,
              "Actual Startup Time": 796.706,
              "Actual Total Time": 796.707,
              "Actual Rows": 1,
              "Actual Loops": 7,
              "Plans": [
                {
                  "Node Type": "Seq Scan",
                  "Parent Relationship": "Outer",
                  "Parallel Aware": true,
                  "Relation Name": "cast_info",
                  "Alias": "ci",
                  "Startup Cost": 0.0,
                  "Total Cost": 328211.39,
                  "Plan Rows": 3191450,
                  "Plan Width": 0,
                  "Actual Startup Time": 197.785,
                  "Actual Total Time": 660.129,
                  "Actual Rows": 2711579,
                  "Actual Loops": 7,
                  "Filter": "(person_id > 1705013)",
                  "Rows Removed by Filter": 2466184
                }
              ]
            }
          ]
        }
      ]
    },
    "Planning Time": 0.085,
    "Triggers": [],
    "Execution Time": 862.843
  }
]