[
  {
    "Plan": {
      "Node Type": "Aggregate",
      "Strategy": "Plain",
      "Partial Mode": "Finalize",
      "Parallel Aware": false,
      "Startup Cost": 337097.24,
      "Total Cost": 337097.26,
      "Plan Rows": 1,
      "Plan Width": 8,
      "Actual Startup Time": 723.397,
      "Actual Total Time": 777.995,
      "Actual Rows": 1,
      "Actual Loops": 1,
      "Plans": [
        {
          "Node Type": "Gather",
          "Parent Relationship": "Outer",
          "Parallel Aware": false,
          "Startup Cost": 337096.62,
          "Total Cost": 337097.23,
          "Plan Rows": 6,
          "Plan Width": 8,
          "Actual Startup Time": 723.302,
          "Actual Total Time": 777.984,
          "Actual Rows": 7,
          "Actual Loops": 1,
          "Workers Planned": 6,
          "Workers Launched": 6,
          "Single Copy": false,
          "Plans": [
            {
              "Node Type": "Aggregate",
              "Strategy": "Plain",
              "Partial Mode": "Partial",
              "Parent Relationship": "Outer",
              "Parallel Aware": false,
              "Startup Cost": 336096.62,
              "Total Cost": 336096.63,
              "Plan Rows": 1,
              "Plan Width": 8,
              "Actual Startup Time": 713.022,
              "Actual Total Time": 713.023,
              "Actual Rows": 1,
              "Actual Loops": 7,
              "Plans": [
                {
                  "Node Type": "Seq Scan",
                  "Parent Relationship": "Outer",
                  "Parallel Aware": true,
                  "Relation Name": "cast_info",
                  "Alias": "ci",
                  "Startup Cost": 0.0,
                  "Total Cost": 328162.03,
                  "Plan Rows": 3173838,
                  "Plan Width": 0,
                  "Actual Startup Time": 189.426,
                  "Actual Total Time": 597.851,
                  "Actual Rows": 2711579,
                  "Actual Loops": 7,
                  "Filter": "(person_id > 1705013)",
                  "Rows Removed by Filter": 2466184
                }
              ]
            }
          ]
        }
      ]
    },
    "Planning Time": 0.175,
    "Triggers": [],
    "Execution Time": 778.067
  }
]