[
  {
    "Plan": {
      "Node Type": "Aggregate",
      "Strategy": "Plain",
      "Partial Mode": "Finalize",
      "Parallel Aware": false,
      "Startup Cost": 46271.49,
      "Total Cost": 46271.5,
      "Plan Rows": 1,
      "Plan Width": 8,
      "Actual Startup Time": 177.223,
      "Actual Total Time": 194.801,
      "Actual Rows": 1,
      "Actual Loops": 1,
      "Plans": [
        {
          "Node Type": "Gather",
          "Parent Relationship": "Outer",
          "Parallel Aware": false,
          "Startup Cost": 46271.07,
          "Total Cost": 46271.48,
          "Plan Rows": 4,
          "Plan Width": 8,
          "Actual Startup Time": 177.045,
          "Actual Total Time": 194.788,
          "Actual Rows": 5,
          "Actual Loops": 1,
          "Workers Planned": 4,
          "Workers Launched": 4,
          "Single Copy": false,
          "Plans": [
            {
              "Node Type": "Aggregate",
              "Strategy": "Plain",
              "Partial Mode": "Partial",
              "Parent Relationship": "Outer",
              "Parallel Aware": false,
              "Startup Cost": 45271.07,
              "Total Cost": 45271.08,
              "Plan Rows": 1,
              "Plan Width": 8,
              "Actual Startup Time": 167.596,
              "Actual Total Time": 167.598,
              "Actual Rows": 1,
              "Actual Loops": 5,
              "Plans": [
                {
                  "Node Type": "Seq Scan",
                  "Parent Relationship": "Outer",
                  "Parallel Aware": true,
                  "Relation Name": "title",
                  "Alias": "t",
                  "Startup Cost": 0.0,
                  "Total Cost": 43899.32,
                  "Plan Rows": 548698,
                  "Plan Width": 0,
                  "Actual Startup Time": 0.05,
                  "Actual Total Time": 135.017,
                  "Actual Rows": 436463,
                  "Actual Loops": 5,
                  "Filter": "(production_year > 1962)",
                  "Rows Removed by Filter": 69199
                }
              ]
            }
          ]
        }
      ]
    },
    "Planning Time": 0.126,
    "Triggers": [],
    "Execution Time": 194.862
  }
]