[
  {
    "Plan": {
      "Node Type": "Aggregate",
      "Strategy": "Plain",
      "Partial Mode": "Simple",
      "Parallel Aware": false,
      "Startup Cost": 3788.81,
      "Total Cost": 3788.82,
      "Plan Rows": 1,
      "Plan Width": 96,
      "Actual Startup Time": 149.563,
      "Actual Total Time": 149.57,
      "Actual Rows": 1,
      "Actual Loops": 1,
      "Plans": [
        {
          "Node Type": "Nested Loop",
          "Parent Relationship": "Outer",
          "Parallel Aware": false,
          "Join Type": "Inner",
          "Startup Cost": 12.82,
          "Total Cost": 3788.8,
          "Plan Rows": 1,
          "Plan Width": 48,
          "Actual Startup Time": 10.487,
          "Actual Total Time": 149.488,
          "Actual Rows": 108,
          "Actual Loops": 1,
          "Inner Unique": true,
          "Join Filter": "(ml.movie_id = t.id)",
          "Rows Removed by Join Filter": 0,
          "Plans": [
            {
              "Node Type": "Nested Loop",
              "Parent Relationship": "Outer",
              "Parallel Aware": false,
              "Join Type": "Inner",
              "Startup Cost": 12.39,
              "Total Cost": 3788.3,
              "Plan Rows": 1,
              "Plan Width": 47,
              "Actual Startup Time": 5.613,
              "Actual Total Time": 145.986,
              "Actual Rows": 794,
              "Actual Loops": 1,
              "Inner Unique": true,
              "Join Filter": "(mc.company_type_id = ct.id)",
              "Rows Removed by Join Filter": 57,
              "Plans": [
                {
                  "Node Type": "Nested Loop",
                  "Parent Relationship": "Outer",
                  "Parallel Aware": false,
                  "Join Type": "Inner",
                  "Startup Cost": 12.39,
                  "Total Cost": 3787.24,
                  "Plan Rows": 1,
                  "Plan Width": 51,
                  "Actual Startup Time": 5.605,
                  "Actual Total Time": 142.064,
                  "Actual Rows": 851,
                  "Actual Loops": 1,
                  "Inner Unique": true,
                  "Plans": [
                    {
                      "Node Type": "Nested Loop",
                      "Parent Relationship": "Outer",
                      "Parallel Aware": false,
                      "Join Type": "Inner",
                      "Startup Cost": 11.97,
                      "Total Cost": 3786.78,
                      "Plan Rows": 1,
                      "Plan Width": 36,
                      "Actual Startup Time": 5.532,
                      "Actual Total Time": 135.584,
                      "Actual Rows": 1983,
                      "Actual Loops": 1,
                      "Inner Unique": false,
                      "Join Filter": "(ml.movie_id = mc.movie_id)",
                      "Rows Removed by Join Filter": 0,
                      "Plans": [
                        {
                          "Node Type": "Nested Loop",
                          "Parent Relationship": "Outer",
                          "Parallel Aware": false,
                          "Join Type": "Inner",
                          "Startup Cost": 11.54,
                          "Total Cost": 3786.2,
                          "Plan Rows": 1,
                          "Plan Width": 24,
                          "Actual Startup Time": 5.464,
                          "Actual Total Time": 133.192,
                          "Actual Rows": 285,
                          "Actual Loops": 1,
                          "Inner Unique": false,
                          "Join Filter": "(ml.movie_id = mi.movie_id)",
                          "Rows Removed by Join Filter": 0,
                          "Plans": [
                            {
                              "Node Type": "Nested Loop",
                              "Parent Relationship": "Outer",
                              "Parallel Aware": false,
                              "Join Type": "Inner",
                              "Startup Cost": 11.11,
                              "Total Cost": 3784.49,
                              "Plan Rows": 1,
                              "Plan Width": 20,
                              "Actual Startup Time": 4.223,
                              "Actual Total Time": 126.317,
                              "Actual Rows": 199,
                              "Actual Loops": 1,
                              "Inner Unique": false,
                              "Join Filter": "(ml.link_type_id = lt.id)",
                              "Rows Removed by Join Filter": 303,
                              "Plans": [
                                {
                                  "Node Type": "Seq Scan",
                                  "Parent Relationship": "Outer",
                                  "Parallel Aware": false,
                                  "Relation Name": "link_type",
                                  "Alias": "lt",
                                  "Startup Cost": 0.0,
                                  "Total Cost": 1.23,
                                  "Plan Rows": 1,
                                  "Plan Width": 16,
                                  "Actual Startup Time": 0.009,
                                  "Actual Total Time": 0.015,
                                  "Actual Rows": 2,
                                  "Actual Loops": 1,
                                  "Filter": "((link)::text ~~ '%follow%'::text)",
                                  "Rows Removed by Filter": 16
                                },
                                {
                                  "Node Type": "Nested Loop",
                                  "Parent Relationship": "Inner",
                                  "Parallel Aware": false,
                                  "Join Type": "Inner",
                                  "Startup Cost": 11.11,
                                  "Total Cost": 3783.14,
                                  "Plan Rows": 10,
                                  "Plan Width": 12,
                                  "Actual Startup Time": 3.627,
                                  "Actual Total Time": 63.112,
                                  "Actual Rows": 251,
                                  "Actual Loops": 2,
                                  "Inner Unique": false,
                                  "Plans": [
                                    {
                                      "Node Type": "Nested Loop",
                                      "Parent Relationship": "Outer",
                                      "Parallel Aware": false,
                                      "Join Type": "Inner",
                                      "Startup Cost": 10.82,
                                      "Total Cost": 3768.68,
                                      "Plan Rows": 34,
                                      "Plan Width": 4,
                                      "Actual Startup Time": 3.618,
                                      "Actual Total Time": 47.791,
                                      "Actual Rows": 10544,
                                      "Actual Loops": 2,
                                      "Inner Unique": false,
                                      "Plans": [
                                        {
                                          "Node Type": "Seq Scan",
                                          "Parent Relationship": "Outer",
                                          "Parallel Aware": false,
                                          "Relation Name": "keyword",
                                          "Alias": "k",
                                          "Startup Cost": 0.0,
                                          "Total Cost": 2626.12,
                                          "Plan Rows": 1,
                                          "Plan Width": 4,
                                          "Actual Startup Time": 0.998,
                                          "Actual Total Time": 13.915,
                                          "Actual Rows": 1,
                                          "Actual Loops": 2,
                                          "Filter": "(keyword = 'sequel'::text)",
                                          "Rows Removed by Filter": 134169
                                        },
                                        {
                                          "Node Type": "Bitmap Heap Scan",
                                          "Parent Relationship": "Inner",
                                          "Parallel Aware": false,
                                          "Relation Name": "movie_keyword",
                                          "Alias": "mk",
                                          "Startup Cost": 10.82,
                                          "Total Cost": 1139.48,
                                          "Plan Rows": 308,
                                          "Plan Width": 8,
                                          "Actual Startup Time": 2.591,
                                          "Actual Total Time": 31.962,
                                          "Actual Rows": 10544,
                                          "Actual Loops": 2,
                                          "Recheck Cond": "(keyword_id = k.id)",
                                          "Rows Removed by Index Recheck": 0,
                                          "Exact Heap Blocks": 11140,
                                          "Lossy Heap Blocks": 0,
                                          "Plans": [
                                            {
                                              "Node Type": "Bitmap Index Scan",
                                              "Parent Relationship": "Outer",
                                              "Parallel Aware": false,
                                              "Index Name": "keyword_id_movie_keyword",
                                              "Startup Cost": 0.0,
                                              "Total Cost": 10.74,
                                              "Plan Rows": 308,
                                              "Plan Width": 0,
                                              "Actual Startup Time": 1.659,
                                              "Actual Total Time": 1.659,
                                              "Actual Rows": 10544,
                                              "Actual Loops": 2,
                                              "Index Cond": "(keyword_id = k.id)"
                                            }
                                          ]
                                        }
                                      ]
                                    },
                                    {
                                      "Node Type": "Index Scan",
                                      "Parent Relationship": "Inner",
                                      "Parallel Aware": false,
                                      "Scan Direction": "Forward",
                                      "Index Name": "movie_id_movie_link",
                                      "Relation Name": "movie_link",
                                      "Alias": "ml",
                                      "Startup Cost": 0.29,
                                      "Total Cost": 0.38,
                                      "Plan Rows": 5,
                                      "Plan Width": 8,
                                      "Actual Startup Time": 0.001,
                                      "Actual Total Time": 0.001,
                                      "Actual Rows": 0,
                                      "Actual Loops": 21088,
                                      "Index Cond": "(movie_id = mk.movie_id)",
                                      "Rows Removed by Index Recheck": 0
                                    }
                                  ]
                                }
                              ]
                            },
                            {
                              "Node Type": "Index Scan",
                              "Parent Relationship": "Inner",
                              "Parallel Aware": false,
                              "Scan Direction": "Forward",
                              "Index Name": "movie_id_movie_info",
                              "Relation Name": "movie_info",
                              "Alias": "mi",
                              "Startup Cost": 0.43,
                              "Total Cost": 1.7,
                              "Plan Rows": 1,
                              "Plan Width": 4,
                              "Actual Startup Time": 0.031,
                              "Actual Total Time": 0.034,
                              "Actual Rows": 1,
                              "Actual Loops": 199,
                              "Index Cond": "(movie_id = mk.movie_id)",
                              "Rows Removed by Index Recheck": 0,
                              "Filter": "(info = ANY ('{American,Denmark,Denish,Norway,Bulgaria,Danish,German,America}'::text[]))",
                              "Rows Removed by Filter": 19
                            }
                          ]
                        },
                        {
                          "Node Type": "Index Scan",
                          "Parent Relationship": "Inner",
                          "Parallel Aware": false,
                          "Scan Direction": "Forward",
                          "Index Name": "movie_id_movie_companies",
                          "Relation Name": "movie_companies",
                          "Alias": "mc",
                          "Startup Cost": 0.43,
                          "Total Cost": 0.54,
                          "Plan Rows": 3,
                          "Plan Width": 12,
                          "Actual Startup Time": 0.004,
                          "Actual Total Time": 0.007,
                          "Actual Rows": 7,
                          "Actual Loops": 285,
                          "Index Cond": "(movie_id = mk.movie_id)",
                          "Rows Removed by Index Recheck": 0,
                          "Filter": "(note IS NULL)",
                          "Rows Removed by Filter": 2
                        }
                      ]
                    },
                    {
                      "Node Type": "Index Scan",
                      "Parent Relationship": "Inner",
                      "Parallel Aware": false,
                      "Scan Direction": "Forward",
                      "Index Name": "company_name_pkey",
                      "Relation Name": "company_name",
                      "Alias": "cn",
                      "Startup Cost": 0.42,
                      "Total Cost": 0.46,
                      "Plan Rows": 1,
                      "Plan Width": 23,
                      "Actual Startup Time": 0.003,
                      "Actual Total Time": 0.003,
                      "Actual Rows": 0,
                      "Actual Loops": 1983,
                      "Index Cond": "(id = mc.company_id)",
                      "Rows Removed by Index Recheck": 0,
                      "Filter": "(((country_code)::text <> '[nl]'::text) AND ((name ~~ '%Film%'::text) OR (name ~~ '%Warner%'::text)))",
                      "Rows Removed by Filter": 1
                    }
                  ]
                },
                {
                  "Node Type": "Seq Scan",
                  "Parent Relationship": "Inner",
                  "Parallel Aware": false,
                  "Relation Name": "company_type",
                  "Alias": "ct",
                  "Startup Cost": 0.0,
                  "Total Cost": 1.05,
                  "Plan Rows": 1,
                  "Plan Width": 4,
                  "Actual Startup Time": 0.002,
                  "Actual Total Time": 0.002,
                  "Actual Rows": 1,
                  "Actual Loops": 851,
                  "Filter": "((kind)::text = 'production companies'::text)",
                  "Rows Removed by Filter": 1
                }
              ]
            },
            {
              "Node Type": "Index Scan",
              "Parent Relationship": "Inner",
              "Parallel Aware": false,
              "Scan Direction": "Forward",
              "Index Name": "title_pkey",
              "Relation Name": "title",
              "Alias": "t",
              "Startup Cost": 0.43,
              "Total Cost": 0.49,
              "Plan Rows": 1,
              "Plan Width": 21,
              "Actual Startup Time": 0.004,
              "Actual Total Time": 0.004,
              "Actual Rows": 0,
              "Actual Loops": 794,
              "Index Cond": "(id = mk.movie_id)",
              "Rows Removed by Index Recheck": 0,
              "Filter": "((production_year >= 2002) AND (production_year <= 2007))",
              "Rows Removed by Filter": 1
            }
          ]
        }
      ]
    },
    "Planning Time": 28.386,
    "Triggers": [],
    "Execution Time": 149.955
  }
]