[
  {
    "Plan": {
      "Node Type": "Aggregate",
      "Strategy": "Plain",
      "Partial Mode": "Finalize",
      "Parallel Aware": false,
      "Startup Cost": 30104.63,
      "Total Cost": 30104.64,
      "Plan Rows": 1,
      "Plan Width": 8,
      "Actual Startup Time": 88.551,
      "Actual Total Time": 95.911,
      "Actual Rows": 1,
      "Actual Loops": 1,
      "Plans": [
        {
          "Node Type": "Gather",
          "Parent Relationship": "Outer",
          "Parallel Aware": false,
          "Startup Cost": 30104.31,
          "Total Cost": 30104.62,
          "Plan Rows": 3,
          "Plan Width": 8,
          "Actual Startup Time": 88.315,
          "Actual Total Time": 95.902,
          "Actual Rows": 4,
          "Actual Loops": 1,
          "Workers Planned": 3,
          "Workers Launched": 3,
          "Single Copy": false,
          "Plans": [
            {
              "Node Type": "Aggregate",
              "Strategy": "Plain",
              "Partial Mode": "Partial",
              "Parent Relationship": "Outer",
              "Parallel Aware": false,
              "Startup Cost": 29104.31,
              "Total Cost": 29104.32,
              "Plan Rows": 1,
              "Plan Width": 8,
              "Actual Startup Time": 82.544,
              "Actual Total Time": 82.545,
              "Actual Rows": 1,
              "Actual Loops": 4,
              "Plans": [
                {
                  "Node Type": "Bitmap Heap Scan",
                  "Parent Relationship": "Outer",
                  "Parallel Aware": true,
                  "Relation Name": "movie_keyword",
                  "Alias": "mk",
                  "Startup Cost": 3787.06,
                  "Total Cost": 28960.43,
                  "Plan Rows": 57550,
                  "Plan Width": 0,
                  "Actual Startup Time": 29.145,
                  "Actual Total Time": 79.439,
                  "Actual Rows": 44670,
                  "Actual Loops": 4,
                  "Recheck Cond": "(keyword_id < 128)",
                  "Rows Removed by Index Recheck": 0,
                  "Exact Heap Blocks": 13689,
                  "Lossy Heap Blocks": 0,
                  "Plans": [
                    {
                      "Node Type": "Bitmap Index Scan",
                      "Parent Relationship": "Outer",
                      "Parallel Aware": false,
                      "Index Name": "keyword_id_movie_keyword",
                      "Startup Cost": 0.0,
                      "Total Cost": 3742.46,
                      "Plan Rows": 178404,
                      "Plan Width": 0,
                      "Actual Startup Time": 28.667,
                      "Actual Total Time": 28.667,
                      "Actual Rows": 178682,
                      "Actual Loops": 1,
                      "Index Cond": "(keyword_id < 128)"
                    }
                  ]
                }
              ]
            }
          ]
        }
      ]
    },
    "Planning Time": 0.15,
    "Triggers": [],
    "Execution Time": 95.987
  }
]