[
  {
    "Plan": {
      "Node Type": "Aggregate",
      "Strategy": "Plain",
      "Partial Mode": "Finalize",
      "Parallel Aware": false,
      "Startup Cost": 148341.81,
      "Total Cost": 148341.82,
      "Plan Rows": 1,
      "Plan Width": 8,
      "Actual Startup Time": 1802.213,
      "Actual Total Time": 1844.618,
      "Actual Rows": 1,
      "Actual Loops": 1,
      "Plans": [
        {
          "Node Type": "Gather",
          "Parent Relationship": "Outer",
          "Parallel Aware": false,
          "Startup Cost": 148341.49,
          "Total Cost": 148341.8,
          "Plan Rows": 3,
          "Plan Width": 8,
          "Actual Startup Time": 1799.681,
          "Actual Total Time": 1844.607,
          "Actual Rows": 4,
          "Actual Loops": 1,
          "Workers Planned": 3,
          "Workers Launched": 3,
          "Single Copy": false,
          "Plans": [
            {
              "Node Type": "Aggregate",
              "Strategy": "Plain",
              "Partial Mode": "Partial",
              "Parent Relationship": "Outer",
              "Parallel Aware": false,
              "Startup Cost": 147341.49,
              "Total Cost": 147341.5,
              "Plan Rows": 1,
              "Plan Width": 8,
              "Actual Startup Time": 1794.689,
              "Actual Total Time": 1794.693,
              "Actual Rows": 1,
              "Actual Loops": 4,
              "Plans": [
                {
                  "Node Type": "Nested Loop",
                  "Parent Relationship": "Outer",
                  "Parallel Aware": false,
                  "Join Type": "Inner",
                  "Startup Cost": 45930.35,
                  "Total Cost": 146863.44,
                  "Plan Rows": 191222,
                  "Plan Width": 0,
                  "Actual Startup Time": 134.584,
                  "Actual Total Time": 1678.567,
                  "Actual Rows": 2772352,
                  "Actual Loops": 4,
                  "Inner Unique": false,
                  "Join Filter": "(t.id = mi.movie_id)",
                  "Rows Removed by Join Filter": 0,
                  "Plans": [
                    {
                      "Node Type": "Hash Join",
                      "Parent Relationship": "Outer",
                      "Parallel Aware": true,
                      "Join Type": "Inner",
                      "Startup Cost": 45929.91,
                      "Total Cost": 76740.54,
                      "Plan Rows": 32567,
                      "Plan Width": 8,
                      "Actual Startup Time": 134.465,
                      "Actual Total Time": 310.891,
                      "Actual Rows": 128306,
                      "Actual Loops": 4,
                      "Inner Unique": true,
                      "Hash Cond": "(mc.movie_id = t.id)",
                      "Plans": [
                        {
                          "Node Type": "Seq Scan",
                          "Parent Relationship": "Outer",
                          "Parallel Aware": true,
                          "Relation Name": "movie_companies",
                          "Alias": "mc",
                          "Startup Cost": 0.0,
                          "Total Cost": 29310.68,
                          "Plan Rows": 571408,
                          "Plan Width": 4,
                          "Actual Startup Time": 0.601,
                          "Actual Total Time": 73.528,
                          "Actual Rows": 443055,
                          "Actual Loops": 4,
                          "Filter": "(company_id > 2165)",
                          "Rows Removed by Filter": 209227
                        },
                        {
                          "Node Type": "Hash",
                          "Parent Relationship": "Inner",
                          "Parallel Aware": true,
                          "Startup Cost": 45479.59,
                          "Total Cost": 45479.59,
                          "Plan Rows": 36026,
                          "Plan Width": 4,
                          "Actual Startup Time": 120.89,
                          "Actual Total Time": 120.891,
                          "Actual Rows": 71784,
                          "Actual Loops": 4,
                          "Hash Buckets": 524288,
                          "Original Hash Buckets": 262144,
                          "Hash Batches": 1,
                          "Original Hash Batches": 1,
                          "Peak Memory Usage": 17472,
                          "Plans": [
                            {
                              "Node Type": "Seq Scan",
                              "Parent Relationship": "Outer",
                              "Parallel Aware": true,
                              "Relation Name": "title",
                              "Alias": "t",
                              "Startup Cost": 0.0,
                              "Total Cost": 45479.59,
                              "Plan Rows": 36026,
                              "Plan Width": 4,
                              "Actual Startup Time": 50.085,
                              "Actual Total Time": 89.947,
                              "Actual Rows": 71784,
                              "Actual Loops": 4,
                              "Filter": "((production_year < 1984) AND (kind_id = 1))",
                              "Rows Removed by Filter": 560294
                            }
                          ]
                        }
                      ]
                    },
                    {
                      "Node Type": "Index Only Scan",
                      "Parent Relationship": "Inner",
                      "Parallel Aware": false,
                      "Scan Direction": "Forward",
                      "Index Name": "movie_id_movie_info",
                      "Relation Name": "movie_info",
                      "Alias": "mi",
                      "Startup Cost": 0.43,
                      "Total Cost": 1.64,
                      "Plan Rows": 41,
                      "Plan Width": 4,
                      "Actual Startup Time": 0.003,
                      "Actual Total Time": 0.009,
                      "Actual Rows": 22,
                      "Actual Loops": 513225,
                      "Index Cond": "(movie_id = mc.movie_id)",
                      "Rows Removed by Index Recheck": 0,
                      "Heap Fetches": 11089409
                    }
                  ]
                }
              ]
            }
          ]
        }
      ]
    },
    "Planning Time": 0.758,
    "Triggers": [],
    "Execution Time": 1844.678
  }
]