[
  {
    "Plan": {
      "Node Type": "Aggregate",
      "Strategy": "Plain",
      "Partial Mode": "Simple",
      "Parallel Aware": false,
      "Startup Cost": 3013.11,
      "Total Cost": 3013.12,
      "Plan Rows": 1,
      "Plan Width": 8,
      "Actual Startup Time": 0.13,
      "Actual Total Time": 0.132,
      "Actual Rows": 1,
      "Actual Loops": 1,
      "Plans": [
        {
          "Node Type": "Nested Loop",
          "Parent Relationship": "Outer",
          "Parallel Aware": false,
          "Join Type": "Inner",
          "Startup Cost": 1.43,
          "Total Cost": 3012.99,
          "Plan Rows": 47,
          "Plan Width": 0,
          "Actual Startup Time": 0.116,
          "Actual Total Time": 0.125,
          "Actual Rows": 5,
          "Actual Loops": 1,
          "Inner Unique": false,
          "Plans": [
            {
              "Node Type": "Nested Loop",
              "Parent Relationship": "Outer",
              "Parallel Aware": false,
              "Join Type": "Inner",
              "Startup Cost": 0.99,
              "Total Cost": 2953.48,
              "Plan Rows": 26,
              "Plan Width": 8,
              "Actual Startup Time": 0.093,
              "Actual Total Time": 0.096,
              "Actual Rows": 1,
              "Actual Loops": 1,
              "Inner Unique": true,
              "Plans": [
                {
                  "Node Type": "Index Scan",
                  "Parent Relationship": "Outer",
                  "Parallel Aware": false,
                  "Scan Direction": "Forward",
                  "Index Name": "person_id_cast_info",
                  "Relation Name": "cast_info",
                  "Alias": "ci",
                  "Startup Cost": 0.56,
                  "Total Cost": 1059.67,
                  "Plan Rows": 225,
                  "Plan Width": 4,
                  "Actual Startup Time": 0.035,
                  "Actual Total Time": 0.039,
                  "Actual Rows": 3,
                  "Actual Loops": 1,
                  "Index Cond": "(person_id = 4049257)",
                  "Rows Removed by Index Recheck": 0,
                  "Filter": "(role_id > 2)",
                  "Rows Removed by Filter": 0
                },
                {
                  "Node Type": "Index Scan",
                  "Parent Relationship": "Inner",
                  "Parallel Aware": false,
                  "Scan Direction": "Forward",
                  "Index Name": "title_pkey",
                  "Relation Name": "title",
                  "Alias": "t",
                  "Startup Cost": 0.43,
                  "Total Cost": 8.42,
                  "Plan Rows": 1,
                  "Plan Width": 4,
                  "Actual Startup Time": 0.016,
                  "Actual Total Time": 0.016,
                  "Actual Rows": 0,
                  "Actual Loops": 3,
                  "Index Cond": "(id = ci.movie_id)",
                  "Rows Removed by Index Recheck": 0,
                  "Filter": "((kind_id < 7) AND (production_year < 1993))",
                  "Rows Removed by Filter": 1
                }
              ]
            },
            {
              "Node Type": "Index Only Scan",
              "Parent Relationship": "Inner",
              "Parallel Aware": false,
              "Scan Direction": "Forward",
              "Index Name": "movie_id_movie_keyword",
              "Relation Name": "movie_keyword",
              "Alias": "mk",
              "Startup Cost": 0.43,
              "Total Cost": 1.84,
              "Plan Rows": 45,
              "Plan Width": 4,
              "Actual Startup Time": 0.02,
              "Actual Total Time": 0.025,
              "Actual Rows": 5,
              "Actual Loops": 1,
              "Index Cond": "(movie_id = t.id)",
              "Rows Removed by Index Recheck": 0,
              "Heap Fetches": 5
            }
          ]
        }
      ]
    },
    "Planning Time": 1.358,
    "Triggers": [],
    "Execution Time": 0.207
  }
]