[
  {
    "Plan": {
      "Node Type": "Aggregate",
      "Strategy": "Plain",
      "Partial Mode": "Finalize",
      "Parallel Aware": false,
      "Startup Cost": 90082.27,
      "Total Cost": 90082.28,
      "Plan Rows": 1,
      "Plan Width": 8,
      "Actual Startup Time": 389.787,
      "Actual Total Time": 404.819,
      "Actual Rows": 1,
      "Actual Loops": 1,
      "Plans": [
        {
          "Node Type": "Gather",
          "Parent Relationship": "Outer",
          "Parallel Aware": false,
          "Startup Cost": 90081.95,
          "Total Cost": 90082.26,
          "Plan Rows": 3,
          "Plan Width": 8,
          "Actual Startup Time": 388.361,
          "Actual Total Time": 404.81,
          "Actual Rows": 4,
          "Actual Loops": 1,
          "Workers Planned": 3,
          "Workers Launched": 3,
          "Single Copy": false,
          "Plans": [
            {
              "Node Type": "Aggregate",
              "Strategy": "Plain",
              "Partial Mode": "Partial",
              "Parent Relationship": "Outer",
              "Parallel Aware": false,
              "Startup Cost": 89081.95,
              "Total Cost": 89081.96,
              "Plan Rows": 1,
              "Plan Width": 8,
              "Actual Startup Time": 382.819,
              "Actual Total Time": 382.822,
              "Actual Rows": 1,
              "Actual Loops": 4,
              "Plans": [
                {
                  "Node Type": "Hash Join",
                  "Parent Relationship": "Outer",
                  "Parallel Aware": true,
                  "Join Type": "Inner",
                  "Startup Cost": 45975.09,
                  "Total Cost": 88853.17,
                  "Plan Rows": 91515,
                  "Plan Width": 0,
                  "Actual Startup Time": 138.625,
                  "Actual Total Time": 369.812,
                  "Actual Rows": 248068,
                  "Actual Loops": 4,
                  "Inner Unique": true,
                  "Hash Cond": "(mk.movie_id = t.id)",
                  "Plans": [
                    {
                      "Node Type": "Seq Scan",
                      "Parent Relationship": "Outer",
                      "Parallel Aware": true,
                      "Relation Name": "movie_keyword",
                      "Alias": "mk",
                      "Startup Cost": 0.0,
                      "Total Cost": 39047.32,
                      "Plan Rows": 1459332,
                      "Plan Width": 4,
                      "Actual Startup Time": 0.025,
                      "Actual Total Time": 100.827,
                      "Actual Rows": 1130982,
                      "Actual Loops": 4
                    },
                    {
                      "Node Type": "Hash",
                      "Parent Relationship": "Inner",
                      "Parallel Aware": true,
                      "Startup Cost": 45479.59,
                      "Total Cost": 45479.59,
                      "Plan Rows": 39640,
                      "Plan Width": 4,
                      "Actual Startup Time": 137.088,
                      "Actual Total Time": 137.09,
                      "Actual Rows": 67479,
                      "Actual Loops": 4,
                      "Hash Buckets": 524288,
                      "Original Hash Buckets": 262144,
                      "Hash Batches": 1,
                      "Original Hash Batches": 1,
                      "Peak Memory Usage": 16768,
                      "Plans": [
                        {
                          "Node Type": "Seq Scan",
                          "Parent Relationship": "Outer",
                          "Parallel Aware": true,
                          "Relation Name": "title",
                          "Alias": "t",
                          "Startup Cost": 0.0,
                          "Total Cost": 45479.59,
                          "Plan Rows": 39640,
                          "Plan Width": 4,
                          "Actual Startup Time": 0.097,
                          "Actual Total Time": 104.747,
                          "Actual Rows": 67479,
                          "Actual Loops": 4,
                          "Filter": "((kind_id < 7) AND (production_year < 1974))",
                          "Rows Removed by Filter": 564599
                        }
                      ]
                    }
                  ]
                }
              ]
            }
          ]
        }
      ]
    },
    "Planning Time": 0.294,
    "Triggers": [],
    "Execution Time": 404.875
  }
]