[
  {
    "Plan": {
      "Node Type": "Aggregate",
      "Strategy": "Plain",
      "Partial Mode": "Finalize",
      "Parallel Aware": false,
      "Startup Cost": 45871.31,
      "Total Cost": 45871.32,
      "Plan Rows": 1,
      "Plan Width": 8,
      "Actual Startup Time": 151.041,
      "Actual Total Time": 161.225,
      "Actual Rows": 1,
      "Actual Loops": 1,
      "Plans": [
        {
          "Node Type": "Gather",
          "Parent Relationship": "Outer",
          "Parallel Aware": false,
          "Startup Cost": 45870.99,
          "Total Cost": 45871.3,
          "Plan Rows": 3,
          "Plan Width": 8,
          "Actual Startup Time": 150.78,
          "Actual Total Time": 161.215,
          "Actual Rows": 4,
          "Actual Loops": 1,
          "Workers Planned": 3,
          "Workers Launched": 3,
          "Single Copy": false,
          "Plans": [
            {
              "Node Type": "Aggregate",
              "Strategy": "Plain",
              "Partial Mode": "Partial",
              "Parent Relationship": "Outer",
              "Parallel Aware": false,
              "Startup Cost": 44870.99,
              "Total Cost": 44871.0,
              "Plan Rows": 1,
              "Plan Width": 8,
              "Actual Startup Time": 145.082,
              "Actual Total Time": 145.084,
              "Actual Rows": 1,
              "Actual Loops": 4,
              "Plans": [
                {
                  "Node Type": "Seq Scan",
                  "Parent Relationship": "Outer",
                  "Parallel Aware": true,
                  "Relation Name": "movie_keyword",
                  "Alias": "mk",
                  "Startup Cost": 0.0,
                  "Total Cost": 42695.65,
                  "Plan Rows": 870136,
                  "Plan Width": 0,
                  "Actual Startup Time": 0.043,
                  "Actual Total Time": 114.918,
                  "Actual Rows": 677589,
                  "Actual Loops": 4,
                  "Filter": "(keyword_id < 7663)",
                  "Rows Removed by Filter": 453393
                }
              ]
            }
          ]
        }
      ]
    },
    "Planning Time": 0.089,
    "Triggers": [],
    "Execution Time": 161.252
  }
]