{
  "Plan": {
    "Node Type": "Aggregate",
    "Strategy": "Plain",
    "Partial Mode": "Finalize",
    "Parallel Aware": false,
    "Startup Cost": 967396.02,
    "Total Cost": 967396.03,
    "Plan Rows": 1,
    "Plan Width": 8,
    "Actual Startup Time": 8635.791,
    "Actual Total Time": 8699.078,
    "Actual Rows": 1,
    "Actual Loops": 1,
    "Plans": [
      {
        "Node Type": "Gather",
        "Parent Relationship": "Outer",
        "Parallel Aware": false,
        "Startup Cost": 967395.91,
        "Total Cost": 967396.02,
        "Plan Rows": 1,
        "Plan Width": 8,
        "Actual Startup Time": 8624.941,
        "Actual Total Time": 8699.071,
        "Actual Rows": 2,
        "Actual Loops": 1,
        "Workers Planned": 1,
        "Workers Launched": 1,
        "Single Copy": false,
        "Plans": [
          {
            "Node Type": "Aggregate",
            "Strategy": "Plain",
            "Partial Mode": "Partial",
            "Parent Relationship": "Outer",
            "Parallel Aware": false,
            "Startup Cost": 966395.91,
            "Total Cost": 966395.92,
            "Plan Rows": 1,
            "Plan Width": 8,
            "Actual Startup Time": 8596.651,
            "Actual Total Time": 8596.658,
            "Actual Rows": 1,
            "Actual Loops": 2,
            "Plans": [
              {
                "Node Type": "Hash Join",
                "Parent Relationship": "Outer",
                "Parallel Aware": true,
                "Join Type": "Inner",
                "Startup Cost": 557921.71,
                "Total Cost": 934599.85,
                "Plan Rows": 12718424,
                "Plan Width": 0,
                "Actual Startup Time": 4317.907,
                "Actual Total Time": 7688.858,
                "Actual Rows": 21042526,
                "Actual Loops": 2,
                "Inner Unique": false,
                "Hash Cond": "(mi.movie_id = t.id)",
                "Plans": [
                  {
                    "Node Type": "Seq Scan",
                    "Parent Relationship": "Outer",
                    "Parallel Aware": true,
                    "Relation Name": "movie_info",
                    "Alias": "mi",
                    "Startup Cost": 0.0,
                    "Total Cost": 270696.42,
                    "Plan Rows": 3116745,
                    "Plan Width": 4,
                    "Actual Startup Time": 32.84,
                    "Actual Total Time": 632.674,
                    "Actual Rows": 2635284,
                    "Actual Loops": 2,
                    "Filter": "(info_type_id > 15)",
                    "Rows Removed by Filter": 4782576
                  },
                  {
                    "Node Type": "Hash",
                    "Parent Relationship": "Inner",
                    "Parallel Aware": true,
                    "Startup Cost": 482060.36,
                    "Total Cost": 482060.36,
                    "Plan Rows": 6068908,
                    "Plan Width": 8,
                    "Actual Startup Time": 4230.933,
                    "Actual Total Time": 4230.938,
                    "Actual Rows": 3183749,
                    "Actual Loops": 2,
                    "Hash Buckets": 16777216,
                    "Original Hash Buckets": 16777216,
                    "Hash Batches": 1,
                    "Original Hash Batches": 1,
                    "Peak Memory Usage": 380192,
                    "Plans": [
                      {
                        "Node Type": "Hash Join",
                        "Parent Relationship": "Outer",
                        "Parallel Aware": true,
                        "Join Type": "Inner",
                        "Startup Cost": 69461.26,
                        "Total Cost": 482060.36,
                        "Plan Rows": 6068908,
                        "Plan Width": 8,
                        "Actual Startup Time": 531.057,
                        "Actual Total Time": 3107.047,
                        "Actual Rows": 3183749,
                        "Actual Loops": 2,
                        "Inner Unique": true,
                        "Hash Cond": "(ci.movie_id = t.id)",
                        "Plans": [
                          {
                            "Node Type": "Index Scan",
                            "Parent Relationship": "Outer",
                            "Parallel Aware": true,
                            "Scan Direction": "Forward",
                            "Index Name": "role_id_cast_info",
                            "Relation Name": "cast_info",
                            "Alias": "ci",
                            "Startup Cost": 0.56,
                            "Total Cost": 396668.75,
                            "Plan Rows": 6068908,
                            "Plan Width": 4,
                            "Actual Startup Time": 0.045,
                            "Actual Total Time": 902.303,
                            "Actual Rows": 3183749,
                            "Actual Loops": 2,
                            "Index Cond": "(role_id > 3)",
                            "Rows Removed by Index Recheck": 0,
                            "Filter": "(person_id < 3072066)",
                            "Rows Removed by Filter": 2873074
                          },
                          {
                            "Node Type": "Hash",
                            "Parent Relationship": "Inner",
                            "Parallel Aware": true,
                            "Startup Cost": 50870.31,
                            "Total Cost": 50870.31,
                            "Plan Rows": 1487231,
                            "Plan Width": 4,
                            "Actual Startup Time": 520.254,
                            "Actual Total Time": 520.255,
                            "Actual Rows": 1264156,
                            "Actual Loops": 2,
                            "Hash Buckets": 4194304,
                            "Original Hash Buckets": 4194304,
                            "Hash Batches": 1,
                            "Original Hash Batches": 1,
                            "Peak Memory Usage": 131712,
                            "Plans": [
                              {
                                "Node Type": "Seq Scan",
                                "Parent Relationship": "Outer",
                                "Parallel Aware": true,
                                "Relation Name": "title",
                                "Alias": "t",
                                "Startup Cost": 0.0,
                                "Total Cost": 50870.31,
                                "Plan Rows": 1487231,
                                "Plan Width": 4,
                                "Actual Startup Time": 0.038,
                                "Actual Total Time": 152.256,
                                "Actual Rows": 1264156,
                                "Actual Loops": 2
                              }
                            ]
                          }
                        ]
                      }
                    ]
                  }
                ]
              }
            ]
          }
        ]
      }
    ]
  },
  "Planning Time": 0.983,
  "Triggers": [],
  "Execution Time": 8699.17
}