[
  {
    "Plan": {
      "Node Type": "Aggregate",
      "Strategy": "Plain",
      "Partial Mode": "Finalize",
      "Parallel Aware": false,
      "Startup Cost": 343884.92,
      "Total Cost": 343884.93,
      "Plan Rows": 1,
      "Plan Width": 8,
      "Actual Startup Time": 883.285,
      "Actual Total Time": 939.345,
      "Actual Rows": 1,
      "Actual Loops": 1,
      "Plans": [
        {
          "Node Type": "Gather",
          "Parent Relationship": "Outer",
          "Parallel Aware": false,
          "Startup Cost": 343884.29,
          "Total Cost": 343884.9,
          "Plan Rows": 6,
          "Plan Width": 8,
          "Actual Startup Time": 883.182,
          "Actual Total Time": 939.337,
          "Actual Rows": 7,
          "Actual Loops": 1,
          "Workers Planned": 6,
          "Workers Launched": 6,
          "Single Copy": false,
          "Plans": [
            {
              "Node Type": "Aggregate",
              "Strategy": "Plain",
              "Partial Mode": "Partial",
              "Parent Relationship": "Outer",
              "Parallel Aware": false,
              "Startup Cost": 342884.29,
              "Total Cost": 342884.3,
              "Plan Rows": 1,
              "Plan Width": 8,
              "Actual Startup Time": 875.76,
              "Actual Total Time": 875.762,
              "Actual Rows": 1,
              "Actual Loops": 7,
              "Plans": [
                {
                  "Node Type": "Seq Scan",
                  "Parent Relationship": "Outer",
                  "Parallel Aware": true,
                  "Relation Name": "cast_info",
                  "Alias": "ci",
                  "Startup Cost": 0.0,
                  "Total Cost": 328162.03,
                  "Plan Rows": 5888907,
                  "Plan Width": 0,
                  "Actual Startup Time": 13.888,
                  "Actual Total Time": 657.353,
                  "Actual Rows": 5052244,
                  "Actual Loops": 7,
                  "Filter": "(person_id > 92321)",
                  "Rows Removed by Filter": 125520
                }
              ]
            }
          ]
        }
      ]
    },
    "Planning Time": 0.097,
    "Triggers": [],
    "Execution Time": 939.389
  }
]