{
  "Plan": {
    "Node Type": "Aggregate",
    "Strategy": "Plain",
    "Partial Mode": "Finalize",
    "Parallel Aware": false,
    "Startup Cost": 258250.88,
    "Total Cost": 258250.89,
    "Plan Rows": 1,
    "Plan Width": 8,
    "Actual Startup Time": 1444.26,
    "Actual Total Time": 1468.149,
    "Actual Rows": 1,
    "Actual Loops": 1,
    "Plans": [
      {
        "Node Type": "Gather",
        "Parent Relationship": "Outer",
        "Parallel Aware": false,
        "Startup Cost": 258250.77,
        "Total Cost": 258250.88,
        "Plan Rows": 1,
        "Plan Width": 8,
        "Actual Startup Time": 1444.024,
        "Actual Total Time": 1468.141,
        "Actual Rows": 2,
        "Actual Loops": 1,
        "Workers Planned": 1,
        "Workers Launched": 1,
        "Single Copy": false,
        "Plans": [
          {
            "Node Type": "Aggregate",
            "Strategy": "Plain",
            "Partial Mode": "Partial",
            "Parent Relationship": "Outer",
            "Parallel Aware": false,
            "Startup Cost": 257250.77,
            "Total Cost": 257250.78,
            "Plan Rows": 1,
            "Plan Width": 8,
            "Actual Startup Time": 1438.279,
            "Actual Total Time": 1438.281,
            "Actual Rows": 1,
            "Actual Loops": 2,
            "Plans": [
              {
                "Node Type": "Merge Join",
                "Parent Relationship": "Outer",
                "Parallel Aware": false,
                "Join Type": "Inner",
                "Startup Cost": 2.9,
                "Total Cost": 256056.76,
                "Plan Rows": 477604,
                "Plan Width": 0,
                "Actual Startup Time": 2.338,
                "Actual Total Time": 1424.46,
                "Actual Rows": 315170,
                "Actual Loops": 2,
                "Inner Unique": false,
                "Merge Cond": "(t.id = mc.movie_id)",
                "Plans": [
                  {
                    "Node Type": "Index Scan",
                    "Parent Relationship": "Outer",
                    "Parallel Aware": true,
                    "Scan Direction": "Forward",
                    "Index Name": "title_pkey",
                    "Relation Name": "title",
                    "Alias": "t",
                    "Startup Cost": 0.43,
                    "Total Cost": 103647.43,
                    "Plan Rows": 462806,
                    "Plan Width": 4,
                    "Actual Startup Time": 0.42,
                    "Actual Total Time": 632.994,
                    "Actual Rows": 392346,
                    "Actual Loops": 2,
                    "Filter": "(production_year > 2007)",
                    "Rows Removed by Filter": 870583
                  },
                  {
                    "Node Type": "Index Only Scan",
                    "Parent Relationship": "Inner",
                    "Parallel Aware": false,
                    "Scan Direction": "Forward",
                    "Index Name": "movie_id_movie_companies",
                    "Relation Name": "movie_companies",
                    "Alias": "mc",
                    "Startup Cost": 0.43,
                    "Total Cost": 140059.44,
                    "Plan Rows": 2609129,
                    "Plan Width": 4,
                    "Actual Startup Time": 0.136,
                    "Actual Total Time": 633.404,
                    "Actual Rows": 2609129,
                    "Actual Loops": 2,
                    "Heap Fetches": 5218258
                  }
                ]
              }
            ]
          }
        ]
      }
    ]
  },
  "Planning Time": 0.663,
  "Triggers": [],
  "Execution Time": 1468.222
}