[
  {
    "Plan": {
      "Node Type": "Aggregate",
      "Strategy": "Plain",
      "Partial Mode": "Finalize",
      "Parallel Aware": false,
      "Startup Cost": 131088.9,
      "Total Cost": 131088.91,
      "Plan Rows": 1,
      "Plan Width": 8,
      "Actual Startup Time": 407.067,
      "Actual Total Time": 424.984,
      "Actual Rows": 1,
      "Actual Loops": 1,
      "Plans": [
        {
          "Node Type": "Gather",
          "Parent Relationship": "Outer",
          "Parallel Aware": false,
          "Startup Cost": 131088.48,
          "Total Cost": 131088.89,
          "Plan Rows": 4,
          "Plan Width": 8,
          "Actual Startup Time": 405.409,
          "Actual Total Time": 424.972,
          "Actual Rows": 5,
          "Actual Loops": 1,
          "Workers Planned": 4,
          "Workers Launched": 4,
          "Single Copy": false,
          "Plans": [
            {
              "Node Type": "Aggregate",
              "Strategy": "Plain",
              "Partial Mode": "Partial",
              "Parent Relationship": "Outer",
              "Parallel Aware": false,
              "Startup Cost": 130088.48,
              "Total Cost": 130088.49,
              "Plan Rows": 1,
              "Plan Width": 8,
              "Actual Startup Time": 395.369,
              "Actual Total Time": 395.455,
              "Actual Rows": 1,
              "Actual Loops": 5,
              "Plans": [
                {
                  "Node Type": "Hash Join",
                  "Parent Relationship": "Outer",
                  "Parallel Aware": true,
                  "Join Type": "Inner",
                  "Startup Cost": 81390.34,
                  "Total Cost": 129924.58,
                  "Plan Rows": 65561,
                  "Plan Width": 0,
                  "Actual Startup Time": 271.451,
                  "Actual Total Time": 394.027,
                  "Actual Rows": 23600,
                  "Actual Loops": 5,
                  "Inner Unique": false,
                  "Hash Cond": "(ci.movie_id = t.id)",
                  "Plans": [
                    {
                      "Node Type": "Index Scan",
                      "Parent Relationship": "Outer",
                      "Parallel Aware": true,
                      "Scan Direction": "Forward",
                      "Index Name": "role_id_cast_info",
                      "Relation Name": "cast_info",
                      "Alias": "ci",
                      "Startup Cost": 0.56,
                      "Total Cost": 46764.42,
                      "Plan Rows": 428396,
                      "Plan Width": 4,
                      "Actual Startup Time": 0.218,
                      "Actual Total Time": 62.93,
                      "Actual Rows": 340709,
                      "Actual Loops": 5,
                      "Index Cond": "(role_id = 8)",
                      "Rows Removed by Index Recheck": 0
                    },
                    {
                      "Node Type": "Hash",
                      "Parent Relationship": "Inner",
                      "Parallel Aware": true,
                      "Startup Cost": 80180.63,
                      "Total Cost": 80180.63,
                      "Plan Rows": 96732,
                      "Plan Width": 8,
                      "Actual Startup Time": 268.565,
                      "Actual Total Time": 268.649,
                      "Actual Rows": 22989,
                      "Actual Loops": 5,
                      "Hash Buckets": 524288,
                      "Original Hash Buckets": 524288,
                      "Hash Batches": 1,
                      "Original Hash Batches": 1,
                      "Peak Memory Usage": 8704,
                      "Plans": [
                        {
                          "Node Type": "Hash Join",
                          "Parent Relationship": "Outer",
                          "Parallel Aware": true,
                          "Join Type": "Inner",
                          "Startup Cost": 33186.38,
                          "Total Cost": 80180.63,
                          "Plan Rows": 96732,
                          "Plan Width": 8,
                          "Actual Startup Time": 191.506,
                          "Actual Total Time": 258.496,
                          "Actual Rows": 22989,
                          "Actual Loops": 5,
                          "Inner Unique": false,
                          "Hash Cond": "(t.id = mc.movie_id)",
                          "Plans": [
                            {
                              "Node Type": "Seq Scan",
                              "Parent Relationship": "Outer",
                              "Parallel Aware": true,
                              "Relation Name": "title",
                              "Alias": "t",
                              "Startup Cost": 0.0,
                              "Total Cost": 43898.92,
                              "Plan Rows": 556658,
                              "Plan Width": 4,
                              "Actual Startup Time": 0.019,
                              "Actual Total Time": 92.863,
                              "Actual Rows": 444914,
                              "Actual Loops": 5,
                              "Filter": "(production_year < 2012)",
                              "Rows Removed by Filter": 60749
                            },
                            {
                              "Node Type": "Hash",
                              "Parent Relationship": "Inner",
                              "Parallel Aware": true,
                              "Startup Cost": 31414.82,
                              "Total Cost": 31414.82,
                              "Plan Rows": 141725,
                              "Plan Width": 4,
                              "Actual Startup Time": 91.216,
                              "Actual Total Time": 91.217,
                              "Actual Rows": 24773,
                              "Actual Loops": 5,
                              "Hash Buckets": 524288,
                              "Original Hash Buckets": 524288,
                              "Hash Batches": 1,
                              "Original Hash Batches": 1,
                              "Peak Memory Usage": 9024,
                              "Plans": [
                                {
                                  "Node Type": "Seq Scan",
                                  "Parent Relationship": "Outer",
                                  "Parallel Aware": true,
                                  "Relation Name": "movie_companies",
                                  "Alias": "mc",
                                  "Startup Cost": 0.0,
                                  "Total Cost": 31414.82,
                                  "Plan Rows": 141725,
                                  "Plan Width": 4,
                                  "Actual Startup Time": 22.614,
                                  "Actual Total Time": 75.884,
                                  "Actual Rows": 24773,
                                  "Actual Loops": 5,
                                  "Filter": "((company_id > 21033) AND (company_type_id < 2))",
                                  "Rows Removed by Filter": 497053
                                }
                              ]
                            }
                          ]
                        }
                      ]
                    }
                  ]
                }
              ]
            }
          ]
        }
      ]
    },
    "Planning Time": 1.579,
    "Triggers": [],
    "Execution Time": 425.081
  }
]