{
  "Plan": {
    "Node Type": "Aggregate",
    "Strategy": "Plain",
    "Partial Mode": "Finalize",
    "Parallel Aware": false,
    "Startup Cost": 112628.19,
    "Total Cost": 112628.2,
    "Plan Rows": 1,
    "Plan Width": 8,
    "Actual Startup Time": 581.847,
    "Actual Total Time": 598.072,
    "Actual Rows": 1,
    "Actual Loops": 1,
    "Plans": [
      {
        "Node Type": "Gather",
        "Parent Relationship": "Outer",
        "Parallel Aware": false,
        "Startup Cost": 112628.08,
        "Total Cost": 112628.19,
        "Plan Rows": 1,
        "Plan Width": 8,
        "Actual Startup Time": 580.598,
        "Actual Total Time": 598.066,
        "Actual Rows": 2,
        "Actual Loops": 1,
        "Workers Planned": 1,
        "Workers Launched": 1,
        "Single Copy": false,
        "Plans": [
          {
            "Node Type": "Aggregate",
            "Strategy": "Plain",
            "Partial Mode": "Partial",
            "Parent Relationship": "Outer",
            "Parallel Aware": false,
            "Startup Cost": 111628.08,
            "Total Cost": 111628.09,
            "Plan Rows": 1,
            "Plan Width": 8,
            "Actual Startup Time": 574.907,
            "Actual Total Time": 574.91,
            "Actual Rows": 1,
            "Actual Loops": 2,
            "Plans": [
              {
                "Node Type": "Hash Join",
                "Parent Relationship": "Outer",
                "Parallel Aware": true,
                "Join Type": "Inner",
                "Startup Cost": 47588.64,
                "Total Cost": 110472.69,
                "Plan Rows": 462153,
                "Plan Width": 0,
                "Actual Startup Time": 192.568,
                "Actual Total Time": 564.749,
                "Actual Rows": 247102,
                "Actual Loops": 2,
                "Inner Unique": false,
                "Hash Cond": "(t.id = mc.movie_id)",
                "Plans": [
                  {
                    "Node Type": "Seq Scan",
                    "Parent Relationship": "Outer",
                    "Parallel Aware": true,
                    "Relation Name": "title",
                    "Alias": "t",
                    "Startup Cost": 0.0,
                    "Total Cost": 50870.31,
                    "Plan Rows": 1487231,
                    "Plan Width": 4,
                    "Actual Startup Time": 0.009,
                    "Actual Total Time": 118.729,
                    "Actual Rows": 1264156,
                    "Actual Loops": 2
                  },
                  {
                    "Node Type": "Hash",
                    "Parent Relationship": "Inner",
                    "Parallel Aware": true,
                    "Startup Cost": 41811.73,
                    "Total Cost": 41811.73,
                    "Plan Rows": 462153,
                    "Plan Width": 4,
                    "Actual Startup Time": 183.386,
                    "Actual Total Time": 183.387,
                    "Actual Rows": 247102,
                    "Actual Loops": 2,
                    "Hash Buckets": 1048576,
                    "Original Hash Buckets": 1048576,
                    "Hash Batches": 1,
                    "Original Hash Batches": 1,
                    "Peak Memory Usage": 27552,
                    "Plans": [
                      {
                        "Node Type": "Seq Scan",
                        "Parent Relationship": "Outer",
                        "Parallel Aware": true,
                        "Relation Name": "movie_companies",
                        "Alias": "mc",
                        "Startup Cost": 0.0,
                        "Total Cost": 41811.73,
                        "Plan Rows": 462153,
                        "Plan Width": 4,
                        "Actual Startup Time": 67.404,
                        "Actual Total Time": 126.933,
                        "Actual Rows": 247102,
                        "Actual Loops": 2,
                        "Filter": "((company_id < 14495) AND (company_type_id = 2))",
                        "Rows Removed by Filter": 1057463
                      }
                    ]
                  }
                ]
              }
            ]
          }
        ]
      }
    ]
  },
  "Planning Time": 0.681,
  "Triggers": [],
  "Execution Time": 598.137
}