{
  "Plan": {
    "Node Type": "Aggregate",
    "Strategy": "Plain",
    "Partial Mode": "Finalize",
    "Parallel Aware": false,
    "Startup Cost": 171110.08,
    "Total Cost": 171110.09,
    "Plan Rows": 1,
    "Plan Width": 8,
    "Actual Startup Time": 664.421,
    "Actual Total Time": 691.661,
    "Actual Rows": 1,
    "Actual Loops": 1,
    "Plans": [
      {
        "Node Type": "Gather",
        "Parent Relationship": "Outer",
        "Parallel Aware": false,
        "Startup Cost": 171109.97,
        "Total Cost": 171110.08,
        "Plan Rows": 1,
        "Plan Width": 8,
        "Actual Startup Time": 664.094,
        "Actual Total Time": 691.654,
        "Actual Rows": 2,
        "Actual Loops": 1,
        "Workers Planned": 1,
        "Workers Launched": 1,
        "Single Copy": false,
        "Plans": [
          {
            "Node Type": "Aggregate",
            "Strategy": "Plain",
            "Partial Mode": "Partial",
            "Parent Relationship": "Outer",
            "Parallel Aware": false,
            "Startup Cost": 170109.97,
            "Total Cost": 170109.98,
            "Plan Rows": 1,
            "Plan Width": 8,
            "Actual Startup Time": 657.686,
            "Actual Total Time": 657.69,
            "Actual Rows": 1,
            "Actual Loops": 2,
            "Plans": [
              {
                "Node Type": "Nested Loop",
                "Parent Relationship": "Outer",
                "Parallel Aware": false,
                "Join Type": "Inner",
                "Startup Cost": 58665.89,
                "Total Cost": 170059.01,
                "Plan Rows": 20386,
                "Plan Width": 0,
                "Actual Startup Time": 159.757,
                "Actual Total Time": 655.818,
                "Actual Rows": 26798,
                "Actual Loops": 2,
                "Inner Unique": false,
                "Join Filter": "(t.id = mc.movie_id)",
                "Rows Removed by Join Filter": 0,
                "Plans": [
                  {
                    "Node Type": "Hash Join",
                    "Parent Relationship": "Outer",
                    "Parallel Aware": true,
                    "Join Type": "Inner",
                    "Startup Cost": 58665.46,
                    "Total Cost": 150439.94,
                    "Plan Rows": 32308,
                    "Plan Width": 8,
                    "Actual Startup Time": 159.682,
                    "Actual Total Time": 555.148,
                    "Actual Rows": 16742,
                    "Actual Loops": 2,
                    "Inner Unique": true,
                    "Hash Cond": "(ci.movie_id = t.id)",
                    "Plans": [
                      {
                        "Node Type": "Index Scan",
                        "Parent Relationship": "Outer",
                        "Parallel Aware": true,
                        "Scan Direction": "Forward",
                        "Index Name": "role_id_cast_info",
                        "Relation Name": "cast_info",
                        "Alias": "ci",
                        "Startup Cost": 0.56,
                        "Total Cost": 87376.26,
                        "Plan Rows": 1675723,
                        "Plan Width": 4,
                        "Actual Startup Time": 0.139,
                        "Actual Total Time": 214.748,
                        "Actual Rows": 1364472,
                        "Actual Loops": 2,
                        "Index Cond": "(role_id = 4)",
                        "Rows Removed by Index Recheck": 0
                      },
                      {
                        "Node Type": "Hash",
                        "Parent Relationship": "Inner",
                        "Parallel Aware": true,
                        "Startup Cost": 58306.47,
                        "Total Cost": 58306.47,
                        "Plan Rows": 28674,
                        "Plan Width": 4,
                        "Actual Startup Time": 158.095,
                        "Actual Total Time": 158.096,
                        "Actual Rows": 17744,
                        "Actual Loops": 2,
                        "Hash Buckets": 65536,
                        "Original Hash Buckets": 65536,
                        "Hash Batches": 1,
                        "Original Hash Batches": 1,
                        "Peak Memory Usage": 1920,
                        "Plans": [
                          {
                            "Node Type": "Seq Scan",
                            "Parent Relationship": "Outer",
                            "Parallel Aware": true,
                            "Relation Name": "title",
                            "Alias": "t",
                            "Startup Cost": 0.0,
                            "Total Cost": 58306.47,
                            "Plan Rows": 28674,
                            "Plan Width": 4,
                            "Actual Startup Time": 0.118,
                            "Actual Total Time": 152.41,
                            "Actual Rows": 17744,
                            "Actual Loops": 2,
                            "Filter": "((kind_id < 7) AND (production_year = 2007))",
                            "Rows Removed by Filter": 1246412
                          }
                        ]
                      }
                    ]
                  },
                  {
                    "Node Type": "Index Scan",
                    "Parent Relationship": "Inner",
                    "Parallel Aware": false,
                    "Scan Direction": "Forward",
                    "Index Name": "movie_id_movie_companies",
                    "Relation Name": "movie_companies",
                    "Alias": "mc",
                    "Startup Cost": 0.43,
                    "Total Cost": 0.57,
                    "Plan Rows": 3,
                    "Plan Width": 4,
                    "Actual Startup Time": 0.005,
                    "Actual Total Time": 0.006,
                    "Actual Rows": 2,
                    "Actual Loops": 33484,
                    "Index Cond": "(movie_id = ci.movie_id)",
                    "Rows Removed by Index Recheck": 0,
                    "Filter": "(company_id < 15793)",
                    "Rows Removed by Filter": 1
                  }
                ]
              }
            ]
          }
        ]
      }
    ]
  },
  "Planning Time": 0.986,
  "Triggers": [],
  "Execution Time": 691.75
}