[
    {
        "Bao": {
            "Bao prediction": "NaN",
            "Bao recommended hint": "(no hint)"
        }
    },
    {
        "Plan": {
            "Node Type": "Aggregate",
            "Strategy": "Plain",
            "Partial Mode": "Finalize",
            "Parallel Aware": false,
            "Startup Cost": 30920.79,
            "Total Cost": 30920.8,
            "Plan Rows": 1,
            "Plan Width": 8,
            "Actual Startup Time": 89.935,
            "Actual Total Time": 96.055,
            "Actual Rows": 1,
            "Actual Loops": 1,
            "Output": [
                "count(*)"
            ],
            "Plans": [
                {
                    "Node Type": "Gather",
                    "Parent Relationship": "Outer",
                    "Parallel Aware": false,
                    "Startup Cost": 30920.48,
                    "Total Cost": 30920.79,
                    "Plan Rows": 3,
                    "Plan Width": 8,
                    "Actual Startup Time": 89.836,
                    "Actual Total Time": 96.048,
                    "Actual Rows": 4,
                    "Actual Loops": 1,
                    "Output": [
                        "(PARTIAL count(*))"
                    ],
                    "Workers Planned": 3,
                    "Workers Launched": 3,
                    "Single Copy": false,
                    "Plans": [
                        {
                            "Node Type": "Aggregate",
                            "Strategy": "Plain",
                            "Partial Mode": "Partial",
                            "Parent Relationship": "Outer",
                            "Parallel Aware": false,
                            "Startup Cost": 29920.48,
                            "Total Cost": 29920.49,
                            "Plan Rows": 1,
                            "Plan Width": 8,
                            "Actual Startup Time": 81.854,
                            "Actual Total Time": 81.854,
                            "Actual Rows": 1,
                            "Actual Loops": 4,
                            "Output": [
                                "PARTIAL count(*)"
                            ],
                            "Workers": [
                                {
                                    "Worker Number": 0,
                                    "Actual Startup Time": 78.756,
                                    "Actual Total Time": 78.757,
                                    "Actual Rows": 1,
                                    "Actual Loops": 1
                                },
                                {
                                    "Worker Number": 1,
                                    "Actual Startup Time": 79.493,
                                    "Actual Total Time": 79.494,
                                    "Actual Rows": 1,
                                    "Actual Loops": 1
                                },
                                {
                                    "Worker Number": 2,
                                    "Actual Startup Time": 79.571,
                                    "Actual Total Time": 79.572,
                                    "Actual Rows": 1,
                                    "Actual Loops": 1
                                }
                            ],
                            "Plans": [
                                {
                                    "Node Type": "Seq Scan",
                                    "Parent Relationship": "Outer",
                                    "Parallel Aware": true,
                                    "Relation Name": "movie_companies",
                                    "Schema": "public",
                                    "Alias": "mc",
                                    "Startup Cost": 0.0,
                                    "Total Cost": 29310.68,
                                    "Plan Rows": 243918,
                                    "Plan Width": 0,
                                    "Actual Startup Time": 20.637,
                                    "Actual Total Time": 72.844,
                                    "Actual Rows": 189437,
                                    "Actual Loops": 4,
                                    "Output": [
                                        "id",
                                        "movie_id",
                                        "company_id",
                                        "company_type_id",
                                        "note"
                                    ],
                                    "Filter": "(mc.company_id > 35769)",
                                    "Rows Removed by Filter": 462845,
                                    "Workers": [
                                        {
                                            "Worker Number": 0,
                                            "Actual Startup Time": 17.538,
                                            "Actual Total Time": 70.193,
                                            "Actual Rows": 122570,
                                            "Actual Loops": 1
                                        },
                                        {
                                            "Worker Number": 1,
                                            "Actual Startup Time": 18.288,
                                            "Actual Total Time": 70.872,
                                            "Actual Rows": 196749,
                                            "Actual Loops": 1
                                        },
                                        {
                                            "Worker Number": 2,
                                            "Actual Startup Time": 18.353,
                                            "Actual Total Time": 71.017,
                                            "Actual Rows": 194020,
                                            "Actual Loops": 1
                                        }
                                    ]
                                }
                            ]
                        }
                    ]
                }
            ]
        },
        "Planning Time": 199.286,
        "Triggers": [],
        "Execution Time": 96.093
    }
]