[
  {
    "Plan": {
      "Node Type": "Aggregate",
      "Strategy": "Plain",
      "Partial Mode": "Finalize",
      "Parallel Aware": false,
      "Startup Cost": 32348.86,
      "Total Cost": 32348.87,
      "Plan Rows": 1,
      "Plan Width": 8,
      "Actual Startup Time": 116.333,
      "Actual Total Time": 121.923,
      "Actual Rows": 1,
      "Actual Loops": 1,
      "Plans": [
        {
          "Node Type": "Gather",
          "Parent Relationship": "Outer",
          "Parallel Aware": false,
          "Startup Cost": 32348.54,
          "Total Cost": 32348.85,
          "Plan Rows": 3,
          "Plan Width": 8,
          "Actual Startup Time": 116.231,
          "Actual Total Time": 121.917,
          "Actual Rows": 4,
          "Actual Loops": 1,
          "Workers Planned": 3,
          "Workers Launched": 3,
          "Single Copy": false,
          "Plans": [
            {
              "Node Type": "Aggregate",
              "Strategy": "Plain",
              "Partial Mode": "Partial",
              "Parent Relationship": "Outer",
              "Parallel Aware": false,
              "Startup Cost": 31348.54,
              "Total Cost": 31348.55,
              "Plan Rows": 1,
              "Plan Width": 8,
              "Actual Startup Time": 109.669,
              "Actual Total Time": 109.67,
              "Actual Rows": 1,
              "Actual Loops": 4,
              "Plans": [
                {
                  "Node Type": "Seq Scan",
                  "Parent Relationship": "Outer",
                  "Parallel Aware": true,
                  "Relation Name": "movie_companies",
                  "Alias": "mc",
                  "Startup Cost": 0.0,
                  "Total Cost": 29310.68,
                  "Plan Rows": 815143,
                  "Plan Width": 0,
                  "Actual Startup Time": 0.029,
                  "Actual Total Time": 80.31,
                  "Actual Rows": 631310,
                  "Actual Loops": 4,
                  "Filter": "(company_id > 17)",
                  "Rows Removed by Filter": 20973
                }
              ]
            }
          ]
        }
      ]
    },
    "Planning Time": 0.198,
    "Triggers": [],
    "Execution Time": 121.957
  }
]