[
    {
        "Bao": {
            "Bao prediction": "NaN",
            "Bao recommended hint": "(no hint)"
        }
    },
    {
        "Plan": {
            "Node Type": "Aggregate",
            "Strategy": "Plain",
            "Partial Mode": "Finalize",
            "Parallel Aware": false,
            "Startup Cost": 348478.38,
            "Total Cost": 348478.39,
            "Plan Rows": 1,
            "Plan Width": 8,
            "Actual Startup Time": 626.272,
            "Actual Total Time": 653.944,
            "Actual Rows": 1,
            "Actual Loops": 1,
            "Output": [
                "count(*)"
            ],
            "Plans": [
                {
                    "Node Type": "Gather",
                    "Parent Relationship": "Outer",
                    "Parallel Aware": false,
                    "Startup Cost": 348477.76,
                    "Total Cost": 348478.36,
                    "Plan Rows": 6,
                    "Plan Width": 8,
                    "Actual Startup Time": 626.176,
                    "Actual Total Time": 653.935,
                    "Actual Rows": 7,
                    "Actual Loops": 1,
                    "Output": [
                        "(PARTIAL count(*))"
                    ],
                    "Workers Planned": 6,
                    "Workers Launched": 6,
                    "Single Copy": false,
                    "Plans": [
                        {
                            "Node Type": "Aggregate",
                            "Strategy": "Plain",
                            "Partial Mode": "Partial",
                            "Parent Relationship": "Outer",
                            "Parallel Aware": false,
                            "Startup Cost": 347477.76,
                            "Total Cost": 347477.77,
                            "Plan Rows": 1,
                            "Plan Width": 8,
                            "Actual Startup Time": 616.029,
                            "Actual Total Time": 616.03,
                            "Actual Rows": 1,
                            "Actual Loops": 7,
                            "Output": [
                                "PARTIAL count(*)"
                            ],
                            "Workers": [
                                {
                                    "Worker Number": 0,
                                    "Actual Startup Time": 613.762,
                                    "Actual Total Time": 613.763,
                                    "Actual Rows": 1,
                                    "Actual Loops": 1
                                },
                                {
                                    "Worker Number": 1,
                                    "Actual Startup Time": 614.061,
                                    "Actual Total Time": 614.061,
                                    "Actual Rows": 1,
                                    "Actual Loops": 1
                                },
                                {
                                    "Worker Number": 2,
                                    "Actual Startup Time": 614.429,
                                    "Actual Total Time": 614.431,
                                    "Actual Rows": 1,
                                    "Actual Loops": 1
                                },
                                {
                                    "Worker Number": 3,
                                    "Actual Startup Time": 614.626,
                                    "Actual Total Time": 614.627,
                                    "Actual Rows": 1,
                                    "Actual Loops": 1
                                },
                                {
                                    "Worker Number": 4,
                                    "Actual Startup Time": 614.829,
                                    "Actual Total Time": 614.831,
                                    "Actual Rows": 1,
                                    "Actual Loops": 1
                                },
                                {
                                    "Worker Number": 5,
                                    "Actual Startup Time": 615.188,
                                    "Actual Total Time": 615.19,
                                    "Actual Rows": 1,
                                    "Actual Loops": 1
                                }
                            ],
                            "Plans": [
                                {
                                    "Node Type": "Seq Scan",
                                    "Parent Relationship": "Outer",
                                    "Parallel Aware": true,
                                    "Relation Name": "cast_info",
                                    "Schema": "public",
                                    "Alias": "ci",
                                    "Startup Cost": 0.0,
                                    "Total Cost": 343318.94,
                                    "Plan Rows": 1663526,
                                    "Plan Width": 0,
                                    "Actual Startup Time": 324.288,
                                    "Actual Total Time": 579.039,
                                    "Actual Rows": 789020,
                                    "Actual Loops": 7,
                                    "Output": [
                                        "id",
                                        "person_id",
                                        "movie_id",
                                        "person_role_id",
                                        "note",
                                        "nr_order",
                                        "role_id"
                                    ],
                                    "Filter": "((ci.person_id < 2293284) AND (ci.role_id > 2))",
                                    "Rows Removed by Filter": 4388743,
                                    "Workers": [
                                        {
                                            "Worker Number": 0,
                                            "Actual Startup Time": 322.009,
                                            "Actual Total Time": 576.717,
                                            "Actual Rows": 540833,
                                            "Actual Loops": 1
                                        },
                                        {
                                            "Worker Number": 1,
                                            "Actual Startup Time": 322.318,
                                            "Actual Total Time": 577.111,
                                            "Actual Rows": 540948,
                                            "Actual Loops": 1
                                        },
                                        {
                                            "Worker Number": 2,
                                            "Actual Startup Time": 322.701,
                                            "Actual Total Time": 578.402,
                                            "Actual Rows": 853592,
                                            "Actual Loops": 1
                                        },
                                        {
                                            "Worker Number": 3,
                                            "Actual Startup Time": 322.881,
                                            "Actual Total Time": 578.271,
                                            "Actual Rows": 859901,
                                            "Actual Loops": 1
                                        },
                                        {
                                            "Worker Number": 4,
                                            "Actual Startup Time": 323.085,
                                            "Actual Total Time": 581.61,
                                            "Actual Rows": 793371,
                                            "Actual Loops": 1
                                        },
                                        {
                                            "Worker Number": 5,
                                            "Actual Startup Time": 323.456,
                                            "Actual Total Time": 579.278,
                                            "Actual Rows": 850701,
                                            "Actual Loops": 1
                                        }
                                    ]
                                }
                            ]
                        }
                    ]
                }
            ]
        },
        "Planning Time": 182.99,
        "Triggers": [],
        "Execution Time": 654.037
    }
]