{
    "Plan": {
        "Node Type": "Aggregate",
        "Strategy": "Plain",
        "Partial Mode": "Simple",
        "Parallel Aware": false,
        "Startup Cost": 80000934363.58,
        "Total Cost": 80000934363.59,
        "Plan Rows": 1,
        "Plan Width": 96,
        "Actual Startup Time": 4119.499,
        "Actual Total Time": 4119.506,
        "Actual Rows": 1,
        "Actual Loops": 1,
        "Output": [
            "min(cn.name)",
            "min(mi_idx.info)",
            "min(t.title)"
        ],
        "Plans": [
            {
                "Node Type": "Nested Loop",
                "Parent Relationship": "Outer",
                "Parallel Aware": false,
                "Join Type": "Inner",
                "Startup Cost": 80000000004.17,
                "Total Cost": 80000934363.58,
                "Plan Rows": 1,
                "Plan Width": 41,
                "Actual Startup Time": 71.126,
                "Actual Total Time": 4119.203,
                "Actual Rows": 401,
                "Actual Loops": 1,
                "Output": [
                    "cn.name",
                    "mi_idx.info",
                    "t.title"
                ],
                "Inner Unique": true,
                "Join Filter": "(mi.movie_id = t.id)",
                "Rows Removed by Join Filter": 0,
                "Plans": [
                    {
                        "Node Type": "Nested Loop",
                        "Parent Relationship": "Outer",
                        "Parallel Aware": false,
                        "Join Type": "Inner",
                        "Startup Cost": 70000000003.72,
                        "Total Cost": 70000934359.09,
                        "Plan Rows": 1,
                        "Plan Width": 36,
                        "Actual Startup Time": 7.617,
                        "Actual Total Time": 4083.503,
                        "Actual Rows": 3435,
                        "Actual Loops": 1,
                        "Output": [
                            "cn.name",
                            "mc.movie_id",
                            "mi.movie_id",
                            "mi_idx.info",
                            "mi_idx.movie_id"
                        ],
                        "Inner Unique": true,
                        "Plans": [
                            {
                                "Node Type": "Nested Loop",
                                "Parent Relationship": "Outer",
                                "Parallel Aware": false,
                                "Join Type": "Inner",
                                "Startup Cost": 60000000003.58,
                                "Total Cost": 60000934346.63,
                                "Plan Rows": 3,
                                "Plan Width": 40,
                                "Actual Startup Time": 1.445,
                                "Actual Total Time": 4033.663,
                                "Actual Rows": 12500,
                                "Actual Loops": 1,
                                "Output": [
                                    "cn.name",
                                    "mc.movie_id",
                                    "mc.company_type_id",
                                    "mi.movie_id",
                                    "mi_idx.info",
                                    "mi_idx.movie_id"
                                ],
                                "Inner Unique": true,
                                "Plans": [
                                    {
                                        "Node Type": "Nested Loop",
                                        "Parent Relationship": "Outer",
                                        "Parallel Aware": false,
                                        "Join Type": "Inner",
                                        "Startup Cost": 50000000003.15,
                                        "Total Cost": 50000934302.19,
                                        "Plan Rows": 10,
                                        "Plan Width": 25,
                                        "Actual Startup Time": 1.064,
                                        "Actual Total Time": 3766.62,
                                        "Actual Rows": 41545,
                                        "Actual Loops": 1,
                                        "Output": [
                                            "mi.movie_id",
                                            "mc.movie_id",
                                            "mc.company_type_id",
                                            "mc.company_id",
                                            "mi_idx.info",
                                            "mi_idx.movie_id"
                                        ],
                                        "Inner Unique": false,
                                        "Join Filter": "(mi.movie_id = mc.movie_id)",
                                        "Rows Removed by Join Filter": 0,
                                        "Plans": [
                                            {
                                                "Node Type": "Nested Loop",
                                                "Parent Relationship": "Outer",
                                                "Parallel Aware": false,
                                                "Join Type": "Inner",
                                                "Startup Cost": 40000000002.5,
                                                "Total Cost": 40000934292.63,
                                                "Plan Rows": 2,
                                                "Plan Width": 13,
                                                "Actual Startup Time": 0.946,
                                                "Actual Total Time": 3678.602,
                                                "Actual Rows": 4899,
                                                "Actual Loops": 1,
                                                "Output": [
                                                    "mi.movie_id",
                                                    "mi_idx.info",
                                                    "mi_idx.movie_id"
                                                ],
                                                "Inner Unique": true,
                                                "Plans": [
                                                    {
                                                        "Node Type": "Nested Loop",
                                                        "Parent Relationship": "Outer",
                                                        "Parallel Aware": false,
                                                        "Join Type": "Inner",
                                                        "Startup Cost": 30000000002.35,
                                                        "Total Cost": 30000933442.87,
                                                        "Plan Rows": 204,
                                                        "Plan Width": 17,
                                                        "Actual Startup Time": 0.93,
                                                        "Actual Total Time": 3655.247,
                                                        "Actual Rows": 5083,
                                                        "Actual Loops": 1,
                                                        "Output": [
                                                            "mi_idx.info",
                                                            "mi_idx.movie_id",
                                                            "mi.movie_id",
                                                            "mi.info_type_id"
                                                        ],
                                                        "Inner Unique": false,
                                                        "Plans": [
                                                            {
                                                                "Node Type": "Nested Loop",
                                                                "Parent Relationship": "Outer",
                                                                "Parallel Aware": false,
                                                                "Join Type": "Inner",
                                                                "Startup Cost": 20000000000.58,
                                                                "Total Cost": 20000921746.53,
                                                                "Plan Rows": 1837,
                                                                "Plan Width": 9,
                                                                "Actual Startup Time": 0.118,
                                                                "Actual Total Time": 1271.079,
                                                                "Actual Rows": 135808,
                                                                "Actual Loops": 1,
                                                                "Output": [
                                                                    "mi_idx.info",
                                                                    "mi_idx.movie_id"
                                                                ],
                                                                "Inner Unique": true,
                                                                "Plans": [
                                                                    {
                                                                        "Node Type": "Index Scan",
                                                                        "Parent Relationship": "Outer",
                                                                        "Parallel Aware": false,
                                                                        "Scan Direction": "Forward",
                                                                        "Index Name": "movie_id_movie_info_idx",
                                                                        "Relation Name": "movie_info_idx",
                                                                        "Schema": "public",
                                                                        "Alias": "mi_idx",
                                                                        "Startup Cost": 10000000000.43,
                                                                        "Total Cost": 10000057080.9,
                                                                        "Plan Rows": 207584,
                                                                        "Plan Width": 13,
                                                                        "Actual Startup Time": 0.091,
                                                                        "Actual Total Time": 314.16,
                                                                        "Actual Rows": 207463,
                                                                        "Actual Loops": 1,
                                                                        "Output": [
                                                                            "mi_idx.id",
                                                                            "mi_idx.movie_id",
                                                                            "mi_idx.info_type_id",
                                                                            "mi_idx.info",
                                                                            "mi_idx.note"
                                                                        ],
                                                                        "Filter": "(mi_idx.info > '7'::text)",
                                                                        "Rows Removed by Filter": 1172572
                                                                    },
                                                                    {
                                                                        "Node Type": "Bitmap Heap Scan",
                                                                        "Parent Relationship": "Inner",
                                                                        "Parallel Aware": false,
                                                                        "Relation Name": "info_type",
                                                                        "Schema": "public",
                                                                        "Alias": "it2",
                                                                        "Startup Cost": 0.15,
                                                                        "Total Cost": 4.17,
                                                                        "Plan Rows": 1,
                                                                        "Plan Width": 4,
                                                                        "Actual Startup Time": 0.002,
                                                                        "Actual Total Time": 0.002,
                                                                        "Actual Rows": 1,
                                                                        "Actual Loops": 207463,
                                                                        "Output": [
                                                                            "it2.id",
                                                                            "it2.info"
                                                                        ],
                                                                        "Recheck Cond": "(it2.id = mi_idx.info_type_id)",
                                                                        "Rows Removed by Index Recheck": 0,
                                                                        "Filter": "((it2.info)::text = 'rating'::text)",
                                                                        "Rows Removed by Filter": 0,
                                                                        "Exact Heap Blocks": 207463,
                                                                        "Lossy Heap Blocks": 0,
                                                                        "Plans": [
                                                                            {
                                                                                "Node Type": "Bitmap Index Scan",
                                                                                "Parent Relationship": "Outer",
                                                                                "Parallel Aware": false,
                                                                                "Index Name": "info_type_pkey",
                                                                                "Startup Cost": 0.0,
                                                                                "Total Cost": 0.15,
                                                                                "Plan Rows": 1,
                                                                                "Plan Width": 0,
                                                                                "Actual Startup Time": 0.001,
                                                                                "Actual Total Time": 0.001,
                                                                                "Actual Rows": 1,
                                                                                "Actual Loops": 207463,
                                                                                "Index Cond": "(it2.id = mi_idx.info_type_id)"
                                                                            }
                                                                        ]
                                                                    }
                                                                ]
                                                            },
                                                            {
                                                                "Node Type": "Bitmap Heap Scan",
                                                                "Parent Relationship": "Inner",
                                                                "Parallel Aware": false,
                                                                "Relation Name": "movie_info",
                                                                "Schema": "public",
                                                                "Alias": "mi",
                                                                "Startup Cost": 1.77,
                                                                "Total Cost": 6.36,
                                                                "Plan Rows": 1,
                                                                "Plan Width": 8,
                                                                "Actual Startup Time": 0.015,
                                                                "Actual Total Time": 0.015,
                                                                "Actual Rows": 0,
                                                                "Actual Loops": 135808,
                                                                "Output": [
                                                                    "mi.id",
                                                                    "mi.movie_id",
                                                                    "mi.info_type_id",
                                                                    "mi.info",
                                                                    "mi.note"
                                                                ],
                                                                "Recheck Cond": "(mi.movie_id = mi_idx.movie_id)",
                                                                "Rows Removed by Index Recheck": 0,
                                                                "Filter": "(mi.info = ANY ('{War,Thriller}'::text[]))",
                                                                "Rows Removed by Filter": 17,
                                                                "Exact Heap Blocks": 1016194,
                                                                "Lossy Heap Blocks": 0,
                                                                "Plans": [
                                                                    {
                                                                        "Node Type": "Bitmap Index Scan",
                                                                        "Parent Relationship": "Outer",
                                                                        "Parallel Aware": false,
                                                                        "Index Name": "movie_id_movie_info",
                                                                        "Startup Cost": 0.0,
                                                                        "Total Cost": 1.77,
                                                                        "Plan Rows": 39,
                                                                        "Plan Width": 0,
                                                                        "Actual Startup Time": 0.005,
                                                                        "Actual Total Time": 0.005,
                                                                        "Actual Rows": 17,
                                                                        "Actual Loops": 135808,
                                                                        "Index Cond": "(mi.movie_id = mi_idx.movie_id)"
                                                                    }
                                                                ]
                                                            }
                                                        ]
                                                    },
                                                    {
                                                        "Node Type": "Bitmap Heap Scan",
                                                        "Parent Relationship": "Inner",
                                                        "Parallel Aware": false,
                                                        "Relation Name": "info_type",
                                                        "Schema": "public",
                                                        "Alias": "it1",
                                                        "Startup Cost": 0.15,
                                                        "Total Cost": 4.17,
                                                        "Plan Rows": 1,
                                                        "Plan Width": 4,
                                                        "Actual Startup Time": 0.002,
                                                        "Actual Total Time": 0.002,
                                                        "Actual Rows": 1,
                                                        "Actual Loops": 5083,
                                                        "Output": [
                                                            "it1.id",
                                                            "it1.info"
                                                        ],
                                                        "Recheck Cond": "(it1.id = mi.info_type_id)",
                                                        "Rows Removed by Index Recheck": 0,
                                                        "Filter": "((it1.info)::text = 'genres'::text)",
                                                        "Rows Removed by Filter": 0,
                                                        "Exact Heap Blocks": 5083,
                                                        "Lossy Heap Blocks": 0,
                                                        "Plans": [
                                                            {
                                                                "Node Type": "Bitmap Index Scan",
                                                                "Parent Relationship": "Outer",
                                                                "Parallel Aware": false,
                                                                "Index Name": "info_type_pkey",
                                                                "Startup Cost": 0.0,
                                                                "Total Cost": 0.15,
                                                                "Plan Rows": 1,
                                                                "Plan Width": 0,
                                                                "Actual Startup Time": 0.001,
                                                                "Actual Total Time": 0.001,
                                                                "Actual Rows": 1,
                                                                "Actual Loops": 5083,
                                                                "Index Cond": "(it1.id = mi.info_type_id)"
                                                            }
                                                        ]
                                                    }
                                                ]
                                            },
                                            {
                                                "Node Type": "Bitmap Heap Scan",
                                                "Parent Relationship": "Inner",
                                                "Parallel Aware": false,
                                                "Relation Name": "movie_companies",
                                                "Schema": "public",
                                                "Alias": "mc",
                                                "Startup Cost": 0.65,
                                                "Total Cost": 4.71,
                                                "Plan Rows": 5,
                                                "Plan Width": 12,
                                                "Actual Startup Time": 0.011,
                                                "Actual Total Time": 0.014,
                                                "Actual Rows": 8,
                                                "Actual Loops": 4899,
                                                "Output": [
                                                    "mc.id",
                                                    "mc.movie_id",
                                                    "mc.company_id",
                                                    "mc.company_type_id",
                                                    "mc.note"
                                                ],
                                                "Recheck Cond": "(mc.movie_id = mi_idx.movie_id)",
                                                "Rows Removed by Index Recheck": 0,
                                                "Exact Heap Blocks": 8298,
                                                "Lossy Heap Blocks": 0,
                                                "Plans": [
                                                    {
                                                        "Node Type": "Bitmap Index Scan",
                                                        "Parent Relationship": "Outer",
                                                        "Parallel Aware": false,
                                                        "Index Name": "movie_id_movie_companies",
                                                        "Startup Cost": 0.0,
                                                        "Total Cost": 0.65,
                                                        "Plan Rows": 5,
                                                        "Plan Width": 0,
                                                        "Actual Startup Time": 0.008,
                                                        "Actual Total Time": 0.008,
                                                        "Actual Rows": 8,
                                                        "Actual Loops": 4899,
                                                        "Index Cond": "(mc.movie_id = mi_idx.movie_id)"
                                                    }
                                                ]
                                            }
                                        ]
                                    },
                                    {
                                        "Node Type": "Bitmap Heap Scan",
                                        "Parent Relationship": "Inner",
                                        "Parallel Aware": false,
                                        "Relation Name": "company_name",
                                        "Schema": "public",
                                        "Alias": "cn",
                                        "Startup Cost": 0.43,
                                        "Total Cost": 4.44,
                                        "Plan Rows": 1,
                                        "Plan Width": 23,
                                        "Actual Startup Time": 0.005,
                                        "Actual Total Time": 0.005,
                                        "Actual Rows": 0,
                                        "Actual Loops": 41545,
                                        "Output": [
                                            "cn.id",
                                            "cn.name",
                                            "cn.country_code",
                                            "cn.imdb_id",
                                            "cn.name_pcode_nf",
                                            "cn.name_pcode_sf",
                                            "cn.md5sum"
                                        ],
                                        "Recheck Cond": "(cn.id = mc.company_id)",
                                        "Rows Removed by Index Recheck": 0,
                                        "Filter": "((cn.country_code)::text = '[us]'::text)",
                                        "Rows Removed by Filter": 1,
                                        "Exact Heap Blocks": 41545,
                                        "Lossy Heap Blocks": 0,
                                        "Plans": [
                                            {
                                                "Node Type": "Bitmap Index Scan",
                                                "Parent Relationship": "Outer",
                                                "Parallel Aware": false,
                                                "Index Name": "company_name_pkey",
                                                "Startup Cost": 0.0,
                                                "Total Cost": 0.43,
                                                "Plan Rows": 1,
                                                "Plan Width": 0,
                                                "Actual Startup Time": 0.003,
                                                "Actual Total Time": 0.003,
                                                "Actual Rows": 1,
                                                "Actual Loops": 41545,
                                                "Index Cond": "(cn.id = mc.company_id)"
                                            }
                                        ]
                                    }
                                ]
                            },
                            {
                                "Node Type": "Bitmap Heap Scan",
                                "Parent Relationship": "Inner",
                                "Parallel Aware": false,
                                "Relation Name": "company_type",
                                "Schema": "public",
                                "Alias": "ct",
                                "Startup Cost": 0.14,
                                "Total Cost": 4.15,
                                "Plan Rows": 1,
                                "Plan Width": 4,
                                "Actual Startup Time": 0.002,
                                "Actual Total Time": 0.002,
                                "Actual Rows": 0,
                                "Actual Loops": 12500,
                                "Output": [
                                    "ct.id",
                                    "ct.kind"
                                ],
                                "Recheck Cond": "(ct.id = mc.company_type_id)",
                                "Rows Removed by Index Recheck": 0,
                                "Filter": "((ct.kind)::text = 'production companies'::text)",
                                "Rows Removed by Filter": 1,
                                "Exact Heap Blocks": 12500,
                                "Lossy Heap Blocks": 0,
                                "Plans": [
                                    {
                                        "Node Type": "Bitmap Index Scan",
                                        "Parent Relationship": "Outer",
                                        "Parallel Aware": false,
                                        "Index Name": "company_type_pkey",
                                        "Startup Cost": 0.0,
                                        "Total Cost": 0.14,
                                        "Plan Rows": 1,
                                        "Plan Width": 0,
                                        "Actual Startup Time": 0.001,
                                        "Actual Total Time": 0.001,
                                        "Actual Rows": 1,
                                        "Actual Loops": 12500,
                                        "Index Cond": "(ct.id = mc.company_type_id)"
                                    }
                                ]
                            }
                        ]
                    },
                    {
                        "Node Type": "Bitmap Heap Scan",
                        "Parent Relationship": "Inner",
                        "Parallel Aware": false,
                        "Relation Name": "title",
                        "Schema": "public",
                        "Alias": "t",
                        "Startup Cost": 0.45,
                        "Total Cost": 4.47,
                        "Plan Rows": 1,
                        "Plan Width": 21,
                        "Actual Startup Time": 0.009,
                        "Actual Total Time": 0.009,
                        "Actual Rows": 0,
                        "Actual Loops": 3435,
                        "Output": [
                            "t.id",
                            "t.title",
                            "t.imdb_index",
                            "t.kind_id",
                            "t.production_year",
                            "t.imdb_id",
                            "t.phonetic_code",
                            "t.episode_of_id",
                            "t.season_nr",
                            "t.episode_nr",
                            "t.series_years",
                            "t.md5sum"
                        ],
                        "Recheck Cond": "(t.id = mc.movie_id)",
                        "Rows Removed by Index Recheck": 0,
                        "Filter": "((t.production_year >= 1994) AND (t.production_year <= 2000))",
                        "Rows Removed by Filter": 1,
                        "Exact Heap Blocks": 3435,
                        "Lossy Heap Blocks": 0,
                        "Plans": [
                            {
                                "Node Type": "Bitmap Index Scan",
                                "Parent Relationship": "Outer",
                                "Parallel Aware": false,
                                "Index Name": "title_pkey",
                                "Startup Cost": 0.0,
                                "Total Cost": 0.45,
                                "Plan Rows": 1,
                                "Plan Width": 0,
                                "Actual Startup Time": 0.005,
                                "Actual Total Time": 0.005,
                                "Actual Rows": 1,
                                "Actual Loops": 3435,
                                "Index Cond": "(t.id = mc.movie_id)"
                            }
                        ]
                    }
                ]
            }
        ]
    },
    "Planning Time": 12.566,
    "Triggers": [],
    "Execution Time": 4120.219
}