[
  {
    "Plan": {
      "Node Type": "Aggregate",
      "Strategy": "Plain",
      "Partial Mode": "Finalize",
      "Parallel Aware": false,
      "Startup Cost": 110939.51,
      "Total Cost": 110939.52,
      "Plan Rows": 1,
      "Plan Width": 8,
      "Actual Startup Time": 100.043,
      "Actual Total Time": 116.358,
      "Actual Rows": 1,
      "Actual Loops": 1,
      "Plans": [
        {
          "Node Type": "Gather",
          "Parent Relationship": "Outer",
          "Parallel Aware": false,
          "Startup Cost": 110939.09,
          "Total Cost": 110939.5,
          "Plan Rows": 4,
          "Plan Width": 8,
          "Actual Startup Time": 99.931,
          "Actual Total Time": 116.353,
          "Actual Rows": 5,
          "Actual Loops": 1,
          "Workers Planned": 4,
          "Workers Launched": 4,
          "Single Copy": false,
          "Plans": [
            {
              "Node Type": "Aggregate",
              "Strategy": "Plain",
              "Partial Mode": "Partial",
              "Parent Relationship": "Outer",
              "Parallel Aware": false,
              "Startup Cost": 109939.09,
              "Total Cost": 109939.1,
              "Plan Rows": 1,
              "Plan Width": 8,
              "Actual Startup Time": 92.648,
              "Actual Total Time": 92.649,
              "Actual Rows": 1,
              "Actual Loops": 5,
              "Plans": [
                {
                  "Node Type": "Nested Loop",
                  "Parent Relationship": "Outer",
                  "Parallel Aware": false,
                  "Join Type": "Inner",
                  "Startup Cost": 0.43,
                  "Total Cost": 109932.1,
                  "Plan Rows": 2796,
                  "Plan Width": 0,
                  "Actual Startup Time": 55.899,
                  "Actual Total Time": 92.35,
                  "Actual Rows": 3540,
                  "Actual Loops": 5,
                  "Inner Unique": false,
                  "Plans": [
                    {
                      "Node Type": "Seq Scan",
                      "Parent Relationship": "Outer",
                      "Parallel Aware": true,
                      "Relation Name": "title",
                      "Alias": "t",
                      "Startup Cost": 0.0,
                      "Total Cost": 43898.92,
                      "Plan Rows": 478,
                      "Plan Width": 4,
                      "Actual Startup Time": 55.806,
                      "Actual Total Time": 76.487,
                      "Actual Rows": 469,
                      "Actual Loops": 5,
                      "Filter": "(production_year < 1898)",
                      "Rows Removed by Filter": 505193
                    },
                    {
                      "Node Type": "Index Only Scan",
                      "Parent Relationship": "Inner",
                      "Parallel Aware": false,
                      "Scan Direction": "Forward",
                      "Index Name": "movie_id_movie_info",
                      "Relation Name": "movie_info",
                      "Alias": "mi",
                      "Startup Cost": 0.43,
                      "Total Cost": 137.72,
                      "Plan Rows": 42,
                      "Plan Width": 4,
                      "Actual Startup Time": 0.014,
                      "Actual Total Time": 0.033,
                      "Actual Rows": 8,
                      "Actual Loops": 2345,
                      "Index Cond": "(movie_id = t.id)",
                      "Rows Removed by Index Recheck": 0,
                      "Heap Fetches": 17699
                    }
                  ]
                }
              ]
            }
          ]
        }
      ]
    },
    "Planning Time": 0.509,
    "Triggers": [],
    "Execution Time": 116.412
  }
]