[
    {
        "Bao": {
            "Bao prediction": "NaN",
            "Bao recommended hint": "(no hint)"
        }
    },
    {
        "Plan": {
            "Node Type": "Aggregate",
            "Strategy": "Plain",
            "Partial Mode": "Finalize",
            "Parallel Aware": false,
            "Startup Cost": 356135.78,
            "Total Cost": 356135.79,
            "Plan Rows": 1,
            "Plan Width": 8,
            "Actual Startup Time": 890.484,
            "Actual Total Time": 918.114,
            "Actual Rows": 1,
            "Actual Loops": 1,
            "Output": [
                "count(*)"
            ],
            "Plans": [
                {
                    "Node Type": "Gather",
                    "Parent Relationship": "Outer",
                    "Parallel Aware": false,
                    "Startup Cost": 356135.15,
                    "Total Cost": 356135.76,
                    "Plan Rows": 6,
                    "Plan Width": 8,
                    "Actual Startup Time": 890.369,
                    "Actual Total Time": 918.105,
                    "Actual Rows": 7,
                    "Actual Loops": 1,
                    "Output": [
                        "(PARTIAL count(*))"
                    ],
                    "Workers Planned": 6,
                    "Workers Launched": 6,
                    "Single Copy": false,
                    "Plans": [
                        {
                            "Node Type": "Aggregate",
                            "Strategy": "Plain",
                            "Partial Mode": "Partial",
                            "Parent Relationship": "Outer",
                            "Parallel Aware": false,
                            "Startup Cost": 355135.15,
                            "Total Cost": 355135.16,
                            "Plan Rows": 1,
                            "Plan Width": 8,
                            "Actual Startup Time": 880.48,
                            "Actual Total Time": 880.481,
                            "Actual Rows": 1,
                            "Actual Loops": 7,
                            "Output": [
                                "PARTIAL count(*)"
                            ],
                            "Workers": [
                                {
                                    "Worker Number": 0,
                                    "Actual Startup Time": 877.965,
                                    "Actual Total Time": 877.966,
                                    "Actual Rows": 1,
                                    "Actual Loops": 1
                                },
                                {
                                    "Worker Number": 1,
                                    "Actual Startup Time": 877.999,
                                    "Actual Total Time": 878.001,
                                    "Actual Rows": 1,
                                    "Actual Loops": 1
                                },
                                {
                                    "Worker Number": 2,
                                    "Actual Startup Time": 879.099,
                                    "Actual Total Time": 879.101,
                                    "Actual Rows": 1,
                                    "Actual Loops": 1
                                },
                                {
                                    "Worker Number": 3,
                                    "Actual Startup Time": 879.2,
                                    "Actual Total Time": 879.2,
                                    "Actual Rows": 1,
                                    "Actual Loops": 1
                                },
                                {
                                    "Worker Number": 4,
                                    "Actual Startup Time": 879.253,
                                    "Actual Total Time": 879.254,
                                    "Actual Rows": 1,
                                    "Actual Loops": 1
                                },
                                {
                                    "Worker Number": 5,
                                    "Actual Startup Time": 879.921,
                                    "Actual Total Time": 879.922,
                                    "Actual Rows": 1,
                                    "Actual Loops": 1
                                }
                            ],
                            "Plans": [
                                {
                                    "Node Type": "Seq Scan",
                                    "Parent Relationship": "Outer",
                                    "Parallel Aware": true,
                                    "Relation Name": "cast_info",
                                    "Schema": "public",
                                    "Alias": "ci",
                                    "Startup Cost": 0.0,
                                    "Total Cost": 343318.94,
                                    "Plan Rows": 4726484,
                                    "Plan Width": 0,
                                    "Actual Startup Time": 56.324,
                                    "Actual Total Time": 698.731,
                                    "Actual Rows": 3982866,
                                    "Actual Loops": 7,
                                    "Output": [
                                        "id",
                                        "person_id",
                                        "movie_id",
                                        "person_role_id",
                                        "note",
                                        "nr_order",
                                        "role_id"
                                    ],
                                    "Filter": "((ci.person_id > 372266) AND (ci.role_id < 10))",
                                    "Rows Removed by Filter": 1194897,
                                    "Workers": [
                                        {
                                            "Worker Number": 0,
                                            "Actual Startup Time": 53.806,
                                            "Actual Total Time": 695.782,
                                            "Actual Rows": 2763462,
                                            "Actual Loops": 1
                                        },
                                        {
                                            "Worker Number": 1,
                                            "Actual Startup Time": 53.854,
                                            "Actual Total Time": 696.055,
                                            "Actual Rows": 2758998,
                                            "Actual Loops": 1
                                        },
                                        {
                                            "Worker Number": 2,
                                            "Actual Startup Time": 54.942,
                                            "Actual Total Time": 702.735,
                                            "Actual Rows": 4310549,
                                            "Actual Loops": 1
                                        },
                                        {
                                            "Worker Number": 3,
                                            "Actual Startup Time": 55.042,
                                            "Actual Total Time": 700.917,
                                            "Actual Rows": 4316882,
                                            "Actual Loops": 1
                                        },
                                        {
                                            "Worker Number": 4,
                                            "Actual Startup Time": 55.089,
                                            "Actual Total Time": 702.576,
                                            "Actual Rows": 4280721,
                                            "Actual Loops": 1
                                        },
                                        {
                                            "Worker Number": 5,
                                            "Actual Startup Time": 55.768,
                                            "Actual Total Time": 701.261,
                                            "Actual Rows": 4321893,
                                            "Actual Loops": 1
                                        }
                                    ]
                                }
                            ]
                        }
                    ]
                }
            ]
        },
        "Planning Time": 184.028,
        "Triggers": [],
        "Execution Time": 918.205
    }
]