[
  {
    "Plan": {
      "Node Type": "Aggregate",
      "Strategy": "Plain",
      "Partial Mode": "Finalize",
      "Parallel Aware": false,
      "Startup Cost": 46488.72,
      "Total Cost": 46488.73,
      "Plan Rows": 1,
      "Plan Width": 8,
      "Actual Startup Time": 92.468,
      "Actual Total Time": 103.827,
      "Actual Rows": 1,
      "Actual Loops": 1,
      "Plans": [
        {
          "Node Type": "Gather",
          "Parent Relationship": "Outer",
          "Parallel Aware": false,
          "Startup Cost": 46488.3,
          "Total Cost": 46488.71,
          "Plan Rows": 4,
          "Plan Width": 8,
          "Actual Startup Time": 92.328,
          "Actual Total Time": 103.818,
          "Actual Rows": 5,
          "Actual Loops": 1,
          "Workers Planned": 4,
          "Workers Launched": 4,
          "Single Copy": false,
          "Plans": [
            {
              "Node Type": "Aggregate",
              "Strategy": "Plain",
              "Partial Mode": "Partial",
              "Parent Relationship": "Outer",
              "Parallel Aware": false,
              "Startup Cost": 45488.3,
              "Total Cost": 45488.31,
              "Plan Rows": 1,
              "Plan Width": 8,
              "Actual Startup Time": 82.681,
              "Actual Total Time": 82.682,
              "Actual Rows": 1,
              "Actual Loops": 5,
              "Plans": [
                {
                  "Node Type": "Seq Scan",
                  "Parent Relationship": "Outer",
                  "Parallel Aware": true,
                  "Relation Name": "title",
                  "Alias": "t",
                  "Startup Cost": 0.0,
                  "Total Cost": 45479.1,
                  "Plan Rows": 3681,
                  "Plan Width": 0,
                  "Actual Startup Time": 58.592,
                  "Actual Total Time": 82.052,
                  "Actual Rows": 11969,
                  "Actual Loops": 5,
                  "Filter": "((production_year < 1915) AND (kind_id = 1))",
                  "Rows Removed by Filter": 493693
                }
              ]
            }
          ]
        }
      ]
    },
    "Planning Time": 0.185,
    "Triggers": [],
    "Execution Time": 103.889
  }
]