[
  {
    "Plan": {
      "Node Type": "Aggregate",
      "Strategy": "Plain",
      "Partial Mode": "Finalize",
      "Parallel Aware": false,
      "Startup Cost": 113059.35,
      "Total Cost": 113059.36,
      "Plan Rows": 1,
      "Plan Width": 8,
      "Actual Startup Time": 207.523,
      "Actual Total Time": 218.226,
      "Actual Rows": 1,
      "Actual Loops": 1,
      "Plans": [
        {
          "Node Type": "Gather",
          "Parent Relationship": "Outer",
          "Parallel Aware": false,
          "Startup Cost": 113058.83,
          "Total Cost": 113059.34,
          "Plan Rows": 5,
          "Plan Width": 8,
          "Actual Startup Time": 207.373,
          "Actual Total Time": 218.215,
          "Actual Rows": 6,
          "Actual Loops": 1,
          "Workers Planned": 5,
          "Workers Launched": 5,
          "Single Copy": false,
          "Plans": [
            {
              "Node Type": "Aggregate",
              "Strategy": "Plain",
              "Partial Mode": "Partial",
              "Parent Relationship": "Outer",
              "Parallel Aware": false,
              "Startup Cost": 112058.83,
              "Total Cost": 112058.84,
              "Plan Rows": 1,
              "Plan Width": 8,
              "Actual Startup Time": 197.742,
              "Actual Total Time": 197.743,
              "Actual Rows": 1,
              "Actual Loops": 6,
              "Plans": [
                {
                  "Node Type": "Index Scan",
                  "Parent Relationship": "Outer",
                  "Parallel Aware": true,
                  "Scan Direction": "Forward",
                  "Index Name": "role_id_cast_info",
                  "Relation Name": "cast_info",
                  "Alias": "ci",
                  "Startup Cost": 0.56,
                  "Total Cost": 110428.26,
                  "Plan Rows": 652231,
                  "Plan Width": 0,
                  "Actual Startup Time": 0.248,
                  "Actual Total Time": 169.554,
                  "Actual Rows": 574313,
                  "Actual Loops": 6,
                  "Index Cond": "(role_id = 3)",
                  "Rows Removed by Index Recheck": 0,
                  "Filter": "(person_id > 696724)",
                  "Rows Removed by Filter": 93694
                }
              ]
            }
          ]
        }
      ]
    },
    "Planning Time": 0.231,
    "Triggers": [],
    "Execution Time": 218.298
  }
]