[
  {
    "Plan": {
      "Node Type": "Aggregate",
      "Strategy": "Plain",
      "Partial Mode": "Finalize",
      "Parallel Aware": false,
      "Startup Cost": 46632.6,
      "Total Cost": 46632.61,
      "Plan Rows": 1,
      "Plan Width": 8,
      "Actual Startup Time": 148.723,
      "Actual Total Time": 158.141,
      "Actual Rows": 1,
      "Actual Loops": 1,
      "Plans": [
        {
          "Node Type": "Gather",
          "Parent Relationship": "Outer",
          "Parallel Aware": false,
          "Startup Cost": 46632.29,
          "Total Cost": 46632.6,
          "Plan Rows": 3,
          "Plan Width": 8,
          "Actual Startup Time": 148.601,
          "Actual Total Time": 158.133,
          "Actual Rows": 4,
          "Actual Loops": 1,
          "Workers Planned": 3,
          "Workers Launched": 3,
          "Single Copy": false,
          "Plans": [
            {
              "Node Type": "Aggregate",
              "Strategy": "Plain",
              "Partial Mode": "Partial",
              "Parent Relationship": "Outer",
              "Parallel Aware": false,
              "Startup Cost": 45632.29,
              "Total Cost": 45632.3,
              "Plan Rows": 1,
              "Plan Width": 8,
              "Actual Startup Time": 145.222,
              "Actual Total Time": 145.223,
              "Actual Rows": 1,
              "Actual Loops": 4,
              "Plans": [
                {
                  "Node Type": "Seq Scan",
                  "Parent Relationship": "Outer",
                  "Parallel Aware": true,
                  "Relation Name": "movie_keyword",
                  "Alias": "mk",
                  "Startup Cost": 0.0,
                  "Total Cost": 42695.65,
                  "Plan Rows": 1174653,
                  "Plan Width": 0,
                  "Actual Startup Time": 0.058,
                  "Actual Total Time": 108.718,
                  "Actual Rows": 909229,
                  "Actual Loops": 4,
                  "Filter": "(keyword_id > 837)",
                  "Rows Removed by Filter": 221754
                }
              ]
            }
          ]
        }
      ]
    },
    "Planning Time": 0.068,
    "Triggers": [],
    "Execution Time": 158.168
  }
]