[
  {
    "Plan": {
      "Node Type": "Aggregate",
      "Strategy": "Plain",
      "Partial Mode": "Finalize",
      "Parallel Aware": false,
      "Startup Cost": 32389.4,
      "Total Cost": 32389.41,
      "Plan Rows": 1,
      "Plan Width": 8,
      "Actual Startup Time": 119.343,
      "Actual Total Time": 125.102,
      "Actual Rows": 1,
      "Actual Loops": 1,
      "Plans": [
        {
          "Node Type": "Gather",
          "Parent Relationship": "Outer",
          "Parallel Aware": false,
          "Startup Cost": 32389.08,
          "Total Cost": 32389.39,
          "Plan Rows": 3,
          "Plan Width": 8,
          "Actual Startup Time": 119.228,
          "Actual Total Time": 125.095,
          "Actual Rows": 4,
          "Actual Loops": 1,
          "Workers Planned": 3,
          "Workers Launched": 3,
          "Single Copy": false,
          "Plans": [
            {
              "Node Type": "Aggregate",
              "Strategy": "Plain",
              "Partial Mode": "Partial",
              "Parent Relationship": "Outer",
              "Parallel Aware": false,
              "Startup Cost": 31389.08,
              "Total Cost": 31389.09,
              "Plan Rows": 1,
              "Plan Width": 8,
              "Actual Startup Time": 115.574,
              "Actual Total Time": 115.575,
              "Actual Rows": 1,
              "Actual Loops": 4,
              "Plans": [
                {
                  "Node Type": "Seq Scan",
                  "Parent Relationship": "Outer",
                  "Parallel Aware": true,
                  "Relation Name": "movie_companies",
                  "Alias": "mc",
                  "Startup Cost": 0.0,
                  "Total Cost": 29310.68,
                  "Plan Rows": 831361,
                  "Plan Width": 0,
                  "Actual Startup Time": 0.015,
                  "Actual Total Time": 83.773,
                  "Actual Rows": 644490,
                  "Actual Loops": 4,
                  "Filter": "(company_id < 206737)",
                  "Rows Removed by Filter": 7792
                }
              ]
            }
          ]
        }
      ]
    },
    "Planning Time": 0.109,
    "Triggers": [],
    "Execution Time": 125.136
  }
]