[
  {
    "Plan": {
      "Node Type": "Aggregate",
      "Strategy": "Plain",
      "Partial Mode": "Finalize",
      "Parallel Aware": false,
      "Startup Cost": 32388.04,
      "Total Cost": 32388.05,
      "Plan Rows": 1,
      "Plan Width": 8,
      "Actual Startup Time": 119.812,
      "Actual Total Time": 128.241,
      "Actual Rows": 1,
      "Actual Loops": 1,
      "Plans": [
        {
          "Node Type": "Gather",
          "Parent Relationship": "Outer",
          "Parallel Aware": false,
          "Startup Cost": 32387.73,
          "Total Cost": 32388.04,
          "Plan Rows": 3,
          "Plan Width": 8,
          "Actual Startup Time": 119.672,
          "Actual Total Time": 128.232,
          "Actual Rows": 4,
          "Actual Loops": 1,
          "Workers Planned": 3,
          "Workers Launched": 3,
          "Single Copy": false,
          "Plans": [
            {
              "Node Type": "Aggregate",
              "Strategy": "Plain",
              "Partial Mode": "Partial",
              "Parent Relationship": "Outer",
              "Parallel Aware": false,
              "Startup Cost": 31387.73,
              "Total Cost": 31387.74,
              "Plan Rows": 1,
              "Plan Width": 8,
              "Actual Startup Time": 112.794,
              "Actual Total Time": 112.795,
              "Actual Rows": 1,
              "Actual Loops": 4,
              "Plans": [
                {
                  "Node Type": "Seq Scan",
                  "Parent Relationship": "Outer",
                  "Parallel Aware": true,
                  "Relation Name": "movie_companies",
                  "Alias": "mc",
                  "Startup Cost": 0.0,
                  "Total Cost": 29310.68,
                  "Plan Rows": 830818,
                  "Plan Width": 0,
                  "Actual Startup Time": 0.04,
                  "Actual Total Time": 83.258,
                  "Actual Rows": 644490,
                  "Actual Loops": 4,
                  "Filter": "(company_id < 206737)",
                  "Rows Removed by Filter": 7792
                }
              ]
            }
          ]
        }
      ]
    },
    "Planning Time": 0.251,
    "Triggers": [],
    "Execution Time": 128.298
  }
]