[
  {
    "Plan": {
      "Node Type": "Aggregate",
      "Strategy": "Plain",
      "Partial Mode": "Finalize",
      "Parallel Aware": false,
      "Startup Cost": 26775.78,
      "Total Cost": 26775.79,
      "Plan Rows": 1,
      "Plan Width": 8,
      "Actual Startup Time": 60.972,
      "Actual Total Time": 66.082,
      "Actual Rows": 1,
      "Actual Loops": 1,
      "Plans": [
        {
          "Node Type": "Gather",
          "Parent Relationship": "Outer",
          "Parallel Aware": false,
          "Startup Cost": 26775.46,
          "Total Cost": 26775.77,
          "Plan Rows": 3,
          "Plan Width": 8,
          "Actual Startup Time": 60.699,
          "Actual Total Time": 66.073,
          "Actual Rows": 4,
          "Actual Loops": 1,
          "Workers Planned": 3,
          "Workers Launched": 3,
          "Single Copy": false,
          "Plans": [
            {
              "Node Type": "Aggregate",
              "Strategy": "Plain",
              "Partial Mode": "Partial",
              "Parent Relationship": "Outer",
              "Parallel Aware": false,
              "Startup Cost": 25775.46,
              "Total Cost": 25775.47,
              "Plan Rows": 1,
              "Plan Width": 8,
              "Actual Startup Time": 56.893,
              "Actual Total Time": 56.895,
              "Actual Rows": 1,
              "Actual Loops": 4,
              "Plans": [
                {
                  "Node Type": "Bitmap Heap Scan",
                  "Parent Relationship": "Outer",
                  "Parallel Aware": true,
                  "Relation Name": "movie_companies",
                  "Alias": "mc",
                  "Startup Cost": 5620.54,
                  "Total Cost": 25672.62,
                  "Plan Rows": 41138,
                  "Plan Width": 0,
                  "Actual Startup Time": 18.062,
                  "Actual Total Time": 53.953,
                  "Actual Rows": 48945,
                  "Actual Loops": 4,
                  "Recheck Cond": "(company_id < 123)",
                  "Rows Removed by Index Recheck": 0,
                  "Filter": "(company_type_id < 2)",
                  "Rows Removed by Filter": 14898,
                  "Exact Heap Blocks": 8287,
                  "Lossy Heap Blocks": 0,
                  "Plans": [
                    {
                      "Node Type": "Bitmap Index Scan",
                      "Parent Relationship": "Outer",
                      "Parallel Aware": false,
                      "Index Name": "company_id_movie_companies",
                      "Startup Cost": 0.0,
                      "Total Cost": 5588.66,
                      "Plan Rows": 260830,
                      "Plan Width": 0,
                      "Actual Startup Time": 18.658,
                      "Actual Total Time": 18.659,
                      "Actual Rows": 255371,
                      "Actual Loops": 1,
                      "Index Cond": "(company_id < 123)"
                    }
                  ]
                }
              ]
            }
          ]
        }
      ]
    },
    "Planning Time": 0.129,
    "Triggers": [],
    "Execution Time": 66.128
  }
]