{
  "Plan": {
    "Node Type": "Aggregate",
    "Strategy": "Plain",
    "Partial Mode": "Finalize",
    "Parallel Aware": false,
    "Startup Cost": 98806.6,
    "Total Cost": 98806.61,
    "Plan Rows": 1,
    "Plan Width": 8,
    "Actual Startup Time": 349.578,
    "Actual Total Time": 366.747,
    "Actual Rows": 1,
    "Actual Loops": 1,
    "Plans": [
      {
        "Node Type": "Gather",
        "Parent Relationship": "Outer",
        "Parallel Aware": false,
        "Startup Cost": 98806.49,
        "Total Cost": 98806.6,
        "Plan Rows": 1,
        "Plan Width": 8,
        "Actual Startup Time": 349.04,
        "Actual Total Time": 366.738,
        "Actual Rows": 2,
        "Actual Loops": 1,
        "Workers Planned": 1,
        "Workers Launched": 1,
        "Single Copy": false,
        "Plans": [
          {
            "Node Type": "Aggregate",
            "Strategy": "Plain",
            "Partial Mode": "Partial",
            "Parent Relationship": "Outer",
            "Parallel Aware": false,
            "Startup Cost": 97806.49,
            "Total Cost": 97806.5,
            "Plan Rows": 1,
            "Plan Width": 8,
            "Actual Startup Time": 343.209,
            "Actual Total Time": 343.213,
            "Actual Rows": 1,
            "Actual Loops": 2,
            "Plans": [
              {
                "Node Type": "Hash Join",
                "Parent Relationship": "Outer",
                "Parallel Aware": true,
                "Join Type": "Inner",
                "Startup Cost": 55502.84,
                "Total Cost": 97773.85,
                "Plan Rows": 13056,
                "Plan Width": 0,
                "Actual Startup Time": 177.839,
                "Actual Total Time": 342.355,
                "Actual Rows": 13862,
                "Actual Loops": 2,
                "Inner Unique": true,
                "Hash Cond": "(mc.movie_id = t.id)",
                "Plans": [
                  {
                    "Node Type": "Index Scan",
                    "Parent Relationship": "Outer",
                    "Parallel Aware": true,
                    "Scan Direction": "Forward",
                    "Index Name": "company_type_id_movie_companies",
                    "Relation Name": "movie_companies",
                    "Alias": "mc",
                    "Startup Cost": 0.43,
                    "Total Cost": 41574.35,
                    "Plan Rows": 265553,
                    "Plan Width": 4,
                    "Actual Startup Time": 0.05,
                    "Actual Total Time": 117.492,
                    "Actual Rows": 324572,
                    "Actual Loops": 2,
                    "Index Cond": "(company_type_id < 2)",
                    "Rows Removed by Index Recheck": 0,
                    "Filter": "(company_id < 3111)",
                    "Rows Removed by Filter": 312552
                  },
                  {
                    "Node Type": "Hash",
                    "Parent Relationship": "Inner",
                    "Parallel Aware": true,
                    "Startup Cost": 54588.39,
                    "Total Cost": 54588.39,
                    "Plan Rows": 73122,
                    "Plan Width": 4,
                    "Actual Startup Time": 175.475,
                    "Actual Total Time": 175.476,
                    "Actual Rows": 59782,
                    "Actual Loops": 2,
                    "Hash Buckets": 131072,
                    "Original Hash Buckets": 131072,
                    "Hash Batches": 1,
                    "Original Hash Batches": 1,
                    "Peak Memory Usage": 5760,
                    "Plans": [
                      {
                        "Node Type": "Seq Scan",
                        "Parent Relationship": "Outer",
                        "Parallel Aware": true,
                        "Relation Name": "title",
                        "Alias": "t",
                        "Startup Cost": 0.0,
                        "Total Cost": 54588.39,
                        "Plan Rows": 73122,
                        "Plan Width": 4,
                        "Actual Startup Time": 0.05,
                        "Actual Total Time": 156.889,
                        "Actual Rows": 59782,
                        "Actual Loops": 2,
                        "Filter": "(production_year = 2007)",
                        "Rows Removed by Filter": 1204374
                      }
                    ]
                  }
                ]
              }
            ]
          }
        ]
      }
    ]
  },
  "Planning Time": 0.472,
  "Triggers": [],
  "Execution Time": 366.827
}