[
  {
    "Plan": {
      "Node Type": "Aggregate",
      "Strategy": "Plain",
      "Partial Mode": "Finalize",
      "Parallel Aware": false,
      "Startup Cost": 208492.47,
      "Total Cost": 208492.48,
      "Plan Rows": 1,
      "Plan Width": 8,
      "Actual Startup Time": 315.896,
      "Actual Total Time": 329.289,
      "Actual Rows": 1,
      "Actual Loops": 1,
      "Plans": [
        {
          "Node Type": "Gather",
          "Parent Relationship": "Outer",
          "Parallel Aware": false,
          "Startup Cost": 208492.05,
          "Total Cost": 208492.46,
          "Plan Rows": 4,
          "Plan Width": 8,
          "Actual Startup Time": 306.933,
          "Actual Total Time": 329.28,
          "Actual Rows": 5,
          "Actual Loops": 1,
          "Workers Planned": 4,
          "Workers Launched": 4,
          "Single Copy": false,
          "Plans": [
            {
              "Node Type": "Aggregate",
              "Strategy": "Plain",
              "Partial Mode": "Partial",
              "Parent Relationship": "Outer",
              "Parallel Aware": false,
              "Startup Cost": 207492.05,
              "Total Cost": 207492.06,
              "Plan Rows": 1,
              "Plan Width": 8,
              "Actual Startup Time": 293.772,
              "Actual Total Time": 293.777,
              "Actual Rows": 1,
              "Actual Loops": 5,
              "Plans": [
                {
                  "Node Type": "Nested Loop",
                  "Parent Relationship": "Outer",
                  "Parallel Aware": false,
                  "Join Type": "Inner",
                  "Startup Cost": 50490.05,
                  "Total Cost": 207480.48,
                  "Plan Rows": 4628,
                  "Plan Width": 0,
                  "Actual Startup Time": 284.177,
                  "Actual Total Time": 293.763,
                  "Actual Rows": 47,
                  "Actual Loops": 5,
                  "Inner Unique": false,
                  "Plans": [
                    {
                      "Node Type": "Hash Join",
                      "Parent Relationship": "Outer",
                      "Parallel Aware": true,
                      "Join Type": "Inner",
                      "Startup Cost": 50489.62,
                      "Total Cost": 197980.79,
                      "Plan Rows": 14938,
                      "Plan Width": 8,
                      "Actual Startup Time": 284.114,
                      "Actual Total Time": 293.551,
                      "Actual Rows": 27,
                      "Actual Loops": 5,
                      "Inner Unique": true,
                      "Hash Cond": "(mi.movie_id = t.id)",
                      "Plans": [
                        {
                          "Node Type": "Bitmap Heap Scan",
                          "Parent Relationship": "Outer",
                          "Parallel Aware": true,
                          "Relation Name": "movie_info",
                          "Alias": "mi",
                          "Startup Cost": 1771.81,
                          "Total Cost": 149198.68,
                          "Plan Rows": 24496,
                          "Plan Width": 4,
                          "Actual Startup Time": 5.875,
                          "Actual Total Time": 15.716,
                          "Actual Rows": 21807,
                          "Actual Loops": 5,
                          "Recheck Cond": "(info_type_id = 106)",
                          "Rows Removed by Index Recheck": 0,
                          "Exact Heap Blocks": 1283,
                          "Lossy Heap Blocks": 0,
                          "Plans": [
                            {
                              "Node Type": "Bitmap Index Scan",
                              "Parent Relationship": "Outer",
                              "Parallel Aware": false,
                              "Index Name": "info_type_id_movie_info",
                              "Startup Cost": 0.0,
                              "Total Cost": 1747.32,
                              "Plan Rows": 97984,
                              "Plan Width": 0,
                              "Actual Startup Time": 5.057,
                              "Actual Total Time": 5.059,
                              "Actual Rows": 109034,
                              "Actual Loops": 1,
                              "Index Cond": "(info_type_id = 106)"
                            }
                          ]
                        },
                        {
                          "Node Type": "Hash",
                          "Parent Relationship": "Inner",
                          "Parallel Aware": true,
                          "Startup Cost": 43899.32,
                          "Total Cost": 43899.32,
                          "Plan Rows": 385479,
                          "Plan Width": 4,
                          "Actual Startup Time": 266.0,
                          "Actual Total Time": 266.001,
                          "Actual Rows": 308653,
                          "Actual Loops": 5,
                          "Hash Buckets": 2097152,
                          "Original Hash Buckets": 2097152,
                          "Hash Batches": 1,
                          "Original Hash Batches": 1,
                          "Peak Memory Usage": 76864,
                          "Plans": [
                            {
                              "Node Type": "Seq Scan",
                              "Parent Relationship": "Outer",
                              "Parallel Aware": true,
                              "Relation Name": "title",
                              "Alias": "t",
                              "Startup Cost": 0.0,
                              "Total Cost": 43899.32,
                              "Plan Rows": 385479,
                              "Plan Width": 4,
                              "Actual Startup Time": 0.049,
                              "Actual Total Time": 114.765,
                              "Actual Rows": 308653,
                              "Actual Loops": 5,
                              "Filter": "(kind_id = 7)",
                              "Rows Removed by Filter": 197010
                            }
                          ]
                        }
                      ]
                    },
                    {
                      "Node Type": "Index Scan",
                      "Parent Relationship": "Inner",
                      "Parallel Aware": false,
                      "Scan Direction": "Forward",
                      "Index Name": "movie_id_movie_companies",
                      "Relation Name": "movie_companies",
                      "Alias": "mc",
                      "Startup Cost": 0.43,
                      "Total Cost": 0.62,
                      "Plan Rows": 2,
                      "Plan Width": 4,
                      "Actual Startup Time": 0.007,
                      "Actual Total Time": 0.007,
                      "Actual Rows": 2,
                      "Actual Loops": 135,
                      "Index Cond": "(movie_id = t.id)",
                      "Rows Removed by Index Recheck": 0,
                      "Filter": "((company_id > 6986) AND (company_type_id > 1))",
                      "Rows Removed by Filter": 7
                    }
                  ]
                }
              ]
            }
          ]
        }
      ]
    },
    "Planning Time": 1.364,
    "Triggers": [],
    "Execution Time": 329.391
  }
]