{
  "Plan": {
    "Node Type": "Aggregate",
    "Strategy": "Plain",
    "Partial Mode": "Finalize",
    "Parallel Aware": false,
    "Startup Cost": 429209.58,
    "Total Cost": 429209.59,
    "Plan Rows": 1,
    "Plan Width": 8,
    "Actual Startup Time": 1718.307,
    "Actual Total Time": 1741.88,
    "Actual Rows": 1,
    "Actual Loops": 1,
    "Plans": [
      {
        "Node Type": "Gather",
        "Parent Relationship": "Outer",
        "Parallel Aware": false,
        "Startup Cost": 429209.47,
        "Total Cost": 429209.58,
        "Plan Rows": 1,
        "Plan Width": 8,
        "Actual Startup Time": 1711.268,
        "Actual Total Time": 1741.87,
        "Actual Rows": 2,
        "Actual Loops": 1,
        "Workers Planned": 1,
        "Workers Launched": 1,
        "Single Copy": false,
        "Plans": [
          {
            "Node Type": "Aggregate",
            "Strategy": "Plain",
            "Partial Mode": "Partial",
            "Parent Relationship": "Outer",
            "Parallel Aware": false,
            "Startup Cost": 428209.47,
            "Total Cost": 428209.48,
            "Plan Rows": 1,
            "Plan Width": 8,
            "Actual Startup Time": 1699.918,
            "Actual Total Time": 1699.922,
            "Actual Rows": 1,
            "Actual Loops": 2,
            "Plans": [
              {
                "Node Type": "Hash Join",
                "Parent Relationship": "Outer",
                "Parallel Aware": true,
                "Join Type": "Inner",
                "Startup Cost": 141640.57,
                "Total Cost": 423403.53,
                "Plan Rows": 1922376,
                "Plan Width": 0,
                "Actual Startup Time": 692.014,
                "Actual Total Time": 1618.556,
                "Actual Rows": 1575382,
                "Actual Loops": 2,
                "Inner Unique": true,
                "Hash Cond": "(ci.movie_id = t.id)",
                "Plans": [
                  {
                    "Node Type": "Bitmap Heap Scan",
                    "Parent Relationship": "Outer",
                    "Parallel Aware": true,
                    "Relation Name": "cast_info",
                    "Alias": "ci",
                    "Startup Cost": 72179.88,
                    "Total Cost": 348896.58,
                    "Plan Rows": 1922376,
                    "Plan Width": 4,
                    "Actual Startup Time": 101.077,
                    "Actual Total Time": 317.201,
                    "Actual Rows": 1575382,
                    "Actual Loops": 2,
                    "Recheck Cond": "(person_id > 3481605)",
                    "Rows Removed by Index Recheck": 0,
                    "Exact Heap Blocks": 27190,
                    "Lossy Heap Blocks": 0,
                    "Plans": [
                      {
                        "Node Type": "Bitmap Index Scan",
                        "Parent Relationship": "Outer",
                        "Parallel Aware": false,
                        "Index Name": "person_id_cast_info",
                        "Startup Cost": 0.0,
                        "Total Cost": 71362.87,
                        "Plan Rows": 3268040,
                        "Plan Width": 0,
                        "Actual Startup Time": 93.728,
                        "Actual Total Time": 93.728,
                        "Actual Rows": 3150765,
                        "Actual Loops": 1,
                        "Index Cond": "(person_id > 3481605)"
                      }
                    ]
                  },
                  {
                    "Node Type": "Hash",
                    "Parent Relationship": "Inner",
                    "Parallel Aware": true,
                    "Startup Cost": 50870.31,
                    "Total Cost": 50870.31,
                    "Plan Rows": 1487231,
                    "Plan Width": 4,
                    "Actual Startup Time": 570.364,
                    "Actual Total Time": 570.365,
                    "Actual Rows": 1264156,
                    "Actual Loops": 2,
                    "Hash Buckets": 4194304,
                    "Original Hash Buckets": 4194304,
                    "Hash Batches": 1,
                    "Original Hash Batches": 1,
                    "Peak Memory Usage": 131712,
                    "Plans": [
                      {
                        "Node Type": "Seq Scan",
                        "Parent Relationship": "Outer",
                        "Parallel Aware": true,
                        "Relation Name": "title",
                        "Alias": "t",
                        "Startup Cost": 0.0,
                        "Total Cost": 50870.31,
                        "Plan Rows": 1487231,
                        "Plan Width": 4,
                        "Actual Startup Time": 0.026,
                        "Actual Total Time": 177.902,
                        "Actual Rows": 1264156,
                        "Actual Loops": 2
                      }
                    ]
                  }
                ]
              }
            ]
          }
        ]
      }
    ]
  },
  "Planning Time": 0.64,
  "Triggers": [],
  "Execution Time": 1741.971
}