[
  {
    "Plan": {
      "Node Type": "Aggregate",
      "Strategy": "Plain",
      "Partial Mode": "Finalize",
      "Parallel Aware": false,
      "Startup Cost": 337737.3,
      "Total Cost": 337737.31,
      "Plan Rows": 1,
      "Plan Width": 8,
      "Actual Startup Time": 761.281,
      "Actual Total Time": 811.247,
      "Actual Rows": 1,
      "Actual Loops": 1,
      "Plans": [
        {
          "Node Type": "Gather",
          "Parent Relationship": "Outer",
          "Parallel Aware": false,
          "Startup Cost": 337736.68,
          "Total Cost": 337737.29,
          "Plan Rows": 6,
          "Plan Width": 8,
          "Actual Startup Time": 761.053,
          "Actual Total Time": 811.227,
          "Actual Rows": 7,
          "Actual Loops": 1,
          "Workers Planned": 6,
          "Workers Launched": 6,
          "Single Copy": false,
          "Plans": [
            {
              "Node Type": "Aggregate",
              "Strategy": "Plain",
              "Partial Mode": "Partial",
              "Parent Relationship": "Outer",
              "Parallel Aware": false,
              "Startup Cost": 336736.68,
              "Total Cost": 336736.69,
              "Plan Rows": 1,
              "Plan Width": 8,
              "Actual Startup Time": 754.651,
              "Actual Total Time": 754.653,
              "Actual Rows": 1,
              "Actual Loops": 7,
              "Plans": [
                {
                  "Node Type": "Seq Scan",
                  "Parent Relationship": "Outer",
                  "Parallel Aware": true,
                  "Relation Name": "cast_info",
                  "Alias": "ci",
                  "Startup Cost": 0.0,
                  "Total Cost": 328211.39,
                  "Plan Rows": 3410115,
                  "Plan Width": 0,
                  "Actual Startup Time": 0.042,
                  "Actual Total Time": 610.243,
                  "Actual Rows": 2964918,
                  "Actual Loops": 7,
                  "Filter": "(person_id < 2090549)",
                  "Rows Removed by Filter": 2212845
                }
              ]
            }
          ]
        }
      ]
    },
    "Planning Time": 0.102,
    "Triggers": [],
    "Execution Time": 811.289
  }
]