[
    {
        "Bao": {
            "Bao prediction": 457.758,
            "Bao recommended hint": "SET enable_mergejoin TO off; SET enable_indexscan TO off; "
        }
    },
    {
        "Plan": {
            "Node Type": "Aggregate",
            "Strategy": "Plain",
            "Partial Mode": "Finalize",
            "Parallel Aware": false,
            "Startup Cost": 346229.03,
            "Total Cost": 346229.04,
            "Plan Rows": 1,
            "Plan Width": 8,
            "Actual Startup Time": 891.156,
            "Actual Total Time": 924.121,
            "Actual Rows": 1,
            "Actual Loops": 1,
            "Output": [
                "count(*)"
            ],
            "Plans": [
                {
                    "Node Type": "Gather",
                    "Parent Relationship": "Outer",
                    "Parallel Aware": false,
                    "Startup Cost": 346228.41,
                    "Total Cost": 346229.02,
                    "Plan Rows": 6,
                    "Plan Width": 8,
                    "Actual Startup Time": 891.067,
                    "Actual Total Time": 924.113,
                    "Actual Rows": 7,
                    "Actual Loops": 1,
                    "Output": [
                        "(PARTIAL count(*))"
                    ],
                    "Workers Planned": 6,
                    "Workers Launched": 6,
                    "Single Copy": false,
                    "Plans": [
                        {
                            "Node Type": "Aggregate",
                            "Strategy": "Plain",
                            "Partial Mode": "Partial",
                            "Parent Relationship": "Outer",
                            "Parallel Aware": false,
                            "Startup Cost": 345228.41,
                            "Total Cost": 345228.42,
                            "Plan Rows": 1,
                            "Plan Width": 8,
                            "Actual Startup Time": 881.56,
                            "Actual Total Time": 881.561,
                            "Actual Rows": 1,
                            "Actual Loops": 7,
                            "Output": [
                                "PARTIAL count(*)"
                            ],
                            "Workers": [
                                {
                                    "Worker Number": 0,
                                    "Actual Startup Time": 879.711,
                                    "Actual Total Time": 879.713,
                                    "Actual Rows": 1,
                                    "Actual Loops": 1
                                },
                                {
                                    "Worker Number": 1,
                                    "Actual Startup Time": 879.357,
                                    "Actual Total Time": 879.358,
                                    "Actual Rows": 1,
                                    "Actual Loops": 1
                                },
                                {
                                    "Worker Number": 2,
                                    "Actual Startup Time": 879.85,
                                    "Actual Total Time": 879.851,
                                    "Actual Rows": 1,
                                    "Actual Loops": 1
                                },
                                {
                                    "Worker Number": 3,
                                    "Actual Startup Time": 880.406,
                                    "Actual Total Time": 880.408,
                                    "Actual Rows": 1,
                                    "Actual Loops": 1
                                },
                                {
                                    "Worker Number": 4,
                                    "Actual Startup Time": 880.54,
                                    "Actual Total Time": 880.541,
                                    "Actual Rows": 1,
                                    "Actual Loops": 1
                                },
                                {
                                    "Worker Number": 5,
                                    "Actual Startup Time": 880.81,
                                    "Actual Total Time": 880.812,
                                    "Actual Rows": 1,
                                    "Actual Loops": 1
                                }
                            ],
                            "Plans": [
                                {
                                    "Node Type": "Seq Scan",
                                    "Parent Relationship": "Outer",
                                    "Parallel Aware": true,
                                    "Relation Name": "cast_info",
                                    "Schema": "public",
                                    "Alias": "ci",
                                    "Startup Cost": 0.0,
                                    "Total Cost": 343318.94,
                                    "Plan Rows": 763786,
                                    "Plan Width": 0,
                                    "Actual Startup Time": 674.407,
                                    "Actual Total Time": 831.792,
                                    "Actual Rows": 761219,
                                    "Actual Loops": 7,
                                    "Output": [
                                        "id",
                                        "person_id",
                                        "movie_id",
                                        "person_role_id",
                                        "note",
                                        "nr_order",
                                        "role_id"
                                    ],
                                    "Filter": "((ci.person_id > 694395) AND (ci.role_id > 8))",
                                    "Rows Removed by Filter": 4416544,
                                    "Workers": [
                                        {
                                            "Worker Number": 0,
                                            "Actual Startup Time": 672.574,
                                            "Actual Total Time": 830.969,
                                            "Actual Rows": 737402,
                                            "Actual Loops": 1
                                        },
                                        {
                                            "Worker Number": 1,
                                            "Actual Startup Time": 672.212,
                                            "Actual Total Time": 830.338,
                                            "Actual Rows": 741133,
                                            "Actual Loops": 1
                                        },
                                        {
                                            "Worker Number": 2,
                                            "Actual Startup Time": 672.7,
                                            "Actual Total Time": 831.045,
                                            "Actual Rows": 737231,
                                            "Actual Loops": 1
                                        },
                                        {
                                            "Worker Number": 3,
                                            "Actual Startup Time": 673.251,
                                            "Actual Total Time": 832.201,
                                            "Actual Rows": 728539,
                                            "Actual Loops": 1
                                        },
                                        {
                                            "Worker Number": 4,
                                            "Actual Startup Time": 673.373,
                                            "Actual Total Time": 832.044,
                                            "Actual Rows": 733792,
                                            "Actual Loops": 1
                                        },
                                        {
                                            "Worker Number": 5,
                                            "Actual Startup Time": 673.659,
                                            "Actual Total Time": 831.694,
                                            "Actual Rows": 742660,
                                            "Actual Loops": 1
                                        }
                                    ]
                                }
                            ]
                        }
                    ]
                }
            ]
        },
        "Planning Time": 2256.368,
        "Triggers": [],
        "Execution Time": 924.231
    }
]