[
  {
    "Plan": {
      "Node Type": "Aggregate",
      "Strategy": "Plain",
      "Partial Mode": "Finalize",
      "Parallel Aware": false,
      "Startup Cost": 352778.92,
      "Total Cost": 352778.93,
      "Plan Rows": 1,
      "Plan Width": 8,
      "Actual Startup Time": 766.035,
      "Actual Total Time": 835.36,
      "Actual Rows": 1,
      "Actual Loops": 1,
      "Plans": [
        {
          "Node Type": "Gather",
          "Parent Relationship": "Outer",
          "Parallel Aware": false,
          "Startup Cost": 352778.3,
          "Total Cost": 352778.91,
          "Plan Rows": 6,
          "Plan Width": 8,
          "Actual Startup Time": 765.899,
          "Actual Total Time": 835.35,
          "Actual Rows": 7,
          "Actual Loops": 1,
          "Workers Planned": 6,
          "Workers Launched": 6,
          "Single Copy": false,
          "Plans": [
            {
              "Node Type": "Aggregate",
              "Strategy": "Plain",
              "Partial Mode": "Partial",
              "Parent Relationship": "Outer",
              "Parallel Aware": false,
              "Startup Cost": 351778.3,
              "Total Cost": 351778.31,
              "Plan Rows": 1,
              "Plan Width": 8,
              "Actual Startup Time": 755.473,
              "Actual Total Time": 755.475,
              "Actual Rows": 1,
              "Actual Loops": 7,
              "Plans": [
                {
                  "Node Type": "Seq Scan",
                  "Parent Relationship": "Outer",
                  "Parallel Aware": true,
                  "Relation Name": "cast_info",
                  "Alias": "ci",
                  "Startup Cost": 0.0,
                  "Total Cost": 343257.03,
                  "Plan Rows": 3408508,
                  "Plan Width": 0,
                  "Actual Startup Time": 216.199,
                  "Actual Total Time": 650.793,
                  "Actual Rows": 2672674,
                  "Actual Loops": 7,
                  "Filter": "((person_id < 3188037) AND (role_id > 1))",
                  "Rows Removed by Filter": 2505089
                }
              ]
            }
          ]
        }
      ]
    },
    "Planning Time": 0.201,
    "Triggers": [],
    "Execution Time": 835.429
  }
]