[
  {
    "Plan": {
      "Node Type": "Aggregate",
      "Strategy": "Plain",
      "Partial Mode": "Finalize",
      "Parallel Aware": false,
      "Startup Cost": 46876.55,
      "Total Cost": 46876.56,
      "Plan Rows": 1,
      "Plan Width": 8,
      "Actual Startup Time": 167.719,
      "Actual Total Time": 177.149,
      "Actual Rows": 1,
      "Actual Loops": 1,
      "Plans": [
        {
          "Node Type": "Gather",
          "Parent Relationship": "Outer",
          "Parallel Aware": false,
          "Startup Cost": 46876.24,
          "Total Cost": 46876.55,
          "Plan Rows": 3,
          "Plan Width": 8,
          "Actual Startup Time": 167.636,
          "Actual Total Time": 177.142,
          "Actual Rows": 4,
          "Actual Loops": 1,
          "Workers Planned": 3,
          "Workers Launched": 3,
          "Single Copy": false,
          "Plans": [
            {
              "Node Type": "Aggregate",
              "Strategy": "Plain",
              "Partial Mode": "Partial",
              "Parent Relationship": "Outer",
              "Parallel Aware": false,
              "Startup Cost": 45876.24,
              "Total Cost": 45876.25,
              "Plan Rows": 1,
              "Plan Width": 8,
              "Actual Startup Time": 160.682,
              "Actual Total Time": 160.683,
              "Actual Rows": 1,
              "Actual Loops": 4,
              "Plans": [
                {
                  "Node Type": "Seq Scan",
                  "Parent Relationship": "Outer",
                  "Parallel Aware": true,
                  "Relation Name": "movie_keyword",
                  "Alias": "mk",
                  "Startup Cost": 0.0,
                  "Total Cost": 42695.65,
                  "Plan Rows": 1272233,
                  "Plan Width": 0,
                  "Actual Startup Time": 0.075,
                  "Actual Total Time": 118.875,
                  "Actual Rows": 983272,
                  "Actual Loops": 4,
                  "Filter": "(keyword_id > 429)",
                  "Rows Removed by Filter": 147710
                }
              ]
            }
          ]
        }
      ]
    },
    "Planning Time": 0.131,
    "Triggers": [],
    "Execution Time": 177.189
  }
]