[
  {
    "Plan": {
      "Node Type": "Aggregate",
      "Strategy": "Plain",
      "Partial Mode": "Finalize",
      "Parallel Aware": false,
      "Startup Cost": 74951.82,
      "Total Cost": 74951.83,
      "Plan Rows": 1,
      "Plan Width": 8,
      "Actual Startup Time": 178.854,
      "Actual Total Time": 198.203,
      "Actual Rows": 1,
      "Actual Loops": 1,
      "Plans": [
        {
          "Node Type": "Gather",
          "Parent Relationship": "Outer",
          "Parallel Aware": false,
          "Startup Cost": 74951.4,
          "Total Cost": 74951.81,
          "Plan Rows": 4,
          "Plan Width": 8,
          "Actual Startup Time": 178.683,
          "Actual Total Time": 198.194,
          "Actual Rows": 5,
          "Actual Loops": 1,
          "Workers Planned": 4,
          "Workers Launched": 4,
          "Single Copy": false,
          "Plans": [
            {
              "Node Type": "Aggregate",
              "Strategy": "Plain",
              "Partial Mode": "Partial",
              "Parent Relationship": "Outer",
              "Parallel Aware": false,
              "Startup Cost": 73951.4,
              "Total Cost": 73951.41,
              "Plan Rows": 1,
              "Plan Width": 8,
              "Actual Startup Time": 170.244,
              "Actual Total Time": 170.245,
              "Actual Rows": 1,
              "Actual Loops": 5,
              "Plans": [
                {
                  "Node Type": "Nested Loop",
                  "Parent Relationship": "Outer",
                  "Parallel Aware": false,
                  "Join Type": "Inner",
                  "Startup Cost": 0.43,
                  "Total Cost": 73946.16,
                  "Plan Rows": 2095,
                  "Plan Width": 0,
                  "Actual Startup Time": 59.468,
                  "Actual Total Time": 168.97,
                  "Actual Rows": 13085,
                  "Actual Loops": 5,
                  "Inner Unique": false,
                  "Plans": [
                    {
                      "Node Type": "Seq Scan",
                      "Parent Relationship": "Outer",
                      "Parallel Aware": true,
                      "Relation Name": "title",
                      "Alias": "t",
                      "Startup Cost": 0.0,
                      "Total Cost": 45479.59,
                      "Plan Rows": 4152,
                      "Plan Width": 4,
                      "Actual Startup Time": 58.006,
                      "Actual Total Time": 92.074,
                      "Actual Rows": 13503,
                      "Actual Loops": 5,
                      "Filter": "((kind_id < 2) AND (production_year < 1916))",
                      "Rows Removed by Filter": 492159
                    },
                    {
                      "Node Type": "Index Scan",
                      "Parent Relationship": "Inner",
                      "Parallel Aware": false,
                      "Scan Direction": "Forward",
                      "Index Name": "movie_id_movie_companies",
                      "Relation Name": "movie_companies",
                      "Alias": "mc",
                      "Startup Cost": 0.43,
                      "Total Cost": 6.83,
                      "Plan Rows": 3,
                      "Plan Width": 4,
                      "Actual Startup Time": 0.004,
                      "Actual Total Time": 0.005,
                      "Actual Rows": 1,
                      "Actual Loops": 67516,
                      "Index Cond": "(movie_id = t.id)",
                      "Rows Removed by Index Recheck": 0,
                      "Filter": "(company_type_id < 2)",
                      "Rows Removed by Filter": 1
                    }
                  ]
                }
              ]
            }
          ]
        }
      ]
    },
    "Planning Time": 0.285,
    "Triggers": [],
    "Execution Time": 198.243
  }
]