[
    {
        "Bao": {
            "Bao prediction": 459.543,
            "Bao recommended hint": "SET enable_mergejoin TO off; SET enable_indexscan TO off; "
        }
    },
    {
        "Plan": {
            "Node Type": "Aggregate",
            "Strategy": "Plain",
            "Partial Mode": "Finalize",
            "Parallel Aware": false,
            "Startup Cost": 346512.62,
            "Total Cost": 346512.63,
            "Plan Rows": 1,
            "Plan Width": 8,
            "Actual Startup Time": 655.695,
            "Actual Total Time": 683.021,
            "Actual Rows": 1,
            "Actual Loops": 1,
            "Output": [
                "count(*)"
            ],
            "Plans": [
                {
                    "Node Type": "Gather",
                    "Parent Relationship": "Outer",
                    "Parallel Aware": false,
                    "Startup Cost": 346511.99,
                    "Total Cost": 346512.6,
                    "Plan Rows": 6,
                    "Plan Width": 8,
                    "Actual Startup Time": 655.406,
                    "Actual Total Time": 683.013,
                    "Actual Rows": 7,
                    "Actual Loops": 1,
                    "Output": [
                        "(PARTIAL count(*))"
                    ],
                    "Workers Planned": 6,
                    "Workers Launched": 6,
                    "Single Copy": false,
                    "Plans": [
                        {
                            "Node Type": "Aggregate",
                            "Strategy": "Plain",
                            "Partial Mode": "Partial",
                            "Parent Relationship": "Outer",
                            "Parallel Aware": false,
                            "Startup Cost": 345511.99,
                            "Total Cost": 345512.01,
                            "Plan Rows": 1,
                            "Plan Width": 8,
                            "Actual Startup Time": 646.079,
                            "Actual Total Time": 646.08,
                            "Actual Rows": 1,
                            "Actual Loops": 7,
                            "Output": [
                                "PARTIAL count(*)"
                            ],
                            "Workers": [
                                {
                                    "Worker Number": 0,
                                    "Actual Startup Time": 644.22,
                                    "Actual Total Time": 644.221,
                                    "Actual Rows": 1,
                                    "Actual Loops": 1
                                },
                                {
                                    "Worker Number": 1,
                                    "Actual Startup Time": 644.299,
                                    "Actual Total Time": 644.3,
                                    "Actual Rows": 1,
                                    "Actual Loops": 1
                                },
                                {
                                    "Worker Number": 2,
                                    "Actual Startup Time": 644.472,
                                    "Actual Total Time": 644.473,
                                    "Actual Rows": 1,
                                    "Actual Loops": 1
                                },
                                {
                                    "Worker Number": 3,
                                    "Actual Startup Time": 644.747,
                                    "Actual Total Time": 644.748,
                                    "Actual Rows": 1,
                                    "Actual Loops": 1
                                },
                                {
                                    "Worker Number": 4,
                                    "Actual Startup Time": 644.788,
                                    "Actual Total Time": 644.789,
                                    "Actual Rows": 1,
                                    "Actual Loops": 1
                                },
                                {
                                    "Worker Number": 5,
                                    "Actual Startup Time": 645.406,
                                    "Actual Total Time": 645.406,
                                    "Actual Rows": 1,
                                    "Actual Loops": 1
                                }
                            ],
                            "Plans": [
                                {
                                    "Node Type": "Seq Scan",
                                    "Parent Relationship": "Outer",
                                    "Parallel Aware": true,
                                    "Relation Name": "cast_info",
                                    "Schema": "public",
                                    "Alias": "ci",
                                    "Startup Cost": 0.0,
                                    "Total Cost": 343318.94,
                                    "Plan Rows": 877222,
                                    "Plan Width": 0,
                                    "Actual Startup Time": 215.035,
                                    "Actual Total Time": 603.109,
                                    "Actual Rows": 986523,
                                    "Actual Loops": 7,
                                    "Output": [
                                        "id",
                                        "person_id",
                                        "movie_id",
                                        "person_role_id",
                                        "note",
                                        "nr_order",
                                        "role_id"
                                    ],
                                    "Filter": "((ci.person_id < 2629404) AND (ci.role_id = 2))",
                                    "Rows Removed by Filter": 4191240,
                                    "Workers": [
                                        {
                                            "Worker Number": 0,
                                            "Actual Startup Time": 213.18,
                                            "Actual Total Time": 600.669,
                                            "Actual Rows": 656916,
                                            "Actual Loops": 1
                                        },
                                        {
                                            "Worker Number": 1,
                                            "Actual Startup Time": 213.241,
                                            "Actual Total Time": 602.013,
                                            "Actual Rows": 978026,
                                            "Actual Loops": 1
                                        },
                                        {
                                            "Worker Number": 2,
                                            "Actual Startup Time": 213.433,
                                            "Actual Total Time": 602.321,
                                            "Actual Rows": 1034866,
                                            "Actual Loops": 1
                                        },
                                        {
                                            "Worker Number": 3,
                                            "Actual Startup Time": 213.707,
                                            "Actual Total Time": 602.397,
                                            "Actual Rows": 979812,
                                            "Actual Loops": 1
                                        },
                                        {
                                            "Worker Number": 4,
                                            "Actual Startup Time": 213.737,
                                            "Actual Total Time": 602.801,
                                            "Actual Rows": 1030618,
                                            "Actual Loops": 1
                                        },
                                        {
                                            "Worker Number": 5,
                                            "Actual Startup Time": 214.369,
                                            "Actual Total Time": 602.992,
                                            "Actual Rows": 979673,
                                            "Actual Loops": 1
                                        }
                                    ]
                                }
                            ]
                        }
                    ]
                }
            ]
        },
        "Planning Time": 492.121,
        "Triggers": [],
        "Execution Time": 683.109
    }
]