{
  "Plan": {
    "Node Type": "Aggregate",
    "Strategy": "Plain",
    "Partial Mode": "Finalize",
    "Parallel Aware": false,
    "Startup Cost": 397388.75,
    "Total Cost": 397388.76,
    "Plan Rows": 1,
    "Plan Width": 8,
    "Actual Startup Time": 2261.562,
    "Actual Total Time": 2314.681,
    "Actual Rows": 1,
    "Actual Loops": 1,
    "Plans": [
      {
        "Node Type": "Gather",
        "Parent Relationship": "Outer",
        "Parallel Aware": false,
        "Startup Cost": 397388.63,
        "Total Cost": 397388.74,
        "Plan Rows": 1,
        "Plan Width": 8,
        "Actual Startup Time": 2256.967,
        "Actual Total Time": 2314.672,
        "Actual Rows": 2,
        "Actual Loops": 1,
        "Workers Planned": 1,
        "Workers Launched": 1,
        "Single Copy": false,
        "Plans": [
          {
            "Node Type": "Aggregate",
            "Strategy": "Plain",
            "Partial Mode": "Partial",
            "Parent Relationship": "Outer",
            "Parallel Aware": false,
            "Startup Cost": 396388.63,
            "Total Cost": 396388.64,
            "Plan Rows": 1,
            "Plan Width": 8,
            "Actual Startup Time": 2251.23,
            "Actual Total Time": 2252.143,
            "Actual Rows": 1,
            "Actual Loops": 2,
            "Plans": [
              {
                "Node Type": "Hash Join",
                "Parent Relationship": "Outer",
                "Parallel Aware": true,
                "Join Type": "Inner",
                "Startup Cost": 108132.27,
                "Total Cost": 394984.19,
                "Plan Rows": 561779,
                "Plan Width": 0,
                "Actual Startup Time": 617.731,
                "Actual Total Time": 2086.024,
                "Actual Rows": 4188369,
                "Actual Loops": 2,
                "Inner Unique": false,
                "Hash Cond": "(mi.movie_id = t.id)",
                "Plans": [
                  {
                    "Node Type": "Seq Scan",
                    "Parent Relationship": "Outer",
                    "Parallel Aware": true,
                    "Relation Name": "movie_info",
                    "Alias": "mi",
                    "Startup Cost": 0.0,
                    "Total Cost": 270696.42,
                    "Plan Rows": 3426912,
                    "Plan Width": 4,
                    "Actual Startup Time": 0.023,
                    "Actual Total Time": 657.562,
                    "Actual Rows": 2942482,
                    "Actual Loops": 2,
                    "Filter": "(info_type_id < 7)",
                    "Rows Removed by Filter": 4475378
                  },
                  {
                    "Node Type": "Hash",
                    "Parent Relationship": "Inner",
                    "Parallel Aware": true,
                    "Startup Cost": 105084.72,
                    "Total Cost": 105084.72,
                    "Plan Rows": 243804,
                    "Plan Width": 8,
                    "Actual Startup Time": 610.834,
                    "Actual Total Time": 611.745,
                    "Actual Rows": 415904,
                    "Actual Loops": 2,
                    "Hash Buckets": 1048576,
                    "Original Hash Buckets": 524288,
                    "Hash Batches": 1,
                    "Original Hash Batches": 1,
                    "Peak Memory Usage": 44864,
                    "Plans": [
                      {
                        "Node Type": "Hash Join",
                        "Parent Relationship": "Outer",
                        "Parallel Aware": true,
                        "Join Type": "Inner",
                        "Startup Cost": 61878.73,
                        "Total Cost": 105084.72,
                        "Plan Rows": 243804,
                        "Plan Width": 8,
                        "Actual Startup Time": 273.029,
                        "Actual Total Time": 515.205,
                        "Actual Rows": 415904,
                        "Actual Loops": 2,
                        "Inner Unique": true,
                        "Hash Cond": "(mc.movie_id = t.id)",
                        "Plans": [
                          {
                            "Node Type": "Index Scan",
                            "Parent Relationship": "Outer",
                            "Parallel Aware": true,
                            "Scan Direction": "Forward",
                            "Index Name": "company_type_id_movie_companies",
                            "Relation Name": "movie_companies",
                            "Alias": "mc",
                            "Startup Cost": 0.43,
                            "Total Cost": 41574.35,
                            "Plan Rows": 621737,
                            "Plan Width": 4,
                            "Actual Startup Time": 0.221,
                            "Actual Total Time": 110.236,
                            "Actual Rows": 465283,
                            "Actual Loops": 2,
                            "Index Cond": "(company_type_id = 1)",
                            "Rows Removed by Index Recheck": 0,
                            "Filter": "(company_id > 389)",
                            "Rows Removed by Filter": 171840
                          },
                          {
                            "Node Type": "Hash",
                            "Parent Relationship": "Inner",
                            "Parallel Aware": true,
                            "Startup Cost": 54588.39,
                            "Total Cost": 54588.39,
                            "Plan Rows": 583193,
                            "Plan Width": 4,
                            "Actual Startup Time": 266.307,
                            "Actual Total Time": 266.308,
                            "Actual Rows": 492524,
                            "Actual Loops": 2,
                            "Hash Buckets": 1048576,
                            "Original Hash Buckets": 1048576,
                            "Hash Batches": 1,
                            "Original Hash Batches": 1,
                            "Peak Memory Usage": 46784,
                            "Plans": [
                              {
                                "Node Type": "Seq Scan",
                                "Parent Relationship": "Outer",
                                "Parallel Aware": true,
                                "Relation Name": "title",
                                "Alias": "t",
                                "Startup Cost": 0.0,
                                "Total Cost": 54588.39,
                                "Plan Rows": 583193,
                                "Plan Width": 4,
                                "Actual Startup Time": 0.04,
                                "Actual Total Time": 149.779,
                                "Actual Rows": 492524,
                                "Actual Loops": 2,
                                "Filter": "(kind_id < 7)",
                                "Rows Removed by Filter": 771632
                              }
                            ]
                          }
                        ]
                      }
                    ]
                  }
                ]
              }
            ]
          }
        ]
      }
    ]
  },
  "Planning Time": 1.0,
  "Triggers": [],
  "Execution Time": 2314.779
}