[
  {
    "Plan": {
      "Node Type": "Aggregate",
      "Strategy": "Plain",
      "Partial Mode": "Finalize",
      "Parallel Aware": false,
      "Startup Cost": 38250.54,
      "Total Cost": 38250.55,
      "Plan Rows": 1,
      "Plan Width": 8,
      "Actual Startup Time": 128.879,
      "Actual Total Time": 134.745,
      "Actual Rows": 1,
      "Actual Loops": 1,
      "Plans": [
        {
          "Node Type": "Gather",
          "Parent Relationship": "Outer",
          "Parallel Aware": false,
          "Startup Cost": 38250.22,
          "Total Cost": 38250.53,
          "Plan Rows": 3,
          "Plan Width": 8,
          "Actual Startup Time": 128.617,
          "Actual Total Time": 134.737,
          "Actual Rows": 4,
          "Actual Loops": 1,
          "Workers Planned": 3,
          "Workers Launched": 3,
          "Single Copy": false,
          "Plans": [
            {
              "Node Type": "Aggregate",
              "Strategy": "Plain",
              "Partial Mode": "Partial",
              "Parent Relationship": "Outer",
              "Parallel Aware": false,
              "Startup Cost": 37250.22,
              "Total Cost": 37250.23,
              "Plan Rows": 1,
              "Plan Width": 8,
              "Actual Startup Time": 123.956,
              "Actual Total Time": 123.958,
              "Actual Rows": 1,
              "Actual Loops": 4,
              "Plans": [
                {
                  "Node Type": "Bitmap Heap Scan",
                  "Parent Relationship": "Outer",
                  "Parallel Aware": true,
                  "Relation Name": "movie_keyword",
                  "Alias": "mk",
                  "Startup Cost": 10419.36,
                  "Total Cost": 36854.08,
                  "Plan Rows": 158457,
                  "Plan Width": 0,
                  "Actual Startup Time": 42.456,
                  "Actual Total Time": 115.04,
                  "Actual Rows": 122386,
                  "Actual Loops": 4,
                  "Recheck Cond": "(keyword_id > 36737)",
                  "Rows Removed by Index Recheck": 0,
                  "Exact Heap Blocks": 8294,
                  "Lossy Heap Blocks": 0,
                  "Plans": [
                    {
                      "Node Type": "Bitmap Index Scan",
                      "Parent Relationship": "Outer",
                      "Parallel Aware": false,
                      "Index Name": "keyword_id_movie_keyword",
                      "Startup Cost": 0.0,
                      "Total Cost": 10296.56,
                      "Plan Rows": 491217,
                      "Plan Width": 0,
                      "Actual Startup Time": 41.168,
                      "Actual Total Time": 41.168,
                      "Actual Rows": 489542,
                      "Actual Loops": 1,
                      "Index Cond": "(keyword_id > 36737)"
                    }
                  ]
                }
              ]
            }
          ]
        }
      ]
    },
    "Planning Time": 0.069,
    "Triggers": [],
    "Execution Time": 134.783
  }
]