[
  {
    "Plan": {
      "Node Type": "Aggregate",
      "Strategy": "Plain",
      "Partial Mode": "Finalize",
      "Parallel Aware": false,
      "Startup Cost": 46809.87,
      "Total Cost": 46809.88,
      "Plan Rows": 1,
      "Plan Width": 8,
      "Actual Startup Time": 179.132,
      "Actual Total Time": 188.884,
      "Actual Rows": 1,
      "Actual Loops": 1,
      "Plans": [
        {
          "Node Type": "Gather",
          "Parent Relationship": "Outer",
          "Parallel Aware": false,
          "Startup Cost": 46809.55,
          "Total Cost": 46809.86,
          "Plan Rows": 3,
          "Plan Width": 8,
          "Actual Startup Time": 179.016,
          "Actual Total Time": 188.876,
          "Actual Rows": 4,
          "Actual Loops": 1,
          "Workers Planned": 3,
          "Workers Launched": 3,
          "Single Copy": false,
          "Plans": [
            {
              "Node Type": "Aggregate",
              "Strategy": "Plain",
              "Partial Mode": "Partial",
              "Parent Relationship": "Outer",
              "Parallel Aware": false,
              "Startup Cost": 45809.55,
              "Total Cost": 45809.56,
              "Plan Rows": 1,
              "Plan Width": 8,
              "Actual Startup Time": 171.291,
              "Actual Total Time": 171.293,
              "Actual Rows": 1,
              "Actual Loops": 4,
              "Plans": [
                {
                  "Node Type": "Seq Scan",
                  "Parent Relationship": "Outer",
                  "Parallel Aware": true,
                  "Relation Name": "movie_keyword",
                  "Alias": "mk",
                  "Startup Cost": 0.0,
                  "Total Cost": 42695.65,
                  "Plan Rows": 1245559,
                  "Plan Width": 0,
                  "Actual Startup Time": 0.116,
                  "Actual Total Time": 126.915,
                  "Actual Rows": 962675,
                  "Actual Loops": 4,
                  "Filter": "(keyword_id > 536)",
                  "Rows Removed by Filter": 168307
                }
              ]
            }
          ]
        }
      ]
    },
    "Planning Time": 0.195,
    "Triggers": [],
    "Execution Time": 188.943
  }
]