[
  {
    "Plan": {
      "Node Type": "Aggregate",
      "Strategy": "Plain",
      "Partial Mode": "Finalize",
      "Parallel Aware": false,
      "Startup Cost": 357217.43,
      "Total Cost": 357217.44,
      "Plan Rows": 1,
      "Plan Width": 8,
      "Actual Startup Time": 352.807,
      "Actual Total Time": 366.74,
      "Actual Rows": 1,
      "Actual Loops": 1,
      "Plans": [
        {
          "Node Type": "Gather",
          "Parent Relationship": "Outer",
          "Parallel Aware": false,
          "Startup Cost": 357216.81,
          "Total Cost": 357217.42,
          "Plan Rows": 6,
          "Plan Width": 8,
          "Actual Startup Time": 350.826,
          "Actual Total Time": 366.73,
          "Actual Rows": 7,
          "Actual Loops": 1,
          "Workers Planned": 6,
          "Workers Launched": 6,
          "Single Copy": false,
          "Plans": [
            {
              "Node Type": "Aggregate",
              "Strategy": "Plain",
              "Partial Mode": "Partial",
              "Parent Relationship": "Outer",
              "Parallel Aware": false,
              "Startup Cost": 356216.81,
              "Total Cost": 356216.82,
              "Plan Rows": 1,
              "Plan Width": 8,
              "Actual Startup Time": 339.591,
              "Actual Total Time": 339.595,
              "Actual Rows": 1,
              "Actual Loops": 7,
              "Plans": [
                {
                  "Node Type": "Hash Join",
                  "Parent Relationship": "Outer",
                  "Parallel Aware": true,
                  "Join Type": "Inner",
                  "Startup Cost": 96802.11,
                  "Total Cost": 356177.16,
                  "Plan Rows": 15860,
                  "Plan Width": 0,
                  "Actual Startup Time": 196.638,
                  "Actual Total Time": 338.912,
                  "Actual Rows": 8676,
                  "Actual Loops": 7,
                  "Inner Unique": true,
                  "Hash Cond": "(ci.movie_id = t.id)",
                  "Plans": [
                    {
                      "Node Type": "Bitmap Heap Scan",
                      "Parent Relationship": "Outer",
                      "Parallel Aware": true,
                      "Relation Name": "cast_info",
                      "Alias": "ci",
                      "Startup Cost": 58598.15,
                      "Total Cost": 316812.46,
                      "Plan Rows": 442185,
                      "Plan Width": 4,
                      "Actual Startup Time": 123.238,
                      "Actual Total Time": 203.349,
                      "Actual Rows": 388134,
                      "Actual Loops": 7,
                      "Recheck Cond": "(person_id < 260636)",
                      "Rows Removed by Index Recheck": 0,
                      "Exact Heap Blocks": 4987,
                      "Lossy Heap Blocks": 0,
                      "Plans": [
                        {
                          "Node Type": "Bitmap Index Scan",
                          "Parent Relationship": "Outer",
                          "Parallel Aware": false,
                          "Index Name": "person_id_cast_info",
                          "Startup Cost": 0.0,
                          "Total Cost": 57934.88,
                          "Plan Rows": 2653108,
                          "Plan Width": 0,
                          "Actual Startup Time": 118.337,
                          "Actual Total Time": 118.338,
                          "Actual Rows": 2716938,
                          "Actual Loops": 1,
                          "Index Cond": "(person_id < 260636)"
                        }
                      ]
                    },
                    {
                      "Node Type": "Hash",
                      "Parent Relationship": "Inner",
                      "Parallel Aware": true,
                      "Startup Cost": 37920.59,
                      "Total Cost": 37920.59,
                      "Plan Rows": 22670,
                      "Plan Width": 4,
                      "Actual Startup Time": 71.859,
                      "Actual Total Time": 71.86,
                      "Actual Rows": 12979,
                      "Actual Loops": 7,
                      "Hash Buckets": 131072,
                      "Original Hash Buckets": 131072,
                      "Hash Batches": 1,
                      "Original Hash Batches": 1,
                      "Peak Memory Usage": 4672,
                      "Plans": [
                        {
                          "Node Type": "Bitmap Heap Scan",
                          "Parent Relationship": "Outer",
                          "Parallel Aware": true,
                          "Relation Name": "title",
                          "Alias": "t",
                          "Startup Cost": 1639.21,
                          "Total Cost": 37920.59,
                          "Plan Rows": 22670,
                          "Plan Width": 4,
                          "Actual Startup Time": 19.324,
                          "Actual Total Time": 64.688,
                          "Actual Rows": 12979,
                          "Actual Loops": 7,
                          "Recheck Cond": "(kind_id = 2)",
                          "Rows Removed by Index Recheck": 0,
                          "Exact Heap Blocks": 9613,
                          "Lossy Heap Blocks": 0,
                          "Plans": [
                            {
                              "Node Type": "Bitmap Index Scan",
                              "Parent Relationship": "Outer",
                              "Parallel Aware": false,
                              "Index Name": "kind_id_title",
                              "Startup Cost": 0.0,
                              "Total Cost": 1616.54,
                              "Plan Rows": 90681,
                              "Plan Width": 0,
                              "Actual Startup Time": 17.046,
                              "Actual Total Time": 17.046,
                              "Actual Rows": 90852,
                              "Actual Loops": 1,
                              "Index Cond": "(kind_id = 2)"
                            }
                          ]
                        }
                      ]
                    }
                  ]
                }
              ]
            }
          ]
        }
      ]
    },
    "Planning Time": 0.594,
    "Triggers": [],
    "Execution Time": 366.84
  }
]