[
  {
    "Plan": {
      "Node Type": "Aggregate",
      "Strategy": "Plain",
      "Partial Mode": "Finalize",
      "Parallel Aware": false,
      "Startup Cost": 350248.15,
      "Total Cost": 350248.16,
      "Plan Rows": 1,
      "Plan Width": 8,
      "Actual Startup Time": 816.474,
      "Actual Total Time": 877.235,
      "Actual Rows": 1,
      "Actual Loops": 1,
      "Plans": [
        {
          "Node Type": "Gather",
          "Parent Relationship": "Outer",
          "Parallel Aware": false,
          "Startup Cost": 350247.53,
          "Total Cost": 350248.14,
          "Plan Rows": 6,
          "Plan Width": 8,
          "Actual Startup Time": 816.347,
          "Actual Total Time": 877.225,
          "Actual Rows": 7,
          "Actual Loops": 1,
          "Workers Planned": 6,
          "Workers Launched": 6,
          "Single Copy": false,
          "Plans": [
            {
              "Node Type": "Aggregate",
              "Strategy": "Plain",
              "Partial Mode": "Partial",
              "Parent Relationship": "Outer",
              "Parallel Aware": false,
              "Startup Cost": 349247.53,
              "Total Cost": 349247.54,
              "Plan Rows": 1,
              "Plan Width": 8,
              "Actual Startup Time": 807.241,
              "Actual Total Time": 807.243,
              "Actual Rows": 1,
              "Actual Loops": 7,
              "Plans": [
                {
                  "Node Type": "Seq Scan",
                  "Parent Relationship": "Outer",
                  "Parallel Aware": true,
                  "Relation Name": "cast_info",
                  "Alias": "ci",
                  "Startup Cost": 0.0,
                  "Total Cost": 343257.03,
                  "Plan Rows": 2396199,
                  "Plan Width": 0,
                  "Actual Startup Time": 241.976,
                  "Actual Total Time": 720.442,
                  "Actual Rows": 1781507,
                  "Actual Loops": 7,
                  "Filter": "((person_id > 1799981) AND (role_id < 8))",
                  "Rows Removed by Filter": 3396257
                }
              ]
            }
          ]
        }
      ]
    },
    "Planning Time": 0.181,
    "Triggers": [],
    "Execution Time": 877.298
  }
]