[
  {
    "Plan": {
      "Node Type": "Aggregate",
      "Strategy": "Plain",
      "Partial Mode": "Finalize",
      "Parallel Aware": false,
      "Startup Cost": 29742.11,
      "Total Cost": 29742.12,
      "Plan Rows": 1,
      "Plan Width": 8,
      "Actual Startup Time": 91.77,
      "Actual Total Time": 95.862,
      "Actual Rows": 1,
      "Actual Loops": 1,
      "Plans": [
        {
          "Node Type": "Gather",
          "Parent Relationship": "Outer",
          "Parallel Aware": false,
          "Startup Cost": 29741.79,
          "Total Cost": 29742.1,
          "Plan Rows": 3,
          "Plan Width": 8,
          "Actual Startup Time": 91.561,
          "Actual Total Time": 95.851,
          "Actual Rows": 4,
          "Actual Loops": 1,
          "Workers Planned": 3,
          "Workers Launched": 3,
          "Single Copy": false,
          "Plans": [
            {
              "Node Type": "Aggregate",
              "Strategy": "Plain",
              "Partial Mode": "Partial",
              "Parent Relationship": "Outer",
              "Parallel Aware": false,
              "Startup Cost": 28741.79,
              "Total Cost": 28741.8,
              "Plan Rows": 1,
              "Plan Width": 8,
              "Actual Startup Time": 83.51,
              "Actual Total Time": 83.512,
              "Actual Rows": 1,
              "Actual Loops": 4,
              "Plans": [
                {
                  "Node Type": "Bitmap Heap Scan",
                  "Parent Relationship": "Outer",
                  "Parallel Aware": true,
                  "Relation Name": "movie_companies",
                  "Alias": "mc",
                  "Startup Cost": 8005.78,
                  "Total Cost": 28594.24,
                  "Plan Rows": 59021,
                  "Plan Width": 0,
                  "Actual Startup Time": 29.905,
                  "Actual Total Time": 78.106,
                  "Actual Rows": 70874,
                  "Actual Loops": 4,
                  "Recheck Cond": "(company_id < 197)",
                  "Rows Removed by Index Recheck": 0,
                  "Filter": "(company_type_id < 2)",
                  "Rows Removed by Filter": 21166,
                  "Exact Heap Blocks": 9084,
                  "Lossy Heap Blocks": 0,
                  "Plans": [
                    {
                      "Node Type": "Bitmap Index Scan",
                      "Parent Relationship": "Outer",
                      "Parallel Aware": false,
                      "Index Name": "company_id_movie_companies",
                      "Startup Cost": 0.0,
                      "Total Cost": 7960.04,
                      "Plan Rows": 371681,
                      "Plan Width": 0,
                      "Actual Startup Time": 33.46,
                      "Actual Total Time": 33.46,
                      "Actual Rows": 368162,
                      "Actual Loops": 1,
                      "Index Cond": "(company_id < 197)"
                    }
                  ]
                }
              ]
            }
          ]
        }
      ]
    },
    "Planning Time": 0.22,
    "Triggers": [],
    "Execution Time": 95.931
  }
]