{
  "Plan": {
    "Node Type": "Aggregate",
    "Strategy": "Plain",
    "Partial Mode": "Finalize",
    "Parallel Aware": false,
    "Startup Cost": 133143.48,
    "Total Cost": 133143.49,
    "Plan Rows": 1,
    "Plan Width": 8,
    "Actual Startup Time": 709.091,
    "Actual Total Time": 726.433,
    "Actual Rows": 1,
    "Actual Loops": 1,
    "Plans": [
      {
        "Node Type": "Gather",
        "Parent Relationship": "Outer",
        "Parallel Aware": false,
        "Startup Cost": 133143.37,
        "Total Cost": 133143.48,
        "Plan Rows": 1,
        "Plan Width": 8,
        "Actual Startup Time": 706.33,
        "Actual Total Time": 726.426,
        "Actual Rows": 2,
        "Actual Loops": 1,
        "Workers Planned": 1,
        "Workers Launched": 1,
        "Single Copy": false,
        "Plans": [
          {
            "Node Type": "Aggregate",
            "Strategy": "Plain",
            "Partial Mode": "Partial",
            "Parent Relationship": "Outer",
            "Parallel Aware": false,
            "Startup Cost": 132143.37,
            "Total Cost": 132143.38,
            "Plan Rows": 1,
            "Plan Width": 8,
            "Actual Startup Time": 698.541,
            "Actual Total Time": 698.545,
            "Actual Rows": 1,
            "Actual Loops": 2,
            "Plans": [
              {
                "Node Type": "Hash Join",
                "Parent Relationship": "Outer",
                "Parallel Aware": true,
                "Join Type": "Inner",
                "Startup Cost": 66997.81,
                "Total Cost": 129855.14,
                "Plan Rows": 915291,
                "Plan Width": 0,
                "Actual Startup Time": 340.935,
                "Actual Total Time": 691.322,
                "Actual Rows": 187156,
                "Actual Loops": 2,
                "Inner Unique": true,
                "Hash Cond": "(mk.movie_id = t.id)",
                "Plans": [
                  {
                    "Node Type": "Seq Scan",
                    "Parent Relationship": "Outer",
                    "Parallel Aware": true,
                    "Relation Name": "movie_keyword",
                    "Alias": "mk",
                    "Startup Cost": 0.0,
                    "Total Cost": 57718.19,
                    "Plan Rows": 1957766,
                    "Plan Width": 4,
                    "Actual Startup Time": 0.016,
                    "Actual Total Time": 191.209,
                    "Actual Rows": 1662240,
                    "Actual Loops": 2,
                    "Filter": "(keyword_id < 15345)",
                    "Rows Removed by Filter": 599726
                  },
                  {
                    "Node Type": "Hash",
                    "Parent Relationship": "Inner",
                    "Parallel Aware": true,
                    "Startup Cost": 58306.47,
                    "Total Cost": 58306.47,
                    "Plan Rows": 695307,
                    "Plan Width": 4,
                    "Actual Startup Time": 326.478,
                    "Actual Total Time": 326.479,
                    "Actual Rows": 634318,
                    "Actual Loops": 2,
                    "Hash Buckets": 2097152,
                    "Original Hash Buckets": 2097152,
                    "Hash Batches": 1,
                    "Original Hash Batches": 1,
                    "Peak Memory Usage": 66048,
                    "Plans": [
                      {
                        "Node Type": "Seq Scan",
                        "Parent Relationship": "Outer",
                        "Parallel Aware": true,
                        "Relation Name": "title",
                        "Alias": "t",
                        "Startup Cost": 0.0,
                        "Total Cost": 58306.47,
                        "Plan Rows": 695307,
                        "Plan Width": 4,
                        "Actual Startup Time": 0.029,
                        "Actual Total Time": 164.776,
                        "Actual Rows": 634318,
                        "Actual Loops": 2,
                        "Filter": "((production_year > 1980) AND (kind_id = 7))",
                        "Rows Removed by Filter": 629838
                      }
                    ]
                  }
                ]
              }
            ]
          }
        ]
      }
    ]
  },
  "Planning Time": 0.707,
  "Triggers": [],
  "Execution Time": 726.5
}