[
  {
    "Plan": {
      "Node Type": "Aggregate",
      "Strategy": "Plain",
      "Partial Mode": "Finalize",
      "Parallel Aware": false,
      "Startup Cost": 205781.2,
      "Total Cost": 205781.21,
      "Plan Rows": 1,
      "Plan Width": 8,
      "Actual Startup Time": 314.597,
      "Actual Total Time": 335.557,
      "Actual Rows": 1,
      "Actual Loops": 1,
      "Plans": [
        {
          "Node Type": "Gather",
          "Parent Relationship": "Outer",
          "Parallel Aware": false,
          "Startup Cost": 205780.58,
          "Total Cost": 205781.19,
          "Plan Rows": 6,
          "Plan Width": 8,
          "Actual Startup Time": 314.464,
          "Actual Total Time": 335.543,
          "Actual Rows": 7,
          "Actual Loops": 1,
          "Workers Planned": 6,
          "Workers Launched": 6,
          "Single Copy": false,
          "Plans": [
            {
              "Node Type": "Aggregate",
              "Strategy": "Plain",
              "Partial Mode": "Partial",
              "Parent Relationship": "Outer",
              "Parallel Aware": false,
              "Startup Cost": 204780.58,
              "Total Cost": 204780.59,
              "Plan Rows": 1,
              "Plan Width": 8,
              "Actual Startup Time": 305.155,
              "Actual Total Time": 305.156,
              "Actual Rows": 1,
              "Actual Loops": 7,
              "Plans": [
                {
                  "Node Type": "Index Scan",
                  "Parent Relationship": "Outer",
                  "Parallel Aware": true,
                  "Scan Direction": "Forward",
                  "Index Name": "role_id_cast_info",
                  "Relation Name": "cast_info",
                  "Alias": "ci",
                  "Startup Cost": 0.56,
                  "Total Cost": 201884.69,
                  "Plan Rows": 1158355,
                  "Plan Width": 0,
                  "Actual Startup Time": 0.131,
                  "Actual Total Time": 251.093,
                  "Actual Rows": 1064568,
                  "Actual Loops": 7,
                  "Index Cond": "(role_id = 2)",
                  "Rows Removed by Index Recheck": 0,
                  "Filter": "(person_id < 3554195)",
                  "Rows Removed by Filter": 0
                }
              ]
            }
          ]
        }
      ]
    },
    "Planning Time": 0.129,
    "Triggers": [],
    "Execution Time": 335.597
  }
]