{
  "Plan": {
    "Node Type": "Aggregate",
    "Strategy": "Plain",
    "Partial Mode": "Finalize",
    "Parallel Aware": false,
    "Startup Cost": 539914.64,
    "Total Cost": 539914.65,
    "Plan Rows": 1,
    "Plan Width": 8,
    "Actual Startup Time": 327.049,
    "Actual Total Time": 380.255,
    "Actual Rows": 1,
    "Actual Loops": 1,
    "Plans": [
      {
        "Node Type": "Gather",
        "Parent Relationship": "Outer",
        "Parallel Aware": false,
        "Startup Cost": 539914.53,
        "Total Cost": 539914.64,
        "Plan Rows": 1,
        "Plan Width": 8,
        "Actual Startup Time": 326.941,
        "Actual Total Time": 380.247,
        "Actual Rows": 2,
        "Actual Loops": 1,
        "Workers Planned": 1,
        "Workers Launched": 1,
        "Single Copy": false,
        "Plans": [
          {
            "Node Type": "Aggregate",
            "Strategy": "Plain",
            "Partial Mode": "Partial",
            "Parent Relationship": "Outer",
            "Parallel Aware": false,
            "Startup Cost": 538914.53,
            "Total Cost": 538914.54,
            "Plan Rows": 1,
            "Plan Width": 8,
            "Actual Startup Time": 321.076,
            "Actual Total Time": 321.078,
            "Actual Rows": 1,
            "Actual Loops": 2,
            "Plans": [
              {
                "Node Type": "Nested Loop",
                "Parent Relationship": "Outer",
                "Parallel Aware": false,
                "Join Type": "Inner",
                "Startup Cost": 0.56,
                "Total Cost": 538737.12,
                "Plan Rows": 70962,
                "Plan Width": 0,
                "Actual Startup Time": 0.325,
                "Actual Total Time": 316.71,
                "Actual Rows": 69908,
                "Actual Loops": 2,
                "Inner Unique": false,
                "Plans": [
                  {
                    "Node Type": "Seq Scan",
                    "Parent Relationship": "Outer",
                    "Parallel Aware": true,
                    "Relation Name": "title",
                    "Alias": "t",
                    "Startup Cost": 0.0,
                    "Total Cost": 58306.47,
                    "Plan Rows": 4952,
                    "Plan Width": 4,
                    "Actual Startup Time": 0.118,
                    "Actual Total Time": 124.568,
                    "Actual Rows": 3851,
                    "Actual Loops": 2,
                    "Filter": "((kind_id < 4) AND (production_year = 1991))",
                    "Rows Removed by Filter": 1260305
                  },
                  {
                    "Node Type": "Index Only Scan",
                    "Parent Relationship": "Inner",
                    "Parallel Aware": false,
                    "Scan Direction": "Forward",
                    "Index Name": "movie_id_cast_info",
                    "Relation Name": "cast_info",
                    "Alias": "ci",
                    "Startup Cost": 0.56,
                    "Total Cost": 96.65,
                    "Plan Rows": 37,
                    "Plan Width": 4,
                    "Actual Startup Time": 0.012,
                    "Actual Total Time": 0.048,
                    "Actual Rows": 18,
                    "Actual Loops": 7702,
                    "Index Cond": "(movie_id = t.id)",
                    "Rows Removed by Index Recheck": 0,
                    "Heap Fetches": 139815
                  }
                ]
              }
            ]
          }
        ]
      }
    ]
  },
  "Planning Time": 0.459,
  "Triggers": [],
  "Execution Time": 380.341
}