[
  {
    "Plan": {
      "Node Type": "Aggregate",
      "Strategy": "Plain",
      "Partial Mode": "Finalize",
      "Parallel Aware": false,
      "Startup Cost": 129549.32,
      "Total Cost": 129549.33,
      "Plan Rows": 1,
      "Plan Width": 8,
      "Actual Startup Time": 1489.889,
      "Actual Total Time": 1583.213,
      "Actual Rows": 1,
      "Actual Loops": 1,
      "Plans": [
        {
          "Node Type": "Gather",
          "Parent Relationship": "Outer",
          "Parallel Aware": false,
          "Startup Cost": 129549.01,
          "Total Cost": 129549.32,
          "Plan Rows": 3,
          "Plan Width": 8,
          "Actual Startup Time": 1473.821,
          "Actual Total Time": 1583.201,
          "Actual Rows": 4,
          "Actual Loops": 1,
          "Workers Planned": 3,
          "Workers Launched": 3,
          "Single Copy": false,
          "Plans": [
            {
              "Node Type": "Aggregate",
              "Strategy": "Plain",
              "Partial Mode": "Partial",
              "Parent Relationship": "Outer",
              "Parallel Aware": false,
              "Startup Cost": 128549.01,
              "Total Cost": 128549.02,
              "Plan Rows": 1,
              "Plan Width": 8,
              "Actual Startup Time": 1461.142,
              "Actual Total Time": 1461.146,
              "Actual Rows": 1,
              "Actual Loops": 4,
              "Plans": [
                {
                  "Node Type": "Nested Loop",
                  "Parent Relationship": "Outer",
                  "Parallel Aware": false,
                  "Join Type": "Inner",
                  "Startup Cost": 51796.69,
                  "Total Cost": 127690.68,
                  "Plan Rows": 343332,
                  "Plan Width": 0,
                  "Actual Startup Time": 379.93,
                  "Actual Total Time": 1421.491,
                  "Actual Rows": 645841,
                  "Actual Loops": 4,
                  "Inner Unique": false,
                  "Plans": [
                    {
                      "Node Type": "Hash Join",
                      "Parent Relationship": "Outer",
                      "Parallel Aware": true,
                      "Join Type": "Inner",
                      "Startup Cost": 51796.12,
                      "Total Cost": 76612.31,
                      "Plan Rows": 23946,
                      "Plan Width": 8,
                      "Actual Startup Time": 379.817,
                      "Actual Total Time": 430.282,
                      "Actual Rows": 18752,
                      "Actual Loops": 4,
                      "Inner Unique": true,
                      "Hash Cond": "(mk.movie_id = t.id)",
                      "Plans": [
                        {
                          "Node Type": "Bitmap Heap Scan",
                          "Parent Relationship": "Outer",
                          "Parallel Aware": true,
                          "Relation Name": "movie_keyword",
                          "Alias": "mk",
                          "Startup Cost": 1575.74,
                          "Total Cost": 26329.06,
                          "Plan Rows": 23946,
                          "Plan Width": 4,
                          "Actual Startup Time": 12.729,
                          "Actual Total Time": 38.945,
                          "Actual Rows": 18752,
                          "Actual Loops": 4,
                          "Recheck Cond": "(keyword_id < 70)",
                          "Rows Removed by Index Recheck": 0,
                          "Exact Heap Blocks": 6792,
                          "Lossy Heap Blocks": 0,
                          "Plans": [
                            {
                              "Node Type": "Bitmap Index Scan",
                              "Parent Relationship": "Outer",
                              "Parallel Aware": false,
                              "Index Name": "keyword_id_movie_keyword",
                              "Startup Cost": 0.0,
                              "Total Cost": 1557.18,
                              "Plan Rows": 74233,
                              "Plan Width": 0,
                              "Actual Startup Time": 8.257,
                              "Actual Total Time": 8.258,
                              "Actual Rows": 75008,
                              "Actual Loops": 1,
                              "Index Cond": "(keyword_id < 70)"
                            }
                          ]
                        },
                        {
                          "Node Type": "Hash",
                          "Parent Relationship": "Inner",
                          "Parallel Aware": true,
                          "Startup Cost": 42319.06,
                          "Total Cost": 42319.06,
                          "Plan Rows": 632106,
                          "Plan Width": 4,
                          "Actual Startup Time": 358.396,
                          "Actual Total Time": 358.397,
                          "Actual Rows": 632078,
                          "Actual Loops": 4,
                          "Hash Buckets": 4194304,
                          "Original Hash Buckets": 4194304,
                          "Hash Batches": 1,
                          "Original Hash Batches": 1,
                          "Peak Memory Usage": 131744,
                          "Plans": [
                            {
                              "Node Type": "Seq Scan",
                              "Parent Relationship": "Outer",
                              "Parallel Aware": true,
                              "Relation Name": "title",
                              "Alias": "t",
                              "Startup Cost": 0.0,
                              "Total Cost": 42319.06,
                              "Plan Rows": 632106,
                              "Plan Width": 4,
                              "Actual Startup Time": 0.037,
                              "Actual Total Time": 113.035,
                              "Actual Rows": 632078,
                              "Actual Loops": 4
                            }
                          ]
                        }
                      ]
                    },
                    {
                      "Node Type": "Index Only Scan",
                      "Parent Relationship": "Inner",
                      "Parallel Aware": false,
                      "Scan Direction": "Forward",
                      "Index Name": "movie_id_cast_info",
                      "Relation Name": "cast_info",
                      "Alias": "ci",
                      "Startup Cost": 0.56,
                      "Total Cost": 1.78,
                      "Plan Rows": 35,
                      "Plan Width": 4,
                      "Actual Startup Time": 0.007,
                      "Actual Total Time": 0.049,
                      "Actual Rows": 34,
                      "Actual Loops": 75008,
                      "Index Cond": "(movie_id = t.id)",
                      "Rows Removed by Index Recheck": 0,
                      "Heap Fetches": 2583364
                    }
                  ]
                }
              ]
            }
          ]
        }
      ]
    },
    "Planning Time": 0.666,
    "Triggers": [],
    "Execution Time": 1583.309
  }
]