[
  {
    "Plan": {
      "Node Type": "Aggregate",
      "Strategy": "Plain",
      "Partial Mode": "Finalize",
      "Parallel Aware": false,
      "Startup Cost": 43798.55,
      "Total Cost": 43798.56,
      "Plan Rows": 1,
      "Plan Width": 8,
      "Actual Startup Time": 153.709,
      "Actual Total Time": 162.447,
      "Actual Rows": 1,
      "Actual Loops": 1,
      "Plans": [
        {
          "Node Type": "Gather",
          "Parent Relationship": "Outer",
          "Parallel Aware": false,
          "Startup Cost": 43798.23,
          "Total Cost": 43798.54,
          "Plan Rows": 3,
          "Plan Width": 8,
          "Actual Startup Time": 153.398,
          "Actual Total Time": 162.437,
          "Actual Rows": 4,
          "Actual Loops": 1,
          "Workers Planned": 3,
          "Workers Launched": 3,
          "Single Copy": false,
          "Plans": [
            {
              "Node Type": "Aggregate",
              "Strategy": "Plain",
              "Partial Mode": "Partial",
              "Parent Relationship": "Outer",
              "Parallel Aware": false,
              "Startup Cost": 42798.23,
              "Total Cost": 42798.24,
              "Plan Rows": 1,
              "Plan Width": 8,
              "Actual Startup Time": 146.907,
              "Actual Total Time": 146.908,
              "Actual Rows": 1,
              "Actual Loops": 4,
              "Plans": [
                {
                  "Node Type": "Bitmap Heap Scan",
                  "Parent Relationship": "Outer",
                  "Parallel Aware": true,
                  "Relation Name": "movie_keyword",
                  "Alias": "mk",
                  "Startup Cost": 14937.26,
                  "Total Cost": 42230.4,
                  "Plan Rows": 227131,
                  "Plan Width": 0,
                  "Actual Startup Time": 58.706,
                  "Actual Total Time": 137.366,
                  "Actual Rows": 177914,
                  "Actual Loops": 4,
                  "Recheck Cond": "(keyword_id < 613)",
                  "Rows Removed by Index Recheck": 0,
                  "Exact Heap Blocks": 9930,
                  "Lossy Heap Blocks": 0,
                  "Plans": [
                    {
                      "Node Type": "Bitmap Index Scan",
                      "Parent Relationship": "Outer",
                      "Parallel Aware": false,
                      "Index Name": "keyword_id_movie_keyword",
                      "Startup Cost": 0.0,
                      "Total Cost": 14761.24,
                      "Plan Rows": 704107,
                      "Plan Width": 0,
                      "Actual Startup Time": 60.749,
                      "Actual Total Time": 60.749,
                      "Actual Rows": 711658,
                      "Actual Loops": 1,
                      "Index Cond": "(keyword_id < 613)"
                    }
                  ]
                }
              ]
            }
          ]
        }
      ]
    },
    "Planning Time": 0.186,
    "Triggers": [],
    "Execution Time": 162.524
  }
]