[
  {
    "Plan": {
      "Node Type": "Aggregate",
      "Strategy": "Plain",
      "Partial Mode": "Finalize",
      "Parallel Aware": false,
      "Startup Cost": 30759.37,
      "Total Cost": 30759.38,
      "Plan Rows": 1,
      "Plan Width": 8,
      "Actual Startup Time": 86.009,
      "Actual Total Time": 95.637,
      "Actual Rows": 1,
      "Actual Loops": 1,
      "Plans": [
        {
          "Node Type": "Gather",
          "Parent Relationship": "Outer",
          "Parallel Aware": false,
          "Startup Cost": 30759.05,
          "Total Cost": 30759.36,
          "Plan Rows": 3,
          "Plan Width": 8,
          "Actual Startup Time": 85.876,
          "Actual Total Time": 95.62,
          "Actual Rows": 4,
          "Actual Loops": 1,
          "Workers Planned": 3,
          "Workers Launched": 3,
          "Single Copy": false,
          "Plans": [
            {
              "Node Type": "Aggregate",
              "Strategy": "Plain",
              "Partial Mode": "Partial",
              "Parent Relationship": "Outer",
              "Parallel Aware": false,
              "Startup Cost": 29759.05,
              "Total Cost": 29759.06,
              "Plan Rows": 1,
              "Plan Width": 8,
              "Actual Startup Time": 80.586,
              "Actual Total Time": 80.589,
              "Actual Rows": 1,
              "Actual Loops": 4,
              "Plans": [
                {
                  "Node Type": "Seq Scan",
                  "Parent Relationship": "Outer",
                  "Parallel Aware": true,
                  "Relation Name": "movie_companies",
                  "Alias": "mc",
                  "Startup Cost": 0.0,
                  "Total Cost": 29310.68,
                  "Plan Rows": 179348,
                  "Plan Width": 0,
                  "Actual Startup Time": 38.838,
                  "Actual Total Time": 73.553,
                  "Actual Rows": 137734,
                  "Actual Loops": 4,
                  "Filter": "(company_id > 71844)",
                  "Rows Removed by Filter": 514548
                }
              ]
            }
          ]
        }
      ]
    },
    "Planning Time": 0.072,
    "Triggers": [],
    "Execution Time": 95.664
  }
]