[
    {
        "Bao": {
            "Bao prediction": "NaN",
            "Bao recommended hint": "(no hint)"
        }
    },
    {
        "Plan": {
            "Node Type": "Aggregate",
            "Strategy": "Plain",
            "Partial Mode": "Finalize",
            "Parallel Aware": false,
            "Startup Cost": 304133.65,
            "Total Cost": 304133.66,
            "Plan Rows": 1,
            "Plan Width": 8,
            "Actual Startup Time": 1633.978,
            "Actual Total Time": 1667.365,
            "Actual Rows": 1,
            "Actual Loops": 1,
            "Output": [
                "count(*)"
            ],
            "Plans": [
                {
                    "Node Type": "Gather",
                    "Parent Relationship": "Outer",
                    "Parallel Aware": false,
                    "Startup Cost": 304133.13,
                    "Total Cost": 304133.64,
                    "Plan Rows": 5,
                    "Plan Width": 8,
                    "Actual Startup Time": 1621.474,
                    "Actual Total Time": 1667.356,
                    "Actual Rows": 6,
                    "Actual Loops": 1,
                    "Output": [
                        "(PARTIAL count(*))"
                    ],
                    "Workers Planned": 5,
                    "Workers Launched": 5,
                    "Single Copy": false,
                    "Plans": [
                        {
                            "Node Type": "Aggregate",
                            "Strategy": "Plain",
                            "Partial Mode": "Partial",
                            "Parent Relationship": "Outer",
                            "Parallel Aware": false,
                            "Startup Cost": 303133.13,
                            "Total Cost": 303133.14,
                            "Plan Rows": 1,
                            "Plan Width": 8,
                            "Actual Startup Time": 1612.132,
                            "Actual Total Time": 1612.473,
                            "Actual Rows": 1,
                            "Actual Loops": 6,
                            "Output": [
                                "PARTIAL count(*)"
                            ],
                            "Workers": [
                                {
                                    "Worker Number": 0,
                                    "Actual Startup Time": 1610.953,
                                    "Actual Total Time": 1610.959,
                                    "Actual Rows": 1,
                                    "Actual Loops": 1
                                },
                                {
                                    "Worker Number": 1,
                                    "Actual Startup Time": 1609.515,
                                    "Actual Total Time": 1609.522,
                                    "Actual Rows": 1,
                                    "Actual Loops": 1
                                },
                                {
                                    "Worker Number": 2,
                                    "Actual Startup Time": 1610.239,
                                    "Actual Total Time": 1610.244,
                                    "Actual Rows": 1,
                                    "Actual Loops": 1
                                },
                                {
                                    "Worker Number": 3,
                                    "Actual Startup Time": 1610.298,
                                    "Actual Total Time": 1610.303,
                                    "Actual Rows": 1,
                                    "Actual Loops": 1
                                },
                                {
                                    "Worker Number": 4,
                                    "Actual Startup Time": 1610.711,
                                    "Actual Total Time": 1610.716,
                                    "Actual Rows": 1,
                                    "Actual Loops": 1
                                }
                            ],
                            "Plans": [
                                {
                                    "Node Type": "Hash Join",
                                    "Parent Relationship": "Outer",
                                    "Parallel Aware": true,
                                    "Join Type": "Inner",
                                    "Startup Cost": 97180.33,
                                    "Total Cost": 302066.28,
                                    "Plan Rows": 426738,
                                    "Plan Width": 0,
                                    "Actual Startup Time": 456.639,
                                    "Actual Total Time": 1351.913,
                                    "Actual Rows": 5794302,
                                    "Actual Loops": 6,
                                    "Inner Unique": false,
                                    "Hash Cond": "(mi.movie_id = t.id)",
                                    "Workers": [
                                        {
                                            "Worker Number": 0,
                                            "Actual Startup Time": 454.181,
                                            "Actual Total Time": 1344.951,
                                            "Actual Rows": 4231256,
                                            "Actual Loops": 1
                                        },
                                        {
                                            "Worker Number": 1,
                                            "Actual Startup Time": 454.269,
                                            "Actual Total Time": 1347.013,
                                            "Actual Rows": 4174279,
                                            "Actual Loops": 1
                                        },
                                        {
                                            "Worker Number": 2,
                                            "Actual Startup Time": 455.016,
                                            "Actual Total Time": 1353.093,
                                            "Actual Rows": 6632852,
                                            "Actual Loops": 1
                                        },
                                        {
                                            "Worker Number": 3,
                                            "Actual Startup Time": 455.055,
                                            "Actual Total Time": 1355.872,
                                            "Actual Rows": 6351555,
                                            "Actual Loops": 1
                                        },
                                        {
                                            "Worker Number": 4,
                                            "Actual Startup Time": 455.512,
                                            "Actual Total Time": 1353.599,
                                            "Actual Rows": 6642034,
                                            "Actual Loops": 1
                                        }
                                    ],
                                    "Plans": [
                                        {
                                            "Node Type": "Seq Scan",
                                            "Parent Relationship": "Outer",
                                            "Parallel Aware": true,
                                            "Relation Name": "movie_info",
                                            "Schema": "public",
                                            "Alias": "mi",
                                            "Startup Cost": 0.0,
                                            "Total Cost": 198880.74,
                                            "Plan Rows": 1234303,
                                            "Plan Width": 4,
                                            "Actual Startup Time": 15.109,
                                            "Actual Total Time": 303.423,
                                            "Actual Rows": 1037249,
                                            "Actual Loops": 6,
                                            "Output": [
                                                "mi.id",
                                                "mi.movie_id",
                                                "mi.info_type_id",
                                                "mi.info",
                                                "mi.note"
                                            ],
                                            "Filter": "(mi.info_type_id > 8)",
                                            "Rows Removed by Filter": 1435371,
                                            "Workers": [
                                                {
                                                    "Worker Number": 0,
                                                    "Actual Startup Time": 15.061,
                                                    "Actual Total Time": 311.586,
                                                    "Actual Rows": 758841,
                                                    "Actual Loops": 1
                                                },
                                                {
                                                    "Worker Number": 1,
                                                    "Actual Startup Time": 15.121,
                                                    "Actual Total Time": 308.898,
                                                    "Actual Rows": 728928,
                                                    "Actual Loops": 1
                                                },
                                                {
                                                    "Worker Number": 2,
                                                    "Actual Startup Time": 15.116,
                                                    "Actual Total Time": 311.738,
                                                    "Actual Rows": 1183347,
                                                    "Actual Loops": 1
                                                },
                                                {
                                                    "Worker Number": 3,
                                                    "Actual Startup Time": 15.134,
                                                    "Actual Total Time": 305.253,
                                                    "Actual Rows": 1090887,
                                                    "Actual Loops": 1
                                                },
                                                {
                                                    "Worker Number": 4,
                                                    "Actual Startup Time": 15.125,
                                                    "Actual Total Time": 310.959,
                                                    "Actual Rows": 1171424,
                                                    "Actual Loops": 1
                                                }
                                            ]
                                        },
                                        {
                                            "Node Type": "Hash",
                                            "Parent Relationship": "Inner",
                                            "Parallel Aware": true,
                                            "Startup Cost": 93655.64,
                                            "Total Cost": 93655.64,
                                            "Plan Rows": 281975,
                                            "Plan Width": 8,
                                            "Actual Startup Time": 436.959,
                                            "Actual Total Time": 437.298,
                                            "Actual Rows": 142670,
                                            "Actual Loops": 6,
                                            "Output": [
                                                "t.id",
                                                "mk.movie_id"
                                            ],
                                            "Hash Buckets": 1048576,
                                            "Original Hash Buckets": 1048576,
                                            "Hash Batches": 1,
                                            "Original Hash Batches": 1,
                                            "Peak Memory Usage": 41728,
                                            "Workers": [
                                                {
                                                    "Worker Number": 0,
                                                    "Actual Startup Time": 435.959,
                                                    "Actual Total Time": 435.963,
                                                    "Actual Rows": 107008,
                                                    "Actual Loops": 1
                                                },
                                                {
                                                    "Worker Number": 1,
                                                    "Actual Startup Time": 436.162,
                                                    "Actual Total Time": 436.166,
                                                    "Actual Rows": 101970,
                                                    "Actual Loops": 1
                                                },
                                                {
                                                    "Worker Number": 2,
                                                    "Actual Startup Time": 436.891,
                                                    "Actual Total Time": 436.895,
                                                    "Actual Rows": 160176,
                                                    "Actual Loops": 1
                                                },
                                                {
                                                    "Worker Number": 3,
                                                    "Actual Startup Time": 436.918,
                                                    "Actual Total Time": 436.922,
                                                    "Actual Rows": 148394,
                                                    "Actual Loops": 1
                                                },
                                                {
                                                    "Worker Number": 4,
                                                    "Actual Startup Time": 437.343,
                                                    "Actual Total Time": 437.347,
                                                    "Actual Rows": 158514,
                                                    "Actual Loops": 1
                                                }
                                            ],
                                            "Plans": [
                                                {
                                                    "Node Type": "Hash Join",
                                                    "Parent Relationship": "Outer",
                                                    "Parallel Aware": true,
                                                    "Join Type": "Inner",
                                                    "Startup Cost": 50219.81,
                                                    "Total Cost": 93655.64,
                                                    "Plan Rows": 281975,
                                                    "Plan Width": 8,
                                                    "Actual Startup Time": 275.094,
                                                    "Actual Total Time": 388.079,
                                                    "Actual Rows": 142670,
                                                    "Actual Loops": 6,
                                                    "Output": [
                                                        "t.id",
                                                        "mk.movie_id"
                                                    ],
                                                    "Inner Unique": true,
                                                    "Hash Cond": "(mk.movie_id = t.id)",
                                                    "Workers": [
                                                        {
                                                            "Worker Number": 0,
                                                            "Actual Startup Time": 274.161,
                                                            "Actual Total Time": 389.565,
                                                            "Actual Rows": 107008,
                                                            "Actual Loops": 1
                                                        },
                                                        {
                                                            "Worker Number": 1,
                                                            "Actual Startup Time": 274.241,
                                                            "Actual Total Time": 387.631,
                                                            "Actual Rows": 101970,
                                                            "Actual Loops": 1
                                                        },
                                                        {
                                                            "Worker Number": 2,
                                                            "Actual Startup Time": 275.004,
                                                            "Actual Total Time": 387.246,
                                                            "Actual Rows": 160176,
                                                            "Actual Loops": 1
                                                        },
                                                        {
                                                            "Worker Number": 3,
                                                            "Actual Startup Time": 275.029,
                                                            "Actual Total Time": 387.577,
                                                            "Actual Rows": 148394,
                                                            "Actual Loops": 1
                                                        },
                                                        {
                                                            "Worker Number": 4,
                                                            "Actual Startup Time": 275.469,
                                                            "Actual Total Time": 387.73,
                                                            "Actual Rows": 158514,
                                                            "Actual Loops": 1
                                                        }
                                                    ],
                                                    "Plans": [
                                                        {
                                                            "Node Type": "Seq Scan",
                                                            "Parent Relationship": "Outer",
                                                            "Parallel Aware": true,
                                                            "Relation Name": "movie_keyword",
                                                            "Schema": "public",
                                                            "Alias": "mk",
                                                            "Startup Cost": 0.0,
                                                            "Total Cost": 42695.65,
                                                            "Plan Rows": 281975,
                                                            "Plan Width": 4,
                                                            "Actual Startup Time": 1.161,
                                                            "Actual Total Time": 71.786,
                                                            "Actual Rows": 142670,
                                                            "Actual Loops": 6,
                                                            "Output": [
                                                                "mk.id",
                                                                "mk.movie_id",
                                                                "mk.keyword_id"
                                                            ],
                                                            "Filter": "(mk.keyword_id > 21461)",
                                                            "Rows Removed by Filter": 611318,
                                                            "Workers": [
                                                                {
                                                                    "Worker Number": 0,
                                                                    "Actual Startup Time": 1.165,
                                                                    "Actual Total Time": 74.163,
                                                                    "Actual Rows": 107008,
                                                                    "Actual Loops": 1
                                                                },
                                                                {
                                                                    "Worker Number": 1,
                                                                    "Actual Startup Time": 1.161,
                                                                    "Actual Total Time": 73.52,
                                                                    "Actual Rows": 101970,
                                                                    "Actual Loops": 1
                                                                },
                                                                {
                                                                    "Worker Number": 2,
                                                                    "Actual Startup Time": 1.225,
                                                                    "Actual Total Time": 72.301,
                                                                    "Actual Rows": 160176,
                                                                    "Actual Loops": 1
                                                                },
                                                                {
                                                                    "Worker Number": 3,
                                                                    "Actual Startup Time": 1.187,
                                                                    "Actual Total Time": 71.932,
                                                                    "Actual Rows": 148394,
                                                                    "Actual Loops": 1
                                                                },
                                                                {
                                                                    "Worker Number": 4,
                                                                    "Actual Startup Time": 1.066,
                                                                    "Actual Total Time": 72.12,
                                                                    "Actual Rows": 158514,
                                                                    "Actual Loops": 1
                                                                }
                                                            ]
                                                        },
                                                        {
                                                            "Node Type": "Hash",
                                                            "Parent Relationship": "Inner",
                                                            "Parallel Aware": true,
                                                            "Startup Cost": 42318.81,
                                                            "Total Cost": 42318.81,
                                                            "Plan Rows": 632080,
                                                            "Plan Width": 4,
                                                            "Actual Startup Time": 269.68,
                                                            "Actual Total Time": 269.681,
                                                            "Actual Rows": 421385,
                                                            "Actual Loops": 6,
                                                            "Output": [
                                                                "t.id"
                                                            ],
                                                            "Hash Buckets": 4194304,
                                                            "Original Hash Buckets": 4194304,
                                                            "Hash Batches": 1,
                                                            "Original Hash Batches": 1,
                                                            "Peak Memory Usage": 131808,
                                                            "Workers": [
                                                                {
                                                                    "Worker Number": 0,
                                                                    "Actual Startup Time": 272.88,
                                                                    "Actual Total Time": 272.881,
                                                                    "Actual Rows": 330023,
                                                                    "Actual Loops": 1
                                                                },
                                                                {
                                                                    "Worker Number": 1,
                                                                    "Actual Startup Time": 272.963,
                                                                    "Actual Total Time": 272.965,
                                                                    "Actual Rows": 310263,
                                                                    "Actual Loops": 1
                                                                },
                                                                {
                                                                    "Worker Number": 2,
                                                                    "Actual Startup Time": 273.743,
                                                                    "Actual Total Time": 273.744,
                                                                    "Actual Rows": 447748,
                                                                    "Actual Loops": 1
                                                                },
                                                                {
                                                                    "Worker Number": 3,
                                                                    "Actual Startup Time": 273.774,
                                                                    "Actual Total Time": 273.776,
                                                                    "Actual Rows": 404178,
                                                                    "Actual Loops": 1
                                                                },
                                                                {
                                                                    "Worker Number": 4,
                                                                    "Actual Startup Time": 274.207,
                                                                    "Actual Total Time": 274.208,
                                                                    "Actual Rows": 445284,
                                                                    "Actual Loops": 1
                                                                }
                                                            ],
                                                            "Plans": [
                                                                {
                                                                    "Node Type": "Seq Scan",
                                                                    "Parent Relationship": "Outer",
                                                                    "Parallel Aware": true,
                                                                    "Relation Name": "title",
                                                                    "Schema": "public",
                                                                    "Alias": "t",
                                                                    "Startup Cost": 0.0,
                                                                    "Total Cost": 42318.81,
                                                                    "Plan Rows": 632080,
                                                                    "Plan Width": 4,
                                                                    "Actual Startup Time": 0.054,
                                                                    "Actual Total Time": 74.802,
                                                                    "Actual Rows": 421385,
                                                                    "Actual Loops": 6,
                                                                    "Output": [
                                                                        "t.id"
                                                                    ],
                                                                    "Workers": [
                                                                        {
                                                                            "Worker Number": 0,
                                                                            "Actual Startup Time": 0.092,
                                                                            "Actual Total Time": 82.153,
                                                                            "Actual Rows": 330023,
                                                                            "Actual Loops": 1
                                                                        },
                                                                        {
                                                                            "Worker Number": 1,
                                                                            "Actual Startup Time": 0.06,
                                                                            "Actual Total Time": 79.266,
                                                                            "Actual Rows": 310263,
                                                                            "Actual Loops": 1
                                                                        },
                                                                        {
                                                                            "Worker Number": 2,
                                                                            "Actual Startup Time": 0.06,
                                                                            "Actual Total Time": 76.132,
                                                                            "Actual Rows": 447748,
                                                                            "Actual Loops": 1
                                                                        },
                                                                        {
                                                                            "Worker Number": 3,
                                                                            "Actual Startup Time": 0.06,
                                                                            "Actual Total Time": 73.095,
                                                                            "Actual Rows": 404178,
                                                                            "Actual Loops": 1
                                                                        },
                                                                        {
                                                                            "Worker Number": 4,
                                                                            "Actual Startup Time": 0.04,
                                                                            "Actual Total Time": 76.124,
                                                                            "Actual Rows": 445284,
                                                                            "Actual Loops": 1
                                                                        }
                                                                    ]
                                                                }
                                                            ]
                                                        }
                                                    ]
                                                }
                                            ]
                                        }
                                    ]
                                }
                            ]
                        }
                    ]
                }
            ]
        },
        "Planning Time": 220.114,
        "Triggers": [],
        "Execution Time": 1667.43
    }
]