[
  {
    "Plan": {
      "Node Type": "Aggregate",
      "Strategy": "Plain",
      "Partial Mode": "Finalize",
      "Parallel Aware": false,
      "Startup Cost": 33433.91,
      "Total Cost": 33433.92,
      "Plan Rows": 1,
      "Plan Width": 8,
      "Actual Startup Time": 109.211,
      "Actual Total Time": 117.907,
      "Actual Rows": 1,
      "Actual Loops": 1,
      "Plans": [
        {
          "Node Type": "Gather",
          "Parent Relationship": "Outer",
          "Parallel Aware": false,
          "Startup Cost": 33433.59,
          "Total Cost": 33433.9,
          "Plan Rows": 3,
          "Plan Width": 8,
          "Actual Startup Time": 109.015,
          "Actual Total Time": 117.899,
          "Actual Rows": 4,
          "Actual Loops": 1,
          "Workers Planned": 3,
          "Workers Launched": 3,
          "Single Copy": false,
          "Plans": [
            {
              "Node Type": "Aggregate",
              "Strategy": "Plain",
              "Partial Mode": "Partial",
              "Parent Relationship": "Outer",
              "Parallel Aware": false,
              "Startup Cost": 32433.59,
              "Total Cost": 32433.6,
              "Plan Rows": 1,
              "Plan Width": 8,
              "Actual Startup Time": 101.574,
              "Actual Total Time": 101.575,
              "Actual Rows": 1,
              "Actual Loops": 4,
              "Plans": [
                {
                  "Node Type": "Seq Scan",
                  "Parent Relationship": "Outer",
                  "Parallel Aware": true,
                  "Relation Name": "movie_companies",
                  "Alias": "mc",
                  "Startup Cost": 0.0,
                  "Total Cost": 31414.82,
                  "Plan Rows": 407510,
                  "Plan Width": 0,
                  "Actual Startup Time": 48.577,
                  "Actual Total Time": 88.106,
                  "Actual Rows": 304629,
                  "Actual Loops": 4,
                  "Filter": "((company_id < 148357) AND (company_type_id > 1))",
                  "Rows Removed by Filter": 347653
                }
              ]
            }
          ]
        }
      ]
    },
    "Planning Time": 0.2,
    "Triggers": [],
    "Execution Time": 117.96
  }
]