[
  {
    "Plan": {
      "Node Type": "Aggregate",
      "Strategy": "Plain",
      "Partial Mode": "Finalize",
      "Parallel Aware": false,
      "Startup Cost": 397494.33,
      "Total Cost": 397494.34,
      "Plan Rows": 1,
      "Plan Width": 8,
      "Actual Startup Time": 1243.903,
      "Actual Total Time": 1303.46,
      "Actual Rows": 1,
      "Actual Loops": 1,
      "Plans": [
        {
          "Node Type": "Gather",
          "Parent Relationship": "Outer",
          "Parallel Aware": false,
          "Startup Cost": 397493.7,
          "Total Cost": 397494.31,
          "Plan Rows": 6,
          "Plan Width": 8,
          "Actual Startup Time": 1235.579,
          "Actual Total Time": 1303.449,
          "Actual Rows": 7,
          "Actual Loops": 1,
          "Workers Planned": 6,
          "Workers Launched": 6,
          "Single Copy": false,
          "Plans": [
            {
              "Node Type": "Aggregate",
              "Strategy": "Plain",
              "Partial Mode": "Partial",
              "Parent Relationship": "Outer",
              "Parallel Aware": false,
              "Startup Cost": 396493.7,
              "Total Cost": 396493.71,
              "Plan Rows": 1,
              "Plan Width": 8,
              "Actual Startup Time": 1220.6,
              "Actual Total Time": 1220.603,
              "Actual Rows": 1,
              "Actual Loops": 7,
              "Plans": [
                {
                  "Node Type": "Hash Join",
                  "Parent Relationship": "Outer",
                  "Parallel Aware": true,
                  "Join Type": "Inner",
                  "Startup Cost": 49386.14,
                  "Total Cost": 394960.77,
                  "Plan Rows": 613174,
                  "Plan Width": 0,
                  "Actual Startup Time": 518.355,
                  "Actual Total Time": 1184.445,
                  "Actual Rows": 900866,
                  "Actual Loops": 7,
                  "Inner Unique": true,
                  "Hash Cond": "(ci.movie_id = t.id)",
                  "Plans": [
                    {
                      "Node Type": "Seq Scan",
                      "Parent Relationship": "Outer",
                      "Parallel Aware": true,
                      "Relation Name": "cast_info",
                      "Alias": "ci",
                      "Startup Cost": 0.0,
                      "Total Cost": 343257.03,
                      "Plan Rows": 882895,
                      "Plan Width": 4,
                      "Actual Startup Time": 325.766,
                      "Actual Total Time": 571.935,
                      "Actual Rows": 1142876,
                      "Actual Loops": 7,
                      "Filter": "((person_id > 2879848) AND (role_id > 1))",
                      "Rows Removed by Filter": 4034887
                    },
                    {
                      "Node Type": "Hash",
                      "Parent Relationship": "Inner",
                      "Parallel Aware": true,
                      "Startup Cost": 43898.92,
                      "Total Cost": 43898.92,
                      "Plan Rows": 438978,
                      "Plan Width": 4,
                      "Actual Startup Time": 187.571,
                      "Actual Total Time": 187.572,
                      "Actual Rows": 249862,
                      "Actual Loops": 7,
                      "Hash Buckets": 2097152,
                      "Original Hash Buckets": 2097152,
                      "Hash Batches": 1,
                      "Original Hash Batches": 1,
                      "Peak Memory Usage": 84928,
                      "Plans": [
                        {
                          "Node Type": "Seq Scan",
                          "Parent Relationship": "Outer",
                          "Parallel Aware": true,
                          "Relation Name": "title",
                          "Alias": "t",
                          "Startup Cost": 0.0,
                          "Total Cost": 43898.92,
                          "Plan Rows": 438978,
                          "Plan Width": 4,
                          "Actual Startup Time": 0.046,
                          "Actual Total Time": 76.544,
                          "Actual Rows": 249862,
                          "Actual Loops": 7,
                          "Filter": "(production_year > 1990)",
                          "Rows Removed by Filter": 111326
                        }
                      ]
                    }
                  ]
                }
              ]
            }
          ]
        }
      ]
    },
    "Planning Time": 0.615,
    "Triggers": [],
    "Execution Time": 1303.547
  }
]