[
  {
    "Plan": {
      "Node Type": "Aggregate",
      "Strategy": "Plain",
      "Partial Mode": "Finalize",
      "Parallel Aware": false,
      "Startup Cost": 352832.51,
      "Total Cost": 352832.52,
      "Plan Rows": 1,
      "Plan Width": 8,
      "Actual Startup Time": 826.939,
      "Actual Total Time": 883.636,
      "Actual Rows": 1,
      "Actual Loops": 1,
      "Plans": [
        {
          "Node Type": "Gather",
          "Parent Relationship": "Outer",
          "Parallel Aware": false,
          "Startup Cost": 352831.89,
          "Total Cost": 352832.5,
          "Plan Rows": 6,
          "Plan Width": 8,
          "Actual Startup Time": 826.81,
          "Actual Total Time": 883.628,
          "Actual Rows": 7,
          "Actual Loops": 1,
          "Workers Planned": 6,
          "Workers Launched": 6,
          "Single Copy": false,
          "Plans": [
            {
              "Node Type": "Aggregate",
              "Strategy": "Plain",
              "Partial Mode": "Partial",
              "Parent Relationship": "Outer",
              "Parallel Aware": false,
              "Startup Cost": 351831.89,
              "Total Cost": 351831.9,
              "Plan Rows": 1,
              "Plan Width": 8,
              "Actual Startup Time": 817.0,
              "Actual Total Time": 817.001,
              "Actual Rows": 1,
              "Actual Loops": 7,
              "Plans": [
                {
                  "Node Type": "Seq Scan",
                  "Parent Relationship": "Outer",
                  "Parallel Aware": true,
                  "Relation Name": "cast_info",
                  "Alias": "ci",
                  "Startup Cost": 0.0,
                  "Total Cost": 343257.03,
                  "Plan Rows": 3429944,
                  "Plan Width": 0,
                  "Actual Startup Time": 218.978,
                  "Actual Total Time": 687.115,
                  "Actual Rows": 3170031,
                  "Actual Loops": 7,
                  "Filter": "((person_id > 484917) AND (role_id > 1))",
                  "Rows Removed by Filter": 2007732
                }
              ]
            }
          ]
        }
      ]
    },
    "Planning Time": 0.222,
    "Triggers": [],
    "Execution Time": 883.708
  }
]