{
  "Plan": {
    "Node Type": "Aggregate",
    "Strategy": "Plain",
    "Partial Mode": "Finalize",
    "Parallel Aware": false,
    "Startup Cost": 96531.26,
    "Total Cost": 96531.27,
    "Plan Rows": 1,
    "Plan Width": 8,
    "Actual Startup Time": 227.106,
    "Actual Total Time": 237.453,
    "Actual Rows": 1,
    "Actual Loops": 1,
    "Plans": [
      {
        "Node Type": "Gather",
        "Parent Relationship": "Outer",
        "Parallel Aware": false,
        "Startup Cost": 96531.15,
        "Total Cost": 96531.26,
        "Plan Rows": 1,
        "Plan Width": 8,
        "Actual Startup Time": 226.955,
        "Actual Total Time": 237.447,
        "Actual Rows": 2,
        "Actual Loops": 1,
        "Workers Planned": 1,
        "Workers Launched": 1,
        "Single Copy": false,
        "Plans": [
          {
            "Node Type": "Aggregate",
            "Strategy": "Plain",
            "Partial Mode": "Partial",
            "Parent Relationship": "Outer",
            "Parallel Aware": false,
            "Startup Cost": 95531.15,
            "Total Cost": 95531.16,
            "Plan Rows": 1,
            "Plan Width": 8,
            "Actual Startup Time": 223.821,
            "Actual Total Time": 223.828,
            "Actual Rows": 1,
            "Actual Loops": 2,
            "Plans": [
              {
                "Node Type": "Hash Join",
                "Parent Relationship": "Outer",
                "Parallel Aware": true,
                "Join Type": "Inner",
                "Startup Cost": 71080.99,
                "Total Cost": 95529.1,
                "Plan Rows": 818,
                "Plan Width": 0,
                "Actual Startup Time": 157.434,
                "Actual Total Time": 223.749,
                "Actual Rows": 856,
                "Actual Loops": 2,
                "Inner Unique": true,
                "Hash Cond": "(mc.movie_id = t.id)",
                "Plans": [
                  {
                    "Node Type": "Bitmap Heap Scan",
                    "Parent Relationship": "Outer",
                    "Parallel Aware": true,
                    "Relation Name": "movie_companies",
                    "Alias": "mc",
                    "Startup Cost": 12688.12,
                    "Total Cost": 36674.52,
                    "Plan Rows": 175892,
                    "Plan Width": 4,
                    "Actual Startup Time": 24.268,
                    "Actual Total Time": 67.752,
                    "Actual Rows": 298966,
                    "Actual Loops": 2,
                    "Recheck Cond": "(company_id > 66999)",
                    "Rows Removed by Index Recheck": 0,
                    "Filter": "(company_type_id > 1)",
                    "Rows Removed by Filter": 2140,
                    "Exact Heap Blocks": 4977,
                    "Lossy Heap Blocks": 0,
                    "Plans": [
                      {
                        "Node Type": "Bitmap Index Scan",
                        "Parent Relationship": "Outer",
                        "Parallel Aware": false,
                        "Index Name": "company_id_movie_companies",
                        "Startup Cost": 0.0,
                        "Total Cost": 12613.37,
                        "Plan Rows": 588925,
                        "Plan Width": 0,
                        "Actual Startup Time": 21.266,
                        "Actual Total Time": 21.266,
                        "Actual Rows": 602212,
                        "Actual Loops": 1,
                        "Index Cond": "(company_id > 66999)"
                      }
                    ]
                  },
                  {
                    "Node Type": "Hash",
                    "Parent Relationship": "Inner",
                    "Parallel Aware": true,
                    "Startup Cost": 58306.47,
                    "Total Cost": 58306.47,
                    "Plan Rows": 6912,
                    "Plan Width": 4,
                    "Actual Startup Time": 131.608,
                    "Actual Total Time": 131.609,
                    "Actual Rows": 4956,
                    "Actual Loops": 2,
                    "Hash Buckets": 16384,
                    "Original Hash Buckets": 16384,
                    "Hash Batches": 1,
                    "Original Hash Batches": 1,
                    "Peak Memory Usage": 544,
                    "Plans": [
                      {
                        "Node Type": "Seq Scan",
                        "Parent Relationship": "Outer",
                        "Parallel Aware": true,
                        "Relation Name": "title",
                        "Alias": "t",
                        "Startup Cost": 0.0,
                        "Total Cost": 58306.47,
                        "Plan Rows": 6912,
                        "Plan Width": 4,
                        "Actual Startup Time": 0.025,
                        "Actual Total Time": 129.786,
                        "Actual Rows": 4956,
                        "Actual Loops": 2,
                        "Filter": "((kind_id > 1) AND (production_year = 1977))",
                        "Rows Removed by Filter": 1259200
                      }
                    ]
                  }
                ]
              }
            ]
          }
        ]
      }
    ]
  },
  "Planning Time": 0.444,
  "Triggers": [],
  "Execution Time": 237.537
}