{
  "Plan": {
    "Node Type": "Aggregate",
    "Strategy": "Plain",
    "Partial Mode": "Finalize",
    "Parallel Aware": false,
    "Startup Cost": 536562.72,
    "Total Cost": 536562.73,
    "Plan Rows": 1,
    "Plan Width": 8,
    "Actual Startup Time": 1290.051,
    "Actual Total Time": 1327.564,
    "Actual Rows": 1,
    "Actual Loops": 1,
    "Plans": [
      {
        "Node Type": "Gather",
        "Parent Relationship": "Outer",
        "Parallel Aware": false,
        "Startup Cost": 536562.61,
        "Total Cost": 536562.72,
        "Plan Rows": 1,
        "Plan Width": 8,
        "Actual Startup Time": 1289.04,
        "Actual Total Time": 1327.556,
        "Actual Rows": 2,
        "Actual Loops": 1,
        "Workers Planned": 1,
        "Workers Launched": 1,
        "Single Copy": false,
        "Plans": [
          {
            "Node Type": "Aggregate",
            "Strategy": "Plain",
            "Partial Mode": "Partial",
            "Parent Relationship": "Outer",
            "Parallel Aware": false,
            "Startup Cost": 535562.61,
            "Total Cost": 535562.62,
            "Plan Rows": 1,
            "Plan Width": 8,
            "Actual Startup Time": 1283.081,
            "Actual Total Time": 1283.084,
            "Actual Rows": 1,
            "Actual Loops": 2,
            "Plans": [
              {
                "Node Type": "Hash Join",
                "Parent Relationship": "Outer",
                "Parallel Aware": true,
                "Join Type": "Inner",
                "Startup Cost": 217231.76,
                "Total Cost": 535147.52,
                "Plan Rows": 166036,
                "Plan Width": 0,
                "Actual Startup Time": 445.016,
                "Actual Total Time": 1276.629,
                "Actual Rows": 135967,
                "Actual Loops": 2,
                "Inner Unique": true,
                "Hash Cond": "(ci.movie_id = t.id)",
                "Plans": [
                  {
                    "Node Type": "Bitmap Heap Scan",
                    "Parent Relationship": "Outer",
                    "Parallel Aware": true,
                    "Relation Name": "cast_info",
                    "Alias": "ci",
                    "Startup Cost": 161927.64,
                    "Total Cost": 468522.69,
                    "Plan Rows": 4312644,
                    "Plan Width": 4,
                    "Actual Startup Time": 294.386,
                    "Actual Total Time": 671.398,
                    "Actual Rows": 3763954,
                    "Actual Loops": 2,
                    "Recheck Cond": "(person_id < 729838)",
                    "Rows Removed by Index Recheck": 0,
                    "Exact Heap Blocks": 44240,
                    "Lossy Heap Blocks": 0,
                    "Plans": [
                      {
                        "Node Type": "Bitmap Index Scan",
                        "Parent Relationship": "Outer",
                        "Parallel Aware": false,
                        "Index Name": "person_id_cast_info",
                        "Startup Cost": 0.0,
                        "Total Cost": 160094.77,
                        "Plan Rows": 7331494,
                        "Plan Width": 0,
                        "Actual Startup Time": 280.664,
                        "Actual Total Time": 280.665,
                        "Actual Rows": 7527908,
                        "Actual Loops": 1,
                        "Index Cond": "(person_id < 729838)"
                      }
                    ]
                  },
                  {
                    "Node Type": "Hash",
                    "Parent Relationship": "Inner",
                    "Parallel Aware": true,
                    "Startup Cost": 54588.39,
                    "Total Cost": 54588.39,
                    "Plan Rows": 57258,
                    "Plan Width": 4,
                    "Actual Startup Time": 148.235,
                    "Actual Total Time": 148.236,
                    "Actual Rows": 47502,
                    "Actual Loops": 2,
                    "Hash Buckets": 131072,
                    "Original Hash Buckets": 131072,
                    "Hash Batches": 1,
                    "Original Hash Batches": 1,
                    "Peak Memory Usage": 4768,
                    "Plans": [
                      {
                        "Node Type": "Seq Scan",
                        "Parent Relationship": "Outer",
                        "Parallel Aware": true,
                        "Relation Name": "title",
                        "Alias": "t",
                        "Startup Cost": 0.0,
                        "Total Cost": 54588.39,
                        "Plan Rows": 57258,
                        "Plan Width": 4,
                        "Actual Startup Time": 0.033,
                        "Actual Total Time": 134.873,
                        "Actual Rows": 47502,
                        "Actual Loops": 2,
                        "Filter": "(production_year = 2005)",
                        "Rows Removed by Filter": 1216654
                      }
                    ]
                  }
                ]
              }
            ]
          }
        ]
      }
    ]
  },
  "Planning Time": 0.451,
  "Triggers": [],
  "Execution Time": 1327.682
}