[
  {
    "Plan": {
      "Node Type": "Aggregate",
      "Strategy": "Plain",
      "Partial Mode": "Finalize",
      "Parallel Aware": false,
      "Startup Cost": 76909.43,
      "Total Cost": 76909.44,
      "Plan Rows": 1,
      "Plan Width": 8,
      "Actual Startup Time": 188.643,
      "Actual Total Time": 206.882,
      "Actual Rows": 1,
      "Actual Loops": 1,
      "Plans": [
        {
          "Node Type": "Gather",
          "Parent Relationship": "Outer",
          "Parallel Aware": false,
          "Startup Cost": 76909.11,
          "Total Cost": 76909.42,
          "Plan Rows": 3,
          "Plan Width": 8,
          "Actual Startup Time": 188.166,
          "Actual Total Time": 206.872,
          "Actual Rows": 4,
          "Actual Loops": 1,
          "Workers Planned": 3,
          "Workers Launched": 3,
          "Single Copy": false,
          "Plans": [
            {
              "Node Type": "Aggregate",
              "Strategy": "Plain",
              "Partial Mode": "Partial",
              "Parent Relationship": "Outer",
              "Parallel Aware": false,
              "Startup Cost": 75909.11,
              "Total Cost": 75909.12,
              "Plan Rows": 1,
              "Plan Width": 8,
              "Actual Startup Time": 184.13,
              "Actual Total Time": 184.134,
              "Actual Rows": 1,
              "Actual Loops": 4,
              "Plans": [
                {
                  "Node Type": "Hash Join",
                  "Parent Relationship": "Outer",
                  "Parallel Aware": true,
                  "Join Type": "Inner",
                  "Startup Cost": 44215.02,
                  "Total Cost": 75898.88,
                  "Plan Rows": 4095,
                  "Plan Width": 0,
                  "Actual Startup Time": 163.494,
                  "Actual Total Time": 184.091,
                  "Actual Rows": 368,
                  "Actual Loops": 4,
                  "Inner Unique": true,
                  "Hash Cond": "(mc.movie_id = t.id)",
                  "Plans": [
                    {
                      "Node Type": "Seq Scan",
                      "Parent Relationship": "Outer",
                      "Parallel Aware": true,
                      "Relation Name": "movie_companies",
                      "Alias": "mc",
                      "Startup Cost": 0.0,
                      "Total Cost": 31414.82,
                      "Plan Rows": 102490,
                      "Plan Width": 4,
                      "Actual Startup Time": 33.861,
                      "Actual Total Time": 64.151,
                      "Actual Rows": 43243,
                      "Actual Loops": 4,
                      "Filter": "((company_id < 756) AND (company_type_id = 2))",
                      "Rows Removed by Filter": 609039
                    },
                    {
                      "Node Type": "Hash",
                      "Parent Relationship": "Inner",
                      "Parallel Aware": true,
                      "Startup Cost": 43899.32,
                      "Total Cost": 43899.32,
                      "Plan Rows": 25256,
                      "Plan Width": 4,
                      "Actual Startup Time": 109.687,
                      "Actual Total Time": 109.688,
                      "Actual Rows": 27436,
                      "Actual Loops": 4,
                      "Hash Buckets": 131072,
                      "Original Hash Buckets": 131072,
                      "Hash Batches": 1,
                      "Original Hash Batches": 1,
                      "Peak Memory Usage": 5376,
                      "Plans": [
                        {
                          "Node Type": "Seq Scan",
                          "Parent Relationship": "Outer",
                          "Parallel Aware": true,
                          "Relation Name": "title",
                          "Alias": "t",
                          "Startup Cost": 0.0,
                          "Total Cost": 43899.32,
                          "Plan Rows": 25256,
                          "Plan Width": 4,
                          "Actual Startup Time": 43.231,
                          "Actual Total Time": 100.018,
                          "Actual Rows": 27436,
                          "Actual Loops": 4,
                          "Filter": "(production_year < 1928)",
                          "Rows Removed by Filter": 604642
                        }
                      ]
                    }
                  ]
                }
              ]
            }
          ]
        }
      ]
    },
    "Planning Time": 0.342,
    "Triggers": [],
    "Execution Time": 206.922
  }
]