[
  {
    "Plan": {
      "Node Type": "Aggregate",
      "Strategy": "Plain",
      "Partial Mode": "Finalize",
      "Parallel Aware": false,
      "Startup Cost": 236198.14,
      "Total Cost": 236198.15,
      "Plan Rows": 1,
      "Plan Width": 8,
      "Actual Startup Time": 332.613,
      "Actual Total Time": 346.059,
      "Actual Rows": 1,
      "Actual Loops": 1,
      "Plans": [
        {
          "Node Type": "Gather",
          "Parent Relationship": "Outer",
          "Parallel Aware": false,
          "Startup Cost": 236197.62,
          "Total Cost": 236198.13,
          "Plan Rows": 5,
          "Plan Width": 8,
          "Actual Startup Time": 325.341,
          "Actual Total Time": 346.038,
          "Actual Rows": 6,
          "Actual Loops": 1,
          "Workers Planned": 5,
          "Workers Launched": 5,
          "Single Copy": false,
          "Plans": [
            {
              "Node Type": "Aggregate",
              "Strategy": "Plain",
              "Partial Mode": "Partial",
              "Parent Relationship": "Outer",
              "Parallel Aware": false,
              "Startup Cost": 235197.62,
              "Total Cost": 235197.63,
              "Plan Rows": 1,
              "Plan Width": 8,
              "Actual Startup Time": 314.334,
              "Actual Total Time": 314.337,
              "Actual Rows": 1,
              "Actual Loops": 6,
              "Plans": [
                {
                  "Node Type": "Hash Join",
                  "Parent Relationship": "Outer",
                  "Parallel Aware": true,
                  "Join Type": "Inner",
                  "Startup Cost": 69195.31,
                  "Total Cost": 235001.48,
                  "Plan Rows": 78454,
                  "Plan Width": 0,
                  "Actual Startup Time": 206.172,
                  "Actual Total Time": 311.475,
                  "Actual Rows": 55508,
                  "Actual Loops": 6,
                  "Inner Unique": true,
                  "Hash Cond": "(mi.movie_id = t.id)",
                  "Plans": [
                    {
                      "Node Type": "Bitmap Heap Scan",
                      "Parent Relationship": "Outer",
                      "Parallel Aware": true,
                      "Relation Name": "movie_info",
                      "Alias": "mi",
                      "Startup Cost": 22837.73,
                      "Total Cost": 187982.11,
                      "Plan Rows": 252111,
                      "Plan Width": 4,
                      "Actual Startup Time": 58.422,
                      "Actual Total Time": 92.268,
                      "Actual Rows": 214821,
                      "Actual Loops": 6,
                      "Recheck Cond": "(info_type_id = 2)",
                      "Rows Removed by Index Recheck": 0,
                      "Exact Heap Blocks": 1505,
                      "Lossy Heap Blocks": 0,
                      "Plans": [
                        {
                          "Node Type": "Bitmap Index Scan",
                          "Parent Relationship": "Outer",
                          "Parallel Aware": false,
                          "Index Name": "info_type_id_movie_info",
                          "Startup Cost": 0.0,
                          "Total Cost": 22522.59,
                          "Plan Rows": 1260554,
                          "Plan Width": 0,
                          "Actual Startup Time": 56.923,
                          "Actual Total Time": 56.924,
                          "Actual Rows": 1288928,
                          "Actual Loops": 1,
                          "Index Cond": "(info_type_id = 2)"
                        }
                      ]
                    },
                    {
                      "Node Type": "Hash",
                      "Parent Relationship": "Inner",
                      "Parallel Aware": true,
                      "Startup Cost": 43898.92,
                      "Total Cost": 43898.92,
                      "Plan Rows": 196693,
                      "Plan Width": 4,
                      "Actual Startup Time": 143.827,
                      "Actual Total Time": 143.828,
                      "Actual Rows": 130821,
                      "Actual Loops": 6,
                      "Hash Buckets": 1048576,
                      "Original Hash Buckets": 1048576,
                      "Hash Batches": 1,
                      "Original Hash Batches": 1,
                      "Peak Memory Usage": 39008,
                      "Plans": [
                        {
                          "Node Type": "Seq Scan",
                          "Parent Relationship": "Outer",
                          "Parallel Aware": true,
                          "Relation Name": "title",
                          "Alias": "t",
                          "Startup Cost": 0.0,
                          "Total Cost": 43898.92,
                          "Plan Rows": 196693,
                          "Plan Width": 4,
                          "Actual Startup Time": 0.039,
                          "Actual Total Time": 83.03,
                          "Actual Rows": 130821,
                          "Actual Loops": 6,
                          "Filter": "(production_year > 2007)",
                          "Rows Removed by Filter": 290564
                        }
                      ]
                    }
                  ]
                }
              ]
            }
          ]
        }
      ]
    },
    "Planning Time": 0.621,
    "Triggers": [],
    "Execution Time": 346.152
  }
]