[
  {
    "Plan": {
      "Node Type": "Aggregate",
      "Strategy": "Plain",
      "Partial Mode": "Simple",
      "Parallel Aware": false,
      "Startup Cost": 27865.37,
      "Total Cost": 27865.38,
      "Plan Rows": 1,
      "Plan Width": 8,
      "Actual Startup Time": 51.093,
      "Actual Total Time": 51.094,
      "Actual Rows": 1,
      "Actual Loops": 1,
      "Plans": [
        {
          "Node Type": "Bitmap Heap Scan",
          "Parent Relationship": "Outer",
          "Parallel Aware": false,
          "Relation Name": "movie_keyword",
          "Alias": "mk",
          "Startup Cost": 1998.44,
          "Total Cost": 27629.88,
          "Plan Rows": 94195,
          "Plan Width": 0,
          "Actual Startup Time": 10.523,
          "Actual Total Time": 46.971,
          "Actual Rows": 93064,
          "Actual Loops": 1,
          "Recheck Cond": "(keyword_id > 84198)",
          "Rows Removed by Index Recheck": 0,
          "Exact Heap Blocks": 16848,
          "Lossy Heap Blocks": 0,
          "Plans": [
            {
              "Node Type": "Bitmap Index Scan",
              "Parent Relationship": "Outer",
              "Parallel Aware": false,
              "Index Name": "keyword_id_movie_keyword",
              "Startup Cost": 0.0,
              "Total Cost": 1974.89,
              "Plan Rows": 94195,
              "Plan Width": 0,
              "Actual Startup Time": 7.767,
              "Actual Total Time": 7.767,
              "Actual Rows": 93064,
              "Actual Loops": 1,
              "Index Cond": "(keyword_id > 84198)"
            }
          ]
        }
      ]
    },
    "Planning Time": 0.082,
    "Triggers": [],
    "Execution Time": 51.124
  }
]