{
  "Plan": {
    "Node Type": "Aggregate",
    "Strategy": "Plain",
    "Partial Mode": "Finalize",
    "Parallel Aware": false,
    "Startup Cost": 289185.45,
    "Total Cost": 289185.46,
    "Plan Rows": 1,
    "Plan Width": 8,
    "Actual Startup Time": 4035.268,
    "Actual Total Time": 4118.301,
    "Actual Rows": 1,
    "Actual Loops": 1,
    "Plans": [
      {
        "Node Type": "Gather",
        "Parent Relationship": "Outer",
        "Parallel Aware": false,
        "Startup Cost": 289185.34,
        "Total Cost": 289185.45,
        "Plan Rows": 1,
        "Plan Width": 8,
        "Actual Startup Time": 4031.451,
        "Actual Total Time": 4118.291,
        "Actual Rows": 2,
        "Actual Loops": 1,
        "Workers Planned": 1,
        "Workers Launched": 1,
        "Single Copy": false,
        "Plans": [
          {
            "Node Type": "Aggregate",
            "Strategy": "Plain",
            "Partial Mode": "Partial",
            "Parent Relationship": "Outer",
            "Parallel Aware": false,
            "Startup Cost": 288185.34,
            "Total Cost": 288185.35,
            "Plan Rows": 1,
            "Plan Width": 8,
            "Actual Startup Time": 4024.023,
            "Actual Total Time": 4024.029,
            "Actual Rows": 1,
            "Actual Loops": 2,
            "Plans": [
              {
                "Node Type": "Nested Loop",
                "Parent Relationship": "Outer",
                "Parallel Aware": false,
                "Join Type": "Inner",
                "Startup Cost": 73347.84,
                "Total Cost": 286756.69,
                "Plan Rows": 571458,
                "Plan Width": 0,
                "Actual Startup Time": 566.828,
                "Actual Total Time": 3966.883,
                "Actual Rows": 1144922,
                "Actual Loops": 2,
                "Inner Unique": false,
                "Plans": [
                  {
                    "Node Type": "Hash Join",
                    "Parent Relationship": "Outer",
                    "Parallel Aware": true,
                    "Join Type": "Inner",
                    "Startup Cost": 73347.27,
                    "Total Cost": 99298.06,
                    "Plan Rows": 80842,
                    "Plan Width": 8,
                    "Actual Startup Time": 566.619,
                    "Actual Total Time": 695.192,
                    "Actual Rows": 86611,
                    "Actual Loops": 2,
                    "Inner Unique": true,
                    "Hash Cond": "(mk.movie_id = t.id)",
                    "Plans": [
                      {
                        "Node Type": "Bitmap Heap Scan",
                        "Parent Relationship": "Outer",
                        "Parallel Aware": true,
                        "Relation Name": "movie_keyword",
                        "Alias": "mk",
                        "Startup Cost": 3572.25,
                        "Total Cost": 29263.26,
                        "Plan Rows": 98961,
                        "Plan Width": 4,
                        "Actual Startup Time": 13.189,
                        "Actual Total Time": 76.102,
                        "Actual Rows": 91213,
                        "Actual Loops": 2,
                        "Recheck Cond": "(keyword_id < 135)",
                        "Rows Removed by Index Recheck": 0,
                        "Exact Heap Blocks": 13359,
                        "Lossy Heap Blocks": 0,
                        "Plans": [
                          {
                            "Node Type": "Bitmap Index Scan",
                            "Parent Relationship": "Outer",
                            "Parallel Aware": false,
                            "Index Name": "keyword_id_movie_keyword",
                            "Startup Cost": 0.0,
                            "Total Cost": 3530.19,
                            "Plan Rows": 168234,
                            "Plan Width": 0,
                            "Actual Startup Time": 9.658,
                            "Actual Total Time": 9.658,
                            "Actual Rows": 182426,
                            "Actual Loops": 1,
                            "Index Cond": "(keyword_id < 135)"
                          }
                        ]
                      },
                      {
                        "Node Type": "Hash",
                        "Parent Relationship": "Inner",
                        "Parallel Aware": true,
                        "Startup Cost": 54588.39,
                        "Total Cost": 54588.39,
                        "Plan Rows": 1214931,
                        "Plan Width": 4,
                        "Actual Startup Time": 539.537,
                        "Actual Total Time": 539.538,
                        "Actual Rows": 1032276,
                        "Actual Loops": 2,
                        "Hash Buckets": 2097152,
                        "Original Hash Buckets": 2097152,
                        "Hash Batches": 1,
                        "Original Hash Batches": 1,
                        "Peak Memory Usage": 97184,
                        "Plans": [
                          {
                            "Node Type": "Seq Scan",
                            "Parent Relationship": "Outer",
                            "Parallel Aware": true,
                            "Relation Name": "title",
                            "Alias": "t",
                            "Startup Cost": 0.0,
                            "Total Cost": 54588.39,
                            "Plan Rows": 1214931,
                            "Plan Width": 4,
                            "Actual Startup Time": 0.06,
                            "Actual Total Time": 216.298,
                            "Actual Rows": 1032276,
                            "Actual Loops": 2,
                            "Filter": "(production_year < 2011)",
                            "Rows Removed by Filter": 231880
                          }
                        ]
                      }
                    ]
                  },
                  {
                    "Node Type": "Index Scan",
                    "Parent Relationship": "Inner",
                    "Parallel Aware": false,
                    "Scan Direction": "Forward",
                    "Index Name": "movie_id_cast_info",
                    "Relation Name": "cast_info",
                    "Alias": "ci",
                    "Startup Cost": 0.56,
                    "Total Cost": 2.14,
                    "Plan Rows": 18,
                    "Plan Width": 4,
                    "Actual Startup Time": 0.018,
                    "Actual Total Time": 0.037,
                    "Actual Rows": 13,
                    "Actual Loops": 173222,
                    "Index Cond": "(movie_id = t.id)",
                    "Rows Removed by Index Recheck": 0,
                    "Filter": "((person_id < 2803876) AND (role_id > 1))",
                    "Rows Removed by Filter": 23
                  }
                ]
              }
            ]
          }
        ]
      }
    ]
  },
  "Planning Time": 0.963,
  "Triggers": [],
  "Execution Time": 4118.432
}