[
  {
    "Plan": {
      "Node Type": "Aggregate",
      "Strategy": "Plain",
      "Partial Mode": "Finalize",
      "Parallel Aware": false,
      "Startup Cost": 190776.27,
      "Total Cost": 190776.28,
      "Plan Rows": 1,
      "Plan Width": 8,
      "Actual Startup Time": 502.501,
      "Actual Total Time": 528.832,
      "Actual Rows": 1,
      "Actual Loops": 1,
      "Plans": [
        {
          "Node Type": "Gather",
          "Parent Relationship": "Outer",
          "Parallel Aware": false,
          "Startup Cost": 190775.74,
          "Total Cost": 190776.25,
          "Plan Rows": 5,
          "Plan Width": 8,
          "Actual Startup Time": 502.036,
          "Actual Total Time": 528.824,
          "Actual Rows": 6,
          "Actual Loops": 1,
          "Workers Planned": 5,
          "Workers Launched": 5,
          "Single Copy": false,
          "Plans": [
            {
              "Node Type": "Aggregate",
              "Strategy": "Plain",
              "Partial Mode": "Partial",
              "Parent Relationship": "Outer",
              "Parallel Aware": false,
              "Startup Cost": 189775.74,
              "Total Cost": 189775.75,
              "Plan Rows": 1,
              "Plan Width": 8,
              "Actual Startup Time": 491.118,
              "Actual Total Time": 491.121,
              "Actual Rows": 1,
              "Actual Loops": 6,
              "Plans": [
                {
                  "Node Type": "Nested Loop",
                  "Parent Relationship": "Outer",
                  "Parallel Aware": false,
                  "Join Type": "Inner",
                  "Startup Cost": 38180.7,
                  "Total Cost": 189463.62,
                  "Plan Rows": 124850,
                  "Plan Width": 0,
                  "Actual Startup Time": 68.186,
                  "Actual Total Time": 483.547,
                  "Actual Rows": 159131,
                  "Actual Loops": 6,
                  "Inner Unique": false,
                  "Join Filter": "(t.id = mi.movie_id)",
                  "Rows Removed by Join Filter": 0,
                  "Plans": [
                    {
                      "Node Type": "Hash Join",
                      "Parent Relationship": "Outer",
                      "Parallel Aware": true,
                      "Join Type": "Inner",
                      "Startup Cost": 38180.27,
                      "Total Cost": 148709.13,
                      "Plan Rows": 21352,
                      "Plan Width": 8,
                      "Actual Startup Time": 68.104,
                      "Actual Total Time": 264.333,
                      "Actual Rows": 16542,
                      "Actual Loops": 6,
                      "Inner Unique": true,
                      "Hash Cond": "(ci.movie_id = t.id)",
                      "Plans": [
                        {
                          "Node Type": "Index Scan",
                          "Parent Relationship": "Outer",
                          "Parallel Aware": true,
                          "Scan Direction": "Forward",
                          "Index Name": "role_id_cast_info",
                          "Relation Name": "cast_info",
                          "Alias": "ci",
                          "Startup Cost": 0.56,
                          "Total Cost": 108404.92,
                          "Plan Rows": 809334,
                          "Plan Width": 4,
                          "Actual Startup Time": 0.344,
                          "Actual Total Time": 105.069,
                          "Actual Rows": 668006,
                          "Actual Loops": 6,
                          "Index Cond": "(role_id = 3)",
                          "Rows Removed by Index Recheck": 0
                        },
                        {
                          "Node Type": "Hash",
                          "Parent Relationship": "Inner",
                          "Parallel Aware": true,
                          "Startup Cost": 37971.27,
                          "Total Cost": 37971.27,
                          "Plan Rows": 16675,
                          "Plan Width": 4,
                          "Actual Startup Time": 66.322,
                          "Actual Total Time": 66.323,
                          "Actual Rows": 11881,
                          "Actual Loops": 6,
                          "Hash Buckets": 131072,
                          "Original Hash Buckets": 131072,
                          "Hash Batches": 1,
                          "Original Hash Batches": 1,
                          "Peak Memory Usage": 3904,
                          "Plans": [
                            {
                              "Node Type": "Bitmap Heap Scan",
                              "Parent Relationship": "Outer",
                              "Parallel Aware": true,
                              "Relation Name": "title",
                              "Alias": "t",
                              "Startup Cost": 1633.21,
                              "Total Cost": 37971.27,
                              "Plan Rows": 16675,
                              "Plan Width": 4,
                              "Actual Startup Time": 18.192,
                              "Actual Total Time": 61.187,
                              "Actual Rows": 11881,
                              "Actual Loops": 6,
                              "Recheck Cond": "(kind_id = 2)",
                              "Rows Removed by Index Recheck": 0,
                              "Filter": "(production_year > 1985)",
                              "Rows Removed by Filter": 3261,
                              "Exact Heap Blocks": 11835,
                              "Lossy Heap Blocks": 0,
                              "Plans": [
                                {
                                  "Node Type": "Bitmap Index Scan",
                                  "Parent Relationship": "Outer",
                                  "Parallel Aware": false,
                                  "Index Name": "kind_id_title",
                                  "Startup Cost": 0.0,
                                  "Total Cost": 1616.54,
                                  "Plan Rows": 90681,
                                  "Plan Width": 0,
                                  "Actual Startup Time": 16.105,
                                  "Actual Total Time": 16.105,
                                  "Actual Rows": 90852,
                                  "Actual Loops": 1,
                                  "Index Cond": "(kind_id = 2)"
                                }
                              ]
                            }
                          ]
                        }
                      ]
                    },
                    {
                      "Node Type": "Index Only Scan",
                      "Parent Relationship": "Inner",
                      "Parallel Aware": false,
                      "Scan Direction": "Forward",
                      "Index Name": "movie_id_movie_info",
                      "Relation Name": "movie_info",
                      "Alias": "mi",
                      "Startup Cost": 0.43,
                      "Total Cost": 1.38,
                      "Plan Rows": 42,
                      "Plan Width": 4,
                      "Actual Startup Time": 0.005,
                      "Actual Total Time": 0.012,
                      "Actual Rows": 10,
                      "Actual Loops": 99254,
                      "Index Cond": "(movie_id = ci.movie_id)",
                      "Rows Removed by Index Recheck": 0,
                      "Heap Fetches": 954786
                    }
                  ]
                }
              ]
            }
          ]
        }
      ]
    },
    "Planning Time": 1.359,
    "Triggers": [],
    "Execution Time": 528.958
  }
]