[
  {
    "Plan": {
      "Node Type": "Aggregate",
      "Strategy": "Plain",
      "Partial Mode": "Finalize",
      "Parallel Aware": false,
      "Startup Cost": 342755.14,
      "Total Cost": 342755.15,
      "Plan Rows": 1,
      "Plan Width": 8,
      "Actual Startup Time": 883.027,
      "Actual Total Time": 941.529,
      "Actual Rows": 1,
      "Actual Loops": 1,
      "Plans": [
        {
          "Node Type": "Gather",
          "Parent Relationship": "Outer",
          "Parallel Aware": false,
          "Startup Cost": 342754.51,
          "Total Cost": 342755.12,
          "Plan Rows": 6,
          "Plan Width": 8,
          "Actual Startup Time": 882.899,
          "Actual Total Time": 941.519,
          "Actual Rows": 7,
          "Actual Loops": 1,
          "Workers Planned": 6,
          "Workers Launched": 6,
          "Single Copy": false,
          "Plans": [
            {
              "Node Type": "Aggregate",
              "Strategy": "Plain",
              "Partial Mode": "Partial",
              "Parent Relationship": "Outer",
              "Parallel Aware": false,
              "Startup Cost": 341754.51,
              "Total Cost": 341754.52,
              "Plan Rows": 1,
              "Plan Width": 8,
              "Actual Startup Time": 874.24,
              "Actual Total Time": 874.241,
              "Actual Rows": 1,
              "Actual Loops": 7,
              "Plans": [
                {
                  "Node Type": "Seq Scan",
                  "Parent Relationship": "Outer",
                  "Parallel Aware": true,
                  "Relation Name": "cast_info",
                  "Alias": "ci",
                  "Startup Cost": 0.0,
                  "Total Cost": 328162.03,
                  "Plan Rows": 5436994,
                  "Plan Width": 0,
                  "Actual Startup Time": 51.566,
                  "Actual Total Time": 666.885,
                  "Actual Rows": 4645064,
                  "Actual Loops": 7,
                  "Filter": "(person_id > 357302)",
                  "Rows Removed by Filter": 532699
                }
              ]
            }
          ]
        }
      ]
    },
    "Planning Time": 0.205,
    "Triggers": [],
    "Execution Time": 941.605
  }
]