[
    {
        "Bao": {
            "Bao prediction": "NaN",
            "Bao recommended hint": "(no hint)"
        }
    },
    {
        "Plan": {
            "Node Type": "Aggregate",
            "Strategy": "Plain",
            "Partial Mode": "Finalize",
            "Parallel Aware": false,
            "Startup Cost": 126576.82,
            "Total Cost": 126576.83,
            "Plan Rows": 1,
            "Plan Width": 8,
            "Actual Startup Time": 212.722,
            "Actual Total Time": 221.626,
            "Actual Rows": 1,
            "Actual Loops": 1,
            "Output": [
                "count(*)"
            ],
            "Plans": [
                {
                    "Node Type": "Gather",
                    "Parent Relationship": "Outer",
                    "Parallel Aware": false,
                    "Startup Cost": 126576.3,
                    "Total Cost": 126576.81,
                    "Plan Rows": 5,
                    "Plan Width": 8,
                    "Actual Startup Time": 212.615,
                    "Actual Total Time": 221.615,
                    "Actual Rows": 6,
                    "Actual Loops": 1,
                    "Output": [
                        "(PARTIAL count(*))"
                    ],
                    "Workers Planned": 5,
                    "Workers Launched": 5,
                    "Single Copy": false,
                    "Plans": [
                        {
                            "Node Type": "Aggregate",
                            "Strategy": "Plain",
                            "Partial Mode": "Partial",
                            "Parent Relationship": "Outer",
                            "Parallel Aware": false,
                            "Startup Cost": 125576.3,
                            "Total Cost": 125576.31,
                            "Plan Rows": 1,
                            "Plan Width": 8,
                            "Actual Startup Time": 202.687,
                            "Actual Total Time": 202.688,
                            "Actual Rows": 1,
                            "Actual Loops": 6,
                            "Output": [
                                "PARTIAL count(*)"
                            ],
                            "Workers": [
                                {
                                    "Worker Number": 0,
                                    "Actual Startup Time": 200.166,
                                    "Actual Total Time": 200.167,
                                    "Actual Rows": 1,
                                    "Actual Loops": 1
                                },
                                {
                                    "Worker Number": 1,
                                    "Actual Startup Time": 200.759,
                                    "Actual Total Time": 200.76,
                                    "Actual Rows": 1,
                                    "Actual Loops": 1
                                },
                                {
                                    "Worker Number": 2,
                                    "Actual Startup Time": 200.747,
                                    "Actual Total Time": 200.748,
                                    "Actual Rows": 1,
                                    "Actual Loops": 1
                                },
                                {
                                    "Worker Number": 3,
                                    "Actual Startup Time": 201.179,
                                    "Actual Total Time": 201.181,
                                    "Actual Rows": 1,
                                    "Actual Loops": 1
                                },
                                {
                                    "Worker Number": 4,
                                    "Actual Startup Time": 201.476,
                                    "Actual Total Time": 201.477,
                                    "Actual Rows": 1,
                                    "Actual Loops": 1
                                }
                            ],
                            "Plans": [
                                {
                                    "Node Type": "Index Scan",
                                    "Parent Relationship": "Outer",
                                    "Parallel Aware": true,
                                    "Scan Direction": "Forward",
                                    "Index Name": "role_id_cast_info",
                                    "Relation Name": "cast_info",
                                    "Schema": "public",
                                    "Alias": "ci",
                                    "Startup Cost": 0.56,
                                    "Total Cost": 123935.38,
                                    "Plan Rows": 656370,
                                    "Plan Width": 0,
                                    "Actual Startup Time": 0.15,
                                    "Actual Total Time": 167.994,
                                    "Actual Rows": 701036,
                                    "Actual Loops": 6,
                                    "Output": [
                                        "id",
                                        "person_id",
                                        "movie_id",
                                        "person_role_id",
                                        "note",
                                        "nr_order",
                                        "role_id"
                                    ],
                                    "Index Cond": "(ci.role_id > 9)",
                                    "Rows Removed by Index Recheck": 0,
                                    "Filter": "(ci.person_id > 988936)",
                                    "Rows Removed by Filter": 72153,
                                    "Workers": [
                                        {
                                            "Worker Number": 0,
                                            "Actual Startup Time": 0.15,
                                            "Actual Total Time": 166.504,
                                            "Actual Rows": 715075,
                                            "Actual Loops": 1
                                        },
                                        {
                                            "Worker Number": 1,
                                            "Actual Startup Time": 0.146,
                                            "Actual Total Time": 167.046,
                                            "Actual Rows": 726541,
                                            "Actual Loops": 1
                                        },
                                        {
                                            "Worker Number": 2,
                                            "Actual Startup Time": 0.258,
                                            "Actual Total Time": 167.036,
                                            "Actual Rows": 717864,
                                            "Actual Loops": 1
                                        },
                                        {
                                            "Worker Number": 3,
                                            "Actual Startup Time": 0.115,
                                            "Actual Total Time": 167.453,
                                            "Actual Rows": 723057,
                                            "Actual Loops": 1
                                        },
                                        {
                                            "Worker Number": 4,
                                            "Actual Startup Time": 0.162,
                                            "Actual Total Time": 166.884,
                                            "Actual Rows": 477602,
                                            "Actual Loops": 1
                                        }
                                    ]
                                }
                            ]
                        }
                    ]
                }
            ]
        },
        "Planning Time": 198.712,
        "Triggers": [],
        "Execution Time": 221.721
    }
]