[
  {
    "Plan": {
      "Node Type": "Aggregate",
      "Strategy": "Plain",
      "Partial Mode": "Finalize",
      "Parallel Aware": false,
      "Startup Cost": 90894.31,
      "Total Cost": 90894.32,
      "Plan Rows": 1,
      "Plan Width": 8,
      "Actual Startup Time": 270.164,
      "Actual Total Time": 287.759,
      "Actual Rows": 1,
      "Actual Loops": 1,
      "Plans": [
        {
          "Node Type": "Gather",
          "Parent Relationship": "Outer",
          "Parallel Aware": false,
          "Startup Cost": 90893.99,
          "Total Cost": 90894.3,
          "Plan Rows": 3,
          "Plan Width": 8,
          "Actual Startup Time": 268.73,
          "Actual Total Time": 287.753,
          "Actual Rows": 4,
          "Actual Loops": 1,
          "Workers Planned": 3,
          "Workers Launched": 3,
          "Single Copy": false,
          "Plans": [
            {
              "Node Type": "Aggregate",
              "Strategy": "Plain",
              "Partial Mode": "Partial",
              "Parent Relationship": "Outer",
              "Parallel Aware": false,
              "Startup Cost": 89893.99,
              "Total Cost": 89894.0,
              "Plan Rows": 1,
              "Plan Width": 8,
              "Actual Startup Time": 259.923,
              "Actual Total Time": 259.926,
              "Actual Rows": 1,
              "Actual Loops": 4,
              "Plans": [
                {
                  "Node Type": "Hash Join",
                  "Parent Relationship": "Outer",
                  "Parallel Aware": true,
                  "Join Type": "Inner",
                  "Startup Cost": 45965.71,
                  "Total Cost": 89825.69,
                  "Plan Rows": 27318,
                  "Plan Width": 0,
                  "Actual Startup Time": 117.23,
                  "Actual Total Time": 256.815,
                  "Actual Rows": 72249,
                  "Actual Loops": 4,
                  "Inner Unique": true,
                  "Hash Cond": "(mk.movie_id = t.id)",
                  "Plans": [
                    {
                      "Node Type": "Seq Scan",
                      "Parent Relationship": "Outer",
                      "Parallel Aware": true,
                      "Relation Name": "movie_keyword",
                      "Alias": "mk",
                      "Startup Cost": 0.0,
                      "Total Cost": 42695.65,
                      "Plan Rows": 443554,
                      "Plan Width": 4,
                      "Actual Startup Time": 0.025,
                      "Actual Total Time": 93.863,
                      "Actual Rows": 345965,
                      "Actual Loops": 4,
                      "Filter": "(keyword_id < 1860)",
                      "Rows Removed by Filter": 785017
                    },
                    {
                      "Node Type": "Hash",
                      "Parent Relationship": "Inner",
                      "Parallel Aware": true,
                      "Startup Cost": 45479.1,
                      "Total Cost": 45479.1,
                      "Plan Rows": 38929,
                      "Plan Width": 4,
                      "Actual Startup Time": 114.665,
                      "Actual Total Time": 114.666,
                      "Actual Rows": 66009,
                      "Actual Loops": 4,
                      "Hash Buckets": 262144,
                      "Original Hash Buckets": 262144,
                      "Hash Batches": 1,
                      "Original Hash Batches": 1,
                      "Peak Memory Usage": 12416,
                      "Plans": [
                        {
                          "Node Type": "Seq Scan",
                          "Parent Relationship": "Outer",
                          "Parallel Aware": true,
                          "Relation Name": "title",
                          "Alias": "t",
                          "Startup Cost": 0.0,
                          "Total Cost": 45479.1,
                          "Plan Rows": 38929,
                          "Plan Width": 4,
                          "Actual Startup Time": 0.136,
                          "Actual Total Time": 94.908,
                          "Actual Rows": 66009,
                          "Actual Loops": 4,
                          "Filter": "((kind_id < 7) AND (production_year < 1973))",
                          "Rows Removed by Filter": 566069
                        }
                      ]
                    }
                  ]
                }
              ]
            }
          ]
        }
      ]
    },
    "Planning Time": 0.578,
    "Triggers": [],
    "Execution Time": 287.824
  }
]