[
  {
    "Plan": {
      "Node Type": "Aggregate",
      "Strategy": "Plain",
      "Partial Mode": "Finalize",
      "Parallel Aware": false,
      "Startup Cost": 202060.66,
      "Total Cost": 202060.67,
      "Plan Rows": 1,
      "Plan Width": 8,
      "Actual Startup Time": 280.514,
      "Actual Total Time": 302.938,
      "Actual Rows": 1,
      "Actual Loops": 1,
      "Plans": [
        {
          "Node Type": "Gather",
          "Parent Relationship": "Outer",
          "Parallel Aware": false,
          "Startup Cost": 202060.03,
          "Total Cost": 202060.64,
          "Plan Rows": 6,
          "Plan Width": 8,
          "Actual Startup Time": 280.376,
          "Actual Total Time": 302.925,
          "Actual Rows": 7,
          "Actual Loops": 1,
          "Workers Planned": 6,
          "Workers Launched": 6,
          "Single Copy": false,
          "Plans": [
            {
              "Node Type": "Aggregate",
              "Strategy": "Plain",
              "Partial Mode": "Partial",
              "Parent Relationship": "Outer",
              "Parallel Aware": false,
              "Startup Cost": 201060.03,
              "Total Cost": 201060.04,
              "Plan Rows": 1,
              "Plan Width": 8,
              "Actual Startup Time": 271.698,
              "Actual Total Time": 271.7,
              "Actual Rows": 1,
              "Actual Loops": 7,
              "Plans": [
                {
                  "Node Type": "Index Scan",
                  "Parent Relationship": "Outer",
                  "Parallel Aware": true,
                  "Scan Direction": "Forward",
                  "Index Name": "role_id_cast_info",
                  "Relation Name": "cast_info",
                  "Alias": "ci",
                  "Startup Cost": 0.56,
                  "Total Cost": 200748.38,
                  "Plan Rows": 124660,
                  "Plan Width": 0,
                  "Actual Startup Time": 0.158,
                  "Actual Total Time": 267.688,
                  "Actual Rows": 55005,
                  "Actual Loops": 7,
                  "Index Cond": "(role_id > 7)",
                  "Rows Removed by Index Recheck": 0,
                  "Filter": "(person_id < 360168)",
                  "Rows Removed by Filter": 1007314
                }
              ]
            }
          ]
        }
      ]
    },
    "Planning Time": 0.235,
    "Triggers": [],
    "Execution Time": 303.005
  }
]