[
  {
    "Plan": {
      "Node Type": "Aggregate",
      "Strategy": "Plain",
      "Partial Mode": "Finalize",
      "Parallel Aware": false,
      "Startup Cost": 30721.39,
      "Total Cost": 30721.4,
      "Plan Rows": 1,
      "Plan Width": 8,
      "Actual Startup Time": 92.119,
      "Actual Total Time": 102.545,
      "Actual Rows": 1,
      "Actual Loops": 1,
      "Plans": [
        {
          "Node Type": "Gather",
          "Parent Relationship": "Outer",
          "Parallel Aware": false,
          "Startup Cost": 30721.08,
          "Total Cost": 30721.39,
          "Plan Rows": 3,
          "Plan Width": 8,
          "Actual Startup Time": 92.013,
          "Actual Total Time": 102.538,
          "Actual Rows": 4,
          "Actual Loops": 1,
          "Workers Planned": 3,
          "Workers Launched": 3,
          "Single Copy": false,
          "Plans": [
            {
              "Node Type": "Aggregate",
              "Strategy": "Plain",
              "Partial Mode": "Partial",
              "Parent Relationship": "Outer",
              "Parallel Aware": false,
              "Startup Cost": 29721.08,
              "Total Cost": 29721.09,
              "Plan Rows": 1,
              "Plan Width": 8,
              "Actual Startup Time": 86.733,
              "Actual Total Time": 86.734,
              "Actual Rows": 1,
              "Actual Loops": 4,
              "Plans": [
                {
                  "Node Type": "Seq Scan",
                  "Parent Relationship": "Outer",
                  "Parallel Aware": true,
                  "Relation Name": "movie_companies",
                  "Alias": "mc",
                  "Startup Cost": 0.0,
                  "Total Cost": 29310.68,
                  "Plan Rows": 164158,
                  "Plan Width": 0,
                  "Actual Startup Time": 41.67,
                  "Actual Total Time": 79.437,
                  "Actual Rows": 126366,
                  "Actual Loops": 4,
                  "Filter": "(company_id > 73942)",
                  "Rows Removed by Filter": 525916
                }
              ]
            }
          ]
        }
      ]
    },
    "Planning Time": 0.104,
    "Triggers": [],
    "Execution Time": 102.579
  }
]