[
  {
    "Plan": {
      "Node Type": "Aggregate",
      "Strategy": "Plain",
      "Partial Mode": "Finalize",
      "Parallel Aware": false,
      "Startup Cost": 153798.21,
      "Total Cost": 153798.22,
      "Plan Rows": 1,
      "Plan Width": 8,
      "Actual Startup Time": 296.875,
      "Actual Total Time": 321.502,
      "Actual Rows": 1,
      "Actual Loops": 1,
      "Plans": [
        {
          "Node Type": "Gather",
          "Parent Relationship": "Outer",
          "Parallel Aware": false,
          "Startup Cost": 153797.69,
          "Total Cost": 153798.2,
          "Plan Rows": 5,
          "Plan Width": 8,
          "Actual Startup Time": 296.516,
          "Actual Total Time": 321.489,
          "Actual Rows": 6,
          "Actual Loops": 1,
          "Workers Planned": 5,
          "Workers Launched": 5,
          "Single Copy": false,
          "Plans": [
            {
              "Node Type": "Aggregate",
              "Strategy": "Plain",
              "Partial Mode": "Partial",
              "Parent Relationship": "Outer",
              "Parallel Aware": false,
              "Startup Cost": 152797.69,
              "Total Cost": 152797.7,
              "Plan Rows": 1,
              "Plan Width": 8,
              "Actual Startup Time": 289.304,
              "Actual Total Time": 289.308,
              "Actual Rows": 1,
              "Actual Loops": 6,
              "Plans": [
                {
                  "Node Type": "Hash Join",
                  "Parent Relationship": "Outer",
                  "Parallel Aware": true,
                  "Join Type": "Inner",
                  "Startup Cost": 45528.65,
                  "Total Cost": 152785.63,
                  "Plan Rows": 4823,
                  "Plan Width": 0,
                  "Actual Startup Time": 77.625,
                  "Actual Total Time": 288.987,
                  "Actual Rows": 3242,
                  "Actual Loops": 6,
                  "Inner Unique": true,
                  "Hash Cond": "(ci.movie_id = t.id)",
                  "Plans": [
                    {
                      "Node Type": "Index Scan",
                      "Parent Relationship": "Outer",
                      "Parallel Aware": true,
                      "Scan Direction": "Forward",
                      "Index Name": "role_id_cast_info",
                      "Relation Name": "cast_info",
                      "Alias": "ci",
                      "Startup Cost": 0.56,
                      "Total Cost": 105195.1,
                      "Plan Rows": 785695,
                      "Plan Width": 4,
                      "Actual Startup Time": 0.167,
                      "Actual Total Time": 133.937,
                      "Actual Rows": 668006,
                      "Actual Loops": 6,
                      "Index Cond": "(role_id = 3)",
                      "Rows Removed by Index Recheck": 0
                    },
                    {
                      "Node Type": "Hash",
                      "Parent Relationship": "Inner",
                      "Parallel Aware": true,
                      "Startup Cost": 45479.59,
                      "Total Cost": 45479.59,
                      "Plan Rows": 3880,
                      "Plan Width": 4,
                      "Actual Startup Time": 76.56,
                      "Actual Total Time": 76.561,
                      "Actual Rows": 2162,
                      "Actual Loops": 6,
                      "Hash Buckets": 16384,
                      "Original Hash Buckets": 16384,
                      "Hash Batches": 1,
                      "Original Hash Batches": 1,
                      "Peak Memory Usage": 736,
                      "Plans": [
                        {
                          "Node Type": "Seq Scan",
                          "Parent Relationship": "Outer",
                          "Parallel Aware": true,
                          "Relation Name": "title",
                          "Alias": "t",
                          "Startup Cost": 0.0,
                          "Total Cost": 45479.59,
                          "Plan Rows": 3880,
                          "Plan Width": 4,
                          "Actual Startup Time": 0.555,
                          "Actual Total Time": 75.357,
                          "Actual Rows": 2162,
                          "Actual Loops": 6,
                          "Filter": "((kind_id < 7) AND (production_year = 1997))",
                          "Rows Removed by Filter": 419224
                        }
                      ]
                    }
                  ]
                }
              ]
            }
          ]
        }
      ]
    },
    "Planning Time": 0.686,
    "Triggers": [],
    "Execution Time": 321.596
  }
]