{
  "Plan": {
    "Node Type": "Aggregate",
    "Strategy": "Plain",
    "Partial Mode": "Finalize",
    "Parallel Aware": false,
    "Startup Cost": 100131.52,
    "Total Cost": 100131.53,
    "Plan Rows": 1,
    "Plan Width": 8,
    "Actual Startup Time": 460.845,
    "Actual Total Time": 475.24,
    "Actual Rows": 1,
    "Actual Loops": 1,
    "Plans": [
      {
        "Node Type": "Gather",
        "Parent Relationship": "Outer",
        "Parallel Aware": false,
        "Startup Cost": 100131.41,
        "Total Cost": 100131.52,
        "Plan Rows": 1,
        "Plan Width": 8,
        "Actual Startup Time": 458.404,
        "Actual Total Time": 475.233,
        "Actual Rows": 2,
        "Actual Loops": 1,
        "Workers Planned": 1,
        "Workers Launched": 1,
        "Single Copy": false,
        "Plans": [
          {
            "Node Type": "Aggregate",
            "Strategy": "Plain",
            "Partial Mode": "Partial",
            "Parent Relationship": "Outer",
            "Parallel Aware": false,
            "Startup Cost": 99131.41,
            "Total Cost": 99131.42,
            "Plan Rows": 1,
            "Plan Width": 8,
            "Actual Startup Time": 453.684,
            "Actual Total Time": 453.687,
            "Actual Rows": 1,
            "Actual Loops": 2,
            "Plans": [
              {
                "Node Type": "Hash Join",
                "Parent Relationship": "Outer",
                "Parallel Aware": true,
                "Join Type": "Inner",
                "Startup Cost": 71902.09,
                "Total Cost": 98878.02,
                "Plan Rows": 101355,
                "Plan Width": 0,
                "Actual Startup Time": 374.765,
                "Actual Total Time": 453.144,
                "Actual Rows": 9200,
                "Actual Loops": 2,
                "Inner Unique": true,
                "Hash Cond": "(mk.movie_id = t.id)",
                "Plans": [
                  {
                    "Node Type": "Bitmap Heap Scan",
                    "Parent Relationship": "Outer",
                    "Parallel Aware": true,
                    "Relation Name": "movie_keyword",
                    "Alias": "mk",
                    "Startup Cost": 6013.22,
                    "Total Cost": 32551.47,
                    "Plan Rows": 166739,
                    "Plan Width": 4,
                    "Actual Startup Time": 19.568,
                    "Actual Total Time": 65.891,
                    "Actual Rows": 140163,
                    "Actual Loops": 2,
                    "Recheck Cond": "(keyword_id > 56874)",
                    "Rows Removed by Index Recheck": 0,
                    "Exact Heap Blocks": 11665,
                    "Lossy Heap Blocks": 0,
                    "Plans": [
                      {
                        "Node Type": "Bitmap Index Scan",
                        "Parent Relationship": "Outer",
                        "Parallel Aware": false,
                        "Index Name": "keyword_id_movie_keyword",
                        "Startup Cost": 0.0,
                        "Total Cost": 5942.36,
                        "Plan Rows": 283457,
                        "Plan Width": 0,
                        "Actual Startup Time": 16.424,
                        "Actual Total Time": 16.424,
                        "Actual Rows": 280326,
                        "Actual Loops": 1,
                        "Index Cond": "(keyword_id > 56874)"
                      }
                    ]
                  },
                  {
                    "Node Type": "Hash",
                    "Parent Relationship": "Inner",
                    "Parallel Aware": true,
                    "Startup Cost": 54588.39,
                    "Total Cost": 54588.39,
                    "Plan Rows": 904038,
                    "Plan Width": 4,
                    "Actual Startup Time": 346.58,
                    "Actual Total Time": 346.581,
                    "Actual Rows": 771632,
                    "Actual Loops": 2,
                    "Hash Buckets": 2097152,
                    "Original Hash Buckets": 2097152,
                    "Hash Batches": 1,
                    "Original Hash Batches": 1,
                    "Peak Memory Usage": 76800,
                    "Plans": [
                      {
                        "Node Type": "Seq Scan",
                        "Parent Relationship": "Outer",
                        "Parallel Aware": true,
                        "Relation Name": "title",
                        "Alias": "t",
                        "Startup Cost": 0.0,
                        "Total Cost": 54588.39,
                        "Plan Rows": 904038,
                        "Plan Width": 4,
                        "Actual Startup Time": 0.019,
                        "Actual Total Time": 149.554,
                        "Actual Rows": 771632,
                        "Actual Loops": 2,
                        "Filter": "(kind_id = 7)",
                        "Rows Removed by Filter": 492524
                      }
                    ]
                  }
                ]
              }
            ]
          }
        ]
      }
    ]
  },
  "Planning Time": 0.247,
  "Triggers": [],
  "Execution Time": 475.288
}