[
  {
    "Plan": {
      "Node Type": "Aggregate",
      "Strategy": "Plain",
      "Partial Mode": "Finalize",
      "Parallel Aware": false,
      "Startup Cost": 77335.53,
      "Total Cost": 77335.54,
      "Plan Rows": 1,
      "Plan Width": 8,
      "Actual Startup Time": 287.634,
      "Actual Total Time": 304.13,
      "Actual Rows": 1,
      "Actual Loops": 1,
      "Plans": [
        {
          "Node Type": "Gather",
          "Parent Relationship": "Outer",
          "Parallel Aware": false,
          "Startup Cost": 77335.22,
          "Total Cost": 77335.53,
          "Plan Rows": 3,
          "Plan Width": 8,
          "Actual Startup Time": 286.407,
          "Actual Total Time": 304.109,
          "Actual Rows": 4,
          "Actual Loops": 1,
          "Workers Planned": 3,
          "Workers Launched": 3,
          "Single Copy": false,
          "Plans": [
            {
              "Node Type": "Aggregate",
              "Strategy": "Plain",
              "Partial Mode": "Partial",
              "Parent Relationship": "Outer",
              "Parallel Aware": false,
              "Startup Cost": 76335.22,
              "Total Cost": 76335.23,
              "Plan Rows": 1,
              "Plan Width": 8,
              "Actual Startup Time": 277.552,
              "Actual Total Time": 277.556,
              "Actual Rows": 1,
              "Actual Loops": 4,
              "Plans": [
                {
                  "Node Type": "Hash Join",
                  "Parent Relationship": "Outer",
                  "Parallel Aware": true,
                  "Join Type": "Inner",
                  "Startup Cost": 46616.44,
                  "Total Cost": 76032.33,
                  "Plan Rows": 121156,
                  "Plan Width": 0,
                  "Actual Startup Time": 151.189,
                  "Actual Total Time": 272.557,
                  "Actual Rows": 121444,
                  "Actual Loops": 4,
                  "Inner Unique": true,
                  "Hash Cond": "(mc.movie_id = t.id)",
                  "Plans": [
                    {
                      "Node Type": "Seq Scan",
                      "Parent Relationship": "Outer",
                      "Parallel Aware": true,
                      "Relation Name": "movie_companies",
                      "Alias": "mc",
                      "Startup Cost": 0.0,
                      "Total Cost": 27206.55,
                      "Plan Rows": 841655,
                      "Plan Width": 4,
                      "Actual Startup Time": 0.018,
                      "Actual Total Time": 56.174,
                      "Actual Rows": 652282,
                      "Actual Loops": 4
                    },
                    {
                      "Node Type": "Hash",
                      "Parent Relationship": "Inner",
                      "Parallel Aware": true,
                      "Startup Cost": 45479.1,
                      "Total Cost": 45479.1,
                      "Plan Rows": 90987,
                      "Plan Width": 4,
                      "Actual Startup Time": 122.031,
                      "Actual Total Time": 122.032,
                      "Actual Rows": 68504,
                      "Actual Loops": 4,
                      "Hash Buckets": 524288,
                      "Original Hash Buckets": 524288,
                      "Hash Batches": 1,
                      "Original Hash Batches": 1,
                      "Peak Memory Usage": 14880,
                      "Plans": [
                        {
                          "Node Type": "Seq Scan",
                          "Parent Relationship": "Outer",
                          "Parallel Aware": true,
                          "Relation Name": "title",
                          "Alias": "t",
                          "Startup Cost": 0.0,
                          "Total Cost": 45479.1,
                          "Plan Rows": 90987,
                          "Plan Width": 4,
                          "Actual Startup Time": 47.629,
                          "Actual Total Time": 100.125,
                          "Actual Rows": 68504,
                          "Actual Loops": 4,
                          "Filter": "((production_year > 2000) AND (kind_id = 1))",
                          "Rows Removed by Filter": 563574
                        }
                      ]
                    }
                  ]
                }
              ]
            }
          ]
        }
      ]
    },
    "Planning Time": 0.626,
    "Triggers": [],
    "Execution Time": 304.198
  }
]