[
  {
    "Plan": {
      "Node Type": "Aggregate",
      "Strategy": "Plain",
      "Partial Mode": "Finalize",
      "Parallel Aware": false,
      "Startup Cost": 44380.17,
      "Total Cost": 44380.18,
      "Plan Rows": 1,
      "Plan Width": 8,
      "Actual Startup Time": 104.403,
      "Actual Total Time": 113.935,
      "Actual Rows": 1,
      "Actual Loops": 1,
      "Plans": [
        {
          "Node Type": "Gather",
          "Parent Relationship": "Outer",
          "Parallel Aware": false,
          "Startup Cost": 44379.86,
          "Total Cost": 44380.17,
          "Plan Rows": 3,
          "Plan Width": 8,
          "Actual Startup Time": 104.134,
          "Actual Total Time": 113.927,
          "Actual Rows": 4,
          "Actual Loops": 1,
          "Workers Planned": 3,
          "Workers Launched": 3,
          "Single Copy": false,
          "Plans": [
            {
              "Node Type": "Aggregate",
              "Strategy": "Plain",
              "Partial Mode": "Partial",
              "Parent Relationship": "Outer",
              "Parallel Aware": false,
              "Startup Cost": 43379.86,
              "Total Cost": 43379.87,
              "Plan Rows": 1,
              "Plan Width": 8,
              "Actual Startup Time": 100.354,
              "Actual Total Time": 100.355,
              "Actual Rows": 1,
              "Actual Loops": 4,
              "Plans": [
                {
                  "Node Type": "Seq Scan",
                  "Parent Relationship": "Outer",
                  "Parallel Aware": true,
                  "Relation Name": "movie_keyword",
                  "Alias": "mk",
                  "Startup Cost": 0.0,
                  "Total Cost": 42695.65,
                  "Plan Rows": 273681,
                  "Plan Width": 0,
                  "Actual Startup Time": 2.761,
                  "Actual Total Time": 91.005,
                  "Actual Rows": 210305,
                  "Actual Loops": 4,
                  "Filter": "(keyword_id > 21806)",
                  "Rows Removed by Filter": 920678
                }
              ]
            }
          ]
        }
      ]
    },
    "Planning Time": 0.14,
    "Triggers": [],
    "Execution Time": 113.979
  }
]