[
  {
    "Plan": {
      "Node Type": "Aggregate",
      "Strategy": "Plain",
      "Partial Mode": "Finalize",
      "Parallel Aware": false,
      "Startup Cost": 206615.6,
      "Total Cost": 206615.61,
      "Plan Rows": 1,
      "Plan Width": 8,
      "Actual Startup Time": 523.901,
      "Actual Total Time": 565.087,
      "Actual Rows": 1,
      "Actual Loops": 1,
      "Plans": [
        {
          "Node Type": "Gather",
          "Parent Relationship": "Outer",
          "Parallel Aware": false,
          "Startup Cost": 206615.07,
          "Total Cost": 206615.58,
          "Plan Rows": 5,
          "Plan Width": 8,
          "Actual Startup Time": 523.696,
          "Actual Total Time": 565.076,
          "Actual Rows": 6,
          "Actual Loops": 1,
          "Workers Planned": 5,
          "Workers Launched": 5,
          "Single Copy": false,
          "Plans": [
            {
              "Node Type": "Aggregate",
              "Strategy": "Plain",
              "Partial Mode": "Partial",
              "Parent Relationship": "Outer",
              "Parallel Aware": false,
              "Startup Cost": 205615.07,
              "Total Cost": 205615.08,
              "Plan Rows": 1,
              "Plan Width": 8,
              "Actual Startup Time": 515.312,
              "Actual Total Time": 515.313,
              "Actual Rows": 1,
              "Actual Loops": 6,
              "Plans": [
                {
                  "Node Type": "Seq Scan",
                  "Parent Relationship": "Outer",
                  "Parallel Aware": true,
                  "Relation Name": "movie_info",
                  "Alias": "mi",
                  "Startup Cost": 0.0,
                  "Total Cost": 199108.24,
                  "Plan Rows": 2602732,
                  "Plan Width": 0,
                  "Actual Startup Time": 0.048,
                  "Actual Total Time": 405.283,
                  "Actual Rows": 2161681,
                  "Actual Loops": 6,
                  "Filter": "(info_type_id < 18)",
                  "Rows Removed by Filter": 310939
                }
              ]
            }
          ]
        }
      ]
    },
    "Planning Time": 0.258,
    "Triggers": [],
    "Execution Time": 565.177
  }
]