[
  {
    "Plan": {
      "Node Type": "Aggregate",
      "Strategy": "Plain",
      "Partial Mode": "Finalize",
      "Parallel Aware": false,
      "Startup Cost": 82681.38,
      "Total Cost": 82681.39,
      "Plan Rows": 1,
      "Plan Width": 8,
      "Actual Startup Time": 342.14,
      "Actual Total Time": 358.686,
      "Actual Rows": 1,
      "Actual Loops": 1,
      "Plans": [
        {
          "Node Type": "Gather",
          "Parent Relationship": "Outer",
          "Parallel Aware": false,
          "Startup Cost": 82681.06,
          "Total Cost": 82681.37,
          "Plan Rows": 3,
          "Plan Width": 8,
          "Actual Startup Time": 327.682,
          "Actual Total Time": 358.676,
          "Actual Rows": 4,
          "Actual Loops": 1,
          "Workers Planned": 3,
          "Workers Launched": 3,
          "Single Copy": false,
          "Plans": [
            {
              "Node Type": "Aggregate",
              "Strategy": "Plain",
              "Partial Mode": "Partial",
              "Parent Relationship": "Outer",
              "Parallel Aware": false,
              "Startup Cost": 81681.06,
              "Total Cost": 81681.07,
              "Plan Rows": 1,
              "Plan Width": 8,
              "Actual Startup Time": 320.564,
              "Actual Total Time": 320.568,
              "Actual Rows": 1,
              "Actual Loops": 4,
              "Plans": [
                {
                  "Node Type": "Hash Join",
                  "Parent Relationship": "Outer",
                  "Parallel Aware": true,
                  "Join Type": "Inner",
                  "Startup Cost": 49630.1,
                  "Total Cost": 81468.93,
                  "Plan Rows": 84851,
                  "Plan Width": 0,
                  "Actual Startup Time": 251.016,
                  "Actual Total Time": 320.042,
                  "Actual Rows": 9269,
                  "Actual Loops": 4,
                  "Inner Unique": true,
                  "Hash Cond": "(mc.movie_id = t.id)",
                  "Plans": [
                    {
                      "Node Type": "Seq Scan",
                      "Parent Relationship": "Outer",
                      "Parallel Aware": true,
                      "Relation Name": "movie_companies",
                      "Alias": "mc",
                      "Startup Cost": 0.0,
                      "Total Cost": 31414.82,
                      "Plan Rows": 161530,
                      "Plan Width": 4,
                      "Actual Startup Time": 10.575,
                      "Actual Total Time": 62.756,
                      "Actual Rows": 48292,
                      "Actual Loops": 4,
                      "Filter": "((company_id > 16014) AND (company_type_id < 2))",
                      "Rows Removed by Filter": 603990
                    },
                    {
                      "Node Type": "Hash",
                      "Parent Relationship": "Inner",
                      "Parallel Aware": true,
                      "Startup Cost": 45479.59,
                      "Total Cost": 45479.59,
                      "Plan Rows": 332041,
                      "Plan Width": 4,
                      "Actual Startup Time": 235.361,
                      "Actual Total Time": 235.362,
                      "Actual Rows": 324532,
                      "Actual Loops": 4,
                      "Hash Buckets": 2097152,
                      "Original Hash Buckets": 2097152,
                      "Hash Batches": 1,
                      "Original Hash Batches": 1,
                      "Peak Memory Usage": 67232,
                      "Plans": [
                        {
                          "Node Type": "Seq Scan",
                          "Parent Relationship": "Outer",
                          "Parallel Aware": true,
                          "Relation Name": "title",
                          "Alias": "t",
                          "Startup Cost": 0.0,
                          "Total Cost": 45479.59,
                          "Plan Rows": 332041,
                          "Plan Width": 4,
                          "Actual Startup Time": 0.025,
                          "Actual Total Time": 115.385,
                          "Actual Rows": 324532,
                          "Actual Loops": 4,
                          "Filter": "((kind_id > 1) AND (production_year < 2009))",
                          "Rows Removed by Filter": 307546
                        }
                      ]
                    }
                  ]
                }
              ]
            }
          ]
        }
      ]
    },
    "Planning Time": 0.302,
    "Triggers": [],
    "Execution Time": 358.726
  }
]