{
  "Plan": {
    "Node Type": "Aggregate",
    "Strategy": "Plain",
    "Partial Mode": "Finalize",
    "Parallel Aware": false,
    "Startup Cost": 149325.78,
    "Total Cost": 149325.79,
    "Plan Rows": 1,
    "Plan Width": 8,
    "Actual Startup Time": 653.102,
    "Actual Total Time": 670.51,
    "Actual Rows": 1,
    "Actual Loops": 1,
    "Plans": [
      {
        "Node Type": "Gather",
        "Parent Relationship": "Outer",
        "Parallel Aware": false,
        "Startup Cost": 149325.67,
        "Total Cost": 149325.78,
        "Plan Rows": 1,
        "Plan Width": 8,
        "Actual Startup Time": 651.247,
        "Actual Total Time": 670.502,
        "Actual Rows": 2,
        "Actual Loops": 1,
        "Workers Planned": 1,
        "Workers Launched": 1,
        "Single Copy": false,
        "Plans": [
          {
            "Node Type": "Aggregate",
            "Strategy": "Plain",
            "Partial Mode": "Partial",
            "Parent Relationship": "Outer",
            "Parallel Aware": false,
            "Startup Cost": 148325.67,
            "Total Cost": 148325.68,
            "Plan Rows": 1,
            "Plan Width": 8,
            "Actual Startup Time": 643.49,
            "Actual Total Time": 643.498,
            "Actual Rows": 1,
            "Actual Loops": 2,
            "Plans": [
              {
                "Node Type": "Hash Join",
                "Parent Relationship": "Outer",
                "Parallel Aware": true,
                "Join Type": "Inner",
                "Startup Cost": 105242.04,
                "Total Cost": 148282.21,
                "Plan Rows": 17383,
                "Plan Width": 0,
                "Actual Startup Time": 512.241,
                "Actual Total Time": 633.224,
                "Actual Rows": 238266,
                "Actual Loops": 2,
                "Inner Unique": false,
                "Hash Cond": "(mc.movie_id = t.id)",
                "Plans": [
                  {
                    "Node Type": "Seq Scan",
                    "Parent Relationship": "Outer",
                    "Parallel Aware": true,
                    "Relation Name": "movie_companies",
                    "Alias": "mc",
                    "Startup Cost": 0.0,
                    "Total Cost": 41811.73,
                    "Plan Rows": 300319,
                    "Plan Width": 4,
                    "Actual Startup Time": 49.216,
                    "Actual Total Time": 111.503,
                    "Actual Rows": 412910,
                    "Actual Loops": 2,
                    "Filter": "((company_id > 16116) AND (company_type_id > 1))",
                    "Rows Removed by Filter": 891654
                  },
                  {
                    "Node Type": "Hash",
                    "Parent Relationship": "Inner",
                    "Parallel Aware": true,
                    "Startup Cost": 104165.99,
                    "Total Cost": 104165.99,
                    "Plan Rows": 86084,
                    "Plan Width": 8,
                    "Actual Startup Time": 448.188,
                    "Actual Total Time": 448.194,
                    "Actual Rows": 127519,
                    "Actual Loops": 2,
                    "Hash Buckets": 262144,
                    "Original Hash Buckets": 262144,
                    "Hash Batches": 1,
                    "Original Hash Batches": 1,
                    "Peak Memory Usage": 12032,
                    "Plans": [
                      {
                        "Node Type": "Hash Join",
                        "Parent Relationship": "Outer",
                        "Parallel Aware": true,
                        "Join Type": "Inner",
                        "Startup Cost": 74862.38,
                        "Total Cost": 104165.99,
                        "Plan Rows": 86084,
                        "Plan Width": 8,
                        "Actual Startup Time": 287.478,
                        "Actual Total Time": 420.824,
                        "Actual Rows": 127519,
                        "Actual Loops": 2,
                        "Inner Unique": true,
                        "Hash Cond": "(mk.movie_id = t.id)",
                        "Plans": [
                          {
                            "Node Type": "Bitmap Heap Scan",
                            "Parent Relationship": "Outer",
                            "Parallel Aware": true,
                            "Relation Name": "movie_keyword",
                            "Alias": "mk",
                            "Startup Cost": 11564.8,
                            "Total Cost": 40026.74,
                            "Plan Rows": 320635,
                            "Plan Width": 4,
                            "Actual Startup Time": 32.995,
                            "Actual Total Time": 109.705,
                            "Actual Rows": 264642,
                            "Actual Loops": 2,
                            "Recheck Cond": "(keyword_id > 34440)",
                            "Rows Removed by Index Recheck": 0,
                            "Exact Heap Blocks": 13416,
                            "Lossy Heap Blocks": 0,
                            "Plans": [
                              {
                                "Node Type": "Bitmap Index Scan",
                                "Parent Relationship": "Outer",
                                "Parallel Aware": false,
                                "Index Name": "keyword_id_movie_keyword",
                                "Startup Cost": 0.0,
                                "Total Cost": 11428.53,
                                "Plan Rows": 545080,
                                "Plan Width": 0,
                                "Actual Startup Time": 29.513,
                                "Actual Total Time": 29.513,
                                "Actual Rows": 529284,
                                "Actual Loops": 1,
                                "Index Cond": "(keyword_id > 34440)"
                              }
                            ]
                          },
                          {
                            "Node Type": "Hash",
                            "Parent Relationship": "Inner",
                            "Parallel Aware": true,
                            "Startup Cost": 58306.47,
                            "Total Cost": 58306.47,
                            "Plan Rows": 399289,
                            "Plan Width": 4,
                            "Actual Startup Time": 247.43,
                            "Actual Total Time": 247.431,
                            "Actual Rows": 288142,
                            "Actual Loops": 2,
                            "Hash Buckets": 1048576,
                            "Original Hash Buckets": 1048576,
                            "Hash Batches": 1,
                            "Original Hash Batches": 1,
                            "Peak Memory Usage": 30752,
                            "Plans": [
                              {
                                "Node Type": "Seq Scan",
                                "Parent Relationship": "Outer",
                                "Parallel Aware": true,
                                "Relation Name": "title",
                                "Alias": "t",
                                "Startup Cost": 0.0,
                                "Total Cost": 58306.47,
                                "Plan Rows": 399289,
                                "Plan Width": 4,
                                "Actual Startup Time": 0.028,
                                "Actual Total Time": 156.423,
                                "Actual Rows": 288142,
                                "Actual Loops": 2,
                                "Filter": "((kind_id < 7) AND (production_year > 1991))",
                                "Rows Removed by Filter": 976014
                              }
                            ]
                          }
                        ]
                      }
                    ]
                  }
                ]
              }
            ]
          }
        ]
      }
    ]
  },
  "Planning Time": 0.987,
  "Triggers": [],
  "Execution Time": 670.62
}