[
  {
    "Plan": {
      "Node Type": "Aggregate",
      "Strategy": "Plain",
      "Partial Mode": "Finalize",
      "Parallel Aware": false,
      "Startup Cost": 96910.57,
      "Total Cost": 96910.58,
      "Plan Rows": 1,
      "Plan Width": 8,
      "Actual Startup Time": 598.033,
      "Actual Total Time": 615.72,
      "Actual Rows": 1,
      "Actual Loops": 1,
      "Plans": [
        {
          "Node Type": "Gather",
          "Parent Relationship": "Outer",
          "Parallel Aware": false,
          "Startup Cost": 96910.26,
          "Total Cost": 96910.57,
          "Plan Rows": 3,
          "Plan Width": 8,
          "Actual Startup Time": 583.435,
          "Actual Total Time": 615.71,
          "Actual Rows": 4,
          "Actual Loops": 1,
          "Workers Planned": 3,
          "Workers Launched": 3,
          "Single Copy": false,
          "Plans": [
            {
              "Node Type": "Aggregate",
              "Strategy": "Plain",
              "Partial Mode": "Partial",
              "Parent Relationship": "Outer",
              "Parallel Aware": false,
              "Startup Cost": 95910.26,
              "Total Cost": 95910.27,
              "Plan Rows": 1,
              "Plan Width": 8,
              "Actual Startup Time": 565.996,
              "Actual Total Time": 565.999,
              "Actual Rows": 1,
              "Actual Loops": 4,
              "Plans": [
                {
                  "Node Type": "Hash Join",
                  "Parent Relationship": "Outer",
                  "Parallel Aware": true,
                  "Join Type": "Inner",
                  "Startup Cost": 50509.94,
                  "Total Cost": 94710.78,
                  "Plan Rows": 479791,
                  "Plan Width": 0,
                  "Actual Startup Time": 342.186,
                  "Actual Total Time": 547.685,
                  "Actual Rows": 355134,
                  "Actual Loops": 4,
                  "Inner Unique": true,
                  "Hash Cond": "(mk.movie_id = t.id)",
                  "Plans": [
                    {
                      "Node Type": "Seq Scan",
                      "Parent Relationship": "Outer",
                      "Parallel Aware": true,
                      "Relation Name": "movie_keyword",
                      "Alias": "mk",
                      "Startup Cost": 0.0,
                      "Total Cost": 42695.65,
                      "Plan Rows": 573404,
                      "Plan Width": 4,
                      "Actual Startup Time": 0.529,
                      "Actual Total Time": 117.044,
                      "Actual Rows": 448194,
                      "Actual Loops": 4,
                      "Filter": "(keyword_id > 7763)",
                      "Rows Removed by Filter": 682788
                    },
                    {
                      "Node Type": "Hash",
                      "Parent Relationship": "Inner",
                      "Parallel Aware": true,
                      "Startup Cost": 43898.92,
                      "Total Cost": 43898.92,
                      "Plan Rows": 528882,
                      "Plan Width": 4,
                      "Actual Startup Time": 330.447,
                      "Actual Total Time": 330.448,
                      "Actual Rows": 526034,
                      "Actual Loops": 4,
                      "Hash Buckets": 4194304,
                      "Original Hash Buckets": 4194304,
                      "Hash Batches": 1,
                      "Original Hash Batches": 1,
                      "Peak Memory Usage": 115168,
                      "Plans": [
                        {
                          "Node Type": "Seq Scan",
                          "Parent Relationship": "Outer",
                          "Parallel Aware": true,
                          "Relation Name": "title",
                          "Alias": "t",
                          "Startup Cost": 0.0,
                          "Total Cost": 43898.92,
                          "Plan Rows": 528882,
                          "Plan Width": 4,
                          "Actual Startup Time": 0.037,
                          "Actual Total Time": 125.674,
                          "Actual Rows": 526034,
                          "Actual Loops": 4,
                          "Filter": "(production_year > 1968)",
                          "Rows Removed by Filter": 106044
                        }
                      ]
                    }
                  ]
                }
              ]
            }
          ]
        }
      ]
    },
    "Planning Time": 0.59,
    "Triggers": [],
    "Execution Time": 615.787
  }
]