{
  "Plan": {
    "Node Type": "Aggregate",
    "Strategy": "Plain",
    "Partial Mode": "Finalize",
    "Parallel Aware": false,
    "Startup Cost": 90417.16,
    "Total Cost": 90417.17,
    "Plan Rows": 1,
    "Plan Width": 8,
    "Actual Startup Time": 287.465,
    "Actual Total Time": 304.766,
    "Actual Rows": 1,
    "Actual Loops": 1,
    "Plans": [
      {
        "Node Type": "Gather",
        "Parent Relationship": "Outer",
        "Parallel Aware": false,
        "Startup Cost": 90417.04,
        "Total Cost": 90417.15,
        "Plan Rows": 1,
        "Plan Width": 8,
        "Actual Startup Time": 286.856,
        "Actual Total Time": 304.759,
        "Actual Rows": 2,
        "Actual Loops": 1,
        "Workers Planned": 1,
        "Workers Launched": 1,
        "Single Copy": false,
        "Plans": [
          {
            "Node Type": "Aggregate",
            "Strategy": "Plain",
            "Partial Mode": "Partial",
            "Parent Relationship": "Outer",
            "Parallel Aware": false,
            "Startup Cost": 89417.04,
            "Total Cost": 89417.05,
            "Plan Rows": 1,
            "Plan Width": 8,
            "Actual Startup Time": 280.819,
            "Actual Total Time": 280.823,
            "Actual Rows": 1,
            "Actual Loops": 2,
            "Plans": [
              {
                "Node Type": "Hash Join",
                "Parent Relationship": "Outer",
                "Parallel Aware": true,
                "Join Type": "Inner",
                "Startup Cost": 57250.12,
                "Total Cost": 89371.59,
                "Plan Rows": 18182,
                "Plan Width": 0,
                "Actual Startup Time": 137.091,
                "Actual Total Time": 280.058,
                "Actual Rows": 11372,
                "Actual Loops": 2,
                "Inner Unique": true,
                "Hash Cond": "(mk.movie_id = t.id)",
                "Plans": [
                  {
                    "Node Type": "Bitmap Heap Scan",
                    "Parent Relationship": "Outer",
                    "Parallel Aware": true,
                    "Relation Name": "movie_keyword",
                    "Alias": "mk",
                    "Startup Cost": 18279.37,
                    "Total Cost": 49070.12,
                    "Plan Rows": 506940,
                    "Plan Width": 4,
                    "Actual Startup Time": 57.225,
                    "Actual Total Time": 150.617,
                    "Actual Rows": 427654,
                    "Actual Loops": 2,
                    "Recheck Cond": "(keyword_id > 21483)",
                    "Rows Removed by Index Recheck": 0,
                    "Exact Heap Blocks": 12014,
                    "Lossy Heap Blocks": 0,
                    "Plans": [
                      {
                        "Node Type": "Bitmap Index Scan",
                        "Parent Relationship": "Outer",
                        "Parallel Aware": false,
                        "Index Name": "keyword_id_movie_keyword",
                        "Startup Cost": 0.0,
                        "Total Cost": 18063.92,
                        "Plan Rows": 861798,
                        "Plan Width": 0,
                        "Actual Startup Time": 53.589,
                        "Actual Total Time": 53.59,
                        "Actual Rows": 855307,
                        "Actual Loops": 1,
                        "Index Cond": "(keyword_id > 21483)"
                      }
                    ]
                  },
                  {
                    "Node Type": "Hash",
                    "Parent Relationship": "Inner",
                    "Parallel Aware": true,
                    "Startup Cost": 38303.98,
                    "Total Cost": 38303.98,
                    "Plan Rows": 53342,
                    "Plan Width": 4,
                    "Actual Startup Time": 77.505,
                    "Actual Total Time": 77.506,
                    "Actual Rows": 45426,
                    "Actual Loops": 2,
                    "Hash Buckets": 131072,
                    "Original Hash Buckets": 131072,
                    "Hash Batches": 1,
                    "Original Hash Batches": 1,
                    "Peak Memory Usage": 4608,
                    "Plans": [
                      {
                        "Node Type": "Bitmap Heap Scan",
                        "Parent Relationship": "Outer",
                        "Parallel Aware": true,
                        "Relation Name": "title",
                        "Alias": "t",
                        "Startup Cost": 1639.21,
                        "Total Cost": 38303.98,
                        "Plan Rows": 53342,
                        "Plan Width": 4,
                        "Actual Startup Time": 22.257,
                        "Actual Total Time": 67.092,
                        "Actual Rows": 45426,
                        "Actual Loops": 2,
                        "Recheck Cond": "(kind_id = 2)",
                        "Rows Removed by Index Recheck": 0,
                        "Exact Heap Blocks": 19599,
                        "Lossy Heap Blocks": 0,
                        "Plans": [
                          {
                            "Node Type": "Bitmap Index Scan",
                            "Parent Relationship": "Outer",
                            "Parallel Aware": false,
                            "Index Name": "kind_id_title",
                            "Startup Cost": 0.0,
                            "Total Cost": 1616.54,
                            "Plan Rows": 90681,
                            "Plan Width": 0,
                            "Actual Startup Time": 17.961,
                            "Actual Total Time": 17.961,
                            "Actual Rows": 90852,
                            "Actual Loops": 1,
                            "Index Cond": "(kind_id = 2)"
                          }
                        ]
                      }
                    ]
                  }
                ]
              }
            ]
          }
        ]
      }
    ]
  },
  "Planning Time": 0.481,
  "Triggers": [],
  "Execution Time": 306.789
}