[
  {
    "Plan": {
      "Node Type": "Aggregate",
      "Strategy": "Plain",
      "Partial Mode": "Finalize",
      "Parallel Aware": false,
      "Startup Cost": 119440.31,
      "Total Cost": 119440.32,
      "Plan Rows": 1,
      "Plan Width": 8,
      "Actual Startup Time": 705.871,
      "Actual Total Time": 727.923,
      "Actual Rows": 1,
      "Actual Loops": 1,
      "Plans": [
        {
          "Node Type": "Gather",
          "Parent Relationship": "Outer",
          "Parallel Aware": false,
          "Startup Cost": 119439.99,
          "Total Cost": 119440.3,
          "Plan Rows": 3,
          "Plan Width": 8,
          "Actual Startup Time": 698.253,
          "Actual Total Time": 727.911,
          "Actual Rows": 4,
          "Actual Loops": 1,
          "Workers Planned": 3,
          "Workers Launched": 3,
          "Single Copy": false,
          "Plans": [
            {
              "Node Type": "Aggregate",
              "Strategy": "Plain",
              "Partial Mode": "Partial",
              "Parent Relationship": "Outer",
              "Parallel Aware": false,
              "Startup Cost": 118439.99,
              "Total Cost": 118440.0,
              "Plan Rows": 1,
              "Plan Width": 8,
              "Actual Startup Time": 694.589,
              "Actual Total Time": 694.724,
              "Actual Rows": 1,
              "Actual Loops": 4,
              "Plans": [
                {
                  "Node Type": "Hash Join",
                  "Parent Relationship": "Outer",
                  "Parallel Aware": true,
                  "Join Type": "Inner",
                  "Startup Cost": 87427.74,
                  "Total Cost": 118156.41,
                  "Plan Rows": 113434,
                  "Plan Width": 0,
                  "Actual Startup Time": 458.652,
                  "Actual Total Time": 659.665,
                  "Actual Rows": 803556,
                  "Actual Loops": 4,
                  "Inner Unique": false,
                  "Hash Cond": "(mc.movie_id = t.id)",
                  "Plans": [
                    {
                      "Node Type": "Seq Scan",
                      "Parent Relationship": "Outer",
                      "Parallel Aware": true,
                      "Relation Name": "movie_companies",
                      "Alias": "mc",
                      "Startup Cost": 0.0,
                      "Total Cost": 27206.55,
                      "Plan Rows": 841655,
                      "Plan Width": 4,
                      "Actual Startup Time": 0.015,
                      "Actual Total Time": 59.738,
                      "Actual Rows": 652282,
                      "Actual Loops": 4
                    },
                    {
                      "Node Type": "Hash",
                      "Parent Relationship": "Inner",
                      "Parallel Aware": true,
                      "Startup Cost": 86053.67,
                      "Total Cost": 86053.67,
                      "Plan Rows": 109925,
                      "Plan Width": 8,
                      "Actual Startup Time": 447.192,
                      "Actual Total Time": 447.325,
                      "Actual Rows": 97112,
                      "Actual Loops": 4,
                      "Hash Buckets": 524288,
                      "Original Hash Buckets": 524288,
                      "Hash Batches": 1,
                      "Original Hash Batches": 1,
                      "Peak Memory Usage": 19392,
                      "Plans": [
                        {
                          "Node Type": "Hash Join",
                          "Parent Relationship": "Outer",
                          "Parallel Aware": true,
                          "Join Type": "Inner",
                          "Startup Cost": 59413.89,
                          "Total Cost": 86053.67,
                          "Plan Rows": 109925,
                          "Plan Width": 8,
                          "Actual Startup Time": 326.239,
                          "Actual Total Time": 418.55,
                          "Actual Rows": 97112,
                          "Actual Loops": 4,
                          "Inner Unique": true,
                          "Hash Cond": "(mk.movie_id = t.id)",
                          "Plans": [
                            {
                              "Node Type": "Bitmap Heap Scan",
                              "Parent Relationship": "Outer",
                              "Parallel Aware": true,
                              "Relation Name": "movie_keyword",
                              "Alias": "mk",
                              "Startup Cost": 9504.39,
                              "Total Cost": 35764.83,
                              "Plan Rows": 144515,
                              "Plan Width": 4,
                              "Actual Startup Time": 29.656,
                              "Actual Total Time": 82.083,
                              "Actual Rows": 111468,
                              "Actual Loops": 4,
                              "Recheck Cond": "(keyword_id > 39761)",
                              "Rows Removed by Index Recheck": 0,
                              "Exact Heap Blocks": 6131,
                              "Lossy Heap Blocks": 0,
                              "Plans": [
                                {
                                  "Node Type": "Bitmap Index Scan",
                                  "Parent Relationship": "Outer",
                                  "Parallel Aware": false,
                                  "Index Name": "keyword_id_movie_keyword",
                                  "Startup Cost": 0.0,
                                  "Total Cost": 9392.4,
                                  "Plan Rows": 447995,
                                  "Plan Width": 0,
                                  "Actual Startup Time": 26.304,
                                  "Actual Total Time": 26.304,
                                  "Actual Rows": 445872,
                                  "Actual Loops": 1,
                                  "Index Cond": "(keyword_id > 39761)"
                                }
                              ]
                            },
                            {
                              "Node Type": "Hash",
                              "Parent Relationship": "Inner",
                              "Parallel Aware": true,
                              "Startup Cost": 43899.32,
                              "Total Cost": 43899.32,
                              "Plan Rows": 480814,
                              "Plan Width": 4,
                              "Actual Startup Time": 292.61,
                              "Actual Total Time": 292.611,
                              "Actual Rows": 480712,
                              "Actual Loops": 4,
                              "Hash Buckets": 2097152,
                              "Original Hash Buckets": 2097152,
                              "Hash Batches": 1,
                              "Original Hash Batches": 1,
                              "Peak Memory Usage": 91648,
                              "Plans": [
                                {
                                  "Node Type": "Seq Scan",
                                  "Parent Relationship": "Outer",
                                  "Parallel Aware": true,
                                  "Relation Name": "title",
                                  "Alias": "t",
                                  "Startup Cost": 0.0,
                                  "Total Cost": 43899.32,
                                  "Plan Rows": 480814,
                                  "Plan Width": 4,
                                  "Actual Startup Time": 0.027,
                                  "Actual Total Time": 111.588,
                                  "Actual Rows": 480712,
                                  "Actual Loops": 4,
                                  "Filter": "(production_year < 2010)",
                                  "Rows Removed by Filter": 151366
                                }
                              ]
                            }
                          ]
                        }
                      ]
                    }
                  ]
                }
              ]
            }
          ]
        }
      ]
    },
    "Planning Time": 0.487,
    "Triggers": [],
    "Execution Time": 727.983
  }
]