[
  {
    "Plan": {
      "Node Type": "Aggregate",
      "Strategy": "Plain",
      "Partial Mode": "Finalize",
      "Parallel Aware": false,
      "Startup Cost": 119628.01,
      "Total Cost": 119628.02,
      "Plan Rows": 1,
      "Plan Width": 8,
      "Actual Startup Time": 737.968,
      "Actual Total Time": 759.249,
      "Actual Rows": 1,
      "Actual Loops": 1,
      "Plans": [
        {
          "Node Type": "Gather",
          "Parent Relationship": "Outer",
          "Parallel Aware": false,
          "Startup Cost": 119627.69,
          "Total Cost": 119628.0,
          "Plan Rows": 3,
          "Plan Width": 8,
          "Actual Startup Time": 724.161,
          "Actual Total Time": 759.224,
          "Actual Rows": 4,
          "Actual Loops": 1,
          "Workers Planned": 3,
          "Workers Launched": 3,
          "Single Copy": false,
          "Plans": [
            {
              "Node Type": "Aggregate",
              "Strategy": "Plain",
              "Partial Mode": "Partial",
              "Parent Relationship": "Outer",
              "Parallel Aware": false,
              "Startup Cost": 118627.69,
              "Total Cost": 118627.7,
              "Plan Rows": 1,
              "Plan Width": 8,
              "Actual Startup Time": 714.17,
              "Actual Total Time": 714.286,
              "Actual Rows": 1,
              "Actual Loops": 4,
              "Plans": [
                {
                  "Node Type": "Hash Join",
                  "Parent Relationship": "Outer",
                  "Parallel Aware": true,
                  "Join Type": "Inner",
                  "Startup Cost": 87606.89,
                  "Total Cost": 118340.38,
                  "Plan Rows": 114927,
                  "Plan Width": 0,
                  "Actual Startup Time": 475.825,
                  "Actual Total Time": 679.419,
                  "Actual Rows": 803556,
                  "Actual Loops": 4,
                  "Inner Unique": false,
                  "Hash Cond": "(mc.movie_id = t.id)",
                  "Plans": [
                    {
                      "Node Type": "Seq Scan",
                      "Parent Relationship": "Outer",
                      "Parallel Aware": true,
                      "Relation Name": "movie_companies",
                      "Alias": "mc",
                      "Startup Cost": 0.0,
                      "Total Cost": 27206.55,
                      "Plan Rows": 841655,
                      "Plan Width": 4,
                      "Actual Startup Time": 0.025,
                      "Actual Total Time": 61.386,
                      "Actual Rows": 652282,
                      "Actual Loops": 4
                    },
                    {
                      "Node Type": "Hash",
                      "Parent Relationship": "Inner",
                      "Parallel Aware": true,
                      "Startup Cost": 86214.81,
                      "Total Cost": 86214.81,
                      "Plan Rows": 111367,
                      "Plan Width": 8,
                      "Actual Startup Time": 462.145,
                      "Actual Total Time": 462.259,
                      "Actual Rows": 97112,
                      "Actual Loops": 4,
                      "Hash Buckets": 524288,
                      "Original Hash Buckets": 524288,
                      "Hash Batches": 1,
                      "Original Hash Batches": 1,
                      "Peak Memory Usage": 19360,
                      "Plans": [
                        {
                          "Node Type": "Hash Join",
                          "Parent Relationship": "Outer",
                          "Parallel Aware": true,
                          "Join Type": "Inner",
                          "Startup Cost": 59543.67,
                          "Total Cost": 86214.81,
                          "Plan Rows": 111367,
                          "Plan Width": 8,
                          "Actual Startup Time": 337.73,
                          "Actual Total Time": 432.945,
                          "Actual Rows": 97112,
                          "Actual Loops": 4,
                          "Inner Unique": true,
                          "Hash Cond": "(mk.movie_id = t.id)",
                          "Plans": [
                            {
                              "Node Type": "Bitmap Heap Scan",
                              "Parent Relationship": "Outer",
                              "Parallel Aware": true,
                              "Relation Name": "movie_keyword",
                              "Alias": "mk",
                              "Startup Cost": 9642.2,
                              "Total Cost": 35928.54,
                              "Plan Rows": 146587,
                              "Plan Width": 4,
                              "Actual Startup Time": 29.89,
                              "Actual Total Time": 84.656,
                              "Actual Rows": 111468,
                              "Actual Loops": 4,
                              "Recheck Cond": "(keyword_id > 39761)",
                              "Rows Removed by Index Recheck": 0,
                              "Exact Heap Blocks": 6635,
                              "Lossy Heap Blocks": 0,
                              "Plans": [
                                {
                                  "Node Type": "Bitmap Index Scan",
                                  "Parent Relationship": "Outer",
                                  "Parallel Aware": false,
                                  "Index Name": "keyword_id_movie_keyword",
                                  "Startup Cost": 0.0,
                                  "Total Cost": 9528.59,
                                  "Plan Rows": 454421,
                                  "Plan Width": 0,
                                  "Actual Startup Time": 26.392,
                                  "Actual Total Time": 26.392,
                                  "Actual Rows": 445872,
                                  "Actual Loops": 1,
                                  "Index Cond": "(keyword_id > 39761)"
                                }
                              ]
                            },
                            {
                              "Node Type": "Hash",
                              "Parent Relationship": "Inner",
                              "Parallel Aware": true,
                              "Startup Cost": 43898.92,
                              "Total Cost": 43898.92,
                              "Plan Rows": 480205,
                              "Plan Width": 4,
                              "Actual Startup Time": 302.831,
                              "Actual Total Time": 302.832,
                              "Actual Rows": 480712,
                              "Actual Loops": 4,
                              "Hash Buckets": 2097152,
                              "Original Hash Buckets": 2097152,
                              "Hash Batches": 1,
                              "Original Hash Batches": 1,
                              "Peak Memory Usage": 91680,
                              "Plans": [
                                {
                                  "Node Type": "Seq Scan",
                                  "Parent Relationship": "Outer",
                                  "Parallel Aware": true,
                                  "Relation Name": "title",
                                  "Alias": "t",
                                  "Startup Cost": 0.0,
                                  "Total Cost": 43898.92,
                                  "Plan Rows": 480205,
                                  "Plan Width": 4,
                                  "Actual Startup Time": 0.045,
                                  "Actual Total Time": 117.927,
                                  "Actual Rows": 480712,
                                  "Actual Loops": 4,
                                  "Filter": "(production_year < 2010)",
                                  "Rows Removed by Filter": 151366
                                }
                              ]
                            }
                          ]
                        }
                      ]
                    }
                  ]
                }
              ]
            }
          ]
        }
      ]
    },
    "Planning Time": 1.384,
    "Triggers": [],
    "Execution Time": 759.355
  }
]