{
  "Plan": {
    "Node Type": "Aggregate",
    "Strategy": "Plain",
    "Partial Mode": "Finalize",
    "Parallel Aware": false,
    "Startup Cost": 422743.59,
    "Total Cost": 422743.6,
    "Plan Rows": 1,
    "Plan Width": 8,
    "Actual Startup Time": 1715.725,
    "Actual Total Time": 1738.654,
    "Actual Rows": 1,
    "Actual Loops": 1,
    "Plans": [
      {
        "Node Type": "Gather",
        "Parent Relationship": "Outer",
        "Parallel Aware": false,
        "Startup Cost": 422743.48,
        "Total Cost": 422743.59,
        "Plan Rows": 1,
        "Plan Width": 8,
        "Actual Startup Time": 1710.128,
        "Actual Total Time": 1738.647,
        "Actual Rows": 2,
        "Actual Loops": 1,
        "Workers Planned": 1,
        "Workers Launched": 1,
        "Single Copy": false,
        "Plans": [
          {
            "Node Type": "Aggregate",
            "Strategy": "Plain",
            "Partial Mode": "Partial",
            "Parent Relationship": "Outer",
            "Parallel Aware": false,
            "Startup Cost": 421743.48,
            "Total Cost": 421743.49,
            "Plan Rows": 1,
            "Plan Width": 8,
            "Actual Startup Time": 1697.75,
            "Actual Total Time": 1697.754,
            "Actual Rows": 1,
            "Actual Loops": 2,
            "Plans": [
              {
                "Node Type": "Hash Join",
                "Parent Relationship": "Outer",
                "Parallel Aware": true,
                "Join Type": "Inner",
                "Startup Cost": 137240.36,
                "Total Cost": 417230.55,
                "Plan Rows": 1805169,
                "Plan Width": 0,
                "Actual Startup Time": 701.618,
                "Actual Total Time": 1616.283,
                "Actual Rows": 1568554,
                "Actual Loops": 2,
                "Inner Unique": true,
                "Hash Cond": "(ci.movie_id = t.id)",
                "Plans": [
                  {
                    "Node Type": "Bitmap Heap Scan",
                    "Parent Relationship": "Outer",
                    "Parallel Aware": true,
                    "Relation Name": "cast_info",
                    "Alias": "ci",
                    "Startup Cost": 67779.66,
                    "Total Cost": 343031.27,
                    "Plan Rows": 1805169,
                    "Plan Width": 4,
                    "Actual Startup Time": 119.622,
                    "Actual Total Time": 308.982,
                    "Actual Rows": 1568554,
                    "Actual Loops": 2,
                    "Recheck Cond": "(person_id < 303816)",
                    "Rows Removed by Index Recheck": 0,
                    "Exact Heap Blocks": 19663,
                    "Lossy Heap Blocks": 0,
                    "Plans": [
                      {
                        "Node Type": "Bitmap Index Scan",
                        "Parent Relationship": "Outer",
                        "Parallel Aware": false,
                        "Index Name": "person_id_cast_info",
                        "Startup Cost": 0.0,
                        "Total Cost": 67012.47,
                        "Plan Rows": 3068787,
                        "Plan Width": 0,
                        "Actual Startup Time": 114.193,
                        "Actual Total Time": 114.193,
                        "Actual Rows": 3137107,
                        "Actual Loops": 1,
                        "Index Cond": "(person_id < 303816)"
                      }
                    ]
                  },
                  {
                    "Node Type": "Hash",
                    "Parent Relationship": "Inner",
                    "Parallel Aware": true,
                    "Startup Cost": 50870.31,
                    "Total Cost": 50870.31,
                    "Plan Rows": 1487231,
                    "Plan Width": 4,
                    "Actual Startup Time": 560.593,
                    "Actual Total Time": 560.593,
                    "Actual Rows": 1264156,
                    "Actual Loops": 2,
                    "Hash Buckets": 4194304,
                    "Original Hash Buckets": 4194304,
                    "Hash Batches": 1,
                    "Original Hash Batches": 1,
                    "Peak Memory Usage": 131712,
                    "Plans": [
                      {
                        "Node Type": "Seq Scan",
                        "Parent Relationship": "Outer",
                        "Parallel Aware": true,
                        "Relation Name": "title",
                        "Alias": "t",
                        "Startup Cost": 0.0,
                        "Total Cost": 50870.31,
                        "Plan Rows": 1487231,
                        "Plan Width": 4,
                        "Actual Startup Time": 0.024,
                        "Actual Total Time": 176.103,
                        "Actual Rows": 1264156,
                        "Actual Loops": 2
                      }
                    ]
                  }
                ]
              }
            ]
          }
        ]
      }
    ]
  },
  "Planning Time": 0.67,
  "Triggers": [],
  "Execution Time": 1738.743
}