[
  {
    "Plan": {
      "Node Type": "Aggregate",
      "Strategy": "Plain",
      "Partial Mode": "Finalize",
      "Parallel Aware": false,
      "Startup Cost": 339878.79,
      "Total Cost": 339878.8,
      "Plan Rows": 1,
      "Plan Width": 8,
      "Actual Startup Time": 770.166,
      "Actual Total Time": 831.91,
      "Actual Rows": 1,
      "Actual Loops": 1,
      "Plans": [
        {
          "Node Type": "Gather",
          "Parent Relationship": "Outer",
          "Parallel Aware": false,
          "Startup Cost": 339878.16,
          "Total Cost": 339878.77,
          "Plan Rows": 6,
          "Plan Width": 8,
          "Actual Startup Time": 770.037,
          "Actual Total Time": 831.9,
          "Actual Rows": 7,
          "Actual Loops": 1,
          "Workers Planned": 6,
          "Workers Launched": 6,
          "Single Copy": false,
          "Plans": [
            {
              "Node Type": "Aggregate",
              "Strategy": "Plain",
              "Partial Mode": "Partial",
              "Parent Relationship": "Outer",
              "Parallel Aware": false,
              "Startup Cost": 338878.16,
              "Total Cost": 338878.17,
              "Plan Rows": 1,
              "Plan Width": 8,
              "Actual Startup Time": 761.615,
              "Actual Total Time": 761.616,
              "Actual Rows": 1,
              "Actual Loops": 7,
              "Plans": [
                {
                  "Node Type": "Seq Scan",
                  "Parent Relationship": "Outer",
                  "Parallel Aware": true,
                  "Relation Name": "cast_info",
                  "Alias": "ci",
                  "Startup Cost": 0.0,
                  "Total Cost": 328162.03,
                  "Plan Rows": 4286455,
                  "Plan Width": 0,
                  "Actual Startup Time": 0.04,
                  "Actual Total Time": 606.263,
                  "Actual Rows": 3692977,
                  "Actual Loops": 7,
                  "Filter": "(person_id < 2671475)",
                  "Rows Removed by Filter": 1484787
                }
              ]
            }
          ]
        }
      ]
    },
    "Planning Time": 0.16,
    "Triggers": [],
    "Execution Time": 831.97
  }
]