[
  {
    "Plan": {
      "Node Type": "Aggregate",
      "Strategy": "Plain",
      "Partial Mode": "Finalize",
      "Parallel Aware": false,
      "Startup Cost": 335288.97,
      "Total Cost": 335288.98,
      "Plan Rows": 1,
      "Plan Width": 8,
      "Actual Startup Time": 728.435,
      "Actual Total Time": 783.686,
      "Actual Rows": 1,
      "Actual Loops": 1,
      "Plans": [
        {
          "Node Type": "Gather",
          "Parent Relationship": "Outer",
          "Parallel Aware": false,
          "Startup Cost": 335288.34,
          "Total Cost": 335288.95,
          "Plan Rows": 6,
          "Plan Width": 8,
          "Actual Startup Time": 728.302,
          "Actual Total Time": 783.675,
          "Actual Rows": 7,
          "Actual Loops": 1,
          "Workers Planned": 6,
          "Workers Launched": 6,
          "Single Copy": false,
          "Plans": [
            {
              "Node Type": "Aggregate",
              "Strategy": "Plain",
              "Partial Mode": "Partial",
              "Parent Relationship": "Outer",
              "Parallel Aware": false,
              "Startup Cost": 334288.34,
              "Total Cost": 334288.35,
              "Plan Rows": 1,
              "Plan Width": 8,
              "Actual Startup Time": 719.723,
              "Actual Total Time": 719.724,
              "Actual Rows": 1,
              "Actual Loops": 7,
              "Plans": [
                {
                  "Node Type": "Seq Scan",
                  "Parent Relationship": "Outer",
                  "Parallel Aware": true,
                  "Relation Name": "cast_info",
                  "Alias": "ci",
                  "Startup Cost": 0.0,
                  "Total Cost": 328162.03,
                  "Plan Rows": 2450527,
                  "Plan Width": 0,
                  "Actual Startup Time": 250.749,
                  "Actual Total Time": 619.302,
                  "Actual Rows": 2096306,
                  "Actual Loops": 7,
                  "Filter": "(person_id > 2187997)",
                  "Rows Removed by Filter": 3081458
                }
              ]
            }
          ]
        }
      ]
    },
    "Planning Time": 0.198,
    "Triggers": [],
    "Execution Time": 783.756
  }
]