[
  {
    "Plan": {
      "Node Type": "Aggregate",
      "Strategy": "Plain",
      "Partial Mode": "Finalize",
      "Parallel Aware": false,
      "Startup Cost": 31460.21,
      "Total Cost": 31460.22,
      "Plan Rows": 1,
      "Plan Width": 8,
      "Actual Startup Time": 94.59,
      "Actual Total Time": 103.003,
      "Actual Rows": 1,
      "Actual Loops": 1,
      "Plans": [
        {
          "Node Type": "Gather",
          "Parent Relationship": "Outer",
          "Parallel Aware": false,
          "Startup Cost": 31459.9,
          "Total Cost": 31460.21,
          "Plan Rows": 3,
          "Plan Width": 8,
          "Actual Startup Time": 94.448,
          "Actual Total Time": 102.996,
          "Actual Rows": 4,
          "Actual Loops": 1,
          "Workers Planned": 3,
          "Workers Launched": 3,
          "Single Copy": false,
          "Plans": [
            {
              "Node Type": "Aggregate",
              "Strategy": "Plain",
              "Partial Mode": "Partial",
              "Parent Relationship": "Outer",
              "Parallel Aware": false,
              "Startup Cost": 30459.9,
              "Total Cost": 30459.91,
              "Plan Rows": 1,
              "Plan Width": 8,
              "Actual Startup Time": 90.936,
              "Actual Total Time": 90.938,
              "Actual Rows": 1,
              "Actual Loops": 4,
              "Plans": [
                {
                  "Node Type": "Seq Scan",
                  "Parent Relationship": "Outer",
                  "Parallel Aware": true,
                  "Relation Name": "movie_companies",
                  "Alias": "mc",
                  "Startup Cost": 0.0,
                  "Total Cost": 29310.68,
                  "Plan Rows": 459686,
                  "Plan Width": 0,
                  "Actual Startup Time": 12.155,
                  "Actual Total Time": 74.761,
                  "Actual Rows": 354552,
                  "Actual Loops": 4,
                  "Filter": "(company_id > 10583)",
                  "Rows Removed by Filter": 297730
                }
              ]
            }
          ]
        }
      ]
    },
    "Planning Time": 0.091,
    "Triggers": [],
    "Execution Time": 103.036
  }
]