[
    {
        "Bao": {
            "Bao prediction": "NaN",
            "Bao recommended hint": "(no hint)"
        }
    },
    {
        "Plan": {
            "Node Type": "Aggregate",
            "Strategy": "Plain",
            "Partial Mode": "Finalize",
            "Parallel Aware": false,
            "Startup Cost": 350482.34,
            "Total Cost": 350482.35,
            "Plan Rows": 1,
            "Plan Width": 8,
            "Actual Startup Time": 825.29,
            "Actual Total Time": 855.905,
            "Actual Rows": 1,
            "Actual Loops": 1,
            "Output": [
                "count(*)"
            ],
            "Plans": [
                {
                    "Node Type": "Gather",
                    "Parent Relationship": "Outer",
                    "Parallel Aware": false,
                    "Startup Cost": 350481.71,
                    "Total Cost": 350482.32,
                    "Plan Rows": 6,
                    "Plan Width": 8,
                    "Actual Startup Time": 825.178,
                    "Actual Total Time": 855.896,
                    "Actual Rows": 7,
                    "Actual Loops": 1,
                    "Output": [
                        "(PARTIAL count(*))"
                    ],
                    "Workers Planned": 6,
                    "Workers Launched": 6,
                    "Single Copy": false,
                    "Plans": [
                        {
                            "Node Type": "Aggregate",
                            "Strategy": "Plain",
                            "Partial Mode": "Partial",
                            "Parent Relationship": "Outer",
                            "Parallel Aware": false,
                            "Startup Cost": 349481.71,
                            "Total Cost": 349481.72,
                            "Plan Rows": 1,
                            "Plan Width": 8,
                            "Actual Startup Time": 815.492,
                            "Actual Total Time": 815.493,
                            "Actual Rows": 1,
                            "Actual Loops": 7,
                            "Output": [
                                "PARTIAL count(*)"
                            ],
                            "Workers": [
                                {
                                    "Worker Number": 0,
                                    "Actual Startup Time": 813.217,
                                    "Actual Total Time": 813.218,
                                    "Actual Rows": 1,
                                    "Actual Loops": 1
                                },
                                {
                                    "Worker Number": 1,
                                    "Actual Startup Time": 813.278,
                                    "Actual Total Time": 813.279,
                                    "Actual Rows": 1,
                                    "Actual Loops": 1
                                },
                                {
                                    "Worker Number": 2,
                                    "Actual Startup Time": 813.995,
                                    "Actual Total Time": 813.996,
                                    "Actual Rows": 1,
                                    "Actual Loops": 1
                                },
                                {
                                    "Worker Number": 3,
                                    "Actual Startup Time": 814.228,
                                    "Actual Total Time": 814.229,
                                    "Actual Rows": 1,
                                    "Actual Loops": 1
                                },
                                {
                                    "Worker Number": 4,
                                    "Actual Startup Time": 814.249,
                                    "Actual Total Time": 814.25,
                                    "Actual Rows": 1,
                                    "Actual Loops": 1
                                },
                                {
                                    "Worker Number": 5,
                                    "Actual Startup Time": 814.83,
                                    "Actual Total Time": 814.831,
                                    "Actual Rows": 1,
                                    "Actual Loops": 1
                                }
                            ],
                            "Plans": [
                                {
                                    "Node Type": "Seq Scan",
                                    "Parent Relationship": "Outer",
                                    "Parallel Aware": true,
                                    "Relation Name": "cast_info",
                                    "Schema": "public",
                                    "Alias": "ci",
                                    "Startup Cost": 0.0,
                                    "Total Cost": 343318.94,
                                    "Plan Rows": 2465109,
                                    "Plan Width": 0,
                                    "Actual Startup Time": 356.724,
                                    "Actual Total Time": 703.463,
                                    "Actual Rows": 2189883,
                                    "Actual Loops": 7,
                                    "Output": [
                                        "id",
                                        "person_id",
                                        "movie_id",
                                        "person_role_id",
                                        "note",
                                        "nr_order",
                                        "role_id"
                                    ],
                                    "Filter": "((ci.person_id > 272200) AND (ci.role_id > 2))",
                                    "Rows Removed by Filter": 2987880,
                                    "Workers": [
                                        {
                                            "Worker Number": 0,
                                            "Actual Startup Time": 354.412,
                                            "Actual Total Time": 702.339,
                                            "Actual Rows": 1678635,
                                            "Actual Loops": 1
                                        },
                                        {
                                            "Worker Number": 1,
                                            "Actual Startup Time": 354.521,
                                            "Actual Total Time": 702.009,
                                            "Actual Rows": 1684790,
                                            "Actual Loops": 1
                                        },
                                        {
                                            "Worker Number": 2,
                                            "Actual Startup Time": 355.243,
                                            "Actual Total Time": 703.02,
                                            "Actual Rows": 1675017,
                                            "Actual Loops": 1
                                        },
                                        {
                                            "Worker Number": 3,
                                            "Actual Startup Time": 355.465,
                                            "Actual Total Time": 704.42,
                                            "Actual Rows": 2706318,
                                            "Actual Loops": 1
                                        },
                                        {
                                            "Worker Number": 4,
                                            "Actual Startup Time": 355.499,
                                            "Actual Total Time": 704.006,
                                            "Actual Rows": 2676034,
                                            "Actual Loops": 1
                                        },
                                        {
                                            "Worker Number": 5,
                                            "Actual Startup Time": 356.06,
                                            "Actual Total Time": 703.735,
                                            "Actual Rows": 1682188,
                                            "Actual Loops": 1
                                        }
                                    ]
                                }
                            ]
                        }
                    ]
                }
            ]
        },
        "Planning Time": 207.469,
        "Triggers": [],
        "Execution Time": 855.971
    }
]