[
  {
    "Plan": {
      "Node Type": "Aggregate",
      "Strategy": "Plain",
      "Partial Mode": "Finalize",
      "Parallel Aware": false,
      "Startup Cost": 98714.12,
      "Total Cost": 98714.13,
      "Plan Rows": 1,
      "Plan Width": 8,
      "Actual Startup Time": 635.919,
      "Actual Total Time": 651.82,
      "Actual Rows": 1,
      "Actual Loops": 1,
      "Plans": [
        {
          "Node Type": "Gather",
          "Parent Relationship": "Outer",
          "Parallel Aware": false,
          "Startup Cost": 98713.81,
          "Total Cost": 98714.12,
          "Plan Rows": 3,
          "Plan Width": 8,
          "Actual Startup Time": 628.679,
          "Actual Total Time": 651.809,
          "Actual Rows": 4,
          "Actual Loops": 1,
          "Workers Planned": 3,
          "Workers Launched": 3,
          "Single Copy": false,
          "Plans": [
            {
              "Node Type": "Aggregate",
              "Strategy": "Plain",
              "Partial Mode": "Partial",
              "Parent Relationship": "Outer",
              "Parallel Aware": false,
              "Startup Cost": 97713.81,
              "Total Cost": 97713.82,
              "Plan Rows": 1,
              "Plan Width": 8,
              "Actual Startup Time": 616.876,
              "Actual Total Time": 616.88,
              "Actual Rows": 1,
              "Actual Loops": 4,
              "Plans": [
                {
                  "Node Type": "Hash Join",
                  "Parent Relationship": "Outer",
                  "Parallel Aware": true,
                  "Join Type": "Inner",
                  "Startup Cost": 50562.53,
                  "Total Cost": 95729.21,
                  "Plan Rows": 793837,
                  "Plan Width": 0,
                  "Actual Startup Time": 344.059,
                  "Actual Total Time": 589.99,
                  "Actual Rows": 583137,
                  "Actual Loops": 4,
                  "Inner Unique": true,
                  "Hash Cond": "(mk.movie_id = t.id)",
                  "Plans": [
                    {
                      "Node Type": "Seq Scan",
                      "Parent Relationship": "Outer",
                      "Parallel Aware": true,
                      "Relation Name": "movie_keyword",
                      "Alias": "mk",
                      "Startup Cost": 0.0,
                      "Total Cost": 42695.65,
                      "Plan Rows": 941343,
                      "Plan Width": 4,
                      "Actual Startup Time": 0.151,
                      "Actual Total Time": 117.104,
                      "Actual Rows": 730698,
                      "Actual Loops": 4,
                      "Filter": "(keyword_id > 2481)",
                      "Rows Removed by Filter": 400284
                    },
                    {
                      "Node Type": "Hash",
                      "Parent Relationship": "Inner",
                      "Parallel Aware": true,
                      "Startup Cost": 43899.32,
                      "Total Cost": 43899.32,
                      "Plan Rows": 533057,
                      "Plan Width": 4,
                      "Actual Startup Time": 335.371,
                      "Actual Total Time": 335.372,
                      "Actual Rows": 529593,
                      "Actual Loops": 4,
                      "Hash Buckets": 4194304,
                      "Original Hash Buckets": 4194304,
                      "Hash Batches": 1,
                      "Original Hash Batches": 1,
                      "Peak Memory Usage": 115680,
                      "Plans": [
                        {
                          "Node Type": "Seq Scan",
                          "Parent Relationship": "Outer",
                          "Parallel Aware": true,
                          "Relation Name": "title",
                          "Alias": "t",
                          "Startup Cost": 0.0,
                          "Total Cost": 43899.32,
                          "Plan Rows": 533057,
                          "Plan Width": 4,
                          "Actual Startup Time": 0.044,
                          "Actual Total Time": 120.615,
                          "Actual Rows": 529593,
                          "Actual Loops": 4,
                          "Filter": "(production_year > 1967)",
                          "Rows Removed by Filter": 102485
                        }
                      ]
                    }
                  ]
                }
              ]
            }
          ]
        }
      ]
    },
    "Planning Time": 0.231,
    "Triggers": [],
    "Execution Time": 651.857
  }
]