[
    {
        "Bao": {
            "Bao prediction": "NaN",
            "Bao recommended hint": "(no hint)"
        }
    },
    {
        "Plan": {
            "Node Type": "Aggregate",
            "Strategy": "Plain",
            "Partial Mode": "Finalize",
            "Parallel Aware": false,
            "Startup Cost": 73504.47,
            "Total Cost": 73504.48,
            "Plan Rows": 1,
            "Plan Width": 8,
            "Actual Startup Time": 147.67,
            "Actual Total Time": 157.464,
            "Actual Rows": 1,
            "Actual Loops": 1,
            "Output": [
                "count(*)"
            ],
            "Plans": [
                {
                    "Node Type": "Gather",
                    "Parent Relationship": "Outer",
                    "Parallel Aware": false,
                    "Startup Cost": 73504.15,
                    "Total Cost": 73504.46,
                    "Plan Rows": 3,
                    "Plan Width": 8,
                    "Actual Startup Time": 147.197,
                    "Actual Total Time": 157.455,
                    "Actual Rows": 4,
                    "Actual Loops": 1,
                    "Output": [
                        "(PARTIAL count(*))"
                    ],
                    "Workers Planned": 3,
                    "Workers Launched": 3,
                    "Single Copy": false,
                    "Plans": [
                        {
                            "Node Type": "Aggregate",
                            "Strategy": "Plain",
                            "Partial Mode": "Partial",
                            "Parent Relationship": "Outer",
                            "Parallel Aware": false,
                            "Startup Cost": 72504.15,
                            "Total Cost": 72504.16,
                            "Plan Rows": 1,
                            "Plan Width": 8,
                            "Actual Startup Time": 138.146,
                            "Actual Total Time": 138.15,
                            "Actual Rows": 1,
                            "Actual Loops": 4,
                            "Output": [
                                "PARTIAL count(*)"
                            ],
                            "Workers": [
                                {
                                    "Worker Number": 0,
                                    "Actual Startup Time": 135.054,
                                    "Actual Total Time": 135.058,
                                    "Actual Rows": 1,
                                    "Actual Loops": 1
                                },
                                {
                                    "Worker Number": 1,
                                    "Actual Startup Time": 135.368,
                                    "Actual Total Time": 135.371,
                                    "Actual Rows": 1,
                                    "Actual Loops": 1
                                },
                                {
                                    "Worker Number": 2,
                                    "Actual Startup Time": 135.588,
                                    "Actual Total Time": 135.592,
                                    "Actual Rows": 1,
                                    "Actual Loops": 1
                                }
                            ],
                            "Plans": [
                                {
                                    "Node Type": "Hash Join",
                                    "Parent Relationship": "Outer",
                                    "Parallel Aware": true,
                                    "Join Type": "Inner",
                                    "Startup Cost": 47584.53,
                                    "Total Cost": 72503.35,
                                    "Plan Rows": 321,
                                    "Plan Width": 0,
                                    "Actual Startup Time": 107.521,
                                    "Actual Total Time": 138.108,
                                    "Actual Rows": 336,
                                    "Actual Loops": 4,
                                    "Inner Unique": true,
                                    "Hash Cond": "(mk.movie_id = t.id)",
                                    "Workers": [
                                        {
                                            "Worker Number": 0,
                                            "Actual Startup Time": 104.121,
                                            "Actual Total Time": 135.024,
                                            "Actual Rows": 264,
                                            "Actual Loops": 1
                                        },
                                        {
                                            "Worker Number": 1,
                                            "Actual Startup Time": 104.612,
                                            "Actual Total Time": 135.332,
                                            "Actual Rows": 323,
                                            "Actual Loops": 1
                                        },
                                        {
                                            "Worker Number": 2,
                                            "Actual Startup Time": 106.062,
                                            "Actual Total Time": 135.557,
                                            "Actual Rows": 201,
                                            "Actual Loops": 1
                                        }
                                    ],
                                    "Plans": [
                                        {
                                            "Node Type": "Bitmap Heap Scan",
                                            "Parent Relationship": "Outer",
                                            "Parallel Aware": true,
                                            "Relation Name": "movie_keyword",
                                            "Schema": "public",
                                            "Alias": "mk",
                                            "Startup Cost": 2022.76,
                                            "Total Cost": 26860.9,
                                            "Plan Rows": 30732,
                                            "Plan Width": 4,
                                            "Actual Startup Time": 9.61,
                                            "Actual Total Time": 36.902,
                                            "Actual Rows": 22217,
                                            "Actual Loops": 4,
                                            "Output": [
                                                "mk.id",
                                                "mk.movie_id",
                                                "mk.keyword_id"
                                            ],
                                            "Recheck Cond": "(mk.keyword_id > 85207)",
                                            "Rows Removed by Index Recheck": 0,
                                            "Exact Heap Blocks": 7099,
                                            "Lossy Heap Blocks": 0,
                                            "Workers": [
                                                {
                                                    "Worker Number": 0,
                                                    "Actual Startup Time": 9.545,
                                                    "Actual Total Time": 37.368,
                                                    "Actual Rows": 19754,
                                                    "Actual Loops": 1
                                                },
                                                {
                                                    "Worker Number": 1,
                                                    "Actual Startup Time": 9.591,
                                                    "Actual Total Time": 37.236,
                                                    "Actual Rows": 17899,
                                                    "Actual Loops": 1
                                                },
                                                {
                                                    "Worker Number": 2,
                                                    "Actual Startup Time": 9.705,
                                                    "Actual Total Time": 37.382,
                                                    "Actual Rows": 13121,
                                                    "Actual Loops": 1
                                                }
                                            ],
                                            "Plans": [
                                                {
                                                    "Node Type": "Bitmap Index Scan",
                                                    "Parent Relationship": "Outer",
                                                    "Parallel Aware": false,
                                                    "Index Name": "keyword_id_movie_keyword",
                                                    "Startup Cost": 0.0,
                                                    "Total Cost": 1998.94,
                                                    "Plan Rows": 95268,
                                                    "Plan Width": 0,
                                                    "Actual Startup Time": 7.153,
                                                    "Actual Total Time": 7.154,
                                                    "Actual Rows": 88867,
                                                    "Actual Loops": 1,
                                                    "Index Cond": "(mk.keyword_id > 85207)"
                                                }
                                            ]
                                        },
                                        {
                                            "Node Type": "Hash",
                                            "Parent Relationship": "Inner",
                                            "Parallel Aware": true,
                                            "Startup Cost": 45479.21,
                                            "Total Cost": 45479.21,
                                            "Plan Rows": 6605,
                                            "Plan Width": 4,
                                            "Actual Startup Time": 96.665,
                                            "Actual Total Time": 96.666,
                                            "Actual Rows": 6771,
                                            "Actual Loops": 4,
                                            "Output": [
                                                "t.id"
                                            ],
                                            "Hash Buckets": 32768,
                                            "Original Hash Buckets": 32768,
                                            "Hash Batches": 1,
                                            "Original Hash Batches": 1,
                                            "Peak Memory Usage": 1408,
                                            "Workers": [
                                                {
                                                    "Worker Number": 0,
                                                    "Actual Startup Time": 93.737,
                                                    "Actual Total Time": 93.738,
                                                    "Actual Rows": 6849,
                                                    "Actual Loops": 1
                                                },
                                                {
                                                    "Worker Number": 1,
                                                    "Actual Startup Time": 93.975,
                                                    "Actual Total Time": 93.975,
                                                    "Actual Rows": 5933,
                                                    "Actual Loops": 1
                                                },
                                                {
                                                    "Worker Number": 2,
                                                    "Actual Startup Time": 94.233,
                                                    "Actual Total Time": 94.234,
                                                    "Actual Rows": 4198,
                                                    "Actual Loops": 1
                                                }
                                            ],
                                            "Plans": [
                                                {
                                                    "Node Type": "Seq Scan",
                                                    "Parent Relationship": "Outer",
                                                    "Parallel Aware": true,
                                                    "Relation Name": "title",
                                                    "Schema": "public",
                                                    "Alias": "t",
                                                    "Startup Cost": 0.0,
                                                    "Total Cost": 45479.21,
                                                    "Plan Rows": 6605,
                                                    "Plan Width": 4,
                                                    "Actual Startup Time": 0.586,
                                                    "Actual Total Time": 93.869,
                                                    "Actual Rows": 6771,
                                                    "Actual Loops": 4,
                                                    "Output": [
                                                        "t.id"
                                                    ],
                                                    "Filter": "((t.kind_id < 7) AND (t.production_year > 2012))",
                                                    "Rows Removed by Filter": 625307,
                                                    "Workers": [
                                                        {
                                                            "Worker Number": 0,
                                                            "Actual Startup Time": 0.245,
                                                            "Actual Total Time": 91.057,
                                                            "Actual Rows": 6849,
                                                            "Actual Loops": 1
                                                        },
                                                        {
                                                            "Worker Number": 1,
                                                            "Actual Startup Time": 0.438,
                                                            "Actual Total Time": 91.405,
                                                            "Actual Rows": 5933,
                                                            "Actual Loops": 1
                                                        },
                                                        {
                                                            "Worker Number": 2,
                                                            "Actual Startup Time": 1.464,
                                                            "Actual Total Time": 91.152,
                                                            "Actual Rows": 4198,
                                                            "Actual Loops": 1
                                                        }
                                                    ]
                                                }
                                            ]
                                        }
                                    ]
                                }
                            ]
                        }
                    ]
                }
            ]
        },
        "Planning Time": 241.188,
        "Triggers": [],
        "Execution Time": 157.648
    }
]