[
  {
    "Plan": {
      "Node Type": "Aggregate",
      "Strategy": "Plain",
      "Partial Mode": "Finalize",
      "Parallel Aware": false,
      "Startup Cost": 94230.37,
      "Total Cost": 94230.38,
      "Plan Rows": 1,
      "Plan Width": 8,
      "Actual Startup Time": 422.997,
      "Actual Total Time": 439.662,
      "Actual Rows": 1,
      "Actual Loops": 1,
      "Plans": [
        {
          "Node Type": "Gather",
          "Parent Relationship": "Outer",
          "Parallel Aware": false,
          "Startup Cost": 94230.05,
          "Total Cost": 94230.36,
          "Plan Rows": 3,
          "Plan Width": 8,
          "Actual Startup Time": 416.906,
          "Actual Total Time": 439.653,
          "Actual Rows": 4,
          "Actual Loops": 1,
          "Workers Planned": 3,
          "Workers Launched": 3,
          "Single Copy": false,
          "Plans": [
            {
              "Node Type": "Aggregate",
              "Strategy": "Plain",
              "Partial Mode": "Partial",
              "Parent Relationship": "Outer",
              "Parallel Aware": false,
              "Startup Cost": 93230.05,
              "Total Cost": 93230.06,
              "Plan Rows": 1,
              "Plan Width": 8,
              "Actual Startup Time": 404.692,
              "Actual Total Time": 404.695,
              "Actual Rows": 1,
              "Actual Loops": 4,
              "Plans": [
                {
                  "Node Type": "Hash Join",
                  "Parent Relationship": "Outer",
                  "Parallel Aware": true,
                  "Join Type": "Inner",
                  "Startup Cost": 49443.78,
                  "Total Cost": 92793.13,
                  "Plan Rows": 174768,
                  "Plan Width": 0,
                  "Actual Startup Time": 266.611,
                  "Actual Total Time": 401.825,
                  "Actual Rows": 65979,
                  "Actual Loops": 4,
                  "Inner Unique": true,
                  "Hash Cond": "(mk.movie_id = t.id)",
                  "Plans": [
                    {
                      "Node Type": "Seq Scan",
                      "Parent Relationship": "Outer",
                      "Parallel Aware": true,
                      "Relation Name": "movie_keyword",
                      "Alias": "mk",
                      "Startup Cost": 0.0,
                      "Total Cost": 42695.65,
                      "Plan Rows": 249028,
                      "Plan Width": 4,
                      "Actual Startup Time": 0.025,
                      "Actual Total Time": 87.299,
                      "Actual Rows": 196117,
                      "Actual Loops": 4,
                      "Filter": "(keyword_id < 750)",
                      "Rows Removed by Filter": 934866
                    },
                    {
                      "Node Type": "Hash",
                      "Parent Relationship": "Inner",
                      "Parallel Aware": true,
                      "Startup Cost": 43898.92,
                      "Total Cost": 43898.92,
                      "Plan Rows": 443589,
                      "Plan Width": 4,
                      "Actual Startup Time": 258.725,
                      "Actual Total Time": 258.726,
                      "Actual Rows": 443659,
                      "Actual Loops": 4,
                      "Hash Buckets": 2097152,
                      "Original Hash Buckets": 2097152,
                      "Hash Batches": 1,
                      "Original Hash Batches": 1,
                      "Peak Memory Usage": 85856,
                      "Plans": [
                        {
                          "Node Type": "Seq Scan",
                          "Parent Relationship": "Outer",
                          "Parallel Aware": true,
                          "Relation Name": "title",
                          "Alias": "t",
                          "Startup Cost": 0.0,
                          "Total Cost": 43898.92,
                          "Plan Rows": 443589,
                          "Plan Width": 4,
                          "Actual Startup Time": 0.037,
                          "Actual Total Time": 104.854,
                          "Actual Rows": 443659,
                          "Actual Loops": 4,
                          "Filter": "(kind_id > 2)",
                          "Rows Removed by Filter": 188419
                        }
                      ]
                    }
                  ]
                }
              ]
            }
          ]
        }
      ]
    },
    "Planning Time": 0.635,
    "Triggers": [],
    "Execution Time": 439.73
  }
]