{
  "Plan": {
    "Node Type": "Aggregate",
    "Strategy": "Plain",
    "Partial Mode": "Simple",
    "Parallel Aware": false,
    "Startup Cost": 232069.03,
    "Total Cost": 232069.04,
    "Plan Rows": 1,
    "Plan Width": 8,
    "Actual Startup Time": 2547.001,
    "Actual Total Time": 2547.004,
    "Actual Rows": 1,
    "Actual Loops": 1,
    "Plans": [
      {
        "Node Type": "Hash Join",
        "Parent Relationship": "Outer",
        "Parallel Aware": false,
        "Join Type": "Inner",
        "Startup Cost": 231002.92,
        "Total Cost": 232068.03,
        "Plan Rows": 403,
        "Plan Width": 0,
        "Actual Startup Time": 2546.851,
        "Actual Total Time": 2546.962,
        "Actual Rows": 870,
        "Actual Loops": 1,
        "Inner Unique": false,
        "Hash Cond": "(ci.movie_id = t.id)",
        "Plans": [
          {
            "Node Type": "Index Scan",
            "Parent Relationship": "Outer",
            "Parallel Aware": false,
            "Scan Direction": "Forward",
            "Index Name": "person_id_cast_info",
            "Relation Name": "cast_info",
            "Alias": "ci",
            "Startup Cost": 0.56,
            "Total Cost": 1059.67,
            "Plan Rows": 225,
            "Plan Width": 4,
            "Actual Startup Time": 0.188,
            "Actual Total Time": 0.208,
            "Actual Rows": 76,
            "Actual Loops": 1,
            "Index Cond": "(person_id = 2767836)",
            "Rows Removed by Index Recheck": 0,
            "Filter": "(role_id > 2)",
            "Rows Removed by Filter": 0
          },
          {
            "Node Type": "Hash",
            "Parent Relationship": "Inner",
            "Parallel Aware": false,
            "Startup Cost": 174453.23,
            "Total Cost": 174453.23,
            "Plan Rows": 4523930,
            "Plan Width": 8,
            "Actual Startup Time": 2494.603,
            "Actual Total Time": 2494.605,
            "Actual Rows": 4523930,
            "Actual Loops": 1,
            "Hash Buckets": 8388608,
            "Original Hash Buckets": 8388608,
            "Hash Batches": 1,
            "Original Hash Batches": 1,
            "Peak Memory Usage": 242253,
            "Plans": [
              {
                "Node Type": "Hash Join",
                "Parent Relationship": "Outer",
                "Parallel Aware": false,
                "Join Type": "Inner",
                "Startup Cost": 92884.59,
                "Total Cost": 174453.23,
                "Plan Rows": 4523930,
                "Plan Width": 8,
                "Actual Startup Time": 807.557,
                "Actual Total Time": 1862.494,
                "Actual Rows": 4523930,
                "Actual Loops": 1,
                "Inner Unique": true,
                "Hash Cond": "(mk.movie_id = t.id)",
                "Plans": [
                  {
                    "Node Type": "Seq Scan",
                    "Parent Relationship": "Outer",
                    "Parallel Aware": false,
                    "Relation Name": "movie_keyword",
                    "Alias": "mk",
                    "Startup Cost": 0.0,
                    "Total Cost": 69693.3,
                    "Plan Rows": 4523930,
                    "Plan Width": 4,
                    "Actual Startup Time": 0.014,
                    "Actual Total Time": 293.107,
                    "Actual Rows": 4523930,
                    "Actual Loops": 1
                  },
                  {
                    "Node Type": "Hash",
                    "Parent Relationship": "Inner",
                    "Parallel Aware": false,
                    "Startup Cost": 61280.93,
                    "Total Cost": 61280.93,
                    "Plan Rows": 2528293,
                    "Plan Width": 4,
                    "Actual Startup Time": 802.991,
                    "Actual Total Time": 802.992,
                    "Actual Rows": 2528312,
                    "Actual Loops": 1,
                    "Hash Buckets": 4194304,
                    "Original Hash Buckets": 4194304,
                    "Hash Batches": 1,
                    "Original Hash Batches": 1,
                    "Peak Memory Usage": 121654,
                    "Plans": [
                      {
                        "Node Type": "Seq Scan",
                        "Parent Relationship": "Outer",
                        "Parallel Aware": false,
                        "Relation Name": "title",
                        "Alias": "t",
                        "Startup Cost": 0.0,
                        "Total Cost": 61280.93,
                        "Plan Rows": 2528293,
                        "Plan Width": 4,
                        "Actual Startup Time": 0.013,
                        "Actual Total Time": 243.802,
                        "Actual Rows": 2528312,
                        "Actual Loops": 1
                      }
                    ]
                  }
                ]
              }
            ]
          }
        ]
      }
    ]
  },
  "Planning Time": 0.912,
  "Triggers": [],
  "Execution Time": 2565.263
}