{
  "Plan": {
    "Node Type": "Aggregate",
    "Strategy": "Plain",
    "Partial Mode": "Finalize",
    "Parallel Aware": false,
    "Startup Cost": 546486.78,
    "Total Cost": 546486.79,
    "Plan Rows": 1,
    "Plan Width": 8,
    "Actual Startup Time": 2923.071,
    "Actual Total Time": 2951.51,
    "Actual Rows": 1,
    "Actual Loops": 1,
    "Plans": [
      {
        "Node Type": "Gather",
        "Parent Relationship": "Outer",
        "Parallel Aware": false,
        "Startup Cost": 546486.67,
        "Total Cost": 546486.78,
        "Plan Rows": 1,
        "Plan Width": 8,
        "Actual Startup Time": 2919.658,
        "Actual Total Time": 2951.502,
        "Actual Rows": 2,
        "Actual Loops": 1,
        "Workers Planned": 1,
        "Workers Launched": 1,
        "Single Copy": false,
        "Plans": [
          {
            "Node Type": "Aggregate",
            "Strategy": "Plain",
            "Partial Mode": "Partial",
            "Parent Relationship": "Outer",
            "Parallel Aware": false,
            "Startup Cost": 545486.67,
            "Total Cost": 545486.68,
            "Plan Rows": 1,
            "Plan Width": 8,
            "Actual Startup Time": 2907.056,
            "Actual Total Time": 2907.06,
            "Actual Rows": 1,
            "Actual Loops": 2,
            "Plans": [
              {
                "Node Type": "Hash Join",
                "Parent Relationship": "Outer",
                "Parallel Aware": true,
                "Join Type": "Inner",
                "Startup Cost": 221453.66,
                "Total Cost": 535366.67,
                "Plan Rows": 4047999,
                "Plan Width": 0,
                "Actual Startup Time": 806.334,
                "Actual Total Time": 2759.491,
                "Actual Rows": 3364492,
                "Actual Loops": 2,
                "Inner Unique": true,
                "Hash Cond": "(ci.movie_id = t.id)",
                "Plans": [
                  {
                    "Node Type": "Bitmap Heap Scan",
                    "Parent Relationship": "Outer",
                    "Parallel Aware": true,
                    "Relation Name": "cast_info",
                    "Alias": "ci",
                    "Startup Cost": 151992.96,
                    "Total Cost": 455279.95,
                    "Plan Rows": 4047999,
                    "Plan Width": 4,
                    "Actual Startup Time": 260.992,
                    "Actual Total Time": 629.355,
                    "Actual Rows": 3364492,
                    "Actual Loops": 2,
                    "Recheck Cond": "(person_id > 2988270)",
                    "Rows Removed by Index Recheck": 0,
                    "Exact Heap Blocks": 42601,
                    "Lossy Heap Blocks": 0,
                    "Plans": [
                      {
                        "Node Type": "Bitmap Index Scan",
                        "Parent Relationship": "Outer",
                        "Parallel Aware": false,
                        "Index Name": "person_id_cast_info",
                        "Startup Cost": 0.0,
                        "Total Cost": 150272.56,
                        "Plan Rows": 6881599,
                        "Plan Width": 0,
                        "Actual Startup Time": 246.199,
                        "Actual Total Time": 246.199,
                        "Actual Rows": 6728984,
                        "Actual Loops": 1,
                        "Index Cond": "(person_id > 2988270)"
                      }
                    ]
                  },
                  {
                    "Node Type": "Hash",
                    "Parent Relationship": "Inner",
                    "Parallel Aware": true,
                    "Startup Cost": 50870.31,
                    "Total Cost": 50870.31,
                    "Plan Rows": 1487231,
                    "Plan Width": 4,
                    "Actual Startup Time": 523.764,
                    "Actual Total Time": 523.765,
                    "Actual Rows": 1264156,
                    "Actual Loops": 2,
                    "Hash Buckets": 4194304,
                    "Original Hash Buckets": 4194304,
                    "Hash Batches": 1,
                    "Original Hash Batches": 1,
                    "Peak Memory Usage": 131712,
                    "Plans": [
                      {
                        "Node Type": "Seq Scan",
                        "Parent Relationship": "Outer",
                        "Parallel Aware": true,
                        "Relation Name": "title",
                        "Alias": "t",
                        "Startup Cost": 0.0,
                        "Total Cost": 50870.31,
                        "Plan Rows": 1487231,
                        "Plan Width": 4,
                        "Actual Startup Time": 0.025,
                        "Actual Total Time": 149.268,
                        "Actual Rows": 1264156,
                        "Actual Loops": 2
                      }
                    ]
                  }
                ]
              }
            ]
          }
        ]
      }
    ]
  },
  "Planning Time": 0.659,
  "Triggers": [],
  "Execution Time": 2951.605
}