[
  {
    "Plan": {
      "Node Type": "Aggregate",
      "Strategy": "Plain",
      "Partial Mode": "Finalize",
      "Parallel Aware": false,
      "Startup Cost": 45191.86,
      "Total Cost": 45191.87,
      "Plan Rows": 1,
      "Plan Width": 8,
      "Actual Startup Time": 144.771,
      "Actual Total Time": 156.249,
      "Actual Rows": 1,
      "Actual Loops": 1,
      "Plans": [
        {
          "Node Type": "Gather",
          "Parent Relationship": "Outer",
          "Parallel Aware": false,
          "Startup Cost": 45191.54,
          "Total Cost": 45191.85,
          "Plan Rows": 3,
          "Plan Width": 8,
          "Actual Startup Time": 144.617,
          "Actual Total Time": 156.24,
          "Actual Rows": 4,
          "Actual Loops": 1,
          "Workers Planned": 3,
          "Workers Launched": 3,
          "Single Copy": false,
          "Plans": [
            {
              "Node Type": "Aggregate",
              "Strategy": "Plain",
              "Partial Mode": "Partial",
              "Parent Relationship": "Outer",
              "Parallel Aware": false,
              "Startup Cost": 44191.54,
              "Total Cost": 44191.55,
              "Plan Rows": 1,
              "Plan Width": 8,
              "Actual Startup Time": 135.919,
              "Actual Total Time": 135.92,
              "Actual Rows": 1,
              "Actual Loops": 4,
              "Plans": [
                {
                  "Node Type": "Seq Scan",
                  "Parent Relationship": "Outer",
                  "Parallel Aware": true,
                  "Relation Name": "movie_keyword",
                  "Alias": "mk",
                  "Startup Cost": 0.0,
                  "Total Cost": 42695.65,
                  "Plan Rows": 598355,
                  "Plan Width": 0,
                  "Actual Startup Time": 0.066,
                  "Actual Total Time": 113.907,
                  "Actual Rows": 465015,
                  "Actual Loops": 4,
                  "Filter": "(keyword_id < 3111)",
                  "Rows Removed by Filter": 665968
                }
              ]
            }
          ]
        }
      ]
    },
    "Planning Time": 0.192,
    "Triggers": [],
    "Execution Time": 156.307
  }
]