[
  {
    "Plan": {
      "Node Type": "Aggregate",
      "Strategy": "Plain",
      "Partial Mode": "Finalize",
      "Parallel Aware": false,
      "Startup Cost": 45189.46,
      "Total Cost": 45189.47,
      "Plan Rows": 1,
      "Plan Width": 8,
      "Actual Startup Time": 140.322,
      "Actual Total Time": 149.855,
      "Actual Rows": 1,
      "Actual Loops": 1,
      "Plans": [
        {
          "Node Type": "Gather",
          "Parent Relationship": "Outer",
          "Parallel Aware": false,
          "Startup Cost": 45189.14,
          "Total Cost": 45189.45,
          "Plan Rows": 3,
          "Plan Width": 8,
          "Actual Startup Time": 140.22,
          "Actual Total Time": 149.847,
          "Actual Rows": 4,
          "Actual Loops": 1,
          "Workers Planned": 3,
          "Workers Launched": 3,
          "Single Copy": false,
          "Plans": [
            {
              "Node Type": "Aggregate",
              "Strategy": "Plain",
              "Partial Mode": "Partial",
              "Parent Relationship": "Outer",
              "Parallel Aware": false,
              "Startup Cost": 44189.14,
              "Total Cost": 44189.15,
              "Plan Rows": 1,
              "Plan Width": 8,
              "Actual Startup Time": 133.168,
              "Actual Total Time": 133.17,
              "Actual Rows": 1,
              "Actual Loops": 4,
              "Plans": [
                {
                  "Node Type": "Seq Scan",
                  "Parent Relationship": "Outer",
                  "Parallel Aware": true,
                  "Relation Name": "movie_keyword",
                  "Alias": "mk",
                  "Startup Cost": 0.0,
                  "Total Cost": 42695.65,
                  "Plan Rows": 597396,
                  "Plan Width": 0,
                  "Actual Startup Time": 0.055,
                  "Actual Total Time": 111.227,
                  "Actual Rows": 465015,
                  "Actual Loops": 4,
                  "Filter": "(keyword_id < 3111)",
                  "Rows Removed by Filter": 665968
                }
              ]
            }
          ]
        }
      ]
    },
    "Planning Time": 0.185,
    "Triggers": [],
    "Execution Time": 149.91
  }
]