[
  {
    "Plan": {
      "Node Type": "Aggregate",
      "Strategy": "Plain",
      "Partial Mode": "Finalize",
      "Parallel Aware": false,
      "Startup Cost": 440642.94,
      "Total Cost": 440642.95,
      "Plan Rows": 1,
      "Plan Width": 8,
      "Actual Startup Time": 1653.575,
      "Actual Total Time": 1716.668,
      "Actual Rows": 1,
      "Actual Loops": 1,
      "Plans": [
        {
          "Node Type": "Gather",
          "Parent Relationship": "Outer",
          "Parallel Aware": false,
          "Startup Cost": 440642.32,
          "Total Cost": 440642.93,
          "Plan Rows": 6,
          "Plan Width": 8,
          "Actual Startup Time": 1629.811,
          "Actual Total Time": 1716.658,
          "Actual Rows": 7,
          "Actual Loops": 1,
          "Workers Planned": 6,
          "Workers Launched": 6,
          "Single Copy": false,
          "Plans": [
            {
              "Node Type": "Aggregate",
              "Strategy": "Plain",
              "Partial Mode": "Partial",
              "Parent Relationship": "Outer",
              "Parallel Aware": false,
              "Startup Cost": 439642.32,
              "Total Cost": 439642.33,
              "Plan Rows": 1,
              "Plan Width": 8,
              "Actual Startup Time": 1617.337,
              "Actual Total Time": 1617.343,
              "Actual Rows": 1,
              "Actual Loops": 7,
              "Plans": [
                {
                  "Node Type": "Hash Join",
                  "Parent Relationship": "Outer",
                  "Parallel Aware": true,
                  "Join Type": "Inner",
                  "Startup Cost": 96219.85,
                  "Total Cost": 437632.31,
                  "Plan Rows": 804003,
                  "Plan Width": 0,
                  "Actual Startup Time": 620.101,
                  "Actual Total Time": 1530.538,
                  "Actual Rows": 2188212,
                  "Actual Loops": 7,
                  "Inner Unique": false,
                  "Hash Cond": "(ci.movie_id = t.id)",
                  "Plans": [
                    {
                      "Node Type": "Seq Scan",
                      "Parent Relationship": "Outer",
                      "Parallel Aware": true,
                      "Relation Name": "cast_info",
                      "Alias": "ci",
                      "Startup Cost": 0.0,
                      "Total Cost": 328162.03,
                      "Plan Rows": 2841834,
                      "Plan Width": 4,
                      "Actual Startup Time": 185.754,
                      "Actual Total Time": 544.297,
                      "Actual Rows": 2424312,
                      "Actual Loops": 7,
                      "Filter": "(person_id > 1926093)",
                      "Rows Removed by Filter": 2753451
                    },
                    {
                      "Node Type": "Hash",
                      "Parent Relationship": "Inner",
                      "Parallel Aware": true,
                      "Startup Cost": 93335.59,
                      "Total Cost": 93335.59,
                      "Plan Rows": 230741,
                      "Plan Width": 8,
                      "Actual Startup Time": 431.034,
                      "Actual Total Time": 431.038,
                      "Actual Rows": 101072,
                      "Actual Loops": 7,
                      "Hash Buckets": 1048576,
                      "Original Hash Buckets": 1048576,
                      "Hash Batches": 1,
                      "Original Hash Batches": 1,
                      "Peak Memory Usage": 35968,
                      "Plans": [
                        {
                          "Node Type": "Hash Join",
                          "Parent Relationship": "Outer",
                          "Parallel Aware": true,
                          "Join Type": "Inner",
                          "Startup Cost": 65391.63,
                          "Total Cost": 93335.59,
                          "Plan Rows": 230741,
                          "Plan Width": 8,
                          "Actual Startup Time": 295.28,
                          "Actual Total Time": 385.085,
                          "Actual Rows": 101072,
                          "Actual Loops": 7,
                          "Inner Unique": true,
                          "Hash Cond": "(mk.movie_id = t.id)",
                          "Plans": [
                            {
                              "Node Type": "Bitmap Heap Scan",
                              "Parent Relationship": "Outer",
                              "Parallel Aware": true,
                              "Relation Name": "movie_keyword",
                              "Alias": "mk",
                              "Startup Cost": 15171.98,
                              "Total Cost": 42510.25,
                              "Plan Rows": 230741,
                              "Plan Width": 4,
                              "Actual Startup Time": 47.913,
                              "Actual Total Time": 97.707,
                              "Actual Rows": 101072,
                              "Actual Loops": 7,
                              "Recheck Cond": "(keyword_id > 26695)",
                              "Rows Removed by Index Recheck": 0,
                              "Exact Heap Blocks": 3997,
                              "Lossy Heap Blocks": 0,
                              "Plans": [
                                {
                                  "Node Type": "Bitmap Index Scan",
                                  "Parent Relationship": "Outer",
                                  "Parallel Aware": false,
                                  "Index Name": "keyword_id_movie_keyword",
                                  "Startup Cost": 0.0,
                                  "Total Cost": 14993.16,
                                  "Plan Rows": 715297,
                                  "Plan Width": 0,
                                  "Actual Startup Time": 44.147,
                                  "Actual Total Time": 44.147,
                                  "Actual Rows": 707504,
                                  "Actual Loops": 1,
                                  "Index Cond": "(keyword_id > 26695)"
                                }
                              ]
                            },
                            {
                              "Node Type": "Hash",
                              "Parent Relationship": "Inner",
                              "Parallel Aware": true,
                              "Startup Cost": 42318.73,
                              "Total Cost": 42318.73,
                              "Plan Rows": 632073,
                              "Plan Width": 4,
                              "Actual Startup Time": 242.974,
                              "Actual Total Time": 242.975,
                              "Actual Rows": 361187,
                              "Actual Loops": 7,
                              "Hash Buckets": 4194304,
                              "Original Hash Buckets": 4194304,
                              "Hash Batches": 1,
                              "Original Hash Batches": 1,
                              "Peak Memory Usage": 131776,
                              "Plans": [
                                {
                                  "Node Type": "Seq Scan",
                                  "Parent Relationship": "Outer",
                                  "Parallel Aware": true,
                                  "Relation Name": "title",
                                  "Alias": "t",
                                  "Startup Cost": 0.0,
                                  "Total Cost": 42318.73,
                                  "Plan Rows": 632073,
                                  "Plan Width": 4,
                                  "Actual Startup Time": 0.05,
                                  "Actual Total Time": 68.822,
                                  "Actual Rows": 361187,
                                  "Actual Loops": 7
                                }
                              ]
                            }
                          ]
                        }
                      ]
                    }
                  ]
                }
              ]
            }
          ]
        }
      ]
    },
    "Planning Time": 1.379,
    "Triggers": [],
    "Execution Time": 1716.785
  }
]