[
  {
    "Plan": {
      "Node Type": "Aggregate",
      "Strategy": "Plain",
      "Partial Mode": "Finalize",
      "Parallel Aware": false,
      "Startup Cost": 394132.52,
      "Total Cost": 394132.53,
      "Plan Rows": 1,
      "Plan Width": 8,
      "Actual Startup Time": 2157.832,
      "Actual Total Time": 2221.285,
      "Actual Rows": 1,
      "Actual Loops": 1,
      "Plans": [
        {
          "Node Type": "Gather",
          "Parent Relationship": "Outer",
          "Parallel Aware": false,
          "Startup Cost": 394131.9,
          "Total Cost": 394132.51,
          "Plan Rows": 6,
          "Plan Width": 8,
          "Actual Startup Time": 2145.762,
          "Actual Total Time": 2221.276,
          "Actual Rows": 7,
          "Actual Loops": 1,
          "Workers Planned": 6,
          "Workers Launched": 6,
          "Single Copy": false,
          "Plans": [
            {
              "Node Type": "Aggregate",
              "Strategy": "Plain",
              "Partial Mode": "Partial",
              "Parent Relationship": "Outer",
              "Parallel Aware": false,
              "Startup Cost": 393131.9,
              "Total Cost": 393131.91,
              "Plan Rows": 1,
              "Plan Width": 8,
              "Actual Startup Time": 2129.49,
              "Actual Total Time": 2129.493,
              "Actual Rows": 1,
              "Actual Loops": 7,
              "Plans": [
                {
                  "Node Type": "Hash Join",
                  "Parent Relationship": "Outer",
                  "Parallel Aware": true,
                  "Join Type": "Inner",
                  "Startup Cost": 48728.2,
                  "Total Cost": 387155.97,
                  "Plan Rows": 2390372,
                  "Plan Width": 0,
                  "Actual Startup Time": 215.412,
                  "Actual Total Time": 2034.86,
                  "Actual Rows": 2101269,
                  "Actual Loops": 7,
                  "Inner Unique": true,
                  "Hash Cond": "(ci.movie_id = t.id)",
                  "Plans": [
                    {
                      "Node Type": "Seq Scan",
                      "Parent Relationship": "Outer",
                      "Parallel Aware": true,
                      "Relation Name": "cast_info",
                      "Alias": "ci",
                      "Startup Cost": 0.0,
                      "Total Cost": 328162.03,
                      "Plan Rows": 3910750,
                      "Plan Width": 4,
                      "Actual Startup Time": 0.022,
                      "Actual Total Time": 602.209,
                      "Actual Rows": 3360031,
                      "Actual Loops": 7,
                      "Filter": "(person_id < 2408433)",
                      "Rows Removed by Filter": 1817733
                    },
                    {
                      "Node Type": "Hash",
                      "Parent Relationship": "Inner",
                      "Parallel Aware": true,
                      "Startup Cost": 43898.92,
                      "Total Cost": 43898.92,
                      "Plan Rows": 386343,
                      "Plan Width": 4,
                      "Actual Startup Time": 210.559,
                      "Actual Total Time": 210.56,
                      "Actual Rows": 221675,
                      "Actual Loops": 7,
                      "Hash Buckets": 2097152,
                      "Original Hash Buckets": 2097152,
                      "Hash Batches": 1,
                      "Original Hash Batches": 1,
                      "Peak Memory Usage": 77216,
                      "Plans": [
                        {
                          "Node Type": "Seq Scan",
                          "Parent Relationship": "Outer",
                          "Parallel Aware": true,
                          "Relation Name": "title",
                          "Alias": "t",
                          "Startup Cost": 0.0,
                          "Total Cost": 43898.92,
                          "Plan Rows": 386343,
                          "Plan Width": 4,
                          "Actual Startup Time": 0.043,
                          "Actual Total Time": 83.619,
                          "Actual Rows": 221675,
                          "Actual Loops": 7,
                          "Filter": "(production_year < 2007)",
                          "Rows Removed by Filter": 139512
                        }
                      ]
                    }
                  ]
                }
              ]
            }
          ]
        }
      ]
    },
    "Planning Time": 0.678,
    "Triggers": [],
    "Execution Time": 2221.375
  }
]