[
  {
    "Plan": {
      "Node Type": "Aggregate",
      "Strategy": "Plain",
      "Partial Mode": "Finalize",
      "Parallel Aware": false,
      "Startup Cost": 93847.58,
      "Total Cost": 93847.59,
      "Plan Rows": 1,
      "Plan Width": 8,
      "Actual Startup Time": 389.14,
      "Actual Total Time": 405.55,
      "Actual Rows": 1,
      "Actual Loops": 1,
      "Plans": [
        {
          "Node Type": "Gather",
          "Parent Relationship": "Outer",
          "Parallel Aware": false,
          "Startup Cost": 93847.26,
          "Total Cost": 93847.57,
          "Plan Rows": 3,
          "Plan Width": 8,
          "Actual Startup Time": 386.793,
          "Actual Total Time": 405.537,
          "Actual Rows": 4,
          "Actual Loops": 1,
          "Workers Planned": 3,
          "Workers Launched": 3,
          "Single Copy": false,
          "Plans": [
            {
              "Node Type": "Aggregate",
              "Strategy": "Plain",
              "Partial Mode": "Partial",
              "Parent Relationship": "Outer",
              "Parallel Aware": false,
              "Startup Cost": 92847.26,
              "Total Cost": 92847.27,
              "Plan Rows": 1,
              "Plan Width": 8,
              "Actual Startup Time": 379.2,
              "Actual Total Time": 379.203,
              "Actual Rows": 1,
              "Actual Loops": 4,
              "Plans": [
                {
                  "Node Type": "Hash Join",
                  "Parent Relationship": "Outer",
                  "Parallel Aware": true,
                  "Join Type": "Inner",
                  "Startup Cost": 47671.21,
                  "Total Cost": 92328.95,
                  "Plan Rows": 207326,
                  "Plan Width": 0,
                  "Actual Startup Time": 174.217,
                  "Actual Total Time": 362.386,
                  "Actual Rows": 419945,
                  "Actual Loops": 4,
                  "Inner Unique": true,
                  "Hash Cond": "(mk.movie_id = t.id)",
                  "Plans": [
                    {
                      "Node Type": "Seq Scan",
                      "Parent Relationship": "Outer",
                      "Parallel Aware": true,
                      "Relation Name": "movie_keyword",
                      "Alias": "mk",
                      "Startup Cost": 0.0,
                      "Total Cost": 42695.65,
                      "Plan Rows": 747460,
                      "Plan Width": 4,
                      "Actual Startup Time": 0.255,
                      "Actual Total Time": 100.016,
                      "Actual Rows": 575766,
                      "Actual Loops": 4,
                      "Filter": "(keyword_id > 4531)",
                      "Rows Removed by Filter": 555216
                    },
                    {
                      "Node Type": "Hash",
                      "Parent Relationship": "Inner",
                      "Parallel Aware": true,
                      "Startup Cost": 45479.59,
                      "Total Cost": 45479.59,
                      "Plan Rows": 175330,
                      "Plan Width": 4,
                      "Actual Startup Time": 168.81,
                      "Actual Total Time": 168.811,
                      "Actual Rows": 187483,
                      "Actual Loops": 4,
                      "Hash Buckets": 1048576,
                      "Original Hash Buckets": 1048576,
                      "Hash Batches": 1,
                      "Original Hash Batches": 1,
                      "Peak Memory Usage": 37600,
                      "Plans": [
                        {
                          "Node Type": "Seq Scan",
                          "Parent Relationship": "Outer",
                          "Parallel Aware": true,
                          "Relation Name": "title",
                          "Alias": "t",
                          "Startup Cost": 0.0,
                          "Total Cost": 45479.59,
                          "Plan Rows": 175330,
                          "Plan Width": 4,
                          "Actual Startup Time": 0.032,
                          "Actual Total Time": 99.617,
                          "Actual Rows": 187483,
                          "Actual Loops": 4,
                          "Filter": "((kind_id < 7) AND (production_year < 2009))",
                          "Rows Removed by Filter": 444595
                        }
                      ]
                    }
                  ]
                }
              ]
            }
          ]
        }
      ]
    },
    "Planning Time": 0.697,
    "Triggers": [],
    "Execution Time": 405.621
  }
]