[
  {
    "Plan": {
      "Node Type": "Aggregate",
      "Strategy": "Plain",
      "Partial Mode": "Finalize",
      "Parallel Aware": false,
      "Startup Cost": 91838.58,
      "Total Cost": 91838.59,
      "Plan Rows": 1,
      "Plan Width": 8,
      "Actual Startup Time": 328.121,
      "Actual Total Time": 349.219,
      "Actual Rows": 1,
      "Actual Loops": 1,
      "Plans": [
        {
          "Node Type": "Gather",
          "Parent Relationship": "Outer",
          "Parallel Aware": false,
          "Startup Cost": 91838.26,
          "Total Cost": 91838.57,
          "Plan Rows": 3,
          "Plan Width": 8,
          "Actual Startup Time": 327.273,
          "Actual Total Time": 349.209,
          "Actual Rows": 4,
          "Actual Loops": 1,
          "Workers Planned": 3,
          "Workers Launched": 3,
          "Single Copy": false,
          "Plans": [
            {
              "Node Type": "Aggregate",
              "Strategy": "Plain",
              "Partial Mode": "Partial",
              "Parent Relationship": "Outer",
              "Parallel Aware": false,
              "Startup Cost": 90838.26,
              "Total Cost": 90838.27,
              "Plan Rows": 1,
              "Plan Width": 8,
              "Actual Startup Time": 319.248,
              "Actual Total Time": 319.251,
              "Actual Rows": 1,
              "Actual Loops": 4,
              "Plans": [
                {
                  "Node Type": "Hash Join",
                  "Parent Relationship": "Outer",
                  "Parallel Aware": true,
                  "Join Type": "Inner",
                  "Startup Cost": 46045.95,
                  "Total Cost": 90704.16,
                  "Plan Rows": 53639,
                  "Plan Width": 0,
                  "Actual Startup Time": 124.861,
                  "Actual Total Time": 316.797,
                  "Actual Rows": 39266,
                  "Actual Loops": 4,
                  "Inner Unique": true,
                  "Hash Cond": "(mk.movie_id = t.id)",
                  "Plans": [
                    {
                      "Node Type": "Seq Scan",
                      "Parent Relationship": "Outer",
                      "Parallel Aware": true,
                      "Relation Name": "movie_keyword",
                      "Alias": "mk",
                      "Startup Cost": 0.0,
                      "Total Cost": 42695.65,
                      "Plan Rows": 747642,
                      "Plan Width": 4,
                      "Actual Startup Time": 0.329,
                      "Actual Total Time": 130.848,
                      "Actual Rows": 578614,
                      "Actual Loops": 4,
                      "Filter": "(keyword_id > 4456)",
                      "Rows Removed by Filter": 552369
                    },
                    {
                      "Node Type": "Hash",
                      "Parent Relationship": "Inner",
                      "Parallel Aware": true,
                      "Startup Cost": 45479.1,
                      "Total Cost": 45479.1,
                      "Plan Rows": 45348,
                      "Plan Width": 4,
                      "Actual Startup Time": 121.978,
                      "Actual Total Time": 121.979,
                      "Actual Rows": 40342,
                      "Actual Loops": 4,
                      "Hash Buckets": 262144,
                      "Original Hash Buckets": 262144,
                      "Hash Batches": 1,
                      "Original Hash Batches": 1,
                      "Peak Memory Usage": 8448,
                      "Plans": [
                        {
                          "Node Type": "Seq Scan",
                          "Parent Relationship": "Outer",
                          "Parallel Aware": true,
                          "Relation Name": "title",
                          "Alias": "t",
                          "Startup Cost": 0.0,
                          "Total Cost": 45479.1,
                          "Plan Rows": 45348,
                          "Plan Width": 4,
                          "Actual Startup Time": 0.054,
                          "Actual Total Time": 107.432,
                          "Actual Rows": 40342,
                          "Actual Loops": 4,
                          "Filter": "((kind_id < 4) AND (production_year > 2009))",
                          "Rows Removed by Filter": 591736
                        }
                      ]
                    }
                  ]
                }
              ]
            }
          ]
        }
      ]
    },
    "Planning Time": 0.617,
    "Triggers": [],
    "Execution Time": 349.292
  }
]