[
  {
    "Plan": {
      "Node Type": "Aggregate",
      "Strategy": "Plain",
      "Partial Mode": "Finalize",
      "Parallel Aware": false,
      "Startup Cost": 244507.69,
      "Total Cost": 244507.7,
      "Plan Rows": 1,
      "Plan Width": 8,
      "Actual Startup Time": 226.411,
      "Actual Total Time": 262.283,
      "Actual Rows": 1,
      "Actual Loops": 1,
      "Plans": [
        {
          "Node Type": "Gather",
          "Parent Relationship": "Outer",
          "Parallel Aware": false,
          "Startup Cost": 244507.27,
          "Total Cost": 244507.68,
          "Plan Rows": 4,
          "Plan Width": 8,
          "Actual Startup Time": 226.208,
          "Actual Total Time": 262.271,
          "Actual Rows": 5,
          "Actual Loops": 1,
          "Workers Planned": 4,
          "Workers Launched": 4,
          "Single Copy": false,
          "Plans": [
            {
              "Node Type": "Aggregate",
              "Strategy": "Plain",
              "Partial Mode": "Partial",
              "Parent Relationship": "Outer",
              "Parallel Aware": false,
              "Startup Cost": 243507.27,
              "Total Cost": 243507.28,
              "Plan Rows": 1,
              "Plan Width": 8,
              "Actual Startup Time": 215.873,
              "Actual Total Time": 215.875,
              "Actual Rows": 1,
              "Actual Loops": 5,
              "Plans": [
                {
                  "Node Type": "Nested Loop",
                  "Parent Relationship": "Outer",
                  "Parallel Aware": false,
                  "Join Type": "Inner",
                  "Startup Cost": 0.43,
                  "Total Cost": 243457.31,
                  "Plan Rows": 19985,
                  "Plan Width": 0,
                  "Actual Startup Time": 0.38,
                  "Actual Total Time": 213.775,
                  "Actual Rows": 29336,
                  "Actual Loops": 5,
                  "Inner Unique": false,
                  "Plans": [
                    {
                      "Node Type": "Seq Scan",
                      "Parent Relationship": "Outer",
                      "Parallel Aware": true,
                      "Relation Name": "title",
                      "Alias": "t",
                      "Startup Cost": 0.0,
                      "Total Cost": 45479.59,
                      "Plan Rows": 8394,
                      "Plan Width": 4,
                      "Actual Startup Time": 0.168,
                      "Actual Total Time": 78.716,
                      "Actual Rows": 5623,
                      "Actual Loops": 5,
                      "Filter": "((kind_id < 7) AND (production_year = 2004))",
                      "Rows Removed by Filter": 500040
                    },
                    {
                      "Node Type": "Index Scan",
                      "Parent Relationship": "Inner",
                      "Parallel Aware": false,
                      "Scan Direction": "Forward",
                      "Index Name": "movie_id_movie_info",
                      "Relation Name": "movie_info",
                      "Alias": "mi",
                      "Startup Cost": 0.43,
                      "Total Cost": 23.42,
                      "Plan Rows": 17,
                      "Plan Width": 4,
                      "Actual Startup Time": 0.012,
                      "Actual Total Time": 0.023,
                      "Actual Rows": 5,
                      "Actual Loops": 28113,
                      "Index Cond": "(movie_id = t.id)",
                      "Rows Removed by Index Recheck": 0,
                      "Filter": "(info_type_id > 9)",
                      "Rows Removed by Filter": 7
                    }
                  ]
                }
              ]
            }
          ]
        }
      ]
    },
    "Planning Time": 0.693,
    "Triggers": [],
    "Execution Time": 262.367
  }
]