{
  "Plan": {
    "Node Type": "Aggregate",
    "Strategy": "Plain",
    "Partial Mode": "Finalize",
    "Parallel Aware": false,
    "Startup Cost": 22959.74,
    "Total Cost": 22959.75,
    "Plan Rows": 1,
    "Plan Width": 8,
    "Actual Startup Time": 27.078,
    "Actual Total Time": 30.43,
    "Actual Rows": 1,
    "Actual Loops": 1,
    "Plans": [
      {
        "Node Type": "Gather",
        "Parent Relationship": "Outer",
        "Parallel Aware": false,
        "Startup Cost": 22959.62,
        "Total Cost": 22959.73,
        "Plan Rows": 1,
        "Plan Width": 8,
        "Actual Startup Time": 26.989,
        "Actual Total Time": 30.424,
        "Actual Rows": 2,
        "Actual Loops": 1,
        "Workers Planned": 1,
        "Workers Launched": 1,
        "Single Copy": false,
        "Plans": [
          {
            "Node Type": "Aggregate",
            "Strategy": "Plain",
            "Partial Mode": "Partial",
            "Parent Relationship": "Outer",
            "Parallel Aware": false,
            "Startup Cost": 21959.62,
            "Total Cost": 21959.63,
            "Plan Rows": 1,
            "Plan Width": 8,
            "Actual Startup Time": 22.679,
            "Actual Total Time": 22.681,
            "Actual Rows": 1,
            "Actual Loops": 2,
            "Plans": [
              {
                "Node Type": "Nested Loop",
                "Parent Relationship": "Outer",
                "Parallel Aware": false,
                "Join Type": "Inner",
                "Startup Cost": 105.32,
                "Total Cost": 21956.16,
                "Plan Rows": 1385,
                "Plan Width": 0,
                "Actual Startup Time": 2.173,
                "Actual Total Time": 22.407,
                "Actual Rows": 1332,
                "Actual Loops": 2,
                "Inner Unique": true,
                "Plans": [
                  {
                    "Node Type": "Bitmap Heap Scan",
                    "Parent Relationship": "Outer",
                    "Parallel Aware": true,
                    "Relation Name": "movie_companies",
                    "Alias": "mc",
                    "Startup Cost": 104.89,
                    "Total Cost": 11070.32,
                    "Plan Rows": 1385,
                    "Plan Width": 4,
                    "Actual Startup Time": 2.03,
                    "Actual Total Time": 9.019,
                    "Actual Rows": 1332,
                    "Actual Loops": 2,
                    "Recheck Cond": "(company_id = 11149)",
                    "Rows Removed by Index Recheck": 0,
                    "Filter": "(company_type_id < 2)",
                    "Rows Removed by Filter": 1083,
                    "Exact Heap Blocks": 2223,
                    "Lossy Heap Blocks": 0,
                    "Plans": [
                      {
                        "Node Type": "Bitmap Index Scan",
                        "Parent Relationship": "Outer",
                        "Parallel Aware": false,
                        "Index Name": "company_id_movie_companies",
                        "Startup Cost": 0.0,
                        "Total Cost": 104.3,
                        "Plan Rows": 4783,
                        "Plan Width": 0,
                        "Actual Startup Time": 2.853,
                        "Actual Total Time": 2.853,
                        "Actual Rows": 4831,
                        "Actual Loops": 1,
                        "Index Cond": "(company_id = 11149)"
                      }
                    ]
                  },
                  {
                    "Node Type": "Index Only Scan",
                    "Parent Relationship": "Inner",
                    "Parallel Aware": false,
                    "Scan Direction": "Forward",
                    "Index Name": "title_pkey",
                    "Relation Name": "title",
                    "Alias": "t",
                    "Startup Cost": 0.43,
                    "Total Cost": 7.86,
                    "Plan Rows": 1,
                    "Plan Width": 4,
                    "Actual Startup Time": 0.009,
                    "Actual Total Time": 0.009,
                    "Actual Rows": 1,
                    "Actual Loops": 2665,
                    "Index Cond": "(id = mc.movie_id)",
                    "Rows Removed by Index Recheck": 0,
                    "Heap Fetches": 2665
                  }
                ]
              }
            ]
          }
        ]
      }
    ]
  },
  "Planning Time": 0.512,
  "Triggers": [],
  "Execution Time": 30.501
}