[
    {
        "Bao": {
            "Bao prediction": 1165.477,
            "Bao recommended hint": "SET enable_nestloop TO off; "
        }
    },
    {
        "Plan": {
            "Node Type": "Aggregate",
            "Strategy": "Plain",
            "Partial Mode": "Finalize",
            "Parallel Aware": false,
            "Startup Cost": 489922.67,
            "Total Cost": 489922.68,
            "Plan Rows": 1,
            "Plan Width": 96,
            "Actual Startup Time": 2072.832,
            "Actual Total Time": 2190.683,
            "Actual Rows": 1,
            "Actual Loops": 1,
            "Output": [
                "min(k.keyword)",
                "min(n.name)",
                "min(t.title)"
            ],
            "Plans": [
                {
                    "Node Type": "Gather",
                    "Parent Relationship": "Outer",
                    "Parallel Aware": false,
                    "Startup Cost": 489922.23,
                    "Total Cost": 489922.64,
                    "Plan Rows": 4,
                    "Plan Width": 96,
                    "Actual Startup Time": 2072.437,
                    "Actual Total Time": 2190.669,
                    "Actual Rows": 5,
                    "Actual Loops": 1,
                    "Output": [
                        "(PARTIAL min(k.keyword))",
                        "(PARTIAL min(n.name))",
                        "(PARTIAL min(t.title))"
                    ],
                    "Workers Planned": 4,
                    "Workers Launched": 4,
                    "Single Copy": false,
                    "Plans": [
                        {
                            "Node Type": "Aggregate",
                            "Strategy": "Plain",
                            "Partial Mode": "Partial",
                            "Parent Relationship": "Outer",
                            "Parallel Aware": false,
                            "Startup Cost": 488922.23,
                            "Total Cost": 488922.24,
                            "Plan Rows": 1,
                            "Plan Width": 96,
                            "Actual Startup Time": 2060.887,
                            "Actual Total Time": 2060.903,
                            "Actual Rows": 1,
                            "Actual Loops": 5,
                            "Output": [
                                "PARTIAL min(k.keyword)",
                                "PARTIAL min(n.name)",
                                "PARTIAL min(t.title)"
                            ],
                            "Workers": [
                                {
                                    "Worker Number": 0,
                                    "Actual Startup Time": 2058.009,
                                    "Actual Total Time": 2058.019,
                                    "Actual Rows": 1,
                                    "Actual Loops": 1
                                },
                                {
                                    "Worker Number": 1,
                                    "Actual Startup Time": 2058.273,
                                    "Actual Total Time": 2058.288,
                                    "Actual Rows": 1,
                                    "Actual Loops": 1
                                },
                                {
                                    "Worker Number": 2,
                                    "Actual Startup Time": 2058.392,
                                    "Actual Total Time": 2058.406,
                                    "Actual Rows": 1,
                                    "Actual Loops": 1
                                },
                                {
                                    "Worker Number": 3,
                                    "Actual Startup Time": 2058.889,
                                    "Actual Total Time": 2058.902,
                                    "Actual Rows": 1,
                                    "Actual Loops": 1
                                }
                            ],
                            "Plans": [
                                {
                                    "Node Type": "Hash Join",
                                    "Parent Relationship": "Outer",
                                    "Parallel Aware": true,
                                    "Join Type": "Inner",
                                    "Startup Cost": 443468.24,
                                    "Total Cost": 488922.21,
                                    "Plan Rows": 2,
                                    "Plan Width": 48,
                                    "Actual Startup Time": 1998.665,
                                    "Actual Total Time": 2060.869,
                                    "Actual Rows": 24,
                                    "Actual Loops": 5,
                                    "Output": [
                                        "k.keyword",
                                        "n.name",
                                        "t.title"
                                    ],
                                    "Inner Unique": false,
                                    "Hash Cond": "(t.id = mk.movie_id)",
                                    "Workers": [
                                        {
                                            "Worker Number": 0,
                                            "Actual Startup Time": 2000.219,
                                            "Actual Total Time": 2057.992,
                                            "Actual Rows": 13,
                                            "Actual Loops": 1
                                        },
                                        {
                                            "Worker Number": 1,
                                            "Actual Startup Time": 2004.651,
                                            "Actual Total Time": 2058.25,
                                            "Actual Rows": 25,
                                            "Actual Loops": 1
                                        },
                                        {
                                            "Worker Number": 2,
                                            "Actual Startup Time": 2001.569,
                                            "Actual Total Time": 2058.376,
                                            "Actual Rows": 27,
                                            "Actual Loops": 1
                                        },
                                        {
                                            "Worker Number": 3,
                                            "Actual Startup Time": 2024.224,
                                            "Actual Total Time": 2058.872,
                                            "Actual Rows": 13,
                                            "Actual Loops": 1
                                        }
                                    ],
                                    "Plans": [
                                        {
                                            "Node Type": "Seq Scan",
                                            "Parent Relationship": "Outer",
                                            "Parallel Aware": true,
                                            "Relation Name": "title",
                                            "Schema": "public",
                                            "Alias": "t",
                                            "Startup Cost": 0.0,
                                            "Total Cost": 43899.32,
                                            "Plan Rows": 414571,
                                            "Plan Width": 21,
                                            "Actual Startup Time": 0.037,
                                            "Actual Total Time": 98.901,
                                            "Actual Rows": 328703,
                                            "Actual Loops": 5,
                                            "Output": [
                                                "t.id",
                                                "t.title",
                                                "t.imdb_index",
                                                "t.kind_id",
                                                "t.production_year",
                                                "t.imdb_id",
                                                "t.phonetic_code",
                                                "t.episode_of_id",
                                                "t.season_nr",
                                                "t.episode_nr",
                                                "t.series_years",
                                                "t.md5sum"
                                            ],
                                            "Filter": "(t.production_year > 1994)",
                                            "Rows Removed by Filter": 176960,
                                            "Workers": [
                                                {
                                                    "Worker Number": 0,
                                                    "Actual Startup Time": 0.035,
                                                    "Actual Total Time": 100.12,
                                                    "Actual Rows": 408466,
                                                    "Actual Loops": 1
                                                },
                                                {
                                                    "Worker Number": 1,
                                                    "Actual Startup Time": 0.05,
                                                    "Actual Total Time": 98.77,
                                                    "Actual Rows": 269634,
                                                    "Actual Loops": 1
                                                },
                                                {
                                                    "Worker Number": 2,
                                                    "Actual Startup Time": 0.052,
                                                    "Actual Total Time": 96.757,
                                                    "Actual Rows": 253881,
                                                    "Actual Loops": 1
                                                },
                                                {
                                                    "Worker Number": 3,
                                                    "Actual Startup Time": 0.036,
                                                    "Actual Total Time": 98.654,
                                                    "Actual Rows": 269809,
                                                    "Actual Loops": 1
                                                }
                                            ]
                                        },
                                        {
                                            "Node Type": "Hash",
                                            "Parent Relationship": "Inner",
                                            "Parallel Aware": true,
                                            "Startup Cost": 443468.21,
                                            "Total Cost": 443468.21,
                                            "Plan Rows": 2,
                                            "Plan Width": 39,
                                            "Actual Startup Time": 1934.433,
                                            "Actual Total Time": 1934.447,
                                            "Actual Rows": 33,
                                            "Actual Loops": 5,
                                            "Output": [
                                                "ci.movie_id",
                                                "mk.movie_id",
                                                "k.keyword",
                                                "n.name"
                                            ],
                                            "Hash Buckets": 1024,
                                            "Original Hash Buckets": 1024,
                                            "Hash Batches": 1,
                                            "Original Hash Batches": 1,
                                            "Peak Memory Usage": 168,
                                            "Workers": [
                                                {
                                                    "Worker Number": 0,
                                                    "Actual Startup Time": 1932.258,
                                                    "Actual Total Time": 1932.268,
                                                    "Actual Rows": 32,
                                                    "Actual Loops": 1
                                                },
                                                {
                                                    "Worker Number": 1,
                                                    "Actual Startup Time": 1932.617,
                                                    "Actual Total Time": 1932.628,
                                                    "Actual Rows": 23,
                                                    "Actual Loops": 1
                                                },
                                                {
                                                    "Worker Number": 2,
                                                    "Actual Startup Time": 1932.673,
                                                    "Actual Total Time": 1932.683,
                                                    "Actual Rows": 35,
                                                    "Actual Loops": 1
                                                },
                                                {
                                                    "Worker Number": 3,
                                                    "Actual Startup Time": 1932.88,
                                                    "Actual Total Time": 1932.89,
                                                    "Actual Rows": 48,
                                                    "Actual Loops": 1
                                                }
                                            ],
                                            "Plans": [
                                                {
                                                    "Node Type": "Hash Join",
                                                    "Parent Relationship": "Outer",
                                                    "Parallel Aware": true,
                                                    "Join Type": "Inner",
                                                    "Startup Cost": 114272.69,
                                                    "Total Cost": 443468.21,
                                                    "Plan Rows": 2,
                                                    "Plan Width": 39,
                                                    "Actual Startup Time": 911.385,
                                                    "Actual Total Time": 1934.118,
                                                    "Actual Rows": 33,
                                                    "Actual Loops": 5,
                                                    "Output": [
                                                        "ci.movie_id",
                                                        "mk.movie_id",
                                                        "k.keyword",
                                                        "n.name"
                                                    ],
                                                    "Inner Unique": false,
                                                    "Hash Cond": "(ci.movie_id = mk.movie_id)",
                                                    "Workers": [
                                                        {
                                                            "Worker Number": 0,
                                                            "Actual Startup Time": 909.205,
                                                            "Actual Total Time": 1931.894,
                                                            "Actual Rows": 32,
                                                            "Actual Loops": 1
                                                        },
                                                        {
                                                            "Worker Number": 1,
                                                            "Actual Startup Time": 909.477,
                                                            "Actual Total Time": 1932.229,
                                                            "Actual Rows": 23,
                                                            "Actual Loops": 1
                                                        },
                                                        {
                                                            "Worker Number": 2,
                                                            "Actual Startup Time": 909.471,
                                                            "Actual Total Time": 1932.306,
                                                            "Actual Rows": 35,
                                                            "Actual Loops": 1
                                                        },
                                                        {
                                                            "Worker Number": 3,
                                                            "Actual Startup Time": 909.906,
                                                            "Actual Total Time": 1932.711,
                                                            "Actual Rows": 48,
                                                            "Actual Loops": 1
                                                        }
                                                    ],
                                                    "Plans": [
                                                        {
                                                            "Node Type": "Hash Join",
                                                            "Parent Relationship": "Outer",
                                                            "Parallel Aware": true,
                                                            "Join Type": "Inner",
                                                            "Startup Cost": 68768.23,
                                                            "Total Cost": 397734.87,
                                                            "Plan Rows": 61030,
                                                            "Plan Width": 19,
                                                            "Actual Startup Time": 223.631,
                                                            "Actual Total Time": 1719.369,
                                                            "Actual Rows": 18956,
                                                            "Actual Loops": 5,
                                                            "Output": [
                                                                "ci.movie_id",
                                                                "n.name"
                                                            ],
                                                            "Inner Unique": true,
                                                            "Hash Cond": "(ci.person_id = n.id)",
                                                            "Workers": [
                                                                {
                                                                    "Worker Number": 0,
                                                                    "Actual Startup Time": 205.278,
                                                                    "Actual Total Time": 1719.341,
                                                                    "Actual Rows": 17921,
                                                                    "Actual Loops": 1
                                                                },
                                                                {
                                                                    "Worker Number": 1,
                                                                    "Actual Startup Time": 185.835,
                                                                    "Actual Total Time": 1719.384,
                                                                    "Actual Rows": 16795,
                                                                    "Actual Loops": 1
                                                                },
                                                                {
                                                                    "Worker Number": 2,
                                                                    "Actual Startup Time": 214.619,
                                                                    "Actual Total Time": 1719.4,
                                                                    "Actual Rows": 16607,
                                                                    "Actual Loops": 1
                                                                },
                                                                {
                                                                    "Worker Number": 3,
                                                                    "Actual Startup Time": 183.073,
                                                                    "Actual Total Time": 1719.326,
                                                                    "Actual Rows": 24453,
                                                                    "Actual Loops": 1
                                                                }
                                                            ],
                                                            "Plans": [
                                                                {
                                                                    "Node Type": "Seq Scan",
                                                                    "Parent Relationship": "Outer",
                                                                    "Parallel Aware": true,
                                                                    "Relation Name": "cast_info",
                                                                    "Schema": "public",
                                                                    "Alias": "ci",
                                                                    "Startup Cost": 0.0,
                                                                    "Total Cost": 313106.51,
                                                                    "Plan Rows": 6041951,
                                                                    "Plan Width": 8,
                                                                    "Actual Startup Time": 0.012,
                                                                    "Actual Total Time": 862.412,
                                                                    "Actual Rows": 7248869,
                                                                    "Actual Loops": 5,
                                                                    "Output": [
                                                                        "ci.id",
                                                                        "ci.person_id",
                                                                        "ci.movie_id",
                                                                        "ci.person_role_id",
                                                                        "ci.note",
                                                                        "ci.nr_order",
                                                                        "ci.role_id"
                                                                    ],
                                                                    "Workers": [
                                                                        {
                                                                            "Worker Number": 0,
                                                                            "Actual Startup Time": 0.011,
                                                                            "Actual Total Time": 851.98,
                                                                            "Actual Rows": 6681683,
                                                                            "Actual Loops": 1
                                                                        },
                                                                        {
                                                                            "Worker Number": 1,
                                                                            "Actual Startup Time": 0.011,
                                                                            "Actual Total Time": 853.203,
                                                                            "Actual Rows": 6441657,
                                                                            "Actual Loops": 1
                                                                        },
                                                                        {
                                                                            "Worker Number": 2,
                                                                            "Actual Startup Time": 0.01,
                                                                            "Actual Total Time": 867.185,
                                                                            "Actual Rows": 6328895,
                                                                            "Actual Loops": 1
                                                                        },
                                                                        {
                                                                            "Worker Number": 3,
                                                                            "Actual Startup Time": 0.02,
                                                                            "Actual Total Time": 878.775,
                                                                            "Actual Rows": 9499614,
                                                                            "Actual Loops": 1
                                                                        }
                                                                    ]
                                                                },
                                                                {
                                                                    "Node Type": "Hash",
                                                                    "Parent Relationship": "Inner",
                                                                    "Parallel Aware": true,
                                                                    "Startup Cost": 68636.68,
                                                                    "Total Cost": 68636.68,
                                                                    "Plan Rows": 10524,
                                                                    "Plan Width": 19,
                                                                    "Actual Startup Time": 182.648,
                                                                    "Actual Total Time": 182.65,
                                                                    "Actual Rows": 2142,
                                                                    "Actual Loops": 5,
                                                                    "Output": [
                                                                        "n.name",
                                                                        "n.id"
                                                                    ],
                                                                    "Hash Buckets": 65536,
                                                                    "Original Hash Buckets": 65536,
                                                                    "Hash Batches": 1,
                                                                    "Original Hash Batches": 1,
                                                                    "Peak Memory Usage": 1152,
                                                                    "Workers": [
                                                                        {
                                                                            "Worker Number": 0,
                                                                            "Actual Startup Time": 182.669,
                                                                            "Actual Total Time": 182.67,
                                                                            "Actual Rows": 2122,
                                                                            "Actual Loops": 1
                                                                        },
                                                                        {
                                                                            "Worker Number": 1,
                                                                            "Actual Startup Time": 182.679,
                                                                            "Actual Total Time": 182.68,
                                                                            "Actual Rows": 1689,
                                                                            "Actual Loops": 1
                                                                        },
                                                                        {
                                                                            "Worker Number": 2,
                                                                            "Actual Startup Time": 182.698,
                                                                            "Actual Total Time": 182.699,
                                                                            "Actual Rows": 1871,
                                                                            "Actual Loops": 1
                                                                        },
                                                                        {
                                                                            "Worker Number": 3,
                                                                            "Actual Startup Time": 182.472,
                                                                            "Actual Total Time": 182.473,
                                                                            "Actual Rows": 2770,
                                                                            "Actual Loops": 1
                                                                        }
                                                                    ],
                                                                    "Plans": [
                                                                        {
                                                                            "Node Type": "Seq Scan",
                                                                            "Parent Relationship": "Outer",
                                                                            "Parallel Aware": true,
                                                                            "Relation Name": "name",
                                                                            "Schema": "public",
                                                                            "Alias": "n",
                                                                            "Startup Cost": 0.0,
                                                                            "Total Cost": 68636.68,
                                                                            "Plan Rows": 10524,
                                                                            "Plan Width": 19,
                                                                            "Actual Startup Time": 4.338,
                                                                            "Actual Total Time": 180.177,
                                                                            "Actual Rows": 2142,
                                                                            "Actual Loops": 5,
                                                                            "Output": [
                                                                                "n.name",
                                                                                "n.id"
                                                                            ],
                                                                            "Filter": "(n.name ~~ '%Williams,%'::text)",
                                                                            "Rows Removed by Filter": 831357,
                                                                            "Workers": [
                                                                                {
                                                                                    "Worker Number": 0,
                                                                                    "Actual Startup Time": 9.55,
                                                                                    "Actual Total Time": 180.247,
                                                                                    "Actual Rows": 2122,
                                                                                    "Actual Loops": 1
                                                                                },
                                                                                {
                                                                                    "Worker Number": 1,
                                                                                    "Actual Startup Time": 3.169,
                                                                                    "Actual Total Time": 180.115,
                                                                                    "Actual Rows": 1689,
                                                                                    "Actual Loops": 1
                                                                                },
                                                                                {
                                                                                    "Worker Number": 2,
                                                                                    "Actual Startup Time": 4.479,
                                                                                    "Actual Total Time": 180.232,
                                                                                    "Actual Rows": 1871,
                                                                                    "Actual Loops": 1
                                                                                },
                                                                                {
                                                                                    "Worker Number": 3,
                                                                                    "Actual Startup Time": 0.089,
                                                                                    "Actual Total Time": 180.156,
                                                                                    "Actual Rows": 2770,
                                                                                    "Actual Loops": 1
                                                                                }
                                                                            ]
                                                                        }
                                                                    ]
                                                                }
                                                            ]
                                                        },
                                                        {
                                                            "Node Type": "Hash",
                                                            "Parent Relationship": "Inner",
                                                            "Parallel Aware": true,
                                                            "Startup Cost": 45504.33,
                                                            "Total Cost": 45504.33,
                                                            "Plan Rows": 11,
                                                            "Plan Width": 20,
                                                            "Actual Startup Time": 212.067,
                                                            "Actual Total Time": 212.07,
                                                            "Actual Rows": 315,
                                                            "Actual Loops": 5,
                                                            "Output": [
                                                                "k.keyword",
                                                                "mk.movie_id"
                                                            ],
                                                            "Hash Buckets": 1024,
                                                            "Original Hash Buckets": 1024,
                                                            "Hash Batches": 1,
                                                            "Original Hash Batches": 1,
                                                            "Peak Memory Usage": 168,
                                                            "Workers": [
                                                                {
                                                                    "Worker Number": 0,
                                                                    "Actual Startup Time": 209.849,
                                                                    "Actual Total Time": 209.851,
                                                                    "Actual Rows": 276,
                                                                    "Actual Loops": 1
                                                                },
                                                                {
                                                                    "Worker Number": 1,
                                                                    "Actual Startup Time": 210.183,
                                                                    "Actual Total Time": 210.188,
                                                                    "Actual Rows": 239,
                                                                    "Actual Loops": 1
                                                                },
                                                                {
                                                                    "Worker Number": 2,
                                                                    "Actual Startup Time": 210.263,
                                                                    "Actual Total Time": 210.267,
                                                                    "Actual Rows": 308,
                                                                    "Actual Loops": 1
                                                                },
                                                                {
                                                                    "Worker Number": 3,
                                                                    "Actual Startup Time": 210.666,
                                                                    "Actual Total Time": 210.669,
                                                                    "Actual Rows": 478,
                                                                    "Actual Loops": 1
                                                                }
                                                            ],
                                                            "Plans": [
                                                                {
                                                                    "Node Type": "Hash Join",
                                                                    "Parent Relationship": "Outer",
                                                                    "Parallel Aware": false,
                                                                    "Join Type": "Inner",
                                                                    "Startup Cost": 2626.14,
                                                                    "Total Cost": 45504.33,
                                                                    "Plan Rows": 11,
                                                                    "Plan Width": 20,
                                                                    "Actual Startup Time": 26.404,
                                                                    "Actual Total Time": 211.833,
                                                                    "Actual Rows": 315,
                                                                    "Actual Loops": 5,
                                                                    "Output": [
                                                                        "k.keyword",
                                                                        "mk.movie_id"
                                                                    ],
                                                                    "Inner Unique": true,
                                                                    "Hash Cond": "(mk.keyword_id = k.id)",
                                                                    "Workers": [
                                                                        {
                                                                            "Worker Number": 0,
                                                                            "Actual Startup Time": 25.583,
                                                                            "Actual Total Time": 209.618,
                                                                            "Actual Rows": 276,
                                                                            "Actual Loops": 1
                                                                        },
                                                                        {
                                                                            "Worker Number": 1,
                                                                            "Actual Startup Time": 26.278,
                                                                            "Actual Total Time": 209.997,
                                                                            "Actual Rows": 239,
                                                                            "Actual Loops": 1
                                                                        },
                                                                        {
                                                                            "Worker Number": 2,
                                                                            "Actual Startup Time": 25.83,
                                                                            "Actual Total Time": 210.028,
                                                                            "Actual Rows": 308,
                                                                            "Actual Loops": 1
                                                                        },
                                                                        {
                                                                            "Worker Number": 3,
                                                                            "Actual Startup Time": 25.496,
                                                                            "Actual Total Time": 210.358,
                                                                            "Actual Rows": 478,
                                                                            "Actual Loops": 1
                                                                        }
                                                                    ],
                                                                    "Plans": [
                                                                        {
                                                                            "Node Type": "Seq Scan",
                                                                            "Parent Relationship": "Outer",
                                                                            "Parallel Aware": true,
                                                                            "Relation Name": "movie_keyword",
                                                                            "Schema": "public",
                                                                            "Alias": "mk",
                                                                            "Startup Cost": 0.0,
                                                                            "Total Cost": 39047.32,
                                                                            "Plan Rows": 1459332,
                                                                            "Plan Width": 8,
                                                                            "Actual Startup Time": 0.053,
                                                                            "Actual Total Time": 105.883,
                                                                            "Actual Rows": 904786,
                                                                            "Actual Loops": 5,
                                                                            "Output": [
                                                                                "mk.id",
                                                                                "mk.movie_id",
                                                                                "mk.keyword_id"
                                                                            ],
                                                                            "Workers": [
                                                                                {
                                                                                    "Worker Number": 0,
                                                                                    "Actual Startup Time": 0.064,
                                                                                    "Actual Total Time": 104.443,
                                                                                    "Actual Rows": 813445,
                                                                                    "Actual Loops": 1
                                                                                },
                                                                                {
                                                                                    "Worker Number": 1,
                                                                                    "Actual Startup Time": 0.057,
                                                                                    "Actual Total Time": 109.176,
                                                                                    "Actual Rows": 713175,
                                                                                    "Actual Loops": 1
                                                                                },
                                                                                {
                                                                                    "Worker Number": 2,
                                                                                    "Actual Startup Time": 0.06,
                                                                                    "Actual Total Time": 105.097,
                                                                                    "Actual Rows": 816590,
                                                                                    "Actual Loops": 1
                                                                                },
                                                                                {
                                                                                    "Worker Number": 3,
                                                                                    "Actual Startup Time": 0.064,
                                                                                    "Actual Total Time": 105.61,
                                                                                    "Actual Rows": 1288340,
                                                                                    "Actual Loops": 1
                                                                                }
                                                                            ]
                                                                        },
                                                                        {
                                                                            "Node Type": "Hash",
                                                                            "Parent Relationship": "Inner",
                                                                            "Parallel Aware": false,
                                                                            "Startup Cost": 2626.12,
                                                                            "Total Cost": 2626.12,
                                                                            "Plan Rows": 1,
                                                                            "Plan Width": 20,
                                                                            "Actual Startup Time": 25.002,
                                                                            "Actual Total Time": 25.003,
                                                                            "Actual Rows": 1,
                                                                            "Actual Loops": 5,
                                                                            "Output": [
                                                                                "k.keyword",
                                                                                "k.id"
                                                                            ],
                                                                            "Hash Buckets": 1024,
                                                                            "Original Hash Buckets": 1024,
                                                                            "Hash Batches": 1,
                                                                            "Original Hash Batches": 1,
                                                                            "Peak Memory Usage": 9,
                                                                            "Workers": [
                                                                                {
                                                                                    "Worker Number": 0,
                                                                                    "Actual Startup Time": 24.614,
                                                                                    "Actual Total Time": 24.614,
                                                                                    "Actual Rows": 1,
                                                                                    "Actual Loops": 1
                                                                                },
                                                                                {
                                                                                    "Worker Number": 1,
                                                                                    "Actual Startup Time": 24.239,
                                                                                    "Actual Total Time": 24.241,
                                                                                    "Actual Rows": 1,
                                                                                    "Actual Loops": 1
                                                                                },
                                                                                {
                                                                                    "Worker Number": 2,
                                                                                    "Actual Startup Time": 24.041,
                                                                                    "Actual Total Time": 24.042,
                                                                                    "Actual Rows": 1,
                                                                                    "Actual Loops": 1
                                                                                },
                                                                                {
                                                                                    "Worker Number": 3,
                                                                                    "Actual Startup Time": 24.858,
                                                                                    "Actual Total Time": 24.859,
                                                                                    "Actual Rows": 1,
                                                                                    "Actual Loops": 1
                                                                                }
                                                                            ],
                                                                            "Plans": [
                                                                                {
                                                                                    "Node Type": "Seq Scan",
                                                                                    "Parent Relationship": "Outer",
                                                                                    "Parallel Aware": false,
                                                                                    "Relation Name": "keyword",
                                                                                    "Schema": "public",
                                                                                    "Alias": "k",
                                                                                    "Startup Cost": 0.0,
                                                                                    "Total Cost": 2626.12,
                                                                                    "Plan Rows": 1,
                                                                                    "Plan Width": 20,
                                                                                    "Actual Startup Time": 0.901,
                                                                                    "Actual Total Time": 24.981,
                                                                                    "Actual Rows": 1,
                                                                                    "Actual Loops": 5,
                                                                                    "Output": [
                                                                                        "k.keyword",
                                                                                        "k.id"
                                                                                    ],
                                                                                    "Filter": "(k.keyword = 'superhero'::text)",
                                                                                    "Rows Removed by Filter": 134169,
                                                                                    "Workers": [
                                                                                        {
                                                                                            "Worker Number": 0,
                                                                                            "Actual Startup Time": 0.959,
                                                                                            "Actual Total Time": 24.59,
                                                                                            "Actual Rows": 1,
                                                                                            "Actual Loops": 1
                                                                                        },
                                                                                        {
                                                                                            "Worker Number": 1,
                                                                                            "Actual Startup Time": 0.791,
                                                                                            "Actual Total Time": 24.218,
                                                                                            "Actual Rows": 1,
                                                                                            "Actual Loops": 1
                                                                                        },
                                                                                        {
                                                                                            "Worker Number": 2,
                                                                                            "Actual Startup Time": 0.847,
                                                                                            "Actual Total Time": 24.019,
                                                                                            "Actual Rows": 1,
                                                                                            "Actual Loops": 1
                                                                                        },
                                                                                        {
                                                                                            "Worker Number": 3,
                                                                                            "Actual Startup Time": 0.953,
                                                                                            "Actual Total Time": 24.834,
                                                                                            "Actual Rows": 1,
                                                                                            "Actual Loops": 1
                                                                                        }
                                                                                    ]
                                                                                }
                                                                            ]
                                                                        }
                                                                    ]
                                                                }
                                                            ]
                                                        }
                                                    ]
                                                }
                                            ]
                                        }
                                    ]
                                }
                            ]
                        }
                    ]
                }
            ]
        },
        "Planning Time": 1468.499,
        "Triggers": [],
        "Execution Time": 2191.454
    }
]