{
  "Plan": {
    "Node Type": "Aggregate",
    "Strategy": "Plain",
    "Partial Mode": "Finalize",
    "Parallel Aware": false,
    "Startup Cost": 176790.73,
    "Total Cost": 176790.74,
    "Plan Rows": 1,
    "Plan Width": 8,
    "Actual Startup Time": 1198.258,
    "Actual Total Time": 1262.99,
    "Actual Rows": 1,
    "Actual Loops": 1,
    "Plans": [
      {
        "Node Type": "Gather",
        "Parent Relationship": "Outer",
        "Parallel Aware": false,
        "Startup Cost": 176790.62,
        "Total Cost": 176790.73,
        "Plan Rows": 1,
        "Plan Width": 8,
        "Actual Startup Time": 1192.128,
        "Actual Total Time": 1262.979,
        "Actual Rows": 2,
        "Actual Loops": 1,
        "Workers Planned": 1,
        "Workers Launched": 1,
        "Single Copy": false,
        "Plans": [
          {
            "Node Type": "Aggregate",
            "Strategy": "Plain",
            "Partial Mode": "Partial",
            "Parent Relationship": "Outer",
            "Parallel Aware": false,
            "Startup Cost": 175790.62,
            "Total Cost": 175790.63,
            "Plan Rows": 1,
            "Plan Width": 8,
            "Actual Startup Time": 1180.559,
            "Actual Total Time": 1180.563,
            "Actual Rows": 1,
            "Actual Loops": 2,
            "Plans": [
              {
                "Node Type": "Nested Loop",
                "Parent Relationship": "Outer",
                "Parallel Aware": false,
                "Join Type": "Inner",
                "Startup Cost": 70941.49,
                "Total Cost": 175191.55,
                "Plan Rows": 239629,
                "Plan Width": 0,
                "Actual Startup Time": 519.043,
                "Actual Total Time": 1133.043,
                "Actual Rows": 1034376,
                "Actual Loops": 2,
                "Inner Unique": false,
                "Plans": [
                  {
                    "Node Type": "Hash Join",
                    "Parent Relationship": "Outer",
                    "Parallel Aware": true,
                    "Join Type": "Inner",
                    "Startup Cost": 70941.06,
                    "Total Cost": 96014.9,
                    "Plan Rows": 40981,
                    "Plan Width": 8,
                    "Actual Startup Time": 518.963,
                    "Actual Total Time": 577.117,
                    "Actual Rows": 34574,
                    "Actual Loops": 2,
                    "Inner Unique": true,
                    "Hash Cond": "(mk.movie_id = t.id)",
                    "Plans": [
                      {
                        "Node Type": "Bitmap Heap Scan",
                        "Parent Relationship": "Outer",
                        "Parallel Aware": true,
                        "Relation Name": "movie_keyword",
                        "Alias": "mk",
                        "Startup Cost": 1480.36,
                        "Total Cost": 26446.62,
                        "Plan Rows": 40981,
                        "Plan Width": 4,
                        "Actual Startup Time": 7.262,
                        "Actual Total Time": 37.336,
                        "Actual Rows": 34574,
                        "Actual Loops": 2,
                        "Recheck Cond": "(keyword_id < 62)",
                        "Rows Removed by Index Recheck": 0,
                        "Exact Heap Blocks": 11143,
                        "Lossy Heap Blocks": 0,
                        "Plans": [
                          {
                            "Node Type": "Bitmap Index Scan",
                            "Parent Relationship": "Outer",
                            "Parallel Aware": false,
                            "Index Name": "keyword_id_movie_keyword",
                            "Startup Cost": 0.0,
                            "Total Cost": 1462.94,
                            "Plan Rows": 69668,
                            "Plan Width": 0,
                            "Actual Startup Time": 4.454,
                            "Actual Total Time": 4.455,
                            "Actual Rows": 69147,
                            "Actual Loops": 1,
                            "Index Cond": "(keyword_id < 62)"
                          }
                        ]
                      },
                      {
                        "Node Type": "Hash",
                        "Parent Relationship": "Inner",
                        "Parallel Aware": true,
                        "Startup Cost": 50870.31,
                        "Total Cost": 50870.31,
                        "Plan Rows": 1487231,
                        "Plan Width": 4,
                        "Actual Startup Time": 490.533,
                        "Actual Total Time": 490.534,
                        "Actual Rows": 1264156,
                        "Actual Loops": 2,
                        "Hash Buckets": 4194304,
                        "Original Hash Buckets": 4194304,
                        "Hash Batches": 1,
                        "Original Hash Batches": 1,
                        "Peak Memory Usage": 131712,
                        "Plans": [
                          {
                            "Node Type": "Seq Scan",
                            "Parent Relationship": "Outer",
                            "Parallel Aware": true,
                            "Relation Name": "title",
                            "Alias": "t",
                            "Startup Cost": 0.0,
                            "Total Cost": 50870.31,
                            "Plan Rows": 1487231,
                            "Plan Width": 4,
                            "Actual Startup Time": 0.024,
                            "Actual Total Time": 148.751,
                            "Actual Rows": 1264156,
                            "Actual Loops": 2
                          }
                        ]
                      }
                    ]
                  },
                  {
                    "Node Type": "Index Only Scan",
                    "Parent Relationship": "Inner",
                    "Parallel Aware": false,
                    "Scan Direction": "Forward",
                    "Index Name": "movie_id_movie_info",
                    "Relation Name": "movie_info",
                    "Alias": "mi",
                    "Startup Cost": 0.43,
                    "Total Cost": 1.51,
                    "Plan Rows": 42,
                    "Plan Width": 4,
                    "Actual Startup Time": 0.004,
                    "Actual Total Time": 0.014,
                    "Actual Rows": 30,
                    "Actual Loops": 69147,
                    "Index Cond": "(movie_id = t.id)",
                    "Rows Removed by Index Recheck": 0,
                    "Heap Fetches": 2068753
                  }
                ]
              }
            ]
          }
        ]
      }
    ]
  },
  "Planning Time": 0.987,
  "Triggers": [],
  "Execution Time": 1263.107
}