{
  "Plan": {
    "Node Type": "Aggregate",
    "Strategy": "Plain",
    "Partial Mode": "Finalize",
    "Parallel Aware": false,
    "Startup Cost": 67009.57,
    "Total Cost": 67009.58,
    "Plan Rows": 1,
    "Plan Width": 8,
    "Actual Startup Time": 200.563,
    "Actual Total Time": 207.051,
    "Actual Rows": 1,
    "Actual Loops": 1,
    "Plans": [
      {
        "Node Type": "Gather",
        "Parent Relationship": "Outer",
        "Parallel Aware": false,
        "Startup Cost": 67009.45,
        "Total Cost": 67009.56,
        "Plan Rows": 1,
        "Plan Width": 8,
        "Actual Startup Time": 199.536,
        "Actual Total Time": 207.043,
        "Actual Rows": 2,
        "Actual Loops": 1,
        "Workers Planned": 1,
        "Workers Launched": 1,
        "Single Copy": false,
        "Plans": [
          {
            "Node Type": "Aggregate",
            "Strategy": "Plain",
            "Partial Mode": "Partial",
            "Parent Relationship": "Outer",
            "Parallel Aware": false,
            "Startup Cost": 66009.45,
            "Total Cost": 66009.46,
            "Plan Rows": 1,
            "Plan Width": 8,
            "Actual Startup Time": 194.484,
            "Actual Total Time": 194.488,
            "Actual Rows": 1,
            "Actual Loops": 2,
            "Plans": [
              {
                "Node Type": "Hash Join",
                "Parent Relationship": "Outer",
                "Parallel Aware": true,
                "Join Type": "Inner",
                "Startup Cost": 56336.47,
                "Total Cost": 65948.69,
                "Plan Rows": 24305,
                "Plan Width": 0,
                "Actual Startup Time": 141.313,
                "Actual Total Time": 193.341,
                "Actual Rows": 27013,
                "Actual Loops": 2,
                "Inner Unique": true,
                "Hash Cond": "(ci.movie_id = t.id)",
                "Plans": [
                  {
                    "Node Type": "Index Scan",
                    "Parent Relationship": "Outer",
                    "Parallel Aware": true,
                    "Scan Direction": "Forward",
                    "Index Name": "role_id_cast_info",
                    "Relation Name": "cast_info",
                    "Alias": "ci",
                    "Startup Cost": 0.56,
                    "Total Cost": 9152.21,
                    "Plan Rows": 175457,
                    "Plan Width": 4,
                    "Actual Startup Time": 0.112,
                    "Actual Total Time": 21.172,
                    "Actual Rows": 158059,
                    "Actual Loops": 2,
                    "Index Cond": "(role_id > 10)",
                    "Rows Removed by Index Recheck": 0
                  },
                  {
                    "Node Type": "Hash",
                    "Parent Relationship": "Inner",
                    "Parallel Aware": true,
                    "Startup Cost": 53760.67,
                    "Total Cost": 53760.67,
                    "Plan Rows": 206019,
                    "Plan Width": 4,
                    "Actual Startup Time": 135.8,
                    "Actual Total Time": 135.802,
                    "Actual Rows": 132638,
                    "Actual Loops": 2,
                    "Hash Buckets": 524288,
                    "Original Hash Buckets": 524288,
                    "Hash Batches": 1,
                    "Original Hash Batches": 1,
                    "Peak Memory Usage": 14496,
                    "Plans": [
                      {
                        "Node Type": "Bitmap Heap Scan",
                        "Parent Relationship": "Outer",
                        "Parallel Aware": true,
                        "Relation Name": "title",
                        "Alias": "t",
                        "Startup Cost": 11910.41,
                        "Total Cost": 53760.67,
                        "Plan Rows": 206019,
                        "Plan Width": 4,
                        "Actual Startup Time": 36.725,
                        "Actual Total Time": 100.367,
                        "Actual Rows": 132638,
                        "Actual Loops": 2,
                        "Recheck Cond": "(kind_id = 1)",
                        "Rows Removed by Index Recheck": 0,
                        "Filter": "(production_year > 2001)",
                        "Rows Removed by Filter": 198775,
                        "Exact Heap Blocks": 8120,
                        "Lossy Heap Blocks": 0,
                        "Plans": [
                          {
                            "Node Type": "Bitmap Index Scan",
                            "Parent Relationship": "Outer",
                            "Parallel Aware": false,
                            "Index Name": "kind_id_title",
                            "Startup Cost": 0.0,
                            "Total Cost": 11822.85,
                            "Plan Rows": 663256,
                            "Plan Width": 0,
                            "Actual Startup Time": 34.738,
                            "Actual Total Time": 34.738,
                            "Actual Rows": 662825,
                            "Actual Loops": 1,
                            "Index Cond": "(kind_id = 1)"
                          }
                        ]
                      }
                    ]
                  }
                ]
              }
            ]
          }
        ]
      }
    ]
  },
  "Planning Time": 0.7,
  "Triggers": [],
  "Execution Time": 207.171
}