[
  {
    "Plan": {
      "Node Type": "Aggregate",
      "Strategy": "Plain",
      "Partial Mode": "Finalize",
      "Parallel Aware": false,
      "Startup Cost": 339881.95,
      "Total Cost": 339881.96,
      "Plan Rows": 1,
      "Plan Width": 8,
      "Actual Startup Time": 995.445,
      "Actual Total Time": 1043.27,
      "Actual Rows": 1,
      "Actual Loops": 1,
      "Plans": [
        {
          "Node Type": "Gather",
          "Parent Relationship": "Outer",
          "Parallel Aware": false,
          "Startup Cost": 339881.32,
          "Total Cost": 339881.93,
          "Plan Rows": 6,
          "Plan Width": 8,
          "Actual Startup Time": 995.291,
          "Actual Total Time": 1043.253,
          "Actual Rows": 7,
          "Actual Loops": 1,
          "Workers Planned": 6,
          "Workers Launched": 6,
          "Single Copy": false,
          "Plans": [
            {
              "Node Type": "Aggregate",
              "Strategy": "Plain",
              "Partial Mode": "Partial",
              "Parent Relationship": "Outer",
              "Parallel Aware": false,
              "Startup Cost": 338881.32,
              "Total Cost": 338881.33,
              "Plan Rows": 1,
              "Plan Width": 8,
              "Actual Startup Time": 986.434,
              "Actual Total Time": 986.436,
              "Actual Rows": 1,
              "Actual Loops": 7,
              "Plans": [
                {
                  "Node Type": "Seq Scan",
                  "Parent Relationship": "Outer",
                  "Parallel Aware": true,
                  "Relation Name": "cast_info",
                  "Alias": "ci",
                  "Startup Cost": 0.0,
                  "Total Cost": 328211.39,
                  "Plan Rows": 4267972,
                  "Plan Width": 0,
                  "Actual Startup Time": 146.24,
                  "Actual Total Time": 764.399,
                  "Actual Rows": 3654283,
                  "Actual Loops": 7,
                  "Filter": "(person_id > 1046391)",
                  "Rows Removed by Filter": 1523480
                }
              ]
            }
          ]
        }
      ]
    },
    "Planning Time": 0.124,
    "Triggers": [],
    "Execution Time": 1043.321
  }
]