[
  {
    "Plan": {
      "Node Type": "Aggregate",
      "Strategy": "Plain",
      "Partial Mode": "Finalize",
      "Parallel Aware": false,
      "Startup Cost": 32937.61,
      "Total Cost": 32937.62,
      "Plan Rows": 1,
      "Plan Width": 8,
      "Actual Startup Time": 100.224,
      "Actual Total Time": 108.425,
      "Actual Rows": 1,
      "Actual Loops": 1,
      "Plans": [
        {
          "Node Type": "Gather",
          "Parent Relationship": "Outer",
          "Parallel Aware": false,
          "Startup Cost": 32937.29,
          "Total Cost": 32937.6,
          "Plan Rows": 3,
          "Plan Width": 8,
          "Actual Startup Time": 100.088,
          "Actual Total Time": 108.416,
          "Actual Rows": 4,
          "Actual Loops": 1,
          "Workers Planned": 3,
          "Workers Launched": 3,
          "Single Copy": false,
          "Plans": [
            {
              "Node Type": "Aggregate",
              "Strategy": "Plain",
              "Partial Mode": "Partial",
              "Parent Relationship": "Outer",
              "Parallel Aware": false,
              "Startup Cost": 31937.29,
              "Total Cost": 31937.3,
              "Plan Rows": 1,
              "Plan Width": 8,
              "Actual Startup Time": 91.806,
              "Actual Total Time": 91.807,
              "Actual Rows": 1,
              "Actual Loops": 4,
              "Plans": [
                {
                  "Node Type": "Seq Scan",
                  "Parent Relationship": "Outer",
                  "Parallel Aware": true,
                  "Relation Name": "movie_companies",
                  "Alias": "mc",
                  "Startup Cost": 0.0,
                  "Total Cost": 31414.82,
                  "Plan Rows": 208989,
                  "Plan Width": 0,
                  "Actual Startup Time": 0.043,
                  "Actual Total Time": 78.618,
                  "Actual Rows": 220372,
                  "Actual Loops": 4,
                  "Filter": "((company_id < 11339) AND (company_type_id = 1))",
                  "Rows Removed by Filter": 431910
                }
              ]
            }
          ]
        }
      ]
    },
    "Planning Time": 0.177,
    "Triggers": [],
    "Execution Time": 108.469
  }
]