[
    {
        "Bao": {
            "Bao prediction": "NaN",
            "Bao recommended hint": "(no hint)"
        }
    },
    {
        "Plan": {
            "Node Type": "Aggregate",
            "Strategy": "Plain",
            "Partial Mode": "Finalize",
            "Parallel Aware": false,
            "Startup Cost": 239885.21,
            "Total Cost": 239885.22,
            "Plan Rows": 1,
            "Plan Width": 8,
            "Actual Startup Time": 298.485,
            "Actual Total Time": 308.895,
            "Actual Rows": 1,
            "Actual Loops": 1,
            "Output": [
                "count(*)"
            ],
            "Plans": [
                {
                    "Node Type": "Gather",
                    "Parent Relationship": "Outer",
                    "Parallel Aware": false,
                    "Startup Cost": 239884.69,
                    "Total Cost": 239885.2,
                    "Plan Rows": 5,
                    "Plan Width": 8,
                    "Actual Startup Time": 294.841,
                    "Actual Total Time": 308.888,
                    "Actual Rows": 6,
                    "Actual Loops": 1,
                    "Output": [
                        "(PARTIAL count(*))"
                    ],
                    "Workers Planned": 5,
                    "Workers Launched": 5,
                    "Single Copy": false,
                    "Plans": [
                        {
                            "Node Type": "Aggregate",
                            "Strategy": "Plain",
                            "Partial Mode": "Partial",
                            "Parent Relationship": "Outer",
                            "Parallel Aware": false,
                            "Startup Cost": 238884.69,
                            "Total Cost": 238884.7,
                            "Plan Rows": 1,
                            "Plan Width": 8,
                            "Actual Startup Time": 284.096,
                            "Actual Total Time": 284.1,
                            "Actual Rows": 1,
                            "Actual Loops": 6,
                            "Output": [
                                "PARTIAL count(*)"
                            ],
                            "Workers": [
                                {
                                    "Worker Number": 0,
                                    "Actual Startup Time": 281.285,
                                    "Actual Total Time": 281.288,
                                    "Actual Rows": 1,
                                    "Actual Loops": 1
                                },
                                {
                                    "Worker Number": 1,
                                    "Actual Startup Time": 281.668,
                                    "Actual Total Time": 281.671,
                                    "Actual Rows": 1,
                                    "Actual Loops": 1
                                },
                                {
                                    "Worker Number": 2,
                                    "Actual Startup Time": 282.268,
                                    "Actual Total Time": 282.272,
                                    "Actual Rows": 1,
                                    "Actual Loops": 1
                                },
                                {
                                    "Worker Number": 3,
                                    "Actual Startup Time": 282.255,
                                    "Actual Total Time": 282.259,
                                    "Actual Rows": 1,
                                    "Actual Loops": 1
                                },
                                {
                                    "Worker Number": 4,
                                    "Actual Startup Time": 282.818,
                                    "Actual Total Time": 282.821,
                                    "Actual Rows": 1,
                                    "Actual Loops": 1
                                }
                            ],
                            "Plans": [
                                {
                                    "Node Type": "Hash Join",
                                    "Parent Relationship": "Outer",
                                    "Parallel Aware": true,
                                    "Join Type": "Inner",
                                    "Startup Cost": 72310.03,
                                    "Total Cost": 238692.06,
                                    "Plan Rows": 77053,
                                    "Plan Width": 0,
                                    "Actual Startup Time": 213.082,
                                    "Actual Total Time": 276.002,
                                    "Actual Rows": 165455,
                                    "Actual Loops": 6,
                                    "Inner Unique": true,
                                    "Hash Cond": "(mi.movie_id = t.id)",
                                    "Workers": [
                                        {
                                            "Worker Number": 0,
                                            "Actual Startup Time": 210.357,
                                            "Actual Total Time": 273.282,
                                            "Actual Rows": 172010,
                                            "Actual Loops": 1
                                        },
                                        {
                                            "Worker Number": 1,
                                            "Actual Startup Time": 210.695,
                                            "Actual Total Time": 273.691,
                                            "Actual Rows": 169221,
                                            "Actual Loops": 1
                                        },
                                        {
                                            "Worker Number": 2,
                                            "Actual Startup Time": 211.324,
                                            "Actual Total Time": 274.438,
                                            "Actual Rows": 178289,
                                            "Actual Loops": 1
                                        },
                                        {
                                            "Worker Number": 3,
                                            "Actual Startup Time": 211.337,
                                            "Actual Total Time": 273.645,
                                            "Actual Rows": 119975,
                                            "Actual Loops": 1
                                        },
                                        {
                                            "Worker Number": 4,
                                            "Actual Startup Time": 211.822,
                                            "Actual Total Time": 274.832,
                                            "Actual Rows": 169593,
                                            "Actual Loops": 1
                                        }
                                    ],
                                    "Plans": [
                                        {
                                            "Node Type": "Bitmap Heap Scan",
                                            "Parent Relationship": "Outer",
                                            "Parallel Aware": true,
                                            "Relation Name": "movie_info",
                                            "Schema": "public",
                                            "Alias": "mi",
                                            "Startup Cost": 26313.05,
                                            "Total Cost": 191933.34,
                                            "Plan Rows": 290184,
                                            "Plan Width": 4,
                                            "Actual Startup Time": 68.236,
                                            "Actual Total Time": 105.291,
                                            "Actual Rows": 233650,
                                            "Actual Loops": 6,
                                            "Output": [
                                                "mi.id",
                                                "mi.movie_id",
                                                "mi.info_type_id",
                                                "mi.info",
                                                "mi.note"
                                            ],
                                            "Recheck Cond": "(mi.info_type_id = 7)",
                                            "Rows Removed by Index Recheck": 0,
                                            "Exact Heap Blocks": 1772,
                                            "Lossy Heap Blocks": 0,
                                            "Workers": [
                                                {
                                                    "Worker Number": 0,
                                                    "Actual Startup Time": 68.169,
                                                    "Actual Total Time": 106.18,
                                                    "Actual Rows": 228767,
                                                    "Actual Loops": 1
                                                },
                                                {
                                                    "Worker Number": 1,
                                                    "Actual Startup Time": 68.256,
                                                    "Actual Total Time": 105.503,
                                                    "Actual Rows": 223148,
                                                    "Actual Loops": 1
                                                },
                                                {
                                                    "Worker Number": 2,
                                                    "Actual Startup Time": 67.809,
                                                    "Actual Total Time": 104.743,
                                                    "Actual Rows": 306252,
                                                    "Actual Loops": 1
                                                },
                                                {
                                                    "Worker Number": 3,
                                                    "Actual Startup Time": 68.129,
                                                    "Actual Total Time": 106.596,
                                                    "Actual Rows": 172874,
                                                    "Actual Loops": 1
                                                },
                                                {
                                                    "Worker Number": 4,
                                                    "Actual Startup Time": 68.592,
                                                    "Actual Total Time": 106.646,
                                                    "Actual Rows": 223635,
                                                    "Actual Loops": 1
                                                }
                                            ],
                                            "Plans": [
                                                {
                                                    "Node Type": "Bitmap Index Scan",
                                                    "Parent Relationship": "Outer",
                                                    "Parallel Aware": false,
                                                    "Index Name": "info_type_id_movie_info",
                                                    "Startup Cost": 0.0,
                                                    "Total Cost": 25950.32,
                                                    "Plan Rows": 1450918,
                                                    "Plan Width": 0,
                                                    "Actual Startup Time": 66.357,
                                                    "Actual Total Time": 66.357,
                                                    "Actual Rows": 1401902,
                                                    "Actual Loops": 1,
                                                    "Index Cond": "(mi.info_type_id = 7)",
                                                    "Workers": [
                                                        {
                                                            "Worker Number": 2,
                                                            "Actual Startup Time": 66.357,
                                                            "Actual Total Time": 66.357,
                                                            "Actual Rows": 1401902,
                                                            "Actual Loops": 1
                                                        }
                                                    ]
                                                }
                                            ]
                                        },
                                        {
                                            "Node Type": "Hash",
                                            "Parent Relationship": "Inner",
                                            "Parallel Aware": true,
                                            "Startup Cost": 43899.01,
                                            "Total Cost": 43899.01,
                                            "Plan Rows": 167838,
                                            "Plan Width": 4,
                                            "Actual Startup Time": 110.386,
                                            "Actual Total Time": 110.387,
                                            "Actual Rows": 110471,
                                            "Actual Loops": 6,
                                            "Output": [
                                                "t.id"
                                            ],
                                            "Hash Buckets": 1048576,
                                            "Original Hash Buckets": 1048576,
                                            "Hash Batches": 1,
                                            "Original Hash Batches": 1,
                                            "Peak Memory Usage": 34208,
                                            "Workers": [
                                                {
                                                    "Worker Number": 0,
                                                    "Actual Startup Time": 109.362,
                                                    "Actual Total Time": 109.363,
                                                    "Actual Rows": 116566,
                                                    "Actual Loops": 1
                                                },
                                                {
                                                    "Worker Number": 1,
                                                    "Actual Startup Time": 109.713,
                                                    "Actual Total Time": 109.714,
                                                    "Actual Rows": 106125,
                                                    "Actual Loops": 1
                                                },
                                                {
                                                    "Worker Number": 2,
                                                    "Actual Startup Time": 110.402,
                                                    "Actual Total Time": 110.403,
                                                    "Actual Rows": 116340,
                                                    "Actual Loops": 1
                                                },
                                                {
                                                    "Worker Number": 3,
                                                    "Actual Startup Time": 110.355,
                                                    "Actual Total Time": 110.357,
                                                    "Actual Rows": 79284,
                                                    "Actual Loops": 1
                                                },
                                                {
                                                    "Worker Number": 4,
                                                    "Actual Startup Time": 110.9,
                                                    "Actual Total Time": 110.901,
                                                    "Actual Rows": 114821,
                                                    "Actual Loops": 1
                                                }
                                            ],
                                            "Plans": [
                                                {
                                                    "Node Type": "Seq Scan",
                                                    "Parent Relationship": "Outer",
                                                    "Parallel Aware": true,
                                                    "Relation Name": "title",
                                                    "Schema": "public",
                                                    "Alias": "t",
                                                    "Startup Cost": 0.0,
                                                    "Total Cost": 43899.01,
                                                    "Plan Rows": 167838,
                                                    "Plan Width": 4,
                                                    "Actual Startup Time": 36.138,
                                                    "Actual Total Time": 72.408,
                                                    "Actual Rows": 110471,
                                                    "Actual Loops": 6,
                                                    "Output": [
                                                        "t.id"
                                                    ],
                                                    "Filter": "(t.kind_id = 1)",
                                                    "Rows Removed by Filter": 310914,
                                                    "Workers": [
                                                        {
                                                            "Worker Number": 0,
                                                            "Actual Startup Time": 41.54,
                                                            "Actual Total Time": 72.133,
                                                            "Actual Rows": 116566,
                                                            "Actual Loops": 1
                                                        },
                                                        {
                                                            "Worker Number": 1,
                                                            "Actual Startup Time": 42.0,
                                                            "Actual Total Time": 71.759,
                                                            "Actual Rows": 106125,
                                                            "Actual Loops": 1
                                                        },
                                                        {
                                                            "Worker Number": 2,
                                                            "Actual Startup Time": 42.523,
                                                            "Actual Total Time": 72.941,
                                                            "Actual Rows": 116340,
                                                            "Actual Loops": 1
                                                        },
                                                        {
                                                            "Worker Number": 3,
                                                            "Actual Startup Time": 42.599,
                                                            "Actual Total Time": 74.298,
                                                            "Actual Rows": 79284,
                                                            "Actual Loops": 1
                                                        },
                                                        {
                                                            "Worker Number": 4,
                                                            "Actual Startup Time": 4.302,
                                                            "Actual Total Time": 73.338,
                                                            "Actual Rows": 114821,
                                                            "Actual Loops": 1
                                                        }
                                                    ]
                                                }
                                            ]
                                        }
                                    ]
                                }
                            ]
                        }
                    ]
                }
            ]
        },
        "Planning Time": 179.352,
        "Triggers": [],
        "Execution Time": 309.026
    }
]