[
  {
    "Plan": {
      "Node Type": "Aggregate",
      "Strategy": "Plain",
      "Partial Mode": "Finalize",
      "Parallel Aware": false,
      "Startup Cost": 80773.49,
      "Total Cost": 80773.5,
      "Plan Rows": 1,
      "Plan Width": 8,
      "Actual Startup Time": 218.685,
      "Actual Total Time": 227.203,
      "Actual Rows": 1,
      "Actual Loops": 1,
      "Plans": [
        {
          "Node Type": "Gather",
          "Parent Relationship": "Outer",
          "Parallel Aware": false,
          "Startup Cost": 80773.07,
          "Total Cost": 80773.48,
          "Plan Rows": 4,
          "Plan Width": 8,
          "Actual Startup Time": 216.707,
          "Actual Total Time": 227.194,
          "Actual Rows": 5,
          "Actual Loops": 1,
          "Workers Planned": 4,
          "Workers Launched": 4,
          "Single Copy": false,
          "Plans": [
            {
              "Node Type": "Aggregate",
              "Strategy": "Plain",
              "Partial Mode": "Partial",
              "Parent Relationship": "Outer",
              "Parallel Aware": false,
              "Startup Cost": 79773.07,
              "Total Cost": 79773.08,
              "Plan Rows": 1,
              "Plan Width": 8,
              "Actual Startup Time": 211.325,
              "Actual Total Time": 211.328,
              "Actual Rows": 1,
              "Actual Loops": 5,
              "Plans": [
                {
                  "Node Type": "Hash Join",
                  "Parent Relationship": "Outer",
                  "Parallel Aware": true,
                  "Join Type": "Inner",
                  "Startup Cost": 33539.58,
                  "Total Cost": 79443.74,
                  "Plan Rows": 131735,
                  "Plan Width": 0,
                  "Actual Startup Time": 149.336,
                  "Actual Total Time": 209.13,
                  "Actual Rows": 46873,
                  "Actual Loops": 5,
                  "Inner Unique": false,
                  "Hash Cond": "(t.id = mc.movie_id)",
                  "Plans": [
                    {
                      "Node Type": "Seq Scan",
                      "Parent Relationship": "Outer",
                      "Parallel Aware": true,
                      "Relation Name": "title",
                      "Alias": "t",
                      "Startup Cost": 0.0,
                      "Total Cost": 42318.81,
                      "Plan Rows": 632080,
                      "Plan Width": 4,
                      "Actual Startup Time": 0.011,
                      "Actual Total Time": 57.457,
                      "Actual Rows": 505662,
                      "Actual Loops": 5
                    },
                    {
                      "Node Type": "Hash",
                      "Parent Relationship": "Inner",
                      "Parallel Aware": true,
                      "Startup Cost": 31414.82,
                      "Total Cost": 31414.82,
                      "Plan Rows": 169981,
                      "Plan Width": 4,
                      "Actual Startup Time": 73.207,
                      "Actual Total Time": 73.208,
                      "Actual Rows": 46873,
                      "Actual Loops": 5,
                      "Hash Buckets": 1048576,
                      "Original Hash Buckets": 1048576,
                      "Hash Batches": 1,
                      "Original Hash Batches": 1,
                      "Peak Memory Usage": 17440,
                      "Plans": [
                        {
                          "Node Type": "Seq Scan",
                          "Parent Relationship": "Outer",
                          "Parallel Aware": true,
                          "Relation Name": "movie_companies",
                          "Alias": "mc",
                          "Startup Cost": 0.0,
                          "Total Cost": 31414.82,
                          "Plan Rows": 169981,
                          "Plan Width": 4,
                          "Actual Startup Time": 12.492,
                          "Actual Total Time": 57.571,
                          "Actual Rows": 46873,
                          "Actual Loops": 5,
                          "Filter": "((company_id > 14414) AND (company_type_id < 2))",
                          "Rows Removed by Filter": 474953
                        }
                      ]
                    }
                  ]
                }
              ]
            }
          ]
        }
      ]
    },
    "Planning Time": 0.15,
    "Triggers": [],
    "Execution Time": 227.231
  }
]