[
  {
    "Plan": {
      "Node Type": "Aggregate",
      "Strategy": "Plain",
      "Partial Mode": "Finalize",
      "Parallel Aware": false,
      "Startup Cost": 80770.46,
      "Total Cost": 80770.47,
      "Plan Rows": 1,
      "Plan Width": 8,
      "Actual Startup Time": 265.153,
      "Actual Total Time": 279.921,
      "Actual Rows": 1,
      "Actual Loops": 1,
      "Plans": [
        {
          "Node Type": "Gather",
          "Parent Relationship": "Outer",
          "Parallel Aware": false,
          "Startup Cost": 80770.04,
          "Total Cost": 80770.45,
          "Plan Rows": 4,
          "Plan Width": 8,
          "Actual Startup Time": 263.419,
          "Actual Total Time": 279.91,
          "Actual Rows": 5,
          "Actual Loops": 1,
          "Workers Planned": 4,
          "Workers Launched": 4,
          "Single Copy": false,
          "Plans": [
            {
              "Node Type": "Aggregate",
              "Strategy": "Plain",
              "Partial Mode": "Partial",
              "Parent Relationship": "Outer",
              "Parallel Aware": false,
              "Startup Cost": 79770.04,
              "Total Cost": 79770.05,
              "Plan Rows": 1,
              "Plan Width": 8,
              "Actual Startup Time": 253.788,
              "Actual Total Time": 253.791,
              "Actual Rows": 1,
              "Actual Loops": 5,
              "Plans": [
                {
                  "Node Type": "Hash Join",
                  "Parent Relationship": "Outer",
                  "Parallel Aware": true,
                  "Join Type": "Inner",
                  "Startup Cost": 33537.42,
                  "Total Cost": 79441.04,
                  "Plan Rows": 131601,
                  "Plan Width": 0,
                  "Actual Startup Time": 183.793,
                  "Actual Total Time": 251.534,
                  "Actual Rows": 46873,
                  "Actual Loops": 5,
                  "Inner Unique": false,
                  "Hash Cond": "(t.id = mc.movie_id)",
                  "Plans": [
                    {
                      "Node Type": "Seq Scan",
                      "Parent Relationship": "Outer",
                      "Parallel Aware": true,
                      "Relation Name": "title",
                      "Alias": "t",
                      "Startup Cost": 0.0,
                      "Total Cost": 42318.73,
                      "Plan Rows": 632073,
                      "Plan Width": 4,
                      "Actual Startup Time": 0.016,
                      "Actual Total Time": 67.744,
                      "Actual Rows": 505662,
                      "Actual Loops": 5
                    },
                    {
                      "Node Type": "Hash",
                      "Parent Relationship": "Inner",
                      "Parallel Aware": true,
                      "Startup Cost": 31414.82,
                      "Total Cost": 31414.82,
                      "Plan Rows": 169808,
                      "Plan Width": 4,
                      "Actual Startup Time": 94.755,
                      "Actual Total Time": 94.756,
                      "Actual Rows": 46873,
                      "Actual Loops": 5,
                      "Hash Buckets": 1048576,
                      "Original Hash Buckets": 1048576,
                      "Hash Batches": 1,
                      "Original Hash Batches": 1,
                      "Peak Memory Usage": 17440,
                      "Plans": [
                        {
                          "Node Type": "Seq Scan",
                          "Parent Relationship": "Outer",
                          "Parallel Aware": true,
                          "Relation Name": "movie_companies",
                          "Alias": "mc",
                          "Startup Cost": 0.0,
                          "Total Cost": 31414.82,
                          "Plan Rows": 169808,
                          "Plan Width": 4,
                          "Actual Startup Time": 20.879,
                          "Actual Total Time": 71.874,
                          "Actual Rows": 46873,
                          "Actual Loops": 5,
                          "Filter": "((company_id > 14414) AND (company_type_id < 2))",
                          "Rows Removed by Filter": 474953
                        }
                      ]
                    }
                  ]
                }
              ]
            }
          ]
        }
      ]
    },
    "Planning Time": 0.649,
    "Triggers": [],
    "Execution Time": 279.996
  }
]