[
  {
    "Plan": {
      "Node Type": "Aggregate",
      "Strategy": "Plain",
      "Partial Mode": "Finalize",
      "Parallel Aware": false,
      "Startup Cost": 31406.75,
      "Total Cost": 31406.76,
      "Plan Rows": 1,
      "Plan Width": 8,
      "Actual Startup Time": 102.097,
      "Actual Total Time": 109.879,
      "Actual Rows": 1,
      "Actual Loops": 1,
      "Plans": [
        {
          "Node Type": "Gather",
          "Parent Relationship": "Outer",
          "Parallel Aware": false,
          "Startup Cost": 31406.43,
          "Total Cost": 31406.74,
          "Plan Rows": 3,
          "Plan Width": 8,
          "Actual Startup Time": 101.978,
          "Actual Total Time": 109.871,
          "Actual Rows": 4,
          "Actual Loops": 1,
          "Workers Planned": 3,
          "Workers Launched": 3,
          "Single Copy": false,
          "Plans": [
            {
              "Node Type": "Aggregate",
              "Strategy": "Plain",
              "Partial Mode": "Partial",
              "Parent Relationship": "Outer",
              "Parallel Aware": false,
              "Startup Cost": 30406.43,
              "Total Cost": 30406.44,
              "Plan Rows": 1,
              "Plan Width": 8,
              "Actual Startup Time": 95.375,
              "Actual Total Time": 95.376,
              "Actual Rows": 1,
              "Actual Loops": 4,
              "Plans": [
                {
                  "Node Type": "Seq Scan",
                  "Parent Relationship": "Outer",
                  "Parallel Aware": true,
                  "Relation Name": "movie_companies",
                  "Alias": "mc",
                  "Startup Cost": 0.0,
                  "Total Cost": 29310.68,
                  "Plan Rows": 438299,
                  "Plan Width": 0,
                  "Actual Startup Time": 22.056,
                  "Actual Total Time": 80.709,
                  "Actual Rows": 342052,
                  "Actual Loops": 4,
                  "Filter": "(company_id > 11146)",
                  "Rows Removed by Filter": 310230
                }
              ]
            }
          ]
        }
      ]
    },
    "Planning Time": 0.192,
    "Triggers": [],
    "Execution Time": 109.942
  }
]