[
    {
        "Bao": {
            "Bao prediction": "NaN",
            "Bao recommended hint": "(no hint)"
        }
    },
    {
        "Plan": {
            "Node Type": "Aggregate",
            "Strategy": "Plain",
            "Partial Mode": "Finalize",
            "Parallel Aware": false,
            "Startup Cost": 25334.48,
            "Total Cost": 25334.49,
            "Plan Rows": 1,
            "Plan Width": 8,
            "Actual Startup Time": 37.612,
            "Actual Total Time": 40.394,
            "Actual Rows": 1,
            "Actual Loops": 1,
            "Output": [
                "count(*)"
            ],
            "Plans": [
                {
                    "Node Type": "Gather",
                    "Parent Relationship": "Outer",
                    "Parallel Aware": false,
                    "Startup Cost": 25334.16,
                    "Total Cost": 25334.47,
                    "Plan Rows": 3,
                    "Plan Width": 8,
                    "Actual Startup Time": 37.377,
                    "Actual Total Time": 40.387,
                    "Actual Rows": 4,
                    "Actual Loops": 1,
                    "Output": [
                        "(PARTIAL count(*))"
                    ],
                    "Workers Planned": 3,
                    "Workers Launched": 3,
                    "Single Copy": false,
                    "Plans": [
                        {
                            "Node Type": "Aggregate",
                            "Strategy": "Plain",
                            "Partial Mode": "Partial",
                            "Parent Relationship": "Outer",
                            "Parallel Aware": false,
                            "Startup Cost": 24334.16,
                            "Total Cost": 24334.17,
                            "Plan Rows": 1,
                            "Plan Width": 8,
                            "Actual Startup Time": 29.511,
                            "Actual Total Time": 29.512,
                            "Actual Rows": 1,
                            "Actual Loops": 4,
                            "Output": [
                                "PARTIAL count(*)"
                            ],
                            "Workers": [
                                {
                                    "Worker Number": 0,
                                    "Actual Startup Time": 26.835,
                                    "Actual Total Time": 26.836,
                                    "Actual Rows": 1,
                                    "Actual Loops": 1
                                },
                                {
                                    "Worker Number": 1,
                                    "Actual Startup Time": 26.815,
                                    "Actual Total Time": 26.816,
                                    "Actual Rows": 1,
                                    "Actual Loops": 1
                                },
                                {
                                    "Worker Number": 2,
                                    "Actual Startup Time": 27.239,
                                    "Actual Total Time": 27.24,
                                    "Actual Rows": 1,
                                    "Actual Loops": 1
                                }
                            ],
                            "Plans": [
                                {
                                    "Node Type": "Bitmap Heap Scan",
                                    "Parent Relationship": "Outer",
                                    "Parallel Aware": true,
                                    "Relation Name": "movie_companies",
                                    "Schema": "public",
                                    "Alias": "mc",
                                    "Startup Cost": 4532.61,
                                    "Total Cost": 24165.57,
                                    "Plan Rows": 67437,
                                    "Plan Width": 0,
                                    "Actual Startup Time": 2.649,
                                    "Actual Total Time": 25.633,
                                    "Actual Rows": 53304,
                                    "Actual Loops": 4,
                                    "Recheck Cond": "(mc.company_id > 109754)",
                                    "Rows Removed by Index Recheck": 0,
                                    "Exact Heap Blocks": 2677,
                                    "Lossy Heap Blocks": 0,
                                    "Workers": [
                                        {
                                            "Worker Number": 0,
                                            "Actual Startup Time": 0.249,
                                            "Actual Total Time": 23.47,
                                            "Actual Rows": 28716,
                                            "Actual Loops": 1
                                        },
                                        {
                                            "Worker Number": 1,
                                            "Actual Startup Time": 0.23,
                                            "Actual Total Time": 23.53,
                                            "Actual Rows": 28062,
                                            "Actual Loops": 1
                                        },
                                        {
                                            "Worker Number": 2,
                                            "Actual Startup Time": 0.177,
                                            "Actual Total Time": 23.846,
                                            "Actual Rows": 28412,
                                            "Actual Loops": 1
                                        }
                                    ],
                                    "Plans": [
                                        {
                                            "Node Type": "Bitmap Index Scan",
                                            "Parent Relationship": "Outer",
                                            "Parallel Aware": false,
                                            "Index Name": "company_id_movie_companies",
                                            "Startup Cost": 0.0,
                                            "Total Cost": 4480.34,
                                            "Plan Rows": 209055,
                                            "Plan Width": 0,
                                            "Actual Startup Time": 9.247,
                                            "Actual Total Time": 9.248,
                                            "Actual Rows": 213214,
                                            "Actual Loops": 1,
                                            "Index Cond": "(mc.company_id > 109754)"
                                        }
                                    ]
                                }
                            ]
                        }
                    ]
                }
            ]
        },
        "Planning Time": 214.457,
        "Triggers": [],
        "Execution Time": 40.439
    }
]