[
  {
    "Plan": {
      "Node Type": "Aggregate",
      "Strategy": "Plain",
      "Partial Mode": "Finalize",
      "Parallel Aware": false,
      "Startup Cost": 282541.29,
      "Total Cost": 282541.3,
      "Plan Rows": 1,
      "Plan Width": 8,
      "Actual Startup Time": 130.643,
      "Actual Total Time": 147.335,
      "Actual Rows": 1,
      "Actual Loops": 1,
      "Plans": [
        {
          "Node Type": "Gather",
          "Parent Relationship": "Outer",
          "Parallel Aware": false,
          "Startup Cost": 282540.87,
          "Total Cost": 282541.28,
          "Plan Rows": 4,
          "Plan Width": 8,
          "Actual Startup Time": 130.523,
          "Actual Total Time": 147.329,
          "Actual Rows": 5,
          "Actual Loops": 1,
          "Workers Planned": 4,
          "Workers Launched": 4,
          "Single Copy": false,
          "Plans": [
            {
              "Node Type": "Aggregate",
              "Strategy": "Plain",
              "Partial Mode": "Partial",
              "Parent Relationship": "Outer",
              "Parallel Aware": false,
              "Startup Cost": 281540.87,
              "Total Cost": 281540.88,
              "Plan Rows": 1,
              "Plan Width": 8,
              "Actual Startup Time": 124.921,
              "Actual Total Time": 124.922,
              "Actual Rows": 1,
              "Actual Loops": 5,
              "Plans": [
                {
                  "Node Type": "Nested Loop",
                  "Parent Relationship": "Outer",
                  "Parallel Aware": false,
                  "Join Type": "Inner",
                  "Startup Cost": 0.56,
                  "Total Cost": 281447.68,
                  "Plan Rows": 37277,
                  "Plan Width": 0,
                  "Actual Startup Time": 0.24,
                  "Actual Total Time": 122.834,
                  "Actual Rows": 25088,
                  "Actual Loops": 5,
                  "Inner Unique": false,
                  "Plans": [
                    {
                      "Node Type": "Seq Scan",
                      "Parent Relationship": "Outer",
                      "Parallel Aware": true,
                      "Relation Name": "title",
                      "Alias": "t",
                      "Startup Cost": 0.0,
                      "Total Cost": 45479.21,
                      "Plan Rows": 2600,
                      "Plan Width": 4,
                      "Actual Startup Time": 0.093,
                      "Actual Total Time": 55.443,
                      "Actual Rows": 1937,
                      "Actual Loops": 5,
                      "Filter": "((kind_id > 1) AND (production_year = 1975))",
                      "Rows Removed by Filter": 503726
                    },
                    {
                      "Node Type": "Index Only Scan",
                      "Parent Relationship": "Inner",
                      "Parallel Aware": false,
                      "Scan Direction": "Forward",
                      "Index Name": "movie_id_cast_info",
                      "Relation Name": "cast_info",
                      "Alias": "ci",
                      "Startup Cost": 0.56,
                      "Total Cost": 90.38,
                      "Plan Rows": 38,
                      "Plan Width": 4,
                      "Actual Startup Time": 0.009,
                      "Actual Total Time": 0.033,
                      "Actual Rows": 13,
                      "Actual Loops": 9683,
                      "Index Cond": "(movie_id = t.id)",
                      "Rows Removed by Index Recheck": 0,
                      "Heap Fetches": 125438
                    }
                  ]
                }
              ]
            }
          ]
        }
      ]
    },
    "Planning Time": 0.229,
    "Triggers": [],
    "Execution Time": 147.372
  }
]