[
  {
    "Plan": {
      "Node Type": "Aggregate",
      "Strategy": "Plain",
      "Partial Mode": "Finalize",
      "Parallel Aware": false,
      "Startup Cost": 45165.42,
      "Total Cost": 45165.43,
      "Plan Rows": 1,
      "Plan Width": 8,
      "Actual Startup Time": 130.97,
      "Actual Total Time": 138.756,
      "Actual Rows": 1,
      "Actual Loops": 1,
      "Plans": [
        {
          "Node Type": "Gather",
          "Parent Relationship": "Outer",
          "Parallel Aware": false,
          "Startup Cost": 45165.11,
          "Total Cost": 45165.42,
          "Plan Rows": 3,
          "Plan Width": 8,
          "Actual Startup Time": 130.806,
          "Actual Total Time": 138.748,
          "Actual Rows": 4,
          "Actual Loops": 1,
          "Workers Planned": 3,
          "Workers Launched": 3,
          "Single Copy": false,
          "Plans": [
            {
              "Node Type": "Aggregate",
              "Strategy": "Plain",
              "Partial Mode": "Partial",
              "Parent Relationship": "Outer",
              "Parallel Aware": false,
              "Startup Cost": 44165.11,
              "Total Cost": 44165.12,
              "Plan Rows": 1,
              "Plan Width": 8,
              "Actual Startup Time": 127.342,
              "Actual Total Time": 127.343,
              "Actual Rows": 1,
              "Actual Loops": 4,
              "Plans": [
                {
                  "Node Type": "Seq Scan",
                  "Parent Relationship": "Outer",
                  "Parallel Aware": true,
                  "Relation Name": "movie_keyword",
                  "Alias": "mk",
                  "Startup Cost": 0.0,
                  "Total Cost": 42695.65,
                  "Plan Rows": 587781,
                  "Plan Width": 0,
                  "Actual Startup Time": 0.026,
                  "Actual Total Time": 106.052,
                  "Actual Rows": 454642,
                  "Actual Loops": 4,
                  "Filter": "(keyword_id < 2984)",
                  "Rows Removed by Filter": 676340
                }
              ]
            }
          ]
        }
      ]
    },
    "Planning Time": 0.091,
    "Triggers": [],
    "Execution Time": 138.787
  }
]