[
  {
    "Plan": {
      "Node Type": "Aggregate",
      "Strategy": "Plain",
      "Partial Mode": "Finalize",
      "Parallel Aware": false,
      "Startup Cost": 252880.61,
      "Total Cost": 252880.62,
      "Plan Rows": 1,
      "Plan Width": 8,
      "Actual Startup Time": 844.687,
      "Actual Total Time": 869.964,
      "Actual Rows": 1,
      "Actual Loops": 1,
      "Plans": [
        {
          "Node Type": "Gather",
          "Parent Relationship": "Outer",
          "Parallel Aware": false,
          "Startup Cost": 252880.29,
          "Total Cost": 252880.6,
          "Plan Rows": 3,
          "Plan Width": 8,
          "Actual Startup Time": 823.43,
          "Actual Total Time": 869.952,
          "Actual Rows": 4,
          "Actual Loops": 1,
          "Workers Planned": 3,
          "Workers Launched": 3,
          "Single Copy": false,
          "Plans": [
            {
              "Node Type": "Aggregate",
              "Strategy": "Plain",
              "Partial Mode": "Partial",
              "Parent Relationship": "Outer",
              "Parallel Aware": false,
              "Startup Cost": 251880.29,
              "Total Cost": 251880.3,
              "Plan Rows": 1,
              "Plan Width": 8,
              "Actual Startup Time": 814.792,
              "Actual Total Time": 814.978,
              "Actual Rows": 1,
              "Actual Loops": 4,
              "Plans": [
                {
                  "Node Type": "Hash Join",
                  "Parent Relationship": "Outer",
                  "Parallel Aware": true,
                  "Join Type": "Inner",
                  "Startup Cost": 220962.31,
                  "Total Cost": 251571.83,
                  "Plan Rows": 123384,
                  "Plan Width": 0,
                  "Actual Startup Time": 518.513,
                  "Actual Total Time": 765.044,
                  "Actual Rows": 1021840,
                  "Actual Loops": 4,
                  "Inner Unique": false,
                  "Hash Cond": "(mc.movie_id = t.id)",
                  "Plans": [
                    {
                      "Node Type": "Seq Scan",
                      "Parent Relationship": "Outer",
                      "Parallel Aware": true,
                      "Relation Name": "movie_companies",
                      "Alias": "mc",
                      "Startup Cost": 0.0,
                      "Total Cost": 27206.55,
                      "Plan Rows": 841655,
                      "Plan Width": 4,
                      "Actual Startup Time": 0.017,
                      "Actual Total Time": 65.863,
                      "Actual Rows": 652282,
                      "Actual Loops": 4
                    },
                    {
                      "Node Type": "Hash",
                      "Parent Relationship": "Inner",
                      "Parallel Aware": true,
                      "Startup Cost": 220035.66,
                      "Total Cost": 220035.66,
                      "Plan Rows": 74132,
                      "Plan Width": 8,
                      "Actual Startup Time": 516.224,
                      "Actual Total Time": 516.409,
                      "Actual Rows": 92054,
                      "Actual Loops": 4,
                      "Hash Buckets": 524288,
                      "Original Hash Buckets": 524288,
                      "Hash Batches": 1,
                      "Original Hash Batches": 1,
                      "Peak Memory Usage": 18560,
                      "Plans": [
                        {
                          "Node Type": "Hash Join",
                          "Parent Relationship": "Outer",
                          "Parallel Aware": true,
                          "Join Type": "Inner",
                          "Startup Cost": 56921.42,
                          "Total Cost": 220035.66,
                          "Plan Rows": 74132,
                          "Plan Width": 8,
                          "Actual Startup Time": 413.59,
                          "Actual Total Time": 482.822,
                          "Actual Rows": 92054,
                          "Actual Loops": 4,
                          "Inner Unique": true,
                          "Hash Cond": "(mi.movie_id = t.id)",
                          "Plans": [
                            {
                              "Node Type": "Bitmap Heap Scan",
                              "Parent Relationship": "Outer",
                              "Parallel Aware": true,
                              "Relation Name": "movie_info",
                              "Alias": "mi",
                              "Startup Cost": 6701.03,
                              "Total Cost": 169620.68,
                              "Plan Rows": 74132,
                              "Plan Width": 4,
                              "Actual Startup Time": 25.46,
                              "Actual Total Time": 53.114,
                              "Actual Rows": 92054,
                              "Actual Loops": 4,
                              "Recheck Cond": "(info_type_id = 17)",
                              "Rows Removed by Index Recheck": 0,
                              "Exact Heap Blocks": 3284,
                              "Lossy Heap Blocks": 0,
                              "Plans": [
                                {
                                  "Node Type": "Bitmap Index Scan",
                                  "Parent Relationship": "Outer",
                                  "Parallel Aware": false,
                                  "Index Name": "info_type_id_movie_info",
                                  "Startup Cost": 0.0,
                                  "Total Cost": 6608.37,
                                  "Plan Rows": 370658,
                                  "Plan Width": 0,
                                  "Actual Startup Time": 22.974,
                                  "Actual Total Time": 22.974,
                                  "Actual Rows": 368218,
                                  "Actual Loops": 1,
                                  "Index Cond": "(info_type_id = 17)"
                                }
                              ]
                            },
                            {
                              "Node Type": "Hash",
                              "Parent Relationship": "Inner",
                              "Parallel Aware": true,
                              "Startup Cost": 42319.06,
                              "Total Cost": 42319.06,
                              "Plan Rows": 632106,
                              "Plan Width": 4,
                              "Actual Startup Time": 380.671,
                              "Actual Total Time": 380.672,
                              "Actual Rows": 632078,
                              "Actual Loops": 4,
                              "Hash Buckets": 4194304,
                              "Original Hash Buckets": 4194304,
                              "Hash Batches": 1,
                              "Original Hash Batches": 1,
                              "Peak Memory Usage": 131712,
                              "Plans": [
                                {
                                  "Node Type": "Seq Scan",
                                  "Parent Relationship": "Outer",
                                  "Parallel Aware": true,
                                  "Relation Name": "title",
                                  "Alias": "t",
                                  "Startup Cost": 0.0,
                                  "Total Cost": 42319.06,
                                  "Plan Rows": 632106,
                                  "Plan Width": 4,
                                  "Actual Startup Time": 0.054,
                                  "Actual Total Time": 111.956,
                                  "Actual Rows": 632078,
                                  "Actual Loops": 4
                                }
                              ]
                            }
                          ]
                        }
                      ]
                    }
                  ]
                }
              ]
            }
          ]
        }
      ]
    },
    "Planning Time": 0.565,
    "Triggers": [],
    "Execution Time": 870.022
  }
]