[
    {
        "Bao": {
            "Bao prediction": 895.578,
            "Bao recommended hint": "(no hint)"
        }
    },
    {
        "Plan": {
            "Node Type": "Aggregate",
            "Strategy": "Plain",
            "Partial Mode": "Simple",
            "Parallel Aware": false,
            "Startup Cost": 7488.82,
            "Total Cost": 7488.83,
            "Plan Rows": 1,
            "Plan Width": 64,
            "Actual Startup Time": 156.53,
            "Actual Total Time": 156.536,
            "Actual Rows": 1,
            "Actual Loops": 1,
            "Output": [
                "min(mi_idx.info)",
                "min(t.title)"
            ],
            "Plans": [
                {
                    "Node Type": "Nested Loop",
                    "Parent Relationship": "Outer",
                    "Parallel Aware": false,
                    "Join Type": "Inner",
                    "Startup Cost": 12.09,
                    "Total Cost": 7488.82,
                    "Plan Rows": 1,
                    "Plan Width": 22,
                    "Actual Startup Time": 7.39,
                    "Actual Total Time": 156.491,
                    "Actual Rows": 54,
                    "Actual Loops": 1,
                    "Output": [
                        "mi_idx.info",
                        "t.title"
                    ],
                    "Inner Unique": true,
                    "Join Filter": "(mi.info_type_id = it1.id)",
                    "Rows Removed by Join Filter": 2,
                    "Plans": [
                        {
                            "Node Type": "Nested Loop",
                            "Parent Relationship": "Outer",
                            "Parallel Aware": false,
                            "Join Type": "Inner",
                            "Startup Cost": 12.09,
                            "Total Cost": 7486.39,
                            "Plan Rows": 1,
                            "Plan Width": 26,
                            "Actual Startup Time": 7.366,
                            "Actual Total Time": 156.038,
                            "Actual Rows": 56,
                            "Actual Loops": 1,
                            "Output": [
                                "mi_idx.info",
                                "mi.info_type_id",
                                "t.title"
                            ],
                            "Inner Unique": false,
                            "Join Filter": "(t.id = mi.movie_id)",
                            "Rows Removed by Join Filter": 0,
                            "Plans": [
                                {
                                    "Node Type": "Nested Loop",
                                    "Parent Relationship": "Outer",
                                    "Parallel Aware": false,
                                    "Join Type": "Inner",
                                    "Startup Cost": 11.65,
                                    "Total Cost": 7484.51,
                                    "Plan Rows": 1,
                                    "Plan Width": 34,
                                    "Actual Startup Time": 4.578,
                                    "Actual Total Time": 142.735,
                                    "Actual Rows": 90,
                                    "Actual Loops": 1,
                                    "Output": [
                                        "mi_idx.info",
                                        "mi_idx.movie_id",
                                        "mk.movie_id",
                                        "t.title",
                                        "t.id"
                                    ],
                                    "Inner Unique": false,
                                    "Join Filter": "(t.kind_id = kt.id)",
                                    "Rows Removed by Join Filter": 3420,
                                    "Plans": [
                                        {
                                            "Node Type": "Seq Scan",
                                            "Parent Relationship": "Outer",
                                            "Parallel Aware": false,
                                            "Relation Name": "kind_type",
                                            "Schema": "public",
                                            "Alias": "kt",
                                            "Startup Cost": 0.0,
                                            "Total Cost": 1.09,
                                            "Plan Rows": 1,
                                            "Plan Width": 4,
                                            "Actual Startup Time": 0.028,
                                            "Actual Total Time": 0.031,
                                            "Actual Rows": 1,
                                            "Actual Loops": 1,
                                            "Output": [
                                                "kt.id",
                                                "kt.kind"
                                            ],
                                            "Filter": "((kt.kind)::text = 'tv series'::text)",
                                            "Rows Removed by Filter": 6
                                        },
                                        {
                                            "Node Type": "Nested Loop",
                                            "Parent Relationship": "Inner",
                                            "Parallel Aware": false,
                                            "Join Type": "Inner",
                                            "Startup Cost": 11.65,
                                            "Total Cost": 7483.4,
                                            "Plan Rows": 2,
                                            "Plan Width": 38,
                                            "Actual Startup Time": 4.544,
                                            "Actual Total Time": 142.335,
                                            "Actual Rows": 3510,
                                            "Actual Loops": 1,
                                            "Output": [
                                                "mi_idx.info",
                                                "mi_idx.movie_id",
                                                "mk.movie_id",
                                                "t.title",
                                                "t.kind_id",
                                                "t.id"
                                            ],
                                            "Inner Unique": true,
                                            "Plans": [
                                                {
                                                    "Node Type": "Nested Loop",
                                                    "Parent Relationship": "Outer",
                                                    "Parallel Aware": false,
                                                    "Join Type": "Inner",
                                                    "Startup Cost": 11.22,
                                                    "Total Cost": 7481.93,
                                                    "Plan Rows": 3,
                                                    "Plan Width": 13,
                                                    "Actual Startup Time": 3.144,
                                                    "Actual Total Time": 111.759,
                                                    "Actual Rows": 4449,
                                                    "Actual Loops": 1,
                                                    "Output": [
                                                        "mi_idx.info",
                                                        "mi_idx.movie_id",
                                                        "mk.movie_id"
                                                    ],
                                                    "Inner Unique": false,
                                                    "Join Filter": "(mi_idx.info_type_id = it2.id)",
                                                    "Rows Removed by Join Filter": 15548,
                                                    "Plans": [
                                                        {
                                                            "Node Type": "Seq Scan",
                                                            "Parent Relationship": "Outer",
                                                            "Parallel Aware": false,
                                                            "Relation Name": "info_type",
                                                            "Schema": "public",
                                                            "Alias": "it2",
                                                            "Startup Cost": 0.0,
                                                            "Total Cost": 2.41,
                                                            "Plan Rows": 1,
                                                            "Plan Width": 4,
                                                            "Actual Startup Time": 0.034,
                                                            "Actual Total Time": 0.036,
                                                            "Actual Rows": 1,
                                                            "Actual Loops": 1,
                                                            "Output": [
                                                                "it2.id",
                                                                "it2.info"
                                                            ],
                                                            "Filter": "((it2.info)::text = 'rating'::text)",
                                                            "Rows Removed by Filter": 112
                                                        },
                                                        {
                                                            "Node Type": "Nested Loop",
                                                            "Parent Relationship": "Inner",
                                                            "Parallel Aware": false,
                                                            "Join Type": "Inner",
                                                            "Startup Cost": 11.22,
                                                            "Total Cost": 7475.63,
                                                            "Plan Rows": 311,
                                                            "Plan Width": 17,
                                                            "Actual Startup Time": 2.962,
                                                            "Actual Total Time": 110.145,
                                                            "Actual Rows": 19997,
                                                            "Actual Loops": 1,
                                                            "Output": [
                                                                "mk.movie_id",
                                                                "mi_idx.info",
                                                                "mi_idx.movie_id",
                                                                "mi_idx.info_type_id"
                                                            ],
                                                            "Inner Unique": false,
                                                            "Plans": [
                                                                {
                                                                    "Node Type": "Nested Loop",
                                                                    "Parent Relationship": "Outer",
                                                                    "Parallel Aware": false,
                                                                    "Join Type": "Inner",
                                                                    "Startup Cost": 10.8,
                                                                    "Total Cost": 7405.43,
                                                                    "Plan Rows": 135,
                                                                    "Plan Width": 4,
                                                                    "Actual Startup Time": 2.766,
                                                                    "Actual Total Time": 48.212,
                                                                    "Actual Rows": 11790,
                                                                    "Actual Loops": 1,
                                                                    "Output": [
                                                                        "mk.movie_id"
                                                                    ],
                                                                    "Inner Unique": false,
                                                                    "Plans": [
                                                                        {
                                                                            "Node Type": "Seq Scan",
                                                                            "Parent Relationship": "Outer",
                                                                            "Parallel Aware": false,
                                                                            "Relation Name": "keyword",
                                                                            "Schema": "public",
                                                                            "Alias": "k",
                                                                            "Startup Cost": 0.0,
                                                                            "Total Cost": 2961.55,
                                                                            "Plan Rows": 4,
                                                                            "Plan Width": 4,
                                                                            "Actual Startup Time": 1.37,
                                                                            "Actual Total Time": 15.624,
                                                                            "Actual Rows": 4,
                                                                            "Actual Loops": 1,
                                                                            "Output": [
                                                                                "k.id",
                                                                                "k.keyword",
                                                                                "k.phonetic_code"
                                                                            ],
                                                                            "Filter": "(k.keyword = ANY ('{fight,tv-special,superhero,tight-blouse}'::text[]))",
                                                                            "Rows Removed by Filter": 134166
                                                                        },
                                                                        {
                                                                            "Node Type": "Bitmap Heap Scan",
                                                                            "Parent Relationship": "Inner",
                                                                            "Parallel Aware": false,
                                                                            "Relation Name": "movie_keyword",
                                                                            "Schema": "public",
                                                                            "Alias": "mk",
                                                                            "Startup Cost": 10.8,
                                                                            "Total Cost": 1107.92,
                                                                            "Plan Rows": 305,
                                                                            "Plan Width": 8,
                                                                            "Actual Startup Time": 0.843,
                                                                            "Actual Total Time": 7.744,
                                                                            "Actual Rows": 2948,
                                                                            "Actual Loops": 4,
                                                                            "Output": [
                                                                                "mk.id",
                                                                                "mk.movie_id",
                                                                                "mk.keyword_id"
                                                                            ],
                                                                            "Recheck Cond": "(mk.keyword_id = k.id)",
                                                                            "Rows Removed by Index Recheck": 0,
                                                                            "Exact Heap Blocks": 7622,
                                                                            "Lossy Heap Blocks": 0,
                                                                            "Plans": [
                                                                                {
                                                                                    "Node Type": "Bitmap Index Scan",
                                                                                    "Parent Relationship": "Outer",
                                                                                    "Parallel Aware": false,
                                                                                    "Index Name": "keyword_id_movie_keyword",
                                                                                    "Startup Cost": 0.0,
                                                                                    "Total Cost": 10.72,
                                                                                    "Plan Rows": 305,
                                                                                    "Plan Width": 0,
                                                                                    "Actual Startup Time": 0.565,
                                                                                    "Actual Total Time": 0.565,
                                                                                    "Actual Rows": 2948,
                                                                                    "Actual Loops": 4,
                                                                                    "Index Cond": "(mk.keyword_id = k.id)"
                                                                                }
                                                                            ]
                                                                        }
                                                                    ]
                                                                },
                                                                {
                                                                    "Node Type": "Index Scan",
                                                                    "Parent Relationship": "Inner",
                                                                    "Parallel Aware": false,
                                                                    "Scan Direction": "Forward",
                                                                    "Index Name": "movie_id_movie_info_idx",
                                                                    "Relation Name": "movie_info_idx",
                                                                    "Schema": "public",
                                                                    "Alias": "mi_idx",
                                                                    "Startup Cost": 0.43,
                                                                    "Total Cost": 0.5,
                                                                    "Plan Rows": 2,
                                                                    "Plan Width": 13,
                                                                    "Actual Startup Time": 0.004,
                                                                    "Actual Total Time": 0.005,
                                                                    "Actual Rows": 2,
                                                                    "Actual Loops": 11790,
                                                                    "Output": [
                                                                        "mi_idx.id",
                                                                        "mi_idx.movie_id",
                                                                        "mi_idx.info_type_id",
                                                                        "mi_idx.info",
                                                                        "mi_idx.note"
                                                                    ],
                                                                    "Index Cond": "(mi_idx.movie_id = mk.movie_id)",
                                                                    "Rows Removed by Index Recheck": 0,
                                                                    "Filter": "(mi_idx.info < '6.3'::text)",
                                                                    "Rows Removed by Filter": 1
                                                                }
                                                            ]
                                                        }
                                                    ]
                                                },
                                                {
                                                    "Node Type": "Index Scan",
                                                    "Parent Relationship": "Inner",
                                                    "Parallel Aware": false,
                                                    "Scan Direction": "Forward",
                                                    "Index Name": "title_pkey",
                                                    "Relation Name": "title",
                                                    "Schema": "public",
                                                    "Alias": "t",
                                                    "Startup Cost": 0.43,
                                                    "Total Cost": 0.49,
                                                    "Plan Rows": 1,
                                                    "Plan Width": 25,
                                                    "Actual Startup Time": 0.006,
                                                    "Actual Total Time": 0.006,
                                                    "Actual Rows": 1,
                                                    "Actual Loops": 4449,
                                                    "Output": [
                                                        "t.id",
                                                        "t.title",
                                                        "t.imdb_index",
                                                        "t.kind_id",
                                                        "t.production_year",
                                                        "t.imdb_id",
                                                        "t.phonetic_code",
                                                        "t.episode_of_id",
                                                        "t.season_nr",
                                                        "t.episode_nr",
                                                        "t.series_years",
                                                        "t.md5sum"
                                                    ],
                                                    "Index Cond": "(t.id = mk.movie_id)",
                                                    "Rows Removed by Index Recheck": 0,
                                                    "Filter": "(t.production_year > 1980)",
                                                    "Rows Removed by Filter": 0
                                                }
                                            ]
                                        }
                                    ]
                                },
                                {
                                    "Node Type": "Index Scan",
                                    "Parent Relationship": "Inner",
                                    "Parallel Aware": false,
                                    "Scan Direction": "Forward",
                                    "Index Name": "movie_id_movie_info",
                                    "Relation Name": "movie_info",
                                    "Schema": "public",
                                    "Alias": "mi",
                                    "Startup Cost": 0.43,
                                    "Total Cost": 1.86,
                                    "Plan Rows": 2,
                                    "Plan Width": 8,
                                    "Actual Startup Time": 0.136,
                                    "Actual Total Time": 0.146,
                                    "Actual Rows": 1,
                                    "Actual Loops": 90,
                                    "Output": [
                                        "mi.id",
                                        "mi.movie_id",
                                        "mi.info_type_id",
                                        "mi.info",
                                        "mi.note"
                                    ],
                                    "Index Cond": "(mi.movie_id = mk.movie_id)",
                                    "Rows Removed by Index Recheck": 0,
                                    "Filter": "(mi.info = ANY ('{America,Danish,Denmark,Norwegian,USA,American,Bulgaria,Denish,Norway,UK}'::text[]))",
                                    "Rows Removed by Filter": 19
                                }
                            ]
                        },
                        {
                            "Node Type": "Seq Scan",
                            "Parent Relationship": "Inner",
                            "Parallel Aware": false,
                            "Relation Name": "info_type",
                            "Schema": "public",
                            "Alias": "it1",
                            "Startup Cost": 0.0,
                            "Total Cost": 2.41,
                            "Plan Rows": 1,
                            "Plan Width": 4,
                            "Actual Startup Time": 0.005,
                            "Actual Total Time": 0.005,
                            "Actual Rows": 1,
                            "Actual Loops": 56,
                            "Output": [
                                "it1.id",
                                "it1.info"
                            ],
                            "Filter": "((it1.info)::text = 'countries'::text)",
                            "Rows Removed by Filter": 11
                        }
                    ]
                }
            ]
        },
        "Planning Time": 706.219,
        "Triggers": [],
        "Execution Time": 157.351
    }
]