{
  "Plan": {
    "Node Type": "Aggregate",
    "Strategy": "Plain",
    "Partial Mode": "Finalize",
    "Parallel Aware": false,
    "Startup Cost": 172998.32,
    "Total Cost": 172998.33,
    "Plan Rows": 1,
    "Plan Width": 8,
    "Actual Startup Time": 939.196,
    "Actual Total Time": 966.459,
    "Actual Rows": 1,
    "Actual Loops": 1,
    "Plans": [
      {
        "Node Type": "Gather",
        "Parent Relationship": "Outer",
        "Parallel Aware": false,
        "Startup Cost": 172998.21,
        "Total Cost": 172998.32,
        "Plan Rows": 1,
        "Plan Width": 8,
        "Actual Startup Time": 937.71,
        "Actual Total Time": 966.447,
        "Actual Rows": 2,
        "Actual Loops": 1,
        "Workers Planned": 1,
        "Workers Launched": 1,
        "Single Copy": false,
        "Plans": [
          {
            "Node Type": "Aggregate",
            "Strategy": "Plain",
            "Partial Mode": "Partial",
            "Parent Relationship": "Outer",
            "Parallel Aware": false,
            "Startup Cost": 171998.21,
            "Total Cost": 171998.22,
            "Plan Rows": 1,
            "Plan Width": 8,
            "Actual Startup Time": 931.513,
            "Actual Total Time": 931.687,
            "Actual Rows": 1,
            "Actual Loops": 2,
            "Plans": [
              {
                "Node Type": "Hash Join",
                "Parent Relationship": "Outer",
                "Parallel Aware": true,
                "Join Type": "Inner",
                "Startup Cost": 106130.74,
                "Total Cost": 171425.72,
                "Plan Rows": 228996,
                "Plan Width": 0,
                "Actual Startup Time": 539.293,
                "Actual Total Time": 917.058,
                "Actual Rows": 281985,
                "Actual Loops": 2,
                "Inner Unique": false,
                "Hash Cond": "(mk.movie_id = t.id)",
                "Plans": [
                  {
                    "Node Type": "Seq Scan",
                    "Parent Relationship": "Outer",
                    "Parallel Aware": true,
                    "Relation Name": "movie_keyword",
                    "Alias": "mk",
                    "Startup Cost": 0.0,
                    "Total Cost": 57718.19,
                    "Plan Rows": 1661265,
                    "Plan Width": 4,
                    "Actual Startup Time": 0.037,
                    "Actual Total Time": 229.949,
                    "Actual Rows": 1408798,
                    "Actual Loops": 2,
                    "Filter": "(keyword_id < 8431)",
                    "Rows Removed by Filter": 853168
                  },
                  {
                    "Node Type": "Hash",
                    "Parent Relationship": "Inner",
                    "Parallel Aware": true,
                    "Startup Cost": 103568.16,
                    "Total Cost": 103568.16,
                    "Plan Rows": 205007,
                    "Plan Width": 8,
                    "Actual Startup Time": 533.343,
                    "Actual Total Time": 533.515,
                    "Actual Rows": 97062,
                    "Actual Loops": 2,
                    "Hash Buckets": 524288,
                    "Original Hash Buckets": 524288,
                    "Hash Batches": 1,
                    "Original Hash Batches": 1,
                    "Peak Memory Usage": 11744,
                    "Plans": [
                      {
                        "Node Type": "Hash Join",
                        "Parent Relationship": "Outer",
                        "Parallel Aware": true,
                        "Join Type": "Inner",
                        "Startup Cost": 42196.73,
                        "Total Cost": 103568.16,
                        "Plan Rows": 205007,
                        "Plan Width": 8,
                        "Actual Startup Time": 154.611,
                        "Actual Total Time": 502.885,
                        "Actual Rows": 97062,
                        "Actual Loops": 2,
                        "Inner Unique": false,
                        "Hash Cond": "(t.id = mc.movie_id)",
                        "Plans": [
                          {
                            "Node Type": "Seq Scan",
                            "Parent Relationship": "Outer",
                            "Parallel Aware": true,
                            "Relation Name": "title",
                            "Alias": "t",
                            "Startup Cost": 0.0,
                            "Total Cost": 50870.31,
                            "Plan Rows": 1487231,
                            "Plan Width": 4,
                            "Actual Startup Time": 0.022,
                            "Actual Total Time": 139.786,
                            "Actual Rows": 1264156,
                            "Actual Loops": 2
                          },
                          {
                            "Node Type": "Hash",
                            "Parent Relationship": "Inner",
                            "Parallel Aware": true,
                            "Startup Cost": 39634.14,
                            "Total Cost": 39634.14,
                            "Plan Rows": 205007,
                            "Plan Width": 4,
                            "Actual Startup Time": 151.006,
                            "Actual Total Time": 151.009,
                            "Actual Rows": 97062,
                            "Actual Loops": 2,
                            "Hash Buckets": 524288,
                            "Original Hash Buckets": 524288,
                            "Hash Batches": 1,
                            "Original Hash Batches": 1,
                            "Peak Memory Usage": 11712,
                            "Plans": [
                              {
                                "Node Type": "Bitmap Heap Scan",
                                "Parent Relationship": "Outer",
                                "Parallel Aware": true,
                                "Relation Name": "movie_companies",
                                "Alias": "mc",
                                "Startup Cost": 14787.61,
                                "Total Cost": 39634.14,
                                "Plan Rows": 205007,
                                "Plan Width": 4,
                                "Actual Startup Time": 95.105,
                                "Actual Total Time": 123.962,
                                "Actual Rows": 97062,
                                "Actual Loops": 2,
                                "Recheck Cond": "(company_id < 1165)",
                                "Rows Removed by Index Recheck": 0,
                                "Filter": "(company_type_id = 2)",
                                "Rows Removed by Filter": 243903,
                                "Exact Heap Blocks": 13566,
                                "Lossy Heap Blocks": 0,
                                "Plans": [
                                  {
                                    "Node Type": "Bitmap Index Scan",
                                    "Parent Relationship": "Outer",
                                    "Parallel Aware": false,
                                    "Index Name": "company_id_movie_companies",
                                    "Startup Cost": 0.0,
                                    "Total Cost": 14700.48,
                                    "Plan Rows": 686407,
                                    "Plan Width": 0,
                                    "Actual Startup Time": 42.269,
                                    "Actual Total Time": 42.27,
                                    "Actual Rows": 681931,
                                    "Actual Loops": 1,
                                    "Index Cond": "(company_id < 1165)"
                                  }
                                ]
                              }
                            ]
                          }
                        ]
                      }
                    ]
                  }
                ]
              }
            ]
          }
        ]
      }
    ]
  },
  "Planning Time": 0.881,
  "Triggers": [],
  "Execution Time": 966.564
}