[
  {
    "Plan": {
      "Node Type": "Aggregate",
      "Strategy": "Plain",
      "Partial Mode": "Finalize",
      "Parallel Aware": false,
      "Startup Cost": 32658.52,
      "Total Cost": 32658.53,
      "Plan Rows": 1,
      "Plan Width": 8,
      "Actual Startup Time": 88.107,
      "Actual Total Time": 96.571,
      "Actual Rows": 1,
      "Actual Loops": 1,
      "Plans": [
        {
          "Node Type": "Gather",
          "Parent Relationship": "Outer",
          "Parallel Aware": false,
          "Startup Cost": 32658.2,
          "Total Cost": 32658.51,
          "Plan Rows": 3,
          "Plan Width": 8,
          "Actual Startup Time": 88.004,
          "Actual Total Time": 96.56,
          "Actual Rows": 4,
          "Actual Loops": 1,
          "Workers Planned": 3,
          "Workers Launched": 3,
          "Single Copy": false,
          "Plans": [
            {
              "Node Type": "Aggregate",
              "Strategy": "Plain",
              "Partial Mode": "Partial",
              "Parent Relationship": "Outer",
              "Parallel Aware": false,
              "Startup Cost": 31658.2,
              "Total Cost": 31658.21,
              "Plan Rows": 1,
              "Plan Width": 8,
              "Actual Startup Time": 82.869,
              "Actual Total Time": 82.87,
              "Actual Rows": 1,
              "Actual Loops": 4,
              "Plans": [
                {
                  "Node Type": "Seq Scan",
                  "Parent Relationship": "Outer",
                  "Parallel Aware": true,
                  "Relation Name": "movie_companies",
                  "Alias": "mc",
                  "Startup Cost": 0.0,
                  "Total Cost": 31414.82,
                  "Plan Rows": 97352,
                  "Plan Width": 0,
                  "Actual Startup Time": 40.454,
                  "Actual Total Time": 76.001,
                  "Actual Rows": 147647,
                  "Actual Loops": 4,
                  "Filter": "((company_id > 70096) AND (company_type_id = 2))",
                  "Rows Removed by Filter": 504635
                }
              ]
            }
          ]
        }
      ]
    },
    "Planning Time": 0.229,
    "Triggers": [],
    "Execution Time": 96.629
  }
]