[
  {
    "Plan": {
      "Node Type": "Aggregate",
      "Strategy": "Plain",
      "Partial Mode": "Finalize",
      "Parallel Aware": false,
      "Startup Cost": 63281.44,
      "Total Cost": 63281.45,
      "Plan Rows": 1,
      "Plan Width": 8,
      "Actual Startup Time": 275.717,
      "Actual Total Time": 289.599,
      "Actual Rows": 1,
      "Actual Loops": 1,
      "Plans": [
        {
          "Node Type": "Gather",
          "Parent Relationship": "Outer",
          "Parallel Aware": false,
          "Startup Cost": 63281.23,
          "Total Cost": 63281.44,
          "Plan Rows": 2,
          "Plan Width": 8,
          "Actual Startup Time": 274.359,
          "Actual Total Time": 289.591,
          "Actual Rows": 3,
          "Actual Loops": 1,
          "Workers Planned": 2,
          "Workers Launched": 2,
          "Single Copy": false,
          "Plans": [
            {
              "Node Type": "Aggregate",
              "Strategy": "Plain",
              "Partial Mode": "Partial",
              "Parent Relationship": "Outer",
              "Parallel Aware": false,
              "Startup Cost": 62281.23,
              "Total Cost": 62281.24,
              "Plan Rows": 1,
              "Plan Width": 8,
              "Actual Startup Time": 266.81,
              "Actual Total Time": 266.91,
              "Actual Rows": 1,
              "Actual Loops": 3,
              "Plans": [
                {
                  "Node Type": "Hash Join",
                  "Parent Relationship": "Outer",
                  "Parallel Aware": true,
                  "Join Type": "Inner",
                  "Startup Cost": 46073.82,
                  "Total Cost": 62208.67,
                  "Plan Rows": 29024,
                  "Plan Width": 0,
                  "Actual Startup Time": 204.453,
                  "Actual Total Time": 263.903,
                  "Actual Rows": 64517,
                  "Actual Loops": 3,
                  "Inner Unique": true,
                  "Hash Cond": "(mi_idx.movie_id = t.id)",
                  "Plans": [
                    {
                      "Node Type": "Seq Scan",
                      "Parent Relationship": "Outer",
                      "Parallel Aware": true,
                      "Relation Name": "movie_info_idx",
                      "Alias": "mi_idx",
                      "Startup Cost": 0.0,
                      "Total Cost": 15122.68,
                      "Plan Rows": 385585,
                      "Plan Width": 4,
                      "Actual Startup Time": 0.026,
                      "Actual Total Time": 46.665,
                      "Actual Rows": 306703,
                      "Actual Loops": 3,
                      "Filter": "(info_type_id > 99)",
                      "Rows Removed by Filter": 153308
                    },
                    {
                      "Node Type": "Hash",
                      "Parent Relationship": "Inner",
                      "Parallel Aware": true,
                      "Startup Cost": 45479.1,
                      "Total Cost": 45479.1,
                      "Plan Rows": 47578,
                      "Plan Width": 4,
                      "Actual Startup Time": 166.666,
                      "Actual Total Time": 166.667,
                      "Actual Rows": 108677,
                      "Actual Loops": 3,
                      "Hash Buckets": 524288,
                      "Original Hash Buckets": 262144,
                      "Hash Batches": 1,
                      "Original Hash Batches": 1,
                      "Peak Memory Usage": 18944,
                      "Plans": [
                        {
                          "Node Type": "Seq Scan",
                          "Parent Relationship": "Outer",
                          "Parallel Aware": true,
                          "Relation Name": "title",
                          "Alias": "t",
                          "Startup Cost": 0.0,
                          "Total Cost": 45479.1,
                          "Plan Rows": 47578,
                          "Plan Width": 4,
                          "Actual Startup Time": 72.377,
                          "Actual Total Time": 126.231,
                          "Actual Rows": 108677,
                          "Actual Loops": 3,
                          "Filter": "((production_year < 1992) AND (kind_id = 1))",
                          "Rows Removed by Filter": 734093
                        }
                      ]
                    }
                  ]
                }
              ]
            }
          ]
        }
      ]
    },
    "Planning Time": 0.615,
    "Triggers": [],
    "Execution Time": 289.669
  }
]