{
  "Plan": {
    "Node Type": "Aggregate",
    "Strategy": "Plain",
    "Partial Mode": "Finalize",
    "Parallel Aware": false,
    "Startup Cost": 487525.77,
    "Total Cost": 487525.78,
    "Plan Rows": 1,
    "Plan Width": 8,
    "Actual Startup Time": 3436.003,
    "Actual Total Time": 3489.342,
    "Actual Rows": 1,
    "Actual Loops": 1,
    "Plans": [
      {
        "Node Type": "Gather",
        "Parent Relationship": "Outer",
        "Parallel Aware": false,
        "Startup Cost": 487525.66,
        "Total Cost": 487525.77,
        "Plan Rows": 1,
        "Plan Width": 8,
        "Actual Startup Time": 3435.996,
        "Actual Total Time": 3489.335,
        "Actual Rows": 2,
        "Actual Loops": 1,
        "Workers Planned": 1,
        "Workers Launched": 1,
        "Single Copy": false,
        "Plans": [
          {
            "Node Type": "Aggregate",
            "Strategy": "Plain",
            "Partial Mode": "Partial",
            "Parent Relationship": "Outer",
            "Parallel Aware": false,
            "Startup Cost": 486525.66,
            "Total Cost": 486525.67,
            "Plan Rows": 1,
            "Plan Width": 8,
            "Actual Startup Time": 3429.571,
            "Actual Total Time": 3429.573,
            "Actual Rows": 1,
            "Actual Loops": 2,
            "Plans": [
              {
                "Node Type": "Merge Join",
                "Parent Relationship": "Outer",
                "Parallel Aware": false,
                "Join Type": "Inner",
                "Startup Cost": 21.56,
                "Total Cost": 482560.36,
                "Plan Rows": 1586119,
                "Plan Width": 0,
                "Actual Startup Time": 9.597,
                "Actual Total Time": 3330.36,
                "Actual Rows": 2269036,
                "Actual Loops": 2,
                "Inner Unique": false,
                "Merge Cond": "(t.id = mc.movie_id)",
                "Plans": [
                  {
                    "Node Type": "Merge Join",
                    "Parent Relationship": "Outer",
                    "Parallel Aware": false,
                    "Join Type": "Inner",
                    "Startup Cost": 14.84,
                    "Total Cost": 310366.93,
                    "Plan Rows": 1801987,
                    "Plan Width": 8,
                    "Actual Startup Time": 8.818,
                    "Actual Total Time": 1882.632,
                    "Actual Rows": 810787,
                    "Actual Loops": 2,
                    "Inner Unique": true,
                    "Merge Cond": "(mk.movie_id = t.id)",
                    "Plans": [
                      {
                        "Node Type": "Index Only Scan",
                        "Parent Relationship": "Outer",
                        "Parallel Aware": true,
                        "Scan Direction": "Forward",
                        "Index Name": "movie_id_movie_keyword",
                        "Relation Name": "movie_keyword",
                        "Alias": "mk",
                        "Startup Cost": 0.43,
                        "Total Cost": 158560.11,
                        "Plan Rows": 2661135,
                        "Plan Width": 4,
                        "Actual Startup Time": 0.108,
                        "Actual Total Time": 432.871,
                        "Actual Rows": 2261961,
                        "Actual Loops": 2,
                        "Heap Fetches": 4523922
                      },
                      {
                        "Node Type": "Index Scan",
                        "Parent Relationship": "Inner",
                        "Parallel Aware": false,
                        "Scan Direction": "Forward",
                        "Index Name": "title_pkey",
                        "Relation Name": "title",
                        "Alias": "t",
                        "Startup Cost": 0.43,
                        "Total Cost": 122981.43,
                        "Plan Rows": 1712033,
                        "Plan Width": 4,
                        "Actual Startup Time": 0.118,
                        "Actual Total Time": 1197.683,
                        "Actual Rows": 1799454,
                        "Actual Loops": 2,
                        "Filter": "((kind_id > 1) AND (production_year > 1938))",
                        "Rows Removed by Filter": 726268
                      }
                    ]
                  },
                  {
                    "Node Type": "Index Scan",
                    "Parent Relationship": "Inner",
                    "Parallel Aware": false,
                    "Scan Direction": "Forward",
                    "Index Name": "movie_id_movie_companies",
                    "Relation Name": "movie_companies",
                    "Alias": "mc",
                    "Startup Cost": 0.43,
                    "Total Cost": 146582.27,
                    "Plan Rows": 2225417,
                    "Plan Width": 4,
                    "Actual Startup Time": 0.046,
                    "Actual Total Time": 1092.738,
                    "Actual Rows": 4260508,
                    "Actual Loops": 2,
                    "Filter": "(company_id < 83238)",
                    "Rows Removed by Filter": 608958
                  }
                ]
              }
            ]
          }
        ]
      }
    ]
  },
  "Planning Time": 1.065,
  "Triggers": [],
  "Execution Time": 3489.443
}