{
  "Plan": {
    "Node Type": "Aggregate",
    "Strategy": "Plain",
    "Partial Mode": "Simple",
    "Parallel Aware": false,
    "Startup Cost": 232065.17,
    "Total Cost": 232065.18,
    "Plan Rows": 1,
    "Plan Width": 8,
    "Actual Startup Time": 2556.354,
    "Actual Total Time": 2556.357,
    "Actual Rows": 1,
    "Actual Loops": 1,
    "Plans": [
      {
        "Node Type": "Hash Join",
        "Parent Relationship": "Outer",
        "Parallel Aware": false,
        "Join Type": "Inner",
        "Startup Cost": 231002.92,
        "Total Cost": 232064.72,
        "Plan Rows": 181,
        "Plan Width": 0,
        "Actual Startup Time": 2556.256,
        "Actual Total Time": 2556.326,
        "Actual Rows": 622,
        "Actual Loops": 1,
        "Inner Unique": false,
        "Hash Cond": "(ci.movie_id = t.id)",
        "Plans": [
          {
            "Node Type": "Index Scan",
            "Parent Relationship": "Outer",
            "Parallel Aware": false,
            "Scan Direction": "Forward",
            "Index Name": "person_id_cast_info",
            "Relation Name": "cast_info",
            "Alias": "ci",
            "Startup Cost": 0.56,
            "Total Cost": 1059.67,
            "Plan Rows": 101,
            "Plan Width": 4,
            "Actual Startup Time": 0.469,
            "Actual Total Time": 0.482,
            "Actual Rows": 38,
            "Actual Loops": 1,
            "Index Cond": "(person_id = 1763973)",
            "Rows Removed by Index Recheck": 0,
            "Filter": "(role_id = 2)",
            "Rows Removed by Filter": 0
          },
          {
            "Node Type": "Hash",
            "Parent Relationship": "Inner",
            "Parallel Aware": false,
            "Startup Cost": 174453.23,
            "Total Cost": 174453.23,
            "Plan Rows": 4523930,
            "Plan Width": 8,
            "Actual Startup Time": 2512.121,
            "Actual Total Time": 2512.123,
            "Actual Rows": 4523930,
            "Actual Loops": 1,
            "Hash Buckets": 8388608,
            "Original Hash Buckets": 8388608,
            "Hash Batches": 1,
            "Original Hash Batches": 1,
            "Peak Memory Usage": 242253,
            "Plans": [
              {
                "Node Type": "Hash Join",
                "Parent Relationship": "Outer",
                "Parallel Aware": false,
                "Join Type": "Inner",
                "Startup Cost": 92884.59,
                "Total Cost": 174453.23,
                "Plan Rows": 4523930,
                "Plan Width": 8,
                "Actual Startup Time": 810.606,
                "Actual Total Time": 1879.21,
                "Actual Rows": 4523930,
                "Actual Loops": 1,
                "Inner Unique": true,
                "Hash Cond": "(mk.movie_id = t.id)",
                "Plans": [
                  {
                    "Node Type": "Seq Scan",
                    "Parent Relationship": "Outer",
                    "Parallel Aware": false,
                    "Relation Name": "movie_keyword",
                    "Alias": "mk",
                    "Startup Cost": 0.0,
                    "Total Cost": 69693.3,
                    "Plan Rows": 4523930,
                    "Plan Width": 4,
                    "Actual Startup Time": 0.016,
                    "Actual Total Time": 303.691,
                    "Actual Rows": 4523930,
                    "Actual Loops": 1
                  },
                  {
                    "Node Type": "Hash",
                    "Parent Relationship": "Inner",
                    "Parallel Aware": false,
                    "Startup Cost": 61280.93,
                    "Total Cost": 61280.93,
                    "Plan Rows": 2528293,
                    "Plan Width": 4,
                    "Actual Startup Time": 795.351,
                    "Actual Total Time": 795.353,
                    "Actual Rows": 2528312,
                    "Actual Loops": 1,
                    "Hash Buckets": 4194304,
                    "Original Hash Buckets": 4194304,
                    "Hash Batches": 1,
                    "Original Hash Batches": 1,
                    "Peak Memory Usage": 121654,
                    "Plans": [
                      {
                        "Node Type": "Seq Scan",
                        "Parent Relationship": "Outer",
                        "Parallel Aware": false,
                        "Relation Name": "title",
                        "Alias": "t",
                        "Startup Cost": 0.0,
                        "Total Cost": 61280.93,
                        "Plan Rows": 2528293,
                        "Plan Width": 4,
                        "Actual Startup Time": 0.013,
                        "Actual Total Time": 254.085,
                        "Actual Rows": 2528312,
                        "Actual Loops": 1
                      }
                    ]
                  }
                ]
              }
            ]
          }
        ]
      }
    ]
  },
  "Planning Time": 0.423,
  "Triggers": [],
  "Execution Time": 2575.378
}