[
  {
    "Plan": {
      "Node Type": "Aggregate",
      "Strategy": "Plain",
      "Partial Mode": "Finalize",
      "Parallel Aware": false,
      "Startup Cost": 79316.06,
      "Total Cost": 79316.07,
      "Plan Rows": 1,
      "Plan Width": 8,
      "Actual Startup Time": 274.426,
      "Actual Total Time": 288.915,
      "Actual Rows": 1,
      "Actual Loops": 1,
      "Plans": [
        {
          "Node Type": "Gather",
          "Parent Relationship": "Outer",
          "Parallel Aware": false,
          "Startup Cost": 79315.64,
          "Total Cost": 79316.05,
          "Plan Rows": 4,
          "Plan Width": 8,
          "Actual Startup Time": 271.513,
          "Actual Total Time": 288.897,
          "Actual Rows": 5,
          "Actual Loops": 1,
          "Workers Planned": 4,
          "Workers Launched": 4,
          "Single Copy": false,
          "Plans": [
            {
              "Node Type": "Aggregate",
              "Strategy": "Plain",
              "Partial Mode": "Partial",
              "Parent Relationship": "Outer",
              "Parallel Aware": false,
              "Startup Cost": 78315.64,
              "Total Cost": 78315.65,
              "Plan Rows": 1,
              "Plan Width": 8,
              "Actual Startup Time": 263.336,
              "Actual Total Time": 263.545,
              "Actual Rows": 1,
              "Actual Loops": 5,
              "Plans": [
                {
                  "Node Type": "Hash Join",
                  "Parent Relationship": "Outer",
                  "Parallel Aware": true,
                  "Join Type": "Inner",
                  "Startup Cost": 32962.06,
                  "Total Cost": 78221.6,
                  "Plan Rows": 37617,
                  "Plan Width": 0,
                  "Actual Startup Time": 124.861,
                  "Actual Total Time": 258.958,
                  "Actual Rows": 104719,
                  "Actual Loops": 5,
                  "Inner Unique": false,
                  "Hash Cond": "(t.id = mc.movie_id)",
                  "Plans": [
                    {
                      "Node Type": "Seq Scan",
                      "Parent Relationship": "Outer",
                      "Parallel Aware": true,
                      "Relation Name": "title",
                      "Alias": "t",
                      "Startup Cost": 0.0,
                      "Total Cost": 43898.92,
                      "Plan Rows": 247857,
                      "Plan Width": 4,
                      "Actual Startup Time": 0.014,
                      "Actual Total Time": 67.542,
                      "Actual Rows": 197010,
                      "Actual Loops": 5,
                      "Filter": "(kind_id < 7)",
                      "Rows Removed by Filter": 308653
                    },
                    {
                      "Node Type": "Hash",
                      "Parent Relationship": "Inner",
                      "Parallel Aware": true,
                      "Startup Cost": 31414.82,
                      "Total Cost": 31414.82,
                      "Plan Rows": 123779,
                      "Plan Width": 4,
                      "Actual Startup Time": 121.989,
                      "Actual Total Time": 121.993,
                      "Actual Rows": 142047,
                      "Actual Loops": 5,
                      "Hash Buckets": 1048576,
                      "Original Hash Buckets": 524288,
                      "Hash Batches": 1,
                      "Original Hash Batches": 1,
                      "Peak Memory Usage": 40128,
                      "Plans": [
                        {
                          "Node Type": "Seq Scan",
                          "Parent Relationship": "Outer",
                          "Parallel Aware": true,
                          "Relation Name": "movie_companies",
                          "Alias": "mc",
                          "Startup Cost": 0.0,
                          "Total Cost": 31414.82,
                          "Plan Rows": 123779,
                          "Plan Width": 4,
                          "Actual Startup Time": 39.961,
                          "Actual Total Time": 70.356,
                          "Actual Rows": 142047,
                          "Actual Loops": 5,
                          "Filter": "((company_id > 33938) AND (company_type_id = 2))",
                          "Rows Removed by Filter": 379779
                        }
                      ]
                    }
                  ]
                }
              ]
            }
          ]
        }
      ]
    },
    "Planning Time": 0.652,
    "Triggers": [],
    "Execution Time": 288.99
  }
]