[
  {
    "Plan": {
      "Node Type": "Aggregate",
      "Strategy": "Plain",
      "Partial Mode": "Finalize",
      "Parallel Aware": false,
      "Startup Cost": 253856.56,
      "Total Cost": 253856.57,
      "Plan Rows": 1,
      "Plan Width": 8,
      "Actual Startup Time": 830.481,
      "Actual Total Time": 872.689,
      "Actual Rows": 1,
      "Actual Loops": 1,
      "Plans": [
        {
          "Node Type": "Gather",
          "Parent Relationship": "Outer",
          "Parallel Aware": false,
          "Startup Cost": 253856.03,
          "Total Cost": 253856.54,
          "Plan Rows": 5,
          "Plan Width": 8,
          "Actual Startup Time": 820.66,
          "Actual Total Time": 872.677,
          "Actual Rows": 6,
          "Actual Loops": 1,
          "Workers Planned": 5,
          "Workers Launched": 5,
          "Single Copy": false,
          "Plans": [
            {
              "Node Type": "Aggregate",
              "Strategy": "Plain",
              "Partial Mode": "Partial",
              "Parent Relationship": "Outer",
              "Parallel Aware": false,
              "Startup Cost": 252856.03,
              "Total Cost": 252856.04,
              "Plan Rows": 1,
              "Plan Width": 8,
              "Actual Startup Time": 806.421,
              "Actual Total Time": 806.424,
              "Actual Rows": 1,
              "Actual Loops": 6,
              "Plans": [
                {
                  "Node Type": "Hash Join",
                  "Parent Relationship": "Outer",
                  "Parallel Aware": true,
                  "Join Type": "Inner",
                  "Startup Cost": 49308.35,
                  "Total Cost": 251042.21,
                  "Plan Rows": 725530,
                  "Plan Width": 0,
                  "Actual Startup Time": 236.579,
                  "Actual Total Time": 781.236,
                  "Actual Rows": 604030,
                  "Actual Loops": 6,
                  "Inner Unique": true,
                  "Hash Cond": "(mi.movie_id = t.id)",
                  "Plans": [
                    {
                      "Node Type": "Seq Scan",
                      "Parent Relationship": "Outer",
                      "Parallel Aware": true,
                      "Relation Name": "movie_info",
                      "Alias": "mi",
                      "Startup Cost": 0.0,
                      "Total Cost": 198952.16,
                      "Plan Rows": 1059693,
                      "Plan Width": 4,
                      "Actual Startup Time": 15.82,
                      "Actual Total Time": 303.417,
                      "Actual Rows": 878428,
                      "Actual Loops": 6,
                      "Filter": "(info_type_id > 15)",
                      "Rows Removed by Filter": 1594192
                    },
                    {
                      "Node Type": "Hash",
                      "Parent Relationship": "Inner",
                      "Parallel Aware": true,
                      "Startup Cost": 43898.92,
                      "Total Cost": 43898.92,
                      "Plan Rows": 432755,
                      "Plan Width": 4,
                      "Actual Startup Time": 215.174,
                      "Actual Total Time": 215.175,
                      "Actual Rows": 287539,
                      "Actual Loops": 6,
                      "Hash Buckets": 2097152,
                      "Original Hash Buckets": 2097152,
                      "Hash Batches": 1,
                      "Original Hash Batches": 1,
                      "Peak Memory Usage": 83936,
                      "Plans": [
                        {
                          "Node Type": "Seq Scan",
                          "Parent Relationship": "Outer",
                          "Parallel Aware": true,
                          "Relation Name": "title",
                          "Alias": "t",
                          "Startup Cost": 0.0,
                          "Total Cost": 43898.92,
                          "Plan Rows": 432755,
                          "Plan Width": 4,
                          "Actual Startup Time": 0.045,
                          "Actual Total Time": 88.92,
                          "Actual Rows": 287539,
                          "Actual Loops": 6,
                          "Filter": "(production_year > 1991)",
                          "Rows Removed by Filter": 133846
                        }
                      ]
                    }
                  ]
                }
              ]
            }
          ]
        }
      ]
    },
    "Planning Time": 0.621,
    "Triggers": [],
    "Execution Time": 872.771
  }
]