{
  "Plan": {
    "Node Type": "Aggregate",
    "Strategy": "Plain",
    "Partial Mode": "Finalize",
    "Parallel Aware": false,
    "Startup Cost": 418579.83,
    "Total Cost": 418579.84,
    "Plan Rows": 1,
    "Plan Width": 8,
    "Actual Startup Time": 1683.493,
    "Actual Total Time": 1728.664,
    "Actual Rows": 1,
    "Actual Loops": 1,
    "Plans": [
      {
        "Node Type": "Gather",
        "Parent Relationship": "Outer",
        "Parallel Aware": false,
        "Startup Cost": 418579.72,
        "Total Cost": 418579.83,
        "Plan Rows": 1,
        "Plan Width": 8,
        "Actual Startup Time": 1681.527,
        "Actual Total Time": 1728.656,
        "Actual Rows": 2,
        "Actual Loops": 1,
        "Workers Planned": 1,
        "Workers Launched": 1,
        "Single Copy": false,
        "Plans": [
          {
            "Node Type": "Aggregate",
            "Strategy": "Plain",
            "Partial Mode": "Partial",
            "Parent Relationship": "Outer",
            "Parallel Aware": false,
            "Startup Cost": 417579.72,
            "Total Cost": 417579.73,
            "Plan Rows": 1,
            "Plan Width": 8,
            "Actual Startup Time": 1673.749,
            "Actual Total Time": 1673.755,
            "Actual Rows": 1,
            "Actual Loops": 2,
            "Plans": [
              {
                "Node Type": "Hash Join",
                "Parent Relationship": "Outer",
                "Parallel Aware": true,
                "Join Type": "Inner",
                "Startup Cost": 112759.48,
                "Total Cost": 415775.31,
                "Plan Rows": 721764,
                "Plan Width": 0,
                "Actual Startup Time": 482.01,
                "Actual Total Time": 1665.273,
                "Actual Rows": 201438,
                "Actual Loops": 2,
                "Inner Unique": false,
                "Hash Cond": "(mi.movie_id = t.id)",
                "Plans": [
                  {
                    "Node Type": "Seq Scan",
                    "Parent Relationship": "Outer",
                    "Parallel Aware": true,
                    "Relation Name": "movie_info",
                    "Alias": "mi",
                    "Startup Cost": 0.0,
                    "Total Cost": 270696.42,
                    "Plan Rows": 7486332,
                    "Plan Width": 4,
                    "Actual Startup Time": 0.019,
                    "Actual Total Time": 715.357,
                    "Actual Rows": 6372326,
                    "Actual Loops": 2,
                    "Filter": "(info_type_id > 2)",
                    "Rows Removed by Filter": 1045534
                  },
                  {
                    "Node Type": "Hash",
                    "Parent Relationship": "Inner",
                    "Parallel Aware": true,
                    "Startup Cost": 110967.17,
                    "Total Cost": 110967.17,
                    "Plan Rows": 143385,
                    "Plan Width": 8,
                    "Actual Startup Time": 477.917,
                    "Actual Total Time": 477.921,
                    "Actual Rows": 24973,
                    "Actual Loops": 2,
                    "Hash Buckets": 262144,
                    "Original Hash Buckets": 262144,
                    "Hash Batches": 1,
                    "Original Hash Batches": 1,
                    "Peak Memory Usage": 4032,
                    "Plans": [
                      {
                        "Node Type": "Hash Join",
                        "Parent Relationship": "Outer",
                        "Parallel Aware": true,
                        "Join Type": "Inner",
                        "Startup Cost": 80011.36,
                        "Total Cost": 110967.17,
                        "Plan Rows": 143385,
                        "Plan Width": 8,
                        "Actual Startup Time": 312.552,
                        "Actual Total Time": 471.294,
                        "Actual Rows": 24973,
                        "Actual Loops": 2,
                        "Inner Unique": true,
                        "Hash Cond": "(mk.movie_id = t.id)",
                        "Plans": [
                          {
                            "Node Type": "Bitmap Heap Scan",
                            "Parent Relationship": "Outer",
                            "Parallel Aware": true,
                            "Relation Name": "movie_keyword",
                            "Alias": "mk",
                            "Startup Cost": 15503.99,
                            "Total Cost": 45331.39,
                            "Plan Rows": 429872,
                            "Plan Width": 4,
                            "Actual Startup Time": 41.485,
                            "Actual Total Time": 119.999,
                            "Actual Rows": 369749,
                            "Actual Loops": 2,
                            "Recheck Cond": "(keyword_id < 667)",
                            "Rows Removed by Index Recheck": 0,
                            "Exact Heap Blocks": 12308,
                            "Lossy Heap Blocks": 0,
                            "Plans": [
                              {
                                "Node Type": "Bitmap Index Scan",
                                "Parent Relationship": "Outer",
                                "Parallel Aware": false,
                                "Index Name": "keyword_id_movie_keyword",
                                "Startup Cost": 0.0,
                                "Total Cost": 15321.3,
                                "Plan Rows": 730782,
                                "Plan Width": 0,
                                "Actual Startup Time": 37.866,
                                "Actual Total Time": 37.866,
                                "Actual Rows": 739498,
                                "Actual Loops": 1,
                                "Index Cond": "(keyword_id < 667)"
                              }
                            ]
                          },
                          {
                            "Node Type": "Hash",
                            "Parent Relationship": "Inner",
                            "Parallel Aware": true,
                            "Startup Cost": 58306.47,
                            "Total Cost": 58306.47,
                            "Plan Rows": 496072,
                            "Plan Width": 4,
                            "Actual Startup Time": 263.844,
                            "Actual Total Time": 263.845,
                            "Actual Rows": 460822,
                            "Actual Loops": 2,
                            "Hash Buckets": 1048576,
                            "Original Hash Buckets": 1048576,
                            "Hash Batches": 1,
                            "Original Hash Batches": 1,
                            "Peak Memory Usage": 44288,
                            "Plans": [
                              {
                                "Node Type": "Seq Scan",
                                "Parent Relationship": "Outer",
                                "Parallel Aware": true,
                                "Relation Name": "title",
                                "Alias": "t",
                                "Startup Cost": 0.0,
                                "Total Cost": 58306.47,
                                "Plan Rows": 496072,
                                "Plan Width": 4,
                                "Actual Startup Time": 0.027,
                                "Actual Total Time": 154.518,
                                "Actual Rows": 460822,
                                "Actual Loops": 2,
                                "Filter": "((production_year > 2000) AND (kind_id = 7))",
                                "Rows Removed by Filter": 803334
                              }
                            ]
                          }
                        ]
                      }
                    ]
                  }
                ]
              }
            ]
          }
        ]
      }
    ]
  },
  "Planning Time": 0.925,
  "Triggers": [],
  "Execution Time": 1728.775
}