[
  {
    "Plan": {
      "Node Type": "Aggregate",
      "Strategy": "Plain",
      "Partial Mode": "Finalize",
      "Parallel Aware": false,
      "Startup Cost": 344208.55,
      "Total Cost": 344208.56,
      "Plan Rows": 1,
      "Plan Width": 8,
      "Actual Startup Time": 854.863,
      "Actual Total Time": 885.676,
      "Actual Rows": 1,
      "Actual Loops": 1,
      "Plans": [
        {
          "Node Type": "Gather",
          "Parent Relationship": "Outer",
          "Parallel Aware": false,
          "Startup Cost": 344207.93,
          "Total Cost": 344208.54,
          "Plan Rows": 6,
          "Plan Width": 8,
          "Actual Startup Time": 854.786,
          "Actual Total Time": 885.669,
          "Actual Rows": 7,
          "Actual Loops": 1,
          "Workers Planned": 6,
          "Workers Launched": 6,
          "Single Copy": false,
          "Plans": [
            {
              "Node Type": "Aggregate",
              "Strategy": "Plain",
              "Partial Mode": "Partial",
              "Parent Relationship": "Outer",
              "Parallel Aware": false,
              "Startup Cost": 343207.93,
              "Total Cost": 343207.94,
              "Plan Rows": 1,
              "Plan Width": 8,
              "Actual Startup Time": 849.897,
              "Actual Total Time": 849.897,
              "Actual Rows": 1,
              "Actual Loops": 7,
              "Plans": [
                {
                  "Node Type": "Seq Scan",
                  "Parent Relationship": "Outer",
                  "Parallel Aware": true,
                  "Relation Name": "cast_info",
                  "Alias": "ci",
                  "Startup Cost": 0.0,
                  "Total Cost": 328213.62,
                  "Plan Rows": 5997724,
                  "Plan Width": 0,
                  "Actual Startup Time": 0.029,
                  "Actual Total Time": 612.201,
                  "Actual Rows": 5136278,
                  "Actual Loops": 7,
                  "Filter": "(person_id < 4009516)",
                  "Rows Removed by Filter": 41486
                }
              ]
            }
          ]
        }
      ]
    },
    "Planning Time": 0.091,
    "Triggers": [],
    "Execution Time": 885.7
  }
]