[
  {
    "Plan": {
      "Node Type": "Aggregate",
      "Strategy": "Plain",
      "Partial Mode": "Finalize",
      "Parallel Aware": false,
      "Startup Cost": 344136.31,
      "Total Cost": 344136.32,
      "Plan Rows": 1,
      "Plan Width": 8,
      "Actual Startup Time": 896.566,
      "Actual Total Time": 955.665,
      "Actual Rows": 1,
      "Actual Loops": 1,
      "Plans": [
        {
          "Node Type": "Gather",
          "Parent Relationship": "Outer",
          "Parallel Aware": false,
          "Startup Cost": 344135.68,
          "Total Cost": 344136.29,
          "Plan Rows": 6,
          "Plan Width": 8,
          "Actual Startup Time": 896.451,
          "Actual Total Time": 955.656,
          "Actual Rows": 7,
          "Actual Loops": 1,
          "Workers Planned": 6,
          "Workers Launched": 6,
          "Single Copy": false,
          "Plans": [
            {
              "Node Type": "Aggregate",
              "Strategy": "Plain",
              "Partial Mode": "Partial",
              "Parent Relationship": "Outer",
              "Parallel Aware": false,
              "Startup Cost": 343135.68,
              "Total Cost": 343135.7,
              "Plan Rows": 1,
              "Plan Width": 8,
              "Actual Startup Time": 887.322,
              "Actual Total Time": 887.323,
              "Actual Rows": 1,
              "Actual Loops": 7,
              "Plans": [
                {
                  "Node Type": "Seq Scan",
                  "Parent Relationship": "Outer",
                  "Parallel Aware": true,
                  "Relation Name": "cast_info",
                  "Alias": "ci",
                  "Startup Cost": 0.0,
                  "Total Cost": 328162.03,
                  "Plan Rows": 5989464,
                  "Plan Width": 0,
                  "Actual Startup Time": 0.047,
                  "Actual Total Time": 666.811,
                  "Actual Rows": 5136278,
                  "Actual Loops": 7,
                  "Filter": "(person_id < 4009516)",
                  "Rows Removed by Filter": 41486
                }
              ]
            }
          ]
        }
      ]
    },
    "Planning Time": 0.233,
    "Triggers": [],
    "Execution Time": 955.73
  }
]