[
  {
    "Plan": {
      "Node Type": "Aggregate",
      "Strategy": "Plain",
      "Partial Mode": "Finalize",
      "Parallel Aware": false,
      "Startup Cost": 46607.45,
      "Total Cost": 46607.46,
      "Plan Rows": 1,
      "Plan Width": 8,
      "Actual Startup Time": 104.141,
      "Actual Total Time": 116.643,
      "Actual Rows": 1,
      "Actual Loops": 1,
      "Plans": [
        {
          "Node Type": "Gather",
          "Parent Relationship": "Outer",
          "Parallel Aware": false,
          "Startup Cost": 46607.03,
          "Total Cost": 46607.44,
          "Plan Rows": 4,
          "Plan Width": 8,
          "Actual Startup Time": 103.787,
          "Actual Total Time": 116.634,
          "Actual Rows": 5,
          "Actual Loops": 1,
          "Workers Planned": 4,
          "Workers Launched": 4,
          "Single Copy": false,
          "Plans": [
            {
              "Node Type": "Aggregate",
              "Strategy": "Plain",
              "Partial Mode": "Partial",
              "Parent Relationship": "Outer",
              "Parallel Aware": false,
              "Startup Cost": 45607.03,
              "Total Cost": 45607.04,
              "Plan Rows": 1,
              "Plan Width": 8,
              "Actual Startup Time": 96.99,
              "Actual Total Time": 96.991,
              "Actual Rows": 1,
              "Actual Loops": 5,
              "Plans": [
                {
                  "Node Type": "Seq Scan",
                  "Parent Relationship": "Outer",
                  "Parallel Aware": true,
                  "Relation Name": "title",
                  "Alias": "t",
                  "Startup Cost": 0.0,
                  "Total Cost": 45479.59,
                  "Plan Rows": 50978,
                  "Plan Width": 0,
                  "Actual Startup Time": 0.148,
                  "Actual Total Time": 93.143,
                  "Actual Rows": 64116,
                  "Actual Loops": 5,
                  "Filter": "((kind_id < 7) AND (production_year < 1982))",
                  "Rows Removed by Filter": 441547
                }
              ]
            }
          ]
        }
      ]
    },
    "Planning Time": 0.063,
    "Triggers": [],
    "Execution Time": 116.68
  }
]