[
  {
    "Plan": {
      "Node Type": "Aggregate",
      "Strategy": "Plain",
      "Partial Mode": "Finalize",
      "Parallel Aware": false,
      "Startup Cost": 32770.61,
      "Total Cost": 32770.62,
      "Plan Rows": 1,
      "Plan Width": 8,
      "Actual Startup Time": 84.864,
      "Actual Total Time": 92.458,
      "Actual Rows": 1,
      "Actual Loops": 1,
      "Plans": [
        {
          "Node Type": "Gather",
          "Parent Relationship": "Outer",
          "Parallel Aware": false,
          "Startup Cost": 32770.29,
          "Total Cost": 32770.6,
          "Plan Rows": 3,
          "Plan Width": 8,
          "Actual Startup Time": 84.77,
          "Actual Total Time": 92.451,
          "Actual Rows": 4,
          "Actual Loops": 1,
          "Workers Planned": 3,
          "Workers Launched": 3,
          "Single Copy": false,
          "Plans": [
            {
              "Node Type": "Aggregate",
              "Strategy": "Plain",
              "Partial Mode": "Partial",
              "Parent Relationship": "Outer",
              "Parallel Aware": false,
              "Startup Cost": 31770.29,
              "Total Cost": 31770.3,
              "Plan Rows": 1,
              "Plan Width": 8,
              "Actual Startup Time": 77.295,
              "Actual Total Time": 77.297,
              "Actual Rows": 1,
              "Actual Loops": 4,
              "Plans": [
                {
                  "Node Type": "Seq Scan",
                  "Parent Relationship": "Outer",
                  "Parallel Aware": true,
                  "Relation Name": "movie_companies",
                  "Alias": "mc",
                  "Startup Cost": 0.0,
                  "Total Cost": 31414.82,
                  "Plan Rows": 142189,
                  "Plan Width": 0,
                  "Actual Startup Time": 47.03,
                  "Actual Total Time": 74.689,
                  "Actual Rows": 63076,
                  "Actual Loops": 4,
                  "Filter": "((company_id < 2538) AND (company_type_id = 2))",
                  "Rows Removed by Filter": 589206
                }
              ]
            }
          ]
        }
      ]
    },
    "Planning Time": 0.222,
    "Triggers": [],
    "Execution Time": 92.515
  }
]