{
  "Plan": {
    "Node Type": "Aggregate",
    "Strategy": "Plain",
    "Partial Mode": "Finalize",
    "Parallel Aware": false,
    "Startup Cost": 459053.28,
    "Total Cost": 459053.29,
    "Plan Rows": 1,
    "Plan Width": 8,
    "Actual Startup Time": 5622.546,
    "Actual Total Time": 5668.566,
    "Actual Rows": 1,
    "Actual Loops": 1,
    "Plans": [
      {
        "Node Type": "Gather",
        "Parent Relationship": "Outer",
        "Parallel Aware": false,
        "Startup Cost": 459053.17,
        "Total Cost": 459053.28,
        "Plan Rows": 1,
        "Plan Width": 8,
        "Actual Startup Time": 5616.164,
        "Actual Total Time": 5668.556,
        "Actual Rows": 2,
        "Actual Loops": 1,
        "Workers Planned": 1,
        "Workers Launched": 1,
        "Single Copy": false,
        "Plans": [
          {
            "Node Type": "Aggregate",
            "Strategy": "Plain",
            "Partial Mode": "Partial",
            "Parent Relationship": "Outer",
            "Parallel Aware": false,
            "Startup Cost": 458053.17,
            "Total Cost": 458053.18,
            "Plan Rows": 1,
            "Plan Width": 8,
            "Actual Startup Time": 5610.82,
            "Actual Total Time": 5612.411,
            "Actual Rows": 1,
            "Actual Loops": 2,
            "Plans": [
              {
                "Node Type": "Hash Join",
                "Parent Relationship": "Outer",
                "Parallel Aware": true,
                "Join Type": "Inner",
                "Startup Cost": 135444.42,
                "Total Cost": 450943.42,
                "Plan Rows": 2843902,
                "Plan Width": 0,
                "Actual Startup Time": 995.523,
                "Actual Total Time": 4551.669,
                "Actual Rows": 25313224,
                "Actual Loops": 2,
                "Inner Unique": false,
                "Hash Cond": "(mi.movie_id = t.id)",
                "Plans": [
                  {
                    "Node Type": "Seq Scan",
                    "Parent Relationship": "Outer",
                    "Parallel Aware": true,
                    "Relation Name": "movie_info",
                    "Alias": "mi",
                    "Startup Cost": 0.0,
                    "Total Cost": 270696.42,
                    "Plan Rows": 7486332,
                    "Plan Width": 4,
                    "Actual Startup Time": 0.02,
                    "Actual Total Time": 800.815,
                    "Actual Rows": 6372326,
                    "Actual Loops": 2,
                    "Filter": "(info_type_id > 2)",
                    "Rows Removed by Filter": 1045534
                  },
                  {
                    "Node Type": "Hash",
                    "Parent Relationship": "Inner",
                    "Parallel Aware": true,
                    "Startup Cost": 128382.32,
                    "Total Cost": 128382.32,
                    "Plan Rows": 564968,
                    "Plan Width": 8,
                    "Actual Startup Time": 985.929,
                    "Actual Total Time": 987.518,
                    "Actual Rows": 570774,
                    "Actual Loops": 2,
                    "Hash Buckets": 2097152,
                    "Original Hash Buckets": 1048576,
                    "Hash Batches": 1,
                    "Original Hash Batches": 1,
                    "Peak Memory Usage": 69280,
                    "Plans": [
                      {
                        "Node Type": "Hash Join",
                        "Parent Relationship": "Outer",
                        "Parallel Aware": true,
                        "Join Type": "Inner",
                        "Startup Cost": 68712.06,
                        "Total Cost": 128382.32,
                        "Plan Rows": 564968,
                        "Plan Width": 8,
                        "Actual Startup Time": 495.662,
                        "Actual Total Time": 836.831,
                        "Actual Rows": 570774,
                        "Actual Loops": 2,
                        "Inner Unique": true,
                        "Hash Cond": "(mk.movie_id = t.id)",
                        "Plans": [
                          {
                            "Node Type": "Seq Scan",
                            "Parent Relationship": "Outer",
                            "Parallel Aware": true,
                            "Relation Name": "movie_keyword",
                            "Alias": "mk",
                            "Startup Cost": 0.0,
                            "Total Cost": 57718.19,
                            "Plan Rows": 743644,
                            "Plan Width": 4,
                            "Actual Startup Time": 0.016,
                            "Actual Total Time": 178.628,
                            "Actual Rows": 635818,
                            "Actual Loops": 2,
                            "Filter": "(keyword_id < 1633)",
                            "Rows Removed by Filter": 1626146
                          },
                          {
                            "Node Type": "Hash",
                            "Parent Relationship": "Inner",
                            "Parallel Aware": true,
                            "Startup Cost": 54588.39,
                            "Total Cost": 54588.39,
                            "Plan Rows": 1129894,
                            "Plan Width": 4,
                            "Actual Startup Time": 486.219,
                            "Actual Total Time": 486.22,
                            "Actual Rows": 961424,
                            "Actual Loops": 2,
                            "Hash Buckets": 2097152,
                            "Original Hash Buckets": 2097152,
                            "Hash Batches": 1,
                            "Original Hash Batches": 1,
                            "Peak Memory Usage": 91648,
                            "Plans": [
                              {
                                "Node Type": "Seq Scan",
                                "Parent Relationship": "Outer",
                                "Parallel Aware": true,
                                "Relation Name": "title",
                                "Alias": "t",
                                "Startup Cost": 0.0,
                                "Total Cost": 54588.39,
                                "Plan Rows": 1129894,
                                "Plan Width": 4,
                                "Actual Startup Time": 0.037,
                                "Actual Total Time": 185.001,
                                "Actual Rows": 961424,
                                "Actual Loops": 2,
                                "Filter": "(production_year < 2010)",
                                "Rows Removed by Filter": 302732
                              }
                            ]
                          }
                        ]
                      }
                    ]
                  }
                ]
              }
            ]
          }
        ]
      }
    ]
  },
  "Planning Time": 1.013,
  "Triggers": [],
  "Execution Time": 5668.678
}