[
  {
    "Plan": {
      "Node Type": "Aggregate",
      "Strategy": "Plain",
      "Partial Mode": "Finalize",
      "Parallel Aware": false,
      "Startup Cost": 29152.77,
      "Total Cost": 29152.78,
      "Plan Rows": 1,
      "Plan Width": 8,
      "Actual Startup Time": 50.208,
      "Actual Total Time": 55.751,
      "Actual Rows": 1,
      "Actual Loops": 1,
      "Plans": [
        {
          "Node Type": "Gather",
          "Parent Relationship": "Outer",
          "Parallel Aware": false,
          "Startup Cost": 29152.45,
          "Total Cost": 29152.76,
          "Plan Rows": 3,
          "Plan Width": 8,
          "Actual Startup Time": 48.772,
          "Actual Total Time": 55.742,
          "Actual Rows": 4,
          "Actual Loops": 1,
          "Workers Planned": 3,
          "Workers Launched": 3,
          "Single Copy": false,
          "Plans": [
            {
              "Node Type": "Aggregate",
              "Strategy": "Plain",
              "Partial Mode": "Partial",
              "Parent Relationship": "Outer",
              "Parallel Aware": false,
              "Startup Cost": 28152.45,
              "Total Cost": 28152.46,
              "Plan Rows": 1,
              "Plan Width": 8,
              "Actual Startup Time": 39.516,
              "Actual Total Time": 39.518,
              "Actual Rows": 1,
              "Actual Loops": 4,
              "Plans": [
                {
                  "Node Type": "Nested Loop",
                  "Parent Relationship": "Outer",
                  "Parallel Aware": false,
                  "Join Type": "Inner",
                  "Startup Cost": 235.56,
                  "Total Cost": 28148.4,
                  "Plan Rows": 1620,
                  "Plan Width": 0,
                  "Actual Startup Time": 7.462,
                  "Actual Total Time": 38.764,
                  "Actual Rows": 7516,
                  "Actual Loops": 4,
                  "Inner Unique": false,
                  "Join Filter": "(t.id = ci.movie_id)",
                  "Rows Removed by Join Filter": 0,
                  "Plans": [
                    {
                      "Node Type": "Nested Loop",
                      "Parent Relationship": "Outer",
                      "Parallel Aware": false,
                      "Join Type": "Inner",
                      "Startup Cost": 234.99,
                      "Total Cost": 27833.76,
                      "Plan Rows": 113,
                      "Plan Width": 8,
                      "Actual Startup Time": 7.262,
                      "Actual Total Time": 18.732,
                      "Actual Rows": 186,
                      "Actual Loops": 4,
                      "Inner Unique": false,
                      "Plans": [
                        {
                          "Node Type": "Bitmap Heap Scan",
                          "Parent Relationship": "Outer",
                          "Parallel Aware": true,
                          "Relation Name": "title",
                          "Alias": "t",
                          "Startup Cost": 234.56,
                          "Total Cost": 26141.85,
                          "Plan Rows": 207,
                          "Plan Width": 4,
                          "Actual Startup Time": 6.415,
                          "Actual Total Time": 16.596,
                          "Actual Rows": 108,
                          "Actual Loops": 4,
                          "Recheck Cond": "(kind_id = 6)",
                          "Rows Removed by Index Recheck": 0,
                          "Filter": "(production_year = 2007)",
                          "Rows Removed by Filter": 3042,
                          "Exact Heap Blocks": 5215,
                          "Lossy Heap Blocks": 0,
                          "Plans": [
                            {
                              "Node Type": "Bitmap Index Scan",
                              "Parent Relationship": "Outer",
                              "Parallel Aware": false,
                              "Index Name": "kind_id_title",
                              "Startup Cost": 0.0,
                              "Total Cost": 234.4,
                              "Plan Rows": 13063,
                              "Plan Width": 0,
                              "Actual Startup Time": 9.756,
                              "Actual Total Time": 9.756,
                              "Actual Rows": 12600,
                              "Actual Loops": 1,
                              "Index Cond": "(kind_id = 6)"
                            }
                          ]
                        },
                        {
                          "Node Type": "Index Only Scan",
                          "Parent Relationship": "Inner",
                          "Parallel Aware": false,
                          "Scan Direction": "Forward",
                          "Index Name": "movie_id_movie_info_idx",
                          "Relation Name": "movie_info_idx",
                          "Alias": "mi_idx",
                          "Startup Cost": 0.43,
                          "Total Cost": 8.14,
                          "Plan Rows": 3,
                          "Plan Width": 4,
                          "Actual Startup Time": 0.018,
                          "Actual Total Time": 0.019,
                          "Actual Rows": 2,
                          "Actual Loops": 430,
                          "Index Cond": "(movie_id = t.id)",
                          "Rows Removed by Index Recheck": 0,
                          "Heap Fetches": 744
                        }
                      ]
                    },
                    {
                      "Node Type": "Index Only Scan",
                      "Parent Relationship": "Inner",
                      "Parallel Aware": false,
                      "Scan Direction": "Forward",
                      "Index Name": "movie_id_cast_info",
                      "Relation Name": "cast_info",
                      "Alias": "ci",
                      "Startup Cost": 0.56,
                      "Total Cost": 2.32,
                      "Plan Rows": 37,
                      "Plan Width": 4,
                      "Actual Startup Time": 0.013,
                      "Actual Total Time": 0.1,
                      "Actual Rows": 40,
                      "Actual Loops": 744,
                      "Index Cond": "(movie_id = mi_idx.movie_id)",
                      "Rows Removed by Index Recheck": 0,
                      "Heap Fetches": 30066
                    }
                  ]
                }
              ]
            }
          ]
        }
      ]
    },
    "Planning Time": 1.31,
    "Triggers": [],
    "Execution Time": 55.843
  }
]