[
  {
    "Plan": {
      "Node Type": "Aggregate",
      "Strategy": "Plain",
      "Partial Mode": "Finalize",
      "Parallel Aware": false,
      "Startup Cost": 81851.41,
      "Total Cost": 81851.42,
      "Plan Rows": 1,
      "Plan Width": 8,
      "Actual Startup Time": 461.024,
      "Actual Total Time": 478.136,
      "Actual Rows": 1,
      "Actual Loops": 1,
      "Plans": [
        {
          "Node Type": "Gather",
          "Parent Relationship": "Outer",
          "Parallel Aware": false,
          "Startup Cost": 81851.09,
          "Total Cost": 81851.4,
          "Plan Rows": 3,
          "Plan Width": 8,
          "Actual Startup Time": 455.205,
          "Actual Total Time": 478.124,
          "Actual Rows": 4,
          "Actual Loops": 1,
          "Workers Planned": 3,
          "Workers Launched": 3,
          "Single Copy": false,
          "Plans": [
            {
              "Node Type": "Aggregate",
              "Strategy": "Plain",
              "Partial Mode": "Partial",
              "Parent Relationship": "Outer",
              "Parallel Aware": false,
              "Startup Cost": 80851.09,
              "Total Cost": 80851.1,
              "Plan Rows": 1,
              "Plan Width": 8,
              "Actual Startup Time": 443.107,
              "Actual Total Time": 443.111,
              "Actual Rows": 1,
              "Actual Loops": 4,
              "Plans": [
                {
                  "Node Type": "Hash Join",
                  "Parent Relationship": "Outer",
                  "Parallel Aware": true,
                  "Join Type": "Inner",
                  "Startup Cost": 49547.09,
                  "Total Cost": 80195.32,
                  "Plan Rows": 262307,
                  "Plan Width": 0,
                  "Actual Startup Time": 256.942,
                  "Actual Total Time": 436.362,
                  "Actual Rows": 148798,
                  "Actual Loops": 4,
                  "Inner Unique": true,
                  "Hash Cond": "(mc.movie_id = t.id)",
                  "Plans": [
                    {
                      "Node Type": "Seq Scan",
                      "Parent Relationship": "Outer",
                      "Parallel Aware": true,
                      "Relation Name": "movie_companies",
                      "Alias": "mc",
                      "Startup Cost": 0.0,
                      "Total Cost": 29310.68,
                      "Plan Rows": 509545,
                      "Plan Width": 4,
                      "Actual Startup Time": 0.014,
                      "Actual Total Time": 70.873,
                      "Actual Rows": 396405,
                      "Actual Loops": 4,
                      "Filter": "(company_id < 15821)",
                      "Rows Removed by Filter": 255877
                    },
                    {
                      "Node Type": "Hash",
                      "Parent Relationship": "Inner",
                      "Parallel Aware": true,
                      "Startup Cost": 45479.59,
                      "Total Cost": 45479.59,
                      "Plan Rows": 325400,
                      "Plan Width": 4,
                      "Actual Startup Time": 248.813,
                      "Actual Total Time": 248.814,
                      "Actual Rows": 353437,
                      "Actual Loops": 4,
                      "Hash Buckets": 2097152,
                      "Original Hash Buckets": 2097152,
                      "Hash Batches": 1,
                      "Original Hash Batches": 1,
                      "Peak Memory Usage": 71744,
                      "Plans": [
                        {
                          "Node Type": "Seq Scan",
                          "Parent Relationship": "Outer",
                          "Parallel Aware": true,
                          "Relation Name": "title",
                          "Alias": "t",
                          "Startup Cost": 0.0,
                          "Total Cost": 45479.59,
                          "Plan Rows": 325400,
                          "Plan Width": 4,
                          "Actual Startup Time": 0.041,
                          "Actual Total Time": 113.565,
                          "Actual Rows": 353437,
                          "Actual Loops": 4,
                          "Filter": "((kind_id > 1) AND (production_year > 1990))",
                          "Rows Removed by Filter": 278641
                        }
                      ]
                    }
                  ]
                }
              ]
            }
          ]
        }
      ]
    },
    "Planning Time": 0.662,
    "Triggers": [],
    "Execution Time": 478.202
  }
]