{
  "Plan": {
    "Node Type": "Aggregate",
    "Strategy": "Plain",
    "Partial Mode": "Finalize",
    "Parallel Aware": false,
    "Startup Cost": 542313.5,
    "Total Cost": 542313.51,
    "Plan Rows": 1,
    "Plan Width": 8,
    "Actual Startup Time": 4547.349,
    "Actual Total Time": 4583.137,
    "Actual Rows": 1,
    "Actual Loops": 1,
    "Plans": [
      {
        "Node Type": "Gather",
        "Parent Relationship": "Outer",
        "Parallel Aware": false,
        "Startup Cost": 542313.38,
        "Total Cost": 542313.49,
        "Plan Rows": 1,
        "Plan Width": 8,
        "Actual Startup Time": 4542.787,
        "Actual Total Time": 4583.128,
        "Actual Rows": 2,
        "Actual Loops": 1,
        "Workers Planned": 1,
        "Workers Launched": 1,
        "Single Copy": false,
        "Plans": [
          {
            "Node Type": "Aggregate",
            "Strategy": "Plain",
            "Partial Mode": "Partial",
            "Parent Relationship": "Outer",
            "Parallel Aware": false,
            "Startup Cost": 541313.38,
            "Total Cost": 541313.39,
            "Plan Rows": 1,
            "Plan Width": 8,
            "Actual Startup Time": 4535.331,
            "Actual Total Time": 4535.335,
            "Actual Rows": 1,
            "Actual Loops": 2,
            "Plans": [
              {
                "Node Type": "Hash Join",
                "Parent Relationship": "Outer",
                "Parallel Aware": true,
                "Join Type": "Inner",
                "Startup Cost": 112054.58,
                "Total Cost": 538122.33,
                "Plan Rows": 1276421,
                "Plan Width": 0,
                "Actual Startup Time": 542.298,
                "Actual Total Time": 4445.574,
                "Actual Rows": 2062932,
                "Actual Loops": 2,
                "Inner Unique": false,
                "Hash Cond": "(t.id = mc.movie_id)",
                "Plans": [
                  {
                    "Node Type": "Hash Join",
                    "Parent Relationship": "Outer",
                    "Parallel Aware": true,
                    "Join Type": "Inner",
                    "Startup Cost": 61343.47,
                    "Total Cost": 463237.97,
                    "Plan Rows": 2666382,
                    "Plan Width": 8,
                    "Actual Startup Time": 258.605,
                    "Actual Total Time": 3109.385,
                    "Actual Rows": 2579218,
                    "Actual Loops": 2,
                    "Inner Unique": true,
                    "Hash Cond": "(ci.movie_id = t.id)",
                    "Plans": [
                      {
                        "Node Type": "Index Scan",
                        "Parent Relationship": "Outer",
                        "Parallel Aware": true,
                        "Scan Direction": "Forward",
                        "Index Name": "role_id_cast_info",
                        "Relation Name": "cast_info",
                        "Alias": "ci",
                        "Startup Cost": 0.56,
                        "Total Cost": 382631.05,
                        "Plan Rows": 7338659,
                        "Plan Width": 4,
                        "Actual Startup Time": 0.041,
                        "Actual Total Time": 860.311,
                        "Actual Rows": 6335344,
                        "Actual Loops": 2,
                        "Index Cond": "(role_id < 2)",
                        "Rows Removed by Index Recheck": 0
                      },
                      {
                        "Node Type": "Hash",
                        "Parent Relationship": "Inner",
                        "Parallel Aware": true,
                        "Startup Cost": 54588.39,
                        "Total Cost": 54588.39,
                        "Plan Rows": 540361,
                        "Plan Width": 4,
                        "Actual Startup Time": 255.698,
                        "Actual Total Time": 255.699,
                        "Actual Rows": 462302,
                        "Actual Loops": 2,
                        "Hash Buckets": 1048576,
                        "Original Hash Buckets": 1048576,
                        "Hash Batches": 1,
                        "Original Hash Batches": 1,
                        "Peak Memory Usage": 44384,
                        "Plans": [
                          {
                            "Node Type": "Seq Scan",
                            "Parent Relationship": "Outer",
                            "Parallel Aware": true,
                            "Relation Name": "title",
                            "Alias": "t",
                            "Startup Cost": 0.0,
                            "Total Cost": 54588.39,
                            "Plan Rows": 540361,
                            "Plan Width": 4,
                            "Actual Startup Time": 0.013,
                            "Actual Total Time": 144.288,
                            "Actual Rows": 462302,
                            "Actual Loops": 2,
                            "Filter": "(production_year < 1998)",
                            "Rows Removed by Filter": 801854
                          }
                        ]
                      }
                    ]
                  },
                  {
                    "Node Type": "Hash",
                    "Parent Relationship": "Inner",
                    "Parallel Aware": true,
                    "Startup Cost": 41811.73,
                    "Total Cost": 41811.73,
                    "Plan Rows": 711951,
                    "Plan Width": 4,
                    "Actual Startup Time": 269.681,
                    "Actual Total Time": 269.682,
                    "Actual Rows": 556215,
                    "Actual Loops": 2,
                    "Hash Buckets": 2097152,
                    "Original Hash Buckets": 2097152,
                    "Hash Batches": 1,
                    "Original Hash Batches": 1,
                    "Peak Memory Usage": 59936,
                    "Plans": [
                      {
                        "Node Type": "Seq Scan",
                        "Parent Relationship": "Outer",
                        "Parallel Aware": true,
                        "Relation Name": "movie_companies",
                        "Alias": "mc",
                        "Startup Cost": 0.0,
                        "Total Cost": 41811.73,
                        "Plan Rows": 711951,
                        "Plan Width": 4,
                        "Actual Startup Time": 61.998,
                        "Actual Total Time": 136.287,
                        "Actual Rows": 556215,
                        "Actual Loops": 2,
                        "Filter": "((company_id < 107290) AND (company_type_id > 1))",
                        "Rows Removed by Filter": 748350
                      }
                    ]
                  }
                ]
              }
            ]
          }
        ]
      }
    ]
  },
  "Planning Time": 0.972,
  "Triggers": [],
  "Execution Time": 4583.228
}