{
  "Plan": {
    "Node Type": "Aggregate",
    "Strategy": "Plain",
    "Partial Mode": "Finalize",
    "Parallel Aware": false,
    "Startup Cost": 269320.79,
    "Total Cost": 269320.8,
    "Plan Rows": 1,
    "Plan Width": 8,
    "Actual Startup Time": 1089.514,
    "Actual Total Time": 1089.582,
    "Actual Rows": 1,
    "Actual Loops": 1,
    "Plans": [
      {
        "Node Type": "Gather",
        "Parent Relationship": "Outer",
        "Parallel Aware": false,
        "Startup Cost": 269320.68,
        "Total Cost": 269320.79,
        "Plan Rows": 1,
        "Plan Width": 8,
        "Actual Startup Time": 1089.504,
        "Actual Total Time": 1089.575,
        "Actual Rows": 2,
        "Actual Loops": 1,
        "Workers Planned": 1,
        "Workers Launched": 1,
        "Single Copy": false,
        "Plans": [
          {
            "Node Type": "Aggregate",
            "Strategy": "Plain",
            "Partial Mode": "Partial",
            "Parent Relationship": "Outer",
            "Parallel Aware": false,
            "Startup Cost": 268320.68,
            "Total Cost": 268320.69,
            "Plan Rows": 1,
            "Plan Width": 8,
            "Actual Startup Time": 1070.61,
            "Actual Total Time": 1070.615,
            "Actual Rows": 1,
            "Actual Loops": 2,
            "Plans": [
              {
                "Node Type": "Merge Join",
                "Parent Relationship": "Outer",
                "Parallel Aware": false,
                "Join Type": "Inner",
                "Startup Cost": 262088.69,
                "Total Cost": 268201.61,
                "Plan Rows": 47629,
                "Plan Width": 0,
                "Actual Startup Time": 928.545,
                "Actual Total Time": 1068.92,
                "Actual Rows": 41000,
                "Actual Loops": 2,
                "Inner Unique": false,
                "Merge Cond": "(ci.movie_id = t.id)",
                "Plans": [
                  {
                    "Node Type": "Sort",
                    "Parent Relationship": "Outer",
                    "Parallel Aware": false,
                    "Startup Cost": 153072.45,
                    "Total Cost": 155592.42,
                    "Plan Rows": 1007991,
                    "Plan Width": 4,
                    "Actual Startup Time": 360.254,
                    "Actual Total Time": 435.014,
                    "Actual Rows": 851692,
                    "Actual Loops": 2,
                    "Sort Key": [
                      "ci.movie_id"
                    ],
                    "Sort Method": "quicksort",
                    "Sort Space Used": 67903,
                    "Sort Space Type": "Memory",
                    "Workers": [
                      {
                        "Worker Number": 0,
                        "Sort Method": "quicksort",
                        "Sort Space Used": 61104,
                        "Sort Space Type": "Memory"
                      }
                    ],
                    "Plans": [
                      {
                        "Node Type": "Index Scan",
                        "Parent Relationship": "Outer",
                        "Parallel Aware": true,
                        "Scan Direction": "Forward",
                        "Index Name": "role_id_cast_info",
                        "Relation Name": "cast_info",
                        "Alias": "ci",
                        "Startup Cost": 0.56,
                        "Total Cost": 52560.36,
                        "Plan Rows": 1007991,
                        "Plan Width": 4,
                        "Actual Startup Time": 0.107,
                        "Actual Total Time": 150.823,
                        "Actual Rows": 851772,
                        "Actual Loops": 2,
                        "Index Cond": "(role_id = 8)",
                        "Rows Removed by Index Recheck": 0
                      }
                    ]
                  },
                  {
                    "Node Type": "Sort",
                    "Parent Relationship": "Inner",
                    "Parallel Aware": false,
                    "Startup Cost": 109016.14,
                    "Total Cost": 109314.8,
                    "Plan Rows": 119466,
                    "Plan Width": 8,
                    "Actual Startup Time": 568.279,
                    "Actual Total Time": 572.43,
                    "Actual Rows": 87692,
                    "Actual Loops": 2,
                    "Sort Key": [
                      "t.id"
                    ],
                    "Sort Method": "quicksort",
                    "Sort Space Used": 7018,
                    "Sort Space Type": "Memory",
                    "Workers": [
                      {
                        "Worker Number": 0,
                        "Sort Method": "quicksort",
                        "Sort Space Used": 7018,
                        "Sort Space Type": "Memory"
                      }
                    ],
                    "Plans": [
                      {
                        "Node Type": "Hash Join",
                        "Parent Relationship": "Outer",
                        "Parallel Aware": false,
                        "Join Type": "Inner",
                        "Startup Cost": 84130.15,
                        "Total Cost": 98941.43,
                        "Plan Rows": 119466,
                        "Plan Width": 8,
                        "Actual Startup Time": 385.488,
                        "Actual Total Time": 550.024,
                        "Actual Rows": 84174,
                        "Actual Loops": 2,
                        "Inner Unique": true,
                        "Hash Cond": "(mi_idx.movie_id = t.id)",
                        "Plans": [
                          {
                            "Node Type": "Bitmap Heap Scan",
                            "Parent Relationship": "Outer",
                            "Parallel Aware": false,
                            "Relation Name": "movie_info_idx",
                            "Alias": "mi_idx",
                            "Startup Cost": 8223.81,
                            "Total Cost": 21841.68,
                            "Plan Rows": 454630,
                            "Plan Width": 4,
                            "Actual Startup Time": 19.896,
                            "Actual Total Time": 66.919,
                            "Actual Rows": 459925,
                            "Actual Loops": 2,
                            "Recheck Cond": "(info_type_id = 99)",
                            "Rows Removed by Index Recheck": 0,
                            "Exact Heap Blocks": 7934,
                            "Lossy Heap Blocks": 0,
                            "Plans": [
                              {
                                "Node Type": "Bitmap Index Scan",
                                "Parent Relationship": "Outer",
                                "Parallel Aware": false,
                                "Index Name": "info_type_id_movie_info_idx",
                                "Startup Cost": 0.0,
                                "Total Cost": 8110.15,
                                "Plan Rows": 454630,
                                "Plan Width": 0,
                                "Actual Startup Time": 18.974,
                                "Actual Total Time": 18.975,
                                "Actual Rows": 459925,
                                "Actual Loops": 2,
                                "Index Cond": "(info_type_id = 99)"
                              }
                            ]
                          },
                          {
                            "Node Type": "Hash",
                            "Parent Relationship": "Inner",
                            "Parallel Aware": false,
                            "Startup Cost": 67601.66,
                            "Total Cost": 67601.66,
                            "Plan Rows": 664374,
                            "Plan Width": 4,
                            "Actual Startup Time": 361.772,
                            "Actual Total Time": 361.773,
                            "Actual Rows": 662065,
                            "Actual Loops": 2,
                            "Hash Buckets": 1048576,
                            "Original Hash Buckets": 1048576,
                            "Hash Batches": 1,
                            "Original Hash Batches": 1,
                            "Peak Memory Usage": 31468,
                            "Plans": [
                              {
                                "Node Type": "Seq Scan",
                                "Parent Relationship": "Outer",
                                "Parallel Aware": false,
                                "Relation Name": "title",
                                "Alias": "t",
                                "Startup Cost": 0.0,
                                "Total Cost": 67601.66,
                                "Plan Rows": 664374,
                                "Plan Width": 4,
                                "Actual Startup Time": 0.026,
                                "Actual Total Time": 227.208,
                                "Actual Rows": 662065,
                                "Actual Loops": 2,
                                "Filter": "(production_year > 2008)",
                                "Rows Removed by Filter": 1866247
                              }
                            ]
                          }
                        ]
                      }
                    ]
                  }
                ]
              }
            ]
          }
        ]
      }
    ]
  },
  "Planning Time": 1.082,
  "Triggers": [],
  "Execution Time": 1095.85
}