{
    "Plan": {
        "Node Type": "Aggregate",
        "Strategy": "Plain",
        "Partial Mode": "Finalize",
        "Parallel Aware": false,
        "Startup Cost": 112076.31,
        "Total Cost": 112076.32,
        "Plan Rows": 1,
        "Plan Width": 8,
        "Actual Startup Time": 310.49,
        "Actual Total Time": 336.031,
        "Actual Rows": 1,
        "Actual Loops": 1,
        "Output": [
            "count(*)"
        ],
        "Plans": [
            {
                "Node Type": "Gather",
                "Parent Relationship": "Outer",
                "Parallel Aware": false,
                "Startup Cost": 112075.78,
                "Total Cost": 112076.29,
                "Plan Rows": 5,
                "Plan Width": 8,
                "Actual Startup Time": 310.417,
                "Actual Total Time": 336.021,
                "Actual Rows": 6,
                "Actual Loops": 1,
                "Output": [
                    "(PARTIAL count(*))"
                ],
                "Workers Planned": 5,
                "Workers Launched": 5,
                "Single Copy": false,
                "Plans": [
                    {
                        "Node Type": "Aggregate",
                        "Strategy": "Plain",
                        "Partial Mode": "Partial",
                        "Parent Relationship": "Outer",
                        "Parallel Aware": false,
                        "Startup Cost": 111075.78,
                        "Total Cost": 111075.79,
                        "Plan Rows": 1,
                        "Plan Width": 8,
                        "Actual Startup Time": 302.591,
                        "Actual Total Time": 302.592,
                        "Actual Rows": 1,
                        "Actual Loops": 6,
                        "Output": [
                            "PARTIAL count(*)"
                        ],
                        "Workers": [
                            {
                                "Worker Number": 0,
                                "Actual Startup Time": 297.266,
                                "Actual Total Time": 297.268,
                                "Actual Rows": 1,
                                "Actual Loops": 1
                            },
                            {
                                "Worker Number": 1,
                                "Actual Startup Time": 300.487,
                                "Actual Total Time": 300.488,
                                "Actual Rows": 1,
                                "Actual Loops": 1
                            },
                            {
                                "Worker Number": 2,
                                "Actual Startup Time": 301.87,
                                "Actual Total Time": 301.872,
                                "Actual Rows": 1,
                                "Actual Loops": 1
                            },
                            {
                                "Worker Number": 3,
                                "Actual Startup Time": 301.946,
                                "Actual Total Time": 301.948,
                                "Actual Rows": 1,
                                "Actual Loops": 1
                            },
                            {
                                "Worker Number": 4,
                                "Actual Startup Time": 304.317,
                                "Actual Total Time": 304.318,
                                "Actual Rows": 1,
                                "Actual Loops": 1
                            }
                        ],
                        "Plans": [
                            {
                                "Node Type": "Index Scan",
                                "Parent Relationship": "Outer",
                                "Parallel Aware": true,
                                "Scan Direction": "Forward",
                                "Index Name": "role_id_cast_info",
                                "Relation Name": "cast_info",
                                "Schema": "public",
                                "Alias": "ci",
                                "Startup Cost": 0.56,
                                "Total Cost": 109204.72,
                                "Plan Rows": 748427,
                                "Plan Width": 0,
                                "Actual Startup Time": 0.184,
                                "Actual Total Time": 257.941,
                                "Actual Rows": 668006,
                                "Actual Loops": 6,
                                "Output": [
                                    "id",
                                    "person_id",
                                    "movie_id",
                                    "person_role_id",
                                    "note",
                                    "nr_order",
                                    "role_id"
                                ],
                                "Index Cond": "(ci.role_id = 3)",
                                "Rows Removed by Index Recheck": 0,
                                "Filter": "(ci.person_id < 3586649)",
                                "Rows Removed by Filter": 0,
                                "Workers": [
                                    {
                                        "Worker Number": 0,
                                        "Actual Startup Time": 0.254,
                                        "Actual Total Time": 254.598,
                                        "Actual Rows": 634161,
                                        "Actual Loops": 1
                                    },
                                    {
                                        "Worker Number": 1,
                                        "Actual Startup Time": 0.118,
                                        "Actual Total Time": 256.064,
                                        "Actual Rows": 672774,
                                        "Actual Loops": 1
                                    },
                                    {
                                        "Worker Number": 2,
                                        "Actual Startup Time": 0.25,
                                        "Actual Total Time": 258.688,
                                        "Actual Rows": 655216,
                                        "Actual Loops": 1
                                    },
                                    {
                                        "Worker Number": 3,
                                        "Actual Startup Time": 0.152,
                                        "Actual Total Time": 257.492,
                                        "Actual Rows": 671611,
                                        "Actual Loops": 1
                                    },
                                    {
                                        "Worker Number": 4,
                                        "Actual Startup Time": 0.1,
                                        "Actual Total Time": 259.436,
                                        "Actual Rows": 682138,
                                        "Actual Loops": 1
                                    }
                                ]
                            }
                        ]
                    }
                ]
            }
        ]
    },
    "Planning Time": 1.314,
    "Triggers": [],
    "Execution Time": 336.234
}