{
    "Plan": {
        "Node Type": "Aggregate",
        "Strategy": "Plain",
        "Partial Mode": "Finalize",
        "Parallel Aware": false,
        "Startup Cost": 82355.26,
        "Total Cost": 82355.27,
        "Plan Rows": 1,
        "Plan Width": 8,
        "Actual Startup Time": 269.204,
        "Actual Total Time": 283.498,
        "Actual Rows": 1,
        "Actual Loops": 1,
        "Output": [
            "count(*)"
        ],
        "Plans": [
            {
                "Node Type": "Gather",
                "Parent Relationship": "Outer",
                "Parallel Aware": false,
                "Startup Cost": 82354.84,
                "Total Cost": 82355.25,
                "Plan Rows": 4,
                "Plan Width": 8,
                "Actual Startup Time": 266.054,
                "Actual Total Time": 283.486,
                "Actual Rows": 5,
                "Actual Loops": 1,
                "Output": [
                    "(PARTIAL count(*))"
                ],
                "Workers Planned": 4,
                "Workers Launched": 4,
                "Single Copy": false,
                "Plans": [
                    {
                        "Node Type": "Aggregate",
                        "Strategy": "Plain",
                        "Partial Mode": "Partial",
                        "Parent Relationship": "Outer",
                        "Parallel Aware": false,
                        "Startup Cost": 81354.84,
                        "Total Cost": 81354.85,
                        "Plan Rows": 1,
                        "Plan Width": 8,
                        "Actual Startup Time": 255.915,
                        "Actual Total Time": 255.919,
                        "Actual Rows": 1,
                        "Actual Loops": 5,
                        "Output": [
                            "PARTIAL count(*)"
                        ],
                        "Workers": [
                            {
                                "Worker Number": 0,
                                "Actual Startup Time": 253.795,
                                "Actual Total Time": 253.798,
                                "Actual Rows": 1,
                                "Actual Loops": 1
                            },
                            {
                                "Worker Number": 1,
                                "Actual Startup Time": 253.549,
                                "Actual Total Time": 253.552,
                                "Actual Rows": 1,
                                "Actual Loops": 1
                            },
                            {
                                "Worker Number": 2,
                                "Actual Startup Time": 253.467,
                                "Actual Total Time": 253.47,
                                "Actual Rows": 1,
                                "Actual Loops": 1
                            },
                            {
                                "Worker Number": 3,
                                "Actual Startup Time": 253.543,
                                "Actual Total Time": 253.545,
                                "Actual Rows": 1,
                                "Actual Loops": 1
                            }
                        ],
                        "Plans": [
                            {
                                "Node Type": "Hash Join",
                                "Parent Relationship": "Outer",
                                "Parallel Aware": true,
                                "Join Type": "Inner",
                                "Startup Cost": 33751.21,
                                "Total Cost": 81162.02,
                                "Plan Rows": 77130,
                                "Plan Width": 0,
                                "Actual Startup Time": 111.629,
                                "Actual Total Time": 254.133,
                                "Actual Rows": 33171,
                                "Actual Loops": 5,
                                "Inner Unique": false,
                                "Hash Cond": "(t.id = mc.movie_id)",
                                "Workers": [
                                    {
                                        "Worker Number": 0,
                                        "Actual Startup Time": 109.307,
                                        "Actual Total Time": 252.016,
                                        "Actual Rows": 35418,
                                        "Actual Loops": 1
                                    },
                                    {
                                        "Worker Number": 1,
                                        "Actual Startup Time": 109.309,
                                        "Actual Total Time": 251.804,
                                        "Actual Rows": 35124,
                                        "Actual Loops": 1
                                    },
                                    {
                                        "Worker Number": 2,
                                        "Actual Startup Time": 109.224,
                                        "Actual Total Time": 251.862,
                                        "Actual Rows": 30695,
                                        "Actual Loops": 1
                                    },
                                    {
                                        "Worker Number": 3,
                                        "Actual Startup Time": 109.312,
                                        "Actual Total Time": 251.783,
                                        "Actual Rows": 35533,
                                        "Actual Loops": 1
                                    }
                                ],
                                "Plans": [
                                    {
                                        "Node Type": "Seq Scan",
                                        "Parent Relationship": "Outer",
                                        "Parallel Aware": true,
                                        "Relation Name": "title",
                                        "Schema": "public",
                                        "Alias": "t",
                                        "Startup Cost": 0.0,
                                        "Total Cost": 45479.21,
                                        "Plan Rows": 336559,
                                        "Plan Width": 4,
                                        "Actual Startup Time": 0.023,
                                        "Actual Total Time": 80.798,
                                        "Actual Rows": 265556,
                                        "Actual Loops": 5,
                                        "Output": [
                                            "t.id",
                                            "t.title",
                                            "t.imdb_index",
                                            "t.kind_id",
                                            "t.production_year",
                                            "t.imdb_id",
                                            "t.phonetic_code",
                                            "t.episode_of_id",
                                            "t.season_nr",
                                            "t.episode_nr",
                                            "t.series_years",
                                            "t.md5sum"
                                        ],
                                        "Filter": "((t.production_year < 2012) AND (t.kind_id = 7))",
                                        "Rows Removed by Filter": 240106,
                                        "Workers": [
                                            {
                                                "Worker Number": 0,
                                                "Actual Startup Time": 0.022,
                                                "Actual Total Time": 82.132,
                                                "Actual Rows": 284313,
                                                "Actual Loops": 1
                                            },
                                            {
                                                "Worker Number": 1,
                                                "Actual Startup Time": 0.026,
                                                "Actual Total Time": 82.084,
                                                "Actual Rows": 281049,
                                                "Actual Loops": 1
                                            },
                                            {
                                                "Worker Number": 2,
                                                "Actual Startup Time": 0.028,
                                                "Actual Total Time": 81.556,
                                                "Actual Rows": 246723,
                                                "Actual Loops": 1
                                            },
                                            {
                                                "Worker Number": 3,
                                                "Actual Startup Time": 0.03,
                                                "Actual Total Time": 82.179,
                                                "Actual Rows": 284464,
                                                "Actual Loops": 1
                                            }
                                        ]
                                    },
                                    {
                                        "Node Type": "Hash",
                                        "Parent Relationship": "Inner",
                                        "Parallel Aware": true,
                                        "Startup Cost": 31414.82,
                                        "Total Cost": 31414.82,
                                        "Plan Rows": 186911,
                                        "Plan Width": 4,
                                        "Actual Startup Time": 107.154,
                                        "Actual Total Time": 107.155,
                                        "Actual Rows": 73705,
                                        "Actual Loops": 5,
                                        "Output": [
                                            "mc.movie_id"
                                        ],
                                        "Hash Buckets": 1048576,
                                        "Original Hash Buckets": 1048576,
                                        "Hash Batches": 1,
                                        "Original Hash Batches": 1,
                                        "Peak Memory Usage": 22720,
                                        "Workers": [
                                            {
                                                "Worker Number": 0,
                                                "Actual Startup Time": 108.62,
                                                "Actual Total Time": 108.621,
                                                "Actual Rows": 79523,
                                                "Actual Loops": 1
                                            },
                                            {
                                                "Worker Number": 1,
                                                "Actual Startup Time": 108.615,
                                                "Actual Total Time": 108.616,
                                                "Actual Rows": 78248,
                                                "Actual Loops": 1
                                            },
                                            {
                                                "Worker Number": 2,
                                                "Actual Startup Time": 108.549,
                                                "Actual Total Time": 108.55,
                                                "Actual Rows": 70473,
                                                "Actual Loops": 1
                                            },
                                            {
                                                "Worker Number": 3,
                                                "Actual Startup Time": 108.663,
                                                "Actual Total Time": 108.664,
                                                "Actual Rows": 80170,
                                                "Actual Loops": 1
                                            }
                                        ],
                                        "Plans": [
                                            {
                                                "Node Type": "Seq Scan",
                                                "Parent Relationship": "Outer",
                                                "Parallel Aware": true,
                                                "Relation Name": "movie_companies",
                                                "Schema": "public",
                                                "Alias": "mc",
                                                "Startup Cost": 0.0,
                                                "Total Cost": 31414.82,
                                                "Plan Rows": 186911,
                                                "Plan Width": 4,
                                                "Actual Startup Time": 48.615,
                                                "Actual Total Time": 76.251,
                                                "Actual Rows": 73705,
                                                "Actual Loops": 5,
                                                "Output": [
                                                    "mc.movie_id"
                                                ],
                                                "Filter": "((mc.company_id < 8416) AND (mc.company_type_id = 2))",
                                                "Rows Removed by Filter": 448120,
                                                "Workers": [
                                                    {
                                                        "Worker Number": 0,
                                                        "Actual Startup Time": 48.586,
                                                        "Actual Total Time": 76.517,
                                                        "Actual Rows": 79523,
                                                        "Actual Loops": 1
                                                    },
                                                    {
                                                        "Worker Number": 1,
                                                        "Actual Startup Time": 48.602,
                                                        "Actual Total Time": 76.13,
                                                        "Actual Rows": 78248,
                                                        "Actual Loops": 1
                                                    },
                                                    {
                                                        "Worker Number": 2,
                                                        "Actual Startup Time": 48.593,
                                                        "Actual Total Time": 75.708,
                                                        "Actual Rows": 70473,
                                                        "Actual Loops": 1
                                                    },
                                                    {
                                                        "Worker Number": 3,
                                                        "Actual Startup Time": 48.582,
                                                        "Actual Total Time": 76.479,
                                                        "Actual Rows": 80170,
                                                        "Actual Loops": 1
                                                    }
                                                ]
                                            }
                                        ]
                                    }
                                ]
                            }
                        ]
                    }
                ]
            }
        ]
    },
    "Planning Time": 0.813,
    "Triggers": [],
    "Execution Time": 283.58
}