[
  {
    "Plan": {
      "Node Type": "Aggregate",
      "Strategy": "Plain",
      "Partial Mode": "Finalize",
      "Parallel Aware": false,
      "Startup Cost": 45080.93,
      "Total Cost": 45080.94,
      "Plan Rows": 1,
      "Plan Width": 8,
      "Actual Startup Time": 147.488,
      "Actual Total Time": 157.474,
      "Actual Rows": 1,
      "Actual Loops": 1,
      "Plans": [
        {
          "Node Type": "Gather",
          "Parent Relationship": "Outer",
          "Parallel Aware": false,
          "Startup Cost": 45080.61,
          "Total Cost": 45080.92,
          "Plan Rows": 3,
          "Plan Width": 8,
          "Actual Startup Time": 147.39,
          "Actual Total Time": 157.467,
          "Actual Rows": 4,
          "Actual Loops": 1,
          "Workers Planned": 3,
          "Workers Launched": 3,
          "Single Copy": false,
          "Plans": [
            {
              "Node Type": "Aggregate",
              "Strategy": "Plain",
              "Partial Mode": "Partial",
              "Parent Relationship": "Outer",
              "Parallel Aware": false,
              "Startup Cost": 44080.61,
              "Total Cost": 44080.62,
              "Plan Rows": 1,
              "Plan Width": 8,
              "Actual Startup Time": 139.098,
              "Actual Total Time": 139.099,
              "Actual Rows": 1,
              "Actual Loops": 4,
              "Plans": [
                {
                  "Node Type": "Seq Scan",
                  "Parent Relationship": "Outer",
                  "Parallel Aware": true,
                  "Relation Name": "movie_keyword",
                  "Alias": "mk",
                  "Startup Cost": 0.0,
                  "Total Cost": 42695.65,
                  "Plan Rows": 553982,
                  "Plan Width": 0,
                  "Actual Startup Time": 0.86,
                  "Actual Total Time": 117.379,
                  "Actual Rows": 430274,
                  "Actual Loops": 4,
                  "Filter": "(keyword_id > 8235)",
                  "Rows Removed by Filter": 700709
                }
              ]
            }
          ]
        }
      ]
    },
    "Planning Time": 0.152,
    "Triggers": [],
    "Execution Time": 157.514
  }
]