[
  {
    "Plan": {
      "Node Type": "Aggregate",
      "Strategy": "Plain",
      "Partial Mode": "Finalize",
      "Parallel Aware": false,
      "Startup Cost": 273183.3,
      "Total Cost": 273183.31,
      "Plan Rows": 1,
      "Plan Width": 8,
      "Actual Startup Time": 1436.715,
      "Actual Total Time": 1465.807,
      "Actual Rows": 1,
      "Actual Loops": 1,
      "Plans": [
        {
          "Node Type": "Gather",
          "Parent Relationship": "Outer",
          "Parallel Aware": false,
          "Startup Cost": 273182.98,
          "Total Cost": 273183.29,
          "Plan Rows": 3,
          "Plan Width": 8,
          "Actual Startup Time": 1420.884,
          "Actual Total Time": 1465.793,
          "Actual Rows": 4,
          "Actual Loops": 1,
          "Workers Planned": 3,
          "Workers Launched": 3,
          "Single Copy": false,
          "Plans": [
            {
              "Node Type": "Aggregate",
              "Strategy": "Plain",
              "Partial Mode": "Partial",
              "Parent Relationship": "Outer",
              "Parallel Aware": false,
              "Startup Cost": 272182.98,
              "Total Cost": 272182.99,
              "Plan Rows": 1,
              "Plan Width": 8,
              "Actual Startup Time": 1408.598,
              "Actual Total Time": 1408.767,
              "Actual Rows": 1,
              "Actual Loops": 4,
              "Plans": [
                {
                  "Node Type": "Hash Join",
                  "Parent Relationship": "Outer",
                  "Parallel Aware": true,
                  "Join Type": "Inner",
                  "Startup Cost": 240055.91,
                  "Total Cost": 271202.8,
                  "Plan Rows": 392071,
                  "Plan Width": 0,
                  "Actual Startup Time": 771.449,
                  "Actual Total Time": 1258.084,
                  "Actual Rows": 3152050,
                  "Actual Loops": 4,
                  "Inner Unique": false,
                  "Hash Cond": "(mc.movie_id = t.id)",
                  "Plans": [
                    {
                      "Node Type": "Seq Scan",
                      "Parent Relationship": "Outer",
                      "Parallel Aware": true,
                      "Relation Name": "movie_companies",
                      "Alias": "mc",
                      "Startup Cost": 0.0,
                      "Total Cost": 27206.55,
                      "Plan Rows": 841655,
                      "Plan Width": 4,
                      "Actual Startup Time": 0.021,
                      "Actual Total Time": 65.287,
                      "Actual Rows": 652282,
                      "Actual Loops": 4
                    },
                    {
                      "Node Type": "Hash",
                      "Parent Relationship": "Inner",
                      "Parallel Aware": true,
                      "Startup Cost": 237111.5,
                      "Total Cost": 237111.5,
                      "Plan Rows": 235553,
                      "Plan Width": 8,
                      "Actual Startup Time": 763.983,
                      "Actual Total Time": 764.151,
                      "Actual Rows": 283800,
                      "Actual Loops": 4,
                      "Hash Buckets": 2097152,
                      "Original Hash Buckets": 2097152,
                      "Hash Batches": 1,
                      "Original Hash Batches": 1,
                      "Peak Memory Usage": 60864,
                      "Plans": [
                        {
                          "Node Type": "Hash Join",
                          "Parent Relationship": "Outer",
                          "Parallel Aware": true,
                          "Join Type": "Inner",
                          "Startup Cost": 71555.76,
                          "Total Cost": 237111.5,
                          "Plan Rows": 235553,
                          "Plan Width": 8,
                          "Actual Startup Time": 449.786,
                          "Actual Total Time": 658.233,
                          "Actual Rows": 283800,
                          "Actual Loops": 4,
                          "Inner Unique": true,
                          "Hash Cond": "(mi.movie_id = t.id)",
                          "Plans": [
                            {
                              "Node Type": "Bitmap Heap Scan",
                              "Parent Relationship": "Outer",
                              "Parallel Aware": true,
                              "Relation Name": "movie_info",
                              "Alias": "mi",
                              "Startup Cost": 21336.11,
                              "Total Cost": 186273.53,
                              "Plan Rows": 235553,
                              "Plan Width": 4,
                              "Actual Startup Time": 73.277,
                              "Actual Total Time": 159.26,
                              "Actual Rows": 283800,
                              "Actual Loops": 4,
                              "Recheck Cond": "(info_type_id > 57)",
                              "Rows Removed by Index Recheck": 0,
                              "Exact Heap Blocks": 11257,
                              "Lossy Heap Blocks": 0,
                              "Plans": [
                                {
                                  "Node Type": "Bitmap Index Scan",
                                  "Parent Relationship": "Outer",
                                  "Parallel Aware": false,
                                  "Index Name": "info_type_id_movie_info",
                                  "Startup Cost": 0.0,
                                  "Total Cost": 21041.67,
                                  "Plan Rows": 1177765,
                                  "Plan Width": 0,
                                  "Actual Startup Time": 64.272,
                                  "Actual Total Time": 64.272,
                                  "Actual Rows": 1135201,
                                  "Actual Loops": 1,
                                  "Index Cond": "(info_type_id > 57)"
                                }
                              ]
                            },
                            {
                              "Node Type": "Hash",
                              "Parent Relationship": "Inner",
                              "Parallel Aware": true,
                              "Startup Cost": 42318.73,
                              "Total Cost": 42318.73,
                              "Plan Rows": 632073,
                              "Plan Width": 4,
                              "Actual Startup Time": 370.041,
                              "Actual Total Time": 370.042,
                              "Actual Rows": 632078,
                              "Actual Loops": 4,
                              "Hash Buckets": 4194304,
                              "Original Hash Buckets": 4194304,
                              "Hash Batches": 1,
                              "Original Hash Batches": 1,
                              "Peak Memory Usage": 131712,
                              "Plans": [
                                {
                                  "Node Type": "Seq Scan",
                                  "Parent Relationship": "Outer",
                                  "Parallel Aware": true,
                                  "Relation Name": "title",
                                  "Alias": "t",
                                  "Startup Cost": 0.0,
                                  "Total Cost": 42318.73,
                                  "Plan Rows": 632073,
                                  "Plan Width": 4,
                                  "Actual Startup Time": 0.032,
                                  "Actual Total Time": 108.438,
                                  "Actual Rows": 632078,
                                  "Actual Loops": 4
                                }
                              ]
                            }
                          ]
                        }
                      ]
                    }
                  ]
                }
              ]
            }
          ]
        }
      ]
    },
    "Planning Time": 1.337,
    "Triggers": [],
    "Execution Time": 1465.905
  }
]