{
    "Plan": {
        "Node Type": "Aggregate",
        "Strategy": "Plain",
        "Partial Mode": "Finalize",
        "Parallel Aware": false,
        "Startup Cost": 395244.31,
        "Total Cost": 395244.32,
        "Plan Rows": 1,
        "Plan Width": 8,
        "Actual Startup Time": 2694.857,
        "Actual Total Time": 2750.655,
        "Actual Rows": 1,
        "Actual Loops": 1,
        "Output": [
            "count(*)"
        ],
        "Plans": [
            {
                "Node Type": "Gather",
                "Parent Relationship": "Outer",
                "Parallel Aware": false,
                "Startup Cost": 395243.68,
                "Total Cost": 395244.29,
                "Plan Rows": 6,
                "Plan Width": 8,
                "Actual Startup Time": 2683.557,
                "Actual Total Time": 2750.644,
                "Actual Rows": 7,
                "Actual Loops": 1,
                "Output": [
                    "(PARTIAL count(*))"
                ],
                "Workers Planned": 6,
                "Workers Launched": 6,
                "Single Copy": false,
                "Plans": [
                    {
                        "Node Type": "Aggregate",
                        "Strategy": "Plain",
                        "Partial Mode": "Partial",
                        "Parent Relationship": "Outer",
                        "Parallel Aware": false,
                        "Startup Cost": 394243.68,
                        "Total Cost": 394243.69,
                        "Plan Rows": 1,
                        "Plan Width": 8,
                        "Actual Startup Time": 2656.396,
                        "Actual Total Time": 2656.4,
                        "Actual Rows": 1,
                        "Actual Loops": 7,
                        "Output": [
                            "PARTIAL count(*)"
                        ],
                        "Workers": [
                            {
                                "Worker Number": 0,
                                "Actual Startup Time": 2651.812,
                                "Actual Total Time": 2651.815,
                                "Actual Rows": 1,
                                "Actual Loops": 1
                            },
                            {
                                "Worker Number": 1,
                                "Actual Startup Time": 2651.731,
                                "Actual Total Time": 2651.733,
                                "Actual Rows": 1,
                                "Actual Loops": 1
                            },
                            {
                                "Worker Number": 2,
                                "Actual Startup Time": 2651.801,
                                "Actual Total Time": 2651.804,
                                "Actual Rows": 1,
                                "Actual Loops": 1
                            },
                            {
                                "Worker Number": 3,
                                "Actual Startup Time": 2651.72,
                                "Actual Total Time": 2651.724,
                                "Actual Rows": 1,
                                "Actual Loops": 1
                            },
                            {
                                "Worker Number": 4,
                                "Actual Startup Time": 2653.057,
                                "Actual Total Time": 2653.059,
                                "Actual Rows": 1,
                                "Actual Loops": 1
                            },
                            {
                                "Worker Number": 5,
                                "Actual Startup Time": 2652.006,
                                "Actual Total Time": 2652.01,
                                "Actual Rows": 1,
                                "Actual Loops": 1
                            }
                        ],
                        "Plans": [
                            {
                                "Node Type": "Hash Join",
                                "Parent Relationship": "Outer",
                                "Parallel Aware": true,
                                "Join Type": "Inner",
                                "Startup Cost": 49194.16,
                                "Total Cost": 387684.4,
                                "Plan Rows": 2623714,
                                "Plan Width": 0,
                                "Actual Startup Time": 574.888,
                                "Actual Total Time": 2515.49,
                                "Actual Rows": 2526997,
                                "Actual Loops": 7,
                                "Inner Unique": true,
                                "Hash Cond": "(ci.movie_id = t.id)",
                                "Workers": [
                                    {
                                        "Worker Number": 0,
                                        "Actual Startup Time": 570.49,
                                        "Actual Total Time": 2510.779,
                                        "Actual Rows": 2207479,
                                        "Actual Loops": 1
                                    },
                                    {
                                        "Worker Number": 1,
                                        "Actual Startup Time": 570.4,
                                        "Actual Total Time": 2525.723,
                                        "Actual Rows": 3220905,
                                        "Actual Loops": 1
                                    },
                                    {
                                        "Worker Number": 2,
                                        "Actual Startup Time": 570.427,
                                        "Actual Total Time": 2502.372,
                                        "Actual Rows": 2252233,
                                        "Actual Loops": 1
                                    },
                                    {
                                        "Worker Number": 3,
                                        "Actual Startup Time": 570.443,
                                        "Actual Total Time": 2505.637,
                                        "Actual Rows": 2312093,
                                        "Actual Loops": 1
                                    },
                                    {
                                        "Worker Number": 4,
                                        "Actual Startup Time": 570.423,
                                        "Actual Total Time": 2505.914,
                                        "Actual Rows": 2244593,
                                        "Actual Loops": 1
                                    },
                                    {
                                        "Worker Number": 5,
                                        "Actual Startup Time": 570.717,
                                        "Actual Total Time": 2518.991,
                                        "Actual Rows": 2088720,
                                        "Actual Loops": 1
                                    }
                                ],
                                "Plans": [
                                    {
                                        "Node Type": "Seq Scan",
                                        "Parent Relationship": "Outer",
                                        "Parallel Aware": true,
                                        "Relation Name": "cast_info",
                                        "Schema": "public",
                                        "Alias": "ci",
                                        "Startup Cost": 0.0,
                                        "Total Cost": 328213.62,
                                        "Plan Rows": 3914897,
                                        "Plan Width": 4,
                                        "Actual Startup Time": 237.293,
                                        "Actual Total Time": 825.334,
                                        "Actual Rows": 3367665,
                                        "Actual Loops": 7,
                                        "Output": [
                                            "ci.id",
                                            "ci.person_id",
                                            "ci.movie_id",
                                            "ci.person_role_id",
                                            "ci.note",
                                            "ci.nr_order",
                                            "ci.role_id"
                                        ],
                                        "Filter": "(ci.role_id > 1)",
                                        "Rows Removed by Filter": 1810098,
                                        "Workers": [
                                            {
                                                "Worker Number": 0,
                                                "Actual Startup Time": 237.293,
                                                "Actual Total Time": 841.306,
                                                "Actual Rows": 2948614,
                                                "Actual Loops": 1
                                            },
                                            {
                                                "Worker Number": 1,
                                                "Actual Startup Time": 237.283,
                                                "Actual Total Time": 801.635,
                                                "Actual Rows": 4299692,
                                                "Actual Loops": 1
                                            },
                                            {
                                                "Worker Number": 2,
                                                "Actual Startup Time": 237.37,
                                                "Actual Total Time": 864.221,
                                                "Actual Rows": 2995397,
                                                "Actual Loops": 1
                                            },
                                            {
                                                "Worker Number": 3,
                                                "Actual Startup Time": 237.259,
                                                "Actual Total Time": 856.253,
                                                "Actual Rows": 3080943,
                                                "Actual Loops": 1
                                            },
                                            {
                                                "Worker Number": 4,
                                                "Actual Startup Time": 237.285,
                                                "Actual Total Time": 862.713,
                                                "Actual Rows": 2987396,
                                                "Actual Loops": 1
                                            },
                                            {
                                                "Worker Number": 5,
                                                "Actual Startup Time": 237.289,
                                                "Actual Total Time": 821.093,
                                                "Actual Rows": 2782195,
                                                "Actual Loops": 1
                                            }
                                        ]
                                    },
                                    {
                                        "Node Type": "Hash",
                                        "Parent Relationship": "Inner",
                                        "Parallel Aware": true,
                                        "Startup Cost": 43899.01,
                                        "Total Cost": 43899.01,
                                        "Plan Rows": 423612,
                                        "Plan Width": 4,
                                        "Actual Startup Time": 331.249,
                                        "Actual Total Time": 331.25,
                                        "Actual Rows": 242902,
                                        "Actual Loops": 7,
                                        "Output": [
                                            "t.id"
                                        ],
                                        "Hash Buckets": 2097152,
                                        "Original Hash Buckets": 2097152,
                                        "Hash Batches": 1,
                                        "Original Hash Batches": 1,
                                        "Peak Memory Usage": 82944,
                                        "Workers": [
                                            {
                                                "Worker Number": 0,
                                                "Actual Startup Time": 332.277,
                                                "Actual Total Time": 332.278,
                                                "Actual Rows": 237876,
                                                "Actual Loops": 1
                                            },
                                            {
                                                "Worker Number": 1,
                                                "Actual Startup Time": 332.166,
                                                "Actual Total Time": 332.166,
                                                "Actual Rows": 249230,
                                                "Actual Loops": 1
                                            },
                                            {
                                                "Worker Number": 2,
                                                "Actual Startup Time": 332.281,
                                                "Actual Total Time": 332.282,
                                                "Actual Rows": 176614,
                                                "Actual Loops": 1
                                            },
                                            {
                                                "Worker Number": 3,
                                                "Actual Startup Time": 332.266,
                                                "Actual Total Time": 332.267,
                                                "Actual Rows": 167658,
                                                "Actual Loops": 1
                                            },
                                            {
                                                "Worker Number": 4,
                                                "Actual Startup Time": 332.246,
                                                "Actual Total Time": 332.247,
                                                "Actual Rows": 237051,
                                                "Actual Loops": 1
                                            },
                                            {
                                                "Worker Number": 5,
                                                "Actual Startup Time": 332.471,
                                                "Actual Total Time": 332.472,
                                                "Actual Rows": 207685,
                                                "Actual Loops": 1
                                            }
                                        ],
                                        "Plans": [
                                            {
                                                "Node Type": "Seq Scan",
                                                "Parent Relationship": "Outer",
                                                "Parallel Aware": true,
                                                "Relation Name": "title",
                                                "Schema": "public",
                                                "Alias": "t",
                                                "Startup Cost": 0.0,
                                                "Total Cost": 43899.01,
                                                "Plan Rows": 423612,
                                                "Plan Width": 4,
                                                "Actual Startup Time": 0.062,
                                                "Actual Total Time": 108.233,
                                                "Actual Rows": 242902,
                                                "Actual Loops": 7,
                                                "Output": [
                                                    "t.id"
                                                ],
                                                "Filter": "(t.production_year > 1992)",
                                                "Rows Removed by Filter": 118285,
                                                "Workers": [
                                                    {
                                                        "Worker Number": 0,
                                                        "Actual Startup Time": 0.075,
                                                        "Actual Total Time": 106.408,
                                                        "Actual Rows": 237876,
                                                        "Actual Loops": 1
                                                    },
                                                    {
                                                        "Worker Number": 1,
                                                        "Actual Startup Time": 0.065,
                                                        "Actual Total Time": 111.714,
                                                        "Actual Rows": 249230,
                                                        "Actual Loops": 1
                                                    },
                                                    {
                                                        "Worker Number": 2,
                                                        "Actual Startup Time": 0.069,
                                                        "Actual Total Time": 114.619,
                                                        "Actual Rows": 176614,
                                                        "Actual Loops": 1
                                                    },
                                                    {
                                                        "Worker Number": 3,
                                                        "Actual Startup Time": 0.067,
                                                        "Actual Total Time": 114.596,
                                                        "Actual Rows": 167658,
                                                        "Actual Loops": 1
                                                    },
                                                    {
                                                        "Worker Number": 4,
                                                        "Actual Startup Time": 0.073,
                                                        "Actual Total Time": 111.35,
                                                        "Actual Rows": 237051,
                                                        "Actual Loops": 1
                                                    },
                                                    {
                                                        "Worker Number": 5,
                                                        "Actual Startup Time": 0.073,
                                                        "Actual Total Time": 108.427,
                                                        "Actual Rows": 207685,
                                                        "Actual Loops": 1
                                                    }
                                                ]
                                            }
                                        ]
                                    }
                                ]
                            }
                        ]
                    }
                ]
            }
        ]
    },
    "Planning Time": 0.762,
    "Triggers": [],
    "Execution Time": 2750.748
}