[
  {
    "Plan": {
      "Node Type": "Aggregate",
      "Strategy": "Plain",
      "Partial Mode": "Finalize",
      "Parallel Aware": false,
      "Startup Cost": 98833.4,
      "Total Cost": 98833.41,
      "Plan Rows": 1,
      "Plan Width": 8,
      "Actual Startup Time": 817.417,
      "Actual Total Time": 839.841,
      "Actual Rows": 1,
      "Actual Loops": 1,
      "Plans": [
        {
          "Node Type": "Gather",
          "Parent Relationship": "Outer",
          "Parallel Aware": false,
          "Startup Cost": 98833.08,
          "Total Cost": 98833.39,
          "Plan Rows": 3,
          "Plan Width": 8,
          "Actual Startup Time": 807.155,
          "Actual Total Time": 839.828,
          "Actual Rows": 4,
          "Actual Loops": 1,
          "Workers Planned": 3,
          "Workers Launched": 3,
          "Single Copy": false,
          "Plans": [
            {
              "Node Type": "Aggregate",
              "Strategy": "Plain",
              "Partial Mode": "Partial",
              "Parent Relationship": "Outer",
              "Parallel Aware": false,
              "Startup Cost": 97833.08,
              "Total Cost": 97833.09,
              "Plan Rows": 1,
              "Plan Width": 8,
              "Actual Startup Time": 795.017,
              "Actual Total Time": 795.021,
              "Actual Rows": 1,
              "Actual Loops": 4,
              "Plans": [
                {
                  "Node Type": "Hash Join",
                  "Parent Relationship": "Outer",
                  "Parallel Aware": true,
                  "Join Type": "Inner",
                  "Startup Cost": 51462.71,
                  "Total Cost": 94340.79,
                  "Plan Rows": 1396918,
                  "Plan Width": 0,
                  "Actual Startup Time": 409.68,
                  "Actual Total Time": 738.011,
                  "Actual Rows": 1122556,
                  "Actual Loops": 4,
                  "Inner Unique": true,
                  "Hash Cond": "(mk.movie_id = t.id)",
                  "Plans": [
                    {
                      "Node Type": "Seq Scan",
                      "Parent Relationship": "Outer",
                      "Parallel Aware": true,
                      "Relation Name": "movie_keyword",
                      "Alias": "mk",
                      "Startup Cost": 0.0,
                      "Total Cost": 39047.32,
                      "Plan Rows": 1459332,
                      "Plan Width": 4,
                      "Actual Startup Time": 0.031,
                      "Actual Total Time": 99.433,
                      "Actual Rows": 1130982,
                      "Actual Loops": 4
                    },
                    {
                      "Node Type": "Hash",
                      "Parent Relationship": "Inner",
                      "Parallel Aware": true,
                      "Startup Cost": 43899.32,
                      "Total Cost": 43899.32,
                      "Plan Rows": 605071,
                      "Plan Width": 4,
                      "Actual Startup Time": 399.72,
                      "Actual Total Time": 399.721,
                      "Actual Rows": 605292,
                      "Actual Loops": 4,
                      "Hash Buckets": 4194304,
                      "Original Hash Buckets": 4194304,
                      "Hash Batches": 1,
                      "Original Hash Batches": 1,
                      "Peak Memory Usage": 127552,
                      "Plans": [
                        {
                          "Node Type": "Seq Scan",
                          "Parent Relationship": "Outer",
                          "Parallel Aware": true,
                          "Relation Name": "title",
                          "Alias": "t",
                          "Startup Cost": 0.0,
                          "Total Cost": 43899.32,
                          "Plan Rows": 605071,
                          "Plan Width": 4,
                          "Actual Startup Time": 0.053,
                          "Actual Total Time": 132.494,
                          "Actual Rows": 605292,
                          "Actual Loops": 4,
                          "Filter": "(production_year > 1911)",
                          "Rows Removed by Filter": 26786
                        }
                      ]
                    }
                  ]
                }
              ]
            }
          ]
        }
      ]
    },
    "Planning Time": 0.292,
    "Triggers": [],
    "Execution Time": 839.883
  }
]