[
  {
    "Plan": {
      "Node Type": "Aggregate",
      "Strategy": "Plain",
      "Partial Mode": "Finalize",
      "Parallel Aware": false,
      "Startup Cost": 46004.9,
      "Total Cost": 46004.91,
      "Plan Rows": 1,
      "Plan Width": 8,
      "Actual Startup Time": 182.051,
      "Actual Total Time": 193.604,
      "Actual Rows": 1,
      "Actual Loops": 1,
      "Plans": [
        {
          "Node Type": "Gather",
          "Parent Relationship": "Outer",
          "Parallel Aware": false,
          "Startup Cost": 46004.58,
          "Total Cost": 46004.89,
          "Plan Rows": 3,
          "Plan Width": 8,
          "Actual Startup Time": 181.902,
          "Actual Total Time": 193.593,
          "Actual Rows": 4,
          "Actual Loops": 1,
          "Workers Planned": 3,
          "Workers Launched": 3,
          "Single Copy": false,
          "Plans": [
            {
              "Node Type": "Aggregate",
              "Strategy": "Plain",
              "Partial Mode": "Partial",
              "Parent Relationship": "Outer",
              "Parallel Aware": false,
              "Startup Cost": 45004.58,
              "Total Cost": 45004.59,
              "Plan Rows": 1,
              "Plan Width": 8,
              "Actual Startup Time": 176.127,
              "Actual Total Time": 176.129,
              "Actual Rows": 1,
              "Actual Loops": 4,
              "Plans": [
                {
                  "Node Type": "Seq Scan",
                  "Parent Relationship": "Outer",
                  "Parallel Aware": true,
                  "Relation Name": "movie_keyword",
                  "Alias": "mk",
                  "Startup Cost": 0.0,
                  "Total Cost": 42695.65,
                  "Plan Rows": 923572,
                  "Plan Width": 0,
                  "Actual Startup Time": 0.177,
                  "Actual Total Time": 137.504,
                  "Actual Rows": 716288,
                  "Actual Loops": 4,
                  "Filter": "(keyword_id > 2545)",
                  "Rows Removed by Filter": 414694
                }
              ]
            }
          ]
        }
      ]
    },
    "Planning Time": 0.096,
    "Triggers": [],
    "Execution Time": 193.636
  }
]