[
  {
    "Plan": {
      "Node Type": "Aggregate",
      "Strategy": "Plain",
      "Partial Mode": "Finalize",
      "Parallel Aware": false,
      "Startup Cost": 46013.83,
      "Total Cost": 46013.84,
      "Plan Rows": 1,
      "Plan Width": 8,
      "Actual Startup Time": 168.192,
      "Actual Total Time": 177.421,
      "Actual Rows": 1,
      "Actual Loops": 1,
      "Plans": [
        {
          "Node Type": "Gather",
          "Parent Relationship": "Outer",
          "Parallel Aware": false,
          "Startup Cost": 46013.52,
          "Total Cost": 46013.83,
          "Plan Rows": 3,
          "Plan Width": 8,
          "Actual Startup Time": 168.097,
          "Actual Total Time": 177.413,
          "Actual Rows": 4,
          "Actual Loops": 1,
          "Workers Planned": 3,
          "Workers Launched": 3,
          "Single Copy": false,
          "Plans": [
            {
              "Node Type": "Aggregate",
              "Strategy": "Plain",
              "Partial Mode": "Partial",
              "Parent Relationship": "Outer",
              "Parallel Aware": false,
              "Startup Cost": 45013.52,
              "Total Cost": 45013.53,
              "Plan Rows": 1,
              "Plan Width": 8,
              "Actual Startup Time": 161.357,
              "Actual Total Time": 161.359,
              "Actual Rows": 1,
              "Actual Loops": 4,
              "Plans": [
                {
                  "Node Type": "Seq Scan",
                  "Parent Relationship": "Outer",
                  "Parallel Aware": true,
                  "Relation Name": "movie_keyword",
                  "Alias": "mk",
                  "Startup Cost": 0.0,
                  "Total Cost": 42695.65,
                  "Plan Rows": 927145,
                  "Plan Width": 0,
                  "Actual Startup Time": 0.324,
                  "Actual Total Time": 125.915,
                  "Actual Rows": 716288,
                  "Actual Loops": 4,
                  "Filter": "(keyword_id > 2545)",
                  "Rows Removed by Filter": 414694
                }
              ]
            }
          ]
        }
      ]
    },
    "Planning Time": 0.159,
    "Triggers": [],
    "Execution Time": 177.47
  }
]