{
  "Plan": {
    "Node Type": "Aggregate",
    "Strategy": "Plain",
    "Partial Mode": "Finalize",
    "Parallel Aware": false,
    "Startup Cost": 140157.85,
    "Total Cost": 140157.86,
    "Plan Rows": 1,
    "Plan Width": 8,
    "Actual Startup Time": 532.275,
    "Actual Total Time": 581.524,
    "Actual Rows": 1,
    "Actual Loops": 1,
    "Plans": [
      {
        "Node Type": "Gather",
        "Parent Relationship": "Outer",
        "Parallel Aware": false,
        "Startup Cost": 140157.74,
        "Total Cost": 140157.85,
        "Plan Rows": 1,
        "Plan Width": 8,
        "Actual Startup Time": 531.941,
        "Actual Total Time": 581.514,
        "Actual Rows": 2,
        "Actual Loops": 1,
        "Workers Planned": 1,
        "Workers Launched": 1,
        "Single Copy": false,
        "Plans": [
          {
            "Node Type": "Aggregate",
            "Strategy": "Plain",
            "Partial Mode": "Partial",
            "Parent Relationship": "Outer",
            "Parallel Aware": false,
            "Startup Cost": 139157.74,
            "Total Cost": 139157.75,
            "Plan Rows": 1,
            "Plan Width": 8,
            "Actual Startup Time": 525.442,
            "Actual Total Time": 525.447,
            "Actual Rows": 1,
            "Actual Loops": 2,
            "Plans": [
              {
                "Node Type": "Nested Loop",
                "Parent Relationship": "Outer",
                "Parallel Aware": false,
                "Join Type": "Inner",
                "Startup Cost": 58863.08,
                "Total Cost": 139064.86,
                "Plan Rows": 37151,
                "Plan Width": 0,
                "Actual Startup Time": 165.12,
                "Actual Total Time": 521.942,
                "Actual Rows": 69620,
                "Actual Loops": 2,
                "Inner Unique": false,
                "Join Filter": "(t.id = ci.movie_id)",
                "Rows Removed by Join Filter": 0,
                "Plans": [
                  {
                    "Node Type": "Hash Join",
                    "Parent Relationship": "Outer",
                    "Parallel Aware": true,
                    "Join Type": "Inner",
                    "Startup Cost": 58862.51,
                    "Total Cost": 101097.7,
                    "Plan Rows": 7529,
                    "Plan Width": 8,
                    "Actual Startup Time": 165.061,
                    "Actual Total Time": 308.153,
                    "Actual Rows": 6404,
                    "Actual Loops": 2,
                    "Inner Unique": true,
                    "Hash Cond": "(mc.movie_id = t.id)",
                    "Plans": [
                      {
                        "Node Type": "Index Scan",
                        "Parent Relationship": "Outer",
                        "Parallel Aware": true,
                        "Scan Direction": "Forward",
                        "Index Name": "company_type_id_movie_companies",
                        "Relation Name": "movie_companies",
                        "Alias": "mc",
                        "Startup Cost": 0.43,
                        "Total Cost": 41574.35,
                        "Plan Rows": 251912,
                        "Plan Width": 4,
                        "Actual Startup Time": 0.044,
                        "Actual Total Time": 99.829,
                        "Actual Rows": 305753,
                        "Actual Loops": 2,
                        "Index Cond": "(company_type_id < 2)",
                        "Rows Removed by Index Recheck": 0,
                        "Filter": "(company_id < 2561)",
                        "Rows Removed by Filter": 331370
                      },
                      {
                        "Node Type": "Hash",
                        "Parent Relationship": "Inner",
                        "Parallel Aware": true,
                        "Startup Cost": 58306.47,
                        "Total Cost": 58306.47,
                        "Plan Rows": 44449,
                        "Plan Width": 4,
                        "Actual Startup Time": 162.821,
                        "Actual Total Time": 162.822,
                        "Actual Rows": 42038,
                        "Actual Loops": 2,
                        "Hash Buckets": 131072,
                        "Original Hash Buckets": 131072,
                        "Hash Batches": 1,
                        "Original Hash Batches": 1,
                        "Peak Memory Usage": 4352,
                        "Plans": [
                          {
                            "Node Type": "Seq Scan",
                            "Parent Relationship": "Outer",
                            "Parallel Aware": true,
                            "Relation Name": "title",
                            "Alias": "t",
                            "Startup Cost": 0.0,
                            "Total Cost": 58306.47,
                            "Plan Rows": 44449,
                            "Plan Width": 4,
                            "Actual Startup Time": 0.043,
                            "Actual Total Time": 148.0,
                            "Actual Rows": 42038,
                            "Actual Loops": 2,
                            "Filter": "((kind_id = 7) AND (production_year = 2007))",
                            "Rows Removed by Filter": 1222118
                          }
                        ]
                      }
                    ]
                  },
                  {
                    "Node Type": "Index Scan",
                    "Parent Relationship": "Inner",
                    "Parallel Aware": false,
                    "Scan Direction": "Forward",
                    "Index Name": "movie_id_cast_info",
                    "Relation Name": "cast_info",
                    "Alias": "ci",
                    "Startup Cost": 0.56,
                    "Total Cost": 4.88,
                    "Plan Rows": 13,
                    "Plan Width": 4,
                    "Actual Startup Time": 0.005,
                    "Actual Total Time": 0.032,
                    "Actual Rows": 11,
                    "Actual Loops": 12809,
                    "Index Cond": "(movie_id = mc.movie_id)",
                    "Rows Removed by Index Recheck": 0,
                    "Filter": "(role_id < 2)",
                    "Rows Removed by Filter": 36
                  }
                ]
              }
            ]
          }
        ]
      }
    ]
  },
  "Planning Time": 1.1,
  "Triggers": [],
  "Execution Time": 581.639
}