{
    "Plan": {
        "Node Type": "Aggregate",
        "Strategy": "Plain",
        "Partial Mode": "Finalize",
        "Parallel Aware": false,
        "Startup Cost": 550692.58,
        "Total Cost": 550692.59,
        "Plan Rows": 1,
        "Plan Width": 8,
        "Actual Startup Time": 1315.217,
        "Actual Total Time": 1419.543,
        "Actual Rows": 1,
        "Actual Loops": 1,
        "Output": [
            "count(*)"
        ],
        "Plans": [
            {
                "Node Type": "Gather",
                "Parent Relationship": "Outer",
                "Parallel Aware": false,
                "Startup Cost": 550692.06,
                "Total Cost": 550692.57,
                "Plan Rows": 5,
                "Plan Width": 8,
                "Actual Startup Time": 1310.896,
                "Actual Total Time": 1419.529,
                "Actual Rows": 6,
                "Actual Loops": 1,
                "Output": [
                    "(PARTIAL count(*))"
                ],
                "Workers Planned": 5,
                "Workers Launched": 5,
                "Single Copy": false,
                "Plans": [
                    {
                        "Node Type": "Aggregate",
                        "Strategy": "Plain",
                        "Partial Mode": "Partial",
                        "Parent Relationship": "Outer",
                        "Parallel Aware": false,
                        "Startup Cost": 549692.06,
                        "Total Cost": 549692.07,
                        "Plan Rows": 1,
                        "Plan Width": 8,
                        "Actual Startup Time": 1300.009,
                        "Actual Total Time": 1300.013,
                        "Actual Rows": 1,
                        "Actual Loops": 6,
                        "Output": [
                            "PARTIAL count(*)"
                        ],
                        "Workers": [
                            {
                                "Worker Number": 0,
                                "Actual Startup Time": 1297.899,
                                "Actual Total Time": 1297.903,
                                "Actual Rows": 1,
                                "Actual Loops": 1
                            },
                            {
                                "Worker Number": 1,
                                "Actual Startup Time": 1297.499,
                                "Actual Total Time": 1297.503,
                                "Actual Rows": 1,
                                "Actual Loops": 1
                            },
                            {
                                "Worker Number": 2,
                                "Actual Startup Time": 1298.226,
                                "Actual Total Time": 1298.23,
                                "Actual Rows": 1,
                                "Actual Loops": 1
                            },
                            {
                                "Worker Number": 3,
                                "Actual Startup Time": 1298.224,
                                "Actual Total Time": 1298.229,
                                "Actual Rows": 1,
                                "Actual Loops": 1
                            },
                            {
                                "Worker Number": 4,
                                "Actual Startup Time": 1298.251,
                                "Actual Total Time": 1298.254,
                                "Actual Rows": 1,
                                "Actual Loops": 1
                            }
                        ],
                        "Plans": [
                            {
                                "Node Type": "Nested Loop",
                                "Parent Relationship": "Outer",
                                "Parallel Aware": false,
                                "Join Type": "Inner",
                                "Startup Cost": 47190.24,
                                "Total Cost": 548726.27,
                                "Plan Rows": 386315,
                                "Plan Width": 0,
                                "Actual Startup Time": 170.714,
                                "Actual Total Time": 1298.194,
                                "Actual Rows": 16698,
                                "Actual Loops": 6,
                                "Inner Unique": false,
                                "Join Filter": "(t.id = ci.movie_id)",
                                "Rows Removed by Join Filter": 0,
                                "Workers": [
                                    {
                                        "Worker Number": 0,
                                        "Actual Startup Time": 168.458,
                                        "Actual Total Time": 1295.9,
                                        "Actual Rows": 12995,
                                        "Actual Loops": 1
                                    },
                                    {
                                        "Worker Number": 1,
                                        "Actual Startup Time": 169.275,
                                        "Actual Total Time": 1295.586,
                                        "Actual Rows": 12942,
                                        "Actual Loops": 1
                                    },
                                    {
                                        "Worker Number": 2,
                                        "Actual Startup Time": 168.818,
                                        "Actual Total Time": 1296.321,
                                        "Actual Rows": 12401,
                                        "Actual Loops": 1
                                    },
                                    {
                                        "Worker Number": 3,
                                        "Actual Startup Time": 168.459,
                                        "Actual Total Time": 1296.511,
                                        "Actual Rows": 19325,
                                        "Actual Loops": 1
                                    },
                                    {
                                        "Worker Number": 4,
                                        "Actual Startup Time": 168.939,
                                        "Actual Total Time": 1296.577,
                                        "Actual Rows": 18771,
                                        "Actual Loops": 1
                                    }
                                ],
                                "Plans": [
                                    {
                                        "Node Type": "Hash Join",
                                        "Parent Relationship": "Outer",
                                        "Parallel Aware": true,
                                        "Join Type": "Inner",
                                        "Startup Cost": 47189.67,
                                        "Total Cost": 247956.41,
                                        "Plan Rows": 155540,
                                        "Plan Width": 8,
                                        "Actual Startup Time": 170.027,
                                        "Actual Total Time": 612.519,
                                        "Actual Rows": 21695,
                                        "Actual Loops": 6,
                                        "Output": [
                                            "t.id",
                                            "mi.movie_id"
                                        ],
                                        "Inner Unique": true,
                                        "Hash Cond": "(mi.movie_id = t.id)",
                                        "Workers": [
                                            {
                                                "Worker Number": 0,
                                                "Actual Startup Time": 167.443,
                                                "Actual Total Time": 608.148,
                                                "Actual Rows": 16807,
                                                "Actual Loops": 1
                                            },
                                            {
                                                "Worker Number": 1,
                                                "Actual Startup Time": 167.547,
                                                "Actual Total Time": 600.966,
                                                "Actual Rows": 15824,
                                                "Actual Loops": 1
                                            },
                                            {
                                                "Worker Number": 2,
                                                "Actual Startup Time": 168.29,
                                                "Actual Total Time": 605.747,
                                                "Actual Rows": 16738,
                                                "Actual Loops": 1
                                            },
                                            {
                                                "Worker Number": 3,
                                                "Actual Startup Time": 168.266,
                                                "Actual Total Time": 615.061,
                                                "Actual Rows": 25007,
                                                "Actual Loops": 1
                                            },
                                            {
                                                "Worker Number": 4,
                                                "Actual Startup Time": 168.474,
                                                "Actual Total Time": 612.7,
                                                "Actual Rows": 25539,
                                                "Actual Loops": 1
                                            }
                                        ],
                                        "Plans": [
                                            {
                                                "Node Type": "Seq Scan",
                                                "Parent Relationship": "Outer",
                                                "Parallel Aware": true,
                                                "Relation Name": "movie_info",
                                                "Schema": "public",
                                                "Alias": "mi",
                                                "Startup Cost": 0.0,
                                                "Total Cost": 198880.74,
                                                "Plan Rows": 718477,
                                                "Plan Width": 4,
                                                "Actual Startup Time": 31.306,
                                                "Actual Total Time": 329.978,
                                                "Actual Rows": 604163,
                                                "Actual Loops": 6,
                                                "Output": [
                                                    "mi.id",
                                                    "mi.movie_id",
                                                    "mi.info_type_id",
                                                    "mi.info",
                                                    "mi.note"
                                                ],
                                                "Filter": "(mi.info_type_id < 4)",
                                                "Rows Removed by Filter": 1868457,
                                                "Workers": [
                                                    {
                                                        "Worker Number": 0,
                                                        "Actual Startup Time": 31.33,
                                                        "Actual Total Time": 335.653,
                                                        "Actual Rows": 500805,
                                                        "Actual Loops": 1
                                                    },
                                                    {
                                                        "Worker Number": 1,
                                                        "Actual Startup Time": 31.352,
                                                        "Actual Total Time": 332.347,
                                                        "Actual Rows": 456948,
                                                        "Actual Loops": 1
                                                    },
                                                    {
                                                        "Worker Number": 2,
                                                        "Actual Startup Time": 31.205,
                                                        "Actual Total Time": 335.207,
                                                        "Actual Rows": 508099,
                                                        "Actual Loops": 1
                                                    },
                                                    {
                                                        "Worker Number": 3,
                                                        "Actual Startup Time": 31.32,
                                                        "Actual Total Time": 327.657,
                                                        "Actual Rows": 730034,
                                                        "Actual Loops": 1
                                                    },
                                                    {
                                                        "Worker Number": 4,
                                                        "Actual Startup Time": 31.326,
                                                        "Actual Total Time": 327.522,
                                                        "Actual Rows": 729812,
                                                        "Actual Loops": 1
                                                    }
                                                ]
                                            },
                                            {
                                                "Node Type": "Hash",
                                                "Parent Relationship": "Inner",
                                                "Parallel Aware": true,
                                                "Startup Cost": 45479.21,
                                                "Total Cost": 45479.21,
                                                "Plan Rows": 136837,
                                                "Plan Width": 4,
                                                "Actual Startup Time": 135.136,
                                                "Actual Total Time": 135.137,
                                                "Actual Rows": 100400,
                                                "Actual Loops": 6,
                                                "Output": [
                                                    "t.id"
                                                ],
                                                "Hash Buckets": 1048576,
                                                "Original Hash Buckets": 1048576,
                                                "Hash Batches": 1,
                                                "Original Hash Batches": 1,
                                                "Peak Memory Usage": 31840,
                                                "Workers": [
                                                    {
                                                        "Worker Number": 0,
                                                        "Actual Startup Time": 135.656,
                                                        "Actual Total Time": 135.657,
                                                        "Actual Rows": 79848,
                                                        "Actual Loops": 1
                                                    },
                                                    {
                                                        "Worker Number": 1,
                                                        "Actual Startup Time": 135.792,
                                                        "Actual Total Time": 135.793,
                                                        "Actual Rows": 76883,
                                                        "Actual Loops": 1
                                                    },
                                                    {
                                                        "Worker Number": 2,
                                                        "Actual Startup Time": 136.522,
                                                        "Actual Total Time": 136.523,
                                                        "Actual Rows": 82811,
                                                        "Actual Loops": 1
                                                    },
                                                    {
                                                        "Worker Number": 3,
                                                        "Actual Startup Time": 136.501,
                                                        "Actual Total Time": 136.503,
                                                        "Actual Rows": 105966,
                                                        "Actual Loops": 1
                                                    },
                                                    {
                                                        "Worker Number": 4,
                                                        "Actual Startup Time": 136.537,
                                                        "Actual Total Time": 136.538,
                                                        "Actual Rows": 106004,
                                                        "Actual Loops": 1
                                                    }
                                                ],
                                                "Plans": [
                                                    {
                                                        "Node Type": "Seq Scan",
                                                        "Parent Relationship": "Outer",
                                                        "Parallel Aware": true,
                                                        "Relation Name": "title",
                                                        "Schema": "public",
                                                        "Alias": "t",
                                                        "Startup Cost": 0.0,
                                                        "Total Cost": 45479.21,
                                                        "Plan Rows": 136837,
                                                        "Plan Width": 4,
                                                        "Actual Startup Time": 0.056,
                                                        "Actual Total Time": 86.385,
                                                        "Actual Rows": 100400,
                                                        "Actual Loops": 6,
                                                        "Output": [
                                                            "t.id"
                                                        ],
                                                        "Filter": "((t.production_year > 2006) AND (t.kind_id = 7))",
                                                        "Rows Removed by Filter": 320985,
                                                        "Workers": [
                                                            {
                                                                "Worker Number": 0,
                                                                "Actual Startup Time": 0.06,
                                                                "Actual Total Time": 87.865,
                                                                "Actual Rows": 79848,
                                                                "Actual Loops": 1
                                                            },
                                                            {
                                                                "Worker Number": 1,
                                                                "Actual Startup Time": 0.075,
                                                                "Actual Total Time": 88.644,
                                                                "Actual Rows": 76883,
                                                                "Actual Loops": 1
                                                            },
                                                            {
                                                                "Worker Number": 2,
                                                                "Actual Startup Time": 0.061,
                                                                "Actual Total Time": 88.367,
                                                                "Actual Rows": 82811,
                                                                "Actual Loops": 1
                                                            },
                                                            {
                                                                "Worker Number": 3,
                                                                "Actual Startup Time": 0.063,
                                                                "Actual Total Time": 86.748,
                                                                "Actual Rows": 105966,
                                                                "Actual Loops": 1
                                                            },
                                                            {
                                                                "Worker Number": 4,
                                                                "Actual Startup Time": 0.055,
                                                                "Actual Total Time": 86.708,
                                                                "Actual Rows": 106004,
                                                                "Actual Loops": 1
                                                            }
                                                        ]
                                                    }
                                                ]
                                            }
                                        ]
                                    },
                                    {
                                        "Node Type": "Index Scan",
                                        "Parent Relationship": "Inner",
                                        "Parallel Aware": false,
                                        "Scan Direction": "Forward",
                                        "Index Name": "movie_id_cast_info",
                                        "Relation Name": "cast_info",
                                        "Schema": "public",
                                        "Alias": "ci",
                                        "Startup Cost": 0.56,
                                        "Total Cost": 1.85,
                                        "Plan Rows": 7,
                                        "Plan Width": 4,
                                        "Actual Startup Time": 0.024,
                                        "Actual Total Time": 0.031,
                                        "Actual Rows": 1,
                                        "Actual Loops": 130168,
                                        "Output": [
                                            "ci.id",
                                            "ci.person_id",
                                            "ci.movie_id",
                                            "ci.person_role_id",
                                            "ci.note",
                                            "ci.nr_order",
                                            "ci.role_id"
                                        ],
                                        "Index Cond": "(ci.movie_id = mi.movie_id)",
                                        "Rows Removed by Index Recheck": 0,
                                        "Filter": "((ci.person_id > 2567035) AND (ci.role_id < 3))",
                                        "Rows Removed by Filter": 28,
                                        "Workers": [
                                            {
                                                "Worker Number": 0,
                                                "Actual Startup Time": 0.031,
                                                "Actual Total Time": 0.04,
                                                "Actual Rows": 1,
                                                "Actual Loops": 16807
                                            },
                                            {
                                                "Worker Number": 1,
                                                "Actual Startup Time": 0.033,
                                                "Actual Total Time": 0.043,
                                                "Actual Rows": 1,
                                                "Actual Loops": 15824
                                            },
                                            {
                                                "Worker Number": 2,
                                                "Actual Startup Time": 0.031,
                                                "Actual Total Time": 0.041,
                                                "Actual Rows": 1,
                                                "Actual Loops": 16738
                                            },
                                            {
                                                "Worker Number": 3,
                                                "Actual Startup Time": 0.021,
                                                "Actual Total Time": 0.027,
                                                "Actual Rows": 1,
                                                "Actual Loops": 25007
                                            },
                                            {
                                                "Worker Number": 4,
                                                "Actual Startup Time": 0.02,
                                                "Actual Total Time": 0.026,
                                                "Actual Rows": 1,
                                                "Actual Loops": 25539
                                            }
                                        ]
                                    }
                                ]
                            }
                        ]
                    }
                ]
            }
        ]
    },
    "Planning Time": 1.736,
    "Triggers": [],
    "Execution Time": 1419.668
}