[
  {
    "Plan": {
      "Node Type": "Aggregate",
      "Strategy": "Plain",
      "Partial Mode": "Finalize",
      "Parallel Aware": false,
      "Startup Cost": 32729.86,
      "Total Cost": 32729.87,
      "Plan Rows": 1,
      "Plan Width": 8,
      "Actual Startup Time": 92.775,
      "Actual Total Time": 99.376,
      "Actual Rows": 1,
      "Actual Loops": 1,
      "Plans": [
        {
          "Node Type": "Gather",
          "Parent Relationship": "Outer",
          "Parallel Aware": false,
          "Startup Cost": 32729.54,
          "Total Cost": 32729.85,
          "Plan Rows": 3,
          "Plan Width": 8,
          "Actual Startup Time": 92.665,
          "Actual Total Time": 99.368,
          "Actual Rows": 4,
          "Actual Loops": 1,
          "Workers Planned": 3,
          "Workers Launched": 3,
          "Single Copy": false,
          "Plans": [
            {
              "Node Type": "Aggregate",
              "Strategy": "Plain",
              "Partial Mode": "Partial",
              "Parent Relationship": "Outer",
              "Parallel Aware": false,
              "Startup Cost": 31729.54,
              "Total Cost": 31729.55,
              "Plan Rows": 1,
              "Plan Width": 8,
              "Actual Startup Time": 86.422,
              "Actual Total Time": 86.423,
              "Actual Rows": 1,
              "Actual Loops": 4,
              "Plans": [
                {
                  "Node Type": "Seq Scan",
                  "Parent Relationship": "Outer",
                  "Parallel Aware": true,
                  "Relation Name": "movie_companies",
                  "Alias": "mc",
                  "Startup Cost": 0.0,
                  "Total Cost": 31414.82,
                  "Plan Rows": 125888,
                  "Plan Width": 0,
                  "Actual Startup Time": 25.948,
                  "Actual Total Time": 85.287,
                  "Actual Rows": 18718,
                  "Actual Loops": 4,
                  "Filter": "((company_id > 29599) AND (company_type_id < 2))",
                  "Rows Removed by Filter": 633565
                }
              ]
            }
          ]
        }
      ]
    },
    "Planning Time": 0.167,
    "Triggers": [],
    "Execution Time": 99.422
  }
]