{
  "Plan": {
    "Node Type": "Aggregate",
    "Strategy": "Plain",
    "Partial Mode": "Finalize",
    "Parallel Aware": false,
    "Startup Cost": 166608.07,
    "Total Cost": 166608.08,
    "Plan Rows": 1,
    "Plan Width": 8,
    "Actual Startup Time": 1180.619,
    "Actual Total Time": 1197.486,
    "Actual Rows": 1,
    "Actual Loops": 1,
    "Plans": [
      {
        "Node Type": "Gather",
        "Parent Relationship": "Outer",
        "Parallel Aware": false,
        "Startup Cost": 166607.96,
        "Total Cost": 166608.07,
        "Plan Rows": 1,
        "Plan Width": 8,
        "Actual Startup Time": 1180.359,
        "Actual Total Time": 1197.477,
        "Actual Rows": 2,
        "Actual Loops": 1,
        "Workers Planned": 1,
        "Workers Launched": 1,
        "Single Copy": false,
        "Plans": [
          {
            "Node Type": "Aggregate",
            "Strategy": "Plain",
            "Partial Mode": "Partial",
            "Parent Relationship": "Outer",
            "Parallel Aware": false,
            "Startup Cost": 165607.96,
            "Total Cost": 165607.97,
            "Plan Rows": 1,
            "Plan Width": 8,
            "Actual Startup Time": 1174.426,
            "Actual Total Time": 1174.428,
            "Actual Rows": 1,
            "Actual Loops": 2,
            "Plans": [
              {
                "Node Type": "Merge Join",
                "Parent Relationship": "Outer",
                "Parallel Aware": false,
                "Join Type": "Inner",
                "Startup Cost": 3.01,
                "Total Cost": 164876.61,
                "Plan Rows": 292538,
                "Plan Width": 0,
                "Actual Startup Time": 2.599,
                "Actual Total Time": 1166.115,
                "Actual Rows": 184586,
                "Actual Loops": 2,
                "Inner Unique": false,
                "Merge Cond": "(t.id = mi_idx.movie_id)",
                "Plans": [
                  {
                    "Node Type": "Index Scan",
                    "Parent Relationship": "Outer",
                    "Parallel Aware": true,
                    "Scan Direction": "Forward",
                    "Index Name": "title_pkey",
                    "Relation Name": "title",
                    "Alias": "t",
                    "Startup Cost": 0.43,
                    "Total Cost": 103647.43,
                    "Plan Rows": 535945,
                    "Plan Width": 4,
                    "Actual Startup Time": 0.504,
                    "Actual Total Time": 779.215,
                    "Actual Rows": 452126,
                    "Actual Loops": 2,
                    "Filter": "(production_year > 2006)",
                    "Rows Removed by Filter": 810827
                  },
                  {
                    "Node Type": "Index Only Scan",
                    "Parent Relationship": "Inner",
                    "Parallel Aware": false,
                    "Scan Direction": "Forward",
                    "Index Name": "movie_id_movie_info_idx",
                    "Relation Name": "movie_info_idx",
                    "Alias": "mi_idx",
                    "Startup Cost": 0.43,
                    "Total Cost": 53620.22,
                    "Plan Rows": 1380035,
                    "Plan Width": 4,
                    "Actual Startup Time": 0.132,
                    "Actual Total Time": 287.115,
                    "Actual Rows": 1380035,
                    "Actual Loops": 2,
                    "Heap Fetches": 2760070
                  }
                ]
              }
            ]
          }
        ]
      }
    ]
  },
  "Planning Time": 0.651,
  "Triggers": [],
  "Execution Time": 1197.562
}