[
  {
    "Plan": {
      "Node Type": "Aggregate",
      "Strategy": "Plain",
      "Partial Mode": "Finalize",
      "Parallel Aware": false,
      "Startup Cost": 277342.2,
      "Total Cost": 277342.21,
      "Plan Rows": 1,
      "Plan Width": 8,
      "Actual Startup Time": 800.432,
      "Actual Total Time": 888.849,
      "Actual Rows": 1,
      "Actual Loops": 1,
      "Plans": [
        {
          "Node Type": "Gather",
          "Parent Relationship": "Outer",
          "Parallel Aware": false,
          "Startup Cost": 277341.68,
          "Total Cost": 277342.19,
          "Plan Rows": 5,
          "Plan Width": 8,
          "Actual Startup Time": 799.979,
          "Actual Total Time": 888.837,
          "Actual Rows": 6,
          "Actual Loops": 1,
          "Workers Planned": 5,
          "Workers Launched": 5,
          "Single Copy": false,
          "Plans": [
            {
              "Node Type": "Aggregate",
              "Strategy": "Plain",
              "Partial Mode": "Partial",
              "Parent Relationship": "Outer",
              "Parallel Aware": false,
              "Startup Cost": 276341.68,
              "Total Cost": 276341.69,
              "Plan Rows": 1,
              "Plan Width": 8,
              "Actual Startup Time": 792.82,
              "Actual Total Time": 792.826,
              "Actual Rows": 1,
              "Actual Loops": 6,
              "Plans": [
                {
                  "Node Type": "Nested Loop",
                  "Parent Relationship": "Outer",
                  "Parallel Aware": false,
                  "Join Type": "Inner",
                  "Startup Cost": 45612.15,
                  "Total Cost": 276211.83,
                  "Plan Rows": 51938,
                  "Plan Width": 0,
                  "Actual Startup Time": 106.667,
                  "Actual Total Time": 790.48,
                  "Actual Rows": 26203,
                  "Actual Loops": 6,
                  "Inner Unique": false,
                  "Join Filter": "(t.id = ci.movie_id)",
                  "Rows Removed by Join Filter": 0,
                  "Plans": [
                    {
                      "Node Type": "Hash Join",
                      "Parent Relationship": "Outer",
                      "Parallel Aware": true,
                      "Join Type": "Inner",
                      "Startup Cost": 45611.59,
                      "Total Cost": 247465.22,
                      "Plan Rows": 17472,
                      "Plan Width": 8,
                      "Actual Startup Time": 106.29,
                      "Actual Total Time": 544.305,
                      "Actual Rows": 7726,
                      "Actual Loops": 6,
                      "Inner Unique": true,
                      "Hash Cond": "(mi.movie_id = t.id)",
                      "Plans": [
                        {
                          "Node Type": "Seq Scan",
                          "Parent Relationship": "Outer",
                          "Parallel Aware": true,
                          "Relation Name": "movie_info",
                          "Alias": "mi",
                          "Startup Cost": 0.0,
                          "Total Cost": 199108.24,
                          "Plan Rows": 1045865,
                          "Plan Width": 4,
                          "Actual Startup Time": 20.404,
                          "Actual Total Time": 358.214,
                          "Actual Rows": 878428,
                          "Actual Loops": 6,
                          "Filter": "(info_type_id > 15)",
                          "Rows Removed by Filter": 1594192
                        },
                        {
                          "Node Type": "Hash",
                          "Parent Relationship": "Inner",
                          "Parallel Aware": true,
                          "Startup Cost": 45479.59,
                          "Total Cost": 45479.59,
                          "Plan Rows": 10560,
                          "Plan Width": 4,
                          "Actual Startup Time": 85.075,
                          "Actual Total Time": 85.077,
                          "Actual Rows": 6710,
                          "Actual Loops": 6,
                          "Hash Buckets": 65536,
                          "Original Hash Buckets": 65536,
                          "Hash Batches": 1,
                          "Original Hash Batches": 1,
                          "Peak Memory Usage": 2176,
                          "Plans": [
                            {
                              "Node Type": "Seq Scan",
                              "Parent Relationship": "Outer",
                              "Parallel Aware": true,
                              "Relation Name": "title",
                              "Alias": "t",
                              "Startup Cost": 0.0,
                              "Total Cost": 45479.59,
                              "Plan Rows": 10560,
                              "Plan Width": 4,
                              "Actual Startup Time": 0.053,
                              "Actual Total Time": 81.3,
                              "Actual Rows": 6710,
                              "Actual Loops": 6,
                              "Filter": "((production_year > 2012) AND (kind_id = 7))",
                              "Rows Removed by Filter": 414676
                            }
                          ]
                        }
                      ]
                    },
                    {
                      "Node Type": "Index Scan",
                      "Parent Relationship": "Inner",
                      "Parallel Aware": false,
                      "Scan Direction": "Forward",
                      "Index Name": "movie_id_cast_info",
                      "Relation Name": "cast_info",
                      "Alias": "ci",
                      "Startup Cost": 0.56,
                      "Total Cost": 1.56,
                      "Plan Rows": 7,
                      "Plan Width": 4,
                      "Actual Startup Time": 0.017,
                      "Actual Total Time": 0.031,
                      "Actual Rows": 3,
                      "Actual Loops": 46356,
                      "Index Cond": "(movie_id = mi.movie_id)",
                      "Rows Removed by Index Recheck": 0,
                      "Filter": "(role_id = 2)",
                      "Rows Removed by Filter": 13
                    }
                  ]
                }
              ]
            }
          ]
        }
      ]
    },
    "Planning Time": 0.623,
    "Triggers": [],
    "Execution Time": 888.918
  }
]