[
  {
    "Plan": {
      "Node Type": "Aggregate",
      "Strategy": "Plain",
      "Partial Mode": "Finalize",
      "Parallel Aware": false,
      "Startup Cost": 93609.08,
      "Total Cost": 93609.09,
      "Plan Rows": 1,
      "Plan Width": 8,
      "Actual Startup Time": 410.691,
      "Actual Total Time": 427.587,
      "Actual Rows": 1,
      "Actual Loops": 1,
      "Plans": [
        {
          "Node Type": "Gather",
          "Parent Relationship": "Outer",
          "Parallel Aware": false,
          "Startup Cost": 93608.76,
          "Total Cost": 93609.07,
          "Plan Rows": 3,
          "Plan Width": 8,
          "Actual Startup Time": 407.97,
          "Actual Total Time": 427.579,
          "Actual Rows": 4,
          "Actual Loops": 1,
          "Workers Planned": 3,
          "Workers Launched": 3,
          "Single Copy": false,
          "Plans": [
            {
              "Node Type": "Aggregate",
              "Strategy": "Plain",
              "Partial Mode": "Partial",
              "Parent Relationship": "Outer",
              "Parallel Aware": false,
              "Startup Cost": 92608.76,
              "Total Cost": 92608.77,
              "Plan Rows": 1,
              "Plan Width": 8,
              "Actual Startup Time": 401.991,
              "Actual Total Time": 401.994,
              "Actual Rows": 1,
              "Actual Loops": 4,
              "Plans": [
                {
                  "Node Type": "Hash Join",
                  "Parent Relationship": "Outer",
                  "Parallel Aware": true,
                  "Join Type": "Inner",
                  "Startup Cost": 45624.06,
                  "Total Cost": 91870.57,
                  "Plan Rows": 295275,
                  "Plan Width": 0,
                  "Actual Startup Time": 152.829,
                  "Actual Total Time": 387.321,
                  "Actual Rows": 325824,
                  "Actual Loops": 4,
                  "Inner Unique": true,
                  "Hash Cond": "(mk.movie_id = t.id)",
                  "Plans": [
                    {
                      "Node Type": "Seq Scan",
                      "Parent Relationship": "Outer",
                      "Parallel Aware": true,
                      "Relation Name": "movie_keyword",
                      "Alias": "mk",
                      "Startup Cost": 0.0,
                      "Total Cost": 42695.65,
                      "Plan Rows": 1352705,
                      "Plan Width": 4,
                      "Actual Startup Time": 0.035,
                      "Actual Total Time": 122.79,
                      "Actual Rows": 1048174,
                      "Actual Loops": 4,
                      "Filter": "(keyword_id < 49845)",
                      "Rows Removed by Filter": 82809
                    },
                    {
                      "Node Type": "Hash",
                      "Parent Relationship": "Inner",
                      "Parallel Aware": true,
                      "Startup Cost": 43899.32,
                      "Total Cost": 43899.32,
                      "Plan Rows": 137979,
                      "Plan Width": 4,
                      "Actual Startup Time": 150.159,
                      "Actual Total Time": 150.16,
                      "Actual Rows": 142112,
                      "Actual Loops": 4,
                      "Hash Buckets": 1048576,
                      "Original Hash Buckets": 1048576,
                      "Hash Batches": 1,
                      "Original Hash Batches": 1,
                      "Peak Memory Usage": 30496,
                      "Plans": [
                        {
                          "Node Type": "Seq Scan",
                          "Parent Relationship": "Outer",
                          "Parallel Aware": true,
                          "Relation Name": "title",
                          "Alias": "t",
                          "Startup Cost": 0.0,
                          "Total Cost": 43899.32,
                          "Plan Rows": 137979,
                          "Plan Width": 4,
                          "Actual Startup Time": 0.034,
                          "Actual Total Time": 101.044,
                          "Actual Rows": 142112,
                          "Actual Loops": 4,
                          "Filter": "(production_year < 1984)",
                          "Rows Removed by Filter": 489966
                        }
                      ]
                    }
                  ]
                }
              ]
            }
          ]
        }
      ]
    },
    "Planning Time": 0.291,
    "Triggers": [],
    "Execution Time": 427.617
  }
]