{
  "Plan": {
    "Node Type": "Aggregate",
    "Strategy": "Plain",
    "Partial Mode": "Finalize",
    "Parallel Aware": false,
    "Startup Cost": 152963.22,
    "Total Cost": 152963.23,
    "Plan Rows": 1,
    "Plan Width": 8,
    "Actual Startup Time": 527.66,
    "Actual Total Time": 547.928,
    "Actual Rows": 1,
    "Actual Loops": 1,
    "Plans": [
      {
        "Node Type": "Gather",
        "Parent Relationship": "Outer",
        "Parallel Aware": false,
        "Startup Cost": 152963.11,
        "Total Cost": 152963.22,
        "Plan Rows": 1,
        "Plan Width": 8,
        "Actual Startup Time": 523.226,
        "Actual Total Time": 547.919,
        "Actual Rows": 2,
        "Actual Loops": 1,
        "Workers Planned": 1,
        "Workers Launched": 1,
        "Single Copy": false,
        "Plans": [
          {
            "Node Type": "Aggregate",
            "Strategy": "Plain",
            "Partial Mode": "Partial",
            "Parent Relationship": "Outer",
            "Parallel Aware": false,
            "Startup Cost": 151963.11,
            "Total Cost": 151963.12,
            "Plan Rows": 1,
            "Plan Width": 8,
            "Actual Startup Time": 515.057,
            "Actual Total Time": 515.062,
            "Actual Rows": 1,
            "Actual Loops": 2,
            "Plans": [
              {
                "Node Type": "Nested Loop",
                "Parent Relationship": "Outer",
                "Parallel Aware": false,
                "Join Type": "Inner",
                "Startup Cost": 70484.14,
                "Total Cost": 151589.94,
                "Plan Rows": 149268,
                "Plan Width": 0,
                "Actual Startup Time": 457.346,
                "Actual Total Time": 514.745,
                "Actual Rows": 4522,
                "Actual Loops": 2,
                "Inner Unique": false,
                "Plans": [
                  {
                    "Node Type": "Hash Join",
                    "Parent Relationship": "Outer",
                    "Parallel Aware": true,
                    "Join Type": "Inner",
                    "Startup Cost": 70483.71,
                    "Total Cost": 95617.92,
                    "Plan Rows": 25528,
                    "Plan Width": 8,
                    "Actual Startup Time": 457.254,
                    "Actual Total Time": 504.825,
                    "Actual Rows": 454,
                    "Actual Loops": 2,
                    "Inner Unique": true,
                    "Hash Cond": "(mk.movie_id = t.id)",
                    "Plans": [
                      {
                        "Node Type": "Bitmap Heap Scan",
                        "Parent Relationship": "Outer",
                        "Parallel Aware": true,
                        "Relation Name": "movie_keyword",
                        "Alias": "mk",
                        "Startup Cost": 1624.95,
                        "Total Cost": 26641.11,
                        "Plan Rows": 44973,
                        "Plan Width": 4,
                        "Actual Startup Time": 11.699,
                        "Actual Total Time": 40.242,
                        "Actual Rows": 36248,
                        "Actual Loops": 2,
                        "Recheck Cond": "(keyword_id = 335)",
                        "Rows Removed by Index Recheck": 0,
                        "Exact Heap Blocks": 11499,
                        "Lossy Heap Blocks": 0,
                        "Plans": [
                          {
                            "Node Type": "Bitmap Index Scan",
                            "Parent Relationship": "Outer",
                            "Parallel Aware": false,
                            "Index Name": "keyword_id_movie_keyword",
                            "Startup Cost": 0.0,
                            "Total Cost": 1605.84,
                            "Plan Rows": 76454,
                            "Plan Width": 0,
                            "Actual Startup Time": 9.27,
                            "Actual Total Time": 9.271,
                            "Actual Rows": 72496,
                            "Actual Loops": 1,
                            "Index Cond": "(keyword_id = 335)"
                          }
                        ]
                      },
                      {
                        "Node Type": "Hash",
                        "Parent Relationship": "Inner",
                        "Parallel Aware": true,
                        "Startup Cost": 58306.47,
                        "Total Cost": 58306.47,
                        "Plan Rows": 844183,
                        "Plan Width": 4,
                        "Actual Startup Time": 430.699,
                        "Actual Total Time": 430.699,
                        "Actual Rows": 739218,
                        "Actual Loops": 2,
                        "Hash Buckets": 2097152,
                        "Original Hash Buckets": 2097152,
                        "Hash Batches": 1,
                        "Original Hash Batches": 1,
                        "Peak Memory Usage": 74240,
                        "Plans": [
                          {
                            "Node Type": "Seq Scan",
                            "Parent Relationship": "Outer",
                            "Parallel Aware": true,
                            "Relation Name": "title",
                            "Alias": "t",
                            "Startup Cost": 0.0,
                            "Total Cost": 58306.47,
                            "Plan Rows": 844183,
                            "Plan Width": 4,
                            "Actual Startup Time": 0.043,
                            "Actual Total Time": 212.664,
                            "Actual Rows": 739218,
                            "Actual Loops": 2,
                            "Filter": "((production_year > 1923) AND (kind_id = 7))",
                            "Rows Removed by Filter": 524938
                          }
                        ]
                      }
                    ]
                  },
                  {
                    "Node Type": "Index Only Scan",
                    "Parent Relationship": "Inner",
                    "Parallel Aware": false,
                    "Scan Direction": "Forward",
                    "Index Name": "movie_id_movie_info",
                    "Relation Name": "movie_info",
                    "Alias": "mi",
                    "Startup Cost": 0.43,
                    "Total Cost": 1.77,
                    "Plan Rows": 42,
                    "Plan Width": 4,
                    "Actual Startup Time": 0.008,
                    "Actual Total Time": 0.02,
                    "Actual Rows": 10,
                    "Actual Loops": 908,
                    "Index Cond": "(movie_id = t.id)",
                    "Rows Removed by Index Recheck": 0,
                    "Heap Fetches": 9043
                  }
                ]
              }
            ]
          }
        ]
      }
    ]
  },
  "Planning Time": 1.141,
  "Triggers": [],
  "Execution Time": 548.033
}