{
  "Plan": {
    "Node Type": "Aggregate",
    "Strategy": "Plain",
    "Partial Mode": "Finalize",
    "Parallel Aware": false,
    "Startup Cost": 151930.52,
    "Total Cost": 151930.53,
    "Plan Rows": 1,
    "Plan Width": 8,
    "Actual Startup Time": 1063.681,
    "Actual Total Time": 1082.539,
    "Actual Rows": 1,
    "Actual Loops": 1,
    "Plans": [
      {
        "Node Type": "Gather",
        "Parent Relationship": "Outer",
        "Parallel Aware": false,
        "Startup Cost": 151930.41,
        "Total Cost": 151930.52,
        "Plan Rows": 1,
        "Plan Width": 8,
        "Actual Startup Time": 1059.326,
        "Actual Total Time": 1082.53,
        "Actual Rows": 2,
        "Actual Loops": 1,
        "Workers Planned": 1,
        "Workers Launched": 1,
        "Single Copy": false,
        "Plans": [
          {
            "Node Type": "Aggregate",
            "Strategy": "Plain",
            "Partial Mode": "Partial",
            "Parent Relationship": "Outer",
            "Parallel Aware": false,
            "Startup Cost": 150930.41,
            "Total Cost": 150930.42,
            "Plan Rows": 1,
            "Plan Width": 8,
            "Actual Startup Time": 1053.818,
            "Actual Total Time": 1054.745,
            "Actual Rows": 1,
            "Actual Loops": 2,
            "Plans": [
              {
                "Node Type": "Hash Join",
                "Parent Relationship": "Outer",
                "Parallel Aware": true,
                "Join Type": "Inner",
                "Startup Cost": 84924.37,
                "Total Cost": 150089.14,
                "Plan Rows": 336507,
                "Plan Width": 0,
                "Actual Startup Time": 572.579,
                "Actual Total Time": 989.4,
                "Actual Rows": 1700542,
                "Actual Loops": 2,
                "Inner Unique": false,
                "Hash Cond": "(mk.movie_id = t.id)",
                "Plans": [
                  {
                    "Node Type": "Seq Scan",
                    "Parent Relationship": "Outer",
                    "Parallel Aware": true,
                    "Relation Name": "movie_keyword",
                    "Alias": "mk",
                    "Startup Cost": 0.0,
                    "Total Cost": 57718.19,
                    "Plan Rows": 1457903,
                    "Plan Width": 4,
                    "Actual Startup Time": 0.021,
                    "Actual Total Time": 184.045,
                    "Actual Rows": 1239440,
                    "Actual Loops": 2,
                    "Filter": "(keyword_id < 6003)",
                    "Rows Removed by Filter": 1022524
                  },
                  {
                    "Node Type": "Hash",
                    "Parent Relationship": "Inner",
                    "Parallel Aware": true,
                    "Startup Cost": 80633.42,
                    "Total Cost": 80633.42,
                    "Plan Rows": 343276,
                    "Plan Width": 8,
                    "Actual Startup Time": 563.223,
                    "Actual Total Time": 564.149,
                    "Actual Rows": 357920,
                    "Actual Loops": 2,
                    "Hash Buckets": 1048576,
                    "Original Hash Buckets": 1048576,
                    "Hash Batches": 1,
                    "Original Hash Batches": 1,
                    "Peak Memory Usage": 36224,
                    "Plans": [
                      {
                        "Node Type": "Hash Join",
                        "Parent Relationship": "Outer",
                        "Parallel Aware": true,
                        "Join Type": "Inner",
                        "Startup Cost": 62449.63,
                        "Total Cost": 80633.42,
                        "Plan Rows": 343276,
                        "Plan Width": 8,
                        "Actual Startup Time": 318.835,
                        "Actual Total Time": 495.353,
                        "Actual Rows": 357920,
                        "Actual Loops": 2,
                        "Inner Unique": true,
                        "Hash Cond": "(mi_idx.movie_id = t.id)",
                        "Plans": [
                          {
                            "Node Type": "Seq Scan",
                            "Parent Relationship": "Outer",
                            "Parallel Aware": true,
                            "Relation Name": "movie_info_idx",
                            "Alias": "mi_idx",
                            "Startup Cost": 0.0,
                            "Total Cost": 16052.85,
                            "Plan Rows": 811785,
                            "Plan Width": 4,
                            "Actual Startup Time": 0.018,
                            "Actual Total Time": 49.258,
                            "Actual Rows": 690018,
                            "Actual Loops": 2
                          },
                          {
                            "Node Type": "Hash",
                            "Parent Relationship": "Inner",
                            "Parallel Aware": true,
                            "Startup Cost": 54588.39,
                            "Total Cost": 54588.39,
                            "Plan Rows": 628899,
                            "Plan Width": 4,
                            "Actual Startup Time": 308.571,
                            "Actual Total Time": 308.572,
                            "Actual Rows": 537382,
                            "Actual Loops": 2,
                            "Hash Buckets": 2097152,
                            "Original Hash Buckets": 2097152,
                            "Hash Batches": 1,
                            "Original Hash Batches": 1,
                            "Peak Memory Usage": 58464,
                            "Plans": [
                              {
                                "Node Type": "Seq Scan",
                                "Parent Relationship": "Outer",
                                "Parallel Aware": true,
                                "Relation Name": "title",
                                "Alias": "t",
                                "Startup Cost": 0.0,
                                "Total Cost": 54588.39,
                                "Plan Rows": 628899,
                                "Plan Width": 4,
                                "Actual Startup Time": 0.038,
                                "Actual Total Time": 157.354,
                                "Actual Rows": 537382,
                                "Actual Loops": 2,
                                "Filter": "(production_year < 2001)",
                                "Rows Removed by Filter": 726774
                              }
                            ]
                          }
                        ]
                      }
                    ]
                  }
                ]
              }
            ]
          }
        ]
      }
    ]
  },
  "Planning Time": 0.981,
  "Triggers": [],
  "Execution Time": 1082.616
}