{
  "Plan": {
    "Node Type": "Aggregate",
    "Strategy": "Plain",
    "Partial Mode": "Finalize",
    "Parallel Aware": false,
    "Startup Cost": 142331.81,
    "Total Cost": 142331.82,
    "Plan Rows": 1,
    "Plan Width": 8,
    "Actual Startup Time": 864.774,
    "Actual Total Time": 875.568,
    "Actual Rows": 1,
    "Actual Loops": 1,
    "Plans": [
      {
        "Node Type": "Gather",
        "Parent Relationship": "Outer",
        "Parallel Aware": false,
        "Startup Cost": 142331.7,
        "Total Cost": 142331.81,
        "Plan Rows": 1,
        "Plan Width": 8,
        "Actual Startup Time": 862.463,
        "Actual Total Time": 875.562,
        "Actual Rows": 2,
        "Actual Loops": 1,
        "Workers Planned": 1,
        "Workers Launched": 1,
        "Single Copy": false,
        "Plans": [
          {
            "Node Type": "Aggregate",
            "Strategy": "Plain",
            "Partial Mode": "Partial",
            "Parent Relationship": "Outer",
            "Parallel Aware": false,
            "Startup Cost": 141331.7,
            "Total Cost": 141331.71,
            "Plan Rows": 1,
            "Plan Width": 8,
            "Actual Startup Time": 855.588,
            "Actual Total Time": 855.595,
            "Actual Rows": 1,
            "Actual Loops": 2,
            "Plans": [
              {
                "Node Type": "Hash Join",
                "Parent Relationship": "Outer",
                "Parallel Aware": true,
                "Join Type": "Inner",
                "Startup Cost": 76225.35,
                "Total Cost": 140993.24,
                "Plan Rows": 135385,
                "Plan Width": 0,
                "Actual Startup Time": 401.735,
                "Actual Total Time": 780.995,
                "Actual Rows": 1845511,
                "Actual Loops": 2,
                "Inner Unique": false,
                "Hash Cond": "(mk.movie_id = t.id)",
                "Plans": [
                  {
                    "Node Type": "Seq Scan",
                    "Parent Relationship": "Outer",
                    "Parallel Aware": true,
                    "Relation Name": "movie_keyword",
                    "Alias": "mk",
                    "Startup Cost": 0.0,
                    "Total Cost": 57718.19,
                    "Plan Rows": 1667551,
                    "Plan Width": 4,
                    "Actual Startup Time": 0.244,
                    "Actual Total Time": 187.008,
                    "Actual Rows": 1407128,
                    "Actual Loops": 2,
                    "Filter": "(keyword_id > 2707)",
                    "Rows Removed by Filter": 854837
                  },
                  {
                    "Node Type": "Hash",
                    "Parent Relationship": "Inner",
                    "Parallel Aware": true,
                    "Startup Cost": 74716.04,
                    "Total Cost": 74716.04,
                    "Plan Rows": 120745,
                    "Plan Width": 8,
                    "Actual Startup Time": 344.783,
                    "Actual Total Time": 344.788,
                    "Actual Rows": 227890,
                    "Actual Loops": 2,
                    "Hash Buckets": 524288,
                    "Original Hash Buckets": 262144,
                    "Hash Batches": 1,
                    "Original Hash Batches": 1,
                    "Peak Memory Usage": 24000,
                    "Plans": [
                      {
                        "Node Type": "Hash Join",
                        "Parent Relationship": "Outer",
                        "Parallel Aware": true,
                        "Join Type": "Inner",
                        "Startup Cost": 56532.25,
                        "Total Cost": 74716.04,
                        "Plan Rows": 120745,
                        "Plan Width": 8,
                        "Actual Startup Time": 198.433,
                        "Actual Total Time": 300.422,
                        "Actual Rows": 227890,
                        "Actual Loops": 2,
                        "Inner Unique": true,
                        "Hash Cond": "(mi_idx.movie_id = t.id)",
                        "Plans": [
                          {
                            "Node Type": "Seq Scan",
                            "Parent Relationship": "Outer",
                            "Parallel Aware": true,
                            "Relation Name": "movie_info_idx",
                            "Alias": "mi_idx",
                            "Startup Cost": 0.0,
                            "Total Cost": 16052.85,
                            "Plan Rows": 811785,
                            "Plan Width": 4,
                            "Actual Startup Time": 0.018,
                            "Actual Total Time": 48.257,
                            "Actual Rows": 690018,
                            "Actual Loops": 2
                          },
                          {
                            "Node Type": "Hash",
                            "Parent Relationship": "Inner",
                            "Parallel Aware": true,
                            "Startup Cost": 53767.12,
                            "Total Cost": 53767.12,
                            "Plan Rows": 221210,
                            "Plan Width": 4,
                            "Actual Startup Time": 146.078,
                            "Actual Total Time": 146.08,
                            "Actual Rows": 220014,
                            "Actual Loops": 2,
                            "Hash Buckets": 524288,
                            "Original Hash Buckets": 524288,
                            "Hash Batches": 1,
                            "Original Hash Batches": 1,
                            "Peak Memory Usage": 21344,
                            "Plans": [
                              {
                                "Node Type": "Bitmap Heap Scan",
                                "Parent Relationship": "Outer",
                                "Parallel Aware": true,
                                "Relation Name": "title",
                                "Alias": "t",
                                "Startup Cost": 11916.86,
                                "Total Cost": 53767.12,
                                "Plan Rows": 221210,
                                "Plan Width": 4,
                                "Actual Startup Time": 33.08,
                                "Actual Total Time": 98.551,
                                "Actual Rows": 220014,
                                "Actual Loops": 2,
                                "Recheck Cond": "(kind_id = 1)",
                                "Rows Removed by Index Recheck": 0,
                                "Filter": "(production_year < 2006)",
                                "Rows Removed by Filter": 111398,
                                "Exact Heap Blocks": 7989,
                                "Lossy Heap Blocks": 0,
                                "Plans": [
                                  {
                                    "Node Type": "Bitmap Index Scan",
                                    "Parent Relationship": "Outer",
                                    "Parallel Aware": false,
                                    "Index Name": "kind_id_title",
                                    "Startup Cost": 0.0,
                                    "Total Cost": 11822.85,
                                    "Plan Rows": 663256,
                                    "Plan Width": 0,
                                    "Actual Startup Time": 31.177,
                                    "Actual Total Time": 31.178,
                                    "Actual Rows": 662825,
                                    "Actual Loops": 1,
                                    "Index Cond": "(kind_id = 1)"
                                  }
                                ]
                              }
                            ]
                          }
                        ]
                      }
                    ]
                  }
                ]
              }
            ]
          }
        ]
      }
    ]
  },
  "Planning Time": 1.023,
  "Triggers": [],
  "Execution Time": 875.666
}