[
  {
    "Plan": {
      "Node Type": "Aggregate",
      "Strategy": "Plain",
      "Partial Mode": "Finalize",
      "Parallel Aware": false,
      "Startup Cost": 44900.47,
      "Total Cost": 44900.48,
      "Plan Rows": 1,
      "Plan Width": 8,
      "Actual Startup Time": 91.882,
      "Actual Total Time": 103.36,
      "Actual Rows": 1,
      "Actual Loops": 1,
      "Plans": [
        {
          "Node Type": "Gather",
          "Parent Relationship": "Outer",
          "Parallel Aware": false,
          "Startup Cost": 44900.05,
          "Total Cost": 44900.46,
          "Plan Rows": 4,
          "Plan Width": 8,
          "Actual Startup Time": 91.605,
          "Actual Total Time": 103.351,
          "Actual Rows": 5,
          "Actual Loops": 1,
          "Workers Planned": 4,
          "Workers Launched": 4,
          "Single Copy": false,
          "Plans": [
            {
              "Node Type": "Aggregate",
              "Strategy": "Plain",
              "Partial Mode": "Partial",
              "Parent Relationship": "Outer",
              "Parallel Aware": false,
              "Startup Cost": 43900.05,
              "Total Cost": 43900.06,
              "Plan Rows": 1,
              "Plan Width": 8,
              "Actual Startup Time": 84.293,
              "Actual Total Time": 84.294,
              "Actual Rows": 1,
              "Actual Loops": 5,
              "Plans": [
                {
                  "Node Type": "Seq Scan",
                  "Parent Relationship": "Outer",
                  "Parallel Aware": true,
                  "Relation Name": "title",
                  "Alias": "t",
                  "Startup Cost": 0.0,
                  "Total Cost": 43898.92,
                  "Plan Rows": 452,
                  "Plan Width": 0,
                  "Actual Startup Time": 45.547,
                  "Actual Total Time": 84.243,
                  "Actual Rows": 366,
                  "Actual Loops": 5,
                  "Filter": "(production_year = 1944)",
                  "Rows Removed by Filter": 505296
                }
              ]
            }
          ]
        }
      ]
    },
    "Planning Time": 0.156,
    "Triggers": [],
    "Execution Time": 103.42
  }
]