[
  {
    "Plan": {
      "Node Type": "Aggregate",
      "Strategy": "Plain",
      "Partial Mode": "Finalize",
      "Parallel Aware": false,
      "Startup Cost": 33240.27,
      "Total Cost": 33240.28,
      "Plan Rows": 1,
      "Plan Width": 8,
      "Actual Startup Time": 88.316,
      "Actual Total Time": 93.678,
      "Actual Rows": 1,
      "Actual Loops": 1,
      "Plans": [
        {
          "Node Type": "Gather",
          "Parent Relationship": "Outer",
          "Parallel Aware": false,
          "Startup Cost": 33239.95,
          "Total Cost": 33240.26,
          "Plan Rows": 3,
          "Plan Width": 8,
          "Actual Startup Time": 88.214,
          "Actual Total Time": 93.67,
          "Actual Rows": 4,
          "Actual Loops": 1,
          "Workers Planned": 3,
          "Workers Launched": 3,
          "Single Copy": false,
          "Plans": [
            {
              "Node Type": "Aggregate",
              "Strategy": "Plain",
              "Partial Mode": "Partial",
              "Parent Relationship": "Outer",
              "Parallel Aware": false,
              "Startup Cost": 32239.95,
              "Total Cost": 32239.96,
              "Plan Rows": 1,
              "Plan Width": 8,
              "Actual Startup Time": 83.2,
              "Actual Total Time": 83.201,
              "Actual Rows": 1,
              "Actual Loops": 4,
              "Plans": [
                {
                  "Node Type": "Seq Scan",
                  "Parent Relationship": "Outer",
                  "Parallel Aware": true,
                  "Relation Name": "movie_companies",
                  "Alias": "mc",
                  "Startup Cost": 0.0,
                  "Total Cost": 31414.82,
                  "Plan Rows": 330053,
                  "Plan Width": 0,
                  "Actual Startup Time": 36.477,
                  "Actual Total Time": 71.433,
                  "Actual Rows": 291376,
                  "Actual Loops": 4,
                  "Filter": "((company_id > 688) AND (company_type_id = 2))",
                  "Rows Removed by Filter": 360907
                }
              ]
            }
          ]
        }
      ]
    },
    "Planning Time": 0.225,
    "Triggers": [],
    "Execution Time": 93.733
  }
]