[
  {
    "Plan": {
      "Node Type": "Aggregate",
      "Strategy": "Plain",
      "Partial Mode": "Finalize",
      "Parallel Aware": false,
      "Startup Cost": 45331.42,
      "Total Cost": 45331.43,
      "Plan Rows": 1,
      "Plan Width": 8,
      "Actual Startup Time": 139.777,
      "Actual Total Time": 149.569,
      "Actual Rows": 1,
      "Actual Loops": 1,
      "Plans": [
        {
          "Node Type": "Gather",
          "Parent Relationship": "Outer",
          "Parallel Aware": false,
          "Startup Cost": 45331.11,
          "Total Cost": 45331.42,
          "Plan Rows": 3,
          "Plan Width": 8,
          "Actual Startup Time": 139.661,
          "Actual Total Time": 149.561,
          "Actual Rows": 4,
          "Actual Loops": 1,
          "Workers Planned": 3,
          "Workers Launched": 3,
          "Single Copy": false,
          "Plans": [
            {
              "Node Type": "Aggregate",
              "Strategy": "Plain",
              "Partial Mode": "Partial",
              "Parent Relationship": "Outer",
              "Parallel Aware": false,
              "Startup Cost": 44331.11,
              "Total Cost": 44331.12,
              "Plan Rows": 1,
              "Plan Width": 8,
              "Actual Startup Time": 134.31,
              "Actual Total Time": 134.311,
              "Actual Rows": 1,
              "Actual Loops": 4,
              "Plans": [
                {
                  "Node Type": "Seq Scan",
                  "Parent Relationship": "Outer",
                  "Parallel Aware": true,
                  "Relation Name": "movie_keyword",
                  "Alias": "mk",
                  "Startup Cost": 0.0,
                  "Total Cost": 42695.65,
                  "Plan Rows": 654181,
                  "Plan Width": 0,
                  "Actual Startup Time": 0.539,
                  "Actual Total Time": 110.942,
                  "Actual Rows": 506063,
                  "Actual Loops": 4,
                  "Filter": "(keyword_id > 6107)",
                  "Rows Removed by Filter": 624919
                }
              ]
            }
          ]
        }
      ]
    },
    "Planning Time": 0.117,
    "Triggers": [],
    "Execution Time": 149.606
  }
]