[
  {
    "Plan": {
      "Node Type": "Aggregate",
      "Strategy": "Plain",
      "Partial Mode": "Finalize",
      "Parallel Aware": false,
      "Startup Cost": 385743.49,
      "Total Cost": 385743.5,
      "Plan Rows": 1,
      "Plan Width": 8,
      "Actual Startup Time": 1306.874,
      "Actual Total Time": 1369.199,
      "Actual Rows": 1,
      "Actual Loops": 1,
      "Plans": [
        {
          "Node Type": "Gather",
          "Parent Relationship": "Outer",
          "Parallel Aware": false,
          "Startup Cost": 385742.87,
          "Total Cost": 385743.48,
          "Plan Rows": 6,
          "Plan Width": 8,
          "Actual Startup Time": 1300.433,
          "Actual Total Time": 1369.189,
          "Actual Rows": 7,
          "Actual Loops": 1,
          "Workers Planned": 6,
          "Workers Launched": 6,
          "Single Copy": false,
          "Plans": [
            {
              "Node Type": "Aggregate",
              "Strategy": "Plain",
              "Partial Mode": "Partial",
              "Parent Relationship": "Outer",
              "Parallel Aware": false,
              "Startup Cost": 384742.87,
              "Total Cost": 384742.88,
              "Plan Rows": 1,
              "Plan Width": 8,
              "Actual Startup Time": 1289.006,
              "Actual Total Time": 1289.009,
              "Actual Rows": 1,
              "Actual Loops": 7,
              "Plans": [
                {
                  "Node Type": "Hash Join",
                  "Parent Relationship": "Outer",
                  "Parallel Aware": true,
                  "Join Type": "Inner",
                  "Startup Cost": 48017.6,
                  "Total Cost": 382736.51,
                  "Plan Rows": 802542,
                  "Plan Width": 0,
                  "Actual Startup Time": 364.53,
                  "Actual Total Time": 1255.711,
                  "Actual Rows": 714233,
                  "Actual Loops": 7,
                  "Inner Unique": true,
                  "Hash Cond": "(ci.movie_id = t.id)",
                  "Plans": [
                    {
                      "Node Type": "Seq Scan",
                      "Parent Relationship": "Outer",
                      "Parallel Aware": true,
                      "Relation Name": "cast_info",
                      "Alias": "ci",
                      "Startup Cost": 0.0,
                      "Total Cost": 328162.03,
                      "Plan Rows": 2497859,
                      "Plan Width": 4,
                      "Actual Startup Time": 227.178,
                      "Actual Total Time": 586.539,
                      "Actual Rows": 2138026,
                      "Actual Loops": 7,
                      "Filter": "(person_id > 2153051)",
                      "Rows Removed by Filter": 3039737
                    },
                    {
                      "Node Type": "Hash",
                      "Parent Relationship": "Inner",
                      "Parallel Aware": true,
                      "Startup Cost": 45479.1,
                      "Total Cost": 45479.1,
                      "Plan Rows": 203080,
                      "Plan Width": 4,
                      "Actual Startup Time": 133.924,
                      "Actual Total Time": 133.925,
                      "Actual Rows": 102819,
                      "Actual Loops": 7,
                      "Hash Buckets": 1048576,
                      "Original Hash Buckets": 1048576,
                      "Hash Batches": 1,
                      "Original Hash Batches": 1,
                      "Peak Memory Usage": 36480,
                      "Plans": [
                        {
                          "Node Type": "Seq Scan",
                          "Parent Relationship": "Outer",
                          "Parallel Aware": true,
                          "Relation Name": "title",
                          "Alias": "t",
                          "Startup Cost": 0.0,
                          "Total Cost": 45479.1,
                          "Plan Rows": 203080,
                          "Plan Width": 4,
                          "Actual Startup Time": 0.045,
                          "Actual Total Time": 83.031,
                          "Actual Rows": 102819,
                          "Actual Loops": 7,
                          "Filter": "((kind_id < 7) AND (production_year > 1971))",
                          "Rows Removed by Filter": 258369
                        }
                      ]
                    }
                  ]
                }
              ]
            }
          ]
        }
      ]
    },
    "Planning Time": 0.644,
    "Triggers": [],
    "Execution Time": 1369.286
  }
]