[
  {
    "Plan": {
      "Node Type": "Aggregate",
      "Strategy": "Plain",
      "Partial Mode": "Finalize",
      "Parallel Aware": false,
      "Startup Cost": 30517.34,
      "Total Cost": 30517.35,
      "Plan Rows": 1,
      "Plan Width": 8,
      "Actual Startup Time": 72.83,
      "Actual Total Time": 77.465,
      "Actual Rows": 1,
      "Actual Loops": 1,
      "Plans": [
        {
          "Node Type": "Gather",
          "Parent Relationship": "Outer",
          "Parallel Aware": false,
          "Startup Cost": 30517.02,
          "Total Cost": 30517.33,
          "Plan Rows": 3,
          "Plan Width": 8,
          "Actual Startup Time": 72.569,
          "Actual Total Time": 77.458,
          "Actual Rows": 4,
          "Actual Loops": 1,
          "Workers Planned": 3,
          "Workers Launched": 3,
          "Single Copy": false,
          "Plans": [
            {
              "Node Type": "Aggregate",
              "Strategy": "Plain",
              "Partial Mode": "Partial",
              "Parent Relationship": "Outer",
              "Parallel Aware": false,
              "Startup Cost": 29517.02,
              "Total Cost": 29517.03,
              "Plan Rows": 1,
              "Plan Width": 8,
              "Actual Startup Time": 64.301,
              "Actual Total Time": 64.302,
              "Actual Rows": 1,
              "Actual Loops": 4,
              "Plans": [
                {
                  "Node Type": "Bitmap Heap Scan",
                  "Parent Relationship": "Outer",
                  "Parallel Aware": true,
                  "Relation Name": "movie_keyword",
                  "Alias": "mk",
                  "Startup Cost": 4122.63,
                  "Total Cost": 29360.29,
                  "Plan Rows": 62693,
                  "Plan Width": 0,
                  "Actual Startup Time": 9.115,
                  "Actual Total Time": 60.746,
                  "Actual Rows": 49661,
                  "Actual Loops": 4,
                  "Recheck Cond": "(keyword_id > 69035)",
                  "Rows Removed by Index Recheck": 0,
                  "Exact Heap Blocks": 10440,
                  "Lossy Heap Blocks": 0,
                  "Plans": [
                    {
                      "Node Type": "Bitmap Index Scan",
                      "Parent Relationship": "Outer",
                      "Parallel Aware": false,
                      "Index Name": "keyword_id_movie_keyword",
                      "Startup Cost": 0.0,
                      "Total Cost": 4074.04,
                      "Plan Rows": 194348,
                      "Plan Width": 0,
                      "Actual Startup Time": 13.688,
                      "Actual Total Time": 13.688,
                      "Actual Rows": 198645,
                      "Actual Loops": 1,
                      "Index Cond": "(keyword_id > 69035)"
                    }
                  ]
                }
              ]
            }
          ]
        }
      ]
    },
    "Planning Time": 0.053,
    "Triggers": [],
    "Execution Time": 77.495
  }
]