[
  {
    "Plan": {
      "Node Type": "Aggregate",
      "Strategy": "Plain",
      "Partial Mode": "Finalize",
      "Parallel Aware": false,
      "Startup Cost": 30694.2,
      "Total Cost": 30694.21,
      "Plan Rows": 1,
      "Plan Width": 8,
      "Actual Startup Time": 91.978,
      "Actual Total Time": 98.812,
      "Actual Rows": 1,
      "Actual Loops": 1,
      "Plans": [
        {
          "Node Type": "Gather",
          "Parent Relationship": "Outer",
          "Parallel Aware": false,
          "Startup Cost": 30693.88,
          "Total Cost": 30694.19,
          "Plan Rows": 3,
          "Plan Width": 8,
          "Actual Startup Time": 91.721,
          "Actual Total Time": 98.804,
          "Actual Rows": 4,
          "Actual Loops": 1,
          "Workers Planned": 3,
          "Workers Launched": 3,
          "Single Copy": false,
          "Plans": [
            {
              "Node Type": "Aggregate",
              "Strategy": "Plain",
              "Partial Mode": "Partial",
              "Parent Relationship": "Outer",
              "Parallel Aware": false,
              "Startup Cost": 29693.88,
              "Total Cost": 29693.89,
              "Plan Rows": 1,
              "Plan Width": 8,
              "Actual Startup Time": 85.212,
              "Actual Total Time": 85.213,
              "Actual Rows": 1,
              "Actual Loops": 4,
              "Plans": [
                {
                  "Node Type": "Bitmap Heap Scan",
                  "Parent Relationship": "Outer",
                  "Parallel Aware": true,
                  "Relation Name": "movie_keyword",
                  "Alias": "mk",
                  "Startup Cost": 4266.87,
                  "Total Cost": 29531.71,
                  "Plan Rows": 64867,
                  "Plan Width": 0,
                  "Actual Startup Time": 31.174,
                  "Actual Total Time": 81.845,
                  "Actual Rows": 49661,
                  "Actual Loops": 4,
                  "Recheck Cond": "(keyword_id > 69035)",
                  "Rows Removed by Index Recheck": 0,
                  "Exact Heap Blocks": 11390,
                  "Lossy Heap Blocks": 0,
                  "Plans": [
                    {
                      "Node Type": "Bitmap Index Scan",
                      "Parent Relationship": "Outer",
                      "Parallel Aware": false,
                      "Index Name": "keyword_id_movie_keyword",
                      "Startup Cost": 0.0,
                      "Total Cost": 4216.6,
                      "Plan Rows": 201089,
                      "Plan Width": 0,
                      "Actual Startup Time": 31.471,
                      "Actual Total Time": 31.471,
                      "Actual Rows": 198645,
                      "Actual Loops": 1,
                      "Index Cond": "(keyword_id > 69035)"
                    }
                  ]
                }
              ]
            }
          ]
        }
      ]
    },
    "Planning Time": 0.182,
    "Triggers": [],
    "Execution Time": 98.888
  }
]