[
  {
    "Plan": {
      "Node Type": "Aggregate",
      "Strategy": "Plain",
      "Partial Mode": "Finalize",
      "Parallel Aware": false,
      "Startup Cost": 31702.43,
      "Total Cost": 31702.44,
      "Plan Rows": 1,
      "Plan Width": 8,
      "Actual Startup Time": 112.603,
      "Actual Total Time": 120.478,
      "Actual Rows": 1,
      "Actual Loops": 1,
      "Plans": [
        {
          "Node Type": "Gather",
          "Parent Relationship": "Outer",
          "Parallel Aware": false,
          "Startup Cost": 31702.11,
          "Total Cost": 31702.42,
          "Plan Rows": 3,
          "Plan Width": 8,
          "Actual Startup Time": 112.473,
          "Actual Total Time": 120.47,
          "Actual Rows": 4,
          "Actual Loops": 1,
          "Workers Planned": 3,
          "Workers Launched": 3,
          "Single Copy": false,
          "Plans": [
            {
              "Node Type": "Aggregate",
              "Strategy": "Plain",
              "Partial Mode": "Partial",
              "Parent Relationship": "Outer",
              "Parallel Aware": false,
              "Startup Cost": 30702.11,
              "Total Cost": 30702.12,
              "Plan Rows": 1,
              "Plan Width": 8,
              "Actual Startup Time": 104.105,
              "Actual Total Time": 104.106,
              "Actual Rows": 1,
              "Actual Loops": 4,
              "Plans": [
                {
                  "Node Type": "Seq Scan",
                  "Parent Relationship": "Outer",
                  "Parallel Aware": true,
                  "Relation Name": "movie_companies",
                  "Alias": "mc",
                  "Startup Cost": 0.0,
                  "Total Cost": 29310.68,
                  "Plan Rows": 556573,
                  "Plan Width": 0,
                  "Actual Startup Time": 1.958,
                  "Actual Total Time": 84.956,
                  "Actual Rows": 432318,
                  "Actual Loops": 4,
                  "Filter": "(company_id > 2609)",
                  "Rows Removed by Filter": 219965
                }
              ]
            }
          ]
        }
      ]
    },
    "Planning Time": 0.169,
    "Triggers": [],
    "Execution Time": 120.551
  }
]