[
  {
    "Plan": {
      "Node Type": "Aggregate",
      "Strategy": "Plain",
      "Partial Mode": "Finalize",
      "Parallel Aware": false,
      "Startup Cost": 457194.74,
      "Total Cost": 457194.75,
      "Plan Rows": 1,
      "Plan Width": 8,
      "Actual Startup Time": 2549.917,
      "Actual Total Time": 2600.724,
      "Actual Rows": 1,
      "Actual Loops": 1,
      "Plans": [
        {
          "Node Type": "Gather",
          "Parent Relationship": "Outer",
          "Parallel Aware": false,
          "Startup Cost": 457194.11,
          "Total Cost": 457194.72,
          "Plan Rows": 6,
          "Plan Width": 8,
          "Actual Startup Time": 2535.233,
          "Actual Total Time": 2600.712,
          "Actual Rows": 7,
          "Actual Loops": 1,
          "Workers Planned": 6,
          "Workers Launched": 6,
          "Single Copy": false,
          "Plans": [
            {
              "Node Type": "Aggregate",
              "Strategy": "Plain",
              "Partial Mode": "Partial",
              "Parent Relationship": "Outer",
              "Parallel Aware": false,
              "Startup Cost": 456194.11,
              "Total Cost": 456194.12,
              "Plan Rows": 1,
              "Plan Width": 8,
              "Actual Startup Time": 2524.197,
              "Actual Total Time": 2524.56,
              "Actual Rows": 1,
              "Actual Loops": 7,
              "Plans": [
                {
                  "Node Type": "Hash Join",
                  "Parent Relationship": "Outer",
                  "Parallel Aware": true,
                  "Join Type": "Inner",
                  "Startup Cost": 97225.64,
                  "Total Cost": 449184.74,
                  "Plan Rows": 2803750,
                  "Plan Width": 0,
                  "Actual Startup Time": 530.295,
                  "Actual Total Time": 2205.005,
                  "Actual Rows": 7061753,
                  "Actual Loops": 7,
                  "Inner Unique": false,
                  "Hash Cond": "(ci.movie_id = t.id)",
                  "Plans": [
                    {
                      "Node Type": "Seq Scan",
                      "Parent Relationship": "Outer",
                      "Parallel Aware": true,
                      "Relation Name": "cast_info",
                      "Alias": "ci",
                      "Startup Cost": 0.0,
                      "Total Cost": 328211.39,
                      "Plan Rows": 3920895,
                      "Plan Width": 4,
                      "Actual Startup Time": 153.509,
                      "Actual Total Time": 638.092,
                      "Actual Rows": 3343018,
                      "Actual Loops": 7,
                      "Filter": "(person_id > 1267340)",
                      "Rows Removed by Filter": 1834745
                    },
                    {
                      "Node Type": "Hash",
                      "Parent Relationship": "Inner",
                      "Parallel Aware": true,
                      "Startup Cost": 89935.23,
                      "Total Cost": 89935.23,
                      "Plan Rows": 583233,
                      "Plan Width": 8,
                      "Actual Startup Time": 373.2,
                      "Actual Total Time": 373.562,
                      "Actual Rows": 179013,
                      "Actual Loops": 7,
                      "Hash Buckets": 2097152,
                      "Original Hash Buckets": 2097152,
                      "Hash Batches": 1,
                      "Original Hash Batches": 1,
                      "Peak Memory Usage": 65504,
                      "Plans": [
                        {
                          "Node Type": "Hash Join",
                          "Parent Relationship": "Outer",
                          "Parallel Aware": true,
                          "Join Type": "Inner",
                          "Startup Cost": 47057.15,
                          "Total Cost": 89935.23,
                          "Plan Rows": 583233,
                          "Plan Width": 8,
                          "Actual Startup Time": 160.53,
                          "Actual Total Time": 311.366,
                          "Actual Rows": 179013,
                          "Actual Loops": 7,
                          "Inner Unique": true,
                          "Hash Cond": "(mk.movie_id = t.id)",
                          "Plans": [
                            {
                              "Node Type": "Seq Scan",
                              "Parent Relationship": "Outer",
                              "Parallel Aware": true,
                              "Relation Name": "movie_keyword",
                              "Alias": "mk",
                              "Startup Cost": 0.0,
                              "Total Cost": 39047.32,
                              "Plan Rows": 1459332,
                              "Plan Width": 4,
                              "Actual Startup Time": 0.034,
                              "Actual Total Time": 60.538,
                              "Actual Rows": 646276,
                              "Actual Loops": 7
                            },
                            {
                              "Node Type": "Hash",
                              "Parent Relationship": "Inner",
                              "Parallel Aware": true,
                              "Startup Cost": 43899.32,
                              "Total Cost": 43899.32,
                              "Plan Rows": 252626,
                              "Plan Width": 4,
                              "Actual Startup Time": 159.099,
                              "Actual Total Time": 159.101,
                              "Actual Rows": 144703,
                              "Actual Loops": 7,
                              "Hash Buckets": 1048576,
                              "Original Hash Buckets": 1048576,
                              "Hash Batches": 1,
                              "Original Hash Batches": 1,
                              "Peak Memory Usage": 47904,
                              "Plans": [
                                {
                                  "Node Type": "Seq Scan",
                                  "Parent Relationship": "Outer",
                                  "Parallel Aware": true,
                                  "Relation Name": "title",
                                  "Alias": "t",
                                  "Startup Cost": 0.0,
                                  "Total Cost": 43899.32,
                                  "Plan Rows": 252626,
                                  "Plan Width": 4,
                                  "Actual Startup Time": 0.058,
                                  "Actual Total Time": 85.706,
                                  "Actual Rows": 144703,
                                  "Actual Loops": 7,
                                  "Filter": "(production_year > 2005)",
                                  "Rows Removed by Filter": 216485
                                }
                              ]
                            }
                          ]
                        }
                      ]
                    }
                  ]
                }
              ]
            }
          ]
        }
      ]
    },
    "Planning Time": 0.674,
    "Triggers": [],
    "Execution Time": 2600.79
  }
]