[
  {
    "Plan": {
      "Node Type": "Aggregate",
      "Strategy": "Plain",
      "Partial Mode": "Finalize",
      "Parallel Aware": false,
      "Startup Cost": 68703.55,
      "Total Cost": 68703.56,
      "Plan Rows": 1,
      "Plan Width": 8,
      "Actual Startup Time": 206.355,
      "Actual Total Time": 220.706,
      "Actual Rows": 1,
      "Actual Loops": 1,
      "Plans": [
        {
          "Node Type": "Gather",
          "Parent Relationship": "Outer",
          "Parallel Aware": false,
          "Startup Cost": 68703.13,
          "Total Cost": 68703.54,
          "Plan Rows": 4,
          "Plan Width": 8,
          "Actual Startup Time": 205.625,
          "Actual Total Time": 220.697,
          "Actual Rows": 5,
          "Actual Loops": 1,
          "Workers Planned": 4,
          "Workers Launched": 4,
          "Single Copy": false,
          "Plans": [
            {
              "Node Type": "Aggregate",
              "Strategy": "Plain",
              "Partial Mode": "Partial",
              "Parent Relationship": "Outer",
              "Parallel Aware": false,
              "Startup Cost": 67703.13,
              "Total Cost": 67703.14,
              "Plan Rows": 1,
              "Plan Width": 8,
              "Actual Startup Time": 195.502,
              "Actual Total Time": 195.506,
              "Actual Rows": 1,
              "Actual Loops": 5,
              "Plans": [
                {
                  "Node Type": "Hash Join",
                  "Parent Relationship": "Outer",
                  "Parallel Aware": true,
                  "Join Type": "Inner",
                  "Startup Cost": 22138.5,
                  "Total Cost": 67665.79,
                  "Plan Rows": 14939,
                  "Plan Width": 0,
                  "Actual Startup Time": 148.136,
                  "Actual Total Time": 194.433,
                  "Actual Rows": 22589,
                  "Actual Loops": 5,
                  "Inner Unique": false,
                  "Hash Cond": "(t.id = mc.movie_id)",
                  "Plans": [
                    {
                      "Node Type": "Seq Scan",
                      "Parent Relationship": "Outer",
                      "Parallel Aware": true,
                      "Relation Name": "title",
                      "Alias": "t",
                      "Startup Cost": 0.0,
                      "Total Cost": 42318.73,
                      "Plan Rows": 632073,
                      "Plan Width": 4,
                      "Actual Startup Time": 0.012,
                      "Actual Total Time": 69.544,
                      "Actual Rows": 505662,
                      "Actual Loops": 5
                    },
                    {
                      "Node Type": "Hash",
                      "Parent Relationship": "Inner",
                      "Parallel Aware": true,
                      "Startup Cost": 21897.55,
                      "Total Cost": 21897.55,
                      "Plan Rows": 19276,
                      "Plan Width": 4,
                      "Actual Startup Time": 45.868,
                      "Actual Total Time": 45.869,
                      "Actual Rows": 22589,
                      "Actual Loops": 5,
                      "Hash Buckets": 131072,
                      "Original Hash Buckets": 65536,
                      "Hash Batches": 1,
                      "Original Hash Batches": 1,
                      "Peak Memory Usage": 6016,
                      "Plans": [
                        {
                          "Node Type": "Bitmap Heap Scan",
                          "Parent Relationship": "Outer",
                          "Parallel Aware": true,
                          "Relation Name": "movie_companies",
                          "Alias": "mc",
                          "Startup Cost": 2538.07,
                          "Total Cost": 21897.55,
                          "Plan Rows": 19276,
                          "Plan Width": 4,
                          "Actual Startup Time": 9.458,
                          "Actual Total Time": 30.57,
                          "Actual Rows": 22589,
                          "Actual Loops": 5,
                          "Recheck Cond": "(company_id > 150259)",
                          "Rows Removed by Index Recheck": 0,
                          "Filter": "(company_type_id > 1)",
                          "Rows Removed by Filter": 0,
                          "Exact Heap Blocks": 1281,
                          "Lossy Heap Blocks": 0,
                          "Plans": [
                            {
                              "Node Type": "Bitmap Index Scan",
                              "Parent Relationship": "Outer",
                              "Parallel Aware": false,
                              "Index Name": "company_id_movie_companies",
                              "Startup Cost": 0.0,
                              "Total Cost": 2523.13,
                              "Plan Rows": 117693,
                              "Plan Width": 0,
                              "Actual Startup Time": 13.807,
                              "Actual Total Time": 13.808,
                              "Actual Rows": 112946,
                              "Actual Loops": 1,
                              "Index Cond": "(company_id > 150259)"
                            }
                          ]
                        }
                      ]
                    }
                  ]
                }
              ]
            }
          ]
        }
      ]
    },
    "Planning Time": 0.683,
    "Triggers": [],
    "Execution Time": 220.803
  }
]