[
  {
    "Plan": {
      "Node Type": "Aggregate",
      "Strategy": "Plain",
      "Partial Mode": "Finalize",
      "Parallel Aware": false,
      "Startup Cost": 339533.95,
      "Total Cost": 339533.96,
      "Plan Rows": 1,
      "Plan Width": 8,
      "Actual Startup Time": 368.987,
      "Actual Total Time": 391.721,
      "Actual Rows": 1,
      "Actual Loops": 1,
      "Plans": [
        {
          "Node Type": "Gather",
          "Parent Relationship": "Outer",
          "Parallel Aware": false,
          "Startup Cost": 339533.33,
          "Total Cost": 339533.94,
          "Plan Rows": 6,
          "Plan Width": 8,
          "Actual Startup Time": 368.852,
          "Actual Total Time": 391.711,
          "Actual Rows": 7,
          "Actual Loops": 1,
          "Workers Planned": 6,
          "Workers Launched": 6,
          "Single Copy": false,
          "Plans": [
            {
              "Node Type": "Aggregate",
              "Strategy": "Plain",
              "Partial Mode": "Partial",
              "Parent Relationship": "Outer",
              "Parallel Aware": false,
              "Startup Cost": 338533.33,
              "Total Cost": 338533.34,
              "Plan Rows": 1,
              "Plan Width": 8,
              "Actual Startup Time": 358.474,
              "Actual Total Time": 358.475,
              "Actual Rows": 1,
              "Actual Loops": 7,
              "Plans": [
                {
                  "Node Type": "Index Scan",
                  "Parent Relationship": "Outer",
                  "Parallel Aware": true,
                  "Scan Direction": "Forward",
                  "Index Name": "role_id_cast_info",
                  "Relation Name": "cast_info",
                  "Alias": "ci",
                  "Startup Cost": 0.56,
                  "Total Cost": 335235.55,
                  "Plan Rows": 1319112,
                  "Plan Width": 0,
                  "Actual Startup Time": 257.669,
                  "Actual Total Time": 340.736,
                  "Actual Rows": 440786,
                  "Actual Loops": 7,
                  "Index Cond": "(role_id = 1)",
                  "Rows Removed by Index Recheck": 0,
                  "Filter": "(person_id > 1307112)",
                  "Rows Removed by Filter": 1369312
                }
              ]
            }
          ]
        }
      ]
    },
    "Planning Time": 0.208,
    "Triggers": [],
    "Execution Time": 391.781
  }
]