[
    {
        "Bao": {
            "Bao prediction": 1064.087,
            "Bao recommended hint": "(no hint)"
        }
    },
    {
        "Plan": {
            "Node Type": "Aggregate",
            "Strategy": "Plain",
            "Partial Mode": "Finalize",
            "Parallel Aware": false,
            "Startup Cost": 20138.29,
            "Total Cost": 20138.3,
            "Plan Rows": 1,
            "Plan Width": 96,
            "Actual Startup Time": 819.316,
            "Actual Total Time": 849.84,
            "Actual Rows": 1,
            "Actual Loops": 1,
            "Output": [
                "min(mi.info)",
                "min(miidx.info)",
                "min(t.title)"
            ],
            "Plans": [
                {
                    "Node Type": "Gather",
                    "Parent Relationship": "Outer",
                    "Parallel Aware": false,
                    "Startup Cost": 20138.06,
                    "Total Cost": 20138.27,
                    "Plan Rows": 2,
                    "Plan Width": 96,
                    "Actual Startup Time": 819.022,
                    "Actual Total Time": 849.824,
                    "Actual Rows": 3,
                    "Actual Loops": 1,
                    "Output": [
                        "(PARTIAL min(mi.info))",
                        "(PARTIAL min(miidx.info))",
                        "(PARTIAL min(t.title))"
                    ],
                    "Workers Planned": 2,
                    "Workers Launched": 2,
                    "Single Copy": false,
                    "Plans": [
                        {
                            "Node Type": "Aggregate",
                            "Strategy": "Plain",
                            "Partial Mode": "Partial",
                            "Parent Relationship": "Outer",
                            "Parallel Aware": false,
                            "Startup Cost": 19138.06,
                            "Total Cost": 19138.07,
                            "Plan Rows": 1,
                            "Plan Width": 96,
                            "Actual Startup Time": 807.847,
                            "Actual Total Time": 807.858,
                            "Actual Rows": 1,
                            "Actual Loops": 3,
                            "Output": [
                                "PARTIAL min(mi.info)",
                                "PARTIAL min(miidx.info)",
                                "PARTIAL min(t.title)"
                            ],
                            "Workers": [
                                {
                                    "Worker Number": 0,
                                    "Actual Startup Time": 802.953,
                                    "Actual Total Time": 802.966,
                                    "Actual Rows": 1,
                                    "Actual Loops": 1
                                },
                                {
                                    "Worker Number": 1,
                                    "Actual Startup Time": 803.492,
                                    "Actual Total Time": 803.502,
                                    "Actual Rows": 1,
                                    "Actual Loops": 1
                                }
                            ],
                            "Plans": [
                                {
                                    "Node Type": "Hash Join",
                                    "Parent Relationship": "Outer",
                                    "Parallel Aware": false,
                                    "Join Type": "Inner",
                                    "Startup Cost": 8.73,
                                    "Total Cost": 19138.02,
                                    "Plan Rows": 5,
                                    "Plan Width": 65,
                                    "Actual Startup Time": 34.1,
                                    "Actual Total Time": 807.628,
                                    "Actual Rows": 1138,
                                    "Actual Loops": 3,
                                    "Output": [
                                        "mi.info",
                                        "miidx.info",
                                        "t.title"
                                    ],
                                    "Inner Unique": true,
                                    "Hash Cond": "(mi.info_type_id = it2.id)",
                                    "Workers": [
                                        {
                                            "Worker Number": 0,
                                            "Actual Startup Time": 33.965,
                                            "Actual Total Time": 802.673,
                                            "Actual Rows": 1118,
                                            "Actual Loops": 1
                                        },
                                        {
                                            "Worker Number": 1,
                                            "Actual Startup Time": 27.981,
                                            "Actual Total Time": 803.334,
                                            "Actual Rows": 1052,
                                            "Actual Loops": 1
                                        }
                                    ],
                                    "Plans": [
                                        {
                                            "Node Type": "Nested Loop",
                                            "Parent Relationship": "Outer",
                                            "Parallel Aware": false,
                                            "Join Type": "Inner",
                                            "Startup Cost": 6.3,
                                            "Total Cost": 19133.97,
                                            "Plan Rows": 599,
                                            "Plan Width": 69,
                                            "Actual Startup Time": 33.655,
                                            "Actual Total Time": 806.722,
                                            "Actual Rows": 3359,
                                            "Actual Loops": 3,
                                            "Output": [
                                                "mi.info",
                                                "mi.info_type_id",
                                                "miidx.info",
                                                "t.title"
                                            ],
                                            "Inner Unique": false,
                                            "Workers": [
                                                {
                                                    "Worker Number": 0,
                                                    "Actual Startup Time": 33.456,
                                                    "Actual Total Time": 801.48,
                                                    "Actual Rows": 3745,
                                                    "Actual Loops": 1
                                                },
                                                {
                                                    "Worker Number": 1,
                                                    "Actual Startup Time": 27.478,
                                                    "Actual Total Time": 802.453,
                                                    "Actual Rows": 3100,
                                                    "Actual Loops": 1
                                                }
                                            ],
                                            "Plans": [
                                                {
                                                    "Node Type": "Nested Loop",
                                                    "Parent Relationship": "Outer",
                                                    "Parallel Aware": false,
                                                    "Join Type": "Inner",
                                                    "Startup Cost": 5.87,
                                                    "Total Cost": 19099.69,
                                                    "Plan Rows": 18,
                                                    "Plan Width": 34,
                                                    "Actual Startup Time": 33.556,
                                                    "Actual Total Time": 800.468,
                                                    "Actual Rows": 461,
                                                    "Actual Loops": 3,
                                                    "Output": [
                                                        "mc.movie_id",
                                                        "miidx.info",
                                                        "miidx.movie_id",
                                                        "t.title",
                                                        "t.id"
                                                    ],
                                                    "Inner Unique": true,
                                                    "Workers": [
                                                        {
                                                            "Worker Number": 0,
                                                            "Actual Startup Time": 33.339,
                                                            "Actual Total Time": 794.222,
                                                            "Actual Rows": 529,
                                                            "Actual Loops": 1
                                                        },
                                                        {
                                                            "Worker Number": 1,
                                                            "Actual Startup Time": 27.371,
                                                            "Actual Total Time": 796.914,
                                                            "Actual Rows": 389,
                                                            "Actual Loops": 1
                                                        }
                                                    ],
                                                    "Plans": [
                                                        {
                                                            "Node Type": "Hash Join",
                                                            "Parent Relationship": "Outer",
                                                            "Parallel Aware": false,
                                                            "Join Type": "Inner",
                                                            "Startup Cost": 5.45,
                                                            "Total Cost": 18683.62,
                                                            "Plan Rows": 933,
                                                            "Plan Width": 38,
                                                            "Actual Startup Time": 1.23,
                                                            "Actual Total Time": 702.196,
                                                            "Actual Rows": 47995,
                                                            "Actual Loops": 3,
                                                            "Output": [
                                                                "mc.movie_id",
                                                                "mc.company_id",
                                                                "miidx.info",
                                                                "miidx.movie_id",
                                                                "t.title",
                                                                "t.id"
                                                            ],
                                                            "Inner Unique": true,
                                                            "Hash Cond": "(mc.company_type_id = ct.id)",
                                                            "Workers": [
                                                                {
                                                                    "Worker Number": 0,
                                                                    "Actual Startup Time": 1.064,
                                                                    "Actual Total Time": 693.28,
                                                                    "Actual Rows": 35859,
                                                                    "Actual Loops": 1
                                                                },
                                                                {
                                                                    "Worker Number": 1,
                                                                    "Actual Startup Time": 1.84,
                                                                    "Actual Total Time": 701.474,
                                                                    "Actual Rows": 53760,
                                                                    "Actual Loops": 1
                                                                }
                                                            ],
                                                            "Plans": [
                                                                {
                                                                    "Node Type": "Nested Loop",
                                                                    "Parent Relationship": "Outer",
                                                                    "Parallel Aware": false,
                                                                    "Join Type": "Inner",
                                                                    "Startup Cost": 4.39,
                                                                    "Total Cost": 18662.39,
                                                                    "Plan Rows": 3731,
                                                                    "Plan Width": 42,
                                                                    "Actual Startup Time": 1.027,
                                                                    "Actual Total Time": 687.639,
                                                                    "Actual Rows": 98964,
                                                                    "Actual Loops": 3,
                                                                    "Output": [
                                                                        "miidx.info",
                                                                        "miidx.movie_id",
                                                                        "mc.movie_id",
                                                                        "mc.company_id",
                                                                        "mc.company_type_id",
                                                                        "t.title",
                                                                        "t.id"
                                                                    ],
                                                                    "Inner Unique": false,
                                                                    "Workers": [
                                                                        {
                                                                            "Worker Number": 0,
                                                                            "Actual Startup Time": 0.821,
                                                                            "Actual Total Time": 678.508,
                                                                            "Actual Rows": 73333,
                                                                            "Actual Loops": 1
                                                                        },
                                                                        {
                                                                            "Worker Number": 1,
                                                                            "Actual Startup Time": 1.646,
                                                                            "Actual Total Time": 687.287,
                                                                            "Actual Rows": 111559,
                                                                            "Actual Loops": 1
                                                                        }
                                                                    ],
                                                                    "Plans": [
                                                                        {
                                                                            "Node Type": "Hash Join",
                                                                            "Parent Relationship": "Outer",
                                                                            "Parallel Aware": false,
                                                                            "Join Type": "Inner",
                                                                            "Startup Cost": 3.96,
                                                                            "Total Cost": 18217.25,
                                                                            "Plan Rows": 727,
                                                                            "Plan Width": 30,
                                                                            "Actual Startup Time": 0.612,
                                                                            "Actual Total Time": 543.542,
                                                                            "Actual Rows": 47302,
                                                                            "Actual Loops": 3,
                                                                            "Output": [
                                                                                "miidx.info",
                                                                                "miidx.movie_id",
                                                                                "t.title",
                                                                                "t.id"
                                                                            ],
                                                                            "Inner Unique": true,
                                                                            "Hash Cond": "(t.kind_id = kt.id)",
                                                                            "Workers": [
                                                                                {
                                                                                    "Worker Number": 0,
                                                                                    "Actual Startup Time": 0.563,
                                                                                    "Actual Total Time": 536.897,
                                                                                    "Actual Rows": 33002,
                                                                                    "Actual Loops": 1
                                                                                },
                                                                                {
                                                                                    "Worker Number": 1,
                                                                                    "Actual Startup Time": 0.707,
                                                                                    "Actual Total Time": 543.319,
                                                                                    "Actual Rows": 54447,
                                                                                    "Actual Loops": 1
                                                                                }
                                                                            ],
                                                                            "Plans": [
                                                                                {
                                                                                    "Node Type": "Nested Loop",
                                                                                    "Parent Relationship": "Outer",
                                                                                    "Parallel Aware": false,
                                                                                    "Join Type": "Inner",
                                                                                    "Startup Cost": 2.86,
                                                                                    "Total Cost": 18194.71,
                                                                                    "Plan Rows": 5089,
                                                                                    "Plan Width": 34,
                                                                                    "Actual Startup Time": 0.365,
                                                                                    "Actual Total Time": 524.618,
                                                                                    "Actual Rows": 153308,
                                                                                    "Actual Loops": 3,
                                                                                    "Output": [
                                                                                        "miidx.info",
                                                                                        "miidx.movie_id",
                                                                                        "t.title",
                                                                                        "t.id",
                                                                                        "t.kind_id"
                                                                                    ],
                                                                                    "Inner Unique": true,
                                                                                    "Workers": [
                                                                                        {
                                                                                            "Worker Number": 0,
                                                                                            "Actual Startup Time": 0.443,
                                                                                            "Actual Total Time": 517.398,
                                                                                            "Actual Rows": 112764,
                                                                                            "Actual Loops": 1
                                                                                        },
                                                                                        {
                                                                                            "Worker Number": 1,
                                                                                            "Actual Startup Time": 0.421,
                                                                                            "Actual Total Time": 524.914,
                                                                                            "Actual Rows": 172955,
                                                                                            "Actual Loops": 1
                                                                                        }
                                                                                    ],
                                                                                    "Plans": [
                                                                                        {
                                                                                            "Node Type": "Hash Join",
                                                                                            "Parent Relationship": "Outer",
                                                                                            "Parallel Aware": false,
                                                                                            "Join Type": "Inner",
                                                                                            "Startup Cost": 2.43,
                                                                                            "Total Cost": 15253.6,
                                                                                            "Plan Rows": 5089,
                                                                                            "Plan Width": 9,
                                                                                            "Actual Startup Time": 0.176,
                                                                                            "Actual Total Time": 107.005,
                                                                                            "Actual Rows": 153308,
                                                                                            "Actual Loops": 3,
                                                                                            "Output": [
                                                                                                "miidx.info",
                                                                                                "miidx.movie_id"
                                                                                            ],
                                                                                            "Inner Unique": true,
                                                                                            "Hash Cond": "(miidx.info_type_id = it.id)",
                                                                                            "Workers": [
                                                                                                {
                                                                                                    "Worker Number": 0,
                                                                                                    "Actual Startup Time": 0.201,
                                                                                                    "Actual Total Time": 108.247,
                                                                                                    "Actual Rows": 112764,
                                                                                                    "Actual Loops": 1
                                                                                                },
                                                                                                {
                                                                                                    "Worker Number": 1,
                                                                                                    "Actual Startup Time": 0.191,
                                                                                                    "Actual Total Time": 105.591,
                                                                                                    "Actual Rows": 172955,
                                                                                                    "Actual Loops": 1
                                                                                                }
                                                                                            ],
                                                                                            "Plans": [
                                                                                                {
                                                                                                    "Node Type": "Seq Scan",
                                                                                                    "Parent Relationship": "Outer",
                                                                                                    "Parallel Aware": true,
                                                                                                    "Relation Name": "movie_info_idx",
                                                                                                    "Schema": "public",
                                                                                                    "Alias": "miidx",
                                                                                                    "Startup Cost": 0.0,
                                                                                                    "Total Cost": 13685.15,
                                                                                                    "Plan Rows": 575015,
                                                                                                    "Plan Width": 13,
                                                                                                    "Actual Startup Time": 0.051,
                                                                                                    "Actual Total Time": 45.592,
                                                                                                    "Actual Rows": 460012,
                                                                                                    "Actual Loops": 3,
                                                                                                    "Output": [
                                                                                                        "miidx.id",
                                                                                                        "miidx.movie_id",
                                                                                                        "miidx.info_type_id",
                                                                                                        "miidx.info",
                                                                                                        "miidx.note"
                                                                                                    ],
                                                                                                    "Workers": [
                                                                                                        {
                                                                                                            "Worker Number": 0,
                                                                                                            "Actual Startup Time": 0.074,
                                                                                                            "Actual Total Time": 46.044,
                                                                                                            "Actual Rows": 338293,
                                                                                                            "Actual Loops": 1
                                                                                                        },
                                                                                                        {
                                                                                                            "Worker Number": 1,
                                                                                                            "Actual Startup Time": 0.065,
                                                                                                            "Actual Total Time": 45.518,
                                                                                                            "Actual Rows": 518979,
                                                                                                            "Actual Loops": 1
                                                                                                        }
                                                                                                    ]
                                                                                                },
                                                                                                {
                                                                                                    "Node Type": "Hash",
                                                                                                    "Parent Relationship": "Inner",
                                                                                                    "Parallel Aware": false,
                                                                                                    "Startup Cost": 2.41,
                                                                                                    "Total Cost": 2.41,
                                                                                                    "Plan Rows": 1,
                                                                                                    "Plan Width": 4,
                                                                                                    "Actual Startup Time": 0.05,
                                                                                                    "Actual Total Time": 0.051,
                                                                                                    "Actual Rows": 1,
                                                                                                    "Actual Loops": 3,
                                                                                                    "Output": [
                                                                                                        "it.id"
                                                                                                    ],
                                                                                                    "Hash Buckets": 1024,
                                                                                                    "Original Hash Buckets": 1024,
                                                                                                    "Hash Batches": 1,
                                                                                                    "Original Hash Batches": 1,
                                                                                                    "Peak Memory Usage": 9,
                                                                                                    "Workers": [
                                                                                                        {
                                                                                                            "Worker Number": 0,
                                                                                                            "Actual Startup Time": 0.051,
                                                                                                            "Actual Total Time": 0.052,
                                                                                                            "Actual Rows": 1,
                                                                                                            "Actual Loops": 1
                                                                                                        },
                                                                                                        {
                                                                                                            "Worker Number": 1,
                                                                                                            "Actual Startup Time": 0.05,
                                                                                                            "Actual Total Time": 0.051,
                                                                                                            "Actual Rows": 1,
                                                                                                            "Actual Loops": 1
                                                                                                        }
                                                                                                    ],
                                                                                                    "Plans": [
                                                                                                        {
                                                                                                            "Node Type": "Seq Scan",
                                                                                                            "Parent Relationship": "Outer",
                                                                                                            "Parallel Aware": false,
                                                                                                            "Relation Name": "info_type",
                                                                                                            "Schema": "public",
                                                                                                            "Alias": "it",
                                                                                                            "Startup Cost": 0.0,
                                                                                                            "Total Cost": 2.41,
                                                                                                            "Plan Rows": 1,
                                                                                                            "Plan Width": 4,
                                                                                                            "Actual Startup Time": 0.034,
                                                                                                            "Actual Total Time": 0.039,
                                                                                                            "Actual Rows": 1,
                                                                                                            "Actual Loops": 3,
                                                                                                            "Output": [
                                                                                                                "it.id"
                                                                                                            ],
                                                                                                            "Filter": "((it.info)::text = 'rating'::text)",
                                                                                                            "Rows Removed by Filter": 112,
                                                                                                            "Workers": [
                                                                                                                {
                                                                                                                    "Worker Number": 0,
                                                                                                                    "Actual Startup Time": 0.034,
                                                                                                                    "Actual Total Time": 0.039,
                                                                                                                    "Actual Rows": 1,
                                                                                                                    "Actual Loops": 1
                                                                                                                },
                                                                                                                {
                                                                                                                    "Worker Number": 1,
                                                                                                                    "Actual Startup Time": 0.034,
                                                                                                                    "Actual Total Time": 0.039,
                                                                                                                    "Actual Rows": 1,
                                                                                                                    "Actual Loops": 1
                                                                                                                }
                                                                                                            ]
                                                                                                        }
                                                                                                    ]
                                                                                                }
                                                                                            ]
                                                                                        },
                                                                                        {
                                                                                            "Node Type": "Index Scan",
                                                                                            "Parent Relationship": "Inner",
                                                                                            "Parallel Aware": false,
                                                                                            "Scan Direction": "Forward",
                                                                                            "Index Name": "title_pkey",
                                                                                            "Relation Name": "title",
                                                                                            "Schema": "public",
                                                                                            "Alias": "t",
                                                                                            "Startup Cost": 0.43,
                                                                                            "Total Cost": 0.58,
                                                                                            "Plan Rows": 1,
                                                                                            "Plan Width": 25,
                                                                                            "Actual Startup Time": 0.002,
                                                                                            "Actual Total Time": 0.002,
                                                                                            "Actual Rows": 1,
                                                                                            "Actual Loops": 459925,
                                                                                            "Output": [
                                                                                                "t.id",
                                                                                                "t.title",
                                                                                                "t.imdb_index",
                                                                                                "t.kind_id",
                                                                                                "t.production_year",
                                                                                                "t.imdb_id",
                                                                                                "t.phonetic_code",
                                                                                                "t.episode_of_id",
                                                                                                "t.season_nr",
                                                                                                "t.episode_nr",
                                                                                                "t.series_years",
                                                                                                "t.md5sum"
                                                                                            ],
                                                                                            "Index Cond": "(t.id = miidx.movie_id)",
                                                                                            "Rows Removed by Index Recheck": 0,
                                                                                            "Workers": [
                                                                                                {
                                                                                                    "Worker Number": 0,
                                                                                                    "Actual Startup Time": 0.003,
                                                                                                    "Actual Total Time": 0.003,
                                                                                                    "Actual Rows": 1,
                                                                                                    "Actual Loops": 112764
                                                                                                },
                                                                                                {
                                                                                                    "Worker Number": 1,
                                                                                                    "Actual Startup Time": 0.002,
                                                                                                    "Actual Total Time": 0.002,
                                                                                                    "Actual Rows": 1,
                                                                                                    "Actual Loops": 172955
                                                                                                }
                                                                                            ]
                                                                                        }
                                                                                    ]
                                                                                },
                                                                                {
                                                                                    "Node Type": "Hash",
                                                                                    "Parent Relationship": "Inner",
                                                                                    "Parallel Aware": false,
                                                                                    "Startup Cost": 1.09,
                                                                                    "Total Cost": 1.09,
                                                                                    "Plan Rows": 1,
                                                                                    "Plan Width": 4,
                                                                                    "Actual Startup Time": 0.053,
                                                                                    "Actual Total Time": 0.053,
                                                                                    "Actual Rows": 1,
                                                                                    "Actual Loops": 3,
                                                                                    "Output": [
                                                                                        "kt.id"
                                                                                    ],
                                                                                    "Hash Buckets": 1024,
                                                                                    "Original Hash Buckets": 1024,
                                                                                    "Hash Batches": 1,
                                                                                    "Original Hash Batches": 1,
                                                                                    "Peak Memory Usage": 9,
                                                                                    "Workers": [
                                                                                        {
                                                                                            "Worker Number": 0,
                                                                                            "Actual Startup Time": 0.066,
                                                                                            "Actual Total Time": 0.066,
                                                                                            "Actual Rows": 1,
                                                                                            "Actual Loops": 1
                                                                                        },
                                                                                        {
                                                                                            "Worker Number": 1,
                                                                                            "Actual Startup Time": 0.063,
                                                                                            "Actual Total Time": 0.063,
                                                                                            "Actual Rows": 1,
                                                                                            "Actual Loops": 1
                                                                                        }
                                                                                    ],
                                                                                    "Plans": [
                                                                                        {
                                                                                            "Node Type": "Seq Scan",
                                                                                            "Parent Relationship": "Outer",
                                                                                            "Parallel Aware": false,
                                                                                            "Relation Name": "kind_type",
                                                                                            "Schema": "public",
                                                                                            "Alias": "kt",
                                                                                            "Startup Cost": 0.0,
                                                                                            "Total Cost": 1.09,
                                                                                            "Plan Rows": 1,
                                                                                            "Plan Width": 4,
                                                                                            "Actual Startup Time": 0.039,
                                                                                            "Actual Total Time": 0.041,
                                                                                            "Actual Rows": 1,
                                                                                            "Actual Loops": 3,
                                                                                            "Output": [
                                                                                                "kt.id"
                                                                                            ],
                                                                                            "Filter": "((kt.kind)::text = 'episode'::text)",
                                                                                            "Rows Removed by Filter": 6,
                                                                                            "Workers": [
                                                                                                {
                                                                                                    "Worker Number": 0,
                                                                                                    "Actual Startup Time": 0.052,
                                                                                                    "Actual Total Time": 0.053,
                                                                                                    "Actual Rows": 1,
                                                                                                    "Actual Loops": 1
                                                                                                },
                                                                                                {
                                                                                                    "Worker Number": 1,
                                                                                                    "Actual Startup Time": 0.049,
                                                                                                    "Actual Total Time": 0.05,
                                                                                                    "Actual Rows": 1,
                                                                                                    "Actual Loops": 1
                                                                                                }
                                                                                            ]
                                                                                        }
                                                                                    ]
                                                                                }
                                                                            ]
                                                                        },
                                                                        {
                                                                            "Node Type": "Index Scan",
                                                                            "Parent Relationship": "Inner",
                                                                            "Parallel Aware": false,
                                                                            "Scan Direction": "Forward",
                                                                            "Index Name": "movie_id_movie_companies",
                                                                            "Relation Name": "movie_companies",
                                                                            "Schema": "public",
                                                                            "Alias": "mc",
                                                                            "Startup Cost": 0.43,
                                                                            "Total Cost": 0.56,
                                                                            "Plan Rows": 5,
                                                                            "Plan Width": 12,
                                                                            "Actual Startup Time": 0.002,
                                                                            "Actual Total Time": 0.003,
                                                                            "Actual Rows": 2,
                                                                            "Actual Loops": 141906,
                                                                            "Output": [
                                                                                "mc.id",
                                                                                "mc.movie_id",
                                                                                "mc.company_id",
                                                                                "mc.company_type_id",
                                                                                "mc.note"
                                                                            ],
                                                                            "Index Cond": "(mc.movie_id = t.id)",
                                                                            "Rows Removed by Index Recheck": 0,
                                                                            "Workers": [
                                                                                {
                                                                                    "Worker Number": 0,
                                                                                    "Actual Startup Time": 0.003,
                                                                                    "Actual Total Time": 0.004,
                                                                                    "Actual Rows": 2,
                                                                                    "Actual Loops": 33002
                                                                                },
                                                                                {
                                                                                    "Worker Number": 1,
                                                                                    "Actual Startup Time": 0.002,
                                                                                    "Actual Total Time": 0.002,
                                                                                    "Actual Rows": 2,
                                                                                    "Actual Loops": 54447
                                                                                }
                                                                            ]
                                                                        }
                                                                    ]
                                                                },
                                                                {
                                                                    "Node Type": "Hash",
                                                                    "Parent Relationship": "Inner",
                                                                    "Parallel Aware": false,
                                                                    "Startup Cost": 1.05,
                                                                    "Total Cost": 1.05,
                                                                    "Plan Rows": 1,
                                                                    "Plan Width": 4,
                                                                    "Actual Startup Time": 0.055,
                                                                    "Actual Total Time": 0.056,
                                                                    "Actual Rows": 1,
                                                                    "Actual Loops": 3,
                                                                    "Output": [
                                                                        "ct.id"
                                                                    ],
                                                                    "Hash Buckets": 1024,
                                                                    "Original Hash Buckets": 1024,
                                                                    "Hash Batches": 1,
                                                                    "Original Hash Batches": 1,
                                                                    "Peak Memory Usage": 9,
                                                                    "Workers": [
                                                                        {
                                                                            "Worker Number": 0,
                                                                            "Actual Startup Time": 0.068,
                                                                            "Actual Total Time": 0.069,
                                                                            "Actual Rows": 1,
                                                                            "Actual Loops": 1
                                                                        },
                                                                        {
                                                                            "Worker Number": 1,
                                                                            "Actual Startup Time": 0.068,
                                                                            "Actual Total Time": 0.069,
                                                                            "Actual Rows": 1,
                                                                            "Actual Loops": 1
                                                                        }
                                                                    ],
                                                                    "Plans": [
                                                                        {
                                                                            "Node Type": "Seq Scan",
                                                                            "Parent Relationship": "Outer",
                                                                            "Parallel Aware": false,
                                                                            "Relation Name": "company_type",
                                                                            "Schema": "public",
                                                                            "Alias": "ct",
                                                                            "Startup Cost": 0.0,
                                                                            "Total Cost": 1.05,
                                                                            "Plan Rows": 1,
                                                                            "Plan Width": 4,
                                                                            "Actual Startup Time": 0.033,
                                                                            "Actual Total Time": 0.036,
                                                                            "Actual Rows": 1,
                                                                            "Actual Loops": 3,
                                                                            "Output": [
                                                                                "ct.id"
                                                                            ],
                                                                            "Filter": "((ct.kind)::text = 'production companies'::text)",
                                                                            "Rows Removed by Filter": 3,
                                                                            "Workers": [
                                                                                {
                                                                                    "Worker Number": 0,
                                                                                    "Actual Startup Time": 0.042,
                                                                                    "Actual Total Time": 0.045,
                                                                                    "Actual Rows": 1,
                                                                                    "Actual Loops": 1
                                                                                },
                                                                                {
                                                                                    "Worker Number": 1,
                                                                                    "Actual Startup Time": 0.041,
                                                                                    "Actual Total Time": 0.044,
                                                                                    "Actual Rows": 1,
                                                                                    "Actual Loops": 1
                                                                                }
                                                                            ]
                                                                        }
                                                                    ]
                                                                }
                                                            ]
                                                        },
                                                        {
                                                            "Node Type": "Index Scan",
                                                            "Parent Relationship": "Inner",
                                                            "Parallel Aware": false,
                                                            "Scan Direction": "Forward",
                                                            "Index Name": "company_name_pkey",
                                                            "Relation Name": "company_name",
                                                            "Schema": "public",
                                                            "Alias": "cn",
                                                            "Startup Cost": 0.42,
                                                            "Total Cost": 0.45,
                                                            "Plan Rows": 1,
                                                            "Plan Width": 4,
                                                            "Actual Startup Time": 0.002,
                                                            "Actual Total Time": 0.002,
                                                            "Actual Rows": 0,
                                                            "Actual Loops": 143985,
                                                            "Output": [
                                                                "cn.id",
                                                                "cn.name",
                                                                "cn.country_code",
                                                                "cn.imdb_id",
                                                                "cn.name_pcode_nf",
                                                                "cn.name_pcode_sf",
                                                                "cn.md5sum"
                                                            ],
                                                            "Index Cond": "(cn.id = mc.company_id)",
                                                            "Rows Removed by Index Recheck": 0,
                                                            "Filter": "((cn.country_code)::text = '[au]'::text)",
                                                            "Rows Removed by Filter": 1,
                                                            "Workers": [
                                                                {
                                                                    "Worker Number": 0,
                                                                    "Actual Startup Time": 0.003,
                                                                    "Actual Total Time": 0.003,
                                                                    "Actual Rows": 0,
                                                                    "Actual Loops": 35859
                                                                },
                                                                {
                                                                    "Worker Number": 1,
                                                                    "Actual Startup Time": 0.002,
                                                                    "Actual Total Time": 0.002,
                                                                    "Actual Rows": 0,
                                                                    "Actual Loops": 53760
                                                                }
                                                            ]
                                                        }
                                                    ]
                                                },
                                                {
                                                    "Node Type": "Index Scan",
                                                    "Parent Relationship": "Inner",
                                                    "Parallel Aware": false,
                                                    "Scan Direction": "Forward",
                                                    "Index Name": "movie_id_movie_info",
                                                    "Relation Name": "movie_info",
                                                    "Schema": "public",
                                                    "Alias": "mi",
                                                    "Startup Cost": 0.43,
                                                    "Total Cost": 1.49,
                                                    "Plan Rows": 41,
                                                    "Plan Width": 51,
                                                    "Actual Startup Time": 0.005,
                                                    "Actual Total Time": 0.012,
                                                    "Actual Rows": 7,
                                                    "Actual Loops": 1383,
                                                    "Output": [
                                                        "mi.id",
                                                        "mi.movie_id",
                                                        "mi.info_type_id",
                                                        "mi.info",
                                                        "mi.note"
                                                    ],
                                                    "Index Cond": "(mi.movie_id = t.id)",
                                                    "Rows Removed by Index Recheck": 0,
                                                    "Workers": [
                                                        {
                                                            "Worker Number": 0,
                                                            "Actual Startup Time": 0.005,
                                                            "Actual Total Time": 0.012,
                                                            "Actual Rows": 7,
                                                            "Actual Loops": 529
                                                        },
                                                        {
                                                            "Worker Number": 1,
                                                            "Actual Startup Time": 0.006,
                                                            "Actual Total Time": 0.013,
                                                            "Actual Rows": 8,
                                                            "Actual Loops": 389
                                                        }
                                                    ]
                                                }
                                            ]
                                        },
                                        {
                                            "Node Type": "Hash",
                                            "Parent Relationship": "Inner",
                                            "Parallel Aware": false,
                                            "Startup Cost": 2.41,
                                            "Total Cost": 2.41,
                                            "Plan Rows": 1,
                                            "Plan Width": 4,
                                            "Actual Startup Time": 0.109,
                                            "Actual Total Time": 0.11,
                                            "Actual Rows": 1,
                                            "Actual Loops": 3,
                                            "Output": [
                                                "it2.id"
                                            ],
                                            "Hash Buckets": 1024,
                                            "Original Hash Buckets": 1024,
                                            "Hash Batches": 1,
                                            "Original Hash Batches": 1,
                                            "Peak Memory Usage": 9,
                                            "Workers": [
                                                {
                                                    "Worker Number": 0,
                                                    "Actual Startup Time": 0.129,
                                                    "Actual Total Time": 0.13,
                                                    "Actual Rows": 1,
                                                    "Actual Loops": 1
                                                },
                                                {
                                                    "Worker Number": 1,
                                                    "Actual Startup Time": 0.126,
                                                    "Actual Total Time": 0.127,
                                                    "Actual Rows": 1,
                                                    "Actual Loops": 1
                                                }
                                            ],
                                            "Plans": [
                                                {
                                                    "Node Type": "Seq Scan",
                                                    "Parent Relationship": "Outer",
                                                    "Parallel Aware": false,
                                                    "Relation Name": "info_type",
                                                    "Schema": "public",
                                                    "Alias": "it2",
                                                    "Startup Cost": 0.0,
                                                    "Total Cost": 2.41,
                                                    "Plan Rows": 1,
                                                    "Plan Width": 4,
                                                    "Actual Startup Time": 0.063,
                                                    "Actual Total Time": 0.083,
                                                    "Actual Rows": 1,
                                                    "Actual Loops": 3,
                                                    "Output": [
                                                        "it2.id"
                                                    ],
                                                    "Filter": "((it2.info)::text = 'release dates'::text)",
                                                    "Rows Removed by Filter": 112,
                                                    "Workers": [
                                                        {
                                                            "Worker Number": 0,
                                                            "Actual Startup Time": 0.078,
                                                            "Actual Total Time": 0.097,
                                                            "Actual Rows": 1,
                                                            "Actual Loops": 1
                                                        },
                                                        {
                                                            "Worker Number": 1,
                                                            "Actual Startup Time": 0.076,
                                                            "Actual Total Time": 0.097,
                                                            "Actual Rows": 1,
                                                            "Actual Loops": 1
                                                        }
                                                    ]
                                                }
                                            ]
                                        }
                                    ]
                                }
                            ]
                        }
                    ]
                }
            ]
        },
        "Planning Time": 437.617,
        "Triggers": [],
        "Execution Time": 850.874
    }
]