[
  {
    "Plan": {
      "Node Type": "Aggregate",
      "Strategy": "Plain",
      "Partial Mode": "Finalize",
      "Parallel Aware": false,
      "Startup Cost": 92295.86,
      "Total Cost": 92295.87,
      "Plan Rows": 1,
      "Plan Width": 8,
      "Actual Startup Time": 410.605,
      "Actual Total Time": 434.992,
      "Actual Rows": 1,
      "Actual Loops": 1,
      "Plans": [
        {
          "Node Type": "Gather",
          "Parent Relationship": "Outer",
          "Parallel Aware": false,
          "Startup Cost": 92295.54,
          "Total Cost": 92295.85,
          "Plan Rows": 3,
          "Plan Width": 8,
          "Actual Startup Time": 409.038,
          "Actual Total Time": 434.98,
          "Actual Rows": 4,
          "Actual Loops": 1,
          "Workers Planned": 3,
          "Workers Launched": 3,
          "Single Copy": false,
          "Plans": [
            {
              "Node Type": "Aggregate",
              "Strategy": "Plain",
              "Partial Mode": "Partial",
              "Parent Relationship": "Outer",
              "Parallel Aware": false,
              "Startup Cost": 91295.54,
              "Total Cost": 91295.55,
              "Plan Rows": 1,
              "Plan Width": 8,
              "Actual Startup Time": 400.276,
              "Actual Total Time": 400.375,
              "Actual Rows": 1,
              "Actual Loops": 4,
              "Plans": [
                {
                  "Node Type": "Hash Join",
                  "Parent Relationship": "Outer",
                  "Parallel Aware": true,
                  "Join Type": "Inner",
                  "Startup Cost": 45817.1,
                  "Total Cost": 91186.6,
                  "Plan Rows": 43576,
                  "Plan Width": 0,
                  "Actual Startup Time": 190.126,
                  "Actual Total Time": 390.804,
                  "Actual Rows": 166122,
                  "Actual Loops": 4,
                  "Inner Unique": true,
                  "Hash Cond": "(mk.movie_id = t.id)",
                  "Plans": [
                    {
                      "Node Type": "Seq Scan",
                      "Parent Relationship": "Outer",
                      "Parallel Aware": true,
                      "Relation Name": "movie_keyword",
                      "Alias": "mk",
                      "Startup Cost": 0.0,
                      "Total Cost": 42695.65,
                      "Plan Rows": 1018609,
                      "Plan Width": 4,
                      "Actual Startup Time": 0.033,
                      "Actual Total Time": 143.194,
                      "Actual Rows": 787986,
                      "Actual Loops": 4,
                      "Filter": "(keyword_id < 12173)",
                      "Rows Removed by Filter": 342997
                    },
                    {
                      "Node Type": "Hash",
                      "Parent Relationship": "Inner",
                      "Parallel Aware": true,
                      "Startup Cost": 45479.1,
                      "Total Cost": 45479.1,
                      "Plan Rows": 27040,
                      "Plan Width": 4,
                      "Actual Startup Time": 142.951,
                      "Actual Total Time": 142.952,
                      "Actual Rows": 61010,
                      "Actual Loops": 4,
                      "Hash Buckets": 262144,
                      "Original Hash Buckets": 131072,
                      "Hash Batches": 1,
                      "Original Hash Batches": 1,
                      "Peak Memory Usage": 12672,
                      "Plans": [
                        {
                          "Node Type": "Seq Scan",
                          "Parent Relationship": "Outer",
                          "Parallel Aware": true,
                          "Relation Name": "title",
                          "Alias": "t",
                          "Startup Cost": 0.0,
                          "Total Cost": 45479.1,
                          "Plan Rows": 27040,
                          "Plan Width": 4,
                          "Actual Startup Time": 67.827,
                          "Actual Total Time": 115.866,
                          "Actual Rows": 61010,
                          "Actual Loops": 4,
                          "Filter": "((production_year < 1974) AND (kind_id = 1))",
                          "Rows Removed by Filter": 571068
                        }
                      ]
                    }
                  ]
                }
              ]
            }
          ]
        }
      ]
    },
    "Planning Time": 0.634,
    "Triggers": [],
    "Execution Time": 435.064
  }
]