{
  "Plan": {
    "Node Type": "Aggregate",
    "Strategy": "Plain",
    "Partial Mode": "Finalize",
    "Parallel Aware": false,
    "Startup Cost": 414065.25,
    "Total Cost": 414065.26,
    "Plan Rows": 1,
    "Plan Width": 8,
    "Actual Startup Time": 2361.33,
    "Actual Total Time": 2404.72,
    "Actual Rows": 1,
    "Actual Loops": 1,
    "Plans": [
      {
        "Node Type": "Gather",
        "Parent Relationship": "Outer",
        "Parallel Aware": false,
        "Startup Cost": 414065.14,
        "Total Cost": 414065.25,
        "Plan Rows": 1,
        "Plan Width": 8,
        "Actual Startup Time": 2358.548,
        "Actual Total Time": 2404.71,
        "Actual Rows": 2,
        "Actual Loops": 1,
        "Workers Planned": 1,
        "Workers Launched": 1,
        "Single Copy": false,
        "Plans": [
          {
            "Node Type": "Aggregate",
            "Strategy": "Plain",
            "Partial Mode": "Partial",
            "Parent Relationship": "Outer",
            "Parallel Aware": false,
            "Startup Cost": 413065.14,
            "Total Cost": 413065.15,
            "Plan Rows": 1,
            "Plan Width": 8,
            "Actual Startup Time": 2353.073,
            "Actual Total Time": 2354.043,
            "Actual Rows": 1,
            "Actual Loops": 2,
            "Plans": [
              {
                "Node Type": "Hash Join",
                "Parent Relationship": "Outer",
                "Parallel Aware": true,
                "Join Type": "Inner",
                "Startup Cost": 110927.07,
                "Total Cost": 406929.83,
                "Plan Rows": 2454122,
                "Plan Width": 0,
                "Actual Startup Time": 670.661,
                "Actual Total Time": 2295.208,
                "Actual Rows": 1412462,
                "Actual Loops": 2,
                "Inner Unique": false,
                "Hash Cond": "(mi.movie_id = t.id)",
                "Plans": [
                  {
                    "Node Type": "Seq Scan",
                    "Parent Relationship": "Outer",
                    "Parallel Aware": true,
                    "Relation Name": "movie_info",
                    "Alias": "mi",
                    "Startup Cost": 0.0,
                    "Total Cost": 248955.74,
                    "Plan Rows": 8696274,
                    "Plan Width": 4,
                    "Actual Startup Time": 0.011,
                    "Actual Total Time": 618.018,
                    "Actual Rows": 7417860,
                    "Actual Loops": 2
                  },
                  {
                    "Node Type": "Hash",
                    "Parent Relationship": "Inner",
                    "Parallel Aware": true,
                    "Startup Cost": 105680.79,
                    "Total Cost": 105680.79,
                    "Plan Rows": 419702,
                    "Plan Width": 8,
                    "Actual Startup Time": 660.448,
                    "Actual Total Time": 661.416,
                    "Actual Rows": 157484,
                    "Actual Loops": 2,
                    "Hash Buckets": 1048576,
                    "Original Hash Buckets": 1048576,
                    "Hash Batches": 1,
                    "Original Hash Batches": 1,
                    "Peak Memory Usage": 20544,
                    "Plans": [
                      {
                        "Node Type": "Hash Join",
                        "Parent Relationship": "Outer",
                        "Parallel Aware": true,
                        "Join Type": "Inner",
                        "Startup Cost": 64273.71,
                        "Total Cost": 105680.79,
                        "Plan Rows": 419702,
                        "Plan Width": 8,
                        "Actual Startup Time": 264.873,
                        "Actual Total Time": 620.721,
                        "Actual Rows": 157484,
                        "Actual Loops": 2,
                        "Inner Unique": true,
                        "Hash Cond": "(mc.movie_id = t.id)",
                        "Plans": [
                          {
                            "Node Type": "Seq Scan",
                            "Parent Relationship": "Outer",
                            "Parallel Aware": true,
                            "Relation Name": "movie_companies",
                            "Alias": "mc",
                            "Startup Cost": 0.0,
                            "Total Cost": 37974.77,
                            "Plan Rows": 1307545,
                            "Plan Width": 4,
                            "Actual Startup Time": 0.014,
                            "Actual Total Time": 122.087,
                            "Actual Rows": 1107991,
                            "Actual Loops": 2,
                            "Filter": "(company_id < 83001)",
                            "Rows Removed by Filter": 196574
                          },
                          {
                            "Node Type": "Hash",
                            "Parent Relationship": "Inner",
                            "Parallel Aware": true,
                            "Startup Cost": 58306.47,
                            "Total Cost": 58306.47,
                            "Plan Rows": 477379,
                            "Plan Width": 4,
                            "Actual Startup Time": 259.522,
                            "Actual Total Time": 259.523,
                            "Actual Rows": 440972,
                            "Actual Loops": 2,
                            "Hash Buckets": 1048576,
                            "Original Hash Buckets": 1048576,
                            "Hash Batches": 1,
                            "Original Hash Batches": 1,
                            "Peak Memory Usage": 42720,
                            "Plans": [
                              {
                                "Node Type": "Seq Scan",
                                "Parent Relationship": "Outer",
                                "Parallel Aware": true,
                                "Relation Name": "title",
                                "Alias": "t",
                                "Startup Cost": 0.0,
                                "Total Cost": 58306.47,
                                "Plan Rows": 477379,
                                "Plan Width": 4,
                                "Actual Startup Time": 0.034,
                                "Actual Total Time": 153.855,
                                "Actual Rows": 440972,
                                "Actual Loops": 2,
                                "Filter": "((production_year > 2001) AND (kind_id = 7))",
                                "Rows Removed by Filter": 823184
                              }
                            ]
                          }
                        ]
                      }
                    ]
                  }
                ]
              }
            ]
          }
        ]
      }
    ]
  },
  "Planning Time": 1.023,
  "Triggers": [],
  "Execution Time": 2404.814
}