[
  {
    "Plan": {
      "Node Type": "Aggregate",
      "Strategy": "Plain",
      "Partial Mode": "Finalize",
      "Parallel Aware": false,
      "Startup Cost": 32947.85,
      "Total Cost": 32947.86,
      "Plan Rows": 1,
      "Plan Width": 8,
      "Actual Startup Time": 87.895,
      "Actual Total Time": 96.698,
      "Actual Rows": 1,
      "Actual Loops": 1,
      "Plans": [
        {
          "Node Type": "Gather",
          "Parent Relationship": "Outer",
          "Parallel Aware": false,
          "Startup Cost": 32947.53,
          "Total Cost": 32947.84,
          "Plan Rows": 3,
          "Plan Width": 8,
          "Actual Startup Time": 87.636,
          "Actual Total Time": 96.69,
          "Actual Rows": 4,
          "Actual Loops": 1,
          "Workers Planned": 3,
          "Workers Launched": 3,
          "Single Copy": false,
          "Plans": [
            {
              "Node Type": "Aggregate",
              "Strategy": "Plain",
              "Partial Mode": "Partial",
              "Parent Relationship": "Outer",
              "Parallel Aware": false,
              "Startup Cost": 31947.53,
              "Total Cost": 31947.54,
              "Plan Rows": 1,
              "Plan Width": 8,
              "Actual Startup Time": 83.618,
              "Actual Total Time": 83.619,
              "Actual Rows": 1,
              "Actual Loops": 4,
              "Plans": [
                {
                  "Node Type": "Seq Scan",
                  "Parent Relationship": "Outer",
                  "Parallel Aware": true,
                  "Relation Name": "movie_companies",
                  "Alias": "mc",
                  "Startup Cost": 0.0,
                  "Total Cost": 31414.82,
                  "Plan Rows": 213086,
                  "Plan Width": 0,
                  "Actual Startup Time": 40.667,
                  "Actual Total Time": 77.836,
                  "Actual Rows": 106477,
                  "Actual Loops": 4,
                  "Filter": "((company_id < 11313) AND (company_type_id > 1))",
                  "Rows Removed by Filter": 545805
                }
              ]
            }
          ]
        }
      ]
    },
    "Planning Time": 0.095,
    "Triggers": [],
    "Execution Time": 96.725
  }
]