[
  {
    "Plan": {
      "Node Type": "Aggregate",
      "Strategy": "Plain",
      "Partial Mode": "Finalize",
      "Parallel Aware": false,
      "Startup Cost": 45128.38,
      "Total Cost": 45128.39,
      "Plan Rows": 1,
      "Plan Width": 8,
      "Actual Startup Time": 134.148,
      "Actual Total Time": 143.577,
      "Actual Rows": 1,
      "Actual Loops": 1,
      "Plans": [
        {
          "Node Type": "Gather",
          "Parent Relationship": "Outer",
          "Parallel Aware": false,
          "Startup Cost": 45128.07,
          "Total Cost": 45128.38,
          "Plan Rows": 3,
          "Plan Width": 8,
          "Actual Startup Time": 134.024,
          "Actual Total Time": 143.568,
          "Actual Rows": 4,
          "Actual Loops": 1,
          "Workers Planned": 3,
          "Workers Launched": 3,
          "Single Copy": false,
          "Plans": [
            {
              "Node Type": "Aggregate",
              "Strategy": "Plain",
              "Partial Mode": "Partial",
              "Parent Relationship": "Outer",
              "Parallel Aware": false,
              "Startup Cost": 44128.07,
              "Total Cost": 44128.08,
              "Plan Rows": 1,
              "Plan Width": 8,
              "Actual Startup Time": 128.589,
              "Actual Total Time": 128.59,
              "Actual Rows": 1,
              "Actual Loops": 4,
              "Plans": [
                {
                  "Node Type": "Seq Scan",
                  "Parent Relationship": "Outer",
                  "Parallel Aware": true,
                  "Relation Name": "movie_keyword",
                  "Alias": "mk",
                  "Startup Cost": 0.0,
                  "Total Cost": 42695.65,
                  "Plan Rows": 572965,
                  "Plan Width": 0,
                  "Actual Startup Time": 0.901,
                  "Actual Total Time": 107.612,
                  "Actual Rows": 447292,
                  "Actual Loops": 4,
                  "Filter": "(keyword_id > 7768)",
                  "Rows Removed by Filter": 683691
                }
              ]
            }
          ]
        }
      ]
    },
    "Planning Time": 0.177,
    "Triggers": [],
    "Execution Time": 143.631
  }
]