[
  {
    "Plan": {
      "Node Type": "Aggregate",
      "Strategy": "Plain",
      "Partial Mode": "Finalize",
      "Parallel Aware": false,
      "Startup Cost": 337456.79,
      "Total Cost": 337456.8,
      "Plan Rows": 1,
      "Plan Width": 8,
      "Actual Startup Time": 712.236,
      "Actual Total Time": 765.852,
      "Actual Rows": 1,
      "Actual Loops": 1,
      "Plans": [
        {
          "Node Type": "Gather",
          "Parent Relationship": "Outer",
          "Parallel Aware": false,
          "Startup Cost": 337456.16,
          "Total Cost": 337456.77,
          "Plan Rows": 6,
          "Plan Width": 8,
          "Actual Startup Time": 712.131,
          "Actual Total Time": 765.843,
          "Actual Rows": 7,
          "Actual Loops": 1,
          "Workers Planned": 6,
          "Workers Launched": 6,
          "Single Copy": false,
          "Plans": [
            {
              "Node Type": "Aggregate",
              "Strategy": "Plain",
              "Partial Mode": "Partial",
              "Parent Relationship": "Outer",
              "Parallel Aware": false,
              "Startup Cost": 336456.16,
              "Total Cost": 336456.17,
              "Plan Rows": 1,
              "Plan Width": 8,
              "Actual Startup Time": 703.831,
              "Actual Total Time": 703.832,
              "Actual Rows": 1,
              "Actual Loops": 7,
              "Plans": [
                {
                  "Node Type": "Seq Scan",
                  "Parent Relationship": "Outer",
                  "Parallel Aware": true,
                  "Relation Name": "cast_info",
                  "Alias": "ci",
                  "Startup Cost": 0.0,
                  "Total Cost": 328162.03,
                  "Plan Rows": 3317654,
                  "Plan Width": 0,
                  "Actual Startup Time": 0.048,
                  "Actual Total Time": 582.482,
                  "Actual Rows": 2848890,
                  "Actual Loops": 7,
                  "Filter": "(person_id < 2003048)",
                  "Rows Removed by Filter": 2328873
                }
              ]
            }
          ]
        }
      ]
    },
    "Planning Time": 0.092,
    "Triggers": [],
    "Execution Time": 765.901
  }
]