[
  {
    "Plan": {
      "Node Type": "Aggregate",
      "Strategy": "Plain",
      "Partial Mode": "Finalize",
      "Parallel Aware": false,
      "Startup Cost": 236207.91,
      "Total Cost": 236207.92,
      "Plan Rows": 1,
      "Plan Width": 8,
      "Actual Startup Time": 288.641,
      "Actual Total Time": 301.654,
      "Actual Rows": 1,
      "Actual Loops": 1,
      "Plans": [
        {
          "Node Type": "Gather",
          "Parent Relationship": "Outer",
          "Parallel Aware": false,
          "Startup Cost": 236207.39,
          "Total Cost": 236207.9,
          "Plan Rows": 5,
          "Plan Width": 8,
          "Actual Startup Time": 285.712,
          "Actual Total Time": 301.644,
          "Actual Rows": 6,
          "Actual Loops": 1,
          "Workers Planned": 5,
          "Workers Launched": 5,
          "Single Copy": false,
          "Plans": [
            {
              "Node Type": "Aggregate",
              "Strategy": "Plain",
              "Partial Mode": "Partial",
              "Parent Relationship": "Outer",
              "Parallel Aware": false,
              "Startup Cost": 235207.39,
              "Total Cost": 235207.4,
              "Plan Rows": 1,
              "Plan Width": 8,
              "Actual Startup Time": 275.21,
              "Actual Total Time": 275.213,
              "Actual Rows": 1,
              "Actual Loops": 6,
              "Plans": [
                {
                  "Node Type": "Hash Join",
                  "Parent Relationship": "Outer",
                  "Parallel Aware": true,
                  "Join Type": "Inner",
                  "Startup Cost": 69176.2,
                  "Total Cost": 235036.04,
                  "Plan Rows": 68537,
                  "Plan Width": 0,
                  "Actual Startup Time": 177.369,
                  "Actual Total Time": 271.413,
                  "Actual Rows": 75316,
                  "Actual Loops": 6,
                  "Inner Unique": true,
                  "Hash Cond": "(mi.movie_id = t.id)",
                  "Plans": [
                    {
                      "Node Type": "Bitmap Heap Scan",
                      "Parent Relationship": "Outer",
                      "Parallel Aware": true,
                      "Relation Name": "movie_info",
                      "Alias": "mi",
                      "Startup Cost": 23159.21,
                      "Total Cost": 188347.95,
                      "Plan Rows": 255659,
                      "Plan Width": 4,
                      "Actual Startup Time": 39.882,
                      "Actual Total Time": 71.211,
                      "Actual Rows": 216498,
                      "Actual Loops": 6,
                      "Recheck Cond": "(info_type_id = 4)",
                      "Rows Removed by Index Recheck": 0,
                      "Exact Heap Blocks": 1548,
                      "Lossy Heap Blocks": 0,
                      "Plans": [
                        {
                          "Node Type": "Bitmap Index Scan",
                          "Parent Relationship": "Outer",
                          "Parallel Aware": false,
                          "Index Name": "info_type_id_movie_info",
                          "Startup Cost": 0.0,
                          "Total Cost": 22839.64,
                          "Plan Rows": 1278294,
                          "Plan Width": 0,
                          "Actual Startup Time": 38.47,
                          "Actual Total Time": 38.471,
                          "Actual Rows": 1298989,
                          "Actual Loops": 1,
                          "Index Cond": "(info_type_id = 4)"
                        }
                      ]
                    },
                    {
                      "Node Type": "Hash",
                      "Parent Relationship": "Inner",
                      "Parallel Aware": true,
                      "Startup Cost": 43898.92,
                      "Total Cost": 43898.92,
                      "Plan Rows": 169446,
                      "Plan Width": 4,
                      "Actual Startup Time": 133.973,
                      "Actual Total Time": 133.974,
                      "Actual Rows": 114024,
                      "Actual Loops": 6,
                      "Hash Buckets": 1048576,
                      "Original Hash Buckets": 1048576,
                      "Hash Batches": 1,
                      "Original Hash Batches": 1,
                      "Peak Memory Usage": 35040,
                      "Plans": [
                        {
                          "Node Type": "Seq Scan",
                          "Parent Relationship": "Outer",
                          "Parallel Aware": true,
                          "Relation Name": "title",
                          "Alias": "t",
                          "Startup Cost": 0.0,
                          "Total Cost": 43898.92,
                          "Plan Rows": 169446,
                          "Plan Width": 4,
                          "Actual Startup Time": 0.036,
                          "Actual Total Time": 81.347,
                          "Actual Rows": 114024,
                          "Actual Loops": 6,
                          "Filter": "(production_year < 1990)",
                          "Rows Removed by Filter": 307361
                        }
                      ]
                    }
                  ]
                }
              ]
            }
          ]
        }
      ]
    },
    "Planning Time": 0.61,
    "Triggers": [],
    "Execution Time": 301.744
  }
]