{
  "Plan": {
    "Node Type": "Aggregate",
    "Strategy": "Plain",
    "Partial Mode": "Finalize",
    "Parallel Aware": false,
    "Startup Cost": 151166.8,
    "Total Cost": 151166.81,
    "Plan Rows": 1,
    "Plan Width": 8,
    "Actual Startup Time": 833.872,
    "Actual Total Time": 849.772,
    "Actual Rows": 1,
    "Actual Loops": 1,
    "Plans": [
      {
        "Node Type": "Gather",
        "Parent Relationship": "Outer",
        "Parallel Aware": false,
        "Startup Cost": 151166.68,
        "Total Cost": 151166.79,
        "Plan Rows": 1,
        "Plan Width": 8,
        "Actual Startup Time": 829.807,
        "Actual Total Time": 849.763,
        "Actual Rows": 2,
        "Actual Loops": 1,
        "Workers Planned": 1,
        "Workers Launched": 1,
        "Single Copy": false,
        "Plans": [
          {
            "Node Type": "Aggregate",
            "Strategy": "Plain",
            "Partial Mode": "Partial",
            "Parent Relationship": "Outer",
            "Parallel Aware": false,
            "Startup Cost": 150166.68,
            "Total Cost": 150166.69,
            "Plan Rows": 1,
            "Plan Width": 8,
            "Actual Startup Time": 821.448,
            "Actual Total Time": 821.453,
            "Actual Rows": 1,
            "Actual Loops": 2,
            "Plans": [
              {
                "Node Type": "Hash Join",
                "Parent Relationship": "Outer",
                "Parallel Aware": false,
                "Join Type": "Inner",
                "Startup Cost": 70064.43,
                "Total Cost": 150166.34,
                "Plan Rows": 138,
                "Plan Width": 0,
                "Actual Startup Time": 419.623,
                "Actual Total Time": 821.441,
                "Actual Rows": 8,
                "Actual Loops": 2,
                "Inner Unique": false,
                "Hash Cond": "(t.id = ci.movie_id)",
                "Plans": [
                  {
                    "Node Type": "Hash Join",
                    "Parent Relationship": "Outer",
                    "Parallel Aware": true,
                    "Join Type": "Inner",
                    "Startup Cost": 68999.82,
                    "Total Cost": 107166.45,
                    "Plan Rows": 882819,
                    "Plan Width": 8,
                    "Actual Startup Time": 391.537,
                    "Actual Total Time": 791.398,
                    "Actual Rows": 512876,
                    "Actual Loops": 2,
                    "Inner Unique": true,
                    "Hash Cond": "(mc.movie_id = t.id)",
                    "Plans": [
                      {
                        "Node Type": "Seq Scan",
                        "Parent Relationship": "Outer",
                        "Parallel Aware": true,
                        "Relation Name": "movie_companies",
                        "Alias": "mc",
                        "Startup Cost": 0.0,
                        "Total Cost": 34137.82,
                        "Plan Rows": 1534782,
                        "Plan Width": 4,
                        "Actual Startup Time": 0.014,
                        "Actual Total Time": 96.306,
                        "Actual Rows": 1304564,
                        "Actual Loops": 2
                      },
                      {
                        "Node Type": "Hash",
                        "Parent Relationship": "Inner",
                        "Parallel Aware": true,
                        "Startup Cost": 58306.47,
                        "Total Cost": 58306.47,
                        "Plan Rows": 855468,
                        "Plan Width": 4,
                        "Actual Startup Time": 376.747,
                        "Actual Total Time": 376.748,
                        "Actual Rows": 785616,
                        "Actual Loops": 2,
                        "Hash Buckets": 2097152,
                        "Original Hash Buckets": 2097152,
                        "Hash Batches": 1,
                        "Original Hash Batches": 1,
                        "Peak Memory Usage": 77888,
                        "Plans": [
                          {
                            "Node Type": "Seq Scan",
                            "Parent Relationship": "Outer",
                            "Parallel Aware": true,
                            "Relation Name": "title",
                            "Alias": "t",
                            "Startup Cost": 0.0,
                            "Total Cost": 58306.47,
                            "Plan Rows": 855468,
                            "Plan Width": 4,
                            "Actual Startup Time": 0.039,
                            "Actual Total Time": 172.873,
                            "Actual Rows": 785616,
                            "Actual Loops": 2,
                            "Filter": "((kind_id > 1) AND (production_year > 1978))",
                            "Rows Removed by Filter": 478540
                          }
                        ]
                      }
                    ]
                  },
                  {
                    "Node Type": "Hash",
                    "Parent Relationship": "Inner",
                    "Parallel Aware": false,
                    "Startup Cost": 1059.67,
                    "Total Cost": 1059.67,
                    "Plan Rows": 395,
                    "Plan Width": 4,
                    "Actual Startup Time": 0.651,
                    "Actual Total Time": 0.652,
                    "Actual Rows": 328,
                    "Actual Loops": 2,
                    "Hash Buckets": 1024,
                    "Original Hash Buckets": 1024,
                    "Hash Batches": 1,
                    "Original Hash Batches": 1,
                    "Peak Memory Usage": 20,
                    "Plans": [
                      {
                        "Node Type": "Index Scan",
                        "Parent Relationship": "Outer",
                        "Parallel Aware": false,
                        "Scan Direction": "Forward",
                        "Index Name": "person_id_cast_info",
                        "Relation Name": "cast_info",
                        "Alias": "ci",
                        "Startup Cost": 0.56,
                        "Total Cost": 1059.67,
                        "Plan Rows": 395,
                        "Plan Width": 4,
                        "Actual Startup Time": 0.233,
                        "Actual Total Time": 0.499,
                        "Actual Rows": 328,
                        "Actual Loops": 2,
                        "Index Cond": "(person_id = 340833)",
                        "Rows Removed by Index Recheck": 0,
                        "Filter": "(role_id < 8)",
                        "Rows Removed by Filter": 0
                      }
                    ]
                  }
                ]
              }
            ]
          }
        ]
      }
    ]
  },
  "Planning Time": 0.94,
  "Triggers": [],
  "Execution Time": 849.858
}