{
    "Plan": {
        "Node Type": "Aggregate",
        "Strategy": "Plain",
        "Partial Mode": "Simple",
        "Parallel Aware": false,
        "Startup Cost": 50006930937.04,
        "Total Cost": 50006930937.05,
        "Plan Rows": 1,
        "Plan Width": 64,
        "Actual Startup Time": 87983.982,
        "Actual Total Time": 87984.0,
        "Actual Rows": 1,
        "Actual Loops": 1,
        "Output": [
            "min(n.name)",
            "min(t.title)"
        ],
        "Plans": [
            {
                "Node Type": "Nested Loop",
                "Parent Relationship": "Outer",
                "Parallel Aware": false,
                "Join Type": "Inner",
                "Startup Cost": 50006930919.01,
                "Total Cost": 50006930937.03,
                "Plan Rows": 1,
                "Plan Width": 32,
                "Actual Startup Time": 87957.478,
                "Actual Total Time": 87982.82,
                "Actual Rows": 4399,
                "Actual Loops": 1,
                "Output": [
                    "n.name",
                    "t.title"
                ],
                "Inner Unique": true,
                "Join Filter": "(mi.movie_id = t.id)",
                "Rows Removed by Join Filter": 0,
                "Plans": [
                    {
                        "Node Type": "Merge Join",
                        "Parent Relationship": "Outer",
                        "Parallel Aware": false,
                        "Join Type": "Inner",
                        "Startup Cost": 40006930918.56,
                        "Total Cost": 40006930932.56,
                        "Plan Rows": 1,
                        "Plan Width": 27,
                        "Actual Startup Time": 87957.442,
                        "Actual Total Time": 87958.976,
                        "Actual Rows": 4910,
                        "Actual Loops": 1,
                        "Output": [
                            "ci.movie_id",
                            "mc.movie_id",
                            "mi.movie_id",
                            "n.name"
                        ],
                        "Inner Unique": true,
                        "Merge Cond": "(mi.info_type_id = it.id)",
                        "Plans": [
                            {
                                "Node Type": "Sort",
                                "Parent Relationship": "Outer",
                                "Parallel Aware": false,
                                "Startup Cost": 40006930918.42,
                                "Total Cost": 40006930918.42,
                                "Plan Rows": 1,
                                "Plan Width": 31,
                                "Actual Startup Time": 87957.399,
                                "Actual Total Time": 87957.959,
                                "Actual Rows": 4910,
                                "Actual Loops": 1,
                                "Output": [
                                    "ci.movie_id",
                                    "mc.movie_id",
                                    "mi.movie_id",
                                    "mi.info_type_id",
                                    "n.name"
                                ],
                                "Sort Key": [
                                    "mi.info_type_id"
                                ],
                                "Sort Method": "quicksort",
                                "Sort Space Used": 576,
                                "Sort Space Type": "Memory",
                                "Plans": [
                                    {
                                        "Node Type": "Merge Join",
                                        "Parent Relationship": "Outer",
                                        "Parallel Aware": false,
                                        "Join Type": "Inner",
                                        "Startup Cost": 40006915217.25,
                                        "Total Cost": 40006930918.41,
                                        "Plan Rows": 1,
                                        "Plan Width": 31,
                                        "Actual Startup Time": 87387.645,
                                        "Actual Total Time": 87956.58,
                                        "Actual Rows": 4910,
                                        "Actual Loops": 1,
                                        "Output": [
                                            "ci.movie_id",
                                            "mc.movie_id",
                                            "mi.movie_id",
                                            "mi.info_type_id",
                                            "n.name"
                                        ],
                                        "Inner Unique": false,
                                        "Merge Cond": "(chn.id = ci.person_role_id)",
                                        "Plans": [
                                            {
                                                "Node Type": "Sort",
                                                "Parent Relationship": "Outer",
                                                "Parallel Aware": false,
                                                "Startup Cost": 406719.03,
                                                "Total Cost": 414569.6,
                                                "Plan Rows": 3140227,
                                                "Plan Width": 4,
                                                "Actual Startup Time": 989.247,
                                                "Actual Total Time": 1356.924,
                                                "Actual Rows": 3107317,
                                                "Actual Loops": 1,
                                                "Output": [
                                                    "chn.id"
                                                ],
                                                "Sort Key": [
                                                    "chn.id"
                                                ],
                                                "Sort Method": "quicksort",
                                                "Sort Space Used": 245508,
                                                "Sort Space Type": "Memory",
                                                "Plans": [
                                                    {
                                                        "Node Type": "Seq Scan",
                                                        "Parent Relationship": "Outer",
                                                        "Parallel Aware": false,
                                                        "Relation Name": "char_name",
                                                        "Schema": "public",
                                                        "Alias": "chn",
                                                        "Startup Cost": 0.0,
                                                        "Total Cost": 67850.27,
                                                        "Plan Rows": 3140227,
                                                        "Plan Width": 4,
                                                        "Actual Startup Time": 0.015,
                                                        "Actual Total Time": 301.887,
                                                        "Actual Rows": 3140339,
                                                        "Actual Loops": 1,
                                                        "Output": [
                                                            "chn.id"
                                                        ]
                                                    }
                                                ]
                                            },
                                            {
                                                "Node Type": "Sort",
                                                "Parent Relationship": "Inner",
                                                "Parallel Aware": false,
                                                "Startup Cost": 40006508498.22,
                                                "Total Cost": 40006508498.22,
                                                "Plan Rows": 1,
                                                "Plan Width": 35,
                                                "Actual Startup Time": 86398.352,
                                                "Actual Total Time": 86398.689,
                                                "Actual Rows": 4911,
                                                "Actual Loops": 1,
                                                "Output": [
                                                    "ci.movie_id",
                                                    "ci.person_role_id",
                                                    "mc.movie_id",
                                                    "mi.movie_id",
                                                    "mi.info_type_id",
                                                    "n.name"
                                                ],
                                                "Sort Key": [
                                                    "ci.person_role_id"
                                                ],
                                                "Sort Method": "quicksort",
                                                "Sort Space Used": 578,
                                                "Sort Space Type": "Memory",
                                                "Plans": [
                                                    {
                                                        "Node Type": "Nested Loop",
                                                        "Parent Relationship": "Outer",
                                                        "Parallel Aware": false,
                                                        "Join Type": "Inner",
                                                        "Startup Cost": 40006508486.75,
                                                        "Total Cost": 40006508498.21,
                                                        "Plan Rows": 1,
                                                        "Plan Width": 35,
                                                        "Actual Startup Time": 86198.417,
                                                        "Actual Total Time": 86396.697,
                                                        "Actual Rows": 4934,
                                                        "Actual Loops": 1,
                                                        "Output": [
                                                            "ci.movie_id",
                                                            "ci.person_role_id",
                                                            "mc.movie_id",
                                                            "mi.movie_id",
                                                            "mi.info_type_id",
                                                            "n.name"
                                                        ],
                                                        "Inner Unique": false,
                                                        "Join Filter": "(mc.movie_id = mi.movie_id)",
                                                        "Rows Removed by Join Filter": 0,
                                                        "Plans": [
                                                            {
                                                                "Node Type": "Hash Join",
                                                                "Parent Relationship": "Outer",
                                                                "Parallel Aware": false,
                                                                "Join Type": "Inner",
                                                                "Startup Cost": 30006508485.95,
                                                                "Total Cost": 30006508487.22,
                                                                "Plan Rows": 2,
                                                                "Plan Width": 27,
                                                                "Actual Startup Time": 86198.016,
                                                                "Actual Total Time": 86204.006,
                                                                "Actual Rows": 10458,
                                                                "Actual Loops": 1,
                                                                "Output": [
                                                                    "ci.movie_id",
                                                                    "ci.person_role_id",
                                                                    "mc.movie_id",
                                                                    "n.name"
                                                                ],
                                                                "Inner Unique": true,
                                                                "Hash Cond": "(mc.company_id = cn.id)",
                                                                "Plans": [
                                                                    {
                                                                        "Node Type": "Hash Join",
                                                                        "Parent Relationship": "Outer",
                                                                        "Parallel Aware": false,
                                                                        "Join Type": "Inner",
                                                                        "Startup Cost": 30006494977.75,
                                                                        "Total Cost": 30006494979.01,
                                                                        "Plan Rows": 4,
                                                                        "Plan Width": 31,
                                                                        "Actual Startup Time": 86089.735,
                                                                        "Actual Total Time": 86091.729,
                                                                        "Actual Rows": 10520,
                                                                        "Actual Loops": 1,
                                                                        "Output": [
                                                                            "ci.movie_id",
                                                                            "ci.person_role_id",
                                                                            "mc.movie_id",
                                                                            "mc.company_id",
                                                                            "n.name"
                                                                        ],
                                                                        "Inner Unique": false,
                                                                        "Hash Cond": "(rt.id = ci.role_id)",
                                                                        "Plans": [
                                                                            {
                                                                                "Node Type": "Seq Scan",
                                                                                "Parent Relationship": "Outer",
                                                                                "Parallel Aware": false,
                                                                                "Relation Name": "role_type",
                                                                                "Schema": "public",
                                                                                "Alias": "rt",
                                                                                "Startup Cost": 0.0,
                                                                                "Total Cost": 1.15,
                                                                                "Plan Rows": 1,
                                                                                "Plan Width": 4,
                                                                                "Actual Startup Time": 0.015,
                                                                                "Actual Total Time": 0.021,
                                                                                "Actual Rows": 1,
                                                                                "Actual Loops": 1,
                                                                                "Output": [
                                                                                    "rt.id",
                                                                                    "rt.role"
                                                                                ],
                                                                                "Filter": "((rt.role)::text = 'actress'::text)",
                                                                                "Rows Removed by Filter": 11
                                                                            },
                                                                            {
                                                                                "Node Type": "Hash",
                                                                                "Parent Relationship": "Inner",
                                                                                "Parallel Aware": false,
                                                                                "Startup Cost": 30006494977.11,
                                                                                "Total Cost": 30006494977.11,
                                                                                "Plan Rows": 51,
                                                                                "Plan Width": 35,
                                                                                "Actual Startup Time": 86089.704,
                                                                                "Actual Total Time": 86089.713,
                                                                                "Actual Rows": 10692,
                                                                                "Actual Loops": 1,
                                                                                "Output": [
                                                                                    "ci.movie_id",
                                                                                    "ci.role_id",
                                                                                    "ci.person_role_id",
                                                                                    "mc.movie_id",
                                                                                    "mc.company_id",
                                                                                    "n.name"
                                                                                ],
                                                                                "Hash Buckets": 16384,
                                                                                "Original Hash Buckets": 1024,
                                                                                "Hash Batches": 1,
                                                                                "Original Hash Batches": 1,
                                                                                "Peak Memory Usage": 818,
                                                                                "Plans": [
                                                                                    {
                                                                                        "Node Type": "Nested Loop",
                                                                                        "Parent Relationship": "Outer",
                                                                                        "Parallel Aware": false,
                                                                                        "Join Type": "Inner",
                                                                                        "Startup Cost": 30000000003.96,
                                                                                        "Total Cost": 30006494977.11,
                                                                                        "Plan Rows": 51,
                                                                                        "Plan Width": 35,
                                                                                        "Actual Startup Time": 22.922,
                                                                                        "Actual Total Time": 86083.584,
                                                                                        "Actual Rows": 10692,
                                                                                        "Actual Loops": 1,
                                                                                        "Output": [
                                                                                            "ci.movie_id",
                                                                                            "ci.role_id",
                                                                                            "ci.person_role_id",
                                                                                            "mc.movie_id",
                                                                                            "mc.company_id",
                                                                                            "n.name"
                                                                                        ],
                                                                                        "Inner Unique": false,
                                                                                        "Join Filter": "(n.id = an.person_id)",
                                                                                        "Rows Removed by Join Filter": 0,
                                                                                        "Plans": [
                                                                                            {
                                                                                                "Node Type": "Nested Loop",
                                                                                                "Parent Relationship": "Outer",
                                                                                                "Parallel Aware": false,
                                                                                                "Join Type": "Inner",
                                                                                                "Startup Cost": 20000000003.51,
                                                                                                "Total Cost": 20006494882.72,
                                                                                                "Plan Rows": 21,
                                                                                                "Plan Width": 43,
                                                                                                "Actual Startup Time": 22.904,
                                                                                                "Actual Total Time": 86043.717,
                                                                                                "Actual Rows": 2754,
                                                                                                "Actual Loops": 1,
                                                                                                "Output": [
                                                                                                    "ci.movie_id",
                                                                                                    "ci.person_id",
                                                                                                    "ci.role_id",
                                                                                                    "ci.person_role_id",
                                                                                                    "mc.movie_id",
                                                                                                    "mc.company_id",
                                                                                                    "n.name",
                                                                                                    "n.id"
                                                                                                ],
                                                                                                "Inner Unique": true,
                                                                                                "Plans": [
                                                                                                    {
                                                                                                        "Node Type": "Nested Loop",
                                                                                                        "Parent Relationship": "Outer",
                                                                                                        "Parallel Aware": false,
                                                                                                        "Join Type": "Inner",
                                                                                                        "Startup Cost": 10000000003.06,
                                                                                                        "Total Cost": 10002289192.86,
                                                                                                        "Plan Rows": 939801,
                                                                                                        "Plan Width": 24,
                                                                                                        "Actual Startup Time": 1.055,
                                                                                                        "Actual Total Time": 64855.53,
                                                                                                        "Actual Rows": 2116041,
                                                                                                        "Actual Loops": 1,
                                                                                                        "Output": [
                                                                                                            "ci.movie_id",
                                                                                                            "ci.person_id",
                                                                                                            "ci.role_id",
                                                                                                            "ci.person_role_id",
                                                                                                            "mc.movie_id",
                                                                                                            "mc.company_id"
                                                                                                        ],
                                                                                                        "Inner Unique": false,
                                                                                                        "Plans": [
                                                                                                            {
                                                                                                                "Node Type": "Index Scan",
                                                                                                                "Parent Relationship": "Outer",
                                                                                                                "Parallel Aware": false,
                                                                                                                "Scan Direction": "Forward",
                                                                                                                "Index Name": "company_id_movie_companies",
                                                                                                                "Relation Name": "movie_companies",
                                                                                                                "Schema": "public",
                                                                                                                "Alias": "mc",
                                                                                                                "Startup Cost": 0.43,
                                                                                                                "Total Cost": 144061.85,
                                                                                                                "Plan Rows": 292973,
                                                                                                                "Plan Width": 8,
                                                                                                                "Actual Startup Time": 0.016,
                                                                                                                "Actual Total Time": 2812.667,
                                                                                                                "Actual Rows": 590994,
                                                                                                                "Actual Loops": 1,
                                                                                                                "Output": [
                                                                                                                    "mc.id",
                                                                                                                    "mc.movie_id",
                                                                                                                    "mc.company_id",
                                                                                                                    "mc.company_type_id",
                                                                                                                    "mc.note"
                                                                                                                ],
                                                                                                                "Filter": "((mc.note IS NOT NULL) AND ((mc.note ~~ '%(USA)%'::text) OR (mc.note ~~ '%(worldwide)%'::text)))",
                                                                                                                "Rows Removed by Filter": 2018135
                                                                                                            },
                                                                                                            {
                                                                                                                "Node Type": "Bitmap Heap Scan",
                                                                                                                "Parent Relationship": "Inner",
                                                                                                                "Parallel Aware": false,
                                                                                                                "Relation Name": "cast_info",
                                                                                                                "Schema": "public",
                                                                                                                "Alias": "ci",
                                                                                                                "Startup Cost": 2.63,
                                                                                                                "Total Cost": 7.29,
                                                                                                                "Plan Rows": 3,
                                                                                                                "Plan Width": 16,
                                                                                                                "Actual Startup Time": 0.072,
                                                                                                                "Actual Total Time": 0.1,
                                                                                                                "Actual Rows": 4,
                                                                                                                "Actual Loops": 590994,
                                                                                                                "Output": [
                                                                                                                    "ci.id",
                                                                                                                    "ci.person_id",
                                                                                                                    "ci.movie_id",
                                                                                                                    "ci.person_role_id",
                                                                                                                    "ci.note",
                                                                                                                    "ci.nr_order",
                                                                                                                    "ci.role_id"
                                                                                                                ],
                                                                                                                "Recheck Cond": "(ci.movie_id = mc.movie_id)",
                                                                                                                "Rows Removed by Index Recheck": 0,
                                                                                                                "Filter": "(ci.note = ANY ('{(voice),(uncredited),\"(executive producer)\",(voice)}'::text[]))",
                                                                                                                "Rows Removed by Filter": 25,
                                                                                                                "Exact Heap Blocks": 16182822,
                                                                                                                "Lossy Heap Blocks": 0,
                                                                                                                "Plans": [
                                                                                                                    {
                                                                                                                        "Node Type": "Bitmap Index Scan",
                                                                                                                        "Parent Relationship": "Outer",
                                                                                                                        "Parallel Aware": false,
                                                                                                                        "Index Name": "movie_id_cast_info",
                                                                                                                        "Startup Cost": 0.0,
                                                                                                                        "Total Cost": 2.63,
                                                                                                                        "Plan Rows": 38,
                                                                                                                        "Plan Width": 0,
                                                                                                                        "Actual Startup Time": 0.05,
                                                                                                                        "Actual Total Time": 0.05,
                                                                                                                        "Actual Rows": 28,
                                                                                                                        "Actual Loops": 590994,
                                                                                                                        "Index Cond": "(ci.movie_id = mc.movie_id)"
                                                                                                                    }
                                                                                                                ]
                                                                                                            }
                                                                                                        ]
                                                                                                    },
                                                                                                    {
                                                                                                        "Node Type": "Bitmap Heap Scan",
                                                                                                        "Parent Relationship": "Inner",
                                                                                                        "Parallel Aware": false,
                                                                                                        "Relation Name": "name",
                                                                                                        "Schema": "public",
                                                                                                        "Alias": "n",
                                                                                                        "Startup Cost": 0.46,
                                                                                                        "Total Cost": 4.48,
                                                                                                        "Plan Rows": 1,
                                                                                                        "Plan Width": 19,
                                                                                                        "Actual Startup Time": 0.007,
                                                                                                        "Actual Total Time": 0.007,
                                                                                                        "Actual Rows": 0,
                                                                                                        "Actual Loops": 2116041,
                                                                                                        "Output": [
                                                                                                            "n.id",
                                                                                                            "n.name",
                                                                                                            "n.imdb_index",
                                                                                                            "n.imdb_id",
                                                                                                            "n.gender",
                                                                                                            "n.name_pcode_cf",
                                                                                                            "n.name_pcode_nf",
                                                                                                            "n.surname_pcode",
                                                                                                            "n.md5sum"
                                                                                                        ],
                                                                                                        "Recheck Cond": "(n.id = ci.person_id)",
                                                                                                        "Rows Removed by Index Recheck": 0,
                                                                                                        "Filter": "((n.name ~~ '%Julie%'::text) AND ((n.gender)::text = 'f'::text))",
                                                                                                        "Rows Removed by Filter": 1,
                                                                                                        "Exact Heap Blocks": 2116041,
                                                                                                        "Lossy Heap Blocks": 0,
                                                                                                        "Plans": [
                                                                                                            {
                                                                                                                "Node Type": "Bitmap Index Scan",
                                                                                                                "Parent Relationship": "Outer",
                                                                                                                "Parallel Aware": false,
                                                                                                                "Index Name": "name_pkey",
                                                                                                                "Startup Cost": 0.0,
                                                                                                                "Total Cost": 0.46,
                                                                                                                "Plan Rows": 1,
                                                                                                                "Plan Width": 0,
                                                                                                                "Actual Startup Time": 0.004,
                                                                                                                "Actual Total Time": 0.004,
                                                                                                                "Actual Rows": 1,
                                                                                                                "Actual Loops": 2116041,
                                                                                                                "Index Cond": "(n.id = ci.person_id)"
                                                                                                            }
                                                                                                        ]
                                                                                                    }
                                                                                                ]
                                                                                            },
                                                                                            {
                                                                                                "Node Type": "Bitmap Heap Scan",
                                                                                                "Parent Relationship": "Inner",
                                                                                                "Parallel Aware": false,
                                                                                                "Relation Name": "aka_name",
                                                                                                "Schema": "public",
                                                                                                "Alias": "an",
                                                                                                "Startup Cost": 0.44,
                                                                                                "Total Cost": 4.47,
                                                                                                "Plan Rows": 2,
                                                                                                "Plan Width": 4,
                                                                                                "Actual Startup Time": 0.009,
                                                                                                "Actual Total Time": 0.01,
                                                                                                "Actual Rows": 4,
                                                                                                "Actual Loops": 2754,
                                                                                                "Output": [
                                                                                                    "an.id",
                                                                                                    "an.person_id",
                                                                                                    "an.name",
                                                                                                    "an.imdb_index",
                                                                                                    "an.name_pcode_cf",
                                                                                                    "an.name_pcode_nf",
                                                                                                    "an.surname_pcode",
                                                                                                    "an.md5sum"
                                                                                                ],
                                                                                                "Recheck Cond": "(an.person_id = ci.person_id)",
                                                                                                "Rows Removed by Index Recheck": 0,
                                                                                                "Exact Heap Blocks": 2717,
                                                                                                "Lossy Heap Blocks": 0,
                                                                                                "Plans": [
                                                                                                    {
                                                                                                        "Node Type": "Bitmap Index Scan",
                                                                                                        "Parent Relationship": "Outer",
                                                                                                        "Parallel Aware": false,
                                                                                                        "Index Name": "person_id_aka_name",
                                                                                                        "Startup Cost": 0.0,
                                                                                                        "Total Cost": 0.44,
                                                                                                        "Plan Rows": 2,
                                                                                                        "Plan Width": 0,
                                                                                                        "Actual Startup Time": 0.006,
                                                                                                        "Actual Total Time": 0.006,
                                                                                                        "Actual Rows": 4,
                                                                                                        "Actual Loops": 2754,
                                                                                                        "Index Cond": "(an.person_id = ci.person_id)"
                                                                                                    }
                                                                                                ]
                                                                                            }
                                                                                        ]
                                                                                    }
                                                                                ]
                                                                            }
                                                                        ]
                                                                    },
                                                                    {
                                                                        "Node Type": "Hash",
                                                                        "Parent Relationship": "Inner",
                                                                        "Parallel Aware": false,
                                                                        "Startup Cost": 12454.44,
                                                                        "Total Cost": 12454.44,
                                                                        "Plan Rows": 84301,
                                                                        "Plan Width": 4,
                                                                        "Actual Startup Time": 108.13,
                                                                        "Actual Total Time": 108.13,
                                                                        "Actual Rows": 84843,
                                                                        "Actual Loops": 1,
                                                                        "Output": [
                                                                            "cn.id"
                                                                        ],
                                                                        "Hash Buckets": 131072,
                                                                        "Original Hash Buckets": 131072,
                                                                        "Hash Batches": 1,
                                                                        "Original Hash Batches": 1,
                                                                        "Peak Memory Usage": 4007,
                                                                        "Plans": [
                                                                            {
                                                                                "Node Type": "Index Scan",
                                                                                "Parent Relationship": "Outer",
                                                                                "Parallel Aware": false,
                                                                                "Scan Direction": "Forward",
                                                                                "Index Name": "company_name_pkey",
                                                                                "Relation Name": "company_name",
                                                                                "Schema": "public",
                                                                                "Alias": "cn",
                                                                                "Startup Cost": 0.42,
                                                                                "Total Cost": 12454.44,
                                                                                "Plan Rows": 84301,
                                                                                "Plan Width": 4,
                                                                                "Actual Startup Time": 0.038,
                                                                                "Actual Total Time": 96.485,
                                                                                "Actual Rows": 84843,
                                                                                "Actual Loops": 1,
                                                                                "Output": [
                                                                                    "cn.id"
                                                                                ],
                                                                                "Filter": "((cn.country_code)::text = '[us]'::text)",
                                                                                "Rows Removed by Filter": 150154
                                                                            }
                                                                        ]
                                                                    }
                                                                ]
                                                            },
                                                            {
                                                                "Node Type": "Bitmap Heap Scan",
                                                                "Parent Relationship": "Inner",
                                                                "Parallel Aware": false,
                                                                "Relation Name": "movie_info",
                                                                "Schema": "public",
                                                                "Alias": "mi",
                                                                "Startup Cost": 0.8,
                                                                "Total Cost": 5.48,
                                                                "Plan Rows": 1,
                                                                "Plan Width": 8,
                                                                "Actual Startup Time": 0.013,
                                                                "Actual Total Time": 0.016,
                                                                "Actual Rows": 0,
                                                                "Actual Loops": 10458,
                                                                "Output": [
                                                                    "mi.id",
                                                                    "mi.movie_id",
                                                                    "mi.info_type_id",
                                                                    "mi.info",
                                                                    "mi.note"
                                                                ],
                                                                "Recheck Cond": "(mi.movie_id = ci.movie_id)",
                                                                "Rows Removed by Index Recheck": 0,
                                                                "Filter": "((mi.info IS NOT NULL) AND ((mi.info ~~ 'Japan:%200%'::text) OR (mi.info ~~ 'USA:%200%'::text)))",
                                                                "Rows Removed by Filter": 47,
                                                                "Exact Heap Blocks": 131999,
                                                                "Lossy Heap Blocks": 0,
                                                                "Plans": [
                                                                    {
                                                                        "Node Type": "Bitmap Index Scan",
                                                                        "Parent Relationship": "Outer",
                                                                        "Parallel Aware": false,
                                                                        "Index Name": "movie_id_movie_info",
                                                                        "Startup Cost": 0.0,
                                                                        "Total Cost": 0.8,
                                                                        "Plan Rows": 39,
                                                                        "Plan Width": 0,
                                                                        "Actual Startup Time": 0.004,
                                                                        "Actual Total Time": 0.004,
                                                                        "Actual Rows": 47,
                                                                        "Actual Loops": 10458,
                                                                        "Index Cond": "(mi.movie_id = ci.movie_id)"
                                                                    }
                                                                ]
                                                            }
                                                        ]
                                                    }
                                                ]
                                            }
                                        ]
                                    }
                                ]
                            },
                            {
                                "Node Type": "Index Scan",
                                "Parent Relationship": "Inner",
                                "Parallel Aware": false,
                                "Scan Direction": "Forward",
                                "Index Name": "info_type_pkey",
                                "Relation Name": "info_type",
                                "Schema": "public",
                                "Alias": "it",
                                "Startup Cost": 0.14,
                                "Total Cost": 14.12,
                                "Plan Rows": 1,
                                "Plan Width": 4,
                                "Actual Startup Time": 0.038,
                                "Actual Total Time": 0.039,
                                "Actual Rows": 1,
                                "Actual Loops": 1,
                                "Output": [
                                    "it.id",
                                    "it.info"
                                ],
                                "Filter": "((it.info)::text = 'release dates'::text)",
                                "Rows Removed by Filter": 15
                            }
                        ]
                    },
                    {
                        "Node Type": "Bitmap Heap Scan",
                        "Parent Relationship": "Inner",
                        "Parallel Aware": false,
                        "Relation Name": "title",
                        "Schema": "public",
                        "Alias": "t",
                        "Startup Cost": 0.45,
                        "Total Cost": 4.47,
                        "Plan Rows": 1,
                        "Plan Width": 21,
                        "Actual Startup Time": 0.003,
                        "Actual Total Time": 0.003,
                        "Actual Rows": 1,
                        "Actual Loops": 4910,
                        "Output": [
                            "t.id",
                            "t.title",
                            "t.imdb_index",
                            "t.kind_id",
                            "t.production_year",
                            "t.imdb_id",
                            "t.phonetic_code",
                            "t.episode_of_id",
                            "t.season_nr",
                            "t.episode_nr",
                            "t.series_years",
                            "t.md5sum"
                        ],
                        "Recheck Cond": "(t.id = ci.movie_id)",
                        "Rows Removed by Index Recheck": 0,
                        "Filter": "((t.production_year >= 2002) AND (t.production_year <= 2011))",
                        "Rows Removed by Filter": 0,
                        "Exact Heap Blocks": 4910,
                        "Lossy Heap Blocks": 0,
                        "Plans": [
                            {
                                "Node Type": "Bitmap Index Scan",
                                "Parent Relationship": "Outer",
                                "Parallel Aware": false,
                                "Index Name": "title_pkey",
                                "Startup Cost": 0.0,
                                "Total Cost": 0.45,
                                "Plan Rows": 1,
                                "Plan Width": 0,
                                "Actual Startup Time": 0.002,
                                "Actual Total Time": 0.002,
                                "Actual Rows": 1,
                                "Actual Loops": 4910,
                                "Index Cond": "(t.id = ci.movie_id)"
                            }
                        ]
                    }
                ]
            }
        ]
    },
    "Planning Time": 25.95,
    "Triggers": [],
    "Execution Time": 87984.304
}