[
  {
    "Plan": {
      "Node Type": "Aggregate",
      "Strategy": "Plain",
      "Partial Mode": "Finalize",
      "Parallel Aware": false,
      "Startup Cost": 45434.44,
      "Total Cost": 45434.45,
      "Plan Rows": 1,
      "Plan Width": 8,
      "Actual Startup Time": 106.606,
      "Actual Total Time": 118.395,
      "Actual Rows": 1,
      "Actual Loops": 1,
      "Plans": [
        {
          "Node Type": "Gather",
          "Parent Relationship": "Outer",
          "Parallel Aware": false,
          "Startup Cost": 45434.02,
          "Total Cost": 45434.43,
          "Plan Rows": 4,
          "Plan Width": 8,
          "Actual Startup Time": 106.29,
          "Actual Total Time": 118.387,
          "Actual Rows": 5,
          "Actual Loops": 1,
          "Workers Planned": 4,
          "Workers Launched": 4,
          "Single Copy": false,
          "Plans": [
            {
              "Node Type": "Aggregate",
              "Strategy": "Plain",
              "Partial Mode": "Partial",
              "Parent Relationship": "Outer",
              "Parallel Aware": false,
              "Startup Cost": 44434.02,
              "Total Cost": 44434.03,
              "Plan Rows": 1,
              "Plan Width": 8,
              "Actual Startup Time": 97.174,
              "Actual Total Time": 97.176,
              "Actual Rows": 1,
              "Actual Loops": 5,
              "Plans": [
                {
                  "Node Type": "Seq Scan",
                  "Parent Relationship": "Outer",
                  "Parallel Aware": true,
                  "Relation Name": "title",
                  "Alias": "t",
                  "Startup Cost": 0.0,
                  "Total Cost": 43898.92,
                  "Plan Rows": 214041,
                  "Plan Width": 0,
                  "Actual Startup Time": 0.04,
                  "Actual Total Time": 89.163,
                  "Actual Rows": 170843,
                  "Actual Loops": 5,
                  "Filter": "(kind_id < 4)",
                  "Rows Removed by Filter": 334820
                }
              ]
            }
          ]
        }
      ]
    },
    "Planning Time": 0.143,
    "Triggers": [],
    "Execution Time": 118.448
  }
]