[
  {
    "Plan": {
      "Node Type": "Aggregate",
      "Strategy": "Plain",
      "Partial Mode": "Finalize",
      "Parallel Aware": false,
      "Startup Cost": 346229.55,
      "Total Cost": 346229.56,
      "Plan Rows": 1,
      "Plan Width": 8,
      "Actual Startup Time": 802.911,
      "Actual Total Time": 864.533,
      "Actual Rows": 1,
      "Actual Loops": 1,
      "Plans": [
        {
          "Node Type": "Gather",
          "Parent Relationship": "Outer",
          "Parallel Aware": false,
          "Startup Cost": 346228.92,
          "Total Cost": 346229.53,
          "Plan Rows": 6,
          "Plan Width": 8,
          "Actual Startup Time": 802.73,
          "Actual Total Time": 864.518,
          "Actual Rows": 7,
          "Actual Loops": 1,
          "Workers Planned": 6,
          "Workers Launched": 6,
          "Single Copy": false,
          "Plans": [
            {
              "Node Type": "Aggregate",
              "Strategy": "Plain",
              "Partial Mode": "Partial",
              "Parent Relationship": "Outer",
              "Parallel Aware": false,
              "Startup Cost": 345228.92,
              "Total Cost": 345228.93,
              "Plan Rows": 1,
              "Plan Width": 8,
              "Actual Startup Time": 794.425,
              "Actual Total Time": 794.427,
              "Actual Rows": 1,
              "Actual Loops": 7,
              "Plans": [
                {
                  "Node Type": "Seq Scan",
                  "Parent Relationship": "Outer",
                  "Parallel Aware": true,
                  "Relation Name": "cast_info",
                  "Alias": "ci",
                  "Startup Cost": 0.0,
                  "Total Cost": 343316.27,
                  "Plan Rows": 765060,
                  "Plan Width": 0,
                  "Actual Startup Time": 0.04,
                  "Actual Total Time": 741.792,
                  "Actual Rows": 859665,
                  "Actual Loops": 7,
                  "Filter": "((person_id < 816166) AND (role_id < 3))",
                  "Rows Removed by Filter": 4318098
                }
              ]
            }
          ]
        }
      ]
    },
    "Planning Time": 0.307,
    "Triggers": [],
    "Execution Time": 864.609
  }
]