[
  {
    "Plan": {
      "Node Type": "Aggregate",
      "Strategy": "Plain",
      "Partial Mode": "Finalize",
      "Parallel Aware": false,
      "Startup Cost": 92925.63,
      "Total Cost": 92925.64,
      "Plan Rows": 1,
      "Plan Width": 8,
      "Actual Startup Time": 323.876,
      "Actual Total Time": 340.725,
      "Actual Rows": 1,
      "Actual Loops": 1,
      "Plans": [
        {
          "Node Type": "Gather",
          "Parent Relationship": "Outer",
          "Parallel Aware": false,
          "Startup Cost": 92925.31,
          "Total Cost": 92925.62,
          "Plan Rows": 3,
          "Plan Width": 8,
          "Actual Startup Time": 321.81,
          "Actual Total Time": 340.72,
          "Actual Rows": 4,
          "Actual Loops": 1,
          "Workers Planned": 3,
          "Workers Launched": 3,
          "Single Copy": false,
          "Plans": [
            {
              "Node Type": "Aggregate",
              "Strategy": "Plain",
              "Partial Mode": "Partial",
              "Parent Relationship": "Outer",
              "Parallel Aware": false,
              "Startup Cost": 91925.31,
              "Total Cost": 91925.32,
              "Plan Rows": 1,
              "Plan Width": 8,
              "Actual Startup Time": 316.095,
              "Actual Total Time": 316.099,
              "Actual Rows": 1,
              "Actual Loops": 4,
              "Plans": [
                {
                  "Node Type": "Hash Join",
                  "Parent Relationship": "Outer",
                  "Parallel Aware": true,
                  "Join Type": "Inner",
                  "Startup Cost": 47238.59,
                  "Total Cost": 91577.01,
                  "Plan Rows": 139320,
                  "Plan Width": 0,
                  "Actual Startup Time": 149.044,
                  "Actual Total Time": 308.749,
                  "Actual Rows": 179241,
                  "Actual Loops": 4,
                  "Inner Unique": true,
                  "Hash Cond": "(mk.movie_id = t.id)",
                  "Plans": [
                    {
                      "Node Type": "Seq Scan",
                      "Parent Relationship": "Outer",
                      "Parallel Aware": true,
                      "Relation Name": "movie_keyword",
                      "Alias": "mk",
                      "Startup Cost": 0.0,
                      "Total Cost": 42695.65,
                      "Plan Rows": 625817,
                      "Plan Width": 4,
                      "Actual Startup Time": 0.401,
                      "Actual Total Time": 98.276,
                      "Actual Rows": 482006,
                      "Actual Loops": 4,
                      "Filter": "(keyword_id > 6933)",
                      "Rows Removed by Filter": 648976
                    },
                    {
                      "Node Type": "Hash",
                      "Parent Relationship": "Inner",
                      "Parallel Aware": true,
                      "Startup Cost": 45479.59,
                      "Total Cost": 45479.59,
                      "Plan Rows": 140720,
                      "Plan Width": 4,
                      "Actual Startup Time": 145.118,
                      "Actual Total Time": 145.12,
                      "Actual Rows": 119292,
                      "Actual Loops": 4,
                      "Hash Buckets": 1048576,
                      "Original Hash Buckets": 1048576,
                      "Hash Batches": 1,
                      "Original Hash Batches": 1,
                      "Peak Memory Usage": 26912,
                      "Plans": [
                        {
                          "Node Type": "Seq Scan",
                          "Parent Relationship": "Outer",
                          "Parallel Aware": true,
                          "Relation Name": "title",
                          "Alias": "t",
                          "Startup Cost": 0.0,
                          "Total Cost": 45479.59,
                          "Plan Rows": 140720,
                          "Plan Width": 4,
                          "Actual Startup Time": 0.027,
                          "Actual Total Time": 97.943,
                          "Actual Rows": 119292,
                          "Actual Loops": 4,
                          "Filter": "((kind_id < 7) AND (production_year > 1999))",
                          "Rows Removed by Filter": 512786
                        }
                      ]
                    }
                  ]
                }
              ]
            }
          ]
        }
      ]
    },
    "Planning Time": 0.398,
    "Triggers": [],
    "Execution Time": 340.772
  }
]