[
  {
    "Plan": {
      "Node Type": "Aggregate",
      "Strategy": "Plain",
      "Partial Mode": "Finalize",
      "Parallel Aware": false,
      "Startup Cost": 92914.3,
      "Total Cost": 92914.31,
      "Plan Rows": 1,
      "Plan Width": 8,
      "Actual Startup Time": 325.843,
      "Actual Total Time": 343.252,
      "Actual Rows": 1,
      "Actual Loops": 1,
      "Plans": [
        {
          "Node Type": "Gather",
          "Parent Relationship": "Outer",
          "Parallel Aware": false,
          "Startup Cost": 92913.98,
          "Total Cost": 92914.29,
          "Plan Rows": 3,
          "Plan Width": 8,
          "Actual Startup Time": 324.026,
          "Actual Total Time": 343.245,
          "Actual Rows": 4,
          "Actual Loops": 1,
          "Workers Planned": 3,
          "Workers Launched": 3,
          "Single Copy": false,
          "Plans": [
            {
              "Node Type": "Aggregate",
              "Strategy": "Plain",
              "Partial Mode": "Partial",
              "Parent Relationship": "Outer",
              "Parallel Aware": false,
              "Startup Cost": 91913.98,
              "Total Cost": 91913.99,
              "Plan Rows": 1,
              "Plan Width": 8,
              "Actual Startup Time": 315.308,
              "Actual Total Time": 315.311,
              "Actual Rows": 1,
              "Actual Loops": 4,
              "Plans": [
                {
                  "Node Type": "Hash Join",
                  "Parent Relationship": "Outer",
                  "Parallel Aware": true,
                  "Join Type": "Inner",
                  "Startup Cost": 47242.1,
                  "Total Cost": 91567.61,
                  "Plan Rows": 138547,
                  "Plan Width": 0,
                  "Actual Startup Time": 149.192,
                  "Actual Total Time": 307.735,
                  "Actual Rows": 179241,
                  "Actual Loops": 4,
                  "Inner Unique": true,
                  "Hash Cond": "(mk.movie_id = t.id)",
                  "Plans": [
                    {
                      "Node Type": "Seq Scan",
                      "Parent Relationship": "Outer",
                      "Parallel Aware": true,
                      "Relation Name": "movie_keyword",
                      "Alias": "mk",
                      "Startup Cost": 0.0,
                      "Total Cost": 42695.65,
                      "Plan Rows": 620899,
                      "Plan Width": 4,
                      "Actual Startup Time": 0.421,
                      "Actual Total Time": 98.484,
                      "Actual Rows": 482006,
                      "Actual Loops": 4,
                      "Filter": "(keyword_id > 6933)",
                      "Rows Removed by Filter": 648976
                    },
                    {
                      "Node Type": "Hash",
                      "Parent Relationship": "Inner",
                      "Parallel Aware": true,
                      "Startup Cost": 45479.1,
                      "Total Cost": 45479.1,
                      "Plan Rows": 141040,
                      "Plan Width": 4,
                      "Actual Startup Time": 144.318,
                      "Actual Total Time": 144.319,
                      "Actual Rows": 119292,
                      "Actual Loops": 4,
                      "Hash Buckets": 1048576,
                      "Original Hash Buckets": 1048576,
                      "Hash Batches": 1,
                      "Original Hash Batches": 1,
                      "Peak Memory Usage": 26944,
                      "Plans": [
                        {
                          "Node Type": "Seq Scan",
                          "Parent Relationship": "Outer",
                          "Parallel Aware": true,
                          "Relation Name": "title",
                          "Alias": "t",
                          "Startup Cost": 0.0,
                          "Total Cost": 45479.1,
                          "Plan Rows": 141040,
                          "Plan Width": 4,
                          "Actual Startup Time": 0.045,
                          "Actual Total Time": 98.838,
                          "Actual Rows": 119292,
                          "Actual Loops": 4,
                          "Filter": "((kind_id < 7) AND (production_year > 1999))",
                          "Rows Removed by Filter": 512786
                        }
                      ]
                    }
                  ]
                }
              ]
            }
          ]
        }
      ]
    },
    "Planning Time": 0.5,
    "Triggers": [],
    "Execution Time": 343.31
  }
]