[
  {
    "Plan": {
      "Node Type": "Aggregate",
      "Strategy": "Plain",
      "Partial Mode": "Finalize",
      "Parallel Aware": false,
      "Startup Cost": 32206.92,
      "Total Cost": 32206.93,
      "Plan Rows": 1,
      "Plan Width": 8,
      "Actual Startup Time": 118.234,
      "Actual Total Time": 126.514,
      "Actual Rows": 1,
      "Actual Loops": 1,
      "Plans": [
        {
          "Node Type": "Gather",
          "Parent Relationship": "Outer",
          "Parallel Aware": false,
          "Startup Cost": 32206.6,
          "Total Cost": 32206.91,
          "Plan Rows": 3,
          "Plan Width": 8,
          "Actual Startup Time": 118.119,
          "Actual Total Time": 126.506,
          "Actual Rows": 4,
          "Actual Loops": 1,
          "Workers Planned": 3,
          "Workers Launched": 3,
          "Single Copy": false,
          "Plans": [
            {
              "Node Type": "Aggregate",
              "Strategy": "Plain",
              "Partial Mode": "Partial",
              "Parent Relationship": "Outer",
              "Parallel Aware": false,
              "Startup Cost": 31206.6,
              "Total Cost": 31206.61,
              "Plan Rows": 1,
              "Plan Width": 8,
              "Actual Startup Time": 111.357,
              "Actual Total Time": 111.358,
              "Actual Rows": 1,
              "Actual Loops": 4,
              "Plans": [
                {
                  "Node Type": "Seq Scan",
                  "Parent Relationship": "Outer",
                  "Parallel Aware": true,
                  "Relation Name": "movie_companies",
                  "Alias": "mc",
                  "Startup Cost": 0.0,
                  "Total Cost": 29310.68,
                  "Plan Rows": 758369,
                  "Plan Width": 0,
                  "Actual Startup Time": 0.038,
                  "Actual Total Time": 83.329,
                  "Actual Rows": 588230,
                  "Actual Loops": 4,
                  "Filter": "(company_id < 100089)",
                  "Rows Removed by Filter": 64052
                }
              ]
            }
          ]
        }
      ]
    },
    "Planning Time": 0.181,
    "Triggers": [],
    "Execution Time": 126.569
  }
]