{
    "Plan": {
        "Node Type": "Aggregate",
        "Strategy": "Plain",
        "Partial Mode": "Finalize",
        "Parallel Aware": false,
        "Startup Cost": 379872.86,
        "Total Cost": 379872.87,
        "Plan Rows": 1,
        "Plan Width": 8,
        "Actual Startup Time": 1004.151,
        "Actual Total Time": 1055.291,
        "Actual Rows": 1,
        "Actual Loops": 1,
        "Output": [
            "count(*)"
        ],
        "Plans": [
            {
                "Node Type": "Gather",
                "Parent Relationship": "Outer",
                "Parallel Aware": false,
                "Startup Cost": 379872.23,
                "Total Cost": 379872.84,
                "Plan Rows": 6,
                "Plan Width": 8,
                "Actual Startup Time": 1002.322,
                "Actual Total Time": 1055.28,
                "Actual Rows": 7,
                "Actual Loops": 1,
                "Output": [
                    "(PARTIAL count(*))"
                ],
                "Workers Planned": 6,
                "Workers Launched": 6,
                "Single Copy": false,
                "Plans": [
                    {
                        "Node Type": "Aggregate",
                        "Strategy": "Plain",
                        "Partial Mode": "Partial",
                        "Parent Relationship": "Outer",
                        "Parallel Aware": false,
                        "Startup Cost": 378872.23,
                        "Total Cost": 378872.24,
                        "Plan Rows": 1,
                        "Plan Width": 8,
                        "Actual Startup Time": 992.19,
                        "Actual Total Time": 992.193,
                        "Actual Rows": 1,
                        "Actual Loops": 7,
                        "Output": [
                            "PARTIAL count(*)"
                        ],
                        "Workers": [
                            {
                                "Worker Number": 0,
                                "Actual Startup Time": 989.695,
                                "Actual Total Time": 989.698,
                                "Actual Rows": 1,
                                "Actual Loops": 1
                            },
                            {
                                "Worker Number": 1,
                                "Actual Startup Time": 989.648,
                                "Actual Total Time": 989.65,
                                "Actual Rows": 1,
                                "Actual Loops": 1
                            },
                            {
                                "Worker Number": 2,
                                "Actual Startup Time": 989.647,
                                "Actual Total Time": 989.65,
                                "Actual Rows": 1,
                                "Actual Loops": 1
                            },
                            {
                                "Worker Number": 3,
                                "Actual Startup Time": 993.745,
                                "Actual Total Time": 993.747,
                                "Actual Rows": 1,
                                "Actual Loops": 1
                            },
                            {
                                "Worker Number": 4,
                                "Actual Startup Time": 990.352,
                                "Actual Total Time": 990.356,
                                "Actual Rows": 1,
                                "Actual Loops": 1
                            },
                            {
                                "Worker Number": 5,
                                "Actual Startup Time": 990.845,
                                "Actual Total Time": 990.848,
                                "Actual Rows": 1,
                                "Actual Loops": 1
                            }
                        ],
                        "Plans": [
                            {
                                "Node Type": "Hash Join",
                                "Parent Relationship": "Outer",
                                "Parallel Aware": true,
                                "Join Type": "Inner",
                                "Startup Cost": 44622.81,
                                "Total Cost": 378387.89,
                                "Plan Rows": 193738,
                                "Plan Width": 0,
                                "Actual Startup Time": 343.413,
                                "Actual Total Time": 987.548,
                                "Actual Rows": 82340,
                                "Actual Loops": 7,
                                "Inner Unique": true,
                                "Hash Cond": "(ci.movie_id = t.id)",
                                "Workers": [
                                    {
                                        "Worker Number": 0,
                                        "Actual Startup Time": 341.096,
                                        "Actual Total Time": 984.982,
                                        "Actual Rows": 62405,
                                        "Actual Loops": 1
                                    },
                                    {
                                        "Worker Number": 1,
                                        "Actual Startup Time": 340.612,
                                        "Actual Total Time": 984.875,
                                        "Actual Rows": 62644,
                                        "Actual Loops": 1
                                    },
                                    {
                                        "Worker Number": 2,
                                        "Actual Startup Time": 341.246,
                                        "Actual Total Time": 984.632,
                                        "Actual Rows": 66391,
                                        "Actual Loops": 1
                                    },
                                    {
                                        "Worker Number": 3,
                                        "Actual Startup Time": 344.919,
                                        "Actual Total Time": 989.427,
                                        "Actual Rows": 89022,
                                        "Actual Loops": 1
                                    },
                                    {
                                        "Worker Number": 4,
                                        "Actual Startup Time": 341.77,
                                        "Actual Total Time": 986.117,
                                        "Actual Rows": 87396,
                                        "Actual Loops": 1
                                    },
                                    {
                                        "Worker Number": 5,
                                        "Actual Startup Time": 341.861,
                                        "Actual Total Time": 986.481,
                                        "Actual Rows": 94583,
                                        "Actual Loops": 1
                                    }
                                ],
                                "Plans": [
                                    {
                                        "Node Type": "Seq Scan",
                                        "Parent Relationship": "Outer",
                                        "Parallel Aware": true,
                                        "Relation Name": "cast_info",
                                        "Schema": "public",
                                        "Alias": "ci",
                                        "Startup Cost": 0.0,
                                        "Total Cost": 328213.62,
                                        "Plan Rows": 2114840,
                                        "Plan Width": 4,
                                        "Actual Startup Time": 254.036,
                                        "Actual Total Time": 579.967,
                                        "Actual Rows": 1834853,
                                        "Actual Loops": 7,
                                        "Output": [
                                            "ci.id",
                                            "ci.person_id",
                                            "ci.movie_id",
                                            "ci.person_role_id",
                                            "ci.note",
                                            "ci.nr_order",
                                            "ci.role_id"
                                        ],
                                        "Filter": "(ci.person_id > 2394872)",
                                        "Rows Removed by Filter": 3342910,
                                        "Workers": [
                                            {
                                                "Worker Number": 0,
                                                "Actual Startup Time": 254.034,
                                                "Actual Total Time": 583.518,
                                                "Actual Rows": 1416489,
                                                "Actual Loops": 1
                                            },
                                            {
                                                "Worker Number": 1,
                                                "Actual Startup Time": 254.061,
                                                "Actual Total Time": 583.349,
                                                "Actual Rows": 1422658,
                                                "Actual Loops": 1
                                            },
                                            {
                                                "Worker Number": 2,
                                                "Actual Startup Time": 253.915,
                                                "Actual Total Time": 583.845,
                                                "Actual Rows": 1428365,
                                                "Actual Loops": 1
                                            },
                                            {
                                                "Worker Number": 3,
                                                "Actual Startup Time": 254.069,
                                                "Actual Total Time": 577.777,
                                                "Actual Rows": 1935546,
                                                "Actual Loops": 1
                                            },
                                            {
                                                "Worker Number": 4,
                                                "Actual Startup Time": 254.059,
                                                "Actual Total Time": 578.215,
                                                "Actual Rows": 1941309,
                                                "Actual Loops": 1
                                            },
                                            {
                                                "Worker Number": 5,
                                                "Actual Startup Time": 254.048,
                                                "Actual Total Time": 582.716,
                                                "Actual Rows": 2131343,
                                                "Actual Loops": 1
                                            }
                                        ]
                                    },
                                    {
                                        "Node Type": "Hash",
                                        "Parent Relationship": "Inner",
                                        "Parallel Aware": true,
                                        "Startup Cost": 43899.01,
                                        "Total Cost": 43899.01,
                                        "Plan Rows": 57904,
                                        "Plan Width": 4,
                                        "Actual Startup Time": 87.074,
                                        "Actual Total Time": 87.076,
                                        "Actual Rows": 32983,
                                        "Actual Loops": 7,
                                        "Output": [
                                            "t.id"
                                        ],
                                        "Hash Buckets": 262144,
                                        "Original Hash Buckets": 262144,
                                        "Hash Batches": 1,
                                        "Original Hash Batches": 1,
                                        "Peak Memory Usage": 11168,
                                        "Workers": [
                                            {
                                                "Worker Number": 0,
                                                "Actual Startup Time": 85.472,
                                                "Actual Total Time": 85.473,
                                                "Actual Rows": 26020,
                                                "Actual Loops": 1
                                            },
                                            {
                                                "Worker Number": 1,
                                                "Actual Startup Time": 85.578,
                                                "Actual Total Time": 85.579,
                                                "Actual Rows": 26097,
                                                "Actual Loops": 1
                                            },
                                            {
                                                "Worker Number": 2,
                                                "Actual Startup Time": 85.714,
                                                "Actual Total Time": 85.715,
                                                "Actual Rows": 26178,
                                                "Actual Loops": 1
                                            },
                                            {
                                                "Worker Number": 3,
                                                "Actual Startup Time": 89.935,
                                                "Actual Total Time": 89.937,
                                                "Actual Rows": 33849,
                                                "Actual Loops": 1
                                            },
                                            {
                                                "Worker Number": 4,
                                                "Actual Startup Time": 86.376,
                                                "Actual Total Time": 86.377,
                                                "Actual Rows": 33318,
                                                "Actual Loops": 1
                                            },
                                            {
                                                "Worker Number": 5,
                                                "Actual Startup Time": 86.831,
                                                "Actual Total Time": 86.832,
                                                "Actual Rows": 34860,
                                                "Actual Loops": 1
                                            }
                                        ],
                                        "Plans": [
                                            {
                                                "Node Type": "Seq Scan",
                                                "Parent Relationship": "Outer",
                                                "Parallel Aware": true,
                                                "Relation Name": "title",
                                                "Schema": "public",
                                                "Alias": "t",
                                                "Startup Cost": 0.0,
                                                "Total Cost": 43899.01,
                                                "Plan Rows": 57904,
                                                "Plan Width": 4,
                                                "Actual Startup Time": 0.118,
                                                "Actual Total Time": 72.924,
                                                "Actual Rows": 32983,
                                                "Actual Loops": 7,
                                                "Output": [
                                                    "t.id"
                                                ],
                                                "Filter": "(t.production_year < 1959)",
                                                "Rows Removed by Filter": 328204,
                                                "Workers": [
                                                    {
                                                        "Worker Number": 0,
                                                        "Actual Startup Time": 0.197,
                                                        "Actual Total Time": 71.642,
                                                        "Actual Rows": 26020,
                                                        "Actual Loops": 1
                                                    },
                                                    {
                                                        "Worker Number": 1,
                                                        "Actual Startup Time": 0.076,
                                                        "Actual Total Time": 72.411,
                                                        "Actual Rows": 26097,
                                                        "Actual Loops": 1
                                                    },
                                                    {
                                                        "Worker Number": 2,
                                                        "Actual Startup Time": 0.073,
                                                        "Actual Total Time": 72.527,
                                                        "Actual Rows": 26178,
                                                        "Actual Loops": 1
                                                    },
                                                    {
                                                        "Worker Number": 3,
                                                        "Actual Startup Time": 0.106,
                                                        "Actual Total Time": 75.232,
                                                        "Actual Rows": 33849,
                                                        "Actual Loops": 1
                                                    },
                                                    {
                                                        "Worker Number": 4,
                                                        "Actual Startup Time": 0.129,
                                                        "Actual Total Time": 72.002,
                                                        "Actual Rows": 33318,
                                                        "Actual Loops": 1
                                                    },
                                                    {
                                                        "Worker Number": 5,
                                                        "Actual Startup Time": 0.217,
                                                        "Actual Total Time": 73.251,
                                                        "Actual Rows": 34860,
                                                        "Actual Loops": 1
                                                    }
                                                ]
                                            }
                                        ]
                                    }
                                ]
                            }
                        ]
                    }
                ]
            }
        ]
    },
    "Planning Time": 0.746,
    "Triggers": [],
    "Execution Time": 1055.376
}