[
    {
        "Bao": {
            "Bao prediction": "NaN",
            "Bao recommended hint": "(no hint)"
        }
    },
    {
        "Plan": {
            "Node Type": "Aggregate",
            "Strategy": "Plain",
            "Partial Mode": "Finalize",
            "Parallel Aware": false,
            "Startup Cost": 76781.27,
            "Total Cost": 76781.28,
            "Plan Rows": 1,
            "Plan Width": 8,
            "Actual Startup Time": 173.64,
            "Actual Total Time": 182.558,
            "Actual Rows": 1,
            "Actual Loops": 1,
            "Output": [
                "count(*)"
            ],
            "Plans": [
                {
                    "Node Type": "Gather",
                    "Parent Relationship": "Outer",
                    "Parallel Aware": false,
                    "Startup Cost": 76780.96,
                    "Total Cost": 76781.27,
                    "Plan Rows": 3,
                    "Plan Width": 8,
                    "Actual Startup Time": 173.007,
                    "Actual Total Time": 182.551,
                    "Actual Rows": 4,
                    "Actual Loops": 1,
                    "Output": [
                        "(PARTIAL count(*))"
                    ],
                    "Workers Planned": 3,
                    "Workers Launched": 3,
                    "Single Copy": false,
                    "Plans": [
                        {
                            "Node Type": "Aggregate",
                            "Strategy": "Plain",
                            "Partial Mode": "Partial",
                            "Parent Relationship": "Outer",
                            "Parallel Aware": false,
                            "Startup Cost": 75780.96,
                            "Total Cost": 75780.97,
                            "Plan Rows": 1,
                            "Plan Width": 8,
                            "Actual Startup Time": 163.963,
                            "Actual Total Time": 163.966,
                            "Actual Rows": 1,
                            "Actual Loops": 4,
                            "Output": [
                                "PARTIAL count(*)"
                            ],
                            "Workers": [
                                {
                                    "Worker Number": 0,
                                    "Actual Startup Time": 161.327,
                                    "Actual Total Time": 161.33,
                                    "Actual Rows": 1,
                                    "Actual Loops": 1
                                },
                                {
                                    "Worker Number": 1,
                                    "Actual Startup Time": 161.395,
                                    "Actual Total Time": 161.398,
                                    "Actual Rows": 1,
                                    "Actual Loops": 1
                                },
                                {
                                    "Worker Number": 2,
                                    "Actual Startup Time": 161.333,
                                    "Actual Total Time": 161.336,
                                    "Actual Rows": 1,
                                    "Actual Loops": 1
                                }
                            ],
                            "Plans": [
                                {
                                    "Node Type": "Hash Join",
                                    "Parent Relationship": "Outer",
                                    "Parallel Aware": true,
                                    "Join Type": "Inner",
                                    "Startup Cost": 50268.3,
                                    "Total Cost": 75776.41,
                                    "Plan Rows": 1820,
                                    "Plan Width": 0,
                                    "Actual Startup Time": 112.01,
                                    "Actual Total Time": 163.92,
                                    "Actual Rows": 441,
                                    "Actual Loops": 4,
                                    "Inner Unique": true,
                                    "Hash Cond": "(mk.movie_id = t.id)",
                                    "Workers": [
                                        {
                                            "Worker Number": 0,
                                            "Actual Startup Time": 109.473,
                                            "Actual Total Time": 161.282,
                                            "Actual Rows": 350,
                                            "Actual Loops": 1
                                        },
                                        {
                                            "Worker Number": 1,
                                            "Actual Startup Time": 109.467,
                                            "Actual Total Time": 161.357,
                                            "Actual Rows": 290,
                                            "Actual Loops": 1
                                        },
                                        {
                                            "Worker Number": 2,
                                            "Actual Startup Time": 109.515,
                                            "Actual Total Time": 161.292,
                                            "Actual Rows": 422,
                                            "Actual Loops": 1
                                        }
                                    ],
                                    "Plans": [
                                        {
                                            "Node Type": "Bitmap Heap Scan",
                                            "Parent Relationship": "Outer",
                                            "Parallel Aware": true,
                                            "Relation Name": "movie_keyword",
                                            "Schema": "public",
                                            "Alias": "mk",
                                            "Startup Cost": 4582.8,
                                            "Total Cost": 29907.95,
                                            "Plan Rows": 69693,
                                            "Plan Width": 4,
                                            "Actual Startup Time": 16.229,
                                            "Actual Total Time": 58.104,
                                            "Actual Rows": 54231,
                                            "Actual Loops": 4,
                                            "Output": [
                                                "mk.id",
                                                "mk.movie_id",
                                                "mk.keyword_id"
                                            ],
                                            "Recheck Cond": "(mk.keyword_id < 145)",
                                            "Rows Removed by Index Recheck": 0,
                                            "Exact Heap Blocks": 9090,
                                            "Lossy Heap Blocks": 0,
                                            "Workers": [
                                                {
                                                    "Worker Number": 0,
                                                    "Actual Startup Time": 16.272,
                                                    "Actual Total Time": 58.872,
                                                    "Actual Rows": 43056,
                                                    "Actual Loops": 1
                                                },
                                                {
                                                    "Worker Number": 1,
                                                    "Actual Startup Time": 16.294,
                                                    "Actual Total Time": 58.887,
                                                    "Actual Rows": 42969,
                                                    "Actual Loops": 1
                                                },
                                                {
                                                    "Worker Number": 2,
                                                    "Actual Startup Time": 16.233,
                                                    "Actual Total Time": 58.979,
                                                    "Actual Rows": 49960,
                                                    "Actual Loops": 1
                                                }
                                            ],
                                            "Plans": [
                                                {
                                                    "Node Type": "Bitmap Index Scan",
                                                    "Parent Relationship": "Outer",
                                                    "Parallel Aware": false,
                                                    "Index Name": "keyword_id_movie_keyword",
                                                    "Startup Cost": 0.0,
                                                    "Total Cost": 4528.78,
                                                    "Plan Rows": 216047,
                                                    "Plan Width": 0,
                                                    "Actual Startup Time": 12.674,
                                                    "Actual Total Time": 12.675,
                                                    "Actual Rows": 216924,
                                                    "Actual Loops": 1,
                                                    "Index Cond": "(mk.keyword_id < 145)"
                                                }
                                            ]
                                        },
                                        {
                                            "Node Type": "Hash",
                                            "Parent Relationship": "Inner",
                                            "Parallel Aware": true,
                                            "Startup Cost": 45479.21,
                                            "Total Cost": 45479.21,
                                            "Plan Rows": 16504,
                                            "Plan Width": 4,
                                            "Actual Startup Time": 94.813,
                                            "Actual Total Time": 94.814,
                                            "Actual Rows": 18631,
                                            "Actual Loops": 4,
                                            "Output": [
                                                "t.id"
                                            ],
                                            "Hash Buckets": 131072,
                                            "Original Hash Buckets": 131072,
                                            "Hash Batches": 1,
                                            "Original Hash Batches": 1,
                                            "Peak Memory Usage": 4000,
                                            "Workers": [
                                                {
                                                    "Worker Number": 0,
                                                    "Actual Startup Time": 92.509,
                                                    "Actual Total Time": 92.51,
                                                    "Actual Rows": 14667,
                                                    "Actual Loops": 1
                                                },
                                                {
                                                    "Worker Number": 1,
                                                    "Actual Startup Time": 92.521,
                                                    "Actual Total Time": 92.521,
                                                    "Actual Rows": 14626,
                                                    "Actual Loops": 1
                                                },
                                                {
                                                    "Worker Number": 2,
                                                    "Actual Startup Time": 92.507,
                                                    "Actual Total Time": 92.507,
                                                    "Actual Rows": 15545,
                                                    "Actual Loops": 1
                                                }
                                            ],
                                            "Plans": [
                                                {
                                                    "Node Type": "Seq Scan",
                                                    "Parent Relationship": "Outer",
                                                    "Parallel Aware": true,
                                                    "Relation Name": "title",
                                                    "Schema": "public",
                                                    "Alias": "t",
                                                    "Startup Cost": 0.0,
                                                    "Total Cost": 45479.21,
                                                    "Plan Rows": 16504,
                                                    "Plan Width": 4,
                                                    "Actual Startup Time": 0.058,
                                                    "Actual Total Time": 87.079,
                                                    "Actual Rows": 18631,
                                                    "Actual Loops": 4,
                                                    "Output": [
                                                        "t.id"
                                                    ],
                                                    "Filter": "((t.kind_id = 7) AND (t.production_year = 2006))",
                                                    "Rows Removed by Filter": 613447,
                                                    "Workers": [
                                                        {
                                                            "Worker Number": 0,
                                                            "Actual Startup Time": 0.073,
                                                            "Actual Total Time": 84.59,
                                                            "Actual Rows": 14667,
                                                            "Actual Loops": 1
                                                        },
                                                        {
                                                            "Worker Number": 1,
                                                            "Actual Startup Time": 0.075,
                                                            "Actual Total Time": 85.3,
                                                            "Actual Rows": 14626,
                                                            "Actual Loops": 1
                                                        },
                                                        {
                                                            "Worker Number": 2,
                                                            "Actual Startup Time": 0.067,
                                                            "Actual Total Time": 85.703,
                                                            "Actual Rows": 15545,
                                                            "Actual Loops": 1
                                                        }
                                                    ]
                                                }
                                            ]
                                        }
                                    ]
                                }
                            ]
                        }
                    ]
                }
            ]
        },
        "Planning Time": 212.864,
        "Triggers": [],
        "Execution Time": 182.636
    }
]