[
  {
    "Plan": {
      "Node Type": "Aggregate",
      "Strategy": "Plain",
      "Partial Mode": "Finalize",
      "Parallel Aware": false,
      "Startup Cost": 332127.41,
      "Total Cost": 332127.42,
      "Plan Rows": 1,
      "Plan Width": 8,
      "Actual Startup Time": 746.611,
      "Actual Total Time": 808.159,
      "Actual Rows": 1,
      "Actual Loops": 1,
      "Plans": [
        {
          "Node Type": "Gather",
          "Parent Relationship": "Outer",
          "Parallel Aware": false,
          "Startup Cost": 332126.78,
          "Total Cost": 332127.39,
          "Plan Rows": 6,
          "Plan Width": 8,
          "Actual Startup Time": 746.177,
          "Actual Total Time": 808.144,
          "Actual Rows": 7,
          "Actual Loops": 1,
          "Workers Planned": 6,
          "Workers Launched": 6,
          "Single Copy": false,
          "Plans": [
            {
              "Node Type": "Aggregate",
              "Strategy": "Plain",
              "Partial Mode": "Partial",
              "Parent Relationship": "Outer",
              "Parallel Aware": false,
              "Startup Cost": 331126.78,
              "Total Cost": 331126.79,
              "Plan Rows": 1,
              "Plan Width": 8,
              "Actual Startup Time": 737.554,
              "Actual Total Time": 737.556,
              "Actual Rows": 1,
              "Actual Loops": 7,
              "Plans": [
                {
                  "Node Type": "Seq Scan",
                  "Parent Relationship": "Outer",
                  "Parallel Aware": true,
                  "Relation Name": "cast_info",
                  "Alias": "ci",
                  "Startup Cost": 0.0,
                  "Total Cost": 328211.39,
                  "Plan Rows": 1166156,
                  "Plan Width": 0,
                  "Actual Startup Time": 0.051,
                  "Actual Total Time": 672.186,
                  "Actual Rows": 1018236,
                  "Actual Loops": 7,
                  "Filter": "(person_id < 688589)",
                  "Rows Removed by Filter": 4159527
                }
              ]
            }
          ]
        }
      ]
    },
    "Planning Time": 0.083,
    "Triggers": [],
    "Execution Time": 808.209
  }
]