[
    {
        "Bao": {
            "Bao prediction": "NaN",
            "Bao recommended hint": "(no hint)"
        }
    },
    {
        "Plan": {
            "Node Type": "Aggregate",
            "Strategy": "Plain",
            "Partial Mode": "Finalize",
            "Parallel Aware": false,
            "Startup Cost": 32748.77,
            "Total Cost": 32748.78,
            "Plan Rows": 1,
            "Plan Width": 8,
            "Actual Startup Time": 86.908,
            "Actual Total Time": 93.542,
            "Actual Rows": 1,
            "Actual Loops": 1,
            "Output": [
                "count(*)"
            ],
            "Plans": [
                {
                    "Node Type": "Gather",
                    "Parent Relationship": "Outer",
                    "Parallel Aware": false,
                    "Startup Cost": 32748.45,
                    "Total Cost": 32748.76,
                    "Plan Rows": 3,
                    "Plan Width": 8,
                    "Actual Startup Time": 86.848,
                    "Actual Total Time": 93.534,
                    "Actual Rows": 4,
                    "Actual Loops": 1,
                    "Output": [
                        "(PARTIAL count(*))"
                    ],
                    "Workers Planned": 3,
                    "Workers Launched": 3,
                    "Single Copy": false,
                    "Plans": [
                        {
                            "Node Type": "Aggregate",
                            "Strategy": "Plain",
                            "Partial Mode": "Partial",
                            "Parent Relationship": "Outer",
                            "Parallel Aware": false,
                            "Startup Cost": 31748.45,
                            "Total Cost": 31748.46,
                            "Plan Rows": 1,
                            "Plan Width": 8,
                            "Actual Startup Time": 78.298,
                            "Actual Total Time": 78.304,
                            "Actual Rows": 1,
                            "Actual Loops": 4,
                            "Output": [
                                "PARTIAL count(*)"
                            ],
                            "Workers": [
                                {
                                    "Worker Number": 0,
                                    "Actual Startup Time": 75.058,
                                    "Actual Total Time": 75.058,
                                    "Actual Rows": 1,
                                    "Actual Loops": 1
                                },
                                {
                                    "Worker Number": 1,
                                    "Actual Startup Time": 75.769,
                                    "Actual Total Time": 75.771,
                                    "Actual Rows": 1,
                                    "Actual Loops": 1
                                },
                                {
                                    "Worker Number": 2,
                                    "Actual Startup Time": 75.933,
                                    "Actual Total Time": 75.935,
                                    "Actual Rows": 1,
                                    "Actual Loops": 1
                                }
                            ],
                            "Plans": [
                                {
                                    "Node Type": "Seq Scan",
                                    "Parent Relationship": "Outer",
                                    "Parallel Aware": true,
                                    "Relation Name": "movie_companies",
                                    "Schema": "public",
                                    "Alias": "mc",
                                    "Startup Cost": 0.0,
                                    "Total Cost": 31414.82,
                                    "Plan Rows": 133453,
                                    "Plan Width": 0,
                                    "Actual Startup Time": 22.302,
                                    "Actual Total Time": 76.806,
                                    "Actual Rows": 23391,
                                    "Actual Loops": 4,
                                    "Output": [
                                        "id",
                                        "movie_id",
                                        "company_id",
                                        "company_type_id",
                                        "note"
                                    ],
                                    "Filter": "((mc.company_id > 25473) AND (mc.company_type_id = 1))",
                                    "Rows Removed by Filter": 628891,
                                    "Workers": [
                                        {
                                            "Worker Number": 0,
                                            "Actual Startup Time": 19.078,
                                            "Actual Total Time": 73.768,
                                            "Actual Rows": 19553,
                                            "Actual Loops": 1
                                        },
                                        {
                                            "Worker Number": 1,
                                            "Actual Startup Time": 19.768,
                                            "Actual Total Time": 74.371,
                                            "Actual Rows": 22841,
                                            "Actual Loops": 1
                                        },
                                        {
                                            "Worker Number": 2,
                                            "Actual Startup Time": 19.932,
                                            "Actual Total Time": 74.504,
                                            "Actual Rows": 23182,
                                            "Actual Loops": 1
                                        }
                                    ]
                                }
                            ]
                        }
                    ]
                }
            ]
        },
        "Planning Time": 325.454,
        "Triggers": [],
        "Execution Time": 93.611
    }
]