{
  "Plan": {
    "Node Type": "Aggregate",
    "Strategy": "Plain",
    "Partial Mode": "Finalize",
    "Parallel Aware": false,
    "Startup Cost": 446617.08,
    "Total Cost": 446617.09,
    "Plan Rows": 1,
    "Plan Width": 8,
    "Actual Startup Time": 4775.665,
    "Actual Total Time": 4820.411,
    "Actual Rows": 1,
    "Actual Loops": 1,
    "Plans": [
      {
        "Node Type": "Gather",
        "Parent Relationship": "Outer",
        "Parallel Aware": false,
        "Startup Cost": 446616.96,
        "Total Cost": 446617.07,
        "Plan Rows": 1,
        "Plan Width": 8,
        "Actual Startup Time": 4770.542,
        "Actual Total Time": 4820.402,
        "Actual Rows": 2,
        "Actual Loops": 1,
        "Workers Planned": 1,
        "Workers Launched": 1,
        "Single Copy": false,
        "Plans": [
          {
            "Node Type": "Aggregate",
            "Strategy": "Plain",
            "Partial Mode": "Partial",
            "Parent Relationship": "Outer",
            "Parallel Aware": false,
            "Startup Cost": 445616.96,
            "Total Cost": 445616.97,
            "Plan Rows": 1,
            "Plan Width": 8,
            "Actual Startup Time": 4765.251,
            "Actual Total Time": 4766.701,
            "Actual Rows": 1,
            "Actual Loops": 2,
            "Plans": [
              {
                "Node Type": "Hash Join",
                "Parent Relationship": "Outer",
                "Parallel Aware": true,
                "Join Type": "Inner",
                "Startup Cost": 116557.48,
                "Total Cost": 437412.62,
                "Plan Rows": 3281738,
                "Plan Width": 0,
                "Actual Startup Time": 912.026,
                "Actual Total Time": 4076.641,
                "Actual Rows": 18148612,
                "Actual Loops": 2,
                "Inner Unique": false,
                "Hash Cond": "(mi.movie_id = t.id)",
                "Plans": [
                  {
                    "Node Type": "Seq Scan",
                    "Parent Relationship": "Outer",
                    "Parallel Aware": true,
                    "Relation Name": "movie_info",
                    "Alias": "mi",
                    "Startup Cost": 0.0,
                    "Total Cost": 270696.42,
                    "Plan Rows": 8227834,
                    "Plan Width": 4,
                    "Actual Startup Time": 0.018,
                    "Actual Total Time": 815.539,
                    "Actual Rows": 7016790,
                    "Actual Loops": 2,
                    "Filter": "(info_type_id > 1)",
                    "Rows Removed by Filter": 401070
                  },
                  {
                    "Node Type": "Hash",
                    "Parent Relationship": "Inner",
                    "Parallel Aware": true,
                    "Startup Cost": 109142.56,
                    "Total Cost": 109142.56,
                    "Plan Rows": 593194,
                    "Plan Width": 8,
                    "Actual Startup Time": 902.411,
                    "Actual Total Time": 903.859,
                    "Actual Rows": 426638,
                    "Actual Loops": 2,
                    "Hash Buckets": 1048576,
                    "Original Hash Buckets": 1048576,
                    "Hash Batches": 1,
                    "Original Hash Batches": 1,
                    "Peak Memory Usage": 41600,
                    "Plans": [
                      {
                        "Node Type": "Hash Join",
                        "Parent Relationship": "Outer",
                        "Parallel Aware": true,
                        "Join Type": "Inner",
                        "Startup Cost": 69184.54,
                        "Total Cost": 109142.56,
                        "Plan Rows": 593194,
                        "Plan Width": 8,
                        "Actual Startup Time": 486.611,
                        "Actual Total Time": 798.839,
                        "Actual Rows": 426638,
                        "Actual Loops": 2,
                        "Inner Unique": true,
                        "Hash Cond": "(mc.movie_id = t.id)",
                        "Plans": [
                          {
                            "Node Type": "Seq Scan",
                            "Parent Relationship": "Outer",
                            "Parallel Aware": true,
                            "Relation Name": "movie_companies",
                            "Alias": "mc",
                            "Startup Cost": 0.0,
                            "Total Cost": 37974.77,
                            "Plan Rows": 755522,
                            "Plan Width": 4,
                            "Actual Startup Time": 0.014,
                            "Actual Total Time": 117.688,
                            "Actual Rows": 637123,
                            "Actual Loops": 2,
                            "Filter": "(company_type_id < 2)",
                            "Rows Removed by Filter": 667442
                          },
                          {
                            "Node Type": "Hash",
                            "Parent Relationship": "Inner",
                            "Parallel Aware": true,
                            "Startup Cost": 54588.39,
                            "Total Cost": 54588.39,
                            "Plan Rows": 1167692,
                            "Plan Width": 4,
                            "Actual Startup Time": 477.306,
                            "Actual Total Time": 477.307,
                            "Actual Rows": 988308,
                            "Actual Loops": 2,
                            "Hash Buckets": 2097152,
                            "Original Hash Buckets": 2097152,
                            "Hash Batches": 1,
                            "Original Hash Batches": 1,
                            "Peak Memory Usage": 93760,
                            "Plans": [
                              {
                                "Node Type": "Seq Scan",
                                "Parent Relationship": "Outer",
                                "Parallel Aware": true,
                                "Relation Name": "title",
                                "Alias": "t",
                                "Startup Cost": 0.0,
                                "Total Cost": 54588.39,
                                "Plan Rows": 1167692,
                                "Plan Width": 4,
                                "Actual Startup Time": 0.035,
                                "Actual Total Time": 179.249,
                                "Actual Rows": 988308,
                                "Actual Loops": 2,
                                "Filter": "(production_year > 1977)",
                                "Rows Removed by Filter": 275848
                              }
                            ]
                          }
                        ]
                      }
                    ]
                  }
                ]
              }
            ]
          }
        ]
      }
    ]
  },
  "Planning Time": 0.97,
  "Triggers": [],
  "Execution Time": 4820.527
}