{
  "Plan": {
    "Node Type": "Aggregate",
    "Strategy": "Plain",
    "Partial Mode": "Finalize",
    "Parallel Aware": false,
    "Startup Cost": 270350.17,
    "Total Cost": 270350.18,
    "Plan Rows": 1,
    "Plan Width": 8,
    "Actual Startup Time": 945.336,
    "Actual Total Time": 952.069,
    "Actual Rows": 1,
    "Actual Loops": 1,
    "Plans": [
      {
        "Node Type": "Gather",
        "Parent Relationship": "Outer",
        "Parallel Aware": false,
        "Startup Cost": 270350.06,
        "Total Cost": 270350.17,
        "Plan Rows": 1,
        "Plan Width": 8,
        "Actual Startup Time": 945.324,
        "Actual Total Time": 952.062,
        "Actual Rows": 2,
        "Actual Loops": 1,
        "Workers Planned": 1,
        "Workers Launched": 1,
        "Single Copy": false,
        "Plans": [
          {
            "Node Type": "Aggregate",
            "Strategy": "Plain",
            "Partial Mode": "Partial",
            "Parent Relationship": "Outer",
            "Parallel Aware": false,
            "Startup Cost": 269350.06,
            "Total Cost": 269350.07,
            "Plan Rows": 1,
            "Plan Width": 8,
            "Actual Startup Time": 922.315,
            "Actual Total Time": 922.322,
            "Actual Rows": 1,
            "Actual Loops": 2,
            "Plans": [
              {
                "Node Type": "Merge Join",
                "Parent Relationship": "Outer",
                "Parallel Aware": false,
                "Join Type": "Inner",
                "Startup Cost": 267170.66,
                "Total Cost": 269326.36,
                "Plan Rows": 9479,
                "Plan Width": 0,
                "Actual Startup Time": 826.355,
                "Actual Total Time": 912.025,
                "Actual Rows": 207972,
                "Actual Loops": 2,
                "Inner Unique": false,
                "Merge Cond": "(t.id = mi.movie_id)",
                "Plans": [
                  {
                    "Node Type": "Sort",
                    "Parent Relationship": "Outer",
                    "Parallel Aware": false,
                    "Startup Cost": 132104.06,
                    "Total Cost": 132960.24,
                    "Plan Rows": 342471,
                    "Plan Width": 8,
                    "Actual Startup Time": 794.988,
                    "Actual Total Time": 814.284,
                    "Actual Rows": 431852,
                    "Actual Loops": 2,
                    "Sort Key": [
                      "t.id"
                    ],
                    "Sort Method": "quicksort",
                    "Sort Space Used": 29599,
                    "Sort Space Type": "Memory",
                    "Workers": [
                      {
                        "Worker Number": 0,
                        "Sort Method": "quicksort",
                        "Sort Space Used": 35464,
                        "Sort Space Type": "Memory"
                      }
                    ],
                    "Plans": [
                      {
                        "Node Type": "Hash Join",
                        "Parent Relationship": "Outer",
                        "Parallel Aware": true,
                        "Join Type": "Inner",
                        "Startup Cost": 62454.72,
                        "Total Cost": 100621.35,
                        "Plan Rows": 342471,
                        "Plan Width": 8,
                        "Actual Startup Time": 271.006,
                        "Actual Total Time": 691.825,
                        "Actual Rows": 431852,
                        "Actual Loops": 2,
                        "Inner Unique": true,
                        "Hash Cond": "(mc.movie_id = t.id)",
                        "Plans": [
                          {
                            "Node Type": "Seq Scan",
                            "Parent Relationship": "Outer",
                            "Parallel Aware": true,
                            "Relation Name": "movie_companies",
                            "Alias": "mc",
                            "Startup Cost": 0.0,
                            "Total Cost": 34137.82,
                            "Plan Rows": 1534782,
                            "Plan Width": 4,
                            "Actual Startup Time": 0.013,
                            "Actual Total Time": 125.909,
                            "Actual Rows": 1304564,
                            "Actual Loops": 2
                          },
                          {
                            "Node Type": "Hash",
                            "Parent Relationship": "Inner",
                            "Parallel Aware": true,
                            "Startup Cost": 58306.47,
                            "Total Cost": 58306.47,
                            "Plan Rows": 331860,
                            "Plan Width": 4,
                            "Actual Startup Time": 262.06,
                            "Actual Total Time": 262.061,
                            "Actual Rows": 238584,
                            "Actual Loops": 2,
                            "Hash Buckets": 1048576,
                            "Original Hash Buckets": 1048576,
                            "Hash Batches": 1,
                            "Original Hash Batches": 1,
                            "Peak Memory Usage": 26880,
                            "Plans": [
                              {
                                "Node Type": "Seq Scan",
                                "Parent Relationship": "Outer",
                                "Parallel Aware": true,
                                "Relation Name": "title",
                                "Alias": "t",
                                "Startup Cost": 0.0,
                                "Total Cost": 58306.47,
                                "Plan Rows": 331860,
                                "Plan Width": 4,
                                "Actual Startup Time": 0.038,
                                "Actual Total Time": 176.763,
                                "Actual Rows": 238584,
                                "Actual Loops": 2,
                                "Filter": "((kind_id < 7) AND (production_year > 1999))",
                                "Rows Removed by Filter": 1025572
                              }
                            ]
                          }
                        ]
                      }
                    ]
                  },
                  {
                    "Node Type": "Sort",
                    "Parent Relationship": "Inner",
                    "Parallel Aware": false,
                    "Startup Cost": 135066.56,
                    "Total Cost": 135241.5,
                    "Plan Rows": 69976,
                    "Plan Width": 4,
                    "Actual Startup Time": 31.317,
                    "Actual Total Time": 42.097,
                    "Actual Rows": 258802,
                    "Actual Loops": 2,
                    "Sort Key": [
                      "mi.movie_id"
                    ],
                    "Sort Method": "quicksort",
                    "Sort Space Used": 6261,
                    "Sort Space Type": "Memory",
                    "Workers": [
                      {
                        "Worker Number": 0,
                        "Sort Method": "quicksort",
                        "Sort Space Used": 6261,
                        "Sort Space Type": "Memory"
                      }
                    ],
                    "Plans": [
                      {
                        "Node Type": "Bitmap Heap Scan",
                        "Parent Relationship": "Outer",
                        "Parallel Aware": false,
                        "Relation Name": "movie_info",
                        "Alias": "mi",
                        "Startup Cost": 1270.75,
                        "Total Cost": 129435.39,
                        "Plan Rows": 69976,
                        "Plan Width": 4,
                        "Actual Startup Time": 3.467,
                        "Actual Total Time": 17.302,
                        "Actual Rows": 68025,
                        "Actual Loops": 2,
                        "Recheck Cond": "(info_type_id = 94)",
                        "Rows Removed by Index Recheck": 0,
                        "Exact Heap Blocks": 2221,
                        "Lossy Heap Blocks": 0,
                        "Plans": [
                          {
                            "Node Type": "Bitmap Index Scan",
                            "Parent Relationship": "Outer",
                            "Parallel Aware": false,
                            "Index Name": "info_type_id_movie_info",
                            "Startup Cost": 0.0,
                            "Total Cost": 1253.25,
                            "Plan Rows": 69976,
                            "Plan Width": 0,
                            "Actual Startup Time": 3.174,
                            "Actual Total Time": 3.174,
                            "Actual Rows": 68025,
                            "Actual Loops": 2,
                            "Index Cond": "(info_type_id = 94)"
                          }
                        ]
                      }
                    ]
                  }
                ]
              }
            ]
          }
        ]
      }
    ]
  },
  "Planning Time": 1.122,
  "Triggers": [],
  "Execution Time": 952.204
}