[
  {
    "Plan": {
      "Node Type": "Aggregate",
      "Strategy": "Plain",
      "Partial Mode": "Finalize",
      "Parallel Aware": false,
      "Startup Cost": 32665.39,
      "Total Cost": 32665.4,
      "Plan Rows": 1,
      "Plan Width": 8,
      "Actual Startup Time": 86.533,
      "Actual Total Time": 96.135,
      "Actual Rows": 1,
      "Actual Loops": 1,
      "Plans": [
        {
          "Node Type": "Gather",
          "Parent Relationship": "Outer",
          "Parallel Aware": false,
          "Startup Cost": 32665.07,
          "Total Cost": 32665.38,
          "Plan Rows": 3,
          "Plan Width": 8,
          "Actual Startup Time": 86.397,
          "Actual Total Time": 96.128,
          "Actual Rows": 4,
          "Actual Loops": 1,
          "Workers Planned": 3,
          "Workers Launched": 3,
          "Single Copy": false,
          "Plans": [
            {
              "Node Type": "Aggregate",
              "Strategy": "Plain",
              "Partial Mode": "Partial",
              "Parent Relationship": "Outer",
              "Parallel Aware": false,
              "Startup Cost": 31665.07,
              "Total Cost": 31665.08,
              "Plan Rows": 1,
              "Plan Width": 8,
              "Actual Startup Time": 80.357,
              "Actual Total Time": 80.359,
              "Actual Rows": 1,
              "Actual Loops": 4,
              "Plans": [
                {
                  "Node Type": "Seq Scan",
                  "Parent Relationship": "Outer",
                  "Parallel Aware": true,
                  "Relation Name": "movie_companies",
                  "Alias": "mc",
                  "Startup Cost": 0.0,
                  "Total Cost": 31414.82,
                  "Plan Rows": 100101,
                  "Plan Width": 0,
                  "Actual Startup Time": 49.289,
                  "Actual Total Time": 78.35,
                  "Actual Rows": 42345,
                  "Actual Loops": 4,
                  "Filter": "((company_id < 689) AND (company_type_id > 1))",
                  "Rows Removed by Filter": 609937
                }
              ]
            }
          ]
        }
      ]
    },
    "Planning Time": 0.223,
    "Triggers": [],
    "Execution Time": 96.191
  }
]