{
  "Plan": {
    "Node Type": "Aggregate",
    "Strategy": "Plain",
    "Partial Mode": "Finalize",
    "Parallel Aware": false,
    "Startup Cost": 99510.45,
    "Total Cost": 99510.46,
    "Plan Rows": 1,
    "Plan Width": 8,
    "Actual Startup Time": 630.194,
    "Actual Total Time": 641.223,
    "Actual Rows": 1,
    "Actual Loops": 1,
    "Plans": [
      {
        "Node Type": "Gather",
        "Parent Relationship": "Outer",
        "Parallel Aware": false,
        "Startup Cost": 99510.33,
        "Total Cost": 99510.44,
        "Plan Rows": 1,
        "Plan Width": 8,
        "Actual Startup Time": 628.733,
        "Actual Total Time": 641.215,
        "Actual Rows": 2,
        "Actual Loops": 1,
        "Workers Planned": 1,
        "Workers Launched": 1,
        "Single Copy": false,
        "Plans": [
          {
            "Node Type": "Aggregate",
            "Strategy": "Plain",
            "Partial Mode": "Partial",
            "Parent Relationship": "Outer",
            "Parallel Aware": false,
            "Startup Cost": 98510.33,
            "Total Cost": 98510.34,
            "Plan Rows": 1,
            "Plan Width": 8,
            "Actual Startup Time": 622.549,
            "Actual Total Time": 622.553,
            "Actual Rows": 1,
            "Actual Loops": 2,
            "Plans": [
              {
                "Node Type": "Hash Join",
                "Parent Relationship": "Outer",
                "Parallel Aware": true,
                "Join Type": "Inner",
                "Startup Cost": 37007.58,
                "Total Cost": 98111.5,
                "Plan Rows": 159532,
                "Plan Width": 0,
                "Actual Startup Time": 191.443,
                "Actual Total Time": 610.946,
                "Actual Rows": 271663,
                "Actual Loops": 2,
                "Inner Unique": false,
                "Hash Cond": "(t.id = mc.movie_id)",
                "Plans": [
                  {
                    "Node Type": "Seq Scan",
                    "Parent Relationship": "Outer",
                    "Parallel Aware": true,
                    "Relation Name": "title",
                    "Alias": "t",
                    "Startup Cost": 0.0,
                    "Total Cost": 50870.31,
                    "Plan Rows": 1487231,
                    "Plan Width": 4,
                    "Actual Startup Time": 0.012,
                    "Actual Total Time": 125.901,
                    "Actual Rows": 1264156,
                    "Actual Loops": 2
                  },
                  {
                    "Node Type": "Hash",
                    "Parent Relationship": "Inner",
                    "Parallel Aware": true,
                    "Startup Cost": 35013.43,
                    "Total Cost": 35013.43,
                    "Plan Rows": 159532,
                    "Plan Width": 4,
                    "Actual Startup Time": 185.686,
                    "Actual Total Time": 185.688,
                    "Actual Rows": 271663,
                    "Actual Loops": 2,
                    "Hash Buckets": 1048576,
                    "Original Hash Buckets": 524288,
                    "Hash Batches": 1,
                    "Original Hash Batches": 1,
                    "Peak Memory Usage": 33600,
                    "Plans": [
                      {
                        "Node Type": "Bitmap Heap Scan",
                        "Parent Relationship": "Outer",
                        "Parallel Aware": true,
                        "Relation Name": "movie_companies",
                        "Alias": "mc",
                        "Startup Cost": 11510.35,
                        "Total Cost": 35013.43,
                        "Plan Rows": 159532,
                        "Plan Width": 4,
                        "Actual Startup Time": 44.269,
                        "Actual Total Time": 103.391,
                        "Actual Rows": 271663,
                        "Actual Loops": 2,
                        "Recheck Cond": "(company_id > 72075)",
                        "Rows Removed by Index Recheck": 0,
                        "Filter": "(company_type_id > 1)",
                        "Rows Removed by Filter": 0,
                        "Exact Heap Blocks": 4580,
                        "Lossy Heap Blocks": 0,
                        "Plans": [
                          {
                            "Node Type": "Bitmap Index Scan",
                            "Parent Relationship": "Outer",
                            "Parallel Aware": false,
                            "Index Name": "company_id_movie_companies",
                            "Startup Cost": 0.0,
                            "Total Cost": 11442.55,
                            "Plan Rows": 534149,
                            "Plan Width": 0,
                            "Actual Startup Time": 43.326,
                            "Actual Total Time": 43.327,
                            "Actual Rows": 543326,
                            "Actual Loops": 1,
                            "Index Cond": "(company_id > 72075)"
                          }
                        ]
                      }
                    ]
                  }
                ]
              }
            ]
          }
        ]
      }
    ]
  },
  "Planning Time": 0.79,
  "Triggers": [],
  "Execution Time": 641.317
}