{
  "Plan": {
    "Node Type": "Aggregate",
    "Strategy": "Plain",
    "Partial Mode": "Finalize",
    "Parallel Aware": false,
    "Startup Cost": 359432.35,
    "Total Cost": 359432.36,
    "Plan Rows": 1,
    "Plan Width": 8,
    "Actual Startup Time": 2005.38,
    "Actual Total Time": 2053.542,
    "Actual Rows": 1,
    "Actual Loops": 1,
    "Plans": [
      {
        "Node Type": "Gather",
        "Parent Relationship": "Outer",
        "Parallel Aware": false,
        "Startup Cost": 359432.24,
        "Total Cost": 359432.35,
        "Plan Rows": 1,
        "Plan Width": 8,
        "Actual Startup Time": 2001.873,
        "Actual Total Time": 2053.532,
        "Actual Rows": 2,
        "Actual Loops": 1,
        "Workers Planned": 1,
        "Workers Launched": 1,
        "Single Copy": false,
        "Plans": [
          {
            "Node Type": "Aggregate",
            "Strategy": "Plain",
            "Partial Mode": "Partial",
            "Parent Relationship": "Outer",
            "Parallel Aware": false,
            "Startup Cost": 358432.24,
            "Total Cost": 358432.25,
            "Plan Rows": 1,
            "Plan Width": 8,
            "Actual Startup Time": 1994.344,
            "Actual Total Time": 1994.348,
            "Actual Rows": 1,
            "Actual Loops": 2,
            "Plans": [
              {
                "Node Type": "Hash Join",
                "Parent Relationship": "Outer",
                "Parallel Aware": true,
                "Join Type": "Inner",
                "Startup Cost": 66221.41,
                "Total Cost": 352225.35,
                "Plan Rows": 2482755,
                "Plan Width": 0,
                "Actual Startup Time": 365.832,
                "Actual Total Time": 1951.598,
                "Actual Rows": 1075610,
                "Actual Loops": 2,
                "Inner Unique": true,
                "Hash Cond": "(mi.movie_id = t.id)",
                "Plans": [
                  {
                    "Node Type": "Seq Scan",
                    "Parent Relationship": "Outer",
                    "Parallel Aware": true,
                    "Relation Name": "movie_info",
                    "Alias": "mi",
                    "Startup Cost": 0.0,
                    "Total Cost": 270696.42,
                    "Plan Rows": 5831431,
                    "Plan Width": 4,
                    "Actual Startup Time": 32.933,
                    "Actual Total Time": 696.347,
                    "Actual Rows": 4955877,
                    "Actual Loops": 2,
                    "Filter": "(info_type_id > 4)",
                    "Rows Removed by Filter": 2461983
                  },
                  {
                    "Node Type": "Hash",
                    "Parent Relationship": "Inner",
                    "Parallel Aware": true,
                    "Startup Cost": 58306.47,
                    "Total Cost": 58306.47,
                    "Plan Rows": 633195,
                    "Plan Width": 4,
                    "Actual Startup Time": 317.888,
                    "Actual Total Time": 317.889,
                    "Actual Rows": 585896,
                    "Actual Loops": 2,
                    "Hash Buckets": 2097152,
                    "Original Hash Buckets": 2097152,
                    "Hash Batches": 1,
                    "Original Hash Batches": 1,
                    "Peak Memory Usage": 62272,
                    "Plans": [
                      {
                        "Node Type": "Seq Scan",
                        "Parent Relationship": "Outer",
                        "Parallel Aware": true,
                        "Relation Name": "title",
                        "Alias": "t",
                        "Startup Cost": 0.0,
                        "Total Cost": 58306.47,
                        "Plan Rows": 633195,
                        "Plan Width": 4,
                        "Actual Startup Time": 0.032,
                        "Actual Total Time": 160.636,
                        "Actual Rows": 585896,
                        "Actual Loops": 2,
                        "Filter": "((kind_id > 4) AND (production_year > 1990))",
                        "Rows Removed by Filter": 678260
                      }
                    ]
                  }
                ]
              }
            ]
          }
        ]
      }
    ]
  },
  "Planning Time": 0.648,
  "Triggers": [],
  "Execution Time": 2053.622
}