[
  {
    "Plan": {
      "Node Type": "Aggregate",
      "Strategy": "Plain",
      "Partial Mode": "Finalize",
      "Parallel Aware": false,
      "Startup Cost": 44280.25,
      "Total Cost": 44280.26,
      "Plan Rows": 1,
      "Plan Width": 8,
      "Actual Startup Time": 121.331,
      "Actual Total Time": 128.63,
      "Actual Rows": 1,
      "Actual Loops": 1,
      "Plans": [
        {
          "Node Type": "Gather",
          "Parent Relationship": "Outer",
          "Parallel Aware": false,
          "Startup Cost": 44279.93,
          "Total Cost": 44280.24,
          "Plan Rows": 3,
          "Plan Width": 8,
          "Actual Startup Time": 121.202,
          "Actual Total Time": 128.622,
          "Actual Rows": 4,
          "Actual Loops": 1,
          "Workers Planned": 3,
          "Workers Launched": 3,
          "Single Copy": false,
          "Plans": [
            {
              "Node Type": "Aggregate",
              "Strategy": "Plain",
              "Partial Mode": "Partial",
              "Parent Relationship": "Outer",
              "Parallel Aware": false,
              "Startup Cost": 43279.93,
              "Total Cost": 43279.94,
              "Plan Rows": 1,
              "Plan Width": 8,
              "Actual Startup Time": 116.745,
              "Actual Total Time": 116.746,
              "Actual Rows": 1,
              "Actual Loops": 4,
              "Plans": [
                {
                  "Node Type": "Seq Scan",
                  "Parent Relationship": "Outer",
                  "Parallel Aware": true,
                  "Relation Name": "movie_keyword",
                  "Alias": "mk",
                  "Startup Cost": 0.0,
                  "Total Cost": 42695.65,
                  "Plan Rows": 233712,
                  "Plan Width": 0,
                  "Actual Startup Time": 3.391,
                  "Actual Total Time": 106.823,
                  "Actual Rows": 179629,
                  "Actual Loops": 4,
                  "Filter": "(keyword_id > 26107)",
                  "Rows Removed by Filter": 951354
                }
              ]
            }
          ]
        }
      ]
    },
    "Planning Time": 0.207,
    "Triggers": [],
    "Execution Time": 128.681
  }
]