[
  {
    "Plan": {
      "Node Type": "Aggregate",
      "Strategy": "Plain",
      "Partial Mode": "Finalize",
      "Parallel Aware": false,
      "Startup Cost": 45727.64,
      "Total Cost": 45727.65,
      "Plan Rows": 1,
      "Plan Width": 8,
      "Actual Startup Time": 153.184,
      "Actual Total Time": 162.561,
      "Actual Rows": 1,
      "Actual Loops": 1,
      "Plans": [
        {
          "Node Type": "Gather",
          "Parent Relationship": "Outer",
          "Parallel Aware": false,
          "Startup Cost": 45727.33,
          "Total Cost": 45727.64,
          "Plan Rows": 3,
          "Plan Width": 8,
          "Actual Startup Time": 153.054,
          "Actual Total Time": 162.552,
          "Actual Rows": 4,
          "Actual Loops": 1,
          "Workers Planned": 3,
          "Workers Launched": 3,
          "Single Copy": false,
          "Plans": [
            {
              "Node Type": "Aggregate",
              "Strategy": "Plain",
              "Partial Mode": "Partial",
              "Parent Relationship": "Outer",
              "Parallel Aware": false,
              "Startup Cost": 44727.33,
              "Total Cost": 44727.34,
              "Plan Rows": 1,
              "Plan Width": 8,
              "Actual Startup Time": 146.305,
              "Actual Total Time": 146.306,
              "Actual Rows": 1,
              "Actual Loops": 4,
              "Plans": [
                {
                  "Node Type": "Seq Scan",
                  "Parent Relationship": "Outer",
                  "Parallel Aware": true,
                  "Relation Name": "movie_keyword",
                  "Alias": "mk",
                  "Startup Cost": 0.0,
                  "Total Cost": 42695.65,
                  "Plan Rows": 812669,
                  "Plan Width": 0,
                  "Actual Startup Time": 0.052,
                  "Actual Total Time": 117.477,
                  "Actual Rows": 630490,
                  "Actual Loops": 4,
                  "Filter": "(keyword_id < 6250)",
                  "Rows Removed by Filter": 500492
                }
              ]
            }
          ]
        }
      ]
    },
    "Planning Time": 0.187,
    "Triggers": [],
    "Execution Time": 162.665
  }
]