[
  {
    "Plan": {
      "Node Type": "Aggregate",
      "Strategy": "Plain",
      "Partial Mode": "Finalize",
      "Parallel Aware": false,
      "Startup Cost": 46819.62,
      "Total Cost": 46819.63,
      "Plan Rows": 1,
      "Plan Width": 8,
      "Actual Startup Time": 218.418,
      "Actual Total Time": 229.182,
      "Actual Rows": 1,
      "Actual Loops": 1,
      "Plans": [
        {
          "Node Type": "Gather",
          "Parent Relationship": "Outer",
          "Parallel Aware": false,
          "Startup Cost": 46819.31,
          "Total Cost": 46819.62,
          "Plan Rows": 3,
          "Plan Width": 8,
          "Actual Startup Time": 218.27,
          "Actual Total Time": 229.171,
          "Actual Rows": 4,
          "Actual Loops": 1,
          "Workers Planned": 3,
          "Workers Launched": 3,
          "Single Copy": false,
          "Plans": [
            {
              "Node Type": "Aggregate",
              "Strategy": "Plain",
              "Partial Mode": "Partial",
              "Parent Relationship": "Outer",
              "Parallel Aware": false,
              "Startup Cost": 45819.31,
              "Total Cost": 45819.32,
              "Plan Rows": 1,
              "Plan Width": 8,
              "Actual Startup Time": 210.886,
              "Actual Total Time": 210.887,
              "Actual Rows": 1,
              "Actual Loops": 4,
              "Plans": [
                {
                  "Node Type": "Seq Scan",
                  "Parent Relationship": "Outer",
                  "Parallel Aware": true,
                  "Relation Name": "movie_keyword",
                  "Alias": "mk",
                  "Startup Cost": 0.0,
                  "Total Cost": 42695.65,
                  "Plan Rows": 1249461,
                  "Plan Width": 0,
                  "Actual Startup Time": 0.058,
                  "Actual Total Time": 154.956,
                  "Actual Rows": 967130,
                  "Actual Loops": 4,
                  "Filter": "(keyword_id < 28670)",
                  "Rows Removed by Filter": 163852
                }
              ]
            }
          ]
        }
      ]
    },
    "Planning Time": 0.249,
    "Triggers": [],
    "Execution Time": 229.237
  }
]