[
  {
    "Plan": {
      "Node Type": "Aggregate",
      "Strategy": "Plain",
      "Partial Mode": "Finalize",
      "Parallel Aware": false,
      "Startup Cost": 46806.84,
      "Total Cost": 46806.85,
      "Plan Rows": 1,
      "Plan Width": 8,
      "Actual Startup Time": 169.537,
      "Actual Total Time": 178.997,
      "Actual Rows": 1,
      "Actual Loops": 1,
      "Plans": [
        {
          "Node Type": "Gather",
          "Parent Relationship": "Outer",
          "Parallel Aware": false,
          "Startup Cost": 46806.52,
          "Total Cost": 46806.83,
          "Plan Rows": 3,
          "Plan Width": 8,
          "Actual Startup Time": 169.397,
          "Actual Total Time": 178.989,
          "Actual Rows": 4,
          "Actual Loops": 1,
          "Workers Planned": 3,
          "Workers Launched": 3,
          "Single Copy": false,
          "Plans": [
            {
              "Node Type": "Aggregate",
              "Strategy": "Plain",
              "Partial Mode": "Partial",
              "Parent Relationship": "Outer",
              "Parallel Aware": false,
              "Startup Cost": 45806.52,
              "Total Cost": 45806.53,
              "Plan Rows": 1,
              "Plan Width": 8,
              "Actual Startup Time": 163.759,
              "Actual Total Time": 163.76,
              "Actual Rows": 1,
              "Actual Loops": 4,
              "Plans": [
                {
                  "Node Type": "Seq Scan",
                  "Parent Relationship": "Outer",
                  "Parallel Aware": true,
                  "Relation Name": "movie_keyword",
                  "Alias": "mk",
                  "Startup Cost": 0.0,
                  "Total Cost": 42695.65,
                  "Plan Rows": 1244348,
                  "Plan Width": 0,
                  "Actual Startup Time": 0.042,
                  "Actual Total Time": 121.139,
                  "Actual Rows": 967130,
                  "Actual Loops": 4,
                  "Filter": "(keyword_id < 28670)",
                  "Rows Removed by Filter": 163852
                }
              ]
            }
          ]
        }
      ]
    },
    "Planning Time": 0.18,
    "Triggers": [],
    "Execution Time": 179.051
  }
]