[
  {
    "Plan": {
      "Node Type": "Aggregate",
      "Strategy": "Plain",
      "Partial Mode": "Finalize",
      "Parallel Aware": false,
      "Startup Cost": 227355.93,
      "Total Cost": 227355.94,
      "Plan Rows": 1,
      "Plan Width": 8,
      "Actual Startup Time": 378.251,
      "Actual Total Time": 410.601,
      "Actual Rows": 1,
      "Actual Loops": 1,
      "Plans": [
        {
          "Node Type": "Gather",
          "Parent Relationship": "Outer",
          "Parallel Aware": false,
          "Startup Cost": 227355.41,
          "Total Cost": 227355.92,
          "Plan Rows": 5,
          "Plan Width": 8,
          "Actual Startup Time": 377.785,
          "Actual Total Time": 410.588,
          "Actual Rows": 6,
          "Actual Loops": 1,
          "Workers Planned": 5,
          "Workers Launched": 5,
          "Single Copy": false,
          "Plans": [
            {
              "Node Type": "Aggregate",
              "Strategy": "Plain",
              "Partial Mode": "Partial",
              "Parent Relationship": "Outer",
              "Parallel Aware": false,
              "Startup Cost": 226355.41,
              "Total Cost": 226355.42,
              "Plan Rows": 1,
              "Plan Width": 8,
              "Actual Startup Time": 370.221,
              "Actual Total Time": 370.225,
              "Actual Rows": 1,
              "Actual Loops": 6,
              "Plans": [
                {
                  "Node Type": "Hash Join",
                  "Parent Relationship": "Outer",
                  "Parallel Aware": true,
                  "Join Type": "Inner",
                  "Startup Cost": 26089.6,
                  "Total Cost": 226351.4,
                  "Plan Rows": 1604,
                  "Plan Width": 0,
                  "Actual Startup Time": 50.251,
                  "Actual Total Time": 370.13,
                  "Actual Rows": 1349,
                  "Actual Loops": 6,
                  "Inner Unique": true,
                  "Hash Cond": "(mi.movie_id = t.id)",
                  "Plans": [
                    {
                      "Node Type": "Seq Scan",
                      "Parent Relationship": "Outer",
                      "Parallel Aware": true,
                      "Relation Name": "movie_info",
                      "Alias": "mi",
                      "Startup Cost": 0.0,
                      "Total Cost": 199108.24,
                      "Plan Rows": 439450,
                      "Plan Width": 4,
                      "Actual Startup Time": 18.774,
                      "Actual Total Time": 320.135,
                      "Actual Rows": 372308,
                      "Actual Loops": 6,
                      "Filter": "(info_type_id > 16)",
                      "Rows Removed by Filter": 2100312
                    },
                    {
                      "Node Type": "Hash",
                      "Parent Relationship": "Inner",
                      "Parallel Aware": true,
                      "Startup Cost": 26052.4,
                      "Total Cost": 26052.4,
                      "Plan Rows": 2976,
                      "Plan Width": 4,
                      "Actual Startup Time": 21.185,
                      "Actual Total Time": 21.186,
                      "Actual Rows": 1771,
                      "Actual Loops": 6,
                      "Hash Buckets": 16384,
                      "Original Hash Buckets": 16384,
                      "Hash Batches": 1,
                      "Original Hash Batches": 1,
                      "Peak Memory Usage": 576,
                      "Plans": [
                        {
                          "Node Type": "Bitmap Heap Scan",
                          "Parent Relationship": "Outer",
                          "Parallel Aware": true,
                          "Relation Name": "title",
                          "Alias": "t",
                          "Startup Cost": 236.08,
                          "Total Cost": 26052.4,
                          "Plan Rows": 2976,
                          "Plan Width": 4,
                          "Actual Startup Time": 3.765,
                          "Actual Total Time": 20.012,
                          "Actual Rows": 1771,
                          "Actual Loops": 6,
                          "Recheck Cond": "(kind_id = 6)",
                          "Rows Removed by Index Recheck": 0,
                          "Filter": "(production_year < 2009)",
                          "Rows Removed by Filter": 329,
                          "Exact Heap Blocks": 3662,
                          "Lossy Heap Blocks": 0,
                          "Plans": [
                            {
                              "Node Type": "Bitmap Index Scan",
                              "Parent Relationship": "Outer",
                              "Parallel Aware": false,
                              "Index Name": "kind_id_title",
                              "Startup Cost": 0.0,
                              "Total Cost": 233.77,
                              "Plan Rows": 12979,
                              "Plan Width": 0,
                              "Actual Startup Time": 5.071,
                              "Actual Total Time": 5.072,
                              "Actual Rows": 12600,
                              "Actual Loops": 1,
                              "Index Cond": "(kind_id = 6)"
                            }
                          ]
                        }
                      ]
                    }
                  ]
                }
              ]
            }
          ]
        }
      ]
    },
    "Planning Time": 0.552,
    "Triggers": [],
    "Execution Time": 410.685
  }
]