[
  {
    "Plan": {
      "Node Type": "Aggregate",
      "Strategy": "Plain",
      "Partial Mode": "Finalize",
      "Parallel Aware": false,
      "Startup Cost": 426098.34,
      "Total Cost": 426098.35,
      "Plan Rows": 1,
      "Plan Width": 8,
      "Actual Startup Time": 1221.307,
      "Actual Total Time": 1291.122,
      "Actual Rows": 1,
      "Actual Loops": 1,
      "Plans": [
        {
          "Node Type": "Gather",
          "Parent Relationship": "Outer",
          "Parallel Aware": false,
          "Startup Cost": 426097.72,
          "Total Cost": 426098.33,
          "Plan Rows": 6,
          "Plan Width": 8,
          "Actual Startup Time": 1203.975,
          "Actual Total Time": 1291.101,
          "Actual Rows": 7,
          "Actual Loops": 1,
          "Workers Planned": 6,
          "Workers Launched": 6,
          "Single Copy": false,
          "Plans": [
            {
              "Node Type": "Aggregate",
              "Strategy": "Plain",
              "Partial Mode": "Partial",
              "Parent Relationship": "Outer",
              "Parallel Aware": false,
              "Startup Cost": 425097.72,
              "Total Cost": 425097.73,
              "Plan Rows": 1,
              "Plan Width": 8,
              "Actual Startup Time": 1194.177,
              "Actual Total Time": 1194.259,
              "Actual Rows": 1,
              "Actual Loops": 7,
              "Plans": [
                {
                  "Node Type": "Hash Join",
                  "Parent Relationship": "Outer",
                  "Parallel Aware": true,
                  "Join Type": "Inner",
                  "Startup Cost": 93183.86,
                  "Total Cost": 424660.23,
                  "Plan Rows": 174995,
                  "Plan Width": 0,
                  "Actual Startup Time": 448.012,
                  "Actual Total Time": 1174.933,
                  "Actual Rows": 445257,
                  "Actual Loops": 7,
                  "Inner Unique": false,
                  "Hash Cond": "(ci.movie_id = t.id)",
                  "Plans": [
                    {
                      "Node Type": "Seq Scan",
                      "Parent Relationship": "Outer",
                      "Parallel Aware": true,
                      "Relation Name": "cast_info",
                      "Alias": "ci",
                      "Startup Cost": 0.0,
                      "Total Cost": 328211.39,
                      "Plan Rows": 720128,
                      "Plan Width": 4,
                      "Actual Startup Time": 0.022,
                      "Actual Total Time": 564.311,
                      "Actual Rows": 641216,
                      "Actual Loops": 7,
                      "Filter": "(person_id < 433662)",
                      "Rows Removed by Filter": 4536547
                    },
                    {
                      "Node Type": "Hash",
                      "Parent Relationship": "Inner",
                      "Parallel Aware": true,
                      "Startup Cost": 90706.36,
                      "Total Cost": 90706.36,
                      "Plan Rows": 198200,
                      "Plan Width": 8,
                      "Actual Startup Time": 445.077,
                      "Actual Total Time": 445.157,
                      "Actual Rows": 88641,
                      "Actual Loops": 7,
                      "Hash Buckets": 1048576,
                      "Original Hash Buckets": 1048576,
                      "Hash Batches": 1,
                      "Original Hash Batches": 1,
                      "Peak Memory Usage": 32576,
                      "Plans": [
                        {
                          "Node Type": "Hash Join",
                          "Parent Relationship": "Outer",
                          "Parallel Aware": true,
                          "Join Type": "Inner",
                          "Startup Cost": 63254.58,
                          "Total Cost": 90706.36,
                          "Plan Rows": 198200,
                          "Plan Width": 8,
                          "Actual Startup Time": 305.217,
                          "Actual Total Time": 394.896,
                          "Actual Rows": 88641,
                          "Actual Loops": 7,
                          "Inner Unique": true,
                          "Hash Cond": "(mk.movie_id = t.id)",
                          "Plans": [
                            {
                              "Node Type": "Bitmap Heap Scan",
                              "Parent Relationship": "Outer",
                              "Parallel Aware": true,
                              "Relation Name": "movie_keyword",
                              "Alias": "mk",
                              "Startup Cost": 13034.2,
                              "Total Cost": 39965.7,
                              "Plan Rows": 198200,
                              "Plan Width": 4,
                              "Actual Startup Time": 38.237,
                              "Actual Total Time": 86.673,
                              "Actual Rows": 88641,
                              "Actual Loops": 7,
                              "Recheck Cond": "(keyword_id < 478)",
                              "Rows Removed by Index Recheck": 0,
                              "Exact Heap Blocks": 4223,
                              "Lossy Heap Blocks": 0,
                              "Plans": [
                                {
                                  "Node Type": "Bitmap Index Scan",
                                  "Parent Relationship": "Outer",
                                  "Parallel Aware": false,
                                  "Index Name": "keyword_id_movie_keyword",
                                  "Startup Cost": 0.0,
                                  "Total Cost": 12880.59,
                                  "Plan Rows": 614421,
                                  "Plan Width": 0,
                                  "Actual Startup Time": 34.555,
                                  "Actual Total Time": 34.556,
                                  "Actual Rows": 620484,
                                  "Actual Loops": 1,
                                  "Index Cond": "(keyword_id < 478)"
                                }
                              ]
                            },
                            {
                              "Node Type": "Hash",
                              "Parent Relationship": "Inner",
                              "Parallel Aware": true,
                              "Startup Cost": 42319.06,
                              "Total Cost": 42319.06,
                              "Plan Rows": 632106,
                              "Plan Width": 4,
                              "Actual Startup Time": 262.455,
                              "Actual Total Time": 262.457,
                              "Actual Rows": 361187,
                              "Actual Loops": 7,
                              "Hash Buckets": 4194304,
                              "Original Hash Buckets": 4194304,
                              "Hash Batches": 1,
                              "Original Hash Batches": 1,
                              "Peak Memory Usage": 131776,
                              "Plans": [
                                {
                                  "Node Type": "Seq Scan",
                                  "Parent Relationship": "Outer",
                                  "Parallel Aware": true,
                                  "Relation Name": "title",
                                  "Alias": "t",
                                  "Startup Cost": 0.0,
                                  "Total Cost": 42319.06,
                                  "Plan Rows": 632106,
                                  "Plan Width": 4,
                                  "Actual Startup Time": 0.034,
                                  "Actual Total Time": 77.548,
                                  "Actual Rows": 361187,
                                  "Actual Loops": 7
                                }
                              ]
                            }
                          ]
                        }
                      ]
                    }
                  ]
                }
              ]
            }
          ]
        }
      ]
    },
    "Planning Time": 1.176,
    "Triggers": [],
    "Execution Time": 1291.241
  }
]