[
  {
    "Plan": {
      "Node Type": "Aggregate",
      "Strategy": "Plain",
      "Partial Mode": "Finalize",
      "Parallel Aware": false,
      "Startup Cost": 44405.53,
      "Total Cost": 44405.54,
      "Plan Rows": 1,
      "Plan Width": 8,
      "Actual Startup Time": 122.53,
      "Actual Total Time": 132.119,
      "Actual Rows": 1,
      "Actual Loops": 1,
      "Plans": [
        {
          "Node Type": "Gather",
          "Parent Relationship": "Outer",
          "Parallel Aware": false,
          "Startup Cost": 44405.21,
          "Total Cost": 44405.52,
          "Plan Rows": 3,
          "Plan Width": 8,
          "Actual Startup Time": 122.427,
          "Actual Total Time": 132.111,
          "Actual Rows": 4,
          "Actual Loops": 1,
          "Workers Planned": 3,
          "Workers Launched": 3,
          "Single Copy": false,
          "Plans": [
            {
              "Node Type": "Aggregate",
              "Strategy": "Plain",
              "Partial Mode": "Partial",
              "Parent Relationship": "Outer",
              "Parallel Aware": false,
              "Startup Cost": 43405.21,
              "Total Cost": 43405.22,
              "Plan Rows": 1,
              "Plan Width": 8,
              "Actual Startup Time": 117.233,
              "Actual Total Time": 117.234,
              "Actual Rows": 1,
              "Actual Loops": 4,
              "Plans": [
                {
                  "Node Type": "Seq Scan",
                  "Parent Relationship": "Outer",
                  "Parallel Aware": true,
                  "Relation Name": "movie_keyword",
                  "Alias": "mk",
                  "Startup Cost": 0.0,
                  "Total Cost": 42695.65,
                  "Plan Rows": 283824,
                  "Plan Width": 0,
                  "Actual Startup Time": 3.605,
                  "Actual Total Time": 105.341,
                  "Actual Rows": 219315,
                  "Actual Loops": 4,
                  "Filter": "(keyword_id > 21028)",
                  "Rows Removed by Filter": 911668
                }
              ]
            }
          ]
        }
      ]
    },
    "Planning Time": 0.179,
    "Triggers": [],
    "Execution Time": 132.173
  }
]