{
  "Plan": {
    "Node Type": "Aggregate",
    "Strategy": "Plain",
    "Partial Mode": "Finalize",
    "Parallel Aware": false,
    "Startup Cost": 103019.79,
    "Total Cost": 103019.8,
    "Plan Rows": 1,
    "Plan Width": 8,
    "Actual Startup Time": 308.118,
    "Actual Total Time": 325.771,
    "Actual Rows": 1,
    "Actual Loops": 1,
    "Plans": [
      {
        "Node Type": "Gather",
        "Parent Relationship": "Outer",
        "Parallel Aware": false,
        "Startup Cost": 103019.68,
        "Total Cost": 103019.79,
        "Plan Rows": 1,
        "Plan Width": 8,
        "Actual Startup Time": 308.003,
        "Actual Total Time": 325.764,
        "Actual Rows": 2,
        "Actual Loops": 1,
        "Workers Planned": 1,
        "Workers Launched": 1,
        "Single Copy": false,
        "Plans": [
          {
            "Node Type": "Aggregate",
            "Strategy": "Plain",
            "Partial Mode": "Partial",
            "Parent Relationship": "Outer",
            "Parallel Aware": false,
            "Startup Cost": 102019.68,
            "Total Cost": 102019.69,
            "Plan Rows": 1,
            "Plan Width": 8,
            "Actual Startup Time": 301.926,
            "Actual Total Time": 301.93,
            "Actual Rows": 1,
            "Actual Loops": 2,
            "Plans": [
              {
                "Node Type": "Nested Loop",
                "Parent Relationship": "Outer",
                "Parallel Aware": false,
                "Join Type": "Inner",
                "Startup Cost": 58363.79,
                "Total Cost": 102018.35,
                "Plan Rows": 531,
                "Plan Width": 0,
                "Actual Startup Time": 200.722,
                "Actual Total Time": 301.881,
                "Actual Rows": 586,
                "Actual Loops": 2,
                "Inner Unique": false,
                "Join Filter": "(t.id = mi.movie_id)",
                "Rows Removed by Join Filter": 0,
                "Plans": [
                  {
                    "Node Type": "Hash Join",
                    "Parent Relationship": "Outer",
                    "Parallel Aware": true,
                    "Join Type": "Inner",
                    "Startup Cost": 58363.36,
                    "Total Cost": 97977.79,
                    "Plan Rows": 1911,
                    "Plan Width": 8,
                    "Actual Startup Time": 199.511,
                    "Actual Total Time": 295.858,
                    "Actual Rows": 548,
                    "Actual Loops": 2,
                    "Inner Unique": true,
                    "Hash Cond": "(mc.movie_id = t.id)",
                    "Plans": [
                      {
                        "Node Type": "Seq Scan",
                        "Parent Relationship": "Outer",
                        "Parallel Aware": true,
                        "Relation Name": "movie_companies",
                        "Alias": "mc",
                        "Startup Cost": 0.0,
                        "Total Cost": 37974.77,
                        "Plan Rows": 624634,
                        "Plan Width": 4,
                        "Actual Startup Time": 14.741,
                        "Actual Total Time": 112.632,
                        "Actual Rows": 535454,
                        "Actual Loops": 2,
                        "Filter": "(company_id > 14490)",
                        "Rows Removed by Filter": 769110
                      },
                      {
                        "Node Type": "Hash",
                        "Parent Relationship": "Inner",
                        "Parallel Aware": true,
                        "Startup Cost": 58306.47,
                        "Total Cost": 58306.47,
                        "Plan Rows": 4551,
                        "Plan Width": 4,
                        "Actual Startup Time": 137.548,
                        "Actual Total Time": 137.549,
                        "Actual Rows": 4022,
                        "Actual Loops": 2,
                        "Hash Buckets": 8192,
                        "Original Hash Buckets": 8192,
                        "Hash Batches": 1,
                        "Original Hash Batches": 1,
                        "Peak Memory Usage": 416,
                        "Plans": [
                          {
                            "Node Type": "Seq Scan",
                            "Parent Relationship": "Outer",
                            "Parallel Aware": true,
                            "Relation Name": "title",
                            "Alias": "t",
                            "Startup Cost": 0.0,
                            "Total Cost": 58306.47,
                            "Plan Rows": 4551,
                            "Plan Width": 4,
                            "Actual Startup Time": 0.055,
                            "Actual Total Time": 135.927,
                            "Actual Rows": 4022,
                            "Actual Loops": 2,
                            "Filter": "((kind_id = 7) AND (production_year = 1980))",
                            "Rows Removed by Filter": 1260134
                          }
                        ]
                      }
                    ]
                  },
                  {
                    "Node Type": "Index Scan",
                    "Parent Relationship": "Inner",
                    "Parallel Aware": false,
                    "Scan Direction": "Forward",
                    "Index Name": "movie_id_movie_info",
                    "Relation Name": "movie_info",
                    "Alias": "mi",
                    "Startup Cost": 0.43,
                    "Total Cost": 2.09,
                    "Plan Rows": 2,
                    "Plan Width": 4,
                    "Actual Startup Time": 0.007,
                    "Actual Total Time": 0.011,
                    "Actual Rows": 1,
                    "Actual Loops": 1097,
                    "Index Cond": "(movie_id = mc.movie_id)",
                    "Rows Removed by Index Recheck": 0,
                    "Filter": "(info_type_id = 18)",
                    "Rows Removed by Filter": 8
                  }
                ]
              }
            ]
          }
        ]
      }
    ]
  },
  "Planning Time": 0.912,
  "Triggers": [],
  "Execution Time": 325.856
}