[
    {
        "Bao": {
            "Bao prediction": "NaN",
            "Bao recommended hint": "(no hint)"
        }
    },
    {
        "Plan": {
            "Node Type": "Aggregate",
            "Strategy": "Plain",
            "Partial Mode": "Finalize",
            "Parallel Aware": false,
            "Startup Cost": 246974.37,
            "Total Cost": 246974.38,
            "Plan Rows": 1,
            "Plan Width": 8,
            "Actual Startup Time": 2156.06,
            "Actual Total Time": 2218.889,
            "Actual Rows": 1,
            "Actual Loops": 1,
            "Output": [
                "count(*)"
            ],
            "Plans": [
                {
                    "Node Type": "Gather",
                    "Parent Relationship": "Outer",
                    "Parallel Aware": false,
                    "Startup Cost": 246973.95,
                    "Total Cost": 246974.36,
                    "Plan Rows": 4,
                    "Plan Width": 8,
                    "Actual Startup Time": 2107.021,
                    "Actual Total Time": 2218.873,
                    "Actual Rows": 5,
                    "Actual Loops": 1,
                    "Output": [
                        "(PARTIAL count(*))"
                    ],
                    "Workers Planned": 4,
                    "Workers Launched": 4,
                    "Single Copy": false,
                    "Plans": [
                        {
                            "Node Type": "Aggregate",
                            "Strategy": "Plain",
                            "Partial Mode": "Partial",
                            "Parent Relationship": "Outer",
                            "Parallel Aware": false,
                            "Startup Cost": 245973.95,
                            "Total Cost": 245973.96,
                            "Plan Rows": 1,
                            "Plan Width": 8,
                            "Actual Startup Time": 2083.271,
                            "Actual Total Time": 2083.275,
                            "Actual Rows": 1,
                            "Actual Loops": 5,
                            "Output": [
                                "PARTIAL count(*)"
                            ],
                            "Workers": [
                                {
                                    "Worker Number": 0,
                                    "Actual Startup Time": 2092.666,
                                    "Actual Total Time": 2092.67,
                                    "Actual Rows": 1,
                                    "Actual Loops": 1
                                },
                                {
                                    "Worker Number": 1,
                                    "Actual Startup Time": 2140.986,
                                    "Actual Total Time": 2140.989,
                                    "Actual Rows": 1,
                                    "Actual Loops": 1
                                },
                                {
                                    "Worker Number": 2,
                                    "Actual Startup Time": 2139.1,
                                    "Actual Total Time": 2139.103,
                                    "Actual Rows": 1,
                                    "Actual Loops": 1
                                },
                                {
                                    "Worker Number": 3,
                                    "Actual Startup Time": 1937.115,
                                    "Actual Total Time": 1937.118,
                                    "Actual Rows": 1,
                                    "Actual Loops": 1
                                }
                            ],
                            "Plans": [
                                {
                                    "Node Type": "Nested Loop",
                                    "Parent Relationship": "Outer",
                                    "Parallel Aware": false,
                                    "Join Type": "Inner",
                                    "Startup Cost": 123555.31,
                                    "Total Cost": 245445.41,
                                    "Plan Rows": 211416,
                                    "Plan Width": 0,
                                    "Actual Startup Time": 319.21,
                                    "Actual Total Time": 2048.101,
                                    "Actual Rows": 657469,
                                    "Actual Loops": 5,
                                    "Inner Unique": false,
                                    "Workers": [
                                        {
                                            "Worker Number": 0,
                                            "Actual Startup Time": 299.367,
                                            "Actual Total Time": 2057.72,
                                            "Actual Rows": 670789,
                                            "Actual Loops": 1
                                        },
                                        {
                                            "Worker Number": 1,
                                            "Actual Startup Time": 296.852,
                                            "Actual Total Time": 2106.142,
                                            "Actual Rows": 684246,
                                            "Actual Loops": 1
                                        },
                                        {
                                            "Worker Number": 2,
                                            "Actual Startup Time": 297.068,
                                            "Actual Total Time": 2103.522,
                                            "Actual Rows": 699650,
                                            "Actual Loops": 1
                                        },
                                        {
                                            "Worker Number": 3,
                                            "Actual Startup Time": 396.147,
                                            "Actual Total Time": 1900.867,
                                            "Actual Rows": 423192,
                                            "Actual Loops": 1
                                        }
                                    ],
                                    "Plans": [
                                        {
                                            "Node Type": "Merge Join",
                                            "Parent Relationship": "Outer",
                                            "Parallel Aware": false,
                                            "Join Type": "Inner",
                                            "Startup Cost": 123554.75,
                                            "Total Cost": 126990.65,
                                            "Plan Rows": 30446,
                                            "Plan Width": 8,
                                            "Actual Startup Time": 319.085,
                                            "Actual Total Time": 407.513,
                                            "Actual Rows": 41976,
                                            "Actual Loops": 5,
                                            "Output": [
                                                "t.id",
                                                "mi_idx.movie_id"
                                            ],
                                            "Inner Unique": false,
                                            "Merge Cond": "(t.id = mi_idx.movie_id)",
                                            "Workers": [
                                                {
                                                    "Worker Number": 0,
                                                    "Actual Startup Time": 299.198,
                                                    "Actual Total Time": 386.41,
                                                    "Actual Rows": 42958,
                                                    "Actual Loops": 1
                                                },
                                                {
                                                    "Worker Number": 1,
                                                    "Actual Startup Time": 296.725,
                                                    "Actual Total Time": 385.066,
                                                    "Actual Rows": 43684,
                                                    "Actual Loops": 1
                                                },
                                                {
                                                    "Worker Number": 2,
                                                    "Actual Startup Time": 296.901,
                                                    "Actual Total Time": 384.386,
                                                    "Actual Rows": 44059,
                                                    "Actual Loops": 1
                                                },
                                                {
                                                    "Worker Number": 3,
                                                    "Actual Startup Time": 396.023,
                                                    "Actual Total Time": 485.76,
                                                    "Actual Rows": 27156,
                                                    "Actual Loops": 1
                                                }
                                            ],
                                            "Plans": [
                                                {
                                                    "Node Type": "Sort",
                                                    "Parent Relationship": "Outer",
                                                    "Parallel Aware": false,
                                                    "Startup Cost": 58464.58,
                                                    "Total Cost": 58884.18,
                                                    "Plan Rows": 167838,
                                                    "Plan Width": 4,
                                                    "Actual Startup Time": 115.582,
                                                    "Actual Total Time": 142.96,
                                                    "Actual Rows": 132332,
                                                    "Actual Loops": 5,
                                                    "Output": [
                                                        "t.id"
                                                    ],
                                                    "Sort Key": [
                                                        "t.id"
                                                    ],
                                                    "Sort Method": "quicksort",
                                                    "Sort Space Used": 13812,
                                                    "Sort Space Type": "Memory",
                                                    "Workers": [
                                                        {
                                                            "Worker Number": 0,
                                                            "Actual Startup Time": 111.872,
                                                            "Actual Total Time": 139.565,
                                                            "Actual Rows": 135680,
                                                            "Actual Loops": 1
                                                        },
                                                        {
                                                            "Worker Number": 1,
                                                            "Actual Startup Time": 112.611,
                                                            "Actual Total Time": 141.269,
                                                            "Actual Rows": 138053,
                                                            "Actual Loops": 1
                                                        },
                                                        {
                                                            "Worker Number": 2,
                                                            "Actual Startup Time": 113.162,
                                                            "Actual Total Time": 141.188,
                                                            "Actual Rows": 139048,
                                                            "Actual Loops": 1
                                                        },
                                                        {
                                                            "Worker Number": 3,
                                                            "Actual Startup Time": 112.698,
                                                            "Actual Total Time": 133.062,
                                                            "Actual Rows": 85620,
                                                            "Actual Loops": 1
                                                        }
                                                    ],
                                                    "Plans": [
                                                        {
                                                            "Node Type": "Seq Scan",
                                                            "Parent Relationship": "Outer",
                                                            "Parallel Aware": true,
                                                            "Relation Name": "title",
                                                            "Schema": "public",
                                                            "Alias": "t",
                                                            "Startup Cost": 0.0,
                                                            "Total Cost": 43899.01,
                                                            "Plan Rows": 167838,
                                                            "Plan Width": 4,
                                                            "Actual Startup Time": 39.914,
                                                            "Actual Total Time": 83.173,
                                                            "Actual Rows": 132565,
                                                            "Actual Loops": 5,
                                                            "Output": [
                                                                "t.id"
                                                            ],
                                                            "Filter": "(t.kind_id = 1)",
                                                            "Rows Removed by Filter": 373097,
                                                            "Workers": [
                                                                {
                                                                    "Worker Number": 0,
                                                                    "Actual Startup Time": 45.903,
                                                                    "Actual Total Time": 80.914,
                                                                    "Actual Rows": 135908,
                                                                    "Actual Loops": 1
                                                                },
                                                                {
                                                                    "Worker Number": 1,
                                                                    "Actual Startup Time": 1.648,
                                                                    "Actual Total Time": 81.508,
                                                                    "Actual Rows": 138279,
                                                                    "Actual Loops": 1
                                                                },
                                                                {
                                                                    "Worker Number": 2,
                                                                    "Actual Startup Time": 46.741,
                                                                    "Actual Total Time": 81.801,
                                                                    "Actual Rows": 139294,
                                                                    "Actual Loops": 1
                                                                },
                                                                {
                                                                    "Worker Number": 3,
                                                                    "Actual Startup Time": 47.072,
                                                                    "Actual Total Time": 82.626,
                                                                    "Actual Rows": 85766,
                                                                    "Actual Loops": 1
                                                                }
                                                            ]
                                                        }
                                                    ]
                                                },
                                                {
                                                    "Node Type": "Sort",
                                                    "Parent Relationship": "Inner",
                                                    "Parallel Aware": false,
                                                    "Startup Cost": 65090.13,
                                                    "Total Cost": 66236.71,
                                                    "Plan Rows": 458632,
                                                    "Plan Width": 4,
                                                    "Actual Startup Time": 187.169,
                                                    "Actual Total Time": 213.657,
                                                    "Actual Rows": 459925,
                                                    "Actual Loops": 5,
                                                    "Output": [
                                                        "mi_idx.movie_id"
                                                    ],
                                                    "Sort Key": [
                                                        "mi_idx.movie_id"
                                                    ],
                                                    "Sort Method": "quicksort",
                                                    "Sort Space Used": 33847,
                                                    "Sort Space Type": "Memory",
                                                    "Workers": [
                                                        {
                                                            "Worker Number": 0,
                                                            "Actual Startup Time": 172.363,
                                                            "Actual Total Time": 197.633,
                                                            "Actual Rows": 459925,
                                                            "Actual Loops": 1
                                                        },
                                                        {
                                                            "Worker Number": 1,
                                                            "Actual Startup Time": 169.676,
                                                            "Actual Total Time": 194.982,
                                                            "Actual Rows": 459925,
                                                            "Actual Loops": 1
                                                        },
                                                        {
                                                            "Worker Number": 2,
                                                            "Actual Startup Time": 169.285,
                                                            "Actual Total Time": 194.373,
                                                            "Actual Rows": 459925,
                                                            "Actual Loops": 1
                                                        },
                                                        {
                                                            "Worker Number": 3,
                                                            "Actual Startup Time": 259.964,
                                                            "Actual Total Time": 292.111,
                                                            "Actual Rows": 459925,
                                                            "Actual Loops": 1
                                                        }
                                                    ],
                                                    "Plans": [
                                                        {
                                                            "Node Type": "Bitmap Heap Scan",
                                                            "Parent Relationship": "Outer",
                                                            "Parallel Aware": false,
                                                            "Relation Name": "movie_info_idx",
                                                            "Schema": "public",
                                                            "Alias": "mi_idx",
                                                            "Startup Cost": 8294.83,
                                                            "Total Cost": 21962.73,
                                                            "Plan Rows": 458632,
                                                            "Plan Width": 4,
                                                            "Actual Startup Time": 23.049,
                                                            "Actual Total Time": 86.618,
                                                            "Actual Rows": 459925,
                                                            "Actual Loops": 5,
                                                            "Output": [
                                                                "mi_idx.movie_id"
                                                            ],
                                                            "Recheck Cond": "(mi_idx.info_type_id = 101)",
                                                            "Rows Removed by Index Recheck": 0,
                                                            "Exact Heap Blocks": 7934,
                                                            "Lossy Heap Blocks": 0,
                                                            "Workers": [
                                                                {
                                                                    "Worker Number": 0,
                                                                    "Actual Startup Time": 23.084,
                                                                    "Actual Total Time": 82.166,
                                                                    "Actual Rows": 459925,
                                                                    "Actual Loops": 1
                                                                },
                                                                {
                                                                    "Worker Number": 1,
                                                                    "Actual Startup Time": 22.579,
                                                                    "Actual Total Time": 79.971,
                                                                    "Actual Rows": 459925,
                                                                    "Actual Loops": 1
                                                                },
                                                                {
                                                                    "Worker Number": 2,
                                                                    "Actual Startup Time": 22.379,
                                                                    "Actual Total Time": 80.038,
                                                                    "Actual Rows": 459925,
                                                                    "Actual Loops": 1
                                                                },
                                                                {
                                                                    "Worker Number": 3,
                                                                    "Actual Startup Time": 30.07,
                                                                    "Actual Total Time": 120.038,
                                                                    "Actual Rows": 459925,
                                                                    "Actual Loops": 1
                                                                }
                                                            ],
                                                            "Plans": [
                                                                {
                                                                    "Node Type": "Bitmap Index Scan",
                                                                    "Parent Relationship": "Outer",
                                                                    "Parallel Aware": false,
                                                                    "Index Name": "info_type_id_movie_info_idx",
                                                                    "Startup Cost": 0.0,
                                                                    "Total Cost": 8180.17,
                                                                    "Plan Rows": 458632,
                                                                    "Plan Width": 0,
                                                                    "Actual Startup Time": 21.998,
                                                                    "Actual Total Time": 21.999,
                                                                    "Actual Rows": 459925,
                                                                    "Actual Loops": 5,
                                                                    "Index Cond": "(mi_idx.info_type_id = 101)",
                                                                    "Workers": [
                                                                        {
                                                                            "Worker Number": 0,
                                                                            "Actual Startup Time": 22.141,
                                                                            "Actual Total Time": 22.141,
                                                                            "Actual Rows": 459925,
                                                                            "Actual Loops": 1
                                                                        },
                                                                        {
                                                                            "Worker Number": 1,
                                                                            "Actual Startup Time": 21.636,
                                                                            "Actual Total Time": 21.636,
                                                                            "Actual Rows": 459925,
                                                                            "Actual Loops": 1
                                                                        },
                                                                        {
                                                                            "Worker Number": 2,
                                                                            "Actual Startup Time": 21.445,
                                                                            "Actual Total Time": 21.446,
                                                                            "Actual Rows": 459925,
                                                                            "Actual Loops": 1
                                                                        },
                                                                        {
                                                                            "Worker Number": 3,
                                                                            "Actual Startup Time": 28.55,
                                                                            "Actual Total Time": 28.551,
                                                                            "Actual Rows": 459925,
                                                                            "Actual Loops": 1
                                                                        }
                                                                    ]
                                                                }
                                                            ]
                                                        }
                                                    ]
                                                }
                                            ]
                                        },
                                        {
                                            "Node Type": "Index Scan",
                                            "Parent Relationship": "Inner",
                                            "Parallel Aware": false,
                                            "Scan Direction": "Forward",
                                            "Index Name": "movie_id_cast_info",
                                            "Relation Name": "cast_info",
                                            "Schema": "public",
                                            "Alias": "ci",
                                            "Startup Cost": 0.56,
                                            "Total Cost": 3.7,
                                            "Plan Rows": 19,
                                            "Plan Width": 4,
                                            "Actual Startup Time": 0.019,
                                            "Actual Total Time": 0.038,
                                            "Actual Rows": 16,
                                            "Actual Loops": 209880,
                                            "Output": [
                                                "ci.id",
                                                "ci.person_id",
                                                "ci.movie_id",
                                                "ci.person_role_id",
                                                "ci.note",
                                                "ci.nr_order",
                                                "ci.role_id"
                                            ],
                                            "Index Cond": "(ci.movie_id = t.id)",
                                            "Rows Removed by Index Recheck": 0,
                                            "Filter": "((ci.person_id > 906550) AND (ci.role_id > 1))",
                                            "Rows Removed by Filter": 14,
                                            "Workers": [
                                                {
                                                    "Worker Number": 0,
                                                    "Actual Startup Time": 0.019,
                                                    "Actual Total Time": 0.038,
                                                    "Actual Rows": 16,
                                                    "Actual Loops": 42958
                                                },
                                                {
                                                    "Worker Number": 1,
                                                    "Actual Startup Time": 0.019,
                                                    "Actual Total Time": 0.038,
                                                    "Actual Rows": 16,
                                                    "Actual Loops": 43684
                                                },
                                                {
                                                    "Worker Number": 2,
                                                    "Actual Startup Time": 0.019,
                                                    "Actual Total Time": 0.038,
                                                    "Actual Rows": 16,
                                                    "Actual Loops": 44059
                                                },
                                                {
                                                    "Worker Number": 3,
                                                    "Actual Startup Time": 0.026,
                                                    "Actual Total Time": 0.05,
                                                    "Actual Rows": 16,
                                                    "Actual Loops": 27156
                                                }
                                            ]
                                        }
                                    ]
                                }
                            ]
                        }
                    ]
                }
            ]
        },
        "Planning Time": 186.924,
        "Triggers": [],
        "Execution Time": 2224.503
    }
]