{
  "Plan": {
    "Node Type": "Aggregate",
    "Strategy": "Plain",
    "Partial Mode": "Finalize",
    "Parallel Aware": false,
    "Startup Cost": 932370.07,
    "Total Cost": 932370.08,
    "Plan Rows": 1,
    "Plan Width": 8,
    "Actual Startup Time": 5257.101,
    "Actual Total Time": 5339.079,
    "Actual Rows": 1,
    "Actual Loops": 1,
    "Plans": [
      {
        "Node Type": "Gather",
        "Parent Relationship": "Outer",
        "Parallel Aware": false,
        "Startup Cost": 932369.96,
        "Total Cost": 932370.07,
        "Plan Rows": 1,
        "Plan Width": 8,
        "Actual Startup Time": 5255.218,
        "Actual Total Time": 5339.067,
        "Actual Rows": 2,
        "Actual Loops": 1,
        "Workers Planned": 1,
        "Workers Launched": 1,
        "Single Copy": false,
        "Plans": [
          {
            "Node Type": "Aggregate",
            "Strategy": "Plain",
            "Partial Mode": "Partial",
            "Parent Relationship": "Outer",
            "Parallel Aware": false,
            "Startup Cost": 931369.96,
            "Total Cost": 931369.97,
            "Plan Rows": 1,
            "Plan Width": 8,
            "Actual Startup Time": 5249.449,
            "Actual Total Time": 5249.551,
            "Actual Rows": 1,
            "Actual Loops": 2,
            "Plans": [
              {
                "Node Type": "Hash Join",
                "Parent Relationship": "Outer",
                "Parallel Aware": true,
                "Join Type": "Inner",
                "Startup Cost": 585889.08,
                "Total Cost": 927695.62,
                "Plan Rows": 1469736,
                "Plan Width": 0,
                "Actual Startup Time": 3715.202,
                "Actual Total Time": 5226.735,
                "Actual Rows": 527941,
                "Actual Loops": 2,
                "Inner Unique": false,
                "Hash Cond": "(mi.movie_id = t.id)",
                "Plans": [
                  {
                    "Node Type": "Seq Scan",
                    "Parent Relationship": "Outer",
                    "Parallel Aware": true,
                    "Relation Name": "movie_info",
                    "Alias": "mi",
                    "Startup Cost": 0.0,
                    "Total Cost": 270696.42,
                    "Plan Rows": 4997169,
                    "Plan Width": 4,
                    "Actual Startup Time": 0.013,
                    "Actual Total Time": 761.677,
                    "Actual Rows": 4306113,
                    "Actual Loops": 2,
                    "Filter": "(info_type_id < 9)",
                    "Rows Removed by Filter": 3111747
                  },
                  {
                    "Node Type": "Hash",
                    "Parent Relationship": "Inner",
                    "Parallel Aware": true,
                    "Startup Cost": 580421.4,
                    "Total Cost": 580421.4,
                    "Plan Rows": 437415,
                    "Plan Width": 8,
                    "Actual Startup Time": 3704.769,
                    "Actual Total Time": 3704.87,
                    "Actual Rows": 350041,
                    "Actual Loops": 2,
                    "Hash Buckets": 1048576,
                    "Original Hash Buckets": 1048576,
                    "Hash Batches": 1,
                    "Original Hash Batches": 1,
                    "Peak Memory Usage": 35584,
                    "Plans": [
                      {
                        "Node Type": "Hash Join",
                        "Parent Relationship": "Outer",
                        "Parallel Aware": true,
                        "Join Type": "Inner",
                        "Startup Cost": 58688.04,
                        "Total Cost": 580421.4,
                        "Plan Rows": 437415,
                        "Plan Width": 8,
                        "Actual Startup Time": 153.915,
                        "Actual Total Time": 3591.96,
                        "Actual Rows": 350041,
                        "Actual Loops": 2,
                        "Inner Unique": true,
                        "Hash Cond": "(ci.movie_id = t.id)",
                        "Plans": [
                          {
                            "Node Type": "Seq Scan",
                            "Parent Relationship": "Outer",
                            "Parallel Aware": true,
                            "Relation Name": "cast_info",
                            "Alias": "ci",
                            "Startup Cost": 0.0,
                            "Total Cost": 465792.95,
                            "Plan Rows": 21310595,
                            "Plan Width": 4,
                            "Actual Startup Time": 0.014,
                            "Actual Total Time": 1399.025,
                            "Actual Rows": 18122172,
                            "Actual Loops": 2
                          },
                          {
                            "Node Type": "Hash",
                            "Parent Relationship": "Inner",
                            "Parallel Aware": true,
                            "Startup Cost": 58306.47,
                            "Total Cost": 58306.47,
                            "Plan Rows": 30526,
                            "Plan Width": 4,
                            "Actual Startup Time": 153.422,
                            "Actual Total Time": 153.423,
                            "Actual Rows": 28240,
                            "Actual Loops": 2,
                            "Hash Buckets": 65536,
                            "Original Hash Buckets": 65536,
                            "Hash Batches": 1,
                            "Original Hash Batches": 1,
                            "Peak Memory Usage": 2752,
                            "Plans": [
                              {
                                "Node Type": "Seq Scan",
                                "Parent Relationship": "Outer",
                                "Parallel Aware": true,
                                "Relation Name": "title",
                                "Alias": "t",
                                "Startup Cost": 0.0,
                                "Total Cost": 58306.47,
                                "Plan Rows": 30526,
                                "Plan Width": 4,
                                "Actual Startup Time": 0.041,
                                "Actual Total Time": 145.194,
                                "Actual Rows": 28240,
                                "Actual Loops": 2,
                                "Filter": "((kind_id = 7) AND (production_year = 2004))",
                                "Rows Removed by Filter": 1235916
                              }
                            ]
                          }
                        ]
                      }
                    ]
                  }
                ]
              }
            ]
          }
        ]
      }
    ]
  },
  "Planning Time": 1.068,
  "Triggers": [],
  "Execution Time": 5339.24
}