[
  {
    "Plan": {
      "Node Type": "Aggregate",
      "Strategy": "Plain",
      "Partial Mode": "Finalize",
      "Parallel Aware": false,
      "Startup Cost": 80607.48,
      "Total Cost": 80607.49,
      "Plan Rows": 1,
      "Plan Width": 8,
      "Actual Startup Time": 215.544,
      "Actual Total Time": 234.152,
      "Actual Rows": 1,
      "Actual Loops": 1,
      "Plans": [
        {
          "Node Type": "Gather",
          "Parent Relationship": "Outer",
          "Parallel Aware": false,
          "Startup Cost": 80607.06,
          "Total Cost": 80607.47,
          "Plan Rows": 4,
          "Plan Width": 8,
          "Actual Startup Time": 214.876,
          "Actual Total Time": 234.143,
          "Actual Rows": 5,
          "Actual Loops": 1,
          "Workers Planned": 4,
          "Workers Launched": 4,
          "Single Copy": false,
          "Plans": [
            {
              "Node Type": "Aggregate",
              "Strategy": "Plain",
              "Partial Mode": "Partial",
              "Parent Relationship": "Outer",
              "Parallel Aware": false,
              "Startup Cost": 79607.06,
              "Total Cost": 79607.07,
              "Plan Rows": 1,
              "Plan Width": 8,
              "Actual Startup Time": 205.517,
              "Actual Total Time": 205.52,
              "Actual Rows": 1,
              "Actual Loops": 5,
              "Plans": [
                {
                  "Node Type": "Hash Join",
                  "Parent Relationship": "Outer",
                  "Parallel Aware": true,
                  "Join Type": "Inner",
                  "Startup Cost": 32969.68,
                  "Total Cost": 79429.28,
                  "Plan Rows": 71112,
                  "Plan Width": 0,
                  "Actual Startup Time": 174.719,
                  "Actual Total Time": 205.274,
                  "Actual Rows": 3186,
                  "Actual Loops": 5,
                  "Inner Unique": false,
                  "Hash Cond": "(t.id = mc.movie_id)",
                  "Plans": [
                    {
                      "Node Type": "Seq Scan",
                      "Parent Relationship": "Outer",
                      "Parallel Aware": true,
                      "Relation Name": "title",
                      "Alias": "t",
                      "Startup Cost": 0.0,
                      "Total Cost": 43898.92,
                      "Plan Rows": 466259,
                      "Plan Width": 4,
                      "Actual Startup Time": 0.016,
                      "Actual Total Time": 81.03,
                      "Actual Rows": 373097,
                      "Actual Loops": 5,
                      "Filter": "(kind_id > 1)",
                      "Rows Removed by Filter": 132565
                    },
                    {
                      "Node Type": "Hash",
                      "Parent Relationship": "Inner",
                      "Parallel Aware": true,
                      "Startup Cost": 31414.82,
                      "Total Cost": 31414.82,
                      "Plan Rows": 124389,
                      "Plan Width": 4,
                      "Actual Startup Time": 74.319,
                      "Actual Total Time": 74.32,
                      "Actual Rows": 14127,
                      "Actual Loops": 5,
                      "Hash Buckets": 524288,
                      "Original Hash Buckets": 524288,
                      "Hash Batches": 1,
                      "Original Hash Batches": 1,
                      "Peak Memory Usage": 6912,
                      "Plans": [
                        {
                          "Node Type": "Seq Scan",
                          "Parent Relationship": "Outer",
                          "Parallel Aware": true,
                          "Relation Name": "movie_companies",
                          "Alias": "mc",
                          "Startup Cost": 0.0,
                          "Total Cost": 31414.82,
                          "Plan Rows": 124389,
                          "Plan Width": 4,
                          "Actual Startup Time": 24.435,
                          "Actual Total Time": 68.476,
                          "Actual Rows": 14127,
                          "Actual Loops": 5,
                          "Filter": "((company_id > 30745) AND (company_type_id < 2))",
                          "Rows Removed by Filter": 507698
                        }
                      ]
                    }
                  ]
                }
              ]
            }
          ]
        }
      ]
    },
    "Planning Time": 0.625,
    "Triggers": [],
    "Execution Time": 234.229
  }
]