{
  "Plan": {
    "Node Type": "Aggregate",
    "Strategy": "Plain",
    "Partial Mode": "Finalize",
    "Parallel Aware": false,
    "Startup Cost": 89189.28,
    "Total Cost": 89189.29,
    "Plan Rows": 1,
    "Plan Width": 8,
    "Actual Startup Time": 373.285,
    "Actual Total Time": 387.809,
    "Actual Rows": 1,
    "Actual Loops": 1,
    "Plans": [
      {
        "Node Type": "Gather",
        "Parent Relationship": "Outer",
        "Parallel Aware": false,
        "Startup Cost": 89189.16,
        "Total Cost": 89189.27,
        "Plan Rows": 1,
        "Plan Width": 8,
        "Actual Startup Time": 372.775,
        "Actual Total Time": 387.802,
        "Actual Rows": 2,
        "Actual Loops": 1,
        "Workers Planned": 1,
        "Workers Launched": 1,
        "Single Copy": false,
        "Plans": [
          {
            "Node Type": "Aggregate",
            "Strategy": "Plain",
            "Partial Mode": "Partial",
            "Parent Relationship": "Outer",
            "Parallel Aware": false,
            "Startup Cost": 88189.16,
            "Total Cost": 88189.17,
            "Plan Rows": 1,
            "Plan Width": 8,
            "Actual Startup Time": 366.878,
            "Actual Total Time": 366.882,
            "Actual Rows": 1,
            "Actual Loops": 2,
            "Plans": [
              {
                "Node Type": "Hash Join",
                "Parent Relationship": "Outer",
                "Parallel Aware": true,
                "Join Type": "Inner",
                "Startup Cost": 24749.82,
                "Total Cost": 87978.07,
                "Plan Rows": 84437,
                "Plan Width": 0,
                "Actual Startup Time": 82.675,
                "Actual Total Time": 363.732,
                "Actual Rows": 67424,
                "Actual Loops": 2,
                "Inner Unique": false,
                "Hash Cond": "(t.id = mc.movie_id)",
                "Plans": [
                  {
                    "Node Type": "Seq Scan",
                    "Parent Relationship": "Outer",
                    "Parallel Aware": true,
                    "Relation Name": "title",
                    "Alias": "t",
                    "Startup Cost": 0.0,
                    "Total Cost": 54588.39,
                    "Plan Rows": 1302907,
                    "Plan Width": 4,
                    "Actual Startup Time": 0.012,
                    "Actual Total Time": 144.872,
                    "Actual Rows": 1101848,
                    "Actual Loops": 2,
                    "Filter": "(production_year > 1960)",
                    "Rows Removed by Filter": 162308
                  },
                  {
                    "Node Type": "Hash",
                    "Parent Relationship": "Inner",
                    "Parallel Aware": true,
                    "Startup Cost": 23545.05,
                    "Total Cost": 23545.05,
                    "Plan Rows": 96382,
                    "Plan Width": 4,
                    "Actual Startup Time": 79.301,
                    "Actual Total Time": 79.302,
                    "Actual Rows": 83854,
                    "Actual Loops": 2,
                    "Hash Buckets": 262144,
                    "Original Hash Buckets": 262144,
                    "Hash Batches": 1,
                    "Original Hash Batches": 1,
                    "Peak Memory Usage": 8640,
                    "Plans": [
                      {
                        "Node Type": "Bitmap Heap Scan",
                        "Parent Relationship": "Outer",
                        "Parallel Aware": true,
                        "Relation Name": "movie_companies",
                        "Alias": "mc",
                        "Startup Cost": 3550.27,
                        "Total Cost": 23545.05,
                        "Plan Rows": 96382,
                        "Plan Width": 4,
                        "Actual Startup Time": 21.688,
                        "Actual Total Time": 59.822,
                        "Actual Rows": 83854,
                        "Actual Loops": 2,
                        "Recheck Cond": "(company_id < 34)",
                        "Rows Removed by Index Recheck": 0,
                        "Exact Heap Blocks": 10435,
                        "Lossy Heap Blocks": 0,
                        "Plans": [
                          {
                            "Node Type": "Bitmap Index Scan",
                            "Parent Relationship": "Outer",
                            "Parallel Aware": false,
                            "Index Name": "company_id_movie_companies",
                            "Startup Cost": 0.0,
                            "Total Cost": 3509.3,
                            "Plan Rows": 163850,
                            "Plan Width": 0,
                            "Actual Startup Time": 20.423,
                            "Actual Total Time": 20.424,
                            "Actual Rows": 167708,
                            "Actual Loops": 1,
                            "Index Cond": "(company_id < 34)"
                          }
                        ]
                      }
                    ]
                  }
                ]
              }
            ]
          }
        ]
      }
    ]
  },
  "Planning Time": 0.515,
  "Triggers": [],
  "Execution Time": 387.897
}