{
  "Plan": {
    "Node Type": "Aggregate",
    "Strategy": "Plain",
    "Partial Mode": "Finalize",
    "Parallel Aware": false,
    "Startup Cost": 63450.07,
    "Total Cost": 63450.08,
    "Plan Rows": 1,
    "Plan Width": 8,
    "Actual Startup Time": 111.334,
    "Actual Total Time": 118.882,
    "Actual Rows": 1,
    "Actual Loops": 1,
    "Plans": [
      {
        "Node Type": "Gather",
        "Parent Relationship": "Outer",
        "Parallel Aware": false,
        "Startup Cost": 63449.96,
        "Total Cost": 63450.07,
        "Plan Rows": 1,
        "Plan Width": 8,
        "Actual Startup Time": 111.07,
        "Actual Total Time": 118.875,
        "Actual Rows": 2,
        "Actual Loops": 1,
        "Workers Planned": 1,
        "Workers Launched": 1,
        "Single Copy": false,
        "Plans": [
          {
            "Node Type": "Aggregate",
            "Strategy": "Plain",
            "Partial Mode": "Partial",
            "Parent Relationship": "Outer",
            "Parallel Aware": false,
            "Startup Cost": 62449.96,
            "Total Cost": 62449.97,
            "Plan Rows": 1,
            "Plan Width": 8,
            "Actual Startup Time": 105.113,
            "Actual Total Time": 105.115,
            "Actual Rows": 1,
            "Actual Loops": 2,
            "Plans": [
              {
                "Node Type": "Nested Loop",
                "Parent Relationship": "Outer",
                "Parallel Aware": false,
                "Join Type": "Inner",
                "Startup Cost": 11823.47,
                "Total Cost": 62448.79,
                "Plan Rows": 465,
                "Plan Width": 0,
                "Actual Startup Time": 37.445,
                "Actual Total Time": 104.863,
                "Actual Rows": 2991,
                "Actual Loops": 2,
                "Inner Unique": false,
                "Plans": [
                  {
                    "Node Type": "Bitmap Heap Scan",
                    "Parent Relationship": "Outer",
                    "Parallel Aware": true,
                    "Relation Name": "title",
                    "Alias": "t",
                    "Startup Cost": 11823.04,
                    "Total Cost": 53673.3,
                    "Plan Rows": 451,
                    "Plan Width": 4,
                    "Actual Startup Time": 37.281,
                    "Actual Total Time": 90.954,
                    "Actual Rows": 1608,
                    "Actual Loops": 2,
                    "Recheck Cond": "(kind_id = 1)",
                    "Rows Removed by Index Recheck": 0,
                    "Filter": "(production_year > 2013)",
                    "Rows Removed by Filter": 329804,
                    "Exact Heap Blocks": 9592,
                    "Lossy Heap Blocks": 0,
                    "Plans": [
                      {
                        "Node Type": "Bitmap Index Scan",
                        "Parent Relationship": "Outer",
                        "Parallel Aware": false,
                        "Index Name": "kind_id_title",
                        "Startup Cost": 0.0,
                        "Total Cost": 11822.85,
                        "Plan Rows": 663256,
                        "Plan Width": 0,
                        "Actual Startup Time": 40.628,
                        "Actual Total Time": 40.629,
                        "Actual Rows": 662825,
                        "Actual Loops": 1,
                        "Index Cond": "(kind_id = 1)"
                      }
                    ]
                  },
                  {
                    "Node Type": "Index Only Scan",
                    "Parent Relationship": "Inner",
                    "Parallel Aware": false,
                    "Scan Direction": "Forward",
                    "Index Name": "movie_id_movie_companies",
                    "Relation Name": "movie_companies",
                    "Alias": "mc",
                    "Startup Cost": 0.43,
                    "Total Cost": 19.41,
                    "Plan Rows": 5,
                    "Plan Width": 4,
                    "Actual Startup Time": 0.007,
                    "Actual Total Time": 0.008,
                    "Actual Rows": 2,
                    "Actual Loops": 3217,
                    "Index Cond": "(movie_id = t.id)",
                    "Rows Removed by Index Recheck": 0,
                    "Heap Fetches": 5982
                  }
                ]
              }
            ]
          }
        ]
      }
    ]
  },
  "Planning Time": 1.232,
  "Triggers": [],
  "Execution Time": 118.972
}