{
  "Plan": {
    "Node Type": "Aggregate",
    "Strategy": "Plain",
    "Partial Mode": "Finalize",
    "Parallel Aware": false,
    "Startup Cost": 120432.68,
    "Total Cost": 120432.69,
    "Plan Rows": 1,
    "Plan Width": 8,
    "Actual Startup Time": 392.884,
    "Actual Total Time": 410.103,
    "Actual Rows": 1,
    "Actual Loops": 1,
    "Plans": [
      {
        "Node Type": "Gather",
        "Parent Relationship": "Outer",
        "Parallel Aware": false,
        "Startup Cost": 120432.57,
        "Total Cost": 120432.68,
        "Plan Rows": 1,
        "Plan Width": 8,
        "Actual Startup Time": 392.666,
        "Actual Total Time": 410.096,
        "Actual Rows": 2,
        "Actual Loops": 1,
        "Workers Planned": 1,
        "Workers Launched": 1,
        "Single Copy": false,
        "Plans": [
          {
            "Node Type": "Aggregate",
            "Strategy": "Plain",
            "Partial Mode": "Partial",
            "Parent Relationship": "Outer",
            "Parallel Aware": false,
            "Startup Cost": 119432.57,
            "Total Cost": 119432.58,
            "Plan Rows": 1,
            "Plan Width": 8,
            "Actual Startup Time": 386.861,
            "Actual Total Time": 386.865,
            "Actual Rows": 1,
            "Actual Loops": 2,
            "Plans": [
              {
                "Node Type": "Hash Join",
                "Parent Relationship": "Outer",
                "Parallel Aware": true,
                "Join Type": "Inner",
                "Startup Cost": 58862.08,
                "Total Cost": 119353.63,
                "Plan Rows": 31576,
                "Plan Width": 0,
                "Actual Startup Time": 153.547,
                "Actual Total Time": 386.633,
                "Actual Rows": 5134,
                "Actual Loops": 2,
                "Inner Unique": true,
                "Hash Cond": "(mk.movie_id = t.id)",
                "Plans": [
                  {
                    "Node Type": "Seq Scan",
                    "Parent Relationship": "Outer",
                    "Parallel Aware": true,
                    "Relation Name": "movie_keyword",
                    "Alias": "mk",
                    "Startup Cost": 0.0,
                    "Total Cost": 57718.19,
                    "Plan Rows": 1056517,
                    "Plan Width": 4,
                    "Actual Startup Time": 0.666,
                    "Actual Total Time": 169.497,
                    "Actual Rows": 901466,
                    "Actual Loops": 2,
                    "Filter": "(keyword_id > 7695)",
                    "Rows Removed by Filter": 1360500
                  },
                  {
                    "Node Type": "Hash",
                    "Parent Relationship": "Inner",
                    "Parallel Aware": true,
                    "Startup Cost": 58306.47,
                    "Total Cost": 58306.47,
                    "Plan Rows": 44449,
                    "Plan Width": 4,
                    "Actual Startup Time": 150.154,
                    "Actual Total Time": 150.155,
                    "Actual Rows": 42038,
                    "Actual Loops": 2,
                    "Hash Buckets": 131072,
                    "Original Hash Buckets": 131072,
                    "Hash Batches": 1,
                    "Original Hash Batches": 1,
                    "Peak Memory Usage": 4352,
                    "Plans": [
                      {
                        "Node Type": "Seq Scan",
                        "Parent Relationship": "Outer",
                        "Parallel Aware": true,
                        "Relation Name": "title",
                        "Alias": "t",
                        "Startup Cost": 0.0,
                        "Total Cost": 58306.47,
                        "Plan Rows": 44449,
                        "Plan Width": 4,
                        "Actual Startup Time": 0.05,
                        "Actual Total Time": 138.7,
                        "Actual Rows": 42038,
                        "Actual Loops": 2,
                        "Filter": "((kind_id = 7) AND (production_year = 2007))",
                        "Rows Removed by Filter": 1222118
                      }
                    ]
                  }
                ]
              }
            ]
          }
        ]
      }
    ]
  },
  "Planning Time": 0.495,
  "Triggers": [],
  "Execution Time": 410.18
}