[
  {
    "Plan": {
      "Node Type": "Aggregate",
      "Strategy": "Plain",
      "Partial Mode": "Finalize",
      "Parallel Aware": false,
      "Startup Cost": 339821.89,
      "Total Cost": 339821.9,
      "Plan Rows": 1,
      "Plan Width": 8,
      "Actual Startup Time": 315.992,
      "Actual Total Time": 328.286,
      "Actual Rows": 1,
      "Actual Loops": 1,
      "Plans": [
        {
          "Node Type": "Gather",
          "Parent Relationship": "Outer",
          "Parallel Aware": false,
          "Startup Cost": 339821.26,
          "Total Cost": 339821.87,
          "Plan Rows": 6,
          "Plan Width": 8,
          "Actual Startup Time": 315.015,
          "Actual Total Time": 328.279,
          "Actual Rows": 7,
          "Actual Loops": 1,
          "Workers Planned": 6,
          "Workers Launched": 6,
          "Single Copy": false,
          "Plans": [
            {
              "Node Type": "Aggregate",
              "Strategy": "Plain",
              "Partial Mode": "Partial",
              "Parent Relationship": "Outer",
              "Parallel Aware": false,
              "Startup Cost": 338821.26,
              "Total Cost": 338821.27,
              "Plan Rows": 1,
              "Plan Width": 8,
              "Actual Startup Time": 306.443,
              "Actual Total Time": 306.444,
              "Actual Rows": 1,
              "Actual Loops": 7,
              "Plans": [
                {
                  "Node Type": "Bitmap Heap Scan",
                  "Parent Relationship": "Outer",
                  "Parallel Aware": true,
                  "Relation Name": "cast_info",
                  "Alias": "ci",
                  "Startup Cost": 76735.48,
                  "Total Cost": 338162.33,
                  "Plan Rows": 263574,
                  "Plan Width": 0,
                  "Actual Startup Time": 140.87,
                  "Actual Total Time": 285.284,
                  "Actual Rows": 477061,
                  "Actual Loops": 7,
                  "Recheck Cond": "(person_id > 3447977)",
                  "Rows Removed by Index Recheck": 0,
                  "Filter": "(role_id > 2)",
                  "Rows Removed by Filter": 0,
                  "Exact Heap Blocks": 11364,
                  "Lossy Heap Blocks": 0,
                  "Plans": [
                    {
                      "Node Type": "Bitmap Index Scan",
                      "Parent Relationship": "Outer",
                      "Parallel Aware": false,
                      "Index Name": "person_id_cast_info",
                      "Startup Cost": 0.0,
                      "Total Cost": 76340.12,
                      "Plan Rows": 3495940,
                      "Plan Width": 0,
                      "Actual Startup Time": 140.145,
                      "Actual Total Time": 140.146,
                      "Actual Rows": 3339424,
                      "Actual Loops": 1,
                      "Index Cond": "(person_id > 3447977)"
                    }
                  ]
                }
              ]
            }
          ]
        }
      ]
    },
    "Planning Time": 0.228,
    "Triggers": [],
    "Execution Time": 328.363
  }
]