[
  {
    "Plan": {
      "Node Type": "Aggregate",
      "Strategy": "Plain",
      "Partial Mode": "Finalize",
      "Parallel Aware": false,
      "Startup Cost": 332194.2,
      "Total Cost": 332194.21,
      "Plan Rows": 1,
      "Plan Width": 8,
      "Actual Startup Time": 659.288,
      "Actual Total Time": 717.661,
      "Actual Rows": 1,
      "Actual Loops": 1,
      "Plans": [
        {
          "Node Type": "Gather",
          "Parent Relationship": "Outer",
          "Parallel Aware": false,
          "Startup Cost": 332193.57,
          "Total Cost": 332194.18,
          "Plan Rows": 6,
          "Plan Width": 8,
          "Actual Startup Time": 659.129,
          "Actual Total Time": 717.65,
          "Actual Rows": 7,
          "Actual Loops": 1,
          "Workers Planned": 6,
          "Workers Launched": 6,
          "Single Copy": false,
          "Plans": [
            {
              "Node Type": "Aggregate",
              "Strategy": "Plain",
              "Partial Mode": "Partial",
              "Parent Relationship": "Outer",
              "Parallel Aware": false,
              "Startup Cost": 331193.57,
              "Total Cost": 331193.58,
              "Plan Rows": 1,
              "Plan Width": 8,
              "Actual Startup Time": 650.089,
              "Actual Total Time": 650.09,
              "Actual Rows": 1,
              "Actual Loops": 7,
              "Plans": [
                {
                  "Node Type": "Seq Scan",
                  "Parent Relationship": "Outer",
                  "Parallel Aware": true,
                  "Relation Name": "cast_info",
                  "Alias": "ci",
                  "Startup Cost": 0.0,
                  "Total Cost": 328162.03,
                  "Plan Rows": 1212618,
                  "Plan Width": 0,
                  "Actual Startup Time": 359.098,
                  "Actual Total Time": 598.256,
                  "Actual Rows": 1022532,
                  "Actual Loops": 7,
                  "Filter": "(person_id > 2951769)",
                  "Rows Removed by Filter": 4155231
                }
              ]
            }
          ]
        }
      ]
    },
    "Planning Time": 0.208,
    "Triggers": [],
    "Execution Time": 717.736
  }
]