{
  "Plan": {
    "Node Type": "Aggregate",
    "Strategy": "Plain",
    "Partial Mode": "Finalize",
    "Parallel Aware": false,
    "Startup Cost": 35408.88,
    "Total Cost": 35408.89,
    "Plan Rows": 1,
    "Plan Width": 8,
    "Actual Startup Time": 96.092,
    "Actual Total Time": 114.101,
    "Actual Rows": 1,
    "Actual Loops": 1,
    "Plans": [
      {
        "Node Type": "Gather",
        "Parent Relationship": "Outer",
        "Parallel Aware": false,
        "Startup Cost": 35408.77,
        "Total Cost": 35408.88,
        "Plan Rows": 1,
        "Plan Width": 8,
        "Actual Startup Time": 95.935,
        "Actual Total Time": 114.094,
        "Actual Rows": 2,
        "Actual Loops": 1,
        "Workers Planned": 1,
        "Workers Launched": 1,
        "Single Copy": false,
        "Plans": [
          {
            "Node Type": "Aggregate",
            "Strategy": "Plain",
            "Partial Mode": "Partial",
            "Parent Relationship": "Outer",
            "Parallel Aware": false,
            "Startup Cost": 34408.77,
            "Total Cost": 34408.78,
            "Plan Rows": 1,
            "Plan Width": 8,
            "Actual Startup Time": 90.203,
            "Actual Total Time": 90.205,
            "Actual Rows": 1,
            "Actual Loops": 2,
            "Plans": [
              {
                "Node Type": "Nested Loop",
                "Parent Relationship": "Outer",
                "Parallel Aware": false,
                "Join Type": "Inner",
                "Startup Cost": 94.02,
                "Total Cost": 34372.46,
                "Plan Rows": 14522,
                "Plan Width": 0,
                "Actual Startup Time": 1.465,
                "Actual Total Time": 86.387,
                "Actual Rows": 59788,
                "Actual Loops": 2,
                "Inner Unique": false,
                "Plans": [
                  {
                    "Node Type": "Nested Loop",
                    "Parent Relationship": "Outer",
                    "Parallel Aware": false,
                    "Join Type": "Inner",
                    "Startup Cost": 93.58,
                    "Total Cost": 29573.29,
                    "Plan Rows": 2484,
                    "Plan Width": 8,
                    "Actual Startup Time": 1.328,
                    "Actual Total Time": 19.293,
                    "Actual Rows": 1821,
                    "Actual Loops": 2,
                    "Inner Unique": true,
                    "Plans": [
                      {
                        "Node Type": "Bitmap Heap Scan",
                        "Parent Relationship": "Outer",
                        "Parallel Aware": true,
                        "Relation Name": "movie_keyword",
                        "Alias": "mk",
                        "Startup Cost": 93.15,
                        "Total Cost": 11023.11,
                        "Plan Rows": 2484,
                        "Plan Width": 4,
                        "Actual Startup Time": 1.188,
                        "Actual Total Time": 6.356,
                        "Actual Rows": 1821,
                        "Actual Loops": 2,
                        "Recheck Cond": "(keyword_id = 1450)",
                        "Rows Removed by Index Recheck": 0,
                        "Exact Heap Blocks": 2530,
                        "Lossy Heap Blocks": 0,
                        "Plans": [
                          {
                            "Node Type": "Bitmap Index Scan",
                            "Parent Relationship": "Outer",
                            "Parallel Aware": false,
                            "Index Name": "keyword_id_movie_keyword",
                            "Startup Cost": 0.0,
                            "Total Cost": 92.1,
                            "Plan Rows": 4222,
                            "Plan Width": 0,
                            "Actual Startup Time": 1.571,
                            "Actual Total Time": 1.571,
                            "Actual Rows": 3642,
                            "Actual Loops": 1,
                            "Index Cond": "(keyword_id = 1450)"
                          }
                        ]
                      },
                      {
                        "Node Type": "Index Only Scan",
                        "Parent Relationship": "Inner",
                        "Parallel Aware": false,
                        "Scan Direction": "Forward",
                        "Index Name": "title_pkey",
                        "Relation Name": "title",
                        "Alias": "t",
                        "Startup Cost": 0.43,
                        "Total Cost": 7.47,
                        "Plan Rows": 1,
                        "Plan Width": 4,
                        "Actual Startup Time": 0.007,
                        "Actual Total Time": 0.007,
                        "Actual Rows": 1,
                        "Actual Loops": 3642,
                        "Index Cond": "(id = mk.movie_id)",
                        "Rows Removed by Index Recheck": 0,
                        "Heap Fetches": 3642
                      }
                    ]
                  },
                  {
                    "Node Type": "Index Only Scan",
                    "Parent Relationship": "Inner",
                    "Parallel Aware": false,
                    "Scan Direction": "Forward",
                    "Index Name": "movie_id_movie_info",
                    "Relation Name": "movie_info",
                    "Alias": "mi",
                    "Startup Cost": 0.43,
                    "Total Cost": 1.51,
                    "Plan Rows": 42,
                    "Plan Width": 4,
                    "Actual Startup Time": 0.009,
                    "Actual Total Time": 0.034,
                    "Actual Rows": 33,
                    "Actual Loops": 3642,
                    "Index Cond": "(movie_id = t.id)",
                    "Rows Removed by Index Recheck": 0,
                    "Heap Fetches": 119575
                  }
                ]
              }
            ]
          }
        ]
      }
    ]
  },
  "Planning Time": 0.453,
  "Triggers": [],
  "Execution Time": 114.159
}