[
  {
    "Plan": {
      "Node Type": "Aggregate",
      "Strategy": "Plain",
      "Partial Mode": "Finalize",
      "Parallel Aware": false,
      "Startup Cost": 94860.73,
      "Total Cost": 94860.74,
      "Plan Rows": 1,
      "Plan Width": 8,
      "Actual Startup Time": 505.898,
      "Actual Total Time": 524.035,
      "Actual Rows": 1,
      "Actual Loops": 1,
      "Plans": [
        {
          "Node Type": "Gather",
          "Parent Relationship": "Outer",
          "Parallel Aware": false,
          "Startup Cost": 94860.41,
          "Total Cost": 94860.72,
          "Plan Rows": 3,
          "Plan Width": 8,
          "Actual Startup Time": 503.495,
          "Actual Total Time": 524.025,
          "Actual Rows": 4,
          "Actual Loops": 1,
          "Workers Planned": 3,
          "Workers Launched": 3,
          "Single Copy": false,
          "Plans": [
            {
              "Node Type": "Aggregate",
              "Strategy": "Plain",
              "Partial Mode": "Partial",
              "Parent Relationship": "Outer",
              "Parallel Aware": false,
              "Startup Cost": 93860.41,
              "Total Cost": 93860.42,
              "Plan Rows": 1,
              "Plan Width": 8,
              "Actual Startup Time": 494.321,
              "Actual Total Time": 494.325,
              "Actual Rows": 1,
              "Actual Loops": 4,
              "Plans": [
                {
                  "Node Type": "Hash Join",
                  "Parent Relationship": "Outer",
                  "Parallel Aware": true,
                  "Join Type": "Inner",
                  "Startup Cost": 46609.23,
                  "Total Cost": 92738.78,
                  "Plan Rows": 448653,
                  "Plan Width": 0,
                  "Actual Startup Time": 200.529,
                  "Actual Total Time": 471.305,
                  "Actual Rows": 479855,
                  "Actual Loops": 4,
                  "Inner Unique": true,
                  "Hash Cond": "(mk.movie_id = t.id)",
                  "Plans": [
                    {
                      "Node Type": "Seq Scan",
                      "Parent Relationship": "Outer",
                      "Parallel Aware": true,
                      "Relation Name": "movie_keyword",
                      "Alias": "mk",
                      "Startup Cost": 0.0,
                      "Total Cost": 42695.65,
                      "Plan Rows": 1308144,
                      "Plan Width": 4,
                      "Actual Startup Time": 0.027,
                      "Actual Total Time": 127.479,
                      "Actual Rows": 1014777,
                      "Actual Loops": 4,
                      "Filter": "(keyword_id < 38295)",
                      "Rows Removed by Filter": 116205
                    },
                    {
                      "Node Type": "Hash",
                      "Parent Relationship": "Inner",
                      "Parallel Aware": true,
                      "Startup Cost": 43899.32,
                      "Total Cost": 43899.32,
                      "Plan Rows": 216793,
                      "Plan Width": 4,
                      "Actual Startup Time": 194.953,
                      "Actual Total Time": 194.954,
                      "Actual Rows": 221412,
                      "Actual Loops": 4,
                      "Hash Buckets": 1048576,
                      "Original Hash Buckets": 1048576,
                      "Hash Batches": 1,
                      "Original Hash Batches": 1,
                      "Peak Memory Usage": 42912,
                      "Plans": [
                        {
                          "Node Type": "Seq Scan",
                          "Parent Relationship": "Outer",
                          "Parallel Aware": true,
                          "Relation Name": "title",
                          "Alias": "t",
                          "Startup Cost": 0.0,
                          "Total Cost": 43899.32,
                          "Plan Rows": 216793,
                          "Plan Width": 4,
                          "Actual Startup Time": 0.048,
                          "Actual Total Time": 106.533,
                          "Actual Rows": 221412,
                          "Actual Loops": 4,
                          "Filter": "(production_year < 1997)",
                          "Rows Removed by Filter": 410666
                        }
                      ]
                    }
                  ]
                }
              ]
            }
          ]
        }
      ]
    },
    "Planning Time": 0.611,
    "Triggers": [],
    "Execution Time": 524.111
  }
]