[
  {
    "Plan": {
      "Node Type": "Aggregate",
      "Strategy": "Plain",
      "Partial Mode": "Finalize",
      "Parallel Aware": false,
      "Startup Cost": 45653.95,
      "Total Cost": 45653.96,
      "Plan Rows": 1,
      "Plan Width": 8,
      "Actual Startup Time": 158.874,
      "Actual Total Time": 169.697,
      "Actual Rows": 1,
      "Actual Loops": 1,
      "Plans": [
        {
          "Node Type": "Gather",
          "Parent Relationship": "Outer",
          "Parallel Aware": false,
          "Startup Cost": 45653.63,
          "Total Cost": 45653.94,
          "Plan Rows": 3,
          "Plan Width": 8,
          "Actual Startup Time": 158.768,
          "Actual Total Time": 169.688,
          "Actual Rows": 4,
          "Actual Loops": 1,
          "Workers Planned": 3,
          "Workers Launched": 3,
          "Single Copy": false,
          "Plans": [
            {
              "Node Type": "Aggregate",
              "Strategy": "Plain",
              "Partial Mode": "Partial",
              "Parent Relationship": "Outer",
              "Parallel Aware": false,
              "Startup Cost": 44653.63,
              "Total Cost": 44653.64,
              "Plan Rows": 1,
              "Plan Width": 8,
              "Actual Startup Time": 152.954,
              "Actual Total Time": 152.955,
              "Actual Rows": 1,
              "Actual Loops": 4,
              "Plans": [
                {
                  "Node Type": "Seq Scan",
                  "Parent Relationship": "Outer",
                  "Parallel Aware": true,
                  "Relation Name": "movie_keyword",
                  "Alias": "mk",
                  "Startup Cost": 0.0,
                  "Total Cost": 42695.65,
                  "Plan Rows": 783191,
                  "Plan Width": 0,
                  "Actual Startup Time": 0.588,
                  "Actual Total Time": 123.159,
                  "Actual Rows": 605842,
                  "Actual Loops": 4,
                  "Filter": "(keyword_id > 3779)",
                  "Rows Removed by Filter": 525141
                }
              ]
            }
          ]
        }
      ]
    },
    "Planning Time": 0.19,
    "Triggers": [],
    "Execution Time": 169.756
  }
]