[
  {
    "Plan": {
      "Node Type": "Aggregate",
      "Strategy": "Plain",
      "Partial Mode": "Finalize",
      "Parallel Aware": false,
      "Startup Cost": 47277.49,
      "Total Cost": 47277.5,
      "Plan Rows": 1,
      "Plan Width": 8,
      "Actual Startup Time": 246.009,
      "Actual Total Time": 259.654,
      "Actual Rows": 1,
      "Actual Loops": 1,
      "Plans": [
        {
          "Node Type": "Gather",
          "Parent Relationship": "Outer",
          "Parallel Aware": false,
          "Startup Cost": 47277.17,
          "Total Cost": 47277.48,
          "Plan Rows": 3,
          "Plan Width": 8,
          "Actual Startup Time": 245.697,
          "Actual Total Time": 259.643,
          "Actual Rows": 4,
          "Actual Loops": 1,
          "Workers Planned": 3,
          "Workers Launched": 3,
          "Single Copy": false,
          "Plans": [
            {
              "Node Type": "Aggregate",
              "Strategy": "Plain",
              "Partial Mode": "Partial",
              "Parent Relationship": "Outer",
              "Parallel Aware": false,
              "Startup Cost": 46277.17,
              "Total Cost": 46277.18,
              "Plan Rows": 1,
              "Plan Width": 8,
              "Actual Startup Time": 237.719,
              "Actual Total Time": 237.721,
              "Actual Rows": 1,
              "Actual Loops": 4,
              "Plans": [
                {
                  "Node Type": "Seq Scan",
                  "Parent Relationship": "Outer",
                  "Parallel Aware": true,
                  "Relation Name": "movie_keyword",
                  "Alias": "mk",
                  "Startup Cost": 0.0,
                  "Total Cost": 42695.65,
                  "Plan Rows": 1432608,
                  "Plan Width": 0,
                  "Actual Startup Time": 0.059,
                  "Actual Total Time": 168.093,
                  "Actual Rows": 1109888,
                  "Actual Loops": 4,
                  "Filter": "(keyword_id > 71)",
                  "Rows Removed by Filter": 21095
                }
              ]
            }
          ]
        }
      ]
    },
    "Planning Time": 0.083,
    "Triggers": [],
    "Execution Time": 259.686
  }
]