[
  {
    "Plan": {
      "Node Type": "Aggregate",
      "Strategy": "Plain",
      "Partial Mode": "Finalize",
      "Parallel Aware": false,
      "Startup Cost": 402916.13,
      "Total Cost": 402916.14,
      "Plan Rows": 1,
      "Plan Width": 8,
      "Actual Startup Time": 1075.307,
      "Actual Total Time": 1129.463,
      "Actual Rows": 1,
      "Actual Loops": 1,
      "Plans": [
        {
          "Node Type": "Gather",
          "Parent Relationship": "Outer",
          "Parallel Aware": false,
          "Startup Cost": 402915.51,
          "Total Cost": 402916.12,
          "Plan Rows": 6,
          "Plan Width": 8,
          "Actual Startup Time": 1065.111,
          "Actual Total Time": 1129.451,
          "Actual Rows": 7,
          "Actual Loops": 1,
          "Workers Planned": 6,
          "Workers Launched": 6,
          "Single Copy": false,
          "Plans": [
            {
              "Node Type": "Aggregate",
              "Strategy": "Plain",
              "Partial Mode": "Partial",
              "Parent Relationship": "Outer",
              "Parallel Aware": false,
              "Startup Cost": 401915.51,
              "Total Cost": 401915.52,
              "Plan Rows": 1,
              "Plan Width": 8,
              "Actual Startup Time": 1054.889,
              "Actual Total Time": 1055.077,
              "Actual Rows": 1,
              "Actual Loops": 7,
              "Plans": [
                {
                  "Node Type": "Hash Join",
                  "Parent Relationship": "Outer",
                  "Parallel Aware": true,
                  "Join Type": "Inner",
                  "Startup Cost": 67515.27,
                  "Total Cost": 401206.45,
                  "Plan Rows": 283624,
                  "Plan Width": 0,
                  "Actual Startup Time": 279.087,
                  "Actual Total Time": 1034.417,
                  "Actual Rows": 432351,
                  "Actual Loops": 7,
                  "Inner Unique": false,
                  "Hash Cond": "(ci.movie_id = t.id)",
                  "Plans": [
                    {
                      "Node Type": "Seq Scan",
                      "Parent Relationship": "Outer",
                      "Parallel Aware": true,
                      "Relation Name": "cast_info",
                      "Alias": "ci",
                      "Startup Cost": 0.0,
                      "Total Cost": 328211.39,
                      "Plan Rows": 1146137,
                      "Plan Width": 4,
                      "Actual Startup Time": 0.036,
                      "Actual Total Time": 542.631,
                      "Actual Rows": 999826,
                      "Actual Loops": 7,
                      "Filter": "(person_id < 676385)",
                      "Rows Removed by Filter": 4177937
                    },
                    {
                      "Node Type": "Hash",
                      "Parent Relationship": "Inner",
                      "Parallel Aware": true,
                      "Startup Cost": 64256.48,
                      "Total Cost": 64256.48,
                      "Plan Rows": 260703,
                      "Plan Width": 8,
                      "Actual Startup Time": 275.804,
                      "Actual Total Time": 275.99,
                      "Actual Rows": 76057,
                      "Actual Loops": 7,
                      "Hash Buckets": 1048576,
                      "Original Hash Buckets": 1048576,
                      "Hash Batches": 1,
                      "Original Hash Batches": 1,
                      "Peak Memory Usage": 29120,
                      "Plans": [
                        {
                          "Node Type": "Hash Join",
                          "Parent Relationship": "Outer",
                          "Parallel Aware": true,
                          "Join Type": "Inner",
                          "Startup Cost": 49061.92,
                          "Total Cost": 64256.48,
                          "Plan Rows": 260703,
                          "Plan Width": 8,
                          "Actual Startup Time": 177.661,
                          "Actual Total Time": 242.651,
                          "Actual Rows": 76057,
                          "Actual Loops": 7,
                          "Inner Unique": true,
                          "Hash Cond": "(mi_idx.movie_id = t.id)",
                          "Plans": [
                            {
                              "Node Type": "Seq Scan",
                              "Parent Relationship": "Outer",
                              "Parallel Aware": true,
                              "Relation Name": "movie_info_idx",
                              "Alias": "mi_idx",
                              "Startup Cost": 0.0,
                              "Total Cost": 13685.15,
                              "Plan Rows": 575015,
                              "Plan Width": 4,
                              "Actual Startup Time": 0.016,
                              "Actual Total Time": 21.838,
                              "Actual Rows": 197148,
                              "Actual Loops": 7
                            },
                            {
                              "Node Type": "Hash",
                              "Parent Relationship": "Inner",
                              "Parallel Aware": true,
                              "Startup Cost": 45479.59,
                              "Total Cost": 45479.59,
                              "Plan Rows": 286587,
                              "Plan Width": 4,
                              "Actual Startup Time": 174.832,
                              "Actual Total Time": 174.834,
                              "Actual Rows": 156512,
                              "Actual Loops": 7,
                              "Hash Buckets": 2097152,
                              "Original Hash Buckets": 2097152,
                              "Hash Batches": 1,
                              "Original Hash Batches": 1,
                              "Peak Memory Usage": 59360,
                              "Plans": [
                                {
                                  "Node Type": "Seq Scan",
                                  "Parent Relationship": "Outer",
                                  "Parallel Aware": true,
                                  "Relation Name": "title",
                                  "Alias": "t",
                                  "Startup Cost": 0.0,
                                  "Total Cost": 45479.59,
                                  "Plan Rows": 286587,
                                  "Plan Width": 4,
                                  "Actual Startup Time": 0.047,
                                  "Actual Total Time": 83.11,
                                  "Actual Rows": 156512,
                                  "Actual Loops": 7,
                                  "Filter": "((kind_id > 1) AND (production_year < 2007))",
                                  "Rows Removed by Filter": 204676
                                }
                              ]
                            }
                          ]
                        }
                      ]
                    }
                  ]
                }
              ]
            }
          ]
        }
      ]
    },
    "Planning Time": 1.004,
    "Triggers": [],
    "Execution Time": 1129.543
  }
]