{
  "Plan": {
    "Node Type": "Aggregate",
    "Strategy": "Plain",
    "Partial Mode": "Finalize",
    "Parallel Aware": false,
    "Startup Cost": 227277.27,
    "Total Cost": 227277.28,
    "Plan Rows": 1,
    "Plan Width": 8,
    "Actual Startup Time": 1116.734,
    "Actual Total Time": 1140.021,
    "Actual Rows": 1,
    "Actual Loops": 1,
    "Plans": [
      {
        "Node Type": "Gather",
        "Parent Relationship": "Outer",
        "Parallel Aware": false,
        "Startup Cost": 227277.16,
        "Total Cost": 227277.27,
        "Plan Rows": 1,
        "Plan Width": 8,
        "Actual Startup Time": 1112.709,
        "Actual Total Time": 1140.012,
        "Actual Rows": 2,
        "Actual Loops": 1,
        "Workers Planned": 1,
        "Workers Launched": 1,
        "Single Copy": false,
        "Plans": [
          {
            "Node Type": "Aggregate",
            "Strategy": "Plain",
            "Partial Mode": "Partial",
            "Parent Relationship": "Outer",
            "Parallel Aware": false,
            "Startup Cost": 226277.16,
            "Total Cost": 226277.17,
            "Plan Rows": 1,
            "Plan Width": 8,
            "Actual Startup Time": 1106.89,
            "Actual Total Time": 1107.719,
            "Actual Rows": 1,
            "Actual Loops": 2,
            "Plans": [
              {
                "Node Type": "Hash Join",
                "Parent Relationship": "Outer",
                "Parallel Aware": true,
                "Join Type": "Inner",
                "Startup Cost": 86477.66,
                "Total Cost": 225209.34,
                "Plan Rows": 427128,
                "Plan Width": 0,
                "Actual Startup Time": 601.892,
                "Actual Total Time": 1085.983,
                "Actual Rows": 531012,
                "Actual Loops": 2,
                "Inner Unique": false,
                "Hash Cond": "(ci.movie_id = t.id)",
                "Plans": [
                  {
                    "Node Type": "Index Scan",
                    "Parent Relationship": "Outer",
                    "Parallel Aware": true,
                    "Scan Direction": "Forward",
                    "Index Name": "role_id_cast_info",
                    "Relation Name": "cast_info",
                    "Alias": "ci",
                    "Startup Cost": 0.56,
                    "Total Cost": 130066.5,
                    "Plan Rows": 1640860,
                    "Plan Width": 4,
                    "Actual Startup Time": 0.073,
                    "Actual Total Time": 283.591,
                    "Actual Rows": 818820,
                    "Actual Loops": 2,
                    "Index Cond": "(role_id = 3)",
                    "Rows Removed by Index Recheck": 0,
                    "Filter": "(person_id < 2585199)",
                    "Rows Removed by Filter": 1185198
                  },
                  {
                    "Node Type": "Hash",
                    "Parent Relationship": "Inner",
                    "Parallel Aware": true,
                    "Startup Cost": 81637.87,
                    "Total Cost": 81637.87,
                    "Plan Rows": 387138,
                    "Plan Width": 8,
                    "Actual Startup Time": 592.497,
                    "Actual Total Time": 593.324,
                    "Actual Rows": 269862,
                    "Actual Loops": 2,
                    "Hash Buckets": 1048576,
                    "Original Hash Buckets": 1048576,
                    "Hash Batches": 1,
                    "Original Hash Batches": 1,
                    "Peak Memory Usage": 29344,
                    "Plans": [
                      {
                        "Node Type": "Hash Join",
                        "Parent Relationship": "Outer",
                        "Parallel Aware": true,
                        "Join Type": "Inner",
                        "Startup Cost": 63454.08,
                        "Total Cost": 81637.87,
                        "Plan Rows": 387138,
                        "Plan Width": 8,
                        "Actual Startup Time": 359.087,
                        "Actual Total Time": 536.138,
                        "Actual Rows": 269862,
                        "Actual Loops": 2,
                        "Inner Unique": true,
                        "Hash Cond": "(mi_idx.movie_id = t.id)",
                        "Plans": [
                          {
                            "Node Type": "Seq Scan",
                            "Parent Relationship": "Outer",
                            "Parallel Aware": true,
                            "Relation Name": "movie_info_idx",
                            "Alias": "mi_idx",
                            "Startup Cost": 0.0,
                            "Total Cost": 16052.85,
                            "Plan Rows": 811785,
                            "Plan Width": 4,
                            "Actual Startup Time": 0.018,
                            "Actual Total Time": 52.145,
                            "Actual Rows": 690018,
                            "Actual Loops": 2
                          },
                          {
                            "Node Type": "Hash",
                            "Parent Relationship": "Inner",
                            "Parallel Aware": true,
                            "Startup Cost": 54588.39,
                            "Total Cost": 54588.39,
                            "Plan Rows": 709255,
                            "Plan Width": 4,
                            "Actual Startup Time": 349.616,
                            "Actual Total Time": 349.617,
                            "Actual Rows": 596259,
                            "Actual Loops": 2,
                            "Hash Buckets": 2097152,
                            "Original Hash Buckets": 2097152,
                            "Hash Batches": 1,
                            "Original Hash Batches": 1,
                            "Peak Memory Usage": 63072,
                            "Plans": [
                              {
                                "Node Type": "Seq Scan",
                                "Parent Relationship": "Outer",
                                "Parallel Aware": true,
                                "Relation Name": "title",
                                "Alias": "t",
                                "Startup Cost": 0.0,
                                "Total Cost": 54588.39,
                                "Plan Rows": 709255,
                                "Plan Width": 4,
                                "Actual Startup Time": 0.037,
                                "Actual Total Time": 170.429,
                                "Actual Rows": 596259,
                                "Actual Loops": 2,
                                "Filter": "(production_year > 2003)",
                                "Rows Removed by Filter": 667897
                              }
                            ]
                          }
                        ]
                      }
                    ]
                  }
                ]
              }
            ]
          }
        ]
      }
    ]
  },
  "Planning Time": 0.945,
  "Triggers": [],
  "Execution Time": 1140.109
}