[
  {
    "Plan": {
      "Node Type": "Aggregate",
      "Strategy": "Plain",
      "Partial Mode": "Finalize",
      "Parallel Aware": false,
      "Startup Cost": 247462.94,
      "Total Cost": 247462.95,
      "Plan Rows": 1,
      "Plan Width": 8,
      "Actual Startup Time": 428.223,
      "Actual Total Time": 470.912,
      "Actual Rows": 1,
      "Actual Loops": 1,
      "Plans": [
        {
          "Node Type": "Gather",
          "Parent Relationship": "Outer",
          "Parallel Aware": false,
          "Startup Cost": 247462.42,
          "Total Cost": 247462.93,
          "Plan Rows": 5,
          "Plan Width": 8,
          "Actual Startup Time": 427.94,
          "Actual Total Time": 470.902,
          "Actual Rows": 6,
          "Actual Loops": 1,
          "Workers Planned": 5,
          "Workers Launched": 5,
          "Single Copy": false,
          "Plans": [
            {
              "Node Type": "Aggregate",
              "Strategy": "Plain",
              "Partial Mode": "Partial",
              "Parent Relationship": "Outer",
              "Parallel Aware": false,
              "Startup Cost": 246462.42,
              "Total Cost": 246462.43,
              "Plan Rows": 1,
              "Plan Width": 8,
              "Actual Startup Time": 417.817,
              "Actual Total Time": 417.82,
              "Actual Rows": 1,
              "Actual Loops": 6,
              "Plans": [
                {
                  "Node Type": "Hash Join",
                  "Parent Relationship": "Outer",
                  "Parallel Aware": true,
                  "Join Type": "Inner",
                  "Startup Cost": 45597.56,
                  "Total Cost": 246435.49,
                  "Plan Rows": 10771,
                  "Plan Width": 0,
                  "Actual Startup Time": 107.353,
                  "Actual Total Time": 417.706,
                  "Actual Rows": 2088,
                  "Actual Loops": 6,
                  "Inner Unique": true,
                  "Hash Cond": "(mi.movie_id = t.id)",
                  "Plans": [
                    {
                      "Node Type": "Seq Scan",
                      "Parent Relationship": "Outer",
                      "Parallel Aware": true,
                      "Relation Name": "movie_info",
                      "Alias": "mi",
                      "Startup Cost": 0.0,
                      "Total Cost": 198952.16,
                      "Plan Rows": 718388,
                      "Plan Width": 4,
                      "Actual Startup Time": 26.789,
                      "Actual Total Time": 280.284,
                      "Actual Rows": 604163,
                      "Actual Loops": 6,
                      "Filter": "(info_type_id < 4)",
                      "Rows Removed by Filter": 1868457
                    },
                    {
                      "Node Type": "Hash",
                      "Parent Relationship": "Inner",
                      "Parallel Aware": true,
                      "Startup Cost": 45479.1,
                      "Total Cost": 45479.1,
                      "Plan Rows": 9477,
                      "Plan Width": 4,
                      "Actual Startup Time": 79.286,
                      "Actual Total Time": 79.287,
                      "Actual Rows": 6989,
                      "Actual Loops": 6,
                      "Hash Buckets": 65536,
                      "Original Hash Buckets": 65536,
                      "Hash Batches": 1,
                      "Original Hash Batches": 1,
                      "Peak Memory Usage": 2272,
                      "Plans": [
                        {
                          "Node Type": "Seq Scan",
                          "Parent Relationship": "Outer",
                          "Parallel Aware": true,
                          "Relation Name": "title",
                          "Alias": "t",
                          "Startup Cost": 0.0,
                          "Total Cost": 45479.1,
                          "Plan Rows": 9477,
                          "Plan Width": 4,
                          "Actual Startup Time": 0.059,
                          "Actual Total Time": 75.444,
                          "Actual Rows": 6989,
                          "Actual Loops": 6,
                          "Filter": "((kind_id = 7) AND (production_year = 2002))",
                          "Rows Removed by Filter": 414396
                        }
                      ]
                    }
                  ]
                }
              ]
            }
          ]
        }
      ]
    },
    "Planning Time": 0.628,
    "Triggers": [],
    "Execution Time": 470.997
  }
]