[
  {
    "Plan": {
      "Node Type": "Aggregate",
      "Strategy": "Plain",
      "Partial Mode": "Finalize",
      "Parallel Aware": false,
      "Startup Cost": 395220.82,
      "Total Cost": 395220.83,
      "Plan Rows": 1,
      "Plan Width": 8,
      "Actual Startup Time": 927.501,
      "Actual Total Time": 993.843,
      "Actual Rows": 1,
      "Actual Loops": 1,
      "Plans": [
        {
          "Node Type": "Gather",
          "Parent Relationship": "Outer",
          "Parallel Aware": false,
          "Startup Cost": 395220.2,
          "Total Cost": 395220.81,
          "Plan Rows": 6,
          "Plan Width": 8,
          "Actual Startup Time": 924.367,
          "Actual Total Time": 993.832,
          "Actual Rows": 7,
          "Actual Loops": 1,
          "Workers Planned": 6,
          "Workers Launched": 6,
          "Single Copy": false,
          "Plans": [
            {
              "Node Type": "Aggregate",
              "Strategy": "Plain",
              "Partial Mode": "Partial",
              "Parent Relationship": "Outer",
              "Parallel Aware": false,
              "Startup Cost": 394220.2,
              "Total Cost": 394220.21,
              "Plan Rows": 1,
              "Plan Width": 8,
              "Actual Startup Time": 916.717,
              "Actual Total Time": 916.751,
              "Actual Rows": 1,
              "Actual Loops": 7,
              "Plans": [
                {
                  "Node Type": "Hash Join",
                  "Parent Relationship": "Outer",
                  "Parallel Aware": true,
                  "Join Type": "Inner",
                  "Startup Cost": 46034.75,
                  "Total Cost": 393910.83,
                  "Plan Rows": 123749,
                  "Plan Width": 0,
                  "Actual Startup Time": 444.08,
                  "Actual Total Time": 911.845,
                  "Actual Rows": 85533,
                  "Actual Loops": 7,
                  "Inner Unique": true,
                  "Hash Cond": "(ci.movie_id = t.id)",
                  "Plans": [
                    {
                      "Node Type": "Seq Scan",
                      "Parent Relationship": "Outer",
                      "Parallel Aware": true,
                      "Relation Name": "cast_info",
                      "Alias": "ci",
                      "Startup Cost": 0.0,
                      "Total Cost": 343257.03,
                      "Plan Rows": 1759633,
                      "Plan Width": 4,
                      "Actual Startup Time": 347.372,
                      "Actual Total Time": 654.943,
                      "Actual Rows": 804765,
                      "Actual Loops": 7,
                      "Filter": "((person_id < 2394363) AND (role_id > 2))",
                      "Rows Removed by Filter": 4372998
                    },
                    {
                      "Node Type": "Hash",
                      "Parent Relationship": "Inner",
                      "Parallel Aware": true,
                      "Startup Cost": 45479.1,
                      "Total Cost": 45479.1,
                      "Plan Rows": 44452,
                      "Plan Width": 4,
                      "Actual Startup Time": 95.122,
                      "Actual Total Time": 95.122,
                      "Actual Rows": 45081,
                      "Actual Loops": 7,
                      "Hash Buckets": 524288,
                      "Original Hash Buckets": 262144,
                      "Hash Batches": 1,
                      "Original Hash Batches": 1,
                      "Peak Memory Usage": 18592,
                      "Plans": [
                        {
                          "Node Type": "Seq Scan",
                          "Parent Relationship": "Outer",
                          "Parallel Aware": true,
                          "Relation Name": "title",
                          "Alias": "t",
                          "Startup Cost": 0.0,
                          "Total Cost": 45479.1,
                          "Plan Rows": 44452,
                          "Plan Width": 4,
                          "Actual Startup Time": 41.429,
                          "Actual Total Time": 71.245,
                          "Actual Rows": 45081,
                          "Actual Loops": 7,
                          "Filter": "((kind_id < 2) AND (production_year < 1990))",
                          "Rows Removed by Filter": 316107
                        }
                      ]
                    }
                  ]
                }
              ]
            }
          ]
        }
      ]
    },
    "Planning Time": 0.449,
    "Triggers": [],
    "Execution Time": 993.915
  }
]