[
  {
    "Plan": {
      "Node Type": "Aggregate",
      "Strategy": "Plain",
      "Partial Mode": "Finalize",
      "Parallel Aware": false,
      "Startup Cost": 44371.99,
      "Total Cost": 44372.0,
      "Plan Rows": 1,
      "Plan Width": 8,
      "Actual Startup Time": 119.373,
      "Actual Total Time": 129.036,
      "Actual Rows": 1,
      "Actual Loops": 1,
      "Plans": [
        {
          "Node Type": "Gather",
          "Parent Relationship": "Outer",
          "Parallel Aware": false,
          "Startup Cost": 44371.67,
          "Total Cost": 44371.98,
          "Plan Rows": 3,
          "Plan Width": 8,
          "Actual Startup Time": 119.233,
          "Actual Total Time": 129.027,
          "Actual Rows": 4,
          "Actual Loops": 1,
          "Workers Planned": 3,
          "Workers Launched": 3,
          "Single Copy": false,
          "Plans": [
            {
              "Node Type": "Aggregate",
              "Strategy": "Plain",
              "Partial Mode": "Partial",
              "Parent Relationship": "Outer",
              "Parallel Aware": false,
              "Startup Cost": 43371.67,
              "Total Cost": 43371.68,
              "Plan Rows": 1,
              "Plan Width": 8,
              "Actual Startup Time": 113.167,
              "Actual Total Time": 113.168,
              "Actual Rows": 1,
              "Actual Loops": 4,
              "Plans": [
                {
                  "Node Type": "Seq Scan",
                  "Parent Relationship": "Outer",
                  "Parallel Aware": true,
                  "Relation Name": "movie_keyword",
                  "Alias": "mk",
                  "Startup Cost": 0.0,
                  "Total Cost": 42695.65,
                  "Plan Rows": 270407,
                  "Plan Width": 0,
                  "Actual Startup Time": 4.604,
                  "Actual Total Time": 102.928,
                  "Actual Rows": 206898,
                  "Actual Loops": 4,
                  "Filter": "(keyword_id > 22227)",
                  "Rows Removed by Filter": 924084
                }
              ]
            }
          ]
        }
      ]
    },
    "Planning Time": 0.158,
    "Triggers": [],
    "Execution Time": 129.091
  }
]