[
  {
    "Plan": {
      "Node Type": "Aggregate",
      "Strategy": "Plain",
      "Partial Mode": "Finalize",
      "Parallel Aware": false,
      "Startup Cost": 110622.58,
      "Total Cost": 110622.59,
      "Plan Rows": 1,
      "Plan Width": 8,
      "Actual Startup Time": 460.243,
      "Actual Total Time": 482.389,
      "Actual Rows": 1,
      "Actual Loops": 1,
      "Plans": [
        {
          "Node Type": "Gather",
          "Parent Relationship": "Outer",
          "Parallel Aware": false,
          "Startup Cost": 110622.26,
          "Total Cost": 110622.57,
          "Plan Rows": 3,
          "Plan Width": 8,
          "Actual Startup Time": 458.712,
          "Actual Total Time": 482.383,
          "Actual Rows": 4,
          "Actual Loops": 1,
          "Workers Planned": 3,
          "Workers Launched": 3,
          "Single Copy": false,
          "Plans": [
            {
              "Node Type": "Aggregate",
              "Strategy": "Plain",
              "Partial Mode": "Partial",
              "Parent Relationship": "Outer",
              "Parallel Aware": false,
              "Startup Cost": 109622.26,
              "Total Cost": 109622.27,
              "Plan Rows": 1,
              "Plan Width": 8,
              "Actual Startup Time": 451.114,
              "Actual Total Time": 451.121,
              "Actual Rows": 1,
              "Actual Loops": 4,
              "Plans": [
                {
                  "Node Type": "Nested Loop",
                  "Parent Relationship": "Outer",
                  "Parallel Aware": false,
                  "Join Type": "Inner",
                  "Startup Cost": 58511.83,
                  "Total Cost": 109543.81,
                  "Plan Rows": 31380,
                  "Plan Width": 0,
                  "Actual Startup Time": 159.275,
                  "Actual Total Time": 435.192,
                  "Actual Rows": 372453,
                  "Actual Loops": 4,
                  "Inner Unique": false,
                  "Join Filter": "(t.id = mc.movie_id)",
                  "Rows Removed by Join Filter": 0,
                  "Plans": [
                    {
                      "Node Type": "Hash Join",
                      "Parent Relationship": "Outer",
                      "Parallel Aware": true,
                      "Join Type": "Inner",
                      "Startup Cost": 58511.4,
                      "Total Cost": 85651.28,
                      "Plan Rows": 30409,
                      "Plan Width": 8,
                      "Actual Startup Time": 159.161,
                      "Actual Total Time": 232.62,
                      "Actual Rows": 36808,
                      "Actual Loops": 4,
                      "Inner Unique": true,
                      "Hash Cond": "(mk.movie_id = t.id)",
                      "Plans": [
                        {
                          "Node Type": "Bitmap Heap Scan",
                          "Parent Relationship": "Outer",
                          "Parallel Aware": true,
                          "Relation Name": "movie_keyword",
                          "Alias": "mk",
                          "Startup Cost": 11678.76,
                          "Total Cost": 38352.49,
                          "Plan Rows": 177579,
                          "Plan Width": 4,
                          "Actual Startup Time": 32.443,
                          "Actual Total Time": 77.927,
                          "Actual Rows": 137764,
                          "Actual Loops": 4,
                          "Recheck Cond": "(keyword_id > 33465)",
                          "Rows Removed by Index Recheck": 0,
                          "Exact Heap Blocks": 7618,
                          "Lossy Heap Blocks": 0,
                          "Plans": [
                            {
                              "Node Type": "Bitmap Index Scan",
                              "Parent Relationship": "Outer",
                              "Parallel Aware": false,
                              "Index Name": "keyword_id_movie_keyword",
                              "Startup Cost": 0.0,
                              "Total Cost": 11541.14,
                              "Plan Rows": 550494,
                              "Plan Width": 0,
                              "Actual Startup Time": 28.865,
                              "Actual Total Time": 28.865,
                              "Actual Rows": 551055,
                              "Actual Loops": 1,
                              "Index Cond": "(keyword_id > 33465)"
                            }
                          ]
                        },
                        {
                          "Node Type": "Hash",
                          "Parent Relationship": "Inner",
                          "Parallel Aware": true,
                          "Startup Cost": 45479.59,
                          "Total Cost": 45479.59,
                          "Plan Rows": 108244,
                          "Plan Width": 4,
                          "Actual Startup Time": 124.39,
                          "Actual Total Time": 124.391,
                          "Actual Rows": 92062,
                          "Actual Loops": 4,
                          "Hash Buckets": 524288,
                          "Original Hash Buckets": 524288,
                          "Hash Batches": 1,
                          "Original Hash Batches": 1,
                          "Peak Memory Usage": 18560,
                          "Plans": [
                            {
                              "Node Type": "Seq Scan",
                              "Parent Relationship": "Outer",
                              "Parallel Aware": true,
                              "Relation Name": "title",
                              "Alias": "t",
                              "Startup Cost": 0.0,
                              "Total Cost": 45479.59,
                              "Plan Rows": 108244,
                              "Plan Width": 4,
                              "Actual Startup Time": 0.056,
                              "Actual Total Time": 92.742,
                              "Actual Rows": 92062,
                              "Actual Loops": 4,
                              "Filter": "((kind_id < 7) AND (production_year > 2004))",
                              "Rows Removed by Filter": 540016
                            }
                          ]
                        }
                      ]
                    },
                    {
                      "Node Type": "Index Only Scan",
                      "Parent Relationship": "Inner",
                      "Parallel Aware": false,
                      "Scan Direction": "Forward",
                      "Index Name": "movie_id_movie_companies",
                      "Relation Name": "movie_companies",
                      "Alias": "mc",
                      "Startup Cost": 0.43,
                      "Total Cost": 0.72,
                      "Plan Rows": 5,
                      "Plan Width": 4,
                      "Actual Startup Time": 0.002,
                      "Actual Total Time": 0.004,
                      "Actual Rows": 10,
                      "Actual Loops": 147233,
                      "Index Cond": "(movie_id = mk.movie_id)",
                      "Rows Removed by Index Recheck": 0,
                      "Heap Fetches": 1489811
                    }
                  ]
                }
              ]
            }
          ]
        }
      ]
    },
    "Planning Time": 0.816,
    "Triggers": [],
    "Execution Time": 482.447
  }
]