[
  {
    "Plan": {
      "Node Type": "Aggregate",
      "Strategy": "Plain",
      "Partial Mode": "Finalize",
      "Parallel Aware": false,
      "Startup Cost": 111610.14,
      "Total Cost": 111610.15,
      "Plan Rows": 1,
      "Plan Width": 8,
      "Actual Startup Time": 468.566,
      "Actual Total Time": 491.288,
      "Actual Rows": 1,
      "Actual Loops": 1,
      "Plans": [
        {
          "Node Type": "Gather",
          "Parent Relationship": "Outer",
          "Parallel Aware": false,
          "Startup Cost": 111609.82,
          "Total Cost": 111610.13,
          "Plan Rows": 3,
          "Plan Width": 8,
          "Actual Startup Time": 467.296,
          "Actual Total Time": 491.281,
          "Actual Rows": 4,
          "Actual Loops": 1,
          "Workers Planned": 3,
          "Workers Launched": 3,
          "Single Copy": false,
          "Plans": [
            {
              "Node Type": "Aggregate",
              "Strategy": "Plain",
              "Partial Mode": "Partial",
              "Parent Relationship": "Outer",
              "Parallel Aware": false,
              "Startup Cost": 110609.82,
              "Total Cost": 110609.83,
              "Plan Rows": 1,
              "Plan Width": 8,
              "Actual Startup Time": 457.619,
              "Actual Total Time": 457.623,
              "Actual Rows": 1,
              "Actual Loops": 4,
              "Plans": [
                {
                  "Node Type": "Nested Loop",
                  "Parent Relationship": "Outer",
                  "Parallel Aware": false,
                  "Join Type": "Inner",
                  "Startup Cost": 58752.62,
                  "Total Cost": 110528.69,
                  "Plan Rows": 32451,
                  "Plan Width": 0,
                  "Actual Startup Time": 163.729,
                  "Actual Total Time": 442.187,
                  "Actual Rows": 372453,
                  "Actual Loops": 4,
                  "Inner Unique": false,
                  "Join Filter": "(t.id = mc.movie_id)",
                  "Rows Removed by Join Filter": 0,
                  "Plans": [
                    {
                      "Node Type": "Hash Join",
                      "Parent Relationship": "Outer",
                      "Parallel Aware": true,
                      "Join Type": "Inner",
                      "Startup Cost": 58752.19,
                      "Total Cost": 85943.34,
                      "Plan Rows": 31445,
                      "Plan Width": 8,
                      "Actual Startup Time": 163.599,
                      "Actual Total Time": 239.088,
                      "Actual Rows": 36808,
                      "Actual Loops": 4,
                      "Inner Unique": true,
                      "Hash Cond": "(mk.movie_id = t.id)",
                      "Plans": [
                        {
                          "Node Type": "Bitmap Heap Scan",
                          "Parent Relationship": "Outer",
                          "Parallel Aware": true,
                          "Relation Name": "movie_keyword",
                          "Alias": "mk",
                          "Startup Cost": 11900.21,
                          "Total Cost": 38616.33,
                          "Plan Rows": 180969,
                          "Plan Width": 4,
                          "Actual Startup Time": 32.652,
                          "Actual Total Time": 80.459,
                          "Actual Rows": 137764,
                          "Actual Loops": 4,
                          "Recheck Cond": "(keyword_id > 33465)",
                          "Rows Removed by Index Recheck": 0,
                          "Exact Heap Blocks": 7424,
                          "Lossy Heap Blocks": 0,
                          "Plans": [
                            {
                              "Node Type": "Bitmap Index Scan",
                              "Parent Relationship": "Outer",
                              "Parallel Aware": false,
                              "Index Name": "keyword_id_movie_keyword",
                              "Startup Cost": 0.0,
                              "Total Cost": 11759.96,
                              "Plan Rows": 561004,
                              "Plan Width": 0,
                              "Actual Startup Time": 29.042,
                              "Actual Total Time": 29.042,
                              "Actual Rows": 551055,
                              "Actual Loops": 1,
                              "Index Cond": "(keyword_id > 33465)"
                            }
                          ]
                        },
                        {
                          "Node Type": "Hash",
                          "Parent Relationship": "Inner",
                          "Parallel Aware": true,
                          "Startup Cost": 45479.1,
                          "Total Cost": 45479.1,
                          "Plan Rows": 109830,
                          "Plan Width": 4,
                          "Actual Startup Time": 127.61,
                          "Actual Total Time": 127.611,
                          "Actual Rows": 92062,
                          "Actual Loops": 4,
                          "Hash Buckets": 524288,
                          "Original Hash Buckets": 524288,
                          "Hash Batches": 1,
                          "Original Hash Batches": 1,
                          "Peak Memory Usage": 18560,
                          "Plans": [
                            {
                              "Node Type": "Seq Scan",
                              "Parent Relationship": "Outer",
                              "Parallel Aware": true,
                              "Relation Name": "title",
                              "Alias": "t",
                              "Startup Cost": 0.0,
                              "Total Cost": 45479.1,
                              "Plan Rows": 109830,
                              "Plan Width": 4,
                              "Actual Startup Time": 0.035,
                              "Actual Total Time": 98.298,
                              "Actual Rows": 92062,
                              "Actual Loops": 4,
                              "Filter": "((kind_id < 7) AND (production_year > 2004))",
                              "Rows Removed by Filter": 540016
                            }
                          ]
                        }
                      ]
                    },
                    {
                      "Node Type": "Index Only Scan",
                      "Parent Relationship": "Inner",
                      "Parallel Aware": false,
                      "Scan Direction": "Forward",
                      "Index Name": "movie_id_movie_companies",
                      "Relation Name": "movie_companies",
                      "Alias": "mc",
                      "Startup Cost": 0.43,
                      "Total Cost": 0.72,
                      "Plan Rows": 5,
                      "Plan Width": 4,
                      "Actual Startup Time": 0.002,
                      "Actual Total Time": 0.005,
                      "Actual Rows": 10,
                      "Actual Loops": 147233,
                      "Index Cond": "(movie_id = mk.movie_id)",
                      "Rows Removed by Index Recheck": 0,
                      "Heap Fetches": 1489811
                    }
                  ]
                }
              ]
            }
          ]
        }
      ]
    },
    "Planning Time": 1.432,
    "Triggers": [],
    "Execution Time": 491.4
  }
]