[
  {
    "Plan": {
      "Node Type": "Aggregate",
      "Strategy": "Plain",
      "Partial Mode": "Finalize",
      "Parallel Aware": false,
      "Startup Cost": 46480.25,
      "Total Cost": 46480.26,
      "Plan Rows": 1,
      "Plan Width": 8,
      "Actual Startup Time": 82.475,
      "Actual Total Time": 94.5,
      "Actual Rows": 1,
      "Actual Loops": 1,
      "Plans": [
        {
          "Node Type": "Gather",
          "Parent Relationship": "Outer",
          "Parallel Aware": false,
          "Startup Cost": 46479.83,
          "Total Cost": 46480.24,
          "Plan Rows": 4,
          "Plan Width": 8,
          "Actual Startup Time": 82.279,
          "Actual Total Time": 94.488,
          "Actual Rows": 5,
          "Actual Loops": 1,
          "Workers Planned": 4,
          "Workers Launched": 4,
          "Single Copy": false,
          "Plans": [
            {
              "Node Type": "Aggregate",
              "Strategy": "Plain",
              "Partial Mode": "Partial",
              "Parent Relationship": "Outer",
              "Parallel Aware": false,
              "Startup Cost": 45479.83,
              "Total Cost": 45479.84,
              "Plan Rows": 1,
              "Plan Width": 8,
              "Actual Startup Time": 76.828,
              "Actual Total Time": 76.83,
              "Actual Rows": 1,
              "Actual Loops": 5,
              "Plans": [
                {
                  "Node Type": "Seq Scan",
                  "Parent Relationship": "Outer",
                  "Parallel Aware": true,
                  "Relation Name": "title",
                  "Alias": "t",
                  "Startup Cost": 0.0,
                  "Total Cost": 45479.59,
                  "Plan Rows": 99,
                  "Plan Width": 0,
                  "Actual Startup Time": 50.936,
                  "Actual Total Time": 76.766,
                  "Actual Rows": 523,
                  "Actual Loops": 5,
                  "Filter": "((kind_id = 1) AND (production_year = 1923))",
                  "Rows Removed by Filter": 505140
                }
              ]
            }
          ]
        }
      ]
    },
    "Planning Time": 0.186,
    "Triggers": [],
    "Execution Time": 94.567
  }
]