[
  {
    "Plan": {
      "Node Type": "Aggregate",
      "Strategy": "Plain",
      "Partial Mode": "Finalize",
      "Parallel Aware": false,
      "Startup Cost": 44487.55,
      "Total Cost": 44487.56,
      "Plan Rows": 1,
      "Plan Width": 8,
      "Actual Startup Time": 135.573,
      "Actual Total Time": 147.325,
      "Actual Rows": 1,
      "Actual Loops": 1,
      "Plans": [
        {
          "Node Type": "Gather",
          "Parent Relationship": "Outer",
          "Parallel Aware": false,
          "Startup Cost": 44487.23,
          "Total Cost": 44487.54,
          "Plan Rows": 3,
          "Plan Width": 8,
          "Actual Startup Time": 135.457,
          "Actual Total Time": 147.316,
          "Actual Rows": 4,
          "Actual Loops": 1,
          "Workers Planned": 3,
          "Workers Launched": 3,
          "Single Copy": false,
          "Plans": [
            {
              "Node Type": "Aggregate",
              "Strategy": "Plain",
              "Partial Mode": "Partial",
              "Parent Relationship": "Outer",
              "Parallel Aware": false,
              "Startup Cost": 43487.23,
              "Total Cost": 43487.24,
              "Plan Rows": 1,
              "Plan Width": 8,
              "Actual Startup Time": 129.125,
              "Actual Total Time": 129.127,
              "Actual Rows": 1,
              "Actual Loops": 4,
              "Plans": [
                {
                  "Node Type": "Seq Scan",
                  "Parent Relationship": "Outer",
                  "Parallel Aware": true,
                  "Relation Name": "movie_keyword",
                  "Alias": "mk",
                  "Startup Cost": 0.0,
                  "Total Cost": 42695.65,
                  "Plan Rows": 316631,
                  "Plan Width": 0,
                  "Actual Startup Time": 3.52,
                  "Actual Total Time": 115.191,
                  "Actual Rows": 244310,
                  "Actual Loops": 4,
                  "Filter": "(keyword_id > 19117)",
                  "Rows Removed by Filter": 886673
                }
              ]
            }
          ]
        }
      ]
    },
    "Planning Time": 0.149,
    "Triggers": [],
    "Execution Time": 147.373
  }
]