{
  "Plan": {
    "Node Type": "Aggregate",
    "Strategy": "Plain",
    "Partial Mode": "Finalize",
    "Parallel Aware": false,
    "Startup Cost": 593606.25,
    "Total Cost": 593606.26,
    "Plan Rows": 1,
    "Plan Width": 64,
    "Actual Startup Time": 3602.89,
    "Actual Total Time": 3686.334,
    "Actual Rows": 1,
    "Actual Loops": 1,
    "Plans": [
      {
        "Node Type": "Gather",
        "Parent Relationship": "Outer",
        "Parallel Aware": false,
        "Startup Cost": 593606.14,
        "Total Cost": 593606.25,
        "Plan Rows": 1,
        "Plan Width": 64,
        "Actual Startup Time": 3544.926,
        "Actual Total Time": 3686.29,
        "Actual Rows": 2,
        "Actual Loops": 1,
        "Workers Planned": 1,
        "Workers Launched": 1,
        "Single Copy": false,
        "Plans": [
          {
            "Node Type": "Aggregate",
            "Strategy": "Plain",
            "Partial Mode": "Partial",
            "Parent Relationship": "Outer",
            "Parallel Aware": false,
            "Startup Cost": 592606.14,
            "Total Cost": 592606.15,
            "Plan Rows": 1,
            "Plan Width": 64,
            "Actual Startup Time": 3537.666,
            "Actual Total Time": 3537.687,
            "Actual Rows": 1,
            "Actual Loops": 2,
            "Plans": [
              {
                "Node Type": "Nested Loop",
                "Parent Relationship": "Outer",
                "Parallel Aware": false,
                "Join Type": "Inner",
                "Startup Cost": 530742.89,
                "Total Cost": 592606.13,
                "Plan Rows": 2,
                "Plan Width": 33,
                "Actual Startup Time": 3529.899,
                "Actual Total Time": 3537.676,
                "Actual Rows": 6,
                "Actual Loops": 2,
                "Inner Unique": true,
                "Plans": [
                  {
                    "Node Type": "Hash Join",
                    "Parent Relationship": "Outer",
                    "Parallel Aware": false,
                    "Join Type": "Inner",
                    "Startup Cost": 530742.46,
                    "Total Cost": 592595.22,
                    "Plan Rows": 2,
                    "Plan Width": 21,
                    "Actual Startup Time": 3529.859,
                    "Actual Total Time": 3537.502,
                    "Actual Rows": 6,
                    "Actual Loops": 2,
                    "Inner Unique": true,
                    "Hash Cond": "(ci.role_id = rt.id)",
                    "Plans": [
                      {
                        "Node Type": "Hash Join",
                        "Parent Relationship": "Outer",
                        "Parallel Aware": true,
                        "Join Type": "Inner",
                        "Startup Cost": 530741.29,
                        "Total Cost": 592593.99,
                        "Plan Rows": 18,
                        "Plan Width": 25,
                        "Actual Startup Time": 3529.519,
                        "Actual Total Time": 3537.157,
                        "Actual Rows": 8,
                        "Actual Loops": 2,
                        "Inner Unique": false,
                        "Hash Cond": "(mc.movie_id = t.id)",
                        "Plans": [
                          {
                            "Node Type": "Hash Join",
                            "Parent Relationship": "Outer",
                            "Parallel Aware": false,
                            "Join Type": "Inner",
                            "Startup Cost": 142856.88,
                            "Total Cost": 204678.47,
                            "Plan Rows": 8288,
                            "Plan Width": 4,
                            "Actual Startup Time": 1427.93,
                            "Actual Total Time": 1444.784,
                            "Actual Rows": 4395,
                            "Actual Loops": 2,
                            "Inner Unique": false,
                            "Hash Cond": "(cn.id = mc.company_id)",
                            "Plans": [
                              {
                                "Node Type": "Seq Scan",
                                "Parent Relationship": "Outer",
                                "Parallel Aware": true,
                                "Relation Name": "company_name",
                                "Alias": "cn",
                                "Startup Cost": 0.0,
                                "Total Cost": 4722.92,
                                "Plan Rows": 746,
                                "Plan Width": 4,
                                "Actual Startup Time": 0.058,
                                "Actual Total Time": 15.017,
                                "Actual Rows": 680,
                                "Actual Loops": 2,
                                "Filter": "((country_code)::text = '[ru]'::text)",
                                "Rows Removed by Filter": 116818
                              },
                              {
                                "Node Type": "Hash",
                                "Parent Relationship": "Inner",
                                "Parallel Aware": false,
                                "Startup Cost": 110242.76,
                                "Total Cost": 110242.76,
                                "Plan Rows": 2609129,
                                "Plan Width": 8,
                                "Actual Startup Time": 1397.246,
                                "Actual Total Time": 1397.25,
                                "Actual Rows": 2609129,
                                "Actual Loops": 2,
                                "Hash Buckets": 4194304,
                                "Original Hash Buckets": 4194304,
                                "Hash Batches": 1,
                                "Original Hash Batches": 1,
                                "Peak Memory Usage": 134688,
                                "Plans": [
                                  {
                                    "Node Type": "Hash Join",
                                    "Parent Relationship": "Outer",
                                    "Parallel Aware": false,
                                    "Join Type": "Inner",
                                    "Startup Cost": 77495.4,
                                    "Total Cost": 110242.76,
                                    "Plan Rows": 2609129,
                                    "Plan Width": 8,
                                    "Actual Startup Time": 770.771,
                                    "Actual Total Time": 972.497,
                                    "Actual Rows": 2609129,
                                    "Actual Loops": 2,
                                    "Inner Unique": false,
                                    "Hash Cond": "(ct.id = mc.company_type_id)",
                                    "Plans": [
                                      {
                                        "Node Type": "Seq Scan",
                                        "Parent Relationship": "Outer",
                                        "Parallel Aware": false,
                                        "Relation Name": "company_type",
                                        "Alias": "ct",
                                        "Startup Cost": 0.0,
                                        "Total Cost": 1.04,
                                        "Plan Rows": 4,
                                        "Plan Width": 4,
                                        "Actual Startup Time": 0.036,
                                        "Actual Total Time": 0.042,
                                        "Actual Rows": 4,
                                        "Actual Loops": 2
                                      },
                                      {
                                        "Node Type": "Hash",
                                        "Parent Relationship": "Inner",
                                        "Parallel Aware": false,
                                        "Startup Cost": 44881.29,
                                        "Total Cost": 44881.29,
                                        "Plan Rows": 2609129,
                                        "Plan Width": 12,
                                        "Actual Startup Time": 739.332,
                                        "Actual Total Time": 739.333,
                                        "Actual Rows": 2609129,
                                        "Actual Loops": 2,
                                        "Hash Buckets": 4194304,
                                        "Original Hash Buckets": 4194304,
                                        "Hash Batches": 1,
                                        "Original Hash Batches": 1,
                                        "Peak Memory Usage": 144880,
                                        "Plans": [
                                          {
                                            "Node Type": "Seq Scan",
                                            "Parent Relationship": "Outer",
                                            "Parallel Aware": false,
                                            "Relation Name": "movie_companies",
                                            "Alias": "mc",
                                            "Startup Cost": 0.0,
                                            "Total Cost": 44881.29,
                                            "Plan Rows": 2609129,
                                            "Plan Width": 12,
                                            "Actual Startup Time": 0.03,
                                            "Actual Total Time": 369.82,
                                            "Actual Rows": 2609129,
                                            "Actual Loops": 2
                                          }
                                        ]
                                      }
                                    ]
                                  }
                                ]
                              }
                            ]
                          },
                          {
                            "Node Type": "Hash",
                            "Parent Relationship": "Inner",
                            "Parallel Aware": true,
                            "Startup Cost": 387877.64,
                            "Total Cost": 387877.64,
                            "Plan Rows": 542,
                            "Plan Width": 33,
                            "Actual Startup Time": 2090.854,
                            "Actual Total Time": 2090.861,
                            "Actual Rows": 3610,
                            "Actual Loops": 2,
                            "Hash Buckets": 8192,
                            "Original Hash Buckets": 4096,
                            "Hash Batches": 1,
                            "Original Hash Batches": 1,
                            "Peak Memory Usage": 608,
                            "Plans": [
                              {
                                "Node Type": "Hash Join",
                                "Parent Relationship": "Outer",
                                "Parallel Aware": true,
                                "Join Type": "Inner",
                                "Startup Cost": 343379.27,
                                "Total Cost": 387877.64,
                                "Plan Rows": 542,
                                "Plan Width": 33,
                                "Actual Startup Time": 1933.596,
                                "Actual Total Time": 2088.568,
                                "Actual Rows": 3610,
                                "Actual Loops": 2,
                                "Inner Unique": false,
                                "Hash Cond": "(t.id = ci.movie_id)",
                                "Plans": [
                                  {
                                    "Node Type": "Seq Scan",
                                    "Parent Relationship": "Outer",
                                    "Parallel Aware": true,
                                    "Relation Name": "title",
                                    "Alias": "t",
                                    "Startup Cost": 0.0,
                                    "Total Cost": 43899.59,
                                    "Plan Rows": 59788,
                                    "Plan Width": 21,
                                    "Actual Startup Time": 0.013,
                                    "Actual Total Time": 134.849,
                                    "Actual Rows": 120700,
                                    "Actual Loops": 2,
                                    "Filter": "(production_year < 1960)",
                                    "Rows Removed by Filter": 1143456
                                  },
                                  {
                                    "Node Type": "Hash",
                                    "Parent Relationship": "Inner",
                                    "Parallel Aware": true,
                                    "Startup Cost": 343331.56,
                                    "Total Cost": 343331.56,
                                    "Plan Rows": 3817,
                                    "Plan Width": 12,
                                    "Actual Startup Time": 1932.942,
                                    "Actual Total Time": 1932.944,
                                    "Actual Rows": 16144,
                                    "Actual Loops": 2,
                                    "Hash Buckets": 32768,
                                    "Original Hash Buckets": 32768,
                                    "Hash Batches": 1,
                                    "Original Hash Batches": 1,
                                    "Peak Memory Usage": 1792,
                                    "Plans": [
                                      {
                                        "Node Type": "Seq Scan",
                                        "Parent Relationship": "Outer",
                                        "Parallel Aware": true,
                                        "Relation Name": "cast_info",
                                        "Alias": "ci",
                                        "Startup Cost": 0.0,
                                        "Total Cost": 343331.56,
                                        "Plan Rows": 3817,
                                        "Plan Width": 12,
                                        "Actual Startup Time": 0.66,
                                        "Actual Total Time": 1926.007,
                                        "Actual Rows": 16144,
                                        "Actual Loops": 2,
                                        "Filter": "((note ~~ '%(voice)%'::text) AND (note ~~ '%(uncredited)%'::text))",
                                        "Rows Removed by Filter": 18106028
                                      }
                                    ]
                                  }
                                ]
                              }
                            ]
                          }
                        ]
                      },
                      {
                        "Node Type": "Hash",
                        "Parent Relationship": "Inner",
                        "Parallel Aware": false,
                        "Startup Cost": 1.15,
                        "Total Cost": 1.15,
                        "Plan Rows": 1,
                        "Plan Width": 4,
                        "Actual Startup Time": 0.104,
                        "Actual Total Time": 0.106,
                        "Actual Rows": 1,
                        "Actual Loops": 2,
                        "Hash Buckets": 1024,
                        "Original Hash Buckets": 1024,
                        "Hash Batches": 1,
                        "Original Hash Batches": 1,
                        "Peak Memory Usage": 9,
                        "Plans": [
                          {
                            "Node Type": "Seq Scan",
                            "Parent Relationship": "Outer",
                            "Parallel Aware": false,
                            "Relation Name": "role_type",
                            "Alias": "rt",
                            "Startup Cost": 0.0,
                            "Total Cost": 1.15,
                            "Plan Rows": 1,
                            "Plan Width": 4,
                            "Actual Startup Time": 0.073,
                            "Actual Total Time": 0.08,
                            "Actual Rows": 1,
                            "Actual Loops": 2,
                            "Filter": "((role)::text = 'actor'::text)",
                            "Rows Removed by Filter": 11
                          }
                        ]
                      }
                    ]
                  },
                  {
                    "Node Type": "Index Scan",
                    "Parent Relationship": "Inner",
                    "Parallel Aware": false,
                    "Scan Direction": "Forward",
                    "Index Name": "char_name_pkey",
                    "Relation Name": "char_name",
                    "Alias": "chn",
                    "Startup Cost": 0.43,
                    "Total Cost": 5.45,
                    "Plan Rows": 1,
                    "Plan Width": 20,
                    "Actual Startup Time": 0.025,
                    "Actual Total Time": 0.025,
                    "Actual Rows": 1,
                    "Actual Loops": 13,
                    "Index Cond": "(id = ci.person_role_id)",
                    "Rows Removed by Index Recheck": 0
                  }
                ]
              }
            ]
          }
        ]
      }
    ]
  },
  "Planning Time": 10.989,
  "Triggers": [],
  "Execution Time": 3700.423
}