{
  "Plan": {
    "Node Type": "Aggregate",
    "Strategy": "Plain",
    "Partial Mode": "Finalize",
    "Parallel Aware": false,
    "Startup Cost": 636127.23,
    "Total Cost": 636127.24,
    "Plan Rows": 1,
    "Plan Width": 8,
    "Actual Startup Time": 3170.39,
    "Actual Total Time": 3239.172,
    "Actual Rows": 1,
    "Actual Loops": 1,
    "Plans": [
      {
        "Node Type": "Gather",
        "Parent Relationship": "Outer",
        "Parallel Aware": false,
        "Startup Cost": 636127.12,
        "Total Cost": 636127.23,
        "Plan Rows": 1,
        "Plan Width": 8,
        "Actual Startup Time": 3170.07,
        "Actual Total Time": 3239.162,
        "Actual Rows": 2,
        "Actual Loops": 1,
        "Workers Planned": 1,
        "Workers Launched": 1,
        "Single Copy": false,
        "Plans": [
          {
            "Node Type": "Aggregate",
            "Strategy": "Plain",
            "Partial Mode": "Partial",
            "Parent Relationship": "Outer",
            "Parallel Aware": false,
            "Startup Cost": 635127.12,
            "Total Cost": 635127.13,
            "Plan Rows": 1,
            "Plan Width": 8,
            "Actual Startup Time": 3164.26,
            "Actual Total Time": 3164.264,
            "Actual Rows": 1,
            "Actual Loops": 2,
            "Plans": [
              {
                "Node Type": "Hash Join",
                "Parent Relationship": "Outer",
                "Parallel Aware": true,
                "Join Type": "Inner",
                "Startup Cost": 69274.41,
                "Total Cost": 635083.49,
                "Plan Rows": 17452,
                "Plan Width": 0,
                "Actual Startup Time": 701.214,
                "Actual Total Time": 3155.141,
                "Actual Rows": 142352,
                "Actual Loops": 2,
                "Inner Unique": false,
                "Hash Cond": "(ci.movie_id = t.id)",
                "Plans": [
                  {
                    "Node Type": "Seq Scan",
                    "Parent Relationship": "Outer",
                    "Parallel Aware": true,
                    "Relation Name": "cast_info",
                    "Alias": "ci",
                    "Startup Cost": 0.0,
                    "Total Cost": 519069.44,
                    "Plan Rows": 12436528,
                    "Plan Width": 4,
                    "Actual Startup Time": 498.579,
                    "Actual Total Time": 1975.362,
                    "Actual Rows": 10598671,
                    "Actual Loops": 2,
                    "Filter": "(person_id > 1484651)",
                    "Rows Removed by Filter": 7523501
                  },
                  {
                    "Node Type": "Hash",
                    "Parent Relationship": "Inner",
                    "Parallel Aware": true,
                    "Startup Cost": 69248.32,
                    "Total Cost": 69248.32,
                    "Plan Rows": 2087,
                    "Plan Width": 8,
                    "Actual Startup Time": 201.411,
                    "Actual Total Time": 201.412,
                    "Actual Rows": 9374,
                    "Actual Loops": 2,
                    "Hash Buckets": 32768,
                    "Original Hash Buckets": 4096,
                    "Hash Batches": 1,
                    "Original Hash Batches": 1,
                    "Peak Memory Usage": 1248,
                    "Plans": [
                      {
                        "Node Type": "Nested Loop",
                        "Parent Relationship": "Outer",
                        "Parallel Aware": false,
                        "Join Type": "Inner",
                        "Startup Cost": 0.43,
                        "Total Cost": 69248.32,
                        "Plan Rows": 2087,
                        "Plan Width": 8,
                        "Actual Startup Time": 4.628,
                        "Actual Total Time": 193.312,
                        "Actual Rows": 9374,
                        "Actual Loops": 2,
                        "Inner Unique": false,
                        "Plans": [
                          {
                            "Node Type": "Seq Scan",
                            "Parent Relationship": "Outer",
                            "Parallel Aware": true,
                            "Relation Name": "title",
                            "Alias": "t",
                            "Startup Cost": 0.0,
                            "Total Cost": 58306.47,
                            "Plan Rows": 1166,
                            "Plan Width": 4,
                            "Actual Startup Time": 4.496,
                            "Actual Total Time": 175.093,
                            "Actual Rows": 1374,
                            "Actual Loops": 2,
                            "Filter": "((kind_id < 7) AND (production_year = 1951))",
                            "Rows Removed by Filter": 1262782
                          },
                          {
                            "Node Type": "Index Only Scan",
                            "Parent Relationship": "Inner",
                            "Parallel Aware": false,
                            "Scan Direction": "Forward",
                            "Index Name": "movie_id_movie_keyword",
                            "Relation Name": "movie_keyword",
                            "Alias": "mk",
                            "Startup Cost": 0.43,
                            "Total Cost": 8.93,
                            "Plan Rows": 45,
                            "Plan Width": 4,
                            "Actual Startup Time": 0.01,
                            "Actual Total Time": 0.012,
                            "Actual Rows": 7,
                            "Actual Loops": 2748,
                            "Index Cond": "(movie_id = t.id)",
                            "Rows Removed by Index Recheck": 0,
                            "Heap Fetches": 18749
                          }
                        ]
                      }
                    ]
                  }
                ]
              }
            ]
          }
        ]
      }
    ]
  },
  "Planning Time": 0.943,
  "Triggers": [],
  "Execution Time": 3239.279
}