[
  {
    "Plan": {
      "Node Type": "Aggregate",
      "Strategy": "Plain",
      "Partial Mode": "Finalize",
      "Parallel Aware": false,
      "Startup Cost": 46131.14,
      "Total Cost": 46131.15,
      "Plan Rows": 1,
      "Plan Width": 8,
      "Actual Startup Time": 175.688,
      "Actual Total Time": 187.623,
      "Actual Rows": 1,
      "Actual Loops": 1,
      "Plans": [
        {
          "Node Type": "Gather",
          "Parent Relationship": "Outer",
          "Parallel Aware": false,
          "Startup Cost": 46130.83,
          "Total Cost": 46131.14,
          "Plan Rows": 3,
          "Plan Width": 8,
          "Actual Startup Time": 175.51,
          "Actual Total Time": 187.613,
          "Actual Rows": 4,
          "Actual Loops": 1,
          "Workers Planned": 3,
          "Workers Launched": 3,
          "Single Copy": false,
          "Plans": [
            {
              "Node Type": "Aggregate",
              "Strategy": "Plain",
              "Partial Mode": "Partial",
              "Parent Relationship": "Outer",
              "Parallel Aware": false,
              "Startup Cost": 45130.83,
              "Total Cost": 45130.84,
              "Plan Rows": 1,
              "Plan Width": 8,
              "Actual Startup Time": 168.719,
              "Actual Total Time": 168.72,
              "Actual Rows": 1,
              "Actual Loops": 4,
              "Plans": [
                {
                  "Node Type": "Seq Scan",
                  "Parent Relationship": "Outer",
                  "Parallel Aware": true,
                  "Relation Name": "movie_keyword",
                  "Alias": "mk",
                  "Startup Cost": 0.0,
                  "Total Cost": 42695.65,
                  "Plan Rows": 974069,
                  "Plan Width": 0,
                  "Actual Startup Time": 0.239,
                  "Actual Total Time": 130.767,
                  "Actual Rows": 756651,
                  "Actual Loops": 4,
                  "Filter": "(keyword_id > 2154)",
                  "Rows Removed by Filter": 374332
                }
              ]
            }
          ]
        }
      ]
    },
    "Planning Time": 0.146,
    "Triggers": [],
    "Execution Time": 187.667
  }
]