[
  {
    "Plan": {
      "Node Type": "Aggregate",
      "Strategy": "Plain",
      "Partial Mode": "Finalize",
      "Parallel Aware": false,
      "Startup Cost": 31581.25,
      "Total Cost": 31581.26,
      "Plan Rows": 1,
      "Plan Width": 8,
      "Actual Startup Time": 107.631,
      "Actual Total Time": 114.049,
      "Actual Rows": 1,
      "Actual Loops": 1,
      "Plans": [
        {
          "Node Type": "Gather",
          "Parent Relationship": "Outer",
          "Parallel Aware": false,
          "Startup Cost": 31580.93,
          "Total Cost": 31581.24,
          "Plan Rows": 3,
          "Plan Width": 8,
          "Actual Startup Time": 107.506,
          "Actual Total Time": 114.04,
          "Actual Rows": 4,
          "Actual Loops": 1,
          "Workers Planned": 3,
          "Workers Launched": 3,
          "Single Copy": false,
          "Plans": [
            {
              "Node Type": "Aggregate",
              "Strategy": "Plain",
              "Partial Mode": "Partial",
              "Parent Relationship": "Outer",
              "Parallel Aware": false,
              "Startup Cost": 30580.93,
              "Total Cost": 30580.94,
              "Plan Rows": 1,
              "Plan Width": 8,
              "Actual Startup Time": 100.801,
              "Actual Total Time": 100.802,
              "Actual Rows": 1,
              "Actual Loops": 4,
              "Plans": [
                {
                  "Node Type": "Seq Scan",
                  "Parent Relationship": "Outer",
                  "Parallel Aware": true,
                  "Relation Name": "movie_companies",
                  "Alias": "mc",
                  "Startup Cost": 0.0,
                  "Total Cost": 29310.68,
                  "Plan Rows": 508099,
                  "Plan Width": 0,
                  "Actual Startup Time": 0.031,
                  "Actual Total Time": 80.467,
                  "Actual Rows": 395316,
                  "Actual Loops": 4,
                  "Filter": "(company_id < 15661)",
                  "Rows Removed by Filter": 256967
                }
              ]
            }
          ]
        }
      ]
    },
    "Planning Time": 0.076,
    "Triggers": [],
    "Execution Time": 114.083
  }
]