[
  {
    "Plan": {
      "Node Type": "Aggregate",
      "Strategy": "Plain",
      "Partial Mode": "Finalize",
      "Parallel Aware": false,
      "Startup Cost": 66633.58,
      "Total Cost": 66633.59,
      "Plan Rows": 1,
      "Plan Width": 8,
      "Actual Startup Time": 223.131,
      "Actual Total Time": 236.653,
      "Actual Rows": 1,
      "Actual Loops": 1,
      "Plans": [
        {
          "Node Type": "Gather",
          "Parent Relationship": "Outer",
          "Parallel Aware": false,
          "Startup Cost": 66633.26,
          "Total Cost": 66633.57,
          "Plan Rows": 3,
          "Plan Width": 8,
          "Actual Startup Time": 218.465,
          "Actual Total Time": 236.646,
          "Actual Rows": 4,
          "Actual Loops": 1,
          "Workers Planned": 3,
          "Workers Launched": 3,
          "Single Copy": false,
          "Plans": [
            {
              "Node Type": "Aggregate",
              "Strategy": "Plain",
              "Partial Mode": "Partial",
              "Parent Relationship": "Outer",
              "Parallel Aware": false,
              "Startup Cost": 65633.26,
              "Total Cost": 65633.27,
              "Plan Rows": 1,
              "Plan Width": 8,
              "Actual Startup Time": 210.439,
              "Actual Total Time": 210.443,
              "Actual Rows": 1,
              "Actual Loops": 4,
              "Plans": [
                {
                  "Node Type": "Nested Loop",
                  "Parent Relationship": "Outer",
                  "Parallel Aware": false,
                  "Join Type": "Inner",
                  "Startup Cost": 21540.43,
                  "Total Cost": 65619.47,
                  "Plan Rows": 5515,
                  "Plan Width": 0,
                  "Actual Startup Time": 150.463,
                  "Actual Total Time": 209.592,
                  "Actual Rows": 10460,
                  "Actual Loops": 4,
                  "Inner Unique": true,
                  "Plans": [
                    {
                      "Node Type": "Hash Join",
                      "Parent Relationship": "Outer",
                      "Parallel Aware": true,
                      "Join Type": "Inner",
                      "Startup Cost": 21540.0,
                      "Total Cost": 47593.7,
                      "Plan Rows": 31190,
                      "Plan Width": 8,
                      "Actual Startup Time": 150.383,
                      "Actual Total Time": 169.409,
                      "Actual Rows": 10460,
                      "Actual Loops": 4,
                      "Inner Unique": false,
                      "Hash Cond": "(mk.movie_id = mi_idx.movie_id)",
                      "Plans": [
                        {
                          "Node Type": "Bitmap Heap Scan",
                          "Parent Relationship": "Outer",
                          "Parallel Aware": true,
                          "Relation Name": "movie_keyword",
                          "Alias": "mk",
                          "Startup Cost": 667.17,
                          "Total Cost": 26553.02,
                          "Plan Rows": 10104,
                          "Plan Width": 4,
                          "Actual Startup Time": 3.692,
                          "Actual Total Time": 14.973,
                          "Actual Rows": 6187,
                          "Actual Loops": 4,
                          "Recheck Cond": "(keyword_id < 18)",
                          "Rows Removed by Index Recheck": 0,
                          "Exact Heap Blocks": 3942,
                          "Lossy Heap Blocks": 0,
                          "Plans": [
                            {
                              "Node Type": "Bitmap Index Scan",
                              "Parent Relationship": "Outer",
                              "Parallel Aware": false,
                              "Index Name": "keyword_id_movie_keyword",
                              "Startup Cost": 0.0,
                              "Total Cost": 659.34,
                              "Plan Rows": 31321,
                              "Plan Width": 0,
                              "Actual Startup Time": 2.471,
                              "Actual Total Time": 2.472,
                              "Actual Rows": 24747,
                              "Actual Loops": 1,
                              "Index Cond": "(keyword_id < 18)"
                            }
                          ]
                        },
                        {
                          "Node Type": "Hash",
                          "Parent Relationship": "Inner",
                          "Parallel Aware": true,
                          "Startup Cost": 13685.15,
                          "Total Cost": 13685.15,
                          "Plan Rows": 575015,
                          "Plan Width": 4,
                          "Actual Startup Time": 141.693,
                          "Actual Total Time": 141.694,
                          "Actual Rows": 345009,
                          "Actual Loops": 4,
                          "Hash Buckets": 2097152,
                          "Original Hash Buckets": 2097152,
                          "Hash Batches": 1,
                          "Original Hash Batches": 1,
                          "Peak Memory Usage": 70432,
                          "Plans": [
                            {
                              "Node Type": "Seq Scan",
                              "Parent Relationship": "Outer",
                              "Parallel Aware": true,
                              "Relation Name": "movie_info_idx",
                              "Alias": "mi_idx",
                              "Startup Cost": 0.0,
                              "Total Cost": 13685.15,
                              "Plan Rows": 575015,
                              "Plan Width": 4,
                              "Actual Startup Time": 0.04,
                              "Actual Total Time": 46.019,
                              "Actual Rows": 345009,
                              "Actual Loops": 4
                            }
                          ]
                        }
                      ]
                    },
                    {
                      "Node Type": "Index Only Scan",
                      "Parent Relationship": "Inner",
                      "Parallel Aware": false,
                      "Scan Direction": "Forward",
                      "Index Name": "title_pkey",
                      "Relation Name": "title",
                      "Alias": "t",
                      "Startup Cost": 0.43,
                      "Total Cost": 0.58,
                      "Plan Rows": 1,
                      "Plan Width": 4,
                      "Actual Startup Time": 0.003,
                      "Actual Total Time": 0.003,
                      "Actual Rows": 1,
                      "Actual Loops": 41839,
                      "Index Cond": "(id = mi_idx.movie_id)",
                      "Rows Removed by Index Recheck": 0,
                      "Heap Fetches": 41839
                    }
                  ]
                }
              ]
            }
          ]
        }
      ]
    },
    "Planning Time": 0.825,
    "Triggers": [],
    "Execution Time": 236.716
  }
]