[
  {
    "Plan": {
      "Node Type": "Aggregate",
      "Strategy": "Plain",
      "Partial Mode": "Finalize",
      "Parallel Aware": false,
      "Startup Cost": 64560.78,
      "Total Cost": 64560.79,
      "Plan Rows": 1,
      "Plan Width": 8,
      "Actual Startup Time": 232.884,
      "Actual Total Time": 245.3,
      "Actual Rows": 1,
      "Actual Loops": 1,
      "Plans": [
        {
          "Node Type": "Gather",
          "Parent Relationship": "Outer",
          "Parallel Aware": false,
          "Startup Cost": 64560.47,
          "Total Cost": 64560.78,
          "Plan Rows": 3,
          "Plan Width": 8,
          "Actual Startup Time": 227.898,
          "Actual Total Time": 245.292,
          "Actual Rows": 4,
          "Actual Loops": 1,
          "Workers Planned": 3,
          "Workers Launched": 3,
          "Single Copy": false,
          "Plans": [
            {
              "Node Type": "Aggregate",
              "Strategy": "Plain",
              "Partial Mode": "Partial",
              "Parent Relationship": "Outer",
              "Parallel Aware": false,
              "Startup Cost": 63560.47,
              "Total Cost": 63560.48,
              "Plan Rows": 1,
              "Plan Width": 8,
              "Actual Startup Time": 214.341,
              "Actual Total Time": 214.344,
              "Actual Rows": 1,
              "Actual Loops": 4,
              "Plans": [
                {
                  "Node Type": "Nested Loop",
                  "Parent Relationship": "Outer",
                  "Parallel Aware": false,
                  "Join Type": "Inner",
                  "Startup Cost": 21496.17,
                  "Total Cost": 63547.6,
                  "Plan Rows": 5145,
                  "Plan Width": 0,
                  "Actual Startup Time": 154.561,
                  "Actual Total Time": 213.577,
                  "Actual Rows": 10460,
                  "Actual Loops": 4,
                  "Inner Unique": true,
                  "Plans": [
                    {
                      "Node Type": "Hash Join",
                      "Parent Relationship": "Outer",
                      "Parallel Aware": true,
                      "Join Type": "Inner",
                      "Startup Cost": 21495.74,
                      "Total Cost": 47471.78,
                      "Plan Rows": 27816,
                      "Plan Width": 8,
                      "Actual Startup Time": 154.462,
                      "Actual Total Time": 173.216,
                      "Actual Rows": 10460,
                      "Actual Loops": 4,
                      "Inner Unique": false,
                      "Hash Cond": "(mk.movie_id = mi_idx.movie_id)",
                      "Plans": [
                        {
                          "Node Type": "Bitmap Heap Scan",
                          "Parent Relationship": "Outer",
                          "Parallel Aware": true,
                          "Relation Name": "movie_keyword",
                          "Alias": "mk",
                          "Startup Cost": 622.9,
                          "Total Cost": 26447.71,
                          "Plan Rows": 9426,
                          "Plan Width": 4,
                          "Actual Startup Time": 3.12,
                          "Actual Total Time": 14.323,
                          "Actual Rows": 6187,
                          "Actual Loops": 4,
                          "Recheck Cond": "(keyword_id < 18)",
                          "Rows Removed by Index Recheck": 0,
                          "Exact Heap Blocks": 3695,
                          "Lossy Heap Blocks": 0,
                          "Plans": [
                            {
                              "Node Type": "Bitmap Index Scan",
                              "Parent Relationship": "Outer",
                              "Parallel Aware": false,
                              "Index Name": "keyword_id_movie_keyword",
                              "Startup Cost": 0.0,
                              "Total Cost": 615.6,
                              "Plan Rows": 29222,
                              "Plan Width": 0,
                              "Actual Startup Time": 1.914,
                              "Actual Total Time": 1.914,
                              "Actual Rows": 24747,
                              "Actual Loops": 1,
                              "Index Cond": "(keyword_id < 18)"
                            }
                          ]
                        },
                        {
                          "Node Type": "Hash",
                          "Parent Relationship": "Inner",
                          "Parallel Aware": true,
                          "Startup Cost": 13685.15,
                          "Total Cost": 13685.15,
                          "Plan Rows": 575015,
                          "Plan Width": 4,
                          "Actual Startup Time": 143.537,
                          "Actual Total Time": 143.538,
                          "Actual Rows": 345009,
                          "Actual Loops": 4,
                          "Hash Buckets": 2097152,
                          "Original Hash Buckets": 2097152,
                          "Hash Batches": 1,
                          "Original Hash Batches": 1,
                          "Peak Memory Usage": 70464,
                          "Plans": [
                            {
                              "Node Type": "Seq Scan",
                              "Parent Relationship": "Outer",
                              "Parallel Aware": true,
                              "Relation Name": "movie_info_idx",
                              "Alias": "mi_idx",
                              "Startup Cost": 0.0,
                              "Total Cost": 13685.15,
                              "Plan Rows": 575015,
                              "Plan Width": 4,
                              "Actual Startup Time": 0.06,
                              "Actual Total Time": 44.089,
                              "Actual Rows": 345009,
                              "Actual Loops": 4
                            }
                          ]
                        }
                      ]
                    },
                    {
                      "Node Type": "Index Only Scan",
                      "Parent Relationship": "Inner",
                      "Parallel Aware": false,
                      "Scan Direction": "Forward",
                      "Index Name": "title_pkey",
                      "Relation Name": "title",
                      "Alias": "t",
                      "Startup Cost": 0.43,
                      "Total Cost": 0.58,
                      "Plan Rows": 1,
                      "Plan Width": 4,
                      "Actual Startup Time": 0.004,
                      "Actual Total Time": 0.004,
                      "Actual Rows": 1,
                      "Actual Loops": 41839,
                      "Index Cond": "(id = mi_idx.movie_id)",
                      "Rows Removed by Index Recheck": 0,
                      "Heap Fetches": 41839
                    }
                  ]
                }
              ]
            }
          ]
        }
      ]
    },
    "Planning Time": 1.455,
    "Triggers": [],
    "Execution Time": 245.406
  }
]