[
  {
    "Plan": {
      "Node Type": "Aggregate",
      "Strategy": "Plain",
      "Partial Mode": "Finalize",
      "Parallel Aware": false,
      "Startup Cost": 134595.41,
      "Total Cost": 134595.42,
      "Plan Rows": 1,
      "Plan Width": 8,
      "Actual Startup Time": 973.396,
      "Actual Total Time": 1039.442,
      "Actual Rows": 1,
      "Actual Loops": 1,
      "Plans": [
        {
          "Node Type": "Gather",
          "Parent Relationship": "Outer",
          "Parallel Aware": false,
          "Startup Cost": 134595.09,
          "Total Cost": 134595.4,
          "Plan Rows": 3,
          "Plan Width": 8,
          "Actual Startup Time": 972.795,
          "Actual Total Time": 1039.432,
          "Actual Rows": 4,
          "Actual Loops": 1,
          "Workers Planned": 3,
          "Workers Launched": 3,
          "Single Copy": false,
          "Plans": [
            {
              "Node Type": "Aggregate",
              "Strategy": "Plain",
              "Partial Mode": "Partial",
              "Parent Relationship": "Outer",
              "Parallel Aware": false,
              "Startup Cost": 133595.09,
              "Total Cost": 133595.1,
              "Plan Rows": 1,
              "Plan Width": 8,
              "Actual Startup Time": 962.647,
              "Actual Total Time": 962.651,
              "Actual Rows": 1,
              "Actual Loops": 4,
              "Plans": [
                {
                  "Node Type": "Nested Loop",
                  "Parent Relationship": "Outer",
                  "Parallel Aware": false,
                  "Join Type": "Inner",
                  "Startup Cost": 44091.62,
                  "Total Cost": 133318.2,
                  "Plan Rows": 110758,
                  "Plan Width": 0,
                  "Actual Startup Time": 117.696,
                  "Actual Total Time": 946.885,
                  "Actual Rows": 256025,
                  "Actual Loops": 4,
                  "Inner Unique": false,
                  "Join Filter": "(t.id = ci.movie_id)",
                  "Rows Removed by Join Filter": 0,
                  "Plans": [
                    {
                      "Node Type": "Hash Join",
                      "Parent Relationship": "Outer",
                      "Parallel Aware": true,
                      "Join Type": "Inner",
                      "Startup Cost": 44091.06,
                      "Total Cost": 89088.98,
                      "Plan Rows": 21283,
                      "Plan Width": 8,
                      "Actual Startup Time": 117.247,
                      "Actual Total Time": 300.889,
                      "Actual Rows": 16841,
                      "Actual Loops": 4,
                      "Inner Unique": true,
                      "Hash Cond": "(mk.movie_id = t.id)",
                      "Plans": [
                        {
                          "Node Type": "Seq Scan",
                          "Parent Relationship": "Outer",
                          "Parallel Aware": true,
                          "Relation Name": "movie_keyword",
                          "Alias": "mk",
                          "Startup Cost": 0.0,
                          "Total Cost": 42695.65,
                          "Plan Rows": 877054,
                          "Plan Width": 4,
                          "Actual Startup Time": 0.231,
                          "Actual Total Time": 119.038,
                          "Actual Rows": 679144,
                          "Actual Loops": 4,
                          "Filter": "(keyword_id > 2926)",
                          "Rows Removed by Filter": 451838
                        },
                        {
                          "Node Type": "Hash",
                          "Parent Relationship": "Inner",
                          "Parallel Aware": true,
                          "Startup Cost": 43899.32,
                          "Total Cost": 43899.32,
                          "Plan Rows": 15339,
                          "Plan Width": 4,
                          "Actual Startup Time": 115.447,
                          "Actual Total Time": 115.448,
                          "Actual Rows": 14648,
                          "Actual Loops": 4,
                          "Hash Buckets": 65536,
                          "Original Hash Buckets": 65536,
                          "Hash Batches": 1,
                          "Original Hash Batches": 1,
                          "Peak Memory Usage": 2848,
                          "Plans": [
                            {
                              "Node Type": "Seq Scan",
                              "Parent Relationship": "Outer",
                              "Parallel Aware": true,
                              "Relation Name": "title",
                              "Alias": "t",
                              "Startup Cost": 0.0,
                              "Total Cost": 43899.32,
                              "Plan Rows": 15339,
                              "Plan Width": 4,
                              "Actual Startup Time": 0.064,
                              "Actual Total Time": 108.003,
                              "Actual Rows": 14648,
                              "Actual Loops": 4,
                              "Filter": "(production_year = 2001)",
                              "Rows Removed by Filter": 617430
                            }
                          ]
                        }
                      ]
                    },
                    {
                      "Node Type": "Index Scan",
                      "Parent Relationship": "Inner",
                      "Parallel Aware": false,
                      "Scan Direction": "Forward",
                      "Index Name": "movie_id_cast_info",
                      "Relation Name": "cast_info",
                      "Alias": "ci",
                      "Startup Cost": 0.56,
                      "Total Cost": 1.92,
                      "Plan Rows": 13,
                      "Plan Width": 4,
                      "Actual Startup Time": 0.02,
                      "Actual Total Time": 0.036,
                      "Actual Rows": 15,
                      "Actual Loops": 67364,
                      "Index Cond": "(movie_id = mk.movie_id)",
                      "Rows Removed by Index Recheck": 0,
                      "Filter": "((person_id < 3012540) AND (role_id > 2))",
                      "Rows Removed by Filter": 43
                    }
                  ]
                }
              ]
            }
          ]
        }
      ]
    },
    "Planning Time": 1.324,
    "Triggers": [],
    "Execution Time": 1039.547
  }
]