[
  {
    "Plan": {
      "Node Type": "Aggregate",
      "Strategy": "Plain",
      "Partial Mode": "Finalize",
      "Parallel Aware": false,
      "Startup Cost": 337610.05,
      "Total Cost": 337610.06,
      "Plan Rows": 1,
      "Plan Width": 8,
      "Actual Startup Time": 730.551,
      "Actual Total Time": 781.082,
      "Actual Rows": 1,
      "Actual Loops": 1,
      "Plans": [
        {
          "Node Type": "Gather",
          "Parent Relationship": "Outer",
          "Parallel Aware": false,
          "Startup Cost": 337609.42,
          "Total Cost": 337610.03,
          "Plan Rows": 6,
          "Plan Width": 8,
          "Actual Startup Time": 730.346,
          "Actual Total Time": 781.066,
          "Actual Rows": 7,
          "Actual Loops": 1,
          "Workers Planned": 6,
          "Workers Launched": 6,
          "Single Copy": false,
          "Plans": [
            {
              "Node Type": "Aggregate",
              "Strategy": "Plain",
              "Partial Mode": "Partial",
              "Parent Relationship": "Outer",
              "Parallel Aware": false,
              "Startup Cost": 336609.42,
              "Total Cost": 336609.43,
              "Plan Rows": 1,
              "Plan Width": 8,
              "Actual Startup Time": 724.005,
              "Actual Total Time": 724.006,
              "Actual Rows": 1,
              "Actual Loops": 7,
              "Plans": [
                {
                  "Node Type": "Seq Scan",
                  "Parent Relationship": "Outer",
                  "Parallel Aware": true,
                  "Relation Name": "cast_info",
                  "Alias": "ci",
                  "Startup Cost": 0.0,
                  "Total Cost": 328211.39,
                  "Plan Rows": 3359212,
                  "Plan Width": 0,
                  "Actual Startup Time": 0.039,
                  "Actual Total Time": 589.11,
                  "Actual Rows": 2916939,
                  "Actual Loops": 7,
                  "Filter": "(person_id < 2054245)",
                  "Rows Removed by Filter": 2260824
                }
              ]
            }
          ]
        }
      ]
    },
    "Planning Time": 0.081,
    "Triggers": [],
    "Execution Time": 781.122
  }
]