[
  {
    "Plan": {
      "Node Type": "Aggregate",
      "Strategy": "Plain",
      "Partial Mode": "Finalize",
      "Parallel Aware": false,
      "Startup Cost": 79727.17,
      "Total Cost": 79727.18,
      "Plan Rows": 1,
      "Plan Width": 8,
      "Actual Startup Time": 323.131,
      "Actual Total Time": 338.995,
      "Actual Rows": 1,
      "Actual Loops": 1,
      "Plans": [
        {
          "Node Type": "Gather",
          "Parent Relationship": "Outer",
          "Parallel Aware": false,
          "Startup Cost": 79726.85,
          "Total Cost": 79727.16,
          "Plan Rows": 3,
          "Plan Width": 8,
          "Actual Startup Time": 320.836,
          "Actual Total Time": 338.987,
          "Actual Rows": 4,
          "Actual Loops": 1,
          "Workers Planned": 3,
          "Workers Launched": 3,
          "Single Copy": false,
          "Plans": [
            {
              "Node Type": "Aggregate",
              "Strategy": "Plain",
              "Partial Mode": "Partial",
              "Parent Relationship": "Outer",
              "Parallel Aware": false,
              "Startup Cost": 78726.85,
              "Total Cost": 78726.86,
              "Plan Rows": 1,
              "Plan Width": 8,
              "Actual Startup Time": 311.51,
              "Actual Total Time": 311.513,
              "Actual Rows": 1,
              "Actual Loops": 4,
              "Plans": [
                {
                  "Node Type": "Hash Join",
                  "Parent Relationship": "Outer",
                  "Parallel Aware": true,
                  "Join Type": "Inner",
                  "Startup Cost": 46908.45,
                  "Total Cost": 78358.29,
                  "Plan Rows": 147426,
                  "Plan Width": 0,
                  "Actual Startup Time": 137.09,
                  "Actual Total Time": 307.939,
                  "Actual Rows": 72051,
                  "Actual Loops": 4,
                  "Inner Unique": true,
                  "Hash Cond": "(mc.movie_id = t.id)",
                  "Plans": [
                    {
                      "Node Type": "Seq Scan",
                      "Parent Relationship": "Outer",
                      "Parallel Aware": true,
                      "Relation Name": "movie_companies",
                      "Alias": "mc",
                      "Startup Cost": 0.0,
                      "Total Cost": 29310.68,
                      "Plan Rows": 814917,
                      "Plan Width": 4,
                      "Actual Startup Time": 0.021,
                      "Actual Total Time": 78.544,
                      "Actual Rows": 632428,
                      "Actual Loops": 4,
                      "Filter": "(company_id < 170423)",
                      "Rows Removed by Filter": 19854
                    },
                    {
                      "Node Type": "Hash",
                      "Parent Relationship": "Inner",
                      "Parallel Aware": true,
                      "Startup Cost": 45479.1,
                      "Total Cost": 45479.1,
                      "Plan Rows": 114348,
                      "Plan Width": 4,
                      "Actual Startup Time": 133.529,
                      "Actual Total Time": 133.53,
                      "Actual Rows": 86053,
                      "Actual Loops": 4,
                      "Hash Buckets": 524288,
                      "Original Hash Buckets": 524288,
                      "Hash Batches": 1,
                      "Original Hash Batches": 1,
                      "Peak Memory Usage": 17632,
                      "Plans": [
                        {
                          "Node Type": "Seq Scan",
                          "Parent Relationship": "Outer",
                          "Parallel Aware": true,
                          "Relation Name": "title",
                          "Alias": "t",
                          "Startup Cost": 0.0,
                          "Total Cost": 45479.1,
                          "Plan Rows": 114348,
                          "Plan Width": 4,
                          "Actual Startup Time": 0.03,
                          "Actual Total Time": 102.189,
                          "Actual Rows": 86053,
                          "Actual Loops": 4,
                          "Filter": "((production_year < 1993) AND (kind_id = 7))",
                          "Rows Removed by Filter": 546025
                        }
                      ]
                    }
                  ]
                }
              ]
            }
          ]
        }
      ]
    },
    "Planning Time": 0.691,
    "Triggers": [],
    "Execution Time": 339.074
  }
]