[
  {
    "Plan": {
      "Node Type": "Aggregate",
      "Strategy": "Plain",
      "Partial Mode": "Finalize",
      "Parallel Aware": false,
      "Startup Cost": 42374.01,
      "Total Cost": 42374.02,
      "Plan Rows": 1,
      "Plan Width": 8,
      "Actual Startup Time": 124.322,
      "Actual Total Time": 130.726,
      "Actual Rows": 1,
      "Actual Loops": 1,
      "Plans": [
        {
          "Node Type": "Gather",
          "Parent Relationship": "Outer",
          "Parallel Aware": false,
          "Startup Cost": 42373.69,
          "Total Cost": 42374.0,
          "Plan Rows": 3,
          "Plan Width": 8,
          "Actual Startup Time": 124.089,
          "Actual Total Time": 130.716,
          "Actual Rows": 4,
          "Actual Loops": 1,
          "Workers Planned": 3,
          "Workers Launched": 3,
          "Single Copy": false,
          "Plans": [
            {
              "Node Type": "Aggregate",
              "Strategy": "Plain",
              "Partial Mode": "Partial",
              "Parent Relationship": "Outer",
              "Parallel Aware": false,
              "Startup Cost": 41373.69,
              "Total Cost": 41373.7,
              "Plan Rows": 1,
              "Plan Width": 8,
              "Actual Startup Time": 118.734,
              "Actual Total Time": 118.736,
              "Actual Rows": 1,
              "Actual Loops": 4,
              "Plans": [
                {
                  "Node Type": "Bitmap Heap Scan",
                  "Parent Relationship": "Outer",
                  "Parallel Aware": true,
                  "Relation Name": "movie_keyword",
                  "Alias": "mk",
                  "Startup Cost": 13777.38,
                  "Total Cost": 40849.97,
                  "Plan Rows": 209488,
                  "Plan Width": 0,
                  "Actual Startup Time": 35.6,
                  "Actual Total Time": 109.972,
                  "Actual Rows": 163983,
                  "Actual Loops": 4,
                  "Recheck Cond": "(keyword_id < 508)",
                  "Rows Removed by Index Recheck": 0,
                  "Exact Heap Blocks": 9903,
                  "Lossy Heap Blocks": 0,
                  "Plans": [
                    {
                      "Node Type": "Bitmap Index Scan",
                      "Parent Relationship": "Outer",
                      "Parallel Aware": false,
                      "Index Name": "keyword_id_movie_keyword",
                      "Startup Cost": 0.0,
                      "Total Cost": 13615.02,
                      "Plan Rows": 649412,
                      "Plan Width": 0,
                      "Actual Startup Time": 36.824,
                      "Actual Total Time": 36.824,
                      "Actual Rows": 655932,
                      "Actual Loops": 1,
                      "Index Cond": "(keyword_id < 508)"
                    }
                  ]
                }
              ]
            }
          ]
        }
      ]
    },
    "Planning Time": 0.087,
    "Triggers": [],
    "Execution Time": 130.765
  }
]