[
  {
    "Plan": {
      "Node Type": "Aggregate",
      "Strategy": "Plain",
      "Partial Mode": "Finalize",
      "Parallel Aware": false,
      "Startup Cost": 32860.39,
      "Total Cost": 32860.4,
      "Plan Rows": 1,
      "Plan Width": 8,
      "Actual Startup Time": 98.859,
      "Actual Total Time": 108.367,
      "Actual Rows": 1,
      "Actual Loops": 1,
      "Plans": [
        {
          "Node Type": "Gather",
          "Parent Relationship": "Outer",
          "Parallel Aware": false,
          "Startup Cost": 32860.08,
          "Total Cost": 32860.39,
          "Plan Rows": 3,
          "Plan Width": 8,
          "Actual Startup Time": 98.745,
          "Actual Total Time": 108.358,
          "Actual Rows": 4,
          "Actual Loops": 1,
          "Workers Planned": 3,
          "Workers Launched": 3,
          "Single Copy": false,
          "Plans": [
            {
              "Node Type": "Aggregate",
              "Strategy": "Plain",
              "Partial Mode": "Partial",
              "Parent Relationship": "Outer",
              "Parallel Aware": false,
              "Startup Cost": 31860.08,
              "Total Cost": 31860.09,
              "Plan Rows": 1,
              "Plan Width": 8,
              "Actual Startup Time": 91.967,
              "Actual Total Time": 91.968,
              "Actual Rows": 1,
              "Actual Loops": 4,
              "Plans": [
                {
                  "Node Type": "Seq Scan",
                  "Parent Relationship": "Outer",
                  "Parallel Aware": true,
                  "Relation Name": "movie_companies",
                  "Alias": "mc",
                  "Startup Cost": 0.0,
                  "Total Cost": 31414.82,
                  "Plan Rows": 178103,
                  "Plan Width": 0,
                  "Actual Startup Time": 0.048,
                  "Actual Total Time": 79.574,
                  "Actual Rows": 190238,
                  "Actual Loops": 4,
                  "Filter": "((company_id < 7879) AND (company_type_id < 2))",
                  "Rows Removed by Filter": 462044
                }
              ]
            }
          ]
        }
      ]
    },
    "Planning Time": 0.18,
    "Triggers": [],
    "Execution Time": 108.419
  }
]