[
  {
    "Plan": {
      "Node Type": "Aggregate",
      "Strategy": "Plain",
      "Partial Mode": "Finalize",
      "Parallel Aware": false,
      "Startup Cost": 46827.18,
      "Total Cost": 46827.19,
      "Plan Rows": 1,
      "Plan Width": 8,
      "Actual Startup Time": 171.947,
      "Actual Total Time": 182.218,
      "Actual Rows": 1,
      "Actual Loops": 1,
      "Plans": [
        {
          "Node Type": "Gather",
          "Parent Relationship": "Outer",
          "Parallel Aware": false,
          "Startup Cost": 46826.86,
          "Total Cost": 46827.17,
          "Plan Rows": 3,
          "Plan Width": 8,
          "Actual Startup Time": 171.842,
          "Actual Total Time": 182.209,
          "Actual Rows": 4,
          "Actual Loops": 1,
          "Workers Planned": 3,
          "Workers Launched": 3,
          "Single Copy": false,
          "Plans": [
            {
              "Node Type": "Aggregate",
              "Strategy": "Plain",
              "Partial Mode": "Partial",
              "Parent Relationship": "Outer",
              "Parallel Aware": false,
              "Startup Cost": 45826.86,
              "Total Cost": 45826.87,
              "Plan Rows": 1,
              "Plan Width": 8,
              "Actual Startup Time": 164.285,
              "Actual Total Time": 164.286,
              "Actual Rows": 1,
              "Actual Loops": 4,
              "Plans": [
                {
                  "Node Type": "Seq Scan",
                  "Parent Relationship": "Outer",
                  "Parallel Aware": true,
                  "Relation Name": "movie_keyword",
                  "Alias": "mk",
                  "Startup Cost": 0.0,
                  "Total Cost": 42695.65,
                  "Plan Rows": 1252482,
                  "Plan Width": 0,
                  "Actual Startup Time": 0.058,
                  "Actual Total Time": 121.278,
                  "Actual Rows": 974784,
                  "Actual Loops": 4,
                  "Filter": "(keyword_id < 29320)",
                  "Rows Removed by Filter": 156199
                }
              ]
            }
          ]
        }
      ]
    },
    "Planning Time": 0.216,
    "Triggers": [],
    "Execution Time": 182.296
  }
]