[
  {
    "Plan": {
      "Node Type": "Aggregate",
      "Strategy": "Plain",
      "Partial Mode": "Finalize",
      "Parallel Aware": false,
      "Startup Cost": 9773.39,
      "Total Cost": 9773.4,
      "Plan Rows": 1,
      "Plan Width": 8,
      "Actual Startup Time": 40.802,
      "Actual Total Time": 43.359,
      "Actual Rows": 1,
      "Actual Loops": 1,
      "Plans": [
        {
          "Node Type": "Gather",
          "Parent Relationship": "Outer",
          "Parallel Aware": false,
          "Startup Cost": 9773.08,
          "Total Cost": 9773.39,
          "Plan Rows": 3,
          "Plan Width": 8,
          "Actual Startup Time": 40.706,
          "Actual Total Time": 43.35,
          "Actual Rows": 4,
          "Actual Loops": 1,
          "Workers Planned": 3,
          "Workers Launched": 3,
          "Single Copy": false,
          "Plans": [
            {
              "Node Type": "Aggregate",
              "Strategy": "Plain",
              "Partial Mode": "Partial",
              "Parent Relationship": "Outer",
              "Parallel Aware": false,
              "Startup Cost": 8773.08,
              "Total Cost": 8773.09,
              "Plan Rows": 1,
              "Plan Width": 8,
              "Actual Startup Time": 34.283,
              "Actual Total Time": 34.284,
              "Actual Rows": 1,
              "Actual Loops": 4,
              "Plans": [
                {
                  "Node Type": "Index Scan",
                  "Parent Relationship": "Outer",
                  "Parallel Aware": true,
                  "Scan Direction": "Forward",
                  "Index Name": "role_id_cast_info",
                  "Relation Name": "cast_info",
                  "Alias": "ci",
                  "Startup Cost": 0.56,
                  "Total Cost": 8600.37,
                  "Plan Rows": 69082,
                  "Plan Width": 0,
                  "Actual Startup Time": 0.141,
                  "Actual Total Time": 28.422,
                  "Actual Rows": 68824,
                  "Actual Loops": 4,
                  "Index Cond": "(role_id > 10)",
                  "Rows Removed by Index Recheck": 0,
                  "Filter": "(person_id > 1010073)",
                  "Rows Removed by Filter": 10206
                }
              ]
            }
          ]
        }
      ]
    },
    "Planning Time": 0.186,
    "Triggers": [],
    "Execution Time": 43.409
  }
]