[
  {
    "Plan": {
      "Node Type": "Aggregate",
      "Strategy": "Plain",
      "Partial Mode": "Finalize",
      "Parallel Aware": false,
      "Startup Cost": 45690.8,
      "Total Cost": 45690.81,
      "Plan Rows": 1,
      "Plan Width": 8,
      "Actual Startup Time": 103.399,
      "Actual Total Time": 115.429,
      "Actual Rows": 1,
      "Actual Loops": 1,
      "Plans": [
        {
          "Node Type": "Gather",
          "Parent Relationship": "Outer",
          "Parallel Aware": false,
          "Startup Cost": 45690.38,
          "Total Cost": 45690.79,
          "Plan Rows": 4,
          "Plan Width": 8,
          "Actual Startup Time": 103.225,
          "Actual Total Time": 115.415,
          "Actual Rows": 5,
          "Actual Loops": 1,
          "Workers Planned": 4,
          "Workers Launched": 4,
          "Single Copy": false,
          "Plans": [
            {
              "Node Type": "Aggregate",
              "Strategy": "Plain",
              "Partial Mode": "Partial",
              "Parent Relationship": "Outer",
              "Parallel Aware": false,
              "Startup Cost": 44690.38,
              "Total Cost": 44690.39,
              "Plan Rows": 1,
              "Plan Width": 8,
              "Actual Startup Time": 96.867,
              "Actual Total Time": 96.868,
              "Actual Rows": 1,
              "Actual Loops": 5,
              "Plans": [
                {
                  "Node Type": "Seq Scan",
                  "Parent Relationship": "Outer",
                  "Parallel Aware": true,
                  "Relation Name": "title",
                  "Alias": "t",
                  "Startup Cost": 0.0,
                  "Total Cost": 43899.32,
                  "Plan Rows": 316422,
                  "Plan Width": 0,
                  "Actual Startup Time": 0.036,
                  "Actual Total Time": 84.85,
                  "Actual Rows": 252059,
                  "Actual Loops": 5,
                  "Filter": "(production_year > 2002)",
                  "Rows Removed by Filter": 253603
                }
              ]
            }
          ]
        }
      ]
    },
    "Planning Time": 0.157,
    "Triggers": [],
    "Execution Time": 115.496
  }
]