[
    {
        "Bao": {
            "Bao prediction": "NaN",
            "Bao recommended hint": "(no hint)"
        }
    },
    {
        "Plan": {
            "Node Type": "Aggregate",
            "Strategy": "Plain",
            "Partial Mode": "Finalize",
            "Parallel Aware": false,
            "Startup Cost": 80911.89,
            "Total Cost": 80911.9,
            "Plan Rows": 1,
            "Plan Width": 8,
            "Actual Startup Time": 199.523,
            "Actual Total Time": 206.931,
            "Actual Rows": 1,
            "Actual Loops": 1,
            "Output": [
                "count(*)"
            ],
            "Plans": [
                {
                    "Node Type": "Gather",
                    "Parent Relationship": "Outer",
                    "Parallel Aware": false,
                    "Startup Cost": 80911.57,
                    "Total Cost": 80911.88,
                    "Plan Rows": 3,
                    "Plan Width": 8,
                    "Actual Startup Time": 197.919,
                    "Actual Total Time": 206.922,
                    "Actual Rows": 4,
                    "Actual Loops": 1,
                    "Output": [
                        "(PARTIAL count(*))"
                    ],
                    "Workers Planned": 3,
                    "Workers Launched": 3,
                    "Single Copy": false,
                    "Plans": [
                        {
                            "Node Type": "Aggregate",
                            "Strategy": "Plain",
                            "Partial Mode": "Partial",
                            "Parent Relationship": "Outer",
                            "Parallel Aware": false,
                            "Startup Cost": 79911.57,
                            "Total Cost": 79911.58,
                            "Plan Rows": 1,
                            "Plan Width": 8,
                            "Actual Startup Time": 188.809,
                            "Actual Total Time": 188.813,
                            "Actual Rows": 1,
                            "Actual Loops": 4,
                            "Output": [
                                "PARTIAL count(*)"
                            ],
                            "Workers": [
                                {
                                    "Worker Number": 0,
                                    "Actual Startup Time": 185.708,
                                    "Actual Total Time": 185.711,
                                    "Actual Rows": 1,
                                    "Actual Loops": 1
                                },
                                {
                                    "Worker Number": 1,
                                    "Actual Startup Time": 186.082,
                                    "Actual Total Time": 186.085,
                                    "Actual Rows": 1,
                                    "Actual Loops": 1
                                },
                                {
                                    "Worker Number": 2,
                                    "Actual Startup Time": 186.229,
                                    "Actual Total Time": 186.232,
                                    "Actual Rows": 1,
                                    "Actual Loops": 1
                                }
                            ],
                            "Plans": [
                                {
                                    "Node Type": "Hash Join",
                                    "Parent Relationship": "Outer",
                                    "Parallel Aware": true,
                                    "Join Type": "Inner",
                                    "Startup Cost": 53862.23,
                                    "Total Cost": 79857.32,
                                    "Plan Rows": 21699,
                                    "Plan Width": 0,
                                    "Actual Startup Time": 138.041,
                                    "Actual Total Time": 188.649,
                                    "Actual Rows": 2167,
                                    "Actual Loops": 4,
                                    "Inner Unique": true,
                                    "Hash Cond": "(mk.movie_id = t.id)",
                                    "Workers": [
                                        {
                                            "Worker Number": 0,
                                            "Actual Startup Time": 135.038,
                                            "Actual Total Time": 185.557,
                                            "Actual Rows": 1618,
                                            "Actual Loops": 1
                                        },
                                        {
                                            "Worker Number": 1,
                                            "Actual Startup Time": 135.198,
                                            "Actual Total Time": 185.938,
                                            "Actual Rows": 1535,
                                            "Actual Loops": 1
                                        },
                                        {
                                            "Worker Number": 2,
                                            "Actual Startup Time": 135.474,
                                            "Actual Total Time": 186.05,
                                            "Actual Rows": 1982,
                                            "Actual Loops": 1
                                        }
                                    ],
                                    "Plans": [
                                        {
                                            "Node Type": "Bitmap Heap Scan",
                                            "Parent Relationship": "Outer",
                                            "Parallel Aware": true,
                                            "Relation Name": "movie_keyword",
                                            "Schema": "public",
                                            "Alias": "mk",
                                            "Startup Cost": 6700.36,
                                            "Total Cost": 32427.99,
                                            "Plan Rows": 101891,
                                            "Plan Width": 4,
                                            "Actual Startup Time": 21.583,
                                            "Actual Total Time": 57.776,
                                            "Actual Rows": 78370,
                                            "Actual Loops": 4,
                                            "Output": [
                                                "mk.id",
                                                "mk.movie_id",
                                                "mk.keyword_id"
                                            ],
                                            "Recheck Cond": "(mk.keyword_id > 52100)",
                                            "Rows Removed by Index Recheck": 0,
                                            "Exact Heap Blocks": 7486,
                                            "Lossy Heap Blocks": 0,
                                            "Workers": [
                                                {
                                                    "Worker Number": 0,
                                                    "Actual Startup Time": 21.646,
                                                    "Actual Total Time": 58.838,
                                                    "Actual Rows": 68748,
                                                    "Actual Loops": 1
                                                },
                                                {
                                                    "Worker Number": 1,
                                                    "Actual Startup Time": 21.637,
                                                    "Actual Total Time": 58.696,
                                                    "Actual Rows": 68444,
                                                    "Actual Loops": 1
                                                },
                                                {
                                                    "Worker Number": 2,
                                                    "Actual Startup Time": 21.549,
                                                    "Actual Total Time": 58.627,
                                                    "Actual Rows": 69816,
                                                    "Actual Loops": 1
                                                }
                                            ],
                                            "Plans": [
                                                {
                                                    "Node Type": "Bitmap Index Scan",
                                                    "Parent Relationship": "Outer",
                                                    "Parallel Aware": false,
                                                    "Index Name": "keyword_id_movie_keyword",
                                                    "Startup Cost": 0.0,
                                                    "Total Cost": 6621.39,
                                                    "Plan Rows": 315861,
                                                    "Plan Width": 0,
                                                    "Actual Startup Time": 18.348,
                                                    "Actual Total Time": 18.348,
                                                    "Actual Rows": 313480,
                                                    "Actual Loops": 1,
                                                    "Index Cond": "(mk.keyword_id > 52100)"
                                                }
                                            ]
                                        },
                                        {
                                            "Node Type": "Hash",
                                            "Parent Relationship": "Inner",
                                            "Parallel Aware": true,
                                            "Startup Cost": 45479.21,
                                            "Total Cost": 45479.21,
                                            "Plan Rows": 134613,
                                            "Plan Width": 4,
                                            "Actual Startup Time": 113.698,
                                            "Actual Total Time": 113.699,
                                            "Actual Rows": 107062,
                                            "Actual Loops": 4,
                                            "Output": [
                                                "t.id"
                                            ],
                                            "Hash Buckets": 1048576,
                                            "Original Hash Buckets": 1048576,
                                            "Hash Batches": 1,
                                            "Original Hash Batches": 1,
                                            "Peak Memory Usage": 25056,
                                            "Workers": [
                                                {
                                                    "Worker Number": 0,
                                                    "Actual Startup Time": 112.967,
                                                    "Actual Total Time": 112.968,
                                                    "Actual Rows": 94918,
                                                    "Actual Loops": 1
                                                },
                                                {
                                                    "Worker Number": 1,
                                                    "Actual Startup Time": 113.111,
                                                    "Actual Total Time": 113.112,
                                                    "Actual Rows": 94091,
                                                    "Actual Loops": 1
                                                },
                                                {
                                                    "Worker Number": 2,
                                                    "Actual Startup Time": 113.478,
                                                    "Actual Total Time": 113.478,
                                                    "Actual Rows": 96077,
                                                    "Actual Loops": 1
                                                }
                                            ],
                                            "Plans": [
                                                {
                                                    "Node Type": "Seq Scan",
                                                    "Parent Relationship": "Outer",
                                                    "Parallel Aware": true,
                                                    "Relation Name": "title",
                                                    "Schema": "public",
                                                    "Alias": "t",
                                                    "Startup Cost": 0.0,
                                                    "Total Cost": 45479.21,
                                                    "Plan Rows": 134613,
                                                    "Plan Width": 4,
                                                    "Actual Startup Time": 0.036,
                                                    "Actual Total Time": 82.465,
                                                    "Actual Rows": 107062,
                                                    "Actual Loops": 4,
                                                    "Output": [
                                                        "t.id"
                                                    ],
                                                    "Filter": "((t.production_year < 1997) AND (t.kind_id = 7))",
                                                    "Rows Removed by Filter": 525016,
                                                    "Workers": [
                                                        {
                                                            "Worker Number": 0,
                                                            "Actual Startup Time": 0.048,
                                                            "Actual Total Time": 82.711,
                                                            "Actual Rows": 94918,
                                                            "Actual Loops": 1
                                                        },
                                                        {
                                                            "Worker Number": 1,
                                                            "Actual Startup Time": 0.051,
                                                            "Actual Total Time": 82.799,
                                                            "Actual Rows": 94091,
                                                            "Actual Loops": 1
                                                        },
                                                        {
                                                            "Worker Number": 2,
                                                            "Actual Startup Time": 0.031,
                                                            "Actual Total Time": 83.513,
                                                            "Actual Rows": 96077,
                                                            "Actual Loops": 1
                                                        }
                                                    ]
                                                }
                                            ]
                                        }
                                    ]
                                }
                            ]
                        }
                    ]
                }
            ]
        },
        "Planning Time": 194.776,
        "Triggers": [],
        "Execution Time": 207.057
    }
]