[
  {
    "Plan": {
      "Node Type": "Aggregate",
      "Strategy": "Plain",
      "Partial Mode": "Finalize",
      "Parallel Aware": false,
      "Startup Cost": 467971.66,
      "Total Cost": 467971.67,
      "Plan Rows": 1,
      "Plan Width": 64,
      "Actual Startup Time": 1777.657,
      "Actual Total Time": 1878.934,
      "Actual Rows": 1,
      "Actual Loops": 1,
      "Plans": [
        {
          "Node Type": "Gather",
          "Parent Relationship": "Outer",
          "Parallel Aware": false,
          "Startup Cost": 467971.02,
          "Total Cost": 467971.63,
          "Plan Rows": 6,
          "Plan Width": 64,
          "Actual Startup Time": 1743.007,
          "Actual Total Time": 1878.911,
          "Actual Rows": 7,
          "Actual Loops": 1,
          "Workers Planned": 6,
          "Workers Launched": 6,
          "Single Copy": false,
          "Plans": [
            {
              "Node Type": "Aggregate",
              "Strategy": "Plain",
              "Partial Mode": "Partial",
              "Parent Relationship": "Outer",
              "Parallel Aware": false,
              "Startup Cost": 466971.02,
              "Total Cost": 466971.03,
              "Plan Rows": 1,
              "Plan Width": 64,
              "Actual Startup Time": 1725.342,
              "Actual Total Time": 1725.361,
              "Actual Rows": 1,
              "Actual Loops": 7,
              "Plans": [
                {
                  "Node Type": "Hash Join",
                  "Parent Relationship": "Outer",
                  "Parallel Aware": false,
                  "Join Type": "Inner",
                  "Startup Cost": 136073.11,
                  "Total Cost": 466550.64,
                  "Plan Rows": 84076,
                  "Plan Width": 33,
                  "Actual Startup Time": 753.994,
                  "Actual Total Time": 1723.341,
                  "Actual Rows": 13107,
                  "Actual Loops": 7,
                  "Inner Unique": true,
                  "Hash Cond": "(ci.role_id = rt.id)",
                  "Plans": [
                    {
                      "Node Type": "Hash Join",
                      "Parent Relationship": "Outer",
                      "Parallel Aware": true,
                      "Join Type": "Inner",
                      "Startup Cost": 136071.84,
                      "Total Cost": 466250.73,
                      "Plan Rows": 84076,
                      "Plan Width": 37,
                      "Actual Startup Time": 753.154,
                      "Actual Total Time": 1719.966,
                      "Actual Rows": 13107,
                      "Actual Loops": 7,
                      "Inner Unique": true,
                      "Hash Cond": "(ci.person_role_id = chn.id)",
                      "Plans": [
                        {
                          "Node Type": "Hash Join",
                          "Parent Relationship": "Outer",
                          "Parallel Aware": true,
                          "Join Type": "Inner",
                          "Startup Cost": 81927.05,
                          "Total Cost": 411885.24,
                          "Plan Rows": 84076,
                          "Plan Width": 25,
                          "Actual Startup Time": 333.558,
                          "Actual Total Time": 1281.734,
                          "Actual Rows": 68823,
                          "Actual Loops": 7,
                          "Inner Unique": false,
                          "Hash Cond": "(ci.movie_id = t.id)",
                          "Plans": [
                            {
                              "Node Type": "Seq Scan",
                              "Parent Relationship": "Outer",
                              "Parallel Aware": true,
                              "Relation Name": "cast_info",
                              "Alias": "ci",
                              "Startup Cost": 0.0,
                              "Total Cost": 328163.97,
                              "Plan Rows": 448233,
                              "Plan Width": 12,
                              "Actual Startup Time": 0.036,
                              "Actual Total Time": 834.854,
                              "Actual Rows": 356779,
                              "Actual Loops": 7,
                              "Filter": "(note ~~ '%(as%'::text)",
                              "Rows Removed by Filter": 4820984
                            },
                            {
                              "Node Type": "Hash",
                              "Parent Relationship": "Inner",
                              "Parallel Aware": true,
                              "Startup Cost": 81127.98,
                              "Total Cost": 81127.98,
                              "Plan Rows": 63926,
                              "Plan Width": 25,
                              "Actual Startup Time": 333.084,
                              "Actual Total Time": 333.097,
                              "Actual Rows": 24790,
                              "Actual Loops": 7,
                              "Hash Buckets": 262144,
                              "Original Hash Buckets": 262144,
                              "Hash Batches": 1,
                              "Original Hash Batches": 1,
                              "Peak Memory Usage": 12768,
                              "Plans": [
                                {
                                  "Node Type": "Hash Join",
                                  "Parent Relationship": "Outer",
                                  "Parallel Aware": false,
                                  "Join Type": "Inner",
                                  "Startup Cost": 50903.81,
                                  "Total Cost": 81127.98,
                                  "Plan Rows": 63926,
                                  "Plan Width": 25,
                                  "Actual Startup Time": 153.196,
                                  "Actual Total Time": 306.4,
                                  "Actual Rows": 24790,
                                  "Actual Loops": 7,
                                  "Inner Unique": true,
                                  "Hash Cond": "(mc.company_type_id = ct.id)",
                                  "Plans": [
                                    {
                                      "Node Type": "Hash Join",
                                      "Parent Relationship": "Outer",
                                      "Parallel Aware": true,
                                      "Join Type": "Inner",
                                      "Startup Cost": 50902.72,
                                      "Total Cost": 80781.28,
                                      "Plan Rows": 63926,
                                      "Plan Width": 29,
                                      "Actual Startup Time": 153.105,
                                      "Actual Total Time": 302.036,
                                      "Actual Rows": 24790,
                                      "Actual Loops": 7,
                                      "Inner Unique": true,
                                      "Hash Cond": "(mc.company_id = cn.id)",
                                      "Plans": [
                                        {
                                          "Node Type": "Hash Join",
                                          "Parent Relationship": "Outer",
                                          "Parallel Aware": true,
                                          "Join Type": "Inner",
                                          "Startup Cost": 45553.09,
                                          "Total Cost": 74968.98,
                                          "Plan Rows": 176252,
                                          "Plan Width": 33,
                                          "Actual Startup Time": 138.316,
                                          "Actual Total Time": 273.674,
                                          "Actual Rows": 58464,
                                          "Actual Loops": 7,
                                          "Inner Unique": true,
                                          "Hash Cond": "(mc.movie_id = t.id)",
                                          "Plans": [
                                            {
                                              "Node Type": "Seq Scan",
                                              "Parent Relationship": "Outer",
                                              "Parallel Aware": true,
                                              "Relation Name": "movie_companies",
                                              "Alias": "mc",
                                              "Startup Cost": 0.0,
                                              "Total Cost": 27206.55,
                                              "Plan Rows": 841655,
                                              "Plan Width": 12,
                                              "Actual Startup Time": 0.019,
                                              "Actual Total Time": 47.765,
                                              "Actual Rows": 372733,
                                              "Actual Loops": 7
                                            },
                                            {
                                              "Node Type": "Hash",
                                              "Parent Relationship": "Inner",
                                              "Parallel Aware": true,
                                              "Startup Cost": 43898.62,
                                              "Total Cost": 43898.62,
                                              "Plan Rows": 132358,
                                              "Plan Width": 21,
                                              "Actual Startup Time": 137.427,
                                              "Actual Total Time": 137.429,
                                              "Actual Rows": 76196,
                                              "Actual Loops": 7,
                                              "Hash Buckets": 1048576,
                                              "Original Hash Buckets": 1048576,
                                              "Hash Batches": 1,
                                              "Original Hash Batches": 1,
                                              "Peak Memory Usage": 38400,
                                              "Plans": [
                                                {
                                                  "Node Type": "Seq Scan",
                                                  "Parent Relationship": "Outer",
                                                  "Parallel Aware": true,
                                                  "Relation Name": "title",
                                                  "Alias": "t",
                                                  "Startup Cost": 0.0,
                                                  "Total Cost": 43898.62,
                                                  "Plan Rows": 132358,
                                                  "Plan Width": 21,
                                                  "Actual Startup Time": 0.033,
                                                  "Actual Total Time": 82.781,
                                                  "Actual Rows": 76196,
                                                  "Actual Loops": 7,
                                                  "Filter": "(production_year > 2009)",
                                                  "Rows Removed by Filter": 284992
                                                }
                                              ]
                                            }
                                          ]
                                        },
                                        {
                                          "Node Type": "Hash",
                                          "Parent Relationship": "Inner",
                                          "Parallel Aware": true,
                                          "Startup Cost": 4722.92,
                                          "Total Cost": 4722.92,
                                          "Plan Rows": 50137,
                                          "Plan Width": 4,
                                          "Actual Startup Time": 14.355,
                                          "Actual Total Time": 14.356,
                                          "Actual Rows": 12120,
                                          "Actual Loops": 7,
                                          "Hash Buckets": 131072,
                                          "Original Hash Buckets": 131072,
                                          "Hash Batches": 1,
                                          "Original Hash Batches": 1,
                                          "Peak Memory Usage": 4448,
                                          "Plans": [
                                            {
                                              "Node Type": "Seq Scan",
                                              "Parent Relationship": "Outer",
                                              "Parallel Aware": true,
                                              "Relation Name": "company_name",
                                              "Alias": "cn",
                                              "Startup Cost": 0.0,
                                              "Total Cost": 4722.92,
                                              "Plan Rows": 50137,
                                              "Plan Width": 4,
                                              "Actual Startup Time": 0.035,
                                              "Actual Total Time": 9.659,
                                              "Actual Rows": 12120,
                                              "Actual Loops": 7,
                                              "Filter": "((country_code)::text = '[us]'::text)",
                                              "Rows Removed by Filter": 21451
                                            }
                                          ]
                                        }
                                      ]
                                    },
                                    {
                                      "Node Type": "Hash",
                                      "Parent Relationship": "Inner",
                                      "Parallel Aware": false,
                                      "Startup Cost": 1.04,
                                      "Total Cost": 1.04,
                                      "Plan Rows": 4,
                                      "Plan Width": 4,
                                      "Actual Startup Time": 0.053,
                                      "Actual Total Time": 0.054,
                                      "Actual Rows": 4,
                                      "Actual Loops": 7,
                                      "Hash Buckets": 1024,
                                      "Original Hash Buckets": 1024,
                                      "Hash Batches": 1,
                                      "Original Hash Batches": 1,
                                      "Peak Memory Usage": 9,
                                      "Plans": [
                                        {
                                          "Node Type": "Seq Scan",
                                          "Parent Relationship": "Outer",
                                          "Parallel Aware": false,
                                          "Relation Name": "company_type",
                                          "Alias": "ct",
                                          "Startup Cost": 0.0,
                                          "Total Cost": 1.04,
                                          "Plan Rows": 4,
                                          "Plan Width": 4,
                                          "Actual Startup Time": 0.041,
                                          "Actual Total Time": 0.042,
                                          "Actual Rows": 4,
                                          "Actual Loops": 7
                                        }
                                      ]
                                    }
                                  ]
                                }
                              ]
                            }
                          ]
                        },
                        {
                          "Node Type": "Hash",
                          "Parent Relationship": "Inner",
                          "Parallel Aware": true,
                          "Startup Cost": 44325.46,
                          "Total Cost": 44325.46,
                          "Plan Rows": 785546,
                          "Plan Width": 20,
                          "Actual Startup Time": 414.578,
                          "Actual Total Time": 414.579,
                          "Actual Rows": 448620,
                          "Actual Loops": 7,
                          "Hash Buckets": 4194304,
                          "Original Hash Buckets": 4194304,
                          "Hash Batches": 1,
                          "Original Hash Batches": 1,
                          "Peak Memory Usage": 205152,
                          "Plans": [
                            {
                              "Node Type": "Seq Scan",
                              "Parent Relationship": "Outer",
                              "Parallel Aware": true,
                              "Relation Name": "char_name",
                              "Alias": "chn",
                              "Startup Cost": 0.0,
                              "Total Cost": 44325.46,
                              "Plan Rows": 785546,
                              "Plan Width": 20,
                              "Actual Startup Time": 0.076,
                              "Actual Total Time": 117.236,
                              "Actual Rows": 448620,
                              "Actual Loops": 7
                            }
                          ]
                        }
                      ]
                    },
                    {
                      "Node Type": "Hash",
                      "Parent Relationship": "Inner",
                      "Parallel Aware": false,
                      "Startup Cost": 1.12,
                      "Total Cost": 1.12,
                      "Plan Rows": 12,
                      "Plan Width": 4,
                      "Actual Startup Time": 0.124,
                      "Actual Total Time": 0.126,
                      "Actual Rows": 12,
                      "Actual Loops": 7,
                      "Hash Buckets": 1024,
                      "Original Hash Buckets": 1024,
                      "Hash Batches": 1,
                      "Original Hash Batches": 1,
                      "Peak Memory Usage": 9,
                      "Plans": [
                        {
                          "Node Type": "Seq Scan",
                          "Parent Relationship": "Outer",
                          "Parallel Aware": false,
                          "Relation Name": "role_type",
                          "Alias": "rt",
                          "Startup Cost": 0.0,
                          "Total Cost": 1.12,
                          "Plan Rows": 12,
                          "Plan Width": 4,
                          "Actual Startup Time": 0.081,
                          "Actual Total Time": 0.087,
                          "Actual Rows": 12,
                          "Actual Loops": 7
                        }
                      ]
                    }
                  ]
                }
              ]
            }
          ]
        }
      ]
    },
    "Planning Time": 11.654,
    "Triggers": [],
    "Execution Time": 1879.423
  }
]