{
  "Plan": {
    "Node Type": "Aggregate",
    "Strategy": "Plain",
    "Partial Mode": "Finalize",
    "Parallel Aware": false,
    "Startup Cost": 118331.98,
    "Total Cost": 118331.99,
    "Plan Rows": 1,
    "Plan Width": 8,
    "Actual Startup Time": 565.91,
    "Actual Total Time": 580.204,
    "Actual Rows": 1,
    "Actual Loops": 1,
    "Plans": [
      {
        "Node Type": "Gather",
        "Parent Relationship": "Outer",
        "Parallel Aware": false,
        "Startup Cost": 118331.87,
        "Total Cost": 118331.98,
        "Plan Rows": 1,
        "Plan Width": 8,
        "Actual Startup Time": 564.715,
        "Actual Total Time": 580.195,
        "Actual Rows": 2,
        "Actual Loops": 1,
        "Workers Planned": 1,
        "Workers Launched": 1,
        "Single Copy": false,
        "Plans": [
          {
            "Node Type": "Aggregate",
            "Strategy": "Plain",
            "Partial Mode": "Partial",
            "Parent Relationship": "Outer",
            "Parallel Aware": false,
            "Startup Cost": 117331.87,
            "Total Cost": 117331.88,
            "Plan Rows": 1,
            "Plan Width": 8,
            "Actual Startup Time": 558.621,
            "Actual Total Time": 558.626,
            "Actual Rows": 1,
            "Actual Loops": 2,
            "Plans": [
              {
                "Node Type": "Hash Join",
                "Parent Relationship": "Outer",
                "Parallel Aware": true,
                "Join Type": "Inner",
                "Startup Cost": 61670.21,
                "Total Cost": 116875.98,
                "Plan Rows": 182355,
                "Plan Width": 0,
                "Actual Startup Time": 230.097,
                "Actual Total Time": 553.058,
                "Actual Rows": 102140,
                "Actual Loops": 2,
                "Inner Unique": true,
                "Hash Cond": "(ci.movie_id = t.id)",
                "Plans": [
                  {
                    "Node Type": "Index Scan",
                    "Parent Relationship": "Outer",
                    "Parallel Aware": true,
                    "Scan Direction": "Forward",
                    "Index Name": "role_id_cast_info",
                    "Relation Name": "cast_info",
                    "Alias": "ci",
                    "Startup Cost": 0.56,
                    "Total Cost": 52560.36,
                    "Plan Rows": 1007991,
                    "Plan Width": 4,
                    "Actual Startup Time": 0.059,
                    "Actual Total Time": 136.234,
                    "Actual Rows": 851772,
                    "Actual Loops": 2,
                    "Index Cond": "(role_id = 8)",
                    "Rows Removed by Index Recheck": 0
                  },
                  {
                    "Node Type": "Hash",
                    "Parent Relationship": "Inner",
                    "Parallel Aware": true,
                    "Startup Cost": 58306.47,
                    "Total Cost": 58306.47,
                    "Plan Rows": 269054,
                    "Plan Width": 4,
                    "Actual Startup Time": 224.148,
                    "Actual Total Time": 224.149,
                    "Actual Rows": 172106,
                    "Actual Loops": 2,
                    "Hash Buckets": 524288,
                    "Original Hash Buckets": 524288,
                    "Hash Batches": 1,
                    "Original Hash Batches": 1,
                    "Peak Memory Usage": 17600,
                    "Plans": [
                      {
                        "Node Type": "Seq Scan",
                        "Parent Relationship": "Outer",
                        "Parallel Aware": true,
                        "Relation Name": "title",
                        "Alias": "t",
                        "Startup Cost": 0.0,
                        "Total Cost": 58306.47,
                        "Plan Rows": 269054,
                        "Plan Width": 4,
                        "Actual Startup Time": 0.034,
                        "Actual Total Time": 169.947,
                        "Actual Rows": 172106,
                        "Actual Loops": 2,
                        "Filter": "((production_year < 1993) AND (kind_id = 7))",
                        "Rows Removed by Filter": 1092050
                      }
                    ]
                  }
                ]
              }
            ]
          }
        ]
      }
    ]
  },
  "Planning Time": 0.719,
  "Triggers": [],
  "Execution Time": 580.283
}