[
  {
    "Plan": {
      "Node Type": "Aggregate",
      "Strategy": "Plain",
      "Partial Mode": "Finalize",
      "Parallel Aware": false,
      "Startup Cost": 32728.61,
      "Total Cost": 32728.62,
      "Plan Rows": 1,
      "Plan Width": 8,
      "Actual Startup Time": 97.389,
      "Actual Total Time": 106.395,
      "Actual Rows": 1,
      "Actual Loops": 1,
      "Plans": [
        {
          "Node Type": "Gather",
          "Parent Relationship": "Outer",
          "Parallel Aware": false,
          "Startup Cost": 32728.3,
          "Total Cost": 32728.61,
          "Plan Rows": 3,
          "Plan Width": 8,
          "Actual Startup Time": 97.055,
          "Actual Total Time": 106.383,
          "Actual Rows": 4,
          "Actual Loops": 1,
          "Workers Planned": 3,
          "Workers Launched": 3,
          "Single Copy": false,
          "Plans": [
            {
              "Node Type": "Aggregate",
              "Strategy": "Plain",
              "Partial Mode": "Partial",
              "Parent Relationship": "Outer",
              "Parallel Aware": false,
              "Startup Cost": 31728.3,
              "Total Cost": 31728.31,
              "Plan Rows": 1,
              "Plan Width": 8,
              "Actual Startup Time": 89.873,
              "Actual Total Time": 89.874,
              "Actual Rows": 1,
              "Actual Loops": 4,
              "Plans": [
                {
                  "Node Type": "Seq Scan",
                  "Parent Relationship": "Outer",
                  "Parallel Aware": true,
                  "Relation Name": "movie_companies",
                  "Alias": "mc",
                  "Startup Cost": 0.0,
                  "Total Cost": 31414.82,
                  "Plan Rows": 125391,
                  "Plan Width": 0,
                  "Actual Startup Time": 0.035,
                  "Actual Total Time": 79.579,
                  "Actual Rows": 140196,
                  "Actual Loops": 4,
                  "Filter": "((company_id < 1711) AND (company_type_id = 1))",
                  "Rows Removed by Filter": 512086
                }
              ]
            }
          ]
        }
      ]
    },
    "Planning Time": 0.233,
    "Triggers": [],
    "Execution Time": 106.459
  }
]