[
  {
    "Plan": {
      "Node Type": "Aggregate",
      "Strategy": "Plain",
      "Partial Mode": "Finalize",
      "Parallel Aware": false,
      "Startup Cost": 93336.6,
      "Total Cost": 93336.61,
      "Plan Rows": 1,
      "Plan Width": 8,
      "Actual Startup Time": 164.367,
      "Actual Total Time": 179.522,
      "Actual Rows": 1,
      "Actual Loops": 1,
      "Plans": [
        {
          "Node Type": "Gather",
          "Parent Relationship": "Outer",
          "Parallel Aware": false,
          "Startup Cost": 93336.18,
          "Total Cost": 93336.59,
          "Plan Rows": 4,
          "Plan Width": 8,
          "Actual Startup Time": 164.206,
          "Actual Total Time": 179.514,
          "Actual Rows": 5,
          "Actual Loops": 1,
          "Workers Planned": 4,
          "Workers Launched": 4,
          "Single Copy": false,
          "Plans": [
            {
              "Node Type": "Aggregate",
              "Strategy": "Plain",
              "Partial Mode": "Partial",
              "Parent Relationship": "Outer",
              "Parallel Aware": false,
              "Startup Cost": 92336.18,
              "Total Cost": 92336.19,
              "Plan Rows": 1,
              "Plan Width": 8,
              "Actual Startup Time": 154.409,
              "Actual Total Time": 154.412,
              "Actual Rows": 1,
              "Actual Loops": 5,
              "Plans": [
                {
                  "Node Type": "Hash Join",
                  "Parent Relationship": "Outer",
                  "Parallel Aware": true,
                  "Join Type": "Inner",
                  "Startup Cost": 43926.61,
                  "Total Cost": 92334.31,
                  "Plan Rows": 749,
                  "Plan Width": 0,
                  "Actual Startup Time": 83.958,
                  "Actual Total Time": 154.355,
                  "Actual Rows": 655,
                  "Actual Loops": 5,
                  "Inner Unique": true,
                  "Hash Cond": "(ci.movie_id = t.id)",
                  "Plans": [
                    {
                      "Node Type": "Index Scan",
                      "Parent Relationship": "Outer",
                      "Parallel Aware": true,
                      "Scan Direction": "Forward",
                      "Index Name": "role_id_cast_info",
                      "Relation Name": "cast_info",
                      "Alias": "ci",
                      "Startup Cost": 0.56,
                      "Total Cost": 47835.41,
                      "Plan Rows": 218234,
                      "Plan Width": 4,
                      "Actual Startup Time": 0.096,
                      "Actual Total Time": 56.41,
                      "Actual Rows": 159899,
                      "Actual Loops": 5,
                      "Index Cond": "(role_id = 8)",
                      "Rows Removed by Index Recheck": 0,
                      "Filter": "(person_id < 1837842)",
                      "Rows Removed by Filter": 180810
                    },
                    {
                      "Node Type": "Hash",
                      "Parent Relationship": "Inner",
                      "Parallel Aware": true,
                      "Startup Cost": 43898.92,
                      "Total Cost": 43898.92,
                      "Plan Rows": 2170,
                      "Plan Width": 4,
                      "Actual Startup Time": 82.105,
                      "Actual Total Time": 82.106,
                      "Actual Rows": 1726,
                      "Actual Loops": 5,
                      "Hash Buckets": 16384,
                      "Original Hash Buckets": 16384,
                      "Hash Batches": 1,
                      "Original Hash Batches": 1,
                      "Peak Memory Usage": 512,
                      "Plans": [
                        {
                          "Node Type": "Seq Scan",
                          "Parent Relationship": "Outer",
                          "Parallel Aware": true,
                          "Relation Name": "title",
                          "Alias": "t",
                          "Startup Cost": 0.0,
                          "Total Cost": 43898.92,
                          "Plan Rows": 2170,
                          "Plan Width": 4,
                          "Actual Startup Time": 0.127,
                          "Actual Total Time": 80.955,
                          "Actual Rows": 1726,
                          "Actual Loops": 5,
                          "Filter": "(production_year = 1956)",
                          "Rows Removed by Filter": 503937
                        }
                      ]
                    }
                  ]
                }
              ]
            }
          ]
        }
      ]
    },
    "Planning Time": 0.676,
    "Triggers": [],
    "Execution Time": 179.595
  }
]