[
  {
    "Plan": {
      "Node Type": "Aggregate",
      "Strategy": "Plain",
      "Partial Mode": "Simple",
      "Parallel Aware": false,
      "Startup Cost": 21299.64,
      "Total Cost": 21299.65,
      "Plan Rows": 1,
      "Plan Width": 8,
      "Actual Startup Time": 35.179,
      "Actual Total Time": 35.18,
      "Actual Rows": 1,
      "Actual Loops": 1,
      "Plans": [
        {
          "Node Type": "Bitmap Heap Scan",
          "Parent Relationship": "Outer",
          "Parallel Aware": false,
          "Relation Name": "movie_companies",
          "Alias": "mc",
          "Startup Cost": 1430.38,
          "Total Cost": 21215.43,
          "Plan Rows": 33681,
          "Plan Width": 0,
          "Actual Startup Time": 31.715,
          "Actual Total Time": 34.678,
          "Actual Rows": 8290,
          "Actual Loops": 1,
          "Recheck Cond": "(company_id < 11)",
          "Rows Removed by Index Recheck": 0,
          "Filter": "(company_type_id > 1)",
          "Rows Removed by Filter": 61638,
          "Exact Heap Blocks": 6512,
          "Lossy Heap Blocks": 0,
          "Plans": [
            {
              "Node Type": "Bitmap Index Scan",
              "Parent Relationship": "Outer",
              "Parallel Aware": false,
              "Index Name": "company_id_movie_companies",
              "Startup Cost": 0.0,
              "Total Cost": 1421.96,
              "Plan Rows": 66337,
              "Plan Width": 0,
              "Actual Startup Time": 9.119,
              "Actual Total Time": 9.119,
              "Actual Rows": 69928,
              "Actual Loops": 1,
              "Index Cond": "(company_id < 11)"
            }
          ]
        }
      ]
    },
    "Planning Time": 0.272,
    "Triggers": [],
    "Execution Time": 35.236
  }
]