[
  {
    "Plan": {
      "Node Type": "Aggregate",
      "Strategy": "Plain",
      "Partial Mode": "Finalize",
      "Parallel Aware": false,
      "Startup Cost": 559815.94,
      "Total Cost": 559815.95,
      "Plan Rows": 1,
      "Plan Width": 8,
      "Actual Startup Time": 2303.169,
      "Actual Total Time": 2360.287,
      "Actual Rows": 1,
      "Actual Loops": 1,
      "Plans": [
        {
          "Node Type": "Gather",
          "Parent Relationship": "Outer",
          "Parallel Aware": false,
          "Startup Cost": 559815.42,
          "Total Cost": 559815.93,
          "Plan Rows": 5,
          "Plan Width": 8,
          "Actual Startup Time": 2270.729,
          "Actual Total Time": 2360.273,
          "Actual Rows": 6,
          "Actual Loops": 1,
          "Workers Planned": 5,
          "Workers Launched": 5,
          "Single Copy": false,
          "Plans": [
            {
              "Node Type": "Aggregate",
              "Strategy": "Plain",
              "Partial Mode": "Partial",
              "Parent Relationship": "Outer",
              "Parallel Aware": false,
              "Startup Cost": 558815.42,
              "Total Cost": 558815.43,
              "Plan Rows": 1,
              "Plan Width": 8,
              "Actual Startup Time": 2257.955,
              "Actual Total Time": 2258.133,
              "Actual Rows": 1,
              "Actual Loops": 6,
              "Plans": [
                {
                  "Node Type": "Hash Join",
                  "Parent Relationship": "Outer",
                  "Parallel Aware": true,
                  "Join Type": "Inner",
                  "Startup Cost": 350117.33,
                  "Total Cost": 555288.42,
                  "Plan Rows": 1410800,
                  "Plan Width": 0,
                  "Actual Startup Time": 787.774,
                  "Actual Total Time": 2108.614,
                  "Actual Rows": 3047332,
                  "Actual Loops": 6,
                  "Inner Unique": false,
                  "Hash Cond": "(mi.movie_id = t.id)",
                  "Plans": [
                    {
                      "Node Type": "Seq Scan",
                      "Parent Relationship": "Outer",
                      "Parallel Aware": true,
                      "Relation Name": "movie_info",
                      "Alias": "mi",
                      "Startup Cost": 0.0,
                      "Total Cost": 191685.19,
                      "Plan Rows": 2969219,
                      "Plan Width": 4,
                      "Actual Startup Time": 0.035,
                      "Actual Total Time": 319.723,
                      "Actual Rows": 2472620,
                      "Actual Loops": 6
                    },
                    {
                      "Node Type": "Hash",
                      "Parent Relationship": "Inner",
                      "Parallel Aware": true,
                      "Startup Cost": 347614.5,
                      "Total Cost": 347614.5,
                      "Plan Rows": 200226,
                      "Plan Width": 8,
                      "Actual Startup Time": 782.726,
                      "Actual Total Time": 782.903,
                      "Actual Rows": 246775,
                      "Actual Loops": 6,
                      "Hash Buckets": 2097152,
                      "Original Hash Buckets": 2097152,
                      "Hash Batches": 1,
                      "Original Hash Batches": 1,
                      "Peak Memory Usage": 74400,
                      "Plans": [
                        {
                          "Node Type": "Hash Join",
                          "Parent Relationship": "Outer",
                          "Parallel Aware": true,
                          "Join Type": "Inner",
                          "Startup Cost": 89892.75,
                          "Total Cost": 347614.5,
                          "Plan Rows": 200226,
                          "Plan Width": 8,
                          "Actual Startup Time": 421.396,
                          "Actual Total Time": 650.939,
                          "Actual Rows": 246775,
                          "Actual Loops": 6,
                          "Inner Unique": true,
                          "Hash Cond": "(ci.movie_id = t.id)",
                          "Plans": [
                            {
                              "Node Type": "Bitmap Heap Scan",
                              "Parent Relationship": "Outer",
                              "Parallel Aware": true,
                              "Relation Name": "cast_info",
                              "Alias": "ci",
                              "Startup Cost": 39672.37,
                              "Total Cost": 296868.52,
                              "Plan Rows": 200226,
                              "Plan Width": 4,
                              "Actual Startup Time": 116.938,
                              "Actual Total Time": 195.708,
                              "Actual Rows": 246775,
                              "Actual Loops": 6,
                              "Recheck Cond": "(person_id < 183309)",
                              "Rows Removed by Index Recheck": 0,
                              "Filter": "(role_id < 4)",
                              "Rows Removed by Filter": 63458,
                              "Exact Heap Blocks": 4522,
                              "Lossy Heap Blocks": 0,
                              "Plans": [
                                {
                                  "Node Type": "Bitmap Index Scan",
                                  "Parent Relationship": "Outer",
                                  "Parallel Aware": false,
                                  "Index Name": "person_id_cast_info",
                                  "Startup Cost": 0.0,
                                  "Total Cost": 39372.03,
                                  "Plan Rows": 1803662,
                                  "Plan Width": 0,
                                  "Actual Startup Time": 111.914,
                                  "Actual Total Time": 111.914,
                                  "Actual Rows": 1861400,
                                  "Actual Loops": 1,
                                  "Index Cond": "(person_id < 183309)"
                                }
                              ]
                            },
                            {
                              "Node Type": "Hash",
                              "Parent Relationship": "Inner",
                              "Parallel Aware": true,
                              "Startup Cost": 42319.06,
                              "Total Cost": 42319.06,
                              "Plan Rows": 632106,
                              "Plan Width": 4,
                              "Actual Startup Time": 299.675,
                              "Actual Total Time": 299.676,
                              "Actual Rows": 421385,
                              "Actual Loops": 6,
                              "Hash Buckets": 4194304,
                              "Original Hash Buckets": 4194304,
                              "Hash Batches": 1,
                              "Original Hash Batches": 1,
                              "Peak Memory Usage": 131776,
                              "Plans": [
                                {
                                  "Node Type": "Seq Scan",
                                  "Parent Relationship": "Outer",
                                  "Parallel Aware": true,
                                  "Relation Name": "title",
                                  "Alias": "t",
                                  "Startup Cost": 0.0,
                                  "Total Cost": 42319.06,
                                  "Plan Rows": 632106,
                                  "Plan Width": 4,
                                  "Actual Startup Time": 0.057,
                                  "Actual Total Time": 85.161,
                                  "Actual Rows": 421385,
                                  "Actual Loops": 6
                                }
                              ]
                            }
                          ]
                        }
                      ]
                    }
                  ]
                }
              ]
            }
          ]
        }
      ]
    },
    "Planning Time": 1.155,
    "Triggers": [],
    "Execution Time": 2360.382
  }
]