[
  {
    "Plan": {
      "Node Type": "Aggregate",
      "Strategy": "Plain",
      "Partial Mode": "Finalize",
      "Parallel Aware": false,
      "Startup Cost": 560525.99,
      "Total Cost": 560526.0,
      "Plan Rows": 1,
      "Plan Width": 8,
      "Actual Startup Time": 2166.528,
      "Actual Total Time": 2216.734,
      "Actual Rows": 1,
      "Actual Loops": 1,
      "Plans": [
        {
          "Node Type": "Gather",
          "Parent Relationship": "Outer",
          "Parallel Aware": false,
          "Startup Cost": 560525.46,
          "Total Cost": 560525.97,
          "Plan Rows": 5,
          "Plan Width": 8,
          "Actual Startup Time": 2134.292,
          "Actual Total Time": 2216.723,
          "Actual Rows": 6,
          "Actual Loops": 1,
          "Workers Planned": 5,
          "Workers Launched": 5,
          "Single Copy": false,
          "Plans": [
            {
              "Node Type": "Aggregate",
              "Strategy": "Plain",
              "Partial Mode": "Partial",
              "Parent Relationship": "Outer",
              "Parallel Aware": false,
              "Startup Cost": 559525.46,
              "Total Cost": 559525.47,
              "Plan Rows": 1,
              "Plan Width": 8,
              "Actual Startup Time": 2120.396,
              "Actual Total Time": 2120.514,
              "Actual Rows": 1,
              "Actual Loops": 6,
              "Plans": [
                {
                  "Node Type": "Hash Join",
                  "Parent Relationship": "Outer",
                  "Parallel Aware": true,
                  "Join Type": "Inner",
                  "Startup Cost": 350975.04,
                  "Total Cost": 555984.06,
                  "Plan Rows": 1416560,
                  "Plan Width": 0,
                  "Actual Startup Time": 694.934,
                  "Actual Total Time": 1982.989,
                  "Actual Rows": 3047332,
                  "Actual Loops": 6,
                  "Inner Unique": false,
                  "Hash Cond": "(mi.movie_id = t.id)",
                  "Plans": [
                    {
                      "Node Type": "Seq Scan",
                      "Parent Relationship": "Outer",
                      "Parallel Aware": true,
                      "Relation Name": "movie_info",
                      "Alias": "mi",
                      "Startup Cost": 0.0,
                      "Total Cost": 191560.33,
                      "Plan Rows": 2956733,
                      "Plan Width": 4,
                      "Actual Startup Time": 0.03,
                      "Actual Total Time": 317.277,
                      "Actual Rows": 2472620,
                      "Actual Loops": 6
                    },
                    {
                      "Node Type": "Hash",
                      "Parent Relationship": "Inner",
                      "Parallel Aware": true,
                      "Startup Cost": 348451.51,
                      "Total Cost": 348451.51,
                      "Plan Rows": 201883,
                      "Plan Width": 8,
                      "Actual Startup Time": 689.718,
                      "Actual Total Time": 689.833,
                      "Actual Rows": 246775,
                      "Actual Loops": 6,
                      "Hash Buckets": 2097152,
                      "Original Hash Buckets": 2097152,
                      "Hash Batches": 1,
                      "Original Hash Batches": 1,
                      "Peak Memory Usage": 74368,
                      "Plans": [
                        {
                          "Node Type": "Hash Join",
                          "Parent Relationship": "Outer",
                          "Parallel Aware": true,
                          "Join Type": "Inner",
                          "Startup Cost": 90641.68,
                          "Total Cost": 348451.51,
                          "Plan Rows": 201883,
                          "Plan Width": 8,
                          "Actual Startup Time": 359.562,
                          "Actual Total Time": 573.009,
                          "Actual Rows": 246775,
                          "Actual Loops": 6,
                          "Inner Unique": true,
                          "Hash Cond": "(ci.movie_id = t.id)",
                          "Plans": [
                            {
                              "Node Type": "Bitmap Heap Scan",
                              "Parent Relationship": "Outer",
                              "Parallel Aware": true,
                              "Relation Name": "cast_info",
                              "Alias": "ci",
                              "Startup Cost": 40422.04,
                              "Total Cost": 297701.92,
                              "Plan Rows": 201883,
                              "Plan Width": 4,
                              "Actual Startup Time": 78.123,
                              "Actual Total Time": 149.062,
                              "Actual Rows": 246775,
                              "Actual Loops": 6,
                              "Recheck Cond": "(person_id < 183309)",
                              "Rows Removed by Index Recheck": 0,
                              "Filter": "(role_id < 4)",
                              "Rows Removed by Filter": 63458,
                              "Exact Heap Blocks": 4475,
                              "Lossy Heap Blocks": 0,
                              "Plans": [
                                {
                                  "Node Type": "Bitmap Index Scan",
                                  "Parent Relationship": "Outer",
                                  "Parallel Aware": false,
                                  "Index Name": "person_id_cast_info",
                                  "Startup Cost": 0.0,
                                  "Total Cost": 40119.21,
                                  "Plan Rows": 1837153,
                                  "Plan Width": 0,
                                  "Actual Startup Time": 74.933,
                                  "Actual Total Time": 74.933,
                                  "Actual Rows": 1861400,
                                  "Actual Loops": 1,
                                  "Index Cond": "(person_id < 183309)"
                                }
                              ]
                            },
                            {
                              "Node Type": "Hash",
                              "Parent Relationship": "Inner",
                              "Parallel Aware": true,
                              "Startup Cost": 42318.73,
                              "Total Cost": 42318.73,
                              "Plan Rows": 632073,
                              "Plan Width": 4,
                              "Actual Startup Time": 276.988,
                              "Actual Total Time": 276.989,
                              "Actual Rows": 421385,
                              "Actual Loops": 6,
                              "Hash Buckets": 4194304,
                              "Original Hash Buckets": 4194304,
                              "Hash Batches": 1,
                              "Original Hash Batches": 1,
                              "Peak Memory Usage": 131744,
                              "Plans": [
                                {
                                  "Node Type": "Seq Scan",
                                  "Parent Relationship": "Outer",
                                  "Parallel Aware": true,
                                  "Relation Name": "title",
                                  "Alias": "t",
                                  "Startup Cost": 0.0,
                                  "Total Cost": 42318.73,
                                  "Plan Rows": 632073,
                                  "Plan Width": 4,
                                  "Actual Startup Time": 0.044,
                                  "Actual Total Time": 81.559,
                                  "Actual Rows": 421385,
                                  "Actual Loops": 6
                                }
                              ]
                            }
                          ]
                        }
                      ]
                    }
                  ]
                }
              ]
            }
          ]
        }
      ]
    },
    "Planning Time": 1.285,
    "Triggers": [],
    "Execution Time": 2216.841
  }
]