[
    {
        "Bao": {
            "Bao prediction": "NaN",
            "Bao recommended hint": "(no hint)"
        }
    },
    {
        "Plan": {
            "Node Type": "Aggregate",
            "Strategy": "Plain",
            "Partial Mode": "Finalize",
            "Parallel Aware": false,
            "Startup Cost": 35237.62,
            "Total Cost": 35237.63,
            "Plan Rows": 1,
            "Plan Width": 8,
            "Actual Startup Time": 103.756,
            "Actual Total Time": 109.339,
            "Actual Rows": 1,
            "Actual Loops": 1,
            "Output": [
                "count(*)"
            ],
            "Plans": [
                {
                    "Node Type": "Gather",
                    "Parent Relationship": "Outer",
                    "Parallel Aware": false,
                    "Startup Cost": 35237.3,
                    "Total Cost": 35237.61,
                    "Plan Rows": 3,
                    "Plan Width": 8,
                    "Actual Startup Time": 103.492,
                    "Actual Total Time": 109.331,
                    "Actual Rows": 4,
                    "Actual Loops": 1,
                    "Output": [
                        "(PARTIAL count(*))"
                    ],
                    "Workers Planned": 3,
                    "Workers Launched": 3,
                    "Single Copy": false,
                    "Plans": [
                        {
                            "Node Type": "Aggregate",
                            "Strategy": "Plain",
                            "Partial Mode": "Partial",
                            "Parent Relationship": "Outer",
                            "Parallel Aware": false,
                            "Startup Cost": 34237.3,
                            "Total Cost": 34237.31,
                            "Plan Rows": 1,
                            "Plan Width": 8,
                            "Actual Startup Time": 94.547,
                            "Actual Total Time": 94.548,
                            "Actual Rows": 1,
                            "Actual Loops": 4,
                            "Output": [
                                "PARTIAL count(*)"
                            ],
                            "Workers": [
                                {
                                    "Worker Number": 0,
                                    "Actual Startup Time": 91.544,
                                    "Actual Total Time": 91.545,
                                    "Actual Rows": 1,
                                    "Actual Loops": 1
                                },
                                {
                                    "Worker Number": 1,
                                    "Actual Startup Time": 91.744,
                                    "Actual Total Time": 91.745,
                                    "Actual Rows": 1,
                                    "Actual Loops": 1
                                },
                                {
                                    "Worker Number": 2,
                                    "Actual Startup Time": 92.0,
                                    "Actual Total Time": 92.001,
                                    "Actual Rows": 1,
                                    "Actual Loops": 1
                                }
                            ],
                            "Plans": [
                                {
                                    "Node Type": "Bitmap Heap Scan",
                                    "Parent Relationship": "Outer",
                                    "Parallel Aware": true,
                                    "Relation Name": "movie_keyword",
                                    "Schema": "public",
                                    "Alias": "mk",
                                    "Startup Cost": 7966.44,
                                    "Total Cost": 33934.49,
                                    "Plan Rows": 121124,
                                    "Plan Width": 0,
                                    "Actual Startup Time": 25.268,
                                    "Actual Total Time": 89.193,
                                    "Actual Rows": 93089,
                                    "Actual Loops": 4,
                                    "Recheck Cond": "(mk.keyword_id > 45469)",
                                    "Rows Removed by Index Recheck": 0,
                                    "Exact Heap Blocks": 10850,
                                    "Lossy Heap Blocks": 0,
                                    "Workers": [
                                        {
                                            "Worker Number": 0,
                                            "Actual Startup Time": 22.381,
                                            "Actual Total Time": 86.882,
                                            "Actual Rows": 63133,
                                            "Actual Loops": 1
                                        },
                                        {
                                            "Worker Number": 1,
                                            "Actual Startup Time": 22.474,
                                            "Actual Total Time": 87.018,
                                            "Actual Rows": 65856,
                                            "Actual Loops": 1
                                        },
                                        {
                                            "Worker Number": 2,
                                            "Actual Startup Time": 22.867,
                                            "Actual Total Time": 87.339,
                                            "Actual Rows": 63493,
                                            "Actual Loops": 1
                                        }
                                    ],
                                    "Plans": [
                                        {
                                            "Node Type": "Bitmap Index Scan",
                                            "Parent Relationship": "Outer",
                                            "Parallel Aware": false,
                                            "Index Name": "keyword_id_movie_keyword",
                                            "Startup Cost": 0.0,
                                            "Total Cost": 7872.57,
                                            "Plan Rows": 375485,
                                            "Plan Width": 0,
                                            "Actual Startup Time": 30.072,
                                            "Actual Total Time": 30.073,
                                            "Actual Rows": 372355,
                                            "Actual Loops": 1,
                                            "Index Cond": "(mk.keyword_id > 45469)"
                                        }
                                    ]
                                }
                            ]
                        }
                    ]
                }
            ]
        },
        "Planning Time": 189.11,
        "Triggers": [],
        "Execution Time": 109.442
    }
]