{
  "Plan": {
    "Node Type": "Aggregate",
    "Strategy": "Plain",
    "Partial Mode": "Finalize",
    "Parallel Aware": false,
    "Startup Cost": 111634.44,
    "Total Cost": 111634.45,
    "Plan Rows": 1,
    "Plan Width": 8,
    "Actual Startup Time": 554.77,
    "Actual Total Time": 566.897,
    "Actual Rows": 1,
    "Actual Loops": 1,
    "Plans": [
      {
        "Node Type": "Gather",
        "Parent Relationship": "Outer",
        "Parallel Aware": false,
        "Startup Cost": 111634.33,
        "Total Cost": 111634.44,
        "Plan Rows": 1,
        "Plan Width": 8,
        "Actual Startup Time": 553.834,
        "Actual Total Time": 566.89,
        "Actual Rows": 2,
        "Actual Loops": 1,
        "Workers Planned": 1,
        "Workers Launched": 1,
        "Single Copy": false,
        "Plans": [
          {
            "Node Type": "Aggregate",
            "Strategy": "Plain",
            "Partial Mode": "Partial",
            "Parent Relationship": "Outer",
            "Parallel Aware": false,
            "Startup Cost": 110634.33,
            "Total Cost": 110634.34,
            "Plan Rows": 1,
            "Plan Width": 8,
            "Actual Startup Time": 548.072,
            "Actual Total Time": 548.076,
            "Actual Rows": 1,
            "Actual Loops": 2,
            "Plans": [
              {
                "Node Type": "Hash Join",
                "Parent Relationship": "Outer",
                "Parallel Aware": true,
                "Join Type": "Inner",
                "Startup Cost": 46993.79,
                "Total Cost": 109597.91,
                "Plan Rows": 414565,
                "Plan Width": 0,
                "Actual Startup Time": 184.508,
                "Actual Total Time": 538.796,
                "Actual Rows": 223952,
                "Actual Loops": 2,
                "Inner Unique": false,
                "Hash Cond": "(t.id = mc.movie_id)",
                "Plans": [
                  {
                    "Node Type": "Seq Scan",
                    "Parent Relationship": "Outer",
                    "Parallel Aware": true,
                    "Relation Name": "title",
                    "Alias": "t",
                    "Startup Cost": 0.0,
                    "Total Cost": 50870.31,
                    "Plan Rows": 1487231,
                    "Plan Width": 4,
                    "Actual Startup Time": 0.01,
                    "Actual Total Time": 111.873,
                    "Actual Rows": 1264156,
                    "Actual Loops": 2
                  },
                  {
                    "Node Type": "Hash",
                    "Parent Relationship": "Inner",
                    "Parallel Aware": true,
                    "Startup Cost": 41811.73,
                    "Total Cost": 41811.73,
                    "Plan Rows": 414565,
                    "Plan Width": 4,
                    "Actual Startup Time": 175.647,
                    "Actual Total Time": 175.647,
                    "Actual Rows": 223952,
                    "Actual Loops": 2,
                    "Hash Buckets": 1048576,
                    "Original Hash Buckets": 1048576,
                    "Hash Batches": 1,
                    "Original Hash Batches": 1,
                    "Peak Memory Usage": 25760,
                    "Plans": [
                      {
                        "Node Type": "Seq Scan",
                        "Parent Relationship": "Outer",
                        "Parallel Aware": true,
                        "Relation Name": "movie_companies",
                        "Alias": "mc",
                        "Startup Cost": 0.0,
                        "Total Cost": 41811.73,
                        "Plan Rows": 414565,
                        "Plan Width": 4,
                        "Actual Startup Time": 66.405,
                        "Actual Total Time": 124.151,
                        "Actual Rows": 223952,
                        "Actual Loops": 2,
                        "Filter": "((company_id < 11972) AND (company_type_id > 1))",
                        "Rows Removed by Filter": 1080613
                      }
                    ]
                  }
                ]
              }
            ]
          }
        ]
      }
    ]
  },
  "Planning Time": 0.743,
  "Triggers": [],
  "Execution Time": 566.966
}