[
  {
    "Plan": {
      "Node Type": "Aggregate",
      "Strategy": "Plain",
      "Partial Mode": "Finalize",
      "Parallel Aware": false,
      "Startup Cost": 335227.8,
      "Total Cost": 335227.81,
      "Plan Rows": 1,
      "Plan Width": 8,
      "Actual Startup Time": 669.025,
      "Actual Total Time": 723.004,
      "Actual Rows": 1,
      "Actual Loops": 1,
      "Plans": [
        {
          "Node Type": "Gather",
          "Parent Relationship": "Outer",
          "Parallel Aware": false,
          "Startup Cost": 335227.17,
          "Total Cost": 335227.78,
          "Plan Rows": 6,
          "Plan Width": 8,
          "Actual Startup Time": 668.89,
          "Actual Total Time": 722.993,
          "Actual Rows": 7,
          "Actual Loops": 1,
          "Workers Planned": 6,
          "Workers Launched": 6,
          "Single Copy": false,
          "Plans": [
            {
              "Node Type": "Aggregate",
              "Strategy": "Plain",
              "Partial Mode": "Partial",
              "Parent Relationship": "Outer",
              "Parallel Aware": false,
              "Startup Cost": 334227.17,
              "Total Cost": 334227.18,
              "Plan Rows": 1,
              "Plan Width": 8,
              "Actual Startup Time": 658.628,
              "Actual Total Time": 658.629,
              "Actual Rows": 1,
              "Actual Loops": 7,
              "Plans": [
                {
                  "Node Type": "Seq Scan",
                  "Parent Relationship": "Outer",
                  "Parallel Aware": true,
                  "Relation Name": "cast_info",
                  "Alias": "ci",
                  "Startup Cost": 0.0,
                  "Total Cost": 328162.03,
                  "Plan Rows": 2426058,
                  "Plan Width": 0,
                  "Actual Startup Time": 241.715,
                  "Actual Total Time": 573.772,
                  "Actual Rows": 2073798,
                  "Actual Loops": 7,
                  "Filter": "(person_id > 2208020)",
                  "Rows Removed by Filter": 3103966
                }
              ]
            }
          ]
        }
      ]
    },
    "Planning Time": 0.191,
    "Triggers": [],
    "Execution Time": 723.076
  }
]