[
    {
        "Bao": {
            "Bao prediction": 439.836,
            "Bao recommended hint": "(no hint)"
        }
    },
    {
        "Plan": {
            "Node Type": "Aggregate",
            "Strategy": "Plain",
            "Partial Mode": "Finalize",
            "Parallel Aware": false,
            "Startup Cost": 32716.33,
            "Total Cost": 32716.34,
            "Plan Rows": 1,
            "Plan Width": 8,
            "Actual Startup Time": 114.067,
            "Actual Total Time": 120.65,
            "Actual Rows": 1,
            "Actual Loops": 1,
            "Output": [
                "count(*)"
            ],
            "Plans": [
                {
                    "Node Type": "Gather",
                    "Parent Relationship": "Outer",
                    "Parallel Aware": false,
                    "Startup Cost": 32716.02,
                    "Total Cost": 32716.33,
                    "Plan Rows": 3,
                    "Plan Width": 8,
                    "Actual Startup Time": 113.956,
                    "Actual Total Time": 120.641,
                    "Actual Rows": 4,
                    "Actual Loops": 1,
                    "Output": [
                        "(PARTIAL count(*))"
                    ],
                    "Workers Planned": 3,
                    "Workers Launched": 3,
                    "Single Copy": false,
                    "Plans": [
                        {
                            "Node Type": "Aggregate",
                            "Strategy": "Plain",
                            "Partial Mode": "Partial",
                            "Parent Relationship": "Outer",
                            "Parallel Aware": false,
                            "Startup Cost": 31716.02,
                            "Total Cost": 31716.03,
                            "Plan Rows": 1,
                            "Plan Width": 8,
                            "Actual Startup Time": 105.908,
                            "Actual Total Time": 105.909,
                            "Actual Rows": 1,
                            "Actual Loops": 4,
                            "Output": [
                                "PARTIAL count(*)"
                            ],
                            "Workers": [
                                {
                                    "Worker Number": 0,
                                    "Actual Startup Time": 103.342,
                                    "Actual Total Time": 103.344,
                                    "Actual Rows": 1,
                                    "Actual Loops": 1
                                },
                                {
                                    "Worker Number": 1,
                                    "Actual Startup Time": 103.347,
                                    "Actual Total Time": 103.348,
                                    "Actual Rows": 1,
                                    "Actual Loops": 1
                                },
                                {
                                    "Worker Number": 2,
                                    "Actual Startup Time": 103.6,
                                    "Actual Total Time": 103.601,
                                    "Actual Rows": 1,
                                    "Actual Loops": 1
                                }
                            ],
                            "Plans": [
                                {
                                    "Node Type": "Seq Scan",
                                    "Parent Relationship": "Outer",
                                    "Parallel Aware": true,
                                    "Relation Name": "movie_companies",
                                    "Schema": "public",
                                    "Alias": "mc",
                                    "Startup Cost": 0.0,
                                    "Total Cost": 31414.82,
                                    "Plan Rows": 120479,
                                    "Plan Width": 0,
                                    "Actual Startup Time": 0.063,
                                    "Actual Total Time": 93.682,
                                    "Actual Rows": 133679,
                                    "Actual Loops": 4,
                                    "Output": [
                                        "id",
                                        "movie_id",
                                        "company_id",
                                        "company_type_id",
                                        "note"
                                    ],
                                    "Filter": "((mc.company_id < 1544) AND (mc.company_type_id < 2))",
                                    "Rows Removed by Filter": 518603,
                                    "Workers": [
                                        {
                                            "Worker Number": 0,
                                            "Actual Startup Time": 0.087,
                                            "Actual Total Time": 92.543,
                                            "Actual Rows": 118549,
                                            "Actual Loops": 1
                                        },
                                        {
                                            "Worker Number": 1,
                                            "Actual Startup Time": 0.079,
                                            "Actual Total Time": 92.579,
                                            "Actual Rows": 119674,
                                            "Actual Loops": 1
                                        },
                                        {
                                            "Worker Number": 2,
                                            "Actual Startup Time": 0.062,
                                            "Actual Total Time": 92.921,
                                            "Actual Rows": 122482,
                                            "Actual Loops": 1
                                        }
                                    ]
                                }
                            ]
                        }
                    ]
                }
            ]
        },
        "Planning Time": 1328.024,
        "Triggers": [],
        "Execution Time": 120.833
    }
]