[
  {
    "Plan": {
      "Node Type": "Aggregate",
      "Strategy": "Plain",
      "Partial Mode": "Finalize",
      "Parallel Aware": false,
      "Startup Cost": 392249.19,
      "Total Cost": 392249.2,
      "Plan Rows": 1,
      "Plan Width": 8,
      "Actual Startup Time": 845.652,
      "Actual Total Time": 885.095,
      "Actual Rows": 1,
      "Actual Loops": 1,
      "Plans": [
        {
          "Node Type": "Gather",
          "Parent Relationship": "Outer",
          "Parallel Aware": false,
          "Startup Cost": 392248.56,
          "Total Cost": 392249.17,
          "Plan Rows": 6,
          "Plan Width": 8,
          "Actual Startup Time": 844.463,
          "Actual Total Time": 885.08,
          "Actual Rows": 7,
          "Actual Loops": 1,
          "Workers Planned": 6,
          "Workers Launched": 6,
          "Single Copy": false,
          "Plans": [
            {
              "Node Type": "Aggregate",
              "Strategy": "Plain",
              "Partial Mode": "Partial",
              "Parent Relationship": "Outer",
              "Parallel Aware": false,
              "Startup Cost": 391248.56,
              "Total Cost": 391248.57,
              "Plan Rows": 1,
              "Plan Width": 8,
              "Actual Startup Time": 835.333,
              "Actual Total Time": 835.336,
              "Actual Rows": 1,
              "Actual Loops": 7,
              "Plans": [
                {
                  "Node Type": "Hash Join",
                  "Parent Relationship": "Outer",
                  "Parallel Aware": true,
                  "Join Type": "Inner",
                  "Startup Cost": 44400.04,
                  "Total Cost": 390924.82,
                  "Plan Rows": 129496,
                  "Plan Width": 0,
                  "Actual Startup Time": 121.964,
                  "Actual Total Time": 829.212,
                  "Actual Rows": 95920,
                  "Actual Loops": 7,
                  "Inner Unique": true,
                  "Hash Cond": "(ci.movie_id = t.id)",
                  "Plans": [
                    {
                      "Node Type": "Index Scan",
                      "Parent Relationship": "Outer",
                      "Parallel Aware": true,
                      "Scan Direction": "Forward",
                      "Index Name": "role_id_cast_info",
                      "Relation Name": "cast_info",
                      "Alias": "ci",
                      "Startup Cost": 0.56,
                      "Total Cost": 341155.22,
                      "Plan Rows": 2045760,
                      "Plan Width": 4,
                      "Actual Startup Time": 32.674,
                      "Actual Total Time": 452.328,
                      "Actual Rows": 1680106,
                      "Actual Loops": 7,
                      "Index Cond": "(role_id < 2)",
                      "Rows Removed by Index Recheck": 0,
                      "Filter": "(person_id > 126810)",
                      "Rows Removed by Filter": 129992
                    },
                    {
                      "Node Type": "Hash",
                      "Parent Relationship": "Inner",
                      "Parallel Aware": true,
                      "Startup Cost": 43899.32,
                      "Total Cost": 43899.32,
                      "Plan Rows": 40012,
                      "Plan Width": 4,
                      "Actual Startup Time": 87.93,
                      "Actual Total Time": 87.931,
                      "Actual Rows": 23472,
                      "Actual Loops": 7,
                      "Hash Buckets": 262144,
                      "Original Hash Buckets": 262144,
                      "Hash Batches": 1,
                      "Original Hash Batches": 1,
                      "Peak Memory Usage": 8576,
                      "Plans": [
                        {
                          "Node Type": "Seq Scan",
                          "Parent Relationship": "Outer",
                          "Parallel Aware": true,
                          "Relation Name": "title",
                          "Alias": "t",
                          "Startup Cost": 0.0,
                          "Total Cost": 43899.32,
                          "Plan Rows": 40012,
                          "Plan Width": 4,
                          "Actual Startup Time": 0.049,
                          "Actual Total Time": 75.799,
                          "Actual Rows": 23472,
                          "Actual Loops": 7,
                          "Filter": "(production_year = 2012)",
                          "Rows Removed by Filter": 337715
                        }
                      ]
                    }
                  ]
                }
              ]
            }
          ]
        }
      ]
    },
    "Planning Time": 0.323,
    "Triggers": [],
    "Execution Time": 885.157
  }
]