[
    {
        "Bao": {
            "Bao prediction": 1343.879,
            "Bao recommended hint": "(no hint)"
        }
    },
    {
        "Plan": {
            "Node Type": "Aggregate",
            "Strategy": "Plain",
            "Partial Mode": "Finalize",
            "Parallel Aware": false,
            "Startup Cost": 411231.13,
            "Total Cost": 411231.14,
            "Plan Rows": 1,
            "Plan Width": 68,
            "Actual Startup Time": 1367.551,
            "Actual Total Time": 1463.66,
            "Actual Rows": 1,
            "Actual Loops": 1,
            "Output": [
                "min(t.title)",
                "max(t.production_year)",
                "min(cn.name)"
            ],
            "Plans": [
                {
                    "Node Type": "Gather",
                    "Parent Relationship": "Outer",
                    "Parallel Aware": false,
                    "Startup Cost": 411230.47,
                    "Total Cost": 411231.08,
                    "Plan Rows": 6,
                    "Plan Width": 68,
                    "Actual Startup Time": 1365.702,
                    "Actual Total Time": 1463.638,
                    "Actual Rows": 7,
                    "Actual Loops": 1,
                    "Output": [
                        "(PARTIAL min(t.title))",
                        "(PARTIAL max(t.production_year))",
                        "(PARTIAL min(cn.name))"
                    ],
                    "Workers Planned": 6,
                    "Workers Launched": 6,
                    "Single Copy": false,
                    "Plans": [
                        {
                            "Node Type": "Aggregate",
                            "Strategy": "Plain",
                            "Partial Mode": "Partial",
                            "Parent Relationship": "Outer",
                            "Parallel Aware": false,
                            "Startup Cost": 410230.47,
                            "Total Cost": 410230.48,
                            "Plan Rows": 1,
                            "Plan Width": 68,
                            "Actual Startup Time": 1353.64,
                            "Actual Total Time": 1353.646,
                            "Actual Rows": 1,
                            "Actual Loops": 7,
                            "Output": [
                                "PARTIAL min(t.title)",
                                "PARTIAL max(t.production_year)",
                                "PARTIAL min(cn.name)"
                            ],
                            "Workers": [
                                {
                                    "Worker Number": 0,
                                    "Actual Startup Time": 1351.096,
                                    "Actual Total Time": 1351.104,
                                    "Actual Rows": 1,
                                    "Actual Loops": 1
                                },
                                {
                                    "Worker Number": 1,
                                    "Actual Startup Time": 1351.105,
                                    "Actual Total Time": 1351.113,
                                    "Actual Rows": 1,
                                    "Actual Loops": 1
                                },
                                {
                                    "Worker Number": 2,
                                    "Actual Startup Time": 1351.392,
                                    "Actual Total Time": 1351.403,
                                    "Actual Rows": 1,
                                    "Actual Loops": 1
                                },
                                {
                                    "Worker Number": 3,
                                    "Actual Startup Time": 1352.169,
                                    "Actual Total Time": 1352.175,
                                    "Actual Rows": 1,
                                    "Actual Loops": 1
                                },
                                {
                                    "Worker Number": 4,
                                    "Actual Startup Time": 1352.143,
                                    "Actual Total Time": 1352.148,
                                    "Actual Rows": 1,
                                    "Actual Loops": 1
                                },
                                {
                                    "Worker Number": 5,
                                    "Actual Startup Time": 1352.659,
                                    "Actual Total Time": 1352.664,
                                    "Actual Rows": 1,
                                    "Actual Loops": 1
                                }
                            ],
                            "Plans": [
                                {
                                    "Node Type": "Nested Loop",
                                    "Parent Relationship": "Outer",
                                    "Parallel Aware": false,
                                    "Join Type": "Inner",
                                    "Startup Cost": 38354.61,
                                    "Total Cost": 409622.39,
                                    "Plan Rows": 81078,
                                    "Plan Width": 37,
                                    "Actual Startup Time": 43.395,
                                    "Actual Total Time": 1339.086,
                                    "Actual Rows": 98014,
                                    "Actual Loops": 7,
                                    "Output": [
                                        "t.title",
                                        "t.production_year",
                                        "cn.name"
                                    ],
                                    "Inner Unique": true,
                                    "Workers": [
                                        {
                                            "Worker Number": 0,
                                            "Actual Startup Time": 41.026,
                                            "Actual Total Time": 1335.201,
                                            "Actual Rows": 72549,
                                            "Actual Loops": 1
                                        },
                                        {
                                            "Worker Number": 1,
                                            "Actual Startup Time": 40.823,
                                            "Actual Total Time": 1336.672,
                                            "Actual Rows": 101190,
                                            "Actual Loops": 1
                                        },
                                        {
                                            "Worker Number": 2,
                                            "Actual Startup Time": 41.215,
                                            "Actual Total Time": 1337.674,
                                            "Actual Rows": 104996,
                                            "Actual Loops": 1
                                        },
                                        {
                                            "Worker Number": 3,
                                            "Actual Startup Time": 41.95,
                                            "Actual Total Time": 1337.475,
                                            "Actual Rows": 102970,
                                            "Actual Loops": 1
                                        },
                                        {
                                            "Worker Number": 4,
                                            "Actual Startup Time": 41.884,
                                            "Actual Total Time": 1337.683,
                                            "Actual Rows": 99159,
                                            "Actual Loops": 1
                                        },
                                        {
                                            "Worker Number": 5,
                                            "Actual Startup Time": 42.252,
                                            "Actual Total Time": 1338.482,
                                            "Actual Rows": 97484,
                                            "Actual Loops": 1
                                        }
                                    ],
                                    "Plans": [
                                        {
                                            "Node Type": "Hash Join",
                                            "Parent Relationship": "Outer",
                                            "Parallel Aware": true,
                                            "Join Type": "Inner",
                                            "Startup Cost": 38354.18,
                                            "Total Cost": 372122.44,
                                            "Plan Rows": 81078,
                                            "Plan Width": 25,
                                            "Actual Startup Time": 43.327,
                                            "Actual Total Time": 1022.902,
                                            "Actual Rows": 111823,
                                            "Actual Loops": 7,
                                            "Output": [
                                                "ci.person_role_id",
                                                "t.title",
                                                "t.production_year"
                                            ],
                                            "Inner Unique": true,
                                            "Hash Cond": "(ci.movie_id = t.id)",
                                            "Workers": [
                                                {
                                                    "Worker Number": 0,
                                                    "Actual Startup Time": 40.95,
                                                    "Actual Total Time": 1027.613,
                                                    "Actual Rows": 82816,
                                                    "Actual Loops": 1
                                                },
                                                {
                                                    "Worker Number": 1,
                                                    "Actual Startup Time": 40.755,
                                                    "Actual Total Time": 1022.326,
                                                    "Actual Rows": 115602,
                                                    "Actual Loops": 1
                                                },
                                                {
                                                    "Worker Number": 2,
                                                    "Actual Startup Time": 41.161,
                                                    "Actual Total Time": 1007.028,
                                                    "Actual Rows": 119829,
                                                    "Actual Loops": 1
                                                },
                                                {
                                                    "Worker Number": 3,
                                                    "Actual Startup Time": 41.818,
                                                    "Actual Total Time": 1023.187,
                                                    "Actual Rows": 117336,
                                                    "Actual Loops": 1
                                                },
                                                {
                                                    "Worker Number": 4,
                                                    "Actual Startup Time": 41.826,
                                                    "Actual Total Time": 1031.507,
                                                    "Actual Rows": 112949,
                                                    "Actual Loops": 1
                                                },
                                                {
                                                    "Worker Number": 5,
                                                    "Actual Startup Time": 42.193,
                                                    "Actual Total Time": 1032.091,
                                                    "Actual Rows": 111262,
                                                    "Actual Loops": 1
                                                }
                                            ],
                                            "Plans": [
                                                {
                                                    "Node Type": "Seq Scan",
                                                    "Parent Relationship": "Outer",
                                                    "Parallel Aware": true,
                                                    "Relation Name": "cast_info",
                                                    "Schema": "public",
                                                    "Alias": "ci",
                                                    "Startup Cost": 0.0,
                                                    "Total Cost": 328211.39,
                                                    "Plan Rows": 2116898,
                                                    "Plan Width": 8,
                                                    "Actual Startup Time": 0.017,
                                                    "Actual Total Time": 693.747,
                                                    "Actual Rows": 1810098,
                                                    "Actual Loops": 7,
                                                    "Output": [
                                                        "ci.id",
                                                        "ci.person_id",
                                                        "ci.movie_id",
                                                        "ci.person_role_id",
                                                        "ci.note",
                                                        "ci.nr_order",
                                                        "ci.role_id"
                                                    ],
                                                    "Filter": "(ci.role_id = 1)",
                                                    "Rows Removed by Filter": 3367665,
                                                    "Workers": [
                                                        {
                                                            "Worker Number": 0,
                                                            "Actual Startup Time": 0.028,
                                                            "Actual Total Time": 697.793,
                                                            "Actual Rows": 1334121,
                                                            "Actual Loops": 1
                                                        },
                                                        {
                                                            "Worker Number": 1,
                                                            "Actual Startup Time": 0.01,
                                                            "Actual Total Time": 689.898,
                                                            "Actual Rows": 1865725,
                                                            "Actual Loops": 1
                                                        },
                                                        {
                                                            "Worker Number": 2,
                                                            "Actual Startup Time": 0.008,
                                                            "Actual Total Time": 681.949,
                                                            "Actual Rows": 1942300,
                                                            "Actual Loops": 1
                                                        },
                                                        {
                                                            "Worker Number": 3,
                                                            "Actual Startup Time": 0.016,
                                                            "Actual Total Time": 692.685,
                                                            "Actual Rows": 1892008,
                                                            "Actual Loops": 1
                                                        },
                                                        {
                                                            "Worker Number": 4,
                                                            "Actual Startup Time": 0.013,
                                                            "Actual Total Time": 704.259,
                                                            "Actual Rows": 1844330,
                                                            "Actual Loops": 1
                                                        },
                                                        {
                                                            "Worker Number": 5,
                                                            "Actual Startup Time": 0.011,
                                                            "Actual Total Time": 700.56,
                                                            "Actual Rows": 1803563,
                                                            "Actual Loops": 1
                                                        }
                                                    ]
                                                },
                                                {
                                                    "Node Type": "Hash",
                                                    "Parent Relationship": "Inner",
                                                    "Parallel Aware": true,
                                                    "Startup Cost": 38051.55,
                                                    "Total Cost": 38051.55,
                                                    "Plan Rows": 24210,
                                                    "Plan Width": 25,
                                                    "Actual Startup Time": 42.621,
                                                    "Actual Total Time": 42.623,
                                                    "Actual Rows": 14362,
                                                    "Actual Loops": 7,
                                                    "Output": [
                                                        "t.title",
                                                        "t.production_year",
                                                        "t.id"
                                                    ],
                                                    "Hash Buckets": 131072,
                                                    "Original Hash Buckets": 131072,
                                                    "Hash Batches": 1,
                                                    "Original Hash Batches": 1,
                                                    "Peak Memory Usage": 7840,
                                                    "Workers": [
                                                        {
                                                            "Worker Number": 0,
                                                            "Actual Startup Time": 40.349,
                                                            "Actual Total Time": 40.352,
                                                            "Actual Rows": 12433,
                                                            "Actual Loops": 1
                                                        },
                                                        {
                                                            "Worker Number": 1,
                                                            "Actual Startup Time": 40.352,
                                                            "Actual Total Time": 40.356,
                                                            "Actual Rows": 12172,
                                                            "Actual Loops": 1
                                                        },
                                                        {
                                                            "Worker Number": 2,
                                                            "Actual Startup Time": 40.632,
                                                            "Actual Total Time": 40.633,
                                                            "Actual Rows": 11197,
                                                            "Actual Loops": 1
                                                        },
                                                        {
                                                            "Worker Number": 3,
                                                            "Actual Startup Time": 41.45,
                                                            "Actual Total Time": 41.452,
                                                            "Actual Rows": 14219,
                                                            "Actual Loops": 1
                                                        },
                                                        {
                                                            "Worker Number": 4,
                                                            "Actual Startup Time": 41.417,
                                                            "Actual Total Time": 41.419,
                                                            "Actual Rows": 13728,
                                                            "Actual Loops": 1
                                                        },
                                                        {
                                                            "Worker Number": 5,
                                                            "Actual Startup Time": 41.663,
                                                            "Actual Total Time": 41.665,
                                                            "Actual Rows": 13553,
                                                            "Actual Loops": 1
                                                        }
                                                    ],
                                                    "Plans": [
                                                        {
                                                            "Node Type": "Bitmap Heap Scan",
                                                            "Parent Relationship": "Outer",
                                                            "Parallel Aware": true,
                                                            "Relation Name": "title",
                                                            "Schema": "public",
                                                            "Alias": "t",
                                                            "Startup Cost": 1750.93,
                                                            "Total Cost": 38051.55,
                                                            "Plan Rows": 24210,
                                                            "Plan Width": 25,
                                                            "Actual Startup Time": 2.087,
                                                            "Actual Total Time": 32.579,
                                                            "Actual Rows": 14362,
                                                            "Actual Loops": 7,
                                                            "Output": [
                                                                "t.title",
                                                                "t.production_year",
                                                                "t.id"
                                                            ],
                                                            "Recheck Cond": "(t.kind_id = 3)",
                                                            "Rows Removed by Index Recheck": 0,
                                                            "Exact Heap Blocks": 2978,
                                                            "Lossy Heap Blocks": 0,
                                                            "Workers": [
                                                                {
                                                                    "Worker Number": 0,
                                                                    "Actual Startup Time": 0.191,
                                                                    "Actual Total Time": 30.479,
                                                                    "Actual Rows": 12433,
                                                                    "Actual Loops": 1
                                                                },
                                                                {
                                                                    "Worker Number": 1,
                                                                    "Actual Startup Time": 0.186,
                                                                    "Actual Total Time": 30.192,
                                                                    "Actual Rows": 12172,
                                                                    "Actual Loops": 1
                                                                },
                                                                {
                                                                    "Worker Number": 2,
                                                                    "Actual Startup Time": 0.235,
                                                                    "Actual Total Time": 30.662,
                                                                    "Actual Rows": 11197,
                                                                    "Actual Loops": 1
                                                                },
                                                                {
                                                                    "Worker Number": 3,
                                                                    "Actual Startup Time": 0.806,
                                                                    "Actual Total Time": 31.876,
                                                                    "Actual Rows": 14219,
                                                                    "Actual Loops": 1
                                                                },
                                                                {
                                                                    "Worker Number": 4,
                                                                    "Actual Startup Time": 0.789,
                                                                    "Actual Total Time": 31.448,
                                                                    "Actual Rows": 13728,
                                                                    "Actual Loops": 1
                                                                },
                                                                {
                                                                    "Worker Number": 5,
                                                                    "Actual Startup Time": 0.895,
                                                                    "Actual Total Time": 31.518,
                                                                    "Actual Rows": 13553,
                                                                    "Actual Loops": 1
                                                                }
                                                            ],
                                                            "Plans": [
                                                                {
                                                                    "Node Type": "Bitmap Index Scan",
                                                                    "Parent Relationship": "Outer",
                                                                    "Parallel Aware": false,
                                                                    "Index Name": "kind_id_title",
                                                                    "Startup Cost": 0.0,
                                                                    "Total Cost": 1726.72,
                                                                    "Plan Rows": 96839,
                                                                    "Plan Width": 0,
                                                                    "Actual Startup Time": 9.372,
                                                                    "Actual Total Time": 9.372,
                                                                    "Actual Rows": 100537,
                                                                    "Actual Loops": 1,
                                                                    "Index Cond": "(t.kind_id = 3)"
                                                                }
                                                            ]
                                                        }
                                                    ]
                                                }
                                            ]
                                        },
                                        {
                                            "Node Type": "Index Scan",
                                            "Parent Relationship": "Inner",
                                            "Parallel Aware": false,
                                            "Scan Direction": "Forward",
                                            "Index Name": "char_name_pkey",
                                            "Relation Name": "char_name",
                                            "Schema": "public",
                                            "Alias": "cn",
                                            "Startup Cost": 0.43,
                                            "Total Cost": 0.46,
                                            "Plan Rows": 1,
                                            "Plan Width": 20,
                                            "Actual Startup Time": 0.003,
                                            "Actual Total Time": 0.003,
                                            "Actual Rows": 1,
                                            "Actual Loops": 782764,
                                            "Output": [
                                                "cn.id",
                                                "cn.name",
                                                "cn.imdb_index",
                                                "cn.imdb_id",
                                                "cn.name_pcode_nf",
                                                "cn.surname_pcode",
                                                "cn.md5sum"
                                            ],
                                            "Index Cond": "(cn.id = ci.person_role_id)",
                                            "Rows Removed by Index Recheck": 0,
                                            "Workers": [
                                                {
                                                    "Worker Number": 0,
                                                    "Actual Startup Time": 0.003,
                                                    "Actual Total Time": 0.003,
                                                    "Actual Rows": 1,
                                                    "Actual Loops": 82816
                                                },
                                                {
                                                    "Worker Number": 1,
                                                    "Actual Startup Time": 0.002,
                                                    "Actual Total Time": 0.002,
                                                    "Actual Rows": 1,
                                                    "Actual Loops": 115602
                                                },
                                                {
                                                    "Worker Number": 2,
                                                    "Actual Startup Time": 0.002,
                                                    "Actual Total Time": 0.002,
                                                    "Actual Rows": 1,
                                                    "Actual Loops": 119829
                                                },
                                                {
                                                    "Worker Number": 3,
                                                    "Actual Startup Time": 0.002,
                                                    "Actual Total Time": 0.002,
                                                    "Actual Rows": 1,
                                                    "Actual Loops": 117336
                                                },
                                                {
                                                    "Worker Number": 4,
                                                    "Actual Startup Time": 0.002,
                                                    "Actual Total Time": 0.002,
                                                    "Actual Rows": 1,
                                                    "Actual Loops": 112949
                                                },
                                                {
                                                    "Worker Number": 5,
                                                    "Actual Startup Time": 0.002,
                                                    "Actual Total Time": 0.002,
                                                    "Actual Rows": 1,
                                                    "Actual Loops": 111262
                                                }
                                            ]
                                        }
                                    ]
                                }
                            ]
                        }
                    ]
                }
            ]
        },
        "Planning Time": 237.034,
        "Triggers": [],
        "Execution Time": 1464.01
    }
]