{
    "Plan": {
        "Node Type": "Aggregate",
        "Strategy": "Plain",
        "Partial Mode": "Finalize",
        "Parallel Aware": false,
        "Startup Cost": 50949.34,
        "Total Cost": 50949.35,
        "Plan Rows": 1,
        "Plan Width": 8,
        "Actual Startup Time": 110.518,
        "Actual Total Time": 124.767,
        "Actual Rows": 1,
        "Actual Loops": 1,
        "Output": [
            "count(*)"
        ],
        "Plans": [
            {
                "Node Type": "Gather",
                "Parent Relationship": "Outer",
                "Parallel Aware": false,
                "Startup Cost": 50948.92,
                "Total Cost": 50949.33,
                "Plan Rows": 4,
                "Plan Width": 8,
                "Actual Startup Time": 110.387,
                "Actual Total Time": 124.759,
                "Actual Rows": 5,
                "Actual Loops": 1,
                "Output": [
                    "(PARTIAL count(*))"
                ],
                "Workers Planned": 4,
                "Workers Launched": 4,
                "Single Copy": false,
                "Plans": [
                    {
                        "Node Type": "Aggregate",
                        "Strategy": "Plain",
                        "Partial Mode": "Partial",
                        "Parent Relationship": "Outer",
                        "Parallel Aware": false,
                        "Startup Cost": 49948.92,
                        "Total Cost": 49948.93,
                        "Plan Rows": 1,
                        "Plan Width": 8,
                        "Actual Startup Time": 100.033,
                        "Actual Total Time": 100.035,
                        "Actual Rows": 1,
                        "Actual Loops": 5,
                        "Output": [
                            "PARTIAL count(*)"
                        ],
                        "Workers": [
                            {
                                "Worker Number": 0,
                                "Actual Startup Time": 97.178,
                                "Actual Total Time": 97.18,
                                "Actual Rows": 1,
                                "Actual Loops": 1
                            },
                            {
                                "Worker Number": 1,
                                "Actual Startup Time": 97.577,
                                "Actual Total Time": 97.579,
                                "Actual Rows": 1,
                                "Actual Loops": 1
                            },
                            {
                                "Worker Number": 2,
                                "Actual Startup Time": 97.576,
                                "Actual Total Time": 97.579,
                                "Actual Rows": 1,
                                "Actual Loops": 1
                            },
                            {
                                "Worker Number": 3,
                                "Actual Startup Time": 98.269,
                                "Actual Total Time": 98.272,
                                "Actual Rows": 1,
                                "Actual Loops": 1
                            }
                        ],
                        "Plans": [
                            {
                                "Node Type": "Nested Loop",
                                "Parent Relationship": "Outer",
                                "Parallel Aware": false,
                                "Join Type": "Inner",
                                "Startup Cost": 1.0,
                                "Total Cost": 49933.13,
                                "Plan Rows": 6317,
                                "Plan Width": 0,
                                "Actual Startup Time": 5.729,
                                "Actual Total Time": 99.432,
                                "Actual Rows": 9509,
                                "Actual Loops": 5,
                                "Inner Unique": false,
                                "Join Filter": "(t.id = ci.movie_id)",
                                "Rows Removed by Join Filter": 0,
                                "Workers": [
                                    {
                                        "Worker Number": 0,
                                        "Actual Startup Time": 3.425,
                                        "Actual Total Time": 96.493,
                                        "Actual Rows": 7484,
                                        "Actual Loops": 1
                                    },
                                    {
                                        "Worker Number": 1,
                                        "Actual Startup Time": 12.043,
                                        "Actual Total Time": 97.124,
                                        "Actual Rows": 7490,
                                        "Actual Loops": 1
                                    },
                                    {
                                        "Worker Number": 2,
                                        "Actual Startup Time": 6.286,
                                        "Actual Total Time": 97.216,
                                        "Actual Rows": 4482,
                                        "Actual Loops": 1
                                    },
                                    {
                                        "Worker Number": 3,
                                        "Actual Startup Time": 5.06,
                                        "Actual Total Time": 97.659,
                                        "Actual Rows": 9246,
                                        "Actual Loops": 1
                                    }
                                ],
                                "Plans": [
                                    {
                                        "Node Type": "Nested Loop",
                                        "Parent Relationship": "Outer",
                                        "Parallel Aware": false,
                                        "Join Type": "Inner",
                                        "Startup Cost": 0.43,
                                        "Total Cost": 48960.66,
                                        "Plan Rows": 440,
                                        "Plan Width": 8,
                                        "Actual Startup Time": 4.515,
                                        "Actual Total Time": 83.043,
                                        "Actual Rows": 395,
                                        "Actual Loops": 5,
                                        "Output": [
                                            "t.id",
                                            "mk.movie_id"
                                        ],
                                        "Inner Unique": false,
                                        "Workers": [
                                            {
                                                "Worker Number": 0,
                                                "Actual Startup Time": 3.196,
                                                "Actual Total Time": 77.694,
                                                "Actual Rows": 300,
                                                "Actual Loops": 1
                                            },
                                            {
                                                "Worker Number": 1,
                                                "Actual Startup Time": 6.767,
                                                "Actual Total Time": 82.827,
                                                "Actual Rows": 284,
                                                "Actual Loops": 1
                                            },
                                            {
                                                "Worker Number": 2,
                                                "Actual Startup Time": 6.051,
                                                "Actual Total Time": 81.014,
                                                "Actual Rows": 281,
                                                "Actual Loops": 1
                                            },
                                            {
                                                "Worker Number": 3,
                                                "Actual Startup Time": 4.767,
                                                "Actual Total Time": 79.165,
                                                "Actual Rows": 304,
                                                "Actual Loops": 1
                                            }
                                        ],
                                        "Plans": [
                                            {
                                                "Node Type": "Seq Scan",
                                                "Parent Relationship": "Outer",
                                                "Parallel Aware": true,
                                                "Relation Name": "title",
                                                "Schema": "public",
                                                "Alias": "t",
                                                "Startup Cost": 0.0,
                                                "Total Cost": 45479.21,
                                                "Plan Rows": 368,
                                                "Plan Width": 4,
                                                "Actual Startup Time": 0.925,
                                                "Actual Total Time": 78.225,
                                                "Actual Rows": 321,
                                                "Actual Loops": 5,
                                                "Output": [
                                                    "t.id",
                                                    "t.title",
                                                    "t.imdb_index",
                                                    "t.kind_id",
                                                    "t.production_year",
                                                    "t.imdb_id",
                                                    "t.phonetic_code",
                                                    "t.episode_of_id",
                                                    "t.season_nr",
                                                    "t.episode_nr",
                                                    "t.series_years",
                                                    "t.md5sum"
                                                ],
                                                "Filter": "((t.kind_id = 2) AND (t.production_year = 1995))",
                                                "Rows Removed by Filter": 505342,
                                                "Workers": [
                                                    {
                                                        "Worker Number": 0,
                                                        "Actual Startup Time": 1.983,
                                                        "Actual Total Time": 72.717,
                                                        "Actual Rows": 209,
                                                        "Actual Loops": 1
                                                    },
                                                    {
                                                        "Worker Number": 1,
                                                        "Actual Startup Time": 0.294,
                                                        "Actual Total Time": 77.605,
                                                        "Actual Rows": 285,
                                                        "Actual Loops": 1
                                                    },
                                                    {
                                                        "Worker Number": 2,
                                                        "Actual Startup Time": 1.322,
                                                        "Actual Total Time": 76.191,
                                                        "Actual Rows": 275,
                                                        "Actual Loops": 1
                                                    },
                                                    {
                                                        "Worker Number": 3,
                                                        "Actual Startup Time": 0.664,
                                                        "Actual Total Time": 74.189,
                                                        "Actual Rows": 279,
                                                        "Actual Loops": 1
                                                    }
                                                ]
                                            },
                                            {
                                                "Node Type": "Index Scan",
                                                "Parent Relationship": "Inner",
                                                "Parallel Aware": false,
                                                "Scan Direction": "Forward",
                                                "Index Name": "movie_id_movie_keyword",
                                                "Relation Name": "movie_keyword",
                                                "Schema": "public",
                                                "Alias": "mk",
                                                "Startup Cost": 0.43,
                                                "Total Cost": 9.16,
                                                "Plan Rows": 30,
                                                "Plan Width": 4,
                                                "Actual Startup Time": 0.014,
                                                "Actual Total Time": 0.014,
                                                "Actual Rows": 1,
                                                "Actual Loops": 1604,
                                                "Output": [
                                                    "mk.id",
                                                    "mk.movie_id",
                                                    "mk.keyword_id"
                                                ],
                                                "Index Cond": "(mk.movie_id = t.id)",
                                                "Rows Removed by Index Recheck": 0,
                                                "Filter": "(mk.keyword_id > 2140)",
                                                "Rows Removed by Filter": 1,
                                                "Workers": [
                                                    {
                                                        "Worker Number": 0,
                                                        "Actual Startup Time": 0.022,
                                                        "Actual Total Time": 0.022,
                                                        "Actual Rows": 1,
                                                        "Actual Loops": 209
                                                    },
                                                    {
                                                        "Worker Number": 1,
                                                        "Actual Startup Time": 0.017,
                                                        "Actual Total Time": 0.017,
                                                        "Actual Rows": 1,
                                                        "Actual Loops": 285
                                                    },
                                                    {
                                                        "Worker Number": 2,
                                                        "Actual Startup Time": 0.016,
                                                        "Actual Total Time": 0.017,
                                                        "Actual Rows": 1,
                                                        "Actual Loops": 275
                                                    },
                                                    {
                                                        "Worker Number": 3,
                                                        "Actual Startup Time": 0.017,
                                                        "Actual Total Time": 0.017,
                                                        "Actual Rows": 1,
                                                        "Actual Loops": 279
                                                    }
                                                ]
                                            }
                                        ]
                                    },
                                    {
                                        "Node Type": "Index Only Scan",
                                        "Parent Relationship": "Inner",
                                        "Parallel Aware": false,
                                        "Scan Direction": "Forward",
                                        "Index Name": "movie_id_cast_info",
                                        "Relation Name": "cast_info",
                                        "Schema": "public",
                                        "Alias": "ci",
                                        "Startup Cost": 0.56,
                                        "Total Cost": 1.74,
                                        "Plan Rows": 38,
                                        "Plan Width": 4,
                                        "Actual Startup Time": 0.008,
                                        "Actual Total Time": 0.039,
                                        "Actual Rows": 24,
                                        "Actual Loops": 1973,
                                        "Output": [
                                            "ci.movie_id"
                                        ],
                                        "Index Cond": "(ci.movie_id = mk.movie_id)",
                                        "Rows Removed by Index Recheck": 0,
                                        "Heap Fetches": 47547,
                                        "Workers": [
                                            {
                                                "Worker Number": 0,
                                                "Actual Startup Time": 0.012,
                                                "Actual Total Time": 0.058,
                                                "Actual Rows": 25,
                                                "Actual Loops": 300
                                            },
                                            {
                                                "Worker Number": 1,
                                                "Actual Startup Time": 0.009,
                                                "Actual Total Time": 0.047,
                                                "Actual Rows": 26,
                                                "Actual Loops": 284
                                            },
                                            {
                                                "Worker Number": 2,
                                                "Actual Startup Time": 0.011,
                                                "Actual Total Time": 0.055,
                                                "Actual Rows": 16,
                                                "Actual Loops": 281
                                            },
                                            {
                                                "Worker Number": 3,
                                                "Actual Startup Time": 0.011,
                                                "Actual Total Time": 0.057,
                                                "Actual Rows": 30,
                                                "Actual Loops": 304
                                            }
                                        ]
                                    }
                                ]
                            }
                        ]
                    }
                ]
            }
        ]
    },
    "Planning Time": 1.5,
    "Triggers": [],
    "Execution Time": 124.863
}