[
  {
    "Plan": {
      "Node Type": "Aggregate",
      "Strategy": "Plain",
      "Partial Mode": "Simple",
      "Parallel Aware": false,
      "Startup Cost": 28203.97,
      "Total Cost": 28203.98,
      "Plan Rows": 1,
      "Plan Width": 8,
      "Actual Startup Time": 62.829,
      "Actual Total Time": 62.83,
      "Actual Rows": 1,
      "Actual Loops": 1,
      "Plans": [
        {
          "Node Type": "Bitmap Heap Scan",
          "Parent Relationship": "Outer",
          "Parallel Aware": false,
          "Relation Name": "movie_keyword",
          "Alias": "mk",
          "Startup Cost": 2198.19,
          "Total Cost": 27945.34,
          "Plan Rows": 103452,
          "Plan Width": 0,
          "Actual Startup Time": 19.113,
          "Actual Total Time": 58.06,
          "Actual Rows": 102023,
          "Actual Loops": 1,
          "Recheck Cond": "(keyword_id > 81804)",
          "Rows Removed by Index Recheck": 0,
          "Exact Heap Blocks": 17431,
          "Lossy Heap Blocks": 0,
          "Plans": [
            {
              "Node Type": "Bitmap Index Scan",
              "Parent Relationship": "Outer",
              "Parallel Aware": false,
              "Index Name": "keyword_id_movie_keyword",
              "Startup Cost": 0.0,
              "Total Cost": 2172.32,
              "Plan Rows": 103452,
              "Plan Width": 0,
              "Actual Startup Time": 13.61,
              "Actual Total Time": 13.611,
              "Actual Rows": 102023,
              "Actual Loops": 1,
              "Index Cond": "(keyword_id > 81804)"
            }
          ]
        }
      ]
    },
    "Planning Time": 0.17,
    "Triggers": [],
    "Execution Time": 62.889
  }
]