[
  {
    "Plan": {
      "Node Type": "Aggregate",
      "Strategy": "Plain",
      "Partial Mode": "Finalize",
      "Parallel Aware": false,
      "Startup Cost": 44876.61,
      "Total Cost": 44876.62,
      "Plan Rows": 1,
      "Plan Width": 8,
      "Actual Startup Time": 139.916,
      "Actual Total Time": 149.654,
      "Actual Rows": 1,
      "Actual Loops": 1,
      "Plans": [
        {
          "Node Type": "Gather",
          "Parent Relationship": "Outer",
          "Parallel Aware": false,
          "Startup Cost": 44876.29,
          "Total Cost": 44876.6,
          "Plan Rows": 3,
          "Plan Width": 8,
          "Actual Startup Time": 139.828,
          "Actual Total Time": 149.645,
          "Actual Rows": 4,
          "Actual Loops": 1,
          "Workers Planned": 3,
          "Workers Launched": 3,
          "Single Copy": false,
          "Plans": [
            {
              "Node Type": "Aggregate",
              "Strategy": "Plain",
              "Partial Mode": "Partial",
              "Parent Relationship": "Outer",
              "Parallel Aware": false,
              "Startup Cost": 43876.29,
              "Total Cost": 43876.3,
              "Plan Rows": 1,
              "Plan Width": 8,
              "Actual Startup Time": 132.97,
              "Actual Total Time": 132.971,
              "Actual Rows": 1,
              "Actual Loops": 4,
              "Plans": [
                {
                  "Node Type": "Seq Scan",
                  "Parent Relationship": "Outer",
                  "Parallel Aware": true,
                  "Relation Name": "movie_keyword",
                  "Alias": "mk",
                  "Startup Cost": 0.0,
                  "Total Cost": 42695.65,
                  "Plan Rows": 472256,
                  "Plan Width": 0,
                  "Actual Startup Time": 0.05,
                  "Actual Total Time": 113.065,
                  "Actual Rows": 369587,
                  "Actual Loops": 4,
                  "Filter": "(keyword_id < 2109)",
                  "Rows Removed by Filter": 761396
                }
              ]
            }
          ]
        }
      ]
    },
    "Planning Time": 0.149,
    "Triggers": [],
    "Execution Time": 149.702
  }
]