{
  "Plan": {
    "Node Type": "Aggregate",
    "Strategy": "Plain",
    "Partial Mode": "Finalize",
    "Parallel Aware": false,
    "Startup Cost": 651601.27,
    "Total Cost": 651601.28,
    "Plan Rows": 1,
    "Plan Width": 8,
    "Actual Startup Time": 4630.597,
    "Actual Total Time": 4689.372,
    "Actual Rows": 1,
    "Actual Loops": 1,
    "Plans": [
      {
        "Node Type": "Gather",
        "Parent Relationship": "Outer",
        "Parallel Aware": false,
        "Startup Cost": 651601.16,
        "Total Cost": 651601.27,
        "Plan Rows": 1,
        "Plan Width": 8,
        "Actual Startup Time": 4625.908,
        "Actual Total Time": 4689.361,
        "Actual Rows": 2,
        "Actual Loops": 1,
        "Workers Planned": 1,
        "Workers Launched": 1,
        "Single Copy": false,
        "Plans": [
          {
            "Node Type": "Aggregate",
            "Strategy": "Plain",
            "Partial Mode": "Partial",
            "Parent Relationship": "Outer",
            "Parallel Aware": false,
            "Startup Cost": 650601.16,
            "Total Cost": 650601.17,
            "Plan Rows": 1,
            "Plan Width": 8,
            "Actual Startup Time": 4613.555,
            "Actual Total Time": 4613.895,
            "Actual Rows": 1,
            "Actual Loops": 2,
            "Plans": [
              {
                "Node Type": "Hash Join",
                "Parent Relationship": "Outer",
                "Parallel Aware": true,
                "Join Type": "Inner",
                "Startup Cost": 612533.51,
                "Total Cost": 649684.92,
                "Plan Rows": 366496,
                "Plan Width": 0,
                "Actual Startup Time": 4292.123,
                "Actual Total Time": 4561.205,
                "Actual Rows": 1247034,
                "Actual Loops": 2,
                "Inner Unique": false,
                "Hash Cond": "(mk.movie_id = t.id)",
                "Plans": [
                  {
                    "Node Type": "Bitmap Heap Scan",
                    "Parent Relationship": "Outer",
                    "Parallel Aware": true,
                    "Relation Name": "movie_keyword",
                    "Alias": "mk",
                    "Startup Cost": 15207.83,
                    "Total Cost": 44932.61,
                    "Plan Rows": 421662,
                    "Plan Width": 4,
                    "Actual Startup Time": 55.7,
                    "Actual Total Time": 145.711,
                    "Actual Rows": 354542,
                    "Actual Loops": 2,
                    "Recheck Cond": "(keyword_id > 26633)",
                    "Rows Removed by Index Recheck": 0,
                    "Exact Heap Blocks": 10018,
                    "Lossy Heap Blocks": 0,
                    "Plans": [
                      {
                        "Node Type": "Bitmap Index Scan",
                        "Parent Relationship": "Outer",
                        "Parallel Aware": false,
                        "Index Name": "keyword_id_movie_keyword",
                        "Startup Cost": 0.0,
                        "Total Cost": 15028.63,
                        "Plan Rows": 716826,
                        "Plan Width": 0,
                        "Actual Startup Time": 52.141,
                        "Actual Total Time": 52.142,
                        "Actual Rows": 709085,
                        "Actual Loops": 1,
                        "Index Cond": "(keyword_id > 26633)"
                      }
                    ]
                  },
                  {
                    "Node Type": "Hash",
                    "Parent Relationship": "Inner",
                    "Parallel Aware": true,
                    "Startup Cost": 581167.47,
                    "Total Cost": 581167.47,
                    "Plan Rows": 1292656,
                    "Plan Width": 8,
                    "Actual Startup Time": 4214.273,
                    "Actual Total Time": 4214.603,
                    "Actual Rows": 1051002,
                    "Actual Loops": 2,
                    "Hash Buckets": 4194304,
                    "Original Hash Buckets": 4194304,
                    "Hash Batches": 1,
                    "Original Hash Batches": 1,
                    "Peak Memory Usage": 115008,
                    "Plans": [
                      {
                        "Node Type": "Hash Join",
                        "Parent Relationship": "Outer",
                        "Parallel Aware": true,
                        "Join Type": "Inner",
                        "Startup Cost": 59434.12,
                        "Total Cost": 581167.47,
                        "Plan Rows": 1292656,
                        "Plan Width": 8,
                        "Actual Startup Time": 169.214,
                        "Actual Total Time": 3848.628,
                        "Actual Rows": 1051002,
                        "Actual Loops": 2,
                        "Inner Unique": true,
                        "Hash Cond": "(ci.movie_id = t.id)",
                        "Plans": [
                          {
                            "Node Type": "Seq Scan",
                            "Parent Relationship": "Outer",
                            "Parallel Aware": true,
                            "Relation Name": "cast_info",
                            "Alias": "ci",
                            "Startup Cost": 0.0,
                            "Total Cost": 465792.95,
                            "Plan Rows": 21310595,
                            "Plan Width": 4,
                            "Actual Startup Time": 0.012,
                            "Actual Total Time": 1439.67,
                            "Actual Rows": 18122172,
                            "Actual Loops": 2
                          },
                          {
                            "Node Type": "Hash",
                            "Parent Relationship": "Inner",
                            "Parallel Aware": true,
                            "Startup Cost": 58306.47,
                            "Total Cost": 58306.47,
                            "Plan Rows": 90212,
                            "Plan Width": 4,
                            "Actual Startup Time": 168.399,
                            "Actual Total Time": 168.401,
                            "Actual Rows": 67380,
                            "Actual Loops": 2,
                            "Hash Buckets": 262144,
                            "Original Hash Buckets": 262144,
                            "Hash Batches": 1,
                            "Original Hash Batches": 1,
                            "Peak Memory Usage": 7360,
                            "Plans": [
                              {
                                "Node Type": "Seq Scan",
                                "Parent Relationship": "Outer",
                                "Parallel Aware": true,
                                "Relation Name": "title",
                                "Alias": "t",
                                "Startup Cost": 0.0,
                                "Total Cost": 58306.47,
                                "Plan Rows": 90212,
                                "Plan Width": 4,
                                "Actual Startup Time": 0.087,
                                "Actual Total Time": 146.433,
                                "Actual Rows": 67380,
                                "Actual Loops": 2,
                                "Filter": "((kind_id < 7) AND (production_year > 2010))",
                                "Rows Removed by Filter": 1196776
                              }
                            ]
                          }
                        ]
                      }
                    ]
                  }
                ]
              }
            ]
          }
        ]
      }
    ]
  },
  "Planning Time": 0.853,
  "Triggers": [],
  "Execution Time": 4689.477
}