[
  {
    "Plan": {
      "Node Type": "Aggregate",
      "Strategy": "Plain",
      "Partial Mode": "Finalize",
      "Parallel Aware": false,
      "Startup Cost": 331573.68,
      "Total Cost": 331573.7,
      "Plan Rows": 1,
      "Plan Width": 8,
      "Actual Startup Time": 576.884,
      "Actual Total Time": 636.523,
      "Actual Rows": 1,
      "Actual Loops": 1,
      "Plans": [
        {
          "Node Type": "Gather",
          "Parent Relationship": "Outer",
          "Parallel Aware": false,
          "Startup Cost": 331573.06,
          "Total Cost": 331573.67,
          "Plan Rows": 6,
          "Plan Width": 8,
          "Actual Startup Time": 576.755,
          "Actual Total Time": 636.513,
          "Actual Rows": 7,
          "Actual Loops": 1,
          "Workers Planned": 6,
          "Workers Launched": 6,
          "Single Copy": false,
          "Plans": [
            {
              "Node Type": "Aggregate",
              "Strategy": "Plain",
              "Partial Mode": "Partial",
              "Parent Relationship": "Outer",
              "Parallel Aware": false,
              "Startup Cost": 330573.06,
              "Total Cost": 330573.07,
              "Plan Rows": 1,
              "Plan Width": 8,
              "Actual Startup Time": 567.798,
              "Actual Total Time": 567.799,
              "Actual Rows": 1,
              "Actual Loops": 7,
              "Plans": [
                {
                  "Node Type": "Seq Scan",
                  "Parent Relationship": "Outer",
                  "Parallel Aware": true,
                  "Relation Name": "cast_info",
                  "Alias": "ci",
                  "Startup Cost": 0.0,
                  "Total Cost": 328162.03,
                  "Plan Rows": 964414,
                  "Plan Width": 0,
                  "Actual Startup Time": 0.049,
                  "Actual Total Time": 529.188,
                  "Actual Rows": 848333,
                  "Actual Loops": 7,
                  "Filter": "(person_id < 574445)",
                  "Rows Removed by Filter": 4329430
                }
              ]
            }
          ]
        }
      ]
    },
    "Planning Time": 0.164,
    "Triggers": [],
    "Execution Time": 636.59
  }
]