{
  "Plan": {
    "Node Type": "Aggregate",
    "Strategy": "Plain",
    "Partial Mode": "Finalize",
    "Parallel Aware": false,
    "Startup Cost": 110576.73,
    "Total Cost": 110576.74,
    "Plan Rows": 1,
    "Plan Width": 8,
    "Actual Startup Time": 778.892,
    "Actual Total Time": 797.233,
    "Actual Rows": 1,
    "Actual Loops": 1,
    "Plans": [
      {
        "Node Type": "Gather",
        "Parent Relationship": "Outer",
        "Parallel Aware": false,
        "Startup Cost": 110576.61,
        "Total Cost": 110576.72,
        "Plan Rows": 1,
        "Plan Width": 8,
        "Actual Startup Time": 774.117,
        "Actual Total Time": 797.224,
        "Actual Rows": 2,
        "Actual Loops": 1,
        "Workers Planned": 1,
        "Workers Launched": 1,
        "Single Copy": false,
        "Plans": [
          {
            "Node Type": "Aggregate",
            "Strategy": "Plain",
            "Partial Mode": "Partial",
            "Parent Relationship": "Outer",
            "Parallel Aware": false,
            "Startup Cost": 109576.61,
            "Total Cost": 109576.62,
            "Plan Rows": 1,
            "Plan Width": 8,
            "Actual Startup Time": 762.631,
            "Actual Total Time": 762.635,
            "Actual Rows": 1,
            "Actual Loops": 2,
            "Plans": [
              {
                "Node Type": "Hash Join",
                "Parent Relationship": "Outer",
                "Parallel Aware": true,
                "Join Type": "Inner",
                "Startup Cost": 79980.76,
                "Total Cost": 108847.27,
                "Plan Rows": 291736,
                "Plan Width": 0,
                "Actual Startup Time": 607.401,
                "Actual Total Time": 752.074,
                "Actual Rows": 241413,
                "Actual Loops": 2,
                "Inner Unique": true,
                "Hash Cond": "(mk.movie_id = t.id)",
                "Plans": [
                  {
                    "Node Type": "Bitmap Heap Scan",
                    "Parent Relationship": "Outer",
                    "Parallel Aware": true,
                    "Relation Name": "movie_keyword",
                    "Alias": "mk",
                    "Startup Cost": 10520.06,
                    "Total Cost": 38620.77,
                    "Plan Rows": 291736,
                    "Plan Width": 4,
                    "Actual Startup Time": 33.568,
                    "Actual Total Time": 111.809,
                    "Actual Rows": 241413,
                    "Actual Loops": 2,
                    "Recheck Cond": "(keyword_id > 37107)",
                    "Rows Removed by Index Recheck": 0,
                    "Exact Heap Blocks": 11956,
                    "Lossy Heap Blocks": 0,
                    "Plans": [
                      {
                        "Node Type": "Bitmap Index Scan",
                        "Parent Relationship": "Outer",
                        "Parallel Aware": false,
                        "Index Name": "keyword_id_movie_keyword",
                        "Startup Cost": 0.0,
                        "Total Cost": 10396.07,
                        "Plan Rows": 495952,
                        "Plan Width": 0,
                        "Actual Startup Time": 30.164,
                        "Actual Total Time": 30.165,
                        "Actual Rows": 482826,
                        "Actual Loops": 1,
                        "Index Cond": "(keyword_id > 37107)"
                      }
                    ]
                  },
                  {
                    "Node Type": "Hash",
                    "Parent Relationship": "Inner",
                    "Parallel Aware": true,
                    "Startup Cost": 50870.31,
                    "Total Cost": 50870.31,
                    "Plan Rows": 1487231,
                    "Plan Width": 4,
                    "Actual Startup Time": 551.992,
                    "Actual Total Time": 551.993,
                    "Actual Rows": 1264156,
                    "Actual Loops": 2,
                    "Hash Buckets": 4194304,
                    "Original Hash Buckets": 4194304,
                    "Hash Batches": 1,
                    "Original Hash Batches": 1,
                    "Peak Memory Usage": 131712,
                    "Plans": [
                      {
                        "Node Type": "Seq Scan",
                        "Parent Relationship": "Outer",
                        "Parallel Aware": true,
                        "Relation Name": "title",
                        "Alias": "t",
                        "Startup Cost": 0.0,
                        "Total Cost": 50870.31,
                        "Plan Rows": 1487231,
                        "Plan Width": 4,
                        "Actual Startup Time": 0.045,
                        "Actual Total Time": 157.601,
                        "Actual Rows": 1264156,
                        "Actual Loops": 2
                      }
                    ]
                  }
                ]
              }
            ]
          }
        ]
      }
    ]
  },
  "Planning Time": 0.603,
  "Triggers": [],
  "Execution Time": 797.32
}