{
  "Plan": {
    "Node Type": "Aggregate",
    "Strategy": "Plain",
    "Partial Mode": "Finalize",
    "Parallel Aware": false,
    "Startup Cost": 80002.69,
    "Total Cost": 80002.7,
    "Plan Rows": 1,
    "Plan Width": 8,
    "Actual Startup Time": 377.255,
    "Actual Total Time": 388.108,
    "Actual Rows": 1,
    "Actual Loops": 1,
    "Plans": [
      {
        "Node Type": "Gather",
        "Parent Relationship": "Outer",
        "Parallel Aware": false,
        "Startup Cost": 80002.58,
        "Total Cost": 80002.69,
        "Plan Rows": 1,
        "Plan Width": 8,
        "Actual Startup Time": 377.031,
        "Actual Total Time": 388.075,
        "Actual Rows": 2,
        "Actual Loops": 1,
        "Workers Planned": 1,
        "Workers Launched": 1,
        "Single Copy": false,
        "Plans": [
          {
            "Node Type": "Aggregate",
            "Strategy": "Plain",
            "Partial Mode": "Partial",
            "Parent Relationship": "Outer",
            "Parallel Aware": false,
            "Startup Cost": 79002.58,
            "Total Cost": 79002.59,
            "Plan Rows": 1,
            "Plan Width": 8,
            "Actual Startup Time": 370.857,
            "Actual Total Time": 370.861,
            "Actual Rows": 1,
            "Actual Loops": 2,
            "Plans": [
              {
                "Node Type": "Hash Join",
                "Parent Relationship": "Outer",
                "Parallel Aware": true,
                "Join Type": "Inner",
                "Startup Cost": 17941.61,
                "Total Cost": 78997.7,
                "Plan Rows": 1952,
                "Plan Width": 0,
                "Actual Startup Time": 135.504,
                "Actual Total Time": 370.842,
                "Actual Rows": 55,
                "Actual Loops": 2,
                "Inner Unique": false,
                "Hash Cond": "(mk.movie_id = t.id)",
                "Plans": [
                  {
                    "Node Type": "Seq Scan",
                    "Parent Relationship": "Outer",
                    "Parallel Aware": true,
                    "Relation Name": "movie_keyword",
                    "Alias": "mk",
                    "Startup Cost": 0.0,
                    "Total Cost": 51065.35,
                    "Plan Rows": 2661135,
                    "Plan Width": 4,
                    "Actual Startup Time": 0.022,
                    "Actual Total Time": 184.224,
                    "Actual Rows": 2261965,
                    "Actual Loops": 2
                  },
                  {
                    "Node Type": "Hash",
                    "Parent Relationship": "Inner",
                    "Parallel Aware": true,
                    "Startup Cost": 17927.97,
                    "Total Cost": 17927.97,
                    "Plan Rows": 1091,
                    "Plan Width": 8,
                    "Actual Startup Time": 9.775,
                    "Actual Total Time": 9.777,
                    "Actual Rows": 626,
                    "Actual Loops": 2,
                    "Hash Buckets": 2048,
                    "Original Hash Buckets": 2048,
                    "Hash Batches": 1,
                    "Original Hash Batches": 1,
                    "Peak Memory Usage": 112,
                    "Plans": [
                      {
                        "Node Type": "Nested Loop",
                        "Parent Relationship": "Outer",
                        "Parallel Aware": false,
                        "Join Type": "Inner",
                        "Startup Cost": 80.72,
                        "Total Cost": 17927.97,
                        "Plan Rows": 1091,
                        "Plan Width": 8,
                        "Actual Startup Time": 2.054,
                        "Actual Total Time": 9.305,
                        "Actual Rows": 626,
                        "Actual Loops": 2,
                        "Inner Unique": true,
                        "Plans": [
                          {
                            "Node Type": "Bitmap Heap Scan",
                            "Parent Relationship": "Outer",
                            "Parallel Aware": true,
                            "Relation Name": "movie_companies",
                            "Alias": "mc",
                            "Startup Cost": 80.29,
                            "Total Cost": 9226.96,
                            "Plan Rows": 1091,
                            "Plan Width": 4,
                            "Actual Startup Time": 1.914,
                            "Actual Total Time": 3.429,
                            "Actual Rows": 626,
                            "Actual Loops": 2,
                            "Recheck Cond": "(company_id = 14490)",
                            "Rows Removed by Index Recheck": 0,
                            "Filter": "(company_type_id > 1)",
                            "Rows Removed by Filter": 624,
                            "Exact Heap Blocks": 1035,
                            "Lossy Heap Blocks": 0,
                            "Plans": [
                              {
                                "Node Type": "Bitmap Index Scan",
                                "Parent Relationship": "Outer",
                                "Parallel Aware": false,
                                "Index Name": "company_id_movie_companies",
                                "Startup Cost": 0.0,
                                "Total Cost": 79.83,
                                "Plan Rows": 3653,
                                "Plan Width": 0,
                                "Actual Startup Time": 1.193,
                                "Actual Total Time": 1.193,
                                "Actual Rows": 2500,
                                "Actual Loops": 1,
                                "Index Cond": "(company_id = 14490)"
                              }
                            ]
                          },
                          {
                            "Node Type": "Index Only Scan",
                            "Parent Relationship": "Inner",
                            "Parallel Aware": false,
                            "Scan Direction": "Forward",
                            "Index Name": "title_pkey",
                            "Relation Name": "title",
                            "Alias": "t",
                            "Startup Cost": 0.43,
                            "Total Cost": 7.98,
                            "Plan Rows": 1,
                            "Plan Width": 4,
                            "Actual Startup Time": 0.008,
                            "Actual Total Time": 0.008,
                            "Actual Rows": 1,
                            "Actual Loops": 1253,
                            "Index Cond": "(id = mc.movie_id)",
                            "Rows Removed by Index Recheck": 0,
                            "Heap Fetches": 1253
                          }
                        ]
                      }
                    ]
                  }
                ]
              }
            ]
          }
        ]
      }
    ]
  },
  "Planning Time": 1.077,
  "Triggers": [],
  "Execution Time": 388.213
}