[
  {
    "Plan": {
      "Node Type": "Aggregate",
      "Strategy": "Plain",
      "Partial Mode": "Finalize",
      "Parallel Aware": false,
      "Startup Cost": 74351.16,
      "Total Cost": 74351.17,
      "Plan Rows": 1,
      "Plan Width": 8,
      "Actual Startup Time": 67.168,
      "Actual Total Time": 78.736,
      "Actual Rows": 1,
      "Actual Loops": 1,
      "Plans": [
        {
          "Node Type": "Gather",
          "Parent Relationship": "Outer",
          "Parallel Aware": false,
          "Startup Cost": 74350.84,
          "Total Cost": 74351.15,
          "Plan Rows": 3,
          "Plan Width": 8,
          "Actual Startup Time": 66.929,
          "Actual Total Time": 78.731,
          "Actual Rows": 4,
          "Actual Loops": 1,
          "Workers Planned": 3,
          "Workers Launched": 3,
          "Single Copy": false,
          "Plans": [
            {
              "Node Type": "Aggregate",
              "Strategy": "Plain",
              "Partial Mode": "Partial",
              "Parent Relationship": "Outer",
              "Parallel Aware": false,
              "Startup Cost": 73350.84,
              "Total Cost": 73350.85,
              "Plan Rows": 1,
              "Plan Width": 8,
              "Actual Startup Time": 64.044,
              "Actual Total Time": 64.045,
              "Actual Rows": 1,
              "Actual Loops": 4,
              "Plans": [
                {
                  "Node Type": "Nested Loop",
                  "Parent Relationship": "Outer",
                  "Parallel Aware": false,
                  "Join Type": "Inner",
                  "Startup Cost": 736.49,
                  "Total Cost": 73339.87,
                  "Plan Rows": 4386,
                  "Plan Width": 0,
                  "Actual Startup Time": 5.839,
                  "Actual Total Time": 63.295,
                  "Actual Rows": 8636,
                  "Actual Loops": 4,
                  "Inner Unique": true,
                  "Plans": [
                    {
                      "Node Type": "Bitmap Heap Scan",
                      "Parent Relationship": "Outer",
                      "Parallel Aware": true,
                      "Relation Name": "movie_keyword",
                      "Alias": "mk",
                      "Startup Cost": 736.06,
                      "Total Cost": 26594.05,
                      "Plan Rows": 11140,
                      "Plan Width": 4,
                      "Actual Startup Time": 5.701,
                      "Actual Total Time": 22.261,
                      "Actual Rows": 8678,
                      "Actual Loops": 4,
                      "Recheck Cond": "(keyword_id = 2488)",
                      "Rows Removed by Index Recheck": 0,
                      "Exact Heap Blocks": 6503,
                      "Lossy Heap Blocks": 0,
                      "Plans": [
                        {
                          "Node Type": "Bitmap Index Scan",
                          "Parent Relationship": "Outer",
                          "Parallel Aware": false,
                          "Index Name": "keyword_id_movie_keyword",
                          "Startup Cost": 0.0,
                          "Total Cost": 727.43,
                          "Plan Rows": 34533,
                          "Plan Width": 0,
                          "Actual Startup Time": 5.39,
                          "Actual Total Time": 5.39,
                          "Actual Rows": 34710,
                          "Actual Loops": 1,
                          "Index Cond": "(keyword_id = 2488)"
                        }
                      ]
                    },
                    {
                      "Node Type": "Index Scan",
                      "Parent Relationship": "Inner",
                      "Parallel Aware": false,
                      "Scan Direction": "Forward",
                      "Index Name": "title_pkey",
                      "Relation Name": "title",
                      "Alias": "t",
                      "Startup Cost": 0.43,
                      "Total Cost": 4.2,
                      "Plan Rows": 1,
                      "Plan Width": 4,
                      "Actual Startup Time": 0.004,
                      "Actual Total Time": 0.004,
                      "Actual Rows": 1,
                      "Actual Loops": 34710,
                      "Index Cond": "(id = mk.movie_id)",
                      "Rows Removed by Index Recheck": 0,
                      "Filter": "(kind_id < 7)",
                      "Rows Removed by Filter": 0
                    }
                  ]
                }
              ]
            }
          ]
        }
      ]
    },
    "Planning Time": 0.169,
    "Triggers": [],
    "Execution Time": 78.768
  }
]