{
  "Plan": {
    "Node Type": "Aggregate",
    "Strategy": "Plain",
    "Partial Mode": "Simple",
    "Parallel Aware": false,
    "Startup Cost": 275920.53,
    "Total Cost": 275920.54,
    "Plan Rows": 1,
    "Plan Width": 32,
    "Actual Startup Time": 3862.412,
    "Actual Total Time": 3930.71,
    "Actual Rows": 1,
    "Actual Loops": 1,
    "Plans": [
      {
        "Node Type": "Gather",
        "Parent Relationship": "Outer",
        "Parallel Aware": false,
        "Startup Cost": 3628.41,
        "Total Cost": 275920.53,
        "Plan Rows": 1,
        "Plan Width": 15,
        "Actual Startup Time": 224.484,
        "Actual Total Time": 3925.522,
        "Actual Rows": 27076,
        "Actual Loops": 1,
        "Workers Planned": 1,
        "Workers Launched": 1,
        "Single Copy": false,
        "Plans": [
          {
            "Node Type": "Nested Loop",
            "Parent Relationship": "Outer",
            "Parallel Aware": false,
            "Join Type": "Inner",
            "Startup Cost": 2628.41,
            "Total Cost": 274920.43,
            "Plan Rows": 1,
            "Plan Width": 15,
            "Actual Startup Time": 153.422,
            "Actual Total Time": 3845.918,
            "Actual Rows": 13538,
            "Actual Loops": 2,
            "Inner Unique": true,
            "Plans": [
              {
                "Node Type": "Nested Loop",
                "Parent Relationship": "Outer",
                "Parallel Aware": false,
                "Join Type": "Inner",
                "Startup Cost": 2627.99,
                "Total Cost": 274919.99,
                "Plan Rows": 1,
                "Plan Width": 19,
                "Actual Startup Time": 153.355,
                "Actual Total Time": 3774.407,
                "Actual Rows": 13538,
                "Actual Loops": 2,
                "Inner Unique": false,
                "Plans": [
                  {
                    "Node Type": "Hash Join",
                    "Parent Relationship": "Outer",
                    "Parallel Aware": false,
                    "Join Type": "Inner",
                    "Startup Cost": 2627.56,
                    "Total Cost": 274919.42,
                    "Plan Rows": 1,
                    "Plan Width": 27,
                    "Actual Startup Time": 153.291,
                    "Actual Total Time": 3741.107,
                    "Actual Rows": 1570,
                    "Actual Loops": 2,
                    "Inner Unique": true,
                    "Hash Cond": "(mk.keyword_id = k.id)",
                    "Plans": [
                      {
                        "Node Type": "Nested Loop",
                        "Parent Relationship": "Outer",
                        "Parallel Aware": false,
                        "Join Type": "Inner",
                        "Startup Cost": 1.43,
                        "Total Cost": 272283.26,
                        "Plan Rows": 3816,
                        "Plan Width": 31,
                        "Actual Startup Time": 28.253,
                        "Actual Total Time": 3677.435,
                        "Actual Rows": 325570,
                        "Actual Loops": 2,
                        "Inner Unique": false,
                        "Plans": [
                          {
                            "Node Type": "Nested Loop",
                            "Parent Relationship": "Outer",
                            "Parallel Aware": false,
                            "Join Type": "Inner",
                            "Startup Cost": 0.99,
                            "Total Cost": 268653.45,
                            "Plan Rows": 2132,
                            "Plan Width": 23,
                            "Actual Startup Time": 2.442,
                            "Actual Total Time": 3279.843,
                            "Actual Rows": 48202,
                            "Actual Loops": 2,
                            "Inner Unique": true,
                            "Plans": [
                              {
                                "Node Type": "Nested Loop",
                                "Parent Relationship": "Outer",
                                "Parallel Aware": false,
                                "Join Type": "Inner",
                                "Startup Cost": 0.56,
                                "Total Cost": 267688.78,
                                "Plan Rows": 2132,
                                "Plan Width": 19,
                                "Actual Startup Time": 2.291,
                                "Actual Total Time": 2910.426,
                                "Actual Rows": 48202,
                                "Actual Loops": 2,
                                "Inner Unique": false,
                                "Plans": [
                                  {
                                    "Node Type": "Seq Scan",
                                    "Parent Relationship": "Outer",
                                    "Parallel Aware": true,
                                    "Relation Name": "name",
                                    "Alias": "n",
                                    "Startup Cost": 0.0,
                                    "Total Cost": 86254.38,
                                    "Plan Rows": 245,
                                    "Plan Width": 19,
                                    "Actual Startup Time": 2.088,
                                    "Actual Total Time": 827.51,
                                    "Actual Rows": 5483,
                                    "Actual Loops": 2,
                                    "Filter": "(name ~~ '%Jones,%'::text)",
                                    "Rows Removed by Filter": 2078262
                                  },
                                  {
                                    "Node Type": "Index Scan",
                                    "Parent Relationship": "Inner",
                                    "Parallel Aware": false,
                                    "Scan Direction": "Forward",
                                    "Index Name": "person_id_cast_info",
                                    "Relation Name": "cast_info",
                                    "Alias": "ci",
                                    "Startup Cost": 0.56,
                                    "Total Cost": 735.45,
                                    "Plan Rows": 510,
                                    "Plan Width": 8,
                                    "Actual Startup Time": 0.372,
                                    "Actual Total Time": 0.377,
                                    "Actual Rows": 9,
                                    "Actual Loops": 10966,
                                    "Index Cond": "(person_id = n.id)",
                                    "Rows Removed by Index Recheck": 0
                                  }
                                ]
                              },
                              {
                                "Node Type": "Index Only Scan",
                                "Parent Relationship": "Inner",
                                "Parallel Aware": false,
                                "Scan Direction": "Forward",
                                "Index Name": "title_pkey",
                                "Relation Name": "title",
                                "Alias": "t",
                                "Startup Cost": 0.43,
                                "Total Cost": 0.45,
                                "Plan Rows": 1,
                                "Plan Width": 4,
                                "Actual Startup Time": 0.007,
                                "Actual Total Time": 0.007,
                                "Actual Rows": 1,
                                "Actual Loops": 96403,
                                "Index Cond": "(id = ci.movie_id)",
                                "Rows Removed by Index Recheck": 0,
                                "Heap Fetches": 96403
                              }
                            ]
                          },
                          {
                            "Node Type": "Index Scan",
                            "Parent Relationship": "Inner",
                            "Parallel Aware": false,
                            "Scan Direction": "Forward",
                            "Index Name": "movie_id_movie_keyword",
                            "Relation Name": "movie_keyword",
                            "Alias": "mk",
                            "Startup Cost": 0.43,
                            "Total Cost": 1.24,
                            "Plan Rows": 46,
                            "Plan Width": 8,
                            "Actual Startup Time": 0.005,
                            "Actual Total Time": 0.007,
                            "Actual Rows": 7,
                            "Actual Loops": 96403,
                            "Index Cond": "(movie_id = ci.movie_id)",
                            "Rows Removed by Index Recheck": 0
                          }
                        ]
                      },
                      {
                        "Node Type": "Hash",
                        "Parent Relationship": "Inner",
                        "Parallel Aware": false,
                        "Startup Cost": 2626.12,
                        "Total Cost": 2626.12,
                        "Plan Rows": 1,
                        "Plan Width": 4,
                        "Actual Startup Time": 24.324,
                        "Actual Total Time": 24.325,
                        "Actual Rows": 1,
                        "Actual Loops": 2,
                        "Hash Buckets": 1024,
                        "Original Hash Buckets": 1024,
                        "Hash Batches": 1,
                        "Original Hash Batches": 1,
                        "Peak Memory Usage": 9,
                        "Plans": [
                          {
                            "Node Type": "Seq Scan",
                            "Parent Relationship": "Outer",
                            "Parallel Aware": false,
                            "Relation Name": "keyword",
                            "Alias": "k",
                            "Startup Cost": 0.0,
                            "Total Cost": 2626.12,
                            "Plan Rows": 1,
                            "Plan Width": 4,
                            "Actual Startup Time": 1.444,
                            "Actual Total Time": 24.309,
                            "Actual Rows": 1,
                            "Actual Loops": 2,
                            "Filter": "(keyword = 'character-name-in-title'::text)",
                            "Rows Removed by Filter": 134169
                          }
                        ]
                      }
                    ]
                  },
                  {
                    "Node Type": "Index Scan",
                    "Parent Relationship": "Inner",
                    "Parallel Aware": false,
                    "Scan Direction": "Forward",
                    "Index Name": "movie_id_movie_companies",
                    "Relation Name": "movie_companies",
                    "Alias": "mc",
                    "Startup Cost": 0.43,
                    "Total Cost": 0.52,
                    "Plan Rows": 5,
                    "Plan Width": 8,
                    "Actual Startup Time": 0.012,
                    "Actual Total Time": 0.019,
                    "Actual Rows": 9,
                    "Actual Loops": 3139,
                    "Index Cond": "(movie_id = ci.movie_id)",
                    "Rows Removed by Index Recheck": 0
                  }
                ]
              },
              {
                "Node Type": "Index Only Scan",
                "Parent Relationship": "Inner",
                "Parallel Aware": false,
                "Scan Direction": "Forward",
                "Index Name": "company_name_pkey",
                "Relation Name": "company_name",
                "Alias": "cn",
                "Startup Cost": 0.42,
                "Total Cost": 0.44,
                "Plan Rows": 1,
                "Plan Width": 4,
                "Actual Startup Time": 0.005,
                "Actual Total Time": 0.005,
                "Actual Rows": 1,
                "Actual Loops": 27076,
                "Index Cond": "(id = mc.company_id)",
                "Rows Removed by Index Recheck": 0,
                "Heap Fetches": 27076
              }
            ]
          }
        ]
      }
    ]
  },
  "Planning Time": 1.617,
  "Triggers": [],
  "Execution Time": 3930.873
}