[
  {
    "Plan": {
      "Node Type": "Aggregate",
      "Strategy": "Plain",
      "Partial Mode": "Finalize",
      "Parallel Aware": false,
      "Startup Cost": 122358.22,
      "Total Cost": 122358.23,
      "Plan Rows": 1,
      "Plan Width": 8,
      "Actual Startup Time": 171.388,
      "Actual Total Time": 182.134,
      "Actual Rows": 1,
      "Actual Loops": 1,
      "Plans": [
        {
          "Node Type": "Gather",
          "Parent Relationship": "Outer",
          "Parallel Aware": false,
          "Startup Cost": 122357.7,
          "Total Cost": 122358.21,
          "Plan Rows": 5,
          "Plan Width": 8,
          "Actual Startup Time": 171.255,
          "Actual Total Time": 182.123,
          "Actual Rows": 6,
          "Actual Loops": 1,
          "Workers Planned": 5,
          "Workers Launched": 5,
          "Single Copy": false,
          "Plans": [
            {
              "Node Type": "Aggregate",
              "Strategy": "Plain",
              "Partial Mode": "Partial",
              "Parent Relationship": "Outer",
              "Parallel Aware": false,
              "Startup Cost": 121357.7,
              "Total Cost": 121357.71,
              "Plan Rows": 1,
              "Plan Width": 8,
              "Actual Startup Time": 160.892,
              "Actual Total Time": 160.893,
              "Actual Rows": 1,
              "Actual Loops": 6,
              "Plans": [
                {
                  "Node Type": "Index Scan",
                  "Parent Relationship": "Outer",
                  "Parallel Aware": true,
                  "Scan Direction": "Forward",
                  "Index Name": "role_id_cast_info",
                  "Relation Name": "cast_info",
                  "Alias": "ci",
                  "Startup Cost": 0.56,
                  "Total Cost": 119623.46,
                  "Plan Rows": 693696,
                  "Plan Width": 0,
                  "Actual Startup Time": 0.192,
                  "Actual Total Time": 148.439,
                  "Actual Rows": 240277,
                  "Actual Loops": 6,
                  "Index Cond": "(role_id = 10)",
                  "Rows Removed by Index Recheck": 0,
                  "Filter": "(person_id < 2924227)",
                  "Rows Removed by Filter": 480226
                }
              ]
            }
          ]
        }
      ]
    },
    "Planning Time": 0.197,
    "Triggers": [],
    "Execution Time": 182.192
  }
]