[
  {
    "Plan": {
      "Node Type": "Aggregate",
      "Strategy": "Plain",
      "Partial Mode": "Finalize",
      "Parallel Aware": false,
      "Startup Cost": 46036.97,
      "Total Cost": 46036.98,
      "Plan Rows": 1,
      "Plan Width": 8,
      "Actual Startup Time": 120.512,
      "Actual Total Time": 133.601,
      "Actual Rows": 1,
      "Actual Loops": 1,
      "Plans": [
        {
          "Node Type": "Gather",
          "Parent Relationship": "Outer",
          "Parallel Aware": false,
          "Startup Cost": 46036.55,
          "Total Cost": 46036.96,
          "Plan Rows": 4,
          "Plan Width": 8,
          "Actual Startup Time": 120.385,
          "Actual Total Time": 133.593,
          "Actual Rows": 5,
          "Actual Loops": 1,
          "Workers Planned": 4,
          "Workers Launched": 4,
          "Single Copy": false,
          "Plans": [
            {
              "Node Type": "Aggregate",
              "Strategy": "Plain",
              "Partial Mode": "Partial",
              "Parent Relationship": "Outer",
              "Parallel Aware": false,
              "Startup Cost": 45036.55,
              "Total Cost": 45036.56,
              "Plan Rows": 1,
              "Plan Width": 8,
              "Actual Startup Time": 112.349,
              "Actual Total Time": 112.35,
              "Actual Rows": 1,
              "Actual Loops": 5,
              "Plans": [
                {
                  "Node Type": "Seq Scan",
                  "Parent Relationship": "Outer",
                  "Parallel Aware": true,
                  "Relation Name": "title",
                  "Alias": "t",
                  "Startup Cost": 0.0,
                  "Total Cost": 43898.92,
                  "Plan Rows": 455052,
                  "Plan Width": 0,
                  "Actual Startup Time": 0.036,
                  "Actual Total Time": 94.296,
                  "Actual Rows": 362649,
                  "Actual Loops": 5,
                  "Filter": "(production_year > 1987)",
                  "Rows Removed by Filter": 143013
                }
              ]
            }
          ]
        }
      ]
    },
    "Planning Time": 0.214,
    "Triggers": [],
    "Execution Time": 133.662
  }
]