[
  {
    "Plan": {
      "Node Type": "Aggregate",
      "Strategy": "Plain",
      "Partial Mode": "Finalize",
      "Parallel Aware": false,
      "Startup Cost": 104500.9,
      "Total Cost": 104500.91,
      "Plan Rows": 1,
      "Plan Width": 8,
      "Actual Startup Time": 537.165,
      "Actual Total Time": 558.825,
      "Actual Rows": 1,
      "Actual Loops": 1,
      "Plans": [
        {
          "Node Type": "Gather",
          "Parent Relationship": "Outer",
          "Parallel Aware": false,
          "Startup Cost": 104500.58,
          "Total Cost": 104500.89,
          "Plan Rows": 3,
          "Plan Width": 8,
          "Actual Startup Time": 533.815,
          "Actual Total Time": 558.814,
          "Actual Rows": 4,
          "Actual Loops": 1,
          "Workers Planned": 3,
          "Workers Launched": 3,
          "Single Copy": false,
          "Plans": [
            {
              "Node Type": "Aggregate",
              "Strategy": "Plain",
              "Partial Mode": "Partial",
              "Parent Relationship": "Outer",
              "Parallel Aware": false,
              "Startup Cost": 103500.58,
              "Total Cost": 103500.59,
              "Plan Rows": 1,
              "Plan Width": 8,
              "Actual Startup Time": 525.526,
              "Actual Total Time": 525.78,
              "Actual Rows": 1,
              "Actual Loops": 4,
              "Plans": [
                {
                  "Node Type": "Hash Join",
                  "Parent Relationship": "Outer",
                  "Parallel Aware": true,
                  "Join Type": "Inner",
                  "Startup Cost": 75997.4,
                  "Total Cost": 103449.34,
                  "Plan Rows": 20497,
                  "Plan Width": 0,
                  "Actual Startup Time": 409.453,
                  "Actual Total Time": 522.438,
                  "Actual Rows": 46676,
                  "Actual Loops": 4,
                  "Inner Unique": false,
                  "Hash Cond": "(mk.movie_id = t.id)",
                  "Plans": [
                    {
                      "Node Type": "Bitmap Heap Scan",
                      "Parent Relationship": "Outer",
                      "Parallel Aware": true,
                      "Relation Name": "movie_keyword",
                      "Alias": "mk",
                      "Startup Cost": 11925.02,
                      "Total Cost": 38645.71,
                      "Plan Rows": 181335,
                      "Plan Width": 4,
                      "Actual Startup Time": 51.71,
                      "Actual Total Time": 123.6,
                      "Actual Rows": 142328,
                      "Actual Loops": 4,
                      "Recheck Cond": "(keyword_id < 403)",
                      "Rows Removed by Index Recheck": 0,
                      "Exact Heap Blocks": 7830,
                      "Lossy Heap Blocks": 0,
                      "Plans": [
                        {
                          "Node Type": "Bitmap Index Scan",
                          "Parent Relationship": "Outer",
                          "Parallel Aware": false,
                          "Index Name": "keyword_id_movie_keyword",
                          "Startup Cost": 0.0,
                          "Total Cost": 11784.48,
                          "Plan Rows": 562140,
                          "Plan Width": 0,
                          "Actual Startup Time": 45.823,
                          "Actual Total Time": 45.824,
                          "Actual Rows": 569310,
                          "Actual Loops": 1,
                          "Index Cond": "(keyword_id < 403)"
                        }
                      ]
                    },
                    {
                      "Node Type": "Hash",
                      "Parent Relationship": "Inner",
                      "Parallel Aware": true,
                      "Startup Cost": 63179.25,
                      "Total Cost": 63179.25,
                      "Plan Rows": 71451,
                      "Plan Width": 8,
                      "Actual Startup Time": 354.49,
                      "Actual Total Time": 354.742,
                      "Actual Rows": 65473,
                      "Actual Loops": 4,
                      "Hash Buckets": 524288,
                      "Original Hash Buckets": 524288,
                      "Hash Batches": 1,
                      "Original Hash Batches": 1,
                      "Peak Memory Usage": 14432,
                      "Plans": [
                        {
                          "Node Type": "Hash Join",
                          "Parent Relationship": "Outer",
                          "Parallel Aware": true,
                          "Join Type": "Inner",
                          "Startup Cost": 17494.62,
                          "Total Cost": 63179.25,
                          "Plan Rows": 71451,
                          "Plan Width": 8,
                          "Actual Startup Time": 103.768,
                          "Actual Total Time": 327.327,
                          "Actual Rows": 65473,
                          "Actual Loops": 4,
                          "Inner Unique": false,
                          "Hash Cond": "(t.id = mi_idx.movie_id)",
                          "Plans": [
                            {
                              "Node Type": "Seq Scan",
                              "Parent Relationship": "Outer",
                              "Parallel Aware": true,
                              "Relation Name": "title",
                              "Alias": "t",
                              "Startup Cost": 0.0,
                              "Total Cost": 43899.32,
                              "Plan Rows": 396692,
                              "Plan Width": 4,
                              "Actual Startup Time": 0.015,
                              "Actual Total Time": 112.859,
                              "Actual Rows": 392642,
                              "Actual Loops": 4,
                              "Filter": "(production_year > 1996)",
                              "Rows Removed by Filter": 239436
                            },
                            {
                              "Node Type": "Hash",
                              "Parent Relationship": "Inner",
                              "Parallel Aware": true,
                              "Startup Cost": 15122.68,
                              "Total Cost": 15122.68,
                              "Plan Rows": 189755,
                              "Plan Width": 4,
                              "Actual Startup Time": 101.831,
                              "Actual Total Time": 101.833,
                              "Actual Rows": 114981,
                              "Actual Loops": 4,
                              "Hash Buckets": 524288,
                              "Original Hash Buckets": 524288,
                              "Hash Batches": 1,
                              "Original Hash Batches": 1,
                              "Peak Memory Usage": 22144,
                              "Plans": [
                                {
                                  "Node Type": "Seq Scan",
                                  "Parent Relationship": "Outer",
                                  "Parallel Aware": true,
                                  "Relation Name": "movie_info_idx",
                                  "Alias": "mi_idx",
                                  "Startup Cost": 0.0,
                                  "Total Cost": 15122.68,
                                  "Plan Rows": 189755,
                                  "Plan Width": 4,
                                  "Actual Startup Time": 0.081,
                                  "Actual Total Time": 52.299,
                                  "Actual Rows": 114981,
                                  "Actual Loops": 4,
                                  "Filter": "(info_type_id < 100)",
                                  "Rows Removed by Filter": 230028
                                }
                              ]
                            }
                          ]
                        }
                      ]
                    }
                  ]
                }
              ]
            }
          ]
        }
      ]
    },
    "Planning Time": 1.239,
    "Triggers": [],
    "Execution Time": 558.931
  }
]