[
  {
    "Plan": {
      "Node Type": "Aggregate",
      "Strategy": "Plain",
      "Partial Mode": "Finalize",
      "Parallel Aware": false,
      "Startup Cost": 104286.06,
      "Total Cost": 104286.07,
      "Plan Rows": 1,
      "Plan Width": 8,
      "Actual Startup Time": 493.72,
      "Actual Total Time": 510.495,
      "Actual Rows": 1,
      "Actual Loops": 1,
      "Plans": [
        {
          "Node Type": "Gather",
          "Parent Relationship": "Outer",
          "Parallel Aware": false,
          "Startup Cost": 104285.74,
          "Total Cost": 104286.05,
          "Plan Rows": 3,
          "Plan Width": 8,
          "Actual Startup Time": 490.841,
          "Actual Total Time": 510.485,
          "Actual Rows": 4,
          "Actual Loops": 1,
          "Workers Planned": 3,
          "Workers Launched": 3,
          "Single Copy": false,
          "Plans": [
            {
              "Node Type": "Aggregate",
              "Strategy": "Plain",
              "Partial Mode": "Partial",
              "Parent Relationship": "Outer",
              "Parallel Aware": false,
              "Startup Cost": 103285.74,
              "Total Cost": 103285.75,
              "Plan Rows": 1,
              "Plan Width": 8,
              "Actual Startup Time": 481.234,
              "Actual Total Time": 481.241,
              "Actual Rows": 1,
              "Actual Loops": 4,
              "Plans": [
                {
                  "Node Type": "Hash Join",
                  "Parent Relationship": "Outer",
                  "Parallel Aware": true,
                  "Join Type": "Inner",
                  "Startup Cost": 75822.27,
                  "Total Cost": 103235.55,
                  "Plan Rows": 20075,
                  "Plan Width": 0,
                  "Actual Startup Time": 377.274,
                  "Actual Total Time": 477.928,
                  "Actual Rows": 46676,
                  "Actual Loops": 4,
                  "Inner Unique": false,
                  "Hash Cond": "(mk.movie_id = t.id)",
                  "Plans": [
                    {
                      "Node Type": "Bitmap Heap Scan",
                      "Parent Relationship": "Outer",
                      "Parallel Aware": true,
                      "Relation Name": "movie_keyword",
                      "Alias": "mk",
                      "Startup Cost": 11773.4,
                      "Total Cost": 38465.16,
                      "Plan Rows": 179021,
                      "Plan Width": 4,
                      "Actual Startup Time": 47.236,
                      "Actual Total Time": 109.47,
                      "Actual Rows": 142328,
                      "Actual Loops": 4,
                      "Recheck Cond": "(keyword_id < 403)",
                      "Rows Removed by Index Recheck": 0,
                      "Exact Heap Blocks": 7016,
                      "Lossy Heap Blocks": 0,
                      "Plans": [
                        {
                          "Node Type": "Bitmap Index Scan",
                          "Parent Relationship": "Outer",
                          "Parallel Aware": false,
                          "Index Name": "keyword_id_movie_keyword",
                          "Startup Cost": 0.0,
                          "Total Cost": 11634.66,
                          "Plan Rows": 554964,
                          "Plan Width": 0,
                          "Actual Startup Time": 41.403,
                          "Actual Total Time": 41.404,
                          "Actual Rows": 569310,
                          "Actual Loops": 1,
                          "Index Cond": "(keyword_id < 403)"
                        }
                      ]
                    },
                    {
                      "Node Type": "Hash",
                      "Parent Relationship": "Inner",
                      "Parallel Aware": true,
                      "Startup Cost": 63162.9,
                      "Total Cost": 63162.9,
                      "Plan Rows": 70878,
                      "Plan Width": 8,
                      "Actual Startup Time": 326.88,
                      "Actual Total Time": 326.884,
                      "Actual Rows": 65473,
                      "Actual Loops": 4,
                      "Hash Buckets": 524288,
                      "Original Hash Buckets": 524288,
                      "Hash Batches": 1,
                      "Original Hash Batches": 1,
                      "Peak Memory Usage": 14368,
                      "Plans": [
                        {
                          "Node Type": "Hash Join",
                          "Parent Relationship": "Outer",
                          "Parallel Aware": true,
                          "Join Type": "Inner",
                          "Startup Cost": 17490.54,
                          "Total Cost": 63162.9,
                          "Plan Rows": 70878,
                          "Plan Width": 8,
                          "Actual Startup Time": 91.549,
                          "Actual Total Time": 302.239,
                          "Actual Rows": 65473,
                          "Actual Loops": 4,
                          "Inner Unique": false,
                          "Hash Cond": "(t.id = mi_idx.movie_id)",
                          "Plans": [
                            {
                              "Node Type": "Seq Scan",
                              "Parent Relationship": "Outer",
                              "Parallel Aware": true,
                              "Relation Name": "title",
                              "Alias": "t",
                              "Startup Cost": 0.0,
                              "Total Cost": 43898.92,
                              "Plan Rows": 394164,
                              "Plan Width": 4,
                              "Actual Startup Time": 0.012,
                              "Actual Total Time": 102.651,
                              "Actual Rows": 392642,
                              "Actual Loops": 4,
                              "Filter": "(production_year > 1996)",
                              "Rows Removed by Filter": 239436
                            },
                            {
                              "Node Type": "Hash",
                              "Parent Relationship": "Inner",
                              "Parallel Aware": true,
                              "Startup Cost": 15122.68,
                              "Total Cost": 15122.68,
                              "Plan Rows": 189429,
                              "Plan Width": 4,
                              "Actual Startup Time": 89.738,
                              "Actual Total Time": 89.739,
                              "Actual Rows": 114981,
                              "Actual Loops": 4,
                              "Hash Buckets": 524288,
                              "Original Hash Buckets": 524288,
                              "Hash Batches": 1,
                              "Original Hash Batches": 1,
                              "Peak Memory Usage": 22144,
                              "Plans": [
                                {
                                  "Node Type": "Seq Scan",
                                  "Parent Relationship": "Outer",
                                  "Parallel Aware": true,
                                  "Relation Name": "movie_info_idx",
                                  "Alias": "mi_idx",
                                  "Startup Cost": 0.0,
                                  "Total Cost": 15122.68,
                                  "Plan Rows": 189429,
                                  "Plan Width": 4,
                                  "Actual Startup Time": 0.073,
                                  "Actual Total Time": 48.285,
                                  "Actual Rows": 114981,
                                  "Actual Loops": 4,
                                  "Filter": "(info_type_id < 100)",
                                  "Rows Removed by Filter": 230028
                                }
                              ]
                            }
                          ]
                        }
                      ]
                    }
                  ]
                }
              ]
            }
          ]
        }
      ]
    },
    "Planning Time": 1.404,
    "Triggers": [],
    "Execution Time": 510.607
  }
]