[
  {
    "Plan": {
      "Node Type": "Aggregate",
      "Strategy": "Plain",
      "Partial Mode": "Finalize",
      "Parallel Aware": false,
      "Startup Cost": 374199.8,
      "Total Cost": 374199.81,
      "Plan Rows": 1,
      "Plan Width": 8,
      "Actual Startup Time": 501.554,
      "Actual Total Time": 521.188,
      "Actual Rows": 1,
      "Actual Loops": 1,
      "Plans": [
        {
          "Node Type": "Gather",
          "Parent Relationship": "Outer",
          "Parallel Aware": false,
          "Startup Cost": 374199.17,
          "Total Cost": 374199.78,
          "Plan Rows": 6,
          "Plan Width": 8,
          "Actual Startup Time": 498.972,
          "Actual Total Time": 521.178,
          "Actual Rows": 7,
          "Actual Loops": 1,
          "Workers Planned": 6,
          "Workers Launched": 6,
          "Single Copy": false,
          "Plans": [
            {
              "Node Type": "Aggregate",
              "Strategy": "Plain",
              "Partial Mode": "Partial",
              "Parent Relationship": "Outer",
              "Parallel Aware": false,
              "Startup Cost": 373199.17,
              "Total Cost": 373199.18,
              "Plan Rows": 1,
              "Plan Width": 8,
              "Actual Startup Time": 487.336,
              "Actual Total Time": 487.34,
              "Actual Rows": 1,
              "Actual Loops": 7,
              "Plans": [
                {
                  "Node Type": "Hash Join",
                  "Parent Relationship": "Outer",
                  "Parallel Aware": true,
                  "Join Type": "Inner",
                  "Startup Cost": 112751.7,
                  "Total Cost": 372890.97,
                  "Plan Rows": 123283,
                  "Plan Width": 0,
                  "Actual Startup Time": 267.289,
                  "Actual Total Time": 481.061,
                  "Actual Rows": 107426,
                  "Actual Loops": 7,
                  "Inner Unique": true,
                  "Hash Cond": "(ci.movie_id = t.id)",
                  "Plans": [
                    {
                      "Node Type": "Bitmap Heap Scan",
                      "Parent Relationship": "Outer",
                      "Parallel Aware": true,
                      "Relation Name": "cast_info",
                      "Alias": "ci",
                      "Startup Cost": 65295.67,
                      "Total Cost": 324141.57,
                      "Plan Rows": 492712,
                      "Plan Width": 4,
                      "Actual Startup Time": 144.591,
                      "Actual Total Time": 248.987,
                      "Actual Rows": 406040,
                      "Actual Loops": 7,
                      "Recheck Cond": "(person_id > 3525207)",
                      "Rows Removed by Index Recheck": 0,
                      "Exact Heap Blocks": 7341,
                      "Lossy Heap Blocks": 0,
                      "Plans": [
                        {
                          "Node Type": "Bitmap Index Scan",
                          "Parent Relationship": "Outer",
                          "Parallel Aware": false,
                          "Index Name": "person_id_cast_info",
                          "Startup Cost": 0.0,
                          "Total Cost": 64556.61,
                          "Plan Rows": 2956272,
                          "Plan Width": 0,
                          "Actual Startup Time": 137.86,
                          "Actual Total Time": 137.861,
                          "Actual Rows": 2842277,
                          "Actual Loops": 1,
                          "Index Cond": "(person_id > 3525207)"
                        }
                      ]
                    },
                    {
                      "Node Type": "Hash",
                      "Parent Relationship": "Inner",
                      "Parallel Aware": true,
                      "Startup Cost": 45479.1,
                      "Total Cost": 45479.1,
                      "Plan Rows": 158154,
                      "Plan Width": 4,
                      "Actual Startup Time": 119.349,
                      "Actual Total Time": 119.35,
                      "Actual Rows": 76083,
                      "Actual Loops": 7,
                      "Hash Buckets": 1048576,
                      "Original Hash Buckets": 1048576,
                      "Hash Batches": 1,
                      "Original Hash Batches": 1,
                      "Peak Memory Usage": 29120,
                      "Plans": [
                        {
                          "Node Type": "Seq Scan",
                          "Parent Relationship": "Outer",
                          "Parallel Aware": true,
                          "Relation Name": "title",
                          "Alias": "t",
                          "Startup Cost": 0.0,
                          "Total Cost": 45479.1,
                          "Plan Rows": 158154,
                          "Plan Width": 4,
                          "Actual Startup Time": 0.044,
                          "Actual Total Time": 80.544,
                          "Actual Rows": 76083,
                          "Actual Loops": 7,
                          "Filter": "((kind_id < 7) AND (production_year > 1995))",
                          "Rows Removed by Filter": 285104
                        }
                      ]
                    }
                  ]
                }
              ]
            }
          ]
        }
      ]
    },
    "Planning Time": 0.66,
    "Triggers": [],
    "Execution Time": 521.282
  }
]