{
  "Plan": {
    "Node Type": "Aggregate",
    "Strategy": "Plain",
    "Partial Mode": "Finalize",
    "Parallel Aware": false,
    "Startup Cost": 254307.22,
    "Total Cost": 254307.23,
    "Plan Rows": 1,
    "Plan Width": 8,
    "Actual Startup Time": 780.882,
    "Actual Total Time": 812.11,
    "Actual Rows": 1,
    "Actual Loops": 1,
    "Plans": [
      {
        "Node Type": "Gather",
        "Parent Relationship": "Outer",
        "Parallel Aware": false,
        "Startup Cost": 254307.1,
        "Total Cost": 254307.21,
        "Plan Rows": 1,
        "Plan Width": 8,
        "Actual Startup Time": 779.248,
        "Actual Total Time": 812.101,
        "Actual Rows": 2,
        "Actual Loops": 1,
        "Workers Planned": 1,
        "Workers Launched": 1,
        "Single Copy": false,
        "Plans": [
          {
            "Node Type": "Aggregate",
            "Strategy": "Plain",
            "Partial Mode": "Partial",
            "Parent Relationship": "Outer",
            "Parallel Aware": false,
            "Startup Cost": 253307.1,
            "Total Cost": 253307.11,
            "Plan Rows": 1,
            "Plan Width": 8,
            "Actual Startup Time": 772.993,
            "Actual Total Time": 772.999,
            "Actual Rows": 1,
            "Actual Loops": 2,
            "Plans": [
              {
                "Node Type": "Nested Loop",
                "Parent Relationship": "Outer",
                "Parallel Aware": false,
                "Join Type": "Inner",
                "Startup Cost": 44046.6,
                "Total Cost": 253279.34,
                "Plan Rows": 11105,
                "Plan Width": 0,
                "Actual Startup Time": 200.434,
                "Actual Total Time": 770.915,
                "Actual Rows": 30078,
                "Actual Loops": 2,
                "Inner Unique": false,
                "Plans": [
                  {
                    "Node Type": "Hash Join",
                    "Parent Relationship": "Outer",
                    "Parallel Aware": true,
                    "Join Type": "Inner",
                    "Startup Cost": 44046.16,
                    "Total Cost": 105197.31,
                    "Plan Rows": 57962,
                    "Plan Width": 8,
                    "Actual Startup Time": 199.979,
                    "Actual Total Time": 466.513,
                    "Actual Rows": 53586,
                    "Actual Loops": 2,
                    "Inner Unique": false,
                    "Hash Cond": "(t.id = mc.movie_id)",
                    "Plans": [
                      {
                        "Node Type": "Seq Scan",
                        "Parent Relationship": "Outer",
                        "Parallel Aware": true,
                        "Relation Name": "title",
                        "Alias": "t",
                        "Startup Cost": 0.0,
                        "Total Cost": 58306.47,
                        "Plan Rows": 400596,
                        "Plan Width": 4,
                        "Actual Startup Time": 0.011,
                        "Actual Total Time": 146.679,
                        "Actual Rows": 369840,
                        "Actual Loops": 2,
                        "Filter": "((production_year > 2004) AND (kind_id = 7))",
                        "Rows Removed by Filter": 894316
                      },
                      {
                        "Node Type": "Hash",
                        "Parent Relationship": "Inner",
                        "Parallel Aware": true,
                        "Startup Cost": 41356.34,
                        "Total Cost": 41356.34,
                        "Plan Rows": 215186,
                        "Plan Width": 4,
                        "Actual Startup Time": 194.238,
                        "Actual Total Time": 194.24,
                        "Actual Rows": 260032,
                        "Actual Loops": 2,
                        "Hash Buckets": 524288,
                        "Original Hash Buckets": 524288,
                        "Hash Batches": 1,
                        "Original Hash Batches": 1,
                        "Peak Memory Usage": 24480,
                        "Plans": [
                          {
                            "Node Type": "Bitmap Heap Scan",
                            "Parent Relationship": "Outer",
                            "Parallel Aware": true,
                            "Relation Name": "movie_companies",
                            "Alias": "mc",
                            "Startup Cost": 16009.34,
                            "Total Cost": 41356.34,
                            "Plan Rows": 215186,
                            "Plan Width": 4,
                            "Actual Startup Time": 53.942,
                            "Actual Total Time": 138.614,
                            "Actual Rows": 260032,
                            "Actual Loops": 2,
                            "Recheck Cond": "(company_id < 1451)",
                            "Rows Removed by Index Recheck": 0,
                            "Filter": "(company_type_id < 2)",
                            "Rows Removed by Filter": 109093,
                            "Exact Heap Blocks": 10774,
                            "Lossy Heap Blocks": 0,
                            "Plans": [
                              {
                                "Node Type": "Bitmap Index Scan",
                                "Parent Relationship": "Outer",
                                "Parallel Aware": false,
                                "Index Name": "company_id_movie_companies",
                                "Startup Cost": 0.0,
                                "Total Cost": 15917.88,
                                "Plan Rows": 743127,
                                "Plan Width": 0,
                                "Actual Startup Time": 51.36,
                                "Actual Total Time": 51.36,
                                "Actual Rows": 738251,
                                "Actual Loops": 1,
                                "Index Cond": "(company_id < 1451)"
                              }
                            ]
                          }
                        ]
                      }
                    ]
                  },
                  {
                    "Node Type": "Index Scan",
                    "Parent Relationship": "Inner",
                    "Parallel Aware": false,
                    "Scan Direction": "Forward",
                    "Index Name": "movie_id_movie_info",
                    "Relation Name": "movie_info",
                    "Alias": "mi",
                    "Startup Cost": 0.43,
                    "Total Cost": 2.54,
                    "Plan Rows": 1,
                    "Plan Width": 4,
                    "Actual Startup Time": 0.005,
                    "Actual Total Time": 0.005,
                    "Actual Rows": 1,
                    "Actual Loops": 107171,
                    "Index Cond": "(movie_id = t.id)",
                    "Rows Removed by Index Recheck": 0,
                    "Filter": "(info_type_id = 5)",
                    "Rows Removed by Filter": 11
                  }
                ]
              }
            ]
          }
        ]
      }
    ]
  },
  "Planning Time": 1.063,
  "Triggers": [],
  "Execution Time": 812.22
}