[
  {
    "Plan": {
      "Node Type": "Aggregate",
      "Strategy": "Plain",
      "Partial Mode": "Finalize",
      "Parallel Aware": false,
      "Startup Cost": 46514.59,
      "Total Cost": 46514.6,
      "Plan Rows": 1,
      "Plan Width": 8,
      "Actual Startup Time": 150.845,
      "Actual Total Time": 160.291,
      "Actual Rows": 1,
      "Actual Loops": 1,
      "Plans": [
        {
          "Node Type": "Gather",
          "Parent Relationship": "Outer",
          "Parallel Aware": false,
          "Startup Cost": 46514.28,
          "Total Cost": 46514.59,
          "Plan Rows": 3,
          "Plan Width": 8,
          "Actual Startup Time": 150.747,
          "Actual Total Time": 160.284,
          "Actual Rows": 4,
          "Actual Loops": 1,
          "Workers Planned": 3,
          "Workers Launched": 3,
          "Single Copy": false,
          "Plans": [
            {
              "Node Type": "Aggregate",
              "Strategy": "Plain",
              "Partial Mode": "Partial",
              "Parent Relationship": "Outer",
              "Parallel Aware": false,
              "Startup Cost": 45514.28,
              "Total Cost": 45514.29,
              "Plan Rows": 1,
              "Plan Width": 8,
              "Actual Startup Time": 145.876,
              "Actual Total Time": 145.877,
              "Actual Rows": 1,
              "Actual Loops": 4,
              "Plans": [
                {
                  "Node Type": "Seq Scan",
                  "Parent Relationship": "Outer",
                  "Parallel Aware": true,
                  "Relation Name": "movie_keyword",
                  "Alias": "mk",
                  "Startup Cost": 0.0,
                  "Total Cost": 42695.65,
                  "Plan Rows": 1127449,
                  "Plan Width": 0,
                  "Actual Startup Time": 0.034,
                  "Actual Total Time": 109.48,
                  "Actual Rows": 874525,
                  "Actual Loops": 4,
                  "Filter": "(keyword_id < 17454)",
                  "Rows Removed by Filter": 256458
                }
              ]
            }
          ]
        }
      ]
    },
    "Planning Time": 0.099,
    "Triggers": [],
    "Execution Time": 160.323
  }
]