[
  {
    "Plan": {
      "Node Type": "Aggregate",
      "Strategy": "Plain",
      "Partial Mode": "Finalize",
      "Parallel Aware": false,
      "Startup Cost": 121839.55,
      "Total Cost": 121839.56,
      "Plan Rows": 1,
      "Plan Width": 8,
      "Actual Startup Time": 592.471,
      "Actual Total Time": 609.273,
      "Actual Rows": 1,
      "Actual Loops": 1,
      "Plans": [
        {
          "Node Type": "Gather",
          "Parent Relationship": "Outer",
          "Parallel Aware": false,
          "Startup Cost": 121839.23,
          "Total Cost": 121839.54,
          "Plan Rows": 3,
          "Plan Width": 8,
          "Actual Startup Time": 590.52,
          "Actual Total Time": 609.253,
          "Actual Rows": 4,
          "Actual Loops": 1,
          "Workers Planned": 3,
          "Workers Launched": 3,
          "Single Copy": false,
          "Plans": [
            {
              "Node Type": "Aggregate",
              "Strategy": "Plain",
              "Partial Mode": "Partial",
              "Parent Relationship": "Outer",
              "Parallel Aware": false,
              "Startup Cost": 120839.23,
              "Total Cost": 120839.24,
              "Plan Rows": 1,
              "Plan Width": 8,
              "Actual Startup Time": 582.14,
              "Actual Total Time": 582.325,
              "Actual Rows": 1,
              "Actual Loops": 4,
              "Plans": [
                {
                  "Node Type": "Hash Join",
                  "Parent Relationship": "Outer",
                  "Parallel Aware": true,
                  "Join Type": "Inner",
                  "Startup Cost": 75367.89,
                  "Total Cost": 120363.46,
                  "Plan Rows": 190306,
                  "Plan Width": 0,
                  "Actual Startup Time": 353.487,
                  "Actual Total Time": 554.549,
                  "Actual Rows": 689560,
                  "Actual Loops": 4,
                  "Inner Unique": false,
                  "Hash Cond": "(mk.movie_id = t.id)",
                  "Plans": [
                    {
                      "Node Type": "Seq Scan",
                      "Parent Relationship": "Outer",
                      "Parallel Aware": true,
                      "Relation Name": "movie_keyword",
                      "Alias": "mk",
                      "Startup Cost": 0.0,
                      "Total Cost": 39047.32,
                      "Plan Rows": 1459332,
                      "Plan Width": 4,
                      "Actual Startup Time": 0.029,
                      "Actual Total Time": 89.109,
                      "Actual Rows": 1130982,
                      "Actual Loops": 4
                    },
                    {
                      "Node Type": "Hash",
                      "Parent Relationship": "Inner",
                      "Parallel Aware": true,
                      "Startup Cost": 74337.56,
                      "Total Cost": 74337.56,
                      "Plan Rows": 82426,
                      "Plan Width": 8,
                      "Actual Startup Time": 315.124,
                      "Actual Total Time": 315.308,
                      "Actual Rows": 82945,
                      "Actual Loops": 4,
                      "Hash Buckets": 524288,
                      "Original Hash Buckets": 524288,
                      "Hash Batches": 1,
                      "Original Hash Batches": 1,
                      "Peak Memory Usage": 17120,
                      "Plans": [
                        {
                          "Node Type": "Hash Join",
                          "Parent Relationship": "Outer",
                          "Parallel Aware": true,
                          "Join Type": "Inner",
                          "Startup Cost": 28592.57,
                          "Total Cost": 74337.56,
                          "Plan Rows": 82426,
                          "Plan Width": 8,
                          "Actual Startup Time": 101.247,
                          "Actual Total Time": 287.603,
                          "Actual Rows": 82945,
                          "Actual Loops": 4,
                          "Inner Unique": false,
                          "Hash Cond": "(t.id = mc.movie_id)",
                          "Plans": [
                            {
                              "Node Type": "Seq Scan",
                              "Parent Relationship": "Outer",
                              "Parallel Aware": true,
                              "Relation Name": "title",
                              "Alias": "t",
                              "Startup Cost": 0.0,
                              "Total Cost": 42318.73,
                              "Plan Rows": 632073,
                              "Plan Width": 4,
                              "Actual Startup Time": 0.012,
                              "Actual Total Time": 73.721,
                              "Actual Rows": 632078,
                              "Actual Loops": 4
                            },
                            {
                              "Node Type": "Hash",
                              "Parent Relationship": "Inner",
                              "Parallel Aware": true,
                              "Startup Cost": 27263.11,
                              "Total Cost": 27263.11,
                              "Plan Rows": 106357,
                              "Plan Width": 4,
                              "Actual Startup Time": 89.992,
                              "Actual Total Time": 89.993,
                              "Actual Rows": 82945,
                              "Actual Loops": 4,
                              "Hash Buckets": 524288,
                              "Original Hash Buckets": 524288,
                              "Hash Batches": 1,
                              "Original Hash Batches": 1,
                              "Peak Memory Usage": 17120,
                              "Plans": [
                                {
                                  "Node Type": "Bitmap Heap Scan",
                                  "Parent Relationship": "Outer",
                                  "Parallel Aware": true,
                                  "Relation Name": "movie_companies",
                                  "Alias": "mc",
                                  "Startup Cost": 7143.65,
                                  "Total Cost": 27263.11,
                                  "Plan Rows": 106357,
                                  "Plan Width": 4,
                                  "Actual Startup Time": 24.015,
                                  "Actual Total Time": 53.13,
                                  "Actual Rows": 82945,
                                  "Actual Loops": 4,
                                  "Recheck Cond": "(company_id > 90412)",
                                  "Rows Removed by Index Recheck": 0,
                                  "Exact Heap Blocks": 2075,
                                  "Lossy Heap Blocks": 0,
                                  "Plans": [
                                    {
                                      "Node Type": "Bitmap Index Scan",
                                      "Parent Relationship": "Outer",
                                      "Parallel Aware": false,
                                      "Index Name": "company_id_movie_companies",
                                      "Startup Cost": 0.0,
                                      "Total Cost": 7061.23,
                                      "Plan Rows": 329706,
                                      "Plan Width": 0,
                                      "Actual Startup Time": 23.293,
                                      "Actual Total Time": 23.293,
                                      "Actual Rows": 331781,
                                      "Actual Loops": 1,
                                      "Index Cond": "(company_id > 90412)"
                                    }
                                  ]
                                }
                              ]
                            }
                          ]
                        }
                      ]
                    }
                  ]
                }
              ]
            }
          ]
        }
      ]
    },
    "Planning Time": 1.53,
    "Triggers": [],
    "Execution Time": 609.382
  }
]