[
  {
    "Plan": {
      "Node Type": "Aggregate",
      "Strategy": "Plain",
      "Partial Mode": "Finalize",
      "Parallel Aware": false,
      "Startup Cost": 51892.39,
      "Total Cost": 51892.4,
      "Plan Rows": 1,
      "Plan Width": 8,
      "Actual Startup Time": 102.634,
      "Actual Total Time": 115.695,
      "Actual Rows": 1,
      "Actual Loops": 1,
      "Plans": [
        {
          "Node Type": "Gather",
          "Parent Relationship": "Outer",
          "Parallel Aware": false,
          "Startup Cost": 51891.97,
          "Total Cost": 51892.38,
          "Plan Rows": 4,
          "Plan Width": 8,
          "Actual Startup Time": 102.498,
          "Actual Total Time": 115.687,
          "Actual Rows": 5,
          "Actual Loops": 1,
          "Workers Planned": 4,
          "Workers Launched": 4,
          "Single Copy": false,
          "Plans": [
            {
              "Node Type": "Aggregate",
              "Strategy": "Plain",
              "Partial Mode": "Partial",
              "Parent Relationship": "Outer",
              "Parallel Aware": false,
              "Startup Cost": 50891.97,
              "Total Cost": 50891.98,
              "Plan Rows": 1,
              "Plan Width": 8,
              "Actual Startup Time": 92.657,
              "Actual Total Time": 92.659,
              "Actual Rows": 1,
              "Actual Loops": 5,
              "Plans": [
                {
                  "Node Type": "Nested Loop",
                  "Parent Relationship": "Outer",
                  "Parallel Aware": false,
                  "Join Type": "Inner",
                  "Startup Cost": 0.43,
                  "Total Cost": 50890.93,
                  "Plan Rows": 417,
                  "Plan Width": 0,
                  "Actual Startup Time": 59.968,
                  "Actual Total Time": 92.635,
                  "Actual Rows": 168,
                  "Actual Loops": 5,
                  "Inner Unique": false,
                  "Plans": [
                    {
                      "Node Type": "Seq Scan",
                      "Parent Relationship": "Outer",
                      "Parallel Aware": true,
                      "Relation Name": "title",
                      "Alias": "t",
                      "Startup Cost": 0.0,
                      "Total Cost": 45479.1,
                      "Plan Rows": 764,
                      "Plan Width": 4,
                      "Actual Startup Time": 59.346,
                      "Actual Total Time": 83.657,
                      "Actual Rows": 1554,
                      "Actual Loops": 5,
                      "Filter": "((kind_id < 4) AND (production_year = 1912))",
                      "Rows Removed by Filter": 504108
                    },
                    {
                      "Node Type": "Index Only Scan",
                      "Parent Relationship": "Inner",
                      "Parallel Aware": false,
                      "Scan Direction": "Forward",
                      "Index Name": "movie_id_movie_info_idx",
                      "Relation Name": "movie_info_idx",
                      "Alias": "mi_idx",
                      "Startup Cost": 0.43,
                      "Total Cost": 7.05,
                      "Plan Rows": 3,
                      "Plan Width": 4,
                      "Actual Startup Time": 0.005,
                      "Actual Total Time": 0.005,
                      "Actual Rows": 0,
                      "Actual Loops": 7770,
                      "Index Cond": "(movie_id = t.id)",
                      "Rows Removed by Index Recheck": 0,
                      "Heap Fetches": 840
                    }
                  ]
                }
              ]
            }
          ]
        }
      ]
    },
    "Planning Time": 0.559,
    "Triggers": [],
    "Execution Time": 115.763
  }
]