[
  {
    "Plan": {
      "Node Type": "Aggregate",
      "Strategy": "Plain",
      "Partial Mode": "Finalize",
      "Parallel Aware": false,
      "Startup Cost": 53784.9,
      "Total Cost": 53784.91,
      "Plan Rows": 1,
      "Plan Width": 8,
      "Actual Startup Time": 21.136,
      "Actual Total Time": 24.758,
      "Actual Rows": 1,
      "Actual Loops": 1,
      "Plans": [
        {
          "Node Type": "Gather",
          "Parent Relationship": "Outer",
          "Parallel Aware": false,
          "Startup Cost": 53784.58,
          "Total Cost": 53784.89,
          "Plan Rows": 3,
          "Plan Width": 8,
          "Actual Startup Time": 20.96,
          "Actual Total Time": 24.75,
          "Actual Rows": 4,
          "Actual Loops": 1,
          "Workers Planned": 3,
          "Workers Launched": 3,
          "Single Copy": false,
          "Plans": [
            {
              "Node Type": "Aggregate",
              "Strategy": "Plain",
              "Partial Mode": "Partial",
              "Parent Relationship": "Outer",
              "Parallel Aware": false,
              "Startup Cost": 52784.58,
              "Total Cost": 52784.59,
              "Plan Rows": 1,
              "Plan Width": 8,
              "Actual Startup Time": 14.758,
              "Actual Total Time": 14.759,
              "Actual Rows": 1,
              "Actual Loops": 4,
              "Plans": [
                {
                  "Node Type": "Nested Loop",
                  "Parent Relationship": "Outer",
                  "Parallel Aware": false,
                  "Join Type": "Inner",
                  "Startup Cost": 760.87,
                  "Total Cost": 52782.59,
                  "Plan Rows": 795,
                  "Plan Width": 0,
                  "Actual Startup Time": 11.524,
                  "Actual Total Time": 14.744,
                  "Actual Rows": 31,
                  "Actual Loops": 4,
                  "Inner Unique": true,
                  "Plans": [
                    {
                      "Node Type": "Bitmap Heap Scan",
                      "Parent Relationship": "Outer",
                      "Parallel Aware": true,
                      "Relation Name": "movie_companies",
                      "Alias": "mc",
                      "Startup Cost": 760.44,
                      "Total Cost": 20011.98,
                      "Plan Rows": 5793,
                      "Plan Width": 4,
                      "Actual Startup Time": 10.949,
                      "Actual Total Time": 11.726,
                      "Actual Rows": 155,
                      "Actual Loops": 4,
                      "Recheck Cond": "(company_id = 160)",
                      "Rows Removed by Index Recheck": 0,
                      "Filter": "(company_type_id = 2)",
                      "Rows Removed by Filter": 8879,
                      "Exact Heap Blocks": 2877,
                      "Lossy Heap Blocks": 0,
                      "Plans": [
                        {
                          "Node Type": "Bitmap Index Scan",
                          "Parent Relationship": "Outer",
                          "Parallel Aware": false,
                          "Index Name": "company_id_movie_companies",
                          "Startup Cost": 0.0,
                          "Total Cost": 755.95,
                          "Plan Rows": 35136,
                          "Plan Width": 0,
                          "Actual Startup Time": 3.279,
                          "Actual Total Time": 3.28,
                          "Actual Rows": 36136,
                          "Actual Loops": 1,
                          "Index Cond": "(company_id = 160)"
                        }
                      ]
                    },
                    {
                      "Node Type": "Index Scan",
                      "Parent Relationship": "Inner",
                      "Parallel Aware": false,
                      "Scan Direction": "Forward",
                      "Index Name": "title_pkey",
                      "Relation Name": "title",
                      "Alias": "t",
                      "Startup Cost": 0.43,
                      "Total Cost": 5.66,
                      "Plan Rows": 1,
                      "Plan Width": 4,
                      "Actual Startup Time": 0.019,
                      "Actual Total Time": 0.019,
                      "Actual Rows": 0,
                      "Actual Loops": 619,
                      "Index Cond": "(id = mc.movie_id)",
                      "Rows Removed by Index Recheck": 0,
                      "Filter": "((production_year < 1985) AND (kind_id = 7))",
                      "Rows Removed by Filter": 1
                    }
                  ]
                }
              ]
            }
          ]
        }
      ]
    },
    "Planning Time": 0.455,
    "Triggers": [],
    "Execution Time": 24.814
  }
]