[
  {
    "Plan": {
      "Node Type": "Aggregate",
      "Strategy": "Plain",
      "Partial Mode": "Simple",
      "Parallel Aware": false,
      "Startup Cost": 1036555.64,
      "Total Cost": 1036555.65,
      "Plan Rows": 1,
      "Plan Width": 64,
      "Actual Startup Time": 8787.282,
      "Actual Total Time": 8787.29,
      "Actual Rows": 1,
      "Actual Loops": 1,
      "Output": [
        "min(chn.name)",
        "min(t.title)"
      ],
      "Plans": [
        {
          "Node Type": "Hash Join",
          "Parent Relationship": "Outer",
          "Parallel Aware": false,
          "Join Type": "Inner",
          "Startup Cost": 236367.97,
          "Total Cost": 1035722.81,
          "Plan Rows": 166566,
          "Plan Width": 33,
          "Actual Startup Time": 3289.616,
          "Actual Total Time": 8758.434,
          "Actual Rows": 362742,
          "Actual Loops": 1,
          "Output": [
            "chn.name",
            "t.title"
          ],
          "Inner Unique": false,
          "Hash Cond": "(ci.movie_id = t.id)",
          "Plans": [
            {
              "Node Type": "Hash Join",
              "Parent Relationship": "Outer",
              "Parallel Aware": false,
              "Join Type": "Inner",
              "Startup Cost": 107102.37,
              "Total Cost": 904279.02,
              "Plan Rows": 407418,
              "Plan Width": 20,
              "Actual Startup Time": 2047.634,
              "Actual Total Time": 7298.865,
              "Actual Rows": 646189,
              "Actual Loops": 1,
              "Output": [
                "chn.name",
                "ci.movie_id"
              ],
              "Inner Unique": true,
              "Hash Cond": "(ci.person_role_id = chn.id)",
              "Plans": [
                {
                  "Node Type": "Seq Scan",
                  "Parent Relationship": "Outer",
                  "Parallel Aware": false,
                  "Relation Name": "cast_info",
                  "Schema": "public",
                  "Alias": "ci",
                  "Startup Cost": 0.0,
                  "Total Cost": 796107.18,
                  "Plan Rows": 407418,
                  "Plan Width": 8,
                  "Actual Startup Time": 0.087,
                  "Actual Total Time": 4889.094,
                  "Actual Rows": 972282,
                  "Actual Loops": 1,
                  "Output": [
                    "ci.id",
                    "ci.person_id",
                    "ci.movie_id",
                    "ci.person_role_id",
                    "ci.note",
                    "ci.nr_order",
                    "ci.role_id"
                  ],
                  "Filter": "((ci.note !~~ '%(voice)%'::text) AND (ci.note ~~ '%(uncredited)%'::text))",
                  "Rows Removed by Filter": 35272062
                },
                {
                  "Node Type": "Hash",
                  "Parent Relationship": "Inner",
                  "Parallel Aware": false,
                  "Startup Cost": 67849.94,
                  "Total Cost": 67849.94,
                  "Plan Rows": 3140194,
                  "Plan Width": 20,
                  "Actual Startup Time": 2012.149,
                  "Actual Total Time": 2012.15,
                  "Actual Rows": 3140339,
                  "Actual Loops": 1,
                  "Output": [
                    "chn.name",
                    "chn.id"
                  ],
                  "Hash Buckets": 4194304,
                  "Original Hash Buckets": 4194304,
                  "Hash Batches": 1,
                  "Original Hash Batches": 1,
                  "Peak Memory Usage": 198037,
                  "Plans": [
                    {
                      "Node Type": "Seq Scan",
                      "Parent Relationship": "Outer",
                      "Parallel Aware": false,
                      "Relation Name": "char_name",
                      "Schema": "public",
                      "Alias": "chn",
                      "Startup Cost": 0.0,
                      "Total Cost": 67849.94,
                      "Plan Rows": 3140194,
                      "Plan Width": 20,
                      "Actual Startup Time": 0.047,
                      "Actual Total Time": 593.944,
                      "Actual Rows": 3140339,
                      "Actual Loops": 1,
                      "Output": [
                        "chn.name",
                        "chn.id"
                      ]
                    }
                  ]
                }
              ]
            },
            {
              "Node Type": "Hash",
              "Parent Relationship": "Inner",
              "Parallel Aware": false,
              "Startup Cost": 124220.61,
              "Total Cost": 124220.61,
              "Plan Rows": 403599,
              "Plan Width": 25,
              "Actual Startup Time": 1239.824,
              "Actual Total Time": 1239.827,
              "Actual Rows": 294635,
              "Actual Loops": 1,
              "Output": [
                "mc.movie_id",
                "t.title",
                "t.id"
              ],
              "Hash Buckets": 524288,
              "Original Hash Buckets": 524288,
              "Hash Batches": 1,
              "Original Hash Batches": 1,
              "Peak Memory Usage": 21724,
              "Plans": [
                {
                  "Node Type": "Hash Join",
                  "Parent Relationship": "Outer",
                  "Parallel Aware": false,
                  "Join Type": "Inner",
                  "Startup Cost": 72490.35,
                  "Total Cost": 124220.61,
                  "Plan Rows": 403599,
                  "Plan Width": 25,
                  "Actual Startup Time": 432.469,
                  "Actual Total Time": 1150.347,
                  "Actual Rows": 294635,
                  "Actual Loops": 1,
                  "Output": [
                    "mc.movie_id",
                    "t.title",
                    "t.id"
                  ],
                  "Inner Unique": true,
                  "Hash Cond": "(mc.movie_id = t.id)",
                  "Plans": [
                    {
                      "Node Type": "Seq Scan",
                      "Parent Relationship": "Outer",
                      "Parallel Aware": false,
                      "Relation Name": "movie_companies",
                      "Schema": "public",
                      "Alias": "mc",
                      "Startup Cost": 0.0,
                      "Total Cost": 44881.29,
                      "Plan Rows": 2609129,
                      "Plan Width": 4,
                      "Actual Startup Time": 0.015,
                      "Actual Total Time": 217.417,
                      "Actual Rows": 2609129,
                      "Actual Loops": 1,
                      "Output": [
                        "mc.id",
                        "mc.movie_id",
                        "mc.company_id",
                        "mc.company_type_id",
                        "mc.note"
                      ]
                    },
                    {
                      "Node Type": "Hash",
                      "Parent Relationship": "Inner",
                      "Parallel Aware": false,
                      "Startup Cost": 67601.66,
                      "Total Cost": 67601.66,
                      "Plan Rows": 391095,
                      "Plan Width": 21,
                      "Actual Startup Time": 430.237,
                      "Actual Total Time": 430.238,
                      "Actual Rows": 391666,
                      "Actual Loops": 1,
                      "Output": [
                        "t.title",
                        "t.id"
                      ],
                      "Hash Buckets": 524288,
                      "Original Hash Buckets": 524288,
                      "Hash Batches": 1,
                      "Original Hash Batches": 1,
                      "Peak Memory Usage": 25255,
                      "Plans": [
                        {
                          "Node Type": "Seq Scan",
                          "Parent Relationship": "Outer",
                          "Parallel Aware": false,
                          "Relation Name": "title",
                          "Schema": "public",
                          "Alias": "t",
                          "Startup Cost": 0.0,
                          "Total Cost": 67601.66,
                          "Plan Rows": 391095,
                          "Plan Width": 21,
                          "Actual Startup Time": 0.03,
                          "Actual Total Time": 297.651,
                          "Actual Rows": 391666,
                          "Actual Loops": 1,
                          "Output": [
                            "t.title",
                            "t.id"
                          ],
                          "Filter": "(t.production_year > 2010)",
                          "Rows Removed by Filter": 2136646
                        }
                      ]
                    }
                  ]
                }
              ]
            }
          ]
        }
      ]
    },
    "Planning Time": 6169.214,
    "Triggers": [],
    "Execution Time": 8792.362
  }
]