[
    {
        "Bao": {
            "Bao prediction": "NaN",
            "Bao recommended hint": "(no hint)"
        }
    },
    {
        "Plan": {
            "Node Type": "Aggregate",
            "Strategy": "Plain",
            "Partial Mode": "Finalize",
            "Parallel Aware": false,
            "Startup Cost": 43247.78,
            "Total Cost": 43247.79,
            "Plan Rows": 1,
            "Plan Width": 8,
            "Actual Startup Time": 156.33,
            "Actual Total Time": 163.416,
            "Actual Rows": 1,
            "Actual Loops": 1,
            "Output": [
                "count(*)"
            ],
            "Plans": [
                {
                    "Node Type": "Gather",
                    "Parent Relationship": "Outer",
                    "Parallel Aware": false,
                    "Startup Cost": 43247.46,
                    "Total Cost": 43247.77,
                    "Plan Rows": 3,
                    "Plan Width": 8,
                    "Actual Startup Time": 156.134,
                    "Actual Total Time": 163.407,
                    "Actual Rows": 4,
                    "Actual Loops": 1,
                    "Output": [
                        "(PARTIAL count(*))"
                    ],
                    "Workers Planned": 3,
                    "Workers Launched": 3,
                    "Single Copy": false,
                    "Plans": [
                        {
                            "Node Type": "Aggregate",
                            "Strategy": "Plain",
                            "Partial Mode": "Partial",
                            "Parent Relationship": "Outer",
                            "Parallel Aware": false,
                            "Startup Cost": 42247.46,
                            "Total Cost": 42247.47,
                            "Plan Rows": 1,
                            "Plan Width": 8,
                            "Actual Startup Time": 147.468,
                            "Actual Total Time": 147.469,
                            "Actual Rows": 1,
                            "Actual Loops": 4,
                            "Output": [
                                "PARTIAL count(*)"
                            ],
                            "Workers": [
                                {
                                    "Worker Number": 0,
                                    "Actual Startup Time": 144.66,
                                    "Actual Total Time": 144.661,
                                    "Actual Rows": 1,
                                    "Actual Loops": 1
                                },
                                {
                                    "Worker Number": 1,
                                    "Actual Startup Time": 144.583,
                                    "Actual Total Time": 144.584,
                                    "Actual Rows": 1,
                                    "Actual Loops": 1
                                },
                                {
                                    "Worker Number": 2,
                                    "Actual Startup Time": 144.945,
                                    "Actual Total Time": 144.947,
                                    "Actual Rows": 1,
                                    "Actual Loops": 1
                                }
                            ],
                            "Plans": [
                                {
                                    "Node Type": "Bitmap Heap Scan",
                                    "Parent Relationship": "Outer",
                                    "Parallel Aware": true,
                                    "Relation Name": "movie_keyword",
                                    "Schema": "public",
                                    "Alias": "mk",
                                    "Startup Cost": 14489.03,
                                    "Total Cost": 41696.73,
                                    "Plan Rows": 220295,
                                    "Plan Width": 0,
                                    "Actual Startup Time": 50.955,
                                    "Actual Total Time": 138.593,
                                    "Actual Rows": 166923,
                                    "Actual Loops": 4,
                                    "Recheck Cond": "(mk.keyword_id > 28061)",
                                    "Rows Removed by Index Recheck": 0,
                                    "Exact Heap Blocks": 8989,
                                    "Lossy Heap Blocks": 0,
                                    "Workers": [
                                        {
                                            "Worker Number": 0,
                                            "Actual Startup Time": 48.186,
                                            "Actual Total Time": 136.324,
                                            "Actual Rows": 137246,
                                            "Actual Loops": 1
                                        },
                                        {
                                            "Worker Number": 1,
                                            "Actual Startup Time": 48.196,
                                            "Actual Total Time": 136.437,
                                            "Actual Rows": 126770,
                                            "Actual Loops": 1
                                        },
                                        {
                                            "Worker Number": 2,
                                            "Actual Startup Time": 48.571,
                                            "Actual Total Time": 136.413,
                                            "Actual Rows": 149372,
                                            "Actual Loops": 1
                                        }
                                    ],
                                    "Plans": [
                                        {
                                            "Node Type": "Bitmap Index Scan",
                                            "Parent Relationship": "Outer",
                                            "Parallel Aware": false,
                                            "Index Name": "keyword_id_movie_keyword",
                                            "Startup Cost": 0.0,
                                            "Total Cost": 14318.3,
                                            "Plan Rows": 682916,
                                            "Plan Width": 0,
                                            "Actual Startup Time": 55.426,
                                            "Actual Total Time": 55.426,
                                            "Actual Rows": 667693,
                                            "Actual Loops": 1,
                                            "Index Cond": "(mk.keyword_id > 28061)"
                                        }
                                    ]
                                }
                            ]
                        }
                    ]
                }
            ]
        },
        "Planning Time": 238.572,
        "Triggers": [],
        "Execution Time": 163.526
    }
]