{
  "Plan": {
    "Node Type": "Aggregate",
    "Strategy": "Plain",
    "Partial Mode": "Finalize",
    "Parallel Aware": false,
    "Startup Cost": 661430.57,
    "Total Cost": 661430.58,
    "Plan Rows": 1,
    "Plan Width": 8,
    "Actual Startup Time": 3074.636,
    "Actual Total Time": 3127.237,
    "Actual Rows": 1,
    "Actual Loops": 1,
    "Plans": [
      {
        "Node Type": "Gather",
        "Parent Relationship": "Outer",
        "Parallel Aware": false,
        "Startup Cost": 661430.46,
        "Total Cost": 661430.57,
        "Plan Rows": 1,
        "Plan Width": 8,
        "Actual Startup Time": 3074.517,
        "Actual Total Time": 3127.23,
        "Actual Rows": 2,
        "Actual Loops": 1,
        "Workers Planned": 1,
        "Workers Launched": 1,
        "Single Copy": false,
        "Plans": [
          {
            "Node Type": "Aggregate",
            "Strategy": "Plain",
            "Partial Mode": "Partial",
            "Parent Relationship": "Outer",
            "Parallel Aware": false,
            "Startup Cost": 660430.46,
            "Total Cost": 660430.47,
            "Plan Rows": 1,
            "Plan Width": 8,
            "Actual Startup Time": 3069.082,
            "Actual Total Time": 3069.085,
            "Actual Rows": 1,
            "Actual Loops": 2,
            "Plans": [
              {
                "Node Type": "Hash Join",
                "Parent Relationship": "Outer",
                "Parallel Aware": true,
                "Join Type": "Inner",
                "Startup Cost": 54692.49,
                "Total Cost": 660253.32,
                "Plan Rows": 70856,
                "Plan Width": 0,
                "Actual Startup Time": 797.17,
                "Actual Total Time": 3066.043,
                "Actual Rows": 46494,
                "Actual Loops": 2,
                "Inner Unique": true,
                "Hash Cond": "(ci.movie_id = t.id)",
                "Plans": [
                  {
                    "Node Type": "Seq Scan",
                    "Parent Relationship": "Outer",
                    "Parallel Aware": true,
                    "Relation Name": "cast_info",
                    "Alias": "ci",
                    "Startup Cost": 0.0,
                    "Total Cost": 572345.93,
                    "Plan Rows": 12653274,
                    "Plan Width": 4,
                    "Actual Startup Time": 641.077,
                    "Actual Total Time": 2038.473,
                    "Actual Rows": 10150632,
                    "Actual Loops": 2,
                    "Filter": "((person_id < 3459377) AND (role_id > 1))",
                    "Rows Removed by Filter": 7971540
                  },
                  {
                    "Node Type": "Hash",
                    "Parent Relationship": "Inner",
                    "Parallel Aware": true,
                    "Startup Cost": 54588.39,
                    "Total Cost": 54588.39,
                    "Plan Rows": 8328,
                    "Plan Width": 4,
                    "Actual Startup Time": 155.127,
                    "Actual Total Time": 155.128,
                    "Actual Rows": 7174,
                    "Actual Loops": 2,
                    "Hash Buckets": 16384,
                    "Original Hash Buckets": 16384,
                    "Hash Batches": 1,
                    "Original Hash Batches": 1,
                    "Peak Memory Usage": 736,
                    "Plans": [
                      {
                        "Node Type": "Seq Scan",
                        "Parent Relationship": "Outer",
                        "Parallel Aware": true,
                        "Relation Name": "title",
                        "Alias": "t",
                        "Startup Cost": 0.0,
                        "Total Cost": 54588.39,
                        "Plan Rows": 8328,
                        "Plan Width": 4,
                        "Actual Startup Time": 0.114,
                        "Actual Total Time": 151.874,
                        "Actual Rows": 7174,
                        "Actual Loops": 2,
                        "Filter": "(production_year = 1969)",
                        "Rows Removed by Filter": 1256982
                      }
                    ]
                  }
                ]
              }
            ]
          }
        ]
      }
    ]
  },
  "Planning Time": 0.295,
  "Triggers": [],
  "Execution Time": 3127.3
}