[
  {
    "Plan": {
      "Node Type": "Aggregate",
      "Strategy": "Plain",
      "Partial Mode": "Finalize",
      "Parallel Aware": false,
      "Startup Cost": 115082.55,
      "Total Cost": 115082.56,
      "Plan Rows": 1,
      "Plan Width": 8,
      "Actual Startup Time": 1059.913,
      "Actual Total Time": 1125.772,
      "Actual Rows": 1,
      "Actual Loops": 1,
      "Plans": [
        {
          "Node Type": "Gather",
          "Parent Relationship": "Outer",
          "Parallel Aware": false,
          "Startup Cost": 115082.24,
          "Total Cost": 115082.55,
          "Plan Rows": 3,
          "Plan Width": 8,
          "Actual Startup Time": 1058.756,
          "Actual Total Time": 1125.761,
          "Actual Rows": 4,
          "Actual Loops": 1,
          "Workers Planned": 3,
          "Workers Launched": 3,
          "Single Copy": false,
          "Plans": [
            {
              "Node Type": "Aggregate",
              "Strategy": "Plain",
              "Partial Mode": "Partial",
              "Parent Relationship": "Outer",
              "Parallel Aware": false,
              "Startup Cost": 114082.24,
              "Total Cost": 114082.25,
              "Plan Rows": 1,
              "Plan Width": 8,
              "Actual Startup Time": 1048.887,
              "Actual Total Time": 1048.968,
              "Actual Rows": 1,
              "Actual Loops": 4,
              "Plans": [
                {
                  "Node Type": "Nested Loop",
                  "Parent Relationship": "Outer",
                  "Parallel Aware": false,
                  "Join Type": "Inner",
                  "Startup Cost": 59604.97,
                  "Total Cost": 114063.87,
                  "Plan Rows": 7346,
                  "Plan Width": 0,
                  "Actual Startup Time": 208.538,
                  "Actual Total Time": 1033.45,
                  "Actual Rows": 271076,
                  "Actual Loops": 4,
                  "Inner Unique": false,
                  "Join Filter": "(t.id = ci.movie_id)",
                  "Rows Removed by Join Filter": 0,
                  "Plans": [
                    {
                      "Node Type": "Hash Join",
                      "Parent Relationship": "Outer",
                      "Parallel Aware": true,
                      "Join Type": "Inner",
                      "Startup Cost": 59604.41,
                      "Total Cost": 87245.71,
                      "Plan Rows": 7097,
                      "Plan Width": 8,
                      "Actual Startup Time": 208.336,
                      "Actual Total Time": 279.134,
                      "Actual Rows": 32338,
                      "Actual Loops": 4,
                      "Inner Unique": true,
                      "Hash Cond": "(mk.movie_id = t.id)",
                      "Plans": [
                        {
                          "Node Type": "Bitmap Heap Scan",
                          "Parent Relationship": "Outer",
                          "Parallel Aware": true,
                          "Relation Name": "movie_keyword",
                          "Alias": "mk",
                          "Startup Cost": 13859.24,
                          "Total Cost": 40947.37,
                          "Plan Rows": 210731,
                          "Plan Width": 4,
                          "Actual Startup Time": 45.678,
                          "Actual Total Time": 103.328,
                          "Actual Rows": 160092,
                          "Actual Loops": 4,
                          "Recheck Cond": "(keyword_id > 29029)",
                          "Rows Removed by Index Recheck": 0,
                          "Exact Heap Blocks": 6276,
                          "Lossy Heap Blocks": 0,
                          "Plans": [
                            {
                              "Node Type": "Bitmap Index Scan",
                              "Parent Relationship": "Outer",
                              "Parallel Aware": false,
                              "Index Name": "keyword_id_movie_keyword",
                              "Startup Cost": 0.0,
                              "Total Cost": 13695.92,
                              "Plan Rows": 653265,
                              "Plan Width": 0,
                              "Actual Startup Time": 42.003,
                              "Actual Total Time": 42.003,
                              "Actual Rows": 640368,
                              "Actual Loops": 1,
                              "Index Cond": "(keyword_id > 29029)"
                            }
                          ]
                        },
                        {
                          "Node Type": "Hash",
                          "Parent Relationship": "Inner",
                          "Parallel Aware": true,
                          "Startup Cost": 45479.1,
                          "Total Cost": 45479.1,
                          "Plan Rows": 21286,
                          "Plan Width": 4,
                          "Actual Startup Time": 135.205,
                          "Actual Total Time": 135.205,
                          "Actual Rows": 54399,
                          "Actual Loops": 4,
                          "Hash Buckets": 262144,
                          "Original Hash Buckets": 131072,
                          "Hash Batches": 1,
                          "Original Hash Batches": 1,
                          "Peak Memory Usage": 11680,
                          "Plans": [
                            {
                              "Node Type": "Seq Scan",
                              "Parent Relationship": "Outer",
                              "Parallel Aware": true,
                              "Relation Name": "title",
                              "Alias": "t",
                              "Startup Cost": 0.0,
                              "Total Cost": 45479.1,
                              "Plan Rows": 21286,
                              "Plan Width": 4,
                              "Actual Startup Time": 68.763,
                              "Actual Total Time": 112.465,
                              "Actual Rows": 54399,
                              "Actual Loops": 4,
                              "Filter": "((production_year < 1968) AND (kind_id = 1))",
                              "Rows Removed by Filter": 577679
                            }
                          ]
                        }
                      ]
                    },
                    {
                      "Node Type": "Index Scan",
                      "Parent Relationship": "Inner",
                      "Parallel Aware": false,
                      "Scan Direction": "Forward",
                      "Index Name": "movie_id_cast_info",
                      "Relation Name": "cast_info",
                      "Alias": "ci",
                      "Startup Cost": 0.56,
                      "Total Cost": 3.74,
                      "Plan Rows": 3,
                      "Plan Width": 4,
                      "Actual Startup Time": 0.004,
                      "Actual Total Time": 0.022,
                      "Actual Rows": 8,
                      "Actual Loops": 129352,
                      "Index Cond": "(movie_id = mk.movie_id)",
                      "Rows Removed by Index Recheck": 0,
                      "Filter": "((person_id < 757916) AND (role_id < 2))",
                      "Rows Removed by Filter": 24
                    }
                  ]
                }
              ]
            }
          ]
        }
      ]
    },
    "Planning Time": 1.522,
    "Triggers": [],
    "Execution Time": 1125.922
  }
]