{
  "Plan": {
    "Node Type": "Aggregate",
    "Strategy": "Plain",
    "Partial Mode": "Finalize",
    "Parallel Aware": false,
    "Startup Cost": 85033.36,
    "Total Cost": 85033.37,
    "Plan Rows": 1,
    "Plan Width": 8,
    "Actual Startup Time": 172.961,
    "Actual Total Time": 183.589,
    "Actual Rows": 1,
    "Actual Loops": 1,
    "Plans": [
      {
        "Node Type": "Gather",
        "Parent Relationship": "Outer",
        "Parallel Aware": false,
        "Startup Cost": 85033.25,
        "Total Cost": 85033.36,
        "Plan Rows": 1,
        "Plan Width": 8,
        "Actual Startup Time": 172.473,
        "Actual Total Time": 183.581,
        "Actual Rows": 2,
        "Actual Loops": 1,
        "Workers Planned": 1,
        "Workers Launched": 1,
        "Single Copy": false,
        "Plans": [
          {
            "Node Type": "Aggregate",
            "Strategy": "Plain",
            "Partial Mode": "Partial",
            "Parent Relationship": "Outer",
            "Parallel Aware": false,
            "Startup Cost": 84033.25,
            "Total Cost": 84033.26,
            "Plan Rows": 1,
            "Plan Width": 8,
            "Actual Startup Time": 168.387,
            "Actual Total Time": 168.391,
            "Actual Rows": 1,
            "Actual Loops": 2,
            "Plans": [
              {
                "Node Type": "Hash Join",
                "Parent Relationship": "Outer",
                "Parallel Aware": true,
                "Join Type": "Inner",
                "Startup Cost": 57926.39,
                "Total Cost": 84028.7,
                "Plan Rows": 1820,
                "Plan Width": 0,
                "Actual Startup Time": 117.028,
                "Actual Total Time": 168.21,
                "Actual Rows": 2182,
                "Actual Loops": 2,
                "Inner Unique": true,
                "Hash Cond": "(mk.movie_id = t.id)",
                "Plans": [
                  {
                    "Node Type": "Bitmap Heap Scan",
                    "Parent Relationship": "Outer",
                    "Parallel Aware": true,
                    "Relation Name": "movie_keyword",
                    "Alias": "mk",
                    "Startup Cost": 3932.24,
                    "Total Cost": 29748.48,
                    "Plan Rows": 108979,
                    "Plan Width": 4,
                    "Actual Startup Time": 14.8,
                    "Actual Total Time": 54.314,
                    "Actual Rows": 93854,
                    "Actual Loops": 2,
                    "Recheck Cond": "(keyword_id > 71399)",
                    "Rows Removed by Index Recheck": 0,
                    "Exact Heap Blocks": 11263,
                    "Lossy Heap Blocks": 0,
                    "Plans": [
                      {
                        "Node Type": "Bitmap Index Scan",
                        "Parent Relationship": "Outer",
                        "Parallel Aware": false,
                        "Index Name": "keyword_id_movie_keyword",
                        "Startup Cost": 0.0,
                        "Total Cost": 3885.92,
                        "Plan Rows": 185265,
                        "Plan Width": 0,
                        "Actual Startup Time": 11.874,
                        "Actual Total Time": 11.875,
                        "Actual Rows": 187709,
                        "Actual Loops": 1,
                        "Index Cond": "(keyword_id > 71399)"
                      }
                    ]
                  },
                  {
                    "Node Type": "Hash",
                    "Parent Relationship": "Inner",
                    "Parallel Aware": true,
                    "Startup Cost": 53683.67,
                    "Total Cost": 53683.67,
                    "Plan Rows": 24839,
                    "Plan Width": 4,
                    "Actual Startup Time": 100.899,
                    "Actual Total Time": 100.9,
                    "Actual Rows": 19780,
                    "Actual Loops": 2,
                    "Hash Buckets": 65536,
                    "Original Hash Buckets": 65536,
                    "Hash Batches": 1,
                    "Original Hash Batches": 1,
                    "Peak Memory Usage": 2112,
                    "Plans": [
                      {
                        "Node Type": "Bitmap Heap Scan",
                        "Parent Relationship": "Outer",
                        "Parallel Aware": true,
                        "Relation Name": "title",
                        "Alias": "t",
                        "Startup Cost": 11833.41,
                        "Total Cost": 53683.67,
                        "Plan Rows": 24839,
                        "Plan Width": 4,
                        "Actual Startup Time": 39.311,
                        "Actual Total Time": 95.639,
                        "Actual Rows": 19780,
                        "Actual Loops": 2,
                        "Recheck Cond": "(kind_id = 1)",
                        "Rows Removed by Index Recheck": 0,
                        "Filter": "(production_year = 2012)",
                        "Rows Removed by Filter": 311632,
                        "Exact Heap Blocks": 9521,
                        "Lossy Heap Blocks": 0,
                        "Plans": [
                          {
                            "Node Type": "Bitmap Index Scan",
                            "Parent Relationship": "Outer",
                            "Parallel Aware": false,
                            "Index Name": "kind_id_title",
                            "Startup Cost": 0.0,
                            "Total Cost": 11822.85,
                            "Plan Rows": 663256,
                            "Plan Width": 0,
                            "Actual Startup Time": 39.848,
                            "Actual Total Time": 39.848,
                            "Actual Rows": 662825,
                            "Actual Loops": 1,
                            "Index Cond": "(kind_id = 1)"
                          }
                        ]
                      }
                    ]
                  }
                ]
              }
            ]
          }
        ]
      }
    ]
  },
  "Planning Time": 0.472,
  "Triggers": [],
  "Execution Time": 183.717
}