{
  "Plan": {
    "Node Type": "Aggregate",
    "Strategy": "Plain",
    "Partial Mode": "Finalize",
    "Parallel Aware": false,
    "Startup Cost": 509138.09,
    "Total Cost": 509138.1,
    "Plan Rows": 1,
    "Plan Width": 8,
    "Actual Startup Time": 2467.852,
    "Actual Total Time": 2494.704,
    "Actual Rows": 1,
    "Actual Loops": 1,
    "Plans": [
      {
        "Node Type": "Gather",
        "Parent Relationship": "Outer",
        "Parallel Aware": false,
        "Startup Cost": 509137.97,
        "Total Cost": 509138.08,
        "Plan Rows": 1,
        "Plan Width": 8,
        "Actual Startup Time": 2461.426,
        "Actual Total Time": 2494.694,
        "Actual Rows": 2,
        "Actual Loops": 1,
        "Workers Planned": 1,
        "Workers Launched": 1,
        "Single Copy": false,
        "Plans": [
          {
            "Node Type": "Aggregate",
            "Strategy": "Plain",
            "Partial Mode": "Partial",
            "Parent Relationship": "Outer",
            "Parallel Aware": false,
            "Startup Cost": 508137.97,
            "Total Cost": 508137.98,
            "Plan Rows": 1,
            "Plan Width": 8,
            "Actual Startup Time": 2449.748,
            "Actual Total Time": 2449.752,
            "Actual Rows": 1,
            "Actual Loops": 2,
            "Plans": [
              {
                "Node Type": "Hash Join",
                "Parent Relationship": "Outer",
                "Parallel Aware": true,
                "Join Type": "Inner",
                "Startup Cost": 196035.43,
                "Total Cost": 499710.24,
                "Plan Rows": 3371094,
                "Plan Width": 0,
                "Actual Startup Time": 794.811,
                "Actual Total Time": 2327.637,
                "Actual Rows": 2936597,
                "Actual Loops": 2,
                "Inner Unique": true,
                "Hash Cond": "(ci.movie_id = t.id)",
                "Plans": [
                  {
                    "Node Type": "Bitmap Heap Scan",
                    "Parent Relationship": "Outer",
                    "Parallel Aware": true,
                    "Relation Name": "cast_info",
                    "Alias": "ci",
                    "Startup Cost": 126574.73,
                    "Total Cost": 421400.41,
                    "Plan Rows": 3371094,
                    "Plan Width": 4,
                    "Actual Startup Time": 266.501,
                    "Actual Total Time": 561.55,
                    "Actual Rows": 2936597,
                    "Actual Loops": 2,
                    "Recheck Cond": "(person_id < 568755)",
                    "Rows Removed by Index Recheck": 0,
                    "Exact Heap Blocks": 31688,
                    "Lossy Heap Blocks": 0,
                    "Plans": [
                      {
                        "Node Type": "Bitmap Index Scan",
                        "Parent Relationship": "Outer",
                        "Parallel Aware": false,
                        "Index Name": "person_id_cast_info",
                        "Startup Cost": 0.0,
                        "Total Cost": 125142.01,
                        "Plan Rows": 5730860,
                        "Plan Width": 0,
                        "Actual Startup Time": 255.733,
                        "Actual Total Time": 255.734,
                        "Actual Rows": 5873194,
                        "Actual Loops": 1,
                        "Index Cond": "(person_id < 568755)"
                      }
                    ]
                  },
                  {
                    "Node Type": "Hash",
                    "Parent Relationship": "Inner",
                    "Parallel Aware": true,
                    "Startup Cost": 50870.31,
                    "Total Cost": 50870.31,
                    "Plan Rows": 1487231,
                    "Plan Width": 4,
                    "Actual Startup Time": 506.811,
                    "Actual Total Time": 506.812,
                    "Actual Rows": 1264156,
                    "Actual Loops": 2,
                    "Hash Buckets": 4194304,
                    "Original Hash Buckets": 4194304,
                    "Hash Batches": 1,
                    "Original Hash Batches": 1,
                    "Peak Memory Usage": 131712,
                    "Plans": [
                      {
                        "Node Type": "Seq Scan",
                        "Parent Relationship": "Outer",
                        "Parallel Aware": true,
                        "Relation Name": "title",
                        "Alias": "t",
                        "Startup Cost": 0.0,
                        "Total Cost": 50870.31,
                        "Plan Rows": 1487231,
                        "Plan Width": 4,
                        "Actual Startup Time": 0.025,
                        "Actual Total Time": 151.194,
                        "Actual Rows": 1264156,
                        "Actual Loops": 2
                      }
                    ]
                  }
                ]
              }
            ]
          }
        ]
      }
    ]
  },
  "Planning Time": 0.654,
  "Triggers": [],
  "Execution Time": 2494.794
}