{
  "Plan": {
    "Node Type": "Aggregate",
    "Strategy": "Plain",
    "Partial Mode": "Finalize",
    "Parallel Aware": false,
    "Startup Cost": 258792.04,
    "Total Cost": 258792.05,
    "Plan Rows": 1,
    "Plan Width": 8,
    "Actual Startup Time": 661.932,
    "Actual Total Time": 710.857,
    "Actual Rows": 1,
    "Actual Loops": 1,
    "Plans": [
      {
        "Node Type": "Gather",
        "Parent Relationship": "Outer",
        "Parallel Aware": false,
        "Startup Cost": 258791.92,
        "Total Cost": 258792.03,
        "Plan Rows": 1,
        "Plan Width": 8,
        "Actual Startup Time": 660.101,
        "Actual Total Time": 710.849,
        "Actual Rows": 2,
        "Actual Loops": 1,
        "Workers Planned": 1,
        "Workers Launched": 1,
        "Single Copy": false,
        "Plans": [
          {
            "Node Type": "Aggregate",
            "Strategy": "Plain",
            "Partial Mode": "Partial",
            "Parent Relationship": "Outer",
            "Parallel Aware": false,
            "Startup Cost": 257791.92,
            "Total Cost": 257791.93,
            "Plan Rows": 1,
            "Plan Width": 8,
            "Actual Startup Time": 654.056,
            "Actual Total Time": 654.06,
            "Actual Rows": 1,
            "Actual Loops": 2,
            "Plans": [
              {
                "Node Type": "Nested Loop",
                "Parent Relationship": "Outer",
                "Parallel Aware": false,
                "Join Type": "Inner",
                "Startup Cost": 61910.48,
                "Total Cost": 257023.55,
                "Plan Rows": 307348,
                "Plan Width": 0,
                "Actual Startup Time": 256.234,
                "Actual Total Time": 641.85,
                "Actual Rows": 198404,
                "Actual Loops": 2,
                "Inner Unique": false,
                "Plans": [
                  {
                    "Node Type": "Hash Join",
                    "Parent Relationship": "Outer",
                    "Parallel Aware": true,
                    "Join Type": "Inner",
                    "Startup Cost": 61910.04,
                    "Total Cost": 80704.16,
                    "Plan Rows": 52562,
                    "Plan Width": 8,
                    "Actual Startup Time": 256.148,
                    "Actual Total Time": 397.781,
                    "Actual Rows": 24590,
                    "Actual Loops": 2,
                    "Inner Unique": true,
                    "Hash Cond": "(mi_idx.movie_id = t.id)",
                    "Plans": [
                      {
                        "Node Type": "Seq Scan",
                        "Parent Relationship": "Outer",
                        "Parallel Aware": true,
                        "Relation Name": "movie_info_idx",
                        "Alias": "mi_idx",
                        "Startup Cost": 0.0,
                        "Total Cost": 18082.32,
                        "Plan Rows": 271164,
                        "Plan Width": 4,
                        "Actual Startup Time": 0.023,
                        "Actual Total Time": 59.735,
                        "Actual Rows": 230092,
                        "Actual Loops": 2,
                        "Filter": "(info_type_id > 100)",
                        "Rows Removed by Filter": 459925
                      },
                      {
                        "Node Type": "Hash",
                        "Parent Relationship": "Inner",
                        "Parallel Aware": true,
                        "Startup Cost": 58306.47,
                        "Total Cost": 58306.47,
                        "Plan Rows": 288286,
                        "Plan Width": 4,
                        "Actual Startup Time": 250.185,
                        "Actual Total Time": 250.186,
                        "Actual Rows": 250890,
                        "Actual Loops": 2,
                        "Hash Buckets": 524288,
                        "Original Hash Buckets": 524288,
                        "Hash Batches": 1,
                        "Original Hash Batches": 1,
                        "Peak Memory Usage": 23776,
                        "Plans": [
                          {
                            "Node Type": "Seq Scan",
                            "Parent Relationship": "Outer",
                            "Parallel Aware": true,
                            "Relation Name": "title",
                            "Alias": "t",
                            "Startup Cost": 0.0,
                            "Total Cost": 58306.47,
                            "Plan Rows": 288286,
                            "Plan Width": 4,
                            "Actual Startup Time": 0.027,
                            "Actual Total Time": 178.898,
                            "Actual Rows": 250890,
                            "Actual Loops": 2,
                            "Filter": "((kind_id > 1) AND (production_year > 2008))",
                            "Rows Removed by Filter": 1013266
                          }
                        ]
                      }
                    ]
                  },
                  {
                    "Node Type": "Index Only Scan",
                    "Parent Relationship": "Inner",
                    "Parallel Aware": false,
                    "Scan Direction": "Forward",
                    "Index Name": "movie_id_movie_info",
                    "Relation Name": "movie_info",
                    "Alias": "mi",
                    "Startup Cost": 0.43,
                    "Total Cost": 2.93,
                    "Plan Rows": 42,
                    "Plan Width": 4,
                    "Actual Startup Time": 0.004,
                    "Actual Total Time": 0.009,
                    "Actual Rows": 8,
                    "Actual Loops": 49179,
                    "Index Cond": "(movie_id = t.id)",
                    "Rows Removed by Index Recheck": 0,
                    "Heap Fetches": 396807
                  }
                ]
              }
            ]
          }
        ]
      }
    ]
  },
  "Planning Time": 0.94,
  "Triggers": [],
  "Execution Time": 710.959
}