[
  {
    "Plan": {
      "Node Type": "Aggregate",
      "Strategy": "Plain",
      "Partial Mode": "Finalize",
      "Parallel Aware": false,
      "Startup Cost": 333777.32,
      "Total Cost": 333777.33,
      "Plan Rows": 1,
      "Plan Width": 8,
      "Actual Startup Time": 632.985,
      "Actual Total Time": 676.099,
      "Actual Rows": 1,
      "Actual Loops": 1,
      "Plans": [
        {
          "Node Type": "Gather",
          "Parent Relationship": "Outer",
          "Parallel Aware": false,
          "Startup Cost": 333776.69,
          "Total Cost": 333777.3,
          "Plan Rows": 6,
          "Plan Width": 8,
          "Actual Startup Time": 632.783,
          "Actual Total Time": 676.084,
          "Actual Rows": 7,
          "Actual Loops": 1,
          "Workers Planned": 6,
          "Workers Launched": 6,
          "Single Copy": false,
          "Plans": [
            {
              "Node Type": "Aggregate",
              "Strategy": "Plain",
              "Partial Mode": "Partial",
              "Parent Relationship": "Outer",
              "Parallel Aware": false,
              "Startup Cost": 332776.69,
              "Total Cost": 332776.7,
              "Plan Rows": 1,
              "Plan Width": 8,
              "Actual Startup Time": 622.402,
              "Actual Total Time": 622.403,
              "Actual Rows": 1,
              "Actual Loops": 7,
              "Plans": [
                {
                  "Node Type": "Seq Scan",
                  "Parent Relationship": "Outer",
                  "Parallel Aware": true,
                  "Relation Name": "cast_info",
                  "Alias": "ci",
                  "Startup Cost": 0.0,
                  "Total Cost": 328211.39,
                  "Plan Rows": 1826120,
                  "Plan Width": 0,
                  "Actual Startup Time": 283.463,
                  "Actual Total Time": 552.075,
                  "Actual Rows": 1549497,
                  "Actual Loops": 7,
                  "Filter": "(person_id > 2622113)",
                  "Rows Removed by Filter": 3628266
                }
              ]
            }
          ]
        }
      ]
    },
    "Planning Time": 0.167,
    "Triggers": [],
    "Execution Time": 676.164
  }
]