[
  {
    "Plan": {
      "Node Type": "Aggregate",
      "Strategy": "Plain",
      "Partial Mode": "Finalize",
      "Parallel Aware": false,
      "Startup Cost": 85413.07,
      "Total Cost": 85413.08,
      "Plan Rows": 1,
      "Plan Width": 8,
      "Actual Startup Time": 283.406,
      "Actual Total Time": 300.587,
      "Actual Rows": 1,
      "Actual Loops": 1,
      "Plans": [
        {
          "Node Type": "Gather",
          "Parent Relationship": "Outer",
          "Parallel Aware": false,
          "Startup Cost": 85412.65,
          "Total Cost": 85413.06,
          "Plan Rows": 4,
          "Plan Width": 8,
          "Actual Startup Time": 282.941,
          "Actual Total Time": 300.576,
          "Actual Rows": 5,
          "Actual Loops": 1,
          "Workers Planned": 4,
          "Workers Launched": 4,
          "Single Copy": false,
          "Plans": [
            {
              "Node Type": "Aggregate",
              "Strategy": "Plain",
              "Partial Mode": "Partial",
              "Parent Relationship": "Outer",
              "Parallel Aware": false,
              "Startup Cost": 84412.65,
              "Total Cost": 84412.66,
              "Plan Rows": 1,
              "Plan Width": 8,
              "Actual Startup Time": 272.223,
              "Actual Total Time": 272.227,
              "Actual Rows": 1,
              "Actual Loops": 5,
              "Plans": [
                {
                  "Node Type": "Nested Loop",
                  "Parent Relationship": "Outer",
                  "Parallel Aware": false,
                  "Join Type": "Inner",
                  "Startup Cost": 22461.95,
                  "Total Cost": 84384.62,
                  "Plan Rows": 11212,
                  "Plan Width": 0,
                  "Actual Startup Time": 154.394,
                  "Actual Total Time": 270.713,
                  "Actual Rows": 23084,
                  "Actual Loops": 5,
                  "Inner Unique": false,
                  "Plans": [
                    {
                      "Node Type": "Hash Join",
                      "Parent Relationship": "Outer",
                      "Parallel Aware": true,
                      "Join Type": "Inner",
                      "Startup Cost": 22461.52,
                      "Total Cost": 68040.11,
                      "Plan Rows": 30843,
                      "Plan Width": 8,
                      "Actual Startup Time": 149.359,
                      "Actual Total Time": 202.307,
                      "Actual Rows": 23757,
                      "Actual Loops": 5,
                      "Inner Unique": false,
                      "Hash Cond": "(t.id = mc.movie_id)",
                      "Plans": [
                        {
                          "Node Type": "Seq Scan",
                          "Parent Relationship": "Outer",
                          "Parallel Aware": true,
                          "Relation Name": "title",
                          "Alias": "t",
                          "Startup Cost": 0.0,
                          "Total Cost": 42318.73,
                          "Plan Rows": 632073,
                          "Plan Width": 4,
                          "Actual Startup Time": 0.016,
                          "Actual Total Time": 70.162,
                          "Actual Rows": 505662,
                          "Actual Loops": 5
                        },
                        {
                          "Node Type": "Hash",
                          "Parent Relationship": "Inner",
                          "Parallel Aware": true,
                          "Startup Cost": 21964.04,
                          "Total Cost": 21964.04,
                          "Plan Rows": 39798,
                          "Plan Width": 4,
                          "Actual Startup Time": 45.448,
                          "Actual Total Time": 45.45,
                          "Actual Rows": 23757,
                          "Actual Loops": 5,
                          "Hash Buckets": 131072,
                          "Original Hash Buckets": 131072,
                          "Hash Batches": 1,
                          "Original Hash Batches": 1,
                          "Peak Memory Usage": 5760,
                          "Plans": [
                            {
                              "Node Type": "Bitmap Heap Scan",
                              "Parent Relationship": "Outer",
                              "Parallel Aware": true,
                              "Relation Name": "movie_companies",
                              "Alias": "mc",
                              "Startup Cost": 2676.57,
                              "Total Cost": 21964.04,
                              "Plan Rows": 39798,
                              "Plan Width": 4,
                              "Actual Startup Time": 10.85,
                              "Actual Total Time": 32.541,
                              "Actual Rows": 23757,
                              "Actual Loops": 5,
                              "Recheck Cond": "(company_id > 147009)",
                              "Rows Removed by Index Recheck": 0,
                              "Exact Heap Blocks": 1404,
                              "Lossy Heap Blocks": 0,
                              "Plans": [
                                {
                                  "Node Type": "Bitmap Index Scan",
                                  "Parent Relationship": "Outer",
                                  "Parallel Aware": false,
                                  "Index Name": "company_id_movie_companies",
                                  "Startup Cost": 0.0,
                                  "Total Cost": 2645.73,
                                  "Plan Rows": 123373,
                                  "Plan Width": 0,
                                  "Actual Startup Time": 14.988,
                                  "Actual Total Time": 14.988,
                                  "Actual Rows": 118786,
                                  "Actual Loops": 1,
                                  "Index Cond": "(company_id > 147009)"
                                }
                              ]
                            }
                          ]
                        }
                      ]
                    },
                    {
                      "Node Type": "Index Scan",
                      "Parent Relationship": "Inner",
                      "Parallel Aware": false,
                      "Scan Direction": "Forward",
                      "Index Name": "movie_id_movie_info_idx",
                      "Relation Name": "movie_info_idx",
                      "Alias": "mi_idx",
                      "Startup Cost": 0.43,
                      "Total Cost": 0.51,
                      "Plan Rows": 2,
                      "Plan Width": 4,
                      "Actual Startup Time": 0.002,
                      "Actual Total Time": 0.003,
                      "Actual Rows": 1,
                      "Actual Loops": 118786,
                      "Index Cond": "(movie_id = t.id)",
                      "Rows Removed by Index Recheck": 0,
                      "Filter": "(info_type_id < 101)",
                      "Rows Removed by Filter": 0
                    }
                  ]
                }
              ]
            }
          ]
        }
      ]
    },
    "Planning Time": 1.54,
    "Triggers": [],
    "Execution Time": 300.767
  }
]