{
    "Plan": {
        "Node Type": "Aggregate",
        "Strategy": "Plain",
        "Partial Mode": "Finalize",
        "Parallel Aware": false,
        "Startup Cost": 77576.02,
        "Total Cost": 77576.03,
        "Plan Rows": 1,
        "Plan Width": 8,
        "Actual Startup Time": 273.794,
        "Actual Total Time": 288.589,
        "Actual Rows": 1,
        "Actual Loops": 1,
        "Output": [
            "count(*)"
        ],
        "Plans": [
            {
                "Node Type": "Gather",
                "Parent Relationship": "Outer",
                "Parallel Aware": false,
                "Startup Cost": 77575.7,
                "Total Cost": 77576.01,
                "Plan Rows": 3,
                "Plan Width": 8,
                "Actual Startup Time": 271.702,
                "Actual Total Time": 288.58,
                "Actual Rows": 4,
                "Actual Loops": 1,
                "Output": [
                    "(PARTIAL count(*))"
                ],
                "Workers Planned": 3,
                "Workers Launched": 3,
                "Single Copy": false,
                "Plans": [
                    {
                        "Node Type": "Aggregate",
                        "Strategy": "Plain",
                        "Partial Mode": "Partial",
                        "Parent Relationship": "Outer",
                        "Parallel Aware": false,
                        "Startup Cost": 76575.7,
                        "Total Cost": 76575.71,
                        "Plan Rows": 1,
                        "Plan Width": 8,
                        "Actual Startup Time": 262.651,
                        "Actual Total Time": 262.654,
                        "Actual Rows": 1,
                        "Actual Loops": 4,
                        "Output": [
                            "PARTIAL count(*)"
                        ],
                        "Workers": [
                            {
                                "Worker Number": 0,
                                "Actual Startup Time": 259.688,
                                "Actual Total Time": 259.691,
                                "Actual Rows": 1,
                                "Actual Loops": 1
                            },
                            {
                                "Worker Number": 1,
                                "Actual Startup Time": 259.864,
                                "Actual Total Time": 259.866,
                                "Actual Rows": 1,
                                "Actual Loops": 1
                            },
                            {
                                "Worker Number": 2,
                                "Actual Startup Time": 260.029,
                                "Actual Total Time": 260.031,
                                "Actual Rows": 1,
                                "Actual Loops": 1
                            }
                        ],
                        "Plans": [
                            {
                                "Node Type": "Hash Join",
                                "Parent Relationship": "Outer",
                                "Parallel Aware": true,
                                "Join Type": "Inner",
                                "Startup Cost": 46059.8,
                                "Total Cost": 76496.87,
                                "Plan Rows": 31532,
                                "Plan Width": 0,
                                "Actual Startup Time": 166.381,
                                "Actual Total Time": 259.536,
                                "Actual Rows": 68456,
                                "Actual Loops": 4,
                                "Inner Unique": true,
                                "Hash Cond": "(mc.movie_id = t.id)",
                                "Workers": [
                                    {
                                        "Worker Number": 0,
                                        "Actual Startup Time": 163.42,
                                        "Actual Total Time": 256.687,
                                        "Actual Rows": 75113,
                                        "Actual Loops": 1
                                    },
                                    {
                                        "Worker Number": 1,
                                        "Actual Startup Time": 163.604,
                                        "Actual Total Time": 256.856,
                                        "Actual Rows": 75576,
                                        "Actual Loops": 1
                                    },
                                    {
                                        "Worker Number": 2,
                                        "Actual Startup Time": 163.809,
                                        "Actual Total Time": 257.353,
                                        "Actual Rows": 67164,
                                        "Actual Loops": 1
                                    }
                                ],
                                "Plans": [
                                    {
                                        "Node Type": "Seq Scan",
                                        "Parent Relationship": "Outer",
                                        "Parallel Aware": true,
                                        "Relation Name": "movie_companies",
                                        "Schema": "public",
                                        "Alias": "mc",
                                        "Startup Cost": 0.0,
                                        "Total Cost": 29310.68,
                                        "Plan Rows": 429104,
                                        "Plan Width": 4,
                                        "Actual Startup Time": 30.419,
                                        "Actual Total Time": 68.42,
                                        "Actual Rows": 333721,
                                        "Actual Loops": 4,
                                        "Output": [
                                            "mc.id",
                                            "mc.movie_id",
                                            "mc.company_id",
                                            "mc.company_type_id",
                                            "mc.note"
                                        ],
                                        "Filter": "(mc.company_type_id > 1)",
                                        "Rows Removed by Filter": 318562,
                                        "Workers": [
                                            {
                                                "Worker Number": 0,
                                                "Actual Startup Time": 30.422,
                                                "Actual Total Time": 68.741,
                                                "Actual Rows": 364340,
                                                "Actual Loops": 1
                                            },
                                            {
                                                "Worker Number": 1,
                                                "Actual Startup Time": 30.424,
                                                "Actual Total Time": 68.815,
                                                "Actual Rows": 368064,
                                                "Actual Loops": 1
                                            },
                                            {
                                                "Worker Number": 2,
                                                "Actual Startup Time": 30.406,
                                                "Actual Total Time": 66.361,
                                                "Actual Rows": 323264,
                                                "Actual Loops": 1
                                            }
                                        ]
                                    },
                                    {
                                        "Node Type": "Hash",
                                        "Parent Relationship": "Inner",
                                        "Parallel Aware": true,
                                        "Startup Cost": 45479.21,
                                        "Total Cost": 45479.21,
                                        "Plan Rows": 46447,
                                        "Plan Width": 4,
                                        "Actual Startup Time": 133.601,
                                        "Actual Total Time": 133.602,
                                        "Actual Rows": 72056,
                                        "Actual Loops": 4,
                                        "Output": [
                                            "t.id"
                                        ],
                                        "Hash Buckets": 524288,
                                        "Original Hash Buckets": 262144,
                                        "Hash Batches": 1,
                                        "Original Hash Batches": 1,
                                        "Peak Memory Usage": 17472,
                                        "Workers": [
                                            {
                                                "Worker Number": 0,
                                                "Actual Startup Time": 132.383,
                                                "Actual Total Time": 132.384,
                                                "Actual Rows": 75849,
                                                "Actual Loops": 1
                                            },
                                            {
                                                "Worker Number": 1,
                                                "Actual Startup Time": 132.521,
                                                "Actual Total Time": 132.521,
                                                "Actual Rows": 76602,
                                                "Actual Loops": 1
                                            },
                                            {
                                                "Worker Number": 2,
                                                "Actual Startup Time": 132.727,
                                                "Actual Total Time": 132.728,
                                                "Actual Rows": 70268,
                                                "Actual Loops": 1
                                            }
                                        ],
                                        "Plans": [
                                            {
                                                "Node Type": "Seq Scan",
                                                "Parent Relationship": "Outer",
                                                "Parallel Aware": true,
                                                "Relation Name": "title",
                                                "Schema": "public",
                                                "Alias": "t",
                                                "Startup Cost": 0.0,
                                                "Total Cost": 45479.21,
                                                "Plan Rows": 46447,
                                                "Plan Width": 4,
                                                "Actual Startup Time": 0.113,
                                                "Actual Total Time": 103.505,
                                                "Actual Rows": 72056,
                                                "Actual Loops": 4,
                                                "Output": [
                                                    "t.id"
                                                ],
                                                "Filter": "((t.kind_id < 7) AND (t.production_year < 1977))",
                                                "Rows Removed by Filter": 560022,
                                                "Workers": [
                                                    {
                                                        "Worker Number": 0,
                                                        "Actual Startup Time": 0.07,
                                                        "Actual Total Time": 102.897,
                                                        "Actual Rows": 75849,
                                                        "Actual Loops": 1
                                                    },
                                                    {
                                                        "Worker Number": 1,
                                                        "Actual Startup Time": 0.202,
                                                        "Actual Total Time": 103.063,
                                                        "Actual Rows": 76602,
                                                        "Actual Loops": 1
                                                    },
                                                    {
                                                        "Worker Number": 2,
                                                        "Actual Startup Time": 0.084,
                                                        "Actual Total Time": 101.861,
                                                        "Actual Rows": 70268,
                                                        "Actual Loops": 1
                                                    }
                                                ]
                                            }
                                        ]
                                    }
                                ]
                            }
                        ]
                    }
                ]
            }
        ]
    },
    "Planning Time": 0.731,
    "Triggers": [],
    "Execution Time": 288.66
}