[
  {
    "Plan": {
      "Node Type": "Aggregate",
      "Strategy": "Plain",
      "Partial Mode": "Finalize",
      "Parallel Aware": false,
      "Startup Cost": 31715.15,
      "Total Cost": 31715.16,
      "Plan Rows": 1,
      "Plan Width": 8,
      "Actual Startup Time": 106.829,
      "Actual Total Time": 114.692,
      "Actual Rows": 1,
      "Actual Loops": 1,
      "Plans": [
        {
          "Node Type": "Gather",
          "Parent Relationship": "Outer",
          "Parallel Aware": false,
          "Startup Cost": 31714.84,
          "Total Cost": 31715.15,
          "Plan Rows": 3,
          "Plan Width": 8,
          "Actual Startup Time": 106.695,
          "Actual Total Time": 114.682,
          "Actual Rows": 4,
          "Actual Loops": 1,
          "Workers Planned": 3,
          "Workers Launched": 3,
          "Single Copy": false,
          "Plans": [
            {
              "Node Type": "Aggregate",
              "Strategy": "Plain",
              "Partial Mode": "Partial",
              "Parent Relationship": "Outer",
              "Parallel Aware": false,
              "Startup Cost": 30714.84,
              "Total Cost": 30714.85,
              "Plan Rows": 1,
              "Plan Width": 8,
              "Actual Startup Time": 100.049,
              "Actual Total Time": 100.05,
              "Actual Rows": 1,
              "Actual Loops": 4,
              "Plans": [
                {
                  "Node Type": "Seq Scan",
                  "Parent Relationship": "Outer",
                  "Parallel Aware": true,
                  "Relation Name": "movie_companies",
                  "Alias": "mc",
                  "Startup Cost": 0.0,
                  "Total Cost": 29310.68,
                  "Plan Rows": 561662,
                  "Plan Width": 0,
                  "Actual Startup Time": 0.04,
                  "Actual Total Time": 78.066,
                  "Actual Rows": 431826,
                  "Actual Loops": 4,
                  "Filter": "(company_id < 22745)",
                  "Rows Removed by Filter": 220456
                }
              ]
            }
          ]
        }
      ]
    },
    "Planning Time": 0.199,
    "Triggers": [],
    "Execution Time": 114.757
  }
]