[
    {
        "Bao": {
            "Bao prediction": "NaN",
            "Bao recommended hint": "(no hint)"
        }
    },
    {
        "Plan": {
            "Node Type": "Aggregate",
            "Strategy": "Plain",
            "Partial Mode": "Finalize",
            "Parallel Aware": false,
            "Startup Cost": 376868.06,
            "Total Cost": 376868.07,
            "Plan Rows": 1,
            "Plan Width": 8,
            "Actual Startup Time": 713.953,
            "Actual Total Time": 735.396,
            "Actual Rows": 1,
            "Actual Loops": 1,
            "Output": [
                "count(*)"
            ],
            "Plans": [
                {
                    "Node Type": "Gather",
                    "Parent Relationship": "Outer",
                    "Parallel Aware": false,
                    "Startup Cost": 376867.64,
                    "Total Cost": 376868.05,
                    "Plan Rows": 4,
                    "Plan Width": 8,
                    "Actual Startup Time": 703.335,
                    "Actual Total Time": 735.387,
                    "Actual Rows": 5,
                    "Actual Loops": 1,
                    "Output": [
                        "(PARTIAL count(*))"
                    ],
                    "Workers Planned": 4,
                    "Workers Launched": 4,
                    "Single Copy": false,
                    "Plans": [
                        {
                            "Node Type": "Aggregate",
                            "Strategy": "Plain",
                            "Partial Mode": "Partial",
                            "Parent Relationship": "Outer",
                            "Parallel Aware": false,
                            "Startup Cost": 375867.64,
                            "Total Cost": 375867.65,
                            "Plan Rows": 1,
                            "Plan Width": 8,
                            "Actual Startup Time": 692.111,
                            "Actual Total Time": 692.298,
                            "Actual Rows": 1,
                            "Actual Loops": 5,
                            "Output": [
                                "PARTIAL count(*)"
                            ],
                            "Workers": [
                                {
                                    "Worker Number": 0,
                                    "Actual Startup Time": 689.974,
                                    "Actual Total Time": 689.979,
                                    "Actual Rows": 1,
                                    "Actual Loops": 1
                                },
                                {
                                    "Worker Number": 1,
                                    "Actual Startup Time": 689.195,
                                    "Actual Total Time": 689.202,
                                    "Actual Rows": 1,
                                    "Actual Loops": 1
                                },
                                {
                                    "Worker Number": 2,
                                    "Actual Startup Time": 689.188,
                                    "Actual Total Time": 689.194,
                                    "Actual Rows": 1,
                                    "Actual Loops": 1
                                },
                                {
                                    "Worker Number": 3,
                                    "Actual Startup Time": 689.396,
                                    "Actual Total Time": 689.401,
                                    "Actual Rows": 1,
                                    "Actual Loops": 1
                                }
                            ],
                            "Plans": [
                                {
                                    "Node Type": "Hash Join",
                                    "Parent Relationship": "Outer",
                                    "Parallel Aware": true,
                                    "Join Type": "Inner",
                                    "Startup Cost": 330385.69,
                                    "Total Cost": 375583.08,
                                    "Plan Rows": 113826,
                                    "Plan Width": 0,
                                    "Actual Startup Time": 489.282,
                                    "Actual Total Time": 684.638,
                                    "Actual Rows": 144287,
                                    "Actual Loops": 5,
                                    "Inner Unique": false,
                                    "Hash Cond": "(t.id = mc.movie_id)",
                                    "Workers": [
                                        {
                                            "Worker Number": 0,
                                            "Actual Startup Time": 486.417,
                                            "Actual Total Time": 681.668,
                                            "Actual Rows": 112813,
                                            "Actual Loops": 1
                                        },
                                        {
                                            "Worker Number": 1,
                                            "Actual Startup Time": 486.43,
                                            "Actual Total Time": 680.805,
                                            "Actual Rows": 114395,
                                            "Actual Loops": 1
                                        },
                                        {
                                            "Worker Number": 2,
                                            "Actual Startup Time": 486.628,
                                            "Actual Total Time": 682.077,
                                            "Actual Rows": 160063,
                                            "Actual Loops": 1
                                        },
                                        {
                                            "Worker Number": 3,
                                            "Actual Startup Time": 486.738,
                                            "Actual Total Time": 682.64,
                                            "Actual Rows": 150316,
                                            "Actual Loops": 1
                                        }
                                    ],
                                    "Plans": [
                                        {
                                            "Node Type": "Seq Scan",
                                            "Parent Relationship": "Outer",
                                            "Parallel Aware": true,
                                            "Relation Name": "title",
                                            "Schema": "public",
                                            "Alias": "t",
                                            "Startup Cost": 0.0,
                                            "Total Cost": 42318.81,
                                            "Plan Rows": 632080,
                                            "Plan Width": 4,
                                            "Actual Startup Time": 0.014,
                                            "Actual Total Time": 64.46,
                                            "Actual Rows": 505662,
                                            "Actual Loops": 5,
                                            "Output": [
                                                "t.id",
                                                "t.title",
                                                "t.imdb_index",
                                                "t.kind_id",
                                                "t.production_year",
                                                "t.imdb_id",
                                                "t.phonetic_code",
                                                "t.episode_of_id",
                                                "t.season_nr",
                                                "t.episode_nr",
                                                "t.series_years",
                                                "t.md5sum"
                                            ],
                                            "Workers": [
                                                {
                                                    "Worker Number": 0,
                                                    "Actual Startup Time": 0.02,
                                                    "Actual Total Time": 71.522,
                                                    "Actual Rows": 397395,
                                                    "Actual Loops": 1
                                                },
                                                {
                                                    "Worker Number": 1,
                                                    "Actual Startup Time": 0.012,
                                                    "Actual Total Time": 70.986,
                                                    "Actual Rows": 401644,
                                                    "Actual Loops": 1
                                                },
                                                {
                                                    "Worker Number": 2,
                                                    "Actual Startup Time": 0.021,
                                                    "Actual Total Time": 64.277,
                                                    "Actual Rows": 558643,
                                                    "Actual Loops": 1
                                                },
                                                {
                                                    "Worker Number": 3,
                                                    "Actual Startup Time": 0.009,
                                                    "Actual Total Time": 63.226,
                                                    "Actual Rows": 523922,
                                                    "Actual Loops": 1
                                                }
                                            ]
                                        },
                                        {
                                            "Node Type": "Hash",
                                            "Parent Relationship": "Inner",
                                            "Parallel Aware": true,
                                            "Startup Cost": 327844.29,
                                            "Total Cost": 327844.29,
                                            "Plan Rows": 203312,
                                            "Plan Width": 8,
                                            "Actual Startup Time": 484.344,
                                            "Actual Total Time": 484.53,
                                            "Actual Rows": 144287,
                                            "Actual Loops": 5,
                                            "Output": [
                                                "mc.movie_id",
                                                "ci.movie_id"
                                            ],
                                            "Hash Buckets": 2097152,
                                            "Original Hash Buckets": 2097152,
                                            "Hash Batches": 1,
                                            "Original Hash Batches": 1,
                                            "Peak Memory Usage": 44672,
                                            "Workers": [
                                                {
                                                    "Worker Number": 0,
                                                    "Actual Startup Time": 485.776,
                                                    "Actual Total Time": 485.78,
                                                    "Actual Rows": 118048,
                                                    "Actual Loops": 1
                                                },
                                                {
                                                    "Worker Number": 1,
                                                    "Actual Startup Time": 485.949,
                                                    "Actual Total Time": 485.954,
                                                    "Actual Rows": 132405,
                                                    "Actual Loops": 1
                                                },
                                                {
                                                    "Worker Number": 2,
                                                    "Actual Startup Time": 485.936,
                                                    "Actual Total Time": 485.94,
                                                    "Actual Rows": 154911,
                                                    "Actual Loops": 1
                                                },
                                                {
                                                    "Worker Number": 3,
                                                    "Actual Startup Time": 486.135,
                                                    "Actual Total Time": 486.139,
                                                    "Actual Rows": 148650,
                                                    "Actual Loops": 1
                                                }
                                            ],
                                            "Plans": [
                                                {
                                                    "Node Type": "Hash Join",
                                                    "Parent Relationship": "Outer",
                                                    "Parallel Aware": true,
                                                    "Join Type": "Inner",
                                                    "Startup Cost": 69793.56,
                                                    "Total Cost": 327844.29,
                                                    "Plan Rows": 203312,
                                                    "Plan Width": 8,
                                                    "Actual Startup Time": 271.812,
                                                    "Actual Total Time": 425.993,
                                                    "Actual Rows": 144287,
                                                    "Actual Loops": 5,
                                                    "Output": [
                                                        "mc.movie_id",
                                                        "ci.movie_id"
                                                    ],
                                                    "Inner Unique": false,
                                                    "Hash Cond": "(ci.movie_id = mc.movie_id)",
                                                    "Workers": [
                                                        {
                                                            "Worker Number": 0,
                                                            "Actual Startup Time": 271.662,
                                                            "Actual Total Time": 425.851,
                                                            "Actual Rows": 118048,
                                                            "Actual Loops": 1
                                                        },
                                                        {
                                                            "Worker Number": 1,
                                                            "Actual Startup Time": 271.477,
                                                            "Actual Total Time": 425.617,
                                                            "Actual Rows": 132405,
                                                            "Actual Loops": 1
                                                        },
                                                        {
                                                            "Worker Number": 2,
                                                            "Actual Startup Time": 272.039,
                                                            "Actual Total Time": 424.414,
                                                            "Actual Rows": 154911,
                                                            "Actual Loops": 1
                                                        },
                                                        {
                                                            "Worker Number": 3,
                                                            "Actual Startup Time": 271.816,
                                                            "Actual Total Time": 425.578,
                                                            "Actual Rows": 148650,
                                                            "Actual Loops": 1
                                                        }
                                                    ],
                                                    "Plans": [
                                                        {
                                                            "Node Type": "Bitmap Heap Scan",
                                                            "Parent Relationship": "Outer",
                                                            "Parallel Aware": true,
                                                            "Relation Name": "cast_info",
                                                            "Schema": "public",
                                                            "Alias": "ci",
                                                            "Startup Cost": 33871.21,
                                                            "Total Cost": 290407.94,
                                                            "Plan Rows": 171630,
                                                            "Plan Width": 4,
                                                            "Actual Startup Time": 114.562,
                                                            "Actual Total Time": 179.461,
                                                            "Actual Rows": 247830,
                                                            "Actual Loops": 5,
                                                            "Output": [
                                                                "ci.id",
                                                                "ci.person_id",
                                                                "ci.movie_id",
                                                                "ci.person_role_id",
                                                                "ci.note",
                                                                "ci.nr_order",
                                                                "ci.role_id"
                                                            ],
                                                            "Recheck Cond": "(ci.person_id < 155091)",
                                                            "Rows Removed by Index Recheck": 0,
                                                            "Filter": "(ci.role_id < 4)",
                                                            "Rows Removed by Filter": 62848,
                                                            "Exact Heap Blocks": 4436,
                                                            "Lossy Heap Blocks": 0,
                                                            "Workers": [
                                                                {
                                                                    "Worker Number": 0,
                                                                    "Actual Startup Time": 114.546,
                                                                    "Actual Total Time": 182.841,
                                                                    "Actual Rows": 202355,
                                                                    "Actual Loops": 1
                                                                },
                                                                {
                                                                    "Worker Number": 1,
                                                                    "Actual Startup Time": 114.299,
                                                                    "Actual Total Time": 181.481,
                                                                    "Actual Rows": 220096,
                                                                    "Actual Loops": 1
                                                                },
                                                                {
                                                                    "Worker Number": 2,
                                                                    "Actual Startup Time": 114.763,
                                                                    "Actual Total Time": 178.783,
                                                                    "Actual Rows": 268628,
                                                                    "Actual Loops": 1
                                                                },
                                                                {
                                                                    "Worker Number": 3,
                                                                    "Actual Startup Time": 114.576,
                                                                    "Actual Total Time": 177.581,
                                                                    "Actual Rows": 260991,
                                                                    "Actual Loops": 1
                                                                }
                                                            ],
                                                            "Plans": [
                                                                {
                                                                    "Node Type": "Bitmap Index Scan",
                                                                    "Parent Relationship": "Outer",
                                                                    "Parallel Aware": false,
                                                                    "Index Name": "person_id_cast_info",
                                                                    "Startup Cost": 0.0,
                                                                    "Total Cost": 33613.76,
                                                                    "Plan Rows": 1539893,
                                                                    "Plan Width": 0,
                                                                    "Actual Startup Time": 110.355,
                                                                    "Actual Total Time": 110.355,
                                                                    "Actual Rows": 1553390,
                                                                    "Actual Loops": 1,
                                                                    "Index Cond": "(ci.person_id < 155091)",
                                                                    "Workers": [
                                                                        {
                                                                            "Worker Number": 1,
                                                                            "Actual Startup Time": 110.355,
                                                                            "Actual Total Time": 110.355,
                                                                            "Actual Rows": 1553390,
                                                                            "Actual Loops": 1
                                                                        }
                                                                    ]
                                                                }
                                                            ]
                                                        },
                                                        {
                                                            "Node Type": "Hash",
                                                            "Parent Relationship": "Inner",
                                                            "Parallel Aware": true,
                                                            "Startup Cost": 31414.82,
                                                            "Total Cost": 31414.82,
                                                            "Plan Rows": 360603,
                                                            "Plan Width": 4,
                                                            "Actual Startup Time": 154.425,
                                                            "Actual Total Time": 154.426,
                                                            "Actual Rows": 182627,
                                                            "Actual Loops": 5,
                                                            "Output": [
                                                                "mc.movie_id"
                                                            ],
                                                            "Hash Buckets": 2097152,
                                                            "Original Hash Buckets": 2097152,
                                                            "Hash Batches": 1,
                                                            "Original Hash Batches": 1,
                                                            "Peak Memory Usage": 52160,
                                                            "Workers": [
                                                                {
                                                                    "Worker Number": 0,
                                                                    "Actual Startup Time": 156.926,
                                                                    "Actual Total Time": 156.926,
                                                                    "Actual Rows": 126488,
                                                                    "Actual Loops": 1
                                                                },
                                                                {
                                                                    "Worker Number": 1,
                                                                    "Actual Startup Time": 157.101,
                                                                    "Actual Total Time": 157.103,
                                                                    "Actual Rows": 146292,
                                                                    "Actual Loops": 1
                                                                },
                                                                {
                                                                    "Worker Number": 2,
                                                                    "Actual Startup Time": 157.057,
                                                                    "Actual Total Time": 157.058,
                                                                    "Actual Rows": 209964,
                                                                    "Actual Loops": 1
                                                                },
                                                                {
                                                                    "Worker Number": 3,
                                                                    "Actual Startup Time": 156.9,
                                                                    "Actual Total Time": 156.901,
                                                                    "Actual Rows": 191170,
                                                                    "Actual Loops": 1
                                                                }
                                                            ],
                                                            "Plans": [
                                                                {
                                                                    "Node Type": "Seq Scan",
                                                                    "Parent Relationship": "Outer",
                                                                    "Parallel Aware": true,
                                                                    "Relation Name": "movie_companies",
                                                                    "Schema": "public",
                                                                    "Alias": "mc",
                                                                    "Startup Cost": 0.0,
                                                                    "Total Cost": 31414.82,
                                                                    "Plan Rows": 360603,
                                                                    "Plan Width": 4,
                                                                    "Actual Startup Time": 43.239,
                                                                    "Actual Total Time": 82.309,
                                                                    "Actual Rows": 182627,
                                                                    "Actual Loops": 5,
                                                                    "Output": [
                                                                        "mc.movie_id"
                                                                    ],
                                                                    "Filter": "((mc.company_id < 79910) AND (mc.company_type_id = 2))",
                                                                    "Rows Removed by Filter": 339199,
                                                                    "Workers": [
                                                                        {
                                                                            "Worker Number": 0,
                                                                            "Actual Startup Time": 43.191,
                                                                            "Actual Total Time": 84.62,
                                                                            "Actual Rows": 126488,
                                                                            "Actual Loops": 1
                                                                        },
                                                                        {
                                                                            "Worker Number": 1,
                                                                            "Actual Startup Time": 43.262,
                                                                            "Actual Total Time": 84.73,
                                                                            "Actual Rows": 146292,
                                                                            "Actual Loops": 1
                                                                        },
                                                                        {
                                                                            "Worker Number": 2,
                                                                            "Actual Startup Time": 43.251,
                                                                            "Actual Total Time": 81.376,
                                                                            "Actual Rows": 209964,
                                                                            "Actual Loops": 1
                                                                        },
                                                                        {
                                                                            "Worker Number": 3,
                                                                            "Actual Startup Time": 43.178,
                                                                            "Actual Total Time": 81.138,
                                                                            "Actual Rows": 191170,
                                                                            "Actual Loops": 1
                                                                        }
                                                                    ]
                                                                }
                                                            ]
                                                        }
                                                    ]
                                                }
                                            ]
                                        }
                                    ]
                                }
                            ]
                        }
                    ]
                }
            ]
        },
        "Planning Time": 204.472,
        "Triggers": [],
        "Execution Time": 735.635
    }
]