[
  {
    "Plan": {
      "Node Type": "Aggregate",
      "Strategy": "Plain",
      "Partial Mode": "Finalize",
      "Parallel Aware": false,
      "Startup Cost": 271447.82,
      "Total Cost": 271447.83,
      "Plan Rows": 1,
      "Plan Width": 8,
      "Actual Startup Time": 722.676,
      "Actual Total Time": 795.895,
      "Actual Rows": 1,
      "Actual Loops": 1,
      "Plans": [
        {
          "Node Type": "Gather",
          "Parent Relationship": "Outer",
          "Parallel Aware": false,
          "Startup Cost": 271447.4,
          "Total Cost": 271447.81,
          "Plan Rows": 4,
          "Plan Width": 8,
          "Actual Startup Time": 718.874,
          "Actual Total Time": 795.885,
          "Actual Rows": 5,
          "Actual Loops": 1,
          "Workers Planned": 4,
          "Workers Launched": 4,
          "Single Copy": false,
          "Plans": [
            {
              "Node Type": "Aggregate",
              "Strategy": "Plain",
              "Partial Mode": "Partial",
              "Parent Relationship": "Outer",
              "Parallel Aware": false,
              "Startup Cost": 270447.4,
              "Total Cost": 270447.41,
              "Plan Rows": 1,
              "Plan Width": 8,
              "Actual Startup Time": 709.288,
              "Actual Total Time": 709.29,
              "Actual Rows": 1,
              "Actual Loops": 5,
              "Plans": [
                {
                  "Node Type": "Nested Loop",
                  "Parent Relationship": "Outer",
                  "Parallel Aware": false,
                  "Join Type": "Inner",
                  "Startup Cost": 1.0,
                  "Total Cost": 270246.05,
                  "Plan Rows": 80537,
                  "Plan Width": 0,
                  "Actual Startup Time": 55.396,
                  "Actual Total Time": 694.631,
                  "Actual Rows": 305436,
                  "Actual Loops": 5,
                  "Inner Unique": false,
                  "Join Filter": "(t.id = ci.movie_id)",
                  "Rows Removed by Join Filter": 0,
                  "Plans": [
                    {
                      "Node Type": "Nested Loop",
                      "Parent Relationship": "Outer",
                      "Parallel Aware": false,
                      "Join Type": "Inner",
                      "Startup Cost": 0.43,
                      "Total Cost": 235706.53,
                      "Plan Rows": 21450,
                      "Plan Width": 8,
                      "Actual Startup Time": 55.23,
                      "Actual Total Time": 181.608,
                      "Actual Rows": 23845,
                      "Actual Loops": 5,
                      "Inner Unique": false,
                      "Plans": [
                        {
                          "Node Type": "Seq Scan",
                          "Parent Relationship": "Outer",
                          "Parallel Aware": true,
                          "Relation Name": "title",
                          "Alias": "t",
                          "Startup Cost": 0.0,
                          "Total Cost": 45479.1,
                          "Plan Rows": 6384,
                          "Plan Width": 4,
                          "Actual Startup Time": 55.149,
                          "Actual Total Time": 81.187,
                          "Actual Rows": 3091,
                          "Actual Loops": 5,
                          "Filter": "((kind_id = 1) AND (production_year = 2005))",
                          "Rows Removed by Filter": 502571
                        },
                        {
                          "Node Type": "Index Scan",
                          "Parent Relationship": "Inner",
                          "Parallel Aware": false,
                          "Scan Direction": "Forward",
                          "Index Name": "movie_id_movie_info",
                          "Relation Name": "movie_info",
                          "Alias": "mi",
                          "Startup Cost": 0.43,
                          "Total Cost": 29.56,
                          "Plan Rows": 24,
                          "Plan Width": 4,
                          "Actual Startup Time": 0.01,
                          "Actual Total Time": 0.031,
                          "Actual Rows": 8,
                          "Actual Loops": 15457,
                          "Index Cond": "(movie_id = t.id)",
                          "Rows Removed by Index Recheck": 0,
                          "Filter": "(info_type_id < 9)",
                          "Rows Removed by Filter": 8
                        }
                      ]
                    },
                    {
                      "Node Type": "Index Scan",
                      "Parent Relationship": "Inner",
                      "Parallel Aware": false,
                      "Scan Direction": "Forward",
                      "Index Name": "movie_id_cast_info",
                      "Relation Name": "cast_info",
                      "Alias": "ci",
                      "Startup Cost": 0.56,
                      "Total Cost": 1.49,
                      "Plan Rows": 10,
                      "Plan Width": 4,
                      "Actual Startup Time": 0.014,
                      "Actual Total Time": 0.02,
                      "Actual Rows": 13,
                      "Actual Loops": 119225,
                      "Index Cond": "(movie_id = mi.movie_id)",
                      "Rows Removed by Index Recheck": 0,
                      "Filter": "(role_id > 4)",
                      "Rows Removed by Filter": 19
                    }
                  ]
                }
              ]
            }
          ]
        }
      ]
    },
    "Planning Time": 1.37,
    "Triggers": [],
    "Execution Time": 795.999
  }
]