[
  {
    "Plan": {
      "Node Type": "Aggregate",
      "Strategy": "Plain",
      "Partial Mode": "Finalize",
      "Parallel Aware": false,
      "Startup Cost": 120811.92,
      "Total Cost": 120811.93,
      "Plan Rows": 1,
      "Plan Width": 8,
      "Actual Startup Time": 195.121,
      "Actual Total Time": 209.509,
      "Actual Rows": 1,
      "Actual Loops": 1,
      "Plans": [
        {
          "Node Type": "Gather",
          "Parent Relationship": "Outer",
          "Parallel Aware": false,
          "Startup Cost": 120811.4,
          "Total Cost": 120811.91,
          "Plan Rows": 5,
          "Plan Width": 8,
          "Actual Startup Time": 195.0,
          "Actual Total Time": 209.493,
          "Actual Rows": 6,
          "Actual Loops": 1,
          "Workers Planned": 5,
          "Workers Launched": 5,
          "Single Copy": false,
          "Plans": [
            {
              "Node Type": "Aggregate",
              "Strategy": "Plain",
              "Partial Mode": "Partial",
              "Parent Relationship": "Outer",
              "Parallel Aware": false,
              "Startup Cost": 119811.4,
              "Total Cost": 119811.41,
              "Plan Rows": 1,
              "Plan Width": 8,
              "Actual Startup Time": 184.519,
              "Actual Total Time": 184.52,
              "Actual Rows": 1,
              "Actual Loops": 6,
              "Plans": [
                {
                  "Node Type": "Index Scan",
                  "Parent Relationship": "Outer",
                  "Parallel Aware": true,
                  "Scan Direction": "Forward",
                  "Index Name": "role_id_cast_info",
                  "Relation Name": "cast_info",
                  "Alias": "ci",
                  "Startup Cost": 0.56,
                  "Total Cost": 118067.1,
                  "Plan Rows": 697718,
                  "Plan Width": 0,
                  "Actual Startup Time": 0.185,
                  "Actual Total Time": 170.623,
                  "Actual Rows": 254025,
                  "Actual Loops": 6,
                  "Index Cond": "(role_id = 10)",
                  "Rows Removed by Index Recheck": 0,
                  "Filter": "(person_id < 2969689)",
                  "Rows Removed by Filter": 466478
                }
              ]
            }
          ]
        }
      ]
    },
    "Planning Time": 0.25,
    "Triggers": [],
    "Execution Time": 209.575
  }
]