[
  {
    "Plan": {
      "Node Type": "Aggregate",
      "Strategy": "Plain",
      "Partial Mode": "Finalize",
      "Parallel Aware": false,
      "Startup Cost": 248155.52,
      "Total Cost": 248155.53,
      "Plan Rows": 1,
      "Plan Width": 8,
      "Actual Startup Time": 871.381,
      "Actual Total Time": 920.166,
      "Actual Rows": 1,
      "Actual Loops": 1,
      "Plans": [
        {
          "Node Type": "Gather",
          "Parent Relationship": "Outer",
          "Parallel Aware": false,
          "Startup Cost": 248155.0,
          "Total Cost": 248155.51,
          "Plan Rows": 5,
          "Plan Width": 8,
          "Actual Startup Time": 869.089,
          "Actual Total Time": 920.155,
          "Actual Rows": 6,
          "Actual Loops": 1,
          "Workers Planned": 5,
          "Workers Launched": 5,
          "Single Copy": false,
          "Plans": [
            {
              "Node Type": "Aggregate",
              "Strategy": "Plain",
              "Partial Mode": "Partial",
              "Parent Relationship": "Outer",
              "Parallel Aware": false,
              "Startup Cost": 247155.0,
              "Total Cost": 247155.01,
              "Plan Rows": 1,
              "Plan Width": 8,
              "Actual Startup Time": 863.992,
              "Actual Total Time": 863.997,
              "Actual Rows": 1,
              "Actual Loops": 6,
              "Plans": [
                {
                  "Node Type": "Hash Join",
                  "Parent Relationship": "Outer",
                  "Parallel Aware": true,
                  "Join Type": "Inner",
                  "Startup Cost": 46611.86,
                  "Total Cost": 246091.27,
                  "Plan Rows": 425493,
                  "Plan Width": 0,
                  "Actual Startup Time": 113.576,
                  "Actual Total Time": 834.709,
                  "Actual Rows": 587441,
                  "Actual Loops": 6,
                  "Inner Unique": true,
                  "Hash Cond": "(mi.movie_id = t.id)",
                  "Plans": [
                    {
                      "Node Type": "Seq Scan",
                      "Parent Relationship": "Outer",
                      "Parallel Aware": true,
                      "Relation Name": "movie_info",
                      "Alias": "mi",
                      "Startup Cost": 0.0,
                      "Total Cost": 191685.19,
                      "Plan Rows": 2969219,
                      "Plan Width": 4,
                      "Actual Startup Time": 0.032,
                      "Actual Total Time": 325.361,
                      "Actual Rows": 2472620,
                      "Actual Loops": 6
                    },
                    {
                      "Node Type": "Hash",
                      "Parent Relationship": "Inner",
                      "Parallel Aware": true,
                      "Startup Cost": 45479.59,
                      "Total Cost": 45479.59,
                      "Plan Rows": 90582,
                      "Plan Width": 4,
                      "Actual Startup Time": 99.478,
                      "Actual Total Time": 99.479,
                      "Actual Rows": 45669,
                      "Actual Loops": 6,
                      "Hash Buckets": 524288,
                      "Original Hash Buckets": 524288,
                      "Hash Batches": 1,
                      "Original Hash Batches": 1,
                      "Peak Memory Usage": 14944,
                      "Plans": [
                        {
                          "Node Type": "Seq Scan",
                          "Parent Relationship": "Outer",
                          "Parallel Aware": true,
                          "Relation Name": "title",
                          "Alias": "t",
                          "Startup Cost": 0.0,
                          "Total Cost": 45479.59,
                          "Plan Rows": 90582,
                          "Plan Width": 4,
                          "Actual Startup Time": 38.199,
                          "Actual Total Time": 79.156,
                          "Actual Rows": 45669,
                          "Actual Loops": 6,
                          "Filter": "((production_year > 2000) AND (kind_id = 1))",
                          "Rows Removed by Filter": 375716
                        }
                      ]
                    }
                  ]
                }
              ]
            }
          ]
        }
      ]
    },
    "Planning Time": 0.322,
    "Triggers": [],
    "Execution Time": 920.22
  }
]