{
  "Plan": {
    "Node Type": "Aggregate",
    "Strategy": "Plain",
    "Partial Mode": "Simple",
    "Parallel Aware": false,
    "Startup Cost": 3158.45,
    "Total Cost": 3158.46,
    "Plan Rows": 1,
    "Plan Width": 8,
    "Actual Startup Time": 51.355,
    "Actual Total Time": 51.357,
    "Actual Rows": 1,
    "Actual Loops": 1,
    "Plans": [
      {
        "Node Type": "Nested Loop",
        "Parent Relationship": "Outer",
        "Parallel Aware": false,
        "Join Type": "Inner",
        "Startup Cost": 7.21,
        "Total Cost": 3157.81,
        "Plan Rows": 256,
        "Plan Width": 0,
        "Actual Startup Time": 2.105,
        "Actual Total Time": 48.775,
        "Actual Rows": 32646,
        "Actual Loops": 1,
        "Inner Unique": false,
        "Plans": [
          {
            "Node Type": "Nested Loop",
            "Parent Relationship": "Outer",
            "Parallel Aware": false,
            "Join Type": "Inner",
            "Startup Cost": 6.78,
            "Total Cost": 3005.96,
            "Plan Rows": 248,
            "Plan Width": 8,
            "Actual Startup Time": 2.076,
            "Actual Total Time": 19.798,
            "Actual Rows": 2488,
            "Actual Loops": 1,
            "Inner Unique": true,
            "Plans": [
              {
                "Node Type": "Bitmap Heap Scan",
                "Parent Relationship": "Outer",
                "Parallel Aware": false,
                "Relation Name": "movie_keyword",
                "Alias": "mk",
                "Startup Cost": 6.35,
                "Total Cost": 922.98,
                "Plan Rows": 248,
                "Plan Width": 4,
                "Actual Startup Time": 2.046,
                "Actual Total Time": 6.604,
                "Actual Rows": 2488,
                "Actual Loops": 1,
                "Recheck Cond": "(keyword_id = 1743)",
                "Rows Removed by Index Recheck": 0,
                "Exact Heap Blocks": 2260,
                "Lossy Heap Blocks": 0,
                "Plans": [
                  {
                    "Node Type": "Bitmap Index Scan",
                    "Parent Relationship": "Outer",
                    "Parallel Aware": false,
                    "Index Name": "keyword_id_movie_keyword",
                    "Startup Cost": 0.0,
                    "Total Cost": 6.29,
                    "Plan Rows": 248,
                    "Plan Width": 0,
                    "Actual Startup Time": 1.084,
                    "Actual Total Time": 1.084,
                    "Actual Rows": 2488,
                    "Actual Loops": 1,
                    "Index Cond": "(keyword_id = 1743)"
                  }
                ]
              },
              {
                "Node Type": "Index Only Scan",
                "Parent Relationship": "Inner",
                "Parallel Aware": false,
                "Scan Direction": "Forward",
                "Index Name": "title_pkey",
                "Relation Name": "title",
                "Alias": "t",
                "Startup Cost": 0.43,
                "Total Cost": 8.4,
                "Plan Rows": 1,
                "Plan Width": 4,
                "Actual Startup Time": 0.005,
                "Actual Total Time": 0.005,
                "Actual Rows": 1,
                "Actual Loops": 2488,
                "Index Cond": "(id = mk.movie_id)",
                "Rows Removed by Index Recheck": 0,
                "Heap Fetches": 2488
              }
            ]
          },
          {
            "Node Type": "Index Only Scan",
            "Parent Relationship": "Inner",
            "Parallel Aware": false,
            "Scan Direction": "Forward",
            "Index Name": "movie_id_movie_companies",
            "Relation Name": "movie_companies",
            "Alias": "mc",
            "Startup Cost": 0.43,
            "Total Cost": 0.56,
            "Plan Rows": 5,
            "Plan Width": 4,
            "Actual Startup Time": 0.005,
            "Actual Total Time": 0.01,
            "Actual Rows": 13,
            "Actual Loops": 2488,
            "Index Cond": "(movie_id = t.id)",
            "Rows Removed by Index Recheck": 0,
            "Heap Fetches": 32646
          }
        ]
      }
    ]
  },
  "Planning Time": 1.052,
  "Triggers": [],
  "Execution Time": 51.435
}