[
    {
        "Bao": {
            "Bao prediction": "NaN",
            "Bao recommended hint": "(no hint)"
        }
    },
    {
        "Plan": {
            "Node Type": "Aggregate",
            "Strategy": "Plain",
            "Partial Mode": "Finalize",
            "Parallel Aware": false,
            "Startup Cost": 89419.17,
            "Total Cost": 89419.18,
            "Plan Rows": 1,
            "Plan Width": 8,
            "Actual Startup Time": 534.134,
            "Actual Total Time": 556.6,
            "Actual Rows": 1,
            "Actual Loops": 1,
            "Output": [
                "count(*)"
            ],
            "Plans": [
                {
                    "Node Type": "Gather",
                    "Parent Relationship": "Outer",
                    "Parallel Aware": false,
                    "Startup Cost": 89418.86,
                    "Total Cost": 89419.17,
                    "Plan Rows": 3,
                    "Plan Width": 8,
                    "Actual Startup Time": 524.719,
                    "Actual Total Time": 556.589,
                    "Actual Rows": 4,
                    "Actual Loops": 1,
                    "Output": [
                        "(PARTIAL count(*))"
                    ],
                    "Workers Planned": 3,
                    "Workers Launched": 3,
                    "Single Copy": false,
                    "Plans": [
                        {
                            "Node Type": "Aggregate",
                            "Strategy": "Plain",
                            "Partial Mode": "Partial",
                            "Parent Relationship": "Outer",
                            "Parallel Aware": false,
                            "Startup Cost": 88418.86,
                            "Total Cost": 88418.87,
                            "Plan Rows": 1,
                            "Plan Width": 8,
                            "Actual Startup Time": 510.11,
                            "Actual Total Time": 510.116,
                            "Actual Rows": 1,
                            "Actual Loops": 4,
                            "Output": [
                                "PARTIAL count(*)"
                            ],
                            "Workers": [
                                {
                                    "Worker Number": 0,
                                    "Actual Startup Time": 505.015,
                                    "Actual Total Time": 505.026,
                                    "Actual Rows": 1,
                                    "Actual Loops": 1
                                },
                                {
                                    "Worker Number": 1,
                                    "Actual Startup Time": 504.932,
                                    "Actual Total Time": 504.935,
                                    "Actual Rows": 1,
                                    "Actual Loops": 1
                                },
                                {
                                    "Worker Number": 2,
                                    "Actual Startup Time": 506.352,
                                    "Actual Total Time": 506.355,
                                    "Actual Rows": 1,
                                    "Actual Loops": 1
                                }
                            ],
                            "Plans": [
                                {
                                    "Node Type": "Hash Join",
                                    "Parent Relationship": "Outer",
                                    "Parallel Aware": true,
                                    "Join Type": "Inner",
                                    "Startup Cost": 61059.96,
                                    "Total Cost": 88006.81,
                                    "Plan Rows": 164817,
                                    "Plan Width": 0,
                                    "Actual Startup Time": 389.572,
                                    "Actual Total Time": 502.719,
                                    "Actual Rows": 126742,
                                    "Actual Loops": 4,
                                    "Inner Unique": true,
                                    "Hash Cond": "(mk.movie_id = t.id)",
                                    "Workers": [
                                        {
                                            "Worker Number": 0,
                                            "Actual Startup Time": 384.76,
                                            "Actual Total Time": 498.067,
                                            "Actual Rows": 124939,
                                            "Actual Loops": 1
                                        },
                                        {
                                            "Worker Number": 1,
                                            "Actual Startup Time": 384.791,
                                            "Actual Total Time": 497.907,
                                            "Actual Rows": 130867,
                                            "Actual Loops": 1
                                        },
                                        {
                                            "Worker Number": 2,
                                            "Actual Startup Time": 384.972,
                                            "Actual Total Time": 499.439,
                                            "Actual Rows": 123403,
                                            "Actual Loops": 1
                                        }
                                    ],
                                    "Plans": [
                                        {
                                            "Node Type": "Bitmap Heap Scan",
                                            "Parent Relationship": "Outer",
                                            "Parallel Aware": true,
                                            "Relation Name": "movie_keyword",
                                            "Schema": "public",
                                            "Alias": "mk",
                                            "Startup Cost": 10840.16,
                                            "Total Cost": 37354.37,
                                            "Plan Rows": 164817,
                                            "Plan Width": 4,
                                            "Actual Startup Time": 41.529,
                                            "Actual Total Time": 97.577,
                                            "Actual Rows": 126742,
                                            "Actual Loops": 4,
                                            "Output": [
                                                "mk.id",
                                                "mk.movie_id",
                                                "mk.keyword_id"
                                            ],
                                            "Recheck Cond": "(mk.keyword_id < 370)",
                                            "Rows Removed by Index Recheck": 0,
                                            "Exact Heap Blocks": 6120,
                                            "Lossy Heap Blocks": 0,
                                            "Workers": [
                                                {
                                                    "Worker Number": 0,
                                                    "Actual Startup Time": 41.48,
                                                    "Actual Total Time": 99.407,
                                                    "Actual Rows": 124939,
                                                    "Actual Loops": 1
                                                },
                                                {
                                                    "Worker Number": 1,
                                                    "Actual Startup Time": 41.613,
                                                    "Actual Total Time": 99.199,
                                                    "Actual Rows": 130867,
                                                    "Actual Loops": 1
                                                },
                                                {
                                                    "Worker Number": 2,
                                                    "Actual Startup Time": 41.539,
                                                    "Actual Total Time": 99.435,
                                                    "Actual Rows": 123403,
                                                    "Actual Loops": 1
                                                }
                                            ],
                                            "Plans": [
                                                {
                                                    "Node Type": "Bitmap Index Scan",
                                                    "Parent Relationship": "Outer",
                                                    "Parallel Aware": false,
                                                    "Index Name": "keyword_id_movie_keyword",
                                                    "Startup Cost": 0.0,
                                                    "Total Cost": 10712.42,
                                                    "Plan Rows": 510932,
                                                    "Plan Width": 0,
                                                    "Actual Startup Time": 35.812,
                                                    "Actual Total Time": 35.813,
                                                    "Actual Rows": 506969,
                                                    "Actual Loops": 1,
                                                    "Index Cond": "(mk.keyword_id < 370)"
                                                }
                                            ]
                                        },
                                        {
                                            "Node Type": "Hash",
                                            "Parent Relationship": "Inner",
                                            "Parallel Aware": true,
                                            "Startup Cost": 42318.81,
                                            "Total Cost": 42318.81,
                                            "Plan Rows": 632080,
                                            "Plan Width": 4,
                                            "Actual Startup Time": 337.945,
                                            "Actual Total Time": 337.946,
                                            "Actual Rows": 632078,
                                            "Actual Loops": 4,
                                            "Output": [
                                                "t.id"
                                            ],
                                            "Hash Buckets": 4194304,
                                            "Original Hash Buckets": 4194304,
                                            "Hash Batches": 1,
                                            "Original Hash Batches": 1,
                                            "Peak Memory Usage": 131744,
                                            "Workers": [
                                                {
                                                    "Worker Number": 0,
                                                    "Actual Startup Time": 342.699,
                                                    "Actual Total Time": 342.7,
                                                    "Actual Rows": 643770,
                                                    "Actual Loops": 1
                                                },
                                                {
                                                    "Worker Number": 1,
                                                    "Actual Startup Time": 342.571,
                                                    "Actual Total Time": 342.571,
                                                    "Actual Rows": 651815,
                                                    "Actual Loops": 1
                                                },
                                                {
                                                    "Worker Number": 2,
                                                    "Actual Startup Time": 342.791,
                                                    "Actual Total Time": 342.792,
                                                    "Actual Rows": 639114,
                                                    "Actual Loops": 1
                                                }
                                            ],
                                            "Plans": [
                                                {
                                                    "Node Type": "Seq Scan",
                                                    "Parent Relationship": "Outer",
                                                    "Parallel Aware": true,
                                                    "Relation Name": "title",
                                                    "Schema": "public",
                                                    "Alias": "t",
                                                    "Startup Cost": 0.0,
                                                    "Total Cost": 42318.81,
                                                    "Plan Rows": 632080,
                                                    "Plan Width": 4,
                                                    "Actual Startup Time": 0.037,
                                                    "Actual Total Time": 96.054,
                                                    "Actual Rows": 632078,
                                                    "Actual Loops": 4,
                                                    "Output": [
                                                        "t.id"
                                                    ],
                                                    "Workers": [
                                                        {
                                                            "Worker Number": 0,
                                                            "Actual Startup Time": 0.035,
                                                            "Actual Total Time": 97.407,
                                                            "Actual Rows": 643770,
                                                            "Actual Loops": 1
                                                        },
                                                        {
                                                            "Worker Number": 1,
                                                            "Actual Startup Time": 0.046,
                                                            "Actual Total Time": 97.037,
                                                            "Actual Rows": 651815,
                                                            "Actual Loops": 1
                                                        },
                                                        {
                                                            "Worker Number": 2,
                                                            "Actual Startup Time": 0.052,
                                                            "Actual Total Time": 97.519,
                                                            "Actual Rows": 639114,
                                                            "Actual Loops": 1
                                                        }
                                                    ]
                                                }
                                            ]
                                        }
                                    ]
                                }
                            ]
                        }
                    ]
                }
            ]
        },
        "Planning Time": 303.42,
        "Triggers": [],
        "Execution Time": 556.718
    }
]