[
  {
    "Plan": {
      "Node Type": "Aggregate",
      "Strategy": "Plain",
      "Partial Mode": "Finalize",
      "Parallel Aware": false,
      "Startup Cost": 63270.33,
      "Total Cost": 63270.34,
      "Plan Rows": 1,
      "Plan Width": 8,
      "Actual Startup Time": 248.854,
      "Actual Total Time": 262.622,
      "Actual Rows": 1,
      "Actual Loops": 1,
      "Plans": [
        {
          "Node Type": "Gather",
          "Parent Relationship": "Outer",
          "Parallel Aware": false,
          "Startup Cost": 63270.11,
          "Total Cost": 63270.32,
          "Plan Rows": 2,
          "Plan Width": 8,
          "Actual Startup Time": 246.911,
          "Actual Total Time": 262.603,
          "Actual Rows": 3,
          "Actual Loops": 1,
          "Workers Planned": 2,
          "Workers Launched": 2,
          "Single Copy": false,
          "Plans": [
            {
              "Node Type": "Aggregate",
              "Strategy": "Plain",
              "Partial Mode": "Partial",
              "Parent Relationship": "Outer",
              "Parallel Aware": false,
              "Startup Cost": 62270.11,
              "Total Cost": 62270.12,
              "Plan Rows": 1,
              "Plan Width": 8,
              "Actual Startup Time": 240.975,
              "Actual Total Time": 241.066,
              "Actual Rows": 1,
              "Actual Loops": 3,
              "Plans": [
                {
                  "Node Type": "Hash Join",
                  "Parent Relationship": "Outer",
                  "Parallel Aware": true,
                  "Join Type": "Inner",
                  "Startup Cost": 46064.79,
                  "Total Cost": 62198.78,
                  "Plan Rows": 28534,
                  "Plan Width": 0,
                  "Actual Startup Time": 186.056,
                  "Actual Total Time": 238.47,
                  "Actual Rows": 64517,
                  "Actual Loops": 3,
                  "Inner Unique": true,
                  "Hash Cond": "(mi_idx.movie_id = t.id)",
                  "Plans": [
                    {
                      "Node Type": "Seq Scan",
                      "Parent Relationship": "Outer",
                      "Parallel Aware": true,
                      "Relation Name": "movie_info_idx",
                      "Alias": "mi_idx",
                      "Startup Cost": 0.0,
                      "Total Cost": 15122.68,
                      "Plan Rows": 385260,
                      "Plan Width": 4,
                      "Actual Startup Time": 0.023,
                      "Actual Total Time": 41.056,
                      "Actual Rows": 306703,
                      "Actual Loops": 3,
                      "Filter": "(info_type_id > 99)",
                      "Rows Removed by Filter": 153308
                    },
                    {
                      "Node Type": "Hash",
                      "Parent Relationship": "Inner",
                      "Parallel Aware": true,
                      "Startup Cost": 45479.59,
                      "Total Cost": 45479.59,
                      "Plan Rows": 46816,
                      "Plan Width": 4,
                      "Actual Startup Time": 152.335,
                      "Actual Total Time": 152.336,
                      "Actual Rows": 108677,
                      "Actual Loops": 3,
                      "Hash Buckets": 524288,
                      "Original Hash Buckets": 262144,
                      "Hash Batches": 1,
                      "Original Hash Batches": 1,
                      "Peak Memory Usage": 18944,
                      "Plans": [
                        {
                          "Node Type": "Seq Scan",
                          "Parent Relationship": "Outer",
                          "Parallel Aware": true,
                          "Relation Name": "title",
                          "Alias": "t",
                          "Startup Cost": 0.0,
                          "Total Cost": 45479.59,
                          "Plan Rows": 46816,
                          "Plan Width": 4,
                          "Actual Startup Time": 64.552,
                          "Actual Total Time": 113.236,
                          "Actual Rows": 108677,
                          "Actual Loops": 3,
                          "Filter": "((production_year < 1992) AND (kind_id = 1))",
                          "Rows Removed by Filter": 734093
                        }
                      ]
                    }
                  ]
                }
              ]
            }
          ]
        }
      ]
    },
    "Planning Time": 0.704,
    "Triggers": [],
    "Execution Time": 262.694
  }
]