[
  {
    "Plan": {
      "Node Type": "Aggregate",
      "Strategy": "Plain",
      "Partial Mode": "Finalize",
      "Parallel Aware": false,
      "Startup Cost": 100832.28,
      "Total Cost": 100832.29,
      "Plan Rows": 1,
      "Plan Width": 8,
      "Actual Startup Time": 647.413,
      "Actual Total Time": 663.095,
      "Actual Rows": 1,
      "Actual Loops": 1,
      "Plans": [
        {
          "Node Type": "Gather",
          "Parent Relationship": "Outer",
          "Parallel Aware": false,
          "Startup Cost": 100831.96,
          "Total Cost": 100832.27,
          "Plan Rows": 3,
          "Plan Width": 8,
          "Actual Startup Time": 635.475,
          "Actual Total Time": 663.085,
          "Actual Rows": 4,
          "Actual Loops": 1,
          "Workers Planned": 3,
          "Workers Launched": 3,
          "Single Copy": false,
          "Plans": [
            {
              "Node Type": "Aggregate",
              "Strategy": "Plain",
              "Partial Mode": "Partial",
              "Parent Relationship": "Outer",
              "Parallel Aware": false,
              "Startup Cost": 99831.96,
              "Total Cost": 99831.97,
              "Plan Rows": 1,
              "Plan Width": 8,
              "Actual Startup Time": 616.048,
              "Actual Total Time": 616.051,
              "Actual Rows": 1,
              "Actual Loops": 4,
              "Plans": [
                {
                  "Node Type": "Hash Join",
                  "Parent Relationship": "Outer",
                  "Parallel Aware": true,
                  "Join Type": "Inner",
                  "Startup Cost": 50561.12,
                  "Total Cost": 96903.45,
                  "Plan Rows": 1171406,
                  "Plan Width": 0,
                  "Actual Startup Time": 320.477,
                  "Actual Total Time": 581.849,
                  "Actual Rows": 861749,
                  "Actual Loops": 4,
                  "Inner Unique": true,
                  "Hash Cond": "(mk.movie_id = t.id)",
                  "Plans": [
                    {
                      "Node Type": "Seq Scan",
                      "Parent Relationship": "Outer",
                      "Parallel Aware": true,
                      "Relation Name": "movie_keyword",
                      "Alias": "mk",
                      "Startup Cost": 0.0,
                      "Total Cost": 42695.65,
                      "Plan Rows": 1389207,
                      "Plan Width": 4,
                      "Actual Startup Time": 0.032,
                      "Actual Total Time": 110.845,
                      "Actual Rows": 1074576,
                      "Actual Loops": 4,
                      "Filter": "(keyword_id > 178)",
                      "Rows Removed by Filter": 56406
                    },
                    {
                      "Node Type": "Hash",
                      "Parent Relationship": "Inner",
                      "Parallel Aware": true,
                      "Startup Cost": 43898.92,
                      "Total Cost": 43898.92,
                      "Plan Rows": 532976,
                      "Plan Width": 4,
                      "Actual Startup Time": 308.85,
                      "Actual Total Time": 308.851,
                      "Actual Rows": 529593,
                      "Actual Loops": 4,
                      "Hash Buckets": 4194304,
                      "Original Hash Buckets": 4194304,
                      "Hash Batches": 1,
                      "Original Hash Batches": 1,
                      "Peak Memory Usage": 115680,
                      "Plans": [
                        {
                          "Node Type": "Seq Scan",
                          "Parent Relationship": "Outer",
                          "Parallel Aware": true,
                          "Relation Name": "title",
                          "Alias": "t",
                          "Startup Cost": 0.0,
                          "Total Cost": 43898.92,
                          "Plan Rows": 532976,
                          "Plan Width": 4,
                          "Actual Startup Time": 0.045,
                          "Actual Total Time": 108.711,
                          "Actual Rows": 529593,
                          "Actual Loops": 4,
                          "Filter": "(production_year > 1967)",
                          "Rows Removed by Filter": 102485
                        }
                      ]
                    }
                  ]
                }
              ]
            }
          ]
        }
      ]
    },
    "Planning Time": 0.666,
    "Triggers": [],
    "Execution Time": 663.164
  }
]