[
    {
        "Bao": {
            "Bao prediction": "NaN",
            "Bao recommended hint": "(no hint)"
        }
    },
    {
        "Plan": {
            "Node Type": "Aggregate",
            "Strategy": "Plain",
            "Partial Mode": "Finalize",
            "Parallel Aware": false,
            "Startup Cost": 43314.26,
            "Total Cost": 43314.27,
            "Plan Rows": 1,
            "Plan Width": 8,
            "Actual Startup Time": 53.696,
            "Actual Total Time": 59.606,
            "Actual Rows": 1,
            "Actual Loops": 1,
            "Output": [
                "count(*)"
            ],
            "Plans": [
                {
                    "Node Type": "Gather",
                    "Parent Relationship": "Outer",
                    "Parallel Aware": false,
                    "Startup Cost": 43313.84,
                    "Total Cost": 43314.25,
                    "Plan Rows": 4,
                    "Plan Width": 8,
                    "Actual Startup Time": 53.361,
                    "Actual Total Time": 59.599,
                    "Actual Rows": 5,
                    "Actual Loops": 1,
                    "Output": [
                        "(PARTIAL count(*))"
                    ],
                    "Workers Planned": 4,
                    "Workers Launched": 4,
                    "Single Copy": false,
                    "Plans": [
                        {
                            "Node Type": "Aggregate",
                            "Strategy": "Plain",
                            "Partial Mode": "Partial",
                            "Parent Relationship": "Outer",
                            "Parallel Aware": false,
                            "Startup Cost": 42313.84,
                            "Total Cost": 42313.85,
                            "Plan Rows": 1,
                            "Plan Width": 8,
                            "Actual Startup Time": 43.893,
                            "Actual Total Time": 43.894,
                            "Actual Rows": 1,
                            "Actual Loops": 5,
                            "Output": [
                                "PARTIAL count(*)"
                            ],
                            "Workers": [
                                {
                                    "Worker Number": 0,
                                    "Actual Startup Time": 41.281,
                                    "Actual Total Time": 41.283,
                                    "Actual Rows": 1,
                                    "Actual Loops": 1
                                },
                                {
                                    "Worker Number": 1,
                                    "Actual Startup Time": 41.525,
                                    "Actual Total Time": 41.526,
                                    "Actual Rows": 1,
                                    "Actual Loops": 1
                                },
                                {
                                    "Worker Number": 2,
                                    "Actual Startup Time": 41.597,
                                    "Actual Total Time": 41.599,
                                    "Actual Rows": 1,
                                    "Actual Loops": 1
                                },
                                {
                                    "Worker Number": 3,
                                    "Actual Startup Time": 41.995,
                                    "Actual Total Time": 41.997,
                                    "Actual Rows": 1,
                                    "Actual Loops": 1
                                }
                            ],
                            "Plans": [
                                {
                                    "Node Type": "Nested Loop",
                                    "Parent Relationship": "Outer",
                                    "Parallel Aware": false,
                                    "Join Type": "Inner",
                                    "Startup Cost": 1663.13,
                                    "Total Cost": 42311.8,
                                    "Plan Rows": 816,
                                    "Plan Width": 0,
                                    "Actual Startup Time": 4.254,
                                    "Actual Total Time": 43.792,
                                    "Actual Rows": 1137,
                                    "Actual Loops": 5,
                                    "Inner Unique": false,
                                    "Workers": [
                                        {
                                            "Worker Number": 0,
                                            "Actual Startup Time": 0.886,
                                            "Actual Total Time": 41.204,
                                            "Actual Rows": 559,
                                            "Actual Loops": 1
                                        },
                                        {
                                            "Worker Number": 1,
                                            "Actual Startup Time": 4.163,
                                            "Actual Total Time": 41.451,
                                            "Actual Rows": 647,
                                            "Actual Loops": 1
                                        },
                                        {
                                            "Worker Number": 2,
                                            "Actual Startup Time": 1.22,
                                            "Actual Total Time": 41.523,
                                            "Actual Rows": 464,
                                            "Actual Loops": 1
                                        },
                                        {
                                            "Worker Number": 3,
                                            "Actual Startup Time": 3.645,
                                            "Actual Total Time": 41.903,
                                            "Actual Rows": 764,
                                            "Actual Loops": 1
                                        }
                                    ],
                                    "Plans": [
                                        {
                                            "Node Type": "Bitmap Heap Scan",
                                            "Parent Relationship": "Outer",
                                            "Parallel Aware": true,
                                            "Relation Name": "title",
                                            "Schema": "public",
                                            "Alias": "t",
                                            "Startup Cost": 1662.7,
                                            "Total Cost": 38009.61,
                                            "Plan Rows": 456,
                                            "Plan Width": 4,
                                            "Actual Startup Time": 3.707,
                                            "Actual Total Time": 38.201,
                                            "Actual Rows": 453,
                                            "Actual Loops": 5,
                                            "Output": [
                                                "t.id",
                                                "t.title",
                                                "t.imdb_index",
                                                "t.kind_id",
                                                "t.production_year",
                                                "t.imdb_id",
                                                "t.phonetic_code",
                                                "t.episode_of_id",
                                                "t.season_nr",
                                                "t.episode_nr",
                                                "t.series_years",
                                                "t.md5sum"
                                            ],
                                            "Recheck Cond": "(t.kind_id = 2)",
                                            "Rows Removed by Index Recheck": 0,
                                            "Filter": "(t.production_year = 1999)",
                                            "Rows Removed by Filter": 17717,
                                            "Exact Heap Blocks": 14239,
                                            "Lossy Heap Blocks": 0,
                                            "Workers": [
                                                {
                                                    "Worker Number": 0,
                                                    "Actual Startup Time": 0.691,
                                                    "Actual Total Time": 35.273,
                                                    "Actual Rows": 259,
                                                    "Actual Loops": 1
                                                },
                                                {
                                                    "Worker Number": 1,
                                                    "Actual Startup Time": 2.077,
                                                    "Actual Total Time": 36.065,
                                                    "Actual Rows": 230,
                                                    "Actual Loops": 1
                                                },
                                                {
                                                    "Worker Number": 2,
                                                    "Actual Startup Time": 0.995,
                                                    "Actual Total Time": 35.977,
                                                    "Actual Rows": 229,
                                                    "Actual Loops": 1
                                                },
                                                {
                                                    "Worker Number": 3,
                                                    "Actual Startup Time": 3.432,
                                                    "Actual Total Time": 36.244,
                                                    "Actual Rows": 209,
                                                    "Actual Loops": 1
                                                }
                                            ],
                                            "Plans": [
                                                {
                                                    "Node Type": "Bitmap Index Scan",
                                                    "Parent Relationship": "Outer",
                                                    "Parallel Aware": false,
                                                    "Index Name": "kind_id_title",
                                                    "Startup Cost": 0.0,
                                                    "Total Cost": 1662.25,
                                                    "Plan Rows": 93042,
                                                    "Plan Width": 0,
                                                    "Actual Startup Time": 6.694,
                                                    "Actual Total Time": 6.695,
                                                    "Actual Rows": 90852,
                                                    "Actual Loops": 1,
                                                    "Index Cond": "(t.kind_id = 2)"
                                                }
                                            ]
                                        },
                                        {
                                            "Node Type": "Index Only Scan",
                                            "Parent Relationship": "Inner",
                                            "Parallel Aware": false,
                                            "Scan Direction": "Forward",
                                            "Index Name": "movie_id_movie_keyword",
                                            "Relation Name": "movie_keyword",
                                            "Schema": "public",
                                            "Alias": "mk",
                                            "Startup Cost": 0.43,
                                            "Total Cost": 8.97,
                                            "Plan Rows": 46,
                                            "Plan Width": 4,
                                            "Actual Startup Time": 0.011,
                                            "Actual Total Time": 0.011,
                                            "Actual Rows": 3,
                                            "Actual Loops": 2267,
                                            "Output": [
                                                "mk.movie_id"
                                            ],
                                            "Index Cond": "(mk.movie_id = t.id)",
                                            "Rows Removed by Index Recheck": 0,
                                            "Heap Fetches": 5687,
                                            "Workers": [
                                                {
                                                    "Worker Number": 0,
                                                    "Actual Startup Time": 0.021,
                                                    "Actual Total Time": 0.021,
                                                    "Actual Rows": 2,
                                                    "Actual Loops": 259
                                                },
                                                {
                                                    "Worker Number": 1,
                                                    "Actual Startup Time": 0.021,
                                                    "Actual Total Time": 0.022,
                                                    "Actual Rows": 3,
                                                    "Actual Loops": 230
                                                },
                                                {
                                                    "Worker Number": 2,
                                                    "Actual Startup Time": 0.022,
                                                    "Actual Total Time": 0.023,
                                                    "Actual Rows": 2,
                                                    "Actual Loops": 229
                                                },
                                                {
                                                    "Worker Number": 3,
                                                    "Actual Startup Time": 0.024,
                                                    "Actual Total Time": 0.025,
                                                    "Actual Rows": 4,
                                                    "Actual Loops": 209
                                                }
                                            ]
                                        }
                                    ]
                                }
                            ]
                        }
                    ]
                }
            ]
        },
        "Planning Time": 178.921,
        "Triggers": [],
        "Execution Time": 59.663
    }
]