[
  {
    "Plan": {
      "Node Type": "Aggregate",
      "Strategy": "Plain",
      "Partial Mode": "Finalize",
      "Parallel Aware": false,
      "Startup Cost": 80085.16,
      "Total Cost": 80085.17,
      "Plan Rows": 1,
      "Plan Width": 8,
      "Actual Startup Time": 340.662,
      "Actual Total Time": 355.214,
      "Actual Rows": 1,
      "Actual Loops": 1,
      "Plans": [
        {
          "Node Type": "Gather",
          "Parent Relationship": "Outer",
          "Parallel Aware": false,
          "Startup Cost": 80084.84,
          "Total Cost": 80085.15,
          "Plan Rows": 3,
          "Plan Width": 8,
          "Actual Startup Time": 336.599,
          "Actual Total Time": 355.203,
          "Actual Rows": 4,
          "Actual Loops": 1,
          "Workers Planned": 3,
          "Workers Launched": 3,
          "Single Copy": false,
          "Plans": [
            {
              "Node Type": "Aggregate",
              "Strategy": "Plain",
              "Partial Mode": "Partial",
              "Parent Relationship": "Outer",
              "Parallel Aware": false,
              "Startup Cost": 79084.84,
              "Total Cost": 79084.85,
              "Plan Rows": 1,
              "Plan Width": 8,
              "Actual Startup Time": 328.062,
              "Actual Total Time": 328.065,
              "Actual Rows": 1,
              "Actual Loops": 4,
              "Plans": [
                {
                  "Node Type": "Hash Join",
                  "Parent Relationship": "Outer",
                  "Parallel Aware": true,
                  "Join Type": "Inner",
                  "Startup Cost": 48167.85,
                  "Total Cost": 78691.66,
                  "Plan Rows": 157272,
                  "Plan Width": 0,
                  "Actual Startup Time": 172.147,
                  "Actual Total Time": 321.412,
                  "Actual Rows": 171830,
                  "Actual Loops": 4,
                  "Inner Unique": true,
                  "Hash Cond": "(mc.movie_id = t.id)",
                  "Plans": [
                    {
                      "Node Type": "Seq Scan",
                      "Parent Relationship": "Outer",
                      "Parallel Aware": true,
                      "Relation Name": "movie_companies",
                      "Alias": "mc",
                      "Startup Cost": 0.0,
                      "Total Cost": 29310.68,
                      "Plan Rows": 462145,
                      "Plan Width": 4,
                      "Actual Startup Time": 0.018,
                      "Actual Total Time": 64.03,
                      "Actual Rows": 357726,
                      "Actual Loops": 4,
                      "Filter": "(company_id < 12667)",
                      "Rows Removed by Filter": 294556
                    },
                    {
                      "Node Type": "Hash",
                      "Parent Relationship": "Inner",
                      "Parallel Aware": true,
                      "Startup Cost": 45479.1,
                      "Total Cost": 45479.1,
                      "Plan Rows": 215100,
                      "Plan Width": 4,
                      "Actual Startup Time": 166.956,
                      "Actual Total Time": 166.957,
                      "Actual Rows": 192488,
                      "Actual Loops": 4,
                      "Hash Buckets": 1048576,
                      "Original Hash Buckets": 1048576,
                      "Hash Batches": 1,
                      "Original Hash Batches": 1,
                      "Peak Memory Usage": 38368,
                      "Plans": [
                        {
                          "Node Type": "Seq Scan",
                          "Parent Relationship": "Outer",
                          "Parallel Aware": true,
                          "Relation Name": "title",
                          "Alias": "t",
                          "Startup Cost": 0.0,
                          "Total Cost": 45479.1,
                          "Plan Rows": 215100,
                          "Plan Width": 4,
                          "Actual Startup Time": 0.048,
                          "Actual Total Time": 102.12,
                          "Actual Rows": 192488,
                          "Actual Loops": 4,
                          "Filter": "((kind_id < 7) AND (production_year > 1962))",
                          "Rows Removed by Filter": 439590
                        }
                      ]
                    }
                  ]
                }
              ]
            }
          ]
        }
      ]
    },
    "Planning Time": 0.614,
    "Triggers": [],
    "Execution Time": 355.277
  }
]