{
  "Plan": {
    "Node Type": "Aggregate",
    "Strategy": "Plain",
    "Partial Mode": "Finalize",
    "Parallel Aware": false,
    "Startup Cost": 125691.47,
    "Total Cost": 125691.48,
    "Plan Rows": 1,
    "Plan Width": 8,
    "Actual Startup Time": 551.656,
    "Actual Total Time": 565.647,
    "Actual Rows": 1,
    "Actual Loops": 1,
    "Plans": [
      {
        "Node Type": "Gather",
        "Parent Relationship": "Outer",
        "Parallel Aware": false,
        "Startup Cost": 125691.36,
        "Total Cost": 125691.47,
        "Plan Rows": 1,
        "Plan Width": 8,
        "Actual Startup Time": 550.495,
        "Actual Total Time": 565.64,
        "Actual Rows": 2,
        "Actual Loops": 1,
        "Workers Planned": 1,
        "Workers Launched": 1,
        "Single Copy": false,
        "Plans": [
          {
            "Node Type": "Aggregate",
            "Strategy": "Plain",
            "Partial Mode": "Partial",
            "Parent Relationship": "Outer",
            "Parallel Aware": false,
            "Startup Cost": 124691.36,
            "Total Cost": 124691.37,
            "Plan Rows": 1,
            "Plan Width": 8,
            "Actual Startup Time": 544.727,
            "Actual Total Time": 544.73,
            "Actual Rows": 1,
            "Actual Loops": 2,
            "Plans": [
              {
                "Node Type": "Hash Join",
                "Parent Relationship": "Outer",
                "Parallel Aware": true,
                "Join Type": "Inner",
                "Startup Cost": 63872.08,
                "Total Cost": 124003.34,
                "Plan Rows": 275210,
                "Plan Width": 0,
                "Actual Startup Time": 237.806,
                "Actual Total Time": 525.436,
                "Actual Rows": 468830,
                "Actual Loops": 2,
                "Inner Unique": true,
                "Hash Cond": "(mk.movie_id = t.id)",
                "Plans": [
                  {
                    "Node Type": "Seq Scan",
                    "Parent Relationship": "Outer",
                    "Parallel Aware": true,
                    "Relation Name": "movie_keyword",
                    "Alias": "mk",
                    "Startup Cost": 0.0,
                    "Total Cost": 57718.19,
                    "Plan Rows": 919263,
                    "Plan Width": 4,
                    "Actual Startup Time": 0.014,
                    "Actual Total Time": 163.454,
                    "Actual Rows": 789327,
                    "Actual Loops": 2,
                    "Filter": "(keyword_id < 2394)",
                    "Rows Removed by Filter": 1472638
                  },
                  {
                    "Node Type": "Hash",
                    "Parent Relationship": "Inner",
                    "Parallel Aware": true,
                    "Startup Cost": 58306.47,
                    "Total Cost": 58306.47,
                    "Plan Rows": 445249,
                    "Plan Width": 4,
                    "Actual Startup Time": 228.7,
                    "Actual Total Time": 228.701,
                    "Actual Rows": 328600,
                    "Actual Loops": 2,
                    "Hash Buckets": 1048576,
                    "Original Hash Buckets": 1048576,
                    "Hash Batches": 1,
                    "Original Hash Batches": 1,
                    "Peak Memory Usage": 33952,
                    "Plans": [
                      {
                        "Node Type": "Seq Scan",
                        "Parent Relationship": "Outer",
                        "Parallel Aware": true,
                        "Relation Name": "title",
                        "Alias": "t",
                        "Startup Cost": 0.0,
                        "Total Cost": 58306.47,
                        "Plan Rows": 445249,
                        "Plan Width": 4,
                        "Actual Startup Time": 0.038,
                        "Actual Total Time": 147.823,
                        "Actual Rows": 328600,
                        "Actual Loops": 2,
                        "Filter": "((kind_id < 7) AND (production_year > 1981))",
                        "Rows Removed by Filter": 935556
                      }
                    ]
                  }
                ]
              }
            ]
          }
        ]
      }
    ]
  },
  "Planning Time": 0.68,
  "Triggers": [],
  "Execution Time": 565.715
}