{
  "Plan": {
    "Node Type": "Aggregate",
    "Strategy": "Plain",
    "Partial Mode": "Finalize",
    "Parallel Aware": false,
    "Startup Cost": 136190.34,
    "Total Cost": 136190.35,
    "Plan Rows": 1,
    "Plan Width": 8,
    "Actual Startup Time": 945.281,
    "Actual Total Time": 961.582,
    "Actual Rows": 1,
    "Actual Loops": 1,
    "Plans": [
      {
        "Node Type": "Gather",
        "Parent Relationship": "Outer",
        "Parallel Aware": false,
        "Startup Cost": 136190.23,
        "Total Cost": 136190.34,
        "Plan Rows": 1,
        "Plan Width": 8,
        "Actual Startup Time": 940.442,
        "Actual Total Time": 961.573,
        "Actual Rows": 2,
        "Actual Loops": 1,
        "Workers Planned": 1,
        "Workers Launched": 1,
        "Single Copy": false,
        "Plans": [
          {
            "Node Type": "Aggregate",
            "Strategy": "Plain",
            "Partial Mode": "Partial",
            "Parent Relationship": "Outer",
            "Parallel Aware": false,
            "Startup Cost": 135190.23,
            "Total Cost": 135190.24,
            "Plan Rows": 1,
            "Plan Width": 8,
            "Actual Startup Time": 928.836,
            "Actual Total Time": 928.84,
            "Actual Rows": 1,
            "Actual Loops": 2,
            "Plans": [
              {
                "Node Type": "Hash Join",
                "Parent Relationship": "Outer",
                "Parallel Aware": true,
                "Join Type": "Inner",
                "Startup Cost": 70464.11,
                "Total Cost": 132047.03,
                "Plan Rows": 1257281,
                "Plan Width": 0,
                "Actual Startup Time": 509.496,
                "Actual Total Time": 889.517,
                "Actual Rows": 1017697,
                "Actual Loops": 2,
                "Inner Unique": true,
                "Hash Cond": "(mk.movie_id = t.id)",
                "Plans": [
                  {
                    "Node Type": "Seq Scan",
                    "Parent Relationship": "Outer",
                    "Parallel Aware": true,
                    "Relation Name": "movie_keyword",
                    "Alias": "mk",
                    "Startup Cost": 0.0,
                    "Total Cost": 57718.19,
                    "Plan Rows": 1472270,
                    "Plan Width": 4,
                    "Actual Startup Time": 0.013,
                    "Actual Total Time": 181.379,
                    "Actual Rows": 1253066,
                    "Actual Loops": 2,
                    "Filter": "(keyword_id < 6151)",
                    "Rows Removed by Filter": 1008899
                  },
                  {
                    "Node Type": "Hash",
                    "Parent Relationship": "Inner",
                    "Parallel Aware": true,
                    "Startup Cost": 54588.39,
                    "Total Cost": 54588.39,
                    "Plan Rows": 1270058,
                    "Plan Width": 4,
                    "Actual Startup Time": 487.674,
                    "Actual Total Time": 487.675,
                    "Actual Rows": 1073342,
                    "Actual Loops": 2,
                    "Hash Buckets": 4194304,
                    "Original Hash Buckets": 4194304,
                    "Hash Batches": 1,
                    "Original Hash Batches": 1,
                    "Peak Memory Usage": 116800,
                    "Plans": [
                      {
                        "Node Type": "Seq Scan",
                        "Parent Relationship": "Outer",
                        "Parallel Aware": true,
                        "Relation Name": "title",
                        "Alias": "t",
                        "Startup Cost": 0.0,
                        "Total Cost": 54588.39,
                        "Plan Rows": 1270058,
                        "Plan Width": 4,
                        "Actual Startup Time": 0.02,
                        "Actual Total Time": 174.819,
                        "Actual Rows": 1073342,
                        "Actual Loops": 2,
                        "Filter": "(production_year > 1965)",
                        "Rows Removed by Filter": 190814
                      }
                    ]
                  }
                ]
              }
            ]
          }
        ]
      }
    ]
  },
  "Planning Time": 0.669,
  "Triggers": [],
  "Execution Time": 961.645
}