[
  {
    "Plan": {
      "Node Type": "Aggregate",
      "Strategy": "Plain",
      "Partial Mode": "Finalize",
      "Parallel Aware": false,
      "Startup Cost": 339567.54,
      "Total Cost": 339567.55,
      "Plan Rows": 1,
      "Plan Width": 8,
      "Actual Startup Time": 835.815,
      "Actual Total Time": 894.259,
      "Actual Rows": 1,
      "Actual Loops": 1,
      "Plans": [
        {
          "Node Type": "Gather",
          "Parent Relationship": "Outer",
          "Parallel Aware": false,
          "Startup Cost": 339566.92,
          "Total Cost": 339567.53,
          "Plan Rows": 6,
          "Plan Width": 8,
          "Actual Startup Time": 835.662,
          "Actual Total Time": 894.247,
          "Actual Rows": 7,
          "Actual Loops": 1,
          "Workers Planned": 6,
          "Workers Launched": 6,
          "Single Copy": false,
          "Plans": [
            {
              "Node Type": "Aggregate",
              "Strategy": "Plain",
              "Partial Mode": "Partial",
              "Parent Relationship": "Outer",
              "Parallel Aware": false,
              "Startup Cost": 338566.92,
              "Total Cost": 338566.93,
              "Plan Rows": 1,
              "Plan Width": 8,
              "Actual Startup Time": 825.27,
              "Actual Total Time": 825.271,
              "Actual Rows": 1,
              "Actual Loops": 7,
              "Plans": [
                {
                  "Node Type": "Seq Scan",
                  "Parent Relationship": "Outer",
                  "Parallel Aware": true,
                  "Relation Name": "cast_info",
                  "Alias": "ci",
                  "Startup Cost": 0.0,
                  "Total Cost": 328162.03,
                  "Plan Rows": 4161956,
                  "Plan Width": 0,
                  "Actual Startup Time": 0.057,
                  "Actual Total Time": 652.59,
                  "Actual Rows": 3582073,
                  "Actual Loops": 7,
                  "Filter": "(person_id < 2585069)",
                  "Rows Removed by Filter": 1595690
                }
              ]
            }
          ]
        }
      ]
    },
    "Planning Time": 0.165,
    "Triggers": [],
    "Execution Time": 894.324
  }
]