[
  {
    "Plan": {
      "Node Type": "Aggregate",
      "Strategy": "Plain",
      "Partial Mode": "Finalize",
      "Parallel Aware": false,
      "Startup Cost": 45614.51,
      "Total Cost": 45614.52,
      "Plan Rows": 1,
      "Plan Width": 8,
      "Actual Startup Time": 164.292,
      "Actual Total Time": 173.097,
      "Actual Rows": 1,
      "Actual Loops": 1,
      "Plans": [
        {
          "Node Type": "Gather",
          "Parent Relationship": "Outer",
          "Parallel Aware": false,
          "Startup Cost": 45614.2,
          "Total Cost": 45614.51,
          "Plan Rows": 3,
          "Plan Width": 8,
          "Actual Startup Time": 164.116,
          "Actual Total Time": 173.083,
          "Actual Rows": 4,
          "Actual Loops": 1,
          "Workers Planned": 3,
          "Workers Launched": 3,
          "Single Copy": false,
          "Plans": [
            {
              "Node Type": "Aggregate",
              "Strategy": "Plain",
              "Partial Mode": "Partial",
              "Parent Relationship": "Outer",
              "Parallel Aware": false,
              "Startup Cost": 44614.2,
              "Total Cost": 44614.21,
              "Plan Rows": 1,
              "Plan Width": 8,
              "Actual Startup Time": 155.184,
              "Actual Total Time": 155.185,
              "Actual Rows": 1,
              "Actual Loops": 4,
              "Plans": [
                {
                  "Node Type": "Seq Scan",
                  "Parent Relationship": "Outer",
                  "Parallel Aware": true,
                  "Relation Name": "movie_keyword",
                  "Alias": "mk",
                  "Startup Cost": 0.0,
                  "Total Cost": 42695.65,
                  "Plan Rows": 767417,
                  "Plan Width": 0,
                  "Actual Startup Time": 0.075,
                  "Actual Total Time": 125.296,
                  "Actual Rows": 597113,
                  "Actual Loops": 4,
                  "Filter": "(keyword_id < 5537)",
                  "Rows Removed by Filter": 533870
                }
              ]
            }
          ]
        }
      ]
    },
    "Planning Time": 0.201,
    "Triggers": [],
    "Execution Time": 173.156
  }
]