[
  {
    "Plan": {
      "Node Type": "Aggregate",
      "Strategy": "Plain",
      "Partial Mode": "Finalize",
      "Parallel Aware": false,
      "Startup Cost": 83272.99,
      "Total Cost": 83273.0,
      "Plan Rows": 1,
      "Plan Width": 8,
      "Actual Startup Time": 354.732,
      "Actual Total Time": 371.793,
      "Actual Rows": 1,
      "Actual Loops": 1,
      "Plans": [
        {
          "Node Type": "Gather",
          "Parent Relationship": "Outer",
          "Parallel Aware": false,
          "Startup Cost": 83272.57,
          "Total Cost": 83272.98,
          "Plan Rows": 4,
          "Plan Width": 8,
          "Actual Startup Time": 352.531,
          "Actual Total Time": 371.783,
          "Actual Rows": 5,
          "Actual Loops": 1,
          "Workers Planned": 4,
          "Workers Launched": 4,
          "Single Copy": false,
          "Plans": [
            {
              "Node Type": "Aggregate",
              "Strategy": "Plain",
              "Partial Mode": "Partial",
              "Parent Relationship": "Outer",
              "Parallel Aware": false,
              "Startup Cost": 82272.57,
              "Total Cost": 82272.58,
              "Plan Rows": 1,
              "Plan Width": 8,
              "Actual Startup Time": 342.797,
              "Actual Total Time": 342.8,
              "Actual Rows": 1,
              "Actual Loops": 5,
              "Plans": [
                {
                  "Node Type": "Hash Join",
                  "Parent Relationship": "Outer",
                  "Parallel Aware": true,
                  "Join Type": "Inner",
                  "Startup Cost": 35384.31,
                  "Total Cost": 81657.3,
                  "Plan Rows": 246108,
                  "Plan Width": 0,
                  "Actual Startup Time": 128.367,
                  "Actual Total Time": 337.066,
                  "Actual Rows": 136191,
                  "Actual Loops": 5,
                  "Inner Unique": false,
                  "Hash Cond": "(t.id = mc.movie_id)",
                  "Plans": [
                    {
                      "Node Type": "Seq Scan",
                      "Parent Relationship": "Outer",
                      "Parallel Aware": true,
                      "Relation Name": "title",
                      "Alias": "t",
                      "Startup Cost": 0.0,
                      "Total Cost": 42318.73,
                      "Plan Rows": 632073,
                      "Plan Width": 4,
                      "Actual Startup Time": 0.011,
                      "Actual Total Time": 63.402,
                      "Actual Rows": 505662,
                      "Actual Loops": 5
                    },
                    {
                      "Node Type": "Hash",
                      "Parent Relationship": "Inner",
                      "Parallel Aware": true,
                      "Startup Cost": 31414.82,
                      "Total Cost": 31414.82,
                      "Plan Rows": 317559,
                      "Plan Width": 4,
                      "Actual Startup Time": 124.137,
                      "Actual Total Time": 124.138,
                      "Actual Rows": 136191,
                      "Actual Loops": 5,
                      "Hash Buckets": 1048576,
                      "Original Hash Buckets": 1048576,
                      "Hash Batches": 1,
                      "Original Hash Batches": 1,
                      "Peak Memory Usage": 34912,
                      "Plans": [
                        {
                          "Node Type": "Seq Scan",
                          "Parent Relationship": "Outer",
                          "Parallel Aware": true,
                          "Relation Name": "movie_companies",
                          "Alias": "mc",
                          "Startup Cost": 0.0,
                          "Total Cost": 31414.82,
                          "Plan Rows": 317559,
                          "Plan Width": 4,
                          "Actual Startup Time": 46.39,
                          "Actual Total Time": 76.877,
                          "Actual Rows": 136191,
                          "Actual Loops": 5,
                          "Filter": "((company_id < 48222) AND (company_type_id > 1))",
                          "Rows Removed by Filter": 385635
                        }
                      ]
                    }
                  ]
                }
              ]
            }
          ]
        }
      ]
    },
    "Planning Time": 0.663,
    "Triggers": [],
    "Execution Time": 371.869
  }
]