[
  {
    "Plan": {
      "Node Type": "Aggregate",
      "Strategy": "Plain",
      "Partial Mode": "Finalize",
      "Parallel Aware": false,
      "Startup Cost": 43605.46,
      "Total Cost": 43605.47,
      "Plan Rows": 1,
      "Plan Width": 8,
      "Actual Startup Time": 142.071,
      "Actual Total Time": 148.327,
      "Actual Rows": 1,
      "Actual Loops": 1,
      "Plans": [
        {
          "Node Type": "Gather",
          "Parent Relationship": "Outer",
          "Parallel Aware": false,
          "Startup Cost": 43605.14,
          "Total Cost": 43605.45,
          "Plan Rows": 3,
          "Plan Width": 8,
          "Actual Startup Time": 141.754,
          "Actual Total Time": 148.317,
          "Actual Rows": 4,
          "Actual Loops": 1,
          "Workers Planned": 3,
          "Workers Launched": 3,
          "Single Copy": false,
          "Plans": [
            {
              "Node Type": "Aggregate",
              "Strategy": "Plain",
              "Partial Mode": "Partial",
              "Parent Relationship": "Outer",
              "Parallel Aware": false,
              "Startup Cost": 42605.14,
              "Total Cost": 42605.15,
              "Plan Rows": 1,
              "Plan Width": 8,
              "Actual Startup Time": 136.174,
              "Actual Total Time": 136.176,
              "Actual Rows": 1,
              "Actual Loops": 4,
              "Plans": [
                {
                  "Node Type": "Bitmap Heap Scan",
                  "Parent Relationship": "Outer",
                  "Parallel Aware": true,
                  "Relation Name": "movie_keyword",
                  "Alias": "mk",
                  "Startup Cost": 14779.95,
                  "Total Cost": 42043.27,
                  "Plan Rows": 224746,
                  "Plan Width": 0,
                  "Actual Startup Time": 58.539,
                  "Actual Total Time": 126.889,
                  "Actual Rows": 173758,
                  "Actual Loops": 4,
                  "Recheck Cond": "(keyword_id > 27122)",
                  "Rows Removed by Index Recheck": 0,
                  "Exact Heap Blocks": 9858,
                  "Lossy Heap Blocks": 0,
                  "Plans": [
                    {
                      "Node Type": "Bitmap Index Scan",
                      "Parent Relationship": "Outer",
                      "Parallel Aware": false,
                      "Index Name": "keyword_id_movie_keyword",
                      "Startup Cost": 0.0,
                      "Total Cost": 14605.77,
                      "Plan Rows": 696712,
                      "Plan Width": 0,
                      "Actual Startup Time": 59.807,
                      "Actual Total Time": 59.809,
                      "Actual Rows": 695031,
                      "Actual Loops": 1,
                      "Index Cond": "(keyword_id > 27122)"
                    }
                  ]
                }
              ]
            }
          ]
        }
      ]
    },
    "Planning Time": 0.187,
    "Triggers": [],
    "Execution Time": 148.4
  }
]