[
  {
    "Plan": {
      "Node Type": "Aggregate",
      "Strategy": "Plain",
      "Partial Mode": "Finalize",
      "Parallel Aware": false,
      "Startup Cost": 250144.32,
      "Total Cost": 250144.33,
      "Plan Rows": 1,
      "Plan Width": 8,
      "Actual Startup Time": 577.711,
      "Actual Total Time": 597.913,
      "Actual Rows": 1,
      "Actual Loops": 1,
      "Plans": [
        {
          "Node Type": "Gather",
          "Parent Relationship": "Outer",
          "Parallel Aware": false,
          "Startup Cost": 250144.1,
          "Total Cost": 250144.31,
          "Plan Rows": 2,
          "Plan Width": 8,
          "Actual Startup Time": 572.963,
          "Actual Total Time": 597.906,
          "Actual Rows": 3,
          "Actual Loops": 1,
          "Workers Planned": 2,
          "Workers Launched": 2,
          "Single Copy": false,
          "Plans": [
            {
              "Node Type": "Aggregate",
              "Strategy": "Plain",
              "Partial Mode": "Partial",
              "Parent Relationship": "Outer",
              "Parallel Aware": false,
              "Startup Cost": 249144.1,
              "Total Cost": 249144.11,
              "Plan Rows": 1,
              "Plan Width": 8,
              "Actual Startup Time": 564.796,
              "Actual Total Time": 564.801,
              "Actual Rows": 1,
              "Actual Loops": 3,
              "Plans": [
                {
                  "Node Type": "Hash Join",
                  "Parent Relationship": "Outer",
                  "Parallel Aware": true,
                  "Join Type": "Inner",
                  "Startup Cost": 232179.95,
                  "Total Cost": 248924.36,
                  "Plan Rows": 87896,
                  "Plan Width": 0,
                  "Actual Startup Time": 489.901,
                  "Actual Total Time": 562.753,
                  "Actual Rows": 51521,
                  "Actual Loops": 3,
                  "Inner Unique": false,
                  "Hash Cond": "(mi_idx.movie_id = t.id)",
                  "Plans": [
                    {
                      "Node Type": "Seq Scan",
                      "Parent Relationship": "Outer",
                      "Parallel Aware": true,
                      "Relation Name": "movie_info_idx",
                      "Alias": "mi_idx",
                      "Startup Cost": 0.0,
                      "Total Cost": 15122.68,
                      "Plan Rows": 385585,
                      "Plan Width": 4,
                      "Actual Startup Time": 0.029,
                      "Actual Total Time": 38.635,
                      "Actual Rows": 306703,
                      "Actual Loops": 3,
                      "Filter": "(info_type_id > 99)",
                      "Rows Removed by Filter": 153308
                    },
                    {
                      "Node Type": "Hash",
                      "Parent Relationship": "Inner",
                      "Parallel Aware": true,
                      "Startup Cost": 230739.11,
                      "Total Cost": 230739.11,
                      "Plan Rows": 115267,
                      "Plan Width": 8,
                      "Actual Startup Time": 483.702,
                      "Actual Total Time": 483.706,
                      "Actual Rows": 47918,
                      "Actual Loops": 3,
                      "Hash Buckets": 1048576,
                      "Original Hash Buckets": 1048576,
                      "Hash Batches": 1,
                      "Original Hash Batches": 1,
                      "Peak Memory Usage": 13856,
                      "Plans": [
                        {
                          "Node Type": "Hash Join",
                          "Parent Relationship": "Outer",
                          "Parallel Aware": true,
                          "Join Type": "Inner",
                          "Startup Cost": 65878.03,
                          "Total Cost": 230739.11,
                          "Plan Rows": 115267,
                          "Plan Width": 8,
                          "Actual Startup Time": 317.921,
                          "Actual Total Time": 465.478,
                          "Actual Rows": 47918,
                          "Actual Loops": 3,
                          "Inner Unique": true,
                          "Hash Cond": "(mi.movie_id = t.id)",
                          "Plans": [
                            {
                              "Node Type": "Bitmap Heap Scan",
                              "Parent Relationship": "Outer",
                              "Parallel Aware": true,
                              "Relation Name": "movie_info",
                              "Alias": "mi",
                              "Startup Cost": 17176.41,
                              "Total Cost": 181539.73,
                              "Plan Rows": 189625,
                              "Plan Width": 4,
                              "Actual Startup Time": 39.807,
                              "Actual Total Time": 109.715,
                              "Actual Rows": 300113,
                              "Actual Loops": 3,
                              "Recheck Cond": "(info_type_id > 94)",
                              "Rows Removed by Index Recheck": 0,
                              "Exact Heap Blocks": 12861,
                              "Lossy Heap Blocks": 0,
                              "Plans": [
                                {
                                  "Node Type": "Bitmap Index Scan",
                                  "Parent Relationship": "Outer",
                                  "Parallel Aware": false,
                                  "Index Name": "info_type_id_movie_info",
                                  "Startup Cost": 0.0,
                                  "Total Cost": 16939.38,
                                  "Plan Rows": 948126,
                                  "Plan Width": 0,
                                  "Actual Startup Time": 34.454,
                                  "Actual Total Time": 34.455,
                                  "Actual Rows": 900340,
                                  "Actual Loops": 1,
                                  "Index Cond": "(info_type_id > 94)"
                                }
                              ]
                            },
                            {
                              "Node Type": "Hash",
                              "Parent Relationship": "Inner",
                              "Parallel Aware": true,
                              "Startup Cost": 43898.92,
                              "Total Cost": 43898.92,
                              "Plan Rows": 384216,
                              "Plan Width": 4,
                              "Actual Startup Time": 263.815,
                              "Actual Total Time": 263.816,
                              "Actual Rows": 514421,
                              "Actual Loops": 3,
                              "Hash Buckets": 2097152,
                              "Original Hash Buckets": 2097152,
                              "Hash Batches": 1,
                              "Original Hash Batches": 1,
                              "Peak Memory Usage": 76800,
                              "Plans": [
                                {
                                  "Node Type": "Seq Scan",
                                  "Parent Relationship": "Outer",
                                  "Parallel Aware": true,
                                  "Relation Name": "title",
                                  "Alias": "t",
                                  "Startup Cost": 0.0,
                                  "Total Cost": 43898.92,
                                  "Plan Rows": 384216,
                                  "Plan Width": 4,
                                  "Actual Startup Time": 0.042,
                                  "Actual Total Time": 114.441,
                                  "Actual Rows": 514421,
                                  "Actual Loops": 3,
                                  "Filter": "(kind_id = 7)",
                                  "Rows Removed by Filter": 328349
                                }
                              ]
                            }
                          ]
                        }
                      ]
                    }
                  ]
                }
              ]
            }
          ]
        }
      ]
    },
    "Planning Time": 1.343,
    "Triggers": [],
    "Execution Time": 598.015
  }
]