{
  "Plan": {
    "Node Type": "Aggregate",
    "Strategy": "Plain",
    "Partial Mode": "Simple",
    "Parallel Aware": false,
    "Startup Cost": 46095.03,
    "Total Cost": 46095.04,
    "Plan Rows": 1,
    "Plan Width": 96,
    "Actual Startup Time": 489.115,
    "Actual Total Time": 521.862,
    "Actual Rows": 1,
    "Actual Loops": 1,
    "Plans": [
      {
        "Node Type": "Gather",
        "Parent Relationship": "Outer",
        "Parallel Aware": false,
        "Startup Cost": 5748.1,
        "Total Cost": 46095.02,
        "Plan Rows": 1,
        "Plan Width": 42,
        "Actual Startup Time": 35.618,
        "Actual Total Time": 520.719,
        "Actual Rows": 9096,
        "Actual Loops": 1,
        "Workers Planned": 1,
        "Workers Launched": 1,
        "Single Copy": false,
        "Plans": [
          {
            "Node Type": "Hash Join",
            "Parent Relationship": "Outer",
            "Parallel Aware": false,
            "Join Type": "Inner",
            "Startup Cost": 4748.1,
            "Total Cost": 45094.92,
            "Plan Rows": 1,
            "Plan Width": 42,
            "Actual Startup Time": 28.35,
            "Actual Total Time": 479.944,
            "Actual Rows": 4548,
            "Actual Loops": 2,
            "Inner Unique": true,
            "Hash Cond": "(mi.info_type_id = it2.id)",
            "Plans": [
              {
                "Node Type": "Nested Loop",
                "Parent Relationship": "Outer",
                "Parallel Aware": false,
                "Join Type": "Inner",
                "Startup Cost": 4745.67,
                "Total Cost": 45092.28,
                "Plan Rows": 79,
                "Plan Width": 46,
                "Actual Startup Time": 27.794,
                "Actual Total Time": 473.181,
                "Actual Rows": 87860,
                "Actual Loops": 2,
                "Inner Unique": false,
                "Join Filter": "(miidx.movie_id = mi.movie_id)",
                "Rows Removed by Join Filter": 0,
                "Plans": [
                  {
                    "Node Type": "Hash Join",
                    "Parent Relationship": "Outer",
                    "Parallel Aware": false,
                    "Join Type": "Inner",
                    "Startup Cost": 4745.24,
                    "Total Cost": 45065.17,
                    "Plan Rows": 14,
                    "Plan Width": 54,
                    "Actual Startup Time": 27.709,
                    "Actual Total Time": 421.969,
                    "Actual Rows": 1396,
                    "Actual Loops": 2,
                    "Inner Unique": true,
                    "Hash Cond": "(t.kind_id = kt.id)",
                    "Plans": [
                      {
                        "Node Type": "Nested Loop",
                        "Parent Relationship": "Outer",
                        "Parallel Aware": false,
                        "Join Type": "Inner",
                        "Startup Cost": 4744.14,
                        "Total Cost": 45063.66,
                        "Plan Rows": 96,
                        "Plan Width": 58,
                        "Actual Startup Time": 27.635,
                        "Actual Total Time": 418.911,
                        "Actual Rows": 19800,
                        "Actual Loops": 2,
                        "Inner Unique": true,
                        "Join Filter": "(miidx.movie_id = t.id)",
                        "Rows Removed by Join Filter": 0,
                        "Plans": [
                          {
                            "Node Type": "Hash Join",
                            "Parent Relationship": "Outer",
                            "Parallel Aware": false,
                            "Join Type": "Inner",
                            "Startup Cost": 4743.71,
                            "Total Cost": 45012.88,
                            "Plan Rows": 96,
                            "Plan Width": 33,
                            "Actual Startup Time": 27.592,
                            "Actual Total Time": 347.255,
                            "Actual Rows": 19800,
                            "Actual Loops": 2,
                            "Inner Unique": true,
                            "Hash Cond": "(miidx.info_type_id = it.id)",
                            "Plans": [
                              {
                                "Node Type": "Nested Loop",
                                "Parent Relationship": "Outer",
                                "Parallel Aware": false,
                                "Join Type": "Inner",
                                "Startup Cost": 4741.28,
                                "Total Cost": 44980.98,
                                "Plan Rows": 10820,
                                "Plan Width": 37,
                                "Actual Startup Time": 27.506,
                                "Actual Total Time": 339.811,
                                "Actual Rows": 59712,
                                "Actual Loops": 2,
                                "Inner Unique": false,
                                "Plans": [
                                  {
                                    "Node Type": "Hash Join",
                                    "Parent Relationship": "Outer",
                                    "Parallel Aware": false,
                                    "Join Type": "Inner",
                                    "Startup Cost": 4740.86,
                                    "Total Cost": 42988.59,
                                    "Plan Rows": 3747,
                                    "Plan Width": 23,
                                    "Actual Startup Time": 27.448,
                                    "Actual Total Time": 265.312,
                                    "Actual Rows": 22610,
                                    "Actual Loops": 2,
                                    "Inner Unique": true,
                                    "Hash Cond": "(mc.company_type_id = ct.id)",
                                    "Plans": [
                                      {
                                        "Node Type": "Hash Join",
                                        "Parent Relationship": "Outer",
                                        "Parallel Aware": true,
                                        "Join Type": "Inner",
                                        "Startup Cost": 4739.79,
                                        "Total Cost": 42906.49,
                                        "Plan Rows": 14989,
                                        "Plan Width": 27,
                                        "Actual Startup Time": 27.361,
                                        "Actual Total Time": 260.639,
                                        "Actual Rows": 28205,
                                        "Actual Loops": 2,
                                        "Inner Unique": true,
                                        "Hash Cond": "(mc.company_id = cn.id)",
                                        "Plans": [
                                          {
                                            "Node Type": "Seq Scan",
                                            "Parent Relationship": "Outer",
                                            "Parallel Aware": true,
                                            "Relation Name": "movie_companies",
                                            "Alias": "mc",
                                            "Startup Cost": 0.0,
                                            "Total Cost": 34137.82,
                                            "Plan Rows": 1534782,
                                            "Plan Width": 12,
                                            "Actual Startup Time": 0.018,
                                            "Actual Total Time": 109.909,
                                            "Actual Rows": 1304564,
                                            "Actual Loops": 2
                                          },
                                          {
                                            "Node Type": "Hash",
                                            "Parent Relationship": "Inner",
                                            "Parallel Aware": true,
                                            "Startup Cost": 4722.92,
                                            "Total Cost": 4722.92,
                                            "Plan Rows": 1350,
                                            "Plan Width": 23,
                                            "Actual Startup Time": 26.614,
                                            "Actual Total Time": 26.615,
                                            "Actual Rows": 1170,
                                            "Actual Loops": 2,
                                            "Hash Buckets": 4096,
                                            "Original Hash Buckets": 4096,
                                            "Hash Batches": 1,
                                            "Original Hash Batches": 1,
                                            "Peak Memory Usage": 192,
                                            "Plans": [
                                              {
                                                "Node Type": "Seq Scan",
                                                "Parent Relationship": "Outer",
                                                "Parallel Aware": true,
                                                "Relation Name": "company_name",
                                                "Alias": "cn",
                                                "Startup Cost": 0.0,
                                                "Total Cost": 4722.92,
                                                "Plan Rows": 1350,
                                                "Plan Width": 23,
                                                "Actual Startup Time": 0.069,
                                                "Actual Total Time": 25.607,
                                                "Actual Rows": 1170,
                                                "Actual Loops": 2,
                                                "Filter": "((country_code)::text = '[nl]'::text)",
                                                "Rows Removed by Filter": 116328
                                              }
                                            ]
                                          }
                                        ]
                                      },
                                      {
                                        "Node Type": "Hash",
                                        "Parent Relationship": "Inner",
                                        "Parallel Aware": false,
                                        "Startup Cost": 1.05,
                                        "Total Cost": 1.05,
                                        "Plan Rows": 1,
                                        "Plan Width": 4,
                                        "Actual Startup Time": 0.057,
                                        "Actual Total Time": 0.057,
                                        "Actual Rows": 1,
                                        "Actual Loops": 2,
                                        "Hash Buckets": 1024,
                                        "Original Hash Buckets": 1024,
                                        "Hash Batches": 1,
                                        "Original Hash Batches": 1,
                                        "Peak Memory Usage": 9,
                                        "Plans": [
                                          {
                                            "Node Type": "Seq Scan",
                                            "Parent Relationship": "Outer",
                                            "Parallel Aware": false,
                                            "Relation Name": "company_type",
                                            "Alias": "ct",
                                            "Startup Cost": 0.0,
                                            "Total Cost": 1.05,
                                            "Plan Rows": 1,
                                            "Plan Width": 4,
                                            "Actual Startup Time": 0.047,
                                            "Actual Total Time": 0.049,
                                            "Actual Rows": 1,
                                            "Actual Loops": 2,
                                            "Filter": "((kind)::text = 'distributors'::text)",
                                            "Rows Removed by Filter": 3
                                          }
                                        ]
                                      }
                                    ]
                                  },
                                  {
                                    "Node Type": "Index Scan",
                                    "Parent Relationship": "Inner",
                                    "Parallel Aware": false,
                                    "Scan Direction": "Forward",
                                    "Index Name": "movie_id_movie_info_idx",
                                    "Relation Name": "movie_info_idx",
                                    "Alias": "miidx",
                                    "Startup Cost": 0.43,
                                    "Total Cost": 0.5,
                                    "Plan Rows": 3,
                                    "Plan Width": 14,
                                    "Actual Startup Time": 0.002,
                                    "Actual Total Time": 0.003,
                                    "Actual Rows": 3,
                                    "Actual Loops": 45221,
                                    "Index Cond": "(movie_id = mc.movie_id)",
                                    "Rows Removed by Index Recheck": 0
                                  }
                                ]
                              },
                              {
                                "Node Type": "Hash",
                                "Parent Relationship": "Inner",
                                "Parallel Aware": false,
                                "Startup Cost": 2.41,
                                "Total Cost": 2.41,
                                "Plan Rows": 1,
                                "Plan Width": 4,
                                "Actual Startup Time": 0.045,
                                "Actual Total Time": 0.046,
                                "Actual Rows": 1,
                                "Actual Loops": 2,
                                "Hash Buckets": 1024,
                                "Original Hash Buckets": 1024,
                                "Hash Batches": 1,
                                "Original Hash Batches": 1,
                                "Peak Memory Usage": 9,
                                "Plans": [
                                  {
                                    "Node Type": "Seq Scan",
                                    "Parent Relationship": "Outer",
                                    "Parallel Aware": false,
                                    "Relation Name": "info_type",
                                    "Alias": "it",
                                    "Startup Cost": 0.0,
                                    "Total Cost": 2.41,
                                    "Plan Rows": 1,
                                    "Plan Width": 4,
                                    "Actual Startup Time": 0.034,
                                    "Actual Total Time": 0.038,
                                    "Actual Rows": 1,
                                    "Actual Loops": 2,
                                    "Filter": "((info)::text = 'rating'::text)",
                                    "Rows Removed by Filter": 112
                                  }
                                ]
                              }
                            ]
                          },
                          {
                            "Node Type": "Index Scan",
                            "Parent Relationship": "Inner",
                            "Parallel Aware": false,
                            "Scan Direction": "Forward",
                            "Index Name": "title_pkey",
                            "Relation Name": "title",
                            "Alias": "t",
                            "Startup Cost": 0.43,
                            "Total Cost": 0.52,
                            "Plan Rows": 1,
                            "Plan Width": 25,
                            "Actual Startup Time": 0.003,
                            "Actual Total Time": 0.003,
                            "Actual Rows": 1,
                            "Actual Loops": 39601,
                            "Index Cond": "(id = mc.movie_id)",
                            "Rows Removed by Index Recheck": 0
                          }
                        ]
                      },
                      {
                        "Node Type": "Hash",
                        "Parent Relationship": "Inner",
                        "Parallel Aware": false,
                        "Startup Cost": 1.09,
                        "Total Cost": 1.09,
                        "Plan Rows": 1,
                        "Plan Width": 4,
                        "Actual Startup Time": 0.043,
                        "Actual Total Time": 0.043,
                        "Actual Rows": 1,
                        "Actual Loops": 2,
                        "Hash Buckets": 1024,
                        "Original Hash Buckets": 1024,
                        "Hash Batches": 1,
                        "Original Hash Batches": 1,
                        "Peak Memory Usage": 9,
                        "Plans": [
                          {
                            "Node Type": "Seq Scan",
                            "Parent Relationship": "Outer",
                            "Parallel Aware": false,
                            "Relation Name": "kind_type",
                            "Alias": "kt",
                            "Startup Cost": 0.0,
                            "Total Cost": 1.09,
                            "Plan Rows": 1,
                            "Plan Width": 4,
                            "Actual Startup Time": 0.032,
                            "Actual Total Time": 0.034,
                            "Actual Rows": 1,
                            "Actual Loops": 2,
                            "Filter": "((kind)::text = 'tv series'::text)",
                            "Rows Removed by Filter": 6
                          }
                        ]
                      }
                    ]
                  },
                  {
                    "Node Type": "Index Scan",
                    "Parent Relationship": "Inner",
                    "Parallel Aware": false,
                    "Scan Direction": "Forward",
                    "Index Name": "movie_id_movie_info",
                    "Relation Name": "movie_info",
                    "Alias": "mi",
                    "Startup Cost": 0.43,
                    "Total Cost": 1.45,
                    "Plan Rows": 39,
                    "Plan Width": 8,
                    "Actual Startup Time": 0.006,
                    "Actual Total Time": 0.028,
                    "Actual Rows": 63,
                    "Actual Loops": 2793,
                    "Index Cond": "(movie_id = mc.movie_id)",
                    "Rows Removed by Index Recheck": 0
                  }
                ]
              },
              {
                "Node Type": "Hash",
                "Parent Relationship": "Inner",
                "Parallel Aware": false,
                "Startup Cost": 2.41,
                "Total Cost": 2.41,
                "Plan Rows": 1,
                "Plan Width": 4,
                "Actual Startup Time": 0.075,
                "Actual Total Time": 0.076,
                "Actual Rows": 1,
                "Actual Loops": 2,
                "Hash Buckets": 1024,
                "Original Hash Buckets": 1024,
                "Hash Batches": 1,
                "Original Hash Batches": 1,
                "Peak Memory Usage": 9,
                "Plans": [
                  {
                    "Node Type": "Seq Scan",
                    "Parent Relationship": "Outer",
                    "Parallel Aware": false,
                    "Relation Name": "info_type",
                    "Alias": "it2",
                    "Startup Cost": 0.0,
                    "Total Cost": 2.41,
                    "Plan Rows": 1,
                    "Plan Width": 4,
                    "Actual Startup Time": 0.039,
                    "Actual Total Time": 0.059,
                    "Actual Rows": 1,
                    "Actual Loops": 2,
                    "Filter": "((info)::text = 'release dates'::text)",
                    "Rows Removed by Filter": 112
                  }
                ]
              }
            ]
          }
        ]
      }
    ]
  },
  "Planning Time": 2.521,
  "Triggers": [],
  "Execution Time": 522.043
}