[
  {
    "Plan": {
      "Node Type": "Aggregate",
      "Strategy": "Plain",
      "Partial Mode": "Finalize",
      "Parallel Aware": false,
      "Startup Cost": 74993.84,
      "Total Cost": 74993.85,
      "Plan Rows": 1,
      "Plan Width": 8,
      "Actual Startup Time": 134.936,
      "Actual Total Time": 148.861,
      "Actual Rows": 1,
      "Actual Loops": 1,
      "Plans": [
        {
          "Node Type": "Gather",
          "Parent Relationship": "Outer",
          "Parallel Aware": false,
          "Startup Cost": 74993.32,
          "Total Cost": 74993.83,
          "Plan Rows": 5,
          "Plan Width": 8,
          "Actual Startup Time": 134.84,
          "Actual Total Time": 148.85,
          "Actual Rows": 6,
          "Actual Loops": 1,
          "Workers Planned": 5,
          "Workers Launched": 5,
          "Single Copy": false,
          "Plans": [
            {
              "Node Type": "Aggregate",
              "Strategy": "Plain",
              "Partial Mode": "Partial",
              "Parent Relationship": "Outer",
              "Parallel Aware": false,
              "Startup Cost": 73993.32,
              "Total Cost": 73993.33,
              "Plan Rows": 1,
              "Plan Width": 8,
              "Actual Startup Time": 129.171,
              "Actual Total Time": 129.172,
              "Actual Rows": 1,
              "Actual Loops": 6,
              "Plans": [
                {
                  "Node Type": "Index Scan",
                  "Parent Relationship": "Outer",
                  "Parallel Aware": true,
                  "Scan Direction": "Forward",
                  "Index Name": "role_id_cast_info",
                  "Relation Name": "cast_info",
                  "Alias": "ci",
                  "Startup Cost": 0.56,
                  "Total Cost": 72913.16,
                  "Plan Rows": 432064,
                  "Plan Width": 0,
                  "Actual Startup Time": 0.086,
                  "Actual Total Time": 113.064,
                  "Actual Rows": 300765,
                  "Actual Loops": 6,
                  "Index Cond": "(role_id = 4)",
                  "Rows Removed by Index Recheck": 0,
                  "Filter": "(person_id < 2976455)",
                  "Rows Removed by Filter": 154059
                }
              ]
            }
          ]
        }
      ]
    },
    "Planning Time": 0.321,
    "Triggers": [],
    "Execution Time": 148.926
  }
]