[
  {
    "Plan": {
      "Node Type": "Aggregate",
      "Strategy": "Plain",
      "Partial Mode": "Finalize",
      "Parallel Aware": false,
      "Startup Cost": 46097.93,
      "Total Cost": 46097.94,
      "Plan Rows": 1,
      "Plan Width": 8,
      "Actual Startup Time": 159.543,
      "Actual Total Time": 167.104,
      "Actual Rows": 1,
      "Actual Loops": 1,
      "Plans": [
        {
          "Node Type": "Gather",
          "Parent Relationship": "Outer",
          "Parallel Aware": false,
          "Startup Cost": 46097.61,
          "Total Cost": 46097.92,
          "Plan Rows": 3,
          "Plan Width": 8,
          "Actual Startup Time": 159.395,
          "Actual Total Time": 167.094,
          "Actual Rows": 4,
          "Actual Loops": 1,
          "Workers Planned": 3,
          "Workers Launched": 3,
          "Single Copy": false,
          "Plans": [
            {
              "Node Type": "Aggregate",
              "Strategy": "Plain",
              "Partial Mode": "Partial",
              "Parent Relationship": "Outer",
              "Parallel Aware": false,
              "Startup Cost": 45097.61,
              "Total Cost": 45097.62,
              "Plan Rows": 1,
              "Plan Width": 8,
              "Actual Startup Time": 151.213,
              "Actual Total Time": 151.214,
              "Actual Rows": 1,
              "Actual Loops": 4,
              "Plans": [
                {
                  "Node Type": "Seq Scan",
                  "Parent Relationship": "Outer",
                  "Parallel Aware": true,
                  "Relation Name": "movie_keyword",
                  "Alias": "mk",
                  "Startup Cost": 0.0,
                  "Total Cost": 42695.65,
                  "Plan Rows": 960784,
                  "Plan Width": 0,
                  "Actual Startup Time": 0.363,
                  "Actual Total Time": 117.634,
                  "Actual Rows": 741537,
                  "Actual Loops": 4,
                  "Filter": "(keyword_id > 2332)",
                  "Rows Removed by Filter": 389446
                }
              ]
            }
          ]
        }
      ]
    },
    "Planning Time": 0.162,
    "Triggers": [],
    "Execution Time": 167.157
  }
]