{
  "Plan": {
    "Node Type": "Aggregate",
    "Strategy": "Plain",
    "Partial Mode": "Finalize",
    "Parallel Aware": false,
    "Startup Cost": 601330.42,
    "Total Cost": 601330.43,
    "Plan Rows": 1,
    "Plan Width": 8,
    "Actual Startup Time": 2727.669,
    "Actual Total Time": 2778.533,
    "Actual Rows": 1,
    "Actual Loops": 1,
    "Plans": [
      {
        "Node Type": "Gather",
        "Parent Relationship": "Outer",
        "Parallel Aware": false,
        "Startup Cost": 601330.31,
        "Total Cost": 601330.42,
        "Plan Rows": 1,
        "Plan Width": 8,
        "Actual Startup Time": 2727.548,
        "Actual Total Time": 2778.525,
        "Actual Rows": 2,
        "Actual Loops": 1,
        "Workers Planned": 1,
        "Workers Launched": 1,
        "Single Copy": false,
        "Plans": [
          {
            "Node Type": "Aggregate",
            "Strategy": "Plain",
            "Partial Mode": "Partial",
            "Parent Relationship": "Outer",
            "Parallel Aware": false,
            "Startup Cost": 600330.31,
            "Total Cost": 600330.32,
            "Plan Rows": 1,
            "Plan Width": 8,
            "Actual Startup Time": 2723.855,
            "Actual Total Time": 2723.862,
            "Actual Rows": 1,
            "Actual Loops": 2,
            "Plans": [
              {
                "Node Type": "Hash Join",
                "Parent Relationship": "Outer",
                "Parallel Aware": true,
                "Join Type": "Inner",
                "Startup Cost": 54011.61,
                "Total Cost": 600148.08,
                "Plan Rows": 72893,
                "Plan Width": 0,
                "Actual Startup Time": 28.706,
                "Actual Total Time": 2712.905,
                "Actual Rows": 249494,
                "Actual Loops": 2,
                "Inner Unique": false,
                "Hash Cond": "(ci.movie_id = t.id)",
                "Plans": [
                  {
                    "Node Type": "Seq Scan",
                    "Parent Relationship": "Outer",
                    "Parallel Aware": true,
                    "Relation Name": "cast_info",
                    "Alias": "ci",
                    "Startup Cost": 0.0,
                    "Total Cost": 465792.95,
                    "Plan Rows": 21310595,
                    "Plan Width": 4,
                    "Actual Startup Time": 0.009,
                    "Actual Total Time": 1288.087,
                    "Actual Rows": 18122172,
                    "Actual Loops": 2
                  },
                  {
                    "Node Type": "Hash",
                    "Parent Relationship": "Inner",
                    "Parallel Aware": true,
                    "Startup Cost": 53948.03,
                    "Total Cost": 53948.03,
                    "Plan Rows": 5087,
                    "Plan Width": 8,
                    "Actual Startup Time": 27.801,
                    "Actual Total Time": 27.806,
                    "Actual Rows": 4040,
                    "Actual Loops": 2,
                    "Hash Buckets": 16384,
                    "Original Hash Buckets": 16384,
                    "Hash Batches": 1,
                    "Original Hash Batches": 1,
                    "Peak Memory Usage": 480,
                    "Plans": [
                      {
                        "Node Type": "Nested Loop",
                        "Parent Relationship": "Outer",
                        "Parallel Aware": false,
                        "Join Type": "Inner",
                        "Startup Cost": 382.78,
                        "Total Cost": 53948.03,
                        "Plan Rows": 5087,
                        "Plan Width": 8,
                        "Actual Startup Time": 1.087,
                        "Actual Total Time": 25.923,
                        "Actual Rows": 4040,
                        "Actual Loops": 2,
                        "Inner Unique": true,
                        "Plans": [
                          {
                            "Node Type": "Bitmap Heap Scan",
                            "Parent Relationship": "Outer",
                            "Parallel Aware": true,
                            "Relation Name": "movie_companies",
                            "Alias": "mc",
                            "Startup Cost": 382.35,
                            "Total Cost": 19756.67,
                            "Plan Rows": 5087,
                            "Plan Width": 4,
                            "Actual Startup Time": 0.999,
                            "Actual Total Time": 3.526,
                            "Actual Rows": 4040,
                            "Actual Loops": 2,
                            "Recheck Cond": "(company_id = 166)",
                            "Rows Removed by Index Recheck": 0,
                            "Filter": "(company_type_id < 2)",
                            "Rows Removed by Filter": 4070,
                            "Exact Heap Blocks": 397,
                            "Lossy Heap Blocks": 0,
                            "Plans": [
                              {
                                "Node Type": "Bitmap Index Scan",
                                "Parent Relationship": "Outer",
                                "Parallel Aware": false,
                                "Index Name": "company_id_movie_companies",
                                "Startup Cost": 0.0,
                                "Total Cost": 380.19,
                                "Plan Rows": 17568,
                                "Plan Width": 0,
                                "Actual Startup Time": 1.733,
                                "Actual Total Time": 1.739,
                                "Actual Rows": 16220,
                                "Actual Loops": 1,
                                "Index Cond": "(company_id = 166)"
                              }
                            ]
                          },
                          {
                            "Node Type": "Index Only Scan",
                            "Parent Relationship": "Inner",
                            "Parallel Aware": false,
                            "Scan Direction": "Forward",
                            "Index Name": "title_pkey",
                            "Relation Name": "title",
                            "Alias": "t",
                            "Startup Cost": 0.43,
                            "Total Cost": 6.72,
                            "Plan Rows": 1,
                            "Plan Width": 4,
                            "Actual Startup Time": 0.005,
                            "Actual Total Time": 0.005,
                            "Actual Rows": 1,
                            "Actual Loops": 8081,
                            "Index Cond": "(id = mc.movie_id)",
                            "Rows Removed by Index Recheck": 0,
                            "Heap Fetches": 8081
                          }
                        ]
                      }
                    ]
                  }
                ]
              }
            ]
          }
        ]
      }
    ]
  },
  "Planning Time": 0.636,
  "Triggers": [],
  "Execution Time": 2778.622
}