[
  {
    "Plan": {
      "Node Type": "Aggregate",
      "Strategy": "Plain",
      "Partial Mode": "Finalize",
      "Parallel Aware": false,
      "Startup Cost": 341232.52,
      "Total Cost": 341232.53,
      "Plan Rows": 1,
      "Plan Width": 8,
      "Actual Startup Time": 786.869,
      "Actual Total Time": 853.574,
      "Actual Rows": 1,
      "Actual Loops": 1,
      "Plans": [
        {
          "Node Type": "Gather",
          "Parent Relationship": "Outer",
          "Parallel Aware": false,
          "Startup Cost": 341231.9,
          "Total Cost": 341232.51,
          "Plan Rows": 6,
          "Plan Width": 8,
          "Actual Startup Time": 786.63,
          "Actual Total Time": 853.461,
          "Actual Rows": 7,
          "Actual Loops": 1,
          "Workers Planned": 6,
          "Workers Launched": 6,
          "Single Copy": false,
          "Plans": [
            {
              "Node Type": "Aggregate",
              "Strategy": "Plain",
              "Partial Mode": "Partial",
              "Parent Relationship": "Outer",
              "Parallel Aware": false,
              "Startup Cost": 340231.9,
              "Total Cost": 340231.91,
              "Plan Rows": 1,
              "Plan Width": 8,
              "Actual Startup Time": 776.37,
              "Actual Total Time": 776.371,
              "Actual Rows": 1,
              "Actual Loops": 7,
              "Plans": [
                {
                  "Node Type": "Seq Scan",
                  "Parent Relationship": "Outer",
                  "Parallel Aware": true,
                  "Relation Name": "cast_info",
                  "Alias": "ci",
                  "Startup Cost": 0.0,
                  "Total Cost": 328162.03,
                  "Plan Rows": 4827949,
                  "Plan Width": 0,
                  "Actual Startup Time": 0.054,
                  "Actual Total Time": 606.613,
                  "Actual Rows": 4157661,
                  "Actual Loops": 7,
                  "Filter": "(person_id < 2953342)",
                  "Rows Removed by Filter": 1020103
                }
              ]
            }
          ]
        }
      ]
    },
    "Planning Time": 0.176,
    "Triggers": [],
    "Execution Time": 853.641
  }
]