[
  {
    "Plan": {
      "Node Type": "Aggregate",
      "Strategy": "Plain",
      "Partial Mode": "Finalize",
      "Parallel Aware": false,
      "Startup Cost": 332727.43,
      "Total Cost": 332727.44,
      "Plan Rows": 1,
      "Plan Width": 8,
      "Actual Startup Time": 662.336,
      "Actual Total Time": 720.816,
      "Actual Rows": 1,
      "Actual Loops": 1,
      "Plans": [
        {
          "Node Type": "Gather",
          "Parent Relationship": "Outer",
          "Parallel Aware": false,
          "Startup Cost": 332726.81,
          "Total Cost": 332727.42,
          "Plan Rows": 6,
          "Plan Width": 8,
          "Actual Startup Time": 662.213,
          "Actual Total Time": 720.804,
          "Actual Rows": 7,
          "Actual Loops": 1,
          "Workers Planned": 6,
          "Workers Launched": 6,
          "Single Copy": false,
          "Plans": [
            {
              "Node Type": "Aggregate",
              "Strategy": "Plain",
              "Partial Mode": "Partial",
              "Parent Relationship": "Outer",
              "Parallel Aware": false,
              "Startup Cost": 331726.81,
              "Total Cost": 331726.82,
              "Plan Rows": 1,
              "Plan Width": 8,
              "Actual Startup Time": 652.927,
              "Actual Total Time": 652.928,
              "Actual Rows": 1,
              "Actual Loops": 7,
              "Plans": [
                {
                  "Node Type": "Seq Scan",
                  "Parent Relationship": "Outer",
                  "Parallel Aware": true,
                  "Relation Name": "cast_info",
                  "Alias": "ci",
                  "Startup Cost": 0.0,
                  "Total Cost": 328162.03,
                  "Plan Rows": 1425912,
                  "Plan Width": 0,
                  "Actual Startup Time": 339.319,
                  "Actual Total Time": 595.775,
                  "Actual Rows": 1210188,
                  "Actual Loops": 7,
                  "Filter": "(person_id > 2838565)",
                  "Rows Removed by Filter": 3967576
                }
              ]
            }
          ]
        }
      ]
    },
    "Planning Time": 0.193,
    "Triggers": [],
    "Execution Time": 720.888
  }
]