[
    {
        "Bao": {
            "Bao prediction": "NaN",
            "Bao recommended hint": "(no hint)"
        }
    },
    {
        "Plan": {
            "Node Type": "Aggregate",
            "Strategy": "Plain",
            "Partial Mode": "Finalize",
            "Parallel Aware": false,
            "Startup Cost": 336386.74,
            "Total Cost": 336386.75,
            "Plan Rows": 1,
            "Plan Width": 8,
            "Actual Startup Time": 738.201,
            "Actual Total Time": 768.013,
            "Actual Rows": 1,
            "Actual Loops": 1,
            "Output": [
                "count(*)"
            ],
            "Plans": [
                {
                    "Node Type": "Gather",
                    "Parent Relationship": "Outer",
                    "Parallel Aware": false,
                    "Startup Cost": 336386.12,
                    "Total Cost": 336386.73,
                    "Plan Rows": 6,
                    "Plan Width": 8,
                    "Actual Startup Time": 738.069,
                    "Actual Total Time": 768.004,
                    "Actual Rows": 7,
                    "Actual Loops": 1,
                    "Output": [
                        "(PARTIAL count(*))"
                    ],
                    "Workers Planned": 6,
                    "Workers Launched": 6,
                    "Single Copy": false,
                    "Plans": [
                        {
                            "Node Type": "Aggregate",
                            "Strategy": "Plain",
                            "Partial Mode": "Partial",
                            "Parent Relationship": "Outer",
                            "Parallel Aware": false,
                            "Startup Cost": 335386.12,
                            "Total Cost": 335386.13,
                            "Plan Rows": 1,
                            "Plan Width": 8,
                            "Actual Startup Time": 728.014,
                            "Actual Total Time": 728.016,
                            "Actual Rows": 1,
                            "Actual Loops": 7,
                            "Output": [
                                "PARTIAL count(*)"
                            ],
                            "Workers": [
                                {
                                    "Worker Number": 0,
                                    "Actual Startup Time": 725.676,
                                    "Actual Total Time": 725.677,
                                    "Actual Rows": 1,
                                    "Actual Loops": 1
                                },
                                {
                                    "Worker Number": 1,
                                    "Actual Startup Time": 726.24,
                                    "Actual Total Time": 726.241,
                                    "Actual Rows": 1,
                                    "Actual Loops": 1
                                },
                                {
                                    "Worker Number": 2,
                                    "Actual Startup Time": 726.558,
                                    "Actual Total Time": 726.559,
                                    "Actual Rows": 1,
                                    "Actual Loops": 1
                                },
                                {
                                    "Worker Number": 3,
                                    "Actual Startup Time": 726.556,
                                    "Actual Total Time": 726.557,
                                    "Actual Rows": 1,
                                    "Actual Loops": 1
                                },
                                {
                                    "Worker Number": 4,
                                    "Actual Startup Time": 726.556,
                                    "Actual Total Time": 726.557,
                                    "Actual Rows": 1,
                                    "Actual Loops": 1
                                },
                                {
                                    "Worker Number": 5,
                                    "Actual Startup Time": 727.15,
                                    "Actual Total Time": 727.152,
                                    "Actual Rows": 1,
                                    "Actual Loops": 1
                                }
                            ],
                            "Plans": [
                                {
                                    "Node Type": "Seq Scan",
                                    "Parent Relationship": "Outer",
                                    "Parallel Aware": true,
                                    "Relation Name": "cast_info",
                                    "Schema": "public",
                                    "Alias": "ci",
                                    "Startup Cost": 0.0,
                                    "Total Cost": 328213.62,
                                    "Plan Rows": 2869001,
                                    "Plan Width": 0,
                                    "Actual Startup Time": 0.062,
                                    "Actual Total Time": 597.054,
                                    "Actual Rows": 2446234,
                                    "Actual Loops": 7,
                                    "Output": [
                                        "id",
                                        "person_id",
                                        "movie_id",
                                        "person_role_id",
                                        "note",
                                        "nr_order",
                                        "role_id"
                                    ],
                                    "Filter": "(ci.person_id < 1691921)",
                                    "Rows Removed by Filter": 2731529,
                                    "Workers": [
                                        {
                                            "Worker Number": 0,
                                            "Actual Startup Time": 0.069,
                                            "Actual Total Time": 597.03,
                                            "Actual Rows": 1882293,
                                            "Actual Loops": 1
                                        },
                                        {
                                            "Worker Number": 1,
                                            "Actual Startup Time": 0.06,
                                            "Actual Total Time": 597.938,
                                            "Actual Rows": 1882890,
                                            "Actual Loops": 1
                                        },
                                        {
                                            "Worker Number": 2,
                                            "Actual Startup Time": 0.067,
                                            "Actual Total Time": 598.605,
                                            "Actual Rows": 1868789,
                                            "Actual Loops": 1
                                        },
                                        {
                                            "Worker Number": 3,
                                            "Actual Startup Time": 0.072,
                                            "Actual Total Time": 598.135,
                                            "Actual Rows": 1882270,
                                            "Actual Loops": 1
                                        },
                                        {
                                            "Worker Number": 4,
                                            "Actual Startup Time": 0.08,
                                            "Actual Total Time": 597.676,
                                            "Actual Rows": 2996104,
                                            "Actual Loops": 1
                                        },
                                        {
                                            "Worker Number": 5,
                                            "Actual Startup Time": 0.063,
                                            "Actual Total Time": 606.321,
                                            "Actual Rows": 2838910,
                                            "Actual Loops": 1
                                        }
                                    ]
                                }
                            ]
                        }
                    ]
                }
            ]
        },
        "Planning Time": 185.386,
        "Triggers": [],
        "Execution Time": 768.092
    }
]