[
  {
    "Plan": {
      "Node Type": "Aggregate",
      "Strategy": "Plain",
      "Partial Mode": "Finalize",
      "Parallel Aware": false,
      "Startup Cost": 216929.15,
      "Total Cost": 216929.16,
      "Plan Rows": 1,
      "Plan Width": 8,
      "Actual Startup Time": 1346.407,
      "Actual Total Time": 1438.22,
      "Actual Rows": 1,
      "Actual Loops": 1,
      "Plans": [
        {
          "Node Type": "Gather",
          "Parent Relationship": "Outer",
          "Parallel Aware": false,
          "Startup Cost": 216928.83,
          "Total Cost": 216929.14,
          "Plan Rows": 3,
          "Plan Width": 8,
          "Actual Startup Time": 1337.202,
          "Actual Total Time": 1438.209,
          "Actual Rows": 4,
          "Actual Loops": 1,
          "Workers Planned": 3,
          "Workers Launched": 3,
          "Single Copy": false,
          "Plans": [
            {
              "Node Type": "Aggregate",
              "Strategy": "Plain",
              "Partial Mode": "Partial",
              "Parent Relationship": "Outer",
              "Parallel Aware": false,
              "Startup Cost": 215928.83,
              "Total Cost": 215928.84,
              "Plan Rows": 1,
              "Plan Width": 8,
              "Actual Startup Time": 1323.305,
              "Actual Total Time": 1323.31,
              "Actual Rows": 1,
              "Actual Loops": 4,
              "Plans": [
                {
                  "Node Type": "Nested Loop",
                  "Parent Relationship": "Outer",
                  "Parallel Aware": false,
                  "Join Type": "Inner",
                  "Startup Cost": 59002.26,
                  "Total Cost": 215540.03,
                  "Plan Rows": 155519,
                  "Plan Width": 0,
                  "Actual Startup Time": 438.451,
                  "Actual Total Time": 1310.446,
                  "Actual Rows": 218929,
                  "Actual Loops": 4,
                  "Inner Unique": false,
                  "Plans": [
                    {
                      "Node Type": "Hash Join",
                      "Parent Relationship": "Outer",
                      "Parallel Aware": true,
                      "Join Type": "Inner",
                      "Startup Cost": 59001.69,
                      "Total Cost": 79940.21,
                      "Plan Rows": 67193,
                      "Plan Width": 8,
                      "Actual Startup Time": 438.104,
                      "Actual Total Time": 483.304,
                      "Actual Rows": 23664,
                      "Actual Loops": 4,
                      "Inner Unique": true,
                      "Hash Cond": "(mc.movie_id = t.id)",
                      "Plans": [
                        {
                          "Node Type": "Bitmap Heap Scan",
                          "Parent Relationship": "Outer",
                          "Parallel Aware": true,
                          "Relation Name": "movie_companies",
                          "Alias": "mc",
                          "Startup Cost": 8781.31,
                          "Total Cost": 29543.44,
                          "Plan Rows": 67193,
                          "Plan Width": 4,
                          "Actual Startup Time": 62.49,
                          "Actual Total Time": 76.439,
                          "Actual Rows": 23664,
                          "Actual Loops": 4,
                          "Recheck Cond": "(company_id < 258)",
                          "Rows Removed by Index Recheck": 0,
                          "Filter": "(company_type_id = 2)",
                          "Rows Removed by Filter": 77250,
                          "Exact Heap Blocks": 6352,
                          "Lossy Heap Blocks": 0,
                          "Plans": [
                            {
                              "Node Type": "Bitmap Index Scan",
                              "Parent Relationship": "Outer",
                              "Parallel Aware": false,
                              "Index Name": "company_id_movie_companies",
                              "Startup Cost": 0.0,
                              "Total Cost": 8729.24,
                              "Plan Rows": 407574,
                              "Plan Width": 0,
                              "Actual Startup Time": 24.536,
                              "Actual Total Time": 24.537,
                              "Actual Rows": 403659,
                              "Actual Loops": 1,
                              "Index Cond": "(company_id < 258)"
                            }
                          ]
                        },
                        {
                          "Node Type": "Hash",
                          "Parent Relationship": "Inner",
                          "Parallel Aware": true,
                          "Startup Cost": 42319.06,
                          "Total Cost": 42319.06,
                          "Plan Rows": 632106,
                          "Plan Width": 4,
                          "Actual Startup Time": 367.056,
                          "Actual Total Time": 367.057,
                          "Actual Rows": 632078,
                          "Actual Loops": 4,
                          "Hash Buckets": 4194304,
                          "Original Hash Buckets": 4194304,
                          "Hash Batches": 1,
                          "Original Hash Batches": 1,
                          "Peak Memory Usage": 131744,
                          "Plans": [
                            {
                              "Node Type": "Seq Scan",
                              "Parent Relationship": "Outer",
                              "Parallel Aware": true,
                              "Relation Name": "title",
                              "Alias": "t",
                              "Startup Cost": 0.0,
                              "Total Cost": 42319.06,
                              "Plan Rows": 632106,
                              "Plan Width": 4,
                              "Actual Startup Time": 0.044,
                              "Actual Total Time": 107.598,
                              "Actual Rows": 632078,
                              "Actual Loops": 4
                            }
                          ]
                        }
                      ]
                    },
                    {
                      "Node Type": "Index Scan",
                      "Parent Relationship": "Inner",
                      "Parallel Aware": false,
                      "Scan Direction": "Forward",
                      "Index Name": "movie_id_cast_info",
                      "Relation Name": "cast_info",
                      "Alias": "ci",
                      "Startup Cost": 0.56,
                      "Total Cost": 1.96,
                      "Plan Rows": 6,
                      "Plan Width": 4,
                      "Actual Startup Time": 0.022,
                      "Actual Total Time": 0.034,
                      "Actual Rows": 9,
                      "Actual Loops": 94658,
                      "Index Cond": "(movie_id = t.id)",
                      "Rows Removed by Index Recheck": 0,
                      "Filter": "((person_id > 2371859) AND (role_id > 2))",
                      "Rows Removed by Filter": 17
                    }
                  ]
                }
              ]
            }
          ]
        }
      ]
    },
    "Planning Time": 0.585,
    "Triggers": [],
    "Execution Time": 1438.305
  }
]