{
    "Plan": {
        "Node Type": "Aggregate",
        "Strategy": "Plain",
        "Partial Mode": "Finalize",
        "Parallel Aware": false,
        "Startup Cost": 246118.23,
        "Total Cost": 246118.24,
        "Plan Rows": 1,
        "Plan Width": 8,
        "Actual Startup Time": 877.294,
        "Actual Total Time": 922.861,
        "Actual Rows": 1,
        "Actual Loops": 1,
        "Output": [
            "count(*)"
        ],
        "Plans": [
            {
                "Node Type": "Gather",
                "Parent Relationship": "Outer",
                "Parallel Aware": false,
                "Startup Cost": 246117.71,
                "Total Cost": 246118.22,
                "Plan Rows": 5,
                "Plan Width": 8,
                "Actual Startup Time": 874.424,
                "Actual Total Time": 922.848,
                "Actual Rows": 6,
                "Actual Loops": 1,
                "Output": [
                    "(PARTIAL count(*))"
                ],
                "Workers Planned": 5,
                "Workers Launched": 5,
                "Single Copy": false,
                "Plans": [
                    {
                        "Node Type": "Aggregate",
                        "Strategy": "Plain",
                        "Partial Mode": "Partial",
                        "Parent Relationship": "Outer",
                        "Parallel Aware": false,
                        "Startup Cost": 245117.71,
                        "Total Cost": 245117.72,
                        "Plan Rows": 1,
                        "Plan Width": 8,
                        "Actual Startup Time": 865.705,
                        "Actual Total Time": 865.762,
                        "Actual Rows": 1,
                        "Actual Loops": 6,
                        "Output": [
                            "PARTIAL count(*)"
                        ],
                        "Workers": [
                            {
                                "Worker Number": 0,
                                "Actual Startup Time": 861.472,
                                "Actual Total Time": 861.475,
                                "Actual Rows": 1,
                                "Actual Loops": 1
                            },
                            {
                                "Worker Number": 1,
                                "Actual Startup Time": 866.567,
                                "Actual Total Time": 866.57,
                                "Actual Rows": 1,
                                "Actual Loops": 1
                            },
                            {
                                "Worker Number": 2,
                                "Actual Startup Time": 862.285,
                                "Actual Total Time": 862.287,
                                "Actual Rows": 1,
                                "Actual Loops": 1
                            },
                            {
                                "Worker Number": 3,
                                "Actual Startup Time": 867.504,
                                "Actual Total Time": 867.508,
                                "Actual Rows": 1,
                                "Actual Loops": 1
                            },
                            {
                                "Worker Number": 4,
                                "Actual Startup Time": 862.84,
                                "Actual Total Time": 862.843,
                                "Actual Rows": 1,
                                "Actual Loops": 1
                            }
                        ],
                        "Plans": [
                            {
                                "Node Type": "Hash Join",
                                "Parent Relationship": "Outer",
                                "Parallel Aware": true,
                                "Join Type": "Inner",
                                "Startup Cost": 45680.31,
                                "Total Cost": 244929.93,
                                "Plan Rows": 75111,
                                "Plan Width": 0,
                                "Actual Startup Time": 116.958,
                                "Actual Total Time": 845.562,
                                "Actual Rows": 378450,
                                "Actual Loops": 6,
                                "Inner Unique": true,
                                "Hash Cond": "(mi.movie_id = t.id)",
                                "Workers": [
                                    {
                                        "Worker Number": 0,
                                        "Actual Startup Time": 112.839,
                                        "Actual Total Time": 842.512,
                                        "Actual Rows": 449843,
                                        "Actual Loops": 1
                                    },
                                    {
                                        "Worker Number": 1,
                                        "Actual Startup Time": 117.137,
                                        "Actual Total Time": 846.206,
                                        "Actual Rows": 287726,
                                        "Actual Loops": 1
                                    },
                                    {
                                        "Worker Number": 2,
                                        "Actual Startup Time": 113.699,
                                        "Actual Total Time": 841.74,
                                        "Actual Rows": 294898,
                                        "Actual Loops": 1
                                    },
                                    {
                                        "Worker Number": 3,
                                        "Actual Startup Time": 118.91,
                                        "Actual Total Time": 848.799,
                                        "Actual Rows": 431351,
                                        "Actual Loops": 1
                                    },
                                    {
                                        "Worker Number": 4,
                                        "Actual Startup Time": 114.208,
                                        "Actual Total Time": 842.656,
                                        "Actual Rows": 290051,
                                        "Actual Loops": 1
                                    }
                                ],
                                "Plans": [
                                    {
                                        "Node Type": "Seq Scan",
                                        "Parent Relationship": "Outer",
                                        "Parallel Aware": true,
                                        "Relation Name": "movie_info",
                                        "Schema": "public",
                                        "Alias": "mi",
                                        "Startup Cost": 0.0,
                                        "Total Cost": 191503.19,
                                        "Plan Rows": 2951019,
                                        "Plan Width": 4,
                                        "Actual Startup Time": 0.033,
                                        "Actual Total Time": 330.771,
                                        "Actual Rows": 2472620,
                                        "Actual Loops": 6,
                                        "Output": [
                                            "mi.id",
                                            "mi.movie_id",
                                            "mi.info_type_id",
                                            "mi.info",
                                            "mi.note"
                                        ],
                                        "Workers": [
                                            {
                                                "Worker Number": 0,
                                                "Actual Startup Time": 0.028,
                                                "Actual Total Time": 325.685,
                                                "Actual Rows": 2923865,
                                                "Actual Loops": 1
                                            },
                                            {
                                                "Worker Number": 1,
                                                "Actual Startup Time": 0.035,
                                                "Actual Total Time": 345.459,
                                                "Actual Rows": 1855272,
                                                "Actual Loops": 1
                                            },
                                            {
                                                "Worker Number": 2,
                                                "Actual Startup Time": 0.04,
                                                "Actual Total Time": 337.496,
                                                "Actual Rows": 1896680,
                                                "Actual Loops": 1
                                            },
                                            {
                                                "Worker Number": 3,
                                                "Actual Startup Time": 0.036,
                                                "Actual Total Time": 338.739,
                                                "Actual Rows": 2797220,
                                                "Actual Loops": 1
                                            },
                                            {
                                                "Worker Number": 4,
                                                "Actual Startup Time": 0.044,
                                                "Actual Total Time": 338.29,
                                                "Actual Rows": 1898811,
                                                "Actual Loops": 1
                                            }
                                        ]
                                    },
                                    {
                                        "Node Type": "Hash",
                                        "Parent Relationship": "Inner",
                                        "Parallel Aware": true,
                                        "Startup Cost": 45479.21,
                                        "Total Cost": 45479.21,
                                        "Plan Rows": 16088,
                                        "Plan Width": 4,
                                        "Actual Startup Time": 104.134,
                                        "Actual Total Time": 104.135,
                                        "Actual Rows": 31528,
                                        "Actual Loops": 6,
                                        "Output": [
                                            "t.id"
                                        ],
                                        "Hash Buckets": 262144,
                                        "Original Hash Buckets": 65536,
                                        "Hash Batches": 1,
                                        "Original Hash Batches": 1,
                                        "Peak Memory Usage": 11104,
                                        "Workers": [
                                            {
                                                "Worker Number": 0,
                                                "Actual Startup Time": 100.071,
                                                "Actual Total Time": 100.072,
                                                "Actual Rows": 35177,
                                                "Actual Loops": 1
                                            },
                                            {
                                                "Worker Number": 1,
                                                "Actual Startup Time": 104.611,
                                                "Actual Total Time": 104.612,
                                                "Actual Rows": 26187,
                                                "Actual Loops": 1
                                            },
                                            {
                                                "Worker Number": 2,
                                                "Actual Startup Time": 100.978,
                                                "Actual Total Time": 100.979,
                                                "Actual Rows": 26185,
                                                "Actual Loops": 1
                                            },
                                            {
                                                "Worker Number": 3,
                                                "Actual Startup Time": 106.449,
                                                "Actual Total Time": 106.45,
                                                "Actual Rows": 34064,
                                                "Actual Loops": 1
                                            },
                                            {
                                                "Worker Number": 4,
                                                "Actual Startup Time": 101.448,
                                                "Actual Total Time": 101.449,
                                                "Actual Rows": 25905,
                                                "Actual Loops": 1
                                            }
                                        ],
                                        "Plans": [
                                            {
                                                "Node Type": "Seq Scan",
                                                "Parent Relationship": "Outer",
                                                "Parallel Aware": true,
                                                "Relation Name": "title",
                                                "Schema": "public",
                                                "Alias": "t",
                                                "Startup Cost": 0.0,
                                                "Total Cost": 45479.21,
                                                "Plan Rows": 16088,
                                                "Plan Width": 4,
                                                "Actual Startup Time": 54.584,
                                                "Actual Total Time": 84.587,
                                                "Actual Rows": 31528,
                                                "Actual Loops": 6,
                                                "Output": [
                                                    "t.id"
                                                ],
                                                "Filter": "((t.production_year < 1960) AND (t.kind_id = 1))",
                                                "Rows Removed by Filter": 389857,
                                                "Workers": [
                                                    {
                                                        "Worker Number": 0,
                                                        "Actual Startup Time": 50.312,
                                                        "Actual Total Time": 79.292,
                                                        "Actual Rows": 35177,
                                                        "Actual Loops": 1
                                                    },
                                                    {
                                                        "Worker Number": 1,
                                                        "Actual Startup Time": 55.18,
                                                        "Actual Total Time": 87.218,
                                                        "Actual Rows": 26187,
                                                        "Actual Loops": 1
                                                    },
                                                    {
                                                        "Worker Number": 2,
                                                        "Actual Startup Time": 50.348,
                                                        "Actual Total Time": 81.959,
                                                        "Actual Rows": 26185,
                                                        "Actual Loops": 1
                                                    },
                                                    {
                                                        "Worker Number": 3,
                                                        "Actual Startup Time": 55.877,
                                                        "Actual Total Time": 87.015,
                                                        "Actual Rows": 34064,
                                                        "Actual Loops": 1
                                                    },
                                                    {
                                                        "Worker Number": 4,
                                                        "Actual Startup Time": 53.014,
                                                        "Actual Total Time": 82.365,
                                                        "Actual Rows": 25905,
                                                        "Actual Loops": 1
                                                    }
                                                ]
                                            }
                                        ]
                                    }
                                ]
                            }
                        ]
                    }
                ]
            }
        ]
    },
    "Planning Time": 0.74,
    "Triggers": [],
    "Execution Time": 922.957
}