{
  "Plan": {
    "Node Type": "Aggregate",
    "Strategy": "Plain",
    "Partial Mode": "Finalize",
    "Parallel Aware": false,
    "Startup Cost": 121781.57,
    "Total Cost": 121781.58,
    "Plan Rows": 1,
    "Plan Width": 8,
    "Actual Startup Time": 560.909,
    "Actual Total Time": 581.174,
    "Actual Rows": 1,
    "Actual Loops": 1,
    "Plans": [
      {
        "Node Type": "Gather",
        "Parent Relationship": "Outer",
        "Parallel Aware": false,
        "Startup Cost": 121781.46,
        "Total Cost": 121781.57,
        "Plan Rows": 1,
        "Plan Width": 8,
        "Actual Startup Time": 560.202,
        "Actual Total Time": 581.166,
        "Actual Rows": 2,
        "Actual Loops": 1,
        "Workers Planned": 1,
        "Workers Launched": 1,
        "Single Copy": false,
        "Plans": [
          {
            "Node Type": "Aggregate",
            "Strategy": "Plain",
            "Partial Mode": "Partial",
            "Parent Relationship": "Outer",
            "Parallel Aware": false,
            "Startup Cost": 120781.46,
            "Total Cost": 120781.47,
            "Plan Rows": 1,
            "Plan Width": 8,
            "Actual Startup Time": 554.604,
            "Actual Total Time": 554.607,
            "Actual Rows": 1,
            "Actual Loops": 2,
            "Plans": [
              {
                "Node Type": "Hash Join",
                "Parent Relationship": "Outer",
                "Parallel Aware": true,
                "Join Type": "Inner",
                "Startup Cost": 57418.81,
                "Total Cost": 120066.65,
                "Plan Rows": 285923,
                "Plan Width": 0,
                "Actual Startup Time": 195.236,
                "Actual Total Time": 540.847,
                "Actual Rows": 356155,
                "Actual Loops": 2,
                "Inner Unique": true,
                "Hash Cond": "(mk.movie_id = t.id)",
                "Plans": [
                  {
                    "Node Type": "Seq Scan",
                    "Parent Relationship": "Outer",
                    "Parallel Aware": true,
                    "Relation Name": "movie_keyword",
                    "Alias": "mk",
                    "Startup Cost": 0.0,
                    "Total Cost": 57718.19,
                    "Plan Rows": 1877956,
                    "Plan Width": 4,
                    "Actual Startup Time": 0.028,
                    "Actual Total Time": 197.233,
                    "Actual Rows": 1591958,
                    "Actual Loops": 2,
                    "Filter": "(keyword_id < 12813)",
                    "Rows Removed by Filter": 670007
                  },
                  {
                    "Node Type": "Hash",
                    "Parent Relationship": "Inner",
                    "Parallel Aware": true,
                    "Startup Cost": 54588.39,
                    "Total Cost": 54588.39,
                    "Plan Rows": 226434,
                    "Plan Width": 4,
                    "Actual Startup Time": 191.063,
                    "Actual Total Time": 191.064,
                    "Actual Rows": 197936,
                    "Actual Loops": 2,
                    "Hash Buckets": 524288,
                    "Original Hash Buckets": 524288,
                    "Hash Batches": 1,
                    "Original Hash Batches": 1,
                    "Peak Memory Usage": 19616,
                    "Plans": [
                      {
                        "Node Type": "Seq Scan",
                        "Parent Relationship": "Outer",
                        "Parallel Aware": true,
                        "Relation Name": "title",
                        "Alias": "t",
                        "Startup Cost": 0.0,
                        "Total Cost": 54588.39,
                        "Plan Rows": 226434,
                        "Plan Width": 4,
                        "Actual Startup Time": 0.043,
                        "Actual Total Time": 146.237,
                        "Actual Rows": 197936,
                        "Actual Loops": 2,
                        "Filter": "(production_year < 1972)",
                        "Rows Removed by Filter": 1066220
                      }
                    ]
                  }
                ]
              }
            ]
          }
        ]
      }
    ]
  },
  "Planning Time": 0.351,
  "Triggers": [],
  "Execution Time": 581.226
}