[
  {
    "Plan": {
      "Node Type": "Aggregate",
      "Strategy": "Plain",
      "Partial Mode": "Finalize",
      "Parallel Aware": false,
      "Startup Cost": 42855.58,
      "Total Cost": 42855.59,
      "Plan Rows": 1,
      "Plan Width": 8,
      "Actual Startup Time": 137.392,
      "Actual Total Time": 143.926,
      "Actual Rows": 1,
      "Actual Loops": 1,
      "Plans": [
        {
          "Node Type": "Gather",
          "Parent Relationship": "Outer",
          "Parallel Aware": false,
          "Startup Cost": 42855.26,
          "Total Cost": 42855.57,
          "Plan Rows": 3,
          "Plan Width": 8,
          "Actual Startup Time": 137.102,
          "Actual Total Time": 143.917,
          "Actual Rows": 4,
          "Actual Loops": 1,
          "Workers Planned": 3,
          "Workers Launched": 3,
          "Single Copy": false,
          "Plans": [
            {
              "Node Type": "Aggregate",
              "Strategy": "Plain",
              "Partial Mode": "Partial",
              "Parent Relationship": "Outer",
              "Parallel Aware": false,
              "Startup Cost": 41855.26,
              "Total Cost": 41855.27,
              "Plan Rows": 1,
              "Plan Width": 8,
              "Actual Startup Time": 132.869,
              "Actual Total Time": 132.871,
              "Actual Rows": 1,
              "Actual Loops": 4,
              "Plans": [
                {
                  "Node Type": "Bitmap Heap Scan",
                  "Parent Relationship": "Outer",
                  "Parallel Aware": true,
                  "Relation Name": "movie_keyword",
                  "Alias": "mk",
                  "Startup Cost": 14169.17,
                  "Total Cost": 41316.58,
                  "Plan Rows": 215473,
                  "Plan Width": 0,
                  "Actual Startup Time": 39.47,
                  "Actual Total Time": 122.953,
                  "Actual Rows": 168444,
                  "Actual Loops": 4,
                  "Recheck Cond": "(keyword_id < 538)",
                  "Rows Removed by Index Recheck": 0,
                  "Exact Heap Blocks": 11111,
                  "Lossy Heap Blocks": 0,
                  "Plans": [
                    {
                      "Node Type": "Bitmap Index Scan",
                      "Parent Relationship": "Outer",
                      "Parallel Aware": false,
                      "Index Name": "keyword_id_movie_keyword",
                      "Startup Cost": 0.0,
                      "Total Cost": 14002.18,
                      "Plan Rows": 667966,
                      "Plan Width": 0,
                      "Actual Startup Time": 39.36,
                      "Actual Total Time": 39.361,
                      "Actual Rows": 673775,
                      "Actual Loops": 1,
                      "Index Cond": "(keyword_id < 538)"
                    }
                  ]
                }
              ]
            }
          ]
        }
      ]
    },
    "Planning Time": 0.181,
    "Triggers": [],
    "Execution Time": 144.005
  }
]