{
  "Plan": {
    "Node Type": "Aggregate",
    "Strategy": "Plain",
    "Partial Mode": "Finalize",
    "Parallel Aware": false,
    "Startup Cost": 85596.15,
    "Total Cost": 85596.16,
    "Plan Rows": 1,
    "Plan Width": 8,
    "Actual Startup Time": 215.243,
    "Actual Total Time": 228.498,
    "Actual Rows": 1,
    "Actual Loops": 1,
    "Plans": [
      {
        "Node Type": "Gather",
        "Parent Relationship": "Outer",
        "Parallel Aware": false,
        "Startup Cost": 85596.04,
        "Total Cost": 85596.15,
        "Plan Rows": 1,
        "Plan Width": 8,
        "Actual Startup Time": 214.974,
        "Actual Total Time": 228.49,
        "Actual Rows": 2,
        "Actual Loops": 1,
        "Workers Planned": 1,
        "Workers Launched": 1,
        "Single Copy": false,
        "Plans": [
          {
            "Node Type": "Aggregate",
            "Strategy": "Plain",
            "Partial Mode": "Partial",
            "Parent Relationship": "Outer",
            "Parallel Aware": false,
            "Startup Cost": 84596.04,
            "Total Cost": 84596.05,
            "Plan Rows": 1,
            "Plan Width": 8,
            "Actual Startup Time": 208.396,
            "Actual Total Time": 208.4,
            "Actual Rows": 1,
            "Actual Loops": 2,
            "Plans": [
              {
                "Node Type": "Nested Loop",
                "Parent Relationship": "Outer",
                "Parallel Aware": false,
                "Join Type": "Inner",
                "Startup Cost": 63341.16,
                "Total Cost": 84595.27,
                "Plan Rows": 307,
                "Plan Width": 0,
                "Actual Startup Time": 168.181,
                "Actual Total Time": 208.267,
                "Actual Rows": 1950,
                "Actual Loops": 2,
                "Inner Unique": false,
                "Join Filter": "(t.id = mi_idx.movie_id)",
                "Rows Removed by Join Filter": 0,
                "Plans": [
                  {
                    "Node Type": "Hash Join",
                    "Parent Relationship": "Outer",
                    "Parallel Aware": true,
                    "Join Type": "Inner",
                    "Startup Cost": 63340.73,
                    "Total Cost": 84165.08,
                    "Plan Rows": 562,
                    "Plan Width": 8,
                    "Actual Startup Time": 168.106,
                    "Actual Total Time": 201.296,
                    "Actual Rows": 1096,
                    "Actual Loops": 2,
                    "Inner Unique": true,
                    "Hash Cond": "(mc.movie_id = t.id)",
                    "Plans": [
                      {
                        "Node Type": "Bitmap Heap Scan",
                        "Parent Relationship": "Outer",
                        "Parallel Aware": true,
                        "Relation Name": "movie_companies",
                        "Alias": "mc",
                        "Startup Cost": 4956.5,
                        "Total Cost": 25427.78,
                        "Plan Rows": 134502,
                        "Plan Width": 4,
                        "Actual Startup Time": 10.207,
                        "Actual Total Time": 31.545,
                        "Actual Rows": 113054,
                        "Actual Loops": 2,
                        "Recheck Cond": "(company_id > 106388)",
                        "Rows Removed by Index Recheck": 0,
                        "Exact Heap Blocks": 2572,
                        "Lossy Heap Blocks": 0,
                        "Plans": [
                          {
                            "Node Type": "Bitmap Index Scan",
                            "Parent Relationship": "Outer",
                            "Parallel Aware": false,
                            "Index Name": "company_id_movie_companies",
                            "Startup Cost": 0.0,
                            "Total Cost": 4899.34,
                            "Plan Rows": 228654,
                            "Plan Width": 0,
                            "Actual Startup Time": 9.572,
                            "Actual Total Time": 9.573,
                            "Actual Rows": 226108,
                            "Actual Loops": 1,
                            "Index Cond": "(company_id > 106388)"
                          }
                        ]
                      },
                      {
                        "Node Type": "Hash",
                        "Parent Relationship": "Inner",
                        "Parallel Aware": true,
                        "Startup Cost": 58306.47,
                        "Total Cost": 58306.47,
                        "Plan Rows": 6221,
                        "Plan Width": 4,
                        "Actual Startup Time": 157.124,
                        "Actual Total Time": 157.125,
                        "Actual Rows": 5098,
                        "Actual Loops": 2,
                        "Hash Buckets": 16384,
                        "Original Hash Buckets": 16384,
                        "Hash Batches": 1,
                        "Original Hash Batches": 1,
                        "Peak Memory Usage": 544,
                        "Plans": [
                          {
                            "Node Type": "Seq Scan",
                            "Parent Relationship": "Outer",
                            "Parallel Aware": true,
                            "Relation Name": "title",
                            "Alias": "t",
                            "Startup Cost": 0.0,
                            "Total Cost": 58306.47,
                            "Plan Rows": 6221,
                            "Plan Width": 4,
                            "Actual Startup Time": 0.216,
                            "Actual Total Time": 154.875,
                            "Actual Rows": 5098,
                            "Actual Loops": 2,
                            "Filter": "((kind_id < 7) AND (production_year = 1992))",
                            "Rows Removed by Filter": 1259058
                          }
                        ]
                      }
                    ]
                  },
                  {
                    "Node Type": "Index Only Scan",
                    "Parent Relationship": "Inner",
                    "Parallel Aware": false,
                    "Scan Direction": "Forward",
                    "Index Name": "movie_id_movie_info_idx",
                    "Relation Name": "movie_info_idx",
                    "Alias": "mi_idx",
                    "Startup Cost": 0.43,
                    "Total Cost": 0.73,
                    "Plan Rows": 3,
                    "Plan Width": 4,
                    "Actual Startup Time": 0.006,
                    "Actual Total Time": 0.006,
                    "Actual Rows": 2,
                    "Actual Loops": 2192,
                    "Index Cond": "(movie_id = mc.movie_id)",
                    "Rows Removed by Index Recheck": 0,
                    "Heap Fetches": 3901
                  }
                ]
              }
            ]
          }
        ]
      }
    ]
  },
  "Planning Time": 1.002,
  "Triggers": [],
  "Execution Time": 228.615
}