[
  {
    "Plan": {
      "Node Type": "Aggregate",
      "Strategy": "Plain",
      "Partial Mode": "Finalize",
      "Parallel Aware": false,
      "Startup Cost": 46940.69,
      "Total Cost": 46940.7,
      "Plan Rows": 1,
      "Plan Width": 8,
      "Actual Startup Time": 171.257,
      "Actual Total Time": 179.821,
      "Actual Rows": 1,
      "Actual Loops": 1,
      "Plans": [
        {
          "Node Type": "Gather",
          "Parent Relationship": "Outer",
          "Parallel Aware": false,
          "Startup Cost": 46940.37,
          "Total Cost": 46940.68,
          "Plan Rows": 3,
          "Plan Width": 8,
          "Actual Startup Time": 171.121,
          "Actual Total Time": 179.813,
          "Actual Rows": 4,
          "Actual Loops": 1,
          "Workers Planned": 3,
          "Workers Launched": 3,
          "Single Copy": false,
          "Plans": [
            {
              "Node Type": "Aggregate",
              "Strategy": "Plain",
              "Partial Mode": "Partial",
              "Parent Relationship": "Outer",
              "Parallel Aware": false,
              "Startup Cost": 45940.37,
              "Total Cost": 45940.38,
              "Plan Rows": 1,
              "Plan Width": 8,
              "Actual Startup Time": 162.532,
              "Actual Total Time": 162.533,
              "Actual Rows": 1,
              "Actual Loops": 4,
              "Plans": [
                {
                  "Node Type": "Seq Scan",
                  "Parent Relationship": "Outer",
                  "Parallel Aware": true,
                  "Relation Name": "movie_keyword",
                  "Alias": "mk",
                  "Startup Cost": 0.0,
                  "Total Cost": 42695.65,
                  "Plan Rows": 1297887,
                  "Plan Width": 0,
                  "Actual Startup Time": 0.054,
                  "Actual Total Time": 118.553,
                  "Actual Rows": 1006214,
                  "Actual Loops": 4,
                  "Filter": "(keyword_id < 36139)",
                  "Rows Removed by Filter": 124769
                }
              ]
            }
          ]
        }
      ]
    },
    "Planning Time": 0.193,
    "Triggers": [],
    "Execution Time": 179.875
  }
]