[
    {
        "Bao": {
            "Bao prediction": "NaN",
            "Bao recommended hint": "(no hint)"
        }
    },
    {
        "Plan": {
            "Node Type": "Aggregate",
            "Strategy": "Plain",
            "Partial Mode": "Finalize",
            "Parallel Aware": false,
            "Startup Cost": 354086.6,
            "Total Cost": 354086.61,
            "Plan Rows": 1,
            "Plan Width": 8,
            "Actual Startup Time": 814.38,
            "Actual Total Time": 837.252,
            "Actual Rows": 1,
            "Actual Loops": 1,
            "Output": [
                "count(*)"
            ],
            "Plans": [
                {
                    "Node Type": "Gather",
                    "Parent Relationship": "Outer",
                    "Parallel Aware": false,
                    "Startup Cost": 354085.98,
                    "Total Cost": 354086.59,
                    "Plan Rows": 6,
                    "Plan Width": 8,
                    "Actual Startup Time": 814.273,
                    "Actual Total Time": 837.244,
                    "Actual Rows": 7,
                    "Actual Loops": 1,
                    "Output": [
                        "(PARTIAL count(*))"
                    ],
                    "Workers Planned": 6,
                    "Workers Launched": 6,
                    "Single Copy": false,
                    "Plans": [
                        {
                            "Node Type": "Aggregate",
                            "Strategy": "Plain",
                            "Partial Mode": "Partial",
                            "Parent Relationship": "Outer",
                            "Parallel Aware": false,
                            "Startup Cost": 353085.98,
                            "Total Cost": 353085.99,
                            "Plan Rows": 1,
                            "Plan Width": 8,
                            "Actual Startup Time": 804.609,
                            "Actual Total Time": 804.61,
                            "Actual Rows": 1,
                            "Actual Loops": 7,
                            "Output": [
                                "PARTIAL count(*)"
                            ],
                            "Workers": [
                                {
                                    "Worker Number": 0,
                                    "Actual Startup Time": 802.207,
                                    "Actual Total Time": 802.208,
                                    "Actual Rows": 1,
                                    "Actual Loops": 1
                                },
                                {
                                    "Worker Number": 1,
                                    "Actual Startup Time": 802.448,
                                    "Actual Total Time": 802.448,
                                    "Actual Rows": 1,
                                    "Actual Loops": 1
                                },
                                {
                                    "Worker Number": 2,
                                    "Actual Startup Time": 802.986,
                                    "Actual Total Time": 802.987,
                                    "Actual Rows": 1,
                                    "Actual Loops": 1
                                },
                                {
                                    "Worker Number": 3,
                                    "Actual Startup Time": 803.261,
                                    "Actual Total Time": 803.261,
                                    "Actual Rows": 1,
                                    "Actual Loops": 1
                                },
                                {
                                    "Worker Number": 4,
                                    "Actual Startup Time": 803.522,
                                    "Actual Total Time": 803.523,
                                    "Actual Rows": 1,
                                    "Actual Loops": 1
                                },
                                {
                                    "Worker Number": 5,
                                    "Actual Startup Time": 803.895,
                                    "Actual Total Time": 803.896,
                                    "Actual Rows": 1,
                                    "Actual Loops": 1
                                }
                            ],
                            "Plans": [
                                {
                                    "Node Type": "Seq Scan",
                                    "Parent Relationship": "Outer",
                                    "Parallel Aware": true,
                                    "Relation Name": "cast_info",
                                    "Schema": "public",
                                    "Alias": "ci",
                                    "Startup Cost": 0.0,
                                    "Total Cost": 343318.94,
                                    "Plan Rows": 3906816,
                                    "Plan Width": 0,
                                    "Actual Startup Time": 209.322,
                                    "Actual Total Time": 658.871,
                                    "Actual Rows": 3364584,
                                    "Actual Loops": 7,
                                    "Output": [
                                        "id",
                                        "person_id",
                                        "movie_id",
                                        "person_role_id",
                                        "note",
                                        "nr_order",
                                        "role_id"
                                    ],
                                    "Filter": "((ci.person_id > 8713) AND (ci.role_id > 1))",
                                    "Rows Removed by Filter": 1813180,
                                    "Workers": [
                                        {
                                            "Worker Number": 0,
                                            "Actual Startup Time": 206.908,
                                            "Actual Total Time": 658.79,
                                            "Actual Rows": 3201799,
                                            "Actual Loops": 1
                                        },
                                        {
                                            "Worker Number": 1,
                                            "Actual Startup Time": 207.154,
                                            "Actual Total Time": 663.493,
                                            "Actual Rows": 3415853,
                                            "Actual Loops": 1
                                        },
                                        {
                                            "Worker Number": 2,
                                            "Actual Startup Time": 207.693,
                                            "Actual Total Time": 660.005,
                                            "Actual Rows": 3190995,
                                            "Actual Loops": 1
                                        },
                                        {
                                            "Worker Number": 3,
                                            "Actual Startup Time": 207.977,
                                            "Actual Total Time": 660.019,
                                            "Actual Rows": 3199336,
                                            "Actual Loops": 1
                                        },
                                        {
                                            "Worker Number": 4,
                                            "Actual Startup Time": 208.246,
                                            "Actual Total Time": 664.433,
                                            "Actual Rows": 3417042,
                                            "Actual Loops": 1
                                        },
                                        {
                                            "Worker Number": 5,
                                            "Actual Startup Time": 208.618,
                                            "Actual Total Time": 660.406,
                                            "Actual Rows": 3202353,
                                            "Actual Loops": 1
                                        }
                                    ]
                                }
                            ]
                        }
                    ]
                }
            ]
        },
        "Planning Time": 190.773,
        "Triggers": [],
        "Execution Time": 837.306
    }
]