[
  {
    "Plan": {
      "Node Type": "Aggregate",
      "Strategy": "Plain",
      "Partial Mode": "Finalize",
      "Parallel Aware": false,
      "Startup Cost": 341311.46,
      "Total Cost": 341311.47,
      "Plan Rows": 1,
      "Plan Width": 8,
      "Actual Startup Time": 928.104,
      "Actual Total Time": 981.203,
      "Actual Rows": 1,
      "Actual Loops": 1,
      "Plans": [
        {
          "Node Type": "Gather",
          "Parent Relationship": "Outer",
          "Parallel Aware": false,
          "Startup Cost": 341310.83,
          "Total Cost": 341311.44,
          "Plan Rows": 6,
          "Plan Width": 8,
          "Actual Startup Time": 927.884,
          "Actual Total Time": 981.185,
          "Actual Rows": 7,
          "Actual Loops": 1,
          "Workers Planned": 6,
          "Workers Launched": 6,
          "Single Copy": false,
          "Plans": [
            {
              "Node Type": "Aggregate",
              "Strategy": "Plain",
              "Partial Mode": "Partial",
              "Parent Relationship": "Outer",
              "Parallel Aware": false,
              "Startup Cost": 340310.83,
              "Total Cost": 340310.84,
              "Plan Rows": 1,
              "Plan Width": 8,
              "Actual Startup Time": 919.544,
              "Actual Total Time": 919.546,
              "Actual Rows": 1,
              "Actual Loops": 7,
              "Plans": [
                {
                  "Node Type": "Seq Scan",
                  "Parent Relationship": "Outer",
                  "Parallel Aware": true,
                  "Relation Name": "cast_info",
                  "Alias": "ci",
                  "Startup Cost": 0.0,
                  "Total Cost": 328211.39,
                  "Plan Rows": 4839776,
                  "Plan Width": 0,
                  "Actual Startup Time": 0.047,
                  "Actual Total Time": 698.737,
                  "Actual Rows": 4160583,
                  "Actual Loops": 7,
                  "Filter": "(person_id < 2955123)",
                  "Rows Removed by Filter": 1017180
                }
              ]
            }
          ]
        }
      ]
    },
    "Planning Time": 0.086,
    "Triggers": [],
    "Execution Time": 981.246
  }
]