[
  {
    "Plan": {
      "Node Type": "Aggregate",
      "Strategy": "Plain",
      "Partial Mode": "Finalize",
      "Parallel Aware": false,
      "Startup Cost": 31273.65,
      "Total Cost": 31273.66,
      "Plan Rows": 1,
      "Plan Width": 8,
      "Actual Startup Time": 110.552,
      "Actual Total Time": 119.012,
      "Actual Rows": 1,
      "Actual Loops": 1,
      "Plans": [
        {
          "Node Type": "Gather",
          "Parent Relationship": "Outer",
          "Parallel Aware": false,
          "Startup Cost": 31273.33,
          "Total Cost": 31273.64,
          "Plan Rows": 3,
          "Plan Width": 8,
          "Actual Startup Time": 110.393,
          "Actual Total Time": 119.003,
          "Actual Rows": 4,
          "Actual Loops": 1,
          "Workers Planned": 3,
          "Workers Launched": 3,
          "Single Copy": false,
          "Plans": [
            {
              "Node Type": "Aggregate",
              "Strategy": "Plain",
              "Partial Mode": "Partial",
              "Parent Relationship": "Outer",
              "Parallel Aware": false,
              "Startup Cost": 30273.33,
              "Total Cost": 30273.34,
              "Plan Rows": 1,
              "Plan Width": 8,
              "Actual Startup Time": 104.121,
              "Actual Total Time": 104.122,
              "Actual Rows": 1,
              "Actual Loops": 4,
              "Plans": [
                {
                  "Node Type": "Seq Scan",
                  "Parent Relationship": "Outer",
                  "Parallel Aware": true,
                  "Relation Name": "movie_companies",
                  "Alias": "mc",
                  "Startup Cost": 0.0,
                  "Total Cost": 29310.68,
                  "Plan Rows": 385060,
                  "Plan Width": 0,
                  "Actual Startup Time": 22.595,
                  "Actual Total Time": 88.561,
                  "Actual Rows": 299034,
                  "Actual Loops": 4,
                  "Filter": "(company_id > 12390)",
                  "Rows Removed by Filter": 353248
                }
              ]
            }
          ]
        }
      ]
    },
    "Planning Time": 0.158,
    "Triggers": [],
    "Execution Time": 119.062
  }
]