[
  {
    "Plan": {
      "Node Type": "Aggregate",
      "Strategy": "Plain",
      "Partial Mode": "Finalize",
      "Parallel Aware": false,
      "Startup Cost": 81103.48,
      "Total Cost": 81103.49,
      "Plan Rows": 1,
      "Plan Width": 8,
      "Actual Startup Time": 370.969,
      "Actual Total Time": 386.456,
      "Actual Rows": 1,
      "Actual Loops": 1,
      "Plans": [
        {
          "Node Type": "Gather",
          "Parent Relationship": "Outer",
          "Parallel Aware": false,
          "Startup Cost": 81103.06,
          "Total Cost": 81103.47,
          "Plan Rows": 4,
          "Plan Width": 8,
          "Actual Startup Time": 365.711,
          "Actual Total Time": 386.448,
          "Actual Rows": 5,
          "Actual Loops": 1,
          "Workers Planned": 4,
          "Workers Launched": 4,
          "Single Copy": false,
          "Plans": [
            {
              "Node Type": "Aggregate",
              "Strategy": "Plain",
              "Partial Mode": "Partial",
              "Parent Relationship": "Outer",
              "Parallel Aware": false,
              "Startup Cost": 80103.06,
              "Total Cost": 80103.07,
              "Plan Rows": 1,
              "Plan Width": 8,
              "Actual Startup Time": 356.041,
              "Actual Total Time": 356.044,
              "Actual Rows": 1,
              "Actual Loops": 5,
              "Plans": [
                {
                  "Node Type": "Hash Join",
                  "Parent Relationship": "Outer",
                  "Parallel Aware": true,
                  "Join Type": "Inner",
                  "Startup Cost": 33783.19,
                  "Total Cost": 79735.96,
                  "Plan Rows": 146840,
                  "Plan Width": 0,
                  "Actual Startup Time": 137.637,
                  "Actual Total Time": 348.282,
                  "Actual Rows": 174264,
                  "Actual Loops": 5,
                  "Inner Unique": false,
                  "Hash Cond": "(t.id = mc.movie_id)",
                  "Plans": [
                    {
                      "Node Type": "Seq Scan",
                      "Parent Relationship": "Outer",
                      "Parallel Aware": true,
                      "Relation Name": "title",
                      "Alias": "t",
                      "Startup Cost": 0.0,
                      "Total Cost": 42318.73,
                      "Plan Rows": 632073,
                      "Plan Width": 4,
                      "Actual Startup Time": 0.014,
                      "Actual Total Time": 64.224,
                      "Actual Rows": 505662,
                      "Actual Loops": 5
                    },
                    {
                      "Node Type": "Hash",
                      "Parent Relationship": "Inner",
                      "Parallel Aware": true,
                      "Startup Cost": 31414.82,
                      "Total Cost": 31414.82,
                      "Plan Rows": 189470,
                      "Plan Width": 4,
                      "Actual Startup Time": 133.18,
                      "Actual Total Time": 133.181,
                      "Actual Rows": 174264,
                      "Actual Loops": 5,
                      "Hash Buckets": 1048576,
                      "Original Hash Buckets": 1048576,
                      "Hash Batches": 1,
                      "Original Hash Batches": 1,
                      "Peak Memory Usage": 42368,
                      "Plans": [
                        {
                          "Node Type": "Seq Scan",
                          "Parent Relationship": "Outer",
                          "Parallel Aware": true,
                          "Relation Name": "movie_companies",
                          "Alias": "mc",
                          "Startup Cost": 0.0,
                          "Total Cost": 31414.82,
                          "Plan Rows": 189470,
                          "Plan Width": 4,
                          "Actual Startup Time": 44.793,
                          "Actual Total Time": 76.956,
                          "Actual Rows": 174264,
                          "Actual Loops": 5,
                          "Filter": "((company_id > 12978) AND (company_type_id > 1))",
                          "Rows Removed by Filter": 347562
                        }
                      ]
                    }
                  ]
                }
              ]
            }
          ]
        }
      ]
    },
    "Planning Time": 0.618,
    "Triggers": [],
    "Execution Time": 386.523
  }
]