[
  {
    "Plan": {
      "Node Type": "Aggregate",
      "Strategy": "Plain",
      "Partial Mode": "Finalize",
      "Parallel Aware": false,
      "Startup Cost": 125607.46,
      "Total Cost": 125607.47,
      "Plan Rows": 1,
      "Plan Width": 8,
      "Actual Startup Time": 455.8,
      "Actual Total Time": 477.838,
      "Actual Rows": 1,
      "Actual Loops": 1,
      "Plans": [
        {
          "Node Type": "Gather",
          "Parent Relationship": "Outer",
          "Parallel Aware": false,
          "Startup Cost": 125607.14,
          "Total Cost": 125607.45,
          "Plan Rows": 3,
          "Plan Width": 8,
          "Actual Startup Time": 454.41,
          "Actual Total Time": 477.827,
          "Actual Rows": 4,
          "Actual Loops": 1,
          "Workers Planned": 3,
          "Workers Launched": 3,
          "Single Copy": false,
          "Plans": [
            {
              "Node Type": "Aggregate",
              "Strategy": "Plain",
              "Partial Mode": "Partial",
              "Parent Relationship": "Outer",
              "Parallel Aware": false,
              "Startup Cost": 124607.14,
              "Total Cost": 124607.15,
              "Plan Rows": 1,
              "Plan Width": 8,
              "Actual Startup Time": 445.003,
              "Actual Total Time": 445.131,
              "Actual Rows": 1,
              "Actual Loops": 4,
              "Plans": [
                {
                  "Node Type": "Hash Join",
                  "Parent Relationship": "Outer",
                  "Parallel Aware": true,
                  "Join Type": "Inner",
                  "Startup Cost": 78868.32,
                  "Total Cost": 124431.2,
                  "Plan Rows": 70376,
                  "Plan Width": 0,
                  "Actual Startup Time": 280.338,
                  "Actual Total Time": 442.518,
                  "Actual Rows": 57968,
                  "Actual Loops": 4,
                  "Inner Unique": false,
                  "Hash Cond": "(mk.movie_id = t.id)",
                  "Plans": [
                    {
                      "Node Type": "Seq Scan",
                      "Parent Relationship": "Outer",
                      "Parallel Aware": true,
                      "Relation Name": "movie_keyword",
                      "Alias": "mk",
                      "Startup Cost": 0.0,
                      "Total Cost": 42695.65,
                      "Plan Rows": 717678,
                      "Plan Width": 4,
                      "Actual Startup Time": 0.349,
                      "Actual Total Time": 110.672,
                      "Actual Rows": 555163,
                      "Actual Loops": 4,
                      "Filter": "(keyword_id > 4933)",
                      "Rows Removed by Filter": 575819
                    },
                    {
                      "Node Type": "Hash",
                      "Parent Relationship": "Inner",
                      "Parallel Aware": true,
                      "Startup Cost": 78093.56,
                      "Total Cost": 78093.56,
                      "Plan Rows": 61981,
                      "Plan Width": 8,
                      "Actual Startup Time": 277.302,
                      "Actual Total Time": 277.428,
                      "Actual Rows": 32920,
                      "Actual Loops": 4,
                      "Hash Buckets": 262144,
                      "Original Hash Buckets": 262144,
                      "Hash Batches": 1,
                      "Original Hash Batches": 1,
                      "Peak Memory Usage": 7264,
                      "Plans": [
                        {
                          "Node Type": "Hash Join",
                          "Parent Relationship": "Outer",
                          "Parallel Aware": true,
                          "Join Type": "Inner",
                          "Startup Cost": 32414.52,
                          "Total Cost": 78093.56,
                          "Plan Rows": 61981,
                          "Plan Width": 8,
                          "Actual Startup Time": 88.223,
                          "Actual Total Time": 264.732,
                          "Actual Rows": 32920,
                          "Actual Loops": 4,
                          "Inner Unique": false,
                          "Hash Cond": "(t.id = mc.movie_id)",
                          "Plans": [
                            {
                              "Node Type": "Seq Scan",
                              "Parent Relationship": "Outer",
                              "Parallel Aware": true,
                              "Relation Name": "title",
                              "Alias": "t",
                              "Startup Cost": 0.0,
                              "Total Cost": 42318.73,
                              "Plan Rows": 632073,
                              "Plan Width": 4,
                              "Actual Startup Time": 0.013,
                              "Actual Total Time": 79.66,
                              "Actual Rows": 632078,
                              "Actual Loops": 4
                            },
                            {
                              "Node Type": "Hash",
                              "Parent Relationship": "Inner",
                              "Parallel Aware": true,
                              "Startup Cost": 31414.82,
                              "Total Cost": 31414.82,
                              "Plan Rows": 79976,
                              "Plan Width": 4,
                              "Actual Startup Time": 87.174,
                              "Actual Total Time": 87.175,
                              "Actual Rows": 32920,
                              "Actual Loops": 4,
                              "Hash Buckets": 262144,
                              "Original Hash Buckets": 262144,
                              "Hash Batches": 1,
                              "Original Hash Batches": 1,
                              "Peak Memory Usage": 7296,
                              "Plans": [
                                {
                                  "Node Type": "Seq Scan",
                                  "Parent Relationship": "Outer",
                                  "Parallel Aware": true,
                                  "Relation Name": "movie_companies",
                                  "Alias": "mc",
                                  "Startup Cost": 0.0,
                                  "Total Cost": 31414.82,
                                  "Plan Rows": 79976,
                                  "Plan Width": 4,
                                  "Actual Startup Time": 46.148,
                                  "Actual Total Time": 76.332,
                                  "Actual Rows": 32920,
                                  "Actual Loops": 4,
                                  "Filter": "((company_id < 425) AND (company_type_id = 2))",
                                  "Rows Removed by Filter": 619362
                                }
                              ]
                            }
                          ]
                        }
                      ]
                    }
                  ]
                }
              ]
            }
          ]
        }
      ]
    },
    "Planning Time": 1.44,
    "Triggers": [],
    "Execution Time": 477.935
  }
]