[
  {
    "Plan": {
      "Node Type": "Aggregate",
      "Strategy": "Plain",
      "Partial Mode": "Finalize",
      "Parallel Aware": false,
      "Startup Cost": 349035.91,
      "Total Cost": 349035.92,
      "Plan Rows": 1,
      "Plan Width": 8,
      "Actual Startup Time": 671.92,
      "Actual Total Time": 714.104,
      "Actual Rows": 1,
      "Actual Loops": 1,
      "Plans": [
        {
          "Node Type": "Gather",
          "Parent Relationship": "Outer",
          "Parallel Aware": false,
          "Startup Cost": 349035.28,
          "Total Cost": 349035.89,
          "Plan Rows": 6,
          "Plan Width": 8,
          "Actual Startup Time": 671.825,
          "Actual Total Time": 714.096,
          "Actual Rows": 7,
          "Actual Loops": 1,
          "Workers Planned": 6,
          "Workers Launched": 6,
          "Single Copy": false,
          "Plans": [
            {
              "Node Type": "Aggregate",
              "Strategy": "Plain",
              "Partial Mode": "Partial",
              "Parent Relationship": "Outer",
              "Parallel Aware": false,
              "Startup Cost": 348035.28,
              "Total Cost": 348035.29,
              "Plan Rows": 1,
              "Plan Width": 8,
              "Actual Startup Time": 664.287,
              "Actual Total Time": 664.288,
              "Actual Rows": 1,
              "Actual Loops": 7,
              "Plans": [
                {
                  "Node Type": "Seq Scan",
                  "Parent Relationship": "Outer",
                  "Parallel Aware": true,
                  "Relation Name": "cast_info",
                  "Alias": "ci",
                  "Startup Cost": 0.0,
                  "Total Cost": 343318.94,
                  "Plan Rows": 1886537,
                  "Plan Width": 0,
                  "Actual Startup Time": 226.787,
                  "Actual Total Time": 607.144,
                  "Actual Rows": 1224115,
                  "Actual Loops": 7,
                  "Filter": "((person_id > 1924287) AND (role_id < 4))",
                  "Rows Removed by Filter": 3953648
                }
              ]
            }
          ]
        }
      ]
    },
    "Planning Time": 0.141,
    "Triggers": [],
    "Execution Time": 714.146
  }
]