[
  {
    "Plan": {
      "Node Type": "Aggregate",
      "Strategy": "Plain",
      "Partial Mode": "Finalize",
      "Parallel Aware": false,
      "Startup Cost": 230355.99,
      "Total Cost": 230356.0,
      "Plan Rows": 1,
      "Plan Width": 8,
      "Actual Startup Time": 701.329,
      "Actual Total Time": 747.378,
      "Actual Rows": 1,
      "Actual Loops": 1,
      "Plans": [
        {
          "Node Type": "Gather",
          "Parent Relationship": "Outer",
          "Parallel Aware": false,
          "Startup Cost": 230355.67,
          "Total Cost": 230355.98,
          "Plan Rows": 3,
          "Plan Width": 8,
          "Actual Startup Time": 700.101,
          "Actual Total Time": 747.369,
          "Actual Rows": 4,
          "Actual Loops": 1,
          "Workers Planned": 3,
          "Workers Launched": 3,
          "Single Copy": false,
          "Plans": [
            {
              "Node Type": "Aggregate",
              "Strategy": "Plain",
              "Partial Mode": "Partial",
              "Parent Relationship": "Outer",
              "Parallel Aware": false,
              "Startup Cost": 229355.67,
              "Total Cost": 229355.68,
              "Plan Rows": 1,
              "Plan Width": 8,
              "Actual Startup Time": 692.127,
              "Actual Total Time": 692.131,
              "Actual Rows": 1,
              "Actual Loops": 4,
              "Plans": [
                {
                  "Node Type": "Nested Loop",
                  "Parent Relationship": "Outer",
                  "Parallel Aware": false,
                  "Join Type": "Inner",
                  "Startup Cost": 45113.23,
                  "Total Cost": 228385.95,
                  "Plan Rows": 387887,
                  "Plan Width": 0,
                  "Actual Startup Time": 171.634,
                  "Actual Total Time": 670.336,
                  "Actual Rows": 482907,
                  "Actual Loops": 4,
                  "Inner Unique": false,
                  "Join Filter": "(t.id = mi.movie_id)",
                  "Rows Removed by Join Filter": 0,
                  "Plans": [
                    {
                      "Node Type": "Hash Join",
                      "Parent Relationship": "Outer",
                      "Parallel Aware": true,
                      "Join Type": "Inner",
                      "Startup Cost": 45112.8,
                      "Total Cost": 75552.6,
                      "Plan Rows": 66061,
                      "Plan Width": 8,
                      "Actual Startup Time": 171.521,
                      "Actual Total Time": 284.474,
                      "Actual Rows": 44049,
                      "Actual Loops": 4,
                      "Inner Unique": true,
                      "Hash Cond": "(mc.movie_id = t.id)",
                      "Plans": [
                        {
                          "Node Type": "Seq Scan",
                          "Parent Relationship": "Outer",
                          "Parallel Aware": true,
                          "Relation Name": "movie_companies",
                          "Alias": "mc",
                          "Startup Cost": 0.0,
                          "Total Cost": 29310.68,
                          "Plan Rows": 430142,
                          "Plan Width": 4,
                          "Actual Startup Time": 29.695,
                          "Actual Total Time": 66.737,
                          "Actual Rows": 333721,
                          "Actual Loops": 4,
                          "Filter": "(company_type_id = 2)",
                          "Rows Removed by Filter": 318562
                        },
                        {
                          "Node Type": "Hash",
                          "Parent Relationship": "Inner",
                          "Parallel Aware": true,
                          "Startup Cost": 43899.32,
                          "Total Cost": 43899.32,
                          "Plan Rows": 97078,
                          "Plan Width": 4,
                          "Actual Startup Time": 138.653,
                          "Actual Total Time": 138.654,
                          "Actual Rows": 97916,
                          "Actual Loops": 4,
                          "Hash Buckets": 524288,
                          "Original Hash Buckets": 524288,
                          "Hash Batches": 1,
                          "Original Hash Batches": 1,
                          "Peak Memory Usage": 19488,
                          "Plans": [
                            {
                              "Node Type": "Seq Scan",
                              "Parent Relationship": "Outer",
                              "Parallel Aware": true,
                              "Relation Name": "title",
                              "Alias": "t",
                              "Startup Cost": 0.0,
                              "Total Cost": 43899.32,
                              "Plan Rows": 97078,
                              "Plan Width": 4,
                              "Actual Startup Time": 0.036,
                              "Actual Total Time": 100.207,
                              "Actual Rows": 97916,
                              "Actual Loops": 4,
                              "Filter": "(production_year > 2010)",
                              "Rows Removed by Filter": 534162
                            }
                          ]
                        }
                      ]
                    },
                    {
                      "Node Type": "Index Only Scan",
                      "Parent Relationship": "Inner",
                      "Parallel Aware": false,
                      "Scan Direction": "Forward",
                      "Index Name": "movie_id_movie_info",
                      "Relation Name": "movie_info",
                      "Alias": "mi",
                      "Startup Cost": 0.43,
                      "Total Cost": 1.8,
                      "Plan Rows": 41,
                      "Plan Width": 4,
                      "Actual Startup Time": 0.003,
                      "Actual Total Time": 0.008,
                      "Actual Rows": 11,
                      "Actual Loops": 176197,
                      "Index Cond": "(movie_id = mc.movie_id)",
                      "Rows Removed by Index Recheck": 0,
                      "Heap Fetches": 1931628
                    }
                  ]
                }
              ]
            }
          ]
        }
      ]
    },
    "Planning Time": 1.409,
    "Triggers": [],
    "Execution Time": 747.469
  }
]