[
  {
    "Plan": {
      "Node Type": "Aggregate",
      "Strategy": "Plain",
      "Partial Mode": "Finalize",
      "Parallel Aware": false,
      "Startup Cost": 72076.66,
      "Total Cost": 72076.67,
      "Plan Rows": 1,
      "Plan Width": 8,
      "Actual Startup Time": 156.097,
      "Actual Total Time": 171.922,
      "Actual Rows": 1,
      "Actual Loops": 1,
      "Plans": [
        {
          "Node Type": "Gather",
          "Parent Relationship": "Outer",
          "Parallel Aware": false,
          "Startup Cost": 72076.34,
          "Total Cost": 72076.65,
          "Plan Rows": 3,
          "Plan Width": 8,
          "Actual Startup Time": 155.785,
          "Actual Total Time": 171.909,
          "Actual Rows": 4,
          "Actual Loops": 1,
          "Workers Planned": 3,
          "Workers Launched": 3,
          "Single Copy": false,
          "Plans": [
            {
              "Node Type": "Aggregate",
              "Strategy": "Plain",
              "Partial Mode": "Partial",
              "Parent Relationship": "Outer",
              "Parallel Aware": false,
              "Startup Cost": 71076.34,
              "Total Cost": 71076.35,
              "Plan Rows": 1,
              "Plan Width": 8,
              "Actual Startup Time": 146.392,
              "Actual Total Time": 146.396,
              "Actual Rows": 1,
              "Actual Loops": 4,
              "Plans": [
                {
                  "Node Type": "Nested Loop",
                  "Parent Relationship": "Outer",
                  "Parallel Aware": false,
                  "Join Type": "Inner",
                  "Startup Cost": 49747.16,
                  "Total Cost": 71074.73,
                  "Plan Rows": 645,
                  "Plan Width": 0,
                  "Actual Startup Time": 132.187,
                  "Actual Total Time": 146.353,
                  "Actual Rows": 743,
                  "Actual Loops": 4,
                  "Inner Unique": false,
                  "Join Filter": "(t.id = mk.movie_id)",
                  "Rows Removed by Join Filter": 0,
                  "Plans": [
                    {
                      "Node Type": "Hash Join",
                      "Parent Relationship": "Outer",
                      "Parallel Aware": true,
                      "Join Type": "Inner",
                      "Startup Cost": 49746.73,
                      "Total Cost": 69950.51,
                      "Plan Rows": 360,
                      "Plan Width": 8,
                      "Actual Startup Time": 131.769,
                      "Actual Total Time": 144.179,
                      "Actual Rows": 171,
                      "Actual Loops": 4,
                      "Inner Unique": true,
                      "Hash Cond": "(mc.movie_id = t.id)",
                      "Plans": [
                        {
                          "Node Type": "Bitmap Heap Scan",
                          "Parent Relationship": "Outer",
                          "Parallel Aware": true,
                          "Relation Name": "movie_companies",
                          "Alias": "mc",
                          "Startup Cost": 5783.03,
                          "Total Cost": 25871.44,
                          "Plan Rows": 43950,
                          "Plan Width": 4,
                          "Actual Startup Time": 38.599,
                          "Actual Total Time": 48.624,
                          "Actual Rows": 15621,
                          "Actual Loops": 4,
                          "Recheck Cond": "(company_id < 139)",
                          "Rows Removed by Index Recheck": 0,
                          "Filter": "(company_type_id > 1)",
                          "Rows Removed by Filter": 50962,
                          "Exact Heap Blocks": 6767,
                          "Lossy Heap Blocks": 0,
                          "Plans": [
                            {
                              "Node Type": "Bitmap Index Scan",
                              "Parent Relationship": "Outer",
                              "Parallel Aware": false,
                              "Index Name": "company_id_movie_companies",
                              "Startup Cost": 0.0,
                              "Total Cost": 5748.97,
                              "Plan Rows": 268338,
                              "Plan Width": 0,
                              "Actual Startup Time": 13.729,
                              "Actual Total Time": 13.729,
                              "Actual Rows": 266330,
                              "Actual Loops": 1,
                              "Index Cond": "(company_id < 139)"
                            }
                          ]
                        },
                        {
                          "Node Type": "Hash",
                          "Parent Relationship": "Inner",
                          "Parallel Aware": true,
                          "Startup Cost": 43898.92,
                          "Total Cost": 43898.92,
                          "Plan Rows": 5183,
                          "Plan Width": 4,
                          "Actual Startup Time": 91.801,
                          "Actual Total Time": 91.802,
                          "Actual Rows": 5328,
                          "Actual Loops": 4,
                          "Hash Buckets": 32768,
                          "Original Hash Buckets": 32768,
                          "Hash Batches": 1,
                          "Original Hash Batches": 1,
                          "Peak Memory Usage": 1120,
                          "Plans": [
                            {
                              "Node Type": "Seq Scan",
                              "Parent Relationship": "Outer",
                              "Parallel Aware": true,
                              "Relation Name": "title",
                              "Alias": "t",
                              "Startup Cost": 0.0,
                              "Total Cost": 43898.92,
                              "Plan Rows": 5183,
                              "Plan Width": 4,
                              "Actual Startup Time": 0.098,
                              "Actual Total Time": 88.984,
                              "Actual Rows": 5328,
                              "Actual Loops": 4,
                              "Filter": "(production_year = 1989)",
                              "Rows Removed by Filter": 626750
                            }
                          ]
                        }
                      ]
                    },
                    {
                      "Node Type": "Index Only Scan",
                      "Parent Relationship": "Inner",
                      "Parallel Aware": false,
                      "Scan Direction": "Forward",
                      "Index Name": "movie_id_movie_keyword",
                      "Relation Name": "movie_keyword",
                      "Alias": "mk",
                      "Startup Cost": 0.43,
                      "Total Cost": 2.56,
                      "Plan Rows": 45,
                      "Plan Width": 4,
                      "Actual Startup Time": 0.011,
                      "Actual Total Time": 0.012,
                      "Actual Rows": 4,
                      "Actual Loops": 683,
                      "Index Cond": "(movie_id = mc.movie_id)",
                      "Rows Removed by Index Recheck": 0,
                      "Heap Fetches": 2973
                    }
                  ]
                }
              ]
            }
          ]
        }
      ]
    },
    "Planning Time": 1.467,
    "Triggers": [],
    "Execution Time": 172.03
  }
]