[
  {
    "Plan": {
      "Node Type": "Aggregate",
      "Strategy": "Plain",
      "Partial Mode": "Finalize",
      "Parallel Aware": false,
      "Startup Cost": 56318.45,
      "Total Cost": 56318.46,
      "Plan Rows": 1,
      "Plan Width": 8,
      "Actual Startup Time": 85.789,
      "Actual Total Time": 99.228,
      "Actual Rows": 1,
      "Actual Loops": 1,
      "Plans": [
        {
          "Node Type": "Gather",
          "Parent Relationship": "Outer",
          "Parallel Aware": false,
          "Startup Cost": 56318.03,
          "Total Cost": 56318.44,
          "Plan Rows": 4,
          "Plan Width": 8,
          "Actual Startup Time": 85.633,
          "Actual Total Time": 99.216,
          "Actual Rows": 5,
          "Actual Loops": 1,
          "Workers Planned": 4,
          "Workers Launched": 4,
          "Single Copy": false,
          "Plans": [
            {
              "Node Type": "Aggregate",
              "Strategy": "Plain",
              "Partial Mode": "Partial",
              "Parent Relationship": "Outer",
              "Parallel Aware": false,
              "Startup Cost": 55318.03,
              "Total Cost": 55318.04,
              "Plan Rows": 1,
              "Plan Width": 8,
              "Actual Startup Time": 80.366,
              "Actual Total Time": 80.368,
              "Actual Rows": 1,
              "Actual Loops": 5,
              "Plans": [
                {
                  "Node Type": "Nested Loop",
                  "Parent Relationship": "Outer",
                  "Parallel Aware": false,
                  "Join Type": "Inner",
                  "Startup Cost": 0.43,
                  "Total Cost": 55317.27,
                  "Plan Rows": 304,
                  "Plan Width": 0,
                  "Actual Startup Time": 1.092,
                  "Actual Total Time": 80.332,
                  "Actual Rows": 187,
                  "Actual Loops": 5,
                  "Inner Unique": false,
                  "Plans": [
                    {
                      "Node Type": "Seq Scan",
                      "Parent Relationship": "Outer",
                      "Parallel Aware": true,
                      "Relation Name": "title",
                      "Alias": "t",
                      "Startup Cost": 0.0,
                      "Total Cost": 45479.59,
                      "Plan Rows": 1658,
                      "Plan Width": 4,
                      "Actual Startup Time": 0.365,
                      "Actual Total Time": 73.861,
                      "Actual Rows": 1400,
                      "Actual Loops": 5,
                      "Filter": "((kind_id = 7) AND (production_year = 1960))",
                      "Rows Removed by Filter": 504263
                    },
                    {
                      "Node Type": "Index Scan",
                      "Parent Relationship": "Inner",
                      "Parallel Aware": false,
                      "Scan Direction": "Forward",
                      "Index Name": "movie_id_movie_info_idx",
                      "Relation Name": "movie_info_idx",
                      "Alias": "mi_idx",
                      "Startup Cost": 0.43,
                      "Total Cost": 5.92,
                      "Plan Rows": 1,
                      "Plan Width": 4,
                      "Actual Startup Time": 0.004,
                      "Actual Total Time": 0.004,
                      "Actual Rows": 0,
                      "Actual Loops": 6999,
                      "Index Cond": "(movie_id = t.id)",
                      "Rows Removed by Index Recheck": 0,
                      "Filter": "(info_type_id > 100)",
                      "Rows Removed by Filter": 0
                    }
                  ]
                }
              ]
            }
          ]
        }
      ]
    },
    "Planning Time": 0.217,
    "Triggers": [],
    "Execution Time": 99.26
  }
]