[
  {
    "Plan": {
      "Node Type": "Aggregate",
      "Strategy": "Plain",
      "Partial Mode": "Finalize",
      "Parallel Aware": false,
      "Startup Cost": 33264.26,
      "Total Cost": 33264.27,
      "Plan Rows": 1,
      "Plan Width": 8,
      "Actual Startup Time": 90.826,
      "Actual Total Time": 98.24,
      "Actual Rows": 1,
      "Actual Loops": 1,
      "Plans": [
        {
          "Node Type": "Gather",
          "Parent Relationship": "Outer",
          "Parallel Aware": false,
          "Startup Cost": 33263.94,
          "Total Cost": 33264.25,
          "Plan Rows": 3,
          "Plan Width": 8,
          "Actual Startup Time": 90.577,
          "Actual Total Time": 98.232,
          "Actual Rows": 4,
          "Actual Loops": 1,
          "Workers Planned": 3,
          "Workers Launched": 3,
          "Single Copy": false,
          "Plans": [
            {
              "Node Type": "Aggregate",
              "Strategy": "Plain",
              "Partial Mode": "Partial",
              "Parent Relationship": "Outer",
              "Parallel Aware": false,
              "Startup Cost": 32263.94,
              "Total Cost": 32263.95,
              "Plan Rows": 1,
              "Plan Width": 8,
              "Actual Startup Time": 86.929,
              "Actual Total Time": 86.93,
              "Actual Rows": 1,
              "Actual Loops": 4,
              "Plans": [
                {
                  "Node Type": "Seq Scan",
                  "Parent Relationship": "Outer",
                  "Parallel Aware": true,
                  "Relation Name": "movie_companies",
                  "Alias": "mc",
                  "Startup Cost": 0.0,
                  "Total Cost": 31414.82,
                  "Plan Rows": 339650,
                  "Plan Width": 0,
                  "Actual Startup Time": 35.126,
                  "Actual Total Time": 73.896,
                  "Actual Rows": 298186,
                  "Actual Loops": 4,
                  "Filter": "((company_id > 538) AND (company_type_id = 2))",
                  "Rows Removed by Filter": 354096
                }
              ]
            }
          ]
        }
      ]
    },
    "Planning Time": 0.08,
    "Triggers": [],
    "Execution Time": 98.264
  }
]