{
  "Plan": {
    "Node Type": "Aggregate",
    "Strategy": "Plain",
    "Partial Mode": "Finalize",
    "Parallel Aware": false,
    "Startup Cost": 629216.78,
    "Total Cost": 629216.79,
    "Plan Rows": 1,
    "Plan Width": 64,
    "Actual Startup Time": 5351.113,
    "Actual Total Time": 5418.385,
    "Actual Rows": 1,
    "Actual Loops": 1,
    "Plans": [
      {
        "Node Type": "Gather",
        "Parent Relationship": "Outer",
        "Parallel Aware": false,
        "Startup Cost": 629216.67,
        "Total Cost": 629216.78,
        "Plan Rows": 1,
        "Plan Width": 64,
        "Actual Startup Time": 4811.933,
        "Actual Total Time": 5418.358,
        "Actual Rows": 2,
        "Actual Loops": 1,
        "Workers Planned": 1,
        "Workers Launched": 1,
        "Single Copy": false,
        "Plans": [
          {
            "Node Type": "Aggregate",
            "Strategy": "Plain",
            "Partial Mode": "Partial",
            "Parent Relationship": "Outer",
            "Parallel Aware": false,
            "Startup Cost": 628216.67,
            "Total Cost": 628216.68,
            "Plan Rows": 1,
            "Plan Width": 64,
            "Actual Startup Time": 5070.167,
            "Actual Total Time": 5070.197,
            "Actual Rows": 1,
            "Actual Loops": 2,
            "Plans": [
              {
                "Node Type": "Nested Loop",
                "Parent Relationship": "Outer",
                "Parallel Aware": false,
                "Join Type": "Inner",
                "Startup Cost": 352584.3,
                "Total Cost": 628209.88,
                "Plan Rows": 1358,
                "Plan Width": 32,
                "Actual Startup Time": 2335.794,
                "Actual Total Time": 5009.181,
                "Actual Rows": 494202,
                "Actual Loops": 2,
                "Inner Unique": true,
                "Plans": [
                  {
                    "Node Type": "Nested Loop",
                    "Parent Relationship": "Outer",
                    "Parallel Aware": false,
                    "Join Type": "Inner",
                    "Startup Cost": 352583.87,
                    "Total Cost": 624996.01,
                    "Plan Rows": 5940,
                    "Plan Width": 25,
                    "Actual Startup Time": 2335.74,
                    "Actual Total Time": 4346.351,
                    "Actual Rows": 494322,
                    "Actual Loops": 2,
                    "Inner Unique": true,
                    "Plans": [
                      {
                        "Node Type": "Hash Join",
                        "Parent Relationship": "Outer",
                        "Parallel Aware": false,
                        "Join Type": "Inner",
                        "Startup Cost": 352583.44,
                        "Total Cost": 621972.51,
                        "Plan Rows": 5940,
                        "Plan Width": 29,
                        "Actual Startup Time": 2335.669,
                        "Actual Total Time": 3673.041,
                        "Actual Rows": 532948,
                        "Actual Loops": 2,
                        "Inner Unique": true,
                        "Hash Cond": "(mi.info_type_id = it.id)",
                        "Plans": [
                          {
                            "Node Type": "Nested Loop",
                            "Parent Relationship": "Outer",
                            "Parallel Aware": false,
                            "Join Type": "Inner",
                            "Startup Cost": 352581.01,
                            "Total Cost": 620142.01,
                            "Plan Rows": 671235,
                            "Plan Width": 33,
                            "Actual Startup Time": 2335.409,
                            "Actual Total Time": 3461.24,
                            "Actual Rows": 3071180,
                            "Actual Loops": 2,
                            "Inner Unique": false,
                            "Plans": [
                              {
                                "Node Type": "Hash Join",
                                "Parent Relationship": "Outer",
                                "Parallel Aware": true,
                                "Join Type": "Inner",
                                "Startup Cost": 352580.58,
                                "Total Cost": 409837.58,
                                "Plan Rows": 114362,
                                "Plan Width": 41,
                                "Actual Startup Time": 2335.316,
                                "Actual Total Time": 2610.176,
                                "Actual Rows": 66801,
                                "Actual Loops": 2,
                                "Inner Unique": false,
                                "Hash Cond": "(t.id = mc.movie_id)",
                                "Plans": [
                                  {
                                    "Node Type": "Seq Scan",
                                    "Parent Relationship": "Outer",
                                    "Parallel Aware": true,
                                    "Relation Name": "title",
                                    "Alias": "t",
                                    "Startup Cost": 0.0,
                                    "Total Cost": 54587.68,
                                    "Plan Rows": 532425,
                                    "Plan Width": 21,
                                    "Actual Startup Time": 0.02,
                                    "Actual Total Time": 151.443,
                                    "Actual Rows": 452246,
                                    "Actual Loops": 2,
                                    "Filter": "(production_year > 2006)",
                                    "Rows Removed by Filter": 811910
                                  },
                                  {
                                    "Node Type": "Hash",
                                    "Parent Relationship": "Inner",
                                    "Parallel Aware": true,
                                    "Startup Cost": 348587.62,
                                    "Total Cost": 348587.62,
                                    "Plan Rows": 319437,
                                    "Plan Width": 20,
                                    "Actual Startup Time": 2326.349,
                                    "Actual Total Time": 2326.362,
                                    "Actual Rows": 222661,
                                    "Actual Loops": 2,
                                    "Hash Buckets": 1048576,
                                    "Original Hash Buckets": 1048576,
                                    "Hash Batches": 1,
                                    "Original Hash Batches": 1,
                                    "Peak Memory Usage": 32480,
                                    "Plans": [
                                      {
                                        "Node Type": "Merge Join",
                                        "Parent Relationship": "Outer",
                                        "Parallel Aware": false,
                                        "Join Type": "Inner",
                                        "Startup Cost": 340563.91,
                                        "Total Cost": 348587.62,
                                        "Plan Rows": 319437,
                                        "Plan Width": 20,
                                        "Actual Startup Time": 2187.847,
                                        "Actual Total Time": 2268.082,
                                        "Actual Rows": 222661,
                                        "Actual Loops": 2,
                                        "Inner Unique": true,
                                        "Merge Cond": "(mc.company_id = cn.id)",
                                        "Plans": [
                                          {
                                            "Node Type": "Sort",
                                            "Parent Relationship": "Outer",
                                            "Parallel Aware": false,
                                            "Startup Cost": 327651.23,
                                            "Total Cost": 329853.04,
                                            "Plan Rows": 880724,
                                            "Plan Width": 24,
                                            "Actual Startup Time": 2144.338,
                                            "Actual Total Time": 2168.538,
                                            "Actual Rows": 391436,
                                            "Actual Loops": 2,
                                            "Sort Key": [
                                              "mc.company_id"
                                            ],
                                            "Sort Method": "quicksort",
                                            "Sort Space Used": 45400,
                                            "Sort Space Type": "Memory",
                                            "Workers": [
                                              {
                                                "Worker Number": 0,
                                                "Sort Method": "quicksort",
                                                "Sort Space Used": 40339,
                                                "Sort Space Type": "Memory"
                                              }
                                            ],
                                            "Plans": [
                                              {
                                                "Node Type": "Hash Join",
                                                "Parent Relationship": "Outer",
                                                "Parallel Aware": false,
                                                "Join Type": "Inner",
                                                "Startup Cost": 180475.73,
                                                "Total Cost": 240687.09,
                                                "Plan Rows": 880724,
                                                "Plan Width": 24,
                                                "Actual Startup Time": 1710.532,
                                                "Actual Total Time": 2065.73,
                                                "Actual Rows": 391436,
                                                "Actual Loops": 2,
                                                "Inner Unique": false,
                                                "Hash Cond": "(mc.movie_id = ci.movie_id)",
                                                "Plans": [
                                                  {
                                                    "Node Type": "Seq Scan",
                                                    "Parent Relationship": "Outer",
                                                    "Parallel Aware": true,
                                                    "Relation Name": "movie_companies",
                                                    "Alias": "mc",
                                                    "Startup Cost": 0.0,
                                                    "Total Cost": 34137.82,
                                                    "Plan Rows": 1534782,
                                                    "Plan Width": 8,
                                                    "Actual Startup Time": 0.033,
                                                    "Actual Total Time": 106.597,
                                                    "Actual Rows": 1304564,
                                                    "Actual Loops": 2
                                                  },
                                                  {
                                                    "Node Type": "Hash",
                                                    "Parent Relationship": "Inner",
                                                    "Parallel Aware": false,
                                                    "Startup Cost": 172897.38,
                                                    "Total Cost": 172897.38,
                                                    "Plan Rows": 606268,
                                                    "Plan Width": 16,
                                                    "Actual Startup Time": 1702.313,
                                                    "Actual Total Time": 1702.32,
                                                    "Actual Rows": 409712,
                                                    "Actual Loops": 2,
                                                    "Hash Buckets": 1048576,
                                                    "Original Hash Buckets": 1048576,
                                                    "Hash Batches": 1,
                                                    "Original Hash Batches": 1,
                                                    "Peak Memory Usage": 27324,
                                                    "Plans": [
                                                      {
                                                        "Node Type": "Hash Join",
                                                        "Parent Relationship": "Outer",
                                                        "Parallel Aware": false,
                                                        "Join Type": "Inner",
                                                        "Startup Cost": 31676.78,
                                                        "Total Cost": 172897.38,
                                                        "Plan Rows": 606268,
                                                        "Plan Width": 16,
                                                        "Actual Startup Time": 287.189,
                                                        "Actual Total Time": 1621.07,
                                                        "Actual Rows": 409712,
                                                        "Actual Loops": 2,
                                                        "Inner Unique": false,
                                                        "Hash Cond": "(ci.person_id = an.person_id)",
                                                        "Plans": [
                                                          {
                                                            "Node Type": "Nested Loop",
                                                            "Parent Relationship": "Outer",
                                                            "Parallel Aware": false,
                                                            "Join Type": "Inner",
                                                            "Startup Cost": 0.56,
                                                            "Total Cost": 133865.8,
                                                            "Plan Rows": 258538,
                                                            "Plan Width": 12,
                                                            "Actual Startup Time": 0.464,
                                                            "Actual Total Time": 1260.949,
                                                            "Actual Rows": 223102,
                                                            "Actual Loops": 2,
                                                            "Inner Unique": false,
                                                            "Plans": [
                                                              {
                                                                "Node Type": "Seq Scan",
                                                                "Parent Relationship": "Outer",
                                                                "Parallel Aware": false,
                                                                "Relation Name": "role_type",
                                                                "Alias": "rt",
                                                                "Startup Cost": 0.0,
                                                                "Total Cost": 1.15,
                                                                "Plan Rows": 1,
                                                                "Plan Width": 4,
                                                                "Actual Startup Time": 0.042,
                                                                "Actual Total Time": 0.046,
                                                                "Actual Rows": 1,
                                                                "Actual Loops": 2,
                                                                "Filter": "((role)::text = 'actress'::text)",
                                                                "Rows Removed by Filter": 11
                                                              },
                                                              {
                                                                "Node Type": "Index Scan",
                                                                "Parent Relationship": "Inner",
                                                                "Parallel Aware": false,
                                                                "Scan Direction": "Forward",
                                                                "Index Name": "role_id_cast_info",
                                                                "Relation Name": "cast_info",
                                                                "Alias": "ci",
                                                                "Startup Cost": 0.56,
                                                                "Total Cost": 131044.24,
                                                                "Plan Rows": 282041,
                                                                "Plan Width": 16,
                                                                "Actual Startup Time": 0.412,
                                                                "Actual Total Time": 1242.41,
                                                                "Actual Rows": 223102,
                                                                "Actual Loops": 2,
                                                                "Index Cond": "(role_id = rt.id)",
                                                                "Rows Removed by Index Recheck": 0,
                                                                "Filter": "(note = ANY ('{(producer),\"(executive producer)\",(voice),\"(as Colleen Zenk Pinter)\"}'::text[]))",
                                                                "Rows Removed by Filter": 7228871
                                                              }
                                                            ]
                                                          },
                                                          {
                                                            "Node Type": "Hash",
                                                            "Parent Relationship": "Inner",
                                                            "Parallel Aware": false,
                                                            "Startup Cost": 20409.43,
                                                            "Total Cost": 20409.43,
                                                            "Plan Rows": 901343,
                                                            "Plan Width": 4,
                                                            "Actual Startup Time": 280.233,
                                                            "Actual Total Time": 280.235,
                                                            "Actual Rows": 901343,
                                                            "Actual Loops": 2,
                                                            "Hash Buckets": 1048576,
                                                            "Original Hash Buckets": 1048576,
                                                            "Hash Batches": 1,
                                                            "Original Hash Batches": 1,
                                                            "Peak Memory Usage": 39880,
                                                            "Plans": [
                                                              {
                                                                "Node Type": "Seq Scan",
                                                                "Parent Relationship": "Outer",
                                                                "Parallel Aware": false,
                                                                "Relation Name": "aka_name",
                                                                "Alias": "an",
                                                                "Startup Cost": 0.0,
                                                                "Total Cost": 20409.43,
                                                                "Plan Rows": 901343,
                                                                "Plan Width": 4,
                                                                "Actual Startup Time": 0.035,
                                                                "Actual Total Time": 111.123,
                                                                "Actual Rows": 901343,
                                                                "Actual Loops": 2
                                                              }
                                                            ]
                                                          }
                                                        ]
                                                      }
                                                    ]
                                                  }
                                                ]
                                              }
                                            ]
                                          },
                                          {
                                            "Node Type": "Sort",
                                            "Parent Relationship": "Inner",
                                            "Parallel Aware": false,
                                            "Startup Cost": 12912.67,
                                            "Total Cost": 13125.75,
                                            "Plan Rows": 85233,
                                            "Plan Width": 4,
                                            "Actual Startup Time": 43.49,
                                            "Actual Total Time": 54.691,
                                            "Actual Rows": 84821,
                                            "Actual Loops": 2,
                                            "Sort Key": [
                                              "cn.id"
                                            ],
                                            "Sort Method": "quicksort",
                                            "Sort Space Used": 7050,
                                            "Sort Space Type": "Memory",
                                            "Workers": [
                                              {
                                                "Worker Number": 0,
                                                "Sort Method": "quicksort",
                                                "Sort Space Used": 7050,
                                                "Sort Space Type": "Memory"
                                              }
                                            ],
                                            "Plans": [
                                              {
                                                "Node Type": "Seq Scan",
                                                "Parent Relationship": "Outer",
                                                "Parallel Aware": false,
                                                "Relation Name": "company_name",
                                                "Alias": "cn",
                                                "Startup Cost": 0.0,
                                                "Total Cost": 5932.46,
                                                "Plan Rows": 85233,
                                                "Plan Width": 4,
                                                "Actual Startup Time": 0.032,
                                                "Actual Total Time": 24.676,
                                                "Actual Rows": 84843,
                                                "Actual Loops": 2,
                                                "Filter": "((country_code)::text = '[us]'::text)",
                                                "Rows Removed by Filter": 150154
                                              }
                                            ]
                                          }
                                        ]
                                      }
                                    ]
                                  }
                                ]
                              },
                              {
                                "Node Type": "Index Scan",
                                "Parent Relationship": "Inner",
                                "Parallel Aware": false,
                                "Scan Direction": "Forward",
                                "Index Name": "movie_id_movie_info",
                                "Relation Name": "movie_info",
                                "Alias": "mi",
                                "Startup Cost": 0.43,
                                "Total Cost": 1.45,
                                "Plan Rows": 39,
                                "Plan Width": 8,
                                "Actual Startup Time": 0.002,
                                "Actual Total Time": 0.008,
                                "Actual Rows": 46,
                                "Actual Loops": 133602,
                                "Index Cond": "(movie_id = mc.movie_id)",
                                "Rows Removed by Index Recheck": 0
                              }
                            ]
                          },
                          {
                            "Node Type": "Hash",
                            "Parent Relationship": "Inner",
                            "Parallel Aware": false,
                            "Startup Cost": 2.41,
                            "Total Cost": 2.41,
                            "Plan Rows": 1,
                            "Plan Width": 4,
                            "Actual Startup Time": 0.081,
                            "Actual Total Time": 0.082,
                            "Actual Rows": 1,
                            "Actual Loops": 2,
                            "Hash Buckets": 1024,
                            "Original Hash Buckets": 1024,
                            "Hash Batches": 1,
                            "Original Hash Batches": 1,
                            "Peak Memory Usage": 9,
                            "Plans": [
                              {
                                "Node Type": "Seq Scan",
                                "Parent Relationship": "Outer",
                                "Parallel Aware": false,
                                "Relation Name": "info_type",
                                "Alias": "it",
                                "Startup Cost": 0.0,
                                "Total Cost": 2.41,
                                "Plan Rows": 1,
                                "Plan Width": 4,
                                "Actual Startup Time": 0.043,
                                "Actual Total Time": 0.066,
                                "Actual Rows": 1,
                                "Actual Loops": 2,
                                "Filter": "((info)::text = 'release dates'::text)",
                                "Rows Removed by Filter": 112
                              }
                            ]
                          }
                        ]
                      },
                      {
                        "Node Type": "Index Only Scan",
                        "Parent Relationship": "Inner",
                        "Parallel Aware": false,
                        "Scan Direction": "Forward",
                        "Index Name": "char_name_pkey",
                        "Relation Name": "char_name",
                        "Alias": "chn",
                        "Startup Cost": 0.43,
                        "Total Cost": 0.51,
                        "Plan Rows": 1,
                        "Plan Width": 4,
                        "Actual Startup Time": 0.001,
                        "Actual Total Time": 0.001,
                        "Actual Rows": 1,
                        "Actual Loops": 1065896,
                        "Index Cond": "(id = ci.person_role_id)",
                        "Rows Removed by Index Recheck": 0,
                        "Heap Fetches": 988644
                      }
                    ]
                  },
                  {
                    "Node Type": "Index Scan",
                    "Parent Relationship": "Inner",
                    "Parallel Aware": false,
                    "Scan Direction": "Forward",
                    "Index Name": "name_pkey",
                    "Relation Name": "name",
                    "Alias": "n",
                    "Startup Cost": 0.43,
                    "Total Cost": 0.54,
                    "Plan Rows": 1,
                    "Plan Width": 19,
                    "Actual Startup Time": 0.001,
                    "Actual Total Time": 0.001,
                    "Actual Rows": 1,
                    "Actual Loops": 988644,
                    "Index Cond": "(id = ci.person_id)",
                    "Rows Removed by Index Recheck": 0,
                    "Filter": "((gender)::text = 'f'::text)",
                    "Rows Removed by Filter": 0
                  }
                ]
              }
            ]
          }
        ]
      }
    ]
  },
  "Planning Time": 2.812,
  "Triggers": [],
  "Execution Time": 5419.666
}