[
  {
    "Plan": {
      "Node Type": "Aggregate",
      "Strategy": "Plain",
      "Partial Mode": "Finalize",
      "Parallel Aware": false,
      "Startup Cost": 32851.58,
      "Total Cost": 32851.59,
      "Plan Rows": 1,
      "Plan Width": 8,
      "Actual Startup Time": 98.403,
      "Actual Total Time": 107.036,
      "Actual Rows": 1,
      "Actual Loops": 1,
      "Plans": [
        {
          "Node Type": "Gather",
          "Parent Relationship": "Outer",
          "Parallel Aware": false,
          "Startup Cost": 32851.27,
          "Total Cost": 32851.58,
          "Plan Rows": 3,
          "Plan Width": 8,
          "Actual Startup Time": 98.3,
          "Actual Total Time": 107.026,
          "Actual Rows": 4,
          "Actual Loops": 1,
          "Workers Planned": 3,
          "Workers Launched": 3,
          "Single Copy": false,
          "Plans": [
            {
              "Node Type": "Aggregate",
              "Strategy": "Plain",
              "Partial Mode": "Partial",
              "Parent Relationship": "Outer",
              "Parallel Aware": false,
              "Startup Cost": 31851.27,
              "Total Cost": 31851.28,
              "Plan Rows": 1,
              "Plan Width": 8,
              "Actual Startup Time": 90.646,
              "Actual Total Time": 90.647,
              "Actual Rows": 1,
              "Actual Loops": 4,
              "Plans": [
                {
                  "Node Type": "Seq Scan",
                  "Parent Relationship": "Outer",
                  "Parallel Aware": true,
                  "Relation Name": "movie_companies",
                  "Alias": "mc",
                  "Startup Cost": 0.0,
                  "Total Cost": 31414.82,
                  "Plan Rows": 174579,
                  "Plan Width": 0,
                  "Actual Startup Time": 0.071,
                  "Actual Total Time": 78.367,
                  "Actual Rows": 189519,
                  "Actual Loops": 4,
                  "Filter": "((company_id < 7851) AND (company_type_id < 2))",
                  "Rows Removed by Filter": 462764
                }
              ]
            }
          ]
        }
      ]
    },
    "Planning Time": 0.211,
    "Triggers": [],
    "Execution Time": 107.094
  }
]