[
  {
    "Plan": {
      "Node Type": "Aggregate",
      "Strategy": "Plain",
      "Partial Mode": "Finalize",
      "Parallel Aware": false,
      "Startup Cost": 32689.68,
      "Total Cost": 32689.69,
      "Plan Rows": 1,
      "Plan Width": 8,
      "Actual Startup Time": 70.153,
      "Actual Total Time": 79.848,
      "Actual Rows": 1,
      "Actual Loops": 1,
      "Plans": [
        {
          "Node Type": "Gather",
          "Parent Relationship": "Outer",
          "Parallel Aware": false,
          "Startup Cost": 32689.36,
          "Total Cost": 32689.67,
          "Plan Rows": 3,
          "Plan Width": 8,
          "Actual Startup Time": 70.025,
          "Actual Total Time": 79.84,
          "Actual Rows": 4,
          "Actual Loops": 1,
          "Workers Planned": 3,
          "Workers Launched": 3,
          "Single Copy": false,
          "Plans": [
            {
              "Node Type": "Aggregate",
              "Strategy": "Plain",
              "Partial Mode": "Partial",
              "Parent Relationship": "Outer",
              "Parallel Aware": false,
              "Startup Cost": 31689.36,
              "Total Cost": 31689.37,
              "Plan Rows": 1,
              "Plan Width": 8,
              "Actual Startup Time": 66.985,
              "Actual Total Time": 66.987,
              "Actual Rows": 1,
              "Actual Loops": 4,
              "Plans": [
                {
                  "Node Type": "Seq Scan",
                  "Parent Relationship": "Outer",
                  "Parallel Aware": true,
                  "Relation Name": "movie_companies",
                  "Alias": "mc",
                  "Startup Cost": 0.0,
                  "Total Cost": 31414.82,
                  "Plan Rows": 109817,
                  "Plan Width": 0,
                  "Actual Startup Time": 0.021,
                  "Actual Total Time": 61.559,
                  "Actual Rows": 123559,
                  "Actual Loops": 4,
                  "Filter": "((company_id < 1284) AND (company_type_id < 2))",
                  "Rows Removed by Filter": 528723
                }
              ]
            }
          ]
        }
      ]
    },
    "Planning Time": 0.099,
    "Triggers": [],
    "Execution Time": 79.876
  }
]