[
  {
    "Plan": {
      "Node Type": "Aggregate",
      "Strategy": "Plain",
      "Partial Mode": "Finalize",
      "Parallel Aware": false,
      "Startup Cost": 169851.11,
      "Total Cost": 169851.12,
      "Plan Rows": 1,
      "Plan Width": 8,
      "Actual Startup Time": 114.598,
      "Actual Total Time": 133.009,
      "Actual Rows": 1,
      "Actual Loops": 1,
      "Plans": [
        {
          "Node Type": "Gather",
          "Parent Relationship": "Outer",
          "Parallel Aware": false,
          "Startup Cost": 169850.69,
          "Total Cost": 169851.1,
          "Plan Rows": 4,
          "Plan Width": 8,
          "Actual Startup Time": 114.37,
          "Actual Total Time": 132.994,
          "Actual Rows": 5,
          "Actual Loops": 1,
          "Workers Planned": 4,
          "Workers Launched": 4,
          "Single Copy": false,
          "Plans": [
            {
              "Node Type": "Aggregate",
              "Strategy": "Plain",
              "Partial Mode": "Partial",
              "Parent Relationship": "Outer",
              "Parallel Aware": false,
              "Startup Cost": 168850.69,
              "Total Cost": 168850.7,
              "Plan Rows": 1,
              "Plan Width": 8,
              "Actual Startup Time": 108.11,
              "Actual Total Time": 108.112,
              "Actual Rows": 1,
              "Actual Loops": 5,
              "Plans": [
                {
                  "Node Type": "Nested Loop",
                  "Parent Relationship": "Outer",
                  "Parallel Aware": false,
                  "Join Type": "Inner",
                  "Startup Cost": 0.56,
                  "Total Cost": 168811.54,
                  "Plan Rows": 15660,
                  "Plan Width": 0,
                  "Actual Startup Time": 0.392,
                  "Actual Total Time": 107.448,
                  "Actual Rows": 5737,
                  "Actual Loops": 5,
                  "Inner Unique": false,
                  "Plans": [
                    {
                      "Node Type": "Seq Scan",
                      "Parent Relationship": "Outer",
                      "Parallel Aware": true,
                      "Relation Name": "title",
                      "Alias": "t",
                      "Startup Cost": 0.0,
                      "Total Cost": 45479.59,
                      "Plan Rows": 1092,
                      "Plan Width": 4,
                      "Actual Startup Time": 0.153,
                      "Actual Total Time": 77.21,
                      "Actual Rows": 732,
                      "Actual Loops": 5,
                      "Filter": "((kind_id = 7) AND (production_year = 1953))",
                      "Rows Removed by Filter": 504930
                    },
                    {
                      "Node Type": "Index Only Scan",
                      "Parent Relationship": "Inner",
                      "Parallel Aware": false,
                      "Scan Direction": "Forward",
                      "Index Name": "movie_id_cast_info",
                      "Relation Name": "cast_info",
                      "Alias": "ci",
                      "Startup Cost": 0.56,
                      "Total Cost": 112.59,
                      "Plan Rows": 35,
                      "Plan Width": 4,
                      "Actual Startup Time": 0.012,
                      "Actual Total Time": 0.04,
                      "Actual Rows": 8,
                      "Actual Loops": 3662,
                      "Index Cond": "(movie_id = t.id)",
                      "Rows Removed by Index Recheck": 0,
                      "Heap Fetches": 28684
                    }
                  ]
                }
              ]
            }
          ]
        }
      ]
    },
    "Planning Time": 0.652,
    "Triggers": [],
    "Execution Time": 133.085
  }
]