[
  {
    "Plan": {
      "Node Type": "Aggregate",
      "Strategy": "Plain",
      "Partial Mode": "Finalize",
      "Parallel Aware": false,
      "Startup Cost": 143540.02,
      "Total Cost": 143540.03,
      "Plan Rows": 1,
      "Plan Width": 8,
      "Actual Startup Time": 116.696,
      "Actual Total Time": 132.968,
      "Actual Rows": 1,
      "Actual Loops": 1,
      "Plans": [
        {
          "Node Type": "Gather",
          "Parent Relationship": "Outer",
          "Parallel Aware": false,
          "Startup Cost": 143539.6,
          "Total Cost": 143540.01,
          "Plan Rows": 4,
          "Plan Width": 8,
          "Actual Startup Time": 116.566,
          "Actual Total Time": 132.96,
          "Actual Rows": 5,
          "Actual Loops": 1,
          "Workers Planned": 4,
          "Workers Launched": 4,
          "Single Copy": false,
          "Plans": [
            {
              "Node Type": "Aggregate",
              "Strategy": "Plain",
              "Partial Mode": "Partial",
              "Parent Relationship": "Outer",
              "Parallel Aware": false,
              "Startup Cost": 142539.6,
              "Total Cost": 142539.61,
              "Plan Rows": 1,
              "Plan Width": 8,
              "Actual Startup Time": 106.721,
              "Actual Total Time": 106.723,
              "Actual Rows": 1,
              "Actual Loops": 5,
              "Plans": [
                {
                  "Node Type": "Nested Loop",
                  "Parent Relationship": "Outer",
                  "Parallel Aware": false,
                  "Join Type": "Inner",
                  "Startup Cost": 0.56,
                  "Total Cost": 142512.07,
                  "Plan Rows": 11012,
                  "Plan Width": 0,
                  "Actual Startup Time": 0.816,
                  "Actual Total Time": 106.107,
                  "Actual Rows": 5737,
                  "Actual Loops": 5,
                  "Inner Unique": false,
                  "Plans": [
                    {
                      "Node Type": "Seq Scan",
                      "Parent Relationship": "Outer",
                      "Parallel Aware": true,
                      "Relation Name": "title",
                      "Alias": "t",
                      "Startup Cost": 0.0,
                      "Total Cost": 45479.1,
                      "Plan Rows": 768,
                      "Plan Width": 4,
                      "Actual Startup Time": 0.555,
                      "Actual Total Time": 75.665,
                      "Actual Rows": 732,
                      "Actual Loops": 5,
                      "Filter": "((kind_id = 7) AND (production_year = 1953))",
                      "Rows Removed by Filter": 504930
                    },
                    {
                      "Node Type": "Index Only Scan",
                      "Parent Relationship": "Inner",
                      "Parallel Aware": false,
                      "Scan Direction": "Forward",
                      "Index Name": "movie_id_cast_info",
                      "Relation Name": "cast_info",
                      "Alias": "ci",
                      "Startup Cost": 0.56,
                      "Total Cost": 125.98,
                      "Plan Rows": 37,
                      "Plan Width": 4,
                      "Actual Startup Time": 0.012,
                      "Actual Total Time": 0.04,
                      "Actual Rows": 8,
                      "Actual Loops": 3662,
                      "Index Cond": "(movie_id = t.id)",
                      "Rows Removed by Index Recheck": 0,
                      "Heap Fetches": 28684
                    }
                  ]
                }
              ]
            }
          ]
        }
      ]
    },
    "Planning Time": 0.569,
    "Triggers": [],
    "Execution Time": 133.035
  }
]