{
  "Plan": {
    "Node Type": "Aggregate",
    "Strategy": "Plain",
    "Partial Mode": "Finalize",
    "Parallel Aware": false,
    "Startup Cost": 434258.99,
    "Total Cost": 434259.0,
    "Plan Rows": 1,
    "Plan Width": 8,
    "Actual Startup Time": 2348.895,
    "Actual Total Time": 2404.5,
    "Actual Rows": 1,
    "Actual Loops": 1,
    "Plans": [
      {
        "Node Type": "Gather",
        "Parent Relationship": "Outer",
        "Parallel Aware": false,
        "Startup Cost": 434258.87,
        "Total Cost": 434258.98,
        "Plan Rows": 1,
        "Plan Width": 8,
        "Actual Startup Time": 2346.63,
        "Actual Total Time": 2404.488,
        "Actual Rows": 2,
        "Actual Loops": 1,
        "Workers Planned": 1,
        "Workers Launched": 1,
        "Single Copy": false,
        "Plans": [
          {
            "Node Type": "Aggregate",
            "Strategy": "Plain",
            "Partial Mode": "Partial",
            "Parent Relationship": "Outer",
            "Parallel Aware": false,
            "Startup Cost": 433258.87,
            "Total Cost": 433258.88,
            "Plan Rows": 1,
            "Plan Width": 8,
            "Actual Startup Time": 2340.559,
            "Actual Total Time": 2340.565,
            "Actual Rows": 1,
            "Actual Loops": 2,
            "Plans": [
              {
                "Node Type": "Hash Join",
                "Parent Relationship": "Outer",
                "Parallel Aware": true,
                "Join Type": "Inner",
                "Startup Cost": 126408.85,
                "Total Cost": 425718.25,
                "Plan Rows": 3016249,
                "Plan Width": 0,
                "Actual Startup Time": 661.946,
                "Actual Total Time": 2268.299,
                "Actual Rows": 1752600,
                "Actual Loops": 2,
                "Inner Unique": false,
                "Hash Cond": "(mi.movie_id = t.id)",
                "Plans": [
                  {
                    "Node Type": "Seq Scan",
                    "Parent Relationship": "Outer",
                    "Parallel Aware": true,
                    "Relation Name": "movie_info",
                    "Alias": "mi",
                    "Startup Cost": 0.0,
                    "Total Cost": 248955.74,
                    "Plan Rows": 8696274,
                    "Plan Width": 4,
                    "Actual Startup Time": 0.017,
                    "Actual Total Time": 666.76,
                    "Actual Rows": 7417860,
                    "Actual Loops": 2
                  },
                  {
                    "Node Type": "Hash",
                    "Parent Relationship": "Inner",
                    "Parallel Aware": true,
                    "Startup Cost": 119960.89,
                    "Total Cost": 119960.89,
                    "Plan Rows": 515837,
                    "Plan Width": 8,
                    "Actual Startup Time": 651.475,
                    "Actual Total Time": 651.48,
                    "Actual Rows": 152174,
                    "Actual Loops": 2,
                    "Hash Buckets": 1048576,
                    "Original Hash Buckets": 1048576,
                    "Hash Batches": 1,
                    "Original Hash Batches": 1,
                    "Peak Memory Usage": 20128,
                    "Plans": [
                      {
                        "Node Type": "Hash Join",
                        "Parent Relationship": "Outer",
                        "Parallel Aware": true,
                        "Join Type": "Inner",
                        "Startup Cost": 61910.04,
                        "Total Cost": 119960.89,
                        "Plan Rows": 515837,
                        "Plan Width": 8,
                        "Actual Startup Time": 242.989,
                        "Actual Total Time": 618.488,
                        "Actual Rows": 152174,
                        "Actual Loops": 2,
                        "Inner Unique": true,
                        "Hash Cond": "(mk.movie_id = t.id)",
                        "Plans": [
                          {
                            "Node Type": "Seq Scan",
                            "Parent Relationship": "Outer",
                            "Parallel Aware": true,
                            "Relation Name": "movie_keyword",
                            "Alias": "mk",
                            "Startup Cost": 0.0,
                            "Total Cost": 51065.35,
                            "Plan Rows": 2661135,
                            "Plan Width": 4,
                            "Actual Startup Time": 0.014,
                            "Actual Total Time": 157.828,
                            "Actual Rows": 2261965,
                            "Actual Loops": 2
                          },
                          {
                            "Node Type": "Hash",
                            "Parent Relationship": "Inner",
                            "Parallel Aware": true,
                            "Startup Cost": 58306.47,
                            "Total Cost": 58306.47,
                            "Plan Rows": 288286,
                            "Plan Width": 4,
                            "Actual Startup Time": 239.731,
                            "Actual Total Time": 239.732,
                            "Actual Rows": 250890,
                            "Actual Loops": 2,
                            "Hash Buckets": 524288,
                            "Original Hash Buckets": 524288,
                            "Hash Batches": 1,
                            "Original Hash Batches": 1,
                            "Peak Memory Usage": 23744,
                            "Plans": [
                              {
                                "Node Type": "Seq Scan",
                                "Parent Relationship": "Outer",
                                "Parallel Aware": true,
                                "Relation Name": "title",
                                "Alias": "t",
                                "Startup Cost": 0.0,
                                "Total Cost": 58306.47,
                                "Plan Rows": 288286,
                                "Plan Width": 4,
                                "Actual Startup Time": 0.033,
                                "Actual Total Time": 160.606,
                                "Actual Rows": 250890,
                                "Actual Loops": 2,
                                "Filter": "((kind_id > 1) AND (production_year > 2008))",
                                "Rows Removed by Filter": 1013266
                              }
                            ]
                          }
                        ]
                      }
                    ]
                  }
                ]
              }
            ]
          }
        ]
      }
    ]
  },
  "Planning Time": 0.942,
  "Triggers": [],
  "Execution Time": 2404.6
}