[
  {
    "Plan": {
      "Node Type": "Aggregate",
      "Strategy": "Plain",
      "Partial Mode": "Finalize",
      "Parallel Aware": false,
      "Startup Cost": 399023.77,
      "Total Cost": 399023.78,
      "Plan Rows": 1,
      "Plan Width": 8,
      "Actual Startup Time": 1206.179,
      "Actual Total Time": 1260.269,
      "Actual Rows": 1,
      "Actual Loops": 1,
      "Plans": [
        {
          "Node Type": "Gather",
          "Parent Relationship": "Outer",
          "Parallel Aware": false,
          "Startup Cost": 399023.15,
          "Total Cost": 399023.76,
          "Plan Rows": 6,
          "Plan Width": 8,
          "Actual Startup Time": 1202.86,
          "Actual Total Time": 1260.259,
          "Actual Rows": 7,
          "Actual Loops": 1,
          "Workers Planned": 6,
          "Workers Launched": 6,
          "Single Copy": false,
          "Plans": [
            {
              "Node Type": "Aggregate",
              "Strategy": "Plain",
              "Partial Mode": "Partial",
              "Parent Relationship": "Outer",
              "Parallel Aware": false,
              "Startup Cost": 398023.15,
              "Total Cost": 398023.16,
              "Plan Rows": 1,
              "Plan Width": 8,
              "Actual Startup Time": 1197.313,
              "Actual Total Time": 1197.316,
              "Actual Rows": 1,
              "Actual Loops": 7,
              "Plans": [
                {
                  "Node Type": "Hash Join",
                  "Parent Relationship": "Outer",
                  "Parallel Aware": true,
                  "Join Type": "Inner",
                  "Startup Cost": 46832.64,
                  "Total Cost": 396919.01,
                  "Plan Rows": 441653,
                  "Plan Width": 0,
                  "Actual Startup Time": 441.221,
                  "Actual Total Time": 1177.381,
                  "Actual Rows": 420155,
                  "Actual Loops": 7,
                  "Inner Unique": true,
                  "Hash Cond": "(ci.movie_id = t.id)",
                  "Plans": [
                    {
                      "Node Type": "Seq Scan",
                      "Parent Relationship": "Outer",
                      "Parallel Aware": true,
                      "Relation Name": "cast_info",
                      "Alias": "ci",
                      "Startup Cost": 0.0,
                      "Total Cost": 343316.27,
                      "Plan Rows": 2579084,
                      "Plan Width": 4,
                      "Actual Startup Time": 343.013,
                      "Actual Total Time": 686.147,
                      "Actual Rows": 2250623,
                      "Actual Loops": 7,
                      "Filter": "((person_id > 131326) AND (role_id > 2))",
                      "Rows Removed by Filter": 2927140
                    },
                    {
                      "Node Type": "Hash",
                      "Parent Relationship": "Inner",
                      "Parallel Aware": true,
                      "Startup Cost": 45479.59,
                      "Total Cost": 45479.59,
                      "Plan Rows": 108244,
                      "Plan Width": 4,
                      "Actual Startup Time": 96.901,
                      "Actual Total Time": 96.902,
                      "Actual Rows": 52607,
                      "Actual Loops": 7,
                      "Hash Buckets": 524288,
                      "Original Hash Buckets": 524288,
                      "Hash Batches": 1,
                      "Original Hash Batches": 1,
                      "Peak Memory Usage": 18624,
                      "Plans": [
                        {
                          "Node Type": "Seq Scan",
                          "Parent Relationship": "Outer",
                          "Parallel Aware": true,
                          "Relation Name": "title",
                          "Alias": "t",
                          "Startup Cost": 0.0,
                          "Total Cost": 45479.59,
                          "Plan Rows": 108244,
                          "Plan Width": 4,
                          "Actual Startup Time": 0.03,
                          "Actual Total Time": 72.172,
                          "Actual Rows": 52607,
                          "Actual Loops": 7,
                          "Filter": "((kind_id < 7) AND (production_year > 2004))",
                          "Rows Removed by Filter": 308581
                        }
                      ]
                    }
                  ]
                }
              ]
            }
          ]
        }
      ]
    },
    "Planning Time": 0.404,
    "Triggers": [],
    "Execution Time": 1260.32
  }
]