[
  {
    "Plan": {
      "Node Type": "Aggregate",
      "Strategy": "Plain",
      "Partial Mode": "Finalize",
      "Parallel Aware": false,
      "Startup Cost": 399171.79,
      "Total Cost": 399171.8,
      "Plan Rows": 1,
      "Plan Width": 8,
      "Actual Startup Time": 1254.724,
      "Actual Total Time": 1319.802,
      "Actual Rows": 1,
      "Actual Loops": 1,
      "Plans": [
        {
          "Node Type": "Gather",
          "Parent Relationship": "Outer",
          "Parallel Aware": false,
          "Startup Cost": 399171.17,
          "Total Cost": 399171.78,
          "Plan Rows": 6,
          "Plan Width": 8,
          "Actual Startup Time": 1249.891,
          "Actual Total Time": 1319.788,
          "Actual Rows": 7,
          "Actual Loops": 1,
          "Workers Planned": 6,
          "Workers Launched": 6,
          "Single Copy": false,
          "Plans": [
            {
              "Node Type": "Aggregate",
              "Strategy": "Plain",
              "Partial Mode": "Partial",
              "Parent Relationship": "Outer",
              "Parallel Aware": false,
              "Startup Cost": 398171.17,
              "Total Cost": 398171.18,
              "Plan Rows": 1,
              "Plan Width": 8,
              "Actual Startup Time": 1239.676,
              "Actual Total Time": 1239.678,
              "Actual Rows": 1,
              "Actual Loops": 7,
              "Plans": [
                {
                  "Node Type": "Hash Join",
                  "Parent Relationship": "Outer",
                  "Parallel Aware": true,
                  "Join Type": "Inner",
                  "Startup Cost": 46851.97,
                  "Total Cost": 397026.42,
                  "Plan Rows": 457898,
                  "Plan Width": 0,
                  "Actual Startup Time": 448.542,
                  "Actual Total Time": 1219.929,
                  "Actual Rows": 420155,
                  "Actual Loops": 7,
                  "Inner Unique": true,
                  "Hash Cond": "(ci.movie_id = t.id)",
                  "Plans": [
                    {
                      "Node Type": "Seq Scan",
                      "Parent Relationship": "Outer",
                      "Parallel Aware": true,
                      "Relation Name": "cast_info",
                      "Alias": "ci",
                      "Startup Cost": 0.0,
                      "Total Cost": 343257.03,
                      "Plan Rows": 2635203,
                      "Plan Width": 4,
                      "Actual Startup Time": 344.189,
                      "Actual Total Time": 699.955,
                      "Actual Rows": 2250623,
                      "Actual Loops": 7,
                      "Filter": "((person_id > 131326) AND (role_id > 2))",
                      "Rows Removed by Filter": 2927140
                    },
                    {
                      "Node Type": "Hash",
                      "Parent Relationship": "Inner",
                      "Parallel Aware": true,
                      "Startup Cost": 45479.1,
                      "Total Cost": 45479.1,
                      "Plan Rows": 109830,
                      "Plan Width": 4,
                      "Actual Startup Time": 101.755,
                      "Actual Total Time": 101.756,
                      "Actual Rows": 52607,
                      "Actual Loops": 7,
                      "Hash Buckets": 524288,
                      "Original Hash Buckets": 524288,
                      "Hash Batches": 1,
                      "Original Hash Batches": 1,
                      "Peak Memory Usage": 18656,
                      "Plans": [
                        {
                          "Node Type": "Seq Scan",
                          "Parent Relationship": "Outer",
                          "Parallel Aware": true,
                          "Relation Name": "title",
                          "Alias": "t",
                          "Startup Cost": 0.0,
                          "Total Cost": 45479.1,
                          "Plan Rows": 109830,
                          "Plan Width": 4,
                          "Actual Startup Time": 0.054,
                          "Actual Total Time": 77.873,
                          "Actual Rows": 52607,
                          "Actual Loops": 7,
                          "Filter": "((kind_id < 7) AND (production_year > 2004))",
                          "Rows Removed by Filter": 308581
                        }
                      ]
                    }
                  ]
                }
              ]
            }
          ]
        }
      ]
    },
    "Planning Time": 0.556,
    "Triggers": [],
    "Execution Time": 1319.884
  }
]