{
  "Plan": {
    "Node Type": "Aggregate",
    "Strategy": "Plain",
    "Partial Mode": "Finalize",
    "Parallel Aware": false,
    "Startup Cost": 147966.65,
    "Total Cost": 147966.66,
    "Plan Rows": 1,
    "Plan Width": 8,
    "Actual Startup Time": 869.677,
    "Actual Total Time": 888.854,
    "Actual Rows": 1,
    "Actual Loops": 1,
    "Plans": [
      {
        "Node Type": "Gather",
        "Parent Relationship": "Outer",
        "Parallel Aware": false,
        "Startup Cost": 147966.53,
        "Total Cost": 147966.64,
        "Plan Rows": 1,
        "Plan Width": 8,
        "Actual Startup Time": 865.509,
        "Actual Total Time": 888.845,
        "Actual Rows": 2,
        "Actual Loops": 1,
        "Workers Planned": 1,
        "Workers Launched": 1,
        "Single Copy": false,
        "Plans": [
          {
            "Node Type": "Aggregate",
            "Strategy": "Plain",
            "Partial Mode": "Partial",
            "Parent Relationship": "Outer",
            "Parallel Aware": false,
            "Startup Cost": 146966.53,
            "Total Cost": 146966.54,
            "Plan Rows": 1,
            "Plan Width": 8,
            "Actual Startup Time": 859.707,
            "Actual Total Time": 860.019,
            "Actual Rows": 1,
            "Actual Loops": 2,
            "Plans": [
              {
                "Node Type": "Hash Join",
                "Parent Relationship": "Outer",
                "Parallel Aware": true,
                "Join Type": "Inner",
                "Startup Cost": 125770.38,
                "Total Cost": 146642.49,
                "Plan Rows": 129618,
                "Plan Width": 0,
                "Actual Startup Time": 672.84,
                "Actual Total Time": 833.559,
                "Actual Rows": 685676,
                "Actual Loops": 2,
                "Inner Unique": false,
                "Hash Cond": "(mi_idx.movie_id = t.id)",
                "Plans": [
                  {
                    "Node Type": "Seq Scan",
                    "Parent Relationship": "Outer",
                    "Parallel Aware": true,
                    "Relation Name": "movie_info_idx",
                    "Alias": "mi_idx",
                    "Startup Cost": 0.0,
                    "Total Cost": 18082.32,
                    "Plan Rows": 540622,
                    "Plan Width": 4,
                    "Actual Startup Time": 0.025,
                    "Actual Total Time": 58.141,
                    "Actual Rows": 459925,
                    "Actual Loops": 2,
                    "Filter": "(info_type_id < 101)",
                    "Rows Removed by Filter": 230092
                  },
                  {
                    "Node Type": "Hash",
                    "Parent Relationship": "Inner",
                    "Parallel Aware": true,
                    "Startup Cost": 121313.2,
                    "Total Cost": 121313.2,
                    "Plan Rows": 356574,
                    "Plan Width": 8,
                    "Actual Startup Time": 661.64,
                    "Actual Total Time": 661.951,
                    "Actual Rows": 419977,
                    "Actual Loops": 2,
                    "Hash Buckets": 1048576,
                    "Original Hash Buckets": 1048576,
                    "Hash Batches": 1,
                    "Original Hash Batches": 1,
                    "Peak Memory Usage": 41088,
                    "Plans": [
                      {
                        "Node Type": "Hash Join",
                        "Parent Relationship": "Outer",
                        "Parallel Aware": true,
                        "Join Type": "Inner",
                        "Startup Cost": 60788.5,
                        "Total Cost": 121313.2,
                        "Plan Rows": 356574,
                        "Plan Width": 8,
                        "Actual Startup Time": 268.642,
                        "Actual Total Time": 580.495,
                        "Actual Rows": 419977,
                        "Actual Loops": 2,
                        "Inner Unique": true,
                        "Hash Cond": "(mk.movie_id = t.id)",
                        "Plans": [
                          {
                            "Node Type": "Seq Scan",
                            "Parent Relationship": "Outer",
                            "Parallel Aware": true,
                            "Relation Name": "movie_keyword",
                            "Alias": "mk",
                            "Startup Cost": 0.0,
                            "Total Cost": 57718.19,
                            "Plan Rows": 1069147,
                            "Plan Width": 4,
                            "Actual Startup Time": 0.715,
                            "Actual Total Time": 181.427,
                            "Actual Rows": 913185,
                            "Actual Loops": 2,
                            "Filter": "(keyword_id > 7633)",
                            "Rows Removed by Filter": 1348780
                          },
                          {
                            "Node Type": "Hash",
                            "Parent Relationship": "Inner",
                            "Parallel Aware": true,
                            "Startup Cost": 54588.39,
                            "Total Cost": 54588.39,
                            "Plan Rows": 496009,
                            "Plan Width": 4,
                            "Actual Startup Time": 262.188,
                            "Actual Total Time": 262.19,
                            "Actual Rows": 424570,
                            "Actual Loops": 2,
                            "Hash Buckets": 1048576,
                            "Original Hash Buckets": 1048576,
                            "Hash Batches": 1,
                            "Original Hash Batches": 1,
                            "Peak Memory Usage": 41440,
                            "Plans": [
                              {
                                "Node Type": "Seq Scan",
                                "Parent Relationship": "Outer",
                                "Parallel Aware": true,
                                "Relation Name": "title",
                                "Alias": "t",
                                "Startup Cost": 0.0,
                                "Total Cost": 54588.39,
                                "Plan Rows": 496009,
                                "Plan Width": 4,
                                "Actual Startup Time": 0.037,
                                "Actual Total Time": 155.718,
                                "Actual Rows": 424570,
                                "Actual Loops": 2,
                                "Filter": "(production_year < 1996)",
                                "Rows Removed by Filter": 839586
                              }
                            ]
                          }
                        ]
                      }
                    ]
                  }
                ]
              }
            ]
          }
        ]
      }
    ]
  },
  "Planning Time": 0.914,
  "Triggers": [],
  "Execution Time": 888.93
}