[
  {
    "Plan": {
      "Node Type": "Aggregate",
      "Strategy": "Plain",
      "Partial Mode": "Finalize",
      "Parallel Aware": false,
      "Startup Cost": 79247.87,
      "Total Cost": 79247.88,
      "Plan Rows": 1,
      "Plan Width": 8,
      "Actual Startup Time": 305.988,
      "Actual Total Time": 320.564,
      "Actual Rows": 1,
      "Actual Loops": 1,
      "Plans": [
        {
          "Node Type": "Gather",
          "Parent Relationship": "Outer",
          "Parallel Aware": false,
          "Startup Cost": 79247.56,
          "Total Cost": 79247.87,
          "Plan Rows": 3,
          "Plan Width": 8,
          "Actual Startup Time": 302.669,
          "Actual Total Time": 320.556,
          "Actual Rows": 4,
          "Actual Loops": 1,
          "Workers Planned": 3,
          "Workers Launched": 3,
          "Single Copy": false,
          "Plans": [
            {
              "Node Type": "Aggregate",
              "Strategy": "Plain",
              "Partial Mode": "Partial",
              "Parent Relationship": "Outer",
              "Parallel Aware": false,
              "Startup Cost": 78247.56,
              "Total Cost": 78247.57,
              "Plan Rows": 1,
              "Plan Width": 8,
              "Actual Startup Time": 293.521,
              "Actual Total Time": 293.525,
              "Actual Rows": 1,
              "Actual Loops": 4,
              "Plans": [
                {
                  "Node Type": "Hash Join",
                  "Parent Relationship": "Outer",
                  "Parallel Aware": true,
                  "Join Type": "Inner",
                  "Startup Cost": 47536.87,
                  "Total Cost": 77969.31,
                  "Plan Rows": 111298,
                  "Plan Width": 0,
                  "Actual Startup Time": 185.003,
                  "Actual Total Time": 288.128,
                  "Actual Rows": 136492,
                  "Actual Loops": 4,
                  "Inner Unique": true,
                  "Hash Cond": "(mc.movie_id = t.id)",
                  "Plans": [
                    {
                      "Node Type": "Seq Scan",
                      "Parent Relationship": "Outer",
                      "Parallel Aware": true,
                      "Relation Name": "movie_companies",
                      "Alias": "mc",
                      "Startup Cost": 0.0,
                      "Total Cost": 29310.68,
                      "Plan Rows": 427336,
                      "Plan Width": 4,
                      "Actual Startup Time": 28.601,
                      "Actual Total Time": 63.989,
                      "Actual Rows": 333721,
                      "Actual Loops": 4,
                      "Filter": "(company_type_id > 1)",
                      "Rows Removed by Filter": 318562
                    },
                    {
                      "Node Type": "Hash",
                      "Parent Relationship": "Inner",
                      "Parallel Aware": true,
                      "Startup Cost": 45479.1,
                      "Total Cost": 45479.1,
                      "Plan Rows": 164622,
                      "Plan Width": 4,
                      "Actual Startup Time": 151.294,
                      "Actual Total Time": 151.295,
                      "Actual Rows": 133680,
                      "Actual Loops": 4,
                      "Hash Buckets": 1048576,
                      "Original Hash Buckets": 1048576,
                      "Hash Batches": 1,
                      "Original Hash Batches": 1,
                      "Peak Memory Usage": 29152,
                      "Plans": [
                        {
                          "Node Type": "Seq Scan",
                          "Parent Relationship": "Outer",
                          "Parallel Aware": true,
                          "Relation Name": "title",
                          "Alias": "t",
                          "Startup Cost": 0.0,
                          "Total Cost": 45479.1,
                          "Plan Rows": 164622,
                          "Plan Width": 4,
                          "Actual Startup Time": 0.038,
                          "Actual Total Time": 101.416,
                          "Actual Rows": 133680,
                          "Actual Loops": 4,
                          "Filter": "((kind_id < 4) AND (production_year > 1980))",
                          "Rows Removed by Filter": 498398
                        }
                      ]
                    }
                  ]
                }
              ]
            }
          ]
        }
      ]
    },
    "Planning Time": 0.651,
    "Triggers": [],
    "Execution Time": 320.635
  }
]