{
  "Plan": {
    "Node Type": "Aggregate",
    "Strategy": "Plain",
    "Partial Mode": "Finalize",
    "Parallel Aware": false,
    "Startup Cost": 61795.32,
    "Total Cost": 61795.33,
    "Plan Rows": 1,
    "Plan Width": 8,
    "Actual Startup Time": 61.08,
    "Actual Total Time": 68.749,
    "Actual Rows": 1,
    "Actual Loops": 1,
    "Plans": [
      {
        "Node Type": "Gather",
        "Parent Relationship": "Outer",
        "Parallel Aware": false,
        "Startup Cost": 61795.21,
        "Total Cost": 61795.32,
        "Plan Rows": 1,
        "Plan Width": 8,
        "Actual Startup Time": 60.975,
        "Actual Total Time": 68.744,
        "Actual Rows": 2,
        "Actual Loops": 1,
        "Workers Planned": 1,
        "Workers Launched": 1,
        "Single Copy": false,
        "Plans": [
          {
            "Node Type": "Aggregate",
            "Strategy": "Plain",
            "Partial Mode": "Partial",
            "Parent Relationship": "Outer",
            "Parallel Aware": false,
            "Startup Cost": 60795.21,
            "Total Cost": 60795.22,
            "Plan Rows": 1,
            "Plan Width": 8,
            "Actual Startup Time": 55.006,
            "Actual Total Time": 55.007,
            "Actual Rows": 1,
            "Actual Loops": 2,
            "Plans": [
              {
                "Node Type": "Nested Loop",
                "Parent Relationship": "Outer",
                "Parallel Aware": false,
                "Join Type": "Inner",
                "Startup Cost": 233.0,
                "Total Cost": 60779.24,
                "Plan Rows": 6386,
                "Plan Width": 0,
                "Actual Startup Time": 6.044,
                "Actual Total Time": 54.428,
                "Actual Rows": 5400,
                "Actual Loops": 2,
                "Inner Unique": true,
                "Plans": [
                  {
                    "Node Type": "Bitmap Heap Scan",
                    "Parent Relationship": "Outer",
                    "Parallel Aware": true,
                    "Relation Name": "movie_keyword",
                    "Alias": "mk",
                    "Startup Cost": 232.57,
                    "Total Cost": 19785.49,
                    "Plan Rows": 6386,
                    "Plan Width": 4,
                    "Actual Startup Time": 5.886,
                    "Actual Total Time": 19.673,
                    "Actual Rows": 5400,
                    "Actual Loops": 2,
                    "Recheck Cond": "(keyword_id = 347)",
                    "Rows Removed by Index Recheck": 0,
                    "Exact Heap Blocks": 6354,
                    "Lossy Heap Blocks": 0,
                    "Plans": [
                      {
                        "Node Type": "Bitmap Index Scan",
                        "Parent Relationship": "Outer",
                        "Parallel Aware": false,
                        "Index Name": "keyword_id_movie_keyword",
                        "Startup Cost": 0.0,
                        "Total Cost": 229.86,
                        "Plan Rows": 10857,
                        "Plan Width": 0,
                        "Actual Startup Time": 7.396,
                        "Actual Total Time": 7.397,
                        "Actual Rows": 10799,
                        "Actual Loops": 1,
                        "Index Cond": "(keyword_id = 347)"
                      }
                    ]
                  },
                  {
                    "Node Type": "Index Only Scan",
                    "Parent Relationship": "Inner",
                    "Parallel Aware": false,
                    "Scan Direction": "Forward",
                    "Index Name": "title_pkey",
                    "Relation Name": "title",
                    "Alias": "t",
                    "Startup Cost": 0.43,
                    "Total Cost": 6.42,
                    "Plan Rows": 1,
                    "Plan Width": 4,
                    "Actual Startup Time": 0.006,
                    "Actual Total Time": 0.006,
                    "Actual Rows": 1,
                    "Actual Loops": 10799,
                    "Index Cond": "(id = mk.movie_id)",
                    "Rows Removed by Index Recheck": 0,
                    "Heap Fetches": 10799
                  }
                ]
              }
            ]
          }
        ]
      }
    ]
  },
  "Planning Time": 0.582,
  "Triggers": [],
  "Execution Time": 68.832
}