[
  {
    "Plan": {
      "Node Type": "Aggregate",
      "Strategy": "Plain",
      "Partial Mode": "Finalize",
      "Parallel Aware": false,
      "Startup Cost": 328224.75,
      "Total Cost": 328224.76,
      "Plan Rows": 1,
      "Plan Width": 8,
      "Actual Startup Time": 256.78,
      "Actual Total Time": 298.987,
      "Actual Rows": 1,
      "Actual Loops": 1,
      "Plans": [
        {
          "Node Type": "Gather",
          "Parent Relationship": "Outer",
          "Parallel Aware": false,
          "Startup Cost": 328224.33,
          "Total Cost": 328224.74,
          "Plan Rows": 4,
          "Plan Width": 8,
          "Actual Startup Time": 256.627,
          "Actual Total Time": 298.977,
          "Actual Rows": 5,
          "Actual Loops": 1,
          "Workers Planned": 4,
          "Workers Launched": 4,
          "Single Copy": false,
          "Plans": [
            {
              "Node Type": "Aggregate",
              "Strategy": "Plain",
              "Partial Mode": "Partial",
              "Parent Relationship": "Outer",
              "Parallel Aware": false,
              "Startup Cost": 327224.33,
              "Total Cost": 327224.34,
              "Plan Rows": 1,
              "Plan Width": 8,
              "Actual Startup Time": 246.874,
              "Actual Total Time": 246.876,
              "Actual Rows": 1,
              "Actual Loops": 5,
              "Plans": [
                {
                  "Node Type": "Nested Loop",
                  "Parent Relationship": "Outer",
                  "Parallel Aware": false,
                  "Join Type": "Inner",
                  "Startup Cost": 0.56,
                  "Total Cost": 327105.0,
                  "Plan Rows": 47733,
                  "Plan Width": 0,
                  "Actual Startup Time": 0.665,
                  "Actual Total Time": 244.034,
                  "Actual Rows": 39670,
                  "Actual Loops": 5,
                  "Inner Unique": false,
                  "Plans": [
                    {
                      "Node Type": "Seq Scan",
                      "Parent Relationship": "Outer",
                      "Parallel Aware": true,
                      "Relation Name": "title",
                      "Alias": "t",
                      "Startup Cost": 0.0,
                      "Total Cost": 45479.1,
                      "Plan Rows": 5558,
                      "Plan Width": 4,
                      "Actual Startup Time": 0.131,
                      "Actual Total Time": 64.763,
                      "Actual Rows": 4860,
                      "Actual Loops": 5,
                      "Filter": "((kind_id = 7) AND (production_year = 1996))",
                      "Rows Removed by Filter": 500802
                    },
                    {
                      "Node Type": "Index Scan",
                      "Parent Relationship": "Inner",
                      "Parallel Aware": false,
                      "Scan Direction": "Forward",
                      "Index Name": "movie_id_cast_info",
                      "Relation Name": "cast_info",
                      "Alias": "ci",
                      "Startup Cost": 0.56,
                      "Total Cost": 50.45,
                      "Plan Rows": 22,
                      "Plan Width": 4,
                      "Actual Startup Time": 0.017,
                      "Actual Total Time": 0.036,
                      "Actual Rows": 8,
                      "Actual Loops": 24301,
                      "Index Cond": "(movie_id = t.id)",
                      "Rows Removed by Index Recheck": 0,
                      "Filter": "(person_id > 1430343)",
                      "Rows Removed by Filter": 6
                    }
                  ]
                }
              ]
            }
          ]
        }
      ]
    },
    "Planning Time": 0.697,
    "Triggers": [],
    "Execution Time": 299.158
  }
]