{
  "Plan": {
    "Node Type": "Aggregate",
    "Strategy": "Plain",
    "Partial Mode": "Finalize",
    "Parallel Aware": false,
    "Startup Cost": 285735.57,
    "Total Cost": 285735.58,
    "Plan Rows": 1,
    "Plan Width": 8,
    "Actual Startup Time": 3844.236,
    "Actual Total Time": 3889.879,
    "Actual Rows": 1,
    "Actual Loops": 1,
    "Plans": [
      {
        "Node Type": "Gather",
        "Parent Relationship": "Outer",
        "Parallel Aware": false,
        "Startup Cost": 285735.45,
        "Total Cost": 285735.56,
        "Plan Rows": 1,
        "Plan Width": 8,
        "Actual Startup Time": 3843.43,
        "Actual Total Time": 3889.872,
        "Actual Rows": 2,
        "Actual Loops": 1,
        "Workers Planned": 1,
        "Workers Launched": 1,
        "Single Copy": false,
        "Plans": [
          {
            "Node Type": "Aggregate",
            "Strategy": "Plain",
            "Partial Mode": "Partial",
            "Parent Relationship": "Outer",
            "Parallel Aware": false,
            "Startup Cost": 284735.45,
            "Total Cost": 284735.46,
            "Plan Rows": 1,
            "Plan Width": 8,
            "Actual Startup Time": 3837.042,
            "Actual Total Time": 3837.046,
            "Actual Rows": 1,
            "Actual Loops": 2,
            "Plans": [
              {
                "Node Type": "Nested Loop",
                "Parent Relationship": "Outer",
                "Parallel Aware": false,
                "Join Type": "Inner",
                "Startup Cost": 59824.13,
                "Total Cost": 283680.67,
                "Plan Rows": 421913,
                "Plan Width": 0,
                "Actual Startup Time": 184.874,
                "Actual Total Time": 3428.148,
                "Actual Rows": 9281542,
                "Actual Loops": 2,
                "Inner Unique": false,
                "Join Filter": "(t.id = mi.movie_id)",
                "Rows Removed by Join Filter": 0,
                "Plans": [
                  {
                    "Node Type": "Hash Join",
                    "Parent Relationship": "Outer",
                    "Parallel Aware": true,
                    "Join Type": "Inner",
                    "Startup Cost": 59823.69,
                    "Total Cost": 119862.67,
                    "Plan Rows": 72155,
                    "Plan Width": 8,
                    "Actual Startup Time": 184.81,
                    "Actual Total Time": 466.075,
                    "Actual Rows": 198126,
                    "Actual Loops": 2,
                    "Inner Unique": true,
                    "Hash Cond": "(mk.movie_id = t.id)",
                    "Plans": [
                      {
                        "Node Type": "Seq Scan",
                        "Parent Relationship": "Outer",
                        "Parallel Aware": true,
                        "Relation Name": "movie_keyword",
                        "Alias": "mk",
                        "Startup Cost": 0.0,
                        "Total Cost": 57718.19,
                        "Plan Rows": 884108,
                        "Plan Width": 4,
                        "Actual Startup Time": 1.004,
                        "Actual Total Time": 170.119,
                        "Actual Rows": 757298,
                        "Actual Loops": 2,
                        "Filter": "(keyword_id > 10688)",
                        "Rows Removed by Filter": 1504667
                      },
                      {
                        "Node Type": "Hash",
                        "Parent Relationship": "Inner",
                        "Parallel Aware": true,
                        "Startup Cost": 58306.47,
                        "Total Cost": 58306.47,
                        "Plan Rows": 121378,
                        "Plan Width": 4,
                        "Actual Startup Time": 179.996,
                        "Actual Total Time": 179.997,
                        "Actual Rows": 160290,
                        "Actual Loops": 2,
                        "Hash Buckets": 524288,
                        "Original Hash Buckets": 262144,
                        "Hash Batches": 1,
                        "Original Hash Batches": 1,
                        "Peak Memory Usage": 18720,
                        "Plans": [
                          {
                            "Node Type": "Seq Scan",
                            "Parent Relationship": "Outer",
                            "Parallel Aware": true,
                            "Relation Name": "title",
                            "Alias": "t",
                            "Startup Cost": 0.0,
                            "Total Cost": 58306.47,
                            "Plan Rows": 121378,
                            "Plan Width": 4,
                            "Actual Startup Time": 0.067,
                            "Actual Total Time": 140.958,
                            "Actual Rows": 160290,
                            "Actual Loops": 2,
                            "Filter": "((kind_id < 7) AND (production_year < 1982))",
                            "Rows Removed by Filter": 1103866
                          }
                        ]
                      }
                    ]
                  },
                  {
                    "Node Type": "Index Only Scan",
                    "Parent Relationship": "Inner",
                    "Parallel Aware": false,
                    "Scan Direction": "Forward",
                    "Index Name": "movie_id_movie_info",
                    "Relation Name": "movie_info",
                    "Alias": "mi",
                    "Startup Cost": 0.43,
                    "Total Cost": 1.75,
                    "Plan Rows": 42,
                    "Plan Width": 4,
                    "Actual Startup Time": 0.003,
                    "Actual Total Time": 0.011,
                    "Actual Rows": 47,
                    "Actual Loops": 396252,
                    "Index Cond": "(movie_id = mk.movie_id)",
                    "Rows Removed by Index Recheck": 0,
                    "Heap Fetches": 18563085
                  }
                ]
              }
            ]
          }
        ]
      }
    ]
  },
  "Planning Time": 0.946,
  "Triggers": [],
  "Execution Time": 3889.976
}