[
  {
    "Plan": {
      "Node Type": "Aggregate",
      "Strategy": "Plain",
      "Partial Mode": "Finalize",
      "Parallel Aware": false,
      "Startup Cost": 122065.52,
      "Total Cost": 122065.53,
      "Plan Rows": 1,
      "Plan Width": 8,
      "Actual Startup Time": 203.539,
      "Actual Total Time": 214.631,
      "Actual Rows": 1,
      "Actual Loops": 1,
      "Plans": [
        {
          "Node Type": "Gather",
          "Parent Relationship": "Outer",
          "Parallel Aware": false,
          "Startup Cost": 122065.0,
          "Total Cost": 122065.51,
          "Plan Rows": 5,
          "Plan Width": 8,
          "Actual Startup Time": 203.398,
          "Actual Total Time": 214.619,
          "Actual Rows": 6,
          "Actual Loops": 1,
          "Workers Planned": 5,
          "Workers Launched": 5,
          "Single Copy": false,
          "Plans": [
            {
              "Node Type": "Aggregate",
              "Strategy": "Plain",
              "Partial Mode": "Partial",
              "Parent Relationship": "Outer",
              "Parallel Aware": false,
              "Startup Cost": 121065.0,
              "Total Cost": 121065.01,
              "Plan Rows": 1,
              "Plan Width": 8,
              "Actual Startup Time": 193.256,
              "Actual Total Time": 193.257,
              "Actual Rows": 1,
              "Actual Loops": 6,
              "Plans": [
                {
                  "Node Type": "Index Scan",
                  "Parent Relationship": "Outer",
                  "Parallel Aware": true,
                  "Scan Direction": "Forward",
                  "Index Name": "role_id_cast_info",
                  "Relation Name": "cast_info",
                  "Alias": "ci",
                  "Startup Cost": 0.56,
                  "Total Cost": 119623.46,
                  "Plan Rows": 576619,
                  "Plan Width": 0,
                  "Actual Startup Time": 0.172,
                  "Actual Total Time": 161.549,
                  "Actual Rows": 640141,
                  "Actual Loops": 6,
                  "Index Cond": "(role_id = 10)",
                  "Rows Removed by Index Recheck": 0,
                  "Filter": "(person_id > 1220051)",
                  "Rows Removed by Filter": 80362
                }
              ]
            }
          ]
        }
      ]
    },
    "Planning Time": 0.239,
    "Triggers": [],
    "Execution Time": 214.698
  }
]