[
  {
    "Plan": {
      "Node Type": "Aggregate",
      "Strategy": "Plain",
      "Partial Mode": "Finalize",
      "Parallel Aware": false,
      "Startup Cost": 273797.56,
      "Total Cost": 273797.57,
      "Plan Rows": 1,
      "Plan Width": 8,
      "Actual Startup Time": 428.587,
      "Actual Total Time": 457.388,
      "Actual Rows": 1,
      "Actual Loops": 1,
      "Plans": [
        {
          "Node Type": "Gather",
          "Parent Relationship": "Outer",
          "Parallel Aware": false,
          "Startup Cost": 273797.24,
          "Total Cost": 273797.55,
          "Plan Rows": 3,
          "Plan Width": 8,
          "Actual Startup Time": 427.454,
          "Actual Total Time": 457.38,
          "Actual Rows": 4,
          "Actual Loops": 1,
          "Workers Planned": 3,
          "Workers Launched": 3,
          "Single Copy": false,
          "Plans": [
            {
              "Node Type": "Aggregate",
              "Strategy": "Plain",
              "Partial Mode": "Partial",
              "Parent Relationship": "Outer",
              "Parallel Aware": false,
              "Startup Cost": 272797.24,
              "Total Cost": 272797.25,
              "Plan Rows": 1,
              "Plan Width": 8,
              "Actual Startup Time": 417.916,
              "Actual Total Time": 417.919,
              "Actual Rows": 1,
              "Actual Loops": 4,
              "Plans": [
                {
                  "Node Type": "Nested Loop",
                  "Parent Relationship": "Outer",
                  "Parallel Aware": false,
                  "Join Type": "Inner",
                  "Startup Cost": 46009.38,
                  "Total Cost": 271414.75,
                  "Plan Rows": 552996,
                  "Plan Width": 0,
                  "Actual Startup Time": 113.262,
                  "Actual Total Time": 411.828,
                  "Actual Rows": 136456,
                  "Actual Loops": 4,
                  "Inner Unique": false,
                  "Join Filter": "(t.id = mi.movie_id)",
                  "Rows Removed by Join Filter": 0,
                  "Plans": [
                    {
                      "Node Type": "Hash Join",
                      "Parent Relationship": "Outer",
                      "Parallel Aware": true,
                      "Join Type": "Inner",
                      "Startup Cost": 46008.95,
                      "Total Cost": 92406.53,
                      "Plan Rows": 94573,
                      "Plan Width": 8,
                      "Actual Startup Time": 113.176,
                      "Actual Total Time": 297.917,
                      "Actual Rows": 16123,
                      "Actual Loops": 4,
                      "Inner Unique": true,
                      "Hash Cond": "(mk.movie_id = t.id)",
                      "Plans": [
                        {
                          "Node Type": "Seq Scan",
                          "Parent Relationship": "Outer",
                          "Parallel Aware": true,
                          "Relation Name": "movie_keyword",
                          "Alias": "mk",
                          "Startup Cost": 0.0,
                          "Total Cost": 42695.65,
                          "Plan Rows": 1410254,
                          "Plan Width": 4,
                          "Actual Startup Time": 0.027,
                          "Actual Total Time": 107.654,
                          "Actual Rows": 1093791,
                          "Actual Loops": 4,
                          "Filter": "(keyword_id < 74017)",
                          "Rows Removed by Filter": 37191
                        },
                        {
                          "Node Type": "Hash",
                          "Parent Relationship": "Inner",
                          "Parallel Aware": true,
                          "Startup Cost": 45479.1,
                          "Total Cost": 45479.1,
                          "Plan Rows": 42388,
                          "Plan Width": 4,
                          "Actual Startup Time": 110.77,
                          "Actual Total Time": 110.771,
                          "Actual Rows": 42517,
                          "Actual Loops": 4,
                          "Hash Buckets": 262144,
                          "Original Hash Buckets": 262144,
                          "Hash Batches": 1,
                          "Original Hash Batches": 1,
                          "Peak Memory Usage": 8768,
                          "Plans": [
                            {
                              "Node Type": "Seq Scan",
                              "Parent Relationship": "Outer",
                              "Parallel Aware": true,
                              "Relation Name": "title",
                              "Alias": "t",
                              "Startup Cost": 0.0,
                              "Total Cost": 45479.1,
                              "Plan Rows": 42388,
                              "Plan Width": 4,
                              "Actual Startup Time": 0.034,
                              "Actual Total Time": 94.849,
                              "Actual Rows": 42517,
                              "Actual Loops": 4,
                              "Filter": "((kind_id > 1) AND (production_year > 2011))",
                              "Rows Removed by Filter": 589561
                            }
                          ]
                        }
                      ]
                    },
                    {
                      "Node Type": "Index Only Scan",
                      "Parent Relationship": "Inner",
                      "Parallel Aware": false,
                      "Scan Direction": "Forward",
                      "Index Name": "movie_id_movie_info",
                      "Relation Name": "movie_info",
                      "Alias": "mi",
                      "Startup Cost": 0.43,
                      "Total Cost": 1.37,
                      "Plan Rows": 42,
                      "Plan Width": 4,
                      "Actual Startup Time": 0.003,
                      "Actual Total Time": 0.006,
                      "Actual Rows": 8,
                      "Actual Loops": 64491,
                      "Index Cond": "(movie_id = mk.movie_id)",
                      "Rows Removed by Index Recheck": 0,
                      "Heap Fetches": 545823
                    }
                  ]
                }
              ]
            }
          ]
        }
      ]
    },
    "Planning Time": 1.415,
    "Triggers": [],
    "Execution Time": 457.48
  }
]