[
  {
    "Plan": {
      "Node Type": "Aggregate",
      "Strategy": "Plain",
      "Partial Mode": "Finalize",
      "Parallel Aware": false,
      "Startup Cost": 32733.02,
      "Total Cost": 32733.03,
      "Plan Rows": 1,
      "Plan Width": 8,
      "Actual Startup Time": 89.738,
      "Actual Total Time": 97.482,
      "Actual Rows": 1,
      "Actual Loops": 1,
      "Plans": [
        {
          "Node Type": "Gather",
          "Parent Relationship": "Outer",
          "Parallel Aware": false,
          "Startup Cost": 32732.7,
          "Total Cost": 32733.01,
          "Plan Rows": 3,
          "Plan Width": 8,
          "Actual Startup Time": 89.6,
          "Actual Total Time": 97.473,
          "Actual Rows": 4,
          "Actual Loops": 1,
          "Workers Planned": 3,
          "Workers Launched": 3,
          "Single Copy": false,
          "Plans": [
            {
              "Node Type": "Aggregate",
              "Strategy": "Plain",
              "Partial Mode": "Partial",
              "Parent Relationship": "Outer",
              "Parallel Aware": false,
              "Startup Cost": 31732.7,
              "Total Cost": 31732.71,
              "Plan Rows": 1,
              "Plan Width": 8,
              "Actual Startup Time": 82.943,
              "Actual Total Time": 82.944,
              "Actual Rows": 1,
              "Actual Loops": 4,
              "Plans": [
                {
                  "Node Type": "Seq Scan",
                  "Parent Relationship": "Outer",
                  "Parallel Aware": true,
                  "Relation Name": "movie_companies",
                  "Alias": "mc",
                  "Startup Cost": 0.0,
                  "Total Cost": 31414.82,
                  "Plan Rows": 127152,
                  "Plan Width": 0,
                  "Actual Startup Time": 0.037,
                  "Actual Total Time": 73.195,
                  "Actual Rows": 140031,
                  "Actual Loops": 4,
                  "Filter": "((company_id < 1710) AND (company_type_id = 1))",
                  "Rows Removed by Filter": 512252
                }
              ]
            }
          ]
        }
      ]
    },
    "Planning Time": 0.218,
    "Triggers": [],
    "Execution Time": 97.54
  }
]