{
  "Plan": {
    "Node Type": "Aggregate",
    "Strategy": "Plain",
    "Partial Mode": "Finalize",
    "Parallel Aware": false,
    "Startup Cost": 40590.86,
    "Total Cost": 40590.87,
    "Plan Rows": 1,
    "Plan Width": 8,
    "Actual Startup Time": 91.41,
    "Actual Total Time": 105.883,
    "Actual Rows": 1,
    "Actual Loops": 1,
    "Plans": [
      {
        "Node Type": "Gather",
        "Parent Relationship": "Outer",
        "Parallel Aware": false,
        "Startup Cost": 40590.75,
        "Total Cost": 40590.86,
        "Plan Rows": 1,
        "Plan Width": 8,
        "Actual Startup Time": 90.553,
        "Actual Total Time": 105.877,
        "Actual Rows": 2,
        "Actual Loops": 1,
        "Workers Planned": 1,
        "Workers Launched": 1,
        "Single Copy": false,
        "Plans": [
          {
            "Node Type": "Aggregate",
            "Strategy": "Plain",
            "Partial Mode": "Partial",
            "Parent Relationship": "Outer",
            "Parallel Aware": false,
            "Startup Cost": 39590.75,
            "Total Cost": 39590.76,
            "Plan Rows": 1,
            "Plan Width": 8,
            "Actual Startup Time": 84.927,
            "Actual Total Time": 84.928,
            "Actual Rows": 1,
            "Actual Loops": 2,
            "Plans": [
              {
                "Node Type": "Nested Loop",
                "Parent Relationship": "Outer",
                "Parallel Aware": false,
                "Join Type": "Inner",
                "Startup Cost": 112.52,
                "Total Cost": 39521.07,
                "Plan Rows": 27872,
                "Plan Width": 0,
                "Actual Startup Time": 2.165,
                "Actual Total Time": 83.129,
                "Actual Rows": 25236,
                "Actual Loops": 2,
                "Inner Unique": false,
                "Plans": [
                  {
                    "Node Type": "Nested Loop",
                    "Parent Relationship": "Outer",
                    "Parallel Aware": false,
                    "Join Type": "Inner",
                    "Startup Cost": 111.95,
                    "Total Cost": 33140.25,
                    "Plan Rows": 2967,
                    "Plan Width": 8,
                    "Actual Startup Time": 1.81,
                    "Actual Total Time": 15.307,
                    "Actual Rows": 2574,
                    "Actual Loops": 2,
                    "Inner Unique": true,
                    "Plans": [
                      {
                        "Node Type": "Bitmap Heap Scan",
                        "Parent Relationship": "Outer",
                        "Parallel Aware": true,
                        "Relation Name": "movie_companies",
                        "Alias": "mc",
                        "Startup Cost": 111.52,
                        "Total Cost": 11448.21,
                        "Plan Rows": 2967,
                        "Plan Width": 4,
                        "Actual Startup Time": 1.669,
                        "Actual Total Time": 3.554,
                        "Actual Rows": 2574,
                        "Actual Loops": 2,
                        "Recheck Cond": "(company_id = 1427)",
                        "Rows Removed by Index Recheck": 0,
                        "Exact Heap Blocks": 726,
                        "Lossy Heap Blocks": 0,
                        "Plans": [
                          {
                            "Node Type": "Bitmap Index Scan",
                            "Parent Relationship": "Outer",
                            "Parallel Aware": false,
                            "Index Name": "company_id_movie_companies",
                            "Startup Cost": 0.0,
                            "Total Cost": 110.26,
                            "Plan Rows": 5044,
                            "Plan Width": 0,
                            "Actual Startup Time": 2.652,
                            "Actual Total Time": 2.652,
                            "Actual Rows": 5148,
                            "Actual Loops": 1,
                            "Index Cond": "(company_id = 1427)"
                          }
                        ]
                      },
                      {
                        "Node Type": "Index Only Scan",
                        "Parent Relationship": "Inner",
                        "Parallel Aware": false,
                        "Scan Direction": "Forward",
                        "Index Name": "title_pkey",
                        "Relation Name": "title",
                        "Alias": "t",
                        "Startup Cost": 0.43,
                        "Total Cost": 7.31,
                        "Plan Rows": 1,
                        "Plan Width": 4,
                        "Actual Startup Time": 0.004,
                        "Actual Total Time": 0.004,
                        "Actual Rows": 1,
                        "Actual Loops": 5148,
                        "Index Cond": "(id = mc.movie_id)",
                        "Rows Removed by Index Recheck": 0,
                        "Heap Fetches": 5148
                      }
                    ]
                  },
                  {
                    "Node Type": "Index Scan",
                    "Parent Relationship": "Inner",
                    "Parallel Aware": false,
                    "Scan Direction": "Forward",
                    "Index Name": "movie_id_cast_info",
                    "Relation Name": "cast_info",
                    "Alias": "ci",
                    "Startup Cost": 0.56,
                    "Total Cost": 1.91,
                    "Plan Rows": 24,
                    "Plan Width": 4,
                    "Actual Startup Time": 0.011,
                    "Actual Total Time": 0.025,
                    "Actual Rows": 10,
                    "Actual Loops": 5148,
                    "Index Cond": "(movie_id = t.id)",
                    "Rows Removed by Index Recheck": 0,
                    "Filter": "(person_id > 1228392)",
                    "Rows Removed by Filter": 7
                  }
                ]
              }
            ]
          }
        ]
      }
    ]
  },
  "Planning Time": 1.0,
  "Triggers": [],
  "Execution Time": 105.979
}