[
  {
    "Plan": {
      "Node Type": "Aggregate",
      "Strategy": "Plain",
      "Partial Mode": "Finalize",
      "Parallel Aware": false,
      "Startup Cost": 31295.21,
      "Total Cost": 31295.22,
      "Plan Rows": 1,
      "Plan Width": 8,
      "Actual Startup Time": 89.139,
      "Actual Total Time": 97.747,
      "Actual Rows": 1,
      "Actual Loops": 1,
      "Plans": [
        {
          "Node Type": "Gather",
          "Parent Relationship": "Outer",
          "Parallel Aware": false,
          "Startup Cost": 31294.89,
          "Total Cost": 31295.2,
          "Plan Rows": 3,
          "Plan Width": 8,
          "Actual Startup Time": 88.995,
          "Actual Total Time": 97.737,
          "Actual Rows": 4,
          "Actual Loops": 1,
          "Workers Planned": 3,
          "Workers Launched": 3,
          "Single Copy": false,
          "Plans": [
            {
              "Node Type": "Aggregate",
              "Strategy": "Plain",
              "Partial Mode": "Partial",
              "Parent Relationship": "Outer",
              "Parallel Aware": false,
              "Startup Cost": 30294.89,
              "Total Cost": 30294.9,
              "Plan Rows": 1,
              "Plan Width": 8,
              "Actual Startup Time": 85.525,
              "Actual Total Time": 85.526,
              "Actual Rows": 1,
              "Actual Loops": 4,
              "Plans": [
                {
                  "Node Type": "Seq Scan",
                  "Parent Relationship": "Outer",
                  "Parallel Aware": true,
                  "Relation Name": "movie_companies",
                  "Alias": "mc",
                  "Startup Cost": 0.0,
                  "Total Cost": 29310.68,
                  "Plan Rows": 393683,
                  "Plan Width": 0,
                  "Actual Startup Time": 11.344,
                  "Actual Total Time": 71.77,
                  "Actual Rows": 302592,
                  "Actual Loops": 4,
                  "Filter": "(company_id > 12173)",
                  "Rows Removed by Filter": 349690
                }
              ]
            }
          ]
        }
      ]
    },
    "Planning Time": 0.093,
    "Triggers": [],
    "Execution Time": 97.786
  }
]