[
  {
    "Plan": {
      "Node Type": "Aggregate",
      "Strategy": "Plain",
      "Partial Mode": "Finalize",
      "Parallel Aware": false,
      "Startup Cost": 76802.91,
      "Total Cost": 76802.92,
      "Plan Rows": 1,
      "Plan Width": 8,
      "Actual Startup Time": 345.292,
      "Actual Total Time": 363.747,
      "Actual Rows": 1,
      "Actual Loops": 1,
      "Plans": [
        {
          "Node Type": "Gather",
          "Parent Relationship": "Outer",
          "Parallel Aware": false,
          "Startup Cost": 76802.59,
          "Total Cost": 76802.9,
          "Plan Rows": 3,
          "Plan Width": 8,
          "Actual Startup Time": 343.602,
          "Actual Total Time": 363.734,
          "Actual Rows": 4,
          "Actual Loops": 1,
          "Workers Planned": 3,
          "Workers Launched": 3,
          "Single Copy": false,
          "Plans": [
            {
              "Node Type": "Aggregate",
              "Strategy": "Plain",
              "Partial Mode": "Partial",
              "Parent Relationship": "Outer",
              "Parallel Aware": false,
              "Startup Cost": 75802.59,
              "Total Cost": 75802.6,
              "Plan Rows": 1,
              "Plan Width": 8,
              "Actual Startup Time": 339.58,
              "Actual Total Time": 339.652,
              "Actual Rows": 1,
              "Actual Loops": 4,
              "Plans": [
                {
                  "Node Type": "Hash Join",
                  "Parent Relationship": "Outer",
                  "Parallel Aware": true,
                  "Join Type": "Inner",
                  "Startup Cost": 46195.94,
                  "Total Cost": 75611.83,
                  "Plan Rows": 76307,
                  "Plan Width": 0,
                  "Actual Startup Time": 141.646,
                  "Actual Total Time": 330.571,
                  "Actual Rows": 178634,
                  "Actual Loops": 4,
                  "Inner Unique": true,
                  "Hash Cond": "(mc.movie_id = t.id)",
                  "Plans": [
                    {
                      "Node Type": "Seq Scan",
                      "Parent Relationship": "Outer",
                      "Parallel Aware": true,
                      "Relation Name": "movie_companies",
                      "Alias": "mc",
                      "Startup Cost": 0.0,
                      "Total Cost": 27206.55,
                      "Plan Rows": 841655,
                      "Plan Width": 4,
                      "Actual Startup Time": 0.009,
                      "Actual Total Time": 62.924,
                      "Actual Rows": 652282,
                      "Actual Loops": 4
                    },
                    {
                      "Node Type": "Hash",
                      "Parent Relationship": "Inner",
                      "Parallel Aware": true,
                      "Startup Cost": 45479.59,
                      "Total Cost": 45479.59,
                      "Plan Rows": 57308,
                      "Plan Width": 4,
                      "Actual Startup Time": 139.784,
                      "Actual Total Time": 139.785,
                      "Actual Rows": 87411,
                      "Actual Loops": 4,
                      "Hash Buckets": 524288,
                      "Original Hash Buckets": 262144,
                      "Hash Batches": 1,
                      "Original Hash Batches": 1,
                      "Peak Memory Usage": 19872,
                      "Plans": [
                        {
                          "Node Type": "Seq Scan",
                          "Parent Relationship": "Outer",
                          "Parallel Aware": true,
                          "Relation Name": "title",
                          "Alias": "t",
                          "Startup Cost": 0.0,
                          "Total Cost": 45479.59,
                          "Plan Rows": 57308,
                          "Plan Width": 4,
                          "Actual Startup Time": 0.063,
                          "Actual Total Time": 100.572,
                          "Actual Rows": 87411,
                          "Actual Loops": 4,
                          "Filter": "((kind_id < 7) AND (production_year < 1986))",
                          "Rows Removed by Filter": 544667
                        }
                      ]
                    }
                  ]
                }
              ]
            }
          ]
        }
      ]
    },
    "Planning Time": 0.543,
    "Triggers": [],
    "Execution Time": 363.811
  }
]