{
  "Plan": {
    "Node Type": "Aggregate",
    "Strategy": "Plain",
    "Partial Mode": "Finalize",
    "Parallel Aware": false,
    "Startup Cost": 206599.07,
    "Total Cost": 206599.08,
    "Plan Rows": 1,
    "Plan Width": 8,
    "Actual Startup Time": 151.502,
    "Actual Total Time": 160.73,
    "Actual Rows": 1,
    "Actual Loops": 1,
    "Plans": [
      {
        "Node Type": "Gather",
        "Parent Relationship": "Outer",
        "Parallel Aware": false,
        "Startup Cost": 206598.95,
        "Total Cost": 206599.06,
        "Plan Rows": 1,
        "Plan Width": 8,
        "Actual Startup Time": 151.275,
        "Actual Total Time": 160.72,
        "Actual Rows": 2,
        "Actual Loops": 1,
        "Workers Planned": 1,
        "Workers Launched": 1,
        "Single Copy": false,
        "Plans": [
          {
            "Node Type": "Aggregate",
            "Strategy": "Plain",
            "Partial Mode": "Partial",
            "Parent Relationship": "Outer",
            "Parallel Aware": false,
            "Startup Cost": 205598.95,
            "Total Cost": 205598.96,
            "Plan Rows": 1,
            "Plan Width": 8,
            "Actual Startup Time": 145.54,
            "Actual Total Time": 145.542,
            "Actual Rows": 1,
            "Actual Loops": 2,
            "Plans": [
              {
                "Node Type": "Nested Loop",
                "Parent Relationship": "Outer",
                "Parallel Aware": false,
                "Join Type": "Inner",
                "Startup Cost": 0.43,
                "Total Cost": 205583.56,
                "Plan Rows": 6157,
                "Plan Width": 0,
                "Actual Startup Time": 0.993,
                "Actual Total Time": 145.51,
                "Actual Rows": 104,
                "Actual Loops": 2,
                "Inner Unique": false,
                "Plans": [
                  {
                    "Node Type": "Seq Scan",
                    "Parent Relationship": "Outer",
                    "Parallel Aware": true,
                    "Relation Name": "title",
                    "Alias": "t",
                    "Startup Cost": 0.0,
                    "Total Cost": 58306.47,
                    "Plan Rows": 1053,
                    "Plan Width": 4,
                    "Actual Startup Time": 0.845,
                    "Actual Total Time": 144.006,
                    "Actual Rows": 72,
                    "Actual Loops": 2,
                    "Filter": "((kind_id > 4) AND (production_year > 2013))",
                    "Rows Removed by Filter": 1264084
                  },
                  {
                    "Node Type": "Index Only Scan",
                    "Parent Relationship": "Inner",
                    "Parallel Aware": false,
                    "Scan Direction": "Forward",
                    "Index Name": "movie_id_movie_info",
                    "Relation Name": "movie_info",
                    "Alias": "mi",
                    "Startup Cost": 0.43,
                    "Total Cost": 139.44,
                    "Plan Rows": 42,
                    "Plan Width": 4,
                    "Actual Startup Time": 0.017,
                    "Actual Total Time": 0.019,
                    "Actual Rows": 1,
                    "Actual Loops": 145,
                    "Index Cond": "(movie_id = t.id)",
                    "Rows Removed by Index Recheck": 0,
                    "Heap Fetches": 207
                  }
                ]
              }
            ]
          }
        ]
      }
    ]
  },
  "Planning Time": 0.448,
  "Triggers": [],
  "Execution Time": 160.803
}