[
    {
        "Bao": {
            "Bao prediction": "NaN",
            "Bao recommended hint": "(no hint)"
        }
    },
    {
        "Plan": {
            "Node Type": "Aggregate",
            "Strategy": "Plain",
            "Partial Mode": "Finalize",
            "Parallel Aware": false,
            "Startup Cost": 340441.91,
            "Total Cost": 340441.92,
            "Plan Rows": 1,
            "Plan Width": 8,
            "Actual Startup Time": 726.572,
            "Actual Total Time": 747.976,
            "Actual Rows": 1,
            "Actual Loops": 1,
            "Output": [
                "count(*)"
            ],
            "Plans": [
                {
                    "Node Type": "Gather",
                    "Parent Relationship": "Outer",
                    "Parallel Aware": false,
                    "Startup Cost": 340441.29,
                    "Total Cost": 340441.9,
                    "Plan Rows": 6,
                    "Plan Width": 8,
                    "Actual Startup Time": 726.456,
                    "Actual Total Time": 747.965,
                    "Actual Rows": 7,
                    "Actual Loops": 1,
                    "Output": [
                        "(PARTIAL count(*))"
                    ],
                    "Workers Planned": 6,
                    "Workers Launched": 6,
                    "Single Copy": false,
                    "Plans": [
                        {
                            "Node Type": "Aggregate",
                            "Strategy": "Plain",
                            "Partial Mode": "Partial",
                            "Parent Relationship": "Outer",
                            "Parallel Aware": false,
                            "Startup Cost": 339441.29,
                            "Total Cost": 339441.3,
                            "Plan Rows": 1,
                            "Plan Width": 8,
                            "Actual Startup Time": 716.679,
                            "Actual Total Time": 716.68,
                            "Actual Rows": 1,
                            "Actual Loops": 7,
                            "Output": [
                                "PARTIAL count(*)"
                            ],
                            "Workers": [
                                {
                                    "Worker Number": 0,
                                    "Actual Startup Time": 714.505,
                                    "Actual Total Time": 714.507,
                                    "Actual Rows": 1,
                                    "Actual Loops": 1
                                },
                                {
                                    "Worker Number": 1,
                                    "Actual Startup Time": 714.538,
                                    "Actual Total Time": 714.539,
                                    "Actual Rows": 1,
                                    "Actual Loops": 1
                                },
                                {
                                    "Worker Number": 2,
                                    "Actual Startup Time": 714.948,
                                    "Actual Total Time": 714.949,
                                    "Actual Rows": 1,
                                    "Actual Loops": 1
                                },
                                {
                                    "Worker Number": 3,
                                    "Actual Startup Time": 715.438,
                                    "Actual Total Time": 715.439,
                                    "Actual Rows": 1,
                                    "Actual Loops": 1
                                },
                                {
                                    "Worker Number": 4,
                                    "Actual Startup Time": 715.565,
                                    "Actual Total Time": 715.566,
                                    "Actual Rows": 1,
                                    "Actual Loops": 1
                                },
                                {
                                    "Worker Number": 5,
                                    "Actual Startup Time": 715.747,
                                    "Actual Total Time": 715.748,
                                    "Actual Rows": 1,
                                    "Actual Loops": 1
                                }
                            ],
                            "Plans": [
                                {
                                    "Node Type": "Seq Scan",
                                    "Parent Relationship": "Outer",
                                    "Parallel Aware": true,
                                    "Relation Name": "cast_info",
                                    "Schema": "public",
                                    "Alias": "ci",
                                    "Startup Cost": 0.0,
                                    "Total Cost": 328213.62,
                                    "Plan Rows": 4491068,
                                    "Plan Width": 0,
                                    "Actual Startup Time": 0.058,
                                    "Actual Total Time": 553.672,
                                    "Actual Rows": 3848080,
                                    "Actual Loops": 7,
                                    "Output": [
                                        "id",
                                        "person_id",
                                        "movie_id",
                                        "person_role_id",
                                        "note",
                                        "nr_order",
                                        "role_id"
                                    ],
                                    "Filter": "(ci.person_id < 2770832)",
                                    "Rows Removed by Filter": 1329683,
                                    "Workers": [
                                        {
                                            "Worker Number": 0,
                                            "Actual Startup Time": 0.061,
                                            "Actual Total Time": 556.818,
                                            "Actual Rows": 3726227,
                                            "Actual Loops": 1
                                        },
                                        {
                                            "Worker Number": 1,
                                            "Actual Startup Time": 0.064,
                                            "Actual Total Time": 556.549,
                                            "Actual Rows": 3711813,
                                            "Actual Loops": 1
                                        },
                                        {
                                            "Worker Number": 2,
                                            "Actual Startup Time": 0.056,
                                            "Actual Total Time": 558.616,
                                            "Actual Rows": 3595081,
                                            "Actual Loops": 1
                                        },
                                        {
                                            "Worker Number": 3,
                                            "Actual Startup Time": 0.064,
                                            "Actual Total Time": 557.107,
                                            "Actual Rows": 3742595,
                                            "Actual Loops": 1
                                        },
                                        {
                                            "Worker Number": 4,
                                            "Actual Startup Time": 0.062,
                                            "Actual Total Time": 557.281,
                                            "Actual Rows": 3559635,
                                            "Actual Loops": 1
                                        },
                                        {
                                            "Worker Number": 5,
                                            "Actual Startup Time": 0.085,
                                            "Actual Total Time": 558.718,
                                            "Actual Rows": 3675635,
                                            "Actual Loops": 1
                                        }
                                    ]
                                }
                            ]
                        }
                    ]
                }
            ]
        },
        "Planning Time": 215.233,
        "Triggers": [],
        "Execution Time": 748.044
    }
]