{
  "Plan": {
    "Node Type": "Aggregate",
    "Strategy": "Plain",
    "Partial Mode": "Simple",
    "Parallel Aware": false,
    "Startup Cost": 30000328669.86,
    "Total Cost": 30000328669.87,
    "Plan Rows": 1,
    "Plan Width": 96,
    "Actual Startup Time": 2231.386,
    "Actual Total Time": 2231.393,
    "Actual Rows": 1,
    "Actual Loops": 1,
    "Plans": [
      {
        "Node Type": "Merge Join",
        "Parent Relationship": "Outer",
        "Parallel Aware": false,
        "Join Type": "Inner",
        "Startup Cost": 30000328669.55,
        "Total Cost": 30000328669.78,
        "Plan Rows": 10,
        "Plan Width": 46,
        "Actual Startup Time": 2229.488,
        "Actual Total Time": 2230.637,
        "Actual Rows": 4388,
        "Actual Loops": 1,
        "Inner Unique": false,
        "Merge Cond": "(lt.id = ml.link_type_id)",
        "Plans": [
          {
            "Node Type": "Sort",
            "Parent Relationship": "Outer",
            "Parallel Aware": false,
            "Startup Cost": 1.56,
            "Total Cost": 1.6,
            "Plan Rows": 18,
            "Plan Width": 16,
            "Actual Startup Time": 0.086,
            "Actual Total Time": 0.089,
            "Actual Rows": 18,
            "Actual Loops": 1,
            "Sort Key": [
              "lt.id"
            ],
            "Sort Method": "quicksort",
            "Sort Space Used": 25,
            "Sort Space Type": "Memory",
            "Plans": [
              {
                "Node Type": "Seq Scan",
                "Parent Relationship": "Outer",
                "Parallel Aware": false,
                "Relation Name": "link_type",
                "Alias": "lt",
                "Startup Cost": 0.0,
                "Total Cost": 1.18,
                "Plan Rows": 18,
                "Plan Width": 16,
                "Actual Startup Time": 0.014,
                "Actual Total Time": 0.02,
                "Actual Rows": 18,
                "Actual Loops": 1
              }
            ]
          },
          {
            "Node Type": "Sort",
            "Parent Relationship": "Inner",
            "Parallel Aware": false,
            "Startup Cost": 30000328667.99,
            "Total Cost": 30000328668.02,
            "Plan Rows": 10,
            "Plan Width": 38,
            "Actual Startup Time": 2229.395,
            "Actual Total Time": 2229.769,
            "Actual Rows": 4388,
            "Actual Loops": 1,
            "Sort Key": [
              "ml.link_type_id"
            ],
            "Sort Method": "quicksort",
            "Sort Space Used": 621,
            "Sort Space Type": "Memory",
            "Plans": [
              {
                "Node Type": "Merge Join",
                "Parent Relationship": "Outer",
                "Parallel Aware": false,
                "Join Type": "Inner",
                "Startup Cost": 30000212157.45,
                "Total Cost": 30000328667.83,
                "Plan Rows": 10,
                "Plan Width": 38,
                "Actual Startup Time": 369.006,
                "Actual Total Time": 2226.431,
                "Actual Rows": 4388,
                "Actual Loops": 1,
                "Inner Unique": false,
                "Merge Cond": "(t2.id = ml.linked_movie_id)",
                "Plans": [
                  {
                    "Node Type": "Index Scan",
                    "Parent Relationship": "Outer",
                    "Parallel Aware": false,
                    "Scan Direction": "Forward",
                    "Index Name": "title_pkey",
                    "Relation Name": "title",
                    "Alias": "t2",
                    "Startup Cost": 0.43,
                    "Total Cost": 110359.06,
                    "Plan Rows": 2528509,
                    "Plan Width": 21,
                    "Actual Startup Time": 0.027,
                    "Actual Total Time": 1612.796,
                    "Actual Rows": 2523214,
                    "Actual Loops": 1
                  },
                  {
                    "Node Type": "Sort",
                    "Parent Relationship": "Inner",
                    "Parallel Aware": false,
                    "Startup Cost": 30000212143.82,
                    "Total Cost": 30000212143.85,
                    "Plan Rows": 10,
                    "Plan Width": 25,
                    "Actual Startup Time": 361.907,
                    "Actual Total Time": 363.125,
                    "Actual Rows": 4388,
                    "Actual Loops": 1,
                    "Sort Key": [
                      "ml.linked_movie_id"
                    ],
                    "Sort Method": "quicksort",
                    "Sort Space Used": 506,
                    "Sort Space Type": "Memory",
                    "Plans": [
                      {
                        "Node Type": "Nested Loop",
                        "Parent Relationship": "Outer",
                        "Parallel Aware": false,
                        "Join Type": "Inner",
                        "Startup Cost": 30000000001.15,
                        "Total Cost": 30000212143.66,
                        "Plan Rows": 10,
                        "Plan Width": 25,
                        "Actual Startup Time": 26.198,
                        "Actual Total Time": 359.487,
                        "Actual Rows": 4388,
                        "Actual Loops": 1,
                        "Inner Unique": true,
                        "Join Filter": "(mk.keyword_id = k.id)",
                        "Rows Removed by Join Filter": 283804,
                        "Plans": [
                          {
                            "Node Type": "Nested Loop",
                            "Parent Relationship": "Outer",
                            "Parallel Aware": false,
                            "Join Type": "Inner",
                            "Startup Cost": 20000000001.15,
                            "Total Cost": 20000188647.14,
                            "Plan Rows": 1391359,
                            "Plan Width": 29,
                            "Actual Startup Time": 0.296,
                            "Actual Total Time": 249.064,
                            "Actual Rows": 288192,
                            "Actual Loops": 1,
                            "Inner Unique": false,
                            "Plans": [
                              {
                                "Node Type": "Nested Loop",
                                "Parent Relationship": "Outer",
                                "Parallel Aware": false,
                                "Join Type": "Inner",
                                "Startup Cost": 10000000000.72,
                                "Total Cost": 10000135560.82,
                                "Plan Rows": 29997,
                                "Plan Width": 33,
                                "Actual Startup Time": 0.218,
                                "Actual Total Time": 96.711,
                                "Actual Rows": 29997,
                                "Actual Loops": 1,
                                "Inner Unique": true,
                                "Plans": [
                                  {
                                    "Node Type": "Index Scan",
                                    "Parent Relationship": "Outer",
                                    "Parallel Aware": false,
                                    "Scan Direction": "Forward",
                                    "Index Name": "link_type_id_movie_link",
                                    "Relation Name": "movie_link",
                                    "Alias": "ml",
                                    "Startup Cost": 0.29,
                                    "Total Cost": 1425.16,
                                    "Plan Rows": 29997,
                                    "Plan Width": 12,
                                    "Actual Startup Time": 0.102,
                                    "Actual Total Time": 10.665,
                                    "Actual Rows": 29997,
                                    "Actual Loops": 1
                                  },
                                  {
                                    "Node Type": "Index Scan",
                                    "Parent Relationship": "Inner",
                                    "Parallel Aware": false,
                                    "Scan Direction": "Forward",
                                    "Index Name": "title_pkey",
                                    "Relation Name": "title",
                                    "Alias": "t1",
                                    "Startup Cost": 0.43,
                                    "Total Cost": 4.47,
                                    "Plan Rows": 1,
                                    "Plan Width": 21,
                                    "Actual Startup Time": 0.002,
                                    "Actual Total Time": 0.002,
                                    "Actual Rows": 1,
                                    "Actual Loops": 29997,
                                    "Index Cond": "(id = ml.movie_id)",
                                    "Rows Removed by Index Recheck": 0
                                  }
                                ]
                              },
                              {
                                "Node Type": "Index Scan",
                                "Parent Relationship": "Inner",
                                "Parallel Aware": false,
                                "Scan Direction": "Forward",
                                "Index Name": "movie_id_movie_keyword",
                                "Relation Name": "movie_keyword",
                                "Alias": "mk",
                                "Startup Cost": 0.43,
                                "Total Cost": 1.31,
                                "Plan Rows": 46,
                                "Plan Width": 8,
                                "Actual Startup Time": 0.002,
                                "Actual Total Time": 0.003,
                                "Actual Rows": 10,
                                "Actual Loops": 29997,
                                "Index Cond": "(movie_id = t1.id)",
                                "Rows Removed by Index Recheck": 0
                              }
                            ]
                          },
                          {
                            "Node Type": "Materialize",
                            "Parent Relationship": "Inner",
                            "Parallel Aware": false,
                            "Startup Cost": 0.0,
                            "Total Cost": 2626.13,
                            "Plan Rows": 1,
                            "Plan Width": 4,
                            "Actual Startup Time": 0.0,
                            "Actual Total Time": 0.0,
                            "Actual Rows": 1,
                            "Actual Loops": 288192,
                            "Plans": [
                              {
                                "Node Type": "Seq Scan",
                                "Parent Relationship": "Outer",
                                "Parallel Aware": false,
                                "Relation Name": "keyword",
                                "Alias": "k",
                                "Startup Cost": 0.0,
                                "Total Cost": 2626.12,
                                "Plan Rows": 1,
                                "Plan Width": 4,
                                "Actual Startup Time": 1.482,
                                "Actual Total Time": 22.977,
                                "Actual Rows": 1,
                                "Actual Loops": 1,
                                "Filter": "(keyword = 'character-name-in-title'::text)",
                                "Rows Removed by Filter": 134169
                              }
                            ]
                          }
                        ]
                      }
                    ]
                  }
                ]
              }
            ]
          }
        ]
      }
    ]
  },
  "Planning Time": 7.344,
  "Triggers": [],
  "Execution Time": 2232.139
}