{
  "Plan": {
    "Node Type": "Aggregate",
    "Strategy": "Plain",
    "Partial Mode": "Finalize",
    "Parallel Aware": false,
    "Startup Cost": 108412.03,
    "Total Cost": 108412.04,
    "Plan Rows": 1,
    "Plan Width": 8,
    "Actual Startup Time": 419.524,
    "Actual Total Time": 434.366,
    "Actual Rows": 1,
    "Actual Loops": 1,
    "Plans": [
      {
        "Node Type": "Gather",
        "Parent Relationship": "Outer",
        "Parallel Aware": false,
        "Startup Cost": 108411.92,
        "Total Cost": 108412.03,
        "Plan Rows": 1,
        "Plan Width": 8,
        "Actual Startup Time": 419.226,
        "Actual Total Time": 434.357,
        "Actual Rows": 2,
        "Actual Loops": 1,
        "Workers Planned": 1,
        "Workers Launched": 1,
        "Single Copy": false,
        "Plans": [
          {
            "Node Type": "Aggregate",
            "Strategy": "Plain",
            "Partial Mode": "Partial",
            "Parent Relationship": "Outer",
            "Parallel Aware": false,
            "Startup Cost": 107411.92,
            "Total Cost": 107411.93,
            "Plan Rows": 1,
            "Plan Width": 8,
            "Actual Startup Time": 412.827,
            "Actual Total Time": 412.832,
            "Actual Rows": 1,
            "Actual Loops": 2,
            "Plans": [
              {
                "Node Type": "Hash Join",
                "Parent Relationship": "Outer",
                "Parallel Aware": true,
                "Join Type": "Inner",
                "Startup Cost": 46298.26,
                "Total Cost": 107391.33,
                "Plan Rows": 8238,
                "Plan Width": 0,
                "Actual Startup Time": 75.595,
                "Actual Total Time": 412.444,
                "Actual Rows": 6124,
                "Actual Loops": 2,
                "Inner Unique": false,
                "Hash Cond": "(mk.movie_id = t.id)",
                "Plans": [
                  {
                    "Node Type": "Seq Scan",
                    "Parent Relationship": "Outer",
                    "Parallel Aware": true,
                    "Relation Name": "movie_keyword",
                    "Alias": "mk",
                    "Startup Cost": 0.0,
                    "Total Cost": 51065.35,
                    "Plan Rows": 2661135,
                    "Plan Width": 4,
                    "Actual Startup Time": 0.011,
                    "Actual Total Time": 188.127,
                    "Actual Rows": 2261965,
                    "Actual Loops": 2
                  },
                  {
                    "Node Type": "Hash",
                    "Parent Relationship": "Inner",
                    "Parallel Aware": true,
                    "Startup Cost": 46240.71,
                    "Total Cost": 46240.71,
                    "Plan Rows": 4604,
                    "Plan Width": 8,
                    "Actual Startup Time": 41.936,
                    "Actual Total Time": 41.939,
                    "Actual Rows": 3576,
                    "Actual Loops": 2,
                    "Hash Buckets": 8192,
                    "Original Hash Buckets": 8192,
                    "Hash Batches": 1,
                    "Original Hash Batches": 1,
                    "Peak Memory Usage": 384,
                    "Plans": [
                      {
                        "Node Type": "Nested Loop",
                        "Parent Relationship": "Outer",
                        "Parallel Aware": false,
                        "Join Type": "Inner",
                        "Startup Cost": 173.52,
                        "Total Cost": 46240.71,
                        "Plan Rows": 4604,
                        "Plan Width": 8,
                        "Actual Startup Time": 3.069,
                        "Actual Total Time": 40.417,
                        "Actual Rows": 3576,
                        "Actual Loops": 2,
                        "Inner Unique": true,
                        "Plans": [
                          {
                            "Node Type": "Bitmap Heap Scan",
                            "Parent Relationship": "Outer",
                            "Parallel Aware": true,
                            "Relation Name": "movie_companies",
                            "Alias": "mc",
                            "Startup Cost": 173.09,
                            "Total Cost": 14731.76,
                            "Plan Rows": 4604,
                            "Plan Width": 4,
                            "Actual Startup Time": 2.906,
                            "Actual Total Time": 12.47,
                            "Actual Rows": 3576,
                            "Actual Loops": 2,
                            "Recheck Cond": "(company_id = 7851)",
                            "Rows Removed by Index Recheck": 0,
                            "Exact Heap Blocks": 3517,
                            "Lossy Heap Blocks": 0,
                            "Plans": [
                              {
                                "Node Type": "Bitmap Index Scan",
                                "Parent Relationship": "Outer",
                                "Parallel Aware": false,
                                "Index Name": "company_id_movie_companies",
                                "Startup Cost": 0.0,
                                "Total Cost": 171.13,
                                "Plan Rows": 7827,
                                "Plan Width": 0,
                                "Actual Startup Time": 3.61,
                                "Actual Total Time": 3.61,
                                "Actual Rows": 7151,
                                "Actual Loops": 1,
                                "Index Cond": "(company_id = 7851)"
                              }
                            ]
                          },
                          {
                            "Node Type": "Index Only Scan",
                            "Parent Relationship": "Inner",
                            "Parallel Aware": false,
                            "Scan Direction": "Forward",
                            "Index Name": "title_pkey",
                            "Relation Name": "title",
                            "Alias": "t",
                            "Startup Cost": 0.43,
                            "Total Cost": 6.84,
                            "Plan Rows": 1,
                            "Plan Width": 4,
                            "Actual Startup Time": 0.007,
                            "Actual Total Time": 0.007,
                            "Actual Rows": 1,
                            "Actual Loops": 7151,
                            "Index Cond": "(id = mc.movie_id)",
                            "Rows Removed by Index Recheck": 0,
                            "Heap Fetches": 7151
                          }
                        ]
                      }
                    ]
                  }
                ]
              }
            ]
          }
        ]
      }
    ]
  },
  "Planning Time": 1.134,
  "Triggers": [],
  "Execution Time": 434.469
}