[
  {
    "Plan": {
      "Node Type": "Aggregate",
      "Strategy": "Plain",
      "Partial Mode": "Finalize",
      "Parallel Aware": false,
      "Startup Cost": 32655.06,
      "Total Cost": 32655.07,
      "Plan Rows": 1,
      "Plan Width": 8,
      "Actual Startup Time": 81.433,
      "Actual Total Time": 89.569,
      "Actual Rows": 1,
      "Actual Loops": 1,
      "Plans": [
        {
          "Node Type": "Gather",
          "Parent Relationship": "Outer",
          "Parallel Aware": false,
          "Startup Cost": 32654.74,
          "Total Cost": 32655.05,
          "Plan Rows": 3,
          "Plan Width": 8,
          "Actual Startup Time": 81.302,
          "Actual Total Time": 89.56,
          "Actual Rows": 4,
          "Actual Loops": 1,
          "Workers Planned": 3,
          "Workers Launched": 3,
          "Single Copy": false,
          "Plans": [
            {
              "Node Type": "Aggregate",
              "Strategy": "Plain",
              "Partial Mode": "Partial",
              "Parent Relationship": "Outer",
              "Parallel Aware": false,
              "Startup Cost": 31654.74,
              "Total Cost": 31654.75,
              "Plan Rows": 1,
              "Plan Width": 8,
              "Actual Startup Time": 73.775,
              "Actual Total Time": 73.777,
              "Actual Rows": 1,
              "Actual Loops": 4,
              "Plans": [
                {
                  "Node Type": "Seq Scan",
                  "Parent Relationship": "Outer",
                  "Parallel Aware": true,
                  "Relation Name": "movie_companies",
                  "Alias": "mc",
                  "Startup Cost": 0.0,
                  "Total Cost": 31414.82,
                  "Plan Rows": 95970,
                  "Plan Width": 0,
                  "Actual Startup Time": 41.168,
                  "Actual Total Time": 73.654,
                  "Actual Rows": 2288,
                  "Actual Loops": 4,
                  "Filter": "((company_id > 62760) AND (company_type_id < 2))",
                  "Rows Removed by Filter": 649994
                }
              ]
            }
          ]
        }
      ]
    },
    "Planning Time": 0.21,
    "Triggers": [],
    "Execution Time": 89.625
  }
]