{
  "Plan": {
    "Node Type": "Aggregate",
    "Strategy": "Plain",
    "Partial Mode": "Finalize",
    "Parallel Aware": false,
    "Startup Cost": 2237334.21,
    "Total Cost": 2237334.22,
    "Plan Rows": 1,
    "Plan Width": 8,
    "Actual Startup Time": 12112.009,
    "Actual Total Time": 12184.402,
    "Actual Rows": 1,
    "Actual Loops": 1,
    "Plans": [
      {
        "Node Type": "Gather",
        "Parent Relationship": "Outer",
        "Parallel Aware": false,
        "Startup Cost": 2237334.1,
        "Total Cost": 2237334.21,
        "Plan Rows": 1,
        "Plan Width": 8,
        "Actual Startup Time": 12070.045,
        "Actual Total Time": 12184.389,
        "Actual Rows": 2,
        "Actual Loops": 1,
        "Workers Planned": 1,
        "Workers Launched": 1,
        "Single Copy": false,
        "Plans": [
          {
            "Node Type": "Aggregate",
            "Strategy": "Plain",
            "Partial Mode": "Partial",
            "Parent Relationship": "Outer",
            "Parallel Aware": false,
            "Startup Cost": 2236334.1,
            "Total Cost": 2236334.11,
            "Plan Rows": 1,
            "Plan Width": 8,
            "Actual Startup Time": 12058.848,
            "Actual Total Time": 12058.858,
            "Actual Rows": 1,
            "Actual Loops": 2,
            "Plans": [
              {
                "Node Type": "Merge Join",
                "Parent Relationship": "Outer",
                "Parallel Aware": false,
                "Join Type": "Inner",
                "Startup Cost": 2055906.35,
                "Total Cost": 2218109.64,
                "Plan Rows": 7289784,
                "Plan Width": 0,
                "Actual Startup Time": 10001.618,
                "Actual Total Time": 11922.187,
                "Actual Rows": 3270020,
                "Actual Loops": 2,
                "Inner Unique": false,
                "Merge Cond": "(t.id = mc.movie_id)",
                "Plans": [
                  {
                    "Node Type": "Sort",
                    "Parent Relationship": "Outer",
                    "Parallel Aware": false,
                    "Startup Cost": 1823959.64,
                    "Total Cost": 1850415.2,
                    "Plan Rows": 10582224,
                    "Plan Width": 8,
                    "Actual Startup Time": 9347.852,
                    "Actual Total Time": 10121.886,
                    "Actual Rows": 8610346,
                    "Actual Loops": 2,
                    "Sort Key": [
                      "ci.movie_id"
                    ],
                    "Sort Method": "quicksort",
                    "Sort Space Used": 801282,
                    "Sort Space Type": "Memory",
                    "Workers": [
                      {
                        "Worker Number": 0,
                        "Sort Method": "quicksort",
                        "Sort Space Used": 792371,
                        "Sort Space Type": "Memory"
                      }
                    ],
                    "Plans": [
                      {
                        "Node Type": "Hash Join",
                        "Parent Relationship": "Outer",
                        "Parallel Aware": true,
                        "Join Type": "Inner",
                        "Startup Cost": 67537.92,
                        "Total Cost": 589271.27,
                        "Plan Rows": 10582224,
                        "Plan Width": 8,
                        "Actual Startup Time": 334.088,
                        "Actual Total Time": 7151.644,
                        "Actual Rows": 8610354,
                        "Actual Loops": 2,
                        "Inner Unique": true,
                        "Hash Cond": "(ci.movie_id = t.id)",
                        "Plans": [
                          {
                            "Node Type": "Seq Scan",
                            "Parent Relationship": "Outer",
                            "Parallel Aware": true,
                            "Relation Name": "cast_info",
                            "Alias": "ci",
                            "Startup Cost": 0.0,
                            "Total Cost": 465792.95,
                            "Plan Rows": 21310595,
                            "Plan Width": 4,
                            "Actual Startup Time": 0.014,
                            "Actual Total Time": 1403.933,
                            "Actual Rows": 18122172,
                            "Actual Loops": 2
                          },
                          {
                            "Node Type": "Hash",
                            "Parent Relationship": "Inner",
                            "Parallel Aware": true,
                            "Startup Cost": 58306.47,
                            "Total Cost": 58306.47,
                            "Plan Rows": 738516,
                            "Plan Width": 4,
                            "Actual Startup Time": 319.919,
                            "Actual Total Time": 319.921,
                            "Actual Rows": 610767,
                            "Actual Loops": 2,
                            "Hash Buckets": 2097152,
                            "Original Hash Buckets": 2097152,
                            "Hash Batches": 1,
                            "Original Hash Batches": 1,
                            "Peak Memory Usage": 64192,
                            "Plans": [
                              {
                                "Node Type": "Seq Scan",
                                "Parent Relationship": "Outer",
                                "Parallel Aware": true,
                                "Relation Name": "title",
                                "Alias": "t",
                                "Startup Cost": 0.0,
                                "Total Cost": 58306.47,
                                "Plan Rows": 738516,
                                "Plan Width": 4,
                                "Actual Startup Time": 0.032,
                                "Actual Total Time": 163.591,
                                "Actual Rows": 610767,
                                "Actual Loops": 2,
                                "Filter": "((production_year < 2011) AND (kind_id = 7))",
                                "Rows Removed by Filter": 653389
                              }
                            ]
                          }
                        ]
                      }
                    ]
                  },
                  {
                    "Node Type": "Sort",
                    "Parent Relationship": "Inner",
                    "Parallel Aware": false,
                    "Startup Cost": 231945.64,
                    "Total Cost": 236299.81,
                    "Plan Rows": 1741667,
                    "Plan Width": 4,
                    "Actual Startup Time": 653.7,
                    "Actual Total Time": 828.86,
                    "Actual Rows": 4789198,
                    "Actual Loops": 2,
                    "Sort Key": [
                      "mc.movie_id"
                    ],
                    "Sort Method": "quicksort",
                    "Sort Space Used": 131036,
                    "Sort Space Type": "Memory",
                    "Workers": [
                      {
                        "Worker Number": 0,
                        "Sort Method": "quicksort",
                        "Sort Space Used": 131036,
                        "Sort Space Type": "Memory"
                      }
                    ],
                    "Plans": [
                      {
                        "Node Type": "Seq Scan",
                        "Parent Relationship": "Outer",
                        "Parallel Aware": false,
                        "Relation Name": "movie_companies",
                        "Alias": "mc",
                        "Startup Cost": 0.0,
                        "Total Cost": 51404.11,
                        "Plan Rows": 1741667,
                        "Plan Width": 4,
                        "Actual Startup Time": 2.083,
                        "Actual Total Time": 245.375,
                        "Actual Rows": 1746844,
                        "Actual Loops": 2,
                        "Filter": "(company_id > 2528)",
                        "Rows Removed by Filter": 862285
                      }
                    ]
                  }
                ]
              }
            ]
          }
        ]
      }
    ]
  },
  "Planning Time": 0.916,
  "Triggers": [],
  "Execution Time": 12245.914
}