[
  {
    "Plan": {
      "Node Type": "Aggregate",
      "Strategy": "Plain",
      "Partial Mode": "Finalize",
      "Parallel Aware": false,
      "Startup Cost": 68137.52,
      "Total Cost": 68137.53,
      "Plan Rows": 1,
      "Plan Width": 8,
      "Actual Startup Time": 55.84,
      "Actual Total Time": 63.605,
      "Actual Rows": 1,
      "Actual Loops": 1,
      "Plans": [
        {
          "Node Type": "Gather",
          "Parent Relationship": "Outer",
          "Parallel Aware": false,
          "Startup Cost": 68137.21,
          "Total Cost": 68137.52,
          "Plan Rows": 3,
          "Plan Width": 8,
          "Actual Startup Time": 55.601,
          "Actual Total Time": 63.599,
          "Actual Rows": 4,
          "Actual Loops": 1,
          "Workers Planned": 3,
          "Workers Launched": 3,
          "Single Copy": false,
          "Plans": [
            {
              "Node Type": "Aggregate",
              "Strategy": "Plain",
              "Partial Mode": "Partial",
              "Parent Relationship": "Outer",
              "Parallel Aware": false,
              "Startup Cost": 67137.21,
              "Total Cost": 67137.22,
              "Plan Rows": 1,
              "Plan Width": 8,
              "Actual Startup Time": 51.751,
              "Actual Total Time": 51.753,
              "Actual Rows": 1,
              "Actual Loops": 4,
              "Plans": [
                {
                  "Node Type": "Nested Loop",
                  "Parent Relationship": "Outer",
                  "Parallel Aware": false,
                  "Join Type": "Inner",
                  "Startup Cost": 574.06,
                  "Total Cost": 67136.88,
                  "Plan Rows": 130,
                  "Plan Width": 0,
                  "Actual Startup Time": 11.75,
                  "Actual Total Time": 51.553,
                  "Actual Rows": 1756,
                  "Actual Loops": 4,
                  "Inner Unique": true,
                  "Plans": [
                    {
                      "Node Type": "Bitmap Heap Scan",
                      "Parent Relationship": "Outer",
                      "Parallel Aware": true,
                      "Relation Name": "movie_keyword",
                      "Alias": "mk",
                      "Startup Cost": 573.63,
                      "Total Cost": 26249.07,
                      "Plan Rows": 8707,
                      "Plan Width": 4,
                      "Actual Startup Time": 2.682,
                      "Actual Total Time": 16.251,
                      "Actual Rows": 7360,
                      "Actual Loops": 4,
                      "Recheck Cond": "(keyword_id = 359)",
                      "Rows Removed by Index Recheck": 0,
                      "Exact Heap Blocks": 5906,
                      "Lossy Heap Blocks": 0,
                      "Plans": [
                        {
                          "Node Type": "Bitmap Index Scan",
                          "Parent Relationship": "Outer",
                          "Parallel Aware": false,
                          "Index Name": "keyword_id_movie_keyword",
                          "Startup Cost": 0.0,
                          "Total Cost": 566.88,
                          "Plan Rows": 26993,
                          "Plan Width": 0,
                          "Actual Startup Time": 3.907,
                          "Actual Total Time": 3.907,
                          "Actual Rows": 29440,
                          "Actual Loops": 1,
                          "Index Cond": "(keyword_id = 359)"
                        }
                      ]
                    },
                    {
                      "Node Type": "Index Scan",
                      "Parent Relationship": "Inner",
                      "Parallel Aware": false,
                      "Scan Direction": "Forward",
                      "Index Name": "title_pkey",
                      "Relation Name": "title",
                      "Alias": "t",
                      "Startup Cost": 0.43,
                      "Total Cost": 4.7,
                      "Plan Rows": 1,
                      "Plan Width": 4,
                      "Actual Startup Time": 0.004,
                      "Actual Total Time": 0.004,
                      "Actual Rows": 0,
                      "Actual Loops": 29440,
                      "Index Cond": "(id = mk.movie_id)",
                      "Rows Removed by Index Recheck": 0,
                      "Filter": "((production_year < 1947) AND (kind_id = 1))",
                      "Rows Removed by Filter": 1
                    }
                  ]
                }
              ]
            }
          ]
        }
      ]
    },
    "Planning Time": 0.556,
    "Triggers": [],
    "Execution Time": 63.649
  }
]