{
  "Plan": {
    "Node Type": "Aggregate",
    "Strategy": "Plain",
    "Partial Mode": "Finalize",
    "Parallel Aware": false,
    "Startup Cost": 384590.93,
    "Total Cost": 384590.94,
    "Plan Rows": 1,
    "Plan Width": 8,
    "Actual Startup Time": 2887.267,
    "Actual Total Time": 2946.079,
    "Actual Rows": 1,
    "Actual Loops": 1,
    "Plans": [
      {
        "Node Type": "Gather",
        "Parent Relationship": "Outer",
        "Parallel Aware": false,
        "Startup Cost": 384590.82,
        "Total Cost": 384590.93,
        "Plan Rows": 1,
        "Plan Width": 8,
        "Actual Startup Time": 2873.734,
        "Actual Total Time": 2946.07,
        "Actual Rows": 2,
        "Actual Loops": 1,
        "Workers Planned": 1,
        "Workers Launched": 1,
        "Single Copy": false,
        "Plans": [
          {
            "Node Type": "Aggregate",
            "Strategy": "Plain",
            "Partial Mode": "Partial",
            "Parent Relationship": "Outer",
            "Parallel Aware": false,
            "Startup Cost": 383590.82,
            "Total Cost": 383590.83,
            "Plan Rows": 1,
            "Plan Width": 8,
            "Actual Startup Time": 2857.486,
            "Actual Total Time": 2861.277,
            "Actual Rows": 1,
            "Actual Loops": 2,
            "Plans": [
              {
                "Node Type": "Hash Join",
                "Parent Relationship": "Outer",
                "Parallel Aware": true,
                "Join Type": "Inner",
                "Startup Cost": 162195.9,
                "Total Cost": 375932.3,
                "Plan Rows": 3063410,
                "Plan Width": 0,
                "Actual Startup Time": 1542.373,
                "Actual Total Time": 2586.934,
                "Actual Rows": 6640170,
                "Actual Loops": 2,
                "Inner Unique": false,
                "Hash Cond": "(ci.movie_id = t.id)",
                "Plans": [
                  {
                    "Node Type": "Index Scan",
                    "Parent Relationship": "Outer",
                    "Parallel Aware": true,
                    "Scan Direction": "Forward",
                    "Index Name": "role_id_cast_info",
                    "Relation Name": "cast_info",
                    "Alias": "ci",
                    "Startup Cost": 0.56,
                    "Total Cost": 184520.29,
                    "Plan Rows": 1791458,
                    "Plan Width": 4,
                    "Actual Startup Time": 0.078,
                    "Actual Total Time": 371.289,
                    "Actual Rows": 526526,
                    "Actual Loops": 2,
                    "Index Cond": "(role_id > 8)",
                    "Rows Removed by Index Recheck": 0,
                    "Filter": "(person_id < 1931182)",
                    "Rows Removed by Filter": 2339821
                  },
                  {
                    "Node Type": "Hash",
                    "Parent Relationship": "Inner",
                    "Parallel Aware": true,
                    "Startup Cost": 130405.6,
                    "Total Cost": 130405.6,
                    "Plan Rows": 2543179,
                    "Plan Width": 8,
                    "Actual Startup Time": 1510.426,
                    "Actual Total Time": 1514.215,
                    "Actual Rows": 2244126,
                    "Actual Loops": 2,
                    "Hash Buckets": 8388608,
                    "Original Hash Buckets": 8388608,
                    "Hash Batches": 1,
                    "Original Hash Batches": 1,
                    "Peak Memory Usage": 241152,
                    "Plans": [
                      {
                        "Node Type": "Hash Join",
                        "Parent Relationship": "Outer",
                        "Parallel Aware": true,
                        "Join Type": "Inner",
                        "Startup Cost": 72354.75,
                        "Total Cost": 130405.6,
                        "Plan Rows": 2543179,
                        "Plan Width": 8,
                        "Actual Startup Time": 538.756,
                        "Actual Total Time": 1115.397,
                        "Actual Rows": 2244126,
                        "Actual Loops": 2,
                        "Inner Unique": true,
                        "Hash Cond": "(mk.movie_id = t.id)",
                        "Plans": [
                          {
                            "Node Type": "Seq Scan",
                            "Parent Relationship": "Outer",
                            "Parallel Aware": true,
                            "Relation Name": "movie_keyword",
                            "Alias": "mk",
                            "Startup Cost": 0.0,
                            "Total Cost": 51065.35,
                            "Plan Rows": 2661135,
                            "Plan Width": 4,
                            "Actual Startup Time": 0.013,
                            "Actual Total Time": 160.316,
                            "Actual Rows": 2261965,
                            "Actual Loops": 2
                          },
                          {
                            "Node Type": "Hash",
                            "Parent Relationship": "Inner",
                            "Parallel Aware": true,
                            "Startup Cost": 54588.39,
                            "Total Cost": 54588.39,
                            "Plan Rows": 1421309,
                            "Plan Width": 4,
                            "Actual Startup Time": 527.514,
                            "Actual Total Time": 527.515,
                            "Actual Rows": 1206699,
                            "Actual Loops": 2,
                            "Hash Buckets": 4194304,
                            "Original Hash Buckets": 4194304,
                            "Hash Batches": 1,
                            "Original Hash Batches": 1,
                            "Peak Memory Usage": 127232,
                            "Plans": [
                              {
                                "Node Type": "Seq Scan",
                                "Parent Relationship": "Outer",
                                "Parallel Aware": true,
                                "Relation Name": "title",
                                "Alias": "t",
                                "Startup Cost": 0.0,
                                "Total Cost": 54588.39,
                                "Plan Rows": 1421309,
                                "Plan Width": 4,
                                "Actual Startup Time": 0.031,
                                "Actual Total Time": 184.068,
                                "Actual Rows": 1206699,
                                "Actual Loops": 2,
                                "Filter": "(production_year > 1912)",
                                "Rows Removed by Filter": 57457
                              }
                            ]
                          }
                        ]
                      }
                    ]
                  }
                ]
              }
            ]
          }
        ]
      }
    ]
  },
  "Planning Time": 0.818,
  "Triggers": [],
  "Execution Time": 2946.165
}