[
    {
        "Bao": {
            "Bao prediction": 230.689,
            "Bao recommended hint": "(no hint)"
        }
    },
    {
        "Plan": {
            "Node Type": "Aggregate",
            "Strategy": "Plain",
            "Partial Mode": "Simple",
            "Parallel Aware": false,
            "Startup Cost": 5234.89,
            "Total Cost": 5234.9,
            "Plan Rows": 1,
            "Plan Width": 8,
            "Actual Startup Time": 4.838,
            "Actual Total Time": 4.841,
            "Actual Rows": 1,
            "Actual Loops": 1,
            "Output": [
                "count(*)"
            ],
            "Plans": [
                {
                    "Node Type": "Nested Loop",
                    "Parent Relationship": "Outer",
                    "Parallel Aware": false,
                    "Join Type": "Inner",
                    "Startup Cost": 0.99,
                    "Total Cost": 5234.39,
                    "Plan Rows": 201,
                    "Plan Width": 0,
                    "Actual Startup Time": 0.599,
                    "Actual Total Time": 4.763,
                    "Actual Rows": 239,
                    "Actual Loops": 1,
                    "Inner Unique": true,
                    "Plans": [
                        {
                            "Node Type": "Index Scan",
                            "Parent Relationship": "Outer",
                            "Parallel Aware": false,
                            "Scan Direction": "Forward",
                            "Index Name": "person_id_cast_info",
                            "Relation Name": "cast_info",
                            "Schema": "public",
                            "Alias": "ci",
                            "Startup Cost": 0.56,
                            "Total Cost": 1038.33,
                            "Plan Rows": 504,
                            "Plan Width": 4,
                            "Actual Startup Time": 0.108,
                            "Actual Total Time": 0.389,
                            "Actual Rows": 435,
                            "Actual Loops": 1,
                            "Output": [
                                "ci.id",
                                "ci.person_id",
                                "ci.movie_id",
                                "ci.person_role_id",
                                "ci.note",
                                "ci.nr_order",
                                "ci.role_id"
                            ],
                            "Index Cond": "(ci.person_id = 1565202)",
                            "Rows Removed by Index Recheck": 0
                        },
                        {
                            "Node Type": "Index Scan",
                            "Parent Relationship": "Inner",
                            "Parallel Aware": false,
                            "Scan Direction": "Forward",
                            "Index Name": "title_pkey",
                            "Relation Name": "title",
                            "Schema": "public",
                            "Alias": "t",
                            "Startup Cost": 0.43,
                            "Total Cost": 8.33,
                            "Plan Rows": 1,
                            "Plan Width": 4,
                            "Actual Startup Time": 0.009,
                            "Actual Total Time": 0.009,
                            "Actual Rows": 1,
                            "Actual Loops": 435,
                            "Output": [
                                "t.id",
                                "t.title",
                                "t.imdb_index",
                                "t.kind_id",
                                "t.production_year",
                                "t.imdb_id",
                                "t.phonetic_code",
                                "t.episode_of_id",
                                "t.season_nr",
                                "t.episode_nr",
                                "t.series_years",
                                "t.md5sum"
                            ],
                            "Index Cond": "(t.id = ci.movie_id)",
                            "Rows Removed by Index Recheck": 0,
                            "Filter": "((t.production_year < 2008) AND (t.kind_id = 7))",
                            "Rows Removed by Filter": 0
                        }
                    ]
                }
            ]
        },
        "Planning Time": 5238.173,
        "Triggers": [],
        "Execution Time": 4.985
    }
]