{
  "Plan": {
    "Node Type": "Aggregate",
    "Strategy": "Plain",
    "Partial Mode": "Finalize",
    "Parallel Aware": false,
    "Startup Cost": 118919.78,
    "Total Cost": 118919.79,
    "Plan Rows": 1,
    "Plan Width": 8,
    "Actual Startup Time": 493.117,
    "Actual Total Time": 507.642,
    "Actual Rows": 1,
    "Actual Loops": 1,
    "Plans": [
      {
        "Node Type": "Gather",
        "Parent Relationship": "Outer",
        "Parallel Aware": false,
        "Startup Cost": 118919.67,
        "Total Cost": 118919.78,
        "Plan Rows": 1,
        "Plan Width": 8,
        "Actual Startup Time": 491.684,
        "Actual Total Time": 507.633,
        "Actual Rows": 2,
        "Actual Loops": 1,
        "Workers Planned": 1,
        "Workers Launched": 1,
        "Single Copy": false,
        "Plans": [
          {
            "Node Type": "Aggregate",
            "Strategy": "Plain",
            "Partial Mode": "Partial",
            "Parent Relationship": "Outer",
            "Parallel Aware": false,
            "Startup Cost": 117919.67,
            "Total Cost": 117919.68,
            "Plan Rows": 1,
            "Plan Width": 8,
            "Actual Startup Time": 485.557,
            "Actual Total Time": 485.562,
            "Actual Rows": 1,
            "Actual Loops": 2,
            "Plans": [
              {
                "Node Type": "Hash Join",
                "Parent Relationship": "Outer",
                "Parallel Aware": true,
                "Join Type": "Inner",
                "Startup Cost": 84065.3,
                "Total Cost": 117585.87,
                "Plan Rows": 133517,
                "Plan Width": 0,
                "Actual Startup Time": 296.899,
                "Actual Total Time": 484.17,
                "Actual Rows": 24727,
                "Actual Loops": 2,
                "Inner Unique": true,
                "Hash Cond": "(mk.movie_id = t.id)",
                "Plans": [
                  {
                    "Node Type": "Bitmap Heap Scan",
                    "Parent Relationship": "Outer",
                    "Parallel Aware": true,
                    "Relation Name": "movie_keyword",
                    "Alias": "mk",
                    "Startup Cost": 21618.09,
                    "Total Cost": 53565.13,
                    "Plan Rows": 599443,
                    "Plan Width": 4,
                    "Actual Startup Time": 59.364,
                    "Actual Total Time": 166.936,
                    "Actual Rows": 512078,
                    "Actual Loops": 2,
                    "Recheck Cond": "(keyword_id < 1002)",
                    "Rows Removed by Index Recheck": 0,
                    "Exact Heap Blocks": 14076,
                    "Lossy Heap Blocks": 0,
                    "Plans": [
                      {
                        "Node Type": "Bitmap Index Scan",
                        "Parent Relationship": "Outer",
                        "Parallel Aware": false,
                        "Index Name": "keyword_id_movie_keyword",
                        "Startup Cost": 0.0,
                        "Total Cost": 21363.33,
                        "Plan Rows": 1019053,
                        "Plan Width": 0,
                        "Actual Startup Time": 55.655,
                        "Actual Total Time": 55.655,
                        "Actual Rows": 1024156,
                        "Actual Loops": 1,
                        "Index Cond": "(keyword_id < 1002)"
                      }
                    ]
                  },
                  {
                    "Node Type": "Hash",
                    "Parent Relationship": "Inner",
                    "Parallel Aware": true,
                    "Startup Cost": 58306.47,
                    "Total Cost": 58306.47,
                    "Plan Rows": 331259,
                    "Plan Width": 4,
                    "Actual Startup Time": 227.659,
                    "Actual Total Time": 227.66,
                    "Actual Rows": 230100,
                    "Actual Loops": 2,
                    "Hash Buckets": 1048576,
                    "Original Hash Buckets": 1048576,
                    "Hash Batches": 1,
                    "Original Hash Batches": 1,
                    "Peak Memory Usage": 26240,
                    "Plans": [
                      {
                        "Node Type": "Seq Scan",
                        "Parent Relationship": "Outer",
                        "Parallel Aware": true,
                        "Relation Name": "title",
                        "Alias": "t",
                        "Startup Cost": 0.0,
                        "Total Cost": 58306.47,
                        "Plan Rows": 331259,
                        "Plan Width": 4,
                        "Actual Startup Time": 0.036,
                        "Actual Total Time": 152.753,
                        "Actual Rows": 230100,
                        "Actual Loops": 2,
                        "Filter": "((kind_id > 4) AND (production_year < 1998))",
                        "Rows Removed by Filter": 1034056
                      }
                    ]
                  }
                ]
              }
            ]
          }
        ]
      }
    ]
  },
  "Planning Time": 0.62,
  "Triggers": [],
  "Execution Time": 507.734
}