{
  "Plan": {
    "Node Type": "Aggregate",
    "Strategy": "Plain",
    "Partial Mode": "Finalize",
    "Parallel Aware": false,
    "Startup Cost": 101855.6,
    "Total Cost": 101855.61,
    "Plan Rows": 1,
    "Plan Width": 8,
    "Actual Startup Time": 247.718,
    "Actual Total Time": 259.569,
    "Actual Rows": 1,
    "Actual Loops": 1,
    "Plans": [
      {
        "Node Type": "Gather",
        "Parent Relationship": "Outer",
        "Parallel Aware": false,
        "Startup Cost": 101855.49,
        "Total Cost": 101855.6,
        "Plan Rows": 1,
        "Plan Width": 8,
        "Actual Startup Time": 247.571,
        "Actual Total Time": 259.562,
        "Actual Rows": 2,
        "Actual Loops": 1,
        "Workers Planned": 1,
        "Workers Launched": 1,
        "Single Copy": false,
        "Plans": [
          {
            "Node Type": "Aggregate",
            "Strategy": "Plain",
            "Partial Mode": "Partial",
            "Parent Relationship": "Outer",
            "Parallel Aware": false,
            "Startup Cost": 100855.49,
            "Total Cost": 100855.5,
            "Plan Rows": 1,
            "Plan Width": 8,
            "Actual Startup Time": 241.931,
            "Actual Total Time": 241.934,
            "Actual Rows": 1,
            "Actual Loops": 2,
            "Plans": [
              {
                "Node Type": "Hash Join",
                "Parent Relationship": "Outer",
                "Parallel Aware": true,
                "Join Type": "Inner",
                "Startup Cost": 58390.12,
                "Total Cost": 100852.7,
                "Plan Rows": 1116,
                "Plan Width": 0,
                "Actual Startup Time": 184.588,
                "Actual Total Time": 241.849,
                "Actual Rows": 1274,
                "Actual Loops": 2,
                "Inner Unique": true,
                "Hash Cond": "(mc.movie_id = t.id)",
                "Plans": [
                  {
                    "Node Type": "Seq Scan",
                    "Parent Relationship": "Outer",
                    "Parallel Aware": true,
                    "Relation Name": "movie_companies",
                    "Alias": "mc",
                    "Startup Cost": 0.0,
                    "Total Cost": 41811.73,
                    "Plan Rows": 247944,
                    "Plan Width": 4,
                    "Actual Startup Time": 47.163,
                    "Actual Total Time": 94.298,
                    "Actual Rows": 120186,
                    "Actual Loops": 2,
                    "Filter": "((company_id < 2020) AND (company_type_id = 2))",
                    "Rows Removed by Filter": 1184378
                  },
                  {
                    "Node Type": "Hash",
                    "Parent Relationship": "Inner",
                    "Parallel Aware": true,
                    "Startup Cost": 58306.47,
                    "Total Cost": 58306.47,
                    "Plan Rows": 6692,
                    "Plan Width": 4,
                    "Actual Startup Time": 136.053,
                    "Actual Total Time": 136.054,
                    "Actual Rows": 4928,
                    "Actual Loops": 2,
                    "Hash Buckets": 16384,
                    "Original Hash Buckets": 16384,
                    "Hash Batches": 1,
                    "Original Hash Batches": 1,
                    "Peak Memory Usage": 544,
                    "Plans": [
                      {
                        "Node Type": "Seq Scan",
                        "Parent Relationship": "Outer",
                        "Parallel Aware": true,
                        "Relation Name": "title",
                        "Alias": "t",
                        "Startup Cost": 0.0,
                        "Total Cost": 58306.47,
                        "Plan Rows": 6692,
                        "Plan Width": 4,
                        "Actual Startup Time": 0.169,
                        "Actual Total Time": 134.022,
                        "Actual Rows": 4928,
                        "Actual Loops": 2,
                        "Filter": "((kind_id > 1) AND (production_year = 1971))",
                        "Rows Removed by Filter": 1259228
                      }
                    ]
                  }
                ]
              }
            ]
          }
        ]
      }
    ]
  },
  "Planning Time": 0.737,
  "Triggers": [],
  "Execution Time": 259.64
}