[
  {
    "Plan": {
      "Node Type": "Aggregate",
      "Strategy": "Plain",
      "Partial Mode": "Simple",
      "Parallel Aware": false,
      "Startup Cost": 39438.2,
      "Total Cost": 39438.21,
      "Plan Rows": 1,
      "Plan Width": 8,
      "Actual Startup Time": 56.701,
      "Actual Total Time": 56.702,
      "Actual Rows": 1,
      "Actual Loops": 1,
      "Plans": [
        {
          "Node Type": "Bitmap Heap Scan",
          "Parent Relationship": "Outer",
          "Parallel Aware": false,
          "Relation Name": "title",
          "Alias": "t",
          "Startup Cost": 1830.74,
          "Total Cost": 39362.14,
          "Plan Rows": 30424,
          "Plan Width": 0,
          "Actual Startup Time": 18.538,
          "Actual Total Time": 54.446,
          "Actual Rows": 39760,
          "Actual Loops": 1,
          "Recheck Cond": "(kind_id = 3)",
          "Rows Removed by Index Recheck": 0,
          "Filter": "(production_year < 1993)",
          "Rows Removed by Filter": 60777,
          "Exact Heap Blocks": 12707,
          "Lossy Heap Blocks": 0,
          "Plans": [
            {
              "Node Type": "Bitmap Index Scan",
              "Parent Relationship": "Outer",
              "Parallel Aware": false,
              "Index Name": "kind_id_title",
              "Startup Cost": 0.0,
              "Total Cost": 1823.13,
              "Plan Rows": 102227,
              "Plan Width": 0,
              "Actual Startup Time": 14.18,
              "Actual Total Time": 14.181,
              "Actual Rows": 100537,
              "Actual Loops": 1,
              "Index Cond": "(kind_id = 3)"
            }
          ]
        }
      ]
    },
    "Planning Time": 0.178,
    "Triggers": [],
    "Execution Time": 56.761
  }
]