{
    "Plan": {
        "Node Type": "Aggregate",
        "Strategy": "Plain",
        "Partial Mode": "Finalize",
        "Parallel Aware": false,
        "Startup Cost": 654927.59,
        "Total Cost": 654927.6,
        "Plan Rows": 1,
        "Plan Width": 8,
        "Actual Startup Time": 4097.059,
        "Actual Total Time": 4165.238,
        "Actual Rows": 1,
        "Actual Loops": 1,
        "Output": [
            "count(*)"
        ],
        "Plans": [
            {
                "Node Type": "Gather",
                "Parent Relationship": "Outer",
                "Parallel Aware": false,
                "Startup Cost": 654927.07,
                "Total Cost": 654927.58,
                "Plan Rows": 5,
                "Plan Width": 8,
                "Actual Startup Time": 4057.386,
                "Actual Total Time": 4165.222,
                "Actual Rows": 6,
                "Actual Loops": 1,
                "Output": [
                    "(PARTIAL count(*))"
                ],
                "Workers Planned": 5,
                "Workers Launched": 5,
                "Single Copy": false,
                "Plans": [
                    {
                        "Node Type": "Aggregate",
                        "Strategy": "Plain",
                        "Partial Mode": "Partial",
                        "Parent Relationship": "Outer",
                        "Parallel Aware": false,
                        "Startup Cost": 653927.07,
                        "Total Cost": 653927.08,
                        "Plan Rows": 1,
                        "Plan Width": 8,
                        "Actual Startup Time": 4009.441,
                        "Actual Total Time": 4010.559,
                        "Actual Rows": 1,
                        "Actual Loops": 6,
                        "Output": [
                            "PARTIAL count(*)"
                        ],
                        "Workers": [
                            {
                                "Worker Number": 0,
                                "Actual Startup Time": 3999.729,
                                "Actual Total Time": 3999.735,
                                "Actual Rows": 1,
                                "Actual Loops": 1
                            },
                            {
                                "Worker Number": 1,
                                "Actual Startup Time": 4004.509,
                                "Actual Total Time": 4004.515,
                                "Actual Rows": 1,
                                "Actual Loops": 1
                            },
                            {
                                "Worker Number": 2,
                                "Actual Startup Time": 3999.415,
                                "Actual Total Time": 3999.42,
                                "Actual Rows": 1,
                                "Actual Loops": 1
                            },
                            {
                                "Worker Number": 3,
                                "Actual Startup Time": 3999.68,
                                "Actual Total Time": 3999.686,
                                "Actual Rows": 1,
                                "Actual Loops": 1
                            },
                            {
                                "Worker Number": 4,
                                "Actual Startup Time": 3999.413,
                                "Actual Total Time": 3999.418,
                                "Actual Rows": 1,
                                "Actual Loops": 1
                            }
                        ],
                        "Plans": [
                            {
                                "Node Type": "Hash Join",
                                "Parent Relationship": "Outer",
                                "Parallel Aware": true,
                                "Join Type": "Inner",
                                "Startup Cost": 417470.33,
                                "Total Cost": 636755.84,
                                "Plan Rows": 6868493,
                                "Plan Width": 0,
                                "Actual Startup Time": 1870.385,
                                "Actual Total Time": 3618.438,
                                "Actual Rows": 9367828,
                                "Actual Loops": 6,
                                "Inner Unique": false,
                                "Hash Cond": "(mi.movie_id = t.id)",
                                "Workers": [
                                    {
                                        "Worker Number": 0,
                                        "Actual Startup Time": 1861.486,
                                        "Actual Total Time": 3613.822,
                                        "Actual Rows": 9705518,
                                        "Actual Loops": 1
                                    },
                                    {
                                        "Worker Number": 1,
                                        "Actual Startup Time": 1861.416,
                                        "Actual Total Time": 3623.337,
                                        "Actual Rows": 9605206,
                                        "Actual Loops": 1
                                    },
                                    {
                                        "Worker Number": 2,
                                        "Actual Startup Time": 1861.161,
                                        "Actual Total Time": 3614.72,
                                        "Actual Rows": 9787458,
                                        "Actual Loops": 1
                                    },
                                    {
                                        "Worker Number": 3,
                                        "Actual Startup Time": 1861.424,
                                        "Actual Total Time": 3613.38,
                                        "Actual Rows": 9769197,
                                        "Actual Loops": 1
                                    },
                                    {
                                        "Worker Number": 4,
                                        "Actual Startup Time": 1861.178,
                                        "Actual Total Time": 3581.73,
                                        "Actual Rows": 7262877,
                                        "Actual Loops": 1
                                    }
                                ],
                                "Plans": [
                                    {
                                        "Node Type": "Seq Scan",
                                        "Parent Relationship": "Outer",
                                        "Parallel Aware": true,
                                        "Relation Name": "movie_info",
                                        "Schema": "public",
                                        "Alias": "mi",
                                        "Startup Cost": 0.0,
                                        "Total Cost": 198880.74,
                                        "Plan Rows": 1791457,
                                        "Plan Width": 4,
                                        "Actual Startup Time": 15.886,
                                        "Actual Total Time": 333.762,
                                        "Actual Rows": 1491793,
                                        "Actual Loops": 6,
                                        "Output": [
                                            "mi.id",
                                            "mi.movie_id",
                                            "mi.info_type_id",
                                            "mi.info",
                                            "mi.note"
                                        ],
                                        "Filter": "(mi.info_type_id > 6)",
                                        "Rows Removed by Filter": 980827,
                                        "Workers": [
                                            {
                                                "Worker Number": 0,
                                                "Actual Startup Time": 15.904,
                                                "Actual Total Time": 343.135,
                                                "Actual Rows": 1541812,
                                                "Actual Loops": 1
                                            },
                                            {
                                                "Worker Number": 1,
                                                "Actual Startup Time": 15.906,
                                                "Actual Total Time": 342.361,
                                                "Actual Rows": 1527204,
                                                "Actual Loops": 1
                                            },
                                            {
                                                "Worker Number": 2,
                                                "Actual Startup Time": 15.824,
                                                "Actual Total Time": 342.325,
                                                "Actual Rows": 1562149,
                                                "Actual Loops": 1
                                            },
                                            {
                                                "Worker Number": 3,
                                                "Actual Startup Time": 15.9,
                                                "Actual Total Time": 341.754,
                                                "Actual Rows": 1539516,
                                                "Actual Loops": 1
                                            },
                                            {
                                                "Worker Number": 4,
                                                "Actual Startup Time": 15.892,
                                                "Actual Total Time": 353.57,
                                                "Actual Rows": 1184072,
                                                "Actual Loops": 1
                                            }
                                        ]
                                    },
                                    {
                                        "Node Type": "Hash",
                                        "Parent Relationship": "Inner",
                                        "Parallel Aware": true,
                                        "Startup Cost": 397275.21,
                                        "Total Cost": 397275.21,
                                        "Plan Rows": 1615609,
                                        "Plan Width": 8,
                                        "Actual Startup Time": 1834.962,
                                        "Actual Total Time": 1836.078,
                                        "Actual Rows": 1049496,
                                        "Actual Loops": 6,
                                        "Output": [
                                            "t.id",
                                            "ci.movie_id"
                                        ],
                                        "Hash Buckets": 16777216,
                                        "Original Hash Buckets": 16777216,
                                        "Hash Batches": 1,
                                        "Original Hash Batches": 1,
                                        "Peak Memory Usage": 377504,
                                        "Workers": [
                                            {
                                                "Worker Number": 0,
                                                "Actual Startup Time": 1845.196,
                                                "Actual Total Time": 1845.201,
                                                "Actual Rows": 1088490,
                                                "Actual Loops": 1
                                            },
                                            {
                                                "Worker Number": 1,
                                                "Actual Startup Time": 1845.066,
                                                "Actual Total Time": 1845.07,
                                                "Actual Rows": 1060020,
                                                "Actual Loops": 1
                                            },
                                            {
                                                "Worker Number": 2,
                                                "Actual Startup Time": 1844.764,
                                                "Actual Total Time": 1844.768,
                                                "Actual Rows": 1094768,
                                                "Actual Loops": 1
                                            },
                                            {
                                                "Worker Number": 3,
                                                "Actual Startup Time": 1845.139,
                                                "Actual Total Time": 1845.144,
                                                "Actual Rows": 1087320,
                                                "Actual Loops": 1
                                            },
                                            {
                                                "Worker Number": 4,
                                                "Actual Startup Time": 1844.866,
                                                "Actual Total Time": 1844.869,
                                                "Actual Rows": 838500,
                                                "Actual Loops": 1
                                            }
                                        ],
                                        "Plans": [
                                            {
                                                "Node Type": "Hash Join",
                                                "Parent Relationship": "Outer",
                                                "Parallel Aware": true,
                                                "Join Type": "Inner",
                                                "Startup Cost": 50220.37,
                                                "Total Cost": 397275.21,
                                                "Plan Rows": 1615609,
                                                "Plan Width": 8,
                                                "Actual Startup Time": 487.831,
                                                "Actual Total Time": 1301.386,
                                                "Actual Rows": 1049496,
                                                "Actual Loops": 6,
                                                "Output": [
                                                    "t.id",
                                                    "ci.movie_id"
                                                ],
                                                "Inner Unique": true,
                                                "Hash Cond": "(ci.movie_id = t.id)",
                                                "Workers": [
                                                    {
                                                        "Worker Number": 0,
                                                        "Actual Startup Time": 487.729,
                                                        "Actual Total Time": 1301.955,
                                                        "Actual Rows": 1088490,
                                                        "Actual Loops": 1
                                                    },
                                                    {
                                                        "Worker Number": 1,
                                                        "Actual Startup Time": 487.8,
                                                        "Actual Total Time": 1300.672,
                                                        "Actual Rows": 1060020,
                                                        "Actual Loops": 1
                                                    },
                                                    {
                                                        "Worker Number": 2,
                                                        "Actual Startup Time": 487.901,
                                                        "Actual Total Time": 1300.256,
                                                        "Actual Rows": 1094768,
                                                        "Actual Loops": 1
                                                    },
                                                    {
                                                        "Worker Number": 3,
                                                        "Actual Startup Time": 487.73,
                                                        "Actual Total Time": 1300.823,
                                                        "Actual Rows": 1087320,
                                                        "Actual Loops": 1
                                                    },
                                                    {
                                                        "Worker Number": 4,
                                                        "Actual Startup Time": 487.766,
                                                        "Actual Total Time": 1302.102,
                                                        "Actual Rows": 838500,
                                                        "Actual Loops": 1
                                                    }
                                                ],
                                                "Plans": [
                                                    {
                                                        "Node Type": "Index Scan",
                                                        "Parent Relationship": "Outer",
                                                        "Parallel Aware": true,
                                                        "Scan Direction": "Forward",
                                                        "Index Name": "role_id_cast_info",
                                                        "Relation Name": "cast_info",
                                                        "Schema": "public",
                                                        "Alias": "ci",
                                                        "Startup Cost": 0.56,
                                                        "Total Cost": 342814.42,
                                                        "Plan Rows": 1615609,
                                                        "Plan Width": 4,
                                                        "Actual Startup Time": 219.638,
                                                        "Actual Total Time": 476.274,
                                                        "Actual Rows": 1049496,
                                                        "Actual Loops": 6,
                                                        "Output": [
                                                            "ci.id",
                                                            "ci.person_id",
                                                            "ci.movie_id",
                                                            "ci.person_role_id",
                                                            "ci.note",
                                                            "ci.nr_order",
                                                            "ci.role_id"
                                                        ],
                                                        "Index Cond": "(ci.role_id < 2)",
                                                        "Rows Removed by Index Recheck": 0,
                                                        "Filter": "(ci.person_id > 869647)",
                                                        "Rows Removed by Filter": 1062285,
                                                        "Workers": [
                                                            {
                                                                "Worker Number": 0,
                                                                "Actual Startup Time": 219.573,
                                                                "Actual Total Time": 476.214,
                                                                "Actual Rows": 1088490,
                                                                "Actual Loops": 1
                                                            },
                                                            {
                                                                "Worker Number": 1,
                                                                "Actual Startup Time": 219.568,
                                                                "Actual Total Time": 474.652,
                                                                "Actual Rows": 1060020,
                                                                "Actual Loops": 1
                                                            },
                                                            {
                                                                "Worker Number": 2,
                                                                "Actual Startup Time": 219.652,
                                                                "Actual Total Time": 476.756,
                                                                "Actual Rows": 1094768,
                                                                "Actual Loops": 1
                                                            },
                                                            {
                                                                "Worker Number": 3,
                                                                "Actual Startup Time": 219.547,
                                                                "Actual Total Time": 476.427,
                                                                "Actual Rows": 1087320,
                                                                "Actual Loops": 1
                                                            },
                                                            {
                                                                "Worker Number": 4,
                                                                "Actual Startup Time": 219.743,
                                                                "Actual Total Time": 509.592,
                                                                "Actual Rows": 838500,
                                                                "Actual Loops": 1
                                                            }
                                                        ]
                                                    },
                                                    {
                                                        "Node Type": "Hash",
                                                        "Parent Relationship": "Inner",
                                                        "Parallel Aware": true,
                                                        "Startup Cost": 42318.81,
                                                        "Total Cost": 42318.81,
                                                        "Plan Rows": 632080,
                                                        "Plan Width": 4,
                                                        "Actual Startup Time": 264.212,
                                                        "Actual Total Time": 264.213,
                                                        "Actual Rows": 421385,
                                                        "Actual Loops": 6,
                                                        "Output": [
                                                            "t.id"
                                                        ],
                                                        "Hash Buckets": 4194304,
                                                        "Original Hash Buckets": 4194304,
                                                        "Hash Batches": 1,
                                                        "Original Hash Batches": 1,
                                                        "Peak Memory Usage": 131808,
                                                        "Workers": [
                                                            {
                                                                "Worker Number": 0,
                                                                "Actual Startup Time": 267.887,
                                                                "Actual Total Time": 267.888,
                                                                "Actual Rows": 423853,
                                                                "Actual Loops": 1
                                                            },
                                                            {
                                                                "Worker Number": 1,
                                                                "Actual Startup Time": 267.954,
                                                                "Actual Total Time": 267.955,
                                                                "Actual Rows": 412514,
                                                                "Actual Loops": 1
                                                            },
                                                            {
                                                                "Worker Number": 2,
                                                                "Actual Startup Time": 268.031,
                                                                "Actual Total Time": 268.032,
                                                                "Actual Rows": 411074,
                                                                "Actual Loops": 1
                                                            },
                                                            {
                                                                "Worker Number": 3,
                                                                "Actual Startup Time": 267.917,
                                                                "Actual Total Time": 267.919,
                                                                "Actual Rows": 419863,
                                                                "Actual Loops": 1
                                                            },
                                                            {
                                                                "Worker Number": 4,
                                                                "Actual Startup Time": 267.948,
                                                                "Actual Total Time": 267.949,
                                                                "Actual Rows": 312009,
                                                                "Actual Loops": 1
                                                            }
                                                        ],
                                                        "Plans": [
                                                            {
                                                                "Node Type": "Seq Scan",
                                                                "Parent Relationship": "Outer",
                                                                "Parallel Aware": true,
                                                                "Relation Name": "title",
                                                                "Schema": "public",
                                                                "Alias": "t",
                                                                "Startup Cost": 0.0,
                                                                "Total Cost": 42318.81,
                                                                "Plan Rows": 632080,
                                                                "Plan Width": 4,
                                                                "Actual Startup Time": 0.082,
                                                                "Actual Total Time": 78.865,
                                                                "Actual Rows": 421385,
                                                                "Actual Loops": 6,
                                                                "Output": [
                                                                    "t.id"
                                                                ],
                                                                "Workers": [
                                                                    {
                                                                        "Worker Number": 0,
                                                                        "Actual Startup Time": 0.098,
                                                                        "Actual Total Time": 81.496,
                                                                        "Actual Rows": 423853,
                                                                        "Actual Loops": 1
                                                                    },
                                                                    {
                                                                        "Worker Number": 1,
                                                                        "Actual Startup Time": 0.089,
                                                                        "Actual Total Time": 81.326,
                                                                        "Actual Rows": 412514,
                                                                        "Actual Loops": 1
                                                                    },
                                                                    {
                                                                        "Worker Number": 2,
                                                                        "Actual Startup Time": 0.093,
                                                                        "Actual Total Time": 78.49,
                                                                        "Actual Rows": 411074,
                                                                        "Actual Loops": 1
                                                                    },
                                                                    {
                                                                        "Worker Number": 3,
                                                                        "Actual Startup Time": 0.098,
                                                                        "Actual Total Time": 80.828,
                                                                        "Actual Rows": 419863,
                                                                        "Actual Loops": 1
                                                                    },
                                                                    {
                                                                        "Worker Number": 4,
                                                                        "Actual Startup Time": 0.095,
                                                                        "Actual Total Time": 83.594,
                                                                        "Actual Rows": 312009,
                                                                        "Actual Loops": 1
                                                                    }
                                                                ]
                                                            }
                                                        ]
                                                    }
                                                ]
                                            }
                                        ]
                                    }
                                ]
                            }
                        ]
                    }
                ]
            }
        ]
    },
    "Planning Time": 1.653,
    "Triggers": [],
    "Execution Time": 4165.349
}