[
  {
    "Plan": {
      "Node Type": "Aggregate",
      "Strategy": "Plain",
      "Partial Mode": "Finalize",
      "Parallel Aware": false,
      "Startup Cost": 332368.18,
      "Total Cost": 332368.19,
      "Plan Rows": 1,
      "Plan Width": 8,
      "Actual Startup Time": 638.321,
      "Actual Total Time": 682.128,
      "Actual Rows": 1,
      "Actual Loops": 1,
      "Plans": [
        {
          "Node Type": "Gather",
          "Parent Relationship": "Outer",
          "Parallel Aware": false,
          "Startup Cost": 332367.56,
          "Total Cost": 332368.17,
          "Plan Rows": 6,
          "Plan Width": 8,
          "Actual Startup Time": 638.159,
          "Actual Total Time": 682.117,
          "Actual Rows": 7,
          "Actual Loops": 1,
          "Workers Planned": 6,
          "Workers Launched": 6,
          "Single Copy": false,
          "Plans": [
            {
              "Node Type": "Aggregate",
              "Strategy": "Plain",
              "Partial Mode": "Partial",
              "Parent Relationship": "Outer",
              "Parallel Aware": false,
              "Startup Cost": 331367.56,
              "Total Cost": 331367.57,
              "Plan Rows": 1,
              "Plan Width": 8,
              "Actual Startup Time": 629.911,
              "Actual Total Time": 629.912,
              "Actual Rows": 1,
              "Actual Loops": 7,
              "Plans": [
                {
                  "Node Type": "Seq Scan",
                  "Parent Relationship": "Outer",
                  "Parallel Aware": true,
                  "Relation Name": "cast_info",
                  "Alias": "ci",
                  "Startup Cost": 0.0,
                  "Total Cost": 328211.39,
                  "Plan Rows": 1262466,
                  "Plan Width": 0,
                  "Actual Startup Time": 0.052,
                  "Actual Total Time": 572.361,
                  "Actual Rows": 1101775,
                  "Actual Loops": 7,
                  "Filter": "(person_id < 749144)",
                  "Rows Removed by Filter": 4075988
                }
              ]
            }
          ]
        }
      ]
    },
    "Planning Time": 0.11,
    "Triggers": [],
    "Execution Time": 682.187
  }
]