[
    {
        "Bao": {
            "Bao prediction": 472.684,
            "Bao recommended hint": "SET enable_mergejoin TO off; SET enable_indexscan TO off; "
        }
    },
    {
        "Plan": {
            "Node Type": "Aggregate",
            "Strategy": "Plain",
            "Partial Mode": "Finalize",
            "Parallel Aware": false,
            "Startup Cost": 347619.36,
            "Total Cost": 347619.37,
            "Plan Rows": 1,
            "Plan Width": 8,
            "Actual Startup Time": 871.075,
            "Actual Total Time": 916.937,
            "Actual Rows": 1,
            "Actual Loops": 1,
            "Output": [
                "count(*)"
            ],
            "Plans": [
                {
                    "Node Type": "Gather",
                    "Parent Relationship": "Outer",
                    "Parallel Aware": false,
                    "Startup Cost": 347618.73,
                    "Total Cost": 347619.34,
                    "Plan Rows": 6,
                    "Plan Width": 8,
                    "Actual Startup Time": 870.985,
                    "Actual Total Time": 916.929,
                    "Actual Rows": 7,
                    "Actual Loops": 1,
                    "Output": [
                        "(PARTIAL count(*))"
                    ],
                    "Workers Planned": 6,
                    "Workers Launched": 6,
                    "Single Copy": false,
                    "Plans": [
                        {
                            "Node Type": "Aggregate",
                            "Strategy": "Plain",
                            "Partial Mode": "Partial",
                            "Parent Relationship": "Outer",
                            "Parallel Aware": false,
                            "Startup Cost": 346618.73,
                            "Total Cost": 346618.74,
                            "Plan Rows": 1,
                            "Plan Width": 8,
                            "Actual Startup Time": 861.477,
                            "Actual Total Time": 861.478,
                            "Actual Rows": 1,
                            "Actual Loops": 7,
                            "Output": [
                                "PARTIAL count(*)"
                            ],
                            "Workers": [
                                {
                                    "Worker Number": 0,
                                    "Actual Startup Time": 859.528,
                                    "Actual Total Time": 859.529,
                                    "Actual Rows": 1,
                                    "Actual Loops": 1
                                },
                                {
                                    "Worker Number": 1,
                                    "Actual Startup Time": 859.673,
                                    "Actual Total Time": 859.673,
                                    "Actual Rows": 1,
                                    "Actual Loops": 1
                                },
                                {
                                    "Worker Number": 2,
                                    "Actual Startup Time": 859.653,
                                    "Actual Total Time": 859.655,
                                    "Actual Rows": 1,
                                    "Actual Loops": 1
                                },
                                {
                                    "Worker Number": 3,
                                    "Actual Startup Time": 860.215,
                                    "Actual Total Time": 860.216,
                                    "Actual Rows": 1,
                                    "Actual Loops": 1
                                },
                                {
                                    "Worker Number": 4,
                                    "Actual Startup Time": 860.548,
                                    "Actual Total Time": 860.549,
                                    "Actual Rows": 1,
                                    "Actual Loops": 1
                                },
                                {
                                    "Worker Number": 5,
                                    "Actual Startup Time": 860.643,
                                    "Actual Total Time": 860.644,
                                    "Actual Rows": 1,
                                    "Actual Loops": 1
                                }
                            ],
                            "Plans": [
                                {
                                    "Node Type": "Seq Scan",
                                    "Parent Relationship": "Outer",
                                    "Parallel Aware": true,
                                    "Relation Name": "cast_info",
                                    "Schema": "public",
                                    "Alias": "ci",
                                    "Startup Cost": 0.0,
                                    "Total Cost": 343318.94,
                                    "Plan Rows": 1319918,
                                    "Plan Width": 0,
                                    "Actual Startup Time": 578.712,
                                    "Actual Total Time": 791.675,
                                    "Actual Rows": 1175301,
                                    "Actual Loops": 7,
                                    "Output": [
                                        "id",
                                        "person_id",
                                        "movie_id",
                                        "person_role_id",
                                        "note",
                                        "nr_order",
                                        "role_id"
                                    ],
                                    "Filter": "((ci.person_id > 213418) AND (ci.role_id > 5))",
                                    "Rows Removed by Filter": 4002462,
                                    "Workers": [
                                        {
                                            "Worker Number": 0,
                                            "Actual Startup Time": 576.769,
                                            "Actual Total Time": 791.056,
                                            "Actual Rows": 1036977,
                                            "Actual Loops": 1
                                        },
                                        {
                                            "Worker Number": 1,
                                            "Actual Startup Time": 576.888,
                                            "Actual Total Time": 791.43,
                                            "Actual Rows": 1033621,
                                            "Actual Loops": 1
                                        },
                                        {
                                            "Worker Number": 2,
                                            "Actual Startup Time": 576.903,
                                            "Actual Total Time": 791.32,
                                            "Actual Rows": 1034595,
                                            "Actual Loops": 1
                                        },
                                        {
                                            "Worker Number": 3,
                                            "Actual Startup Time": 577.442,
                                            "Actual Total Time": 791.311,
                                            "Actual Rows": 1042408,
                                            "Actual Loops": 1
                                        },
                                        {
                                            "Worker Number": 4,
                                            "Actual Startup Time": 577.786,
                                            "Actual Total Time": 791.782,
                                            "Actual Rows": 1040998,
                                            "Actual Loops": 1
                                        },
                                        {
                                            "Worker Number": 5,
                                            "Actual Startup Time": 577.888,
                                            "Actual Total Time": 791.7,
                                            "Actual Rows": 1042796,
                                            "Actual Loops": 1
                                        }
                                    ]
                                }
                            ]
                        }
                    ]
                }
            ]
        },
        "Planning Time": 888.28,
        "Triggers": [],
        "Execution Time": 917.047
    }
]