{
  "Plan": {
    "Node Type": "Aggregate",
    "Strategy": "Plain",
    "Partial Mode": "Finalize",
    "Parallel Aware": false,
    "Startup Cost": 359920.98,
    "Total Cost": 359920.99,
    "Plan Rows": 1,
    "Plan Width": 8,
    "Actual Startup Time": 1687.306,
    "Actual Total Time": 1714.199,
    "Actual Rows": 1,
    "Actual Loops": 1,
    "Plans": [
      {
        "Node Type": "Gather",
        "Parent Relationship": "Outer",
        "Parallel Aware": false,
        "Startup Cost": 359920.86,
        "Total Cost": 359920.97,
        "Plan Rows": 1,
        "Plan Width": 8,
        "Actual Startup Time": 1680.441,
        "Actual Total Time": 1714.191,
        "Actual Rows": 2,
        "Actual Loops": 1,
        "Workers Planned": 1,
        "Workers Launched": 1,
        "Single Copy": false,
        "Plans": [
          {
            "Node Type": "Aggregate",
            "Strategy": "Plain",
            "Partial Mode": "Partial",
            "Parent Relationship": "Outer",
            "Parallel Aware": false,
            "Startup Cost": 358920.86,
            "Total Cost": 358920.87,
            "Plan Rows": 1,
            "Plan Width": 8,
            "Actual Startup Time": 1675.692,
            "Actual Total Time": 1675.7,
            "Actual Rows": 1,
            "Actual Loops": 2,
            "Plans": [
              {
                "Node Type": "Hash Join",
                "Parent Relationship": "Outer",
                "Parallel Aware": true,
                "Join Type": "Inner",
                "Startup Cost": 165936.86,
                "Total Cost": 358180.27,
                "Plan Rows": 296238,
                "Plan Width": 0,
                "Actual Startup Time": 957.301,
                "Actual Total Time": 1615.105,
                "Actual Rows": 1231742,
                "Actual Loops": 2,
                "Inner Unique": false,
                "Hash Cond": "(mi.movie_id = t.id)",
                "Plans": [
                  {
                    "Node Type": "Bitmap Heap Scan",
                    "Parent Relationship": "Outer",
                    "Parallel Aware": true,
                    "Relation Name": "movie_info",
                    "Alias": "mi",
                    "Startup Cost": 54025.71,
                    "Total Cost": 237947.81,
                    "Plan Rows": 1754328,
                    "Plan Width": 4,
                    "Actual Startup Time": 168.946,
                    "Actual Total Time": 351.35,
                    "Actual Rows": 1518360,
                    "Actual Loops": 2,
                    "Recheck Cond": "(info_type_id = 16)",
                    "Rows Removed by Index Recheck": 0,
                    "Exact Heap Blocks": 15126,
                    "Lossy Heap Blocks": 0,
                    "Plans": [
                      {
                        "Node Type": "Bitmap Index Scan",
                        "Parent Relationship": "Outer",
                        "Parallel Aware": false,
                        "Index Name": "info_type_id_movie_info",
                        "Startup Cost": 0.0,
                        "Total Cost": 53280.12,
                        "Plan Rows": 2982358,
                        "Plan Width": 0,
                        "Actual Startup Time": 162.412,
                        "Actual Total Time": 162.413,
                        "Actual Rows": 3036719,
                        "Actual Loops": 1,
                        "Index Cond": "(info_type_id = 16)"
                      }
                    ]
                  },
                  {
                    "Node Type": "Hash",
                    "Parent Relationship": "Inner",
                    "Parallel Aware": true,
                    "Startup Cost": 108771.95,
                    "Total Cost": 108771.95,
                    "Plan Rows": 251136,
                    "Plan Width": 8,
                    "Actual Startup Time": 782.329,
                    "Actual Total Time": 782.334,
                    "Actual Rows": 408094,
                    "Actual Loops": 2,
                    "Hash Buckets": 1048576,
                    "Original Hash Buckets": 524288,
                    "Hash Batches": 1,
                    "Original Hash Batches": 1,
                    "Peak Memory Usage": 44224,
                    "Plans": [
                      {
                        "Node Type": "Hash Join",
                        "Parent Relationship": "Outer",
                        "Parallel Aware": true,
                        "Join Type": "Inner",
                        "Startup Cost": 65176.27,
                        "Total Cost": 108771.95,
                        "Plan Rows": 251136,
                        "Plan Width": 8,
                        "Actual Startup Time": 371.382,
                        "Actual Total Time": 663.825,
                        "Actual Rows": 408094,
                        "Actual Loops": 2,
                        "Inner Unique": true,
                        "Hash Cond": "(mc.movie_id = t.id)",
                        "Plans": [
                          {
                            "Node Type": "Seq Scan",
                            "Parent Relationship": "Outer",
                            "Parallel Aware": true,
                            "Relation Name": "movie_companies",
                            "Alias": "mc",
                            "Startup Cost": 0.0,
                            "Total Cost": 41811.73,
                            "Plan Rows": 679601,
                            "Plan Width": 4,
                            "Actual Startup Time": 58.132,
                            "Actual Total Time": 146.118,
                            "Actual Rows": 632886,
                            "Actual Loops": 2,
                            "Filter": "((company_id > 160) AND (company_type_id > 1))",
                            "Rows Removed by Filter": 671679
                          },
                          {
                            "Node Type": "Hash",
                            "Parent Relationship": "Inner",
                            "Parallel Aware": true,
                            "Startup Cost": 58306.47,
                            "Total Cost": 58306.47,
                            "Plan Rows": 549584,
                            "Plan Width": 4,
                            "Actual Startup Time": 306.9,
                            "Actual Total Time": 306.901,
                            "Actual Rows": 449957,
                            "Actual Loops": 2,
                            "Hash Buckets": 1048576,
                            "Original Hash Buckets": 1048576,
                            "Hash Batches": 1,
                            "Original Hash Batches": 1,
                            "Peak Memory Usage": 43424,
                            "Plans": [
                              {
                                "Node Type": "Seq Scan",
                                "Parent Relationship": "Outer",
                                "Parallel Aware": true,
                                "Relation Name": "title",
                                "Alias": "t",
                                "Startup Cost": 0.0,
                                "Total Cost": 58306.47,
                                "Plan Rows": 549584,
                                "Plan Width": 4,
                                "Actual Startup Time": 0.043,
                                "Actual Total Time": 178.151,
                                "Actual Rows": 449957,
                                "Actual Loops": 2,
                                "Filter": "((kind_id < 7) AND (production_year > 1917))",
                                "Rows Removed by Filter": 814199
                              }
                            ]
                          }
                        ]
                      }
                    ]
                  }
                ]
              }
            ]
          }
        ]
      }
    ]
  },
  "Planning Time": 0.943,
  "Triggers": [],
  "Execution Time": 1714.306
}