[
  {
    "Plan": {
      "Node Type": "Aggregate",
      "Strategy": "Plain",
      "Partial Mode": "Finalize",
      "Parallel Aware": false,
      "Startup Cost": 61757.24,
      "Total Cost": 61757.25,
      "Plan Rows": 1,
      "Plan Width": 8,
      "Actual Startup Time": 207.931,
      "Actual Total Time": 223.544,
      "Actual Rows": 1,
      "Actual Loops": 1,
      "Plans": [
        {
          "Node Type": "Gather",
          "Parent Relationship": "Outer",
          "Parallel Aware": false,
          "Startup Cost": 61757.03,
          "Total Cost": 61757.24,
          "Plan Rows": 2,
          "Plan Width": 8,
          "Actual Startup Time": 207.468,
          "Actual Total Time": 223.536,
          "Actual Rows": 3,
          "Actual Loops": 1,
          "Workers Planned": 2,
          "Workers Launched": 2,
          "Single Copy": false,
          "Plans": [
            {
              "Node Type": "Aggregate",
              "Strategy": "Plain",
              "Partial Mode": "Partial",
              "Parent Relationship": "Outer",
              "Parallel Aware": false,
              "Startup Cost": 60757.03,
              "Total Cost": 60757.04,
              "Plan Rows": 1,
              "Plan Width": 8,
              "Actual Startup Time": 199.503,
              "Actual Total Time": 199.506,
              "Actual Rows": 1,
              "Actual Loops": 3,
              "Plans": [
                {
                  "Node Type": "Hash Join",
                  "Parent Relationship": "Outer",
                  "Parallel Aware": true,
                  "Join Type": "Inner",
                  "Startup Cost": 45549.71,
                  "Total Cost": 60744.27,
                  "Plan Rows": 5103,
                  "Plan Width": 0,
                  "Actual Startup Time": 151.908,
                  "Actual Total Time": 199.282,
                  "Actual Rows": 4302,
                  "Actual Loops": 3,
                  "Inner Unique": true,
                  "Hash Cond": "(mi_idx.movie_id = t.id)",
                  "Plans": [
                    {
                      "Node Type": "Seq Scan",
                      "Parent Relationship": "Outer",
                      "Parallel Aware": true,
                      "Relation Name": "movie_info_idx",
                      "Alias": "mi_idx",
                      "Startup Cost": 0.0,
                      "Total Cost": 13685.15,
                      "Plan Rows": 575015,
                      "Plan Width": 4,
                      "Actual Startup Time": 0.01,
                      "Actual Total Time": 37.128,
                      "Actual Rows": 460012,
                      "Actual Loops": 3
                    },
                    {
                      "Node Type": "Hash",
                      "Parent Relationship": "Inner",
                      "Parallel Aware": true,
                      "Startup Cost": 45479.59,
                      "Total Cost": 45479.59,
                      "Plan Rows": 5610,
                      "Plan Width": 4,
                      "Actual Startup Time": 120.05,
                      "Actual Total Time": 120.051,
                      "Actual Rows": 19949,
                      "Actual Loops": 3,
                      "Hash Buckets": 65536,
                      "Original Hash Buckets": 32768,
                      "Hash Batches": 1,
                      "Original Hash Batches": 1,
                      "Peak Memory Usage": 3136,
                      "Plans": [
                        {
                          "Node Type": "Seq Scan",
                          "Parent Relationship": "Outer",
                          "Parallel Aware": true,
                          "Relation Name": "title",
                          "Alias": "t",
                          "Startup Cost": 0.0,
                          "Total Cost": 45479.59,
                          "Plan Rows": 5610,
                          "Plan Width": 4,
                          "Actual Startup Time": 76.703,
                          "Actual Total Time": 113.074,
                          "Actual Rows": 19949,
                          "Actual Loops": 3,
                          "Filter": "((kind_id < 7) AND (production_year < 1915))",
                          "Rows Removed by Filter": 822822
                        }
                      ]
                    }
                  ]
                }
              ]
            }
          ]
        }
      ]
    },
    "Planning Time": 0.66,
    "Triggers": [],
    "Execution Time": 223.616
  }
]