[
  {
    "Plan": {
      "Node Type": "Aggregate",
      "Strategy": "Plain",
      "Partial Mode": "Finalize",
      "Parallel Aware": false,
      "Startup Cost": 61755.16,
      "Total Cost": 61755.17,
      "Plan Rows": 1,
      "Plan Width": 8,
      "Actual Startup Time": 199.226,
      "Actual Total Time": 212.729,
      "Actual Rows": 1,
      "Actual Loops": 1,
      "Plans": [
        {
          "Node Type": "Gather",
          "Parent Relationship": "Outer",
          "Parallel Aware": false,
          "Startup Cost": 61754.95,
          "Total Cost": 61755.16,
          "Plan Rows": 2,
          "Plan Width": 8,
          "Actual Startup Time": 198.83,
          "Actual Total Time": 212.709,
          "Actual Rows": 3,
          "Actual Loops": 1,
          "Workers Planned": 2,
          "Workers Launched": 2,
          "Single Copy": false,
          "Plans": [
            {
              "Node Type": "Aggregate",
              "Strategy": "Plain",
              "Partial Mode": "Partial",
              "Parent Relationship": "Outer",
              "Parallel Aware": false,
              "Startup Cost": 60754.95,
              "Total Cost": 60754.96,
              "Plan Rows": 1,
              "Plan Width": 8,
              "Actual Startup Time": 193.817,
              "Actual Total Time": 193.82,
              "Actual Rows": 1,
              "Actual Loops": 3,
              "Plans": [
                {
                  "Node Type": "Hash Join",
                  "Parent Relationship": "Outer",
                  "Parallel Aware": true,
                  "Join Type": "Inner",
                  "Startup Cost": 45547.87,
                  "Total Cost": 60742.43,
                  "Plan Rows": 5005,
                  "Plan Width": 0,
                  "Actual Startup Time": 147.205,
                  "Actual Total Time": 193.591,
                  "Actual Rows": 4302,
                  "Actual Loops": 3,
                  "Inner Unique": true,
                  "Hash Cond": "(mi_idx.movie_id = t.id)",
                  "Plans": [
                    {
                      "Node Type": "Seq Scan",
                      "Parent Relationship": "Outer",
                      "Parallel Aware": true,
                      "Relation Name": "movie_info_idx",
                      "Alias": "mi_idx",
                      "Startup Cost": 0.0,
                      "Total Cost": 13685.15,
                      "Plan Rows": 575015,
                      "Plan Width": 4,
                      "Actual Startup Time": 0.022,
                      "Actual Total Time": 35.744,
                      "Actual Rows": 460012,
                      "Actual Loops": 3
                    },
                    {
                      "Node Type": "Hash",
                      "Parent Relationship": "Inner",
                      "Parallel Aware": true,
                      "Startup Cost": 45479.1,
                      "Total Cost": 45479.1,
                      "Plan Rows": 5502,
                      "Plan Width": 4,
                      "Actual Startup Time": 115.599,
                      "Actual Total Time": 115.6,
                      "Actual Rows": 19949,
                      "Actual Loops": 3,
                      "Hash Buckets": 65536,
                      "Original Hash Buckets": 32768,
                      "Hash Batches": 1,
                      "Original Hash Batches": 1,
                      "Peak Memory Usage": 3136,
                      "Plans": [
                        {
                          "Node Type": "Seq Scan",
                          "Parent Relationship": "Outer",
                          "Parallel Aware": true,
                          "Relation Name": "title",
                          "Alias": "t",
                          "Startup Cost": 0.0,
                          "Total Cost": 45479.1,
                          "Plan Rows": 5502,
                          "Plan Width": 4,
                          "Actual Startup Time": 72.298,
                          "Actual Total Time": 108.729,
                          "Actual Rows": 19949,
                          "Actual Loops": 3,
                          "Filter": "((kind_id < 7) AND (production_year < 1915))",
                          "Rows Removed by Filter": 822822
                        }
                      ]
                    }
                  ]
                }
              ]
            }
          ]
        }
      ]
    },
    "Planning Time": 0.798,
    "Triggers": [],
    "Execution Time": 212.799
  }
]