{
  "Plan": {
    "Node Type": "Aggregate",
    "Strategy": "Plain",
    "Partial Mode": "Finalize",
    "Parallel Aware": false,
    "Startup Cost": 120297.17,
    "Total Cost": 120297.18,
    "Plan Rows": 1,
    "Plan Width": 8,
    "Actual Startup Time": 556.828,
    "Actual Total Time": 576.457,
    "Actual Rows": 1,
    "Actual Loops": 1,
    "Plans": [
      {
        "Node Type": "Gather",
        "Parent Relationship": "Outer",
        "Parallel Aware": false,
        "Startup Cost": 120297.05,
        "Total Cost": 120297.16,
        "Plan Rows": 1,
        "Plan Width": 8,
        "Actual Startup Time": 556.463,
        "Actual Total Time": 576.449,
        "Actual Rows": 2,
        "Actual Loops": 1,
        "Workers Planned": 1,
        "Workers Launched": 1,
        "Single Copy": false,
        "Plans": [
          {
            "Node Type": "Aggregate",
            "Strategy": "Plain",
            "Partial Mode": "Partial",
            "Parent Relationship": "Outer",
            "Parallel Aware": false,
            "Startup Cost": 119297.05,
            "Total Cost": 119297.06,
            "Plan Rows": 1,
            "Plan Width": 8,
            "Actual Startup Time": 550.474,
            "Actual Total Time": 550.48,
            "Actual Rows": 1,
            "Actual Loops": 2,
            "Plans": [
              {
                "Node Type": "Hash Join",
                "Parent Relationship": "Outer",
                "Parallel Aware": true,
                "Join Type": "Inner",
                "Startup Cost": 55163.38,
                "Total Cost": 119113.48,
                "Plan Rows": 73429,
                "Plan Width": 0,
                "Actual Startup Time": 239.65,
                "Actual Total Time": 549.619,
                "Actual Rows": 14326,
                "Actual Loops": 2,
                "Inner Unique": true,
                "Hash Cond": "(mk.movie_id = t.id)",
                "Plans": [
                  {
                    "Node Type": "Seq Scan",
                    "Parent Relationship": "Outer",
                    "Parallel Aware": true,
                    "Relation Name": "movie_keyword",
                    "Alias": "mk",
                    "Startup Cost": 0.0,
                    "Total Cost": 57718.19,
                    "Plan Rows": 2374058,
                    "Plan Width": 4,
                    "Actual Startup Time": 0.029,
                    "Actual Total Time": 235.783,
                    "Actual Rows": 2010972,
                    "Actual Loops": 2,
                    "Filter": "(keyword_id > 359)",
                    "Rows Removed by Filter": 250992
                  },
                  {
                    "Node Type": "Hash",
                    "Parent Relationship": "Inner",
                    "Parallel Aware": true,
                    "Startup Cost": 54588.39,
                    "Total Cost": 54588.39,
                    "Plan Rows": 45999,
                    "Plan Width": 4,
                    "Actual Startup Time": 166.489,
                    "Actual Total Time": 166.49,
                    "Actual Rows": 40824,
                    "Actual Loops": 2,
                    "Hash Buckets": 131072,
                    "Original Hash Buckets": 131072,
                    "Hash Batches": 1,
                    "Original Hash Batches": 1,
                    "Peak Memory Usage": 4256,
                    "Plans": [
                      {
                        "Node Type": "Seq Scan",
                        "Parent Relationship": "Outer",
                        "Parallel Aware": true,
                        "Relation Name": "title",
                        "Alias": "t",
                        "Startup Cost": 0.0,
                        "Total Cost": 54588.39,
                        "Plan Rows": 45999,
                        "Plan Width": 4,
                        "Actual Startup Time": 78.027,
                        "Actual Total Time": 156.099,
                        "Actual Rows": 40824,
                        "Actual Loops": 2,
                        "Filter": "(production_year < 1919)",
                        "Rows Removed by Filter": 1223332
                      }
                    ]
                  }
                ]
              }
            ]
          }
        ]
      }
    ]
  },
  "Planning Time": 0.479,
  "Triggers": [],
  "Execution Time": 576.529
}