[
    {
        "Bao": {
            "Bao prediction": "NaN",
            "Bao recommended hint": "(no hint)"
        }
    },
    {
        "Plan": {
            "Node Type": "Aggregate",
            "Strategy": "Plain",
            "Partial Mode": "Finalize",
            "Parallel Aware": false,
            "Startup Cost": 237241.45,
            "Total Cost": 237241.46,
            "Plan Rows": 1,
            "Plan Width": 8,
            "Actual Startup Time": 523.157,
            "Actual Total Time": 534.22,
            "Actual Rows": 1,
            "Actual Loops": 1,
            "Output": [
                "count(*)"
            ],
            "Plans": [
                {
                    "Node Type": "Gather",
                    "Parent Relationship": "Outer",
                    "Parallel Aware": false,
                    "Startup Cost": 237240.93,
                    "Total Cost": 237241.44,
                    "Plan Rows": 5,
                    "Plan Width": 8,
                    "Actual Startup Time": 521.504,
                    "Actual Total Time": 534.212,
                    "Actual Rows": 6,
                    "Actual Loops": 1,
                    "Output": [
                        "(PARTIAL count(*))"
                    ],
                    "Workers Planned": 5,
                    "Workers Launched": 5,
                    "Single Copy": false,
                    "Plans": [
                        {
                            "Node Type": "Aggregate",
                            "Strategy": "Plain",
                            "Partial Mode": "Partial",
                            "Parent Relationship": "Outer",
                            "Parallel Aware": false,
                            "Startup Cost": 236240.93,
                            "Total Cost": 236240.94,
                            "Plan Rows": 1,
                            "Plan Width": 8,
                            "Actual Startup Time": 510.884,
                            "Actual Total Time": 510.889,
                            "Actual Rows": 1,
                            "Actual Loops": 6,
                            "Output": [
                                "PARTIAL count(*)"
                            ],
                            "Workers": [
                                {
                                    "Worker Number": 0,
                                    "Actual Startup Time": 509.069,
                                    "Actual Total Time": 509.072,
                                    "Actual Rows": 1,
                                    "Actual Loops": 1
                                },
                                {
                                    "Worker Number": 1,
                                    "Actual Startup Time": 508.421,
                                    "Actual Total Time": 508.425,
                                    "Actual Rows": 1,
                                    "Actual Loops": 1
                                },
                                {
                                    "Worker Number": 2,
                                    "Actual Startup Time": 509.285,
                                    "Actual Total Time": 509.287,
                                    "Actual Rows": 1,
                                    "Actual Loops": 1
                                },
                                {
                                    "Worker Number": 3,
                                    "Actual Startup Time": 508.864,
                                    "Actual Total Time": 508.867,
                                    "Actual Rows": 1,
                                    "Actual Loops": 1
                                },
                                {
                                    "Worker Number": 4,
                                    "Actual Startup Time": 508.775,
                                    "Actual Total Time": 508.78,
                                    "Actual Rows": 1,
                                    "Actual Loops": 1
                                }
                            ],
                            "Plans": [
                                {
                                    "Node Type": "Nested Loop",
                                    "Parent Relationship": "Outer",
                                    "Parallel Aware": false,
                                    "Join Type": "Inner",
                                    "Startup Cost": 54482.81,
                                    "Total Cost": 236176.84,
                                    "Plan Rows": 25634,
                                    "Plan Width": 0,
                                    "Actual Startup Time": 136.245,
                                    "Actual Total Time": 475.963,
                                    "Actual Rows": 742550,
                                    "Actual Loops": 6,
                                    "Inner Unique": false,
                                    "Workers": [
                                        {
                                            "Worker Number": 0,
                                            "Actual Startup Time": 133.821,
                                            "Actual Total Time": 473.79,
                                            "Actual Rows": 789899,
                                            "Actual Loops": 1
                                        },
                                        {
                                            "Worker Number": 1,
                                            "Actual Startup Time": 133.725,
                                            "Actual Total Time": 476.294,
                                            "Actual Rows": 735772,
                                            "Actual Loops": 1
                                        },
                                        {
                                            "Worker Number": 2,
                                            "Actual Startup Time": 134.572,
                                            "Actual Total Time": 471.924,
                                            "Actual Rows": 537887,
                                            "Actual Loops": 1
                                        },
                                        {
                                            "Worker Number": 3,
                                            "Actual Startup Time": 134.659,
                                            "Actual Total Time": 474.234,
                                            "Actual Rows": 778648,
                                            "Actual Loops": 1
                                        },
                                        {
                                            "Worker Number": 4,
                                            "Actual Startup Time": 134.574,
                                            "Actual Total Time": 473.13,
                                            "Actual Rows": 801053,
                                            "Actual Loops": 1
                                        }
                                    ],
                                    "Plans": [
                                        {
                                            "Node Type": "Hash Join",
                                            "Parent Relationship": "Outer",
                                            "Parallel Aware": true,
                                            "Join Type": "Inner",
                                            "Startup Cost": 54482.38,
                                            "Total Cost": 217890.28,
                                            "Plan Rows": 24840,
                                            "Plan Width": 8,
                                            "Actual Startup Time": 136.13,
                                            "Actual Total Time": 164.667,
                                            "Actual Rows": 57708,
                                            "Actual Loops": 6,
                                            "Output": [
                                                "t.id",
                                                "mi.movie_id"
                                            ],
                                            "Inner Unique": true,
                                            "Hash Cond": "(mi.movie_id = t.id)",
                                            "Workers": [
                                                {
                                                    "Worker Number": 0,
                                                    "Actual Startup Time": 133.682,
                                                    "Actual Total Time": 163.042,
                                                    "Actual Rows": 61116,
                                                    "Actual Loops": 1
                                                },
                                                {
                                                    "Worker Number": 1,
                                                    "Actual Startup Time": 133.588,
                                                    "Actual Total Time": 162.693,
                                                    "Actual Rows": 57351,
                                                    "Actual Loops": 1
                                                },
                                                {
                                                    "Worker Number": 2,
                                                    "Actual Startup Time": 134.453,
                                                    "Actual Total Time": 160.874,
                                                    "Actual Rows": 39655,
                                                    "Actual Loops": 1
                                                },
                                                {
                                                    "Worker Number": 3,
                                                    "Actual Startup Time": 134.528,
                                                    "Actual Total Time": 164.139,
                                                    "Actual Rows": 62943,
                                                    "Actual Loops": 1
                                                },
                                                {
                                                    "Worker Number": 4,
                                                    "Actual Startup Time": 134.45,
                                                    "Actual Total Time": 162.434,
                                                    "Actual Rows": 60022,
                                                    "Actual Loops": 1
                                                }
                                            ],
                                            "Plans": [
                                                {
                                                    "Node Type": "Bitmap Heap Scan",
                                                    "Parent Relationship": "Outer",
                                                    "Parallel Aware": true,
                                                    "Relation Name": "movie_info",
                                                    "Schema": "public",
                                                    "Alias": "mi",
                                                    "Startup Cost": 8485.4,
                                                    "Total Cost": 171647.74,
                                                    "Plan Rows": 93547,
                                                    "Plan Width": 4,
                                                    "Actual Startup Time": 20.73,
                                                    "Actual Total Time": 33.057,
                                                    "Actual Rows": 81092,
                                                    "Actual Loops": 6,
                                                    "Output": [
                                                        "mi.id",
                                                        "mi.movie_id",
                                                        "mi.info_type_id",
                                                        "mi.info",
                                                        "mi.note"
                                                    ],
                                                    "Recheck Cond": "(mi.info_type_id = 5)",
                                                    "Rows Removed by Index Recheck": 0,
                                                    "Exact Heap Blocks": 1341,
                                                    "Lossy Heap Blocks": 0,
                                                    "Workers": [
                                                        {
                                                            "Worker Number": 0,
                                                            "Actual Startup Time": 20.772,
                                                            "Actual Total Time": 32.985,
                                                            "Actual Rows": 83851,
                                                            "Actual Loops": 1
                                                        },
                                                        {
                                                            "Worker Number": 1,
                                                            "Actual Startup Time": 20.74,
                                                            "Actual Total Time": 33.943,
                                                            "Actual Rows": 77643,
                                                            "Actual Loops": 1
                                                        },
                                                        {
                                                            "Worker Number": 2,
                                                            "Actual Startup Time": 20.758,
                                                            "Actual Total Time": 33.261,
                                                            "Actual Rows": 58571,
                                                            "Actual Loops": 1
                                                        },
                                                        {
                                                            "Worker Number": 3,
                                                            "Actual Startup Time": 20.77,
                                                            "Actual Total Time": 33.365,
                                                            "Actual Rows": 86469,
                                                            "Actual Loops": 1
                                                        },
                                                        {
                                                            "Worker Number": 4,
                                                            "Actual Startup Time": 20.743,
                                                            "Actual Total Time": 33.027,
                                                            "Actual Rows": 82250,
                                                            "Actual Loops": 1
                                                        }
                                                    ],
                                                    "Plans": [
                                                        {
                                                            "Node Type": "Bitmap Index Scan",
                                                            "Parent Relationship": "Outer",
                                                            "Parallel Aware": false,
                                                            "Index Name": "info_type_id_movie_info",
                                                            "Startup Cost": 0.0,
                                                            "Total Cost": 8368.46,
                                                            "Plan Rows": 467737,
                                                            "Plan Width": 0,
                                                            "Actual Startup Time": 19.881,
                                                            "Actual Total Time": 19.882,
                                                            "Actual Rows": 486554,
                                                            "Actual Loops": 1,
                                                            "Index Cond": "(mi.info_type_id = 5)"
                                                        }
                                                    ]
                                                },
                                                {
                                                    "Node Type": "Hash",
                                                    "Parent Relationship": "Inner",
                                                    "Parallel Aware": true,
                                                    "Startup Cost": 43899.01,
                                                    "Total Cost": 43899.01,
                                                    "Plan Rows": 167838,
                                                    "Plan Width": 4,
                                                    "Actual Startup Time": 103.929,
                                                    "Actual Total Time": 103.929,
                                                    "Actual Rows": 110471,
                                                    "Actual Loops": 6,
                                                    "Output": [
                                                        "t.id"
                                                    ],
                                                    "Hash Buckets": 1048576,
                                                    "Original Hash Buckets": 1048576,
                                                    "Hash Batches": 1,
                                                    "Original Hash Batches": 1,
                                                    "Peak Memory Usage": 34240,
                                                    "Workers": [
                                                        {
                                                            "Worker Number": 0,
                                                            "Actual Startup Time": 103.078,
                                                            "Actual Total Time": 103.079,
                                                            "Actual Rows": 114731,
                                                            "Actual Loops": 1
                                                        },
                                                        {
                                                            "Worker Number": 1,
                                                            "Actual Startup Time": 102.928,
                                                            "Actual Total Time": 102.929,
                                                            "Actual Rows": 97366,
                                                            "Actual Loops": 1
                                                        },
                                                        {
                                                            "Worker Number": 2,
                                                            "Actual Startup Time": 103.757,
                                                            "Actual Total Time": 103.757,
                                                            "Actual Rows": 78482,
                                                            "Actual Loops": 1
                                                        },
                                                        {
                                                            "Worker Number": 3,
                                                            "Actual Startup Time": 103.837,
                                                            "Actual Total Time": 103.837,
                                                            "Actual Rows": 117867,
                                                            "Actual Loops": 1
                                                        },
                                                        {
                                                            "Worker Number": 4,
                                                            "Actual Startup Time": 103.767,
                                                            "Actual Total Time": 103.768,
                                                            "Actual Rows": 116243,
                                                            "Actual Loops": 1
                                                        }
                                                    ],
                                                    "Plans": [
                                                        {
                                                            "Node Type": "Seq Scan",
                                                            "Parent Relationship": "Outer",
                                                            "Parallel Aware": true,
                                                            "Relation Name": "title",
                                                            "Schema": "public",
                                                            "Alias": "t",
                                                            "Startup Cost": 0.0,
                                                            "Total Cost": 43899.01,
                                                            "Plan Rows": 167838,
                                                            "Plan Width": 4,
                                                            "Actual Startup Time": 35.417,
                                                            "Actual Total Time": 70.825,
                                                            "Actual Rows": 110471,
                                                            "Actual Loops": 6,
                                                            "Output": [
                                                                "t.id"
                                                            ],
                                                            "Filter": "(t.kind_id = 1)",
                                                            "Rows Removed by Filter": 310914,
                                                            "Workers": [
                                                                {
                                                                    "Worker Number": 0,
                                                                    "Actual Startup Time": 40.934,
                                                                    "Actual Total Time": 70.44,
                                                                    "Actual Rows": 114731,
                                                                    "Actual Loops": 1
                                                                },
                                                                {
                                                                    "Worker Number": 1,
                                                                    "Actual Startup Time": 40.844,
                                                                    "Actual Total Time": 68.622,
                                                                    "Actual Rows": 97366,
                                                                    "Actual Loops": 1
                                                                },
                                                                {
                                                                    "Worker Number": 2,
                                                                    "Actual Startup Time": 41.788,
                                                                    "Actual Total Time": 72.5,
                                                                    "Actual Rows": 78482,
                                                                    "Actual Loops": 1
                                                                },
                                                                {
                                                                    "Worker Number": 3,
                                                                    "Actual Startup Time": 41.698,
                                                                    "Actual Total Time": 71.436,
                                                                    "Actual Rows": 117867,
                                                                    "Actual Loops": 1
                                                                },
                                                                {
                                                                    "Worker Number": 4,
                                                                    "Actual Startup Time": 41.703,
                                                                    "Actual Total Time": 71.271,
                                                                    "Actual Rows": 116243,
                                                                    "Actual Loops": 1
                                                                }
                                                            ]
                                                        }
                                                    ]
                                                }
                                            ]
                                        },
                                        {
                                            "Node Type": "Index Only Scan",
                                            "Parent Relationship": "Inner",
                                            "Parallel Aware": false,
                                            "Scan Direction": "Forward",
                                            "Index Name": "movie_id_movie_companies",
                                            "Relation Name": "movie_companies",
                                            "Schema": "public",
                                            "Alias": "mc",
                                            "Startup Cost": 0.43,
                                            "Total Cost": 0.69,
                                            "Plan Rows": 5,
                                            "Plan Width": 4,
                                            "Actual Startup Time": 0.002,
                                            "Actual Total Time": 0.004,
                                            "Actual Rows": 13,
                                            "Actual Loops": 346247,
                                            "Output": [
                                                "mc.movie_id"
                                            ],
                                            "Index Cond": "(mc.movie_id = t.id)",
                                            "Rows Removed by Index Recheck": 0,
                                            "Heap Fetches": 4455301,
                                            "Workers": [
                                                {
                                                    "Worker Number": 0,
                                                    "Actual Startup Time": 0.002,
                                                    "Actual Total Time": 0.004,
                                                    "Actual Rows": 13,
                                                    "Actual Loops": 61116
                                                },
                                                {
                                                    "Worker Number": 1,
                                                    "Actual Startup Time": 0.002,
                                                    "Actual Total Time": 0.004,
                                                    "Actual Rows": 13,
                                                    "Actual Loops": 57351
                                                },
                                                {
                                                    "Worker Number": 2,
                                                    "Actual Startup Time": 0.003,
                                                    "Actual Total Time": 0.006,
                                                    "Actual Rows": 14,
                                                    "Actual Loops": 39655
                                                },
                                                {
                                                    "Worker Number": 3,
                                                    "Actual Startup Time": 0.002,
                                                    "Actual Total Time": 0.004,
                                                    "Actual Rows": 12,
                                                    "Actual Loops": 62943
                                                },
                                                {
                                                    "Worker Number": 4,
                                                    "Actual Startup Time": 0.002,
                                                    "Actual Total Time": 0.004,
                                                    "Actual Rows": 13,
                                                    "Actual Loops": 60022
                                                }
                                            ]
                                        }
                                    ]
                                }
                            ]
                        }
                    ]
                }
            ]
        },
        "Planning Time": 174.411,
        "Triggers": [],
        "Execution Time": 534.358
    }
]