[
  {
    "Plan": {
      "Node Type": "Aggregate",
      "Strategy": "Plain",
      "Partial Mode": "Finalize",
      "Parallel Aware": false,
      "Startup Cost": 33391.52,
      "Total Cost": 33391.53,
      "Plan Rows": 1,
      "Plan Width": 8,
      "Actual Startup Time": 91.979,
      "Actual Total Time": 99.228,
      "Actual Rows": 1,
      "Actual Loops": 1,
      "Plans": [
        {
          "Node Type": "Gather",
          "Parent Relationship": "Outer",
          "Parallel Aware": false,
          "Startup Cost": 33391.2,
          "Total Cost": 33391.51,
          "Plan Rows": 3,
          "Plan Width": 8,
          "Actual Startup Time": 91.876,
          "Actual Total Time": 99.22,
          "Actual Rows": 4,
          "Actual Loops": 1,
          "Workers Planned": 3,
          "Workers Launched": 3,
          "Single Copy": false,
          "Plans": [
            {
              "Node Type": "Aggregate",
              "Strategy": "Plain",
              "Partial Mode": "Partial",
              "Parent Relationship": "Outer",
              "Parallel Aware": false,
              "Startup Cost": 32391.2,
              "Total Cost": 32391.21,
              "Plan Rows": 1,
              "Plan Width": 8,
              "Actual Startup Time": 86.626,
              "Actual Total Time": 86.627,
              "Actual Rows": 1,
              "Actual Loops": 4,
              "Plans": [
                {
                  "Node Type": "Seq Scan",
                  "Parent Relationship": "Outer",
                  "Parallel Aware": true,
                  "Relation Name": "movie_companies",
                  "Alias": "mc",
                  "Startup Cost": 0.0,
                  "Total Cost": 31414.82,
                  "Plan Rows": 390553,
                  "Plan Width": 0,
                  "Actual Startup Time": 38.854,
                  "Actual Total Time": 75.204,
                  "Actual Rows": 274298,
                  "Actual Loops": 4,
                  "Filter": "((company_id < 103641) AND (company_type_id = 2))",
                  "Rows Removed by Filter": 377984
                }
              ]
            }
          ]
        }
      ]
    },
    "Planning Time": 0.093,
    "Triggers": [],
    "Execution Time": 99.261
  }
]