[
  {
    "Plan": {
      "Node Type": "Aggregate",
      "Strategy": "Plain",
      "Partial Mode": "Finalize",
      "Parallel Aware": false,
      "Startup Cost": 61728.26,
      "Total Cost": 61728.27,
      "Plan Rows": 1,
      "Plan Width": 8,
      "Actual Startup Time": 255.71,
      "Actual Total Time": 275.713,
      "Actual Rows": 1,
      "Actual Loops": 1,
      "Plans": [
        {
          "Node Type": "Gather",
          "Parent Relationship": "Outer",
          "Parallel Aware": false,
          "Startup Cost": 61728.04,
          "Total Cost": 61728.25,
          "Plan Rows": 2,
          "Plan Width": 8,
          "Actual Startup Time": 255.324,
          "Actual Total Time": 275.704,
          "Actual Rows": 3,
          "Actual Loops": 1,
          "Workers Planned": 2,
          "Workers Launched": 2,
          "Single Copy": false,
          "Plans": [
            {
              "Node Type": "Aggregate",
              "Strategy": "Plain",
              "Partial Mode": "Partial",
              "Parent Relationship": "Outer",
              "Parallel Aware": false,
              "Startup Cost": 60728.04,
              "Total Cost": 60728.05,
              "Plan Rows": 1,
              "Plan Width": 8,
              "Actual Startup Time": 247.974,
              "Actual Total Time": 247.978,
              "Actual Rows": 1,
              "Actual Loops": 3,
              "Plans": [
                {
                  "Node Type": "Hash Join",
                  "Parent Relationship": "Outer",
                  "Parallel Aware": true,
                  "Join Type": "Inner",
                  "Startup Cost": 45525.11,
                  "Total Cost": 60719.67,
                  "Plan Rows": 3349,
                  "Plan Width": 0,
                  "Actual Startup Time": 182.757,
                  "Actual Total Time": 247.637,
                  "Actual Rows": 4302,
                  "Actual Loops": 3,
                  "Inner Unique": true,
                  "Hash Cond": "(mi_idx.movie_id = t.id)",
                  "Plans": [
                    {
                      "Node Type": "Seq Scan",
                      "Parent Relationship": "Outer",
                      "Parallel Aware": true,
                      "Relation Name": "movie_info_idx",
                      "Alias": "mi_idx",
                      "Startup Cost": 0.0,
                      "Total Cost": 13685.15,
                      "Plan Rows": 575015,
                      "Plan Width": 4,
                      "Actual Startup Time": 0.025,
                      "Actual Total Time": 48.603,
                      "Actual Rows": 460012,
                      "Actual Loops": 3
                    },
                    {
                      "Node Type": "Hash",
                      "Parent Relationship": "Inner",
                      "Parallel Aware": true,
                      "Startup Cost": 45479.1,
                      "Total Cost": 45479.1,
                      "Plan Rows": 3681,
                      "Plan Width": 4,
                      "Actual Startup Time": 139.686,
                      "Actual Total Time": 139.687,
                      "Actual Rows": 19949,
                      "Actual Loops": 3,
                      "Hash Buckets": 65536,
                      "Original Hash Buckets": 16384,
                      "Hash Batches": 1,
                      "Original Hash Batches": 1,
                      "Peak Memory Usage": 3296,
                      "Plans": [
                        {
                          "Node Type": "Seq Scan",
                          "Parent Relationship": "Outer",
                          "Parallel Aware": true,
                          "Relation Name": "title",
                          "Alias": "t",
                          "Startup Cost": 0.0,
                          "Total Cost": 45479.1,
                          "Plan Rows": 3681,
                          "Plan Width": 4,
                          "Actual Startup Time": 84.669,
                          "Actual Total Time": 131.153,
                          "Actual Rows": 19949,
                          "Actual Loops": 3,
                          "Filter": "((production_year < 1915) AND (kind_id = 1))",
                          "Rows Removed by Filter": 822822
                        }
                      ]
                    }
                  ]
                }
              ]
            }
          ]
        }
      ]
    },
    "Planning Time": 0.585,
    "Triggers": [],
    "Execution Time": 275.784
  }
]