[
    {
        "Bao": {
            "Bao prediction": "NaN",
            "Bao recommended hint": "(no hint)"
        }
    },
    {
        "Plan": {
            "Node Type": "Aggregate",
            "Strategy": "Plain",
            "Partial Mode": "Finalize",
            "Parallel Aware": false,
            "Startup Cost": 81890.08,
            "Total Cost": 81890.09,
            "Plan Rows": 1,
            "Plan Width": 8,
            "Actual Startup Time": 345.765,
            "Actual Total Time": 379.042,
            "Actual Rows": 1,
            "Actual Loops": 1,
            "Output": [
                "count(*)"
            ],
            "Plans": [
                {
                    "Node Type": "Gather",
                    "Parent Relationship": "Outer",
                    "Parallel Aware": false,
                    "Startup Cost": 81889.76,
                    "Total Cost": 81890.07,
                    "Plan Rows": 3,
                    "Plan Width": 8,
                    "Actual Startup Time": 345.291,
                    "Actual Total Time": 379.033,
                    "Actual Rows": 4,
                    "Actual Loops": 1,
                    "Output": [
                        "(PARTIAL count(*))"
                    ],
                    "Workers Planned": 3,
                    "Workers Launched": 3,
                    "Single Copy": false,
                    "Plans": [
                        {
                            "Node Type": "Aggregate",
                            "Strategy": "Plain",
                            "Partial Mode": "Partial",
                            "Parent Relationship": "Outer",
                            "Parallel Aware": false,
                            "Startup Cost": 80889.76,
                            "Total Cost": 80889.77,
                            "Plan Rows": 1,
                            "Plan Width": 8,
                            "Actual Startup Time": 336.638,
                            "Actual Total Time": 336.645,
                            "Actual Rows": 1,
                            "Actual Loops": 4,
                            "Output": [
                                "PARTIAL count(*)"
                            ],
                            "Workers": [
                                {
                                    "Worker Number": 0,
                                    "Actual Startup Time": 333.89,
                                    "Actual Total Time": 333.894,
                                    "Actual Rows": 1,
                                    "Actual Loops": 1
                                },
                                {
                                    "Worker Number": 1,
                                    "Actual Startup Time": 333.941,
                                    "Actual Total Time": 333.956,
                                    "Actual Rows": 1,
                                    "Actual Loops": 1
                                },
                                {
                                    "Worker Number": 2,
                                    "Actual Startup Time": 333.825,
                                    "Actual Total Time": 333.829,
                                    "Actual Rows": 1,
                                    "Actual Loops": 1
                                }
                            ],
                            "Plans": [
                                {
                                    "Node Type": "Nested Loop",
                                    "Parent Relationship": "Outer",
                                    "Parallel Aware": false,
                                    "Join Type": "Inner",
                                    "Startup Cost": 50187.75,
                                    "Total Cost": 80849.15,
                                    "Plan Rows": 16243,
                                    "Plan Width": 0,
                                    "Actual Startup Time": 130.563,
                                    "Actual Total Time": 330.582,
                                    "Actual Rows": 58573,
                                    "Actual Loops": 4,
                                    "Inner Unique": false,
                                    "Join Filter": "(t.id = ci.movie_id)",
                                    "Rows Removed by Join Filter": 0,
                                    "Workers": [
                                        {
                                            "Worker Number": 0,
                                            "Actual Startup Time": 127.889,
                                            "Actual Total Time": 328.085,
                                            "Actual Rows": 38100,
                                            "Actual Loops": 1
                                        },
                                        {
                                            "Worker Number": 1,
                                            "Actual Startup Time": 127.988,
                                            "Actual Total Time": 328.677,
                                            "Actual Rows": 55598,
                                            "Actual Loops": 1
                                        },
                                        {
                                            "Worker Number": 2,
                                            "Actual Startup Time": 127.89,
                                            "Actual Total Time": 327.985,
                                            "Actual Rows": 38855,
                                            "Actual Loops": 1
                                        }
                                    ],
                                    "Plans": [
                                        {
                                            "Node Type": "Hash Join",
                                            "Parent Relationship": "Outer",
                                            "Parallel Aware": true,
                                            "Join Type": "Inner",
                                            "Startup Cost": 50187.19,
                                            "Total Cost": 70004.44,
                                            "Plan Rows": 1236,
                                            "Plan Width": 8,
                                            "Actual Startup Time": 130.44,
                                            "Actual Total Time": 156.326,
                                            "Actual Rows": 2384,
                                            "Actual Loops": 4,
                                            "Output": [
                                                "t.id",
                                                "mc.movie_id"
                                            ],
                                            "Inner Unique": true,
                                            "Hash Cond": "(mc.movie_id = t.id)",
                                            "Workers": [
                                                {
                                                    "Worker Number": 0,
                                                    "Actual Startup Time": 127.733,
                                                    "Actual Total Time": 149.415,
                                                    "Actual Rows": 1624,
                                                    "Actual Loops": 1
                                                },
                                                {
                                                    "Worker Number": 1,
                                                    "Actual Startup Time": 127.846,
                                                    "Actual Total Time": 149.426,
                                                    "Actual Rows": 2234,
                                                    "Actual Loops": 1
                                                },
                                                {
                                                    "Worker Number": 2,
                                                    "Actual Startup Time": 127.727,
                                                    "Actual Total Time": 147.409,
                                                    "Actual Rows": 1520,
                                                    "Actual Loops": 1
                                                }
                                            ],
                                            "Plans": [
                                                {
                                                    "Node Type": "Bitmap Heap Scan",
                                                    "Parent Relationship": "Outer",
                                                    "Parallel Aware": true,
                                                    "Relation Name": "movie_companies",
                                                    "Schema": "public",
                                                    "Alias": "mc",
                                                    "Startup Cost": 4564.15,
                                                    "Total Cost": 24203.13,
                                                    "Plan Rows": 67918,
                                                    "Plan Width": 4,
                                                    "Actual Startup Time": 33.19,
                                                    "Actual Total Time": 46.293,
                                                    "Actual Rows": 53658,
                                                    "Actual Loops": 4,
                                                    "Output": [
                                                        "mc.id",
                                                        "mc.movie_id",
                                                        "mc.company_id",
                                                        "mc.company_type_id",
                                                        "mc.note"
                                                    ],
                                                    "Recheck Cond": "(mc.company_id > 109335)",
                                                    "Rows Removed by Index Recheck": 0,
                                                    "Exact Heap Blocks": 1941,
                                                    "Lossy Heap Blocks": 0,
                                                    "Workers": [
                                                        {
                                                            "Worker Number": 0,
                                                            "Actual Startup Time": 33.24,
                                                            "Actual Total Time": 44.91,
                                                            "Actual Rows": 36630,
                                                            "Actual Loops": 1
                                                        },
                                                        {
                                                            "Worker Number": 1,
                                                            "Actual Startup Time": 33.254,
                                                            "Actual Total Time": 44.432,
                                                            "Actual Rows": 50421,
                                                            "Actual Loops": 1
                                                        },
                                                        {
                                                            "Worker Number": 2,
                                                            "Actual Startup Time": 33.215,
                                                            "Actual Total Time": 43.526,
                                                            "Actual Rows": 33744,
                                                            "Actual Loops": 1
                                                        }
                                                    ],
                                                    "Plans": [
                                                        {
                                                            "Node Type": "Bitmap Index Scan",
                                                            "Parent Relationship": "Outer",
                                                            "Parallel Aware": false,
                                                            "Index Name": "company_id_movie_companies",
                                                            "Startup Cost": 0.0,
                                                            "Total Cost": 4511.52,
                                                            "Plan Rows": 210545,
                                                            "Plan Width": 0,
                                                            "Actual Startup Time": 32.083,
                                                            "Actual Total Time": 32.083,
                                                            "Actual Rows": 214631,
                                                            "Actual Loops": 1,
                                                            "Index Cond": "(mc.company_id > 109335)"
                                                        }
                                                    ]
                                                },
                                                {
                                                    "Node Type": "Hash",
                                                    "Parent Relationship": "Inner",
                                                    "Parallel Aware": true,
                                                    "Startup Cost": 45479.21,
                                                    "Total Cost": 45479.21,
                                                    "Plan Rows": 11506,
                                                    "Plan Width": 4,
                                                    "Actual Startup Time": 96.547,
                                                    "Actual Total Time": 96.549,
                                                    "Actual Rows": 8872,
                                                    "Actual Loops": 4,
                                                    "Output": [
                                                        "t.id"
                                                    ],
                                                    "Hash Buckets": 65536,
                                                    "Original Hash Buckets": 65536,
                                                    "Hash Batches": 1,
                                                    "Original Hash Batches": 1,
                                                    "Peak Memory Usage": 1984,
                                                    "Workers": [
                                                        {
                                                            "Worker Number": 0,
                                                            "Actual Startup Time": 94.001,
                                                            "Actual Total Time": 94.002,
                                                            "Actual Rows": 6992,
                                                            "Actual Loops": 1
                                                        },
                                                        {
                                                            "Worker Number": 1,
                                                            "Actual Startup Time": 94.101,
                                                            "Actual Total Time": 94.105,
                                                            "Actual Rows": 11131,
                                                            "Actual Loops": 1
                                                        },
                                                        {
                                                            "Worker Number": 2,
                                                            "Actual Startup Time": 94.0,
                                                            "Actual Total Time": 94.0,
                                                            "Actual Rows": 6705,
                                                            "Actual Loops": 1
                                                        }
                                                    ],
                                                    "Plans": [
                                                        {
                                                            "Node Type": "Seq Scan",
                                                            "Parent Relationship": "Outer",
                                                            "Parallel Aware": true,
                                                            "Relation Name": "title",
                                                            "Schema": "public",
                                                            "Alias": "t",
                                                            "Startup Cost": 0.0,
                                                            "Total Cost": 45479.21,
                                                            "Plan Rows": 11506,
                                                            "Plan Width": 4,
                                                            "Actual Startup Time": 0.116,
                                                            "Actual Total Time": 92.895,
                                                            "Actual Rows": 8872,
                                                            "Actual Loops": 4,
                                                            "Output": [
                                                                "t.id"
                                                            ],
                                                            "Filter": "((t.kind_id < 7) AND (t.production_year = 2007))",
                                                            "Rows Removed by Filter": 623206,
                                                            "Workers": [
                                                                {
                                                                    "Worker Number": 0,
                                                                    "Actual Startup Time": 0.19,
                                                                    "Actual Total Time": 90.462,
                                                                    "Actual Rows": 6992,
                                                                    "Actual Loops": 1
                                                                },
                                                                {
                                                                    "Worker Number": 1,
                                                                    "Actual Startup Time": 0.157,
                                                                    "Actual Total Time": 90.548,
                                                                    "Actual Rows": 11131,
                                                                    "Actual Loops": 1
                                                                },
                                                                {
                                                                    "Worker Number": 2,
                                                                    "Actual Startup Time": 0.055,
                                                                    "Actual Total Time": 89.857,
                                                                    "Actual Rows": 6705,
                                                                    "Actual Loops": 1
                                                                }
                                                            ]
                                                        }
                                                    ]
                                                }
                                            ]
                                        },
                                        {
                                            "Node Type": "Index Scan",
                                            "Parent Relationship": "Inner",
                                            "Parallel Aware": false,
                                            "Scan Direction": "Forward",
                                            "Index Name": "movie_id_cast_info",
                                            "Relation Name": "cast_info",
                                            "Schema": "public",
                                            "Alias": "ci",
                                            "Startup Cost": 0.56,
                                            "Total Cost": 8.34,
                                            "Plan Rows": 35,
                                            "Plan Width": 4,
                                            "Actual Startup Time": 0.012,
                                            "Actual Total Time": 0.069,
                                            "Actual Rows": 25,
                                            "Actual Loops": 9535,
                                            "Output": [
                                                "ci.id",
                                                "ci.person_id",
                                                "ci.movie_id",
                                                "ci.person_role_id",
                                                "ci.note",
                                                "ci.nr_order",
                                                "ci.role_id"
                                            ],
                                            "Index Cond": "(ci.movie_id = mc.movie_id)",
                                            "Rows Removed by Index Recheck": 0,
                                            "Filter": "(ci.person_id < 3487757)",
                                            "Rows Removed by Filter": 4,
                                            "Workers": [
                                                {
                                                    "Worker Number": 0,
                                                    "Actual Startup Time": 0.019,
                                                    "Actual Total Time": 0.104,
                                                    "Actual Rows": 23,
                                                    "Actual Loops": 1624
                                                },
                                                {
                                                    "Worker Number": 1,
                                                    "Actual Startup Time": 0.014,
                                                    "Actual Total Time": 0.076,
                                                    "Actual Rows": 25,
                                                    "Actual Loops": 2234
                                                },
                                                {
                                                    "Worker Number": 2,
                                                    "Actual Startup Time": 0.019,
                                                    "Actual Total Time": 0.113,
                                                    "Actual Rows": 26,
                                                    "Actual Loops": 1520
                                                }
                                            ]
                                        }
                                    ]
                                }
                            ]
                        }
                    ]
                }
            ]
        },
        "Planning Time": 299.436,
        "Triggers": [],
        "Execution Time": 379.146
    }
]