[
  {
    "Plan": {
      "Node Type": "Aggregate",
      "Strategy": "Plain",
      "Partial Mode": "Finalize",
      "Parallel Aware": false,
      "Startup Cost": 95339.9,
      "Total Cost": 95339.91,
      "Plan Rows": 1,
      "Plan Width": 8,
      "Actual Startup Time": 411.405,
      "Actual Total Time": 428.752,
      "Actual Rows": 1,
      "Actual Loops": 1,
      "Plans": [
        {
          "Node Type": "Gather",
          "Parent Relationship": "Outer",
          "Parallel Aware": false,
          "Startup Cost": 95339.59,
          "Total Cost": 95339.9,
          "Plan Rows": 3,
          "Plan Width": 8,
          "Actual Startup Time": 410.112,
          "Actual Total Time": 428.742,
          "Actual Rows": 4,
          "Actual Loops": 1,
          "Workers Planned": 3,
          "Workers Launched": 3,
          "Single Copy": false,
          "Plans": [
            {
              "Node Type": "Aggregate",
              "Strategy": "Plain",
              "Partial Mode": "Partial",
              "Parent Relationship": "Outer",
              "Parallel Aware": false,
              "Startup Cost": 94339.59,
              "Total Cost": 94339.6,
              "Plan Rows": 1,
              "Plan Width": 8,
              "Actual Startup Time": 403.726,
              "Actual Total Time": 403.731,
              "Actual Rows": 1,
              "Actual Loops": 4,
              "Plans": [
                {
                  "Node Type": "Nested Loop",
                  "Parent Relationship": "Outer",
                  "Parallel Aware": false,
                  "Join Type": "Inner",
                  "Startup Cost": 59172.82,
                  "Total Cost": 94322.41,
                  "Plan Rows": 6870,
                  "Plan Width": 0,
                  "Actual Startup Time": 196.382,
                  "Actual Total Time": 398.469,
                  "Actual Rows": 98474,
                  "Actual Loops": 4,
                  "Inner Unique": false,
                  "Join Filter": "(t.id = mi_idx.movie_id)",
                  "Rows Removed by Join Filter": 0,
                  "Plans": [
                    {
                      "Node Type": "Hash Join",
                      "Parent Relationship": "Outer",
                      "Parallel Aware": true,
                      "Join Type": "Inner",
                      "Startup Cost": 59172.39,
                      "Total Cost": 86661.29,
                      "Plan Rows": 12587,
                      "Plan Width": 8,
                      "Actual Startup Time": 196.279,
                      "Actual Total Time": 268.004,
                      "Actual Rows": 42191,
                      "Actual Loops": 4,
                      "Inner Unique": true,
                      "Hash Cond": "(mk.movie_id = t.id)",
                      "Plans": [
                        {
                          "Node Type": "Bitmap Heap Scan",
                          "Parent Relationship": "Outer",
                          "Parallel Aware": true,
                          "Relation Name": "movie_keyword",
                          "Alias": "mk",
                          "Startup Cost": 13197.16,
                          "Total Cost": 40159.35,
                          "Plan Rows": 200655,
                          "Plan Width": 4,
                          "Actual Startup Time": 38.823,
                          "Actual Total Time": 97.157,
                          "Actual Rows": 158212,
                          "Actual Loops": 4,
                          "Recheck Cond": "(keyword_id < 495)",
                          "Rows Removed by Index Recheck": 0,
                          "Exact Heap Blocks": 6528,
                          "Lossy Heap Blocks": 0,
                          "Plans": [
                            {
                              "Node Type": "Bitmap Index Scan",
                              "Parent Relationship": "Outer",
                              "Parallel Aware": false,
                              "Index Name": "keyword_id_movie_keyword",
                              "Startup Cost": 0.0,
                              "Total Cost": 13041.66,
                              "Plan Rows": 622030,
                              "Plan Width": 0,
                              "Actual Startup Time": 35.215,
                              "Actual Total Time": 35.215,
                              "Actual Rows": 632848,
                              "Actual Loops": 1,
                              "Index Cond": "(keyword_id < 495)"
                            }
                          ]
                        },
                        {
                          "Node Type": "Hash",
                          "Parent Relationship": "Inner",
                          "Parallel Aware": true,
                          "Startup Cost": 45479.59,
                          "Total Cost": 45479.59,
                          "Plan Rows": 39651,
                          "Plan Width": 4,
                          "Actual Startup Time": 130.206,
                          "Actual Total Time": 130.207,
                          "Actual Rows": 75271,
                          "Actual Loops": 4,
                          "Hash Buckets": 524288,
                          "Original Hash Buckets": 262144,
                          "Hash Batches": 1,
                          "Original Hash Batches": 1,
                          "Peak Memory Usage": 17984,
                          "Plans": [
                            {
                              "Node Type": "Seq Scan",
                              "Parent Relationship": "Outer",
                              "Parallel Aware": true,
                              "Relation Name": "title",
                              "Alias": "t",
                              "Startup Cost": 0.0,
                              "Total Cost": 45479.59,
                              "Plan Rows": 39651,
                              "Plan Width": 4,
                              "Actual Startup Time": 55.803,
                              "Actual Total Time": 97.773,
                              "Actual Rows": 75271,
                              "Actual Loops": 4,
                              "Filter": "((kind_id < 2) AND (production_year < 1987))",
                              "Rows Removed by Filter": 556807
                            }
                          ]
                        }
                      ]
                    },
                    {
                      "Node Type": "Index Only Scan",
                      "Parent Relationship": "Inner",
                      "Parallel Aware": false,
                      "Scan Direction": "Forward",
                      "Index Name": "movie_id_movie_info_idx",
                      "Relation Name": "movie_info_idx",
                      "Alias": "mi_idx",
                      "Startup Cost": 0.43,
                      "Total Cost": 0.57,
                      "Plan Rows": 3,
                      "Plan Width": 4,
                      "Actual Startup Time": 0.002,
                      "Actual Total Time": 0.003,
                      "Actual Rows": 2,
                      "Actual Loops": 168763,
                      "Index Cond": "(movie_id = mk.movie_id)",
                      "Rows Removed by Index Recheck": 0,
                      "Heap Fetches": 393896
                    }
                  ]
                }
              ]
            }
          ]
        }
      ]
    },
    "Planning Time": 1.197,
    "Triggers": [],
    "Execution Time": 428.868
  }
]