[
  {
    "Plan": {
      "Node Type": "Aggregate",
      "Strategy": "Plain",
      "Partial Mode": "Finalize",
      "Parallel Aware": false,
      "Startup Cost": 46732.89,
      "Total Cost": 46732.9,
      "Plan Rows": 1,
      "Plan Width": 8,
      "Actual Startup Time": 115.428,
      "Actual Total Time": 128.958,
      "Actual Rows": 1,
      "Actual Loops": 1,
      "Plans": [
        {
          "Node Type": "Gather",
          "Parent Relationship": "Outer",
          "Parallel Aware": false,
          "Startup Cost": 46732.47,
          "Total Cost": 46732.88,
          "Plan Rows": 4,
          "Plan Width": 8,
          "Actual Startup Time": 115.287,
          "Actual Total Time": 128.949,
          "Actual Rows": 5,
          "Actual Loops": 1,
          "Workers Planned": 4,
          "Workers Launched": 4,
          "Single Copy": false,
          "Plans": [
            {
              "Node Type": "Aggregate",
              "Strategy": "Plain",
              "Partial Mode": "Partial",
              "Parent Relationship": "Outer",
              "Parallel Aware": false,
              "Startup Cost": 45732.47,
              "Total Cost": 45732.48,
              "Plan Rows": 1,
              "Plan Width": 8,
              "Actual Startup Time": 106.365,
              "Actual Total Time": 106.367,
              "Actual Rows": 1,
              "Actual Loops": 5,
              "Plans": [
                {
                  "Node Type": "Seq Scan",
                  "Parent Relationship": "Outer",
                  "Parallel Aware": true,
                  "Relation Name": "title",
                  "Alias": "t",
                  "Startup Cost": 0.0,
                  "Total Cost": 45479.1,
                  "Plan Rows": 101350,
                  "Plan Width": 0,
                  "Actual Startup Time": 61.522,
                  "Actual Total Time": 101.431,
                  "Actual Rows": 91229,
                  "Actual Loops": 5,
                  "Filter": "((production_year < 2007) AND (kind_id = 1))",
                  "Rows Removed by Filter": 414433
                }
              ]
            }
          ]
        }
      ]
    },
    "Planning Time": 0.243,
    "Triggers": [],
    "Execution Time": 129.024
  }
]