{
  "Plan": {
    "Node Type": "Aggregate",
    "Strategy": "Plain",
    "Partial Mode": "Finalize",
    "Parallel Aware": false,
    "Startup Cost": 296806.98,
    "Total Cost": 296806.99,
    "Plan Rows": 1,
    "Plan Width": 8,
    "Actual Startup Time": 1019.916,
    "Actual Total Time": 1034.451,
    "Actual Rows": 1,
    "Actual Loops": 1,
    "Plans": [
      {
        "Node Type": "Gather",
        "Parent Relationship": "Outer",
        "Parallel Aware": false,
        "Startup Cost": 296806.87,
        "Total Cost": 296806.98,
        "Plan Rows": 1,
        "Plan Width": 8,
        "Actual Startup Time": 1017.073,
        "Actual Total Time": 1034.443,
        "Actual Rows": 2,
        "Actual Loops": 1,
        "Workers Planned": 1,
        "Workers Launched": 1,
        "Single Copy": false,
        "Plans": [
          {
            "Node Type": "Aggregate",
            "Strategy": "Plain",
            "Partial Mode": "Partial",
            "Parent Relationship": "Outer",
            "Parallel Aware": false,
            "Startup Cost": 295806.87,
            "Total Cost": 295806.88,
            "Plan Rows": 1,
            "Plan Width": 8,
            "Actual Startup Time": 1009.169,
            "Actual Total Time": 1009.177,
            "Actual Rows": 1,
            "Actual Loops": 2,
            "Plans": [
              {
                "Node Type": "Hash Join",
                "Parent Relationship": "Outer",
                "Parallel Aware": true,
                "Join Type": "Inner",
                "Startup Cost": 114290.84,
                "Total Cost": 295532.08,
                "Plan Rows": 109915,
                "Plan Width": 0,
                "Actual Startup Time": 597.713,
                "Actual Total Time": 957.36,
                "Actual Rows": 1010876,
                "Actual Loops": 2,
                "Inner Unique": false,
                "Hash Cond": "(mi.movie_id = t.id)",
                "Plans": [
                  {
                    "Node Type": "Bitmap Heap Scan",
                    "Parent Relationship": "Outer",
                    "Parallel Aware": true,
                    "Relation Name": "movie_info",
                    "Alias": "mi",
                    "Startup Cost": 35254.11,
                    "Total Cost": 211556.11,
                    "Plan Rows": 1144719,
                    "Plan Width": 4,
                    "Actual Startup Time": 101.51,
                    "Actual Total Time": 247.945,
                    "Actual Rows": 932816,
                    "Actual Loops": 2,
                    "Recheck Cond": "(info_type_id > 17)",
                    "Rows Removed by Index Recheck": 0,
                    "Exact Heap Blocks": 19189,
                    "Lossy Heap Blocks": 0,
                    "Plans": [
                      {
                        "Node Type": "Bitmap Index Scan",
                        "Parent Relationship": "Outer",
                        "Parallel Aware": false,
                        "Index Name": "info_type_id_movie_info",
                        "Startup Cost": 0.0,
                        "Total Cost": 34767.61,
                        "Plan Rows": 1946023,
                        "Plan Width": 0,
                        "Actual Startup Time": 91.055,
                        "Actual Total Time": 91.055,
                        "Actual Rows": 1865632,
                        "Actual Loops": 1,
                        "Index Cond": "(info_type_id > 17)"
                      }
                    ]
                  },
                  {
                    "Node Type": "Hash",
                    "Parent Relationship": "Inner",
                    "Parallel Aware": true,
                    "Startup Cost": 77251.68,
                    "Total Cost": 77251.68,
                    "Plan Rows": 142803,
                    "Plan Width": 8,
                    "Actual Startup Time": 444.551,
                    "Actual Total Time": 444.556,
                    "Actual Rows": 210010,
                    "Actual Loops": 2,
                    "Hash Buckets": 524288,
                    "Original Hash Buckets": 262144,
                    "Hash Batches": 1,
                    "Original Hash Batches": 1,
                    "Peak Memory Usage": 22592,
                    "Plans": [
                      {
                        "Node Type": "Hash Join",
                        "Parent Relationship": "Outer",
                        "Parallel Aware": true,
                        "Join Type": "Inner",
                        "Startup Cost": 57740.43,
                        "Total Cost": 77251.68,
                        "Plan Rows": 142803,
                        "Plan Width": 8,
                        "Actual Startup Time": 266.659,
                        "Actual Total Time": 391.838,
                        "Actual Rows": 210010,
                        "Actual Loops": 2,
                        "Inner Unique": true,
                        "Hash Cond": "(mi_idx.movie_id = t.id)",
                        "Plans": [
                          {
                            "Node Type": "Seq Scan",
                            "Parent Relationship": "Outer",
                            "Parallel Aware": true,
                            "Relation Name": "movie_info_idx",
                            "Alias": "mi_idx",
                            "Startup Cost": 0.0,
                            "Total Cost": 18082.32,
                            "Plan Rows": 544356,
                            "Plan Width": 4,
                            "Actual Startup Time": 0.022,
                            "Actual Total Time": 74.479,
                            "Actual Rows": 460055,
                            "Actual Loops": 2,
                            "Filter": "(info_type_id > 99)",
                            "Rows Removed by Filter": 229962
                          },
                          {
                            "Node Type": "Hash",
                            "Parent Relationship": "Inner",
                            "Parallel Aware": true,
                            "Startup Cost": 52863.55,
                            "Total Cost": 52863.55,
                            "Plan Rows": 390151,
                            "Plan Width": 4,
                            "Actual Startup Time": 199.97,
                            "Actual Total Time": 199.972,
                            "Actual Rows": 331412,
                            "Actual Loops": 2,
                            "Hash Buckets": 1048576,
                            "Original Hash Buckets": 1048576,
                            "Hash Batches": 1,
                            "Original Hash Batches": 1,
                            "Peak Memory Usage": 34144,
                            "Plans": [
                              {
                                "Node Type": "Bitmap Heap Scan",
                                "Parent Relationship": "Outer",
                                "Parallel Aware": true,
                                "Relation Name": "title",
                                "Alias": "t",
                                "Startup Cost": 11988.66,
                                "Total Cost": 52863.55,
                                "Plan Rows": 390151,
                                "Plan Width": 4,
                                "Actual Startup Time": 35.356,
                                "Actual Total Time": 105.39,
                                "Actual Rows": 331412,
                                "Actual Loops": 2,
                                "Recheck Cond": "(kind_id = 1)",
                                "Rows Removed by Index Recheck": 0,
                                "Exact Heap Blocks": 6348,
                                "Lossy Heap Blocks": 0,
                                "Plans": [
                                  {
                                    "Node Type": "Bitmap Index Scan",
                                    "Parent Relationship": "Outer",
                                    "Parallel Aware": false,
                                    "Index Name": "kind_id_title",
                                    "Startup Cost": 0.0,
                                    "Total Cost": 11822.85,
                                    "Plan Rows": 663256,
                                    "Plan Width": 0,
                                    "Actual Startup Time": 32.393,
                                    "Actual Total Time": 32.393,
                                    "Actual Rows": 662825,
                                    "Actual Loops": 1,
                                    "Index Cond": "(kind_id = 1)"
                                  }
                                ]
                              }
                            ]
                          }
                        ]
                      }
                    ]
                  }
                ]
              }
            ]
          }
        ]
      }
    ]
  },
  "Planning Time": 1.003,
  "Triggers": [],
  "Execution Time": 1034.571
}