[
  {
    "Plan": {
      "Node Type": "Aggregate",
      "Strategy": "Plain",
      "Partial Mode": "Finalize",
      "Parallel Aware": false,
      "Startup Cost": 90067.6,
      "Total Cost": 90067.61,
      "Plan Rows": 1,
      "Plan Width": 8,
      "Actual Startup Time": 246.205,
      "Actual Total Time": 265.973,
      "Actual Rows": 1,
      "Actual Loops": 1,
      "Plans": [
        {
          "Node Type": "Gather",
          "Parent Relationship": "Outer",
          "Parallel Aware": false,
          "Startup Cost": 90067.28,
          "Total Cost": 90067.59,
          "Plan Rows": 3,
          "Plan Width": 8,
          "Actual Startup Time": 245.631,
          "Actual Total Time": 265.956,
          "Actual Rows": 4,
          "Actual Loops": 1,
          "Workers Planned": 3,
          "Workers Launched": 3,
          "Single Copy": false,
          "Plans": [
            {
              "Node Type": "Aggregate",
              "Strategy": "Plain",
              "Partial Mode": "Partial",
              "Parent Relationship": "Outer",
              "Parallel Aware": false,
              "Startup Cost": 89067.28,
              "Total Cost": 89067.29,
              "Plan Rows": 1,
              "Plan Width": 8,
              "Actual Startup Time": 241.232,
              "Actual Total Time": 241.237,
              "Actual Rows": 1,
              "Actual Loops": 4,
              "Plans": [
                {
                  "Node Type": "Hash Join",
                  "Parent Relationship": "Outer",
                  "Parallel Aware": true,
                  "Join Type": "Inner",
                  "Startup Cost": 45708.64,
                  "Total Cost": 89049.47,
                  "Plan Rows": 7125,
                  "Plan Width": 0,
                  "Actual Startup Time": 115.768,
                  "Actual Total Time": 241.011,
                  "Actual Rows": 3002,
                  "Actual Loops": 4,
                  "Inner Unique": true,
                  "Hash Cond": "(mk.movie_id = t.id)",
                  "Plans": [
                    {
                      "Node Type": "Seq Scan",
                      "Parent Relationship": "Outer",
                      "Parallel Aware": true,
                      "Relation Name": "movie_keyword",
                      "Alias": "mk",
                      "Startup Cost": 0.0,
                      "Total Cost": 42695.65,
                      "Plan Rows": 245782,
                      "Plan Width": 4,
                      "Actual Startup Time": 2.403,
                      "Actual Total Time": 105.515,
                      "Actual Rows": 188878,
                      "Actual Loops": 4,
                      "Filter": "(keyword_id > 24754)",
                      "Rows Removed by Filter": 942104
                    },
                    {
                      "Node Type": "Hash",
                      "Parent Relationship": "Inner",
                      "Parallel Aware": true,
                      "Startup Cost": 45479.59,
                      "Total Cost": 45479.59,
                      "Plan Rows": 18324,
                      "Plan Width": 4,
                      "Actual Startup Time": 112.524,
                      "Actual Total Time": 112.526,
                      "Actual Rows": 19887,
                      "Actual Loops": 4,
                      "Hash Buckets": 131072,
                      "Original Hash Buckets": 131072,
                      "Hash Batches": 1,
                      "Original Hash Batches": 1,
                      "Peak Memory Usage": 4160,
                      "Plans": [
                        {
                          "Node Type": "Seq Scan",
                          "Parent Relationship": "Outer",
                          "Parallel Aware": true,
                          "Relation Name": "title",
                          "Alias": "t",
                          "Startup Cost": 0.0,
                          "Total Cost": 45479.59,
                          "Plan Rows": 18324,
                          "Plan Width": 4,
                          "Actual Startup Time": 0.025,
                          "Actual Total Time": 104.01,
                          "Actual Rows": 19887,
                          "Actual Loops": 4,
                          "Filter": "((kind_id > 1) AND (production_year = 2005))",
                          "Rows Removed by Filter": 612191
                        }
                      ]
                    }
                  ]
                }
              ]
            }
          ]
        }
      ]
    },
    "Planning Time": 0.45,
    "Triggers": [],
    "Execution Time": 266.013
  }
]