[
  {
    "Plan": {
      "Node Type": "Aggregate",
      "Strategy": "Plain",
      "Partial Mode": "Finalize",
      "Parallel Aware": false,
      "Startup Cost": 338667.44,
      "Total Cost": 338667.45,
      "Plan Rows": 1,
      "Plan Width": 8,
      "Actual Startup Time": 788.188,
      "Actual Total Time": 833.362,
      "Actual Rows": 1,
      "Actual Loops": 1,
      "Plans": [
        {
          "Node Type": "Gather",
          "Parent Relationship": "Outer",
          "Parallel Aware": false,
          "Startup Cost": 338666.81,
          "Total Cost": 338667.42,
          "Plan Rows": 6,
          "Plan Width": 8,
          "Actual Startup Time": 788.051,
          "Actual Total Time": 833.347,
          "Actual Rows": 7,
          "Actual Loops": 1,
          "Workers Planned": 6,
          "Workers Launched": 6,
          "Single Copy": false,
          "Plans": [
            {
              "Node Type": "Aggregate",
              "Strategy": "Plain",
              "Partial Mode": "Partial",
              "Parent Relationship": "Outer",
              "Parallel Aware": false,
              "Startup Cost": 337666.81,
              "Total Cost": 337666.82,
              "Plan Rows": 1,
              "Plan Width": 8,
              "Actual Startup Time": 779.924,
              "Actual Total Time": 779.925,
              "Actual Rows": 1,
              "Actual Loops": 7,
              "Plans": [
                {
                  "Node Type": "Seq Scan",
                  "Parent Relationship": "Outer",
                  "Parallel Aware": true,
                  "Relation Name": "cast_info",
                  "Alias": "ci",
                  "Startup Cost": 0.0,
                  "Total Cost": 328211.39,
                  "Plan Rows": 3782168,
                  "Plan Width": 0,
                  "Actual Startup Time": 150.611,
                  "Actual Total Time": 615.377,
                  "Actual Rows": 3219762,
                  "Actual Loops": 7,
                  "Filter": "(person_id > 1349639)",
                  "Rows Removed by Filter": 1958001
                }
              ]
            }
          ]
        }
      ]
    },
    "Planning Time": 0.11,
    "Triggers": [],
    "Execution Time": 833.416
  }
]