[
  {
    "Plan": {
      "Node Type": "Aggregate",
      "Strategy": "Plain",
      "Partial Mode": "Finalize",
      "Parallel Aware": false,
      "Startup Cost": 318578.54,
      "Total Cost": 318578.55,
      "Plan Rows": 1,
      "Plan Width": 8,
      "Actual Startup Time": 290.991,
      "Actual Total Time": 307.605,
      "Actual Rows": 1,
      "Actual Loops": 1,
      "Plans": [
        {
          "Node Type": "Gather",
          "Parent Relationship": "Outer",
          "Parallel Aware": false,
          "Startup Cost": 318577.91,
          "Total Cost": 318578.52,
          "Plan Rows": 6,
          "Plan Width": 8,
          "Actual Startup Time": 290.146,
          "Actual Total Time": 307.59,
          "Actual Rows": 7,
          "Actual Loops": 1,
          "Workers Planned": 6,
          "Workers Launched": 6,
          "Single Copy": false,
          "Plans": [
            {
              "Node Type": "Aggregate",
              "Strategy": "Plain",
              "Partial Mode": "Partial",
              "Parent Relationship": "Outer",
              "Parallel Aware": false,
              "Startup Cost": 317577.91,
              "Total Cost": 317577.92,
              "Plan Rows": 1,
              "Plan Width": 8,
              "Actual Startup Time": 282.631,
              "Actual Total Time": 282.633,
              "Actual Rows": 1,
              "Actual Loops": 7,
              "Plans": [
                {
                  "Node Type": "Bitmap Heap Scan",
                  "Parent Relationship": "Outer",
                  "Parallel Aware": true,
                  "Relation Name": "cast_info",
                  "Alias": "ci",
                  "Startup Cost": 58290.34,
                  "Total Cost": 316477.82,
                  "Plan Rows": 440038,
                  "Plan Width": 0,
                  "Actual Startup Time": 146.916,
                  "Actual Total Time": 261.39,
                  "Actual Rows": 362524,
                  "Actual Loops": 7,
                  "Recheck Cond": "(person_id > 3567317)",
                  "Rows Removed by Index Recheck": 0,
                  "Exact Heap Blocks": 9612,
                  "Lossy Heap Blocks": 0,
                  "Plans": [
                    {
                      "Node Type": "Bitmap Index Scan",
                      "Parent Relationship": "Outer",
                      "Parallel Aware": false,
                      "Index Name": "person_id_cast_info",
                      "Startup Cost": 0.0,
                      "Total Cost": 57630.28,
                      "Plan Rows": 2640229,
                      "Plan Width": 0,
                      "Actual Startup Time": 147.141,
                      "Actual Total Time": 147.141,
                      "Actual Rows": 2537665,
                      "Actual Loops": 1,
                      "Index Cond": "(person_id > 3567317)"
                    }
                  ]
                }
              ]
            }
          ]
        }
      ]
    },
    "Planning Time": 0.187,
    "Triggers": [],
    "Execution Time": 307.681
  }
]