[
  {
    "Plan": {
      "Node Type": "Aggregate",
      "Strategy": "Plain",
      "Partial Mode": "Finalize",
      "Parallel Aware": false,
      "Startup Cost": 108012.03,
      "Total Cost": 108012.04,
      "Plan Rows": 1,
      "Plan Width": 8,
      "Actual Startup Time": 118.32,
      "Actual Total Time": 136.205,
      "Actual Rows": 1,
      "Actual Loops": 1,
      "Plans": [
        {
          "Node Type": "Gather",
          "Parent Relationship": "Outer",
          "Parallel Aware": false,
          "Startup Cost": 108011.61,
          "Total Cost": 108012.02,
          "Plan Rows": 4,
          "Plan Width": 8,
          "Actual Startup Time": 118.189,
          "Actual Total Time": 136.199,
          "Actual Rows": 5,
          "Actual Loops": 1,
          "Workers Planned": 4,
          "Workers Launched": 4,
          "Single Copy": false,
          "Plans": [
            {
              "Node Type": "Aggregate",
              "Strategy": "Plain",
              "Partial Mode": "Partial",
              "Parent Relationship": "Outer",
              "Parallel Aware": false,
              "Startup Cost": 107011.61,
              "Total Cost": 107011.62,
              "Plan Rows": 1,
              "Plan Width": 8,
              "Actual Startup Time": 108.338,
              "Actual Total Time": 108.34,
              "Actual Rows": 1,
              "Actual Loops": 5,
              "Plans": [
                {
                  "Node Type": "Nested Loop",
                  "Parent Relationship": "Outer",
                  "Parallel Aware": false,
                  "Join Type": "Inner",
                  "Startup Cost": 0.43,
                  "Total Cost": 107006.03,
                  "Plan Rows": 2232,
                  "Plan Width": 0,
                  "Actual Startup Time": 60.905,
                  "Actual Total Time": 107.823,
                  "Actual Rows": 6064,
                  "Actual Loops": 5,
                  "Inner Unique": false,
                  "Plans": [
                    {
                      "Node Type": "Seq Scan",
                      "Parent Relationship": "Outer",
                      "Parallel Aware": true,
                      "Relation Name": "title",
                      "Alias": "t",
                      "Startup Cost": 0.0,
                      "Total Cost": 43898.92,
                      "Plan Rows": 452,
                      "Plan Width": 4,
                      "Actual Startup Time": 60.814,
                      "Actual Total Time": 83.435,
                      "Actual Rows": 583,
                      "Actual Loops": 5,
                      "Filter": "(production_year = 1927)",
                      "Rows Removed by Filter": 505079
                    },
                    {
                      "Node Type": "Index Scan",
                      "Parent Relationship": "Inner",
                      "Parallel Aware": false,
                      "Scan Direction": "Forward",
                      "Index Name": "movie_id_movie_info",
                      "Relation Name": "movie_info",
                      "Alias": "mi",
                      "Startup Cost": 0.43,
                      "Total Cost": 139.27,
                      "Plan Rows": 35,
                      "Plan Width": 4,
                      "Actual Startup Time": 0.016,
                      "Actual Total Time": 0.04,
                      "Actual Rows": 10,
                      "Actual Loops": 2915,
                      "Index Cond": "(movie_id = t.id)",
                      "Rows Removed by Index Recheck": 0,
                      "Filter": "(info_type_id < 17)",
                      "Rows Removed by Filter": 1
                    }
                  ]
                }
              ]
            }
          ]
        }
      ]
    },
    "Planning Time": 0.606,
    "Triggers": [],
    "Execution Time": 136.275
  }
]