{
  "Plan": {
    "Node Type": "Aggregate",
    "Strategy": "Plain",
    "Partial Mode": "Finalize",
    "Parallel Aware": false,
    "Startup Cost": 222697.65,
    "Total Cost": 222697.66,
    "Plan Rows": 1,
    "Plan Width": 8,
    "Actual Startup Time": 814.813,
    "Actual Total Time": 834.485,
    "Actual Rows": 1,
    "Actual Loops": 1,
    "Plans": [
      {
        "Node Type": "Gather",
        "Parent Relationship": "Outer",
        "Parallel Aware": false,
        "Startup Cost": 222697.54,
        "Total Cost": 222697.65,
        "Plan Rows": 1,
        "Plan Width": 8,
        "Actual Startup Time": 810.381,
        "Actual Total Time": 834.477,
        "Actual Rows": 2,
        "Actual Loops": 1,
        "Workers Planned": 1,
        "Workers Launched": 1,
        "Single Copy": false,
        "Plans": [
          {
            "Node Type": "Aggregate",
            "Strategy": "Plain",
            "Partial Mode": "Partial",
            "Parent Relationship": "Outer",
            "Parallel Aware": false,
            "Startup Cost": 221697.54,
            "Total Cost": 221697.55,
            "Plan Rows": 1,
            "Plan Width": 8,
            "Actual Startup Time": 803.919,
            "Actual Total Time": 803.925,
            "Actual Rows": 1,
            "Actual Loops": 2,
            "Plans": [
              {
                "Node Type": "Hash Join",
                "Parent Relationship": "Outer",
                "Parallel Aware": true,
                "Join Type": "Inner",
                "Startup Cost": 154417.72,
                "Total Cost": 221469.31,
                "Plan Rows": 91290,
                "Plan Width": 0,
                "Actual Startup Time": 466.94,
                "Actual Total Time": 798.028,
                "Actual Rows": 131344,
                "Actual Loops": 2,
                "Inner Unique": false,
                "Hash Cond": "(mk.movie_id = t.id)",
                "Plans": [
                  {
                    "Node Type": "Seq Scan",
                    "Parent Relationship": "Outer",
                    "Parallel Aware": true,
                    "Relation Name": "movie_keyword",
                    "Alias": "mk",
                    "Startup Cost": 0.0,
                    "Total Cost": 57718.19,
                    "Plan Rows": 2345706,
                    "Plan Width": 4,
                    "Actual Startup Time": 0.033,
                    "Actual Total Time": 201.164,
                    "Actual Rows": 2002827,
                    "Actual Loops": 2,
                    "Filter": "(keyword_id < 34916)",
                    "Rows Removed by Filter": 259138
                  },
                  {
                    "Node Type": "Hash",
                    "Parent Relationship": "Inner",
                    "Parallel Aware": true,
                    "Startup Cost": 153694.22,
                    "Total Cost": 153694.22,
                    "Plan Rows": 57880,
                    "Plan Width": 8,
                    "Actual Startup Time": 464.31,
                    "Actual Total Time": 464.313,
                    "Actual Rows": 32032,
                    "Actual Loops": 2,
                    "Hash Buckets": 131072,
                    "Original Hash Buckets": 131072,
                    "Hash Batches": 1,
                    "Original Hash Batches": 1,
                    "Peak Memory Usage": 3584,
                    "Plans": [
                      {
                        "Node Type": "Merge Join",
                        "Parent Relationship": "Outer",
                        "Parallel Aware": false,
                        "Join Type": "Inner",
                        "Startup Cost": 149219.45,
                        "Total Cost": 153694.22,
                        "Plan Rows": 57880,
                        "Plan Width": 8,
                        "Actual Startup Time": 368.879,
                        "Actual Total Time": 455.312,
                        "Actual Rows": 32032,
                        "Actual Loops": 2,
                        "Inner Unique": false,
                        "Merge Cond": "(t.id = mi_idx.movie_id)",
                        "Plans": [
                          {
                            "Node Type": "Sort",
                            "Parent Relationship": "Outer",
                            "Parallel Aware": false,
                            "Startup Cost": 83364.82,
                            "Total Cost": 84152.55,
                            "Plan Rows": 315092,
                            "Plan Width": 4,
                            "Actual Startup Time": 210.998,
                            "Actual Total Time": 236.735,
                            "Actual Rows": 266594,
                            "Actual Loops": 2,
                            "Sort Key": [
                              "t.id"
                            ],
                            "Sort Method": "quicksort",
                            "Sort Space Used": 26831,
                            "Sort Space Type": "Memory",
                            "Workers": [
                              {
                                "Worker Number": 0,
                                "Sort Method": "quicksort",
                                "Sort Space Used": 16604,
                                "Sort Space Type": "Memory"
                              }
                            ],
                            "Plans": [
                              {
                                "Node Type": "Seq Scan",
                                "Parent Relationship": "Outer",
                                "Parallel Aware": true,
                                "Relation Name": "title",
                                "Alias": "t",
                                "Startup Cost": 0.0,
                                "Total Cost": 54588.39,
                                "Plan Rows": 315092,
                                "Plan Width": 4,
                                "Actual Startup Time": 0.034,
                                "Actual Total Time": 146.209,
                                "Actual Rows": 266684,
                                "Actual Loops": 2,
                                "Filter": "(production_year > 2009)",
                                "Rows Removed by Filter": 997472
                              }
                            ]
                          },
                          {
                            "Node Type": "Sort",
                            "Parent Relationship": "Inner",
                            "Parallel Aware": false,
                            "Startup Cost": 65854.6,
                            "Total Cost": 67015.67,
                            "Plan Rows": 464428,
                            "Plan Width": 4,
                            "Actual Startup Time": 157.855,
                            "Actual Total Time": 174.503,
                            "Actual Rows": 459925,
                            "Actual Loops": 2,
                            "Sort Key": [
                              "mi_idx.movie_id"
                            ],
                            "Sort Method": "quicksort",
                            "Sort Space Used": 33847,
                            "Sort Space Type": "Memory",
                            "Workers": [
                              {
                                "Worker Number": 0,
                                "Sort Method": "quicksort",
                                "Sort Space Used": 33847,
                                "Sort Space Type": "Memory"
                              }
                            ],
                            "Plans": [
                              {
                                "Node Type": "Bitmap Heap Scan",
                                "Parent Relationship": "Outer",
                                "Parallel Aware": false,
                                "Relation Name": "movie_info_idx",
                                "Alias": "mi_idx",
                                "Startup Cost": 8399.74,
                                "Total Cost": 22140.09,
                                "Plan Rows": 464428,
                                "Plan Width": 4,
                                "Actual Startup Time": 17.763,
                                "Actual Total Time": 76.144,
                                "Actual Rows": 459925,
                                "Actual Loops": 2,
                                "Recheck Cond": "(info_type_id = 100)",
                                "Rows Removed by Index Recheck": 0,
                                "Exact Heap Blocks": 7934,
                                "Lossy Heap Blocks": 0,
                                "Plans": [
                                  {
                                    "Node Type": "Bitmap Index Scan",
                                    "Parent Relationship": "Outer",
                                    "Parallel Aware": false,
                                    "Index Name": "info_type_id_movie_info_idx",
                                    "Startup Cost": 0.0,
                                    "Total Cost": 8283.64,
                                    "Plan Rows": 464428,
                                    "Plan Width": 0,
                                    "Actual Startup Time": 16.842,
                                    "Actual Total Time": 16.842,
                                    "Actual Rows": 459925,
                                    "Actual Loops": 2,
                                    "Index Cond": "(info_type_id = 100)"
                                  }
                                ]
                              }
                            ]
                          }
                        ]
                      }
                    ]
                  }
                ]
              }
            ]
          }
        ]
      }
    ]
  },
  "Planning Time": 1.085,
  "Triggers": [],
  "Execution Time": 834.666
}