{
    "Plan": {
        "Node Type": "Aggregate",
        "Strategy": "Plain",
        "Partial Mode": "Simple",
        "Parallel Aware": false,
        "Startup Cost": 10000175201.58,
        "Total Cost": 10000175201.59,
        "Plan Rows": 1,
        "Plan Width": 8,
        "Actual Startup Time": 2202.099,
        "Actual Total Time": 2202.103,
        "Actual Rows": 1,
        "Actual Loops": 1,
        "Output": [
            "count(*)"
        ],
        "Plans": [
            {
                "Node Type": "Hash Join",
                "Parent Relationship": "Outer",
                "Parallel Aware": false,
                "Join Type": "Inner",
                "Startup Cost": 10000168890.62,
                "Total Cost": 10000175200.22,
                "Plan Rows": 545,
                "Plan Width": 0,
                "Actual Startup Time": 2201.412,
                "Actual Total Time": 2202.091,
                "Actual Rows": 113,
                "Actual Loops": 1,
                "Inner Unique": false,
                "Hash Cond": "(t.id = mk.movie_id)",
                "Plans": [
                    {
                        "Node Type": "Nested Loop",
                        "Parent Relationship": "Outer",
                        "Parallel Aware": false,
                        "Join Type": "Inner",
                        "Startup Cost": 10000000016.8,
                        "Total Cost": 10000005655.05,
                        "Plan Rows": 441,
                        "Plan Width": 8,
                        "Actual Startup Time": 0.206,
                        "Actual Total Time": 0.987,
                        "Actual Rows": 23,
                        "Actual Loops": 1,
                        "Output": [
                            "t.id",
                            "ci.movie_id"
                        ],
                        "Inner Unique": true,
                        "Plans": [
                            {
                                "Node Type": "Bitmap Heap Scan",
                                "Parent Relationship": "Outer",
                                "Parallel Aware": false,
                                "Relation Name": "cast_info",
                                "Schema": "public",
                                "Alias": "ci",
                                "Startup Cost": 12.46,
                                "Total Cost": 1968.49,
                                "Plan Rows": 441,
                                "Plan Width": 4,
                                "Actual Startup Time": 0.141,
                                "Actual Total Time": 0.196,
                                "Actual Rows": 23,
                                "Actual Loops": 1,
                                "Output": [
                                    "ci.id",
                                    "ci.person_id",
                                    "ci.movie_id",
                                    "ci.person_role_id",
                                    "ci.note",
                                    "ci.nr_order",
                                    "ci.role_id"
                                ],
                                "Recheck Cond": "(ci.person_id = 181035)",
                                "Rows Removed by Index Recheck": 0,
                                "Filter": "(ci.role_id < 10)",
                                "Rows Removed by Filter": 0,
                                "Exact Heap Blocks": 4,
                                "Lossy Heap Blocks": 0,
                                "Plans": [
                                    {
                                        "Node Type": "Bitmap Index Scan",
                                        "Parent Relationship": "Outer",
                                        "Parallel Aware": false,
                                        "Index Name": "person_id_cast_info",
                                        "Startup Cost": 0.0,
                                        "Total Cost": 12.34,
                                        "Plan Rows": 504,
                                        "Plan Width": 0,
                                        "Actual Startup Time": 0.12,
                                        "Actual Total Time": 0.12,
                                        "Actual Rows": 23,
                                        "Actual Loops": 1,
                                        "Index Cond": "(ci.person_id = 181035)"
                                    }
                                ]
                            },
                            {
                                "Node Type": "Bitmap Heap Scan",
                                "Parent Relationship": "Inner",
                                "Parallel Aware": false,
                                "Relation Name": "title",
                                "Schema": "public",
                                "Alias": "t",
                                "Startup Cost": 4.35,
                                "Total Cost": 8.36,
                                "Plan Rows": 1,
                                "Plan Width": 4,
                                "Actual Startup Time": 0.032,
                                "Actual Total Time": 0.032,
                                "Actual Rows": 1,
                                "Actual Loops": 23,
                                "Output": [
                                    "t.id",
                                    "t.title",
                                    "t.imdb_index",
                                    "t.kind_id",
                                    "t.production_year",
                                    "t.imdb_id",
                                    "t.phonetic_code",
                                    "t.episode_of_id",
                                    "t.season_nr",
                                    "t.episode_nr",
                                    "t.series_years",
                                    "t.md5sum"
                                ],
                                "Recheck Cond": "(t.id = ci.movie_id)",
                                "Rows Removed by Index Recheck": 0,
                                "Exact Heap Blocks": 23,
                                "Lossy Heap Blocks": 0,
                                "Plans": [
                                    {
                                        "Node Type": "Bitmap Index Scan",
                                        "Parent Relationship": "Outer",
                                        "Parallel Aware": false,
                                        "Index Name": "title_pkey",
                                        "Startup Cost": 0.0,
                                        "Total Cost": 4.35,
                                        "Plan Rows": 1,
                                        "Plan Width": 0,
                                        "Actual Startup Time": 0.02,
                                        "Actual Total Time": 0.02,
                                        "Actual Rows": 1,
                                        "Actual Loops": 23,
                                        "Index Cond": "(t.id = ci.movie_id)"
                                    }
                                ]
                            }
                        ]
                    },
                    {
                        "Node Type": "Hash",
                        "Parent Relationship": "Inner",
                        "Parallel Aware": false,
                        "Startup Cost": 129808.4,
                        "Total Cost": 129808.4,
                        "Plan Rows": 3125233,
                        "Plan Width": 4,
                        "Actual Startup Time": 2172.533,
                        "Actual Total Time": 2172.534,
                        "Actual Rows": 3156837,
                        "Actual Loops": 1,
                        "Output": [
                            "mk.movie_id"
                        ],
                        "Hash Buckets": 4194304,
                        "Original Hash Buckets": 4194304,
                        "Hash Batches": 1,
                        "Original Hash Batches": 1,
                        "Peak Memory Usage": 143751,
                        "Plans": [
                            {
                                "Node Type": "Bitmap Heap Scan",
                                "Parent Relationship": "Outer",
                                "Parallel Aware": false,
                                "Relation Name": "movie_keyword",
                                "Schema": "public",
                                "Alias": "mk",
                                "Startup Cost": 66288.99,
                                "Total Cost": 129808.4,
                                "Plan Rows": 3125233,
                                "Plan Width": 4,
                                "Actual Startup Time": 1353.237,
                                "Actual Total Time": 1745.63,
                                "Actual Rows": 3156837,
                                "Actual Loops": 1,
                                "Output": [
                                    "mk.movie_id"
                                ],
                                "Recheck Cond": "(mk.keyword_id < 12218)",
                                "Rows Removed by Index Recheck": 0,
                                "Exact Heap Blocks": 24445,
                                "Lossy Heap Blocks": 0,
                                "Plans": [
                                    {
                                        "Node Type": "Bitmap Index Scan",
                                        "Parent Relationship": "Outer",
                                        "Parallel Aware": false,
                                        "Index Name": "keyword_id_movie_keyword",
                                        "Startup Cost": 0.0,
                                        "Total Cost": 65507.68,
                                        "Plan Rows": 3125233,
                                        "Plan Width": 0,
                                        "Actual Startup Time": 1350.139,
                                        "Actual Total Time": 1350.139,
                                        "Actual Rows": 3156837,
                                        "Actual Loops": 1,
                                        "Index Cond": "(mk.keyword_id < 12218)"
                                    }
                                ]
                            }
                        ]
                    }
                ]
            }
        ]
    },
    "Planning Time": 3.422,
    "Triggers": [],
    "Execution Time": 2205.85
}