{
  "Plan": {
    "Node Type": "Aggregate",
    "Strategy": "Plain",
    "Partial Mode": "Finalize",
    "Parallel Aware": false,
    "Startup Cost": 122138.0,
    "Total Cost": 122138.01,
    "Plan Rows": 1,
    "Plan Width": 8,
    "Actual Startup Time": 590.56,
    "Actual Total Time": 603.729,
    "Actual Rows": 1,
    "Actual Loops": 1,
    "Plans": [
      {
        "Node Type": "Gather",
        "Parent Relationship": "Outer",
        "Parallel Aware": false,
        "Startup Cost": 122137.88,
        "Total Cost": 122137.99,
        "Plan Rows": 1,
        "Plan Width": 8,
        "Actual Startup Time": 589.097,
        "Actual Total Time": 603.722,
        "Actual Rows": 2,
        "Actual Loops": 1,
        "Workers Planned": 1,
        "Workers Launched": 1,
        "Single Copy": false,
        "Plans": [
          {
            "Node Type": "Aggregate",
            "Strategy": "Plain",
            "Partial Mode": "Partial",
            "Parent Relationship": "Outer",
            "Parallel Aware": false,
            "Startup Cost": 121137.88,
            "Total Cost": 121137.89,
            "Plan Rows": 1,
            "Plan Width": 8,
            "Actual Startup Time": 584.201,
            "Actual Total Time": 584.205,
            "Actual Rows": 1,
            "Actual Loops": 2,
            "Plans": [
              {
                "Node Type": "Hash Join",
                "Parent Relationship": "Outer",
                "Parallel Aware": true,
                "Join Type": "Inner",
                "Startup Cost": 85937.68,
                "Total Cost": 120483.76,
                "Plan Rows": 261649,
                "Plan Width": 0,
                "Actual Startup Time": 332.935,
                "Actual Total Time": 563.06,
                "Actual Rows": 500074,
                "Actual Loops": 2,
                "Inner Unique": true,
                "Hash Cond": "(mk.movie_id = t.id)",
                "Plans": [
                  {
                    "Node Type": "Bitmap Heap Scan",
                    "Parent Relationship": "Outer",
                    "Parallel Aware": true,
                    "Relation Name": "movie_keyword",
                    "Alias": "mk",
                    "Startup Cost": 24059.38,
                    "Total Cost": 56853.94,
                    "Plan Rows": 667245,
                    "Plan Width": 4,
                    "Actual Startup Time": 62.121,
                    "Actual Total Time": 156.668,
                    "Actual Rows": 571207,
                    "Actual Loops": 2,
                    "Recheck Cond": "(keyword_id < 1301)",
                    "Rows Removed by Index Recheck": 0,
                    "Exact Heap Blocks": 13191,
                    "Lossy Heap Blocks": 0,
                    "Plans": [
                      {
                        "Node Type": "Bitmap Index Scan",
                        "Parent Relationship": "Outer",
                        "Parallel Aware": false,
                        "Index Name": "keyword_id_movie_keyword",
                        "Startup Cost": 0.0,
                        "Total Cost": 23775.8,
                        "Plan Rows": 1134316,
                        "Plan Width": 0,
                        "Actual Startup Time": 58.389,
                        "Actual Total Time": 58.39,
                        "Actual Rows": 1142414,
                        "Actual Loops": 1,
                        "Index Cond": "(keyword_id < 1301)"
                      }
                    ]
                  },
                  {
                    "Node Type": "Hash",
                    "Parent Relationship": "Inner",
                    "Parallel Aware": true,
                    "Startup Cost": 54588.39,
                    "Total Cost": 54588.39,
                    "Plan Rows": 583193,
                    "Plan Width": 4,
                    "Actual Startup Time": 261.874,
                    "Actual Total Time": 261.874,
                    "Actual Rows": 492524,
                    "Actual Loops": 2,
                    "Hash Buckets": 1048576,
                    "Original Hash Buckets": 1048576,
                    "Hash Batches": 1,
                    "Original Hash Batches": 1,
                    "Peak Memory Usage": 46752,
                    "Plans": [
                      {
                        "Node Type": "Seq Scan",
                        "Parent Relationship": "Outer",
                        "Parallel Aware": true,
                        "Relation Name": "title",
                        "Alias": "t",
                        "Startup Cost": 0.0,
                        "Total Cost": 54588.39,
                        "Plan Rows": 583193,
                        "Plan Width": 4,
                        "Actual Startup Time": 0.024,
                        "Actual Total Time": 145.612,
                        "Actual Rows": 492524,
                        "Actual Loops": 2,
                        "Filter": "(kind_id < 7)",
                        "Rows Removed by Filter": 771632
                      }
                    ]
                  }
                ]
              }
            ]
          }
        ]
      }
    ]
  },
  "Planning Time": 0.588,
  "Triggers": [],
  "Execution Time": 603.806
}