[
  {
    "Plan": {
      "Node Type": "Aggregate",
      "Strategy": "Plain",
      "Partial Mode": "Finalize",
      "Parallel Aware": false,
      "Startup Cost": 338146.08,
      "Total Cost": 338146.09,
      "Plan Rows": 1,
      "Plan Width": 8,
      "Actual Startup Time": 734.499,
      "Actual Total Time": 791.114,
      "Actual Rows": 1,
      "Actual Loops": 1,
      "Plans": [
        {
          "Node Type": "Gather",
          "Parent Relationship": "Outer",
          "Parallel Aware": false,
          "Startup Cost": 338145.45,
          "Total Cost": 338146.06,
          "Plan Rows": 6,
          "Plan Width": 8,
          "Actual Startup Time": 734.225,
          "Actual Total Time": 791.103,
          "Actual Rows": 7,
          "Actual Loops": 1,
          "Workers Planned": 6,
          "Workers Launched": 6,
          "Single Copy": false,
          "Plans": [
            {
              "Node Type": "Aggregate",
              "Strategy": "Plain",
              "Partial Mode": "Partial",
              "Parent Relationship": "Outer",
              "Parallel Aware": false,
              "Startup Cost": 337145.45,
              "Total Cost": 337145.46,
              "Plan Rows": 1,
              "Plan Width": 8,
              "Actual Startup Time": 725.423,
              "Actual Total Time": 725.425,
              "Actual Rows": 1,
              "Actual Loops": 7,
              "Plans": [
                {
                  "Node Type": "Seq Scan",
                  "Parent Relationship": "Outer",
                  "Parallel Aware": true,
                  "Relation Name": "cast_info",
                  "Alias": "ci",
                  "Startup Cost": 0.0,
                  "Total Cost": 328162.03,
                  "Plan Rows": 3593370,
                  "Plan Width": 0,
                  "Actual Startup Time": 0.049,
                  "Actual Total Time": 593.365,
                  "Actual Rows": 3087232,
                  "Actual Loops": 7,
                  "Filter": "(person_id < 2192889)",
                  "Rows Removed by Filter": 2090532
                }
              ]
            }
          ]
        }
      ]
    },
    "Planning Time": 0.15,
    "Triggers": [],
    "Execution Time": 791.168
  }
]