{
  "Plan": {
    "Node Type": "Aggregate",
    "Strategy": "Plain",
    "Partial Mode": "Finalize",
    "Parallel Aware": false,
    "Startup Cost": 614859.33,
    "Total Cost": 614859.34,
    "Plan Rows": 1,
    "Plan Width": 8,
    "Actual Startup Time": 7770.764,
    "Actual Total Time": 7825.909,
    "Actual Rows": 1,
    "Actual Loops": 1,
    "Plans": [
      {
        "Node Type": "Gather",
        "Parent Relationship": "Outer",
        "Parallel Aware": false,
        "Startup Cost": 614859.22,
        "Total Cost": 614859.33,
        "Plan Rows": 1,
        "Plan Width": 8,
        "Actual Startup Time": 7767.446,
        "Actual Total Time": 7825.898,
        "Actual Rows": 2,
        "Actual Loops": 1,
        "Workers Planned": 1,
        "Workers Launched": 1,
        "Single Copy": false,
        "Plans": [
          {
            "Node Type": "Aggregate",
            "Strategy": "Plain",
            "Partial Mode": "Partial",
            "Parent Relationship": "Outer",
            "Parallel Aware": false,
            "Startup Cost": 613859.22,
            "Total Cost": 613859.23,
            "Plan Rows": 1,
            "Plan Width": 8,
            "Actual Startup Time": 7760.086,
            "Actual Total Time": 7760.09,
            "Actual Rows": 1,
            "Actual Loops": 2,
            "Plans": [
              {
                "Node Type": "Hash Join",
                "Parent Relationship": "Outer",
                "Parallel Aware": true,
                "Join Type": "Inner",
                "Startup Cost": 67054.81,
                "Total Cost": 588788.16,
                "Plan Rows": 10028423,
                "Plan Width": 0,
                "Actual Startup Time": 389.792,
                "Actual Total Time": 7388.999,
                "Actual Rows": 9402052,
                "Actual Loops": 2,
                "Inner Unique": true,
                "Hash Cond": "(ci.movie_id = t.id)",
                "Plans": [
                  {
                    "Node Type": "Seq Scan",
                    "Parent Relationship": "Outer",
                    "Parallel Aware": true,
                    "Relation Name": "cast_info",
                    "Alias": "ci",
                    "Startup Cost": 0.0,
                    "Total Cost": 465792.95,
                    "Plan Rows": 21310595,
                    "Plan Width": 4,
                    "Actual Startup Time": 0.013,
                    "Actual Total Time": 1405.976,
                    "Actual Rows": 18122172,
                    "Actual Loops": 2
                  },
                  {
                    "Node Type": "Hash",
                    "Parent Relationship": "Inner",
                    "Parallel Aware": true,
                    "Startup Cost": 58306.47,
                    "Total Cost": 58306.47,
                    "Plan Rows": 699867,
                    "Plan Width": 4,
                    "Actual Startup Time": 374.876,
                    "Actual Total Time": 374.877,
                    "Actual Rows": 638340,
                    "Actual Loops": 2,
                    "Hash Buckets": 2097152,
                    "Original Hash Buckets": 2097152,
                    "Hash Batches": 1,
                    "Original Hash Batches": 1,
                    "Peak Memory Usage": 66368,
                    "Plans": [
                      {
                        "Node Type": "Seq Scan",
                        "Parent Relationship": "Outer",
                        "Parallel Aware": true,
                        "Relation Name": "title",
                        "Alias": "t",
                        "Startup Cost": 0.0,
                        "Total Cost": 58306.47,
                        "Plan Rows": 699867,
                        "Plan Width": 4,
                        "Actual Startup Time": 0.039,
                        "Actual Total Time": 174.606,
                        "Actual Rows": 638340,
                        "Actual Loops": 2,
                        "Filter": "((production_year > 1979) AND (kind_id = 7))",
                        "Rows Removed by Filter": 625816
                      }
                    ]
                  }
                ]
              }
            ]
          }
        ]
      }
    ]
  },
  "Planning Time": 0.714,
  "Triggers": [],
  "Execution Time": 7825.986
}