[
  {
    "Plan": {
      "Node Type": "Aggregate",
      "Strategy": "Plain",
      "Partial Mode": "Finalize",
      "Parallel Aware": false,
      "Startup Cost": 44912.28,
      "Total Cost": 44912.29,
      "Plan Rows": 1,
      "Plan Width": 8,
      "Actual Startup Time": 113.269,
      "Actual Total Time": 126.774,
      "Actual Rows": 1,
      "Actual Loops": 1,
      "Plans": [
        {
          "Node Type": "Gather",
          "Parent Relationship": "Outer",
          "Parallel Aware": false,
          "Startup Cost": 44911.86,
          "Total Cost": 44912.27,
          "Plan Rows": 4,
          "Plan Width": 8,
          "Actual Startup Time": 113.083,
          "Actual Total Time": 126.762,
          "Actual Rows": 5,
          "Actual Loops": 1,
          "Workers Planned": 4,
          "Workers Launched": 4,
          "Single Copy": false,
          "Plans": [
            {
              "Node Type": "Aggregate",
              "Strategy": "Plain",
              "Partial Mode": "Partial",
              "Parent Relationship": "Outer",
              "Parallel Aware": false,
              "Startup Cost": 43911.86,
              "Total Cost": 43911.87,
              "Plan Rows": 1,
              "Plan Width": 8,
              "Actual Startup Time": 96.907,
              "Actual Total Time": 96.909,
              "Actual Rows": 1,
              "Actual Loops": 5,
              "Plans": [
                {
                  "Node Type": "Seq Scan",
                  "Parent Relationship": "Outer",
                  "Parallel Aware": true,
                  "Relation Name": "title",
                  "Alias": "t",
                  "Startup Cost": 0.0,
                  "Total Cost": 43899.32,
                  "Plan Rows": 5015,
                  "Plan Width": 0,
                  "Actual Startup Time": 0.099,
                  "Actual Total Time": 96.359,
                  "Actual Rows": 4262,
                  "Actual Loops": 5,
                  "Filter": "(production_year = 1989)",
                  "Rows Removed by Filter": 501400
                }
              ]
            }
          ]
        }
      ]
    },
    "Planning Time": 0.155,
    "Triggers": [],
    "Execution Time": 126.843
  }
]