[
  {
    "Plan": {
      "Node Type": "Aggregate",
      "Strategy": "Plain",
      "Partial Mode": "Finalize",
      "Parallel Aware": false,
      "Startup Cost": 44912.29,
      "Total Cost": 44912.3,
      "Plan Rows": 1,
      "Plan Width": 8,
      "Actual Startup Time": 95.27,
      "Actual Total Time": 107.672,
      "Actual Rows": 1,
      "Actual Loops": 1,
      "Plans": [
        {
          "Node Type": "Gather",
          "Parent Relationship": "Outer",
          "Parallel Aware": false,
          "Startup Cost": 44911.87,
          "Total Cost": 44912.28,
          "Plan Rows": 4,
          "Plan Width": 8,
          "Actual Startup Time": 95.12,
          "Actual Total Time": 107.662,
          "Actual Rows": 5,
          "Actual Loops": 1,
          "Workers Planned": 4,
          "Workers Launched": 4,
          "Single Copy": false,
          "Plans": [
            {
              "Node Type": "Aggregate",
              "Strategy": "Plain",
              "Partial Mode": "Partial",
              "Parent Relationship": "Outer",
              "Parallel Aware": false,
              "Startup Cost": 43911.87,
              "Total Cost": 43911.88,
              "Plan Rows": 1,
              "Plan Width": 8,
              "Actual Startup Time": 85.837,
              "Actual Total Time": 85.838,
              "Actual Rows": 1,
              "Actual Loops": 5,
              "Plans": [
                {
                  "Node Type": "Seq Scan",
                  "Parent Relationship": "Outer",
                  "Parallel Aware": true,
                  "Relation Name": "title",
                  "Alias": "t",
                  "Startup Cost": 0.0,
                  "Total Cost": 43898.92,
                  "Plan Rows": 5183,
                  "Plan Width": 0,
                  "Actual Startup Time": 0.085,
                  "Actual Total Time": 85.27,
                  "Actual Rows": 4262,
                  "Actual Loops": 5,
                  "Filter": "(production_year = 1989)",
                  "Rows Removed by Filter": 501400
                }
              ]
            }
          ]
        }
      ]
    },
    "Planning Time": 0.151,
    "Triggers": [],
    "Execution Time": 107.732
  }
]