[
  {
    "Plan": {
      "Node Type": "Aggregate",
      "Strategy": "Plain",
      "Partial Mode": "Finalize",
      "Parallel Aware": false,
      "Startup Cost": 35672.27,
      "Total Cost": 35672.28,
      "Plan Rows": 1,
      "Plan Width": 8,
      "Actual Startup Time": 106.8,
      "Actual Total Time": 112.441,
      "Actual Rows": 1,
      "Actual Loops": 1,
      "Plans": [
        {
          "Node Type": "Gather",
          "Parent Relationship": "Outer",
          "Parallel Aware": false,
          "Startup Cost": 35671.95,
          "Total Cost": 35672.26,
          "Plan Rows": 3,
          "Plan Width": 8,
          "Actual Startup Time": 106.585,
          "Actual Total Time": 112.433,
          "Actual Rows": 4,
          "Actual Loops": 1,
          "Workers Planned": 3,
          "Workers Launched": 3,
          "Single Copy": false,
          "Plans": [
            {
              "Node Type": "Aggregate",
              "Strategy": "Plain",
              "Partial Mode": "Partial",
              "Parent Relationship": "Outer",
              "Parallel Aware": false,
              "Startup Cost": 34671.95,
              "Total Cost": 34671.96,
              "Plan Rows": 1,
              "Plan Width": 8,
              "Actual Startup Time": 103.585,
              "Actual Total Time": 103.587,
              "Actual Rows": 1,
              "Actual Loops": 4,
              "Plans": [
                {
                  "Node Type": "Bitmap Heap Scan",
                  "Parent Relationship": "Outer",
                  "Parallel Aware": true,
                  "Relation Name": "movie_keyword",
                  "Alias": "mk",
                  "Startup Cost": 8320.12,
                  "Total Cost": 34355.65,
                  "Plan Rows": 126522,
                  "Plan Width": 0,
                  "Actual Startup Time": 33.871,
                  "Actual Total Time": 97.243,
                  "Actual Rows": 98082,
                  "Actual Loops": 4,
                  "Recheck Cond": "(keyword_id > 43931)",
                  "Rows Removed by Index Recheck": 0,
                  "Exact Heap Blocks": 7431,
                  "Lossy Heap Blocks": 0,
                  "Plans": [
                    {
                      "Node Type": "Bitmap Index Scan",
                      "Parent Relationship": "Outer",
                      "Parallel Aware": false,
                      "Index Name": "keyword_id_movie_keyword",
                      "Startup Cost": 0.0,
                      "Total Cost": 8222.07,
                      "Plan Rows": 392218,
                      "Plan Width": 0,
                      "Actual Startup Time": 31.322,
                      "Actual Total Time": 31.322,
                      "Actual Rows": 392328,
                      "Actual Loops": 1,
                      "Index Cond": "(keyword_id > 43931)"
                    }
                  ]
                }
              ]
            }
          ]
        }
      ]
    },
    "Planning Time": 0.094,
    "Triggers": [],
    "Execution Time": 112.481
  }
]