[
  {
    "Plan": {
      "Node Type": "Aggregate",
      "Strategy": "Plain",
      "Partial Mode": "Finalize",
      "Parallel Aware": false,
      "Startup Cost": 35966.19,
      "Total Cost": 35966.2,
      "Plan Rows": 1,
      "Plan Width": 8,
      "Actual Startup Time": 116.378,
      "Actual Total Time": 121.611,
      "Actual Rows": 1,
      "Actual Loops": 1,
      "Plans": [
        {
          "Node Type": "Gather",
          "Parent Relationship": "Outer",
          "Parallel Aware": false,
          "Startup Cost": 35965.88,
          "Total Cost": 35966.19,
          "Plan Rows": 3,
          "Plan Width": 8,
          "Actual Startup Time": 116.19,
          "Actual Total Time": 121.602,
          "Actual Rows": 4,
          "Actual Loops": 1,
          "Workers Planned": 3,
          "Workers Launched": 3,
          "Single Copy": false,
          "Plans": [
            {
              "Node Type": "Aggregate",
              "Strategy": "Plain",
              "Partial Mode": "Partial",
              "Parent Relationship": "Outer",
              "Parallel Aware": false,
              "Startup Cost": 34965.88,
              "Total Cost": 34965.89,
              "Plan Rows": 1,
              "Plan Width": 8,
              "Actual Startup Time": 107.651,
              "Actual Total Time": 107.653,
              "Actual Rows": 1,
              "Actual Loops": 4,
              "Plans": [
                {
                  "Node Type": "Bitmap Heap Scan",
                  "Parent Relationship": "Outer",
                  "Parallel Aware": true,
                  "Relation Name": "movie_keyword",
                  "Alias": "mk",
                  "Startup Cost": 8559.5,
                  "Total Cost": 34640.48,
                  "Plan Rows": 130159,
                  "Plan Width": 0,
                  "Actual Startup Time": 36.559,
                  "Actual Total Time": 100.63,
                  "Actual Rows": 98082,
                  "Actual Loops": 4,
                  "Recheck Cond": "(keyword_id > 43931)",
                  "Rows Removed by Index Recheck": 0,
                  "Exact Heap Blocks": 8172,
                  "Lossy Heap Blocks": 0,
                  "Plans": [
                    {
                      "Node Type": "Bitmap Index Scan",
                      "Parent Relationship": "Outer",
                      "Parallel Aware": false,
                      "Index Name": "keyword_id_movie_keyword",
                      "Startup Cost": 0.0,
                      "Total Cost": 8458.62,
                      "Plan Rows": 403492,
                      "Plan Width": 0,
                      "Actual Startup Time": 39.116,
                      "Actual Total Time": 39.117,
                      "Actual Rows": 392328,
                      "Actual Loops": 1,
                      "Index Cond": "(keyword_id > 43931)"
                    }
                  ]
                }
              ]
            }
          ]
        }
      ]
    },
    "Planning Time": 0.118,
    "Triggers": [],
    "Execution Time": 121.665
  }
]