[
  {
    "Plan": {
      "Node Type": "Aggregate",
      "Strategy": "Plain",
      "Partial Mode": "Finalize",
      "Parallel Aware": false,
      "Startup Cost": 76117.23,
      "Total Cost": 76117.24,
      "Plan Rows": 1,
      "Plan Width": 8,
      "Actual Startup Time": 437.065,
      "Actual Total Time": 456.838,
      "Actual Rows": 1,
      "Actual Loops": 1,
      "Plans": [
        {
          "Node Type": "Gather",
          "Parent Relationship": "Outer",
          "Parallel Aware": false,
          "Startup Cost": 76116.91,
          "Total Cost": 76117.22,
          "Plan Rows": 3,
          "Plan Width": 8,
          "Actual Startup Time": 435.509,
          "Actual Total Time": 456.824,
          "Actual Rows": 4,
          "Actual Loops": 1,
          "Workers Planned": 3,
          "Workers Launched": 3,
          "Single Copy": false,
          "Plans": [
            {
              "Node Type": "Aggregate",
              "Strategy": "Plain",
              "Partial Mode": "Partial",
              "Parent Relationship": "Outer",
              "Parallel Aware": false,
              "Startup Cost": 75116.91,
              "Total Cost": 75116.92,
              "Plan Rows": 1,
              "Plan Width": 8,
              "Actual Startup Time": 420.193,
              "Actual Total Time": 420.196,
              "Actual Rows": 1,
              "Actual Loops": 4,
              "Plans": [
                {
                  "Node Type": "Hash Join",
                  "Parent Relationship": "Outer",
                  "Parallel Aware": true,
                  "Join Type": "Inner",
                  "Startup Cost": 45654.35,
                  "Total Cost": 75070.24,
                  "Plan Rows": 18669,
                  "Plan Width": 0,
                  "Actual Startup Time": 215.923,
                  "Actual Total Time": 414.686,
                  "Actual Rows": 74874,
                  "Actual Loops": 4,
                  "Inner Unique": true,
                  "Hash Cond": "(mc.movie_id = t.id)",
                  "Plans": [
                    {
                      "Node Type": "Seq Scan",
                      "Parent Relationship": "Outer",
                      "Parallel Aware": true,
                      "Relation Name": "movie_companies",
                      "Alias": "mc",
                      "Startup Cost": 0.0,
                      "Total Cost": 27206.55,
                      "Plan Rows": 841655,
                      "Plan Width": 4,
                      "Actual Startup Time": 0.033,
                      "Actual Total Time": 90.022,
                      "Actual Rows": 652282,
                      "Actual Loops": 4
                    },
                    {
                      "Node Type": "Hash",
                      "Parent Relationship": "Inner",
                      "Parallel Aware": true,
                      "Startup Cost": 45479.1,
                      "Total Cost": 45479.1,
                      "Plan Rows": 14020,
                      "Plan Width": 4,
                      "Actual Startup Time": 195.585,
                      "Actual Total Time": 195.586,
                      "Actual Rows": 36376,
                      "Actual Loops": 4,
                      "Hash Buckets": 262144,
                      "Original Hash Buckets": 65536,
                      "Hash Batches": 1,
                      "Original Hash Batches": 1,
                      "Peak Memory Usage": 9344,
                      "Plans": [
                        {
                          "Node Type": "Seq Scan",
                          "Parent Relationship": "Outer",
                          "Parallel Aware": true,
                          "Relation Name": "title",
                          "Alias": "t",
                          "Startup Cost": 0.0,
                          "Total Cost": 45479.1,
                          "Plan Rows": 14020,
                          "Plan Width": 4,
                          "Actual Startup Time": 5.669,
                          "Actual Total Time": 130.975,
                          "Actual Rows": 36376,
                          "Actual Loops": 4,
                          "Filter": "((kind_id < 7) AND (production_year < 1942))",
                          "Rows Removed by Filter": 595702
                        }
                      ]
                    }
                  ]
                }
              ]
            }
          ]
        }
      ]
    },
    "Planning Time": 1.264,
    "Triggers": [],
    "Execution Time": 456.958
  }
]