[
  {
    "Plan": {
      "Node Type": "Aggregate",
      "Strategy": "Plain",
      "Partial Mode": "Finalize",
      "Parallel Aware": false,
      "Startup Cost": 25221.6,
      "Total Cost": 25221.61,
      "Plan Rows": 1,
      "Plan Width": 8,
      "Actual Startup Time": 60.58,
      "Actual Total Time": 64.943,
      "Actual Rows": 1,
      "Actual Loops": 1,
      "Plans": [
        {
          "Node Type": "Gather",
          "Parent Relationship": "Outer",
          "Parallel Aware": false,
          "Startup Cost": 25221.28,
          "Total Cost": 25221.59,
          "Plan Rows": 3,
          "Plan Width": 8,
          "Actual Startup Time": 60.403,
          "Actual Total Time": 64.936,
          "Actual Rows": 4,
          "Actual Loops": 1,
          "Workers Planned": 3,
          "Workers Launched": 3,
          "Single Copy": false,
          "Plans": [
            {
              "Node Type": "Aggregate",
              "Strategy": "Plain",
              "Partial Mode": "Partial",
              "Parent Relationship": "Outer",
              "Parallel Aware": false,
              "Startup Cost": 24221.28,
              "Total Cost": 24221.29,
              "Plan Rows": 1,
              "Plan Width": 8,
              "Actual Startup Time": 51.543,
              "Actual Total Time": 51.547,
              "Actual Rows": 1,
              "Actual Loops": 4,
              "Plans": [
                {
                  "Node Type": "Bitmap Heap Scan",
                  "Parent Relationship": "Outer",
                  "Parallel Aware": true,
                  "Relation Name": "movie_companies",
                  "Alias": "mc",
                  "Startup Cost": 4440.05,
                  "Total Cost": 24056.07,
                  "Plan Rows": 66082,
                  "Plan Width": 0,
                  "Actual Startup Time": 18.785,
                  "Actual Total Time": 47.341,
                  "Actual Rows": 50320,
                  "Actual Loops": 4,
                  "Recheck Cond": "(company_id > 113054)",
                  "Rows Removed by Index Recheck": 0,
                  "Exact Heap Blocks": 2473,
                  "Lossy Heap Blocks": 0,
                  "Plans": [
                    {
                      "Node Type": "Bitmap Index Scan",
                      "Parent Relationship": "Outer",
                      "Parallel Aware": false,
                      "Index Name": "company_id_movie_companies",
                      "Startup Cost": 0.0,
                      "Total Cost": 4388.84,
                      "Plan Rows": 204854,
                      "Plan Width": 0,
                      "Actual Startup Time": 25.299,
                      "Actual Total Time": 25.3,
                      "Actual Rows": 201278,
                      "Actual Loops": 1,
                      "Index Cond": "(company_id > 113054)"
                    }
                  ]
                }
              ]
            }
          ]
        }
      ]
    },
    "Planning Time": 0.163,
    "Triggers": [],
    "Execution Time": 65.008
  }
]