[
  {
    "Plan": {
      "Node Type": "Aggregate",
      "Strategy": "Plain",
      "Partial Mode": "Finalize",
      "Parallel Aware": false,
      "Startup Cost": 45922.95,
      "Total Cost": 45922.96,
      "Plan Rows": 1,
      "Plan Width": 8,
      "Actual Startup Time": 148.922,
      "Actual Total Time": 159.24,
      "Actual Rows": 1,
      "Actual Loops": 1,
      "Plans": [
        {
          "Node Type": "Gather",
          "Parent Relationship": "Outer",
          "Parallel Aware": false,
          "Startup Cost": 45922.64,
          "Total Cost": 45922.95,
          "Plan Rows": 3,
          "Plan Width": 8,
          "Actual Startup Time": 148.788,
          "Actual Total Time": 159.232,
          "Actual Rows": 4,
          "Actual Loops": 1,
          "Workers Planned": 3,
          "Workers Launched": 3,
          "Single Copy": false,
          "Plans": [
            {
              "Node Type": "Aggregate",
              "Strategy": "Plain",
              "Partial Mode": "Partial",
              "Parent Relationship": "Outer",
              "Parallel Aware": false,
              "Startup Cost": 44922.64,
              "Total Cost": 44922.65,
              "Plan Rows": 1,
              "Plan Width": 8,
              "Actual Startup Time": 143.234,
              "Actual Total Time": 143.235,
              "Actual Rows": 1,
              "Actual Loops": 4,
              "Plans": [
                {
                  "Node Type": "Seq Scan",
                  "Parent Relationship": "Outer",
                  "Parallel Aware": true,
                  "Relation Name": "movie_keyword",
                  "Alias": "mk",
                  "Startup Cost": 0.0,
                  "Total Cost": 42695.65,
                  "Plan Rows": 890793,
                  "Plan Width": 0,
                  "Actual Startup Time": 0.041,
                  "Actual Total Time": 113.762,
                  "Actual Rows": 689082,
                  "Actual Loops": 4,
                  "Filter": "(keyword_id < 7850)",
                  "Rows Removed by Filter": 441900
                }
              ]
            }
          ]
        }
      ]
    },
    "Planning Time": 0.175,
    "Triggers": [],
    "Execution Time": 159.3
  }
]