{
  "Plan": {
    "Node Type": "Aggregate",
    "Strategy": "Plain",
    "Partial Mode": "Finalize",
    "Parallel Aware": false,
    "Startup Cost": 123826.46,
    "Total Cost": 123826.47,
    "Plan Rows": 1,
    "Plan Width": 8,
    "Actual Startup Time": 479.253,
    "Actual Total Time": 496.188,
    "Actual Rows": 1,
    "Actual Loops": 1,
    "Plans": [
      {
        "Node Type": "Gather",
        "Parent Relationship": "Outer",
        "Parallel Aware": false,
        "Startup Cost": 123826.35,
        "Total Cost": 123826.46,
        "Plan Rows": 1,
        "Plan Width": 8,
        "Actual Startup Time": 479.102,
        "Actual Total Time": 496.18,
        "Actual Rows": 2,
        "Actual Loops": 1,
        "Workers Planned": 1,
        "Workers Launched": 1,
        "Single Copy": false,
        "Plans": [
          {
            "Node Type": "Aggregate",
            "Strategy": "Plain",
            "Partial Mode": "Partial",
            "Parent Relationship": "Outer",
            "Parallel Aware": false,
            "Startup Cost": 122826.35,
            "Total Cost": 122826.36,
            "Plan Rows": 1,
            "Plan Width": 8,
            "Actual Startup Time": 474.287,
            "Actual Total Time": 474.291,
            "Actual Rows": 1,
            "Actual Loops": 2,
            "Plans": [
              {
                "Node Type": "Hash Join",
                "Parent Relationship": "Outer",
                "Parallel Aware": true,
                "Join Type": "Inner",
                "Startup Cost": 58641.29,
                "Total Cost": 122717.29,
                "Plan Rows": 43622,
                "Plan Width": 0,
                "Actual Startup Time": 153.454,
                "Actual Total Time": 474.032,
                "Actual Rows": 5168,
                "Actual Loops": 2,
                "Inner Unique": true,
                "Hash Cond": "(mk.movie_id = t.id)",
                "Plans": [
                  {
                    "Node Type": "Seq Scan",
                    "Parent Relationship": "Outer",
                    "Parallel Aware": true,
                    "Relation Name": "movie_keyword",
                    "Alias": "mk",
                    "Startup Cost": 0.0,
                    "Total Cost": 57718.19,
                    "Plan Rows": 2422019,
                    "Plan Width": 4,
                    "Actual Startup Time": 0.013,
                    "Actual Total Time": 201.12,
                    "Actual Rows": 2064433,
                    "Actual Loops": 2,
                    "Filter": "(keyword_id < 43689)",
                    "Rows Removed by Filter": 197532
                  },
                  {
                    "Node Type": "Hash",
                    "Parent Relationship": "Inner",
                    "Parallel Aware": true,
                    "Startup Cost": 58306.47,
                    "Total Cost": 58306.47,
                    "Plan Rows": 26786,
                    "Plan Width": 4,
                    "Actual Startup Time": 151.518,
                    "Actual Total Time": 151.519,
                    "Actual Rows": 20778,
                    "Actual Loops": 2,
                    "Hash Buckets": 65536,
                    "Original Hash Buckets": 65536,
                    "Hash Batches": 1,
                    "Original Hash Batches": 1,
                    "Peak Memory Usage": 2176,
                    "Plans": [
                      {
                        "Node Type": "Seq Scan",
                        "Parent Relationship": "Outer",
                        "Parallel Aware": true,
                        "Relation Name": "title",
                        "Alias": "t",
                        "Startup Cost": 0.0,
                        "Total Cost": 58306.47,
                        "Plan Rows": 26786,
                        "Plan Width": 4,
                        "Actual Startup Time": 0.066,
                        "Actual Total Time": 143.94,
                        "Actual Rows": 20778,
                        "Actual Loops": 2,
                        "Filter": "((kind_id > 3) AND (production_year > 2012))",
                        "Rows Removed by Filter": 1243378
                      }
                    ]
                  }
                ]
              }
            ]
          }
        ]
      }
    ]
  },
  "Planning Time": 0.488,
  "Triggers": [],
  "Execution Time": 496.262
}