[
  {
    "Plan": {
      "Node Type": "Aggregate",
      "Strategy": "Plain",
      "Partial Mode": "Finalize",
      "Parallel Aware": false,
      "Startup Cost": 248404.67,
      "Total Cost": 248404.68,
      "Plan Rows": 1,
      "Plan Width": 8,
      "Actual Startup Time": 531.189,
      "Actual Total Time": 571.524,
      "Actual Rows": 1,
      "Actual Loops": 1,
      "Plans": [
        {
          "Node Type": "Gather",
          "Parent Relationship": "Outer",
          "Parallel Aware": false,
          "Startup Cost": 248404.15,
          "Total Cost": 248404.66,
          "Plan Rows": 5,
          "Plan Width": 8,
          "Actual Startup Time": 530.26,
          "Actual Total Time": 571.515,
          "Actual Rows": 6,
          "Actual Loops": 1,
          "Workers Planned": 5,
          "Workers Launched": 5,
          "Single Copy": false,
          "Plans": [
            {
              "Node Type": "Aggregate",
              "Strategy": "Plain",
              "Partial Mode": "Partial",
              "Parent Relationship": "Outer",
              "Parallel Aware": false,
              "Startup Cost": 247404.15,
              "Total Cost": 247404.16,
              "Plan Rows": 1,
              "Plan Width": 8,
              "Actual Startup Time": 523.787,
              "Actual Total Time": 523.791,
              "Actual Rows": 1,
              "Actual Loops": 6,
              "Plans": [
                {
                  "Node Type": "Hash Join",
                  "Parent Relationship": "Outer",
                  "Parallel Aware": true,
                  "Join Type": "Inner",
                  "Startup Cost": 45632.09,
                  "Total Cost": 247356.07,
                  "Plan Rows": 19232,
                  "Plan Width": 0,
                  "Actual Startup Time": 77.845,
                  "Actual Total Time": 522.21,
                  "Actual Rows": 28611,
                  "Actual Loops": 6,
                  "Inner Unique": true,
                  "Hash Cond": "(mi.movie_id = t.id)",
                  "Plans": [
                    {
                      "Node Type": "Seq Scan",
                      "Parent Relationship": "Outer",
                      "Parallel Aware": true,
                      "Relation Name": "movie_info",
                      "Alias": "mi",
                      "Startup Cost": 0.0,
                      "Total Cost": 199108.24,
                      "Plan Rows": 996473,
                      "Plan Width": 4,
                      "Actual Startup Time": 0.038,
                      "Actual Total Time": 368.258,
                      "Actual Rows": 820661,
                      "Actual Loops": 6,
                      "Filter": "(info_type_id < 5)",
                      "Rows Removed by Filter": 1651959
                    },
                    {
                      "Node Type": "Hash",
                      "Parent Relationship": "Inner",
                      "Parallel Aware": true,
                      "Startup Cost": 45479.59,
                      "Total Cost": 45479.59,
                      "Plan Rows": 12200,
                      "Plan Width": 4,
                      "Actual Startup Time": 76.795,
                      "Actual Total Time": 76.796,
                      "Actual Rows": 6459,
                      "Actual Loops": 6,
                      "Hash Buckets": 65536,
                      "Original Hash Buckets": 65536,
                      "Hash Batches": 1,
                      "Original Hash Batches": 1,
                      "Peak Memory Usage": 2144,
                      "Plans": [
                        {
                          "Node Type": "Seq Scan",
                          "Parent Relationship": "Outer",
                          "Parallel Aware": true,
                          "Relation Name": "title",
                          "Alias": "t",
                          "Startup Cost": 0.0,
                          "Total Cost": 45479.59,
                          "Plan Rows": 12200,
                          "Plan Width": 4,
                          "Actual Startup Time": 0.243,
                          "Actual Total Time": 73.896,
                          "Actual Rows": 6459,
                          "Actual Loops": 6,
                          "Filter": "((kind_id < 7) AND (production_year = 2008))",
                          "Rows Removed by Filter": 414927
                        }
                      ]
                    }
                  ]
                }
              ]
            }
          ]
        }
      ]
    },
    "Planning Time": 0.469,
    "Triggers": [],
    "Execution Time": 571.57
  }
]