{
  "Plan": {
    "Node Type": "Aggregate",
    "Strategy": "Plain",
    "Partial Mode": "Finalize",
    "Parallel Aware": false,
    "Startup Cost": 119886.19,
    "Total Cost": 119886.2,
    "Plan Rows": 1,
    "Plan Width": 8,
    "Actual Startup Time": 780.749,
    "Actual Total Time": 802.373,
    "Actual Rows": 1,
    "Actual Loops": 1,
    "Plans": [
      {
        "Node Type": "Gather",
        "Parent Relationship": "Outer",
        "Parallel Aware": false,
        "Startup Cost": 119886.08,
        "Total Cost": 119886.19,
        "Plan Rows": 1,
        "Plan Width": 8,
        "Actual Startup Time": 774.315,
        "Actual Total Time": 802.363,
        "Actual Rows": 2,
        "Actual Loops": 1,
        "Workers Planned": 1,
        "Workers Launched": 1,
        "Single Copy": false,
        "Plans": [
          {
            "Node Type": "Aggregate",
            "Strategy": "Plain",
            "Partial Mode": "Partial",
            "Parent Relationship": "Outer",
            "Parallel Aware": false,
            "Startup Cost": 118886.08,
            "Total Cost": 118886.09,
            "Plan Rows": 1,
            "Plan Width": 8,
            "Actual Startup Time": 762.832,
            "Actual Total Time": 762.836,
            "Actual Rows": 1,
            "Actual Loops": 2,
            "Plans": [
              {
                "Node Type": "Hash Join",
                "Parent Relationship": "Outer",
                "Parallel Aware": true,
                "Join Type": "Inner",
                "Startup Cost": 86233.62,
                "Total Cost": 117723.18,
                "Plan Rows": 465161,
                "Plan Width": 0,
                "Actual Startup Time": 554.611,
                "Actual Total Time": 745.7,
                "Actual Rows": 400697,
                "Actual Loops": 2,
                "Inner Unique": true,
                "Hash Cond": "(mk.movie_id = t.id)",
                "Plans": [
                  {
                    "Node Type": "Bitmap Heap Scan",
                    "Parent Relationship": "Outer",
                    "Parallel Aware": true,
                    "Relation Name": "movie_keyword",
                    "Alias": "mk",
                    "Startup Cost": 16772.92,
                    "Total Cost": 47041.43,
                    "Plan Rows": 465161,
                    "Plan Width": 4,
                    "Actual Startup Time": 40.252,
                    "Actual Total Time": 121.486,
                    "Actual Rows": 400697,
                    "Actual Loops": 2,
                    "Recheck Cond": "(keyword_id < 772)",
                    "Rows Removed by Index Recheck": 0,
                    "Exact Heap Blocks": 13359,
                    "Lossy Heap Blocks": 0,
                    "Plans": [
                      {
                        "Node Type": "Bitmap Index Scan",
                        "Parent Relationship": "Outer",
                        "Parallel Aware": false,
                        "Index Name": "keyword_id_movie_keyword",
                        "Startup Cost": 0.0,
                        "Total Cost": 16575.23,
                        "Plan Rows": 790773,
                        "Plan Width": 0,
                        "Actual Startup Time": 36.66,
                        "Actual Total Time": 36.661,
                        "Actual Rows": 801394,
                        "Actual Loops": 1,
                        "Index Cond": "(keyword_id < 772)"
                      }
                    ]
                  },
                  {
                    "Node Type": "Hash",
                    "Parent Relationship": "Inner",
                    "Parallel Aware": true,
                    "Startup Cost": 50870.31,
                    "Total Cost": 50870.31,
                    "Plan Rows": 1487231,
                    "Plan Width": 4,
                    "Actual Startup Time": 492.722,
                    "Actual Total Time": 492.723,
                    "Actual Rows": 1264156,
                    "Actual Loops": 2,
                    "Hash Buckets": 4194304,
                    "Original Hash Buckets": 4194304,
                    "Hash Batches": 1,
                    "Original Hash Batches": 1,
                    "Peak Memory Usage": 131712,
                    "Plans": [
                      {
                        "Node Type": "Seq Scan",
                        "Parent Relationship": "Outer",
                        "Parallel Aware": true,
                        "Relation Name": "title",
                        "Alias": "t",
                        "Startup Cost": 0.0,
                        "Total Cost": 50870.31,
                        "Plan Rows": 1487231,
                        "Plan Width": 4,
                        "Actual Startup Time": 0.026,
                        "Actual Total Time": 149.174,
                        "Actual Rows": 1264156,
                        "Actual Loops": 2
                      }
                    ]
                  }
                ]
              }
            ]
          }
        ]
      }
    ]
  },
  "Planning Time": 0.606,
  "Triggers": [],
  "Execution Time": 802.454
}