{
  "Plan": {
    "Node Type": "Aggregate",
    "Strategy": "Plain",
    "Partial Mode": "Finalize",
    "Parallel Aware": false,
    "Startup Cost": 806257.46,
    "Total Cost": 806257.47,
    "Plan Rows": 1,
    "Plan Width": 8,
    "Actual Startup Time": 3516.734,
    "Actual Total Time": 3581.769,
    "Actual Rows": 1,
    "Actual Loops": 1,
    "Plans": [
      {
        "Node Type": "Gather",
        "Parent Relationship": "Outer",
        "Parallel Aware": false,
        "Startup Cost": 806257.34,
        "Total Cost": 806257.45,
        "Plan Rows": 1,
        "Plan Width": 8,
        "Actual Startup Time": 3515.995,
        "Actual Total Time": 3581.759,
        "Actual Rows": 2,
        "Actual Loops": 1,
        "Workers Planned": 1,
        "Workers Launched": 1,
        "Single Copy": false,
        "Plans": [
          {
            "Node Type": "Aggregate",
            "Strategy": "Plain",
            "Partial Mode": "Partial",
            "Parent Relationship": "Outer",
            "Parallel Aware": false,
            "Startup Cost": 805257.34,
            "Total Cost": 805257.35,
            "Plan Rows": 1,
            "Plan Width": 8,
            "Actual Startup Time": 3509.64,
            "Actual Total Time": 3509.647,
            "Actual Rows": 1,
            "Actual Loops": 2,
            "Plans": [
              {
                "Node Type": "Nested Loop",
                "Parent Relationship": "Outer",
                "Parallel Aware": false,
                "Join Type": "Inner",
                "Startup Cost": 256812.52,
                "Total Cost": 803679.44,
                "Plan Rows": 631160,
                "Plan Width": 0,
                "Actual Startup Time": 635.614,
                "Actual Total Time": 3453.627,
                "Actual Rows": 1208368,
                "Actual Loops": 2,
                "Inner Unique": false,
                "Join Filter": "(t.id = mi.movie_id)",
                "Rows Removed by Join Filter": 0,
                "Plans": [
                  {
                    "Node Type": "Hash Join",
                    "Parent Relationship": "Outer",
                    "Parallel Aware": true,
                    "Join Type": "Inner",
                    "Startup Cost": 256812.08,
                    "Total Cost": 609858.67,
                    "Plan Rows": 107941,
                    "Plan Width": 8,
                    "Actual Startup Time": 635.465,
                    "Actual Total Time": 1927.358,
                    "Actual Rows": 112117,
                    "Actual Loops": 2,
                    "Inner Unique": true,
                    "Hash Cond": "(ci.movie_id = t.id)",
                    "Plans": [
                      {
                        "Node Type": "Bitmap Heap Scan",
                        "Parent Relationship": "Outer",
                        "Parallel Aware": true,
                        "Relation Name": "cast_info",
                        "Alias": "ci",
                        "Startup Cost": 217678.53,
                        "Total Cost": 557454.16,
                        "Plan Rows": 5055592,
                        "Plan Width": 4,
                        "Actual Startup Time": 576.662,
                        "Actual Total Time": 1324.122,
                        "Actual Rows": 4754340,
                        "Actual Loops": 2,
                        "Recheck Cond": "(person_id < 978269)",
                        "Rows Removed by Index Recheck": 0,
                        "Filter": "(role_id < 10)",
                        "Rows Removed by Filter": 214121,
                        "Exact Heap Blocks": 50252,
                        "Lossy Heap Blocks": 0,
                        "Plans": [
                          {
                            "Node Type": "Bitmap Index Scan",
                            "Parent Relationship": "Outer",
                            "Parallel Aware": false,
                            "Index Name": "person_id_cast_info",
                            "Startup Cost": 0.0,
                            "Total Cost": 215529.9,
                            "Plan Rows": 9870045,
                            "Plan Width": 0,
                            "Actual Startup Time": 555.821,
                            "Actual Total Time": 555.822,
                            "Actual Rows": 9936921,
                            "Actual Loops": 1,
                            "Index Cond": "(person_id < 978269)"
                          }
                        ]
                      },
                      {
                        "Node Type": "Hash",
                        "Parent Relationship": "Inner",
                        "Parallel Aware": true,
                        "Startup Cost": 38736.63,
                        "Total Cost": 38736.63,
                        "Plan Rows": 31754,
                        "Plan Width": 4,
                        "Actual Startup Time": 57.269,
                        "Actual Total Time": 57.271,
                        "Actual Rows": 20442,
                        "Actual Loops": 2,
                        "Hash Buckets": 65536,
                        "Original Hash Buckets": 65536,
                        "Hash Batches": 1,
                        "Original Hash Batches": 1,
                        "Peak Memory Usage": 2144,
                        "Plans": [
                          {
                            "Node Type": "Bitmap Heap Scan",
                            "Parent Relationship": "Outer",
                            "Parallel Aware": true,
                            "Relation Name": "title",
                            "Alias": "t",
                            "Startup Cost": 1836.63,
                            "Total Cost": 38736.63,
                            "Plan Rows": 31754,
                            "Plan Width": 4,
                            "Actual Startup Time": 15.992,
                            "Actual Total Time": 51.584,
                            "Actual Rows": 20442,
                            "Actual Loops": 2,
                            "Recheck Cond": "(kind_id = 3)",
                            "Rows Removed by Index Recheck": 0,
                            "Filter": "(production_year > 2001)",
                            "Rows Removed by Filter": 29826,
                            "Exact Heap Blocks": 10540,
                            "Lossy Heap Blocks": 0,
                            "Plans": [
                              {
                                "Node Type": "Bitmap Index Scan",
                                "Parent Relationship": "Outer",
                                "Parallel Aware": false,
                                "Index Name": "kind_id_title",
                                "Startup Cost": 0.0,
                                "Total Cost": 1823.13,
                                "Plan Rows": 102227,
                                "Plan Width": 0,
                                "Actual Startup Time": 15.879,
                                "Actual Total Time": 15.879,
                                "Actual Rows": 100537,
                                "Actual Loops": 1,
                                "Index Cond": "(kind_id = 3)"
                              }
                            ]
                          }
                        ]
                      }
                    ]
                  },
                  {
                    "Node Type": "Index Only Scan",
                    "Parent Relationship": "Inner",
                    "Parallel Aware": false,
                    "Scan Direction": "Forward",
                    "Index Name": "movie_id_movie_info",
                    "Relation Name": "movie_info",
                    "Alias": "mi",
                    "Startup Cost": 0.43,
                    "Total Cost": 1.27,
                    "Plan Rows": 42,
                    "Plan Width": 4,
                    "Actual Startup Time": 0.005,
                    "Actual Total Time": 0.012,
                    "Actual Rows": 11,
                    "Actual Loops": 224234,
                    "Index Cond": "(movie_id = ci.movie_id)",
                    "Rows Removed by Index Recheck": 0,
                    "Heap Fetches": 2416736
                  }
                ]
              }
            ]
          }
        ]
      }
    ]
  },
  "Planning Time": 0.976,
  "Triggers": [],
  "Execution Time": 3581.91
}