{
  "Plan": {
    "Node Type": "Aggregate",
    "Strategy": "Plain",
    "Partial Mode": "Finalize",
    "Parallel Aware": false,
    "Startup Cost": 397496.27,
    "Total Cost": 397496.28,
    "Plan Rows": 1,
    "Plan Width": 8,
    "Actual Startup Time": 2913.243,
    "Actual Total Time": 2974.959,
    "Actual Rows": 1,
    "Actual Loops": 1,
    "Plans": [
      {
        "Node Type": "Gather",
        "Parent Relationship": "Outer",
        "Parallel Aware": false,
        "Startup Cost": 397496.15,
        "Total Cost": 397496.26,
        "Plan Rows": 1,
        "Plan Width": 8,
        "Actual Startup Time": 2911.13,
        "Actual Total Time": 2974.949,
        "Actual Rows": 2,
        "Actual Loops": 1,
        "Workers Planned": 1,
        "Workers Launched": 1,
        "Single Copy": false,
        "Plans": [
          {
            "Node Type": "Aggregate",
            "Strategy": "Plain",
            "Partial Mode": "Partial",
            "Parent Relationship": "Outer",
            "Parallel Aware": false,
            "Startup Cost": 396496.15,
            "Total Cost": 396496.16,
            "Plan Rows": 1,
            "Plan Width": 8,
            "Actual Startup Time": 2905.322,
            "Actual Total Time": 2905.327,
            "Actual Rows": 1,
            "Actual Loops": 2,
            "Plans": [
              {
                "Node Type": "Nested Loop",
                "Parent Relationship": "Outer",
                "Parallel Aware": false,
                "Join Type": "Inner",
                "Startup Cost": 60153.39,
                "Total Cost": 395921.26,
                "Plan Rows": 229956,
                "Plan Width": 0,
                "Actual Startup Time": 283.669,
                "Actual Total Time": 2869.37,
                "Actual Rows": 759204,
                "Actual Loops": 2,
                "Inner Unique": false,
                "Join Filter": "(t.id = ci.movie_id)",
                "Rows Removed by Join Filter": 0,
                "Plans": [
                  {
                    "Node Type": "Hash Join",
                    "Parent Relationship": "Outer",
                    "Parallel Aware": true,
                    "Join Type": "Inner",
                    "Startup Cost": 60152.82,
                    "Total Cost": 102573.64,
                    "Plan Rows": 68194,
                    "Plan Width": 8,
                    "Actual Startup Time": 283.375,
                    "Actual Total Time": 427.573,
                    "Actual Rows": 86845,
                    "Actual Loops": 2,
                    "Inner Unique": true,
                    "Hash Cond": "(mc.movie_id = t.id)",
                    "Plans": [
                      {
                        "Node Type": "Index Scan",
                        "Parent Relationship": "Outer",
                        "Parallel Aware": true,
                        "Scan Direction": "Forward",
                        "Index Name": "company_type_id_movie_companies",
                        "Relation Name": "movie_companies",
                        "Alias": "mc",
                        "Startup Cost": 0.43,
                        "Total Cost": 41574.35,
                        "Plan Rows": 322625,
                        "Plan Width": 4,
                        "Actual Startup Time": 30.314,
                        "Actual Total Time": 110.903,
                        "Actual Rows": 130122,
                        "Actual Loops": 2,
                        "Index Cond": "(company_type_id < 2)",
                        "Rows Removed by Index Recheck": 0,
                        "Filter": "(company_id > 13759)",
                        "Rows Removed by Filter": 507001
                      },
                      {
                        "Node Type": "Hash",
                        "Parent Relationship": "Inner",
                        "Parallel Aware": true,
                        "Startup Cost": 56222.94,
                        "Total Cost": 56222.94,
                        "Plan Rows": 314356,
                        "Plan Width": 4,
                        "Actual Startup Time": 244.023,
                        "Actual Total Time": 244.024,
                        "Actual Rows": 282472,
                        "Actual Loops": 2,
                        "Hash Buckets": 1048576,
                        "Original Hash Buckets": 1048576,
                        "Hash Batches": 1,
                        "Original Hash Batches": 1,
                        "Peak Memory Usage": 30336,
                        "Plans": [
                          {
                            "Node Type": "Bitmap Heap Scan",
                            "Parent Relationship": "Outer",
                            "Parallel Aware": true,
                            "Relation Name": "title",
                            "Alias": "t",
                            "Startup Cost": 13572.56,
                            "Total Cost": 56222.94,
                            "Plan Rows": 314356,
                            "Plan Width": 4,
                            "Actual Startup Time": 46.376,
                            "Actual Total Time": 161.133,
                            "Actual Rows": 282472,
                            "Actual Loops": 2,
                            "Recheck Cond": "(kind_id < 3)",
                            "Rows Removed by Index Recheck": 0,
                            "Filter": "(production_year < 2009)",
                            "Rows Removed by Filter": 94367,
                            "Exact Heap Blocks": 25046,
                            "Lossy Heap Blocks": 0,
                            "Plans": [
                              {
                                "Node Type": "Bitmap Index Scan",
                                "Parent Relationship": "Outer",
                                "Parallel Aware": false,
                                "Index Name": "kind_id_title",
                                "Startup Cost": 0.0,
                                "Total Cost": 13438.96,
                                "Plan Rows": 753937,
                                "Plan Width": 0,
                                "Actual Startup Time": 40.617,
                                "Actual Total Time": 40.617,
                                "Actual Rows": 753677,
                                "Actual Loops": 1,
                                "Index Cond": "(kind_id < 3)"
                              }
                            ]
                          }
                        ]
                      }
                    ]
                  },
                  {
                    "Node Type": "Index Scan",
                    "Parent Relationship": "Inner",
                    "Parallel Aware": false,
                    "Scan Direction": "Forward",
                    "Index Name": "movie_id_cast_info",
                    "Relation Name": "cast_info",
                    "Alias": "ci",
                    "Startup Cost": 0.56,
                    "Total Cost": 4.19,
                    "Plan Rows": 9,
                    "Plan Width": 4,
                    "Actual Startup Time": 0.02,
                    "Actual Total Time": 0.027,
                    "Actual Rows": 9,
                    "Actual Loops": 173690,
                    "Index Cond": "(movie_id = mc.movie_id)",
                    "Rows Removed by Index Recheck": 0,
                    "Filter": "((person_id > 1100475) AND (role_id > 3))",
                    "Rows Removed by Filter": 23
                  }
                ]
              }
            ]
          }
        ]
      }
    ]
  },
  "Planning Time": 1.081,
  "Triggers": [],
  "Execution Time": 2975.086
}