[
  {
    "Plan": {
      "Node Type": "Aggregate",
      "Strategy": "Plain",
      "Partial Mode": "Finalize",
      "Parallel Aware": false,
      "Startup Cost": 29177.38,
      "Total Cost": 29177.39,
      "Plan Rows": 1,
      "Plan Width": 8,
      "Actual Startup Time": 36.534,
      "Actual Total Time": 43.69,
      "Actual Rows": 1,
      "Actual Loops": 1,
      "Plans": [
        {
          "Node Type": "Gather",
          "Parent Relationship": "Outer",
          "Parallel Aware": false,
          "Startup Cost": 29177.07,
          "Total Cost": 29177.38,
          "Plan Rows": 3,
          "Plan Width": 8,
          "Actual Startup Time": 35.673,
          "Actual Total Time": 43.682,
          "Actual Rows": 4,
          "Actual Loops": 1,
          "Workers Planned": 3,
          "Workers Launched": 3,
          "Single Copy": false,
          "Plans": [
            {
              "Node Type": "Aggregate",
              "Strategy": "Plain",
              "Partial Mode": "Partial",
              "Parent Relationship": "Outer",
              "Parallel Aware": false,
              "Startup Cost": 28177.07,
              "Total Cost": 28177.08,
              "Plan Rows": 1,
              "Plan Width": 8,
              "Actual Startup Time": 31.961,
              "Actual Total Time": 31.963,
              "Actual Rows": 1,
              "Actual Loops": 4,
              "Plans": [
                {
                  "Node Type": "Nested Loop",
                  "Parent Relationship": "Outer",
                  "Parallel Aware": false,
                  "Join Type": "Inner",
                  "Startup Cost": 234.95,
                  "Total Cost": 28175.51,
                  "Plan Rows": 621,
                  "Plan Width": 0,
                  "Actual Startup Time": 6.452,
                  "Actual Total Time": 31.604,
                  "Actual Rows": 3046,
                  "Actual Loops": 4,
                  "Inner Unique": false,
                  "Join Filter": "(t.id = ci.movie_id)",
                  "Rows Removed by Join Filter": 0,
                  "Plans": [
                    {
                      "Node Type": "Nested Loop",
                      "Parent Relationship": "Outer",
                      "Parallel Aware": false,
                      "Join Type": "Inner",
                      "Startup Cost": 234.38,
                      "Total Cost": 27964.22,
                      "Plan Rows": 43,
                      "Plan Width": 8,
                      "Actual Startup Time": 6.332,
                      "Actual Total Time": 16.448,
                      "Actual Rows": 52,
                      "Actual Loops": 4,
                      "Inner Unique": false,
                      "Plans": [
                        {
                          "Node Type": "Bitmap Heap Scan",
                          "Parent Relationship": "Outer",
                          "Parallel Aware": true,
                          "Relation Name": "title",
                          "Alias": "t",
                          "Startup Cost": 233.96,
                          "Total Cost": 26050.28,
                          "Plan Rows": 236,
                          "Plan Width": 4,
                          "Actual Startup Time": 6.183,
                          "Actual Total Time": 14.836,
                          "Actual Rows": 110,
                          "Actual Loops": 4,
                          "Recheck Cond": "(kind_id = 6)",
                          "Rows Removed by Index Recheck": 0,
                          "Filter": "(production_year = 2010)",
                          "Rows Removed by Filter": 3040,
                          "Exact Heap Blocks": 4764,
                          "Lossy Heap Blocks": 0,
                          "Plans": [
                            {
                              "Node Type": "Bitmap Index Scan",
                              "Parent Relationship": "Outer",
                              "Parallel Aware": false,
                              "Index Name": "kind_id_title",
                              "Startup Cost": 0.0,
                              "Total Cost": 233.77,
                              "Plan Rows": 12979,
                              "Plan Width": 0,
                              "Actual Startup Time": 6.285,
                              "Actual Total Time": 6.285,
                              "Actual Rows": 12600,
                              "Actual Loops": 1,
                              "Index Cond": "(kind_id = 6)"
                            }
                          ]
                        },
                        {
                          "Node Type": "Index Scan",
                          "Parent Relationship": "Inner",
                          "Parallel Aware": false,
                          "Scan Direction": "Forward",
                          "Index Name": "movie_id_movie_info_idx",
                          "Relation Name": "movie_info_idx",
                          "Alias": "mi_idx",
                          "Startup Cost": 0.43,
                          "Total Cost": 8.1,
                          "Plan Rows": 1,
                          "Plan Width": 4,
                          "Actual Startup Time": 0.014,
                          "Actual Total Time": 0.014,
                          "Actual Rows": 0,
                          "Actual Loops": 440,
                          "Index Cond": "(movie_id = t.id)",
                          "Rows Removed by Index Recheck": 0,
                          "Filter": "(info_type_id > 100)",
                          "Rows Removed by Filter": 1
                        }
                      ]
                    },
                    {
                      "Node Type": "Index Only Scan",
                      "Parent Relationship": "Inner",
                      "Parallel Aware": false,
                      "Scan Direction": "Forward",
                      "Index Name": "movie_id_cast_info",
                      "Relation Name": "cast_info",
                      "Alias": "ci",
                      "Startup Cost": 0.56,
                      "Total Cost": 4.48,
                      "Plan Rows": 35,
                      "Plan Width": 4,
                      "Actual Startup Time": 0.024,
                      "Actual Total Time": 0.278,
                      "Actual Rows": 58,
                      "Actual Loops": 209,
                      "Index Cond": "(movie_id = mi_idx.movie_id)",
                      "Rows Removed by Index Recheck": 0,
                      "Heap Fetches": 12183
                    }
                  ]
                }
              ]
            }
          ]
        }
      ]
    },
    "Planning Time": 0.801,
    "Triggers": [],
    "Execution Time": 43.77
  }
]