[
  {
    "Plan": {
      "Node Type": "Aggregate",
      "Strategy": "Plain",
      "Partial Mode": "Finalize",
      "Parallel Aware": false,
      "Startup Cost": 88238.37,
      "Total Cost": 88238.38,
      "Plan Rows": 1,
      "Plan Width": 8,
      "Actual Startup Time": 206.298,
      "Actual Total Time": 225.849,
      "Actual Rows": 1,
      "Actual Loops": 1,
      "Plans": [
        {
          "Node Type": "Gather",
          "Parent Relationship": "Outer",
          "Parallel Aware": false,
          "Startup Cost": 88238.05,
          "Total Cost": 88238.36,
          "Plan Rows": 3,
          "Plan Width": 8,
          "Actual Startup Time": 205.976,
          "Actual Total Time": 225.837,
          "Actual Rows": 4,
          "Actual Loops": 1,
          "Workers Planned": 3,
          "Workers Launched": 3,
          "Single Copy": false,
          "Plans": [
            {
              "Node Type": "Aggregate",
              "Strategy": "Plain",
              "Partial Mode": "Partial",
              "Parent Relationship": "Outer",
              "Parallel Aware": false,
              "Startup Cost": 87238.05,
              "Total Cost": 87238.06,
              "Plan Rows": 1,
              "Plan Width": 8,
              "Actual Startup Time": 201.868,
              "Actual Total Time": 201.872,
              "Actual Rows": 1,
              "Actual Loops": 4,
              "Plans": [
                {
                  "Node Type": "Nested Loop",
                  "Parent Relationship": "Outer",
                  "Parallel Aware": false,
                  "Join Type": "Inner",
                  "Startup Cost": 45612.89,
                  "Total Cost": 87217.15,
                  "Plan Rows": 8361,
                  "Plan Width": 0,
                  "Actual Startup Time": 131.034,
                  "Actual Total Time": 200.869,
                  "Actual Rows": 22022,
                  "Actual Loops": 4,
                  "Inner Unique": false,
                  "Join Filter": "(t.id = mk.movie_id)",
                  "Rows Removed by Join Filter": 0,
                  "Plans": [
                    {
                      "Node Type": "Hash Join",
                      "Parent Relationship": "Outer",
                      "Parallel Aware": true,
                      "Join Type": "Inner",
                      "Startup Cost": 45612.46,
                      "Total Cost": 77756.7,
                      "Plan Rows": 4673,
                      "Plan Width": 8,
                      "Actual Startup Time": 130.774,
                      "Actual Total Time": 181.525,
                      "Actual Rows": 1909,
                      "Actual Loops": 4,
                      "Inner Unique": true,
                      "Hash Cond": "(mc.movie_id = t.id)",
                      "Plans": [
                        {
                          "Node Type": "Seq Scan",
                          "Parent Relationship": "Outer",
                          "Parallel Aware": true,
                          "Relation Name": "movie_companies",
                          "Alias": "mc",
                          "Startup Cost": 0.0,
                          "Total Cost": 31414.82,
                          "Plan Rows": 277875,
                          "Plan Width": 4,
                          "Actual Startup Time": 32.931,
                          "Actual Total Time": 67.278,
                          "Actual Rows": 137181,
                          "Actual Loops": 4,
                          "Filter": "((company_id < 20490) AND (company_type_id = 2))",
                          "Rows Removed by Filter": 515101
                        },
                        {
                          "Node Type": "Hash",
                          "Parent Relationship": "Inner",
                          "Parallel Aware": true,
                          "Startup Cost": 45479.59,
                          "Total Cost": 45479.59,
                          "Plan Rows": 10630,
                          "Plan Width": 4,
                          "Actual Startup Time": 97.267,
                          "Actual Total Time": 97.268,
                          "Actual Rows": 9402,
                          "Actual Loops": 4,
                          "Hash Buckets": 65536,
                          "Original Hash Buckets": 65536,
                          "Hash Batches": 1,
                          "Original Hash Batches": 1,
                          "Peak Memory Usage": 2048,
                          "Plans": [
                            {
                              "Node Type": "Seq Scan",
                              "Parent Relationship": "Outer",
                              "Parallel Aware": true,
                              "Relation Name": "title",
                              "Alias": "t",
                              "Startup Cost": 0.0,
                              "Total Cost": 45479.59,
                              "Plan Rows": 10630,
                              "Plan Width": 4,
                              "Actual Startup Time": 0.071,
                              "Actual Total Time": 92.995,
                              "Actual Rows": 9402,
                              "Actual Loops": 4,
                              "Filter": "((kind_id < 3) AND (production_year = 2010))",
                              "Rows Removed by Filter": 622676
                            }
                          ]
                        }
                      ]
                    },
                    {
                      "Node Type": "Index Only Scan",
                      "Parent Relationship": "Inner",
                      "Parallel Aware": false,
                      "Scan Direction": "Forward",
                      "Index Name": "movie_id_movie_keyword",
                      "Relation Name": "movie_keyword",
                      "Alias": "mk",
                      "Startup Cost": 0.43,
                      "Total Cost": 1.45,
                      "Plan Rows": 46,
                      "Plan Width": 4,
                      "Actual Startup Time": 0.007,
                      "Actual Total Time": 0.009,
                      "Actual Rows": 12,
                      "Actual Loops": 7637,
                      "Index Cond": "(movie_id = mc.movie_id)",
                      "Rows Removed by Index Recheck": 0,
                      "Heap Fetches": 88089
                    }
                  ]
                }
              ]
            }
          ]
        }
      ]
    },
    "Planning Time": 1.041,
    "Triggers": [],
    "Execution Time": 225.904
  }
]