[
  {
    "Plan": {
      "Node Type": "Aggregate",
      "Strategy": "Plain",
      "Partial Mode": "Finalize",
      "Parallel Aware": false,
      "Startup Cost": 33133.28,
      "Total Cost": 33133.29,
      "Plan Rows": 1,
      "Plan Width": 8,
      "Actual Startup Time": 80.606,
      "Actual Total Time": 85.876,
      "Actual Rows": 1,
      "Actual Loops": 1,
      "Plans": [
        {
          "Node Type": "Gather",
          "Parent Relationship": "Outer",
          "Parallel Aware": false,
          "Startup Cost": 33132.97,
          "Total Cost": 33133.28,
          "Plan Rows": 3,
          "Plan Width": 8,
          "Actual Startup Time": 80.496,
          "Actual Total Time": 85.87,
          "Actual Rows": 4,
          "Actual Loops": 1,
          "Workers Planned": 3,
          "Workers Launched": 3,
          "Single Copy": false,
          "Plans": [
            {
              "Node Type": "Aggregate",
              "Strategy": "Plain",
              "Partial Mode": "Partial",
              "Parent Relationship": "Outer",
              "Parallel Aware": false,
              "Startup Cost": 32132.97,
              "Total Cost": 32132.98,
              "Plan Rows": 1,
              "Plan Width": 8,
              "Actual Startup Time": 76.313,
              "Actual Total Time": 76.314,
              "Actual Rows": 1,
              "Actual Loops": 4,
              "Plans": [
                {
                  "Node Type": "Seq Scan",
                  "Parent Relationship": "Outer",
                  "Parallel Aware": true,
                  "Relation Name": "movie_companies",
                  "Alias": "mc",
                  "Startup Cost": 0.0,
                  "Total Cost": 31414.82,
                  "Plan Rows": 287259,
                  "Plan Width": 0,
                  "Actual Startup Time": 37.409,
                  "Actual Total Time": 69.763,
                  "Actual Rows": 142996,
                  "Actual Loops": 4,
                  "Filter": "((company_id < 23996) AND (company_type_id = 2))",
                  "Rows Removed by Filter": 509287
                }
              ]
            }
          ]
        }
      ]
    },
    "Planning Time": 0.082,
    "Triggers": [],
    "Execution Time": 85.9
  }
]