{
  "Plan": {
    "Node Type": "Aggregate",
    "Strategy": "Plain",
    "Partial Mode": "Finalize",
    "Parallel Aware": false,
    "Startup Cost": 105605.39,
    "Total Cost": 105605.4,
    "Plan Rows": 1,
    "Plan Width": 8,
    "Actual Startup Time": 404.825,
    "Actual Total Time": 417.413,
    "Actual Rows": 1,
    "Actual Loops": 1,
    "Plans": [
      {
        "Node Type": "Gather",
        "Parent Relationship": "Outer",
        "Parallel Aware": false,
        "Startup Cost": 105605.27,
        "Total Cost": 105605.38,
        "Plan Rows": 1,
        "Plan Width": 8,
        "Actual Startup Time": 404.333,
        "Actual Total Time": 417.404,
        "Actual Rows": 2,
        "Actual Loops": 1,
        "Workers Planned": 1,
        "Workers Launched": 1,
        "Single Copy": false,
        "Plans": [
          {
            "Node Type": "Aggregate",
            "Strategy": "Plain",
            "Partial Mode": "Partial",
            "Parent Relationship": "Outer",
            "Parallel Aware": false,
            "Startup Cost": 104605.27,
            "Total Cost": 104605.28,
            "Plan Rows": 1,
            "Plan Width": 8,
            "Actual Startup Time": 399.405,
            "Actual Total Time": 399.409,
            "Actual Rows": 1,
            "Actual Loops": 2,
            "Plans": [
              {
                "Node Type": "Hash Join",
                "Parent Relationship": "Outer",
                "Parallel Aware": true,
                "Join Type": "Inner",
                "Startup Cost": 40470.65,
                "Total Cost": 104351.14,
                "Plan Rows": 101652,
                "Plan Width": 0,
                "Actual Startup Time": 149.43,
                "Actual Total Time": 397.434,
                "Actual Rows": 41614,
                "Actual Loops": 2,
                "Inner Unique": false,
                "Hash Cond": "(t.id = mc.movie_id)",
                "Plans": [
                  {
                    "Node Type": "Seq Scan",
                    "Parent Relationship": "Outer",
                    "Parallel Aware": true,
                    "Relation Name": "title",
                    "Alias": "t",
                    "Startup Cost": 0.0,
                    "Total Cost": 58306.47,
                    "Plan Rows": 796173,
                    "Plan Width": 4,
                    "Actual Startup Time": 0.011,
                    "Actual Total Time": 152.415,
                    "Actual Rows": 663890,
                    "Actual Loops": 2,
                    "Filter": "((production_year < 2012) AND (kind_id = 7))",
                    "Rows Removed by Filter": 600266
                  },
                  {
                    "Node Type": "Hash",
                    "Parent Relationship": "Inner",
                    "Parallel Aware": true,
                    "Startup Cost": 38097.11,
                    "Total Cost": 38097.11,
                    "Plan Rows": 189883,
                    "Plan Width": 4,
                    "Actual Startup Time": 144.315,
                    "Actual Total Time": 144.317,
                    "Actual Rows": 88852,
                    "Actual Loops": 2,
                    "Hash Buckets": 524288,
                    "Original Hash Buckets": 524288,
                    "Hash Batches": 1,
                    "Original Hash Batches": 1,
                    "Peak Memory Usage": 11104,
                    "Plans": [
                      {
                        "Node Type": "Bitmap Heap Scan",
                        "Parent Relationship": "Outer",
                        "Parallel Aware": true,
                        "Relation Name": "movie_companies",
                        "Alias": "mc",
                        "Startup Cost": 13697.39,
                        "Total Cost": 38097.11,
                        "Plan Rows": 189883,
                        "Plan Width": 4,
                        "Actual Startup Time": 93.388,
                        "Actual Total Time": 120.225,
                        "Actual Rows": 88852,
                        "Actual Loops": 2,
                        "Recheck Cond": "(company_id < 846)",
                        "Rows Removed by Index Recheck": 0,
                        "Filter": "(company_type_id > 1)",
                        "Rows Removed by Filter": 227181,
                        "Exact Heap Blocks": 12148,
                        "Lossy Heap Blocks": 0,
                        "Plans": [
                          {
                            "Node Type": "Bitmap Index Scan",
                            "Parent Relationship": "Outer",
                            "Parallel Aware": false,
                            "Index Name": "company_id_movie_companies",
                            "Startup Cost": 0.0,
                            "Total Cost": 13616.69,
                            "Plan Rows": 635768,
                            "Plan Width": 0,
                            "Actual Startup Time": 41.226,
                            "Actual Total Time": 41.226,
                            "Actual Rows": 632067,
                            "Actual Loops": 1,
                            "Index Cond": "(company_id < 846)"
                          }
                        ]
                      }
                    ]
                  }
                ]
              }
            ]
          }
        ]
      }
    ]
  },
  "Planning Time": 0.778,
  "Triggers": [],
  "Execution Time": 417.507
}