[
  {
    "Plan": {
      "Node Type": "Aggregate",
      "Strategy": "Plain",
      "Partial Mode": "Simple",
      "Parallel Aware": false,
      "Startup Cost": 10218.85,
      "Total Cost": 10218.86,
      "Plan Rows": 1,
      "Plan Width": 128,
      "Actual Startup Time": 87.324,
      "Actual Total Time": 100.854,
      "Actual Rows": 1,
      "Actual Loops": 1,
      "Plans": [
        {
          "Node Type": "Nested Loop",
          "Parent Relationship": "Outer",
          "Parallel Aware": false,
          "Join Type": "Inner",
          "Startup Cost": 1003.85,
          "Total Cost": 10218.84,
          "Plan Rows": 1,
          "Plan Width": 81,
          "Actual Startup Time": 53.63,
          "Actual Total Time": 100.837,
          "Actual Rows": 4,
          "Actual Loops": 1,
          "Inner Unique": true,
          "Plans": [
            {
              "Node Type": "Nested Loop",
              "Parent Relationship": "Outer",
              "Parallel Aware": false,
              "Join Type": "Inner",
              "Startup Cost": 1003.42,
              "Total Cost": 10218.16,
              "Plan Rows": 1,
              "Plan Width": 70,
              "Actual Startup Time": 53.563,
              "Actual Total Time": 100.698,
              "Actual Rows": 4,
              "Actual Loops": 1,
              "Inner Unique": true,
              "Plans": [
                {
                  "Node Type": "Nested Loop",
                  "Parent Relationship": "Outer",
                  "Parallel Aware": false,
                  "Join Type": "Inner",
                  "Startup Cost": 1003.0,
                  "Total Cost": 10217.7,
                  "Plan Rows": 1,
                  "Plan Width": 74,
                  "Actual Startup Time": 50.278,
                  "Actual Total Time": 98.92,
                  "Actual Rows": 184,
                  "Actual Loops": 1,
                  "Inner Unique": true,
                  "Plans": [
                    {
                      "Node Type": "Nested Loop",
                      "Parent Relationship": "Outer",
                      "Parallel Aware": false,
                      "Join Type": "Inner",
                      "Startup Cost": 1002.86,
                      "Total Cost": 10217.52,
                      "Plan Rows": 1,
                      "Plan Width": 78,
                      "Actual Startup Time": 50.26,
                      "Actual Total Time": 98.567,
                      "Actual Rows": 184,
                      "Actual Loops": 1,
                      "Inner Unique": false,
                      "Join Filter": "(t.id = mi.movie_id)",
                      "Rows Removed by Join Filter": 0,
                      "Plans": [
                        {
                          "Node Type": "Nested Loop",
                          "Parent Relationship": "Outer",
                          "Parallel Aware": false,
                          "Join Type": "Inner",
                          "Startup Cost": 1002.43,
                          "Total Cost": 10216.1,
                          "Plan Rows": 1,
                          "Plan Width": 51,
                          "Actual Startup Time": 49.728,
                          "Actual Total Time": 89.43,
                          "Actual Rows": 184,
                          "Actual Loops": 1,
                          "Inner Unique": false,
                          "Join Filter": "(t.id = ci.movie_id)",
                          "Rows Removed by Join Filter": 0,
                          "Plans": [
                            {
                              "Node Type": "Nested Loop",
                              "Parent Relationship": "Outer",
                              "Parallel Aware": false,
                              "Join Type": "Inner",
                              "Startup Cost": 1001.86,
                              "Total Cost": 10214.38,
                              "Plan Rows": 1,
                              "Plan Width": 43,
                              "Actual Startup Time": 48.885,
                              "Actual Total Time": 79.757,
                              "Actual Rows": 92,
                              "Actual Loops": 1,
                              "Inner Unique": false,
                              "Join Filter": "(t.id = mk.movie_id)",
                              "Rows Removed by Join Filter": 0,
                              "Plans": [
                                {
                                  "Node Type": "Nested Loop",
                                  "Parent Relationship": "Outer",
                                  "Parallel Aware": false,
                                  "Join Type": "Inner",
                                  "Startup Cost": 1001.43,
                                  "Total Cost": 10212.44,
                                  "Plan Rows": 1,
                                  "Plan Width": 35,
                                  "Actual Startup Time": 48.781,
                                  "Actual Total Time": 79.588,
                                  "Actual Rows": 1,
                                  "Actual Loops": 1,
                                  "Inner Unique": true,
                                  "Plans": [
                                    {
                                      "Node Type": "Gather",
                                      "Parent Relationship": "Outer",
                                      "Parallel Aware": false,
                                      "Startup Cost": 1001.0,
                                      "Total Cost": 10211.85,
                                      "Plan Rows": 1,
                                      "Plan Width": 14,
                                      "Actual Startup Time": 45.34,
                                      "Actual Total Time": 68.817,
                                      "Actual Rows": 564,
                                      "Actual Loops": 1,
                                      "Workers Planned": 1,
                                      "Workers Launched": 1,
                                      "Single Copy": false,
                                      "Plans": [
                                        {
                                          "Node Type": "Nested Loop",
                                          "Parent Relationship": "Outer",
                                          "Parallel Aware": false,
                                          "Join Type": "Inner",
                                          "Startup Cost": 1.0,
                                          "Total Cost": 9211.75,
                                          "Plan Rows": 1,
                                          "Plan Width": 14,
                                          "Actual Startup Time": 37.682,
                                          "Actual Total Time": 64.648,
                                          "Actual Rows": 282,
                                          "Actual Loops": 2,
                                          "Inner Unique": true,
                                          "Plans": [
                                            {
                                              "Node Type": "Nested Loop",
                                              "Parent Relationship": "Outer",
                                              "Parallel Aware": false,
                                              "Join Type": "Inner",
                                              "Startup Cost": 0.86,
                                              "Total Cost": 9211.4,
                                              "Plan Rows": 2,
                                              "Plan Width": 18,
                                              "Actual Startup Time": 37.627,
                                              "Actual Total Time": 63.366,
                                              "Actual Rows": 855,
                                              "Actual Loops": 2,
                                              "Inner Unique": false,
                                              "Plans": [
                                                {
                                                  "Node Type": "Nested Loop",
                                                  "Parent Relationship": "Outer",
                                                  "Parallel Aware": false,
                                                  "Join Type": "Inner",
                                                  "Startup Cost": 0.43,
                                                  "Total Cost": 9206.09,
                                                  "Plan Rows": 1,
                                                  "Plan Width": 4,
                                                  "Actual Startup Time": 37.521,
                                                  "Actual Total Time": 57.206,
                                                  "Actual Rows": 282,
                                                  "Actual Loops": 2,
                                                  "Inner Unique": false,
                                                  "Plans": [
                                                    {
                                                      "Node Type": "Seq Scan",
                                                      "Parent Relationship": "Outer",
                                                      "Parallel Aware": true,
                                                      "Relation Name": "company_name",
                                                      "Alias": "cn",
                                                      "Startup Cost": 0.0,
                                                      "Total Cost": 4722.92,
                                                      "Plan Rows": 14,
                                                      "Plan Width": 4,
                                                      "Actual Startup Time": 2.314,
                                                      "Actual Total Time": 26.656,
                                                      "Actual Rows": 39,
                                                      "Actual Loops": 2,
                                                      "Filter": "(name ~~ '20th%'::text)",
                                                      "Rows Removed by Filter": 117460
                                                    },
                                                    {
                                                      "Node Type": "Index Scan",
                                                      "Parent Relationship": "Inner",
                                                      "Parallel Aware": false,
                                                      "Scan Direction": "Forward",
                                                      "Index Name": "company_id_movie_companies",
                                                      "Relation Name": "movie_companies",
                                                      "Alias": "mc",
                                                      "Startup Cost": 0.43,
                                                      "Total Cost": 320.22,
                                                      "Plan Rows": 1,
                                                      "Plan Width": 8,
                                                      "Actual Startup Time": 0.754,
                                                      "Actual Total Time": 0.781,
                                                      "Actual Rows": 7,
                                                      "Actual Loops": 78,
                                                      "Index Cond": "(company_id = cn.id)",
                                                      "Rows Removed by Index Recheck": 0,
                                                      "Filter": "(note ~~ '%(Argentina)%'::text)",
                                                      "Rows Removed by Filter": 201
                                                    }
                                                  ]
                                                },
                                                {
                                                  "Node Type": "Index Scan",
                                                  "Parent Relationship": "Inner",
                                                  "Parallel Aware": false,
                                                  "Scan Direction": "Forward",
                                                  "Index Name": "movie_id_movie_info_idx",
                                                  "Relation Name": "movie_info_idx",
                                                  "Alias": "mi_idx",
                                                  "Startup Cost": 0.43,
                                                  "Total Cost": 5.28,
                                                  "Plan Rows": 3,
                                                  "Plan Width": 14,
                                                  "Actual Startup Time": 0.02,
                                                  "Actual Total Time": 0.021,
                                                  "Actual Rows": 3,
                                                  "Actual Loops": 565,
                                                  "Index Cond": "(movie_id = mc.movie_id)",
                                                  "Rows Removed by Index Recheck": 0
                                                }
                                              ]
                                            },
                                            {
                                              "Node Type": "Index Scan",
                                              "Parent Relationship": "Inner",
                                              "Parallel Aware": false,
                                              "Scan Direction": "Forward",
                                              "Index Name": "info_type_pkey",
                                              "Relation Name": "info_type",
                                              "Alias": "it2",
                                              "Startup Cost": 0.14,
                                              "Total Cost": 0.16,
                                              "Plan Rows": 1,
                                              "Plan Width": 4,
                                              "Actual Startup Time": 0.001,
                                              "Actual Total Time": 0.001,
                                              "Actual Rows": 0,
                                              "Actual Loops": 1710,
                                              "Index Cond": "(id = mi_idx.info_type_id)",
                                              "Rows Removed by Index Recheck": 0,
                                              "Filter": "((info)::text = 'votes'::text)",
                                              "Rows Removed by Filter": 1
                                            }
                                          ]
                                        }
                                      ]
                                    },
                                    {
                                      "Node Type": "Index Scan",
                                      "Parent Relationship": "Inner",
                                      "Parallel Aware": false,
                                      "Scan Direction": "Forward",
                                      "Index Name": "title_pkey",
                                      "Relation Name": "title",
                                      "Alias": "t",
                                      "Startup Cost": 0.43,
                                      "Total Cost": 0.59,
                                      "Plan Rows": 1,
                                      "Plan Width": 21,
                                      "Actual Startup Time": 0.018,
                                      "Actual Total Time": 0.018,
                                      "Actual Rows": 0,
                                      "Actual Loops": 564,
                                      "Index Cond": "(id = mi_idx.movie_id)",
                                      "Rows Removed by Index Recheck": 0,
                                      "Filter": "((production_year > 1999) AND ((title ~~ '%Freddy%'::text) OR (title ~~ '%Jason%'::text) OR (title ~~ 'Saw%'::text)))",
                                      "Rows Removed by Filter": 1
                                    }
                                  ]
                                },
                                {
                                  "Node Type": "Index Scan",
                                  "Parent Relationship": "Inner",
                                  "Parallel Aware": false,
                                  "Scan Direction": "Forward",
                                  "Index Name": "movie_id_movie_keyword",
                                  "Relation Name": "movie_keyword",
                                  "Alias": "mk",
                                  "Startup Cost": 0.43,
                                  "Total Cost": 1.37,
                                  "Plan Rows": 46,
                                  "Plan Width": 8,
                                  "Actual Startup Time": 0.1,
                                  "Actual Total Time": 0.138,
                                  "Actual Rows": 92,
                                  "Actual Loops": 1,
                                  "Index Cond": "(movie_id = mi_idx.movie_id)",
                                  "Rows Removed by Index Recheck": 0
                                }
                              ]
                            },
                            {
                              "Node Type": "Index Scan",
                              "Parent Relationship": "Inner",
                              "Parallel Aware": false,
                              "Scan Direction": "Forward",
                              "Index Name": "movie_id_cast_info",
                              "Relation Name": "cast_info",
                              "Alias": "ci",
                              "Startup Cost": 0.56,
                              "Total Cost": 1.71,
                              "Plan Rows": 1,
                              "Plan Width": 8,
                              "Actual Startup Time": 0.047,
                              "Actual Total Time": 0.104,
                              "Actual Rows": 2,
                              "Actual Loops": 92,
                              "Index Cond": "(movie_id = mk.movie_id)",
                              "Rows Removed by Index Recheck": 0,
                              "Filter": "(note = ANY ('{(writer),\"(head writer)\",\"(written by)\",(story),\"(story editor)\"}'::text[]))",
                              "Rows Removed by Filter": 124
                            }
                          ]
                        },
                        {
                          "Node Type": "Index Scan",
                          "Parent Relationship": "Inner",
                          "Parallel Aware": false,
                          "Scan Direction": "Forward",
                          "Index Name": "movie_id_movie_info",
                          "Relation Name": "movie_info",
                          "Alias": "mi",
                          "Startup Cost": 0.43,
                          "Total Cost": 1.41,
                          "Plan Rows": 1,
                          "Plan Width": 51,
                          "Actual Startup Time": 0.049,
                          "Actual Total Time": 0.049,
                          "Actual Rows": 1,
                          "Actual Loops": 184,
                          "Index Cond": "(movie_id = mk.movie_id)",
                          "Rows Removed by Index Recheck": 0,
                          "Filter": "(info = ANY ('{Drama,Comedy}'::text[]))",
                          "Rows Removed by Filter": 159
                        }
                      ]
                    },
                    {
                      "Node Type": "Index Scan",
                      "Parent Relationship": "Inner",
                      "Parallel Aware": false,
                      "Scan Direction": "Forward",
                      "Index Name": "info_type_pkey",
                      "Relation Name": "info_type",
                      "Alias": "it1",
                      "Startup Cost": 0.14,
                      "Total Cost": 0.16,
                      "Plan Rows": 1,
                      "Plan Width": 4,
                      "Actual Startup Time": 0.001,
                      "Actual Total Time": 0.001,
                      "Actual Rows": 1,
                      "Actual Loops": 184,
                      "Index Cond": "(id = mi.info_type_id)",
                      "Rows Removed by Index Recheck": 0,
                      "Filter": "((info)::text = 'genres'::text)",
                      "Rows Removed by Filter": 0
                    }
                  ]
                },
                {
                  "Node Type": "Index Scan",
                  "Parent Relationship": "Inner",
                  "Parallel Aware": false,
                  "Scan Direction": "Forward",
                  "Index Name": "keyword_pkey",
                  "Relation Name": "keyword",
                  "Alias": "k",
                  "Startup Cost": 0.42,
                  "Total Cost": 0.45,
                  "Plan Rows": 1,
                  "Plan Width": 4,
                  "Actual Startup Time": 0.009,
                  "Actual Total Time": 0.009,
                  "Actual Rows": 0,
                  "Actual Loops": 184,
                  "Index Cond": "(id = mk.keyword_id)",
                  "Rows Removed by Index Recheck": 0,
                  "Filter": "(keyword = ANY ('{murder,violence,blood,gore,death,female-nudity,hospital}'::text[]))",
                  "Rows Removed by Filter": 1
                }
              ]
            },
            {
              "Node Type": "Index Scan",
              "Parent Relationship": "Inner",
              "Parallel Aware": false,
              "Scan Direction": "Forward",
              "Index Name": "name_pkey",
              "Relation Name": "name",
              "Alias": "n",
              "Startup Cost": 0.43,
              "Total Cost": 0.69,
              "Plan Rows": 1,
              "Plan Width": 19,
              "Actual Startup Time": 0.033,
              "Actual Total Time": 0.033,
              "Actual Rows": 1,
              "Actual Loops": 4,
              "Index Cond": "(id = ci.person_id)",
              "Rows Removed by Index Recheck": 0,
              "Filter": "((gender)::text = 'm'::text)",
              "Rows Removed by Filter": 0
            }
          ]
        }
      ]
    },
    "Planning Time": 60.406,
    "Triggers": [],
    "Execution Time": 101.304
  }
]