[
    {
        "Bao": {
            "Bao prediction": "NaN",
            "Bao recommended hint": "(no hint)"
        }
    },
    {
        "Plan": {
            "Node Type": "Aggregate",
            "Strategy": "Plain",
            "Partial Mode": "Finalize",
            "Parallel Aware": false,
            "Startup Cost": 34285.6,
            "Total Cost": 34285.61,
            "Plan Rows": 1,
            "Plan Width": 8,
            "Actual Startup Time": 95.118,
            "Actual Total Time": 101.513,
            "Actual Rows": 1,
            "Actual Loops": 1,
            "Output": [
                "count(*)"
            ],
            "Plans": [
                {
                    "Node Type": "Gather",
                    "Parent Relationship": "Outer",
                    "Parallel Aware": false,
                    "Startup Cost": 34285.29,
                    "Total Cost": 34285.6,
                    "Plan Rows": 3,
                    "Plan Width": 8,
                    "Actual Startup Time": 94.853,
                    "Actual Total Time": 101.505,
                    "Actual Rows": 4,
                    "Actual Loops": 1,
                    "Output": [
                        "(PARTIAL count(*))"
                    ],
                    "Workers Planned": 3,
                    "Workers Launched": 3,
                    "Single Copy": false,
                    "Plans": [
                        {
                            "Node Type": "Aggregate",
                            "Strategy": "Plain",
                            "Partial Mode": "Partial",
                            "Parent Relationship": "Outer",
                            "Parallel Aware": false,
                            "Startup Cost": 33285.29,
                            "Total Cost": 33285.3,
                            "Plan Rows": 1,
                            "Plan Width": 8,
                            "Actual Startup Time": 85.986,
                            "Actual Total Time": 85.987,
                            "Actual Rows": 1,
                            "Actual Loops": 4,
                            "Output": [
                                "PARTIAL count(*)"
                            ],
                            "Workers": [
                                {
                                    "Worker Number": 0,
                                    "Actual Startup Time": 82.79,
                                    "Actual Total Time": 82.792,
                                    "Actual Rows": 1,
                                    "Actual Loops": 1
                                },
                                {
                                    "Worker Number": 1,
                                    "Actual Startup Time": 83.205,
                                    "Actual Total Time": 83.206,
                                    "Actual Rows": 1,
                                    "Actual Loops": 1
                                },
                                {
                                    "Worker Number": 2,
                                    "Actual Startup Time": 83.577,
                                    "Actual Total Time": 83.579,
                                    "Actual Rows": 1,
                                    "Actual Loops": 1
                                }
                            ],
                            "Plans": [
                                {
                                    "Node Type": "Bitmap Heap Scan",
                                    "Parent Relationship": "Outer",
                                    "Parallel Aware": true,
                                    "Relation Name": "movie_keyword",
                                    "Schema": "public",
                                    "Alias": "mk",
                                    "Startup Cost": 7191.24,
                                    "Total Cost": 33011.95,
                                    "Plan Rows": 109336,
                                    "Plan Width": 0,
                                    "Actual Startup Time": 20.308,
                                    "Actual Total Time": 80.87,
                                    "Actual Rows": 84016,
                                    "Actual Loops": 4,
                                    "Recheck Cond": "(mk.keyword_id > 49117)",
                                    "Rows Removed by Index Recheck": 0,
                                    "Exact Heap Blocks": 11406,
                                    "Lossy Heap Blocks": 0,
                                    "Workers": [
                                        {
                                            "Worker Number": 0,
                                            "Actual Startup Time": 17.243,
                                            "Actual Total Time": 78.18,
                                            "Actual Rows": 63721,
                                            "Actual Loops": 1
                                        },
                                        {
                                            "Worker Number": 1,
                                            "Actual Startup Time": 17.522,
                                            "Actual Total Time": 78.693,
                                            "Actual Rows": 57833,
                                            "Actual Loops": 1
                                        },
                                        {
                                            "Worker Number": 2,
                                            "Actual Startup Time": 18.012,
                                            "Actual Total Time": 79.392,
                                            "Actual Rows": 41995,
                                            "Actual Loops": 1
                                        }
                                    ],
                                    "Plans": [
                                        {
                                            "Node Type": "Bitmap Index Scan",
                                            "Parent Relationship": "Outer",
                                            "Parallel Aware": false,
                                            "Index Name": "keyword_id_movie_keyword",
                                            "Startup Cost": 0.0,
                                            "Total Cost": 7106.51,
                                            "Plan Rows": 338943,
                                            "Plan Width": 0,
                                            "Actual Startup Time": 25.265,
                                            "Actual Total Time": 25.265,
                                            "Actual Rows": 336065,
                                            "Actual Loops": 1,
                                            "Index Cond": "(mk.keyword_id > 49117)"
                                        }
                                    ]
                                }
                            ]
                        }
                    ]
                }
            ]
        },
        "Planning Time": 278.386,
        "Triggers": [],
        "Execution Time": 101.615
    }
]