[
  {
    "Plan": {
      "Node Type": "Aggregate",
      "Strategy": "Plain",
      "Partial Mode": "Finalize",
      "Parallel Aware": false,
      "Startup Cost": 342754.7,
      "Total Cost": 342754.71,
      "Plan Rows": 1,
      "Plan Width": 8,
      "Actual Startup Time": 951.907,
      "Actual Total Time": 999.411,
      "Actual Rows": 1,
      "Actual Loops": 1,
      "Plans": [
        {
          "Node Type": "Gather",
          "Parent Relationship": "Outer",
          "Parallel Aware": false,
          "Startup Cost": 342754.07,
          "Total Cost": 342754.68,
          "Plan Rows": 6,
          "Plan Width": 8,
          "Actual Startup Time": 951.718,
          "Actual Total Time": 999.4,
          "Actual Rows": 7,
          "Actual Loops": 1,
          "Workers Planned": 6,
          "Workers Launched": 6,
          "Single Copy": false,
          "Plans": [
            {
              "Node Type": "Aggregate",
              "Strategy": "Plain",
              "Partial Mode": "Partial",
              "Parent Relationship": "Outer",
              "Parallel Aware": false,
              "Startup Cost": 341754.07,
              "Total Cost": 341754.08,
              "Plan Rows": 1,
              "Plan Width": 8,
              "Actual Startup Time": 945.314,
              "Actual Total Time": 945.316,
              "Actual Rows": 1,
              "Actual Loops": 7,
              "Plans": [
                {
                  "Node Type": "Seq Scan",
                  "Parent Relationship": "Outer",
                  "Parallel Aware": true,
                  "Relation Name": "cast_info",
                  "Alias": "ci",
                  "Startup Cost": 0.0,
                  "Total Cost": 328211.39,
                  "Plan Rows": 5417072,
                  "Plan Width": 0,
                  "Actual Startup Time": 0.04,
                  "Actual Total Time": 696.876,
                  "Actual Rows": 4644380,
                  "Actual Loops": 7,
                  "Filter": "(person_id < 3381402)",
                  "Rows Removed by Filter": 533383
                }
              ]
            }
          ]
        }
      ]
    },
    "Planning Time": 0.114,
    "Triggers": [],
    "Execution Time": 999.462
  }
]