[
  {
    "Plan": {
      "Node Type": "Aggregate",
      "Strategy": "Plain",
      "Partial Mode": "Finalize",
      "Parallel Aware": false,
      "Startup Cost": 347701.1,
      "Total Cost": 347701.11,
      "Plan Rows": 1,
      "Plan Width": 8,
      "Actual Startup Time": 768.562,
      "Actual Total Time": 828.663,
      "Actual Rows": 1,
      "Actual Loops": 1,
      "Plans": [
        {
          "Node Type": "Gather",
          "Parent Relationship": "Outer",
          "Parallel Aware": false,
          "Startup Cost": 347700.48,
          "Total Cost": 347701.09,
          "Plan Rows": 6,
          "Plan Width": 8,
          "Actual Startup Time": 768.266,
          "Actual Total Time": 828.651,
          "Actual Rows": 7,
          "Actual Loops": 1,
          "Workers Planned": 6,
          "Workers Launched": 6,
          "Single Copy": false,
          "Plans": [
            {
              "Node Type": "Aggregate",
              "Strategy": "Plain",
              "Partial Mode": "Partial",
              "Parent Relationship": "Outer",
              "Parallel Aware": false,
              "Startup Cost": 346700.48,
              "Total Cost": 346700.49,
              "Plan Rows": 1,
              "Plan Width": 8,
              "Actual Startup Time": 758.154,
              "Actual Total Time": 758.156,
              "Actual Rows": 1,
              "Actual Loops": 7,
              "Plans": [
                {
                  "Node Type": "Seq Scan",
                  "Parent Relationship": "Outer",
                  "Parallel Aware": true,
                  "Relation Name": "cast_info",
                  "Alias": "ci",
                  "Startup Cost": 0.0,
                  "Total Cost": 343316.27,
                  "Plan Rows": 1353683,
                  "Plan Width": 0,
                  "Actual Startup Time": 359.772,
                  "Actual Total Time": 685.611,
                  "Actual Rows": 1594179,
                  "Actual Loops": 7,
                  "Filter": "((person_id > 1790855) AND (role_id > 2))",
                  "Rows Removed by Filter": 3583585
                }
              ]
            }
          ]
        }
      ]
    },
    "Planning Time": 0.2,
    "Triggers": [],
    "Execution Time": 828.735
  }
]