[
  {
    "Plan": {
      "Node Type": "Aggregate",
      "Strategy": "Plain",
      "Partial Mode": "Finalize",
      "Parallel Aware": false,
      "Startup Cost": 337947.65,
      "Total Cost": 337947.66,
      "Plan Rows": 1,
      "Plan Width": 8,
      "Actual Startup Time": 834.877,
      "Actual Total Time": 900.841,
      "Actual Rows": 1,
      "Actual Loops": 1,
      "Plans": [
        {
          "Node Type": "Gather",
          "Parent Relationship": "Outer",
          "Parallel Aware": false,
          "Startup Cost": 337947.02,
          "Total Cost": 337947.63,
          "Plan Rows": 6,
          "Plan Width": 8,
          "Actual Startup Time": 834.763,
          "Actual Total Time": 900.83,
          "Actual Rows": 7,
          "Actual Loops": 1,
          "Workers Planned": 6,
          "Workers Launched": 6,
          "Single Copy": false,
          "Plans": [
            {
              "Node Type": "Aggregate",
              "Strategy": "Plain",
              "Partial Mode": "Partial",
              "Parent Relationship": "Outer",
              "Parallel Aware": false,
              "Startup Cost": 336947.02,
              "Total Cost": 336947.03,
              "Plan Rows": 1,
              "Plan Width": 8,
              "Actual Startup Time": 825.685,
              "Actual Total Time": 825.686,
              "Actual Rows": 1,
              "Actual Loops": 7,
              "Plans": [
                {
                  "Node Type": "Seq Scan",
                  "Parent Relationship": "Outer",
                  "Parallel Aware": true,
                  "Relation Name": "cast_info",
                  "Alias": "ci",
                  "Startup Cost": 0.0,
                  "Total Cost": 328162.03,
                  "Plan Rows": 3513998,
                  "Plan Width": 0,
                  "Actual Startup Time": 0.06,
                  "Actual Total Time": 672.176,
                  "Actual Rows": 3020959,
                  "Actual Loops": 7,
                  "Filter": "(person_id < 2135888)",
                  "Rows Removed by Filter": 2156804
                }
              ]
            }
          ]
        }
      ]
    },
    "Planning Time": 0.2,
    "Triggers": [],
    "Execution Time": 900.917
  }
]