[
  {
    "Plan": {
      "Node Type": "Aggregate",
      "Strategy": "Plain",
      "Partial Mode": "Finalize",
      "Parallel Aware": false,
      "Startup Cost": 46503.26,
      "Total Cost": 46503.27,
      "Plan Rows": 1,
      "Plan Width": 8,
      "Actual Startup Time": 91.104,
      "Actual Total Time": 102.443,
      "Actual Rows": 1,
      "Actual Loops": 1,
      "Plans": [
        {
          "Node Type": "Gather",
          "Parent Relationship": "Outer",
          "Parallel Aware": false,
          "Startup Cost": 46502.84,
          "Total Cost": 46503.25,
          "Plan Rows": 4,
          "Plan Width": 8,
          "Actual Startup Time": 90.935,
          "Actual Total Time": 102.434,
          "Actual Rows": 5,
          "Actual Loops": 1,
          "Workers Planned": 4,
          "Workers Launched": 4,
          "Single Copy": false,
          "Plans": [
            {
              "Node Type": "Aggregate",
              "Strategy": "Plain",
              "Partial Mode": "Partial",
              "Parent Relationship": "Outer",
              "Parallel Aware": false,
              "Startup Cost": 45502.84,
              "Total Cost": 45502.85,
              "Plan Rows": 1,
              "Plan Width": 8,
              "Actual Startup Time": 84.37,
              "Actual Total Time": 84.371,
              "Actual Rows": 1,
              "Actual Loops": 5,
              "Plans": [
                {
                  "Node Type": "Seq Scan",
                  "Parent Relationship": "Outer",
                  "Parallel Aware": true,
                  "Relation Name": "title",
                  "Alias": "t",
                  "Startup Cost": 0.0,
                  "Total Cost": 45479.59,
                  "Plan Rows": 9302,
                  "Plan Width": 0,
                  "Actual Startup Time": 49.722,
                  "Actual Total Time": 82.813,
                  "Actual Rows": 30570,
                  "Actual Loops": 5,
                  "Filter": "((production_year < 1946) AND (kind_id = 1))",
                  "Rows Removed by Filter": 475093
                }
              ]
            }
          ]
        }
      ]
    },
    "Planning Time": 0.07,
    "Triggers": [],
    "Execution Time": 102.472
  }
]