{
  "Plan": {
    "Node Type": "Aggregate",
    "Strategy": "Plain",
    "Partial Mode": "Finalize",
    "Parallel Aware": false,
    "Startup Cost": 140381.99,
    "Total Cost": 140382.0,
    "Plan Rows": 1,
    "Plan Width": 8,
    "Actual Startup Time": 797.078,
    "Actual Total Time": 812.418,
    "Actual Rows": 1,
    "Actual Loops": 1,
    "Plans": [
      {
        "Node Type": "Gather",
        "Parent Relationship": "Outer",
        "Parallel Aware": false,
        "Startup Cost": 140381.87,
        "Total Cost": 140381.98,
        "Plan Rows": 1,
        "Plan Width": 8,
        "Actual Startup Time": 793.203,
        "Actual Total Time": 812.412,
        "Actual Rows": 2,
        "Actual Loops": 1,
        "Workers Planned": 1,
        "Workers Launched": 1,
        "Single Copy": false,
        "Plans": [
          {
            "Node Type": "Aggregate",
            "Strategy": "Plain",
            "Partial Mode": "Partial",
            "Parent Relationship": "Outer",
            "Parallel Aware": false,
            "Startup Cost": 139381.87,
            "Total Cost": 139381.88,
            "Plan Rows": 1,
            "Plan Width": 8,
            "Actual Startup Time": 788.959,
            "Actual Total Time": 788.966,
            "Actual Rows": 1,
            "Actual Loops": 2,
            "Plans": [
              {
                "Node Type": "Hash Join",
                "Parent Relationship": "Outer",
                "Parallel Aware": true,
                "Join Type": "Inner",
                "Startup Cost": 119869.37,
                "Total Cost": 139254.42,
                "Plan Rows": 50980,
                "Plan Width": 0,
                "Actual Startup Time": 680.027,
                "Actual Total Time": 779.552,
                "Actual Rows": 242056,
                "Actual Loops": 2,
                "Inner Unique": false,
                "Hash Cond": "(mi_idx.movie_id = t.id)",
                "Plans": [
                  {
                    "Node Type": "Seq Scan",
                    "Parent Relationship": "Outer",
                    "Parallel Aware": true,
                    "Relation Name": "movie_info_idx",
                    "Alias": "mi_idx",
                    "Startup Cost": 0.0,
                    "Total Cost": 18082.32,
                    "Plan Rows": 267429,
                    "Plan Width": 4,
                    "Actual Startup Time": 0.025,
                    "Actual Total Time": 48.251,
                    "Actual Rows": 229962,
                    "Actual Loops": 2,
                    "Filter": "(info_type_id < 100)",
                    "Rows Removed by Filter": 460055
                  },
                  {
                    "Node Type": "Hash",
                    "Parent Relationship": "Inner",
                    "Parallel Aware": true,
                    "Startup Cost": 116325.48,
                    "Total Cost": 116325.48,
                    "Plan Rows": 283511,
                    "Plan Width": 8,
                    "Actual Startup Time": 672.255,
                    "Actual Total Time": 672.26,
                    "Actual Rows": 301379,
                    "Actual Loops": 2,
                    "Hash Buckets": 1048576,
                    "Original Hash Buckets": 524288,
                    "Hash Batches": 1,
                    "Original Hash Batches": 1,
                    "Peak Memory Usage": 35904,
                    "Plans": [
                      {
                        "Node Type": "Hash Join",
                        "Parent Relationship": "Outer",
                        "Parallel Aware": true,
                        "Join Type": "Inner",
                        "Startup Cost": 83757.38,
                        "Total Cost": 116325.48,
                        "Plan Rows": 283511,
                        "Plan Width": 8,
                        "Actual Startup Time": 425.31,
                        "Actual Total Time": 604.147,
                        "Actual Rows": 301379,
                        "Actual Loops": 2,
                        "Inner Unique": true,
                        "Hash Cond": "(mk.movie_id = t.id)",
                        "Plans": [
                          {
                            "Node Type": "Bitmap Heap Scan",
                            "Parent Relationship": "Outer",
                            "Parallel Aware": true,
                            "Relation Name": "movie_keyword",
                            "Alias": "mk",
                            "Startup Cost": 19344.42,
                            "Total Cost": 50504.28,
                            "Plan Rows": 536469,
                            "Plan Width": 4,
                            "Actual Startup Time": 70.498,
                            "Actual Total Time": 153.707,
                            "Actual Rows": 450028,
                            "Actual Loops": 2,
                            "Recheck Cond": "(keyword_id > 20504)",
                            "Rows Removed by Index Recheck": 0,
                            "Exact Heap Blocks": 12084,
                            "Lossy Heap Blocks": 0,
                            "Plans": [
                              {
                                "Node Type": "Bitmap Index Scan",
                                "Parent Relationship": "Outer",
                                "Parallel Aware": false,
                                "Index Name": "keyword_id_movie_keyword",
                                "Startup Cost": 0.0,
                                "Total Cost": 19116.42,
                                "Plan Rows": 911998,
                                "Plan Width": 0,
                                "Actual Startup Time": 66.905,
                                "Actual Total Time": 66.905,
                                "Actual Rows": 900055,
                                "Actual Loops": 1,
                                "Index Cond": "(keyword_id > 20504)"
                              }
                            ]
                          },
                          {
                            "Node Type": "Hash",
                            "Parent Relationship": "Inner",
                            "Parallel Aware": true,
                            "Startup Cost": 54588.39,
                            "Total Cost": 54588.39,
                            "Plan Rows": 785966,
                            "Plan Width": 4,
                            "Actual Startup Time": 344.962,
                            "Actual Total Time": 344.963,
                            "Actual Rows": 674146,
                            "Actual Loops": 2,
                            "Hash Buckets": 2097152,
                            "Original Hash Buckets": 2097152,
                            "Hash Batches": 1,
                            "Original Hash Batches": 1,
                            "Peak Memory Usage": 69184,
                            "Plans": [
                              {
                                "Node Type": "Seq Scan",
                                "Parent Relationship": "Outer",
                                "Parallel Aware": true,
                                "Relation Name": "title",
                                "Alias": "t",
                                "Startup Cost": 0.0,
                                "Total Cost": 54588.39,
                                "Plan Rows": 785966,
                                "Plan Width": 4,
                                "Actual Startup Time": 0.026,
                                "Actual Total Time": 160.214,
                                "Actual Rows": 674146,
                                "Actual Loops": 2,
                                "Filter": "(production_year < 2005)",
                                "Rows Removed by Filter": 590010
                              }
                            ]
                          }
                        ]
                      }
                    ]
                  }
                ]
              }
            ]
          }
        ]
      }
    ]
  },
  "Planning Time": 0.749,
  "Triggers": [],
  "Execution Time": 812.503
}