[
  {
    "Plan": {
      "Node Type": "Aggregate",
      "Strategy": "Plain",
      "Partial Mode": "Finalize",
      "Parallel Aware": false,
      "Startup Cost": 233284.1,
      "Total Cost": 233284.11,
      "Plan Rows": 1,
      "Plan Width": 8,
      "Actual Startup Time": 278.266,
      "Actual Total Time": 294.015,
      "Actual Rows": 1,
      "Actual Loops": 1,
      "Plans": [
        {
          "Node Type": "Gather",
          "Parent Relationship": "Outer",
          "Parallel Aware": false,
          "Startup Cost": 233283.47,
          "Total Cost": 233284.08,
          "Plan Rows": 6,
          "Plan Width": 8,
          "Actual Startup Time": 278.146,
          "Actual Total Time": 294.004,
          "Actual Rows": 7,
          "Actual Loops": 1,
          "Workers Planned": 6,
          "Workers Launched": 6,
          "Single Copy": false,
          "Plans": [
            {
              "Node Type": "Aggregate",
              "Strategy": "Plain",
              "Partial Mode": "Partial",
              "Parent Relationship": "Outer",
              "Parallel Aware": false,
              "Startup Cost": 232283.47,
              "Total Cost": 232283.48,
              "Plan Rows": 1,
              "Plan Width": 8,
              "Actual Startup Time": 268.459,
              "Actual Total Time": 268.461,
              "Actual Rows": 1,
              "Actual Loops": 7,
              "Plans": [
                {
                  "Node Type": "Index Scan",
                  "Parent Relationship": "Outer",
                  "Parallel Aware": true,
                  "Scan Direction": "Forward",
                  "Index Name": "role_id_cast_info",
                  "Relation Name": "cast_info",
                  "Alias": "ci",
                  "Startup Cost": 0.56,
                  "Total Cost": 230750.01,
                  "Plan Rows": 613387,
                  "Plan Width": 0,
                  "Actual Startup Time": 0.215,
                  "Actual Total Time": 254.909,
                  "Actual Rows": 262321,
                  "Actual Loops": 7,
                  "Index Cond": "(role_id > 5)",
                  "Rows Removed by Index Recheck": 0,
                  "Filter": "(person_id < 1527005)",
                  "Rows Removed by Filter": 950009
                }
              ]
            }
          ]
        }
      ]
    },
    "Planning Time": 0.228,
    "Triggers": [],
    "Execution Time": 294.086
  }
]