[
  {
    "Plan": {
      "Node Type": "Aggregate",
      "Strategy": "Plain",
      "Partial Mode": "Finalize",
      "Parallel Aware": false,
      "Startup Cost": 32677.65,
      "Total Cost": 32677.66,
      "Plan Rows": 1,
      "Plan Width": 8,
      "Actual Startup Time": 81.81,
      "Actual Total Time": 90.399,
      "Actual Rows": 1,
      "Actual Loops": 1,
      "Plans": [
        {
          "Node Type": "Gather",
          "Parent Relationship": "Outer",
          "Parallel Aware": false,
          "Startup Cost": 32677.33,
          "Total Cost": 32677.64,
          "Plan Rows": 3,
          "Plan Width": 8,
          "Actual Startup Time": 81.674,
          "Actual Total Time": 90.387,
          "Actual Rows": 4,
          "Actual Loops": 1,
          "Workers Planned": 3,
          "Workers Launched": 3,
          "Single Copy": false,
          "Plans": [
            {
              "Node Type": "Aggregate",
              "Strategy": "Plain",
              "Partial Mode": "Partial",
              "Parent Relationship": "Outer",
              "Parallel Aware": false,
              "Startup Cost": 31677.33,
              "Total Cost": 31677.34,
              "Plan Rows": 1,
              "Plan Width": 8,
              "Actual Startup Time": 74.841,
              "Actual Total Time": 74.842,
              "Actual Rows": 1,
              "Actual Loops": 4,
              "Plans": [
                {
                  "Node Type": "Seq Scan",
                  "Parent Relationship": "Outer",
                  "Parallel Aware": true,
                  "Relation Name": "movie_companies",
                  "Alias": "mc",
                  "Startup Cost": 0.0,
                  "Total Cost": 31414.82,
                  "Plan Rows": 105006,
                  "Plan Width": 0,
                  "Actual Startup Time": 36.918,
                  "Actual Total Time": 74.565,
                  "Actual Rows": 5629,
                  "Actual Loops": 4,
                  "Filter": "((company_id > 52703) AND (company_type_id < 2))",
                  "Rows Removed by Filter": 646653
                }
              ]
            }
          ]
        }
      ]
    },
    "Planning Time": 0.23,
    "Triggers": [],
    "Execution Time": 90.458
  }
]