[
  {
    "Plan": {
      "Node Type": "Aggregate",
      "Strategy": "Plain",
      "Partial Mode": "Finalize",
      "Parallel Aware": false,
      "Startup Cost": 79292.4,
      "Total Cost": 79292.41,
      "Plan Rows": 1,
      "Plan Width": 8,
      "Actual Startup Time": 467.88,
      "Actual Total Time": 485.772,
      "Actual Rows": 1,
      "Actual Loops": 1,
      "Plans": [
        {
          "Node Type": "Gather",
          "Parent Relationship": "Outer",
          "Parallel Aware": false,
          "Startup Cost": 79292.08,
          "Total Cost": 79292.39,
          "Plan Rows": 3,
          "Plan Width": 8,
          "Actual Startup Time": 455.603,
          "Actual Total Time": 485.763,
          "Actual Rows": 4,
          "Actual Loops": 1,
          "Workers Planned": 3,
          "Workers Launched": 3,
          "Single Copy": false,
          "Plans": [
            {
              "Node Type": "Aggregate",
              "Strategy": "Plain",
              "Partial Mode": "Partial",
              "Parent Relationship": "Outer",
              "Parallel Aware": false,
              "Startup Cost": 78292.08,
              "Total Cost": 78292.09,
              "Plan Rows": 1,
              "Plan Width": 8,
              "Actual Startup Time": 442.835,
              "Actual Total Time": 442.839,
              "Actual Rows": 1,
              "Actual Loops": 4,
              "Plans": [
                {
                  "Node Type": "Hash Join",
                  "Parent Relationship": "Outer",
                  "Parallel Aware": true,
                  "Join Type": "Inner",
                  "Startup Cost": 53215.3,
                  "Total Cost": 78213.01,
                  "Plan Rows": 31628,
                  "Plan Width": 0,
                  "Actual Startup Time": 394.84,
                  "Actual Total Time": 441.061,
                  "Actual Rows": 26594,
                  "Actual Loops": 4,
                  "Inner Unique": true,
                  "Hash Cond": "(mk.movie_id = t.id)",
                  "Plans": [
                    {
                      "Node Type": "Bitmap Heap Scan",
                      "Parent Relationship": "Outer",
                      "Parallel Aware": true,
                      "Relation Name": "movie_keyword",
                      "Alias": "mk",
                      "Startup Cost": 2364.08,
                      "Total Cost": 27267.42,
                      "Plan Rows": 35948,
                      "Plan Width": 4,
                      "Actual Startup Time": 9.557,
                      "Actual Total Time": 41.387,
                      "Actual Rows": 27991,
                      "Actual Loops": 4,
                      "Recheck Cond": "(keyword_id > 79745)",
                      "Rows Removed by Index Recheck": 0,
                      "Exact Heap Blocks": 8395,
                      "Lossy Heap Blocks": 0,
                      "Plans": [
                        {
                          "Node Type": "Bitmap Index Scan",
                          "Parent Relationship": "Outer",
                          "Parallel Aware": false,
                          "Index Name": "keyword_id_movie_keyword",
                          "Startup Cost": 0.0,
                          "Total Cost": 2336.22,
                          "Plan Rows": 111438,
                          "Plan Width": 0,
                          "Actual Startup Time": 6.79,
                          "Actual Total Time": 6.791,
                          "Actual Rows": 111963,
                          "Actual Loops": 1,
                          "Index Cond": "(keyword_id > 79745)"
                        }
                      ]
                    },
                    {
                      "Node Type": "Hash",
                      "Parent Relationship": "Inner",
                      "Parallel Aware": true,
                      "Startup Cost": 43899.32,
                      "Total Cost": 43899.32,
                      "Plan Rows": 556152,
                      "Plan Width": 4,
                      "Actual Startup Time": 376.93,
                      "Actual Total Time": 376.931,
                      "Actual Rows": 556142,
                      "Actual Loops": 4,
                      "Hash Buckets": 4194304,
                      "Original Hash Buckets": 4194304,
                      "Hash Batches": 1,
                      "Original Hash Batches": 1,
                      "Peak Memory Usage": 119840,
                      "Plans": [
                        {
                          "Node Type": "Seq Scan",
                          "Parent Relationship": "Outer",
                          "Parallel Aware": true,
                          "Relation Name": "title",
                          "Alias": "t",
                          "Startup Cost": 0.0,
                          "Total Cost": 43899.32,
                          "Plan Rows": 556152,
                          "Plan Width": 4,
                          "Actual Startup Time": 0.043,
                          "Actual Total Time": 138.185,
                          "Actual Rows": 556142,
                          "Actual Loops": 4,
                          "Filter": "(production_year < 2012)",
                          "Rows Removed by Filter": 75936
                        }
                      ]
                    }
                  ]
                }
              ]
            }
          ]
        }
      ]
    },
    "Planning Time": 0.264,
    "Triggers": [],
    "Execution Time": 485.817
  }
]