[
  {
    "Plan": {
      "Node Type": "Aggregate",
      "Strategy": "Plain",
      "Partial Mode": "Finalize",
      "Parallel Aware": false,
      "Startup Cost": 79320.28,
      "Total Cost": 79320.29,
      "Plan Rows": 1,
      "Plan Width": 8,
      "Actual Startup Time": 421.357,
      "Actual Total Time": 438.724,
      "Actual Rows": 1,
      "Actual Loops": 1,
      "Plans": [
        {
          "Node Type": "Gather",
          "Parent Relationship": "Outer",
          "Parallel Aware": false,
          "Startup Cost": 79319.96,
          "Total Cost": 79320.27,
          "Plan Rows": 3,
          "Plan Width": 8,
          "Actual Startup Time": 410.346,
          "Actual Total Time": 438.711,
          "Actual Rows": 4,
          "Actual Loops": 1,
          "Workers Planned": 3,
          "Workers Launched": 3,
          "Single Copy": false,
          "Plans": [
            {
              "Node Type": "Aggregate",
              "Strategy": "Plain",
              "Partial Mode": "Partial",
              "Parent Relationship": "Outer",
              "Parallel Aware": false,
              "Startup Cost": 78319.96,
              "Total Cost": 78319.97,
              "Plan Rows": 1,
              "Plan Width": 8,
              "Actual Startup Time": 392.182,
              "Actual Total Time": 392.185,
              "Actual Rows": 1,
              "Actual Loops": 4,
              "Plans": [
                {
                  "Node Type": "Hash Join",
                  "Parent Relationship": "Outer",
                  "Parallel Aware": true,
                  "Join Type": "Inner",
                  "Startup Cost": 53238.96,
                  "Total Cost": 78240.29,
                  "Plan Rows": 31869,
                  "Plan Width": 0,
                  "Actual Startup Time": 349.509,
                  "Actual Total Time": 390.636,
                  "Actual Rows": 26594,
                  "Actual Loops": 4,
                  "Inner Unique": true,
                  "Hash Cond": "(mk.movie_id = t.id)",
                  "Plans": [
                    {
                      "Node Type": "Bitmap Heap Scan",
                      "Parent Relationship": "Outer",
                      "Parallel Aware": true,
                      "Relation Name": "movie_keyword",
                      "Alias": "mk",
                      "Startup Cost": 2381.82,
                      "Total Cost": 27288.15,
                      "Plan Rows": 36187,
                      "Plan Width": 4,
                      "Actual Startup Time": 10.176,
                      "Actual Total Time": 38.771,
                      "Actual Rows": 27991,
                      "Actual Loops": 4,
                      "Recheck Cond": "(keyword_id > 79745)",
                      "Rows Removed by Index Recheck": 0,
                      "Exact Heap Blocks": 6783,
                      "Lossy Heap Blocks": 0,
                      "Plans": [
                        {
                          "Node Type": "Bitmap Index Scan",
                          "Parent Relationship": "Outer",
                          "Parallel Aware": false,
                          "Index Name": "keyword_id_movie_keyword",
                          "Startup Cost": 0.0,
                          "Total Cost": 2353.77,
                          "Plan Rows": 112179,
                          "Plan Width": 0,
                          "Actual Startup Time": 7.417,
                          "Actual Total Time": 7.418,
                          "Actual Rows": 111963,
                          "Actual Loops": 1,
                          "Index Cond": "(keyword_id > 79745)"
                        }
                      ]
                    },
                    {
                      "Node Type": "Hash",
                      "Parent Relationship": "Inner",
                      "Parallel Aware": true,
                      "Startup Cost": 43898.92,
                      "Total Cost": 43898.92,
                      "Plan Rows": 556658,
                      "Plan Width": 4,
                      "Actual Startup Time": 328.07,
                      "Actual Total Time": 328.071,
                      "Actual Rows": 556142,
                      "Actual Loops": 4,
                      "Hash Buckets": 4194304,
                      "Original Hash Buckets": 4194304,
                      "Hash Batches": 1,
                      "Original Hash Batches": 1,
                      "Peak Memory Usage": 119872,
                      "Plans": [
                        {
                          "Node Type": "Seq Scan",
                          "Parent Relationship": "Outer",
                          "Parallel Aware": true,
                          "Relation Name": "title",
                          "Alias": "t",
                          "Startup Cost": 0.0,
                          "Total Cost": 43898.92,
                          "Plan Rows": 556658,
                          "Plan Width": 4,
                          "Actual Startup Time": 0.042,
                          "Actual Total Time": 116.97,
                          "Actual Rows": 556142,
                          "Actual Loops": 4,
                          "Filter": "(production_year < 2012)",
                          "Rows Removed by Filter": 75936
                        }
                      ]
                    }
                  ]
                }
              ]
            }
          ]
        }
      ]
    },
    "Planning Time": 0.574,
    "Triggers": [],
    "Execution Time": 438.824
  }
]