[
    {
        "Bao": {
            "Bao prediction": "NaN",
            "Bao recommended hint": "(no hint)"
        }
    },
    {
        "Plan": {
            "Node Type": "Aggregate",
            "Strategy": "Plain",
            "Partial Mode": "Finalize",
            "Parallel Aware": false,
            "Startup Cost": 297290.59,
            "Total Cost": 297290.6,
            "Plan Rows": 1,
            "Plan Width": 8,
            "Actual Startup Time": 201.034,
            "Actual Total Time": 206.372,
            "Actual Rows": 1,
            "Actual Loops": 1,
            "Output": [
                "count(*)"
            ],
            "Plans": [
                {
                    "Node Type": "Gather",
                    "Parent Relationship": "Outer",
                    "Parallel Aware": false,
                    "Startup Cost": 297289.97,
                    "Total Cost": 297290.58,
                    "Plan Rows": 6,
                    "Plan Width": 8,
                    "Actual Startup Time": 200.63,
                    "Actual Total Time": 206.367,
                    "Actual Rows": 7,
                    "Actual Loops": 1,
                    "Output": [
                        "(PARTIAL count(*))"
                    ],
                    "Workers Planned": 6,
                    "Workers Launched": 6,
                    "Single Copy": false,
                    "Plans": [
                        {
                            "Node Type": "Aggregate",
                            "Strategy": "Plain",
                            "Partial Mode": "Partial",
                            "Parent Relationship": "Outer",
                            "Parallel Aware": false,
                            "Startup Cost": 296289.97,
                            "Total Cost": 296289.98,
                            "Plan Rows": 1,
                            "Plan Width": 8,
                            "Actual Startup Time": 190.444,
                            "Actual Total Time": 190.445,
                            "Actual Rows": 1,
                            "Actual Loops": 7,
                            "Output": [
                                "PARTIAL count(*)"
                            ],
                            "Workers": [
                                {
                                    "Worker Number": 0,
                                    "Actual Startup Time": 188.093,
                                    "Actual Total Time": 188.094,
                                    "Actual Rows": 1,
                                    "Actual Loops": 1
                                },
                                {
                                    "Worker Number": 1,
                                    "Actual Startup Time": 188.297,
                                    "Actual Total Time": 188.298,
                                    "Actual Rows": 1,
                                    "Actual Loops": 1
                                },
                                {
                                    "Worker Number": 2,
                                    "Actual Startup Time": 188.088,
                                    "Actual Total Time": 188.09,
                                    "Actual Rows": 1,
                                    "Actual Loops": 1
                                },
                                {
                                    "Worker Number": 3,
                                    "Actual Startup Time": 189.226,
                                    "Actual Total Time": 189.226,
                                    "Actual Rows": 1,
                                    "Actual Loops": 1
                                },
                                {
                                    "Worker Number": 4,
                                    "Actual Startup Time": 189.458,
                                    "Actual Total Time": 189.459,
                                    "Actual Rows": 1,
                                    "Actual Loops": 1
                                },
                                {
                                    "Worker Number": 5,
                                    "Actual Startup Time": 189.627,
                                    "Actual Total Time": 189.628,
                                    "Actual Rows": 1,
                                    "Actual Loops": 1
                                }
                            ],
                            "Plans": [
                                {
                                    "Node Type": "Bitmap Heap Scan",
                                    "Parent Relationship": "Outer",
                                    "Parallel Aware": true,
                                    "Relation Name": "cast_info",
                                    "Schema": "public",
                                    "Alias": "ci",
                                    "Startup Cost": 38725.12,
                                    "Total Cost": 295814.55,
                                    "Plan Rows": 190166,
                                    "Plan Width": 0,
                                    "Actual Startup Time": 93.612,
                                    "Actual Total Time": 175.914,
                                    "Actual Rows": 265851,
                                    "Actual Loops": 7,
                                    "Recheck Cond": "(ci.person_id > 3694523)",
                                    "Rows Removed by Index Recheck": 0,
                                    "Filter": "(ci.role_id > 1)",
                                    "Rows Removed by Filter": 0,
                                    "Exact Heap Blocks": 6543,
                                    "Lossy Heap Blocks": 0,
                                    "Workers": [
                                        {
                                            "Worker Number": 0,
                                            "Actual Startup Time": 91.399,
                                            "Actual Total Time": 173.294,
                                            "Actual Rows": 184861,
                                            "Actual Loops": 1
                                        },
                                        {
                                            "Worker Number": 1,
                                            "Actual Startup Time": 91.847,
                                            "Actual Total Time": 174.061,
                                            "Actual Rows": 251952,
                                            "Actual Loops": 1
                                        },
                                        {
                                            "Worker Number": 2,
                                            "Actual Startup Time": 91.49,
                                            "Actual Total Time": 174.959,
                                            "Actual Rows": 224596,
                                            "Actual Loops": 1
                                        },
                                        {
                                            "Worker Number": 3,
                                            "Actual Startup Time": 92.288,
                                            "Actual Total Time": 175.132,
                                            "Actual Rows": 249384,
                                            "Actual Loops": 1
                                        },
                                        {
                                            "Worker Number": 4,
                                            "Actual Startup Time": 92.603,
                                            "Actual Total Time": 175.179,
                                            "Actual Rows": 253538,
                                            "Actual Loops": 1
                                        },
                                        {
                                            "Worker Number": 5,
                                            "Actual Startup Time": 92.693,
                                            "Actual Total Time": 175.356,
                                            "Actual Rows": 251916,
                                            "Actual Loops": 1
                                        }
                                    ],
                                    "Plans": [
                                        {
                                            "Node Type": "Bitmap Index Scan",
                                            "Parent Relationship": "Outer",
                                            "Parallel Aware": false,
                                            "Index Name": "person_id_cast_info",
                                            "Startup Cost": 0.0,
                                            "Total Cost": 38439.87,
                                            "Plan Rows": 1760974,
                                            "Plan Width": 0,
                                            "Actual Startup Time": 99.067,
                                            "Actual Total Time": 99.067,
                                            "Actual Rows": 1860956,
                                            "Actual Loops": 1,
                                            "Index Cond": "(ci.person_id > 3694523)"
                                        }
                                    ]
                                }
                            ]
                        }
                    ]
                }
            ]
        },
        "Planning Time": 186.797,
        "Triggers": [],
        "Execution Time": 206.425
    }
]