[
  {
    "Plan": {
      "Node Type": "Aggregate",
      "Strategy": "Plain",
      "Partial Mode": "Finalize",
      "Parallel Aware": false,
      "Startup Cost": 435217.78,
      "Total Cost": 435217.79,
      "Plan Rows": 1,
      "Plan Width": 8,
      "Actual Startup Time": 2141.142,
      "Actual Total Time": 2178.378,
      "Actual Rows": 1,
      "Actual Loops": 1,
      "Plans": [
        {
          "Node Type": "Gather",
          "Parent Relationship": "Outer",
          "Parallel Aware": false,
          "Startup Cost": 435217.46,
          "Total Cost": 435217.77,
          "Plan Rows": 3,
          "Plan Width": 8,
          "Actual Startup Time": 2130.495,
          "Actual Total Time": 2178.369,
          "Actual Rows": 4,
          "Actual Loops": 1,
          "Workers Planned": 3,
          "Workers Launched": 3,
          "Single Copy": false,
          "Plans": [
            {
              "Node Type": "Aggregate",
              "Strategy": "Plain",
              "Partial Mode": "Partial",
              "Parent Relationship": "Outer",
              "Parallel Aware": false,
              "Startup Cost": 434217.46,
              "Total Cost": 434217.47,
              "Plan Rows": 1,
              "Plan Width": 8,
              "Actual Startup Time": 2121.386,
              "Actual Total Time": 2121.732,
              "Actual Rows": 1,
              "Actual Loops": 4,
              "Plans": [
                {
                  "Node Type": "Hash Join",
                  "Parent Relationship": "Outer",
                  "Parallel Aware": true,
                  "Join Type": "Inner",
                  "Startup Cost": 385277.41,
                  "Total Cost": 433353.94,
                  "Plan Rows": 345406,
                  "Plan Width": 0,
                  "Actual Startup Time": 1237.372,
                  "Actual Total Time": 1871.038,
                  "Actual Rows": 6618776,
                  "Actual Loops": 4,
                  "Inner Unique": false,
                  "Hash Cond": "(mk.movie_id = t.id)",
                  "Plans": [
                    {
                      "Node Type": "Seq Scan",
                      "Parent Relationship": "Outer",
                      "Parallel Aware": true,
                      "Relation Name": "movie_keyword",
                      "Alias": "mk",
                      "Startup Cost": 0.0,
                      "Total Cost": 42695.65,
                      "Plan Rows": 1281386,
                      "Plan Width": 4,
                      "Actual Startup Time": 0.047,
                      "Actual Total Time": 110.389,
                      "Actual Rows": 989415,
                      "Actual Loops": 4,
                      "Filter": "(keyword_id > 398)",
                      "Rows Removed by Filter": 141568
                    },
                    {
                      "Node Type": "Hash",
                      "Parent Relationship": "Inner",
                      "Parallel Aware": true,
                      "Startup Cost": 383857.59,
                      "Total Cost": 383857.59,
                      "Plan Rows": 113586,
                      "Plan Width": 8,
                      "Actual Startup Time": 1190.633,
                      "Actual Total Time": 1190.977,
                      "Actual Rows": 406644,
                      "Actual Loops": 4,
                      "Hash Buckets": 2097152,
                      "Original Hash Buckets": 1048576,
                      "Hash Batches": 1,
                      "Original Hash Batches": 1,
                      "Peak Memory Usage": 88256,
                      "Plans": [
                        {
                          "Node Type": "Hash Join",
                          "Parent Relationship": "Outer",
                          "Parallel Aware": true,
                          "Join Type": "Inner",
                          "Startup Cost": 47388.4,
                          "Total Cost": 383857.59,
                          "Plan Rows": 113586,
                          "Plan Width": 8,
                          "Actual Startup Time": 157.223,
                          "Actual Total Time": 1026.177,
                          "Actual Rows": 406644,
                          "Actual Loops": 4,
                          "Inner Unique": true,
                          "Hash Cond": "(ci.movie_id = t.id)",
                          "Plans": [
                            {
                              "Node Type": "Index Scan",
                              "Parent Relationship": "Outer",
                              "Parallel Aware": true,
                              "Scan Direction": "Forward",
                              "Index Name": "role_id_cast_info",
                              "Relation Name": "cast_info",
                              "Alias": "ci",
                              "Startup Cost": 0.56,
                              "Total Cost": 335235.55,
                              "Plan Rows": 470173,
                              "Plan Width": 4,
                              "Actual Startup Time": 0.209,
                              "Actual Total Time": 521.2,
                              "Actual Rows": 1505288,
                              "Actual Loops": 4,
                              "Index Cond": "(role_id = 1)",
                              "Rows Removed by Index Recheck": 0,
                              "Filter": "(person_id < 817018)",
                              "Rows Removed by Filter": 1662384
                            },
                            {
                              "Node Type": "Hash",
                              "Parent Relationship": "Inner",
                              "Parallel Aware": true,
                              "Startup Cost": 45479.1,
                              "Total Cost": 45479.1,
                              "Plan Rows": 152699,
                              "Plan Width": 4,
                              "Actual Startup Time": 154.375,
                              "Actual Total Time": 154.376,
                              "Actual Rows": 131499,
                              "Actual Loops": 4,
                              "Hash Buckets": 1048576,
                              "Original Hash Buckets": 1048576,
                              "Hash Batches": 1,
                              "Original Hash Batches": 1,
                              "Peak Memory Usage": 28800,
                              "Plans": [
                                {
                                  "Node Type": "Seq Scan",
                                  "Parent Relationship": "Outer",
                                  "Parallel Aware": true,
                                  "Relation Name": "title",
                                  "Alias": "t",
                                  "Startup Cost": 0.0,
                                  "Total Cost": 45479.1,
                                  "Plan Rows": 152699,
                                  "Plan Width": 4,
                                  "Actual Startup Time": 48.029,
                                  "Actual Total Time": 104.776,
                                  "Actual Rows": 131499,
                                  "Actual Loops": 4,
                                  "Filter": "((production_year > 1935) AND (kind_id = 1))",
                                  "Rows Removed by Filter": 500579
                                }
                              ]
                            }
                          ]
                        }
                      ]
                    }
                  ]
                }
              ]
            }
          ]
        }
      ]
    },
    "Planning Time": 1.306,
    "Triggers": [],
    "Execution Time": 2178.468
  }
]