[
  {
    "Plan": {
      "Node Type": "Aggregate",
      "Strategy": "Plain",
      "Partial Mode": "Finalize",
      "Parallel Aware": false,
      "Startup Cost": 340815.2,
      "Total Cost": 340815.21,
      "Plan Rows": 1,
      "Plan Width": 8,
      "Actual Startup Time": 754.361,
      "Actual Total Time": 812.392,
      "Actual Rows": 1,
      "Actual Loops": 1,
      "Plans": [
        {
          "Node Type": "Gather",
          "Parent Relationship": "Outer",
          "Parallel Aware": false,
          "Startup Cost": 340814.58,
          "Total Cost": 340815.19,
          "Plan Rows": 6,
          "Plan Width": 8,
          "Actual Startup Time": 754.246,
          "Actual Total Time": 812.382,
          "Actual Rows": 7,
          "Actual Loops": 1,
          "Workers Planned": 6,
          "Workers Launched": 6,
          "Single Copy": false,
          "Plans": [
            {
              "Node Type": "Aggregate",
              "Strategy": "Plain",
              "Partial Mode": "Partial",
              "Parent Relationship": "Outer",
              "Parallel Aware": false,
              "Startup Cost": 339814.58,
              "Total Cost": 339814.59,
              "Plan Rows": 1,
              "Plan Width": 8,
              "Actual Startup Time": 748.29,
              "Actual Total Time": 748.291,
              "Actual Rows": 1,
              "Actual Loops": 7,
              "Plans": [
                {
                  "Node Type": "Seq Scan",
                  "Parent Relationship": "Outer",
                  "Parallel Aware": true,
                  "Relation Name": "cast_info",
                  "Alias": "ci",
                  "Startup Cost": 0.0,
                  "Total Cost": 328162.03,
                  "Plan Rows": 4661021,
                  "Plan Width": 0,
                  "Actual Startup Time": 90.408,
                  "Actual Total Time": 593.206,
                  "Actual Rows": 3977097,
                  "Actual Loops": 7,
                  "Filter": "(person_id > 824327)",
                  "Rows Removed by Filter": 1200667
                }
              ]
            }
          ]
        }
      ]
    },
    "Planning Time": 0.772,
    "Triggers": [],
    "Execution Time": 812.471
  }
]