[
  {
    "Plan": {
      "Node Type": "Aggregate",
      "Strategy": "Plain",
      "Partial Mode": "Finalize",
      "Parallel Aware": false,
      "Startup Cost": 55724.52,
      "Total Cost": 55724.53,
      "Plan Rows": 1,
      "Plan Width": 8,
      "Actual Startup Time": 146.855,
      "Actual Total Time": 159.348,
      "Actual Rows": 1,
      "Actual Loops": 1,
      "Plans": [
        {
          "Node Type": "Gather",
          "Parent Relationship": "Outer",
          "Parallel Aware": false,
          "Startup Cost": 55724.2,
          "Total Cost": 55724.51,
          "Plan Rows": 3,
          "Plan Width": 8,
          "Actual Startup Time": 146.061,
          "Actual Total Time": 159.338,
          "Actual Rows": 4,
          "Actual Loops": 1,
          "Workers Planned": 3,
          "Workers Launched": 3,
          "Single Copy": false,
          "Plans": [
            {
              "Node Type": "Aggregate",
              "Strategy": "Plain",
              "Partial Mode": "Partial",
              "Parent Relationship": "Outer",
              "Parallel Aware": false,
              "Startup Cost": 54724.2,
              "Total Cost": 54724.21,
              "Plan Rows": 1,
              "Plan Width": 8,
              "Actual Startup Time": 137.14,
              "Actual Total Time": 137.143,
              "Actual Rows": 1,
              "Actual Loops": 4,
              "Plans": [
                {
                  "Node Type": "Hash Join",
                  "Parent Relationship": "Outer",
                  "Parallel Aware": true,
                  "Join Type": "Inner",
                  "Startup Cost": 45958.91,
                  "Total Cost": 54715.17,
                  "Plan Rows": 3615,
                  "Plan Width": 0,
                  "Actual Startup Time": 118.366,
                  "Actual Total Time": 137.046,
                  "Actual Rows": 1492,
                  "Actual Loops": 4,
                  "Inner Unique": true,
                  "Hash Cond": "(ci.movie_id = t.id)",
                  "Plans": [
                    {
                      "Node Type": "Index Scan",
                      "Parent Relationship": "Outer",
                      "Parallel Aware": true,
                      "Scan Direction": "Forward",
                      "Index Name": "role_id_cast_info",
                      "Relation Name": "cast_info",
                      "Alias": "ci",
                      "Startup Cost": 0.56,
                      "Total Cost": 8600.37,
                      "Plan Rows": 59598,
                      "Plan Width": 4,
                      "Actual Startup Time": 0.093,
                      "Actual Total Time": 13.548,
                      "Actual Rows": 19768,
                      "Actual Loops": 4,
                      "Index Cond": "(role_id > 10)",
                      "Rows Removed by Index Recheck": 0,
                      "Filter": "(person_id < 2293252)",
                      "Rows Removed by Filter": 59262
                    },
                    {
                      "Node Type": "Hash",
                      "Parent Relationship": "Inner",
                      "Parallel Aware": true,
                      "Startup Cost": 45479.1,
                      "Total Cost": 45479.1,
                      "Plan Rows": 38340,
                      "Plan Width": 4,
                      "Actual Startup Time": 115.937,
                      "Actual Total Time": 115.938,
                      "Actual Rows": 33690,
                      "Actual Loops": 4,
                      "Hash Buckets": 262144,
                      "Original Hash Buckets": 262144,
                      "Hash Batches": 1,
                      "Original Hash Batches": 1,
                      "Peak Memory Usage": 7360,
                      "Plans": [
                        {
                          "Node Type": "Seq Scan",
                          "Parent Relationship": "Outer",
                          "Parallel Aware": true,
                          "Relation Name": "title",
                          "Alias": "t",
                          "Startup Cost": 0.0,
                          "Total Cost": 45479.1,
                          "Plan Rows": 38340,
                          "Plan Width": 4,
                          "Actual Startup Time": 0.112,
                          "Actual Total Time": 102.839,
                          "Actual Rows": 33690,
                          "Actual Loops": 4,
                          "Filter": "((kind_id < 7) AND (production_year > 2010))",
                          "Rows Removed by Filter": 598388
                        }
                      ]
                    }
                  ]
                }
              ]
            }
          ]
        }
      ]
    },
    "Planning Time": 0.665,
    "Triggers": [],
    "Execution Time": 159.428
  }
]