[
  {
    "Plan": {
      "Node Type": "Aggregate",
      "Strategy": "Plain",
      "Partial Mode": "Finalize",
      "Parallel Aware": false,
      "Startup Cost": 46745.35,
      "Total Cost": 46745.36,
      "Plan Rows": 1,
      "Plan Width": 8,
      "Actual Startup Time": 172.028,
      "Actual Total Time": 182.044,
      "Actual Rows": 1,
      "Actual Loops": 1,
      "Plans": [
        {
          "Node Type": "Gather",
          "Parent Relationship": "Outer",
          "Parallel Aware": false,
          "Startup Cost": 46745.03,
          "Total Cost": 46745.34,
          "Plan Rows": 3,
          "Plan Width": 8,
          "Actual Startup Time": 171.776,
          "Actual Total Time": 182.035,
          "Actual Rows": 4,
          "Actual Loops": 1,
          "Workers Planned": 3,
          "Workers Launched": 3,
          "Single Copy": false,
          "Plans": [
            {
              "Node Type": "Aggregate",
              "Strategy": "Plain",
              "Partial Mode": "Partial",
              "Parent Relationship": "Outer",
              "Parallel Aware": false,
              "Startup Cost": 45745.03,
              "Total Cost": 45745.04,
              "Plan Rows": 1,
              "Plan Width": 8,
              "Actual Startup Time": 164.215,
              "Actual Total Time": 164.216,
              "Actual Rows": 1,
              "Actual Loops": 4,
              "Plans": [
                {
                  "Node Type": "Seq Scan",
                  "Parent Relationship": "Outer",
                  "Parallel Aware": true,
                  "Relation Name": "movie_keyword",
                  "Alias": "mk",
                  "Startup Cost": 0.0,
                  "Total Cost": 42695.65,
                  "Plan Rows": 1219750,
                  "Plan Width": 0,
                  "Actual Startup Time": 0.058,
                  "Actual Total Time": 121.453,
                  "Actual Rows": 947062,
                  "Actual Loops": 4,
                  "Filter": "(keyword_id < 25604)",
                  "Rows Removed by Filter": 183920
                }
              ]
            }
          ]
        }
      ]
    },
    "Planning Time": 0.185,
    "Triggers": [],
    "Execution Time": 182.108
  }
]