[
    {
        "Bao": {
            "Bao prediction": "NaN",
            "Bao recommended hint": "(no hint)"
        }
    },
    {
        "Plan": {
            "Node Type": "Aggregate",
            "Strategy": "Plain",
            "Partial Mode": "Finalize",
            "Parallel Aware": false,
            "Startup Cost": 43985.11,
            "Total Cost": 43985.12,
            "Plan Rows": 1,
            "Plan Width": 8,
            "Actual Startup Time": 148.745,
            "Actual Total Time": 154.992,
            "Actual Rows": 1,
            "Actual Loops": 1,
            "Output": [
                "count(*)"
            ],
            "Plans": [
                {
                    "Node Type": "Gather",
                    "Parent Relationship": "Outer",
                    "Parallel Aware": false,
                    "Startup Cost": 43984.79,
                    "Total Cost": 43985.1,
                    "Plan Rows": 3,
                    "Plan Width": 8,
                    "Actual Startup Time": 148.48,
                    "Actual Total Time": 154.984,
                    "Actual Rows": 4,
                    "Actual Loops": 1,
                    "Output": [
                        "(PARTIAL count(*))"
                    ],
                    "Workers Planned": 3,
                    "Workers Launched": 3,
                    "Single Copy": false,
                    "Plans": [
                        {
                            "Node Type": "Aggregate",
                            "Strategy": "Plain",
                            "Partial Mode": "Partial",
                            "Parent Relationship": "Outer",
                            "Parallel Aware": false,
                            "Startup Cost": 42984.79,
                            "Total Cost": 42984.8,
                            "Plan Rows": 1,
                            "Plan Width": 8,
                            "Actual Startup Time": 139.745,
                            "Actual Total Time": 139.746,
                            "Actual Rows": 1,
                            "Actual Loops": 4,
                            "Output": [
                                "PARTIAL count(*)"
                            ],
                            "Workers": [
                                {
                                    "Worker Number": 0,
                                    "Actual Startup Time": 136.246,
                                    "Actual Total Time": 136.248,
                                    "Actual Rows": 1,
                                    "Actual Loops": 1
                                },
                                {
                                    "Worker Number": 1,
                                    "Actual Startup Time": 137.336,
                                    "Actual Total Time": 137.337,
                                    "Actual Rows": 1,
                                    "Actual Loops": 1
                                },
                                {
                                    "Worker Number": 2,
                                    "Actual Startup Time": 137.332,
                                    "Actual Total Time": 137.333,
                                    "Actual Rows": 1,
                                    "Actual Loops": 1
                                }
                            ],
                            "Plans": [
                                {
                                    "Node Type": "Bitmap Heap Scan",
                                    "Parent Relationship": "Outer",
                                    "Parallel Aware": true,
                                    "Relation Name": "movie_keyword",
                                    "Schema": "public",
                                    "Alias": "mk",
                                    "Startup Cost": 15089.02,
                                    "Total Cost": 42411.16,
                                    "Plan Rows": 229452,
                                    "Plan Width": 0,
                                    "Actual Startup Time": 52.238,
                                    "Actual Total Time": 129.914,
                                    "Actual Rows": 174667,
                                    "Actual Loops": 4,
                                    "Recheck Cond": "(mk.keyword_id > 26993)",
                                    "Rows Removed by Index Recheck": 0,
                                    "Exact Heap Blocks": 10439,
                                    "Lossy Heap Blocks": 0,
                                    "Workers": [
                                        {
                                            "Worker Number": 0,
                                            "Actual Startup Time": 48.759,
                                            "Actual Total Time": 127.739,
                                            "Actual Rows": 136519,
                                            "Actual Loops": 1
                                        },
                                        {
                                            "Worker Number": 1,
                                            "Actual Startup Time": 49.986,
                                            "Actual Total Time": 128.226,
                                            "Actual Rows": 146063,
                                            "Actual Loops": 1
                                        },
                                        {
                                            "Worker Number": 2,
                                            "Actual Startup Time": 49.959,
                                            "Actual Total Time": 128.109,
                                            "Actual Rows": 104196,
                                            "Actual Loops": 1
                                        }
                                    ],
                                    "Plans": [
                                        {
                                            "Node Type": "Bitmap Index Scan",
                                            "Parent Relationship": "Outer",
                                            "Parallel Aware": false,
                                            "Index Name": "keyword_id_movie_keyword",
                                            "Startup Cost": 0.0,
                                            "Total Cost": 14911.19,
                                            "Plan Rows": 711301,
                                            "Plan Width": 0,
                                            "Actual Startup Time": 56.792,
                                            "Actual Total Time": 56.792,
                                            "Actual Rows": 698667,
                                            "Actual Loops": 1,
                                            "Index Cond": "(mk.keyword_id > 26993)"
                                        }
                                    ]
                                }
                            ]
                        }
                    ]
                }
            ]
        },
        "Planning Time": 222.749,
        "Triggers": [],
        "Execution Time": 155.067
    }
]