[
  {
    "Plan": {
      "Node Type": "Aggregate",
      "Strategy": "Plain",
      "Partial Mode": "Finalize",
      "Parallel Aware": false,
      "Startup Cost": 345081.3,
      "Total Cost": 345081.31,
      "Plan Rows": 1,
      "Plan Width": 8,
      "Actual Startup Time": 394.179,
      "Actual Total Time": 420.837,
      "Actual Rows": 1,
      "Actual Loops": 1,
      "Plans": [
        {
          "Node Type": "Gather",
          "Parent Relationship": "Outer",
          "Parallel Aware": false,
          "Startup Cost": 345080.67,
          "Total Cost": 345081.28,
          "Plan Rows": 6,
          "Plan Width": 8,
          "Actual Startup Time": 394.081,
          "Actual Total Time": 420.825,
          "Actual Rows": 7,
          "Actual Loops": 1,
          "Workers Planned": 6,
          "Workers Launched": 6,
          "Single Copy": false,
          "Plans": [
            {
              "Node Type": "Aggregate",
              "Strategy": "Plain",
              "Partial Mode": "Partial",
              "Parent Relationship": "Outer",
              "Parallel Aware": false,
              "Startup Cost": 344080.67,
              "Total Cost": 344080.68,
              "Plan Rows": 1,
              "Plan Width": 8,
              "Actual Startup Time": 385.602,
              "Actual Total Time": 385.603,
              "Actual Rows": 1,
              "Actual Loops": 7,
              "Plans": [
                {
                  "Node Type": "Index Scan",
                  "Parent Relationship": "Outer",
                  "Parallel Aware": true,
                  "Scan Direction": "Forward",
                  "Index Name": "role_id_cast_info",
                  "Relation Name": "cast_info",
                  "Alias": "ci",
                  "Startup Cost": 0.56,
                  "Total Cost": 341155.22,
                  "Plan Rows": 1170182,
                  "Plan Width": 0,
                  "Actual Startup Time": 349.614,
                  "Actual Total Time": 378.966,
                  "Actual Rows": 122052,
                  "Actual Loops": 7,
                  "Index Cond": "(role_id < 2)",
                  "Rows Removed by Index Recheck": 0,
                  "Filter": "(person_id > 1622371)",
                  "Rows Removed by Filter": 1688047
                }
              ]
            }
          ]
        }
      ]
    },
    "Planning Time": 0.125,
    "Triggers": [],
    "Execution Time": 420.881
  }
]