[
  {
    "Plan": {
      "Node Type": "Aggregate",
      "Strategy": "Plain",
      "Partial Mode": "Finalize",
      "Parallel Aware": false,
      "Startup Cost": 45351.33,
      "Total Cost": 45351.34,
      "Plan Rows": 1,
      "Plan Width": 8,
      "Actual Startup Time": 146.85,
      "Actual Total Time": 154.232,
      "Actual Rows": 1,
      "Actual Loops": 1,
      "Plans": [
        {
          "Node Type": "Gather",
          "Parent Relationship": "Outer",
          "Parallel Aware": false,
          "Startup Cost": 45351.01,
          "Total Cost": 45351.32,
          "Plan Rows": 3,
          "Plan Width": 8,
          "Actual Startup Time": 146.735,
          "Actual Total Time": 154.222,
          "Actual Rows": 4,
          "Actual Loops": 1,
          "Workers Planned": 3,
          "Workers Launched": 3,
          "Single Copy": false,
          "Plans": [
            {
              "Node Type": "Aggregate",
              "Strategy": "Plain",
              "Partial Mode": "Partial",
              "Parent Relationship": "Outer",
              "Parallel Aware": false,
              "Startup Cost": 44351.01,
              "Total Cost": 44351.02,
              "Plan Rows": 1,
              "Plan Width": 8,
              "Actual Startup Time": 141.339,
              "Actual Total Time": 141.34,
              "Actual Rows": 1,
              "Actual Loops": 4,
              "Plans": [
                {
                  "Node Type": "Seq Scan",
                  "Parent Relationship": "Outer",
                  "Parallel Aware": true,
                  "Relation Name": "movie_keyword",
                  "Alias": "mk",
                  "Startup Cost": 0.0,
                  "Total Cost": 42695.65,
                  "Plan Rows": 662144,
                  "Plan Width": 0,
                  "Actual Startup Time": 0.061,
                  "Actual Total Time": 116.068,
                  "Actual Rows": 511699,
                  "Actual Loops": 4,
                  "Filter": "(keyword_id < 3658)",
                  "Rows Removed by Filter": 619284
                }
              ]
            }
          ]
        }
      ]
    },
    "Planning Time": 0.15,
    "Triggers": [],
    "Execution Time": 154.284
  }
]