[
  {
    "Plan": {
      "Node Type": "Aggregate",
      "Strategy": "Plain",
      "Partial Mode": "Finalize",
      "Parallel Aware": false,
      "Startup Cost": 373399.06,
      "Total Cost": 373399.07,
      "Plan Rows": 1,
      "Plan Width": 8,
      "Actual Startup Time": 605.019,
      "Actual Total Time": 634.343,
      "Actual Rows": 1,
      "Actual Loops": 1,
      "Plans": [
        {
          "Node Type": "Gather",
          "Parent Relationship": "Outer",
          "Parallel Aware": false,
          "Startup Cost": 373398.43,
          "Total Cost": 373399.04,
          "Plan Rows": 6,
          "Plan Width": 8,
          "Actual Startup Time": 602.056,
          "Actual Total Time": 634.332,
          "Actual Rows": 7,
          "Actual Loops": 1,
          "Workers Planned": 6,
          "Workers Launched": 6,
          "Single Copy": false,
          "Plans": [
            {
              "Node Type": "Aggregate",
              "Strategy": "Plain",
              "Partial Mode": "Partial",
              "Parent Relationship": "Outer",
              "Parallel Aware": false,
              "Startup Cost": 372398.43,
              "Total Cost": 372398.44,
              "Plan Rows": 1,
              "Plan Width": 8,
              "Actual Startup Time": 591.71,
              "Actual Total Time": 591.713,
              "Actual Rows": 1,
              "Actual Loops": 7,
              "Plans": [
                {
                  "Node Type": "Hash Join",
                  "Parent Relationship": "Outer",
                  "Parallel Aware": true,
                  "Join Type": "Inner",
                  "Startup Cost": 45685.07,
                  "Total Cost": 371662.75,
                  "Plan Rows": 294271,
                  "Plan Width": 0,
                  "Actual Startup Time": 119.009,
                  "Actual Total Time": 585.652,
                  "Actual Rows": 115752,
                  "Actual Loops": 7,
                  "Inner Unique": true,
                  "Hash Cond": "(ci.movie_id = t.id)",
                  "Plans": [
                    {
                      "Node Type": "Index Scan",
                      "Parent Relationship": "Outer",
                      "Parallel Aware": true,
                      "Scan Direction": "Forward",
                      "Index Name": "role_id_cast_info",
                      "Relation Name": "cast_info",
                      "Alias": "ci",
                      "Startup Cost": 0.56,
                      "Total Cost": 322560.04,
                      "Plan Rows": 1302172,
                      "Plan Width": 4,
                      "Actual Startup Time": 0.173,
                      "Actual Total Time": 331.327,
                      "Actual Rows": 579741,
                      "Actual Loops": 7,
                      "Index Cond": "(role_id > 3)",
                      "Rows Removed by Index Recheck": 0,
                      "Filter": "(person_id < 2397125)",
                      "Rows Removed by Filter": 1150780
                    },
                    {
                      "Node Type": "Hash",
                      "Parent Relationship": "Inner",
                      "Parallel Aware": true,
                      "Startup Cost": 43899.01,
                      "Total Cost": 43899.01,
                      "Plan Rows": 142840,
                      "Plan Width": 4,
                      "Actual Startup Time": 115.656,
                      "Actual Total Time": 115.657,
                      "Actual Rows": 81207,
                      "Actual Loops": 7,
                      "Hash Buckets": 1048576,
                      "Original Hash Buckets": 1048576,
                      "Hash Batches": 1,
                      "Original Hash Batches": 1,
                      "Peak Memory Usage": 30592,
                      "Plans": [
                        {
                          "Node Type": "Seq Scan",
                          "Parent Relationship": "Outer",
                          "Parallel Aware": true,
                          "Relation Name": "title",
                          "Alias": "t",
                          "Startup Cost": 0.0,
                          "Total Cost": 43899.01,
                          "Plan Rows": 142840,
                          "Plan Width": 4,
                          "Actual Startup Time": 0.041,
                          "Actual Total Time": 75.611,
                          "Actual Rows": 81207,
                          "Actual Loops": 7,
                          "Filter": "(production_year < 1984)",
                          "Rows Removed by Filter": 279980
                        }
                      ]
                    }
                  ]
                }
              ]
            }
          ]
        }
      ]
    },
    "Planning Time": 0.657,
    "Triggers": [],
    "Execution Time": 634.427
  }
]