{
    "Plan": {
        "Node Type": "Aggregate",
        "Strategy": "Plain",
        "Partial Mode": "Simple",
        "Parallel Aware": false,
        "Startup Cost": 10000793848.74,
        "Total Cost": 10000793848.75,
        "Plan Rows": 1,
        "Plan Width": 8,
        "Actual Startup Time": 8681.374,
        "Actual Total Time": 8681.378,
        "Actual Rows": 1,
        "Actual Loops": 1,
        "Output": [
            "count(*)"
        ],
        "Plans": [
            {
                "Node Type": "Hash Join",
                "Parent Relationship": "Outer",
                "Parallel Aware": false,
                "Join Type": "Inner",
                "Startup Cost": 10000390390.67,
                "Total Cost": 10000759598.38,
                "Plan Rows": 13700143,
                "Plan Width": 0,
                "Actual Startup Time": 3213.495,
                "Actual Total Time": 8104.827,
                "Actual Rows": 13769730,
                "Actual Loops": 1,
                "Inner Unique": true,
                "Hash Cond": "(mi.movie_id = t.id)",
                "Plans": [
                    {
                        "Node Type": "Bitmap Heap Scan",
                        "Parent Relationship": "Outer",
                        "Parallel Aware": false,
                        "Relation Name": "movie_info",
                        "Schema": "public",
                        "Alias": "mi",
                        "Startup Cost": 248444.54,
                        "Total Cost": 581689.33,
                        "Plan Rows": 13700143,
                        "Plan Width": 4,
                        "Actual Startup Time": 727.707,
                        "Actual Total Time": 2317.649,
                        "Actual Rows": 13769730,
                        "Actual Loops": 1,
                        "Output": [
                            "mi.id",
                            "mi.movie_id",
                            "mi.info_type_id",
                            "mi.info",
                            "mi.note"
                        ],
                        "Recheck Cond": "(mi.info_type_id < 76)",
                        "Rows Removed by Index Recheck": 0,
                        "Exact Heap Blocks": 133332,
                        "Lossy Heap Blocks": 0,
                        "Plans": [
                            {
                                "Node Type": "Bitmap Index Scan",
                                "Parent Relationship": "Outer",
                                "Parallel Aware": false,
                                "Index Name": "info_type_id_movie_info",
                                "Startup Cost": 0.0,
                                "Total Cost": 245019.51,
                                "Plan Rows": 13700143,
                                "Plan Width": 0,
                                "Actual Startup Time": 691.479,
                                "Actual Total Time": 691.48,
                                "Actual Rows": 13769730,
                                "Actual Loops": 1,
                                "Index Cond": "(mi.info_type_id < 76)"
                            }
                        ]
                    },
                    {
                        "Node Type": "Hash",
                        "Parent Relationship": "Inner",
                        "Parallel Aware": false,
                        "Startup Cost": 10000110342.1,
                        "Total Cost": 10000110342.1,
                        "Plan Rows": 2528322,
                        "Plan Width": 4,
                        "Actual Startup Time": 2465.198,
                        "Actual Total Time": 2465.2,
                        "Actual Rows": 2528312,
                        "Actual Loops": 1,
                        "Output": [
                            "t.id"
                        ],
                        "Hash Buckets": 4194304,
                        "Original Hash Buckets": 4194304,
                        "Hash Batches": 1,
                        "Original Hash Batches": 1,
                        "Peak Memory Usage": 121654,
                        "Plans": [
                            {
                                "Node Type": "Index Scan",
                                "Parent Relationship": "Outer",
                                "Parallel Aware": false,
                                "Scan Direction": "Forward",
                                "Index Name": "title_pkey",
                                "Relation Name": "title",
                                "Schema": "public",
                                "Alias": "t",
                                "Startup Cost": 10000000000.43,
                                "Total Cost": 10000110342.1,
                                "Plan Rows": 2528322,
                                "Plan Width": 4,
                                "Actual Startup Time": 0.046,
                                "Actual Total Time": 1733.749,
                                "Actual Rows": 2528312,
                                "Actual Loops": 1,
                                "Output": [
                                    "t.id"
                                ]
                            }
                        ]
                    }
                ]
            }
        ]
    },
    "Planning Time": 1.153,
    "Triggers": [],
    "Execution Time": 8683.961
}