[
  {
    "Plan": {
      "Node Type": "Aggregate",
      "Strategy": "Plain",
      "Partial Mode": "Finalize",
      "Parallel Aware": false,
      "Startup Cost": 32968.19,
      "Total Cost": 32968.2,
      "Plan Rows": 1,
      "Plan Width": 8,
      "Actual Startup Time": 89.029,
      "Actual Total Time": 96.121,
      "Actual Rows": 1,
      "Actual Loops": 1,
      "Plans": [
        {
          "Node Type": "Gather",
          "Parent Relationship": "Outer",
          "Parallel Aware": false,
          "Startup Cost": 32967.87,
          "Total Cost": 32968.18,
          "Plan Rows": 3,
          "Plan Width": 8,
          "Actual Startup Time": 88.931,
          "Actual Total Time": 96.115,
          "Actual Rows": 4,
          "Actual Loops": 1,
          "Workers Planned": 3,
          "Workers Launched": 3,
          "Single Copy": false,
          "Plans": [
            {
              "Node Type": "Aggregate",
              "Strategy": "Plain",
              "Partial Mode": "Partial",
              "Parent Relationship": "Outer",
              "Parallel Aware": false,
              "Startup Cost": 31967.87,
              "Total Cost": 31967.88,
              "Plan Rows": 1,
              "Plan Width": 8,
              "Actual Startup Time": 83.293,
              "Actual Total Time": 83.294,
              "Actual Rows": 1,
              "Actual Loops": 4,
              "Plans": [
                {
                  "Node Type": "Seq Scan",
                  "Parent Relationship": "Outer",
                  "Parallel Aware": true,
                  "Relation Name": "movie_companies",
                  "Alias": "mc",
                  "Startup Cost": 0.0,
                  "Total Cost": 31414.82,
                  "Plan Rows": 221222,
                  "Plan Width": 0,
                  "Actual Startup Time": 40.439,
                  "Actual Total Time": 74.417,
                  "Actual Rows": 231944,
                  "Actual Loops": 4,
                  "Filter": "((company_id > 11149) AND (company_type_id = 2))",
                  "Rows Removed by Filter": 420338
                }
              ]
            }
          ]
        }
      ]
    },
    "Planning Time": 0.112,
    "Triggers": [],
    "Execution Time": 96.155
  }
]