[
  {
    "Plan": {
      "Node Type": "Aggregate",
      "Strategy": "Plain",
      "Partial Mode": "Finalize",
      "Parallel Aware": false,
      "Startup Cost": 63869.3,
      "Total Cost": 63869.31,
      "Plan Rows": 1,
      "Plan Width": 8,
      "Actual Startup Time": 331.933,
      "Actual Total Time": 346.222,
      "Actual Rows": 1,
      "Actual Loops": 1,
      "Plans": [
        {
          "Node Type": "Gather",
          "Parent Relationship": "Outer",
          "Parallel Aware": false,
          "Startup Cost": 63869.09,
          "Total Cost": 63869.3,
          "Plan Rows": 2,
          "Plan Width": 8,
          "Actual Startup Time": 329.248,
          "Actual Total Time": 346.214,
          "Actual Rows": 3,
          "Actual Loops": 1,
          "Workers Planned": 2,
          "Workers Launched": 2,
          "Single Copy": false,
          "Plans": [
            {
              "Node Type": "Aggregate",
              "Strategy": "Plain",
              "Partial Mode": "Partial",
              "Parent Relationship": "Outer",
              "Parallel Aware": false,
              "Startup Cost": 62869.09,
              "Total Cost": 62869.1,
              "Plan Rows": 1,
              "Plan Width": 8,
              "Actual Startup Time": 321.536,
              "Actual Total Time": 321.539,
              "Actual Rows": 1,
              "Actual Loops": 3,
              "Plans": [
                {
                  "Node Type": "Hash Join",
                  "Parent Relationship": "Outer",
                  "Parallel Aware": true,
                  "Join Type": "Inner",
                  "Startup Cost": 46604.79,
                  "Total Cost": 62732.69,
                  "Plan Rows": 54560,
                  "Plan Width": 0,
                  "Actual Startup Time": 193.96,
                  "Actual Total Time": 315.894,
                  "Actual Rows": 100775,
                  "Actual Loops": 3,
                  "Inner Unique": true,
                  "Hash Cond": "(mi_idx.movie_id = t.id)",
                  "Plans": [
                    {
                      "Node Type": "Seq Scan",
                      "Parent Relationship": "Outer",
                      "Parallel Aware": true,
                      "Relation Name": "movie_info_idx",
                      "Alias": "mi_idx",
                      "Startup Cost": 0.0,
                      "Total Cost": 15122.68,
                      "Plan Rows": 382940,
                      "Plan Width": 4,
                      "Actual Startup Time": 0.03,
                      "Actual Total Time": 55.425,
                      "Actual Rows": 306617,
                      "Actual Loops": 3,
                      "Filter": "(info_type_id < 101)",
                      "Rows Removed by Filter": 153395
                    },
                    {
                      "Node Type": "Hash",
                      "Parent Relationship": "Inner",
                      "Parallel Aware": true,
                      "Startup Cost": 45479.1,
                      "Total Cost": 45479.1,
                      "Plan Rows": 90055,
                      "Plan Width": 4,
                      "Actual Startup Time": 189.927,
                      "Actual Total Time": 189.928,
                      "Actual Rows": 156790,
                      "Actual Loops": 3,
                      "Hash Buckets": 524288,
                      "Original Hash Buckets": 524288,
                      "Hash Batches": 1,
                      "Original Hash Batches": 1,
                      "Peak Memory Usage": 22560,
                      "Plans": [
                        {
                          "Node Type": "Seq Scan",
                          "Parent Relationship": "Outer",
                          "Parallel Aware": true,
                          "Relation Name": "title",
                          "Alias": "t",
                          "Startup Cost": 0.0,
                          "Total Cost": 45479.1,
                          "Plan Rows": 90055,
                          "Plan Width": 4,
                          "Actual Startup Time": 0.043,
                          "Actual Total Time": 137.091,
                          "Actual Rows": 156790,
                          "Actual Loops": 3,
                          "Filter": "((kind_id < 7) AND (production_year < 1998))",
                          "Rows Removed by Filter": 685980
                        }
                      ]
                    }
                  ]
                }
              ]
            }
          ]
        }
      ]
    },
    "Planning Time": 0.343,
    "Triggers": [],
    "Execution Time": 346.267
  }
]