{
  "Plan": {
    "Node Type": "Aggregate",
    "Strategy": "Plain",
    "Partial Mode": "Finalize",
    "Parallel Aware": false,
    "Startup Cost": 730564.29,
    "Total Cost": 730564.3,
    "Plan Rows": 1,
    "Plan Width": 8,
    "Actual Startup Time": 5305.534,
    "Actual Total Time": 5364.735,
    "Actual Rows": 1,
    "Actual Loops": 1,
    "Plans": [
      {
        "Node Type": "Gather",
        "Parent Relationship": "Outer",
        "Parallel Aware": false,
        "Startup Cost": 730564.18,
        "Total Cost": 730564.29,
        "Plan Rows": 1,
        "Plan Width": 8,
        "Actual Startup Time": 5301.408,
        "Actual Total Time": 5364.725,
        "Actual Rows": 2,
        "Actual Loops": 1,
        "Workers Planned": 1,
        "Workers Launched": 1,
        "Single Copy": false,
        "Plans": [
          {
            "Node Type": "Aggregate",
            "Strategy": "Plain",
            "Partial Mode": "Partial",
            "Parent Relationship": "Outer",
            "Parallel Aware": false,
            "Startup Cost": 729564.18,
            "Total Cost": 729564.19,
            "Plan Rows": 1,
            "Plan Width": 8,
            "Actual Startup Time": 5295.319,
            "Actual Total Time": 5295.867,
            "Actual Rows": 1,
            "Actual Loops": 2,
            "Plans": [
              {
                "Node Type": "Hash Join",
                "Parent Relationship": "Outer",
                "Parallel Aware": true,
                "Join Type": "Inner",
                "Startup Cost": 129687.6,
                "Total Cost": 713408.54,
                "Plan Rows": 6462254,
                "Plan Width": 0,
                "Actual Startup Time": 769.098,
                "Actual Total Time": 5087.892,
                "Actual Rows": 5143879,
                "Actual Loops": 2,
                "Inner Unique": false,
                "Hash Cond": "(ci.movie_id = t.id)",
                "Plans": [
                  {
                    "Node Type": "Seq Scan",
                    "Parent Relationship": "Outer",
                    "Parallel Aware": true,
                    "Relation Name": "cast_info",
                    "Alias": "ci",
                    "Startup Cost": 0.0,
                    "Total Cost": 465792.95,
                    "Plan Rows": 21310595,
                    "Plan Width": 4,
                    "Actual Startup Time": 0.012,
                    "Actual Total Time": 1298.843,
                    "Actual Rows": 18122172,
                    "Actual Loops": 2
                  },
                  {
                    "Node Type": "Hash",
                    "Parent Relationship": "Inner",
                    "Parallel Aware": true,
                    "Startup Cost": 124050.22,
                    "Total Cost": 124050.22,
                    "Plan Rows": 450990,
                    "Plan Width": 8,
                    "Actual Startup Time": 759.739,
                    "Actual Total Time": 760.285,
                    "Actual Rows": 202757,
                    "Actual Loops": 2,
                    "Hash Buckets": 1048576,
                    "Original Hash Buckets": 1048576,
                    "Hash Batches": 1,
                    "Original Hash Batches": 1,
                    "Peak Memory Usage": 24064,
                    "Plans": [
                      {
                        "Node Type": "Hash Join",
                        "Parent Relationship": "Outer",
                        "Parallel Aware": true,
                        "Join Type": "Inner",
                        "Startup Cost": 90349.19,
                        "Total Cost": 124050.22,
                        "Plan Rows": 450990,
                        "Plan Width": 8,
                        "Actual Startup Time": 495.852,
                        "Actual Total Time": 707.775,
                        "Actual Rows": 202757,
                        "Actual Loops": 2,
                        "Inner Unique": true,
                        "Hash Cond": "(mk.movie_id = t.id)",
                        "Plans": [
                          {
                            "Node Type": "Bitmap Heap Scan",
                            "Parent Relationship": "Outer",
                            "Parallel Aware": true,
                            "Relation Name": "movie_keyword",
                            "Alias": "mk",
                            "Startup Cost": 22047.29,
                            "Total Cost": 54143.46,
                            "Plan Rows": 611374,
                            "Plan Width": 4,
                            "Actual Startup Time": 68.424,
                            "Actual Total Time": 160.454,
                            "Actual Rows": 522188,
                            "Actual Loops": 2,
                            "Recheck Cond": "(keyword_id < 1039)",
                            "Rows Removed by Index Recheck": 0,
                            "Exact Heap Blocks": 13368,
                            "Lossy Heap Blocks": 0,
                            "Plans": [
                              {
                                "Node Type": "Bitmap Index Scan",
                                "Parent Relationship": "Outer",
                                "Parallel Aware": false,
                                "Index Name": "keyword_id_movie_keyword",
                                "Startup Cost": 0.0,
                                "Total Cost": 21787.45,
                                "Plan Rows": 1039336,
                                "Plan Width": 0,
                                "Actual Startup Time": 64.7,
                                "Actual Total Time": 64.7,
                                "Actual Rows": 1044375,
                                "Actual Loops": 1,
                                "Index Cond": "(keyword_id < 1039)"
                              }
                            ]
                          },
                          {
                            "Node Type": "Hash",
                            "Parent Relationship": "Inner",
                            "Parallel Aware": true,
                            "Startup Cost": 54588.39,
                            "Total Cost": 54588.39,
                            "Plan Rows": 1097081,
                            "Plan Width": 4,
                            "Actual Startup Time": 417.935,
                            "Actual Total Time": 417.936,
                            "Actual Rows": 932744,
                            "Actual Loops": 2,
                            "Hash Buckets": 2097152,
                            "Original Hash Buckets": 2097152,
                            "Hash Batches": 1,
                            "Original Hash Batches": 1,
                            "Peak Memory Usage": 89408,
                            "Plans": [
                              {
                                "Node Type": "Seq Scan",
                                "Parent Relationship": "Outer",
                                "Parallel Aware": true,
                                "Relation Name": "title",
                                "Alias": "t",
                                "Startup Cost": 0.0,
                                "Total Cost": 54588.39,
                                "Plan Rows": 1097081,
                                "Plan Width": 4,
                                "Actual Startup Time": 0.035,
                                "Actual Total Time": 169.237,
                                "Actual Rows": 932744,
                                "Actual Loops": 2,
                                "Filter": "(kind_id > 1)",
                                "Rows Removed by Filter": 331412
                              }
                            ]
                          }
                        ]
                      }
                    ]
                  }
                ]
              }
            ]
          }
        ]
      }
    ]
  },
  "Planning Time": 1.091,
  "Triggers": [],
  "Execution Time": 5364.858
}