{
  "Plan": {
    "Node Type": "Aggregate",
    "Strategy": "Plain",
    "Partial Mode": "Finalize",
    "Parallel Aware": false,
    "Startup Cost": 473798.74,
    "Total Cost": 473798.75,
    "Plan Rows": 1,
    "Plan Width": 8,
    "Actual Startup Time": 2297.206,
    "Actual Total Time": 2331.973,
    "Actual Rows": 1,
    "Actual Loops": 1,
    "Plans": [
      {
        "Node Type": "Gather",
        "Parent Relationship": "Outer",
        "Parallel Aware": false,
        "Startup Cost": 473798.63,
        "Total Cost": 473798.74,
        "Plan Rows": 1,
        "Plan Width": 8,
        "Actual Startup Time": 2296.077,
        "Actual Total Time": 2331.963,
        "Actual Rows": 2,
        "Actual Loops": 1,
        "Workers Planned": 1,
        "Workers Launched": 1,
        "Single Copy": false,
        "Plans": [
          {
            "Node Type": "Aggregate",
            "Strategy": "Plain",
            "Partial Mode": "Partial",
            "Parent Relationship": "Outer",
            "Parallel Aware": false,
            "Startup Cost": 472798.63,
            "Total Cost": 472798.64,
            "Plan Rows": 1,
            "Plan Width": 8,
            "Actual Startup Time": 2292.276,
            "Actual Total Time": 2292.474,
            "Actual Rows": 1,
            "Actual Loops": 2,
            "Plans": [
              {
                "Node Type": "Hash Join",
                "Parent Relationship": "Outer",
                "Parallel Aware": true,
                "Join Type": "Inner",
                "Startup Cost": 59783.11,
                "Total Cost": 471952.3,
                "Plan Rows": 338533,
                "Plan Width": 0,
                "Actual Startup Time": 205.546,
                "Actual Total Time": 2255.593,
                "Actual Rows": 867752,
                "Actual Loops": 2,
                "Inner Unique": true,
                "Hash Cond": "(ci.movie_id = t.id)",
                "Plans": [
                  {
                    "Node Type": "Index Scan",
                    "Parent Relationship": "Outer",
                    "Parallel Aware": true,
                    "Scan Direction": "Forward",
                    "Index Name": "role_id_cast_info",
                    "Relation Name": "cast_info",
                    "Alias": "ci",
                    "Startup Cost": 0.56,
                    "Total Cost": 400977.7,
                    "Plan Rows": 4263631,
                    "Plan Width": 4,
                    "Actual Startup Time": 0.194,
                    "Actual Total Time": 1045.544,
                    "Actual Rows": 6335344,
                    "Actual Loops": 2,
                    "Index Cond": "(role_id = 1)",
                    "Rows Removed by Index Recheck": 0,
                    "Filter": "(person_id < 2131675)",
                    "Rows Removed by Filter": 0
                  },
                  {
                    "Node Type": "Hash",
                    "Parent Relationship": "Inner",
                    "Parallel Aware": true,
                    "Startup Cost": 58306.47,
                    "Total Cost": 58306.47,
                    "Plan Rows": 118086,
                    "Plan Width": 4,
                    "Actual Startup Time": 202.062,
                    "Actual Total Time": 202.064,
                    "Actual Rows": 156964,
                    "Actual Loops": 2,
                    "Hash Buckets": 524288,
                    "Original Hash Buckets": 262144,
                    "Hash Batches": 1,
                    "Original Hash Batches": 1,
                    "Peak Memory Usage": 18464,
                    "Plans": [
                      {
                        "Node Type": "Seq Scan",
                        "Parent Relationship": "Outer",
                        "Parallel Aware": true,
                        "Relation Name": "title",
                        "Alias": "t",
                        "Startup Cost": 0.0,
                        "Total Cost": 58306.47,
                        "Plan Rows": 118086,
                        "Plan Width": 4,
                        "Actual Startup Time": 0.072,
                        "Actual Total Time": 150.334,
                        "Actual Rows": 156964,
                        "Actual Loops": 2,
                        "Filter": "((kind_id < 7) AND (production_year < 1981))",
                        "Rows Removed by Filter": 1107192
                      }
                    ]
                  }
                ]
              }
            ]
          }
        ]
      }
    ]
  },
  "Planning Time": 0.662,
  "Triggers": [],
  "Execution Time": 2332.061
}