[
  {
    "Plan": {
      "Node Type": "Aggregate",
      "Strategy": "Plain",
      "Partial Mode": "Finalize",
      "Parallel Aware": false,
      "Startup Cost": 45497.07,
      "Total Cost": 45497.08,
      "Plan Rows": 1,
      "Plan Width": 8,
      "Actual Startup Time": 143.595,
      "Actual Total Time": 153.134,
      "Actual Rows": 1,
      "Actual Loops": 1,
      "Plans": [
        {
          "Node Type": "Gather",
          "Parent Relationship": "Outer",
          "Parallel Aware": false,
          "Startup Cost": 45496.75,
          "Total Cost": 45497.06,
          "Plan Rows": 3,
          "Plan Width": 8,
          "Actual Startup Time": 143.464,
          "Actual Total Time": 153.126,
          "Actual Rows": 4,
          "Actual Loops": 1,
          "Workers Planned": 3,
          "Workers Launched": 3,
          "Single Copy": false,
          "Plans": [
            {
              "Node Type": "Aggregate",
              "Strategy": "Plain",
              "Partial Mode": "Partial",
              "Parent Relationship": "Outer",
              "Parallel Aware": false,
              "Startup Cost": 44496.75,
              "Total Cost": 44496.76,
              "Plan Rows": 1,
              "Plan Width": 8,
              "Actual Startup Time": 137.3,
              "Actual Total Time": 137.301,
              "Actual Rows": 1,
              "Actual Loops": 4,
              "Plans": [
                {
                  "Node Type": "Seq Scan",
                  "Parent Relationship": "Outer",
                  "Parallel Aware": true,
                  "Relation Name": "movie_keyword",
                  "Alias": "mk",
                  "Startup Cost": 0.0,
                  "Total Cost": 42695.65,
                  "Plan Rows": 720440,
                  "Plan Width": 0,
                  "Actual Startup Time": 0.446,
                  "Actual Total Time": 111.981,
                  "Actual Rows": 558162,
                  "Actual Loops": 4,
                  "Filter": "(keyword_id > 4885)",
                  "Rows Removed by Filter": 572820
                }
              ]
            }
          ]
        }
      ]
    },
    "Planning Time": 0.183,
    "Triggers": [],
    "Execution Time": 153.189
  }
]