[
  {
    "Plan": {
      "Node Type": "Aggregate",
      "Strategy": "Plain",
      "Partial Mode": "Finalize",
      "Parallel Aware": false,
      "Startup Cost": 40699.1,
      "Total Cost": 40699.11,
      "Plan Rows": 1,
      "Plan Width": 8,
      "Actual Startup Time": 135.112,
      "Actual Total Time": 145.438,
      "Actual Rows": 1,
      "Actual Loops": 1,
      "Plans": [
        {
          "Node Type": "Gather",
          "Parent Relationship": "Outer",
          "Parallel Aware": false,
          "Startup Cost": 40698.88,
          "Total Cost": 40699.09,
          "Plan Rows": 2,
          "Plan Width": 8,
          "Actual Startup Time": 133.552,
          "Actual Total Time": 145.43,
          "Actual Rows": 3,
          "Actual Loops": 1,
          "Workers Planned": 2,
          "Workers Launched": 2,
          "Single Copy": false,
          "Plans": [
            {
              "Node Type": "Aggregate",
              "Strategy": "Plain",
              "Partial Mode": "Partial",
              "Parent Relationship": "Outer",
              "Parallel Aware": false,
              "Startup Cost": 39698.88,
              "Total Cost": 39698.89,
              "Plan Rows": 1,
              "Plan Width": 8,
              "Actual Startup Time": 130.159,
              "Actual Total Time": 130.163,
              "Actual Rows": 1,
              "Actual Loops": 3,
              "Plans": [
                {
                  "Node Type": "Nested Loop",
                  "Parent Relationship": "Outer",
                  "Parallel Aware": false,
                  "Join Type": "Inner",
                  "Startup Cost": 17747.8,
                  "Total Cost": 39697.94,
                  "Plan Rows": 377,
                  "Plan Width": 0,
                  "Actual Startup Time": 99.926,
                  "Actual Total Time": 130.128,
                  "Actual Rows": 156,
                  "Actual Loops": 3,
                  "Inner Unique": true,
                  "Plans": [
                    {
                      "Node Type": "Hash Join",
                      "Parent Relationship": "Outer",
                      "Parallel Aware": true,
                      "Join Type": "Inner",
                      "Startup Cost": 17747.37,
                      "Total Cost": 36189.63,
                      "Plan Rows": 4175,
                      "Plan Width": 8,
                      "Actual Startup Time": 99.78,
                      "Actual Total Time": 112.462,
                      "Actual Rows": 2116,
                      "Actual Loops": 3,
                      "Inner Unique": false,
                      "Hash Cond": "(mk.movie_id = mi_idx.movie_id)",
                      "Plans": [
                        {
                          "Node Type": "Bitmap Heap Scan",
                          "Parent Relationship": "Outer",
                          "Parallel Aware": true,
                          "Relation Name": "movie_keyword",
                          "Alias": "mk",
                          "Startup Cost": 207.23,
                          "Total Cost": 18617.01,
                          "Plan Rows": 4021,
                          "Plan Width": 4,
                          "Actual Startup Time": 3.165,
                          "Actual Total Time": 13.089,
                          "Actual Rows": 2443,
                          "Actual Loops": 3,
                          "Recheck Cond": "(keyword_id = 229)",
                          "Rows Removed by Index Recheck": 0,
                          "Exact Heap Blocks": 3370,
                          "Lossy Heap Blocks": 0,
                          "Plans": [
                            {
                              "Node Type": "Bitmap Index Scan",
                              "Parent Relationship": "Outer",
                              "Parallel Aware": false,
                              "Index Name": "keyword_id_movie_keyword",
                              "Startup Cost": 0.0,
                              "Total Cost": 204.81,
                              "Plan Rows": 9651,
                              "Plan Width": 0,
                              "Actual Startup Time": 2.402,
                              "Actual Total Time": 2.403,
                              "Actual Rows": 7328,
                              "Actual Loops": 1,
                              "Index Cond": "(keyword_id = 229)"
                            }
                          ]
                        },
                        {
                          "Node Type": "Hash",
                          "Parent Relationship": "Inner",
                          "Parallel Aware": true,
                          "Startup Cost": 15122.68,
                          "Total Cost": 15122.68,
                          "Plan Rows": 193397,
                          "Plan Width": 4,
                          "Actual Startup Time": 94.318,
                          "Actual Total Time": 94.319,
                          "Actual Rows": 153395,
                          "Actual Loops": 3,
                          "Hash Buckets": 524288,
                          "Original Hash Buckets": 524288,
                          "Hash Batches": 1,
                          "Original Hash Batches": 1,
                          "Peak Memory Usage": 22144,
                          "Plans": [
                            {
                              "Node Type": "Seq Scan",
                              "Parent Relationship": "Outer",
                              "Parallel Aware": true,
                              "Relation Name": "movie_info_idx",
                              "Alias": "mi_idx",
                              "Startup Cost": 0.0,
                              "Total Cost": 15122.68,
                              "Plan Rows": 193397,
                              "Plan Width": 4,
                              "Actual Startup Time": 0.026,
                              "Actual Total Time": 48.848,
                              "Actual Rows": 153395,
                              "Actual Loops": 3,
                              "Filter": "(info_type_id > 100)",
                              "Rows Removed by Filter": 306617
                            }
                          ]
                        }
                      ]
                    },
                    {
                      "Node Type": "Index Scan",
                      "Parent Relationship": "Inner",
                      "Parallel Aware": false,
                      "Scan Direction": "Forward",
                      "Index Name": "title_pkey",
                      "Relation Name": "title",
                      "Alias": "t",
                      "Startup Cost": 0.43,
                      "Total Cost": 0.84,
                      "Plan Rows": 1,
                      "Plan Width": 4,
                      "Actual Startup Time": 0.008,
                      "Actual Total Time": 0.008,
                      "Actual Rows": 0,
                      "Actual Loops": 6348,
                      "Index Cond": "(id = mi_idx.movie_id)",
                      "Rows Removed by Index Recheck": 0,
                      "Filter": "((production_year > 1968) AND (kind_id = 7))",
                      "Rows Removed by Filter": 1
                    }
                  ]
                }
              ]
            }
          ]
        }
      ]
    },
    "Planning Time": 0.62,
    "Triggers": [],
    "Execution Time": 145.498
  }
]