[
    {
        "Bao": {
            "Bao prediction": "NaN",
            "Bao recommended hint": "(no hint)"
        }
    },
    {
        "Plan": {
            "Node Type": "Aggregate",
            "Strategy": "Plain",
            "Partial Mode": "Finalize",
            "Parallel Aware": false,
            "Startup Cost": 29711.12,
            "Total Cost": 29711.13,
            "Plan Rows": 1,
            "Plan Width": 8,
            "Actual Startup Time": 70.133,
            "Actual Total Time": 74.103,
            "Actual Rows": 1,
            "Actual Loops": 1,
            "Output": [
                "count(*)"
            ],
            "Plans": [
                {
                    "Node Type": "Gather",
                    "Parent Relationship": "Outer",
                    "Parallel Aware": false,
                    "Startup Cost": 29710.8,
                    "Total Cost": 29711.11,
                    "Plan Rows": 3,
                    "Plan Width": 8,
                    "Actual Startup Time": 69.945,
                    "Actual Total Time": 74.094,
                    "Actual Rows": 4,
                    "Actual Loops": 1,
                    "Output": [
                        "(PARTIAL count(*))"
                    ],
                    "Workers Planned": 3,
                    "Workers Launched": 3,
                    "Single Copy": false,
                    "Plans": [
                        {
                            "Node Type": "Aggregate",
                            "Strategy": "Plain",
                            "Partial Mode": "Partial",
                            "Parent Relationship": "Outer",
                            "Parallel Aware": false,
                            "Startup Cost": 28710.8,
                            "Total Cost": 28710.81,
                            "Plan Rows": 1,
                            "Plan Width": 8,
                            "Actual Startup Time": 61.308,
                            "Actual Total Time": 61.309,
                            "Actual Rows": 1,
                            "Actual Loops": 4,
                            "Output": [
                                "PARTIAL count(*)"
                            ],
                            "Workers": [
                                {
                                    "Worker Number": 0,
                                    "Actual Startup Time": 58.364,
                                    "Actual Total Time": 58.366,
                                    "Actual Rows": 1,
                                    "Actual Loops": 1
                                },
                                {
                                    "Worker Number": 1,
                                    "Actual Startup Time": 58.686,
                                    "Actual Total Time": 58.688,
                                    "Actual Rows": 1,
                                    "Actual Loops": 1
                                },
                                {
                                    "Worker Number": 2,
                                    "Actual Startup Time": 58.705,
                                    "Actual Total Time": 58.706,
                                    "Actual Rows": 1,
                                    "Actual Loops": 1
                                }
                            ],
                            "Plans": [
                                {
                                    "Node Type": "Bitmap Heap Scan",
                                    "Parent Relationship": "Outer",
                                    "Parallel Aware": true,
                                    "Relation Name": "movie_keyword",
                                    "Schema": "public",
                                    "Alias": "mk",
                                    "Startup Cost": 3466.39,
                                    "Total Cost": 28579.06,
                                    "Plan Rows": 52694,
                                    "Plan Width": 0,
                                    "Actual Startup Time": 10.176,
                                    "Actual Total Time": 58.516,
                                    "Actual Rows": 38522,
                                    "Actual Loops": 4,
                                    "Recheck Cond": "(mk.keyword_id > 73401)",
                                    "Rows Removed by Index Recheck": 0,
                                    "Exact Heap Blocks": 10525,
                                    "Lossy Heap Blocks": 0,
                                    "Workers": [
                                        {
                                            "Worker Number": 0,
                                            "Actual Startup Time": 7.308,
                                            "Actual Total Time": 55.924,
                                            "Actual Rows": 21293,
                                            "Actual Loops": 1
                                        },
                                        {
                                            "Worker Number": 1,
                                            "Actual Startup Time": 7.591,
                                            "Actual Total Time": 56.218,
                                            "Actual Rows": 24585,
                                            "Actual Loops": 1
                                        },
                                        {
                                            "Worker Number": 2,
                                            "Actual Startup Time": 7.654,
                                            "Actual Total Time": 56.266,
                                            "Actual Rows": 24468,
                                            "Actual Loops": 1
                                        }
                                    ],
                                    "Plans": [
                                        {
                                            "Node Type": "Bitmap Index Scan",
                                            "Parent Relationship": "Outer",
                                            "Parallel Aware": false,
                                            "Index Name": "keyword_id_movie_keyword",
                                            "Startup Cost": 0.0,
                                            "Total Cost": 3425.56,
                                            "Plan Rows": 163350,
                                            "Plan Width": 0,
                                            "Actual Startup Time": 14.839,
                                            "Actual Total Time": 14.839,
                                            "Actual Rows": 154086,
                                            "Actual Loops": 1,
                                            "Index Cond": "(mk.keyword_id > 73401)"
                                        }
                                    ]
                                }
                            ]
                        }
                    ]
                }
            ]
        },
        "Planning Time": 225.913,
        "Triggers": [],
        "Execution Time": 74.218
    }
]