[
  {
    "Plan": {
      "Node Type": "Aggregate",
      "Strategy": "Plain",
      "Partial Mode": "Finalize",
      "Parallel Aware": false,
      "Startup Cost": 26796.91,
      "Total Cost": 26796.92,
      "Plan Rows": 1,
      "Plan Width": 8,
      "Actual Startup Time": 56.621,
      "Actual Total Time": 60.246,
      "Actual Rows": 1,
      "Actual Loops": 1,
      "Plans": [
        {
          "Node Type": "Gather",
          "Parent Relationship": "Outer",
          "Parallel Aware": false,
          "Startup Cost": 26796.59,
          "Total Cost": 26796.9,
          "Plan Rows": 3,
          "Plan Width": 8,
          "Actual Startup Time": 56.493,
          "Actual Total Time": 60.241,
          "Actual Rows": 4,
          "Actual Loops": 1,
          "Workers Planned": 3,
          "Workers Launched": 3,
          "Single Copy": false,
          "Plans": [
            {
              "Node Type": "Aggregate",
              "Strategy": "Plain",
              "Partial Mode": "Partial",
              "Parent Relationship": "Outer",
              "Parallel Aware": false,
              "Startup Cost": 25796.59,
              "Total Cost": 25796.6,
              "Plan Rows": 1,
              "Plan Width": 8,
              "Actual Startup Time": 51.451,
              "Actual Total Time": 51.452,
              "Actual Rows": 1,
              "Actual Loops": 4,
              "Plans": [
                {
                  "Node Type": "Bitmap Heap Scan",
                  "Parent Relationship": "Outer",
                  "Parallel Aware": true,
                  "Relation Name": "movie_companies",
                  "Alias": "mc",
                  "Startup Cost": 5728.12,
                  "Total Cost": 25583.51,
                  "Plan Rows": 85232,
                  "Plan Width": 0,
                  "Actual Startup Time": 18.814,
                  "Actual Total Time": 46.499,
                  "Actual Rows": 66966,
                  "Actual Loops": 4,
                  "Recheck Cond": "(company_id > 98065)",
                  "Rows Removed by Index Recheck": 0,
                  "Exact Heap Blocks": 2598,
                  "Lossy Heap Blocks": 0,
                  "Plans": [
                    {
                      "Node Type": "Bitmap Index Scan",
                      "Parent Relationship": "Outer",
                      "Parallel Aware": false,
                      "Index Name": "company_id_movie_companies",
                      "Startup Cost": 0.0,
                      "Total Cost": 5662.07,
                      "Plan Rows": 264218,
                      "Plan Width": 0,
                      "Actual Startup Time": 22.218,
                      "Actual Total Time": 22.219,
                      "Actual Rows": 267865,
                      "Actual Loops": 1,
                      "Index Cond": "(company_id > 98065)"
                    }
                  ]
                }
              ]
            }
          ]
        }
      ]
    },
    "Planning Time": 0.081,
    "Triggers": [],
    "Execution Time": 60.284
  }
]