[
  {
    "Plan": {
      "Node Type": "Aggregate",
      "Strategy": "Plain",
      "Partial Mode": "Finalize",
      "Parallel Aware": false,
      "Startup Cost": 33278.72,
      "Total Cost": 33278.73,
      "Plan Rows": 1,
      "Plan Width": 8,
      "Actual Startup Time": 82.044,
      "Actual Total Time": 88.085,
      "Actual Rows": 1,
      "Actual Loops": 1,
      "Plans": [
        {
          "Node Type": "Gather",
          "Parent Relationship": "Outer",
          "Parallel Aware": false,
          "Startup Cost": 33278.41,
          "Total Cost": 33278.72,
          "Plan Rows": 3,
          "Plan Width": 8,
          "Actual Startup Time": 81.954,
          "Actual Total Time": 88.08,
          "Actual Rows": 4,
          "Actual Loops": 1,
          "Workers Planned": 3,
          "Workers Launched": 3,
          "Single Copy": false,
          "Plans": [
            {
              "Node Type": "Aggregate",
              "Strategy": "Plain",
              "Partial Mode": "Partial",
              "Parent Relationship": "Outer",
              "Parallel Aware": false,
              "Startup Cost": 32278.41,
              "Total Cost": 32278.42,
              "Plan Rows": 1,
              "Plan Width": 8,
              "Actual Startup Time": 78.893,
              "Actual Total Time": 78.894,
              "Actual Rows": 1,
              "Actual Loops": 4,
              "Plans": [
                {
                  "Node Type": "Seq Scan",
                  "Parent Relationship": "Outer",
                  "Parallel Aware": true,
                  "Relation Name": "movie_companies",
                  "Alias": "mc",
                  "Startup Cost": 0.0,
                  "Total Cost": 31414.82,
                  "Plan Rows": 345435,
                  "Plan Width": 0,
                  "Actual Startup Time": 32.626,
                  "Actual Total Time": 66.784,
                  "Actual Rows": 299633,
                  "Actual Loops": 4,
                  "Filter": "((company_id > 451) AND (company_type_id > 1))",
                  "Rows Removed by Filter": 352649
                }
              ]
            }
          ]
        }
      ]
    },
    "Planning Time": 0.077,
    "Triggers": [],
    "Execution Time": 88.11
  }
]