[
  {
    "Plan": {
      "Node Type": "Aggregate",
      "Strategy": "Plain",
      "Partial Mode": "Simple",
      "Parallel Aware": false,
      "Startup Cost": 1355978.47,
      "Total Cost": 1355978.48,
      "Plan Rows": 1,
      "Plan Width": 96,
      "Actual Startup Time": 7540.659,
      "Actual Total Time": 7600.758,
      "Actual Rows": 1,
      "Actual Loops": 1,
      "Plans": [
        {
          "Node Type": "Merge Join",
          "Parent Relationship": "Outer",
          "Parallel Aware": false,
          "Join Type": "Inner",
          "Startup Cost": 1355960.3,
          "Total Cost": 1355978.46,
          "Plan Rows": 1,
          "Plan Width": 48,
          "Actual Startup Time": 7540.62,
          "Actual Total Time": 7600.723,
          "Actual Rows": 12,
          "Actual Loops": 1,
          "Inner Unique": false,
          "Merge Cond": "(ci.movie_id = t.id)",
          "Plans": [
            {
              "Node Type": "Sort",
              "Parent Relationship": "Outer",
              "Parallel Aware": false,
              "Startup Cost": 1133372.62,
              "Total Cost": 1133381.69,
              "Plan Rows": 3628,
              "Plan Width": 19,
              "Actual Startup Time": 6148.865,
              "Actual Total Time": 6149.191,
              "Actual Rows": 445,
              "Actual Loops": 1,
              "Sort Key": [
                "ci.movie_id"
              ],
              "Sort Method": "quicksort",
              "Sort Space Used": 62,
              "Sort Space Type": "Memory",
              "Plans": [
                {
                  "Node Type": "Gather",
                  "Parent Relationship": "Outer",
                  "Parallel Aware": false,
                  "Startup Cost": 1102569.15,
                  "Total Cost": 1133158.11,
                  "Plan Rows": 3628,
                  "Plan Width": 19,
                  "Actual Startup Time": 6089.288,
                  "Actual Total Time": 6148.656,
                  "Actual Rows": 486,
                  "Actual Loops": 1,
                  "Workers Planned": 6,
                  "Workers Launched": 6,
                  "Single Copy": false,
                  "Plans": [
                    {
                      "Node Type": "Merge Join",
                      "Parent Relationship": "Outer",
                      "Parallel Aware": false,
                      "Join Type": "Inner",
                      "Startup Cost": 1101569.15,
                      "Total Cost": 1131795.31,
                      "Plan Rows": 605,
                      "Plan Width": 19,
                      "Actual Startup Time": 5941.154,
                      "Actual Total Time": 5941.193,
                      "Actual Rows": 69,
                      "Actual Loops": 7,
                      "Inner Unique": true,
                      "Merge Cond": "(ci.person_id = n.id)",
                      "Plans": [
                        {
                          "Node Type": "Sort",
                          "Parent Relationship": "Outer",
                          "Parallel Aware": false,
                          "Startup Cost": 993845.26,
                          "Total Cost": 1008954.3,
                          "Plan Rows": 6043616,
                          "Plan Width": 8,
                          "Actual Startup Time": 4550.92,
                          "Actual Total Time": 4613.968,
                          "Actual Rows": 614802,
                          "Actual Loops": 7,
                          "Sort Key": [
                            "ci.person_id"
                          ],
                          "Sort Method": "quicksort",
                          "Sort Space Used": 468421,
                          "Sort Space Type": "Memory",
                          "Workers": [
                            {
                              "Worker Number": 0,
                              "Sort Method": "quicksort",
                              "Sort Space Used": 424038,
                              "Sort Space Type": "Memory"
                            },
                            {
                              "Worker Number": 1,
                              "Sort Method": "quicksort",
                              "Sort Space Used": 435796,
                              "Sort Space Type": "Memory"
                            },
                            {
                              "Worker Number": 2,
                              "Sort Method": "quicksort",
                              "Sort Space Used": 405945,
                              "Sort Space Type": "Memory"
                            },
                            {
                              "Worker Number": 3,
                              "Sort Method": "quicksort",
                              "Sort Space Used": 415691,
                              "Sort Space Type": "Memory"
                            },
                            {
                              "Worker Number": 4,
                              "Sort Method": "quicksort",
                              "Sort Space Used": 457630,
                              "Sort Space Type": "Memory"
                            },
                            {
                              "Worker Number": 5,
                              "Sort Method": "quicksort",
                              "Sort Space Used": 467693,
                              "Sort Space Type": "Memory"
                            }
                          ],
                          "Plans": [
                            {
                              "Node Type": "Seq Scan",
                              "Parent Relationship": "Outer",
                              "Parallel Aware": true,
                              "Relation Name": "cast_info",
                              "Alias": "ci",
                              "Startup Cost": 0.0,
                              "Total Cost": 313123.16,
                              "Plan Rows": 6043616,
                              "Plan Width": 8,
                              "Actual Startup Time": 0.088,
                              "Actual Total Time": 1710.579,
                              "Actual Rows": 5177763,
                              "Actual Loops": 7
                            }
                          ]
                        },
                        {
                          "Node Type": "Sort",
                          "Parent Relationship": "Inner",
                          "Parallel Aware": false,
                          "Startup Cost": 107723.89,
                          "Total Cost": 107724.93,
                          "Plan Rows": 417,
                          "Plan Width": 19,
                          "Actual Startup Time": 1289.037,
                          "Actual Total Time": 1289.042,
                          "Actual Rows": 2,
                          "Actual Loops": 7,
                          "Sort Key": [
                            "n.id"
                          ],
                          "Sort Method": "quicksort",
                          "Sort Space Used": 25,
                          "Sort Space Type": "Memory",
                          "Workers": [
                            {
                              "Worker Number": 0,
                              "Sort Method": "quicksort",
                              "Sort Space Used": 25,
                              "Sort Space Type": "Memory"
                            },
                            {
                              "Worker Number": 1,
                              "Sort Method": "quicksort",
                              "Sort Space Used": 25,
                              "Sort Space Type": "Memory"
                            },
                            {
                              "Worker Number": 2,
                              "Sort Method": "quicksort",
                              "Sort Space Used": 25,
                              "Sort Space Type": "Memory"
                            },
                            {
                              "Worker Number": 3,
                              "Sort Method": "quicksort",
                              "Sort Space Used": 25,
                              "Sort Space Type": "Memory"
                            },
                            {
                              "Worker Number": 4,
                              "Sort Method": "quicksort",
                              "Sort Space Used": 25,
                              "Sort Space Type": "Memory"
                            },
                            {
                              "Worker Number": 5,
                              "Sort Method": "quicksort",
                              "Sort Space Used": 25,
                              "Sort Space Type": "Memory"
                            }
                          ],
                          "Plans": [
                            {
                              "Node Type": "Seq Scan",
                              "Parent Relationship": "Outer",
                              "Parallel Aware": false,
                              "Relation Name": "name",
                              "Alias": "n",
                              "Startup Cost": 0.0,
                              "Total Cost": 107705.74,
                              "Plan Rows": 417,
                              "Plan Width": 19,
                              "Actual Startup Time": 141.71,
                              "Actual Total Time": 1288.961,
                              "Actual Rows": 2,
                              "Actual Loops": 7,
                              "Filter": "(name ~~ '%Downey%Robert%'::text)",
                              "Rows Removed by Filter": 4167489
                            }
                          ]
                        }
                      ]
                    }
                  ]
                }
              ]
            },
            {
              "Node Type": "Sort",
              "Parent Relationship": "Inner",
              "Parallel Aware": false,
              "Startup Cost": 222587.69,
              "Total Cost": 222587.69,
              "Plan Rows": 1,
              "Plan Width": 41,
              "Actual Startup Time": 1391.608,
              "Actual Total Time": 1451.469,
              "Actual Rows": 42,
              "Actual Loops": 1,
              "Sort Key": [
                "mk.movie_id"
              ],
              "Sort Method": "quicksort",
              "Sort Space Used": 28,
              "Sort Space Type": "Memory",
              "Plans": [
                {
                  "Node Type": "Gather",
                  "Parent Relationship": "Outer",
                  "Parallel Aware": false,
                  "Startup Cost": 222581.8,
                  "Total Cost": 222587.68,
                  "Plan Rows": 1,
                  "Plan Width": 41,
                  "Actual Startup Time": 1381.963,
                  "Actual Total Time": 1451.408,
                  "Actual Rows": 36,
                  "Actual Loops": 1,
                  "Workers Planned": 3,
                  "Workers Launched": 3,
                  "Single Copy": false,
                  "Plans": [
                    {
                      "Node Type": "Merge Join",
                      "Parent Relationship": "Outer",
                      "Parallel Aware": false,
                      "Join Type": "Inner",
                      "Startup Cost": 221581.8,
                      "Total Cost": 221587.58,
                      "Plan Rows": 1,
                      "Plan Width": 41,
                      "Actual Startup Time": 1369.424,
                      "Actual Total Time": 1369.473,
                      "Actual Rows": 9,
                      "Actual Loops": 4,
                      "Inner Unique": true,
                      "Merge Cond": "(mk.keyword_id = k.id)",
                      "Plans": [
                        {
                          "Node Type": "Sort",
                          "Parent Relationship": "Outer",
                          "Parallel Aware": false,
                          "Startup Cost": 217949.26,
                          "Total Cost": 217952.13,
                          "Plan Rows": 1149,
                          "Plan Width": 29,
                          "Actual Startup Time": 1337.337,
                          "Actual Total Time": 1337.377,
                          "Actual Rows": 164,
                          "Actual Loops": 4,
                          "Sort Key": [
                            "mk.keyword_id"
                          ],
                          "Sort Method": "quicksort",
                          "Sort Space Used": 60,
                          "Sort Space Type": "Memory",
                          "Workers": [
                            {
                              "Worker Number": 0,
                              "Sort Method": "quicksort",
                              "Sort Space Used": 52,
                              "Sort Space Type": "Memory"
                            },
                            {
                              "Worker Number": 1,
                              "Sort Method": "quicksort",
                              "Sort Space Used": 35,
                              "Sort Space Type": "Memory"
                            },
                            {
                              "Worker Number": 2,
                              "Sort Method": "quicksort",
                              "Sort Space Used": 35,
                              "Sort Space Type": "Memory"
                            }
                          ],
                          "Plans": [
                            {
                              "Node Type": "Merge Join",
                              "Parent Relationship": "Outer",
                              "Parallel Aware": false,
                              "Join Type": "Inner",
                              "Startup Cost": 67710.68,
                              "Total Cost": 217890.86,
                              "Plan Rows": 1149,
                              "Plan Width": 29,
                              "Actual Startup Time": 937.345,
                              "Actual Total Time": 1337.018,
                              "Actual Rows": 264,
                              "Actual Loops": 4,
                              "Inner Unique": true,
                              "Merge Cond": "(mk.movie_id = t.id)",
                              "Plans": [
                                {
                                  "Node Type": "Index Scan",
                                  "Parent Relationship": "Outer",
                                  "Parallel Aware": true,
                                  "Scan Direction": "Forward",
                                  "Index Name": "movie_id_movie_keyword",
                                  "Relation Name": "movie_keyword",
                                  "Alias": "mk",
                                  "Startup Cost": 0.43,
                                  "Total Cost": 146510.84,
                                  "Plan Rows": 1459332,
                                  "Plan Width": 8,
                                  "Actual Startup Time": 0.211,
                                  "Actual Total Time": 396.047,
                                  "Actual Rows": 1126972,
                                  "Actual Loops": 4
                                },
                                {
                                  "Node Type": "Sort",
                                  "Parent Relationship": "Inner",
                                  "Parallel Aware": false,
                                  "Startup Cost": 67710.25,
                                  "Total Cost": 67715.23,
                                  "Plan Rows": 1991,
                                  "Plan Width": 21,
                                  "Actual Startup Time": 865.082,
                                  "Actual Total Time": 865.24,
                                  "Actual Rows": 438,
                                  "Actual Loops": 4,
                                  "Sort Key": [
                                    "t.id"
                                  ],
                                  "Sort Method": "quicksort",
                                  "Sort Space Used": 55,
                                  "Sort Space Type": "Memory",
                                  "Workers": [
                                    {
                                      "Worker Number": 0,
                                      "Sort Method": "quicksort",
                                      "Sort Space Used": 55,
                                      "Sort Space Type": "Memory"
                                    },
                                    {
                                      "Worker Number": 1,
                                      "Sort Method": "quicksort",
                                      "Sort Space Used": 55,
                                      "Sort Space Type": "Memory"
                                    },
                                    {
                                      "Worker Number": 2,
                                      "Sort Method": "quicksort",
                                      "Sort Space Used": 55,
                                      "Sort Space Type": "Memory"
                                    }
                                  ],
                                  "Plans": [
                                    {
                                      "Node Type": "Seq Scan",
                                      "Parent Relationship": "Outer",
                                      "Parallel Aware": false,
                                      "Relation Name": "title",
                                      "Alias": "t",
                                      "Startup Cost": 0.0,
                                      "Total Cost": 67601.15,
                                      "Plan Rows": 1991,
                                      "Plan Width": 21,
                                      "Actual Startup Time": 94.923,
                                      "Actual Total Time": 864.581,
                                      "Actual Rows": 438,
                                      "Actual Loops": 4,
                                      "Filter": "(production_year > 2014)",
                                      "Rows Removed by Filter": 2527874
                                    }
                                  ]
                                }
                              ]
                            }
                          ]
                        },
                        {
                          "Node Type": "Sort",
                          "Parent Relationship": "Inner",
                          "Parallel Aware": false,
                          "Startup Cost": 3632.52,
                          "Total Cost": 3632.54,
                          "Plan Rows": 8,
                          "Plan Width": 20,
                          "Actual Startup Time": 32.045,
                          "Actual Total Time": 32.048,
                          "Actual Rows": 8,
                          "Actual Loops": 4,
                          "Sort Key": [
                            "k.id"
                          ],
                          "Sort Method": "quicksort",
                          "Sort Space Used": 25,
                          "Sort Space Type": "Memory",
                          "Workers": [
                            {
                              "Worker Number": 0,
                              "Sort Method": "quicksort",
                              "Sort Space Used": 25,
                              "Sort Space Type": "Memory"
                            },
                            {
                              "Worker Number": 1,
                              "Sort Method": "quicksort",
                              "Sort Space Used": 25,
                              "Sort Space Type": "Memory"
                            },
                            {
                              "Worker Number": 2,
                              "Sort Method": "quicksort",
                              "Sort Space Used": 25,
                              "Sort Space Type": "Memory"
                            }
                          ],
                          "Plans": [
                            {
                              "Node Type": "Seq Scan",
                              "Parent Relationship": "Outer",
                              "Parallel Aware": false,
                              "Relation Name": "keyword",
                              "Alias": "k",
                              "Startup Cost": 0.0,
                              "Total Cost": 3632.4,
                              "Plan Rows": 8,
                              "Plan Width": 20,
                              "Actual Startup Time": 0.218,
                              "Actual Total Time": 31.984,
                              "Actual Rows": 8,
                              "Actual Loops": 4,
                              "Filter": "(keyword = ANY ('{superhero,sequel,second-part,marvel-comics,based-on-comic,tv-special,fight,violence}'::text[]))",
                              "Rows Removed by Filter": 134162
                            }
                          ]
                        }
                      ]
                    }
                  ]
                }
              ]
            }
          ]
        }
      ]
    },
    "Planning Time": 8.875,
    "Triggers": [],
    "Execution Time": 7661.651
  }
]