[
  {
    "Plan": {
      "Node Type": "Aggregate",
      "Strategy": "Plain",
      "Partial Mode": "Finalize",
      "Parallel Aware": false,
      "Startup Cost": 89631.51,
      "Total Cost": 89631.52,
      "Plan Rows": 1,
      "Plan Width": 8,
      "Actual Startup Time": 284.769,
      "Actual Total Time": 303.515,
      "Actual Rows": 1,
      "Actual Loops": 1,
      "Plans": [
        {
          "Node Type": "Gather",
          "Parent Relationship": "Outer",
          "Parallel Aware": false,
          "Startup Cost": 89631.19,
          "Total Cost": 89631.5,
          "Plan Rows": 3,
          "Plan Width": 8,
          "Actual Startup Time": 284.38,
          "Actual Total Time": 303.494,
          "Actual Rows": 4,
          "Actual Loops": 1,
          "Workers Planned": 3,
          "Workers Launched": 3,
          "Single Copy": false,
          "Plans": [
            {
              "Node Type": "Aggregate",
              "Strategy": "Plain",
              "Partial Mode": "Partial",
              "Parent Relationship": "Outer",
              "Parallel Aware": false,
              "Startup Cost": 88631.19,
              "Total Cost": 88631.2,
              "Plan Rows": 1,
              "Plan Width": 8,
              "Actual Startup Time": 280.266,
              "Actual Total Time": 280.269,
              "Actual Rows": 1,
              "Actual Loops": 4,
              "Plans": [
                {
                  "Node Type": "Hash Join",
                  "Parent Relationship": "Outer",
                  "Parallel Aware": true,
                  "Join Type": "Inner",
                  "Startup Cost": 45666.71,
                  "Total Cost": 88544.79,
                  "Plan Rows": 34561,
                  "Plan Width": 0,
                  "Actual Startup Time": 133.239,
                  "Actual Total Time": 279.183,
                  "Actual Rows": 21582,
                  "Actual Loops": 4,
                  "Inner Unique": true,
                  "Hash Cond": "(mk.movie_id = t.id)",
                  "Plans": [
                    {
                      "Node Type": "Seq Scan",
                      "Parent Relationship": "Outer",
                      "Parallel Aware": true,
                      "Relation Name": "movie_keyword",
                      "Alias": "mk",
                      "Startup Cost": 0.0,
                      "Total Cost": 39047.32,
                      "Plan Rows": 1459332,
                      "Plan Width": 4,
                      "Actual Startup Time": 0.027,
                      "Actual Total Time": 90.846,
                      "Actual Rows": 1130982,
                      "Actual Loops": 4
                    },
                    {
                      "Node Type": "Hash",
                      "Parent Relationship": "Inner",
                      "Parallel Aware": true,
                      "Startup Cost": 45479.59,
                      "Total Cost": 45479.59,
                      "Plan Rows": 14970,
                      "Plan Width": 4,
                      "Actual Startup Time": 96.713,
                      "Actual Total Time": 96.714,
                      "Actual Rows": 15395,
                      "Actual Loops": 4,
                      "Hash Buckets": 65536,
                      "Original Hash Buckets": 65536,
                      "Hash Batches": 1,
                      "Original Hash Batches": 1,
                      "Peak Memory Usage": 3008,
                      "Plans": [
                        {
                          "Node Type": "Seq Scan",
                          "Parent Relationship": "Outer",
                          "Parallel Aware": true,
                          "Relation Name": "title",
                          "Alias": "t",
                          "Startup Cost": 0.0,
                          "Total Cost": 45479.59,
                          "Plan Rows": 14970,
                          "Plan Width": 4,
                          "Actual Startup Time": 41.774,
                          "Actual Total Time": 91.226,
                          "Actual Rows": 15395,
                          "Actual Loops": 4,
                          "Filter": "((production_year > 2011) AND (kind_id = 1))",
                          "Rows Removed by Filter": 616683
                        }
                      ]
                    }
                  ]
                }
              ]
            }
          ]
        }
      ]
    },
    "Planning Time": 0.508,
    "Triggers": [],
    "Execution Time": 303.576
  }
]