[
  {
    "Plan": {
      "Node Type": "Aggregate",
      "Strategy": "Plain",
      "Partial Mode": "Finalize",
      "Parallel Aware": false,
      "Startup Cost": 341128.91,
      "Total Cost": 341128.92,
      "Plan Rows": 1,
      "Plan Width": 8,
      "Actual Startup Time": 743.437,
      "Actual Total Time": 787.041,
      "Actual Rows": 1,
      "Actual Loops": 1,
      "Plans": [
        {
          "Node Type": "Gather",
          "Parent Relationship": "Outer",
          "Parallel Aware": false,
          "Startup Cost": 341128.29,
          "Total Cost": 341128.9,
          "Plan Rows": 6,
          "Plan Width": 8,
          "Actual Startup Time": 743.222,
          "Actual Total Time": 787.032,
          "Actual Rows": 7,
          "Actual Loops": 1,
          "Workers Planned": 6,
          "Workers Launched": 6,
          "Single Copy": false,
          "Plans": [
            {
              "Node Type": "Aggregate",
              "Strategy": "Plain",
              "Partial Mode": "Partial",
              "Parent Relationship": "Outer",
              "Parallel Aware": false,
              "Startup Cost": 340128.29,
              "Total Cost": 340128.3,
              "Plan Rows": 1,
              "Plan Width": 8,
              "Actual Startup Time": 737.514,
              "Actual Total Time": 737.515,
              "Actual Rows": 1,
              "Actual Loops": 7,
              "Plans": [
                {
                  "Node Type": "Seq Scan",
                  "Parent Relationship": "Outer",
                  "Parallel Aware": true,
                  "Relation Name": "cast_info",
                  "Alias": "ci",
                  "Startup Cost": 0.0,
                  "Total Cost": 328211.39,
                  "Plan Rows": 4766759,
                  "Plan Width": 0,
                  "Actual Startup Time": 81.349,
                  "Actual Total Time": 565.291,
                  "Actual Rows": 4066540,
                  "Actual Loops": 7,
                  "Filter": "(person_id > 757308)",
                  "Rows Removed by Filter": 1111224
                }
              ]
            }
          ]
        }
      ]
    },
    "Planning Time": 0.094,
    "Triggers": [],
    "Execution Time": 787.082
  }
]