[
  {
    "Plan": {
      "Node Type": "Aggregate",
      "Strategy": "Plain",
      "Partial Mode": "Finalize",
      "Parallel Aware": false,
      "Startup Cost": 342297.88,
      "Total Cost": 342297.89,
      "Plan Rows": 1,
      "Plan Width": 8,
      "Actual Startup Time": 939.027,
      "Actual Total Time": 1005.931,
      "Actual Rows": 1,
      "Actual Loops": 1,
      "Plans": [
        {
          "Node Type": "Gather",
          "Parent Relationship": "Outer",
          "Parallel Aware": false,
          "Startup Cost": 342297.25,
          "Total Cost": 342297.86,
          "Plan Rows": 6,
          "Plan Width": 8,
          "Actual Startup Time": 938.834,
          "Actual Total Time": 1005.914,
          "Actual Rows": 7,
          "Actual Loops": 1,
          "Workers Planned": 6,
          "Workers Launched": 6,
          "Single Copy": false,
          "Plans": [
            {
              "Node Type": "Aggregate",
              "Strategy": "Plain",
              "Partial Mode": "Partial",
              "Parent Relationship": "Outer",
              "Parallel Aware": false,
              "Startup Cost": 341297.25,
              "Total Cost": 341297.26,
              "Plan Rows": 1,
              "Plan Width": 8,
              "Actual Startup Time": 928.988,
              "Actual Total Time": 928.989,
              "Actual Rows": 1,
              "Actual Loops": 7,
              "Plans": [
                {
                  "Node Type": "Seq Scan",
                  "Parent Relationship": "Outer",
                  "Parallel Aware": true,
                  "Relation Name": "cast_info",
                  "Alias": "ci",
                  "Startup Cost": 0.0,
                  "Total Cost": 328211.39,
                  "Plan Rows": 5234345,
                  "Plan Width": 0,
                  "Actual Startup Time": 0.066,
                  "Actual Total Time": 710.376,
                  "Actual Rows": 4490190,
                  "Actual Loops": 7,
                  "Filter": "(person_id < 3195205)",
                  "Rows Removed by Filter": 687574
                }
              ]
            }
          ]
        }
      ]
    },
    "Planning Time": 0.209,
    "Triggers": [],
    "Execution Time": 1006.008
  }
]