{
  "Plan": {
    "Node Type": "Aggregate",
    "Strategy": "Plain",
    "Partial Mode": "Finalize",
    "Parallel Aware": false,
    "Startup Cost": 49790.28,
    "Total Cost": 49790.29,
    "Plan Rows": 1,
    "Plan Width": 8,
    "Actual Startup Time": 46.048,
    "Actual Total Time": 51.972,
    "Actual Rows": 1,
    "Actual Loops": 1,
    "Plans": [
      {
        "Node Type": "Gather",
        "Parent Relationship": "Outer",
        "Parallel Aware": false,
        "Startup Cost": 49790.17,
        "Total Cost": 49790.28,
        "Plan Rows": 1,
        "Plan Width": 8,
        "Actual Startup Time": 45.947,
        "Actual Total Time": 51.966,
        "Actual Rows": 2,
        "Actual Loops": 1,
        "Workers Planned": 1,
        "Workers Launched": 1,
        "Single Copy": false,
        "Plans": [
          {
            "Node Type": "Aggregate",
            "Strategy": "Plain",
            "Partial Mode": "Partial",
            "Parent Relationship": "Outer",
            "Parallel Aware": false,
            "Startup Cost": 48790.17,
            "Total Cost": 48790.18,
            "Plan Rows": 1,
            "Plan Width": 8,
            "Actual Startup Time": 39.669,
            "Actual Total Time": 39.671,
            "Actual Rows": 1,
            "Actual Loops": 2,
            "Plans": [
              {
                "Node Type": "Nested Loop",
                "Parent Relationship": "Outer",
                "Parallel Aware": false,
                "Join Type": "Inner",
                "Startup Cost": 173.95,
                "Total Cost": 48781.5,
                "Plan Rows": 3467,
                "Plan Width": 0,
                "Actual Startup Time": 31.121,
                "Actual Total Time": 39.665,
                "Actual Rows": 3,
                "Actual Loops": 2,
                "Inner Unique": false,
                "Plans": [
                  {
                    "Node Type": "Nested Loop",
                    "Parent Relationship": "Outer",
                    "Parallel Aware": false,
                    "Join Type": "Inner",
                    "Startup Cost": 173.52,
                    "Total Cost": 46263.73,
                    "Plan Rows": 593,
                    "Plan Width": 8,
                    "Actual Startup Time": 31.112,
                    "Actual Total Time": 39.65,
                    "Actual Rows": 0,
                    "Actual Loops": 2,
                    "Inner Unique": true,
                    "Plans": [
                      {
                        "Node Type": "Bitmap Heap Scan",
                        "Parent Relationship": "Outer",
                        "Parallel Aware": true,
                        "Relation Name": "movie_companies",
                        "Alias": "mc",
                        "Startup Cost": 173.09,
                        "Total Cost": 14731.76,
                        "Plan Rows": 4604,
                        "Plan Width": 4,
                        "Actual Startup Time": 3.54,
                        "Actual Total Time": 12.197,
                        "Actual Rows": 3576,
                        "Actual Loops": 2,
                        "Recheck Cond": "(company_id = 7851)",
                        "Rows Removed by Index Recheck": 0,
                        "Exact Heap Blocks": 3461,
                        "Lossy Heap Blocks": 0,
                        "Plans": [
                          {
                            "Node Type": "Bitmap Index Scan",
                            "Parent Relationship": "Outer",
                            "Parallel Aware": false,
                            "Index Name": "company_id_movie_companies",
                            "Startup Cost": 0.0,
                            "Total Cost": 171.13,
                            "Plan Rows": 7827,
                            "Plan Width": 0,
                            "Actual Startup Time": 4.703,
                            "Actual Total Time": 4.704,
                            "Actual Rows": 7151,
                            "Actual Loops": 1,
                            "Index Cond": "(company_id = 7851)"
                          }
                        ]
                      },
                      {
                        "Node Type": "Index Scan",
                        "Parent Relationship": "Inner",
                        "Parallel Aware": false,
                        "Scan Direction": "Forward",
                        "Index Name": "title_pkey",
                        "Relation Name": "title",
                        "Alias": "t",
                        "Startup Cost": 0.43,
                        "Total Cost": 6.85,
                        "Plan Rows": 1,
                        "Plan Width": 4,
                        "Actual Startup Time": 0.007,
                        "Actual Total Time": 0.007,
                        "Actual Rows": 0,
                        "Actual Loops": 7151,
                        "Index Cond": "(id = mc.movie_id)",
                        "Rows Removed by Index Recheck": 0,
                        "Filter": "((production_year > 2009) AND (kind_id = 7))",
                        "Rows Removed by Filter": 1
                      }
                    ]
                  },
                  {
                    "Node Type": "Index Only Scan",
                    "Parent Relationship": "Inner",
                    "Parallel Aware": false,
                    "Scan Direction": "Forward",
                    "Index Name": "movie_id_movie_info",
                    "Relation Name": "movie_info",
                    "Alias": "mi",
                    "Startup Cost": 0.43,
                    "Total Cost": 3.83,
                    "Plan Rows": 42,
                    "Plan Width": 4,
                    "Actual Startup Time": 0.014,
                    "Actual Total Time": 0.025,
                    "Actual Rows": 6,
                    "Actual Loops": 1,
                    "Index Cond": "(movie_id = t.id)",
                    "Rows Removed by Index Recheck": 0,
                    "Heap Fetches": 6
                  }
                ]
              }
            ]
          }
        ]
      }
    ]
  },
  "Planning Time": 0.979,
  "Triggers": [],
  "Execution Time": 52.065
}