[
  {
    "Plan": {
      "Node Type": "Aggregate",
      "Strategy": "Plain",
      "Partial Mode": "Simple",
      "Parallel Aware": false,
      "Startup Cost": 20706.99,
      "Total Cost": 20707.0,
      "Plan Rows": 1,
      "Plan Width": 8,
      "Actual Startup Time": 17.869,
      "Actual Total Time": 17.871,
      "Actual Rows": 1,
      "Actual Loops": 1,
      "Plans": [
        {
          "Node Type": "Bitmap Heap Scan",
          "Parent Relationship": "Outer",
          "Parallel Aware": false,
          "Relation Name": "movie_companies",
          "Alias": "mc",
          "Startup Cost": 628.96,
          "Total Cost": 20634.56,
          "Plan Rows": 28972,
          "Plan Width": 0,
          "Actual Startup Time": 3.224,
          "Actual Total Time": 14.36,
          "Actual Rows": 26845,
          "Actual Loops": 1,
          "Recheck Cond": "(company_id > 210409)",
          "Rows Removed by Index Recheck": 0,
          "Exact Heap Blocks": 1118,
          "Lossy Heap Blocks": 0,
          "Plans": [
            {
              "Node Type": "Bitmap Index Scan",
              "Parent Relationship": "Outer",
              "Parallel Aware": false,
              "Index Name": "company_id_movie_companies",
              "Startup Cost": 0.0,
              "Total Cost": 621.72,
              "Plan Rows": 28972,
              "Plan Width": 0,
              "Actual Startup Time": 2.864,
              "Actual Total Time": 2.864,
              "Actual Rows": 26845,
              "Actual Loops": 1,
              "Index Cond": "(company_id > 210409)"
            }
          ]
        }
      ]
    },
    "Planning Time": 0.225,
    "Triggers": [],
    "Execution Time": 17.919
  }
]