{
    "Plan": {
        "Node Type": "Aggregate",
        "Strategy": "Plain",
        "Partial Mode": "Finalize",
        "Parallel Aware": false,
        "Startup Cost": 649672.66,
        "Total Cost": 649672.67,
        "Plan Rows": 1,
        "Plan Width": 8,
        "Actual Startup Time": 7401.173,
        "Actual Total Time": 7484.869,
        "Actual Rows": 1,
        "Actual Loops": 1,
        "Output": [
            "count(*)"
        ],
        "Plans": [
            {
                "Node Type": "Gather",
                "Parent Relationship": "Outer",
                "Parallel Aware": false,
                "Startup Cost": 649672.03,
                "Total Cost": 649672.64,
                "Plan Rows": 6,
                "Plan Width": 8,
                "Actual Startup Time": 7356.61,
                "Actual Total Time": 7484.853,
                "Actual Rows": 7,
                "Actual Loops": 1,
                "Output": [
                    "(PARTIAL count(*))"
                ],
                "Workers Planned": 6,
                "Workers Launched": 6,
                "Single Copy": false,
                "Plans": [
                    {
                        "Node Type": "Aggregate",
                        "Strategy": "Plain",
                        "Partial Mode": "Partial",
                        "Parent Relationship": "Outer",
                        "Parallel Aware": false,
                        "Startup Cost": 648672.03,
                        "Total Cost": 648672.04,
                        "Plan Rows": 1,
                        "Plan Width": 8,
                        "Actual Startup Time": 7249.783,
                        "Actual Total Time": 7250.874,
                        "Actual Rows": 1,
                        "Actual Loops": 7,
                        "Output": [
                            "PARTIAL count(*)"
                        ],
                        "Workers": [
                            {
                                "Worker Number": 0,
                                "Actual Startup Time": 7242.27,
                                "Actual Total Time": 7242.275,
                                "Actual Rows": 1,
                                "Actual Loops": 1
                            },
                            {
                                "Worker Number": 1,
                                "Actual Startup Time": 7229.221,
                                "Actual Total Time": 7229.227,
                                "Actual Rows": 1,
                                "Actual Loops": 1
                            },
                            {
                                "Worker Number": 2,
                                "Actual Startup Time": 7230.38,
                                "Actual Total Time": 7230.384,
                                "Actual Rows": 1,
                                "Actual Loops": 1
                            },
                            {
                                "Worker Number": 3,
                                "Actual Startup Time": 7230.17,
                                "Actual Total Time": 7230.176,
                                "Actual Rows": 1,
                                "Actual Loops": 1
                            },
                            {
                                "Worker Number": 4,
                                "Actual Startup Time": 7229.218,
                                "Actual Total Time": 7229.223,
                                "Actual Rows": 1,
                                "Actual Loops": 1
                            },
                            {
                                "Worker Number": 5,
                                "Actual Startup Time": 7231.575,
                                "Actual Total Time": 7231.58,
                                "Actual Rows": 1,
                                "Actual Loops": 1
                            }
                        ],
                        "Plans": [
                            {
                                "Node Type": "Hash Join",
                                "Parent Relationship": "Outer",
                                "Parallel Aware": true,
                                "Join Type": "Inner",
                                "Startup Cost": 276068.66,
                                "Total Cost": 629920.03,
                                "Plan Rows": 7500801,
                                "Plan Width": 0,
                                "Actual Startup Time": 2867.902,
                                "Actual Total Time": 6621.055,
                                "Actual Rows": 10731061,
                                "Actual Loops": 7,
                                "Inner Unique": false,
                                "Hash Cond": "(ci.movie_id = t.id)",
                                "Workers": [
                                    {
                                        "Worker Number": 0,
                                        "Actual Startup Time": 2849.853,
                                        "Actual Total Time": 6662.328,
                                        "Actual Rows": 10059566,
                                        "Actual Loops": 1
                                    },
                                    {
                                        "Worker Number": 1,
                                        "Actual Startup Time": 2849.134,
                                        "Actual Total Time": 6622.913,
                                        "Actual Rows": 11598089,
                                        "Actual Loops": 1
                                    },
                                    {
                                        "Worker Number": 2,
                                        "Actual Startup Time": 2850.232,
                                        "Actual Total Time": 6597.548,
                                        "Actual Rows": 10877429,
                                        "Actual Loops": 1
                                    },
                                    {
                                        "Worker Number": 3,
                                        "Actual Startup Time": 2850.067,
                                        "Actual Total Time": 6577.726,
                                        "Actual Rows": 10390507,
                                        "Actual Loops": 1
                                    },
                                    {
                                        "Worker Number": 4,
                                        "Actual Startup Time": 2849.172,
                                        "Actual Total Time": 6592.271,
                                        "Actual Rows": 10541900,
                                        "Actual Loops": 1
                                    },
                                    {
                                        "Worker Number": 5,
                                        "Actual Startup Time": 2851.404,
                                        "Actual Total Time": 6607.599,
                                        "Actual Rows": 10956754,
                                        "Actual Loops": 1
                                    }
                                ],
                                "Plans": [
                                    {
                                        "Node Type": "Seq Scan",
                                        "Parent Relationship": "Outer",
                                        "Parallel Aware": true,
                                        "Relation Name": "cast_info",
                                        "Schema": "public",
                                        "Alias": "ci",
                                        "Startup Cost": 0.0,
                                        "Total Cost": 328213.62,
                                        "Plan Rows": 2127232,
                                        "Plan Width": 4,
                                        "Actual Startup Time": 0.062,
                                        "Actual Total Time": 746.323,
                                        "Actual Rows": 1810098,
                                        "Actual Loops": 7,
                                        "Output": [
                                            "ci.id",
                                            "ci.person_id",
                                            "ci.movie_id",
                                            "ci.person_role_id",
                                            "ci.note",
                                            "ci.nr_order",
                                            "ci.role_id"
                                        ],
                                        "Filter": "(ci.role_id < 2)",
                                        "Rows Removed by Filter": 3367665,
                                        "Workers": [
                                            {
                                                "Worker Number": 0,
                                                "Actual Startup Time": 0.071,
                                                "Actual Total Time": 744.696,
                                                "Actual Rows": 1693926,
                                                "Actual Loops": 1
                                            },
                                            {
                                                "Worker Number": 1,
                                                "Actual Startup Time": 0.071,
                                                "Actual Total Time": 751.692,
                                                "Actual Rows": 1947543,
                                                "Actual Loops": 1
                                            },
                                            {
                                                "Worker Number": 2,
                                                "Actual Startup Time": 0.065,
                                                "Actual Total Time": 762.954,
                                                "Actual Rows": 1842465,
                                                "Actual Loops": 1
                                            },
                                            {
                                                "Worker Number": 3,
                                                "Actual Startup Time": 0.064,
                                                "Actual Total Time": 763.385,
                                                "Actual Rows": 1752302,
                                                "Actual Loops": 1
                                            },
                                            {
                                                "Worker Number": 4,
                                                "Actual Startup Time": 0.059,
                                                "Actual Total Time": 763.094,
                                                "Actual Rows": 1783550,
                                                "Actual Loops": 1
                                            },
                                            {
                                                "Worker Number": 5,
                                                "Actual Startup Time": 0.079,
                                                "Actual Total Time": 758.303,
                                                "Actual Rows": 1848149,
                                                "Actual Loops": 1
                                            }
                                        ]
                                    },
                                    {
                                        "Node Type": "Hash",
                                        "Parent Relationship": "Inner",
                                        "Parallel Aware": true,
                                        "Startup Cost": 253780.97,
                                        "Total Cost": 253780.97,
                                        "Plan Rows": 1783015,
                                        "Plan Width": 8,
                                        "Actual Startup Time": 2837.483,
                                        "Actual Total Time": 2838.572,
                                        "Actual Rows": 1280956,
                                        "Actual Loops": 7,
                                        "Output": [
                                            "t.id",
                                            "mi.movie_id"
                                        ],
                                        "Hash Buckets": 16777216,
                                        "Original Hash Buckets": 16777216,
                                        "Hash Batches": 1,
                                        "Original Hash Batches": 1,
                                        "Peak Memory Usage": 482048,
                                        "Workers": [
                                            {
                                                "Worker Number": 0,
                                                "Actual Startup Time": 2849.046,
                                                "Actual Total Time": 2849.049,
                                                "Actual Rows": 1188599,
                                                "Actual Loops": 1
                                            },
                                            {
                                                "Worker Number": 1,
                                                "Actual Startup Time": 2847.89,
                                                "Actual Total Time": 2847.894,
                                                "Actual Rows": 1258978,
                                                "Actual Loops": 1
                                            },
                                            {
                                                "Worker Number": 2,
                                                "Actual Startup Time": 2849.481,
                                                "Actual Total Time": 2849.484,
                                                "Actual Rows": 1307185,
                                                "Actual Loops": 1
                                            },
                                            {
                                                "Worker Number": 3,
                                                "Actual Startup Time": 2849.244,
                                                "Actual Total Time": 2849.248,
                                                "Actual Rows": 1262207,
                                                "Actual Loops": 1
                                            },
                                            {
                                                "Worker Number": 4,
                                                "Actual Startup Time": 2847.918,
                                                "Actual Total Time": 2847.922,
                                                "Actual Rows": 1286150,
                                                "Actual Loops": 1
                                            },
                                            {
                                                "Worker Number": 5,
                                                "Actual Startup Time": 2850.544,
                                                "Actual Total Time": 2850.548,
                                                "Actual Rows": 1281949,
                                                "Actual Loops": 1
                                            }
                                        ],
                                        "Plans": [
                                            {
                                                "Node Type": "Hash Join",
                                                "Parent Relationship": "Outer",
                                                "Parallel Aware": true,
                                                "Join Type": "Inner",
                                                "Startup Cost": 50219.81,
                                                "Total Cost": 253780.97,
                                                "Plan Rows": 1783015,
                                                "Plan Width": 8,
                                                "Actual Startup Time": 544.478,
                                                "Actual Total Time": 1629.154,
                                                "Actual Rows": 1280956,
                                                "Actual Loops": 7,
                                                "Output": [
                                                    "t.id",
                                                    "mi.movie_id"
                                                ],
                                                "Inner Unique": true,
                                                "Hash Cond": "(mi.movie_id = t.id)",
                                                "Workers": [
                                                    {
                                                        "Worker Number": 0,
                                                        "Actual Startup Time": 544.452,
                                                        "Actual Total Time": 1639.124,
                                                        "Actual Rows": 1188599,
                                                        "Actual Loops": 1
                                                    },
                                                    {
                                                        "Worker Number": 1,
                                                        "Actual Startup Time": 544.516,
                                                        "Actual Total Time": 1634.585,
                                                        "Actual Rows": 1258978,
                                                        "Actual Loops": 1
                                                    },
                                                    {
                                                        "Worker Number": 2,
                                                        "Actual Startup Time": 544.479,
                                                        "Actual Total Time": 1626.824,
                                                        "Actual Rows": 1307185,
                                                        "Actual Loops": 1
                                                    },
                                                    {
                                                        "Worker Number": 3,
                                                        "Actual Startup Time": 544.364,
                                                        "Actual Total Time": 1628.186,
                                                        "Actual Rows": 1262207,
                                                        "Actual Loops": 1
                                                    },
                                                    {
                                                        "Worker Number": 4,
                                                        "Actual Startup Time": 544.358,
                                                        "Actual Total Time": 1628.441,
                                                        "Actual Rows": 1286150,
                                                        "Actual Loops": 1
                                                    },
                                                    {
                                                        "Worker Number": 5,
                                                        "Actual Startup Time": 544.429,
                                                        "Actual Total Time": 1626.957,
                                                        "Actual Rows": 1281949,
                                                        "Actual Loops": 1
                                                    }
                                                ],
                                                "Plans": [
                                                    {
                                                        "Node Type": "Seq Scan",
                                                        "Parent Relationship": "Outer",
                                                        "Parallel Aware": true,
                                                        "Relation Name": "movie_info",
                                                        "Schema": "public",
                                                        "Alias": "mi",
                                                        "Startup Cost": 0.0,
                                                        "Total Cost": 198880.74,
                                                        "Plan Rows": 1783015,
                                                        "Plan Width": 4,
                                                        "Actual Startup Time": 0.044,
                                                        "Actual Total Time": 451.492,
                                                        "Actual Rows": 1280956,
                                                        "Actual Loops": 7,
                                                        "Output": [
                                                            "mi.id",
                                                            "mi.movie_id",
                                                            "mi.info_type_id",
                                                            "mi.info",
                                                            "mi.note"
                                                        ],
                                                        "Filter": "(mi.info_type_id < 15)",
                                                        "Rows Removed by Filter": 838432,
                                                        "Workers": [
                                                            {
                                                                "Worker Number": 0,
                                                                "Actual Startup Time": 0.051,
                                                                "Actual Total Time": 449.834,
                                                                "Actual Rows": 1188599,
                                                                "Actual Loops": 1
                                                            },
                                                            {
                                                                "Worker Number": 1,
                                                                "Actual Startup Time": 0.051,
                                                                "Actual Total Time": 462.019,
                                                                "Actual Rows": 1258978,
                                                                "Actual Loops": 1
                                                            },
                                                            {
                                                                "Worker Number": 2,
                                                                "Actual Startup Time": 0.044,
                                                                "Actual Total Time": 458.143,
                                                                "Actual Rows": 1307185,
                                                                "Actual Loops": 1
                                                            },
                                                            {
                                                                "Worker Number": 3,
                                                                "Actual Startup Time": 0.058,
                                                                "Actual Total Time": 456.872,
                                                                "Actual Rows": 1262207,
                                                                "Actual Loops": 1
                                                            },
                                                            {
                                                                "Worker Number": 4,
                                                                "Actual Startup Time": 0.044,
                                                                "Actual Total Time": 457.44,
                                                                "Actual Rows": 1286150,
                                                                "Actual Loops": 1
                                                            },
                                                            {
                                                                "Worker Number": 5,
                                                                "Actual Startup Time": 0.048,
                                                                "Actual Total Time": 458.229,
                                                                "Actual Rows": 1281949,
                                                                "Actual Loops": 1
                                                            }
                                                        ]
                                                    },
                                                    {
                                                        "Node Type": "Hash",
                                                        "Parent Relationship": "Inner",
                                                        "Parallel Aware": true,
                                                        "Startup Cost": 42318.81,
                                                        "Total Cost": 42318.81,
                                                        "Plan Rows": 632080,
                                                        "Plan Width": 4,
                                                        "Actual Startup Time": 533.965,
                                                        "Actual Total Time": 533.966,
                                                        "Actual Rows": 361187,
                                                        "Actual Loops": 7,
                                                        "Output": [
                                                            "t.id"
                                                        ],
                                                        "Hash Buckets": 4194304,
                                                        "Original Hash Buckets": 4194304,
                                                        "Hash Batches": 1,
                                                        "Original Hash Batches": 1,
                                                        "Peak Memory Usage": 131776,
                                                        "Workers": [
                                                            {
                                                                "Worker Number": 0,
                                                                "Actual Startup Time": 544.136,
                                                                "Actual Total Time": 544.137,
                                                                "Actual Rows": 346753,
                                                                "Actual Loops": 1
                                                            },
                                                            {
                                                                "Worker Number": 1,
                                                                "Actual Startup Time": 544.143,
                                                                "Actual Total Time": 544.144,
                                                                "Actual Rows": 349141,
                                                                "Actual Loops": 1
                                                            },
                                                            {
                                                                "Worker Number": 2,
                                                                "Actual Startup Time": 544.156,
                                                                "Actual Total Time": 544.157,
                                                                "Actual Rows": 333880,
                                                                "Actual Loops": 1
                                                            },
                                                            {
                                                                "Worker Number": 3,
                                                                "Actual Startup Time": 544.019,
                                                                "Actual Total Time": 544.02,
                                                                "Actual Rows": 272752,
                                                                "Actual Loops": 1
                                                            },
                                                            {
                                                                "Worker Number": 4,
                                                                "Actual Startup Time": 544.204,
                                                                "Actual Total Time": 544.206,
                                                                "Actual Rows": 293223,
                                                                "Actual Loops": 1
                                                            },
                                                            {
                                                                "Worker Number": 5,
                                                                "Actual Startup Time": 544.091,
                                                                "Actual Total Time": 544.092,
                                                                "Actual Rows": 398571,
                                                                "Actual Loops": 1
                                                            }
                                                        ],
                                                        "Plans": [
                                                            {
                                                                "Node Type": "Seq Scan",
                                                                "Parent Relationship": "Outer",
                                                                "Parallel Aware": true,
                                                                "Relation Name": "title",
                                                                "Schema": "public",
                                                                "Alias": "t",
                                                                "Startup Cost": 0.0,
                                                                "Total Cost": 42318.81,
                                                                "Plan Rows": 632080,
                                                                "Plan Width": 4,
                                                                "Actual Startup Time": 0.094,
                                                                "Actual Total Time": 108.502,
                                                                "Actual Rows": 361187,
                                                                "Actual Loops": 7,
                                                                "Output": [
                                                                    "t.id"
                                                                ],
                                                                "Workers": [
                                                                    {
                                                                        "Worker Number": 0,
                                                                        "Actual Startup Time": 0.114,
                                                                        "Actual Total Time": 108.02,
                                                                        "Actual Rows": 346753,
                                                                        "Actual Loops": 1
                                                                    },
                                                                    {
                                                                        "Worker Number": 1,
                                                                        "Actual Startup Time": 0.119,
                                                                        "Actual Total Time": 113.817,
                                                                        "Actual Rows": 349141,
                                                                        "Actual Loops": 1
                                                                    },
                                                                    {
                                                                        "Worker Number": 2,
                                                                        "Actual Startup Time": 0.092,
                                                                        "Actual Total Time": 114.076,
                                                                        "Actual Rows": 333880,
                                                                        "Actual Loops": 1
                                                                    },
                                                                    {
                                                                        "Worker Number": 3,
                                                                        "Actual Startup Time": 0.1,
                                                                        "Actual Total Time": 112.621,
                                                                        "Actual Rows": 272752,
                                                                        "Actual Loops": 1
                                                                    },
                                                                    {
                                                                        "Worker Number": 4,
                                                                        "Actual Startup Time": 0.115,
                                                                        "Actual Total Time": 115.649,
                                                                        "Actual Rows": 293223,
                                                                        "Actual Loops": 1
                                                                    },
                                                                    {
                                                                        "Worker Number": 5,
                                                                        "Actual Startup Time": 0.097,
                                                                        "Actual Total Time": 108.516,
                                                                        "Actual Rows": 398571,
                                                                        "Actual Loops": 1
                                                                    }
                                                                ]
                                                            }
                                                        ]
                                                    }
                                                ]
                                            }
                                        ]
                                    }
                                ]
                            }
                        ]
                    }
                ]
            }
        ]
    },
    "Planning Time": 1.528,
    "Triggers": [],
    "Execution Time": 7484.959
}