[
  {
    "Plan": {
      "Node Type": "Aggregate",
      "Strategy": "Plain",
      "Partial Mode": "Finalize",
      "Parallel Aware": false,
      "Startup Cost": 394526.16,
      "Total Cost": 394526.17,
      "Plan Rows": 1,
      "Plan Width": 8,
      "Actual Startup Time": 1014.615,
      "Actual Total Time": 1083.992,
      "Actual Rows": 1,
      "Actual Loops": 1,
      "Plans": [
        {
          "Node Type": "Gather",
          "Parent Relationship": "Outer",
          "Parallel Aware": false,
          "Startup Cost": 394525.54,
          "Total Cost": 394526.15,
          "Plan Rows": 6,
          "Plan Width": 8,
          "Actual Startup Time": 1013.949,
          "Actual Total Time": 1083.972,
          "Actual Rows": 7,
          "Actual Loops": 1,
          "Workers Planned": 6,
          "Workers Launched": 6,
          "Single Copy": false,
          "Plans": [
            {
              "Node Type": "Aggregate",
              "Strategy": "Plain",
              "Partial Mode": "Partial",
              "Parent Relationship": "Outer",
              "Parallel Aware": false,
              "Startup Cost": 393525.54,
              "Total Cost": 393525.55,
              "Plan Rows": 1,
              "Plan Width": 8,
              "Actual Startup Time": 1005.962,
              "Actual Total Time": 1005.967,
              "Actual Rows": 1,
              "Actual Loops": 7,
              "Plans": [
                {
                  "Node Type": "Hash Join",
                  "Parent Relationship": "Outer",
                  "Parallel Aware": true,
                  "Join Type": "Inner",
                  "Startup Cost": 45830.35,
                  "Total Cost": 393347.91,
                  "Plan Rows": 71051,
                  "Plan Width": 0,
                  "Actual Startup Time": 384.291,
                  "Actual Total Time": 1005.611,
                  "Actual Rows": 4870,
                  "Actual Loops": 7,
                  "Inner Unique": true,
                  "Hash Cond": "(ci.movie_id = t.id)",
                  "Plans": [
                    {
                      "Node Type": "Seq Scan",
                      "Parent Relationship": "Outer",
                      "Parallel Aware": true,
                      "Relation Name": "cast_info",
                      "Alias": "ci",
                      "Startup Cost": 0.0,
                      "Total Cost": 343316.27,
                      "Plan Rows": 1600487,
                      "Plan Width": 4,
                      "Actual Startup Time": 294.613,
                      "Actual Total Time": 729.358,
                      "Actual Rows": 2076669,
                      "Actual Loops": 7,
                      "Filter": "((person_id > 2205787) AND (role_id > 1))",
                      "Rows Removed by Filter": 3101094
                    },
                    {
                      "Node Type": "Hash",
                      "Parent Relationship": "Inner",
                      "Parallel Aware": true,
                      "Startup Cost": 45479.59,
                      "Total Cost": 45479.59,
                      "Plan Rows": 28061,
                      "Plan Width": 4,
                      "Actual Startup Time": 86.864,
                      "Actual Total Time": 86.866,
                      "Actual Rows": 2559,
                      "Actual Loops": 7,
                      "Hash Buckets": 131072,
                      "Original Hash Buckets": 131072,
                      "Hash Batches": 1,
                      "Original Hash Batches": 1,
                      "Peak Memory Usage": 1856,
                      "Plans": [
                        {
                          "Node Type": "Seq Scan",
                          "Parent Relationship": "Outer",
                          "Parallel Aware": true,
                          "Relation Name": "title",
                          "Alias": "t",
                          "Startup Cost": 0.0,
                          "Total Cost": 45479.59,
                          "Plan Rows": 28061,
                          "Plan Width": 4,
                          "Actual Startup Time": 0.07,
                          "Actual Total Time": 84.875,
                          "Actual Rows": 2559,
                          "Actual Loops": 7,
                          "Filter": "((kind_id > 4) AND (production_year < 1955))",
                          "Rows Removed by Filter": 358628
                        }
                      ]
                    }
                  ]
                }
              ]
            }
          ]
        }
      ]
    },
    "Planning Time": 0.678,
    "Triggers": [],
    "Execution Time": 1084.088
  }
]