[
  {
    "Plan": {
      "Node Type": "Aggregate",
      "Strategy": "Plain",
      "Partial Mode": "Finalize",
      "Parallel Aware": false,
      "Startup Cost": 323063.03,
      "Total Cost": 323063.04,
      "Plan Rows": 1,
      "Plan Width": 8,
      "Actual Startup Time": 304.99,
      "Actual Total Time": 366.227,
      "Actual Rows": 1,
      "Actual Loops": 1,
      "Plans": [
        {
          "Node Type": "Gather",
          "Parent Relationship": "Outer",
          "Parallel Aware": false,
          "Startup Cost": 323062.61,
          "Total Cost": 323063.02,
          "Plan Rows": 4,
          "Plan Width": 8,
          "Actual Startup Time": 304.796,
          "Actual Total Time": 366.208,
          "Actual Rows": 5,
          "Actual Loops": 1,
          "Workers Planned": 4,
          "Workers Launched": 4,
          "Single Copy": false,
          "Plans": [
            {
              "Node Type": "Aggregate",
              "Strategy": "Plain",
              "Partial Mode": "Partial",
              "Parent Relationship": "Outer",
              "Parallel Aware": false,
              "Startup Cost": 322062.61,
              "Total Cost": 322062.62,
              "Plan Rows": 1,
              "Plan Width": 8,
              "Actual Startup Time": 294.93,
              "Actual Total Time": 294.933,
              "Actual Rows": 1,
              "Actual Loops": 5,
              "Plans": [
                {
                  "Node Type": "Nested Loop",
                  "Parent Relationship": "Outer",
                  "Parallel Aware": false,
                  "Join Type": "Inner",
                  "Startup Cost": 0.56,
                  "Total Cost": 322056.32,
                  "Plan Rows": 2514,
                  "Plan Width": 0,
                  "Actual Startup Time": 0.832,
                  "Actual Total Time": 294.592,
                  "Actual Rows": 2971,
                  "Actual Loops": 5,
                  "Inner Unique": false,
                  "Plans": [
                    {
                      "Node Type": "Seq Scan",
                      "Parent Relationship": "Outer",
                      "Parallel Aware": true,
                      "Relation Name": "title",
                      "Alias": "t",
                      "Startup Cost": 0.0,
                      "Total Cost": 43899.32,
                      "Plan Rows": 5015,
                      "Plan Width": 4,
                      "Actual Startup Time": 0.098,
                      "Actual Total Time": 67.256,
                      "Actual Rows": 4262,
                      "Actual Loops": 5,
                      "Filter": "(production_year = 1989)",
                      "Rows Removed by Filter": 501400
                    },
                    {
                      "Node Type": "Index Scan",
                      "Parent Relationship": "Inner",
                      "Parallel Aware": false,
                      "Scan Direction": "Forward",
                      "Index Name": "movie_id_cast_info",
                      "Relation Name": "cast_info",
                      "Alias": "ci",
                      "Startup Cost": 0.56,
                      "Total Cost": 55.46,
                      "Plan Rows": 1,
                      "Plan Width": 4,
                      "Actual Startup Time": 0.026,
                      "Actual Total Time": 0.053,
                      "Actual Rows": 1,
                      "Actual Loops": 21312,
                      "Index Cond": "(movie_id = t.id)",
                      "Rows Removed by Index Recheck": 0,
                      "Filter": "((person_id < 163943) AND (role_id < 8))",
                      "Rows Removed by Filter": 15
                    }
                  ]
                }
              ]
            }
          ]
        }
      ]
    },
    "Planning Time": 0.405,
    "Triggers": [],
    "Execution Time": 366.297
  }
]