[
  {
    "Plan": {
      "Node Type": "Aggregate",
      "Strategy": "Plain",
      "Partial Mode": "Finalize",
      "Parallel Aware": false,
      "Startup Cost": 33018.83,
      "Total Cost": 33018.84,
      "Plan Rows": 1,
      "Plan Width": 8,
      "Actual Startup Time": 105.257,
      "Actual Total Time": 112.965,
      "Actual Rows": 1,
      "Actual Loops": 1,
      "Plans": [
        {
          "Node Type": "Gather",
          "Parent Relationship": "Outer",
          "Parallel Aware": false,
          "Startup Cost": 33018.52,
          "Total Cost": 33018.83,
          "Plan Rows": 3,
          "Plan Width": 8,
          "Actual Startup Time": 105.096,
          "Actual Total Time": 112.954,
          "Actual Rows": 4,
          "Actual Loops": 1,
          "Workers Planned": 3,
          "Workers Launched": 3,
          "Single Copy": false,
          "Plans": [
            {
              "Node Type": "Aggregate",
              "Strategy": "Plain",
              "Partial Mode": "Partial",
              "Parent Relationship": "Outer",
              "Parallel Aware": false,
              "Startup Cost": 32018.52,
              "Total Cost": 32018.53,
              "Plan Rows": 1,
              "Plan Width": 8,
              "Actual Startup Time": 96.641,
              "Actual Total Time": 96.642,
              "Actual Rows": 1,
              "Actual Loops": 4,
              "Plans": [
                {
                  "Node Type": "Seq Scan",
                  "Parent Relationship": "Outer",
                  "Parallel Aware": true,
                  "Relation Name": "movie_companies",
                  "Alias": "mc",
                  "Startup Cost": 0.0,
                  "Total Cost": 31414.82,
                  "Plan Rows": 241479,
                  "Plan Width": 0,
                  "Actual Startup Time": 47.409,
                  "Actual Total Time": 85.883,
                  "Actual Rows": 239659,
                  "Actual Loops": 4,
                  "Filter": "((company_id > 9154) AND (company_type_id > 1))",
                  "Rows Removed by Filter": 412623
                }
              ]
            }
          ]
        }
      ]
    },
    "Planning Time": 0.095,
    "Triggers": [],
    "Execution Time": 112.994
  }
]