[
  {
    "Plan": {
      "Node Type": "Aggregate",
      "Strategy": "Plain",
      "Partial Mode": "Finalize",
      "Parallel Aware": false,
      "Startup Cost": 39950.6,
      "Total Cost": 39950.61,
      "Plan Rows": 1,
      "Plan Width": 8,
      "Actual Startup Time": 49.661,
      "Actual Total Time": 57.472,
      "Actual Rows": 1,
      "Actual Loops": 1,
      "Plans": [
        {
          "Node Type": "Gather",
          "Parent Relationship": "Outer",
          "Parallel Aware": false,
          "Startup Cost": 39950.38,
          "Total Cost": 39950.59,
          "Plan Rows": 2,
          "Plan Width": 8,
          "Actual Startup Time": 49.561,
          "Actual Total Time": 57.467,
          "Actual Rows": 3,
          "Actual Loops": 1,
          "Workers Planned": 2,
          "Workers Launched": 2,
          "Single Copy": false,
          "Plans": [
            {
              "Node Type": "Aggregate",
              "Strategy": "Plain",
              "Partial Mode": "Partial",
              "Parent Relationship": "Outer",
              "Parallel Aware": false,
              "Startup Cost": 38950.38,
              "Total Cost": 38950.39,
              "Plan Rows": 1,
              "Plan Width": 8,
              "Actual Startup Time": 41.447,
              "Actual Total Time": 41.448,
              "Actual Rows": 1,
              "Actual Loops": 3,
              "Plans": [
                {
                  "Node Type": "Nested Loop",
                  "Parent Relationship": "Outer",
                  "Parallel Aware": false,
                  "Join Type": "Inner",
                  "Startup Cost": 169.63,
                  "Total Cost": 38943.71,
                  "Plan Rows": 2669,
                  "Plan Width": 0,
                  "Actual Startup Time": 2.971,
                  "Actual Total Time": 41.099,
                  "Actual Rows": 2261,
                  "Actual Loops": 3,
                  "Inner Unique": true,
                  "Plans": [
                    {
                      "Node Type": "Bitmap Heap Scan",
                      "Parent Relationship": "Outer",
                      "Parallel Aware": true,
                      "Relation Name": "movie_keyword",
                      "Alias": "mk",
                      "Startup Cost": 169.2,
                      "Total Cost": 16584.09,
                      "Plan Rows": 3267,
                      "Plan Width": 4,
                      "Actual Startup Time": 2.79,
                      "Actual Total Time": 14.472,
                      "Actual Rows": 2473,
                      "Actual Loops": 3,
                      "Recheck Cond": "(keyword_id = 373)",
                      "Rows Removed by Index Recheck": 0,
                      "Exact Heap Blocks": 4451,
                      "Lossy Heap Blocks": 0,
                      "Plans": [
                        {
                          "Node Type": "Bitmap Index Scan",
                          "Parent Relationship": "Outer",
                          "Parallel Aware": false,
                          "Index Name": "keyword_id_movie_keyword",
                          "Startup Cost": 0.0,
                          "Total Cost": 167.24,
                          "Plan Rows": 7841,
                          "Plan Width": 0,
                          "Actual Startup Time": 4.757,
                          "Actual Total Time": 4.758,
                          "Actual Rows": 7419,
                          "Actual Loops": 1,
                          "Index Cond": "(keyword_id = 373)"
                        }
                      ]
                    },
                    {
                      "Node Type": "Index Scan",
                      "Parent Relationship": "Inner",
                      "Parallel Aware": false,
                      "Scan Direction": "Forward",
                      "Index Name": "title_pkey",
                      "Relation Name": "title",
                      "Alias": "t",
                      "Startup Cost": 0.43,
                      "Total Cost": 6.84,
                      "Plan Rows": 1,
                      "Plan Width": 4,
                      "Actual Startup Time": 0.01,
                      "Actual Total Time": 0.01,
                      "Actual Rows": 1,
                      "Actual Loops": 7419,
                      "Index Cond": "(id = mk.movie_id)",
                      "Rows Removed by Index Recheck": 0,
                      "Filter": "(production_year < 2011)",
                      "Rows Removed by Filter": 0
                    }
                  ]
                }
              ]
            }
          ]
        }
      ]
    },
    "Planning Time": 0.518,
    "Triggers": [],
    "Execution Time": 57.547
  }
]