[
  {
    "Plan": {
      "Node Type": "Aggregate",
      "Strategy": "Plain",
      "Partial Mode": "Finalize",
      "Parallel Aware": false,
      "Startup Cost": 104486.21,
      "Total Cost": 104486.22,
      "Plan Rows": 1,
      "Plan Width": 8,
      "Actual Startup Time": 378.626,
      "Actual Total Time": 406.907,
      "Actual Rows": 1,
      "Actual Loops": 1,
      "Plans": [
        {
          "Node Type": "Gather",
          "Parent Relationship": "Outer",
          "Parallel Aware": false,
          "Startup Cost": 104485.89,
          "Total Cost": 104486.2,
          "Plan Rows": 3,
          "Plan Width": 8,
          "Actual Startup Time": 378.261,
          "Actual Total Time": 406.898,
          "Actual Rows": 4,
          "Actual Loops": 1,
          "Workers Planned": 3,
          "Workers Launched": 3,
          "Single Copy": false,
          "Plans": [
            {
              "Node Type": "Aggregate",
              "Strategy": "Plain",
              "Partial Mode": "Partial",
              "Parent Relationship": "Outer",
              "Parallel Aware": false,
              "Startup Cost": 103485.89,
              "Total Cost": 103485.9,
              "Plan Rows": 1,
              "Plan Width": 8,
              "Actual Startup Time": 371.406,
              "Actual Total Time": 371.412,
              "Actual Rows": 1,
              "Actual Loops": 4,
              "Plans": [
                {
                  "Node Type": "Nested Loop",
                  "Parent Relationship": "Outer",
                  "Parallel Aware": false,
                  "Join Type": "Inner",
                  "Startup Cost": 44071.48,
                  "Total Cost": 103479.68,
                  "Plan Rows": 2484,
                  "Plan Width": 0,
                  "Actual Startup Time": 109.236,
                  "Actual Total Time": 370.684,
                  "Actual Rows": 6468,
                  "Actual Loops": 4,
                  "Inner Unique": false,
                  "Join Filter": "(t.id = mi.movie_id)",
                  "Rows Removed by Join Filter": 0,
                  "Plans": [
                    {
                      "Node Type": "Hash Join",
                      "Parent Relationship": "Outer",
                      "Parallel Aware": true,
                      "Join Type": "Inner",
                      "Startup Cost": 44071.05,
                      "Total Cost": 87684.97,
                      "Plan Rows": 7603,
                      "Plan Width": 8,
                      "Actual Startup Time": 108.109,
                      "Actual Total Time": 246.888,
                      "Actual Rows": 6159,
                      "Actual Loops": 4,
                      "Inner Unique": true,
                      "Hash Cond": "(mk.movie_id = t.id)",
                      "Plans": [
                        {
                          "Node Type": "Seq Scan",
                          "Parent Relationship": "Outer",
                          "Parallel Aware": true,
                          "Relation Name": "movie_keyword",
                          "Alias": "mk",
                          "Startup Cost": 0.0,
                          "Total Cost": 42695.65,
                          "Plan Rows": 349817,
                          "Plan Width": 4,
                          "Actual Startup Time": 1.332,
                          "Actual Total Time": 109.731,
                          "Actual Rows": 270846,
                          "Actual Loops": 4,
                          "Filter": "(keyword_id > 16327)",
                          "Rows Removed by Filter": 860137
                        },
                        {
                          "Node Type": "Hash",
                          "Parent Relationship": "Inner",
                          "Parallel Aware": true,
                          "Startup Cost": 43899.32,
                          "Total Cost": 43899.32,
                          "Plan Rows": 13738,
                          "Plan Width": 4,
                          "Actual Startup Time": 105.374,
                          "Actual Total Time": 105.377,
                          "Actual Rows": 13253,
                          "Actual Loops": 4,
                          "Hash Buckets": 65536,
                          "Original Hash Buckets": 65536,
                          "Hash Batches": 1,
                          "Original Hash Batches": 1,
                          "Peak Memory Usage": 2656,
                          "Plans": [
                            {
                              "Node Type": "Seq Scan",
                              "Parent Relationship": "Outer",
                              "Parallel Aware": true,
                              "Relation Name": "title",
                              "Alias": "t",
                              "Startup Cost": 0.0,
                              "Total Cost": 43899.32,
                              "Plan Rows": 13738,
                              "Plan Width": 4,
                              "Actual Startup Time": 0.057,
                              "Actual Total Time": 99.245,
                              "Actual Rows": 13253,
                              "Actual Loops": 4,
                              "Filter": "(production_year = 2000)",
                              "Rows Removed by Filter": 618825
                            }
                          ]
                        }
                      ]
                    },
                    {
                      "Node Type": "Index Scan",
                      "Parent Relationship": "Inner",
                      "Parallel Aware": false,
                      "Scan Direction": "Forward",
                      "Index Name": "movie_id_movie_info",
                      "Relation Name": "movie_info",
                      "Alias": "mi",
                      "Startup Cost": 0.43,
                      "Total Cost": 2.05,
                      "Plan Rows": 2,
                      "Plan Width": 4,
                      "Actual Startup Time": 0.007,
                      "Actual Total Time": 0.02,
                      "Actual Rows": 1,
                      "Actual Loops": 24636,
                      "Index Cond": "(movie_id = mk.movie_id)",
                      "Rows Removed by Index Recheck": 0,
                      "Filter": "(info_type_id < 2)",
                      "Rows Removed by Filter": 59
                    }
                  ]
                }
              ]
            }
          ]
        }
      ]
    },
    "Planning Time": 1.369,
    "Triggers": [],
    "Execution Time": 407.004
  }
]