[
  {
    "Plan": {
      "Node Type": "Aggregate",
      "Strategy": "Plain",
      "Partial Mode": "Finalize",
      "Parallel Aware": false,
      "Startup Cost": 44976.36,
      "Total Cost": 44976.37,
      "Plan Rows": 1,
      "Plan Width": 8,
      "Actual Startup Time": 128.673,
      "Actual Total Time": 134.499,
      "Actual Rows": 1,
      "Actual Loops": 1,
      "Plans": [
        {
          "Node Type": "Gather",
          "Parent Relationship": "Outer",
          "Parallel Aware": false,
          "Startup Cost": 44976.04,
          "Total Cost": 44976.35,
          "Plan Rows": 3,
          "Plan Width": 8,
          "Actual Startup Time": 128.607,
          "Actual Total Time": 134.492,
          "Actual Rows": 4,
          "Actual Loops": 1,
          "Workers Planned": 3,
          "Workers Launched": 3,
          "Single Copy": false,
          "Plans": [
            {
              "Node Type": "Aggregate",
              "Strategy": "Plain",
              "Partial Mode": "Partial",
              "Parent Relationship": "Outer",
              "Parallel Aware": false,
              "Startup Cost": 43976.04,
              "Total Cost": 43976.05,
              "Plan Rows": 1,
              "Plan Width": 8,
              "Actual Startup Time": 124.509,
              "Actual Total Time": 124.51,
              "Actual Rows": 1,
              "Actual Loops": 4,
              "Plans": [
                {
                  "Node Type": "Seq Scan",
                  "Parent Relationship": "Outer",
                  "Parallel Aware": true,
                  "Relation Name": "movie_keyword",
                  "Alias": "mk",
                  "Startup Cost": 0.0,
                  "Total Cost": 42695.65,
                  "Plan Rows": 512155,
                  "Plan Width": 0,
                  "Actual Startup Time": 0.027,
                  "Actual Total Time": 104.262,
                  "Actual Rows": 396946,
                  "Actual Loops": 4,
                  "Filter": "(keyword_id < 2436)",
                  "Rows Removed by Filter": 734036
                }
              ]
            }
          ]
        }
      ]
    },
    "Planning Time": 0.068,
    "Triggers": [],
    "Execution Time": 134.525
  }
]