[
  {
    "Plan": {
      "Node Type": "Aggregate",
      "Strategy": "Plain",
      "Partial Mode": "Finalize",
      "Parallel Aware": false,
      "Startup Cost": 46480.64,
      "Total Cost": 46480.65,
      "Plan Rows": 1,
      "Plan Width": 8,
      "Actual Startup Time": 97.91,
      "Actual Total Time": 110.286,
      "Actual Rows": 1,
      "Actual Loops": 1,
      "Plans": [
        {
          "Node Type": "Gather",
          "Parent Relationship": "Outer",
          "Parallel Aware": false,
          "Startup Cost": 46480.22,
          "Total Cost": 46480.63,
          "Plan Rows": 4,
          "Plan Width": 8,
          "Actual Startup Time": 97.638,
          "Actual Total Time": 110.274,
          "Actual Rows": 5,
          "Actual Loops": 1,
          "Workers Planned": 4,
          "Workers Launched": 4,
          "Single Copy": false,
          "Plans": [
            {
              "Node Type": "Aggregate",
              "Strategy": "Plain",
              "Partial Mode": "Partial",
              "Parent Relationship": "Outer",
              "Parallel Aware": false,
              "Startup Cost": 45480.22,
              "Total Cost": 45480.23,
              "Plan Rows": 1,
              "Plan Width": 8,
              "Actual Startup Time": 92.56,
              "Actual Total Time": 92.561,
              "Actual Rows": 1,
              "Actual Loops": 5,
              "Plans": [
                {
                  "Node Type": "Seq Scan",
                  "Parent Relationship": "Outer",
                  "Parallel Aware": true,
                  "Relation Name": "title",
                  "Alias": "t",
                  "Startup Cost": 0.0,
                  "Total Cost": 45479.59,
                  "Plan Rows": 255,
                  "Plan Width": 0,
                  "Actual Startup Time": 59.611,
                  "Actual Total Time": 92.459,
                  "Actual Rows": 583,
                  "Actual Loops": 5,
                  "Filter": "((kind_id < 7) AND (production_year = 1927))",
                  "Rows Removed by Filter": 505079
                }
              ]
            }
          ]
        }
      ]
    },
    "Planning Time": 0.193,
    "Triggers": [],
    "Execution Time": 110.346
  }
]