[
  {
    "Plan": {
      "Node Type": "Aggregate",
      "Strategy": "Plain",
      "Partial Mode": "Finalize",
      "Parallel Aware": false,
      "Startup Cost": 54593.18,
      "Total Cost": 54593.19,
      "Plan Rows": 1,
      "Plan Width": 8,
      "Actual Startup Time": 556.344,
      "Actual Total Time": 666.531,
      "Actual Rows": 1,
      "Actual Loops": 1,
      "Plans": [
        {
          "Node Type": "Gather",
          "Parent Relationship": "Outer",
          "Parallel Aware": false,
          "Startup Cost": 54592.86,
          "Total Cost": 54593.17,
          "Plan Rows": 3,
          "Plan Width": 8,
          "Actual Startup Time": 555.867,
          "Actual Total Time": 666.513,
          "Actual Rows": 4,
          "Actual Loops": 1,
          "Workers Planned": 3,
          "Workers Launched": 3,
          "Single Copy": false,
          "Plans": [
            {
              "Node Type": "Aggregate",
              "Strategy": "Plain",
              "Partial Mode": "Partial",
              "Parent Relationship": "Outer",
              "Parallel Aware": false,
              "Startup Cost": 53592.86,
              "Total Cost": 53592.87,
              "Plan Rows": 1,
              "Plan Width": 8,
              "Actual Startup Time": 545.051,
              "Actual Total Time": 545.055,
              "Actual Rows": 1,
              "Actual Loops": 4,
              "Plans": [
                {
                  "Node Type": "Nested Loop",
                  "Parent Relationship": "Outer",
                  "Parallel Aware": false,
                  "Join Type": "Inner",
                  "Startup Cost": 258.92,
                  "Total Cost": 53453.37,
                  "Plan Rows": 55797,
                  "Plan Width": 0,
                  "Actual Startup Time": 4.708,
                  "Actual Total Time": 532.624,
                  "Actual Rows": 117030,
                  "Actual Loops": 4,
                  "Inner Unique": false,
                  "Plans": [
                    {
                      "Node Type": "Nested Loop",
                      "Parent Relationship": "Outer",
                      "Parallel Aware": false,
                      "Join Type": "Inner",
                      "Startup Cost": 258.36,
                      "Total Cost": 45151.48,
                      "Plan Rows": 3892,
                      "Plan Width": 8,
                      "Actual Startup Time": 4.411,
                      "Actual Total Time": 49.463,
                      "Actual Rows": 2308,
                      "Actual Loops": 4,
                      "Inner Unique": true,
                      "Plans": [
                        {
                          "Node Type": "Bitmap Heap Scan",
                          "Parent Relationship": "Outer",
                          "Parallel Aware": true,
                          "Relation Name": "movie_keyword",
                          "Alias": "mk",
                          "Startup Cost": 257.93,
                          "Total Cost": 20753.36,
                          "Plan Rows": 3892,
                          "Plan Width": 4,
                          "Actual Startup Time": 4.115,
                          "Actual Total Time": 18.822,
                          "Actual Rows": 2308,
                          "Actual Loops": 4,
                          "Recheck Cond": "(keyword_id = 784)",
                          "Rows Removed by Index Recheck": 0,
                          "Exact Heap Blocks": 3396,
                          "Lossy Heap Blocks": 0,
                          "Plans": [
                            {
                              "Node Type": "Bitmap Index Scan",
                              "Parent Relationship": "Outer",
                              "Parallel Aware": false,
                              "Index Name": "keyword_id_movie_keyword",
                              "Startup Cost": 0.0,
                              "Total Cost": 254.91,
                              "Plan Rows": 12064,
                              "Plan Width": 0,
                              "Actual Startup Time": 10.4,
                              "Actual Total Time": 10.401,
                              "Actual Rows": 9234,
                              "Actual Loops": 1,
                              "Index Cond": "(keyword_id = 784)"
                            }
                          ]
                        },
                        {
                          "Node Type": "Index Only Scan",
                          "Parent Relationship": "Inner",
                          "Parallel Aware": false,
                          "Scan Direction": "Forward",
                          "Index Name": "title_pkey",
                          "Relation Name": "title",
                          "Alias": "t",
                          "Startup Cost": 0.43,
                          "Total Cost": 6.27,
                          "Plan Rows": 1,
                          "Plan Width": 4,
                          "Actual Startup Time": 0.012,
                          "Actual Total Time": 0.012,
                          "Actual Rows": 1,
                          "Actual Loops": 9234,
                          "Index Cond": "(id = mk.movie_id)",
                          "Rows Removed by Index Recheck": 0,
                          "Heap Fetches": 9234
                        }
                      ]
                    },
                    {
                      "Node Type": "Index Only Scan",
                      "Parent Relationship": "Inner",
                      "Parallel Aware": false,
                      "Scan Direction": "Forward",
                      "Index Name": "movie_id_cast_info",
                      "Relation Name": "cast_info",
                      "Alias": "ci",
                      "Startup Cost": 0.56,
                      "Total Cost": 1.78,
                      "Plan Rows": 35,
                      "Plan Width": 4,
                      "Actual Startup Time": 0.018,
                      "Actual Total Time": 0.202,
                      "Actual Rows": 51,
                      "Actual Loops": 9234,
                      "Index Cond": "(movie_id = t.id)",
                      "Rows Removed by Index Recheck": 0,
                      "Heap Fetches": 468122
                    }
                  ]
                }
              ]
            }
          ]
        }
      ]
    },
    "Planning Time": 1.37,
    "Triggers": [],
    "Execution Time": 666.679
  }
]