[
  {
    "Plan": {
      "Node Type": "Aggregate",
      "Strategy": "Plain",
      "Partial Mode": "Finalize",
      "Parallel Aware": false,
      "Startup Cost": 79278.49,
      "Total Cost": 79278.5,
      "Plan Rows": 1,
      "Plan Width": 8,
      "Actual Startup Time": 447.459,
      "Actual Total Time": 463.814,
      "Actual Rows": 1,
      "Actual Loops": 1,
      "Plans": [
        {
          "Node Type": "Gather",
          "Parent Relationship": "Outer",
          "Parallel Aware": false,
          "Startup Cost": 79278.17,
          "Total Cost": 79278.48,
          "Plan Rows": 3,
          "Plan Width": 8,
          "Actual Startup Time": 435.413,
          "Actual Total Time": 463.803,
          "Actual Rows": 4,
          "Actual Loops": 1,
          "Workers Planned": 3,
          "Workers Launched": 3,
          "Single Copy": false,
          "Plans": [
            {
              "Node Type": "Aggregate",
              "Strategy": "Plain",
              "Partial Mode": "Partial",
              "Parent Relationship": "Outer",
              "Parallel Aware": false,
              "Startup Cost": 78278.17,
              "Total Cost": 78278.18,
              "Plan Rows": 1,
              "Plan Width": 8,
              "Actual Startup Time": 424.091,
              "Actual Total Time": 424.095,
              "Actual Rows": 1,
              "Actual Loops": 4,
              "Plans": [
                {
                  "Node Type": "Hash Join",
                  "Parent Relationship": "Outer",
                  "Parallel Aware": true,
                  "Join Type": "Inner",
                  "Startup Cost": 57563.16,
                  "Total Cost": 78143.76,
                  "Plan Rows": 53765,
                  "Plan Width": 0,
                  "Actual Startup Time": 349.758,
                  "Actual Total Time": 420.865,
                  "Actual Rows": 66276,
                  "Actual Loops": 4,
                  "Inner Unique": true,
                  "Hash Cond": "(mc.movie_id = t.id)",
                  "Plans": [
                    {
                      "Node Type": "Bitmap Heap Scan",
                      "Parent Relationship": "Outer",
                      "Parallel Aware": true,
                      "Relation Name": "movie_companies",
                      "Alias": "mc",
                      "Startup Cost": 7342.77,
                      "Total Cost": 27782.24,
                      "Plan Rows": 53765,
                      "Plan Width": 4,
                      "Actual Startup Time": 16.406,
                      "Actual Total Time": 50.907,
                      "Actual Rows": 66276,
                      "Actual Loops": 4,
                      "Recheck Cond": "(company_id < 166)",
                      "Rows Removed by Index Recheck": 0,
                      "Filter": "(company_type_id < 2)",
                      "Rows Removed by Filter": 17338,
                      "Exact Heap Blocks": 6638,
                      "Lossy Heap Blocks": 0,
                      "Plans": [
                        {
                          "Node Type": "Bitmap Index Scan",
                          "Parent Relationship": "Outer",
                          "Parallel Aware": false,
                          "Index Name": "company_id_movie_companies",
                          "Startup Cost": 0.0,
                          "Total Cost": 7301.1,
                          "Plan Rows": 340890,
                          "Plan Width": 0,
                          "Actual Startup Time": 13.799,
                          "Actual Total Time": 13.8,
                          "Actual Rows": 334457,
                          "Actual Loops": 1,
                          "Index Cond": "(company_id < 166)"
                        }
                      ]
                    },
                    {
                      "Node Type": "Hash",
                      "Parent Relationship": "Inner",
                      "Parallel Aware": true,
                      "Startup Cost": 42319.06,
                      "Total Cost": 42319.06,
                      "Plan Rows": 632106,
                      "Plan Width": 4,
                      "Actual Startup Time": 325.5,
                      "Actual Total Time": 325.501,
                      "Actual Rows": 632078,
                      "Actual Loops": 4,
                      "Hash Buckets": 4194304,
                      "Original Hash Buckets": 4194304,
                      "Hash Batches": 1,
                      "Original Hash Batches": 1,
                      "Peak Memory Usage": 131744,
                      "Plans": [
                        {
                          "Node Type": "Seq Scan",
                          "Parent Relationship": "Outer",
                          "Parallel Aware": true,
                          "Relation Name": "title",
                          "Alias": "t",
                          "Startup Cost": 0.0,
                          "Total Cost": 42319.06,
                          "Plan Rows": 632106,
                          "Plan Width": 4,
                          "Actual Startup Time": 0.034,
                          "Actual Total Time": 96.478,
                          "Actual Rows": 632078,
                          "Actual Loops": 4
                        }
                      ]
                    }
                  ]
                }
              ]
            }
          ]
        }
      ]
    },
    "Planning Time": 0.282,
    "Triggers": [],
    "Execution Time": 463.859
  }
]