{
  "Plan": {
    "Node Type": "Aggregate",
    "Strategy": "Plain",
    "Partial Mode": "Finalize",
    "Parallel Aware": false,
    "Startup Cost": 115154.62,
    "Total Cost": 115154.63,
    "Plan Rows": 1,
    "Plan Width": 8,
    "Actual Startup Time": 1004.369,
    "Actual Total Time": 1023.017,
    "Actual Rows": 1,
    "Actual Loops": 1,
    "Plans": [
      {
        "Node Type": "Gather",
        "Parent Relationship": "Outer",
        "Parallel Aware": false,
        "Startup Cost": 115154.51,
        "Total Cost": 115154.62,
        "Plan Rows": 1,
        "Plan Width": 8,
        "Actual Startup Time": 999.585,
        "Actual Total Time": 1023.008,
        "Actual Rows": 2,
        "Actual Loops": 1,
        "Workers Planned": 1,
        "Workers Launched": 1,
        "Single Copy": false,
        "Plans": [
          {
            "Node Type": "Aggregate",
            "Strategy": "Plain",
            "Partial Mode": "Partial",
            "Parent Relationship": "Outer",
            "Parallel Aware": false,
            "Startup Cost": 114154.51,
            "Total Cost": 114154.52,
            "Plan Rows": 1,
            "Plan Width": 8,
            "Actual Startup Time": 994.273,
            "Actual Total Time": 994.865,
            "Actual Rows": 1,
            "Actual Loops": 2,
            "Plans": [
              {
                "Node Type": "Hash Join",
                "Parent Relationship": "Outer",
                "Parallel Aware": true,
                "Join Type": "Inner",
                "Startup Cost": 49100.94,
                "Total Cost": 112696.66,
                "Plan Rows": 583137,
                "Plan Width": 0,
                "Actual Startup Time": 369.502,
                "Actual Total Time": 966.022,
                "Actual Rows": 575158,
                "Actual Loops": 2,
                "Inner Unique": false,
                "Hash Cond": "(t.id = mc.movie_id)",
                "Plans": [
                  {
                    "Node Type": "Seq Scan",
                    "Parent Relationship": "Outer",
                    "Parallel Aware": true,
                    "Relation Name": "title",
                    "Alias": "t",
                    "Startup Cost": 0.0,
                    "Total Cost": 50870.31,
                    "Plan Rows": 1487231,
                    "Plan Width": 4,
                    "Actual Startup Time": 0.012,
                    "Actual Total Time": 144.856,
                    "Actual Rows": 1264156,
                    "Actual Loops": 2
                  },
                  {
                    "Node Type": "Hash",
                    "Parent Relationship": "Inner",
                    "Parallel Aware": true,
                    "Startup Cost": 41811.73,
                    "Total Cost": 41811.73,
                    "Plan Rows": 583137,
                    "Plan Width": 4,
                    "Actual Startup Time": 359.982,
                    "Actual Total Time": 359.983,
                    "Actual Rows": 575158,
                    "Actual Loops": 2,
                    "Hash Buckets": 2097152,
                    "Original Hash Buckets": 1048576,
                    "Hash Batches": 1,
                    "Original Hash Batches": 1,
                    "Peak Memory Usage": 69600,
                    "Plans": [
                      {
                        "Node Type": "Seq Scan",
                        "Parent Relationship": "Outer",
                        "Parallel Aware": true,
                        "Relation Name": "movie_companies",
                        "Alias": "mc",
                        "Startup Cost": 0.0,
                        "Total Cost": 41811.73,
                        "Plan Rows": 583137,
                        "Plan Width": 4,
                        "Actual Startup Time": 71.345,
                        "Actual Total Time": 163.601,
                        "Actual Rows": 575158,
                        "Actual Loops": 2,
                        "Filter": "((company_id > 909) AND (company_type_id > 1))",
                        "Rows Removed by Filter": 729407
                      }
                    ]
                  }
                ]
              }
            ]
          }
        ]
      }
    ]
  },
  "Planning Time": 0.671,
  "Triggers": [],
  "Execution Time": 1023.084
}