{
  "Plan": {
    "Node Type": "Aggregate",
    "Strategy": "Plain",
    "Partial Mode": "Finalize",
    "Parallel Aware": false,
    "Startup Cost": 532612.46,
    "Total Cost": 532612.47,
    "Plan Rows": 1,
    "Plan Width": 8,
    "Actual Startup Time": 2569.842,
    "Actual Total Time": 2599.35,
    "Actual Rows": 1,
    "Actual Loops": 1,
    "Plans": [
      {
        "Node Type": "Gather",
        "Parent Relationship": "Outer",
        "Parallel Aware": false,
        "Startup Cost": 532612.35,
        "Total Cost": 532612.46,
        "Plan Rows": 1,
        "Plan Width": 8,
        "Actual Startup Time": 2565.081,
        "Actual Total Time": 2599.343,
        "Actual Rows": 2,
        "Actual Loops": 1,
        "Workers Planned": 1,
        "Workers Launched": 1,
        "Single Copy": false,
        "Plans": [
          {
            "Node Type": "Aggregate",
            "Strategy": "Plain",
            "Partial Mode": "Partial",
            "Parent Relationship": "Outer",
            "Parallel Aware": false,
            "Startup Cost": 531612.35,
            "Total Cost": 531612.36,
            "Plan Rows": 1,
            "Plan Width": 8,
            "Actual Startup Time": 2552.231,
            "Actual Total Time": 2552.235,
            "Actual Rows": 1,
            "Actual Loops": 2,
            "Plans": [
              {
                "Node Type": "Hash Join",
                "Parent Relationship": "Outer",
                "Parallel Aware": true,
                "Join Type": "Inner",
                "Startup Cost": 212526.22,
                "Total Cost": 527276.39,
                "Plan Rows": 1734386,
                "Plan Width": 0,
                "Actual Startup Time": 750.021,
                "Actual Total Time": 2422.169,
                "Actual Rows": 3172042,
                "Actual Loops": 2,
                "Inner Unique": true,
                "Hash Cond": "(ci.movie_id = t.id)",
                "Plans": [
                  {
                    "Node Type": "Bitmap Heap Scan",
                    "Parent Relationship": "Outer",
                    "Parallel Aware": true,
                    "Relation Name": "cast_info",
                    "Alias": "ci",
                    "Startup Cost": 143065.52,
                    "Total Cost": 453262.91,
                    "Plan Rows": 1734386,
                    "Plan Width": 4,
                    "Actual Startup Time": 236.331,
                    "Actual Total Time": 694.378,
                    "Actual Rows": 3172042,
                    "Actual Loops": 2,
                    "Recheck Cond": "(person_id > 3019024)",
                    "Rows Removed by Index Recheck": 0,
                    "Filter": "(role_id > 2)",
                    "Rows Removed by Filter": 0,
                    "Exact Heap Blocks": 42728,
                    "Lossy Heap Blocks": 0,
                    "Plans": [
                      {
                        "Node Type": "Bitmap Index Scan",
                        "Parent Relationship": "Outer",
                        "Parallel Aware": false,
                        "Index Name": "person_id_cast_info",
                        "Startup Cost": 0.0,
                        "Total Cost": 142328.4,
                        "Plan Rows": 6517845,
                        "Plan Width": 0,
                        "Actual Startup Time": 222.152,
                        "Actual Total Time": 222.152,
                        "Actual Rows": 6344084,
                        "Actual Loops": 1,
                        "Index Cond": "(person_id > 3019024)"
                      }
                    ]
                  },
                  {
                    "Node Type": "Hash",
                    "Parent Relationship": "Inner",
                    "Parallel Aware": true,
                    "Startup Cost": 50870.31,
                    "Total Cost": 50870.31,
                    "Plan Rows": 1487231,
                    "Plan Width": 4,
                    "Actual Startup Time": 491.238,
                    "Actual Total Time": 491.238,
                    "Actual Rows": 1264156,
                    "Actual Loops": 2,
                    "Hash Buckets": 4194304,
                    "Original Hash Buckets": 4194304,
                    "Hash Batches": 1,
                    "Original Hash Batches": 1,
                    "Peak Memory Usage": 131712,
                    "Plans": [
                      {
                        "Node Type": "Seq Scan",
                        "Parent Relationship": "Outer",
                        "Parallel Aware": true,
                        "Relation Name": "title",
                        "Alias": "t",
                        "Startup Cost": 0.0,
                        "Total Cost": 50870.31,
                        "Plan Rows": 1487231,
                        "Plan Width": 4,
                        "Actual Startup Time": 0.027,
                        "Actual Total Time": 147.788,
                        "Actual Rows": 1264156,
                        "Actual Loops": 2
                      }
                    ]
                  }
                ]
              }
            ]
          }
        ]
      }
    ]
  },
  "Planning Time": 0.616,
  "Triggers": [],
  "Execution Time": 2599.442
}