[
  {
    "Plan": {
      "Node Type": "Aggregate",
      "Strategy": "Plain",
      "Partial Mode": "Finalize",
      "Parallel Aware": false,
      "Startup Cost": 23994.92,
      "Total Cost": 23994.93,
      "Plan Rows": 1,
      "Plan Width": 8,
      "Actual Startup Time": 50.473,
      "Actual Total Time": 54.575,
      "Actual Rows": 1,
      "Actual Loops": 1,
      "Plans": [
        {
          "Node Type": "Gather",
          "Parent Relationship": "Outer",
          "Parallel Aware": false,
          "Startup Cost": 23994.6,
          "Total Cost": 23994.91,
          "Plan Rows": 3,
          "Plan Width": 8,
          "Actual Startup Time": 50.285,
          "Actual Total Time": 54.567,
          "Actual Rows": 4,
          "Actual Loops": 1,
          "Workers Planned": 3,
          "Workers Launched": 3,
          "Single Copy": false,
          "Plans": [
            {
              "Node Type": "Aggregate",
              "Strategy": "Plain",
              "Partial Mode": "Partial",
              "Parent Relationship": "Outer",
              "Parallel Aware": false,
              "Startup Cost": 22994.6,
              "Total Cost": 22994.61,
              "Plan Rows": 1,
              "Plan Width": 8,
              "Actual Startup Time": 45.011,
              "Actual Total Time": 45.012,
              "Actual Rows": 1,
              "Actual Loops": 4,
              "Plans": [
                {
                  "Node Type": "Bitmap Heap Scan",
                  "Parent Relationship": "Outer",
                  "Parallel Aware": true,
                  "Relation Name": "movie_companies",
                  "Alias": "mc",
                  "Startup Cost": 3381.13,
                  "Total Cost": 22930.35,
                  "Plan Rows": 25699,
                  "Plan Width": 0,
                  "Actual Startup Time": 13.312,
                  "Actual Total Time": 41.175,
                  "Actual Rows": 38397,
                  "Actual Loops": 4,
                  "Recheck Cond": "(company_id > 130562)",
                  "Rows Removed by Index Recheck": 0,
                  "Filter": "(company_type_id > 1)",
                  "Rows Removed by Filter": 0,
                  "Exact Heap Blocks": 1961,
                  "Lossy Heap Blocks": 0,
                  "Plans": [
                    {
                      "Node Type": "Bitmap Index Scan",
                      "Parent Relationship": "Outer",
                      "Parallel Aware": false,
                      "Index Name": "company_id_movie_companies",
                      "Startup Cost": 0.0,
                      "Total Cost": 3361.22,
                      "Plan Rows": 156905,
                      "Plan Width": 0,
                      "Actual Startup Time": 16.842,
                      "Actual Total Time": 16.842,
                      "Actual Rows": 153589,
                      "Actual Loops": 1,
                      "Index Cond": "(company_id > 130562)"
                    }
                  ]
                }
              ]
            }
          ]
        }
      ]
    },
    "Planning Time": 0.181,
    "Triggers": [],
    "Execution Time": 54.628
  }
]