[
  {
    "Plan": {
      "Node Type": "Aggregate",
      "Strategy": "Plain",
      "Partial Mode": "Finalize",
      "Parallel Aware": false,
      "Startup Cost": 81971.51,
      "Total Cost": 81971.52,
      "Plan Rows": 1,
      "Plan Width": 8,
      "Actual Startup Time": 369.815,
      "Actual Total Time": 386.367,
      "Actual Rows": 1,
      "Actual Loops": 1,
      "Plans": [
        {
          "Node Type": "Gather",
          "Parent Relationship": "Outer",
          "Parallel Aware": false,
          "Startup Cost": 81971.09,
          "Total Cost": 81971.5,
          "Plan Rows": 4,
          "Plan Width": 8,
          "Actual Startup Time": 364.469,
          "Actual Total Time": 386.343,
          "Actual Rows": 5,
          "Actual Loops": 1,
          "Workers Planned": 4,
          "Workers Launched": 4,
          "Single Copy": false,
          "Plans": [
            {
              "Node Type": "Aggregate",
              "Strategy": "Plain",
              "Partial Mode": "Partial",
              "Parent Relationship": "Outer",
              "Parallel Aware": false,
              "Startup Cost": 80971.09,
              "Total Cost": 80971.1,
              "Plan Rows": 1,
              "Plan Width": 8,
              "Actual Startup Time": 354.642,
              "Actual Total Time": 354.739,
              "Actual Rows": 1,
              "Actual Loops": 5,
              "Plans": [
                {
                  "Node Type": "Hash Join",
                  "Parent Relationship": "Outer",
                  "Parallel Aware": true,
                  "Join Type": "Inner",
                  "Startup Cost": 33042.19,
                  "Total Cost": 80805.78,
                  "Plan Rows": 66124,
                  "Plan Width": 0,
                  "Actual Startup Time": 143.295,
                  "Actual Total Time": 351.372,
                  "Actual Rows": 61358,
                  "Actual Loops": 5,
                  "Inner Unique": false,
                  "Hash Cond": "(t.id = mc.movie_id)",
                  "Plans": [
                    {
                      "Node Type": "Seq Scan",
                      "Parent Relationship": "Outer",
                      "Parallel Aware": true,
                      "Relation Name": "title",
                      "Alias": "t",
                      "Startup Cost": 0.0,
                      "Total Cost": 45479.1,
                      "Plan Rows": 414238,
                      "Plan Width": 4,
                      "Actual Startup Time": 0.022,
                      "Actual Total Time": 91.759,
                      "Actual Rows": 352394,
                      "Actual Loops": 5,
                      "Filter": "((kind_id > 1) AND (production_year > 1957))",
                      "Rows Removed by Filter": 153269
                    },
                    {
                      "Node Type": "Hash",
                      "Parent Relationship": "Inner",
                      "Parallel Aware": true,
                      "Startup Cost": 31414.82,
                      "Total Cost": 31414.82,
                      "Plan Rows": 130190,
                      "Plan Width": 4,
                      "Actual Startup Time": 140.564,
                      "Actual Total Time": 140.564,
                      "Actual Rows": 146660,
                      "Actual Loops": 5,
                      "Hash Buckets": 1048576,
                      "Original Hash Buckets": 524288,
                      "Hash Batches": 1,
                      "Original Hash Batches": 1,
                      "Peak Memory Usage": 41088,
                      "Plans": [
                        {
                          "Node Type": "Seq Scan",
                          "Parent Relationship": "Outer",
                          "Parallel Aware": true,
                          "Relation Name": "movie_companies",
                          "Alias": "mc",
                          "Startup Cost": 0.0,
                          "Total Cost": 31414.82,
                          "Plan Rows": 130190,
                          "Plan Width": 4,
                          "Actual Startup Time": 42.313,
                          "Actual Total Time": 78.436,
                          "Actual Rows": 146660,
                          "Actual Loops": 5,
                          "Filter": "((company_id > 29342) AND (company_type_id = 2))",
                          "Rows Removed by Filter": 375166
                        }
                      ]
                    }
                  ]
                }
              ]
            }
          ]
        }
      ]
    },
    "Planning Time": 0.656,
    "Triggers": [],
    "Execution Time": 386.442
  }
]