[
    {
        "Bao": {
            "Bao prediction": "NaN",
            "Bao recommended hint": "(no hint)"
        }
    },
    {
        "Plan": {
            "Node Type": "Aggregate",
            "Strategy": "Plain",
            "Partial Mode": "Finalize",
            "Parallel Aware": false,
            "Startup Cost": 45114.97,
            "Total Cost": 45114.98,
            "Plan Rows": 1,
            "Plan Width": 8,
            "Actual Startup Time": 303.025,
            "Actual Total Time": 318.314,
            "Actual Rows": 1,
            "Actual Loops": 1,
            "Output": [
                "count(*)"
            ],
            "Plans": [
                {
                    "Node Type": "Gather",
                    "Parent Relationship": "Outer",
                    "Parallel Aware": false,
                    "Startup Cost": 45114.65,
                    "Total Cost": 45114.96,
                    "Plan Rows": 3,
                    "Plan Width": 8,
                    "Actual Startup Time": 299.593,
                    "Actual Total Time": 318.308,
                    "Actual Rows": 4,
                    "Actual Loops": 1,
                    "Output": [
                        "(PARTIAL count(*))"
                    ],
                    "Workers Planned": 3,
                    "Workers Launched": 3,
                    "Single Copy": false,
                    "Plans": [
                        {
                            "Node Type": "Aggregate",
                            "Strategy": "Plain",
                            "Partial Mode": "Partial",
                            "Parent Relationship": "Outer",
                            "Parallel Aware": false,
                            "Startup Cost": 44114.65,
                            "Total Cost": 44114.66,
                            "Plan Rows": 1,
                            "Plan Width": 8,
                            "Actual Startup Time": 290.414,
                            "Actual Total Time": 290.417,
                            "Actual Rows": 1,
                            "Actual Loops": 4,
                            "Output": [
                                "PARTIAL count(*)"
                            ],
                            "Workers": [
                                {
                                    "Worker Number": 0,
                                    "Actual Startup Time": 287.12,
                                    "Actual Total Time": 287.122,
                                    "Actual Rows": 1,
                                    "Actual Loops": 1
                                },
                                {
                                    "Worker Number": 1,
                                    "Actual Startup Time": 287.454,
                                    "Actual Total Time": 287.458,
                                    "Actual Rows": 1,
                                    "Actual Loops": 1
                                },
                                {
                                    "Worker Number": 2,
                                    "Actual Startup Time": 287.795,
                                    "Actual Total Time": 287.798,
                                    "Actual Rows": 1,
                                    "Actual Loops": 1
                                }
                            ],
                            "Plans": [
                                {
                                    "Node Type": "Nested Loop",
                                    "Parent Relationship": "Outer",
                                    "Parallel Aware": false,
                                    "Join Type": "Inner",
                                    "Startup Cost": 19921.93,
                                    "Total Cost": 44092.9,
                                    "Plan Rows": 8699,
                                    "Plan Width": 0,
                                    "Actual Startup Time": 106.603,
                                    "Actual Total Time": 287.62,
                                    "Actual Rows": 49137,
                                    "Actual Loops": 4,
                                    "Inner Unique": true,
                                    "Join Filter": "(ci.movie_id = t.id)",
                                    "Rows Removed by Join Filter": 0,
                                    "Workers": [
                                        {
                                            "Worker Number": 0,
                                            "Actual Startup Time": 103.267,
                                            "Actual Total Time": 284.422,
                                            "Actual Rows": 43312,
                                            "Actual Loops": 1
                                        },
                                        {
                                            "Worker Number": 1,
                                            "Actual Startup Time": 104.176,
                                            "Actual Total Time": 284.668,
                                            "Actual Rows": 45102,
                                            "Actual Loops": 1
                                        },
                                        {
                                            "Worker Number": 2,
                                            "Actual Startup Time": 104.142,
                                            "Actual Total Time": 285.059,
                                            "Actual Rows": 45008,
                                            "Actual Loops": 1
                                        }
                                    ],
                                    "Plans": [
                                        {
                                            "Node Type": "Hash Join",
                                            "Parent Relationship": "Outer",
                                            "Parallel Aware": true,
                                            "Join Type": "Inner",
                                            "Startup Cost": 19921.5,
                                            "Total Cost": 28817.12,
                                            "Plan Rows": 23308,
                                            "Plan Width": 8,
                                            "Actual Startup Time": 106.54,
                                            "Actual Total Time": 151.16,
                                            "Actual Rows": 49137,
                                            "Actual Loops": 4,
                                            "Output": [
                                                "ci.movie_id",
                                                "mi_idx.movie_id"
                                            ],
                                            "Inner Unique": false,
                                            "Hash Cond": "(ci.movie_id = mi_idx.movie_id)",
                                            "Workers": [
                                                {
                                                    "Worker Number": 0,
                                                    "Actual Startup Time": 103.196,
                                                    "Actual Total Time": 144.101,
                                                    "Actual Rows": 43312,
                                                    "Actual Loops": 1
                                                },
                                                {
                                                    "Worker Number": 1,
                                                    "Actual Startup Time": 104.086,
                                                    "Actual Total Time": 146.909,
                                                    "Actual Rows": 45102,
                                                    "Actual Loops": 1
                                                },
                                                {
                                                    "Worker Number": 2,
                                                    "Actual Startup Time": 104.071,
                                                    "Actual Total Time": 146.296,
                                                    "Actual Rows": 45008,
                                                    "Actual Loops": 1
                                                }
                                            ],
                                            "Plans": [
                                                {
                                                    "Node Type": "Index Scan",
                                                    "Parent Relationship": "Outer",
                                                    "Parallel Aware": true,
                                                    "Scan Direction": "Forward",
                                                    "Index Name": "role_id_cast_info",
                                                    "Relation Name": "cast_info",
                                                    "Schema": "public",
                                                    "Alias": "ci",
                                                    "Startup Cost": 0.56,
                                                    "Total Cost": 8709.54,
                                                    "Plan Rows": 23875,
                                                    "Plan Width": 4,
                                                    "Actual Startup Time": 0.082,
                                                    "Actual Total Time": 14.975,
                                                    "Actual Rows": 56466,
                                                    "Actual Loops": 4,
                                                    "Output": [
                                                        "ci.id",
                                                        "ci.person_id",
                                                        "ci.movie_id",
                                                        "ci.person_role_id",
                                                        "ci.note",
                                                        "ci.nr_order",
                                                        "ci.role_id"
                                                    ],
                                                    "Index Cond": "(ci.role_id > 10)",
                                                    "Rows Removed by Index Recheck": 0,
                                                    "Filter": "(ci.person_id > 2807372)",
                                                    "Rows Removed by Filter": 22564,
                                                    "Workers": [
                                                        {
                                                            "Worker Number": 0,
                                                            "Actual Startup Time": 0.101,
                                                            "Actual Total Time": 13.934,
                                                            "Actual Rows": 48241,
                                                            "Actual Loops": 1
                                                        },
                                                        {
                                                            "Worker Number": 1,
                                                            "Actual Startup Time": 0.035,
                                                            "Actual Total Time": 14.834,
                                                            "Actual Rows": 53351,
                                                            "Actual Loops": 1
                                                        },
                                                        {
                                                            "Worker Number": 2,
                                                            "Actual Startup Time": 0.111,
                                                            "Actual Total Time": 14.589,
                                                            "Actual Rows": 51438,
                                                            "Actual Loops": 1
                                                        }
                                                    ]
                                                },
                                                {
                                                    "Node Type": "Hash",
                                                    "Parent Relationship": "Inner",
                                                    "Parallel Aware": true,
                                                    "Startup Cost": 15122.68,
                                                    "Total Cost": 15122.68,
                                                    "Plan Rows": 383860,
                                                    "Plan Width": 4,
                                                    "Actual Startup Time": 103.774,
                                                    "Actual Total Time": 103.774,
                                                    "Actual Rows": 230028,
                                                    "Actual Loops": 4,
                                                    "Output": [
                                                        "mi_idx.movie_id"
                                                    ],
                                                    "Hash Buckets": 1048576,
                                                    "Original Hash Buckets": 1048576,
                                                    "Hash Batches": 1,
                                                    "Original Hash Batches": 1,
                                                    "Peak Memory Usage": 44256,
                                                    "Workers": [
                                                        {
                                                            "Worker Number": 0,
                                                            "Actual Startup Time": 102.662,
                                                            "Actual Total Time": 102.662,
                                                            "Actual Rows": 184019,
                                                            "Actual Loops": 1
                                                        },
                                                        {
                                                            "Worker Number": 1,
                                                            "Actual Startup Time": 103.431,
                                                            "Actual Total Time": 103.431,
                                                            "Actual Rows": 214347,
                                                            "Actual Loops": 1
                                                        },
                                                        {
                                                            "Worker Number": 2,
                                                            "Actual Startup Time": 103.505,
                                                            "Actual Total Time": 103.506,
                                                            "Actual Rows": 213887,
                                                            "Actual Loops": 1
                                                        }
                                                    ],
                                                    "Plans": [
                                                        {
                                                            "Node Type": "Seq Scan",
                                                            "Parent Relationship": "Outer",
                                                            "Parallel Aware": true,
                                                            "Relation Name": "movie_info_idx",
                                                            "Schema": "public",
                                                            "Alias": "mi_idx",
                                                            "Startup Cost": 0.0,
                                                            "Total Cost": 15122.68,
                                                            "Plan Rows": 383860,
                                                            "Plan Width": 4,
                                                            "Actual Startup Time": 0.05,
                                                            "Actual Total Time": 46.021,
                                                            "Actual Rows": 230028,
                                                            "Actual Loops": 4,
                                                            "Output": [
                                                                "mi_idx.movie_id"
                                                            ],
                                                            "Filter": "(mi_idx.info_type_id > 99)",
                                                            "Rows Removed by Filter": 114981,
                                                            "Workers": [
                                                                {
                                                                    "Worker Number": 0,
                                                                    "Actual Startup Time": 0.062,
                                                                    "Actual Total Time": 44.76,
                                                                    "Actual Rows": 184019,
                                                                    "Actual Loops": 1
                                                                },
                                                                {
                                                                    "Worker Number": 1,
                                                                    "Actual Startup Time": 0.059,
                                                                    "Actual Total Time": 47.2,
                                                                    "Actual Rows": 214347,
                                                                    "Actual Loops": 1
                                                                },
                                                                {
                                                                    "Worker Number": 2,
                                                                    "Actual Startup Time": 0.063,
                                                                    "Actual Total Time": 47.54,
                                                                    "Actual Rows": 213887,
                                                                    "Actual Loops": 1
                                                                }
                                                            ]
                                                        }
                                                    ]
                                                }
                                            ]
                                        },
                                        {
                                            "Node Type": "Index Only Scan",
                                            "Parent Relationship": "Inner",
                                            "Parallel Aware": false,
                                            "Scan Direction": "Forward",
                                            "Index Name": "title_pkey",
                                            "Relation Name": "title",
                                            "Schema": "public",
                                            "Alias": "t",
                                            "Startup Cost": 0.43,
                                            "Total Cost": 0.64,
                                            "Plan Rows": 1,
                                            "Plan Width": 4,
                                            "Actual Startup Time": 0.003,
                                            "Actual Total Time": 0.003,
                                            "Actual Rows": 1,
                                            "Actual Loops": 196549,
                                            "Output": [
                                                "t.id"
                                            ],
                                            "Index Cond": "(t.id = mi_idx.movie_id)",
                                            "Rows Removed by Index Recheck": 0,
                                            "Heap Fetches": 196549,
                                            "Workers": [
                                                {
                                                    "Worker Number": 0,
                                                    "Actual Startup Time": 0.003,
                                                    "Actual Total Time": 0.003,
                                                    "Actual Rows": 1,
                                                    "Actual Loops": 43312
                                                },
                                                {
                                                    "Worker Number": 1,
                                                    "Actual Startup Time": 0.003,
                                                    "Actual Total Time": 0.003,
                                                    "Actual Rows": 1,
                                                    "Actual Loops": 45102
                                                },
                                                {
                                                    "Worker Number": 2,
                                                    "Actual Startup Time": 0.003,
                                                    "Actual Total Time": 0.003,
                                                    "Actual Rows": 1,
                                                    "Actual Loops": 45008
                                                }
                                            ]
                                        }
                                    ]
                                }
                            ]
                        }
                    ]
                }
            ]
        },
        "Planning Time": 182.013,
        "Triggers": [],
        "Execution Time": 318.388
    }
]