[
  {
    "Plan": {
      "Node Type": "Aggregate",
      "Strategy": "Plain",
      "Partial Mode": "Finalize",
      "Parallel Aware": false,
      "Startup Cost": 74883.98,
      "Total Cost": 74883.99,
      "Plan Rows": 1,
      "Plan Width": 8,
      "Actual Startup Time": 295.532,
      "Actual Total Time": 308.228,
      "Actual Rows": 1,
      "Actual Loops": 1,
      "Plans": [
        {
          "Node Type": "Gather",
          "Parent Relationship": "Outer",
          "Parallel Aware": false,
          "Startup Cost": 74883.67,
          "Total Cost": 74883.98,
          "Plan Rows": 3,
          "Plan Width": 8,
          "Actual Startup Time": 291.538,
          "Actual Total Time": 308.216,
          "Actual Rows": 4,
          "Actual Loops": 1,
          "Workers Planned": 3,
          "Workers Launched": 3,
          "Single Copy": false,
          "Plans": [
            {
              "Node Type": "Aggregate",
              "Strategy": "Plain",
              "Partial Mode": "Partial",
              "Parent Relationship": "Outer",
              "Parallel Aware": false,
              "Startup Cost": 73883.67,
              "Total Cost": 73883.68,
              "Plan Rows": 1,
              "Plan Width": 8,
              "Actual Startup Time": 285.465,
              "Actual Total Time": 285.47,
              "Actual Rows": 1,
              "Actual Loops": 4,
              "Plans": [
                {
                  "Node Type": "Hash Join",
                  "Parent Relationship": "Outer",
                  "Parallel Aware": true,
                  "Join Type": "Inner",
                  "Startup Cost": 53525.94,
                  "Total Cost": 73788.69,
                  "Plan Rows": 37991,
                  "Plan Width": 0,
                  "Actual Startup Time": 229.27,
                  "Actual Total Time": 281.507,
                  "Actual Rows": 74901,
                  "Actual Loops": 4,
                  "Inner Unique": true,
                  "Hash Cond": "(mc.movie_id = t.id)",
                  "Plans": [
                    {
                      "Node Type": "Bitmap Heap Scan",
                      "Parent Relationship": "Outer",
                      "Parallel Aware": true,
                      "Relation Name": "movie_companies",
                      "Alias": "mc",
                      "Startup Cost": 6543.79,
                      "Total Cost": 26550.94,
                      "Plan Rows": 97372,
                      "Plan Width": 4,
                      "Actual Startup Time": 14.237,
                      "Actual Total Time": 31.682,
                      "Actual Rows": 74901,
                      "Actual Loops": 4,
                      "Recheck Cond": "(company_id > 94364)",
                      "Rows Removed by Index Recheck": 0,
                      "Exact Heap Blocks": 1046,
                      "Lossy Heap Blocks": 0,
                      "Plans": [
                        {
                          "Node Type": "Bitmap Index Scan",
                          "Parent Relationship": "Outer",
                          "Parallel Aware": false,
                          "Index Name": "company_id_movie_companies",
                          "Startup Cost": 0.0,
                          "Total Cost": 6468.33,
                          "Plan Rows": 301853,
                          "Plan Width": 0,
                          "Actual Startup Time": 13.474,
                          "Actual Total Time": 13.474,
                          "Actual Rows": 299603,
                          "Actual Loops": 1,
                          "Index Cond": "(company_id > 94364)"
                        }
                      ]
                    },
                    {
                      "Node Type": "Hash",
                      "Parent Relationship": "Inner",
                      "Parallel Aware": true,
                      "Startup Cost": 43899.32,
                      "Total Cost": 43899.32,
                      "Plan Rows": 246626,
                      "Plan Width": 4,
                      "Actual Startup Time": 210.972,
                      "Actual Total Time": 210.973,
                      "Actual Rows": 246262,
                      "Actual Loops": 4,
                      "Hash Buckets": 1048576,
                      "Original Hash Buckets": 1048576,
                      "Hash Batches": 1,
                      "Original Hash Batches": 1,
                      "Peak Memory Usage": 46784,
                      "Plans": [
                        {
                          "Node Type": "Seq Scan",
                          "Parent Relationship": "Outer",
                          "Parallel Aware": true,
                          "Relation Name": "title",
                          "Alias": "t",
                          "Startup Cost": 0.0,
                          "Total Cost": 43899.32,
                          "Plan Rows": 246626,
                          "Plan Width": 4,
                          "Actual Startup Time": 0.04,
                          "Actual Total Time": 114.76,
                          "Actual Rows": 246262,
                          "Actual Loops": 4,
                          "Filter": "(kind_id < 7)",
                          "Rows Removed by Filter": 385816
                        }
                      ]
                    }
                  ]
                }
              ]
            }
          ]
        }
      ]
    },
    "Planning Time": 0.582,
    "Triggers": [],
    "Execution Time": 308.297
  }
]