[
  {
    "Plan": {
      "Node Type": "Aggregate",
      "Strategy": "Plain",
      "Partial Mode": "Finalize",
      "Parallel Aware": false,
      "Startup Cost": 73981.18,
      "Total Cost": 73981.19,
      "Plan Rows": 1,
      "Plan Width": 8,
      "Actual Startup Time": 220.615,
      "Actual Total Time": 231.997,
      "Actual Rows": 1,
      "Actual Loops": 1,
      "Plans": [
        {
          "Node Type": "Gather",
          "Parent Relationship": "Outer",
          "Parallel Aware": false,
          "Startup Cost": 73980.76,
          "Total Cost": 73981.17,
          "Plan Rows": 4,
          "Plan Width": 8,
          "Actual Startup Time": 217.788,
          "Actual Total Time": 231.985,
          "Actual Rows": 5,
          "Actual Loops": 1,
          "Workers Planned": 4,
          "Workers Launched": 4,
          "Single Copy": false,
          "Plans": [
            {
              "Node Type": "Aggregate",
              "Strategy": "Plain",
              "Partial Mode": "Partial",
              "Parent Relationship": "Outer",
              "Parallel Aware": false,
              "Startup Cost": 72980.76,
              "Total Cost": 72980.77,
              "Plan Rows": 1,
              "Plan Width": 8,
              "Actual Startup Time": 208.233,
              "Actual Total Time": 208.237,
              "Actual Rows": 1,
              "Actual Loops": 5,
              "Plans": [
                {
                  "Node Type": "Hash Join",
                  "Parent Relationship": "Outer",
                  "Parallel Aware": true,
                  "Join Type": "Inner",
                  "Startup Cost": 27674.87,
                  "Total Cost": 72907.54,
                  "Plan Rows": 29286,
                  "Plan Width": 0,
                  "Actual Startup Time": 129.013,
                  "Actual Total Time": 205.524,
                  "Actual Rows": 59921,
                  "Actual Loops": 5,
                  "Inner Unique": false,
                  "Hash Cond": "(t.id = mc.movie_id)",
                  "Plans": [
                    {
                      "Node Type": "Seq Scan",
                      "Parent Relationship": "Outer",
                      "Parallel Aware": true,
                      "Relation Name": "title",
                      "Alias": "t",
                      "Startup Cost": 0.0,
                      "Total Cost": 43898.92,
                      "Plan Rows": 247857,
                      "Plan Width": 4,
                      "Actual Startup Time": 0.014,
                      "Actual Total Time": 75.26,
                      "Actual Rows": 197010,
                      "Actual Loops": 5,
                      "Filter": "(kind_id < 7)",
                      "Rows Removed by Filter": 308653
                    },
                    {
                      "Node Type": "Hash",
                      "Parent Relationship": "Inner",
                      "Parallel Aware": true,
                      "Startup Cost": 26470.27,
                      "Total Cost": 26470.27,
                      "Plan Rows": 96368,
                      "Plan Width": 4,
                      "Actual Startup Time": 80.151,
                      "Actual Total Time": 80.152,
                      "Actual Rows": 59921,
                      "Actual Loops": 5,
                      "Hash Buckets": 524288,
                      "Original Hash Buckets": 524288,
                      "Hash Batches": 1,
                      "Original Hash Batches": 1,
                      "Peak Memory Usage": 15904,
                      "Plans": [
                        {
                          "Node Type": "Bitmap Heap Scan",
                          "Parent Relationship": "Outer",
                          "Parallel Aware": true,
                          "Relation Name": "movie_companies",
                          "Alias": "mc",
                          "Startup Cost": 6475.67,
                          "Total Cost": 26470.27,
                          "Plan Rows": 96368,
                          "Plan Width": 4,
                          "Actual Startup Time": 26.991,
                          "Actual Total Time": 54.665,
                          "Actual Rows": 59921,
                          "Actual Loops": 5,
                          "Recheck Cond": "(company_id > 94364)",
                          "Rows Removed by Index Recheck": 0,
                          "Exact Heap Blocks": 1934,
                          "Lossy Heap Blocks": 0,
                          "Plans": [
                            {
                              "Node Type": "Bitmap Index Scan",
                              "Parent Relationship": "Outer",
                              "Parallel Aware": false,
                              "Index Name": "company_id_movie_companies",
                              "Startup Cost": 0.0,
                              "Total Cost": 6400.99,
                              "Plan Rows": 298741,
                              "Plan Width": 0,
                              "Actual Startup Time": 26.077,
                              "Actual Total Time": 26.077,
                              "Actual Rows": 299603,
                              "Actual Loops": 1,
                              "Index Cond": "(company_id > 94364)"
                            }
                          ]
                        }
                      ]
                    }
                  ]
                }
              ]
            }
          ]
        }
      ]
    },
    "Planning Time": 0.637,
    "Triggers": [],
    "Execution Time": 232.09
  }
]