[
    {
        "Bao": {
            "Bao prediction": 442.482,
            "Bao recommended hint": "(no hint)"
        }
    },
    {
        "Plan": {
            "Node Type": "Aggregate",
            "Strategy": "Plain",
            "Partial Mode": "Finalize",
            "Parallel Aware": false,
            "Startup Cost": 32895.87,
            "Total Cost": 32895.88,
            "Plan Rows": 1,
            "Plan Width": 8,
            "Actual Startup Time": 120.731,
            "Actual Total Time": 127.749,
            "Actual Rows": 1,
            "Actual Loops": 1,
            "Output": [
                "count(*)"
            ],
            "Plans": [
                {
                    "Node Type": "Gather",
                    "Parent Relationship": "Outer",
                    "Parallel Aware": false,
                    "Startup Cost": 32895.55,
                    "Total Cost": 32895.86,
                    "Plan Rows": 3,
                    "Plan Width": 8,
                    "Actual Startup Time": 120.597,
                    "Actual Total Time": 127.74,
                    "Actual Rows": 4,
                    "Actual Loops": 1,
                    "Output": [
                        "(PARTIAL count(*))"
                    ],
                    "Workers Planned": 3,
                    "Workers Launched": 3,
                    "Single Copy": false,
                    "Plans": [
                        {
                            "Node Type": "Aggregate",
                            "Strategy": "Plain",
                            "Partial Mode": "Partial",
                            "Parent Relationship": "Outer",
                            "Parallel Aware": false,
                            "Startup Cost": 31895.55,
                            "Total Cost": 31895.56,
                            "Plan Rows": 1,
                            "Plan Width": 8,
                            "Actual Startup Time": 111.922,
                            "Actual Total Time": 111.923,
                            "Actual Rows": 1,
                            "Actual Loops": 4,
                            "Output": [
                                "PARTIAL count(*)"
                            ],
                            "Workers": [
                                {
                                    "Worker Number": 0,
                                    "Actual Startup Time": 108.78,
                                    "Actual Total Time": 108.781,
                                    "Actual Rows": 1,
                                    "Actual Loops": 1
                                },
                                {
                                    "Worker Number": 1,
                                    "Actual Startup Time": 109.471,
                                    "Actual Total Time": 109.472,
                                    "Actual Rows": 1,
                                    "Actual Loops": 1
                                },
                                {
                                    "Worker Number": 2,
                                    "Actual Startup Time": 109.476,
                                    "Actual Total Time": 109.477,
                                    "Actual Rows": 1,
                                    "Actual Loops": 1
                                }
                            ],
                            "Plans": [
                                {
                                    "Node Type": "Seq Scan",
                                    "Parent Relationship": "Outer",
                                    "Parallel Aware": true,
                                    "Relation Name": "movie_companies",
                                    "Schema": "public",
                                    "Alias": "mc",
                                    "Startup Cost": 0.0,
                                    "Total Cost": 31414.82,
                                    "Plan Rows": 192293,
                                    "Plan Width": 0,
                                    "Actual Startup Time": 53.914,
                                    "Actual Total Time": 99.647,
                                    "Actual Rows": 219060,
                                    "Actual Loops": 4,
                                    "Output": [
                                        "id",
                                        "movie_id",
                                        "company_id",
                                        "company_type_id",
                                        "note"
                                    ],
                                    "Filter": "((mc.company_id > 12688) AND (mc.company_type_id = 2))",
                                    "Rows Removed by Filter": 433222,
                                    "Workers": [
                                        {
                                            "Worker Number": 0,
                                            "Actual Startup Time": 50.776,
                                            "Actual Total Time": 96.609,
                                            "Actual Rows": 181933,
                                            "Actual Loops": 1
                                        },
                                        {
                                            "Worker Number": 1,
                                            "Actual Startup Time": 51.456,
                                            "Actual Total Time": 97.592,
                                            "Actual Rows": 177866,
                                            "Actual Loops": 1
                                        },
                                        {
                                            "Worker Number": 2,
                                            "Actual Startup Time": 51.469,
                                            "Actual Total Time": 97.63,
                                            "Actual Rows": 176808,
                                            "Actual Loops": 1
                                        }
                                    ]
                                }
                            ]
                        }
                    ]
                }
            ]
        },
        "Planning Time": 1715.548,
        "Triggers": [],
        "Execution Time": 127.86
    }
]