[
  {
    "Plan": {
      "Node Type": "Aggregate",
      "Strategy": "Plain",
      "Partial Mode": "Finalize",
      "Parallel Aware": false,
      "Startup Cost": 116784.55,
      "Total Cost": 116784.56,
      "Plan Rows": 1,
      "Plan Width": 64,
      "Actual Startup Time": 892.307,
      "Actual Total Time": 977.396,
      "Actual Rows": 1,
      "Actual Loops": 1,
      "Plans": [
        {
          "Node Type": "Gather",
          "Parent Relationship": "Outer",
          "Parallel Aware": false,
          "Startup Cost": 116784.12,
          "Total Cost": 116784.53,
          "Plan Rows": 4,
          "Plan Width": 64,
          "Actual Startup Time": 890.11,
          "Actual Total Time": 977.37,
          "Actual Rows": 5,
          "Actual Loops": 1,
          "Workers Planned": 4,
          "Workers Launched": 4,
          "Single Copy": false,
          "Plans": [
            {
              "Node Type": "Aggregate",
              "Strategy": "Plain",
              "Partial Mode": "Partial",
              "Parent Relationship": "Outer",
              "Parallel Aware": false,
              "Startup Cost": 115784.12,
              "Total Cost": 115784.13,
              "Plan Rows": 1,
              "Plan Width": 64,
              "Actual Startup Time": 878.8,
              "Actual Total Time": 878.805,
              "Actual Rows": 1,
              "Actual Loops": 5,
              "Plans": [
                {
                  "Node Type": "Nested Loop",
                  "Parent Relationship": "Outer",
                  "Parallel Aware": false,
                  "Join Type": "Inner",
                  "Startup Cost": 16123.62,
                  "Total Cost": 115376.17,
                  "Plan Rows": 81590,
                  "Plan Width": 23,
                  "Actual Startup Time": 85.813,
                  "Actual Total Time": 875.517,
                  "Actual Rows": 16011,
                  "Actual Loops": 5,
                  "Inner Unique": false,
                  "Plans": [
                    {
                      "Node Type": "Nested Loop",
                      "Parent Relationship": "Outer",
                      "Parallel Aware": false,
                      "Join Type": "Inner",
                      "Startup Cost": 16123.19,
                      "Total Cost": 105272.28,
                      "Plan Rows": 14945,
                      "Plan Width": 35,
                      "Actual Startup Time": 85.683,
                      "Actual Total Time": 813.749,
                      "Actual Rows": 3192,
                      "Actual Loops": 5,
                      "Inner Unique": false,
                      "Plans": [
                        {
                          "Node Type": "Hash Join",
                          "Parent Relationship": "Outer",
                          "Parallel Aware": true,
                          "Join Type": "Inner",
                          "Startup Cost": 16122.76,
                          "Total Cost": 62661.83,
                          "Plan Rows": 19804,
                          "Plan Width": 31,
                          "Actual Startup Time": 82.719,
                          "Actual Total Time": 301.126,
                          "Actual Rows": 16453,
                          "Actual Loops": 5,
                          "Inner Unique": false,
                          "Hash Cond": "(t.id = mi_idx.movie_id)",
                          "Plans": [
                            {
                              "Node Type": "Seq Scan",
                              "Parent Relationship": "Outer",
                              "Parallel Aware": true,
                              "Relation Name": "title",
                              "Alias": "t",
                              "Startup Cost": 0.0,
                              "Total Cost": 45478.74,
                              "Plan Rows": 260750,
                              "Plan Width": 21,
                              "Actual Startup Time": 0.047,
                              "Actual Total Time": 133.482,
                              "Actual Rows": 208560,
                              "Actual Loops": 5,
                              "Filter": "((production_year >= 2000) AND (production_year <= 2010))",
                              "Rows Removed by Filter": 297102
                            },
                            {
                              "Node Type": "Hash",
                              "Parent Relationship": "Inner",
                              "Parallel Aware": true,
                              "Startup Cost": 15122.68,
                              "Total Cost": 15122.68,
                              "Plan Rows": 80006,
                              "Plan Width": 10,
                              "Actual Startup Time": 80.901,
                              "Actual Total Time": 80.902,
                              "Actual Rows": 38568,
                              "Actual Loops": 5,
                              "Hash Buckets": 262144,
                              "Original Hash Buckets": 262144,
                              "Hash Batches": 1,
                              "Original Hash Batches": 1,
                              "Peak Memory Usage": 9728,
                              "Plans": [
                                {
                                  "Node Type": "Seq Scan",
                                  "Parent Relationship": "Outer",
                                  "Parallel Aware": true,
                                  "Relation Name": "movie_info_idx",
                                  "Alias": "mi_idx",
                                  "Startup Cost": 0.0,
                                  "Total Cost": 15122.68,
                                  "Plan Rows": 80006,
                                  "Plan Width": 10,
                                  "Actual Startup Time": 0.079,
                                  "Actual Total Time": 62.364,
                                  "Actual Rows": 38568,
                                  "Actual Loops": 5,
                                  "Filter": "(info > '7.0'::text)",
                                  "Rows Removed by Filter": 237439
                                }
                              ]
                            }
                          ]
                        },
                        {
                          "Node Type": "Index Scan",
                          "Parent Relationship": "Inner",
                          "Parallel Aware": false,
                          "Scan Direction": "Forward",
                          "Index Name": "movie_id_movie_info",
                          "Relation Name": "movie_info",
                          "Alias": "mi",
                          "Startup Cost": 0.43,
                          "Total Cost": 2.14,
                          "Plan Rows": 1,
                          "Plan Width": 4,
                          "Actual Startup Time": 0.03,
                          "Actual Total Time": 0.03,
                          "Actual Rows": 0,
                          "Actual Loops": 82267,
                          "Index Cond": "(movie_id = t.id)",
                          "Rows Removed by Index Recheck": 0,
                          "Filter": "(info = ANY ('{Drama,Horror,Western,Family}'::text[]))",
                          "Rows Removed by Filter": 15
                        }
                      ]
                    },
                    {
                      "Node Type": "Index Only Scan",
                      "Parent Relationship": "Inner",
                      "Parallel Aware": false,
                      "Scan Direction": "Forward",
                      "Index Name": "movie_id_movie_companies",
                      "Relation Name": "movie_companies",
                      "Alias": "mc",
                      "Startup Cost": 0.43,
                      "Total Cost": 0.63,
                      "Plan Rows": 5,
                      "Plan Width": 4,
                      "Actual Startup Time": 0.015,
                      "Actual Total Time": 0.018,
                      "Actual Rows": 5,
                      "Actual Loops": 15961,
                      "Index Cond": "(movie_id = t.id)",
                      "Rows Removed by Index Recheck": 0,
                      "Heap Fetches": 80057
                    }
                  ]
                }
              ]
            }
          ]
        }
      ]
    },
    "Planning Time": 7.55,
    "Triggers": [],
    "Execution Time": 977.854
  }
]