{
  "Plan": {
    "Node Type": "Aggregate",
    "Strategy": "Plain",
    "Partial Mode": "Finalize",
    "Parallel Aware": false,
    "Startup Cost": 548653.21,
    "Total Cost": 548653.22,
    "Plan Rows": 1,
    "Plan Width": 8,
    "Actual Startup Time": 2781.053,
    "Actual Total Time": 2805.014,
    "Actual Rows": 1,
    "Actual Loops": 1,
    "Plans": [
      {
        "Node Type": "Gather",
        "Parent Relationship": "Outer",
        "Parallel Aware": false,
        "Startup Cost": 548653.1,
        "Total Cost": 548653.21,
        "Plan Rows": 1,
        "Plan Width": 8,
        "Actual Startup Time": 2777.385,
        "Actual Total Time": 2805.006,
        "Actual Rows": 2,
        "Actual Loops": 1,
        "Workers Planned": 1,
        "Workers Launched": 1,
        "Single Copy": false,
        "Plans": [
          {
            "Node Type": "Aggregate",
            "Strategy": "Plain",
            "Partial Mode": "Partial",
            "Parent Relationship": "Outer",
            "Parallel Aware": false,
            "Startup Cost": 547653.1,
            "Total Cost": 547653.11,
            "Plan Rows": 1,
            "Plan Width": 8,
            "Actual Startup Time": 2764.531,
            "Actual Total Time": 2764.536,
            "Actual Rows": 1,
            "Actual Loops": 2,
            "Plans": [
              {
                "Node Type": "Hash Join",
                "Parent Relationship": "Outer",
                "Parallel Aware": true,
                "Join Type": "Inner",
                "Startup Cost": 220665.88,
                "Total Cost": 540989.46,
                "Plan Rows": 2665454,
                "Plan Width": 0,
                "Actual Startup Time": 924.15,
                "Actual Total Time": 2647.445,
                "Actual Rows": 2816342,
                "Actual Loops": 2,
                "Inner Unique": true,
                "Hash Cond": "(ci.movie_id = t.id)",
                "Plans": [
                  {
                    "Node Type": "Bitmap Heap Scan",
                    "Parent Relationship": "Outer",
                    "Parallel Aware": true,
                    "Relation Name": "cast_info",
                    "Alias": "ci",
                    "Startup Cost": 151205.18,
                    "Total Cost": 464531.94,
                    "Plan Rows": 2665454,
                    "Plan Width": 4,
                    "Actual Startup Time": 347.987,
                    "Actual Total Time": 838.522,
                    "Actual Rows": 2816342,
                    "Actual Loops": 2,
                    "Recheck Cond": "(person_id < 681560)",
                    "Rows Removed by Index Recheck": 0,
                    "Filter": "(role_id < 4)",
                    "Rows Removed by Filter": 712621,
                    "Exact Heap Blocks": 40089,
                    "Lossy Heap Blocks": 0,
                    "Plans": [
                      {
                        "Node Type": "Bitmap Index Scan",
                        "Parent Relationship": "Outer",
                        "Parallel Aware": false,
                        "Index Name": "person_id_cast_info",
                        "Startup Cost": 0.0,
                        "Total Cost": 150072.36,
                        "Plan Rows": 6872506,
                        "Plan Width": 0,
                        "Actual Startup Time": 334.832,
                        "Actual Total Time": 334.832,
                        "Actual Rows": 7057925,
                        "Actual Loops": 1,
                        "Index Cond": "(person_id < 681560)"
                      }
                    ]
                  },
                  {
                    "Node Type": "Hash",
                    "Parent Relationship": "Inner",
                    "Parallel Aware": true,
                    "Startup Cost": 50870.31,
                    "Total Cost": 50870.31,
                    "Plan Rows": 1487231,
                    "Plan Width": 4,
                    "Actual Startup Time": 554.251,
                    "Actual Total Time": 554.253,
                    "Actual Rows": 1264156,
                    "Actual Loops": 2,
                    "Hash Buckets": 4194304,
                    "Original Hash Buckets": 4194304,
                    "Hash Batches": 1,
                    "Original Hash Batches": 1,
                    "Peak Memory Usage": 131712,
                    "Plans": [
                      {
                        "Node Type": "Seq Scan",
                        "Parent Relationship": "Outer",
                        "Parallel Aware": true,
                        "Relation Name": "title",
                        "Alias": "t",
                        "Startup Cost": 0.0,
                        "Total Cost": 50870.31,
                        "Plan Rows": 1487231,
                        "Plan Width": 4,
                        "Actual Startup Time": 0.03,
                        "Actual Total Time": 152.214,
                        "Actual Rows": 1264156,
                        "Actual Loops": 2
                      }
                    ]
                  }
                ]
              }
            ]
          }
        ]
      }
    ]
  },
  "Planning Time": 0.636,
  "Triggers": [],
  "Execution Time": 2805.111
}