[
  {
    "Plan": {
      "Node Type": "Aggregate",
      "Strategy": "Plain",
      "Partial Mode": "Finalize",
      "Parallel Aware": false,
      "Startup Cost": 33048.91,
      "Total Cost": 33048.92,
      "Plan Rows": 1,
      "Plan Width": 8,
      "Actual Startup Time": 94.987,
      "Actual Total Time": 103.075,
      "Actual Rows": 1,
      "Actual Loops": 1,
      "Plans": [
        {
          "Node Type": "Gather",
          "Parent Relationship": "Outer",
          "Parallel Aware": false,
          "Startup Cost": 33048.59,
          "Total Cost": 33048.9,
          "Plan Rows": 3,
          "Plan Width": 8,
          "Actual Startup Time": 94.751,
          "Actual Total Time": 103.067,
          "Actual Rows": 4,
          "Actual Loops": 1,
          "Workers Planned": 3,
          "Workers Launched": 3,
          "Single Copy": false,
          "Plans": [
            {
              "Node Type": "Aggregate",
              "Strategy": "Plain",
              "Partial Mode": "Partial",
              "Parent Relationship": "Outer",
              "Parallel Aware": false,
              "Startup Cost": 32048.59,
              "Total Cost": 32048.6,
              "Plan Rows": 1,
              "Plan Width": 8,
              "Actual Startup Time": 85.922,
              "Actual Total Time": 85.923,
              "Actual Rows": 1,
              "Actual Loops": 4,
              "Plans": [
                {
                  "Node Type": "Seq Scan",
                  "Parent Relationship": "Outer",
                  "Parallel Aware": true,
                  "Relation Name": "movie_companies",
                  "Alias": "mc",
                  "Startup Cost": 0.0,
                  "Total Cost": 31414.82,
                  "Plan Rows": 253509,
                  "Plan Width": 0,
                  "Actual Startup Time": 50.201,
                  "Actual Total Time": 80.896,
                  "Actual Rows": 123692,
                  "Actual Loops": 4,
                  "Filter": "((company_id < 14504) AND (company_type_id > 1))",
                  "Rows Removed by Filter": 528591
                }
              ]
            }
          ]
        }
      ]
    },
    "Planning Time": 0.22,
    "Triggers": [],
    "Execution Time": 103.132
  }
]