[
  {
    "Plan": {
      "Node Type": "Aggregate",
      "Strategy": "Plain",
      "Partial Mode": "Finalize",
      "Parallel Aware": false,
      "Startup Cost": 90298.33,
      "Total Cost": 90298.34,
      "Plan Rows": 1,
      "Plan Width": 8,
      "Actual Startup Time": 284.343,
      "Actual Total Time": 303.741,
      "Actual Rows": 1,
      "Actual Loops": 1,
      "Plans": [
        {
          "Node Type": "Gather",
          "Parent Relationship": "Outer",
          "Parallel Aware": false,
          "Startup Cost": 90298.02,
          "Total Cost": 90298.33,
          "Plan Rows": 3,
          "Plan Width": 8,
          "Actual Startup Time": 283.711,
          "Actual Total Time": 303.721,
          "Actual Rows": 4,
          "Actual Loops": 1,
          "Workers Planned": 3,
          "Workers Launched": 3,
          "Single Copy": false,
          "Plans": [
            {
              "Node Type": "Aggregate",
              "Strategy": "Plain",
              "Partial Mode": "Partial",
              "Parent Relationship": "Outer",
              "Parallel Aware": false,
              "Startup Cost": 89298.02,
              "Total Cost": 89298.03,
              "Plan Rows": 1,
              "Plan Width": 8,
              "Actual Startup Time": 274.964,
              "Actual Total Time": 274.967,
              "Actual Rows": 1,
              "Actual Loops": 4,
              "Plans": [
                {
                  "Node Type": "Hash Join",
                  "Parent Relationship": "Outer",
                  "Parallel Aware": true,
                  "Join Type": "Inner",
                  "Startup Cost": 44273.4,
                  "Total Cost": 89197.54,
                  "Plan Rows": 40191,
                  "Plan Width": 0,
                  "Actual Startup Time": 138.824,
                  "Actual Total Time": 273.546,
                  "Actual Rows": 29214,
                  "Actual Loops": 4,
                  "Inner Unique": true,
                  "Hash Cond": "(mk.movie_id = t.id)",
                  "Plans": [
                    {
                      "Node Type": "Seq Scan",
                      "Parent Relationship": "Outer",
                      "Parallel Aware": true,
                      "Relation Name": "movie_keyword",
                      "Alias": "mk",
                      "Startup Cost": 0.0,
                      "Total Cost": 42695.65,
                      "Plan Rows": 848948,
                      "Plan Width": 4,
                      "Actual Startup Time": 0.22,
                      "Actual Total Time": 110.481,
                      "Actual Rows": 656629,
                      "Actual Loops": 4,
                      "Filter": "(keyword_id > 3244)",
                      "Rows Removed by Filter": 474354
                    },
                    {
                      "Node Type": "Hash",
                      "Parent Relationship": "Inner",
                      "Parallel Aware": true,
                      "Startup Cost": 43899.32,
                      "Total Cost": 43899.32,
                      "Plan Rows": 29926,
                      "Plan Width": 4,
                      "Actual Startup Time": 105.65,
                      "Actual Total Time": 105.652,
                      "Actual Rows": 32581,
                      "Actual Loops": 4,
                      "Hash Buckets": 131072,
                      "Original Hash Buckets": 131072,
                      "Hash Batches": 1,
                      "Original Hash Batches": 1,
                      "Peak Memory Usage": 6144,
                      "Plans": [
                        {
                          "Node Type": "Seq Scan",
                          "Parent Relationship": "Outer",
                          "Parallel Aware": true,
                          "Relation Name": "title",
                          "Alias": "t",
                          "Startup Cost": 0.0,
                          "Total Cost": 43899.32,
                          "Plan Rows": 29926,
                          "Plan Width": 4,
                          "Actual Startup Time": 47.335,
                          "Actual Total Time": 94.04,
                          "Actual Rows": 32581,
                          "Actual Loops": 4,
                          "Filter": "(production_year < 1936)",
                          "Rows Removed by Filter": 599497
                        }
                      ]
                    }
                  ]
                }
              ]
            }
          ]
        }
      ]
    },
    "Planning Time": 0.153,
    "Triggers": [],
    "Execution Time": 303.771
  }
]