{
    "Plan": {
        "Node Type": "Aggregate",
        "Strategy": "Plain",
        "Partial Mode": "Simple",
        "Parallel Aware": false,
        "Startup Cost": 40002518444.33,
        "Total Cost": 40002518444.34,
        "Plan Rows": 1,
        "Plan Width": 96,
        "Actual Startup Time": 2396.281,
        "Actual Total Time": 2407.071,
        "Actual Rows": 1,
        "Actual Loops": 1,
        "Output": [
            "min(cn.name)",
            "min((lt.link)::text)",
            "min(t.title)"
        ],
        "Plans": [
            {
                "Node Type": "Hash Join",
                "Parent Relationship": "Outer",
                "Parallel Aware": false,
                "Join Type": "Inner",
                "Startup Cost": 40000956598.22,
                "Total Cost": 40002518444.32,
                "Plan Rows": 1,
                "Plan Width": 48,
                "Actual Startup Time": 1822.35,
                "Actual Total Time": 2406.879,
                "Actual Rows": 1476,
                "Actual Loops": 1,
                "Output": [
                    "cn.name",
                    "lt.link",
                    "t.title"
                ],
                "Inner Unique": false,
                "Hash Cond": "(t.id = ml.movie_id)",
                "Plans": [
                    {
                        "Node Type": "Nested Loop",
                        "Parent Relationship": "Outer",
                        "Parallel Aware": false,
                        "Join Type": "Inner",
                        "Startup Cost": 10000614322.75,
                        "Total Cost": 10002175818.37,
                        "Plan Rows": 93460,
                        "Plan Width": 48,
                        "Actual Startup Time": 1708.188,
                        "Actual Total Time": 2273.66,
                        "Actual Rows": 88716,
                        "Actual Loops": 1,
                        "Output": [
                            "cn.name",
                            "mc.movie_id",
                            "mi.movie_id",
                            "t.title",
                            "t.id"
                        ],
                        "Inner Unique": true,
                        "Plans": [
                            {
                                "Node Type": "Merge Join",
                                "Parent Relationship": "Outer",
                                "Parallel Aware": false,
                                "Join Type": "Inner",
                                "Startup Cost": 614322.61,
                                "Total Cost": 622404.88,
                                "Plan Rows": 373843,
                                "Plan Width": 52,
                                "Actual Startup Time": 1708.152,
                                "Actual Total Time": 1912.651,
                                "Actual Rows": 93913,
                                "Actual Loops": 1,
                                "Output": [
                                    "cn.name",
                                    "mc.movie_id",
                                    "mc.company_type_id",
                                    "mi.movie_id",
                                    "t.title",
                                    "t.id"
                                ],
                                "Inner Unique": false,
                                "Merge Cond": "(mi.movie_id = t.id)",
                                "Plans": [
                                    {
                                        "Node Type": "Sort",
                                        "Parent Relationship": "Outer",
                                        "Parallel Aware": false,
                                        "Startup Cost": 495698.35,
                                        "Total Cost": 499043.87,
                                        "Plan Rows": 1338209,
                                        "Plan Width": 4,
                                        "Actual Startup Time": 1036.324,
                                        "Actual Total Time": 1103.43,
                                        "Actual Rows": 1415592,
                                        "Actual Loops": 1,
                                        "Output": [
                                            "mi.movie_id"
                                        ],
                                        "Sort Key": [
                                            "mi.movie_id"
                                        ],
                                        "Sort Method": "quicksort",
                                        "Sort Space Used": 115511,
                                        "Sort Space Type": "Memory",
                                        "Plans": [
                                            {
                                                "Node Type": "Gather",
                                                "Parent Relationship": "Outer",
                                                "Parallel Aware": false,
                                                "Startup Cost": 1000.0,
                                                "Total Cost": 359523.05,
                                                "Plan Rows": 1338209,
                                                "Plan Width": 4,
                                                "Actual Startup Time": 0.76,
                                                "Actual Total Time": 812.279,
                                                "Actual Rows": 1415657,
                                                "Actual Loops": 1,
                                                "Output": [
                                                    "mi.movie_id"
                                                ],
                                                "Workers Planned": 5,
                                                "Workers Launched": 5,
                                                "Single Copy": false,
                                                "Plans": [
                                                    {
                                                        "Node Type": "Seq Scan",
                                                        "Parent Relationship": "Outer",
                                                        "Parallel Aware": true,
                                                        "Relation Name": "movie_info",
                                                        "Schema": "public",
                                                        "Alias": "mi",
                                                        "Startup Cost": 0.0,
                                                        "Total Cost": 224702.15,
                                                        "Plan Rows": 267642,
                                                        "Plan Width": 4,
                                                        "Actual Startup Time": 0.133,
                                                        "Actual Total Time": 761.349,
                                                        "Actual Rows": 235943,
                                                        "Actual Loops": 6,
                                                        "Output": [
                                                            "mi.movie_id"
                                                        ],
                                                        "Filter": "(mi.info = ANY ('{Denmark,USA,English,Germany,Swedish,American,Bulgaria,Norway,Norwegian}'::text[]))",
                                                        "Rows Removed by Filter": 2236677,
                                                        "Workers": [
                                                            {
                                                                "Worker Number": 0,
                                                                "Actual Startup Time": 0.265,
                                                                "Actual Total Time": 787.307,
                                                                "Actual Rows": 272827,
                                                                "Actual Loops": 1
                                                            },
                                                            {
                                                                "Worker Number": 1,
                                                                "Actual Startup Time": 0.12,
                                                                "Actual Total Time": 789.313,
                                                                "Actual Rows": 281123,
                                                                "Actual Loops": 1
                                                            },
                                                            {
                                                                "Worker Number": 2,
                                                                "Actual Startup Time": 0.133,
                                                                "Actual Total Time": 787.897,
                                                                "Actual Rows": 283822,
                                                                "Actual Loops": 1
                                                            },
                                                            {
                                                                "Worker Number": 3,
                                                                "Actual Startup Time": 0.128,
                                                                "Actual Total Time": 789.615,
                                                                "Actual Rows": 277744,
                                                                "Actual Loops": 1
                                                            },
                                                            {
                                                                "Worker Number": 4,
                                                                "Actual Startup Time": 0.127,
                                                                "Actual Total Time": 784.866,
                                                                "Actual Rows": 276854,
                                                                "Actual Loops": 1
                                                            }
                                                        ]
                                                    }
                                                ]
                                            }
                                        ]
                                    },
                                    {
                                        "Node Type": "Sort",
                                        "Parent Relationship": "Inner",
                                        "Parallel Aware": false,
                                        "Startup Cost": 118624.2,
                                        "Total Cost": 118962.25,
                                        "Plan Rows": 135221,
                                        "Plan Width": 48,
                                        "Actual Startup Time": 671.807,
                                        "Actual Total Time": 701.977,
                                        "Actual Rows": 121854,
                                        "Actual Loops": 1,
                                        "Output": [
                                            "cn.name",
                                            "mc.movie_id",
                                            "mc.company_type_id",
                                            "t.title",
                                            "t.id"
                                        ],
                                        "Sort Key": [
                                            "mc.movie_id"
                                        ],
                                        "Sort Method": "quicksort",
                                        "Sort Space Used": 12613,
                                        "Sort Space Type": "Memory",
                                        "Plans": [
                                            {
                                                "Node Type": "Gather",
                                                "Parent Relationship": "Outer",
                                                "Parallel Aware": false,
                                                "Startup Cost": 45618.17,
                                                "Total Cost": 107100.01,
                                                "Plan Rows": 135221,
                                                "Plan Width": 48,
                                                "Actual Startup Time": 392.647,
                                                "Actual Total Time": 661.202,
                                                "Actual Rows": 87267,
                                                "Actual Loops": 1,
                                                "Output": [
                                                    "cn.name",
                                                    "mc.movie_id",
                                                    "mc.company_type_id",
                                                    "t.title",
                                                    "t.id"
                                                ],
                                                "Workers Planned": 4,
                                                "Workers Launched": 4,
                                                "Single Copy": false,
                                                "Plans": [
                                                    {
                                                        "Node Type": "Hash Join",
                                                        "Parent Relationship": "Outer",
                                                        "Parallel Aware": true,
                                                        "Join Type": "Inner",
                                                        "Startup Cost": 44618.17,
                                                        "Total Cost": 92577.91,
                                                        "Plan Rows": 33805,
                                                        "Plan Width": 48,
                                                        "Actual Startup Time": 383.566,
                                                        "Actual Total Time": 625.813,
                                                        "Actual Rows": 17453,
                                                        "Actual Loops": 5,
                                                        "Output": [
                                                            "cn.name",
                                                            "mc.movie_id",
                                                            "mc.company_type_id",
                                                            "t.title",
                                                            "t.id"
                                                        ],
                                                        "Inner Unique": true,
                                                        "Hash Cond": "(mc.company_id = cn.id)",
                                                        "Workers": [
                                                            {
                                                                "Worker Number": 0,
                                                                "Actual Startup Time": 380.991,
                                                                "Actual Total Time": 628.546,
                                                                "Actual Rows": 17342,
                                                                "Actual Loops": 1
                                                            },
                                                            {
                                                                "Worker Number": 1,
                                                                "Actual Startup Time": 381.433,
                                                                "Actual Total Time": 630.149,
                                                                "Actual Rows": 16609,
                                                                "Actual Loops": 1
                                                            },
                                                            {
                                                                "Worker Number": 2,
                                                                "Actual Startup Time": 381.702,
                                                                "Actual Total Time": 629.022,
                                                                "Actual Rows": 17129,
                                                                "Actual Loops": 1
                                                            },
                                                            {
                                                                "Worker Number": 3,
                                                                "Actual Startup Time": 381.554,
                                                                "Actual Total Time": 629.107,
                                                                "Actual Rows": 17153,
                                                                "Actual Loops": 1
                                                            }
                                                        ],
                                                        "Plans": [
                                                            {
                                                                "Node Type": "Hash Join",
                                                                "Parent Relationship": "Outer",
                                                                "Parallel Aware": true,
                                                                "Join Type": "Inner",
                                                                "Startup Cost": 32309.08,
                                                                "Total Cost": 79857.76,
                                                                "Plan Rows": 156591,
                                                                "Plan Width": 33,
                                                                "Actual Startup Time": 323.382,
                                                                "Actual Total Time": 541.83,
                                                                "Actual Rows": 103889,
                                                                "Actual Loops": 5,
                                                                "Output": [
                                                                    "mc.movie_id",
                                                                    "mc.company_type_id",
                                                                    "mc.company_id",
                                                                    "t.title",
                                                                    "t.id"
                                                                ],
                                                                "Inner Unique": false,
                                                                "Hash Cond": "(t.id = mc.movie_id)",
                                                                "Workers": [
                                                                    {
                                                                        "Worker Number": 0,
                                                                        "Actual Startup Time": 323.306,
                                                                        "Actual Total Time": 546.006,
                                                                        "Actual Rows": 101222,
                                                                        "Actual Loops": 1
                                                                    },
                                                                    {
                                                                        "Worker Number": 1,
                                                                        "Actual Startup Time": 323.393,
                                                                        "Actual Total Time": 547.314,
                                                                        "Actual Rows": 99414,
                                                                        "Actual Loops": 1
                                                                    },
                                                                    {
                                                                        "Worker Number": 2,
                                                                        "Actual Startup Time": 323.399,
                                                                        "Actual Total Time": 545.912,
                                                                        "Actual Rows": 100768,
                                                                        "Actual Loops": 1
                                                                    },
                                                                    {
                                                                        "Worker Number": 3,
                                                                        "Actual Startup Time": 323.443,
                                                                        "Actual Total Time": 546.037,
                                                                        "Actual Rows": 100968,
                                                                        "Actual Loops": 1
                                                                    }
                                                                ],
                                                                "Plans": [
                                                                    {
                                                                        "Node Type": "Seq Scan",
                                                                        "Parent Relationship": "Outer",
                                                                        "Parallel Aware": true,
                                                                        "Relation Name": "title",
                                                                        "Schema": "public",
                                                                        "Alias": "t",
                                                                        "Startup Cost": 0.0,
                                                                        "Total Cost": 45479.21,
                                                                        "Plan Rows": 312868,
                                                                        "Plan Width": 21,
                                                                        "Actual Startup Time": 0.038,
                                                                        "Actual Total Time": 98.853,
                                                                        "Actual Rows": 250370,
                                                                        "Actual Loops": 5,
                                                                        "Output": [
                                                                            "t.id",
                                                                            "t.title",
                                                                            "t.imdb_index",
                                                                            "t.kind_id",
                                                                            "t.production_year",
                                                                            "t.imdb_id",
                                                                            "t.phonetic_code",
                                                                            "t.episode_of_id",
                                                                            "t.season_nr",
                                                                            "t.episode_nr",
                                                                            "t.series_years",
                                                                            "t.md5sum"
                                                                        ],
                                                                        "Filter": "((t.production_year >= 1995) AND (t.production_year <= 2010))",
                                                                        "Rows Removed by Filter": 255293,
                                                                        "Workers": [
                                                                            {
                                                                                "Worker Number": 0,
                                                                                "Actual Startup Time": 0.037,
                                                                                "Actual Total Time": 105.169,
                                                                                "Actual Rows": 239966,
                                                                                "Actual Loops": 1
                                                                            },
                                                                            {
                                                                                "Worker Number": 1,
                                                                                "Actual Startup Time": 0.035,
                                                                                "Actual Total Time": 104.623,
                                                                                "Actual Rows": 235627,
                                                                                "Actual Loops": 1
                                                                            },
                                                                            {
                                                                                "Worker Number": 2,
                                                                                "Actual Startup Time": 0.056,
                                                                                "Actual Total Time": 104.074,
                                                                                "Actual Rows": 237030,
                                                                                "Actual Loops": 1
                                                                            },
                                                                            {
                                                                                "Worker Number": 3,
                                                                                "Actual Startup Time": 0.048,
                                                                                "Actual Total Time": 104.483,
                                                                                "Actual Rows": 239237,
                                                                                "Actual Loops": 1
                                                                            }
                                                                        ]
                                                                    },
                                                                    {
                                                                        "Node Type": "Hash",
                                                                        "Parent Relationship": "Inner",
                                                                        "Parallel Aware": true,
                                                                        "Startup Cost": 27206.55,
                                                                        "Total Cost": 27206.55,
                                                                        "Plan Rows": 408203,
                                                                        "Plan Width": 12,
                                                                        "Actual Startup Time": 315.843,
                                                                        "Actual Total Time": 315.845,
                                                                        "Actual Rows": 254398,
                                                                        "Actual Loops": 5,
                                                                        "Output": [
                                                                            "mc.movie_id",
                                                                            "mc.company_type_id",
                                                                            "mc.company_id"
                                                                        ],
                                                                        "Hash Buckets": 2097152,
                                                                        "Original Hash Buckets": 2097152,
                                                                        "Hash Batches": 1,
                                                                        "Original Hash Batches": 1,
                                                                        "Peak Memory Usage": 76160,
                                                                        "Workers": [
                                                                            {
                                                                                "Worker Number": 0,
                                                                                "Actual Startup Time": 323.137,
                                                                                "Actual Total Time": 323.139,
                                                                                "Actual Rows": 248556,
                                                                                "Actual Loops": 1
                                                                            },
                                                                            {
                                                                                "Worker Number": 1,
                                                                                "Actual Startup Time": 323.125,
                                                                                "Actual Total Time": 323.126,
                                                                                "Actual Rows": 211433,
                                                                                "Actual Loops": 1
                                                                            },
                                                                            {
                                                                                "Worker Number": 2,
                                                                                "Actual Startup Time": 323.228,
                                                                                "Actual Total Time": 323.229,
                                                                                "Actual Rows": 253429,
                                                                                "Actual Loops": 1
                                                                            },
                                                                            {
                                                                                "Worker Number": 3,
                                                                                "Actual Startup Time": 286.503,
                                                                                "Actual Total Time": 286.505,
                                                                                "Actual Rows": 242593,
                                                                                "Actual Loops": 1
                                                                            }
                                                                        ],
                                                                        "Plans": [
                                                                            {
                                                                                "Node Type": "Seq Scan",
                                                                                "Parent Relationship": "Outer",
                                                                                "Parallel Aware": true,
                                                                                "Relation Name": "movie_companies",
                                                                                "Schema": "public",
                                                                                "Alias": "mc",
                                                                                "Startup Cost": 0.0,
                                                                                "Total Cost": 27206.55,
                                                                                "Plan Rows": 408203,
                                                                                "Plan Width": 12,
                                                                                "Actual Startup Time": 0.063,
                                                                                "Actual Total Time": 101.162,
                                                                                "Actual Rows": 254398,
                                                                                "Actual Loops": 5,
                                                                                "Output": [
                                                                                    "mc.movie_id",
                                                                                    "mc.company_type_id",
                                                                                    "mc.company_id"
                                                                                ],
                                                                                "Filter": "(mc.note IS NULL)",
                                                                                "Rows Removed by Filter": 267428,
                                                                                "Workers": [
                                                                                    {
                                                                                        "Worker Number": 0,
                                                                                        "Actual Startup Time": 0.054,
                                                                                        "Actual Total Time": 103.525,
                                                                                        "Actual Rows": 248556,
                                                                                        "Actual Loops": 1
                                                                                    },
                                                                                    {
                                                                                        "Worker Number": 1,
                                                                                        "Actual Startup Time": 0.069,
                                                                                        "Actual Total Time": 103.639,
                                                                                        "Actual Rows": 211433,
                                                                                        "Actual Loops": 1
                                                                                    },
                                                                                    {
                                                                                        "Worker Number": 2,
                                                                                        "Actual Startup Time": 0.076,
                                                                                        "Actual Total Time": 102.279,
                                                                                        "Actual Rows": 253429,
                                                                                        "Actual Loops": 1
                                                                                    },
                                                                                    {
                                                                                        "Worker Number": 3,
                                                                                        "Actual Startup Time": 0.049,
                                                                                        "Actual Total Time": 105.738,
                                                                                        "Actual Rows": 242593,
                                                                                        "Actual Loops": 1
                                                                                    }
                                                                                ]
                                                                            }
                                                                        ]
                                                                    }
                                                                ]
                                                            },
                                                            {
                                                                "Node Type": "Hash",
                                                                "Parent Relationship": "Inner",
                                                                "Parallel Aware": true,
                                                                "Startup Cost": 11936.07,
                                                                "Total Cost": 11936.07,
                                                                "Plan Rows": 29842,
                                                                "Plan Width": 23,
                                                                "Actual Startup Time": 58.897,
                                                                "Actual Total Time": 58.898,
                                                                "Actual Rows": 9660,
                                                                "Actual Loops": 5,
                                                                "Output": [
                                                                    "cn.name",
                                                                    "cn.id"
                                                                ],
                                                                "Hash Buckets": 65536,
                                                                "Original Hash Buckets": 65536,
                                                                "Hash Batches": 1,
                                                                "Original Hash Batches": 1,
                                                                "Peak Memory Usage": 3328,
                                                                "Workers": [
                                                                    {
                                                                        "Worker Number": 0,
                                                                        "Actual Startup Time": 56.556,
                                                                        "Actual Total Time": 56.557,
                                                                        "Actual Rows": 8043,
                                                                        "Actual Loops": 1
                                                                    },
                                                                    {
                                                                        "Worker Number": 1,
                                                                        "Actual Startup Time": 56.948,
                                                                        "Actual Total Time": 56.949,
                                                                        "Actual Rows": 7985,
                                                                        "Actual Loops": 1
                                                                    },
                                                                    {
                                                                        "Worker Number": 2,
                                                                        "Actual Startup Time": 57.104,
                                                                        "Actual Total Time": 57.105,
                                                                        "Actual Rows": 7884,
                                                                        "Actual Loops": 1
                                                                    },
                                                                    {
                                                                        "Worker Number": 3,
                                                                        "Actual Startup Time": 57.199,
                                                                        "Actual Total Time": 57.2,
                                                                        "Actual Rows": 8282,
                                                                        "Actual Loops": 1
                                                                    }
                                                                ],
                                                                "Plans": [
                                                                    {
                                                                        "Node Type": "Index Scan",
                                                                        "Parent Relationship": "Outer",
                                                                        "Parallel Aware": true,
                                                                        "Scan Direction": "Forward",
                                                                        "Index Name": "company_name_pkey",
                                                                        "Relation Name": "company_name",
                                                                        "Schema": "public",
                                                                        "Alias": "cn",
                                                                        "Startup Cost": 0.42,
                                                                        "Total Cost": 11936.07,
                                                                        "Plan Rows": 29842,
                                                                        "Plan Width": 23,
                                                                        "Actual Startup Time": 0.332,
                                                                        "Actual Total Time": 53.121,
                                                                        "Actual Rows": 9660,
                                                                        "Actual Loops": 5,
                                                                        "Output": [
                                                                            "cn.name",
                                                                            "cn.id"
                                                                        ],
                                                                        "Filter": "(((cn.country_code)::text <> '[pl]'::text) AND ((cn.name ~~ '%Film%'::text) OR (cn.name ~~ '%Warner%'::text)))",
                                                                        "Rows Removed by Filter": 37339,
                                                                        "Workers": [
                                                                            {
                                                                                "Worker Number": 0,
                                                                                "Actual Startup Time": 0.327,
                                                                                "Actual Total Time": 51.17,
                                                                                "Actual Rows": 8043,
                                                                                "Actual Loops": 1
                                                                            },
                                                                            {
                                                                                "Worker Number": 1,
                                                                                "Actual Startup Time": 0.495,
                                                                                "Actual Total Time": 51.196,
                                                                                "Actual Rows": 7985,
                                                                                "Actual Loops": 1
                                                                            },
                                                                            {
                                                                                "Worker Number": 2,
                                                                                "Actual Startup Time": 0.271,
                                                                                "Actual Total Time": 51.491,
                                                                                "Actual Rows": 7884,
                                                                                "Actual Loops": 1
                                                                            },
                                                                            {
                                                                                "Worker Number": 3,
                                                                                "Actual Startup Time": 0.505,
                                                                                "Actual Total Time": 51.7,
                                                                                "Actual Rows": 8282,
                                                                                "Actual Loops": 1
                                                                            }
                                                                        ]
                                                                    }
                                                                ]
                                                            }
                                                        ]
                                                    }
                                                ]
                                            }
                                        ]
                                    }
                                ]
                            },
                            {
                                "Node Type": "Bitmap Heap Scan",
                                "Parent Relationship": "Inner",
                                "Parallel Aware": false,
                                "Relation Name": "company_type",
                                "Schema": "public",
                                "Alias": "ct",
                                "Startup Cost": 0.14,
                                "Total Cost": 4.15,
                                "Plan Rows": 1,
                                "Plan Width": 4,
                                "Actual Startup Time": 0.002,
                                "Actual Total Time": 0.002,
                                "Actual Rows": 1,
                                "Actual Loops": 93913,
                                "Output": [
                                    "ct.id",
                                    "ct.kind"
                                ],
                                "Recheck Cond": "(ct.id = mc.company_type_id)",
                                "Rows Removed by Index Recheck": 0,
                                "Filter": "((ct.kind)::text = 'production companies'::text)",
                                "Rows Removed by Filter": 0,
                                "Exact Heap Blocks": 93913,
                                "Lossy Heap Blocks": 0,
                                "Plans": [
                                    {
                                        "Node Type": "Bitmap Index Scan",
                                        "Parent Relationship": "Outer",
                                        "Parallel Aware": false,
                                        "Index Name": "company_type_pkey",
                                        "Startup Cost": 0.0,
                                        "Total Cost": 0.14,
                                        "Plan Rows": 1,
                                        "Plan Width": 0,
                                        "Actual Startup Time": 0.001,
                                        "Actual Total Time": 0.001,
                                        "Actual Rows": 1,
                                        "Actual Loops": 93913,
                                        "Index Cond": "(ct.id = mc.company_type_id)"
                                    }
                                ]
                            }
                        ]
                    },
                    {
                        "Node Type": "Hash",
                        "Parent Relationship": "Inner",
                        "Parallel Aware": false,
                        "Startup Cost": 30000342275.46,
                        "Total Cost": 30000342275.46,
                        "Plan Rows": 1,
                        "Plan Width": 20,
                        "Actual Startup Time": 112.593,
                        "Actual Total Time": 112.6,
                        "Actual Rows": 199,
                        "Actual Loops": 1,
                        "Output": [
                            "mk.movie_id",
                            "ml.movie_id",
                            "lt.link"
                        ],
                        "Hash Buckets": 1024,
                        "Original Hash Buckets": 1024,
                        "Hash Batches": 1,
                        "Original Hash Batches": 1,
                        "Peak Memory Usage": 18,
                        "Plans": [
                            {
                                "Node Type": "Nested Loop",
                                "Parent Relationship": "Outer",
                                "Parallel Aware": false,
                                "Join Type": "Inner",
                                "Startup Cost": 30000000967.82,
                                "Total Cost": 30000342275.46,
                                "Plan Rows": 1,
                                "Plan Width": 20,
                                "Actual Startup Time": 10.25,
                                "Actual Total Time": 112.519,
                                "Actual Rows": 199,
                                "Actual Loops": 1,
                                "Output": [
                                    "mk.movie_id",
                                    "ml.movie_id",
                                    "lt.link"
                                ],
                                "Inner Unique": true,
                                "Plans": [
                                    {
                                        "Node Type": "Merge Join",
                                        "Parent Relationship": "Outer",
                                        "Parallel Aware": false,
                                        "Join Type": "Inner",
                                        "Startup Cost": 20000000967.4,
                                        "Total Cost": 20000005703.44,
                                        "Plan Rows": 75750,
                                        "Plan Width": 24,
                                        "Actual Startup Time": 7.702,
                                        "Actual Total Time": 31.469,
                                        "Actual Rows": 17543,
                                        "Actual Loops": 1,
                                        "Output": [
                                            "lt.link",
                                            "ml.movie_id",
                                            "mk.movie_id",
                                            "mk.keyword_id"
                                        ],
                                        "Inner Unique": false,
                                        "Merge Cond": "(ml.movie_id = mk.movie_id)",
                                        "Plans": [
                                            {
                                                "Node Type": "Sort",
                                                "Parent Relationship": "Outer",
                                                "Parallel Aware": false,
                                                "Startup Cost": 10000000966.94,
                                                "Total Cost": 10000000971.1,
                                                "Plan Rows": 1666,
                                                "Plan Width": 16,
                                                "Actual Startup Time": 7.666,
                                                "Actual Total Time": 8.001,
                                                "Actual Rows": 2315,
                                                "Actual Loops": 1,
                                                "Output": [
                                                    "lt.link",
                                                    "ml.movie_id"
                                                ],
                                                "Sort Key": [
                                                    "ml.movie_id"
                                                ],
                                                "Sort Method": "quicksort",
                                                "Sort Space Used": 205,
                                                "Sort Space Type": "Memory",
                                                "Plans": [
                                                    {
                                                        "Node Type": "Hash Join",
                                                        "Parent Relationship": "Outer",
                                                        "Parallel Aware": false,
                                                        "Join Type": "Inner",
                                                        "Startup Cost": 10000000838.07,
                                                        "Total Cost": 10000000877.79,
                                                        "Plan Rows": 1666,
                                                        "Plan Width": 16,
                                                        "Actual Startup Time": 7.051,
                                                        "Actual Total Time": 7.293,
                                                        "Actual Rows": 2315,
                                                        "Actual Loops": 1,
                                                        "Output": [
                                                            "lt.link",
                                                            "ml.movie_id"
                                                        ],
                                                        "Inner Unique": false,
                                                        "Hash Cond": "(lt.id = ml.link_type_id)",
                                                        "Plans": [
                                                            {
                                                                "Node Type": "Index Scan",
                                                                "Parent Relationship": "Outer",
                                                                "Parallel Aware": false,
                                                                "Scan Direction": "Forward",
                                                                "Index Name": "link_type_pkey",
                                                                "Relation Name": "link_type",
                                                                "Schema": "public",
                                                                "Alias": "lt",
                                                                "Startup Cost": 0.14,
                                                                "Total Cost": 12.45,
                                                                "Plan Rows": 1,
                                                                "Plan Width": 16,
                                                                "Actual Startup Time": 0.039,
                                                                "Actual Total Time": 0.045,
                                                                "Actual Rows": 2,
                                                                "Actual Loops": 1,
                                                                "Output": [
                                                                    "lt.id",
                                                                    "lt.link"
                                                                ],
                                                                "Filter": "((lt.link)::text ~~ '%follow%'::text)",
                                                                "Rows Removed by Filter": 16
                                                            },
                                                            {
                                                                "Node Type": "Hash",
                                                                "Parent Relationship": "Inner",
                                                                "Parallel Aware": false,
                                                                "Startup Cost": 10000000462.97,
                                                                "Total Cost": 10000000462.97,
                                                                "Plan Rows": 29997,
                                                                "Plan Width": 8,
                                                                "Actual Startup Time": 6.963,
                                                                "Actual Total Time": 6.964,
                                                                "Actual Rows": 29997,
                                                                "Actual Loops": 1,
                                                                "Output": [
                                                                    "ml.link_type_id",
                                                                    "ml.movie_id"
                                                                ],
                                                                "Hash Buckets": 32768,
                                                                "Original Hash Buckets": 32768,
                                                                "Hash Batches": 1,
                                                                "Original Hash Batches": 1,
                                                                "Peak Memory Usage": 1428,
                                                                "Plans": [
                                                                    {
                                                                        "Node Type": "Seq Scan",
                                                                        "Parent Relationship": "Outer",
                                                                        "Parallel Aware": false,
                                                                        "Relation Name": "movie_link",
                                                                        "Schema": "public",
                                                                        "Alias": "ml",
                                                                        "Startup Cost": 10000000000.0,
                                                                        "Total Cost": 10000000462.97,
                                                                        "Plan Rows": 29997,
                                                                        "Plan Width": 8,
                                                                        "Actual Startup Time": 0.013,
                                                                        "Actual Total Time": 3.79,
                                                                        "Actual Rows": 29997,
                                                                        "Actual Loops": 1,
                                                                        "Output": [
                                                                            "ml.link_type_id",
                                                                            "ml.movie_id"
                                                                        ]
                                                                    }
                                                                ]
                                                            }
                                                        ]
                                                    }
                                                ]
                                            },
                                            {
                                                "Node Type": "Index Scan",
                                                "Parent Relationship": "Inner",
                                                "Parallel Aware": false,
                                                "Scan Direction": "Forward",
                                                "Index Name": "movie_id_movie_keyword",
                                                "Relation Name": "movie_keyword",
                                                "Schema": "public",
                                                "Alias": "mk",
                                                "Startup Cost": 10000000000.43,
                                                "Total Cost": 10000177177.46,
                                                "Plan Rows": 4523930,
                                                "Plan Width": 8,
                                                "Actual Startup Time": 0.018,
                                                "Actual Total Time": 14.754,
                                                "Actual Rows": 110787,
                                                "Actual Loops": 1,
                                                "Output": [
                                                    "mk.id",
                                                    "mk.movie_id",
                                                    "mk.keyword_id"
                                                ]
                                            }
                                        ]
                                    },
                                    {
                                        "Node Type": "Bitmap Heap Scan",
                                        "Parent Relationship": "Inner",
                                        "Parallel Aware": false,
                                        "Relation Name": "keyword",
                                        "Schema": "public",
                                        "Alias": "k",
                                        "Startup Cost": 0.43,
                                        "Total Cost": 4.44,
                                        "Plan Rows": 1,
                                        "Plan Width": 4,
                                        "Actual Startup Time": 0.003,
                                        "Actual Total Time": 0.003,
                                        "Actual Rows": 0,
                                        "Actual Loops": 17543,
                                        "Output": [
                                            "k.id",
                                            "k.keyword",
                                            "k.phonetic_code"
                                        ],
                                        "Recheck Cond": "(k.id = mk.keyword_id)",
                                        "Rows Removed by Index Recheck": 0,
                                        "Filter": "(k.keyword = 'sequel'::text)",
                                        "Rows Removed by Filter": 1,
                                        "Exact Heap Blocks": 17543,
                                        "Lossy Heap Blocks": 0,
                                        "Plans": [
                                            {
                                                "Node Type": "Bitmap Index Scan",
                                                "Parent Relationship": "Outer",
                                                "Parallel Aware": false,
                                                "Index Name": "keyword_pkey",
                                                "Startup Cost": 0.0,
                                                "Total Cost": 0.43,
                                                "Plan Rows": 1,
                                                "Plan Width": 0,
                                                "Actual Startup Time": 0.002,
                                                "Actual Total Time": 0.002,
                                                "Actual Rows": 1,
                                                "Actual Loops": 17543,
                                                "Index Cond": "(k.id = mk.keyword_id)"
                                            }
                                        ]
                                    }
                                ]
                            }
                        ]
                    }
                ]
            }
        ]
    },
    "Planning Time": 11.608,
    "Triggers": [],
    "Execution Time": 2407.304
}