[
  {
    "Plan": {
      "Node Type": "Aggregate",
      "Strategy": "Plain",
      "Partial Mode": "Finalize",
      "Parallel Aware": false,
      "Startup Cost": 341584.05,
      "Total Cost": 341584.06,
      "Plan Rows": 1,
      "Plan Width": 8,
      "Actual Startup Time": 818.559,
      "Actual Total Time": 879.806,
      "Actual Rows": 1,
      "Actual Loops": 1,
      "Plans": [
        {
          "Node Type": "Gather",
          "Parent Relationship": "Outer",
          "Parallel Aware": false,
          "Startup Cost": 341583.42,
          "Total Cost": 341584.03,
          "Plan Rows": 6,
          "Plan Width": 8,
          "Actual Startup Time": 818.391,
          "Actual Total Time": 879.793,
          "Actual Rows": 7,
          "Actual Loops": 1,
          "Workers Planned": 6,
          "Workers Launched": 6,
          "Single Copy": false,
          "Plans": [
            {
              "Node Type": "Aggregate",
              "Strategy": "Plain",
              "Partial Mode": "Partial",
              "Parent Relationship": "Outer",
              "Parallel Aware": false,
              "Startup Cost": 340583.42,
              "Total Cost": 340583.43,
              "Plan Rows": 1,
              "Plan Width": 8,
              "Actual Startup Time": 809.386,
              "Actual Total Time": 809.387,
              "Actual Rows": 1,
              "Actual Loops": 7,
              "Plans": [
                {
                  "Node Type": "Seq Scan",
                  "Parent Relationship": "Outer",
                  "Parallel Aware": true,
                  "Relation Name": "cast_info",
                  "Alias": "ci",
                  "Startup Cost": 0.0,
                  "Total Cost": 328162.03,
                  "Plan Rows": 4968559,
                  "Plan Width": 0,
                  "Actual Startup Time": 82.018,
                  "Actual Total Time": 632.361,
                  "Actual Rows": 4231863,
                  "Actual Loops": 7,
                  "Filter": "(person_id > 639028)",
                  "Rows Removed by Filter": 945900
                }
              ]
            }
          ]
        }
      ]
    },
    "Planning Time": 0.252,
    "Triggers": [],
    "Execution Time": 879.887
  }
]