{
  "Plan": {
    "Node Type": "Aggregate",
    "Strategy": "Plain",
    "Partial Mode": "Finalize",
    "Parallel Aware": false,
    "Startup Cost": 807887.12,
    "Total Cost": 807887.13,
    "Plan Rows": 1,
    "Plan Width": 8,
    "Actual Startup Time": 13951.167,
    "Actual Total Time": 14023.16,
    "Actual Rows": 1,
    "Actual Loops": 1,
    "Plans": [
      {
        "Node Type": "Gather",
        "Parent Relationship": "Outer",
        "Parallel Aware": false,
        "Startup Cost": 807887.01,
        "Total Cost": 807887.12,
        "Plan Rows": 1,
        "Plan Width": 8,
        "Actual Startup Time": 13943.12,
        "Actual Total Time": 14023.151,
        "Actual Rows": 2,
        "Actual Loops": 1,
        "Workers Planned": 1,
        "Workers Launched": 1,
        "Single Copy": false,
        "Plans": [
          {
            "Node Type": "Aggregate",
            "Strategy": "Plain",
            "Partial Mode": "Partial",
            "Parent Relationship": "Outer",
            "Parallel Aware": false,
            "Startup Cost": 806887.01,
            "Total Cost": 806887.02,
            "Plan Rows": 1,
            "Plan Width": 8,
            "Actual Startup Time": 13934.099,
            "Actual Total Time": 13934.106,
            "Actual Rows": 1,
            "Actual Loops": 2,
            "Plans": [
              {
                "Node Type": "Hash Join",
                "Parent Relationship": "Outer",
                "Parallel Aware": true,
                "Join Type": "Inner",
                "Startup Cost": 127921.95,
                "Total Cost": 782458.88,
                "Plan Rows": 9771249,
                "Plan Width": 0,
                "Actual Startup Time": 930.976,
                "Actual Total Time": 11231.631,
                "Actual Rows": 70089110,
                "Actual Loops": 2,
                "Inner Unique": false,
                "Hash Cond": "(ci.movie_id = t.id)",
                "Plans": [
                  {
                    "Node Type": "Seq Scan",
                    "Parent Relationship": "Outer",
                    "Parallel Aware": true,
                    "Relation Name": "cast_info",
                    "Alias": "ci",
                    "Startup Cost": 0.0,
                    "Total Cost": 519069.44,
                    "Plan Rows": 20797221,
                    "Plan Width": 4,
                    "Actual Startup Time": 0.017,
                    "Actual Total Time": 1728.251,
                    "Actual Rows": 17702356,
                    "Actual Loops": 2,
                    "Filter": "(person_id < 3900397)",
                    "Rows Removed by Filter": 419816
                  },
                  {
                    "Node Type": "Hash",
                    "Parent Relationship": "Inner",
                    "Parallel Aware": true,
                    "Startup Cost": 119187.55,
                    "Total Cost": 119187.55,
                    "Plan Rows": 698752,
                    "Plan Width": 8,
                    "Actual Startup Time": 916.348,
                    "Actual Total Time": 916.354,
                    "Actual Rows": 1186024,
                    "Actual Loops": 2,
                    "Hash Buckets": 4194304,
                    "Original Hash Buckets": 2097152,
                    "Hash Batches": 1,
                    "Original Hash Batches": 1,
                    "Peak Memory Usage": 141984,
                    "Plans": [
                      {
                        "Node Type": "Hash Join",
                        "Parent Relationship": "Outer",
                        "Parallel Aware": true,
                        "Join Type": "Inner",
                        "Startup Cost": 61136.71,
                        "Total Cost": 119187.55,
                        "Plan Rows": 698752,
                        "Plan Width": 8,
                        "Actual Startup Time": 204.672,
                        "Actual Total Time": 661.222,
                        "Actual Rows": 1186024,
                        "Actual Loops": 2,
                        "Inner Unique": true,
                        "Hash Cond": "(mk.movie_id = t.id)",
                        "Plans": [
                          {
                            "Node Type": "Seq Scan",
                            "Parent Relationship": "Outer",
                            "Parallel Aware": true,
                            "Relation Name": "movie_keyword",
                            "Alias": "mk",
                            "Startup Cost": 0.0,
                            "Total Cost": 51065.35,
                            "Plan Rows": 2661135,
                            "Plan Width": 4,
                            "Actual Startup Time": 0.015,
                            "Actual Total Time": 160.605,
                            "Actual Rows": 2261965,
                            "Actual Loops": 2
                          },
                          {
                            "Node Type": "Hash",
                            "Parent Relationship": "Inner",
                            "Parallel Aware": true,
                            "Startup Cost": 56255.31,
                            "Total Cost": 56255.31,
                            "Plan Rows": 390512,
                            "Plan Width": 4,
                            "Actual Startup Time": 200.676,
                            "Actual Total Time": 200.677,
                            "Actual Rows": 277342,
                            "Actual Loops": 2,
                            "Hash Buckets": 1048576,
                            "Original Hash Buckets": 1048576,
                            "Hash Batches": 1,
                            "Original Hash Batches": 1,
                            "Peak Memory Usage": 29920,
                            "Plans": [
                              {
                                "Node Type": "Bitmap Heap Scan",
                                "Parent Relationship": "Outer",
                                "Parallel Aware": true,
                                "Relation Name": "title",
                                "Alias": "t",
                                "Startup Cost": 13604.93,
                                "Total Cost": 56255.31,
                                "Plan Rows": 390512,
                                "Plan Width": 4,
                                "Actual Startup Time": 35.345,
                                "Actual Total Time": 135.733,
                                "Actual Rows": 277342,
                                "Actual Loops": 2,
                                "Recheck Cond": "(kind_id < 3)",
                                "Rows Removed by Index Recheck": 0,
                                "Filter": "(production_year > 1959)",
                                "Rows Removed by Filter": 99496,
                                "Exact Heap Blocks": 25456,
                                "Lossy Heap Blocks": 0,
                                "Plans": [
                                  {
                                    "Node Type": "Bitmap Index Scan",
                                    "Parent Relationship": "Outer",
                                    "Parallel Aware": false,
                                    "Index Name": "kind_id_title",
                                    "Startup Cost": 0.0,
                                    "Total Cost": 13438.96,
                                    "Plan Rows": 753937,
                                    "Plan Width": 0,
                                    "Actual Startup Time": 29.69,
                                    "Actual Total Time": 29.69,
                                    "Actual Rows": 753677,
                                    "Actual Loops": 1,
                                    "Index Cond": "(kind_id < 3)"
                                  }
                                ]
                              }
                            ]
                          }
                        ]
                      }
                    ]
                  }
                ]
              }
            ]
          }
        ]
      }
    ]
  },
  "Planning Time": 0.955,
  "Triggers": [],
  "Execution Time": 14023.278
}