[
  {
    "Plan": {
      "Node Type": "Aggregate",
      "Strategy": "Plain",
      "Partial Mode": "Finalize",
      "Parallel Aware": false,
      "Startup Cost": 76069.34,
      "Total Cost": 76069.35,
      "Plan Rows": 1,
      "Plan Width": 8,
      "Actual Startup Time": 289.823,
      "Actual Total Time": 308.656,
      "Actual Rows": 1,
      "Actual Loops": 1,
      "Plans": [
        {
          "Node Type": "Gather",
          "Parent Relationship": "Outer",
          "Parallel Aware": false,
          "Startup Cost": 76069.03,
          "Total Cost": 76069.34,
          "Plan Rows": 3,
          "Plan Width": 8,
          "Actual Startup Time": 289.269,
          "Actual Total Time": 308.648,
          "Actual Rows": 4,
          "Actual Loops": 1,
          "Workers Planned": 3,
          "Workers Launched": 3,
          "Single Copy": false,
          "Plans": [
            {
              "Node Type": "Aggregate",
              "Strategy": "Plain",
              "Partial Mode": "Partial",
              "Parent Relationship": "Outer",
              "Parallel Aware": false,
              "Startup Cost": 75069.03,
              "Total Cost": 75069.04,
              "Plan Rows": 1,
              "Plan Width": 8,
              "Actual Startup Time": 280.064,
              "Actual Total Time": 280.067,
              "Actual Rows": 1,
              "Actual Loops": 4,
              "Plans": [
                {
                  "Node Type": "Hash Join",
                  "Parent Relationship": "Outer",
                  "Parallel Aware": true,
                  "Join Type": "Inner",
                  "Startup Cost": 44115.77,
                  "Total Cost": 75027.26,
                  "Plan Rows": 16705,
                  "Plan Width": 0,
                  "Actual Startup Time": 125.64,
                  "Actual Total Time": 279.43,
                  "Actual Rows": 7162,
                  "Actual Loops": 4,
                  "Inner Unique": true,
                  "Hash Cond": "(mc.movie_id = t.id)",
                  "Plans": [
                    {
                      "Node Type": "Seq Scan",
                      "Parent Relationship": "Outer",
                      "Parallel Aware": true,
                      "Relation Name": "movie_companies",
                      "Alias": "mc",
                      "Startup Cost": 0.0,
                      "Total Cost": 29310.68,
                      "Plan Rows": 609833,
                      "Plan Width": 4,
                      "Actual Startup Time": 0.021,
                      "Actual Total Time": 92.769,
                      "Actual Rows": 474201,
                      "Actual Loops": 4,
                      "Filter": "(company_id < 43863)",
                      "Rows Removed by Filter": 178081
                    },
                    {
                      "Node Type": "Hash",
                      "Parent Relationship": "Inner",
                      "Parallel Aware": true,
                      "Startup Cost": 43899.32,
                      "Total Cost": 43899.32,
                      "Plan Rows": 17316,
                      "Plan Width": 4,
                      "Actual Startup Time": 124.29,
                      "Actual Total Time": 124.291,
                      "Actual Rows": 16836,
                      "Actual Loops": 4,
                      "Hash Buckets": 131072,
                      "Original Hash Buckets": 131072,
                      "Hash Batches": 1,
                      "Original Hash Batches": 1,
                      "Peak Memory Usage": 3744,
                      "Plans": [
                        {
                          "Node Type": "Seq Scan",
                          "Parent Relationship": "Outer",
                          "Parallel Aware": true,
                          "Relation Name": "title",
                          "Alias": "t",
                          "Startup Cost": 0.0,
                          "Total Cost": 43899.32,
                          "Plan Rows": 17316,
                          "Plan Width": 4,
                          "Actual Startup Time": 0.065,
                          "Actual Total Time": 115.28,
                          "Actual Rows": 16836,
                          "Actual Loops": 4,
                          "Filter": "(production_year > 2012)",
                          "Rows Removed by Filter": 615242
                        }
                      ]
                    }
                  ]
                }
              ]
            }
          ]
        }
      ]
    },
    "Planning Time": 0.249,
    "Triggers": [],
    "Execution Time": 308.696
  }
]