[
  {
    "Plan": {
      "Node Type": "Aggregate",
      "Strategy": "Plain",
      "Partial Mode": "Finalize",
      "Parallel Aware": false,
      "Startup Cost": 77502.82,
      "Total Cost": 77502.83,
      "Plan Rows": 1,
      "Plan Width": 8,
      "Actual Startup Time": 196.81,
      "Actual Total Time": 214.598,
      "Actual Rows": 1,
      "Actual Loops": 1,
      "Plans": [
        {
          "Node Type": "Gather",
          "Parent Relationship": "Outer",
          "Parallel Aware": false,
          "Startup Cost": 77502.4,
          "Total Cost": 77502.81,
          "Plan Rows": 4,
          "Plan Width": 8,
          "Actual Startup Time": 195.78,
          "Actual Total Time": 214.588,
          "Actual Rows": 5,
          "Actual Loops": 1,
          "Workers Planned": 4,
          "Workers Launched": 4,
          "Single Copy": false,
          "Plans": [
            {
              "Node Type": "Aggregate",
              "Strategy": "Plain",
              "Partial Mode": "Partial",
              "Parent Relationship": "Outer",
              "Parallel Aware": false,
              "Startup Cost": 76502.4,
              "Total Cost": 76502.41,
              "Plan Rows": 1,
              "Plan Width": 8,
              "Actual Startup Time": 185.691,
              "Actual Total Time": 185.695,
              "Actual Rows": 1,
              "Actual Loops": 5,
              "Plans": [
                {
                  "Node Type": "Nested Loop",
                  "Parent Relationship": "Outer",
                  "Parallel Aware": false,
                  "Join Type": "Inner",
                  "Startup Cost": 26308.07,
                  "Total Cost": 76493.51,
                  "Plan Rows": 3554,
                  "Plan Width": 0,
                  "Actual Startup Time": 77.188,
                  "Actual Total Time": 185.337,
                  "Actual Rows": 4963,
                  "Actual Loops": 5,
                  "Inner Unique": false,
                  "Plans": [
                    {
                      "Node Type": "Hash Join",
                      "Parent Relationship": "Outer",
                      "Parallel Aware": true,
                      "Join Type": "Inner",
                      "Startup Cost": 26307.65,
                      "Total Cost": 72420.81,
                      "Plan Rows": 6510,
                      "Plan Width": 8,
                      "Actual Startup Time": 77.089,
                      "Actual Total Time": 164.317,
                      "Actual Rows": 3763,
                      "Actual Loops": 5,
                      "Inner Unique": false,
                      "Hash Cond": "(t.id = mc.movie_id)",
                      "Plans": [
                        {
                          "Node Type": "Seq Scan",
                          "Parent Relationship": "Outer",
                          "Parallel Aware": true,
                          "Relation Name": "title",
                          "Alias": "t",
                          "Startup Cost": 0.0,
                          "Total Cost": 45479.1,
                          "Plan Rows": 122614,
                          "Plan Width": 4,
                          "Actual Startup Time": 0.015,
                          "Actual Total Time": 70.686,
                          "Actual Rows": 116284,
                          "Actual Loops": 5,
                          "Filter": "((kind_id < 7) AND (production_year < 2004))",
                          "Rows Removed by Filter": 389379
                        },
                        {
                          "Node Type": "Hash",
                          "Parent Relationship": "Inner",
                          "Parallel Aware": true,
                          "Startup Cost": 25766.33,
                          "Total Cost": 25766.33,
                          "Plan Rows": 43305,
                          "Plan Width": 4,
                          "Actual Startup Time": 75.212,
                          "Actual Total Time": 75.213,
                          "Actual Rows": 12333,
                          "Actual Loops": 5,
                          "Hash Buckets": 262144,
                          "Original Hash Buckets": 262144,
                          "Hash Batches": 1,
                          "Original Hash Batches": 1,
                          "Peak Memory Usage": 4512,
                          "Plans": [
                            {
                              "Node Type": "Bitmap Heap Scan",
                              "Parent Relationship": "Outer",
                              "Parallel Aware": true,
                              "Relation Name": "movie_companies",
                              "Alias": "mc",
                              "Startup Cost": 5696.98,
                              "Total Cost": 25766.33,
                              "Plan Rows": 43305,
                              "Plan Width": 4,
                              "Actual Startup Time": 59.197,
                              "Actual Total Time": 71.081,
                              "Actual Rows": 12333,
                              "Actual Loops": 5,
                              "Recheck Cond": "(company_id < 137)",
                              "Rows Removed by Index Recheck": 0,
                              "Filter": "(company_type_id = 2)",
                              "Rows Removed by Filter": 40234,
                              "Exact Heap Blocks": 9378,
                              "Lossy Heap Blocks": 0,
                              "Plans": [
                                {
                                  "Node Type": "Bitmap Index Scan",
                                  "Parent Relationship": "Outer",
                                  "Parallel Aware": false,
                                  "Index Name": "company_id_movie_companies",
                                  "Startup Cost": 0.0,
                                  "Total Cost": 5663.42,
                                  "Plan Rows": 264399,
                                  "Plan Width": 0,
                                  "Actual Startup Time": 25.071,
                                  "Actual Total Time": 25.072,
                                  "Actual Rows": 262833,
                                  "Actual Loops": 1,
                                  "Index Cond": "(company_id < 137)"
                                }
                              ]
                            }
                          ]
                        }
                      ]
                    },
                    {
                      "Node Type": "Index Only Scan",
                      "Parent Relationship": "Inner",
                      "Parallel Aware": false,
                      "Scan Direction": "Forward",
                      "Index Name": "movie_id_movie_info_idx",
                      "Relation Name": "movie_info_idx",
                      "Alias": "mi_idx",
                      "Startup Cost": 0.43,
                      "Total Cost": 0.6,
                      "Plan Rows": 3,
                      "Plan Width": 4,
                      "Actual Startup Time": 0.005,
                      "Actual Total Time": 0.005,
                      "Actual Rows": 1,
                      "Actual Loops": 18813,
                      "Index Cond": "(movie_id = t.id)",
                      "Rows Removed by Index Recheck": 0,
                      "Heap Fetches": 24817
                    }
                  ]
                }
              ]
            }
          ]
        }
      ]
    },
    "Planning Time": 1.456,
    "Triggers": [],
    "Execution Time": 214.72
  }
]