[
  {
    "Plan": {
      "Node Type": "Aggregate",
      "Strategy": "Plain",
      "Partial Mode": "Finalize",
      "Parallel Aware": false,
      "Startup Cost": 210375.07,
      "Total Cost": 210375.08,
      "Plan Rows": 1,
      "Plan Width": 8,
      "Actual Startup Time": 332.459,
      "Actual Total Time": 351.294,
      "Actual Rows": 1,
      "Actual Loops": 1,
      "Plans": [
        {
          "Node Type": "Gather",
          "Parent Relationship": "Outer",
          "Parallel Aware": false,
          "Startup Cost": 210374.44,
          "Total Cost": 210375.05,
          "Plan Rows": 6,
          "Plan Width": 8,
          "Actual Startup Time": 332.326,
          "Actual Total Time": 351.285,
          "Actual Rows": 7,
          "Actual Loops": 1,
          "Workers Planned": 6,
          "Workers Launched": 6,
          "Single Copy": false,
          "Plans": [
            {
              "Node Type": "Aggregate",
              "Strategy": "Plain",
              "Partial Mode": "Partial",
              "Parent Relationship": "Outer",
              "Parallel Aware": false,
              "Startup Cost": 209374.44,
              "Total Cost": 209374.45,
              "Plan Rows": 1,
              "Plan Width": 8,
              "Actual Startup Time": 323.297,
              "Actual Total Time": 323.299,
              "Actual Rows": 1,
              "Actual Loops": 7,
              "Plans": [
                {
                  "Node Type": "Index Scan",
                  "Parent Relationship": "Outer",
                  "Parallel Aware": true,
                  "Scan Direction": "Forward",
                  "Index Name": "role_id_cast_info",
                  "Relation Name": "cast_info",
                  "Alias": "ci",
                  "Startup Cost": 0.56,
                  "Total Cost": 209040.78,
                  "Plan Rows": 133463,
                  "Plan Width": 0,
                  "Actual Startup Time": 1.015,
                  "Actual Total Time": 291.547,
                  "Actual Rows": 512135,
                  "Actual Loops": 7,
                  "Index Cond": "(role_id > 6)",
                  "Rows Removed by Index Recheck": 0,
                  "Filter": "(person_id > 3412383)",
                  "Rows Removed by Filter": 589670
                }
              ]
            }
          ]
        }
      ]
    },
    "Planning Time": 0.228,
    "Triggers": [],
    "Execution Time": 351.361
  }
]