[
    {
        "Bao": {
            "Bao prediction": "NaN",
            "Bao recommended hint": "(no hint)"
        }
    },
    {
        "Plan": {
            "Node Type": "Aggregate",
            "Strategy": "Plain",
            "Partial Mode": "Finalize",
            "Parallel Aware": false,
            "Startup Cost": 32809.87,
            "Total Cost": 32809.88,
            "Plan Rows": 1,
            "Plan Width": 8,
            "Actual Startup Time": 105.252,
            "Actual Total Time": 110.853,
            "Actual Rows": 1,
            "Actual Loops": 1,
            "Output": [
                "count(*)"
            ],
            "Plans": [
                {
                    "Node Type": "Gather",
                    "Parent Relationship": "Outer",
                    "Parallel Aware": false,
                    "Startup Cost": 32809.56,
                    "Total Cost": 32809.87,
                    "Plan Rows": 3,
                    "Plan Width": 8,
                    "Actual Startup Time": 105.159,
                    "Actual Total Time": 110.846,
                    "Actual Rows": 4,
                    "Actual Loops": 1,
                    "Output": [
                        "(PARTIAL count(*))"
                    ],
                    "Workers Planned": 3,
                    "Workers Launched": 3,
                    "Single Copy": false,
                    "Plans": [
                        {
                            "Node Type": "Aggregate",
                            "Strategy": "Plain",
                            "Partial Mode": "Partial",
                            "Parent Relationship": "Outer",
                            "Parallel Aware": false,
                            "Startup Cost": 31809.56,
                            "Total Cost": 31809.57,
                            "Plan Rows": 1,
                            "Plan Width": 8,
                            "Actual Startup Time": 96.832,
                            "Actual Total Time": 96.833,
                            "Actual Rows": 1,
                            "Actual Loops": 4,
                            "Output": [
                                "PARTIAL count(*)"
                            ],
                            "Workers": [
                                {
                                    "Worker Number": 0,
                                    "Actual Startup Time": 93.959,
                                    "Actual Total Time": 93.96,
                                    "Actual Rows": 1,
                                    "Actual Loops": 1
                                },
                                {
                                    "Worker Number": 1,
                                    "Actual Startup Time": 94.073,
                                    "Actual Total Time": 94.075,
                                    "Actual Rows": 1,
                                    "Actual Loops": 1
                                },
                                {
                                    "Worker Number": 2,
                                    "Actual Startup Time": 94.755,
                                    "Actual Total Time": 94.756,
                                    "Actual Rows": 1,
                                    "Actual Loops": 1
                                }
                            ],
                            "Plans": [
                                {
                                    "Node Type": "Seq Scan",
                                    "Parent Relationship": "Outer",
                                    "Parallel Aware": true,
                                    "Relation Name": "movie_companies",
                                    "Schema": "public",
                                    "Alias": "mc",
                                    "Startup Cost": 0.0,
                                    "Total Cost": 31414.82,
                                    "Plan Rows": 157895,
                                    "Plan Width": 0,
                                    "Actual Startup Time": 48.871,
                                    "Actual Total Time": 87.048,
                                    "Actual Rows": 200979,
                                    "Actual Loops": 4,
                                    "Output": [
                                        "id",
                                        "movie_id",
                                        "company_id",
                                        "company_type_id",
                                        "note"
                                    ],
                                    "Filter": "((mc.company_id > 17959) AND (mc.company_type_id > 1))",
                                    "Rows Removed by Filter": 451303,
                                    "Workers": [
                                        {
                                            "Worker Number": 0,
                                            "Actual Startup Time": 45.988,
                                            "Actual Total Time": 84.326,
                                            "Actual Rows": 145627,
                                            "Actual Loops": 1
                                        },
                                        {
                                            "Worker Number": 1,
                                            "Actual Startup Time": 46.114,
                                            "Actual Total Time": 84.543,
                                            "Actual Rows": 144515,
                                            "Actual Loops": 1
                                        },
                                        {
                                            "Worker Number": 2,
                                            "Actual Startup Time": 46.802,
                                            "Actual Total Time": 85.141,
                                            "Actual Rows": 236634,
                                            "Actual Loops": 1
                                        }
                                    ]
                                }
                            ]
                        }
                    ]
                }
            ]
        },
        "Planning Time": 196.701,
        "Triggers": [],
        "Execution Time": 110.929
    }
]