[
  {
    "Plan": {
      "Node Type": "Aggregate",
      "Strategy": "Plain",
      "Partial Mode": "Finalize",
      "Parallel Aware": false,
      "Startup Cost": 281405.65,
      "Total Cost": 281405.66,
      "Plan Rows": 1,
      "Plan Width": 8,
      "Actual Startup Time": 2398.848,
      "Actual Total Time": 2433.918,
      "Actual Rows": 1,
      "Actual Loops": 1,
      "Plans": [
        {
          "Node Type": "Gather",
          "Parent Relationship": "Outer",
          "Parallel Aware": false,
          "Startup Cost": 281405.33,
          "Total Cost": 281405.64,
          "Plan Rows": 3,
          "Plan Width": 8,
          "Actual Startup Time": 2375.024,
          "Actual Total Time": 2433.904,
          "Actual Rows": 4,
          "Actual Loops": 1,
          "Workers Planned": 3,
          "Workers Launched": 3,
          "Single Copy": false,
          "Plans": [
            {
              "Node Type": "Aggregate",
              "Strategy": "Plain",
              "Partial Mode": "Partial",
              "Parent Relationship": "Outer",
              "Parallel Aware": false,
              "Startup Cost": 280405.33,
              "Total Cost": 280405.34,
              "Plan Rows": 1,
              "Plan Width": 8,
              "Actual Startup Time": 2368.53,
              "Actual Total Time": 2368.763,
              "Actual Rows": 1,
              "Actual Loops": 4,
              "Plans": [
                {
                  "Node Type": "Hash Join",
                  "Parent Relationship": "Outer",
                  "Parallel Aware": true,
                  "Join Type": "Inner",
                  "Startup Cost": 233538.38,
                  "Total Cost": 279101.37,
                  "Plan Rows": 521587,
                  "Plan Width": 0,
                  "Actual Startup Time": 741.929,
                  "Actual Total Time": 1859.625,
                  "Actual Rows": 9138435,
                  "Actual Loops": 4,
                  "Inner Unique": false,
                  "Hash Cond": "(mk.movie_id = t.id)",
                  "Plans": [
                    {
                      "Node Type": "Seq Scan",
                      "Parent Relationship": "Outer",
                      "Parallel Aware": true,
                      "Relation Name": "movie_keyword",
                      "Alias": "mk",
                      "Startup Cost": 0.0,
                      "Total Cost": 39047.32,
                      "Plan Rows": 1459332,
                      "Plan Width": 4,
                      "Actual Startup Time": 0.025,
                      "Actual Total Time": 112.078,
                      "Actual Rows": 1130982,
                      "Actual Loops": 4
                    },
                    {
                      "Node Type": "Hash",
                      "Parent Relationship": "Inner",
                      "Parallel Aware": true,
                      "Startup Cost": 231279.14,
                      "Total Cost": 231279.14,
                      "Plan Rows": 180739,
                      "Plan Width": 8,
                      "Actual Startup Time": 738.862,
                      "Actual Total Time": 739.092,
                      "Actual Rows": 221480,
                      "Actual Loops": 4,
                      "Hash Buckets": 1048576,
                      "Original Hash Buckets": 1048576,
                      "Hash Batches": 1,
                      "Original Hash Batches": 1,
                      "Peak Memory Usage": 42880,
                      "Plans": [
                        {
                          "Node Type": "Hash Join",
                          "Parent Relationship": "Outer",
                          "Parallel Aware": true,
                          "Join Type": "Inner",
                          "Startup Cost": 66552.46,
                          "Total Cost": 231279.14,
                          "Plan Rows": 180739,
                          "Plan Width": 8,
                          "Actual Startup Time": 456.002,
                          "Actual Total Time": 647.081,
                          "Actual Rows": 221480,
                          "Actual Loops": 4,
                          "Inner Unique": true,
                          "Hash Cond": "(mi.movie_id = t.id)",
                          "Plans": [
                            {
                              "Node Type": "Bitmap Heap Scan",
                              "Parent Relationship": "Outer",
                              "Parallel Aware": true,
                              "Relation Name": "movie_info",
                              "Alias": "mi",
                              "Startup Cost": 16332.08,
                              "Total Cost": 180584.32,
                              "Plan Rows": 180739,
                              "Plan Width": 4,
                              "Actual Startup Time": 54.482,
                              "Actual Total Time": 132.887,
                              "Actual Rows": 221480,
                              "Actual Loops": 4,
                              "Recheck Cond": "(info_type_id > 96)",
                              "Rows Removed by Index Recheck": 0,
                              "Exact Heap Blocks": 7889,
                              "Lossy Heap Blocks": 0,
                              "Plans": [
                                {
                                  "Node Type": "Bitmap Index Scan",
                                  "Parent Relationship": "Outer",
                                  "Parallel Aware": false,
                                  "Index Name": "info_type_id_movie_info",
                                  "Startup Cost": 0.0,
                                  "Total Cost": 16106.15,
                                  "Plan Rows": 903696,
                                  "Plan Width": 0,
                                  "Actual Startup Time": 46.14,
                                  "Actual Total Time": 46.14,
                                  "Actual Rows": 885922,
                                  "Actual Loops": 1,
                                  "Index Cond": "(info_type_id > 96)"
                                }
                              ]
                            },
                            {
                              "Node Type": "Hash",
                              "Parent Relationship": "Inner",
                              "Parallel Aware": true,
                              "Startup Cost": 42319.06,
                              "Total Cost": 42319.06,
                              "Plan Rows": 632106,
                              "Plan Width": 4,
                              "Actual Startup Time": 392.618,
                              "Actual Total Time": 392.619,
                              "Actual Rows": 632078,
                              "Actual Loops": 4,
                              "Hash Buckets": 4194304,
                              "Original Hash Buckets": 4194304,
                              "Hash Batches": 1,
                              "Original Hash Batches": 1,
                              "Peak Memory Usage": 131776,
                              "Plans": [
                                {
                                  "Node Type": "Seq Scan",
                                  "Parent Relationship": "Outer",
                                  "Parallel Aware": true,
                                  "Relation Name": "title",
                                  "Alias": "t",
                                  "Startup Cost": 0.0,
                                  "Total Cost": 42319.06,
                                  "Plan Rows": 632106,
                                  "Plan Width": 4,
                                  "Actual Startup Time": 0.06,
                                  "Actual Total Time": 112.941,
                                  "Actual Rows": 632078,
                                  "Actual Loops": 4
                                }
                              ]
                            }
                          ]
                        }
                      ]
                    }
                  ]
                }
              ]
            }
          ]
        }
      ]
    },
    "Planning Time": 0.705,
    "Triggers": [],
    "Execution Time": 2433.98
  }
]