[
  {
    "Plan": {
      "Node Type": "Aggregate",
      "Strategy": "Plain",
      "Partial Mode": "Finalize",
      "Parallel Aware": false,
      "Startup Cost": 282223.59,
      "Total Cost": 282223.6,
      "Plan Rows": 1,
      "Plan Width": 8,
      "Actual Startup Time": 1934.592,
      "Actual Total Time": 1960.972,
      "Actual Rows": 1,
      "Actual Loops": 1,
      "Plans": [
        {
          "Node Type": "Gather",
          "Parent Relationship": "Outer",
          "Parallel Aware": false,
          "Startup Cost": 282223.27,
          "Total Cost": 282223.58,
          "Plan Rows": 3,
          "Plan Width": 8,
          "Actual Startup Time": 1912.127,
          "Actual Total Time": 1960.961,
          "Actual Rows": 4,
          "Actual Loops": 1,
          "Workers Planned": 3,
          "Workers Launched": 3,
          "Single Copy": false,
          "Plans": [
            {
              "Node Type": "Aggregate",
              "Strategy": "Plain",
              "Partial Mode": "Partial",
              "Parent Relationship": "Outer",
              "Parallel Aware": false,
              "Startup Cost": 281223.27,
              "Total Cost": 281223.28,
              "Plan Rows": 1,
              "Plan Width": 8,
              "Actual Startup Time": 1902.684,
              "Actual Total Time": 1902.85,
              "Actual Rows": 1,
              "Actual Loops": 4,
              "Plans": [
                {
                  "Node Type": "Hash Join",
                  "Parent Relationship": "Outer",
                  "Parallel Aware": true,
                  "Join Type": "Inner",
                  "Startup Cost": 234279.19,
                  "Total Cost": 279876.46,
                  "Plan Rows": 538725,
                  "Plan Width": 0,
                  "Actual Startup Time": 610.032,
                  "Actual Total Time": 1496.964,
                  "Actual Rows": 9138435,
                  "Actual Loops": 4,
                  "Inner Unique": false,
                  "Hash Cond": "(mk.movie_id = t.id)",
                  "Plans": [
                    {
                      "Node Type": "Seq Scan",
                      "Parent Relationship": "Outer",
                      "Parallel Aware": true,
                      "Relation Name": "movie_keyword",
                      "Alias": "mk",
                      "Startup Cost": 0.0,
                      "Total Cost": 39047.32,
                      "Plan Rows": 1459332,
                      "Plan Width": 4,
                      "Actual Startup Time": 0.026,
                      "Actual Total Time": 91.248,
                      "Actual Rows": 1130982,
                      "Actual Loops": 4
                    },
                    {
                      "Node Type": "Hash",
                      "Parent Relationship": "Inner",
                      "Parallel Aware": true,
                      "Startup Cost": 231945.84,
                      "Total Cost": 231945.84,
                      "Plan Rows": 186668,
                      "Plan Width": 8,
                      "Actual Startup Time": 605.179,
                      "Actual Total Time": 605.343,
                      "Actual Rows": 221480,
                      "Actual Loops": 4,
                      "Hash Buckets": 1048576,
                      "Original Hash Buckets": 1048576,
                      "Hash Batches": 1,
                      "Original Hash Batches": 1,
                      "Peak Memory Usage": 42944,
                      "Plans": [
                        {
                          "Node Type": "Hash Join",
                          "Parent Relationship": "Outer",
                          "Parallel Aware": true,
                          "Join Type": "Inner",
                          "Startup Cost": 67129.48,
                          "Total Cost": 231945.84,
                          "Plan Rows": 186668,
                          "Plan Width": 8,
                          "Actual Startup Time": 376.687,
                          "Actual Total Time": 534.02,
                          "Actual Rows": 221480,
                          "Actual Loops": 4,
                          "Inner Unique": true,
                          "Hash Cond": "(mi.movie_id = t.id)",
                          "Plans": [
                            {
                              "Node Type": "Bitmap Heap Scan",
                              "Parent Relationship": "Outer",
                              "Parallel Aware": true,
                              "Relation Name": "movie_info",
                              "Alias": "mi",
                              "Startup Cost": 16909.84,
                              "Total Cost": 181236.19,
                              "Plan Rows": 186668,
                              "Plan Width": 4,
                              "Actual Startup Time": 38.576,
                              "Actual Total Time": 105.365,
                              "Actual Rows": 221480,
                              "Actual Loops": 4,
                              "Recheck Cond": "(info_type_id > 96)",
                              "Rows Removed by Index Recheck": 0,
                              "Exact Heap Blocks": 9468,
                              "Lossy Heap Blocks": 0,
                              "Plans": [
                                {
                                  "Node Type": "Bitmap Index Scan",
                                  "Parent Relationship": "Outer",
                                  "Parallel Aware": false,
                                  "Index Name": "info_type_id_movie_info",
                                  "Startup Cost": 0.0,
                                  "Total Cost": 16676.5,
                                  "Plan Rows": 933342,
                                  "Plan Width": 0,
                                  "Actual Startup Time": 33.548,
                                  "Actual Total Time": 33.548,
                                  "Actual Rows": 885922,
                                  "Actual Loops": 1,
                                  "Index Cond": "(info_type_id > 96)"
                                }
                              ]
                            },
                            {
                              "Node Type": "Hash",
                              "Parent Relationship": "Inner",
                              "Parallel Aware": true,
                              "Startup Cost": 42318.73,
                              "Total Cost": 42318.73,
                              "Plan Rows": 632073,
                              "Plan Width": 4,
                              "Actual Startup Time": 330.929,
                              "Actual Total Time": 330.93,
                              "Actual Rows": 632078,
                              "Actual Loops": 4,
                              "Hash Buckets": 4194304,
                              "Original Hash Buckets": 4194304,
                              "Hash Batches": 1,
                              "Original Hash Batches": 1,
                              "Peak Memory Usage": 131776,
                              "Plans": [
                                {
                                  "Node Type": "Seq Scan",
                                  "Parent Relationship": "Outer",
                                  "Parallel Aware": true,
                                  "Relation Name": "title",
                                  "Alias": "t",
                                  "Startup Cost": 0.0,
                                  "Total Cost": 42318.73,
                                  "Plan Rows": 632073,
                                  "Plan Width": 4,
                                  "Actual Startup Time": 0.046,
                                  "Actual Total Time": 101.199,
                                  "Actual Rows": 632078,
                                  "Actual Loops": 4
                                }
                              ]
                            }
                          ]
                        }
                      ]
                    }
                  ]
                }
              ]
            }
          ]
        }
      ]
    },
    "Planning Time": 1.331,
    "Triggers": [],
    "Execution Time": 1961.08
  }
]