{
  "Plan": {
    "Node Type": "Aggregate",
    "Strategy": "Plain",
    "Partial Mode": "Finalize",
    "Parallel Aware": false,
    "Startup Cost": 403796.68,
    "Total Cost": 403796.69,
    "Plan Rows": 1,
    "Plan Width": 8,
    "Actual Startup Time": 4651.665,
    "Actual Total Time": 4683.411,
    "Actual Rows": 1,
    "Actual Loops": 1,
    "Plans": [
      {
        "Node Type": "Gather",
        "Parent Relationship": "Outer",
        "Parallel Aware": false,
        "Startup Cost": 403796.57,
        "Total Cost": 403796.68,
        "Plan Rows": 1,
        "Plan Width": 8,
        "Actual Startup Time": 4645.139,
        "Actual Total Time": 4683.405,
        "Actual Rows": 2,
        "Actual Loops": 1,
        "Workers Planned": 1,
        "Workers Launched": 1,
        "Single Copy": false,
        "Plans": [
          {
            "Node Type": "Aggregate",
            "Strategy": "Plain",
            "Partial Mode": "Partial",
            "Parent Relationship": "Outer",
            "Parallel Aware": false,
            "Startup Cost": 402796.57,
            "Total Cost": 402796.58,
            "Plan Rows": 1,
            "Plan Width": 8,
            "Actual Startup Time": 4636.152,
            "Actual Total Time": 4636.156,
            "Actual Rows": 1,
            "Actual Loops": 2,
            "Plans": [
              {
                "Node Type": "Hash Join",
                "Parent Relationship": "Outer",
                "Parallel Aware": true,
                "Join Type": "Inner",
                "Startup Cost": 121083.04,
                "Total Cost": 396535.07,
                "Plan Rows": 2504599,
                "Plan Width": 0,
                "Actual Startup Time": 834.699,
                "Actual Total Time": 4489.675,
                "Actual Rows": 3566675,
                "Actual Loops": 2,
                "Inner Unique": false,
                "Hash Cond": "(t.id = mc.movie_id)",
                "Plans": [
                  {
                    "Node Type": "Hash Join",
                    "Parent Relationship": "Outer",
                    "Parallel Aware": true,
                    "Join Type": "Inner",
                    "Startup Cost": 70722.44,
                    "Total Cost": 307946.2,
                    "Plan Rows": 3759254,
                    "Plan Width": 8,
                    "Actual Startup Time": 495.037,
                    "Actual Total Time": 2703.509,
                    "Actual Rows": 3420833,
                    "Actual Loops": 2,
                    "Inner Unique": true,
                    "Hash Cond": "(ci.movie_id = t.id)",
                    "Plans": [
                      {
                        "Node Type": "Index Scan",
                        "Parent Relationship": "Outer",
                        "Parallel Aware": true,
                        "Scan Direction": "Forward",
                        "Index Name": "role_id_cast_info",
                        "Relation Name": "cast_info",
                        "Alias": "ci",
                        "Startup Cost": 0.56,
                        "Total Cost": 225853.5,
                        "Plan Rows": 4331734,
                        "Plan Width": 4,
                        "Actual Startup Time": 0.162,
                        "Actual Total Time": 550.191,
                        "Actual Rows": 3725986,
                        "Actual Loops": 2,
                        "Index Cond": "(role_id = 2)",
                        "Rows Removed by Index Recheck": 0
                      },
                      {
                        "Node Type": "Hash",
                        "Parent Relationship": "Inner",
                        "Parallel Aware": true,
                        "Startup Cost": 54588.39,
                        "Total Cost": 54588.39,
                        "Plan Rows": 1290679,
                        "Plan Width": 4,
                        "Actual Startup Time": 483.551,
                        "Actual Total Time": 483.552,
                        "Actual Rows": 1091158,
                        "Actual Loops": 2,
                        "Hash Buckets": 4194304,
                        "Original Hash Buckets": 4194304,
                        "Hash Batches": 1,
                        "Original Hash Batches": 1,
                        "Peak Memory Usage": 118176,
                        "Plans": [
                          {
                            "Node Type": "Seq Scan",
                            "Parent Relationship": "Outer",
                            "Parallel Aware": true,
                            "Relation Name": "title",
                            "Alias": "t",
                            "Startup Cost": 0.0,
                            "Total Cost": 54588.39,
                            "Plan Rows": 1290679,
                            "Plan Width": 4,
                            "Actual Startup Time": 0.024,
                            "Actual Total Time": 173.593,
                            "Actual Rows": 1091158,
                            "Actual Loops": 2,
                            "Filter": "(production_year > 1962)",
                            "Rows Removed by Filter": 172998
                          }
                        ]
                      }
                    ]
                  },
                  {
                    "Node Type": "Hash",
                    "Parent Relationship": "Inner",
                    "Parallel Aware": true,
                    "Startup Cost": 37974.77,
                    "Total Cost": 37974.77,
                    "Plan Rows": 990866,
                    "Plan Width": 4,
                    "Actual Startup Time": 324.916,
                    "Actual Total Time": 324.916,
                    "Actual Rows": 841974,
                    "Actual Loops": 2,
                    "Hash Buckets": 2097152,
                    "Original Hash Buckets": 2097152,
                    "Hash Batches": 1,
                    "Original Hash Batches": 1,
                    "Peak Memory Usage": 82272,
                    "Plans": [
                      {
                        "Node Type": "Seq Scan",
                        "Parent Relationship": "Outer",
                        "Parallel Aware": true,
                        "Relation Name": "movie_companies",
                        "Alias": "mc",
                        "Startup Cost": 0.0,
                        "Total Cost": 37974.77,
                        "Plan Rows": 990866,
                        "Plan Width": 4,
                        "Actual Startup Time": 4.227,
                        "Actual Total Time": 141.964,
                        "Actual Rows": 841974,
                        "Actual Loops": 2,
                        "Filter": "(company_id > 3232)",
                        "Rows Removed by Filter": 462590
                      }
                    ]
                  }
                ]
              }
            ]
          }
        ]
      }
    ]
  },
  "Planning Time": 0.721,
  "Triggers": [],
  "Execution Time": 4683.497
}