[
  {
    "Plan": {
      "Node Type": "Aggregate",
      "Strategy": "Plain",
      "Partial Mode": "Finalize",
      "Parallel Aware": false,
      "Startup Cost": 83258.89,
      "Total Cost": 83258.9,
      "Plan Rows": 1,
      "Plan Width": 8,
      "Actual Startup Time": 396.611,
      "Actual Total Time": 413.322,
      "Actual Rows": 1,
      "Actual Loops": 1,
      "Plans": [
        {
          "Node Type": "Gather",
          "Parent Relationship": "Outer",
          "Parallel Aware": false,
          "Startup Cost": 83258.57,
          "Total Cost": 83258.88,
          "Plan Rows": 3,
          "Plan Width": 8,
          "Actual Startup Time": 391.626,
          "Actual Total Time": 413.313,
          "Actual Rows": 4,
          "Actual Loops": 1,
          "Workers Planned": 3,
          "Workers Launched": 3,
          "Single Copy": false,
          "Plans": [
            {
              "Node Type": "Aggregate",
              "Strategy": "Plain",
              "Partial Mode": "Partial",
              "Parent Relationship": "Outer",
              "Parallel Aware": false,
              "Startup Cost": 82258.57,
              "Total Cost": 82258.58,
              "Plan Rows": 1,
              "Plan Width": 8,
              "Actual Startup Time": 382.746,
              "Actual Total Time": 382.75,
              "Actual Rows": 1,
              "Actual Loops": 4,
              "Plans": [
                {
                  "Node Type": "Hash Join",
                  "Parent Relationship": "Outer",
                  "Parallel Aware": true,
                  "Join Type": "Inner",
                  "Startup Cost": 50024.14,
                  "Total Cost": 81968.5,
                  "Plan Rows": 116029,
                  "Plan Width": 0,
                  "Actual Startup Time": 278.072,
                  "Actual Total Time": 380.614,
                  "Actual Rows": 46910,
                  "Actual Loops": 4,
                  "Inner Unique": true,
                  "Hash Cond": "(mc.movie_id = t.id)",
                  "Plans": [
                    {
                      "Node Type": "Seq Scan",
                      "Parent Relationship": "Outer",
                      "Parallel Aware": true,
                      "Relation Name": "movie_companies",
                      "Alias": "mc",
                      "Startup Cost": 0.0,
                      "Total Cost": 31414.82,
                      "Plan Rows": 201732,
                      "Plan Width": 4,
                      "Actual Startup Time": 31.857,
                      "Actual Total Time": 68.771,
                      "Actual Rows": 221388,
                      "Actual Loops": 4,
                      "Filter": "((company_id > 12127) AND (company_type_id = 2))",
                      "Rows Removed by Filter": 430894
                    },
                    {
                      "Node Type": "Hash",
                      "Parent Relationship": "Inner",
                      "Parallel Aware": true,
                      "Startup Cost": 45479.59,
                      "Total Cost": 45479.59,
                      "Plan Rows": 363564,
                      "Plan Width": 4,
                      "Actual Startup Time": 240.175,
                      "Actual Total Time": 240.176,
                      "Actual Rows": 359546,
                      "Actual Loops": 4,
                      "Hash Buckets": 2097152,
                      "Original Hash Buckets": 2097152,
                      "Hash Batches": 1,
                      "Original Hash Batches": 1,
                      "Peak Memory Usage": 72736,
                      "Plans": [
                        {
                          "Node Type": "Seq Scan",
                          "Parent Relationship": "Outer",
                          "Parallel Aware": true,
                          "Relation Name": "title",
                          "Alias": "t",
                          "Startup Cost": 0.0,
                          "Total Cost": 45479.59,
                          "Plan Rows": 363564,
                          "Plan Width": 4,
                          "Actual Startup Time": 0.045,
                          "Actual Total Time": 111.655,
                          "Actual Rows": 359546,
                          "Actual Loops": 4,
                          "Filter": "((production_year < 2013) AND (kind_id = 7))",
                          "Rows Removed by Filter": 272532
                        }
                      ]
                    }
                  ]
                }
              ]
            }
          ]
        }
      ]
    },
    "Planning Time": 0.335,
    "Triggers": [],
    "Execution Time": 413.364
  }
]