{
  "Plan": {
    "Node Type": "Aggregate",
    "Strategy": "Plain",
    "Partial Mode": "Finalize",
    "Parallel Aware": false,
    "Startup Cost": 91062.71,
    "Total Cost": 91062.72,
    "Plan Rows": 1,
    "Plan Width": 8,
    "Actual Startup Time": 277.86,
    "Actual Total Time": 289.699,
    "Actual Rows": 1,
    "Actual Loops": 1,
    "Plans": [
      {
        "Node Type": "Gather",
        "Parent Relationship": "Outer",
        "Parallel Aware": false,
        "Startup Cost": 91062.6,
        "Total Cost": 91062.71,
        "Plan Rows": 1,
        "Plan Width": 8,
        "Actual Startup Time": 277.445,
        "Actual Total Time": 289.69,
        "Actual Rows": 2,
        "Actual Loops": 1,
        "Workers Planned": 1,
        "Workers Launched": 1,
        "Single Copy": false,
        "Plans": [
          {
            "Node Type": "Aggregate",
            "Strategy": "Plain",
            "Partial Mode": "Partial",
            "Parent Relationship": "Outer",
            "Parallel Aware": false,
            "Startup Cost": 90062.6,
            "Total Cost": 90062.61,
            "Plan Rows": 1,
            "Plan Width": 8,
            "Actual Startup Time": 271.442,
            "Actual Total Time": 271.445,
            "Actual Rows": 1,
            "Actual Loops": 2,
            "Plans": [
              {
                "Node Type": "Hash Join",
                "Parent Relationship": "Outer",
                "Parallel Aware": true,
                "Join Type": "Inner",
                "Startup Cost": 31464.37,
                "Total Cost": 89953.77,
                "Plan Rows": 43530,
                "Plan Width": 0,
                "Actual Startup Time": 93.5,
                "Actual Total Time": 270.327,
                "Actual Rows": 19129,
                "Actual Loops": 2,
                "Inner Unique": false,
                "Hash Cond": "(t.id = mc.movie_id)",
                "Plans": [
                  {
                    "Node Type": "Seq Scan",
                    "Parent Relationship": "Outer",
                    "Parallel Aware": true,
                    "Relation Name": "title",
                    "Alias": "t",
                    "Startup Cost": 0.0,
                    "Total Cost": 54588.39,
                    "Plan Rows": 583193,
                    "Plan Width": 4,
                    "Actual Startup Time": 0.011,
                    "Actual Total Time": 120.282,
                    "Actual Rows": 492524,
                    "Actual Loops": 2,
                    "Filter": "(kind_id < 7)",
                    "Rows Removed by Filter": 771632
                  },
                  {
                    "Node Type": "Hash",
                    "Parent Relationship": "Inner",
                    "Parallel Aware": true,
                    "Startup Cost": 30076.75,
                    "Total Cost": 30076.75,
                    "Plan Rows": 111009,
                    "Plan Width": 4,
                    "Actual Startup Time": 89.937,
                    "Actual Total Time": 89.938,
                    "Actual Rows": 42332,
                    "Actual Loops": 2,
                    "Hash Buckets": 262144,
                    "Original Hash Buckets": 262144,
                    "Hash Batches": 1,
                    "Original Hash Batches": 1,
                    "Peak Memory Usage": 5408,
                    "Plans": [
                      {
                        "Node Type": "Bitmap Heap Scan",
                        "Parent Relationship": "Outer",
                        "Parallel Aware": true,
                        "Relation Name": "movie_companies",
                        "Alias": "mc",
                        "Startup Cost": 8007.22,
                        "Total Cost": 30076.75,
                        "Plan Rows": 111009,
                        "Plan Width": 4,
                        "Actual Startup Time": 65.365,
                        "Actual Total Time": 80.834,
                        "Actual Rows": 42332,
                        "Actual Loops": 2,
                        "Recheck Cond": "(company_id < 197)",
                        "Rows Removed by Index Recheck": 0,
                        "Filter": "(company_type_id = 2)",
                        "Rows Removed by Filter": 141749,
                        "Exact Heap Blocks": 14248,
                        "Lossy Heap Blocks": 0,
                        "Plans": [
                          {
                            "Node Type": "Bitmap Index Scan",
                            "Parent Relationship": "Outer",
                            "Parallel Aware": false,
                            "Index Name": "company_id_movie_companies",
                            "Startup Cost": 0.0,
                            "Total Cost": 7960.04,
                            "Plan Rows": 371681,
                            "Plan Width": 0,
                            "Actual Startup Time": 28.644,
                            "Actual Total Time": 28.644,
                            "Actual Rows": 368162,
                            "Actual Loops": 1,
                            "Index Cond": "(company_id < 197)"
                          }
                        ]
                      }
                    ]
                  }
                ]
              }
            ]
          }
        ]
      }
    ]
  },
  "Planning Time": 0.458,
  "Triggers": [],
  "Execution Time": 289.787
}