[
  {
    "Plan": {
      "Node Type": "Aggregate",
      "Strategy": "Plain",
      "Partial Mode": "Finalize",
      "Parallel Aware": false,
      "Startup Cost": 289324.39,
      "Total Cost": 289324.4,
      "Plan Rows": 1,
      "Plan Width": 8,
      "Actual Startup Time": 1053.926,
      "Actual Total Time": 1114.682,
      "Actual Rows": 1,
      "Actual Loops": 1,
      "Plans": [
        {
          "Node Type": "Gather",
          "Parent Relationship": "Outer",
          "Parallel Aware": false,
          "Startup Cost": 289323.87,
          "Total Cost": 289324.38,
          "Plan Rows": 5,
          "Plan Width": 8,
          "Actual Startup Time": 1045.464,
          "Actual Total Time": 1114.666,
          "Actual Rows": 6,
          "Actual Loops": 1,
          "Workers Planned": 5,
          "Workers Launched": 5,
          "Single Copy": false,
          "Plans": [
            {
              "Node Type": "Aggregate",
              "Strategy": "Plain",
              "Partial Mode": "Partial",
              "Parent Relationship": "Outer",
              "Parallel Aware": false,
              "Startup Cost": 288323.87,
              "Total Cost": 288323.88,
              "Plan Rows": 1,
              "Plan Width": 8,
              "Actual Startup Time": 1037.98,
              "Actual Total Time": 1038.483,
              "Actual Rows": 1,
              "Actual Loops": 6,
              "Plans": [
                {
                  "Node Type": "Hash Join",
                  "Parent Relationship": "Outer",
                  "Parallel Aware": true,
                  "Join Type": "Inner",
                  "Startup Cost": 82305.28,
                  "Total Cost": 287718.99,
                  "Plan Rows": 241950,
                  "Plan Width": 0,
                  "Actual Startup Time": 352.978,
                  "Actual Total Time": 998.154,
                  "Actual Rows": 843399,
                  "Actual Loops": 6,
                  "Inner Unique": false,
                  "Hash Cond": "(mi.movie_id = t.id)",
                  "Plans": [
                    {
                      "Node Type": "Seq Scan",
                      "Parent Relationship": "Outer",
                      "Parallel Aware": true,
                      "Relation Name": "movie_info",
                      "Alias": "mi",
                      "Startup Cost": 0.0,
                      "Total Cost": 199108.24,
                      "Plan Rows": 1473332,
                      "Plan Width": 4,
                      "Actual Startup Time": 0.037,
                      "Actual Total Time": 369.528,
                      "Actual Rows": 1214478,
                      "Actual Loops": 6,
                      "Filter": "(info_type_id < 8)",
                      "Rows Removed by Filter": 1258142
                    },
                    {
                      "Node Type": "Hash",
                      "Parent Relationship": "Inner",
                      "Parallel Aware": true,
                      "Startup Cost": 80631.01,
                      "Total Cost": 80631.01,
                      "Plan Rows": 133941,
                      "Plan Width": 8,
                      "Actual Startup Time": 349.338,
                      "Actual Total Time": 349.838,
                      "Actual Rows": 107586,
                      "Actual Loops": 6,
                      "Hash Buckets": 1048576,
                      "Original Hash Buckets": 524288,
                      "Hash Batches": 1,
                      "Original Hash Batches": 1,
                      "Peak Memory Usage": 37632,
                      "Plans": [
                        {
                          "Node Type": "Hash Join",
                          "Parent Relationship": "Outer",
                          "Parallel Aware": true,
                          "Join Type": "Inner",
                          "Startup Cost": 48191.99,
                          "Total Cost": 80631.01,
                          "Plan Rows": 133941,
                          "Plan Width": 8,
                          "Actual Startup Time": 200.247,
                          "Actual Total Time": 294.433,
                          "Actual Rows": 107586,
                          "Actual Loops": 6,
                          "Inner Unique": true,
                          "Hash Cond": "(mc.movie_id = t.id)",
                          "Plans": [
                            {
                              "Node Type": "Seq Scan",
                              "Parent Relationship": "Outer",
                              "Parallel Aware": true,
                              "Relation Name": "movie_companies",
                              "Alias": "mc",
                              "Startup Cost": 0.0,
                              "Total Cost": 31414.82,
                              "Plan Rows": 390175,
                              "Plan Width": 4,
                              "Actual Startup Time": 27.752,
                              "Actual Total Time": 59.532,
                              "Actual Rows": 182554,
                              "Actual Loops": 6,
                              "Filter": "((company_id < 103249) AND (company_type_id > 1))",
                              "Rows Removed by Filter": 252301
                            },
                            {
                              "Node Type": "Hash",
                              "Parent Relationship": "Inner",
                              "Parallel Aware": true,
                              "Startup Cost": 45479.59,
                              "Total Cost": 45479.59,
                              "Plan Rows": 216992,
                              "Plan Width": 4,
                              "Actual Startup Time": 170.001,
                              "Actual Total Time": 170.003,
                              "Actual Rows": 149465,
                              "Actual Loops": 6,
                              "Hash Buckets": 1048576,
                              "Original Hash Buckets": 1048576,
                              "Hash Batches": 1,
                              "Original Hash Batches": 1,
                              "Peak Memory Usage": 43392,
                              "Plans": [
                                {
                                  "Node Type": "Seq Scan",
                                  "Parent Relationship": "Outer",
                                  "Parallel Aware": true,
                                  "Relation Name": "title",
                                  "Alias": "t",
                                  "Startup Cost": 0.0,
                                  "Total Cost": 45479.59,
                                  "Plan Rows": 216992,
                                  "Plan Width": 4,
                                  "Actual Startup Time": 0.053,
                                  "Actual Total Time": 93.595,
                                  "Actual Rows": 149465,
                                  "Actual Loops": 6,
                                  "Filter": "((kind_id < 7) AND (production_year < 2012))",
                                  "Rows Removed by Filter": 271921
                                }
                              ]
                            }
                          ]
                        }
                      ]
                    }
                  ]
                }
              ]
            }
          ]
        }
      ]
    },
    "Planning Time": 1.537,
    "Triggers": [],
    "Execution Time": 1114.866
  }
]