[
  {
    "Plan": {
      "Node Type": "Aggregate",
      "Strategy": "Plain",
      "Partial Mode": "Finalize",
      "Parallel Aware": false,
      "Startup Cost": 78740.32,
      "Total Cost": 78740.33,
      "Plan Rows": 1,
      "Plan Width": 8,
      "Actual Startup Time": 278.814,
      "Actual Total Time": 294.581,
      "Actual Rows": 1,
      "Actual Loops": 1,
      "Plans": [
        {
          "Node Type": "Gather",
          "Parent Relationship": "Outer",
          "Parallel Aware": false,
          "Startup Cost": 78740.01,
          "Total Cost": 78740.32,
          "Plan Rows": 3,
          "Plan Width": 8,
          "Actual Startup Time": 276.817,
          "Actual Total Time": 294.564,
          "Actual Rows": 4,
          "Actual Loops": 1,
          "Workers Planned": 3,
          "Workers Launched": 3,
          "Single Copy": false,
          "Plans": [
            {
              "Node Type": "Aggregate",
              "Strategy": "Plain",
              "Partial Mode": "Partial",
              "Parent Relationship": "Outer",
              "Parallel Aware": false,
              "Startup Cost": 77740.01,
              "Total Cost": 77740.02,
              "Plan Rows": 1,
              "Plan Width": 8,
              "Actual Startup Time": 269.638,
              "Actual Total Time": 269.642,
              "Actual Rows": 1,
              "Actual Loops": 4,
              "Plans": [
                {
                  "Node Type": "Hash Join",
                  "Parent Relationship": "Outer",
                  "Parallel Aware": true,
                  "Join Type": "Inner",
                  "Startup Cost": 47150.39,
                  "Total Cost": 77525.56,
                  "Plan Rows": 85780,
                  "Plan Width": 0,
                  "Actual Startup Time": 196.247,
                  "Actual Total Time": 268.796,
                  "Actual Rows": 21156,
                  "Actual Loops": 4,
                  "Inner Unique": true,
                  "Hash Cond": "(mc.movie_id = t.id)",
                  "Plans": [
                    {
                      "Node Type": "Seq Scan",
                      "Parent Relationship": "Outer",
                      "Parallel Aware": true,
                      "Relation Name": "movie_companies",
                      "Alias": "mc",
                      "Startup Cost": 0.0,
                      "Total Cost": 29310.68,
                      "Plan Rows": 405519,
                      "Plan Width": 4,
                      "Actual Startup Time": 8.965,
                      "Actual Total Time": 64.259,
                      "Actual Rows": 315700,
                      "Actual Loops": 4,
                      "Filter": "(company_id > 11540)",
                      "Rows Removed by Filter": 336583
                    },
                    {
                      "Node Type": "Hash",
                      "Parent Relationship": "Inner",
                      "Parallel Aware": true,
                      "Startup Cost": 45479.1,
                      "Total Cost": 45479.1,
                      "Plan Rows": 133703,
                      "Plan Width": 4,
                      "Actual Startup Time": 142.192,
                      "Actual Total Time": 142.193,
                      "Actual Rows": 107062,
                      "Actual Loops": 4,
                      "Hash Buckets": 1048576,
                      "Original Hash Buckets": 1048576,
                      "Hash Batches": 1,
                      "Original Hash Batches": 1,
                      "Peak Memory Usage": 24992,
                      "Plans": [
                        {
                          "Node Type": "Seq Scan",
                          "Parent Relationship": "Outer",
                          "Parallel Aware": true,
                          "Relation Name": "title",
                          "Alias": "t",
                          "Startup Cost": 0.0,
                          "Total Cost": 45479.1,
                          "Plan Rows": 133703,
                          "Plan Width": 4,
                          "Actual Startup Time": 0.036,
                          "Actual Total Time": 98.985,
                          "Actual Rows": 107062,
                          "Actual Loops": 4,
                          "Filter": "((production_year < 1997) AND (kind_id = 7))",
                          "Rows Removed by Filter": 525016
                        }
                      ]
                    }
                  ]
                }
              ]
            }
          ]
        }
      ]
    },
    "Planning Time": 0.619,
    "Triggers": [],
    "Execution Time": 294.636
  }
]