[
  {
    "Plan": {
      "Node Type": "Aggregate",
      "Strategy": "Plain",
      "Partial Mode": "Finalize",
      "Parallel Aware": false,
      "Startup Cost": 62464.4,
      "Total Cost": 62464.41,
      "Plan Rows": 1,
      "Plan Width": 8,
      "Actual Startup Time": 238.105,
      "Actual Total Time": 251.841,
      "Actual Rows": 1,
      "Actual Loops": 1,
      "Plans": [
        {
          "Node Type": "Gather",
          "Parent Relationship": "Outer",
          "Parallel Aware": false,
          "Startup Cost": 62464.19,
          "Total Cost": 62464.4,
          "Plan Rows": 2,
          "Plan Width": 8,
          "Actual Startup Time": 236.706,
          "Actual Total Time": 251.832,
          "Actual Rows": 3,
          "Actual Loops": 1,
          "Workers Planned": 2,
          "Workers Launched": 2,
          "Single Copy": false,
          "Plans": [
            {
              "Node Type": "Aggregate",
              "Strategy": "Plain",
              "Partial Mode": "Partial",
              "Parent Relationship": "Outer",
              "Parallel Aware": false,
              "Startup Cost": 61464.19,
              "Total Cost": 61464.2,
              "Plan Rows": 1,
              "Plan Width": 8,
              "Actual Startup Time": 229.168,
              "Actual Total Time": 229.262,
              "Actual Rows": 1,
              "Actual Loops": 3,
              "Plans": [
                {
                  "Node Type": "Hash Join",
                  "Parent Relationship": "Outer",
                  "Parallel Aware": true,
                  "Join Type": "Inner",
                  "Startup Cost": 45813.09,
                  "Total Cost": 61443.74,
                  "Plan Rows": 8180,
                  "Plan Width": 0,
                  "Actual Startup Time": 154.232,
                  "Actual Total Time": 228.485,
                  "Actual Rows": 15437,
                  "Actual Loops": 3,
                  "Inner Unique": true,
                  "Hash Cond": "(mi_idx.movie_id = t.id)",
                  "Plans": [
                    {
                      "Node Type": "Seq Scan",
                      "Parent Relationship": "Outer",
                      "Parallel Aware": true,
                      "Relation Name": "movie_info_idx",
                      "Alias": "mi_idx",
                      "Startup Cost": 0.0,
                      "Total Cost": 15122.68,
                      "Plan Rows": 193512,
                      "Plan Width": 4,
                      "Actual Startup Time": 0.027,
                      "Actual Total Time": 42.26,
                      "Actual Rows": 153308,
                      "Actual Loops": 3,
                      "Filter": "(info_type_id = 100)",
                      "Rows Removed by Filter": 306703
                    },
                    {
                      "Node Type": "Hash",
                      "Parent Relationship": "Inner",
                      "Parallel Aware": true,
                      "Startup Cost": 45479.1,
                      "Total Cost": 45479.1,
                      "Plan Rows": 26719,
                      "Plan Width": 4,
                      "Actual Startup Time": 151.99,
                      "Actual Total Time": 151.991,
                      "Actual Rows": 70806,
                      "Actual Loops": 3,
                      "Hash Buckets": 262144,
                      "Original Hash Buckets": 131072,
                      "Hash Batches": 1,
                      "Original Hash Batches": 1,
                      "Peak Memory Usage": 11456,
                      "Plans": [
                        {
                          "Node Type": "Seq Scan",
                          "Parent Relationship": "Outer",
                          "Parallel Aware": true,
                          "Relation Name": "title",
                          "Alias": "t",
                          "Startup Cost": 0.0,
                          "Total Cost": 45479.1,
                          "Plan Rows": 26719,
                          "Plan Width": 4,
                          "Actual Startup Time": 0.148,
                          "Actual Total Time": 124.52,
                          "Actual Rows": 70806,
                          "Actual Loops": 3,
                          "Filter": "((kind_id < 7) AND (production_year < 1964))",
                          "Rows Removed by Filter": 771965
                        }
                      ]
                    }
                  ]
                }
              ]
            }
          ]
        }
      ]
    },
    "Planning Time": 0.618,
    "Triggers": [],
    "Execution Time": 251.912
  }
]