{
  "Plan": {
    "Node Type": "Aggregate",
    "Strategy": "Plain",
    "Partial Mode": "Finalize",
    "Parallel Aware": false,
    "Startup Cost": 96406.15,
    "Total Cost": 96406.16,
    "Plan Rows": 1,
    "Plan Width": 8,
    "Actual Startup Time": 472.534,
    "Actual Total Time": 485.378,
    "Actual Rows": 1,
    "Actual Loops": 1,
    "Plans": [
      {
        "Node Type": "Gather",
        "Parent Relationship": "Outer",
        "Parallel Aware": false,
        "Startup Cost": 96406.03,
        "Total Cost": 96406.14,
        "Plan Rows": 1,
        "Plan Width": 8,
        "Actual Startup Time": 471.383,
        "Actual Total Time": 485.367,
        "Actual Rows": 2,
        "Actual Loops": 1,
        "Workers Planned": 1,
        "Workers Launched": 1,
        "Single Copy": false,
        "Plans": [
          {
            "Node Type": "Aggregate",
            "Strategy": "Plain",
            "Partial Mode": "Partial",
            "Parent Relationship": "Outer",
            "Parallel Aware": false,
            "Startup Cost": 95406.03,
            "Total Cost": 95406.04,
            "Plan Rows": 1,
            "Plan Width": 8,
            "Actual Startup Time": 466.529,
            "Actual Total Time": 466.533,
            "Actual Rows": 1,
            "Actual Loops": 2,
            "Plans": [
              {
                "Node Type": "Hash Join",
                "Parent Relationship": "Outer",
                "Parallel Aware": true,
                "Join Type": "Inner",
                "Startup Cost": 33276.95,
                "Total Cost": 94820.41,
                "Plan Rows": 234251,
                "Plan Width": 0,
                "Actual Startup Time": 129.59,
                "Actual Total Time": 458.428,
                "Actual Rows": 201608,
                "Actual Loops": 2,
                "Inner Unique": false,
                "Hash Cond": "(t.id = mc.movie_id)",
                "Plans": [
                  {
                    "Node Type": "Seq Scan",
                    "Parent Relationship": "Outer",
                    "Parallel Aware": true,
                    "Relation Name": "title",
                    "Alias": "t",
                    "Startup Cost": 0.0,
                    "Total Cost": 50870.31,
                    "Plan Rows": 1487231,
                    "Plan Width": 4,
                    "Actual Startup Time": 0.009,
                    "Actual Total Time": 115.647,
                    "Actual Rows": 1264156,
                    "Actual Loops": 2
                  },
                  {
                    "Node Type": "Hash",
                    "Parent Relationship": "Inner",
                    "Parallel Aware": true,
                    "Startup Cost": 30348.81,
                    "Total Cost": 30348.81,
                    "Plan Rows": 234251,
                    "Plan Width": 4,
                    "Actual Startup Time": 116.306,
                    "Actual Total Time": 116.307,
                    "Actual Rows": 201608,
                    "Actual Loops": 2,
                    "Hash Buckets": 524288,
                    "Original Hash Buckets": 524288,
                    "Hash Batches": 1,
                    "Original Hash Batches": 1,
                    "Peak Memory Usage": 19904,
                    "Plans": [
                      {
                        "Node Type": "Bitmap Heap Scan",
                        "Parent Relationship": "Outer",
                        "Parallel Aware": true,
                        "Relation Name": "movie_companies",
                        "Alias": "mc",
                        "Startup Cost": 8630.68,
                        "Total Cost": 30348.81,
                        "Plan Rows": 234251,
                        "Plan Width": 4,
                        "Actual Startup Time": 35.913,
                        "Actual Total Time": 76.345,
                        "Actual Rows": 201608,
                        "Actual Loops": 2,
                        "Recheck Cond": "(company_id > 81901)",
                        "Rows Removed by Index Recheck": 0,
                        "Exact Heap Blocks": 4201,
                        "Lossy Heap Blocks": 0,
                        "Plans": [
                          {
                            "Node Type": "Bitmap Index Scan",
                            "Parent Relationship": "Outer",
                            "Parallel Aware": false,
                            "Index Name": "company_id_movie_companies",
                            "Startup Cost": 0.0,
                            "Total Cost": 8531.12,
                            "Plan Rows": 398226,
                            "Plan Width": 0,
                            "Actual Startup Time": 35.015,
                            "Actual Total Time": 35.015,
                            "Actual Rows": 403216,
                            "Actual Loops": 1,
                            "Index Cond": "(company_id > 81901)"
                          }
                        ]
                      }
                    ]
                  }
                ]
              }
            ]
          }
        ]
      }
    ]
  },
  "Planning Time": 0.514,
  "Triggers": [],
  "Execution Time": 485.453
}