[
  {
    "Plan": {
      "Node Type": "Aggregate",
      "Strategy": "Plain",
      "Partial Mode": "Finalize",
      "Parallel Aware": false,
      "Startup Cost": 295019.3,
      "Total Cost": 295019.31,
      "Plan Rows": 1,
      "Plan Width": 96,
      "Actual Startup Time": 1698.049,
      "Actual Total Time": 1775.294,
      "Actual Rows": 1,
      "Actual Loops": 1,
      "Plans": [
        {
          "Node Type": "Gather",
          "Parent Relationship": "Outer",
          "Parallel Aware": false,
          "Startup Cost": 295018.86,
          "Total Cost": 295019.27,
          "Plan Rows": 4,
          "Plan Width": 96,
          "Actual Startup Time": 1696.656,
          "Actual Total Time": 1775.238,
          "Actual Rows": 5,
          "Actual Loops": 1,
          "Workers Planned": 4,
          "Workers Launched": 4,
          "Single Copy": false,
          "Plans": [
            {
              "Node Type": "Aggregate",
              "Strategy": "Plain",
              "Partial Mode": "Partial",
              "Parent Relationship": "Outer",
              "Parallel Aware": false,
              "Startup Cost": 294018.86,
              "Total Cost": 294018.87,
              "Plan Rows": 1,
              "Plan Width": 96,
              "Actual Startup Time": 1685.499,
              "Actual Total Time": 1685.521,
              "Actual Rows": 1,
              "Actual Loops": 5,
              "Plans": [
                {
                  "Node Type": "Hash Join",
                  "Parent Relationship": "Outer",
                  "Parallel Aware": false,
                  "Join Type": "Inner",
                  "Startup Cost": 249330.12,
                  "Total Cost": 294018.85,
                  "Plan Rows": 1,
                  "Plan Width": 66,
                  "Actual Startup Time": 1615.073,
                  "Actual Total Time": 1683.063,
                  "Actual Rows": 14550,
                  "Actual Loops": 5,
                  "Inner Unique": true,
                  "Hash Cond": "(t.kind_id = kt.id)",
                  "Plans": [
                    {
                      "Node Type": "Hash Join",
                      "Parent Relationship": "Outer",
                      "Parallel Aware": true,
                      "Join Type": "Inner",
                      "Startup Cost": 249329.02,
                      "Total Cost": 294017.72,
                      "Plan Rows": 8,
                      "Plan Width": 70,
                      "Actual Startup Time": 1502.65,
                      "Actual Total Time": 1679.389,
                      "Actual Rows": 16847,
                      "Actual Loops": 5,
                      "Inner Unique": false,
                      "Hash Cond": "(t.id = mi.movie_id)",
                      "Plans": [
                        {
                          "Node Type": "Seq Scan",
                          "Parent Relationship": "Outer",
                          "Parallel Aware": true,
                          "Relation Name": "title",
                          "Alias": "t",
                          "Startup Cost": 0.0,
                          "Total Cost": 42318.49,
                          "Plan Rows": 632049,
                          "Plan Width": 25,
                          "Actual Startup Time": 0.014,
                          "Actual Total Time": 96.434,
                          "Actual Rows": 505662,
                          "Actual Loops": 5
                        },
                        {
                          "Node Type": "Hash",
                          "Parent Relationship": "Inner",
                          "Parallel Aware": true,
                          "Startup Cost": 249328.93,
                          "Total Cost": 249328.93,
                          "Plan Rows": 7,
                          "Plan Width": 61,
                          "Actual Startup Time": 1501.432,
                          "Actual Total Time": 1501.45,
                          "Actual Rows": 16847,
                          "Actual Loops": 5,
                          "Hash Buckets": 131072,
                          "Original Hash Buckets": 1024,
                          "Hash Batches": 1,
                          "Original Hash Batches": 1,
                          "Peak Memory Usage": 8248,
                          "Plans": [
                            {
                              "Node Type": "Hash Join",
                              "Parent Relationship": "Outer",
                              "Parallel Aware": true,
                              "Join Type": "Inner",
                              "Startup Cost": 49476.95,
                              "Total Cost": 249328.93,
                              "Plan Rows": 7,
                              "Plan Width": 61,
                              "Actual Startup Time": 614.574,
                              "Actual Total Time": 1376.041,
                              "Actual Rows": 16847,
                              "Actual Loops": 5,
                              "Inner Unique": false,
                              "Hash Cond": "(mi.movie_id = mc.movie_id)",
                              "Plans": [
                                {
                                  "Node Type": "Hash Join",
                                  "Parent Relationship": "Outer",
                                  "Parallel Aware": false,
                                  "Join Type": "Inner",
                                  "Startup Cost": 2.43,
                                  "Total Cost": 199755.89,
                                  "Plan Rows": 26264,
                                  "Plan Width": 47,
                                  "Actual Startup Time": 242.539,
                                  "Actual Total Time": 925.757,
                                  "Actual Rows": 607344,
                                  "Actual Loops": 5,
                                  "Inner Unique": true,
                                  "Hash Cond": "(mi.info_type_id = it2.id)",
                                  "Plans": [
                                    {
                                      "Node Type": "Seq Scan",
                                      "Parent Relationship": "Outer",
                                      "Parallel Aware": true,
                                      "Relation Name": "movie_info",
                                      "Alias": "mi",
                                      "Startup Cost": 0.0,
                                      "Total Cost": 191670.84,
                                      "Plan Rows": 2967784,
                                      "Plan Width": 51,
                                      "Actual Startup Time": 0.036,
                                      "Actual Total Time": 532.366,
                                      "Actual Rows": 2967144,
                                      "Actual Loops": 5
                                    },
                                    {
                                      "Node Type": "Hash",
                                      "Parent Relationship": "Inner",
                                      "Parallel Aware": false,
                                      "Startup Cost": 2.41,
                                      "Total Cost": 2.41,
                                      "Plan Rows": 1,
                                      "Plan Width": 4,
                                      "Actual Startup Time": 0.056,
                                      "Actual Total Time": 0.057,
                                      "Actual Rows": 1,
                                      "Actual Loops": 5,
                                      "Hash Buckets": 1024,
                                      "Original Hash Buckets": 1024,
                                      "Hash Batches": 1,
                                      "Original Hash Batches": 1,
                                      "Peak Memory Usage": 9,
                                      "Plans": [
                                        {
                                          "Node Type": "Seq Scan",
                                          "Parent Relationship": "Outer",
                                          "Parallel Aware": false,
                                          "Relation Name": "info_type",
                                          "Alias": "it2",
                                          "Startup Cost": 0.0,
                                          "Total Cost": 2.41,
                                          "Plan Rows": 1,
                                          "Plan Width": 4,
                                          "Actual Startup Time": 0.028,
                                          "Actual Total Time": 0.043,
                                          "Actual Rows": 1,
                                          "Actual Loops": 5,
                                          "Filter": "((info)::text = 'release dates'::text)",
                                          "Rows Removed by Filter": 112
                                        }
                                      ]
                                    }
                                  ]
                                },
                                {
                                  "Node Type": "Hash",
                                  "Parent Relationship": "Inner",
                                  "Parallel Aware": true,
                                  "Startup Cost": 49473.93,
                                  "Total Cost": 49473.93,
                                  "Plan Rows": 48,
                                  "Plan Width": 14,
                                  "Actual Startup Time": 369.598,
                                  "Actual Total Time": 369.61,
                                  "Actual Rows": 1099,
                                  "Actual Loops": 5,
                                  "Hash Buckets": 8192,
                                  "Original Hash Buckets": 1024,
                                  "Hash Batches": 1,
                                  "Original Hash Batches": 1,
                                  "Peak Memory Usage": 536,
                                  "Plans": [
                                    {
                                      "Node Type": "Hash Join",
                                      "Parent Relationship": "Outer",
                                      "Parallel Aware": true,
                                      "Join Type": "Inner",
                                      "Startup Cost": 34203.52,
                                      "Total Cost": 49473.93,
                                      "Plan Rows": 48,
                                      "Plan Width": 14,
                                      "Actual Startup Time": 185.234,
                                      "Actual Total Time": 286.955,
                                      "Actual Rows": 1099,
                                      "Actual Loops": 5,
                                      "Inner Unique": false,
                                      "Hash Cond": "(miidx.movie_id = mc.movie_id)",
                                      "Plans": [
                                        {
                                          "Node Type": "Hash Join",
                                          "Parent Relationship": "Outer",
                                          "Parallel Aware": false,
                                          "Join Type": "Inner",
                                          "Startup Cost": 2.43,
                                          "Total Cost": 15253.6,
                                          "Plan Rows": 5089,
                                          "Plan Width": 10,
                                          "Actual Startup Time": 0.178,
                                          "Actual Total Time": 87.389,
                                          "Actual Rows": 91985,
                                          "Actual Loops": 5,
                                          "Inner Unique": true,
                                          "Hash Cond": "(miidx.info_type_id = it.id)",
                                          "Plans": [
                                            {
                                              "Node Type": "Seq Scan",
                                              "Parent Relationship": "Outer",
                                              "Parallel Aware": true,
                                              "Relation Name": "movie_info_idx",
                                              "Alias": "miidx",
                                              "Startup Cost": 0.0,
                                              "Total Cost": 13685.15,
                                              "Plan Rows": 575015,
                                              "Plan Width": 14,
                                              "Actual Startup Time": 0.036,
                                              "Actual Total Time": 43.914,
                                              "Actual Rows": 276007,
                                              "Actual Loops": 5
                                            },
                                            {
                                              "Node Type": "Hash",
                                              "Parent Relationship": "Inner",
                                              "Parallel Aware": false,
                                              "Startup Cost": 2.41,
                                              "Total Cost": 2.41,
                                              "Plan Rows": 1,
                                              "Plan Width": 4,
                                              "Actual Startup Time": 0.094,
                                              "Actual Total Time": 0.095,
                                              "Actual Rows": 1,
                                              "Actual Loops": 5,
                                              "Hash Buckets": 1024,
                                              "Original Hash Buckets": 1024,
                                              "Hash Batches": 1,
                                              "Original Hash Batches": 1,
                                              "Peak Memory Usage": 9,
                                              "Plans": [
                                                {
                                                  "Node Type": "Seq Scan",
                                                  "Parent Relationship": "Outer",
                                                  "Parallel Aware": false,
                                                  "Relation Name": "info_type",
                                                  "Alias": "it",
                                                  "Startup Cost": 0.0,
                                                  "Total Cost": 2.41,
                                                  "Plan Rows": 1,
                                                  "Plan Width": 4,
                                                  "Actual Startup Time": 0.082,
                                                  "Actual Total Time": 0.084,
                                                  "Actual Rows": 1,
                                                  "Actual Loops": 5,
                                                  "Filter": "((info)::text = 'rating'::text)",
                                                  "Rows Removed by Filter": 112
                                                }
                                              ]
                                            }
                                          ]
                                        },
                                        {
                                          "Node Type": "Hash",
                                          "Parent Relationship": "Inner",
                                          "Parallel Aware": true,
                                          "Startup Cost": 34183.03,
                                          "Total Cost": 34183.03,
                                          "Plan Rows": 1445,
                                          "Plan Width": 4,
                                          "Actual Startup Time": 184.673,
                                          "Actual Total Time": 184.68,
                                          "Actual Rows": 1536,
                                          "Actual Loops": 5,
                                          "Hash Buckets": 8192,
                                          "Original Hash Buckets": 8192,
                                          "Hash Batches": 1,
                                          "Original Hash Batches": 1,
                                          "Peak Memory Usage": 384,
                                          "Plans": [
                                            {
                                              "Node Type": "Hash Join",
                                              "Parent Relationship": "Outer",
                                              "Parallel Aware": false,
                                              "Join Type": "Inner",
                                              "Startup Cost": 4735.84,
                                              "Total Cost": 34183.03,
                                              "Plan Rows": 1445,
                                              "Plan Width": 4,
                                              "Actual Startup Time": 22.729,
                                              "Actual Total Time": 183.74,
                                              "Actual Rows": 1536,
                                              "Actual Loops": 5,
                                              "Inner Unique": true,
                                              "Hash Cond": "(mc.company_type_id = ct.id)",
                                              "Plans": [
                                                {
                                                  "Node Type": "Hash Join",
                                                  "Parent Relationship": "Outer",
                                                  "Parallel Aware": true,
                                                  "Join Type": "Inner",
                                                  "Startup Cost": 4734.78,
                                                  "Total Cost": 34150.72,
                                                  "Plan Rows": 5781,
                                                  "Plan Width": 8,
                                                  "Actual Startup Time": 22.615,
                                                  "Actual Total Time": 182.931,
                                                  "Actual Rows": 3512,
                                                  "Actual Loops": 5,
                                                  "Inner Unique": true,
                                                  "Hash Cond": "(mc.company_id = cn.id)",
                                                  "Plans": [
                                                    {
                                                      "Node Type": "Seq Scan",
                                                      "Parent Relationship": "Outer",
                                                      "Parallel Aware": true,
                                                      "Relation Name": "movie_companies",
                                                      "Alias": "mc",
                                                      "Startup Cost": 0.0,
                                                      "Total Cost": 27206.55,
                                                      "Plan Rows": 841655,
                                                      "Plan Width": 12,
                                                      "Actual Startup Time": 0.035,
                                                      "Actual Total Time": 93.429,
                                                      "Actual Rows": 521826,
                                                      "Actual Loops": 5
                                                    },
                                                    {
                                                      "Node Type": "Hash",
                                                      "Parent Relationship": "Inner",
                                                      "Parallel Aware": true,
                                                      "Startup Cost": 4722.92,
                                                      "Total Cost": 4722.92,
                                                      "Plan Rows": 949,
                                                      "Plan Width": 4,
                                                      "Actual Startup Time": 22.153,
                                                      "Actual Total Time": 22.154,
                                                      "Actual Rows": 339,
                                                      "Actual Loops": 5,
                                                      "Hash Buckets": 2048,
                                                      "Original Hash Buckets": 2048,
                                                      "Hash Batches": 1,
                                                      "Original Hash Batches": 1,
                                                      "Peak Memory Usage": 176,
                                                      "Plans": [
                                                        {
                                                          "Node Type": "Seq Scan",
                                                          "Parent Relationship": "Outer",
                                                          "Parallel Aware": true,
                                                          "Relation Name": "company_name",
                                                          "Alias": "cn",
                                                          "Startup Cost": 0.0,
                                                          "Total Cost": 4722.92,
                                                          "Plan Rows": 949,
                                                          "Plan Width": 4,
                                                          "Actual Startup Time": 0.061,
                                                          "Actual Total Time": 21.724,
                                                          "Actual Rows": 339,
                                                          "Actual Loops": 5,
                                                          "Filter": "((country_code)::text = '[be]'::text)",
                                                          "Rows Removed by Filter": 46660
                                                        }
                                                      ]
                                                    }
                                                  ]
                                                },
                                                {
                                                  "Node Type": "Hash",
                                                  "Parent Relationship": "Inner",
                                                  "Parallel Aware": false,
                                                  "Startup Cost": 1.05,
                                                  "Total Cost": 1.05,
                                                  "Plan Rows": 1,
                                                  "Plan Width": 4,
                                                  "Actual Startup Time": 0.072,
                                                  "Actual Total Time": 0.073,
                                                  "Actual Rows": 1,
                                                  "Actual Loops": 5,
                                                  "Hash Buckets": 1024,
                                                  "Original Hash Buckets": 1024,
                                                  "Hash Batches": 1,
                                                  "Original Hash Batches": 1,
                                                  "Peak Memory Usage": 9,
                                                  "Plans": [
                                                    {
                                                      "Node Type": "Seq Scan",
                                                      "Parent Relationship": "Outer",
                                                      "Parallel Aware": false,
                                                      "Relation Name": "company_type",
                                                      "Alias": "ct",
                                                      "Startup Cost": 0.0,
                                                      "Total Cost": 1.05,
                                                      "Plan Rows": 1,
                                                      "Plan Width": 4,
                                                      "Actual Startup Time": 0.059,
                                                      "Actual Total Time": 0.061,
                                                      "Actual Rows": 1,
                                                      "Actual Loops": 5,
                                                      "Filter": "((kind)::text = 'distributors'::text)",
                                                      "Rows Removed by Filter": 3
                                                    }
                                                  ]
                                                }
                                              ]
                                            }
                                          ]
                                        }
                                      ]
                                    }
                                  ]
                                }
                              ]
                            }
                          ]
                        }
                      ]
                    },
                    {
                      "Node Type": "Hash",
                      "Parent Relationship": "Inner",
                      "Parallel Aware": false,
                      "Startup Cost": 1.09,
                      "Total Cost": 1.09,
                      "Plan Rows": 1,
                      "Plan Width": 4,
                      "Actual Startup Time": 0.116,
                      "Actual Total Time": 0.117,
                      "Actual Rows": 1,
                      "Actual Loops": 5,
                      "Hash Buckets": 1024,
                      "Original Hash Buckets": 1024,
                      "Hash Batches": 1,
                      "Original Hash Batches": 1,
                      "Peak Memory Usage": 9,
                      "Plans": [
                        {
                          "Node Type": "Seq Scan",
                          "Parent Relationship": "Outer",
                          "Parallel Aware": false,
                          "Relation Name": "kind_type",
                          "Alias": "kt",
                          "Startup Cost": 0.0,
                          "Total Cost": 1.09,
                          "Plan Rows": 1,
                          "Plan Width": 4,
                          "Actual Startup Time": 0.085,
                          "Actual Total Time": 0.089,
                          "Actual Rows": 1,
                          "Actual Loops": 5,
                          "Filter": "((kind)::text = 'movie'::text)",
                          "Rows Removed by Filter": 6
                        }
                      ]
                    }
                  ]
                }
              ]
            }
          ]
        }
      ]
    },
    "Planning Time": 16.819,
    "Triggers": [],
    "Execution Time": 1775.893
  }
]