{
    "Plan": {
        "Node Type": "Aggregate",
        "Strategy": "Plain",
        "Partial Mode": "Simple",
        "Parallel Aware": false,
        "Startup Cost": 30000742696.4,
        "Total Cost": 30000742696.41,
        "Plan Rows": 1,
        "Plan Width": 64,
        "Actual Startup Time": 3345.296,
        "Actual Total Time": 3345.56,
        "Actual Rows": 1,
        "Actual Loops": 1,
        "Output": [
            "min((kt.kind)::text)",
            "min(t.title)"
        ],
        "Plans": [
            {
                "Node Type": "Nested Loop",
                "Parent Relationship": "Outer",
                "Parallel Aware": false,
                "Join Type": "Inner",
                "Startup Cost": 30000730036.05,
                "Total Cost": 30000742696.4,
                "Plan Rows": 1,
                "Plan Width": 27,
                "Actual Startup Time": 3342.758,
                "Actual Total Time": 3345.375,
                "Actual Rows": 612,
                "Actual Loops": 1,
                "Output": [
                    "kt.kind",
                    "t.title"
                ],
                "Inner Unique": true,
                "Plans": [
                    {
                        "Node Type": "Merge Join",
                        "Parent Relationship": "Outer",
                        "Parallel Aware": false,
                        "Join Type": "Inner",
                        "Startup Cost": 20000730035.92,
                        "Total Cost": 20000742690.64,
                        "Plan Rows": 1,
                        "Plan Width": 31,
                        "Actual Startup Time": 3342.735,
                        "Actual Total Time": 3343.17,
                        "Actual Rows": 612,
                        "Actual Loops": 1,
                        "Output": [
                            "mc.company_type_id",
                            "t.title",
                            "kt.kind"
                        ],
                        "Inner Unique": true,
                        "Merge Cond": "(mc.company_id = cn.id)",
                        "Plans": [
                            {
                                "Node Type": "Sort",
                                "Parent Relationship": "Outer",
                                "Parallel Aware": false,
                                "Startup Cost": 20000730035.5,
                                "Total Cost": 20000730035.5,
                                "Plan Rows": 1,
                                "Plan Width": 35,
                                "Actual Startup Time": 3283.403,
                                "Actual Total Time": 3283.718,
                                "Actual Rows": 612,
                                "Actual Loops": 1,
                                "Output": [
                                    "mc.company_id",
                                    "mc.company_type_id",
                                    "t.title",
                                    "kt.kind"
                                ],
                                "Sort Key": [
                                    "mc.company_id"
                                ],
                                "Sort Method": "quicksort",
                                "Sort Space Used": 72,
                                "Sort Space Type": "Memory",
                                "Plans": [
                                    {
                                        "Node Type": "Hash Join",
                                        "Parent Relationship": "Outer",
                                        "Parallel Aware": false,
                                        "Join Type": "Inner",
                                        "Startup Cost": 20000675369.95,
                                        "Total Cost": 20000730035.49,
                                        "Plan Rows": 1,
                                        "Plan Width": 35,
                                        "Actual Startup Time": 3262.056,
                                        "Actual Total Time": 3283.569,
                                        "Actual Rows": 612,
                                        "Actual Loops": 1,
                                        "Output": [
                                            "mc.company_id",
                                            "mc.company_type_id",
                                            "t.title",
                                            "kt.kind"
                                        ],
                                        "Inner Unique": false,
                                        "Hash Cond": "(mc.movie_id = t.id)",
                                        "Plans": [
                                            {
                                                "Node Type": "Seq Scan",
                                                "Parent Relationship": "Outer",
                                                "Parallel Aware": false,
                                                "Relation Name": "movie_companies",
                                                "Schema": "public",
                                                "Alias": "mc",
                                                "Startup Cost": 10000000000.0,
                                                "Total Cost": 10000044881.29,
                                                "Plan Rows": 2609129,
                                                "Plan Width": 12,
                                                "Actual Startup Time": 0.021,
                                                "Actual Total Time": 183.922,
                                                "Actual Rows": 2609129,
                                                "Actual Loops": 1,
                                                "Output": [
                                                    "mc.id",
                                                    "mc.movie_id",
                                                    "mc.company_id",
                                                    "mc.company_type_id",
                                                    "mc.note"
                                                ]
                                            },
                                            {
                                                "Node Type": "Hash",
                                                "Parent Relationship": "Inner",
                                                "Parallel Aware": false,
                                                "Startup Cost": 10000675369.94,
                                                "Total Cost": 10000675369.94,
                                                "Plan Rows": 1,
                                                "Plan Width": 43,
                                                "Actual Startup Time": 2944.252,
                                                "Actual Total Time": 2944.513,
                                                "Actual Rows": 612,
                                                "Actual Loops": 1,
                                                "Output": [
                                                    "cc.movie_id",
                                                    "mi.movie_id",
                                                    "mk.movie_id",
                                                    "t.title",
                                                    "t.id",
                                                    "kt.kind"
                                                ],
                                                "Hash Buckets": 1024,
                                                "Original Hash Buckets": 1024,
                                                "Hash Batches": 1,
                                                "Original Hash Batches": 1,
                                                "Peak Memory Usage": 50,
                                                "Plans": [
                                                    {
                                                        "Node Type": "Merge Join",
                                                        "Parent Relationship": "Outer",
                                                        "Parallel Aware": false,
                                                        "Join Type": "Inner",
                                                        "Startup Cost": 10000670041.27,
                                                        "Total Cost": 10000675369.94,
                                                        "Plan Rows": 1,
                                                        "Plan Width": 43,
                                                        "Actual Startup Time": 2902.342,
                                                        "Actual Total Time": 2944.382,
                                                        "Actual Rows": 612,
                                                        "Actual Loops": 1,
                                                        "Output": [
                                                            "cc.movie_id",
                                                            "mi.movie_id",
                                                            "mk.movie_id",
                                                            "t.title",
                                                            "t.id",
                                                            "kt.kind"
                                                        ],
                                                        "Inner Unique": false,
                                                        "Merge Cond": "(k.id = mk.keyword_id)",
                                                        "Plans": [
                                                            {
                                                                "Node Type": "Index Scan",
                                                                "Parent Relationship": "Outer",
                                                                "Parallel Aware": false,
                                                                "Scan Direction": "Forward",
                                                                "Index Name": "keyword_pkey",
                                                                "Relation Name": "keyword",
                                                                "Schema": "public",
                                                                "Alias": "k",
                                                                "Startup Cost": 0.42,
                                                                "Total Cost": 5007.5,
                                                                "Plan Rows": 134170,
                                                                "Plan Width": 4,
                                                                "Actual Startup Time": 0.022,
                                                                "Actual Total Time": 34.322,
                                                                "Actual Rows": 124591,
                                                                "Actual Loops": 1,
                                                                "Output": [
                                                                    "k.id",
                                                                    "k.keyword",
                                                                    "k.phonetic_code"
                                                                ]
                                                            },
                                                            {
                                                                "Node Type": "Sort",
                                                                "Parent Relationship": "Inner",
                                                                "Parallel Aware": false,
                                                                "Startup Cost": 10000670040.85,
                                                                "Total Cost": 10000670040.86,
                                                                "Plan Rows": 1,
                                                                "Plan Width": 47,
                                                                "Actual Startup Time": 2902.219,
                                                                "Actual Total Time": 2902.565,
                                                                "Actual Rows": 612,
                                                                "Actual Loops": 1,
                                                                "Output": [
                                                                    "cc.movie_id",
                                                                    "mi.movie_id",
                                                                    "mk.movie_id",
                                                                    "mk.keyword_id",
                                                                    "t.title",
                                                                    "t.id",
                                                                    "kt.kind"
                                                                ],
                                                                "Sort Key": [
                                                                    "mk.keyword_id"
                                                                ],
                                                                "Sort Method": "quicksort",
                                                                "Sort Space Used": 72,
                                                                "Sort Space Type": "Memory",
                                                                "Plans": [
                                                                    {
                                                                        "Node Type": "Nested Loop",
                                                                        "Parent Relationship": "Outer",
                                                                        "Parallel Aware": false,
                                                                        "Join Type": "Inner",
                                                                        "Startup Cost": 10000670024.62,
                                                                        "Total Cost": 10000670040.84,
                                                                        "Plan Rows": 1,
                                                                        "Plan Width": 47,
                                                                        "Actual Startup Time": 2901.501,
                                                                        "Actual Total Time": 2902.317,
                                                                        "Actual Rows": 612,
                                                                        "Actual Loops": 1,
                                                                        "Output": [
                                                                            "cc.movie_id",
                                                                            "mi.movie_id",
                                                                            "mk.movie_id",
                                                                            "mk.keyword_id",
                                                                            "t.title",
                                                                            "t.id",
                                                                            "kt.kind"
                                                                        ],
                                                                        "Inner Unique": true,
                                                                        "Plans": [
                                                                            {
                                                                                "Node Type": "Hash Join",
                                                                                "Parent Relationship": "Outer",
                                                                                "Parallel Aware": false,
                                                                                "Join Type": "Inner",
                                                                                "Startup Cost": 10000670024.49,
                                                                                "Total Cost": 10000670040.07,
                                                                                "Plan Rows": 5,
                                                                                "Plan Width": 41,
                                                                                "Actual Startup Time": 2901.484,
                                                                                "Actual Total Time": 2901.836,
                                                                                "Actual Rows": 612,
                                                                                "Actual Loops": 1,
                                                                                "Output": [
                                                                                    "cc.movie_id",
                                                                                    "mi.movie_id",
                                                                                    "mk.movie_id",
                                                                                    "mk.keyword_id",
                                                                                    "t.title",
                                                                                    "t.kind_id",
                                                                                    "t.id"
                                                                                ],
                                                                                "Inner Unique": false,
                                                                                "Hash Cond": "(t.id = mk.movie_id)",
                                                                                "Plans": [
                                                                                    {
                                                                                        "Node Type": "Merge Join",
                                                                                        "Parent Relationship": "Outer",
                                                                                        "Parallel Aware": false,
                                                                                        "Join Type": "Inner",
                                                                                        "Startup Cost": 10000436297.91,
                                                                                        "Total Cost": 10000436311.96,
                                                                                        "Plan Rows": 1,
                                                                                        "Plan Width": 33,
                                                                                        "Actual Startup Time": 1169.265,
                                                                                        "Actual Total Time": 1169.531,
                                                                                        "Actual Rows": 4,
                                                                                        "Actual Loops": 1,
                                                                                        "Output": [
                                                                                            "cc.movie_id",
                                                                                            "mi.movie_id",
                                                                                            "t.title",
                                                                                            "t.kind_id",
                                                                                            "t.id"
                                                                                        ],
                                                                                        "Inner Unique": false,
                                                                                        "Merge Cond": "(it1.id = mi.info_type_id)",
                                                                                        "Plans": [
                                                                                            {
                                                                                                "Node Type": "Index Scan",
                                                                                                "Parent Relationship": "Outer",
                                                                                                "Parallel Aware": false,
                                                                                                "Scan Direction": "Forward",
                                                                                                "Index Name": "info_type_pkey",
                                                                                                "Relation Name": "info_type",
                                                                                                "Schema": "public",
                                                                                                "Alias": "it1",
                                                                                                "Startup Cost": 0.14,
                                                                                                "Total Cost": 14.12,
                                                                                                "Plan Rows": 1,
                                                                                                "Plan Width": 4,
                                                                                                "Actual Startup Time": 0.018,
                                                                                                "Actual Total Time": 0.029,
                                                                                                "Actual Rows": 1,
                                                                                                "Actual Loops": 1,
                                                                                                "Output": [
                                                                                                    "it1.id",
                                                                                                    "it1.info"
                                                                                                ],
                                                                                                "Filter": "((it1.info)::text = 'release dates'::text)",
                                                                                                "Rows Removed by Filter": 112
                                                                                            },
                                                                                            {
                                                                                                "Node Type": "Sort",
                                                                                                "Parent Relationship": "Inner",
                                                                                                "Parallel Aware": false,
                                                                                                "Startup Cost": 10000436297.77,
                                                                                                "Total Cost": 10000436297.8,
                                                                                                "Plan Rows": 12,
                                                                                                "Plan Width": 37,
                                                                                                "Actual Startup Time": 1169.239,
                                                                                                "Actual Total Time": 1169.492,
                                                                                                "Actual Rows": 4,
                                                                                                "Actual Loops": 1,
                                                                                                "Output": [
                                                                                                    "cc.movie_id",
                                                                                                    "mi.movie_id",
                                                                                                    "mi.info_type_id",
                                                                                                    "t.title",
                                                                                                    "t.kind_id",
                                                                                                    "t.id"
                                                                                                ],
                                                                                                "Sort Key": [
                                                                                                    "mi.info_type_id"
                                                                                                ],
                                                                                                "Sort Method": "quicksort",
                                                                                                "Sort Space Used": 25,
                                                                                                "Sort Space Type": "Memory",
                                                                                                "Plans": [
                                                                                                    {
                                                                                                        "Node Type": "Gather",
                                                                                                        "Parent Relationship": "Outer",
                                                                                                        "Parallel Aware": false,
                                                                                                        "Startup Cost": 10000214637.19,
                                                                                                        "Total Cost": 10000436297.55,
                                                                                                        "Plan Rows": 12,
                                                                                                        "Plan Width": 37,
                                                                                                        "Actual Startup Time": 1169.061,
                                                                                                        "Actual Total Time": 1169.476,
                                                                                                        "Actual Rows": 4,
                                                                                                        "Actual Loops": 1,
                                                                                                        "Output": [
                                                                                                            "cc.movie_id",
                                                                                                            "mi.movie_id",
                                                                                                            "mi.info_type_id",
                                                                                                            "t.title",
                                                                                                            "t.kind_id",
                                                                                                            "t.id"
                                                                                                        ],
                                                                                                        "Workers Planned": 4,
                                                                                                        "Workers Launched": 4,
                                                                                                        "Single Copy": false,
                                                                                                        "Plans": [
                                                                                                            {
                                                                                                                "Node Type": "Hash Join",
                                                                                                                "Parent Relationship": "Outer",
                                                                                                                "Parallel Aware": true,
                                                                                                                "Join Type": "Inner",
                                                                                                                "Startup Cost": 10000213637.19,
                                                                                                                "Total Cost": 10000435296.35,
                                                                                                                "Plan Rows": 3,
                                                                                                                "Plan Width": 37,
                                                                                                                "Actual Startup Time": 1152.07,
                                                                                                                "Actual Total Time": 1160.11,
                                                                                                                "Actual Rows": 1,
                                                                                                                "Actual Loops": 5,
                                                                                                                "Output": [
                                                                                                                    "cc.movie_id",
                                                                                                                    "mi.movie_id",
                                                                                                                    "mi.info_type_id",
                                                                                                                    "t.title",
                                                                                                                    "t.kind_id",
                                                                                                                    "t.id"
                                                                                                                ],
                                                                                                                "Inner Unique": false,
                                                                                                                "Hash Cond": "(t.id = mi.movie_id)",
                                                                                                                "Workers": [
                                                                                                                    {
                                                                                                                        "Worker Number": 0,
                                                                                                                        "Actual Startup Time": 1155.733,
                                                                                                                        "Actual Total Time": 1155.736,
                                                                                                                        "Actual Rows": 0,
                                                                                                                        "Actual Loops": 1
                                                                                                                    },
                                                                                                                    {
                                                                                                                        "Worker Number": 1,
                                                                                                                        "Actual Startup Time": 1155.959,
                                                                                                                        "Actual Total Time": 1155.964,
                                                                                                                        "Actual Rows": 0,
                                                                                                                        "Actual Loops": 1
                                                                                                                    },
                                                                                                                    {
                                                                                                                        "Worker Number": 2,
                                                                                                                        "Actual Startup Time": 1122.569,
                                                                                                                        "Actual Total Time": 1162.746,
                                                                                                                        "Actual Rows": 4,
                                                                                                                        "Actual Loops": 1
                                                                                                                    },
                                                                                                                    {
                                                                                                                        "Worker Number": 3,
                                                                                                                        "Actual Startup Time": 1157.503,
                                                                                                                        "Actual Total Time": 1157.507,
                                                                                                                        "Actual Rows": 0,
                                                                                                                        "Actual Loops": 1
                                                                                                                    }
                                                                                                                ],
                                                                                                                "Plans": [
                                                                                                                    {
                                                                                                                        "Node Type": "Nested Loop",
                                                                                                                        "Parent Relationship": "Outer",
                                                                                                                        "Parallel Aware": false,
                                                                                                                        "Join Type": "Inner",
                                                                                                                        "Startup Cost": 10000000000.56,
                                                                                                                        "Total Cost": 10000221381.02,
                                                                                                                        "Plan Rows": 3378,
                                                                                                                        "Plan Width": 29,
                                                                                                                        "Actual Startup Time": 1.203,
                                                                                                                        "Actual Total Time": 667.265,
                                                                                                                        "Actual Rows": 225,
                                                                                                                        "Actual Loops": 5,
                                                                                                                        "Output": [
                                                                                                                            "cc.movie_id",
                                                                                                                            "t.title",
                                                                                                                            "t.kind_id",
                                                                                                                            "t.id"
                                                                                                                        ],
                                                                                                                        "Inner Unique": true,
                                                                                                                        "Workers": [
                                                                                                                            {
                                                                                                                                "Worker Number": 0,
                                                                                                                                "Actual Startup Time": 0.723,
                                                                                                                                "Actual Total Time": 667.219,
                                                                                                                                "Actual Rows": 197,
                                                                                                                                "Actual Loops": 1
                                                                                                                            },
                                                                                                                            {
                                                                                                                                "Worker Number": 1,
                                                                                                                                "Actual Startup Time": 3.484,
                                                                                                                                "Actual Total Time": 667.258,
                                                                                                                                "Actual Rows": 189,
                                                                                                                                "Actual Loops": 1
                                                                                                                            },
                                                                                                                            {
                                                                                                                                "Worker Number": 2,
                                                                                                                                "Actual Startup Time": 0.722,
                                                                                                                                "Actual Total Time": 667.233,
                                                                                                                                "Actual Rows": 204,
                                                                                                                                "Actual Loops": 1
                                                                                                                            },
                                                                                                                            {
                                                                                                                                "Worker Number": 3,
                                                                                                                                "Actual Startup Time": 0.799,
                                                                                                                                "Actual Total Time": 667.241,
                                                                                                                                "Actual Rows": 211,
                                                                                                                                "Actual Loops": 1
                                                                                                                            }
                                                                                                                        ],
                                                                                                                        "Plans": [
                                                                                                                            {
                                                                                                                                "Node Type": "Nested Loop",
                                                                                                                                "Parent Relationship": "Outer",
                                                                                                                                "Parallel Aware": false,
                                                                                                                                "Join Type": "Inner",
                                                                                                                                "Startup Cost": 0.42,
                                                                                                                                "Total Cost": 165226.18,
                                                                                                                                "Plan Rows": 13514,
                                                                                                                                "Plan Width": 33,
                                                                                                                                "Actual Startup Time": 0.433,
                                                                                                                                "Actual Total Time": 637.983,
                                                                                                                                "Actual Rows": 5356,
                                                                                                                                "Actual Loops": 5,
                                                                                                                                "Output": [
                                                                                                                                    "cc.movie_id",
                                                                                                                                    "cc.status_id",
                                                                                                                                    "t.title",
                                                                                                                                    "t.kind_id",
                                                                                                                                    "t.id"
                                                                                                                                ],
                                                                                                                                "Inner Unique": false,
                                                                                                                                "Workers": [
                                                                                                                                    {
                                                                                                                                        "Worker Number": 0,
                                                                                                                                        "Actual Startup Time": 0.664,
                                                                                                                                        "Actual Total Time": 637.038,
                                                                                                                                        "Actual Rows": 4999,
                                                                                                                                        "Actual Loops": 1
                                                                                                                                    },
                                                                                                                                    {
                                                                                                                                        "Worker Number": 1,
                                                                                                                                        "Actual Startup Time": 0.425,
                                                                                                                                        "Actual Total Time": 640.507,
                                                                                                                                        "Actual Rows": 4342,
                                                                                                                                        "Actual Loops": 1
                                                                                                                                    },
                                                                                                                                    {
                                                                                                                                        "Worker Number": 2,
                                                                                                                                        "Actual Startup Time": 0.234,
                                                                                                                                        "Actual Total Time": 637.182,
                                                                                                                                        "Actual Rows": 4967,
                                                                                                                                        "Actual Loops": 1
                                                                                                                                    },
                                                                                                                                    {
                                                                                                                                        "Worker Number": 3,
                                                                                                                                        "Actual Startup Time": 0.748,
                                                                                                                                        "Actual Total Time": 637.365,
                                                                                                                                        "Actual Rows": 4981,
                                                                                                                                        "Actual Loops": 1
                                                                                                                                    }
                                                                                                                                ],
                                                                                                                                "Plans": [
                                                                                                                                    {
                                                                                                                                        "Node Type": "Seq Scan",
                                                                                                                                        "Parent Relationship": "Outer",
                                                                                                                                        "Parallel Aware": true,
                                                                                                                                        "Relation Name": "title",
                                                                                                                                        "Schema": "public",
                                                                                                                                        "Alias": "t",
                                                                                                                                        "Startup Cost": 0.0,
                                                                                                                                        "Total Cost": 43899.01,
                                                                                                                                        "Plan Rows": 252933,
                                                                                                                                        "Plan Width": 25,
                                                                                                                                        "Actual Startup Time": 0.033,
                                                                                                                                        "Actual Total Time": 98.455,
                                                                                                                                        "Actual Rows": 202584,
                                                                                                                                        "Actual Loops": 5,
                                                                                                                                        "Output": [
                                                                                                                                            "t.id",
                                                                                                                                            "t.title",
                                                                                                                                            "t.imdb_index",
                                                                                                                                            "t.kind_id",
                                                                                                                                            "t.production_year",
                                                                                                                                            "t.imdb_id",
                                                                                                                                            "t.phonetic_code",
                                                                                                                                            "t.episode_of_id",
                                                                                                                                            "t.season_nr",
                                                                                                                                            "t.episode_nr",
                                                                                                                                            "t.series_years",
                                                                                                                                            "t.md5sum"
                                                                                                                                        ],
                                                                                                                                        "Filter": "(t.production_year > 2005)",
                                                                                                                                        "Rows Removed by Filter": 303078,
                                                                                                                                        "Workers": [
                                                                                                                                            {
                                                                                                                                                "Worker Number": 0,
                                                                                                                                                "Actual Startup Time": 0.036,
                                                                                                                                                "Actual Total Time": 103.73,
                                                                                                                                                "Actual Rows": 187121,
                                                                                                                                                "Actual Loops": 1
                                                                                                                                            },
                                                                                                                                            {
                                                                                                                                                "Worker Number": 1,
                                                                                                                                                "Actual Startup Time": 0.042,
                                                                                                                                                "Actual Total Time": 99.384,
                                                                                                                                                "Actual Rows": 167365,
                                                                                                                                                "Actual Loops": 1
                                                                                                                                            },
                                                                                                                                            {
                                                                                                                                                "Worker Number": 2,
                                                                                                                                                "Actual Startup Time": 0.039,
                                                                                                                                                "Actual Total Time": 102.976,
                                                                                                                                                "Actual Rows": 187258,
                                                                                                                                                "Actual Loops": 1
                                                                                                                                            },
                                                                                                                                            {
                                                                                                                                                "Worker Number": 3,
                                                                                                                                                "Actual Startup Time": 0.037,
                                                                                                                                                "Actual Total Time": 103.87,
                                                                                                                                                "Actual Rows": 186955,
                                                                                                                                                "Actual Loops": 1
                                                                                                                                            }
                                                                                                                                        ]
                                                                                                                                    },
                                                                                                                                    {
                                                                                                                                        "Node Type": "Index Scan",
                                                                                                                                        "Parent Relationship": "Inner",
                                                                                                                                        "Parallel Aware": false,
                                                                                                                                        "Scan Direction": "Forward",
                                                                                                                                        "Index Name": "movie_id_complete_cast",
                                                                                                                                        "Relation Name": "complete_cast",
                                                                                                                                        "Schema": "public",
                                                                                                                                        "Alias": "cc",
                                                                                                                                        "Startup Cost": 0.42,
                                                                                                                                        "Total Cost": 0.46,
                                                                                                                                        "Plan Rows": 2,
                                                                                                                                        "Plan Width": 8,
                                                                                                                                        "Actual Startup Time": 0.002,
                                                                                                                                        "Actual Total Time": 0.002,
                                                                                                                                        "Actual Rows": 0,
                                                                                                                                        "Actual Loops": 1012920,
                                                                                                                                        "Output": [
                                                                                                                                            "cc.id",
                                                                                                                                            "cc.movie_id",
                                                                                                                                            "cc.subject_id",
                                                                                                                                            "cc.status_id"
                                                                                                                                        ],
                                                                                                                                        "Index Cond": "(cc.movie_id = t.id)",
                                                                                                                                        "Rows Removed by Index Recheck": 0,
                                                                                                                                        "Workers": [
                                                                                                                                            {
                                                                                                                                                "Worker Number": 0,
                                                                                                                                                "Actual Startup Time": 0.003,
                                                                                                                                                "Actual Total Time": 0.003,
                                                                                                                                                "Actual Rows": 0,
                                                                                                                                                "Actual Loops": 187121
                                                                                                                                            },
                                                                                                                                            {
                                                                                                                                                "Worker Number": 1,
                                                                                                                                                "Actual Startup Time": 0.003,
                                                                                                                                                "Actual Total Time": 0.003,
                                                                                                                                                "Actual Rows": 0,
                                                                                                                                                "Actual Loops": 167365
                                                                                                                                            },
                                                                                                                                            {
                                                                                                                                                "Worker Number": 2,
                                                                                                                                                "Actual Startup Time": 0.003,
                                                                                                                                                "Actual Total Time": 0.003,
                                                                                                                                                "Actual Rows": 0,
                                                                                                                                                "Actual Loops": 187258
                                                                                                                                            },
                                                                                                                                            {
                                                                                                                                                "Worker Number": 3,
                                                                                                                                                "Actual Startup Time": 0.003,
                                                                                                                                                "Actual Total Time": 0.003,
                                                                                                                                                "Actual Rows": 0,
                                                                                                                                                "Actual Loops": 186955
                                                                                                                                            }
                                                                                                                                        ]
                                                                                                                                    }
                                                                                                                                ]
                                                                                                                            },
                                                                                                                            {
                                                                                                                                "Node Type": "Bitmap Heap Scan",
                                                                                                                                "Parent Relationship": "Inner",
                                                                                                                                "Parallel Aware": false,
                                                                                                                                "Relation Name": "comp_cast_type",
                                                                                                                                "Schema": "public",
                                                                                                                                "Alias": "cct1",
                                                                                                                                "Startup Cost": 0.14,
                                                                                                                                "Total Cost": 4.15,
                                                                                                                                "Plan Rows": 1,
                                                                                                                                "Plan Width": 4,
                                                                                                                                "Actual Startup Time": 0.003,
                                                                                                                                "Actual Total Time": 0.003,
                                                                                                                                "Actual Rows": 0,
                                                                                                                                "Actual Loops": 26778,
                                                                                                                                "Output": [
                                                                                                                                    "cct1.id",
                                                                                                                                    "cct1.kind"
                                                                                                                                ],
                                                                                                                                "Recheck Cond": "(cct1.id = cc.status_id)",
                                                                                                                                "Rows Removed by Index Recheck": 0,
                                                                                                                                "Filter": "((cct1.kind)::text = 'complete+verified'::text)",
                                                                                                                                "Rows Removed by Filter": 1,
                                                                                                                                "Exact Heap Blocks": 7489,
                                                                                                                                "Lossy Heap Blocks": 0,
                                                                                                                                "Workers": [
                                                                                                                                    {
                                                                                                                                        "Worker Number": 0,
                                                                                                                                        "Actual Startup Time": 0.003,
                                                                                                                                        "Actual Total Time": 0.003,
                                                                                                                                        "Actual Rows": 0,
                                                                                                                                        "Actual Loops": 4999
                                                                                                                                    },
                                                                                                                                    {
                                                                                                                                        "Worker Number": 1,
                                                                                                                                        "Actual Startup Time": 0.004,
                                                                                                                                        "Actual Total Time": 0.004,
                                                                                                                                        "Actual Rows": 0,
                                                                                                                                        "Actual Loops": 4342
                                                                                                                                    },
                                                                                                                                    {
                                                                                                                                        "Worker Number": 2,
                                                                                                                                        "Actual Startup Time": 0.003,
                                                                                                                                        "Actual Total Time": 0.003,
                                                                                                                                        "Actual Rows": 0,
                                                                                                                                        "Actual Loops": 4967
                                                                                                                                    },
                                                                                                                                    {
                                                                                                                                        "Worker Number": 3,
                                                                                                                                        "Actual Startup Time": 0.003,
                                                                                                                                        "Actual Total Time": 0.003,
                                                                                                                                        "Actual Rows": 0,
                                                                                                                                        "Actual Loops": 4981
                                                                                                                                    }
                                                                                                                                ],
                                                                                                                                "Plans": [
                                                                                                                                    {
                                                                                                                                        "Node Type": "Bitmap Index Scan",
                                                                                                                                        "Parent Relationship": "Outer",
                                                                                                                                        "Parallel Aware": false,
                                                                                                                                        "Index Name": "comp_cast_type_pkey",
                                                                                                                                        "Startup Cost": 0.0,
                                                                                                                                        "Total Cost": 0.14,
                                                                                                                                        "Plan Rows": 1,
                                                                                                                                        "Plan Width": 0,
                                                                                                                                        "Actual Startup Time": 0.002,
                                                                                                                                        "Actual Total Time": 0.002,
                                                                                                                                        "Actual Rows": 1,
                                                                                                                                        "Actual Loops": 26778,
                                                                                                                                        "Index Cond": "(cct1.id = cc.status_id)",
                                                                                                                                        "Workers": [
                                                                                                                                            {
                                                                                                                                                "Worker Number": 0,
                                                                                                                                                "Actual Startup Time": 0.002,
                                                                                                                                                "Actual Total Time": 0.002,
                                                                                                                                                "Actual Rows": 1,
                                                                                                                                                "Actual Loops": 4999
                                                                                                                                            },
                                                                                                                                            {
                                                                                                                                                "Worker Number": 1,
                                                                                                                                                "Actual Startup Time": 0.002,
                                                                                                                                                "Actual Total Time": 0.002,
                                                                                                                                                "Actual Rows": 1,
                                                                                                                                                "Actual Loops": 4342
                                                                                                                                            },
                                                                                                                                            {
                                                                                                                                                "Worker Number": 2,
                                                                                                                                                "Actual Startup Time": 0.002,
                                                                                                                                                "Actual Total Time": 0.002,
                                                                                                                                                "Actual Rows": 1,
                                                                                                                                                "Actual Loops": 4967
                                                                                                                                            },
                                                                                                                                            {
                                                                                                                                                "Worker Number": 3,
                                                                                                                                                "Actual Startup Time": 0.002,
                                                                                                                                                "Actual Total Time": 0.002,
                                                                                                                                                "Actual Rows": 1,
                                                                                                                                                "Actual Loops": 4981
                                                                                                                                            }
                                                                                                                                        ]
                                                                                                                                    }
                                                                                                                                ]
                                                                                                                            }
                                                                                                                        ]
                                                                                                                    },
                                                                                                                    {
                                                                                                                        "Node Type": "Hash",
                                                                                                                        "Parent Relationship": "Inner",
                                                                                                                        "Parallel Aware": true,
                                                                                                                        "Startup Cost": 213635.83,
                                                                                                                        "Total Cost": 213635.83,
                                                                                                                        "Plan Rows": 64,
                                                                                                                        "Plan Width": 8,
                                                                                                                        "Actual Startup Time": 492.067,
                                                                                                                        "Actual Total Time": 492.068,
                                                                                                                        "Actual Rows": 357,
                                                                                                                        "Actual Loops": 5,
                                                                                                                        "Output": [
                                                                                                                            "mi.movie_id",
                                                                                                                            "mi.info_type_id"
                                                                                                                        ],
                                                                                                                        "Hash Buckets": 1024,
                                                                                                                        "Original Hash Buckets": 1024,
                                                                                                                        "Hash Batches": 1,
                                                                                                                        "Original Hash Batches": 1,
                                                                                                                        "Peak Memory Usage": 168,
                                                                                                                        "Workers": [
                                                                                                                            {
                                                                                                                                "Worker Number": 0,
                                                                                                                                "Actual Startup Time": 487.674,
                                                                                                                                "Actual Total Time": 487.674,
                                                                                                                                "Actual Rows": 325,
                                                                                                                                "Actual Loops": 1
                                                                                                                            },
                                                                                                                            {
                                                                                                                                "Worker Number": 1,
                                                                                                                                "Actual Startup Time": 487.785,
                                                                                                                                "Actual Total Time": 487.786,
                                                                                                                                "Actual Rows": 318,
                                                                                                                                "Actual Loops": 1
                                                                                                                            },
                                                                                                                            {
                                                                                                                                "Worker Number": 2,
                                                                                                                                "Actual Startup Time": 494.85,
                                                                                                                                "Actual Total Time": 494.851,
                                                                                                                                "Actual Rows": 283,
                                                                                                                                "Actual Loops": 1
                                                                                                                            },
                                                                                                                            {
                                                                                                                                "Worker Number": 3,
                                                                                                                                "Actual Startup Time": 489.384,
                                                                                                                                "Actual Total Time": 489.385,
                                                                                                                                "Actual Rows": 285,
                                                                                                                                "Actual Loops": 1
                                                                                                                            }
                                                                                                                        ],
                                                                                                                        "Plans": [
                                                                                                                            {
                                                                                                                                "Node Type": "Seq Scan",
                                                                                                                                "Parent Relationship": "Outer",
                                                                                                                                "Parallel Aware": true,
                                                                                                                                "Relation Name": "movie_info",
                                                                                                                                "Schema": "public",
                                                                                                                                "Alias": "mi",
                                                                                                                                "Startup Cost": 0.0,
                                                                                                                                "Total Cost": 213635.83,
                                                                                                                                "Plan Rows": 64,
                                                                                                                                "Plan Width": 8,
                                                                                                                                "Actual Startup Time": 156.93,
                                                                                                                                "Actual Total Time": 491.675,
                                                                                                                                "Actual Rows": 357,
                                                                                                                                "Actual Loops": 5,
                                                                                                                                "Output": [
                                                                                                                                    "mi.movie_id",
                                                                                                                                    "mi.info_type_id"
                                                                                                                                ],
                                                                                                                                "Filter": "((mi.info IS NOT NULL) AND (mi.note ~~ '%internet%'::text) AND ((mi.info ~~ 'USA:% 199%'::text) OR (mi.info ~~ 'USA:% 200%'::text)))",
                                                                                                                                "Rows Removed by Filter": 2966787,
                                                                                                                                "Workers": [
                                                                                                                                    {
                                                                                                                                        "Worker Number": 0,
                                                                                                                                        "Actual Startup Time": 152.527,
                                                                                                                                        "Actual Total Time": 487.244,
                                                                                                                                        "Actual Rows": 325,
                                                                                                                                        "Actual Loops": 1
                                                                                                                                    },
                                                                                                                                    {
                                                                                                                                        "Worker Number": 1,
                                                                                                                                        "Actual Startup Time": 153.226,
                                                                                                                                        "Actual Total Time": 487.358,
                                                                                                                                        "Actual Rows": 318,
                                                                                                                                        "Actual Loops": 1
                                                                                                                                    },
                                                                                                                                    {
                                                                                                                                        "Worker Number": 2,
                                                                                                                                        "Actual Startup Time": 159.672,
                                                                                                                                        "Actual Total Time": 494.476,
                                                                                                                                        "Actual Rows": 283,
                                                                                                                                        "Actual Loops": 1
                                                                                                                                    },
                                                                                                                                    {
                                                                                                                                        "Worker Number": 3,
                                                                                                                                        "Actual Startup Time": 154.056,
                                                                                                                                        "Actual Total Time": 488.986,
                                                                                                                                        "Actual Rows": 285,
                                                                                                                                        "Actual Loops": 1
                                                                                                                                    }
                                                                                                                                ]
                                                                                                                            }
                                                                                                                        ]
                                                                                                                    }
                                                                                                                ]
                                                                                                            }
                                                                                                        ]
                                                                                                    }
                                                                                                ]
                                                                                            }
                                                                                        ]
                                                                                    },
                                                                                    {
                                                                                        "Node Type": "Hash",
                                                                                        "Parent Relationship": "Inner",
                                                                                        "Parallel Aware": false,
                                                                                        "Startup Cost": 177177.46,
                                                                                        "Total Cost": 177177.46,
                                                                                        "Plan Rows": 4523930,
                                                                                        "Plan Width": 8,
                                                                                        "Actual Startup Time": 1722.003,
                                                                                        "Actual Total Time": 1722.004,
                                                                                        "Actual Rows": 4523930,
                                                                                        "Actual Loops": 1,
                                                                                        "Output": [
                                                                                            "mk.movie_id",
                                                                                            "mk.keyword_id"
                                                                                        ],
                                                                                        "Hash Buckets": 8388608,
                                                                                        "Original Hash Buckets": 8388608,
                                                                                        "Hash Batches": 1,
                                                                                        "Original Hash Batches": 1,
                                                                                        "Peak Memory Usage": 242253,
                                                                                        "Plans": [
                                                                                            {
                                                                                                "Node Type": "Index Scan",
                                                                                                "Parent Relationship": "Outer",
                                                                                                "Parallel Aware": false,
                                                                                                "Scan Direction": "Forward",
                                                                                                "Index Name": "movie_id_movie_keyword",
                                                                                                "Relation Name": "movie_keyword",
                                                                                                "Schema": "public",
                                                                                                "Alias": "mk",
                                                                                                "Startup Cost": 0.43,
                                                                                                "Total Cost": 177177.46,
                                                                                                "Plan Rows": 4523930,
                                                                                                "Plan Width": 8,
                                                                                                "Actual Startup Time": 0.041,
                                                                                                "Actual Total Time": 967.995,
                                                                                                "Actual Rows": 4523930,
                                                                                                "Actual Loops": 1,
                                                                                                "Output": [
                                                                                                    "mk.movie_id",
                                                                                                    "mk.keyword_id"
                                                                                                ]
                                                                                            }
                                                                                        ]
                                                                                    }
                                                                                ]
                                                                            },
                                                                            {
                                                                                "Node Type": "Index Scan",
                                                                                "Parent Relationship": "Inner",
                                                                                "Parallel Aware": false,
                                                                                "Scan Direction": "Forward",
                                                                                "Index Name": "kind_type_pkey",
                                                                                "Relation Name": "kind_type",
                                                                                "Schema": "public",
                                                                                "Alias": "kt",
                                                                                "Startup Cost": 0.13,
                                                                                "Total Cost": 0.15,
                                                                                "Plan Rows": 1,
                                                                                "Plan Width": 14,
                                                                                "Actual Startup Time": 0.001,
                                                                                "Actual Total Time": 0.001,
                                                                                "Actual Rows": 1,
                                                                                "Actual Loops": 612,
                                                                                "Output": [
                                                                                    "kt.id",
                                                                                    "kt.kind"
                                                                                ],
                                                                                "Index Cond": "(kt.id = t.kind_id)",
                                                                                "Rows Removed by Index Recheck": 0,
                                                                                "Filter": "((kt.kind)::text = 'movie'::text)",
                                                                                "Rows Removed by Filter": 0
                                                                            }
                                                                        ]
                                                                    }
                                                                ]
                                                            }
                                                        ]
                                                    }
                                                ]
                                            }
                                        ]
                                    }
                                ]
                            },
                            {
                                "Node Type": "Index Scan",
                                "Parent Relationship": "Inner",
                                "Parallel Aware": false,
                                "Scan Direction": "Forward",
                                "Index Name": "company_name_pkey",
                                "Relation Name": "company_name",
                                "Schema": "public",
                                "Alias": "cn",
                                "Startup Cost": 0.42,
                                "Total Cost": 12454.44,
                                "Plan Rows": 84301,
                                "Plan Width": 4,
                                "Actual Startup Time": 0.022,
                                "Actual Total Time": 56.985,
                                "Actual Rows": 49482,
                                "Actual Loops": 1,
                                "Output": [
                                    "cn.id",
                                    "cn.name",
                                    "cn.country_code",
                                    "cn.imdb_id",
                                    "cn.name_pcode_nf",
                                    "cn.name_pcode_sf",
                                    "cn.md5sum"
                                ],
                                "Filter": "((cn.country_code)::text = '[us]'::text)",
                                "Rows Removed by Filter": 85001
                            }
                        ]
                    },
                    {
                        "Node Type": "Bitmap Heap Scan",
                        "Parent Relationship": "Inner",
                        "Parallel Aware": false,
                        "Relation Name": "company_type",
                        "Schema": "public",
                        "Alias": "ct",
                        "Startup Cost": 0.14,
                        "Total Cost": 4.15,
                        "Plan Rows": 1,
                        "Plan Width": 4,
                        "Actual Startup Time": 0.002,
                        "Actual Total Time": 0.002,
                        "Actual Rows": 1,
                        "Actual Loops": 612,
                        "Output": [
                            "ct.id",
                            "ct.kind"
                        ],
                        "Recheck Cond": "(ct.id = mc.company_type_id)",
                        "Rows Removed by Index Recheck": 0,
                        "Exact Heap Blocks": 612,
                        "Lossy Heap Blocks": 0,
                        "Plans": [
                            {
                                "Node Type": "Bitmap Index Scan",
                                "Parent Relationship": "Outer",
                                "Parallel Aware": false,
                                "Index Name": "company_type_pkey",
                                "Startup Cost": 0.0,
                                "Total Cost": 0.14,
                                "Plan Rows": 1,
                                "Plan Width": 0,
                                "Actual Startup Time": 0.001,
                                "Actual Total Time": 0.001,
                                "Actual Rows": 1,
                                "Actual Loops": 612,
                                "Index Cond": "(ct.id = mc.company_type_id)"
                            }
                        ]
                    }
                ]
            }
        ]
    },
    "Planning Time": 28.622,
    "Triggers": [],
    "Execution Time": 3347.492
}