[
  {
    "Plan": {
      "Node Type": "Aggregate",
      "Strategy": "Plain",
      "Partial Mode": "Finalize",
      "Parallel Aware": false,
      "Startup Cost": 46499.92,
      "Total Cost": 46499.93,
      "Plan Rows": 1,
      "Plan Width": 8,
      "Actual Startup Time": 96.432,
      "Actual Total Time": 108.232,
      "Actual Rows": 1,
      "Actual Loops": 1,
      "Plans": [
        {
          "Node Type": "Gather",
          "Parent Relationship": "Outer",
          "Parallel Aware": false,
          "Startup Cost": 46499.5,
          "Total Cost": 46499.91,
          "Plan Rows": 4,
          "Plan Width": 8,
          "Actual Startup Time": 96.122,
          "Actual Total Time": 108.224,
          "Actual Rows": 5,
          "Actual Loops": 1,
          "Workers Planned": 4,
          "Workers Launched": 4,
          "Single Copy": false,
          "Plans": [
            {
              "Node Type": "Aggregate",
              "Strategy": "Plain",
              "Partial Mode": "Partial",
              "Parent Relationship": "Outer",
              "Parallel Aware": false,
              "Startup Cost": 45499.5,
              "Total Cost": 45499.51,
              "Plan Rows": 1,
              "Plan Width": 8,
              "Actual Startup Time": 86.767,
              "Actual Total Time": 86.768,
              "Actual Rows": 1,
              "Actual Loops": 5,
              "Plans": [
                {
                  "Node Type": "Seq Scan",
                  "Parent Relationship": "Outer",
                  "Parallel Aware": true,
                  "Relation Name": "title",
                  "Alias": "t",
                  "Startup Cost": 0.0,
                  "Total Cost": 45479.1,
                  "Plan Rows": 8159,
                  "Plan Width": 0,
                  "Actual Startup Time": 54.605,
                  "Actual Total Time": 85.473,
                  "Actual Rows": 25071,
                  "Actual Loops": 5,
                  "Filter": "((kind_id < 2) AND (production_year < 1934))",
                  "Rows Removed by Filter": 480591
                }
              ]
            }
          ]
        }
      ]
    },
    "Planning Time": 0.118,
    "Triggers": [],
    "Execution Time": 108.27
  }
]