[
    {
        "Bao": {
            "Bao prediction": "NaN",
            "Bao recommended hint": "(no hint)"
        }
    },
    {
        "Plan": {
            "Node Type": "Aggregate",
            "Strategy": "Plain",
            "Partial Mode": "Finalize",
            "Parallel Aware": false,
            "Startup Cost": 331006.65,
            "Total Cost": 331006.66,
            "Plan Rows": 1,
            "Plan Width": 8,
            "Actual Startup Time": 701.087,
            "Actual Total Time": 731.892,
            "Actual Rows": 1,
            "Actual Loops": 1,
            "Output": [
                "count(*)"
            ],
            "Plans": [
                {
                    "Node Type": "Gather",
                    "Parent Relationship": "Outer",
                    "Parallel Aware": false,
                    "Startup Cost": 331006.02,
                    "Total Cost": 331006.63,
                    "Plan Rows": 6,
                    "Plan Width": 8,
                    "Actual Startup Time": 700.978,
                    "Actual Total Time": 731.882,
                    "Actual Rows": 7,
                    "Actual Loops": 1,
                    "Output": [
                        "(PARTIAL count(*))"
                    ],
                    "Workers Planned": 6,
                    "Workers Launched": 6,
                    "Single Copy": false,
                    "Plans": [
                        {
                            "Node Type": "Aggregate",
                            "Strategy": "Plain",
                            "Partial Mode": "Partial",
                            "Parent Relationship": "Outer",
                            "Parallel Aware": false,
                            "Startup Cost": 330006.02,
                            "Total Cost": 330006.03,
                            "Plan Rows": 1,
                            "Plan Width": 8,
                            "Actual Startup Time": 691.225,
                            "Actual Total Time": 691.227,
                            "Actual Rows": 1,
                            "Actual Loops": 7,
                            "Output": [
                                "PARTIAL count(*)"
                            ],
                            "Workers": [
                                {
                                    "Worker Number": 0,
                                    "Actual Startup Time": 688.929,
                                    "Actual Total Time": 688.93,
                                    "Actual Rows": 1,
                                    "Actual Loops": 1
                                },
                                {
                                    "Worker Number": 1,
                                    "Actual Startup Time": 689.056,
                                    "Actual Total Time": 689.058,
                                    "Actual Rows": 1,
                                    "Actual Loops": 1
                                },
                                {
                                    "Worker Number": 2,
                                    "Actual Startup Time": 689.652,
                                    "Actual Total Time": 689.653,
                                    "Actual Rows": 1,
                                    "Actual Loops": 1
                                },
                                {
                                    "Worker Number": 3,
                                    "Actual Startup Time": 689.728,
                                    "Actual Total Time": 689.729,
                                    "Actual Rows": 1,
                                    "Actual Loops": 1
                                },
                                {
                                    "Worker Number": 4,
                                    "Actual Startup Time": 690.251,
                                    "Actual Total Time": 690.253,
                                    "Actual Rows": 1,
                                    "Actual Loops": 1
                                },
                                {
                                    "Worker Number": 5,
                                    "Actual Startup Time": 690.455,
                                    "Actual Total Time": 690.456,
                                    "Actual Rows": 1,
                                    "Actual Loops": 1
                                }
                            ],
                            "Plans": [
                                {
                                    "Node Type": "Seq Scan",
                                    "Parent Relationship": "Outer",
                                    "Parallel Aware": true,
                                    "Relation Name": "cast_info",
                                    "Schema": "public",
                                    "Alias": "ci",
                                    "Startup Cost": 0.0,
                                    "Total Cost": 328213.62,
                                    "Plan Rows": 716962,
                                    "Plan Width": 0,
                                    "Actual Startup Time": 481.589,
                                    "Actual Total Time": 654.645,
                                    "Actual Rows": 613745,
                                    "Actual Loops": 7,
                                    "Output": [
                                        "id",
                                        "person_id",
                                        "movie_id",
                                        "person_role_id",
                                        "note",
                                        "nr_order",
                                        "role_id"
                                    ],
                                    "Filter": "(ci.person_id > 3274345)",
                                    "Rows Removed by Filter": 4564018,
                                    "Workers": [
                                        {
                                            "Worker Number": 0,
                                            "Actual Startup Time": 479.288,
                                            "Actual Total Time": 653.088,
                                            "Actual Rows": 533368,
                                            "Actual Loops": 1
                                        },
                                        {
                                            "Worker Number": 1,
                                            "Actual Startup Time": 479.41,
                                            "Actual Total Time": 653.431,
                                            "Actual Rows": 530564,
                                            "Actual Loops": 1
                                        },
                                        {
                                            "Worker Number": 2,
                                            "Actual Startup Time": 480.022,
                                            "Actual Total Time": 653.535,
                                            "Actual Rows": 537220,
                                            "Actual Loops": 1
                                        },
                                        {
                                            "Worker Number": 3,
                                            "Actual Startup Time": 480.1,
                                            "Actual Total Time": 653.976,
                                            "Actual Rows": 532784,
                                            "Actual Loops": 1
                                        },
                                        {
                                            "Worker Number": 4,
                                            "Actual Startup Time": 480.632,
                                            "Actual Total Time": 654.662,
                                            "Actual Rows": 529059,
                                            "Actual Loops": 1
                                        },
                                        {
                                            "Worker Number": 5,
                                            "Actual Startup Time": 480.813,
                                            "Actual Total Time": 654.987,
                                            "Actual Rows": 528365,
                                            "Actual Loops": 1
                                        }
                                    ]
                                }
                            ]
                        }
                    ]
                }
            ]
        },
        "Planning Time": 182.562,
        "Triggers": [],
        "Execution Time": 731.983
    }
]