[
  {
    "Plan": {
      "Node Type": "Aggregate",
      "Strategy": "Plain",
      "Partial Mode": "Finalize",
      "Parallel Aware": false,
      "Startup Cost": 348369.51,
      "Total Cost": 348369.52,
      "Plan Rows": 1,
      "Plan Width": 8,
      "Actual Startup Time": 813.856,
      "Actual Total Time": 879.178,
      "Actual Rows": 1,
      "Actual Loops": 1,
      "Plans": [
        {
          "Node Type": "Gather",
          "Parent Relationship": "Outer",
          "Parallel Aware": false,
          "Startup Cost": 348368.88,
          "Total Cost": 348369.49,
          "Plan Rows": 6,
          "Plan Width": 8,
          "Actual Startup Time": 813.542,
          "Actual Total Time": 879.162,
          "Actual Rows": 7,
          "Actual Loops": 1,
          "Workers Planned": 6,
          "Workers Launched": 6,
          "Single Copy": false,
          "Plans": [
            {
              "Node Type": "Aggregate",
              "Strategy": "Plain",
              "Partial Mode": "Partial",
              "Parent Relationship": "Outer",
              "Parallel Aware": false,
              "Startup Cost": 347368.88,
              "Total Cost": 347368.89,
              "Plan Rows": 1,
              "Plan Width": 8,
              "Actual Startup Time": 803.314,
              "Actual Total Time": 803.316,
              "Actual Rows": 1,
              "Actual Loops": 7,
              "Plans": [
                {
                  "Node Type": "Seq Scan",
                  "Parent Relationship": "Outer",
                  "Parallel Aware": true,
                  "Relation Name": "cast_info",
                  "Alias": "ci",
                  "Startup Cost": 0.0,
                  "Total Cost": 343316.27,
                  "Plan Rows": 1621044,
                  "Plan Width": 0,
                  "Actual Startup Time": 0.069,
                  "Actual Total Time": 725.824,
                  "Actual Rows": 1589875,
                  "Actual Loops": 7,
                  "Filter": "((person_id < 1219471) AND (role_id < 8))",
                  "Rows Removed by Filter": 3587889
                }
              ]
            }
          ]
        }
      ]
    },
    "Planning Time": 0.27,
    "Triggers": [],
    "Execution Time": 879.251
  }
]