[
    {
        "Bao": {
            "Bao prediction": "NaN",
            "Bao recommended hint": "(no hint)"
        }
    },
    {
        "Plan": {
            "Node Type": "Aggregate",
            "Strategy": "Plain",
            "Partial Mode": "Finalize",
            "Parallel Aware": false,
            "Startup Cost": 351163.77,
            "Total Cost": 351163.78,
            "Plan Rows": 1,
            "Plan Width": 8,
            "Actual Startup Time": 815.685,
            "Actual Total Time": 841.809,
            "Actual Rows": 1,
            "Actual Loops": 1,
            "Output": [
                "count(*)"
            ],
            "Plans": [
                {
                    "Node Type": "Gather",
                    "Parent Relationship": "Outer",
                    "Parallel Aware": false,
                    "Startup Cost": 351163.14,
                    "Total Cost": 351163.75,
                    "Plan Rows": 6,
                    "Plan Width": 8,
                    "Actual Startup Time": 815.562,
                    "Actual Total Time": 841.799,
                    "Actual Rows": 7,
                    "Actual Loops": 1,
                    "Output": [
                        "(PARTIAL count(*))"
                    ],
                    "Workers Planned": 6,
                    "Workers Launched": 6,
                    "Single Copy": false,
                    "Plans": [
                        {
                            "Node Type": "Aggregate",
                            "Strategy": "Plain",
                            "Partial Mode": "Partial",
                            "Parent Relationship": "Outer",
                            "Parallel Aware": false,
                            "Startup Cost": 350163.14,
                            "Total Cost": 350163.15,
                            "Plan Rows": 1,
                            "Plan Width": 8,
                            "Actual Startup Time": 805.754,
                            "Actual Total Time": 805.755,
                            "Actual Rows": 1,
                            "Actual Loops": 7,
                            "Output": [
                                "PARTIAL count(*)"
                            ],
                            "Workers": [
                                {
                                    "Worker Number": 0,
                                    "Actual Startup Time": 803.199,
                                    "Actual Total Time": 803.201,
                                    "Actual Rows": 1,
                                    "Actual Loops": 1
                                },
                                {
                                    "Worker Number": 1,
                                    "Actual Startup Time": 803.88,
                                    "Actual Total Time": 803.881,
                                    "Actual Rows": 1,
                                    "Actual Loops": 1
                                },
                                {
                                    "Worker Number": 2,
                                    "Actual Startup Time": 804.261,
                                    "Actual Total Time": 804.262,
                                    "Actual Rows": 1,
                                    "Actual Loops": 1
                                },
                                {
                                    "Worker Number": 3,
                                    "Actual Startup Time": 804.314,
                                    "Actual Total Time": 804.316,
                                    "Actual Rows": 1,
                                    "Actual Loops": 1
                                },
                                {
                                    "Worker Number": 4,
                                    "Actual Startup Time": 804.527,
                                    "Actual Total Time": 804.528,
                                    "Actual Rows": 1,
                                    "Actual Loops": 1
                                },
                                {
                                    "Worker Number": 5,
                                    "Actual Startup Time": 804.966,
                                    "Actual Total Time": 804.967,
                                    "Actual Rows": 1,
                                    "Actual Loops": 1
                                }
                            ],
                            "Plans": [
                                {
                                    "Node Type": "Seq Scan",
                                    "Parent Relationship": "Outer",
                                    "Parallel Aware": true,
                                    "Relation Name": "cast_info",
                                    "Schema": "public",
                                    "Alias": "ci",
                                    "Startup Cost": 0.0,
                                    "Total Cost": 343318.94,
                                    "Plan Rows": 2737681,
                                    "Plan Width": 0,
                                    "Actual Startup Time": 211.296,
                                    "Actual Total Time": 665.362,
                                    "Actual Rows": 2930955,
                                    "Actual Loops": 7,
                                    "Output": [
                                        "id",
                                        "person_id",
                                        "movie_id",
                                        "person_role_id",
                                        "note",
                                        "nr_order",
                                        "role_id"
                                    ],
                                    "Filter": "((ci.person_id > 1073283) AND (ci.role_id > 1))",
                                    "Rows Removed by Filter": 2246809,
                                    "Workers": [
                                        {
                                            "Worker Number": 0,
                                            "Actual Startup Time": 208.748,
                                            "Actual Total Time": 662.712,
                                            "Actual Rows": 2122856,
                                            "Actual Loops": 1
                                        },
                                        {
                                            "Worker Number": 1,
                                            "Actual Startup Time": 209.41,
                                            "Actual Total Time": 665.74,
                                            "Actual Rows": 3135675,
                                            "Actual Loops": 1
                                        },
                                        {
                                            "Worker Number": 2,
                                            "Actual Startup Time": 209.8,
                                            "Actual Total Time": 665.982,
                                            "Actual Rows": 3146094,
                                            "Actual Loops": 1
                                        },
                                        {
                                            "Worker Number": 3,
                                            "Actual Startup Time": 209.863,
                                            "Actual Total Time": 666.018,
                                            "Actual Rows": 3141493,
                                            "Actual Loops": 1
                                        },
                                        {
                                            "Worker Number": 4,
                                            "Actual Startup Time": 210.062,
                                            "Actual Total Time": 672.809,
                                            "Actual Rows": 3235520,
                                            "Actual Loops": 1
                                        },
                                        {
                                            "Worker Number": 5,
                                            "Actual Startup Time": 210.5,
                                            "Actual Total Time": 666.368,
                                            "Actual Rows": 3142884,
                                            "Actual Loops": 1
                                        }
                                    ]
                                }
                            ]
                        }
                    ]
                }
            ]
        },
        "Planning Time": 273.715,
        "Triggers": [],
        "Execution Time": 841.864
    }
]