[
  {
    "Plan": {
      "Node Type": "Aggregate",
      "Strategy": "Plain",
      "Partial Mode": "Finalize",
      "Parallel Aware": false,
      "Startup Cost": 46560.94,
      "Total Cost": 46560.95,
      "Plan Rows": 1,
      "Plan Width": 8,
      "Actual Startup Time": 161.676,
      "Actual Total Time": 171.199,
      "Actual Rows": 1,
      "Actual Loops": 1,
      "Plans": [
        {
          "Node Type": "Gather",
          "Parent Relationship": "Outer",
          "Parallel Aware": false,
          "Startup Cost": 46560.62,
          "Total Cost": 46560.93,
          "Plan Rows": 3,
          "Plan Width": 8,
          "Actual Startup Time": 161.54,
          "Actual Total Time": 171.191,
          "Actual Rows": 4,
          "Actual Loops": 1,
          "Workers Planned": 3,
          "Workers Launched": 3,
          "Single Copy": false,
          "Plans": [
            {
              "Node Type": "Aggregate",
              "Strategy": "Plain",
              "Partial Mode": "Partial",
              "Parent Relationship": "Outer",
              "Parallel Aware": false,
              "Startup Cost": 45560.62,
              "Total Cost": 45560.63,
              "Plan Rows": 1,
              "Plan Width": 8,
              "Actual Startup Time": 156.092,
              "Actual Total Time": 156.093,
              "Actual Rows": 1,
              "Actual Loops": 4,
              "Plans": [
                {
                  "Node Type": "Seq Scan",
                  "Parent Relationship": "Outer",
                  "Parallel Aware": true,
                  "Relation Name": "movie_keyword",
                  "Alias": "mk",
                  "Startup Cost": 0.0,
                  "Total Cost": 42695.65,
                  "Plan Rows": 1145987,
                  "Plan Width": 0,
                  "Actual Startup Time": 0.105,
                  "Actual Total Time": 118.234,
                  "Actual Rows": 887541,
                  "Actual Loops": 4,
                  "Filter": "(keyword_id > 910)",
                  "Rows Removed by Filter": 243442
                }
              ]
            }
          ]
        }
      ]
    },
    "Planning Time": 0.133,
    "Triggers": [],
    "Execution Time": 171.242
  }
]