[
  {
    "Plan": {
      "Node Type": "Aggregate",
      "Strategy": "Plain",
      "Partial Mode": "Simple",
      "Parallel Aware": false,
      "Startup Cost": 20762.8,
      "Total Cost": 20762.81,
      "Plan Rows": 1,
      "Plan Width": 8,
      "Actual Startup Time": 32.213,
      "Actual Total Time": 32.214,
      "Actual Rows": 1,
      "Actual Loops": 1,
      "Plans": [
        {
          "Node Type": "Bitmap Heap Scan",
          "Parent Relationship": "Outer",
          "Parallel Aware": false,
          "Relation Name": "movie_companies",
          "Alias": "mc",
          "Startup Cost": 599.92,
          "Total Cost": 20728.65,
          "Plan Rows": 13657,
          "Plan Width": 0,
          "Actual Startup Time": 8.523,
          "Actual Total Time": 30.355,
          "Actual Rows": 12833,
          "Actual Loops": 1,
          "Recheck Cond": "(company_id = 27)",
          "Rows Removed by Index Recheck": 0,
          "Filter": "(company_type_id = 1)",
          "Rows Removed by Filter": 14470,
          "Exact Heap Blocks": 7072,
          "Lossy Heap Blocks": 0,
          "Plans": [
            {
              "Node Type": "Bitmap Index Scan",
              "Parent Relationship": "Outer",
              "Parallel Aware": false,
              "Index Name": "company_id_movie_companies",
              "Startup Cost": 0.0,
              "Total Cost": 596.51,
              "Plan Rows": 27744,
              "Plan Width": 0,
              "Actual Startup Time": 5.034,
              "Actual Total Time": 5.034,
              "Actual Rows": 27303,
              "Actual Loops": 1,
              "Index Cond": "(company_id = 27)"
            }
          ]
        }
      ]
    },
    "Planning Time": 0.209,
    "Triggers": [],
    "Execution Time": 32.28
  }
]