{
    "Plan": {
        "Node Type": "Aggregate",
        "Strategy": "Plain",
        "Partial Mode": "Simple",
        "Parallel Aware": false,
        "Startup Cost": 110006139683.34,
        "Total Cost": 110006139683.35,
        "Plan Rows": 1,
        "Plan Width": 96,
        "Actual Startup Time": 58147.207,
        "Actual Total Time": 58292.664,
        "Actual Rows": 1,
        "Actual Loops": 1,
        "Output": [
            "min(chn.name)",
            "min(n.name)",
            "min(t.title)"
        ],
        "Plans": [
            {
                "Node Type": "Nested Loop",
                "Parent Relationship": "Outer",
                "Parallel Aware": false,
                "Join Type": "Inner",
                "Startup Cost": 110005479740.78,
                "Total Cost": 110006139683.33,
                "Plan Rows": 1,
                "Plan Width": 48,
                "Actual Startup Time": 57356.243,
                "Actual Total Time": 58292.643,
                "Actual Rows": 5,
                "Actual Loops": 1,
                "Output": [
                    "chn.name",
                    "n.name",
                    "t.title"
                ],
                "Inner Unique": true,
                "Join Filter": "(ci.person_id = n.id)",
                "Rows Removed by Join Filter": 0,
                "Plans": [
                    {
                        "Node Type": "Nested Loop",
                        "Parent Relationship": "Outer",
                        "Parallel Aware": false,
                        "Join Type": "Inner",
                        "Startup Cost": 100005479740.27,
                        "Total Cost": 100006139678.8,
                        "Plan Rows": 1,
                        "Plan Width": 41,
                        "Actual Startup Time": 57356.209,
                        "Actual Total Time": 58292.538,
                        "Actual Rows": 11,
                        "Actual Loops": 1,
                        "Output": [
                            "an.person_id",
                            "ci.person_id",
                            "chn.name",
                            "t.title"
                        ],
                        "Inner Unique": true,
                        "Plans": [
                            {
                                "Node Type": "Nested Loop",
                                "Parent Relationship": "Outer",
                                "Parallel Aware": false,
                                "Join Type": "Inner",
                                "Startup Cost": 90005479739.84,
                                "Total Cost": 90006139672.74,
                                "Plan Rows": 1,
                                "Plan Width": 45,
                                "Actual Startup Time": 57355.015,
                                "Actual Total Time": 58290.527,
                                "Actual Rows": 385,
                                "Actual Loops": 1,
                                "Output": [
                                    "an.person_id",
                                    "ci.person_id",
                                    "chn.name",
                                    "mk.keyword_id",
                                    "t.title"
                                ],
                                "Inner Unique": true,
                                "Plans": [
                                    {
                                        "Node Type": "Nested Loop",
                                        "Parent Relationship": "Outer",
                                        "Parallel Aware": false,
                                        "Join Type": "Inner",
                                        "Startup Cost": 80005479739.42,
                                        "Total Cost": 80006139664.28,
                                        "Plan Rows": 1,
                                        "Plan Width": 49,
                                        "Actual Startup Time": 56475.511,
                                        "Actual Total Time": 58092.755,
                                        "Actual Rows": 44300,
                                        "Actual Loops": 1,
                                        "Output": [
                                            "an.person_id",
                                            "ci.person_id",
                                            "chn.name",
                                            "mc.company_id",
                                            "mk.keyword_id",
                                            "t.title"
                                        ],
                                        "Inner Unique": true,
                                        "Plans": [
                                            {
                                                "Node Type": "Nested Loop",
                                                "Parent Relationship": "Outer",
                                                "Parallel Aware": false,
                                                "Join Type": "Inner",
                                                "Startup Cost": 70005479738.92,
                                                "Total Cost": 70006139659.78,
                                                "Plan Rows": 1,
                                                "Plan Width": 37,
                                                "Actual Startup Time": 56475.39,
                                                "Actual Total Time": 57890.67,
                                                "Actual Rows": 44345,
                                                "Actual Loops": 1,
                                                "Output": [
                                                    "an.person_id",
                                                    "ci.person_id",
                                                    "ci.person_role_id",
                                                    "mc.company_id",
                                                    "mk.keyword_id",
                                                    "t.title"
                                                ],
                                                "Inner Unique": false,
                                                "Plans": [
                                                    {
                                                        "Node Type": "Gather",
                                                        "Parent Relationship": "Outer",
                                                        "Parallel Aware": false,
                                                        "Startup Cost": 60005479738.47,
                                                        "Total Cost": 60006139655.28,
                                                        "Plan Rows": 1,
                                                        "Plan Width": 33,
                                                        "Actual Startup Time": 56334.944,
                                                        "Actual Total Time": 57748.574,
                                                        "Actual Rows": 27015,
                                                        "Actual Loops": 1,
                                                        "Output": [
                                                            "ci.person_id",
                                                            "ci.person_role_id",
                                                            "mc.company_id",
                                                            "mk.keyword_id",
                                                            "t.title"
                                                        ],
                                                        "Workers Planned": 4,
                                                        "Workers Launched": 4,
                                                        "Single Copy": false,
                                                        "Plans": [
                                                            {
                                                                "Node Type": "Merge Join",
                                                                "Parent Relationship": "Outer",
                                                                "Parallel Aware": false,
                                                                "Join Type": "Inner",
                                                                "Startup Cost": 60005478738.47,
                                                                "Total Cost": 60006138655.18,
                                                                "Plan Rows": 1,
                                                                "Plan Width": 33,
                                                                "Actual Startup Time": 32850.283,
                                                                "Actual Total Time": 32950.66,
                                                                "Actual Rows": 5403,
                                                                "Actual Loops": 5,
                                                                "Output": [
                                                                    "ci.person_id",
                                                                    "ci.person_role_id",
                                                                    "mc.company_id",
                                                                    "mk.keyword_id",
                                                                    "t.title"
                                                                ],
                                                                "Inner Unique": false,
                                                                "Merge Cond": "(t.id = mi.movie_id)",
                                                                "Workers": [
                                                                    {
                                                                        "Worker Number": 0,
                                                                        "Actual Startup Time": 104.758,
                                                                        "Actual Total Time": 104.765,
                                                                        "Actual Rows": 0,
                                                                        "Actual Loops": 1
                                                                    },
                                                                    {
                                                                        "Worker Number": 1,
                                                                        "Actual Startup Time": 24693.925,
                                                                        "Actual Total Time": 24693.934,
                                                                        "Actual Rows": 0,
                                                                        "Actual Loops": 1
                                                                    },
                                                                    {
                                                                        "Worker Number": 2,
                                                                        "Actual Startup Time": 25117.111,
                                                                        "Actual Total Time": 25117.121,
                                                                        "Actual Rows": 0,
                                                                        "Actual Loops": 1
                                                                    },
                                                                    {
                                                                        "Worker Number": 3,
                                                                        "Actual Startup Time": 58001.544,
                                                                        "Actual Total Time": 58003.612,
                                                                        "Actual Rows": 90,
                                                                        "Actual Loops": 1
                                                                    }
                                                                ],
                                                                "Plans": [
                                                                    {
                                                                        "Node Type": "Sort",
                                                                        "Parent Relationship": "Outer",
                                                                        "Parallel Aware": false,
                                                                        "Startup Cost": 45479.53,
                                                                        "Total Cost": 45479.57,
                                                                        "Plan Rows": 16,
                                                                        "Plan Width": 21,
                                                                        "Actual Startup Time": 107.535,
                                                                        "Actual Total Time": 107.538,
                                                                        "Actual Rows": 2,
                                                                        "Actual Loops": 5,
                                                                        "Output": [
                                                                            "t.title",
                                                                            "t.id"
                                                                        ],
                                                                        "Sort Key": [
                                                                            "t.id"
                                                                        ],
                                                                        "Sort Method": "quicksort",
                                                                        "Sort Space Used": 25,
                                                                        "Sort Space Type": "Memory",
                                                                        "Workers": [
                                                                            {
                                                                                "Worker Number": 0,
                                                                                "Actual Startup Time": 104.755,
                                                                                "Actual Total Time": 104.756,
                                                                                "Actual Rows": 0,
                                                                                "Actual Loops": 1
                                                                            },
                                                                            {
                                                                                "Worker Number": 1,
                                                                                "Actual Startup Time": 104.772,
                                                                                "Actual Total Time": 104.773,
                                                                                "Actual Rows": 1,
                                                                                "Actual Loops": 1
                                                                            },
                                                                            {
                                                                                "Worker Number": 2,
                                                                                "Actual Startup Time": 104.77,
                                                                                "Actual Total Time": 104.774,
                                                                                "Actual Rows": 3,
                                                                                "Actual Loops": 1
                                                                            },
                                                                            {
                                                                                "Worker Number": 3,
                                                                                "Actual Startup Time": 104.762,
                                                                                "Actual Total Time": 104.764,
                                                                                "Actual Rows": 1,
                                                                                "Actual Loops": 1
                                                                            }
                                                                        ],
                                                                        "Plans": [
                                                                            {
                                                                                "Node Type": "Seq Scan",
                                                                                "Parent Relationship": "Outer",
                                                                                "Parallel Aware": true,
                                                                                "Relation Name": "title",
                                                                                "Schema": "public",
                                                                                "Alias": "t",
                                                                                "Startup Cost": 0.0,
                                                                                "Total Cost": 45479.21,
                                                                                "Plan Rows": 16,
                                                                                "Plan Width": 21,
                                                                                "Actual Startup Time": 70.318,
                                                                                "Actual Total Time": 107.468,
                                                                                "Actual Rows": 2,
                                                                                "Actual Loops": 5,
                                                                                "Output": [
                                                                                    "t.title",
                                                                                    "t.id"
                                                                                ],
                                                                                "Filter": "((t.title ~~ 'Kung Fu Panda%'::text) AND (t.production_year > 2008))",
                                                                                "Rows Removed by Filter": 505661,
                                                                                "Workers": [
                                                                                    {
                                                                                        "Worker Number": 0,
                                                                                        "Actual Startup Time": 104.679,
                                                                                        "Actual Total Time": 104.68,
                                                                                        "Actual Rows": 0,
                                                                                        "Actual Loops": 1
                                                                                    },
                                                                                    {
                                                                                        "Worker Number": 1,
                                                                                        "Actual Startup Time": 27.684,
                                                                                        "Actual Total Time": 104.691,
                                                                                        "Actual Rows": 1,
                                                                                        "Actual Loops": 1
                                                                                    },
                                                                                    {
                                                                                        "Worker Number": 2,
                                                                                        "Actual Startup Time": 31.649,
                                                                                        "Actual Total Time": 104.688,
                                                                                        "Actual Rows": 3,
                                                                                        "Actual Loops": 1
                                                                                    },
                                                                                    {
                                                                                        "Worker Number": 3,
                                                                                        "Actual Startup Time": 88.397,
                                                                                        "Actual Total Time": 104.679,
                                                                                        "Actual Rows": 1,
                                                                                        "Actual Loops": 1
                                                                                    }
                                                                                ]
                                                                            }
                                                                        ]
                                                                    },
                                                                    {
                                                                        "Node Type": "Materialize",
                                                                        "Parent Relationship": "Inner",
                                                                        "Parallel Aware": false,
                                                                        "Startup Cost": 60005433258.94,
                                                                        "Total Cost": 60006093142.84,
                                                                        "Plan Rows": 13089,
                                                                        "Plan Width": 32,
                                                                        "Actual Startup Time": 21858.352,
                                                                        "Actual Total Time": 40834.461,
                                                                        "Actual Rows": 1292215,
                                                                        "Actual Loops": 4,
                                                                        "Output": [
                                                                            "ci.movie_id",
                                                                            "ci.person_id",
                                                                            "ci.person_role_id",
                                                                            "mc.movie_id",
                                                                            "mc.company_id",
                                                                            "mi.movie_id",
                                                                            "mk.movie_id",
                                                                            "mk.keyword_id"
                                                                        ],
                                                                        "Workers": [
                                                                            {
                                                                                "Worker Number": 1,
                                                                                "Actual Startup Time": 23214.017,
                                                                                "Actual Total Time": 24574.616,
                                                                                "Actual Rows": 88201,
                                                                                "Actual Loops": 1
                                                                            },
                                                                            {
                                                                                "Worker Number": 2,
                                                                                "Actual Startup Time": 23214.594,
                                                                                "Actual Total Time": 24993.713,
                                                                                "Actual Rows": 111838,
                                                                                "Actual Loops": 1
                                                                            },
                                                                            {
                                                                                "Worker Number": 3,
                                                                                "Actual Startup Time": 21608.418,
                                                                                "Actual Total Time": 57488.352,
                                                                                "Actual Rows": 2484155,
                                                                                "Actual Loops": 1
                                                                            }
                                                                        ],
                                                                        "Plans": [
                                                                            {
                                                                                "Node Type": "Nested Loop",
                                                                                "Parent Relationship": "Outer",
                                                                                "Parallel Aware": false,
                                                                                "Join Type": "Inner",
                                                                                "Startup Cost": 60005433258.94,
                                                                                "Total Cost": 60006093110.11,
                                                                                "Plan Rows": 13089,
                                                                                "Plan Width": 32,
                                                                                "Actual Startup Time": 21858.34,
                                                                                "Actual Total Time": 40366.801,
                                                                                "Actual Rows": 1292215,
                                                                                "Actual Loops": 4,
                                                                                "Output": [
                                                                                    "ci.movie_id",
                                                                                    "ci.person_id",
                                                                                    "ci.person_role_id",
                                                                                    "mc.movie_id",
                                                                                    "mc.company_id",
                                                                                    "mi.movie_id",
                                                                                    "mk.movie_id",
                                                                                    "mk.keyword_id"
                                                                                ],
                                                                                "Inner Unique": true,
                                                                                "Workers": [
                                                                                    {
                                                                                        "Worker Number": 1,
                                                                                        "Actual Startup Time": 23214.004,
                                                                                        "Actual Total Time": 24543.001,
                                                                                        "Actual Rows": 88201,
                                                                                        "Actual Loops": 1
                                                                                    },
                                                                                    {
                                                                                        "Worker Number": 2,
                                                                                        "Actual Startup Time": 23214.582,
                                                                                        "Actual Total Time": 24953.303,
                                                                                        "Actual Rows": 111838,
                                                                                        "Actual Loops": 1
                                                                                    },
                                                                                    {
                                                                                        "Worker Number": 3,
                                                                                        "Actual Startup Time": 21608.404,
                                                                                        "Actual Total Time": 56600.015,
                                                                                        "Actual Rows": 2484155,
                                                                                        "Actual Loops": 1
                                                                                    }
                                                                                ],
                                                                                "Plans": [
                                                                                    {
                                                                                        "Node Type": "Merge Join",
                                                                                        "Parent Relationship": "Outer",
                                                                                        "Parallel Aware": false,
                                                                                        "Join Type": "Inner",
                                                                                        "Startup Cost": 50005433258.8,
                                                                                        "Total Cost": 50005439915.78,
                                                                                        "Plan Rows": 157071,
                                                                                        "Plan Width": 36,
                                                                                        "Actual Startup Time": 21858.281,
                                                                                        "Actual Total Time": 23800.098,
                                                                                        "Actual Rows": 4451449,
                                                                                        "Actual Loops": 4,
                                                                                        "Output": [
                                                                                            "ci.movie_id",
                                                                                            "ci.person_id",
                                                                                            "ci.role_id",
                                                                                            "ci.person_role_id",
                                                                                            "mc.movie_id",
                                                                                            "mc.company_id",
                                                                                            "mi.movie_id",
                                                                                            "mk.movie_id",
                                                                                            "mk.keyword_id"
                                                                                        ],
                                                                                        "Inner Unique": false,
                                                                                        "Merge Cond": "(ci.movie_id = mi.movie_id)",
                                                                                        "Workers": [
                                                                                            {
                                                                                                "Worker Number": 1,
                                                                                                "Actual Startup Time": 23213.944,
                                                                                                "Actual Total Time": 23377.396,
                                                                                                "Actual Rows": 301269,
                                                                                                "Actual Loops": 1
                                                                                            },
                                                                                            {
                                                                                                "Worker Number": 2,
                                                                                                "Actual Startup Time": 23214.536,
                                                                                                "Actual Total Time": 23471.571,
                                                                                                "Actual Rows": 387600,
                                                                                                "Actual Loops": 1
                                                                                            },
                                                                                            {
                                                                                                "Worker Number": 3,
                                                                                                "Actual Startup Time": 21608.322,
                                                                                                "Actual Total Time": 25359.108,
                                                                                                "Actual Rows": 8557705,
                                                                                                "Actual Loops": 1
                                                                                            }
                                                                                        ],
                                                                                        "Plans": [
                                                                                            {
                                                                                                "Node Type": "Sort",
                                                                                                "Parent Relationship": "Outer",
                                                                                                "Parallel Aware": false,
                                                                                                "Startup Cost": 10001434106.59,
                                                                                                "Total Cost": 10001436209.25,
                                                                                                "Plan Rows": 841064,
                                                                                                "Plan Width": 16,
                                                                                                "Actual Startup Time": 7381.759,
                                                                                                "Actual Total Time": 7441.157,
                                                                                                "Actual Rows": 566619,
                                                                                                "Actual Loops": 4,
                                                                                                "Output": [
                                                                                                    "ci.movie_id",
                                                                                                    "ci.person_id",
                                                                                                    "ci.role_id",
                                                                                                    "ci.person_role_id"
                                                                                                ],
                                                                                                "Sort Key": [
                                                                                                    "ci.movie_id"
                                                                                                ],
                                                                                                "Sort Method": "quicksort",
                                                                                                "Sort Space Used": 65239,
                                                                                                "Sort Space Type": "Memory",
                                                                                                "Workers": [
                                                                                                    {
                                                                                                        "Worker Number": 1,
                                                                                                        "Actual Startup Time": 7916.013,
                                                                                                        "Actual Total Time": 7936.177,
                                                                                                        "Actual Rows": 227523,
                                                                                                        "Actual Loops": 1
                                                                                                    },
                                                                                                    {
                                                                                                        "Worker Number": 2,
                                                                                                        "Actual Startup Time": 7916.049,
                                                                                                        "Actual Total Time": 7960.984,
                                                                                                        "Actual Rows": 531524,
                                                                                                        "Actual Loops": 1
                                                                                                    },
                                                                                                    {
                                                                                                        "Worker Number": 3,
                                                                                                        "Actual Startup Time": 6996.969,
                                                                                                        "Actual Total Time": 7086.608,
                                                                                                        "Actual Rows": 753514,
                                                                                                        "Actual Loops": 1
                                                                                                    }
                                                                                                ],
                                                                                                "Plans": [
                                                                                                    {
                                                                                                        "Node Type": "Index Scan",
                                                                                                        "Parent Relationship": "Outer",
                                                                                                        "Parallel Aware": false,
                                                                                                        "Scan Direction": "Forward",
                                                                                                        "Index Name": "role_id_cast_info",
                                                                                                        "Relation Name": "cast_info",
                                                                                                        "Schema": "public",
                                                                                                        "Alias": "ci",
                                                                                                        "Startup Cost": 10000000000.57,
                                                                                                        "Total Cost": 10001351338.09,
                                                                                                        "Plan Rows": 841064,
                                                                                                        "Plan Width": 16,
                                                                                                        "Actual Startup Time": 0.105,
                                                                                                        "Actual Total Time": 7103.567,
                                                                                                        "Actual Rows": 867477,
                                                                                                        "Actual Loops": 4,
                                                                                                        "Output": [
                                                                                                            "ci.movie_id",
                                                                                                            "ci.person_id",
                                                                                                            "ci.role_id",
                                                                                                            "ci.person_role_id"
                                                                                                        ],
                                                                                                        "Filter": "(ci.note = ANY ('{(voice),\"(voice: Japanese version)\",\"(voice) (uncredited)\",\"(voice: English version)\"}'::text[]))",
                                                                                                        "Rows Removed by Filter": 35376867,
                                                                                                        "Workers": [
                                                                                                            {
                                                                                                                "Worker Number": 1,
                                                                                                                "Actual Startup Time": 0.114,
                                                                                                                "Actual Total Time": 7625.167,
                                                                                                                "Actual Rows": 867477,
                                                                                                                "Actual Loops": 1
                                                                                                            },
                                                                                                            {
                                                                                                                "Worker Number": 2,
                                                                                                                "Actual Startup Time": 0.107,
                                                                                                                "Actual Total Time": 7629.232,
                                                                                                                "Actual Rows": 867477,
                                                                                                                "Actual Loops": 1
                                                                                                            },
                                                                                                            {
                                                                                                                "Worker Number": 3,
                                                                                                                "Actual Startup Time": 0.112,
                                                                                                                "Actual Total Time": 6665.501,
                                                                                                                "Actual Rows": 867477,
                                                                                                                "Actual Loops": 1
                                                                                                            }
                                                                                                        ]
                                                                                                    }
                                                                                                ]
                                                                                            },
                                                                                            {
                                                                                                "Node Type": "Sort",
                                                                                                "Parent Relationship": "Inner",
                                                                                                "Parallel Aware": false,
                                                                                                "Startup Cost": 40003999152.18,
                                                                                                "Total Cost": 40003999592.79,
                                                                                                "Plan Rows": 176246,
                                                                                                "Plan Width": 20,
                                                                                                "Actual Startup Time": 14475.406,
                                                                                                "Actual Total Time": 15293.18,
                                                                                                "Actual Rows": 7465529,
                                                                                                "Actual Loops": 4,
                                                                                                "Output": [
                                                                                                    "mi.movie_id",
                                                                                                    "mc.movie_id",
                                                                                                    "mc.company_id",
                                                                                                    "mk.movie_id",
                                                                                                    "mk.keyword_id"
                                                                                                ],
                                                                                                "Sort Key": [
                                                                                                    "mi.movie_id"
                                                                                                ],
                                                                                                "Sort Method": "quicksort",
                                                                                                "Sort Space Used": 1649174,
                                                                                                "Sort Space Type": "Memory",
                                                                                                "Workers": [
                                                                                                    {
                                                                                                        "Worker Number": 1,
                                                                                                        "Actual Startup Time": 15296.877,
                                                                                                        "Actual Total Time": 15353.859,
                                                                                                        "Actual Rows": 533585,
                                                                                                        "Actual Loops": 1
                                                                                                    },
                                                                                                    {
                                                                                                        "Worker Number": 2,
                                                                                                        "Actual Startup Time": 15297.419,
                                                                                                        "Actual Total Time": 15375.625,
                                                                                                        "Actual Rows": 860787,
                                                                                                        "Actual Loops": 1
                                                                                                    },
                                                                                                    {
                                                                                                        "Worker Number": 3,
                                                                                                        "Actual Startup Time": 14610.115,
                                                                                                        "Actual Total Time": 16228.708,
                                                                                                        "Actual Rows": 14232550,
                                                                                                        "Actual Loops": 1
                                                                                                    }
                                                                                                ],
                                                                                                "Plans": [
                                                                                                    {
                                                                                                        "Node Type": "Hash Join",
                                                                                                        "Parent Relationship": "Outer",
                                                                                                        "Parallel Aware": false,
                                                                                                        "Join Type": "Inner",
                                                                                                        "Startup Cost": 40002442061.77,
                                                                                                        "Total Cost": 40003983794.78,
                                                                                                        "Plan Rows": 176246,
                                                                                                        "Plan Width": 20,
                                                                                                        "Actual Startup Time": 8529.957,
                                                                                                        "Actual Total Time": 10713.929,
                                                                                                        "Actual Rows": 16076253,
                                                                                                        "Actual Loops": 4,
                                                                                                        "Output": [
                                                                                                            "mi.movie_id",
                                                                                                            "mc.movie_id",
                                                                                                            "mc.company_id",
                                                                                                            "mk.movie_id",
                                                                                                            "mk.keyword_id"
                                                                                                        ],
                                                                                                        "Inner Unique": false,
                                                                                                        "Hash Cond": "(mk.movie_id = mi.movie_id)",
                                                                                                        "Workers": [
                                                                                                            {
                                                                                                                "Worker Number": 1,
                                                                                                                "Actual Startup Time": 8896.806,
                                                                                                                "Actual Total Time": 11110.205,
                                                                                                                "Actual Rows": 16076253,
                                                                                                                "Actual Loops": 1
                                                                                                            },
                                                                                                            {
                                                                                                                "Worker Number": 2,
                                                                                                                "Actual Startup Time": 8897.416,
                                                                                                                "Actual Total Time": 11101.856,
                                                                                                                "Actual Rows": 16076253,
                                                                                                                "Actual Loops": 1
                                                                                                            },
                                                                                                            {
                                                                                                                "Worker Number": 3,
                                                                                                                "Actual Startup Time": 8039.727,
                                                                                                                "Actual Total Time": 10279.367,
                                                                                                                "Actual Rows": 16076253,
                                                                                                                "Actual Loops": 1
                                                                                                            }
                                                                                                        ],
                                                                                                        "Plans": [
                                                                                                            {
                                                                                                                "Node Type": "Seq Scan",
                                                                                                                "Parent Relationship": "Outer",
                                                                                                                "Parallel Aware": false,
                                                                                                                "Relation Name": "movie_keyword",
                                                                                                                "Schema": "public",
                                                                                                                "Alias": "mk",
                                                                                                                "Startup Cost": 10000000000.0,
                                                                                                                "Total Cost": 10000069693.3,
                                                                                                                "Plan Rows": 4523930,
                                                                                                                "Plan Width": 8,
                                                                                                                "Actual Startup Time": 0.042,
                                                                                                                "Actual Total Time": 321.755,
                                                                                                                "Actual Rows": 4523930,
                                                                                                                "Actual Loops": 4,
                                                                                                                "Output": [
                                                                                                                    "mk.id",
                                                                                                                    "mk.movie_id",
                                                                                                                    "mk.keyword_id"
                                                                                                                ],
                                                                                                                "Workers": [
                                                                                                                    {
                                                                                                                        "Worker Number": 1,
                                                                                                                        "Actual Startup Time": 0.052,
                                                                                                                        "Actual Total Time": 320.727,
                                                                                                                        "Actual Rows": 4523930,
                                                                                                                        "Actual Loops": 1
                                                                                                                    },
                                                                                                                    {
                                                                                                                        "Worker Number": 2,
                                                                                                                        "Actual Startup Time": 0.036,
                                                                                                                        "Actual Total Time": 312.062,
                                                                                                                        "Actual Rows": 4523930,
                                                                                                                        "Actual Loops": 1
                                                                                                                    },
                                                                                                                    {
                                                                                                                        "Worker Number": 3,
                                                                                                                        "Actual Startup Time": 0.05,
                                                                                                                        "Actual Total Time": 346.845,
                                                                                                                        "Actual Rows": 4523930,
                                                                                                                        "Actual Loops": 1
                                                                                                                    }
                                                                                                                ]
                                                                                                            },
                                                                                                            {
                                                                                                                "Node Type": "Hash",
                                                                                                                "Parent Relationship": "Inner",
                                                                                                                "Parallel Aware": false,
                                                                                                                "Startup Cost": 30002441878.97,
                                                                                                                "Total Cost": 30002441878.97,
                                                                                                                "Plan Rows": 14624,
                                                                                                                "Plan Width": 12,
                                                                                                                "Actual Startup Time": 8529.702,
                                                                                                                "Actual Total Time": 8529.708,
                                                                                                                "Actual Rows": 463258,
                                                                                                                "Actual Loops": 4,
                                                                                                                "Output": [
                                                                                                                    "mi.movie_id",
                                                                                                                    "mc.movie_id",
                                                                                                                    "mc.company_id"
                                                                                                                ],
                                                                                                                "Hash Buckets": 524288,
                                                                                                                "Original Hash Buckets": 16384,
                                                                                                                "Hash Batches": 1,
                                                                                                                "Original Hash Batches": 1,
                                                                                                                "Peak Memory Usage": 24002,
                                                                                                                "Workers": [
                                                                                                                    {
                                                                                                                        "Worker Number": 1,
                                                                                                                        "Actual Startup Time": 8896.487,
                                                                                                                        "Actual Total Time": 8896.491,
                                                                                                                        "Actual Rows": 463258,
                                                                                                                        "Actual Loops": 1
                                                                                                                    },
                                                                                                                    {
                                                                                                                        "Worker Number": 2,
                                                                                                                        "Actual Startup Time": 8897.152,
                                                                                                                        "Actual Total Time": 8897.156,
                                                                                                                        "Actual Rows": 463258,
                                                                                                                        "Actual Loops": 1
                                                                                                                    },
                                                                                                                    {
                                                                                                                        "Worker Number": 3,
                                                                                                                        "Actual Startup Time": 8039.381,
                                                                                                                        "Actual Total Time": 8039.386,
                                                                                                                        "Actual Rows": 463258,
                                                                                                                        "Actual Loops": 1
                                                                                                                    }
                                                                                                                ],
                                                                                                                "Plans": [
                                                                                                                    {
                                                                                                                        "Node Type": "Nested Loop",
                                                                                                                        "Parent Relationship": "Outer",
                                                                                                                        "Parallel Aware": false,
                                                                                                                        "Join Type": "Inner",
                                                                                                                        "Startup Cost": 30000000001.18,
                                                                                                                        "Total Cost": 30002441878.97,
                                                                                                                        "Plan Rows": 14624,
                                                                                                                        "Plan Width": 12,
                                                                                                                        "Actual Startup Time": 0.282,
                                                                                                                        "Actual Total Time": 8410.688,
                                                                                                                        "Actual Rows": 463258,
                                                                                                                        "Actual Loops": 4,
                                                                                                                        "Output": [
                                                                                                                            "mi.movie_id",
                                                                                                                            "mc.movie_id",
                                                                                                                            "mc.company_id"
                                                                                                                        ],
                                                                                                                        "Inner Unique": false,
                                                                                                                        "Workers": [
                                                                                                                            {
                                                                                                                                "Worker Number": 1,
                                                                                                                                "Actual Startup Time": 0.276,
                                                                                                                                "Actual Total Time": 8771.009,
                                                                                                                                "Actual Rows": 463258,
                                                                                                                                "Actual Loops": 1
                                                                                                                            },
                                                                                                                            {
                                                                                                                                "Worker Number": 2,
                                                                                                                                "Actual Startup Time": 0.295,
                                                                                                                                "Actual Total Time": 8772.371,
                                                                                                                                "Actual Rows": 463258,
                                                                                                                                "Actual Loops": 1
                                                                                                                            },
                                                                                                                            {
                                                                                                                                "Worker Number": 3,
                                                                                                                                "Actual Startup Time": 0.407,
                                                                                                                                "Actual Total Time": 7916.47,
                                                                                                                                "Actual Rows": 463258,
                                                                                                                                "Actual Loops": 1
                                                                                                                            }
                                                                                                                        ],
                                                                                                                        "Plans": [
                                                                                                                            {
                                                                                                                                "Node Type": "Nested Loop",
                                                                                                                                "Parent Relationship": "Outer",
                                                                                                                                "Parallel Aware": false,
                                                                                                                                "Join Type": "Inner",
                                                                                                                                "Startup Cost": 20000000000.59,
                                                                                                                                "Total Cost": 20002429113.03,
                                                                                                                                "Plan Rows": 2713,
                                                                                                                                "Plan Width": 4,
                                                                                                                                "Actual Startup Time": 0.232,
                                                                                                                                "Actual Total Time": 6885.537,
                                                                                                                                "Actual Rows": 301243,
                                                                                                                                "Actual Loops": 4,
                                                                                                                                "Output": [
                                                                                                                                    "mi.movie_id"
                                                                                                                                ],
                                                                                                                                "Inner Unique": true,
                                                                                                                                "Workers": [
                                                                                                                                    {
                                                                                                                                        "Worker Number": 1,
                                                                                                                                        "Actual Startup Time": 0.236,
                                                                                                                                        "Actual Total Time": 7234.509,
                                                                                                                                        "Actual Rows": 301243,
                                                                                                                                        "Actual Loops": 1
                                                                                                                                    },
                                                                                                                                    {
                                                                                                                                        "Worker Number": 2,
                                                                                                                                        "Actual Startup Time": 0.247,
                                                                                                                                        "Actual Total Time": 7243.808,
                                                                                                                                        "Actual Rows": 301243,
                                                                                                                                        "Actual Loops": 1
                                                                                                                                    },
                                                                                                                                    {
                                                                                                                                        "Worker Number": 3,
                                                                                                                                        "Actual Startup Time": 0.334,
                                                                                                                                        "Actual Total Time": 6411.895,
                                                                                                                                        "Actual Rows": 301243,
                                                                                                                                        "Actual Loops": 1
                                                                                                                                    }
                                                                                                                                ],
                                                                                                                                "Plans": [
                                                                                                                                    {
                                                                                                                                        "Node Type": "Index Scan",
                                                                                                                                        "Parent Relationship": "Outer",
                                                                                                                                        "Parallel Aware": false,
                                                                                                                                        "Scan Direction": "Forward",
                                                                                                                                        "Index Name": "movie_id_movie_info",
                                                                                                                                        "Relation Name": "movie_info",
                                                                                                                                        "Schema": "public",
                                                                                                                                        "Alias": "mi",
                                                                                                                                        "Startup Cost": 10000000000.43,
                                                                                                                                        "Total Cost": 10001152203.85,
                                                                                                                                        "Plan Rows": 306554,
                                                                                                                                        "Plan Width": 8,
                                                                                                                                        "Actual Startup Time": 0.164,
                                                                                                                                        "Actual Total Time": 5680.482,
                                                                                                                                        "Actual Rows": 301247,
                                                                                                                                        "Actual Loops": 4,
                                                                                                                                        "Output": [
                                                                                                                                            "mi.id",
                                                                                                                                            "mi.movie_id",
                                                                                                                                            "mi.info_type_id",
                                                                                                                                            "mi.info",
                                                                                                                                            "mi.note"
                                                                                                                                        ],
                                                                                                                                        "Filter": "((mi.info IS NOT NULL) AND ((mi.info ~~ 'Japan:%201%'::text) OR (mi.info ~~ 'USA:%201%'::text)))",
                                                                                                                                        "Rows Removed by Filter": 14534473,
                                                                                                                                        "Workers": [
                                                                                                                                            {
                                                                                                                                                "Worker Number": 1,
                                                                                                                                                "Actual Startup Time": 0.168,
                                                                                                                                                "Actual Total Time": 6044.054,
                                                                                                                                                "Actual Rows": 301247,
                                                                                                                                                "Actual Loops": 1
                                                                                                                                            },
                                                                                                                                            {
                                                                                                                                                "Worker Number": 2,
                                                                                                                                                "Actual Startup Time": 0.188,
                                                                                                                                                "Actual Total Time": 6050.895,
                                                                                                                                                "Actual Rows": 301247,
                                                                                                                                                "Actual Loops": 1
                                                                                                                                            },
                                                                                                                                            {
                                                                                                                                                "Worker Number": 3,
                                                                                                                                                "Actual Startup Time": 0.214,
                                                                                                                                                "Actual Total Time": 5210.936,
                                                                                                                                                "Actual Rows": 301247,
                                                                                                                                                "Actual Loops": 1
                                                                                                                                            }
                                                                                                                                        ]
                                                                                                                                    },
                                                                                                                                    {
                                                                                                                                        "Node Type": "Bitmap Heap Scan",
                                                                                                                                        "Parent Relationship": "Inner",
                                                                                                                                        "Parallel Aware": false,
                                                                                                                                        "Relation Name": "info_type",
                                                                                                                                        "Schema": "public",
                                                                                                                                        "Alias": "it",
                                                                                                                                        "Startup Cost": 0.15,
                                                                                                                                        "Total Cost": 4.17,
                                                                                                                                        "Plan Rows": 1,
                                                                                                                                        "Plan Width": 4,
                                                                                                                                        "Actual Startup Time": 0.002,
                                                                                                                                        "Actual Total Time": 0.002,
                                                                                                                                        "Actual Rows": 1,
                                                                                                                                        "Actual Loops": 1204988,
                                                                                                                                        "Output": [
                                                                                                                                            "it.id",
                                                                                                                                            "it.info"
                                                                                                                                        ],
                                                                                                                                        "Recheck Cond": "(it.id = mi.info_type_id)",
                                                                                                                                        "Rows Removed by Index Recheck": 0,
                                                                                                                                        "Filter": "((it.info)::text = 'release dates'::text)",
                                                                                                                                        "Rows Removed by Filter": 0,
                                                                                                                                        "Exact Heap Blocks": 301247,
                                                                                                                                        "Lossy Heap Blocks": 0,
                                                                                                                                        "Workers": [
                                                                                                                                            {
                                                                                                                                                "Worker Number": 1,
                                                                                                                                                "Actual Startup Time": 0.002,
                                                                                                                                                "Actual Total Time": 0.002,
                                                                                                                                                "Actual Rows": 1,
                                                                                                                                                "Actual Loops": 301247
                                                                                                                                            },
                                                                                                                                            {
                                                                                                                                                "Worker Number": 2,
                                                                                                                                                "Actual Startup Time": 0.002,
                                                                                                                                                "Actual Total Time": 0.002,
                                                                                                                                                "Actual Rows": 1,
                                                                                                                                                "Actual Loops": 301247
                                                                                                                                            },
                                                                                                                                            {
                                                                                                                                                "Worker Number": 3,
                                                                                                                                                "Actual Startup Time": 0.002,
                                                                                                                                                "Actual Total Time": 0.002,
                                                                                                                                                "Actual Rows": 1,
                                                                                                                                                "Actual Loops": 301247
                                                                                                                                            }
                                                                                                                                        ],
                                                                                                                                        "Plans": [
                                                                                                                                            {
                                                                                                                                                "Node Type": "Bitmap Index Scan",
                                                                                                                                                "Parent Relationship": "Outer",
                                                                                                                                                "Parallel Aware": false,
                                                                                                                                                "Index Name": "info_type_pkey",
                                                                                                                                                "Startup Cost": 0.0,
                                                                                                                                                "Total Cost": 0.15,
                                                                                                                                                "Plan Rows": 1,
                                                                                                                                                "Plan Width": 0,
                                                                                                                                                "Actual Startup Time": 0.001,
                                                                                                                                                "Actual Total Time": 0.001,
                                                                                                                                                "Actual Rows": 1,
                                                                                                                                                "Actual Loops": 1204988,
                                                                                                                                                "Index Cond": "(it.id = mi.info_type_id)",
                                                                                                                                                "Workers": [
                                                                                                                                                    {
                                                                                                                                                        "Worker Number": 1,
                                                                                                                                                        "Actual Startup Time": 0.001,
                                                                                                                                                        "Actual Total Time": 0.001,
                                                                                                                                                        "Actual Rows": 1,
                                                                                                                                                        "Actual Loops": 301247
                                                                                                                                                    },
                                                                                                                                                    {
                                                                                                                                                        "Worker Number": 2,
                                                                                                                                                        "Actual Startup Time": 0.001,
                                                                                                                                                        "Actual Total Time": 0.001,
                                                                                                                                                        "Actual Rows": 1,
                                                                                                                                                        "Actual Loops": 301247
                                                                                                                                                    },
                                                                                                                                                    {
                                                                                                                                                        "Worker Number": 3,
                                                                                                                                                        "Actual Startup Time": 0.001,
                                                                                                                                                        "Actual Total Time": 0.001,
                                                                                                                                                        "Actual Rows": 1,
                                                                                                                                                        "Actual Loops": 301247
                                                                                                                                                    }
                                                                                                                                                ]
                                                                                                                                            }
                                                                                                                                        ]
                                                                                                                                    }
                                                                                                                                ]
                                                                                                                            },
                                                                                                                            {
                                                                                                                                "Node Type": "Bitmap Heap Scan",
                                                                                                                                "Parent Relationship": "Inner",
                                                                                                                                "Parallel Aware": false,
                                                                                                                                "Relation Name": "movie_companies",
                                                                                                                                "Schema": "public",
                                                                                                                                "Alias": "mc",
                                                                                                                                "Startup Cost": 0.59,
                                                                                                                                "Total Cost": 4.66,
                                                                                                                                "Plan Rows": 5,
                                                                                                                                "Plan Width": 8,
                                                                                                                                "Actual Startup Time": 0.003,
                                                                                                                                "Actual Total Time": 0.003,
                                                                                                                                "Actual Rows": 2,
                                                                                                                                "Actual Loops": 1204972,
                                                                                                                                "Output": [
                                                                                                                                    "mc.id",
                                                                                                                                    "mc.movie_id",
                                                                                                                                    "mc.company_id",
                                                                                                                                    "mc.company_type_id",
                                                                                                                                    "mc.note"
                                                                                                                                ],
                                                                                                                                "Recheck Cond": "(mc.movie_id = mi.movie_id)",
                                                                                                                                "Rows Removed by Index Recheck": 0,
                                                                                                                                "Exact Heap Blocks": 192574,
                                                                                                                                "Lossy Heap Blocks": 0,
                                                                                                                                "Workers": [
                                                                                                                                    {
                                                                                                                                        "Worker Number": 1,
                                                                                                                                        "Actual Startup Time": 0.003,
                                                                                                                                        "Actual Total Time": 0.003,
                                                                                                                                        "Actual Rows": 2,
                                                                                                                                        "Actual Loops": 301243
                                                                                                                                    },
                                                                                                                                    {
                                                                                                                                        "Worker Number": 2,
                                                                                                                                        "Actual Startup Time": 0.003,
                                                                                                                                        "Actual Total Time": 0.003,
                                                                                                                                        "Actual Rows": 2,
                                                                                                                                        "Actual Loops": 301243
                                                                                                                                    },
                                                                                                                                    {
                                                                                                                                        "Worker Number": 3,
                                                                                                                                        "Actual Startup Time": 0.003,
                                                                                                                                        "Actual Total Time": 0.003,
                                                                                                                                        "Actual Rows": 2,
                                                                                                                                        "Actual Loops": 301243
                                                                                                                                    }
                                                                                                                                ],
                                                                                                                                "Plans": [
                                                                                                                                    {
                                                                                                                                        "Node Type": "Bitmap Index Scan",
                                                                                                                                        "Parent Relationship": "Outer",
                                                                                                                                        "Parallel Aware": false,
                                                                                                                                        "Index Name": "movie_id_movie_companies",
                                                                                                                                        "Startup Cost": 0.0,
                                                                                                                                        "Total Cost": 0.59,
                                                                                                                                        "Plan Rows": 5,
                                                                                                                                        "Plan Width": 0,
                                                                                                                                        "Actual Startup Time": 0.002,
                                                                                                                                        "Actual Total Time": 0.002,
                                                                                                                                        "Actual Rows": 2,
                                                                                                                                        "Actual Loops": 1204972,
                                                                                                                                        "Index Cond": "(mc.movie_id = mi.movie_id)",
                                                                                                                                        "Workers": [
                                                                                                                                            {
                                                                                                                                                "Worker Number": 1,
                                                                                                                                                "Actual Startup Time": 0.002,
                                                                                                                                                "Actual Total Time": 0.002,
                                                                                                                                                "Actual Rows": 2,
                                                                                                                                                "Actual Loops": 301243
                                                                                                                                            },
                                                                                                                                            {
                                                                                                                                                "Worker Number": 2,
                                                                                                                                                "Actual Startup Time": 0.002,
                                                                                                                                                "Actual Total Time": 0.002,
                                                                                                                                                "Actual Rows": 2,
                                                                                                                                                "Actual Loops": 301243
                                                                                                                                            },
                                                                                                                                            {
                                                                                                                                                "Worker Number": 3,
                                                                                                                                                "Actual Startup Time": 0.002,
                                                                                                                                                "Actual Total Time": 0.002,
                                                                                                                                                "Actual Rows": 2,
                                                                                                                                                "Actual Loops": 301243
                                                                                                                                            }
                                                                                                                                        ]
                                                                                                                                    }
                                                                                                                                ]
                                                                                                                            }
                                                                                                                        ]
                                                                                                                    }
                                                                                                                ]
                                                                                                            }
                                                                                                        ]
                                                                                                    }
                                                                                                ]
                                                                                            }
                                                                                        ]
                                                                                    },
                                                                                    {
                                                                                        "Node Type": "Bitmap Heap Scan",
                                                                                        "Parent Relationship": "Inner",
                                                                                        "Parallel Aware": false,
                                                                                        "Relation Name": "role_type",
                                                                                        "Schema": "public",
                                                                                        "Alias": "rt",
                                                                                        "Startup Cost": 0.14,
                                                                                        "Total Cost": 4.16,
                                                                                        "Plan Rows": 1,
                                                                                        "Plan Width": 4,
                                                                                        "Actual Startup Time": 0.002,
                                                                                        "Actual Total Time": 0.002,
                                                                                        "Actual Rows": 0,
                                                                                        "Actual Loops": 17805796,
                                                                                        "Output": [
                                                                                            "rt.id",
                                                                                            "rt.role"
                                                                                        ],
                                                                                        "Recheck Cond": "(rt.id = ci.role_id)",
                                                                                        "Rows Removed by Index Recheck": 0,
                                                                                        "Filter": "((rt.role)::text = 'actress'::text)",
                                                                                        "Rows Removed by Filter": 1,
                                                                                        "Exact Heap Blocks": 8559222,
                                                                                        "Lossy Heap Blocks": 0,
                                                                                        "Workers": [
                                                                                            {
                                                                                                "Worker Number": 1,
                                                                                                "Actual Startup Time": 0.002,
                                                                                                "Actual Total Time": 0.002,
                                                                                                "Actual Rows": 0,
                                                                                                "Actual Loops": 301269
                                                                                            },
                                                                                            {
                                                                                                "Worker Number": 2,
                                                                                                "Actual Startup Time": 0.002,
                                                                                                "Actual Total Time": 0.002,
                                                                                                "Actual Rows": 0,
                                                                                                "Actual Loops": 387600
                                                                                            },
                                                                                            {
                                                                                                "Worker Number": 3,
                                                                                                "Actual Startup Time": 0.002,
                                                                                                "Actual Total Time": 0.002,
                                                                                                "Actual Rows": 0,
                                                                                                "Actual Loops": 8557705
                                                                                            }
                                                                                        ],
                                                                                        "Plans": [
                                                                                            {
                                                                                                "Node Type": "Bitmap Index Scan",
                                                                                                "Parent Relationship": "Outer",
                                                                                                "Parallel Aware": false,
                                                                                                "Index Name": "role_type_pkey",
                                                                                                "Startup Cost": 0.0,
                                                                                                "Total Cost": 0.14,
                                                                                                "Plan Rows": 1,
                                                                                                "Plan Width": 0,
                                                                                                "Actual Startup Time": 0.001,
                                                                                                "Actual Total Time": 0.001,
                                                                                                "Actual Rows": 1,
                                                                                                "Actual Loops": 17805796,
                                                                                                "Index Cond": "(rt.id = ci.role_id)",
                                                                                                "Workers": [
                                                                                                    {
                                                                                                        "Worker Number": 1,
                                                                                                        "Actual Startup Time": 0.001,
                                                                                                        "Actual Total Time": 0.001,
                                                                                                        "Actual Rows": 1,
                                                                                                        "Actual Loops": 301269
                                                                                                    },
                                                                                                    {
                                                                                                        "Worker Number": 2,
                                                                                                        "Actual Startup Time": 0.001,
                                                                                                        "Actual Total Time": 0.001,
                                                                                                        "Actual Rows": 1,
                                                                                                        "Actual Loops": 387600
                                                                                                    },
                                                                                                    {
                                                                                                        "Worker Number": 3,
                                                                                                        "Actual Startup Time": 0.001,
                                                                                                        "Actual Total Time": 0.001,
                                                                                                        "Actual Rows": 1,
                                                                                                        "Actual Loops": 8557705
                                                                                                    }
                                                                                                ]
                                                                                            }
                                                                                        ]
                                                                                    }
                                                                                ]
                                                                            }
                                                                        ]
                                                                    }
                                                                ]
                                                            }
                                                        ]
                                                    },
                                                    {
                                                        "Node Type": "Bitmap Heap Scan",
                                                        "Parent Relationship": "Inner",
                                                        "Parallel Aware": false,
                                                        "Relation Name": "aka_name",
                                                        "Schema": "public",
                                                        "Alias": "an",
                                                        "Startup Cost": 0.46,
                                                        "Total Cost": 4.48,
                                                        "Plan Rows": 2,
                                                        "Plan Width": 4,
                                                        "Actual Startup Time": 0.003,
                                                        "Actual Total Time": 0.003,
                                                        "Actual Rows": 2,
                                                        "Actual Loops": 27015,
                                                        "Output": [
                                                            "an.id",
                                                            "an.person_id",
                                                            "an.name",
                                                            "an.imdb_index",
                                                            "an.name_pcode_cf",
                                                            "an.name_pcode_nf",
                                                            "an.surname_pcode",
                                                            "an.md5sum"
                                                        ],
                                                        "Recheck Cond": "(an.person_id = ci.person_id)",
                                                        "Rows Removed by Index Recheck": 0,
                                                        "Exact Heap Blocks": 20590,
                                                        "Lossy Heap Blocks": 0,
                                                        "Plans": [
                                                            {
                                                                "Node Type": "Bitmap Index Scan",
                                                                "Parent Relationship": "Outer",
                                                                "Parallel Aware": false,
                                                                "Index Name": "person_id_aka_name",
                                                                "Startup Cost": 0.0,
                                                                "Total Cost": 0.46,
                                                                "Plan Rows": 2,
                                                                "Plan Width": 0,
                                                                "Actual Startup Time": 0.002,
                                                                "Actual Total Time": 0.002,
                                                                "Actual Rows": 2,
                                                                "Actual Loops": 27015,
                                                                "Index Cond": "(an.person_id = ci.person_id)"
                                                            }
                                                        ]
                                                    }
                                                ]
                                            },
                                            {
                                                "Node Type": "Bitmap Heap Scan",
                                                "Parent Relationship": "Inner",
                                                "Parallel Aware": false,
                                                "Relation Name": "char_name",
                                                "Schema": "public",
                                                "Alias": "chn",
                                                "Startup Cost": 0.49,
                                                "Total Cost": 4.5,
                                                "Plan Rows": 1,
                                                "Plan Width": 20,
                                                "Actual Startup Time": 0.003,
                                                "Actual Total Time": 0.003,
                                                "Actual Rows": 1,
                                                "Actual Loops": 44345,
                                                "Output": [
                                                    "chn.id",
                                                    "chn.name",
                                                    "chn.imdb_index",
                                                    "chn.imdb_id",
                                                    "chn.name_pcode_nf",
                                                    "chn.surname_pcode",
                                                    "chn.md5sum"
                                                ],
                                                "Recheck Cond": "(chn.id = ci.person_role_id)",
                                                "Rows Removed by Index Recheck": 0,
                                                "Exact Heap Blocks": 44300,
                                                "Lossy Heap Blocks": 0,
                                                "Plans": [
                                                    {
                                                        "Node Type": "Bitmap Index Scan",
                                                        "Parent Relationship": "Outer",
                                                        "Parallel Aware": false,
                                                        "Index Name": "char_name_pkey",
                                                        "Startup Cost": 0.0,
                                                        "Total Cost": 0.49,
                                                        "Plan Rows": 1,
                                                        "Plan Width": 0,
                                                        "Actual Startup Time": 0.002,
                                                        "Actual Total Time": 0.002,
                                                        "Actual Rows": 1,
                                                        "Actual Loops": 44345,
                                                        "Index Cond": "(chn.id = ci.person_role_id)"
                                                    }
                                                ]
                                            }
                                        ]
                                    },
                                    {
                                        "Node Type": "Bitmap Heap Scan",
                                        "Parent Relationship": "Inner",
                                        "Parallel Aware": false,
                                        "Relation Name": "company_name",
                                        "Schema": "public",
                                        "Alias": "cn",
                                        "Startup Cost": 0.43,
                                        "Total Cost": 4.45,
                                        "Plan Rows": 1,
                                        "Plan Width": 4,
                                        "Actual Startup Time": 0.003,
                                        "Actual Total Time": 0.003,
                                        "Actual Rows": 0,
                                        "Actual Loops": 44300,
                                        "Output": [
                                            "cn.id",
                                            "cn.name",
                                            "cn.country_code",
                                            "cn.imdb_id",
                                            "cn.name_pcode_nf",
                                            "cn.name_pcode_sf",
                                            "cn.md5sum"
                                        ],
                                        "Recheck Cond": "(cn.id = mc.company_id)",
                                        "Rows Removed by Index Recheck": 0,
                                        "Filter": "(((cn.country_code)::text = '[us]'::text) AND (cn.name = 'NBC Universal Television'::text))",
                                        "Rows Removed by Filter": 1,
                                        "Exact Heap Blocks": 44300,
                                        "Lossy Heap Blocks": 0,
                                        "Plans": [
                                            {
                                                "Node Type": "Bitmap Index Scan",
                                                "Parent Relationship": "Outer",
                                                "Parallel Aware": false,
                                                "Index Name": "company_name_pkey",
                                                "Startup Cost": 0.0,
                                                "Total Cost": 0.43,
                                                "Plan Rows": 1,
                                                "Plan Width": 0,
                                                "Actual Startup Time": 0.002,
                                                "Actual Total Time": 0.002,
                                                "Actual Rows": 1,
                                                "Actual Loops": 44300,
                                                "Index Cond": "(cn.id = mc.company_id)"
                                            }
                                        ]
                                    }
                                ]
                            },
                            {
                                "Node Type": "Bitmap Heap Scan",
                                "Parent Relationship": "Inner",
                                "Parallel Aware": false,
                                "Relation Name": "keyword",
                                "Schema": "public",
                                "Alias": "k",
                                "Startup Cost": 0.43,
                                "Total Cost": 4.45,
                                "Plan Rows": 1,
                                "Plan Width": 4,
                                "Actual Startup Time": 0.004,
                                "Actual Total Time": 0.004,
                                "Actual Rows": 0,
                                "Actual Loops": 385,
                                "Output": [
                                    "k.id",
                                    "k.keyword",
                                    "k.phonetic_code"
                                ],
                                "Recheck Cond": "(k.id = mk.keyword_id)",
                                "Rows Removed by Index Recheck": 0,
                                "Filter": "(k.keyword = ANY ('{marvel-comics,web,tv-special,tough-girl}'::text[]))",
                                "Rows Removed by Filter": 1,
                                "Exact Heap Blocks": 385,
                                "Lossy Heap Blocks": 0,
                                "Plans": [
                                    {
                                        "Node Type": "Bitmap Index Scan",
                                        "Parent Relationship": "Outer",
                                        "Parallel Aware": false,
                                        "Index Name": "keyword_pkey",
                                        "Startup Cost": 0.0,
                                        "Total Cost": 0.43,
                                        "Plan Rows": 1,
                                        "Plan Width": 0,
                                        "Actual Startup Time": 0.002,
                                        "Actual Total Time": 0.002,
                                        "Actual Rows": 1,
                                        "Actual Loops": 385,
                                        "Index Cond": "(k.id = mk.keyword_id)"
                                    }
                                ]
                            }
                        ]
                    },
                    {
                        "Node Type": "Bitmap Heap Scan",
                        "Parent Relationship": "Inner",
                        "Parallel Aware": false,
                        "Relation Name": "name",
                        "Schema": "public",
                        "Alias": "n",
                        "Startup Cost": 0.5,
                        "Total Cost": 4.52,
                        "Plan Rows": 1,
                        "Plan Width": 19,
                        "Actual Startup Time": 0.007,
                        "Actual Total Time": 0.007,
                        "Actual Rows": 0,
                        "Actual Loops": 11,
                        "Output": [
                            "n.id",
                            "n.name",
                            "n.imdb_index",
                            "n.imdb_id",
                            "n.gender",
                            "n.name_pcode_cf",
                            "n.name_pcode_nf",
                            "n.surname_pcode",
                            "n.md5sum"
                        ],
                        "Recheck Cond": "(n.id = an.person_id)",
                        "Rows Removed by Index Recheck": 0,
                        "Filter": "((n.name ~~ '%An%'::text) AND ((n.gender)::text = 'f'::text))",
                        "Rows Removed by Filter": 1,
                        "Exact Heap Blocks": 11,
                        "Lossy Heap Blocks": 0,
                        "Plans": [
                            {
                                "Node Type": "Bitmap Index Scan",
                                "Parent Relationship": "Outer",
                                "Parallel Aware": false,
                                "Index Name": "name_pkey",
                                "Startup Cost": 0.0,
                                "Total Cost": 0.5,
                                "Plan Rows": 1,
                                "Plan Width": 0,
                                "Actual Startup Time": 0.005,
                                "Actual Total Time": 0.005,
                                "Actual Rows": 1,
                                "Actual Loops": 11,
                                "Index Cond": "(n.id = an.person_id)"
                            }
                        ]
                    }
                ]
            }
        ]
    },
    "Planning Time": 63.067,
    "Triggers": [],
    "Execution Time": 58293.485
}