[
  {
    "Plan": {
      "Node Type": "Aggregate",
      "Strategy": "Plain",
      "Partial Mode": "Finalize",
      "Parallel Aware": false,
      "Startup Cost": 98149.23,
      "Total Cost": 98149.24,
      "Plan Rows": 1,
      "Plan Width": 8,
      "Actual Startup Time": 500.504,
      "Actual Total Time": 516.201,
      "Actual Rows": 1,
      "Actual Loops": 1,
      "Plans": [
        {
          "Node Type": "Gather",
          "Parent Relationship": "Outer",
          "Parallel Aware": false,
          "Startup Cost": 98149.02,
          "Total Cost": 98149.23,
          "Plan Rows": 2,
          "Plan Width": 8,
          "Actual Startup Time": 496.828,
          "Actual Total Time": 516.19,
          "Actual Rows": 3,
          "Actual Loops": 1,
          "Workers Planned": 2,
          "Workers Launched": 2,
          "Single Copy": false,
          "Plans": [
            {
              "Node Type": "Aggregate",
              "Strategy": "Plain",
              "Partial Mode": "Partial",
              "Parent Relationship": "Outer",
              "Parallel Aware": false,
              "Startup Cost": 97149.02,
              "Total Cost": 97149.03,
              "Plan Rows": 1,
              "Plan Width": 8,
              "Actual Startup Time": 486.746,
              "Actual Total Time": 486.986,
              "Actual Rows": 1,
              "Actual Loops": 3,
              "Plans": [
                {
                  "Node Type": "Hash Join",
                  "Parent Relationship": "Outer",
                  "Parallel Aware": true,
                  "Join Type": "Inner",
                  "Startup Cost": 81007.0,
                  "Total Cost": 97017.79,
                  "Plan Rows": 52493,
                  "Plan Width": 0,
                  "Actual Startup Time": 387.498,
                  "Actual Total Time": 483.871,
                  "Actual Rows": 68288,
                  "Actual Loops": 3,
                  "Inner Unique": false,
                  "Hash Cond": "(mi_idx.movie_id = t.id)",
                  "Plans": [
                    {
                      "Node Type": "Seq Scan",
                      "Parent Relationship": "Outer",
                      "Parallel Aware": true,
                      "Relation Name": "movie_info_idx",
                      "Alias": "mi_idx",
                      "Startup Cost": 0.0,
                      "Total Cost": 13685.15,
                      "Plan Rows": 575015,
                      "Plan Width": 4,
                      "Actual Startup Time": 0.031,
                      "Actual Total Time": 38.313,
                      "Actual Rows": 460012,
                      "Actual Loops": 3
                    },
                    {
                      "Node Type": "Hash",
                      "Parent Relationship": "Inner",
                      "Parallel Aware": true,
                      "Startup Cost": 80076.33,
                      "Total Cost": 80076.33,
                      "Plan Rows": 74454,
                      "Plan Width": 8,
                      "Actual Startup Time": 384.592,
                      "Actual Total Time": 384.83,
                      "Actual Rows": 60103,
                      "Actual Loops": 3,
                      "Hash Buckets": 262144,
                      "Original Hash Buckets": 262144,
                      "Hash Batches": 1,
                      "Original Hash Batches": 1,
                      "Peak Memory Usage": 9152,
                      "Plans": [
                        {
                          "Node Type": "Hash Join",
                          "Parent Relationship": "Outer",
                          "Parallel Aware": true,
                          "Join Type": "Inner",
                          "Startup Cost": 48064.17,
                          "Total Cost": 80076.33,
                          "Plan Rows": 74454,
                          "Plan Width": 8,
                          "Actual Startup Time": 270.212,
                          "Actual Total Time": 365.73,
                          "Actual Rows": 60103,
                          "Actual Loops": 3,
                          "Inner Unique": true,
                          "Hash Cond": "(mc.movie_id = t.id)",
                          "Plans": [
                            {
                              "Node Type": "Seq Scan",
                              "Parent Relationship": "Outer",
                              "Parallel Aware": true,
                              "Relation Name": "movie_companies",
                              "Alias": "mc",
                              "Startup Cost": 0.0,
                              "Total Cost": 31414.82,
                              "Plan Rows": 227557,
                              "Plan Width": 4,
                              "Actual Startup Time": 41.403,
                              "Actual Total Time": 86.235,
                              "Actual Rows": 149314,
                              "Actual Loops": 3,
                              "Filter": "((company_id < 11991) AND (company_type_id > 1))",
                              "Rows Removed by Filter": 720396
                            },
                            {
                              "Node Type": "Hash",
                              "Parent Relationship": "Inner",
                              "Parallel Aware": true,
                              "Startup Cost": 45479.1,
                              "Total Cost": 45479.1,
                              "Plan Rows": 206806,
                              "Plan Width": 4,
                              "Actual Startup Time": 224.002,
                              "Actual Total Time": 224.003,
                              "Actual Rows": 247440,
                              "Actual Loops": 3,
                              "Hash Buckets": 1048576,
                              "Original Hash Buckets": 1048576,
                              "Hash Batches": 1,
                              "Original Hash Batches": 1,
                              "Peak Memory Usage": 37280,
                              "Plans": [
                                {
                                  "Node Type": "Seq Scan",
                                  "Parent Relationship": "Outer",
                                  "Parallel Aware": true,
                                  "Relation Name": "title",
                                  "Alias": "t",
                                  "Startup Cost": 0.0,
                                  "Total Cost": 45479.1,
                                  "Plan Rows": 206806,
                                  "Plan Width": 4,
                                  "Actual Startup Time": 0.04,
                                  "Actual Total Time": 135.275,
                                  "Actual Rows": 247440,
                                  "Actual Loops": 3,
                                  "Filter": "((kind_id > 1) AND (production_year < 2002))",
                                  "Rows Removed by Filter": 595331
                                }
                              ]
                            }
                          ]
                        }
                      ]
                    }
                  ]
                }
              ]
            }
          ]
        }
      ]
    },
    "Planning Time": 1.48,
    "Triggers": [],
    "Execution Time": 516.285
  }
]