{
    "Plan": {
        "Node Type": "Aggregate",
        "Strategy": "Plain",
        "Partial Mode": "Simple",
        "Parallel Aware": false,
        "Startup Cost": 10000339128.0,
        "Total Cost": 10000339128.01,
        "Plan Rows": 1,
        "Plan Width": 8,
        "Actual Startup Time": 4836.878,
        "Actual Total Time": 4836.881,
        "Actual Rows": 1,
        "Actual Loops": 1,
        "Output": [
            "count(*)"
        ],
        "Plans": [
            {
                "Node Type": "Hash Join",
                "Parent Relationship": "Outer",
                "Parallel Aware": false,
                "Join Type": "Inner",
                "Startup Cost": 10000236283.94,
                "Total Cost": 10000328008.85,
                "Plan Rows": 4447662,
                "Plan Width": 0,
                "Actual Startup Time": 3307.773,
                "Actual Total Time": 4611.087,
                "Actual Rows": 4448933,
                "Actual Loops": 1,
                "Inner Unique": true,
                "Hash Cond": "(mk.movie_id = t.id)",
                "Plans": [
                    {
                        "Node Type": "Bitmap Heap Scan",
                        "Parent Relationship": "Outer",
                        "Parallel Aware": false,
                        "Relation Name": "movie_keyword",
                        "Schema": "public",
                        "Alias": "mk",
                        "Startup Cost": 94337.81,
                        "Total Cost": 174387.59,
                        "Plan Rows": 4447662,
                        "Plan Width": 4,
                        "Actual Startup Time": 390.836,
                        "Actual Total Time": 852.296,
                        "Actual Rows": 4448933,
                        "Actual Loops": 1,
                        "Output": [
                            "mk.id",
                            "mk.movie_id",
                            "mk.keyword_id"
                        ],
                        "Recheck Cond": "(mk.keyword_id > 68)",
                        "Rows Removed by Index Recheck": 0,
                        "Exact Heap Blocks": 24452,
                        "Lossy Heap Blocks": 0,
                        "Plans": [
                            {
                                "Node Type": "Bitmap Index Scan",
                                "Parent Relationship": "Outer",
                                "Parallel Aware": false,
                                "Index Name": "keyword_id_movie_keyword",
                                "Startup Cost": 0.0,
                                "Total Cost": 93225.9,
                                "Plan Rows": 4447662,
                                "Plan Width": 0,
                                "Actual Startup Time": 385.937,
                                "Actual Total Time": 385.938,
                                "Actual Rows": 4448933,
                                "Actual Loops": 1,
                                "Index Cond": "(mk.keyword_id > 68)"
                            }
                        ]
                    },
                    {
                        "Node Type": "Hash",
                        "Parent Relationship": "Inner",
                        "Parallel Aware": false,
                        "Startup Cost": 10000110342.1,
                        "Total Cost": 10000110342.1,
                        "Plan Rows": 2528322,
                        "Plan Width": 4,
                        "Actual Startup Time": 2892.618,
                        "Actual Total Time": 2892.618,
                        "Actual Rows": 2528312,
                        "Actual Loops": 1,
                        "Output": [
                            "t.id"
                        ],
                        "Hash Buckets": 4194304,
                        "Original Hash Buckets": 4194304,
                        "Hash Batches": 1,
                        "Original Hash Batches": 1,
                        "Peak Memory Usage": 121654,
                        "Plans": [
                            {
                                "Node Type": "Index Scan",
                                "Parent Relationship": "Outer",
                                "Parallel Aware": false,
                                "Scan Direction": "Forward",
                                "Index Name": "title_pkey",
                                "Relation Name": "title",
                                "Schema": "public",
                                "Alias": "t",
                                "Startup Cost": 10000000000.43,
                                "Total Cost": 10000110342.1,
                                "Plan Rows": 2528322,
                                "Plan Width": 4,
                                "Actual Startup Time": 0.041,
                                "Actual Total Time": 1977.014,
                                "Actual Rows": 2528312,
                                "Actual Loops": 1,
                                "Output": [
                                    "t.id"
                                ]
                            }
                        ]
                    }
                ]
            }
        ]
    },
    "Planning Time": 2.29,
    "Triggers": [],
    "Execution Time": 4840.22
}