{
  "Plan": {
    "Node Type": "Aggregate",
    "Strategy": "Plain",
    "Partial Mode": "Finalize",
    "Parallel Aware": false,
    "Startup Cost": 139909.23,
    "Total Cost": 139909.24,
    "Plan Rows": 1,
    "Plan Width": 8,
    "Actual Startup Time": 386.769,
    "Actual Total Time": 407.751,
    "Actual Rows": 1,
    "Actual Loops": 1,
    "Plans": [
      {
        "Node Type": "Gather",
        "Parent Relationship": "Outer",
        "Parallel Aware": false,
        "Startup Cost": 139909.12,
        "Total Cost": 139909.23,
        "Plan Rows": 1,
        "Plan Width": 8,
        "Actual Startup Time": 386.357,
        "Actual Total Time": 407.743,
        "Actual Rows": 2,
        "Actual Loops": 1,
        "Workers Planned": 1,
        "Workers Launched": 1,
        "Single Copy": false,
        "Plans": [
          {
            "Node Type": "Aggregate",
            "Strategy": "Plain",
            "Partial Mode": "Partial",
            "Parent Relationship": "Outer",
            "Parallel Aware": false,
            "Startup Cost": 138909.12,
            "Total Cost": 138909.13,
            "Plan Rows": 1,
            "Plan Width": 8,
            "Actual Startup Time": 380.386,
            "Actual Total Time": 380.39,
            "Actual Rows": 1,
            "Actual Loops": 2,
            "Plans": [
              {
                "Node Type": "Nested Loop",
                "Parent Relationship": "Outer",
                "Parallel Aware": false,
                "Join Type": "Inner",
                "Startup Cost": 58867.23,
                "Total Cost": 138762.4,
                "Plan Rows": 58689,
                "Plan Width": 0,
                "Actual Startup Time": 183.334,
                "Actual Total Time": 379.223,
                "Actual Rows": 18534,
                "Actual Loops": 2,
                "Inner Unique": false,
                "Join Filter": "(t.id = mi.movie_id)",
                "Rows Removed by Join Filter": 0,
                "Plans": [
                  {
                    "Node Type": "Hash Join",
                    "Parent Relationship": "Outer",
                    "Parallel Aware": true,
                    "Join Type": "Inner",
                    "Startup Cost": 58866.79,
                    "Total Cost": 98203.99,
                    "Plan Rows": 15644,
                    "Plan Width": 8,
                    "Actual Startup Time": 183.254,
                    "Actual Total Time": 339.153,
                    "Actual Rows": 3944,
                    "Actual Loops": 2,
                    "Inner Unique": true,
                    "Hash Cond": "(mc.movie_id = t.id)",
                    "Plans": [
                      {
                        "Node Type": "Seq Scan",
                        "Parent Relationship": "Outer",
                        "Parallel Aware": true,
                        "Relation Name": "movie_companies",
                        "Alias": "mc",
                        "Startup Cost": 0.0,
                        "Total Cost": 37974.77,
                        "Plan Rows": 519018,
                        "Plan Width": 4,
                        "Actual Startup Time": 18.021,
                        "Actual Total Time": 117.341,
                        "Actual Rows": 447912,
                        "Actual Loops": 2,
                        "Filter": "(company_id > 21641)",
                        "Rows Removed by Filter": 856652
                      },
                      {
                        "Node Type": "Hash",
                        "Parent Relationship": "Inner",
                        "Parallel Aware": true,
                        "Startup Cost": 58306.47,
                        "Total Cost": 58306.47,
                        "Plan Rows": 44826,
                        "Plan Width": 4,
                        "Actual Startup Time": 162.452,
                        "Actual Total Time": 162.453,
                        "Actual Rows": 42253,
                        "Actual Loops": 2,
                        "Hash Buckets": 131072,
                        "Original Hash Buckets": 131072,
                        "Hash Batches": 1,
                        "Original Hash Batches": 1,
                        "Peak Memory Usage": 4384,
                        "Plans": [
                          {
                            "Node Type": "Seq Scan",
                            "Parent Relationship": "Outer",
                            "Parallel Aware": true,
                            "Relation Name": "title",
                            "Alias": "t",
                            "Startup Cost": 0.0,
                            "Total Cost": 58306.47,
                            "Plan Rows": 44826,
                            "Plan Width": 4,
                            "Actual Startup Time": 0.06,
                            "Actual Total Time": 149.721,
                            "Actual Rows": 42253,
                            "Actual Loops": 2,
                            "Filter": "((kind_id > 4) AND (production_year = 2007))",
                            "Rows Removed by Filter": 1221903
                          }
                        ]
                      }
                    ]
                  },
                  {
                    "Node Type": "Index Scan",
                    "Parent Relationship": "Inner",
                    "Parallel Aware": false,
                    "Scan Direction": "Forward",
                    "Index Name": "movie_id_movie_info",
                    "Relation Name": "movie_info",
                    "Alias": "mi",
                    "Startup Cost": 0.43,
                    "Total Cost": 2.26,
                    "Plan Rows": 27,
                    "Plan Width": 4,
                    "Actual Startup Time": 0.004,
                    "Actual Total Time": 0.009,
                    "Actual Rows": 5,
                    "Actual Loops": 7888,
                    "Index Cond": "(movie_id = mc.movie_id)",
                    "Rows Removed by Index Recheck": 0,
                    "Filter": "(info_type_id < 16)",
                    "Rows Removed by Filter": 4
                  }
                ]
              }
            ]
          }
        ]
      }
    ]
  },
  "Planning Time": 0.991,
  "Triggers": [],
  "Execution Time": 407.837
}