[
  {
    "Plan": {
      "Node Type": "Aggregate",
      "Strategy": "Plain",
      "Partial Mode": "Finalize",
      "Parallel Aware": false,
      "Startup Cost": 23676.23,
      "Total Cost": 23676.24,
      "Plan Rows": 1,
      "Plan Width": 8,
      "Actual Startup Time": 27.623,
      "Actual Total Time": 31.441,
      "Actual Rows": 1,
      "Actual Loops": 1,
      "Plans": [
        {
          "Node Type": "Gather",
          "Parent Relationship": "Outer",
          "Parallel Aware": false,
          "Startup Cost": 23676.02,
          "Total Cost": 23676.23,
          "Plan Rows": 2,
          "Plan Width": 8,
          "Actual Startup Time": 27.009,
          "Actual Total Time": 31.429,
          "Actual Rows": 3,
          "Actual Loops": 1,
          "Workers Planned": 2,
          "Workers Launched": 2,
          "Single Copy": false,
          "Plans": [
            {
              "Node Type": "Aggregate",
              "Strategy": "Plain",
              "Partial Mode": "Partial",
              "Parent Relationship": "Outer",
              "Parallel Aware": false,
              "Startup Cost": 22676.02,
              "Total Cost": 22676.03,
              "Plan Rows": 1,
              "Plan Width": 8,
              "Actual Startup Time": 18.824,
              "Actual Total Time": 18.827,
              "Actual Rows": 1,
              "Actual Loops": 3,
              "Plans": [
                {
                  "Node Type": "Nested Loop",
                  "Parent Relationship": "Outer",
                  "Parallel Aware": false,
                  "Join Type": "Inner",
                  "Startup Cost": 123.75,
                  "Total Cost": 22673.91,
                  "Plan Rows": 845,
                  "Plan Width": 0,
                  "Actual Startup Time": 4.154,
                  "Actual Total Time": 18.809,
                  "Actual Rows": 41,
                  "Actual Loops": 3,
                  "Inner Unique": false,
                  "Plans": [
                    {
                      "Node Type": "Nested Loop",
                      "Parent Relationship": "Outer",
                      "Parallel Aware": false,
                      "Join Type": "Inner",
                      "Startup Cost": 123.31,
                      "Total Cost": 21300.85,
                      "Plan Rows": 716,
                      "Plan Width": 8,
                      "Actual Startup Time": 3.927,
                      "Actual Total Time": 17.882,
                      "Actual Rows": 27,
                      "Actual Loops": 3,
                      "Inner Unique": true,
                      "Plans": [
                        {
                          "Node Type": "Bitmap Heap Scan",
                          "Parent Relationship": "Outer",
                          "Parallel Aware": true,
                          "Relation Name": "movie_companies",
                          "Alias": "mc",
                          "Startup Cost": 122.88,
                          "Total Cost": 12162.1,
                          "Plan Rows": 1178,
                          "Plan Width": 4,
                          "Actual Startup Time": 3.154,
                          "Actual Total Time": 6.079,
                          "Actual Rows": 808,
                          "Actual Loops": 3,
                          "Recheck Cond": "(company_id = 73)",
                          "Rows Removed by Index Recheck": 0,
                          "Filter": "(company_type_id = 2)",
                          "Rows Removed by Filter": 1085,
                          "Exact Heap Blocks": 2316,
                          "Lossy Heap Blocks": 0,
                          "Plans": [
                            {
                              "Node Type": "Bitmap Index Scan",
                              "Parent Relationship": "Outer",
                              "Parallel Aware": false,
                              "Index Name": "company_id_movie_companies",
                              "Startup Cost": 0.0,
                              "Total Cost": 122.18,
                              "Plan Rows": 5566,
                              "Plan Width": 0,
                              "Actual Startup Time": 2.715,
                              "Actual Total Time": 2.716,
                              "Actual Rows": 5677,
                              "Actual Loops": 1,
                              "Index Cond": "(company_id = 73)"
                            }
                          ]
                        },
                        {
                          "Node Type": "Index Scan",
                          "Parent Relationship": "Inner",
                          "Parallel Aware": false,
                          "Scan Direction": "Forward",
                          "Index Name": "title_pkey",
                          "Relation Name": "title",
                          "Alias": "t",
                          "Startup Cost": 0.43,
                          "Total Cost": 7.76,
                          "Plan Rows": 1,
                          "Plan Width": 4,
                          "Actual Startup Time": 0.014,
                          "Actual Total Time": 0.014,
                          "Actual Rows": 0,
                          "Actual Loops": 2423,
                          "Index Cond": "(id = mc.movie_id)",
                          "Rows Removed by Index Recheck": 0,
                          "Filter": "(kind_id = 7)",
                          "Rows Removed by Filter": 1
                        }
                      ]
                    },
                    {
                      "Node Type": "Index Scan",
                      "Parent Relationship": "Inner",
                      "Parallel Aware": false,
                      "Scan Direction": "Forward",
                      "Index Name": "movie_id_movie_info",
                      "Relation Name": "movie_info",
                      "Alias": "mi",
                      "Startup Cost": 0.43,
                      "Total Cost": 1.84,
                      "Plan Rows": 8,
                      "Plan Width": 4,
                      "Actual Startup Time": 0.022,
                      "Actual Total Time": 0.033,
                      "Actual Rows": 2,
                      "Actual Loops": 81,
                      "Index Cond": "(movie_id = t.id)",
                      "Rows Removed by Index Recheck": 0,
                      "Filter": "(info_type_id = 16)",
                      "Rows Removed by Filter": 7
                    }
                  ]
                }
              ]
            }
          ]
        }
      ]
    },
    "Planning Time": 1.481,
    "Triggers": [],
    "Execution Time": 31.543
  }
]