[
  {
    "Plan": {
      "Node Type": "Aggregate",
      "Strategy": "Plain",
      "Partial Mode": "Finalize",
      "Parallel Aware": false,
      "Startup Cost": 39243.26,
      "Total Cost": 39243.27,
      "Plan Rows": 1,
      "Plan Width": 8,
      "Actual Startup Time": 66.128,
      "Actual Total Time": 75.639,
      "Actual Rows": 1,
      "Actual Loops": 1,
      "Plans": [
        {
          "Node Type": "Gather",
          "Parent Relationship": "Outer",
          "Parallel Aware": false,
          "Startup Cost": 39242.94,
          "Total Cost": 39243.25,
          "Plan Rows": 3,
          "Plan Width": 8,
          "Actual Startup Time": 65.915,
          "Actual Total Time": 75.631,
          "Actual Rows": 4,
          "Actual Loops": 1,
          "Workers Planned": 3,
          "Workers Launched": 3,
          "Single Copy": false,
          "Plans": [
            {
              "Node Type": "Aggregate",
              "Strategy": "Plain",
              "Partial Mode": "Partial",
              "Parent Relationship": "Outer",
              "Parallel Aware": false,
              "Startup Cost": 38242.94,
              "Total Cost": 38242.95,
              "Plan Rows": 1,
              "Plan Width": 8,
              "Actual Startup Time": 55.964,
              "Actual Total Time": 55.966,
              "Actual Rows": 1,
              "Actual Loops": 4,
              "Plans": [
                {
                  "Node Type": "Nested Loop",
                  "Parent Relationship": "Outer",
                  "Parallel Aware": false,
                  "Join Type": "Inner",
                  "Startup Cost": 308.69,
                  "Total Cost": 38235.08,
                  "Plan Rows": 3145,
                  "Plan Width": 0,
                  "Actual Startup Time": 3.968,
                  "Actual Total Time": 55.813,
                  "Actual Rows": 1092,
                  "Actual Loops": 4,
                  "Inner Unique": false,
                  "Plans": [
                    {
                      "Node Type": "Nested Loop",
                      "Parent Relationship": "Outer",
                      "Parallel Aware": false,
                      "Join Type": "Inner",
                      "Startup Cost": 308.26,
                      "Total Cost": 34287.39,
                      "Plan Rows": 2237,
                      "Plan Width": 8,
                      "Actual Startup Time": 2.795,
                      "Actual Total Time": 35.709,
                      "Actual Rows": 3237,
                      "Actual Loops": 4,
                      "Inner Unique": true,
                      "Plans": [
                        {
                          "Node Type": "Bitmap Heap Scan",
                          "Parent Relationship": "Outer",
                          "Parallel Aware": true,
                          "Relation Name": "movie_companies",
                          "Alias": "mc",
                          "Startup Cost": 307.83,
                          "Total Cost": 18663.26,
                          "Plan Rows": 2237,
                          "Plan Width": 4,
                          "Actual Startup Time": 2.558,
                          "Actual Total Time": 9.398,
                          "Actual Rows": 3237,
                          "Actual Loops": 4,
                          "Recheck Cond": "(company_id = 11137)",
                          "Rows Removed by Index Recheck": 0,
                          "Filter": "(company_type_id < 2)",
                          "Rows Removed by Filter": 0,
                          "Exact Heap Blocks": 2008,
                          "Lossy Heap Blocks": 0,
                          "Plans": [
                            {
                              "Node Type": "Bitmap Index Scan",
                              "Parent Relationship": "Outer",
                              "Parallel Aware": false,
                              "Index Name": "company_id_movie_companies",
                              "Startup Cost": 0.0,
                              "Total Cost": 306.1,
                              "Plan Rows": 14089,
                              "Plan Width": 0,
                              "Actual Startup Time": 8.234,
                              "Actual Total Time": 8.234,
                              "Actual Rows": 12948,
                              "Actual Loops": 1,
                              "Index Cond": "(company_id = 11137)"
                            }
                          ]
                        },
                        {
                          "Node Type": "Index Only Scan",
                          "Parent Relationship": "Inner",
                          "Parallel Aware": false,
                          "Scan Direction": "Forward",
                          "Index Name": "title_pkey",
                          "Relation Name": "title",
                          "Alias": "t",
                          "Startup Cost": 0.43,
                          "Total Cost": 6.98,
                          "Plan Rows": 1,
                          "Plan Width": 4,
                          "Actual Startup Time": 0.007,
                          "Actual Total Time": 0.007,
                          "Actual Rows": 1,
                          "Actual Loops": 12948,
                          "Index Cond": "(id = mc.movie_id)",
                          "Rows Removed by Index Recheck": 0,
                          "Heap Fetches": 12948
                        }
                      ]
                    },
                    {
                      "Node Type": "Index Scan",
                      "Parent Relationship": "Inner",
                      "Parallel Aware": false,
                      "Scan Direction": "Forward",
                      "Index Name": "movie_id_movie_keyword",
                      "Relation Name": "movie_keyword",
                      "Alias": "mk",
                      "Startup Cost": 0.43,
                      "Total Cost": 1.4,
                      "Plan Rows": 36,
                      "Plan Width": 4,
                      "Actual Startup Time": 0.006,
                      "Actual Total Time": 0.006,
                      "Actual Rows": 0,
                      "Actual Loops": 12948,
                      "Index Cond": "(movie_id = t.id)",
                      "Rows Removed by Index Recheck": 0,
                      "Filter": "(keyword_id < 19735)",
                      "Rows Removed by Filter": 0
                    }
                  ]
                }
              ]
            }
          ]
        }
      ]
    },
    "Planning Time": 1.514,
    "Triggers": [],
    "Execution Time": 75.737
  }
]