[
  {
    "Plan": {
      "Node Type": "Aggregate",
      "Strategy": "Plain",
      "Partial Mode": "Finalize",
      "Parallel Aware": false,
      "Startup Cost": 44844.5,
      "Total Cost": 44844.51,
      "Plan Rows": 1,
      "Plan Width": 8,
      "Actual Startup Time": 145.62,
      "Actual Total Time": 155.307,
      "Actual Rows": 1,
      "Actual Loops": 1,
      "Plans": [
        {
          "Node Type": "Gather",
          "Parent Relationship": "Outer",
          "Parallel Aware": false,
          "Startup Cost": 44844.19,
          "Total Cost": 44844.5,
          "Plan Rows": 3,
          "Plan Width": 8,
          "Actual Startup Time": 145.445,
          "Actual Total Time": 155.289,
          "Actual Rows": 4,
          "Actual Loops": 1,
          "Workers Planned": 3,
          "Workers Launched": 3,
          "Single Copy": false,
          "Plans": [
            {
              "Node Type": "Aggregate",
              "Strategy": "Plain",
              "Partial Mode": "Partial",
              "Parent Relationship": "Outer",
              "Parallel Aware": false,
              "Startup Cost": 43844.19,
              "Total Cost": 43844.2,
              "Plan Rows": 1,
              "Plan Width": 8,
              "Actual Startup Time": 137.817,
              "Actual Total Time": 137.819,
              "Actual Rows": 1,
              "Actual Loops": 4,
              "Plans": [
                {
                  "Node Type": "Seq Scan",
                  "Parent Relationship": "Outer",
                  "Parallel Aware": true,
                  "Relation Name": "movie_keyword",
                  "Alias": "mk",
                  "Startup Cost": 0.0,
                  "Total Cost": 42695.65,
                  "Plan Rows": 459413,
                  "Plan Width": 0,
                  "Actual Startup Time": 1.68,
                  "Actual Total Time": 118.203,
                  "Actual Rows": 354511,
                  "Actual Loops": 4,
                  "Filter": "(keyword_id > 11768)",
                  "Rows Removed by Filter": 776471
                }
              ]
            }
          ]
        }
      ]
    },
    "Planning Time": 0.199,
    "Triggers": [],
    "Execution Time": 155.367
  }
]