{
  "Plan": {
    "Node Type": "Aggregate",
    "Strategy": "Plain",
    "Partial Mode": "Finalize",
    "Parallel Aware": false,
    "Startup Cost": 2274314.9,
    "Total Cost": 2274314.91,
    "Plan Rows": 1,
    "Plan Width": 8,
    "Actual Startup Time": 53194.035,
    "Actual Total Time": 53452.688,
    "Actual Rows": 1,
    "Actual Loops": 1,
    "Plans": [
      {
        "Node Type": "Gather",
        "Parent Relationship": "Outer",
        "Parallel Aware": false,
        "Startup Cost": 2274314.79,
        "Total Cost": 2274314.9,
        "Plan Rows": 1,
        "Plan Width": 8,
        "Actual Startup Time": 53137.555,
        "Actual Total Time": 53452.664,
        "Actual Rows": 2,
        "Actual Loops": 1,
        "Workers Planned": 1,
        "Workers Launched": 1,
        "Single Copy": false,
        "Plans": [
          {
            "Node Type": "Aggregate",
            "Strategy": "Plain",
            "Partial Mode": "Partial",
            "Parent Relationship": "Outer",
            "Parallel Aware": false,
            "Startup Cost": 2273314.79,
            "Total Cost": 2273314.8,
            "Plan Rows": 1,
            "Plan Width": 8,
            "Actual Startup Time": 53097.408,
            "Actual Total Time": 53104.354,
            "Actual Rows": 1,
            "Actual Loops": 2,
            "Plans": [
              {
                "Node Type": "Hash Join",
                "Parent Relationship": "Outer",
                "Parallel Aware": true,
                "Join Type": "Inner",
                "Startup Cost": 873289.91,
                "Total Cost": 1998096.15,
                "Plan Rows": 110087458,
                "Plan Width": 0,
                "Actual Startup Time": 15894.637,
                "Actual Total Time": 45283.067,
                "Actual Rows": 201810570,
                "Actual Loops": 2,
                "Inner Unique": false,
                "Hash Cond": "(mi.movie_id = t.id)",
                "Plans": [
                  {
                    "Node Type": "Seq Scan",
                    "Parent Relationship": "Outer",
                    "Parallel Aware": true,
                    "Relation Name": "movie_info",
                    "Alias": "mi",
                    "Startup Cost": 0.0,
                    "Total Cost": 248955.74,
                    "Plan Rows": 8696274,
                    "Plan Width": 4,
                    "Actual Startup Time": 0.019,
                    "Actual Total Time": 786.713,
                    "Actual Rows": 7417860,
                    "Actual Loops": 2
                  },
                  {
                    "Node Type": "Hash",
                    "Parent Relationship": "Inner",
                    "Parallel Aware": true,
                    "Startup Cost": 637951.32,
                    "Total Cost": 637951.32,
                    "Plan Rows": 18827087,
                    "Plan Width": 8,
                    "Actual Startup Time": 15788.694,
                    "Actual Total Time": 15795.637,
                    "Actual Rows": 15956518,
                    "Actual Loops": 2,
                    "Hash Buckets": 33554432,
                    "Original Hash Buckets": 33554432,
                    "Hash Batches": 1,
                    "Original Hash Batches": 1,
                    "Peak Memory Usage": 1510592,
                    "Plans": [
                      {
                        "Node Type": "Hash Join",
                        "Parent Relationship": "Outer",
                        "Parallel Aware": true,
                        "Join Type": "Inner",
                        "Startup Cost": 69460.7,
                        "Total Cost": 637951.32,
                        "Plan Rows": 18827087,
                        "Plan Width": 8,
                        "Actual Startup Time": 714.593,
                        "Actual Total Time": 10039.52,
                        "Actual Rows": 15956518,
                        "Actual Loops": 2,
                        "Inner Unique": true,
                        "Hash Cond": "(ci.movie_id = t.id)",
                        "Plans": [
                          {
                            "Node Type": "Seq Scan",
                            "Parent Relationship": "Outer",
                            "Parallel Aware": true,
                            "Relation Name": "cast_info",
                            "Alias": "ci",
                            "Startup Cost": 0.0,
                            "Total Cost": 519069.44,
                            "Plan Rows": 18827087,
                            "Plan Width": 4,
                            "Actual Startup Time": 118.965,
                            "Actual Total Time": 1906.403,
                            "Actual Rows": 15956518,
                            "Actual Loops": 2,
                            "Filter": "(person_id > 417817)",
                            "Rows Removed by Filter": 2165654
                          },
                          {
                            "Node Type": "Hash",
                            "Parent Relationship": "Inner",
                            "Parallel Aware": true,
                            "Startup Cost": 50870.31,
                            "Total Cost": 50870.31,
                            "Plan Rows": 1487231,
                            "Plan Width": 4,
                            "Actual Startup Time": 582.762,
                            "Actual Total Time": 582.764,
                            "Actual Rows": 1264156,
                            "Actual Loops": 2,
                            "Hash Buckets": 4194304,
                            "Original Hash Buckets": 4194304,
                            "Hash Batches": 1,
                            "Original Hash Batches": 1,
                            "Peak Memory Usage": 131712,
                            "Plans": [
                              {
                                "Node Type": "Seq Scan",
                                "Parent Relationship": "Outer",
                                "Parallel Aware": true,
                                "Relation Name": "title",
                                "Alias": "t",
                                "Startup Cost": 0.0,
                                "Total Cost": 50870.31,
                                "Plan Rows": 1487231,
                                "Plan Width": 4,
                                "Actual Startup Time": 0.062,
                                "Actual Total Time": 175.041,
                                "Actual Rows": 1264156,
                                "Actual Loops": 2
                              }
                            ]
                          }
                        ]
                      }
                    ]
                  }
                ]
              }
            ]
          }
        ]
      }
    ]
  },
  "Planning Time": 0.998,
  "Triggers": [],
  "Execution Time": 53452.835
}