[
  {
    "Plan": {
      "Node Type": "Aggregate",
      "Strategy": "Plain",
      "Partial Mode": "Simple",
      "Parallel Aware": false,
      "Startup Cost": 2011.35,
      "Total Cost": 2011.36,
      "Plan Rows": 1,
      "Plan Width": 8,
      "Actual Startup Time": 16.672,
      "Actual Total Time": 16.675,
      "Actual Rows": 1,
      "Actual Loops": 1,
      "Plans": [
        {
          "Node Type": "Nested Loop",
          "Parent Relationship": "Outer",
          "Parallel Aware": false,
          "Join Type": "Inner",
          "Startup Cost": 1.42,
          "Total Cost": 2011.11,
          "Plan Rows": 97,
          "Plan Width": 0,
          "Actual Startup Time": 15.764,
          "Actual Total Time": 16.607,
          "Actual Rows": 384,
          "Actual Loops": 1,
          "Inner Unique": false,
          "Plans": [
            {
              "Node Type": "Nested Loop",
              "Parent Relationship": "Outer",
              "Parallel Aware": false,
              "Join Type": "Inner",
              "Startup Cost": 0.99,
              "Total Cost": 1941.63,
              "Plan Rows": 113,
              "Plan Width": 8,
              "Actual Startup Time": 15.743,
              "Actual Total Time": 15.997,
              "Actual Rows": 24,
              "Actual Loops": 1,
              "Inner Unique": true,
              "Plans": [
                {
                  "Node Type": "Index Scan",
                  "Parent Relationship": "Outer",
                  "Parallel Aware": false,
                  "Scan Direction": "Forward",
                  "Index Name": "person_id_cast_info",
                  "Relation Name": "cast_info",
                  "Alias": "ci",
                  "Startup Cost": 0.56,
                  "Total Cost": 987.07,
                  "Plan Rows": 113,
                  "Plan Width": 4,
                  "Actual Startup Time": 15.714,
                  "Actual Total Time": 15.73,
                  "Actual Rows": 24,
                  "Actual Loops": 1,
                  "Index Cond": "(person_id = 2772075)",
                  "Rows Removed by Index Recheck": 0,
                  "Filter": "(role_id > 5)",
                  "Rows Removed by Filter": 1
                },
                {
                  "Node Type": "Index Only Scan",
                  "Parent Relationship": "Inner",
                  "Parallel Aware": false,
                  "Scan Direction": "Forward",
                  "Index Name": "title_pkey",
                  "Relation Name": "title",
                  "Alias": "t",
                  "Startup Cost": 0.43,
                  "Total Cost": 8.45,
                  "Plan Rows": 1,
                  "Plan Width": 4,
                  "Actual Startup Time": 0.01,
                  "Actual Total Time": 0.01,
                  "Actual Rows": 1,
                  "Actual Loops": 24,
                  "Index Cond": "(id = ci.movie_id)",
                  "Rows Removed by Index Recheck": 0,
                  "Heap Fetches": 24
                }
              ]
            },
            {
              "Node Type": "Index Scan",
              "Parent Relationship": "Inner",
              "Parallel Aware": false,
              "Scan Direction": "Forward",
              "Index Name": "movie_id_movie_companies",
              "Relation Name": "movie_companies",
              "Alias": "mc",
              "Startup Cost": 0.43,
              "Total Cost": 0.57,
              "Plan Rows": 4,
              "Plan Width": 4,
              "Actual Startup Time": 0.011,
              "Actual Total Time": 0.021,
              "Actual Rows": 16,
              "Actual Loops": 24,
              "Index Cond": "(movie_id = t.id)",
              "Rows Removed by Index Recheck": 0,
              "Filter": "(company_id > 312)",
              "Rows Removed by Filter": 1
            }
          ]
        }
      ]
    },
    "Planning Time": 0.858,
    "Triggers": [],
    "Execution Time": 16.722
  }
]