[
  {
    "Plan": {
      "Node Type": "Aggregate",
      "Strategy": "Plain",
      "Partial Mode": "Finalize",
      "Parallel Aware": false,
      "Startup Cost": 30142.92,
      "Total Cost": 30142.93,
      "Plan Rows": 1,
      "Plan Width": 8,
      "Actual Startup Time": 65.907,
      "Actual Total Time": 72.789,
      "Actual Rows": 1,
      "Actual Loops": 1,
      "Plans": [
        {
          "Node Type": "Gather",
          "Parent Relationship": "Outer",
          "Parallel Aware": false,
          "Startup Cost": 30142.6,
          "Total Cost": 30142.91,
          "Plan Rows": 3,
          "Plan Width": 8,
          "Actual Startup Time": 65.653,
          "Actual Total Time": 72.783,
          "Actual Rows": 4,
          "Actual Loops": 1,
          "Workers Planned": 3,
          "Workers Launched": 3,
          "Single Copy": false,
          "Plans": [
            {
              "Node Type": "Aggregate",
              "Strategy": "Plain",
              "Partial Mode": "Partial",
              "Parent Relationship": "Outer",
              "Parallel Aware": false,
              "Startup Cost": 29142.6,
              "Total Cost": 29142.61,
              "Plan Rows": 1,
              "Plan Width": 8,
              "Actual Startup Time": 59.536,
              "Actual Total Time": 59.538,
              "Actual Rows": 1,
              "Actual Loops": 4,
              "Plans": [
                {
                  "Node Type": "Bitmap Heap Scan",
                  "Parent Relationship": "Outer",
                  "Parallel Aware": true,
                  "Relation Name": "movie_keyword",
                  "Alias": "mk",
                  "Startup Cost": 3818.32,
                  "Total Cost": 28997.55,
                  "Plan Rows": 58018,
                  "Plan Width": 0,
                  "Actual Startup Time": 9.085,
                  "Actual Total Time": 56.574,
                  "Actual Rows": 45046,
                  "Actual Loops": 4,
                  "Recheck Cond": "(keyword_id < 132)",
                  "Rows Removed by Index Recheck": 0,
                  "Exact Heap Blocks": 13149,
                  "Lossy Heap Blocks": 0,
                  "Plans": [
                    {
                      "Node Type": "Bitmap Index Scan",
                      "Parent Relationship": "Outer",
                      "Parallel Aware": false,
                      "Index Name": "keyword_id_movie_keyword",
                      "Startup Cost": 0.0,
                      "Total Cost": 3773.36,
                      "Plan Rows": 179857,
                      "Plan Width": 0,
                      "Actual Startup Time": 11.176,
                      "Actual Total Time": 11.176,
                      "Actual Rows": 180184,
                      "Actual Loops": 1,
                      "Index Cond": "(keyword_id < 132)"
                    }
                  ]
                }
              ]
            }
          ]
        }
      ]
    },
    "Planning Time": 0.152,
    "Triggers": [],
    "Execution Time": 72.856
  }
]