[
  {
    "Plan": {
      "Node Type": "Aggregate",
      "Strategy": "Plain",
      "Partial Mode": "Finalize",
      "Parallel Aware": false,
      "Startup Cost": 118234.69,
      "Total Cost": 118234.7,
      "Plan Rows": 1,
      "Plan Width": 8,
      "Actual Startup Time": 562.573,
      "Actual Total Time": 582.983,
      "Actual Rows": 1,
      "Actual Loops": 1,
      "Plans": [
        {
          "Node Type": "Gather",
          "Parent Relationship": "Outer",
          "Parallel Aware": false,
          "Startup Cost": 118234.37,
          "Total Cost": 118234.68,
          "Plan Rows": 3,
          "Plan Width": 8,
          "Actual Startup Time": 555.996,
          "Actual Total Time": 582.972,
          "Actual Rows": 4,
          "Actual Loops": 1,
          "Workers Planned": 3,
          "Workers Launched": 3,
          "Single Copy": false,
          "Plans": [
            {
              "Node Type": "Aggregate",
              "Strategy": "Plain",
              "Partial Mode": "Partial",
              "Parent Relationship": "Outer",
              "Parallel Aware": false,
              "Startup Cost": 117234.37,
              "Total Cost": 117234.38,
              "Plan Rows": 1,
              "Plan Width": 8,
              "Actual Startup Time": 547.407,
              "Actual Total Time": 547.413,
              "Actual Rows": 1,
              "Actual Loops": 4,
              "Plans": [
                {
                  "Node Type": "Hash Join",
                  "Parent Relationship": "Outer",
                  "Parallel Aware": true,
                  "Join Type": "Inner",
                  "Startup Cost": 86420.64,
                  "Total Cost": 117037.47,
                  "Plan Rows": 78762,
                  "Plan Width": 0,
                  "Actual Startup Time": 418.779,
                  "Actual Total Time": 545.965,
                  "Actual Rows": 28940,
                  "Actual Loops": 4,
                  "Inner Unique": false,
                  "Hash Cond": "(mc.movie_id = t.id)",
                  "Plans": [
                    {
                      "Node Type": "Seq Scan",
                      "Parent Relationship": "Outer",
                      "Parallel Aware": true,
                      "Relation Name": "movie_companies",
                      "Alias": "mc",
                      "Startup Cost": 0.0,
                      "Total Cost": 27206.55,
                      "Plan Rows": 841655,
                      "Plan Width": 4,
                      "Actual Startup Time": 0.017,
                      "Actual Total Time": 65.779,
                      "Actual Rows": 652282,
                      "Actual Loops": 4
                    },
                    {
                      "Node Type": "Hash",
                      "Parent Relationship": "Inner",
                      "Parallel Aware": true,
                      "Startup Cost": 85466.58,
                      "Total Cost": 85466.58,
                      "Plan Rows": 76325,
                      "Plan Width": 8,
                      "Actual Startup Time": 407.255,
                      "Actual Total Time": 407.26,
                      "Actual Rows": 11657,
                      "Actual Loops": 4,
                      "Hash Buckets": 262144,
                      "Original Hash Buckets": 262144,
                      "Hash Batches": 1,
                      "Original Hash Batches": 1,
                      "Peak Memory Usage": 3936,
                      "Plans": [
                        {
                          "Node Type": "Hash Join",
                          "Parent Relationship": "Outer",
                          "Parallel Aware": true,
                          "Join Type": "Inner",
                          "Startup Cost": 58925.8,
                          "Total Cost": 85466.58,
                          "Plan Rows": 76325,
                          "Plan Width": 8,
                          "Actual Startup Time": 317.082,
                          "Actual Total Time": 401.509,
                          "Actual Rows": 11657,
                          "Actual Loops": 4,
                          "Inner Unique": true,
                          "Hash Cond": "(mk.movie_id = t.id)",
                          "Plans": [
                            {
                              "Node Type": "Bitmap Heap Scan",
                              "Parent Relationship": "Outer",
                              "Parallel Aware": true,
                              "Relation Name": "movie_keyword",
                              "Alias": "mk",
                              "Startup Cost": 9075.13,
                              "Total Cost": 35253.74,
                              "Plan Rows": 137969,
                              "Plan Width": 4,
                              "Actual Startup Time": 34.208,
                              "Actual Total Time": 88.841,
                              "Actual Rows": 105875,
                              "Actual Loops": 4,
                              "Recheck Cond": "(keyword_id > 41255)",
                              "Rows Removed by Index Recheck": 0,
                              "Exact Heap Blocks": 7590,
                              "Lossy Heap Blocks": 0,
                              "Plans": [
                                {
                                  "Node Type": "Bitmap Index Scan",
                                  "Parent Relationship": "Outer",
                                  "Parallel Aware": false,
                                  "Index Name": "keyword_id_movie_keyword",
                                  "Startup Cost": 0.0,
                                  "Total Cost": 8968.2,
                                  "Plan Rows": 427703,
                                  "Plan Width": 0,
                                  "Actual Startup Time": 30.932,
                                  "Actual Total Time": 30.932,
                                  "Actual Rows": 423501,
                                  "Actual Loops": 1,
                                  "Index Cond": "(keyword_id > 41255)"
                                }
                              ]
                            },
                            {
                              "Node Type": "Hash",
                              "Parent Relationship": "Inner",
                              "Parallel Aware": true,
                              "Startup Cost": 45479.59,
                              "Total Cost": 45479.59,
                              "Plan Rows": 349687,
                              "Plan Width": 4,
                              "Actual Startup Time": 276.691,
                              "Actual Total Time": 276.693,
                              "Actual Rows": 367878,
                              "Actual Loops": 4,
                              "Hash Buckets": 2097152,
                              "Original Hash Buckets": 2097152,
                              "Hash Batches": 1,
                              "Original Hash Batches": 1,
                              "Peak Memory Usage": 74016,
                              "Plans": [
                                {
                                  "Node Type": "Seq Scan",
                                  "Parent Relationship": "Outer",
                                  "Parallel Aware": true,
                                  "Relation Name": "title",
                                  "Alias": "t",
                                  "Startup Cost": 0.0,
                                  "Total Cost": 45479.59,
                                  "Plan Rows": 349687,
                                  "Plan Width": 4,
                                  "Actual Startup Time": 0.038,
                                  "Actual Total Time": 123.93,
                                  "Actual Rows": 367878,
                                  "Actual Loops": 4,
                                  "Filter": "((production_year > 1951) AND (kind_id = 7))",
                                  "Rows Removed by Filter": 264200
                                }
                              ]
                            }
                          ]
                        }
                      ]
                    }
                  ]
                }
              ]
            }
          ]
        }
      ]
    },
    "Planning Time": 1.302,
    "Triggers": [],
    "Execution Time": 583.104
  }
]