[
  {
    "Plan": {
      "Node Type": "Aggregate",
      "Strategy": "Plain",
      "Partial Mode": "Finalize",
      "Parallel Aware": false,
      "Startup Cost": 92398.93,
      "Total Cost": 92398.94,
      "Plan Rows": 1,
      "Plan Width": 8,
      "Actual Startup Time": 551.127,
      "Actual Total Time": 567.42,
      "Actual Rows": 1,
      "Actual Loops": 1,
      "Plans": [
        {
          "Node Type": "Gather",
          "Parent Relationship": "Outer",
          "Parallel Aware": false,
          "Startup Cost": 92398.61,
          "Total Cost": 92398.92,
          "Plan Rows": 3,
          "Plan Width": 8,
          "Actual Startup Time": 543.729,
          "Actual Total Time": 567.41,
          "Actual Rows": 4,
          "Actual Loops": 1,
          "Workers Planned": 3,
          "Workers Launched": 3,
          "Single Copy": false,
          "Plans": [
            {
              "Node Type": "Aggregate",
              "Strategy": "Plain",
              "Partial Mode": "Partial",
              "Parent Relationship": "Outer",
              "Parallel Aware": false,
              "Startup Cost": 91398.61,
              "Total Cost": 91398.62,
              "Plan Rows": 1,
              "Plan Width": 8,
              "Actual Startup Time": 536.238,
              "Actual Total Time": 536.242,
              "Actual Rows": 1,
              "Actual Loops": 4,
              "Plans": [
                {
                  "Node Type": "Hash Join",
                  "Parent Relationship": "Outer",
                  "Parallel Aware": true,
                  "Join Type": "Inner",
                  "Startup Cost": 63409.65,
                  "Total Cost": 91015.93,
                  "Plan Rows": 153074,
                  "Plan Width": 0,
                  "Actual Startup Time": 394.538,
                  "Actual Total Time": 530.38,
                  "Actual Rows": 68742,
                  "Actual Loops": 4,
                  "Inner Unique": true,
                  "Hash Cond": "(mk.movie_id = t.id)",
                  "Plans": [
                    {
                      "Node Type": "Bitmap Heap Scan",
                      "Parent Relationship": "Outer",
                      "Parallel Aware": true,
                      "Relation Name": "movie_keyword",
                      "Alias": "mk",
                      "Startup Cost": 13707.61,
                      "Total Cost": 40766.81,
                      "Plan Rows": 208415,
                      "Plan Width": 4,
                      "Actual Startup Time": 76.542,
                      "Actual Total Time": 148.425,
                      "Actual Rows": 162014,
                      "Actual Loops": 4,
                      "Recheck Cond": "(keyword_id < 500)",
                      "Rows Removed by Index Recheck": 0,
                      "Exact Heap Blocks": 6937,
                      "Lossy Heap Blocks": 0,
                      "Plans": [
                        {
                          "Node Type": "Bitmap Index Scan",
                          "Parent Relationship": "Outer",
                          "Parallel Aware": false,
                          "Index Name": "keyword_id_movie_keyword",
                          "Startup Cost": 0.0,
                          "Total Cost": 13546.09,
                          "Plan Rows": 646088,
                          "Plan Width": 0,
                          "Actual Startup Time": 70.647,
                          "Actual Total Time": 70.648,
                          "Actual Rows": 648054,
                          "Actual Loops": 1,
                          "Index Cond": "(keyword_id < 500)"
                        }
                      ]
                    },
                    {
                      "Node Type": "Hash",
                      "Parent Relationship": "Inner",
                      "Parallel Aware": true,
                      "Startup Cost": 43899.01,
                      "Total Cost": 43899.01,
                      "Plan Rows": 464242,
                      "Plan Width": 4,
                      "Actual Startup Time": 313.046,
                      "Actual Total Time": 313.047,
                      "Actual Rows": 466372,
                      "Actual Loops": 4,
                      "Hash Buckets": 2097152,
                      "Original Hash Buckets": 2097152,
                      "Hash Batches": 1,
                      "Original Hash Batches": 1,
                      "Peak Memory Usage": 89408,
                      "Plans": [
                        {
                          "Node Type": "Seq Scan",
                          "Parent Relationship": "Outer",
                          "Parallel Aware": true,
                          "Relation Name": "title",
                          "Alias": "t",
                          "Startup Cost": 0.0,
                          "Total Cost": 43899.01,
                          "Plan Rows": 464242,
                          "Plan Width": 4,
                          "Actual Startup Time": 0.025,
                          "Actual Total Time": 128.843,
                          "Actual Rows": 466372,
                          "Actual Loops": 4,
                          "Filter": "(kind_id > 1)",
                          "Rows Removed by Filter": 165706
                        }
                      ]
                    }
                  ]
                }
              ]
            }
          ]
        }
      ]
    },
    "Planning Time": 0.264,
    "Triggers": [],
    "Execution Time": 567.466
  }
]