[
  {
    "Plan": {
      "Node Type": "Aggregate",
      "Strategy": "Plain",
      "Partial Mode": "Finalize",
      "Parallel Aware": false,
      "Startup Cost": 30840.53,
      "Total Cost": 30840.54,
      "Plan Rows": 1,
      "Plan Width": 8,
      "Actual Startup Time": 97.617,
      "Actual Total Time": 105.989,
      "Actual Rows": 1,
      "Actual Loops": 1,
      "Plans": [
        {
          "Node Type": "Gather",
          "Parent Relationship": "Outer",
          "Parallel Aware": false,
          "Startup Cost": 30840.21,
          "Total Cost": 30840.52,
          "Plan Rows": 3,
          "Plan Width": 8,
          "Actual Startup Time": 97.468,
          "Actual Total Time": 105.98,
          "Actual Rows": 4,
          "Actual Loops": 1,
          "Workers Planned": 3,
          "Workers Launched": 3,
          "Single Copy": false,
          "Plans": [
            {
              "Node Type": "Aggregate",
              "Strategy": "Plain",
              "Partial Mode": "Partial",
              "Parent Relationship": "Outer",
              "Parallel Aware": false,
              "Startup Cost": 29840.21,
              "Total Cost": 29840.22,
              "Plan Rows": 1,
              "Plan Width": 8,
              "Actual Startup Time": 89.162,
              "Actual Total Time": 89.164,
              "Actual Rows": 1,
              "Actual Loops": 4,
              "Plans": [
                {
                  "Node Type": "Seq Scan",
                  "Parent Relationship": "Outer",
                  "Parallel Aware": true,
                  "Relation Name": "movie_companies",
                  "Alias": "mc",
                  "Startup Cost": 0.0,
                  "Total Cost": 29310.68,
                  "Plan Rows": 211812,
                  "Plan Width": 0,
                  "Actual Startup Time": 37.207,
                  "Actual Total Time": 81.596,
                  "Actual Rows": 167231,
                  "Actual Loops": 4,
                  "Filter": "(company_id > 50752)",
                  "Rows Removed by Filter": 485052
                }
              ]
            }
          ]
        }
      ]
    },
    "Planning Time": 0.218,
    "Triggers": [],
    "Execution Time": 106.046
  }
]