[
  {
    "Plan": {
      "Node Type": "Aggregate",
      "Strategy": "Plain",
      "Partial Mode": "Finalize",
      "Parallel Aware": false,
      "Startup Cost": 340112.74,
      "Total Cost": 340112.75,
      "Plan Rows": 1,
      "Plan Width": 8,
      "Actual Startup Time": 753.854,
      "Actual Total Time": 816.574,
      "Actual Rows": 1,
      "Actual Loops": 1,
      "Plans": [
        {
          "Node Type": "Gather",
          "Parent Relationship": "Outer",
          "Parallel Aware": false,
          "Startup Cost": 340112.11,
          "Total Cost": 340112.72,
          "Plan Rows": 6,
          "Plan Width": 8,
          "Actual Startup Time": 753.725,
          "Actual Total Time": 816.561,
          "Actual Rows": 7,
          "Actual Loops": 1,
          "Workers Planned": 6,
          "Workers Launched": 6,
          "Single Copy": false,
          "Plans": [
            {
              "Node Type": "Aggregate",
              "Strategy": "Plain",
              "Partial Mode": "Partial",
              "Parent Relationship": "Outer",
              "Parallel Aware": false,
              "Startup Cost": 339112.11,
              "Total Cost": 339112.12,
              "Plan Rows": 1,
              "Plan Width": 8,
              "Actual Startup Time": 743.959,
              "Actual Total Time": 743.96,
              "Actual Rows": 1,
              "Actual Loops": 7,
              "Plans": [
                {
                  "Node Type": "Seq Scan",
                  "Parent Relationship": "Outer",
                  "Parallel Aware": true,
                  "Relation Name": "cast_info",
                  "Alias": "ci",
                  "Startup Cost": 0.0,
                  "Total Cost": 328162.03,
                  "Plan Rows": 4380034,
                  "Plan Width": 0,
                  "Actual Startup Time": 112.11,
                  "Actual Total Time": 598.62,
                  "Actual Rows": 3748053,
                  "Actual Loops": 7,
                  "Filter": "(person_id > 984643)",
                  "Rows Removed by Filter": 1429710
                }
              ]
            }
          ]
        }
      ]
    },
    "Planning Time": 0.204,
    "Triggers": [],
    "Execution Time": 816.651
  }
]