[
  {
    "Plan": {
      "Node Type": "Aggregate",
      "Strategy": "Plain",
      "Partial Mode": "Finalize",
      "Parallel Aware": false,
      "Startup Cost": 68861.76,
      "Total Cost": 68861.77,
      "Plan Rows": 1,
      "Plan Width": 8,
      "Actual Startup Time": 585.329,
      "Actual Total Time": 598.427,
      "Actual Rows": 1,
      "Actual Loops": 1,
      "Plans": [
        {
          "Node Type": "Gather",
          "Parent Relationship": "Outer",
          "Parallel Aware": false,
          "Startup Cost": 68861.55,
          "Total Cost": 68861.76,
          "Plan Rows": 2,
          "Plan Width": 8,
          "Actual Startup Time": 579.71,
          "Actual Total Time": 598.42,
          "Actual Rows": 3,
          "Actual Loops": 1,
          "Workers Planned": 2,
          "Workers Launched": 2,
          "Single Copy": false,
          "Plans": [
            {
              "Node Type": "Aggregate",
              "Strategy": "Plain",
              "Partial Mode": "Partial",
              "Parent Relationship": "Outer",
              "Parallel Aware": false,
              "Startup Cost": 67861.55,
              "Total Cost": 67861.56,
              "Plan Rows": 1,
              "Plan Width": 8,
              "Actual Startup Time": 562.488,
              "Actual Total Time": 562.491,
              "Actual Rows": 1,
              "Actual Loops": 3,
              "Plans": [
                {
                  "Node Type": "Hash Join",
                  "Parent Relationship": "Outer",
                  "Parallel Aware": true,
                  "Join Type": "Inner",
                  "Startup Cost": 51317.25,
                  "Total Cost": 66511.81,
                  "Plan Rows": 539894,
                  "Plan Width": 0,
                  "Actual Startup Time": 400.593,
                  "Actual Total Time": 544.355,
                  "Actual Rows": 454578,
                  "Actual Loops": 3,
                  "Inner Unique": true,
                  "Hash Cond": "(mi_idx.movie_id = t.id)",
                  "Plans": [
                    {
                      "Node Type": "Seq Scan",
                      "Parent Relationship": "Outer",
                      "Parallel Aware": true,
                      "Relation Name": "movie_info_idx",
                      "Alias": "mi_idx",
                      "Startup Cost": 0.0,
                      "Total Cost": 13685.15,
                      "Plan Rows": 575015,
                      "Plan Width": 4,
                      "Actual Startup Time": 0.022,
                      "Actual Total Time": 34.858,
                      "Actual Rows": 460012,
                      "Actual Loops": 3
                    },
                    {
                      "Node Type": "Hash",
                      "Parent Relationship": "Inner",
                      "Parallel Aware": true,
                      "Startup Cost": 43898.92,
                      "Total Cost": 43898.92,
                      "Plan Rows": 593467,
                      "Plan Width": 4,
                      "Actual Startup Time": 385.409,
                      "Actual Total Time": 385.409,
                      "Actual Rows": 790319,
                      "Actual Loops": 3,
                      "Hash Buckets": 4194304,
                      "Original Hash Buckets": 4194304,
                      "Hash Batches": 1,
                      "Original Hash Batches": 1,
                      "Peak Memory Usage": 125568,
                      "Plans": [
                        {
                          "Node Type": "Seq Scan",
                          "Parent Relationship": "Outer",
                          "Parallel Aware": true,
                          "Relation Name": "title",
                          "Alias": "t",
                          "Startup Cost": 0.0,
                          "Total Cost": 43898.92,
                          "Plan Rows": 593467,
                          "Plan Width": 4,
                          "Actual Startup Time": 0.045,
                          "Actual Total Time": 132.837,
                          "Actual Rows": 790319,
                          "Actual Loops": 3,
                          "Filter": "(production_year > 1919)",
                          "Rows Removed by Filter": 52451
                        }
                      ]
                    }
                  ]
                }
              ]
            }
          ]
        }
      ]
    },
    "Planning Time": 0.625,
    "Triggers": [],
    "Execution Time": 598.493
  }
]