[
    {
        "Bao": {
            "Bao prediction": 986.75,
            "Bao recommended hint": "SET enable_nestloop TO off; "
        }
    },
    {
        "Plan": {
            "Node Type": "Aggregate",
            "Strategy": "Plain",
            "Partial Mode": "Finalize",
            "Parallel Aware": false,
            "Startup Cost": 125474.88,
            "Total Cost": 125474.89,
            "Plan Rows": 1,
            "Plan Width": 32,
            "Actual Startup Time": 551.026,
            "Actual Total Time": 582.986,
            "Actual Rows": 1,
            "Actual Loops": 1,
            "Output": [
                "min(t.title)"
            ],
            "Plans": [
                {
                    "Node Type": "Gather",
                    "Parent Relationship": "Outer",
                    "Parallel Aware": false,
                    "Startup Cost": 125474.46,
                    "Total Cost": 125474.87,
                    "Plan Rows": 4,
                    "Plan Width": 32,
                    "Actual Startup Time": 550.178,
                    "Actual Total Time": 582.975,
                    "Actual Rows": 5,
                    "Actual Loops": 1,
                    "Output": [
                        "(PARTIAL min(t.title))"
                    ],
                    "Workers Planned": 4,
                    "Workers Launched": 4,
                    "Single Copy": false,
                    "Plans": [
                        {
                            "Node Type": "Aggregate",
                            "Strategy": "Plain",
                            "Partial Mode": "Partial",
                            "Parent Relationship": "Outer",
                            "Parallel Aware": false,
                            "Startup Cost": 124474.46,
                            "Total Cost": 124474.47,
                            "Plan Rows": 1,
                            "Plan Width": 32,
                            "Actual Startup Time": 538.728,
                            "Actual Total Time": 538.739,
                            "Actual Rows": 1,
                            "Actual Loops": 5,
                            "Output": [
                                "PARTIAL min(t.title)"
                            ],
                            "Workers": [
                                {
                                    "Worker Number": 0,
                                    "Actual Startup Time": 535.514,
                                    "Actual Total Time": 535.525,
                                    "Actual Rows": 1,
                                    "Actual Loops": 1
                                },
                                {
                                    "Worker Number": 1,
                                    "Actual Startup Time": 536.312,
                                    "Actual Total Time": 536.324,
                                    "Actual Rows": 1,
                                    "Actual Loops": 1
                                },
                                {
                                    "Worker Number": 2,
                                    "Actual Startup Time": 536.323,
                                    "Actual Total Time": 536.334,
                                    "Actual Rows": 1,
                                    "Actual Loops": 1
                                },
                                {
                                    "Worker Number": 3,
                                    "Actual Startup Time": 536.887,
                                    "Actual Total Time": 536.899,
                                    "Actual Rows": 1,
                                    "Actual Loops": 1
                                }
                            ],
                            "Plans": [
                                {
                                    "Node Type": "Hash Join",
                                    "Parent Relationship": "Outer",
                                    "Parallel Aware": true,
                                    "Join Type": "Inner",
                                    "Startup Cost": 79785.0,
                                    "Total Cost": 124474.46,
                                    "Plan Rows": 1,
                                    "Plan Width": 17,
                                    "Actual Startup Time": 395.555,
                                    "Actual Total Time": 538.522,
                                    "Actual Rows": 897,
                                    "Actual Loops": 5,
                                    "Output": [
                                        "t.title"
                                    ],
                                    "Inner Unique": false,
                                    "Hash Cond": "(t.id = mc.movie_id)",
                                    "Workers": [
                                        {
                                            "Worker Number": 0,
                                            "Actual Startup Time": 391.948,
                                            "Actual Total Time": 535.304,
                                            "Actual Rows": 761,
                                            "Actual Loops": 1
                                        },
                                        {
                                            "Worker Number": 1,
                                            "Actual Startup Time": 393.005,
                                            "Actual Total Time": 536.125,
                                            "Actual Rows": 749,
                                            "Actual Loops": 1
                                        },
                                        {
                                            "Worker Number": 2,
                                            "Actual Startup Time": 392.927,
                                            "Actual Total Time": 536.124,
                                            "Actual Rows": 763,
                                            "Actual Loops": 1
                                        },
                                        {
                                            "Worker Number": 3,
                                            "Actual Startup Time": 395.071,
                                            "Actual Total Time": 536.68,
                                            "Actual Rows": 825,
                                            "Actual Loops": 1
                                        }
                                    ],
                                    "Plans": [
                                        {
                                            "Node Type": "Seq Scan",
                                            "Parent Relationship": "Outer",
                                            "Parallel Aware": true,
                                            "Relation Name": "title",
                                            "Schema": "public",
                                            "Alias": "t",
                                            "Startup Cost": 0.0,
                                            "Total Cost": 42319.06,
                                            "Plan Rows": 632106,
                                            "Plan Width": 21,
                                            "Actual Startup Time": 0.037,
                                            "Actual Total Time": 87.074,
                                            "Actual Rows": 505662,
                                            "Actual Loops": 5,
                                            "Output": [
                                                "t.id",
                                                "t.title",
                                                "t.imdb_index",
                                                "t.kind_id",
                                                "t.production_year",
                                                "t.imdb_id",
                                                "t.phonetic_code",
                                                "t.episode_of_id",
                                                "t.season_nr",
                                                "t.episode_nr",
                                                "t.series_years",
                                                "t.md5sum"
                                            ],
                                            "Workers": [
                                                {
                                                    "Worker Number": 0,
                                                    "Actual Startup Time": 0.04,
                                                    "Actual Total Time": 88.585,
                                                    "Actual Rows": 426639,
                                                    "Actual Loops": 1
                                                },
                                                {
                                                    "Worker Number": 1,
                                                    "Actual Startup Time": 0.035,
                                                    "Actual Total Time": 86.343,
                                                    "Actual Rows": 451097,
                                                    "Actual Loops": 1
                                                },
                                                {
                                                    "Worker Number": 2,
                                                    "Actual Startup Time": 0.039,
                                                    "Actual Total Time": 86.211,
                                                    "Actual Rows": 453160,
                                                    "Actual Loops": 1
                                                },
                                                {
                                                    "Worker Number": 3,
                                                    "Actual Startup Time": 0.051,
                                                    "Actual Total Time": 87.792,
                                                    "Actual Rows": 438302,
                                                    "Actual Loops": 1
                                                }
                                            ]
                                        },
                                        {
                                            "Node Type": "Hash",
                                            "Parent Relationship": "Inner",
                                            "Parallel Aware": true,
                                            "Startup Cost": 79784.97,
                                            "Total Cost": 79784.97,
                                            "Plan Rows": 2,
                                            "Plan Width": 8,
                                            "Actual Startup Time": 393.497,
                                            "Actual Total Time": 393.507,
                                            "Actual Rows": 897,
                                            "Actual Loops": 5,
                                            "Output": [
                                                "mc.movie_id",
                                                "mk.movie_id"
                                            ],
                                            "Hash Buckets": 8192,
                                            "Original Hash Buckets": 1024,
                                            "Hash Batches": 1,
                                            "Original Hash Batches": 1,
                                            "Peak Memory Usage": 344,
                                            "Workers": [
                                                {
                                                    "Worker Number": 0,
                                                    "Actual Startup Time": 390.967,
                                                    "Actual Total Time": 390.977,
                                                    "Actual Rows": 787,
                                                    "Actual Loops": 1
                                                },
                                                {
                                                    "Worker Number": 1,
                                                    "Actual Startup Time": 391.806,
                                                    "Actual Total Time": 391.816,
                                                    "Actual Rows": 772,
                                                    "Actual Loops": 1
                                                },
                                                {
                                                    "Worker Number": 2,
                                                    "Actual Startup Time": 391.694,
                                                    "Actual Total Time": 391.703,
                                                    "Actual Rows": 829,
                                                    "Actual Loops": 1
                                                },
                                                {
                                                    "Worker Number": 3,
                                                    "Actual Startup Time": 392.409,
                                                    "Actual Total Time": 392.419,
                                                    "Actual Rows": 796,
                                                    "Actual Loops": 1
                                                }
                                            ],
                                            "Plans": [
                                                {
                                                    "Node Type": "Hash Join",
                                                    "Parent Relationship": "Outer",
                                                    "Parallel Aware": true,
                                                    "Join Type": "Inner",
                                                    "Startup Cost": 50277.5,
                                                    "Total Cost": 79784.97,
                                                    "Plan Rows": 2,
                                                    "Plan Width": 8,
                                                    "Actual Startup Time": 262.123,
                                                    "Actual Total Time": 391.694,
                                                    "Actual Rows": 897,
                                                    "Actual Loops": 5,
                                                    "Output": [
                                                        "mc.movie_id",
                                                        "mk.movie_id"
                                                    ],
                                                    "Inner Unique": false,
                                                    "Hash Cond": "(mc.movie_id = mk.movie_id)",
                                                    "Workers": [
                                                        {
                                                            "Worker Number": 0,
                                                            "Actual Startup Time": 259.62,
                                                            "Actual Total Time": 389.168,
                                                            "Actual Rows": 787,
                                                            "Actual Loops": 1
                                                        },
                                                        {
                                                            "Worker Number": 1,
                                                            "Actual Startup Time": 260.828,
                                                            "Actual Total Time": 390.218,
                                                            "Actual Rows": 772,
                                                            "Actual Loops": 1
                                                        },
                                                        {
                                                            "Worker Number": 2,
                                                            "Actual Startup Time": 259.958,
                                                            "Actual Total Time": 388.852,
                                                            "Actual Rows": 829,
                                                            "Actual Loops": 1
                                                        },
                                                        {
                                                            "Worker Number": 3,
                                                            "Actual Startup Time": 261.428,
                                                            "Actual Total Time": 390.757,
                                                            "Actual Rows": 796,
                                                            "Actual Loops": 1
                                                        }
                                                    ],
                                                    "Plans": [
                                                        {
                                                            "Node Type": "Hash Join",
                                                            "Parent Relationship": "Outer",
                                                            "Parallel Aware": true,
                                                            "Join Type": "Inner",
                                                            "Startup Cost": 4773.03,
                                                            "Total Cost": 34188.97,
                                                            "Plan Rows": 24408,
                                                            "Plan Width": 4,
                                                            "Actual Startup Time": 9.702,
                                                            "Actual Total Time": 135.102,
                                                            "Actual Rows": 20999,
                                                            "Actual Loops": 5,
                                                            "Output": [
                                                                "mc.movie_id"
                                                            ],
                                                            "Inner Unique": true,
                                                            "Hash Cond": "(mc.company_id = cn.id)",
                                                            "Workers": [
                                                                {
                                                                    "Worker Number": 0,
                                                                    "Actual Startup Time": 9.592,
                                                                    "Actual Total Time": 134.85,
                                                                    "Actual Rows": 19165,
                                                                    "Actual Loops": 1
                                                                },
                                                                {
                                                                    "Worker Number": 1,
                                                                    "Actual Startup Time": 9.799,
                                                                    "Actual Total Time": 135.62,
                                                                    "Actual Rows": 18339,
                                                                    "Actual Loops": 1
                                                                },
                                                                {
                                                                    "Worker Number": 2,
                                                                    "Actual Startup Time": 9.687,
                                                                    "Actual Total Time": 134.235,
                                                                    "Actual Rows": 18514,
                                                                    "Actual Loops": 1
                                                                },
                                                                {
                                                                    "Worker Number": 3,
                                                                    "Actual Startup Time": 9.719,
                                                                    "Actual Total Time": 135.384,
                                                                    "Actual Rows": 18500,
                                                                    "Actual Loops": 1
                                                                }
                                                            ],
                                                            "Plans": [
                                                                {
                                                                    "Node Type": "Seq Scan",
                                                                    "Parent Relationship": "Outer",
                                                                    "Parallel Aware": true,
                                                                    "Relation Name": "movie_companies",
                                                                    "Schema": "public",
                                                                    "Alias": "mc",
                                                                    "Startup Cost": 0.0,
                                                                    "Total Cost": 27206.55,
                                                                    "Plan Rows": 841655,
                                                                    "Plan Width": 8,
                                                                    "Actual Startup Time": 0.023,
                                                                    "Actual Total Time": 62.173,
                                                                    "Actual Rows": 521826,
                                                                    "Actual Loops": 5,
                                                                    "Output": [
                                                                        "mc.id",
                                                                        "mc.movie_id",
                                                                        "mc.company_id",
                                                                        "mc.company_type_id",
                                                                        "mc.note"
                                                                    ],
                                                                    "Workers": [
                                                                        {
                                                                            "Worker Number": 0,
                                                                            "Actual Startup Time": 0.023,
                                                                            "Actual Total Time": 63.084,
                                                                            "Actual Rows": 449282,
                                                                            "Actual Loops": 1
                                                                        },
                                                                        {
                                                                            "Worker Number": 1,
                                                                            "Actual Startup Time": 0.04,
                                                                            "Actual Total Time": 61.647,
                                                                            "Actual Rows": 469790,
                                                                            "Actual Loops": 1
                                                                        },
                                                                        {
                                                                            "Worker Number": 2,
                                                                            "Actual Startup Time": 0.023,
                                                                            "Actual Total Time": 61.021,
                                                                            "Actual Rows": 463458,
                                                                            "Actual Loops": 1
                                                                        },
                                                                        {
                                                                            "Worker Number": 3,
                                                                            "Actual Startup Time": 0.023,
                                                                            "Actual Total Time": 62.715,
                                                                            "Actual Rows": 460347,
                                                                            "Actual Loops": 1
                                                                        }
                                                                    ]
                                                                },
                                                                {
                                                                    "Node Type": "Hash",
                                                                    "Parent Relationship": "Inner",
                                                                    "Parallel Aware": true,
                                                                    "Startup Cost": 4722.92,
                                                                    "Total Cost": 4722.92,
                                                                    "Plan Rows": 4009,
                                                                    "Plan Width": 4,
                                                                    "Actual Startup Time": 9.536,
                                                                    "Actual Total Time": 9.538,
                                                                    "Actual Rows": 1350,
                                                                    "Actual Loops": 5,
                                                                    "Output": [
                                                                        "cn.id"
                                                                    ],
                                                                    "Hash Buckets": 8192,
                                                                    "Original Hash Buckets": 8192,
                                                                    "Hash Batches": 1,
                                                                    "Original Hash Batches": 1,
                                                                    "Peak Memory Usage": 416,
                                                                    "Workers": [
                                                                        {
                                                                            "Worker Number": 0,
                                                                            "Actual Startup Time": 9.475,
                                                                            "Actual Total Time": 9.476,
                                                                            "Actual Rows": 1121,
                                                                            "Actual Loops": 1
                                                                        },
                                                                        {
                                                                            "Worker Number": 1,
                                                                            "Actual Startup Time": 9.552,
                                                                            "Actual Total Time": 9.553,
                                                                            "Actual Rows": 1233,
                                                                            "Actual Loops": 1
                                                                        },
                                                                        {
                                                                            "Worker Number": 2,
                                                                            "Actual Startup Time": 9.546,
                                                                            "Actual Total Time": 9.548,
                                                                            "Actual Rows": 1266,
                                                                            "Actual Loops": 1
                                                                        },
                                                                        {
                                                                            "Worker Number": 3,
                                                                            "Actual Startup Time": 9.559,
                                                                            "Actual Total Time": 9.561,
                                                                            "Actual Rows": 1151,
                                                                            "Actual Loops": 1
                                                                        }
                                                                    ],
                                                                    "Plans": [
                                                                        {
                                                                            "Node Type": "Seq Scan",
                                                                            "Parent Relationship": "Outer",
                                                                            "Parallel Aware": true,
                                                                            "Relation Name": "company_name",
                                                                            "Schema": "public",
                                                                            "Alias": "cn",
                                                                            "Startup Cost": 0.0,
                                                                            "Total Cost": 4722.92,
                                                                            "Plan Rows": 4009,
                                                                            "Plan Width": 4,
                                                                            "Actual Startup Time": 0.033,
                                                                            "Actual Total Time": 8.847,
                                                                            "Actual Rows": 1350,
                                                                            "Actual Loops": 5,
                                                                            "Output": [
                                                                                "cn.id"
                                                                            ],
                                                                            "Filter": "((cn.country_code)::text = '[jp]'::text)",
                                                                            "Rows Removed by Filter": 45649,
                                                                            "Workers": [
                                                                                {
                                                                                    "Worker Number": 0,
                                                                                    "Actual Startup Time": 0.043,
                                                                                    "Actual Total Time": 8.793,
                                                                                    "Actual Rows": 1121,
                                                                                    "Actual Loops": 1
                                                                                },
                                                                                {
                                                                                    "Worker Number": 1,
                                                                                    "Actual Startup Time": 0.04,
                                                                                    "Actual Total Time": 8.835,
                                                                                    "Actual Rows": 1233,
                                                                                    "Actual Loops": 1
                                                                                },
                                                                                {
                                                                                    "Worker Number": 2,
                                                                                    "Actual Startup Time": 0.035,
                                                                                    "Actual Total Time": 8.856,
                                                                                    "Actual Rows": 1266,
                                                                                    "Actual Loops": 1
                                                                                },
                                                                                {
                                                                                    "Worker Number": 3,
                                                                                    "Actual Startup Time": 0.032,
                                                                                    "Actual Total Time": 8.85,
                                                                                    "Actual Rows": 1151,
                                                                                    "Actual Loops": 1
                                                                                }
                                                                            ]
                                                                        }
                                                                    ]
                                                                }
                                                            ]
                                                        },
                                                        {
                                                            "Node Type": "Hash",
                                                            "Parent Relationship": "Inner",
                                                            "Parallel Aware": true,
                                                            "Startup Cost": 45504.33,
                                                            "Total Cost": 45504.33,
                                                            "Plan Rows": 11,
                                                            "Plan Width": 4,
                                                            "Actual Startup Time": 251.802,
                                                            "Actual Total Time": 251.805,
                                                            "Actual Rows": 8368,
                                                            "Actual Loops": 5,
                                                            "Output": [
                                                                "mk.movie_id"
                                                            ],
                                                            "Hash Buckets": 65536,
                                                            "Original Hash Buckets": 1024,
                                                            "Hash Batches": 1,
                                                            "Original Hash Batches": 1,
                                                            "Peak Memory Usage": 2776,
                                                            "Workers": [
                                                                {
                                                                    "Worker Number": 0,
                                                                    "Actual Startup Time": 249.22,
                                                                    "Actual Total Time": 249.223,
                                                                    "Actual Rows": 8410,
                                                                    "Actual Loops": 1
                                                                },
                                                                {
                                                                    "Worker Number": 1,
                                                                    "Actual Startup Time": 250.077,
                                                                    "Actual Total Time": 250.079,
                                                                    "Actual Rows": 6636,
                                                                    "Actual Loops": 1
                                                                },
                                                                {
                                                                    "Worker Number": 2,
                                                                    "Actual Startup Time": 250.079,
                                                                    "Actual Total Time": 250.082,
                                                                    "Actual Rows": 8348,
                                                                    "Actual Loops": 1
                                                                },
                                                                {
                                                                    "Worker Number": 3,
                                                                    "Actual Startup Time": 250.656,
                                                                    "Actual Total Time": 250.66,
                                                                    "Actual Rows": 7537,
                                                                    "Actual Loops": 1
                                                                }
                                                            ],
                                                            "Plans": [
                                                                {
                                                                    "Node Type": "Hash Join",
                                                                    "Parent Relationship": "Outer",
                                                                    "Parallel Aware": false,
                                                                    "Join Type": "Inner",
                                                                    "Startup Cost": 2626.14,
                                                                    "Total Cost": 45504.33,
                                                                    "Plan Rows": 11,
                                                                    "Plan Width": 4,
                                                                    "Actual Startup Time": 24.787,
                                                                    "Actual Total Time": 211.755,
                                                                    "Actual Rows": 8368,
                                                                    "Actual Loops": 5,
                                                                    "Output": [
                                                                        "mk.movie_id"
                                                                    ],
                                                                    "Inner Unique": true,
                                                                    "Hash Cond": "(mk.keyword_id = k.id)",
                                                                    "Workers": [
                                                                        {
                                                                            "Worker Number": 0,
                                                                            "Actual Startup Time": 23.798,
                                                                            "Actual Total Time": 229.557,
                                                                            "Actual Rows": 8410,
                                                                            "Actual Loops": 1
                                                                        },
                                                                        {
                                                                            "Worker Number": 1,
                                                                            "Actual Startup Time": 23.742,
                                                                            "Actual Total Time": 186.489,
                                                                            "Actual Rows": 6636,
                                                                            "Actual Loops": 1
                                                                        },
                                                                        {
                                                                            "Worker Number": 2,
                                                                            "Actual Startup Time": 23.587,
                                                                            "Actual Total Time": 225.614,
                                                                            "Actual Rows": 8348,
                                                                            "Actual Loops": 1
                                                                        },
                                                                        {
                                                                            "Worker Number": 3,
                                                                            "Actual Startup Time": 25.21,
                                                                            "Actual Total Time": 221.351,
                                                                            "Actual Rows": 7537,
                                                                            "Actual Loops": 1
                                                                        }
                                                                    ],
                                                                    "Plans": [
                                                                        {
                                                                            "Node Type": "Seq Scan",
                                                                            "Parent Relationship": "Outer",
                                                                            "Parallel Aware": true,
                                                                            "Relation Name": "movie_keyword",
                                                                            "Schema": "public",
                                                                            "Alias": "mk",
                                                                            "Startup Cost": 0.0,
                                                                            "Total Cost": 39047.32,
                                                                            "Plan Rows": 1459332,
                                                                            "Plan Width": 8,
                                                                            "Actual Startup Time": 0.054,
                                                                            "Actual Total Time": 102.246,
                                                                            "Actual Rows": 904786,
                                                                            "Actual Loops": 5,
                                                                            "Output": [
                                                                                "mk.id",
                                                                                "mk.movie_id",
                                                                                "mk.keyword_id"
                                                                            ],
                                                                            "Workers": [
                                                                                {
                                                                                    "Worker Number": 0,
                                                                                    "Actual Startup Time": 0.064,
                                                                                    "Actual Total Time": 113.473,
                                                                                    "Actual Rows": 930735,
                                                                                    "Actual Loops": 1
                                                                                },
                                                                                {
                                                                                    "Worker Number": 1,
                                                                                    "Actual Startup Time": 0.061,
                                                                                    "Actual Total Time": 89.163,
                                                                                    "Actual Rows": 712065,
                                                                                    "Actual Loops": 1
                                                                                },
                                                                                {
                                                                                    "Worker Number": 2,
                                                                                    "Actual Startup Time": 0.065,
                                                                                    "Actual Total Time": 109.589,
                                                                                    "Actual Rows": 935545,
                                                                                    "Actual Loops": 1
                                                                                },
                                                                                {
                                                                                    "Worker Number": 3,
                                                                                    "Actual Startup Time": 0.064,
                                                                                    "Actual Total Time": 107.561,
                                                                                    "Actual Rows": 899965,
                                                                                    "Actual Loops": 1
                                                                                }
                                                                            ]
                                                                        },
                                                                        {
                                                                            "Node Type": "Hash",
                                                                            "Parent Relationship": "Inner",
                                                                            "Parallel Aware": false,
                                                                            "Startup Cost": 2626.12,
                                                                            "Total Cost": 2626.12,
                                                                            "Plan Rows": 1,
                                                                            "Plan Width": 4,
                                                                            "Actual Startup Time": 24.584,
                                                                            "Actual Total Time": 24.585,
                                                                            "Actual Rows": 1,
                                                                            "Actual Loops": 5,
                                                                            "Output": [
                                                                                "k.id"
                                                                            ],
                                                                            "Hash Buckets": 1024,
                                                                            "Original Hash Buckets": 1024,
                                                                            "Hash Batches": 1,
                                                                            "Original Hash Batches": 1,
                                                                            "Peak Memory Usage": 9,
                                                                            "Workers": [
                                                                                {
                                                                                    "Worker Number": 0,
                                                                                    "Actual Startup Time": 23.497,
                                                                                    "Actual Total Time": 23.499,
                                                                                    "Actual Rows": 1,
                                                                                    "Actual Loops": 1
                                                                                },
                                                                                {
                                                                                    "Worker Number": 1,
                                                                                    "Actual Startup Time": 23.612,
                                                                                    "Actual Total Time": 23.612,
                                                                                    "Actual Rows": 1,
                                                                                    "Actual Loops": 1
                                                                                },
                                                                                {
                                                                                    "Worker Number": 2,
                                                                                    "Actual Startup Time": 23.453,
                                                                                    "Actual Total Time": 23.454,
                                                                                    "Actual Rows": 1,
                                                                                    "Actual Loops": 1
                                                                                },
                                                                                {
                                                                                    "Worker Number": 3,
                                                                                    "Actual Startup Time": 24.875,
                                                                                    "Actual Total Time": 24.876,
                                                                                    "Actual Rows": 1,
                                                                                    "Actual Loops": 1
                                                                                }
                                                                            ],
                                                                            "Plans": [
                                                                                {
                                                                                    "Node Type": "Seq Scan",
                                                                                    "Parent Relationship": "Outer",
                                                                                    "Parallel Aware": false,
                                                                                    "Relation Name": "keyword",
                                                                                    "Schema": "public",
                                                                                    "Alias": "k",
                                                                                    "Startup Cost": 0.0,
                                                                                    "Total Cost": 2626.12,
                                                                                    "Plan Rows": 1,
                                                                                    "Plan Width": 4,
                                                                                    "Actual Startup Time": 1.952,
                                                                                    "Actual Total Time": 24.56,
                                                                                    "Actual Rows": 1,
                                                                                    "Actual Loops": 5,
                                                                                    "Output": [
                                                                                        "k.id"
                                                                                    ],
                                                                                    "Filter": "(k.keyword = 'character-name-in-title'::text)",
                                                                                    "Rows Removed by Filter": 134169,
                                                                                    "Workers": [
                                                                                        {
                                                                                            "Worker Number": 0,
                                                                                            "Actual Startup Time": 1.843,
                                                                                            "Actual Total Time": 23.473,
                                                                                            "Actual Rows": 1,
                                                                                            "Actual Loops": 1
                                                                                        },
                                                                                        {
                                                                                            "Worker Number": 1,
                                                                                            "Actual Startup Time": 1.859,
                                                                                            "Actual Total Time": 23.586,
                                                                                            "Actual Rows": 1,
                                                                                            "Actual Loops": 1
                                                                                        },
                                                                                        {
                                                                                            "Worker Number": 2,
                                                                                            "Actual Startup Time": 1.866,
                                                                                            "Actual Total Time": 23.428,
                                                                                            "Actual Rows": 1,
                                                                                            "Actual Loops": 1
                                                                                        },
                                                                                        {
                                                                                            "Worker Number": 3,
                                                                                            "Actual Startup Time": 2.18,
                                                                                            "Actual Total Time": 24.844,
                                                                                            "Actual Rows": 1,
                                                                                            "Actual Loops": 1
                                                                                        }
                                                                                    ]
                                                                                }
                                                                            ]
                                                                        }
                                                                    ]
                                                                }
                                                            ]
                                                        }
                                                    ]
                                                }
                                            ]
                                        }
                                    ]
                                }
                            ]
                        }
                    ]
                }
            ]
        },
        "Planning Time": 1396.81,
        "Triggers": [],
        "Execution Time": 583.639
    }
]