[
  {
    "Plan": {
      "Node Type": "Aggregate",
      "Strategy": "Plain",
      "Partial Mode": "Finalize",
      "Parallel Aware": false,
      "Startup Cost": 42088.37,
      "Total Cost": 42088.38,
      "Plan Rows": 1,
      "Plan Width": 8,
      "Actual Startup Time": 125.142,
      "Actual Total Time": 131.676,
      "Actual Rows": 1,
      "Actual Loops": 1,
      "Plans": [
        {
          "Node Type": "Gather",
          "Parent Relationship": "Outer",
          "Parallel Aware": false,
          "Startup Cost": 42088.05,
          "Total Cost": 42088.36,
          "Plan Rows": 3,
          "Plan Width": 8,
          "Actual Startup Time": 124.87,
          "Actual Total Time": 131.668,
          "Actual Rows": 4,
          "Actual Loops": 1,
          "Workers Planned": 3,
          "Workers Launched": 3,
          "Single Copy": false,
          "Plans": [
            {
              "Node Type": "Aggregate",
              "Strategy": "Plain",
              "Partial Mode": "Partial",
              "Parent Relationship": "Outer",
              "Parallel Aware": false,
              "Startup Cost": 41088.05,
              "Total Cost": 41088.06,
              "Plan Rows": 1,
              "Plan Width": 8,
              "Actual Startup Time": 117.798,
              "Actual Total Time": 117.8,
              "Actual Rows": 1,
              "Actual Loops": 4,
              "Plans": [
                {
                  "Node Type": "Bitmap Heap Scan",
                  "Parent Relationship": "Outer",
                  "Parallel Aware": true,
                  "Relation Name": "movie_keyword",
                  "Alias": "mk",
                  "Startup Cost": 13544.64,
                  "Total Cost": 40573.15,
                  "Plan Rows": 205961,
                  "Plan Width": 0,
                  "Actual Startup Time": 42.396,
                  "Actual Total Time": 109.186,
                  "Actual Rows": 154952,
                  "Actual Loops": 4,
                  "Recheck Cond": "(keyword_id > 29429)",
                  "Rows Removed by Index Recheck": 0,
                  "Exact Heap Blocks": 9813,
                  "Lossy Heap Blocks": 0,
                  "Plans": [
                    {
                      "Node Type": "Bitmap Index Scan",
                      "Parent Relationship": "Outer",
                      "Parallel Aware": false,
                      "Index Name": "keyword_id_movie_keyword",
                      "Startup Cost": 0.0,
                      "Total Cost": 13385.02,
                      "Plan Rows": 638478,
                      "Plan Width": 0,
                      "Actual Startup Time": 45.388,
                      "Actual Total Time": 45.388,
                      "Actual Rows": 619807,
                      "Actual Loops": 1,
                      "Index Cond": "(keyword_id > 29429)"
                    }
                  ]
                }
              ]
            }
          ]
        }
      ]
    },
    "Planning Time": 0.097,
    "Triggers": [],
    "Execution Time": 131.722
  }
]