[
  {
    "Plan": {
      "Node Type": "Aggregate",
      "Strategy": "Plain",
      "Partial Mode": "Finalize",
      "Parallel Aware": false,
      "Startup Cost": 23734.3,
      "Total Cost": 23734.31,
      "Plan Rows": 1,
      "Plan Width": 8,
      "Actual Startup Time": 16.399,
      "Actual Total Time": 18.985,
      "Actual Rows": 1,
      "Actual Loops": 1,
      "Plans": [
        {
          "Node Type": "Gather",
          "Parent Relationship": "Outer",
          "Parallel Aware": false,
          "Startup Cost": 23734.08,
          "Total Cost": 23734.29,
          "Plan Rows": 2,
          "Plan Width": 8,
          "Actual Startup Time": 16.312,
          "Actual Total Time": 18.901,
          "Actual Rows": 3,
          "Actual Loops": 1,
          "Workers Planned": 2,
          "Workers Launched": 2,
          "Single Copy": false,
          "Plans": [
            {
              "Node Type": "Aggregate",
              "Strategy": "Plain",
              "Partial Mode": "Partial",
              "Parent Relationship": "Outer",
              "Parallel Aware": false,
              "Startup Cost": 22734.08,
              "Total Cost": 22734.09,
              "Plan Rows": 1,
              "Plan Width": 8,
              "Actual Startup Time": 13.384,
              "Actual Total Time": 13.385,
              "Actual Rows": 1,
              "Actual Loops": 3,
              "Plans": [
                {
                  "Node Type": "Nested Loop",
                  "Parent Relationship": "Outer",
                  "Parallel Aware": false,
                  "Join Type": "Inner",
                  "Startup Cost": 92.54,
                  "Total Cost": 22731.65,
                  "Plan Rows": 972,
                  "Plan Width": 0,
                  "Actual Startup Time": 0.96,
                  "Actual Total Time": 13.332,
                  "Actual Rows": 294,
                  "Actual Loops": 3,
                  "Inner Unique": true,
                  "Plans": [
                    {
                      "Node Type": "Bitmap Heap Scan",
                      "Parent Relationship": "Outer",
                      "Parallel Aware": true,
                      "Relation Name": "movie_companies",
                      "Alias": "mc",
                      "Startup Cost": 92.11,
                      "Total Cost": 9961.73,
                      "Plan Rows": 1703,
                      "Plan Width": 4,
                      "Actual Startup Time": 0.812,
                      "Actual Total Time": 3.593,
                      "Actual Rows": 982,
                      "Actual Loops": 3,
                      "Recheck Cond": "(company_id = 133)",
                      "Rows Removed by Index Recheck": 0,
                      "Exact Heap Blocks": 881,
                      "Lossy Heap Blocks": 0,
                      "Plans": [
                        {
                          "Node Type": "Bitmap Index Scan",
                          "Parent Relationship": "Outer",
                          "Parallel Aware": false,
                          "Index Name": "company_id_movie_companies",
                          "Startup Cost": 0.0,
                          "Total Cost": 91.09,
                          "Plan Rows": 4088,
                          "Plan Width": 0,
                          "Actual Startup Time": 1.899,
                          "Actual Total Time": 1.9,
                          "Actual Rows": 2945,
                          "Actual Loops": 1,
                          "Index Cond": "(company_id = 133)"
                        }
                      ]
                    },
                    {
                      "Node Type": "Index Scan",
                      "Parent Relationship": "Inner",
                      "Parallel Aware": false,
                      "Scan Direction": "Forward",
                      "Index Name": "title_pkey",
                      "Relation Name": "title",
                      "Alias": "t",
                      "Startup Cost": 0.43,
                      "Total Cost": 7.5,
                      "Plan Rows": 1,
                      "Plan Width": 4,
                      "Actual Startup Time": 0.009,
                      "Actual Total Time": 0.009,
                      "Actual Rows": 0,
                      "Actual Loops": 2945,
                      "Index Cond": "(id = mc.movie_id)",
                      "Rows Removed by Index Recheck": 0,
                      "Filter": "((production_year > 1916) AND (kind_id = 7))",
                      "Rows Removed by Filter": 1
                    }
                  ]
                }
              ]
            }
          ]
        }
      ]
    },
    "Planning Time": 0.451,
    "Triggers": [],
    "Execution Time": 19.043
  }
]