[
  {
    "Plan": {
      "Node Type": "Aggregate",
      "Strategy": "Plain",
      "Partial Mode": "Finalize",
      "Parallel Aware": false,
      "Startup Cost": 21822.07,
      "Total Cost": 21822.08,
      "Plan Rows": 1,
      "Plan Width": 8,
      "Actual Startup Time": 28.521,
      "Actual Total Time": 32.491,
      "Actual Rows": 1,
      "Actual Loops": 1,
      "Plans": [
        {
          "Node Type": "Gather",
          "Parent Relationship": "Outer",
          "Parallel Aware": false,
          "Startup Cost": 21821.96,
          "Total Cost": 21822.07,
          "Plan Rows": 1,
          "Plan Width": 8,
          "Actual Startup Time": 28.285,
          "Actual Total Time": 32.482,
          "Actual Rows": 2,
          "Actual Loops": 1,
          "Workers Planned": 1,
          "Workers Launched": 1,
          "Single Copy": false,
          "Plans": [
            {
              "Node Type": "Aggregate",
              "Strategy": "Plain",
              "Partial Mode": "Partial",
              "Parent Relationship": "Outer",
              "Parallel Aware": false,
              "Startup Cost": 20821.96,
              "Total Cost": 20821.97,
              "Plan Rows": 1,
              "Plan Width": 8,
              "Actual Startup Time": 21.914,
              "Actual Total Time": 21.916,
              "Actual Rows": 1,
              "Actual Loops": 2,
              "Plans": [
                {
                  "Node Type": "Nested Loop",
                  "Parent Relationship": "Outer",
                  "Parallel Aware": false,
                  "Join Type": "Inner",
                  "Startup Cost": 63.1,
                  "Total Cost": 20819.54,
                  "Plan Rows": 969,
                  "Plan Width": 0,
                  "Actual Startup Time": 1.846,
                  "Actual Total Time": 21.804,
                  "Actual Rows": 442,
                  "Actual Loops": 2,
                  "Inner Unique": true,
                  "Plans": [
                    {
                      "Node Type": "Bitmap Heap Scan",
                      "Parent Relationship": "Outer",
                      "Parallel Aware": true,
                      "Relation Name": "movie_companies",
                      "Alias": "mc",
                      "Startup Cost": 62.67,
                      "Total Cost": 7737.43,
                      "Plan Rows": 1688,
                      "Plan Width": 4,
                      "Actual Startup Time": 1.607,
                      "Actual Total Time": 5.788,
                      "Actual Rows": 1472,
                      "Actual Loops": 2,
                      "Recheck Cond": "(company_id = 133)",
                      "Rows Removed by Index Recheck": 0,
                      "Exact Heap Blocks": 1371,
                      "Lossy Heap Blocks": 0,
                      "Plans": [
                        {
                          "Node Type": "Bitmap Index Scan",
                          "Parent Relationship": "Outer",
                          "Parallel Aware": false,
                          "Index Name": "company_id_movie_companies",
                          "Startup Cost": 0.0,
                          "Total Cost": 61.95,
                          "Plan Rows": 2870,
                          "Plan Width": 0,
                          "Actual Startup Time": 2.316,
                          "Actual Total Time": 2.316,
                          "Actual Rows": 2945,
                          "Actual Loops": 1,
                          "Index Cond": "(company_id = 133)"
                        }
                      ]
                    },
                    {
                      "Node Type": "Index Scan",
                      "Parent Relationship": "Inner",
                      "Parallel Aware": false,
                      "Scan Direction": "Forward",
                      "Index Name": "title_pkey",
                      "Relation Name": "title",
                      "Alias": "t",
                      "Startup Cost": 0.43,
                      "Total Cost": 7.75,
                      "Plan Rows": 1,
                      "Plan Width": 4,
                      "Actual Startup Time": 0.01,
                      "Actual Total Time": 0.01,
                      "Actual Rows": 0,
                      "Actual Loops": 2945,
                      "Index Cond": "(id = mc.movie_id)",
                      "Rows Removed by Index Recheck": 0,
                      "Filter": "((production_year > 1916) AND (kind_id = 7))",
                      "Rows Removed by Filter": 1
                    }
                  ]
                }
              ]
            }
          ]
        }
      ]
    },
    "Planning Time": 0.751,
    "Triggers": [],
    "Execution Time": 32.585
  }
]