[
  {
    "Plan": {
      "Node Type": "Aggregate",
      "Strategy": "Plain",
      "Partial Mode": "Finalize",
      "Parallel Aware": false,
      "Startup Cost": 33000.78,
      "Total Cost": 33000.79,
      "Plan Rows": 1,
      "Plan Width": 8,
      "Actual Startup Time": 97.901,
      "Actual Total Time": 106.528,
      "Actual Rows": 1,
      "Actual Loops": 1,
      "Plans": [
        {
          "Node Type": "Gather",
          "Parent Relationship": "Outer",
          "Parallel Aware": false,
          "Startup Cost": 33000.46,
          "Total Cost": 33000.77,
          "Plan Rows": 3,
          "Plan Width": 8,
          "Actual Startup Time": 97.742,
          "Actual Total Time": 106.519,
          "Actual Rows": 4,
          "Actual Loops": 1,
          "Workers Planned": 3,
          "Workers Launched": 3,
          "Single Copy": false,
          "Plans": [
            {
              "Node Type": "Aggregate",
              "Strategy": "Plain",
              "Partial Mode": "Partial",
              "Parent Relationship": "Outer",
              "Parallel Aware": false,
              "Startup Cost": 32000.46,
              "Total Cost": 32000.47,
              "Plan Rows": 1,
              "Plan Width": 8,
              "Actual Startup Time": 91.895,
              "Actual Total Time": 91.896,
              "Actual Rows": 1,
              "Actual Loops": 4,
              "Plans": [
                {
                  "Node Type": "Seq Scan",
                  "Parent Relationship": "Outer",
                  "Parallel Aware": true,
                  "Relation Name": "movie_companies",
                  "Alias": "mc",
                  "Startup Cost": 0.0,
                  "Total Cost": 31414.82,
                  "Plan Rows": 234258,
                  "Plan Width": 0,
                  "Actual Startup Time": 0.027,
                  "Actual Total Time": 77.658,
                  "Actual Rows": 253702,
                  "Actual Loops": 4,
                  "Filter": "((company_id < 13789) AND (company_type_id < 2))",
                  "Rows Removed by Filter": 398581
                }
              ]
            }
          ]
        }
      ]
    },
    "Planning Time": 0.219,
    "Triggers": [],
    "Execution Time": 106.584
  }
]