[
    {
        "Bao": {
            "Bao prediction": 731.653,
            "Bao recommended hint": "(no hint)"
        }
    },
    {
        "Plan": {
            "Node Type": "Aggregate",
            "Strategy": "Plain",
            "Partial Mode": "Finalize",
            "Parallel Aware": false,
            "Startup Cost": 63103.52,
            "Total Cost": 63103.53,
            "Plan Rows": 1,
            "Plan Width": 8,
            "Actual Startup Time": 206.556,
            "Actual Total Time": 215.403,
            "Actual Rows": 1,
            "Actual Loops": 1,
            "Output": [
                "count(*)"
            ],
            "Plans": [
                {
                    "Node Type": "Gather",
                    "Parent Relationship": "Outer",
                    "Parallel Aware": false,
                    "Startup Cost": 63103.3,
                    "Total Cost": 63103.51,
                    "Plan Rows": 2,
                    "Plan Width": 8,
                    "Actual Startup Time": 206.123,
                    "Actual Total Time": 215.395,
                    "Actual Rows": 3,
                    "Actual Loops": 1,
                    "Output": [
                        "(PARTIAL count(*))"
                    ],
                    "Workers Planned": 2,
                    "Workers Launched": 2,
                    "Single Copy": false,
                    "Plans": [
                        {
                            "Node Type": "Aggregate",
                            "Strategy": "Plain",
                            "Partial Mode": "Partial",
                            "Parent Relationship": "Outer",
                            "Parallel Aware": false,
                            "Startup Cost": 62103.3,
                            "Total Cost": 62103.31,
                            "Plan Rows": 1,
                            "Plan Width": 8,
                            "Actual Startup Time": 199.014,
                            "Actual Total Time": 199.017,
                            "Actual Rows": 1,
                            "Actual Loops": 3,
                            "Output": [
                                "PARTIAL count(*)"
                            ],
                            "Workers": [
                                {
                                    "Worker Number": 0,
                                    "Actual Startup Time": 195.698,
                                    "Actual Total Time": 195.7,
                                    "Actual Rows": 1,
                                    "Actual Loops": 1
                                },
                                {
                                    "Worker Number": 1,
                                    "Actual Startup Time": 195.853,
                                    "Actual Total Time": 195.856,
                                    "Actual Rows": 1,
                                    "Actual Loops": 1
                                }
                            ],
                            "Plans": [
                                {
                                    "Node Type": "Hash Join",
                                    "Parent Relationship": "Outer",
                                    "Parallel Aware": true,
                                    "Join Type": "Inner",
                                    "Startup Cost": 45919.51,
                                    "Total Cost": 62049.82,
                                    "Plan Rows": 21392,
                                    "Plan Width": 0,
                                    "Actual Startup Time": 120.796,
                                    "Actual Total Time": 198.647,
                                    "Actual Rows": 6858,
                                    "Actual Loops": 3,
                                    "Inner Unique": true,
                                    "Hash Cond": "(mi_idx.movie_id = t.id)",
                                    "Workers": [
                                        {
                                            "Worker Number": 0,
                                            "Actual Startup Time": 117.456,
                                            "Actual Total Time": 195.332,
                                            "Actual Rows": 7366,
                                            "Actual Loops": 1
                                        },
                                        {
                                            "Worker Number": 1,
                                            "Actual Startup Time": 117.623,
                                            "Actual Total Time": 195.492,
                                            "Actual Rows": 7306,
                                            "Actual Loops": 1
                                        }
                                    ],
                                    "Plans": [
                                        {
                                            "Node Type": "Seq Scan",
                                            "Parent Relationship": "Outer",
                                            "Parallel Aware": true,
                                            "Relation Name": "movie_info_idx",
                                            "Schema": "public",
                                            "Alias": "mi_idx",
                                            "Startup Cost": 0.0,
                                            "Total Cost": 15122.68,
                                            "Plan Rows": 383860,
                                            "Plan Width": 4,
                                            "Actual Startup Time": 0.017,
                                            "Actual Total Time": 44.727,
                                            "Actual Rows": 306617,
                                            "Actual Loops": 3,
                                            "Output": [
                                                "mi_idx.id",
                                                "mi_idx.movie_id",
                                                "mi_idx.info_type_id",
                                                "mi_idx.info",
                                                "mi_idx.note"
                                            ],
                                            "Filter": "(mi_idx.info_type_id < 101)",
                                            "Rows Removed by Filter": 153395,
                                            "Workers": [
                                                {
                                                    "Worker Number": 0,
                                                    "Actual Startup Time": 0.017,
                                                    "Actual Total Time": 44.668,
                                                    "Actual Rows": 331070,
                                                    "Actual Loops": 1
                                                },
                                                {
                                                    "Worker Number": 1,
                                                    "Actual Startup Time": 0.024,
                                                    "Actual Total Time": 44.868,
                                                    "Actual Rows": 331846,
                                                    "Actual Loops": 1
                                                }
                                            ]
                                        },
                                        {
                                            "Node Type": "Hash",
                                            "Parent Relationship": "Inner",
                                            "Parallel Aware": true,
                                            "Startup Cost": 45479.21,
                                            "Total Cost": 45479.21,
                                            "Plan Rows": 35224,
                                            "Plan Width": 4,
                                            "Actual Startup Time": 117.898,
                                            "Actual Total Time": 117.899,
                                            "Actual Rows": 50220,
                                            "Actual Loops": 3,
                                            "Output": [
                                                "t.id"
                                            ],
                                            "Hash Buckets": 262144,
                                            "Original Hash Buckets": 262144,
                                            "Hash Batches": 1,
                                            "Original Hash Batches": 1,
                                            "Peak Memory Usage": 7968,
                                            "Workers": [
                                                {
                                                    "Worker Number": 0,
                                                    "Actual Startup Time": 116.554,
                                                    "Actual Total Time": 116.555,
                                                    "Actual Rows": 50365,
                                                    "Actual Loops": 1
                                                },
                                                {
                                                    "Worker Number": 1,
                                                    "Actual Startup Time": 116.692,
                                                    "Actual Total Time": 116.693,
                                                    "Actual Rows": 50511,
                                                    "Actual Loops": 1
                                                }
                                            ],
                                            "Plans": [
                                                {
                                                    "Node Type": "Seq Scan",
                                                    "Parent Relationship": "Outer",
                                                    "Parallel Aware": true,
                                                    "Relation Name": "title",
                                                    "Schema": "public",
                                                    "Alias": "t",
                                                    "Startup Cost": 0.0,
                                                    "Total Cost": 45479.21,
                                                    "Plan Rows": 35224,
                                                    "Plan Width": 4,
                                                    "Actual Startup Time": 0.041,
                                                    "Actual Total Time": 102.831,
                                                    "Actual Rows": 50220,
                                                    "Actual Loops": 3,
                                                    "Output": [
                                                        "t.id"
                                                    ],
                                                    "Filter": "((t.production_year > 2011) AND (t.kind_id = 7))",
                                                    "Rows Removed by Filter": 792551,
                                                    "Workers": [
                                                        {
                                                            "Worker Number": 0,
                                                            "Actual Startup Time": 0.048,
                                                            "Actual Total Time": 102.27,
                                                            "Actual Rows": 50365,
                                                            "Actual Loops": 1
                                                        },
                                                        {
                                                            "Worker Number": 1,
                                                            "Actual Startup Time": 0.052,
                                                            "Actual Total Time": 102.17,
                                                            "Actual Rows": 50511,
                                                            "Actual Loops": 1
                                                        }
                                                    ]
                                                }
                                            ]
                                        }
                                    ]
                                }
                            ]
                        }
                    ]
                }
            ]
        },
        "Planning Time": 1086.13,
        "Triggers": [],
        "Execution Time": 215.513
    }
]