[
  {
    "Plan": {
      "Node Type": "Aggregate",
      "Strategy": "Plain",
      "Partial Mode": "Finalize",
      "Parallel Aware": false,
      "Startup Cost": 336296.08,
      "Total Cost": 336296.09,
      "Plan Rows": 1,
      "Plan Width": 8,
      "Actual Startup Time": 692.801,
      "Actual Total Time": 751.77,
      "Actual Rows": 1,
      "Actual Loops": 1,
      "Plans": [
        {
          "Node Type": "Gather",
          "Parent Relationship": "Outer",
          "Parallel Aware": false,
          "Startup Cost": 336295.45,
          "Total Cost": 336296.06,
          "Plan Rows": 6,
          "Plan Width": 8,
          "Actual Startup Time": 692.655,
          "Actual Total Time": 751.759,
          "Actual Rows": 7,
          "Actual Loops": 1,
          "Workers Planned": 6,
          "Workers Launched": 6,
          "Single Copy": false,
          "Plans": [
            {
              "Node Type": "Aggregate",
              "Strategy": "Plain",
              "Partial Mode": "Partial",
              "Parent Relationship": "Outer",
              "Parallel Aware": false,
              "Startup Cost": 335295.45,
              "Total Cost": 335295.46,
              "Plan Rows": 1,
              "Plan Width": 8,
              "Actual Startup Time": 683.04,
              "Actual Total Time": 683.041,
              "Actual Rows": 1,
              "Actual Loops": 7,
              "Plans": [
                {
                  "Node Type": "Seq Scan",
                  "Parent Relationship": "Outer",
                  "Parallel Aware": true,
                  "Relation Name": "cast_info",
                  "Alias": "ci",
                  "Startup Cost": 0.0,
                  "Total Cost": 328162.03,
                  "Plan Rows": 2853370,
                  "Plan Width": 0,
                  "Actual Startup Time": 0.048,
                  "Actual Total Time": 577.562,
                  "Actual Rows": 2455943,
                  "Actual Loops": 7,
                  "Filter": "(person_id < 1698371)",
                  "Rows Removed by Filter": 2721821
                }
              ]
            }
          ]
        }
      ]
    },
    "Planning Time": 0.151,
    "Triggers": [],
    "Execution Time": 751.833
  }
]