[
  {
    "Plan": {
      "Node Type": "Aggregate",
      "Strategy": "Plain",
      "Partial Mode": "Finalize",
      "Parallel Aware": false,
      "Startup Cost": 81331.66,
      "Total Cost": 81331.67,
      "Plan Rows": 1,
      "Plan Width": 8,
      "Actual Startup Time": 236.976,
      "Actual Total Time": 256.453,
      "Actual Rows": 1,
      "Actual Loops": 1,
      "Plans": [
        {
          "Node Type": "Gather",
          "Parent Relationship": "Outer",
          "Parallel Aware": false,
          "Startup Cost": 81331.45,
          "Total Cost": 81331.66,
          "Plan Rows": 2,
          "Plan Width": 8,
          "Actual Startup Time": 236.471,
          "Actual Total Time": 256.445,
          "Actual Rows": 3,
          "Actual Loops": 1,
          "Workers Planned": 2,
          "Workers Launched": 2,
          "Single Copy": false,
          "Plans": [
            {
              "Node Type": "Aggregate",
              "Strategy": "Plain",
              "Partial Mode": "Partial",
              "Parent Relationship": "Outer",
              "Parallel Aware": false,
              "Startup Cost": 80331.45,
              "Total Cost": 80331.46,
              "Plan Rows": 1,
              "Plan Width": 8,
              "Actual Startup Time": 228.419,
              "Actual Total Time": 228.423,
              "Actual Rows": 1,
              "Actual Loops": 3,
              "Plans": [
                {
                  "Node Type": "Nested Loop",
                  "Parent Relationship": "Outer",
                  "Parallel Aware": false,
                  "Join Type": "Inner",
                  "Startup Cost": 44281.75,
                  "Total Cost": 80289.55,
                  "Plan Rows": 16758,
                  "Plan Width": 0,
                  "Actual Startup Time": 119.157,
                  "Actual Total Time": 226.439,
                  "Actual Rows": 45441,
                  "Actual Loops": 3,
                  "Inner Unique": false,
                  "Join Filter": "(t.id = mk.movie_id)",
                  "Rows Removed by Join Filter": 0,
                  "Plans": [
                    {
                      "Node Type": "Hash Join",
                      "Parent Relationship": "Outer",
                      "Parallel Aware": true,
                      "Join Type": "Inner",
                      "Startup Cost": 44281.32,
                      "Total Cost": 59911.97,
                      "Plan Rows": 9366,
                      "Plan Width": 8,
                      "Actual Startup Time": 119.039,
                      "Actual Total Time": 179.315,
                      "Actual Rows": 6510,
                      "Actual Loops": 3,
                      "Inner Unique": true,
                      "Hash Cond": "(mi_idx.movie_id = t.id)",
                      "Plans": [
                        {
                          "Node Type": "Seq Scan",
                          "Parent Relationship": "Outer",
                          "Parallel Aware": true,
                          "Relation Name": "movie_info_idx",
                          "Alias": "mi_idx",
                          "Startup Cost": 0.0,
                          "Total Cost": 15122.68,
                          "Plan Rows": 193512,
                          "Plan Width": 4,
                          "Actual Startup Time": 0.022,
                          "Actual Total Time": 35.213,
                          "Actual Rows": 153308,
                          "Actual Loops": 3,
                          "Filter": "(info_type_id = 100)",
                          "Rows Removed by Filter": 306703
                        },
                        {
                          "Node Type": "Hash",
                          "Parent Relationship": "Inner",
                          "Parallel Aware": true,
                          "Startup Cost": 43898.92,
                          "Total Cost": 43898.92,
                          "Plan Rows": 30592,
                          "Plan Width": 4,
                          "Actual Startup Time": 117.079,
                          "Actual Total Time": 117.08,
                          "Actual Rows": 40954,
                          "Actual Loops": 3,
                          "Hash Buckets": 131072,
                          "Original Hash Buckets": 131072,
                          "Hash Batches": 1,
                          "Original Hash Batches": 1,
                          "Peak Memory Usage": 5888,
                          "Plans": [
                            {
                              "Node Type": "Seq Scan",
                              "Parent Relationship": "Outer",
                              "Parallel Aware": true,
                              "Relation Name": "title",
                              "Alias": "t",
                              "Startup Cost": 0.0,
                              "Total Cost": 43898.92,
                              "Plan Rows": 30592,
                              "Plan Width": 4,
                              "Actual Startup Time": 0.044,
                              "Actual Total Time": 104.774,
                              "Actual Rows": 40954,
                              "Actual Loops": 3,
                              "Filter": "(production_year = 2008)",
                              "Rows Removed by Filter": 801817
                            }
                          ]
                        }
                      ]
                    },
                    {
                      "Node Type": "Index Only Scan",
                      "Parent Relationship": "Inner",
                      "Parallel Aware": false,
                      "Scan Direction": "Forward",
                      "Index Name": "movie_id_movie_keyword",
                      "Relation Name": "movie_keyword",
                      "Alias": "mk",
                      "Startup Cost": 0.43,
                      "Total Cost": 1.61,
                      "Plan Rows": 45,
                      "Plan Width": 4,
                      "Actual Startup Time": 0.005,
                      "Actual Total Time": 0.006,
                      "Actual Rows": 7,
                      "Actual Loops": 19531,
                      "Index Cond": "(movie_id = mi_idx.movie_id)",
                      "Rows Removed by Index Recheck": 0,
                      "Heap Fetches": 136323
                    }
                  ]
                }
              ]
            }
          ]
        }
      ]
    },
    "Planning Time": 1.365,
    "Triggers": [],
    "Execution Time": 256.538
  }
]