[
  {
    "Plan": {
      "Node Type": "Aggregate",
      "Strategy": "Plain",
      "Partial Mode": "Finalize",
      "Parallel Aware": false,
      "Startup Cost": 98959.26,
      "Total Cost": 98959.27,
      "Plan Rows": 1,
      "Plan Width": 8,
      "Actual Startup Time": 55.391,
      "Actual Total Time": 62.486,
      "Actual Rows": 1,
      "Actual Loops": 1,
      "Plans": [
        {
          "Node Type": "Gather",
          "Parent Relationship": "Outer",
          "Parallel Aware": false,
          "Startup Cost": 98958.95,
          "Total Cost": 98959.26,
          "Plan Rows": 3,
          "Plan Width": 8,
          "Actual Startup Time": 55.276,
          "Actual Total Time": 62.48,
          "Actual Rows": 4,
          "Actual Loops": 1,
          "Workers Planned": 3,
          "Workers Launched": 3,
          "Single Copy": false,
          "Plans": [
            {
              "Node Type": "Aggregate",
              "Strategy": "Plain",
              "Partial Mode": "Partial",
              "Parent Relationship": "Outer",
              "Parallel Aware": false,
              "Startup Cost": 97958.95,
              "Total Cost": 97958.96,
              "Plan Rows": 1,
              "Plan Width": 8,
              "Actual Startup Time": 45.96,
              "Actual Total Time": 45.961,
              "Actual Rows": 1,
              "Actual Loops": 4,
              "Plans": [
                {
                  "Node Type": "Nested Loop",
                  "Parent Relationship": "Outer",
                  "Parallel Aware": false,
                  "Join Type": "Inner",
                  "Startup Cost": 404.72,
                  "Total Cost": 97955.0,
                  "Plan Rows": 1580,
                  "Plan Width": 0,
                  "Actual Startup Time": 3.648,
                  "Actual Total Time": 45.927,
                  "Actual Rows": 82,
                  "Actual Loops": 4,
                  "Inner Unique": true,
                  "Plans": [
                    {
                      "Node Type": "Bitmap Heap Scan",
                      "Parent Relationship": "Outer",
                      "Parallel Aware": true,
                      "Relation Name": "movie_info",
                      "Alias": "mi",
                      "Startup Cost": 404.29,
                      "Total Cost": 61226.42,
                      "Plan Rows": 7153,
                      "Plan Width": 4,
                      "Actual Startup Time": 2.151,
                      "Actual Total Time": 7.584,
                      "Actual Rows": 4635,
                      "Actual Loops": 4,
                      "Recheck Cond": "(info_type_id = 90)",
                      "Rows Removed by Index Recheck": 0,
                      "Exact Heap Blocks": 1191,
                      "Lossy Heap Blocks": 0,
                      "Plans": [
                        {
                          "Node Type": "Bitmap Index Scan",
                          "Parent Relationship": "Outer",
                          "Parallel Aware": false,
                          "Index Name": "info_type_id_movie_info",
                          "Startup Cost": 0.0,
                          "Total Cost": 398.75,
                          "Plan Rows": 22175,
                          "Plan Width": 0,
                          "Actual Startup Time": 7.034,
                          "Actual Total Time": 7.034,
                          "Actual Rows": 18539,
                          "Actual Loops": 1,
                          "Index Cond": "(info_type_id = 90)"
                        }
                      ]
                    },
                    {
                      "Node Type": "Index Scan",
                      "Parent Relationship": "Inner",
                      "Parallel Aware": false,
                      "Scan Direction": "Forward",
                      "Index Name": "title_pkey",
                      "Relation Name": "title",
                      "Alias": "t",
                      "Startup Cost": 0.43,
                      "Total Cost": 5.13,
                      "Plan Rows": 1,
                      "Plan Width": 4,
                      "Actual Startup Time": 0.008,
                      "Actual Total Time": 0.008,
                      "Actual Rows": 0,
                      "Actual Loops": 18539,
                      "Index Cond": "(id = mi.movie_id)",
                      "Rows Removed by Index Recheck": 0,
                      "Filter": "((production_year < 1998) AND (kind_id = 7))",
                      "Rows Removed by Filter": 1
                    }
                  ]
                }
              ]
            }
          ]
        }
      ]
    },
    "Planning Time": 0.649,
    "Triggers": [],
    "Execution Time": 62.571
  }
]