[
  {
    "Plan": {
      "Node Type": "Aggregate",
      "Strategy": "Plain",
      "Partial Mode": "Finalize",
      "Parallel Aware": false,
      "Startup Cost": 353333.25,
      "Total Cost": 353333.26,
      "Plan Rows": 1,
      "Plan Width": 8,
      "Actual Startup Time": 945.585,
      "Actual Total Time": 991.108,
      "Actual Rows": 1,
      "Actual Loops": 1,
      "Plans": [
        {
          "Node Type": "Gather",
          "Parent Relationship": "Outer",
          "Parallel Aware": false,
          "Startup Cost": 353332.62,
          "Total Cost": 353333.23,
          "Plan Rows": 6,
          "Plan Width": 8,
          "Actual Startup Time": 945.399,
          "Actual Total Time": 991.098,
          "Actual Rows": 7,
          "Actual Loops": 1,
          "Workers Planned": 6,
          "Workers Launched": 6,
          "Single Copy": false,
          "Plans": [
            {
              "Node Type": "Aggregate",
              "Strategy": "Plain",
              "Partial Mode": "Partial",
              "Parent Relationship": "Outer",
              "Parallel Aware": false,
              "Startup Cost": 352332.62,
              "Total Cost": 352332.64,
              "Plan Rows": 1,
              "Plan Width": 8,
              "Actual Startup Time": 935.6,
              "Actual Total Time": 935.602,
              "Actual Rows": 1,
              "Actual Loops": 7,
              "Plans": [
                {
                  "Node Type": "Seq Scan",
                  "Parent Relationship": "Outer",
                  "Parallel Aware": true,
                  "Relation Name": "cast_info",
                  "Alias": "ci",
                  "Startup Cost": 0.0,
                  "Total Cost": 343316.27,
                  "Plan Rows": 3606542,
                  "Plan Width": 0,
                  "Actual Startup Time": 270.856,
                  "Actual Total Time": 781.029,
                  "Actual Rows": 2959314,
                  "Actual Loops": 7,
                  "Filter": "((person_id < 3522978) AND (role_id > 1))",
                  "Rows Removed by Filter": 2218449
                }
              ]
            }
          ]
        }
      ]
    },
    "Planning Time": 0.227,
    "Triggers": [],
    "Execution Time": 991.175
  }
]