[
  {
    "Plan": {
      "Node Type": "Aggregate",
      "Strategy": "Plain",
      "Partial Mode": "Finalize",
      "Parallel Aware": false,
      "Startup Cost": 345751.68,
      "Total Cost": 345751.69,
      "Plan Rows": 1,
      "Plan Width": 8,
      "Actual Startup Time": 685.421,
      "Actual Total Time": 745.539,
      "Actual Rows": 1,
      "Actual Loops": 1,
      "Plans": [
        {
          "Node Type": "Gather",
          "Parent Relationship": "Outer",
          "Parallel Aware": false,
          "Startup Cost": 345751.05,
          "Total Cost": 345751.66,
          "Plan Rows": 6,
          "Plan Width": 8,
          "Actual Startup Time": 685.237,
          "Actual Total Time": 745.52,
          "Actual Rows": 7,
          "Actual Loops": 1,
          "Workers Planned": 6,
          "Workers Launched": 6,
          "Single Copy": false,
          "Plans": [
            {
              "Node Type": "Aggregate",
              "Strategy": "Plain",
              "Partial Mode": "Partial",
              "Parent Relationship": "Outer",
              "Parallel Aware": false,
              "Startup Cost": 344751.05,
              "Total Cost": 344751.07,
              "Plan Rows": 1,
              "Plan Width": 8,
              "Actual Startup Time": 676.002,
              "Actual Total Time": 676.005,
              "Actual Rows": 1,
              "Actual Loops": 7,
              "Plans": [
                {
                  "Node Type": "Seq Scan",
                  "Parent Relationship": "Outer",
                  "Parallel Aware": true,
                  "Relation Name": "cast_info",
                  "Alias": "ci",
                  "Startup Cost": 0.0,
                  "Total Cost": 343316.27,
                  "Plan Rows": 573914,
                  "Plan Width": 0,
                  "Actual Startup Time": 508.83,
                  "Actual Total Time": 665.91,
                  "Actual Rows": 183823,
                  "Actual Loops": 7,
                  "Filter": "((person_id > 3339637) AND (role_id < 10))",
                  "Rows Removed by Filter": 4993941
                }
              ]
            }
          ]
        }
      ]
    },
    "Planning Time": 0.09,
    "Triggers": [],
    "Execution Time": 745.597
  }
]