{
  "Plan": {
    "Node Type": "Aggregate",
    "Strategy": "Plain",
    "Partial Mode": "Simple",
    "Parallel Aware": false,
    "Startup Cost": 1149355.18,
    "Total Cost": 1149355.19,
    "Plan Rows": 1,
    "Plan Width": 64,
    "Actual Startup Time": 3587.968,
    "Actual Total Time": 3696.465,
    "Actual Rows": 1,
    "Actual Loops": 1,
    "Plans": [
      {
        "Node Type": "Gather",
        "Parent Relationship": "Outer",
        "Parallel Aware": false,
        "Startup Cost": 1144442.59,
        "Total Cost": 1149355.17,
        "Plan Rows": 1,
        "Plan Width": 32,
        "Actual Startup Time": 3571.344,
        "Actual Total Time": 3696.421,
        "Actual Rows": 184,
        "Actual Loops": 1,
        "Workers Planned": 1,
        "Workers Launched": 1,
        "Single Copy": false,
        "Plans": [
          {
            "Node Type": "Hash Join",
            "Parent Relationship": "Outer",
            "Parallel Aware": true,
            "Join Type": "Inner",
            "Startup Cost": 1143442.59,
            "Total Cost": 1148355.07,
            "Plan Rows": 1,
            "Plan Width": 32,
            "Actual Startup Time": 3562.71,
            "Actual Total Time": 3578.834,
            "Actual Rows": 92,
            "Actual Loops": 2,
            "Inner Unique": false,
            "Hash Cond": "(cn.id = mc.company_id)",
            "Plans": [
              {
                "Node Type": "Seq Scan",
                "Parent Relationship": "Outer",
                "Parallel Aware": true,
                "Relation Name": "company_name",
                "Alias": "cn",
                "Startup Cost": 0.0,
                "Total Cost": 4722.92,
                "Plan Rows": 50548,
                "Plan Width": 4,
                "Actual Startup Time": 0.018,
                "Actual Total Time": 13.992,
                "Actual Rows": 42422,
                "Actual Loops": 2,
                "Filter": "((country_code)::text = '[us]'::text)",
                "Rows Removed by Filter": 75077
              },
              {
                "Node Type": "Hash",
                "Parent Relationship": "Inner",
                "Parallel Aware": true,
                "Startup Cost": 1143442.58,
                "Total Cost": 1143442.58,
                "Plan Rows": 1,
                "Plan Width": 36,
                "Actual Startup Time": 3561.109,
                "Actual Total Time": 3561.134,
                "Actual Rows": 97,
                "Actual Loops": 2,
                "Hash Buckets": 1024,
                "Original Hash Buckets": 1024,
                "Hash Batches": 1,
                "Original Hash Batches": 1,
                "Peak Memory Usage": 72,
                "Plans": [
                  {
                    "Node Type": "Hash Join",
                    "Parent Relationship": "Outer",
                    "Parallel Aware": false,
                    "Join Type": "Inner",
                    "Startup Cost": 849057.0,
                    "Total Cost": 1143442.58,
                    "Plan Rows": 1,
                    "Plan Width": 36,
                    "Actual Startup Time": 2925.626,
                    "Actual Total Time": 3561.045,
                    "Actual Rows": 97,
                    "Actual Loops": 2,
                    "Inner Unique": true,
                    "Hash Cond": "(mi.info_type_id = it.id)",
                    "Plans": [
                      {
                        "Node Type": "Hash Join",
                        "Parent Relationship": "Outer",
                        "Parallel Aware": true,
                        "Join Type": "Inner",
                        "Startup Cost": 849054.57,
                        "Total Cost": 1143440.15,
                        "Plan Rows": 1,
                        "Plan Width": 40,
                        "Actual Startup Time": 2925.468,
                        "Actual Total Time": 3560.862,
                        "Actual Rows": 97,
                        "Actual Loops": 2,
                        "Inner Unique": false,
                        "Hash Cond": "(mi.movie_id = t.id)",
                        "Plans": [
                          {
                            "Node Type": "Seq Scan",
                            "Parent Relationship": "Outer",
                            "Parallel Aware": true,
                            "Relation Name": "movie_info",
                            "Alias": "mi",
                            "Startup Cost": 0.0,
                            "Total Cost": 293185.7,
                            "Plan Rows": 319965,
                            "Plan Width": 8,
                            "Actual Startup Time": 92.154,
                            "Actual Total Time": 894.39,
                            "Actual Rows": 225552,
                            "Actual Loops": 2,
                            "Filter": "((info IS NOT NULL) AND ((info ~~ 'Japan:%200%'::text) OR (info ~~ 'USA:%200%'::text)))",
                            "Rows Removed by Filter": 7192308
                          },
                          {
                            "Node Type": "Hash",
                            "Parent Relationship": "Inner",
                            "Parallel Aware": true,
                            "Startup Cost": 849054.56,
                            "Total Cost": 849054.56,
                            "Plan Rows": 1,
                            "Plan Width": 48,
                            "Actual Startup Time": 2653.367,
                            "Actual Total Time": 2653.388,
                            "Actual Rows": 40,
                            "Actual Loops": 2,
                            "Hash Buckets": 1024,
                            "Original Hash Buckets": 1024,
                            "Hash Batches": 1,
                            "Original Hash Batches": 1,
                            "Peak Memory Usage": 72,
                            "Plans": [
                              {
                                "Node Type": "Hash Join",
                                "Parent Relationship": "Outer",
                                "Parallel Aware": true,
                                "Join Type": "Inner",
                                "Startup Cost": 806530.9,
                                "Total Cost": 849054.56,
                                "Plan Rows": 1,
                                "Plan Width": 48,
                                "Actual Startup Time": 2484.932,
                                "Actual Total Time": 2653.347,
                                "Actual Rows": 40,
                                "Actual Loops": 2,
                                "Inner Unique": false,
                                "Hash Cond": "(mc.movie_id = t.id)",
                                "Plans": [
                                  {
                                    "Node Type": "Seq Scan",
                                    "Parent Relationship": "Outer",
                                    "Parallel Aware": true,
                                    "Relation Name": "movie_companies",
                                    "Alias": "mc",
                                    "Startup Cost": 0.0,
                                    "Total Cost": 41811.73,
                                    "Plan Rows": 189845,
                                    "Plan Width": 8,
                                    "Actual Startup Time": 0.013,
                                    "Actual Total Time": 176.707,
                                    "Actual Rows": 295497,
                                    "Actual Loops": 2,
                                    "Filter": "((note IS NOT NULL) AND ((note ~~ '%(USA)%'::text) OR (note ~~ '%(worldwide)%'::text)))",
                                    "Rows Removed by Filter": 1009068
                                  },
                                  {
                                    "Node Type": "Hash",
                                    "Parent Relationship": "Inner",
                                    "Parallel Aware": true,
                                    "Startup Cost": 806530.89,
                                    "Total Cost": 806530.89,
                                    "Plan Rows": 1,
                                    "Plan Width": 40,
                                    "Actual Startup Time": 2459.766,
                                    "Actual Total Time": 2459.784,
                                    "Actual Rows": 51,
                                    "Actual Loops": 2,
                                    "Hash Buckets": 1024,
                                    "Original Hash Buckets": 1024,
                                    "Hash Batches": 1,
                                    "Original Hash Batches": 1,
                                    "Peak Memory Usage": 72,
                                    "Plans": [
                                      {
                                        "Node Type": "Hash Join",
                                        "Parent Relationship": "Outer",
                                        "Parallel Aware": true,
                                        "Join Type": "Inner",
                                        "Startup Cost": 744683.78,
                                        "Total Cost": 806530.89,
                                        "Plan Rows": 1,
                                        "Plan Width": 40,
                                        "Actual Startup Time": 2242.563,
                                        "Actual Total Time": 2459.73,
                                        "Actual Rows": 51,
                                        "Actual Loops": 2,
                                        "Inner Unique": false,
                                        "Hash Cond": "(chn.id = ci.person_role_id)",
                                        "Plans": [
                                          {
                                            "Node Type": "Seq Scan",
                                            "Parent Relationship": "Outer",
                                            "Parallel Aware": true,
                                            "Relation Name": "char_name",
                                            "Alias": "chn",
                                            "Startup Cost": 0.0,
                                            "Total Cost": 54920.07,
                                            "Plan Rows": 1847207,
                                            "Plan Width": 4,
                                            "Actual Startup Time": 0.007,
                                            "Actual Total Time": 129.22,
                                            "Actual Rows": 1570170,
                                            "Actual Loops": 2
                                          },
                                          {
                                            "Node Type": "Hash",
                                            "Parent Relationship": "Inner",
                                            "Parallel Aware": true,
                                            "Startup Cost": 744683.77,
                                            "Total Cost": 744683.77,
                                            "Plan Rows": 1,
                                            "Plan Width": 44,
                                            "Actual Startup Time": 2240.289,
                                            "Actual Total Time": 2240.304,
                                            "Actual Rows": 58,
                                            "Actual Loops": 2,
                                            "Hash Buckets": 1024,
                                            "Original Hash Buckets": 1024,
                                            "Hash Batches": 1,
                                            "Original Hash Batches": 1,
                                            "Peak Memory Usage": 72,
                                            "Plans": [
                                              {
                                                "Node Type": "Hash Join",
                                                "Parent Relationship": "Outer",
                                                "Parallel Aware": true,
                                                "Join Type": "Inner",
                                                "Startup Cost": 685100.31,
                                                "Total Cost": 744683.77,
                                                "Plan Rows": 1,
                                                "Plan Width": 44,
                                                "Actual Startup Time": 2106.706,
                                                "Actual Total Time": 2240.234,
                                                "Actual Rows": 58,
                                                "Actual Loops": 2,
                                                "Inner Unique": false,
                                                "Hash Cond": "(t.id = ci.movie_id)",
                                                "Plans": [
                                                  {
                                                    "Node Type": "Seq Scan",
                                                    "Parent Relationship": "Outer",
                                                    "Parallel Aware": true,
                                                    "Relation Name": "title",
                                                    "Alias": "t",
                                                    "Startup Cost": 0.0,
                                                    "Total Cost": 58308.37,
                                                    "Plan Rows": 340021,
                                                    "Plan Width": 21,
                                                    "Actual Startup Time": 0.011,
                                                    "Actual Total Time": 135.013,
                                                    "Actual Rows": 287278,
                                                    "Actual Loops": 2,
                                                    "Filter": "((production_year >= 2005) AND (production_year <= 2009))",
                                                    "Rows Removed by Filter": 976878
                                                  },
                                                  {
                                                    "Node Type": "Hash",
                                                    "Parent Relationship": "Inner",
                                                    "Parallel Aware": true,
                                                    "Startup Cost": 685100.3,
                                                    "Total Cost": 685100.3,
                                                    "Plan Rows": 1,
                                                    "Plan Width": 23,
                                                    "Actual Startup Time": 2087.02,
                                                    "Actual Total Time": 2087.031,
                                                    "Actual Rows": 212,
                                                    "Actual Loops": 2,
                                                    "Hash Buckets": 1024,
                                                    "Original Hash Buckets": 1024,
                                                    "Hash Batches": 1,
                                                    "Original Hash Batches": 1,
                                                    "Peak Memory Usage": 72,
                                                    "Plans": [
                                                      {
                                                        "Node Type": "Hash Join",
                                                        "Parent Relationship": "Outer",
                                                        "Parallel Aware": false,
                                                        "Join Type": "Inner",
                                                        "Startup Cost": 110475.78,
                                                        "Total Cost": 685100.3,
                                                        "Plan Rows": 1,
                                                        "Plan Width": 23,
                                                        "Actual Startup Time": 952.327,
                                                        "Actual Total Time": 2086.914,
                                                        "Actual Rows": 212,
                                                        "Actual Loops": 2,
                                                        "Inner Unique": true,
                                                        "Hash Cond": "(ci.role_id = rt.id)",
                                                        "Plans": [
                                                          {
                                                            "Node Type": "Hash Join",
                                                            "Parent Relationship": "Outer",
                                                            "Parallel Aware": true,
                                                            "Join Type": "Inner",
                                                            "Startup Cost": 110474.62,
                                                            "Total Cost": 685099.13,
                                                            "Plan Rows": 3,
                                                            "Plan Width": 27,
                                                            "Actual Startup Time": 952.196,
                                                            "Actual Total Time": 2086.737,
                                                            "Actual Rows": 212,
                                                            "Actual Loops": 2,
                                                            "Inner Unique": false,
                                                            "Hash Cond": "(ci.person_id = n.id)",
                                                            "Plans": [
                                                              {
                                                                "Node Type": "Seq Scan",
                                                                "Parent Relationship": "Outer",
                                                                "Parallel Aware": true,
                                                                "Relation Name": "cast_info",
                                                                "Alias": "ci",
                                                                "Startup Cost": 0.0,
                                                                "Total Cost": 572608.98,
                                                                "Plan Rows": 537469,
                                                                "Plan Width": 16,
                                                                "Actual Startup Time": 0.024,
                                                                "Actual Total Time": 1647.514,
                                                                "Actual Rows": 433738,
                                                                "Actual Loops": 2,
                                                                "Filter": "(note = ANY ('{(voice),\"(voice: Japanese version)\",\"(voice) (uncredited)\",\"(voice: English version)\"}'::text[]))",
                                                                "Rows Removed by Filter": 17688434
                                                              },
                                                              {
                                                                "Node Type": "Hash",
                                                                "Parent Relationship": "Inner",
                                                                "Parallel Aware": true,
                                                                "Startup Cost": 110474.47,
                                                                "Total Cost": 110474.47,
                                                                "Plan Rows": 12,
                                                                "Plan Width": 23,
                                                                "Actual Startup Time": 410.387,
                                                                "Actual Total Time": 410.393,
                                                                "Actual Rows": 779,
                                                                "Actual Loops": 2,
                                                                "Hash Buckets": 2048,
                                                                "Original Hash Buckets": 1024,
                                                                "Hash Batches": 1,
                                                                "Original Hash Batches": 1,
                                                                "Peak Memory Usage": 152,
                                                                "Plans": [
                                                                  {
                                                                    "Node Type": "Hash Join",
                                                                    "Parent Relationship": "Outer",
                                                                    "Parallel Aware": true,
                                                                    "Join Type": "Inner",
                                                                    "Startup Cost": 92384.67,
                                                                    "Total Cost": 110474.47,
                                                                    "Plan Rows": 12,
                                                                    "Plan Width": 23,
                                                                    "Actual Startup Time": 311.283,
                                                                    "Actual Total Time": 387.484,
                                                                    "Actual Rows": 779,
                                                                    "Actual Loops": 2,
                                                                    "Inner Unique": true,
                                                                    "Hash Cond": "(an.person_id = n.id)",
                                                                    "Plans": [
                                                                      {
                                                                        "Node Type": "Seq Scan",
                                                                        "Parent Relationship": "Outer",
                                                                        "Parallel Aware": true,
                                                                        "Relation Name": "aka_name",
                                                                        "Alias": "an",
                                                                        "Startup Cost": 0.0,
                                                                        "Total Cost": 16698.02,
                                                                        "Plan Rows": 530202,
                                                                        "Plan Width": 4,
                                                                        "Actual Startup Time": 0.014,
                                                                        "Actual Total Time": 40.106,
                                                                        "Actual Rows": 450672,
                                                                        "Actual Loops": 2
                                                                      },
                                                                      {
                                                                        "Node Type": "Hash",
                                                                        "Parent Relationship": "Inner",
                                                                        "Parallel Aware": true,
                                                                        "Startup Cost": 92383.97,
                                                                        "Total Cost": 92383.97,
                                                                        "Plan Rows": 56,
                                                                        "Plan Width": 19,
                                                                        "Actual Startup Time": 310.582,
                                                                        "Actual Total Time": 310.583,
                                                                        "Actual Rows": 3384,
                                                                        "Actual Loops": 2,
                                                                        "Hash Buckets": 8192,
                                                                        "Original Hash Buckets": 1024,
                                                                        "Hash Batches": 1,
                                                                        "Original Hash Batches": 1,
                                                                        "Peak Memory Usage": 536,
                                                                        "Plans": [
                                                                          {
                                                                            "Node Type": "Seq Scan",
                                                                            "Parent Relationship": "Outer",
                                                                            "Parallel Aware": true,
                                                                            "Relation Name": "name",
                                                                            "Alias": "n",
                                                                            "Startup Cost": 0.0,
                                                                            "Total Cost": 92383.97,
                                                                            "Plan Rows": 56,
                                                                            "Plan Width": 19,
                                                                            "Actual Startup Time": 145.337,
                                                                            "Actual Total Time": 300.007,
                                                                            "Actual Rows": 3384,
                                                                            "Actual Loops": 2,
                                                                            "Filter": "((name ~~ '%Ang%'::text) AND ((gender)::text = 'f'::text))",
                                                                            "Rows Removed by Filter": 2080362
                                                                          }
                                                                        ]
                                                                      }
                                                                    ]
                                                                  }
                                                                ]
                                                              }
                                                            ]
                                                          },
                                                          {
                                                            "Node Type": "Hash",
                                                            "Parent Relationship": "Inner",
                                                            "Parallel Aware": false,
                                                            "Startup Cost": 1.15,
                                                            "Total Cost": 1.15,
                                                            "Plan Rows": 1,
                                                            "Plan Width": 4,
                                                            "Actual Startup Time": 0.066,
                                                            "Actual Total Time": 0.067,
                                                            "Actual Rows": 1,
                                                            "Actual Loops": 2,
                                                            "Hash Buckets": 1024,
                                                            "Original Hash Buckets": 1024,
                                                            "Hash Batches": 1,
                                                            "Original Hash Batches": 1,
                                                            "Peak Memory Usage": 9,
                                                            "Plans": [
                                                              {
                                                                "Node Type": "Seq Scan",
                                                                "Parent Relationship": "Outer",
                                                                "Parallel Aware": false,
                                                                "Relation Name": "role_type",
                                                                "Alias": "rt",
                                                                "Startup Cost": 0.0,
                                                                "Total Cost": 1.15,
                                                                "Plan Rows": 1,
                                                                "Plan Width": 4,
                                                                "Actual Startup Time": 0.05,
                                                                "Actual Total Time": 0.054,
                                                                "Actual Rows": 1,
                                                                "Actual Loops": 2,
                                                                "Filter": "((role)::text = 'actress'::text)",
                                                                "Rows Removed by Filter": 11
                                                              }
                                                            ]
                                                          }
                                                        ]
                                                      }
                                                    ]
                                                  }
                                                ]
                                              }
                                            ]
                                          }
                                        ]
                                      }
                                    ]
                                  }
                                ]
                              }
                            ]
                          }
                        ]
                      },
                      {
                        "Node Type": "Hash",
                        "Parent Relationship": "Inner",
                        "Parallel Aware": false,
                        "Startup Cost": 2.41,
                        "Total Cost": 2.41,
                        "Plan Rows": 1,
                        "Plan Width": 4,
                        "Actual Startup Time": 0.123,
                        "Actual Total Time": 0.125,
                        "Actual Rows": 1,
                        "Actual Loops": 2,
                        "Hash Buckets": 1024,
                        "Original Hash Buckets": 1024,
                        "Hash Batches": 1,
                        "Original Hash Batches": 1,
                        "Peak Memory Usage": 9,
                        "Plans": [
                          {
                            "Node Type": "Seq Scan",
                            "Parent Relationship": "Outer",
                            "Parallel Aware": false,
                            "Relation Name": "info_type",
                            "Alias": "it",
                            "Startup Cost": 0.0,
                            "Total Cost": 2.41,
                            "Plan Rows": 1,
                            "Plan Width": 4,
                            "Actual Startup Time": 0.067,
                            "Actual Total Time": 0.087,
                            "Actual Rows": 1,
                            "Actual Loops": 2,
                            "Filter": "((info)::text = 'release dates'::text)",
                            "Rows Removed by Filter": 112
                          }
                        ]
                      }
                    ]
                  }
                ]
              }
            ]
          }
        ]
      }
    ]
  },
  "Planning Time": 2.903,
  "Triggers": [],
  "Execution Time": 3696.766
}