[
  {
    "Plan": {
      "Node Type": "Aggregate",
      "Strategy": "Plain",
      "Partial Mode": "Finalize",
      "Parallel Aware": false,
      "Startup Cost": 343459.15,
      "Total Cost": 343459.16,
      "Plan Rows": 1,
      "Plan Width": 8,
      "Actual Startup Time": 925.346,
      "Actual Total Time": 983.079,
      "Actual Rows": 1,
      "Actual Loops": 1,
      "Plans": [
        {
          "Node Type": "Gather",
          "Parent Relationship": "Outer",
          "Parallel Aware": false,
          "Startup Cost": 343458.53,
          "Total Cost": 343459.14,
          "Plan Rows": 6,
          "Plan Width": 8,
          "Actual Startup Time": 925.143,
          "Actual Total Time": 983.059,
          "Actual Rows": 7,
          "Actual Loops": 1,
          "Workers Planned": 6,
          "Workers Launched": 6,
          "Single Copy": false,
          "Plans": [
            {
              "Node Type": "Aggregate",
              "Strategy": "Plain",
              "Partial Mode": "Partial",
              "Parent Relationship": "Outer",
              "Parallel Aware": false,
              "Startup Cost": 342458.53,
              "Total Cost": 342458.54,
              "Plan Rows": 1,
              "Plan Width": 8,
              "Actual Startup Time": 918.016,
              "Actual Total Time": 918.018,
              "Actual Rows": 1,
              "Actual Loops": 7,
              "Plans": [
                {
                  "Node Type": "Seq Scan",
                  "Parent Relationship": "Outer",
                  "Parallel Aware": true,
                  "Relation Name": "cast_info",
                  "Alias": "ci",
                  "Startup Cost": 0.0,
                  "Total Cost": 328211.39,
                  "Plan Rows": 5698854,
                  "Plan Width": 0,
                  "Actual Startup Time": 27.204,
                  "Actual Total Time": 680.536,
                  "Actual Rows": 4876058,
                  "Actual Loops": 7,
                  "Filter": "(person_id > 207122)",
                  "Rows Removed by Filter": 301705
                }
              ]
            }
          ]
        }
      ]
    },
    "Planning Time": 0.098,
    "Triggers": [],
    "Execution Time": 983.123
  }
]