{
    "Plan": {
        "Node Type": "Aggregate",
        "Strategy": "Plain",
        "Partial Mode": "Finalize",
        "Parallel Aware": false,
        "Startup Cost": 609742.34,
        "Total Cost": 609742.35,
        "Plan Rows": 1,
        "Plan Width": 8,
        "Actual Startup Time": 3028.611,
        "Actual Total Time": 3099.626,
        "Actual Rows": 1,
        "Actual Loops": 1,
        "Output": [
            "count(*)"
        ],
        "Plans": [
            {
                "Node Type": "Gather",
                "Parent Relationship": "Outer",
                "Parallel Aware": false,
                "Startup Cost": 609741.71,
                "Total Cost": 609742.32,
                "Plan Rows": 6,
                "Plan Width": 8,
                "Actual Startup Time": 3007.759,
                "Actual Total Time": 3099.613,
                "Actual Rows": 7,
                "Actual Loops": 1,
                "Output": [
                    "(PARTIAL count(*))"
                ],
                "Workers Planned": 6,
                "Workers Launched": 6,
                "Single Copy": false,
                "Plans": [
                    {
                        "Node Type": "Aggregate",
                        "Strategy": "Plain",
                        "Partial Mode": "Partial",
                        "Parent Relationship": "Outer",
                        "Parallel Aware": false,
                        "Startup Cost": 608741.71,
                        "Total Cost": 608741.72,
                        "Plan Rows": 1,
                        "Plan Width": 8,
                        "Actual Startup Time": 2985.881,
                        "Actual Total Time": 2986.325,
                        "Actual Rows": 1,
                        "Actual Loops": 7,
                        "Output": [
                            "PARTIAL count(*)"
                        ],
                        "Workers": [
                            {
                                "Worker Number": 0,
                                "Actual Startup Time": 2982.368,
                                "Actual Total Time": 2982.374,
                                "Actual Rows": 1,
                                "Actual Loops": 1
                            },
                            {
                                "Worker Number": 1,
                                "Actual Startup Time": 2983.802,
                                "Actual Total Time": 2983.808,
                                "Actual Rows": 1,
                                "Actual Loops": 1
                            },
                            {
                                "Worker Number": 2,
                                "Actual Startup Time": 2982.414,
                                "Actual Total Time": 2982.418,
                                "Actual Rows": 1,
                                "Actual Loops": 1
                            },
                            {
                                "Worker Number": 3,
                                "Actual Startup Time": 2982.381,
                                "Actual Total Time": 2982.387,
                                "Actual Rows": 1,
                                "Actual Loops": 1
                            },
                            {
                                "Worker Number": 4,
                                "Actual Startup Time": 2981.09,
                                "Actual Total Time": 2981.095,
                                "Actual Rows": 1,
                                "Actual Loops": 1
                            },
                            {
                                "Worker Number": 5,
                                "Actual Startup Time": 2982.441,
                                "Actual Total Time": 2982.446,
                                "Actual Rows": 1,
                                "Actual Loops": 1
                            }
                        ],
                        "Plans": [
                            {
                                "Node Type": "Hash Join",
                                "Parent Relationship": "Outer",
                                "Parallel Aware": true,
                                "Join Type": "Inner",
                                "Startup Cost": 255936.03,
                                "Total Cost": 605832.62,
                                "Plan Rows": 1163637,
                                "Plan Width": 0,
                                "Actual Startup Time": 1204.806,
                                "Actual Total Time": 2728.947,
                                "Actual Rows": 5492217,
                                "Actual Loops": 7,
                                "Inner Unique": false,
                                "Hash Cond": "(ci.movie_id = t.id)",
                                "Workers": [
                                    {
                                        "Worker Number": 0,
                                        "Actual Startup Time": 1201.978,
                                        "Actual Total Time": 2728.004,
                                        "Actual Rows": 5677634,
                                        "Actual Loops": 1
                                    },
                                    {
                                        "Worker Number": 1,
                                        "Actual Startup Time": 1200.351,
                                        "Actual Total Time": 2709.016,
                                        "Actual Rows": 4492560,
                                        "Actual Loops": 1
                                    },
                                    {
                                        "Worker Number": 2,
                                        "Actual Startup Time": 1201.704,
                                        "Actual Total Time": 2733.364,
                                        "Actual Rows": 5561588,
                                        "Actual Loops": 1
                                    },
                                    {
                                        "Worker Number": 3,
                                        "Actual Startup Time": 1201.693,
                                        "Actual Total Time": 2729.211,
                                        "Actual Rows": 5642531,
                                        "Actual Loops": 1
                                    },
                                    {
                                        "Worker Number": 4,
                                        "Actual Startup Time": 1200.351,
                                        "Actual Total Time": 2728.307,
                                        "Actual Rows": 5639938,
                                        "Actual Loops": 1
                                    },
                                    {
                                        "Worker Number": 5,
                                        "Actual Startup Time": 1201.691,
                                        "Actual Total Time": 2729.477,
                                        "Actual Rows": 5649508,
                                        "Actual Loops": 1
                                    }
                                ],
                                "Plans": [
                                    {
                                        "Node Type": "Seq Scan",
                                        "Parent Relationship": "Outer",
                                        "Parallel Aware": true,
                                        "Relation Name": "cast_info",
                                        "Schema": "public",
                                        "Alias": "ci",
                                        "Startup Cost": 0.0,
                                        "Total Cost": 343318.94,
                                        "Plan Rows": 1133435,
                                        "Plan Width": 4,
                                        "Actual Startup Time": 330.646,
                                        "Actual Total Time": 686.783,
                                        "Actual Rows": 1505932,
                                        "Actual Loops": 7,
                                        "Output": [
                                            "ci.id",
                                            "ci.person_id",
                                            "ci.movie_id",
                                            "ci.person_role_id",
                                            "ci.note",
                                            "ci.nr_order",
                                            "ci.role_id"
                                        ],
                                        "Filter": "((ci.person_id > 2655042) AND (ci.role_id > 1))",
                                        "Rows Removed by Filter": 3671832,
                                        "Workers": [
                                            {
                                                "Worker Number": 0,
                                                "Actual Startup Time": 330.662,
                                                "Actual Total Time": 688.427,
                                                "Actual Rows": 1535268,
                                                "Actual Loops": 1
                                            },
                                            {
                                                "Worker Number": 1,
                                                "Actual Startup Time": 330.66,
                                                "Actual Total Time": 710.808,
                                                "Actual Rows": 1252359,
                                                "Actual Loops": 1
                                            },
                                            {
                                                "Worker Number": 2,
                                                "Actual Startup Time": 330.654,
                                                "Actual Total Time": 691.615,
                                                "Actual Rows": 1541162,
                                                "Actual Loops": 1
                                            },
                                            {
                                                "Worker Number": 3,
                                                "Actual Startup Time": 330.66,
                                                "Actual Total Time": 692.141,
                                                "Actual Rows": 1551268,
                                                "Actual Loops": 1
                                            },
                                            {
                                                "Worker Number": 4,
                                                "Actual Startup Time": 330.576,
                                                "Actual Total Time": 690.129,
                                                "Actual Rows": 1538677,
                                                "Actual Loops": 1
                                            },
                                            {
                                                "Worker Number": 5,
                                                "Actual Startup Time": 330.644,
                                                "Actual Total Time": 689.936,
                                                "Actual Rows": 1536116,
                                                "Actual Loops": 1
                                            }
                                        ]
                                    },
                                    {
                                        "Node Type": "Hash",
                                        "Parent Relationship": "Inner",
                                        "Parallel Aware": true,
                                        "Startup Cost": 249446.8,
                                        "Total Cost": 249446.8,
                                        "Plan Rows": 519138,
                                        "Plan Width": 8,
                                        "Actual Startup Time": 867.008,
                                        "Actual Total Time": 867.45,
                                        "Actual Rows": 372073,
                                        "Actual Loops": 7,
                                        "Output": [
                                            "t.id",
                                            "mi.movie_id"
                                        ],
                                        "Hash Buckets": 4194304,
                                        "Original Hash Buckets": 4194304,
                                        "Hash Batches": 1,
                                        "Original Hash Batches": 1,
                                        "Peak Memory Usage": 134752,
                                        "Workers": [
                                            {
                                                "Worker Number": 0,
                                                "Actual Startup Time": 870.36,
                                                "Actual Total Time": 870.364,
                                                "Actual Rows": 378550,
                                                "Actual Loops": 1
                                            },
                                            {
                                                "Worker Number": 1,
                                                "Actual Startup Time": 868.711,
                                                "Actual Total Time": 868.715,
                                                "Actual Rows": 304362,
                                                "Actual Loops": 1
                                            },
                                            {
                                                "Worker Number": 2,
                                                "Actual Startup Time": 870.362,
                                                "Actual Total Time": 870.365,
                                                "Actual Rows": 374575,
                                                "Actual Loops": 1
                                            },
                                            {
                                                "Worker Number": 3,
                                                "Actual Startup Time": 870.339,
                                                "Actual Total Time": 870.343,
                                                "Actual Rows": 379862,
                                                "Actual Loops": 1
                                            },
                                            {
                                                "Worker Number": 4,
                                                "Actual Startup Time": 868.556,
                                                "Actual Total Time": 868.559,
                                                "Actual Rows": 378385,
                                                "Actual Loops": 1
                                            },
                                            {
                                                "Worker Number": 5,
                                                "Actual Startup Time": 870.36,
                                                "Actual Total Time": 870.365,
                                                "Actual Rows": 375975,
                                                "Actual Loops": 1
                                            }
                                        ],
                                        "Plans": [
                                            {
                                                "Node Type": "Hash Join",
                                                "Parent Relationship": "Outer",
                                                "Parallel Aware": true,
                                                "Join Type": "Inner",
                                                "Startup Cost": 47820.26,
                                                "Total Cost": 249446.8,
                                                "Plan Rows": 519138,
                                                "Plan Width": 8,
                                                "Actual Startup Time": 190.924,
                                                "Actual Total Time": 704.521,
                                                "Actual Rows": 372073,
                                                "Actual Loops": 7,
                                                "Output": [
                                                    "t.id",
                                                    "mi.movie_id"
                                                ],
                                                "Inner Unique": true,
                                                "Hash Cond": "(mi.movie_id = t.id)",
                                                "Workers": [
                                                    {
                                                        "Worker Number": 0,
                                                        "Actual Startup Time": 190.934,
                                                        "Actual Total Time": 703.966,
                                                        "Actual Rows": 378550,
                                                        "Actual Loops": 1
                                                    },
                                                    {
                                                        "Worker Number": 1,
                                                        "Actual Startup Time": 190.886,
                                                        "Actual Total Time": 704.817,
                                                        "Actual Rows": 304362,
                                                        "Actual Loops": 1
                                                    },
                                                    {
                                                        "Worker Number": 2,
                                                        "Actual Startup Time": 190.912,
                                                        "Actual Total Time": 705.564,
                                                        "Actual Rows": 374575,
                                                        "Actual Loops": 1
                                                    },
                                                    {
                                                        "Worker Number": 3,
                                                        "Actual Startup Time": 190.923,
                                                        "Actual Total Time": 704.64,
                                                        "Actual Rows": 379862,
                                                        "Actual Loops": 1
                                                    },
                                                    {
                                                        "Worker Number": 4,
                                                        "Actual Startup Time": 190.87,
                                                        "Actual Total Time": 705.563,
                                                        "Actual Rows": 378385,
                                                        "Actual Loops": 1
                                                    },
                                                    {
                                                        "Worker Number": 5,
                                                        "Actual Startup Time": 190.902,
                                                        "Actual Total Time": 704.396,
                                                        "Actual Rows": 375975,
                                                        "Actual Loops": 1
                                                    }
                                                ],
                                                "Plans": [
                                                    {
                                                        "Node Type": "Seq Scan",
                                                        "Parent Relationship": "Outer",
                                                        "Parallel Aware": true,
                                                        "Relation Name": "movie_info",
                                                        "Schema": "public",
                                                        "Alias": "mi",
                                                        "Startup Cost": 0.0,
                                                        "Total Cost": 198880.74,
                                                        "Plan Rows": 1046023,
                                                        "Plan Width": 4,
                                                        "Actual Startup Time": 14.134,
                                                        "Actual Total Time": 295.562,
                                                        "Actual Rows": 752938,
                                                        "Actual Loops": 7,
                                                        "Output": [
                                                            "mi.id",
                                                            "mi.movie_id",
                                                            "mi.info_type_id",
                                                            "mi.info",
                                                            "mi.note"
                                                        ],
                                                        "Filter": "(mi.info_type_id > 15)",
                                                        "Rows Removed by Filter": 1366450,
                                                        "Workers": [
                                                            {
                                                                "Worker Number": 0,
                                                                "Actual Startup Time": 14.17,
                                                                "Actual Total Time": 297.771,
                                                                "Actual Rows": 761383,
                                                                "Actual Loops": 1
                                                            },
                                                            {
                                                                "Worker Number": 1,
                                                                "Actual Startup Time": 14.048,
                                                                "Actual Total Time": 307.61,
                                                                "Actual Rows": 607571,
                                                                "Actual Loops": 1
                                                            },
                                                            {
                                                                "Worker Number": 2,
                                                                "Actual Startup Time": 14.145,
                                                                "Actual Total Time": 298.189,
                                                                "Actual Rows": 763539,
                                                                "Actual Loops": 1
                                                            },
                                                            {
                                                                "Worker Number": 3,
                                                                "Actual Startup Time": 14.165,
                                                                "Actual Total Time": 298.126,
                                                                "Actual Rows": 768035,
                                                                "Actual Loops": 1
                                                            },
                                                            {
                                                                "Worker Number": 4,
                                                                "Actual Startup Time": 14.17,
                                                                "Actual Total Time": 298.162,
                                                                "Actual Rows": 762697,
                                                                "Actual Loops": 1
                                                            },
                                                            {
                                                                "Worker Number": 5,
                                                                "Actual Startup Time": 14.077,
                                                                "Actual Total Time": 297.375,
                                                                "Actual Rows": 761869,
                                                                "Actual Loops": 1
                                                            }
                                                        ]
                                                    },
                                                    {
                                                        "Node Type": "Hash",
                                                        "Parent Relationship": "Inner",
                                                        "Parallel Aware": true,
                                                        "Startup Cost": 43899.01,
                                                        "Total Cost": 43899.01,
                                                        "Plan Rows": 313700,
                                                        "Plan Width": 4,
                                                        "Actual Startup Time": 174.66,
                                                        "Actual Total Time": 174.661,
                                                        "Actual Rows": 180042,
                                                        "Actual Loops": 7,
                                                        "Output": [
                                                            "t.id"
                                                        ],
                                                        "Hash Buckets": 2097152,
                                                        "Original Hash Buckets": 2097152,
                                                        "Hash Batches": 1,
                                                        "Original Hash Batches": 1,
                                                        "Peak Memory Usage": 65792,
                                                        "Workers": [
                                                            {
                                                                "Worker Number": 0,
                                                                "Actual Startup Time": 176.69,
                                                                "Actual Total Time": 176.692,
                                                                "Actual Rows": 184840,
                                                                "Actual Loops": 1
                                                            },
                                                            {
                                                                "Worker Number": 1,
                                                                "Actual Startup Time": 176.416,
                                                                "Actual Total Time": 176.417,
                                                                "Actual Rows": 111902,
                                                                "Actual Loops": 1
                                                            },
                                                            {
                                                                "Worker Number": 2,
                                                                "Actual Startup Time": 176.668,
                                                                "Actual Total Time": 176.669,
                                                                "Actual Rows": 184233,
                                                                "Actual Loops": 1
                                                            },
                                                            {
                                                                "Worker Number": 3,
                                                                "Actual Startup Time": 176.661,
                                                                "Actual Total Time": 176.662,
                                                                "Actual Rows": 185991,
                                                                "Actual Loops": 1
                                                            },
                                                            {
                                                                "Worker Number": 4,
                                                                "Actual Startup Time": 176.434,
                                                                "Actual Total Time": 176.435,
                                                                "Actual Rows": 142368,
                                                                "Actual Loops": 1
                                                            },
                                                            {
                                                                "Worker Number": 5,
                                                                "Actual Startup Time": 176.449,
                                                                "Actual Total Time": 176.45,
                                                                "Actual Rows": 183889,
                                                                "Actual Loops": 1
                                                            }
                                                        ],
                                                        "Plans": [
                                                            {
                                                                "Node Type": "Seq Scan",
                                                                "Parent Relationship": "Outer",
                                                                "Parallel Aware": true,
                                                                "Relation Name": "title",
                                                                "Schema": "public",
                                                                "Alias": "t",
                                                                "Startup Cost": 0.0,
                                                                "Total Cost": 43899.01,
                                                                "Plan Rows": 313700,
                                                                "Plan Width": 4,
                                                                "Actual Startup Time": 0.076,
                                                                "Actual Total Time": 83.607,
                                                                "Actual Rows": 180042,
                                                                "Actual Loops": 7,
                                                                "Output": [
                                                                    "t.id"
                                                                ],
                                                                "Filter": "(t.production_year > 2002)",
                                                                "Rows Removed by Filter": 181145,
                                                                "Workers": [
                                                                    {
                                                                        "Worker Number": 0,
                                                                        "Actual Startup Time": 0.077,
                                                                        "Actual Total Time": 84.51,
                                                                        "Actual Rows": 184840,
                                                                        "Actual Loops": 1
                                                                    },
                                                                    {
                                                                        "Worker Number": 1,
                                                                        "Actual Startup Time": 0.105,
                                                                        "Actual Total Time": 88.406,
                                                                        "Actual Rows": 111902,
                                                                        "Actual Loops": 1
                                                                    },
                                                                    {
                                                                        "Worker Number": 2,
                                                                        "Actual Startup Time": 0.078,
                                                                        "Actual Total Time": 84.053,
                                                                        "Actual Rows": 184233,
                                                                        "Actual Loops": 1
                                                                    },
                                                                    {
                                                                        "Worker Number": 3,
                                                                        "Actual Startup Time": 0.07,
                                                                        "Actual Total Time": 84.117,
                                                                        "Actual Rows": 185991,
                                                                        "Actual Loops": 1
                                                                    },
                                                                    {
                                                                        "Worker Number": 4,
                                                                        "Actual Startup Time": 0.104,
                                                                        "Actual Total Time": 86.716,
                                                                        "Actual Rows": 142368,
                                                                        "Actual Loops": 1
                                                                    },
                                                                    {
                                                                        "Worker Number": 5,
                                                                        "Actual Startup Time": 0.076,
                                                                        "Actual Total Time": 83.501,
                                                                        "Actual Rows": 183889,
                                                                        "Actual Loops": 1
                                                                    }
                                                                ]
                                                            }
                                                        ]
                                                    }
                                                ]
                                            }
                                        ]
                                    }
                                ]
                            }
                        ]
                    }
                ]
            }
        ]
    },
    "Planning Time": 1.605,
    "Triggers": [],
    "Execution Time": 3099.73
}