[
  {
    "Plan": {
      "Node Type": "Aggregate",
      "Strategy": "Plain",
      "Partial Mode": "Finalize",
      "Parallel Aware": false,
      "Startup Cost": 635690.36,
      "Total Cost": 635690.37,
      "Plan Rows": 1,
      "Plan Width": 8,
      "Actual Startup Time": 3508.495,
      "Actual Total Time": 3604.138,
      "Actual Rows": 1,
      "Actual Loops": 1,
      "Plans": [
        {
          "Node Type": "Gather",
          "Parent Relationship": "Outer",
          "Parallel Aware": false,
          "Startup Cost": 635689.73,
          "Total Cost": 635690.34,
          "Plan Rows": 6,
          "Plan Width": 8,
          "Actual Startup Time": 3486.402,
          "Actual Total Time": 3604.124,
          "Actual Rows": 7,
          "Actual Loops": 1,
          "Workers Planned": 6,
          "Workers Launched": 6,
          "Single Copy": false,
          "Plans": [
            {
              "Node Type": "Aggregate",
              "Strategy": "Plain",
              "Partial Mode": "Partial",
              "Parent Relationship": "Outer",
              "Parallel Aware": false,
              "Startup Cost": 634689.73,
              "Total Cost": 634689.74,
              "Plan Rows": 1,
              "Plan Width": 8,
              "Actual Startup Time": 3472.062,
              "Actual Total Time": 3472.158,
              "Actual Rows": 1,
              "Actual Loops": 7,
              "Plans": [
                {
                  "Node Type": "Hash Join",
                  "Parent Relationship": "Outer",
                  "Parallel Aware": true,
                  "Join Type": "Inner",
                  "Startup Cost": 255426.28,
                  "Total Cost": 617077.49,
                  "Plan Rows": 7044898,
                  "Plan Width": 0,
                  "Actual Startup Time": 945.14,
                  "Actual Total Time": 3257.517,
                  "Actual Rows": 4746186,
                  "Actual Loops": 7,
                  "Inner Unique": false,
                  "Hash Cond": "(ci.movie_id = t.id)",
                  "Plans": [
                    {
                      "Node Type": "Seq Scan",
                      "Parent Relationship": "Outer",
                      "Parallel Aware": true,
                      "Relation Name": "cast_info",
                      "Alias": "ci",
                      "Startup Cost": 0.0,
                      "Total Cost": 328211.39,
                      "Plan Rows": 5160007,
                      "Plan Width": 4,
                      "Actual Startup Time": 56.733,
                      "Actual Total Time": 665.219,
                      "Actual Rows": 4397229,
                      "Actual Loops": 7,
                      "Filter": "(person_id > 527104)",
                      "Rows Removed by Filter": 780535
                    },
                    {
                      "Node Type": "Hash",
                      "Parent Relationship": "Inner",
                      "Parallel Aware": true,
                      "Startup Cost": 246796.22,
                      "Total Cost": 246796.22,
                      "Plan Rows": 690405,
                      "Plan Width": 8,
                      "Actual Startup Time": 883.324,
                      "Actual Total Time": 883.419,
                      "Actual Rows": 314709,
                      "Actual Loops": 7,
                      "Hash Buckets": 4194304,
                      "Original Hash Buckets": 4194304,
                      "Hash Batches": 1,
                      "Original Hash Batches": 1,
                      "Peak Memory Usage": 119072,
                      "Plans": [
                        {
                          "Node Type": "Hash Join",
                          "Parent Relationship": "Outer",
                          "Parallel Aware": true,
                          "Join Type": "Inner",
                          "Startup Cost": 47316.81,
                          "Total Cost": 246796.22,
                          "Plan Rows": 690405,
                          "Plan Width": 8,
                          "Actual Startup Time": 116.748,
                          "Actual Total Time": 747.565,
                          "Actual Rows": 314709,
                          "Actual Loops": 7,
                          "Inner Unique": true,
                          "Hash Cond": "(mi.movie_id = t.id)",
                          "Plans": [
                            {
                              "Node Type": "Seq Scan",
                              "Parent Relationship": "Outer",
                              "Parallel Aware": true,
                              "Relation Name": "movie_info",
                              "Alias": "mi",
                              "Startup Cost": 0.0,
                              "Total Cost": 191685.19,
                              "Plan Rows": 2969219,
                              "Plan Width": 4,
                              "Actual Startup Time": 0.032,
                              "Actual Total Time": 276.941,
                              "Actual Rows": 2119389,
                              "Actual Loops": 7
                            },
                            {
                              "Node Type": "Hash",
                              "Parent Relationship": "Inner",
                              "Parallel Aware": true,
                              "Startup Cost": 45479.59,
                              "Total Cost": 45479.59,
                              "Plan Rows": 146978,
                              "Plan Width": 4,
                              "Actual Startup Time": 115.627,
                              "Actual Total Time": 115.628,
                              "Actual Rows": 67297,
                              "Actual Loops": 7,
                              "Hash Buckets": 1048576,
                              "Original Hash Buckets": 1048576,
                              "Hash Batches": 1,
                              "Original Hash Batches": 1,
                              "Peak Memory Usage": 26720,
                              "Plans": [
                                {
                                  "Node Type": "Seq Scan",
                                  "Parent Relationship": "Outer",
                                  "Parallel Aware": true,
                                  "Relation Name": "title",
                                  "Alias": "t",
                                  "Startup Cost": 0.0,
                                  "Total Cost": 45479.59,
                                  "Plan Rows": 146978,
                                  "Plan Width": 4,
                                  "Actual Startup Time": 0.038,
                                  "Actual Total Time": 78.778,
                                  "Actual Rows": 67297,
                                  "Actual Loops": 7,
                                  "Filter": "((kind_id > 1) AND (production_year < 1995))",
                                  "Rows Removed by Filter": 293891
                                }
                              ]
                            }
                          ]
                        }
                      ]
                    }
                  ]
                }
              ]
            }
          ]
        }
      ]
    },
    "Planning Time": 0.561,
    "Triggers": [],
    "Execution Time": 3604.206
  }
]