{
  "Plan": {
    "Node Type": "Aggregate",
    "Strategy": "Plain",
    "Partial Mode": "Finalize",
    "Parallel Aware": false,
    "Startup Cost": 510644.3,
    "Total Cost": 510644.31,
    "Plan Rows": 1,
    "Plan Width": 8,
    "Actual Startup Time": 1904.485,
    "Actual Total Time": 1938.436,
    "Actual Rows": 1,
    "Actual Loops": 1,
    "Plans": [
      {
        "Node Type": "Gather",
        "Parent Relationship": "Outer",
        "Parallel Aware": false,
        "Startup Cost": 510644.19,
        "Total Cost": 510644.3,
        "Plan Rows": 1,
        "Plan Width": 8,
        "Actual Startup Time": 1903.261,
        "Actual Total Time": 1938.429,
        "Actual Rows": 2,
        "Actual Loops": 1,
        "Workers Planned": 1,
        "Workers Launched": 1,
        "Single Copy": false,
        "Plans": [
          {
            "Node Type": "Aggregate",
            "Strategy": "Plain",
            "Partial Mode": "Partial",
            "Parent Relationship": "Outer",
            "Parallel Aware": false,
            "Startup Cost": 509644.19,
            "Total Cost": 509644.2,
            "Plan Rows": 1,
            "Plan Width": 8,
            "Actual Startup Time": 1897.165,
            "Actual Total Time": 1897.169,
            "Actual Rows": 1,
            "Actual Loops": 2,
            "Plans": [
              {
                "Node Type": "Nested Loop",
                "Parent Relationship": "Outer",
                "Parallel Aware": false,
                "Join Type": "Inner",
                "Startup Cost": 58528.03,
                "Total Cost": 508775.54,
                "Plan Rows": 347457,
                "Plan Width": 0,
                "Actual Startup Time": 519.612,
                "Actual Total Time": 1878.207,
                "Actual Rows": 420638,
                "Actual Loops": 2,
                "Inner Unique": false,
                "Join Filter": "(t.id = mc.movie_id)",
                "Rows Removed by Join Filter": 0,
                "Plans": [
                  {
                    "Node Type": "Hash Join",
                    "Parent Relationship": "Outer",
                    "Parallel Aware": true,
                    "Join Type": "Inner",
                    "Startup Cost": 58527.6,
                    "Total Cost": 299381.49,
                    "Plan Rows": 336692,
                    "Plan Width": 8,
                    "Actual Startup Time": 519.5,
                    "Actual Total Time": 1152.062,
                    "Actual Rows": 288084,
                    "Actual Loops": 2,
                    "Inner Unique": true,
                    "Hash Cond": "(ci.movie_id = t.id)",
                    "Plans": [
                      {
                        "Node Type": "Index Scan",
                        "Parent Relationship": "Outer",
                        "Parallel Aware": true,
                        "Scan Direction": "Forward",
                        "Index Name": "role_id_cast_info",
                        "Relation Name": "cast_info",
                        "Alias": "ci",
                        "Startup Cost": 0.56,
                        "Total Cost": 236682.84,
                        "Plan Rows": 1589183,
                        "Plan Width": 4,
                        "Actual Startup Time": 294.635,
                        "Actual Total Time": 536.981,
                        "Actual Rows": 1361590,
                        "Actual Loops": 2,
                        "Index Cond": "(role_id = 2)",
                        "Rows Removed by Index Recheck": 0,
                        "Filter": "(person_id > 2347866)",
                        "Rows Removed by Filter": 2364396
                      },
                      {
                        "Node Type": "Hash",
                        "Parent Relationship": "Inner",
                        "Parallel Aware": true,
                        "Startup Cost": 54588.39,
                        "Total Cost": 54588.39,
                        "Plan Rows": 315092,
                        "Plan Width": 4,
                        "Actual Startup Time": 216.943,
                        "Actual Total Time": 216.944,
                        "Actual Rows": 266684,
                        "Actual Loops": 2,
                        "Hash Buckets": 1048576,
                        "Original Hash Buckets": 1048576,
                        "Hash Batches": 1,
                        "Original Hash Batches": 1,
                        "Peak Memory Usage": 29088,
                        "Plans": [
                          {
                            "Node Type": "Seq Scan",
                            "Parent Relationship": "Outer",
                            "Parallel Aware": true,
                            "Relation Name": "title",
                            "Alias": "t",
                            "Startup Cost": 0.0,
                            "Total Cost": 54588.39,
                            "Plan Rows": 315092,
                            "Plan Width": 4,
                            "Actual Startup Time": 0.031,
                            "Actual Total Time": 143.868,
                            "Actual Rows": 266684,
                            "Actual Loops": 2,
                            "Filter": "(production_year > 2009)",
                            "Rows Removed by Filter": 997472
                          }
                        ]
                      }
                    ]
                  },
                  {
                    "Node Type": "Index Only Scan",
                    "Parent Relationship": "Inner",
                    "Parallel Aware": false,
                    "Scan Direction": "Forward",
                    "Index Name": "movie_id_movie_companies",
                    "Relation Name": "movie_companies",
                    "Alias": "mc",
                    "Startup Cost": 0.43,
                    "Total Cost": 0.56,
                    "Plan Rows": 5,
                    "Plan Width": 4,
                    "Actual Startup Time": 0.002,
                    "Actual Total Time": 0.002,
                    "Actual Rows": 1,
                    "Actual Loops": 576168,
                    "Index Cond": "(movie_id = ci.movie_id)",
                    "Rows Removed by Index Recheck": 0,
                    "Heap Fetches": 841277
                  }
                ]
              }
            ]
          }
        ]
      }
    ]
  },
  "Planning Time": 0.665,
  "Triggers": [],
  "Execution Time": 1938.53
}