[
  {
    "Plan": {
      "Node Type": "Aggregate",
      "Strategy": "Plain",
      "Partial Mode": "Finalize",
      "Parallel Aware": false,
      "Startup Cost": 319383.45,
      "Total Cost": 319383.46,
      "Plan Rows": 1,
      "Plan Width": 8,
      "Actual Startup Time": 254.992,
      "Actual Total Time": 313.045,
      "Actual Rows": 1,
      "Actual Loops": 1,
      "Plans": [
        {
          "Node Type": "Gather",
          "Parent Relationship": "Outer",
          "Parallel Aware": false,
          "Startup Cost": 319383.03,
          "Total Cost": 319383.44,
          "Plan Rows": 4,
          "Plan Width": 8,
          "Actual Startup Time": 254.844,
          "Actual Total Time": 313.033,
          "Actual Rows": 5,
          "Actual Loops": 1,
          "Workers Planned": 4,
          "Workers Launched": 4,
          "Single Copy": false,
          "Plans": [
            {
              "Node Type": "Aggregate",
              "Strategy": "Plain",
              "Partial Mode": "Partial",
              "Parent Relationship": "Outer",
              "Parallel Aware": false,
              "Startup Cost": 318383.03,
              "Total Cost": 318383.04,
              "Plan Rows": 1,
              "Plan Width": 8,
              "Actual Startup Time": 249.306,
              "Actual Total Time": 249.308,
              "Actual Rows": 1,
              "Actual Loops": 5,
              "Plans": [
                {
                  "Node Type": "Nested Loop",
                  "Parent Relationship": "Outer",
                  "Parallel Aware": false,
                  "Join Type": "Inner",
                  "Startup Cost": 0.56,
                  "Total Cost": 318349.33,
                  "Plan Rows": 13483,
                  "Plan Width": 0,
                  "Actual Startup Time": 0.689,
                  "Actual Total Time": 248.72,
                  "Actual Rows": 5156,
                  "Actual Loops": 5,
                  "Inner Unique": false,
                  "Plans": [
                    {
                      "Node Type": "Seq Scan",
                      "Parent Relationship": "Outer",
                      "Parallel Aware": true,
                      "Relation Name": "title",
                      "Alias": "t",
                      "Startup Cost": 0.0,
                      "Total Cost": 43899.32,
                      "Plan Rows": 4193,
                      "Plan Width": 4,
                      "Actual Startup Time": 0.137,
                      "Actual Total Time": 65.259,
                      "Actual Rows": 3314,
                      "Actual Loops": 5,
                      "Filter": "(production_year = 1984)",
                      "Rows Removed by Filter": 502348
                    },
                    {
                      "Node Type": "Index Scan",
                      "Parent Relationship": "Inner",
                      "Parallel Aware": false,
                      "Scan Direction": "Forward",
                      "Index Name": "movie_id_cast_info",
                      "Relation Name": "cast_info",
                      "Alias": "ci",
                      "Startup Cost": 0.56,
                      "Total Cost": 65.37,
                      "Plan Rows": 8,
                      "Plan Width": 4,
                      "Actual Startup Time": 0.043,
                      "Actual Total Time": 0.055,
                      "Actual Rows": 2,
                      "Actual Loops": 16571,
                      "Index Cond": "(movie_id = t.id)",
                      "Rows Removed by Index Recheck": 0,
                      "Filter": "((person_id < 1246003) AND (role_id > 1))",
                      "Rows Removed by Filter": 14
                    }
                  ]
                }
              ]
            }
          ]
        }
      ]
    },
    "Planning Time": 0.715,
    "Triggers": [],
    "Execution Time": 313.144
  }
]