{
  "Plan": {
    "Node Type": "Aggregate",
    "Strategy": "Plain",
    "Partial Mode": "Finalize",
    "Parallel Aware": false,
    "Startup Cost": 327608.68,
    "Total Cost": 327608.69,
    "Plan Rows": 1,
    "Plan Width": 8,
    "Actual Startup Time": 2516.831,
    "Actual Total Time": 2547.621,
    "Actual Rows": 1,
    "Actual Loops": 1,
    "Plans": [
      {
        "Node Type": "Gather",
        "Parent Relationship": "Outer",
        "Parallel Aware": false,
        "Startup Cost": 327608.57,
        "Total Cost": 327608.68,
        "Plan Rows": 1,
        "Plan Width": 8,
        "Actual Startup Time": 2515.336,
        "Actual Total Time": 2547.611,
        "Actual Rows": 2,
        "Actual Loops": 1,
        "Workers Planned": 1,
        "Workers Launched": 1,
        "Single Copy": false,
        "Plans": [
          {
            "Node Type": "Aggregate",
            "Strategy": "Plain",
            "Partial Mode": "Partial",
            "Parent Relationship": "Outer",
            "Parallel Aware": false,
            "Startup Cost": 326608.57,
            "Total Cost": 326608.58,
            "Plan Rows": 1,
            "Plan Width": 8,
            "Actual Startup Time": 2510.054,
            "Actual Total Time": 2510.056,
            "Actual Rows": 1,
            "Actual Loops": 2,
            "Plans": [
              {
                "Node Type": "Merge Join",
                "Parent Relationship": "Outer",
                "Parallel Aware": false,
                "Join Type": "Inner",
                "Startup Cost": 7.15,
                "Total Cost": 325242.26,
                "Plan Rows": 546525,
                "Plan Width": 0,
                "Actual Startup Time": 3.0,
                "Actual Total Time": 2463.677,
                "Actual Rows": 856882,
                "Actual Loops": 2,
                "Inner Unique": false,
                "Merge Cond": "(t.id = mc.movie_id)",
                "Plans": [
                  {
                    "Node Type": "Merge Join",
                    "Parent Relationship": "Outer",
                    "Parallel Aware": false,
                    "Join Type": "Inner",
                    "Startup Cost": 3.12,
                    "Total Cost": 172046.23,
                    "Plan Rows": 529593,
                    "Plan Width": 8,
                    "Actual Startup Time": 1.739,
                    "Actual Total Time": 1255.364,
                    "Actual Rows": 368591,
                    "Actual Loops": 2,
                    "Inner Unique": false,
                    "Merge Cond": "(t.id = mi_idx.movie_id)",
                    "Plans": [
                      {
                        "Node Type": "Index Scan",
                        "Parent Relationship": "Outer",
                        "Parallel Aware": true,
                        "Scan Direction": "Forward",
                        "Index Name": "title_pkey",
                        "Relation Name": "title",
                        "Alias": "t",
                        "Startup Cost": 0.43,
                        "Total Cost": 107365.5,
                        "Plan Rows": 970241,
                        "Plan Width": 4,
                        "Actual Startup Time": 0.079,
                        "Actual Total Time": 766.943,
                        "Actual Rows": 877503,
                        "Actual Loops": 2,
                        "Filter": "((kind_id > 1) AND (production_year > 1958))",
                        "Rows Removed by Filter": 385450
                      },
                      {
                        "Node Type": "Index Only Scan",
                        "Parent Relationship": "Inner",
                        "Parallel Aware": false,
                        "Scan Direction": "Forward",
                        "Index Name": "movie_id_movie_info_idx",
                        "Relation Name": "movie_info_idx",
                        "Alias": "mi_idx",
                        "Startup Cost": 0.43,
                        "Total Cost": 53620.22,
                        "Plan Rows": 1380035,
                        "Plan Width": 4,
                        "Actual Startup Time": 0.168,
                        "Actual Total Time": 316.621,
                        "Actual Rows": 1380030,
                        "Actual Loops": 2,
                        "Heap Fetches": 2760059
                      }
                    ]
                  },
                  {
                    "Node Type": "Index Only Scan",
                    "Parent Relationship": "Inner",
                    "Parallel Aware": false,
                    "Scan Direction": "Forward",
                    "Index Name": "movie_id_movie_companies",
                    "Relation Name": "movie_companies",
                    "Alias": "mc",
                    "Startup Cost": 0.43,
                    "Total Cost": 140059.44,
                    "Plan Rows": 2609129,
                    "Plan Width": 4,
                    "Actual Startup Time": 0.134,
                    "Actual Total Time": 929.479,
                    "Actual Rows": 3180299,
                    "Actual Loops": 2,
                    "Heap Fetches": 6360598
                  }
                ]
              }
            ]
          }
        ]
      }
    ]
  },
  "Planning Time": 0.992,
  "Triggers": [],
  "Execution Time": 2547.709
}