[
  {
    "Plan": {
      "Node Type": "Aggregate",
      "Strategy": "Plain",
      "Partial Mode": "Finalize",
      "Parallel Aware": false,
      "Startup Cost": 381902.56,
      "Total Cost": 381902.57,
      "Plan Rows": 1,
      "Plan Width": 8,
      "Actual Startup Time": 865.025,
      "Actual Total Time": 891.925,
      "Actual Rows": 1,
      "Actual Loops": 1,
      "Plans": [
        {
          "Node Type": "Gather",
          "Parent Relationship": "Outer",
          "Parallel Aware": false,
          "Startup Cost": 381901.94,
          "Total Cost": 381902.55,
          "Plan Rows": 6,
          "Plan Width": 8,
          "Actual Startup Time": 838.091,
          "Actual Total Time": 891.914,
          "Actual Rows": 7,
          "Actual Loops": 1,
          "Workers Planned": 6,
          "Workers Launched": 6,
          "Single Copy": false,
          "Plans": [
            {
              "Node Type": "Aggregate",
              "Strategy": "Plain",
              "Partial Mode": "Partial",
              "Parent Relationship": "Outer",
              "Parallel Aware": false,
              "Startup Cost": 380901.94,
              "Total Cost": 380901.95,
              "Plan Rows": 1,
              "Plan Width": 8,
              "Actual Startup Time": 819.6,
              "Actual Total Time": 819.606,
              "Actual Rows": 1,
              "Actual Loops": 7,
              "Plans": [
                {
                  "Node Type": "Hash Join",
                  "Parent Relationship": "Outer",
                  "Parallel Aware": true,
                  "Join Type": "Inner",
                  "Startup Cost": 119056.26,
                  "Total Cost": 379602.83,
                  "Plan Rows": 519641,
                  "Plan Width": 0,
                  "Actual Startup Time": 436.232,
                  "Actual Total Time": 793.654,
                  "Actual Rows": 460065,
                  "Actual Loops": 7,
                  "Inner Unique": true,
                  "Hash Cond": "(ci.movie_id = t.id)",
                  "Plans": [
                    {
                      "Node Type": "Bitmap Heap Scan",
                      "Parent Relationship": "Outer",
                      "Parallel Aware": true,
                      "Relation Name": "cast_info",
                      "Alias": "ci",
                      "Startup Cost": 68835.88,
                      "Total Cost": 328018.39,
                      "Plan Rows": 519641,
                      "Plan Width": 4,
                      "Actual Startup Time": 151.629,
                      "Actual Total Time": 252.751,
                      "Actual Rows": 460065,
                      "Actual Loops": 7,
                      "Recheck Cond": "(person_id < 311440)",
                      "Rows Removed by Index Recheck": 0,
                      "Exact Heap Blocks": 5908,
                      "Lossy Heap Blocks": 0,
                      "Plans": [
                        {
                          "Node Type": "Bitmap Index Scan",
                          "Parent Relationship": "Outer",
                          "Parallel Aware": false,
                          "Index Name": "person_id_cast_info",
                          "Startup Cost": 0.0,
                          "Total Cost": 68056.42,
                          "Plan Rows": 3117847,
                          "Plan Width": 0,
                          "Actual Startup Time": 145.948,
                          "Actual Total Time": 145.95,
                          "Actual Rows": 3220452,
                          "Actual Loops": 1,
                          "Index Cond": "(person_id < 311440)"
                        }
                      ]
                    },
                    {
                      "Node Type": "Hash",
                      "Parent Relationship": "Inner",
                      "Parallel Aware": true,
                      "Startup Cost": 42319.06,
                      "Total Cost": 42319.06,
                      "Plan Rows": 632106,
                      "Plan Width": 4,
                      "Actual Startup Time": 278.683,
                      "Actual Total Time": 278.685,
                      "Actual Rows": 361187,
                      "Actual Loops": 7,
                      "Hash Buckets": 4194304,
                      "Original Hash Buckets": 4194304,
                      "Hash Batches": 1,
                      "Original Hash Batches": 1,
                      "Peak Memory Usage": 131776,
                      "Plans": [
                        {
                          "Node Type": "Seq Scan",
                          "Parent Relationship": "Outer",
                          "Parallel Aware": true,
                          "Relation Name": "title",
                          "Alias": "t",
                          "Startup Cost": 0.0,
                          "Total Cost": 42319.06,
                          "Plan Rows": 632106,
                          "Plan Width": 4,
                          "Actual Startup Time": 0.048,
                          "Actual Total Time": 83.722,
                          "Actual Rows": 361187,
                          "Actual Loops": 7
                        }
                      ]
                    }
                  ]
                }
              ]
            }
          ]
        }
      ]
    },
    "Planning Time": 0.371,
    "Triggers": [],
    "Execution Time": 891.996
  }
]