[
  {
    "Plan": {
      "Node Type": "Aggregate",
      "Strategy": "Plain",
      "Partial Mode": "Finalize",
      "Parallel Aware": false,
      "Startup Cost": 306281.5,
      "Total Cost": 306281.51,
      "Plan Rows": 1,
      "Plan Width": 8,
      "Actual Startup Time": 223.889,
      "Actual Total Time": 237.363,
      "Actual Rows": 1,
      "Actual Loops": 1,
      "Plans": [
        {
          "Node Type": "Gather",
          "Parent Relationship": "Outer",
          "Parallel Aware": false,
          "Startup Cost": 306281.08,
          "Total Cost": 306281.49,
          "Plan Rows": 4,
          "Plan Width": 8,
          "Actual Startup Time": 221.856,
          "Actual Total Time": 237.351,
          "Actual Rows": 5,
          "Actual Loops": 1,
          "Workers Planned": 4,
          "Workers Launched": 4,
          "Single Copy": false,
          "Plans": [
            {
              "Node Type": "Aggregate",
              "Strategy": "Plain",
              "Partial Mode": "Partial",
              "Parent Relationship": "Outer",
              "Parallel Aware": false,
              "Startup Cost": 305281.08,
              "Total Cost": 305281.09,
              "Plan Rows": 1,
              "Plan Width": 8,
              "Actual Startup Time": 212.07,
              "Actual Total Time": 212.074,
              "Actual Rows": 1,
              "Actual Loops": 5,
              "Plans": [
                {
                  "Node Type": "Hash Join",
                  "Parent Relationship": "Outer",
                  "Parallel Aware": true,
                  "Join Type": "Inner",
                  "Startup Cost": 256918.71,
                  "Total Cost": 305202.73,
                  "Plan Rows": 31338,
                  "Plan Width": 0,
                  "Actual Startup Time": 54.633,
                  "Actual Total Time": 210.482,
                  "Actual Rows": 22339,
                  "Actual Loops": 5,
                  "Inner Unique": false,
                  "Hash Cond": "(t.id = ci.movie_id)",
                  "Plans": [
                    {
                      "Node Type": "Seq Scan",
                      "Parent Relationship": "Outer",
                      "Parallel Aware": true,
                      "Relation Name": "title",
                      "Alias": "t",
                      "Startup Cost": 0.0,
                      "Total Cost": 43898.92,
                      "Plan Rows": 384216,
                      "Plan Width": 4,
                      "Actual Startup Time": 0.022,
                      "Actual Total Time": 93.352,
                      "Actual Rows": 308653,
                      "Actual Loops": 5,
                      "Filter": "(kind_id = 7)",
                      "Rows Removed by Filter": 197010
                    },
                    {
                      "Node Type": "Hash",
                      "Parent Relationship": "Inner",
                      "Parallel Aware": true,
                      "Startup Cost": 256403.16,
                      "Total Cost": 256403.16,
                      "Plan Rows": 41244,
                      "Plan Width": 4,
                      "Actual Startup Time": 52.57,
                      "Actual Total Time": 52.571,
                      "Actual Rows": 40779,
                      "Actual Loops": 5,
                      "Hash Buckets": 262144,
                      "Original Hash Buckets": 262144,
                      "Hash Batches": 1,
                      "Original Hash Batches": 1,
                      "Peak Memory Usage": 10112,
                      "Plans": [
                        {
                          "Node Type": "Bitmap Heap Scan",
                          "Parent Relationship": "Outer",
                          "Parallel Aware": true,
                          "Relation Name": "cast_info",
                          "Alias": "ci",
                          "Startup Cost": 4558.75,
                          "Total Cost": 256403.16,
                          "Plan Rows": 41244,
                          "Plan Width": 4,
                          "Actual Startup Time": 15.515,
                          "Actual Total Time": 32.046,
                          "Actual Rows": 40779,
                          "Actual Loops": 5,
                          "Recheck Cond": "(person_id < 23937)",
                          "Rows Removed by Index Recheck": 0,
                          "Exact Heap Blocks": 993,
                          "Lossy Heap Blocks": 0,
                          "Plans": [
                            {
                              "Node Type": "Bitmap Index Scan",
                              "Parent Relationship": "Outer",
                              "Parallel Aware": false,
                              "Index Name": "person_id_cast_info",
                              "Startup Cost": 0.0,
                              "Total Cost": 4507.2,
                              "Plan Rows": 206218,
                              "Plan Width": 0,
                              "Actual Startup Time": 17.757,
                              "Actual Total Time": 17.758,
                              "Actual Rows": 203895,
                              "Actual Loops": 1,
                              "Index Cond": "(person_id < 23937)"
                            }
                          ]
                        }
                      ]
                    }
                  ]
                }
              ]
            }
          ]
        }
      ]
    },
    "Planning Time": 0.642,
    "Triggers": [],
    "Execution Time": 237.465
  }
]