[
  {
    "Plan": {
      "Node Type": "Aggregate",
      "Strategy": "Plain",
      "Partial Mode": "Finalize",
      "Parallel Aware": false,
      "Startup Cost": 46401.53,
      "Total Cost": 46401.54,
      "Plan Rows": 1,
      "Plan Width": 8,
      "Actual Startup Time": 164.352,
      "Actual Total Time": 173.45,
      "Actual Rows": 1,
      "Actual Loops": 1,
      "Plans": [
        {
          "Node Type": "Gather",
          "Parent Relationship": "Outer",
          "Parallel Aware": false,
          "Startup Cost": 46401.21,
          "Total Cost": 46401.52,
          "Plan Rows": 3,
          "Plan Width": 8,
          "Actual Startup Time": 164.232,
          "Actual Total Time": 173.444,
          "Actual Rows": 4,
          "Actual Loops": 1,
          "Workers Planned": 3,
          "Workers Launched": 3,
          "Single Copy": false,
          "Plans": [
            {
              "Node Type": "Aggregate",
              "Strategy": "Plain",
              "Partial Mode": "Partial",
              "Parent Relationship": "Outer",
              "Parallel Aware": false,
              "Startup Cost": 45401.21,
              "Total Cost": 45401.22,
              "Plan Rows": 1,
              "Plan Width": 8,
              "Actual Startup Time": 156.583,
              "Actual Total Time": 156.584,
              "Actual Rows": 1,
              "Actual Loops": 4,
              "Plans": [
                {
                  "Node Type": "Seq Scan",
                  "Parent Relationship": "Outer",
                  "Parallel Aware": true,
                  "Relation Name": "movie_keyword",
                  "Alias": "mk",
                  "Startup Cost": 0.0,
                  "Total Cost": 42695.65,
                  "Plan Rows": 1082223,
                  "Plan Width": 0,
                  "Actual Startup Time": 0.155,
                  "Actual Total Time": 120.885,
                  "Actual Rows": 835034,
                  "Actual Loops": 4,
                  "Filter": "(keyword_id > 1404)",
                  "Rows Removed by Filter": 295949
                }
              ]
            }
          ]
        }
      ]
    },
    "Planning Time": 0.119,
    "Triggers": [],
    "Execution Time": 173.495
  }
]