[
  {
    "Plan": {
      "Node Type": "Aggregate",
      "Strategy": "Plain",
      "Partial Mode": "Finalize",
      "Parallel Aware": false,
      "Startup Cost": 44485.55,
      "Total Cost": 44485.56,
      "Plan Rows": 1,
      "Plan Width": 8,
      "Actual Startup Time": 145.376,
      "Actual Total Time": 159.047,
      "Actual Rows": 1,
      "Actual Loops": 1,
      "Plans": [
        {
          "Node Type": "Gather",
          "Parent Relationship": "Outer",
          "Parallel Aware": false,
          "Startup Cost": 44485.23,
          "Total Cost": 44485.54,
          "Plan Rows": 3,
          "Plan Width": 8,
          "Actual Startup Time": 145.194,
          "Actual Total Time": 159.035,
          "Actual Rows": 4,
          "Actual Loops": 1,
          "Workers Planned": 3,
          "Workers Launched": 3,
          "Single Copy": false,
          "Plans": [
            {
              "Node Type": "Aggregate",
              "Strategy": "Plain",
              "Partial Mode": "Partial",
              "Parent Relationship": "Outer",
              "Parallel Aware": false,
              "Startup Cost": 43485.23,
              "Total Cost": 43485.24,
              "Plan Rows": 1,
              "Plan Width": 8,
              "Actual Startup Time": 137.889,
              "Actual Total Time": 137.89,
              "Actual Rows": 1,
              "Actual Loops": 4,
              "Plans": [
                {
                  "Node Type": "Seq Scan",
                  "Parent Relationship": "Outer",
                  "Parallel Aware": true,
                  "Relation Name": "movie_keyword",
                  "Alias": "mk",
                  "Startup Cost": 0.0,
                  "Total Cost": 42695.65,
                  "Plan Rows": 315832,
                  "Plan Width": 0,
                  "Actual Startup Time": 4.052,
                  "Actual Total Time": 123.559,
                  "Actual Rows": 243703,
                  "Actual Loops": 4,
                  "Filter": "(keyword_id > 19229)",
                  "Rows Removed by Filter": 887280
                }
              ]
            }
          ]
        }
      ]
    },
    "Planning Time": 0.222,
    "Triggers": [],
    "Execution Time": 159.11
  }
]