[
  {
    "Plan": {
      "Node Type": "Aggregate",
      "Strategy": "Plain",
      "Partial Mode": "Finalize",
      "Parallel Aware": false,
      "Startup Cost": 350389.69,
      "Total Cost": 350389.7,
      "Plan Rows": 1,
      "Plan Width": 8,
      "Actual Startup Time": 801.071,
      "Actual Total Time": 858.843,
      "Actual Rows": 1,
      "Actual Loops": 1,
      "Plans": [
        {
          "Node Type": "Gather",
          "Parent Relationship": "Outer",
          "Parallel Aware": false,
          "Startup Cost": 350389.06,
          "Total Cost": 350389.67,
          "Plan Rows": 6,
          "Plan Width": 8,
          "Actual Startup Time": 800.973,
          "Actual Total Time": 858.832,
          "Actual Rows": 7,
          "Actual Loops": 1,
          "Workers Planned": 6,
          "Workers Launched": 6,
          "Single Copy": false,
          "Plans": [
            {
              "Node Type": "Aggregate",
              "Strategy": "Plain",
              "Partial Mode": "Partial",
              "Parent Relationship": "Outer",
              "Parallel Aware": false,
              "Startup Cost": 349389.06,
              "Total Cost": 349389.07,
              "Plan Rows": 1,
              "Plan Width": 8,
              "Actual Startup Time": 791.589,
              "Actual Total Time": 791.59,
              "Actual Rows": 1,
              "Actual Loops": 7,
              "Plans": [
                {
                  "Node Type": "Seq Scan",
                  "Parent Relationship": "Outer",
                  "Parallel Aware": true,
                  "Relation Name": "cast_info",
                  "Alias": "ci",
                  "Startup Cost": 0.0,
                  "Total Cost": 343257.03,
                  "Plan Rows": 2452814,
                  "Plan Width": 0,
                  "Actual Startup Time": 352.903,
                  "Actual Total Time": 695.709,
                  "Actual Rows": 2150580,
                  "Actual Loops": 7,
                  "Filter": "((person_id > 366464) AND (role_id > 2))",
                  "Rows Removed by Filter": 3027183
                }
              ]
            }
          ]
        }
      ]
    },
    "Planning Time": 0.223,
    "Triggers": [],
    "Execution Time": 858.919
  }
]