{
  "Plan": {
    "Node Type": "Aggregate",
    "Strategy": "Plain",
    "Partial Mode": "Finalize",
    "Parallel Aware": false,
    "Startup Cost": 74468.13,
    "Total Cost": 74468.14,
    "Plan Rows": 1,
    "Plan Width": 8,
    "Actual Startup Time": 218.941,
    "Actual Total Time": 229.411,
    "Actual Rows": 1,
    "Actual Loops": 1,
    "Plans": [
      {
        "Node Type": "Gather",
        "Parent Relationship": "Outer",
        "Parallel Aware": false,
        "Startup Cost": 74468.02,
        "Total Cost": 74468.13,
        "Plan Rows": 1,
        "Plan Width": 8,
        "Actual Startup Time": 218.681,
        "Actual Total Time": 229.403,
        "Actual Rows": 2,
        "Actual Loops": 1,
        "Workers Planned": 1,
        "Workers Launched": 1,
        "Single Copy": false,
        "Plans": [
          {
            "Node Type": "Aggregate",
            "Strategy": "Plain",
            "Partial Mode": "Partial",
            "Parent Relationship": "Outer",
            "Parallel Aware": false,
            "Startup Cost": 73468.02,
            "Total Cost": 73468.03,
            "Plan Rows": 1,
            "Plan Width": 8,
            "Actual Startup Time": 213.098,
            "Actual Total Time": 213.101,
            "Actual Rows": 1,
            "Actual Loops": 2,
            "Plans": [
              {
                "Node Type": "Hash Join",
                "Parent Relationship": "Outer",
                "Parallel Aware": true,
                "Join Type": "Inner",
                "Startup Cost": 54670.89,
                "Total Cost": 73465.01,
                "Plan Rows": 1204,
                "Plan Width": 0,
                "Actual Startup Time": 170.374,
                "Actual Total Time": 213.035,
                "Actual Rows": 842,
                "Actual Loops": 2,
                "Inner Unique": true,
                "Hash Cond": "(mi_idx.movie_id = t.id)",
                "Plans": [
                  {
                    "Node Type": "Seq Scan",
                    "Parent Relationship": "Outer",
                    "Parallel Aware": true,
                    "Relation Name": "movie_info_idx",
                    "Alias": "mi_idx",
                    "Startup Cost": 0.0,
                    "Total Cost": 18082.32,
                    "Plan Rows": 271164,
                    "Plan Width": 4,
                    "Actual Startup Time": 0.02,
                    "Actual Total Time": 52.061,
                    "Actual Rows": 230092,
                    "Actual Loops": 2,
                    "Filter": "(info_type_id > 100)",
                    "Rows Removed by Filter": 459925
                  },
                  {
                    "Node Type": "Hash",
                    "Parent Relationship": "Inner",
                    "Parallel Aware": true,
                    "Startup Cost": 54588.39,
                    "Total Cost": 54588.39,
                    "Plan Rows": 6600,
                    "Plan Width": 4,
                    "Actual Startup Time": 140.751,
                    "Actual Total Time": 140.752,
                    "Actual Rows": 5617,
                    "Actual Loops": 2,
                    "Hash Buckets": 16384,
                    "Original Hash Buckets": 16384,
                    "Hash Batches": 1,
                    "Original Hash Batches": 1,
                    "Peak Memory Usage": 576,
                    "Plans": [
                      {
                        "Node Type": "Seq Scan",
                        "Parent Relationship": "Outer",
                        "Parallel Aware": true,
                        "Relation Name": "title",
                        "Alias": "t",
                        "Startup Cost": 0.0,
                        "Total Cost": 54588.39,
                        "Plan Rows": 6600,
                        "Plan Width": 4,
                        "Actual Startup Time": 75.701,
                        "Actual Total Time": 138.849,
                        "Actual Rows": 5617,
                        "Actual Loops": 2,
                        "Filter": "(production_year < 1903)",
                        "Rows Removed by Filter": 1258539
                      }
                    ]
                  }
                ]
              }
            ]
          }
        ]
      }
    ]
  },
  "Planning Time": 0.435,
  "Triggers": [],
  "Execution Time": 229.485
}