[
    {
        "Bao": {
            "Bao prediction": "NaN",
            "Bao recommended hint": "(no hint)"
        }
    },
    {
        "Plan": {
            "Node Type": "Aggregate",
            "Strategy": "Plain",
            "Partial Mode": "Finalize",
            "Parallel Aware": false,
            "Startup Cost": 321290.48,
            "Total Cost": 321290.49,
            "Plan Rows": 1,
            "Plan Width": 8,
            "Actual Startup Time": 286.302,
            "Actual Total Time": 293.253,
            "Actual Rows": 1,
            "Actual Loops": 1,
            "Output": [
                "count(*)"
            ],
            "Plans": [
                {
                    "Node Type": "Gather",
                    "Parent Relationship": "Outer",
                    "Parallel Aware": false,
                    "Startup Cost": 321289.85,
                    "Total Cost": 321290.46,
                    "Plan Rows": 6,
                    "Plan Width": 8,
                    "Actual Startup Time": 285.264,
                    "Actual Total Time": 293.243,
                    "Actual Rows": 7,
                    "Actual Loops": 1,
                    "Output": [
                        "(PARTIAL count(*))"
                    ],
                    "Workers Planned": 6,
                    "Workers Launched": 6,
                    "Single Copy": false,
                    "Plans": [
                        {
                            "Node Type": "Aggregate",
                            "Strategy": "Plain",
                            "Partial Mode": "Partial",
                            "Parent Relationship": "Outer",
                            "Parallel Aware": false,
                            "Startup Cost": 320289.85,
                            "Total Cost": 320289.86,
                            "Plan Rows": 1,
                            "Plan Width": 8,
                            "Actual Startup Time": 275.057,
                            "Actual Total Time": 275.059,
                            "Actual Rows": 1,
                            "Actual Loops": 7,
                            "Output": [
                                "PARTIAL count(*)"
                            ],
                            "Workers": [
                                {
                                    "Worker Number": 0,
                                    "Actual Startup Time": 272.663,
                                    "Actual Total Time": 272.664,
                                    "Actual Rows": 1,
                                    "Actual Loops": 1
                                },
                                {
                                    "Worker Number": 1,
                                    "Actual Startup Time": 272.867,
                                    "Actual Total Time": 272.868,
                                    "Actual Rows": 1,
                                    "Actual Loops": 1
                                },
                                {
                                    "Worker Number": 2,
                                    "Actual Startup Time": 273.482,
                                    "Actual Total Time": 273.484,
                                    "Actual Rows": 1,
                                    "Actual Loops": 1
                                },
                                {
                                    "Worker Number": 3,
                                    "Actual Startup Time": 273.558,
                                    "Actual Total Time": 273.559,
                                    "Actual Rows": 1,
                                    "Actual Loops": 1
                                },
                                {
                                    "Worker Number": 4,
                                    "Actual Startup Time": 273.836,
                                    "Actual Total Time": 273.837,
                                    "Actual Rows": 1,
                                    "Actual Loops": 1
                                },
                                {
                                    "Worker Number": 5,
                                    "Actual Startup Time": 274.182,
                                    "Actual Total Time": 274.183,
                                    "Actual Rows": 1,
                                    "Actual Loops": 1
                                }
                            ],
                            "Plans": [
                                {
                                    "Node Type": "Bitmap Heap Scan",
                                    "Parent Relationship": "Outer",
                                    "Parallel Aware": true,
                                    "Relation Name": "cast_info",
                                    "Schema": "public",
                                    "Alias": "ci",
                                    "Startup Cost": 60726.2,
                                    "Total Cost": 319143.74,
                                    "Plan Rows": 458444,
                                    "Plan Width": 0,
                                    "Actual Startup Time": 141.136,
                                    "Actual Total Time": 248.56,
                                    "Actual Rows": 400986,
                                    "Actual Loops": 7,
                                    "Recheck Cond": "(ci.person_id < 270410)",
                                    "Rows Removed by Index Recheck": 0,
                                    "Exact Heap Blocks": 5209,
                                    "Lossy Heap Blocks": 0,
                                    "Workers": [
                                        {
                                            "Worker Number": 0,
                                            "Actual Startup Time": 138.949,
                                            "Actual Total Time": 246.523,
                                            "Actual Rows": 342299,
                                            "Actual Loops": 1
                                        },
                                        {
                                            "Worker Number": 1,
                                            "Actual Startup Time": 139.357,
                                            "Actual Total Time": 246.97,
                                            "Actual Rows": 340894,
                                            "Actual Loops": 1
                                        },
                                        {
                                            "Worker Number": 2,
                                            "Actual Startup Time": 139.474,
                                            "Actual Total Time": 247.921,
                                            "Actual Rows": 330981,
                                            "Actual Loops": 1
                                        },
                                        {
                                            "Worker Number": 3,
                                            "Actual Startup Time": 139.741,
                                            "Actual Total Time": 248.217,
                                            "Actual Rows": 327442,
                                            "Actual Loops": 1
                                        },
                                        {
                                            "Worker Number": 4,
                                            "Actual Startup Time": 139.83,
                                            "Actual Total Time": 248.332,
                                            "Actual Rows": 488922,
                                            "Actual Loops": 1
                                        },
                                        {
                                            "Worker Number": 5,
                                            "Actual Startup Time": 140.223,
                                            "Actual Total Time": 248.771,
                                            "Actual Rows": 477094,
                                            "Actual Loops": 1
                                        }
                                    ],
                                    "Plans": [
                                        {
                                            "Node Type": "Bitmap Index Scan",
                                            "Parent Relationship": "Outer",
                                            "Parallel Aware": false,
                                            "Index Name": "person_id_cast_info",
                                            "Startup Cost": 0.0,
                                            "Total Cost": 60038.53,
                                            "Plan Rows": 2750662,
                                            "Plan Width": 0,
                                            "Actual Startup Time": 142.918,
                                            "Actual Total Time": 142.919,
                                            "Actual Rows": 2806901,
                                            "Actual Loops": 1,
                                            "Index Cond": "(ci.person_id < 270410)"
                                        }
                                    ]
                                }
                            ]
                        }
                    ]
                }
            ]
        },
        "Planning Time": 268.182,
        "Triggers": [],
        "Execution Time": 293.328
    }
]