[
  {
    "Plan": {
      "Node Type": "Aggregate",
      "Strategy": "Plain",
      "Partial Mode": "Finalize",
      "Parallel Aware": false,
      "Startup Cost": 291783.39,
      "Total Cost": 291783.4,
      "Plan Rows": 1,
      "Plan Width": 8,
      "Actual Startup Time": 157.747,
      "Actual Total Time": 164.049,
      "Actual Rows": 1,
      "Actual Loops": 1,
      "Plans": [
        {
          "Node Type": "Gather",
          "Parent Relationship": "Outer",
          "Parallel Aware": false,
          "Startup Cost": 291782.76,
          "Total Cost": 291783.37,
          "Plan Rows": 6,
          "Plan Width": 8,
          "Actual Startup Time": 157.136,
          "Actual Total Time": 164.041,
          "Actual Rows": 7,
          "Actual Loops": 1,
          "Workers Planned": 6,
          "Workers Launched": 6,
          "Single Copy": false,
          "Plans": [
            {
              "Node Type": "Aggregate",
              "Strategy": "Plain",
              "Partial Mode": "Partial",
              "Parent Relationship": "Outer",
              "Parallel Aware": false,
              "Startup Cost": 290782.76,
              "Total Cost": 290782.77,
              "Plan Rows": 1,
              "Plan Width": 8,
              "Actual Startup Time": 146.495,
              "Actual Total Time": 146.496,
              "Actual Rows": 1,
              "Actual Loops": 7,
              "Plans": [
                {
                  "Node Type": "Bitmap Heap Scan",
                  "Parent Relationship": "Outer",
                  "Parallel Aware": true,
                  "Relation Name": "cast_info",
                  "Alias": "ci",
                  "Startup Cost": 33719.16,
                  "Total Cost": 290228.1,
                  "Plan Rows": 221867,
                  "Plan Width": 0,
                  "Actual Startup Time": 60.801,
                  "Actual Total Time": 133.819,
                  "Actual Rows": 216762,
                  "Actual Loops": 7,
                  "Recheck Cond": "(person_id < 157421)",
                  "Rows Removed by Index Recheck": 0,
                  "Filter": "(role_id < 10)",
                  "Rows Removed by Filter": 9284,
                  "Exact Heap Blocks": 4200,
                  "Lossy Heap Blocks": 0,
                  "Plans": [
                    {
                      "Node Type": "Bitmap Index Scan",
                      "Parent Relationship": "Outer",
                      "Parallel Aware": false,
                      "Index Name": "person_id_cast_info",
                      "Startup Cost": 0.0,
                      "Total Cost": 33386.36,
                      "Plan Rows": 1528773,
                      "Plan Width": 0,
                      "Actual Startup Time": 67.939,
                      "Actual Total Time": 67.94,
                      "Actual Rows": 1582320,
                      "Actual Loops": 1,
                      "Index Cond": "(person_id < 157421)"
                    }
                  ]
                }
              ]
            }
          ]
        }
      ]
    },
    "Planning Time": 0.145,
    "Triggers": [],
    "Execution Time": 164.101
  }
]