[
  {
    "Plan": {
      "Node Type": "Aggregate",
      "Strategy": "Plain",
      "Partial Mode": "Finalize",
      "Parallel Aware": false,
      "Startup Cost": 32849.95,
      "Total Cost": 32849.96,
      "Plan Rows": 1,
      "Plan Width": 8,
      "Actual Startup Time": 104.393,
      "Actual Total Time": 112.151,
      "Actual Rows": 1,
      "Actual Loops": 1,
      "Plans": [
        {
          "Node Type": "Gather",
          "Parent Relationship": "Outer",
          "Parallel Aware": false,
          "Startup Cost": 32849.63,
          "Total Cost": 32849.94,
          "Plan Rows": 3,
          "Plan Width": 8,
          "Actual Startup Time": 104.285,
          "Actual Total Time": 112.142,
          "Actual Rows": 4,
          "Actual Loops": 1,
          "Workers Planned": 3,
          "Workers Launched": 3,
          "Single Copy": false,
          "Plans": [
            {
              "Node Type": "Aggregate",
              "Strategy": "Plain",
              "Partial Mode": "Partial",
              "Parent Relationship": "Outer",
              "Parallel Aware": false,
              "Startup Cost": 31849.63,
              "Total Cost": 31849.64,
              "Plan Rows": 1,
              "Plan Width": 8,
              "Actual Startup Time": 96.108,
              "Actual Total Time": 96.109,
              "Actual Rows": 1,
              "Actual Loops": 4,
              "Plans": [
                {
                  "Node Type": "Seq Scan",
                  "Parent Relationship": "Outer",
                  "Parallel Aware": true,
                  "Relation Name": "movie_companies",
                  "Alias": "mc",
                  "Startup Cost": 0.0,
                  "Total Cost": 31414.82,
                  "Plan Rows": 173925,
                  "Plan Width": 0,
                  "Actual Startup Time": 0.046,
                  "Actual Total Time": 82.872,
                  "Actual Rows": 186990,
                  "Actual Loops": 4,
                  "Filter": "((company_id < 7340) AND (company_type_id = 1))",
                  "Rows Removed by Filter": 465292
                }
              ]
            }
          ]
        }
      ]
    },
    "Planning Time": 0.218,
    "Triggers": [],
    "Execution Time": 112.207
  }
]