{
  "Plan": {
    "Node Type": "Aggregate",
    "Strategy": "Plain",
    "Partial Mode": "Finalize",
    "Parallel Aware": false,
    "Startup Cost": 581138.09,
    "Total Cost": 581138.1,
    "Plan Rows": 1,
    "Plan Width": 8,
    "Actual Startup Time": 1272.395,
    "Actual Total Time": 1316.584,
    "Actual Rows": 1,
    "Actual Loops": 1,
    "Plans": [
      {
        "Node Type": "Gather",
        "Parent Relationship": "Outer",
        "Parallel Aware": false,
        "Startup Cost": 581137.98,
        "Total Cost": 581138.09,
        "Plan Rows": 1,
        "Plan Width": 8,
        "Actual Startup Time": 1271.656,
        "Actual Total Time": 1316.576,
        "Actual Rows": 2,
        "Actual Loops": 1,
        "Workers Planned": 1,
        "Workers Launched": 1,
        "Single Copy": false,
        "Plans": [
          {
            "Node Type": "Aggregate",
            "Strategy": "Plain",
            "Partial Mode": "Partial",
            "Parent Relationship": "Outer",
            "Parallel Aware": false,
            "Startup Cost": 580137.98,
            "Total Cost": 580137.99,
            "Plan Rows": 1,
            "Plan Width": 8,
            "Actual Startup Time": 1265.54,
            "Actual Total Time": 1265.544,
            "Actual Rows": 1,
            "Actual Loops": 2,
            "Plans": [
              {
                "Node Type": "Hash Join",
                "Parent Relationship": "Outer",
                "Parallel Aware": true,
                "Join Type": "Inner",
                "Startup Cost": 244303.91,
                "Total Cost": 579823.74,
                "Plan Rows": 125696,
                "Plan Width": 0,
                "Actual Startup Time": 923.119,
                "Actual Total Time": 1263.464,
                "Actual Rows": 47070,
                "Actual Loops": 2,
                "Inner Unique": true,
                "Hash Cond": "(ci.movie_id = t.id)",
                "Plans": [
                  {
                    "Node Type": "Bitmap Heap Scan",
                    "Parent Relationship": "Outer",
                    "Parallel Aware": true,
                    "Relation Name": "cast_info",
                    "Alias": "ci",
                    "Startup Cost": 185277.98,
                    "Total Cost": 512272.11,
                    "Plan Rows": 3247882,
                    "Plan Width": 4,
                    "Actual Startup Time": 764.432,
                    "Actual Total Time": 963.653,
                    "Actual Rows": 1189837,
                    "Actual Loops": 2,
                    "Recheck Cond": "(person_id < 841175)",
                    "Rows Removed by Index Recheck": 0,
                    "Filter": "(role_id > 1)",
                    "Rows Removed by Filter": 3088056,
                    "Exact Heap Blocks": 48937,
                    "Lossy Heap Blocks": 0,
                    "Plans": [
                      {
                        "Node Type": "Bitmap Index Scan",
                        "Parent Relationship": "Outer",
                        "Parallel Aware": false,
                        "Index Name": "person_id_cast_info",
                        "Startup Cost": 0.0,
                        "Total Cost": 183897.63,
                        "Plan Rows": 8421475,
                        "Plan Width": 0,
                        "Actual Startup Time": 468.22,
                        "Actual Total Time": 468.22,
                        "Actual Rows": 8555786,
                        "Actual Loops": 1,
                        "Index Cond": "(person_id < 841175)"
                      }
                    ]
                  },
                  {
                    "Node Type": "Hash",
                    "Parent Relationship": "Inner",
                    "Parallel Aware": true,
                    "Startup Cost": 58306.47,
                    "Total Cost": 58306.47,
                    "Plan Rows": 57557,
                    "Plan Width": 4,
                    "Actual Startup Time": 156.308,
                    "Actual Total Time": 156.309,
                    "Actual Rows": 55201,
                    "Actual Loops": 2,
                    "Hash Buckets": 131072,
                    "Original Hash Buckets": 131072,
                    "Hash Batches": 1,
                    "Original Hash Batches": 1,
                    "Peak Memory Usage": 5376,
                    "Plans": [
                      {
                        "Node Type": "Seq Scan",
                        "Parent Relationship": "Outer",
                        "Parallel Aware": true,
                        "Relation Name": "title",
                        "Alias": "t",
                        "Startup Cost": 0.0,
                        "Total Cost": 58306.47,
                        "Plan Rows": 57557,
                        "Plan Width": 4,
                        "Actual Startup Time": 0.053,
                        "Actual Total Time": 141.748,
                        "Actual Rows": 55201,
                        "Actual Loops": 2,
                        "Filter": "((kind_id = 7) AND (production_year = 2012))",
                        "Rows Removed by Filter": 1208955
                      }
                    ]
                  }
                ]
              }
            ]
          }
        ]
      }
    ]
  },
  "Planning Time": 0.522,
  "Triggers": [],
  "Execution Time": 1316.691
}