[
  {
    "Plan": {
      "Node Type": "Aggregate",
      "Strategy": "Plain",
      "Partial Mode": "Finalize",
      "Parallel Aware": false,
      "Startup Cost": 45566.15,
      "Total Cost": 45566.16,
      "Plan Rows": 1,
      "Plan Width": 8,
      "Actual Startup Time": 97.313,
      "Actual Total Time": 108.634,
      "Actual Rows": 1,
      "Actual Loops": 1,
      "Plans": [
        {
          "Node Type": "Gather",
          "Parent Relationship": "Outer",
          "Parallel Aware": false,
          "Startup Cost": 45565.73,
          "Total Cost": 45566.14,
          "Plan Rows": 4,
          "Plan Width": 8,
          "Actual Startup Time": 97.118,
          "Actual Total Time": 108.623,
          "Actual Rows": 5,
          "Actual Loops": 1,
          "Workers Planned": 4,
          "Workers Launched": 4,
          "Single Copy": false,
          "Plans": [
            {
              "Node Type": "Aggregate",
              "Strategy": "Plain",
              "Partial Mode": "Partial",
              "Parent Relationship": "Outer",
              "Parallel Aware": false,
              "Startup Cost": 44565.73,
              "Total Cost": 44565.74,
              "Plan Rows": 1,
              "Plan Width": 8,
              "Actual Startup Time": 92.024,
              "Actual Total Time": 92.026,
              "Actual Rows": 1,
              "Actual Loops": 5,
              "Plans": [
                {
                  "Node Type": "Seq Scan",
                  "Parent Relationship": "Outer",
                  "Parallel Aware": true,
                  "Relation Name": "title",
                  "Alias": "t",
                  "Startup Cost": 0.0,
                  "Total Cost": 43899.32,
                  "Plan Rows": 266563,
                  "Plan Width": 0,
                  "Actual Startup Time": 0.022,
                  "Actual Total Time": 82.137,
                  "Actual Rows": 214953,
                  "Actual Loops": 5,
                  "Filter": "(production_year < 2001)",
                  "Rows Removed by Filter": 290709
                }
              ]
            }
          ]
        }
      ]
    },
    "Planning Time": 0.079,
    "Triggers": [],
    "Execution Time": 108.667
  }
]