[
  {
    "Plan": {
      "Node Type": "Aggregate",
      "Strategy": "Plain",
      "Partial Mode": "Finalize",
      "Parallel Aware": false,
      "Startup Cost": 313148.97,
      "Total Cost": 313148.98,
      "Plan Rows": 1,
      "Plan Width": 8,
      "Actual Startup Time": 1182.702,
      "Actual Total Time": 1236.183,
      "Actual Rows": 1,
      "Actual Loops": 1,
      "Plans": [
        {
          "Node Type": "Gather",
          "Parent Relationship": "Outer",
          "Parallel Aware": false,
          "Startup Cost": 313148.45,
          "Total Cost": 313148.96,
          "Plan Rows": 5,
          "Plan Width": 8,
          "Actual Startup Time": 1175.421,
          "Actual Total Time": 1236.168,
          "Actual Rows": 6,
          "Actual Loops": 1,
          "Workers Planned": 5,
          "Workers Launched": 5,
          "Single Copy": false,
          "Plans": [
            {
              "Node Type": "Aggregate",
              "Strategy": "Plain",
              "Partial Mode": "Partial",
              "Parent Relationship": "Outer",
              "Parallel Aware": false,
              "Startup Cost": 312148.45,
              "Total Cost": 312148.46,
              "Plan Rows": 1,
              "Plan Width": 8,
              "Actual Startup Time": 1162.035,
              "Actual Total Time": 1162.324,
              "Actual Rows": 1,
              "Actual Loops": 6,
              "Plans": [
                {
                  "Node Type": "Hash Join",
                  "Parent Relationship": "Outer",
                  "Parallel Aware": true,
                  "Join Type": "Inner",
                  "Startup Cost": 98860.62,
                  "Total Cost": 309609.24,
                  "Plan Rows": 1015684,
                  "Plan Width": 0,
                  "Actual Startup Time": 407.831,
                  "Actual Total Time": 1114.756,
                  "Actual Rows": 993286,
                  "Actual Loops": 6,
                  "Inner Unique": false,
                  "Hash Cond": "(mi.movie_id = t.id)",
                  "Plans": [
                    {
                      "Node Type": "Seq Scan",
                      "Parent Relationship": "Outer",
                      "Parallel Aware": true,
                      "Relation Name": "movie_info",
                      "Alias": "mi",
                      "Startup Cost": 0.0,
                      "Total Cost": 199108.24,
                      "Plan Rows": 2230394,
                      "Plan Width": 4,
                      "Actual Startup Time": 0.038,
                      "Actual Total Time": 359.661,
                      "Actual Rows": 1868457,
                      "Actual Loops": 6,
                      "Filter": "(info_type_id > 3)",
                      "Rows Removed by Filter": 604163
                    },
                    {
                      "Node Type": "Hash",
                      "Parent Relationship": "Inner",
                      "Parallel Aware": true,
                      "Startup Cost": 94217.87,
                      "Total Cost": 94217.87,
                      "Plan Rows": 371420,
                      "Plan Width": 8,
                      "Actual Startup Time": 402.036,
                      "Actual Total Time": 402.323,
                      "Actual Rows": 98717,
                      "Actual Loops": 6,
                      "Hash Buckets": 2097152,
                      "Original Hash Buckets": 2097152,
                      "Hash Batches": 1,
                      "Original Hash Batches": 1,
                      "Peak Memory Usage": 39648,
                      "Plans": [
                        {
                          "Node Type": "Hash Join",
                          "Parent Relationship": "Outer",
                          "Parallel Aware": true,
                          "Join Type": "Inner",
                          "Startup Cost": 49694.52,
                          "Total Cost": 94217.87,
                          "Plan Rows": 371420,
                          "Plan Width": 8,
                          "Actual Startup Time": 211.018,
                          "Actual Total Time": 354.141,
                          "Actual Rows": 98717,
                          "Actual Loops": 6,
                          "Inner Unique": true,
                          "Hash Cond": "(mk.movie_id = t.id)",
                          "Plans": [
                            {
                              "Node Type": "Seq Scan",
                              "Parent Relationship": "Outer",
                              "Parallel Aware": true,
                              "Relation Name": "movie_keyword",
                              "Alias": "mk",
                              "Startup Cost": 0.0,
                              "Total Cost": 42695.65,
                              "Plan Rows": 696263,
                              "Plan Width": 4,
                              "Actual Startup Time": 0.038,
                              "Actual Total Time": 82.118,
                              "Actual Rows": 362179,
                              "Actual Loops": 6,
                              "Filter": "(keyword_id < 4228)",
                              "Rows Removed by Filter": 391809
                            },
                            {
                              "Node Type": "Hash",
                              "Parent Relationship": "Inner",
                              "Parallel Aware": true,
                              "Startup Cost": 45479.59,
                              "Total Cost": 45479.59,
                              "Plan Rows": 337195,
                              "Plan Width": 4,
                              "Actual Startup Time": 208.238,
                              "Actual Total Time": 208.239,
                              "Actual Rows": 220948,
                              "Actual Loops": 6,
                              "Hash Buckets": 2097152,
                              "Original Hash Buckets": 2097152,
                              "Hash Batches": 1,
                              "Original Hash Batches": 1,
                              "Peak Memory Usage": 68352,
                              "Plans": [
                                {
                                  "Node Type": "Seq Scan",
                                  "Parent Relationship": "Outer",
                                  "Parallel Aware": true,
                                  "Relation Name": "title",
                                  "Alias": "t",
                                  "Startup Cost": 0.0,
                                  "Total Cost": 45479.59,
                                  "Plan Rows": 337195,
                                  "Plan Width": 4,
                                  "Actual Startup Time": 0.059,
                                  "Actual Total Time": 93.964,
                                  "Actual Rows": 220948,
                                  "Actual Loops": 6,
                                  "Filter": "((kind_id > 2) AND (production_year < 2010))",
                                  "Rows Removed by Filter": 200437
                                }
                              ]
                            }
                          ]
                        }
                      ]
                    }
                  ]
                }
              ]
            }
          ]
        }
      ]
    },
    "Planning Time": 1.095,
    "Triggers": [],
    "Execution Time": 1236.259
  }
]