[
    {
        "Bao": {
            "Bao prediction": 403.219,
            "Bao recommended hint": "SET enable_mergejoin TO off; "
        }
    },
    {
        "Plan": {
            "Node Type": "Aggregate",
            "Strategy": "Plain",
            "Partial Mode": "Simple",
            "Parallel Aware": false,
            "Startup Cost": 23263.94,
            "Total Cost": 23263.95,
            "Plan Rows": 1,
            "Plan Width": 96,
            "Actual Startup Time": 1696.312,
            "Actual Total Time": 1773.302,
            "Actual Rows": 1,
            "Actual Loops": 1,
            "Output": [
                "min(cn.name)",
                "min(mi_idx.info)",
                "min(t.title)"
            ],
            "Plans": [
                {
                    "Node Type": "Gather",
                    "Parent Relationship": "Outer",
                    "Parallel Aware": false,
                    "Startup Cost": 1007.63,
                    "Total Cost": 23263.93,
                    "Plan Rows": 2,
                    "Plan Width": 41,
                    "Actual Startup Time": 33.625,
                    "Actual Total Time": 1771.946,
                    "Actual Rows": 6967,
                    "Actual Loops": 1,
                    "Output": [
                        "cn.name",
                        "mi_idx.info",
                        "t.title"
                    ],
                    "Workers Planned": 2,
                    "Workers Launched": 2,
                    "Single Copy": false,
                    "Plans": [
                        {
                            "Node Type": "Nested Loop",
                            "Parent Relationship": "Outer",
                            "Parallel Aware": false,
                            "Join Type": "Inner",
                            "Startup Cost": 7.63,
                            "Total Cost": 22263.73,
                            "Plan Rows": 1,
                            "Plan Width": 41,
                            "Actual Startup Time": 17.793,
                            "Actual Total Time": 1683.899,
                            "Actual Rows": 2322,
                            "Actual Loops": 3,
                            "Output": [
                                "cn.name",
                                "mi_idx.info",
                                "t.title"
                            ],
                            "Inner Unique": true,
                            "Workers": [
                                {
                                    "Worker Number": 0,
                                    "Actual Startup Time": 18.113,
                                    "Actual Total Time": 1679.658,
                                    "Actual Rows": 2241,
                                    "Actual Loops": 1
                                },
                                {
                                    "Worker Number": 1,
                                    "Actual Startup Time": 3.41,
                                    "Actual Total Time": 1680.546,
                                    "Actual Rows": 1952,
                                    "Actual Loops": 1
                                }
                            ],
                            "Plans": [
                                {
                                    "Node Type": "Hash Join",
                                    "Parent Relationship": "Outer",
                                    "Parallel Aware": false,
                                    "Join Type": "Inner",
                                    "Startup Cost": 7.21,
                                    "Total Cost": 22262.84,
                                    "Plan Rows": 2,
                                    "Plan Width": 26,
                                    "Actual Startup Time": 11.748,
                                    "Actual Total Time": 1647.499,
                                    "Actual Rows": 5879,
                                    "Actual Loops": 3,
                                    "Output": [
                                        "mc.company_id",
                                        "mi_idx.info",
                                        "t.title"
                                    ],
                                    "Inner Unique": true,
                                    "Hash Cond": "(mc.company_type_id = ct.id)",
                                    "Workers": [
                                        {
                                            "Worker Number": 0,
                                            "Actual Startup Time": 17.964,
                                            "Actual Total Time": 1642.695,
                                            "Actual Rows": 5521,
                                            "Actual Loops": 1
                                        },
                                        {
                                            "Worker Number": 1,
                                            "Actual Startup Time": 2.478,
                                            "Actual Total Time": 1644.626,
                                            "Actual Rows": 5088,
                                            "Actual Loops": 1
                                        }
                                    ],
                                    "Plans": [
                                        {
                                            "Node Type": "Nested Loop",
                                            "Parent Relationship": "Outer",
                                            "Parallel Aware": false,
                                            "Join Type": "Inner",
                                            "Startup Cost": 6.15,
                                            "Total Cost": 22261.73,
                                            "Plan Rows": 8,
                                            "Plan Width": 30,
                                            "Actual Startup Time": 11.338,
                                            "Actual Total Time": 1643.77,
                                            "Actual Rows": 16665,
                                            "Actual Loops": 3,
                                            "Output": [
                                                "mc.company_type_id",
                                                "mc.company_id",
                                                "mi_idx.info",
                                                "t.title"
                                            ],
                                            "Inner Unique": false,
                                            "Workers": [
                                                {
                                                    "Worker Number": 0,
                                                    "Actual Startup Time": 17.443,
                                                    "Actual Total Time": 1638.703,
                                                    "Actual Rows": 15742,
                                                    "Actual Loops": 1
                                                },
                                                {
                                                    "Worker Number": 1,
                                                    "Actual Startup Time": 1.97,
                                                    "Actual Total Time": 1640.696,
                                                    "Actual Rows": 14547,
                                                    "Actual Loops": 1
                                                }
                                            ],
                                            "Plans": [
                                                {
                                                    "Node Type": "Hash Join",
                                                    "Parent Relationship": "Outer",
                                                    "Parallel Aware": false,
                                                    "Join Type": "Inner",
                                                    "Startup Cost": 5.72,
                                                    "Total Cost": 22261.09,
                                                    "Plan Rows": 1,
                                                    "Plan Width": 34,
                                                    "Actual Startup Time": 11.205,
                                                    "Actual Total Time": 1601.52,
                                                    "Actual Rows": 3077,
                                                    "Actual Loops": 3,
                                                    "Output": [
                                                        "mi.movie_id",
                                                        "mi_idx.info",
                                                        "mi_idx.movie_id",
                                                        "t.title",
                                                        "t.id"
                                                    ],
                                                    "Inner Unique": true,
                                                    "Hash Cond": "(mi.info_type_id = it1.id)",
                                                    "Workers": [
                                                        {
                                                            "Worker Number": 0,
                                                            "Actual Startup Time": 17.32,
                                                            "Actual Total Time": 1596.436,
                                                            "Actual Rows": 2828,
                                                            "Actual Loops": 1
                                                        },
                                                        {
                                                            "Worker Number": 1,
                                                            "Actual Startup Time": 1.796,
                                                            "Actual Total Time": 1597.3,
                                                            "Actual Rows": 2692,
                                                            "Actual Loops": 1
                                                        }
                                                    ],
                                                    "Plans": [
                                                        {
                                                            "Node Type": "Nested Loop",
                                                            "Parent Relationship": "Outer",
                                                            "Parallel Aware": false,
                                                            "Join Type": "Inner",
                                                            "Startup Cost": 3.29,
                                                            "Total Cost": 22258.23,
                                                            "Plan Rows": 163,
                                                            "Plan Width": 38,
                                                            "Actual Startup Time": 11.097,
                                                            "Actual Total Time": 1599.93,
                                                            "Actual Rows": 3092,
                                                            "Actual Loops": 3,
                                                            "Output": [
                                                                "mi_idx.info",
                                                                "mi_idx.movie_id",
                                                                "mi.movie_id",
                                                                "mi.info_type_id",
                                                                "t.title",
                                                                "t.id"
                                                            ],
                                                            "Inner Unique": false,
                                                            "Workers": [
                                                                {
                                                                    "Worker Number": 0,
                                                                    "Actual Startup Time": 17.205,
                                                                    "Actual Total Time": 1594.8,
                                                                    "Actual Rows": 2841,
                                                                    "Actual Loops": 1
                                                                },
                                                                {
                                                                    "Worker Number": 1,
                                                                    "Actual Startup Time": 1.692,
                                                                    "Actual Total Time": 1595.646,
                                                                    "Actual Rows": 2707,
                                                                    "Actual Loops": 1
                                                                }
                                                            ],
                                                            "Plans": [
                                                                {
                                                                    "Node Type": "Nested Loop",
                                                                    "Parent Relationship": "Outer",
                                                                    "Parallel Aware": false,
                                                                    "Join Type": "Inner",
                                                                    "Startup Cost": 2.86,
                                                                    "Total Cost": 18359.99,
                                                                    "Plan Rows": 2167,
                                                                    "Plan Width": 30,
                                                                    "Actual Startup Time": 0.35,
                                                                    "Actual Total Time": 609.288,
                                                                    "Actual Rows": 87466,
                                                                    "Actual Loops": 3,
                                                                    "Output": [
                                                                        "mi_idx.info",
                                                                        "mi_idx.movie_id",
                                                                        "t.title",
                                                                        "t.id"
                                                                    ],
                                                                    "Inner Unique": true,
                                                                    "Workers": [
                                                                        {
                                                                            "Worker Number": 0,
                                                                            "Actual Startup Time": 0.396,
                                                                            "Actual Total Time": 606.573,
                                                                            "Actual Rows": 79533,
                                                                            "Actual Loops": 1
                                                                        },
                                                                        {
                                                                            "Worker Number": 1,
                                                                            "Actual Startup Time": 0.376,
                                                                            "Actual Total Time": 608.651,
                                                                            "Actual Rows": 75148,
                                                                            "Actual Loops": 1
                                                                        }
                                                                    ],
                                                                    "Plans": [
                                                                        {
                                                                            "Node Type": "Hash Join",
                                                                            "Parent Relationship": "Outer",
                                                                            "Parallel Aware": false,
                                                                            "Join Type": "Inner",
                                                                            "Startup Cost": 2.43,
                                                                            "Total Cost": 16165.89,
                                                                            "Plan Rows": 3382,
                                                                            "Plan Width": 9,
                                                                            "Actual Startup Time": 0.151,
                                                                            "Actual Total Time": 132.383,
                                                                            "Actual Rows": 150097,
                                                                            "Actual Loops": 3,
                                                                            "Output": [
                                                                                "mi_idx.info",
                                                                                "mi_idx.movie_id"
                                                                            ],
                                                                            "Inner Unique": true,
                                                                            "Hash Cond": "(mi_idx.info_type_id = it2.id)",
                                                                            "Workers": [
                                                                                {
                                                                                    "Worker Number": 0,
                                                                                    "Actual Startup Time": 0.166,
                                                                                    "Actual Total Time": 135.568,
                                                                                    "Actual Rows": 135252,
                                                                                    "Actual Loops": 1
                                                                                },
                                                                                {
                                                                                    "Worker Number": 1,
                                                                                    "Actual Startup Time": 0.154,
                                                                                    "Actual Total Time": 131.453,
                                                                                    "Actual Rows": 127591,
                                                                                    "Actual Loops": 1
                                                                                }
                                                                            ],
                                                                            "Plans": [
                                                                                {
                                                                                    "Node Type": "Seq Scan",
                                                                                    "Parent Relationship": "Outer",
                                                                                    "Parallel Aware": true,
                                                                                    "Relation Name": "movie_info_idx",
                                                                                    "Schema": "public",
                                                                                    "Alias": "mi_idx",
                                                                                    "Startup Cost": 0.0,
                                                                                    "Total Cost": 15122.68,
                                                                                    "Plan Rows": 382154,
                                                                                    "Plan Width": 13,
                                                                                    "Actual Startup Time": 0.046,
                                                                                    "Actual Total Time": 81.413,
                                                                                    "Actual Rows": 305485,
                                                                                    "Actual Loops": 3,
                                                                                    "Output": [
                                                                                        "mi_idx.id",
                                                                                        "mi_idx.movie_id",
                                                                                        "mi_idx.info_type_id",
                                                                                        "mi_idx.info",
                                                                                        "mi_idx.note"
                                                                                    ],
                                                                                    "Filter": "(mi_idx.info > '12'::text)",
                                                                                    "Rows Removed by Filter": 154527,
                                                                                    "Workers": [
                                                                                        {
                                                                                            "Worker Number": 0,
                                                                                            "Actual Startup Time": 0.06,
                                                                                            "Actual Total Time": 82.931,
                                                                                            "Actual Rows": 275808,
                                                                                            "Actual Loops": 1
                                                                                        },
                                                                                        {
                                                                                            "Worker Number": 1,
                                                                                            "Actual Startup Time": 0.06,
                                                                                            "Actual Total Time": 80.575,
                                                                                            "Actual Rows": 259376,
                                                                                            "Actual Loops": 1
                                                                                        }
                                                                                    ]
                                                                                },
                                                                                {
                                                                                    "Node Type": "Hash",
                                                                                    "Parent Relationship": "Inner",
                                                                                    "Parallel Aware": false,
                                                                                    "Startup Cost": 2.41,
                                                                                    "Total Cost": 2.41,
                                                                                    "Plan Rows": 1,
                                                                                    "Plan Width": 4,
                                                                                    "Actual Startup Time": 0.044,
                                                                                    "Actual Total Time": 0.047,
                                                                                    "Actual Rows": 1,
                                                                                    "Actual Loops": 3,
                                                                                    "Output": [
                                                                                        "it2.id"
                                                                                    ],
                                                                                    "Hash Buckets": 1024,
                                                                                    "Original Hash Buckets": 1024,
                                                                                    "Hash Batches": 1,
                                                                                    "Original Hash Batches": 1,
                                                                                    "Peak Memory Usage": 9,
                                                                                    "Workers": [
                                                                                        {
                                                                                            "Worker Number": 0,
                                                                                            "Actual Startup Time": 0.046,
                                                                                            "Actual Total Time": 0.047,
                                                                                            "Actual Rows": 1,
                                                                                            "Actual Loops": 1
                                                                                        },
                                                                                        {
                                                                                            "Worker Number": 1,
                                                                                            "Actual Startup Time": 0.039,
                                                                                            "Actual Total Time": 0.04,
                                                                                            "Actual Rows": 1,
                                                                                            "Actual Loops": 1
                                                                                        }
                                                                                    ],
                                                                                    "Plans": [
                                                                                        {
                                                                                            "Node Type": "Seq Scan",
                                                                                            "Parent Relationship": "Outer",
                                                                                            "Parallel Aware": false,
                                                                                            "Relation Name": "info_type",
                                                                                            "Schema": "public",
                                                                                            "Alias": "it2",
                                                                                            "Startup Cost": 0.0,
                                                                                            "Total Cost": 2.41,
                                                                                            "Plan Rows": 1,
                                                                                            "Plan Width": 4,
                                                                                            "Actual Startup Time": 0.027,
                                                                                            "Actual Total Time": 0.031,
                                                                                            "Actual Rows": 1,
                                                                                            "Actual Loops": 3,
                                                                                            "Output": [
                                                                                                "it2.id"
                                                                                            ],
                                                                                            "Filter": "((it2.info)::text = 'rating'::text)",
                                                                                            "Rows Removed by Filter": 112,
                                                                                            "Workers": [
                                                                                                {
                                                                                                    "Worker Number": 0,
                                                                                                    "Actual Startup Time": 0.026,
                                                                                                    "Actual Total Time": 0.03,
                                                                                                    "Actual Rows": 1,
                                                                                                    "Actual Loops": 1
                                                                                                },
                                                                                                {
                                                                                                    "Worker Number": 1,
                                                                                                    "Actual Startup Time": 0.024,
                                                                                                    "Actual Total Time": 0.028,
                                                                                                    "Actual Rows": 1,
                                                                                                    "Actual Loops": 1
                                                                                                }
                                                                                            ]
                                                                                        }
                                                                                    ]
                                                                                }
                                                                            ]
                                                                        },
                                                                        {
                                                                            "Node Type": "Index Scan",
                                                                            "Parent Relationship": "Inner",
                                                                            "Parallel Aware": false,
                                                                            "Scan Direction": "Forward",
                                                                            "Index Name": "title_pkey",
                                                                            "Relation Name": "title",
                                                                            "Schema": "public",
                                                                            "Alias": "t",
                                                                            "Startup Cost": 0.43,
                                                                            "Total Cost": 0.65,
                                                                            "Plan Rows": 1,
                                                                            "Plan Width": 21,
                                                                            "Actual Startup Time": 0.003,
                                                                            "Actual Total Time": 0.003,
                                                                            "Actual Rows": 1,
                                                                            "Actual Loops": 450291,
                                                                            "Output": [
                                                                                "t.id",
                                                                                "t.title",
                                                                                "t.imdb_index",
                                                                                "t.kind_id",
                                                                                "t.production_year",
                                                                                "t.imdb_id",
                                                                                "t.phonetic_code",
                                                                                "t.episode_of_id",
                                                                                "t.season_nr",
                                                                                "t.episode_nr",
                                                                                "t.series_years",
                                                                                "t.md5sum"
                                                                            ],
                                                                            "Index Cond": "(t.id = mi_idx.movie_id)",
                                                                            "Rows Removed by Index Recheck": 0,
                                                                            "Filter": "((t.production_year >= 1996) AND (t.production_year <= 2013))",
                                                                            "Rows Removed by Filter": 0,
                                                                            "Workers": [
                                                                                {
                                                                                    "Worker Number": 0,
                                                                                    "Actual Startup Time": 0.003,
                                                                                    "Actual Total Time": 0.003,
                                                                                    "Actual Rows": 1,
                                                                                    "Actual Loops": 135252
                                                                                },
                                                                                {
                                                                                    "Worker Number": 1,
                                                                                    "Actual Startup Time": 0.003,
                                                                                    "Actual Total Time": 0.003,
                                                                                    "Actual Rows": 1,
                                                                                    "Actual Loops": 127591
                                                                                }
                                                                            ]
                                                                        }
                                                                    ]
                                                                },
                                                                {
                                                                    "Node Type": "Index Scan",
                                                                    "Parent Relationship": "Inner",
                                                                    "Parallel Aware": false,
                                                                    "Scan Direction": "Forward",
                                                                    "Index Name": "movie_id_movie_info",
                                                                    "Relation Name": "movie_info",
                                                                    "Schema": "public",
                                                                    "Alias": "mi",
                                                                    "Startup Cost": 0.43,
                                                                    "Total Cost": 1.79,
                                                                    "Plan Rows": 1,
                                                                    "Plan Width": 8,
                                                                    "Actual Startup Time": 0.011,
                                                                    "Actual Total Time": 0.011,
                                                                    "Actual Rows": 0,
                                                                    "Actual Loops": 262398,
                                                                    "Output": [
                                                                        "mi.id",
                                                                        "mi.movie_id",
                                                                        "mi.info_type_id",
                                                                        "mi.info",
                                                                        "mi.note"
                                                                    ],
                                                                    "Index Cond": "(mi.movie_id = t.id)",
                                                                    "Rows Removed by Index Recheck": 0,
                                                                    "Filter": "(mi.info = ANY ('{Sci-Fi,War}'::text[]))",
                                                                    "Rows Removed by Filter": 14,
                                                                    "Workers": [
                                                                        {
                                                                            "Worker Number": 0,
                                                                            "Actual Startup Time": 0.012,
                                                                            "Actual Total Time": 0.012,
                                                                            "Actual Rows": 0,
                                                                            "Actual Loops": 79533
                                                                        },
                                                                        {
                                                                            "Worker Number": 1,
                                                                            "Actual Startup Time": 0.013,
                                                                            "Actual Total Time": 0.013,
                                                                            "Actual Rows": 0,
                                                                            "Actual Loops": 75148
                                                                        }
                                                                    ]
                                                                }
                                                            ]
                                                        },
                                                        {
                                                            "Node Type": "Hash",
                                                            "Parent Relationship": "Inner",
                                                            "Parallel Aware": false,
                                                            "Startup Cost": 2.41,
                                                            "Total Cost": 2.41,
                                                            "Plan Rows": 1,
                                                            "Plan Width": 4,
                                                            "Actual Startup Time": 0.061,
                                                            "Actual Total Time": 0.062,
                                                            "Actual Rows": 1,
                                                            "Actual Loops": 3,
                                                            "Output": [
                                                                "it1.id"
                                                            ],
                                                            "Hash Buckets": 1024,
                                                            "Original Hash Buckets": 1024,
                                                            "Hash Batches": 1,
                                                            "Original Hash Batches": 1,
                                                            "Peak Memory Usage": 9,
                                                            "Workers": [
                                                                {
                                                                    "Worker Number": 0,
                                                                    "Actual Startup Time": 0.068,
                                                                    "Actual Total Time": 0.069,
                                                                    "Actual Rows": 1,
                                                                    "Actual Loops": 1
                                                                },
                                                                {
                                                                    "Worker Number": 1,
                                                                    "Actual Startup Time": 0.064,
                                                                    "Actual Total Time": 0.065,
                                                                    "Actual Rows": 1,
                                                                    "Actual Loops": 1
                                                                }
                                                            ],
                                                            "Plans": [
                                                                {
                                                                    "Node Type": "Seq Scan",
                                                                    "Parent Relationship": "Outer",
                                                                    "Parallel Aware": false,
                                                                    "Relation Name": "info_type",
                                                                    "Schema": "public",
                                                                    "Alias": "it1",
                                                                    "Startup Cost": 0.0,
                                                                    "Total Cost": 2.41,
                                                                    "Plan Rows": 1,
                                                                    "Plan Width": 4,
                                                                    "Actual Startup Time": 0.029,
                                                                    "Actual Total Time": 0.047,
                                                                    "Actual Rows": 1,
                                                                    "Actual Loops": 3,
                                                                    "Output": [
                                                                        "it1.id"
                                                                    ],
                                                                    "Filter": "((it1.info)::text = 'genres'::text)",
                                                                    "Rows Removed by Filter": 112,
                                                                    "Workers": [
                                                                        {
                                                                            "Worker Number": 0,
                                                                            "Actual Startup Time": 0.035,
                                                                            "Actual Total Time": 0.052,
                                                                            "Actual Rows": 1,
                                                                            "Actual Loops": 1
                                                                        },
                                                                        {
                                                                            "Worker Number": 1,
                                                                            "Actual Startup Time": 0.033,
                                                                            "Actual Total Time": 0.049,
                                                                            "Actual Rows": 1,
                                                                            "Actual Loops": 1
                                                                        }
                                                                    ]
                                                                }
                                                            ]
                                                        }
                                                    ]
                                                },
                                                {
                                                    "Node Type": "Index Scan",
                                                    "Parent Relationship": "Inner",
                                                    "Parallel Aware": false,
                                                    "Scan Direction": "Forward",
                                                    "Index Name": "movie_id_movie_companies",
                                                    "Relation Name": "movie_companies",
                                                    "Schema": "public",
                                                    "Alias": "mc",
                                                    "Startup Cost": 0.43,
                                                    "Total Cost": 0.59,
                                                    "Plan Rows": 5,
                                                    "Plan Width": 12,
                                                    "Actual Startup Time": 0.009,
                                                    "Actual Total Time": 0.012,
                                                    "Actual Rows": 5,
                                                    "Actual Loops": 9231,
                                                    "Output": [
                                                        "mc.id",
                                                        "mc.movie_id",
                                                        "mc.company_id",
                                                        "mc.company_type_id",
                                                        "mc.note"
                                                    ],
                                                    "Index Cond": "(mc.movie_id = t.id)",
                                                    "Rows Removed by Index Recheck": 0,
                                                    "Workers": [
                                                        {
                                                            "Worker Number": 0,
                                                            "Actual Startup Time": 0.01,
                                                            "Actual Total Time": 0.013,
                                                            "Actual Rows": 6,
                                                            "Actual Loops": 2828
                                                        },
                                                        {
                                                            "Worker Number": 1,
                                                            "Actual Startup Time": 0.011,
                                                            "Actual Total Time": 0.014,
                                                            "Actual Rows": 5,
                                                            "Actual Loops": 2692
                                                        }
                                                    ]
                                                }
                                            ]
                                        },
                                        {
                                            "Node Type": "Hash",
                                            "Parent Relationship": "Inner",
                                            "Parallel Aware": false,
                                            "Startup Cost": 1.05,
                                            "Total Cost": 1.05,
                                            "Plan Rows": 1,
                                            "Plan Width": 4,
                                            "Actual Startup Time": 0.063,
                                            "Actual Total Time": 0.063,
                                            "Actual Rows": 1,
                                            "Actual Loops": 3,
                                            "Output": [
                                                "ct.id"
                                            ],
                                            "Hash Buckets": 1024,
                                            "Original Hash Buckets": 1024,
                                            "Hash Batches": 1,
                                            "Original Hash Batches": 1,
                                            "Peak Memory Usage": 9,
                                            "Workers": [
                                                {
                                                    "Worker Number": 0,
                                                    "Actual Startup Time": 0.072,
                                                    "Actual Total Time": 0.073,
                                                    "Actual Rows": 1,
                                                    "Actual Loops": 1
                                                },
                                                {
                                                    "Worker Number": 1,
                                                    "Actual Startup Time": 0.069,
                                                    "Actual Total Time": 0.069,
                                                    "Actual Rows": 1,
                                                    "Actual Loops": 1
                                                }
                                            ],
                                            "Plans": [
                                                {
                                                    "Node Type": "Seq Scan",
                                                    "Parent Relationship": "Outer",
                                                    "Parallel Aware": false,
                                                    "Relation Name": "company_type",
                                                    "Schema": "public",
                                                    "Alias": "ct",
                                                    "Startup Cost": 0.0,
                                                    "Total Cost": 1.05,
                                                    "Plan Rows": 1,
                                                    "Plan Width": 4,
                                                    "Actual Startup Time": 0.042,
                                                    "Actual Total Time": 0.045,
                                                    "Actual Rows": 1,
                                                    "Actual Loops": 3,
                                                    "Output": [
                                                        "ct.id"
                                                    ],
                                                    "Filter": "((ct.kind)::text = 'production companies'::text)",
                                                    "Rows Removed by Filter": 3,
                                                    "Workers": [
                                                        {
                                                            "Worker Number": 0,
                                                            "Actual Startup Time": 0.051,
                                                            "Actual Total Time": 0.054,
                                                            "Actual Rows": 1,
                                                            "Actual Loops": 1
                                                        },
                                                        {
                                                            "Worker Number": 1,
                                                            "Actual Startup Time": 0.048,
                                                            "Actual Total Time": 0.051,
                                                            "Actual Rows": 1,
                                                            "Actual Loops": 1
                                                        }
                                                    ]
                                                }
                                            ]
                                        }
                                    ]
                                },
                                {
                                    "Node Type": "Index Scan",
                                    "Parent Relationship": "Inner",
                                    "Parallel Aware": false,
                                    "Scan Direction": "Forward",
                                    "Index Name": "company_name_pkey",
                                    "Relation Name": "company_name",
                                    "Schema": "public",
                                    "Alias": "cn",
                                    "Startup Cost": 0.42,
                                    "Total Cost": 0.45,
                                    "Plan Rows": 1,
                                    "Plan Width": 23,
                                    "Actual Startup Time": 0.006,
                                    "Actual Total Time": 0.006,
                                    "Actual Rows": 0,
                                    "Actual Loops": 17638,
                                    "Output": [
                                        "cn.id",
                                        "cn.name",
                                        "cn.country_code",
                                        "cn.imdb_id",
                                        "cn.name_pcode_nf",
                                        "cn.name_pcode_sf",
                                        "cn.md5sum"
                                    ],
                                    "Index Cond": "(cn.id = mc.company_id)",
                                    "Rows Removed by Index Recheck": 0,
                                    "Filter": "((cn.country_code)::text = '[us]'::text)",
                                    "Rows Removed by Filter": 1,
                                    "Workers": [
                                        {
                                            "Worker Number": 0,
                                            "Actual Startup Time": 0.006,
                                            "Actual Total Time": 0.006,
                                            "Actual Rows": 0,
                                            "Actual Loops": 5521
                                        },
                                        {
                                            "Worker Number": 1,
                                            "Actual Startup Time": 0.007,
                                            "Actual Total Time": 0.007,
                                            "Actual Rows": 0,
                                            "Actual Loops": 5088
                                        }
                                    ]
                                }
                            ]
                        }
                    ]
                }
            ]
        },
        "Planning Time": 1279.657,
        "Triggers": [],
        "Execution Time": 1774.334
    }
]