[
  {
    "Plan": {
      "Node Type": "Aggregate",
      "Strategy": "Plain",
      "Partial Mode": "Finalize",
      "Parallel Aware": false,
      "Startup Cost": 45742.68,
      "Total Cost": 45742.69,
      "Plan Rows": 1,
      "Plan Width": 8,
      "Actual Startup Time": 174.056,
      "Actual Total Time": 184.986,
      "Actual Rows": 1,
      "Actual Loops": 1,
      "Plans": [
        {
          "Node Type": "Gather",
          "Parent Relationship": "Outer",
          "Parallel Aware": false,
          "Startup Cost": 45742.36,
          "Total Cost": 45742.67,
          "Plan Rows": 3,
          "Plan Width": 8,
          "Actual Startup Time": 173.82,
          "Actual Total Time": 184.977,
          "Actual Rows": 4,
          "Actual Loops": 1,
          "Workers Planned": 3,
          "Workers Launched": 3,
          "Single Copy": false,
          "Plans": [
            {
              "Node Type": "Aggregate",
              "Strategy": "Plain",
              "Partial Mode": "Partial",
              "Parent Relationship": "Outer",
              "Parallel Aware": false,
              "Startup Cost": 44742.36,
              "Total Cost": 44742.37,
              "Plan Rows": 1,
              "Plan Width": 8,
              "Actual Startup Time": 166.401,
              "Actual Total Time": 166.402,
              "Actual Rows": 1,
              "Actual Loops": 4,
              "Plans": [
                {
                  "Node Type": "Seq Scan",
                  "Parent Relationship": "Outer",
                  "Parallel Aware": true,
                  "Relation Name": "movie_keyword",
                  "Alias": "mk",
                  "Startup Cost": 0.0,
                  "Total Cost": 42695.65,
                  "Plan Rows": 818683,
                  "Plan Width": 0,
                  "Actual Startup Time": 0.059,
                  "Actual Total Time": 132.613,
                  "Actual Rows": 634334,
                  "Actual Loops": 4,
                  "Filter": "(keyword_id < 6346)",
                  "Rows Removed by Filter": 496649
                }
              ]
            }
          ]
        }
      ]
    },
    "Planning Time": 0.187,
    "Triggers": [],
    "Execution Time": 185.039
  }
]