[
  {
    "Plan": {
      "Node Type": "Aggregate",
      "Strategy": "Plain",
      "Partial Mode": "Finalize",
      "Parallel Aware": false,
      "Startup Cost": 40044.87,
      "Total Cost": 40044.88,
      "Plan Rows": 1,
      "Plan Width": 8,
      "Actual Startup Time": 139.114,
      "Actual Total Time": 147.741,
      "Actual Rows": 1,
      "Actual Loops": 1,
      "Plans": [
        {
          "Node Type": "Gather",
          "Parent Relationship": "Outer",
          "Parallel Aware": false,
          "Startup Cost": 40044.55,
          "Total Cost": 40044.86,
          "Plan Rows": 3,
          "Plan Width": 8,
          "Actual Startup Time": 138.9,
          "Actual Total Time": 147.733,
          "Actual Rows": 4,
          "Actual Loops": 1,
          "Workers Planned": 3,
          "Workers Launched": 3,
          "Single Copy": false,
          "Plans": [
            {
              "Node Type": "Aggregate",
              "Strategy": "Plain",
              "Partial Mode": "Partial",
              "Parent Relationship": "Outer",
              "Parallel Aware": false,
              "Startup Cost": 39044.55,
              "Total Cost": 39044.56,
              "Plan Rows": 1,
              "Plan Width": 8,
              "Actual Startup Time": 129.889,
              "Actual Total Time": 129.891,
              "Actual Rows": 1,
              "Actual Loops": 4,
              "Plans": [
                {
                  "Node Type": "Bitmap Heap Scan",
                  "Parent Relationship": "Outer",
                  "Parallel Aware": true,
                  "Relation Name": "movie_keyword",
                  "Alias": "mk",
                  "Startup Cost": 11880.7,
                  "Total Cost": 38592.91,
                  "Plan Rows": 180656,
                  "Plan Width": 0,
                  "Actual Startup Time": 50.267,
                  "Actual Total Time": 122.32,
                  "Actual Rows": 137386,
                  "Actual Loops": 4,
                  "Recheck Cond": "(keyword_id > 33526)",
                  "Rows Removed by Index Recheck": 0,
                  "Exact Heap Blocks": 10072,
                  "Lossy Heap Blocks": 0,
                  "Plans": [
                    {
                      "Node Type": "Bitmap Index Scan",
                      "Parent Relationship": "Outer",
                      "Parallel Aware": false,
                      "Index Name": "keyword_id_movie_keyword",
                      "Startup Cost": 0.0,
                      "Total Cost": 11740.7,
                      "Plan Rows": 560035,
                      "Plan Width": 0,
                      "Actual Startup Time": 55.015,
                      "Actual Total Time": 55.015,
                      "Actual Rows": 549545,
                      "Actual Loops": 1,
                      "Index Cond": "(keyword_id > 33526)"
                    }
                  ]
                }
              ]
            }
          ]
        }
      ]
    },
    "Planning Time": 0.159,
    "Triggers": [],
    "Execution Time": 147.811
  }
]