[
  {
    "Plan": {
      "Node Type": "Aggregate",
      "Strategy": "Plain",
      "Partial Mode": "Finalize",
      "Parallel Aware": false,
      "Startup Cost": 45342.02,
      "Total Cost": 45342.03,
      "Plan Rows": 1,
      "Plan Width": 8,
      "Actual Startup Time": 144.435,
      "Actual Total Time": 151.639,
      "Actual Rows": 1,
      "Actual Loops": 1,
      "Plans": [
        {
          "Node Type": "Gather",
          "Parent Relationship": "Outer",
          "Parallel Aware": false,
          "Startup Cost": 45341.71,
          "Total Cost": 45342.02,
          "Plan Rows": 3,
          "Plan Width": 8,
          "Actual Startup Time": 144.189,
          "Actual Total Time": 151.63,
          "Actual Rows": 4,
          "Actual Loops": 1,
          "Workers Planned": 3,
          "Workers Launched": 3,
          "Single Copy": false,
          "Plans": [
            {
              "Node Type": "Aggregate",
              "Strategy": "Plain",
              "Partial Mode": "Partial",
              "Parent Relationship": "Outer",
              "Parallel Aware": false,
              "Startup Cost": 44341.71,
              "Total Cost": 44341.72,
              "Plan Rows": 1,
              "Plan Width": 8,
              "Actual Startup Time": 137.174,
              "Actual Total Time": 137.175,
              "Actual Rows": 1,
              "Actual Loops": 4,
              "Plans": [
                {
                  "Node Type": "Seq Scan",
                  "Parent Relationship": "Outer",
                  "Parallel Aware": true,
                  "Relation Name": "movie_keyword",
                  "Alias": "mk",
                  "Startup Cost": 0.0,
                  "Total Cost": 42695.65,
                  "Plan Rows": 658421,
                  "Plan Width": 0,
                  "Actual Startup Time": 0.941,
                  "Actual Total Time": 113.545,
                  "Actual Rows": 510094,
                  "Actual Loops": 4,
                  "Filter": "(keyword_id > 6026)",
                  "Rows Removed by Filter": 620888
                }
              ]
            }
          ]
        }
      ]
    },
    "Planning Time": 0.154,
    "Triggers": [],
    "Execution Time": 151.727
  }
]