{
  "Plan": {
    "Node Type": "Aggregate",
    "Strategy": "Plain",
    "Partial Mode": "Finalize",
    "Parallel Aware": false,
    "Startup Cost": 467081.92,
    "Total Cost": 467081.93,
    "Plan Rows": 1,
    "Plan Width": 8,
    "Actual Startup Time": 3851.996,
    "Actual Total Time": 3896.831,
    "Actual Rows": 1,
    "Actual Loops": 1,
    "Plans": [
      {
        "Node Type": "Gather",
        "Parent Relationship": "Outer",
        "Parallel Aware": false,
        "Startup Cost": 467081.81,
        "Total Cost": 467081.92,
        "Plan Rows": 1,
        "Plan Width": 8,
        "Actual Startup Time": 3850.44,
        "Actual Total Time": 3896.824,
        "Actual Rows": 2,
        "Actual Loops": 1,
        "Workers Planned": 1,
        "Workers Launched": 1,
        "Single Copy": false,
        "Plans": [
          {
            "Node Type": "Aggregate",
            "Strategy": "Plain",
            "Partial Mode": "Partial",
            "Parent Relationship": "Outer",
            "Parallel Aware": false,
            "Startup Cost": 466081.81,
            "Total Cost": 466081.82,
            "Plan Rows": 1,
            "Plan Width": 8,
            "Actual Startup Time": 3844.12,
            "Actual Total Time": 3844.125,
            "Actual Rows": 1,
            "Actual Loops": 2,
            "Plans": [
              {
                "Node Type": "Hash Join",
                "Parent Relationship": "Outer",
                "Parallel Aware": true,
                "Join Type": "Inner",
                "Startup Cost": 169118.07,
                "Total Cost": 461489.73,
                "Plan Rows": 1836830,
                "Plan Width": 0,
                "Actual Startup Time": 1119.999,
                "Actual Total Time": 3507.313,
                "Actual Rows": 8512039,
                "Actual Loops": 2,
                "Inner Unique": false,
                "Hash Cond": "(mi.movie_id = t.id)",
                "Plans": [
                  {
                    "Node Type": "Seq Scan",
                    "Parent Relationship": "Outer",
                    "Parallel Aware": true,
                    "Relation Name": "movie_info",
                    "Alias": "mi",
                    "Startup Cost": 0.0,
                    "Total Cost": 248955.74,
                    "Plan Rows": 8696274,
                    "Plan Width": 4,
                    "Actual Startup Time": 0.02,
                    "Actual Total Time": 607.384,
                    "Actual Rows": 7417860,
                    "Actual Loops": 2
                  },
                  {
                    "Node Type": "Hash",
                    "Parent Relationship": "Inner",
                    "Parallel Aware": true,
                    "Startup Cost": 165191.4,
                    "Total Cost": 165191.4,
                    "Plan Rows": 314134,
                    "Plan Width": 8,
                    "Actual Startup Time": 1109.482,
                    "Actual Total Time": 1109.485,
                    "Actual Rows": 468828,
                    "Actual Loops": 2,
                    "Hash Buckets": 1048576,
                    "Original Hash Buckets": 1048576,
                    "Hash Batches": 1,
                    "Original Hash Batches": 1,
                    "Peak Memory Usage": 44896,
                    "Plans": [
                      {
                        "Node Type": "Merge Join",
                        "Parent Relationship": "Outer",
                        "Parallel Aware": false,
                        "Join Type": "Inner",
                        "Startup Cost": 3.05,
                        "Total Cost": 165191.4,
                        "Plan Rows": 314134,
                        "Plan Width": 8,
                        "Actual Startup Time": 0.566,
                        "Actual Total Time": 1003.007,
                        "Actual Rows": 468828,
                        "Actual Loops": 2,
                        "Inner Unique": false,
                        "Merge Cond": "(t.id = mi_idx.movie_id)",
                        "Plans": [
                          {
                            "Node Type": "Index Scan",
                            "Parent Relationship": "Outer",
                            "Parallel Aware": true,
                            "Scan Direction": "Forward",
                            "Index Name": "title_pkey",
                            "Relation Name": "title",
                            "Alias": "t",
                            "Startup Cost": 0.43,
                            "Total Cost": 103647.43,
                            "Plan Rows": 575509,
                            "Plan Width": 4,
                            "Actual Startup Time": 0.297,
                            "Actual Total Time": 617.475,
                            "Actual Rows": 485532,
                            "Actual Loops": 2,
                            "Filter": "(kind_id < 6)",
                            "Rows Removed by Filter": 777366
                          },
                          {
                            "Node Type": "Index Only Scan",
                            "Parent Relationship": "Inner",
                            "Parallel Aware": false,
                            "Scan Direction": "Forward",
                            "Index Name": "movie_id_movie_info_idx",
                            "Relation Name": "movie_info_idx",
                            "Alias": "mi_idx",
                            "Startup Cost": 0.43,
                            "Total Cost": 53620.22,
                            "Plan Rows": 1380035,
                            "Plan Width": 4,
                            "Actual Startup Time": 0.128,
                            "Actual Total Time": 264.163,
                            "Actual Rows": 1380035,
                            "Actual Loops": 2,
                            "Heap Fetches": 2760070
                          }
                        ]
                      }
                    ]
                  }
                ]
              }
            ]
          }
        ]
      }
    ]
  },
  "Planning Time": 0.992,
  "Triggers": [],
  "Execution Time": 3896.925
}