[
  {
    "Plan": {
      "Node Type": "Aggregate",
      "Strategy": "Plain",
      "Partial Mode": "Finalize",
      "Parallel Aware": false,
      "Startup Cost": 91978.01,
      "Total Cost": 91978.02,
      "Plan Rows": 1,
      "Plan Width": 68,
      "Actual Startup Time": 428.493,
      "Actual Total Time": 446.138,
      "Actual Rows": 1,
      "Actual Loops": 1,
      "Plans": [
        {
          "Node Type": "Gather",
          "Parent Relationship": "Outer",
          "Parallel Aware": false,
          "Startup Cost": 91977.57,
          "Total Cost": 91977.98,
          "Plan Rows": 4,
          "Plan Width": 68,
          "Actual Startup Time": 427.999,
          "Actual Total Time": 446.119,
          "Actual Rows": 5,
          "Actual Loops": 1,
          "Workers Planned": 4,
          "Workers Launched": 4,
          "Single Copy": false,
          "Plans": [
            {
              "Node Type": "Aggregate",
              "Strategy": "Plain",
              "Partial Mode": "Partial",
              "Parent Relationship": "Outer",
              "Parallel Aware": false,
              "Startup Cost": 90977.57,
              "Total Cost": 90977.58,
              "Plan Rows": 1,
              "Plan Width": 68,
              "Actual Startup Time": 414.748,
              "Actual Total Time": 414.771,
              "Actual Rows": 1,
              "Actual Loops": 5,
              "Plans": [
                {
                  "Node Type": "Hash Join",
                  "Parent Relationship": "Outer",
                  "Parallel Aware": true,
                  "Join Type": "Inner",
                  "Startup Cost": 46713.5,
                  "Total Cost": 90977.56,
                  "Plan Rows": 2,
                  "Plan Width": 45,
                  "Actual Startup Time": 406.36,
                  "Actual Total Time": 414.752,
                  "Actual Rows": 1,
                  "Actual Loops": 5,
                  "Inner Unique": false,
                  "Hash Cond": "(t.id = mc.movie_id)",
                  "Plans": [
                    {
                      "Node Type": "Seq Scan",
                      "Parent Relationship": "Outer",
                      "Parallel Aware": true,
                      "Relation Name": "title",
                      "Alias": "t",
                      "Startup Cost": 0.0,
                      "Total Cost": 43898.79,
                      "Plan Rows": 97402,
                      "Plan Width": 25,
                      "Actual Startup Time": 0.05,
                      "Actual Total Time": 178.504,
                      "Actual Rows": 78333,
                      "Actual Loops": 5,
                      "Filter": "(production_year > 2010)",
                      "Rows Removed by Filter": 427329
                    },
                    {
                      "Node Type": "Hash",
                      "Parent Relationship": "Inner",
                      "Parallel Aware": true,
                      "Startup Cost": 46713.22,
                      "Total Cost": 46713.22,
                      "Plan Rows": 23,
                      "Plan Width": 32,
                      "Actual Startup Time": 226.36,
                      "Actual Total Time": 226.378,
                      "Actual Rows": 5,
                      "Actual Loops": 5,
                      "Hash Buckets": 1024,
                      "Original Hash Buckets": 1024,
                      "Hash Batches": 1,
                      "Original Hash Batches": 1,
                      "Peak Memory Usage": 72,
                      "Plans": [
                        {
                          "Node Type": "Hash Join",
                          "Parent Relationship": "Outer",
                          "Parallel Aware": true,
                          "Join Type": "Inner",
                          "Startup Cost": 31442.88,
                          "Total Cost": 46713.22,
                          "Plan Rows": 23,
                          "Plan Width": 32,
                          "Actual Startup Time": 225.915,
                          "Actual Total Time": 225.973,
                          "Actual Rows": 5,
                          "Actual Loops": 5,
                          "Inner Unique": false,
                          "Hash Cond": "(mi_idx.movie_id = mc.movie_id)",
                          "Plans": [
                            {
                              "Node Type": "Hash Join",
                              "Parent Relationship": "Outer",
                              "Parallel Aware": false,
                              "Join Type": "Inner",
                              "Startup Cost": 2.43,
                              "Total Cost": 15253.6,
                              "Plan Rows": 5089,
                              "Plan Width": 4,
                              "Actual Startup Time": 64.009,
                              "Actual Total Time": 64.025,
                              "Actual Rows": 50,
                              "Actual Loops": 5,
                              "Inner Unique": true,
                              "Hash Cond": "(mi_idx.info_type_id = it.id)",
                              "Plans": [
                                {
                                  "Node Type": "Seq Scan",
                                  "Parent Relationship": "Outer",
                                  "Parallel Aware": true,
                                  "Relation Name": "movie_info_idx",
                                  "Alias": "mi_idx",
                                  "Startup Cost": 0.0,
                                  "Total Cost": 13685.15,
                                  "Plan Rows": 575015,
                                  "Plan Width": 8,
                                  "Actual Startup Time": 0.029,
                                  "Actual Total Time": 42.3,
                                  "Actual Rows": 276007,
                                  "Actual Loops": 5
                                },
                                {
                                  "Node Type": "Hash",
                                  "Parent Relationship": "Inner",
                                  "Parallel Aware": false,
                                  "Startup Cost": 2.41,
                                  "Total Cost": 2.41,
                                  "Plan Rows": 1,
                                  "Plan Width": 4,
                                  "Actual Startup Time": 0.065,
                                  "Actual Total Time": 0.067,
                                  "Actual Rows": 1,
                                  "Actual Loops": 5,
                                  "Hash Buckets": 1024,
                                  "Original Hash Buckets": 1024,
                                  "Hash Batches": 1,
                                  "Original Hash Batches": 1,
                                  "Peak Memory Usage": 9,
                                  "Plans": [
                                    {
                                      "Node Type": "Seq Scan",
                                      "Parent Relationship": "Outer",
                                      "Parallel Aware": false,
                                      "Relation Name": "info_type",
                                      "Alias": "it",
                                      "Startup Cost": 0.0,
                                      "Total Cost": 2.41,
                                      "Plan Rows": 1,
                                      "Plan Width": 4,
                                      "Actual Startup Time": 0.048,
                                      "Actual Total Time": 0.049,
                                      "Actual Rows": 1,
                                      "Actual Loops": 5,
                                      "Filter": "((info)::text = 'top 250 rank'::text)",
                                      "Rows Removed by Filter": 112
                                    }
                                  ]
                                }
                              ]
                            },
                            {
                              "Node Type": "Hash",
                              "Parent Relationship": "Inner",
                              "Parallel Aware": true,
                              "Startup Cost": 31431.45,
                              "Total Cost": 31431.45,
                              "Plan Rows": 720,
                              "Plan Width": 28,
                              "Actual Startup Time": 161.769,
                              "Actual Total Time": 161.78,
                              "Actual Rows": 3562,
                              "Actual Loops": 5,
                              "Hash Buckets": 32768,
                              "Original Hash Buckets": 4096,
                              "Hash Batches": 1,
                              "Original Hash Batches": 1,
                              "Peak Memory Usage": 1568,
                              "Plans": [
                                {
                                  "Node Type": "Hash Join",
                                  "Parent Relationship": "Outer",
                                  "Parallel Aware": false,
                                  "Join Type": "Inner",
                                  "Startup Cost": 1.06,
                                  "Total Cost": 31431.45,
                                  "Plan Rows": 720,
                                  "Plan Width": 28,
                                  "Actual Startup Time": 113.309,
                                  "Actual Total Time": 155.533,
                                  "Actual Rows": 3562,
                                  "Actual Loops": 5,
                                  "Inner Unique": true,
                                  "Hash Cond": "(mc.company_type_id = ct.id)",
                                  "Plans": [
                                    {
                                      "Node Type": "Seq Scan",
                                      "Parent Relationship": "Outer",
                                      "Parallel Aware": true,
                                      "Relation Name": "movie_companies",
                                      "Alias": "mc",
                                      "Startup Cost": 0.0,
                                      "Total Cost": 31414.82,
                                      "Plan Rows": 2881,
                                      "Plan Width": 32,
                                      "Actual Startup Time": 99.966,
                                      "Actual Total Time": 154.449,
                                      "Actual Rows": 3563,
                                      "Actual Loops": 5,
                                      "Filter": "((note !~~ '%(as Metro-Goldwyn-Mayer Pictures)%'::text) AND (note ~~ '%(co-production)%'::text))",
                                      "Rows Removed by Filter": 518263
                                    },
                                    {
                                      "Node Type": "Hash",
                                      "Parent Relationship": "Inner",
                                      "Parallel Aware": false,
                                      "Startup Cost": 1.05,
                                      "Total Cost": 1.05,
                                      "Plan Rows": 1,
                                      "Plan Width": 4,
                                      "Actual Startup Time": 0.06,
                                      "Actual Total Time": 0.064,
                                      "Actual Rows": 1,
                                      "Actual Loops": 5,
                                      "Hash Buckets": 1024,
                                      "Original Hash Buckets": 1024,
                                      "Hash Batches": 1,
                                      "Original Hash Batches": 1,
                                      "Peak Memory Usage": 9,
                                      "Plans": [
                                        {
                                          "Node Type": "Seq Scan",
                                          "Parent Relationship": "Outer",
                                          "Parallel Aware": false,
                                          "Relation Name": "company_type",
                                          "Alias": "ct",
                                          "Startup Cost": 0.0,
                                          "Total Cost": 1.05,
                                          "Plan Rows": 1,
                                          "Plan Width": 4,
                                          "Actual Startup Time": 0.044,
                                          "Actual Total Time": 0.046,
                                          "Actual Rows": 1,
                                          "Actual Loops": 5,
                                          "Filter": "((kind)::text = 'production companies'::text)",
                                          "Rows Removed by Filter": 3
                                        }
                                      ]
                                    }
                                  ]
                                }
                              ]
                            }
                          ]
                        }
                      ]
                    }
                  ]
                }
              ]
            }
          ]
        }
      ]
    },
    "Planning Time": 6.636,
    "Triggers": [],
    "Execution Time": 446.815
  }
]