{
  "Plan": {
    "Node Type": "Aggregate",
    "Strategy": "Plain",
    "Partial Mode": "Finalize",
    "Parallel Aware": false,
    "Startup Cost": 204021.17,
    "Total Cost": 204021.18,
    "Plan Rows": 1,
    "Plan Width": 8,
    "Actual Startup Time": 509.181,
    "Actual Total Time": 530.806,
    "Actual Rows": 1,
    "Actual Loops": 1,
    "Plans": [
      {
        "Node Type": "Gather",
        "Parent Relationship": "Outer",
        "Parallel Aware": false,
        "Startup Cost": 204021.06,
        "Total Cost": 204021.17,
        "Plan Rows": 1,
        "Plan Width": 8,
        "Actual Startup Time": 507.754,
        "Actual Total Time": 530.797,
        "Actual Rows": 2,
        "Actual Loops": 1,
        "Workers Planned": 1,
        "Workers Launched": 1,
        "Single Copy": false,
        "Plans": [
          {
            "Node Type": "Aggregate",
            "Strategy": "Plain",
            "Partial Mode": "Partial",
            "Parent Relationship": "Outer",
            "Parallel Aware": false,
            "Startup Cost": 203021.06,
            "Total Cost": 203021.07,
            "Plan Rows": 1,
            "Plan Width": 8,
            "Actual Startup Time": 501.94,
            "Actual Total Time": 501.944,
            "Actual Rows": 1,
            "Actual Loops": 2,
            "Plans": [
              {
                "Node Type": "Hash Join",
                "Parent Relationship": "Outer",
                "Parallel Aware": true,
                "Join Type": "Inner",
                "Startup Cost": 61084.08,
                "Total Cost": 202891.43,
                "Plan Rows": 51851,
                "Plan Width": 0,
                "Actual Startup Time": 207.429,
                "Actual Total Time": 501.328,
                "Actual Rows": 12098,
                "Actual Loops": 2,
                "Inner Unique": true,
                "Hash Cond": "(ci.movie_id = t.id)",
                "Plans": [
                  {
                    "Node Type": "Index Scan",
                    "Parent Relationship": "Outer",
                    "Parallel Aware": true,
                    "Scan Direction": "Forward",
                    "Index Name": "role_id_cast_info",
                    "Relation Name": "cast_info",
                    "Alias": "ci",
                    "Startup Cost": 0.56,
                    "Total Cost": 140896.75,
                    "Plan Rows": 347107,
                    "Plan Width": 4,
                    "Actual Startup Time": 0.178,
                    "Actual Total Time": 265.023,
                    "Actual Rows": 97265,
                    "Actual Loops": 2,
                    "Index Cond": "(role_id = 10)",
                    "Rows Removed by Index Recheck": 0,
                    "Filter": "(person_id < 487827)",
                    "Rows Removed by Filter": 2064244
                  },
                  {
                    "Node Type": "Hash",
                    "Parent Relationship": "Inner",
                    "Parallel Aware": true,
                    "Startup Cost": 58306.47,
                    "Total Cost": 58306.47,
                    "Plan Rows": 222164,
                    "Plan Width": 4,
                    "Actual Startup Time": 201.64,
                    "Actual Total Time": 201.641,
                    "Actual Rows": 242410,
                    "Actual Loops": 2,
                    "Hash Buckets": 524288,
                    "Original Hash Buckets": 524288,
                    "Hash Batches": 1,
                    "Original Hash Batches": 1,
                    "Peak Memory Usage": 23104,
                    "Plans": [
                      {
                        "Node Type": "Seq Scan",
                        "Parent Relationship": "Outer",
                        "Parallel Aware": true,
                        "Relation Name": "title",
                        "Alias": "t",
                        "Startup Cost": 0.0,
                        "Total Cost": 58306.47,
                        "Plan Rows": 222164,
                        "Plan Width": 4,
                        "Actual Startup Time": 0.036,
                        "Actual Total Time": 148.925,
                        "Actual Rows": 242410,
                        "Actual Loops": 2,
                        "Filter": "((kind_id < 7) AND (production_year < 1999))",
                        "Rows Removed by Filter": 1021746
                      }
                    ]
                  }
                ]
              }
            ]
          }
        ]
      }
    ]
  },
  "Planning Time": 0.671,
  "Triggers": [],
  "Execution Time": 530.882
}