[
    {
        "Bao": {
            "Bao prediction": "NaN",
            "Bao recommended hint": "(no hint)"
        }
    },
    {
        "Plan": {
            "Node Type": "Aggregate",
            "Strategy": "Plain",
            "Partial Mode": "Finalize",
            "Parallel Aware": false,
            "Startup Cost": 346539.57,
            "Total Cost": 346539.58,
            "Plan Rows": 1,
            "Plan Width": 8,
            "Actual Startup Time": 571.23,
            "Actual Total Time": 594.348,
            "Actual Rows": 1,
            "Actual Loops": 1,
            "Output": [
                "count(*)"
            ],
            "Plans": [
                {
                    "Node Type": "Gather",
                    "Parent Relationship": "Outer",
                    "Parallel Aware": false,
                    "Startup Cost": 346538.95,
                    "Total Cost": 346539.55,
                    "Plan Rows": 6,
                    "Plan Width": 8,
                    "Actual Startup Time": 571.132,
                    "Actual Total Time": 594.342,
                    "Actual Rows": 7,
                    "Actual Loops": 1,
                    "Output": [
                        "(PARTIAL count(*))"
                    ],
                    "Workers Planned": 6,
                    "Workers Launched": 6,
                    "Single Copy": false,
                    "Plans": [
                        {
                            "Node Type": "Aggregate",
                            "Strategy": "Plain",
                            "Partial Mode": "Partial",
                            "Parent Relationship": "Outer",
                            "Parallel Aware": false,
                            "Startup Cost": 345538.95,
                            "Total Cost": 345538.96,
                            "Plan Rows": 1,
                            "Plan Width": 8,
                            "Actual Startup Time": 561.689,
                            "Actual Total Time": 561.69,
                            "Actual Rows": 1,
                            "Actual Loops": 7,
                            "Output": [
                                "PARTIAL count(*)"
                            ],
                            "Workers": [
                                {
                                    "Worker Number": 0,
                                    "Actual Startup Time": 559.214,
                                    "Actual Total Time": 559.215,
                                    "Actual Rows": 1,
                                    "Actual Loops": 1
                                },
                                {
                                    "Worker Number": 1,
                                    "Actual Startup Time": 559.798,
                                    "Actual Total Time": 559.799,
                                    "Actual Rows": 1,
                                    "Actual Loops": 1
                                },
                                {
                                    "Worker Number": 2,
                                    "Actual Startup Time": 560.205,
                                    "Actual Total Time": 560.206,
                                    "Actual Rows": 1,
                                    "Actual Loops": 1
                                },
                                {
                                    "Worker Number": 3,
                                    "Actual Startup Time": 560.219,
                                    "Actual Total Time": 560.22,
                                    "Actual Rows": 1,
                                    "Actual Loops": 1
                                },
                                {
                                    "Worker Number": 4,
                                    "Actual Startup Time": 560.66,
                                    "Actual Total Time": 560.661,
                                    "Actual Rows": 1,
                                    "Actual Loops": 1
                                },
                                {
                                    "Worker Number": 5,
                                    "Actual Startup Time": 560.916,
                                    "Actual Total Time": 560.917,
                                    "Actual Rows": 1,
                                    "Actual Loops": 1
                                }
                            ],
                            "Plans": [
                                {
                                    "Node Type": "Seq Scan",
                                    "Parent Relationship": "Outer",
                                    "Parallel Aware": true,
                                    "Relation Name": "cast_info",
                                    "Schema": "public",
                                    "Alias": "ci",
                                    "Startup Cost": 0.0,
                                    "Total Cost": 343318.94,
                                    "Plan Rows": 888002,
                                    "Plan Width": 0,
                                    "Actual Startup Time": 201.178,
                                    "Actual Total Time": 547.818,
                                    "Actual Rows": 334062,
                                    "Actual Loops": 7,
                                    "Output": [
                                        "id",
                                        "person_id",
                                        "movie_id",
                                        "person_role_id",
                                        "note",
                                        "nr_order",
                                        "role_id"
                                    ],
                                    "Filter": "((ci.person_id < 824003) AND (ci.role_id > 1))",
                                    "Rows Removed by Filter": 4843702,
                                    "Workers": [
                                        {
                                            "Worker Number": 0,
                                            "Actual Startup Time": 197.489,
                                            "Actual Total Time": 546.001,
                                            "Actual Rows": 313147,
                                            "Actual Loops": 1
                                        },
                                        {
                                            "Worker Number": 1,
                                            "Actual Startup Time": 197.918,
                                            "Actual Total Time": 546.042,
                                            "Actual Rows": 323180,
                                            "Actual Loops": 1
                                        },
                                        {
                                            "Worker Number": 2,
                                            "Actual Startup Time": 198.573,
                                            "Actual Total Time": 546.983,
                                            "Actual Rows": 312227,
                                            "Actual Loops": 1
                                        },
                                        {
                                            "Worker Number": 3,
                                            "Actual Startup Time": 201.535,
                                            "Actual Total Time": 546.418,
                                            "Actual Rows": 324441,
                                            "Actual Loops": 1
                                        },
                                        {
                                            "Worker Number": 4,
                                            "Actual Startup Time": 200.207,
                                            "Actual Total Time": 547.285,
                                            "Actual Rows": 316651,
                                            "Actual Loops": 1
                                        },
                                        {
                                            "Worker Number": 5,
                                            "Actual Startup Time": 199.422,
                                            "Actual Total Time": 547.466,
                                            "Actual Rows": 318265,
                                            "Actual Loops": 1
                                        }
                                    ]
                                }
                            ]
                        }
                    ]
                }
            ]
        },
        "Planning Time": 182.999,
        "Triggers": [],
        "Execution Time": 594.39
    }
]