{
  "Plan": {
    "Node Type": "Aggregate",
    "Strategy": "Plain",
    "Partial Mode": "Finalize",
    "Parallel Aware": false,
    "Startup Cost": 812762.72,
    "Total Cost": 812762.73,
    "Plan Rows": 1,
    "Plan Width": 8,
    "Actual Startup Time": 1703.56,
    "Actual Total Time": 1736.202,
    "Actual Rows": 1,
    "Actual Loops": 1,
    "Plans": [
      {
        "Node Type": "Gather",
        "Parent Relationship": "Outer",
        "Parallel Aware": false,
        "Startup Cost": 812762.61,
        "Total Cost": 812762.72,
        "Plan Rows": 1,
        "Plan Width": 8,
        "Actual Startup Time": 1701.564,
        "Actual Total Time": 1736.193,
        "Actual Rows": 2,
        "Actual Loops": 1,
        "Workers Planned": 1,
        "Workers Launched": 1,
        "Single Copy": false,
        "Plans": [
          {
            "Node Type": "Aggregate",
            "Strategy": "Plain",
            "Partial Mode": "Partial",
            "Parent Relationship": "Outer",
            "Parallel Aware": false,
            "Startup Cost": 811762.61,
            "Total Cost": 811762.62,
            "Plan Rows": 1,
            "Plan Width": 8,
            "Actual Startup Time": 1695.064,
            "Actual Total Time": 1695.071,
            "Actual Rows": 1,
            "Actual Loops": 2,
            "Plans": [
              {
                "Node Type": "Hash Join",
                "Parent Relationship": "Outer",
                "Parallel Aware": true,
                "Join Type": "Inner",
                "Startup Cost": 634800.76,
                "Total Cost": 811133.54,
                "Plan Rows": 251630,
                "Plan Width": 0,
                "Actual Startup Time": 1549.403,
                "Actual Total Time": 1682.754,
                "Actual Rows": 313040,
                "Actual Loops": 2,
                "Inner Unique": false,
                "Hash Cond": "(mi.movie_id = t.id)",
                "Plans": [
                  {
                    "Node Type": "Bitmap Heap Scan",
                    "Parent Relationship": "Outer",
                    "Parallel Aware": true,
                    "Relation Name": "movie_info",
                    "Alias": "mi",
                    "Startup Cost": 24370.61,
                    "Total Cost": 196255.62,
                    "Plan Rows": 791361,
                    "Plan Width": 4,
                    "Actual Startup Time": 82.58,
                    "Actual Total Time": 151.546,
                    "Actual Rows": 700951,
                    "Actual Loops": 2,
                    "Recheck Cond": "(info_type_id = 7)",
                    "Rows Removed by Index Recheck": 0,
                    "Exact Heap Blocks": 5610,
                    "Lossy Heap Blocks": 0,
                    "Plans": [
                      {
                        "Node Type": "Bitmap Index Scan",
                        "Parent Relationship": "Outer",
                        "Parallel Aware": false,
                        "Index Name": "info_type_id_movie_info",
                        "Startup Cost": 0.0,
                        "Total Cost": 24034.28,
                        "Plan Rows": 1345313,
                        "Plan Width": 0,
                        "Actual Startup Time": 81.01,
                        "Actual Total Time": 81.01,
                        "Actual Rows": 1401902,
                        "Actual Loops": 1,
                        "Index Cond": "(info_type_id = 7)"
                      }
                    ]
                  },
                  {
                    "Node Type": "Hash",
                    "Parent Relationship": "Inner",
                    "Parallel Aware": true,
                    "Startup Cost": 604518.94,
                    "Total Cost": 604518.94,
                    "Plan Rows": 472896,
                    "Plan Width": 8,
                    "Actual Startup Time": 1407.749,
                    "Actual Total Time": 1407.754,
                    "Actual Rows": 190118,
                    "Actual Loops": 2,
                    "Hash Buckets": 1048576,
                    "Original Hash Buckets": 1048576,
                    "Hash Batches": 1,
                    "Original Hash Batches": 1,
                    "Peak Memory Usage": 23072,
                    "Plans": [
                      {
                        "Node Type": "Hash Join",
                        "Parent Relationship": "Outer",
                        "Parallel Aware": true,
                        "Join Type": "Inner",
                        "Startup Cost": 260499.87,
                        "Total Cost": 604518.94,
                        "Plan Rows": 472896,
                        "Plan Width": 8,
                        "Actual Startup Time": 927.74,
                        "Actual Total Time": 1353.084,
                        "Actual Rows": 190118,
                        "Actual Loops": 2,
                        "Inner Unique": true,
                        "Hash Cond": "(ci.movie_id = t.id)",
                        "Plans": [
                          {
                            "Node Type": "Bitmap Heap Scan",
                            "Parent Relationship": "Outer",
                            "Parallel Aware": true,
                            "Relation Name": "cast_info",
                            "Alias": "ci",
                            "Startup Cost": 204288.39,
                            "Total Cost": 538906.97,
                            "Plan Rows": 3581138,
                            "Plan Width": 4,
                            "Actual Startup Time": 800.315,
                            "Actual Total Time": 1027.609,
                            "Actual Rows": 1321664,
                            "Actual Loops": 2,
                            "Recheck Cond": "(person_id < 925423)",
                            "Rows Removed by Index Recheck": 0,
                            "Filter": "(role_id > 1)",
                            "Rows Removed by Filter": 3380284,
                            "Exact Heap Blocks": 55188,
                            "Lossy Heap Blocks": 0,
                            "Plans": [
                              {
                                "Node Type": "Bitmap Index Scan",
                                "Parent Relationship": "Outer",
                                "Parallel Aware": false,
                                "Index Name": "person_id_cast_info",
                                "Startup Cost": 0.0,
                                "Total Cost": 202766.41,
                                "Plan Rows": 9285579,
                                "Plan Width": 0,
                                "Actual Startup Time": 472.922,
                                "Actual Total Time": 472.922,
                                "Actual Rows": 9403897,
                                "Actual Loops": 1,
                                "Index Cond": "(person_id < 925423)"
                              }
                            ]
                          },
                          {
                            "Node Type": "Hash",
                            "Parent Relationship": "Inner",
                            "Parallel Aware": true,
                            "Startup Cost": 53756.58,
                            "Total Cost": 53756.58,
                            "Plan Rows": 196392,
                            "Plan Width": 4,
                            "Actual Startup Time": 124.188,
                            "Actual Total Time": 124.19,
                            "Actual Rows": 127786,
                            "Actual Loops": 2,
                            "Hash Buckets": 524288,
                            "Original Hash Buckets": 524288,
                            "Hash Batches": 1,
                            "Original Hash Batches": 1,
                            "Peak Memory Usage": 14112,
                            "Plans": [
                              {
                                "Node Type": "Bitmap Heap Scan",
                                "Parent Relationship": "Outer",
                                "Parallel Aware": true,
                                "Relation Name": "title",
                                "Alias": "t",
                                "Startup Cost": 11906.32,
                                "Total Cost": 53756.58,
                                "Plan Rows": 196392,
                                "Plan Width": 4,
                                "Actual Startup Time": 29.177,
                                "Actual Total Time": 93.496,
                                "Actual Rows": 127786,
                                "Actual Loops": 2,
                                "Recheck Cond": "(kind_id = 1)",
                                "Rows Removed by Index Recheck": 0,
                                "Filter": "(production_year > 2002)",
                                "Rows Removed by Filter": 203627,
                                "Exact Heap Blocks": 8377,
                                "Lossy Heap Blocks": 0,
                                "Plans": [
                                  {
                                    "Node Type": "Bitmap Index Scan",
                                    "Parent Relationship": "Outer",
                                    "Parallel Aware": false,
                                    "Index Name": "kind_id_title",
                                    "Startup Cost": 0.0,
                                    "Total Cost": 11822.85,
                                    "Plan Rows": 663256,
                                    "Plan Width": 0,
                                    "Actual Startup Time": 27.156,
                                    "Actual Total Time": 27.156,
                                    "Actual Rows": 662825,
                                    "Actual Loops": 1,
                                    "Index Cond": "(kind_id = 1)"
                                  }
                                ]
                              }
                            ]
                          }
                        ]
                      }
                    ]
                  }
                ]
              }
            ]
          }
        ]
      }
    ]
  },
  "Planning Time": 1.044,
  "Triggers": [],
  "Execution Time": 1736.332
}