[
  {
    "Plan": {
      "Node Type": "Aggregate",
      "Strategy": "Plain",
      "Partial Mode": "Finalize",
      "Parallel Aware": false,
      "Startup Cost": 32282.48,
      "Total Cost": 32282.49,
      "Plan Rows": 1,
      "Plan Width": 8,
      "Actual Startup Time": 118.045,
      "Actual Total Time": 126.459,
      "Actual Rows": 1,
      "Actual Loops": 1,
      "Plans": [
        {
          "Node Type": "Gather",
          "Parent Relationship": "Outer",
          "Parallel Aware": false,
          "Startup Cost": 32282.16,
          "Total Cost": 32282.47,
          "Plan Rows": 3,
          "Plan Width": 8,
          "Actual Startup Time": 117.776,
          "Actual Total Time": 126.451,
          "Actual Rows": 4,
          "Actual Loops": 1,
          "Workers Planned": 3,
          "Workers Launched": 3,
          "Single Copy": false,
          "Plans": [
            {
              "Node Type": "Aggregate",
              "Strategy": "Plain",
              "Partial Mode": "Partial",
              "Parent Relationship": "Outer",
              "Parallel Aware": false,
              "Startup Cost": 31282.16,
              "Total Cost": 31282.17,
              "Plan Rows": 1,
              "Plan Width": 8,
              "Actual Startup Time": 111.862,
              "Actual Total Time": 111.863,
              "Actual Rows": 1,
              "Actual Loops": 4,
              "Plans": [
                {
                  "Node Type": "Seq Scan",
                  "Parent Relationship": "Outer",
                  "Parallel Aware": true,
                  "Relation Name": "movie_companies",
                  "Alias": "mc",
                  "Startup Cost": 0.0,
                  "Total Cost": 29310.68,
                  "Plan Rows": 788592,
                  "Plan Width": 0,
                  "Actual Startup Time": 0.073,
                  "Actual Total Time": 83.174,
                  "Actual Rows": 611755,
                  "Actual Loops": 4,
                  "Filter": "(company_id > 27)",
                  "Rows Removed by Filter": 40528
                }
              ]
            }
          ]
        }
      ]
    },
    "Planning Time": 0.238,
    "Triggers": [],
    "Execution Time": 126.508
  }
]