[
  {
    "Plan": {
      "Node Type": "Aggregate",
      "Strategy": "Plain",
      "Partial Mode": "Finalize",
      "Parallel Aware": false,
      "Startup Cost": 32286.91,
      "Total Cost": 32286.92,
      "Plan Rows": 1,
      "Plan Width": 8,
      "Actual Startup Time": 113.336,
      "Actual Total Time": 118.803,
      "Actual Rows": 1,
      "Actual Loops": 1,
      "Plans": [
        {
          "Node Type": "Gather",
          "Parent Relationship": "Outer",
          "Parallel Aware": false,
          "Startup Cost": 32286.6,
          "Total Cost": 32286.91,
          "Plan Rows": 3,
          "Plan Width": 8,
          "Actual Startup Time": 113.231,
          "Actual Total Time": 118.796,
          "Actual Rows": 4,
          "Actual Loops": 1,
          "Workers Planned": 3,
          "Workers Launched": 3,
          "Single Copy": false,
          "Plans": [
            {
              "Node Type": "Aggregate",
              "Strategy": "Plain",
              "Partial Mode": "Partial",
              "Parent Relationship": "Outer",
              "Parallel Aware": false,
              "Startup Cost": 31286.6,
              "Total Cost": 31286.61,
              "Plan Rows": 1,
              "Plan Width": 8,
              "Actual Startup Time": 108.18,
              "Actual Total Time": 108.181,
              "Actual Rows": 1,
              "Actual Loops": 4,
              "Plans": [
                {
                  "Node Type": "Seq Scan",
                  "Parent Relationship": "Outer",
                  "Parallel Aware": true,
                  "Relation Name": "movie_companies",
                  "Alias": "mc",
                  "Startup Cost": 0.0,
                  "Total Cost": 29310.68,
                  "Plan Rows": 790366,
                  "Plan Width": 0,
                  "Actual Startup Time": 0.034,
                  "Actual Total Time": 80.126,
                  "Actual Rows": 611755,
                  "Actual Loops": 4,
                  "Filter": "(company_id > 27)",
                  "Rows Removed by Filter": 40528
                }
              ]
            }
          ]
        }
      ]
    },
    "Planning Time": 0.278,
    "Triggers": [],
    "Execution Time": 118.855
  }
]