[
  {
    "Plan": {
      "Node Type": "Aggregate",
      "Strategy": "Plain",
      "Partial Mode": "Finalize",
      "Parallel Aware": false,
      "Startup Cost": 46366.05,
      "Total Cost": 46366.06,
      "Plan Rows": 1,
      "Plan Width": 8,
      "Actual Startup Time": 151.598,
      "Actual Total Time": 162.408,
      "Actual Rows": 1,
      "Actual Loops": 1,
      "Plans": [
        {
          "Node Type": "Gather",
          "Parent Relationship": "Outer",
          "Parallel Aware": false,
          "Startup Cost": 46365.73,
          "Total Cost": 46366.04,
          "Plan Rows": 3,
          "Plan Width": 8,
          "Actual Startup Time": 151.421,
          "Actual Total Time": 162.395,
          "Actual Rows": 4,
          "Actual Loops": 1,
          "Workers Planned": 3,
          "Workers Launched": 3,
          "Single Copy": false,
          "Plans": [
            {
              "Node Type": "Aggregate",
              "Strategy": "Plain",
              "Partial Mode": "Partial",
              "Parent Relationship": "Outer",
              "Parallel Aware": false,
              "Startup Cost": 45365.73,
              "Total Cost": 45365.74,
              "Plan Rows": 1,
              "Plan Width": 8,
              "Actual Startup Time": 147.554,
              "Actual Total Time": 147.556,
              "Actual Rows": 1,
              "Actual Loops": 4,
              "Plans": [
                {
                  "Node Type": "Seq Scan",
                  "Parent Relationship": "Outer",
                  "Parallel Aware": true,
                  "Relation Name": "movie_keyword",
                  "Alias": "mk",
                  "Startup Cost": 0.0,
                  "Total Cost": 42695.65,
                  "Plan Rows": 1068030,
                  "Plan Width": 0,
                  "Actual Startup Time": 0.03,
                  "Actual Total Time": 112.374,
                  "Actual Rows": 826892,
                  "Actual Loops": 4,
                  "Filter": "(keyword_id < 15008)",
                  "Rows Removed by Filter": 304090
                }
              ]
            }
          ]
        }
      ]
    },
    "Planning Time": 0.097,
    "Triggers": [],
    "Execution Time": 162.444
  }
]