[
  {
    "Plan": {
      "Node Type": "Aggregate",
      "Strategy": "Plain",
      "Partial Mode": "Finalize",
      "Parallel Aware": false,
      "Startup Cost": 11926.19,
      "Total Cost": 11926.2,
      "Plan Rows": 1,
      "Plan Width": 8,
      "Actual Startup Time": 19.009,
      "Actual Total Time": 23.27,
      "Actual Rows": 1,
      "Actual Loops": 1,
      "Plans": [
        {
          "Node Type": "Gather",
          "Parent Relationship": "Outer",
          "Parallel Aware": false,
          "Startup Cost": 11926.08,
          "Total Cost": 11926.19,
          "Plan Rows": 1,
          "Plan Width": 8,
          "Actual Startup Time": 18.78,
          "Actual Total Time": 23.262,
          "Actual Rows": 2,
          "Actual Loops": 1,
          "Workers Planned": 1,
          "Workers Launched": 1,
          "Single Copy": false,
          "Plans": [
            {
              "Node Type": "Aggregate",
              "Strategy": "Plain",
              "Partial Mode": "Partial",
              "Parent Relationship": "Outer",
              "Parallel Aware": false,
              "Startup Cost": 10926.08,
              "Total Cost": 10926.09,
              "Plan Rows": 1,
              "Plan Width": 8,
              "Actual Startup Time": 16.279,
              "Actual Total Time": 16.281,
              "Actual Rows": 1,
              "Actual Loops": 2,
              "Plans": [
                {
                  "Node Type": "Nested Loop",
                  "Parent Relationship": "Outer",
                  "Parallel Aware": false,
                  "Join Type": "Inner",
                  "Startup Cost": 43.35,
                  "Total Cost": 10925.31,
                  "Plan Rows": 305,
                  "Plan Width": 0,
                  "Actual Startup Time": 4.49,
                  "Actual Total Time": 16.253,
                  "Actual Rows": 122,
                  "Actual Loops": 2,
                  "Inner Unique": false,
                  "Plans": [
                    {
                      "Node Type": "Nested Loop",
                      "Parent Relationship": "Outer",
                      "Parallel Aware": false,
                      "Join Type": "Inner",
                      "Startup Cost": 42.92,
                      "Total Cost": 10018.41,
                      "Plan Rows": 554,
                      "Plan Width": 8,
                      "Actual Startup Time": 3.946,
                      "Actual Total Time": 8.092,
                      "Actual Rows": 372,
                      "Actual Loops": 2,
                      "Inner Unique": true,
                      "Plans": [
                        {
                          "Node Type": "Bitmap Heap Scan",
                          "Parent Relationship": "Outer",
                          "Parallel Aware": true,
                          "Relation Name": "movie_companies",
                          "Alias": "mc",
                          "Startup Cost": 42.49,
                          "Total Cost": 5474.93,
                          "Plan Rows": 554,
                          "Plan Width": 4,
                          "Actual Startup Time": 3.868,
                          "Actual Total Time": 4.655,
                          "Actual Rows": 372,
                          "Actual Loops": 2,
                          "Recheck Cond": "(company_id < 6)",
                          "Rows Removed by Index Recheck": 0,
                          "Filter": "(company_type_id > 1)",
                          "Rows Removed by Filter": 1984,
                          "Exact Heap Blocks": 1665,
                          "Lossy Heap Blocks": 0,
                          "Plans": [
                            {
                              "Node Type": "Bitmap Index Scan",
                              "Parent Relationship": "Outer",
                              "Parallel Aware": false,
                              "Index Name": "company_id_movie_companies",
                              "Startup Cost": 0.0,
                              "Total Cost": 42.25,
                              "Plan Rows": 1843,
                              "Plan Width": 0,
                              "Actual Startup Time": 1.704,
                              "Actual Total Time": 1.704,
                              "Actual Rows": 4712,
                              "Actual Loops": 1,
                              "Index Cond": "(company_id < 6)"
                            }
                          ]
                        },
                        {
                          "Node Type": "Index Only Scan",
                          "Parent Relationship": "Inner",
                          "Parallel Aware": false,
                          "Scan Direction": "Forward",
                          "Index Name": "title_pkey",
                          "Relation Name": "title",
                          "Alias": "t",
                          "Startup Cost": 0.43,
                          "Total Cost": 8.2,
                          "Plan Rows": 1,
                          "Plan Width": 4,
                          "Actual Startup Time": 0.009,
                          "Actual Total Time": 0.009,
                          "Actual Rows": 1,
                          "Actual Loops": 743,
                          "Index Cond": "(id = mc.movie_id)",
                          "Rows Removed by Index Recheck": 0,
                          "Heap Fetches": 743
                        }
                      ]
                    },
                    {
                      "Node Type": "Index Scan",
                      "Parent Relationship": "Inner",
                      "Parallel Aware": false,
                      "Scan Direction": "Forward",
                      "Index Name": "movie_id_movie_info",
                      "Relation Name": "movie_info",
                      "Alias": "mi",
                      "Startup Cost": 0.43,
                      "Total Cost": 1.6,
                      "Plan Rows": 4,
                      "Plan Width": 4,
                      "Actual Startup Time": 0.018,
                      "Actual Total Time": 0.022,
                      "Actual Rows": 0,
                      "Actual Loops": 743,
                      "Index Cond": "(movie_id = t.id)",
                      "Rows Removed by Index Recheck": 0,
                      "Filter": "(info_type_id = 7)",
                      "Rows Removed by Filter": 9
                    }
                  ]
                }
              ]
            }
          ]
        }
      ]
    },
    "Planning Time": 0.904,
    "Triggers": [],
    "Execution Time": 23.344
  }
]