[
  {
    "Plan": {
      "Node Type": "Aggregate",
      "Strategy": "Plain",
      "Partial Mode": "Finalize",
      "Parallel Aware": false,
      "Startup Cost": 46956.09,
      "Total Cost": 46956.1,
      "Plan Rows": 1,
      "Plan Width": 8,
      "Actual Startup Time": 95.035,
      "Actual Total Time": 104.088,
      "Actual Rows": 1,
      "Actual Loops": 1,
      "Plans": [
        {
          "Node Type": "Gather",
          "Parent Relationship": "Outer",
          "Parallel Aware": false,
          "Startup Cost": 46955.67,
          "Total Cost": 46956.08,
          "Plan Rows": 4,
          "Plan Width": 8,
          "Actual Startup Time": 94.897,
          "Actual Total Time": 104.078,
          "Actual Rows": 5,
          "Actual Loops": 1,
          "Workers Planned": 4,
          "Workers Launched": 4,
          "Single Copy": false,
          "Plans": [
            {
              "Node Type": "Aggregate",
              "Strategy": "Plain",
              "Partial Mode": "Partial",
              "Parent Relationship": "Outer",
              "Parallel Aware": false,
              "Startup Cost": 45955.67,
              "Total Cost": 45955.68,
              "Plan Rows": 1,
              "Plan Width": 8,
              "Actual Startup Time": 88.627,
              "Actual Total Time": 88.628,
              "Actual Rows": 1,
              "Actual Loops": 5,
              "Plans": [
                {
                  "Node Type": "Seq Scan",
                  "Parent Relationship": "Outer",
                  "Parallel Aware": true,
                  "Relation Name": "title",
                  "Alias": "t",
                  "Startup Cost": 0.0,
                  "Total Cost": 45479.1,
                  "Plan Rows": 190630,
                  "Plan Width": 0,
                  "Actual Startup Time": 0.029,
                  "Actual Total Time": 82.129,
                  "Actual Rows": 132770,
                  "Actual Loops": 5,
                  "Filter": "((kind_id < 7) AND (production_year > 1980))",
                  "Rows Removed by Filter": 372893
                }
              ]
            }
          ]
        }
      ]
    },
    "Planning Time": 0.104,
    "Triggers": [],
    "Execution Time": 104.126
  }
]