[
  {
    "Plan": {
      "Node Type": "Aggregate",
      "Strategy": "Plain",
      "Partial Mode": "Finalize",
      "Parallel Aware": false,
      "Startup Cost": 66126.23,
      "Total Cost": 66126.24,
      "Plan Rows": 1,
      "Plan Width": 8,
      "Actual Startup Time": 210.901,
      "Actual Total Time": 237.915,
      "Actual Rows": 1,
      "Actual Loops": 1,
      "Plans": [
        {
          "Node Type": "Gather",
          "Parent Relationship": "Outer",
          "Parallel Aware": false,
          "Startup Cost": 66126.02,
          "Total Cost": 66126.23,
          "Plan Rows": 2,
          "Plan Width": 8,
          "Actual Startup Time": 210.643,
          "Actual Total Time": 237.908,
          "Actual Rows": 3,
          "Actual Loops": 1,
          "Workers Planned": 2,
          "Workers Launched": 2,
          "Single Copy": false,
          "Plans": [
            {
              "Node Type": "Aggregate",
              "Strategy": "Plain",
              "Partial Mode": "Partial",
              "Parent Relationship": "Outer",
              "Parallel Aware": false,
              "Startup Cost": 65126.02,
              "Total Cost": 65126.03,
              "Plan Rows": 1,
              "Plan Width": 8,
              "Actual Startup Time": 205.261,
              "Actual Total Time": 205.266,
              "Actual Rows": 1,
              "Actual Loops": 3,
              "Plans": [
                {
                  "Node Type": "Nested Loop",
                  "Parent Relationship": "Outer",
                  "Parallel Aware": false,
                  "Join Type": "Inner",
                  "Startup Cost": 45526.33,
                  "Total Cost": 65109.69,
                  "Plan Rows": 6531,
                  "Plan Width": 0,
                  "Actual Startup Time": 114.088,
                  "Actual Total Time": 204.49,
                  "Actual Rows": 10668,
                  "Actual Loops": 3,
                  "Inner Unique": false,
                  "Join Filter": "(t.id = mi.movie_id)",
                  "Rows Removed by Join Filter": 0,
                  "Plans": [
                    {
                      "Node Type": "Hash Join",
                      "Parent Relationship": "Outer",
                      "Parallel Aware": true,
                      "Join Type": "Inner",
                      "Startup Cost": 45525.9,
                      "Total Cost": 61146.69,
                      "Plan Rows": 1112,
                      "Plan Width": 8,
                      "Actual Startup Time": 113.983,
                      "Actual Total Time": 174.705,
                      "Actual Rows": 1123,
                      "Actual Loops": 3,
                      "Inner Unique": true,
                      "Hash Cond": "(mi_idx.movie_id = t.id)",
                      "Plans": [
                        {
                          "Node Type": "Seq Scan",
                          "Parent Relationship": "Outer",
                          "Parallel Aware": true,
                          "Relation Name": "movie_info_idx",
                          "Alias": "mi_idx",
                          "Startup Cost": 0.0,
                          "Total Cost": 15122.68,
                          "Plan Rows": 189755,
                          "Plan Width": 4,
                          "Actual Startup Time": 0.013,
                          "Actual Total Time": 42.706,
                          "Actual Rows": 153308,
                          "Actual Loops": 3,
                          "Filter": "(info_type_id = 99)",
                          "Rows Removed by Filter": 306703
                        },
                        {
                          "Node Type": "Hash",
                          "Parent Relationship": "Inner",
                          "Parallel Aware": true,
                          "Startup Cost": 45479.59,
                          "Total Cost": 45479.59,
                          "Plan Rows": 3705,
                          "Plan Width": 4,
                          "Actual Startup Time": 113.439,
                          "Actual Total Time": 113.44,
                          "Actual Rows": 5458,
                          "Actual Loops": 3,
                          "Hash Buckets": 16384,
                          "Original Hash Buckets": 16384,
                          "Hash Batches": 1,
                          "Original Hash Batches": 1,
                          "Peak Memory Usage": 800,
                          "Plans": [
                            {
                              "Node Type": "Seq Scan",
                              "Parent Relationship": "Outer",
                              "Parallel Aware": true,
                              "Relation Name": "title",
                              "Alias": "t",
                              "Startup Cost": 0.0,
                              "Total Cost": 45479.59,
                              "Plan Rows": 3705,
                              "Plan Width": 4,
                              "Actual Startup Time": 0.094,
                              "Actual Total Time": 110.815,
                              "Actual Rows": 5458,
                              "Actual Loops": 3,
                              "Filter": "((kind_id > 1) AND (production_year = 1989))",
                              "Rows Removed by Filter": 837313
                            }
                          ]
                        }
                      ]
                    },
                    {
                      "Node Type": "Index Only Scan",
                      "Parent Relationship": "Inner",
                      "Parallel Aware": false,
                      "Scan Direction": "Forward",
                      "Index Name": "movie_id_movie_info",
                      "Relation Name": "movie_info",
                      "Alias": "mi",
                      "Startup Cost": 0.43,
                      "Total Cost": 3.05,
                      "Plan Rows": 41,
                      "Plan Width": 4,
                      "Actual Startup Time": 0.009,
                      "Actual Total Time": 0.025,
                      "Actual Rows": 10,
                      "Actual Loops": 3368,
                      "Index Cond": "(movie_id = mi_idx.movie_id)",
                      "Rows Removed by Index Recheck": 0,
                      "Heap Fetches": 32003
                    }
                  ]
                }
              ]
            }
          ]
        }
      ]
    },
    "Planning Time": 0.501,
    "Triggers": [],
    "Execution Time": 237.964
  }
]