[
  {
    "Plan": {
      "Node Type": "Aggregate",
      "Strategy": "Plain",
      "Partial Mode": "Finalize",
      "Parallel Aware": false,
      "Startup Cost": 732137.84,
      "Total Cost": 732137.85,
      "Plan Rows": 1,
      "Plan Width": 128,
      "Actual Startup Time": 3265.217,
      "Actual Total Time": 3352.491,
      "Actual Rows": 1,
      "Actual Loops": 1,
      "Plans": [
        {
          "Node Type": "Gather",
          "Parent Relationship": "Outer",
          "Parallel Aware": false,
          "Startup Cost": 732137.39,
          "Total Cost": 732137.8,
          "Plan Rows": 4,
          "Plan Width": 128,
          "Actual Startup Time": 3264.107,
          "Actual Total Time": 3352.468,
          "Actual Rows": 5,
          "Actual Loops": 1,
          "Workers Planned": 4,
          "Workers Launched": 4,
          "Single Copy": false,
          "Plans": [
            {
              "Node Type": "Aggregate",
              "Strategy": "Plain",
              "Partial Mode": "Partial",
              "Parent Relationship": "Outer",
              "Parallel Aware": false,
              "Startup Cost": 731137.39,
              "Total Cost": 731137.4,
              "Plan Rows": 1,
              "Plan Width": 128,
              "Actual Startup Time": 3251.141,
              "Actual Total Time": 3251.207,
              "Actual Rows": 1,
              "Actual Loops": 5,
              "Plans": [
                {
                  "Node Type": "Hash Join",
                  "Parent Relationship": "Outer",
                  "Parallel Aware": true,
                  "Join Type": "Inner",
                  "Startup Cost": 685961.45,
                  "Total Cost": 731137.38,
                  "Plan Rows": 1,
                  "Plan Width": 81,
                  "Actual Startup Time": 3177.247,
                  "Actual Total Time": 3251.109,
                  "Actual Rows": 151,
                  "Actual Loops": 5,
                  "Inner Unique": false,
                  "Hash Cond": "(t.id = mi.movie_id)",
                  "Plans": [
                    {
                      "Node Type": "Seq Scan",
                      "Parent Relationship": "Outer",
                      "Parallel Aware": true,
                      "Relation Name": "title",
                      "Alias": "t",
                      "Startup Cost": 0.0,
                      "Total Cost": 43898.79,
                      "Plan Rows": 340568,
                      "Plan Width": 21,
                      "Actual Startup Time": 0.062,
                      "Actual Total Time": 154.458,
                      "Actual Rows": 276291,
                      "Actual Loops": 5,
                      "Filter": "(production_year > 2000)",
                      "Rows Removed by Filter": 229372
                    },
                    {
                      "Node Type": "Hash",
                      "Parent Relationship": "Inner",
                      "Parallel Aware": true,
                      "Startup Cost": 685961.44,
                      "Total Cost": 685961.44,
                      "Plan Rows": 1,
                      "Plan Width": 84,
                      "Actual Startup Time": 3068.952,
                      "Actual Total Time": 3069.012,
                      "Actual Rows": 879,
                      "Actual Loops": 5,
                      "Hash Buckets": 4096,
                      "Original Hash Buckets": 1024,
                      "Hash Batches": 1,
                      "Original Hash Batches": 1,
                      "Peak Memory Usage": 536,
                      "Plans": [
                        {
                          "Node Type": "Hash Join",
                          "Parent Relationship": "Outer",
                          "Parallel Aware": true,
                          "Join Type": "Inner",
                          "Startup Cost": 615683.02,
                          "Total Cost": 685961.44,
                          "Plan Rows": 1,
                          "Plan Width": 84,
                          "Actual Startup Time": 2752.753,
                          "Actual Total Time": 3021.594,
                          "Actual Rows": 879,
                          "Actual Loops": 5,
                          "Inner Unique": false,
                          "Hash Cond": "(n.id = ci.person_id)",
                          "Plans": [
                            {
                              "Node Type": "Seq Scan",
                              "Parent Relationship": "Outer",
                              "Parallel Aware": true,
                              "Relation Name": "name",
                              "Alias": "n",
                              "Startup Cost": 0.0,
                              "Total Cost": 68636.18,
                              "Plan Rows": 437926,
                              "Plan Width": 19,
                              "Actual Startup Time": 0.03,
                              "Actual Total Time": 235.501,
                              "Actual Rows": 347916,
                              "Actual Loops": 5,
                              "Filter": "((gender)::text = 'm'::text)",
                              "Rows Removed by Filter": 485582
                            },
                            {
                              "Node Type": "Hash",
                              "Parent Relationship": "Inner",
                              "Parallel Aware": true,
                              "Startup Cost": 615683.01,
                              "Total Cost": 615683.01,
                              "Plan Rows": 1,
                              "Plan Width": 73,
                              "Actual Startup Time": 2750.771,
                              "Actual Total Time": 2750.826,
                              "Actual Rows": 1298,
                              "Actual Loops": 5,
                              "Hash Buckets": 8192,
                              "Original Hash Buckets": 1024,
                              "Hash Batches": 1,
                              "Original Hash Batches": 1,
                              "Peak Memory Usage": 728,
                              "Plans": [
                                {
                                  "Node Type": "Hash Join",
                                  "Parent Relationship": "Outer",
                                  "Parallel Aware": true,
                                  "Join Type": "Inner",
                                  "Startup Cost": 263968.33,
                                  "Total Cost": 615683.01,
                                  "Plan Rows": 1,
                                  "Plan Width": 73,
                                  "Actual Startup Time": 2106.731,
                                  "Actual Total Time": 2627.345,
                                  "Actual Rows": 1298,
                                  "Actual Loops": 5,
                                  "Inner Unique": false,
                                  "Hash Cond": "(ci.movie_id = mi.movie_id)",
                                  "Plans": [
                                    {
                                      "Node Type": "Seq Scan",
                                      "Parent Relationship": "Outer",
                                      "Parallel Aware": true,
                                      "Relation Name": "cast_info",
                                      "Alias": "ci",
                                      "Startup Cost": 0.0,
                                      "Total Cost": 350895.76,
                                      "Plan Rows": 218376,
                                      "Plan Width": 8,
                                      "Actual Startup Time": 149.909,
                                      "Actual Total Time": 1305.047,
                                      "Actual Rows": 248943,
                                      "Actual Loops": 5,
                                      "Filter": "(note = ANY ('{(writer),\"(head writer)\",\"(written by)\",(story),\"(story editor)\"}'::text[]))",
                                      "Rows Removed by Filter": 6999926
                                    },
                                    {
                                      "Node Type": "Hash",
                                      "Parent Relationship": "Inner",
                                      "Parallel Aware": true,
                                      "Startup Cost": 263968.32,
                                      "Total Cost": 263968.32,
                                      "Plan Rows": 1,
                                      "Plan Width": 65,
                                      "Actual Startup Time": 1289.047,
                                      "Actual Total Time": 1289.096,
                                      "Actual Rows": 1649,
                                      "Actual Loops": 5,
                                      "Hash Buckets": 8192,
                                      "Original Hash Buckets": 1024,
                                      "Hash Batches": 1,
                                      "Original Hash Batches": 1,
                                      "Peak Memory Usage": 760,
                                      "Plans": [
                                        {
                                          "Node Type": "Hash Join",
                                          "Parent Relationship": "Outer",
                                          "Parallel Aware": true,
                                          "Join Type": "Inner",
                                          "Startup Cost": 248698.05,
                                          "Total Cost": 263968.32,
                                          "Plan Rows": 1,
                                          "Plan Width": 65,
                                          "Actual Startup Time": 1194.11,
                                          "Actual Total Time": 1264.056,
                                          "Actual Rows": 1649,
                                          "Actual Loops": 5,
                                          "Inner Unique": false,
                                          "Hash Cond": "(mi_idx.movie_id = mi.movie_id)",
                                          "Plans": [
                                            {
                                              "Node Type": "Hash Join",
                                              "Parent Relationship": "Outer",
                                              "Parallel Aware": false,
                                              "Join Type": "Inner",
                                              "Startup Cost": 2.43,
                                              "Total Cost": 15253.6,
                                              "Plan Rows": 5089,
                                              "Plan Width": 10,
                                              "Actual Startup Time": 0.119,
                                              "Actual Total Time": 68.436,
                                              "Actual Rows": 91985,
                                              "Actual Loops": 5,
                                              "Inner Unique": true,
                                              "Hash Cond": "(mi_idx.info_type_id = it2.id)",
                                              "Plans": [
                                                {
                                                  "Node Type": "Seq Scan",
                                                  "Parent Relationship": "Outer",
                                                  "Parallel Aware": true,
                                                  "Relation Name": "movie_info_idx",
                                                  "Alias": "mi_idx",
                                                  "Startup Cost": 0.0,
                                                  "Total Cost": 13685.15,
                                                  "Plan Rows": 575015,
                                                  "Plan Width": 14,
                                                  "Actual Startup Time": 0.024,
                                                  "Actual Total Time": 36.186,
                                                  "Actual Rows": 276007,
                                                  "Actual Loops": 5
                                                },
                                                {
                                                  "Node Type": "Hash",
                                                  "Parent Relationship": "Inner",
                                                  "Parallel Aware": false,
                                                  "Startup Cost": 2.41,
                                                  "Total Cost": 2.41,
                                                  "Plan Rows": 1,
                                                  "Plan Width": 4,
                                                  "Actual Startup Time": 0.038,
                                                  "Actual Total Time": 0.042,
                                                  "Actual Rows": 1,
                                                  "Actual Loops": 5,
                                                  "Hash Buckets": 1024,
                                                  "Original Hash Buckets": 1024,
                                                  "Hash Batches": 1,
                                                  "Original Hash Batches": 1,
                                                  "Peak Memory Usage": 9,
                                                  "Plans": [
                                                    {
                                                      "Node Type": "Seq Scan",
                                                      "Parent Relationship": "Outer",
                                                      "Parallel Aware": false,
                                                      "Relation Name": "info_type",
                                                      "Alias": "it2",
                                                      "Startup Cost": 0.0,
                                                      "Total Cost": 2.41,
                                                      "Plan Rows": 1,
                                                      "Plan Width": 4,
                                                      "Actual Startup Time": 0.027,
                                                      "Actual Total Time": 0.03,
                                                      "Actual Rows": 1,
                                                      "Actual Loops": 5,
                                                      "Filter": "((info)::text = 'votes'::text)",
                                                      "Rows Removed by Filter": 112
                                                    }
                                                  ]
                                                }
                                              ]
                                            },
                                            {
                                              "Node Type": "Hash",
                                              "Parent Relationship": "Inner",
                                              "Parallel Aware": true,
                                              "Startup Cost": 248695.61,
                                              "Total Cost": 248695.61,
                                              "Plan Rows": 1,
                                              "Plan Width": 55,
                                              "Actual Startup Time": 1185.408,
                                              "Actual Total Time": 1185.443,
                                              "Actual Rows": 1649,
                                              "Actual Loops": 5,
                                              "Hash Buckets": 8192,
                                              "Original Hash Buckets": 1024,
                                              "Hash Batches": 1,
                                              "Original Hash Batches": 1,
                                              "Peak Memory Usage": 664,
                                              "Plans": [
                                                {
                                                  "Node Type": "Hash Join",
                                                  "Parent Relationship": "Outer",
                                                  "Parallel Aware": true,
                                                  "Join Type": "Inner",
                                                  "Startup Cost": 205817.12,
                                                  "Total Cost": 248695.61,
                                                  "Plan Rows": 1,
                                                  "Plan Width": 55,
                                                  "Actual Startup Time": 864.749,
                                                  "Actual Total Time": 1067.312,
                                                  "Actual Rows": 1649,
                                                  "Actual Loops": 5,
                                                  "Inner Unique": false,
                                                  "Hash Cond": "(mk.movie_id = mi.movie_id)",
                                                  "Plans": [
                                                    {
                                                      "Node Type": "Hash Join",
                                                      "Parent Relationship": "Outer",
                                                      "Parallel Aware": false,
                                                      "Join Type": "Inner",
                                                      "Startup Cost": 3464.78,
                                                      "Total Cost": 46342.97,
                                                      "Plan Rows": 76,
                                                      "Plan Width": 4,
                                                      "Actual Startup Time": 33.175,
                                                      "Actual Total Time": 241.143,
                                                      "Actual Rows": 15343,
                                                      "Actual Loops": 5,
                                                      "Inner Unique": true,
                                                      "Hash Cond": "(mk.keyword_id = k.id)",
                                                      "Plans": [
                                                        {
                                                          "Node Type": "Seq Scan",
                                                          "Parent Relationship": "Outer",
                                                          "Parallel Aware": true,
                                                          "Relation Name": "movie_keyword",
                                                          "Alias": "mk",
                                                          "Startup Cost": 0.0,
                                                          "Total Cost": 39047.32,
                                                          "Plan Rows": 1459332,
                                                          "Plan Width": 8,
                                                          "Actual Startup Time": 0.042,
                                                          "Actual Total Time": 128.499,
                                                          "Actual Rows": 904786,
                                                          "Actual Loops": 5
                                                        },
                                                        {
                                                          "Node Type": "Hash",
                                                          "Parent Relationship": "Inner",
                                                          "Parallel Aware": false,
                                                          "Startup Cost": 3464.69,
                                                          "Total Cost": 3464.69,
                                                          "Plan Rows": 7,
                                                          "Plan Width": 4,
                                                          "Actual Startup Time": 33.01,
                                                          "Actual Total Time": 33.012,
                                                          "Actual Rows": 7,
                                                          "Actual Loops": 5,
                                                          "Hash Buckets": 1024,
                                                          "Original Hash Buckets": 1024,
                                                          "Hash Batches": 1,
                                                          "Original Hash Batches": 1,
                                                          "Peak Memory Usage": 9,
                                                          "Plans": [
                                                            {
                                                              "Node Type": "Seq Scan",
                                                              "Parent Relationship": "Outer",
                                                              "Parallel Aware": false,
                                                              "Relation Name": "keyword",
                                                              "Alias": "k",
                                                              "Startup Cost": 0.0,
                                                              "Total Cost": 3464.69,
                                                              "Plan Rows": 7,
                                                              "Plan Width": 4,
                                                              "Actual Startup Time": 1.253,
                                                              "Actual Total Time": 32.995,
                                                              "Actual Rows": 7,
                                                              "Actual Loops": 5,
                                                              "Filter": "(keyword = ANY ('{murder,violence,blood,gore,death,female-nudity,hospital}'::text[]))",
                                                              "Rows Removed by Filter": 134163
                                                            }
                                                          ]
                                                        }
                                                      ]
                                                    },
                                                    {
                                                      "Node Type": "Hash",
                                                      "Parent Relationship": "Inner",
                                                      "Parallel Aware": true,
                                                      "Startup Cost": 202352.26,
                                                      "Total Cost": 202352.26,
                                                      "Plan Rows": 7,
                                                      "Plan Width": 51,
                                                      "Actual Startup Time": 822.341,
                                                      "Actual Total Time": 822.366,
                                                      "Actual Rows": 989,
                                                      "Actual Loops": 5,
                                                      "Hash Buckets": 8192,
                                                      "Original Hash Buckets": 1024,
                                                      "Hash Batches": 1,
                                                      "Original Hash Batches": 1,
                                                      "Peak Memory Usage": 504,
                                                      "Plans": [
                                                        {
                                                          "Node Type": "Hash Join",
                                                          "Parent Relationship": "Outer",
                                                          "Parallel Aware": false,
                                                          "Join Type": "Inner",
                                                          "Startup Cost": 3210.39,
                                                          "Total Cost": 202352.26,
                                                          "Plan Rows": 7,
                                                          "Plan Width": 51,
                                                          "Actual Startup Time": 700.739,
                                                          "Actual Total Time": 781.285,
                                                          "Actual Rows": 989,
                                                          "Actual Loops": 5,
                                                          "Inner Unique": false,
                                                          "Hash Cond": "(mi.movie_id = cc.movie_id)",
                                                          "Plans": [
                                                            {
                                                              "Node Type": "Hash Join",
                                                              "Parent Relationship": "Outer",
                                                              "Parallel Aware": false,
                                                              "Join Type": "Inner",
                                                              "Startup Cost": 2.43,
                                                              "Total Cost": 199143.67,
                                                              "Plan Rows": 149,
                                                              "Plan Width": 47,
                                                              "Actual Startup Time": 662.656,
                                                              "Actual Total Time": 739.119,
                                                              "Actual Rows": 14452,
                                                              "Actual Loops": 5,
                                                              "Inner Unique": true,
                                                              "Hash Cond": "(mi.info_type_id = it1.id)",
                                                              "Plans": [
                                                                {
                                                                  "Node Type": "Seq Scan",
                                                                  "Parent Relationship": "Outer",
                                                                  "Parallel Aware": true,
                                                                  "Relation Name": "movie_info",
                                                                  "Alias": "mi",
                                                                  "Startup Cost": 0.0,
                                                                  "Total Cost": 199095.43,
                                                                  "Plan Rows": 16820,
                                                                  "Plan Width": 51,
                                                                  "Actual Startup Time": 464.992,
                                                                  "Actual Total Time": 735.627,
                                                                  "Actual Rows": 14609,
                                                                  "Actual Loops": 5,
                                                                  "Filter": "(info = ANY ('{Horror,Thriller}'::text[]))",
                                                                  "Rows Removed by Filter": 2952535
                                                                },
                                                                {
                                                                  "Node Type": "Hash",
                                                                  "Parent Relationship": "Inner",
                                                                  "Parallel Aware": false,
                                                                  "Startup Cost": 2.41,
                                                                  "Total Cost": 2.41,
                                                                  "Plan Rows": 1,
                                                                  "Plan Width": 4,
                                                                  "Actual Startup Time": 0.069,
                                                                  "Actual Total Time": 0.071,
                                                                  "Actual Rows": 1,
                                                                  "Actual Loops": 5,
                                                                  "Hash Buckets": 1024,
                                                                  "Original Hash Buckets": 1024,
                                                                  "Hash Batches": 1,
                                                                  "Original Hash Batches": 1,
                                                                  "Peak Memory Usage": 9,
                                                                  "Plans": [
                                                                    {
                                                                      "Node Type": "Seq Scan",
                                                                      "Parent Relationship": "Outer",
                                                                      "Parallel Aware": false,
                                                                      "Relation Name": "info_type",
                                                                      "Alias": "it1",
                                                                      "Startup Cost": 0.0,
                                                                      "Total Cost": 2.41,
                                                                      "Plan Rows": 1,
                                                                      "Plan Width": 4,
                                                                      "Actual Startup Time": 0.046,
                                                                      "Actual Total Time": 0.053,
                                                                      "Actual Rows": 1,
                                                                      "Actual Loops": 5,
                                                                      "Filter": "((info)::text = 'genres'::text)",
                                                                      "Rows Removed by Filter": 112
                                                                    }
                                                                  ]
                                                                }
                                                              ]
                                                            },
                                                            {
                                                              "Node Type": "Hash",
                                                              "Parent Relationship": "Inner",
                                                              "Parallel Aware": false,
                                                              "Startup Cost": 2996.89,
                                                              "Total Cost": 2996.89,
                                                              "Plan Rows": 16886,
                                                              "Plan Width": 4,
                                                              "Actual Startup Time": 36.988,
                                                              "Actual Total Time": 37.004,
                                                              "Actual Rows": 24592,
                                                              "Actual Loops": 5,
                                                              "Hash Buckets": 32768,
                                                              "Original Hash Buckets": 32768,
                                                              "Hash Batches": 1,
                                                              "Original Hash Batches": 1,
                                                              "Peak Memory Usage": 1121,
                                                              "Plans": [
                                                                {
                                                                  "Node Type": "Hash Join",
                                                                  "Parent Relationship": "Outer",
                                                                  "Parallel Aware": false,
                                                                  "Join Type": "Inner",
                                                                  "Startup Cost": 2.14,
                                                                  "Total Cost": 2996.89,
                                                                  "Plan Rows": 16886,
                                                                  "Plan Width": 4,
                                                                  "Actual Startup Time": 0.222,
                                                                  "Actual Total Time": 32.317,
                                                                  "Actual Rows": 24592,
                                                                  "Actual Loops": 5,
                                                                  "Inner Unique": true,
                                                                  "Hash Cond": "(cc.subject_id = cct1.id)",
                                                                  "Plans": [
                                                                    {
                                                                      "Node Type": "Hash Join",
                                                                      "Parent Relationship": "Outer",
                                                                      "Parallel Aware": false,
                                                                      "Join Type": "Inner",
                                                                      "Startup Cost": 1.06,
                                                                      "Total Cost": 2813.24,
                                                                      "Plan Rows": 33772,
                                                                      "Plan Width": 8,
                                                                      "Actual Startup Time": 0.087,
                                                                      "Actual Total Time": 28.632,
                                                                      "Actual Rows": 24592,
                                                                      "Actual Loops": 5,
                                                                      "Inner Unique": true,
                                                                      "Hash Cond": "(cc.status_id = cct2.id)",
                                                                      "Plans": [
                                                                        {
                                                                          "Node Type": "Seq Scan",
                                                                          "Parent Relationship": "Outer",
                                                                          "Parallel Aware": false,
                                                                          "Relation Name": "complete_cast",
                                                                          "Alias": "cc",
                                                                          "Startup Cost": 0.0,
                                                                          "Total Cost": 2081.86,
                                                                          "Plan Rows": 135086,
                                                                          "Plan Width": 12,
                                                                          "Actual Startup Time": 0.031,
                                                                          "Actual Total Time": 15.194,
                                                                          "Actual Rows": 135086,
                                                                          "Actual Loops": 5
                                                                        },
                                                                        {
                                                                          "Node Type": "Hash",
                                                                          "Parent Relationship": "Inner",
                                                                          "Parallel Aware": false,
                                                                          "Startup Cost": 1.05,
                                                                          "Total Cost": 1.05,
                                                                          "Plan Rows": 1,
                                                                          "Plan Width": 4,
                                                                          "Actual Startup Time": 0.017,
                                                                          "Actual Total Time": 0.021,
                                                                          "Actual Rows": 1,
                                                                          "Actual Loops": 5,
                                                                          "Hash Buckets": 1024,
                                                                          "Original Hash Buckets": 1024,
                                                                          "Hash Batches": 1,
                                                                          "Original Hash Batches": 1,
                                                                          "Peak Memory Usage": 9,
                                                                          "Plans": [
                                                                            {
                                                                              "Node Type": "Seq Scan",
                                                                              "Parent Relationship": "Outer",
                                                                              "Parallel Aware": false,
                                                                              "Relation Name": "comp_cast_type",
                                                                              "Alias": "cct2",
                                                                              "Startup Cost": 0.0,
                                                                              "Total Cost": 1.05,
                                                                              "Plan Rows": 1,
                                                                              "Plan Width": 4,
                                                                              "Actual Startup Time": 0.005,
                                                                              "Actual Total Time": 0.007,
                                                                              "Actual Rows": 1,
                                                                              "Actual Loops": 5,
                                                                              "Filter": "((kind)::text = 'complete+verified'::text)",
                                                                              "Rows Removed by Filter": 3
                                                                            }
                                                                          ]
                                                                        }
                                                                      ]
                                                                    },
                                                                    {
                                                                      "Node Type": "Hash",
                                                                      "Parent Relationship": "Inner",
                                                                      "Parallel Aware": false,
                                                                      "Startup Cost": 1.05,
                                                                      "Total Cost": 1.05,
                                                                      "Plan Rows": 2,
                                                                      "Plan Width": 4,
                                                                      "Actual Startup Time": 0.081,
                                                                      "Actual Total Time": 0.084,
                                                                      "Actual Rows": 2,
                                                                      "Actual Loops": 5,
                                                                      "Hash Buckets": 1024,
                                                                      "Original Hash Buckets": 1024,
                                                                      "Hash Batches": 1,
                                                                      "Original Hash Batches": 1,
                                                                      "Peak Memory Usage": 9,
                                                                      "Plans": [
                                                                        {
                                                                          "Node Type": "Seq Scan",
                                                                          "Parent Relationship": "Outer",
                                                                          "Parallel Aware": false,
                                                                          "Relation Name": "comp_cast_type",
                                                                          "Alias": "cct1",
                                                                          "Startup Cost": 0.0,
                                                                          "Total Cost": 1.05,
                                                                          "Plan Rows": 2,
                                                                          "Plan Width": 4,
                                                                          "Actual Startup Time": 0.063,
                                                                          "Actual Total Time": 0.064,
                                                                          "Actual Rows": 2,
                                                                          "Actual Loops": 5,
                                                                          "Filter": "((kind)::text = ANY ('{cast,crew}'::text[]))",
                                                                          "Rows Removed by Filter": 2
                                                                        }
                                                                      ]
                                                                    }
                                                                  ]
                                                                }
                                                              ]
                                                            }
                                                          ]
                                                        }
                                                      ]
                                                    }
                                                  ]
                                                }
                                              ]
                                            }
                                          ]
                                        }
                                      ]
                                    }
                                  ]
                                }
                              ]
                            }
                          ]
                        }
                      ]
                    }
                  ]
                }
              ]
            }
          ]
        }
      ]
    },
    "Planning Time": 83.492,
    "Triggers": [],
    "Execution Time": 3353.2
  }
]