[
  {
    "Plan": {
      "Node Type": "Aggregate",
      "Strategy": "Plain",
      "Partial Mode": "Finalize",
      "Parallel Aware": false,
      "Startup Cost": 246178.47,
      "Total Cost": 246178.48,
      "Plan Rows": 1,
      "Plan Width": 8,
      "Actual Startup Time": 707.325,
      "Actual Total Time": 755.017,
      "Actual Rows": 1,
      "Actual Loops": 1,
      "Plans": [
        {
          "Node Type": "Gather",
          "Parent Relationship": "Outer",
          "Parallel Aware": false,
          "Startup Cost": 246177.95,
          "Total Cost": 246178.46,
          "Plan Rows": 5,
          "Plan Width": 8,
          "Actual Startup Time": 707.025,
          "Actual Total Time": 755.005,
          "Actual Rows": 6,
          "Actual Loops": 1,
          "Workers Planned": 5,
          "Workers Launched": 5,
          "Single Copy": false,
          "Plans": [
            {
              "Node Type": "Aggregate",
              "Strategy": "Plain",
              "Partial Mode": "Partial",
              "Parent Relationship": "Outer",
              "Parallel Aware": false,
              "Startup Cost": 245177.95,
              "Total Cost": 245177.96,
              "Plan Rows": 1,
              "Plan Width": 8,
              "Actual Startup Time": 699.067,
              "Actual Total Time": 699.071,
              "Actual Rows": 1,
              "Actual Loops": 6,
              "Plans": [
                {
                  "Node Type": "Hash Join",
                  "Parent Relationship": "Outer",
                  "Parallel Aware": true,
                  "Join Type": "Inner",
                  "Startup Cost": 45592.49,
                  "Total Cost": 245071.89,
                  "Plan Rows": 42424,
                  "Plan Width": 0,
                  "Actual Startup Time": 83.778,
                  "Actual Total Time": 695.362,
                  "Actual Rows": 50054,
                  "Actual Loops": 6,
                  "Inner Unique": true,
                  "Hash Cond": "(mi.movie_id = t.id)",
                  "Plans": [
                    {
                      "Node Type": "Seq Scan",
                      "Parent Relationship": "Outer",
                      "Parallel Aware": true,
                      "Relation Name": "movie_info",
                      "Alias": "mi",
                      "Startup Cost": 0.0,
                      "Total Cost": 191685.19,
                      "Plan Rows": 2969219,
                      "Plan Width": 4,
                      "Actual Startup Time": 0.032,
                      "Actual Total Time": 340.467,
                      "Actual Rows": 2472620,
                      "Actual Loops": 6
                    },
                    {
                      "Node Type": "Hash",
                      "Parent Relationship": "Inner",
                      "Parallel Aware": true,
                      "Startup Cost": 45479.59,
                      "Total Cost": 45479.59,
                      "Plan Rows": 9032,
                      "Plan Width": 4,
                      "Actual Startup Time": 82.591,
                      "Actual Total Time": 82.592,
                      "Actual Rows": 3638,
                      "Actual Loops": 6,
                      "Hash Buckets": 65536,
                      "Original Hash Buckets": 65536,
                      "Hash Batches": 1,
                      "Original Hash Batches": 1,
                      "Peak Memory Usage": 1440,
                      "Plans": [
                        {
                          "Node Type": "Seq Scan",
                          "Parent Relationship": "Outer",
                          "Parallel Aware": true,
                          "Relation Name": "title",
                          "Alias": "t",
                          "Startup Cost": 0.0,
                          "Total Cost": 45479.59,
                          "Plan Rows": 9032,
                          "Plan Width": 4,
                          "Actual Startup Time": 0.248,
                          "Actual Total Time": 80.333,
                          "Actual Rows": 3638,
                          "Actual Loops": 6,
                          "Filter": "((kind_id < 3) AND (production_year = 2007))",
                          "Rows Removed by Filter": 417747
                        }
                      ]
                    }
                  ]
                }
              ]
            }
          ]
        }
      ]
    },
    "Planning Time": 0.32,
    "Triggers": [],
    "Execution Time": 755.079
  }
]