[
  {
    "Plan": {
      "Node Type": "Aggregate",
      "Strategy": "Plain",
      "Partial Mode": "Finalize",
      "Parallel Aware": false,
      "Startup Cost": 243722.43,
      "Total Cost": 243722.44,
      "Plan Rows": 1,
      "Plan Width": 8,
      "Actual Startup Time": 185.797,
      "Actual Total Time": 215.275,
      "Actual Rows": 1,
      "Actual Loops": 1,
      "Plans": [
        {
          "Node Type": "Gather",
          "Parent Relationship": "Outer",
          "Parallel Aware": false,
          "Startup Cost": 243722.01,
          "Total Cost": 243722.42,
          "Plan Rows": 4,
          "Plan Width": 8,
          "Actual Startup Time": 185.612,
          "Actual Total Time": 215.261,
          "Actual Rows": 5,
          "Actual Loops": 1,
          "Workers Planned": 4,
          "Workers Launched": 4,
          "Single Copy": false,
          "Plans": [
            {
              "Node Type": "Aggregate",
              "Strategy": "Plain",
              "Partial Mode": "Partial",
              "Parent Relationship": "Outer",
              "Parallel Aware": false,
              "Startup Cost": 242722.01,
              "Total Cost": 242722.02,
              "Plan Rows": 1,
              "Plan Width": 8,
              "Actual Startup Time": 179.82,
              "Actual Total Time": 179.822,
              "Actual Rows": 1,
              "Actual Loops": 5,
              "Plans": [
                {
                  "Node Type": "Nested Loop",
                  "Parent Relationship": "Outer",
                  "Parallel Aware": false,
                  "Join Type": "Inner",
                  "Startup Cost": 0.43,
                  "Total Cost": 242606.12,
                  "Plan Rows": 46354,
                  "Plan Width": 0,
                  "Actual Startup Time": 48.376,
                  "Actual Total Time": 176.359,
                  "Actual Rows": 53740,
                  "Actual Loops": 5,
                  "Inner Unique": false,
                  "Plans": [
                    {
                      "Node Type": "Seq Scan",
                      "Parent Relationship": "Outer",
                      "Parallel Aware": true,
                      "Relation Name": "title",
                      "Alias": "t",
                      "Startup Cost": 0.0,
                      "Total Cost": 45479.59,
                      "Plan Rows": 7894,
                      "Plan Width": 4,
                      "Actual Startup Time": 48.252,
                      "Actual Total Time": 76.26,
                      "Actual Rows": 3554,
                      "Actual Loops": 5,
                      "Filter": "((kind_id = 1) AND (production_year = 2007))",
                      "Rows Removed by Filter": 502108
                    },
                    {
                      "Node Type": "Index Only Scan",
                      "Parent Relationship": "Inner",
                      "Parallel Aware": false,
                      "Scan Direction": "Forward",
                      "Index Name": "movie_id_movie_info",
                      "Relation Name": "movie_info",
                      "Alias": "mi",
                      "Startup Cost": 0.43,
                      "Total Cost": 24.56,
                      "Plan Rows": 41,
                      "Plan Width": 4,
                      "Actual Startup Time": 0.009,
                      "Actual Total Time": 0.027,
                      "Actual Rows": 15,
                      "Actual Loops": 17772,
                      "Index Cond": "(movie_id = t.id)",
                      "Rows Removed by Index Recheck": 0,
                      "Heap Fetches": 268702
                    }
                  ]
                }
              ]
            }
          ]
        }
      ]
    },
    "Planning Time": 0.277,
    "Triggers": [],
    "Execution Time": 215.319
  }
]