{
  "Plan": {
    "Node Type": "Aggregate",
    "Strategy": "Plain",
    "Partial Mode": "Simple",
    "Parallel Aware": false,
    "Startup Cost": 53410.27,
    "Total Cost": 53410.28,
    "Plan Rows": 1,
    "Plan Width": 96,
    "Actual Startup Time": 231.253,
    "Actual Total Time": 250.037,
    "Actual Rows": 1,
    "Actual Loops": 1,
    "Plans": [
      {
        "Node Type": "Merge Join",
        "Parent Relationship": "Outer",
        "Parallel Aware": false,
        "Join Type": "Inner",
        "Startup Cost": 53410.24,
        "Total Cost": 53410.27,
        "Plan Rows": 1,
        "Plan Width": 48,
        "Actual Startup Time": 231.238,
        "Actual Total Time": 250.024,
        "Actual Rows": 14,
        "Actual Loops": 1,
        "Inner Unique": true,
        "Merge Cond": "(mc.company_type_id = ct.id)",
        "Plans": [
          {
            "Node Type": "Sort",
            "Parent Relationship": "Outer",
            "Parallel Aware": false,
            "Startup Cost": 53409.18,
            "Total Cost": 53409.19,
            "Plan Rows": 1,
            "Plan Width": 52,
            "Actual Startup Time": 231.222,
            "Actual Total Time": 250.006,
            "Actual Rows": 14,
            "Actual Loops": 1,
            "Sort Key": [
              "mc.company_type_id"
            ],
            "Sort Method": "quicksort",
            "Sort Space Used": 26,
            "Sort Space Type": "Memory",
            "Plans": [
              {
                "Node Type": "Merge Join",
                "Parent Relationship": "Outer",
                "Parallel Aware": false,
                "Join Type": "Inner",
                "Startup Cost": 53409.14,
                "Total Cost": 53409.17,
                "Plan Rows": 1,
                "Plan Width": 52,
                "Actual Startup Time": 231.211,
                "Actual Total Time": 249.996,
                "Actual Rows": 14,
                "Actual Loops": 1,
                "Inner Unique": true,
                "Merge Cond": "(mk.keyword_id = k.id)",
                "Plans": [
                  {
                    "Node Type": "Sort",
                    "Parent Relationship": "Outer",
                    "Parallel Aware": false,
                    "Startup Cost": 50783.01,
                    "Total Cost": 50783.01,
                    "Plan Rows": 2,
                    "Plan Width": 56,
                    "Actual Startup Time": 222.395,
                    "Actual Total Time": 241.18,
                    "Actual Rows": 29,
                    "Actual Loops": 1,
                    "Sort Key": [
                      "mk.keyword_id"
                    ],
                    "Sort Method": "quicksort",
                    "Sort Space Used": 32,
                    "Sort Space Type": "Memory",
                    "Plans": [
                      {
                        "Node Type": "Merge Join",
                        "Parent Relationship": "Outer",
                        "Parallel Aware": false,
                        "Join Type": "Inner",
                        "Startup Cost": 46811.38,
                        "Total Cost": 50783.0,
                        "Plan Rows": 2,
                        "Plan Width": 56,
                        "Actual Startup Time": 222.343,
                        "Actual Total Time": 241.143,
                        "Actual Rows": 56,
                        "Actual Loops": 1,
                        "Inner Unique": false,
                        "Merge Cond": "(mk.movie_id = ml.movie_id)",
                        "Plans": [
                          {
                            "Node Type": "Index Scan",
                            "Parent Relationship": "Outer",
                            "Parallel Aware": false,
                            "Scan Direction": "Forward",
                            "Index Name": "movie_id_movie_keyword",
                            "Relation Name": "movie_keyword",
                            "Alias": "mk",
                            "Startup Cost": 0.43,
                            "Total Cost": 177148.48,
                            "Plan Rows": 4523930,
                            "Plan Width": 8,
                            "Actual Startup Time": 0.016,
                            "Actual Total Time": 7.799,
                            "Actual Rows": 69417,
                            "Actual Loops": 1
                          },
                          {
                            "Node Type": "Materialize",
                            "Parent Relationship": "Inner",
                            "Parallel Aware": false,
                            "Startup Cost": 46810.95,
                            "Total Cost": 46810.95,
                            "Plan Rows": 1,
                            "Plan Width": 64,
                            "Actual Startup Time": 210.66,
                            "Actual Total Time": 229.446,
                            "Actual Rows": 53,
                            "Actual Loops": 1,
                            "Plans": [
                              {
                                "Node Type": "Sort",
                                "Parent Relationship": "Outer",
                                "Parallel Aware": false,
                                "Startup Cost": 46810.95,
                                "Total Cost": 46810.95,
                                "Plan Rows": 1,
                                "Plan Width": 64,
                                "Actual Startup Time": 210.656,
                                "Actual Total Time": 229.437,
                                "Actual Rows": 14,
                                "Actual Loops": 1,
                                "Sort Key": [
                                  "ml.movie_id"
                                ],
                                "Sort Method": "quicksort",
                                "Sort Space Used": 26,
                                "Sort Space Type": "Memory",
                                "Plans": [
                                  {
                                    "Node Type": "Merge Join",
                                    "Parent Relationship": "Outer",
                                    "Parallel Aware": false,
                                    "Join Type": "Inner",
                                    "Startup Cost": 46535.16,
                                    "Total Cost": 46810.94,
                                    "Plan Rows": 1,
                                    "Plan Width": 64,
                                    "Actual Startup Time": 207.848,
                                    "Actual Total Time": 229.426,
                                    "Actual Rows": 14,
                                    "Actual Loops": 1,
                                    "Inner Unique": true,
                                    "Merge Cond": "(mc.company_id = cn.id)",
                                    "Plans": [
                                      {
                                        "Node Type": "Sort",
                                        "Parent Relationship": "Outer",
                                        "Parallel Aware": false,
                                        "Startup Cost": 35081.17,
                                        "Total Cost": 35081.18,
                                        "Plan Rows": 1,
                                        "Plan Width": 49,
                                        "Actual Startup Time": 153.845,
                                        "Actual Total Time": 172.625,
                                        "Actual Rows": 21,
                                        "Actual Loops": 1,
                                        "Sort Key": [
                                          "mc.company_id"
                                        ],
                                        "Sort Method": "quicksort",
                                        "Sort Space Used": 26,
                                        "Sort Space Type": "Memory",
                                        "Plans": [
                                          {
                                            "Node Type": "Merge Join",
                                            "Parent Relationship": "Outer",
                                            "Parallel Aware": false,
                                            "Join Type": "Inner",
                                            "Startup Cost": 2619.29,
                                            "Total Cost": 35081.16,
                                            "Plan Rows": 1,
                                            "Plan Width": 49,
                                            "Actual Startup Time": 153.79,
                                            "Actual Total Time": 172.61,
                                            "Actual Rows": 21,
                                            "Actual Loops": 1,
                                            "Inner Unique": false,
                                            "Merge Cond": "(ml.movie_id = mc.movie_id)",
                                            "Plans": [
                                              {
                                                "Node Type": "Merge Join",
                                                "Parent Relationship": "Outer",
                                                "Parallel Aware": false,
                                                "Join Type": "Inner",
                                                "Startup Cost": 2618.86,
                                                "Total Cost": 29473.29,
                                                "Plan Rows": 1,
                                                "Plan Width": 37,
                                                "Actual Startup Time": 138.647,
                                                "Actual Total Time": 157.456,
                                                "Actual Rows": 7,
                                                "Actual Loops": 1,
                                                "Inner Unique": false,
                                                "Merge Cond": "(t.id = ml.movie_id)",
                                                "Plans": [
                                                  {
                                                    "Node Type": "Gather Merge",
                                                    "Parent Relationship": "Outer",
                                                    "Parallel Aware": false,
                                                    "Startup Cost": 1000.44,
                                                    "Total Cost": 108384.81,
                                                    "Plan Rows": 4,
                                                    "Plan Width": 21,
                                                    "Actual Startup Time": 137.921,
                                                    "Actual Total Time": 156.695,
                                                    "Actual Rows": 3,
                                                    "Actual Loops": 1,
                                                    "Workers Planned": 1,
                                                    "Workers Launched": 1,
                                                    "Plans": [
                                                      {
                                                        "Node Type": "Index Scan",
                                                        "Parent Relationship": "Outer",
                                                        "Parallel Aware": true,
                                                        "Scan Direction": "Forward",
                                                        "Index Name": "title_pkey",
                                                        "Relation Name": "title",
                                                        "Alias": "t",
                                                        "Startup Cost": 0.43,
                                                        "Total Cost": 107384.35,
                                                        "Plan Rows": 2,
                                                        "Plan Width": 21,
                                                        "Actual Startup Time": 95.396,
                                                        "Actual Total Time": 183.235,
                                                        "Actual Rows": 2,
                                                        "Actual Loops": 2,
                                                        "Filter": "((title ~~ '%Money%'::text) AND (production_year = 1998))",
                                                        "Rows Removed by Filter": 276458
                                                      }
                                                    ]
                                                  },
                                                  {
                                                    "Node Type": "Sort",
                                                    "Parent Relationship": "Inner",
                                                    "Parallel Aware": false,
                                                    "Startup Cost": 1618.42,
                                                    "Total Cost": 1622.58,
                                                    "Plan Rows": 1666,
                                                    "Plan Width": 16,
                                                    "Actual Startup Time": 0.652,
                                                    "Actual Total Time": 0.696,
                                                    "Actual Rows": 1158,
                                                    "Actual Loops": 1,
                                                    "Sort Key": [
                                                      "ml.movie_id"
                                                    ],
                                                    "Sort Method": "quicksort",
                                                    "Sort Space Used": 103,
                                                    "Sort Space Type": "Memory",
                                                    "Plans": [
                                                      {
                                                        "Node Type": "Merge Join",
                                                        "Parent Relationship": "Outer",
                                                        "Parallel Aware": false,
                                                        "Join Type": "Inner",
                                                        "Startup Cost": 0.42,
                                                        "Total Cost": 1529.27,
                                                        "Plan Rows": 1666,
                                                        "Plan Width": 16,
                                                        "Actual Startup Time": 0.027,
                                                        "Actual Total Time": 0.48,
                                                        "Actual Rows": 1158,
                                                        "Actual Loops": 1,
                                                        "Inner Unique": true,
                                                        "Merge Cond": "(ml.link_type_id = lt.id)",
                                                        "Plans": [
                                                          {
                                                            "Node Type": "Index Scan",
                                                            "Parent Relationship": "Outer",
                                                            "Parallel Aware": false,
                                                            "Scan Direction": "Forward",
                                                            "Index Name": "link_type_id_movie_link",
                                                            "Relation Name": "movie_link",
                                                            "Alias": "ml",
                                                            "Startup Cost": 0.29,
                                                            "Total Cost": 1425.16,
                                                            "Plan Rows": 29997,
                                                            "Plan Width": 8,
                                                            "Actual Startup Time": 0.017,
                                                            "Actual Total Time": 0.334,
                                                            "Actual Rows": 1159,
                                                            "Actual Loops": 1
                                                          },
                                                          {
                                                            "Node Type": "Index Scan",
                                                            "Parent Relationship": "Inner",
                                                            "Parallel Aware": false,
                                                            "Scan Direction": "Forward",
                                                            "Index Name": "link_type_pkey",
                                                            "Relation Name": "link_type",
                                                            "Alias": "lt",
                                                            "Startup Cost": 0.14,
                                                            "Total Cost": 12.45,
                                                            "Plan Rows": 1,
                                                            "Plan Width": 16,
                                                            "Actual Startup Time": 0.008,
                                                            "Actual Total Time": 0.011,
                                                            "Actual Rows": 1,
                                                            "Actual Loops": 1,
                                                            "Filter": "((link)::text ~~ '%follows%'::text)",
                                                            "Rows Removed by Filter": 17
                                                          }
                                                        ]
                                                      }
                                                    ]
                                                  }
                                                ]
                                              },
                                              {
                                                "Node Type": "Index Scan",
                                                "Parent Relationship": "Inner",
                                                "Parallel Aware": false,
                                                "Scan Direction": "Forward",
                                                "Index Name": "movie_id_movie_companies",
                                                "Relation Name": "movie_companies",
                                                "Alias": "mc",
                                                "Startup Cost": 0.43,
                                                "Total Cost": 140404.76,
                                                "Plan Rows": 1269863,
                                                "Plan Width": 12,
                                                "Actual Startup Time": 0.017,
                                                "Actual Total Time": 13.637,
                                                "Actual Rows": 33510,
                                                "Actual Loops": 1,
                                                "Filter": "(note IS NULL)",
                                                "Rows Removed by Filter": 34717
                                              }
                                            ]
                                          }
                                        ]
                                      },
                                      {
                                        "Node Type": "Sort",
                                        "Parent Relationship": "Inner",
                                        "Parallel Aware": false,
                                        "Startup Cost": 11453.99,
                                        "Total Cost": 11591.95,
                                        "Plan Rows": 55187,
                                        "Plan Width": 23,
                                        "Actual Startup Time": 53.958,
                                        "Actual Total Time": 55.494,
                                        "Actual Rows": 14125,
                                        "Actual Loops": 1,
                                        "Sort Key": [
                                          "cn.id"
                                        ],
                                        "Sort Method": "quicksort",
                                        "Sort Space Used": 5023,
                                        "Sort Space Type": "Memory",
                                        "Plans": [
                                          {
                                            "Node Type": "Seq Scan",
                                            "Parent Relationship": "Outer",
                                            "Parallel Aware": false,
                                            "Relation Name": "company_name",
                                            "Alias": "cn",
                                            "Startup Cost": 0.0,
                                            "Total Cost": 7107.45,
                                            "Plan Rows": 55187,
                                            "Plan Width": 23,
                                            "Actual Startup Time": 0.02,
                                            "Actual Total Time": 42.523,
                                            "Actual Rows": 48302,
                                            "Actual Loops": 1,
                                            "Filter": "(((country_code)::text <> '[pl]'::text) AND ((name ~~ '%Film%'::text) OR (name ~~ '%Warner%'::text)))",
                                            "Rows Removed by Filter": 186695
                                          }
                                        ]
                                      }
                                    ]
                                  }
                                ]
                              }
                            ]
                          }
                        ]
                      }
                    ]
                  },
                  {
                    "Node Type": "Sort",
                    "Parent Relationship": "Inner",
                    "Parallel Aware": false,
                    "Startup Cost": 2626.14,
                    "Total Cost": 2626.14,
                    "Plan Rows": 1,
                    "Plan Width": 4,
                    "Actual Startup Time": 8.808,
                    "Actual Total Time": 8.809,
                    "Actual Rows": 1,
                    "Actual Loops": 1,
                    "Sort Key": [
                      "k.id"
                    ],
                    "Sort Method": "quicksort",
                    "Sort Space Used": 25,
                    "Sort Space Type": "Memory",
                    "Plans": [
                      {
                        "Node Type": "Seq Scan",
                        "Parent Relationship": "Outer",
                        "Parallel Aware": false,
                        "Relation Name": "keyword",
                        "Alias": "k",
                        "Startup Cost": 0.0,
                        "Total Cost": 2626.12,
                        "Plan Rows": 1,
                        "Plan Width": 4,
                        "Actual Startup Time": 0.497,
                        "Actual Total Time": 8.802,
                        "Actual Rows": 1,
                        "Actual Loops": 1,
                        "Filter": "(keyword = 'sequel'::text)",
                        "Rows Removed by Filter": 134169
                      }
                    ]
                  }
                ]
              }
            ]
          },
          {
            "Node Type": "Sort",
            "Parent Relationship": "Inner",
            "Parallel Aware": false,
            "Startup Cost": 1.06,
            "Total Cost": 1.06,
            "Plan Rows": 1,
            "Plan Width": 4,
            "Actual Startup Time": 0.013,
            "Actual Total Time": 0.013,
            "Actual Rows": 1,
            "Actual Loops": 1,
            "Sort Key": [
              "ct.id"
            ],
            "Sort Method": "quicksort",
            "Sort Space Used": 25,
            "Sort Space Type": "Memory",
            "Plans": [
              {
                "Node Type": "Seq Scan",
                "Parent Relationship": "Outer",
                "Parallel Aware": false,
                "Relation Name": "company_type",
                "Alias": "ct",
                "Startup Cost": 0.0,
                "Total Cost": 1.05,
                "Plan Rows": 1,
                "Plan Width": 4,
                "Actual Startup Time": 0.008,
                "Actual Total Time": 0.009,
                "Actual Rows": 1,
                "Actual Loops": 1,
                "Filter": "((kind)::text = 'production companies'::text)",
                "Rows Removed by Filter": 3
              }
            ]
          }
        ]
      }
    ]
  },
  "Planning Time": 2.593,
  "Triggers": [],
  "Execution Time": 250.212
}