[
  {
    "Plan": {
      "Node Type": "Aggregate",
      "Strategy": "Plain",
      "Partial Mode": "Finalize",
      "Parallel Aware": false,
      "Startup Cost": 75087.73,
      "Total Cost": 75087.74,
      "Plan Rows": 1,
      "Plan Width": 8,
      "Actual Startup Time": 337.595,
      "Actual Total Time": 350.601,
      "Actual Rows": 1,
      "Actual Loops": 1,
      "Plans": [
        {
          "Node Type": "Gather",
          "Parent Relationship": "Outer",
          "Parallel Aware": false,
          "Startup Cost": 75087.41,
          "Total Cost": 75087.72,
          "Plan Rows": 3,
          "Plan Width": 8,
          "Actual Startup Time": 331.717,
          "Actual Total Time": 350.592,
          "Actual Rows": 4,
          "Actual Loops": 1,
          "Workers Planned": 3,
          "Workers Launched": 3,
          "Single Copy": false,
          "Plans": [
            {
              "Node Type": "Aggregate",
              "Strategy": "Plain",
              "Partial Mode": "Partial",
              "Parent Relationship": "Outer",
              "Parallel Aware": false,
              "Startup Cost": 74087.41,
              "Total Cost": 74087.42,
              "Plan Rows": 1,
              "Plan Width": 8,
              "Actual Startup Time": 324.658,
              "Actual Total Time": 324.662,
              "Actual Rows": 1,
              "Actual Loops": 4,
              "Plans": [
                {
                  "Node Type": "Hash Join",
                  "Parent Relationship": "Outer",
                  "Parallel Aware": true,
                  "Join Type": "Inner",
                  "Startup Cost": 54175.57,
                  "Total Cost": 74043.62,
                  "Plan Rows": 17515,
                  "Plan Width": 0,
                  "Actual Startup Time": 269.325,
                  "Actual Total Time": 322.723,
                  "Actual Rows": 28282,
                  "Actual Loops": 4,
                  "Inner Unique": true,
                  "Hash Cond": "(mc.movie_id = t.id)",
                  "Plans": [
                    {
                      "Node Type": "Bitmap Heap Scan",
                      "Parent Relationship": "Outer",
                      "Parallel Aware": true,
                      "Relation Name": "movie_companies",
                      "Alias": "mc",
                      "Startup Cost": 4420.79,
                      "Total Cost": 24203.88,
                      "Plan Rows": 32370,
                      "Plan Width": 4,
                      "Actual Startup Time": 17.189,
                      "Actual Total Time": 46.581,
                      "Actual Rows": 39690,
                      "Actual Loops": 4,
                      "Recheck Cond": "(company_id < 60)",
                      "Rows Removed by Index Recheck": 0,
                      "Filter": "(company_type_id < 2)",
                      "Rows Removed by Filter": 10092,
                      "Exact Heap Blocks": 7747,
                      "Lossy Heap Blocks": 0,
                      "Plans": [
                        {
                          "Node Type": "Bitmap Index Scan",
                          "Parent Relationship": "Outer",
                          "Parallel Aware": false,
                          "Index Name": "company_id_movie_companies",
                          "Startup Cost": 0.0,
                          "Total Cost": 4395.71,
                          "Plan Rows": 205237,
                          "Plan Width": 0,
                          "Actual Startup Time": 13.682,
                          "Actual Total Time": 13.683,
                          "Actual Rows": 199127,
                          "Actual Loops": 1,
                          "Index Cond": "(company_id < 60)"
                        }
                      ]
                    },
                    {
                      "Node Type": "Hash",
                      "Parent Relationship": "Inner",
                      "Parallel Aware": true,
                      "Startup Cost": 45479.59,
                      "Total Cost": 45479.59,
                      "Plan Rows": 342015,
                      "Plan Width": 4,
                      "Actual Startup Time": 247.148,
                      "Actual Total Time": 247.149,
                      "Actual Rows": 334922,
                      "Actual Loops": 4,
                      "Hash Buckets": 2097152,
                      "Original Hash Buckets": 2097152,
                      "Hash Batches": 1,
                      "Original Hash Batches": 1,
                      "Peak Memory Usage": 68832,
                      "Plans": [
                        {
                          "Node Type": "Seq Scan",
                          "Parent Relationship": "Outer",
                          "Parallel Aware": true,
                          "Relation Name": "title",
                          "Alias": "t",
                          "Startup Cost": 0.0,
                          "Total Cost": 45479.59,
                          "Plan Rows": 342015,
                          "Plan Width": 4,
                          "Actual Startup Time": 0.029,
                          "Actual Total Time": 121.35,
                          "Actual Rows": 334922,
                          "Actual Loops": 4,
                          "Filter": "((kind_id > 4) AND (production_year < 2012))",
                          "Rows Removed by Filter": 297156
                        }
                      ]
                    }
                  ]
                }
              ]
            }
          ]
        }
      ]
    },
    "Planning Time": 0.373,
    "Triggers": [],
    "Execution Time": 350.653
  }
]