[
  {
    "Plan": {
      "Node Type": "Aggregate",
      "Strategy": "Plain",
      "Partial Mode": "Finalize",
      "Parallel Aware": false,
      "Startup Cost": 80883.14,
      "Total Cost": 80883.15,
      "Plan Rows": 1,
      "Plan Width": 8,
      "Actual Startup Time": 463.077,
      "Actual Total Time": 476.055,
      "Actual Rows": 1,
      "Actual Loops": 1,
      "Plans": [
        {
          "Node Type": "Gather",
          "Parent Relationship": "Outer",
          "Parallel Aware": false,
          "Startup Cost": 80882.82,
          "Total Cost": 80883.13,
          "Plan Rows": 3,
          "Plan Width": 8,
          "Actual Startup Time": 457.224,
          "Actual Total Time": 476.046,
          "Actual Rows": 4,
          "Actual Loops": 1,
          "Workers Planned": 3,
          "Workers Launched": 3,
          "Single Copy": false,
          "Plans": [
            {
              "Node Type": "Aggregate",
              "Strategy": "Plain",
              "Partial Mode": "Partial",
              "Parent Relationship": "Outer",
              "Parallel Aware": false,
              "Startup Cost": 79882.82,
              "Total Cost": 79882.83,
              "Plan Rows": 1,
              "Plan Width": 8,
              "Actual Startup Time": 444.932,
              "Actual Total Time": 444.935,
              "Actual Rows": 1,
              "Actual Loops": 4,
              "Plans": [
                {
                  "Node Type": "Hash Join",
                  "Parent Relationship": "Outer",
                  "Parallel Aware": true,
                  "Join Type": "Inner",
                  "Startup Cost": 54328.58,
                  "Total Cost": 79726.76,
                  "Plan Rows": 62425,
                  "Plan Width": 0,
                  "Actual Startup Time": 388.938,
                  "Actual Total Time": 442.379,
                  "Actual Rows": 49486,
                  "Actual Loops": 4,
                  "Inner Unique": true,
                  "Hash Cond": "(mk.movie_id = t.id)",
                  "Plans": [
                    {
                      "Node Type": "Bitmap Heap Scan",
                      "Parent Relationship": "Outer",
                      "Parallel Aware": true,
                      "Relation Name": "movie_keyword",
                      "Alias": "mk",
                      "Startup Cost": 4108.2,
                      "Total Cost": 29342.51,
                      "Plan Rows": 62425,
                      "Plan Width": 4,
                      "Actual Startup Time": 13.789,
                      "Actual Total Time": 49.102,
                      "Actual Rows": 49486,
                      "Actual Loops": 4,
                      "Recheck Cond": "(keyword_id > 69201)",
                      "Rows Removed by Index Recheck": 0,
                      "Exact Heap Blocks": 6236,
                      "Lossy Heap Blocks": 0,
                      "Plans": [
                        {
                          "Node Type": "Bitmap Index Scan",
                          "Parent Relationship": "Outer",
                          "Parallel Aware": false,
                          "Index Name": "keyword_id_movie_keyword",
                          "Startup Cost": 0.0,
                          "Total Cost": 4059.82,
                          "Plan Rows": 193518,
                          "Plan Width": 0,
                          "Actual Startup Time": 10.921,
                          "Actual Total Time": 10.921,
                          "Actual Rows": 197943,
                          "Actual Loops": 1,
                          "Index Cond": "(keyword_id > 69201)"
                        }
                      ]
                    },
                    {
                      "Node Type": "Hash",
                      "Parent Relationship": "Inner",
                      "Parallel Aware": true,
                      "Startup Cost": 42319.06,
                      "Total Cost": 42319.06,
                      "Plan Rows": 632106,
                      "Plan Width": 4,
                      "Actual Startup Time": 367.271,
                      "Actual Total Time": 367.272,
                      "Actual Rows": 632078,
                      "Actual Loops": 4,
                      "Hash Buckets": 4194304,
                      "Original Hash Buckets": 4194304,
                      "Hash Batches": 1,
                      "Original Hash Batches": 1,
                      "Peak Memory Usage": 131744,
                      "Plans": [
                        {
                          "Node Type": "Seq Scan",
                          "Parent Relationship": "Outer",
                          "Parallel Aware": true,
                          "Relation Name": "title",
                          "Alias": "t",
                          "Startup Cost": 0.0,
                          "Total Cost": 42319.06,
                          "Plan Rows": 632106,
                          "Plan Width": 4,
                          "Actual Startup Time": 0.043,
                          "Actual Total Time": 101.925,
                          "Actual Rows": 632078,
                          "Actual Loops": 4
                        }
                      ]
                    }
                  ]
                }
              ]
            }
          ]
        }
      ]
    },
    "Planning Time": 0.251,
    "Triggers": [],
    "Execution Time": 476.099
  }
]