[
  {
    "Plan": {
      "Node Type": "Aggregate",
      "Strategy": "Plain",
      "Partial Mode": "Finalize",
      "Parallel Aware": false,
      "Startup Cost": 81053.2,
      "Total Cost": 81053.21,
      "Plan Rows": 1,
      "Plan Width": 8,
      "Actual Startup Time": 458.822,
      "Actual Total Time": 474.94,
      "Actual Rows": 1,
      "Actual Loops": 1,
      "Plans": [
        {
          "Node Type": "Gather",
          "Parent Relationship": "Outer",
          "Parallel Aware": false,
          "Startup Cost": 81052.88,
          "Total Cost": 81053.19,
          "Plan Rows": 3,
          "Plan Width": 8,
          "Actual Startup Time": 447.839,
          "Actual Total Time": 474.93,
          "Actual Rows": 4,
          "Actual Loops": 1,
          "Workers Planned": 3,
          "Workers Launched": 3,
          "Single Copy": false,
          "Plans": [
            {
              "Node Type": "Aggregate",
              "Strategy": "Plain",
              "Partial Mode": "Partial",
              "Parent Relationship": "Outer",
              "Parallel Aware": false,
              "Startup Cost": 80052.88,
              "Total Cost": 80052.89,
              "Plan Rows": 1,
              "Plan Width": 8,
              "Actual Startup Time": 430.254,
              "Actual Total Time": 430.258,
              "Actual Rows": 1,
              "Actual Loops": 4,
              "Plans": [
                {
                  "Node Type": "Hash Join",
                  "Parent Relationship": "Outer",
                  "Parallel Aware": true,
                  "Join Type": "Inner",
                  "Startup Cost": 54461.91,
                  "Total Cost": 79891.61,
                  "Plan Rows": 64509,
                  "Plan Width": 0,
                  "Actual Startup Time": 369.967,
                  "Actual Total Time": 427.63,
                  "Actual Rows": 49486,
                  "Actual Loops": 4,
                  "Inner Unique": true,
                  "Hash Cond": "(mk.movie_id = t.id)",
                  "Plans": [
                    {
                      "Node Type": "Bitmap Heap Scan",
                      "Parent Relationship": "Outer",
                      "Parallel Aware": true,
                      "Relation Name": "movie_keyword",
                      "Alias": "mk",
                      "Startup Cost": 4242.26,
                      "Total Cost": 29502.62,
                      "Plan Rows": 64509,
                      "Plan Width": 4,
                      "Actual Startup Time": 13.779,
                      "Actual Total Time": 51.657,
                      "Actual Rows": 49486,
                      "Actual Loops": 4,
                      "Recheck Cond": "(keyword_id > 69201)",
                      "Rows Removed by Index Recheck": 0,
                      "Exact Heap Blocks": 7678,
                      "Lossy Heap Blocks": 0,
                      "Plans": [
                        {
                          "Node Type": "Bitmap Index Scan",
                          "Parent Relationship": "Outer",
                          "Parallel Aware": false,
                          "Index Name": "keyword_id_movie_keyword",
                          "Startup Cost": 0.0,
                          "Total Cost": 4192.27,
                          "Plan Rows": 199978,
                          "Plan Width": 0,
                          "Actual Startup Time": 10.72,
                          "Actual Total Time": 10.72,
                          "Actual Rows": 197943,
                          "Actual Loops": 1,
                          "Index Cond": "(keyword_id > 69201)"
                        }
                      ]
                    },
                    {
                      "Node Type": "Hash",
                      "Parent Relationship": "Inner",
                      "Parallel Aware": true,
                      "Startup Cost": 42318.73,
                      "Total Cost": 42318.73,
                      "Plan Rows": 632073,
                      "Plan Width": 4,
                      "Actual Startup Time": 345.006,
                      "Actual Total Time": 345.007,
                      "Actual Rows": 632078,
                      "Actual Loops": 4,
                      "Hash Buckets": 4194304,
                      "Original Hash Buckets": 4194304,
                      "Hash Batches": 1,
                      "Original Hash Batches": 1,
                      "Peak Memory Usage": 131744,
                      "Plans": [
                        {
                          "Node Type": "Seq Scan",
                          "Parent Relationship": "Outer",
                          "Parallel Aware": true,
                          "Relation Name": "title",
                          "Alias": "t",
                          "Startup Cost": 0.0,
                          "Total Cost": 42318.73,
                          "Plan Rows": 632073,
                          "Plan Width": 4,
                          "Actual Startup Time": 0.042,
                          "Actual Total Time": 101.894,
                          "Actual Rows": 632078,
                          "Actual Loops": 4
                        }
                      ]
                    }
                  ]
                }
              ]
            }
          ]
        }
      ]
    },
    "Planning Time": 0.613,
    "Triggers": [],
    "Execution Time": 475.03
  }
]