[
  {
    "Plan": {
      "Node Type": "Aggregate",
      "Strategy": "Plain",
      "Partial Mode": "Finalize",
      "Parallel Aware": false,
      "Startup Cost": 89366.34,
      "Total Cost": 89366.35,
      "Plan Rows": 1,
      "Plan Width": 8,
      "Actual Startup Time": 141.016,
      "Actual Total Time": 164.878,
      "Actual Rows": 1,
      "Actual Loops": 1,
      "Plans": [
        {
          "Node Type": "Gather",
          "Parent Relationship": "Outer",
          "Parallel Aware": false,
          "Startup Cost": 89365.92,
          "Total Cost": 89366.33,
          "Plan Rows": 4,
          "Plan Width": 8,
          "Actual Startup Time": 140.747,
          "Actual Total Time": 164.868,
          "Actual Rows": 5,
          "Actual Loops": 1,
          "Workers Planned": 4,
          "Workers Launched": 4,
          "Single Copy": false,
          "Plans": [
            {
              "Node Type": "Aggregate",
              "Strategy": "Plain",
              "Partial Mode": "Partial",
              "Parent Relationship": "Outer",
              "Parallel Aware": false,
              "Startup Cost": 88365.92,
              "Total Cost": 88365.93,
              "Plan Rows": 1,
              "Plan Width": 8,
              "Actual Startup Time": 131.072,
              "Actual Total Time": 131.073,
              "Actual Rows": 1,
              "Actual Loops": 5,
              "Plans": [
                {
                  "Node Type": "Nested Loop",
                  "Parent Relationship": "Outer",
                  "Parallel Aware": false,
                  "Join Type": "Inner",
                  "Startup Cost": 0.56,
                  "Total Cost": 88362.82,
                  "Plan Rows": 1239,
                  "Plan Width": 0,
                  "Actual Startup Time": 49.719,
                  "Actual Total Time": 130.8,
                  "Actual Rows": 2406,
                  "Actual Loops": 5,
                  "Inner Unique": false,
                  "Plans": [
                    {
                      "Node Type": "Seq Scan",
                      "Parent Relationship": "Outer",
                      "Parallel Aware": true,
                      "Relation Name": "title",
                      "Alias": "t",
                      "Startup Cost": 0.0,
                      "Total Cost": 45479.59,
                      "Plan Rows": 320,
                      "Plan Width": 4,
                      "Actual Startup Time": 28.99,
                      "Actual Total Time": 81.197,
                      "Actual Rows": 545,
                      "Actual Loops": 5,
                      "Filter": "((kind_id < 7) AND (production_year = 1938))",
                      "Rows Removed by Filter": 505118
                    },
                    {
                      "Node Type": "Index Scan",
                      "Parent Relationship": "Inner",
                      "Parallel Aware": false,
                      "Scan Direction": "Forward",
                      "Index Name": "movie_id_cast_info",
                      "Relation Name": "cast_info",
                      "Alias": "ci",
                      "Startup Cost": 0.56,
                      "Total Cost": 133.92,
                      "Plan Rows": 9,
                      "Plan Width": 4,
                      "Actual Startup Time": 0.072,
                      "Actual Total Time": 0.09,
                      "Actual Rows": 4,
                      "Actual Loops": 2724,
                      "Index Cond": "(movie_id = t.id)",
                      "Rows Removed by Index Recheck": 0,
                      "Filter": "((person_id > 687811) AND (role_id > 3))",
                      "Rows Removed by Filter": 16
                    }
                  ]
                }
              ]
            }
          ]
        }
      ]
    },
    "Planning Time": 0.588,
    "Triggers": [],
    "Execution Time": 164.953
  }
]