{
  "Plan": {
    "Node Type": "Aggregate",
    "Strategy": "Plain",
    "Partial Mode": "Finalize",
    "Parallel Aware": false,
    "Startup Cost": 627182.94,
    "Total Cost": 627182.95,
    "Plan Rows": 1,
    "Plan Width": 8,
    "Actual Startup Time": 1179.029,
    "Actual Total Time": 1211.722,
    "Actual Rows": 1,
    "Actual Loops": 1,
    "Plans": [
      {
        "Node Type": "Gather",
        "Parent Relationship": "Outer",
        "Parallel Aware": false,
        "Startup Cost": 627182.83,
        "Total Cost": 627182.94,
        "Plan Rows": 1,
        "Plan Width": 8,
        "Actual Startup Time": 1174.71,
        "Actual Total Time": 1211.713,
        "Actual Rows": 2,
        "Actual Loops": 1,
        "Workers Planned": 1,
        "Workers Launched": 1,
        "Single Copy": false,
        "Plans": [
          {
            "Node Type": "Aggregate",
            "Strategy": "Plain",
            "Partial Mode": "Partial",
            "Parent Relationship": "Outer",
            "Parallel Aware": false,
            "Startup Cost": 626182.83,
            "Total Cost": 626182.84,
            "Plan Rows": 1,
            "Plan Width": 8,
            "Actual Startup Time": 1164.878,
            "Actual Total Time": 1164.885,
            "Actual Rows": 1,
            "Actual Loops": 2,
            "Plans": [
              {
                "Node Type": "Hash Join",
                "Parent Relationship": "Outer",
                "Parallel Aware": true,
                "Join Type": "Inner",
                "Startup Cost": 331621.31,
                "Total Cost": 625664.14,
                "Plan Rows": 207474,
                "Plan Width": 0,
                "Actual Startup Time": 677.894,
                "Actual Total Time": 1152.597,
                "Actual Rows": 278640,
                "Actual Loops": 2,
                "Inner Unique": false,
                "Hash Cond": "(ci.movie_id = t.id)",
                "Plans": [
                  {
                    "Node Type": "Bitmap Heap Scan",
                    "Parent Relationship": "Outer",
                    "Parallel Aware": true,
                    "Relation Name": "cast_info",
                    "Alias": "ci",
                    "Startup Cost": 92737.12,
                    "Total Cost": 376297.51,
                    "Plan Rows": 2469871,
                    "Plan Width": 4,
                    "Actual Startup Time": 179.411,
                    "Actual Total Time": 404.005,
                    "Actual Rows": 1994735,
                    "Actual Loops": 2,
                    "Recheck Cond": "(person_id > 3327304)",
                    "Rows Removed by Index Recheck": 0,
                    "Exact Heap Blocks": 30806,
                    "Lossy Heap Blocks": 0,
                    "Plans": [
                      {
                        "Node Type": "Bitmap Index Scan",
                        "Parent Relationship": "Outer",
                        "Parallel Aware": false,
                        "Index Name": "person_id_cast_info",
                        "Startup Cost": 0.0,
                        "Total Cost": 91687.42,
                        "Plan Rows": 4198781,
                        "Plan Width": 0,
                        "Actual Startup Time": 169.75,
                        "Actual Total Time": 169.751,
                        "Actual Rows": 3989470,
                        "Actual Loops": 1,
                        "Index Cond": "(person_id > 3327304)"
                      }
                    ]
                  },
                  {
                    "Node Type": "Hash",
                    "Parent Relationship": "Inner",
                    "Parallel Aware": true,
                    "Startup Cost": 237322.57,
                    "Total Cost": 237322.57,
                    "Plan Rows": 124930,
                    "Plan Width": 8,
                    "Actual Startup Time": 494.926,
                    "Actual Total Time": 494.93,
                    "Actual Rows": 57104,
                    "Actual Loops": 2,
                    "Hash Buckets": 262144,
                    "Original Hash Buckets": 262144,
                    "Hash Batches": 1,
                    "Original Hash Batches": 1,
                    "Peak Memory Usage": 6560,
                    "Plans": [
                      {
                        "Node Type": "Hash Join",
                        "Parent Relationship": "Outer",
                        "Parallel Aware": true,
                        "Join Type": "Inner",
                        "Startup Cost": 72221.05,
                        "Total Cost": 237322.57,
                        "Plan Rows": 124930,
                        "Plan Width": 8,
                        "Actual Startup Time": 372.12,
                        "Actual Total Time": 483.273,
                        "Actual Rows": 57104,
                        "Actual Loops": 2,
                        "Inner Unique": true,
                        "Hash Cond": "(mi.movie_id = t.id)",
                        "Plans": [
                          {
                            "Node Type": "Bitmap Heap Scan",
                            "Parent Relationship": "Outer",
                            "Parallel Aware": true,
                            "Relation Name": "movie_info",
                            "Alias": "mi",
                            "Startup Cost": 6332.18,
                            "Total Cost": 170894.21,
                            "Plan Rows": 205522,
                            "Plan Width": 4,
                            "Actual Startup Time": 16.209,
                            "Actual Total Time": 65.457,
                            "Actual Rows": 164428,
                            "Actual Loops": 2,
                            "Recheck Cond": "(info_type_id = 98)",
                            "Rows Removed by Index Recheck": 0,
                            "Exact Heap Blocks": 13215,
                            "Lossy Heap Blocks": 0,
                            "Plans": [
                              {
                                "Node Type": "Bitmap Index Scan",
                                "Parent Relationship": "Outer",
                                "Parallel Aware": false,
                                "Index Name": "info_type_id_movie_info",
                                "Startup Cost": 0.0,
                                "Total Cost": 6244.84,
                                "Plan Rows": 349387,
                                "Plan Width": 0,
                                "Actual Startup Time": 12.621,
                                "Actual Total Time": 12.621,
                                "Actual Rows": 328857,
                                "Actual Loops": 1,
                                "Index Cond": "(info_type_id = 98)"
                              }
                            ]
                          },
                          {
                            "Node Type": "Hash",
                            "Parent Relationship": "Inner",
                            "Parallel Aware": true,
                            "Startup Cost": 54588.39,
                            "Total Cost": 54588.39,
                            "Plan Rows": 904038,
                            "Plan Width": 4,
                            "Actual Startup Time": 343.857,
                            "Actual Total Time": 343.858,
                            "Actual Rows": 771632,
                            "Actual Loops": 2,
                            "Hash Buckets": 2097152,
                            "Original Hash Buckets": 2097152,
                            "Hash Batches": 1,
                            "Original Hash Batches": 1,
                            "Peak Memory Usage": 76800,
                            "Plans": [
                              {
                                "Node Type": "Seq Scan",
                                "Parent Relationship": "Outer",
                                "Parallel Aware": true,
                                "Relation Name": "title",
                                "Alias": "t",
                                "Startup Cost": 0.0,
                                "Total Cost": 54588.39,
                                "Plan Rows": 904038,
                                "Plan Width": 4,
                                "Actual Startup Time": 0.028,
                                "Actual Total Time": 157.377,
                                "Actual Rows": 771632,
                                "Actual Loops": 2,
                                "Filter": "(kind_id = 7)",
                                "Rows Removed by Filter": 492524
                              }
                            ]
                          }
                        ]
                      }
                    ]
                  }
                ]
              }
            ]
          }
        ]
      }
    ]
  },
  "Planning Time": 1.099,
  "Triggers": [],
  "Execution Time": 1211.835
}