{
  "Plan": {
    "Node Type": "Aggregate",
    "Strategy": "Plain",
    "Partial Mode": "Finalize",
    "Parallel Aware": false,
    "Startup Cost": 308799.98,
    "Total Cost": 308799.99,
    "Plan Rows": 1,
    "Plan Width": 8,
    "Actual Startup Time": 916.629,
    "Actual Total Time": 941.842,
    "Actual Rows": 1,
    "Actual Loops": 1,
    "Plans": [
      {
        "Node Type": "Gather",
        "Parent Relationship": "Outer",
        "Parallel Aware": false,
        "Startup Cost": 308799.87,
        "Total Cost": 308799.98,
        "Plan Rows": 1,
        "Plan Width": 8,
        "Actual Startup Time": 913.723,
        "Actual Total Time": 941.832,
        "Actual Rows": 2,
        "Actual Loops": 1,
        "Workers Planned": 1,
        "Workers Launched": 1,
        "Single Copy": false,
        "Plans": [
          {
            "Node Type": "Aggregate",
            "Strategy": "Plain",
            "Partial Mode": "Partial",
            "Parent Relationship": "Outer",
            "Parallel Aware": false,
            "Startup Cost": 307799.87,
            "Total Cost": 307799.88,
            "Plan Rows": 1,
            "Plan Width": 8,
            "Actual Startup Time": 907.778,
            "Actual Total Time": 908.095,
            "Actual Rows": 1,
            "Actual Loops": 2,
            "Plans": [
              {
                "Node Type": "Hash Join",
                "Parent Relationship": "Outer",
                "Parallel Aware": true,
                "Join Type": "Inner",
                "Startup Cost": 133650.94,
                "Total Cost": 307394.4,
                "Plan Rows": 162187,
                "Plan Width": 0,
                "Actual Startup Time": 681.043,
                "Actual Total Time": 894.819,
                "Actual Rows": 307083,
                "Actual Loops": 2,
                "Inner Unique": false,
                "Hash Cond": "(mi.movie_id = t.id)",
                "Plans": [
                  {
                    "Node Type": "Bitmap Heap Scan",
                    "Parent Relationship": "Outer",
                    "Parallel Aware": true,
                    "Relation Name": "movie_info",
                    "Alias": "mi",
                    "Startup Cost": 20461.84,
                    "Total Cost": 190759.78,
                    "Plan Rows": 664395,
                    "Plan Width": 4,
                    "Actual Startup Time": 57.157,
                    "Actual Total Time": 151.617,
                    "Actual Rows": 541583,
                    "Actual Loops": 2,
                    "Recheck Cond": "(info_type_id > 70)",
                    "Rows Removed by Index Recheck": 0,
                    "Exact Heap Blocks": 18507,
                    "Lossy Heap Blocks": 0,
                    "Plans": [
                      {
                        "Node Type": "Bitmap Index Scan",
                        "Parent Relationship": "Outer",
                        "Parallel Aware": false,
                        "Index Name": "info_type_id_movie_info",
                        "Startup Cost": 0.0,
                        "Total Cost": 20179.48,
                        "Plan Rows": 1129472,
                        "Plan Width": 0,
                        "Actual Startup Time": 51.634,
                        "Actual Total Time": 51.635,
                        "Actual Rows": 1083166,
                        "Actual Loops": 1,
                        "Index Cond": "(info_type_id > 70)"
                      }
                    ]
                  },
                  {
                    "Node Type": "Hash",
                    "Parent Relationship": "Inner",
                    "Parallel Aware": true,
                    "Startup Cost": 108650.96,
                    "Total Cost": 108650.96,
                    "Plan Rows": 363051,
                    "Plan Width": 8,
                    "Actual Startup Time": 614.818,
                    "Actual Total Time": 615.132,
                    "Actual Rows": 199648,
                    "Actual Loops": 2,
                    "Hash Buckets": 1048576,
                    "Original Hash Buckets": 1048576,
                    "Hash Batches": 1,
                    "Original Hash Batches": 1,
                    "Peak Memory Usage": 23840,
                    "Plans": [
                      {
                        "Node Type": "Hash Join",
                        "Parent Relationship": "Outer",
                        "Parallel Aware": true,
                        "Join Type": "Inner",
                        "Startup Cost": 46349.86,
                        "Total Cost": 108650.96,
                        "Plan Rows": 363051,
                        "Plan Width": 8,
                        "Actual Startup Time": 177.662,
                        "Actual Total Time": 552.739,
                        "Actual Rows": 199648,
                        "Actual Loops": 2,
                        "Inner Unique": false,
                        "Hash Cond": "(t.id = mc.movie_id)",
                        "Plans": [
                          {
                            "Node Type": "Seq Scan",
                            "Parent Relationship": "Outer",
                            "Parallel Aware": true,
                            "Relation Name": "title",
                            "Alias": "t",
                            "Startup Cost": 0.0,
                            "Total Cost": 50870.31,
                            "Plan Rows": 1487231,
                            "Plan Width": 4,
                            "Actual Startup Time": 0.009,
                            "Actual Total Time": 123.314,
                            "Actual Rows": 1264156,
                            "Actual Loops": 2
                          },
                          {
                            "Node Type": "Hash",
                            "Parent Relationship": "Inner",
                            "Parallel Aware": true,
                            "Startup Cost": 41811.73,
                            "Total Cost": 41811.73,
                            "Plan Rows": 363051,
                            "Plan Width": 4,
                            "Actual Startup Time": 172.289,
                            "Actual Total Time": 172.29,
                            "Actual Rows": 199648,
                            "Actual Loops": 2,
                            "Hash Buckets": 1048576,
                            "Original Hash Buckets": 1048576,
                            "Hash Batches": 1,
                            "Original Hash Batches": 1,
                            "Peak Memory Usage": 23840,
                            "Plans": [
                              {
                                "Node Type": "Seq Scan",
                                "Parent Relationship": "Outer",
                                "Parallel Aware": true,
                                "Relation Name": "movie_companies",
                                "Alias": "mc",
                                "Startup Cost": 0.0,
                                "Total Cost": 41811.73,
                                "Plan Rows": 363051,
                                "Plan Width": 4,
                                "Actual Startup Time": 65.116,
                                "Actual Total Time": 123.037,
                                "Actual Rows": 199648,
                                "Actual Loops": 2,
                                "Filter": "((company_id < 11137) AND (company_type_id > 1))",
                                "Rows Removed by Filter": 1104916
                              }
                            ]
                          }
                        ]
                      }
                    ]
                  }
                ]
              }
            ]
          }
        ]
      }
    ]
  },
  "Planning Time": 0.945,
  "Triggers": [],
  "Execution Time": 941.939
}