[
  {
    "Plan": {
      "Node Type": "Aggregate",
      "Strategy": "Plain",
      "Partial Mode": "Finalize",
      "Parallel Aware": false,
      "Startup Cost": 346714.51,
      "Total Cost": 346714.52,
      "Plan Rows": 1,
      "Plan Width": 8,
      "Actual Startup Time": 727.773,
      "Actual Total Time": 770.828,
      "Actual Rows": 1,
      "Actual Loops": 1,
      "Plans": [
        {
          "Node Type": "Gather",
          "Parent Relationship": "Outer",
          "Parallel Aware": false,
          "Startup Cost": 346713.89,
          "Total Cost": 346714.49,
          "Plan Rows": 6,
          "Plan Width": 8,
          "Actual Startup Time": 727.581,
          "Actual Total Time": 770.819,
          "Actual Rows": 7,
          "Actual Loops": 1,
          "Workers Planned": 6,
          "Workers Launched": 6,
          "Single Copy": false,
          "Plans": [
            {
              "Node Type": "Aggregate",
              "Strategy": "Plain",
              "Partial Mode": "Partial",
              "Parent Relationship": "Outer",
              "Parallel Aware": false,
              "Startup Cost": 345713.89,
              "Total Cost": 345713.9,
              "Plan Rows": 1,
              "Plan Width": 8,
              "Actual Startup Time": 719.513,
              "Actual Total Time": 719.516,
              "Actual Rows": 1,
              "Actual Loops": 7,
              "Plans": [
                {
                  "Node Type": "Seq Scan",
                  "Parent Relationship": "Outer",
                  "Parallel Aware": true,
                  "Relation Name": "cast_info",
                  "Alias": "ci",
                  "Startup Cost": 0.0,
                  "Total Cost": 343316.27,
                  "Plan Rows": 959046,
                  "Plan Width": 0,
                  "Actual Startup Time": 340.976,
                  "Actual Total Time": 647.853,
                  "Actual Rows": 1498372,
                  "Actual Loops": 7,
                  "Filter": "((person_id > 2394030) AND (role_id > 2))",
                  "Rows Removed by Filter": 3679392
                }
              ]
            }
          ]
        }
      ]
    },
    "Planning Time": 0.142,
    "Triggers": [],
    "Execution Time": 770.881
  }
]