{
  "Plan": {
    "Node Type": "Aggregate",
    "Strategy": "Plain",
    "Partial Mode": "Finalize",
    "Parallel Aware": false,
    "Startup Cost": 217465.11,
    "Total Cost": 217465.12,
    "Plan Rows": 1,
    "Plan Width": 8,
    "Actual Startup Time": 3566.553,
    "Actual Total Time": 3607.018,
    "Actual Rows": 1,
    "Actual Loops": 1,
    "Plans": [
      {
        "Node Type": "Gather",
        "Parent Relationship": "Outer",
        "Parallel Aware": false,
        "Startup Cost": 217465.0,
        "Total Cost": 217465.11,
        "Plan Rows": 1,
        "Plan Width": 8,
        "Actual Startup Time": 3556.639,
        "Actual Total Time": 3607.007,
        "Actual Rows": 2,
        "Actual Loops": 1,
        "Workers Planned": 1,
        "Workers Launched": 1,
        "Single Copy": false,
        "Plans": [
          {
            "Node Type": "Aggregate",
            "Strategy": "Plain",
            "Partial Mode": "Partial",
            "Parent Relationship": "Outer",
            "Parallel Aware": false,
            "Startup Cost": 216465.0,
            "Total Cost": 216465.01,
            "Plan Rows": 1,
            "Plan Width": 8,
            "Actual Startup Time": 3546.364,
            "Actual Total Time": 3548.43,
            "Actual Rows": 1,
            "Actual Loops": 2,
            "Plans": [
              {
                "Node Type": "Hash Join",
                "Parent Relationship": "Outer",
                "Parallel Aware": true,
                "Join Type": "Inner",
                "Startup Cost": 126812.11,
                "Total Cost": 210429.31,
                "Plan Rows": 2414276,
                "Plan Width": 0,
                "Actual Startup Time": 1489.159,
                "Actual Total Time": 2942.422,
                "Actual Rows": 15273632,
                "Actual Loops": 2,
                "Inner Unique": false,
                "Hash Cond": "(mk.movie_id = t.id)",
                "Plans": [
                  {
                    "Node Type": "Seq Scan",
                    "Parent Relationship": "Outer",
                    "Parallel Aware": true,
                    "Relation Name": "movie_keyword",
                    "Alias": "mk",
                    "Startup Cost": 0.0,
                    "Total Cost": 57718.19,
                    "Plan Rows": 2339477,
                    "Plan Width": 4,
                    "Actual Startup Time": 0.029,
                    "Actual Total Time": 210.832,
                    "Actual Rows": 1996350,
                    "Actual Loops": 2,
                    "Filter": "(keyword_id < 34362)",
                    "Rows Removed by Filter": 265615
                  },
                  {
                    "Node Type": "Hash",
                    "Parent Relationship": "Inner",
                    "Parallel Aware": true,
                    "Startup Cost": 107627.33,
                    "Total Cost": 107627.33,
                    "Plan Rows": 1534782,
                    "Plan Width": 8,
                    "Actual Startup Time": 1467.933,
                    "Actual Total Time": 1469.997,
                    "Actual Rows": 1304564,
                    "Actual Loops": 2,
                    "Hash Buckets": 4194304,
                    "Original Hash Buckets": 4194304,
                    "Hash Batches": 1,
                    "Original Hash Batches": 1,
                    "Peak Memory Usage": 134848,
                    "Plans": [
                      {
                        "Node Type": "Hash Join",
                        "Parent Relationship": "Outer",
                        "Parallel Aware": true,
                        "Join Type": "Inner",
                        "Startup Cost": 69460.7,
                        "Total Cost": 107627.33,
                        "Plan Rows": 1534782,
                        "Plan Width": 8,
                        "Actual Startup Time": 535.762,
                        "Actual Total Time": 1118.438,
                        "Actual Rows": 1304564,
                        "Actual Loops": 2,
                        "Inner Unique": true,
                        "Hash Cond": "(mc.movie_id = t.id)",
                        "Plans": [
                          {
                            "Node Type": "Seq Scan",
                            "Parent Relationship": "Outer",
                            "Parallel Aware": true,
                            "Relation Name": "movie_companies",
                            "Alias": "mc",
                            "Startup Cost": 0.0,
                            "Total Cost": 34137.82,
                            "Plan Rows": 1534782,
                            "Plan Width": 4,
                            "Actual Startup Time": 0.024,
                            "Actual Total Time": 115.79,
                            "Actual Rows": 1304564,
                            "Actual Loops": 2
                          },
                          {
                            "Node Type": "Hash",
                            "Parent Relationship": "Inner",
                            "Parallel Aware": true,
                            "Startup Cost": 50870.31,
                            "Total Cost": 50870.31,
                            "Plan Rows": 1487231,
                            "Plan Width": 4,
                            "Actual Startup Time": 523.782,
                            "Actual Total Time": 523.783,
                            "Actual Rows": 1264156,
                            "Actual Loops": 2,
                            "Hash Buckets": 4194304,
                            "Original Hash Buckets": 4194304,
                            "Hash Batches": 1,
                            "Original Hash Batches": 1,
                            "Peak Memory Usage": 131680,
                            "Plans": [
                              {
                                "Node Type": "Seq Scan",
                                "Parent Relationship": "Outer",
                                "Parallel Aware": true,
                                "Relation Name": "title",
                                "Alias": "t",
                                "Startup Cost": 0.0,
                                "Total Cost": 50870.31,
                                "Plan Rows": 1487231,
                                "Plan Width": 4,
                                "Actual Startup Time": 0.053,
                                "Actual Total Time": 157.507,
                                "Actual Rows": 1264156,
                                "Actual Loops": 2
                              }
                            ]
                          }
                        ]
                      }
                    ]
                  }
                ]
              }
            ]
          }
        ]
      }
    ]
  },
  "Planning Time": 0.831,
  "Triggers": [],
  "Execution Time": 3607.092
}