[
    {
        "Bao": {
            "Bao prediction": "NaN",
            "Bao recommended hint": "(no hint)"
        }
    },
    {
        "Plan": {
            "Node Type": "Aggregate",
            "Strategy": "Plain",
            "Partial Mode": "Finalize",
            "Parallel Aware": false,
            "Startup Cost": 307215.09,
            "Total Cost": 307215.1,
            "Plan Rows": 1,
            "Plan Width": 8,
            "Actual Startup Time": 242.172,
            "Actual Total Time": 249.026,
            "Actual Rows": 1,
            "Actual Loops": 1,
            "Output": [
                "count(*)"
            ],
            "Plans": [
                {
                    "Node Type": "Gather",
                    "Parent Relationship": "Outer",
                    "Parallel Aware": false,
                    "Startup Cost": 307214.47,
                    "Total Cost": 307215.08,
                    "Plan Rows": 6,
                    "Plan Width": 8,
                    "Actual Startup Time": 241.365,
                    "Actual Total Time": 249.017,
                    "Actual Rows": 7,
                    "Actual Loops": 1,
                    "Output": [
                        "(PARTIAL count(*))"
                    ],
                    "Workers Planned": 6,
                    "Workers Launched": 6,
                    "Single Copy": false,
                    "Plans": [
                        {
                            "Node Type": "Aggregate",
                            "Strategy": "Plain",
                            "Partial Mode": "Partial",
                            "Parent Relationship": "Outer",
                            "Parallel Aware": false,
                            "Startup Cost": 306214.47,
                            "Total Cost": 306214.48,
                            "Plan Rows": 1,
                            "Plan Width": 8,
                            "Actual Startup Time": 230.716,
                            "Actual Total Time": 230.717,
                            "Actual Rows": 1,
                            "Actual Loops": 7,
                            "Output": [
                                "PARTIAL count(*)"
                            ],
                            "Workers": [
                                {
                                    "Worker Number": 0,
                                    "Actual Startup Time": 227.71,
                                    "Actual Total Time": 227.712,
                                    "Actual Rows": 1,
                                    "Actual Loops": 1
                                },
                                {
                                    "Worker Number": 1,
                                    "Actual Startup Time": 228.924,
                                    "Actual Total Time": 228.925,
                                    "Actual Rows": 1,
                                    "Actual Loops": 1
                                },
                                {
                                    "Worker Number": 2,
                                    "Actual Startup Time": 229.029,
                                    "Actual Total Time": 229.031,
                                    "Actual Rows": 1,
                                    "Actual Loops": 1
                                },
                                {
                                    "Worker Number": 3,
                                    "Actual Startup Time": 229.386,
                                    "Actual Total Time": 229.387,
                                    "Actual Rows": 1,
                                    "Actual Loops": 1
                                },
                                {
                                    "Worker Number": 4,
                                    "Actual Startup Time": 229.333,
                                    "Actual Total Time": 229.335,
                                    "Actual Rows": 1,
                                    "Actual Loops": 1
                                },
                                {
                                    "Worker Number": 5,
                                    "Actual Startup Time": 229.814,
                                    "Actual Total Time": 229.815,
                                    "Actual Rows": 1,
                                    "Actual Loops": 1
                                }
                            ],
                            "Plans": [
                                {
                                    "Node Type": "Bitmap Heap Scan",
                                    "Parent Relationship": "Outer",
                                    "Parallel Aware": true,
                                    "Relation Name": "cast_info",
                                    "Schema": "public",
                                    "Alias": "ci",
                                    "Startup Cost": 48082.86,
                                    "Total Cost": 305307.03,
                                    "Plan Rows": 362974,
                                    "Plan Width": 0,
                                    "Actual Startup Time": 103.605,
                                    "Actual Total Time": 210.321,
                                    "Actual Rows": 324000,
                                    "Actual Loops": 7,
                                    "Recheck Cond": "(ci.person_id > 3618670)",
                                    "Rows Removed by Index Recheck": 0,
                                    "Exact Heap Blocks": 8327,
                                    "Lossy Heap Blocks": 0,
                                    "Workers": [
                                        {
                                            "Worker Number": 0,
                                            "Actual Startup Time": 100.808,
                                            "Actual Total Time": 207.552,
                                            "Actual Rows": 265562,
                                            "Actual Loops": 1
                                        },
                                        {
                                            "Worker Number": 1,
                                            "Actual Startup Time": 102.378,
                                            "Actual Total Time": 208.626,
                                            "Actual Rows": 267189,
                                            "Actual Loops": 1
                                        },
                                        {
                                            "Worker Number": 2,
                                            "Actual Startup Time": 102.091,
                                            "Actual Total Time": 208.727,
                                            "Actual Rows": 267608,
                                            "Actual Loops": 1
                                        },
                                        {
                                            "Worker Number": 3,
                                            "Actual Startup Time": 102.125,
                                            "Actual Total Time": 208.721,
                                            "Actual Rows": 270833,
                                            "Actual Loops": 1
                                        },
                                        {
                                            "Worker Number": 4,
                                            "Actual Startup Time": 102.183,
                                            "Actual Total Time": 210.884,
                                            "Actual Rows": 241074,
                                            "Actual Loops": 1
                                        },
                                        {
                                            "Worker Number": 5,
                                            "Actual Startup Time": 102.557,
                                            "Actual Total Time": 209.889,
                                            "Actual Rows": 389215,
                                            "Actual Loops": 1
                                        }
                                    ],
                                    "Plans": [
                                        {
                                            "Node Type": "Bitmap Index Scan",
                                            "Parent Relationship": "Outer",
                                            "Parallel Aware": false,
                                            "Index Name": "person_id_cast_info",
                                            "Startup Cost": 0.0,
                                            "Total Cost": 47538.4,
                                            "Plan Rows": 2177844,
                                            "Plan Width": 0,
                                            "Actual Startup Time": 107.888,
                                            "Actual Total Time": 107.889,
                                            "Actual Rows": 2268001,
                                            "Actual Loops": 1,
                                            "Index Cond": "(ci.person_id > 3618670)"
                                        }
                                    ]
                                }
                            ]
                        }
                    ]
                }
            ]
        },
        "Planning Time": 197.534,
        "Triggers": [],
        "Execution Time": 249.109
    }
]