[
  {
    "Plan": {
      "Node Type": "Aggregate",
      "Strategy": "Plain",
      "Partial Mode": "Finalize",
      "Parallel Aware": false,
      "Startup Cost": 204359.57,
      "Total Cost": 204359.58,
      "Plan Rows": 1,
      "Plan Width": 8,
      "Actual Startup Time": 372.945,
      "Actual Total Time": 401.109,
      "Actual Rows": 1,
      "Actual Loops": 1,
      "Plans": [
        {
          "Node Type": "Gather",
          "Parent Relationship": "Outer",
          "Parallel Aware": false,
          "Startup Cost": 204358.94,
          "Total Cost": 204359.55,
          "Plan Rows": 6,
          "Plan Width": 8,
          "Actual Startup Time": 372.785,
          "Actual Total Time": 401.097,
          "Actual Rows": 7,
          "Actual Loops": 1,
          "Workers Planned": 6,
          "Workers Launched": 6,
          "Single Copy": false,
          "Plans": [
            {
              "Node Type": "Aggregate",
              "Strategy": "Plain",
              "Partial Mode": "Partial",
              "Parent Relationship": "Outer",
              "Parallel Aware": false,
              "Startup Cost": 203358.94,
              "Total Cost": 203358.95,
              "Plan Rows": 1,
              "Plan Width": 8,
              "Actual Startup Time": 363.942,
              "Actual Total Time": 363.943,
              "Actual Rows": 1,
              "Actual Loops": 7,
              "Plans": [
                {
                  "Node Type": "Index Scan",
                  "Parent Relationship": "Outer",
                  "Parallel Aware": true,
                  "Scan Direction": "Forward",
                  "Index Name": "role_id_cast_info",
                  "Relation Name": "cast_info",
                  "Alias": "ci",
                  "Startup Cost": 0.56,
                  "Total Cost": 201884.69,
                  "Plan Rows": 589700,
                  "Plan Width": 0,
                  "Actual Startup Time": 76.488,
                  "Actual Total Time": 312.853,
                  "Actual Rows": 838776,
                  "Actual Loops": 7,
                  "Index Cond": "(role_id = 2)",
                  "Rows Removed by Index Recheck": 0,
                  "Filter": "(person_id > 1939048)",
                  "Rows Removed by Filter": 225791
                }
              ]
            }
          ]
        }
      ]
    },
    "Planning Time": 0.165,
    "Triggers": [],
    "Execution Time": 401.186
  }
]