[
  {
    "Plan": {
      "Node Type": "Aggregate",
      "Strategy": "Plain",
      "Partial Mode": "Finalize",
      "Parallel Aware": false,
      "Startup Cost": 46480.38,
      "Total Cost": 46480.39,
      "Plan Rows": 1,
      "Plan Width": 8,
      "Actual Startup Time": 86.752,
      "Actual Total Time": 98.083,
      "Actual Rows": 1,
      "Actual Loops": 1,
      "Plans": [
        {
          "Node Type": "Gather",
          "Parent Relationship": "Outer",
          "Parallel Aware": false,
          "Startup Cost": 46479.96,
          "Total Cost": 46480.37,
          "Plan Rows": 4,
          "Plan Width": 8,
          "Actual Startup Time": 86.57,
          "Actual Total Time": 98.069,
          "Actual Rows": 5,
          "Actual Loops": 1,
          "Workers Planned": 4,
          "Workers Launched": 4,
          "Single Copy": false,
          "Plans": [
            {
              "Node Type": "Aggregate",
              "Strategy": "Plain",
              "Partial Mode": "Partial",
              "Parent Relationship": "Outer",
              "Parallel Aware": false,
              "Startup Cost": 45479.96,
              "Total Cost": 45479.97,
              "Plan Rows": 1,
              "Plan Width": 8,
              "Actual Startup Time": 81.677,
              "Actual Total Time": 81.679,
              "Actual Rows": 1,
              "Actual Loops": 5,
              "Plans": [
                {
                  "Node Type": "Seq Scan",
                  "Parent Relationship": "Outer",
                  "Parallel Aware": true,
                  "Relation Name": "title",
                  "Alias": "t",
                  "Startup Cost": 0.0,
                  "Total Cost": 45479.59,
                  "Plan Rows": 148,
                  "Plan Width": 0,
                  "Actual Startup Time": 37.859,
                  "Actual Total Time": 81.622,
                  "Actual Rows": 365,
                  "Actual Loops": 5,
                  "Filter": "((kind_id < 7) AND (production_year = 1944))",
                  "Rows Removed by Filter": 505297
                }
              ]
            }
          ]
        }
      ]
    },
    "Planning Time": 0.09,
    "Triggers": [],
    "Execution Time": 98.121
  }
]