[
  {
    "Plan": {
      "Node Type": "Aggregate",
      "Strategy": "Plain",
      "Partial Mode": "Simple",
      "Parallel Aware": false,
      "Startup Cost": 842581.13,
      "Total Cost": 842581.14,
      "Plan Rows": 1,
      "Plan Width": 96,
      "Actual Startup Time": 8738.215,
      "Actual Total Time": 8738.583,
      "Actual Rows": 1,
      "Actual Loops": 1,
      "Plans": [
        {
          "Node Type": "Merge Join",
          "Parent Relationship": "Outer",
          "Parallel Aware": false,
          "Join Type": "Inner",
          "Startup Cost": 829891.14,
          "Total Cost": 842579.38,
          "Plan Rows": 234,
          "Plan Width": 42,
          "Actual Startup Time": 7727.067,
          "Actual Total Time": 8667.978,
          "Actual Rows": 670390,
          "Actual Loops": 1,
          "Inner Unique": false,
          "Merge Cond": "(cn.id = mc.company_id)",
          "Plans": [
            {
              "Node Type": "Index Scan",
              "Parent Relationship": "Outer",
              "Parallel Aware": false,
              "Scan Direction": "Forward",
              "Index Name": "company_name_pkey",
              "Relation Name": "company_name",
              "Alias": "cn",
              "Startup Cost": 0.42,
              "Total Cost": 12474.79,
              "Plan Rows": 84928,
              "Plan Width": 23,
              "Actual Startup Time": 0.013,
              "Actual Total Time": 258.726,
              "Actual Rows": 84843,
              "Actual Loops": 1,
              "Filter": "((country_code)::text = '[us]'::text)",
              "Rows Removed by Filter": 150154
            },
            {
              "Node Type": "Sort",
              "Parent Relationship": "Inner",
              "Parallel Aware": false,
              "Startup Cost": 829890.72,
              "Total Cost": 829892.34,
              "Plan Rows": 648,
              "Plan Width": 27,
              "Actual Startup Time": 7726.99,
              "Actual Total Time": 8175.124,
              "Actual Rows": 1919495,
              "Actual Loops": 1,
              "Sort Key": [
                "mc.company_id"
              ],
              "Sort Method": "quicksort",
              "Sort Space Used": 193795,
              "Sort Space Type": "Memory",
              "Plans": [
                {
                  "Node Type": "Merge Join",
                  "Parent Relationship": "Outer",
                  "Parallel Aware": false,
                  "Join Type": "Inner",
                  "Startup Cost": 829190.87,
                  "Total Cost": 829860.46,
                  "Plan Rows": 648,
                  "Plan Width": 27,
                  "Actual Startup Time": 6699.222,
                  "Actual Total Time": 7169.948,
                  "Actual Rows": 1919495,
                  "Actual Loops": 1,
                  "Inner Unique": false,
                  "Merge Cond": "(mi.movie_id = t.id)",
                  "Plans": [
                    {
                      "Node Type": "Sort",
                      "Parent Relationship": "Outer",
                      "Parallel Aware": false,
                      "Startup Cost": 551178.06,
                      "Total Cost": 551506.4,
                      "Plan Rows": 131336,
                      "Plan Width": 4,
                      "Actual Startup Time": 2996.905,
                      "Actual Total Time": 3127.199,
                      "Actual Rows": 3036470,
                      "Actual Loops": 1,
                      "Sort Key": [
                        "mi.movie_id"
                      ],
                      "Sort Method": "quicksort",
                      "Sort Space Used": 240651,
                      "Sort Space Type": "Memory",
                      "Plans": [
                        {
                          "Node Type": "Gather",
                          "Parent Relationship": "Outer",
                          "Parallel Aware": false,
                          "Startup Cost": 511775.35,
                          "Total Cost": 540012.59,
                          "Plan Rows": 131336,
                          "Plan Width": 4,
                          "Actual Startup Time": 1897.652,
                          "Actual Total Time": 2282.395,
                          "Actual Rows": 3036719,
                          "Actual Loops": 1,
                          "Workers Planned": 5,
                          "Workers Launched": 5,
                          "Single Copy": false,
                          "Plans": [
                            {
                              "Node Type": "Merge Join",
                              "Parent Relationship": "Outer",
                              "Parallel Aware": false,
                              "Join Type": "Inner",
                              "Startup Cost": 510775.35,
                              "Total Cost": 525878.99,
                              "Plan Rows": 26267,
                              "Plan Width": 4,
                              "Actual Startup Time": 1872.056,
                              "Actual Total Time": 2012.409,
                              "Actual Rows": 506120,
                              "Actual Loops": 6,
                              "Inner Unique": true,
                              "Merge Cond": "(mi.info_type_id = it2.id)",
                              "Plans": [
                                {
                                  "Node Type": "Sort",
                                  "Parent Relationship": "Outer",
                                  "Parallel Aware": false,
                                  "Startup Cost": 510772.92,
                                  "Total Cost": 518193.41,
                                  "Plan Rows": 2968194,
                                  "Plan Width": 8,
                                  "Actual Startup Time": 1681.172,
                                  "Actual Total Time": 1815.892,
                                  "Actual Rows": 2100313,
                                  "Actual Loops": 6,
                                  "Sort Key": [
                                    "mi.info_type_id"
                                  ],
                                  "Sort Method": "quicksort",
                                  "Sort Space Used": 220452,
                                  "Sort Space Type": "Memory",
                                  "Workers": [
                                    {
                                      "Worker Number": 0,
                                      "Sort Method": "quicksort",
                                      "Sort Space Used": 218505,
                                      "Sort Space Type": "Memory"
                                    },
                                    {
                                      "Worker Number": 1,
                                      "Sort Method": "quicksort",
                                      "Sort Space Used": 219805,
                                      "Sort Space Type": "Memory"
                                    },
                                    {
                                      "Worker Number": 2,
                                      "Sort Method": "quicksort",
                                      "Sort Space Used": 140259,
                                      "Sort Space Type": "Memory"
                                    },
                                    {
                                      "Worker Number": 3,
                                      "Sort Method": "quicksort",
                                      "Sort Space Used": 220434,
                                      "Sort Space Type": "Memory"
                                    },
                                    {
                                      "Worker Number": 4,
                                      "Sort Method": "quicksort",
                                      "Sort Space Used": 216645,
                                      "Sort Space Type": "Memory"
                                    }
                                  ],
                                  "Plans": [
                                    {
                                      "Node Type": "Seq Scan",
                                      "Parent Relationship": "Outer",
                                      "Parallel Aware": true,
                                      "Relation Name": "movie_info",
                                      "Alias": "mi",
                                      "Startup Cost": 0.0,
                                      "Total Cost": 191674.94,
                                      "Plan Rows": 2968194,
                                      "Plan Width": 8,
                                      "Actual Startup Time": 0.075,
                                      "Actual Total Time": 796.032,
                                      "Actual Rows": 2472620,
                                      "Actual Loops": 6
                                    }
                                  ]
                                },
                                {
                                  "Node Type": "Sort",
                                  "Parent Relationship": "Inner",
                                  "Parallel Aware": false,
                                  "Startup Cost": 2.42,
                                  "Total Cost": 2.43,
                                  "Plan Rows": 1,
                                  "Plan Width": 4,
                                  "Actual Startup Time": 0.283,
                                  "Actual Total Time": 0.284,
                                  "Actual Rows": 1,
                                  "Actual Loops": 6,
                                  "Sort Key": [
                                    "it2.id"
                                  ],
                                  "Sort Method": "quicksort",
                                  "Sort Space Used": 25,
                                  "Sort Space Type": "Memory",
                                  "Workers": [
                                    {
                                      "Worker Number": 0,
                                      "Sort Method": "quicksort",
                                      "Sort Space Used": 25,
                                      "Sort Space Type": "Memory"
                                    },
                                    {
                                      "Worker Number": 1,
                                      "Sort Method": "quicksort",
                                      "Sort Space Used": 25,
                                      "Sort Space Type": "Memory"
                                    },
                                    {
                                      "Worker Number": 2,
                                      "Sort Method": "quicksort",
                                      "Sort Space Used": 25,
                                      "Sort Space Type": "Memory"
                                    },
                                    {
                                      "Worker Number": 3,
                                      "Sort Method": "quicksort",
                                      "Sort Space Used": 25,
                                      "Sort Space Type": "Memory"
                                    },
                                    {
                                      "Worker Number": 4,
                                      "Sort Method": "quicksort",
                                      "Sort Space Used": 25,
                                      "Sort Space Type": "Memory"
                                    }
                                  ],
                                  "Plans": [
                                    {
                                      "Node Type": "Seq Scan",
                                      "Parent Relationship": "Outer",
                                      "Parallel Aware": false,
                                      "Relation Name": "info_type",
                                      "Alias": "it2",
                                      "Startup Cost": 0.0,
                                      "Total Cost": 2.41,
                                      "Plan Rows": 1,
                                      "Plan Width": 4,
                                      "Actual Startup Time": 0.21,
                                      "Actual Total Time": 0.217,
                                      "Actual Rows": 1,
                                      "Actual Loops": 6,
                                      "Filter": "((info)::text = 'release dates'::text)",
                                      "Rows Removed by Filter": 112
                                    }
                                  ]
                                }
                              ]
                            }
                          ]
                        }
                      ]
                    },
                    {
                      "Node Type": "Sort",
                      "Parent Relationship": "Inner",
                      "Parallel Aware": false,
                      "Startup Cost": 278012.81,
                      "Total Cost": 278018.66,
                      "Plan Rows": 2339,
                      "Plan Width": 39,
                      "Actual Startup Time": 3553.767,
                      "Actual Total Time": 3629.314,
                      "Actual Rows": 1946664,
                      "Actual Loops": 1,
                      "Sort Key": [
                        "mc.movie_id"
                      ],
                      "Sort Method": "quicksort",
                      "Sort Space Used": 37984,
                      "Sort Space Type": "Memory",
                      "Plans": [
                        {
                          "Node Type": "Gather",
                          "Parent Relationship": "Outer",
                          "Parallel Aware": false,
                          "Startup Cost": 277614.07,
                          "Total Cost": 277881.93,
                          "Plan Rows": 2339,
                          "Plan Width": 39,
                          "Actual Startup Time": 3184.115,
                          "Actual Total Time": 3444.207,
                          "Actual Rows": 302610,
                          "Actual Loops": 1,
                          "Workers Planned": 3,
                          "Workers Launched": 3,
                          "Single Copy": false,
                          "Plans": [
                            {
                              "Node Type": "Merge Join",
                              "Parent Relationship": "Outer",
                              "Parallel Aware": false,
                              "Join Type": "Inner",
                              "Startup Cost": 276614.07,
                              "Total Cost": 276648.03,
                              "Plan Rows": 755,
                              "Plan Width": 39,
                              "Actual Startup Time": 3188.465,
                              "Actual Total Time": 3205.425,
                              "Actual Rows": 75652,
                              "Actual Loops": 4,
                              "Inner Unique": true,
                              "Merge Cond": "(t.kind_id = kt.id)",
                              "Plans": [
                                {
                                  "Node Type": "Sort",
                                  "Parent Relationship": "Outer",
                                  "Parallel Aware": false,
                                  "Startup Cost": 276612.98,
                                  "Total Cost": 276626.18,
                                  "Plan Rows": 5281,
                                  "Plan Width": 43,
                                  "Actual Startup Time": 3188.376,
                                  "Actual Total Time": 3192.199,
                                  "Actual Rows": 75654,
                                  "Actual Loops": 4,
                                  "Sort Key": [
                                    "t.kind_id"
                                  ],
                                  "Sort Method": "quicksort",
                                  "Sort Space Used": 20497,
                                  "Sort Space Type": "Memory",
                                  "Workers": [
                                    {
                                      "Worker Number": 0,
                                      "Sort Method": "quicksort",
                                      "Sort Space Used": 12843,
                                      "Sort Space Type": "Memory"
                                    },
                                    {
                                      "Worker Number": 1,
                                      "Sort Method": "quicksort",
                                      "Sort Space Used": 20855,
                                      "Sort Space Type": "Memory"
                                    },
                                    {
                                      "Worker Number": 2,
                                      "Sort Method": "quicksort",
                                      "Sort Space Used": 20713,
                                      "Sort Space Type": "Memory"
                                    }
                                  ],
                                  "Plans": [
                                    {
                                      "Node Type": "Merge Join",
                                      "Parent Relationship": "Outer",
                                      "Parallel Aware": false,
                                      "Join Type": "Inner",
                                      "Startup Cost": 158502.75,
                                      "Total Cost": 276286.44,
                                      "Plan Rows": 5281,
                                      "Plan Width": 43,
                                      "Actual Startup Time": 955.669,
                                      "Actual Total Time": 3131.79,
                                      "Actual Rows": 146056,
                                      "Actual Loops": 4,
                                      "Inner Unique": true,
                                      "Merge Cond": "(mc.movie_id = t.id)",
                                      "Plans": [
                                        {
                                          "Node Type": "Merge Join",
                                          "Parent Relationship": "Outer",
                                          "Parallel Aware": false,
                                          "Join Type": "Inner",
                                          "Startup Cost": 158499.83,
                                          "Total Cost": 159665.69,
                                          "Plan Rows": 5281,
                                          "Plan Width": 18,
                                          "Actual Startup Time": 947.354,
                                          "Actual Total Time": 1081.089,
                                          "Actual Rows": 146056,
                                          "Actual Loops": 4,
                                          "Inner Unique": false,
                                          "Merge Cond": "(mc.movie_id = miidx.movie_id)",
                                          "Plans": [
                                            {
                                              "Node Type": "Sort",
                                              "Parent Relationship": "Outer",
                                              "Parallel Aware": false,
                                              "Startup Cost": 89968.58,
                                              "Total Cost": 90494.62,
                                              "Plan Rows": 210414,
                                              "Plan Width": 8,
                                              "Actual Startup Time": 346.116,
                                              "Actual Total Time": 373.622,
                                              "Actual Rows": 333721,
                                              "Actual Loops": 4,
                                              "Sort Key": [
                                                "mc.movie_id"
                                              ],
                                              "Sort Method": "quicksort",
                                              "Sort Space Used": 29272,
                                              "Sort Space Type": "Memory",
                                              "Workers": [
                                                {
                                                  "Worker Number": 0,
                                                  "Sort Method": "quicksort",
                                                  "Sort Space Used": 17626,
                                                  "Sort Space Type": "Memory"
                                                },
                                                {
                                                  "Worker Number": 1,
                                                  "Sort Method": "quicksort",
                                                  "Sort Space Used": 29528,
                                                  "Sort Space Type": "Memory"
                                                },
                                                {
                                                  "Worker Number": 2,
                                                  "Sort Method": "quicksort",
                                                  "Sort Space Used": 29157,
                                                  "Sort Space Type": "Memory"
                                                }
                                              ],
                                              "Plans": [
                                                {
                                                  "Node Type": "Merge Join",
                                                  "Parent Relationship": "Outer",
                                                  "Parallel Aware": false,
                                                  "Join Type": "Inner",
                                                  "Startup Cost": 1.49,
                                                  "Total Cost": 71364.97,
                                                  "Plan Rows": 210414,
                                                  "Plan Width": 8,
                                                  "Actual Startup Time": 124.624,
                                                  "Actual Total Time": 252.797,
                                                  "Actual Rows": 333721,
                                                  "Actual Loops": 4,
                                                  "Inner Unique": true,
                                                  "Merge Cond": "(mc.company_type_id = ct.id)",
                                                  "Plans": [
                                                    {
                                                      "Node Type": "Index Scan",
                                                      "Parent Relationship": "Outer",
                                                      "Parallel Aware": true,
                                                      "Scan Direction": "Forward",
                                                      "Index Name": "company_type_id_movie_companies",
                                                      "Relation Name": "movie_companies",
                                                      "Alias": "mc",
                                                      "Startup Cost": 0.43,
                                                      "Total Cost": 67155.62,
                                                      "Plan Rows": 841655,
                                                      "Plan Width": 12,
                                                      "Actual Startup Time": 0.133,
                                                      "Actual Total Time": 178.784,
                                                      "Actual Rows": 652282,
                                                      "Actual Loops": 4
                                                    },
                                                    {
                                                      "Node Type": "Sort",
                                                      "Parent Relationship": "Inner",
                                                      "Parallel Aware": false,
                                                      "Startup Cost": 1.06,
                                                      "Total Cost": 1.06,
                                                      "Plan Rows": 1,
                                                      "Plan Width": 4,
                                                      "Actual Startup Time": 0.076,
                                                      "Actual Total Time": 0.077,
                                                      "Actual Rows": 1,
                                                      "Actual Loops": 4,
                                                      "Sort Key": [
                                                        "ct.id"
                                                      ],
                                                      "Sort Method": "quicksort",
                                                      "Sort Space Used": 25,
                                                      "Sort Space Type": "Memory",
                                                      "Workers": [
                                                        {
                                                          "Worker Number": 0,
                                                          "Sort Method": "quicksort",
                                                          "Sort Space Used": 25,
                                                          "Sort Space Type": "Memory"
                                                        },
                                                        {
                                                          "Worker Number": 1,
                                                          "Sort Method": "quicksort",
                                                          "Sort Space Used": 25,
                                                          "Sort Space Type": "Memory"
                                                        },
                                                        {
                                                          "Worker Number": 2,
                                                          "Sort Method": "quicksort",
                                                          "Sort Space Used": 25,
                                                          "Sort Space Type": "Memory"
                                                        }
                                                      ],
                                                      "Plans": [
                                                        {
                                                          "Node Type": "Seq Scan",
                                                          "Parent Relationship": "Outer",
                                                          "Parallel Aware": false,
                                                          "Relation Name": "company_type",
                                                          "Alias": "ct",
                                                          "Startup Cost": 0.0,
                                                          "Total Cost": 1.05,
                                                          "Plan Rows": 1,
                                                          "Plan Width": 4,
                                                          "Actual Startup Time": 0.047,
                                                          "Actual Total Time": 0.049,
                                                          "Actual Rows": 1,
                                                          "Actual Loops": 4,
                                                          "Filter": "((kind)::text = 'production companies'::text)",
                                                          "Rows Removed by Filter": 3
                                                        }
                                                      ]
                                                    }
                                                  ]
                                                }
                                              ]
                                            },
                                            {
                                              "Node Type": "Sort",
                                              "Parent Relationship": "Inner",
                                              "Parallel Aware": false,
                                              "Startup Cost": 68531.25,
                                              "Total Cost": 68561.78,
                                              "Plan Rows": 12213,
                                              "Plan Width": 10,
                                              "Actual Startup Time": 601.186,
                                              "Actual Total Time": 631.15,
                                              "Actual Rows": 522756,
                                              "Actual Loops": 4,
                                              "Sort Key": [
                                                "miidx.movie_id"
                                              ],
                                              "Sort Method": "quicksort",
                                              "Sort Space Used": 33847,
                                              "Sort Space Type": "Memory",
                                              "Workers": [
                                                {
                                                  "Worker Number": 0,
                                                  "Sort Method": "quicksort",
                                                  "Sort Space Used": 33847,
                                                  "Sort Space Type": "Memory"
                                                },
                                                {
                                                  "Worker Number": 1,
                                                  "Sort Method": "quicksort",
                                                  "Sort Space Used": 33847,
                                                  "Sort Space Type": "Memory"
                                                },
                                                {
                                                  "Worker Number": 2,
                                                  "Sort Method": "quicksort",
                                                  "Sort Space Used": 33847,
                                                  "Sort Space Type": "Memory"
                                                }
                                              ],
                                              "Plans": [
                                                {
                                                  "Node Type": "Merge Join",
                                                  "Parent Relationship": "Outer",
                                                  "Parallel Aware": false,
                                                  "Join Type": "Inner",
                                                  "Startup Cost": 2.86,
                                                  "Total Cost": 67702.22,
                                                  "Plan Rows": 12213,
                                                  "Plan Width": 10,
                                                  "Actual Startup Time": 279.858,
                                                  "Actual Total Time": 447.749,
                                                  "Actual Rows": 459925,
                                                  "Actual Loops": 4,
                                                  "Inner Unique": true,
                                                  "Merge Cond": "(miidx.info_type_id = it.id)",
                                                  "Plans": [
                                                    {
                                                      "Node Type": "Index Scan",
                                                      "Parent Relationship": "Outer",
                                                      "Parallel Aware": false,
                                                      "Scan Direction": "Forward",
                                                      "Index Name": "info_type_id_movie_info_idx",
                                                      "Relation Name": "movie_info_idx",
                                                      "Alias": "miidx",
                                                      "Startup Cost": 0.43,
                                                      "Total Cost": 64127.57,
                                                      "Plan Rows": 1380035,
                                                      "Plan Width": 14,
                                                      "Actual Startup Time": 0.085,
                                                      "Actual Total Time": 303.043,
                                                      "Actual Rows": 1379776,
                                                      "Actual Loops": 4
                                                    },
                                                    {
                                                      "Node Type": "Sort",
                                                      "Parent Relationship": "Inner",
                                                      "Parallel Aware": false,
                                                      "Startup Cost": 2.42,
                                                      "Total Cost": 2.43,
                                                      "Plan Rows": 1,
                                                      "Plan Width": 4,
                                                      "Actual Startup Time": 0.059,
                                                      "Actual Total Time": 0.061,
                                                      "Actual Rows": 1,
                                                      "Actual Loops": 4,
                                                      "Sort Key": [
                                                        "it.id"
                                                      ],
                                                      "Sort Method": "quicksort",
                                                      "Sort Space Used": 25,
                                                      "Sort Space Type": "Memory",
                                                      "Workers": [
                                                        {
                                                          "Worker Number": 0,
                                                          "Sort Method": "quicksort",
                                                          "Sort Space Used": 25,
                                                          "Sort Space Type": "Memory"
                                                        },
                                                        {
                                                          "Worker Number": 1,
                                                          "Sort Method": "quicksort",
                                                          "Sort Space Used": 25,
                                                          "Sort Space Type": "Memory"
                                                        },
                                                        {
                                                          "Worker Number": 2,
                                                          "Sort Method": "quicksort",
                                                          "Sort Space Used": 25,
                                                          "Sort Space Type": "Memory"
                                                        }
                                                      ],
                                                      "Plans": [
                                                        {
                                                          "Node Type": "Seq Scan",
                                                          "Parent Relationship": "Outer",
                                                          "Parallel Aware": false,
                                                          "Relation Name": "info_type",
                                                          "Alias": "it",
                                                          "Startup Cost": 0.0,
                                                          "Total Cost": 2.41,
                                                          "Plan Rows": 1,
                                                          "Plan Width": 4,
                                                          "Actual Startup Time": 0.052,
                                                          "Actual Total Time": 0.054,
                                                          "Actual Rows": 1,
                                                          "Actual Loops": 4,
                                                          "Filter": "((info)::text = 'rating'::text)",
                                                          "Rows Removed by Filter": 112
                                                        }
                                                      ]
                                                    }
                                                  ]
                                                }
                                              ]
                                            }
                                          ]
                                        },
                                        {
                                          "Node Type": "Index Scan",
                                          "Parent Relationship": "Inner",
                                          "Parallel Aware": false,
                                          "Scan Direction": "Forward",
                                          "Index Name": "title_pkey",
                                          "Relation Name": "title",
                                          "Alias": "t",
                                          "Startup Cost": 0.43,
                                          "Total Cost": 110348.87,
                                          "Plan Rows": 2528252,
                                          "Plan Width": 25,
                                          "Actual Startup Time": 0.075,
                                          "Actual Total Time": 1845.551,
                                          "Actual Rows": 2525704,
                                          "Actual Loops": 4
                                        }
                                      ]
                                    }
                                  ]
                                },
                                {
                                  "Node Type": "Sort",
                                  "Parent Relationship": "Inner",
                                  "Parallel Aware": false,
                                  "Startup Cost": 1.1,
                                  "Total Cost": 1.1,
                                  "Plan Rows": 1,
                                  "Plan Width": 4,
                                  "Actual Startup Time": 0.082,
                                  "Actual Total Time": 0.084,
                                  "Actual Rows": 1,
                                  "Actual Loops": 4,
                                  "Sort Key": [
                                    "kt.id"
                                  ],
                                  "Sort Method": "quicksort",
                                  "Sort Space Used": 25,
                                  "Sort Space Type": "Memory",
                                  "Workers": [
                                    {
                                      "Worker Number": 0,
                                      "Sort Method": "quicksort",
                                      "Sort Space Used": 25,
                                      "Sort Space Type": "Memory"
                                    },
                                    {
                                      "Worker Number": 1,
                                      "Sort Method": "quicksort",
                                      "Sort Space Used": 25,
                                      "Sort Space Type": "Memory"
                                    },
                                    {
                                      "Worker Number": 2,
                                      "Sort Method": "quicksort",
                                      "Sort Space Used": 25,
                                      "Sort Space Type": "Memory"
                                    }
                                  ],
                                  "Plans": [
                                    {
                                      "Node Type": "Seq Scan",
                                      "Parent Relationship": "Outer",
                                      "Parallel Aware": false,
                                      "Relation Name": "kind_type",
                                      "Alias": "kt",
                                      "Startup Cost": 0.0,
                                      "Total Cost": 1.09,
                                      "Plan Rows": 1,
                                      "Plan Width": 4,
                                      "Actual Startup Time": 0.063,
                                      "Actual Total Time": 0.065,
                                      "Actual Rows": 1,
                                      "Actual Loops": 4,
                                      "Filter": "((kind)::text = 'movie'::text)",
                                      "Rows Removed by Filter": 6
                                    }
                                  ]
                                }
                              ]
                            }
                          ]
                        }
                      ]
                    }
                  ]
                }
              ]
            }
          ]
        }
      ]
    },
    "Planning Time": 21.0,
    "Triggers": [],
    "Execution Time": 8855.229
  }
]