[
  {
    "Plan": {
      "Node Type": "Aggregate",
      "Strategy": "Plain",
      "Partial Mode": "Finalize",
      "Parallel Aware": false,
      "Startup Cost": 355528.24,
      "Total Cost": 355528.26,
      "Plan Rows": 1,
      "Plan Width": 8,
      "Actual Startup Time": 1068.442,
      "Actual Total Time": 1151.724,
      "Actual Rows": 1,
      "Actual Loops": 1,
      "Plans": [
        {
          "Node Type": "Gather",
          "Parent Relationship": "Outer",
          "Parallel Aware": false,
          "Startup Cost": 355527.62,
          "Total Cost": 355528.23,
          "Plan Rows": 6,
          "Plan Width": 8,
          "Actual Startup Time": 1068.303,
          "Actual Total Time": 1151.713,
          "Actual Rows": 7,
          "Actual Loops": 1,
          "Workers Planned": 6,
          "Workers Launched": 6,
          "Single Copy": false,
          "Plans": [
            {
              "Node Type": "Aggregate",
              "Strategy": "Plain",
              "Partial Mode": "Partial",
              "Parent Relationship": "Outer",
              "Parallel Aware": false,
              "Startup Cost": 354527.62,
              "Total Cost": 354527.63,
              "Plan Rows": 1,
              "Plan Width": 8,
              "Actual Startup Time": 1059.081,
              "Actual Total Time": 1059.082,
              "Actual Rows": 1,
              "Actual Loops": 7,
              "Plans": [
                {
                  "Node Type": "Seq Scan",
                  "Parent Relationship": "Outer",
                  "Parallel Aware": true,
                  "Relation Name": "cast_info",
                  "Alias": "ci",
                  "Startup Cost": 0.0,
                  "Total Cost": 343257.03,
                  "Plan Rows": 4508236,
                  "Plan Width": 0,
                  "Actual Startup Time": 42.749,
                  "Actual Total Time": 857.506,
                  "Actual Rows": 3837750,
                  "Actual Loops": 7,
                  "Filter": "((person_id > 212033) AND (role_id < 8))",
                  "Rows Removed by Filter": 1340013
                }
              ]
            }
          ]
        }
      ]
    },
    "Planning Time": 0.214,
    "Triggers": [],
    "Execution Time": 1151.8
  }
]