{
  "Plan": {
    "Node Type": "Aggregate",
    "Strategy": "Plain",
    "Partial Mode": "Finalize",
    "Parallel Aware": false,
    "Startup Cost": 192346.64,
    "Total Cost": 192346.65,
    "Plan Rows": 1,
    "Plan Width": 8,
    "Actual Startup Time": 465.437,
    "Actual Total Time": 478.389,
    "Actual Rows": 1,
    "Actual Loops": 1,
    "Plans": [
      {
        "Node Type": "Gather",
        "Parent Relationship": "Outer",
        "Parallel Aware": false,
        "Startup Cost": 192346.53,
        "Total Cost": 192346.64,
        "Plan Rows": 1,
        "Plan Width": 8,
        "Actual Startup Time": 462.836,
        "Actual Total Time": 478.382,
        "Actual Rows": 2,
        "Actual Loops": 1,
        "Workers Planned": 1,
        "Workers Launched": 1,
        "Single Copy": false,
        "Plans": [
          {
            "Node Type": "Aggregate",
            "Strategy": "Plain",
            "Partial Mode": "Partial",
            "Parent Relationship": "Outer",
            "Parallel Aware": false,
            "Startup Cost": 191346.53,
            "Total Cost": 191346.54,
            "Plan Rows": 1,
            "Plan Width": 8,
            "Actual Startup Time": 454.435,
            "Actual Total Time": 454.439,
            "Actual Rows": 1,
            "Actual Loops": 2,
            "Plans": [
              {
                "Node Type": "Hash Join",
                "Parent Relationship": "Outer",
                "Parallel Aware": true,
                "Join Type": "Inner",
                "Startup Cost": 69455.0,
                "Total Cost": 191277.57,
                "Plan Rows": 27584,
                "Plan Width": 0,
                "Actual Startup Time": 426.554,
                "Actual Total Time": 453.761,
                "Actual Rows": 15076,
                "Actual Loops": 2,
                "Inner Unique": true,
                "Hash Cond": "(mi.movie_id = t.id)",
                "Plans": [
                  {
                    "Node Type": "Bitmap Heap Scan",
                    "Parent Relationship": "Outer",
                    "Parallel Aware": true,
                    "Relation Name": "movie_info",
                    "Alias": "mi",
                    "Startup Cost": 1153.1,
                    "Total Cost": 122877.51,
                    "Plan Rows": 37394,
                    "Plan Width": 4,
                    "Actual Startup Time": 2.972,
                    "Actual Total Time": 13.162,
                    "Actual Rows": 30564,
                    "Actual Loops": 2,
                    "Recheck Cond": "(info_type_id = 103)",
                    "Rows Removed by Index Recheck": 0,
                    "Exact Heap Blocks": 2887,
                    "Lossy Heap Blocks": 0,
                    "Plans": [
                      {
                        "Node Type": "Bitmap Index Scan",
                        "Parent Relationship": "Outer",
                        "Parallel Aware": false,
                        "Index Name": "info_type_id_movie_info",
                        "Startup Cost": 0.0,
                        "Total Cost": 1137.21,
                        "Plan Rows": 63570,
                        "Plan Width": 0,
                        "Actual Startup Time": 2.26,
                        "Actual Total Time": 2.261,
                        "Actual Rows": 61128,
                        "Actual Loops": 1,
                        "Index Cond": "(info_type_id = 103)"
                      }
                    ]
                  },
                  {
                    "Node Type": "Hash",
                    "Parent Relationship": "Inner",
                    "Parallel Aware": true,
                    "Startup Cost": 54588.39,
                    "Total Cost": 54588.39,
                    "Plan Rows": 1097081,
                    "Plan Width": 4,
                    "Actual Startup Time": 408.757,
                    "Actual Total Time": 408.758,
                    "Actual Rows": 932744,
                    "Actual Loops": 2,
                    "Hash Buckets": 2097152,
                    "Original Hash Buckets": 2097152,
                    "Hash Batches": 1,
                    "Original Hash Batches": 1,
                    "Peak Memory Usage": 89408,
                    "Plans": [
                      {
                        "Node Type": "Seq Scan",
                        "Parent Relationship": "Outer",
                        "Parallel Aware": true,
                        "Relation Name": "title",
                        "Alias": "t",
                        "Startup Cost": 0.0,
                        "Total Cost": 54588.39,
                        "Plan Rows": 1097081,
                        "Plan Width": 4,
                        "Actual Startup Time": 0.03,
                        "Actual Total Time": 165.958,
                        "Actual Rows": 932744,
                        "Actual Loops": 2,
                        "Filter": "(kind_id > 1)",
                        "Rows Removed by Filter": 331412
                      }
                    ]
                  }
                ]
              }
            ]
          }
        ]
      }
    ]
  },
  "Planning Time": 0.619,
  "Triggers": [],
  "Execution Time": 478.482
}