[
  {
    "Plan": {
      "Node Type": "Aggregate",
      "Strategy": "Plain",
      "Partial Mode": "Finalize",
      "Parallel Aware": false,
      "Startup Cost": 46400.23,
      "Total Cost": 46400.24,
      "Plan Rows": 1,
      "Plan Width": 8,
      "Actual Startup Time": 165.662,
      "Actual Total Time": 175.389,
      "Actual Rows": 1,
      "Actual Loops": 1,
      "Plans": [
        {
          "Node Type": "Gather",
          "Parent Relationship": "Outer",
          "Parallel Aware": false,
          "Startup Cost": 46399.91,
          "Total Cost": 46400.22,
          "Plan Rows": 3,
          "Plan Width": 8,
          "Actual Startup Time": 165.557,
          "Actual Total Time": 175.381,
          "Actual Rows": 4,
          "Actual Loops": 1,
          "Workers Planned": 3,
          "Workers Launched": 3,
          "Single Copy": false,
          "Plans": [
            {
              "Node Type": "Aggregate",
              "Strategy": "Plain",
              "Partial Mode": "Partial",
              "Parent Relationship": "Outer",
              "Parallel Aware": false,
              "Startup Cost": 45399.91,
              "Total Cost": 45399.92,
              "Plan Rows": 1,
              "Plan Width": 8,
              "Actual Startup Time": 159.654,
              "Actual Total Time": 159.655,
              "Actual Rows": 1,
              "Actual Loops": 4,
              "Plans": [
                {
                  "Node Type": "Seq Scan",
                  "Parent Relationship": "Outer",
                  "Parallel Aware": true,
                  "Relation Name": "movie_keyword",
                  "Alias": "mk",
                  "Startup Cost": 0.0,
                  "Total Cost": 42695.65,
                  "Plan Rows": 1081704,
                  "Plan Width": 0,
                  "Actual Startup Time": 0.21,
                  "Actual Total Time": 121.67,
                  "Actual Rows": 834710,
                  "Actual Loops": 4,
                  "Filter": "(keyword_id > 1411)",
                  "Rows Removed by Filter": 296272
                }
              ]
            }
          ]
        }
      ]
    },
    "Planning Time": 0.191,
    "Triggers": [],
    "Execution Time": 175.444
  }
]