{
  "Plan": {
    "Node Type": "Aggregate",
    "Strategy": "Plain",
    "Partial Mode": "Finalize",
    "Parallel Aware": false,
    "Startup Cost": 1057623.1,
    "Total Cost": 1057623.11,
    "Plan Rows": 1,
    "Plan Width": 8,
    "Actual Startup Time": 8595.873,
    "Actual Total Time": 8676.529,
    "Actual Rows": 1,
    "Actual Loops": 1,
    "Plans": [
      {
        "Node Type": "Gather",
        "Parent Relationship": "Outer",
        "Parallel Aware": false,
        "Startup Cost": 1057622.99,
        "Total Cost": 1057623.1,
        "Plan Rows": 1,
        "Plan Width": 8,
        "Actual Startup Time": 8587.212,
        "Actual Total Time": 8676.519,
        "Actual Rows": 2,
        "Actual Loops": 1,
        "Workers Planned": 1,
        "Workers Launched": 1,
        "Single Copy": false,
        "Plans": [
          {
            "Node Type": "Aggregate",
            "Strategy": "Plain",
            "Partial Mode": "Partial",
            "Parent Relationship": "Outer",
            "Parallel Aware": false,
            "Startup Cost": 1056622.99,
            "Total Cost": 1056623.0,
            "Plan Rows": 1,
            "Plan Width": 8,
            "Actual Startup Time": 8570.512,
            "Actual Total Time": 8570.977,
            "Actual Rows": 1,
            "Actual Loops": 2,
            "Plans": [
              {
                "Node Type": "Hash Join",
                "Parent Relationship": "Outer",
                "Parallel Aware": true,
                "Join Type": "Inner",
                "Startup Cost": 709844.91,
                "Total Cost": 1043544.26,
                "Plan Rows": 5231489,
                "Plan Width": 0,
                "Actual Startup Time": 5955.7,
                "Actual Total Time": 8365.343,
                "Actual Rows": 5118508,
                "Actual Loops": 2,
                "Inner Unique": false,
                "Hash Cond": "(mi.movie_id = t.id)",
                "Plans": [
                  {
                    "Node Type": "Seq Scan",
                    "Parent Relationship": "Outer",
                    "Parallel Aware": true,
                    "Relation Name": "movie_info",
                    "Alias": "mi",
                    "Startup Cost": 0.0,
                    "Total Cost": 270696.42,
                    "Plan Rows": 2864842,
                    "Plan Width": 4,
                    "Actual Startup Time": 0.02,
                    "Actual Total Time": 658.712,
                    "Actual Rows": 2461983,
                    "Actual Loops": 2,
                    "Filter": "(info_type_id < 5)",
                    "Rows Removed by Filter": 4955877
                  },
                  {
                    "Node Type": "Hash",
                    "Parent Relationship": "Inner",
                    "Parallel Aware": true,
                    "Startup Cost": 675897.0,
                    "Total Cost": 675897.0,
                    "Plan Rows": 2715833,
                    "Plan Width": 8,
                    "Actual Startup Time": 5921.374,
                    "Actual Total Time": 5921.838,
                    "Actual Rows": 2484311,
                    "Actual Loops": 2,
                    "Hash Buckets": 8388608,
                    "Original Hash Buckets": 8388608,
                    "Hash Batches": 1,
                    "Original Hash Batches": 1,
                    "Peak Memory Usage": 259936,
                    "Plans": [
                      {
                        "Node Type": "Hash Join",
                        "Parent Relationship": "Outer",
                        "Parallel Aware": true,
                        "Join Type": "Inner",
                        "Startup Cost": 57464.09,
                        "Total Cost": 675897.0,
                        "Plan Rows": 2715833,
                        "Plan Width": 8,
                        "Actual Startup Time": 187.148,
                        "Actual Total Time": 5051.659,
                        "Actual Rows": 2484311,
                        "Actual Loops": 2,
                        "Inner Unique": true,
                        "Hash Cond": "(ci.movie_id = t.id)",
                        "Plans": [
                          {
                            "Node Type": "Seq Scan",
                            "Parent Relationship": "Outer",
                            "Parallel Aware": true,
                            "Relation Name": "cast_info",
                            "Alias": "ci",
                            "Startup Cost": 0.0,
                            "Total Cost": 572345.93,
                            "Plan Rows": 17556915,
                            "Plan Width": 4,
                            "Actual Startup Time": 0.014,
                            "Actual Total Time": 2006.547,
                            "Actual Rows": 15802604,
                            "Actual Loops": 2,
                            "Filter": "((person_id < 3691066) AND (role_id < 10))",
                            "Rows Removed by Filter": 2319568
                          },
                          {
                            "Node Type": "Hash",
                            "Parent Relationship": "Inner",
                            "Parallel Aware": true,
                            "Startup Cost": 54588.39,
                            "Total Cost": 54588.39,
                            "Plan Rows": 230056,
                            "Plan Width": 4,
                            "Actual Startup Time": 185.738,
                            "Actual Total Time": 185.739,
                            "Actual Rows": 195833,
                            "Actual Loops": 2,
                            "Hash Buckets": 524288,
                            "Original Hash Buckets": 524288,
                            "Hash Batches": 1,
                            "Original Hash Batches": 1,
                            "Peak Memory Usage": 19456,
                            "Plans": [
                              {
                                "Node Type": "Seq Scan",
                                "Parent Relationship": "Outer",
                                "Parallel Aware": true,
                                "Relation Name": "title",
                                "Alias": "t",
                                "Startup Cost": 0.0,
                                "Total Cost": 54588.39,
                                "Plan Rows": 230056,
                                "Plan Width": 4,
                                "Actual Startup Time": 0.025,
                                "Actual Total Time": 136.053,
                                "Actual Rows": 195833,
                                "Actual Loops": 2,
                                "Filter": "(production_year > 2010)",
                                "Rows Removed by Filter": 1068323
                              }
                            ]
                          }
                        ]
                      }
                    ]
                  }
                ]
              }
            ]
          }
        ]
      }
    ]
  },
  "Planning Time": 1.034,
  "Triggers": [],
  "Execution Time": 8676.631
}