[
  {
    "Plan": {
      "Node Type": "Aggregate",
      "Strategy": "Plain",
      "Partial Mode": "Finalize",
      "Parallel Aware": false,
      "Startup Cost": 30822.3,
      "Total Cost": 30822.31,
      "Plan Rows": 1,
      "Plan Width": 8,
      "Actual Startup Time": 77.675,
      "Actual Total Time": 85.552,
      "Actual Rows": 1,
      "Actual Loops": 1,
      "Plans": [
        {
          "Node Type": "Gather",
          "Parent Relationship": "Outer",
          "Parallel Aware": false,
          "Startup Cost": 30821.98,
          "Total Cost": 30822.29,
          "Plan Rows": 3,
          "Plan Width": 8,
          "Actual Startup Time": 77.547,
          "Actual Total Time": 85.545,
          "Actual Rows": 4,
          "Actual Loops": 1,
          "Workers Planned": 3,
          "Workers Launched": 3,
          "Single Copy": false,
          "Plans": [
            {
              "Node Type": "Aggregate",
              "Strategy": "Plain",
              "Partial Mode": "Partial",
              "Parent Relationship": "Outer",
              "Parallel Aware": false,
              "Startup Cost": 29821.98,
              "Total Cost": 29821.99,
              "Plan Rows": 1,
              "Plan Width": 8,
              "Actual Startup Time": 73.813,
              "Actual Total Time": 73.814,
              "Actual Rows": 1,
              "Actual Loops": 4,
              "Plans": [
                {
                  "Node Type": "Seq Scan",
                  "Parent Relationship": "Outer",
                  "Parallel Aware": true,
                  "Relation Name": "movie_companies",
                  "Alias": "mc",
                  "Startup Cost": 0.0,
                  "Total Cost": 29310.68,
                  "Plan Rows": 204520,
                  "Plan Width": 0,
                  "Actual Startup Time": 26.865,
                  "Actual Total Time": 66.448,
                  "Actual Rows": 157326,
                  "Actual Loops": 4,
                  "Filter": "(company_id > 59932)",
                  "Rows Removed by Filter": 494956
                }
              ]
            }
          ]
        }
      ]
    },
    "Planning Time": 0.088,
    "Triggers": [],
    "Execution Time": 85.579
  }
]