[
  {
    "Plan": {
      "Node Type": "Aggregate",
      "Strategy": "Plain",
      "Partial Mode": "Finalize",
      "Parallel Aware": false,
      "Startup Cost": 78399.13,
      "Total Cost": 78399.14,
      "Plan Rows": 1,
      "Plan Width": 8,
      "Actual Startup Time": 270.912,
      "Actual Total Time": 286.067,
      "Actual Rows": 1,
      "Actual Loops": 1,
      "Plans": [
        {
          "Node Type": "Gather",
          "Parent Relationship": "Outer",
          "Parallel Aware": false,
          "Startup Cost": 78398.81,
          "Total Cost": 78399.12,
          "Plan Rows": 3,
          "Plan Width": 8,
          "Actual Startup Time": 269.427,
          "Actual Total Time": 286.056,
          "Actual Rows": 4,
          "Actual Loops": 1,
          "Workers Planned": 3,
          "Workers Launched": 3,
          "Single Copy": false,
          "Plans": [
            {
              "Node Type": "Aggregate",
              "Strategy": "Plain",
              "Partial Mode": "Partial",
              "Parent Relationship": "Outer",
              "Parallel Aware": false,
              "Startup Cost": 77398.81,
              "Total Cost": 77398.82,
              "Plan Rows": 1,
              "Plan Width": 8,
              "Actual Startup Time": 260.765,
              "Actual Total Time": 260.767,
              "Actual Rows": 1,
              "Actual Loops": 4,
              "Plans": [
                {
                  "Node Type": "Hash Join",
                  "Parent Relationship": "Outer",
                  "Parallel Aware": true,
                  "Join Type": "Inner",
                  "Startup Cost": 46789.22,
                  "Total Cost": 77221.66,
                  "Plan Rows": 70861,
                  "Plan Width": 0,
                  "Actual Startup Time": 159.502,
                  "Actual Total Time": 255.842,
                  "Actual Rows": 123346,
                  "Actual Loops": 4,
                  "Inner Unique": true,
                  "Hash Cond": "(mc.movie_id = t.id)",
                  "Plans": [
                    {
                      "Node Type": "Seq Scan",
                      "Parent Relationship": "Outer",
                      "Parallel Aware": true,
                      "Relation Name": "movie_companies",
                      "Alias": "mc",
                      "Startup Cost": 0.0,
                      "Total Cost": 29310.68,
                      "Plan Rows": 427336,
                      "Plan Width": 4,
                      "Actual Startup Time": 26.689,
                      "Actual Total Time": 60.796,
                      "Actual Rows": 333721,
                      "Actual Loops": 4,
                      "Filter": "(company_type_id > 1)",
                      "Rows Removed by Filter": 318562
                    },
                    {
                      "Node Type": "Hash",
                      "Parent Relationship": "Inner",
                      "Parallel Aware": true,
                      "Startup Cost": 45479.1,
                      "Total Cost": 45479.1,
                      "Plan Rows": 104810,
                      "Plan Width": 4,
                      "Actual Startup Time": 129.237,
                      "Actual Total Time": 129.238,
                      "Actual Rows": 129492,
                      "Actual Loops": 4,
                      "Hash Buckets": 524288,
                      "Original Hash Buckets": 524288,
                      "Hash Batches": 1,
                      "Original Hash Batches": 1,
                      "Peak Memory Usage": 24448,
                      "Plans": [
                        {
                          "Node Type": "Seq Scan",
                          "Parent Relationship": "Outer",
                          "Parallel Aware": true,
                          "Relation Name": "title",
                          "Alias": "t",
                          "Startup Cost": 0.0,
                          "Total Cost": 45479.1,
                          "Plan Rows": 104810,
                          "Plan Width": 4,
                          "Actual Startup Time": 0.052,
                          "Actual Total Time": 95.091,
                          "Actual Rows": 129492,
                          "Actual Loops": 4,
                          "Filter": "((kind_id < 7) AND (production_year < 2001))",
                          "Rows Removed by Filter": 502586
                        }
                      ]
                    }
                  ]
                }
              ]
            }
          ]
        }
      ]
    },
    "Planning Time": 0.643,
    "Triggers": [],
    "Execution Time": 286.143
  }
]