[
  {
    "Plan": {
      "Node Type": "Aggregate",
      "Strategy": "Plain",
      "Partial Mode": "Finalize",
      "Parallel Aware": false,
      "Startup Cost": 127040.84,
      "Total Cost": 127040.85,
      "Plan Rows": 1,
      "Plan Width": 8,
      "Actual Startup Time": 835.152,
      "Actual Total Time": 856.503,
      "Actual Rows": 1,
      "Actual Loops": 1,
      "Plans": [
        {
          "Node Type": "Gather",
          "Parent Relationship": "Outer",
          "Parallel Aware": false,
          "Startup Cost": 127040.52,
          "Total Cost": 127040.83,
          "Plan Rows": 3,
          "Plan Width": 8,
          "Actual Startup Time": 826.529,
          "Actual Total Time": 856.494,
          "Actual Rows": 4,
          "Actual Loops": 1,
          "Workers Planned": 3,
          "Workers Launched": 3,
          "Single Copy": false,
          "Plans": [
            {
              "Node Type": "Aggregate",
              "Strategy": "Plain",
              "Partial Mode": "Partial",
              "Parent Relationship": "Outer",
              "Parallel Aware": false,
              "Startup Cost": 126040.52,
              "Total Cost": 126040.53,
              "Plan Rows": 1,
              "Plan Width": 8,
              "Actual Startup Time": 816.329,
              "Actual Total Time": 816.335,
              "Actual Rows": 1,
              "Actual Loops": 4,
              "Plans": [
                {
                  "Node Type": "Hash Join",
                  "Parent Relationship": "Outer",
                  "Parallel Aware": true,
                  "Join Type": "Inner",
                  "Startup Cost": 94436.57,
                  "Total Cost": 125498.59,
                  "Plan Rows": 216773,
                  "Plan Width": 0,
                  "Actual Startup Time": 502.644,
                  "Actual Total Time": 763.911,
                  "Actual Rows": 1072811,
                  "Actual Loops": 4,
                  "Inner Unique": false,
                  "Hash Cond": "(mc.movie_id = t.id)",
                  "Plans": [
                    {
                      "Node Type": "Seq Scan",
                      "Parent Relationship": "Outer",
                      "Parallel Aware": true,
                      "Relation Name": "movie_companies",
                      "Alias": "mc",
                      "Startup Cost": 0.0,
                      "Total Cost": 27206.55,
                      "Plan Rows": 841655,
                      "Plan Width": 4,
                      "Actual Startup Time": 0.022,
                      "Actual Total Time": 66.733,
                      "Actual Rows": 652282,
                      "Actual Loops": 4
                    },
                    {
                      "Node Type": "Hash",
                      "Parent Relationship": "Inner",
                      "Parallel Aware": true,
                      "Startup Cost": 91810.87,
                      "Total Cost": 91810.87,
                      "Plan Rows": 210056,
                      "Plan Width": 8,
                      "Actual Startup Time": 494.37,
                      "Actual Total Time": 494.374,
                      "Actual Rows": 131115,
                      "Actual Loops": 4,
                      "Hash Buckets": 1048576,
                      "Original Hash Buckets": 1048576,
                      "Hash Batches": 1,
                      "Original Hash Batches": 1,
                      "Peak Memory Usage": 28736,
                      "Plans": [
                        {
                          "Node Type": "Hash Join",
                          "Parent Relationship": "Outer",
                          "Parallel Aware": true,
                          "Join Type": "Inner",
                          "Startup Cost": 48071.0,
                          "Total Cost": 91810.87,
                          "Plan Rows": 210056,
                          "Plan Width": 8,
                          "Actual Startup Time": 275.668,
                          "Actual Total Time": 452.63,
                          "Actual Rows": 131115,
                          "Actual Loops": 4,
                          "Inner Unique": true,
                          "Hash Cond": "(mk.movie_id = t.id)",
                          "Plans": [
                            {
                              "Node Type": "Seq Scan",
                              "Parent Relationship": "Outer",
                              "Parallel Aware": true,
                              "Relation Name": "movie_keyword",
                              "Alias": "mk",
                              "Startup Cost": 0.0,
                              "Total Cost": 42695.65,
                              "Plan Rows": 397795,
                              "Plan Width": 4,
                              "Actual Startup Time": 1.191,
                              "Actual Total Time": 113.704,
                              "Actual Rows": 309958,
                              "Actual Loops": 4,
                              "Filter": "(keyword_id > 14586)",
                              "Rows Removed by Filter": 821025
                            },
                            {
                              "Node Type": "Hash",
                              "Parent Relationship": "Inner",
                              "Parallel Aware": true,
                              "Startup Cost": 43898.92,
                              "Total Cost": 43898.92,
                              "Plan Rows": 333767,
                              "Plan Width": 4,
                              "Actual Startup Time": 269.392,
                              "Actual Total Time": 269.393,
                              "Actual Rows": 330716,
                              "Actual Loops": 4,
                              "Hash Buckets": 2097152,
                              "Original Hash Buckets": 2097152,
                              "Hash Batches": 1,
                              "Original Hash Batches": 1,
                              "Peak Memory Usage": 68224,
                              "Plans": [
                                {
                                  "Node Type": "Seq Scan",
                                  "Parent Relationship": "Outer",
                                  "Parallel Aware": true,
                                  "Relation Name": "title",
                                  "Alias": "t",
                                  "Startup Cost": 0.0,
                                  "Total Cost": 43898.92,
                                  "Plan Rows": 333767,
                                  "Plan Width": 4,
                                  "Actual Startup Time": 0.058,
                                  "Actual Total Time": 123.875,
                                  "Actual Rows": 330716,
                                  "Actual Loops": 4,
                                  "Filter": "(production_year > 2001)",
                                  "Rows Removed by Filter": 301362
                                }
                              ]
                            }
                          ]
                        }
                      ]
                    }
                  ]
                }
              ]
            }
          ]
        }
      ]
    },
    "Planning Time": 1.328,
    "Triggers": [],
    "Execution Time": 856.585
  }
]