{
  "Plan": {
    "Node Type": "Aggregate",
    "Strategy": "Plain",
    "Partial Mode": "Finalize",
    "Parallel Aware": false,
    "Startup Cost": 119029.34,
    "Total Cost": 119029.35,
    "Plan Rows": 1,
    "Plan Width": 8,
    "Actual Startup Time": 936.374,
    "Actual Total Time": 959.094,
    "Actual Rows": 1,
    "Actual Loops": 1,
    "Plans": [
      {
        "Node Type": "Gather",
        "Parent Relationship": "Outer",
        "Parallel Aware": false,
        "Startup Cost": 119029.22,
        "Total Cost": 119029.33,
        "Plan Rows": 1,
        "Plan Width": 8,
        "Actual Startup Time": 929.046,
        "Actual Total Time": 959.085,
        "Actual Rows": 2,
        "Actual Loops": 1,
        "Workers Planned": 1,
        "Workers Launched": 1,
        "Single Copy": false,
        "Plans": [
          {
            "Node Type": "Aggregate",
            "Strategy": "Plain",
            "Partial Mode": "Partial",
            "Parent Relationship": "Outer",
            "Parallel Aware": false,
            "Startup Cost": 118029.22,
            "Total Cost": 118029.23,
            "Plan Rows": 1,
            "Plan Width": 8,
            "Actual Startup Time": 918.158,
            "Actual Total Time": 918.163,
            "Actual Rows": 1,
            "Actual Loops": 2,
            "Plans": [
              {
                "Node Type": "Hash Join",
                "Parent Relationship": "Outer",
                "Parallel Aware": true,
                "Join Type": "Inner",
                "Startup Cost": 85658.8,
                "Total Cost": 116906.33,
                "Plan Rows": 449159,
                "Plan Width": 0,
                "Actual Startup Time": 668.718,
                "Actual Total Time": 897.25,
                "Actual Rows": 387540,
                "Actual Loops": 2,
                "Inner Unique": true,
                "Hash Cond": "(mk.movie_id = t.id)",
                "Plans": [
                  {
                    "Node Type": "Bitmap Heap Scan",
                    "Parent Relationship": "Outer",
                    "Parallel Aware": true,
                    "Relation Name": "movie_keyword",
                    "Alias": "mk",
                    "Startup Cost": 16198.1,
                    "Total Cost": 46266.59,
                    "Plan Rows": 449159,
                    "Plan Width": 4,
                    "Actual Startup Time": 83.334,
                    "Actual Total Time": 182.352,
                    "Actual Rows": 387540,
                    "Actual Loops": 2,
                    "Recheck Cond": "(keyword_id < 733)",
                    "Rows Removed by Index Recheck": 0,
                    "Exact Heap Blocks": 14960,
                    "Lossy Heap Blocks": 0,
                    "Plans": [
                      {
                        "Node Type": "Bitmap Index Scan",
                        "Parent Relationship": "Outer",
                        "Parallel Aware": false,
                        "Index Name": "keyword_id_movie_keyword",
                        "Startup Cost": 0.0,
                        "Total Cost": 16007.21,
                        "Plan Rows": 763570,
                        "Plan Width": 0,
                        "Actual Startup Time": 77.576,
                        "Actual Total Time": 77.577,
                        "Actual Rows": 775080,
                        "Actual Loops": 1,
                        "Index Cond": "(keyword_id < 733)"
                      }
                    ]
                  },
                  {
                    "Node Type": "Hash",
                    "Parent Relationship": "Inner",
                    "Parallel Aware": true,
                    "Startup Cost": 50870.31,
                    "Total Cost": 50870.31,
                    "Plan Rows": 1487231,
                    "Plan Width": 4,
                    "Actual Startup Time": 564.465,
                    "Actual Total Time": 564.466,
                    "Actual Rows": 1264156,
                    "Actual Loops": 2,
                    "Hash Buckets": 4194304,
                    "Original Hash Buckets": 4194304,
                    "Hash Batches": 1,
                    "Original Hash Batches": 1,
                    "Peak Memory Usage": 131712,
                    "Plans": [
                      {
                        "Node Type": "Seq Scan",
                        "Parent Relationship": "Outer",
                        "Parallel Aware": true,
                        "Relation Name": "title",
                        "Alias": "t",
                        "Startup Cost": 0.0,
                        "Total Cost": 50870.31,
                        "Plan Rows": 1487231,
                        "Plan Width": 4,
                        "Actual Startup Time": 0.038,
                        "Actual Total Time": 177.892,
                        "Actual Rows": 1264156,
                        "Actual Loops": 2
                      }
                    ]
                  }
                ]
              }
            ]
          }
        ]
      }
    ]
  },
  "Planning Time": 0.643,
  "Triggers": [],
  "Execution Time": 959.18
}