[
  {
    "Plan": {
      "Node Type": "Aggregate",
      "Strategy": "Plain",
      "Partial Mode": "Finalize",
      "Parallel Aware": false,
      "Startup Cost": 72659.08,
      "Total Cost": 72659.09,
      "Plan Rows": 1,
      "Plan Width": 8,
      "Actual Startup Time": 217.337,
      "Actual Total Time": 239.917,
      "Actual Rows": 1,
      "Actual Loops": 1,
      "Plans": [
        {
          "Node Type": "Gather",
          "Parent Relationship": "Outer",
          "Parallel Aware": false,
          "Startup Cost": 72658.86,
          "Total Cost": 72659.07,
          "Plan Rows": 2,
          "Plan Width": 8,
          "Actual Startup Time": 216.963,
          "Actual Total Time": 239.909,
          "Actual Rows": 3,
          "Actual Loops": 1,
          "Workers Planned": 2,
          "Workers Launched": 2,
          "Single Copy": false,
          "Plans": [
            {
              "Node Type": "Aggregate",
              "Strategy": "Plain",
              "Partial Mode": "Partial",
              "Parent Relationship": "Outer",
              "Parallel Aware": false,
              "Startup Cost": 71658.86,
              "Total Cost": 71658.87,
              "Plan Rows": 1,
              "Plan Width": 8,
              "Actual Startup Time": 213.59,
              "Actual Total Time": 213.594,
              "Actual Rows": 1,
              "Actual Loops": 3,
              "Plans": [
                {
                  "Node Type": "Nested Loop",
                  "Parent Relationship": "Outer",
                  "Parallel Aware": false,
                  "Join Type": "Inner",
                  "Startup Cost": 44024.07,
                  "Total Cost": 71642.02,
                  "Plan Rows": 6736,
                  "Plan Width": 0,
                  "Actual Startup Time": 108.179,
                  "Actual Total Time": 212.242,
                  "Actual Rows": 29907,
                  "Actual Loops": 3,
                  "Inner Unique": false,
                  "Join Filter": "(t.id = mk.movie_id)",
                  "Rows Removed by Join Filter": 0,
                  "Plans": [
                    {
                      "Node Type": "Hash Join",
                      "Parent Relationship": "Outer",
                      "Parallel Aware": true,
                      "Join Type": "Inner",
                      "Startup Cost": 44023.63,
                      "Total Cost": 60148.06,
                      "Plan Rows": 6004,
                      "Plan Width": 8,
                      "Actual Startup Time": 108.058,
                      "Actual Total Time": 178.872,
                      "Actual Rows": 5999,
                      "Actual Loops": 3,
                      "Inner Unique": true,
                      "Hash Cond": "(mi_idx.movie_id = t.id)",
                      "Plans": [
                        {
                          "Node Type": "Seq Scan",
                          "Parent Relationship": "Outer",
                          "Parallel Aware": true,
                          "Relation Name": "movie_info_idx",
                          "Alias": "mi_idx",
                          "Startup Cost": 0.0,
                          "Total Cost": 15122.68,
                          "Plan Rows": 381618,
                          "Plan Width": 4,
                          "Actual Startup Time": 0.012,
                          "Actual Total Time": 44.333,
                          "Actual Rows": 306617,
                          "Actual Loops": 3,
                          "Filter": "(info_type_id < 101)",
                          "Rows Removed by Filter": 153395
                        },
                        {
                          "Node Type": "Hash",
                          "Parent Relationship": "Inner",
                          "Parallel Aware": true,
                          "Startup Cost": 43899.32,
                          "Total Cost": 43899.32,
                          "Plan Rows": 9945,
                          "Plan Width": 4,
                          "Actual Startup Time": 107.071,
                          "Actual Total Time": 107.072,
                          "Actual Rows": 12985,
                          "Actual Loops": 3,
                          "Hash Buckets": 65536,
                          "Original Hash Buckets": 65536,
                          "Hash Batches": 1,
                          "Original Hash Batches": 1,
                          "Peak Memory Usage": 2080,
                          "Plans": [
                            {
                              "Node Type": "Seq Scan",
                              "Parent Relationship": "Outer",
                              "Parallel Aware": true,
                              "Relation Name": "title",
                              "Alias": "t",
                              "Startup Cost": 0.0,
                              "Total Cost": 43899.32,
                              "Plan Rows": 9945,
                              "Plan Width": 4,
                              "Actual Startup Time": 0.021,
                              "Actual Total Time": 101.634,
                              "Actual Rows": 12985,
                              "Actual Loops": 3,
                              "Filter": "(production_year = 1997)",
                              "Rows Removed by Filter": 829786
                            }
                          ]
                        }
                      ]
                    },
                    {
                      "Node Type": "Index Scan",
                      "Parent Relationship": "Inner",
                      "Parallel Aware": false,
                      "Scan Direction": "Forward",
                      "Index Name": "movie_id_movie_keyword",
                      "Relation Name": "movie_keyword",
                      "Alias": "mk",
                      "Startup Cost": 0.43,
                      "Total Cost": 1.55,
                      "Plan Rows": 29,
                      "Plan Width": 4,
                      "Actual Startup Time": 0.004,
                      "Actual Total Time": 0.005,
                      "Actual Rows": 5,
                      "Actual Loops": 17996,
                      "Index Cond": "(movie_id = mi_idx.movie_id)",
                      "Rows Removed by Index Recheck": 0,
                      "Filter": "(keyword_id < 8674)",
                      "Rows Removed by Filter": 3
                    }
                  ]
                }
              ]
            }
          ]
        }
      ]
    },
    "Planning Time": 0.886,
    "Triggers": [],
    "Execution Time": 239.985
  }
]