[
  {
    "Plan": {
      "Node Type": "Aggregate",
      "Strategy": "Plain",
      "Partial Mode": "Finalize",
      "Parallel Aware": false,
      "Startup Cost": 126737.38,
      "Total Cost": 126737.39,
      "Plan Rows": 1,
      "Plan Width": 8,
      "Actual Startup Time": 381.853,
      "Actual Total Time": 392.808,
      "Actual Rows": 1,
      "Actual Loops": 1,
      "Plans": [
        {
          "Node Type": "Gather",
          "Parent Relationship": "Outer",
          "Parallel Aware": false,
          "Startup Cost": 126737.27,
          "Total Cost": 126737.38,
          "Plan Rows": 1,
          "Plan Width": 8,
          "Actual Startup Time": 379.324,
          "Actual Total Time": 392.8,
          "Actual Rows": 2,
          "Actual Loops": 1,
          "Workers Planned": 1,
          "Workers Launched": 1,
          "Single Copy": false,
          "Plans": [
            {
              "Node Type": "Aggregate",
              "Strategy": "Plain",
              "Partial Mode": "Partial",
              "Parent Relationship": "Outer",
              "Parallel Aware": false,
              "Startup Cost": 125737.27,
              "Total Cost": 125737.28,
              "Plan Rows": 1,
              "Plan Width": 8,
              "Actual Startup Time": 371.525,
              "Actual Total Time": 371.529,
              "Actual Rows": 1,
              "Actual Loops": 2,
              "Plans": [
                {
                  "Node Type": "Hash Join",
                  "Parent Relationship": "Outer",
                  "Parallel Aware": true,
                  "Join Type": "Inner",
                  "Startup Cost": 48702.18,
                  "Total Cost": 125702.35,
                  "Plan Rows": 13968,
                  "Plan Width": 0,
                  "Actual Startup Time": 356.651,
                  "Actual Total Time": 371.101,
                  "Actual Rows": 9440,
                  "Actual Loops": 2,
                  "Inner Unique": true,
                  "Hash Cond": "(ci.movie_id = t.id)",
                  "Plans": [
                    {
                      "Node Type": "Index Scan",
                      "Parent Relationship": "Outer",
                      "Parallel Aware": true,
                      "Scan Direction": "Forward",
                      "Index Name": "person_id_cast_info",
                      "Relation Name": "cast_info",
                      "Alias": "ci",
                      "Startup Cost": 0.56,
                      "Total Cost": 76940.42,
                      "Plan Rows": 22979,
                      "Plan Width": 4,
                      "Actual Startup Time": 0.036,
                      "Actual Total Time": 3.731,
                      "Actual Rows": 17506,
                      "Actual Loops": 2,
                      "Index Cond": "(person_id < 4729)",
                      "Rows Removed by Index Recheck": 0
                    },
                    {
                      "Node Type": "Hash",
                      "Parent Relationship": "Inner",
                      "Parallel Aware": true,
                      "Startup Cost": 43898.92,
                      "Total Cost": 43898.92,
                      "Plan Rows": 384216,
                      "Plan Width": 4,
                      "Actual Startup Time": 341.838,
                      "Actual Total Time": 341.839,
                      "Actual Rows": 771632,
                      "Actual Loops": 2,
                      "Hash Buckets": 2097152,
                      "Original Hash Buckets": 2097152,
                      "Hash Batches": 1,
                      "Original Hash Batches": 1,
                      "Peak Memory Usage": 76800,
                      "Plans": [
                        {
                          "Node Type": "Seq Scan",
                          "Parent Relationship": "Outer",
                          "Parallel Aware": true,
                          "Relation Name": "title",
                          "Alias": "t",
                          "Startup Cost": 0.0,
                          "Total Cost": 43898.92,
                          "Plan Rows": 384216,
                          "Plan Width": 4,
                          "Actual Startup Time": 0.028,
                          "Actual Total Time": 152.454,
                          "Actual Rows": 771632,
                          "Actual Loops": 2,
                          "Filter": "(kind_id = 7)",
                          "Rows Removed by Filter": 492524
                        }
                      ]
                    }
                  ]
                }
              ]
            }
          ]
        }
      ]
    },
    "Planning Time": 0.667,
    "Triggers": [],
    "Execution Time": 392.878
  }
]