[
  {
    "Plan": {
      "Node Type": "Aggregate",
      "Strategy": "Plain",
      "Partial Mode": "Finalize",
      "Parallel Aware": false,
      "Startup Cost": 228434.97,
      "Total Cost": 228434.98,
      "Plan Rows": 1,
      "Plan Width": 8,
      "Actual Startup Time": 170.631,
      "Actual Total Time": 196.833,
      "Actual Rows": 1,
      "Actual Loops": 1,
      "Plans": [
        {
          "Node Type": "Gather",
          "Parent Relationship": "Outer",
          "Parallel Aware": false,
          "Startup Cost": 228434.55,
          "Total Cost": 228434.96,
          "Plan Rows": 4,
          "Plan Width": 8,
          "Actual Startup Time": 170.453,
          "Actual Total Time": 196.824,
          "Actual Rows": 5,
          "Actual Loops": 1,
          "Workers Planned": 4,
          "Workers Launched": 4,
          "Single Copy": false,
          "Plans": [
            {
              "Node Type": "Aggregate",
              "Strategy": "Plain",
              "Partial Mode": "Partial",
              "Parent Relationship": "Outer",
              "Parallel Aware": false,
              "Startup Cost": 227434.55,
              "Total Cost": 227434.56,
              "Plan Rows": 1,
              "Plan Width": 8,
              "Actual Startup Time": 164.909,
              "Actual Total Time": 164.91,
              "Actual Rows": 1,
              "Actual Loops": 5,
              "Plans": [
                {
                  "Node Type": "Nested Loop",
                  "Parent Relationship": "Outer",
                  "Parallel Aware": false,
                  "Join Type": "Inner",
                  "Startup Cost": 0.43,
                  "Total Cost": 227380.66,
                  "Plan Rows": 21553,
                  "Plan Width": 0,
                  "Actual Startup Time": 47.994,
                  "Actual Total Time": 162.774,
                  "Actual Rows": 29024,
                  "Actual Loops": 5,
                  "Inner Unique": false,
                  "Plans": [
                    {
                      "Node Type": "Seq Scan",
                      "Parent Relationship": "Outer",
                      "Parallel Aware": true,
                      "Relation Name": "title",
                      "Alias": "t",
                      "Startup Cost": 0.0,
                      "Total Cost": 45479.59,
                      "Plan Rows": 4291,
                      "Plan Width": 4,
                      "Actual Startup Time": 47.885,
                      "Actual Total Time": 75.974,
                      "Actual Rows": 3761,
                      "Actual Loops": 5,
                      "Filter": "((kind_id = 1) AND (production_year = 2013))",
                      "Rows Removed by Filter": 501902
                    },
                    {
                      "Node Type": "Index Scan",
                      "Parent Relationship": "Inner",
                      "Parallel Aware": false,
                      "Scan Direction": "Forward",
                      "Index Name": "movie_id_movie_info",
                      "Relation Name": "movie_info",
                      "Alias": "mi",
                      "Startup Cost": 0.43,
                      "Total Cost": 42.04,
                      "Plan Rows": 35,
                      "Plan Width": 4,
                      "Actual Startup Time": 0.008,
                      "Actual Total Time": 0.022,
                      "Actual Rows": 8,
                      "Actual Loops": 18804,
                      "Index Cond": "(movie_id = t.id)",
                      "Rows Removed by Index Recheck": 0,
                      "Filter": "(info_type_id > 2)",
                      "Rows Removed by Filter": 2
                    }
                  ]
                }
              ]
            }
          ]
        }
      ]
    },
    "Planning Time": 0.322,
    "Triggers": [],
    "Execution Time": 196.876
  }
]