[
  {
    "Plan": {
      "Node Type": "Aggregate",
      "Strategy": "Plain",
      "Partial Mode": "Finalize",
      "Parallel Aware": false,
      "Startup Cost": 30687.29,
      "Total Cost": 30687.3,
      "Plan Rows": 1,
      "Plan Width": 8,
      "Actual Startup Time": 91.97,
      "Actual Total Time": 99.205,
      "Actual Rows": 1,
      "Actual Loops": 1,
      "Plans": [
        {
          "Node Type": "Gather",
          "Parent Relationship": "Outer",
          "Parallel Aware": false,
          "Startup Cost": 30686.98,
          "Total Cost": 30687.29,
          "Plan Rows": 3,
          "Plan Width": 8,
          "Actual Startup Time": 91.874,
          "Actual Total Time": 99.198,
          "Actual Rows": 4,
          "Actual Loops": 1,
          "Workers Planned": 3,
          "Workers Launched": 3,
          "Single Copy": false,
          "Plans": [
            {
              "Node Type": "Aggregate",
              "Strategy": "Plain",
              "Partial Mode": "Partial",
              "Parent Relationship": "Outer",
              "Parallel Aware": false,
              "Startup Cost": 29686.98,
              "Total Cost": 29686.99,
              "Plan Rows": 1,
              "Plan Width": 8,
              "Actual Startup Time": 84.67,
              "Actual Total Time": 84.671,
              "Actual Rows": 1,
              "Actual Loops": 4,
              "Plans": [
                {
                  "Node Type": "Seq Scan",
                  "Parent Relationship": "Outer",
                  "Parallel Aware": true,
                  "Relation Name": "movie_companies",
                  "Alias": "mc",
                  "Startup Cost": 0.0,
                  "Total Cost": 29310.68,
                  "Plan Rows": 150518,
                  "Plan Width": 0,
                  "Actual Startup Time": 47.685,
                  "Actual Total Time": 79.1,
                  "Actual Rows": 118420,
                  "Actual Loops": 4,
                  "Filter": "(company_id > 75718)",
                  "Rows Removed by Filter": 533862
                }
              ]
            }
          ]
        }
      ]
    },
    "Planning Time": 0.107,
    "Triggers": [],
    "Execution Time": 99.244
  }
]