[
  {
    "Plan": {
      "Node Type": "Aggregate",
      "Strategy": "Plain",
      "Partial Mode": "Finalize",
      "Parallel Aware": false,
      "Startup Cost": 336868.62,
      "Total Cost": 336868.63,
      "Plan Rows": 1,
      "Plan Width": 8,
      "Actual Startup Time": 709.923,
      "Actual Total Time": 768.02,
      "Actual Rows": 1,
      "Actual Loops": 1,
      "Plans": [
        {
          "Node Type": "Gather",
          "Parent Relationship": "Outer",
          "Parallel Aware": false,
          "Startup Cost": 336868.0,
          "Total Cost": 336868.61,
          "Plan Rows": 6,
          "Plan Width": 8,
          "Actual Startup Time": 709.814,
          "Actual Total Time": 768.01,
          "Actual Rows": 7,
          "Actual Loops": 1,
          "Workers Planned": 6,
          "Workers Launched": 6,
          "Single Copy": false,
          "Plans": [
            {
              "Node Type": "Aggregate",
              "Strategy": "Plain",
              "Partial Mode": "Partial",
              "Parent Relationship": "Outer",
              "Parallel Aware": false,
              "Startup Cost": 335868.0,
              "Total Cost": 335868.01,
              "Plan Rows": 1,
              "Plan Width": 8,
              "Actual Startup Time": 700.357,
              "Actual Total Time": 700.358,
              "Actual Rows": 1,
              "Actual Loops": 7,
              "Plans": [
                {
                  "Node Type": "Seq Scan",
                  "Parent Relationship": "Outer",
                  "Parallel Aware": true,
                  "Relation Name": "cast_info",
                  "Alias": "ci",
                  "Startup Cost": 0.0,
                  "Total Cost": 328162.03,
                  "Plan Rows": 3082389,
                  "Plan Width": 0,
                  "Actual Startup Time": 194.347,
                  "Actual Total Time": 589.756,
                  "Actual Rows": 2638117,
                  "Actual Loops": 7,
                  "Filter": "(person_id > 1761069)",
                  "Rows Removed by Filter": 2539646
                }
              ]
            }
          ]
        }
      ]
    },
    "Planning Time": 0.205,
    "Triggers": [],
    "Execution Time": 768.098
  }
]