[
    {
        "Bao": {
            "Bao prediction": 467.936,
            "Bao recommended hint": "(no hint)"
        }
    },
    {
        "Plan": {
            "Node Type": "Aggregate",
            "Strategy": "Plain",
            "Partial Mode": "Finalize",
            "Parallel Aware": false,
            "Startup Cost": 347263.73,
            "Total Cost": 347263.74,
            "Plan Rows": 1,
            "Plan Width": 8,
            "Actual Startup Time": 624.74,
            "Actual Total Time": 650.535,
            "Actual Rows": 1,
            "Actual Loops": 1,
            "Output": [
                "count(*)"
            ],
            "Plans": [
                {
                    "Node Type": "Gather",
                    "Parent Relationship": "Outer",
                    "Parallel Aware": false,
                    "Startup Cost": 347263.11,
                    "Total Cost": 347263.72,
                    "Plan Rows": 6,
                    "Plan Width": 8,
                    "Actual Startup Time": 624.649,
                    "Actual Total Time": 650.527,
                    "Actual Rows": 7,
                    "Actual Loops": 1,
                    "Output": [
                        "(PARTIAL count(*))"
                    ],
                    "Workers Planned": 6,
                    "Workers Launched": 6,
                    "Single Copy": false,
                    "Plans": [
                        {
                            "Node Type": "Aggregate",
                            "Strategy": "Plain",
                            "Partial Mode": "Partial",
                            "Parent Relationship": "Outer",
                            "Parallel Aware": false,
                            "Startup Cost": 346263.11,
                            "Total Cost": 346263.12,
                            "Plan Rows": 1,
                            "Plan Width": 8,
                            "Actual Startup Time": 615.167,
                            "Actual Total Time": 615.168,
                            "Actual Rows": 1,
                            "Actual Loops": 7,
                            "Output": [
                                "PARTIAL count(*)"
                            ],
                            "Workers": [
                                {
                                    "Worker Number": 0,
                                    "Actual Startup Time": 612.971,
                                    "Actual Total Time": 612.972,
                                    "Actual Rows": 1,
                                    "Actual Loops": 1
                                },
                                {
                                    "Worker Number": 1,
                                    "Actual Startup Time": 613.355,
                                    "Actual Total Time": 613.356,
                                    "Actual Rows": 1,
                                    "Actual Loops": 1
                                },
                                {
                                    "Worker Number": 2,
                                    "Actual Startup Time": 613.659,
                                    "Actual Total Time": 613.66,
                                    "Actual Rows": 1,
                                    "Actual Loops": 1
                                },
                                {
                                    "Worker Number": 3,
                                    "Actual Startup Time": 613.997,
                                    "Actual Total Time": 613.998,
                                    "Actual Rows": 1,
                                    "Actual Loops": 1
                                },
                                {
                                    "Worker Number": 4,
                                    "Actual Startup Time": 613.963,
                                    "Actual Total Time": 613.964,
                                    "Actual Rows": 1,
                                    "Actual Loops": 1
                                },
                                {
                                    "Worker Number": 5,
                                    "Actual Startup Time": 614.373,
                                    "Actual Total Time": 614.373,
                                    "Actual Rows": 1,
                                    "Actual Loops": 1
                                }
                            ],
                            "Plans": [
                                {
                                    "Node Type": "Seq Scan",
                                    "Parent Relationship": "Outer",
                                    "Parallel Aware": true,
                                    "Relation Name": "cast_info",
                                    "Schema": "public",
                                    "Alias": "ci",
                                    "Startup Cost": 0.0,
                                    "Total Cost": 343318.94,
                                    "Plan Rows": 1177668,
                                    "Plan Width": 0,
                                    "Actual Startup Time": 328.901,
                                    "Actual Total Time": 586.738,
                                    "Actual Rows": 634503,
                                    "Actual Loops": 7,
                                    "Output": [
                                        "id",
                                        "person_id",
                                        "movie_id",
                                        "person_role_id",
                                        "note",
                                        "nr_order",
                                        "role_id"
                                    ],
                                    "Filter": "((ci.person_id < 1571779) AND (ci.role_id > 2))",
                                    "Rows Removed by Filter": 4543260,
                                    "Workers": [
                                        {
                                            "Worker Number": 0,
                                            "Actual Startup Time": 326.71,
                                            "Actual Total Time": 584.117,
                                            "Actual Rows": 421050,
                                            "Actual Loops": 1
                                        },
                                        {
                                            "Worker Number": 1,
                                            "Actual Startup Time": 327.099,
                                            "Actual Total Time": 585.636,
                                            "Actual Rows": 623654,
                                            "Actual Loops": 1
                                        },
                                        {
                                            "Worker Number": 2,
                                            "Actual Startup Time": 327.395,
                                            "Actual Total Time": 586.276,
                                            "Actual Rows": 648225,
                                            "Actual Loops": 1
                                        },
                                        {
                                            "Worker Number": 3,
                                            "Actual Startup Time": 327.733,
                                            "Actual Total Time": 586.679,
                                            "Actual Rows": 643678,
                                            "Actual Loops": 1
                                        },
                                        {
                                            "Worker Number": 4,
                                            "Actual Startup Time": 327.698,
                                            "Actual Total Time": 586.139,
                                            "Actual Rows": 626630,
                                            "Actual Loops": 1
                                        },
                                        {
                                            "Worker Number": 5,
                                            "Actual Startup Time": 328.097,
                                            "Actual Total Time": 586.754,
                                            "Actual Rows": 620731,
                                            "Actual Loops": 1
                                        }
                                    ]
                                }
                            ]
                        }
                    ]
                }
            ]
        },
        "Planning Time": 792.22,
        "Triggers": [],
        "Execution Time": 650.631
    }
]