[
  {
    "Plan": {
      "Node Type": "Aggregate",
      "Strategy": "Plain",
      "Partial Mode": "Finalize",
      "Parallel Aware": false,
      "Startup Cost": 31121.83,
      "Total Cost": 31121.84,
      "Plan Rows": 1,
      "Plan Width": 8,
      "Actual Startup Time": 122.011,
      "Actual Total Time": 130.8,
      "Actual Rows": 1,
      "Actual Loops": 1,
      "Plans": [
        {
          "Node Type": "Gather",
          "Parent Relationship": "Outer",
          "Parallel Aware": false,
          "Startup Cost": 31121.52,
          "Total Cost": 31121.83,
          "Plan Rows": 3,
          "Plan Width": 8,
          "Actual Startup Time": 121.869,
          "Actual Total Time": 130.782,
          "Actual Rows": 4,
          "Actual Loops": 1,
          "Workers Planned": 3,
          "Workers Launched": 3,
          "Single Copy": false,
          "Plans": [
            {
              "Node Type": "Aggregate",
              "Strategy": "Plain",
              "Partial Mode": "Partial",
              "Parent Relationship": "Outer",
              "Parallel Aware": false,
              "Startup Cost": 30121.52,
              "Total Cost": 30121.53,
              "Plan Rows": 1,
              "Plan Width": 8,
              "Actual Startup Time": 117.575,
              "Actual Total Time": 117.577,
              "Actual Rows": 1,
              "Actual Loops": 4,
              "Plans": [
                {
                  "Node Type": "Seq Scan",
                  "Parent Relationship": "Outer",
                  "Parallel Aware": true,
                  "Relation Name": "movie_companies",
                  "Alias": "mc",
                  "Startup Cost": 0.0,
                  "Total Cost": 29310.68,
                  "Plan Rows": 324334,
                  "Plan Width": 0,
                  "Actual Startup Time": 19.48,
                  "Actual Total Time": 100.934,
                  "Actual Rows": 249587,
                  "Actual Loops": 4,
                  "Filter": "(company_id > 16734)",
                  "Rows Removed by Filter": 402695
                }
              ]
            }
          ]
        }
      ]
    },
    "Planning Time": 0.165,
    "Triggers": [],
    "Execution Time": 130.895
  }
]