[
  {
    "Plan": {
      "Node Type": "Aggregate",
      "Strategy": "Plain",
      "Partial Mode": "Finalize",
      "Parallel Aware": false,
      "Startup Cost": 217156.37,
      "Total Cost": 217156.38,
      "Plan Rows": 1,
      "Plan Width": 8,
      "Actual Startup Time": 122.181,
      "Actual Total Time": 141.429,
      "Actual Rows": 1,
      "Actual Loops": 1,
      "Plans": [
        {
          "Node Type": "Gather",
          "Parent Relationship": "Outer",
          "Parallel Aware": false,
          "Startup Cost": 217155.95,
          "Total Cost": 217156.36,
          "Plan Rows": 4,
          "Plan Width": 8,
          "Actual Startup Time": 121.981,
          "Actual Total Time": 141.418,
          "Actual Rows": 5,
          "Actual Loops": 1,
          "Workers Planned": 4,
          "Workers Launched": 4,
          "Single Copy": false,
          "Plans": [
            {
              "Node Type": "Aggregate",
              "Strategy": "Plain",
              "Partial Mode": "Partial",
              "Parent Relationship": "Outer",
              "Parallel Aware": false,
              "Startup Cost": 216155.95,
              "Total Cost": 216155.96,
              "Plan Rows": 1,
              "Plan Width": 8,
              "Actual Startup Time": 115.831,
              "Actual Total Time": 115.834,
              "Actual Rows": 1,
              "Actual Loops": 5,
              "Plans": [
                {
                  "Node Type": "Nested Loop",
                  "Parent Relationship": "Outer",
                  "Parallel Aware": false,
                  "Join Type": "Inner",
                  "Startup Cost": 0.43,
                  "Total Cost": 216126.52,
                  "Plan Rows": 11770,
                  "Plan Width": 0,
                  "Actual Startup Time": 0.33,
                  "Actual Total Time": 115.257,
                  "Actual Rows": 6387,
                  "Actual Loops": 5,
                  "Inner Unique": false,
                  "Plans": [
                    {
                      "Node Type": "Seq Scan",
                      "Parent Relationship": "Outer",
                      "Parallel Aware": true,
                      "Relation Name": "title",
                      "Alias": "t",
                      "Startup Cost": 0.0,
                      "Total Cost": 45479.59,
                      "Plan Rows": 2004,
                      "Plan Width": 4,
                      "Actual Startup Time": 0.175,
                      "Actual Total Time": 91.166,
                      "Actual Rows": 1698,
                      "Actual Loops": 5,
                      "Filter": "((kind_id = 7) AND (production_year = 1969))",
                      "Rows Removed by Filter": 503965
                    },
                    {
                      "Node Type": "Index Only Scan",
                      "Parent Relationship": "Inner",
                      "Parallel Aware": false,
                      "Scan Direction": "Forward",
                      "Index Name": "movie_id_movie_info",
                      "Relation Name": "movie_info",
                      "Alias": "mi",
                      "Startup Cost": 0.43,
                      "Total Cost": 84.74,
                      "Plan Rows": 41,
                      "Plan Width": 4,
                      "Actual Startup Time": 0.008,
                      "Actual Total Time": 0.013,
                      "Actual Rows": 4,
                      "Actual Loops": 8488,
                      "Index Cond": "(movie_id = t.id)",
                      "Rows Removed by Index Recheck": 0,
                      "Heap Fetches": 31937
                    }
                  ]
                }
              ]
            }
          ]
        }
      ]
    },
    "Planning Time": 0.533,
    "Triggers": [],
    "Execution Time": 141.497
  }
]