[
  {
    "Plan": {
      "Node Type": "Aggregate",
      "Strategy": "Plain",
      "Partial Mode": "Finalize",
      "Parallel Aware": false,
      "Startup Cost": 71546.37,
      "Total Cost": 71546.38,
      "Plan Rows": 1,
      "Plan Width": 8,
      "Actual Startup Time": 199.632,
      "Actual Total Time": 215.777,
      "Actual Rows": 1,
      "Actual Loops": 1,
      "Plans": [
        {
          "Node Type": "Gather",
          "Parent Relationship": "Outer",
          "Parallel Aware": false,
          "Startup Cost": 71545.95,
          "Total Cost": 71546.36,
          "Plan Rows": 4,
          "Plan Width": 8,
          "Actual Startup Time": 198.851,
          "Actual Total Time": 215.768,
          "Actual Rows": 5,
          "Actual Loops": 1,
          "Workers Planned": 4,
          "Workers Launched": 4,
          "Single Copy": false,
          "Plans": [
            {
              "Node Type": "Aggregate",
              "Strategy": "Plain",
              "Partial Mode": "Partial",
              "Parent Relationship": "Outer",
              "Parallel Aware": false,
              "Startup Cost": 70545.95,
              "Total Cost": 70545.96,
              "Plan Rows": 1,
              "Plan Width": 8,
              "Actual Startup Time": 188.74,
              "Actual Total Time": 188.743,
              "Actual Rows": 1,
              "Actual Loops": 5,
              "Plans": [
                {
                  "Node Type": "Hash Join",
                  "Parent Relationship": "Outer",
                  "Parallel Aware": true,
                  "Join Type": "Inner",
                  "Startup Cost": 24910.41,
                  "Total Cost": 70477.65,
                  "Plan Rows": 27323,
                  "Plan Width": 0,
                  "Actual Startup Time": 69.627,
                  "Actual Total Time": 188.095,
                  "Actual Rows": 9631,
                  "Actual Loops": 5,
                  "Inner Unique": false,
                  "Hash Cond": "(t.id = mc.movie_id)",
                  "Plans": [
                    {
                      "Node Type": "Seq Scan",
                      "Parent Relationship": "Outer",
                      "Parallel Aware": true,
                      "Relation Name": "title",
                      "Alias": "t",
                      "Startup Cost": 0.0,
                      "Total Cost": 42318.73,
                      "Plan Rows": 632073,
                      "Plan Width": 4,
                      "Actual Startup Time": 0.011,
                      "Actual Total Time": 63.671,
                      "Actual Rows": 505662,
                      "Actual Loops": 5
                    },
                    {
                      "Node Type": "Hash",
                      "Parent Relationship": "Inner",
                      "Parallel Aware": true,
                      "Startup Cost": 24469.72,
                      "Total Cost": 24469.72,
                      "Plan Rows": 35255,
                      "Plan Width": 4,
                      "Actual Startup Time": 68.414,
                      "Actual Total Time": 68.415,
                      "Actual Rows": 9631,
                      "Actual Loops": 5,
                      "Hash Buckets": 131072,
                      "Original Hash Buckets": 131072,
                      "Hash Batches": 1,
                      "Original Hash Batches": 1,
                      "Peak Memory Usage": 2976,
                      "Plans": [
                        {
                          "Node Type": "Bitmap Heap Scan",
                          "Parent Relationship": "Outer",
                          "Parallel Aware": true,
                          "Relation Name": "movie_companies",
                          "Alias": "mc",
                          "Startup Cost": 4638.17,
                          "Total Cost": 24469.72,
                          "Plan Rows": 35255,
                          "Plan Width": 4,
                          "Actual Startup Time": 54.682,
                          "Actual Total Time": 65.242,
                          "Actual Rows": 9631,
                          "Actual Loops": 5,
                          "Recheck Cond": "(company_id < 73)",
                          "Rows Removed by Index Recheck": 0,
                          "Filter": "(company_type_id > 1)",
                          "Rows Removed by Filter": 33410,
                          "Exact Heap Blocks": 9656,
                          "Lossy Heap Blocks": 0,
                          "Plans": [
                            {
                              "Node Type": "Bitmap Index Scan",
                              "Parent Relationship": "Outer",
                              "Parallel Aware": false,
                              "Index Name": "company_id_movie_companies",
                              "Startup Cost": 0.0,
                              "Total Cost": 4610.84,
                              "Plan Rows": 215255,
                              "Plan Width": 0,
                              "Actual Startup Time": 24.082,
                              "Actual Total Time": 24.082,
                              "Actual Rows": 215203,
                              "Actual Loops": 1,
                              "Index Cond": "(company_id < 73)"
                            }
                          ]
                        }
                      ]
                    }
                  ]
                }
              ]
            }
          ]
        }
      ]
    },
    "Planning Time": 0.584,
    "Triggers": [],
    "Execution Time": 215.877
  }
]