{
  "Plan": {
    "Node Type": "Aggregate",
    "Strategy": "Plain",
    "Partial Mode": "Finalize",
    "Parallel Aware": false,
    "Startup Cost": 196825.52,
    "Total Cost": 196825.53,
    "Plan Rows": 1,
    "Plan Width": 8,
    "Actual Startup Time": 624.347,
    "Actual Total Time": 645.942,
    "Actual Rows": 1,
    "Actual Loops": 1,
    "Plans": [
      {
        "Node Type": "Gather",
        "Parent Relationship": "Outer",
        "Parallel Aware": false,
        "Startup Cost": 196825.41,
        "Total Cost": 196825.52,
        "Plan Rows": 1,
        "Plan Width": 8,
        "Actual Startup Time": 624.23,
        "Actual Total Time": 645.933,
        "Actual Rows": 2,
        "Actual Loops": 1,
        "Workers Planned": 1,
        "Workers Launched": 1,
        "Single Copy": false,
        "Plans": [
          {
            "Node Type": "Aggregate",
            "Strategy": "Plain",
            "Partial Mode": "Partial",
            "Parent Relationship": "Outer",
            "Parallel Aware": false,
            "Startup Cost": 195825.41,
            "Total Cost": 195825.42,
            "Plan Rows": 1,
            "Plan Width": 8,
            "Actual Startup Time": 620.388,
            "Actual Total Time": 620.391,
            "Actual Rows": 1,
            "Actual Loops": 2,
            "Plans": [
              {
                "Node Type": "Hash Join",
                "Parent Relationship": "Outer",
                "Parallel Aware": true,
                "Join Type": "Inner",
                "Startup Cost": 54602.27,
                "Total Cost": 195820.79,
                "Plan Rows": 1846,
                "Plan Width": 0,
                "Actual Startup Time": 132.583,
                "Actual Total Time": 620.306,
                "Actual Rows": 480,
                "Actual Loops": 2,
                "Inner Unique": true,
                "Hash Cond": "(ci.movie_id = t.id)",
                "Plans": [
                  {
                    "Node Type": "Index Scan",
                    "Parent Relationship": "Outer",
                    "Parallel Aware": true,
                    "Scan Direction": "Forward",
                    "Index Name": "role_id_cast_info",
                    "Relation Name": "cast_info",
                    "Alias": "ci",
                    "Startup Cost": 0.56,
                    "Total Cost": 134450.3,
                    "Plan Rows": 2578582,
                    "Plan Width": 4,
                    "Actual Startup Time": 0.051,
                    "Actual Total Time": 287.193,
                    "Actual Rows": 2161509,
                    "Actual Loops": 2,
                    "Index Cond": "(role_id = 10)",
                    "Rows Removed by Index Recheck": 0
                  },
                  {
                    "Node Type": "Hash",
                    "Parent Relationship": "Inner",
                    "Parallel Aware": true,
                    "Startup Cost": 54588.39,
                    "Total Cost": 54588.39,
                    "Plan Rows": 1065,
                    "Plan Width": 4,
                    "Actual Startup Time": 130.079,
                    "Actual Total Time": 130.08,
                    "Actual Rows": 1399,
                    "Actual Loops": 2,
                    "Hash Buckets": 2048,
                    "Original Hash Buckets": 2048,
                    "Hash Batches": 1,
                    "Original Hash Batches": 1,
                    "Peak Memory Usage": 144,
                    "Plans": [
                      {
                        "Node Type": "Seq Scan",
                        "Parent Relationship": "Outer",
                        "Parallel Aware": true,
                        "Relation Name": "title",
                        "Alias": "t",
                        "Startup Cost": 0.0,
                        "Total Cost": 54588.39,
                        "Plan Rows": 1065,
                        "Plan Width": 4,
                        "Actual Startup Time": 29.968,
                        "Actual Total Time": 129.524,
                        "Actual Rows": 1399,
                        "Actual Loops": 2,
                        "Filter": "(production_year = 1936)",
                        "Rows Removed by Filter": 1262757
                      }
                    ]
                  }
                ]
              }
            ]
          }
        ]
      }
    ]
  },
  "Planning Time": 0.452,
  "Triggers": [],
  "Execution Time": 646.018
}