{
  "Plan": {
    "Node Type": "Aggregate",
    "Strategy": "Plain",
    "Partial Mode": "Finalize",
    "Parallel Aware": false,
    "Startup Cost": 162120.49,
    "Total Cost": 162120.5,
    "Plan Rows": 1,
    "Plan Width": 8,
    "Actual Startup Time": 420.819,
    "Actual Total Time": 434.607,
    "Actual Rows": 1,
    "Actual Loops": 1,
    "Plans": [
      {
        "Node Type": "Gather",
        "Parent Relationship": "Outer",
        "Parallel Aware": false,
        "Startup Cost": 162120.38,
        "Total Cost": 162120.49,
        "Plan Rows": 1,
        "Plan Width": 8,
        "Actual Startup Time": 420.348,
        "Actual Total Time": 434.6,
        "Actual Rows": 2,
        "Actual Loops": 1,
        "Workers Planned": 1,
        "Workers Launched": 1,
        "Single Copy": false,
        "Plans": [
          {
            "Node Type": "Aggregate",
            "Strategy": "Plain",
            "Partial Mode": "Partial",
            "Parent Relationship": "Outer",
            "Parallel Aware": false,
            "Startup Cost": 161120.38,
            "Total Cost": 161120.39,
            "Plan Rows": 1,
            "Plan Width": 8,
            "Actual Startup Time": 414.069,
            "Actual Total Time": 414.073,
            "Actual Rows": 1,
            "Actual Loops": 2,
            "Plans": [
              {
                "Node Type": "Nested Loop",
                "Parent Relationship": "Outer",
                "Parallel Aware": false,
                "Join Type": "Inner",
                "Startup Cost": 79552.54,
                "Total Cost": 161004.92,
                "Plan Rows": 46181,
                "Plan Width": 0,
                "Actual Startup Time": 230.986,
                "Actual Total Time": 412.506,
                "Actual Rows": 27378,
                "Actual Loops": 2,
                "Inner Unique": false,
                "Join Filter": "(t.id = mi_idx.movie_id)",
                "Rows Removed by Join Filter": 0,
                "Plans": [
                  {
                    "Node Type": "Hash Join",
                    "Parent Relationship": "Outer",
                    "Parallel Aware": true,
                    "Join Type": "Inner",
                    "Startup Cost": 79552.11,
                    "Total Cost": 111603.57,
                    "Plan Rows": 84606,
                    "Plan Width": 8,
                    "Actual Startup Time": 230.86,
                    "Actual Total Time": 373.384,
                    "Actual Rows": 17665,
                    "Actual Loops": 2,
                    "Inner Unique": true,
                    "Hash Cond": "(mk.movie_id = t.id)",
                    "Plans": [
                      {
                        "Node Type": "Bitmap Heap Scan",
                        "Parent Relationship": "Outer",
                        "Parallel Aware": true,
                        "Relation Name": "movie_keyword",
                        "Alias": "mk",
                        "Startup Cost": 18114.38,
                        "Total Cost": 48847.27,
                        "Plan Rows": 502311,
                        "Plan Width": 4,
                        "Actual Startup Time": 49.615,
                        "Actual Total Time": 135.534,
                        "Actual Rows": 423347,
                        "Actual Loops": 2,
                        "Recheck Cond": "(keyword_id > 21694)",
                        "Rows Removed by Index Recheck": 0,
                        "Exact Heap Blocks": 13414,
                        "Lossy Heap Blocks": 0,
                        "Plans": [
                          {
                            "Node Type": "Bitmap Index Scan",
                            "Parent Relationship": "Outer",
                            "Parallel Aware": false,
                            "Index Name": "keyword_id_movie_keyword",
                            "Startup Cost": 0.0,
                            "Total Cost": 17900.9,
                            "Plan Rows": 853929,
                            "Plan Width": 0,
                            "Actual Startup Time": 45.991,
                            "Actual Total Time": 45.991,
                            "Actual Rows": 846694,
                            "Actual Loops": 1,
                            "Index Cond": "(keyword_id > 21694)"
                          }
                        ]
                      },
                      {
                        "Node Type": "Hash",
                        "Parent Relationship": "Inner",
                        "Parallel Aware": true,
                        "Startup Cost": 58306.47,
                        "Total Cost": 58306.47,
                        "Plan Rows": 250501,
                        "Plan Width": 4,
                        "Actual Startup Time": 175.348,
                        "Actual Total Time": 175.349,
                        "Actual Rows": 157584,
                        "Actual Loops": 2,
                        "Hash Buckets": 524288,
                        "Original Hash Buckets": 524288,
                        "Hash Batches": 1,
                        "Original Hash Batches": 1,
                        "Peak Memory Usage": 16448,
                        "Plans": [
                          {
                            "Node Type": "Seq Scan",
                            "Parent Relationship": "Outer",
                            "Parallel Aware": true,
                            "Relation Name": "title",
                            "Alias": "t",
                            "Startup Cost": 0.0,
                            "Total Cost": 58306.47,
                            "Plan Rows": 250501,
                            "Plan Width": 4,
                            "Actual Startup Time": 0.029,
                            "Actual Total Time": 138.463,
                            "Actual Rows": 157584,
                            "Actual Loops": 2,
                            "Filter": "((production_year < 1991) AND (kind_id = 7))",
                            "Rows Removed by Filter": 1106572
                          }
                        ]
                      }
                    ]
                  },
                  {
                    "Node Type": "Index Only Scan",
                    "Parent Relationship": "Inner",
                    "Parallel Aware": false,
                    "Scan Direction": "Forward",
                    "Index Name": "movie_id_movie_info_idx",
                    "Relation Name": "movie_info_idx",
                    "Alias": "mi_idx",
                    "Startup Cost": 0.43,
                    "Total Cost": 0.55,
                    "Plan Rows": 3,
                    "Plan Width": 4,
                    "Actual Startup Time": 0.002,
                    "Actual Total Time": 0.002,
                    "Actual Rows": 2,
                    "Actual Loops": 35330,
                    "Index Cond": "(movie_id = mk.movie_id)",
                    "Rows Removed by Index Recheck": 0,
                    "Heap Fetches": 54756
                  }
                ]
              }
            ]
          }
        ]
      }
    ]
  },
  "Planning Time": 1.028,
  "Triggers": [],
  "Execution Time": 434.752
}