{
  "Plan": {
    "Node Type": "Aggregate",
    "Strategy": "Plain",
    "Partial Mode": "Finalize",
    "Parallel Aware": false,
    "Startup Cost": 324381.87,
    "Total Cost": 324381.88,
    "Plan Rows": 1,
    "Plan Width": 8,
    "Actual Startup Time": 2497.781,
    "Actual Total Time": 2523.217,
    "Actual Rows": 1,
    "Actual Loops": 1,
    "Plans": [
      {
        "Node Type": "Gather",
        "Parent Relationship": "Outer",
        "Parallel Aware": false,
        "Startup Cost": 324381.76,
        "Total Cost": 324381.87,
        "Plan Rows": 1,
        "Plan Width": 8,
        "Actual Startup Time": 2489.959,
        "Actual Total Time": 2523.209,
        "Actual Rows": 2,
        "Actual Loops": 1,
        "Workers Planned": 1,
        "Workers Launched": 1,
        "Single Copy": false,
        "Plans": [
          {
            "Node Type": "Aggregate",
            "Strategy": "Plain",
            "Partial Mode": "Partial",
            "Parent Relationship": "Outer",
            "Parallel Aware": false,
            "Startup Cost": 323381.76,
            "Total Cost": 323381.77,
            "Plan Rows": 1,
            "Plan Width": 8,
            "Actual Startup Time": 2483.7,
            "Actual Total Time": 2483.704,
            "Actual Rows": 1,
            "Actual Loops": 2,
            "Plans": [
              {
                "Node Type": "Merge Join",
                "Parent Relationship": "Outer",
                "Parallel Aware": false,
                "Join Type": "Inner",
                "Startup Cost": 269743.86,
                "Total Cost": 323054.64,
                "Plan Rows": 130849,
                "Plan Width": 0,
                "Actual Startup Time": 2065.012,
                "Actual Total Time": 2463.008,
                "Actual Rows": 461524,
                "Actual Loops": 2,
                "Inner Unique": false,
                "Merge Cond": "(mi_idx.movie_id = t.id)",
                "Plans": [
                  {
                    "Node Type": "Index Only Scan",
                    "Parent Relationship": "Outer",
                    "Parallel Aware": true,
                    "Scan Direction": "Forward",
                    "Index Name": "movie_id_movie_info_idx",
                    "Relation Name": "movie_info_idx",
                    "Alias": "mi_idx",
                    "Startup Cost": 0.43,
                    "Total Cost": 47937.73,
                    "Plan Rows": 811785,
                    "Plan Width": 4,
                    "Actual Startup Time": 0.141,
                    "Actual Total Time": 133.943,
                    "Actual Rows": 690018,
                    "Actual Loops": 2,
                    "Heap Fetches": 1380035
                  },
                  {
                    "Node Type": "Sort",
                    "Parent Relationship": "Inner",
                    "Parallel Aware": false,
                    "Startup Cost": 269743.39,
                    "Total Cost": 270762.21,
                    "Plan Rows": 407527,
                    "Plan Width": 8,
                    "Actual Startup Time": 2064.815,
                    "Actual Total Time": 2182.758,
                    "Actual Rows": 1417168,
                    "Actual Loops": 2,
                    "Sort Key": [
                      "t.id"
                    ],
                    "Sort Method": "quicksort",
                    "Sort Space Used": 101164,
                    "Sort Space Type": "Memory",
                    "Workers": [
                      {
                        "Worker Number": 0,
                        "Sort Method": "quicksort",
                        "Sort Space Used": 101164,
                        "Sort Space Type": "Memory"
                      }
                    ],
                    "Plans": [
                      {
                        "Node Type": "Hash Join",
                        "Parent Relationship": "Outer",
                        "Parallel Aware": false,
                        "Join Type": "Inner",
                        "Startup Cost": 77436.87,
                        "Total Cost": 231768.93,
                        "Plan Rows": 407527,
                        "Plan Width": 8,
                        "Actual Startup Time": 438.955,
                        "Actual Total Time": 1780.018,
                        "Actual Rows": 1109572,
                        "Actual Loops": 2,
                        "Inner Unique": true,
                        "Hash Cond": "(ci.movie_id = t.id)",
                        "Plans": [
                          {
                            "Node Type": "Index Scan",
                            "Parent Relationship": "Outer",
                            "Parallel Aware": false,
                            "Scan Direction": "Forward",
                            "Index Name": "role_id_cast_info",
                            "Relation Name": "cast_info",
                            "Alias": "ci",
                            "Startup Cost": 0.56,
                            "Total Cost": 150894.95,
                            "Plan Rows": 1309591,
                            "Plan Width": 4,
                            "Actual Startup Time": 0.161,
                            "Actual Total Time": 576.578,
                            "Actual Rows": 2387615,
                            "Actual Loops": 2,
                            "Index Cond": "(role_id = 3)",
                            "Rows Removed by Index Recheck": 0,
                            "Filter": "(person_id > 2527277)",
                            "Rows Removed by Filter": 1620422
                          },
                          {
                            "Node Type": "Hash",
                            "Parent Relationship": "Inner",
                            "Parallel Aware": false,
                            "Startup Cost": 67601.66,
                            "Total Cost": 67601.66,
                            "Plan Rows": 786771,
                            "Plan Width": 4,
                            "Actual Startup Time": 426.786,
                            "Actual Total Time": 426.788,
                            "Actual Rows": 784926,
                            "Actual Loops": 2,
                            "Hash Buckets": 1048576,
                            "Original Hash Buckets": 1048576,
                            "Hash Batches": 1,
                            "Original Hash Batches": 1,
                            "Peak Memory Usage": 35788,
                            "Plans": [
                              {
                                "Node Type": "Seq Scan",
                                "Parent Relationship": "Outer",
                                "Parallel Aware": false,
                                "Relation Name": "title",
                                "Alias": "t",
                                "Startup Cost": 0.0,
                                "Total Cost": 67601.66,
                                "Plan Rows": 786771,
                                "Plan Width": 4,
                                "Actual Startup Time": 0.041,
                                "Actual Total Time": 259.018,
                                "Actual Rows": 784926,
                                "Actual Loops": 2,
                                "Filter": "(production_year > 2007)",
                                "Rows Removed by Filter": 1743386
                              }
                            ]
                          }
                        ]
                      }
                    ]
                  }
                ]
              }
            ]
          }
        ]
      }
    ]
  },
  "Planning Time": 1.126,
  "Triggers": [],
  "Execution Time": 2534.419
}