{
  "Plan": {
    "Node Type": "Aggregate",
    "Strategy": "Plain",
    "Partial Mode": "Finalize",
    "Parallel Aware": false,
    "Startup Cost": 626004.3,
    "Total Cost": 626004.31,
    "Plan Rows": 1,
    "Plan Width": 8,
    "Actual Startup Time": 4926.361,
    "Actual Total Time": 4978.853,
    "Actual Rows": 1,
    "Actual Loops": 1,
    "Plans": [
      {
        "Node Type": "Gather",
        "Parent Relationship": "Outer",
        "Parallel Aware": false,
        "Startup Cost": 626004.19,
        "Total Cost": 626004.3,
        "Plan Rows": 1,
        "Plan Width": 8,
        "Actual Startup Time": 4924.495,
        "Actual Total Time": 4978.843,
        "Actual Rows": 2,
        "Actual Loops": 1,
        "Workers Planned": 1,
        "Workers Launched": 1,
        "Single Copy": false,
        "Plans": [
          {
            "Node Type": "Aggregate",
            "Strategy": "Plain",
            "Partial Mode": "Partial",
            "Parent Relationship": "Outer",
            "Parallel Aware": false,
            "Startup Cost": 625004.19,
            "Total Cost": 625004.2,
            "Plan Rows": 1,
            "Plan Width": 8,
            "Actual Startup Time": 4917.5,
            "Actual Total Time": 4917.503,
            "Actual Rows": 1,
            "Actual Loops": 2,
            "Plans": [
              {
                "Node Type": "Hash Join",
                "Parent Relationship": "Outer",
                "Parallel Aware": true,
                "Join Type": "Inner",
                "Startup Cost": 66688.59,
                "Total Cost": 613214.16,
                "Plan Rows": 4716012,
                "Plan Width": 0,
                "Actual Startup Time": 370.429,
                "Actual Total Time": 4722.607,
                "Actual Rows": 3780948,
                "Actual Loops": 2,
                "Inner Unique": true,
                "Hash Cond": "(ci.movie_id = t.id)",
                "Plans": [
                  {
                    "Node Type": "Seq Scan",
                    "Parent Relationship": "Outer",
                    "Parallel Aware": true,
                    "Relation Name": "cast_info",
                    "Alias": "ci",
                    "Startup Cost": 0.0,
                    "Total Cost": 519069.44,
                    "Plan Rows": 10459459,
                    "Plan Width": 4,
                    "Actual Startup Time": 0.015,
                    "Actual Total Time": 1561.431,
                    "Actual Rows": 8911880,
                    "Actual Loops": 2,
                    "Filter": "(person_id < 1766055)",
                    "Rows Removed by Filter": 9210292
                  },
                  {
                    "Node Type": "Hash",
                    "Parent Relationship": "Inner",
                    "Parallel Aware": true,
                    "Startup Cost": 58306.47,
                    "Total Cost": 58306.47,
                    "Plan Rows": 670570,
                    "Plan Width": 4,
                    "Actual Startup Time": 356.344,
                    "Actual Total Time": 356.345,
                    "Actual Rows": 547790,
                    "Actual Loops": 2,
                    "Hash Buckets": 2097152,
                    "Original Hash Buckets": 2097152,
                    "Hash Batches": 1,
                    "Original Hash Batches": 1,
                    "Peak Memory Usage": 59264,
                    "Plans": [
                      {
                        "Node Type": "Seq Scan",
                        "Parent Relationship": "Outer",
                        "Parallel Aware": true,
                        "Relation Name": "title",
                        "Alias": "t",
                        "Startup Cost": 0.0,
                        "Total Cost": 58306.47,
                        "Plan Rows": 670570,
                        "Plan Width": 4,
                        "Actual Startup Time": 0.028,
                        "Actual Total Time": 186.041,
                        "Actual Rows": 547790,
                        "Actual Loops": 2,
                        "Filter": "((kind_id > 1) AND (production_year < 2007))",
                        "Rows Removed by Filter": 716366
                      }
                    ]
                  }
                ]
              }
            ]
          }
        ]
      }
    ]
  },
  "Planning Time": 0.466,
  "Triggers": [],
  "Execution Time": 4978.932
}