[
  {
    "Plan": {
      "Node Type": "Aggregate",
      "Strategy": "Plain",
      "Partial Mode": "Finalize",
      "Parallel Aware": false,
      "Startup Cost": 81607.31,
      "Total Cost": 81607.32,
      "Plan Rows": 1,
      "Plan Width": 8,
      "Actual Startup Time": 419.622,
      "Actual Total Time": 436.337,
      "Actual Rows": 1,
      "Actual Loops": 1,
      "Plans": [
        {
          "Node Type": "Gather",
          "Parent Relationship": "Outer",
          "Parallel Aware": false,
          "Startup Cost": 81607.0,
          "Total Cost": 81607.31,
          "Plan Rows": 3,
          "Plan Width": 8,
          "Actual Startup Time": 413.002,
          "Actual Total Time": 436.324,
          "Actual Rows": 4,
          "Actual Loops": 1,
          "Workers Planned": 3,
          "Workers Launched": 3,
          "Single Copy": false,
          "Plans": [
            {
              "Node Type": "Aggregate",
              "Strategy": "Plain",
              "Partial Mode": "Partial",
              "Parent Relationship": "Outer",
              "Parallel Aware": false,
              "Startup Cost": 80607.0,
              "Total Cost": 80607.01,
              "Plan Rows": 1,
              "Plan Width": 8,
              "Actual Startup Time": 404.146,
              "Actual Total Time": 404.15,
              "Actual Rows": 1,
              "Actual Loops": 4,
              "Plans": [
                {
                  "Node Type": "Hash Join",
                  "Parent Relationship": "Outer",
                  "Parallel Aware": true,
                  "Join Type": "Inner",
                  "Startup Cost": 48410.07,
                  "Total Cost": 80331.53,
                  "Plan Rows": 110185,
                  "Plan Width": 0,
                  "Actual Startup Time": 260.348,
                  "Actual Total Time": 397.643,
                  "Actual Rows": 142174,
                  "Actual Loops": 4,
                  "Inner Unique": true,
                  "Hash Cond": "(mc.movie_id = t.id)",
                  "Plans": [
                    {
                      "Node Type": "Seq Scan",
                      "Parent Relationship": "Outer",
                      "Parallel Aware": true,
                      "Relation Name": "movie_companies",
                      "Alias": "mc",
                      "Startup Cost": 0.0,
                      "Total Cost": 31414.82,
                      "Plan Rows": 193007,
                      "Plan Width": 4,
                      "Actual Startup Time": 0.033,
                      "Actual Total Time": 72.513,
                      "Actual Rows": 208404,
                      "Actual Loops": 4,
                      "Filter": "((company_id < 11146) AND (company_type_id = 1))",
                      "Rows Removed by Filter": 443878
                    },
                    {
                      "Node Type": "Hash",
                      "Parent Relationship": "Inner",
                      "Parallel Aware": true,
                      "Startup Cost": 43899.32,
                      "Total Cost": 43899.32,
                      "Plan Rows": 360860,
                      "Plan Width": 4,
                      "Actual Startup Time": 254.087,
                      "Actual Total Time": 254.088,
                      "Actual Rows": 360824,
                      "Actual Loops": 4,
                      "Hash Buckets": 2097152,
                      "Original Hash Buckets": 2097152,
                      "Hash Batches": 1,
                      "Original Hash Batches": 1,
                      "Peak Memory Usage": 72928,
                      "Plans": [
                        {
                          "Node Type": "Seq Scan",
                          "Parent Relationship": "Outer",
                          "Parallel Aware": true,
                          "Relation Name": "title",
                          "Alias": "t",
                          "Startup Cost": 0.0,
                          "Total Cost": 43899.32,
                          "Plan Rows": 360860,
                          "Plan Width": 4,
                          "Actual Startup Time": 0.034,
                          "Actual Total Time": 116.539,
                          "Actual Rows": 360824,
                          "Actual Loops": 4,
                          "Filter": "(production_year < 2006)",
                          "Rows Removed by Filter": 271254
                        }
                      ]
                    }
                  ]
                }
              ]
            }
          ]
        }
      ]
    },
    "Planning Time": 0.347,
    "Triggers": [],
    "Execution Time": 436.382
  }
]