[
  {
    "Plan": {
      "Node Type": "Aggregate",
      "Strategy": "Plain",
      "Partial Mode": "Finalize",
      "Parallel Aware": false,
      "Startup Cost": 81073.25,
      "Total Cost": 81073.26,
      "Plan Rows": 1,
      "Plan Width": 8,
      "Actual Startup Time": 332.084,
      "Actual Total Time": 346.435,
      "Actual Rows": 1,
      "Actual Loops": 1,
      "Plans": [
        {
          "Node Type": "Gather",
          "Parent Relationship": "Outer",
          "Parallel Aware": false,
          "Startup Cost": 81072.83,
          "Total Cost": 81073.24,
          "Plan Rows": 4,
          "Plan Width": 8,
          "Actual Startup Time": 325.415,
          "Actual Total Time": 346.425,
          "Actual Rows": 5,
          "Actual Loops": 1,
          "Workers Planned": 4,
          "Workers Launched": 4,
          "Single Copy": false,
          "Plans": [
            {
              "Node Type": "Aggregate",
              "Strategy": "Plain",
              "Partial Mode": "Partial",
              "Parent Relationship": "Outer",
              "Parallel Aware": false,
              "Startup Cost": 80072.83,
              "Total Cost": 80072.84,
              "Plan Rows": 1,
              "Plan Width": 8,
              "Actual Startup Time": 315.821,
              "Actual Total Time": 315.824,
              "Actual Rows": 1,
              "Actual Loops": 5,
              "Plans": [
                {
                  "Node Type": "Hash Join",
                  "Parent Relationship": "Outer",
                  "Parallel Aware": true,
                  "Join Type": "Inner",
                  "Startup Cost": 33884.86,
                  "Total Cost": 79855.76,
                  "Plan Rows": 86830,
                  "Plan Width": 0,
                  "Actual Startup Time": 136.295,
                  "Actual Total Time": 310.627,
                  "Actual Rows": 113739,
                  "Actual Loops": 5,
                  "Inner Unique": false,
                  "Hash Cond": "(t.id = mc.movie_id)",
                  "Plans": [
                    {
                      "Node Type": "Seq Scan",
                      "Parent Relationship": "Outer",
                      "Parallel Aware": true,
                      "Relation Name": "title",
                      "Alias": "t",
                      "Startup Cost": 0.0,
                      "Total Cost": 43898.92,
                      "Plan Rows": 358377,
                      "Plan Width": 4,
                      "Actual Startup Time": 0.022,
                      "Actual Total Time": 80.987,
                      "Actual Rows": 288660,
                      "Actual Loops": 5,
                      "Filter": "(production_year < 2006)",
                      "Rows Removed by Filter": 217003
                    },
                    {
                      "Node Type": "Hash",
                      "Parent Relationship": "Inner",
                      "Parallel Aware": true,
                      "Startup Cost": 31414.82,
                      "Total Cost": 31414.82,
                      "Plan Rows": 197603,
                      "Plan Width": 4,
                      "Actual Startup Time": 131.94,
                      "Actual Total Time": 131.941,
                      "Actual Rows": 166724,
                      "Actual Loops": 5,
                      "Hash Buckets": 1048576,
                      "Original Hash Buckets": 1048576,
                      "Hash Batches": 1,
                      "Original Hash Batches": 1,
                      "Peak Memory Usage": 40896,
                      "Plans": [
                        {
                          "Node Type": "Seq Scan",
                          "Parent Relationship": "Outer",
                          "Parallel Aware": true,
                          "Relation Name": "movie_companies",
                          "Alias": "mc",
                          "Startup Cost": 0.0,
                          "Total Cost": 31414.82,
                          "Plan Rows": 197603,
                          "Plan Width": 4,
                          "Actual Startup Time": 0.048,
                          "Actual Total Time": 70.784,
                          "Actual Rows": 166724,
                          "Actual Loops": 5,
                          "Filter": "((company_id < 11146) AND (company_type_id = 1))",
                          "Rows Removed by Filter": 355102
                        }
                      ]
                    }
                  ]
                }
              ]
            }
          ]
        }
      ]
    },
    "Planning Time": 0.584,
    "Triggers": [],
    "Execution Time": 346.502
  }
]