[
  {
    "Plan": {
      "Node Type": "Aggregate",
      "Strategy": "Plain",
      "Partial Mode": "Finalize",
      "Parallel Aware": false,
      "Startup Cost": 23254.18,
      "Total Cost": 23254.19,
      "Plan Rows": 1,
      "Plan Width": 8,
      "Actual Startup Time": 36.316,
      "Actual Total Time": 39.735,
      "Actual Rows": 1,
      "Actual Loops": 1,
      "Plans": [
        {
          "Node Type": "Gather",
          "Parent Relationship": "Outer",
          "Parallel Aware": false,
          "Startup Cost": 23253.86,
          "Total Cost": 23254.17,
          "Plan Rows": 3,
          "Plan Width": 8,
          "Actual Startup Time": 36.17,
          "Actual Total Time": 39.729,
          "Actual Rows": 4,
          "Actual Loops": 1,
          "Workers Planned": 3,
          "Workers Launched": 3,
          "Single Copy": false,
          "Plans": [
            {
              "Node Type": "Aggregate",
              "Strategy": "Plain",
              "Partial Mode": "Partial",
              "Parent Relationship": "Outer",
              "Parallel Aware": false,
              "Startup Cost": 22253.86,
              "Total Cost": 22253.87,
              "Plan Rows": 1,
              "Plan Width": 8,
              "Actual Startup Time": 32.053,
              "Actual Total Time": 32.054,
              "Actual Rows": 1,
              "Actual Loops": 4,
              "Plans": [
                {
                  "Node Type": "Bitmap Heap Scan",
                  "Parent Relationship": "Outer",
                  "Parallel Aware": true,
                  "Relation Name": "movie_companies",
                  "Alias": "mc",
                  "Startup Cost": 2832.18,
                  "Total Cost": 22148.58,
                  "Plan Rows": 42112,
                  "Plan Width": 0,
                  "Actual Startup Time": 11.742,
                  "Actual Total Time": 29.618,
                  "Actual Rows": 31940,
                  "Actual Loops": 4,
                  "Recheck Cond": "(company_id > 142377)",
                  "Rows Removed by Index Recheck": 0,
                  "Exact Heap Blocks": 1758,
                  "Lossy Heap Blocks": 0,
                  "Plans": [
                    {
                      "Node Type": "Bitmap Index Scan",
                      "Parent Relationship": "Outer",
                      "Parallel Aware": false,
                      "Index Name": "company_id_movie_companies",
                      "Startup Cost": 0.0,
                      "Total Cost": 2799.54,
                      "Plan Rows": 130548,
                      "Plan Width": 0,
                      "Actual Startup Time": 14.406,
                      "Actual Total Time": 14.406,
                      "Actual Rows": 127760,
                      "Actual Loops": 1,
                      "Index Cond": "(company_id > 142377)"
                    }
                  ]
                }
              ]
            }
          ]
        }
      ]
    },
    "Planning Time": 0.109,
    "Triggers": [],
    "Execution Time": 39.78
  }
]