[
    {
        "Bao": {
            "Bao prediction": 1346.605,
            "Bao recommended hint": "(no hint)"
        }
    },
    {
        "Plan": {
            "Node Type": "Aggregate",
            "Strategy": "Plain",
            "Partial Mode": "Finalize",
            "Parallel Aware": false,
            "Startup Cost": 687122.5,
            "Total Cost": 687122.51,
            "Plan Rows": 1,
            "Plan Width": 8,
            "Actual Startup Time": 7478.877,
            "Actual Total Time": 7552.822,
            "Actual Rows": 1,
            "Actual Loops": 1,
            "Output": [
                "count(*)"
            ],
            "Plans": [
                {
                    "Node Type": "Gather",
                    "Parent Relationship": "Outer",
                    "Parallel Aware": false,
                    "Startup Cost": 687121.98,
                    "Total Cost": 687122.49,
                    "Plan Rows": 5,
                    "Plan Width": 8,
                    "Actual Startup Time": 7427.037,
                    "Actual Total Time": 7552.808,
                    "Actual Rows": 6,
                    "Actual Loops": 1,
                    "Output": [
                        "(PARTIAL count(*))"
                    ],
                    "Workers Planned": 5,
                    "Workers Launched": 5,
                    "Single Copy": false,
                    "Plans": [
                        {
                            "Node Type": "Aggregate",
                            "Strategy": "Plain",
                            "Partial Mode": "Partial",
                            "Parent Relationship": "Outer",
                            "Parallel Aware": false,
                            "Startup Cost": 686121.98,
                            "Total Cost": 686121.99,
                            "Plan Rows": 1,
                            "Plan Width": 8,
                            "Actual Startup Time": 7376.584,
                            "Actual Total Time": 7378.288,
                            "Actual Rows": 1,
                            "Actual Loops": 6,
                            "Output": [
                                "PARTIAL count(*)"
                            ],
                            "Workers": [
                                {
                                    "Worker Number": 0,
                                    "Actual Startup Time": 7373.795,
                                    "Actual Total Time": 7373.799,
                                    "Actual Rows": 1,
                                    "Actual Loops": 1
                                },
                                {
                                    "Worker Number": 1,
                                    "Actual Startup Time": 7364.641,
                                    "Actual Total Time": 7364.646,
                                    "Actual Rows": 1,
                                    "Actual Loops": 1
                                },
                                {
                                    "Worker Number": 2,
                                    "Actual Startup Time": 7364.901,
                                    "Actual Total Time": 7364.905,
                                    "Actual Rows": 1,
                                    "Actual Loops": 1
                                },
                                {
                                    "Worker Number": 3,
                                    "Actual Startup Time": 7364.497,
                                    "Actual Total Time": 7364.5,
                                    "Actual Rows": 1,
                                    "Actual Loops": 1
                                },
                                {
                                    "Worker Number": 4,
                                    "Actual Startup Time": 7365.792,
                                    "Actual Total Time": 7365.797,
                                    "Actual Rows": 1,
                                    "Actual Loops": 1
                                }
                            ],
                            "Plans": [
                                {
                                    "Node Type": "Hash Join",
                                    "Parent Relationship": "Outer",
                                    "Parallel Aware": true,
                                    "Join Type": "Inner",
                                    "Startup Cost": 423008.93,
                                    "Total Cost": 652009.12,
                                    "Plan Rows": 13645142,
                                    "Plan Width": 0,
                                    "Actual Startup Time": 3395.51,
                                    "Actual Total Time": 6625.192,
                                    "Actual Rows": 16105201,
                                    "Actual Loops": 6,
                                    "Inner Unique": false,
                                    "Hash Cond": "(mi.movie_id = t.id)",
                                    "Workers": [
                                        {
                                            "Worker Number": 0,
                                            "Actual Startup Time": 3386.439,
                                            "Actual Total Time": 6605.315,
                                            "Actual Rows": 16500174,
                                            "Actual Loops": 1
                                        },
                                        {
                                            "Worker Number": 1,
                                            "Actual Startup Time": 3384.87,
                                            "Actual Total Time": 6563.75,
                                            "Actual Rows": 12798201,
                                            "Actual Loops": 1
                                        },
                                        {
                                            "Worker Number": 2,
                                            "Actual Startup Time": 3385.065,
                                            "Actual Total Time": 6624.6,
                                            "Actual Rows": 17568932,
                                            "Actual Loops": 1
                                        },
                                        {
                                            "Worker Number": 3,
                                            "Actual Startup Time": 3384.569,
                                            "Actual Total Time": 6601.936,
                                            "Actual Rows": 16006193,
                                            "Actual Loops": 1
                                        },
                                        {
                                            "Worker Number": 4,
                                            "Actual Startup Time": 3385.94,
                                            "Actual Total Time": 6650.82,
                                            "Actual Rows": 15514675,
                                            "Actual Loops": 1
                                        }
                                    ],
                                    "Plans": [
                                        {
                                            "Node Type": "Seq Scan",
                                            "Parent Relationship": "Outer",
                                            "Parallel Aware": true,
                                            "Relation Name": "movie_info",
                                            "Schema": "public",
                                            "Alias": "mi",
                                            "Startup Cost": 0.0,
                                            "Total Cost": 191503.19,
                                            "Plan Rows": 2951019,
                                            "Plan Width": 4,
                                            "Actual Startup Time": 0.061,
                                            "Actual Total Time": 291.806,
                                            "Actual Rows": 2472620,
                                            "Actual Loops": 6,
                                            "Output": [
                                                "mi.id",
                                                "mi.movie_id",
                                                "mi.info_type_id",
                                                "mi.info",
                                                "mi.note"
                                            ],
                                            "Workers": [
                                                {
                                                    "Worker Number": 0,
                                                    "Actual Startup Time": 0.102,
                                                    "Actual Total Time": 299.558,
                                                    "Actual Rows": 2484519,
                                                    "Actual Loops": 1
                                                },
                                                {
                                                    "Worker Number": 1,
                                                    "Actual Startup Time": 0.067,
                                                    "Actual Total Time": 314.39,
                                                    "Actual Rows": 2044682,
                                                    "Actual Loops": 1
                                                },
                                                {
                                                    "Worker Number": 2,
                                                    "Actual Startup Time": 0.044,
                                                    "Actual Total Time": 291.632,
                                                    "Actual Rows": 2712420,
                                                    "Actual Loops": 1
                                                },
                                                {
                                                    "Worker Number": 3,
                                                    "Actual Startup Time": 0.084,
                                                    "Actual Total Time": 303.443,
                                                    "Actual Rows": 2442427,
                                                    "Actual Loops": 1
                                                },
                                                {
                                                    "Worker Number": 4,
                                                    "Actual Startup Time": 0.055,
                                                    "Actual Total Time": 314.651,
                                                    "Actual Rows": 2305695,
                                                    "Actual Loops": 1
                                                }
                                            ]
                                        },
                                        {
                                            "Node Type": "Hash",
                                            "Parent Relationship": "Inner",
                                            "Parallel Aware": true,
                                            "Startup Cost": 398653.41,
                                            "Total Cost": 398653.41,
                                            "Plan Rows": 1948441,
                                            "Plan Width": 8,
                                            "Actual Startup Time": 3369.444,
                                            "Actual Total Time": 3371.146,
                                            "Actual Rows": 1521050,
                                            "Actual Loops": 6,
                                            "Output": [
                                                "t.id",
                                                "ci.movie_id"
                                            ],
                                            "Hash Buckets": 16777216,
                                            "Original Hash Buckets": 16777216,
                                            "Hash Batches": 1,
                                            "Original Hash Batches": 1,
                                            "Peak Memory Usage": 488192,
                                            "Workers": [
                                                {
                                                    "Worker Number": 0,
                                                    "Actual Startup Time": 3385.806,
                                                    "Actual Total Time": 3385.809,
                                                    "Actual Rows": 1499446,
                                                    "Actual Loops": 1
                                                },
                                                {
                                                    "Worker Number": 1,
                                                    "Actual Startup Time": 3383.745,
                                                    "Actual Total Time": 3383.749,
                                                    "Actual Rows": 1556856,
                                                    "Actual Loops": 1
                                                },
                                                {
                                                    "Worker Number": 2,
                                                    "Actual Startup Time": 3383.984,
                                                    "Actual Total Time": 3383.987,
                                                    "Actual Rows": 1526368,
                                                    "Actual Loops": 1
                                                },
                                                {
                                                    "Worker Number": 3,
                                                    "Actual Startup Time": 3383.563,
                                                    "Actual Total Time": 3383.565,
                                                    "Actual Rows": 1521076,
                                                    "Actual Loops": 1
                                                },
                                                {
                                                    "Worker Number": 4,
                                                    "Actual Startup Time": 3385.354,
                                                    "Actual Total Time": 3385.357,
                                                    "Actual Rows": 1449806,
                                                    "Actual Loops": 1
                                                }
                                            ],
                                            "Plans": [
                                                {
                                                    "Node Type": "Hash Join",
                                                    "Parent Relationship": "Outer",
                                                    "Parallel Aware": true,
                                                    "Join Type": "Inner",
                                                    "Startup Cost": 50219.81,
                                                    "Total Cost": 398653.41,
                                                    "Plan Rows": 1948441,
                                                    "Plan Width": 8,
                                                    "Actual Startup Time": 618.691,
                                                    "Actual Total Time": 2407.193,
                                                    "Actual Rows": 1521050,
                                                    "Actual Loops": 6,
                                                    "Output": [
                                                        "t.id",
                                                        "ci.movie_id"
                                                    ],
                                                    "Inner Unique": true,
                                                    "Hash Cond": "(ci.movie_id = t.id)",
                                                    "Workers": [
                                                        {
                                                            "Worker Number": 0,
                                                            "Actual Startup Time": 618.707,
                                                            "Actual Total Time": 2407.053,
                                                            "Actual Rows": 1499446,
                                                            "Actual Loops": 1
                                                        },
                                                        {
                                                            "Worker Number": 1,
                                                            "Actual Startup Time": 618.603,
                                                            "Actual Total Time": 2403.148,
                                                            "Actual Rows": 1556856,
                                                            "Actual Loops": 1
                                                        },
                                                        {
                                                            "Worker Number": 2,
                                                            "Actual Startup Time": 618.592,
                                                            "Actual Total Time": 2407.522,
                                                            "Actual Rows": 1526368,
                                                            "Actual Loops": 1
                                                        },
                                                        {
                                                            "Worker Number": 3,
                                                            "Actual Startup Time": 618.675,
                                                            "Actual Total Time": 2404.717,
                                                            "Actual Rows": 1521076,
                                                            "Actual Loops": 1
                                                        },
                                                        {
                                                            "Worker Number": 4,
                                                            "Actual Startup Time": 618.662,
                                                            "Actual Total Time": 2414.951,
                                                            "Actual Rows": 1449806,
                                                            "Actual Loops": 1
                                                        }
                                                    ],
                                                    "Plans": [
                                                        {
                                                            "Node Type": "Seq Scan",
                                                            "Parent Relationship": "Outer",
                                                            "Parallel Aware": true,
                                                            "Relation Name": "cast_info",
                                                            "Schema": "public",
                                                            "Alias": "ci",
                                                            "Startup Cost": 0.0,
                                                            "Total Cost": 343318.94,
                                                            "Plan Rows": 1948441,
                                                            "Plan Width": 4,
                                                            "Actual Startup Time": 256.965,
                                                            "Actual Total Time": 1021.14,
                                                            "Actual Rows": 1521050,
                                                            "Actual Loops": 6,
                                                            "Output": [
                                                                "ci.id",
                                                                "ci.person_id",
                                                                "ci.movie_id",
                                                                "ci.person_role_id",
                                                                "ci.note",
                                                                "ci.nr_order",
                                                                "ci.role_id"
                                                            ],
                                                            "Filter": "((ci.person_id > 1504221) AND (ci.role_id < 3))",
                                                            "Rows Removed by Filter": 4519674,
                                                            "Workers": [
                                                                {
                                                                    "Worker Number": 0,
                                                                    "Actual Startup Time": 256.936,
                                                                    "Actual Total Time": 1028.928,
                                                                    "Actual Rows": 1499446,
                                                                    "Actual Loops": 1
                                                                },
                                                                {
                                                                    "Worker Number": 1,
                                                                    "Actual Startup Time": 256.952,
                                                                    "Actual Total Time": 1020.36,
                                                                    "Actual Rows": 1556856,
                                                                    "Actual Loops": 1
                                                                },
                                                                {
                                                                    "Worker Number": 2,
                                                                    "Actual Startup Time": 257.028,
                                                                    "Actual Total Time": 1027.725,
                                                                    "Actual Rows": 1526368,
                                                                    "Actual Loops": 1
                                                                },
                                                                {
                                                                    "Worker Number": 3,
                                                                    "Actual Startup Time": 256.967,
                                                                    "Actual Total Time": 1028.905,
                                                                    "Actual Rows": 1521076,
                                                                    "Actual Loops": 1
                                                                },
                                                                {
                                                                    "Worker Number": 4,
                                                                    "Actual Startup Time": 256.967,
                                                                    "Actual Total Time": 1020.724,
                                                                    "Actual Rows": 1449806,
                                                                    "Actual Loops": 1
                                                                }
                                                            ]
                                                        },
                                                        {
                                                            "Node Type": "Hash",
                                                            "Parent Relationship": "Inner",
                                                            "Parallel Aware": true,
                                                            "Startup Cost": 42318.81,
                                                            "Total Cost": 42318.81,
                                                            "Plan Rows": 632080,
                                                            "Plan Width": 4,
                                                            "Actual Startup Time": 355.802,
                                                            "Actual Total Time": 355.803,
                                                            "Actual Rows": 421385,
                                                            "Actual Loops": 6,
                                                            "Output": [
                                                                "t.id"
                                                            ],
                                                            "Hash Buckets": 4194304,
                                                            "Original Hash Buckets": 4194304,
                                                            "Hash Batches": 1,
                                                            "Original Hash Batches": 1,
                                                            "Peak Memory Usage": 131776,
                                                            "Workers": [
                                                                {
                                                                    "Worker Number": 0,
                                                                    "Actual Startup Time": 361.558,
                                                                    "Actual Total Time": 361.559,
                                                                    "Actual Rows": 407547,
                                                                    "Actual Loops": 1
                                                                },
                                                                {
                                                                    "Worker Number": 1,
                                                                    "Actual Startup Time": 361.464,
                                                                    "Actual Total Time": 361.466,
                                                                    "Actual Rows": 402692,
                                                                    "Actual Loops": 1
                                                                },
                                                                {
                                                                    "Worker Number": 2,
                                                                    "Actual Startup Time": 361.466,
                                                                    "Actual Total Time": 361.468,
                                                                    "Actual Rows": 409533,
                                                                    "Actual Loops": 1
                                                                },
                                                                {
                                                                    "Worker Number": 3,
                                                                    "Actual Startup Time": 361.525,
                                                                    "Actual Total Time": 361.526,
                                                                    "Actual Rows": 406222,
                                                                    "Actual Loops": 1
                                                                },
                                                                {
                                                                    "Worker Number": 4,
                                                                    "Actual Startup Time": 361.507,
                                                                    "Actual Total Time": 361.509,
                                                                    "Actual Rows": 407700,
                                                                    "Actual Loops": 1
                                                                }
                                                            ],
                                                            "Plans": [
                                                                {
                                                                    "Node Type": "Seq Scan",
                                                                    "Parent Relationship": "Outer",
                                                                    "Parallel Aware": true,
                                                                    "Relation Name": "title",
                                                                    "Schema": "public",
                                                                    "Alias": "t",
                                                                    "Startup Cost": 0.0,
                                                                    "Total Cost": 42318.81,
                                                                    "Plan Rows": 632080,
                                                                    "Plan Width": 4,
                                                                    "Actual Startup Time": 0.069,
                                                                    "Actual Total Time": 100.047,
                                                                    "Actual Rows": 421385,
                                                                    "Actual Loops": 6,
                                                                    "Output": [
                                                                        "t.id"
                                                                    ],
                                                                    "Workers": [
                                                                        {
                                                                            "Worker Number": 0,
                                                                            "Actual Startup Time": 0.05,
                                                                            "Actual Total Time": 103.282,
                                                                            "Actual Rows": 407547,
                                                                            "Actual Loops": 1
                                                                        },
                                                                        {
                                                                            "Worker Number": 1,
                                                                            "Actual Startup Time": 0.087,
                                                                            "Actual Total Time": 103.555,
                                                                            "Actual Rows": 402692,
                                                                            "Actual Loops": 1
                                                                        },
                                                                        {
                                                                            "Worker Number": 2,
                                                                            "Actual Startup Time": 0.076,
                                                                            "Actual Total Time": 102.956,
                                                                            "Actual Rows": 409533,
                                                                            "Actual Loops": 1
                                                                        },
                                                                        {
                                                                            "Worker Number": 3,
                                                                            "Actual Startup Time": 0.094,
                                                                            "Actual Total Time": 103.11,
                                                                            "Actual Rows": 406222,
                                                                            "Actual Loops": 1
                                                                        },
                                                                        {
                                                                            "Worker Number": 4,
                                                                            "Actual Startup Time": 0.063,
                                                                            "Actual Total Time": 101.646,
                                                                            "Actual Rows": 407700,
                                                                            "Actual Loops": 1
                                                                        }
                                                                    ]
                                                                }
                                                            ]
                                                        }
                                                    ]
                                                }
                                            ]
                                        }
                                    ]
                                }
                            ]
                        }
                    ]
                }
            ]
        },
        "Planning Time": 3947.794,
        "Triggers": [],
        "Execution Time": 7553.014
    }
]