[
  {
    "Plan": {
      "Node Type": "Aggregate",
      "Strategy": "Plain",
      "Partial Mode": "Finalize",
      "Parallel Aware": false,
      "Startup Cost": 134956.52,
      "Total Cost": 134956.53,
      "Plan Rows": 1,
      "Plan Width": 8,
      "Actual Startup Time": 1716.911,
      "Actual Total Time": 1800.123,
      "Actual Rows": 1,
      "Actual Loops": 1,
      "Plans": [
        {
          "Node Type": "Gather",
          "Parent Relationship": "Outer",
          "Parallel Aware": false,
          "Startup Cost": 134956.2,
          "Total Cost": 134956.51,
          "Plan Rows": 3,
          "Plan Width": 8,
          "Actual Startup Time": 1705.423,
          "Actual Total Time": 1800.114,
          "Actual Rows": 4,
          "Actual Loops": 1,
          "Workers Planned": 3,
          "Workers Launched": 3,
          "Single Copy": false,
          "Plans": [
            {
              "Node Type": "Aggregate",
              "Strategy": "Plain",
              "Partial Mode": "Partial",
              "Parent Relationship": "Outer",
              "Parallel Aware": false,
              "Startup Cost": 133956.2,
              "Total Cost": 133956.21,
              "Plan Rows": 1,
              "Plan Width": 8,
              "Actual Startup Time": 1687.572,
              "Actual Total Time": 1687.576,
              "Actual Rows": 1,
              "Actual Loops": 4,
              "Plans": [
                {
                  "Node Type": "Nested Loop",
                  "Parent Relationship": "Outer",
                  "Parallel Aware": false,
                  "Join Type": "Inner",
                  "Startup Cost": 51914.57,
                  "Total Cost": 133034.84,
                  "Plan Rows": 368543,
                  "Plan Width": 0,
                  "Actual Startup Time": 401.239,
                  "Actual Total Time": 1616.153,
                  "Actual Rows": 1151590,
                  "Actual Loops": 4,
                  "Inner Unique": false,
                  "Plans": [
                    {
                      "Node Type": "Hash Join",
                      "Parent Relationship": "Outer",
                      "Parallel Aware": true,
                      "Join Type": "Inner",
                      "Startup Cost": 51914.0,
                      "Total Cost": 76757.02,
                      "Plan Rows": 25720,
                      "Plan Width": 8,
                      "Actual Startup Time": 401.115,
                      "Actual Total Time": 440.815,
                      "Actual Rows": 19675,
                      "Actual Loops": 4,
                      "Inner Unique": true,
                      "Hash Cond": "(mk.movie_id = t.id)",
                      "Plans": [
                        {
                          "Node Type": "Bitmap Heap Scan",
                          "Parent Relationship": "Outer",
                          "Parallel Aware": true,
                          "Relation Name": "movie_keyword",
                          "Alias": "mk",
                          "Startup Cost": 1694.36,
                          "Total Cost": 26469.86,
                          "Plan Rows": 25720,
                          "Plan Width": 4,
                          "Actual Startup Time": 12.008,
                          "Actual Total Time": 36.1,
                          "Actual Rows": 19675,
                          "Actual Loops": 4,
                          "Recheck Cond": "(keyword_id > 88222)",
                          "Rows Removed by Index Recheck": 0,
                          "Exact Heap Blocks": 6058,
                          "Lossy Heap Blocks": 0,
                          "Plans": [
                            {
                              "Node Type": "Bitmap Index Scan",
                              "Parent Relationship": "Outer",
                              "Parallel Aware": false,
                              "Index Name": "keyword_id_movie_keyword",
                              "Startup Cost": 0.0,
                              "Total Cost": 1674.42,
                              "Plan Rows": 79732,
                              "Plan Width": 0,
                              "Actual Startup Time": 8.344,
                              "Actual Total Time": 8.344,
                              "Actual Rows": 78700,
                              "Actual Loops": 1,
                              "Index Cond": "(keyword_id > 88222)"
                            }
                          ]
                        },
                        {
                          "Node Type": "Hash",
                          "Parent Relationship": "Inner",
                          "Parallel Aware": true,
                          "Startup Cost": 42318.73,
                          "Total Cost": 42318.73,
                          "Plan Rows": 632073,
                          "Plan Width": 4,
                          "Actual Startup Time": 378.085,
                          "Actual Total Time": 378.086,
                          "Actual Rows": 632078,
                          "Actual Loops": 4,
                          "Hash Buckets": 4194304,
                          "Original Hash Buckets": 4194304,
                          "Hash Batches": 1,
                          "Original Hash Batches": 1,
                          "Peak Memory Usage": 131712,
                          "Plans": [
                            {
                              "Node Type": "Seq Scan",
                              "Parent Relationship": "Outer",
                              "Parallel Aware": true,
                              "Relation Name": "title",
                              "Alias": "t",
                              "Startup Cost": 0.0,
                              "Total Cost": 42318.73,
                              "Plan Rows": 632073,
                              "Plan Width": 4,
                              "Actual Startup Time": 0.034,
                              "Actual Total Time": 117.161,
                              "Actual Rows": 632078,
                              "Actual Loops": 4
                            }
                          ]
                        }
                      ]
                    },
                    {
                      "Node Type": "Index Only Scan",
                      "Parent Relationship": "Inner",
                      "Parallel Aware": false,
                      "Scan Direction": "Forward",
                      "Index Name": "movie_id_cast_info",
                      "Relation Name": "cast_info",
                      "Alias": "ci",
                      "Startup Cost": 0.56,
                      "Total Cost": 1.82,
                      "Plan Rows": 37,
                      "Plan Width": 4,
                      "Actual Startup Time": 0.007,
                      "Actual Total Time": 0.054,
                      "Actual Rows": 59,
                      "Actual Loops": 78700,
                      "Index Cond": "(movie_id = t.id)",
                      "Rows Removed by Index Recheck": 0,
                      "Heap Fetches": 4606362
                    }
                  ]
                }
              ]
            }
          ]
        }
      ]
    },
    "Planning Time": 1.276,
    "Triggers": [],
    "Execution Time": 1800.249
  }
]