[
  {
    "Plan": {
      "Node Type": "Aggregate",
      "Strategy": "Plain",
      "Partial Mode": "Finalize",
      "Parallel Aware": false,
      "Startup Cost": 45673.18,
      "Total Cost": 45673.19,
      "Plan Rows": 1,
      "Plan Width": 8,
      "Actual Startup Time": 156.614,
      "Actual Total Time": 165.816,
      "Actual Rows": 1,
      "Actual Loops": 1,
      "Plans": [
        {
          "Node Type": "Gather",
          "Parent Relationship": "Outer",
          "Parallel Aware": false,
          "Startup Cost": 45672.87,
          "Total Cost": 45673.18,
          "Plan Rows": 3,
          "Plan Width": 8,
          "Actual Startup Time": 156.509,
          "Actual Total Time": 165.806,
          "Actual Rows": 4,
          "Actual Loops": 1,
          "Workers Planned": 3,
          "Workers Launched": 3,
          "Single Copy": false,
          "Plans": [
            {
              "Node Type": "Aggregate",
              "Strategy": "Plain",
              "Partial Mode": "Partial",
              "Parent Relationship": "Outer",
              "Parallel Aware": false,
              "Startup Cost": 44672.87,
              "Total Cost": 44672.88,
              "Plan Rows": 1,
              "Plan Width": 8,
              "Actual Startup Time": 152.672,
              "Actual Total Time": 152.673,
              "Actual Rows": 1,
              "Actual Loops": 4,
              "Plans": [
                {
                  "Node Type": "Seq Scan",
                  "Parent Relationship": "Outer",
                  "Parallel Aware": true,
                  "Relation Name": "movie_keyword",
                  "Alias": "mk",
                  "Startup Cost": 0.0,
                  "Total Cost": 42695.65,
                  "Plan Rows": 790885,
                  "Plan Width": 0,
                  "Actual Startup Time": 0.026,
                  "Actual Total Time": 121.025,
                  "Actual Rows": 617383,
                  "Actual Loops": 4,
                  "Filter": "(keyword_id < 5952)",
                  "Rows Removed by Filter": 513600
                }
              ]
            }
          ]
        }
      ]
    },
    "Planning Time": 0.103,
    "Triggers": [],
    "Execution Time": 165.855
  }
]