[
  {
    "Plan": {
      "Node Type": "Aggregate",
      "Strategy": "Plain",
      "Partial Mode": "Finalize",
      "Parallel Aware": false,
      "Startup Cost": 455965.63,
      "Total Cost": 455965.64,
      "Plan Rows": 1,
      "Plan Width": 8,
      "Actual Startup Time": 2285.927,
      "Actual Total Time": 2344.992,
      "Actual Rows": 1,
      "Actual Loops": 1,
      "Plans": [
        {
          "Node Type": "Gather",
          "Parent Relationship": "Outer",
          "Parallel Aware": false,
          "Startup Cost": 455965.0,
          "Total Cost": 455965.61,
          "Plan Rows": 6,
          "Plan Width": 8,
          "Actual Startup Time": 2273.247,
          "Actual Total Time": 2344.975,
          "Actual Rows": 7,
          "Actual Loops": 1,
          "Workers Planned": 6,
          "Workers Launched": 6,
          "Single Copy": false,
          "Plans": [
            {
              "Node Type": "Aggregate",
              "Strategy": "Plain",
              "Partial Mode": "Partial",
              "Parent Relationship": "Outer",
              "Parallel Aware": false,
              "Startup Cost": 454965.0,
              "Total Cost": 454965.01,
              "Plan Rows": 1,
              "Plan Width": 8,
              "Actual Startup Time": 2262.148,
              "Actual Total Time": 2262.296,
              "Actual Rows": 1,
              "Actual Loops": 7,
              "Plans": [
                {
                  "Node Type": "Hash Join",
                  "Parent Relationship": "Outer",
                  "Parallel Aware": true,
                  "Join Type": "Inner",
                  "Startup Cost": 99630.69,
                  "Total Cost": 446420.14,
                  "Plan Rows": 3417946,
                  "Plan Width": 0,
                  "Actual Startup Time": 411.327,
                  "Actual Total Time": 2121.872,
                  "Actual Rows": 2891599,
                  "Actual Loops": 7,
                  "Inner Unique": false,
                  "Hash Cond": "(ci.movie_id = t.id)",
                  "Plans": [
                    {
                      "Node Type": "Seq Scan",
                      "Parent Relationship": "Outer",
                      "Parallel Aware": true,
                      "Relation Name": "cast_info",
                      "Alias": "ci",
                      "Startup Cost": 0.0,
                      "Total Cost": 313106.51,
                      "Plan Rows": 6041951,
                      "Plan Width": 4,
                      "Actual Startup Time": 0.036,
                      "Actual Total Time": 574.114,
                      "Actual Rows": 5177763,
                      "Actual Loops": 7
                    },
                    {
                      "Node Type": "Hash",
                      "Parent Relationship": "Inner",
                      "Parallel Aware": true,
                      "Startup Cost": 93863.21,
                      "Total Cost": 93863.21,
                      "Plan Rows": 461398,
                      "Plan Width": 8,
                      "Actual Startup Time": 407.536,
                      "Actual Total Time": 407.682,
                      "Actual Rows": 97019,
                      "Actual Loops": 7,
                      "Hash Buckets": 2097152,
                      "Original Hash Buckets": 2097152,
                      "Hash Batches": 1,
                      "Original Hash Batches": 1,
                      "Peak Memory Usage": 43104,
                      "Plans": [
                        {
                          "Node Type": "Hash Join",
                          "Parent Relationship": "Outer",
                          "Parallel Aware": true,
                          "Join Type": "Inner",
                          "Startup Cost": 49440.52,
                          "Total Cost": 93863.21,
                          "Plan Rows": 461398,
                          "Plan Width": 8,
                          "Actual Startup Time": 223.353,
                          "Actual Total Time": 352.199,
                          "Actual Rows": 97019,
                          "Actual Loops": 7,
                          "Inner Unique": true,
                          "Hash Cond": "(mk.movie_id = t.id)",
                          "Plans": [
                            {
                              "Node Type": "Seq Scan",
                              "Parent Relationship": "Outer",
                              "Parallel Aware": true,
                              "Relation Name": "movie_keyword",
                              "Alias": "mk",
                              "Startup Cost": 0.0,
                              "Total Cost": 42695.65,
                              "Plan Rows": 657919,
                              "Plan Width": 4,
                              "Actual Startup Time": 0.293,
                              "Actual Total Time": 76.347,
                              "Actual Rows": 288950,
                              "Actual Loops": 7,
                              "Filter": "(keyword_id > 6114)",
                              "Rows Removed by Filter": 357326
                            },
                            {
                              "Node Type": "Hash",
                              "Parent Relationship": "Inner",
                              "Parallel Aware": true,
                              "Startup Cost": 43899.32,
                              "Total Cost": 43899.32,
                              "Plan Rows": 443296,
                              "Plan Width": 4,
                              "Actual Startup Time": 220.857,
                              "Actual Total Time": 220.858,
                              "Actual Rows": 253519,
                              "Actual Loops": 7,
                              "Hash Buckets": 2097152,
                              "Original Hash Buckets": 2097152,
                              "Hash Batches": 1,
                              "Original Hash Batches": 1,
                              "Peak Memory Usage": 85920,
                              "Plans": [
                                {
                                  "Node Type": "Seq Scan",
                                  "Parent Relationship": "Outer",
                                  "Parallel Aware": true,
                                  "Relation Name": "title",
                                  "Alias": "t",
                                  "Startup Cost": 0.0,
                                  "Total Cost": 43899.32,
                                  "Plan Rows": 443296,
                                  "Plan Width": 4,
                                  "Actual Startup Time": 0.06,
                                  "Actual Total Time": 89.967,
                                  "Actual Rows": 253519,
                                  "Actual Loops": 7,
                                  "Filter": "(kind_id > 2)",
                                  "Rows Removed by Filter": 107668
                                }
                              ]
                            }
                          ]
                        }
                      ]
                    }
                  ]
                }
              ]
            }
          ]
        }
      ]
    },
    "Planning Time": 0.581,
    "Triggers": [],
    "Execution Time": 2345.074
  }
]