[
  {
    "Plan": {
      "Node Type": "Aggregate",
      "Strategy": "Plain",
      "Partial Mode": "Finalize",
      "Parallel Aware": false,
      "Startup Cost": 401490.36,
      "Total Cost": 401490.37,
      "Plan Rows": 1,
      "Plan Width": 8,
      "Actual Startup Time": 1572.821,
      "Actual Total Time": 1635.073,
      "Actual Rows": 1,
      "Actual Loops": 1,
      "Plans": [
        {
          "Node Type": "Gather",
          "Parent Relationship": "Outer",
          "Parallel Aware": false,
          "Startup Cost": 401489.73,
          "Total Cost": 401490.34,
          "Plan Rows": 6,
          "Plan Width": 8,
          "Actual Startup Time": 1548.985,
          "Actual Total Time": 1635.059,
          "Actual Rows": 7,
          "Actual Loops": 1,
          "Workers Planned": 6,
          "Workers Launched": 6,
          "Single Copy": false,
          "Plans": [
            {
              "Node Type": "Aggregate",
              "Strategy": "Plain",
              "Partial Mode": "Partial",
              "Parent Relationship": "Outer",
              "Parallel Aware": false,
              "Startup Cost": 400489.73,
              "Total Cost": 400489.74,
              "Plan Rows": 1,
              "Plan Width": 8,
              "Actual Startup Time": 1527.119,
              "Actual Total Time": 1527.124,
              "Actual Rows": 1,
              "Actual Loops": 7,
              "Plans": [
                {
                  "Node Type": "Hash Join",
                  "Parent Relationship": "Outer",
                  "Parallel Aware": true,
                  "Join Type": "Inner",
                  "Startup Cost": 50855.99,
                  "Total Cost": 397581.25,
                  "Plan Rows": 1163392,
                  "Plan Width": 0,
                  "Actual Startup Time": 541.532,
                  "Actual Total Time": 1467.953,
                  "Actual Rows": 1489027,
                  "Actual Loops": 7,
                  "Inner Unique": true,
                  "Hash Cond": "(ci.movie_id = t.id)",
                  "Plans": [
                    {
                      "Node Type": "Seq Scan",
                      "Parent Relationship": "Outer",
                      "Parallel Aware": true,
                      "Relation Name": "cast_info",
                      "Alias": "ci",
                      "Startup Cost": 0.0,
                      "Total Cost": 343257.03,
                      "Plan Rows": 1321227,
                      "Plan Width": 4,
                      "Actual Startup Time": 307.249,
                      "Actual Total Time": 600.032,
                      "Actual Rows": 1581646,
                      "Actual Loops": 7,
                      "Filter": "((person_id > 1868126) AND (role_id > 2))",
                      "Rows Removed by Filter": 3596117
                    },
                    {
                      "Node Type": "Hash",
                      "Parent Relationship": "Inner",
                      "Parallel Aware": true,
                      "Startup Cost": 43898.92,
                      "Total Cost": 43898.92,
                      "Plan Rows": 556566,
                      "Plan Width": 4,
                      "Actual Startup Time": 227.226,
                      "Actual Total Time": 227.228,
                      "Actual Rows": 316403,
                      "Actual Loops": 7,
                      "Hash Buckets": 4194304,
                      "Original Hash Buckets": 4194304,
                      "Hash Batches": 1,
                      "Original Hash Batches": 1,
                      "Peak Memory Usage": 119552,
                      "Plans": [
                        {
                          "Node Type": "Seq Scan",
                          "Parent Relationship": "Outer",
                          "Parallel Aware": true,
                          "Relation Name": "title",
                          "Alias": "t",
                          "Startup Cost": 0.0,
                          "Total Cost": 43898.92,
                          "Plan Rows": 556566,
                          "Plan Width": 4,
                          "Actual Startup Time": 0.042,
                          "Actual Total Time": 77.729,
                          "Actual Rows": 316403,
                          "Actual Loops": 7,
                          "Filter": "(production_year > 1959)",
                          "Rows Removed by Filter": 44785
                        }
                      ]
                    }
                  ]
                }
              ]
            }
          ]
        }
      ]
    },
    "Planning Time": 0.617,
    "Triggers": [],
    "Execution Time": 1635.16
  }
]