[
  {
    "Plan": {
      "Node Type": "Aggregate",
      "Strategy": "Plain",
      "Partial Mode": "Finalize",
      "Parallel Aware": false,
      "Startup Cost": 338925.17,
      "Total Cost": 338925.18,
      "Plan Rows": 1,
      "Plan Width": 8,
      "Actual Startup Time": 918.885,
      "Actual Total Time": 973.908,
      "Actual Rows": 1,
      "Actual Loops": 1,
      "Plans": [
        {
          "Node Type": "Gather",
          "Parent Relationship": "Outer",
          "Parallel Aware": false,
          "Startup Cost": 338924.55,
          "Total Cost": 338925.16,
          "Plan Rows": 6,
          "Plan Width": 8,
          "Actual Startup Time": 918.717,
          "Actual Total Time": 973.882,
          "Actual Rows": 7,
          "Actual Loops": 1,
          "Workers Planned": 6,
          "Workers Launched": 6,
          "Single Copy": false,
          "Plans": [
            {
              "Node Type": "Aggregate",
              "Strategy": "Plain",
              "Partial Mode": "Partial",
              "Parent Relationship": "Outer",
              "Parallel Aware": false,
              "Startup Cost": 337924.55,
              "Total Cost": 337924.56,
              "Plan Rows": 1,
              "Plan Width": 8,
              "Actual Startup Time": 912.132,
              "Actual Total Time": 912.133,
              "Actual Rows": 1,
              "Actual Loops": 7,
              "Plans": [
                {
                  "Node Type": "Seq Scan",
                  "Parent Relationship": "Outer",
                  "Parallel Aware": true,
                  "Relation Name": "cast_info",
                  "Alias": "ci",
                  "Startup Cost": 0.0,
                  "Total Cost": 328211.39,
                  "Plan Rows": 3885262,
                  "Plan Width": 0,
                  "Actual Startup Time": 0.047,
                  "Actual Total Time": 709.534,
                  "Actual Rows": 3351829,
                  "Actual Loops": 7,
                  "Filter": "(person_id < 2401601)",
                  "Rows Removed by Filter": 1825934
                }
              ]
            }
          ]
        }
      ]
    },
    "Planning Time": 0.109,
    "Triggers": [],
    "Execution Time": 973.956
  }
]