[
    {
        "Bao": {
            "Bao prediction": "NaN",
            "Bao recommended hint": "(no hint)"
        }
    },
    {
        "Plan": {
            "Node Type": "Aggregate",
            "Strategy": "Plain",
            "Partial Mode": "Finalize",
            "Parallel Aware": false,
            "Startup Cost": 40789.8,
            "Total Cost": 40789.81,
            "Plan Rows": 1,
            "Plan Width": 8,
            "Actual Startup Time": 126.358,
            "Actual Total Time": 134.749,
            "Actual Rows": 1,
            "Actual Loops": 1,
            "Output": [
                "count(*)"
            ],
            "Plans": [
                {
                    "Node Type": "Gather",
                    "Parent Relationship": "Outer",
                    "Parallel Aware": false,
                    "Startup Cost": 40789.48,
                    "Total Cost": 40789.79,
                    "Plan Rows": 3,
                    "Plan Width": 8,
                    "Actual Startup Time": 126.005,
                    "Actual Total Time": 134.74,
                    "Actual Rows": 4,
                    "Actual Loops": 1,
                    "Output": [
                        "(PARTIAL count(*))"
                    ],
                    "Workers Planned": 3,
                    "Workers Launched": 3,
                    "Single Copy": false,
                    "Plans": [
                        {
                            "Node Type": "Aggregate",
                            "Strategy": "Plain",
                            "Partial Mode": "Partial",
                            "Parent Relationship": "Outer",
                            "Parallel Aware": false,
                            "Startup Cost": 39789.48,
                            "Total Cost": 39789.49,
                            "Plan Rows": 1,
                            "Plan Width": 8,
                            "Actual Startup Time": 116.863,
                            "Actual Total Time": 116.864,
                            "Actual Rows": 1,
                            "Actual Loops": 4,
                            "Output": [
                                "PARTIAL count(*)"
                            ],
                            "Workers": [
                                {
                                    "Worker Number": 0,
                                    "Actual Startup Time": 113.345,
                                    "Actual Total Time": 113.347,
                                    "Actual Rows": 1,
                                    "Actual Loops": 1
                                },
                                {
                                    "Worker Number": 1,
                                    "Actual Startup Time": 114.006,
                                    "Actual Total Time": 114.008,
                                    "Actual Rows": 1,
                                    "Actual Loops": 1
                                },
                                {
                                    "Worker Number": 2,
                                    "Actual Startup Time": 114.307,
                                    "Actual Total Time": 114.308,
                                    "Actual Rows": 1,
                                    "Actual Loops": 1
                                }
                            ],
                            "Plans": [
                                {
                                    "Node Type": "Bitmap Heap Scan",
                                    "Parent Relationship": "Outer",
                                    "Parallel Aware": true,
                                    "Relation Name": "movie_keyword",
                                    "Schema": "public",
                                    "Alias": "mk",
                                    "Startup Cost": 12486.9,
                                    "Total Cost": 39314.72,
                                    "Plan Rows": 189905,
                                    "Plan Width": 0,
                                    "Actual Startup Time": 36.803,
                                    "Actual Total Time": 108.825,
                                    "Actual Rows": 145566,
                                    "Actual Loops": 4,
                                    "Recheck Cond": "(mk.keyword_id > 31466)",
                                    "Rows Removed by Index Recheck": 0,
                                    "Exact Heap Blocks": 9989,
                                    "Lossy Heap Blocks": 0,
                                    "Workers": [
                                        {
                                            "Worker Number": 0,
                                            "Actual Startup Time": 33.375,
                                            "Actual Total Time": 106.746,
                                            "Actual Rows": 98950,
                                            "Actual Loops": 1
                                        },
                                        {
                                            "Worker Number": 1,
                                            "Actual Startup Time": 34.152,
                                            "Actual Total Time": 106.659,
                                            "Actual Rows": 117397,
                                            "Actual Loops": 1
                                        },
                                        {
                                            "Worker Number": 2,
                                            "Actual Startup Time": 34.254,
                                            "Actual Total Time": 107.028,
                                            "Actual Rows": 116851,
                                            "Actual Loops": 1
                                        }
                                    ],
                                    "Plans": [
                                        {
                                            "Node Type": "Bitmap Index Scan",
                                            "Parent Relationship": "Outer",
                                            "Parallel Aware": false,
                                            "Index Name": "keyword_id_movie_keyword",
                                            "Startup Cost": 0.0,
                                            "Total Cost": 12339.73,
                                            "Plan Rows": 588706,
                                            "Plan Width": 0,
                                            "Actual Startup Time": 42.082,
                                            "Actual Total Time": 42.082,
                                            "Actual Rows": 582263,
                                            "Actual Loops": 1,
                                            "Index Cond": "(mk.keyword_id > 31466)"
                                        }
                                    ]
                                }
                            ]
                        }
                    ]
                }
            ]
        },
        "Planning Time": 196.594,
        "Triggers": [],
        "Execution Time": 134.801
    }
]