{
  "Plan": {
    "Node Type": "Aggregate",
    "Strategy": "Plain",
    "Partial Mode": "Finalize",
    "Parallel Aware": false,
    "Startup Cost": 797366.12,
    "Total Cost": 797366.13,
    "Plan Rows": 1,
    "Plan Width": 8,
    "Actual Startup Time": 2750.881,
    "Actual Total Time": 2812.457,
    "Actual Rows": 1,
    "Actual Loops": 1,
    "Plans": [
      {
        "Node Type": "Gather",
        "Parent Relationship": "Outer",
        "Parallel Aware": false,
        "Startup Cost": 797366.01,
        "Total Cost": 797366.12,
        "Plan Rows": 1,
        "Plan Width": 8,
        "Actual Startup Time": 2750.707,
        "Actual Total Time": 2812.448,
        "Actual Rows": 2,
        "Actual Loops": 1,
        "Workers Planned": 1,
        "Workers Launched": 1,
        "Single Copy": false,
        "Plans": [
          {
            "Node Type": "Aggregate",
            "Strategy": "Plain",
            "Partial Mode": "Partial",
            "Parent Relationship": "Outer",
            "Parallel Aware": false,
            "Startup Cost": 796366.01,
            "Total Cost": 796366.02,
            "Plan Rows": 1,
            "Plan Width": 8,
            "Actual Startup Time": 2744.398,
            "Actual Total Time": 2744.404,
            "Actual Rows": 1,
            "Actual Loops": 2,
            "Plans": [
              {
                "Node Type": "Hash Join",
                "Parent Relationship": "Outer",
                "Parallel Aware": true,
                "Join Type": "Inner",
                "Startup Cost": 477487.19,
                "Total Cost": 796072.18,
                "Plan Rows": 117531,
                "Plan Width": 0,
                "Actual Startup Time": 1521.484,
                "Actual Total Time": 2740.752,
                "Actual Rows": 87119,
                "Actual Loops": 2,
                "Inner Unique": false,
                "Hash Cond": "(mi.movie_id = t.id)",
                "Plans": [
                  {
                    "Node Type": "Seq Scan",
                    "Parent Relationship": "Outer",
                    "Parallel Aware": true,
                    "Relation Name": "movie_info",
                    "Alias": "mi",
                    "Startup Cost": 0.0,
                    "Total Cost": 270696.42,
                    "Plan Rows": 7551554,
                    "Plan Width": 4,
                    "Actual Startup Time": 0.013,
                    "Actual Total Time": 734.095,
                    "Actual Rows": 6485044,
                    "Actual Loops": 2,
                    "Filter": "(info_type_id < 18)",
                    "Rows Removed by Filter": 932816
                  },
                  {
                    "Node Type": "Hash",
                    "Parent Relationship": "Inner",
                    "Parallel Aware": true,
                    "Startup Cost": 477197.85,
                    "Total Cost": 477197.85,
                    "Plan Rows": 23147,
                    "Plan Width": 8,
                    "Actual Startup Time": 1519.112,
                    "Actual Total Time": 1519.117,
                    "Actual Rows": 17936,
                    "Actual Loops": 2,
                    "Hash Buckets": 65536,
                    "Original Hash Buckets": 65536,
                    "Hash Batches": 1,
                    "Original Hash Batches": 1,
                    "Peak Memory Usage": 1952,
                    "Plans": [
                      {
                        "Node Type": "Hash Join",
                        "Parent Relationship": "Outer",
                        "Parallel Aware": true,
                        "Join Type": "Inner",
                        "Startup Cost": 58370.31,
                        "Total Cost": 477197.85,
                        "Plan Rows": 23147,
                        "Plan Width": 8,
                        "Actual Startup Time": 257.974,
                        "Actual Total Time": 1513.237,
                        "Actual Rows": 17936,
                        "Actual Loops": 2,
                        "Inner Unique": true,
                        "Hash Cond": "(ci.movie_id = t.id)",
                        "Plans": [
                          {
                            "Node Type": "Index Scan",
                            "Parent Relationship": "Outer",
                            "Parallel Aware": true,
                            "Scan Direction": "Forward",
                            "Index Name": "role_id_cast_info",
                            "Relation Name": "cast_info",
                            "Alias": "ci",
                            "Startup Cost": 0.56,
                            "Total Cost": 400977.7,
                            "Plan Rows": 6800143,
                            "Plan Width": 4,
                            "Actual Startup Time": 113.756,
                            "Actual Total Time": 943.553,
                            "Actual Rows": 5355752,
                            "Actual Loops": 2,
                            "Index Cond": "(role_id < 2)",
                            "Rows Removed by Index Recheck": 0,
                            "Filter": "(person_id > 261178)",
                            "Rows Removed by Filter": 979592
                          },
                          {
                            "Node Type": "Hash",
                            "Parent Relationship": "Inner",
                            "Parallel Aware": true,
                            "Startup Cost": 58306.47,
                            "Total Cost": 58306.47,
                            "Plan Rows": 5062,
                            "Plan Width": 4,
                            "Actual Startup Time": 143.507,
                            "Actual Total Time": 143.508,
                            "Actual Rows": 4244,
                            "Actual Loops": 2,
                            "Hash Buckets": 16384,
                            "Original Hash Buckets": 16384,
                            "Hash Batches": 1,
                            "Original Hash Batches": 1,
                            "Peak Memory Usage": 512,
                            "Plans": [
                              {
                                "Node Type": "Seq Scan",
                                "Parent Relationship": "Outer",
                                "Parallel Aware": true,
                                "Relation Name": "title",
                                "Alias": "t",
                                "Startup Cost": 0.0,
                                "Total Cost": 58306.47,
                                "Plan Rows": 5062,
                                "Plan Width": 4,
                                "Actual Startup Time": 0.168,
                                "Actual Total Time": 141.72,
                                "Actual Rows": 4244,
                                "Actual Loops": 2,
                                "Filter": "((kind_id = 7) AND (production_year = 1969))",
                                "Rows Removed by Filter": 1259912
                              }
                            ]
                          }
                        ]
                      }
                    ]
                  }
                ]
              }
            ]
          }
        ]
      }
    ]
  },
  "Planning Time": 1.175,
  "Triggers": [],
  "Execution Time": 2812.628
}