[
  {
    "Plan": {
      "Node Type": "Aggregate",
      "Strategy": "Plain",
      "Partial Mode": "Finalize",
      "Parallel Aware": false,
      "Startup Cost": 83715.21,
      "Total Cost": 83715.22,
      "Plan Rows": 1,
      "Plan Width": 8,
      "Actual Startup Time": 466.728,
      "Actual Total Time": 489.068,
      "Actual Rows": 1,
      "Actual Loops": 1,
      "Plans": [
        {
          "Node Type": "Gather",
          "Parent Relationship": "Outer",
          "Parallel Aware": false,
          "Startup Cost": 83714.79,
          "Total Cost": 83715.2,
          "Plan Rows": 4,
          "Plan Width": 8,
          "Actual Startup Time": 457.776,
          "Actual Total Time": 489.038,
          "Actual Rows": 5,
          "Actual Loops": 1,
          "Workers Planned": 4,
          "Workers Launched": 4,
          "Single Copy": false,
          "Plans": [
            {
              "Node Type": "Aggregate",
              "Strategy": "Plain",
              "Partial Mode": "Partial",
              "Parent Relationship": "Outer",
              "Parallel Aware": false,
              "Startup Cost": 82714.79,
              "Total Cost": 82714.8,
              "Plan Rows": 1,
              "Plan Width": 8,
              "Actual Startup Time": 445.026,
              "Actual Total Time": 445.033,
              "Actual Rows": 1,
              "Actual Loops": 5,
              "Plans": [
                {
                  "Node Type": "Hash Join",
                  "Parent Relationship": "Outer",
                  "Parallel Aware": true,
                  "Join Type": "Inner",
                  "Startup Cost": 35710.67,
                  "Total Cost": 82048.94,
                  "Plan Rows": 266343,
                  "Plan Width": 0,
                  "Actual Startup Time": 172.789,
                  "Actual Total Time": 434.791,
                  "Actual Rows": 162578,
                  "Actual Loops": 5,
                  "Inner Unique": false,
                  "Hash Cond": "(t.id = mc.movie_id)",
                  "Plans": [
                    {
                      "Node Type": "Seq Scan",
                      "Parent Relationship": "Outer",
                      "Parallel Aware": true,
                      "Relation Name": "title",
                      "Alias": "t",
                      "Startup Cost": 0.0,
                      "Total Cost": 42318.73,
                      "Plan Rows": 632073,
                      "Plan Width": 4,
                      "Actual Startup Time": 0.019,
                      "Actual Total Time": 84.79,
                      "Actual Rows": 505662,
                      "Actual Loops": 5
                    },
                    {
                      "Node Type": "Hash",
                      "Parent Relationship": "Inner",
                      "Parallel Aware": true,
                      "Startup Cost": 31414.82,
                      "Total Cost": 31414.82,
                      "Plan Rows": 343668,
                      "Plan Width": 4,
                      "Actual Startup Time": 166.333,
                      "Actual Total Time": 166.335,
                      "Actual Rows": 162578,
                      "Actual Loops": 5,
                      "Hash Buckets": 2097152,
                      "Original Hash Buckets": 2097152,
                      "Hash Batches": 1,
                      "Original Hash Batches": 1,
                      "Peak Memory Usage": 48256,
                      "Plans": [
                        {
                          "Node Type": "Seq Scan",
                          "Parent Relationship": "Outer",
                          "Parallel Aware": true,
                          "Relation Name": "movie_companies",
                          "Alias": "mc",
                          "Startup Cost": 0.0,
                          "Total Cost": 31414.82,
                          "Plan Rows": 343668,
                          "Plan Width": 4,
                          "Actual Startup Time": 47.635,
                          "Actual Total Time": 91.665,
                          "Actual Rows": 162578,
                          "Actual Loops": 5,
                          "Filter": "((company_id < 73226) AND (company_type_id = 2))",
                          "Rows Removed by Filter": 359248
                        }
                      ]
                    }
                  ]
                }
              ]
            }
          ]
        }
      ]
    },
    "Planning Time": 0.67,
    "Triggers": [],
    "Execution Time": 489.149
  }
]