[
  {
    "Plan": {
      "Node Type": "Aggregate",
      "Strategy": "Plain",
      "Partial Mode": "Finalize",
      "Parallel Aware": false,
      "Startup Cost": 109009.44,
      "Total Cost": 109009.45,
      "Plan Rows": 1,
      "Plan Width": 8,
      "Actual Startup Time": 403.622,
      "Actual Total Time": 428.623,
      "Actual Rows": 1,
      "Actual Loops": 1,
      "Plans": [
        {
          "Node Type": "Gather",
          "Parent Relationship": "Outer",
          "Parallel Aware": false,
          "Startup Cost": 109009.12,
          "Total Cost": 109009.43,
          "Plan Rows": 3,
          "Plan Width": 8,
          "Actual Startup Time": 397.916,
          "Actual Total Time": 428.612,
          "Actual Rows": 4,
          "Actual Loops": 1,
          "Workers Planned": 3,
          "Workers Launched": 3,
          "Single Copy": false,
          "Plans": [
            {
              "Node Type": "Aggregate",
              "Strategy": "Plain",
              "Partial Mode": "Partial",
              "Parent Relationship": "Outer",
              "Parallel Aware": false,
              "Startup Cost": 108009.12,
              "Total Cost": 108009.13,
              "Plan Rows": 1,
              "Plan Width": 8,
              "Actual Startup Time": 384.936,
              "Actual Total Time": 384.94,
              "Actual Rows": 1,
              "Actual Loops": 4,
              "Plans": [
                {
                  "Node Type": "Nested Loop",
                  "Parent Relationship": "Outer",
                  "Parallel Aware": false,
                  "Join Type": "Inner",
                  "Startup Cost": 52308.08,
                  "Total Cost": 107987.2,
                  "Plan Rows": 8770,
                  "Plan Width": 0,
                  "Actual Startup Time": 293.172,
                  "Actual Total Time": 384.587,
                  "Actual Rows": 2909,
                  "Actual Loops": 4,
                  "Inner Unique": false,
                  "Plans": [
                    {
                      "Node Type": "Hash Join",
                      "Parent Relationship": "Outer",
                      "Parallel Aware": true,
                      "Join Type": "Inner",
                      "Startup Cost": 52307.64,
                      "Total Cost": 77151.5,
                      "Plan Rows": 16745,
                      "Plan Width": 8,
                      "Actual Startup Time": 292.994,
                      "Actual Total Time": 323.119,
                      "Actual Rows": 2575,
                      "Actual Loops": 4,
                      "Inner Unique": true,
                      "Hash Cond": "(mk.movie_id = t.id)",
                      "Plans": [
                        {
                          "Node Type": "Bitmap Heap Scan",
                          "Parent Relationship": "Outer",
                          "Parallel Aware": true,
                          "Relation Name": "movie_keyword",
                          "Alias": "mk",
                          "Startup Cost": 1695.7,
                          "Total Cost": 26471.89,
                          "Plan Rows": 25776,
                          "Plan Width": 4,
                          "Actual Startup Time": 11.635,
                          "Actual Total Time": 31.367,
                          "Actual Rows": 19718,
                          "Actual Loops": 4,
                          "Recheck Cond": "(keyword_id > 88175)",
                          "Rows Removed by Index Recheck": 0,
                          "Exact Heap Blocks": 5857,
                          "Lossy Heap Blocks": 0,
                          "Plans": [
                            {
                              "Node Type": "Bitmap Index Scan",
                              "Parent Relationship": "Outer",
                              "Parallel Aware": false,
                              "Index Name": "keyword_id_movie_keyword",
                              "Startup Cost": 0.0,
                              "Total Cost": 1675.72,
                              "Plan Rows": 79905,
                              "Plan Width": 0,
                              "Actual Startup Time": 7.869,
                              "Actual Total Time": 7.87,
                              "Actual Rows": 78874,
                              "Actual Loops": 1,
                              "Index Cond": "(keyword_id > 88175)"
                            }
                          ]
                        },
                        {
                          "Node Type": "Hash",
                          "Parent Relationship": "Inner",
                          "Parallel Aware": true,
                          "Startup Cost": 45479.1,
                          "Total Cost": 45479.1,
                          "Plan Rows": 410628,
                          "Plan Width": 4,
                          "Actual Startup Time": 273.571,
                          "Actual Total Time": 273.572,
                          "Actual Rows": 407460,
                          "Actual Loops": 4,
                          "Hash Buckets": 2097152,
                          "Original Hash Buckets": 2097152,
                          "Hash Batches": 1,
                          "Original Hash Batches": 1,
                          "Peak Memory Usage": 80224,
                          "Plans": [
                            {
                              "Node Type": "Seq Scan",
                              "Parent Relationship": "Outer",
                              "Parallel Aware": true,
                              "Relation Name": "title",
                              "Alias": "t",
                              "Startup Cost": 0.0,
                              "Total Cost": 45479.1,
                              "Plan Rows": 410628,
                              "Plan Width": 4,
                              "Actual Startup Time": 0.042,
                              "Actual Total Time": 118.019,
                              "Actual Rows": 407460,
                              "Actual Loops": 4,
                              "Filter": "((kind_id > 1) AND (production_year < 2012))",
                              "Rows Removed by Filter": 224618
                            }
                          ]
                        }
                      ]
                    },
                    {
                      "Node Type": "Index Scan",
                      "Parent Relationship": "Inner",
                      "Parallel Aware": false,
                      "Scan Direction": "Forward",
                      "Index Name": "movie_id_movie_info",
                      "Relation Name": "movie_info",
                      "Alias": "mi",
                      "Startup Cost": 0.43,
                      "Total Cost": 1.8,
                      "Plan Rows": 4,
                      "Plan Width": 4,
                      "Actual Startup Time": 0.021,
                      "Actual Total Time": 0.023,
                      "Actual Rows": 1,
                      "Actual Loops": 10301,
                      "Index Cond": "(movie_id = t.id)",
                      "Rows Removed by Index Recheck": 0,
                      "Filter": "(info_type_id = 8)",
                      "Rows Removed by Filter": 17
                    }
                  ]
                }
              ]
            }
          ]
        }
      ]
    },
    "Planning Time": 1.438,
    "Triggers": [],
    "Execution Time": 428.748
  }
]