[
  {
    "Plan": {
      "Node Type": "Aggregate",
      "Strategy": "Plain",
      "Partial Mode": "Finalize",
      "Parallel Aware": false,
      "Startup Cost": 61751.45,
      "Total Cost": 61751.46,
      "Plan Rows": 1,
      "Plan Width": 8,
      "Actual Startup Time": 206.546,
      "Actual Total Time": 230.751,
      "Actual Rows": 1,
      "Actual Loops": 1,
      "Plans": [
        {
          "Node Type": "Gather",
          "Parent Relationship": "Outer",
          "Parallel Aware": false,
          "Startup Cost": 61751.24,
          "Total Cost": 61751.45,
          "Plan Rows": 2,
          "Plan Width": 8,
          "Actual Startup Time": 206.248,
          "Actual Total Time": 230.734,
          "Actual Rows": 3,
          "Actual Loops": 1,
          "Workers Planned": 2,
          "Workers Launched": 2,
          "Single Copy": false,
          "Plans": [
            {
              "Node Type": "Aggregate",
              "Strategy": "Plain",
              "Partial Mode": "Partial",
              "Parent Relationship": "Outer",
              "Parallel Aware": false,
              "Startup Cost": 60751.24,
              "Total Cost": 60751.25,
              "Plan Rows": 1,
              "Plan Width": 8,
              "Actual Startup Time": 198.815,
              "Actual Total Time": 198.819,
              "Actual Rows": 1,
              "Actual Loops": 3,
              "Plans": [
                {
                  "Node Type": "Hash Join",
                  "Parent Relationship": "Outer",
                  "Parallel Aware": true,
                  "Join Type": "Inner",
                  "Startup Cost": 45544.81,
                  "Total Cost": 60739.37,
                  "Plan Rows": 4746,
                  "Plan Width": 0,
                  "Actual Startup Time": 118.76,
                  "Actual Total Time": 198.405,
                  "Actual Rows": 6841,
                  "Actual Loops": 3,
                  "Inner Unique": true,
                  "Hash Cond": "(mi_idx.movie_id = t.id)",
                  "Plans": [
                    {
                      "Node Type": "Seq Scan",
                      "Parent Relationship": "Outer",
                      "Parallel Aware": true,
                      "Relation Name": "movie_info_idx",
                      "Alias": "mi_idx",
                      "Startup Cost": 0.0,
                      "Total Cost": 13685.15,
                      "Plan Rows": 575015,
                      "Plan Width": 4,
                      "Actual Startup Time": 0.012,
                      "Actual Total Time": 40.901,
                      "Actual Rows": 460012,
                      "Actual Loops": 3
                    },
                    {
                      "Node Type": "Hash",
                      "Parent Relationship": "Inner",
                      "Parallel Aware": true,
                      "Startup Cost": 45479.59,
                      "Total Cost": 45479.59,
                      "Plan Rows": 5218,
                      "Plan Width": 4,
                      "Actual Startup Time": 117.897,
                      "Actual Total Time": 117.898,
                      "Actual Rows": 4613,
                      "Actual Loops": 3,
                      "Hash Buckets": 32768,
                      "Original Hash Buckets": 32768,
                      "Hash Batches": 1,
                      "Original Hash Batches": 1,
                      "Peak Memory Usage": 864,
                      "Plans": [
                        {
                          "Node Type": "Seq Scan",
                          "Parent Relationship": "Outer",
                          "Parallel Aware": true,
                          "Relation Name": "title",
                          "Alias": "t",
                          "Startup Cost": 0.0,
                          "Total Cost": 45479.59,
                          "Plan Rows": 5218,
                          "Plan Width": 4,
                          "Actual Startup Time": 0.323,
                          "Actual Total Time": 115.714,
                          "Actual Rows": 4613,
                          "Actual Loops": 3,
                          "Filter": "((kind_id < 3) AND (production_year = 2003))",
                          "Rows Removed by Filter": 838157
                        }
                      ]
                    }
                  ]
                }
              ]
            }
          ]
        }
      ]
    },
    "Planning Time": 0.545,
    "Triggers": [],
    "Execution Time": 230.824
  }
]