[
  {
    "Plan": {
      "Node Type": "Aggregate",
      "Strategy": "Plain",
      "Partial Mode": "Finalize",
      "Parallel Aware": false,
      "Startup Cost": 61885.09,
      "Total Cost": 61885.1,
      "Plan Rows": 1,
      "Plan Width": 8,
      "Actual Startup Time": 208.431,
      "Actual Total Time": 222.762,
      "Actual Rows": 1,
      "Actual Loops": 1,
      "Plans": [
        {
          "Node Type": "Gather",
          "Parent Relationship": "Outer",
          "Parallel Aware": false,
          "Startup Cost": 61884.87,
          "Total Cost": 61885.08,
          "Plan Rows": 2,
          "Plan Width": 8,
          "Actual Startup Time": 208.089,
          "Actual Total Time": 222.755,
          "Actual Rows": 3,
          "Actual Loops": 1,
          "Workers Planned": 2,
          "Workers Launched": 2,
          "Single Copy": false,
          "Plans": [
            {
              "Node Type": "Aggregate",
              "Strategy": "Plain",
              "Partial Mode": "Partial",
              "Parent Relationship": "Outer",
              "Parallel Aware": false,
              "Startup Cost": 60884.87,
              "Total Cost": 60884.88,
              "Plan Rows": 1,
              "Plan Width": 8,
              "Actual Startup Time": 203.762,
              "Actual Total Time": 203.764,
              "Actual Rows": 1,
              "Actual Loops": 3,
              "Plans": [
                {
                  "Node Type": "Hash Join",
                  "Parent Relationship": "Outer",
                  "Parallel Aware": true,
                  "Join Type": "Inner",
                  "Startup Cost": 45657.87,
                  "Total Cost": 60852.43,
                  "Plan Rows": 12975,
                  "Plan Width": 0,
                  "Actual Startup Time": 117.214,
                  "Actual Total Time": 203.351,
                  "Actual Rows": 7341,
                  "Actual Loops": 3,
                  "Inner Unique": true,
                  "Hash Cond": "(mi_idx.movie_id = t.id)",
                  "Plans": [
                    {
                      "Node Type": "Seq Scan",
                      "Parent Relationship": "Outer",
                      "Parallel Aware": true,
                      "Relation Name": "movie_info_idx",
                      "Alias": "mi_idx",
                      "Startup Cost": 0.0,
                      "Total Cost": 13685.15,
                      "Plan Rows": 575015,
                      "Plan Width": 4,
                      "Actual Startup Time": 0.012,
                      "Actual Total Time": 40.554,
                      "Actual Rows": 460012,
                      "Actual Loops": 3
                    },
                    {
                      "Node Type": "Hash",
                      "Parent Relationship": "Inner",
                      "Parallel Aware": true,
                      "Startup Cost": 45479.59,
                      "Total Cost": 45479.59,
                      "Plan Rows": 14263,
                      "Plan Width": 4,
                      "Actual Startup Time": 116.429,
                      "Actual Total Time": 116.43,
                      "Actual Rows": 21546,
                      "Actual Loops": 3,
                      "Hash Buckets": 65536,
                      "Original Hash Buckets": 65536,
                      "Hash Batches": 1,
                      "Original Hash Batches": 1,
                      "Peak Memory Usage": 3104,
                      "Plans": [
                        {
                          "Node Type": "Seq Scan",
                          "Parent Relationship": "Outer",
                          "Parallel Aware": true,
                          "Relation Name": "title",
                          "Alias": "t",
                          "Startup Cost": 0.0,
                          "Total Cost": 45479.59,
                          "Plan Rows": 14263,
                          "Plan Width": 4,
                          "Actual Startup Time": 0.03,
                          "Actual Total Time": 109.414,
                          "Actual Rows": 21546,
                          "Actual Loops": 3,
                          "Filter": "((kind_id > 3) AND (production_year = 2004))",
                          "Rows Removed by Filter": 821225
                        }
                      ]
                    }
                  ]
                }
              ]
            }
          ]
        }
      ]
    },
    "Planning Time": 0.336,
    "Triggers": [],
    "Execution Time": 222.803
  }
]