[
  {
    "Plan": {
      "Node Type": "Aggregate",
      "Strategy": "Plain",
      "Partial Mode": "Finalize",
      "Parallel Aware": false,
      "Startup Cost": 45628.35,
      "Total Cost": 45628.36,
      "Plan Rows": 1,
      "Plan Width": 8,
      "Actual Startup Time": 144.282,
      "Actual Total Time": 153.137,
      "Actual Rows": 1,
      "Actual Loops": 1,
      "Plans": [
        {
          "Node Type": "Gather",
          "Parent Relationship": "Outer",
          "Parallel Aware": false,
          "Startup Cost": 45628.03,
          "Total Cost": 45628.34,
          "Plan Rows": 3,
          "Plan Width": 8,
          "Actual Startup Time": 144.127,
          "Actual Total Time": 153.128,
          "Actual Rows": 4,
          "Actual Loops": 1,
          "Workers Planned": 3,
          "Workers Launched": 3,
          "Single Copy": false,
          "Plans": [
            {
              "Node Type": "Aggregate",
              "Strategy": "Plain",
              "Partial Mode": "Partial",
              "Parent Relationship": "Outer",
              "Parallel Aware": false,
              "Startup Cost": 44628.03,
              "Total Cost": 44628.04,
              "Plan Rows": 1,
              "Plan Width": 8,
              "Actual Startup Time": 139.984,
              "Actual Total Time": 139.985,
              "Actual Rows": 1,
              "Actual Loops": 4,
              "Plans": [
                {
                  "Node Type": "Seq Scan",
                  "Parent Relationship": "Outer",
                  "Parallel Aware": true,
                  "Relation Name": "movie_keyword",
                  "Alias": "mk",
                  "Startup Cost": 0.0,
                  "Total Cost": 42695.65,
                  "Plan Rows": 772950,
                  "Plan Width": 0,
                  "Actual Startup Time": 0.262,
                  "Actual Total Time": 113.27,
                  "Actual Rows": 596498,
                  "Actual Loops": 4,
                  "Filter": "(keyword_id > 3984)",
                  "Rows Removed by Filter": 534485
                }
              ]
            }
          ]
        }
      ]
    },
    "Planning Time": 0.186,
    "Triggers": [],
    "Execution Time": 153.19
  }
]