[
  {
    "Plan": {
      "Node Type": "Aggregate",
      "Strategy": "Plain",
      "Partial Mode": "Finalize",
      "Parallel Aware": false,
      "Startup Cost": 45621.62,
      "Total Cost": 45621.63,
      "Plan Rows": 1,
      "Plan Width": 8,
      "Actual Startup Time": 157.51,
      "Actual Total Time": 165.805,
      "Actual Rows": 1,
      "Actual Loops": 1,
      "Plans": [
        {
          "Node Type": "Gather",
          "Parent Relationship": "Outer",
          "Parallel Aware": false,
          "Startup Cost": 45621.3,
          "Total Cost": 45621.61,
          "Plan Rows": 3,
          "Plan Width": 8,
          "Actual Startup Time": 157.389,
          "Actual Total Time": 165.797,
          "Actual Rows": 4,
          "Actual Loops": 1,
          "Workers Planned": 3,
          "Workers Launched": 3,
          "Single Copy": false,
          "Plans": [
            {
              "Node Type": "Aggregate",
              "Strategy": "Plain",
              "Partial Mode": "Partial",
              "Parent Relationship": "Outer",
              "Parallel Aware": false,
              "Startup Cost": 44621.3,
              "Total Cost": 44621.31,
              "Plan Rows": 1,
              "Plan Width": 8,
              "Actual Startup Time": 150.912,
              "Actual Total Time": 150.913,
              "Actual Rows": 1,
              "Actual Loops": 4,
              "Plans": [
                {
                  "Node Type": "Seq Scan",
                  "Parent Relationship": "Outer",
                  "Parallel Aware": true,
                  "Relation Name": "movie_keyword",
                  "Alias": "mk",
                  "Startup Cost": 0.0,
                  "Total Cost": 42695.65,
                  "Plan Rows": 770259,
                  "Plan Width": 0,
                  "Actual Startup Time": 0.599,
                  "Actual Total Time": 121.336,
                  "Actual Rows": 596498,
                  "Actual Loops": 4,
                  "Filter": "(keyword_id > 3984)",
                  "Rows Removed by Filter": 534485
                }
              ]
            }
          ]
        }
      ]
    },
    "Planning Time": 0.179,
    "Triggers": [],
    "Execution Time": 165.86
  }
]