[
  {
    "Plan": {
      "Node Type": "Aggregate",
      "Strategy": "Plain",
      "Partial Mode": "Finalize",
      "Parallel Aware": false,
      "Startup Cost": 23605.76,
      "Total Cost": 23605.77,
      "Plan Rows": 1,
      "Plan Width": 8,
      "Actual Startup Time": 26.297,
      "Actual Total Time": 31.379,
      "Actual Rows": 1,
      "Actual Loops": 1,
      "Plans": [
        {
          "Node Type": "Gather",
          "Parent Relationship": "Outer",
          "Parallel Aware": false,
          "Startup Cost": 23605.55,
          "Total Cost": 23605.76,
          "Plan Rows": 2,
          "Plan Width": 8,
          "Actual Startup Time": 25.745,
          "Actual Total Time": 31.373,
          "Actual Rows": 3,
          "Actual Loops": 1,
          "Workers Planned": 2,
          "Workers Launched": 2,
          "Single Copy": false,
          "Plans": [
            {
              "Node Type": "Aggregate",
              "Strategy": "Plain",
              "Partial Mode": "Partial",
              "Parent Relationship": "Outer",
              "Parallel Aware": false,
              "Startup Cost": 22605.55,
              "Total Cost": 22605.56,
              "Plan Rows": 1,
              "Plan Width": 8,
              "Actual Startup Time": 22.389,
              "Actual Total Time": 22.391,
              "Actual Rows": 1,
              "Actual Loops": 3,
              "Plans": [
                {
                  "Node Type": "Nested Loop",
                  "Parent Relationship": "Outer",
                  "Parallel Aware": false,
                  "Join Type": "Inner",
                  "Startup Cost": 117.76,
                  "Total Cost": 22600.5,
                  "Plan Rows": 2021,
                  "Plan Width": 0,
                  "Actual Startup Time": 1.925,
                  "Actual Total Time": 22.067,
                  "Actual Rows": 4106,
                  "Actual Loops": 3,
                  "Inner Unique": false,
                  "Plans": [
                    {
                      "Node Type": "Nested Loop",
                      "Parent Relationship": "Outer",
                      "Parallel Aware": false,
                      "Join Type": "Inner",
                      "Startup Cost": 117.33,
                      "Total Cost": 20600.71,
                      "Plan Rows": 1130,
                      "Plan Width": 8,
                      "Actual Startup Time": 1.842,
                      "Actual Total Time": 13.033,
                      "Actual Rows": 808,
                      "Actual Loops": 3,
                      "Inner Unique": true,
                      "Plans": [
                        {
                          "Node Type": "Bitmap Heap Scan",
                          "Parent Relationship": "Outer",
                          "Parallel Aware": true,
                          "Relation Name": "movie_companies",
                          "Alias": "mc",
                          "Startup Cost": 116.9,
                          "Total Cost": 11808.64,
                          "Plan Rows": 1130,
                          "Plan Width": 4,
                          "Actual Startup Time": 1.767,
                          "Actual Total Time": 4.242,
                          "Actual Rows": 808,
                          "Actual Loops": 3,
                          "Recheck Cond": "(company_id = 73)",
                          "Rows Removed by Index Recheck": 0,
                          "Filter": "(company_type_id = 2)",
                          "Rows Removed by Filter": 1085,
                          "Exact Heap Blocks": 2083,
                          "Lossy Heap Blocks": 0,
                          "Plans": [
                            {
                              "Node Type": "Bitmap Index Scan",
                              "Parent Relationship": "Outer",
                              "Parallel Aware": false,
                              "Index Name": "company_id_movie_companies",
                              "Startup Cost": 0.0,
                              "Total Cost": 116.22,
                              "Plan Rows": 5305,
                              "Plan Width": 0,
                              "Actual Startup Time": 1.276,
                              "Actual Total Time": 1.277,
                              "Actual Rows": 5677,
                              "Actual Loops": 1,
                              "Index Cond": "(company_id = 73)"
                            }
                          ]
                        },
                        {
                          "Node Type": "Index Only Scan",
                          "Parent Relationship": "Inner",
                          "Parallel Aware": false,
                          "Scan Direction": "Forward",
                          "Index Name": "title_pkey",
                          "Relation Name": "title",
                          "Alias": "t",
                          "Startup Cost": 0.43,
                          "Total Cost": 7.78,
                          "Plan Rows": 1,
                          "Plan Width": 4,
                          "Actual Startup Time": 0.01,
                          "Actual Total Time": 0.01,
                          "Actual Rows": 1,
                          "Actual Loops": 2423,
                          "Index Cond": "(id = mc.movie_id)",
                          "Rows Removed by Index Recheck": 0,
                          "Heap Fetches": 2423
                        }
                      ]
                    },
                    {
                      "Node Type": "Index Only Scan",
                      "Parent Relationship": "Inner",
                      "Parallel Aware": false,
                      "Scan Direction": "Forward",
                      "Index Name": "movie_id_movie_keyword",
                      "Relation Name": "movie_keyword",
                      "Alias": "mk",
                      "Startup Cost": 0.43,
                      "Total Cost": 1.31,
                      "Plan Rows": 46,
                      "Plan Width": 4,
                      "Actual Startup Time": 0.009,
                      "Actual Total Time": 0.01,
                      "Actual Rows": 5,
                      "Actual Loops": 2423,
                      "Index Cond": "(movie_id = t.id)",
                      "Rows Removed by Index Recheck": 0,
                      "Heap Fetches": 12317
                    }
                  ]
                }
              ]
            }
          ]
        }
      ]
    },
    "Planning Time": 0.68,
    "Triggers": [],
    "Execution Time": 31.43
  }
]