[
  {
    "Plan": {
      "Node Type": "Aggregate",
      "Strategy": "Plain",
      "Partial Mode": "Finalize",
      "Parallel Aware": false,
      "Startup Cost": 272476.29,
      "Total Cost": 272476.3,
      "Plan Rows": 1,
      "Plan Width": 8,
      "Actual Startup Time": 569.969,
      "Actual Total Time": 588.79,
      "Actual Rows": 1,
      "Actual Loops": 1,
      "Plans": [
        {
          "Node Type": "Gather",
          "Parent Relationship": "Outer",
          "Parallel Aware": false,
          "Startup Cost": 272475.97,
          "Total Cost": 272476.28,
          "Plan Rows": 3,
          "Plan Width": 8,
          "Actual Startup Time": 560.605,
          "Actual Total Time": 588.78,
          "Actual Rows": 4,
          "Actual Loops": 1,
          "Workers Planned": 3,
          "Workers Launched": 3,
          "Single Copy": false,
          "Plans": [
            {
              "Node Type": "Aggregate",
              "Strategy": "Plain",
              "Partial Mode": "Partial",
              "Parent Relationship": "Outer",
              "Parallel Aware": false,
              "Startup Cost": 271475.97,
              "Total Cost": 271475.98,
              "Plan Rows": 1,
              "Plan Width": 8,
              "Actual Startup Time": 556.599,
              "Actual Total Time": 556.853,
              "Actual Rows": 1,
              "Actual Loops": 4,
              "Plans": [
                {
                  "Node Type": "Hash Join",
                  "Parent Relationship": "Outer",
                  "Parallel Aware": true,
                  "Join Type": "Inner",
                  "Startup Cost": 227523.04,
                  "Total Cost": 271376.89,
                  "Plan Rows": 39634,
                  "Plan Width": 0,
                  "Actual Startup Time": 403.946,
                  "Actual Total Time": 550.867,
                  "Actual Rows": 128384,
                  "Actual Loops": 4,
                  "Inner Unique": false,
                  "Hash Cond": "(mk.movie_id = t.id)",
                  "Plans": [
                    {
                      "Node Type": "Seq Scan",
                      "Parent Relationship": "Outer",
                      "Parallel Aware": true,
                      "Relation Name": "movie_keyword",
                      "Alias": "mk",
                      "Startup Cost": 0.0,
                      "Total Cost": 42695.65,
                      "Plan Rows": 287713,
                      "Plan Width": 4,
                      "Actual Startup Time": 0.041,
                      "Actual Total Time": 97.0,
                      "Actual Rows": 224682,
                      "Actual Loops": 4,
                      "Filter": "(keyword_id < 851)",
                      "Rows Removed by Filter": 906300
                    },
                    {
                      "Node Type": "Hash",
                      "Parent Relationship": "Inner",
                      "Parallel Aware": true,
                      "Startup Cost": 226652.28,
                      "Total Cost": 226652.28,
                      "Plan Rows": 69661,
                      "Plan Width": 8,
                      "Actual Startup Time": 401.838,
                      "Actual Total Time": 402.09,
                      "Actual Rows": 99238,
                      "Actual Loops": 4,
                      "Hash Buckets": 524288,
                      "Original Hash Buckets": 524288,
                      "Hash Batches": 1,
                      "Original Hash Batches": 1,
                      "Peak Memory Usage": 19680,
                      "Plans": [
                        {
                          "Node Type": "Hash Join",
                          "Parent Relationship": "Outer",
                          "Parallel Aware": true,
                          "Join Type": "Inner",
                          "Startup Cost": 62160.81,
                          "Total Cost": 226652.28,
                          "Plan Rows": 69661,
                          "Plan Width": 8,
                          "Actual Startup Time": 258.676,
                          "Actual Total Time": 362.813,
                          "Actual Rows": 99238,
                          "Actual Loops": 4,
                          "Inner Unique": true,
                          "Hash Cond": "(mi.movie_id = t.id)",
                          "Plans": [
                            {
                              "Node Type": "Bitmap Heap Scan",
                              "Parent Relationship": "Outer",
                              "Parallel Aware": true,
                              "Relation Name": "movie_info",
                              "Alias": "mi",
                              "Startup Cost": 14929.45,
                              "Total Cost": 178987.3,
                              "Plan Rows": 165188,
                              "Plan Width": 4,
                              "Actual Startup Time": 29.774,
                              "Actual Total Time": 54.53,
                              "Actual Rows": 200535,
                              "Actual Loops": 4,
                              "Recheck Cond": "(info_type_id = 1)",
                              "Rows Removed by Index Recheck": 0,
                              "Exact Heap Blocks": 1378,
                              "Lossy Heap Blocks": 0,
                              "Plans": [
                                {
                                  "Node Type": "Bitmap Index Scan",
                                  "Parent Relationship": "Outer",
                                  "Parallel Aware": false,
                                  "Index Name": "info_type_id_movie_info",
                                  "Startup Cost": 0.0,
                                  "Total Cost": 14722.97,
                                  "Plan Rows": 825938,
                                  "Plan Width": 0,
                                  "Actual Startup Time": 28.974,
                                  "Actual Total Time": 28.975,
                                  "Actual Rows": 802140,
                                  "Actual Loops": 1,
                                  "Index Cond": "(info_type_id = 1)"
                                }
                              ]
                            },
                            {
                              "Node Type": "Hash",
                              "Parent Relationship": "Inner",
                              "Parallel Aware": true,
                              "Startup Cost": 43899.32,
                              "Total Cost": 43899.32,
                              "Plan Rows": 266563,
                              "Plan Width": 4,
                              "Actual Startup Time": 224.793,
                              "Actual Total Time": 224.794,
                              "Actual Rows": 268691,
                              "Actual Loops": 4,
                              "Hash Buckets": 2097152,
                              "Original Hash Buckets": 2097152,
                              "Hash Batches": 1,
                              "Original Hash Batches": 1,
                              "Peak Memory Usage": 58496,
                              "Plans": [
                                {
                                  "Node Type": "Seq Scan",
                                  "Parent Relationship": "Outer",
                                  "Parallel Aware": true,
                                  "Relation Name": "title",
                                  "Alias": "t",
                                  "Startup Cost": 0.0,
                                  "Total Cost": 43899.32,
                                  "Plan Rows": 266563,
                                  "Plan Width": 4,
                                  "Actual Startup Time": 0.031,
                                  "Actual Total Time": 109.414,
                                  "Actual Rows": 268691,
                                  "Actual Loops": 4,
                                  "Filter": "(production_year < 2001)",
                                  "Rows Removed by Filter": 363387
                                }
                              ]
                            }
                          ]
                        }
                      ]
                    }
                  ]
                }
              ]
            }
          ]
        }
      ]
    },
    "Planning Time": 0.561,
    "Triggers": [],
    "Execution Time": 588.853
  }
]