[
  {
    "Plan": {
      "Node Type": "Aggregate",
      "Strategy": "Plain",
      "Partial Mode": "Finalize",
      "Parallel Aware": false,
      "Startup Cost": 44571.41,
      "Total Cost": 44571.42,
      "Plan Rows": 1,
      "Plan Width": 8,
      "Actual Startup Time": 129.799,
      "Actual Total Time": 139.59,
      "Actual Rows": 1,
      "Actual Loops": 1,
      "Plans": [
        {
          "Node Type": "Gather",
          "Parent Relationship": "Outer",
          "Parallel Aware": false,
          "Startup Cost": 44571.09,
          "Total Cost": 44571.4,
          "Plan Rows": 3,
          "Plan Width": 8,
          "Actual Startup Time": 129.674,
          "Actual Total Time": 139.582,
          "Actual Rows": 4,
          "Actual Loops": 1,
          "Workers Planned": 3,
          "Workers Launched": 3,
          "Single Copy": false,
          "Plans": [
            {
              "Node Type": "Aggregate",
              "Strategy": "Plain",
              "Partial Mode": "Partial",
              "Parent Relationship": "Outer",
              "Parallel Aware": false,
              "Startup Cost": 43571.09,
              "Total Cost": 43571.1,
              "Plan Rows": 1,
              "Plan Width": 8,
              "Actual Startup Time": 122.097,
              "Actual Total Time": 122.098,
              "Actual Rows": 1,
              "Actual Loops": 4,
              "Plans": [
                {
                  "Node Type": "Seq Scan",
                  "Parent Relationship": "Outer",
                  "Parallel Aware": true,
                  "Relation Name": "movie_keyword",
                  "Alias": "mk",
                  "Startup Cost": 0.0,
                  "Total Cost": 42695.65,
                  "Plan Rows": 350176,
                  "Plan Width": 0,
                  "Actual Startup Time": 0.059,
                  "Actual Total Time": 107.962,
                  "Actual Rows": 275263,
                  "Actual Loops": 4,
                  "Filter": "(keyword_id < 1131)",
                  "Rows Removed by Filter": 855719
                }
              ]
            }
          ]
        }
      ]
    },
    "Planning Time": 0.186,
    "Triggers": [],
    "Execution Time": 139.645
  }
]