{
    "Plan": {
        "Node Type": "Aggregate",
        "Strategy": "Plain",
        "Partial Mode": "Finalize",
        "Parallel Aware": false,
        "Startup Cost": 469634.85,
        "Total Cost": 469634.86,
        "Plan Rows": 1,
        "Plan Width": 8,
        "Actual Startup Time": 4267.739,
        "Actual Total Time": 4376.84,
        "Actual Rows": 1,
        "Actual Loops": 1,
        "Output": [
            "count(*)"
        ],
        "Plans": [
            {
                "Node Type": "Gather",
                "Parent Relationship": "Outer",
                "Parallel Aware": false,
                "Startup Cost": 469634.32,
                "Total Cost": 469634.83,
                "Plan Rows": 5,
                "Plan Width": 8,
                "Actual Startup Time": 4264.876,
                "Actual Total Time": 4376.828,
                "Actual Rows": 6,
                "Actual Loops": 1,
                "Output": [
                    "(PARTIAL count(*))"
                ],
                "Workers Planned": 5,
                "Workers Launched": 5,
                "Single Copy": false,
                "Plans": [
                    {
                        "Node Type": "Aggregate",
                        "Strategy": "Plain",
                        "Partial Mode": "Partial",
                        "Parent Relationship": "Outer",
                        "Parallel Aware": false,
                        "Startup Cost": 468634.32,
                        "Total Cost": 468634.33,
                        "Plan Rows": 1,
                        "Plan Width": 8,
                        "Actual Startup Time": 4254.135,
                        "Actual Total Time": 4254.139,
                        "Actual Rows": 1,
                        "Actual Loops": 6,
                        "Output": [
                            "PARTIAL count(*)"
                        ],
                        "Workers": [
                            {
                                "Worker Number": 0,
                                "Actual Startup Time": 4251.936,
                                "Actual Total Time": 4251.94,
                                "Actual Rows": 1,
                                "Actual Loops": 1
                            },
                            {
                                "Worker Number": 1,
                                "Actual Startup Time": 4251.944,
                                "Actual Total Time": 4251.947,
                                "Actual Rows": 1,
                                "Actual Loops": 1
                            },
                            {
                                "Worker Number": 2,
                                "Actual Startup Time": 4252.368,
                                "Actual Total Time": 4252.372,
                                "Actual Rows": 1,
                                "Actual Loops": 1
                            },
                            {
                                "Worker Number": 3,
                                "Actual Startup Time": 4251.924,
                                "Actual Total Time": 4251.929,
                                "Actual Rows": 1,
                                "Actual Loops": 1
                            },
                            {
                                "Worker Number": 4,
                                "Actual Startup Time": 4252.657,
                                "Actual Total Time": 4252.661,
                                "Actual Rows": 1,
                                "Actual Loops": 1
                            }
                        ],
                        "Plans": [
                            {
                                "Node Type": "Nested Loop",
                                "Parent Relationship": "Outer",
                                "Parallel Aware": false,
                                "Join Type": "Inner",
                                "Startup Cost": 47190.85,
                                "Total Cost": 465439.25,
                                "Plan Rows": 1278030,
                                "Plan Width": 0,
                                "Actual Startup Time": 163.401,
                                "Actual Total Time": 4132.784,
                                "Actual Rows": 2808039,
                                "Actual Loops": 6,
                                "Inner Unique": false,
                                "Join Filter": "(t.id = ci.movie_id)",
                                "Rows Removed by Join Filter": 0,
                                "Workers": [
                                    {
                                        "Worker Number": 0,
                                        "Actual Startup Time": 161.279,
                                        "Actual Total Time": 4128.138,
                                        "Actual Rows": 2856228,
                                        "Actual Loops": 1
                                    },
                                    {
                                        "Worker Number": 1,
                                        "Actual Startup Time": 161.282,
                                        "Actual Total Time": 4126.711,
                                        "Actual Rows": 2892649,
                                        "Actual Loops": 1
                                    },
                                    {
                                        "Worker Number": 2,
                                        "Actual Startup Time": 161.313,
                                        "Actual Total Time": 4130.264,
                                        "Actual Rows": 2804753,
                                        "Actual Loops": 1
                                    },
                                    {
                                        "Worker Number": 3,
                                        "Actual Startup Time": 161.278,
                                        "Actual Total Time": 4129.199,
                                        "Actual Rows": 2831715,
                                        "Actual Loops": 1
                                    },
                                    {
                                        "Worker Number": 4,
                                        "Actual Startup Time": 161.999,
                                        "Actual Total Time": 4151.982,
                                        "Actual Rows": 2330238,
                                        "Actual Loops": 1
                                    }
                                ],
                                "Plans": [
                                    {
                                        "Node Type": "Hash Join",
                                        "Parent Relationship": "Outer",
                                        "Parallel Aware": true,
                                        "Join Type": "Inner",
                                        "Startup Cost": 47190.28,
                                        "Total Cost": 247151.39,
                                        "Plan Rows": 89132,
                                        "Plan Width": 8,
                                        "Actual Startup Time": 163.308,
                                        "Actual Total Time": 551.195,
                                        "Actual Rows": 148940,
                                        "Actual Loops": 6,
                                        "Output": [
                                            "t.id",
                                            "mi.movie_id"
                                        ],
                                        "Inner Unique": true,
                                        "Hash Cond": "(mi.movie_id = t.id)",
                                        "Workers": [
                                            {
                                                "Worker Number": 0,
                                                "Actual Startup Time": 161.163,
                                                "Actual Total Time": 551.899,
                                                "Actual Rows": 152878,
                                                "Actual Loops": 1
                                            },
                                            {
                                                "Worker Number": 1,
                                                "Actual Startup Time": 161.19,
                                                "Actual Total Time": 549.37,
                                                "Actual Rows": 152222,
                                                "Actual Loops": 1
                                            },
                                            {
                                                "Worker Number": 2,
                                                "Actual Startup Time": 161.192,
                                                "Actual Total Time": 550.82,
                                                "Actual Rows": 149422,
                                                "Actual Loops": 1
                                            },
                                            {
                                                "Worker Number": 3,
                                                "Actual Startup Time": 161.19,
                                                "Actual Total Time": 551.603,
                                                "Actual Rows": 150966,
                                                "Actual Loops": 1
                                            },
                                            {
                                                "Worker Number": 4,
                                                "Actual Startup Time": 161.887,
                                                "Actual Total Time": 536.35,
                                                "Actual Rows": 123570,
                                                "Actual Loops": 1
                                            }
                                        ],
                                        "Plans": [
                                            {
                                                "Node Type": "Seq Scan",
                                                "Parent Relationship": "Outer",
                                                "Parallel Aware": true,
                                                "Relation Name": "movie_info",
                                                "Schema": "public",
                                                "Alias": "mi",
                                                "Startup Cost": 0.0,
                                                "Total Cost": 198880.74,
                                                "Plan Rows": 411570,
                                                "Plan Width": 4,
                                                "Actual Startup Time": 27.506,
                                                "Actual Total Time": 283.111,
                                                "Actual Rows": 348511,
                                                "Actual Loops": 6,
                                                "Output": [
                                                    "mi.id",
                                                    "mi.movie_id",
                                                    "mi.info_type_id",
                                                    "mi.info",
                                                    "mi.note"
                                                ],
                                                "Filter": "(mi.info_type_id < 3)",
                                                "Rows Removed by Filter": 2124109,
                                                "Workers": [
                                                    {
                                                        "Worker Number": 0,
                                                        "Actual Startup Time": 27.463,
                                                        "Actual Total Time": 285.228,
                                                        "Actual Rows": 355592,
                                                        "Actual Loops": 1
                                                    },
                                                    {
                                                        "Worker Number": 1,
                                                        "Actual Startup Time": 27.521,
                                                        "Actual Total Time": 284.49,
                                                        "Actual Rows": 356508,
                                                        "Actual Loops": 1
                                                    },
                                                    {
                                                        "Worker Number": 2,
                                                        "Actual Startup Time": 27.482,
                                                        "Actual Total Time": 283.927,
                                                        "Actual Rows": 345059,
                                                        "Actual Loops": 1
                                                    },
                                                    {
                                                        "Worker Number": 3,
                                                        "Actual Startup Time": 27.49,
                                                        "Actual Total Time": 284.818,
                                                        "Actual Rows": 352760,
                                                        "Actual Loops": 1
                                                    },
                                                    {
                                                        "Worker Number": 4,
                                                        "Actual Startup Time": 27.627,
                                                        "Actual Total Time": 280.147,
                                                        "Actual Rows": 291026,
                                                        "Actual Loops": 1
                                                    }
                                                ]
                                            },
                                            {
                                                "Node Type": "Hash",
                                                "Parent Relationship": "Inner",
                                                "Parallel Aware": true,
                                                "Startup Cost": 45479.21,
                                                "Total Cost": 45479.21,
                                                "Plan Rows": 136886,
                                                "Plan Width": 4,
                                                "Actual Startup Time": 117.602,
                                                "Actual Total Time": 117.603,
                                                "Actual Rows": 92886,
                                                "Actual Loops": 6,
                                                "Output": [
                                                    "t.id"
                                                ],
                                                "Hash Buckets": 1048576,
                                                "Original Hash Buckets": 1048576,
                                                "Hash Batches": 1,
                                                "Original Hash Batches": 1,
                                                "Peak Memory Usage": 30112,
                                                "Workers": [
                                                    {
                                                        "Worker Number": 0,
                                                        "Actual Startup Time": 118.348,
                                                        "Actual Total Time": 118.349,
                                                        "Actual Rows": 88749,
                                                        "Actual Loops": 1
                                                    },
                                                    {
                                                        "Worker Number": 1,
                                                        "Actual Startup Time": 118.273,
                                                        "Actual Total Time": 118.275,
                                                        "Actual Rows": 97361,
                                                        "Actual Loops": 1
                                                    },
                                                    {
                                                        "Worker Number": 2,
                                                        "Actual Startup Time": 118.352,
                                                        "Actual Total Time": 118.354,
                                                        "Actual Rows": 93016,
                                                        "Actual Loops": 1
                                                    },
                                                    {
                                                        "Worker Number": 3,
                                                        "Actual Startup Time": 118.304,
                                                        "Actual Total Time": 118.305,
                                                        "Actual Rows": 86811,
                                                        "Actual Loops": 1
                                                    },
                                                    {
                                                        "Worker Number": 4,
                                                        "Actual Startup Time": 119.072,
                                                        "Actual Total Time": 119.074,
                                                        "Actual Rows": 78282,
                                                        "Actual Loops": 1
                                                    }
                                                ],
                                                "Plans": [
                                                    {
                                                        "Node Type": "Seq Scan",
                                                        "Parent Relationship": "Outer",
                                                        "Parallel Aware": true,
                                                        "Relation Name": "title",
                                                        "Schema": "public",
                                                        "Alias": "t",
                                                        "Startup Cost": 0.0,
                                                        "Total Cost": 45479.21,
                                                        "Plan Rows": 136886,
                                                        "Plan Width": 4,
                                                        "Actual Startup Time": 50.122,
                                                        "Actual Total Time": 85.453,
                                                        "Actual Rows": 92886,
                                                        "Actual Loops": 6,
                                                        "Output": [
                                                            "t.id"
                                                        ],
                                                        "Filter": "((t.production_year < 2011) AND (t.kind_id = 1))",
                                                        "Rows Removed by Filter": 328499,
                                                        "Workers": [
                                                            {
                                                                "Worker Number": 0,
                                                                "Actual Startup Time": 50.046,
                                                                "Actual Total Time": 86.811,
                                                                "Actual Rows": 88749,
                                                                "Actual Loops": 1
                                                            },
                                                            {
                                                                "Worker Number": 1,
                                                                "Actual Startup Time": 50.089,
                                                                "Actual Total Time": 85.431,
                                                                "Actual Rows": 97361,
                                                                "Actual Loops": 1
                                                            },
                                                            {
                                                                "Worker Number": 2,
                                                                "Actual Startup Time": 50.333,
                                                                "Actual Total Time": 85.974,
                                                                "Actual Rows": 93016,
                                                                "Actual Loops": 1
                                                            },
                                                            {
                                                                "Worker Number": 3,
                                                                "Actual Startup Time": 49.982,
                                                                "Actual Total Time": 87.106,
                                                                "Actual Rows": 86811,
                                                                "Actual Loops": 1
                                                            },
                                                            {
                                                                "Worker Number": 4,
                                                                "Actual Startup Time": 50.127,
                                                                "Actual Total Time": 84.714,
                                                                "Actual Rows": 78282,
                                                                "Actual Loops": 1
                                                            }
                                                        ]
                                                    }
                                                ]
                                            }
                                        ]
                                    },
                                    {
                                        "Node Type": "Index Only Scan",
                                        "Parent Relationship": "Inner",
                                        "Parallel Aware": false,
                                        "Scan Direction": "Forward",
                                        "Index Name": "movie_id_cast_info",
                                        "Relation Name": "cast_info",
                                        "Schema": "public",
                                        "Alias": "ci",
                                        "Startup Cost": 0.56,
                                        "Total Cost": 1.97,
                                        "Plan Rows": 38,
                                        "Plan Width": 4,
                                        "Actual Startup Time": 0.003,
                                        "Actual Total Time": 0.022,
                                        "Actual Rows": 19,
                                        "Actual Loops": 893643,
                                        "Output": [
                                            "ci.movie_id"
                                        ],
                                        "Index Cond": "(ci.movie_id = mi.movie_id)",
                                        "Rows Removed by Index Recheck": 0,
                                        "Heap Fetches": 16848233,
                                        "Workers": [
                                            {
                                                "Worker Number": 0,
                                                "Actual Startup Time": 0.003,
                                                "Actual Total Time": 0.022,
                                                "Actual Rows": 19,
                                                "Actual Loops": 152878
                                            },
                                            {
                                                "Worker Number": 1,
                                                "Actual Startup Time": 0.003,
                                                "Actual Total Time": 0.022,
                                                "Actual Rows": 19,
                                                "Actual Loops": 152222
                                            },
                                            {
                                                "Worker Number": 2,
                                                "Actual Startup Time": 0.003,
                                                "Actual Total Time": 0.022,
                                                "Actual Rows": 19,
                                                "Actual Loops": 149422
                                            },
                                            {
                                                "Worker Number": 3,
                                                "Actual Startup Time": 0.003,
                                                "Actual Total Time": 0.022,
                                                "Actual Rows": 19,
                                                "Actual Loops": 150966
                                            },
                                            {
                                                "Worker Number": 4,
                                                "Actual Startup Time": 0.004,
                                                "Actual Total Time": 0.028,
                                                "Actual Rows": 19,
                                                "Actual Loops": 123570
                                            }
                                        ]
                                    }
                                ]
                            }
                        ]
                    }
                ]
            }
        ]
    },
    "Planning Time": 1.581,
    "Triggers": [],
    "Execution Time": 4376.947
}