{
  "Plan": {
    "Node Type": "Aggregate",
    "Strategy": "Plain",
    "Partial Mode": "Finalize",
    "Parallel Aware": false,
    "Startup Cost": 187547.43,
    "Total Cost": 187547.44,
    "Plan Rows": 1,
    "Plan Width": 8,
    "Actual Startup Time": 1703.503,
    "Actual Total Time": 1731.72,
    "Actual Rows": 1,
    "Actual Loops": 1,
    "Plans": [
      {
        "Node Type": "Gather",
        "Parent Relationship": "Outer",
        "Parallel Aware": false,
        "Startup Cost": 187547.32,
        "Total Cost": 187547.43,
        "Plan Rows": 1,
        "Plan Width": 8,
        "Actual Startup Time": 1698.989,
        "Actual Total Time": 1731.712,
        "Actual Rows": 2,
        "Actual Loops": 1,
        "Workers Planned": 1,
        "Workers Launched": 1,
        "Single Copy": false,
        "Plans": [
          {
            "Node Type": "Aggregate",
            "Strategy": "Plain",
            "Partial Mode": "Partial",
            "Parent Relationship": "Outer",
            "Parallel Aware": false,
            "Startup Cost": 186547.32,
            "Total Cost": 186547.33,
            "Plan Rows": 1,
            "Plan Width": 8,
            "Actual Startup Time": 1690.026,
            "Actual Total Time": 1690.03,
            "Actual Rows": 1,
            "Actual Loops": 2,
            "Plans": [
              {
                "Node Type": "Hash Join",
                "Parent Relationship": "Outer",
                "Parallel Aware": true,
                "Join Type": "Inner",
                "Startup Cost": 119073.03,
                "Total Cost": 185475.51,
                "Plan Rows": 428726,
                "Plan Width": 0,
                "Actual Startup Time": 801.457,
                "Actual Total Time": 1666.43,
                "Actual Rows": 587190,
                "Actual Loops": 2,
                "Inner Unique": false,
                "Hash Cond": "(t.id = mc.movie_id)",
                "Plans": [
                  {
                    "Node Type": "Hash Join",
                    "Parent Relationship": "Outer",
                    "Parallel Aware": true,
                    "Join Type": "Inner",
                    "Startup Cost": 69461.26,
                    "Total Cost": 127144.09,
                    "Plan Rows": 991637,
                    "Plan Width": 8,
                    "Actual Startup Time": 514.513,
                    "Actual Total Time": 1071.722,
                    "Actual Rows": 838790,
                    "Actual Loops": 2,
                    "Inner Unique": true,
                    "Hash Cond": "(ci.movie_id = t.id)",
                    "Plans": [
                      {
                        "Node Type": "Index Scan",
                        "Parent Relationship": "Outer",
                        "Parallel Aware": true,
                        "Scan Direction": "Forward",
                        "Index Name": "role_id_cast_info",
                        "Relation Name": "cast_info",
                        "Alias": "ci",
                        "Startup Cost": 0.56,
                        "Total Cost": 55080.34,
                        "Plan Rows": 991637,
                        "Plan Width": 4,
                        "Actual Startup Time": 0.159,
                        "Actual Total Time": 137.206,
                        "Actual Rows": 838790,
                        "Actual Loops": 2,
                        "Index Cond": "(role_id = 8)",
                        "Rows Removed by Index Recheck": 0,
                        "Filter": "(person_id > 62112)",
                        "Rows Removed by Filter": 12981
                      },
                      {
                        "Node Type": "Hash",
                        "Parent Relationship": "Inner",
                        "Parallel Aware": true,
                        "Startup Cost": 50870.31,
                        "Total Cost": 50870.31,
                        "Plan Rows": 1487231,
                        "Plan Width": 4,
                        "Actual Startup Time": 502.724,
                        "Actual Total Time": 502.725,
                        "Actual Rows": 1264156,
                        "Actual Loops": 2,
                        "Hash Buckets": 4194304,
                        "Original Hash Buckets": 4194304,
                        "Hash Batches": 1,
                        "Original Hash Batches": 1,
                        "Peak Memory Usage": 131680,
                        "Plans": [
                          {
                            "Node Type": "Seq Scan",
                            "Parent Relationship": "Outer",
                            "Parallel Aware": true,
                            "Relation Name": "title",
                            "Alias": "t",
                            "Startup Cost": 0.0,
                            "Total Cost": 50870.31,
                            "Plan Rows": 1487231,
                            "Plan Width": 4,
                            "Actual Startup Time": 0.018,
                            "Actual Total Time": 144.405,
                            "Actual Rows": 1264156,
                            "Actual Loops": 2
                          }
                        ]
                      }
                    ]
                  },
                  {
                    "Node Type": "Hash",
                    "Parent Relationship": "Inner",
                    "Parallel Aware": true,
                    "Startup Cost": 41574.35,
                    "Total Cost": 41574.35,
                    "Plan Rows": 642993,
                    "Plan Width": 4,
                    "Actual Startup Time": 272.433,
                    "Actual Total Time": 272.433,
                    "Actual Rows": 637123,
                    "Actual Loops": 2,
                    "Hash Buckets": 2097152,
                    "Original Hash Buckets": 2097152,
                    "Hash Batches": 1,
                    "Original Hash Batches": 1,
                    "Peak Memory Usage": 66240,
                    "Plans": [
                      {
                        "Node Type": "Index Scan",
                        "Parent Relationship": "Outer",
                        "Parallel Aware": true,
                        "Scan Direction": "Forward",
                        "Index Name": "company_type_id_movie_companies",
                        "Relation Name": "movie_companies",
                        "Alias": "mc",
                        "Startup Cost": 0.43,
                        "Total Cost": 41574.35,
                        "Plan Rows": 642993,
                        "Plan Width": 4,
                        "Actual Startup Time": 0.091,
                        "Actual Total Time": 128.754,
                        "Actual Rows": 637123,
                        "Actual Loops": 2,
                        "Index Cond": "(company_type_id < 2)",
                        "Rows Removed by Index Recheck": 0,
                        "Filter": "(company_id < 82790)",
                        "Rows Removed by Filter": 0
                      }
                    ]
                  }
                ]
              }
            ]
          }
        ]
      }
    ]
  },
  "Planning Time": 0.859,
  "Triggers": [],
  "Execution Time": 1731.806
}