[
  {
    "Plan": {
      "Node Type": "Aggregate",
      "Strategy": "Plain",
      "Partial Mode": "Finalize",
      "Parallel Aware": false,
      "Startup Cost": 340349.82,
      "Total Cost": 340349.83,
      "Plan Rows": 1,
      "Plan Width": 8,
      "Actual Startup Time": 926.165,
      "Actual Total Time": 971.639,
      "Actual Rows": 1,
      "Actual Loops": 1,
      "Plans": [
        {
          "Node Type": "Gather",
          "Parent Relationship": "Outer",
          "Parallel Aware": false,
          "Startup Cost": 340349.2,
          "Total Cost": 340349.81,
          "Plan Rows": 6,
          "Plan Width": 8,
          "Actual Startup Time": 925.82,
          "Actual Total Time": 971.622,
          "Actual Rows": 7,
          "Actual Loops": 1,
          "Workers Planned": 6,
          "Workers Launched": 6,
          "Single Copy": false,
          "Plans": [
            {
              "Node Type": "Aggregate",
              "Strategy": "Plain",
              "Partial Mode": "Partial",
              "Parent Relationship": "Outer",
              "Parallel Aware": false,
              "Startup Cost": 339349.2,
              "Total Cost": 339349.21,
              "Plan Rows": 1,
              "Plan Width": 8,
              "Actual Startup Time": 918.318,
              "Actual Total Time": 918.319,
              "Actual Rows": 1,
              "Actual Loops": 7,
              "Plans": [
                {
                  "Node Type": "Seq Scan",
                  "Parent Relationship": "Outer",
                  "Parallel Aware": true,
                  "Relation Name": "cast_info",
                  "Alias": "ci",
                  "Startup Cost": 0.0,
                  "Total Cost": 328211.39,
                  "Plan Rows": 4455123,
                  "Plan Width": 0,
                  "Actual Startup Time": 0.05,
                  "Actual Total Time": 700.636,
                  "Actual Rows": 3830356,
                  "Actual Loops": 7,
                  "Filter": "(person_id < 2761862)",
                  "Rows Removed by Filter": 1347408
                }
              ]
            }
          ]
        }
      ]
    },
    "Planning Time": 0.154,
    "Triggers": [],
    "Execution Time": 971.702
  }
]