[
    {
        "Bao": {
            "Bao prediction": "NaN",
            "Bao recommended hint": "(no hint)"
        }
    },
    {
        "Plan": {
            "Node Type": "Aggregate",
            "Strategy": "Plain",
            "Partial Mode": "Simple",
            "Parallel Aware": false,
            "Startup Cost": 26723.36,
            "Total Cost": 26723.37,
            "Plan Rows": 1,
            "Plan Width": 8,
            "Actual Startup Time": 28.555,
            "Actual Total Time": 28.557,
            "Actual Rows": 1,
            "Actual Loops": 1,
            "Output": [
                "count(*)"
            ],
            "Plans": [
                {
                    "Node Type": "Bitmap Heap Scan",
                    "Parent Relationship": "Outer",
                    "Parallel Aware": false,
                    "Relation Name": "movie_keyword",
                    "Schema": "public",
                    "Alias": "mk",
                    "Startup Cost": 900.78,
                    "Total Cost": 26617.44,
                    "Plan Rows": 42368,
                    "Plan Width": 0,
                    "Actual Startup Time": 4.867,
                    "Actual Total Time": 27.121,
                    "Actual Rows": 31860,
                    "Actual Loops": 1,
                    "Recheck Cond": "(mk.keyword_id < 38)",
                    "Rows Removed by Index Recheck": 0,
                    "Exact Heap Blocks": 11423,
                    "Lossy Heap Blocks": 0,
                    "Plans": [
                        {
                            "Node Type": "Bitmap Index Scan",
                            "Parent Relationship": "Outer",
                            "Parallel Aware": false,
                            "Index Name": "keyword_id_movie_keyword",
                            "Startup Cost": 0.0,
                            "Total Cost": 890.19,
                            "Plan Rows": 42368,
                            "Plan Width": 0,
                            "Actual Startup Time": 3.143,
                            "Actual Total Time": 3.144,
                            "Actual Rows": 31860,
                            "Actual Loops": 1,
                            "Index Cond": "(mk.keyword_id < 38)"
                        }
                    ]
                }
            ]
        },
        "Planning Time": 187.684,
        "Triggers": [],
        "Execution Time": 28.6
    }
]