[
    {
        "Bao": {
            "Bao prediction": "NaN",
            "Bao recommended hint": "(no hint)"
        }
    },
    {
        "Plan": {
            "Node Type": "Aggregate",
            "Strategy": "Plain",
            "Partial Mode": "Finalize",
            "Parallel Aware": false,
            "Startup Cost": 57815.26,
            "Total Cost": 57815.27,
            "Plan Rows": 1,
            "Plan Width": 8,
            "Actual Startup Time": 64.854,
            "Actual Total Time": 75.169,
            "Actual Rows": 1,
            "Actual Loops": 1,
            "Output": [
                "count(*)"
            ],
            "Plans": [
                {
                    "Node Type": "Gather",
                    "Parent Relationship": "Outer",
                    "Parallel Aware": false,
                    "Startup Cost": 57814.94,
                    "Total Cost": 57815.25,
                    "Plan Rows": 3,
                    "Plan Width": 8,
                    "Actual Startup Time": 64.599,
                    "Actual Total Time": 75.153,
                    "Actual Rows": 4,
                    "Actual Loops": 1,
                    "Output": [
                        "(PARTIAL count(*))"
                    ],
                    "Workers Planned": 3,
                    "Workers Launched": 3,
                    "Single Copy": false,
                    "Plans": [
                        {
                            "Node Type": "Aggregate",
                            "Strategy": "Plain",
                            "Partial Mode": "Partial",
                            "Parent Relationship": "Outer",
                            "Parallel Aware": false,
                            "Startup Cost": 56814.94,
                            "Total Cost": 56814.95,
                            "Plan Rows": 1,
                            "Plan Width": 8,
                            "Actual Startup Time": 55.793,
                            "Actual Total Time": 55.795,
                            "Actual Rows": 1,
                            "Actual Loops": 4,
                            "Output": [
                                "PARTIAL count(*)"
                            ],
                            "Workers": [
                                {
                                    "Worker Number": 0,
                                    "Actual Startup Time": 52.512,
                                    "Actual Total Time": 52.513,
                                    "Actual Rows": 1,
                                    "Actual Loops": 1
                                },
                                {
                                    "Worker Number": 1,
                                    "Actual Startup Time": 53.096,
                                    "Actual Total Time": 53.098,
                                    "Actual Rows": 1,
                                    "Actual Loops": 1
                                },
                                {
                                    "Worker Number": 2,
                                    "Actual Startup Time": 53.376,
                                    "Actual Total Time": 53.378,
                                    "Actual Rows": 1,
                                    "Actual Loops": 1
                                }
                            ],
                            "Plans": [
                                {
                                    "Node Type": "Nested Loop",
                                    "Parent Relationship": "Outer",
                                    "Parallel Aware": false,
                                    "Join Type": "Inner",
                                    "Startup Cost": 222.92,
                                    "Total Cost": 56798.26,
                                    "Plan Rows": 6675,
                                    "Plan Width": 0,
                                    "Actual Startup Time": 1.602,
                                    "Actual Total Time": 54.167,
                                    "Actual Rows": 20744,
                                    "Actual Loops": 4,
                                    "Inner Unique": false,
                                    "Workers": [
                                        {
                                            "Worker Number": 0,
                                            "Actual Startup Time": 0.655,
                                            "Actual Total Time": 51.387,
                                            "Actual Rows": 12446,
                                            "Actual Loops": 1
                                        },
                                        {
                                            "Worker Number": 1,
                                            "Actual Startup Time": 0.401,
                                            "Actual Total Time": 52.035,
                                            "Actual Rows": 11214,
                                            "Actual Loops": 1
                                        },
                                        {
                                            "Worker Number": 2,
                                            "Actual Startup Time": 0.385,
                                            "Actual Total Time": 52.275,
                                            "Actual Rows": 11601,
                                            "Actual Loops": 1
                                        }
                                    ],
                                    "Plans": [
                                        {
                                            "Node Type": "Bitmap Heap Scan",
                                            "Parent Relationship": "Outer",
                                            "Parallel Aware": true,
                                            "Relation Name": "title",
                                            "Schema": "public",
                                            "Alias": "t",
                                            "Startup Cost": 222.48,
                                            "Total Cost": 25079.31,
                                            "Plan Rows": 3915,
                                            "Plan Width": 4,
                                            "Actual Startup Time": 1.377,
                                            "Actual Total Time": 14.112,
                                            "Actual Rows": 3150,
                                            "Actual Loops": 4,
                                            "Output": [
                                                "t.id",
                                                "t.title",
                                                "t.imdb_index",
                                                "t.kind_id",
                                                "t.production_year",
                                                "t.imdb_id",
                                                "t.phonetic_code",
                                                "t.episode_of_id",
                                                "t.season_nr",
                                                "t.episode_nr",
                                                "t.series_years",
                                                "t.md5sum"
                                            ],
                                            "Recheck Cond": "(t.kind_id = 6)",
                                            "Rows Removed by Index Recheck": 0,
                                            "Exact Heap Blocks": 4626,
                                            "Lossy Heap Blocks": 0,
                                            "Workers": [
                                                {
                                                    "Worker Number": 0,
                                                    "Actual Startup Time": 0.207,
                                                    "Actual Total Time": 13.078,
                                                    "Actual Rows": 1779,
                                                    "Actual Loops": 1
                                                },
                                                {
                                                    "Worker Number": 1,
                                                    "Actual Startup Time": 0.178,
                                                    "Actual Total Time": 13.274,
                                                    "Actual Rows": 1771,
                                                    "Actual Loops": 1
                                                },
                                                {
                                                    "Worker Number": 2,
                                                    "Actual Startup Time": 0.176,
                                                    "Actual Total Time": 13.066,
                                                    "Actual Rows": 1759,
                                                    "Actual Loops": 1
                                                }
                                            ],
                                            "Plans": [
                                                {
                                                    "Node Type": "Bitmap Index Scan",
                                                    "Parent Relationship": "Outer",
                                                    "Parallel Aware": false,
                                                    "Index Name": "kind_id_title",
                                                    "Startup Cost": 0.0,
                                                    "Total Cost": 219.45,
                                                    "Plan Rows": 12136,
                                                    "Plan Width": 0,
                                                    "Actual Startup Time": 3.221,
                                                    "Actual Total Time": 3.221,
                                                    "Actual Rows": 12600,
                                                    "Actual Loops": 1,
                                                    "Index Cond": "(t.kind_id = 6)"
                                                }
                                            ]
                                        },
                                        {
                                            "Node Type": "Index Scan",
                                            "Parent Relationship": "Inner",
                                            "Parallel Aware": false,
                                            "Scan Direction": "Forward",
                                            "Index Name": "movie_id_movie_keyword",
                                            "Relation Name": "movie_keyword",
                                            "Schema": "public",
                                            "Alias": "mk",
                                            "Startup Cost": 0.43,
                                            "Total Cost": 7.67,
                                            "Plan Rows": 43,
                                            "Plan Width": 4,
                                            "Actual Startup Time": 0.01,
                                            "Actual Total Time": 0.011,
                                            "Actual Rows": 7,
                                            "Actual Loops": 12600,
                                            "Output": [
                                                "mk.id",
                                                "mk.movie_id",
                                                "mk.keyword_id"
                                            ],
                                            "Index Cond": "(mk.movie_id = t.id)",
                                            "Rows Removed by Index Recheck": 0,
                                            "Filter": "(mk.keyword_id > 137)",
                                            "Rows Removed by Filter": 0,
                                            "Workers": [
                                                {
                                                    "Worker Number": 0,
                                                    "Actual Startup Time": 0.018,
                                                    "Actual Total Time": 0.02,
                                                    "Actual Rows": 7,
                                                    "Actual Loops": 1779
                                                },
                                                {
                                                    "Worker Number": 1,
                                                    "Actual Startup Time": 0.018,
                                                    "Actual Total Time": 0.02,
                                                    "Actual Rows": 6,
                                                    "Actual Loops": 1771
                                                },
                                                {
                                                    "Worker Number": 2,
                                                    "Actual Startup Time": 0.019,
                                                    "Actual Total Time": 0.021,
                                                    "Actual Rows": 7,
                                                    "Actual Loops": 1759
                                                }
                                            ]
                                        }
                                    ]
                                }
                            ]
                        }
                    ]
                }
            ]
        },
        "Planning Time": 286.341,
        "Triggers": [],
        "Execution Time": 75.244
    }
]