[
  {
    "Plan": {
      "Node Type": "Aggregate",
      "Strategy": "Plain",
      "Partial Mode": "Simple",
      "Parallel Aware": false,
      "Startup Cost": 80720.83,
      "Total Cost": 80720.84,
      "Plan Rows": 1,
      "Plan Width": 64,
      "Actual Startup Time": 1727.209,
      "Actual Total Time": 1834.863,
      "Actual Rows": 1,
      "Actual Loops": 1,
      "Plans": [
        {
          "Node Type": "Gather",
          "Parent Relationship": "Outer",
          "Parallel Aware": false,
          "Startup Cost": 5745.63,
          "Total Cost": 80720.82,
          "Plan Rows": 2,
          "Plan Width": 33,
          "Actual Startup Time": 32.742,
          "Actual Total Time": 1834.85,
          "Actual Rows": 1,
          "Actual Loops": 1,
          "Workers Planned": 3,
          "Workers Launched": 3,
          "Single Copy": false,
          "Plans": [
            {
              "Node Type": "Nested Loop",
              "Parent Relationship": "Outer",
              "Parallel Aware": false,
              "Join Type": "Inner",
              "Startup Cost": 4745.63,
              "Total Cost": 79720.62,
              "Plan Rows": 1,
              "Plan Width": 33,
              "Actual Startup Time": 1292.849,
              "Actual Total Time": 1716.186,
              "Actual Rows": 0,
              "Actual Loops": 4,
              "Inner Unique": true,
              "Join Filter": "(ci.role_id = rt.id)",
              "Rows Removed by Join Filter": 0,
              "Plans": [
                {
                  "Node Type": "Nested Loop",
                  "Parent Relationship": "Outer",
                  "Parallel Aware": false,
                  "Join Type": "Inner",
                  "Startup Cost": 4745.63,
                  "Total Cost": 79719.35,
                  "Plan Rows": 1,
                  "Plan Width": 37,
                  "Actual Startup Time": 1292.846,
                  "Actual Total Time": 1716.182,
                  "Actual Rows": 0,
                  "Actual Loops": 4,
                  "Inner Unique": true,
                  "Join Filter": "(mc.company_type_id = ct.id)",
                  "Rows Removed by Join Filter": 0,
                  "Plans": [
                    {
                      "Node Type": "Nested Loop",
                      "Parent Relationship": "Outer",
                      "Parallel Aware": false,
                      "Join Type": "Inner",
                      "Startup Cost": 4745.63,
                      "Total Cost": 79718.26,
                      "Plan Rows": 1,
                      "Plan Width": 41,
                      "Actual Startup Time": 1292.844,
                      "Actual Total Time": 1716.179,
                      "Actual Rows": 0,
                      "Actual Loops": 4,
                      "Inner Unique": true,
                      "Plans": [
                        {
                          "Node Type": "Nested Loop",
                          "Parent Relationship": "Outer",
                          "Parallel Aware": false,
                          "Join Type": "Inner",
                          "Startup Cost": 4741.27,
                          "Total Cost": 79709.88,
                          "Plan Rows": 1,
                          "Plan Width": 29,
                          "Actual Startup Time": 1292.83,
                          "Actual Total Time": 1716.164,
                          "Actual Rows": 0,
                          "Actual Loops": 4,
                          "Inner Unique": true,
                          "Plans": [
                            {
                              "Node Type": "Nested Loop",
                              "Parent Relationship": "Outer",
                              "Parallel Aware": false,
                              "Join Type": "Inner",
                              "Startup Cost": 4740.81,
                              "Total Cost": 79692.02,
                              "Plan Rows": 4,
                              "Plan Width": 20,
                              "Actual Startup Time": 1015.374,
                              "Actual Total Time": 1716.143,
                              "Actual Rows": 1,
                              "Actual Loops": 4,
                              "Inner Unique": false,
                              "Plans": [
                                {
                                  "Node Type": "Hash Join",
                                  "Parent Relationship": "Outer",
                                  "Parallel Aware": true,
                                  "Join Type": "Inner",
                                  "Startup Cost": 4739.79,
                                  "Total Cost": 34155.73,
                                  "Plan Rows": 8220,
                                  "Plan Width": 8,
                                  "Actual Startup Time": 21.082,
                                  "Actual Total Time": 192.0,
                                  "Actual Rows": 14102,
                                  "Actual Loops": 4,
                                  "Inner Unique": true,
                                  "Hash Cond": "(mc.company_id = cn.id)",
                                  "Plans": [
                                    {
                                      "Node Type": "Seq Scan",
                                      "Parent Relationship": "Outer",
                                      "Parallel Aware": true,
                                      "Relation Name": "movie_companies",
                                      "Alias": "mc",
                                      "Startup Cost": 0.0,
                                      "Total Cost": 27206.55,
                                      "Plan Rows": 841655,
                                      "Plan Width": 12,
                                      "Actual Startup Time": 0.028,
                                      "Actual Total Time": 88.001,
                                      "Actual Rows": 652282,
                                      "Actual Loops": 4
                                    },
                                    {
                                      "Node Type": "Hash",
                                      "Parent Relationship": "Inner",
                                      "Parallel Aware": true,
                                      "Startup Cost": 4722.92,
                                      "Total Cost": 4722.92,
                                      "Plan Rows": 1350,
                                      "Plan Width": 4,
                                      "Actual Startup Time": 20.384,
                                      "Actual Total Time": 20.385,
                                      "Actual Rows": 585,
                                      "Actual Loops": 4,
                                      "Hash Buckets": 4096,
                                      "Original Hash Buckets": 4096,
                                      "Hash Batches": 1,
                                      "Original Hash Batches": 1,
                                      "Peak Memory Usage": 224,
                                      "Plans": [
                                        {
                                          "Node Type": "Seq Scan",
                                          "Parent Relationship": "Outer",
                                          "Parallel Aware": true,
                                          "Relation Name": "company_name",
                                          "Alias": "cn",
                                          "Startup Cost": 0.0,
                                          "Total Cost": 4722.92,
                                          "Plan Rows": 1350,
                                          "Plan Width": 4,
                                          "Actual Startup Time": 0.097,
                                          "Actual Total Time": 19.821,
                                          "Actual Rows": 585,
                                          "Actual Loops": 4,
                                          "Filter": "((country_code)::text = '[nl]'::text)",
                                          "Rows Removed by Filter": 58164
                                        }
                                      ]
                                    }
                                  ]
                                },
                                {
                                  "Node Type": "Bitmap Heap Scan",
                                  "Parent Relationship": "Inner",
                                  "Parallel Aware": false,
                                  "Relation Name": "cast_info",
                                  "Alias": "ci",
                                  "Startup Cost": 1.02,
                                  "Total Cost": 5.53,
                                  "Plan Rows": 1,
                                  "Plan Width": 12,
                                  "Actual Startup Time": 0.106,
                                  "Actual Total Time": 0.106,
                                  "Actual Rows": 0,
                                  "Actual Loops": 56410,
                                  "Recheck Cond": "(movie_id = mc.movie_id)",
                                  "Rows Removed by Index Recheck": 0,
                                  "Filter": "(note ~~ '%Rylan)%'::text)",
                                  "Rows Removed by Filter": 61,
                                  "Exact Heap Blocks": 809553,
                                  "Lossy Heap Blocks": 0,
                                  "Plans": [
                                    {
                                      "Node Type": "Bitmap Index Scan",
                                      "Parent Relationship": "Outer",
                                      "Parallel Aware": false,
                                      "Index Name": "movie_id_cast_info",
                                      "Startup Cost": 0.0,
                                      "Total Cost": 1.02,
                                      "Plan Rows": 34,
                                      "Plan Width": 0,
                                      "Actual Startup Time": 0.01,
                                      "Actual Total Time": 0.01,
                                      "Actual Rows": 61,
                                      "Actual Loops": 56410,
                                      "Index Cond": "(movie_id = mc.movie_id)"
                                    }
                                  ]
                                }
                              ]
                            },
                            {
                              "Node Type": "Bitmap Heap Scan",
                              "Parent Relationship": "Inner",
                              "Parallel Aware": false,
                              "Relation Name": "title",
                              "Alias": "t",
                              "Startup Cost": 0.45,
                              "Total Cost": 4.47,
                              "Plan Rows": 1,
                              "Plan Width": 21,
                              "Actual Startup Time": 0.021,
                              "Actual Total Time": 0.022,
                              "Actual Rows": 0,
                              "Actual Loops": 3,
                              "Recheck Cond": "(id = mc.movie_id)",
                              "Rows Removed by Index Recheck": 0,
                              "Filter": "(production_year > 2009)",
                              "Rows Removed by Filter": 1,
                              "Exact Heap Blocks": 1,
                              "Lossy Heap Blocks": 0,
                              "Plans": [
                                {
                                  "Node Type": "Bitmap Index Scan",
                                  "Parent Relationship": "Outer",
                                  "Parallel Aware": false,
                                  "Index Name": "title_pkey",
                                  "Startup Cost": 0.0,
                                  "Total Cost": 0.45,
                                  "Plan Rows": 1,
                                  "Plan Width": 0,
                                  "Actual Startup Time": 0.01,
                                  "Actual Total Time": 0.01,
                                  "Actual Rows": 1,
                                  "Actual Loops": 3,
                                  "Index Cond": "(id = mc.movie_id)"
                                }
                              ]
                            }
                          ]
                        },
                        {
                          "Node Type": "Bitmap Heap Scan",
                          "Parent Relationship": "Inner",
                          "Parallel Aware": false,
                          "Relation Name": "char_name",
                          "Alias": "chn",
                          "Startup Cost": 4.36,
                          "Total Cost": 8.37,
                          "Plan Rows": 1,
                          "Plan Width": 20,
                          "Actual Startup Time": 0.047,
                          "Actual Total Time": 0.048,
                          "Actual Rows": 1,
                          "Actual Loops": 1,
                          "Recheck Cond": "(id = ci.person_role_id)",
                          "Rows Removed by Index Recheck": 0,
                          "Exact Heap Blocks": 1,
                          "Lossy Heap Blocks": 0,
                          "Plans": [
                            {
                              "Node Type": "Bitmap Index Scan",
                              "Parent Relationship": "Outer",
                              "Parallel Aware": false,
                              "Index Name": "char_name_pkey",
                              "Startup Cost": 0.0,
                              "Total Cost": 4.36,
                              "Plan Rows": 1,
                              "Plan Width": 0,
                              "Actual Startup Time": 0.025,
                              "Actual Total Time": 0.026,
                              "Actual Rows": 1,
                              "Actual Loops": 1,
                              "Index Cond": "(id = ci.person_role_id)"
                            }
                          ]
                        }
                      ]
                    },
                    {
                      "Node Type": "Seq Scan",
                      "Parent Relationship": "Inner",
                      "Parallel Aware": false,
                      "Relation Name": "company_type",
                      "Alias": "ct",
                      "Startup Cost": 0.0,
                      "Total Cost": 1.04,
                      "Plan Rows": 4,
                      "Plan Width": 4,
                      "Actual Startup Time": 0.004,
                      "Actual Total Time": 0.005,
                      "Actual Rows": 1,
                      "Actual Loops": 1
                    }
                  ]
                },
                {
                  "Node Type": "Seq Scan",
                  "Parent Relationship": "Inner",
                  "Parallel Aware": false,
                  "Relation Name": "role_type",
                  "Alias": "rt",
                  "Startup Cost": 0.0,
                  "Total Cost": 1.12,
                  "Plan Rows": 12,
                  "Plan Width": 4,
                  "Actual Startup Time": 0.005,
                  "Actual Total Time": 0.006,
                  "Actual Rows": 2,
                  "Actual Loops": 1
                }
              ]
            }
          ]
        }
      ]
    },
    "Planning Time": 5.1,
    "Triggers": [],
    "Execution Time": 1835.166
  }
]