{
  "Plan": {
    "Node Type": "Aggregate",
    "Strategy": "Plain",
    "Partial Mode": "Finalize",
    "Parallel Aware": false,
    "Startup Cost": 518700.46,
    "Total Cost": 518700.47,
    "Plan Rows": 1,
    "Plan Width": 8,
    "Actual Startup Time": 1872.531,
    "Actual Total Time": 1872.63,
    "Actual Rows": 1,
    "Actual Loops": 1,
    "Plans": [
      {
        "Node Type": "Gather",
        "Parent Relationship": "Outer",
        "Parallel Aware": false,
        "Startup Cost": 518700.35,
        "Total Cost": 518700.46,
        "Plan Rows": 1,
        "Plan Width": 8,
        "Actual Startup Time": 1872.518,
        "Actual Total Time": 1872.624,
        "Actual Rows": 2,
        "Actual Loops": 1,
        "Workers Planned": 1,
        "Workers Launched": 1,
        "Single Copy": false,
        "Plans": [
          {
            "Node Type": "Aggregate",
            "Strategy": "Plain",
            "Partial Mode": "Partial",
            "Parent Relationship": "Outer",
            "Parallel Aware": false,
            "Startup Cost": 517700.35,
            "Total Cost": 517700.36,
            "Plan Rows": 1,
            "Plan Width": 8,
            "Actual Startup Time": 1709.512,
            "Actual Total Time": 1709.517,
            "Actual Rows": 1,
            "Actual Loops": 2,
            "Plans": [
              {
                "Node Type": "Merge Join",
                "Parent Relationship": "Outer",
                "Parallel Aware": false,
                "Join Type": "Inner",
                "Startup Cost": 508222.45,
                "Total Cost": 517236.71,
                "Plan Rows": 185454,
                "Plan Width": 0,
                "Actual Startup Time": 1690.535,
                "Actual Total Time": 1709.505,
                "Actual Rows": 22,
                "Actual Loops": 2,
                "Inner Unique": false,
                "Merge Cond": "(ci.movie_id = t.id)",
                "Plans": [
                  {
                    "Node Type": "Sort",
                    "Parent Relationship": "Outer",
                    "Parallel Aware": false,
                    "Startup Cost": 328471.28,
                    "Total Cost": 330786.72,
                    "Plan Rows": 926177,
                    "Plan Width": 4,
                    "Actual Startup Time": 528.502,
                    "Actual Total Time": 528.535,
                    "Actual Rows": 412,
                    "Actual Loops": 2,
                    "Sort Key": [
                      "ci.movie_id"
                    ],
                    "Sort Method": "quicksort",
                    "Sort Space Used": 47,
                    "Sort Space Type": "Memory",
                    "Workers": [
                      {
                        "Worker Number": 0,
                        "Sort Method": "quicksort",
                        "Sort Space Used": 70,
                        "Sort Space Type": "Memory"
                      }
                    ],
                    "Plans": [
                      {
                        "Node Type": "Index Scan",
                        "Parent Relationship": "Outer",
                        "Parallel Aware": true,
                        "Scan Direction": "Forward",
                        "Index Name": "role_id_cast_info",
                        "Relation Name": "cast_info",
                        "Alias": "ci",
                        "Startup Cost": 0.56,
                        "Total Cost": 236682.84,
                        "Plan Rows": 926177,
                        "Plan Width": 4,
                        "Actual Startup Time": 10.506,
                        "Actual Total Time": 528.231,
                        "Actual Rows": 728,
                        "Actual Loops": 2,
                        "Index Cond": "(role_id = 2)",
                        "Rows Removed by Index Recheck": 0,
                        "Filter": "(person_id < 773172)",
                        "Rows Removed by Filter": 3725258
                      }
                    ]
                  },
                  {
                    "Node Type": "Sort",
                    "Parent Relationship": "Inner",
                    "Parallel Aware": false,
                    "Startup Cost": 179751.08,
                    "Total Cost": 181016.71,
                    "Plan Rows": 506254,
                    "Plan Width": 8,
                    "Actual Startup Time": 1148.778,
                    "Actual Total Time": 1161.786,
                    "Actual Rows": 302790,
                    "Actual Loops": 2,
                    "Sort Key": [
                      "t.id"
                    ],
                    "Sort Method": "quicksort",
                    "Sort Space Used": 26482,
                    "Sort Space Type": "Memory",
                    "Workers": [
                      {
                        "Worker Number": 0,
                        "Sort Method": "quicksort",
                        "Sort Space Used": 26482,
                        "Sort Space Type": "Memory"
                      }
                    ],
                    "Plans": [
                      {
                        "Node Type": "Hash Join",
                        "Parent Relationship": "Outer",
                        "Parallel Aware": false,
                        "Join Type": "Inner",
                        "Startup Cost": 80054.51,
                        "Total Cost": 131784.77,
                        "Plan Rows": 506254,
                        "Plan Width": 8,
                        "Actual Startup Time": 367.302,
                        "Actual Total Time": 1077.002,
                        "Actual Rows": 302787,
                        "Actual Loops": 2,
                        "Inner Unique": true,
                        "Hash Cond": "(mc.movie_id = t.id)",
                        "Plans": [
                          {
                            "Node Type": "Seq Scan",
                            "Parent Relationship": "Outer",
                            "Parallel Aware": false,
                            "Relation Name": "movie_companies",
                            "Alias": "mc",
                            "Startup Cost": 0.0,
                            "Total Cost": 44881.29,
                            "Plan Rows": 2609129,
                            "Plan Width": 4,
                            "Actual Startup Time": 0.022,
                            "Actual Total Time": 222.859,
                            "Actual Rows": 2609129,
                            "Actual Loops": 2
                          },
                          {
                            "Node Type": "Hash",
                            "Parent Relationship": "Inner",
                            "Parallel Aware": false,
                            "Startup Cost": 73922.39,
                            "Total Cost": 73922.39,
                            "Plan Rows": 490569,
                            "Plan Width": 4,
                            "Actual Startup Time": 365.853,
                            "Actual Total Time": 365.854,
                            "Actual Rows": 379345,
                            "Actual Loops": 2,
                            "Hash Buckets": 524288,
                            "Original Hash Buckets": 524288,
                            "Hash Batches": 1,
                            "Original Hash Batches": 1,
                            "Peak Memory Usage": 17433,
                            "Plans": [
                              {
                                "Node Type": "Seq Scan",
                                "Parent Relationship": "Outer",
                                "Parallel Aware": false,
                                "Relation Name": "title",
                                "Alias": "t",
                                "Startup Cost": 0.0,
                                "Total Cost": 73922.39,
                                "Plan Rows": 490569,
                                "Plan Width": 4,
                                "Actual Startup Time": 0.02,
                                "Actual Total Time": 281.641,
                                "Actual Rows": 379345,
                                "Actual Loops": 2,
                                "Filter": "((production_year < 1995) AND (kind_id = 7))",
                                "Rows Removed by Filter": 2148967
                              }
                            ]
                          }
                        ]
                      }
                    ]
                  }
                ]
              }
            ]
          }
        ]
      }
    ]
  },
  "Planning Time": 1.087,
  "Triggers": [],
  "Execution Time": 1872.881
}