[
    {
        "Bao": {
            "Bao prediction": "NaN",
            "Bao recommended hint": "(no hint)"
        }
    },
    {
        "Plan": {
            "Node Type": "Aggregate",
            "Strategy": "Plain",
            "Partial Mode": "Finalize",
            "Parallel Aware": false,
            "Startup Cost": 33320.75,
            "Total Cost": 33320.76,
            "Plan Rows": 1,
            "Plan Width": 8,
            "Actual Startup Time": 135.883,
            "Actual Total Time": 142.569,
            "Actual Rows": 1,
            "Actual Loops": 1,
            "Output": [
                "count(*)"
            ],
            "Plans": [
                {
                    "Node Type": "Gather",
                    "Parent Relationship": "Outer",
                    "Parallel Aware": false,
                    "Startup Cost": 33320.43,
                    "Total Cost": 33320.74,
                    "Plan Rows": 3,
                    "Plan Width": 8,
                    "Actual Startup Time": 135.507,
                    "Actual Total Time": 142.557,
                    "Actual Rows": 4,
                    "Actual Loops": 1,
                    "Output": [
                        "(PARTIAL count(*))"
                    ],
                    "Workers Planned": 3,
                    "Workers Launched": 3,
                    "Single Copy": false,
                    "Plans": [
                        {
                            "Node Type": "Aggregate",
                            "Strategy": "Plain",
                            "Partial Mode": "Partial",
                            "Parent Relationship": "Outer",
                            "Parallel Aware": false,
                            "Startup Cost": 32320.43,
                            "Total Cost": 32320.44,
                            "Plan Rows": 1,
                            "Plan Width": 8,
                            "Actual Startup Time": 126.706,
                            "Actual Total Time": 126.707,
                            "Actual Rows": 1,
                            "Actual Loops": 4,
                            "Output": [
                                "PARTIAL count(*)"
                            ],
                            "Workers": [
                                {
                                    "Worker Number": 0,
                                    "Actual Startup Time": 123.953,
                                    "Actual Total Time": 123.954,
                                    "Actual Rows": 1,
                                    "Actual Loops": 1
                                },
                                {
                                    "Worker Number": 1,
                                    "Actual Startup Time": 123.969,
                                    "Actual Total Time": 123.971,
                                    "Actual Rows": 1,
                                    "Actual Loops": 1
                                },
                                {
                                    "Worker Number": 2,
                                    "Actual Startup Time": 124.071,
                                    "Actual Total Time": 124.074,
                                    "Actual Rows": 1,
                                    "Actual Loops": 1
                                }
                            ],
                            "Plans": [
                                {
                                    "Node Type": "Seq Scan",
                                    "Parent Relationship": "Outer",
                                    "Parallel Aware": true,
                                    "Relation Name": "movie_companies",
                                    "Schema": "public",
                                    "Alias": "mc",
                                    "Startup Cost": 0.0,
                                    "Total Cost": 31414.82,
                                    "Plan Rows": 362245,
                                    "Plan Width": 0,
                                    "Actual Startup Time": 57.572,
                                    "Actual Total Time": 111.624,
                                    "Actual Rows": 230831,
                                    "Actual Loops": 4,
                                    "Output": [
                                        "id",
                                        "movie_id",
                                        "company_id",
                                        "company_type_id",
                                        "note"
                                    ],
                                    "Filter": "((mc.company_id < 80884) AND (mc.company_type_id > 1))",
                                    "Rows Removed by Filter": 421452,
                                    "Workers": [
                                        {
                                            "Worker Number": 0,
                                            "Actual Startup Time": 54.82,
                                            "Actual Total Time": 109.353,
                                            "Actual Rows": 222124,
                                            "Actual Loops": 1
                                        },
                                        {
                                            "Worker Number": 1,
                                            "Actual Startup Time": 54.82,
                                            "Actual Total Time": 109.327,
                                            "Actual Rows": 223173,
                                            "Actual Loops": 1
                                        },
                                        {
                                            "Worker Number": 2,
                                            "Actual Startup Time": 54.952,
                                            "Actual Total Time": 109.437,
                                            "Actual Rows": 221283,
                                            "Actual Loops": 1
                                        }
                                    ]
                                }
                            ]
                        }
                    ]
                }
            ]
        },
        "Planning Time": 289.683,
        "Triggers": [],
        "Execution Time": 142.686
    }
]