[
  {
    "Plan": {
      "Node Type": "Aggregate",
      "Strategy": "Plain",
      "Partial Mode": "Finalize",
      "Parallel Aware": false,
      "Startup Cost": 76997.73,
      "Total Cost": 76997.74,
      "Plan Rows": 1,
      "Plan Width": 8,
      "Actual Startup Time": 408.593,
      "Actual Total Time": 421.903,
      "Actual Rows": 1,
      "Actual Loops": 1,
      "Plans": [
        {
          "Node Type": "Gather",
          "Parent Relationship": "Outer",
          "Parallel Aware": false,
          "Startup Cost": 76997.41,
          "Total Cost": 76997.72,
          "Plan Rows": 3,
          "Plan Width": 8,
          "Actual Startup Time": 400.992,
          "Actual Total Time": 421.893,
          "Actual Rows": 4,
          "Actual Loops": 1,
          "Workers Planned": 3,
          "Workers Launched": 3,
          "Single Copy": false,
          "Plans": [
            {
              "Node Type": "Aggregate",
              "Strategy": "Plain",
              "Partial Mode": "Partial",
              "Parent Relationship": "Outer",
              "Parallel Aware": false,
              "Startup Cost": 75997.41,
              "Total Cost": 75997.42,
              "Plan Rows": 1,
              "Plan Width": 8,
              "Actual Startup Time": 389.782,
              "Actual Total Time": 389.788,
              "Actual Rows": 1,
              "Actual Loops": 4,
              "Plans": [
                {
                  "Node Type": "Hash Join",
                  "Parent Relationship": "Outer",
                  "Parallel Aware": true,
                  "Join Type": "Inner",
                  "Startup Cost": 55755.69,
                  "Total Cost": 75791.5,
                  "Plan Rows": 82367,
                  "Plan Width": 0,
                  "Actual Startup Time": 325.64,
                  "Actual Total Time": 386.817,
                  "Actual Rows": 62230,
                  "Actual Loops": 4,
                  "Inner Unique": true,
                  "Hash Cond": "(mc.movie_id = t.id)",
                  "Plans": [
                    {
                      "Node Type": "Bitmap Heap Scan",
                      "Parent Relationship": "Outer",
                      "Parallel Aware": true,
                      "Relation Name": "movie_companies",
                      "Alias": "mc",
                      "Startup Cost": 5535.31,
                      "Total Cost": 25354.9,
                      "Plan Rows": 82367,
                      "Plan Width": 4,
                      "Actual Startup Time": 13.301,
                      "Actual Total Time": 38.038,
                      "Actual Rows": 62230,
                      "Actual Loops": 4,
                      "Recheck Cond": "(company_id < 119)",
                      "Rows Removed by Index Recheck": 0,
                      "Exact Heap Blocks": 5566,
                      "Lossy Heap Blocks": 0,
                      "Plans": [
                        {
                          "Node Type": "Bitmap Index Scan",
                          "Parent Relationship": "Outer",
                          "Parallel Aware": false,
                          "Index Name": "company_id_movie_companies",
                          "Startup Cost": 0.0,
                          "Total Cost": 5471.47,
                          "Plan Rows": 255339,
                          "Plan Width": 0,
                          "Actual Startup Time": 10.855,
                          "Actual Total Time": 10.855,
                          "Actual Rows": 248921,
                          "Actual Loops": 1,
                          "Index Cond": "(company_id < 119)"
                        }
                      ]
                    },
                    {
                      "Node Type": "Hash",
                      "Parent Relationship": "Inner",
                      "Parallel Aware": true,
                      "Startup Cost": 42319.06,
                      "Total Cost": 42319.06,
                      "Plan Rows": 632106,
                      "Plan Width": 4,
                      "Actual Startup Time": 304.318,
                      "Actual Total Time": 304.319,
                      "Actual Rows": 632078,
                      "Actual Loops": 4,
                      "Hash Buckets": 4194304,
                      "Original Hash Buckets": 4194304,
                      "Hash Batches": 1,
                      "Original Hash Batches": 1,
                      "Peak Memory Usage": 131776,
                      "Plans": [
                        {
                          "Node Type": "Seq Scan",
                          "Parent Relationship": "Outer",
                          "Parallel Aware": true,
                          "Relation Name": "title",
                          "Alias": "t",
                          "Startup Cost": 0.0,
                          "Total Cost": 42319.06,
                          "Plan Rows": 632106,
                          "Plan Width": 4,
                          "Actual Startup Time": 0.029,
                          "Actual Total Time": 89.417,
                          "Actual Rows": 632078,
                          "Actual Loops": 4
                        }
                      ]
                    }
                  ]
                }
              ]
            }
          ]
        }
      ]
    },
    "Planning Time": 0.28,
    "Triggers": [],
    "Execution Time": 421.948
  }
]