{
  "Plan": {
    "Node Type": "Aggregate",
    "Strategy": "Plain",
    "Partial Mode": "Finalize",
    "Parallel Aware": false,
    "Startup Cost": 117759.47,
    "Total Cost": 117759.48,
    "Plan Rows": 1,
    "Plan Width": 8,
    "Actual Startup Time": 459.077,
    "Actual Total Time": 472.838,
    "Actual Rows": 1,
    "Actual Loops": 1,
    "Plans": [
      {
        "Node Type": "Gather",
        "Parent Relationship": "Outer",
        "Parallel Aware": false,
        "Startup Cost": 117759.36,
        "Total Cost": 117759.47,
        "Plan Rows": 1,
        "Plan Width": 8,
        "Actual Startup Time": 458.78,
        "Actual Total Time": 472.831,
        "Actual Rows": 2,
        "Actual Loops": 1,
        "Workers Planned": 1,
        "Workers Launched": 1,
        "Single Copy": false,
        "Plans": [
          {
            "Node Type": "Aggregate",
            "Strategy": "Plain",
            "Partial Mode": "Partial",
            "Parent Relationship": "Outer",
            "Parallel Aware": false,
            "Startup Cost": 116759.36,
            "Total Cost": 116759.37,
            "Plan Rows": 1,
            "Plan Width": 8,
            "Actual Startup Time": 455.303,
            "Actual Total Time": 455.305,
            "Actual Rows": 1,
            "Actual Loops": 2,
            "Plans": [
              {
                "Node Type": "Hash Join",
                "Parent Relationship": "Outer",
                "Parallel Aware": true,
                "Join Type": "Inner",
                "Startup Cost": 58602.56,
                "Total Cost": 116653.4,
                "Plan Rows": 42384,
                "Plan Width": 0,
                "Actual Startup Time": 203.616,
                "Actual Total Time": 453.826,
                "Actual Rows": 34780,
                "Actual Loops": 2,
                "Inner Unique": true,
                "Hash Cond": "(mk.movie_id = t.id)",
                "Plans": [
                  {
                    "Node Type": "Seq Scan",
                    "Parent Relationship": "Outer",
                    "Parallel Aware": true,
                    "Relation Name": "movie_keyword",
                    "Alias": "mk",
                    "Startup Cost": 0.0,
                    "Total Cost": 51065.35,
                    "Plan Rows": 2661135,
                    "Plan Width": 4,
                    "Actual Startup Time": 0.013,
                    "Actual Total Time": 146.15,
                    "Actual Rows": 2261965,
                    "Actual Loops": 2
                  },
                  {
                    "Node Type": "Hash",
                    "Parent Relationship": "Inner",
                    "Parallel Aware": true,
                    "Startup Cost": 58306.47,
                    "Total Cost": 58306.47,
                    "Plan Rows": 23687,
                    "Plan Width": 4,
                    "Actual Startup Time": 143.265,
                    "Actual Total Time": 143.266,
                    "Actual Rows": 51988,
                    "Actual Loops": 2,
                    "Hash Buckets": 131072,
                    "Original Hash Buckets": 65536,
                    "Hash Batches": 1,
                    "Original Hash Batches": 1,
                    "Peak Memory Usage": 5632,
                    "Plans": [
                      {
                        "Node Type": "Seq Scan",
                        "Parent Relationship": "Outer",
                        "Parallel Aware": true,
                        "Relation Name": "title",
                        "Alias": "t",
                        "Startup Cost": 0.0,
                        "Total Cost": 58306.47,
                        "Plan Rows": 23687,
                        "Plan Width": 4,
                        "Actual Startup Time": 78.311,
                        "Actual Total Time": 130.594,
                        "Actual Rows": 51988,
                        "Actual Loops": 2,
                        "Filter": "((kind_id < 7) AND (production_year < 1926))",
                        "Rows Removed by Filter": 1212168
                      }
                    ]
                  }
                ]
              }
            ]
          }
        ]
      }
    ]
  },
  "Planning Time": 0.472,
  "Triggers": [],
  "Execution Time": 472.906
}