[
  {
    "Plan": {
      "Node Type": "Aggregate",
      "Strategy": "Plain",
      "Partial Mode": "Finalize",
      "Parallel Aware": false,
      "Startup Cost": 229478.45,
      "Total Cost": 229478.46,
      "Plan Rows": 1,
      "Plan Width": 8,
      "Actual Startup Time": 2863.68,
      "Actual Total Time": 2952.057,
      "Actual Rows": 1,
      "Actual Loops": 1,
      "Plans": [
        {
          "Node Type": "Gather",
          "Parent Relationship": "Outer",
          "Parallel Aware": false,
          "Startup Cost": 229478.13,
          "Total Cost": 229478.44,
          "Plan Rows": 3,
          "Plan Width": 8,
          "Actual Startup Time": 2855.757,
          "Actual Total Time": 2952.043,
          "Actual Rows": 4,
          "Actual Loops": 1,
          "Workers Planned": 3,
          "Workers Launched": 3,
          "Single Copy": false,
          "Plans": [
            {
              "Node Type": "Aggregate",
              "Strategy": "Plain",
              "Partial Mode": "Partial",
              "Parent Relationship": "Outer",
              "Parallel Aware": false,
              "Startup Cost": 228478.13,
              "Total Cost": 228478.14,
              "Plan Rows": 1,
              "Plan Width": 8,
              "Actual Startup Time": 2836.444,
              "Actual Total Time": 2836.449,
              "Actual Rows": 1,
              "Actual Loops": 4,
              "Plans": [
                {
                  "Node Type": "Nested Loop",
                  "Parent Relationship": "Outer",
                  "Parallel Aware": false,
                  "Join Type": "Inner",
                  "Startup Cost": 60354.44,
                  "Total Cost": 228353.24,
                  "Plan Rows": 49956,
                  "Plan Width": 0,
                  "Actual Startup Time": 404.335,
                  "Actual Total Time": 2811.009,
                  "Actual Rows": 402672,
                  "Actual Loops": 4,
                  "Inner Unique": false,
                  "Plans": [
                    {
                      "Node Type": "Hash Join",
                      "Parent Relationship": "Outer",
                      "Parallel Aware": true,
                      "Join Type": "Inner",
                      "Startup Cost": 60353.88,
                      "Total Cost": 81614.46,
                      "Plan Rows": 74183,
                      "Plan Width": 8,
                      "Actual Startup Time": 403.721,
                      "Actual Total Time": 521.341,
                      "Actual Rows": 86414,
                      "Actual Loops": 4,
                      "Inner Unique": true,
                      "Hash Cond": "(mc.movie_id = t.id)",
                      "Plans": [
                        {
                          "Node Type": "Bitmap Heap Scan",
                          "Parent Relationship": "Outer",
                          "Parallel Aware": true,
                          "Relation Name": "movie_companies",
                          "Alias": "mc",
                          "Startup Cost": 10133.49,
                          "Total Cost": 31199.35,
                          "Plan Rows": 74183,
                          "Plan Width": 4,
                          "Actual Startup Time": 22.014,
                          "Actual Total Time": 67.464,
                          "Actual Rows": 86414,
                          "Actual Loops": 4,
                          "Recheck Cond": "(company_id < 395)",
                          "Rows Removed by Index Recheck": 0,
                          "Filter": "(company_type_id = 1)",
                          "Rows Removed by Filter": 29287,
                          "Exact Heap Blocks": 6482,
                          "Lossy Heap Blocks": 0,
                          "Plans": [
                            {
                              "Node Type": "Bitmap Index Scan",
                              "Parent Relationship": "Outer",
                              "Parallel Aware": false,
                              "Index Name": "company_id_movie_companies",
                              "Startup Cost": 0.0,
                              "Total Cost": 10076.0,
                              "Plan Rows": 470343,
                              "Plan Width": 0,
                              "Actual Startup Time": 19.266,
                              "Actual Total Time": 19.266,
                              "Actual Rows": 462806,
                              "Actual Loops": 1,
                              "Index Cond": "(company_id < 395)"
                            }
                          ]
                        },
                        {
                          "Node Type": "Hash",
                          "Parent Relationship": "Inner",
                          "Parallel Aware": true,
                          "Startup Cost": 42319.06,
                          "Total Cost": 42319.06,
                          "Plan Rows": 632106,
                          "Plan Width": 4,
                          "Actual Startup Time": 370.219,
                          "Actual Total Time": 370.22,
                          "Actual Rows": 632078,
                          "Actual Loops": 4,
                          "Hash Buckets": 4194304,
                          "Original Hash Buckets": 4194304,
                          "Hash Batches": 1,
                          "Original Hash Batches": 1,
                          "Peak Memory Usage": 131744,
                          "Plans": [
                            {
                              "Node Type": "Seq Scan",
                              "Parent Relationship": "Outer",
                              "Parallel Aware": true,
                              "Relation Name": "title",
                              "Alias": "t",
                              "Startup Cost": 0.0,
                              "Total Cost": 42319.06,
                              "Plan Rows": 632106,
                              "Plan Width": 4,
                              "Actual Startup Time": 0.046,
                              "Actual Total Time": 109.943,
                              "Actual Rows": 632078,
                              "Actual Loops": 4
                            }
                          ]
                        }
                      ]
                    },
                    {
                      "Node Type": "Index Scan",
                      "Parent Relationship": "Inner",
                      "Parallel Aware": false,
                      "Scan Direction": "Forward",
                      "Index Name": "movie_id_cast_info",
                      "Relation Name": "cast_info",
                      "Alias": "ci",
                      "Startup Cost": 0.56,
                      "Total Cost": 1.96,
                      "Plan Rows": 2,
                      "Plan Width": 4,
                      "Actual Startup Time": 0.021,
                      "Actual Total Time": 0.026,
                      "Actual Rows": 5,
                      "Actual Loops": 345658,
                      "Index Cond": "(movie_id = t.id)",
                      "Rows Removed by Index Recheck": 0,
                      "Filter": "((person_id > 3360256) AND (role_id > 2))",
                      "Rows Removed by Filter": 26
                    }
                  ]
                }
              ]
            }
          ]
        }
      ]
    },
    "Planning Time": 1.36,
    "Triggers": [],
    "Execution Time": 2952.175
  }
]