{
    "Plan": {
        "Node Type": "Aggregate",
        "Strategy": "Plain",
        "Partial Mode": "Finalize",
        "Parallel Aware": false,
        "Startup Cost": 30021451445.06,
        "Total Cost": 30021451445.07,
        "Plan Rows": 1,
        "Plan Width": 96,
        "Actual Startup Time": 46591.631,
        "Actual Total Time": 46686.816,
        "Actual Rows": 1,
        "Actual Loops": 1,
        "Output": [
            "min(k.keyword)",
            "min(n.name)",
            "min(t.title)"
        ],
        "Plans": [
            {
                "Node Type": "Gather",
                "Parent Relationship": "Outer",
                "Parallel Aware": false,
                "Startup Cost": 30021451444.62,
                "Total Cost": 30021451445.03,
                "Plan Rows": 4,
                "Plan Width": 96,
                "Actual Startup Time": 41183.58,
                "Actual Total Time": 46686.772,
                "Actual Rows": 5,
                "Actual Loops": 1,
                "Output": [
                    "(PARTIAL min(k.keyword))",
                    "(PARTIAL min(n.name))",
                    "(PARTIAL min(t.title))"
                ],
                "Workers Planned": 4,
                "Workers Launched": 4,
                "Single Copy": false,
                "Plans": [
                    {
                        "Node Type": "Aggregate",
                        "Strategy": "Plain",
                        "Partial Mode": "Partial",
                        "Parent Relationship": "Outer",
                        "Parallel Aware": false,
                        "Startup Cost": 30021450444.62,
                        "Total Cost": 30021450444.63,
                        "Plan Rows": 1,
                        "Plan Width": 96,
                        "Actual Startup Time": 45036.758,
                        "Actual Total Time": 45036.769,
                        "Actual Rows": 1,
                        "Actual Loops": 5,
                        "Output": [
                            "PARTIAL min(k.keyword)",
                            "PARTIAL min(n.name)",
                            "PARTIAL min(t.title)"
                        ],
                        "Workers": [
                            {
                                "Worker Number": 0,
                                "Actual Startup Time": 44838.411,
                                "Actual Total Time": 44838.419,
                                "Actual Rows": 1,
                                "Actual Loops": 1
                            },
                            {
                                "Worker Number": 1,
                                "Actual Startup Time": 46424.914,
                                "Actual Total Time": 46424.923,
                                "Actual Rows": 1,
                                "Actual Loops": 1
                            },
                            {
                                "Worker Number": 2,
                                "Actual Startup Time": 46365.022,
                                "Actual Total Time": 46365.03,
                                "Actual Rows": 1,
                                "Actual Loops": 1
                            },
                            {
                                "Worker Number": 3,
                                "Actual Startup Time": 46373.141,
                                "Actual Total Time": 46373.15,
                                "Actual Rows": 1,
                                "Actual Loops": 1
                            }
                        ],
                        "Plans": [
                            {
                                "Node Type": "Nested Loop",
                                "Parent Relationship": "Outer",
                                "Parallel Aware": false,
                                "Join Type": "Inner",
                                "Startup Cost": 30021450225.61,
                                "Total Cost": 30021450444.49,
                                "Plan Rows": 17,
                                "Plan Width": 48,
                                "Actual Startup Time": 44540.346,
                                "Actual Total Time": 45036.466,
                                "Actual Rows": 648,
                                "Actual Loops": 5,
                                "Output": [
                                    "k.keyword",
                                    "n.name",
                                    "t.title"
                                ],
                                "Inner Unique": true,
                                "Join Filter": "(mk.movie_id = t.id)",
                                "Rows Removed by Join Filter": 0,
                                "Workers": [
                                    {
                                        "Worker Number": 0,
                                        "Actual Startup Time": 44428.765,
                                        "Actual Total Time": 44838.159,
                                        "Actual Rows": 564,
                                        "Actual Loops": 1
                                    },
                                    {
                                        "Worker Number": 1,
                                        "Actual Startup Time": 45880.312,
                                        "Actual Total Time": 46424.675,
                                        "Actual Rows": 462,
                                        "Actual Loops": 1
                                    },
                                    {
                                        "Worker Number": 2,
                                        "Actual Startup Time": 45847.018,
                                        "Actual Total Time": 46364.782,
                                        "Actual Rows": 480,
                                        "Actual Loops": 1
                                    },
                                    {
                                        "Worker Number": 3,
                                        "Actual Startup Time": 45819.343,
                                        "Actual Total Time": 46372.875,
                                        "Actual Rows": 526,
                                        "Actual Loops": 1
                                    }
                                ],
                                "Plans": [
                                    {
                                        "Node Type": "Merge Join",
                                        "Parent Relationship": "Outer",
                                        "Parallel Aware": false,
                                        "Join Type": "Inner",
                                        "Startup Cost": 20021450225.17,
                                        "Total Cost": 20021450328.37,
                                        "Plan Rows": 26,
                                        "Plan Width": 39,
                                        "Actual Startup Time": 44529.135,
                                        "Actual Total Time": 45023.05,
                                        "Actual Rows": 1044,
                                        "Actual Loops": 5,
                                        "Output": [
                                            "ci.movie_id",
                                            "mk.movie_id",
                                            "k.keyword",
                                            "n.name"
                                        ],
                                        "Inner Unique": false,
                                        "Merge Cond": "(n.id = ci.person_id)",
                                        "Workers": [
                                            {
                                                "Worker Number": 0,
                                                "Actual Startup Time": 44373.092,
                                                "Actual Total Time": 44824.523,
                                                "Actual Rows": 907,
                                                "Actual Loops": 1
                                            },
                                            {
                                                "Worker Number": 1,
                                                "Actual Startup Time": 45880.219,
                                                "Actual Total Time": 46413.367,
                                                "Actual Rows": 716,
                                                "Actual Loops": 1
                                            },
                                            {
                                                "Worker Number": 2,
                                                "Actual Startup Time": 45846.894,
                                                "Actual Total Time": 46351.868,
                                                "Actual Rows": 822,
                                                "Actual Loops": 1
                                            },
                                            {
                                                "Worker Number": 3,
                                                "Actual Startup Time": 45819.231,
                                                "Actual Total Time": 46358.063,
                                                "Actual Rows": 1014,
                                                "Actual Loops": 1
                                            }
                                        ],
                                        "Plans": [
                                            {
                                                "Node Type": "Sort",
                                                "Parent Relationship": "Outer",
                                                "Parallel Aware": false,
                                                "Startup Cost": 69339.67,
                                                "Total Cost": 69365.98,
                                                "Plan Rows": 10524,
                                                "Plan Width": 19,
                                                "Actual Startup Time": 184.322,
                                                "Actual Total Time": 184.671,
                                                "Actual Rows": 2137,
                                                "Actual Loops": 5,
                                                "Output": [
                                                    "n.name",
                                                    "n.id"
                                                ],
                                                "Sort Key": [
                                                    "n.id"
                                                ],
                                                "Sort Method": "quicksort",
                                                "Sort Space Used": 382,
                                                "Sort Space Type": "Memory",
                                                "Workers": [
                                                    {
                                                        "Worker Number": 0,
                                                        "Actual Startup Time": 181.196,
                                                        "Actual Total Time": 181.472,
                                                        "Actual Rows": 1723,
                                                        "Actual Loops": 1
                                                    },
                                                    {
                                                        "Worker Number": 1,
                                                        "Actual Startup Time": 181.811,
                                                        "Actual Total Time": 182.109,
                                                        "Actual Rows": 1671,
                                                        "Actual Loops": 1
                                                    },
                                                    {
                                                        "Worker Number": 2,
                                                        "Actual Startup Time": 181.931,
                                                        "Actual Total Time": 182.218,
                                                        "Actual Rows": 1679,
                                                        "Actual Loops": 1
                                                    },
                                                    {
                                                        "Worker Number": 3,
                                                        "Actual Startup Time": 182.02,
                                                        "Actual Total Time": 182.326,
                                                        "Actual Rows": 1707,
                                                        "Actual Loops": 1
                                                    }
                                                ],
                                                "Plans": [
                                                    {
                                                        "Node Type": "Seq Scan",
                                                        "Parent Relationship": "Outer",
                                                        "Parallel Aware": true,
                                                        "Relation Name": "name",
                                                        "Schema": "public",
                                                        "Alias": "n",
                                                        "Startup Cost": 0.0,
                                                        "Total Cost": 68636.59,
                                                        "Plan Rows": 10524,
                                                        "Plan Width": 19,
                                                        "Actual Startup Time": 3.262,
                                                        "Actual Total Time": 183.371,
                                                        "Actual Rows": 2193,
                                                        "Actual Loops": 5,
                                                        "Output": [
                                                            "n.name",
                                                            "n.id"
                                                        ],
                                                        "Filter": "(n.name ~~ '%Jones,%'::text)",
                                                        "Rows Removed by Filter": 831305,
                                                        "Workers": [
                                                            {
                                                                "Worker Number": 0,
                                                                "Actual Startup Time": 0.91,
                                                                "Actual Total Time": 180.231,
                                                                "Actual Rows": 1752,
                                                                "Actual Loops": 1
                                                            },
                                                            {
                                                                "Worker Number": 1,
                                                                "Actual Startup Time": 8.947,
                                                                "Actual Total Time": 180.849,
                                                                "Actual Rows": 1748,
                                                                "Actual Loops": 1
                                                            },
                                                            {
                                                                "Worker Number": 2,
                                                                "Actual Startup Time": 2.97,
                                                                "Actual Total Time": 180.975,
                                                                "Actual Rows": 1713,
                                                                "Actual Loops": 1
                                                            },
                                                            {
                                                                "Worker Number": 3,
                                                                "Actual Startup Time": 2.467,
                                                                "Actual Total Time": 181.075,
                                                                "Actual Rows": 1736,
                                                                "Actual Loops": 1
                                                            }
                                                        ]
                                                    }
                                                ]
                                            },
                                            {
                                                "Node Type": "Sort",
                                                "Parent Relationship": "Inner",
                                                "Parallel Aware": false,
                                                "Startup Cost": 20021380885.5,
                                                "Total Cost": 20021380911.41,
                                                "Plan Rows": 10363,
                                                "Plan Width": 28,
                                                "Actual Startup Time": 44315.585,
                                                "Actual Total Time": 44687.144,
                                                "Actual Rows": 1842633,
                                                "Actual Loops": 5,
                                                "Output": [
                                                    "ci.movie_id",
                                                    "ci.person_id",
                                                    "mk.movie_id",
                                                    "k.keyword"
                                                ],
                                                "Sort Key": [
                                                    "ci.person_id"
                                                ],
                                                "Sort Method": "quicksort",
                                                "Sort Space Used": 193108,
                                                "Sort Space Type": "Memory",
                                                "Workers": [
                                                    {
                                                        "Worker Number": 0,
                                                        "Actual Startup Time": 44163.438,
                                                        "Actual Total Time": 44498.652,
                                                        "Actual Rows": 1842633,
                                                        "Actual Loops": 1
                                                    },
                                                    {
                                                        "Worker Number": 1,
                                                        "Actual Startup Time": 45676.971,
                                                        "Actual Total Time": 46073.545,
                                                        "Actual Rows": 1842633,
                                                        "Actual Loops": 1
                                                    },
                                                    {
                                                        "Worker Number": 2,
                                                        "Actual Startup Time": 45620.295,
                                                        "Actual Total Time": 46012.319,
                                                        "Actual Rows": 1842633,
                                                        "Actual Loops": 1
                                                    },
                                                    {
                                                        "Worker Number": 3,
                                                        "Actual Startup Time": 45620.394,
                                                        "Actual Total Time": 46017.403,
                                                        "Actual Rows": 1842633,
                                                        "Actual Loops": 1
                                                    }
                                                ],
                                                "Plans": [
                                                    {
                                                        "Node Type": "Hash Join",
                                                        "Parent Relationship": "Outer",
                                                        "Parallel Aware": false,
                                                        "Join Type": "Inner",
                                                        "Startup Cost": 20001068375.32,
                                                        "Total Cost": 20021380194.33,
                                                        "Plan Rows": 10363,
                                                        "Plan Width": 28,
                                                        "Actual Startup Time": 17304.835,
                                                        "Actual Total Time": 43741.079,
                                                        "Actual Rows": 1842633,
                                                        "Actual Loops": 5,
                                                        "Output": [
                                                            "ci.movie_id",
                                                            "ci.person_id",
                                                            "mk.movie_id",
                                                            "k.keyword"
                                                        ],
                                                        "Inner Unique": false,
                                                        "Hash Cond": "(mk.movie_id = ci.movie_id)",
                                                        "Workers": [
                                                            {
                                                                "Worker Number": 0,
                                                                "Actual Startup Time": 16941.945,
                                                                "Actual Total Time": 43580.87,
                                                                "Actual Rows": 1842633,
                                                                "Actual Loops": 1
                                                            },
                                                            {
                                                                "Worker Number": 1,
                                                                "Actual Startup Time": 18839.427,
                                                                "Actual Total Time": 45066.749,
                                                                "Actual Rows": 1842633,
                                                                "Actual Loops": 1
                                                            },
                                                            {
                                                                "Worker Number": 2,
                                                                "Actual Startup Time": 18501.574,
                                                                "Actual Total Time": 45016.96,
                                                                "Actual Rows": 1842633,
                                                                "Actual Loops": 1
                                                            },
                                                            {
                                                                "Worker Number": 3,
                                                                "Actual Startup Time": 18501.573,
                                                                "Actual Total Time": 45017.009,
                                                                "Actual Rows": 1842633,
                                                                "Actual Loops": 1
                                                            }
                                                        ],
                                                        "Plans": [
                                                            {
                                                                "Node Type": "Nested Loop",
                                                                "Parent Relationship": "Outer",
                                                                "Parallel Aware": false,
                                                                "Join Type": "Inner",
                                                                "Startup Cost": 20000000000.86,
                                                                "Total Cost": 20020311702.64,
                                                                "Plan Rows": 270,
                                                                "Plan Width": 20,
                                                                "Actual Startup Time": 1.3,
                                                                "Actual Total Time": 25539.069,
                                                                "Actual Rows": 46081,
                                                                "Actual Loops": 5,
                                                                "Output": [
                                                                    "k.keyword",
                                                                    "mk.movie_id"
                                                                ],
                                                                "Inner Unique": true,
                                                                "Workers": [
                                                                    {
                                                                        "Worker Number": 0,
                                                                        "Actual Startup Time": 1.171,
                                                                        "Actual Total Time": 25793.969,
                                                                        "Actual Rows": 46081,
                                                                        "Actual Loops": 1
                                                                    },
                                                                    {
                                                                        "Worker Number": 1,
                                                                        "Actual Startup Time": 1.419,
                                                                        "Actual Total Time": 25290.015,
                                                                        "Actual Rows": 46081,
                                                                        "Actual Loops": 1
                                                                    },
                                                                    {
                                                                        "Worker Number": 2,
                                                                        "Actual Startup Time": 1.408,
                                                                        "Actual Total Time": 25575.756,
                                                                        "Actual Rows": 46081,
                                                                        "Actual Loops": 1
                                                                    },
                                                                    {
                                                                        "Worker Number": 3,
                                                                        "Actual Startup Time": 1.42,
                                                                        "Actual Total Time": 25569.139,
                                                                        "Actual Rows": 46081,
                                                                        "Actual Loops": 1
                                                                    }
                                                                ],
                                                                "Plans": [
                                                                    {
                                                                        "Node Type": "Index Scan",
                                                                        "Parent Relationship": "Outer",
                                                                        "Parallel Aware": false,
                                                                        "Scan Direction": "Forward",
                                                                        "Index Name": "movie_id_movie_keyword",
                                                                        "Relation Name": "movie_keyword",
                                                                        "Schema": "public",
                                                                        "Alias": "mk",
                                                                        "Startup Cost": 10000000000.43,
                                                                        "Total Cost": 10000177177.46,
                                                                        "Plan Rows": 4523930,
                                                                        "Plan Width": 8,
                                                                        "Actual Startup Time": 0.068,
                                                                        "Actual Total Time": 1320.199,
                                                                        "Actual Rows": 4523930,
                                                                        "Actual Loops": 5,
                                                                        "Output": [
                                                                            "mk.id",
                                                                            "mk.movie_id",
                                                                            "mk.keyword_id"
                                                                        ],
                                                                        "Workers": [
                                                                            {
                                                                                "Worker Number": 0,
                                                                                "Actual Startup Time": 0.079,
                                                                                "Actual Total Time": 1292.658,
                                                                                "Actual Rows": 4523930,
                                                                                "Actual Loops": 1
                                                                            },
                                                                            {
                                                                                "Worker Number": 1,
                                                                                "Actual Startup Time": 0.084,
                                                                                "Actual Total Time": 1323.511,
                                                                                "Actual Rows": 4523930,
                                                                                "Actual Loops": 1
                                                                            },
                                                                            {
                                                                                "Worker Number": 2,
                                                                                "Actual Startup Time": 0.07,
                                                                                "Actual Total Time": 1449.587,
                                                                                "Actual Rows": 4523930,
                                                                                "Actual Loops": 1
                                                                            },
                                                                            {
                                                                                "Worker Number": 3,
                                                                                "Actual Startup Time": 0.082,
                                                                                "Actual Total Time": 1360.255,
                                                                                "Actual Rows": 4523930,
                                                                                "Actual Loops": 1
                                                                            }
                                                                        ]
                                                                    },
                                                                    {
                                                                        "Node Type": "Bitmap Heap Scan",
                                                                        "Parent Relationship": "Inner",
                                                                        "Parallel Aware": false,
                                                                        "Relation Name": "keyword",
                                                                        "Schema": "public",
                                                                        "Alias": "k",
                                                                        "Startup Cost": 0.43,
                                                                        "Total Cost": 4.45,
                                                                        "Plan Rows": 1,
                                                                        "Plan Width": 20,
                                                                        "Actual Startup Time": 0.004,
                                                                        "Actual Total Time": 0.004,
                                                                        "Actual Rows": 0,
                                                                        "Actual Loops": 22619650,
                                                                        "Output": [
                                                                            "k.id",
                                                                            "k.keyword",
                                                                            "k.phonetic_code"
                                                                        ],
                                                                        "Recheck Cond": "(k.id = mk.keyword_id)",
                                                                        "Rows Removed by Index Recheck": 0,
                                                                        "Filter": "(k.keyword = ANY ('{marvel-cinematic-universe,marvel-comics,female-nudity,murder,tv-special,marvel-comics,marvel-comics,superhero}'::text[]))",
                                                                        "Rows Removed by Filter": 1,
                                                                        "Exact Heap Blocks": 4523930,
                                                                        "Lossy Heap Blocks": 0,
                                                                        "Workers": [
                                                                            {
                                                                                "Worker Number": 0,
                                                                                "Actual Startup Time": 0.004,
                                                                                "Actual Total Time": 0.004,
                                                                                "Actual Rows": 0,
                                                                                "Actual Loops": 4523930
                                                                            },
                                                                            {
                                                                                "Worker Number": 1,
                                                                                "Actual Startup Time": 0.004,
                                                                                "Actual Total Time": 0.004,
                                                                                "Actual Rows": 0,
                                                                                "Actual Loops": 4523930
                                                                            },
                                                                            {
                                                                                "Worker Number": 2,
                                                                                "Actual Startup Time": 0.004,
                                                                                "Actual Total Time": 0.004,
                                                                                "Actual Rows": 0,
                                                                                "Actual Loops": 4523930
                                                                            },
                                                                            {
                                                                                "Worker Number": 3,
                                                                                "Actual Startup Time": 0.004,
                                                                                "Actual Total Time": 0.004,
                                                                                "Actual Rows": 0,
                                                                                "Actual Loops": 4523930
                                                                            }
                                                                        ],
                                                                        "Plans": [
                                                                            {
                                                                                "Node Type": "Bitmap Index Scan",
                                                                                "Parent Relationship": "Outer",
                                                                                "Parallel Aware": false,
                                                                                "Index Name": "keyword_pkey",
                                                                                "Startup Cost": 0.0,
                                                                                "Total Cost": 0.43,
                                                                                "Plan Rows": 1,
                                                                                "Plan Width": 0,
                                                                                "Actual Startup Time": 0.002,
                                                                                "Actual Total Time": 0.002,
                                                                                "Actual Rows": 1,
                                                                                "Actual Loops": 22619650,
                                                                                "Index Cond": "(k.id = mk.keyword_id)",
                                                                                "Workers": [
                                                                                    {
                                                                                        "Worker Number": 0,
                                                                                        "Actual Startup Time": 0.003,
                                                                                        "Actual Total Time": 0.003,
                                                                                        "Actual Rows": 1,
                                                                                        "Actual Loops": 4523930
                                                                                    },
                                                                                    {
                                                                                        "Worker Number": 1,
                                                                                        "Actual Startup Time": 0.002,
                                                                                        "Actual Total Time": 0.002,
                                                                                        "Actual Rows": 1,
                                                                                        "Actual Loops": 4523930
                                                                                    },
                                                                                    {
                                                                                        "Worker Number": 2,
                                                                                        "Actual Startup Time": 0.002,
                                                                                        "Actual Total Time": 0.002,
                                                                                        "Actual Rows": 1,
                                                                                        "Actual Loops": 4523930
                                                                                    },
                                                                                    {
                                                                                        "Worker Number": 3,
                                                                                        "Actual Startup Time": 0.002,
                                                                                        "Actual Total Time": 0.002,
                                                                                        "Actual Rows": 1,
                                                                                        "Actual Loops": 4523930
                                                                                    }
                                                                                ]
                                                                            }
                                                                        ]
                                                                    }
                                                                ]
                                                            },
                                                            {
                                                                "Node Type": "Hash",
                                                                "Parent Relationship": "Inner",
                                                                "Parallel Aware": false,
                                                                "Startup Cost": 615214.76,
                                                                "Total Cost": 615214.76,
                                                                "Plan Rows": 36252776,
                                                                "Plan Width": 8,
                                                                "Actual Startup Time": 16948.939,
                                                                "Actual Total Time": 16948.941,
                                                                "Actual Rows": 36244344,
                                                                "Actual Loops": 5,
                                                                "Output": [
                                                                    "ci.movie_id",
                                                                    "ci.person_id"
                                                                ],
                                                                "Hash Buckets": 67108864,
                                                                "Original Hash Buckets": 67108864,
                                                                "Hash Batches": 1,
                                                                "Original Hash Batches": 1,
                                                                "Peak Memory Usage": 1940083,
                                                                "Workers": [
                                                                    {
                                                                        "Worker Number": 0,
                                                                        "Actual Startup Time": 16520.778,
                                                                        "Actual Total Time": 16520.78,
                                                                        "Actual Rows": 36244344,
                                                                        "Actual Loops": 1
                                                                    },
                                                                    {
                                                                        "Worker Number": 1,
                                                                        "Actual Startup Time": 18409.433,
                                                                        "Actual Total Time": 18409.435,
                                                                        "Actual Rows": 36244344,
                                                                        "Actual Loops": 1
                                                                    },
                                                                    {
                                                                        "Worker Number": 2,
                                                                        "Actual Startup Time": 18072.375,
                                                                        "Actual Total Time": 18072.377,
                                                                        "Actual Rows": 36244344,
                                                                        "Actual Loops": 1
                                                                    },
                                                                    {
                                                                        "Worker Number": 3,
                                                                        "Actual Startup Time": 18078.857,
                                                                        "Actual Total Time": 18078.859,
                                                                        "Actual Rows": 36244344,
                                                                        "Actual Loops": 1
                                                                    }
                                                                ],
                                                                "Plans": [
                                                                    {
                                                                        "Node Type": "Seq Scan",
                                                                        "Parent Relationship": "Outer",
                                                                        "Parallel Aware": false,
                                                                        "Relation Name": "cast_info",
                                                                        "Schema": "public",
                                                                        "Alias": "ci",
                                                                        "Startup Cost": 0.0,
                                                                        "Total Cost": 615214.76,
                                                                        "Plan Rows": 36252776,
                                                                        "Plan Width": 8,
                                                                        "Actual Startup Time": 0.066,
                                                                        "Actual Total Time": 3930.523,
                                                                        "Actual Rows": 36244344,
                                                                        "Actual Loops": 5,
                                                                        "Output": [
                                                                            "ci.movie_id",
                                                                            "ci.person_id"
                                                                        ],
                                                                        "Workers": [
                                                                            {
                                                                                "Worker Number": 0,
                                                                                "Actual Startup Time": 0.085,
                                                                                "Actual Total Time": 4076.209,
                                                                                "Actual Rows": 36244344,
                                                                                "Actual Loops": 1
                                                                            },
                                                                            {
                                                                                "Worker Number": 1,
                                                                                "Actual Startup Time": 0.062,
                                                                                "Actual Total Time": 4050.932,
                                                                                "Actual Rows": 36244344,
                                                                                "Actual Loops": 1
                                                                            },
                                                                            {
                                                                                "Worker Number": 2,
                                                                                "Actual Startup Time": 0.073,
                                                                                "Actual Total Time": 3980.493,
                                                                                "Actual Rows": 36244344,
                                                                                "Actual Loops": 1
                                                                            },
                                                                            {
                                                                                "Worker Number": 3,
                                                                                "Actual Startup Time": 0.088,
                                                                                "Actual Total Time": 3871.93,
                                                                                "Actual Rows": 36244344,
                                                                                "Actual Loops": 1
                                                                            }
                                                                        ]
                                                                    }
                                                                ]
                                                            }
                                                        ]
                                                    }
                                                ]
                                            }
                                        ]
                                    },
                                    {
                                        "Node Type": "Bitmap Heap Scan",
                                        "Parent Relationship": "Inner",
                                        "Parallel Aware": false,
                                        "Relation Name": "title",
                                        "Schema": "public",
                                        "Alias": "t",
                                        "Startup Cost": 0.44,
                                        "Total Cost": 4.45,
                                        "Plan Rows": 1,
                                        "Plan Width": 21,
                                        "Actual Startup Time": 0.011,
                                        "Actual Total Time": 0.011,
                                        "Actual Rows": 1,
                                        "Actual Loops": 5219,
                                        "Output": [
                                            "t.id",
                                            "t.title",
                                            "t.imdb_index",
                                            "t.kind_id",
                                            "t.production_year",
                                            "t.imdb_id",
                                            "t.phonetic_code",
                                            "t.episode_of_id",
                                            "t.season_nr",
                                            "t.episode_nr",
                                            "t.series_years",
                                            "t.md5sum"
                                        ],
                                        "Recheck Cond": "(t.id = ci.movie_id)",
                                        "Rows Removed by Index Recheck": 0,
                                        "Filter": "(t.production_year > 1994)",
                                        "Rows Removed by Filter": 0,
                                        "Exact Heap Blocks": 1760,
                                        "Lossy Heap Blocks": 0,
                                        "Workers": [
                                            {
                                                "Worker Number": 0,
                                                "Actual Startup Time": 0.013,
                                                "Actual Total Time": 0.013,
                                                "Actual Rows": 1,
                                                "Actual Loops": 907
                                            },
                                            {
                                                "Worker Number": 1,
                                                "Actual Startup Time": 0.014,
                                                "Actual Total Time": 0.014,
                                                "Actual Rows": 1,
                                                "Actual Loops": 716
                                            },
                                            {
                                                "Worker Number": 2,
                                                "Actual Startup Time": 0.014,
                                                "Actual Total Time": 0.014,
                                                "Actual Rows": 1,
                                                "Actual Loops": 822
                                            },
                                            {
                                                "Worker Number": 3,
                                                "Actual Startup Time": 0.013,
                                                "Actual Total Time": 0.013,
                                                "Actual Rows": 1,
                                                "Actual Loops": 1014
                                            }
                                        ],
                                        "Plans": [
                                            {
                                                "Node Type": "Bitmap Index Scan",
                                                "Parent Relationship": "Outer",
                                                "Parallel Aware": false,
                                                "Index Name": "title_pkey",
                                                "Startup Cost": 0.0,
                                                "Total Cost": 0.44,
                                                "Plan Rows": 1,
                                                "Plan Width": 0,
                                                "Actual Startup Time": 0.006,
                                                "Actual Total Time": 0.006,
                                                "Actual Rows": 1,
                                                "Actual Loops": 5219,
                                                "Index Cond": "(t.id = ci.movie_id)",
                                                "Workers": [
                                                    {
                                                        "Worker Number": 0,
                                                        "Actual Startup Time": 0.007,
                                                        "Actual Total Time": 0.007,
                                                        "Actual Rows": 1,
                                                        "Actual Loops": 907
                                                    },
                                                    {
                                                        "Worker Number": 1,
                                                        "Actual Startup Time": 0.007,
                                                        "Actual Total Time": 0.007,
                                                        "Actual Rows": 1,
                                                        "Actual Loops": 716
                                                    },
                                                    {
                                                        "Worker Number": 2,
                                                        "Actual Startup Time": 0.007,
                                                        "Actual Total Time": 0.007,
                                                        "Actual Rows": 1,
                                                        "Actual Loops": 822
                                                    },
                                                    {
                                                        "Worker Number": 3,
                                                        "Actual Startup Time": 0.006,
                                                        "Actual Total Time": 0.006,
                                                        "Actual Rows": 1,
                                                        "Actual Loops": 1014
                                                    }
                                                ]
                                            }
                                        ]
                                    }
                                ]
                            }
                        ]
                    }
                ]
            }
        ]
    },
    "Planning Time": 1.831,
    "Triggers": [],
    "Execution Time": 46711.263
}