[
    {
        "Bao": {
            "Bao prediction": "NaN",
            "Bao recommended hint": "(no hint)"
        }
    },
    {
        "Plan": {
            "Node Type": "Aggregate",
            "Strategy": "Plain",
            "Partial Mode": "Finalize",
            "Parallel Aware": false,
            "Startup Cost": 39349.52,
            "Total Cost": 39349.53,
            "Plan Rows": 1,
            "Plan Width": 8,
            "Actual Startup Time": 119.121,
            "Actual Total Time": 124.847,
            "Actual Rows": 1,
            "Actual Loops": 1,
            "Output": [
                "count(*)"
            ],
            "Plans": [
                {
                    "Node Type": "Gather",
                    "Parent Relationship": "Outer",
                    "Parallel Aware": false,
                    "Startup Cost": 39349.2,
                    "Total Cost": 39349.51,
                    "Plan Rows": 3,
                    "Plan Width": 8,
                    "Actual Startup Time": 118.783,
                    "Actual Total Time": 124.84,
                    "Actual Rows": 4,
                    "Actual Loops": 1,
                    "Output": [
                        "(PARTIAL count(*))"
                    ],
                    "Workers Planned": 3,
                    "Workers Launched": 3,
                    "Single Copy": false,
                    "Plans": [
                        {
                            "Node Type": "Aggregate",
                            "Strategy": "Plain",
                            "Partial Mode": "Partial",
                            "Parent Relationship": "Outer",
                            "Parallel Aware": false,
                            "Startup Cost": 38349.2,
                            "Total Cost": 38349.21,
                            "Plan Rows": 1,
                            "Plan Width": 8,
                            "Actual Startup Time": 110.32,
                            "Actual Total Time": 110.322,
                            "Actual Rows": 1,
                            "Actual Loops": 4,
                            "Output": [
                                "PARTIAL count(*)"
                            ],
                            "Workers": [
                                {
                                    "Worker Number": 0,
                                    "Actual Startup Time": 107.307,
                                    "Actual Total Time": 107.309,
                                    "Actual Rows": 1,
                                    "Actual Loops": 1
                                },
                                {
                                    "Worker Number": 1,
                                    "Actual Startup Time": 107.466,
                                    "Actual Total Time": 107.468,
                                    "Actual Rows": 1,
                                    "Actual Loops": 1
                                },
                                {
                                    "Worker Number": 2,
                                    "Actual Startup Time": 107.976,
                                    "Actual Total Time": 107.978,
                                    "Actual Rows": 1,
                                    "Actual Loops": 1
                                }
                            ],
                            "Plans": [
                                {
                                    "Node Type": "Bitmap Heap Scan",
                                    "Parent Relationship": "Outer",
                                    "Parallel Aware": true,
                                    "Relation Name": "movie_keyword",
                                    "Schema": "public",
                                    "Alias": "mk",
                                    "Startup Cost": 11314.25,
                                    "Total Cost": 37919.04,
                                    "Plan Rows": 172063,
                                    "Plan Width": 0,
                                    "Actual Startup Time": 31.983,
                                    "Actual Total Time": 102.843,
                                    "Actual Rows": 130464,
                                    "Actual Loops": 4,
                                    "Recheck Cond": "(mk.keyword_id > 34687)",
                                    "Rows Removed by Index Recheck": 0,
                                    "Exact Heap Blocks": 10834,
                                    "Lossy Heap Blocks": 0,
                                    "Workers": [
                                        {
                                            "Worker Number": 0,
                                            "Actual Startup Time": 29.258,
                                            "Actual Total Time": 100.504,
                                            "Actual Rows": 103202,
                                            "Actual Loops": 1
                                        },
                                        {
                                            "Worker Number": 1,
                                            "Actual Startup Time": 29.208,
                                            "Actual Total Time": 100.995,
                                            "Actual Rows": 98988,
                                            "Actual Loops": 1
                                        },
                                        {
                                            "Worker Number": 2,
                                            "Actual Startup Time": 29.608,
                                            "Actual Total Time": 101.046,
                                            "Actual Rows": 76429,
                                            "Actual Loops": 1
                                        }
                                    ],
                                    "Plans": [
                                        {
                                            "Node Type": "Bitmap Index Scan",
                                            "Parent Relationship": "Outer",
                                            "Parallel Aware": false,
                                            "Index Name": "keyword_id_movie_keyword",
                                            "Startup Cost": 0.0,
                                            "Total Cost": 11180.9,
                                            "Plan Rows": 533396,
                                            "Plan Width": 0,
                                            "Actual Startup Time": 36.488,
                                            "Actual Total Time": 36.489,
                                            "Actual Rows": 521857,
                                            "Actual Loops": 1,
                                            "Index Cond": "(mk.keyword_id > 34687)"
                                        }
                                    ]
                                }
                            ]
                        }
                    ]
                }
            ]
        },
        "Planning Time": 198.735,
        "Triggers": [],
        "Execution Time": 124.894
    }
]