{
    "Plan": {
        "Node Type": "Aggregate",
        "Strategy": "Plain",
        "Partial Mode": "Finalize",
        "Parallel Aware": false,
        "Startup Cost": 77435.54,
        "Total Cost": 77435.55,
        "Plan Rows": 1,
        "Plan Width": 8,
        "Actual Startup Time": 269.048,
        "Actual Total Time": 285.723,
        "Actual Rows": 1,
        "Actual Loops": 1,
        "Output": [
            "count(*)"
        ],
        "Plans": [
            {
                "Node Type": "Gather",
                "Parent Relationship": "Outer",
                "Parallel Aware": false,
                "Startup Cost": 77435.22,
                "Total Cost": 77435.53,
                "Plan Rows": 3,
                "Plan Width": 8,
                "Actual Startup Time": 268.247,
                "Actual Total Time": 285.701,
                "Actual Rows": 4,
                "Actual Loops": 1,
                "Output": [
                    "(PARTIAL count(*))"
                ],
                "Workers Planned": 3,
                "Workers Launched": 3,
                "Single Copy": false,
                "Plans": [
                    {
                        "Node Type": "Aggregate",
                        "Strategy": "Plain",
                        "Partial Mode": "Partial",
                        "Parent Relationship": "Outer",
                        "Parallel Aware": false,
                        "Startup Cost": 76435.22,
                        "Total Cost": 76435.23,
                        "Plan Rows": 1,
                        "Plan Width": 8,
                        "Actual Startup Time": 259.606,
                        "Actual Total Time": 259.697,
                        "Actual Rows": 1,
                        "Actual Loops": 4,
                        "Output": [
                            "PARTIAL count(*)"
                        ],
                        "Workers": [
                            {
                                "Worker Number": 0,
                                "Actual Startup Time": 256.68,
                                "Actual Total Time": 256.683,
                                "Actual Rows": 1,
                                "Actual Loops": 1
                            },
                            {
                                "Worker Number": 1,
                                "Actual Startup Time": 257.087,
                                "Actual Total Time": 257.09,
                                "Actual Rows": 1,
                                "Actual Loops": 1
                            },
                            {
                                "Worker Number": 2,
                                "Actual Startup Time": 257.085,
                                "Actual Total Time": 257.088,
                                "Actual Rows": 1,
                                "Actual Loops": 1
                            }
                        ],
                        "Plans": [
                            {
                                "Node Type": "Hash Join",
                                "Parent Relationship": "Outer",
                                "Parallel Aware": true,
                                "Join Type": "Inner",
                                "Startup Cost": 45663.47,
                                "Total Cost": 76403.48,
                                "Plan Rows": 12699,
                                "Plan Width": 0,
                                "Actual Startup Time": 133.058,
                                "Actual Total Time": 255.893,
                                "Actual Rows": 82367,
                                "Actual Loops": 4,
                                "Inner Unique": true,
                                "Hash Cond": "(mc.movie_id = t.id)",
                                "Workers": [
                                    {
                                        "Worker Number": 0,
                                        "Actual Startup Time": 130.204,
                                        "Actual Total Time": 253.114,
                                        "Actual Rows": 89392,
                                        "Actual Loops": 1
                                    },
                                    {
                                        "Worker Number": 1,
                                        "Actual Startup Time": 130.598,
                                        "Actual Total Time": 253.411,
                                        "Actual Rows": 91941,
                                        "Actual Loops": 1
                                    },
                                    {
                                        "Worker Number": 2,
                                        "Actual Startup Time": 130.343,
                                        "Actual Total Time": 253.817,
                                        "Actual Rows": 78272,
                                        "Actual Loops": 1
                                    }
                                ],
                                "Plans": [
                                    {
                                        "Node Type": "Seq Scan",
                                        "Parent Relationship": "Outer",
                                        "Parallel Aware": true,
                                        "Relation Name": "movie_companies",
                                        "Schema": "public",
                                        "Alias": "mc",
                                        "Startup Cost": 0.0,
                                        "Total Cost": 29310.68,
                                        "Plan Rows": 544505,
                                        "Plan Width": 4,
                                        "Actual Startup Time": 1.201,
                                        "Actual Total Time": 70.464,
                                        "Actual Rows": 422026,
                                        "Actual Loops": 4,
                                        "Output": [
                                            "mc.id",
                                            "mc.movie_id",
                                            "mc.company_id",
                                            "mc.company_type_id",
                                            "mc.note"
                                        ],
                                        "Filter": "(mc.company_id > 3139)",
                                        "Rows Removed by Filter": 230257,
                                        "Workers": [
                                            {
                                                "Worker Number": 0,
                                                "Actual Startup Time": 1.19,
                                                "Actual Total Time": 71.389,
                                                "Actual Rows": 465219,
                                                "Actual Loops": 1
                                            },
                                            {
                                                "Worker Number": 1,
                                                "Actual Startup Time": 1.198,
                                                "Actual Total Time": 71.392,
                                                "Actual Rows": 465661,
                                                "Actual Loops": 1
                                            },
                                            {
                                                "Worker Number": 2,
                                                "Actual Startup Time": 1.214,
                                                "Actual Total Time": 68.722,
                                                "Actual Rows": 399627,
                                                "Actual Loops": 1
                                            }
                                        ]
                                    },
                                    {
                                        "Node Type": "Hash",
                                        "Parent Relationship": "Inner",
                                        "Parallel Aware": true,
                                        "Startup Cost": 45479.21,
                                        "Total Cost": 45479.21,
                                        "Plan Rows": 14741,
                                        "Plan Width": 4,
                                        "Actual Startup Time": 119.924,
                                        "Actual Total Time": 119.925,
                                        "Actual Rows": 45794,
                                        "Actual Loops": 4,
                                        "Output": [
                                            "t.id"
                                        ],
                                        "Hash Buckets": 262144,
                                        "Original Hash Buckets": 65536,
                                        "Hash Batches": 1,
                                        "Original Hash Batches": 1,
                                        "Peak Memory Usage": 10816,
                                        "Workers": [
                                            {
                                                "Worker Number": 0,
                                                "Actual Startup Time": 117.626,
                                                "Actual Total Time": 117.627,
                                                "Actual Rows": 51377,
                                                "Actual Loops": 1
                                            },
                                            {
                                                "Worker Number": 1,
                                                "Actual Startup Time": 118.007,
                                                "Actual Total Time": 118.008,
                                                "Actual Rows": 51128,
                                                "Actual Loops": 1
                                            },
                                            {
                                                "Worker Number": 2,
                                                "Actual Startup Time": 117.8,
                                                "Actual Total Time": 117.801,
                                                "Actual Rows": 37823,
                                                "Actual Loops": 1
                                            }
                                        ],
                                        "Plans": [
                                            {
                                                "Node Type": "Seq Scan",
                                                "Parent Relationship": "Outer",
                                                "Parallel Aware": true,
                                                "Relation Name": "title",
                                                "Schema": "public",
                                                "Alias": "t",
                                                "Startup Cost": 0.0,
                                                "Total Cost": 45479.21,
                                                "Plan Rows": 14741,
                                                "Plan Width": 4,
                                                "Actual Startup Time": 61.71,
                                                "Actual Total Time": 99.953,
                                                "Actual Rows": 45794,
                                                "Actual Loops": 4,
                                                "Output": [
                                                    "t.id"
                                                ],
                                                "Filter": "((t.production_year < 1958) AND (t.kind_id = 1))",
                                                "Rows Removed by Filter": 586284,
                                                "Workers": [
                                                    {
                                                        "Worker Number": 0,
                                                        "Actual Startup Time": 58.698,
                                                        "Actual Total Time": 98.361,
                                                        "Actual Rows": 51377,
                                                        "Actual Loops": 1
                                                    },
                                                    {
                                                        "Worker Number": 1,
                                                        "Actual Startup Time": 59.948,
                                                        "Actual Total Time": 98.638,
                                                        "Actual Rows": 51128,
                                                        "Actual Loops": 1
                                                    },
                                                    {
                                                        "Worker Number": 2,
                                                        "Actual Startup Time": 60.419,
                                                        "Actual Total Time": 98.156,
                                                        "Actual Rows": 37823,
                                                        "Actual Loops": 1
                                                    }
                                                ]
                                            }
                                        ]
                                    }
                                ]
                            }
                        ]
                    }
                ]
            }
        ]
    },
    "Planning Time": 0.741,
    "Triggers": [],
    "Execution Time": 285.795
}