[
  {
    "Plan": {
      "Node Type": "Aggregate",
      "Strategy": "Plain",
      "Partial Mode": "Finalize",
      "Parallel Aware": false,
      "Startup Cost": 29107.06,
      "Total Cost": 29107.07,
      "Plan Rows": 1,
      "Plan Width": 8,
      "Actual Startup Time": 38.801,
      "Actual Total Time": 44.047,
      "Actual Rows": 1,
      "Actual Loops": 1,
      "Plans": [
        {
          "Node Type": "Gather",
          "Parent Relationship": "Outer",
          "Parallel Aware": false,
          "Startup Cost": 29106.84,
          "Total Cost": 29107.05,
          "Plan Rows": 2,
          "Plan Width": 8,
          "Actual Startup Time": 38.578,
          "Actual Total Time": 44.04,
          "Actual Rows": 3,
          "Actual Loops": 1,
          "Workers Planned": 2,
          "Workers Launched": 2,
          "Single Copy": false,
          "Plans": [
            {
              "Node Type": "Aggregate",
              "Strategy": "Plain",
              "Partial Mode": "Partial",
              "Parent Relationship": "Outer",
              "Parallel Aware": false,
              "Startup Cost": 28106.84,
              "Total Cost": 28106.85,
              "Plan Rows": 1,
              "Plan Width": 8,
              "Actual Startup Time": 30.261,
              "Actual Total Time": 30.262,
              "Actual Rows": 1,
              "Actual Loops": 3,
              "Plans": [
                {
                  "Node Type": "Nested Loop",
                  "Parent Relationship": "Outer",
                  "Parallel Aware": false,
                  "Join Type": "Inner",
                  "Startup Cost": 172.96,
                  "Total Cost": 28103.75,
                  "Plan Rows": 1238,
                  "Plan Width": 0,
                  "Actual Startup Time": 19.957,
                  "Actual Total Time": 30.254,
                  "Actual Rows": 17,
                  "Actual Loops": 3,
                  "Inner Unique": false,
                  "Plans": [
                    {
                      "Node Type": "Nested Loop",
                      "Parent Relationship": "Outer",
                      "Parallel Aware": false,
                      "Join Type": "Inner",
                      "Startup Cost": 172.53,
                      "Total Cost": 26832.1,
                      "Plan Rows": 692,
                      "Plan Width": 8,
                      "Actual Startup Time": 19.949,
                      "Actual Total Time": 30.18,
                      "Actual Rows": 9,
                      "Actual Loops": 3,
                      "Inner Unique": true,
                      "Plans": [
                        {
                          "Node Type": "Bitmap Heap Scan",
                          "Parent Relationship": "Outer",
                          "Parallel Aware": true,
                          "Relation Name": "movie_companies",
                          "Alias": "mc",
                          "Startup Cost": 172.1,
                          "Total Cost": 14722.13,
                          "Plan Rows": 1605,
                          "Plan Width": 4,
                          "Actual Startup Time": 2.384,
                          "Actual Total Time": 12.264,
                          "Actual Rows": 1458,
                          "Actual Loops": 3,
                          "Recheck Cond": "(company_id = 159)",
                          "Rows Removed by Index Recheck": 0,
                          "Filter": "(company_type_id = 1)",
                          "Rows Removed by Filter": 1062,
                          "Exact Heap Blocks": 3728,
                          "Lossy Heap Blocks": 0,
                          "Plans": [
                            {
                              "Node Type": "Bitmap Index Scan",
                              "Parent Relationship": "Outer",
                              "Parallel Aware": false,
                              "Index Name": "company_id_movie_companies",
                              "Startup Cost": 0.0,
                              "Total Cost": 171.13,
                              "Plan Rows": 7827,
                              "Plan Width": 0,
                              "Actual Startup Time": 4.724,
                              "Actual Total Time": 4.725,
                              "Actual Rows": 7560,
                              "Actual Loops": 1,
                              "Index Cond": "(company_id = 159)"
                            }
                          ]
                        },
                        {
                          "Node Type": "Index Scan",
                          "Parent Relationship": "Inner",
                          "Parallel Aware": false,
                          "Scan Direction": "Forward",
                          "Index Name": "title_pkey",
                          "Relation Name": "title",
                          "Alias": "t",
                          "Startup Cost": 0.43,
                          "Total Cost": 7.55,
                          "Plan Rows": 1,
                          "Plan Width": 4,
                          "Actual Startup Time": 0.012,
                          "Actual Total Time": 0.012,
                          "Actual Rows": 0,
                          "Actual Loops": 4375,
                          "Index Cond": "(id = mc.movie_id)",
                          "Rows Removed by Index Recheck": 0,
                          "Filter": "((production_year < 2009) AND (kind_id = 7))",
                          "Rows Removed by Filter": 1
                        }
                      ]
                    },
                    {
                      "Node Type": "Index Only Scan",
                      "Parent Relationship": "Inner",
                      "Parallel Aware": false,
                      "Scan Direction": "Forward",
                      "Index Name": "movie_id_movie_keyword",
                      "Relation Name": "movie_keyword",
                      "Alias": "mk",
                      "Startup Cost": 0.43,
                      "Total Cost": 1.39,
                      "Plan Rows": 45,
                      "Plan Width": 4,
                      "Actual Startup Time": 0.006,
                      "Actual Total Time": 0.007,
                      "Actual Rows": 2,
                      "Actual Loops": 26,
                      "Index Cond": "(movie_id = t.id)",
                      "Rows Removed by Index Recheck": 0,
                      "Heap Fetches": 51
                    }
                  ]
                }
              ]
            }
          ]
        }
      ]
    },
    "Planning Time": 1.516,
    "Triggers": [],
    "Execution Time": 44.149
  }
]