{
    "Plan": {
        "Node Type": "Aggregate",
        "Strategy": "Plain",
        "Partial Mode": "Simple",
        "Parallel Aware": false,
        "Startup Cost": 30008074667.8,
        "Total Cost": 30008074667.81,
        "Plan Rows": 1,
        "Plan Width": 8,
        "Actual Startup Time": 16741.546,
        "Actual Total Time": 16741.549,
        "Actual Rows": 1,
        "Actual Loops": 1,
        "Output": [
            "count(*)"
        ],
        "Plans": [
            {
                "Node Type": "Hash Join",
                "Parent Relationship": "Outer",
                "Parallel Aware": false,
                "Join Type": "Inner",
                "Startup Cost": 30000070882.58,
                "Total Cost": 30008063934.58,
                "Plan Rows": 4293287,
                "Plan Width": 0,
                "Actual Startup Time": 488.665,
                "Actual Total Time": 16128.74,
                "Actual Rows": 14202445,
                "Actual Loops": 1,
                "Inner Unique": false,
                "Hash Cond": "(t.id = mi_idx.movie_id)",
                "Plans": [
                    {
                        "Node Type": "Nested Loop",
                        "Parent Relationship": "Outer",
                        "Parallel Aware": false,
                        "Join Type": "Inner",
                        "Startup Cost": 20000000001.33,
                        "Total Cost": 20007900960.42,
                        "Plan Rows": 7865606,
                        "Plan Width": 8,
                        "Actual Startup Time": 0.07,
                        "Actual Total Time": 13540.354,
                        "Actual Rows": 9334799,
                        "Actual Loops": 1,
                        "Output": [
                            "t.id",
                            "mi.movie_id"
                        ],
                        "Inner Unique": false,
                        "Plans": [
                            {
                                "Node Type": "Index Scan",
                                "Parent Relationship": "Outer",
                                "Parallel Aware": false,
                                "Scan Direction": "Forward",
                                "Index Name": "title_pkey",
                                "Relation Name": "title",
                                "Schema": "public",
                                "Alias": "t",
                                "Startup Cost": 10000000000.43,
                                "Total Cost": 10000116662.9,
                                "Plan Rows": 1347791,
                                "Plan Width": 4,
                                "Actual Startup Time": 0.019,
                                "Actual Total Time": 1859.301,
                                "Actual Rows": 1348293,
                                "Actual Loops": 1,
                                "Output": [
                                    "t.id",
                                    "t.title",
                                    "t.imdb_index",
                                    "t.kind_id",
                                    "t.production_year",
                                    "t.imdb_id",
                                    "t.phonetic_code",
                                    "t.episode_of_id",
                                    "t.season_nr",
                                    "t.episode_nr",
                                    "t.series_years",
                                    "t.md5sum"
                                ],
                                "Filter": "(t.production_year < 2005)",
                                "Rows Removed by Filter": 1180019
                            },
                            {
                                "Node Type": "Bitmap Heap Scan",
                                "Parent Relationship": "Inner",
                                "Parallel Aware": false,
                                "Relation Name": "movie_info",
                                "Schema": "public",
                                "Alias": "mi",
                                "Startup Cost": 0.9,
                                "Total Cost": 5.39,
                                "Plan Rows": 39,
                                "Plan Width": 4,
                                "Actual Startup Time": 0.004,
                                "Actual Total Time": 0.006,
                                "Actual Rows": 7,
                                "Actual Loops": 1348293,
                                "Output": [
                                    "mi.id",
                                    "mi.movie_id",
                                    "mi.info_type_id",
                                    "mi.info",
                                    "mi.note"
                                ],
                                "Recheck Cond": "(mi.movie_id = t.id)",
                                "Rows Removed by Index Recheck": 0,
                                "Exact Heap Blocks": 6192739,
                                "Lossy Heap Blocks": 0,
                                "Plans": [
                                    {
                                        "Node Type": "Bitmap Index Scan",
                                        "Parent Relationship": "Outer",
                                        "Parallel Aware": false,
                                        "Index Name": "movie_id_movie_info",
                                        "Startup Cost": 0.0,
                                        "Total Cost": 0.89,
                                        "Plan Rows": 39,
                                        "Plan Width": 0,
                                        "Actual Startup Time": 0.003,
                                        "Actual Total Time": 0.003,
                                        "Actual Rows": 7,
                                        "Actual Loops": 1348293,
                                        "Index Cond": "(mi.movie_id = t.id)"
                                    }
                                ]
                            }
                        ]
                    },
                    {
                        "Node Type": "Hash",
                        "Parent Relationship": "Inner",
                        "Parallel Aware": false,
                        "Startup Cost": 10000053630.81,
                        "Total Cost": 10000053630.81,
                        "Plan Rows": 1380035,
                        "Plan Width": 4,
                        "Actual Startup Time": 469.492,
                        "Actual Total Time": 469.492,
                        "Actual Rows": 1380035,
                        "Actual Loops": 1,
                        "Output": [
                            "mi_idx.movie_id"
                        ],
                        "Hash Buckets": 2097152,
                        "Original Hash Buckets": 2097152,
                        "Hash Batches": 1,
                        "Original Hash Batches": 1,
                        "Peak Memory Usage": 64901,
                        "Plans": [
                            {
                                "Node Type": "Index Scan",
                                "Parent Relationship": "Outer",
                                "Parallel Aware": false,
                                "Scan Direction": "Forward",
                                "Index Name": "movie_id_movie_info_idx",
                                "Relation Name": "movie_info_idx",
                                "Schema": "public",
                                "Alias": "mi_idx",
                                "Startup Cost": 10000000000.43,
                                "Total Cost": 10000053630.81,
                                "Plan Rows": 1380035,
                                "Plan Width": 4,
                                "Actual Startup Time": 0.065,
                                "Actual Total Time": 241.493,
                                "Actual Rows": 1380035,
                                "Actual Loops": 1,
                                "Output": [
                                    "mi_idx.movie_id"
                                ]
                            }
                        ]
                    }
                ]
            }
        ]
    },
    "Planning Time": 3.477,
    "Triggers": [],
    "Execution Time": 16743.557
}