[
  {
    "Plan": {
      "Node Type": "Aggregate",
      "Strategy": "Plain",
      "Partial Mode": "Finalize",
      "Parallel Aware": false,
      "Startup Cost": 34262.19,
      "Total Cost": 34262.2,
      "Plan Rows": 1,
      "Plan Width": 8,
      "Actual Startup Time": 121.967,
      "Actual Total Time": 130.57,
      "Actual Rows": 1,
      "Actual Loops": 1,
      "Plans": [
        {
          "Node Type": "Gather",
          "Parent Relationship": "Outer",
          "Parallel Aware": false,
          "Startup Cost": 34261.87,
          "Total Cost": 34262.18,
          "Plan Rows": 3,
          "Plan Width": 8,
          "Actual Startup Time": 121.651,
          "Actual Total Time": 130.562,
          "Actual Rows": 4,
          "Actual Loops": 1,
          "Workers Planned": 3,
          "Workers Launched": 3,
          "Single Copy": false,
          "Plans": [
            {
              "Node Type": "Aggregate",
              "Strategy": "Plain",
              "Partial Mode": "Partial",
              "Parent Relationship": "Outer",
              "Parallel Aware": false,
              "Startup Cost": 33261.87,
              "Total Cost": 33261.88,
              "Plan Rows": 1,
              "Plan Width": 8,
              "Actual Startup Time": 115.513,
              "Actual Total Time": 115.515,
              "Actual Rows": 1,
              "Actual Loops": 4,
              "Plans": [
                {
                  "Node Type": "Bitmap Heap Scan",
                  "Parent Relationship": "Outer",
                  "Parallel Aware": true,
                  "Relation Name": "movie_keyword",
                  "Alias": "mk",
                  "Startup Cost": 7172.21,
                  "Total Cost": 32989.26,
                  "Plan Rows": 109044,
                  "Plan Width": 0,
                  "Actual Startup Time": 40.028,
                  "Actual Total Time": 109.857,
                  "Actual Rows": 88706,
                  "Actual Loops": 4,
                  "Recheck Cond": "(keyword_id < 317)",
                  "Rows Removed by Index Recheck": 0,
                  "Exact Heap Blocks": 12634,
                  "Lossy Heap Blocks": 0,
                  "Plans": [
                    {
                      "Node Type": "Bitmap Index Scan",
                      "Parent Relationship": "Outer",
                      "Parallel Aware": false,
                      "Index Name": "keyword_id_movie_keyword",
                      "Startup Cost": 0.0,
                      "Total Cost": 7087.7,
                      "Plan Rows": 338036,
                      "Plan Width": 0,
                      "Actual Startup Time": 40.404,
                      "Actual Total Time": 40.405,
                      "Actual Rows": 354824,
                      "Actual Loops": 1,
                      "Index Cond": "(keyword_id < 317)"
                    }
                  ]
                }
              ]
            }
          ]
        }
      ]
    },
    "Planning Time": 0.153,
    "Triggers": [],
    "Execution Time": 130.633
  }
]