[
  {
    "Plan": {
      "Node Type": "Aggregate",
      "Strategy": "Plain",
      "Partial Mode": "Finalize",
      "Parallel Aware": false,
      "Startup Cost": 148778.11,
      "Total Cost": 148778.12,
      "Plan Rows": 1,
      "Plan Width": 8,
      "Actual Startup Time": 832.517,
      "Actual Total Time": 893.612,
      "Actual Rows": 1,
      "Actual Loops": 1,
      "Plans": [
        {
          "Node Type": "Gather",
          "Parent Relationship": "Outer",
          "Parallel Aware": false,
          "Startup Cost": 148777.79,
          "Total Cost": 148778.1,
          "Plan Rows": 3,
          "Plan Width": 8,
          "Actual Startup Time": 829.576,
          "Actual Total Time": 893.6,
          "Actual Rows": 4,
          "Actual Loops": 1,
          "Workers Planned": 3,
          "Workers Launched": 3,
          "Single Copy": false,
          "Plans": [
            {
              "Node Type": "Aggregate",
              "Strategy": "Plain",
              "Partial Mode": "Partial",
              "Parent Relationship": "Outer",
              "Parallel Aware": false,
              "Startup Cost": 147777.79,
              "Total Cost": 147777.8,
              "Plan Rows": 1,
              "Plan Width": 8,
              "Actual Startup Time": 820.019,
              "Actual Total Time": 820.023,
              "Actual Rows": 1,
              "Actual Loops": 4,
              "Plans": [
                {
                  "Node Type": "Nested Loop",
                  "Parent Relationship": "Outer",
                  "Parallel Aware": false,
                  "Join Type": "Inner",
                  "Startup Cost": 52372.26,
                  "Total Cost": 147740.56,
                  "Plan Rows": 14894,
                  "Plan Width": 0,
                  "Actual Startup Time": 206.642,
                  "Actual Total Time": 807.173,
                  "Actual Rows": 287864,
                  "Actual Loops": 4,
                  "Inner Unique": false,
                  "Plans": [
                    {
                      "Node Type": "Hash Join",
                      "Parent Relationship": "Outer",
                      "Parallel Aware": true,
                      "Join Type": "Inner",
                      "Startup Cost": 52371.83,
                      "Total Cost": 78142.25,
                      "Plan Rows": 30288,
                      "Plan Width": 8,
                      "Actual Startup Time": 206.223,
                      "Actual Total Time": 277.657,
                      "Actual Rows": 36851,
                      "Actual Loops": 4,
                      "Inner Unique": true,
                      "Hash Cond": "(mk.movie_id = t.id)",
                      "Plans": [
                        {
                          "Node Type": "Bitmap Heap Scan",
                          "Parent Relationship": "Outer",
                          "Parallel Aware": true,
                          "Relation Name": "movie_keyword",
                          "Alias": "mk",
                          "Startup Cost": 5723.48,
                          "Total Cost": 31265.43,
                          "Plan Rows": 87036,
                          "Plan Width": 4,
                          "Actual Startup Time": 19.619,
                          "Actual Total Time": 57.624,
                          "Actual Rows": 70962,
                          "Actual Loops": 4,
                          "Recheck Cond": "(keyword_id < 236)",
                          "Rows Removed by Index Recheck": 0,
                          "Exact Heap Blocks": 7775,
                          "Lossy Heap Blocks": 0,
                          "Plans": [
                            {
                              "Node Type": "Bitmap Index Scan",
                              "Parent Relationship": "Outer",
                              "Parallel Aware": false,
                              "Index Name": "keyword_id_movie_keyword",
                              "Startup Cost": 0.0,
                              "Total Cost": 5656.02,
                              "Plan Rows": 269812,
                              "Plan Width": 0,
                              "Actual Startup Time": 16.069,
                              "Actual Total Time": 16.07,
                              "Actual Rows": 283847,
                              "Actual Loops": 1,
                              "Index Cond": "(keyword_id < 236)"
                            }
                          ]
                        },
                        {
                          "Node Type": "Hash",
                          "Parent Relationship": "Inner",
                          "Parallel Aware": true,
                          "Startup Cost": 43898.92,
                          "Total Cost": 43898.92,
                          "Plan Rows": 219955,
                          "Plan Width": 4,
                          "Actual Startup Time": 181.674,
                          "Actual Total Time": 181.675,
                          "Actual Rows": 221412,
                          "Actual Loops": 4,
                          "Hash Buckets": 1048576,
                          "Original Hash Buckets": 1048576,
                          "Hash Batches": 1,
                          "Original Hash Batches": 1,
                          "Peak Memory Usage": 42880,
                          "Plans": [
                            {
                              "Node Type": "Seq Scan",
                              "Parent Relationship": "Outer",
                              "Parallel Aware": true,
                              "Relation Name": "title",
                              "Alias": "t",
                              "Startup Cost": 0.0,
                              "Total Cost": 43898.92,
                              "Plan Rows": 219955,
                              "Plan Width": 4,
                              "Actual Startup Time": 0.037,
                              "Actual Total Time": 102.785,
                              "Actual Rows": 221412,
                              "Actual Loops": 4,
                              "Filter": "(production_year < 1997)",
                              "Rows Removed by Filter": 410666
                            }
                          ]
                        }
                      ]
                    },
                    {
                      "Node Type": "Index Scan",
                      "Parent Relationship": "Inner",
                      "Parallel Aware": false,
                      "Scan Direction": "Forward",
                      "Index Name": "movie_id_movie_info",
                      "Relation Name": "movie_info",
                      "Alias": "mi",
                      "Startup Cost": 0.43,
                      "Total Cost": 2.26,
                      "Plan Rows": 4,
                      "Plan Width": 4,
                      "Actual Startup Time": 0.01,
                      "Actual Total Time": 0.014,
                      "Actual Rows": 8,
                      "Actual Loops": 147403,
                      "Index Cond": "(movie_id = t.id)",
                      "Rows Removed by Index Recheck": 0,
                      "Filter": "(info_type_id > 18)",
                      "Rows Removed by Filter": 28
                    }
                  ]
                }
              ]
            }
          ]
        }
      ]
    },
    "Planning Time": 1.462,
    "Triggers": [],
    "Execution Time": 893.739
  }
]