[
  {
    "Plan": {
      "Node Type": "Aggregate",
      "Strategy": "Plain",
      "Partial Mode": "Finalize",
      "Parallel Aware": false,
      "Startup Cost": 32835.69,
      "Total Cost": 32835.7,
      "Plan Rows": 1,
      "Plan Width": 8,
      "Actual Startup Time": 98.807,
      "Actual Total Time": 106.441,
      "Actual Rows": 1,
      "Actual Loops": 1,
      "Plans": [
        {
          "Node Type": "Gather",
          "Parent Relationship": "Outer",
          "Parallel Aware": false,
          "Startup Cost": 32835.37,
          "Total Cost": 32835.68,
          "Plan Rows": 3,
          "Plan Width": 8,
          "Actual Startup Time": 98.574,
          "Actual Total Time": 106.433,
          "Actual Rows": 4,
          "Actual Loops": 1,
          "Workers Planned": 3,
          "Workers Launched": 3,
          "Single Copy": false,
          "Plans": [
            {
              "Node Type": "Aggregate",
              "Strategy": "Plain",
              "Partial Mode": "Partial",
              "Parent Relationship": "Outer",
              "Parallel Aware": false,
              "Startup Cost": 31835.37,
              "Total Cost": 31835.38,
              "Plan Rows": 1,
              "Plan Width": 8,
              "Actual Startup Time": 91.16,
              "Actual Total Time": 91.161,
              "Actual Rows": 1,
              "Actual Loops": 4,
              "Plans": [
                {
                  "Node Type": "Seq Scan",
                  "Parent Relationship": "Outer",
                  "Parallel Aware": true,
                  "Relation Name": "movie_companies",
                  "Alias": "mc",
                  "Startup Cost": 0.0,
                  "Total Cost": 31414.82,
                  "Plan Rows": 168221,
                  "Plan Width": 0,
                  "Actual Startup Time": 46.78,
                  "Actual Total Time": 82.35,
                  "Actual Rows": 208106,
                  "Actual Loops": 4,
                  "Filter": "((company_id > 15290) AND (company_type_id > 1))",
                  "Rows Removed by Filter": 444177
                }
              ]
            }
          ]
        }
      ]
    },
    "Planning Time": 0.176,
    "Triggers": [],
    "Execution Time": 106.487
  }
]