[
  {
    "Plan": {
      "Node Type": "Aggregate",
      "Strategy": "Plain",
      "Partial Mode": "Finalize",
      "Parallel Aware": false,
      "Startup Cost": 33041.14,
      "Total Cost": 33041.15,
      "Plan Rows": 1,
      "Plan Width": 8,
      "Actual Startup Time": 98.882,
      "Actual Total Time": 107.647,
      "Actual Rows": 1,
      "Actual Loops": 1,
      "Plans": [
        {
          "Node Type": "Gather",
          "Parent Relationship": "Outer",
          "Parallel Aware": false,
          "Startup Cost": 33040.82,
          "Total Cost": 33041.13,
          "Plan Rows": 3,
          "Plan Width": 8,
          "Actual Startup Time": 98.767,
          "Actual Total Time": 107.637,
          "Actual Rows": 4,
          "Actual Loops": 1,
          "Workers Planned": 3,
          "Workers Launched": 3,
          "Single Copy": false,
          "Plans": [
            {
              "Node Type": "Aggregate",
              "Strategy": "Plain",
              "Partial Mode": "Partial",
              "Parent Relationship": "Outer",
              "Parallel Aware": false,
              "Startup Cost": 32040.82,
              "Total Cost": 32040.83,
              "Plan Rows": 1,
              "Plan Width": 8,
              "Actual Startup Time": 90.896,
              "Actual Total Time": 90.897,
              "Actual Rows": 1,
              "Actual Loops": 4,
              "Plans": [
                {
                  "Node Type": "Seq Scan",
                  "Parent Relationship": "Outer",
                  "Parallel Aware": true,
                  "Relation Name": "movie_companies",
                  "Alias": "mc",
                  "Startup Cost": 0.0,
                  "Total Cost": 31414.82,
                  "Plan Rows": 250401,
                  "Plan Width": 0,
                  "Actual Startup Time": 9.517,
                  "Actual Total Time": 83.791,
                  "Actual Rows": 139737,
                  "Actual Loops": 4,
                  "Filter": "((company_id > 5692) AND (company_type_id < 2))",
                  "Rows Removed by Filter": 512546
                }
              ]
            }
          ]
        }
      ]
    },
    "Planning Time": 0.214,
    "Triggers": [],
    "Execution Time": 107.709
  }
]