[
  {
    "Plan": {
      "Node Type": "Aggregate",
      "Strategy": "Plain",
      "Partial Mode": "Finalize",
      "Parallel Aware": false,
      "Startup Cost": 46665.93,
      "Total Cost": 46665.94,
      "Plan Rows": 1,
      "Plan Width": 8,
      "Actual Startup Time": 195.995,
      "Actual Total Time": 206.365,
      "Actual Rows": 1,
      "Actual Loops": 1,
      "Plans": [
        {
          "Node Type": "Gather",
          "Parent Relationship": "Outer",
          "Parallel Aware": false,
          "Startup Cost": 46665.61,
          "Total Cost": 46665.92,
          "Plan Rows": 3,
          "Plan Width": 8,
          "Actual Startup Time": 195.867,
          "Actual Total Time": 206.356,
          "Actual Rows": 4,
          "Actual Loops": 1,
          "Workers Planned": 3,
          "Workers Launched": 3,
          "Single Copy": false,
          "Plans": [
            {
              "Node Type": "Aggregate",
              "Strategy": "Plain",
              "Partial Mode": "Partial",
              "Parent Relationship": "Outer",
              "Parallel Aware": false,
              "Startup Cost": 45665.61,
              "Total Cost": 45665.62,
              "Plan Rows": 1,
              "Plan Width": 8,
              "Actual Startup Time": 187.682,
              "Actual Total Time": 187.683,
              "Actual Rows": 1,
              "Actual Loops": 4,
              "Plans": [
                {
                  "Node Type": "Seq Scan",
                  "Parent Relationship": "Outer",
                  "Parallel Aware": true,
                  "Relation Name": "movie_keyword",
                  "Alias": "mk",
                  "Startup Cost": 0.0,
                  "Total Cost": 42695.65,
                  "Plan Rows": 1187982,
                  "Plan Width": 0,
                  "Actual Startup Time": 0.062,
                  "Actual Total Time": 139.684,
                  "Actual Rows": 923048,
                  "Actual Loops": 4,
                  "Filter": "(keyword_id < 22136)",
                  "Rows Removed by Filter": 207935
                }
              ]
            }
          ]
        }
      ]
    },
    "Planning Time": 0.158,
    "Triggers": [],
    "Execution Time": 206.415
  }
]