[
  {
    "Plan": {
      "Node Type": "Aggregate",
      "Strategy": "Plain",
      "Partial Mode": "Finalize",
      "Parallel Aware": false,
      "Startup Cost": 10564.15,
      "Total Cost": 10564.16,
      "Plan Rows": 1,
      "Plan Width": 8,
      "Actual Startup Time": 42.644,
      "Actual Total Time": 45.125,
      "Actual Rows": 1,
      "Actual Loops": 1,
      "Plans": [
        {
          "Node Type": "Gather",
          "Parent Relationship": "Outer",
          "Parallel Aware": false,
          "Startup Cost": 10563.84,
          "Total Cost": 10564.15,
          "Plan Rows": 3,
          "Plan Width": 8,
          "Actual Startup Time": 42.462,
          "Actual Total Time": 45.118,
          "Actual Rows": 4,
          "Actual Loops": 1,
          "Workers Planned": 3,
          "Workers Launched": 3,
          "Single Copy": false,
          "Plans": [
            {
              "Node Type": "Aggregate",
              "Strategy": "Plain",
              "Partial Mode": "Partial",
              "Parent Relationship": "Outer",
              "Parallel Aware": false,
              "Startup Cost": 9563.84,
              "Total Cost": 9563.85,
              "Plan Rows": 1,
              "Plan Width": 8,
              "Actual Startup Time": 34.485,
              "Actual Total Time": 34.486,
              "Actual Rows": 1,
              "Actual Loops": 4,
              "Plans": [
                {
                  "Node Type": "Index Scan",
                  "Parent Relationship": "Outer",
                  "Parallel Aware": true,
                  "Scan Direction": "Forward",
                  "Index Name": "role_id_cast_info",
                  "Relation Name": "cast_info",
                  "Alias": "ci",
                  "Startup Cost": 0.56,
                  "Total Cost": 9367.76,
                  "Plan Rows": 78430,
                  "Plan Width": 0,
                  "Actual Startup Time": 0.126,
                  "Actual Total Time": 28.279,
                  "Actual Rows": 66164,
                  "Actual Loops": 4,
                  "Index Cond": "(role_id = 7)",
                  "Rows Removed by Index Recheck": 0,
                  "Filter": "(person_id > 911160)",
                  "Rows Removed by Filter": 2937
                }
              ]
            }
          ]
        }
      ]
    },
    "Planning Time": 0.236,
    "Triggers": [],
    "Execution Time": 45.234
  }
]