[
  {
    "Plan": {
      "Node Type": "Aggregate",
      "Strategy": "Plain",
      "Partial Mode": "Finalize",
      "Parallel Aware": false,
      "Startup Cost": 270794.87,
      "Total Cost": 270794.88,
      "Plan Rows": 1,
      "Plan Width": 8,
      "Actual Startup Time": 1187.906,
      "Actual Total Time": 1232.341,
      "Actual Rows": 1,
      "Actual Loops": 1,
      "Plans": [
        {
          "Node Type": "Gather",
          "Parent Relationship": "Outer",
          "Parallel Aware": false,
          "Startup Cost": 270794.35,
          "Total Cost": 270794.86,
          "Plan Rows": 5,
          "Plan Width": 8,
          "Actual Startup Time": 1181.806,
          "Actual Total Time": 1232.329,
          "Actual Rows": 6,
          "Actual Loops": 1,
          "Workers Planned": 5,
          "Workers Launched": 5,
          "Single Copy": false,
          "Plans": [
            {
              "Node Type": "Aggregate",
              "Strategy": "Plain",
              "Partial Mode": "Partial",
              "Parent Relationship": "Outer",
              "Parallel Aware": false,
              "Startup Cost": 269794.35,
              "Total Cost": 269794.36,
              "Plan Rows": 1,
              "Plan Width": 8,
              "Actual Startup Time": 1172.056,
              "Actual Total Time": 1172.317,
              "Actual Rows": 1,
              "Actual Loops": 6,
              "Plans": [
                {
                  "Node Type": "Hash Join",
                  "Parent Relationship": "Outer",
                  "Parallel Aware": true,
                  "Join Type": "Inner",
                  "Startup Cost": 64345.67,
                  "Total Cost": 268808.51,
                  "Plan Rows": 394338,
                  "Plan Width": 0,
                  "Actual Startup Time": 269.617,
                  "Actual Total Time": 1077.533,
                  "Actual Rows": 2223802,
                  "Actual Loops": 6,
                  "Inner Unique": false,
                  "Hash Cond": "(mi.movie_id = t.id)",
                  "Plans": [
                    {
                      "Node Type": "Seq Scan",
                      "Parent Relationship": "Outer",
                      "Parallel Aware": true,
                      "Relation Name": "movie_info",
                      "Alias": "mi",
                      "Startup Cost": 0.0,
                      "Total Cost": 191685.19,
                      "Plan Rows": 2969219,
                      "Plan Width": 4,
                      "Actual Startup Time": 0.051,
                      "Actual Total Time": 300.86,
                      "Actual Rows": 2472620,
                      "Actual Loops": 6
                    },
                    {
                      "Node Type": "Hash",
                      "Parent Relationship": "Inner",
                      "Parallel Aware": true,
                      "Startup Cost": 62596.73,
                      "Total Cost": 62596.73,
                      "Plan Rows": 139915,
                      "Plan Width": 8,
                      "Actual Startup Time": 255.696,
                      "Actual Total Time": 255.955,
                      "Actual Rows": 101270,
                      "Actual Loops": 6,
                      "Hash Buckets": 1048576,
                      "Original Hash Buckets": 524288,
                      "Hash Batches": 1,
                      "Original Hash Batches": 1,
                      "Peak Memory Usage": 36128,
                      "Plans": [
                        {
                          "Node Type": "Hash Join",
                          "Parent Relationship": "Outer",
                          "Parallel Aware": true,
                          "Join Type": "Inner",
                          "Startup Cost": 47402.17,
                          "Total Cost": 62596.73,
                          "Plan Rows": 139915,
                          "Plan Width": 8,
                          "Actual Startup Time": 161.4,
                          "Actual Total Time": 207.85,
                          "Actual Rows": 101270,
                          "Actual Loops": 6,
                          "Inner Unique": true,
                          "Hash Cond": "(mi_idx.movie_id = t.id)",
                          "Plans": [
                            {
                              "Node Type": "Seq Scan",
                              "Parent Relationship": "Outer",
                              "Parallel Aware": true,
                              "Relation Name": "movie_info_idx",
                              "Alias": "mi_idx",
                              "Startup Cost": 0.0,
                              "Total Cost": 13685.15,
                              "Plan Rows": 575015,
                              "Plan Width": 4,
                              "Actual Startup Time": 0.012,
                              "Actual Total Time": 23.606,
                              "Actual Rows": 230006,
                              "Actual Loops": 6
                            },
                            {
                              "Node Type": "Hash",
                              "Parent Relationship": "Inner",
                              "Parallel Aware": true,
                              "Startup Cost": 45479.59,
                              "Total Cost": 45479.59,
                              "Plan Rows": 153807,
                              "Plan Width": 4,
                              "Actual Startup Time": 137.139,
                              "Actual Total Time": 137.14,
                              "Actual Rows": 91581,
                              "Actual Loops": 6,
                              "Hash Buckets": 1048576,
                              "Original Hash Buckets": 1048576,
                              "Hash Batches": 1,
                              "Original Hash Batches": 1,
                              "Peak Memory Usage": 29824,
                              "Plans": [
                                {
                                  "Node Type": "Seq Scan",
                                  "Parent Relationship": "Outer",
                                  "Parallel Aware": true,
                                  "Relation Name": "title",
                                  "Alias": "t",
                                  "Startup Cost": 0.0,
                                  "Total Cost": 45479.59,
                                  "Plan Rows": 153807,
                                  "Plan Width": 4,
                                  "Actual Startup Time": 46.434,
                                  "Actual Total Time": 89.581,
                                  "Actual Rows": 91581,
                                  "Actual Loops": 6,
                                  "Filter": "((production_year > 1926) AND (kind_id = 1))",
                                  "Rows Removed by Filter": 329804
                                }
                              ]
                            }
                          ]
                        }
                      ]
                    }
                  ]
                }
              ]
            }
          ]
        }
      ]
    },
    "Planning Time": 1.359,
    "Triggers": [],
    "Execution Time": 1232.431
  }
]