[
  {
    "Plan": {
      "Node Type": "Aggregate",
      "Strategy": "Plain",
      "Partial Mode": "Finalize",
      "Parallel Aware": false,
      "Startup Cost": 46378.53,
      "Total Cost": 46378.54,
      "Plan Rows": 1,
      "Plan Width": 8,
      "Actual Startup Time": 160.439,
      "Actual Total Time": 170.158,
      "Actual Rows": 1,
      "Actual Loops": 1,
      "Plans": [
        {
          "Node Type": "Gather",
          "Parent Relationship": "Outer",
          "Parallel Aware": false,
          "Startup Cost": 46378.21,
          "Total Cost": 46378.52,
          "Plan Rows": 3,
          "Plan Width": 8,
          "Actual Startup Time": 160.33,
          "Actual Total Time": 170.15,
          "Actual Rows": 4,
          "Actual Loops": 1,
          "Workers Planned": 3,
          "Workers Launched": 3,
          "Single Copy": false,
          "Plans": [
            {
              "Node Type": "Aggregate",
              "Strategy": "Plain",
              "Partial Mode": "Partial",
              "Parent Relationship": "Outer",
              "Parallel Aware": false,
              "Startup Cost": 45378.21,
              "Total Cost": 45378.22,
              "Plan Rows": 1,
              "Plan Width": 8,
              "Actual Startup Time": 154.734,
              "Actual Total Time": 154.735,
              "Actual Rows": 1,
              "Actual Loops": 4,
              "Plans": [
                {
                  "Node Type": "Seq Scan",
                  "Parent Relationship": "Outer",
                  "Parallel Aware": true,
                  "Relation Name": "movie_keyword",
                  "Alias": "mk",
                  "Startup Cost": 0.0,
                  "Total Cost": 42695.65,
                  "Plan Rows": 1073022,
                  "Plan Width": 0,
                  "Actual Startup Time": 0.051,
                  "Actual Total Time": 118.16,
                  "Actual Rows": 830668,
                  "Actual Loops": 4,
                  "Filter": "(keyword_id < 15305)",
                  "Rows Removed by Filter": 300315
                }
              ]
            }
          ]
        }
      ]
    },
    "Planning Time": 0.182,
    "Triggers": [],
    "Execution Time": 170.214
  }
]