{
  "Plan": {
    "Node Type": "Aggregate",
    "Strategy": "Plain",
    "Partial Mode": "Finalize",
    "Parallel Aware": false,
    "Startup Cost": 620117.15,
    "Total Cost": 620117.16,
    "Plan Rows": 1,
    "Plan Width": 8,
    "Actual Startup Time": 2787.134,
    "Actual Total Time": 2823.509,
    "Actual Rows": 1,
    "Actual Loops": 1,
    "Plans": [
      {
        "Node Type": "Gather",
        "Parent Relationship": "Outer",
        "Parallel Aware": false,
        "Startup Cost": 620117.04,
        "Total Cost": 620117.15,
        "Plan Rows": 1,
        "Plan Width": 8,
        "Actual Startup Time": 2786.092,
        "Actual Total Time": 2823.5,
        "Actual Rows": 2,
        "Actual Loops": 1,
        "Workers Planned": 1,
        "Workers Launched": 1,
        "Single Copy": false,
        "Plans": [
          {
            "Node Type": "Aggregate",
            "Strategy": "Plain",
            "Partial Mode": "Partial",
            "Parent Relationship": "Outer",
            "Parallel Aware": false,
            "Startup Cost": 619117.04,
            "Total Cost": 619117.05,
            "Plan Rows": 1,
            "Plan Width": 8,
            "Actual Startup Time": 2779.573,
            "Actual Total Time": 2779.581,
            "Actual Rows": 1,
            "Actual Loops": 2,
            "Plans": [
              {
                "Node Type": "Hash Join",
                "Parent Relationship": "Outer",
                "Parallel Aware": true,
                "Join Type": "Inner",
                "Startup Cost": 578822.04,
                "Total Cost": 618997.22,
                "Plan Rows": 47928,
                "Plan Width": 0,
                "Actual Startup Time": 2366.301,
                "Actual Total Time": 2764.224,
                "Actual Rows": 255186,
                "Actual Loops": 2,
                "Inner Unique": false,
                "Hash Cond": "(mc.movie_id = t.id)",
                "Plans": [
                  {
                    "Node Type": "Seq Scan",
                    "Parent Relationship": "Outer",
                    "Parallel Aware": true,
                    "Relation Name": "movie_companies",
                    "Alias": "mc",
                    "Startup Cost": 0.0,
                    "Total Cost": 34137.82,
                    "Plan Rows": 1534782,
                    "Plan Width": 4,
                    "Actual Startup Time": 0.019,
                    "Actual Total Time": 148.221,
                    "Actual Rows": 1304564,
                    "Actual Loops": 2
                  },
                  {
                    "Node Type": "Hash",
                    "Parent Relationship": "Inner",
                    "Parallel Aware": true,
                    "Startup Cost": 578241.5,
                    "Total Cost": 578241.5,
                    "Plan Rows": 46443,
                    "Plan Width": 8,
                    "Actual Startup Time": 2364.182,
                    "Actual Total Time": 2364.188,
                    "Actual Rows": 83686,
                    "Actual Loops": 2,
                    "Hash Buckets": 262144,
                    "Original Hash Buckets": 131072,
                    "Hash Batches": 1,
                    "Original Hash Batches": 1,
                    "Peak Memory Usage": 9664,
                    "Plans": [
                      {
                        "Node Type": "Hash Join",
                        "Parent Relationship": "Outer",
                        "Parallel Aware": true,
                        "Join Type": "Inner",
                        "Startup Cost": 243686.07,
                        "Total Cost": 578241.5,
                        "Plan Rows": 46443,
                        "Plan Width": 8,
                        "Actual Startup Time": 759.222,
                        "Actual Total Time": 2319.61,
                        "Actual Rows": 83686,
                        "Actual Loops": 2,
                        "Inner Unique": true,
                        "Hash Cond": "(ci.movie_id = t.id)",
                        "Plans": [
                          {
                            "Node Type": "Bitmap Heap Scan",
                            "Parent Relationship": "Outer",
                            "Parallel Aware": true,
                            "Relation Name": "cast_info",
                            "Alias": "ci",
                            "Startup Cost": 188720.29,
                            "Total Cost": 517270.1,
                            "Plan Rows": 2287854,
                            "Plan Width": 4,
                            "Actual Startup Time": 566.713,
                            "Actual Total Time": 1453.999,
                            "Actual Rows": 4258350,
                            "Actual Loops": 2,
                            "Recheck Cond": "(person_id > 2834811)",
                            "Rows Removed by Index Recheck": 0,
                            "Filter": "(role_id > 2)",
                            "Rows Removed by Filter": 0,
                            "Exact Heap Blocks": 52578,
                            "Lossy Heap Blocks": 0,
                            "Plans": [
                              {
                                "Node Type": "Bitmap Index Scan",
                                "Parent Relationship": "Outer",
                                "Parallel Aware": false,
                                "Index Name": "person_id_cast_info",
                                "Startup Cost": 0.0,
                                "Total Cost": 187747.95,
                                "Plan Rows": 8597785,
                                "Plan Width": 0,
                                "Actual Startup Time": 539.506,
                                "Actual Total Time": 539.506,
                                "Actual Rows": 8516699,
                                "Actual Loops": 1,
                                "Index Cond": "(person_id > 2834811)"
                              }
                            ]
                          },
                          {
                            "Node Type": "Hash",
                            "Parent Relationship": "Inner",
                            "Parallel Aware": true,
                            "Startup Cost": 54588.39,
                            "Total Cost": 54588.39,
                            "Plan Rows": 30191,
                            "Plan Width": 4,
                            "Actual Startup Time": 191.187,
                            "Actual Total Time": 191.189,
                            "Actual Rows": 26506,
                            "Actual Loops": 2,
                            "Hash Buckets": 65536,
                            "Original Hash Buckets": 65536,
                            "Hash Batches": 1,
                            "Original Hash Batches": 1,
                            "Peak Memory Usage": 2624,
                            "Plans": [
                              {
                                "Node Type": "Seq Scan",
                                "Parent Relationship": "Outer",
                                "Parallel Aware": true,
                                "Relation Name": "title",
                                "Alias": "t",
                                "Startup Cost": 0.0,
                                "Total Cost": 54588.39,
                                "Plan Rows": 30191,
                                "Plan Width": 4,
                                "Actual Startup Time": 0.045,
                                "Actual Total Time": 179.651,
                                "Actual Rows": 26506,
                                "Actual Loops": 2,
                                "Filter": "(production_year = 2000)",
                                "Rows Removed by Filter": 1237650
                              }
                            ]
                          }
                        ]
                      }
                    ]
                  }
                ]
              }
            ]
          }
        ]
      }
    ]
  },
  "Planning Time": 1.113,
  "Triggers": [],
  "Execution Time": 2823.636
}