{
  "Plan": {
    "Node Type": "Aggregate",
    "Strategy": "Plain",
    "Partial Mode": "Finalize",
    "Parallel Aware": false,
    "Startup Cost": 608297.28,
    "Total Cost": 608297.29,
    "Plan Rows": 1,
    "Plan Width": 8,
    "Actual Startup Time": 2304.079,
    "Actual Total Time": 2357.816,
    "Actual Rows": 1,
    "Actual Loops": 1,
    "Plans": [
      {
        "Node Type": "Gather",
        "Parent Relationship": "Outer",
        "Parallel Aware": false,
        "Startup Cost": 608297.16,
        "Total Cost": 608297.27,
        "Plan Rows": 1,
        "Plan Width": 8,
        "Actual Startup Time": 2303.792,
        "Actual Total Time": 2357.805,
        "Actual Rows": 2,
        "Actual Loops": 1,
        "Workers Planned": 1,
        "Workers Launched": 1,
        "Single Copy": false,
        "Plans": [
          {
            "Node Type": "Aggregate",
            "Strategy": "Plain",
            "Partial Mode": "Partial",
            "Parent Relationship": "Outer",
            "Parallel Aware": false,
            "Startup Cost": 607297.16,
            "Total Cost": 607297.17,
            "Plan Rows": 1,
            "Plan Width": 8,
            "Actual Startup Time": 2301.021,
            "Actual Total Time": 2301.025,
            "Actual Rows": 1,
            "Actual Loops": 2,
            "Plans": [
              {
                "Node Type": "Hash Join",
                "Parent Relationship": "Outer",
                "Parallel Aware": true,
                "Join Type": "Inner",
                "Startup Cost": 53806.57,
                "Total Cost": 607071.05,
                "Plan Rows": 90445,
                "Plan Width": 0,
                "Actual Startup Time": 98.528,
                "Actual Total Time": 2296.987,
                "Actual Rows": 60580,
                "Actual Loops": 2,
                "Inner Unique": true,
                "Hash Cond": "(ci.movie_id = t.id)",
                "Plans": [
                  {
                    "Node Type": "Seq Scan",
                    "Parent Relationship": "Outer",
                    "Parallel Aware": true,
                    "Relation Name": "cast_info",
                    "Alias": "ci",
                    "Startup Cost": 0.0,
                    "Total Cost": 519069.44,
                    "Plan Rows": 13026660,
                    "Plan Width": 4,
                    "Actual Startup Time": 0.016,
                    "Actual Total Time": 1398.573,
                    "Actual Rows": 11096664,
                    "Actual Loops": 2,
                    "Filter": "(person_id < 2261178)",
                    "Rows Removed by Filter": 7025508
                  },
                  {
                    "Node Type": "Hash",
                    "Parent Relationship": "Inner",
                    "Parallel Aware": true,
                    "Startup Cost": 53677.5,
                    "Total Cost": 53677.5,
                    "Plan Rows": 10326,
                    "Plan Width": 4,
                    "Actual Startup Time": 97.318,
                    "Actual Total Time": 97.319,
                    "Actual Rows": 5391,
                    "Actual Loops": 2,
                    "Hash Buckets": 32768,
                    "Original Hash Buckets": 32768,
                    "Hash Batches": 1,
                    "Original Hash Batches": 1,
                    "Peak Memory Usage": 704,
                    "Plans": [
                      {
                        "Node Type": "Bitmap Heap Scan",
                        "Parent Relationship": "Outer",
                        "Parallel Aware": true,
                        "Relation Name": "title",
                        "Alias": "t",
                        "Startup Cost": 11827.24,
                        "Total Cost": 53677.5,
                        "Plan Rows": 10326,
                        "Plan Width": 4,
                        "Actual Startup Time": 41.759,
                        "Actual Total Time": 95.585,
                        "Actual Rows": 5391,
                        "Actual Loops": 2,
                        "Recheck Cond": "(kind_id = 1)",
                        "Rows Removed by Index Recheck": 0,
                        "Filter": "(production_year = 2003)",
                        "Rows Removed by Filter": 326022,
                        "Exact Heap Blocks": 9568,
                        "Lossy Heap Blocks": 0,
                        "Plans": [
                          {
                            "Node Type": "Bitmap Index Scan",
                            "Parent Relationship": "Outer",
                            "Parallel Aware": false,
                            "Index Name": "kind_id_title",
                            "Startup Cost": 0.0,
                            "Total Cost": 11822.85,
                            "Plan Rows": 663256,
                            "Plan Width": 0,
                            "Actual Startup Time": 40.676,
                            "Actual Total Time": 40.677,
                            "Actual Rows": 662825,
                            "Actual Loops": 1,
                            "Index Cond": "(kind_id = 1)"
                          }
                        ]
                      }
                    ]
                  }
                ]
              }
            ]
          }
        ]
      }
    ]
  },
  "Planning Time": 0.546,
  "Triggers": [],
  "Execution Time": 2357.925
}