[
  {
    "Plan": {
      "Node Type": "Aggregate",
      "Strategy": "Plain",
      "Partial Mode": "Finalize",
      "Parallel Aware": false,
      "Startup Cost": 335572.47,
      "Total Cost": 335572.48,
      "Plan Rows": 1,
      "Plan Width": 8,
      "Actual Startup Time": 756.778,
      "Actual Total Time": 804.32,
      "Actual Rows": 1,
      "Actual Loops": 1,
      "Plans": [
        {
          "Node Type": "Gather",
          "Parent Relationship": "Outer",
          "Parallel Aware": false,
          "Startup Cost": 335571.85,
          "Total Cost": 335572.46,
          "Plan Rows": 6,
          "Plan Width": 8,
          "Actual Startup Time": 756.533,
          "Actual Total Time": 804.308,
          "Actual Rows": 7,
          "Actual Loops": 1,
          "Workers Planned": 6,
          "Workers Launched": 6,
          "Single Copy": false,
          "Plans": [
            {
              "Node Type": "Aggregate",
              "Strategy": "Plain",
              "Partial Mode": "Partial",
              "Parent Relationship": "Outer",
              "Parallel Aware": false,
              "Startup Cost": 334571.85,
              "Total Cost": 334571.86,
              "Plan Rows": 1,
              "Plan Width": 8,
              "Actual Startup Time": 747.412,
              "Actual Total Time": 747.414,
              "Actual Rows": 1,
              "Actual Loops": 7,
              "Plans": [
                {
                  "Node Type": "Seq Scan",
                  "Parent Relationship": "Outer",
                  "Parallel Aware": true,
                  "Relation Name": "cast_info",
                  "Alias": "ci",
                  "Startup Cost": 0.0,
                  "Total Cost": 328211.39,
                  "Plan Rows": 2544182,
                  "Plan Width": 0,
                  "Actual Startup Time": 0.056,
                  "Actual Total Time": 629.926,
                  "Actual Rows": 2198689,
                  "Actual Loops": 7,
                  "Filter": "(person_id < 1517261)",
                  "Rows Removed by Filter": 2979074
                }
              ]
            }
          ]
        }
      ]
    },
    "Planning Time": 0.2,
    "Triggers": [],
    "Execution Time": 804.393
  }
]