[
  {
    "Plan": {
      "Node Type": "Aggregate",
      "Strategy": "Plain",
      "Partial Mode": "Finalize",
      "Parallel Aware": false,
      "Startup Cost": 46512.27,
      "Total Cost": 46512.28,
      "Plan Rows": 1,
      "Plan Width": 8,
      "Actual Startup Time": 110.054,
      "Actual Total Time": 123.062,
      "Actual Rows": 1,
      "Actual Loops": 1,
      "Plans": [
        {
          "Node Type": "Gather",
          "Parent Relationship": "Outer",
          "Parallel Aware": false,
          "Startup Cost": 46511.85,
          "Total Cost": 46512.26,
          "Plan Rows": 4,
          "Plan Width": 8,
          "Actual Startup Time": 109.769,
          "Actual Total Time": 123.053,
          "Actual Rows": 5,
          "Actual Loops": 1,
          "Workers Planned": 4,
          "Workers Launched": 4,
          "Single Copy": false,
          "Plans": [
            {
              "Node Type": "Aggregate",
              "Strategy": "Plain",
              "Partial Mode": "Partial",
              "Parent Relationship": "Outer",
              "Parallel Aware": false,
              "Startup Cost": 45511.85,
              "Total Cost": 45511.86,
              "Plan Rows": 1,
              "Plan Width": 8,
              "Actual Startup Time": 100.213,
              "Actual Total Time": 100.214,
              "Actual Rows": 1,
              "Actual Loops": 5,
              "Plans": [
                {
                  "Node Type": "Seq Scan",
                  "Parent Relationship": "Outer",
                  "Parallel Aware": true,
                  "Relation Name": "title",
                  "Alias": "t",
                  "Startup Cost": 0.0,
                  "Total Cost": 45479.59,
                  "Plan Rows": 12906,
                  "Plan Width": 0,
                  "Actual Startup Time": 0.063,
                  "Actual Total Time": 98.971,
                  "Actual Rows": 11399,
                  "Actual Loops": 5,
                  "Filter": "((kind_id > 1) AND (production_year = 2003))",
                  "Rows Removed by Filter": 494263
                }
              ]
            }
          ]
        }
      ]
    },
    "Planning Time": 0.16,
    "Triggers": [],
    "Execution Time": 123.117
  }
]