[
    {
        "Bao": {
            "Bao prediction": "NaN",
            "Bao recommended hint": "(no hint)"
        }
    },
    {
        "Plan": {
            "Node Type": "Aggregate",
            "Strategy": "Plain",
            "Partial Mode": "Finalize",
            "Parallel Aware": false,
            "Startup Cost": 307251.5,
            "Total Cost": 307251.51,
            "Plan Rows": 1,
            "Plan Width": 8,
            "Actual Startup Time": 189.677,
            "Actual Total Time": 195.632,
            "Actual Rows": 1,
            "Actual Loops": 1,
            "Output": [
                "count(*)"
            ],
            "Plans": [
                {
                    "Node Type": "Gather",
                    "Parent Relationship": "Outer",
                    "Parallel Aware": false,
                    "Startup Cost": 307250.88,
                    "Total Cost": 307251.49,
                    "Plan Rows": 6,
                    "Plan Width": 8,
                    "Actual Startup Time": 188.809,
                    "Actual Total Time": 195.625,
                    "Actual Rows": 7,
                    "Actual Loops": 1,
                    "Output": [
                        "(PARTIAL count(*))"
                    ],
                    "Workers Planned": 6,
                    "Workers Launched": 6,
                    "Single Copy": false,
                    "Plans": [
                        {
                            "Node Type": "Aggregate",
                            "Strategy": "Plain",
                            "Partial Mode": "Partial",
                            "Parent Relationship": "Outer",
                            "Parallel Aware": false,
                            "Startup Cost": 306250.88,
                            "Total Cost": 306250.89,
                            "Plan Rows": 1,
                            "Plan Width": 8,
                            "Actual Startup Time": 178.583,
                            "Actual Total Time": 178.584,
                            "Actual Rows": 1,
                            "Actual Loops": 7,
                            "Output": [
                                "PARTIAL count(*)"
                            ],
                            "Workers": [
                                {
                                    "Worker Number": 0,
                                    "Actual Startup Time": 176.169,
                                    "Actual Total Time": 176.171,
                                    "Actual Rows": 1,
                                    "Actual Loops": 1
                                },
                                {
                                    "Worker Number": 1,
                                    "Actual Startup Time": 176.658,
                                    "Actual Total Time": 176.659,
                                    "Actual Rows": 1,
                                    "Actual Loops": 1
                                },
                                {
                                    "Worker Number": 2,
                                    "Actual Startup Time": 176.731,
                                    "Actual Total Time": 176.733,
                                    "Actual Rows": 1,
                                    "Actual Loops": 1
                                },
                                {
                                    "Worker Number": 3,
                                    "Actual Startup Time": 176.739,
                                    "Actual Total Time": 176.74,
                                    "Actual Rows": 1,
                                    "Actual Loops": 1
                                },
                                {
                                    "Worker Number": 4,
                                    "Actual Startup Time": 177.553,
                                    "Actual Total Time": 177.554,
                                    "Actual Rows": 1,
                                    "Actual Loops": 1
                                },
                                {
                                    "Worker Number": 5,
                                    "Actual Startup Time": 177.742,
                                    "Actual Total Time": 177.743,
                                    "Actual Rows": 1,
                                    "Actual Loops": 1
                                }
                            ],
                            "Plans": [
                                {
                                    "Node Type": "Bitmap Heap Scan",
                                    "Parent Relationship": "Outer",
                                    "Parallel Aware": true,
                                    "Relation Name": "cast_info",
                                    "Schema": "public",
                                    "Alias": "ci",
                                    "Startup Cost": 48115.26,
                                    "Total Cost": 305342.77,
                                    "Plan Rows": 363241,
                                    "Plan Width": 0,
                                    "Actual Startup Time": 68.871,
                                    "Actual Total Time": 161.896,
                                    "Actual Rows": 324193,
                                    "Actual Loops": 7,
                                    "Recheck Cond": "(ci.person_id > 3618398)",
                                    "Rows Removed by Index Recheck": 0,
                                    "Exact Heap Blocks": 7461,
                                    "Lossy Heap Blocks": 0,
                                    "Workers": [
                                        {
                                            "Worker Number": 0,
                                            "Actual Startup Time": 66.222,
                                            "Actual Total Time": 159.281,
                                            "Actual Rows": 298957,
                                            "Actual Loops": 1
                                        },
                                        {
                                            "Worker Number": 1,
                                            "Actual Startup Time": 67.14,
                                            "Actual Total Time": 159.9,
                                            "Actual Rows": 311622,
                                            "Actual Loops": 1
                                        },
                                        {
                                            "Worker Number": 2,
                                            "Actual Startup Time": 67.457,
                                            "Actual Total Time": 160.175,
                                            "Actual Rows": 298609,
                                            "Actual Loops": 1
                                        },
                                        {
                                            "Worker Number": 3,
                                            "Actual Startup Time": 66.775,
                                            "Actual Total Time": 160.024,
                                            "Actual Rows": 296902,
                                            "Actual Loops": 1
                                        },
                                        {
                                            "Worker Number": 4,
                                            "Actual Startup Time": 68.43,
                                            "Actual Total Time": 162.032,
                                            "Actual Rows": 280860,
                                            "Actual Loops": 1
                                        },
                                        {
                                            "Worker Number": 5,
                                            "Actual Startup Time": 67.949,
                                            "Actual Total Time": 162.546,
                                            "Actual Rows": 277718,
                                            "Actual Loops": 1
                                        }
                                    ],
                                    "Plans": [
                                        {
                                            "Node Type": "Bitmap Index Scan",
                                            "Parent Relationship": "Outer",
                                            "Parallel Aware": false,
                                            "Index Name": "person_id_cast_info",
                                            "Startup Cost": 0.0,
                                            "Total Cost": 47570.4,
                                            "Plan Rows": 2179445,
                                            "Plan Width": 0,
                                            "Actual Startup Time": 72.956,
                                            "Actual Total Time": 72.957,
                                            "Actual Rows": 2269352,
                                            "Actual Loops": 1,
                                            "Index Cond": "(ci.person_id > 3618398)"
                                        }
                                    ]
                                }
                            ]
                        }
                    ]
                }
            ]
        },
        "Planning Time": 188.969,
        "Triggers": [],
        "Execution Time": 195.682
    }
]