{
  "Plan": {
    "Node Type": "Aggregate",
    "Strategy": "Plain",
    "Partial Mode": "Finalize",
    "Parallel Aware": false,
    "Startup Cost": 658295.67,
    "Total Cost": 658295.68,
    "Plan Rows": 1,
    "Plan Width": 8,
    "Actual Startup Time": 5050.864,
    "Actual Total Time": 5122.258,
    "Actual Rows": 1,
    "Actual Loops": 1,
    "Plans": [
      {
        "Node Type": "Gather",
        "Parent Relationship": "Outer",
        "Parallel Aware": false,
        "Startup Cost": 658295.56,
        "Total Cost": 658295.67,
        "Plan Rows": 1,
        "Plan Width": 8,
        "Actual Startup Time": 5033.966,
        "Actual Total Time": 5122.248,
        "Actual Rows": 2,
        "Actual Loops": 1,
        "Workers Planned": 1,
        "Workers Launched": 1,
        "Single Copy": false,
        "Plans": [
          {
            "Node Type": "Aggregate",
            "Strategy": "Plain",
            "Partial Mode": "Partial",
            "Parent Relationship": "Outer",
            "Parallel Aware": false,
            "Startup Cost": 657295.56,
            "Total Cost": 657295.57,
            "Plan Rows": 1,
            "Plan Width": 8,
            "Actual Startup Time": 5015.992,
            "Actual Total Time": 5017.04,
            "Actual Rows": 1,
            "Actual Loops": 2,
            "Plans": [
              {
                "Node Type": "Hash Join",
                "Parent Relationship": "Outer",
                "Parallel Aware": true,
                "Join Type": "Inner",
                "Startup Cost": 568590.38,
                "Total Cost": 650459.45,
                "Plan Rows": 2734444,
                "Plan Width": 0,
                "Actual Startup Time": 3730.121,
                "Actual Total Time": 4696.248,
                "Actual Rows": 8153442,
                "Actual Loops": 2,
                "Inner Unique": false,
                "Hash Cond": "(mk.movie_id = t.id)",
                "Plans": [
                  {
                    "Node Type": "Seq Scan",
                    "Parent Relationship": "Outer",
                    "Parallel Aware": true,
                    "Relation Name": "movie_keyword",
                    "Alias": "mk",
                    "Startup Cost": 0.0,
                    "Total Cost": 57718.19,
                    "Plan Rows": 1075455,
                    "Plan Width": 4,
                    "Actual Startup Time": 0.017,
                    "Actual Total Time": 177.382,
                    "Actual Rows": 918190,
                    "Actual Loops": 2,
                    "Filter": "(keyword_id < 3037)",
                    "Rows Removed by Filter": 1343774
                  },
                  {
                    "Node Type": "Hash",
                    "Parent Relationship": "Inner",
                    "Parallel Aware": true,
                    "Startup Cost": 521322.58,
                    "Total Cost": 521322.58,
                    "Plan Rows": 3781424,
                    "Plan Width": 8,
                    "Actual Startup Time": 3696.291,
                    "Actual Total Time": 3697.337,
                    "Actual Rows": 3315303,
                    "Actual Loops": 2,
                    "Hash Buckets": 8388608,
                    "Original Hash Buckets": 8388608,
                    "Hash Batches": 1,
                    "Original Hash Batches": 1,
                    "Peak Memory Usage": 324960,
                    "Plans": [
                      {
                        "Node Type": "Hash Join",
                        "Parent Relationship": "Outer",
                        "Parallel Aware": true,
                        "Join Type": "Inner",
                        "Startup Cost": 211441.53,
                        "Total Cost": 521322.58,
                        "Plan Rows": 3781424,
                        "Plan Width": 8,
                        "Actual Startup Time": 865.907,
                        "Actual Total Time": 2697.715,
                        "Actual Rows": 3315303,
                        "Actual Loops": 2,
                        "Inner Unique": true,
                        "Hash Cond": "(ci.movie_id = t.id)",
                        "Plans": [
                          {
                            "Node Type": "Bitmap Heap Scan",
                            "Parent Relationship": "Outer",
                            "Parallel Aware": true,
                            "Relation Name": "cast_info",
                            "Alias": "ci",
                            "Startup Cost": 141980.83,
                            "Total Cost": 441935.63,
                            "Plan Rows": 3781424,
                            "Plan Width": 4,
                            "Actual Startup Time": 365.43,
                            "Actual Total Time": 712.671,
                            "Actual Rows": 3315303,
                            "Actual Loops": 2,
                            "Recheck Cond": "(person_id < 640252)",
                            "Rows Removed by Index Recheck": 0,
                            "Exact Heap Blocks": 35857,
                            "Lossy Heap Blocks": 0,
                            "Plans": [
                              {
                                "Node Type": "Bitmap Index Scan",
                                "Parent Relationship": "Outer",
                                "Parallel Aware": false,
                                "Index Name": "person_id_cast_info",
                                "Startup Cost": 0.0,
                                "Total Cost": 140373.72,
                                "Plan Rows": 6428421,
                                "Plan Width": 0,
                                "Actual Startup Time": 353.492,
                                "Actual Total Time": 353.493,
                                "Actual Rows": 6630606,
                                "Actual Loops": 1,
                                "Index Cond": "(person_id < 640252)"
                              }
                            ]
                          },
                          {
                            "Node Type": "Hash",
                            "Parent Relationship": "Inner",
                            "Parallel Aware": true,
                            "Startup Cost": 50870.31,
                            "Total Cost": 50870.31,
                            "Plan Rows": 1487231,
                            "Plan Width": 4,
                            "Actual Startup Time": 488.627,
                            "Actual Total Time": 488.627,
                            "Actual Rows": 1264156,
                            "Actual Loops": 2,
                            "Hash Buckets": 4194304,
                            "Original Hash Buckets": 4194304,
                            "Hash Batches": 1,
                            "Original Hash Batches": 1,
                            "Peak Memory Usage": 131712,
                            "Plans": [
                              {
                                "Node Type": "Seq Scan",
                                "Parent Relationship": "Outer",
                                "Parallel Aware": true,
                                "Relation Name": "title",
                                "Alias": "t",
                                "Startup Cost": 0.0,
                                "Total Cost": 50870.31,
                                "Plan Rows": 1487231,
                                "Plan Width": 4,
                                "Actual Startup Time": 0.028,
                                "Actual Total Time": 150.942,
                                "Actual Rows": 1264156,
                                "Actual Loops": 2
                              }
                            ]
                          }
                        ]
                      }
                    ]
                  }
                ]
              }
            ]
          }
        ]
      }
    ]
  },
  "Planning Time": 1.055,
  "Triggers": [],
  "Execution Time": 5122.362
}