{
  "Plan": {
    "Node Type": "Aggregate",
    "Strategy": "Plain",
    "Partial Mode": "Finalize",
    "Parallel Aware": false,
    "Startup Cost": 84172.27,
    "Total Cost": 84172.28,
    "Plan Rows": 1,
    "Plan Width": 8,
    "Actual Startup Time": 282.997,
    "Actual Total Time": 301.498,
    "Actual Rows": 1,
    "Actual Loops": 1,
    "Plans": [
      {
        "Node Type": "Gather",
        "Parent Relationship": "Outer",
        "Parallel Aware": false,
        "Startup Cost": 84172.16,
        "Total Cost": 84172.27,
        "Plan Rows": 1,
        "Plan Width": 8,
        "Actual Startup Time": 282.199,
        "Actual Total Time": 301.491,
        "Actual Rows": 2,
        "Actual Loops": 1,
        "Workers Planned": 1,
        "Workers Launched": 1,
        "Single Copy": false,
        "Plans": [
          {
            "Node Type": "Aggregate",
            "Strategy": "Plain",
            "Partial Mode": "Partial",
            "Parent Relationship": "Outer",
            "Parallel Aware": false,
            "Startup Cost": 83172.16,
            "Total Cost": 83172.17,
            "Plan Rows": 1,
            "Plan Width": 8,
            "Actual Startup Time": 276.317,
            "Actual Total Time": 276.321,
            "Actual Rows": 1,
            "Actual Loops": 2,
            "Plans": [
              {
                "Node Type": "Hash Join",
                "Parent Relationship": "Outer",
                "Parallel Aware": true,
                "Join Type": "Inner",
                "Startup Cost": 61858.04,
                "Total Cost": 83145.83,
                "Plan Rows": 10531,
                "Plan Width": 0,
                "Actual Startup Time": 202.808,
                "Actual Total Time": 275.959,
                "Actual Rows": 4476,
                "Actual Loops": 2,
                "Inner Unique": true,
                "Hash Cond": "(mc.movie_id = t.id)",
                "Plans": [
                  {
                    "Node Type": "Bitmap Heap Scan",
                    "Parent Relationship": "Outer",
                    "Parallel Aware": true,
                    "Relation Name": "movie_companies",
                    "Alias": "mc",
                    "Startup Cost": 6084.2,
                    "Total Cost": 26938.49,
                    "Plan Rows": 165144,
                    "Plan Width": 4,
                    "Actual Startup Time": 23.708,
                    "Actual Total Time": 68.548,
                    "Actual Rows": 139440,
                    "Actual Loops": 2,
                    "Recheck Cond": "(company_id < 150)",
                    "Rows Removed by Index Recheck": 0,
                    "Exact Heap Blocks": 12283,
                    "Lossy Heap Blocks": 0,
                    "Plans": [
                      {
                        "Node Type": "Bitmap Index Scan",
                        "Parent Relationship": "Outer",
                        "Parallel Aware": false,
                        "Index Name": "company_id_movie_companies",
                        "Startup Cost": 0.0,
                        "Total Cost": 6014.01,
                        "Plan Rows": 280744,
                        "Plan Width": 0,
                        "Actual Startup Time": 19.534,
                        "Actual Total Time": 19.535,
                        "Actual Rows": 278880,
                        "Actual Loops": 1,
                        "Index Cond": "(company_id < 150)"
                      }
                    ]
                  },
                  {
                    "Node Type": "Hash",
                    "Parent Relationship": "Inner",
                    "Parallel Aware": true,
                    "Startup Cost": 54588.39,
                    "Total Cost": 54588.39,
                    "Plan Rows": 94836,
                    "Plan Width": 4,
                    "Actual Startup Time": 176.102,
                    "Actual Total Time": 176.102,
                    "Actual Rows": 80008,
                    "Actual Loops": 2,
                    "Hash Buckets": 262144,
                    "Original Hash Buckets": 262144,
                    "Hash Batches": 1,
                    "Original Hash Batches": 1,
                    "Peak Memory Usage": 8352,
                    "Plans": [
                      {
                        "Node Type": "Seq Scan",
                        "Parent Relationship": "Outer",
                        "Parallel Aware": true,
                        "Relation Name": "title",
                        "Alias": "t",
                        "Startup Cost": 0.0,
                        "Total Cost": 54588.39,
                        "Plan Rows": 94836,
                        "Plan Width": 4,
                        "Actual Startup Time": 0.032,
                        "Actual Total Time": 152.006,
                        "Actual Rows": 80008,
                        "Actual Loops": 2,
                        "Filter": "(production_year = 2011)",
                        "Rows Removed by Filter": 1184148
                      }
                    ]
                  }
                ]
              }
            ]
          }
        ]
      }
    ]
  },
  "Planning Time": 0.445,
  "Triggers": [],
  "Execution Time": 301.568
}