[
  {
    "Plan": {
      "Node Type": "Aggregate",
      "Strategy": "Plain",
      "Partial Mode": "Finalize",
      "Parallel Aware": false,
      "Startup Cost": 25389.77,
      "Total Cost": 25389.78,
      "Plan Rows": 1,
      "Plan Width": 8,
      "Actual Startup Time": 31.188,
      "Actual Total Time": 34.764,
      "Actual Rows": 1,
      "Actual Loops": 1,
      "Plans": [
        {
          "Node Type": "Gather",
          "Parent Relationship": "Outer",
          "Parallel Aware": false,
          "Startup Cost": 25389.45,
          "Total Cost": 25389.76,
          "Plan Rows": 3,
          "Plan Width": 8,
          "Actual Startup Time": 31.012,
          "Actual Total Time": 34.759,
          "Actual Rows": 4,
          "Actual Loops": 1,
          "Workers Planned": 3,
          "Workers Launched": 3,
          "Single Copy": false,
          "Plans": [
            {
              "Node Type": "Aggregate",
              "Strategy": "Plain",
              "Partial Mode": "Partial",
              "Parent Relationship": "Outer",
              "Parallel Aware": false,
              "Startup Cost": 24389.45,
              "Total Cost": 24389.46,
              "Plan Rows": 1,
              "Plan Width": 8,
              "Actual Startup Time": 26.211,
              "Actual Total Time": 26.212,
              "Actual Rows": 1,
              "Actual Loops": 4,
              "Plans": [
                {
                  "Node Type": "Bitmap Heap Scan",
                  "Parent Relationship": "Outer",
                  "Parallel Aware": true,
                  "Relation Name": "movie_companies",
                  "Alias": "mc",
                  "Startup Cost": 4577.41,
                  "Total Cost": 24219.11,
                  "Plan Rows": 68136,
                  "Plan Width": 0,
                  "Actual Startup Time": 5.506,
                  "Actual Total Time": 23.394,
                  "Actual Rows": 51946,
                  "Actual Loops": 4,
                  "Recheck Cond": "(company_id > 111163)",
                  "Rows Removed by Index Recheck": 0,
                  "Exact Heap Blocks": 1886,
                  "Lossy Heap Blocks": 0,
                  "Plans": [
                    {
                      "Node Type": "Bitmap Index Scan",
                      "Parent Relationship": "Outer",
                      "Parallel Aware": false,
                      "Index Name": "company_id_movie_companies",
                      "Startup Cost": 0.0,
                      "Total Cost": 4524.6,
                      "Plan Rows": 211223,
                      "Plan Width": 0,
                      "Actual Startup Time": 8.747,
                      "Actual Total Time": 8.748,
                      "Actual Rows": 207782,
                      "Actual Loops": 1,
                      "Index Cond": "(company_id > 111163)"
                    }
                  ]
                }
              ]
            }
          ]
        }
      ]
    },
    "Planning Time": 0.077,
    "Triggers": [],
    "Execution Time": 34.796
  }
]