[
  {
    "Plan": {
      "Node Type": "Aggregate",
      "Strategy": "Plain",
      "Partial Mode": "Finalize",
      "Parallel Aware": false,
      "Startup Cost": 345829.54,
      "Total Cost": 345829.55,
      "Plan Rows": 1,
      "Plan Width": 8,
      "Actual Startup Time": 366.253,
      "Actual Total Time": 422.091,
      "Actual Rows": 1,
      "Actual Loops": 1,
      "Plans": [
        {
          "Node Type": "Gather",
          "Parent Relationship": "Outer",
          "Parallel Aware": false,
          "Startup Cost": 345829.12,
          "Total Cost": 345829.53,
          "Plan Rows": 4,
          "Plan Width": 8,
          "Actual Startup Time": 366.078,
          "Actual Total Time": 422.078,
          "Actual Rows": 5,
          "Actual Loops": 1,
          "Workers Planned": 4,
          "Workers Launched": 4,
          "Single Copy": false,
          "Plans": [
            {
              "Node Type": "Aggregate",
              "Strategy": "Plain",
              "Partial Mode": "Partial",
              "Parent Relationship": "Outer",
              "Parallel Aware": false,
              "Startup Cost": 344829.12,
              "Total Cost": 344829.13,
              "Plan Rows": 1,
              "Plan Width": 8,
              "Actual Startup Time": 360.639,
              "Actual Total Time": 360.641,
              "Actual Rows": 1,
              "Actual Loops": 5,
              "Plans": [
                {
                  "Node Type": "Nested Loop",
                  "Parent Relationship": "Outer",
                  "Parallel Aware": false,
                  "Join Type": "Inner",
                  "Startup Cost": 0.56,
                  "Total Cost": 344717.86,
                  "Plan Rows": 44501,
                  "Plan Width": 0,
                  "Actual Startup Time": 57.815,
                  "Actual Total Time": 358.581,
                  "Actual Rows": 19748,
                  "Actual Loops": 5,
                  "Inner Unique": false,
                  "Plans": [
                    {
                      "Node Type": "Seq Scan",
                      "Parent Relationship": "Outer",
                      "Parallel Aware": true,
                      "Relation Name": "title",
                      "Alias": "t",
                      "Startup Cost": 0.0,
                      "Total Cost": 45479.59,
                      "Plan Rows": 9370,
                      "Plan Width": 4,
                      "Actual Startup Time": 57.573,
                      "Actual Total Time": 88.877,
                      "Actual Rows": 20238,
                      "Actual Loops": 5,
                      "Filter": "((kind_id < 7) AND (production_year < 1925))",
                      "Rows Removed by Filter": 485424
                    },
                    {
                      "Node Type": "Index Scan",
                      "Parent Relationship": "Inner",
                      "Parallel Aware": false,
                      "Scan Direction": "Forward",
                      "Index Name": "movie_id_cast_info",
                      "Relation Name": "cast_info",
                      "Alias": "ci",
                      "Startup Cost": 0.56,
                      "Total Cost": 31.82,
                      "Plan Rows": 12,
                      "Plan Width": 4,
                      "Actual Startup Time": 0.012,
                      "Actual Total Time": 0.013,
                      "Actual Rows": 1,
                      "Actual Loops": 101191,
                      "Index Cond": "(movie_id = t.id)",
                      "Rows Removed by Index Recheck": 0,
                      "Filter": "((person_id < 2797669) AND (role_id > 2))",
                      "Rows Removed by Filter": 4
                    }
                  ]
                }
              ]
            }
          ]
        }
      ]
    },
    "Planning Time": 0.596,
    "Triggers": [],
    "Execution Time": 422.181
  }
]