[
  {
    "Plan": {
      "Node Type": "Aggregate",
      "Strategy": "Plain",
      "Partial Mode": "Finalize",
      "Parallel Aware": false,
      "Startup Cost": 347814.6,
      "Total Cost": 347814.61,
      "Plan Rows": 1,
      "Plan Width": 8,
      "Actual Startup Time": 332.839,
      "Actual Total Time": 379.933,
      "Actual Rows": 1,
      "Actual Loops": 1,
      "Plans": [
        {
          "Node Type": "Gather",
          "Parent Relationship": "Outer",
          "Parallel Aware": false,
          "Startup Cost": 347814.18,
          "Total Cost": 347814.59,
          "Plan Rows": 4,
          "Plan Width": 8,
          "Actual Startup Time": 332.722,
          "Actual Total Time": 379.922,
          "Actual Rows": 5,
          "Actual Loops": 1,
          "Workers Planned": 4,
          "Workers Launched": 4,
          "Single Copy": false,
          "Plans": [
            {
              "Node Type": "Aggregate",
              "Strategy": "Plain",
              "Partial Mode": "Partial",
              "Parent Relationship": "Outer",
              "Parallel Aware": false,
              "Startup Cost": 346814.18,
              "Total Cost": 346814.19,
              "Plan Rows": 1,
              "Plan Width": 8,
              "Actual Startup Time": 322.624,
              "Actual Total Time": 322.625,
              "Actual Rows": 1,
              "Actual Loops": 5,
              "Plans": [
                {
                  "Node Type": "Nested Loop",
                  "Parent Relationship": "Outer",
                  "Parallel Aware": false,
                  "Join Type": "Inner",
                  "Startup Cost": 0.56,
                  "Total Cost": 346696.13,
                  "Plan Rows": 47218,
                  "Plan Width": 0,
                  "Actual Startup Time": 57.988,
                  "Actual Total Time": 320.96,
                  "Actual Rows": 19748,
                  "Actual Loops": 5,
                  "Inner Unique": false,
                  "Plans": [
                    {
                      "Node Type": "Seq Scan",
                      "Parent Relationship": "Outer",
                      "Parallel Aware": true,
                      "Relation Name": "title",
                      "Alias": "t",
                      "Startup Cost": 0.0,
                      "Total Cost": 45479.1,
                      "Plan Rows": 9710,
                      "Plan Width": 4,
                      "Actual Startup Time": 57.796,
                      "Actual Total Time": 85.348,
                      "Actual Rows": 20238,
                      "Actual Loops": 5,
                      "Filter": "((kind_id < 7) AND (production_year < 1925))",
                      "Rows Removed by Filter": 485424
                    },
                    {
                      "Node Type": "Index Scan",
                      "Parent Relationship": "Inner",
                      "Parallel Aware": false,
                      "Scan Direction": "Forward",
                      "Index Name": "movie_id_cast_info",
                      "Relation Name": "cast_info",
                      "Alias": "ci",
                      "Startup Cost": 0.56,
                      "Total Cost": 30.9,
                      "Plan Rows": 12,
                      "Plan Width": 4,
                      "Actual Startup Time": 0.01,
                      "Actual Total Time": 0.011,
                      "Actual Rows": 1,
                      "Actual Loops": 101191,
                      "Index Cond": "(movie_id = t.id)",
                      "Rows Removed by Index Recheck": 0,
                      "Filter": "((person_id < 2797669) AND (role_id > 2))",
                      "Rows Removed by Filter": 4
                    }
                  ]
                }
              ]
            }
          ]
        }
      ]
    },
    "Planning Time": 0.628,
    "Triggers": [],
    "Execution Time": 380.018
  }
]