[
  {
    "Plan": {
      "Node Type": "Aggregate",
      "Strategy": "Plain",
      "Partial Mode": "Finalize",
      "Parallel Aware": false,
      "Startup Cost": 349606.8,
      "Total Cost": 349606.82,
      "Plan Rows": 1,
      "Plan Width": 8,
      "Actual Startup Time": 807.132,
      "Actual Total Time": 857.577,
      "Actual Rows": 1,
      "Actual Loops": 1,
      "Plans": [
        {
          "Node Type": "Gather",
          "Parent Relationship": "Outer",
          "Parallel Aware": false,
          "Startup Cost": 349606.18,
          "Total Cost": 349606.79,
          "Plan Rows": 6,
          "Plan Width": 8,
          "Actual Startup Time": 806.926,
          "Actual Total Time": 857.563,
          "Actual Rows": 7,
          "Actual Loops": 1,
          "Workers Planned": 6,
          "Workers Launched": 6,
          "Single Copy": false,
          "Plans": [
            {
              "Node Type": "Aggregate",
              "Strategy": "Plain",
              "Partial Mode": "Partial",
              "Parent Relationship": "Outer",
              "Parallel Aware": false,
              "Startup Cost": 348606.18,
              "Total Cost": 348606.19,
              "Plan Rows": 1,
              "Plan Width": 8,
              "Actual Startup Time": 799.441,
              "Actual Total Time": 799.442,
              "Actual Rows": 1,
              "Actual Loops": 7,
              "Plans": [
                {
                  "Node Type": "Seq Scan",
                  "Parent Relationship": "Outer",
                  "Parallel Aware": true,
                  "Relation Name": "cast_info",
                  "Alias": "ci",
                  "Startup Cost": 0.0,
                  "Total Cost": 343316.27,
                  "Plan Rows": 2115964,
                  "Plan Width": 0,
                  "Actual Startup Time": 205.617,
                  "Actual Total Time": 720.604,
                  "Actual Rows": 1467285,
                  "Actual Loops": 7,
                  "Filter": "((person_id > 1341785) AND (role_id < 3))",
                  "Rows Removed by Filter": 3710479
                }
              ]
            }
          ]
        }
      ]
    },
    "Planning Time": 0.109,
    "Triggers": [],
    "Execution Time": 857.629
  }
]