{
    "Plan": {
        "Node Type": "Aggregate",
        "Strategy": "Plain",
        "Partial Mode": "Finalize",
        "Parallel Aware": false,
        "Startup Cost": 161078.35,
        "Total Cost": 161078.36,
        "Plan Rows": 1,
        "Plan Width": 8,
        "Actual Startup Time": 1612.868,
        "Actual Total Time": 1705.142,
        "Actual Rows": 1,
        "Actual Loops": 1,
        "Output": [
            "count(*)"
        ],
        "Plans": [
            {
                "Node Type": "Gather",
                "Parent Relationship": "Outer",
                "Parallel Aware": false,
                "Startup Cost": 161078.03,
                "Total Cost": 161078.34,
                "Plan Rows": 3,
                "Plan Width": 8,
                "Actual Startup Time": 1611.732,
                "Actual Total Time": 1705.13,
                "Actual Rows": 4,
                "Actual Loops": 1,
                "Output": [
                    "(PARTIAL count(*))"
                ],
                "Workers Planned": 3,
                "Workers Launched": 3,
                "Single Copy": false,
                "Plans": [
                    {
                        "Node Type": "Aggregate",
                        "Strategy": "Plain",
                        "Partial Mode": "Partial",
                        "Parent Relationship": "Outer",
                        "Parallel Aware": false,
                        "Startup Cost": 160078.03,
                        "Total Cost": 160078.04,
                        "Plan Rows": 1,
                        "Plan Width": 8,
                        "Actual Startup Time": 1602.398,
                        "Actual Total Time": 1602.402,
                        "Actual Rows": 1,
                        "Actual Loops": 4,
                        "Output": [
                            "PARTIAL count(*)"
                        ],
                        "Workers": [
                            {
                                "Worker Number": 0,
                                "Actual Startup Time": 1599.796,
                                "Actual Total Time": 1599.8,
                                "Actual Rows": 1,
                                "Actual Loops": 1
                            },
                            {
                                "Worker Number": 1,
                                "Actual Startup Time": 1599.606,
                                "Actual Total Time": 1599.61,
                                "Actual Rows": 1,
                                "Actual Loops": 1
                            },
                            {
                                "Worker Number": 2,
                                "Actual Startup Time": 1599.255,
                                "Actual Total Time": 1599.259,
                                "Actual Rows": 1,
                                "Actual Loops": 1
                            }
                        ],
                        "Plans": [
                            {
                                "Node Type": "Nested Loop",
                                "Parent Relationship": "Outer",
                                "Parallel Aware": false,
                                "Join Type": "Inner",
                                "Startup Cost": 44278.3,
                                "Total Cost": 159698.17,
                                "Plan Rows": 151943,
                                "Plan Width": 0,
                                "Actual Startup Time": 134.14,
                                "Actual Total Time": 1565.181,
                                "Actual Rows": 471960,
                                "Actual Loops": 4,
                                "Inner Unique": false,
                                "Join Filter": "(t.id = ci.movie_id)",
                                "Rows Removed by Join Filter": 0,
                                "Workers": [
                                    {
                                        "Worker Number": 0,
                                        "Actual Startup Time": 131.202,
                                        "Actual Total Time": 1563.657,
                                        "Actual Rows": 429003,
                                        "Actual Loops": 1
                                    },
                                    {
                                        "Worker Number": 1,
                                        "Actual Startup Time": 131.503,
                                        "Actual Total Time": 1562.967,
                                        "Actual Rows": 440412,
                                        "Actual Loops": 1
                                    },
                                    {
                                        "Worker Number": 2,
                                        "Actual Startup Time": 131.009,
                                        "Actual Total Time": 1563.841,
                                        "Actual Rows": 421873,
                                        "Actual Loops": 1
                                    }
                                ],
                                "Plans": [
                                    {
                                        "Node Type": "Hash Join",
                                        "Parent Relationship": "Outer",
                                        "Parallel Aware": true,
                                        "Join Type": "Inner",
                                        "Startup Cost": 44277.73,
                                        "Total Cost": 73693.62,
                                        "Plan Rows": 40343,
                                        "Plan Width": 8,
                                        "Actual Startup Time": 133.941,
                                        "Actual Total Time": 364.56,
                                        "Actual Rows": 26441,
                                        "Actual Loops": 4,
                                        "Output": [
                                            "t.id",
                                            "mc.movie_id"
                                        ],
                                        "Inner Unique": true,
                                        "Hash Cond": "(mc.movie_id = t.id)",
                                        "Workers": [
                                            {
                                                "Worker Number": 0,
                                                "Actual Startup Time": 130.711,
                                                "Actual Total Time": 340.695,
                                                "Actual Rows": 23511,
                                                "Actual Loops": 1
                                            },
                                            {
                                                "Worker Number": 1,
                                                "Actual Startup Time": 131.402,
                                                "Actual Total Time": 358.609,
                                                "Actual Rows": 25055,
                                                "Actual Loops": 1
                                            },
                                            {
                                                "Worker Number": 2,
                                                "Actual Startup Time": 130.893,
                                                "Actual Total Time": 348.639,
                                                "Actual Rows": 23918,
                                                "Actual Loops": 1
                                            }
                                        ],
                                        "Plans": [
                                            {
                                                "Node Type": "Seq Scan",
                                                "Parent Relationship": "Outer",
                                                "Parallel Aware": true,
                                                "Relation Name": "movie_companies",
                                                "Schema": "public",
                                                "Alias": "mc",
                                                "Startup Cost": 0.0,
                                                "Total Cost": 27206.55,
                                                "Plan Rows": 841655,
                                                "Plan Width": 4,
                                                "Actual Startup Time": 0.025,
                                                "Actual Total Time": 77.153,
                                                "Actual Rows": 652282,
                                                "Actual Loops": 4,
                                                "Output": [
                                                    "mc.id",
                                                    "mc.movie_id",
                                                    "mc.company_id",
                                                    "mc.company_type_id",
                                                    "mc.note"
                                                ],
                                                "Workers": [
                                                    {
                                                        "Worker Number": 0,
                                                        "Actual Startup Time": 0.029,
                                                        "Actual Total Time": 72.832,
                                                        "Actual Rows": 571928,
                                                        "Actual Loops": 1
                                                    },
                                                    {
                                                        "Worker Number": 1,
                                                        "Actual Startup Time": 0.032,
                                                        "Actual Total Time": 77.341,
                                                        "Actual Rows": 623952,
                                                        "Actual Loops": 1
                                                    },
                                                    {
                                                        "Worker Number": 2,
                                                        "Actual Startup Time": 0.034,
                                                        "Actual Total Time": 75.736,
                                                        "Actual Rows": 593228,
                                                        "Actual Loops": 1
                                                    }
                                                ]
                                            },
                                            {
                                                "Node Type": "Hash",
                                                "Parent Relationship": "Inner",
                                                "Parallel Aware": true,
                                                "Startup Cost": 43899.01,
                                                "Total Cost": 43899.01,
                                                "Plan Rows": 30298,
                                                "Plan Width": 4,
                                                "Actual Startup Time": 132.049,
                                                "Actual Total Time": 132.05,
                                                "Actual Rows": 30715,
                                                "Actual Loops": 4,
                                                "Output": [
                                                    "t.id"
                                                ],
                                                "Hash Buckets": 131072,
                                                "Original Hash Buckets": 131072,
                                                "Hash Batches": 1,
                                                "Original Hash Batches": 1,
                                                "Peak Memory Usage": 5920,
                                                "Workers": [
                                                    {
                                                        "Worker Number": 0,
                                                        "Actual Startup Time": 130.128,
                                                        "Actual Total Time": 130.129,
                                                        "Actual Rows": 26292,
                                                        "Actual Loops": 1
                                                    },
                                                    {
                                                        "Worker Number": 1,
                                                        "Actual Startup Time": 130.442,
                                                        "Actual Total Time": 130.443,
                                                        "Actual Rows": 27144,
                                                        "Actual Loops": 1
                                                    },
                                                    {
                                                        "Worker Number": 2,
                                                        "Actual Startup Time": 130.128,
                                                        "Actual Total Time": 130.129,
                                                        "Actual Rows": 25538,
                                                        "Actual Loops": 1
                                                    }
                                                ],
                                                "Plans": [
                                                    {
                                                        "Node Type": "Seq Scan",
                                                        "Parent Relationship": "Outer",
                                                        "Parallel Aware": true,
                                                        "Relation Name": "title",
                                                        "Schema": "public",
                                                        "Alias": "t",
                                                        "Startup Cost": 0.0,
                                                        "Total Cost": 43899.01,
                                                        "Plan Rows": 30298,
                                                        "Plan Width": 4,
                                                        "Actual Startup Time": 0.058,
                                                        "Actual Total Time": 117.668,
                                                        "Actual Rows": 30715,
                                                        "Actual Loops": 4,
                                                        "Output": [
                                                            "t.id"
                                                        ],
                                                        "Filter": "(t.production_year = 2008)",
                                                        "Rows Removed by Filter": 601363,
                                                        "Workers": [
                                                            {
                                                                "Worker Number": 0,
                                                                "Actual Startup Time": 0.071,
                                                                "Actual Total Time": 116.688,
                                                                "Actual Rows": 26292,
                                                                "Actual Loops": 1
                                                            },
                                                            {
                                                                "Worker Number": 1,
                                                                "Actual Startup Time": 0.071,
                                                                "Actual Total Time": 116.823,
                                                                "Actual Rows": 27144,
                                                                "Actual Loops": 1
                                                            },
                                                            {
                                                                "Worker Number": 2,
                                                                "Actual Startup Time": 0.066,
                                                                "Actual Total Time": 116.319,
                                                                "Actual Rows": 25538,
                                                                "Actual Loops": 1
                                                            }
                                                        ]
                                                    }
                                                ]
                                            }
                                        ]
                                    },
                                    {
                                        "Node Type": "Index Scan",
                                        "Parent Relationship": "Inner",
                                        "Parallel Aware": false,
                                        "Scan Direction": "Forward",
                                        "Index Name": "movie_id_cast_info",
                                        "Relation Name": "cast_info",
                                        "Schema": "public",
                                        "Alias": "ci",
                                        "Startup Cost": 0.56,
                                        "Total Cost": 2.01,
                                        "Plan Rows": 10,
                                        "Plan Width": 4,
                                        "Actual Startup Time": 0.021,
                                        "Actual Total Time": 0.043,
                                        "Actual Rows": 18,
                                        "Actual Loops": 105763,
                                        "Output": [
                                            "ci.id",
                                            "ci.person_id",
                                            "ci.movie_id",
                                            "ci.person_role_id",
                                            "ci.note",
                                            "ci.nr_order",
                                            "ci.role_id"
                                        ],
                                        "Index Cond": "(ci.movie_id = mc.movie_id)",
                                        "Rows Removed by Index Recheck": 0,
                                        "Filter": "((ci.person_id > 2173710) AND (ci.role_id > 1))",
                                        "Rows Removed by Filter": 20,
                                        "Workers": [
                                            {
                                                "Worker Number": 0,
                                                "Actual Startup Time": 0.024,
                                                "Actual Total Time": 0.049,
                                                "Actual Rows": 18,
                                                "Actual Loops": 23511
                                            },
                                            {
                                                "Worker Number": 1,
                                                "Actual Startup Time": 0.023,
                                                "Actual Total Time": 0.045,
                                                "Actual Rows": 18,
                                                "Actual Loops": 25055
                                            },
                                            {
                                                "Worker Number": 2,
                                                "Actual Startup Time": 0.024,
                                                "Actual Total Time": 0.048,
                                                "Actual Rows": 18,
                                                "Actual Loops": 23918
                                            }
                                        ]
                                    }
                                ]
                            }
                        ]
                    }
                ]
            }
        ]
    },
    "Planning Time": 1.6,
    "Triggers": [],
    "Execution Time": 1705.251
}