[
  {
    "Plan": {
      "Node Type": "Aggregate",
      "Strategy": "Plain",
      "Partial Mode": "Finalize",
      "Parallel Aware": false,
      "Startup Cost": 230740.0,
      "Total Cost": 230740.01,
      "Plan Rows": 1,
      "Plan Width": 8,
      "Actual Startup Time": 1290.904,
      "Actual Total Time": 1328.063,
      "Actual Rows": 1,
      "Actual Loops": 1,
      "Plans": [
        {
          "Node Type": "Gather",
          "Parent Relationship": "Outer",
          "Parallel Aware": false,
          "Startup Cost": 230739.47,
          "Total Cost": 230739.98,
          "Plan Rows": 5,
          "Plan Width": 8,
          "Actual Startup Time": 1286.453,
          "Actual Total Time": 1328.055,
          "Actual Rows": 6,
          "Actual Loops": 1,
          "Workers Planned": 5,
          "Workers Launched": 5,
          "Single Copy": false,
          "Plans": [
            {
              "Node Type": "Aggregate",
              "Strategy": "Plain",
              "Partial Mode": "Partial",
              "Parent Relationship": "Outer",
              "Parallel Aware": false,
              "Startup Cost": 229739.47,
              "Total Cost": 229739.48,
              "Plan Rows": 1,
              "Plan Width": 8,
              "Actual Startup Time": 1279.369,
              "Actual Total Time": 1279.372,
              "Actual Rows": 1,
              "Actual Loops": 6,
              "Plans": [
                {
                  "Node Type": "Nested Loop",
                  "Parent Relationship": "Outer",
                  "Parallel Aware": false,
                  "Join Type": "Inner",
                  "Startup Cost": 96603.17,
                  "Total Cost": 229429.96,
                  "Plan Rows": 123806,
                  "Plan Width": 0,
                  "Actual Startup Time": 330.342,
                  "Actual Total Time": 1233.406,
                  "Actual Rows": 952709,
                  "Actual Loops": 6,
                  "Inner Unique": false,
                  "Join Filter": "(t.id = mi.movie_id)",
                  "Rows Removed by Join Filter": 0,
                  "Plans": [
                    {
                      "Node Type": "Merge Join",
                      "Parent Relationship": "Outer",
                      "Parallel Aware": false,
                      "Join Type": "Inner",
                      "Startup Cost": 96602.73,
                      "Total Cost": 142207.24,
                      "Plan Rows": 41701,
                      "Plan Width": 8,
                      "Actual Startup Time": 330.26,
                      "Actual Total Time": 510.702,
                      "Actual Rows": 79455,
                      "Actual Loops": 6,
                      "Inner Unique": true,
                      "Merge Cond": "(mi_idx.movie_id = t.id)",
                      "Plans": [
                        {
                          "Node Type": "Index Only Scan",
                          "Parent Relationship": "Outer",
                          "Parallel Aware": true,
                          "Scan Direction": "Forward",
                          "Index Name": "movie_id_movie_info_idx",
                          "Relation Name": "movie_info_idx",
                          "Alias": "mi_idx",
                          "Startup Cost": 0.43,
                          "Total Cost": 42590.53,
                          "Plan Rows": 276007,
                          "Plan Width": 4,
                          "Actual Startup Time": 0.095,
                          "Actual Total Time": 55.416,
                          "Actual Rows": 230006,
                          "Actual Loops": 6,
                          "Heap Fetches": 1380035
                        },
                        {
                          "Node Type": "Sort",
                          "Parent Relationship": "Inner",
                          "Parallel Aware": false,
                          "Startup Cost": 96601.68,
                          "Total Cost": 97556.66,
                          "Plan Rows": 381993,
                          "Plan Width": 4,
                          "Actual Startup Time": 330.135,
                          "Actual Total Time": 399.379,
                          "Actual Rows": 460290,
                          "Actual Loops": 6,
                          "Sort Key": [
                            "t.id"
                          ],
                          "Sort Method": "quicksort",
                          "Sort Space Used": 33915,
                          "Sort Space Type": "Memory",
                          "Workers": [
                            {
                              "Worker Number": 0,
                              "Sort Method": "quicksort",
                              "Sort Space Used": 33915,
                              "Sort Space Type": "Memory"
                            },
                            {
                              "Worker Number": 1,
                              "Sort Method": "quicksort",
                              "Sort Space Used": 33915,
                              "Sort Space Type": "Memory"
                            },
                            {
                              "Worker Number": 2,
                              "Sort Method": "quicksort",
                              "Sort Space Used": 33915,
                              "Sort Space Type": "Memory"
                            },
                            {
                              "Worker Number": 3,
                              "Sort Method": "quicksort",
                              "Sort Space Used": 33915,
                              "Sort Space Type": "Memory"
                            },
                            {
                              "Worker Number": 4,
                              "Sort Method": "quicksort",
                              "Sort Space Used": 33915,
                              "Sort Space Type": "Memory"
                            }
                          ],
                          "Plans": [
                            {
                              "Node Type": "Bitmap Heap Scan",
                              "Parent Relationship": "Outer",
                              "Parallel Aware": false,
                              "Relation Name": "title",
                              "Alias": "t",
                              "Startup Cost": 13720.9,
                              "Total Cost": 61184.84,
                              "Plan Rows": 381993,
                              "Plan Width": 4,
                              "Actual Startup Time": 54.72,
                              "Actual Total Time": 209.643,
                              "Actual Rows": 461364,
                              "Actual Loops": 6,
                              "Recheck Cond": "(kind_id < 3)",
                              "Rows Removed by Index Recheck": 0,
                              "Filter": "(production_year < 2004)",
                              "Rows Removed by Filter": 292313,
                              "Exact Heap Blocks": 35470,
                              "Lossy Heap Blocks": 0,
                              "Plans": [
                                {
                                  "Node Type": "Bitmap Index Scan",
                                  "Parent Relationship": "Outer",
                                  "Parallel Aware": false,
                                  "Index Name": "kind_id_title",
                                  "Startup Cost": 0.0,
                                  "Total Cost": 13625.4,
                                  "Plan Rows": 764396,
                                  "Plan Width": 0,
                                  "Actual Startup Time": 49.349,
                                  "Actual Total Time": 49.349,
                                  "Actual Rows": 753677,
                                  "Actual Loops": 6,
                                  "Index Cond": "(kind_id < 3)"
                                }
                              ]
                            }
                          ]
                        }
                      ]
                    },
                    {
                      "Node Type": "Index Scan",
                      "Parent Relationship": "Inner",
                      "Parallel Aware": false,
                      "Scan Direction": "Forward",
                      "Index Name": "movie_id_movie_info",
                      "Relation Name": "movie_info",
                      "Alias": "mi",
                      "Startup Cost": 0.43,
                      "Total Cost": 1.84,
                      "Plan Rows": 20,
                      "Plan Width": 4,
                      "Actual Startup Time": 0.003,
                      "Actual Total Time": 0.008,
                      "Actual Rows": 12,
                      "Actual Loops": 476728,
                      "Index Cond": "(movie_id = mi_idx.movie_id)",
                      "Rows Removed by Index Recheck": 0,
                      "Filter": "(info_type_id > 7)",
                      "Rows Removed by Filter": 9
                    }
                  ]
                }
              ]
            }
          ]
        }
      ]
    },
    "Planning Time": 0.761,
    "Triggers": [],
    "Execution Time": 1332.959
  }
]