[
  {
    "Plan": {
      "Node Type": "Aggregate",
      "Strategy": "Plain",
      "Partial Mode": "Finalize",
      "Parallel Aware": false,
      "Startup Cost": 45907.23,
      "Total Cost": 45907.24,
      "Plan Rows": 1,
      "Plan Width": 8,
      "Actual Startup Time": 139.963,
      "Actual Total Time": 147.487,
      "Actual Rows": 1,
      "Actual Loops": 1,
      "Plans": [
        {
          "Node Type": "Gather",
          "Parent Relationship": "Outer",
          "Parallel Aware": false,
          "Startup Cost": 45906.91,
          "Total Cost": 45907.22,
          "Plan Rows": 3,
          "Plan Width": 8,
          "Actual Startup Time": 139.837,
          "Actual Total Time": 147.479,
          "Actual Rows": 4,
          "Actual Loops": 1,
          "Workers Planned": 3,
          "Workers Launched": 3,
          "Single Copy": false,
          "Plans": [
            {
              "Node Type": "Aggregate",
              "Strategy": "Plain",
              "Partial Mode": "Partial",
              "Parent Relationship": "Outer",
              "Parallel Aware": false,
              "Startup Cost": 44906.91,
              "Total Cost": 44906.92,
              "Plan Rows": 1,
              "Plan Width": 8,
              "Actual Startup Time": 136.12,
              "Actual Total Time": 136.121,
              "Actual Rows": 1,
              "Actual Loops": 4,
              "Plans": [
                {
                  "Node Type": "Seq Scan",
                  "Parent Relationship": "Outer",
                  "Parallel Aware": true,
                  "Relation Name": "movie_keyword",
                  "Alias": "mk",
                  "Startup Cost": 0.0,
                  "Total Cost": 42695.65,
                  "Plan Rows": 884504,
                  "Plan Width": 0,
                  "Actual Startup Time": 0.212,
                  "Actual Total Time": 107.536,
                  "Actual Rows": 684604,
                  "Actual Loops": 4,
                  "Filter": "(keyword_id > 2890)",
                  "Rows Removed by Filter": 446379
                }
              ]
            }
          ]
        }
      ]
    },
    "Planning Time": 0.104,
    "Triggers": [],
    "Execution Time": 147.528
  }
]