{
  "Plan": {
    "Node Type": "Aggregate",
    "Strategy": "Plain",
    "Partial Mode": "Finalize",
    "Parallel Aware": false,
    "Startup Cost": 95448.48,
    "Total Cost": 95448.49,
    "Plan Rows": 1,
    "Plan Width": 8,
    "Actual Startup Time": 318.213,
    "Actual Total Time": 324.93,
    "Actual Rows": 1,
    "Actual Loops": 1,
    "Plans": [
      {
        "Node Type": "Gather",
        "Parent Relationship": "Outer",
        "Parallel Aware": false,
        "Startup Cost": 95448.37,
        "Total Cost": 95448.48,
        "Plan Rows": 1,
        "Plan Width": 8,
        "Actual Startup Time": 318.102,
        "Actual Total Time": 324.922,
        "Actual Rows": 2,
        "Actual Loops": 1,
        "Workers Planned": 1,
        "Workers Launched": 1,
        "Single Copy": false,
        "Plans": [
          {
            "Node Type": "Aggregate",
            "Strategy": "Plain",
            "Partial Mode": "Partial",
            "Parent Relationship": "Outer",
            "Parallel Aware": false,
            "Startup Cost": 94448.37,
            "Total Cost": 94448.38,
            "Plan Rows": 1,
            "Plan Width": 8,
            "Actual Startup Time": 312.18,
            "Actual Total Time": 312.184,
            "Actual Rows": 1,
            "Actual Loops": 2,
            "Plans": [
              {
                "Node Type": "Hash Join",
                "Parent Relationship": "Outer",
                "Parallel Aware": true,
                "Join Type": "Inner",
                "Startup Cost": 33367.5,
                "Total Cost": 94437.55,
                "Plan Rows": 4326,
                "Plan Width": 0,
                "Actual Startup Time": 6.67,
                "Actual Total Time": 312.16,
                "Actual Rows": 157,
                "Actual Loops": 2,
                "Inner Unique": false,
                "Hash Cond": "(mk.movie_id = t.id)",
                "Plans": [
                  {
                    "Node Type": "Seq Scan",
                    "Parent Relationship": "Outer",
                    "Parallel Aware": true,
                    "Relation Name": "movie_keyword",
                    "Alias": "mk",
                    "Startup Cost": 0.0,
                    "Total Cost": 51065.35,
                    "Plan Rows": 2661135,
                    "Plan Width": 4,
                    "Actual Startup Time": 0.033,
                    "Actual Total Time": 167.699,
                    "Actual Rows": 2261965,
                    "Actual Loops": 2
                  },
                  {
                    "Node Type": "Hash",
                    "Parent Relationship": "Inner",
                    "Parallel Aware": true,
                    "Startup Cost": 33337.27,
                    "Total Cost": 33337.27,
                    "Plan Rows": 2418,
                    "Plan Width": 8,
                    "Actual Startup Time": 3.578,
                    "Actual Total Time": 3.58,
                    "Actual Rows": 48,
                    "Actual Loops": 2,
                    "Hash Buckets": 8192,
                    "Original Hash Buckets": 8192,
                    "Hash Batches": 1,
                    "Original Hash Batches": 1,
                    "Peak Memory Usage": 96,
                    "Plans": [
                      {
                        "Node Type": "Nested Loop",
                        "Parent Relationship": "Outer",
                        "Parallel Aware": false,
                        "Join Type": "Inner",
                        "Startup Cost": 184.51,
                        "Total Cost": 33337.27,
                        "Plan Rows": 2418,
                        "Plan Width": 8,
                        "Actual Startup Time": 1.873,
                        "Actual Total Time": 7.03,
                        "Actual Rows": 96,
                        "Actual Loops": 1,
                        "Inner Unique": true,
                        "Plans": [
                          {
                            "Node Type": "Bitmap Heap Scan",
                            "Parent Relationship": "Outer",
                            "Parallel Aware": true,
                            "Relation Name": "movie_companies",
                            "Alias": "mc",
                            "Startup Cost": 184.08,
                            "Total Cost": 15226.85,
                            "Plan Rows": 2418,
                            "Plan Width": 4,
                            "Actual Startup Time": 1.838,
                            "Actual Total Time": 5.91,
                            "Actual Rows": 96,
                            "Actual Loops": 1,
                            "Recheck Cond": "(company_id = 596)",
                            "Rows Removed by Index Recheck": 0,
                            "Filter": "(company_type_id < 2)",
                            "Rows Removed by Filter": 8606,
                            "Exact Heap Blocks": 821,
                            "Lossy Heap Blocks": 0,
                            "Plans": [
                              {
                                "Node Type": "Bitmap Index Scan",
                                "Parent Relationship": "Outer",
                                "Parallel Aware": false,
                                "Index Name": "company_id_movie_companies",
                                "Startup Cost": 0.0,
                                "Total Cost": 183.05,
                                "Plan Rows": 8349,
                                "Plan Width": 0,
                                "Actual Startup Time": 1.458,
                                "Actual Total Time": 1.459,
                                "Actual Rows": 8702,
                                "Actual Loops": 1,
                                "Index Cond": "(company_id = 596)"
                              }
                            ]
                          },
                          {
                            "Node Type": "Index Only Scan",
                            "Parent Relationship": "Inner",
                            "Parallel Aware": false,
                            "Scan Direction": "Forward",
                            "Index Name": "title_pkey",
                            "Relation Name": "title",
                            "Alias": "t",
                            "Startup Cost": 0.43,
                            "Total Cost": 7.49,
                            "Plan Rows": 1,
                            "Plan Width": 4,
                            "Actual Startup Time": 0.01,
                            "Actual Total Time": 0.01,
                            "Actual Rows": 1,
                            "Actual Loops": 96,
                            "Index Cond": "(id = mc.movie_id)",
                            "Rows Removed by Index Recheck": 0,
                            "Heap Fetches": 96
                          }
                        ]
                      }
                    ]
                  }
                ]
              }
            ]
          }
        ]
      }
    ]
  },
  "Planning Time": 1.179,
  "Triggers": [],
  "Execution Time": 325.036
}