[
    {
        "Bao": {
            "Bao prediction": "NaN",
            "Bao recommended hint": "(no hint)"
        }
    },
    {
        "Plan": {
            "Node Type": "Aggregate",
            "Strategy": "Plain",
            "Partial Mode": "Simple",
            "Parallel Aware": false,
            "Startup Cost": 11339.3,
            "Total Cost": 11339.31,
            "Plan Rows": 1,
            "Plan Width": 8,
            "Actual Startup Time": 6.421,
            "Actual Total Time": 6.423,
            "Actual Rows": 1,
            "Actual Loops": 1,
            "Output": [
                "count(*)"
            ],
            "Plans": [
                {
                    "Node Type": "Bitmap Heap Scan",
                    "Parent Relationship": "Outer",
                    "Parallel Aware": false,
                    "Relation Name": "movie_keyword",
                    "Schema": "public",
                    "Alias": "mk",
                    "Startup Cost": 94.32,
                    "Total Cost": 11328.37,
                    "Plan Rows": 4373,
                    "Plan Width": 0,
                    "Actual Startup Time": 1.15,
                    "Actual Total Time": 6.174,
                    "Actual Rows": 3432,
                    "Actual Loops": 1,
                    "Recheck Cond": "(mk.keyword_id = 3219)",
                    "Rows Removed by Index Recheck": 0,
                    "Exact Heap Blocks": 2956,
                    "Lossy Heap Blocks": 0,
                    "Plans": [
                        {
                            "Node Type": "Bitmap Index Scan",
                            "Parent Relationship": "Outer",
                            "Parallel Aware": false,
                            "Index Name": "keyword_id_movie_keyword",
                            "Startup Cost": 0.0,
                            "Total Cost": 93.23,
                            "Plan Rows": 4373,
                            "Plan Width": 0,
                            "Actual Startup Time": 0.623,
                            "Actual Total Time": 0.624,
                            "Actual Rows": 3432,
                            "Actual Loops": 1,
                            "Index Cond": "(mk.keyword_id = 3219)"
                        }
                    ]
                }
            ]
        },
        "Planning Time": 231.848,
        "Triggers": [],
        "Execution Time": 6.48
    }
]