[
    {
        "Bao": {
            "Bao prediction": "NaN",
            "Bao recommended hint": "(no hint)"
        }
    },
    {
        "Plan": {
            "Node Type": "Aggregate",
            "Strategy": "Plain",
            "Partial Mode": "Finalize",
            "Parallel Aware": false,
            "Startup Cost": 319869.18,
            "Total Cost": 319869.19,
            "Plan Rows": 1,
            "Plan Width": 8,
            "Actual Startup Time": 521.339,
            "Actual Total Time": 547.275,
            "Actual Rows": 1,
            "Actual Loops": 1,
            "Output": [
                "count(*)"
            ],
            "Plans": [
                {
                    "Node Type": "Gather",
                    "Parent Relationship": "Outer",
                    "Parallel Aware": false,
                    "Startup Cost": 319868.86,
                    "Total Cost": 319869.17,
                    "Plan Rows": 3,
                    "Plan Width": 8,
                    "Actual Startup Time": 519.402,
                    "Actual Total Time": 547.268,
                    "Actual Rows": 4,
                    "Actual Loops": 1,
                    "Output": [
                        "(PARTIAL count(*))"
                    ],
                    "Workers Planned": 3,
                    "Workers Launched": 3,
                    "Single Copy": false,
                    "Plans": [
                        {
                            "Node Type": "Aggregate",
                            "Strategy": "Plain",
                            "Partial Mode": "Partial",
                            "Parent Relationship": "Outer",
                            "Parallel Aware": false,
                            "Startup Cost": 318868.86,
                            "Total Cost": 318868.87,
                            "Plan Rows": 1,
                            "Plan Width": 8,
                            "Actual Startup Time": 509.762,
                            "Actual Total Time": 509.766,
                            "Actual Rows": 1,
                            "Actual Loops": 4,
                            "Output": [
                                "PARTIAL count(*)"
                            ],
                            "Workers": [
                                {
                                    "Worker Number": 0,
                                    "Actual Startup Time": 506.632,
                                    "Actual Total Time": 506.635,
                                    "Actual Rows": 1,
                                    "Actual Loops": 1
                                },
                                {
                                    "Worker Number": 1,
                                    "Actual Startup Time": 506.616,
                                    "Actual Total Time": 506.62,
                                    "Actual Rows": 1,
                                    "Actual Loops": 1
                                },
                                {
                                    "Worker Number": 2,
                                    "Actual Startup Time": 506.707,
                                    "Actual Total Time": 506.711,
                                    "Actual Rows": 1,
                                    "Actual Loops": 1
                                }
                            ],
                            "Plans": [
                                {
                                    "Node Type": "Nested Loop",
                                    "Parent Relationship": "Outer",
                                    "Parallel Aware": false,
                                    "Join Type": "Inner",
                                    "Startup Cost": 62138.58,
                                    "Total Cost": 318845.75,
                                    "Plan Rows": 9243,
                                    "Plan Width": 0,
                                    "Actual Startup Time": 188.427,
                                    "Actual Total Time": 509.342,
                                    "Actual Rows": 4796,
                                    "Actual Loops": 4,
                                    "Inner Unique": false,
                                    "Workers": [
                                        {
                                            "Worker Number": 0,
                                            "Actual Startup Time": 186.621,
                                            "Actual Total Time": 506.233,
                                            "Actual Rows": 4056,
                                            "Actual Loops": 1
                                        },
                                        {
                                            "Worker Number": 1,
                                            "Actual Startup Time": 183.69,
                                            "Actual Total Time": 506.219,
                                            "Actual Rows": 3963,
                                            "Actual Loops": 1
                                        },
                                        {
                                            "Worker Number": 2,
                                            "Actual Startup Time": 189.356,
                                            "Actual Total Time": 506.276,
                                            "Actual Rows": 4254,
                                            "Actual Loops": 1
                                        }
                                    ],
                                    "Plans": [
                                        {
                                            "Node Type": "Hash Join",
                                            "Parent Relationship": "Outer",
                                            "Parallel Aware": true,
                                            "Join Type": "Inner",
                                            "Startup Cost": 62138.01,
                                            "Total Cost": 89836.02,
                                            "Plan Rows": 69317,
                                            "Plan Width": 8,
                                            "Actual Startup Time": 184.374,
                                            "Actual Total Time": 272.536,
                                            "Actual Rows": 9964,
                                            "Actual Loops": 4,
                                            "Output": [
                                                "t.id",
                                                "mk.movie_id"
                                            ],
                                            "Inner Unique": true,
                                            "Hash Cond": "(mk.movie_id = t.id)",
                                            "Workers": [
                                                {
                                                    "Worker Number": 0,
                                                    "Actual Startup Time": 181.344,
                                                    "Actual Total Time": 267.335,
                                                    "Actual Rows": 8466,
                                                    "Actual Loops": 1
                                                },
                                                {
                                                    "Worker Number": 1,
                                                    "Actual Startup Time": 181.35,
                                                    "Actual Total Time": 267.697,
                                                    "Actual Rows": 8772,
                                                    "Actual Loops": 1
                                                },
                                                {
                                                    "Worker Number": 2,
                                                    "Actual Startup Time": 181.56,
                                                    "Actual Total Time": 267.643,
                                                    "Actual Rows": 8480,
                                                    "Actual Loops": 1
                                                }
                                            ],
                                            "Plans": [
                                                {
                                                    "Node Type": "Bitmap Heap Scan",
                                                    "Parent Relationship": "Outer",
                                                    "Parallel Aware": true,
                                                    "Relation Name": "movie_keyword",
                                                    "Schema": "public",
                                                    "Alias": "mk",
                                                    "Startup Cost": 14105.31,
                                                    "Total Cost": 41240.3,
                                                    "Plan Rows": 214480,
                                                    "Plan Width": 4,
                                                    "Actual Startup Time": 36.728,
                                                    "Actual Total Time": 86.648,
                                                    "Actual Rows": 167416,
                                                    "Actual Loops": 4,
                                                    "Output": [
                                                        "mk.id",
                                                        "mk.movie_id",
                                                        "mk.keyword_id"
                                                    ],
                                                    "Recheck Cond": "(mk.keyword_id < 527)",
                                                    "Rows Removed by Index Recheck": 0,
                                                    "Exact Heap Blocks": 7062,
                                                    "Lossy Heap Blocks": 0,
                                                    "Workers": [
                                                        {
                                                            "Worker Number": 0,
                                                            "Actual Startup Time": 36.741,
                                                            "Actual Total Time": 86.437,
                                                            "Actual Rows": 156405,
                                                            "Actual Loops": 1
                                                        },
                                                        {
                                                            "Worker Number": 1,
                                                            "Actual Startup Time": 36.709,
                                                            "Actual Total Time": 86.848,
                                                            "Actual Rows": 160917,
                                                            "Actual Loops": 1
                                                        },
                                                        {
                                                            "Worker Number": 2,
                                                            "Actual Startup Time": 36.923,
                                                            "Actual Total Time": 86.691,
                                                            "Actual Rows": 158093,
                                                            "Actual Loops": 1
                                                        }
                                                    ],
                                                    "Plans": [
                                                        {
                                                            "Node Type": "Bitmap Index Scan",
                                                            "Parent Relationship": "Outer",
                                                            "Parallel Aware": false,
                                                            "Index Name": "keyword_id_movie_keyword",
                                                            "Startup Cost": 0.0,
                                                            "Total Cost": 13939.09,
                                                            "Plan Rows": 664887,
                                                            "Plan Width": 0,
                                                            "Actual Startup Time": 33.025,
                                                            "Actual Total Time": 33.026,
                                                            "Actual Rows": 669665,
                                                            "Actual Loops": 1,
                                                            "Index Cond": "(mk.keyword_id < 527)"
                                                        }
                                                    ]
                                                },
                                                {
                                                    "Node Type": "Hash",
                                                    "Parent Relationship": "Inner",
                                                    "Parallel Aware": true,
                                                    "Startup Cost": 45479.21,
                                                    "Total Cost": 45479.21,
                                                    "Plan Rows": 204280,
                                                    "Plan Width": 4,
                                                    "Actual Startup Time": 145.253,
                                                    "Actual Total Time": 145.254,
                                                    "Actual Rows": 184690,
                                                    "Actual Loops": 4,
                                                    "Output": [
                                                        "t.id"
                                                    ],
                                                    "Hash Buckets": 1048576,
                                                    "Original Hash Buckets": 1048576,
                                                    "Hash Batches": 1,
                                                    "Original Hash Batches": 1,
                                                    "Peak Memory Usage": 37152,
                                                    "Workers": [
                                                        {
                                                            "Worker Number": 0,
                                                            "Actual Startup Time": 144.123,
                                                            "Actual Total Time": 144.124,
                                                            "Actual Rows": 168259,
                                                            "Actual Loops": 1
                                                        },
                                                        {
                                                            "Worker Number": 1,
                                                            "Actual Startup Time": 144.122,
                                                            "Actual Total Time": 144.122,
                                                            "Actual Rows": 172580,
                                                            "Actual Loops": 1
                                                        },
                                                        {
                                                            "Worker Number": 2,
                                                            "Actual Startup Time": 144.176,
                                                            "Actual Total Time": 144.177,
                                                            "Actual Rows": 171950,
                                                            "Actual Loops": 1
                                                        }
                                                    ],
                                                    "Plans": [
                                                        {
                                                            "Node Type": "Seq Scan",
                                                            "Parent Relationship": "Outer",
                                                            "Parallel Aware": true,
                                                            "Relation Name": "title",
                                                            "Schema": "public",
                                                            "Alias": "t",
                                                            "Startup Cost": 0.0,
                                                            "Total Cost": 45479.21,
                                                            "Plan Rows": 204280,
                                                            "Plan Width": 4,
                                                            "Actual Startup Time": 0.03,
                                                            "Actual Total Time": 87.173,
                                                            "Actual Rows": 184690,
                                                            "Actual Loops": 4,
                                                            "Output": [
                                                                "t.id"
                                                            ],
                                                            "Filter": "((t.production_year < 2005) AND (t.kind_id = 7))",
                                                            "Rows Removed by Filter": 447388,
                                                            "Workers": [
                                                                {
                                                                    "Worker Number": 0,
                                                                    "Actual Startup Time": 0.039,
                                                                    "Actual Total Time": 87.986,
                                                                    "Actual Rows": 168259,
                                                                    "Actual Loops": 1
                                                                },
                                                                {
                                                                    "Worker Number": 1,
                                                                    "Actual Startup Time": 0.035,
                                                                    "Actual Total Time": 88.585,
                                                                    "Actual Rows": 172580,
                                                                    "Actual Loops": 1
                                                                },
                                                                {
                                                                    "Worker Number": 2,
                                                                    "Actual Startup Time": 0.036,
                                                                    "Actual Total Time": 88.427,
                                                                    "Actual Rows": 171950,
                                                                    "Actual Loops": 1
                                                                }
                                                            ]
                                                        }
                                                    ]
                                                }
                                            ]
                                        },
                                        {
                                            "Node Type": "Index Scan",
                                            "Parent Relationship": "Inner",
                                            "Parallel Aware": false,
                                            "Scan Direction": "Forward",
                                            "Index Name": "movie_id_cast_info",
                                            "Relation Name": "cast_info",
                                            "Schema": "public",
                                            "Alias": "ci",
                                            "Startup Cost": 0.56,
                                            "Total Cost": 3.29,
                                            "Plan Rows": 1,
                                            "Plan Width": 4,
                                            "Actual Startup Time": 0.015,
                                            "Actual Total Time": 0.023,
                                            "Actual Rows": 0,
                                            "Actual Loops": 39855,
                                            "Output": [
                                                "ci.id",
                                                "ci.person_id",
                                                "ci.movie_id",
                                                "ci.person_role_id",
                                                "ci.note",
                                                "ci.nr_order",
                                                "ci.role_id"
                                            ],
                                            "Index Cond": "(ci.movie_id = t.id)",
                                            "Rows Removed by Index Recheck": 0,
                                            "Filter": "((ci.person_id < 101380) AND (ci.role_id < 2))",
                                            "Rows Removed by Filter": 23,
                                            "Workers": [
                                                {
                                                    "Worker Number": 0,
                                                    "Actual Startup Time": 0.019,
                                                    "Actual Total Time": 0.028,
                                                    "Actual Rows": 0,
                                                    "Actual Loops": 8466
                                                },
                                                {
                                                    "Worker Number": 1,
                                                    "Actual Startup Time": 0.018,
                                                    "Actual Total Time": 0.027,
                                                    "Actual Rows": 0,
                                                    "Actual Loops": 8772
                                                },
                                                {
                                                    "Worker Number": 2,
                                                    "Actual Startup Time": 0.018,
                                                    "Actual Total Time": 0.028,
                                                    "Actual Rows": 1,
                                                    "Actual Loops": 8480
                                                }
                                            ]
                                        }
                                    ]
                                }
                            ]
                        }
                    ]
                }
            ]
        },
        "Planning Time": 183.691,
        "Triggers": [],
        "Execution Time": 547.353
    }
]