[
  {
    "Plan": {
      "Node Type": "Aggregate",
      "Strategy": "Plain",
      "Partial Mode": "Finalize",
      "Parallel Aware": false,
      "Startup Cost": 31971.24,
      "Total Cost": 31971.25,
      "Plan Rows": 1,
      "Plan Width": 8,
      "Actual Startup Time": 119.839,
      "Actual Total Time": 128.821,
      "Actual Rows": 1,
      "Actual Loops": 1,
      "Plans": [
        {
          "Node Type": "Gather",
          "Parent Relationship": "Outer",
          "Parallel Aware": false,
          "Startup Cost": 31970.93,
          "Total Cost": 31971.24,
          "Plan Rows": 3,
          "Plan Width": 8,
          "Actual Startup Time": 119.708,
          "Actual Total Time": 128.812,
          "Actual Rows": 4,
          "Actual Loops": 1,
          "Workers Planned": 3,
          "Workers Launched": 3,
          "Single Copy": false,
          "Plans": [
            {
              "Node Type": "Aggregate",
              "Strategy": "Plain",
              "Partial Mode": "Partial",
              "Parent Relationship": "Outer",
              "Parallel Aware": false,
              "Startup Cost": 30970.93,
              "Total Cost": 30970.94,
              "Plan Rows": 1,
              "Plan Width": 8,
              "Actual Startup Time": 113.877,
              "Actual Total Time": 113.878,
              "Actual Rows": 1,
              "Actual Loops": 4,
              "Plans": [
                {
                  "Node Type": "Seq Scan",
                  "Parent Relationship": "Outer",
                  "Parallel Aware": true,
                  "Relation Name": "movie_companies",
                  "Alias": "mc",
                  "Startup Cost": 0.0,
                  "Total Cost": 29310.68,
                  "Plan Rows": 664098,
                  "Plan Width": 0,
                  "Actual Startup Time": 0.043,
                  "Actual Total Time": 87.264,
                  "Actual Rows": 510916,
                  "Actual Loops": 4,
                  "Filter": "(company_id < 71525)",
                  "Rows Removed by Filter": 141366
                }
              ]
            }
          ]
        }
      ]
    },
    "Planning Time": 0.222,
    "Triggers": [],
    "Execution Time": 128.877
  }
]