[
  {
    "Plan": {
      "Node Type": "Aggregate",
      "Strategy": "Plain",
      "Partial Mode": "Finalize",
      "Parallel Aware": false,
      "Startup Cost": 47239.41,
      "Total Cost": 47239.42,
      "Plan Rows": 1,
      "Plan Width": 8,
      "Actual Startup Time": 136.125,
      "Actual Total Time": 154.221,
      "Actual Rows": 1,
      "Actual Loops": 1,
      "Plans": [
        {
          "Node Type": "Gather",
          "Parent Relationship": "Outer",
          "Parallel Aware": false,
          "Startup Cost": 47238.99,
          "Total Cost": 47239.4,
          "Plan Rows": 4,
          "Plan Width": 8,
          "Actual Startup Time": 135.96,
          "Actual Total Time": 154.211,
          "Actual Rows": 5,
          "Actual Loops": 1,
          "Workers Planned": 4,
          "Workers Launched": 4,
          "Single Copy": false,
          "Plans": [
            {
              "Node Type": "Aggregate",
              "Strategy": "Plain",
              "Partial Mode": "Partial",
              "Parent Relationship": "Outer",
              "Parallel Aware": false,
              "Startup Cost": 46238.99,
              "Total Cost": 46239.0,
              "Plan Rows": 1,
              "Plan Width": 8,
              "Actual Startup Time": 127.828,
              "Actual Total Time": 127.83,
              "Actual Rows": 1,
              "Actual Loops": 5,
              "Plans": [
                {
                  "Node Type": "Seq Scan",
                  "Parent Relationship": "Outer",
                  "Parallel Aware": true,
                  "Relation Name": "title",
                  "Alias": "t",
                  "Startup Cost": 0.0,
                  "Total Cost": 45479.59,
                  "Plan Rows": 303762,
                  "Plan Width": 0,
                  "Actual Startup Time": 0.041,
                  "Actual Total Time": 111.883,
                  "Actual Rows": 258631,
                  "Actual Loops": 5,
                  "Filter": "((production_year > 1977) AND (kind_id = 7))",
                  "Rows Removed by Filter": 247031
                }
              ]
            }
          ]
        }
      ]
    },
    "Planning Time": 0.161,
    "Triggers": [],
    "Execution Time": 154.273
  }
]