{
    "Plan": {
        "Node Type": "Aggregate",
        "Strategy": "Plain",
        "Partial Mode": "Simple",
        "Parallel Aware": false,
        "Startup Cost": 60003010533.69,
        "Total Cost": 60003010533.7,
        "Plan Rows": 1,
        "Plan Width": 96,
        "Actual Startup Time": 7180.265,
        "Actual Total Time": 7180.277,
        "Actual Rows": 1,
        "Actual Loops": 1,
        "Output": [
            "min(mi.info)",
            "min(miidx.info)",
            "min(t.title)"
        ],
        "Plans": [
            {
                "Node Type": "Hash Join",
                "Parent Relationship": "Outer",
                "Parallel Aware": false,
                "Join Type": "Inner",
                "Startup Cost": 60003010517.72,
                "Total Cost": 60003010533.37,
                "Plan Rows": 43,
                "Plan Width": 65,
                "Actual Startup Time": 7178.339,
                "Actual Total Time": 7179.244,
                "Actual Rows": 10244,
                "Actual Loops": 1,
                "Output": [
                    "mi.info",
                    "miidx.info",
                    "t.title"
                ],
                "Inner Unique": false,
                "Hash Cond": "(it2.id = mi.info_type_id)",
                "Plans": [
                    {
                        "Node Type": "Index Scan",
                        "Parent Relationship": "Outer",
                        "Parallel Aware": false,
                        "Scan Direction": "Forward",
                        "Index Name": "info_type_pkey",
                        "Relation Name": "info_type",
                        "Schema": "public",
                        "Alias": "it2",
                        "Startup Cost": 10000000000.14,
                        "Total Cost": 10000000014.12,
                        "Plan Rows": 1,
                        "Plan Width": 4,
                        "Actual Startup Time": 0.048,
                        "Actual Total Time": 0.063,
                        "Actual Rows": 1,
                        "Actual Loops": 1,
                        "Output": [
                            "it2.id",
                            "it2.info"
                        ],
                        "Filter": "((it2.info)::text = 'release dates'::text)",
                        "Rows Removed by Filter": 112
                    },
                    {
                        "Node Type": "Hash",
                        "Parent Relationship": "Inner",
                        "Parallel Aware": false,
                        "Startup Cost": 50003010456.76,
                        "Total Cost": 50003010456.76,
                        "Plan Rows": 4866,
                        "Plan Width": 69,
                        "Actual Startup Time": 7178.221,
                        "Actual Total Time": 7178.232,
                        "Actual Rows": 72173,
                        "Actual Loops": 1,
                        "Output": [
                            "mi.info",
                            "mi.info_type_id",
                            "miidx.info",
                            "t.title"
                        ],
                        "Hash Buckets": 131072,
                        "Original Hash Buckets": 8192,
                        "Hash Batches": 1,
                        "Original Hash Batches": 1,
                        "Peak Memory Usage": 9608,
                        "Plans": [
                            {
                                "Node Type": "Nested Loop",
                                "Parent Relationship": "Outer",
                                "Parallel Aware": false,
                                "Join Type": "Inner",
                                "Startup Cost": 50002517944.48,
                                "Total Cost": 50003010456.76,
                                "Plan Rows": 4866,
                                "Plan Width": 69,
                                "Actual Startup Time": 1369.603,
                                "Actual Total Time": 7155.562,
                                "Actual Rows": 72173,
                                "Actual Loops": 1,
                                "Output": [
                                    "mi.info",
                                    "mi.info_type_id",
                                    "miidx.info",
                                    "t.title"
                                ],
                                "Inner Unique": false,
                                "Join Filter": "(mc.company_type_id = ct.id)",
                                "Rows Removed by Join Filter": 62419,
                                "Plans": [
                                    {
                                        "Node Type": "Seq Scan",
                                        "Parent Relationship": "Outer",
                                        "Parallel Aware": false,
                                        "Relation Name": "company_type",
                                        "Schema": "public",
                                        "Alias": "ct",
                                        "Startup Cost": 0.0,
                                        "Total Cost": 1.05,
                                        "Plan Rows": 1,
                                        "Plan Width": 4,
                                        "Actual Startup Time": 0.016,
                                        "Actual Total Time": 0.019,
                                        "Actual Rows": 1,
                                        "Actual Loops": 1,
                                        "Output": [
                                            "ct.id",
                                            "ct.kind"
                                        ],
                                        "Filter": "((ct.kind)::text = 'production companies'::text)",
                                        "Rows Removed by Filter": 3
                                    },
                                    {
                                        "Node Type": "Nested Loop",
                                        "Parent Relationship": "Inner",
                                        "Parallel Aware": false,
                                        "Join Type": "Inner",
                                        "Startup Cost": 50002517944.48,
                                        "Total Cost": 50003010212.38,
                                        "Plan Rows": 19466,
                                        "Plan Width": 73,
                                        "Actual Startup Time": 1369.582,
                                        "Actual Total Time": 7141.161,
                                        "Actual Rows": 134592,
                                        "Actual Loops": 1,
                                        "Output": [
                                            "mc.company_type_id",
                                            "mi.info",
                                            "mi.info_type_id",
                                            "miidx.info",
                                            "t.title"
                                        ],
                                        "Inner Unique": true,
                                        "Plans": [
                                            {
                                                "Node Type": "Hash Join",
                                                "Parent Relationship": "Outer",
                                                "Parallel Aware": false,
                                                "Join Type": "Inner",
                                                "Startup Cost": 50002517944.06,
                                                "Total Cost": 50002883364.16,
                                                "Plan Rows": 284448,
                                                "Plan Width": 77,
                                                "Actual Startup Time": 1369.516,
                                                "Actual Total Time": 4533.544,
                                                "Actual Rows": 1577738,
                                                "Actual Loops": 1,
                                                "Output": [
                                                    "miidx.info",
                                                    "mc.company_id",
                                                    "mc.company_type_id",
                                                    "mi.info",
                                                    "mi.info_type_id",
                                                    "t.title"
                                                ],
                                                "Inner Unique": false,
                                                "Hash Cond": "(mi.movie_id = t.id)",
                                                "Plans": [
                                                    {
                                                        "Node Type": "Seq Scan",
                                                        "Parent Relationship": "Outer",
                                                        "Parallel Aware": false,
                                                        "Relation Name": "movie_info",
                                                        "Schema": "public",
                                                        "Alias": "mi",
                                                        "Startup Cost": 10000000000.0,
                                                        "Total Cost": 10000309543.95,
                                                        "Plan Rows": 14755095,
                                                        "Plan Width": 51,
                                                        "Actual Startup Time": 0.054,
                                                        "Actual Total Time": 1387.486,
                                                        "Actual Rows": 14835720,
                                                        "Actual Loops": 1,
                                                        "Output": [
                                                            "mi.id",
                                                            "mi.movie_id",
                                                            "mi.info_type_id",
                                                            "mi.info",
                                                            "mi.note"
                                                        ]
                                                    },
                                                    {
                                                        "Node Type": "Hash",
                                                        "Parent Relationship": "Inner",
                                                        "Parallel Aware": false,
                                                        "Startup Cost": 40002517827.42,
                                                        "Total Cost": 40002517827.42,
                                                        "Plan Rows": 9331,
                                                        "Plan Width": 42,
                                                        "Actual Startup Time": 1330.242,
                                                        "Actual Total Time": 1330.251,
                                                        "Actual Rows": 102155,
                                                        "Actual Loops": 1,
                                                        "Output": [
                                                            "miidx.info",
                                                            "miidx.movie_id",
                                                            "mc.movie_id",
                                                            "mc.company_id",
                                                            "mc.company_type_id",
                                                            "t.title",
                                                            "t.id"
                                                        ],
                                                        "Hash Buckets": 131072,
                                                        "Original Hash Buckets": 16384,
                                                        "Hash Batches": 1,
                                                        "Original Hash Batches": 1,
                                                        "Peak Memory Usage": 9051,
                                                        "Plans": [
                                                            {
                                                                "Node Type": "Nested Loop",
                                                                "Parent Relationship": "Outer",
                                                                "Parallel Aware": false,
                                                                "Join Type": "Inner",
                                                                "Startup Cost": 40000007619.41,
                                                                "Total Cost": 40002517827.42,
                                                                "Plan Rows": 9331,
                                                                "Plan Width": 42,
                                                                "Actual Startup Time": 14.113,
                                                                "Actual Total Time": 1298.143,
                                                                "Actual Rows": 102155,
                                                                "Actual Loops": 1,
                                                                "Output": [
                                                                    "miidx.info",
                                                                    "miidx.movie_id",
                                                                    "mc.movie_id",
                                                                    "mc.company_id",
                                                                    "mc.company_type_id",
                                                                    "t.title",
                                                                    "t.id"
                                                                ],
                                                                "Inner Unique": false,
                                                                "Plans": [
                                                                    {
                                                                        "Node Type": "Nested Loop",
                                                                        "Parent Relationship": "Outer",
                                                                        "Parallel Aware": false,
                                                                        "Join Type": "Inner",
                                                                        "Startup Cost": 30000007618.92,
                                                                        "Total Cost": 30002509806.86,
                                                                        "Plan Rows": 1745,
                                                                        "Plan Width": 30,
                                                                        "Actual Startup Time": 14.092,
                                                                        "Actual Total Time": 1003.549,
                                                                        "Actual Rows": 37049,
                                                                        "Actual Loops": 1,
                                                                        "Output": [
                                                                            "miidx.info",
                                                                            "miidx.movie_id",
                                                                            "t.title",
                                                                            "t.id"
                                                                        ],
                                                                        "Inner Unique": true,
                                                                        "Plans": [
                                                                            {
                                                                                "Node Type": "Nested Loop",
                                                                                "Parent Relationship": "Outer",
                                                                                "Parallel Aware": false,
                                                                                "Join Type": "Inner",
                                                                                "Startup Cost": 20000007618.77,
                                                                                "Total Cost": 20001688617.56,
                                                                                "Plan Rows": 197148,
                                                                                "Plan Width": 34,
                                                                                "Actual Startup Time": 14.06,
                                                                                "Actual Total Time": 572.339,
                                                                                "Actual Rows": 111147,
                                                                                "Actual Loops": 1,
                                                                                "Output": [
                                                                                    "t.title",
                                                                                    "t.id",
                                                                                    "miidx.info",
                                                                                    "miidx.movie_id",
                                                                                    "miidx.info_type_id"
                                                                                ],
                                                                                "Inner Unique": false,
                                                                                "Plans": [
                                                                                    {
                                                                                        "Node Type": "Nested Loop",
                                                                                        "Parent Relationship": "Outer",
                                                                                        "Parallel Aware": false,
                                                                                        "Join Type": "Inner",
                                                                                        "Startup Cost": 10000007618.31,
                                                                                        "Total Cost": 10000053109.64,
                                                                                        "Plan Rows": 361189,
                                                                                        "Plan Width": 21,
                                                                                        "Actual Startup Time": 14.033,
                                                                                        "Actual Total Time": 71.718,
                                                                                        "Actual Rows": 100537,
                                                                                        "Actual Loops": 1,
                                                                                        "Output": [
                                                                                            "t.title",
                                                                                            "t.id"
                                                                                        ],
                                                                                        "Inner Unique": false,
                                                                                        "Plans": [
                                                                                            {
                                                                                                "Node Type": "Index Scan",
                                                                                                "Parent Relationship": "Outer",
                                                                                                "Parallel Aware": false,
                                                                                                "Scan Direction": "Forward",
                                                                                                "Index Name": "kind_type_pkey",
                                                                                                "Relation Name": "kind_type",
                                                                                                "Schema": "public",
                                                                                                "Alias": "kt",
                                                                                                "Startup Cost": 0.13,
                                                                                                "Total Cost": 12.26,
                                                                                                "Plan Rows": 1,
                                                                                                "Plan Width": 4,
                                                                                                "Actual Startup Time": 0.009,
                                                                                                "Actual Total Time": 0.014,
                                                                                                "Actual Rows": 1,
                                                                                                "Actual Loops": 1,
                                                                                                "Output": [
                                                                                                    "kt.id",
                                                                                                    "kt.kind"
                                                                                                ],
                                                                                                "Filter": "((kt.kind)::text = 'tv movie'::text)",
                                                                                                "Rows Removed by Filter": 6
                                                                                            },
                                                                                            {
                                                                                                "Node Type": "Bitmap Heap Scan",
                                                                                                "Parent Relationship": "Inner",
                                                                                                "Parallel Aware": false,
                                                                                                "Relation Name": "title",
                                                                                                "Schema": "public",
                                                                                                "Alias": "t",
                                                                                                "Startup Cost": 7618.18,
                                                                                                "Total Cost": 48883.52,
                                                                                                "Plan Rows": 421387,
                                                                                                "Plan Width": 25,
                                                                                                "Actual Startup Time": 14.013,
                                                                                                "Actual Total Time": 59.043,
                                                                                                "Actual Rows": 100537,
                                                                                                "Actual Loops": 1,
                                                                                                "Output": [
                                                                                                    "t.id",
                                                                                                    "t.title",
                                                                                                    "t.imdb_index",
                                                                                                    "t.kind_id",
                                                                                                    "t.production_year",
                                                                                                    "t.imdb_id",
                                                                                                    "t.phonetic_code",
                                                                                                    "t.episode_of_id",
                                                                                                    "t.season_nr",
                                                                                                    "t.episode_nr",
                                                                                                    "t.series_years",
                                                                                                    "t.md5sum"
                                                                                                ],
                                                                                                "Recheck Cond": "(t.kind_id = kt.id)",
                                                                                                "Rows Removed by Index Recheck": 0,
                                                                                                "Exact Heap Blocks": 12707,
                                                                                                "Lossy Heap Blocks": 0,
                                                                                                "Plans": [
                                                                                                    {
                                                                                                        "Node Type": "Bitmap Index Scan",
                                                                                                        "Parent Relationship": "Outer",
                                                                                                        "Parallel Aware": false,
                                                                                                        "Index Name": "kind_id_title",
                                                                                                        "Startup Cost": 0.0,
                                                                                                        "Total Cost": 7512.83,
                                                                                                        "Plan Rows": 421387,
                                                                                                        "Plan Width": 0,
                                                                                                        "Actual Startup Time": 10.046,
                                                                                                        "Actual Total Time": 10.047,
                                                                                                        "Actual Rows": 100537,
                                                                                                        "Actual Loops": 1,
                                                                                                        "Index Cond": "(t.kind_id = kt.id)"
                                                                                                    }
                                                                                                ]
                                                                                            }
                                                                                        ]
                                                                                    },
                                                                                    {
                                                                                        "Node Type": "Bitmap Heap Scan",
                                                                                        "Parent Relationship": "Inner",
                                                                                        "Parallel Aware": false,
                                                                                        "Relation Name": "movie_info_idx",
                                                                                        "Schema": "public",
                                                                                        "Alias": "miidx",
                                                                                        "Startup Cost": 0.46,
                                                                                        "Total Cost": 4.5,
                                                                                        "Plan Rows": 3,
                                                                                        "Plan Width": 13,
                                                                                        "Actual Startup Time": 0.003,
                                                                                        "Actual Total Time": 0.003,
                                                                                        "Actual Rows": 1,
                                                                                        "Actual Loops": 100537,
                                                                                        "Output": [
                                                                                            "miidx.id",
                                                                                            "miidx.movie_id",
                                                                                            "miidx.info_type_id",
                                                                                            "miidx.info",
                                                                                            "miidx.note"
                                                                                        ],
                                                                                        "Recheck Cond": "(miidx.movie_id = t.id)",
                                                                                        "Rows Removed by Index Recheck": 0,
                                                                                        "Exact Heap Blocks": 37391,
                                                                                        "Lossy Heap Blocks": 0,
                                                                                        "Plans": [
                                                                                            {
                                                                                                "Node Type": "Bitmap Index Scan",
                                                                                                "Parent Relationship": "Outer",
                                                                                                "Parallel Aware": false,
                                                                                                "Index Name": "movie_id_movie_info_idx",
                                                                                                "Startup Cost": 0.0,
                                                                                                "Total Cost": 0.46,
                                                                                                "Plan Rows": 3,
                                                                                                "Plan Width": 0,
                                                                                                "Actual Startup Time": 0.002,
                                                                                                "Actual Total Time": 0.002,
                                                                                                "Actual Rows": 1,
                                                                                                "Actual Loops": 100537,
                                                                                                "Index Cond": "(miidx.movie_id = t.id)"
                                                                                            }
                                                                                        ]
                                                                                    }
                                                                                ]
                                                                            },
                                                                            {
                                                                                "Node Type": "Bitmap Heap Scan",
                                                                                "Parent Relationship": "Inner",
                                                                                "Parallel Aware": false,
                                                                                "Relation Name": "info_type",
                                                                                "Schema": "public",
                                                                                "Alias": "it",
                                                                                "Startup Cost": 0.15,
                                                                                "Total Cost": 4.17,
                                                                                "Plan Rows": 1,
                                                                                "Plan Width": 4,
                                                                                "Actual Startup Time": 0.002,
                                                                                "Actual Total Time": 0.002,
                                                                                "Actual Rows": 0,
                                                                                "Actual Loops": 111147,
                                                                                "Output": [
                                                                                    "it.id",
                                                                                    "it.info"
                                                                                ],
                                                                                "Recheck Cond": "(it.id = miidx.info_type_id)",
                                                                                "Rows Removed by Index Recheck": 0,
                                                                                "Filter": "((it.info)::text = 'rating'::text)",
                                                                                "Rows Removed by Filter": 1,
                                                                                "Exact Heap Blocks": 111147,
                                                                                "Lossy Heap Blocks": 0,
                                                                                "Plans": [
                                                                                    {
                                                                                        "Node Type": "Bitmap Index Scan",
                                                                                        "Parent Relationship": "Outer",
                                                                                        "Parallel Aware": false,
                                                                                        "Index Name": "info_type_pkey",
                                                                                        "Startup Cost": 0.0,
                                                                                        "Total Cost": 0.15,
                                                                                        "Plan Rows": 1,
                                                                                        "Plan Width": 0,
                                                                                        "Actual Startup Time": 0.001,
                                                                                        "Actual Total Time": 0.001,
                                                                                        "Actual Rows": 1,
                                                                                        "Actual Loops": 111147,
                                                                                        "Index Cond": "(it.id = miidx.info_type_id)"
                                                                                    }
                                                                                ]
                                                                            }
                                                                        ]
                                                                    },
                                                                    {
                                                                        "Node Type": "Bitmap Heap Scan",
                                                                        "Parent Relationship": "Inner",
                                                                        "Parallel Aware": false,
                                                                        "Relation Name": "movie_companies",
                                                                        "Schema": "public",
                                                                        "Alias": "mc",
                                                                        "Startup Cost": 0.48,
                                                                        "Total Cost": 4.55,
                                                                        "Plan Rows": 5,
                                                                        "Plan Width": 12,
                                                                        "Actual Startup Time": 0.005,
                                                                        "Actual Total Time": 0.006,
                                                                        "Actual Rows": 3,
                                                                        "Actual Loops": 37049,
                                                                        "Output": [
                                                                            "mc.id",
                                                                            "mc.movie_id",
                                                                            "mc.company_id",
                                                                            "mc.company_type_id",
                                                                            "mc.note"
                                                                        ],
                                                                        "Recheck Cond": "(mc.movie_id = t.id)",
                                                                        "Rows Removed by Index Recheck": 0,
                                                                        "Exact Heap Blocks": 57327,
                                                                        "Lossy Heap Blocks": 0,
                                                                        "Plans": [
                                                                            {
                                                                                "Node Type": "Bitmap Index Scan",
                                                                                "Parent Relationship": "Outer",
                                                                                "Parallel Aware": false,
                                                                                "Index Name": "movie_id_movie_companies",
                                                                                "Startup Cost": 0.0,
                                                                                "Total Cost": 0.48,
                                                                                "Plan Rows": 5,
                                                                                "Plan Width": 0,
                                                                                "Actual Startup Time": 0.003,
                                                                                "Actual Total Time": 0.003,
                                                                                "Actual Rows": 3,
                                                                                "Actual Loops": 37049,
                                                                                "Index Cond": "(mc.movie_id = t.id)"
                                                                            }
                                                                        ]
                                                                    }
                                                                ]
                                                            }
                                                        ]
                                                    }
                                                ]
                                            },
                                            {
                                                "Node Type": "Index Scan",
                                                "Parent Relationship": "Inner",
                                                "Parallel Aware": false,
                                                "Scan Direction": "Forward",
                                                "Index Name": "company_name_pkey",
                                                "Relation Name": "company_name",
                                                "Schema": "public",
                                                "Alias": "cn",
                                                "Startup Cost": 0.42,
                                                "Total Cost": 0.45,
                                                "Plan Rows": 1,
                                                "Plan Width": 4,
                                                "Actual Startup Time": 0.001,
                                                "Actual Total Time": 0.001,
                                                "Actual Rows": 0,
                                                "Actual Loops": 1577738,
                                                "Output": [
                                                    "cn.id",
                                                    "cn.name",
                                                    "cn.country_code",
                                                    "cn.imdb_id",
                                                    "cn.name_pcode_nf",
                                                    "cn.name_pcode_sf",
                                                    "cn.md5sum"
                                                ],
                                                "Index Cond": "(cn.id = mc.company_id)",
                                                "Rows Removed by Index Recheck": 0,
                                                "Filter": "((cn.country_code)::text = '[gb]'::text)",
                                                "Rows Removed by Filter": 1
                                            }
                                        ]
                                    }
                                ]
                            }
                        ]
                    }
                ]
            }
        ]
    },
    "Planning Time": 11.636,
    "Triggers": [],
    "Execution Time": 7180.753
}