[
  {
    "Plan": {
      "Node Type": "Aggregate",
      "Strategy": "Plain",
      "Partial Mode": "Finalize",
      "Parallel Aware": false,
      "Startup Cost": 105754.98,
      "Total Cost": 105754.99,
      "Plan Rows": 1,
      "Plan Width": 8,
      "Actual Startup Time": 491.78,
      "Actual Total Time": 511.423,
      "Actual Rows": 1,
      "Actual Loops": 1,
      "Plans": [
        {
          "Node Type": "Gather",
          "Parent Relationship": "Outer",
          "Parallel Aware": false,
          "Startup Cost": 105754.76,
          "Total Cost": 105754.97,
          "Plan Rows": 2,
          "Plan Width": 8,
          "Actual Startup Time": 487.537,
          "Actual Total Time": 511.412,
          "Actual Rows": 3,
          "Actual Loops": 1,
          "Workers Planned": 2,
          "Workers Launched": 2,
          "Single Copy": false,
          "Plans": [
            {
              "Node Type": "Aggregate",
              "Strategy": "Plain",
              "Partial Mode": "Partial",
              "Parent Relationship": "Outer",
              "Parallel Aware": false,
              "Startup Cost": 104754.76,
              "Total Cost": 104754.77,
              "Plan Rows": 1,
              "Plan Width": 8,
              "Actual Startup Time": 477.086,
              "Actual Total Time": 477.092,
              "Actual Rows": 1,
              "Actual Loops": 3,
              "Plans": [
                {
                  "Node Type": "Hash Join",
                  "Parent Relationship": "Outer",
                  "Parallel Aware": true,
                  "Join Type": "Inner",
                  "Startup Cost": 88683.27,
                  "Total Cost": 104654.33,
                  "Plan Rows": 40174,
                  "Plan Width": 0,
                  "Actual Startup Time": 389.615,
                  "Actual Total Time": 474.817,
                  "Actual Rows": 48802,
                  "Actual Loops": 3,
                  "Inner Unique": false,
                  "Hash Cond": "(mi_idx.movie_id = t.id)",
                  "Plans": [
                    {
                      "Node Type": "Seq Scan",
                      "Parent Relationship": "Outer",
                      "Parallel Aware": true,
                      "Relation Name": "movie_info_idx",
                      "Alias": "mi_idx",
                      "Startup Cost": 0.0,
                      "Total Cost": 13685.15,
                      "Plan Rows": 575015,
                      "Plan Width": 4,
                      "Actual Startup Time": 0.034,
                      "Actual Total Time": 37.948,
                      "Actual Rows": 460012,
                      "Actual Loops": 3
                    },
                    {
                      "Node Type": "Hash",
                      "Parent Relationship": "Inner",
                      "Parallel Aware": true,
                      "Startup Cost": 87971.0,
                      "Total Cost": 87971.0,
                      "Plan Rows": 56982,
                      "Plan Width": 8,
                      "Actual Startup Time": 386.979,
                      "Actual Total Time": 386.984,
                      "Actual Rows": 28936,
                      "Actual Loops": 3,
                      "Hash Buckets": 262144,
                      "Original Hash Buckets": 262144,
                      "Hash Batches": 1,
                      "Original Hash Batches": 1,
                      "Peak Memory Usage": 5504,
                      "Plans": [
                        {
                          "Node Type": "Hash Join",
                          "Parent Relationship": "Outer",
                          "Parallel Aware": true,
                          "Join Type": "Inner",
                          "Startup Cost": 60237.22,
                          "Total Cost": 87971.0,
                          "Plan Rows": 56982,
                          "Plan Width": 8,
                          "Actual Startup Time": 249.702,
                          "Actual Total Time": 378.141,
                          "Actual Rows": 28936,
                          "Actual Loops": 3,
                          "Inner Unique": true,
                          "Hash Cond": "(mk.movie_id = t.id)",
                          "Plans": [
                            {
                              "Node Type": "Bitmap Heap Scan",
                              "Parent Relationship": "Outer",
                              "Parallel Aware": true,
                              "Relation Name": "movie_keyword",
                              "Alias": "mk",
                              "Startup Cost": 14262.13,
                              "Total Cost": 41426.69,
                              "Plan Rows": 216845,
                              "Plan Width": 4,
                              "Actual Startup Time": 36.681,
                              "Actual Total Time": 112.182,
                              "Actual Rows": 226192,
                              "Actual Loops": 3,
                              "Recheck Cond": "(keyword_id < 555)",
                              "Rows Removed by Index Recheck": 0,
                              "Exact Heap Blocks": 11495,
                              "Lossy Heap Blocks": 0,
                              "Plans": [
                                {
                                  "Node Type": "Bitmap Index Scan",
                                  "Parent Relationship": "Outer",
                                  "Parallel Aware": false,
                                  "Index Name": "keyword_id_movie_keyword",
                                  "Startup Cost": 0.0,
                                  "Total Cost": 14094.08,
                                  "Plan Rows": 672219,
                                  "Plan Width": 0,
                                  "Actual Startup Time": 33.064,
                                  "Actual Total Time": 33.064,
                                  "Actual Rows": 678575,
                                  "Actual Loops": 1,
                                  "Index Cond": "(keyword_id < 555)"
                                }
                              ]
                            },
                            {
                              "Node Type": "Hash",
                              "Parent Relationship": "Inner",
                              "Parallel Aware": true,
                              "Startup Cost": 43898.92,
                              "Total Cost": 43898.92,
                              "Plan Rows": 166094,
                              "Plan Width": 4,
                              "Actual Startup Time": 208.094,
                              "Actual Total Time": 208.095,
                              "Actual Rows": 220688,
                              "Actual Loops": 3,
                              "Hash Buckets": 1048576,
                              "Original Hash Buckets": 1048576,
                              "Hash Batches": 1,
                              "Original Hash Batches": 1,
                              "Peak Memory Usage": 34144,
                              "Plans": [
                                {
                                  "Node Type": "Seq Scan",
                                  "Parent Relationship": "Outer",
                                  "Parallel Aware": true,
                                  "Relation Name": "title",
                                  "Alias": "t",
                                  "Startup Cost": 0.0,
                                  "Total Cost": 43898.92,
                                  "Plan Rows": 166094,
                                  "Plan Width": 4,
                                  "Actual Startup Time": 0.041,
                                  "Actual Total Time": 126.261,
                                  "Actual Rows": 220688,
                                  "Actual Loops": 3,
                                  "Filter": "(production_year > 2008)",
                                  "Rows Removed by Filter": 622082
                                }
                              ]
                            }
                          ]
                        }
                      ]
                    }
                  ]
                }
              ]
            }
          ]
        }
      ]
    },
    "Planning Time": 1.289,
    "Triggers": [],
    "Execution Time": 511.529
  }
]