[
  {
    "Plan": {
      "Node Type": "Aggregate",
      "Strategy": "Plain",
      "Partial Mode": "Finalize",
      "Parallel Aware": false,
      "Startup Cost": 332433.45,
      "Total Cost": 332433.46,
      "Plan Rows": 1,
      "Plan Width": 8,
      "Actual Startup Time": 690.235,
      "Actual Total Time": 750.151,
      "Actual Rows": 1,
      "Actual Loops": 1,
      "Plans": [
        {
          "Node Type": "Gather",
          "Parent Relationship": "Outer",
          "Parallel Aware": false,
          "Startup Cost": 332432.82,
          "Total Cost": 332433.43,
          "Plan Rows": 6,
          "Plan Width": 8,
          "Actual Startup Time": 689.828,
          "Actual Total Time": 750.133,
          "Actual Rows": 7,
          "Actual Loops": 1,
          "Workers Planned": 6,
          "Workers Launched": 6,
          "Single Copy": false,
          "Plans": [
            {
              "Node Type": "Aggregate",
              "Strategy": "Plain",
              "Partial Mode": "Partial",
              "Parent Relationship": "Outer",
              "Parallel Aware": false,
              "Startup Cost": 331432.82,
              "Total Cost": 331432.83,
              "Plan Rows": 1,
              "Plan Width": 8,
              "Actual Startup Time": 679.702,
              "Actual Total Time": 679.703,
              "Actual Rows": 1,
              "Actual Loops": 7,
              "Plans": [
                {
                  "Node Type": "Seq Scan",
                  "Parent Relationship": "Outer",
                  "Parallel Aware": true,
                  "Relation Name": "cast_info",
                  "Alias": "ci",
                  "Startup Cost": 0.0,
                  "Total Cost": 328211.39,
                  "Plan Rows": 1288572,
                  "Plan Width": 0,
                  "Actual Startup Time": 0.063,
                  "Actual Total Time": 619.5,
                  "Actual Rows": 1122876,
                  "Actual Loops": 7,
                  "Filter": "(person_id < 766036)",
                  "Rows Removed by Filter": 4054887
                }
              ]
            }
          ]
        }
      ]
    },
    "Planning Time": 0.24,
    "Triggers": [],
    "Execution Time": 750.225
  }
]