[
  {
    "Plan": {
      "Node Type": "Aggregate",
      "Strategy": "Plain",
      "Partial Mode": "Finalize",
      "Parallel Aware": false,
      "Startup Cost": 332360.61,
      "Total Cost": 332360.62,
      "Plan Rows": 1,
      "Plan Width": 8,
      "Actual Startup Time": 600.64,
      "Actual Total Time": 660.465,
      "Actual Rows": 1,
      "Actual Loops": 1,
      "Plans": [
        {
          "Node Type": "Gather",
          "Parent Relationship": "Outer",
          "Parallel Aware": false,
          "Startup Cost": 332359.99,
          "Total Cost": 332360.6,
          "Plan Rows": 6,
          "Plan Width": 8,
          "Actual Startup Time": 600.503,
          "Actual Total Time": 660.454,
          "Actual Rows": 7,
          "Actual Loops": 1,
          "Workers Planned": 6,
          "Workers Launched": 6,
          "Single Copy": false,
          "Plans": [
            {
              "Node Type": "Aggregate",
              "Strategy": "Plain",
              "Partial Mode": "Partial",
              "Parent Relationship": "Outer",
              "Parallel Aware": false,
              "Startup Cost": 331359.99,
              "Total Cost": 331360.0,
              "Plan Rows": 1,
              "Plan Width": 8,
              "Actual Startup Time": 594.095,
              "Actual Total Time": 594.096,
              "Actual Rows": 1,
              "Actual Loops": 7,
              "Plans": [
                {
                  "Node Type": "Seq Scan",
                  "Parent Relationship": "Outer",
                  "Parallel Aware": true,
                  "Relation Name": "cast_info",
                  "Alias": "ci",
                  "Startup Cost": 0.0,
                  "Total Cost": 328162.03,
                  "Plan Rows": 1279184,
                  "Plan Width": 0,
                  "Actual Startup Time": 0.034,
                  "Actual Total Time": 543.203,
                  "Actual Rows": 1122876,
                  "Actual Loops": 7,
                  "Filter": "(person_id < 766036)",
                  "Rows Removed by Filter": 4054887
                }
              ]
            }
          ]
        }
      ]
    },
    "Planning Time": 0.199,
    "Triggers": [],
    "Execution Time": 660.54
  }
]