[
    {
        "Bao": {
            "Bao prediction": "NaN",
            "Bao recommended hint": "(no hint)"
        }
    },
    {
        "Plan": {
            "Node Type": "Aggregate",
            "Strategy": "Plain",
            "Partial Mode": "Finalize",
            "Parallel Aware": false,
            "Startup Cost": 308313.8,
            "Total Cost": 308313.81,
            "Plan Rows": 1,
            "Plan Width": 8,
            "Actual Startup Time": 211.219,
            "Actual Total Time": 219.826,
            "Actual Rows": 1,
            "Actual Loops": 1,
            "Output": [
                "count(*)"
            ],
            "Plans": [
                {
                    "Node Type": "Gather",
                    "Parent Relationship": "Outer",
                    "Parallel Aware": false,
                    "Startup Cost": 308313.17,
                    "Total Cost": 308313.78,
                    "Plan Rows": 6,
                    "Plan Width": 8,
                    "Actual Startup Time": 210.11,
                    "Actual Total Time": 219.816,
                    "Actual Rows": 7,
                    "Actual Loops": 1,
                    "Output": [
                        "(PARTIAL count(*))"
                    ],
                    "Workers Planned": 6,
                    "Workers Launched": 6,
                    "Single Copy": false,
                    "Plans": [
                        {
                            "Node Type": "Aggregate",
                            "Strategy": "Plain",
                            "Partial Mode": "Partial",
                            "Parent Relationship": "Outer",
                            "Parallel Aware": false,
                            "Startup Cost": 307313.17,
                            "Total Cost": 307313.18,
                            "Plan Rows": 1,
                            "Plan Width": 8,
                            "Actual Startup Time": 200.005,
                            "Actual Total Time": 200.006,
                            "Actual Rows": 1,
                            "Actual Loops": 7,
                            "Output": [
                                "PARTIAL count(*)"
                            ],
                            "Workers": [
                                {
                                    "Worker Number": 0,
                                    "Actual Startup Time": 197.755,
                                    "Actual Total Time": 197.756,
                                    "Actual Rows": 1,
                                    "Actual Loops": 1
                                },
                                {
                                    "Worker Number": 1,
                                    "Actual Startup Time": 198.128,
                                    "Actual Total Time": 198.13,
                                    "Actual Rows": 1,
                                    "Actual Loops": 1
                                },
                                {
                                    "Worker Number": 2,
                                    "Actual Startup Time": 198.051,
                                    "Actual Total Time": 198.053,
                                    "Actual Rows": 1,
                                    "Actual Loops": 1
                                },
                                {
                                    "Worker Number": 3,
                                    "Actual Startup Time": 198.497,
                                    "Actual Total Time": 198.499,
                                    "Actual Rows": 1,
                                    "Actual Loops": 1
                                },
                                {
                                    "Worker Number": 4,
                                    "Actual Startup Time": 198.845,
                                    "Actual Total Time": 198.846,
                                    "Actual Rows": 1,
                                    "Actual Loops": 1
                                },
                                {
                                    "Worker Number": 5,
                                    "Actual Startup Time": 199.046,
                                    "Actual Total Time": 199.047,
                                    "Actual Rows": 1,
                                    "Actual Loops": 1
                                }
                            ],
                            "Plans": [
                                {
                                    "Node Type": "Bitmap Heap Scan",
                                    "Parent Relationship": "Outer",
                                    "Parallel Aware": true,
                                    "Relation Name": "cast_info",
                                    "Schema": "public",
                                    "Alias": "ci",
                                    "Startup Cost": 49069.68,
                                    "Total Cost": 306387.09,
                                    "Plan Rows": 370433,
                                    "Plan Width": 0,
                                    "Actual Startup Time": 82.836,
                                    "Actual Total Time": 181.22,
                                    "Actual Rows": 329965,
                                    "Actual Loops": 7,
                                    "Recheck Cond": "(ci.person_id > 3611068)",
                                    "Rows Removed by Index Recheck": 0,
                                    "Exact Heap Blocks": 8288,
                                    "Lossy Heap Blocks": 0,
                                    "Workers": [
                                        {
                                            "Worker Number": 0,
                                            "Actual Startup Time": 80.527,
                                            "Actual Total Time": 179.867,
                                            "Actual Rows": 330646,
                                            "Actual Loops": 1
                                        },
                                        {
                                            "Worker Number": 1,
                                            "Actual Startup Time": 81.261,
                                            "Actual Total Time": 179.515,
                                            "Actual Rows": 242253,
                                            "Actual Loops": 1
                                        },
                                        {
                                            "Worker Number": 2,
                                            "Actual Startup Time": 81.23,
                                            "Actual Total Time": 180.338,
                                            "Actual Rows": 340553,
                                            "Actual Loops": 1
                                        },
                                        {
                                            "Worker Number": 3,
                                            "Actual Startup Time": 81.436,
                                            "Actual Total Time": 180.552,
                                            "Actual Rows": 346666,
                                            "Actual Loops": 1
                                        },
                                        {
                                            "Worker Number": 4,
                                            "Actual Startup Time": 81.572,
                                            "Actual Total Time": 180.028,
                                            "Actual Rows": 246494,
                                            "Actual Loops": 1
                                        },
                                        {
                                            "Worker Number": 5,
                                            "Actual Startup Time": 81.771,
                                            "Actual Total Time": 180.592,
                                            "Actual Rows": 241678,
                                            "Actual Loops": 1
                                        }
                                    ],
                                    "Plans": [
                                        {
                                            "Node Type": "Bitmap Index Scan",
                                            "Parent Relationship": "Outer",
                                            "Parallel Aware": false,
                                            "Index Name": "person_id_cast_info",
                                            "Startup Cost": 0.0,
                                            "Total Cost": 48514.04,
                                            "Plan Rows": 2222596,
                                            "Plan Width": 0,
                                            "Actual Startup Time": 86.819,
                                            "Actual Total Time": 86.819,
                                            "Actual Rows": 2309755,
                                            "Actual Loops": 1,
                                            "Index Cond": "(ci.person_id > 3611068)"
                                        }
                                    ]
                                }
                            ]
                        }
                    ]
                }
            ]
        },
        "Planning Time": 198.841,
        "Triggers": [],
        "Execution Time": 219.894
    }
]