[
  {
    "Plan": {
      "Node Type": "Aggregate",
      "Strategy": "Plain",
      "Partial Mode": "Finalize",
      "Parallel Aware": false,
      "Startup Cost": 550800.57,
      "Total Cost": 550800.58,
      "Plan Rows": 1,
      "Plan Width": 8,
      "Actual Startup Time": 989.933,
      "Actual Total Time": 1034.172,
      "Actual Rows": 1,
      "Actual Loops": 1,
      "Plans": [
        {
          "Node Type": "Gather",
          "Parent Relationship": "Outer",
          "Parallel Aware": false,
          "Startup Cost": 550800.04,
          "Total Cost": 550800.55,
          "Plan Rows": 5,
          "Plan Width": 8,
          "Actual Startup Time": 985.174,
          "Actual Total Time": 1034.163,
          "Actual Rows": 6,
          "Actual Loops": 1,
          "Workers Planned": 5,
          "Workers Launched": 5,
          "Single Copy": false,
          "Plans": [
            {
              "Node Type": "Aggregate",
              "Strategy": "Plain",
              "Partial Mode": "Partial",
              "Parent Relationship": "Outer",
              "Parallel Aware": false,
              "Startup Cost": 549800.04,
              "Total Cost": 549800.05,
              "Plan Rows": 1,
              "Plan Width": 8,
              "Actual Startup Time": 973.713,
              "Actual Total Time": 973.718,
              "Actual Rows": 1,
              "Actual Loops": 6,
              "Plans": [
                {
                  "Node Type": "Hash Join",
                  "Parent Relationship": "Outer",
                  "Parallel Aware": true,
                  "Join Type": "Inner",
                  "Startup Cost": 346140.09,
                  "Total Cost": 549166.97,
                  "Plan Rows": 253228,
                  "Plan Width": 0,
                  "Actual Startup Time": 453.939,
                  "Actual Total Time": 952.022,
                  "Actual Rows": 538270,
                  "Actual Loops": 6,
                  "Inner Unique": false,
                  "Hash Cond": "(mi.movie_id = t.id)",
                  "Plans": [
                    {
                      "Node Type": "Seq Scan",
                      "Parent Relationship": "Outer",
                      "Parallel Aware": true,
                      "Relation Name": "movie_info",
                      "Alias": "mi",
                      "Startup Cost": 0.0,
                      "Total Cost": 198952.16,
                      "Plan Rows": 974046,
                      "Plan Width": 4,
                      "Actual Startup Time": 0.029,
                      "Actual Total Time": 298.4,
                      "Actual Rows": 820661,
                      "Actual Loops": 6,
                      "Filter": "(info_type_id < 5)",
                      "Rows Removed by Filter": 1651959
                    },
                    {
                      "Node Type": "Hash",
                      "Parent Relationship": "Inner",
                      "Parallel Aware": true,
                      "Startup Cost": 344770.73,
                      "Total Cost": 344770.73,
                      "Plan Rows": 109549,
                      "Plan Width": 8,
                      "Actual Startup Time": 449.247,
                      "Actual Total Time": 449.252,
                      "Actual Rows": 98792,
                      "Actual Loops": 6,
                      "Hash Buckets": 1048576,
                      "Original Hash Buckets": 1048576,
                      "Hash Batches": 1,
                      "Original Hash Batches": 1,
                      "Peak Memory Usage": 31520,
                      "Plans": [
                        {
                          "Node Type": "Hash Join",
                          "Parent Relationship": "Outer",
                          "Parallel Aware": true,
                          "Join Type": "Inner",
                          "Startup Cost": 87609.37,
                          "Total Cost": 344770.73,
                          "Plan Rows": 109549,
                          "Plan Width": 8,
                          "Actual Startup Time": 247.132,
                          "Actual Total Time": 403.309,
                          "Actual Rows": 98792,
                          "Actual Loops": 6,
                          "Inner Unique": true,
                          "Hash Cond": "(ci.movie_id = t.id)",
                          "Plans": [
                            {
                              "Node Type": "Bitmap Heap Scan",
                              "Parent Relationship": "Outer",
                              "Parallel Aware": true,
                              "Relation Name": "cast_info",
                              "Alias": "ci",
                              "Startup Cost": 39204.44,
                              "Total Cost": 295589.25,
                              "Plan Rows": 295825,
                              "Plan Width": 4,
                              "Actual Startup Time": 95.66,
                              "Actual Total Time": 154.505,
                              "Actual Rows": 286762,
                              "Actual Loops": 6,
                              "Recheck Cond": "(person_id > 3720983)",
                              "Rows Removed by Index Recheck": 0,
                              "Exact Heap Blocks": 4521,
                              "Lossy Heap Blocks": 0,
                              "Plans": [
                                {
                                  "Node Type": "Bitmap Index Scan",
                                  "Parent Relationship": "Outer",
                                  "Parallel Aware": false,
                                  "Index Name": "person_id_cast_info",
                                  "Startup Cost": 0.0,
                                  "Total Cost": 38760.7,
                                  "Plan Rows": 1774951,
                                  "Plan Width": 0,
                                  "Actual Startup Time": 91.656,
                                  "Actual Total Time": 91.657,
                                  "Actual Rows": 1720570,
                                  "Actual Loops": 1,
                                  "Index Cond": "(person_id > 3720983)"
                                }
                              ]
                            },
                            {
                              "Node Type": "Hash",
                              "Parent Relationship": "Inner",
                              "Parallel Aware": true,
                              "Startup Cost": 45479.1,
                              "Total Cost": 45479.1,
                              "Plan Rows": 234067,
                              "Plan Width": 4,
                              "Actual Startup Time": 149.616,
                              "Actual Total Time": 149.617,
                              "Actual Rows": 158449,
                              "Actual Loops": 6,
                              "Hash Buckets": 1048576,
                              "Original Hash Buckets": 1048576,
                              "Hash Batches": 1,
                              "Original Hash Batches": 1,
                              "Peak Memory Usage": 45472,
                              "Plans": [
                                {
                                  "Node Type": "Seq Scan",
                                  "Parent Relationship": "Outer",
                                  "Parallel Aware": true,
                                  "Relation Name": "title",
                                  "Alias": "t",
                                  "Startup Cost": 0.0,
                                  "Total Cost": 45479.1,
                                  "Plan Rows": 234067,
                                  "Plan Width": 4,
                                  "Actual Startup Time": 0.05,
                                  "Actual Total Time": 84.479,
                                  "Actual Rows": 158449,
                                  "Actual Loops": 6,
                                  "Filter": "((kind_id < 7) AND (production_year < 2013))",
                                  "Rows Removed by Filter": 262936
                                }
                              ]
                            }
                          ]
                        }
                      ]
                    }
                  ]
                }
              ]
            }
          ]
        }
      ]
    },
    "Planning Time": 1.427,
    "Triggers": [],
    "Execution Time": 1034.289
  }
]