[
  {
    "Plan": {
      "Node Type": "Aggregate",
      "Strategy": "Plain",
      "Partial Mode": "Finalize",
      "Parallel Aware": false,
      "Startup Cost": 47085.59,
      "Total Cost": 47085.6,
      "Plan Rows": 1,
      "Plan Width": 8,
      "Actual Startup Time": 177.648,
      "Actual Total Time": 187.194,
      "Actual Rows": 1,
      "Actual Loops": 1,
      "Plans": [
        {
          "Node Type": "Gather",
          "Parent Relationship": "Outer",
          "Parallel Aware": false,
          "Startup Cost": 47085.27,
          "Total Cost": 47085.58,
          "Plan Rows": 3,
          "Plan Width": 8,
          "Actual Startup Time": 177.519,
          "Actual Total Time": 187.185,
          "Actual Rows": 4,
          "Actual Loops": 1,
          "Workers Planned": 3,
          "Workers Launched": 3,
          "Single Copy": false,
          "Plans": [
            {
              "Node Type": "Aggregate",
              "Strategy": "Plain",
              "Partial Mode": "Partial",
              "Parent Relationship": "Outer",
              "Parallel Aware": false,
              "Startup Cost": 46085.27,
              "Total Cost": 46085.28,
              "Plan Rows": 1,
              "Plan Width": 8,
              "Actual Startup Time": 169.197,
              "Actual Total Time": 169.198,
              "Actual Rows": 1,
              "Actual Loops": 4,
              "Plans": [
                {
                  "Node Type": "Seq Scan",
                  "Parent Relationship": "Outer",
                  "Parallel Aware": true,
                  "Relation Name": "movie_keyword",
                  "Alias": "mk",
                  "Startup Cost": 0.0,
                  "Total Cost": 42695.65,
                  "Plan Rows": 1355847,
                  "Plan Width": 0,
                  "Actual Startup Time": 0.059,
                  "Actual Total Time": 122.557,
                  "Actual Rows": 1052395,
                  "Actual Loops": 4,
                  "Filter": "(keyword_id < 51951)",
                  "Rows Removed by Filter": 78588
                }
              ]
            }
          ]
        }
      ]
    },
    "Planning Time": 0.156,
    "Triggers": [],
    "Execution Time": 187.244
  }
]