[
  {
    "Plan": {
      "Node Type": "Aggregate",
      "Strategy": "Plain",
      "Partial Mode": "Finalize",
      "Parallel Aware": false,
      "Startup Cost": 47079.68,
      "Total Cost": 47079.69,
      "Plan Rows": 1,
      "Plan Width": 8,
      "Actual Startup Time": 168.378,
      "Actual Total Time": 176.148,
      "Actual Rows": 1,
      "Actual Loops": 1,
      "Plans": [
        {
          "Node Type": "Gather",
          "Parent Relationship": "Outer",
          "Parallel Aware": false,
          "Startup Cost": 47079.37,
          "Total Cost": 47079.68,
          "Plan Rows": 3,
          "Plan Width": 8,
          "Actual Startup Time": 168.237,
          "Actual Total Time": 176.139,
          "Actual Rows": 4,
          "Actual Loops": 1,
          "Workers Planned": 3,
          "Workers Launched": 3,
          "Single Copy": false,
          "Plans": [
            {
              "Node Type": "Aggregate",
              "Strategy": "Plain",
              "Partial Mode": "Partial",
              "Parent Relationship": "Outer",
              "Parallel Aware": false,
              "Startup Cost": 46079.37,
              "Total Cost": 46079.38,
              "Plan Rows": 1,
              "Plan Width": 8,
              "Actual Startup Time": 164.307,
              "Actual Total Time": 164.308,
              "Actual Rows": 1,
              "Actual Loops": 4,
              "Plans": [
                {
                  "Node Type": "Seq Scan",
                  "Parent Relationship": "Outer",
                  "Parallel Aware": true,
                  "Relation Name": "movie_keyword",
                  "Alias": "mk",
                  "Startup Cost": 0.0,
                  "Total Cost": 42695.65,
                  "Plan Rows": 1353485,
                  "Plan Width": 0,
                  "Actual Startup Time": 0.03,
                  "Actual Total Time": 117.33,
                  "Actual Rows": 1048676,
                  "Actual Loops": 4,
                  "Filter": "(keyword_id < 50131)",
                  "Rows Removed by Filter": 82307
                }
              ]
            }
          ]
        }
      ]
    },
    "Planning Time": 0.185,
    "Triggers": [],
    "Execution Time": 176.203
  }
]