{
  "Plan": {
    "Node Type": "Aggregate",
    "Strategy": "Plain",
    "Partial Mode": "Finalize",
    "Parallel Aware": false,
    "Startup Cost": 125961.84,
    "Total Cost": 125961.85,
    "Plan Rows": 1,
    "Plan Width": 8,
    "Actual Startup Time": 575.252,
    "Actual Total Time": 615.814,
    "Actual Rows": 1,
    "Actual Loops": 1,
    "Plans": [
      {
        "Node Type": "Gather",
        "Parent Relationship": "Outer",
        "Parallel Aware": false,
        "Startup Cost": 125961.72,
        "Total Cost": 125961.83,
        "Plan Rows": 1,
        "Plan Width": 8,
        "Actual Startup Time": 574.847,
        "Actual Total Time": 615.804,
        "Actual Rows": 2,
        "Actual Loops": 1,
        "Workers Planned": 1,
        "Workers Launched": 1,
        "Single Copy": false,
        "Plans": [
          {
            "Node Type": "Aggregate",
            "Strategy": "Plain",
            "Partial Mode": "Partial",
            "Parent Relationship": "Outer",
            "Parallel Aware": false,
            "Startup Cost": 124961.72,
            "Total Cost": 124961.73,
            "Plan Rows": 1,
            "Plan Width": 8,
            "Actual Startup Time": 568.679,
            "Actual Total Time": 568.683,
            "Actual Rows": 1,
            "Actual Loops": 2,
            "Plans": [
              {
                "Node Type": "Nested Loop",
                "Parent Relationship": "Outer",
                "Parallel Aware": false,
                "Join Type": "Inner",
                "Startup Cost": 53811.44,
                "Total Cost": 124856.45,
                "Plan Rows": 42108,
                "Plan Width": 0,
                "Actual Startup Time": 102.048,
                "Actual Total Time": 561.919,
                "Actual Rows": 106436,
                "Actual Loops": 2,
                "Inner Unique": false,
                "Join Filter": "(t.id = mi.movie_id)",
                "Rows Removed by Join Filter": 0,
                "Plans": [
                  {
                    "Node Type": "Hash Join",
                    "Parent Relationship": "Outer",
                    "Parallel Aware": true,
                    "Join Type": "Inner",
                    "Startup Cost": 53811.0,
                    "Total Cost": 109016.78,
                    "Plan Rows": 7201,
                    "Plan Width": 8,
                    "Actual Startup Time": 101.97,
                    "Actual Total Time": 342.96,
                    "Actual Rows": 11277,
                    "Actual Loops": 2,
                    "Inner Unique": true,
                    "Hash Cond": "(ci.movie_id = t.id)",
                    "Plans": [
                      {
                        "Node Type": "Index Scan",
                        "Parent Relationship": "Outer",
                        "Parallel Aware": true,
                        "Scan Direction": "Forward",
                        "Index Name": "role_id_cast_info",
                        "Relation Name": "cast_info",
                        "Alias": "ci",
                        "Startup Cost": 0.56,
                        "Total Cost": 52560.36,
                        "Plan Rows": 1007991,
                        "Plan Width": 4,
                        "Actual Startup Time": 0.048,
                        "Actual Total Time": 127.033,
                        "Actual Rows": 851772,
                        "Actual Loops": 2,
                        "Index Cond": "(role_id = 8)",
                        "Rows Removed by Index Recheck": 0
                      },
                      {
                        "Node Type": "Hash",
                        "Parent Relationship": "Inner",
                        "Parallel Aware": true,
                        "Startup Cost": 53677.62,
                        "Total Cost": 53677.62,
                        "Plan Rows": 10625,
                        "Plan Width": 4,
                        "Actual Startup Time": 100.789,
                        "Actual Total Time": 100.79,
                        "Actual Rows": 11010,
                        "Actual Loops": 2,
                        "Hash Buckets": 32768,
                        "Original Hash Buckets": 32768,
                        "Hash Batches": 1,
                        "Original Hash Batches": 1,
                        "Peak Memory Usage": 1152,
                        "Plans": [
                          {
                            "Node Type": "Bitmap Heap Scan",
                            "Parent Relationship": "Outer",
                            "Parallel Aware": true,
                            "Relation Name": "title",
                            "Alias": "t",
                            "Startup Cost": 11827.37,
                            "Total Cost": 53677.62,
                            "Plan Rows": 10625,
                            "Plan Width": 4,
                            "Actual Startup Time": 36.456,
                            "Actual Total Time": 97.611,
                            "Actual Rows": 11010,
                            "Actual Loops": 2,
                            "Recheck Cond": "(kind_id = 1)",
                            "Rows Removed by Index Recheck": 0,
                            "Filter": "(production_year > 2012)",
                            "Rows Removed by Filter": 320402,
                            "Exact Heap Blocks": 9835,
                            "Lossy Heap Blocks": 0,
                            "Plans": [
                              {
                                "Node Type": "Bitmap Index Scan",
                                "Parent Relationship": "Outer",
                                "Parallel Aware": false,
                                "Index Name": "kind_id_title",
                                "Startup Cost": 0.0,
                                "Total Cost": 11822.85,
                                "Plan Rows": 663256,
                                "Plan Width": 0,
                                "Actual Startup Time": 39.393,
                                "Actual Total Time": 39.393,
                                "Actual Rows": 662825,
                                "Actual Loops": 1,
                                "Index Cond": "(kind_id = 1)"
                              }
                            ]
                          }
                        ]
                      }
                    ]
                  },
                  {
                    "Node Type": "Index Only Scan",
                    "Parent Relationship": "Inner",
                    "Parallel Aware": false,
                    "Scan Direction": "Forward",
                    "Index Name": "movie_id_movie_info",
                    "Relation Name": "movie_info",
                    "Alias": "mi",
                    "Startup Cost": 0.43,
                    "Total Cost": 1.67,
                    "Plan Rows": 42,
                    "Plan Width": 4,
                    "Actual Startup Time": 0.008,
                    "Actual Total Time": 0.018,
                    "Actual Rows": 9,
                    "Actual Loops": 22554,
                    "Index Cond": "(movie_id = ci.movie_id)",
                    "Rows Removed by Index Recheck": 0,
                    "Heap Fetches": 212872
                  }
                ]
              }
            ]
          }
        ]
      }
    ]
  },
  "Planning Time": 0.933,
  "Triggers": [],
  "Execution Time": 615.927
}