[
    {
        "Bao": {
            "Bao prediction": "NaN",
            "Bao recommended hint": "(no hint)"
        }
    },
    {
        "Plan": {
            "Node Type": "Aggregate",
            "Strategy": "Plain",
            "Partial Mode": "Simple",
            "Parallel Aware": false,
            "Startup Cost": 34252.39,
            "Total Cost": 34252.4,
            "Plan Rows": 1,
            "Plan Width": 8,
            "Actual Startup Time": 30.385,
            "Actual Total Time": 34.678,
            "Actual Rows": 1,
            "Actual Loops": 1,
            "Output": [
                "count(*)"
            ],
            "Plans": [
                {
                    "Node Type": "Gather",
                    "Parent Relationship": "Outer",
                    "Parallel Aware": false,
                    "Startup Cost": 1137.95,
                    "Total Cost": 34252.39,
                    "Plan Rows": 2,
                    "Plan Width": 0,
                    "Actual Startup Time": 10.564,
                    "Actual Total Time": 34.669,
                    "Actual Rows": 7,
                    "Actual Loops": 1,
                    "Workers Planned": 2,
                    "Workers Launched": 2,
                    "Single Copy": false,
                    "Plans": [
                        {
                            "Node Type": "Nested Loop",
                            "Parent Relationship": "Outer",
                            "Parallel Aware": false,
                            "Join Type": "Inner",
                            "Startup Cost": 137.95,
                            "Total Cost": 33252.19,
                            "Plan Rows": 1,
                            "Plan Width": 0,
                            "Actual Startup Time": 15.906,
                            "Actual Total Time": 22.43,
                            "Actual Rows": 2,
                            "Actual Loops": 3,
                            "Inner Unique": true,
                            "Workers": [
                                {
                                    "Worker Number": 0,
                                    "Actual Startup Time": 18.619,
                                    "Actual Total Time": 18.62,
                                    "Actual Rows": 0,
                                    "Actual Loops": 1
                                },
                                {
                                    "Worker Number": 1,
                                    "Actual Startup Time": 18.938,
                                    "Actual Total Time": 18.94,
                                    "Actual Rows": 0,
                                    "Actual Loops": 1
                                }
                            ],
                            "Plans": [
                                {
                                    "Node Type": "Bitmap Heap Scan",
                                    "Parent Relationship": "Outer",
                                    "Parallel Aware": true,
                                    "Relation Name": "movie_keyword",
                                    "Schema": "public",
                                    "Alias": "mk",
                                    "Startup Cost": 137.52,
                                    "Total Cost": 14545.79,
                                    "Plan Rows": 2639,
                                    "Plan Width": 4,
                                    "Actual Startup Time": 0.877,
                                    "Actual Total Time": 7.882,
                                    "Actual Rows": 2224,
                                    "Actual Loops": 3,
                                    "Output": [
                                        "mk.id",
                                        "mk.movie_id",
                                        "mk.keyword_id"
                                    ],
                                    "Recheck Cond": "(mk.keyword_id = 2879)",
                                    "Rows Removed by Index Recheck": 0,
                                    "Exact Heap Blocks": 5288,
                                    "Lossy Heap Blocks": 0,
                                    "Workers": [
                                        {
                                            "Worker Number": 0,
                                            "Actual Startup Time": 0.158,
                                            "Actual Total Time": 6.478,
                                            "Actual Rows": 250,
                                            "Actual Loops": 1
                                        },
                                        {
                                            "Worker Number": 1,
                                            "Actual Startup Time": 0.145,
                                            "Actual Total Time": 6.494,
                                            "Actual Rows": 313,
                                            "Actual Loops": 1
                                        }
                                    ],
                                    "Plans": [
                                        {
                                            "Node Type": "Bitmap Index Scan",
                                            "Parent Relationship": "Outer",
                                            "Parallel Aware": false,
                                            "Index Name": "keyword_id_movie_keyword",
                                            "Startup Cost": 0.0,
                                            "Total Cost": 135.94,
                                            "Plan Rows": 6334,
                                            "Plan Width": 0,
                                            "Actual Startup Time": 1.337,
                                            "Actual Total Time": 1.337,
                                            "Actual Rows": 6673,
                                            "Actual Loops": 1,
                                            "Index Cond": "(mk.keyword_id = 2879)"
                                        }
                                    ]
                                },
                                {
                                    "Node Type": "Index Scan",
                                    "Parent Relationship": "Inner",
                                    "Parallel Aware": false,
                                    "Scan Direction": "Forward",
                                    "Index Name": "title_pkey",
                                    "Relation Name": "title",
                                    "Schema": "public",
                                    "Alias": "t",
                                    "Startup Cost": 0.43,
                                    "Total Cost": 7.09,
                                    "Plan Rows": 1,
                                    "Plan Width": 4,
                                    "Actual Startup Time": 0.006,
                                    "Actual Total Time": 0.006,
                                    "Actual Rows": 0,
                                    "Actual Loops": 6673,
                                    "Output": [
                                        "t.id",
                                        "t.title",
                                        "t.imdb_index",
                                        "t.kind_id",
                                        "t.production_year",
                                        "t.imdb_id",
                                        "t.phonetic_code",
                                        "t.episode_of_id",
                                        "t.season_nr",
                                        "t.episode_nr",
                                        "t.series_years",
                                        "t.md5sum"
                                    ],
                                    "Index Cond": "(t.id = mk.movie_id)",
                                    "Rows Removed by Index Recheck": 0,
                                    "Filter": "((t.kind_id < 3) AND (t.production_year > 2013))",
                                    "Rows Removed by Filter": 1,
                                    "Workers": [
                                        {
                                            "Worker Number": 0,
                                            "Actual Startup Time": 0.046,
                                            "Actual Total Time": 0.046,
                                            "Actual Rows": 0,
                                            "Actual Loops": 250
                                        },
                                        {
                                            "Worker Number": 1,
                                            "Actual Startup Time": 0.038,
                                            "Actual Total Time": 0.038,
                                            "Actual Rows": 0,
                                            "Actual Loops": 313
                                        }
                                    ]
                                }
                            ]
                        }
                    ]
                }
            ]
        },
        "Planning Time": 178.935,
        "Triggers": [],
        "Execution Time": 34.782
    }
]