[
  {
    "Plan": {
      "Node Type": "Aggregate",
      "Strategy": "Plain",
      "Partial Mode": "Finalize",
      "Parallel Aware": false,
      "Startup Cost": 345038.78,
      "Total Cost": 345038.79,
      "Plan Rows": 1,
      "Plan Width": 8,
      "Actual Startup Time": 758.057,
      "Actual Total Time": 833.584,
      "Actual Rows": 1,
      "Actual Loops": 1,
      "Plans": [
        {
          "Node Type": "Gather",
          "Parent Relationship": "Outer",
          "Parallel Aware": false,
          "Startup Cost": 345038.15,
          "Total Cost": 345038.76,
          "Plan Rows": 6,
          "Plan Width": 8,
          "Actual Startup Time": 757.895,
          "Actual Total Time": 833.572,
          "Actual Rows": 7,
          "Actual Loops": 1,
          "Workers Planned": 6,
          "Workers Launched": 6,
          "Single Copy": false,
          "Plans": [
            {
              "Node Type": "Aggregate",
              "Strategy": "Plain",
              "Partial Mode": "Partial",
              "Parent Relationship": "Outer",
              "Parallel Aware": false,
              "Startup Cost": 344038.15,
              "Total Cost": 344038.16,
              "Plan Rows": 1,
              "Plan Width": 8,
              "Actual Startup Time": 747.755,
              "Actual Total Time": 747.756,
              "Actual Rows": 1,
              "Actual Loops": 7,
              "Plans": [
                {
                  "Node Type": "Seq Scan",
                  "Parent Relationship": "Outer",
                  "Parallel Aware": true,
                  "Relation Name": "cast_info",
                  "Alias": "ci",
                  "Startup Cost": 0.0,
                  "Total Cost": 343257.03,
                  "Plan Rows": 312449,
                  "Plan Width": 0,
                  "Actual Startup Time": 415.237,
                  "Actual Total Time": 737.778,
                  "Actual Rows": 169027,
                  "Actual Loops": 7,
                  "Filter": "((person_id < 410549) AND (role_id > 2))",
                  "Rows Removed by Filter": 5008737
                }
              ]
            }
          ]
        }
      ]
    },
    "Planning Time": 0.211,
    "Triggers": [],
    "Execution Time": 833.657
  }
]