[
  {
    "Plan": {
      "Node Type": "Aggregate",
      "Strategy": "Plain",
      "Partial Mode": "Simple",
      "Parallel Aware": false,
      "Startup Cost": 117255.91,
      "Total Cost": 117255.92,
      "Plan Rows": 1,
      "Plan Width": 8,
      "Actual Startup Time": 26.801,
      "Actual Total Time": 26.802,
      "Actual Rows": 1,
      "Actual Loops": 1,
      "Plans": [
        {
          "Node Type": "Bitmap Heap Scan",
          "Parent Relationship": "Outer",
          "Parallel Aware": false,
          "Relation Name": "movie_info",
          "Alias": "mi",
          "Startup Cost": 1049.16,
          "Total Cost": 117111.16,
          "Plan Rows": 57900,
          "Plan Width": 0,
          "Actual Startup Time": 5.244,
          "Actual Total Time": 21.487,
          "Actual Rows": 68025,
          "Actual Loops": 1,
          "Recheck Cond": "(info_type_id = 94)",
          "Rows Removed by Index Recheck": 0,
          "Exact Heap Blocks": 2221,
          "Lossy Heap Blocks": 0,
          "Plans": [
            {
              "Node Type": "Bitmap Index Scan",
              "Parent Relationship": "Outer",
              "Parallel Aware": false,
              "Index Name": "info_type_id_movie_info",
              "Startup Cost": 0.0,
              "Total Cost": 1034.68,
              "Plan Rows": 57900,
              "Plan Width": 0,
              "Actual Startup Time": 4.73,
              "Actual Total Time": 4.731,
              "Actual Rows": 68025,
              "Actual Loops": 1,
              "Index Cond": "(info_type_id = 94)"
            }
          ]
        }
      ]
    },
    "Planning Time": 0.152,
    "Triggers": [],
    "Execution Time": 26.844
  }
]