{
  "Plan": {
    "Node Type": "Aggregate",
    "Strategy": "Plain",
    "Partial Mode": "Finalize",
    "Parallel Aware": false,
    "Startup Cost": 125590.96,
    "Total Cost": 125590.97,
    "Plan Rows": 1,
    "Plan Width": 8,
    "Actual Startup Time": 569.39,
    "Actual Total Time": 586.341,
    "Actual Rows": 1,
    "Actual Loops": 1,
    "Plans": [
      {
        "Node Type": "Gather",
        "Parent Relationship": "Outer",
        "Parallel Aware": false,
        "Startup Cost": 125590.85,
        "Total Cost": 125590.96,
        "Plan Rows": 1,
        "Plan Width": 8,
        "Actual Startup Time": 568.023,
        "Actual Total Time": 586.331,
        "Actual Rows": 2,
        "Actual Loops": 1,
        "Workers Planned": 1,
        "Workers Launched": 1,
        "Single Copy": false,
        "Plans": [
          {
            "Node Type": "Aggregate",
            "Strategy": "Plain",
            "Partial Mode": "Partial",
            "Parent Relationship": "Outer",
            "Parallel Aware": false,
            "Startup Cost": 124590.85,
            "Total Cost": 124590.86,
            "Plan Rows": 1,
            "Plan Width": 8,
            "Actual Startup Time": 562.1,
            "Actual Total Time": 562.104,
            "Actual Rows": 1,
            "Actual Loops": 2,
            "Plans": [
              {
                "Node Type": "Hash Join",
                "Parent Relationship": "Outer",
                "Parallel Aware": true,
                "Join Type": "Inner",
                "Startup Cost": 62611.32,
                "Total Cost": 123820.88,
                "Plan Rows": 307989,
                "Plan Width": 0,
                "Actual Startup Time": 245.901,
                "Actual Total Time": 559.976,
                "Actual Rows": 49537,
                "Actual Loops": 2,
                "Inner Unique": true,
                "Hash Cond": "(mk.movie_id = t.id)",
                "Plans": [
                  {
                    "Node Type": "Seq Scan",
                    "Parent Relationship": "Outer",
                    "Parallel Aware": true,
                    "Relation Name": "movie_keyword",
                    "Alias": "mk",
                    "Startup Cost": 0.0,
                    "Total Cost": 57718.19,
                    "Plan Rows": 1330041,
                    "Plan Width": 4,
                    "Actual Startup Time": 0.022,
                    "Actual Total Time": 197.617,
                    "Actual Rows": 1132630,
                    "Actual Loops": 2,
                    "Filter": "(keyword_id < 4724)",
                    "Rows Removed by Filter": 1129335
                  },
                  {
                    "Node Type": "Hash",
                    "Parent Relationship": "Inner",
                    "Parallel Aware": true,
                    "Startup Cost": 58306.47,
                    "Total Cost": 58306.47,
                    "Plan Rows": 344388,
                    "Plan Width": 4,
                    "Actual Startup Time": 236.895,
                    "Actual Total Time": 236.896,
                    "Actual Rows": 243184,
                    "Actual Loops": 2,
                    "Hash Buckets": 1048576,
                    "Original Hash Buckets": 1048576,
                    "Hash Batches": 1,
                    "Original Hash Batches": 1,
                    "Peak Memory Usage": 27264,
                    "Plans": [
                      {
                        "Node Type": "Seq Scan",
                        "Parent Relationship": "Outer",
                        "Parallel Aware": true,
                        "Relation Name": "title",
                        "Alias": "t",
                        "Startup Cost": 0.0,
                        "Total Cost": 58306.47,
                        "Plan Rows": 344388,
                        "Plan Width": 4,
                        "Actual Startup Time": 0.051,
                        "Actual Total Time": 160.401,
                        "Actual Rows": 243184,
                        "Actual Loops": 2,
                        "Filter": "((production_year < 1999) AND (kind_id = 7))",
                        "Rows Removed by Filter": 1020972
                      }
                    ]
                  }
                ]
              }
            ]
          }
        ]
      }
    ]
  },
  "Planning Time": 0.618,
  "Triggers": [],
  "Execution Time": 586.412
}