[
  {
    "Plan": {
      "Node Type": "Aggregate",
      "Strategy": "Plain",
      "Partial Mode": "Finalize",
      "Parallel Aware": false,
      "Startup Cost": 345238.99,
      "Total Cost": 345239.0,
      "Plan Rows": 1,
      "Plan Width": 8,
      "Actual Startup Time": 689.603,
      "Actual Total Time": 748.471,
      "Actual Rows": 1,
      "Actual Loops": 1,
      "Plans": [
        {
          "Node Type": "Gather",
          "Parent Relationship": "Outer",
          "Parallel Aware": false,
          "Startup Cost": 345238.37,
          "Total Cost": 345238.98,
          "Plan Rows": 6,
          "Plan Width": 8,
          "Actual Startup Time": 689.479,
          "Actual Total Time": 748.459,
          "Actual Rows": 7,
          "Actual Loops": 1,
          "Workers Planned": 6,
          "Workers Launched": 6,
          "Single Copy": false,
          "Plans": [
            {
              "Node Type": "Aggregate",
              "Strategy": "Plain",
              "Partial Mode": "Partial",
              "Parent Relationship": "Outer",
              "Parallel Aware": false,
              "Startup Cost": 344238.37,
              "Total Cost": 344238.38,
              "Plan Rows": 1,
              "Plan Width": 8,
              "Actual Startup Time": 679.686,
              "Actual Total Time": 679.687,
              "Actual Rows": 1,
              "Actual Loops": 7,
              "Plans": [
                {
                  "Node Type": "Seq Scan",
                  "Parent Relationship": "Outer",
                  "Parallel Aware": true,
                  "Relation Name": "cast_info",
                  "Alias": "ci",
                  "Startup Cost": 0.0,
                  "Total Cost": 343257.03,
                  "Plan Rows": 392535,
                  "Plan Width": 0,
                  "Actual Startup Time": 446.552,
                  "Actual Total Time": 644.544,
                  "Actual Rows": 722172,
                  "Actual Loops": 7,
                  "Filter": "((person_id > 3163626) AND (role_id > 2))",
                  "Rows Removed by Filter": 4455591
                }
              ]
            }
          ]
        }
      ]
    },
    "Planning Time": 0.217,
    "Triggers": [],
    "Execution Time": 748.542
  }
]