[
  {
    "Plan": {
      "Node Type": "Aggregate",
      "Strategy": "Plain",
      "Partial Mode": "Finalize",
      "Parallel Aware": false,
      "Startup Cost": 333423.04,
      "Total Cost": 333423.05,
      "Plan Rows": 1,
      "Plan Width": 8,
      "Actual Startup Time": 651.291,
      "Actual Total Time": 693.812,
      "Actual Rows": 1,
      "Actual Loops": 1,
      "Plans": [
        {
          "Node Type": "Gather",
          "Parent Relationship": "Outer",
          "Parallel Aware": false,
          "Startup Cost": 333422.42,
          "Total Cost": 333423.03,
          "Plan Rows": 6,
          "Plan Width": 8,
          "Actual Startup Time": 651.054,
          "Actual Total Time": 693.8,
          "Actual Rows": 7,
          "Actual Loops": 1,
          "Workers Planned": 6,
          "Workers Launched": 6,
          "Single Copy": false,
          "Plans": [
            {
              "Node Type": "Aggregate",
              "Strategy": "Plain",
              "Partial Mode": "Partial",
              "Parent Relationship": "Outer",
              "Parallel Aware": false,
              "Startup Cost": 332422.42,
              "Total Cost": 332422.43,
              "Plan Rows": 1,
              "Plan Width": 8,
              "Actual Startup Time": 643.178,
              "Actual Total Time": 643.179,
              "Actual Rows": 1,
              "Actual Loops": 7,
              "Plans": [
                {
                  "Node Type": "Seq Scan",
                  "Parent Relationship": "Outer",
                  "Parallel Aware": true,
                  "Relation Name": "cast_info",
                  "Alias": "ci",
                  "Startup Cost": 0.0,
                  "Total Cost": 328211.39,
                  "Plan Rows": 1684411,
                  "Plan Width": 0,
                  "Actual Startup Time": 0.052,
                  "Actual Total Time": 569.571,
                  "Actual Rows": 1450234,
                  "Actual Loops": 7,
                  "Filter": "(person_id < 997382)",
                  "Rows Removed by Filter": 3727530
                }
              ]
            }
          ]
        }
      ]
    },
    "Planning Time": 0.202,
    "Triggers": [],
    "Execution Time": 693.887
  }
]