[
  {
    "Plan": {
      "Node Type": "Aggregate",
      "Strategy": "Plain",
      "Partial Mode": "Finalize",
      "Parallel Aware": false,
      "Startup Cost": 333363.66,
      "Total Cost": 333363.67,
      "Plan Rows": 1,
      "Plan Width": 8,
      "Actual Startup Time": 612.599,
      "Actual Total Time": 671.975,
      "Actual Rows": 1,
      "Actual Loops": 1,
      "Plans": [
        {
          "Node Type": "Gather",
          "Parent Relationship": "Outer",
          "Parallel Aware": false,
          "Startup Cost": 333363.03,
          "Total Cost": 333363.64,
          "Plan Rows": 6,
          "Plan Width": 8,
          "Actual Startup Time": 612.462,
          "Actual Total Time": 671.96,
          "Actual Rows": 7,
          "Actual Loops": 1,
          "Workers Planned": 6,
          "Workers Launched": 6,
          "Single Copy": false,
          "Plans": [
            {
              "Node Type": "Aggregate",
              "Strategy": "Plain",
              "Partial Mode": "Partial",
              "Parent Relationship": "Outer",
              "Parallel Aware": false,
              "Startup Cost": 332363.03,
              "Total Cost": 332363.04,
              "Plan Rows": 1,
              "Plan Width": 8,
              "Actual Startup Time": 604.256,
              "Actual Total Time": 604.263,
              "Actual Rows": 1,
              "Actual Loops": 7,
              "Plans": [
                {
                  "Node Type": "Seq Scan",
                  "Parent Relationship": "Outer",
                  "Parallel Aware": true,
                  "Relation Name": "cast_info",
                  "Alias": "ci",
                  "Startup Cost": 0.0,
                  "Total Cost": 328162.03,
                  "Plan Rows": 1680403,
                  "Plan Width": 0,
                  "Actual Startup Time": 0.052,
                  "Actual Total Time": 539.683,
                  "Actual Rows": 1450234,
                  "Actual Loops": 7,
                  "Filter": "(person_id < 997382)",
                  "Rows Removed by Filter": 3727530
                }
              ]
            }
          ]
        }
      ]
    },
    "Planning Time": 0.205,
    "Triggers": [],
    "Execution Time": 672.066
  }
]