[
  {
    "Plan": {
      "Node Type": "Aggregate",
      "Strategy": "Plain",
      "Partial Mode": "Finalize",
      "Parallel Aware": false,
      "Startup Cost": 109921.16,
      "Total Cost": 109921.17,
      "Plan Rows": 1,
      "Plan Width": 8,
      "Actual Startup Time": 646.987,
      "Actual Total Time": 668.251,
      "Actual Rows": 1,
      "Actual Loops": 1,
      "Plans": [
        {
          "Node Type": "Gather",
          "Parent Relationship": "Outer",
          "Parallel Aware": false,
          "Startup Cost": 109920.85,
          "Total Cost": 109921.16,
          "Plan Rows": 3,
          "Plan Width": 8,
          "Actual Startup Time": 642.152,
          "Actual Total Time": 668.237,
          "Actual Rows": 4,
          "Actual Loops": 1,
          "Workers Planned": 3,
          "Workers Launched": 3,
          "Single Copy": false,
          "Plans": [
            {
              "Node Type": "Aggregate",
              "Strategy": "Plain",
              "Partial Mode": "Partial",
              "Parent Relationship": "Outer",
              "Parallel Aware": false,
              "Startup Cost": 108920.85,
              "Total Cost": 108920.86,
              "Plan Rows": 1,
              "Plan Width": 8,
              "Actual Startup Time": 637.091,
              "Actual Total Time": 637.339,
              "Actual Rows": 1,
              "Actual Loops": 4,
              "Plans": [
                {
                  "Node Type": "Hash Join",
                  "Parent Relationship": "Outer",
                  "Parallel Aware": true,
                  "Join Type": "Inner",
                  "Startup Cost": 63792.4,
                  "Total Cost": 108692.61,
                  "Plan Rows": 91294,
                  "Plan Width": 0,
                  "Actual Startup Time": 326.544,
                  "Actual Total Time": 585.76,
                  "Actual Rows": 1064108,
                  "Actual Loops": 4,
                  "Inner Unique": false,
                  "Hash Cond": "(mk.movie_id = t.id)",
                  "Plans": [
                    {
                      "Node Type": "Seq Scan",
                      "Parent Relationship": "Outer",
                      "Parallel Aware": true,
                      "Relation Name": "movie_keyword",
                      "Alias": "mk",
                      "Startup Cost": 0.0,
                      "Total Cost": 39047.32,
                      "Plan Rows": 1459332,
                      "Plan Width": 4,
                      "Actual Startup Time": 0.059,
                      "Actual Total Time": 99.03,
                      "Actual Rows": 1130982,
                      "Actual Loops": 4
                    },
                    {
                      "Node Type": "Hash",
                      "Parent Relationship": "Inner",
                      "Parallel Aware": true,
                      "Startup Cost": 62968.58,
                      "Total Cost": 62968.58,
                      "Plan Rows": 65906,
                      "Plan Width": 8,
                      "Actual Startup Time": 284.781,
                      "Actual Total Time": 285.027,
                      "Actual Rows": 83342,
                      "Actual Loops": 4,
                      "Hash Buckets": 524288,
                      "Original Hash Buckets": 262144,
                      "Hash Batches": 1,
                      "Original Hash Batches": 1,
                      "Peak Memory Usage": 19264,
                      "Plans": [
                        {
                          "Node Type": "Hash Join",
                          "Parent Relationship": "Outer",
                          "Parallel Aware": true,
                          "Join Type": "Inner",
                          "Startup Cost": 46844.15,
                          "Total Cost": 62968.58,
                          "Plan Rows": 65906,
                          "Plan Width": 8,
                          "Actual Startup Time": 187.369,
                          "Actual Total Time": 250.369,
                          "Actual Rows": 83342,
                          "Actual Loops": 4,
                          "Inner Unique": true,
                          "Hash Cond": "(mi_idx.movie_id = t.id)",
                          "Plans": [
                            {
                              "Node Type": "Seq Scan",
                              "Parent Relationship": "Outer",
                              "Parallel Aware": true,
                              "Relation Name": "movie_info_idx",
                              "Alias": "mi_idx",
                              "Startup Cost": 0.0,
                              "Total Cost": 15122.68,
                              "Plan Rows": 381618,
                              "Plan Width": 4,
                              "Actual Startup Time": 0.014,
                              "Actual Total Time": 45.017,
                              "Actual Rows": 229962,
                              "Actual Loops": 4,
                              "Filter": "(info_type_id < 101)",
                              "Rows Removed by Filter": 115046
                            },
                            {
                              "Node Type": "Hash",
                              "Parent Relationship": "Inner",
                              "Parallel Aware": true,
                              "Startup Cost": 45479.59,
                              "Total Cost": 45479.59,
                              "Plan Rows": 109165,
                              "Plan Width": 4,
                              "Actual Startup Time": 151.438,
                              "Actual Total Time": 151.44,
                              "Actual Rows": 118480,
                              "Actual Loops": 4,
                              "Hash Buckets": 524288,
                              "Original Hash Buckets": 524288,
                              "Hash Batches": 1,
                              "Original Hash Batches": 1,
                              "Peak Memory Usage": 22688,
                              "Plans": [
                                {
                                  "Node Type": "Seq Scan",
                                  "Parent Relationship": "Outer",
                                  "Parallel Aware": true,
                                  "Relation Name": "title",
                                  "Alias": "t",
                                  "Startup Cost": 0.0,
                                  "Total Cost": 45479.59,
                                  "Plan Rows": 109165,
                                  "Plan Width": 4,
                                  "Actual Startup Time": 57.729,
                                  "Actual Total Time": 107.685,
                                  "Actual Rows": 118480,
                                  "Actual Loops": 4,
                                  "Filter": "((production_year < 2008) AND (kind_id = 1))",
                                  "Rows Removed by Filter": 513598
                                }
                              ]
                            }
                          ]
                        }
                      ]
                    }
                  ]
                }
              ]
            }
          ]
        }
      ]
    },
    "Planning Time": 0.527,
    "Triggers": [],
    "Execution Time": 668.299
  }
]