[
  {
    "Plan": {
      "Node Type": "Aggregate",
      "Strategy": "Plain",
      "Partial Mode": "Finalize",
      "Parallel Aware": false,
      "Startup Cost": 109937.92,
      "Total Cost": 109937.93,
      "Plan Rows": 1,
      "Plan Width": 8,
      "Actual Startup Time": 548.985,
      "Actual Total Time": 567.798,
      "Actual Rows": 1,
      "Actual Loops": 1,
      "Plans": [
        {
          "Node Type": "Gather",
          "Parent Relationship": "Outer",
          "Parallel Aware": false,
          "Startup Cost": 109937.61,
          "Total Cost": 109937.92,
          "Plan Rows": 3,
          "Plan Width": 8,
          "Actual Startup Time": 545.176,
          "Actual Total Time": 567.791,
          "Actual Rows": 4,
          "Actual Loops": 1,
          "Workers Planned": 3,
          "Workers Launched": 3,
          "Single Copy": false,
          "Plans": [
            {
              "Node Type": "Aggregate",
              "Strategy": "Plain",
              "Partial Mode": "Partial",
              "Parent Relationship": "Outer",
              "Parallel Aware": false,
              "Startup Cost": 108937.61,
              "Total Cost": 108937.62,
              "Plan Rows": 1,
              "Plan Width": 8,
              "Actual Startup Time": 534.995,
              "Actual Total Time": 535.001,
              "Actual Rows": 1,
              "Actual Loops": 4,
              "Plans": [
                {
                  "Node Type": "Hash Join",
                  "Parent Relationship": "Outer",
                  "Parallel Aware": true,
                  "Join Type": "Inner",
                  "Startup Cost": 63805.1,
                  "Total Cost": 108707.85,
                  "Plan Rows": 91904,
                  "Plan Width": 0,
                  "Actual Startup Time": 279.008,
                  "Actual Total Time": 493.756,
                  "Actual Rows": 1064108,
                  "Actual Loops": 4,
                  "Inner Unique": false,
                  "Hash Cond": "(mk.movie_id = t.id)",
                  "Plans": [
                    {
                      "Node Type": "Seq Scan",
                      "Parent Relationship": "Outer",
                      "Parallel Aware": true,
                      "Relation Name": "movie_keyword",
                      "Alias": "mk",
                      "Startup Cost": 0.0,
                      "Total Cost": 39047.32,
                      "Plan Rows": 1459332,
                      "Plan Width": 4,
                      "Actual Startup Time": 0.025,
                      "Actual Total Time": 85.369,
                      "Actual Rows": 1130982,
                      "Actual Loops": 4
                    },
                    {
                      "Node Type": "Hash",
                      "Parent Relationship": "Inner",
                      "Parallel Aware": true,
                      "Startup Cost": 62975.81,
                      "Total Cost": 62975.81,
                      "Plan Rows": 66343,
                      "Plan Width": 8,
                      "Actual Startup Time": 242.489,
                      "Actual Total Time": 242.493,
                      "Actual Rows": 83342,
                      "Actual Loops": 4,
                      "Hash Buckets": 524288,
                      "Original Hash Buckets": 262144,
                      "Hash Batches": 1,
                      "Original Hash Batches": 1,
                      "Peak Memory Usage": 19232,
                      "Plans": [
                        {
                          "Node Type": "Hash Join",
                          "Parent Relationship": "Outer",
                          "Parallel Aware": true,
                          "Join Type": "Inner",
                          "Startup Cost": 46847.91,
                          "Total Cost": 62975.81,
                          "Plan Rows": 66343,
                          "Plan Width": 8,
                          "Actual Startup Time": 165.189,
                          "Actual Total Time": 214.857,
                          "Actual Rows": 83342,
                          "Actual Loops": 4,
                          "Inner Unique": true,
                          "Hash Cond": "(mi_idx.movie_id = t.id)",
                          "Plans": [
                            {
                              "Node Type": "Seq Scan",
                              "Parent Relationship": "Outer",
                              "Parallel Aware": true,
                              "Relation Name": "movie_info_idx",
                              "Alias": "mi_idx",
                              "Startup Cost": 0.0,
                              "Total Cost": 15122.68,
                              "Plan Rows": 382940,
                              "Plan Width": 4,
                              "Actual Startup Time": 0.024,
                              "Actual Total Time": 33.613,
                              "Actual Rows": 229962,
                              "Actual Loops": 4,
                              "Filter": "(info_type_id < 101)",
                              "Rows Removed by Filter": 115046
                            },
                            {
                              "Node Type": "Hash",
                              "Parent Relationship": "Inner",
                              "Parallel Aware": true,
                              "Startup Cost": 45479.1,
                              "Total Cost": 45479.1,
                              "Plan Rows": 109505,
                              "Plan Width": 4,
                              "Actual Startup Time": 137.042,
                              "Actual Total Time": 137.043,
                              "Actual Rows": 118480,
                              "Actual Loops": 4,
                              "Hash Buckets": 524288,
                              "Original Hash Buckets": 524288,
                              "Hash Batches": 1,
                              "Original Hash Batches": 1,
                              "Peak Memory Usage": 22688,
                              "Plans": [
                                {
                                  "Node Type": "Seq Scan",
                                  "Parent Relationship": "Outer",
                                  "Parallel Aware": true,
                                  "Relation Name": "title",
                                  "Alias": "t",
                                  "Startup Cost": 0.0,
                                  "Total Cost": 45479.1,
                                  "Plan Rows": 109505,
                                  "Plan Width": 4,
                                  "Actual Startup Time": 62.006,
                                  "Actual Total Time": 102.675,
                                  "Actual Rows": 118480,
                                  "Actual Loops": 4,
                                  "Filter": "((production_year < 2008) AND (kind_id = 1))",
                                  "Rows Removed by Filter": 513598
                                }
                              ]
                            }
                          ]
                        }
                      ]
                    }
                  ]
                }
              ]
            }
          ]
        }
      ]
    },
    "Planning Time": 1.316,
    "Triggers": [],
    "Execution Time": 567.93
  }
]