[
    {
        "Bao": {
            "Bao prediction": "NaN",
            "Bao recommended hint": "(no hint)"
        }
    },
    {
        "Plan": {
            "Node Type": "Aggregate",
            "Strategy": "Plain",
            "Partial Mode": "Finalize",
            "Parallel Aware": false,
            "Startup Cost": 351712.45,
            "Total Cost": 351712.46,
            "Plan Rows": 1,
            "Plan Width": 8,
            "Actual Startup Time": 824.354,
            "Actual Total Time": 855.418,
            "Actual Rows": 1,
            "Actual Loops": 1,
            "Output": [
                "count(*)"
            ],
            "Plans": [
                {
                    "Node Type": "Gather",
                    "Parent Relationship": "Outer",
                    "Parallel Aware": false,
                    "Startup Cost": 351711.83,
                    "Total Cost": 351712.43,
                    "Plan Rows": 6,
                    "Plan Width": 8,
                    "Actual Startup Time": 824.247,
                    "Actual Total Time": 855.409,
                    "Actual Rows": 7,
                    "Actual Loops": 1,
                    "Output": [
                        "(PARTIAL count(*))"
                    ],
                    "Workers Planned": 6,
                    "Workers Launched": 6,
                    "Single Copy": false,
                    "Plans": [
                        {
                            "Node Type": "Aggregate",
                            "Strategy": "Plain",
                            "Partial Mode": "Partial",
                            "Parent Relationship": "Outer",
                            "Parallel Aware": false,
                            "Startup Cost": 350711.83,
                            "Total Cost": 350711.84,
                            "Plan Rows": 1,
                            "Plan Width": 8,
                            "Actual Startup Time": 814.493,
                            "Actual Total Time": 814.494,
                            "Actual Rows": 1,
                            "Actual Loops": 7,
                            "Output": [
                                "PARTIAL count(*)"
                            ],
                            "Workers": [
                                {
                                    "Worker Number": 0,
                                    "Actual Startup Time": 812.306,
                                    "Actual Total Time": 812.307,
                                    "Actual Rows": 1,
                                    "Actual Loops": 1
                                },
                                {
                                    "Worker Number": 1,
                                    "Actual Startup Time": 812.583,
                                    "Actual Total Time": 812.585,
                                    "Actual Rows": 1,
                                    "Actual Loops": 1
                                },
                                {
                                    "Worker Number": 2,
                                    "Actual Startup Time": 812.79,
                                    "Actual Total Time": 812.791,
                                    "Actual Rows": 1,
                                    "Actual Loops": 1
                                },
                                {
                                    "Worker Number": 3,
                                    "Actual Startup Time": 813.205,
                                    "Actual Total Time": 813.206,
                                    "Actual Rows": 1,
                                    "Actual Loops": 1
                                },
                                {
                                    "Worker Number": 4,
                                    "Actual Startup Time": 813.072,
                                    "Actual Total Time": 813.073,
                                    "Actual Rows": 1,
                                    "Actual Loops": 1
                                },
                                {
                                    "Worker Number": 5,
                                    "Actual Startup Time": 813.63,
                                    "Actual Total Time": 813.632,
                                    "Actual Rows": 1,
                                    "Actual Loops": 1
                                }
                            ],
                            "Plans": [
                                {
                                    "Node Type": "Seq Scan",
                                    "Parent Relationship": "Outer",
                                    "Parallel Aware": true,
                                    "Relation Name": "cast_info",
                                    "Schema": "public",
                                    "Alias": "ci",
                                    "Startup Cost": 0.0,
                                    "Total Cost": 343318.94,
                                    "Plan Rows": 2957154,
                                    "Plan Width": 0,
                                    "Actual Startup Time": 65.425,
                                    "Actual Total Time": 695.258,
                                    "Actual Rows": 2405530,
                                    "Actual Loops": 7,
                                    "Output": [
                                        "id",
                                        "person_id",
                                        "movie_id",
                                        "person_role_id",
                                        "note",
                                        "nr_order",
                                        "role_id"
                                    ],
                                    "Filter": "((ci.person_id > 438774) AND (ci.role_id < 3))",
                                    "Rows Removed by Filter": 2772234,
                                    "Workers": [
                                        {
                                            "Worker Number": 0,
                                            "Actual Startup Time": 63.248,
                                            "Actual Total Time": 693.008,
                                            "Actual Rows": 1808234,
                                            "Actual Loops": 1
                                        },
                                        {
                                            "Worker Number": 1,
                                            "Actual Startup Time": 63.521,
                                            "Actual Total Time": 693.137,
                                            "Actual Rows": 1813101,
                                            "Actual Loops": 1
                                        },
                                        {
                                            "Worker Number": 2,
                                            "Actual Startup Time": 63.724,
                                            "Actual Total Time": 694.9,
                                            "Actual Rows": 2358048,
                                            "Actual Loops": 1
                                        },
                                        {
                                            "Worker Number": 3,
                                            "Actual Startup Time": 64.129,
                                            "Actual Total Time": 698.036,
                                            "Actual Rows": 2840676,
                                            "Actual Loops": 1
                                        },
                                        {
                                            "Worker Number": 4,
                                            "Actual Startup Time": 64.014,
                                            "Actual Total Time": 695.022,
                                            "Actual Rows": 2361266,
                                            "Actual Loops": 1
                                        },
                                        {
                                            "Worker Number": 5,
                                            "Actual Startup Time": 64.555,
                                            "Actual Total Time": 698.975,
                                            "Actual Rows": 2830129,
                                            "Actual Loops": 1
                                        }
                                    ]
                                }
                            ]
                        }
                    ]
                }
            ]
        },
        "Planning Time": 194.664,
        "Triggers": [],
        "Execution Time": 855.473
    }
]