[
  {
    "Plan": {
      "Node Type": "Aggregate",
      "Strategy": "Plain",
      "Partial Mode": "Finalize",
      "Parallel Aware": false,
      "Startup Cost": 427964.48,
      "Total Cost": 427964.49,
      "Plan Rows": 1,
      "Plan Width": 8,
      "Actual Startup Time": 1742.169,
      "Actual Total Time": 1809.82,
      "Actual Rows": 1,
      "Actual Loops": 1,
      "Plans": [
        {
          "Node Type": "Gather",
          "Parent Relationship": "Outer",
          "Parallel Aware": false,
          "Startup Cost": 427963.86,
          "Total Cost": 427964.47,
          "Plan Rows": 6,
          "Plan Width": 8,
          "Actual Startup Time": 1730.305,
          "Actual Total Time": 1809.808,
          "Actual Rows": 7,
          "Actual Loops": 1,
          "Workers Planned": 6,
          "Workers Launched": 6,
          "Single Copy": false,
          "Plans": [
            {
              "Node Type": "Aggregate",
              "Strategy": "Plain",
              "Partial Mode": "Partial",
              "Parent Relationship": "Outer",
              "Parallel Aware": false,
              "Startup Cost": 426963.86,
              "Total Cost": 426963.87,
              "Plan Rows": 1,
              "Plan Width": 8,
              "Actual Startup Time": 1714.434,
              "Actual Total Time": 1714.794,
              "Actual Rows": 1,
              "Actual Loops": 7,
              "Plans": [
                {
                  "Node Type": "Hash Join",
                  "Parent Relationship": "Outer",
                  "Parallel Aware": true,
                  "Join Type": "Inner",
                  "Startup Cost": 83755.24,
                  "Total Cost": 424161.2,
                  "Plan Rows": 1121061,
                  "Plan Width": 0,
                  "Actual Startup Time": 389.376,
                  "Actual Total Time": 1643.716,
                  "Actual Rows": 1791396,
                  "Actual Loops": 7,
                  "Inner Unique": false,
                  "Hash Cond": "(ci.movie_id = t.id)",
                  "Plans": [
                    {
                      "Node Type": "Seq Scan",
                      "Parent Relationship": "Outer",
                      "Parallel Aware": true,
                      "Relation Name": "cast_info",
                      "Alias": "ci",
                      "Startup Cost": 0.0,
                      "Total Cost": 328162.03,
                      "Plan Rows": 2517673,
                      "Plan Width": 4,
                      "Actual Startup Time": 0.028,
                      "Actual Total Time": 540.027,
                      "Actual Rows": 2152032,
                      "Actual Loops": 7,
                      "Filter": "(person_id < 1486396)",
                      "Rows Removed by Filter": 3025731
                    },
                    {
                      "Node Type": "Hash",
                      "Parent Relationship": "Inner",
                      "Parallel Aware": true,
                      "Startup Cost": 80237.14,
                      "Total Cost": 80237.14,
                      "Plan Rows": 281448,
                      "Plan Width": 8,
                      "Actual Startup Time": 384.358,
                      "Actual Total Time": 384.717,
                      "Actual Rows": 161334,
                      "Actual Loops": 7,
                      "Hash Buckets": 2097152,
                      "Original Hash Buckets": 2097152,
                      "Hash Batches": 1,
                      "Original Hash Batches": 1,
                      "Peak Memory Usage": 60672,
                      "Plans": [
                        {
                          "Node Type": "Hash Join",
                          "Parent Relationship": "Outer",
                          "Parallel Aware": true,
                          "Join Type": "Inner",
                          "Startup Cost": 33850.16,
                          "Total Cost": 80237.14,
                          "Plan Rows": 281448,
                          "Plan Width": 8,
                          "Actual Startup Time": 136.222,
                          "Actual Total Time": 320.004,
                          "Actual Rows": 161334,
                          "Actual Loops": 7,
                          "Inner Unique": false,
                          "Hash Cond": "(t.id = mc.movie_id)",
                          "Plans": [
                            {
                              "Node Type": "Seq Scan",
                              "Parent Relationship": "Outer",
                              "Parallel Aware": true,
                              "Relation Name": "title",
                              "Alias": "t",
                              "Startup Cost": 0.0,
                              "Total Cost": 42318.73,
                              "Plan Rows": 632073,
                              "Plan Width": 4,
                              "Actual Startup Time": 0.01,
                              "Actual Total Time": 53.688,
                              "Actual Rows": 361187,
                              "Actual Loops": 7
                            },
                            {
                              "Node Type": "Hash",
                              "Parent Relationship": "Inner",
                              "Parallel Aware": true,
                              "Startup Cost": 29310.68,
                              "Total Cost": 29310.68,
                              "Plan Rows": 363158,
                              "Plan Width": 4,
                              "Actual Startup Time": 133.991,
                              "Actual Total Time": 133.994,
                              "Actual Rows": 161334,
                              "Actual Loops": 7,
                              "Hash Buckets": 2097152,
                              "Original Hash Buckets": 2097152,
                              "Hash Batches": 1,
                              "Original Hash Batches": 1,
                              "Peak Memory Usage": 60672,
                              "Plans": [
                                {
                                  "Node Type": "Seq Scan",
                                  "Parent Relationship": "Outer",
                                  "Parallel Aware": true,
                                  "Relation Name": "movie_companies",
                                  "Alias": "mc",
                                  "Startup Cost": 0.0,
                                  "Total Cost": 29310.68,
                                  "Plan Rows": 363158,
                                  "Plan Width": 4,
                                  "Actual Startup Time": 14.789,
                                  "Actual Total Time": 60.02,
                                  "Actual Rows": 161334,
                                  "Actual Loops": 7,
                                  "Filter": "(company_id > 13549)",
                                  "Rows Removed by Filter": 211398
                                }
                              ]
                            }
                          ]
                        }
                      ]
                    }
                  ]
                }
              ]
            }
          ]
        }
      ]
    },
    "Planning Time": 1.438,
    "Triggers": [],
    "Execution Time": 1809.922
  }
]