[
  {
    "Plan": {
      "Node Type": "Aggregate",
      "Strategy": "Plain",
      "Partial Mode": "Finalize",
      "Parallel Aware": false,
      "Startup Cost": 39354.78,
      "Total Cost": 39354.79,
      "Plan Rows": 1,
      "Plan Width": 8,
      "Actual Startup Time": 134.844,
      "Actual Total Time": 141.006,
      "Actual Rows": 1,
      "Actual Loops": 1,
      "Plans": [
        {
          "Node Type": "Gather",
          "Parent Relationship": "Outer",
          "Parallel Aware": false,
          "Startup Cost": 39354.46,
          "Total Cost": 39354.77,
          "Plan Rows": 3,
          "Plan Width": 8,
          "Actual Startup Time": 134.627,
          "Actual Total Time": 140.994,
          "Actual Rows": 4,
          "Actual Loops": 1,
          "Workers Planned": 3,
          "Workers Launched": 3,
          "Single Copy": false,
          "Plans": [
            {
              "Node Type": "Aggregate",
              "Strategy": "Plain",
              "Partial Mode": "Partial",
              "Parent Relationship": "Outer",
              "Parallel Aware": false,
              "Startup Cost": 38354.46,
              "Total Cost": 38354.47,
              "Plan Rows": 1,
              "Plan Width": 8,
              "Actual Startup Time": 126.027,
              "Actual Total Time": 126.029,
              "Actual Rows": 1,
              "Actual Loops": 4,
              "Plans": [
                {
                  "Node Type": "Bitmap Heap Scan",
                  "Parent Relationship": "Outer",
                  "Parallel Aware": true,
                  "Relation Name": "movie_keyword",
                  "Alias": "mk",
                  "Startup Cost": 11319.03,
                  "Total Cost": 37924.22,
                  "Plan Rows": 172095,
                  "Plan Width": 0,
                  "Actual Startup Time": 48.239,
                  "Actual Total Time": 118.611,
                  "Actual Rows": 129205,
                  "Actual Loops": 4,
                  "Recheck Cond": "(keyword_id > 35046)",
                  "Rows Removed by Index Recheck": 0,
                  "Exact Heap Blocks": 9618,
                  "Lossy Heap Blocks": 0,
                  "Plans": [
                    {
                      "Node Type": "Bitmap Index Scan",
                      "Parent Relationship": "Outer",
                      "Parallel Aware": false,
                      "Index Name": "keyword_id_movie_keyword",
                      "Startup Cost": 0.0,
                      "Total Cost": 11185.65,
                      "Plan Rows": 533496,
                      "Plan Width": 0,
                      "Actual Startup Time": 52.587,
                      "Actual Total Time": 52.587,
                      "Actual Rows": 516821,
                      "Actual Loops": 1,
                      "Index Cond": "(keyword_id > 35046)"
                    }
                  ]
                }
              ]
            }
          ]
        }
      ]
    },
    "Planning Time": 0.188,
    "Triggers": [],
    "Execution Time": 141.095
  }
]