[
  {
    "Plan": {
      "Node Type": "Aggregate",
      "Strategy": "Plain",
      "Partial Mode": "Finalize",
      "Parallel Aware": false,
      "Startup Cost": 47255.02,
      "Total Cost": 47255.03,
      "Plan Rows": 1,
      "Plan Width": 8,
      "Actual Startup Time": 194.728,
      "Actual Total Time": 204.062,
      "Actual Rows": 1,
      "Actual Loops": 1,
      "Plans": [
        {
          "Node Type": "Gather",
          "Parent Relationship": "Outer",
          "Parallel Aware": false,
          "Startup Cost": 47254.7,
          "Total Cost": 47255.01,
          "Plan Rows": 3,
          "Plan Width": 8,
          "Actual Startup Time": 194.61,
          "Actual Total Time": 204.054,
          "Actual Rows": 4,
          "Actual Loops": 1,
          "Workers Planned": 3,
          "Workers Launched": 3,
          "Single Copy": false,
          "Plans": [
            {
              "Node Type": "Aggregate",
              "Strategy": "Plain",
              "Partial Mode": "Partial",
              "Parent Relationship": "Outer",
              "Parallel Aware": false,
              "Startup Cost": 46254.7,
              "Total Cost": 46254.71,
              "Plan Rows": 1,
              "Plan Width": 8,
              "Actual Startup Time": 185.974,
              "Actual Total Time": 185.975,
              "Actual Rows": 1,
              "Actual Loops": 4,
              "Plans": [
                {
                  "Node Type": "Seq Scan",
                  "Parent Relationship": "Outer",
                  "Parallel Aware": true,
                  "Relation Name": "movie_keyword",
                  "Alias": "mk",
                  "Startup Cost": 0.0,
                  "Total Cost": 42695.65,
                  "Plan Rows": 1423619,
                  "Plan Width": 0,
                  "Actual Startup Time": 0.06,
                  "Actual Total Time": 133.841,
                  "Actual Rows": 1103357,
                  "Actual Loops": 4,
                  "Filter": "(keyword_id < 80014)",
                  "Rows Removed by Filter": 27626
                }
              ]
            }
          ]
        }
      ]
    },
    "Planning Time": 0.158,
    "Triggers": [],
    "Execution Time": 204.112
  }
]