[
  {
    "Plan": {
      "Node Type": "Aggregate",
      "Strategy": "Plain",
      "Partial Mode": "Finalize",
      "Parallel Aware": false,
      "Startup Cost": 326462.3,
      "Total Cost": 326462.31,
      "Plan Rows": 1,
      "Plan Width": 8,
      "Actual Startup Time": 308.543,
      "Actual Total Time": 368.181,
      "Actual Rows": 1,
      "Actual Loops": 1,
      "Plans": [
        {
          "Node Type": "Gather",
          "Parent Relationship": "Outer",
          "Parallel Aware": false,
          "Startup Cost": 326461.88,
          "Total Cost": 326462.29,
          "Plan Rows": 4,
          "Plan Width": 8,
          "Actual Startup Time": 308.342,
          "Actual Total Time": 368.17,
          "Actual Rows": 5,
          "Actual Loops": 1,
          "Workers Planned": 4,
          "Workers Launched": 4,
          "Single Copy": false,
          "Plans": [
            {
              "Node Type": "Aggregate",
              "Strategy": "Plain",
              "Partial Mode": "Partial",
              "Parent Relationship": "Outer",
              "Parallel Aware": false,
              "Startup Cost": 325461.88,
              "Total Cost": 325461.89,
              "Plan Rows": 1,
              "Plan Width": 8,
              "Actual Startup Time": 298.037,
              "Actual Total Time": 298.039,
              "Actual Rows": 1,
              "Actual Loops": 5,
              "Plans": [
                {
                  "Node Type": "Nested Loop",
                  "Parent Relationship": "Outer",
                  "Parallel Aware": false,
                  "Join Type": "Inner",
                  "Startup Cost": 0.56,
                  "Total Cost": 325397.73,
                  "Plan Rows": 25663,
                  "Plan Width": 0,
                  "Actual Startup Time": 1.378,
                  "Actual Total Time": 296.292,
                  "Actual Rows": 21791,
                  "Actual Loops": 5,
                  "Inner Unique": false,
                  "Plans": [
                    {
                      "Node Type": "Seq Scan",
                      "Parent Relationship": "Outer",
                      "Parallel Aware": true,
                      "Relation Name": "title",
                      "Alias": "t",
                      "Startup Cost": 0.0,
                      "Total Cost": 45479.59,
                      "Plan Rows": 5360,
                      "Plan Width": 4,
                      "Actual Startup Time": 0.528,
                      "Actual Total Time": 69.276,
                      "Actual Rows": 3471,
                      "Actual Loops": 5,
                      "Filter": "((kind_id < 7) AND (production_year = 2000))",
                      "Rows Removed by Filter": 502191
                    },
                    {
                      "Node Type": "Index Scan",
                      "Parent Relationship": "Inner",
                      "Parallel Aware": false,
                      "Scan Direction": "Forward",
                      "Index Name": "movie_id_cast_info",
                      "Relation Name": "cast_info",
                      "Alias": "ci",
                      "Startup Cost": 0.56,
                      "Total Cost": 52.1,
                      "Plan Rows": 12,
                      "Plan Width": 4,
                      "Actual Startup Time": 0.046,
                      "Actual Total Time": 0.064,
                      "Actual Rows": 6,
                      "Actual Loops": 17357,
                      "Index Cond": "(movie_id = t.id)",
                      "Rows Removed by Index Recheck": 0,
                      "Filter": "(role_id > 3)",
                      "Rows Removed by Filter": 11
                    }
                  ]
                }
              ]
            }
          ]
        }
      ]
    },
    "Planning Time": 0.633,
    "Triggers": [],
    "Execution Time": 368.271
  }
]