{
  "Plan": {
    "Node Type": "Aggregate",
    "Strategy": "Plain",
    "Partial Mode": "Finalize",
    "Parallel Aware": false,
    "Startup Cost": 642797.18,
    "Total Cost": 642797.19,
    "Plan Rows": 1,
    "Plan Width": 8,
    "Actual Startup Time": 3040.935,
    "Actual Total Time": 3093.584,
    "Actual Rows": 1,
    "Actual Loops": 1,
    "Plans": [
      {
        "Node Type": "Gather",
        "Parent Relationship": "Outer",
        "Parallel Aware": false,
        "Startup Cost": 642797.06,
        "Total Cost": 642797.17,
        "Plan Rows": 1,
        "Plan Width": 8,
        "Actual Startup Time": 3039.63,
        "Actual Total Time": 3093.574,
        "Actual Rows": 2,
        "Actual Loops": 1,
        "Workers Planned": 1,
        "Workers Launched": 1,
        "Single Copy": false,
        "Plans": [
          {
            "Node Type": "Aggregate",
            "Strategy": "Plain",
            "Partial Mode": "Partial",
            "Parent Relationship": "Outer",
            "Parallel Aware": false,
            "Startup Cost": 641797.06,
            "Total Cost": 641797.07,
            "Plan Rows": 1,
            "Plan Width": 8,
            "Actual Startup Time": 3033.478,
            "Actual Total Time": 3034.02,
            "Actual Rows": 1,
            "Actual Loops": 2,
            "Plans": [
              {
                "Node Type": "Hash Join",
                "Parent Relationship": "Outer",
                "Parallel Aware": true,
                "Join Type": "Inner",
                "Startup Cost": 86442.6,
                "Total Cost": 639857.4,
                "Plan Rows": 775867,
                "Plan Width": 0,
                "Actual Startup Time": 1145.841,
                "Actual Total Time": 2976.756,
                "Actual Rows": 1267196,
                "Actual Loops": 2,
                "Inner Unique": false,
                "Hash Cond": "(ci.movie_id = t.id)",
                "Plans": [
                  {
                    "Node Type": "Seq Scan",
                    "Parent Relationship": "Outer",
                    "Parallel Aware": true,
                    "Relation Name": "cast_info",
                    "Alias": "ci",
                    "Startup Cost": 0.0,
                    "Total Cost": 519069.44,
                    "Plan Rows": 7941716,
                    "Plan Width": 4,
                    "Actual Startup Time": 614.033,
                    "Actual Total Time": 1446.053,
                    "Actual Rows": 6737699,
                    "Actual Loops": 2,
                    "Filter": "(person_id > 2324737)",
                    "Rows Removed by Filter": 11384473
                  },
                  {
                    "Node Type": "Hash",
                    "Parent Relationship": "Inner",
                    "Parallel Aware": true,
                    "Startup Cost": 84626.41,
                    "Total Cost": 84626.41,
                    "Plan Rows": 145295,
                    "Plan Width": 8,
                    "Actual Startup Time": 528.068,
                    "Actual Total Time": 528.608,
                    "Actual Rows": 91390,
                    "Actual Loops": 2,
                    "Hash Buckets": 262144,
                    "Original Hash Buckets": 262144,
                    "Hash Batches": 1,
                    "Original Hash Batches": 1,
                    "Peak Memory Usage": 9216,
                    "Plans": [
                      {
                        "Node Type": "Hash Join",
                        "Parent Relationship": "Outer",
                        "Parallel Aware": true,
                        "Join Type": "Inner",
                        "Startup Cost": 21425.18,
                        "Total Cost": 84626.41,
                        "Plan Rows": 145295,
                        "Plan Width": 8,
                        "Actual Startup Time": 135.422,
                        "Actual Total Time": 500.359,
                        "Actual Rows": 91390,
                        "Actual Loops": 2,
                        "Inner Unique": false,
                        "Hash Cond": "(t.id = mi_idx.movie_id)",
                        "Plans": [
                          {
                            "Node Type": "Seq Scan",
                            "Parent Relationship": "Outer",
                            "Parallel Aware": true,
                            "Relation Name": "title",
                            "Alias": "t",
                            "Startup Cost": 0.0,
                            "Total Cost": 58306.47,
                            "Plan Rows": 808017,
                            "Plan Width": 4,
                            "Actual Startup Time": 0.011,
                            "Actual Total Time": 176.299,
                            "Actual Rows": 742182,
                            "Actual Loops": 2,
                            "Filter": "((kind_id > 2) AND (production_year > 1979))",
                            "Rows Removed by Filter": 521974
                          },
                          {
                            "Node Type": "Hash",
                            "Parent Relationship": "Inner",
                            "Parallel Aware": true,
                            "Startup Cost": 18082.32,
                            "Total Cost": 18082.32,
                            "Plan Rows": 267429,
                            "Plan Width": 4,
                            "Actual Startup Time": 131.558,
                            "Actual Total Time": 131.559,
                            "Actual Rows": 229962,
                            "Actual Loops": 2,
                            "Hash Buckets": 524288,
                            "Original Hash Buckets": 524288,
                            "Hash Batches": 1,
                            "Original Hash Batches": 1,
                            "Peak Memory Usage": 22112,
                            "Plans": [
                              {
                                "Node Type": "Seq Scan",
                                "Parent Relationship": "Outer",
                                "Parallel Aware": true,
                                "Relation Name": "movie_info_idx",
                                "Alias": "mi_idx",
                                "Startup Cost": 0.0,
                                "Total Cost": 18082.32,
                                "Plan Rows": 267429,
                                "Plan Width": 4,
                                "Actual Startup Time": 0.046,
                                "Actual Total Time": 75.304,
                                "Actual Rows": 229962,
                                "Actual Loops": 2,
                                "Filter": "(info_type_id < 100)",
                                "Rows Removed by Filter": 460055
                              }
                            ]
                          }
                        ]
                      }
                    ]
                  }
                ]
              }
            ]
          }
        ]
      }
    ]
  },
  "Planning Time": 1.209,
  "Triggers": [],
  "Execution Time": 3093.681
}