[
  {
    "Plan": {
      "Node Type": "Aggregate",
      "Strategy": "Plain",
      "Partial Mode": "Finalize",
      "Parallel Aware": false,
      "Startup Cost": 408528.25,
      "Total Cost": 408528.26,
      "Plan Rows": 1,
      "Plan Width": 8,
      "Actual Startup Time": 1607.884,
      "Actual Total Time": 1679.042,
      "Actual Rows": 1,
      "Actual Loops": 1,
      "Plans": [
        {
          "Node Type": "Gather",
          "Parent Relationship": "Outer",
          "Parallel Aware": false,
          "Startup Cost": 408527.63,
          "Total Cost": 408528.24,
          "Plan Rows": 6,
          "Plan Width": 8,
          "Actual Startup Time": 1601.313,
          "Actual Total Time": 1679.03,
          "Actual Rows": 7,
          "Actual Loops": 1,
          "Workers Planned": 6,
          "Workers Launched": 6,
          "Single Copy": false,
          "Plans": [
            {
              "Node Type": "Aggregate",
              "Strategy": "Plain",
              "Partial Mode": "Partial",
              "Parent Relationship": "Outer",
              "Parallel Aware": false,
              "Startup Cost": 407527.63,
              "Total Cost": 407527.64,
              "Plan Rows": 1,
              "Plan Width": 8,
              "Actual Startup Time": 1590.032,
              "Actual Total Time": 1590.167,
              "Actual Rows": 1,
              "Actual Loops": 7,
              "Plans": [
                {
                  "Node Type": "Hash Join",
                  "Parent Relationship": "Outer",
                  "Parallel Aware": true,
                  "Join Type": "Inner",
                  "Startup Cost": 65210.96,
                  "Total Cost": 405049.95,
                  "Plan Rows": 991072,
                  "Plan Width": 0,
                  "Actual Startup Time": 207.793,
                  "Actual Total Time": 1539.682,
                  "Actual Rows": 1048668,
                  "Actual Loops": 7,
                  "Inner Unique": false,
                  "Hash Cond": "(ci.movie_id = t.id)",
                  "Plans": [
                    {
                      "Node Type": "Seq Scan",
                      "Parent Relationship": "Outer",
                      "Parallel Aware": true,
                      "Relation Name": "cast_info",
                      "Alias": "ci",
                      "Startup Cost": 0.0,
                      "Total Cost": 313067.02,
                      "Plan Rows": 6038002,
                      "Plan Width": 4,
                      "Actual Startup Time": 0.026,
                      "Actual Total Time": 573.812,
                      "Actual Rows": 5177763,
                      "Actual Loops": 7
                    },
                    {
                      "Node Type": "Hash",
                      "Parent Relationship": "Inner",
                      "Parallel Aware": true,
                      "Startup Cost": 63049.55,
                      "Total Cost": 63049.55,
                      "Plan Rows": 172913,
                      "Plan Width": 8,
                      "Actual Startup Time": 205.27,
                      "Actual Total Time": 205.403,
                      "Actual Rows": 33800,
                      "Actual Loops": 7,
                      "Hash Buckets": 524288,
                      "Original Hash Buckets": 524288,
                      "Hash Batches": 1,
                      "Original Hash Batches": 1,
                      "Peak Memory Usage": 13472,
                      "Plans": [
                        {
                          "Node Type": "Hash Join",
                          "Parent Relationship": "Outer",
                          "Parallel Aware": true,
                          "Join Type": "Inner",
                          "Startup Cost": 47854.99,
                          "Total Cost": 63049.55,
                          "Plan Rows": 172913,
                          "Plan Width": 8,
                          "Actual Startup Time": 138.707,
                          "Actual Total Time": 194.97,
                          "Actual Rows": 33800,
                          "Actual Loops": 7,
                          "Inner Unique": true,
                          "Hash Cond": "(mi_idx.movie_id = t.id)",
                          "Plans": [
                            {
                              "Node Type": "Seq Scan",
                              "Parent Relationship": "Outer",
                              "Parallel Aware": true,
                              "Relation Name": "movie_info_idx",
                              "Alias": "mi_idx",
                              "Startup Cost": 0.0,
                              "Total Cost": 13685.15,
                              "Plan Rows": 575015,
                              "Plan Width": 4,
                              "Actual Startup Time": 0.035,
                              "Actual Total Time": 20.451,
                              "Actual Rows": 197148,
                              "Actual Loops": 7
                            },
                            {
                              "Node Type": "Hash",
                              "Parent Relationship": "Inner",
                              "Parallel Aware": true,
                              "Startup Cost": 45479.1,
                              "Total Cost": 45479.1,
                              "Plan Rows": 190071,
                              "Plan Width": 4,
                              "Actual Startup Time": 136.689,
                              "Actual Total Time": 136.69,
                              "Actual Rows": 97469,
                              "Actual Loops": 7,
                              "Hash Buckets": 1048576,
                              "Original Hash Buckets": 1048576,
                              "Hash Batches": 1,
                              "Original Hash Batches": 1,
                              "Peak Memory Usage": 34976,
                              "Plans": [
                                {
                                  "Node Type": "Seq Scan",
                                  "Parent Relationship": "Outer",
                                  "Parallel Aware": true,
                                  "Relation Name": "title",
                                  "Alias": "t",
                                  "Startup Cost": 0.0,
                                  "Total Cost": 45479.1,
                                  "Plan Rows": 190071,
                                  "Plan Width": 4,
                                  "Actual Startup Time": 0.053,
                                  "Actual Total Time": 80.946,
                                  "Actual Rows": 97469,
                                  "Actual Loops": 7,
                                  "Filter": "((production_year < 2004) AND (kind_id = 7))",
                                  "Rows Removed by Filter": 263719
                                }
                              ]
                            }
                          ]
                        }
                      ]
                    }
                  ]
                }
              ]
            }
          ]
        }
      ]
    },
    "Planning Time": 1.273,
    "Triggers": [],
    "Execution Time": 1679.14
  }
]