{
  "Plan": {
    "Node Type": "Aggregate",
    "Strategy": "Plain",
    "Partial Mode": "Finalize",
    "Parallel Aware": false,
    "Startup Cost": 512158.9,
    "Total Cost": 512158.91,
    "Plan Rows": 1,
    "Plan Width": 8,
    "Actual Startup Time": 1157.115,
    "Actual Total Time": 1207.891,
    "Actual Rows": 1,
    "Actual Loops": 1,
    "Plans": [
      {
        "Node Type": "Gather",
        "Parent Relationship": "Outer",
        "Parallel Aware": false,
        "Startup Cost": 512158.79,
        "Total Cost": 512158.9,
        "Plan Rows": 1,
        "Plan Width": 8,
        "Actual Startup Time": 1156.6,
        "Actual Total Time": 1207.883,
        "Actual Rows": 2,
        "Actual Loops": 1,
        "Workers Planned": 1,
        "Workers Launched": 1,
        "Single Copy": false,
        "Plans": [
          {
            "Node Type": "Aggregate",
            "Strategy": "Plain",
            "Partial Mode": "Partial",
            "Parent Relationship": "Outer",
            "Parallel Aware": false,
            "Startup Cost": 511158.79,
            "Total Cost": 511158.8,
            "Plan Rows": 1,
            "Plan Width": 8,
            "Actual Startup Time": 1150.247,
            "Actual Total Time": 1150.251,
            "Actual Rows": 1,
            "Actual Loops": 2,
            "Plans": [
              {
                "Node Type": "Nested Loop",
                "Parent Relationship": "Outer",
                "Parallel Aware": false,
                "Join Type": "Inner",
                "Startup Cost": 174459.32,
                "Total Cost": 510879.03,
                "Plan Rows": 111904,
                "Plan Width": 0,
                "Actual Startup Time": 423.924,
                "Actual Total Time": 1144.145,
                "Actual Rows": 122933,
                "Actual Loops": 2,
                "Inner Unique": false,
                "Join Filter": "(t.id = mi.movie_id)",
                "Rows Removed by Join Filter": 0,
                "Plans": [
                  {
                    "Node Type": "Hash Join",
                    "Parent Relationship": "Outer",
                    "Parallel Aware": true,
                    "Join Type": "Inner",
                    "Startup Cost": 174458.89,
                    "Total Cost": 475387.91,
                    "Plan Rows": 19138,
                    "Plan Width": 8,
                    "Actual Startup Time": 423.766,
                    "Actual Total Time": 968.887,
                    "Actual Rows": 10896,
                    "Actual Loops": 2,
                    "Inner Unique": true,
                    "Hash Cond": "(ci.movie_id = t.id)",
                    "Plans": [
                      {
                        "Node Type": "Bitmap Heap Scan",
                        "Parent Relationship": "Outer",
                        "Parallel Aware": true,
                        "Relation Name": "cast_info",
                        "Alias": "ci",
                        "Startup Cost": 119758.95,
                        "Total Cost": 412315.38,
                        "Plan Rows": 3189555,
                        "Plan Width": 4,
                        "Actual Startup Time": 284.728,
                        "Actual Total Time": 569.986,
                        "Actual Rows": 2637468,
                        "Actual Loops": 2,
                        "Recheck Cond": "(person_id > 3133676)",
                        "Rows Removed by Index Recheck": 0,
                        "Exact Heap Blocks": 40870,
                        "Lossy Heap Blocks": 0,
                        "Plans": [
                          {
                            "Node Type": "Bitmap Index Scan",
                            "Parent Relationship": "Outer",
                            "Parallel Aware": false,
                            "Index Name": "person_id_cast_info",
                            "Startup Cost": 0.0,
                            "Total Cost": 118403.39,
                            "Plan Rows": 5422243,
                            "Plan Width": 0,
                            "Actual Startup Time": 272.04,
                            "Actual Total Time": 272.041,
                            "Actual Rows": 5274937,
                            "Actual Loops": 1,
                            "Index Cond": "(person_id > 3133676)"
                          }
                        ]
                      },
                      {
                        "Node Type": "Hash",
                        "Parent Relationship": "Inner",
                        "Parallel Aware": true,
                        "Startup Cost": 54588.39,
                        "Total Cost": 54588.39,
                        "Plan Rows": 8924,
                        "Plan Width": 4,
                        "Actual Startup Time": 137.763,
                        "Actual Total Time": 137.764,
                        "Actual Rows": 7142,
                        "Actual Loops": 2,
                        "Hash Buckets": 16384,
                        "Original Hash Buckets": 16384,
                        "Hash Batches": 1,
                        "Original Hash Batches": 1,
                        "Peak Memory Usage": 704,
                        "Plans": [
                          {
                            "Node Type": "Seq Scan",
                            "Parent Relationship": "Outer",
                            "Parallel Aware": true,
                            "Relation Name": "title",
                            "Alias": "t",
                            "Startup Cost": 0.0,
                            "Total Cost": 54588.39,
                            "Plan Rows": 8924,
                            "Plan Width": 4,
                            "Actual Startup Time": 0.103,
                            "Actual Total Time": 135.176,
                            "Actual Rows": 7142,
                            "Actual Loops": 2,
                            "Filter": "(production_year = 1973)",
                            "Rows Removed by Filter": 1257014
                          }
                        ]
                      }
                    ]
                  },
                  {
                    "Node Type": "Index Only Scan",
                    "Parent Relationship": "Inner",
                    "Parallel Aware": false,
                    "Scan Direction": "Forward",
                    "Index Name": "movie_id_movie_info",
                    "Relation Name": "movie_info",
                    "Alias": "mi",
                    "Startup Cost": 0.43,
                    "Total Cost": 1.33,
                    "Plan Rows": 42,
                    "Plan Width": 4,
                    "Actual Startup Time": 0.006,
                    "Actual Total Time": 0.015,
                    "Actual Rows": 11,
                    "Actual Loops": 21793,
                    "Index Cond": "(movie_id = ci.movie_id)",
                    "Rows Removed by Index Recheck": 0,
                    "Heap Fetches": 245866
                  }
                ]
              }
            ]
          }
        ]
      }
    ]
  },
  "Planning Time": 1.047,
  "Triggers": [],
  "Execution Time": 1208.015
}