[
  {
    "Plan": {
      "Node Type": "Aggregate",
      "Strategy": "Plain",
      "Partial Mode": "Finalize",
      "Parallel Aware": false,
      "Startup Cost": 339416.37,
      "Total Cost": 339416.38,
      "Plan Rows": 1,
      "Plan Width": 8,
      "Actual Startup Time": 1014.439,
      "Actual Total Time": 1053.212,
      "Actual Rows": 1,
      "Actual Loops": 1,
      "Plans": [
        {
          "Node Type": "Gather",
          "Parent Relationship": "Outer",
          "Parallel Aware": false,
          "Startup Cost": 339415.75,
          "Total Cost": 339416.36,
          "Plan Rows": 6,
          "Plan Width": 8,
          "Actual Startup Time": 997.463,
          "Actual Total Time": 1053.202,
          "Actual Rows": 7,
          "Actual Loops": 1,
          "Workers Planned": 6,
          "Workers Launched": 6,
          "Single Copy": false,
          "Plans": [
            {
              "Node Type": "Aggregate",
              "Strategy": "Plain",
              "Partial Mode": "Partial",
              "Parent Relationship": "Outer",
              "Parallel Aware": false,
              "Startup Cost": 338415.75,
              "Total Cost": 338415.76,
              "Plan Rows": 1,
              "Plan Width": 8,
              "Actual Startup Time": 986.446,
              "Actual Total Time": 986.86,
              "Actual Rows": 1,
              "Actual Loops": 7,
              "Plans": [
                {
                  "Node Type": "Hash Join",
                  "Parent Relationship": "Outer",
                  "Parallel Aware": true,
                  "Join Type": "Inner",
                  "Startup Cost": 81919.95,
                  "Total Cost": 337984.79,
                  "Plan Rows": 172383,
                  "Plan Width": 0,
                  "Actual Startup Time": 351.808,
                  "Actual Total Time": 961.518,
                  "Actual Rows": 541125,
                  "Actual Loops": 7,
                  "Inner Unique": false,
                  "Hash Cond": "(ci.movie_id = t.id)",
                  "Plans": [
                    {
                      "Node Type": "Index Scan",
                      "Parent Relationship": "Outer",
                      "Parallel Aware": true,
                      "Scan Direction": "Forward",
                      "Index Name": "role_id_cast_info",
                      "Relation Name": "cast_info",
                      "Alias": "ci",
                      "Startup Cost": 0.56,
                      "Total Cost": 253362.23,
                      "Plan Rows": 572562,
                      "Plan Width": 4,
                      "Actual Startup Time": 0.791,
                      "Actual Total Time": 302.421,
                      "Actual Rows": 957925,
                      "Actual Loops": 7,
                      "Index Cond": "(role_id > 4)",
                      "Rows Removed by Index Recheck": 0,
                      "Filter": "(person_id > 2374781)",
                      "Rows Removed by Filter": 382747
                    },
                    {
                      "Node Type": "Hash",
                      "Parent Relationship": "Inner",
                      "Parallel Aware": true,
                      "Startup Cost": 78849.88,
                      "Total Cost": 78849.88,
                      "Plan Rows": 245561,
                      "Plan Width": 8,
                      "Actual Startup Time": 349.051,
                      "Actual Total Time": 349.463,
                      "Actual Rows": 123462,
                      "Actual Loops": 7,
                      "Hash Buckets": 1048576,
                      "Original Hash Buckets": 1048576,
                      "Hash Batches": 1,
                      "Original Hash Batches": 1,
                      "Peak Memory Usage": 42048,
                      "Plans": [
                        {
                          "Node Type": "Hash Join",
                          "Parent Relationship": "Outer",
                          "Parallel Aware": true,
                          "Join Type": "Inner",
                          "Startup Cost": 48410.07,
                          "Total Cost": 78849.88,
                          "Plan Rows": 245561,
                          "Plan Width": 8,
                          "Actual Startup Time": 209.79,
                          "Actual Total Time": 303.047,
                          "Actual Rows": 123462,
                          "Actual Loops": 7,
                          "Inner Unique": true,
                          "Hash Cond": "(mc.movie_id = t.id)",
                          "Plans": [
                            {
                              "Node Type": "Seq Scan",
                              "Parent Relationship": "Outer",
                              "Parallel Aware": true,
                              "Relation Name": "movie_companies",
                              "Alias": "mc",
                              "Startup Cost": 0.0,
                              "Total Cost": 29310.68,
                              "Plan Rows": 430142,
                              "Plan Width": 4,
                              "Actual Startup Time": 22.42,
                              "Actual Total Time": 49.047,
                              "Actual Rows": 190698,
                              "Actual Loops": 7,
                              "Filter": "(company_type_id = 2)",
                              "Rows Removed by Filter": 182035
                            },
                            {
                              "Node Type": "Hash",
                              "Parent Relationship": "Inner",
                              "Parallel Aware": true,
                              "Startup Cost": 43899.32,
                              "Total Cost": 43899.32,
                              "Plan Rows": 360860,
                              "Plan Width": 4,
                              "Actual Startup Time": 185.244,
                              "Actual Total Time": 185.245,
                              "Actual Rows": 206185,
                              "Actual Loops": 7,
                              "Hash Buckets": 2097152,
                              "Original Hash Buckets": 2097152,
                              "Hash Batches": 1,
                              "Original Hash Batches": 1,
                              "Peak Memory Usage": 72928,
                              "Plans": [
                                {
                                  "Node Type": "Seq Scan",
                                  "Parent Relationship": "Outer",
                                  "Parallel Aware": true,
                                  "Relation Name": "title",
                                  "Alias": "t",
                                  "Startup Cost": 0.0,
                                  "Total Cost": 43899.32,
                                  "Plan Rows": 360860,
                                  "Plan Width": 4,
                                  "Actual Startup Time": 0.056,
                                  "Actual Total Time": 84.776,
                                  "Actual Rows": 206185,
                                  "Actual Loops": 7,
                                  "Filter": "(production_year < 2006)",
                                  "Rows Removed by Filter": 155002
                                }
                              ]
                            }
                          ]
                        }
                      ]
                    }
                  ]
                }
              ]
            }
          ]
        }
      ]
    },
    "Planning Time": 0.483,
    "Triggers": [],
    "Execution Time": 1053.266
  }
]