{
  "Plan": {
    "Node Type": "Aggregate",
    "Strategy": "Plain",
    "Partial Mode": "Finalize",
    "Parallel Aware": false,
    "Startup Cost": 161171.63,
    "Total Cost": 161171.64,
    "Plan Rows": 1,
    "Plan Width": 8,
    "Actual Startup Time": 818.19,
    "Actual Total Time": 840.686,
    "Actual Rows": 1,
    "Actual Loops": 1,
    "Plans": [
      {
        "Node Type": "Gather",
        "Parent Relationship": "Outer",
        "Parallel Aware": false,
        "Startup Cost": 161171.52,
        "Total Cost": 161171.63,
        "Plan Rows": 1,
        "Plan Width": 8,
        "Actual Startup Time": 677.385,
        "Actual Total Time": 840.67,
        "Actual Rows": 2,
        "Actual Loops": 1,
        "Workers Planned": 1,
        "Workers Launched": 1,
        "Single Copy": false,
        "Plans": [
          {
            "Node Type": "Aggregate",
            "Strategy": "Plain",
            "Partial Mode": "Partial",
            "Parent Relationship": "Outer",
            "Parallel Aware": false,
            "Startup Cost": 160171.52,
            "Total Cost": 160171.53,
            "Plan Rows": 1,
            "Plan Width": 8,
            "Actual Startup Time": 738.843,
            "Actual Total Time": 738.853,
            "Actual Rows": 1,
            "Actual Loops": 2,
            "Plans": [
              {
                "Node Type": "Merge Join",
                "Parent Relationship": "Outer",
                "Parallel Aware": false,
                "Join Type": "Inner",
                "Startup Cost": 157794.34,
                "Total Cost": 160128.67,
                "Plan Rows": 17140,
                "Plan Width": 0,
                "Actual Startup Time": 677.518,
                "Actual Total Time": 736.11,
                "Actual Rows": 54342,
                "Actual Loops": 2,
                "Inner Unique": false,
                "Merge Cond": "(t.id = mc.movie_id)",
                "Plans": [
                  {
                    "Node Type": "Sort",
                    "Parent Relationship": "Outer",
                    "Parallel Aware": false,
                    "Startup Cost": 93676.64,
                    "Total Cost": 94070.03,
                    "Plan Rows": 157357,
                    "Plan Width": 8,
                    "Actual Startup Time": 422.218,
                    "Actual Total Time": 425.408,
                    "Actual Rows": 73766,
                    "Actual Loops": 2,
                    "Sort Key": [
                      "mi_idx.movie_id"
                    ],
                    "Sort Method": "quicksort",
                    "Sort Space Used": 7159,
                    "Sort Space Type": "Memory",
                    "Workers": [
                      {
                        "Worker Number": 0,
                        "Sort Method": "quicksort",
                        "Sort Space Used": 4366,
                        "Sort Space Type": "Memory"
                      }
                    ],
                    "Plans": [
                      {
                        "Node Type": "Hash Join",
                        "Parent Relationship": "Outer",
                        "Parallel Aware": true,
                        "Join Type": "Inner",
                        "Startup Cost": 61910.04,
                        "Total Cost": 80093.83,
                        "Plan Rows": 157357,
                        "Plan Width": 8,
                        "Actual Startup Time": 242.031,
                        "Actual Total Time": 403.825,
                        "Actual Rows": 73768,
                        "Actual Loops": 2,
                        "Inner Unique": true,
                        "Hash Cond": "(mi_idx.movie_id = t.id)",
                        "Plans": [
                          {
                            "Node Type": "Seq Scan",
                            "Parent Relationship": "Outer",
                            "Parallel Aware": true,
                            "Relation Name": "movie_info_idx",
                            "Alias": "mi_idx",
                            "Startup Cost": 0.0,
                            "Total Cost": 16052.85,
                            "Plan Rows": 811785,
                            "Plan Width": 4,
                            "Actual Startup Time": 0.021,
                            "Actual Total Time": 57.701,
                            "Actual Rows": 690018,
                            "Actual Loops": 2
                          },
                          {
                            "Node Type": "Hash",
                            "Parent Relationship": "Inner",
                            "Parallel Aware": true,
                            "Startup Cost": 58306.47,
                            "Total Cost": 58306.47,
                            "Plan Rows": 288286,
                            "Plan Width": 4,
                            "Actual Startup Time": 236.158,
                            "Actual Total Time": 236.159,
                            "Actual Rows": 250890,
                            "Actual Loops": 2,
                            "Hash Buckets": 524288,
                            "Original Hash Buckets": 524288,
                            "Hash Batches": 1,
                            "Original Hash Batches": 1,
                            "Peak Memory Usage": 23776,
                            "Plans": [
                              {
                                "Node Type": "Seq Scan",
                                "Parent Relationship": "Outer",
                                "Parallel Aware": true,
                                "Relation Name": "title",
                                "Alias": "t",
                                "Startup Cost": 0.0,
                                "Total Cost": 58306.47,
                                "Plan Rows": 288286,
                                "Plan Width": 4,
                                "Actual Startup Time": 0.035,
                                "Actual Total Time": 171.753,
                                "Actual Rows": 250890,
                                "Actual Loops": 2,
                                "Filter": "((kind_id > 1) AND (production_year > 2008))",
                                "Rows Removed by Filter": 1013266
                              }
                            ]
                          }
                        ]
                      }
                    ]
                  },
                  {
                    "Node Type": "Sort",
                    "Parent Relationship": "Inner",
                    "Parallel Aware": false,
                    "Startup Cost": 64117.69,
                    "Total Cost": 64806.16,
                    "Plan Rows": 275391,
                    "Plan Width": 4,
                    "Actual Startup Time": 255.269,
                    "Actual Total Time": 274.121,
                    "Actual Rows": 444661,
                    "Actual Loops": 2,
                    "Sort Key": [
                      "mc.movie_id"
                    ],
                    "Sort Method": "quicksort",
                    "Sort Space Used": 31435,
                    "Sort Space Type": "Memory",
                    "Workers": [
                      {
                        "Worker Number": 0,
                        "Sort Method": "quicksort",
                        "Sort Space Used": 31435,
                        "Sort Space Type": "Memory"
                      }
                    ],
                    "Plans": [
                      {
                        "Node Type": "Bitmap Heap Scan",
                        "Parent Relationship": "Outer",
                        "Parallel Aware": false,
                        "Relation Name": "movie_companies",
                        "Alias": "mc",
                        "Startup Cost": 12053.04,
                        "Total Cost": 39234.57,
                        "Plan Rows": 275391,
                        "Plan Width": 4,
                        "Actual Startup Time": 29.366,
                        "Actual Total Time": 149.955,
                        "Actual Rows": 408469,
                        "Actual Loops": 2,
                        "Recheck Cond": "(company_id < 575)",
                        "Rows Removed by Index Recheck": 0,
                        "Filter": "(company_type_id < 2)",
                        "Rows Removed by Filter": 144393,
                        "Exact Heap Blocks": 18387,
                        "Lossy Heap Blocks": 0,
                        "Plans": [
                          {
                            "Node Type": "Bitmap Index Scan",
                            "Parent Relationship": "Outer",
                            "Parallel Aware": false,
                            "Index Name": "company_id_movie_companies",
                            "Startup Cost": 0.0,
                            "Total Cost": 11984.19,
                            "Plan Rows": 559435,
                            "Plan Width": 0,
                            "Actual Startup Time": 26.362,
                            "Actual Total Time": 26.362,
                            "Actual Rows": 552862,
                            "Actual Loops": 2,
                            "Index Cond": "(company_id < 575)"
                          }
                        ]
                      }
                    ]
                  }
                ]
              }
            ]
          }
        ]
      }
    ]
  },
  "Planning Time": 1.225,
  "Triggers": [],
  "Execution Time": 848.678
}