[
  {
    "Plan": {
      "Node Type": "Aggregate",
      "Strategy": "Plain",
      "Partial Mode": "Finalize",
      "Parallel Aware": false,
      "Startup Cost": 78468.54,
      "Total Cost": 78468.55,
      "Plan Rows": 1,
      "Plan Width": 8,
      "Actual Startup Time": 180.879,
      "Actual Total Time": 199.52,
      "Actual Rows": 1,
      "Actual Loops": 1,
      "Plans": [
        {
          "Node Type": "Gather",
          "Parent Relationship": "Outer",
          "Parallel Aware": false,
          "Startup Cost": 78468.22,
          "Total Cost": 78468.53,
          "Plan Rows": 3,
          "Plan Width": 8,
          "Actual Startup Time": 180.429,
          "Actual Total Time": 199.513,
          "Actual Rows": 4,
          "Actual Loops": 1,
          "Workers Planned": 3,
          "Workers Launched": 3,
          "Single Copy": false,
          "Plans": [
            {
              "Node Type": "Aggregate",
              "Strategy": "Plain",
              "Partial Mode": "Partial",
              "Parent Relationship": "Outer",
              "Parallel Aware": false,
              "Startup Cost": 77468.22,
              "Total Cost": 77468.23,
              "Plan Rows": 1,
              "Plan Width": 8,
              "Actual Startup Time": 171.069,
              "Actual Total Time": 171.072,
              "Actual Rows": 1,
              "Actual Loops": 4,
              "Plans": [
                {
                  "Node Type": "Nested Loop",
                  "Parent Relationship": "Outer",
                  "Parallel Aware": false,
                  "Join Type": "Inner",
                  "Startup Cost": 50173.05,
                  "Total Cost": 77464.05,
                  "Plan Rows": 1669,
                  "Plan Width": 0,
                  "Actual Startup Time": 117.216,
                  "Actual Total Time": 170.998,
                  "Actual Rows": 949,
                  "Actual Loops": 4,
                  "Inner Unique": false,
                  "Join Filter": "(t.id = mc.movie_id)",
                  "Rows Removed by Join Filter": 0,
                  "Plans": [
                    {
                      "Node Type": "Hash Join",
                      "Parent Relationship": "Outer",
                      "Parallel Aware": true,
                      "Join Type": "Inner",
                      "Startup Cost": 50172.62,
                      "Total Cost": 75663.25,
                      "Plan Rows": 1618,
                      "Plan Width": 8,
                      "Actual Startup Time": 117.096,
                      "Actual Total Time": 167.132,
                      "Actual Rows": 524,
                      "Actual Loops": 4,
                      "Inner Unique": true,
                      "Hash Cond": "(mk.movie_id = t.id)",
                      "Plans": [
                        {
                          "Node Type": "Bitmap Heap Scan",
                          "Parent Relationship": "Outer",
                          "Parallel Aware": true,
                          "Relation Name": "movie_keyword",
                          "Alias": "mk",
                          "Startup Cost": 4507.04,
                          "Total Cost": 29817.76,
                          "Plan Rows": 68537,
                          "Plan Width": 4,
                          "Actual Startup Time": 15.491,
                          "Actual Total Time": 55.699,
                          "Actual Rows": 55527,
                          "Actual Loops": 4,
                          "Recheck Cond": "(keyword_id < 178)",
                          "Rows Removed by Index Recheck": 0,
                          "Exact Heap Blocks": 9539,
                          "Lossy Heap Blocks": 0,
                          "Plans": [
                            {
                              "Node Type": "Bitmap Index Scan",
                              "Parent Relationship": "Outer",
                              "Parallel Aware": false,
                              "Index Name": "keyword_id_movie_keyword",
                              "Startup Cost": 0.0,
                              "Total Cost": 4453.93,
                              "Plan Rows": 212466,
                              "Plan Width": 0,
                              "Actual Startup Time": 11.938,
                              "Actual Total Time": 11.938,
                              "Actual Rows": 222109,
                              "Actual Loops": 1,
                              "Index Cond": "(keyword_id < 178)"
                            }
                          ]
                        },
                        {
                          "Node Type": "Hash",
                          "Parent Relationship": "Inner",
                          "Parallel Aware": true,
                          "Startup Cost": 45479.1,
                          "Total Cost": 45479.1,
                          "Plan Rows": 14918,
                          "Plan Width": 4,
                          "Actual Startup Time": 99.853,
                          "Actual Total Time": 99.854,
                          "Actual Rows": 15800,
                          "Actual Loops": 4,
                          "Hash Buckets": 65536,
                          "Original Hash Buckets": 65536,
                          "Hash Batches": 1,
                          "Original Hash Batches": 1,
                          "Peak Memory Usage": 3072,
                          "Plans": [
                            {
                              "Node Type": "Seq Scan",
                              "Parent Relationship": "Outer",
                              "Parallel Aware": true,
                              "Relation Name": "title",
                              "Alias": "t",
                              "Startup Cost": 0.0,
                              "Total Cost": 45479.1,
                              "Plan Rows": 14918,
                              "Plan Width": 4,
                              "Actual Startup Time": 0.045,
                              "Actual Total Time": 92.967,
                              "Actual Rows": 15800,
                              "Actual Loops": 4,
                              "Filter": "((kind_id > 4) AND (production_year = 2005))",
                              "Rows Removed by Filter": 616278
                            }
                          ]
                        }
                      ]
                    },
                    {
                      "Node Type": "Index Only Scan",
                      "Parent Relationship": "Inner",
                      "Parallel Aware": false,
                      "Scan Direction": "Forward",
                      "Index Name": "movie_id_movie_companies",
                      "Relation Name": "movie_companies",
                      "Alias": "mc",
                      "Startup Cost": 0.43,
                      "Total Cost": 1.05,
                      "Plan Rows": 5,
                      "Plan Width": 4,
                      "Actual Startup Time": 0.006,
                      "Actual Total Time": 0.007,
                      "Actual Rows": 2,
                      "Actual Loops": 2094,
                      "Index Cond": "(movie_id = mk.movie_id)",
                      "Rows Removed by Index Recheck": 0,
                      "Heap Fetches": 3795
                    }
                  ]
                }
              ]
            }
          ]
        }
      ]
    },
    "Planning Time": 1.47,
    "Triggers": [],
    "Execution Time": 199.623
  }
]