[
  {
    "Plan": {
      "Node Type": "Aggregate",
      "Strategy": "Plain",
      "Partial Mode": "Finalize",
      "Parallel Aware": false,
      "Startup Cost": 81297.8,
      "Total Cost": 81297.81,
      "Plan Rows": 1,
      "Plan Width": 8,
      "Actual Startup Time": 394.886,
      "Actual Total Time": 409.874,
      "Actual Rows": 1,
      "Actual Loops": 1,
      "Plans": [
        {
          "Node Type": "Gather",
          "Parent Relationship": "Outer",
          "Parallel Aware": false,
          "Startup Cost": 81297.48,
          "Total Cost": 81297.79,
          "Plan Rows": 3,
          "Plan Width": 8,
          "Actual Startup Time": 389.71,
          "Actual Total Time": 409.862,
          "Actual Rows": 4,
          "Actual Loops": 1,
          "Workers Planned": 3,
          "Workers Launched": 3,
          "Single Copy": false,
          "Plans": [
            {
              "Node Type": "Aggregate",
              "Strategy": "Plain",
              "Partial Mode": "Partial",
              "Parent Relationship": "Outer",
              "Parallel Aware": false,
              "Startup Cost": 80297.48,
              "Total Cost": 80297.49,
              "Plan Rows": 1,
              "Plan Width": 8,
              "Actual Startup Time": 383.259,
              "Actual Total Time": 383.262,
              "Actual Rows": 1,
              "Actual Loops": 4,
              "Plans": [
                {
                  "Node Type": "Hash Join",
                  "Parent Relationship": "Outer",
                  "Parallel Aware": true,
                  "Join Type": "Inner",
                  "Startup Cost": 48230.39,
                  "Total Cost": 79611.12,
                  "Plan Rows": 274544,
                  "Plan Width": 0,
                  "Actual Startup Time": 180.382,
                  "Actual Total Time": 379.808,
                  "Actual Rows": 83191,
                  "Actual Loops": 4,
                  "Inner Unique": true,
                  "Hash Cond": "(mc.movie_id = t.id)",
                  "Plans": [
                    {
                      "Node Type": "Seq Scan",
                      "Parent Relationship": "Outer",
                      "Parallel Aware": true,
                      "Relation Name": "movie_companies",
                      "Alias": "mc",
                      "Startup Cost": 0.0,
                      "Total Cost": 29310.68,
                      "Plan Rows": 788592,
                      "Plan Width": 4,
                      "Actual Startup Time": 0.014,
                      "Actual Total Time": 72.148,
                      "Actual Rows": 611755,
                      "Actual Loops": 4,
                      "Filter": "(company_id > 27)",
                      "Rows Removed by Filter": 40528
                    },
                    {
                      "Node Type": "Hash",
                      "Parent Relationship": "Inner",
                      "Parallel Aware": true,
                      "Startup Cost": 45479.59,
                      "Total Cost": 45479.59,
                      "Plan Rows": 220064,
                      "Plan Width": 4,
                      "Actual Startup Time": 176.34,
                      "Actual Total Time": 176.341,
                      "Actual Rows": 200378,
                      "Actual Loops": 4,
                      "Hash Buckets": 1048576,
                      "Original Hash Buckets": 1048576,
                      "Hash Batches": 1,
                      "Original Hash Batches": 1,
                      "Peak Memory Usage": 39616,
                      "Plans": [
                        {
                          "Node Type": "Seq Scan",
                          "Parent Relationship": "Outer",
                          "Parallel Aware": true,
                          "Relation Name": "title",
                          "Alias": "t",
                          "Startup Cost": 0.0,
                          "Total Cost": 45479.59,
                          "Plan Rows": 220064,
                          "Plan Width": 4,
                          "Actual Startup Time": 0.03,
                          "Actual Total Time": 102.649,
                          "Actual Rows": 200378,
                          "Actual Loops": 4,
                          "Filter": "((production_year < 2006) AND (kind_id = 7))",
                          "Rows Removed by Filter": 431700
                        }
                      ]
                    }
                  ]
                }
              ]
            }
          ]
        }
      ]
    },
    "Planning Time": 0.504,
    "Triggers": [],
    "Execution Time": 409.924
  }
]