{
  "Plan": {
    "Node Type": "Aggregate",
    "Strategy": "Plain",
    "Partial Mode": "Finalize",
    "Parallel Aware": false,
    "Startup Cost": 394296.01,
    "Total Cost": 394296.02,
    "Plan Rows": 1,
    "Plan Width": 8,
    "Actual Startup Time": 1006.167,
    "Actual Total Time": 1019.525,
    "Actual Rows": 1,
    "Actual Loops": 1,
    "Plans": [
      {
        "Node Type": "Gather",
        "Parent Relationship": "Outer",
        "Parallel Aware": false,
        "Startup Cost": 394295.9,
        "Total Cost": 394296.01,
        "Plan Rows": 1,
        "Plan Width": 8,
        "Actual Startup Time": 1002.757,
        "Actual Total Time": 1019.518,
        "Actual Rows": 2,
        "Actual Loops": 1,
        "Workers Planned": 1,
        "Workers Launched": 1,
        "Single Copy": false,
        "Plans": [
          {
            "Node Type": "Aggregate",
            "Strategy": "Plain",
            "Partial Mode": "Partial",
            "Parent Relationship": "Outer",
            "Parallel Aware": false,
            "Startup Cost": 393295.9,
            "Total Cost": 393295.91,
            "Plan Rows": 1,
            "Plan Width": 8,
            "Actual Startup Time": 998.012,
            "Actual Total Time": 998.016,
            "Actual Rows": 1,
            "Actual Loops": 2,
            "Plans": [
              {
                "Node Type": "Hash Join",
                "Parent Relationship": "Outer",
                "Parallel Aware": true,
                "Join Type": "Inner",
                "Startup Cost": 117660.43,
                "Total Cost": 391199.46,
                "Plan Rows": 838577,
                "Plan Width": 0,
                "Actual Startup Time": 452.907,
                "Actual Total Time": 968.658,
                "Actual Rows": 702215,
                "Actual Loops": 2,
                "Inner Unique": true,
                "Hash Cond": "(ci.movie_id = t.id)",
                "Plans": [
                  {
                    "Node Type": "Bitmap Heap Scan",
                    "Parent Relationship": "Outer",
                    "Parallel Aware": true,
                    "Relation Name": "cast_info",
                    "Alias": "ci",
                    "Startup Cost": 51764.22,
                    "Total Cost": 321684.3,
                    "Plan Rows": 1378646,
                    "Plan Width": 4,
                    "Actual Startup Time": 82.299,
                    "Actual Total Time": 195.237,
                    "Actual Rows": 1179374,
                    "Actual Loops": 2,
                    "Recheck Cond": "(person_id < 229469)",
                    "Rows Removed by Index Recheck": 0,
                    "Exact Heap Blocks": 12887,
                    "Lossy Heap Blocks": 0,
                    "Plans": [
                      {
                        "Node Type": "Bitmap Index Scan",
                        "Parent Relationship": "Outer",
                        "Parallel Aware": false,
                        "Index Name": "person_id_cast_info",
                        "Startup Cost": 0.0,
                        "Total Cost": 51178.3,
                        "Plan Rows": 2343698,
                        "Plan Width": 0,
                        "Actual Startup Time": 78.589,
                        "Actual Total Time": 78.59,
                        "Actual Rows": 2358748,
                        "Actual Loops": 1,
                        "Index Cond": "(person_id < 229469)"
                      }
                    ]
                  },
                  {
                    "Node Type": "Hash",
                    "Parent Relationship": "Inner",
                    "Parallel Aware": true,
                    "Startup Cost": 54588.39,
                    "Total Cost": 54588.39,
                    "Plan Rows": 904625,
                    "Plan Width": 4,
                    "Actual Startup Time": 360.402,
                    "Actual Total Time": 360.403,
                    "Actual Rows": 765806,
                    "Actual Loops": 2,
                    "Hash Buckets": 2097152,
                    "Original Hash Buckets": 2097152,
                    "Hash Batches": 1,
                    "Original Hash Batches": 1,
                    "Peak Memory Usage": 76320,
                    "Plans": [
                      {
                        "Node Type": "Seq Scan",
                        "Parent Relationship": "Outer",
                        "Parallel Aware": true,
                        "Relation Name": "title",
                        "Alias": "t",
                        "Startup Cost": 0.0,
                        "Total Cost": 54588.39,
                        "Plan Rows": 904625,
                        "Plan Width": 4,
                        "Actual Startup Time": 0.034,
                        "Actual Total Time": 160.215,
                        "Actual Rows": 765806,
                        "Actual Loops": 2,
                        "Filter": "(production_year > 1997)",
                        "Rows Removed by Filter": 498350
                      }
                    ]
                  }
                ]
              }
            ]
          }
        ]
      }
    ]
  },
  "Planning Time": 0.404,
  "Triggers": [],
  "Execution Time": 1019.588
}