{
  "Plan": {
    "Node Type": "Aggregate",
    "Strategy": "Plain",
    "Partial Mode": "Finalize",
    "Parallel Aware": false,
    "Startup Cost": 97917.38,
    "Total Cost": 97917.39,
    "Plan Rows": 1,
    "Plan Width": 8,
    "Actual Startup Time": 232.924,
    "Actual Total Time": 244.322,
    "Actual Rows": 1,
    "Actual Loops": 1,
    "Plans": [
      {
        "Node Type": "Gather",
        "Parent Relationship": "Outer",
        "Parallel Aware": false,
        "Startup Cost": 97917.27,
        "Total Cost": 97917.38,
        "Plan Rows": 1,
        "Plan Width": 8,
        "Actual Startup Time": 232.779,
        "Actual Total Time": 244.315,
        "Actual Rows": 2,
        "Actual Loops": 1,
        "Workers Planned": 1,
        "Workers Launched": 1,
        "Single Copy": false,
        "Plans": [
          {
            "Node Type": "Aggregate",
            "Strategy": "Plain",
            "Partial Mode": "Partial",
            "Parent Relationship": "Outer",
            "Parallel Aware": false,
            "Startup Cost": 96917.27,
            "Total Cost": 96917.28,
            "Plan Rows": 1,
            "Plan Width": 8,
            "Actual Startup Time": 226.873,
            "Actual Total Time": 226.876,
            "Actual Rows": 1,
            "Actual Loops": 2,
            "Plans": [
              {
                "Node Type": "Hash Join",
                "Parent Relationship": "Outer",
                "Parallel Aware": true,
                "Join Type": "Inner",
                "Startup Cost": 54671.86,
                "Total Cost": 96914.43,
                "Plan Rows": 1138,
                "Plan Width": 0,
                "Actual Startup Time": 166.959,
                "Actual Total Time": 226.843,
                "Actual Rows": 178,
                "Actual Loops": 2,
                "Inner Unique": true,
                "Hash Cond": "(mc.movie_id = t.id)",
                "Plans": [
                  {
                    "Node Type": "Index Scan",
                    "Parent Relationship": "Outer",
                    "Parallel Aware": true,
                    "Scan Direction": "Forward",
                    "Index Name": "company_type_id_movie_companies",
                    "Relation Name": "movie_companies",
                    "Alias": "mc",
                    "Startup Cost": 0.43,
                    "Total Cost": 41574.35,
                    "Plan Rows": 254722,
                    "Plan Width": 4,
                    "Actual Startup Time": 29.215,
                    "Actual Total Time": 83.5,
                    "Actual Rows": 58460,
                    "Actual Loops": 2,
                    "Index Cond": "(company_type_id = 1)",
                    "Rows Removed by Index Recheck": 0,
                    "Filter": "(company_id > 21845)",
                    "Rows Removed by Filter": 578663
                  },
                  {
                    "Node Type": "Hash",
                    "Parent Relationship": "Inner",
                    "Parallel Aware": true,
                    "Startup Cost": 54588.39,
                    "Total Cost": 54588.39,
                    "Plan Rows": 6643,
                    "Plan Width": 4,
                    "Actual Startup Time": 135.976,
                    "Actual Total Time": 135.977,
                    "Actual Rows": 5560,
                    "Actual Loops": 2,
                    "Hash Buckets": 16384,
                    "Original Hash Buckets": 16384,
                    "Hash Batches": 1,
                    "Original Hash Batches": 1,
                    "Peak Memory Usage": 576,
                    "Plans": [
                      {
                        "Node Type": "Seq Scan",
                        "Parent Relationship": "Outer",
                        "Parallel Aware": true,
                        "Relation Name": "title",
                        "Alias": "t",
                        "Startup Cost": 0.0,
                        "Total Cost": 54588.39,
                        "Plan Rows": 6643,
                        "Plan Width": 4,
                        "Actual Startup Time": 0.109,
                        "Actual Total Time": 133.599,
                        "Actual Rows": 5560,
                        "Actual Loops": 2,
                        "Filter": "(production_year = 1960)",
                        "Rows Removed by Filter": 1258596
                      }
                    ]
                  }
                ]
              }
            ]
          }
        ]
      }
    ]
  },
  "Planning Time": 0.456,
  "Triggers": [],
  "Execution Time": 244.397
}