[
  {
    "Plan": {
      "Node Type": "Aggregate",
      "Strategy": "Plain",
      "Partial Mode": "Finalize",
      "Parallel Aware": false,
      "Startup Cost": 80569.24,
      "Total Cost": 80569.25,
      "Plan Rows": 1,
      "Plan Width": 8,
      "Actual Startup Time": 338.361,
      "Actual Total Time": 353.779,
      "Actual Rows": 1,
      "Actual Loops": 1,
      "Plans": [
        {
          "Node Type": "Gather",
          "Parent Relationship": "Outer",
          "Parallel Aware": false,
          "Startup Cost": 80568.92,
          "Total Cost": 80569.23,
          "Plan Rows": 3,
          "Plan Width": 8,
          "Actual Startup Time": 335.733,
          "Actual Total Time": 353.769,
          "Actual Rows": 4,
          "Actual Loops": 1,
          "Workers Planned": 3,
          "Workers Launched": 3,
          "Single Copy": false,
          "Plans": [
            {
              "Node Type": "Aggregate",
              "Strategy": "Plain",
              "Partial Mode": "Partial",
              "Parent Relationship": "Outer",
              "Parallel Aware": false,
              "Startup Cost": 79568.92,
              "Total Cost": 79568.93,
              "Plan Rows": 1,
              "Plan Width": 8,
              "Actual Startup Time": 327.257,
              "Actual Total Time": 327.26,
              "Actual Rows": 1,
              "Actual Loops": 4,
              "Plans": [
                {
                  "Node Type": "Hash Join",
                  "Parent Relationship": "Outer",
                  "Parallel Aware": true,
                  "Join Type": "Inner",
                  "Startup Cost": 46769.59,
                  "Total Cost": 79213.0,
                  "Plan Rows": 142370,
                  "Plan Width": 0,
                  "Actual Startup Time": 211.366,
                  "Actual Total Time": 321.341,
                  "Actual Rows": 137302,
                  "Actual Loops": 4,
                  "Inner Unique": true,
                  "Hash Cond": "(mc.movie_id = t.id)",
                  "Plans": [
                    {
                      "Node Type": "Seq Scan",
                      "Parent Relationship": "Outer",
                      "Parallel Aware": true,
                      "Relation Name": "movie_companies",
                      "Alias": "mc",
                      "Startup Cost": 0.0,
                      "Total Cost": 31414.82,
                      "Plan Rows": 391844,
                      "Plan Width": 4,
                      "Actual Startup Time": 29.12,
                      "Actual Total Time": 65.101,
                      "Actual Rows": 280484,
                      "Actual Loops": 4,
                      "Filter": "((company_id < 109810) AND (company_type_id = 2))",
                      "Rows Removed by Filter": 371798
                    },
                    {
                      "Node Type": "Hash",
                      "Parent Relationship": "Inner",
                      "Parallel Aware": true,
                      "Startup Cost": 43898.92,
                      "Total Cost": 43898.92,
                      "Plan Rows": 229654,
                      "Plan Width": 4,
                      "Actual Startup Time": 176.985,
                      "Actual Total Time": 176.986,
                      "Actual Rows": 231151,
                      "Actual Loops": 4,
                      "Hash Buckets": 1048576,
                      "Original Hash Buckets": 1048576,
                      "Hash Batches": 1,
                      "Original Hash Batches": 1,
                      "Peak Memory Usage": 44416,
                      "Plans": [
                        {
                          "Node Type": "Seq Scan",
                          "Parent Relationship": "Outer",
                          "Parallel Aware": true,
                          "Relation Name": "title",
                          "Alias": "t",
                          "Startup Cost": 0.0,
                          "Total Cost": 43898.92,
                          "Plan Rows": 229654,
                          "Plan Width": 4,
                          "Actual Startup Time": 0.035,
                          "Actual Total Time": 101.344,
                          "Actual Rows": 231151,
                          "Actual Loops": 4,
                          "Filter": "(production_year < 1998)",
                          "Rows Removed by Filter": 400927
                        }
                      ]
                    }
                  ]
                }
              ]
            }
          ]
        }
      ]
    },
    "Planning Time": 0.729,
    "Triggers": [],
    "Execution Time": 353.853
  }
]