{
  "Plan": {
    "Node Type": "Aggregate",
    "Strategy": "Plain",
    "Partial Mode": "Finalize",
    "Parallel Aware": false,
    "Startup Cost": 380414.88,
    "Total Cost": 380414.89,
    "Plan Rows": 1,
    "Plan Width": 64,
    "Actual Startup Time": 11173.466,
    "Actual Total Time": 11260.804,
    "Actual Rows": 1,
    "Actual Loops": 1,
    "Plans": [
      {
        "Node Type": "Gather",
        "Parent Relationship": "Outer",
        "Parallel Aware": false,
        "Startup Cost": 380414.76,
        "Total Cost": 380414.87,
        "Plan Rows": 1,
        "Plan Width": 64,
        "Actual Startup Time": 11152.796,
        "Actual Total Time": 11260.787,
        "Actual Rows": 2,
        "Actual Loops": 1,
        "Workers Planned": 1,
        "Workers Launched": 1,
        "Single Copy": false,
        "Plans": [
          {
            "Node Type": "Aggregate",
            "Strategy": "Plain",
            "Partial Mode": "Partial",
            "Parent Relationship": "Outer",
            "Parallel Aware": false,
            "Startup Cost": 379414.76,
            "Total Cost": 379414.77,
            "Plan Rows": 1,
            "Plan Width": 64,
            "Actual Startup Time": 11141.97,
            "Actual Total Time": 11141.988,
            "Actual Rows": 1,
            "Actual Loops": 2,
            "Plans": [
              {
                "Node Type": "Nested Loop",
                "Parent Relationship": "Outer",
                "Parallel Aware": false,
                "Join Type": "Inner",
                "Startup Cost": 290115.22,
                "Total Cost": 379395.41,
                "Plan Rows": 3871,
                "Plan Width": 33,
                "Actual Startup Time": 8128.615,
                "Actual Total Time": 11116.041,
                "Actual Rows": 230703,
                "Actual Loops": 2,
                "Inner Unique": false,
                "Join Filter": "(n1.id = an1.person_id)",
                "Rows Removed by Join Filter": 0,
                "Plans": [
                  {
                    "Node Type": "Nested Loop",
                    "Parent Relationship": "Outer",
                    "Parallel Aware": false,
                    "Join Type": "Inner",
                    "Startup Cost": 290114.8,
                    "Total Cost": 370685.47,
                    "Plan Rows": 17899,
                    "Plan Width": 25,
                    "Actual Startup Time": 8128.53,
                    "Actual Total Time": 10563.427,
                    "Actual Rows": 252054,
                    "Actual Loops": 2,
                    "Inner Unique": true,
                    "Plans": [
                      {
                        "Node Type": "Hash Join",
                        "Parent Relationship": "Outer",
                        "Parallel Aware": true,
                        "Join Type": "Inner",
                        "Startup Cost": 290114.37,
                        "Total Cost": 362536.1,
                        "Plan Rows": 17899,
                        "Plan Width": 21,
                        "Actual Startup Time": 8128.424,
                        "Actual Total Time": 9854.245,
                        "Actual Rows": 252054,
                        "Actual Loops": 2,
                        "Inner Unique": true,
                        "Hash Cond": "(mc.company_id = cn.id)",
                        "Plans": [
                          {
                            "Node Type": "Hash Join",
                            "Parent Relationship": "Outer",
                            "Parallel Aware": true,
                            "Join Type": "Inner",
                            "Startup Cost": 285374.57,
                            "Total Cost": 352985.17,
                            "Plan Rows": 1832779,
                            "Plan Width": 25,
                            "Actual Startup Time": 8099.4,
                            "Actual Total Time": 9424.185,
                            "Actual Rows": 6677914,
                            "Actual Loops": 2,
                            "Inner Unique": false,
                            "Hash Cond": "(mc.movie_id = ci.movie_id)",
                            "Plans": [
                              {
                                "Node Type": "Seq Scan",
                                "Parent Relationship": "Outer",
                                "Parallel Aware": true,
                                "Relation Name": "movie_companies",
                                "Alias": "mc",
                                "Startup Cost": 0.0,
                                "Total Cost": 34137.82,
                                "Plan Rows": 1534782,
                                "Plan Width": 8,
                                "Actual Startup Time": 0.011,
                                "Actual Total Time": 108.751,
                                "Actual Rows": 1304564,
                                "Actual Loops": 2
                              },
                              {
                                "Node Type": "Hash",
                                "Parent Relationship": "Inner",
                                "Parallel Aware": true,
                                "Startup Cost": 263175.46,
                                "Total Cost": 263175.46,
                                "Plan Rows": 1775929,
                                "Plan Width": 29,
                                "Actual Startup Time": 8079.498,
                                "Actual Total Time": 8079.506,
                                "Actual Rows": 3725986,
                                "Actual Loops": 2,
                                "Hash Buckets": 8388608,
                                "Original Hash Buckets": 4194304,
                                "Hash Batches": 1,
                                "Original Hash Batches": 1,
                                "Peak Memory Usage": 569664,
                                "Plans": [
                                  {
                                    "Node Type": "Hash Join",
                                    "Parent Relationship": "Outer",
                                    "Parallel Aware": false,
                                    "Join Type": "Inner",
                                    "Startup Cost": 185251.58,
                                    "Total Cost": 263175.46,
                                    "Plan Rows": 1775929,
                                    "Plan Width": 29,
                                    "Actual Startup Time": 4397.946,
                                    "Actual Total Time": 6550.922,
                                    "Actual Rows": 3725986,
                                    "Actual Loops": 2,
                                    "Inner Unique": false,
                                    "Hash Cond": "(t.id = ci.movie_id)",
                                    "Plans": [
                                      {
                                        "Node Type": "Seq Scan",
                                        "Parent Relationship": "Outer",
                                        "Parallel Aware": true,
                                        "Relation Name": "title",
                                        "Alias": "t",
                                        "Startup Cost": 0.0,
                                        "Total Cost": 50869.75,
                                        "Plan Rows": 1487175,
                                        "Plan Width": 21,
                                        "Actual Startup Time": 0.025,
                                        "Actual Total Time": 165.798,
                                        "Actual Rows": 1264156,
                                        "Actual Loops": 2
                                      },
                                      {
                                        "Node Type": "Hash",
                                        "Parent Relationship": "Inner",
                                        "Parallel Aware": false,
                                        "Startup Cost": 147513.09,
                                        "Total Cost": 147513.09,
                                        "Plan Rows": 3019079,
                                        "Plan Width": 8,
                                        "Actual Startup Time": 4373.083,
                                        "Actual Total Time": 4373.085,
                                        "Actual Rows": 7451973,
                                        "Actual Loops": 2,
                                        "Hash Buckets": 8388608,
                                        "Original Hash Buckets": 4194304,
                                        "Hash Batches": 1,
                                        "Original Hash Batches": 1,
                                        "Peak Memory Usage": 356629,
                                        "Plans": [
                                          {
                                            "Node Type": "Nested Loop",
                                            "Parent Relationship": "Outer",
                                            "Parallel Aware": false,
                                            "Join Type": "Inner",
                                            "Startup Cost": 0.56,
                                            "Total Cost": 147513.09,
                                            "Plan Rows": 3019079,
                                            "Plan Width": 8,
                                            "Actual Startup Time": 0.173,
                                            "Actual Total Time": 1844.543,
                                            "Actual Rows": 7451973,
                                            "Actual Loops": 2,
                                            "Inner Unique": false,
                                            "Plans": [
                                              {
                                                "Node Type": "Seq Scan",
                                                "Parent Relationship": "Outer",
                                                "Parallel Aware": false,
                                                "Relation Name": "role_type",
                                                "Alias": "rt",
                                                "Startup Cost": 0.0,
                                                "Total Cost": 1.15,
                                                "Plan Rows": 1,
                                                "Plan Width": 4,
                                                "Actual Startup Time": 0.047,
                                                "Actual Total Time": 0.053,
                                                "Actual Rows": 1,
                                                "Actual Loops": 2,
                                                "Filter": "((role)::text = 'actress'::text)",
                                                "Rows Removed by Filter": 11
                                              },
                                              {
                                                "Node Type": "Index Scan",
                                                "Parent Relationship": "Inner",
                                                "Parallel Aware": false,
                                                "Scan Direction": "Forward",
                                                "Index Name": "role_id_cast_info",
                                                "Relation Name": "cast_info",
                                                "Alias": "ci",
                                                "Startup Cost": 0.56,
                                                "Total Cost": 114576.53,
                                                "Plan Rows": 3293541,
                                                "Plan Width": 12,
                                                "Actual Startup Time": 0.118,
                                                "Actual Total Time": 1109.77,
                                                "Actual Rows": 7451973,
                                                "Actual Loops": 2,
                                                "Index Cond": "(role_id = rt.id)",
                                                "Rows Removed by Index Recheck": 0
                                              }
                                            ]
                                          }
                                        ]
                                      }
                                    ]
                                  }
                                ]
                              }
                            ]
                          },
                          {
                            "Node Type": "Hash",
                            "Parent Relationship": "Inner",
                            "Parallel Aware": true,
                            "Startup Cost": 4722.92,
                            "Total Cost": 4722.92,
                            "Plan Rows": 1350,
                            "Plan Width": 4,
                            "Actual Startup Time": 27.911,
                            "Actual Total Time": 27.912,
                            "Actual Rows": 1170,
                            "Actual Loops": 2,
                            "Hash Buckets": 4096,
                            "Original Hash Buckets": 4096,
                            "Hash Batches": 1,
                            "Original Hash Batches": 1,
                            "Peak Memory Usage": 160,
                            "Plans": [
                              {
                                "Node Type": "Seq Scan",
                                "Parent Relationship": "Outer",
                                "Parallel Aware": true,
                                "Relation Name": "company_name",
                                "Alias": "cn",
                                "Startup Cost": 0.0,
                                "Total Cost": 4722.92,
                                "Plan Rows": 1350,
                                "Plan Width": 4,
                                "Actual Startup Time": 0.049,
                                "Actual Total Time": 27.12,
                                "Actual Rows": 1170,
                                "Actual Loops": 2,
                                "Filter": "((country_code)::text = '[nl]'::text)",
                                "Rows Removed by Filter": 116328
                              }
                            ]
                          }
                        ]
                      },
                      {
                        "Node Type": "Index Only Scan",
                        "Parent Relationship": "Inner",
                        "Parallel Aware": false,
                        "Scan Direction": "Forward",
                        "Index Name": "name_pkey",
                        "Relation Name": "name",
                        "Alias": "n1",
                        "Startup Cost": 0.43,
                        "Total Cost": 0.46,
                        "Plan Rows": 1,
                        "Plan Width": 4,
                        "Actual Startup Time": 0.003,
                        "Actual Total Time": 0.003,
                        "Actual Rows": 1,
                        "Actual Loops": 504107,
                        "Index Cond": "(id = ci.person_id)",
                        "Rows Removed by Index Recheck": 0,
                        "Heap Fetches": 504107
                      }
                    ]
                  },
                  {
                    "Node Type": "Index Scan",
                    "Parent Relationship": "Inner",
                    "Parallel Aware": false,
                    "Scan Direction": "Forward",
                    "Index Name": "person_id_aka_name",
                    "Relation Name": "aka_name",
                    "Alias": "an1",
                    "Startup Cost": 0.42,
                    "Total Cost": 0.46,
                    "Plan Rows": 2,
                    "Plan Width": 20,
                    "Actual Startup Time": 0.002,
                    "Actual Total Time": 0.002,
                    "Actual Rows": 1,
                    "Actual Loops": 504107,
                    "Index Cond": "(person_id = ci.person_id)",
                    "Rows Removed by Index Recheck": 0
                  }
                ]
              }
            ]
          }
        ]
      }
    ]
  },
  "Planning Time": 2.024,
  "Triggers": [],
  "Execution Time": 11264.482
}