[
    {
        "Bao": {
            "Bao prediction": "NaN",
            "Bao recommended hint": "(no hint)"
        }
    },
    {
        "Plan": {
            "Node Type": "Aggregate",
            "Strategy": "Plain",
            "Partial Mode": "Finalize",
            "Parallel Aware": false,
            "Startup Cost": 318438.67,
            "Total Cost": 318438.68,
            "Plan Rows": 1,
            "Plan Width": 8,
            "Actual Startup Time": 268.59,
            "Actual Total Time": 276.013,
            "Actual Rows": 1,
            "Actual Loops": 1,
            "Output": [
                "count(*)"
            ],
            "Plans": [
                {
                    "Node Type": "Gather",
                    "Parent Relationship": "Outer",
                    "Parallel Aware": false,
                    "Startup Cost": 318438.05,
                    "Total Cost": 318438.66,
                    "Plan Rows": 6,
                    "Plan Width": 8,
                    "Actual Startup Time": 267.762,
                    "Actual Total Time": 276.006,
                    "Actual Rows": 7,
                    "Actual Loops": 1,
                    "Output": [
                        "(PARTIAL count(*))"
                    ],
                    "Workers Planned": 6,
                    "Workers Launched": 6,
                    "Single Copy": false,
                    "Plans": [
                        {
                            "Node Type": "Aggregate",
                            "Strategy": "Plain",
                            "Partial Mode": "Partial",
                            "Parent Relationship": "Outer",
                            "Parallel Aware": false,
                            "Startup Cost": 317438.05,
                            "Total Cost": 317438.06,
                            "Plan Rows": 1,
                            "Plan Width": 8,
                            "Actual Startup Time": 257.205,
                            "Actual Total Time": 257.206,
                            "Actual Rows": 1,
                            "Actual Loops": 7,
                            "Output": [
                                "PARTIAL count(*)"
                            ],
                            "Workers": [
                                {
                                    "Worker Number": 0,
                                    "Actual Startup Time": 254.927,
                                    "Actual Total Time": 254.928,
                                    "Actual Rows": 1,
                                    "Actual Loops": 1
                                },
                                {
                                    "Worker Number": 1,
                                    "Actual Startup Time": 255.046,
                                    "Actual Total Time": 255.047,
                                    "Actual Rows": 1,
                                    "Actual Loops": 1
                                },
                                {
                                    "Worker Number": 2,
                                    "Actual Startup Time": 254.997,
                                    "Actual Total Time": 254.999,
                                    "Actual Rows": 1,
                                    "Actual Loops": 1
                                },
                                {
                                    "Worker Number": 3,
                                    "Actual Startup Time": 255.708,
                                    "Actual Total Time": 255.71,
                                    "Actual Rows": 1,
                                    "Actual Loops": 1
                                },
                                {
                                    "Worker Number": 4,
                                    "Actual Startup Time": 256.157,
                                    "Actual Total Time": 256.159,
                                    "Actual Rows": 1,
                                    "Actual Loops": 1
                                },
                                {
                                    "Worker Number": 5,
                                    "Actual Startup Time": 256.295,
                                    "Actual Total Time": 256.296,
                                    "Actual Rows": 1,
                                    "Actual Loops": 1
                                }
                            ],
                            "Plans": [
                                {
                                    "Node Type": "Bitmap Heap Scan",
                                    "Parent Relationship": "Outer",
                                    "Parallel Aware": true,
                                    "Relation Name": "cast_info",
                                    "Schema": "public",
                                    "Alias": "ci",
                                    "Startup Cost": 57506.8,
                                    "Total Cost": 316732.0,
                                    "Plan Rows": 282421,
                                    "Plan Width": 0,
                                    "Actual Startup Time": 107.114,
                                    "Actual Total Time": 235.727,
                                    "Actual Rows": 381757,
                                    "Actual Loops": 7,
                                    "Recheck Cond": "(ci.person_id > 3547719)",
                                    "Rows Removed by Index Recheck": 0,
                                    "Filter": "(ci.role_id > 1)",
                                    "Rows Removed by Filter": 0,
                                    "Exact Heap Blocks": 9036,
                                    "Lossy Heap Blocks": 0,
                                    "Workers": [
                                        {
                                            "Worker Number": 0,
                                            "Actual Startup Time": 105.044,
                                            "Actual Total Time": 233.77,
                                            "Actual Rows": 281218,
                                            "Actual Loops": 1
                                        },
                                        {
                                            "Worker Number": 1,
                                            "Actual Startup Time": 104.865,
                                            "Actual Total Time": 233.829,
                                            "Actual Rows": 279824,
                                            "Actual Loops": 1
                                        },
                                        {
                                            "Worker Number": 2,
                                            "Actual Startup Time": 104.954,
                                            "Actual Total Time": 234.818,
                                            "Actual Rows": 396136,
                                            "Actual Loops": 1
                                        },
                                        {
                                            "Worker Number": 3,
                                            "Actual Startup Time": 105.941,
                                            "Actual Total Time": 234.047,
                                            "Actual Rows": 278976,
                                            "Actual Loops": 1
                                        },
                                        {
                                            "Worker Number": 4,
                                            "Actual Startup Time": 106.026,
                                            "Actual Total Time": 235.718,
                                            "Actual Rows": 412541,
                                            "Actual Loops": 1
                                        },
                                        {
                                            "Worker Number": 5,
                                            "Actual Startup Time": 106.163,
                                            "Actual Total Time": 236.235,
                                            "Actual Rows": 399316,
                                            "Actual Loops": 1
                                        }
                                    ],
                                    "Plans": [
                                        {
                                            "Node Type": "Bitmap Index Scan",
                                            "Parent Relationship": "Outer",
                                            "Parallel Aware": false,
                                            "Index Name": "person_id_cast_info",
                                            "Startup Cost": 0.0,
                                            "Total Cost": 57083.17,
                                            "Plan Rows": 2615280,
                                            "Plan Width": 0,
                                            "Actual Startup Time": 110.836,
                                            "Actual Total Time": 110.836,
                                            "Actual Rows": 2672301,
                                            "Actual Loops": 1,
                                            "Index Cond": "(ci.person_id > 3547719)"
                                        }
                                    ]
                                }
                            ]
                        }
                    ]
                }
            ]
        },
        "Planning Time": 181.331,
        "Triggers": [],
        "Execution Time": 276.077
    }
]