[
  {
    "Plan": {
      "Node Type": "Aggregate",
      "Strategy": "Plain",
      "Partial Mode": "Finalize",
      "Parallel Aware": false,
      "Startup Cost": 392175.58,
      "Total Cost": 392175.59,
      "Plan Rows": 1,
      "Plan Width": 8,
      "Actual Startup Time": 791.306,
      "Actual Total Time": 857.901,
      "Actual Rows": 1,
      "Actual Loops": 1,
      "Plans": [
        {
          "Node Type": "Gather",
          "Parent Relationship": "Outer",
          "Parallel Aware": false,
          "Startup Cost": 392174.95,
          "Total Cost": 392175.56,
          "Plan Rows": 6,
          "Plan Width": 8,
          "Actual Startup Time": 789.448,
          "Actual Total Time": 857.887,
          "Actual Rows": 7,
          "Actual Loops": 1,
          "Workers Planned": 6,
          "Workers Launched": 6,
          "Single Copy": false,
          "Plans": [
            {
              "Node Type": "Aggregate",
              "Strategy": "Plain",
              "Partial Mode": "Partial",
              "Parent Relationship": "Outer",
              "Parallel Aware": false,
              "Startup Cost": 391174.95,
              "Total Cost": 391174.96,
              "Plan Rows": 1,
              "Plan Width": 8,
              "Actual Startup Time": 779.05,
              "Actual Total Time": 779.053,
              "Actual Rows": 1,
              "Actual Loops": 7,
              "Plans": [
                {
                  "Node Type": "Hash Join",
                  "Parent Relationship": "Outer",
                  "Parallel Aware": true,
                  "Join Type": "Inner",
                  "Startup Cost": 46045.95,
                  "Total Cost": 391055.23,
                  "Plan Rows": 47891,
                  "Plan Width": 0,
                  "Actual Startup Time": 86.268,
                  "Actual Total Time": 776.737,
                  "Actual Rows": 43204,
                  "Actual Loops": 7,
                  "Inner Unique": true,
                  "Hash Cond": "(ci.movie_id = t.id)",
                  "Plans": [
                    {
                      "Node Type": "Seq Scan",
                      "Parent Relationship": "Outer",
                      "Parallel Aware": true,
                      "Relation Name": "cast_info",
                      "Alias": "ci",
                      "Startup Cost": 0.0,
                      "Total Cost": 343257.03,
                      "Plan Rows": 667523,
                      "Plan Width": 4,
                      "Actual Startup Time": 0.027,
                      "Actual Total Time": 592.041,
                      "Actual Rows": 645529,
                      "Actual Loops": 7,
                      "Filter": "((person_id < 458088) AND (role_id < 10))",
                      "Rows Removed by Filter": 4532235
                    },
                    {
                      "Node Type": "Hash",
                      "Parent Relationship": "Inner",
                      "Parallel Aware": true,
                      "Startup Cost": 45479.1,
                      "Total Cost": 45479.1,
                      "Plan Rows": 45348,
                      "Plan Width": 4,
                      "Actual Startup Time": 84.249,
                      "Actual Total Time": 84.25,
                      "Actual Rows": 23053,
                      "Actual Loops": 7,
                      "Hash Buckets": 262144,
                      "Original Hash Buckets": 262144,
                      "Hash Batches": 1,
                      "Original Hash Batches": 1,
                      "Peak Memory Usage": 8448,
                      "Plans": [
                        {
                          "Node Type": "Seq Scan",
                          "Parent Relationship": "Outer",
                          "Parallel Aware": true,
                          "Relation Name": "title",
                          "Alias": "t",
                          "Startup Cost": 0.0,
                          "Total Cost": 45479.1,
                          "Plan Rows": 45348,
                          "Plan Width": 4,
                          "Actual Startup Time": 0.082,
                          "Actual Total Time": 74.103,
                          "Actual Rows": 23053,
                          "Actual Loops": 7,
                          "Filter": "((kind_id < 4) AND (production_year > 2009))",
                          "Rows Removed by Filter": 338135
                        }
                      ]
                    }
                  ]
                }
              ]
            }
          ]
        }
      ]
    },
    "Planning Time": 0.692,
    "Triggers": [],
    "Execution Time": 857.99
  }
]