[
  {
    "Plan": {
      "Node Type": "Aggregate",
      "Strategy": "Plain",
      "Partial Mode": "Finalize",
      "Parallel Aware": false,
      "Startup Cost": 248329.19,
      "Total Cost": 248329.2,
      "Plan Rows": 1,
      "Plan Width": 8,
      "Actual Startup Time": 353.706,
      "Actual Total Time": 383.655,
      "Actual Rows": 1,
      "Actual Loops": 1,
      "Plans": [
        {
          "Node Type": "Gather",
          "Parent Relationship": "Outer",
          "Parallel Aware": false,
          "Startup Cost": 248328.57,
          "Total Cost": 248329.18,
          "Plan Rows": 6,
          "Plan Width": 8,
          "Actual Startup Time": 353.011,
          "Actual Total Time": 383.644,
          "Actual Rows": 7,
          "Actual Loops": 1,
          "Workers Planned": 6,
          "Workers Launched": 6,
          "Single Copy": false,
          "Plans": [
            {
              "Node Type": "Aggregate",
              "Strategy": "Plain",
              "Partial Mode": "Partial",
              "Parent Relationship": "Outer",
              "Parallel Aware": false,
              "Startup Cost": 247328.57,
              "Total Cost": 247328.58,
              "Plan Rows": 1,
              "Plan Width": 8,
              "Actual Startup Time": 344.949,
              "Actual Total Time": 344.952,
              "Actual Rows": 1,
              "Actual Loops": 7,
              "Plans": [
                {
                  "Node Type": "Hash Join",
                  "Parent Relationship": "Outer",
                  "Parallel Aware": true,
                  "Join Type": "Inner",
                  "Startup Cost": 44237.27,
                  "Total Cost": 247281.39,
                  "Plan Rows": 18869,
                  "Plan Width": 0,
                  "Actual Startup Time": 231.305,
                  "Actual Total Time": 344.157,
                  "Actual Rows": 14755,
                  "Actual Loops": 7,
                  "Inner Unique": true,
                  "Hash Cond": "(ci.movie_id = t.id)",
                  "Plans": [
                    {
                      "Node Type": "Index Scan",
                      "Parent Relationship": "Outer",
                      "Parallel Aware": true,
                      "Scan Direction": "Forward",
                      "Index Name": "role_id_cast_info",
                      "Relation Name": "cast_info",
                      "Alias": "ci",
                      "Startup Cost": 0.56,
                      "Total Cost": 201884.69,
                      "Plan Rows": 441902,
                      "Plan Width": 4,
                      "Actual Startup Time": 150.606,
                      "Actual Total Time": 216.751,
                      "Actual Rows": 310830,
                      "Actual Loops": 7,
                      "Index Cond": "(role_id = 2)",
                      "Rows Removed by Index Recheck": 0,
                      "Filter": "(person_id > 2418187)",
                      "Rows Removed by Filter": 753737
                    },
                    {
                      "Node Type": "Hash",
                      "Parent Relationship": "Inner",
                      "Parallel Aware": true,
                      "Startup Cost": 43899.32,
                      "Total Cost": 43899.32,
                      "Plan Rows": 26991,
                      "Plan Width": 4,
                      "Actual Startup Time": 79.187,
                      "Actual Total Time": 79.188,
                      "Actual Rows": 15490,
                      "Actual Loops": 7,
                      "Hash Buckets": 131072,
                      "Original Hash Buckets": 131072,
                      "Hash Batches": 1,
                      "Original Hash Batches": 1,
                      "Peak Memory Usage": 5376,
                      "Plans": [
                        {
                          "Node Type": "Seq Scan",
                          "Parent Relationship": "Outer",
                          "Parallel Aware": true,
                          "Relation Name": "title",
                          "Alias": "t",
                          "Startup Cost": 0.0,
                          "Total Cost": 43899.32,
                          "Plan Rows": 26991,
                          "Plan Width": 4,
                          "Actual Startup Time": 0.037,
                          "Actual Total Time": 71.505,
                          "Actual Rows": 15490,
                          "Actual Loops": 7,
                          "Filter": "(production_year = 2006)",
                          "Rows Removed by Filter": 345698
                        }
                      ]
                    }
                  ]
                }
              ]
            }
          ]
        }
      ]
    },
    "Planning Time": 0.661,
    "Triggers": [],
    "Execution Time": 383.737
  }
]