[
  {
    "Plan": {
      "Node Type": "Aggregate",
      "Strategy": "Plain",
      "Partial Mode": "Finalize",
      "Parallel Aware": false,
      "Startup Cost": 397911.3,
      "Total Cost": 397911.31,
      "Plan Rows": 1,
      "Plan Width": 8,
      "Actual Startup Time": 3229.092,
      "Actual Total Time": 3322.505,
      "Actual Rows": 1,
      "Actual Loops": 1,
      "Plans": [
        {
          "Node Type": "Gather",
          "Parent Relationship": "Outer",
          "Parallel Aware": false,
          "Startup Cost": 397910.78,
          "Total Cost": 397911.29,
          "Plan Rows": 5,
          "Plan Width": 8,
          "Actual Startup Time": 3225.15,
          "Actual Total Time": 3322.494,
          "Actual Rows": 6,
          "Actual Loops": 1,
          "Workers Planned": 5,
          "Workers Launched": 5,
          "Single Copy": false,
          "Plans": [
            {
              "Node Type": "Aggregate",
              "Strategy": "Plain",
              "Partial Mode": "Partial",
              "Parent Relationship": "Outer",
              "Parallel Aware": false,
              "Startup Cost": 396910.78,
              "Total Cost": 396910.79,
              "Plan Rows": 1,
              "Plan Width": 8,
              "Actual Startup Time": 3214.555,
              "Actual Total Time": 3214.558,
              "Actual Rows": 1,
              "Actual Loops": 6,
              "Plans": [
                {
                  "Node Type": "Nested Loop",
                  "Parent Relationship": "Outer",
                  "Parallel Aware": false,
                  "Join Type": "Inner",
                  "Startup Cost": 89977.52,
                  "Total Cost": 396181.56,
                  "Plan Rows": 291686,
                  "Plan Width": 0,
                  "Actual Startup Time": 321.983,
                  "Actual Total Time": 3203.974,
                  "Actual Rows": 167199,
                  "Actual Loops": 6,
                  "Inner Unique": false,
                  "Plans": [
                    {
                      "Node Type": "Merge Join",
                      "Parent Relationship": "Outer",
                      "Parallel Aware": false,
                      "Join Type": "Inner",
                      "Startup Cost": 89976.96,
                      "Total Cost": 184821.14,
                      "Plan Rows": 101954,
                      "Plan Width": 8,
                      "Actual Startup Time": 321.089,
                      "Actual Total Time": 753.022,
                      "Actual Rows": 86813,
                      "Actual Loops": 6,
                      "Inner Unique": false,
                      "Merge Cond": "(t.id = mk.movie_id)",
                      "Plans": [
                        {
                          "Node Type": "Index Only Scan",
                          "Parent Relationship": "Outer",
                          "Parallel Aware": true,
                          "Scan Direction": "Forward",
                          "Index Name": "title_pkey",
                          "Relation Name": "title",
                          "Alias": "t",
                          "Startup Cost": 0.43,
                          "Total Cost": 90113.62,
                          "Plan Rows": 505659,
                          "Plan Width": 4,
                          "Actual Startup Time": 0.277,
                          "Actual Total Time": 335.498,
                          "Actual Rows": 420965,
                          "Actual Loops": 6,
                          "Heap Fetches": 2525791
                        },
                        {
                          "Node Type": "Sort",
                          "Parent Relationship": "Inner",
                          "Parallel Aware": false,
                          "Startup Cost": 89966.41,
                          "Total Cost": 91240.84,
                          "Plan Rows": 509772,
                          "Plan Width": 4,
                          "Actual Startup Time": 320.585,
                          "Actual Total Time": 350.281,
                          "Actual Rows": 520878,
                          "Actual Loops": 6,
                          "Sort Key": [
                            "mk.movie_id"
                          ],
                          "Sort Method": "quicksort",
                          "Sort Space Used": 36705,
                          "Sort Space Type": "Memory",
                          "Workers": [
                            {
                              "Worker Number": 0,
                              "Sort Method": "quicksort",
                              "Sort Space Used": 36705,
                              "Sort Space Type": "Memory"
                            },
                            {
                              "Worker Number": 1,
                              "Sort Method": "quicksort",
                              "Sort Space Used": 36705,
                              "Sort Space Type": "Memory"
                            },
                            {
                              "Worker Number": 2,
                              "Sort Method": "quicksort",
                              "Sort Space Used": 36705,
                              "Sort Space Type": "Memory"
                            },
                            {
                              "Worker Number": 3,
                              "Sort Method": "quicksort",
                              "Sort Space Used": 36705,
                              "Sort Space Type": "Memory"
                            },
                            {
                              "Worker Number": 4,
                              "Sort Method": "quicksort",
                              "Sort Space Used": 36705,
                              "Sort Space Type": "Memory"
                            }
                          ],
                          "Plans": [
                            {
                              "Node Type": "Bitmap Heap Scan",
                              "Parent Relationship": "Outer",
                              "Parallel Aware": false,
                              "Relation Name": "movie_keyword",
                              "Alias": "mk",
                              "Startup Cost": 10815.17,
                              "Total Cost": 41641.32,
                              "Plan Rows": 509772,
                              "Plan Width": 4,
                              "Actual Startup Time": 53.513,
                              "Actual Total Time": 200.538,
                              "Actual Rows": 520878,
                              "Actual Loops": 6,
                              "Recheck Cond": "(keyword_id < 382)",
                              "Rows Removed by Index Recheck": 0,
                              "Exact Heap Blocks": 24274,
                              "Lossy Heap Blocks": 0,
                              "Plans": [
                                {
                                  "Node Type": "Bitmap Index Scan",
                                  "Parent Relationship": "Outer",
                                  "Parallel Aware": false,
                                  "Index Name": "keyword_id_movie_keyword",
                                  "Startup Cost": 0.0,
                                  "Total Cost": 10687.72,
                                  "Plan Rows": 509772,
                                  "Plan Width": 0,
                                  "Actual Startup Time": 49.869,
                                  "Actual Total Time": 49.87,
                                  "Actual Rows": 520878,
                                  "Actual Loops": 6,
                                  "Index Cond": "(keyword_id < 382)"
                                }
                              ]
                            }
                          ]
                        }
                      ]
                    },
                    {
                      "Node Type": "Index Scan",
                      "Parent Relationship": "Inner",
                      "Parallel Aware": false,
                      "Scan Direction": "Forward",
                      "Index Name": "movie_id_cast_info",
                      "Relation Name": "cast_info",
                      "Alias": "ci",
                      "Startup Cost": 0.56,
                      "Total Cost": 2.0,
                      "Plan Rows": 7,
                      "Plan Width": 4,
                      "Actual Startup Time": 0.015,
                      "Actual Total Time": 0.028,
                      "Actual Rows": 2,
                      "Actual Loops": 520878,
                      "Index Cond": "(movie_id = t.id)",
                      "Rows Removed by Index Recheck": 0,
                      "Filter": "((person_id > 1496278) AND (role_id = 1))",
                      "Rows Removed by Filter": 37
                    }
                  ]
                }
              ]
            }
          ]
        }
      ]
    },
    "Planning Time": 1.426,
    "Triggers": [],
    "Execution Time": 3327.34
  }
]