[
  {
    "Plan": {
      "Node Type": "Aggregate",
      "Strategy": "Plain",
      "Partial Mode": "Finalize",
      "Parallel Aware": false,
      "Startup Cost": 526705.05,
      "Total Cost": 526705.06,
      "Plan Rows": 1,
      "Plan Width": 64,
      "Actual Startup Time": 2360.747,
      "Actual Total Time": 2475.674,
      "Actual Rows": 1,
      "Actual Loops": 1,
      "Plans": [
        {
          "Node Type": "Gather",
          "Parent Relationship": "Outer",
          "Parallel Aware": false,
          "Startup Cost": 526704.41,
          "Total Cost": 526705.02,
          "Plan Rows": 6,
          "Plan Width": 32,
          "Actual Startup Time": 2355.676,
          "Actual Total Time": 2475.663,
          "Actual Rows": 7,
          "Actual Loops": 1,
          "Workers Planned": 6,
          "Workers Launched": 6,
          "Single Copy": false,
          "Plans": [
            {
              "Node Type": "Aggregate",
              "Strategy": "Plain",
              "Partial Mode": "Partial",
              "Parent Relationship": "Outer",
              "Parallel Aware": false,
              "Startup Cost": 525704.41,
              "Total Cost": 525704.42,
              "Plan Rows": 1,
              "Plan Width": 32,
              "Actual Startup Time": 2343.01,
              "Actual Total Time": 2343.03,
              "Actual Rows": 1,
              "Actual Loops": 7,
              "Plans": [
                {
                  "Node Type": "Hash Join",
                  "Parent Relationship": "Outer",
                  "Parallel Aware": true,
                  "Join Type": "Inner",
                  "Startup Cost": 194498.46,
                  "Total Cost": 525704.41,
                  "Plan Rows": 2,
                  "Plan Width": 15,
                  "Actual Startup Time": 1154.044,
                  "Actual Total Time": 2342.165,
                  "Actual Rows": 4485,
                  "Actual Loops": 7,
                  "Inner Unique": false,
                  "Hash Cond": "(ci.movie_id = t.id)",
                  "Plans": [
                    {
                      "Node Type": "Hash Join",
                      "Parent Relationship": "Outer",
                      "Parallel Aware": true,
                      "Join Type": "Inner",
                      "Startup Cost": 69951.0,
                      "Total Cost": 398869.75,
                      "Plan Rows": 609915,
                      "Plan Width": 19,
                      "Actual Startup Time": 573.781,
                      "Actual Total Time": 1701.047,
                      "Actual Rows": 499056,
                      "Actual Loops": 7,
                      "Inner Unique": true,
                      "Hash Cond": "(ci.person_id = n.id)",
                      "Plans": [
                        {
                          "Node Type": "Seq Scan",
                          "Parent Relationship": "Outer",
                          "Parallel Aware": true,
                          "Relation Name": "cast_info",
                          "Alias": "ci",
                          "Startup Cost": 0.0,
                          "Total Cost": 313068.58,
                          "Plan Rows": 6038158,
                          "Plan Width": 8,
                          "Actual Startup Time": 0.016,
                          "Actual Total Time": 776.105,
                          "Actual Rows": 5177763,
                          "Actual Loops": 7
                        },
                        {
                          "Node Type": "Hash",
                          "Parent Relationship": "Inner",
                          "Parallel Aware": true,
                          "Startup Cost": 68635.58,
                          "Total Cost": 68635.58,
                          "Plan Rows": 105233,
                          "Plan Width": 19,
                          "Actual Startup Time": 175.346,
                          "Actual Total Time": 175.347,
                          "Actual Rows": 57895,
                          "Actual Loops": 7,
                          "Hash Buckets": 524288,
                          "Original Hash Buckets": 524288,
                          "Hash Batches": 1,
                          "Original Hash Batches": 1,
                          "Peak Memory Usage": 26304,
                          "Plans": [
                            {
                              "Node Type": "Seq Scan",
                              "Parent Relationship": "Outer",
                              "Parallel Aware": true,
                              "Relation Name": "name",
                              "Alias": "n",
                              "Startup Cost": 0.0,
                              "Total Cost": 68635.58,
                              "Plan Rows": 105233,
                              "Plan Width": 19,
                              "Actual Startup Time": 45.001,
                              "Actual Total Time": 131.244,
                              "Actual Rows": 57895,
                              "Actual Loops": 7,
                              "Filter": "(name ~~ 'S%'::text)",
                              "Rows Removed by Filter": 537461
                            }
                          ]
                        }
                      ]
                    },
                    {
                      "Node Type": "Hash",
                      "Parent Relationship": "Inner",
                      "Parallel Aware": true,
                      "Startup Cost": 124547.44,
                      "Total Cost": 124547.44,
                      "Plan Rows": 2,
                      "Plan Width": 12,
                      "Actual Startup Time": 578.961,
                      "Actual Total Time": 578.977,
                      "Actual Rows": 1123,
                      "Actual Loops": 7,
                      "Hash Buckets": 8192,
                      "Original Hash Buckets": 1024,
                      "Hash Batches": 1,
                      "Original Hash Batches": 1,
                      "Peak Memory Usage": 664,
                      "Plans": [
                        {
                          "Node Type": "Hash Join",
                          "Parent Relationship": "Outer",
                          "Parallel Aware": true,
                          "Join Type": "Inner",
                          "Startup Cost": 79858.75,
                          "Total Cost": 124547.44,
                          "Plan Rows": 2,
                          "Plan Width": 12,
                          "Actual Startup Time": 398.981,
                          "Actual Total Time": 529.508,
                          "Actual Rows": 1123,
                          "Actual Loops": 7,
                          "Inner Unique": false,
                          "Hash Cond": "(t.id = mk.movie_id)",
                          "Plans": [
                            {
                              "Node Type": "Seq Scan",
                              "Parent Relationship": "Outer",
                              "Parallel Aware": true,
                              "Relation Name": "title",
                              "Alias": "t",
                              "Startup Cost": 0.0,
                              "Total Cost": 42318.49,
                              "Plan Rows": 632049,
                              "Plan Width": 4,
                              "Actual Startup Time": 0.026,
                              "Actual Total Time": 76.463,
                              "Actual Rows": 361187,
                              "Actual Loops": 7
                            },
                            {
                              "Node Type": "Hash",
                              "Parent Relationship": "Inner",
                              "Parallel Aware": true,
                              "Startup Cost": 79858.71,
                              "Total Cost": 79858.71,
                              "Plan Rows": 3,
                              "Plan Width": 8,
                              "Actual Startup Time": 397.702,
                              "Actual Total Time": 397.715,
                              "Actual Rows": 1123,
                              "Actual Loops": 7,
                              "Hash Buckets": 8192,
                              "Original Hash Buckets": 1024,
                              "Hash Batches": 1,
                              "Original Hash Batches": 1,
                              "Peak Memory Usage": 600,
                              "Plans": [
                                {
                                  "Node Type": "Hash Join",
                                  "Parent Relationship": "Outer",
                                  "Parallel Aware": true,
                                  "Join Type": "Inner",
                                  "Startup Cost": 50303.59,
                                  "Total Cost": 79858.71,
                                  "Plan Rows": 3,
                                  "Plan Width": 8,
                                  "Actual Startup Time": 257.406,
                                  "Actual Total Time": 365.981,
                                  "Actual Rows": 1123,
                                  "Actual Loops": 7,
                                  "Inner Unique": false,
                                  "Hash Cond": "(mc.movie_id = mk.movie_id)",
                                  "Plans": [
                                    {
                                      "Node Type": "Hash Join",
                                      "Parent Relationship": "Outer",
                                      "Parallel Aware": true,
                                      "Join Type": "Inner",
                                      "Startup Cost": 4799.12,
                                      "Total Cost": 34215.05,
                                      "Plan Rows": 37116,
                                      "Plan Width": 4,
                                      "Actual Startup Time": 11.683,
                                      "Actual Total Time": 116.714,
                                      "Actual Rows": 17768,
                                      "Actual Loops": 7,
                                      "Inner Unique": true,
                                      "Hash Cond": "(mc.company_id = cn.id)",
                                      "Plans": [
                                        {
                                          "Node Type": "Seq Scan",
                                          "Parent Relationship": "Outer",
                                          "Parallel Aware": true,
                                          "Relation Name": "movie_companies",
                                          "Alias": "mc",
                                          "Startup Cost": 0.0,
                                          "Total Cost": 27206.55,
                                          "Plan Rows": 841655,
                                          "Plan Width": 8,
                                          "Actual Startup Time": 0.025,
                                          "Actual Total Time": 55.367,
                                          "Actual Rows": 372733,
                                          "Actual Loops": 7
                                        },
                                        {
                                          "Node Type": "Hash",
                                          "Parent Relationship": "Inner",
                                          "Parallel Aware": true,
                                          "Startup Cost": 4722.92,
                                          "Total Cost": 4722.92,
                                          "Plan Rows": 6096,
                                          "Plan Width": 4,
                                          "Actual Startup Time": 11.403,
                                          "Actual Total Time": 11.407,
                                          "Actual Rows": 1485,
                                          "Actual Loops": 7,
                                          "Hash Buckets": 16384,
                                          "Original Hash Buckets": 16384,
                                          "Hash Batches": 1,
                                          "Original Hash Batches": 1,
                                          "Peak Memory Usage": 608,
                                          "Plans": [
                                            {
                                              "Node Type": "Seq Scan",
                                              "Parent Relationship": "Outer",
                                              "Parallel Aware": true,
                                              "Relation Name": "company_name",
                                              "Alias": "cn",
                                              "Startup Cost": 0.0,
                                              "Total Cost": 4722.92,
                                              "Plan Rows": 6096,
                                              "Plan Width": 4,
                                              "Actual Startup Time": 0.039,
                                              "Actual Total Time": 9.868,
                                              "Actual Rows": 1485,
                                              "Actual Loops": 7,
                                              "Filter": "((country_code)::text = '[fr]'::text)",
                                              "Rows Removed by Filter": 32086
                                            }
                                          ]
                                        }
                                      ]
                                    },
                                    {
                                      "Node Type": "Hash",
                                      "Parent Relationship": "Inner",
                                      "Parallel Aware": true,
                                      "Startup Cost": 45504.33,
                                      "Total Cost": 45504.33,
                                      "Plan Rows": 11,
                                      "Plan Width": 4,
                                      "Actual Startup Time": 244.906,
                                      "Actual Total Time": 244.91,
                                      "Actual Rows": 5977,
                                      "Actual Loops": 7,
                                      "Hash Buckets": 65536,
                                      "Original Hash Buckets": 1024,
                                      "Hash Batches": 1,
                                      "Original Hash Batches": 1,
                                      "Peak Memory Usage": 2744,
                                      "Plans": [
                                        {
                                          "Node Type": "Hash Join",
                                          "Parent Relationship": "Outer",
                                          "Parallel Aware": false,
                                          "Join Type": "Inner",
                                          "Startup Cost": 2626.14,
                                          "Total Cost": 45504.33,
                                          "Plan Rows": 11,
                                          "Plan Width": 4,
                                          "Actual Startup Time": 28.131,
                                          "Actual Total Time": 189.727,
                                          "Actual Rows": 5977,
                                          "Actual Loops": 7,
                                          "Inner Unique": true,
                                          "Hash Cond": "(mk.keyword_id = k.id)",
                                          "Plans": [
                                            {
                                              "Node Type": "Seq Scan",
                                              "Parent Relationship": "Outer",
                                              "Parallel Aware": true,
                                              "Relation Name": "movie_keyword",
                                              "Alias": "mk",
                                              "Startup Cost": 0.0,
                                              "Total Cost": 39047.32,
                                              "Plan Rows": 1459332,
                                              "Plan Width": 8,
                                              "Actual Startup Time": 0.068,
                                              "Actual Total Time": 95.586,
                                              "Actual Rows": 646276,
                                              "Actual Loops": 7
                                            },
                                            {
                                              "Node Type": "Hash",
                                              "Parent Relationship": "Inner",
                                              "Parallel Aware": false,
                                              "Startup Cost": 2626.12,
                                              "Total Cost": 2626.12,
                                              "Plan Rows": 1,
                                              "Plan Width": 4,
                                              "Actual Startup Time": 27.973,
                                              "Actual Total Time": 27.974,
                                              "Actual Rows": 1,
                                              "Actual Loops": 7,
                                              "Hash Buckets": 1024,
                                              "Original Hash Buckets": 1024,
                                              "Hash Batches": 1,
                                              "Original Hash Batches": 1,
                                              "Peak Memory Usage": 9,
                                              "Plans": [
                                                {
                                                  "Node Type": "Seq Scan",
                                                  "Parent Relationship": "Outer",
                                                  "Parallel Aware": false,
                                                  "Relation Name": "keyword",
                                                  "Alias": "k",
                                                  "Startup Cost": 0.0,
                                                  "Total Cost": 2626.12,
                                                  "Plan Rows": 1,
                                                  "Plan Width": 4,
                                                  "Actual Startup Time": 2.372,
                                                  "Actual Total Time": 27.937,
                                                  "Actual Rows": 1,
                                                  "Actual Loops": 7,
                                                  "Filter": "(keyword = 'character-name-in-title'::text)",
                                                  "Rows Removed by Filter": 134169
                                                }
                                              ]
                                            }
                                          ]
                                        }
                                      ]
                                    }
                                  ]
                                }
                              ]
                            }
                          ]
                        }
                      ]
                    }
                  ]
                }
              ]
            }
          ]
        }
      ]
    },
    "Planning Time": 7.377,
    "Triggers": [],
    "Execution Time": 2476.041
  }
]