[
  {
    "Plan": {
      "Node Type": "Aggregate",
      "Strategy": "Plain",
      "Partial Mode": "Finalize",
      "Parallel Aware": false,
      "Startup Cost": 44794.52,
      "Total Cost": 44794.53,
      "Plan Rows": 1,
      "Plan Width": 8,
      "Actual Startup Time": 126.957,
      "Actual Total Time": 136.681,
      "Actual Rows": 1,
      "Actual Loops": 1,
      "Plans": [
        {
          "Node Type": "Gather",
          "Parent Relationship": "Outer",
          "Parallel Aware": false,
          "Startup Cost": 44794.2,
          "Total Cost": 44794.51,
          "Plan Rows": 3,
          "Plan Width": 8,
          "Actual Startup Time": 126.845,
          "Actual Total Time": 136.674,
          "Actual Rows": 4,
          "Actual Loops": 1,
          "Workers Planned": 3,
          "Workers Launched": 3,
          "Single Copy": false,
          "Plans": [
            {
              "Node Type": "Aggregate",
              "Strategy": "Plain",
              "Partial Mode": "Partial",
              "Parent Relationship": "Outer",
              "Parallel Aware": false,
              "Startup Cost": 43794.2,
              "Total Cost": 43794.21,
              "Plan Rows": 1,
              "Plan Width": 8,
              "Actual Startup Time": 119.779,
              "Actual Total Time": 119.78,
              "Actual Rows": 1,
              "Actual Loops": 4,
              "Plans": [
                {
                  "Node Type": "Seq Scan",
                  "Parent Relationship": "Outer",
                  "Parallel Aware": true,
                  "Relation Name": "movie_keyword",
                  "Alias": "mk",
                  "Startup Cost": 0.0,
                  "Total Cost": 42695.65,
                  "Plan Rows": 439418,
                  "Plan Width": 0,
                  "Actual Startup Time": 0.055,
                  "Actual Total Time": 103.197,
                  "Actual Rows": 341845,
                  "Actual Loops": 4,
                  "Filter": "(keyword_id < 1799)",
                  "Rows Removed by Filter": 789138
                }
              ]
            }
          ]
        }
      ]
    },
    "Planning Time": 0.207,
    "Triggers": [],
    "Execution Time": 136.734
  }
]