[
  {
    "Plan": {
      "Node Type": "Aggregate",
      "Strategy": "Plain",
      "Partial Mode": "Finalize",
      "Parallel Aware": false,
      "Startup Cost": 128807.54,
      "Total Cost": 128807.55,
      "Plan Rows": 1,
      "Plan Width": 8,
      "Actual Startup Time": 1252.967,
      "Actual Total Time": 1271.809,
      "Actual Rows": 1,
      "Actual Loops": 1,
      "Plans": [
        {
          "Node Type": "Gather",
          "Parent Relationship": "Outer",
          "Parallel Aware": false,
          "Startup Cost": 128807.22,
          "Total Cost": 128807.53,
          "Plan Rows": 3,
          "Plan Width": 8,
          "Actual Startup Time": 1237.715,
          "Actual Total Time": 1271.798,
          "Actual Rows": 4,
          "Actual Loops": 1,
          "Workers Planned": 3,
          "Workers Launched": 3,
          "Single Copy": false,
          "Plans": [
            {
              "Node Type": "Aggregate",
              "Strategy": "Plain",
              "Partial Mode": "Partial",
              "Parent Relationship": "Outer",
              "Parallel Aware": false,
              "Startup Cost": 127807.22,
              "Total Cost": 127807.23,
              "Plan Rows": 1,
              "Plan Width": 8,
              "Actual Startup Time": 1232.637,
              "Actual Total Time": 1232.643,
              "Actual Rows": 1,
              "Actual Loops": 4,
              "Plans": [
                {
                  "Node Type": "Hash Join",
                  "Parent Relationship": "Outer",
                  "Parallel Aware": true,
                  "Join Type": "Inner",
                  "Startup Cost": 78834.31,
                  "Total Cost": 127181.89,
                  "Plan Rows": 250132,
                  "Plan Width": 0,
                  "Actual Startup Time": 496.587,
                  "Actual Total Time": 1009.559,
                  "Actual Rows": 5338281,
                  "Actual Loops": 4,
                  "Inner Unique": false,
                  "Hash Cond": "(mk.movie_id = t.id)",
                  "Plans": [
                    {
                      "Node Type": "Seq Scan",
                      "Parent Relationship": "Outer",
                      "Parallel Aware": true,
                      "Relation Name": "movie_keyword",
                      "Alias": "mk",
                      "Startup Cost": 0.0,
                      "Total Cost": 42695.65,
                      "Plan Rows": 1292017,
                      "Plan Width": 4,
                      "Actual Startup Time": 0.027,
                      "Actual Total Time": 109.676,
                      "Actual Rows": 1001666,
                      "Actual Loops": 4,
                      "Filter": "(keyword_id < 35015)",
                      "Rows Removed by Filter": 129317
                    },
                    {
                      "Node Type": "Hash",
                      "Parent Relationship": "Inner",
                      "Parallel Aware": true,
                      "Startup Cost": 76860.53,
                      "Total Cost": 76860.53,
                      "Plan Rows": 157902,
                      "Plan Width": 8,
                      "Actual Startup Time": 458.143,
                      "Actual Total Time": 458.147,
                      "Actual Rows": 293904,
                      "Actual Loops": 4,
                      "Hash Buckets": 2097152,
                      "Original Hash Buckets": 524288,
                      "Hash Batches": 1,
                      "Original Hash Batches": 1,
                      "Peak Memory Usage": 74720,
                      "Plans": [
                        {
                          "Node Type": "Hash Join",
                          "Parent Relationship": "Outer",
                          "Parallel Aware": true,
                          "Join Type": "Inner",
                          "Startup Cost": 45962.36,
                          "Total Cost": 76860.53,
                          "Plan Rows": 157902,
                          "Plan Width": 8,
                          "Actual Startup Time": 167.142,
                          "Actual Total Time": 338.639,
                          "Actual Rows": 293904,
                          "Actual Loops": 4,
                          "Inner Unique": true,
                          "Hash Cond": "(mc.movie_id = t.id)",
                          "Plans": [
                            {
                              "Node Type": "Seq Scan",
                              "Parent Relationship": "Outer",
                              "Parallel Aware": true,
                              "Relation Name": "movie_companies",
                              "Alias": "mc",
                              "Startup Cost": 0.0,
                              "Total Cost": 29310.68,
                              "Plan Rows": 604758,
                              "Plan Width": 4,
                              "Actual Startup Time": 0.453,
                              "Actual Total Time": 71.955,
                              "Actual Rows": 469258,
                              "Actual Loops": 4,
                              "Filter": "(company_id > 1427)",
                              "Rows Removed by Filter": 183025
                            },
                            {
                              "Node Type": "Hash",
                              "Parent Relationship": "Inner",
                              "Parallel Aware": true,
                              "Startup Cost": 43899.32,
                              "Total Cost": 43899.32,
                              "Plan Rows": 165043,
                              "Plan Width": 4,
                              "Actual Startup Time": 150.827,
                              "Actual Total Time": 150.828,
                              "Actual Rows": 165706,
                              "Actual Loops": 4,
                              "Hash Buckets": 1048576,
                              "Original Hash Buckets": 1048576,
                              "Hash Batches": 1,
                              "Original Hash Batches": 1,
                              "Peak Memory Usage": 34176,
                              "Plans": [
                                {
                                  "Node Type": "Seq Scan",
                                  "Parent Relationship": "Outer",
                                  "Parallel Aware": true,
                                  "Relation Name": "title",
                                  "Alias": "t",
                                  "Startup Cost": 0.0,
                                  "Total Cost": 43899.32,
                                  "Plan Rows": 165043,
                                  "Plan Width": 4,
                                  "Actual Startup Time": 38.018,
                                  "Actual Total Time": 90.656,
                                  "Actual Rows": 165706,
                                  "Actual Loops": 4,
                                  "Filter": "(kind_id = 1)",
                                  "Rows Removed by Filter": 466372
                                }
                              ]
                            }
                          ]
                        }
                      ]
                    }
                  ]
                }
              ]
            }
          ]
        }
      ]
    },
    "Planning Time": 0.488,
    "Triggers": [],
    "Execution Time": 1271.851
  }
]