[
  {
    "Plan": {
      "Node Type": "Aggregate",
      "Strategy": "Plain",
      "Partial Mode": "Finalize",
      "Parallel Aware": false,
      "Startup Cost": 128799.65,
      "Total Cost": 128799.66,
      "Plan Rows": 1,
      "Plan Width": 8,
      "Actual Startup Time": 1286.691,
      "Actual Total Time": 1305.609,
      "Actual Rows": 1,
      "Actual Loops": 1,
      "Plans": [
        {
          "Node Type": "Gather",
          "Parent Relationship": "Outer",
          "Parallel Aware": false,
          "Startup Cost": 128799.33,
          "Total Cost": 128799.64,
          "Plan Rows": 3,
          "Plan Width": 8,
          "Actual Startup Time": 1277.135,
          "Actual Total Time": 1305.599,
          "Actual Rows": 4,
          "Actual Loops": 1,
          "Workers Planned": 3,
          "Workers Launched": 3,
          "Single Copy": false,
          "Plans": [
            {
              "Node Type": "Aggregate",
              "Strategy": "Plain",
              "Partial Mode": "Partial",
              "Parent Relationship": "Outer",
              "Parallel Aware": false,
              "Startup Cost": 127799.33,
              "Total Cost": 127799.34,
              "Plan Rows": 1,
              "Plan Width": 8,
              "Actual Startup Time": 1268.224,
              "Actual Total Time": 1268.481,
              "Actual Rows": 1,
              "Actual Loops": 4,
              "Plans": [
                {
                  "Node Type": "Hash Join",
                  "Parent Relationship": "Outer",
                  "Parallel Aware": true,
                  "Join Type": "Inner",
                  "Startup Cost": 78846.64,
                  "Total Cost": 127174.56,
                  "Plan Rows": 249907,
                  "Plan Width": 0,
                  "Actual Startup Time": 531.154,
                  "Actual Total Time": 1056.938,
                  "Actual Rows": 5338281,
                  "Actual Loops": 4,
                  "Inner Unique": false,
                  "Hash Cond": "(mk.movie_id = t.id)",
                  "Plans": [
                    {
                      "Node Type": "Seq Scan",
                      "Parent Relationship": "Outer",
                      "Parallel Aware": true,
                      "Relation Name": "movie_keyword",
                      "Alias": "mk",
                      "Startup Cost": 0.0,
                      "Total Cost": 42695.65,
                      "Plan Rows": 1286965,
                      "Plan Width": 4,
                      "Actual Startup Time": 0.03,
                      "Actual Total Time": 110.764,
                      "Actual Rows": 1001666,
                      "Actual Loops": 4,
                      "Filter": "(keyword_id < 35015)",
                      "Rows Removed by Filter": 129317
                    },
                    {
                      "Node Type": "Hash",
                      "Parent Relationship": "Inner",
                      "Parallel Aware": true,
                      "Startup Cost": 76866.99,
                      "Total Cost": 76866.99,
                      "Plan Rows": 158372,
                      "Plan Width": 8,
                      "Actual Startup Time": 488.349,
                      "Actual Total Time": 488.604,
                      "Actual Rows": 293904,
                      "Actual Loops": 4,
                      "Hash Buckets": 2097152,
                      "Original Hash Buckets": 524288,
                      "Hash Batches": 1,
                      "Original Hash Batches": 1,
                      "Peak Memory Usage": 74720,
                      "Plans": [
                        {
                          "Node Type": "Hash Join",
                          "Parent Relationship": "Outer",
                          "Parallel Aware": true,
                          "Join Type": "Inner",
                          "Startup Cost": 45971.59,
                          "Total Cost": 76866.99,
                          "Plan Rows": 158372,
                          "Plan Width": 8,
                          "Actual Startup Time": 183.523,
                          "Actual Total Time": 372.653,
                          "Actual Rows": 293904,
                          "Actual Loops": 4,
                          "Inner Unique": true,
                          "Hash Cond": "(mc.movie_id = t.id)",
                          "Plans": [
                            {
                              "Node Type": "Seq Scan",
                              "Parent Relationship": "Outer",
                              "Parallel Aware": true,
                              "Relation Name": "movie_companies",
                              "Alias": "mc",
                              "Startup Cost": 0.0,
                              "Total Cost": 29310.68,
                              "Plan Rows": 603703,
                              "Plan Width": 4,
                              "Actual Startup Time": 0.417,
                              "Actual Total Time": 72.857,
                              "Actual Rows": 469258,
                              "Actual Loops": 4,
                              "Filter": "(company_id > 1427)",
                              "Rows Removed by Filter": 183025
                            },
                            {
                              "Node Type": "Hash",
                              "Parent Relationship": "Inner",
                              "Parallel Aware": true,
                              "Startup Cost": 43898.92,
                              "Total Cost": 43898.92,
                              "Plan Rows": 165814,
                              "Plan Width": 4,
                              "Actual Startup Time": 164.396,
                              "Actual Total Time": 164.397,
                              "Actual Rows": 165706,
                              "Actual Loops": 4,
                              "Hash Buckets": 1048576,
                              "Original Hash Buckets": 1048576,
                              "Hash Batches": 1,
                              "Original Hash Batches": 1,
                              "Peak Memory Usage": 34208,
                              "Plans": [
                                {
                                  "Node Type": "Seq Scan",
                                  "Parent Relationship": "Outer",
                                  "Parallel Aware": true,
                                  "Relation Name": "title",
                                  "Alias": "t",
                                  "Startup Cost": 0.0,
                                  "Total Cost": 43898.92,
                                  "Plan Rows": 165814,
                                  "Plan Width": 4,
                                  "Actual Startup Time": 46.466,
                                  "Actual Total Time": 100.566,
                                  "Actual Rows": 165706,
                                  "Actual Loops": 4,
                                  "Filter": "(kind_id = 1)",
                                  "Rows Removed by Filter": 466372
                                }
                              ]
                            }
                          ]
                        }
                      ]
                    }
                  ]
                }
              ]
            }
          ]
        }
      ]
    },
    "Planning Time": 1.427,
    "Triggers": [],
    "Execution Time": 1305.693
  }
]