{
  "Plan": {
    "Node Type": "Aggregate",
    "Strategy": "Plain",
    "Partial Mode": "Finalize",
    "Parallel Aware": false,
    "Startup Cost": 95892.55,
    "Total Cost": 95892.56,
    "Plan Rows": 1,
    "Plan Width": 8,
    "Actual Startup Time": 176.076,
    "Actual Total Time": 192.805,
    "Actual Rows": 1,
    "Actual Loops": 1,
    "Plans": [
      {
        "Node Type": "Gather",
        "Parent Relationship": "Outer",
        "Parallel Aware": false,
        "Startup Cost": 95892.44,
        "Total Cost": 95892.55,
        "Plan Rows": 1,
        "Plan Width": 8,
        "Actual Startup Time": 175.96,
        "Actual Total Time": 192.798,
        "Actual Rows": 2,
        "Actual Loops": 1,
        "Workers Planned": 1,
        "Workers Launched": 1,
        "Single Copy": false,
        "Plans": [
          {
            "Node Type": "Aggregate",
            "Strategy": "Plain",
            "Partial Mode": "Partial",
            "Parent Relationship": "Outer",
            "Parallel Aware": false,
            "Startup Cost": 94892.44,
            "Total Cost": 94892.45,
            "Plan Rows": 1,
            "Plan Width": 8,
            "Actual Startup Time": 170.211,
            "Actual Total Time": 170.213,
            "Actual Rows": 1,
            "Actual Loops": 2,
            "Plans": [
              {
                "Node Type": "Nested Loop",
                "Parent Relationship": "Outer",
                "Parallel Aware": false,
                "Join Type": "Inner",
                "Startup Cost": 0.43,
                "Total Cost": 94876.48,
                "Plan Rows": 6384,
                "Plan Width": 0,
                "Actual Startup Time": 1.461,
                "Actual Total Time": 169.437,
                "Actual Rows": 15344,
                "Actual Loops": 2,
                "Inner Unique": false,
                "Plans": [
                  {
                    "Node Type": "Seq Scan",
                    "Parent Relationship": "Outer",
                    "Parallel Aware": true,
                    "Relation Name": "title",
                    "Alias": "t",
                    "Startup Cost": 0.0,
                    "Total Cost": 58306.47,
                    "Plan Rows": 4238,
                    "Plan Width": 4,
                    "Actual Startup Time": 0.584,
                    "Actual Total Time": 140.091,
                    "Actual Rows": 3542,
                    "Actual Loops": 2,
                    "Filter": "((kind_id < 7) AND (production_year = 1983))",
                    "Rows Removed by Filter": 1260614
                  },
                  {
                    "Node Type": "Index Scan",
                    "Parent Relationship": "Inner",
                    "Parallel Aware": false,
                    "Scan Direction": "Forward",
                    "Index Name": "movie_id_movie_keyword",
                    "Relation Name": "movie_keyword",
                    "Alias": "mk",
                    "Startup Cost": 0.43,
                    "Total Cost": 8.25,
                    "Plan Rows": 38,
                    "Plan Width": 4,
                    "Actual Startup Time": 0.007,
                    "Actual Total Time": 0.008,
                    "Actual Rows": 4,
                    "Actual Loops": 7085,
                    "Index Cond": "(movie_id = t.id)",
                    "Rows Removed by Index Recheck": 0,
                    "Filter": "(keyword_id < 26723)",
                    "Rows Removed by Filter": 1
                  }
                ]
              }
            ]
          }
        ]
      }
    ]
  },
  "Planning Time": 0.466,
  "Triggers": [],
  "Execution Time": 192.878
}