[
  {
    "Plan": {
      "Node Type": "Aggregate",
      "Strategy": "Plain",
      "Partial Mode": "Finalize",
      "Parallel Aware": false,
      "Startup Cost": 408354.86,
      "Total Cost": 408354.87,
      "Plan Rows": 1,
      "Plan Width": 8,
      "Actual Startup Time": 1385.854,
      "Actual Total Time": 1415.372,
      "Actual Rows": 1,
      "Actual Loops": 1,
      "Plans": [
        {
          "Node Type": "Gather",
          "Parent Relationship": "Outer",
          "Parallel Aware": false,
          "Startup Cost": 408354.55,
          "Total Cost": 408354.86,
          "Plan Rows": 3,
          "Plan Width": 8,
          "Actual Startup Time": 1350.305,
          "Actual Total Time": 1415.347,
          "Actual Rows": 4,
          "Actual Loops": 1,
          "Workers Planned": 3,
          "Workers Launched": 3,
          "Single Copy": false,
          "Plans": [
            {
              "Node Type": "Aggregate",
              "Strategy": "Plain",
              "Partial Mode": "Partial",
              "Parent Relationship": "Outer",
              "Parallel Aware": false,
              "Startup Cost": 407354.55,
              "Total Cost": 407354.56,
              "Plan Rows": 1,
              "Plan Width": 8,
              "Actual Startup Time": 1344.037,
              "Actual Total Time": 1344.407,
              "Actual Rows": 1,
              "Actual Loops": 4,
              "Plans": [
                {
                  "Node Type": "Hash Join",
                  "Parent Relationship": "Outer",
                  "Parallel Aware": true,
                  "Join Type": "Inner",
                  "Startup Cost": 374178.4,
                  "Total Cost": 405666.51,
                  "Plan Rows": 675215,
                  "Plan Width": 0,
                  "Actual Startup Time": 998.914,
                  "Actual Total Time": 1315.87,
                  "Actual Rows": 598968,
                  "Actual Loops": 4,
                  "Inner Unique": false,
                  "Hash Cond": "(mc.movie_id = t.id)",
                  "Plans": [
                    {
                      "Node Type": "Seq Scan",
                      "Parent Relationship": "Outer",
                      "Parallel Aware": true,
                      "Relation Name": "movie_companies",
                      "Alias": "mc",
                      "Startup Cost": 0.0,
                      "Total Cost": 27206.55,
                      "Plan Rows": 841655,
                      "Plan Width": 4,
                      "Actual Startup Time": 0.031,
                      "Actual Total Time": 68.542,
                      "Actual Rows": 652282,
                      "Actual Loops": 4
                    },
                    {
                      "Node Type": "Hash",
                      "Parent Relationship": "Inner",
                      "Parallel Aware": true,
                      "Startup Cost": 369952.52,
                      "Total Cost": 369952.52,
                      "Plan Rows": 338070,
                      "Plan Width": 8,
                      "Actual Startup Time": 994.961,
                      "Actual Total Time": 995.329,
                      "Actual Rows": 497904,
                      "Actual Loops": 4,
                      "Hash Buckets": 2097152,
                      "Original Hash Buckets": 2097152,
                      "Hash Batches": 1,
                      "Original Hash Batches": 1,
                      "Peak Memory Usage": 94368,
                      "Plans": [
                        {
                          "Node Type": "Hash Join",
                          "Parent Relationship": "Outer",
                          "Parallel Aware": true,
                          "Join Type": "Inner",
                          "Startup Cost": 110345.37,
                          "Total Cost": 369952.52,
                          "Plan Rows": 338070,
                          "Plan Width": 8,
                          "Actual Startup Time": 391.922,
                          "Actual Total Time": 819.114,
                          "Actual Rows": 497904,
                          "Actual Loops": 4,
                          "Inner Unique": true,
                          "Hash Cond": "(ci.movie_id = t.id)",
                          "Plans": [
                            {
                              "Node Type": "Bitmap Heap Scan",
                              "Parent Relationship": "Outer",
                              "Parallel Aware": true,
                              "Relation Name": "cast_info",
                              "Alias": "ci",
                              "Startup Cost": 60607.76,
                              "Total Cost": 319013.89,
                              "Plan Rows": 457531,
                              "Plan Width": 4,
                              "Actual Startup Time": 117.672,
                              "Actual Total Time": 226.068,
                              "Actual Rows": 710417,
                              "Actual Loops": 4,
                              "Recheck Cond": "(person_id < 274631)",
                              "Rows Removed by Index Recheck": 0,
                              "Exact Heap Blocks": 8688,
                              "Lossy Heap Blocks": 0,
                              "Plans": [
                                {
                                  "Node Type": "Bitmap Index Scan",
                                  "Parent Relationship": "Outer",
                                  "Parallel Aware": false,
                                  "Index Name": "person_id_cast_info",
                                  "Startup Cost": 0.0,
                                  "Total Cost": 59921.46,
                                  "Plan Rows": 2745186,
                                  "Plan Width": 0,
                                  "Actual Startup Time": 112.89,
                                  "Actual Total Time": 112.89,
                                  "Actual Rows": 2841667,
                                  "Actual Loops": 1,
                                  "Index Cond": "(person_id < 274631)"
                                }
                              ]
                            },
                            {
                              "Node Type": "Hash",
                              "Parent Relationship": "Inner",
                              "Parallel Aware": true,
                              "Startup Cost": 43899.32,
                              "Total Cost": 43899.32,
                              "Plan Rows": 467063,
                              "Plan Width": 4,
                              "Actual Startup Time": 271.019,
                              "Actual Total Time": 271.022,
                              "Actual Rows": 466372,
                              "Actual Loops": 4,
                              "Hash Buckets": 2097152,
                              "Original Hash Buckets": 2097152,
                              "Hash Batches": 1,
                              "Original Hash Batches": 1,
                              "Peak Memory Usage": 89440,
                              "Plans": [
                                {
                                  "Node Type": "Seq Scan",
                                  "Parent Relationship": "Outer",
                                  "Parallel Aware": true,
                                  "Relation Name": "title",
                                  "Alias": "t",
                                  "Startup Cost": 0.0,
                                  "Total Cost": 43899.32,
                                  "Plan Rows": 467063,
                                  "Plan Width": 4,
                                  "Actual Startup Time": 0.022,
                                  "Actual Total Time": 114.028,
                                  "Actual Rows": 466372,
                                  "Actual Loops": 4,
                                  "Filter": "(kind_id > 1)",
                                  "Rows Removed by Filter": 165706
                                }
                              ]
                            }
                          ]
                        }
                      ]
                    }
                  ]
                }
              ]
            }
          ]
        }
      ]
    },
    "Planning Time": 0.54,
    "Triggers": [],
    "Execution Time": 1415.438
  }
]