{
    "Plan": {
        "Node Type": "Aggregate",
        "Strategy": "Plain",
        "Partial Mode": "Finalize",
        "Parallel Aware": false,
        "Startup Cost": 325466.76,
        "Total Cost": 325466.77,
        "Plan Rows": 1,
        "Plan Width": 8,
        "Actual Startup Time": 770.308,
        "Actual Total Time": 806.044,
        "Actual Rows": 1,
        "Actual Loops": 1,
        "Output": [
            "count(*)"
        ],
        "Plans": [
            {
                "Node Type": "Gather",
                "Parent Relationship": "Outer",
                "Parallel Aware": false,
                "Startup Cost": 325466.13,
                "Total Cost": 325466.74,
                "Plan Rows": 6,
                "Plan Width": 8,
                "Actual Startup Time": 757.768,
                "Actual Total Time": 806.029,
                "Actual Rows": 7,
                "Actual Loops": 1,
                "Output": [
                    "(PARTIAL count(*))"
                ],
                "Workers Planned": 6,
                "Workers Launched": 6,
                "Single Copy": false,
                "Plans": [
                    {
                        "Node Type": "Aggregate",
                        "Strategy": "Plain",
                        "Partial Mode": "Partial",
                        "Parent Relationship": "Outer",
                        "Parallel Aware": false,
                        "Startup Cost": 324466.13,
                        "Total Cost": 324466.14,
                        "Plan Rows": 1,
                        "Plan Width": 8,
                        "Actual Startup Time": 746.307,
                        "Actual Total Time": 746.363,
                        "Actual Rows": 1,
                        "Actual Loops": 7,
                        "Output": [
                            "PARTIAL count(*)"
                        ],
                        "Workers": [
                            {
                                "Worker Number": 0,
                                "Actual Startup Time": 743.553,
                                "Actual Total Time": 743.559,
                                "Actual Rows": 1,
                                "Actual Loops": 1
                            },
                            {
                                "Worker Number": 1,
                                "Actual Startup Time": 744.694,
                                "Actual Total Time": 744.699,
                                "Actual Rows": 1,
                                "Actual Loops": 1
                            },
                            {
                                "Worker Number": 2,
                                "Actual Startup Time": 744.326,
                                "Actual Total Time": 744.333,
                                "Actual Rows": 1,
                                "Actual Loops": 1
                            },
                            {
                                "Worker Number": 3,
                                "Actual Startup Time": 744.266,
                                "Actual Total Time": 744.271,
                                "Actual Rows": 1,
                                "Actual Loops": 1
                            },
                            {
                                "Worker Number": 4,
                                "Actual Startup Time": 745.273,
                                "Actual Total Time": 745.278,
                                "Actual Rows": 1,
                                "Actual Loops": 1
                            },
                            {
                                "Worker Number": 5,
                                "Actual Startup Time": 745.31,
                                "Actual Total Time": 745.317,
                                "Actual Rows": 1,
                                "Actual Loops": 1
                            }
                        ],
                        "Plans": [
                            {
                                "Node Type": "Hash Join",
                                "Parent Relationship": "Outer",
                                "Parallel Aware": true,
                                "Join Type": "Inner",
                                "Startup Cost": 95083.37,
                                "Total Cost": 324190.6,
                                "Plan Rows": 110212,
                                "Plan Width": 0,
                                "Actual Startup Time": 359.031,
                                "Actual Total Time": 733.901,
                                "Actual Rows": 243997,
                                "Actual Loops": 7,
                                "Inner Unique": false,
                                "Hash Cond": "(ci.movie_id = t.id)",
                                "Workers": [
                                    {
                                        "Worker Number": 0,
                                        "Actual Startup Time": 356.185,
                                        "Actual Total Time": 730.363,
                                        "Actual Rows": 198125,
                                        "Actual Loops": 1
                                    },
                                    {
                                        "Worker Number": 1,
                                        "Actual Startup Time": 356.987,
                                        "Actual Total Time": 732.187,
                                        "Actual Rows": 187599,
                                        "Actual Loops": 1
                                    },
                                    {
                                        "Worker Number": 2,
                                        "Actual Startup Time": 357.042,
                                        "Actual Total Time": 731.191,
                                        "Actual Rows": 197487,
                                        "Actual Loops": 1
                                    },
                                    {
                                        "Worker Number": 3,
                                        "Actual Startup Time": 357.095,
                                        "Actual Total Time": 732.745,
                                        "Actual Rows": 275420,
                                        "Actual Loops": 1
                                    },
                                    {
                                        "Worker Number": 4,
                                        "Actual Startup Time": 358.003,
                                        "Actual Total Time": 734.219,
                                        "Actual Rows": 252362,
                                        "Actual Loops": 1
                                    },
                                    {
                                        "Worker Number": 5,
                                        "Actual Startup Time": 358.187,
                                        "Actual Total Time": 733.95,
                                        "Actual Rows": 260720,
                                        "Actual Loops": 1
                                    }
                                ],
                                "Plans": [
                                    {
                                        "Node Type": "Index Scan",
                                        "Parent Relationship": "Outer",
                                        "Parallel Aware": true,
                                        "Scan Direction": "Forward",
                                        "Index Name": "role_id_cast_info",
                                        "Relation Name": "cast_info",
                                        "Schema": "public",
                                        "Alias": "ci",
                                        "Startup Cost": 0.56,
                                        "Total Cost": 226293.54,
                                        "Plan Rows": 655664,
                                        "Plan Width": 4,
                                        "Actual Startup Time": 0.321,
                                        "Actual Total Time": 279.87,
                                        "Actual Rows": 285289,
                                        "Actual Loops": 7,
                                        "Output": [
                                            "ci.id",
                                            "ci.person_id",
                                            "ci.movie_id",
                                            "ci.person_role_id",
                                            "ci.note",
                                            "ci.nr_order",
                                            "ci.role_id"
                                        ],
                                        "Index Cond": "(ci.role_id > 5)",
                                        "Rows Removed by Index Recheck": 0,
                                        "Filter": "(ci.person_id < 1667062)",
                                        "Rows Removed by Filter": 927042,
                                        "Workers": [
                                            {
                                                "Worker Number": 0,
                                                "Actual Startup Time": 0.084,
                                                "Actual Total Time": 284.51,
                                                "Actual Rows": 227620,
                                                "Actual Loops": 1
                                            },
                                            {
                                                "Worker Number": 1,
                                                "Actual Startup Time": 0.377,
                                                "Actual Total Time": 284.271,
                                                "Actual Rows": 222259,
                                                "Actual Loops": 1
                                            },
                                            {
                                                "Worker Number": 2,
                                                "Actual Startup Time": 0.238,
                                                "Actual Total Time": 280.801,
                                                "Actual Rows": 226147,
                                                "Actual Loops": 1
                                            },
                                            {
                                                "Worker Number": 3,
                                                "Actual Startup Time": 0.312,
                                                "Actual Total Time": 283.895,
                                                "Actual Rows": 319616,
                                                "Actual Loops": 1
                                            },
                                            {
                                                "Worker Number": 4,
                                                "Actual Startup Time": 0.268,
                                                "Actual Total Time": 280.609,
                                                "Actual Rows": 301659,
                                                "Actual Loops": 1
                                            },
                                            {
                                                "Worker Number": 5,
                                                "Actual Startup Time": 0.449,
                                                "Actual Total Time": 278.912,
                                                "Actual Rows": 308480,
                                                "Actual Loops": 1
                                            }
                                        ]
                                    },
                                    {
                                        "Node Type": "Hash",
                                        "Parent Relationship": "Inner",
                                        "Parallel Aware": true,
                                        "Startup Cost": 93369.13,
                                        "Total Cost": 93369.13,
                                        "Plan Rows": 137094,
                                        "Plan Width": 8,
                                        "Actual Startup Time": 356.566,
                                        "Actual Total Time": 356.62,
                                        "Actual Rows": 54080,
                                        "Actual Loops": 7,
                                        "Output": [
                                            "t.id",
                                            "mk.movie_id"
                                        ],
                                        "Hash Buckets": 524288,
                                        "Original Hash Buckets": 524288,
                                        "Hash Batches": 1,
                                        "Original Hash Batches": 1,
                                        "Peak Memory Usage": 18976,
                                        "Workers": [
                                            {
                                                "Worker Number": 0,
                                                "Actual Startup Time": 355.524,
                                                "Actual Total Time": 355.527,
                                                "Actual Rows": 42113,
                                                "Actual Loops": 1
                                            },
                                            {
                                                "Worker Number": 1,
                                                "Actual Startup Time": 356.195,
                                                "Actual Total Time": 356.198,
                                                "Actual Rows": 42472,
                                                "Actual Loops": 1
                                            },
                                            {
                                                "Worker Number": 2,
                                                "Actual Startup Time": 356.419,
                                                "Actual Total Time": 356.424,
                                                "Actual Rows": 41687,
                                                "Actual Loops": 1
                                            },
                                            {
                                                "Worker Number": 3,
                                                "Actual Startup Time": 356.309,
                                                "Actual Total Time": 356.312,
                                                "Actual Rows": 59138,
                                                "Actual Loops": 1
                                            },
                                            {
                                                "Worker Number": 4,
                                                "Actual Startup Time": 357.302,
                                                "Actual Total Time": 357.306,
                                                "Actual Rows": 57167,
                                                "Actual Loops": 1
                                            },
                                            {
                                                "Worker Number": 5,
                                                "Actual Startup Time": 357.304,
                                                "Actual Total Time": 357.308,
                                                "Actual Rows": 57049,
                                                "Actual Loops": 1
                                            }
                                        ],
                                        "Plans": [
                                            {
                                                "Node Type": "Hash Join",
                                                "Parent Relationship": "Outer",
                                                "Parallel Aware": true,
                                                "Join Type": "Inner",
                                                "Startup Cost": 50223.93,
                                                "Total Cost": 93369.13,
                                                "Plan Rows": 137094,
                                                "Plan Width": 8,
                                                "Actual Startup Time": 237.472,
                                                "Actual Total Time": 335.196,
                                                "Actual Rows": 54080,
                                                "Actual Loops": 7,
                                                "Output": [
                                                    "t.id",
                                                    "mk.movie_id"
                                                ],
                                                "Inner Unique": true,
                                                "Hash Cond": "(mk.movie_id = t.id)",
                                                "Workers": [
                                                    {
                                                        "Worker Number": 0,
                                                        "Actual Startup Time": 236.672,
                                                        "Actual Total Time": 336.646,
                                                        "Actual Rows": 42113,
                                                        "Actual Loops": 1
                                                    },
                                                    {
                                                        "Worker Number": 1,
                                                        "Actual Startup Time": 237.243,
                                                        "Actual Total Time": 334.954,
                                                        "Actual Rows": 42472,
                                                        "Actual Loops": 1
                                                    },
                                                    {
                                                        "Worker Number": 2,
                                                        "Actual Startup Time": 237.466,
                                                        "Actual Total Time": 335.257,
                                                        "Actual Rows": 41687,
                                                        "Actual Loops": 1
                                                    },
                                                    {
                                                        "Worker Number": 3,
                                                        "Actual Startup Time": 237.34,
                                                        "Actual Total Time": 335.085,
                                                        "Actual Rows": 59138,
                                                        "Actual Loops": 1
                                                    },
                                                    {
                                                        "Worker Number": 4,
                                                        "Actual Startup Time": 237.778,
                                                        "Actual Total Time": 335.714,
                                                        "Actual Rows": 57167,
                                                        "Actual Loops": 1
                                                    },
                                                    {
                                                        "Worker Number": 5,
                                                        "Actual Startup Time": 237.765,
                                                        "Actual Total Time": 335.392,
                                                        "Actual Rows": 57049,
                                                        "Actual Loops": 1
                                                    }
                                                ],
                                                "Plans": [
                                                    {
                                                        "Node Type": "Seq Scan",
                                                        "Parent Relationship": "Outer",
                                                        "Parallel Aware": true,
                                                        "Relation Name": "movie_keyword",
                                                        "Schema": "public",
                                                        "Alias": "mk",
                                                        "Startup Cost": 0.0,
                                                        "Total Cost": 42695.65,
                                                        "Plan Rows": 171255,
                                                        "Plan Width": 4,
                                                        "Actual Startup Time": 3.032,
                                                        "Actual Total Time": 73.318,
                                                        "Actual Rows": 74212,
                                                        "Actual Loops": 7,
                                                        "Output": [
                                                            "mk.id",
                                                            "mk.movie_id",
                                                            "mk.keyword_id"
                                                        ],
                                                        "Filter": "(mk.keyword_id > 34833)",
                                                        "Rows Removed by Filter": 572064,
                                                        "Workers": [
                                                            {
                                                                "Worker Number": 0,
                                                                "Actual Startup Time": 3.144,
                                                                "Actual Total Time": 75.649,
                                                                "Actual Rows": 58267,
                                                                "Actual Loops": 1
                                                            },
                                                            {
                                                                "Worker Number": 1,
                                                                "Actual Startup Time": 2.967,
                                                                "Actual Total Time": 74.07,
                                                                "Actual Rows": 58085,
                                                                "Actual Loops": 1
                                                            },
                                                            {
                                                                "Worker Number": 2,
                                                                "Actual Startup Time": 2.994,
                                                                "Actual Total Time": 74.172,
                                                                "Actual Rows": 57273,
                                                                "Actual Loops": 1
                                                            },
                                                            {
                                                                "Worker Number": 3,
                                                                "Actual Startup Time": 3.009,
                                                                "Actual Total Time": 74.782,
                                                                "Actual Rows": 81384,
                                                                "Actual Loops": 1
                                                            },
                                                            {
                                                                "Worker Number": 4,
                                                                "Actual Startup Time": 2.97,
                                                                "Actual Total Time": 73.994,
                                                                "Actual Rows": 77739,
                                                                "Actual Loops": 1
                                                            },
                                                            {
                                                                "Worker Number": 5,
                                                                "Actual Startup Time": 3.157,
                                                                "Actual Total Time": 73.771,
                                                                "Actual Rows": 78139,
                                                                "Actual Loops": 1
                                                            }
                                                        ]
                                                    },
                                                    {
                                                        "Node Type": "Hash",
                                                        "Parent Relationship": "Inner",
                                                        "Parallel Aware": true,
                                                        "Startup Cost": 43899.01,
                                                        "Total Cost": 43899.01,
                                                        "Plan Rows": 505994,
                                                        "Plan Width": 4,
                                                        "Actual Startup Time": 231.269,
                                                        "Actual Total Time": 231.27,
                                                        "Actual Rows": 290348,
                                                        "Actual Loops": 7,
                                                        "Output": [
                                                            "t.id"
                                                        ],
                                                        "Hash Buckets": 2097152,
                                                        "Original Hash Buckets": 2097152,
                                                        "Hash Batches": 1,
                                                        "Original Hash Batches": 1,
                                                        "Peak Memory Usage": 96032,
                                                        "Workers": [
                                                            {
                                                                "Worker Number": 0,
                                                                "Actual Startup Time": 233.455,
                                                                "Actual Total Time": 233.456,
                                                                "Actual Rows": 239187,
                                                                "Actual Loops": 1
                                                            },
                                                            {
                                                                "Worker Number": 1,
                                                                "Actual Startup Time": 233.982,
                                                                "Actual Total Time": 233.983,
                                                                "Actual Rows": 233765,
                                                                "Actual Loops": 1
                                                            },
                                                            {
                                                                "Worker Number": 2,
                                                                "Actual Startup Time": 234.187,
                                                                "Actual Total Time": 234.188,
                                                                "Actual Rows": 231697,
                                                                "Actual Loops": 1
                                                            },
                                                            {
                                                                "Worker Number": 3,
                                                                "Actual Startup Time": 234.072,
                                                                "Actual Total Time": 234.073,
                                                                "Actual Rows": 306788,
                                                                "Actual Loops": 1
                                                            },
                                                            {
                                                                "Worker Number": 4,
                                                                "Actual Startup Time": 234.544,
                                                                "Actual Total Time": 234.545,
                                                                "Actual Rows": 300207,
                                                                "Actual Loops": 1
                                                            },
                                                            {
                                                                "Worker Number": 5,
                                                                "Actual Startup Time": 234.489,
                                                                "Actual Total Time": 234.49,
                                                                "Actual Rows": 296460,
                                                                "Actual Loops": 1
                                                            }
                                                        ],
                                                        "Plans": [
                                                            {
                                                                "Node Type": "Seq Scan",
                                                                "Parent Relationship": "Outer",
                                                                "Parallel Aware": true,
                                                                "Relation Name": "title",
                                                                "Schema": "public",
                                                                "Alias": "t",
                                                                "Startup Cost": 0.0,
                                                                "Total Cost": 43899.01,
                                                                "Plan Rows": 505994,
                                                                "Plan Width": 4,
                                                                "Actual Startup Time": 0.079,
                                                                "Actual Total Time": 85.383,
                                                                "Actual Rows": 290348,
                                                                "Actual Loops": 7,
                                                                "Output": [
                                                                    "t.id"
                                                                ],
                                                                "Filter": "(t.production_year > 1973)",
                                                                "Rows Removed by Filter": 70839,
                                                                "Workers": [
                                                                    {
                                                                        "Worker Number": 0,
                                                                        "Actual Startup Time": 0.097,
                                                                        "Actual Total Time": 90.766,
                                                                        "Actual Rows": 239187,
                                                                        "Actual Loops": 1
                                                                    },
                                                                    {
                                                                        "Worker Number": 1,
                                                                        "Actual Startup Time": 0.09,
                                                                        "Actual Total Time": 89.363,
                                                                        "Actual Rows": 233765,
                                                                        "Actual Loops": 1
                                                                    },
                                                                    {
                                                                        "Worker Number": 2,
                                                                        "Actual Startup Time": 0.086,
                                                                        "Actual Total Time": 88.774,
                                                                        "Actual Rows": 231697,
                                                                        "Actual Loops": 1
                                                                    },
                                                                    {
                                                                        "Worker Number": 3,
                                                                        "Actual Startup Time": 0.084,
                                                                        "Actual Total Time": 86.551,
                                                                        "Actual Rows": 306788,
                                                                        "Actual Loops": 1
                                                                    },
                                                                    {
                                                                        "Worker Number": 4,
                                                                        "Actual Startup Time": 0.089,
                                                                        "Actual Total Time": 84.979,
                                                                        "Actual Rows": 300207,
                                                                        "Actual Loops": 1
                                                                    },
                                                                    {
                                                                        "Worker Number": 5,
                                                                        "Actual Startup Time": 0.09,
                                                                        "Actual Total Time": 85.32,
                                                                        "Actual Rows": 296460,
                                                                        "Actual Loops": 1
                                                                    }
                                                                ]
                                                            }
                                                        ]
                                                    }
                                                ]
                                            }
                                        ]
                                    }
                                ]
                            }
                        ]
                    }
                ]
            }
        ]
    },
    "Planning Time": 1.635,
    "Triggers": [],
    "Execution Time": 806.146
}