[
  {
    "Plan": {
      "Node Type": "Aggregate",
      "Strategy": "Plain",
      "Partial Mode": "Finalize",
      "Parallel Aware": false,
      "Startup Cost": 27598.23,
      "Total Cost": 27598.24,
      "Plan Rows": 1,
      "Plan Width": 8,
      "Actual Startup Time": 68.664,
      "Actual Total Time": 74.886,
      "Actual Rows": 1,
      "Actual Loops": 1,
      "Plans": [
        {
          "Node Type": "Gather",
          "Parent Relationship": "Outer",
          "Parallel Aware": false,
          "Startup Cost": 27597.91,
          "Total Cost": 27598.22,
          "Plan Rows": 3,
          "Plan Width": 8,
          "Actual Startup Time": 68.403,
          "Actual Total Time": 74.88,
          "Actual Rows": 4,
          "Actual Loops": 1,
          "Workers Planned": 3,
          "Workers Launched": 3,
          "Single Copy": false,
          "Plans": [
            {
              "Node Type": "Aggregate",
              "Strategy": "Plain",
              "Partial Mode": "Partial",
              "Parent Relationship": "Outer",
              "Parallel Aware": false,
              "Startup Cost": 26597.91,
              "Total Cost": 26597.92,
              "Plan Rows": 1,
              "Plan Width": 8,
              "Actual Startup Time": 60.991,
              "Actual Total Time": 60.992,
              "Actual Rows": 1,
              "Actual Loops": 4,
              "Plans": [
                {
                  "Node Type": "Bitmap Heap Scan",
                  "Parent Relationship": "Outer",
                  "Parallel Aware": true,
                  "Relation Name": "movie_companies",
                  "Alias": "mc",
                  "Startup Cost": 6278.36,
                  "Total Cost": 26477.85,
                  "Plan Rows": 48023,
                  "Plan Width": 0,
                  "Actual Startup Time": 47.199,
                  "Actual Total Time": 59.962,
                  "Actual Rows": 16327,
                  "Actual Loops": 4,
                  "Recheck Cond": "(company_id < 159)",
                  "Rows Removed by Index Recheck": 0,
                  "Filter": "(company_type_id > 1)",
                  "Rows Removed by Filter": 55002,
                  "Exact Heap Blocks": 11411,
                  "Lossy Heap Blocks": 0,
                  "Plans": [
                    {
                      "Node Type": "Bitmap Index Scan",
                      "Parent Relationship": "Outer",
                      "Parallel Aware": false,
                      "Index Name": "company_id_movie_companies",
                      "Startup Cost": 0.0,
                      "Total Cost": 6241.14,
                      "Plan Rows": 291295,
                      "Plan Width": 0,
                      "Actual Startup Time": 17.787,
                      "Actual Total Time": 17.787,
                      "Actual Rows": 285317,
                      "Actual Loops": 1,
                      "Index Cond": "(company_id < 159)"
                    }
                  ]
                }
              ]
            }
          ]
        }
      ]
    },
    "Planning Time": 0.087,
    "Triggers": [],
    "Execution Time": 74.922
  }
]