[
  {
    "Plan": {
      "Node Type": "Aggregate",
      "Strategy": "Plain",
      "Partial Mode": "Finalize",
      "Parallel Aware": false,
      "Startup Cost": 44718.76,
      "Total Cost": 44718.77,
      "Plan Rows": 1,
      "Plan Width": 8,
      "Actual Startup Time": 137.462,
      "Actual Total Time": 146.922,
      "Actual Rows": 1,
      "Actual Loops": 1,
      "Plans": [
        {
          "Node Type": "Gather",
          "Parent Relationship": "Outer",
          "Parallel Aware": false,
          "Startup Cost": 44718.44,
          "Total Cost": 44718.75,
          "Plan Rows": 3,
          "Plan Width": 8,
          "Actual Startup Time": 137.207,
          "Actual Total Time": 146.914,
          "Actual Rows": 4,
          "Actual Loops": 1,
          "Workers Planned": 3,
          "Workers Launched": 3,
          "Single Copy": false,
          "Plans": [
            {
              "Node Type": "Aggregate",
              "Strategy": "Plain",
              "Partial Mode": "Partial",
              "Parent Relationship": "Outer",
              "Parallel Aware": false,
              "Startup Cost": 43718.44,
              "Total Cost": 43718.45,
              "Plan Rows": 1,
              "Plan Width": 8,
              "Actual Startup Time": 130.582,
              "Actual Total Time": 130.583,
              "Actual Rows": 1,
              "Actual Loops": 4,
              "Plans": [
                {
                  "Node Type": "Seq Scan",
                  "Parent Relationship": "Outer",
                  "Parallel Aware": true,
                  "Relation Name": "movie_keyword",
                  "Alias": "mk",
                  "Startup Cost": 0.0,
                  "Total Cost": 42695.65,
                  "Plan Rows": 409116,
                  "Plan Width": 0,
                  "Actual Startup Time": 0.051,
                  "Actual Total Time": 113.567,
                  "Actual Rows": 317449,
                  "Actual Loops": 4,
                  "Filter": "(keyword_id < 1622)",
                  "Rows Removed by Filter": 813534
                }
              ]
            }
          ]
        }
      ]
    },
    "Planning Time": 0.103,
    "Triggers": [],
    "Execution Time": 146.953
  }
]