[
  {
    "Plan": {
      "Node Type": "Aggregate",
      "Strategy": "Plain",
      "Partial Mode": "Finalize",
      "Parallel Aware": false,
      "Startup Cost": 148748.32,
      "Total Cost": 148748.33,
      "Plan Rows": 1,
      "Plan Width": 8,
      "Actual Startup Time": 124.737,
      "Actual Total Time": 145.112,
      "Actual Rows": 1,
      "Actual Loops": 1,
      "Plans": [
        {
          "Node Type": "Gather",
          "Parent Relationship": "Outer",
          "Parallel Aware": false,
          "Startup Cost": 148747.9,
          "Total Cost": 148748.31,
          "Plan Rows": 4,
          "Plan Width": 8,
          "Actual Startup Time": 124.615,
          "Actual Total Time": 145.103,
          "Actual Rows": 5,
          "Actual Loops": 1,
          "Workers Planned": 4,
          "Workers Launched": 4,
          "Single Copy": false,
          "Plans": [
            {
              "Node Type": "Aggregate",
              "Strategy": "Plain",
              "Partial Mode": "Partial",
              "Parent Relationship": "Outer",
              "Parallel Aware": false,
              "Startup Cost": 147747.9,
              "Total Cost": 147747.91,
              "Plan Rows": 1,
              "Plan Width": 8,
              "Actual Startup Time": 115.866,
              "Actual Total Time": 115.868,
              "Actual Rows": 1,
              "Actual Loops": 5,
              "Plans": [
                {
                  "Node Type": "Nested Loop",
                  "Parent Relationship": "Outer",
                  "Parallel Aware": false,
                  "Join Type": "Inner",
                  "Startup Cost": 0.43,
                  "Total Cost": 147742.6,
                  "Plan Rows": 2117,
                  "Plan Width": 0,
                  "Actual Startup Time": 58.697,
                  "Actual Total Time": 115.578,
                  "Actual Rows": 3552,
                  "Actual Loops": 5,
                  "Inner Unique": false,
                  "Plans": [
                    {
                      "Node Type": "Seq Scan",
                      "Parent Relationship": "Outer",
                      "Parallel Aware": true,
                      "Relation Name": "title",
                      "Alias": "t",
                      "Startup Cost": 0.0,
                      "Total Cost": 45479.1,
                      "Plan Rows": 851,
                      "Plan Width": 4,
                      "Actual Startup Time": 58.457,
                      "Actual Total Time": 83.908,
                      "Actual Rows": 874,
                      "Actual Loops": 5,
                      "Filter": "((kind_id = 1) AND (production_year = 1975))",
                      "Rows Removed by Filter": 504788
                    },
                    {
                      "Node Type": "Index Scan",
                      "Parent Relationship": "Inner",
                      "Parallel Aware": false,
                      "Scan Direction": "Forward",
                      "Index Name": "movie_id_movie_info",
                      "Relation Name": "movie_info",
                      "Alias": "mi",
                      "Startup Cost": 0.43,
                      "Total Cost": 119.99,
                      "Plan Rows": 18,
                      "Plan Width": 4,
                      "Actual Startup Time": 0.022,
                      "Actual Total Time": 0.035,
                      "Actual Rows": 4,
                      "Actual Loops": 4371,
                      "Index Cond": "(movie_id = t.id)",
                      "Rows Removed by Index Recheck": 0,
                      "Filter": "(info_type_id > 8)",
                      "Rows Removed by Filter": 7
                    }
                  ]
                }
              ]
            }
          ]
        }
      ]
    },
    "Planning Time": 0.655,
    "Triggers": [],
    "Execution Time": 145.186
  }
]