{
  "Plan": {
    "Node Type": "Aggregate",
    "Strategy": "Plain",
    "Partial Mode": "Finalize",
    "Parallel Aware": false,
    "Startup Cost": 117500.63,
    "Total Cost": 117500.64,
    "Plan Rows": 1,
    "Plan Width": 8,
    "Actual Startup Time": 591.699,
    "Actual Total Time": 609.116,
    "Actual Rows": 1,
    "Actual Loops": 1,
    "Plans": [
      {
        "Node Type": "Gather",
        "Parent Relationship": "Outer",
        "Parallel Aware": false,
        "Startup Cost": 117500.51,
        "Total Cost": 117500.62,
        "Plan Rows": 1,
        "Plan Width": 8,
        "Actual Startup Time": 591.53,
        "Actual Total Time": 609.107,
        "Actual Rows": 2,
        "Actual Loops": 1,
        "Workers Planned": 1,
        "Workers Launched": 1,
        "Single Copy": false,
        "Plans": [
          {
            "Node Type": "Aggregate",
            "Strategy": "Plain",
            "Partial Mode": "Partial",
            "Parent Relationship": "Outer",
            "Parallel Aware": false,
            "Startup Cost": 116500.51,
            "Total Cost": 116500.52,
            "Plan Rows": 1,
            "Plan Width": 8,
            "Actual Startup Time": 585.977,
            "Actual Total Time": 585.981,
            "Actual Rows": 1,
            "Actual Loops": 2,
            "Plans": [
              {
                "Node Type": "Hash Join",
                "Parent Relationship": "Outer",
                "Parallel Aware": true,
                "Join Type": "Inner",
                "Startup Cost": 58411.93,
                "Total Cost": 116462.77,
                "Plan Rows": 15096,
                "Plan Width": 0,
                "Actual Startup Time": 156.988,
                "Actual Total Time": 583.885,
                "Actual Rows": 33012,
                "Actual Loops": 2,
                "Inner Unique": true,
                "Hash Cond": "(mk.movie_id = t.id)",
                "Plans": [
                  {
                    "Node Type": "Seq Scan",
                    "Parent Relationship": "Outer",
                    "Parallel Aware": true,
                    "Relation Name": "movie_keyword",
                    "Alias": "mk",
                    "Startup Cost": 0.0,
                    "Total Cost": 51065.35,
                    "Plan Rows": 2661135,
                    "Plan Width": 4,
                    "Actual Startup Time": 0.014,
                    "Actual Total Time": 210.043,
                    "Actual Rows": 2261965,
                    "Actual Loops": 2
                  },
                  {
                    "Node Type": "Hash",
                    "Parent Relationship": "Inner",
                    "Parallel Aware": true,
                    "Startup Cost": 58306.47,
                    "Total Cost": 58306.47,
                    "Plan Rows": 8437,
                    "Plan Width": 4,
                    "Actual Startup Time": 155.629,
                    "Actual Total Time": 155.63,
                    "Actual Rows": 6104,
                    "Actual Loops": 2,
                    "Hash Buckets": 16384,
                    "Original Hash Buckets": 16384,
                    "Hash Batches": 1,
                    "Original Hash Batches": 1,
                    "Peak Memory Usage": 640,
                    "Plans": [
                      {
                        "Node Type": "Seq Scan",
                        "Parent Relationship": "Outer",
                        "Parallel Aware": true,
                        "Relation Name": "title",
                        "Alias": "t",
                        "Startup Cost": 0.0,
                        "Total Cost": 58306.47,
                        "Plan Rows": 8437,
                        "Plan Width": 4,
                        "Actual Startup Time": 0.223,
                        "Actual Total Time": 153.166,
                        "Actual Rows": 6104,
                        "Actual Loops": 2,
                        "Filter": "((kind_id < 7) AND (production_year = 1996))",
                        "Rows Removed by Filter": 1258052
                      }
                    ]
                  }
                ]
              }
            ]
          }
        ]
      }
    ]
  },
  "Planning Time": 0.416,
  "Triggers": [],
  "Execution Time": 609.186
}