[
  {
    "Plan": {
      "Node Type": "Aggregate",
      "Strategy": "Plain",
      "Partial Mode": "Finalize",
      "Parallel Aware": false,
      "Startup Cost": 30699.01,
      "Total Cost": 30699.02,
      "Plan Rows": 1,
      "Plan Width": 8,
      "Actual Startup Time": 86.567,
      "Actual Total Time": 92.391,
      "Actual Rows": 1,
      "Actual Loops": 1,
      "Plans": [
        {
          "Node Type": "Gather",
          "Parent Relationship": "Outer",
          "Parallel Aware": false,
          "Startup Cost": 30698.69,
          "Total Cost": 30699.0,
          "Plan Rows": 3,
          "Plan Width": 8,
          "Actual Startup Time": 86.491,
          "Actual Total Time": 92.383,
          "Actual Rows": 4,
          "Actual Loops": 1,
          "Workers Planned": 3,
          "Workers Launched": 3,
          "Single Copy": false,
          "Plans": [
            {
              "Node Type": "Aggregate",
              "Strategy": "Plain",
              "Partial Mode": "Partial",
              "Parent Relationship": "Outer",
              "Parallel Aware": false,
              "Startup Cost": 29698.69,
              "Total Cost": 29698.7,
              "Plan Rows": 1,
              "Plan Width": 8,
              "Actual Startup Time": 81.816,
              "Actual Total Time": 81.817,
              "Actual Rows": 1,
              "Actual Loops": 4,
              "Plans": [
                {
                  "Node Type": "Seq Scan",
                  "Parent Relationship": "Outer",
                  "Parallel Aware": true,
                  "Relation Name": "movie_companies",
                  "Alias": "mc",
                  "Startup Cost": 0.0,
                  "Total Cost": 29310.68,
                  "Plan Rows": 155204,
                  "Plan Width": 0,
                  "Actual Startup Time": 43.497,
                  "Actual Total Time": 75.602,
                  "Actual Rows": 122151,
                  "Actual Loops": 4,
                  "Filter": "(company_id > 74784)",
                  "Rows Removed by Filter": 530131
                }
              ]
            }
          ]
        }
      ]
    },
    "Planning Time": 0.233,
    "Triggers": [],
    "Execution Time": 92.45
  }
]