{
  "Plan": {
    "Node Type": "Aggregate",
    "Strategy": "Plain",
    "Partial Mode": "Finalize",
    "Parallel Aware": false,
    "Startup Cost": 16121.53,
    "Total Cost": 16121.54,
    "Plan Rows": 1,
    "Plan Width": 8,
    "Actual Startup Time": 26.649,
    "Actual Total Time": 31.212,
    "Actual Rows": 1,
    "Actual Loops": 1,
    "Plans": [
      {
        "Node Type": "Gather",
        "Parent Relationship": "Outer",
        "Parallel Aware": false,
        "Startup Cost": 16121.42,
        "Total Cost": 16121.53,
        "Plan Rows": 1,
        "Plan Width": 8,
        "Actual Startup Time": 26.531,
        "Actual Total Time": 31.205,
        "Actual Rows": 2,
        "Actual Loops": 1,
        "Workers Planned": 1,
        "Workers Launched": 1,
        "Single Copy": false,
        "Plans": [
          {
            "Node Type": "Aggregate",
            "Strategy": "Plain",
            "Partial Mode": "Partial",
            "Parent Relationship": "Outer",
            "Parallel Aware": false,
            "Startup Cost": 15121.42,
            "Total Cost": 15121.43,
            "Plan Rows": 1,
            "Plan Width": 8,
            "Actual Startup Time": 22.746,
            "Actual Total Time": 22.748,
            "Actual Rows": 1,
            "Actual Loops": 2,
            "Plans": [
              {
                "Node Type": "Nested Loop",
                "Parent Relationship": "Outer",
                "Parallel Aware": false,
                "Join Type": "Inner",
                "Startup Cost": 44.27,
                "Total Cost": 15121.41,
                "Plan Rows": 5,
                "Plan Width": 0,
                "Actual Startup Time": 17.547,
                "Actual Total Time": 22.742,
                "Actual Rows": 3,
                "Actual Loops": 2,
                "Inner Unique": true,
                "Plans": [
                  {
                    "Node Type": "Bitmap Heap Scan",
                    "Parent Relationship": "Outer",
                    "Parallel Aware": true,
                    "Relation Name": "movie_companies",
                    "Alias": "mc",
                    "Startup Cost": 43.84,
                    "Total Cost": 5820.22,
                    "Plan Rows": 1170,
                    "Plan Width": 4,
                    "Actual Startup Time": 1.204,
                    "Actual Total Time": 5.084,
                    "Actual Rows": 2356,
                    "Actual Loops": 2,
                    "Recheck Cond": "(company_id < 6)",
                    "Rows Removed by Index Recheck": 0,
                    "Exact Heap Blocks": 1545,
                    "Lossy Heap Blocks": 0,
                    "Plans": [
                      {
                        "Node Type": "Bitmap Index Scan",
                        "Parent Relationship": "Outer",
                        "Parallel Aware": false,
                        "Index Name": "company_id_movie_companies",
                        "Startup Cost": 0.0,
                        "Total Cost": 43.35,
                        "Plan Rows": 1989,
                        "Plan Width": 0,
                        "Actual Startup Time": 1.627,
                        "Actual Total Time": 1.628,
                        "Actual Rows": 4712,
                        "Actual Loops": 1,
                        "Index Cond": "(company_id < 6)"
                      }
                    ]
                  },
                  {
                    "Node Type": "Index Scan",
                    "Parent Relationship": "Inner",
                    "Parallel Aware": false,
                    "Scan Direction": "Forward",
                    "Index Name": "title_pkey",
                    "Relation Name": "title",
                    "Alias": "t",
                    "Startup Cost": 0.43,
                    "Total Cost": 7.95,
                    "Plan Rows": 1,
                    "Plan Width": 4,
                    "Actual Startup Time": 0.007,
                    "Actual Total Time": 0.007,
                    "Actual Rows": 0,
                    "Actual Loops": 4712,
                    "Index Cond": "(id = mc.movie_id)",
                    "Rows Removed by Index Recheck": 0,
                    "Filter": "((kind_id = 7) AND (production_year = 1985))",
                    "Rows Removed by Filter": 1
                  }
                ]
              }
            ]
          }
        ]
      }
    ]
  },
  "Planning Time": 0.384,
  "Triggers": [],
  "Execution Time": 31.283
}