[
    {
        "Bao": {
            "Bao prediction": "NaN",
            "Bao recommended hint": "(no hint)"
        }
    },
    {
        "Plan": {
            "Node Type": "Aggregate",
            "Strategy": "Plain",
            "Partial Mode": "Finalize",
            "Parallel Aware": false,
            "Startup Cost": 336946.76,
            "Total Cost": 336946.77,
            "Plan Rows": 1,
            "Plan Width": 8,
            "Actual Startup Time": 678.02,
            "Actual Total Time": 703.847,
            "Actual Rows": 1,
            "Actual Loops": 1,
            "Output": [
                "count(*)"
            ],
            "Plans": [
                {
                    "Node Type": "Gather",
                    "Parent Relationship": "Outer",
                    "Parallel Aware": false,
                    "Startup Cost": 336946.13,
                    "Total Cost": 336946.74,
                    "Plan Rows": 6,
                    "Plan Width": 8,
                    "Actual Startup Time": 677.888,
                    "Actual Total Time": 703.839,
                    "Actual Rows": 7,
                    "Actual Loops": 1,
                    "Output": [
                        "(PARTIAL count(*))"
                    ],
                    "Workers Planned": 6,
                    "Workers Launched": 6,
                    "Single Copy": false,
                    "Plans": [
                        {
                            "Node Type": "Aggregate",
                            "Strategy": "Plain",
                            "Partial Mode": "Partial",
                            "Parent Relationship": "Outer",
                            "Parallel Aware": false,
                            "Startup Cost": 335946.13,
                            "Total Cost": 335946.14,
                            "Plan Rows": 1,
                            "Plan Width": 8,
                            "Actual Startup Time": 668.016,
                            "Actual Total Time": 668.017,
                            "Actual Rows": 1,
                            "Actual Loops": 7,
                            "Output": [
                                "PARTIAL count(*)"
                            ],
                            "Workers": [
                                {
                                    "Worker Number": 0,
                                    "Actual Startup Time": 665.606,
                                    "Actual Total Time": 665.607,
                                    "Actual Rows": 1,
                                    "Actual Loops": 1
                                },
                                {
                                    "Worker Number": 1,
                                    "Actual Startup Time": 666.121,
                                    "Actual Total Time": 666.121,
                                    "Actual Rows": 1,
                                    "Actual Loops": 1
                                },
                                {
                                    "Worker Number": 2,
                                    "Actual Startup Time": 666.254,
                                    "Actual Total Time": 666.256,
                                    "Actual Rows": 1,
                                    "Actual Loops": 1
                                },
                                {
                                    "Worker Number": 3,
                                    "Actual Startup Time": 666.394,
                                    "Actual Total Time": 666.395,
                                    "Actual Rows": 1,
                                    "Actual Loops": 1
                                },
                                {
                                    "Worker Number": 4,
                                    "Actual Startup Time": 666.904,
                                    "Actual Total Time": 666.905,
                                    "Actual Rows": 1,
                                    "Actual Loops": 1
                                },
                                {
                                    "Worker Number": 5,
                                    "Actual Startup Time": 667.374,
                                    "Actual Total Time": 667.375,
                                    "Actual Rows": 1,
                                    "Actual Loops": 1
                                }
                            ],
                            "Plans": [
                                {
                                    "Node Type": "Seq Scan",
                                    "Parent Relationship": "Outer",
                                    "Parallel Aware": true,
                                    "Relation Name": "cast_info",
                                    "Schema": "public",
                                    "Alias": "ci",
                                    "Startup Cost": 0.0,
                                    "Total Cost": 328213.62,
                                    "Plan Rows": 3093006,
                                    "Plan Width": 0,
                                    "Actual Startup Time": 181.371,
                                    "Actual Total Time": 553.299,
                                    "Actual Rows": 2664228,
                                    "Actual Loops": 7,
                                    "Output": [
                                        "id",
                                        "person_id",
                                        "movie_id",
                                        "person_role_id",
                                        "note",
                                        "nr_order",
                                        "role_id"
                                    ],
                                    "Filter": "(ci.person_id > 1741522)",
                                    "Rows Removed by Filter": 2513536,
                                    "Workers": [
                                        {
                                            "Worker Number": 0,
                                            "Actual Startup Time": 178.943,
                                            "Actual Total Time": 549.059,
                                            "Actual Rows": 1765774,
                                            "Actual Loops": 1
                                        },
                                        {
                                            "Worker Number": 1,
                                            "Actual Startup Time": 179.485,
                                            "Actual Total Time": 555.802,
                                            "Actual Rows": 2708649,
                                            "Actual Loops": 1
                                        },
                                        {
                                            "Worker Number": 2,
                                            "Actual Startup Time": 179.621,
                                            "Actual Total Time": 556.613,
                                            "Actual Rows": 2696755,
                                            "Actual Loops": 1
                                        },
                                        {
                                            "Worker Number": 3,
                                            "Actual Startup Time": 179.751,
                                            "Actual Total Time": 555.24,
                                            "Actual Rows": 2662234,
                                            "Actual Loops": 1
                                        },
                                        {
                                            "Worker Number": 4,
                                            "Actual Startup Time": 180.253,
                                            "Actual Total Time": 557.206,
                                            "Actual Rows": 2623361,
                                            "Actual Loops": 1
                                        },
                                        {
                                            "Worker Number": 5,
                                            "Actual Startup Time": 180.726,
                                            "Actual Total Time": 555.946,
                                            "Actual Rows": 2668682,
                                            "Actual Loops": 1
                                        }
                                    ]
                                }
                            ]
                        }
                    ]
                }
            ]
        },
        "Planning Time": 249.835,
        "Triggers": [],
        "Execution Time": 703.902
    }
]