[
  {
    "Bao": {
      "Bao prediction": 849.907,
      "Bao recommended hint": "SET enable_nestloop TO off; "
    }
  },
  {
    "Plan": {
      "Node Type": "Aggregate",
      "Strategy": "Plain",
      "Partial Mode": "Simple",
      "Parallel Aware": false,
      "Startup Cost": 104014.58,
      "Total Cost": 104014.59,
      "Plan Rows": 1,
      "Plan Width": 64,
      "Actual Startup Time": 750.454,
      "Actual Total Time": 779.015,
      "Actual Rows": 1,
      "Actual Loops": 1,
      "Plans": [
        {
          "Node Type": "Gather",
          "Parent Relationship": "Outer",
          "Parallel Aware": false,
          "Startup Cost": 67044.92,
          "Total Cost": 104014.57,
          "Plan Rows": 1,
          "Plan Width": 22,
          "Actual Startup Time": 691.457,
          "Actual Total Time": 778.718,
          "Actual Rows": 1036,
          "Actual Loops": 1,
          "Workers Planned": 4,
          "Workers Launched": 4,
          "Single Copy": false,
          "Plans": [
            {
              "Node Type": "Hash Join",
              "Parent Relationship": "Outer",
              "Parallel Aware": true,
              "Join Type": "Inner",
              "Startup Cost": 66044.92,
              "Total Cost": 103014.47,
              "Plan Rows": 1,
              "Plan Width": 22,
              "Actual Startup Time": 668.677,
              "Actual Total Time": 735.255,
              "Actual Rows": 207,
              "Actual Loops": 5,
              "Inner Unique": false,
              "Hash Cond": "(t.id = mi_idx.movie_id)",
              "Plans": [
                {
                  "Node Type": "Bitmap Heap Scan",
                  "Parent Relationship": "Outer",
                  "Parallel Aware": true,
                  "Relation Name": "title",
                  "Alias": "t",
                  "Startup Cost": 4481.83,
                  "Total Cost": 41227.16,
                  "Plan Rows": 59787,
                  "Plan Width": 21,
                  "Actual Startup Time": 41.248,
                  "Actual Total Time": 160.925,
                  "Actual Rows": 48280,
                  "Actual Loops": 5,
                  "Recheck Cond": "(production_year < 1960)",
                  "Rows Removed by Index Recheck": 0,
                  "Exact Heap Blocks": 6353,
                  "Lossy Heap Blocks": 0,
                  "Plans": [
                    {
                      "Node Type": "Bitmap Index Scan",
                      "Parent Relationship": "Outer",
                      "Parallel Aware": false,
                      "Index Name": "idx_title_production_year",
                      "Startup Cost": 0.0,
                      "Total Cost": 4422.04,
                      "Plan Rows": 239148,
                      "Plan Width": 0,
                      "Actual Startup Time": 32.809,
                      "Actual Total Time": 32.811,
                      "Actual Rows": 241400,
                      "Actual Loops": 1,
                      "Index Cond": "(production_year < 1960)"
                    }
                  ]
                },
                {
                  "Node Type": "Hash",
                  "Parent Relationship": "Inner",
                  "Parallel Aware": true,
                  "Startup Cost": 61563.06,
                  "Total Cost": 61563.06,
                  "Plan Rows": 3,
                  "Plan Width": 13,
                  "Actual Startup Time": 559.219,
                  "Actual Total Time": 559.234,
                  "Actual Rows": 1618,
                  "Actual Loops": 5,
                  "Hash Buckets": 8192,
                  "Original Hash Buckets": 1024,
                  "Hash Batches": 1,
                  "Original Hash Batches": 1,
                  "Peak Memory Usage": 632,
                  "Plans": [
                    {
                      "Node Type": "Hash Join",
                      "Parent Relationship": "Outer",
                      "Parallel Aware": true,
                      "Join Type": "Inner",
                      "Startup Cost": 45508.67,
                      "Total Cost": 61563.06,
                      "Plan Rows": 3,
                      "Plan Width": 13,
                      "Actual Startup Time": 387.524,
                      "Actual Total Time": 494.976,
                      "Actual Rows": 1618,
                      "Actual Loops": 5,
                      "Inner Unique": false,
                      "Hash Cond": "(mi_idx.movie_id = mk.movie_id)",
                      "Plans": [
                        {
                          "Node Type": "Hash Join",
                          "Parent Relationship": "Outer",
                          "Parallel Aware": false,
                          "Join Type": "Inner",
                          "Startup Cost": 2.43,
                          "Total Cost": 16045.59,
                          "Plan Rows": 2991,
                          "Plan Width": 9,
                          "Actual Startup Time": 0.244,
                          "Actual Total Time": 90.741,
                          "Actual Rows": 89794,
                          "Actual Loops": 5,
                          "Inner Unique": true,
                          "Hash Cond": "(mi_idx.info_type_id = it.id)",
                          "Plans": [
                            {
                              "Node Type": "Seq Scan",
                              "Parent Relationship": "Outer",
                              "Parallel Aware": true,
                              "Relation Name": "movie_info_idx",
                              "Alias": "mi_idx",
                              "Startup Cost": 0.0,
                              "Total Cost": 15122.68,
                              "Plan Rows": 337985,
                              "Plan Width": 13,
                              "Actual Startup Time": 0.056,
                              "Actual Total Time": 63.78,
                              "Actual Rows": 161273,
                              "Actual Loops": 5,
                              "Filter": "(info > '2.0'::text)",
                              "Rows Removed by Filter": 114734
                            },
                            {
                              "Node Type": "Hash",
                              "Parent Relationship": "Inner",
                              "Parallel Aware": false,
                              "Startup Cost": 2.41,
                              "Total Cost": 2.41,
                              "Plan Rows": 1,
                              "Plan Width": 4,
                              "Actual Startup Time": 0.097,
                              "Actual Total Time": 0.099,
                              "Actual Rows": 1,
                              "Actual Loops": 5,
                              "Hash Buckets": 1024,
                              "Original Hash Buckets": 1024,
                              "Hash Batches": 1,
                              "Original Hash Batches": 1,
                              "Peak Memory Usage": 9,
                              "Plans": [
                                {
                                  "Node Type": "Seq Scan",
                                  "Parent Relationship": "Outer",
                                  "Parallel Aware": false,
                                  "Relation Name": "info_type",
                                  "Alias": "it",
                                  "Startup Cost": 0.0,
                                  "Total Cost": 2.41,
                                  "Plan Rows": 1,
                                  "Plan Width": 4,
                                  "Actual Startup Time": 0.077,
                                  "Actual Total Time": 0.082,
                                  "Actual Rows": 1,
                                  "Actual Loops": 5,
                                  "Filter": "((info)::text = 'rating'::text)",
                                  "Rows Removed by Filter": 112
                                }
                              ]
                            }
                          ]
                        },
                        {
                          "Node Type": "Hash",
                          "Parent Relationship": "Inner",
                          "Parallel Aware": true,
                          "Startup Cost": 45504.48,
                          "Total Cost": 45504.48,
                          "Plan Rows": 141,
                          "Plan Width": 4,
                          "Actual Startup Time": 386.004,
                          "Actual Total Time": 386.009,
                          "Actual Rows": 2590,
                          "Actual Loops": 5,
                          "Hash Buckets": 16384,
                          "Original Hash Buckets": 1024,
                          "Hash Batches": 1,
                          "Original Hash Batches": 1,
                          "Peak Memory Usage": 888,
                          "Plans": [
                            {
                              "Node Type": "Hash Join",
                              "Parent Relationship": "Outer",
                              "Parallel Aware": false,
                              "Join Type": "Inner",
                              "Startup Cost": 2626.29,
                              "Total Cost": 45504.48,
                              "Plan Rows": 141,
                              "Plan Width": 4,
                              "Actual Startup Time": 38.972,
                              "Actual Total Time": 281.487,
                              "Actual Rows": 2590,
                              "Actual Loops": 5,
                              "Inner Unique": true,
                              "Hash Cond": "(mk.keyword_id = k.id)",
                              "Plans": [
                                {
                                  "Node Type": "Seq Scan",
                                  "Parent Relationship": "Outer",
                                  "Parallel Aware": true,
                                  "Relation Name": "movie_keyword",
                                  "Alias": "mk",
                                  "Startup Cost": 0.0,
                                  "Total Cost": 39047.32,
                                  "Plan Rows": 1459332,
                                  "Plan Width": 8,
                                  "Actual Startup Time": 0.04,
                                  "Actual Total Time": 138.21,
                                  "Actual Rows": 904786,
                                  "Actual Loops": 5
                                },
                                {
                                  "Node Type": "Hash",
                                  "Parent Relationship": "Inner",
                                  "Parallel Aware": false,
                                  "Startup Cost": 2626.12,
                                  "Total Cost": 2626.12,
                                  "Plan Rows": 13,
                                  "Plan Width": 4,
                                  "Actual Startup Time": 38.122,
                                  "Actual Total Time": 38.123,
                                  "Actual Rows": 30,
                                  "Actual Loops": 5,
                                  "Hash Buckets": 1024,
                                  "Original Hash Buckets": 1024,
                                  "Hash Batches": 1,
                                  "Original Hash Batches": 1,
                                  "Peak Memory Usage": 10,
                                  "Plans": [
                                    {
                                      "Node Type": "Seq Scan",
                                      "Parent Relationship": "Outer",
                                      "Parallel Aware": false,
                                      "Relation Name": "keyword",
                                      "Alias": "k",
                                      "Startup Cost": 0.0,
                                      "Total Cost": 2626.12,
                                      "Plan Rows": 13,
                                      "Plan Width": 4,
                                      "Actual Startup Time": 2.952,
                                      "Actual Total Time": 38.055,
                                      "Actual Rows": 30,
                                      "Actual Loops": 5,
                                      "Filter": "(keyword ~~ '%sequel%'::text)",
                                      "Rows Removed by Filter": 134140
                                    }
                                  ]
                                }
                              ]
                            }
                          ]
                        }
                      ]
                    }
                  ]
                }
              ]
            }
          ]
        }
      ]
    },
    "Planning Time": 421.306,
    "Triggers": [],
    "Execution Time": 779.658
  }
]