[
    {
        "Bao": {
            "Bao prediction": "NaN",
            "Bao recommended hint": "(no hint)"
        }
    },
    {
        "Plan": {
            "Node Type": "Aggregate",
            "Strategy": "Plain",
            "Partial Mode": "Finalize",
            "Parallel Aware": false,
            "Startup Cost": 349357.81,
            "Total Cost": 349357.82,
            "Plan Rows": 1,
            "Plan Width": 8,
            "Actual Startup Time": 793.945,
            "Actual Total Time": 823.517,
            "Actual Rows": 1,
            "Actual Loops": 1,
            "Output": [
                "count(*)"
            ],
            "Plans": [
                {
                    "Node Type": "Gather",
                    "Parent Relationship": "Outer",
                    "Parallel Aware": false,
                    "Startup Cost": 349357.18,
                    "Total Cost": 349357.79,
                    "Plan Rows": 6,
                    "Plan Width": 8,
                    "Actual Startup Time": 793.832,
                    "Actual Total Time": 823.507,
                    "Actual Rows": 7,
                    "Actual Loops": 1,
                    "Output": [
                        "(PARTIAL count(*))"
                    ],
                    "Workers Planned": 6,
                    "Workers Launched": 6,
                    "Single Copy": false,
                    "Plans": [
                        {
                            "Node Type": "Aggregate",
                            "Strategy": "Plain",
                            "Partial Mode": "Partial",
                            "Parent Relationship": "Outer",
                            "Parallel Aware": false,
                            "Startup Cost": 348357.18,
                            "Total Cost": 348357.2,
                            "Plan Rows": 1,
                            "Plan Width": 8,
                            "Actual Startup Time": 784.353,
                            "Actual Total Time": 784.354,
                            "Actual Rows": 1,
                            "Actual Loops": 7,
                            "Output": [
                                "PARTIAL count(*)"
                            ],
                            "Workers": [
                                {
                                    "Worker Number": 0,
                                    "Actual Startup Time": 781.893,
                                    "Actual Total Time": 781.895,
                                    "Actual Rows": 1,
                                    "Actual Loops": 1
                                },
                                {
                                    "Worker Number": 1,
                                    "Actual Startup Time": 782.334,
                                    "Actual Total Time": 782.335,
                                    "Actual Rows": 1,
                                    "Actual Loops": 1
                                },
                                {
                                    "Worker Number": 2,
                                    "Actual Startup Time": 782.705,
                                    "Actual Total Time": 782.706,
                                    "Actual Rows": 1,
                                    "Actual Loops": 1
                                },
                                {
                                    "Worker Number": 3,
                                    "Actual Startup Time": 782.955,
                                    "Actual Total Time": 782.955,
                                    "Actual Rows": 1,
                                    "Actual Loops": 1
                                },
                                {
                                    "Worker Number": 4,
                                    "Actual Startup Time": 783.434,
                                    "Actual Total Time": 783.435,
                                    "Actual Rows": 1,
                                    "Actual Loops": 1
                                },
                                {
                                    "Worker Number": 5,
                                    "Actual Startup Time": 783.656,
                                    "Actual Total Time": 783.657,
                                    "Actual Rows": 1,
                                    "Actual Loops": 1
                                }
                            ],
                            "Plans": [
                                {
                                    "Node Type": "Seq Scan",
                                    "Parent Relationship": "Outer",
                                    "Parallel Aware": true,
                                    "Relation Name": "cast_info",
                                    "Schema": "public",
                                    "Alias": "ci",
                                    "Startup Cost": 0.0,
                                    "Total Cost": 343318.94,
                                    "Plan Rows": 2015298,
                                    "Plan Width": 0,
                                    "Actual Startup Time": 348.752,
                                    "Actual Total Time": 684.592,
                                    "Actual Rows": 1945315,
                                    "Actual Loops": 7,
                                    "Output": [
                                        "id",
                                        "person_id",
                                        "movie_id",
                                        "person_role_id",
                                        "note",
                                        "nr_order",
                                        "role_id"
                                    ],
                                    "Filter": "((ci.person_id > 883585) AND (ci.role_id > 2))",
                                    "Rows Removed by Filter": 3232448,
                                    "Workers": [
                                        {
                                            "Worker Number": 0,
                                            "Actual Startup Time": 346.301,
                                            "Actual Total Time": 682.757,
                                            "Actual Rows": 1499608,
                                            "Actual Loops": 1
                                        },
                                        {
                                            "Worker Number": 1,
                                            "Actual Startup Time": 346.727,
                                            "Actual Total Time": 683.8,
                                            "Actual Rows": 1485968,
                                            "Actual Loops": 1
                                        },
                                        {
                                            "Worker Number": 2,
                                            "Actual Startup Time": 347.095,
                                            "Actual Total Time": 682.701,
                                            "Actual Rows": 2415474,
                                            "Actual Loops": 1
                                        },
                                        {
                                            "Worker Number": 3,
                                            "Actual Startup Time": 347.359,
                                            "Actual Total Time": 686.739,
                                            "Actual Rows": 2356033,
                                            "Actual Loops": 1
                                        },
                                        {
                                            "Worker Number": 4,
                                            "Actual Startup Time": 347.83,
                                            "Actual Total Time": 684.2,
                                            "Actual Rows": 1498436,
                                            "Actual Loops": 1
                                        },
                                        {
                                            "Worker Number": 5,
                                            "Actual Startup Time": 348.064,
                                            "Actual Total Time": 684.432,
                                            "Actual Rows": 1502962,
                                            "Actual Loops": 1
                                        }
                                    ]
                                }
                            ]
                        }
                    ]
                }
            ]
        },
        "Planning Time": 177.403,
        "Triggers": [],
        "Execution Time": 823.569
    }
]