[
  {
    "Plan": {
      "Node Type": "Aggregate",
      "Strategy": "Plain",
      "Partial Mode": "Finalize",
      "Parallel Aware": false,
      "Startup Cost": 404613.51,
      "Total Cost": 404613.52,
      "Plan Rows": 1,
      "Plan Width": 8,
      "Actual Startup Time": 3117.152,
      "Actual Total Time": 3203.016,
      "Actual Rows": 1,
      "Actual Loops": 1,
      "Plans": [
        {
          "Node Type": "Gather",
          "Parent Relationship": "Outer",
          "Parallel Aware": false,
          "Startup Cost": 404613.19,
          "Total Cost": 404613.5,
          "Plan Rows": 3,
          "Plan Width": 8,
          "Actual Startup Time": 3114.009,
          "Actual Total Time": 3203.009,
          "Actual Rows": 4,
          "Actual Loops": 1,
          "Workers Planned": 3,
          "Workers Launched": 3,
          "Single Copy": false,
          "Plans": [
            {
              "Node Type": "Aggregate",
              "Strategy": "Plain",
              "Partial Mode": "Partial",
              "Parent Relationship": "Outer",
              "Parallel Aware": false,
              "Startup Cost": 403613.19,
              "Total Cost": 403613.2,
              "Plan Rows": 1,
              "Plan Width": 8,
              "Actual Startup Time": 3106.662,
              "Actual Total Time": 3106.666,
              "Actual Rows": 1,
              "Actual Loops": 4,
              "Plans": [
                {
                  "Node Type": "Nested Loop",
                  "Parent Relationship": "Outer",
                  "Parallel Aware": false,
                  "Join Type": "Inner",
                  "Startup Cost": 61958.46,
                  "Total Cost": 399202.56,
                  "Plan Rows": 1764253,
                  "Plan Width": 0,
                  "Actual Startup Time": 260.365,
                  "Actual Total Time": 2896.467,
                  "Actual Rows": 4646215,
                  "Actual Loops": 4,
                  "Inner Unique": false,
                  "Plans": [
                    {
                      "Node Type": "Hash Join",
                      "Parent Relationship": "Outer",
                      "Parallel Aware": true,
                      "Join Type": "Inner",
                      "Startup Cost": 61957.89,
                      "Total Cost": 89453.8,
                      "Plan Rows": 123050,
                      "Plan Width": 8,
                      "Actual Startup Time": 260.227,
                      "Actual Total Time": 351.52,
                      "Actual Rows": 76974,
                      "Actual Loops": 4,
                      "Inner Unique": true,
                      "Hash Cond": "(mk.movie_id = t.id)",
                      "Plans": [
                        {
                          "Node Type": "Bitmap Heap Scan",
                          "Parent Relationship": "Outer",
                          "Parallel Aware": true,
                          "Relation Name": "movie_keyword",
                          "Alias": "mk",
                          "Startup Cost": 13224.29,
                          "Total Cost": 40192.27,
                          "Plan Rows": 201118,
                          "Plan Width": 4,
                          "Actual Startup Time": 40.305,
                          "Actual Total Time": 81.277,
                          "Actual Rows": 155438,
                          "Actual Loops": 4,
                          "Recheck Cond": "(keyword_id > 29340)",
                          "Rows Removed by Index Recheck": 0,
                          "Exact Heap Blocks": 6512,
                          "Lossy Heap Blocks": 0,
                          "Plans": [
                            {
                              "Node Type": "Bitmap Index Scan",
                              "Parent Relationship": "Outer",
                              "Parallel Aware": false,
                              "Index Name": "keyword_id_movie_keyword",
                              "Startup Cost": 0.0,
                              "Total Cost": 13068.43,
                              "Plan Rows": 623466,
                              "Plan Width": 0,
                              "Actual Startup Time": 36.885,
                              "Actual Total Time": 36.886,
                              "Actual Rows": 621754,
                              "Actual Loops": 1,
                              "Index Cond": "(keyword_id > 29340)"
                            }
                          ]
                        },
                        {
                          "Node Type": "Hash",
                          "Parent Relationship": "Inner",
                          "Parallel Aware": true,
                          "Startup Cost": 43899.32,
                          "Total Cost": 43899.32,
                          "Plan Rows": 386742,
                          "Plan Width": 4,
                          "Actual Startup Time": 215.454,
                          "Actual Total Time": 215.454,
                          "Actual Rows": 382903,
                          "Actual Loops": 4,
                          "Hash Buckets": 2097152,
                          "Original Hash Buckets": 2097152,
                          "Hash Batches": 1,
                          "Original Hash Batches": 1,
                          "Peak Memory Usage": 76384,
                          "Plans": [
                            {
                              "Node Type": "Seq Scan",
                              "Parent Relationship": "Outer",
                              "Parallel Aware": true,
                              "Relation Name": "title",
                              "Alias": "t",
                              "Startup Cost": 0.0,
                              "Total Cost": 43899.32,
                              "Plan Rows": 386742,
                              "Plan Width": 4,
                              "Actual Startup Time": 0.018,
                              "Actual Total Time": 95.719,
                              "Actual Rows": 382903,
                              "Actual Loops": 4,
                              "Filter": "(production_year > 1997)",
                              "Rows Removed by Filter": 249175
                            }
                          ]
                        }
                      ]
                    },
                    {
                      "Node Type": "Index Only Scan",
                      "Parent Relationship": "Inner",
                      "Parallel Aware": false,
                      "Scan Direction": "Forward",
                      "Index Name": "movie_id_cast_info",
                      "Relation Name": "cast_info",
                      "Alias": "ci",
                      "Startup Cost": 0.56,
                      "Total Cost": 2.17,
                      "Plan Rows": 35,
                      "Plan Width": 4,
                      "Actual Startup Time": 0.004,
                      "Actual Total Time": 0.029,
                      "Actual Rows": 60,
                      "Actual Loops": 307897,
                      "Index Cond": "(movie_id = t.id)",
                      "Rows Removed by Index Recheck": 0,
                      "Heap Fetches": 18584861
                    }
                  ]
                }
              ]
            }
          ]
        }
      ]
    },
    "Planning Time": 0.492,
    "Triggers": [],
    "Execution Time": 3203.096
  }
]