[
    {
        "Bao": {
            "Bao prediction": "NaN",
            "Bao recommended hint": "(no hint)"
        }
    },
    {
        "Plan": {
            "Node Type": "Aggregate",
            "Strategy": "Plain",
            "Partial Mode": "Finalize",
            "Parallel Aware": false,
            "Startup Cost": 32662.95,
            "Total Cost": 32662.96,
            "Plan Rows": 1,
            "Plan Width": 8,
            "Actual Startup Time": 76.199,
            "Actual Total Time": 79.82,
            "Actual Rows": 1,
            "Actual Loops": 1,
            "Output": [
                "count(*)"
            ],
            "Plans": [
                {
                    "Node Type": "Gather",
                    "Parent Relationship": "Outer",
                    "Parallel Aware": false,
                    "Startup Cost": 32662.63,
                    "Total Cost": 32662.94,
                    "Plan Rows": 3,
                    "Plan Width": 8,
                    "Actual Startup Time": 75.987,
                    "Actual Total Time": 79.812,
                    "Actual Rows": 4,
                    "Actual Loops": 1,
                    "Output": [
                        "(PARTIAL count(*))"
                    ],
                    "Workers Planned": 3,
                    "Workers Launched": 3,
                    "Single Copy": false,
                    "Plans": [
                        {
                            "Node Type": "Aggregate",
                            "Strategy": "Plain",
                            "Partial Mode": "Partial",
                            "Parent Relationship": "Outer",
                            "Parallel Aware": false,
                            "Startup Cost": 31662.63,
                            "Total Cost": 31662.64,
                            "Plan Rows": 1,
                            "Plan Width": 8,
                            "Actual Startup Time": 68.151,
                            "Actual Total Time": 68.152,
                            "Actual Rows": 1,
                            "Actual Loops": 4,
                            "Output": [
                                "PARTIAL count(*)"
                            ],
                            "Workers": [
                                {
                                    "Worker Number": 0,
                                    "Actual Startup Time": 65.404,
                                    "Actual Total Time": 65.406,
                                    "Actual Rows": 1,
                                    "Actual Loops": 1
                                },
                                {
                                    "Worker Number": 1,
                                    "Actual Startup Time": 65.573,
                                    "Actual Total Time": 65.573,
                                    "Actual Rows": 1,
                                    "Actual Loops": 1
                                },
                                {
                                    "Worker Number": 2,
                                    "Actual Startup Time": 65.944,
                                    "Actual Total Time": 65.945,
                                    "Actual Rows": 1,
                                    "Actual Loops": 1
                                }
                            ],
                            "Plans": [
                                {
                                    "Node Type": "Seq Scan",
                                    "Parent Relationship": "Outer",
                                    "Parallel Aware": true,
                                    "Relation Name": "movie_companies",
                                    "Schema": "public",
                                    "Alias": "mc",
                                    "Startup Cost": 0.0,
                                    "Total Cost": 31414.82,
                                    "Plan Rows": 99124,
                                    "Plan Width": 0,
                                    "Actual Startup Time": 35.44,
                                    "Actual Total Time": 67.971,
                                    "Actual Rows": 2904,
                                    "Actual Loops": 4,
                                    "Output": [
                                        "id",
                                        "movie_id",
                                        "company_id",
                                        "company_type_id",
                                        "note"
                                    ],
                                    "Filter": "((mc.company_id > 60749) AND (mc.company_type_id = 1))",
                                    "Rows Removed by Filter": 649378,
                                    "Workers": [
                                        {
                                            "Worker Number": 0,
                                            "Actual Startup Time": 32.695,
                                            "Actual Total Time": 65.236,
                                            "Actual Rows": 2451,
                                            "Actual Loops": 1
                                        },
                                        {
                                            "Worker Number": 1,
                                            "Actual Startup Time": 32.86,
                                            "Actual Total Time": 65.401,
                                            "Actual Rows": 2646,
                                            "Actual Loops": 1
                                        },
                                        {
                                            "Worker Number": 2,
                                            "Actual Startup Time": 33.23,
                                            "Actual Total Time": 65.761,
                                            "Actual Rows": 2642,
                                            "Actual Loops": 1
                                        }
                                    ]
                                }
                            ]
                        }
                    ]
                }
            ]
        },
        "Planning Time": 231.812,
        "Triggers": [],
        "Execution Time": 79.877
    }
]