[
  {
    "Plan": {
      "Node Type": "Aggregate",
      "Strategy": "Plain",
      "Partial Mode": "Finalize",
      "Parallel Aware": false,
      "Startup Cost": 46483.17,
      "Total Cost": 46483.18,
      "Plan Rows": 1,
      "Plan Width": 8,
      "Actual Startup Time": 86.463,
      "Actual Total Time": 93.49,
      "Actual Rows": 1,
      "Actual Loops": 1,
      "Plans": [
        {
          "Node Type": "Gather",
          "Parent Relationship": "Outer",
          "Parallel Aware": false,
          "Startup Cost": 46482.75,
          "Total Cost": 46483.16,
          "Plan Rows": 4,
          "Plan Width": 8,
          "Actual Startup Time": 86.353,
          "Actual Total Time": 93.483,
          "Actual Rows": 5,
          "Actual Loops": 1,
          "Workers Planned": 4,
          "Workers Launched": 4,
          "Single Copy": false,
          "Plans": [
            {
              "Node Type": "Aggregate",
              "Strategy": "Plain",
              "Partial Mode": "Partial",
              "Parent Relationship": "Outer",
              "Parallel Aware": false,
              "Startup Cost": 45482.75,
              "Total Cost": 45482.76,
              "Plan Rows": 1,
              "Plan Width": 8,
              "Actual Startup Time": 79.801,
              "Actual Total Time": 79.802,
              "Actual Rows": 1,
              "Actual Loops": 5,
              "Plans": [
                {
                  "Node Type": "Seq Scan",
                  "Parent Relationship": "Outer",
                  "Parallel Aware": true,
                  "Relation Name": "title",
                  "Alias": "t",
                  "Startup Cost": 0.0,
                  "Total Cost": 45479.21,
                  "Plan Rows": 1418,
                  "Plan Width": 0,
                  "Actual Startup Time": 1.73,
                  "Actual Total Time": 79.64,
                  "Actual Rows": 1218,
                  "Actual Loops": 5,
                  "Filter": "((kind_id < 7) AND (production_year = 1968))",
                  "Rows Removed by Filter": 504444
                }
              ]
            }
          ]
        }
      ]
    },
    "Planning Time": 0.069,
    "Triggers": [],
    "Execution Time": 93.514
  }
]