[
  {
    "Plan": {
      "Node Type": "Aggregate",
      "Strategy": "Plain",
      "Partial Mode": "Finalize",
      "Parallel Aware": false,
      "Startup Cost": 32685.92,
      "Total Cost": 32685.93,
      "Plan Rows": 1,
      "Plan Width": 8,
      "Actual Startup Time": 97.04,
      "Actual Total Time": 105.2,
      "Actual Rows": 1,
      "Actual Loops": 1,
      "Plans": [
        {
          "Node Type": "Gather",
          "Parent Relationship": "Outer",
          "Parallel Aware": false,
          "Startup Cost": 32685.6,
          "Total Cost": 32685.91,
          "Plan Rows": 3,
          "Plan Width": 8,
          "Actual Startup Time": 96.936,
          "Actual Total Time": 105.192,
          "Actual Rows": 4,
          "Actual Loops": 1,
          "Workers Planned": 3,
          "Workers Launched": 3,
          "Single Copy": false,
          "Plans": [
            {
              "Node Type": "Aggregate",
              "Strategy": "Plain",
              "Partial Mode": "Partial",
              "Parent Relationship": "Outer",
              "Parallel Aware": false,
              "Startup Cost": 31685.6,
              "Total Cost": 31685.61,
              "Plan Rows": 1,
              "Plan Width": 8,
              "Actual Startup Time": 89.84,
              "Actual Total Time": 89.841,
              "Actual Rows": 1,
              "Actual Loops": 4,
              "Plans": [
                {
                  "Node Type": "Seq Scan",
                  "Parent Relationship": "Outer",
                  "Parallel Aware": true,
                  "Relation Name": "movie_companies",
                  "Alias": "mc",
                  "Startup Cost": 0.0,
                  "Total Cost": 31414.82,
                  "Plan Rows": 108313,
                  "Plan Width": 0,
                  "Actual Startup Time": 46.328,
                  "Actual Total Time": 82.734,
                  "Actual Rows": 161683,
                  "Actual Loops": 4,
                  "Filter": "((company_id > 49834) AND (company_type_id > 1))",
                  "Rows Removed by Filter": 490599
                }
              ]
            }
          ]
        }
      ]
    },
    "Planning Time": 0.173,
    "Triggers": [],
    "Execution Time": 105.247
  }
]