{
  "Plan": {
    "Node Type": "Aggregate",
    "Strategy": "Plain",
    "Partial Mode": "Finalize",
    "Parallel Aware": false,
    "Startup Cost": 68538.86,
    "Total Cost": 68538.87,
    "Plan Rows": 1,
    "Plan Width": 8,
    "Actual Startup Time": 61.378,
    "Actual Total Time": 69.278,
    "Actual Rows": 1,
    "Actual Loops": 1,
    "Plans": [
      {
        "Node Type": "Gather",
        "Parent Relationship": "Outer",
        "Parallel Aware": false,
        "Startup Cost": 68538.74,
        "Total Cost": 68538.85,
        "Plan Rows": 1,
        "Plan Width": 8,
        "Actual Startup Time": 61.282,
        "Actual Total Time": 69.273,
        "Actual Rows": 2,
        "Actual Loops": 1,
        "Workers Planned": 1,
        "Workers Launched": 1,
        "Single Copy": false,
        "Plans": [
          {
            "Node Type": "Aggregate",
            "Strategy": "Plain",
            "Partial Mode": "Partial",
            "Parent Relationship": "Outer",
            "Parallel Aware": false,
            "Startup Cost": 67538.74,
            "Total Cost": 67538.75,
            "Plan Rows": 1,
            "Plan Width": 8,
            "Actual Startup Time": 55.261,
            "Actual Total Time": 55.262,
            "Actual Rows": 1,
            "Actual Loops": 2,
            "Plans": [
              {
                "Node Type": "Nested Loop",
                "Parent Relationship": "Outer",
                "Parallel Aware": false,
                "Join Type": "Inner",
                "Startup Cost": 257.62,
                "Total Cost": 67534.8,
                "Plan Rows": 1579,
                "Plan Width": 0,
                "Actual Startup Time": 4.946,
                "Actual Total Time": 54.913,
                "Actual Rows": 4614,
                "Actual Loops": 2,
                "Inner Unique": false,
                "Plans": [
                  {
                    "Node Type": "Nested Loop",
                    "Parent Relationship": "Outer",
                    "Parallel Aware": false,
                    "Join Type": "Inner",
                    "Startup Cost": 257.19,
                    "Total Cost": 64753.88,
                    "Plan Rows": 270,
                    "Plan Width": 8,
                    "Actual Startup Time": 4.796,
                    "Actual Total Time": 47.486,
                    "Actual Rows": 146,
                    "Actual Loops": 2,
                    "Inner Unique": true,
                    "Plans": [
                      {
                        "Node Type": "Bitmap Heap Scan",
                        "Parent Relationship": "Outer",
                        "Parallel Aware": true,
                        "Relation Name": "movie_keyword",
                        "Alias": "mk",
                        "Startup Cost": 256.76,
                        "Total Cost": 20675.87,
                        "Plan Rows": 7008,
                        "Plan Width": 4,
                        "Actual Startup Time": 3.96,
                        "Actual Total Time": 14.059,
                        "Actual Rows": 5272,
                        "Actual Loops": 2,
                        "Recheck Cond": "(keyword_id = 398)",
                        "Rows Removed by Index Recheck": 0,
                        "Exact Heap Blocks": 4207,
                        "Lossy Heap Blocks": 0,
                        "Plans": [
                          {
                            "Node Type": "Bitmap Index Scan",
                            "Parent Relationship": "Outer",
                            "Parallel Aware": false,
                            "Index Name": "keyword_id_movie_keyword",
                            "Startup Cost": 0.0,
                            "Total Cost": 253.78,
                            "Plan Rows": 11913,
                            "Plan Width": 0,
                            "Actual Startup Time": 4.823,
                            "Actual Total Time": 4.823,
                            "Actual Rows": 10544,
                            "Actual Loops": 1,
                            "Index Cond": "(keyword_id = 398)"
                          }
                        ]
                      },
                      {
                        "Node Type": "Index Scan",
                        "Parent Relationship": "Inner",
                        "Parallel Aware": false,
                        "Scan Direction": "Forward",
                        "Index Name": "title_pkey",
                        "Relation Name": "title",
                        "Alias": "t",
                        "Startup Cost": 0.43,
                        "Total Cost": 6.29,
                        "Plan Rows": 1,
                        "Plan Width": 4,
                        "Actual Startup Time": 0.006,
                        "Actual Total Time": 0.006,
                        "Actual Rows": 0,
                        "Actual Loops": 10544,
                        "Index Cond": "(id = mk.movie_id)",
                        "Rows Removed by Index Recheck": 0,
                        "Filter": "(production_year = 2005)",
                        "Rows Removed by Filter": 1
                      }
                    ]
                  },
                  {
                    "Node Type": "Index Only Scan",
                    "Parent Relationship": "Inner",
                    "Parallel Aware": false,
                    "Scan Direction": "Forward",
                    "Index Name": "movie_id_movie_info",
                    "Relation Name": "movie_info",
                    "Alias": "mi",
                    "Startup Cost": 0.43,
                    "Total Cost": 9.88,
                    "Plan Rows": 42,
                    "Plan Width": 4,
                    "Actual Startup Time": 0.015,
                    "Actual Total Time": 0.047,
                    "Actual Rows": 32,
                    "Actual Loops": 292,
                    "Index Cond": "(movie_id = t.id)",
                    "Rows Removed by Index Recheck": 0,
                    "Heap Fetches": 9229
                  }
                ]
              }
            ]
          }
        ]
      }
    ]
  },
  "Planning Time": 0.878,
  "Triggers": [],
  "Execution Time": 69.368
}