[
  {
    "Plan": {
      "Node Type": "Aggregate",
      "Strategy": "Plain",
      "Partial Mode": "Finalize",
      "Parallel Aware": false,
      "Startup Cost": 291381.6,
      "Total Cost": 291381.61,
      "Plan Rows": 1,
      "Plan Width": 8,
      "Actual Startup Time": 176.039,
      "Actual Total Time": 185.153,
      "Actual Rows": 1,
      "Actual Loops": 1,
      "Plans": [
        {
          "Node Type": "Gather",
          "Parent Relationship": "Outer",
          "Parallel Aware": false,
          "Startup Cost": 291380.98,
          "Total Cost": 291381.59,
          "Plan Rows": 6,
          "Plan Width": 8,
          "Actual Startup Time": 175.389,
          "Actual Total Time": 185.137,
          "Actual Rows": 7,
          "Actual Loops": 1,
          "Workers Planned": 6,
          "Workers Launched": 6,
          "Single Copy": false,
          "Plans": [
            {
              "Node Type": "Aggregate",
              "Strategy": "Plain",
              "Partial Mode": "Partial",
              "Parent Relationship": "Outer",
              "Parallel Aware": false,
              "Startup Cost": 290380.98,
              "Total Cost": 290380.99,
              "Plan Rows": 1,
              "Plan Width": 8,
              "Actual Startup Time": 167.269,
              "Actual Total Time": 167.271,
              "Actual Rows": 1,
              "Actual Loops": 7,
              "Plans": [
                {
                  "Node Type": "Bitmap Heap Scan",
                  "Parent Relationship": "Outer",
                  "Parallel Aware": true,
                  "Relation Name": "cast_info",
                  "Alias": "ci",
                  "Startup Cost": 33633.2,
                  "Total Cost": 290156.93,
                  "Plan Rows": 89618,
                  "Plan Width": 0,
                  "Actual Startup Time": 85.636,
                  "Actual Total Time": 156.87,
                  "Actual Rows": 162263,
                  "Actual Loops": 7,
                  "Recheck Cond": "(person_id < 157699)",
                  "Rows Removed by Index Recheck": 0,
                  "Filter": "(role_id = 1)",
                  "Rows Removed by Filter": 64214,
                  "Exact Heap Blocks": 4394,
                  "Lossy Heap Blocks": 0,
                  "Plans": [
                    {
                      "Node Type": "Bitmap Index Scan",
                      "Parent Relationship": "Outer",
                      "Parallel Aware": false,
                      "Index Name": "person_id_cast_info",
                      "Startup Cost": 0.0,
                      "Total Cost": 33498.77,
                      "Plan Rows": 1534694,
                      "Plan Width": 0,
                      "Actual Startup Time": 89.886,
                      "Actual Total Time": 89.887,
                      "Actual Rows": 1585335,
                      "Actual Loops": 1,
                      "Index Cond": "(person_id < 157699)"
                    }
                  ]
                }
              ]
            }
          ]
        }
      ]
    },
    "Planning Time": 0.192,
    "Triggers": [],
    "Execution Time": 185.221
  }
]