{
  "Plan": {
    "Node Type": "Aggregate",
    "Strategy": "Plain",
    "Partial Mode": "Finalize",
    "Parallel Aware": false,
    "Startup Cost": 528760.13,
    "Total Cost": 528760.14,
    "Plan Rows": 1,
    "Plan Width": 8,
    "Actual Startup Time": 2639.575,
    "Actual Total Time": 2660.765,
    "Actual Rows": 1,
    "Actual Loops": 1,
    "Plans": [
      {
        "Node Type": "Gather",
        "Parent Relationship": "Outer",
        "Parallel Aware": false,
        "Startup Cost": 528760.01,
        "Total Cost": 528760.12,
        "Plan Rows": 1,
        "Plan Width": 8,
        "Actual Startup Time": 2635.854,
        "Actual Total Time": 2660.759,
        "Actual Rows": 2,
        "Actual Loops": 1,
        "Workers Planned": 1,
        "Workers Launched": 1,
        "Single Copy": false,
        "Plans": [
          {
            "Node Type": "Aggregate",
            "Strategy": "Plain",
            "Partial Mode": "Partial",
            "Parent Relationship": "Outer",
            "Parallel Aware": false,
            "Startup Cost": 527760.01,
            "Total Cost": 527760.02,
            "Plan Rows": 1,
            "Plan Width": 8,
            "Actual Startup Time": 2627.737,
            "Actual Total Time": 2627.742,
            "Actual Rows": 1,
            "Actual Loops": 2,
            "Plans": [
              {
                "Node Type": "Hash Join",
                "Parent Relationship": "Outer",
                "Parallel Aware": true,
                "Join Type": "Inner",
                "Startup Cost": 209389.13,
                "Total Cost": 518443.15,
                "Plan Rows": 3726745,
                "Plan Width": 0,
                "Actual Startup Time": 769.65,
                "Actual Total Time": 2492.221,
                "Actual Rows": 3268082,
                "Actual Loops": 2,
                "Inner Unique": true,
                "Hash Cond": "(ci.movie_id = t.id)",
                "Plans": [
                  {
                    "Node Type": "Bitmap Heap Scan",
                    "Parent Relationship": "Outer",
                    "Parallel Aware": true,
                    "Relation Name": "cast_info",
                    "Alias": "ci",
                    "Startup Cost": 139928.43,
                    "Total Cost": 439199.74,
                    "Plan Rows": 3726745,
                    "Plan Width": 4,
                    "Actual Startup Time": 247.317,
                    "Actual Total Time": 569.415,
                    "Actual Rows": 3268082,
                    "Actual Loops": 2,
                    "Recheck Cond": "(person_id < 630973)",
                    "Rows Removed by Index Recheck": 0,
                    "Exact Heap Blocks": 35095,
                    "Lossy Heap Blocks": 0,
                    "Plans": [
                      {
                        "Node Type": "Bitmap Index Scan",
                        "Parent Relationship": "Outer",
                        "Parallel Aware": false,
                        "Index Name": "person_id_cast_info",
                        "Startup Cost": 0.0,
                        "Total Cost": 138344.56,
                        "Plan Rows": 6335466,
                        "Plan Width": 0,
                        "Actual Startup Time": 235.321,
                        "Actual Total Time": 235.321,
                        "Actual Rows": 6536163,
                        "Actual Loops": 1,
                        "Index Cond": "(person_id < 630973)"
                      }
                    ]
                  },
                  {
                    "Node Type": "Hash",
                    "Parent Relationship": "Inner",
                    "Parallel Aware": true,
                    "Startup Cost": 50870.31,
                    "Total Cost": 50870.31,
                    "Plan Rows": 1487231,
                    "Plan Width": 4,
                    "Actual Startup Time": 507.979,
                    "Actual Total Time": 507.979,
                    "Actual Rows": 1264156,
                    "Actual Loops": 2,
                    "Hash Buckets": 4194304,
                    "Original Hash Buckets": 4194304,
                    "Hash Batches": 1,
                    "Original Hash Batches": 1,
                    "Peak Memory Usage": 131712,
                    "Plans": [
                      {
                        "Node Type": "Seq Scan",
                        "Parent Relationship": "Outer",
                        "Parallel Aware": true,
                        "Relation Name": "title",
                        "Alias": "t",
                        "Startup Cost": 0.0,
                        "Total Cost": 50870.31,
                        "Plan Rows": 1487231,
                        "Plan Width": 4,
                        "Actual Startup Time": 0.024,
                        "Actual Total Time": 147.225,
                        "Actual Rows": 1264156,
                        "Actual Loops": 2
                      }
                    ]
                  }
                ]
              }
            ]
          }
        ]
      }
    ]
  },
  "Planning Time": 0.281,
  "Triggers": [],
  "Execution Time": 2660.812
}