[
  {
    "Plan": {
      "Node Type": "Aggregate",
      "Strategy": "Plain",
      "Partial Mode": "Finalize",
      "Parallel Aware": false,
      "Startup Cost": 49104.37,
      "Total Cost": 49104.38,
      "Plan Rows": 1,
      "Plan Width": 8,
      "Actual Startup Time": 89.338,
      "Actual Total Time": 95.61,
      "Actual Rows": 1,
      "Actual Loops": 1,
      "Plans": [
        {
          "Node Type": "Gather",
          "Parent Relationship": "Outer",
          "Parallel Aware": false,
          "Startup Cost": 49103.95,
          "Total Cost": 49104.36,
          "Plan Rows": 4,
          "Plan Width": 8,
          "Actual Startup Time": 89.268,
          "Actual Total Time": 95.603,
          "Actual Rows": 5,
          "Actual Loops": 1,
          "Workers Planned": 4,
          "Workers Launched": 4,
          "Single Copy": false,
          "Plans": [
            {
              "Node Type": "Aggregate",
              "Strategy": "Plain",
              "Partial Mode": "Partial",
              "Parent Relationship": "Outer",
              "Parallel Aware": false,
              "Startup Cost": 48103.95,
              "Total Cost": 48103.96,
              "Plan Rows": 1,
              "Plan Width": 8,
              "Actual Startup Time": 80.982,
              "Actual Total Time": 80.984,
              "Actual Rows": 1,
              "Actual Loops": 5,
              "Plans": [
                {
                  "Node Type": "Index Scan",
                  "Parent Relationship": "Outer",
                  "Parallel Aware": true,
                  "Scan Direction": "Forward",
                  "Index Name": "role_id_cast_info",
                  "Relation Name": "cast_info",
                  "Alias": "ci",
                  "Startup Cost": 0.56,
                  "Total Cost": 47835.41,
                  "Plan Rows": 107416,
                  "Plan Width": 0,
                  "Actual Startup Time": 0.162,
                  "Actual Total Time": 75.339,
                  "Actual Rows": 83800,
                  "Actual Loops": 5,
                  "Index Cond": "(role_id = 8)",
                  "Rows Removed by Index Recheck": 0,
                  "Filter": "(person_id < 908194)",
                  "Rows Removed by Filter": 256908
                }
              ]
            }
          ]
        }
      ]
    },
    "Planning Time": 0.191,
    "Triggers": [],
    "Execution Time": 95.663
  }
]