[
    {
        "Bao": {
            "Bao prediction": 660.708,
            "Bao recommended hint": "(no hint)"
        }
    },
    {
        "Plan": {
            "Node Type": "Aggregate",
            "Strategy": "Plain",
            "Partial Mode": "Finalize",
            "Parallel Aware": false,
            "Startup Cost": 29740.39,
            "Total Cost": 29740.4,
            "Plan Rows": 1,
            "Plan Width": 8,
            "Actual Startup Time": 91.785,
            "Actual Total Time": 95.056,
            "Actual Rows": 1,
            "Actual Loops": 1,
            "Output": [
                "count(*)"
            ],
            "Plans": [
                {
                    "Node Type": "Gather",
                    "Parent Relationship": "Outer",
                    "Parallel Aware": false,
                    "Startup Cost": 29740.08,
                    "Total Cost": 29740.39,
                    "Plan Rows": 3,
                    "Plan Width": 8,
                    "Actual Startup Time": 91.666,
                    "Actual Total Time": 95.049,
                    "Actual Rows": 4,
                    "Actual Loops": 1,
                    "Output": [
                        "(PARTIAL count(*))"
                    ],
                    "Workers Planned": 3,
                    "Workers Launched": 3,
                    "Single Copy": false,
                    "Plans": [
                        {
                            "Node Type": "Aggregate",
                            "Strategy": "Plain",
                            "Partial Mode": "Partial",
                            "Parent Relationship": "Outer",
                            "Parallel Aware": false,
                            "Startup Cost": 28740.08,
                            "Total Cost": 28740.09,
                            "Plan Rows": 1,
                            "Plan Width": 8,
                            "Actual Startup Time": 83.715,
                            "Actual Total Time": 83.717,
                            "Actual Rows": 1,
                            "Actual Loops": 4,
                            "Output": [
                                "PARTIAL count(*)"
                            ],
                            "Workers": [
                                {
                                    "Worker Number": 0,
                                    "Actual Startup Time": 81.034,
                                    "Actual Total Time": 81.036,
                                    "Actual Rows": 1,
                                    "Actual Loops": 1
                                },
                                {
                                    "Worker Number": 1,
                                    "Actual Startup Time": 81.193,
                                    "Actual Total Time": 81.195,
                                    "Actual Rows": 1,
                                    "Actual Loops": 1
                                },
                                {
                                    "Worker Number": 2,
                                    "Actual Startup Time": 81.551,
                                    "Actual Total Time": 81.553,
                                    "Actual Rows": 1,
                                    "Actual Loops": 1
                                }
                            ],
                            "Plans": [
                                {
                                    "Node Type": "Bitmap Heap Scan",
                                    "Parent Relationship": "Outer",
                                    "Parallel Aware": true,
                                    "Relation Name": "movie_companies",
                                    "Schema": "public",
                                    "Alias": "mc",
                                    "Startup Cost": 8000.68,
                                    "Total Cost": 28587.4,
                                    "Plan Rows": 61069,
                                    "Plan Width": 0,
                                    "Actual Startup Time": 35.199,
                                    "Actual Total Time": 75.662,
                                    "Actual Rows": 94189,
                                    "Actual Loops": 4,
                                    "Recheck Cond": "(mc.company_id > 84781)",
                                    "Rows Removed by Index Recheck": 0,
                                    "Filter": "(mc.company_type_id > 1)",
                                    "Rows Removed by Filter": 0,
                                    "Exact Heap Blocks": 2652,
                                    "Lossy Heap Blocks": 0,
                                    "Workers": [
                                        {
                                            "Worker Number": 0,
                                            "Actual Startup Time": 32.652,
                                            "Actual Total Time": 73.573,
                                            "Actual Rows": 72461,
                                            "Actual Loops": 1
                                        },
                                        {
                                            "Worker Number": 1,
                                            "Actual Startup Time": 32.698,
                                            "Actual Total Time": 73.714,
                                            "Actual Rows": 72291,
                                            "Actual Loops": 1
                                        },
                                        {
                                            "Worker Number": 2,
                                            "Actual Startup Time": 33.068,
                                            "Actual Total Time": 74.046,
                                            "Actual Rows": 72925,
                                            "Actual Loops": 1
                                        }
                                    ],
                                    "Plans": [
                                        {
                                            "Node Type": "Bitmap Index Scan",
                                            "Parent Relationship": "Outer",
                                            "Parallel Aware": false,
                                            "Index Name": "company_id_movie_companies",
                                            "Startup Cost": 0.0,
                                            "Total Cost": 7953.35,
                                            "Plan Rows": 371323,
                                            "Plan Width": 0,
                                            "Actual Startup Time": 41.166,
                                            "Actual Total Time": 41.166,
                                            "Actual Rows": 376756,
                                            "Actual Loops": 1,
                                            "Index Cond": "(mc.company_id > 84781)"
                                        }
                                    ]
                                }
                            ]
                        }
                    ]
                }
            ]
        },
        "Planning Time": 2713.551,
        "Triggers": [],
        "Execution Time": 95.167
    }
]