{
  "Plan": {
    "Node Type": "Aggregate",
    "Strategy": "Plain",
    "Partial Mode": "Finalize",
    "Parallel Aware": false,
    "Startup Cost": 331893.49,
    "Total Cost": 331893.5,
    "Plan Rows": 1,
    "Plan Width": 8,
    "Actual Startup Time": 1943.975,
    "Actual Total Time": 1984.911,
    "Actual Rows": 1,
    "Actual Loops": 1,
    "Plans": [
      {
        "Node Type": "Gather",
        "Parent Relationship": "Outer",
        "Parallel Aware": false,
        "Startup Cost": 331893.38,
        "Total Cost": 331893.49,
        "Plan Rows": 1,
        "Plan Width": 8,
        "Actual Startup Time": 1943.049,
        "Actual Total Time": 1984.901,
        "Actual Rows": 2,
        "Actual Loops": 1,
        "Workers Planned": 1,
        "Workers Launched": 1,
        "Single Copy": false,
        "Plans": [
          {
            "Node Type": "Aggregate",
            "Strategy": "Plain",
            "Partial Mode": "Partial",
            "Parent Relationship": "Outer",
            "Parallel Aware": false,
            "Startup Cost": 330893.38,
            "Total Cost": 330893.39,
            "Plan Rows": 1,
            "Plan Width": 8,
            "Actual Startup Time": 1937.686,
            "Actual Total Time": 1937.69,
            "Actual Rows": 1,
            "Actual Loops": 2,
            "Plans": [
              {
                "Node Type": "Hash Join",
                "Parent Relationship": "Outer",
                "Parallel Aware": true,
                "Join Type": "Inner",
                "Startup Cost": 56672.55,
                "Total Cost": 328456.04,
                "Plan Rows": 974936,
                "Plan Width": 0,
                "Actual Startup Time": 194.79,
                "Actual Total Time": 1878.669,
                "Actual Rows": 1498592,
                "Actual Loops": 2,
                "Inner Unique": true,
                "Hash Cond": "(mi.movie_id = t.id)",
                "Plans": [
                  {
                    "Node Type": "Seq Scan",
                    "Parent Relationship": "Outer",
                    "Parallel Aware": true,
                    "Relation Name": "movie_info",
                    "Alias": "mi",
                    "Startup Cost": 0.0,
                    "Total Cost": 248955.74,
                    "Plan Rows": 8696274,
                    "Plan Width": 4,
                    "Actual Startup Time": 0.012,
                    "Actual Total Time": 640.754,
                    "Actual Rows": 7417860,
                    "Actual Loops": 2
                  },
                  {
                    "Node Type": "Hash",
                    "Parent Relationship": "Inner",
                    "Parallel Aware": true,
                    "Startup Cost": 54588.39,
                    "Total Cost": 54588.39,
                    "Plan Rows": 166733,
                    "Plan Width": 4,
                    "Actual Startup Time": 188.916,
                    "Actual Total Time": 188.917,
                    "Actual Rows": 148236,
                    "Actual Loops": 2,
                    "Hash Buckets": 524288,
                    "Original Hash Buckets": 524288,
                    "Hash Batches": 1,
                    "Original Hash Batches": 1,
                    "Peak Memory Usage": 15712,
                    "Plans": [
                      {
                        "Node Type": "Seq Scan",
                        "Parent Relationship": "Outer",
                        "Parallel Aware": true,
                        "Relation Name": "title",
                        "Alias": "t",
                        "Startup Cost": 0.0,
                        "Total Cost": 54588.39,
                        "Plan Rows": 166733,
                        "Plan Width": 4,
                        "Actual Startup Time": 0.027,
                        "Actual Total Time": 142.658,
                        "Actual Rows": 148236,
                        "Actual Loops": 2,
                        "Filter": "(production_year < 1965)",
                        "Rows Removed by Filter": 1115920
                      }
                    ]
                  }
                ]
              }
            ]
          }
        ]
      }
    ]
  },
  "Planning Time": 0.33,
  "Triggers": [],
  "Execution Time": 1984.963
}