[
  {
    "Plan": {
      "Node Type": "Aggregate",
      "Strategy": "Plain",
      "Partial Mode": "Finalize",
      "Parallel Aware": false,
      "Startup Cost": 37166.61,
      "Total Cost": 37166.62,
      "Plan Rows": 1,
      "Plan Width": 8,
      "Actual Startup Time": 127.162,
      "Actual Total Time": 138.445,
      "Actual Rows": 1,
      "Actual Loops": 1,
      "Plans": [
        {
          "Node Type": "Gather",
          "Parent Relationship": "Outer",
          "Parallel Aware": false,
          "Startup Cost": 37166.29,
          "Total Cost": 37166.6,
          "Plan Rows": 3,
          "Plan Width": 8,
          "Actual Startup Time": 126.86,
          "Actual Total Time": 138.433,
          "Actual Rows": 4,
          "Actual Loops": 1,
          "Workers Planned": 3,
          "Workers Launched": 3,
          "Single Copy": false,
          "Plans": [
            {
              "Node Type": "Aggregate",
              "Strategy": "Plain",
              "Partial Mode": "Partial",
              "Parent Relationship": "Outer",
              "Parallel Aware": false,
              "Startup Cost": 36166.29,
              "Total Cost": 36166.3,
              "Plan Rows": 1,
              "Plan Width": 8,
              "Actual Startup Time": 120.817,
              "Actual Total Time": 120.823,
              "Actual Rows": 1,
              "Actual Loops": 4,
              "Plans": [
                {
                  "Node Type": "Bitmap Heap Scan",
                  "Parent Relationship": "Outer",
                  "Parallel Aware": true,
                  "Relation Name": "movie_keyword",
                  "Alias": "mk",
                  "Startup Cost": 9536.82,
                  "Total Cost": 35803.71,
                  "Plan Rows": 145032,
                  "Plan Width": 0,
                  "Actual Startup Time": 36.941,
                  "Actual Total Time": 113.334,
                  "Actual Rows": 111927,
                  "Actual Loops": 4,
                  "Recheck Cond": "(keyword_id > 39646)",
                  "Rows Removed by Index Recheck": 0,
                  "Exact Heap Blocks": 11128,
                  "Lossy Heap Blocks": 0,
                  "Plans": [
                    {
                      "Node Type": "Bitmap Index Scan",
                      "Parent Relationship": "Outer",
                      "Parallel Aware": false,
                      "Index Name": "keyword_id_movie_keyword",
                      "Startup Cost": 0.0,
                      "Total Cost": 9424.42,
                      "Plan Rows": 449598,
                      "Plan Width": 0,
                      "Actual Startup Time": 38.895,
                      "Actual Total Time": 38.914,
                      "Actual Rows": 447709,
                      "Actual Loops": 1,
                      "Index Cond": "(keyword_id > 39646)"
                    }
                  ]
                }
              ]
            }
          ]
        }
      ]
    },
    "Planning Time": 0.099,
    "Triggers": [],
    "Execution Time": 138.496
  }
]