[
    {
        "Bao": {
            "Bao prediction": "NaN",
            "Bao recommended hint": "(no hint)"
        }
    },
    {
        "Plan": {
            "Node Type": "Aggregate",
            "Strategy": "Plain",
            "Partial Mode": "Finalize",
            "Parallel Aware": false,
            "Startup Cost": 368009.48,
            "Total Cost": 368009.49,
            "Plan Rows": 1,
            "Plan Width": 8,
            "Actual Startup Time": 653.818,
            "Actual Total Time": 678.73,
            "Actual Rows": 1,
            "Actual Loops": 1,
            "Output": [
                "count(*)"
            ],
            "Plans": [
                {
                    "Node Type": "Gather",
                    "Parent Relationship": "Outer",
                    "Parallel Aware": false,
                    "Startup Cost": 368008.85,
                    "Total Cost": 368009.46,
                    "Plan Rows": 6,
                    "Plan Width": 8,
                    "Actual Startup Time": 641.363,
                    "Actual Total Time": 678.721,
                    "Actual Rows": 7,
                    "Actual Loops": 1,
                    "Output": [
                        "(PARTIAL count(*))"
                    ],
                    "Workers Planned": 6,
                    "Workers Launched": 6,
                    "Single Copy": false,
                    "Plans": [
                        {
                            "Node Type": "Aggregate",
                            "Strategy": "Plain",
                            "Partial Mode": "Partial",
                            "Parent Relationship": "Outer",
                            "Parallel Aware": false,
                            "Startup Cost": 367008.85,
                            "Total Cost": 367008.86,
                            "Plan Rows": 1,
                            "Plan Width": 8,
                            "Actual Startup Time": 628.901,
                            "Actual Total Time": 628.904,
                            "Actual Rows": 1,
                            "Actual Loops": 7,
                            "Output": [
                                "PARTIAL count(*)"
                            ],
                            "Workers": [
                                {
                                    "Worker Number": 0,
                                    "Actual Startup Time": 626.422,
                                    "Actual Total Time": 626.427,
                                    "Actual Rows": 1,
                                    "Actual Loops": 1
                                },
                                {
                                    "Worker Number": 1,
                                    "Actual Startup Time": 628.893,
                                    "Actual Total Time": 628.896,
                                    "Actual Rows": 1,
                                    "Actual Loops": 1
                                },
                                {
                                    "Worker Number": 2,
                                    "Actual Startup Time": 626.589,
                                    "Actual Total Time": 626.592,
                                    "Actual Rows": 1,
                                    "Actual Loops": 1
                                },
                                {
                                    "Worker Number": 3,
                                    "Actual Startup Time": 626.711,
                                    "Actual Total Time": 626.715,
                                    "Actual Rows": 1,
                                    "Actual Loops": 1
                                },
                                {
                                    "Worker Number": 4,
                                    "Actual Startup Time": 626.474,
                                    "Actual Total Time": 626.479,
                                    "Actual Rows": 1,
                                    "Actual Loops": 1
                                },
                                {
                                    "Worker Number": 5,
                                    "Actual Startup Time": 626.436,
                                    "Actual Total Time": 626.44,
                                    "Actual Rows": 1,
                                    "Actual Loops": 1
                                }
                            ],
                            "Plans": [
                                {
                                    "Node Type": "Hash Join",
                                    "Parent Relationship": "Outer",
                                    "Parallel Aware": true,
                                    "Join Type": "Inner",
                                    "Startup Cost": 106328.75,
                                    "Total Cost": 366574.92,
                                    "Plan Rows": 173573,
                                    "Plan Width": 0,
                                    "Actual Startup Time": 397.0,
                                    "Actual Total Time": 618.678,
                                    "Actual Rows": 170237,
                                    "Actual Loops": 7,
                                    "Inner Unique": true,
                                    "Hash Cond": "(ci.movie_id = t.id)",
                                    "Workers": [
                                        {
                                            "Worker Number": 0,
                                            "Actual Startup Time": 394.27,
                                            "Actual Total Time": 615.769,
                                            "Actual Rows": 148804,
                                            "Actual Loops": 1
                                        },
                                        {
                                            "Worker Number": 1,
                                            "Actual Startup Time": 396.074,
                                            "Actual Total Time": 617.794,
                                            "Actual Rows": 148056,
                                            "Actual Loops": 1
                                        },
                                        {
                                            "Worker Number": 2,
                                            "Actual Startup Time": 394.835,
                                            "Actual Total Time": 616.576,
                                            "Actual Rows": 185294,
                                            "Actual Loops": 1
                                        },
                                        {
                                            "Worker Number": 3,
                                            "Actual Startup Time": 395.001,
                                            "Actual Total Time": 615.426,
                                            "Actual Rows": 145746,
                                            "Actual Loops": 1
                                        },
                                        {
                                            "Worker Number": 4,
                                            "Actual Startup Time": 394.797,
                                            "Actual Total Time": 617.2,
                                            "Actual Rows": 180727,
                                            "Actual Loops": 1
                                        },
                                        {
                                            "Worker Number": 5,
                                            "Actual Startup Time": 394.885,
                                            "Actual Total Time": 616.907,
                                            "Actual Rows": 172521,
                                            "Actual Loops": 1
                                        }
                                    ],
                                    "Plans": [
                                        {
                                            "Node Type": "Bitmap Heap Scan",
                                            "Parent Relationship": "Outer",
                                            "Parallel Aware": true,
                                            "Relation Name": "cast_info",
                                            "Schema": "public",
                                            "Alias": "ci",
                                            "Startup Cost": 58508.5,
                                            "Total Cost": 317836.61,
                                            "Plan Rows": 349736,
                                            "Plan Width": 4,
                                            "Actual Startup Time": 227.334,
                                            "Actual Total Time": 321.66,
                                            "Actual Rows": 346722,
                                            "Actual Loops": 7,
                                            "Output": [
                                                "ci.id",
                                                "ci.person_id",
                                                "ci.movie_id",
                                                "ci.person_role_id",
                                                "ci.note",
                                                "ci.nr_order",
                                                "ci.role_id"
                                            ],
                                            "Recheck Cond": "(ci.person_id < 259781)",
                                            "Rows Removed by Index Recheck": 0,
                                            "Filter": "(ci.role_id < 7)",
                                            "Rows Removed by Filter": 40558,
                                            "Exact Heap Blocks": 5597,
                                            "Lossy Heap Blocks": 0,
                                            "Workers": [
                                                {
                                                    "Worker Number": 0,
                                                    "Actual Startup Time": 227.088,
                                                    "Actual Total Time": 322.876,
                                                    "Actual Rows": 298549,
                                                    "Actual Loops": 1
                                                },
                                                {
                                                    "Worker Number": 1,
                                                    "Actual Startup Time": 227.262,
                                                    "Actual Total Time": 326.494,
                                                    "Actual Rows": 302753,
                                                    "Actual Loops": 1
                                                },
                                                {
                                                    "Worker Number": 2,
                                                    "Actual Startup Time": 227.233,
                                                    "Actual Total Time": 322.094,
                                                    "Actual Rows": 378974,
                                                    "Actual Loops": 1
                                                },
                                                {
                                                    "Worker Number": 3,
                                                    "Actual Startup Time": 227.378,
                                                    "Actual Total Time": 326.398,
                                                    "Actual Rows": 297045,
                                                    "Actual Loops": 1
                                                },
                                                {
                                                    "Worker Number": 4,
                                                    "Actual Startup Time": 227.348,
                                                    "Actual Total Time": 318.608,
                                                    "Actual Rows": 368975,
                                                    "Actual Loops": 1
                                                },
                                                {
                                                    "Worker Number": 5,
                                                    "Actual Startup Time": 227.576,
                                                    "Actual Total Time": 319.969,
                                                    "Actual Rows": 346569,
                                                    "Actual Loops": 1
                                                }
                                            ],
                                            "Plans": [
                                                {
                                                    "Node Type": "Bitmap Index Scan",
                                                    "Parent Relationship": "Outer",
                                                    "Parallel Aware": false,
                                                    "Index Name": "person_id_cast_info",
                                                    "Startup Cost": 0.0,
                                                    "Total Cost": 57983.9,
                                                    "Plan Rows": 2656444,
                                                    "Plan Width": 0,
                                                    "Actual Startup Time": 219.855,
                                                    "Actual Total Time": 219.855,
                                                    "Actual Rows": 2710956,
                                                    "Actual Loops": 1,
                                                    "Index Cond": "(ci.person_id < 259781)",
                                                    "Workers": [
                                                        {
                                                            "Worker Number": 0,
                                                            "Actual Startup Time": 219.855,
                                                            "Actual Total Time": 219.855,
                                                            "Actual Rows": 2710956,
                                                            "Actual Loops": 1
                                                        }
                                                    ]
                                                }
                                            ]
                                        },
                                        {
                                            "Node Type": "Hash",
                                            "Parent Relationship": "Inner",
                                            "Parallel Aware": true,
                                            "Startup Cost": 43899.01,
                                            "Total Cost": 43899.01,
                                            "Plan Rows": 313700,
                                            "Plan Width": 4,
                                            "Actual Startup Time": 165.327,
                                            "Actual Total Time": 165.328,
                                            "Actual Rows": 180042,
                                            "Actual Loops": 7,
                                            "Output": [
                                                "t.id"
                                            ],
                                            "Hash Buckets": 2097152,
                                            "Original Hash Buckets": 2097152,
                                            "Hash Batches": 1,
                                            "Original Hash Batches": 1,
                                            "Peak Memory Usage": 65792,
                                            "Workers": [
                                                {
                                                    "Worker Number": 0,
                                                    "Actual Startup Time": 166.738,
                                                    "Actual Total Time": 166.739,
                                                    "Actual Rows": 132439,
                                                    "Actual Loops": 1
                                                },
                                                {
                                                    "Worker Number": 1,
                                                    "Actual Startup Time": 168.329,
                                                    "Actual Total Time": 168.33,
                                                    "Actual Rows": 147729,
                                                    "Actual Loops": 1
                                                },
                                                {
                                                    "Worker Number": 2,
                                                    "Actual Startup Time": 166.843,
                                                    "Actual Total Time": 166.844,
                                                    "Actual Rows": 195038,
                                                    "Actual Loops": 1
                                                },
                                                {
                                                    "Worker Number": 3,
                                                    "Actual Startup Time": 166.947,
                                                    "Actual Total Time": 166.948,
                                                    "Actual Rows": 141934,
                                                    "Actual Loops": 1
                                                },
                                                {
                                                    "Worker Number": 4,
                                                    "Actual Startup Time": 166.739,
                                                    "Actual Total Time": 166.741,
                                                    "Actual Rows": 174714,
                                                    "Actual Loops": 1
                                                },
                                                {
                                                    "Worker Number": 5,
                                                    "Actual Startup Time": 166.671,
                                                    "Actual Total Time": 166.673,
                                                    "Actual Rows": 171820,
                                                    "Actual Loops": 1
                                                }
                                            ],
                                            "Plans": [
                                                {
                                                    "Node Type": "Seq Scan",
                                                    "Parent Relationship": "Outer",
                                                    "Parallel Aware": true,
                                                    "Relation Name": "title",
                                                    "Schema": "public",
                                                    "Alias": "t",
                                                    "Startup Cost": 0.0,
                                                    "Total Cost": 43899.01,
                                                    "Plan Rows": 313700,
                                                    "Plan Width": 4,
                                                    "Actual Startup Time": 0.043,
                                                    "Actual Total Time": 80.061,
                                                    "Actual Rows": 180042,
                                                    "Actual Loops": 7,
                                                    "Output": [
                                                        "t.id"
                                                    ],
                                                    "Filter": "(t.production_year > 2002)",
                                                    "Rows Removed by Filter": 181145,
                                                    "Workers": [
                                                        {
                                                            "Worker Number": 0,
                                                            "Actual Startup Time": 0.055,
                                                            "Actual Total Time": 82.585,
                                                            "Actual Rows": 132439,
                                                            "Actual Loops": 1
                                                        },
                                                        {
                                                            "Worker Number": 1,
                                                            "Actual Startup Time": 0.03,
                                                            "Actual Total Time": 84.539,
                                                            "Actual Rows": 147729,
                                                            "Actual Loops": 1
                                                        },
                                                        {
                                                            "Worker Number": 2,
                                                            "Actual Startup Time": 0.049,
                                                            "Actual Total Time": 80.517,
                                                            "Actual Rows": 195038,
                                                            "Actual Loops": 1
                                                        },
                                                        {
                                                            "Worker Number": 3,
                                                            "Actual Startup Time": 0.046,
                                                            "Actual Total Time": 84.022,
                                                            "Actual Rows": 141934,
                                                            "Actual Loops": 1
                                                        },
                                                        {
                                                            "Worker Number": 4,
                                                            "Actual Startup Time": 0.049,
                                                            "Actual Total Time": 80.495,
                                                            "Actual Rows": 174714,
                                                            "Actual Loops": 1
                                                        },
                                                        {
                                                            "Worker Number": 5,
                                                            "Actual Startup Time": 0.057,
                                                            "Actual Total Time": 79.851,
                                                            "Actual Rows": 171820,
                                                            "Actual Loops": 1
                                                        }
                                                    ]
                                                }
                                            ]
                                        }
                                    ]
                                }
                            ]
                        }
                    ]
                }
            ]
        },
        "Planning Time": 238.231,
        "Triggers": [],
        "Execution Time": 678.831
    }
]