[
  {
    "Plan": {
      "Node Type": "Aggregate",
      "Strategy": "Plain",
      "Partial Mode": "Finalize",
      "Parallel Aware": false,
      "Startup Cost": 476914.38,
      "Total Cost": 476914.39,
      "Plan Rows": 1,
      "Plan Width": 8,
      "Actual Startup Time": 2416.879,
      "Actual Total Time": 2471.857,
      "Actual Rows": 1,
      "Actual Loops": 1,
      "Plans": [
        {
          "Node Type": "Gather",
          "Parent Relationship": "Outer",
          "Parallel Aware": false,
          "Startup Cost": 476913.75,
          "Total Cost": 476914.36,
          "Plan Rows": 6,
          "Plan Width": 8,
          "Actual Startup Time": 2402.256,
          "Actual Total Time": 2471.843,
          "Actual Rows": 7,
          "Actual Loops": 1,
          "Workers Planned": 6,
          "Workers Launched": 6,
          "Single Copy": false,
          "Plans": [
            {
              "Node Type": "Aggregate",
              "Strategy": "Plain",
              "Partial Mode": "Partial",
              "Parent Relationship": "Outer",
              "Parallel Aware": false,
              "Startup Cost": 475913.75,
              "Total Cost": 475913.76,
              "Plan Rows": 1,
              "Plan Width": 8,
              "Actual Startup Time": 2382.146,
              "Actual Total Time": 2382.511,
              "Actual Rows": 1,
              "Actual Loops": 7,
              "Plans": [
                {
                  "Node Type": "Hash Join",
                  "Parent Relationship": "Outer",
                  "Parallel Aware": true,
                  "Join Type": "Inner",
                  "Startup Cost": 103736.83,
                  "Total Cost": 460015.08,
                  "Plan Rows": 6359469,
                  "Plan Width": 0,
                  "Actual Startup Time": 407.239,
                  "Actual Total Time": 2230.88,
                  "Actual Rows": 3103297,
                  "Actual Loops": 7,
                  "Inner Unique": false,
                  "Hash Cond": "(ci.movie_id = t.id)",
                  "Plans": [
                    {
                      "Node Type": "Seq Scan",
                      "Parent Relationship": "Outer",
                      "Parallel Aware": true,
                      "Relation Name": "cast_info",
                      "Alias": "ci",
                      "Startup Cost": 0.0,
                      "Total Cost": 313106.51,
                      "Plan Rows": 6041951,
                      "Plan Width": 4,
                      "Actual Startup Time": 0.039,
                      "Actual Total Time": 579.924,
                      "Actual Rows": 5177763,
                      "Actual Loops": 7
                    },
                    {
                      "Node Type": "Hash",
                      "Parent Relationship": "Inner",
                      "Parallel Aware": true,
                      "Startup Cost": 93005.79,
                      "Total Cost": 93005.79,
                      "Plan Rows": 858483,
                      "Plan Width": 8,
                      "Actual Startup Time": 400.719,
                      "Actual Total Time": 401.082,
                      "Actual Rows": 90784,
                      "Actual Loops": 7,
                      "Hash Buckets": 4194304,
                      "Original Hash Buckets": 4194304,
                      "Hash Batches": 1,
                      "Original Hash Batches": 1,
                      "Peak Memory Usage": 57760,
                      "Plans": [
                        {
                          "Node Type": "Hash Join",
                          "Parent Relationship": "Outer",
                          "Parallel Aware": true,
                          "Join Type": "Inner",
                          "Startup Cost": 50127.71,
                          "Total Cost": 93005.79,
                          "Plan Rows": 858483,
                          "Plan Width": 8,
                          "Actual Startup Time": 211.108,
                          "Actual Total Time": 357.875,
                          "Actual Rows": 90784,
                          "Actual Loops": 7,
                          "Inner Unique": true,
                          "Hash Cond": "(mk.movie_id = t.id)",
                          "Plans": [
                            {
                              "Node Type": "Seq Scan",
                              "Parent Relationship": "Outer",
                              "Parallel Aware": true,
                              "Relation Name": "movie_keyword",
                              "Alias": "mk",
                              "Startup Cost": 0.0,
                              "Total Cost": 39047.32,
                              "Plan Rows": 1459332,
                              "Plan Width": 4,
                              "Actual Startup Time": 0.041,
                              "Actual Total Time": 62.161,
                              "Actual Rows": 646276,
                              "Actual Loops": 7
                            },
                            {
                              "Node Type": "Hash",
                              "Parent Relationship": "Inner",
                              "Parallel Aware": true,
                              "Startup Cost": 45479.59,
                              "Total Cost": 45479.59,
                              "Plan Rows": 371850,
                              "Plan Width": 4,
                              "Actual Startup Time": 208.846,
                              "Actual Total Time": 208.85,
                              "Actual Rows": 211206,
                              "Actual Loops": 7,
                              "Hash Buckets": 2097152,
                              "Original Hash Buckets": 2097152,
                              "Hash Batches": 1,
                              "Original Hash Batches": 1,
                              "Peak Memory Usage": 74336,
                              "Plans": [
                                {
                                  "Node Type": "Seq Scan",
                                  "Parent Relationship": "Outer",
                                  "Parallel Aware": true,
                                  "Relation Name": "title",
                                  "Alias": "t",
                                  "Startup Cost": 0.0,
                                  "Total Cost": 45479.59,
                                  "Plan Rows": 371850,
                                  "Plan Width": 4,
                                  "Actual Startup Time": 0.093,
                                  "Actual Total Time": 91.941,
                                  "Actual Rows": 211206,
                                  "Actual Loops": 7,
                                  "Filter": "((production_year > 1905) AND (kind_id = 7))",
                                  "Rows Removed by Filter": 149982
                                }
                              ]
                            }
                          ]
                        }
                      ]
                    }
                  ]
                }
              ]
            }
          ]
        }
      ]
    },
    "Planning Time": 0.957,
    "Triggers": [],
    "Execution Time": 2471.936
  }
]