[
  {
    "Plan": {
      "Node Type": "Aggregate",
      "Strategy": "Plain",
      "Partial Mode": "Finalize",
      "Parallel Aware": false,
      "Startup Cost": 350481.65,
      "Total Cost": 350481.66,
      "Plan Rows": 1,
      "Plan Width": 8,
      "Actual Startup Time": 734.228,
      "Actual Total Time": 798.101,
      "Actual Rows": 1,
      "Actual Loops": 1,
      "Plans": [
        {
          "Node Type": "Gather",
          "Parent Relationship": "Outer",
          "Parallel Aware": false,
          "Startup Cost": 350481.03,
          "Total Cost": 350481.64,
          "Plan Rows": 6,
          "Plan Width": 8,
          "Actual Startup Time": 734.051,
          "Actual Total Time": 798.078,
          "Actual Rows": 7,
          "Actual Loops": 1,
          "Workers Planned": 6,
          "Workers Launched": 6,
          "Single Copy": false,
          "Plans": [
            {
              "Node Type": "Aggregate",
              "Strategy": "Plain",
              "Partial Mode": "Partial",
              "Parent Relationship": "Outer",
              "Parallel Aware": false,
              "Startup Cost": 349481.03,
              "Total Cost": 349481.04,
              "Plan Rows": 1,
              "Plan Width": 8,
              "Actual Startup Time": 725.215,
              "Actual Total Time": 725.216,
              "Actual Rows": 1,
              "Actual Loops": 7,
              "Plans": [
                {
                  "Node Type": "Seq Scan",
                  "Parent Relationship": "Outer",
                  "Parallel Aware": true,
                  "Relation Name": "cast_info",
                  "Alias": "ci",
                  "Startup Cost": 0.0,
                  "Total Cost": 343257.03,
                  "Plan Rows": 2489600,
                  "Plan Width": 0,
                  "Actual Startup Time": 0.048,
                  "Actual Total Time": 628.087,
                  "Actual Rows": 2400786,
                  "Actual Loops": 7,
                  "Filter": "((person_id < 1762867) AND (role_id < 9))",
                  "Rows Removed by Filter": 2776978
                }
              ]
            }
          ]
        }
      ]
    },
    "Planning Time": 0.221,
    "Triggers": [],
    "Execution Time": 798.173
  }
]