[
  {
    "Plan": {
      "Node Type": "Aggregate",
      "Strategy": "Plain",
      "Partial Mode": "Finalize",
      "Parallel Aware": false,
      "Startup Cost": 126087.71,
      "Total Cost": 126087.72,
      "Plan Rows": 1,
      "Plan Width": 8,
      "Actual Startup Time": 800.418,
      "Actual Total Time": 824.79,
      "Actual Rows": 1,
      "Actual Loops": 1,
      "Plans": [
        {
          "Node Type": "Gather",
          "Parent Relationship": "Outer",
          "Parallel Aware": false,
          "Startup Cost": 126087.4,
          "Total Cost": 126087.71,
          "Plan Rows": 3,
          "Plan Width": 8,
          "Actual Startup Time": 784.837,
          "Actual Total Time": 824.778,
          "Actual Rows": 4,
          "Actual Loops": 1,
          "Workers Planned": 3,
          "Workers Launched": 3,
          "Single Copy": false,
          "Plans": [
            {
              "Node Type": "Aggregate",
              "Strategy": "Plain",
              "Partial Mode": "Partial",
              "Parent Relationship": "Outer",
              "Parallel Aware": false,
              "Startup Cost": 125087.4,
              "Total Cost": 125087.41,
              "Plan Rows": 1,
              "Plan Width": 8,
              "Actual Startup Time": 775.82,
              "Actual Total Time": 775.955,
              "Actual Rows": 1,
              "Actual Loops": 4,
              "Plans": [
                {
                  "Node Type": "Hash Join",
                  "Parent Relationship": "Outer",
                  "Parallel Aware": true,
                  "Join Type": "Inner",
                  "Startup Cost": 93632.46,
                  "Total Cost": 124829.55,
                  "Plan Rows": 103139,
                  "Plan Width": 0,
                  "Actual Startup Time": 583.812,
                  "Actual Total Time": 748.687,
                  "Actual Rows": 702984,
                  "Actual Loops": 4,
                  "Inner Unique": false,
                  "Hash Cond": "(mc.movie_id = t.id)",
                  "Plans": [
                    {
                      "Node Type": "Seq Scan",
                      "Parent Relationship": "Outer",
                      "Parallel Aware": true,
                      "Relation Name": "movie_companies",
                      "Alias": "mc",
                      "Startup Cost": 0.0,
                      "Total Cost": 29310.68,
                      "Plan Rows": 414318,
                      "Plan Width": 4,
                      "Actual Startup Time": 0.024,
                      "Actual Total Time": 64.258,
                      "Actual Rows": 318562,
                      "Actual Loops": 4,
                      "Filter": "(company_type_id < 2)",
                      "Rows Removed by Filter": 333721
                    },
                    {
                      "Node Type": "Hash",
                      "Parent Relationship": "Inner",
                      "Parallel Aware": true,
                      "Startup Cost": 91094.61,
                      "Total Cost": 91094.61,
                      "Plan Rows": 203028,
                      "Plan Width": 8,
                      "Actual Startup Time": 578.922,
                      "Actual Total Time": 579.055,
                      "Actual Rows": 160432,
                      "Actual Loops": 4,
                      "Hash Buckets": 1048576,
                      "Original Hash Buckets": 1048576,
                      "Hash Batches": 1,
                      "Original Hash Batches": 1,
                      "Peak Memory Usage": 33344,
                      "Plans": [
                        {
                          "Node Type": "Hash Join",
                          "Parent Relationship": "Outer",
                          "Parallel Aware": true,
                          "Join Type": "Inner",
                          "Startup Cost": 63569.82,
                          "Total Cost": 91094.61,
                          "Plan Rows": 203028,
                          "Plan Width": 8,
                          "Actual Startup Time": 395.291,
                          "Actual Total Time": 520.904,
                          "Actual Rows": 160432,
                          "Actual Loops": 4,
                          "Inner Unique": true,
                          "Hash Cond": "(mk.movie_id = t.id)",
                          "Plans": [
                            {
                              "Node Type": "Bitmap Heap Scan",
                              "Parent Relationship": "Outer",
                              "Parallel Aware": true,
                              "Relation Name": "movie_keyword",
                              "Alias": "mk",
                              "Startup Cost": 13350.17,
                              "Total Cost": 40342.02,
                              "Plan Rows": 203028,
                              "Plan Width": 4,
                              "Actual Startup Time": 39.648,
                              "Actual Total Time": 101.04,
                              "Actual Rows": 160432,
                              "Actual Loops": 4,
                              "Recheck Cond": "(keyword_id < 498)",
                              "Rows Removed by Index Recheck": 0,
                              "Exact Heap Blocks": 7753,
                              "Lossy Heap Blocks": 0,
                              "Plans": [
                                {
                                  "Node Type": "Bitmap Index Scan",
                                  "Parent Relationship": "Outer",
                                  "Parallel Aware": false,
                                  "Index Name": "keyword_id_movie_keyword",
                                  "Startup Cost": 0.0,
                                  "Total Cost": 13192.83,
                                  "Plan Rows": 629386,
                                  "Plan Width": 0,
                                  "Actual Startup Time": 36.01,
                                  "Actual Total Time": 36.011,
                                  "Actual Rows": 641726,
                                  "Actual Loops": 1,
                                  "Index Cond": "(keyword_id < 498)"
                                }
                              ]
                            },
                            {
                              "Node Type": "Hash",
                              "Parent Relationship": "Inner",
                              "Parallel Aware": true,
                              "Startup Cost": 42318.73,
                              "Total Cost": 42318.73,
                              "Plan Rows": 632073,
                              "Plan Width": 4,
                              "Actual Startup Time": 347.598,
                              "Actual Total Time": 347.599,
                              "Actual Rows": 632078,
                              "Actual Loops": 4,
                              "Hash Buckets": 4194304,
                              "Original Hash Buckets": 4194304,
                              "Hash Batches": 1,
                              "Original Hash Batches": 1,
                              "Peak Memory Usage": 131744,
                              "Plans": [
                                {
                                  "Node Type": "Seq Scan",
                                  "Parent Relationship": "Outer",
                                  "Parallel Aware": true,
                                  "Relation Name": "title",
                                  "Alias": "t",
                                  "Startup Cost": 0.0,
                                  "Total Cost": 42318.73,
                                  "Plan Rows": 632073,
                                  "Plan Width": 4,
                                  "Actual Startup Time": 0.045,
                                  "Actual Total Time": 96.633,
                                  "Actual Rows": 632078,
                                  "Actual Loops": 4
                                }
                              ]
                            }
                          ]
                        }
                      ]
                    }
                  ]
                }
              ]
            }
          ]
        }
      ]
    },
    "Planning Time": 1.469,
    "Triggers": [],
    "Execution Time": 824.896
  }
]