[
  {
    "Plan": {
      "Node Type": "Aggregate",
      "Strategy": "Plain",
      "Partial Mode": "Finalize",
      "Parallel Aware": false,
      "Startup Cost": 30986.59,
      "Total Cost": 30986.6,
      "Plan Rows": 1,
      "Plan Width": 8,
      "Actual Startup Time": 76.604,
      "Actual Total Time": 84.697,
      "Actual Rows": 1,
      "Actual Loops": 1,
      "Plans": [
        {
          "Node Type": "Gather",
          "Parent Relationship": "Outer",
          "Parallel Aware": false,
          "Startup Cost": 30986.28,
          "Total Cost": 30986.59,
          "Plan Rows": 3,
          "Plan Width": 8,
          "Actual Startup Time": 76.484,
          "Actual Total Time": 84.691,
          "Actual Rows": 4,
          "Actual Loops": 1,
          "Workers Planned": 3,
          "Workers Launched": 3,
          "Single Copy": false,
          "Plans": [
            {
              "Node Type": "Aggregate",
              "Strategy": "Plain",
              "Partial Mode": "Partial",
              "Parent Relationship": "Outer",
              "Parallel Aware": false,
              "Startup Cost": 29986.28,
              "Total Cost": 29986.29,
              "Plan Rows": 1,
              "Plan Width": 8,
              "Actual Startup Time": 72.96,
              "Actual Total Time": 72.961,
              "Actual Rows": 1,
              "Actual Loops": 4,
              "Plans": [
                {
                  "Node Type": "Seq Scan",
                  "Parent Relationship": "Outer",
                  "Parallel Aware": true,
                  "Relation Name": "movie_companies",
                  "Alias": "mc",
                  "Startup Cost": 0.0,
                  "Total Cost": 29310.68,
                  "Plan Rows": 270238,
                  "Plan Width": 0,
                  "Actual Startup Time": 14.279,
                  "Actual Total Time": 64.354,
                  "Actual Rows": 206838,
                  "Actual Loops": 4,
                  "Filter": "(company_id > 27631)",
                  "Rows Removed by Filter": 445444
                }
              ]
            }
          ]
        }
      ]
    },
    "Planning Time": 0.088,
    "Triggers": [],
    "Execution Time": 84.734
  }
]