{
    "Plan": {
        "Node Type": "Aggregate",
        "Strategy": "Plain",
        "Partial Mode": "Finalize",
        "Parallel Aware": false,
        "Startup Cost": 292748.12,
        "Total Cost": 292748.13,
        "Plan Rows": 1,
        "Plan Width": 8,
        "Actual Startup Time": 954.041,
        "Actual Total Time": 983.436,
        "Actual Rows": 1,
        "Actual Loops": 1,
        "Output": [
            "count(*)"
        ],
        "Plans": [
            {
                "Node Type": "Gather",
                "Parent Relationship": "Outer",
                "Parallel Aware": false,
                "Startup Cost": 292747.49,
                "Total Cost": 292748.1,
                "Plan Rows": 6,
                "Plan Width": 8,
                "Actual Startup Time": 945.056,
                "Actual Total Time": 983.421,
                "Actual Rows": 7,
                "Actual Loops": 1,
                "Output": [
                    "(PARTIAL count(*))"
                ],
                "Workers Planned": 6,
                "Workers Launched": 6,
                "Single Copy": false,
                "Plans": [
                    {
                        "Node Type": "Aggregate",
                        "Strategy": "Plain",
                        "Partial Mode": "Partial",
                        "Parent Relationship": "Outer",
                        "Parallel Aware": false,
                        "Startup Cost": 291747.49,
                        "Total Cost": 291747.5,
                        "Plan Rows": 1,
                        "Plan Width": 8,
                        "Actual Startup Time": 930.93,
                        "Actual Total Time": 931.163,
                        "Actual Rows": 1,
                        "Actual Loops": 7,
                        "Output": [
                            "PARTIAL count(*)"
                        ],
                        "Workers": [
                            {
                                "Worker Number": 0,
                                "Actual Startup Time": 928.417,
                                "Actual Total Time": 928.421,
                                "Actual Rows": 1,
                                "Actual Loops": 1
                            },
                            {
                                "Worker Number": 1,
                                "Actual Startup Time": 928.407,
                                "Actual Total Time": 928.412,
                                "Actual Rows": 1,
                                "Actual Loops": 1
                            },
                            {
                                "Worker Number": 2,
                                "Actual Startup Time": 928.423,
                                "Actual Total Time": 928.428,
                                "Actual Rows": 1,
                                "Actual Loops": 1
                            },
                            {
                                "Worker Number": 3,
                                "Actual Startup Time": 929.875,
                                "Actual Total Time": 929.88,
                                "Actual Rows": 1,
                                "Actual Loops": 1
                            },
                            {
                                "Worker Number": 4,
                                "Actual Startup Time": 928.52,
                                "Actual Total Time": 928.526,
                                "Actual Rows": 1,
                                "Actual Loops": 1
                            },
                            {
                                "Worker Number": 5,
                                "Actual Startup Time": 928.886,
                                "Actual Total Time": 928.893,
                                "Actual Rows": 1,
                                "Actual Loops": 1
                            }
                        ],
                        "Plans": [
                            {
                                "Node Type": "Hash Join",
                                "Parent Relationship": "Outer",
                                "Parallel Aware": true,
                                "Join Type": "Inner",
                                "Startup Cost": 85951.51,
                                "Total Cost": 290813.63,
                                "Plan Rows": 373546,
                                "Plan Width": 0,
                                "Actual Startup Time": 404.287,
                                "Actual Total Time": 905.862,
                                "Actual Rows": 567847,
                                "Actual Loops": 7,
                                "Inner Unique": false,
                                "Hash Cond": "(ci.movie_id = t.id)",
                                "Workers": [
                                    {
                                        "Worker Number": 0,
                                        "Actual Startup Time": 401.863,
                                        "Actual Total Time": 902.973,
                                        "Actual Rows": 577478,
                                        "Actual Loops": 1
                                    },
                                    {
                                        "Worker Number": 1,
                                        "Actual Startup Time": 402.001,
                                        "Actual Total Time": 902.884,
                                        "Actual Rows": 579505,
                                        "Actual Loops": 1
                                    },
                                    {
                                        "Worker Number": 2,
                                        "Actual Startup Time": 401.971,
                                        "Actual Total Time": 902.605,
                                        "Actual Rows": 584626,
                                        "Actual Loops": 1
                                    },
                                    {
                                        "Worker Number": 3,
                                        "Actual Startup Time": 402.174,
                                        "Actual Total Time": 904.976,
                                        "Actual Rows": 539252,
                                        "Actual Loops": 1
                                    },
                                    {
                                        "Worker Number": 4,
                                        "Actual Startup Time": 402.215,
                                        "Actual Total Time": 904.207,
                                        "Actual Rows": 524720,
                                        "Actual Loops": 1
                                    },
                                    {
                                        "Worker Number": 5,
                                        "Actual Startup Time": 402.402,
                                        "Actual Total Time": 904.165,
                                        "Actual Rows": 535047,
                                        "Actual Loops": 1
                                    }
                                ],
                                "Plans": [
                                    {
                                        "Node Type": "Index Scan",
                                        "Parent Relationship": "Outer",
                                        "Parallel Aware": true,
                                        "Scan Direction": "Forward",
                                        "Index Name": "role_id_cast_info",
                                        "Relation Name": "cast_info",
                                        "Schema": "public",
                                        "Alias": "ci",
                                        "Startup Cost": 0.56,
                                        "Total Cost": 200814.65,
                                        "Plan Rows": 830445,
                                        "Plan Width": 4,
                                        "Actual Startup Time": 0.181,
                                        "Actual Total Time": 229.146,
                                        "Actual Rows": 800099,
                                        "Actual Loops": 7,
                                        "Output": [
                                            "ci.id",
                                            "ci.person_id",
                                            "ci.movie_id",
                                            "ci.person_role_id",
                                            "ci.note",
                                            "ci.nr_order",
                                            "ci.role_id"
                                        ],
                                        "Index Cond": "(ci.role_id = 2)",
                                        "Rows Removed by Index Recheck": 0,
                                        "Filter": "(ci.person_id < 2460364)",
                                        "Rows Removed by Filter": 264468,
                                        "Workers": [
                                            {
                                                "Worker Number": 0,
                                                "Actual Startup Time": 0.083,
                                                "Actual Total Time": 234.005,
                                                "Actual Rows": 816364,
                                                "Actual Loops": 1
                                            },
                                            {
                                                "Worker Number": 1,
                                                "Actual Startup Time": 0.229,
                                                "Actual Total Time": 230.217,
                                                "Actual Rows": 804872,
                                                "Actual Loops": 1
                                            },
                                            {
                                                "Worker Number": 2,
                                                "Actual Startup Time": 0.187,
                                                "Actual Total Time": 234.85,
                                                "Actual Rows": 816744,
                                                "Actual Loops": 1
                                            },
                                            {
                                                "Worker Number": 3,
                                                "Actual Startup Time": 0.305,
                                                "Actual Total Time": 230.509,
                                                "Actual Rows": 748877,
                                                "Actual Loops": 1
                                            },
                                            {
                                                "Worker Number": 4,
                                                "Actual Startup Time": 0.332,
                                                "Actual Total Time": 232.858,
                                                "Actual Rows": 746859,
                                                "Actual Loops": 1
                                            },
                                            {
                                                "Worker Number": 5,
                                                "Actual Startup Time": 0.081,
                                                "Actual Total Time": 231.551,
                                                "Actual Rows": 753438,
                                                "Actual Loops": 1
                                            }
                                        ]
                                    },
                                    {
                                        "Node Type": "Hash",
                                        "Parent Relationship": "Inner",
                                        "Parallel Aware": true,
                                        "Startup Cost": 82396.97,
                                        "Total Cost": 82396.97,
                                        "Plan Rows": 284318,
                                        "Plan Width": 8,
                                        "Actual Startup Time": 399.673,
                                        "Actual Total Time": 399.904,
                                        "Actual Rows": 178357,
                                        "Actual Loops": 7,
                                        "Output": [
                                            "t.id",
                                            "mc.movie_id"
                                        ],
                                        "Hash Buckets": 2097152,
                                        "Original Hash Buckets": 2097152,
                                        "Hash Batches": 1,
                                        "Original Hash Batches": 1,
                                        "Peak Memory Usage": 65344,
                                        "Workers": [
                                            {
                                                "Worker Number": 0,
                                                "Actual Startup Time": 401.379,
                                                "Actual Total Time": 401.382,
                                                "Actual Rows": 183999,
                                                "Actual Loops": 1
                                            },
                                            {
                                                "Worker Number": 1,
                                                "Actual Startup Time": 401.355,
                                                "Actual Total Time": 401.359,
                                                "Actual Rows": 184937,
                                                "Actual Loops": 1
                                            },
                                            {
                                                "Worker Number": 2,
                                                "Actual Startup Time": 401.381,
                                                "Actual Total Time": 401.384,
                                                "Actual Rows": 186781,
                                                "Actual Loops": 1
                                            },
                                            {
                                                "Worker Number": 3,
                                                "Actual Startup Time": 401.414,
                                                "Actual Total Time": 401.417,
                                                "Actual Rows": 162722,
                                                "Actual Loops": 1
                                            },
                                            {
                                                "Worker Number": 4,
                                                "Actual Startup Time": 401.459,
                                                "Actual Total Time": 401.463,
                                                "Actual Rows": 161686,
                                                "Actual Loops": 1
                                            },
                                            {
                                                "Worker Number": 5,
                                                "Actual Startup Time": 401.736,
                                                "Actual Total Time": 401.741,
                                                "Actual Rows": 163625,
                                                "Actual Loops": 1
                                            }
                                        ],
                                        "Plans": [
                                            {
                                                "Node Type": "Hash Join",
                                                "Parent Relationship": "Outer",
                                                "Parallel Aware": true,
                                                "Join Type": "Inner",
                                                "Startup Cost": 36000.61,
                                                "Total Cost": 82396.97,
                                                "Plan Rows": 284318,
                                                "Plan Width": 8,
                                                "Actual Startup Time": 131.516,
                                                "Actual Total Time": 322.119,
                                                "Actual Rows": 178357,
                                                "Actual Loops": 7,
                                                "Output": [
                                                    "t.id",
                                                    "mc.movie_id"
                                                ],
                                                "Inner Unique": false,
                                                "Hash Cond": "(t.id = mc.movie_id)",
                                                "Workers": [
                                                    {
                                                        "Worker Number": 0,
                                                        "Actual Startup Time": 131.454,
                                                        "Actual Total Time": 321.459,
                                                        "Actual Rows": 183999,
                                                        "Actual Loops": 1
                                                    },
                                                    {
                                                        "Worker Number": 1,
                                                        "Actual Startup Time": 131.421,
                                                        "Actual Total Time": 320.98,
                                                        "Actual Rows": 184937,
                                                        "Actual Loops": 1
                                                    },
                                                    {
                                                        "Worker Number": 2,
                                                        "Actual Startup Time": 131.479,
                                                        "Actual Total Time": 323.126,
                                                        "Actual Rows": 186781,
                                                        "Actual Loops": 1
                                                    },
                                                    {
                                                        "Worker Number": 3,
                                                        "Actual Startup Time": 131.564,
                                                        "Actual Total Time": 322.171,
                                                        "Actual Rows": 162722,
                                                        "Actual Loops": 1
                                                    },
                                                    {
                                                        "Worker Number": 4,
                                                        "Actual Startup Time": 131.538,
                                                        "Actual Total Time": 322.422,
                                                        "Actual Rows": 161686,
                                                        "Actual Loops": 1
                                                    },
                                                    {
                                                        "Worker Number": 5,
                                                        "Actual Startup Time": 131.559,
                                                        "Actual Total Time": 323.107,
                                                        "Actual Rows": 163625,
                                                        "Actual Loops": 1
                                                    }
                                                ],
                                                "Plans": [
                                                    {
                                                        "Node Type": "Seq Scan",
                                                        "Parent Relationship": "Outer",
                                                        "Parallel Aware": true,
                                                        "Relation Name": "title",
                                                        "Schema": "public",
                                                        "Alias": "t",
                                                        "Startup Cost": 0.0,
                                                        "Total Cost": 42318.81,
                                                        "Plan Rows": 632080,
                                                        "Plan Width": 4,
                                                        "Actual Startup Time": 0.031,
                                                        "Actual Total Time": 55.566,
                                                        "Actual Rows": 361187,
                                                        "Actual Loops": 7,
                                                        "Output": [
                                                            "t.id",
                                                            "t.title",
                                                            "t.imdb_index",
                                                            "t.kind_id",
                                                            "t.production_year",
                                                            "t.imdb_id",
                                                            "t.phonetic_code",
                                                            "t.episode_of_id",
                                                            "t.season_nr",
                                                            "t.episode_nr",
                                                            "t.series_years",
                                                            "t.md5sum"
                                                        ],
                                                        "Workers": [
                                                            {
                                                                "Worker Number": 0,
                                                                "Actual Startup Time": 0.033,
                                                                "Actual Total Time": 57.965,
                                                                "Actual Rows": 372236,
                                                                "Actual Loops": 1
                                                            },
                                                            {
                                                                "Worker Number": 1,
                                                                "Actual Startup Time": 0.035,
                                                                "Actual Total Time": 57.434,
                                                                "Actual Rows": 373033,
                                                                "Actual Loops": 1
                                                            },
                                                            {
                                                                "Worker Number": 2,
                                                                "Actual Startup Time": 0.034,
                                                                "Actual Total Time": 58.574,
                                                                "Actual Rows": 378833,
                                                                "Actual Loops": 1
                                                            },
                                                            {
                                                                "Worker Number": 3,
                                                                "Actual Startup Time": 0.037,
                                                                "Actual Total Time": 58.015,
                                                                "Actual Rows": 328515,
                                                                "Actual Loops": 1
                                                            },
                                                            {
                                                                "Worker Number": 4,
                                                                "Actual Startup Time": 0.032,
                                                                "Actual Total Time": 58.63,
                                                                "Actual Rows": 325913,
                                                                "Actual Loops": 1
                                                            },
                                                            {
                                                                "Worker Number": 5,
                                                                "Actual Startup Time": 0.037,
                                                                "Actual Total Time": 58.337,
                                                                "Actual Rows": 329968,
                                                                "Actual Loops": 1
                                                            }
                                                        ]
                                                    },
                                                    {
                                                        "Node Type": "Hash",
                                                        "Parent Relationship": "Inner",
                                                        "Parallel Aware": true,
                                                        "Startup Cost": 31414.82,
                                                        "Total Cost": 31414.82,
                                                        "Plan Rows": 366863,
                                                        "Plan Width": 4,
                                                        "Actual Startup Time": 129.409,
                                                        "Actual Total Time": 129.411,
                                                        "Actual Rows": 178357,
                                                        "Actual Loops": 7,
                                                        "Output": [
                                                            "mc.movie_id"
                                                        ],
                                                        "Hash Buckets": 2097152,
                                                        "Original Hash Buckets": 2097152,
                                                        "Hash Batches": 1,
                                                        "Original Hash Batches": 1,
                                                        "Peak Memory Usage": 65344,
                                                        "Workers": [
                                                            {
                                                                "Worker Number": 0,
                                                                "Actual Startup Time": 131.363,
                                                                "Actual Total Time": 131.364,
                                                                "Actual Rows": 180193,
                                                                "Actual Loops": 1
                                                            },
                                                            {
                                                                "Worker Number": 1,
                                                                "Actual Startup Time": 131.355,
                                                                "Actual Total Time": 131.356,
                                                                "Actual Rows": 180588,
                                                                "Actual Loops": 1
                                                            },
                                                            {
                                                                "Worker Number": 2,
                                                                "Actual Startup Time": 131.323,
                                                                "Actual Total Time": 131.324,
                                                                "Actual Rows": 180212,
                                                                "Actual Loops": 1
                                                            },
                                                            {
                                                                "Worker Number": 3,
                                                                "Actual Startup Time": 131.208,
                                                                "Actual Total Time": 131.209,
                                                                "Actual Rows": 167845,
                                                                "Actual Loops": 1
                                                            },
                                                            {
                                                                "Worker Number": 4,
                                                                "Actual Startup Time": 131.199,
                                                                "Actual Total Time": 131.2,
                                                                "Actual Rows": 167616,
                                                                "Actual Loops": 1
                                                            },
                                                            {
                                                                "Worker Number": 5,
                                                                "Actual Startup Time": 131.195,
                                                                "Actual Total Time": 131.197,
                                                                "Actual Rows": 166881,
                                                                "Actual Loops": 1
                                                            }
                                                        ],
                                                        "Plans": [
                                                            {
                                                                "Node Type": "Seq Scan",
                                                                "Parent Relationship": "Outer",
                                                                "Parallel Aware": true,
                                                                "Relation Name": "movie_companies",
                                                                "Schema": "public",
                                                                "Alias": "mc",
                                                                "Startup Cost": 0.0,
                                                                "Total Cost": 31414.82,
                                                                "Plan Rows": 366863,
                                                                "Plan Width": 4,
                                                                "Actual Startup Time": 39.125,
                                                                "Actual Total Time": 65.584,
                                                                "Actual Rows": 178357,
                                                                "Actual Loops": 7,
                                                                "Output": [
                                                                    "mc.movie_id"
                                                                ],
                                                                "Filter": "((mc.company_id > 217) AND (mc.company_type_id > 1))",
                                                                "Rows Removed by Filter": 194376,
                                                                "Workers": [
                                                                    {
                                                                        "Worker Number": 0,
                                                                        "Actual Startup Time": 39.113,
                                                                        "Actual Total Time": 66.021,
                                                                        "Actual Rows": 180193,
                                                                        "Actual Loops": 1
                                                                    },
                                                                    {
                                                                        "Worker Number": 1,
                                                                        "Actual Startup Time": 39.121,
                                                                        "Actual Total Time": 66.289,
                                                                        "Actual Rows": 180588,
                                                                        "Actual Loops": 1
                                                                    },
                                                                    {
                                                                        "Worker Number": 2,
                                                                        "Actual Startup Time": 39.134,
                                                                        "Actual Total Time": 66.219,
                                                                        "Actual Rows": 180212,
                                                                        "Actual Loops": 1
                                                                    },
                                                                    {
                                                                        "Worker Number": 3,
                                                                        "Actual Startup Time": 39.097,
                                                                        "Actual Total Time": 65.62,
                                                                        "Actual Rows": 167845,
                                                                        "Actual Loops": 1
                                                                    },
                                                                    {
                                                                        "Worker Number": 4,
                                                                        "Actual Startup Time": 39.126,
                                                                        "Actual Total Time": 65.724,
                                                                        "Actual Rows": 167616,
                                                                        "Actual Loops": 1
                                                                    },
                                                                    {
                                                                        "Worker Number": 5,
                                                                        "Actual Startup Time": 39.108,
                                                                        "Actual Total Time": 65.623,
                                                                        "Actual Rows": 166881,
                                                                        "Actual Loops": 1
                                                                    }
                                                                ]
                                                            }
                                                        ]
                                                    }
                                                ]
                                            }
                                        ]
                                    }
                                ]
                            }
                        ]
                    }
                ]
            }
        ]
    },
    "Planning Time": 1.52,
    "Triggers": [],
    "Execution Time": 983.53
}