[
  {
    "Plan": {
      "Node Type": "Aggregate",
      "Strategy": "Plain",
      "Partial Mode": "Finalize",
      "Parallel Aware": false,
      "Startup Cost": 535692.96,
      "Total Cost": 535692.97,
      "Plan Rows": 1,
      "Plan Width": 64,
      "Actual Startup Time": 4430.072,
      "Actual Total Time": 4505.077,
      "Actual Rows": 1,
      "Actual Loops": 1,
      "Plans": [
        {
          "Node Type": "Gather",
          "Parent Relationship": "Outer",
          "Parallel Aware": false,
          "Startup Cost": 535692.63,
          "Total Cost": 535692.94,
          "Plan Rows": 3,
          "Plan Width": 64,
          "Actual Startup Time": 4422.061,
          "Actual Total Time": 4505.055,
          "Actual Rows": 4,
          "Actual Loops": 1,
          "Workers Planned": 3,
          "Workers Launched": 3,
          "Single Copy": false,
          "Plans": [
            {
              "Node Type": "Aggregate",
              "Strategy": "Plain",
              "Partial Mode": "Partial",
              "Parent Relationship": "Outer",
              "Parallel Aware": false,
              "Startup Cost": 534692.63,
              "Total Cost": 534692.64,
              "Plan Rows": 1,
              "Plan Width": 64,
              "Actual Startup Time": 4409.65,
              "Actual Total Time": 4409.681,
              "Actual Rows": 1,
              "Actual Loops": 4,
              "Plans": [
                {
                  "Node Type": "Hash Join",
                  "Parent Relationship": "Outer",
                  "Parallel Aware": true,
                  "Join Type": "Inner",
                  "Startup Cost": 518860.38,
                  "Total Cost": 534692.63,
                  "Plan Rows": 1,
                  "Plan Width": 32,
                  "Actual Startup Time": 4374.911,
                  "Actual Total Time": 4409.658,
                  "Actual Rows": 8,
                  "Actual Loops": 4,
                  "Inner Unique": false,
                  "Hash Cond": "(an.person_id = n.id)",
                  "Plans": [
                    {
                      "Node Type": "Seq Scan",
                      "Parent Relationship": "Outer",
                      "Parallel Aware": true,
                      "Relation Name": "aka_name",
                      "Alias": "an",
                      "Startup Cost": 0.0,
                      "Total Cost": 15030.45,
                      "Plan Rows": 213810,
                      "Plan Width": 4,
                      "Actual Startup Time": 0.031,
                      "Actual Total Time": 61.574,
                      "Actual Rows": 168673,
                      "Actual Loops": 4,
                      "Filter": "(name ~~ '%a%'::text)",
                      "Rows Removed by Filter": 56663
                    },
                    {
                      "Node Type": "Hash",
                      "Parent Relationship": "Inner",
                      "Parallel Aware": true,
                      "Startup Cost": 518860.37,
                      "Total Cost": 518860.37,
                      "Plan Rows": 1,
                      "Plan Width": 44,
                      "Actual Startup Time": 4337.101,
                      "Actual Total Time": 4337.127,
                      "Actual Rows": 4,
                      "Actual Loops": 4,
                      "Hash Buckets": 1024,
                      "Original Hash Buckets": 1024,
                      "Hash Batches": 1,
                      "Original Hash Batches": 1,
                      "Peak Memory Usage": 104,
                      "Plans": [
                        {
                          "Node Type": "Hash Join",
                          "Parent Relationship": "Outer",
                          "Parallel Aware": false,
                          "Join Type": "Inner",
                          "Startup Cost": 473065.97,
                          "Total Cost": 518860.37,
                          "Plan Rows": 1,
                          "Plan Width": 44,
                          "Actual Startup Time": 4314.013,
                          "Actual Total Time": 4337.003,
                          "Actual Rows": 4,
                          "Actual Loops": 4,
                          "Inner Unique": false,
                          "Hash Cond": "(t.id = ml.linked_movie_id)",
                          "Plans": [
                            {
                              "Node Type": "Hash Join",
                              "Parent Relationship": "Outer",
                              "Parallel Aware": true,
                              "Join Type": "Inner",
                              "Startup Cost": 472483.66,
                              "Total Cost": 518278.04,
                              "Plan Rows": 1,
                              "Plan Width": 52,
                              "Actual Startup Time": 4127.836,
                              "Actual Total Time": 4321.094,
                              "Actual Rows": 98,
                              "Actual Loops": 4,
                              "Inner Unique": false,
                              "Hash Cond": "(t.id = ci.movie_id)",
                              "Plans": [
                                {
                                  "Node Type": "Seq Scan",
                                  "Parent Relationship": "Outer",
                                  "Parallel Aware": true,
                                  "Relation Name": "title",
                                  "Alias": "t",
                                  "Startup Cost": 0.0,
                                  "Total Cost": 45478.94,
                                  "Plan Rows": 84112,
                                  "Plan Width": 21,
                                  "Actual Startup Time": 0.048,
                                  "Actual Total Time": 181.966,
                                  "Actual Rows": 85046,
                                  "Actual Loops": 4,
                                  "Filter": "((production_year >= 1980) AND (production_year <= 1995))",
                                  "Rows Removed by Filter": 547032
                                },
                                {
                                  "Node Type": "Hash",
                                  "Parent Relationship": "Inner",
                                  "Parallel Aware": true,
                                  "Startup Cost": 472483.65,
                                  "Total Cost": 472483.65,
                                  "Plan Rows": 1,
                                  "Plan Width": 31,
                                  "Actual Startup Time": 4126.476,
                                  "Actual Total Time": 4126.491,
                                  "Actual Rows": 668,
                                  "Actual Loops": 4,
                                  "Hash Buckets": 4096,
                                  "Original Hash Buckets": 1024,
                                  "Hash Batches": 1,
                                  "Original Hash Batches": 1,
                                  "Peak Memory Usage": 312,
                                  "Plans": [
                                    {
                                      "Node Type": "Hash Join",
                                      "Parent Relationship": "Outer",
                                      "Parallel Aware": true,
                                      "Join Type": "Inner",
                                      "Startup Cost": 140866.25,
                                      "Total Cost": 472483.65,
                                      "Plan Rows": 1,
                                      "Plan Width": 31,
                                      "Actual Startup Time": 853.728,
                                      "Actual Total Time": 3513.839,
                                      "Actual Rows": 668,
                                      "Actual Loops": 4,
                                      "Inner Unique": false,
                                      "Hash Cond": "(n.id = pi.person_id)",
                                      "Plans": [
                                        {
                                          "Node Type": "Hash Join",
                                          "Parent Relationship": "Outer",
                                          "Parallel Aware": true,
                                          "Join Type": "Inner",
                                          "Startup Cost": 80565.86,
                                          "Total Cost": 409553.52,
                                          "Plan Rows": 701260,
                                          "Plan Width": 27,
                                          "Actual Startup Time": 524.479,
                                          "Actual Total Time": 3148.936,
                                          "Actual Rows": 1376218,
                                          "Actual Loops": 4,
                                          "Inner Unique": true,
                                          "Hash Cond": "(ci.person_id = n.id)",
                                          "Plans": [
                                            {
                                              "Node Type": "Seq Scan",
                                              "Parent Relationship": "Outer",
                                              "Parallel Aware": true,
                                              "Relation Name": "cast_info",
                                              "Alias": "ci",
                                              "Startup Cost": 0.0,
                                              "Total Cost": 313123.16,
                                              "Plan Rows": 6043616,
                                              "Plan Width": 8,
                                              "Actual Startup Time": 0.031,
                                              "Actual Total Time": 1449.09,
                                              "Actual Rows": 9061086,
                                              "Actual Loops": 4
                                            },
                                            {
                                              "Node Type": "Hash",
                                              "Parent Relationship": "Inner",
                                              "Parallel Aware": true,
                                              "Startup Cost": 79054.73,
                                              "Total Cost": 79054.73,
                                              "Plan Rows": 120890,
                                              "Plan Width": 19,
                                              "Actual Startup Time": 522.661,
                                              "Actual Total Time": 522.663,
                                              "Actual Rows": 135823,
                                              "Actual Loops": 4,
                                              "Hash Buckets": 1048576,
                                              "Original Hash Buckets": 524288,
                                              "Hash Batches": 1,
                                              "Original Hash Batches": 1,
                                              "Peak Memory Usage": 41824,
                                              "Plans": [
                                                {
                                                  "Node Type": "Seq Scan",
                                                  "Parent Relationship": "Outer",
                                                  "Parallel Aware": true,
                                                  "Relation Name": "name",
                                                  "Alias": "n",
                                                  "Startup Cost": 0.0,
                                                  "Total Cost": 79054.73,
                                                  "Plan Rows": 120890,
                                                  "Plan Width": 19,
                                                  "Actual Startup Time": 0.05,
                                                  "Actual Total Time": 401.998,
                                                  "Actual Rows": 135823,
                                                  "Actual Loops": 4,
                                                  "Filter": "(((name_pcode_cf)::text >= 'A'::text) AND ((name_pcode_cf)::text <= 'F'::text) AND (((gender)::text = 'm'::text) OR (((gender)::text = 'f'::text) AND (name ~~ 'B%'::text))))",
                                                  "Rows Removed by Filter": 906050
                                                }
                                              ]
                                            }
                                          ]
                                        },
                                        {
                                          "Node Type": "Hash",
                                          "Parent Relationship": "Inner",
                                          "Parallel Aware": true,
                                          "Startup Cost": 60300.38,
                                          "Total Cost": 60300.38,
                                          "Plan Rows": 1,
                                          "Plan Width": 4,
                                          "Actual Startup Time": 286.533,
                                          "Actual Total Time": 286.539,
                                          "Actual Rows": 16,
                                          "Actual Loops": 4,
                                          "Hash Buckets": 1024,
                                          "Original Hash Buckets": 1024,
                                          "Hash Batches": 1,
                                          "Original Hash Batches": 1,
                                          "Peak Memory Usage": 136,
                                          "Plans": [
                                            {
                                              "Node Type": "Hash Join",
                                              "Parent Relationship": "Outer",
                                              "Parallel Aware": false,
                                              "Join Type": "Inner",
                                              "Startup Cost": 2.43,
                                              "Total Cost": 60300.38,
                                              "Plan Rows": 1,
                                              "Plan Width": 4,
                                              "Actual Startup Time": 4.935,
                                              "Actual Total Time": 286.427,
                                              "Actual Rows": 16,
                                              "Actual Loops": 4,
                                              "Inner Unique": true,
                                              "Hash Cond": "(pi.info_type_id = it.id)",
                                              "Plans": [
                                                {
                                                  "Node Type": "Seq Scan",
                                                  "Parent Relationship": "Outer",
                                                  "Parallel Aware": true,
                                                  "Relation Name": "person_info",
                                                  "Alias": "pi",
                                                  "Startup Cost": 0.0,
                                                  "Total Cost": 60297.94,
                                                  "Plan Rows": 7,
                                                  "Plan Width": 8,
                                                  "Actual Startup Time": 4.837,
                                                  "Actual Total Time": 286.259,
                                                  "Actual Rows": 16,
                                                  "Actual Loops": 4,
                                                  "Filter": "(note = 'Volker Boehm'::text)",
                                                  "Rows Removed by Filter": 740900
                                                },
                                                {
                                                  "Node Type": "Hash",
                                                  "Parent Relationship": "Inner",
                                                  "Parallel Aware": false,
                                                  "Startup Cost": 2.41,
                                                  "Total Cost": 2.41,
                                                  "Plan Rows": 1,
                                                  "Plan Width": 4,
                                                  "Actual Startup Time": 0.057,
                                                  "Actual Total Time": 0.06,
                                                  "Actual Rows": 1,
                                                  "Actual Loops": 4,
                                                  "Hash Buckets": 1024,
                                                  "Original Hash Buckets": 1024,
                                                  "Hash Batches": 1,
                                                  "Original Hash Batches": 1,
                                                  "Peak Memory Usage": 9,
                                                  "Plans": [
                                                    {
                                                      "Node Type": "Seq Scan",
                                                      "Parent Relationship": "Outer",
                                                      "Parallel Aware": false,
                                                      "Relation Name": "info_type",
                                                      "Alias": "it",
                                                      "Startup Cost": 0.0,
                                                      "Total Cost": 2.41,
                                                      "Plan Rows": 1,
                                                      "Plan Width": 4,
                                                      "Actual Startup Time": 0.041,
                                                      "Actual Total Time": 0.049,
                                                      "Actual Rows": 1,
                                                      "Actual Loops": 4,
                                                      "Filter": "((info)::text = 'mini biography'::text)",
                                                      "Rows Removed by Filter": 112
                                                    }
                                                  ]
                                                }
                                              ]
                                            }
                                          ]
                                        }
                                      ]
                                    }
                                  ]
                                }
                              ]
                            },
                            {
                              "Node Type": "Hash",
                              "Parent Relationship": "Inner",
                              "Parallel Aware": false,
                              "Startup Cost": 561.48,
                              "Total Cost": 561.48,
                              "Plan Rows": 1666,
                              "Plan Width": 4,
                              "Actual Startup Time": 15.775,
                              "Actual Total Time": 15.78,
                              "Actual Rows": 5186,
                              "Actual Loops": 4,
                              "Hash Buckets": 8192,
                              "Original Hash Buckets": 2048,
                              "Hash Batches": 1,
                              "Original Hash Batches": 1,
                              "Peak Memory Usage": 247,
                              "Plans": [
                                {
                                  "Node Type": "Hash Join",
                                  "Parent Relationship": "Outer",
                                  "Parallel Aware": false,
                                  "Join Type": "Inner",
                                  "Startup Cost": 1.24,
                                  "Total Cost": 561.48,
                                  "Plan Rows": 1666,
                                  "Plan Width": 4,
                                  "Actual Startup Time": 0.23,
                                  "Actual Total Time": 14.027,
                                  "Actual Rows": 5186,
                                  "Actual Loops": 4,
                                  "Inner Unique": true,
                                  "Hash Cond": "(ml.link_type_id = lt.id)",
                                  "Plans": [
                                    {
                                      "Node Type": "Seq Scan",
                                      "Parent Relationship": "Outer",
                                      "Parallel Aware": false,
                                      "Relation Name": "movie_link",
                                      "Alias": "ml",
                                      "Startup Cost": 0.0,
                                      "Total Cost": 462.97,
                                      "Plan Rows": 29997,
                                      "Plan Width": 8,
                                      "Actual Startup Time": 0.064,
                                      "Actual Total Time": 8.359,
                                      "Actual Rows": 29997,
                                      "Actual Loops": 4
                                    },
                                    {
                                      "Node Type": "Hash",
                                      "Parent Relationship": "Inner",
                                      "Parallel Aware": false,
                                      "Startup Cost": 1.23,
                                      "Total Cost": 1.23,
                                      "Plan Rows": 1,
                                      "Plan Width": 4,
                                      "Actual Startup Time": 0.081,
                                      "Actual Total Time": 0.082,
                                      "Actual Rows": 1,
                                      "Actual Loops": 4,
                                      "Hash Buckets": 1024,
                                      "Original Hash Buckets": 1024,
                                      "Hash Batches": 1,
                                      "Original Hash Batches": 1,
                                      "Peak Memory Usage": 9,
                                      "Plans": [
                                        {
                                          "Node Type": "Seq Scan",
                                          "Parent Relationship": "Outer",
                                          "Parallel Aware": false,
                                          "Relation Name": "link_type",
                                          "Alias": "lt",
                                          "Startup Cost": 0.0,
                                          "Total Cost": 1.23,
                                          "Plan Rows": 1,
                                          "Plan Width": 4,
                                          "Actual Startup Time": 0.046,
                                          "Actual Total Time": 0.05,
                                          "Actual Rows": 1,
                                          "Actual Loops": 4,
                                          "Filter": "((link)::text = 'features'::text)",
                                          "Rows Removed by Filter": 17
                                        }
                                      ]
                                    }
                                  ]
                                }
                              ]
                            }
                          ]
                        }
                      ]
                    }
                  ]
                }
              ]
            }
          ]
        }
      ]
    },
    "Planning Time": 12.883,
    "Triggers": [],
    "Execution Time": 4505.8
  }
]