[
  {
    "Plan": {
      "Node Type": "Aggregate",
      "Strategy": "Plain",
      "Partial Mode": "Finalize",
      "Parallel Aware": false,
      "Startup Cost": 113625.59,
      "Total Cost": 113625.6,
      "Plan Rows": 1,
      "Plan Width": 8,
      "Actual Startup Time": 664.767,
      "Actual Total Time": 692.449,
      "Actual Rows": 1,
      "Actual Loops": 1,
      "Plans": [
        {
          "Node Type": "Gather",
          "Parent Relationship": "Outer",
          "Parallel Aware": false,
          "Startup Cost": 113625.27,
          "Total Cost": 113625.58,
          "Plan Rows": 3,
          "Plan Width": 8,
          "Actual Startup Time": 654.978,
          "Actual Total Time": 692.437,
          "Actual Rows": 4,
          "Actual Loops": 1,
          "Workers Planned": 3,
          "Workers Launched": 3,
          "Single Copy": false,
          "Plans": [
            {
              "Node Type": "Aggregate",
              "Strategy": "Plain",
              "Partial Mode": "Partial",
              "Parent Relationship": "Outer",
              "Parallel Aware": false,
              "Startup Cost": 112625.27,
              "Total Cost": 112625.28,
              "Plan Rows": 1,
              "Plan Width": 8,
              "Actual Startup Time": 642.792,
              "Actual Total Time": 642.944,
              "Actual Rows": 1,
              "Actual Loops": 4,
              "Plans": [
                {
                  "Node Type": "Hash Join",
                  "Parent Relationship": "Outer",
                  "Parallel Aware": true,
                  "Join Type": "Inner",
                  "Startup Cost": 82298.92,
                  "Total Cost": 112566.49,
                  "Plan Rows": 23514,
                  "Plan Width": 0,
                  "Actual Startup Time": 545.036,
                  "Actual Total Time": 638.886,
                  "Actual Rows": 78519,
                  "Actual Loops": 4,
                  "Inner Unique": false,
                  "Hash Cond": "(mc.movie_id = t.id)",
                  "Plans": [
                    {
                      "Node Type": "Seq Scan",
                      "Parent Relationship": "Outer",
                      "Parallel Aware": true,
                      "Relation Name": "movie_companies",
                      "Alias": "mc",
                      "Startup Cost": 0.0,
                      "Total Cost": 29310.68,
                      "Plan Rows": 234944,
                      "Plan Width": 4,
                      "Actual Startup Time": 18.493,
                      "Actual Total Time": 72.512,
                      "Actual Rows": 180342,
                      "Actual Loops": 4,
                      "Filter": "(company_id > 42052)",
                      "Rows Removed by Filter": 471940
                    },
                    {
                      "Node Type": "Hash",
                      "Parent Relationship": "Inner",
                      "Parallel Aware": true,
                      "Startup Cost": 81278.57,
                      "Total Cost": 81278.57,
                      "Plan Rows": 81628,
                      "Plan Width": 8,
                      "Actual Startup Time": 524.752,
                      "Actual Total Time": 524.902,
                      "Actual Rows": 64301,
                      "Actual Loops": 4,
                      "Hash Buckets": 262144,
                      "Original Hash Buckets": 262144,
                      "Hash Batches": 1,
                      "Original Hash Batches": 1,
                      "Peak Memory Usage": 12192,
                      "Plans": [
                        {
                          "Node Type": "Hash Join",
                          "Parent Relationship": "Outer",
                          "Parallel Aware": true,
                          "Join Type": "Inner",
                          "Startup Cost": 55589.94,
                          "Total Cost": 81278.57,
                          "Plan Rows": 81628,
                          "Plan Width": 8,
                          "Actual Startup Time": 424.321,
                          "Actual Total Time": 498.495,
                          "Actual Rows": 64301,
                          "Actual Loops": 4,
                          "Inner Unique": true,
                          "Hash Cond": "(mk.movie_id = t.id)",
                          "Plans": [
                            {
                              "Node Type": "Bitmap Heap Scan",
                              "Parent Relationship": "Outer",
                              "Parallel Aware": true,
                              "Relation Name": "movie_keyword",
                              "Alias": "mk",
                              "Startup Cost": 5369.55,
                              "Total Cost": 30843.91,
                              "Plan Rows": 81628,
                              "Plan Width": 4,
                              "Actual Startup Time": 19.961,
                              "Actual Total Time": 64.898,
                              "Actual Rows": 64301,
                              "Actual Loops": 4,
                              "Recheck Cond": "(keyword_id > 59747)",
                              "Rows Removed by Index Recheck": 0,
                              "Exact Heap Blocks": 5454,
                              "Lossy Heap Blocks": 0,
                              "Plans": [
                                {
                                  "Node Type": "Bitmap Index Scan",
                                  "Parent Relationship": "Outer",
                                  "Parallel Aware": false,
                                  "Index Name": "keyword_id_movie_keyword",
                                  "Startup Cost": 0.0,
                                  "Total Cost": 5306.29,
                                  "Plan Rows": 253048,
                                  "Plan Width": 0,
                                  "Actual Startup Time": 16.871,
                                  "Actual Total Time": 16.871,
                                  "Actual Rows": 257203,
                                  "Actual Loops": 1,
                                  "Index Cond": "(keyword_id > 59747)"
                                }
                              ]
                            },
                            {
                              "Node Type": "Hash",
                              "Parent Relationship": "Inner",
                              "Parallel Aware": true,
                              "Startup Cost": 42319.06,
                              "Total Cost": 42319.06,
                              "Plan Rows": 632106,
                              "Plan Width": 4,
                              "Actual Startup Time": 395.317,
                              "Actual Total Time": 395.318,
                              "Actual Rows": 632078,
                              "Actual Loops": 4,
                              "Hash Buckets": 4194304,
                              "Original Hash Buckets": 4194304,
                              "Hash Batches": 1,
                              "Original Hash Batches": 1,
                              "Peak Memory Usage": 131712,
                              "Plans": [
                                {
                                  "Node Type": "Seq Scan",
                                  "Parent Relationship": "Outer",
                                  "Parallel Aware": true,
                                  "Relation Name": "title",
                                  "Alias": "t",
                                  "Startup Cost": 0.0,
                                  "Total Cost": 42319.06,
                                  "Plan Rows": 632106,
                                  "Plan Width": 4,
                                  "Actual Startup Time": 0.053,
                                  "Actual Total Time": 113.727,
                                  "Actual Rows": 632078,
                                  "Actual Loops": 4
                                }
                              ]
                            }
                          ]
                        }
                      ]
                    }
                  ]
                }
              ]
            }
          ]
        }
      ]
    },
    "Planning Time": 0.812,
    "Triggers": [],
    "Execution Time": 692.514
  }
]