{
  "Plan": {
    "Node Type": "Aggregate",
    "Strategy": "Plain",
    "Partial Mode": "Finalize",
    "Parallel Aware": false,
    "Startup Cost": 123343.47,
    "Total Cost": 123343.48,
    "Plan Rows": 1,
    "Plan Width": 8,
    "Actual Startup Time": 605.858,
    "Actual Total Time": 617.041,
    "Actual Rows": 1,
    "Actual Loops": 1,
    "Plans": [
      {
        "Node Type": "Gather",
        "Parent Relationship": "Outer",
        "Parallel Aware": false,
        "Startup Cost": 123343.36,
        "Total Cost": 123343.47,
        "Plan Rows": 1,
        "Plan Width": 8,
        "Actual Startup Time": 603.038,
        "Actual Total Time": 617.034,
        "Actual Rows": 2,
        "Actual Loops": 1,
        "Workers Planned": 1,
        "Workers Launched": 1,
        "Single Copy": false,
        "Plans": [
          {
            "Node Type": "Aggregate",
            "Strategy": "Plain",
            "Partial Mode": "Partial",
            "Parent Relationship": "Outer",
            "Parallel Aware": false,
            "Startup Cost": 122343.36,
            "Total Cost": 122343.37,
            "Plan Rows": 1,
            "Plan Width": 8,
            "Actual Startup Time": 594.944,
            "Actual Total Time": 594.951,
            "Actual Rows": 1,
            "Actual Loops": 2,
            "Plans": [
              {
                "Node Type": "Hash Join",
                "Parent Relationship": "Outer",
                "Parallel Aware": true,
                "Join Type": "Inner",
                "Startup Cost": 101905.05,
                "Total Cost": 122249.51,
                "Plan Rows": 37538,
                "Plan Width": 0,
                "Actual Startup Time": 488.092,
                "Actual Total Time": 580.155,
                "Actual Rows": 373752,
                "Actual Loops": 2,
                "Inner Unique": false,
                "Hash Cond": "(mi_idx.movie_id = t.id)",
                "Plans": [
                  {
                    "Node Type": "Seq Scan",
                    "Parent Relationship": "Outer",
                    "Parallel Aware": true,
                    "Relation Name": "movie_info_idx",
                    "Alias": "mi_idx",
                    "Startup Cost": 0.0,
                    "Total Cost": 18082.32,
                    "Plan Rows": 544356,
                    "Plan Width": 4,
                    "Actual Startup Time": 0.026,
                    "Actual Total Time": 56.84,
                    "Actual Rows": 460055,
                    "Actual Loops": 2,
                    "Filter": "(info_type_id > 99)",
                    "Rows Removed by Filter": 229962
                  },
                  {
                    "Node Type": "Hash",
                    "Parent Relationship": "Inner",
                    "Parallel Aware": true,
                    "Startup Cost": 100623.1,
                    "Total Cost": 100623.1,
                    "Plan Rows": 102556,
                    "Plan Width": 8,
                    "Actual Startup Time": 442.112,
                    "Actual Total Time": 442.117,
                    "Actual Rows": 253980,
                    "Actual Loops": 2,
                    "Hash Buckets": 524288,
                    "Original Hash Buckets": 262144,
                    "Hash Batches": 1,
                    "Original Hash Batches": 1,
                    "Peak Memory Usage": 26048,
                    "Plans": [
                      {
                        "Node Type": "Hash Join",
                        "Parent Relationship": "Outer",
                        "Parallel Aware": true,
                        "Join Type": "Inner",
                        "Startup Cost": 57792.96,
                        "Total Cost": 100623.1,
                        "Plan Rows": 102556,
                        "Plan Width": 8,
                        "Actual Startup Time": 234.686,
                        "Actual Total Time": 389.378,
                        "Actual Rows": 253980,
                        "Actual Loops": 2,
                        "Inner Unique": true,
                        "Hash Cond": "(mc.movie_id = t.id)",
                        "Plans": [
                          {
                            "Node Type": "Index Scan",
                            "Parent Relationship": "Outer",
                            "Parallel Aware": true,
                            "Scan Direction": "Forward",
                            "Index Name": "company_type_id_movie_companies",
                            "Relation Name": "movie_companies",
                            "Alias": "mc",
                            "Startup Cost": 0.43,
                            "Total Cost": 41574.35,
                            "Plan Rows": 478561,
                            "Plan Width": 4,
                            "Actual Startup Time": 0.042,
                            "Actual Total Time": 112.164,
                            "Actual Rows": 555922,
                            "Actual Loops": 2,
                            "Index Cond": "(company_type_id = 1)",
                            "Rows Removed by Index Recheck": 0,
                            "Filter": "(company_id < 17801)",
                            "Rows Removed by Filter": 81201
                          },
                          {
                            "Node Type": "Hash",
                            "Parent Relationship": "Inner",
                            "Parallel Aware": true,
                            "Startup Cost": 53808.56,
                            "Total Cost": 53808.56,
                            "Plan Rows": 318717,
                            "Plan Width": 4,
                            "Actual Startup Time": 161.524,
                            "Actual Total Time": 161.526,
                            "Actual Rows": 278660,
                            "Actual Loops": 2,
                            "Hash Buckets": 1048576,
                            "Original Hash Buckets": 1048576,
                            "Hash Batches": 1,
                            "Original Hash Batches": 1,
                            "Peak Memory Usage": 30048,
                            "Plans": [
                              {
                                "Node Type": "Bitmap Heap Scan",
                                "Parent Relationship": "Outer",
                                "Parallel Aware": true,
                                "Relation Name": "title",
                                "Alias": "t",
                                "Startup Cost": 11958.3,
                                "Total Cost": 53808.56,
                                "Plan Rows": 318717,
                                "Plan Width": 4,
                                "Actual Startup Time": 28.745,
                                "Actual Total Time": 96.729,
                                "Actual Rows": 278660,
                                "Actual Loops": 2,
                                "Recheck Cond": "(kind_id = 1)",
                                "Rows Removed by Index Recheck": 0,
                                "Filter": "(production_year < 2011)",
                                "Rows Removed by Filter": 52753,
                                "Exact Heap Blocks": 7815,
                                "Lossy Heap Blocks": 0,
                                "Plans": [
                                  {
                                    "Node Type": "Bitmap Index Scan",
                                    "Parent Relationship": "Outer",
                                    "Parallel Aware": false,
                                    "Index Name": "kind_id_title",
                                    "Startup Cost": 0.0,
                                    "Total Cost": 11822.85,
                                    "Plan Rows": 663256,
                                    "Plan Width": 0,
                                    "Actual Startup Time": 26.835,
                                    "Actual Total Time": 26.835,
                                    "Actual Rows": 662825,
                                    "Actual Loops": 1,
                                    "Index Cond": "(kind_id = 1)"
                                  }
                                ]
                              }
                            ]
                          }
                        ]
                      }
                    ]
                  }
                ]
              }
            ]
          }
        ]
      }
    ]
  },
  "Planning Time": 1.005,
  "Triggers": [],
  "Execution Time": 617.145
}