[
  {
    "Plan": {
      "Node Type": "Aggregate",
      "Strategy": "Plain",
      "Partial Mode": "Finalize",
      "Parallel Aware": false,
      "Startup Cost": 93252.4,
      "Total Cost": 93252.41,
      "Plan Rows": 1,
      "Plan Width": 8,
      "Actual Startup Time": 271.362,
      "Actual Total Time": 286.164,
      "Actual Rows": 1,
      "Actual Loops": 1,
      "Plans": [
        {
          "Node Type": "Gather",
          "Parent Relationship": "Outer",
          "Parallel Aware": false,
          "Startup Cost": 93252.08,
          "Total Cost": 93252.39,
          "Plan Rows": 3,
          "Plan Width": 8,
          "Actual Startup Time": 271.232,
          "Actual Total Time": 286.155,
          "Actual Rows": 4,
          "Actual Loops": 1,
          "Workers Planned": 3,
          "Workers Launched": 3,
          "Single Copy": false,
          "Plans": [
            {
              "Node Type": "Aggregate",
              "Strategy": "Plain",
              "Partial Mode": "Partial",
              "Parent Relationship": "Outer",
              "Parallel Aware": false,
              "Startup Cost": 92252.08,
              "Total Cost": 92252.09,
              "Plan Rows": 1,
              "Plan Width": 8,
              "Actual Startup Time": 266.369,
              "Actual Total Time": 266.372,
              "Actual Rows": 1,
              "Actual Loops": 4,
              "Plans": [
                {
                  "Node Type": "Hash Join",
                  "Parent Relationship": "Outer",
                  "Parallel Aware": true,
                  "Join Type": "Inner",
                  "Startup Cost": 45727.35,
                  "Total Cost": 92141.05,
                  "Plan Rows": 44414,
                  "Plan Width": 0,
                  "Actual Startup Time": 227.846,
                  "Actual Total Time": 266.366,
                  "Actual Rows": 1,
                  "Actual Loops": 4,
                  "Inner Unique": true,
                  "Hash Cond": "(mk.movie_id = t.id)",
                  "Plans": [
                    {
                      "Node Type": "Seq Scan",
                      "Parent Relationship": "Outer",
                      "Parallel Aware": true,
                      "Relation Name": "movie_keyword",
                      "Alias": "mk",
                      "Startup Cost": 0.0,
                      "Total Cost": 42695.65,
                      "Plan Rows": 1416394,
                      "Plan Width": 4,
                      "Actual Startup Time": 0.03,
                      "Actual Total Time": 114.77,
                      "Actual Rows": 1098332,
                      "Actual Loops": 4,
                      "Filter": "(keyword_id < 76321)",
                      "Rows Removed by Filter": 32651
                    },
                    {
                      "Node Type": "Hash",
                      "Parent Relationship": "Inner",
                      "Parallel Aware": true,
                      "Startup Cost": 45479.59,
                      "Total Cost": 45479.59,
                      "Plan Rows": 19821,
                      "Plan Width": 4,
                      "Actual Startup Time": 86.521,
                      "Actual Total Time": 86.522,
                      "Actual Rows": 7,
                      "Actual Loops": 4,
                      "Hash Buckets": 131072,
                      "Original Hash Buckets": 131072,
                      "Hash Batches": 1,
                      "Original Hash Batches": 1,
                      "Peak Memory Usage": 1152,
                      "Plans": [
                        {
                          "Node Type": "Seq Scan",
                          "Parent Relationship": "Outer",
                          "Parallel Aware": true,
                          "Relation Name": "title",
                          "Alias": "t",
                          "Startup Cost": 0.0,
                          "Total Cost": 45479.59,
                          "Plan Rows": 19821,
                          "Plan Width": 4,
                          "Actual Startup Time": 20.67,
                          "Actual Total Time": 86.407,
                          "Actual Rows": 7,
                          "Actual Loops": 4,
                          "Filter": "((production_year < 1939) AND (kind_id = 7))",
                          "Rows Removed by Filter": 632071
                        }
                      ]
                    }
                  ]
                }
              ]
            }
          ]
        }
      ]
    },
    "Planning Time": 0.29,
    "Triggers": [],
    "Execution Time": 286.208
  }
]