[
  {
    "Plan": {
      "Node Type": "Aggregate",
      "Strategy": "Plain",
      "Partial Mode": "Finalize",
      "Parallel Aware": false,
      "Startup Cost": 742962.06,
      "Total Cost": 742962.07,
      "Plan Rows": 1,
      "Plan Width": 8,
      "Actual Startup Time": 12081.104,
      "Actual Total Time": 12198.697,
      "Actual Rows": 1,
      "Actual Loops": 1,
      "Plans": [
        {
          "Node Type": "Gather",
          "Parent Relationship": "Outer",
          "Parallel Aware": false,
          "Startup Cost": 742961.44,
          "Total Cost": 742962.05,
          "Plan Rows": 6,
          "Plan Width": 8,
          "Actual Startup Time": 11918.402,
          "Actual Total Time": 12198.679,
          "Actual Rows": 7,
          "Actual Loops": 1,
          "Workers Planned": 6,
          "Workers Launched": 6,
          "Single Copy": false,
          "Plans": [
            {
              "Node Type": "Aggregate",
              "Strategy": "Plain",
              "Partial Mode": "Partial",
              "Parent Relationship": "Outer",
              "Parallel Aware": false,
              "Startup Cost": 741961.44,
              "Total Cost": 741961.45,
              "Plan Rows": 1,
              "Plan Width": 8,
              "Actual Startup Time": 11868.462,
              "Actual Total Time": 11869.777,
              "Actual Rows": 1,
              "Actual Loops": 7,
              "Plans": [
                {
                  "Node Type": "Hash Join",
                  "Parent Relationship": "Outer",
                  "Parallel Aware": true,
                  "Join Type": "Inner",
                  "Startup Cost": 291721.91,
                  "Total Cost": 687751.84,
                  "Plan Rows": 21683840,
                  "Plan Width": 0,
                  "Actual Startup Time": 2537.852,
                  "Actual Total Time": 10126.604,
                  "Actual Rows": 40196171,
                  "Actual Loops": 7,
                  "Inner Unique": false,
                  "Hash Cond": "(ci.movie_id = t.id)",
                  "Plans": [
                    {
                      "Node Type": "Seq Scan",
                      "Parent Relationship": "Outer",
                      "Parallel Aware": true,
                      "Relation Name": "cast_info",
                      "Alias": "ci",
                      "Startup Cost": 0.0,
                      "Total Cost": 328211.39,
                      "Plan Rows": 3912139,
                      "Plan Width": 4,
                      "Actual Startup Time": 152.298,
                      "Actual Total Time": 643.985,
                      "Actual Rows": 3337058,
                      "Actual Loops": 7,
                      "Filter": "(person_id > 1272090)",
                      "Rows Removed by Filter": 1840705
                    },
                    {
                      "Node Type": "Hash",
                      "Parent Relationship": "Inner",
                      "Parallel Aware": true,
                      "Startup Cost": 256686.15,
                      "Total Cost": 256686.15,
                      "Plan Rows": 2802861,
                      "Plan Width": 8,
                      "Actual Startup Time": 2367.989,
                      "Actual Total Time": 2369.301,
                      "Actual Rows": 2004797,
                      "Actual Loops": 7,
                      "Hash Buckets": 16777216,
                      "Original Hash Buckets": 16777216,
                      "Hash Batches": 1,
                      "Original Hash Batches": 1,
                      "Peak Memory Usage": 680192,
                      "Plans": [
                        {
                          "Node Type": "Hash Join",
                          "Parent Relationship": "Outer",
                          "Parallel Aware": true,
                          "Join Type": "Inner",
                          "Startup Cost": 50220.38,
                          "Total Cost": 256686.15,
                          "Plan Rows": 2802861,
                          "Plan Width": 8,
                          "Actual Startup Time": 275.531,
                          "Actual Total Time": 1440.345,
                          "Actual Rows": 2004797,
                          "Actual Loops": 7,
                          "Inner Unique": true,
                          "Hash Cond": "(mi.movie_id = t.id)",
                          "Plans": [
                            {
                              "Node Type": "Seq Scan",
                              "Parent Relationship": "Outer",
                              "Parallel Aware": true,
                              "Relation Name": "movie_info",
                              "Alias": "mi",
                              "Startup Cost": 0.0,
                              "Total Cost": 199108.24,
                              "Plan Rows": 2802861,
                              "Plan Width": 4,
                              "Actual Startup Time": 0.047,
                              "Actual Total Time": 398.927,
                              "Actual Rows": 2004797,
                              "Actual Loops": 7,
                              "Filter": "(info_type_id > 1)",
                              "Rows Removed by Filter": 114591
                            },
                            {
                              "Node Type": "Hash",
                              "Parent Relationship": "Inner",
                              "Parallel Aware": true,
                              "Startup Cost": 42319.06,
                              "Total Cost": 42319.06,
                              "Plan Rows": 632106,
                              "Plan Width": 4,
                              "Actual Startup Time": 271.458,
                              "Actual Total Time": 271.46,
                              "Actual Rows": 361187,
                              "Actual Loops": 7,
                              "Hash Buckets": 4194304,
                              "Original Hash Buckets": 4194304,
                              "Hash Batches": 1,
                              "Original Hash Batches": 1,
                              "Peak Memory Usage": 131808,
                              "Plans": [
                                {
                                  "Node Type": "Seq Scan",
                                  "Parent Relationship": "Outer",
                                  "Parallel Aware": true,
                                  "Relation Name": "title",
                                  "Alias": "t",
                                  "Startup Cost": 0.0,
                                  "Total Cost": 42319.06,
                                  "Plan Rows": 632106,
                                  "Plan Width": 4,
                                  "Actual Startup Time": 0.06,
                                  "Actual Total Time": 81.685,
                                  "Actual Rows": 361187,
                                  "Actual Loops": 7
                                }
                              ]
                            }
                          ]
                        }
                      ]
                    }
                  ]
                }
              ]
            }
          ]
        }
      ]
    },
    "Planning Time": 1.437,
    "Triggers": [],
    "Execution Time": 12198.79
  }
]