[
  {
    "Plan": {
      "Node Type": "Aggregate",
      "Strategy": "Plain",
      "Partial Mode": "Finalize",
      "Parallel Aware": false,
      "Startup Cost": 25653.43,
      "Total Cost": 25653.44,
      "Plan Rows": 1,
      "Plan Width": 8,
      "Actual Startup Time": 125.554,
      "Actual Total Time": 143.305,
      "Actual Rows": 1,
      "Actual Loops": 1,
      "Plans": [
        {
          "Node Type": "Gather",
          "Parent Relationship": "Outer",
          "Parallel Aware": false,
          "Startup Cost": 25653.21,
          "Total Cost": 25653.42,
          "Plan Rows": 2,
          "Plan Width": 8,
          "Actual Startup Time": 125.388,
          "Actual Total Time": 143.298,
          "Actual Rows": 3,
          "Actual Loops": 1,
          "Workers Planned": 2,
          "Workers Launched": 2,
          "Single Copy": false,
          "Plans": [
            {
              "Node Type": "Aggregate",
              "Strategy": "Plain",
              "Partial Mode": "Partial",
              "Parent Relationship": "Outer",
              "Parallel Aware": false,
              "Startup Cost": 24653.21,
              "Total Cost": 24653.22,
              "Plan Rows": 1,
              "Plan Width": 8,
              "Actual Startup Time": 120.338,
              "Actual Total Time": 120.339,
              "Actual Rows": 1,
              "Actual Loops": 3,
              "Plans": [
                {
                  "Node Type": "Nested Loop",
                  "Parent Relationship": "Outer",
                  "Parallel Aware": false,
                  "Join Type": "Inner",
                  "Startup Cost": 87.63,
                  "Total Cost": 24649.76,
                  "Plan Rows": 1380,
                  "Plan Width": 0,
                  "Actual Startup Time": 33.543,
                  "Actual Total Time": 119.867,
                  "Actual Rows": 2891,
                  "Actual Loops": 3,
                  "Inner Unique": false,
                  "Plans": [
                    {
                      "Node Type": "Nested Loop",
                      "Parent Relationship": "Outer",
                      "Parallel Aware": false,
                      "Join Type": "Inner",
                      "Startup Cost": 87.19,
                      "Total Cost": 21947.17,
                      "Plan Rows": 1631,
                      "Plan Width": 8,
                      "Actual Startup Time": 33.32,
                      "Actual Total Time": 52.43,
                      "Actual Rows": 1329,
                      "Actual Loops": 3,
                      "Inner Unique": true,
                      "Plans": [
                        {
                          "Node Type": "Bitmap Heap Scan",
                          "Parent Relationship": "Outer",
                          "Parallel Aware": true,
                          "Relation Name": "movie_companies",
                          "Alias": "mc",
                          "Startup Cost": 86.76,
                          "Total Cost": 9667.78,
                          "Plan Rows": 1631,
                          "Plan Width": 4,
                          "Actual Startup Time": 33.09,
                          "Actual Total Time": 37.832,
                          "Actual Rows": 1329,
                          "Actual Loops": 3,
                          "Recheck Cond": "(company_id = 1684)",
                          "Rows Removed by Index Recheck": 0,
                          "Exact Heap Blocks": 1547,
                          "Lossy Heap Blocks": 0,
                          "Plans": [
                            {
                              "Node Type": "Bitmap Index Scan",
                              "Parent Relationship": "Outer",
                              "Parallel Aware": false,
                              "Index Name": "company_id_movie_companies",
                              "Startup Cost": 0.0,
                              "Total Cost": 85.79,
                              "Plan Rows": 3914,
                              "Plan Width": 0,
                              "Actual Startup Time": 35.992,
                              "Actual Total Time": 35.992,
                              "Actual Rows": 3986,
                              "Actual Loops": 1,
                              "Index Cond": "(company_id = 1684)"
                            }
                          ]
                        },
                        {
                          "Node Type": "Index Only Scan",
                          "Parent Relationship": "Inner",
                          "Parallel Aware": false,
                          "Scan Direction": "Forward",
                          "Index Name": "title_pkey",
                          "Relation Name": "title",
                          "Alias": "t",
                          "Startup Cost": 0.43,
                          "Total Cost": 7.53,
                          "Plan Rows": 1,
                          "Plan Width": 4,
                          "Actual Startup Time": 0.01,
                          "Actual Total Time": 0.01,
                          "Actual Rows": 1,
                          "Actual Loops": 3986,
                          "Index Cond": "(id = mc.movie_id)",
                          "Rows Removed by Index Recheck": 0,
                          "Heap Fetches": 3986
                        }
                      ]
                    },
                    {
                      "Node Type": "Index Scan",
                      "Parent Relationship": "Inner",
                      "Parallel Aware": false,
                      "Scan Direction": "Forward",
                      "Index Name": "movie_id_movie_info",
                      "Relation Name": "movie_info",
                      "Alias": "mi",
                      "Startup Cost": 0.43,
                      "Total Cost": 1.6,
                      "Plan Rows": 6,
                      "Plan Width": 4,
                      "Actual Startup Time": 0.016,
                      "Actual Total Time": 0.05,
                      "Actual Rows": 2,
                      "Actual Loops": 3986,
                      "Index Cond": "(movie_id = t.id)",
                      "Rows Removed by Index Recheck": 0,
                      "Filter": "(info_type_id < 3)",
                      "Rows Removed by Filter": 43
                    }
                  ]
                }
              ]
            }
          ]
        }
      ]
    },
    "Planning Time": 1.519,
    "Triggers": [],
    "Execution Time": 143.408
  }
]