[
  {
    "Plan": {
      "Node Type": "Aggregate",
      "Strategy": "Plain",
      "Partial Mode": "Finalize",
      "Parallel Aware": false,
      "Startup Cost": 30933.2,
      "Total Cost": 30933.21,
      "Plan Rows": 1,
      "Plan Width": 8,
      "Actual Startup Time": 100.348,
      "Actual Total Time": 104.834,
      "Actual Rows": 1,
      "Actual Loops": 1,
      "Plans": [
        {
          "Node Type": "Gather",
          "Parent Relationship": "Outer",
          "Parallel Aware": false,
          "Startup Cost": 30932.88,
          "Total Cost": 30933.19,
          "Plan Rows": 3,
          "Plan Width": 8,
          "Actual Startup Time": 100.158,
          "Actual Total Time": 104.826,
          "Actual Rows": 4,
          "Actual Loops": 1,
          "Workers Planned": 3,
          "Workers Launched": 3,
          "Single Copy": false,
          "Plans": [
            {
              "Node Type": "Aggregate",
              "Strategy": "Plain",
              "Partial Mode": "Partial",
              "Parent Relationship": "Outer",
              "Parallel Aware": false,
              "Startup Cost": 29932.88,
              "Total Cost": 29932.89,
              "Plan Rows": 1,
              "Plan Width": 8,
              "Actual Startup Time": 92.567,
              "Actual Total Time": 92.569,
              "Actual Rows": 1,
              "Actual Loops": 4,
              "Plans": [
                {
                  "Node Type": "Bitmap Heap Scan",
                  "Parent Relationship": "Outer",
                  "Parallel Aware": true,
                  "Relation Name": "movie_keyword",
                  "Alias": "mk",
                  "Startup Cost": 4461.67,
                  "Total Cost": 29763.35,
                  "Plan Rows": 67814,
                  "Plan Width": 0,
                  "Actual Startup Time": 30.803,
                  "Actual Total Time": 88.648,
                  "Actual Rows": 55082,
                  "Actual Loops": 4,
                  "Recheck Cond": "(keyword_id < 171)",
                  "Rows Removed by Index Recheck": 0,
                  "Exact Heap Blocks": 11951,
                  "Lossy Heap Blocks": 0,
                  "Plans": [
                    {
                      "Node Type": "Bitmap Index Scan",
                      "Parent Relationship": "Outer",
                      "Parallel Aware": false,
                      "Index Name": "keyword_id_movie_keyword",
                      "Startup Cost": 0.0,
                      "Total Cost": 4409.11,
                      "Plan Rows": 210224,
                      "Plan Width": 0,
                      "Actual Startup Time": 32.218,
                      "Actual Total Time": 32.219,
                      "Actual Rows": 220327,
                      "Actual Loops": 1,
                      "Index Cond": "(keyword_id < 171)"
                    }
                  ]
                }
              ]
            }
          ]
        }
      ]
    },
    "Planning Time": 0.237,
    "Triggers": [],
    "Execution Time": 104.913
  }
]