[
  {
    "Bao": {
      "Bao prediction": 437.193,
      "Bao recommended hint": "SET enable_nestloop TO off; SET enable_hashjoin TO off; "
    }
  },
  {
    "Plan": {
      "Node Type": "Aggregate",
      "Strategy": "Plain",
      "Partial Mode": "Simple",
      "Parallel Aware": false,
      "Startup Cost": 1355849.82,
      "Total Cost": 1355849.83,
      "Plan Rows": 1,
      "Plan Width": 96,
      "Actual Startup Time": 3718.448,
      "Actual Total Time": 3744.727,
      "Actual Rows": 1,
      "Actual Loops": 1,
      "Plans": [
        {
          "Node Type": "Merge Join",
          "Parent Relationship": "Outer",
          "Parallel Aware": false,
          "Join Type": "Inner",
          "Startup Cost": 1355831.66,
          "Total Cost": 1355849.82,
          "Plan Rows": 1,
          "Plan Width": 48,
          "Actual Startup Time": 3718.432,
          "Actual Total Time": 3744.714,
          "Actual Rows": 12,
          "Actual Loops": 1,
          "Inner Unique": false,
          "Merge Cond": "(ci.movie_id = t.id)",
          "Plans": [
            {
              "Node Type": "Sort",
              "Parent Relationship": "Outer",
              "Parallel Aware": false,
              "Startup Cost": 1133285.11,
              "Total Cost": 1133294.18,
              "Plan Rows": 3628,
              "Plan Width": 19,
              "Actual Startup Time": 3035.232,
              "Actual Total Time": 3035.378,
              "Actual Rows": 445,
              "Actual Loops": 1,
              "Sort Key": [
                "ci.movie_id"
              ],
              "Sort Method": "quicksort",
              "Sort Space Used": 62,
              "Sort Space Type": "Memory",
              "Plans": [
                {
                  "Node Type": "Gather",
                  "Parent Relationship": "Outer",
                  "Parallel Aware": false,
                  "Startup Cost": 1102485.46,
                  "Total Cost": 1133070.6,
                  "Plan Rows": 3628,
                  "Plan Width": 19,
                  "Actual Startup Time": 3016.299,
                  "Actual Total Time": 3035.228,
                  "Actual Rows": 486,
                  "Actual Loops": 1,
                  "Workers Planned": 6,
                  "Workers Launched": 6,
                  "Single Copy": false,
                  "Plans": [
                    {
                      "Node Type": "Merge Join",
                      "Parent Relationship": "Outer",
                      "Parallel Aware": false,
                      "Join Type": "Inner",
                      "Startup Cost": 1101485.46,
                      "Total Cost": 1131707.8,
                      "Plan Rows": 605,
                      "Plan Width": 19,
                      "Actual Startup Time": 2928.211,
                      "Actual Total Time": 2928.228,
                      "Actual Rows": 69,
                      "Actual Loops": 7,
                      "Inner Unique": true,
                      "Merge Cond": "(ci.person_id = n.id)",
                      "Plans": [
                        {
                          "Node Type": "Sort",
                          "Parent Relationship": "Outer",
                          "Parallel Aware": false,
                          "Startup Cost": 993761.51,
                          "Total Cost": 1008868.93,
                          "Plan Rows": 6042971,
                          "Plan Width": 8,
                          "Actual Startup Time": 2349.811,
                          "Actual Total Time": 2373.567,
                          "Actual Rows": 614802,
                          "Actual Loops": 7,
                          "Sort Key": [
                            "ci.person_id"
                          ],
                          "Sort Method": "quicksort",
                          "Sort Space Used": 473157,
                          "Sort Space Type": "Memory",
                          "Workers": [
                            {
                              "Worker Number": 0,
                              "Sort Method": "quicksort",
                              "Sort Space Used": 273379,
                              "Sort Space Type": "Memory"
                            },
                            {
                              "Worker Number": 1,
                              "Sort Method": "quicksort",
                              "Sort Space Used": 275042,
                              "Sort Space Type": "Memory"
                            },
                            {
                              "Worker Number": 2,
                              "Sort Method": "quicksort",
                              "Sort Space Used": 469658,
                              "Sort Space Type": "Memory"
                            },
                            {
                              "Worker Number": 3,
                              "Sort Method": "quicksort",
                              "Sort Space Used": 468295,
                              "Sort Space Type": "Memory"
                            },
                            {
                              "Worker Number": 4,
                              "Sort Method": "quicksort",
                              "Sort Space Used": 449748,
                              "Sort Space Type": "Memory"
                            },
                            {
                              "Worker Number": 5,
                              "Sort Method": "quicksort",
                              "Sort Space Used": 469326,
                              "Sort Space Type": "Memory"
                            }
                          ],
                          "Plans": [
                            {
                              "Node Type": "Seq Scan",
                              "Parent Relationship": "Outer",
                              "Parallel Aware": true,
                              "Relation Name": "cast_info",
                              "Alias": "ci",
                              "Startup Cost": 0.0,
                              "Total Cost": 313116.71,
                              "Plan Rows": 6042971,
                              "Plan Width": 8,
                              "Actual Startup Time": 0.061,
                              "Actual Total Time": 734.59,
                              "Actual Rows": 5177763,
                              "Actual Loops": 7
                            }
                          ]
                        },
                        {
                          "Node Type": "Sort",
                          "Parent Relationship": "Inner",
                          "Parallel Aware": false,
                          "Startup Cost": 107723.36,
                          "Total Cost": 107724.4,
                          "Plan Rows": 417,
                          "Plan Width": 19,
                          "Actual Startup Time": 524.661,
                          "Actual Total Time": 524.663,
                          "Actual Rows": 2,
                          "Actual Loops": 7,
                          "Sort Key": [
                            "n.id"
                          ],
                          "Sort Method": "quicksort",
                          "Sort Space Used": 25,
                          "Sort Space Type": "Memory",
                          "Workers": [
                            {
                              "Worker Number": 0,
                              "Sort Method": "quicksort",
                              "Sort Space Used": 25,
                              "Sort Space Type": "Memory"
                            },
                            {
                              "Worker Number": 1,
                              "Sort Method": "quicksort",
                              "Sort Space Used": 25,
                              "Sort Space Type": "Memory"
                            },
                            {
                              "Worker Number": 2,
                              "Sort Method": "quicksort",
                              "Sort Space Used": 25,
                              "Sort Space Type": "Memory"
                            },
                            {
                              "Worker Number": 3,
                              "Sort Method": "quicksort",
                              "Sort Space Used": 25,
                              "Sort Space Type": "Memory"
                            },
                            {
                              "Worker Number": 4,
                              "Sort Method": "quicksort",
                              "Sort Space Used": 25,
                              "Sort Space Type": "Memory"
                            },
                            {
                              "Worker Number": 5,
                              "Sort Method": "quicksort",
                              "Sort Space Used": 25,
                              "Sort Space Type": "Memory"
                            }
                          ],
                          "Plans": [
                            {
                              "Node Type": "Seq Scan",
                              "Parent Relationship": "Outer",
                              "Parallel Aware": false,
                              "Relation Name": "name",
                              "Alias": "n",
                              "Startup Cost": 0.0,
                              "Total Cost": 107705.21,
                              "Plan Rows": 417,
                              "Plan Width": 19,
                              "Actual Startup Time": 61.847,
                              "Actual Total Time": 524.632,
                              "Actual Rows": 2,
                              "Actual Loops": 7,
                              "Filter": "(name ~~ '%Downey%Robert%'::text)",
                              "Rows Removed by Filter": 4167489
                            }
                          ]
                        }
                      ]
                    }
                  ]
                }
              ]
            },
            {
              "Node Type": "Sort",
              "Parent Relationship": "Inner",
              "Parallel Aware": false,
              "Startup Cost": 222546.55,
              "Total Cost": 222546.56,
              "Plan Rows": 1,
              "Plan Width": 41,
              "Actual Startup Time": 683.142,
              "Actual Total Time": 709.299,
              "Actual Rows": 42,
              "Actual Loops": 1,
              "Sort Key": [
                "mk.movie_id"
              ],
              "Sort Method": "quicksort",
              "Sort Space Used": 28,
              "Sort Space Type": "Memory",
              "Plans": [
                {
                  "Node Type": "Gather",
                  "Parent Relationship": "Outer",
                  "Parallel Aware": false,
                  "Startup Cost": 222541.62,
                  "Total Cost": 222546.54,
                  "Plan Rows": 1,
                  "Plan Width": 41,
                  "Actual Startup Time": 675.323,
                  "Actual Total Time": 709.276,
                  "Actual Rows": 36,
                  "Actual Loops": 1,
                  "Workers Planned": 3,
                  "Workers Launched": 3,
                  "Single Copy": false,
                  "Plans": [
                    {
                      "Node Type": "Merge Join",
                      "Parent Relationship": "Outer",
                      "Parallel Aware": false,
                      "Join Type": "Inner",
                      "Startup Cost": 221541.62,
                      "Total Cost": 221546.44,
                      "Plan Rows": 1,
                      "Plan Width": 41,
                      "Actual Startup Time": 668.847,
                      "Actual Total Time": 668.877,
                      "Actual Rows": 9,
                      "Actual Loops": 4,
                      "Inner Unique": true,
                      "Merge Cond": "(mk.keyword_id = k.id)",
                      "Plans": [
                        {
                          "Node Type": "Sort",
                          "Parent Relationship": "Outer",
                          "Parallel Aware": false,
                          "Startup Cost": 217909.09,
                          "Total Cost": 217911.48,
                          "Plan Rows": 957,
                          "Plan Width": 29,
                          "Actual Startup Time": 642.638,
                          "Actual Total Time": 642.66,
                          "Actual Rows": 164,
                          "Actual Loops": 4,
                          "Sort Key": [
                            "mk.keyword_id"
                          ],
                          "Sort Method": "quicksort",
                          "Sort Space Used": 53,
                          "Sort Space Type": "Memory",
                          "Workers": [
                            {
                              "Worker Number": 0,
                              "Sort Method": "quicksort",
                              "Sort Space Used": 42,
                              "Sort Space Type": "Memory"
                            },
                            {
                              "Worker Number": 1,
                              "Sort Method": "quicksort",
                              "Sort Space Used": 45,
                              "Sort Space Type": "Memory"
                            },
                            {
                              "Worker Number": 2,
                              "Sort Method": "quicksort",
                              "Sort Space Used": 42,
                              "Sort Space Type": "Memory"
                            }
                          ],
                          "Plans": [
                            {
                              "Node Type": "Merge Join",
                              "Parent Relationship": "Outer",
                              "Parallel Aware": false,
                              "Join Type": "Inner",
                              "Startup Cost": 67693.46,
                              "Total Cost": 217861.71,
                              "Plan Rows": 957,
                              "Plan Width": 29,
                              "Actual Startup Time": 311.648,
                              "Actual Total Time": 642.426,
                              "Actual Rows": 264,
                              "Actual Loops": 4,
                              "Inner Unique": true,
                              "Merge Cond": "(mk.movie_id = t.id)",
                              "Plans": [
                                {
                                  "Node Type": "Index Scan",
                                  "Parent Relationship": "Outer",
                                  "Parallel Aware": true,
                                  "Scan Direction": "Forward",
                                  "Index Name": "movie_id_movie_keyword",
                                  "Relation Name": "movie_keyword",
                                  "Alias": "mk",
                                  "Startup Cost": 0.43,
                                  "Total Cost": 146502.5,
                                  "Plan Rows": 1459332,
                                  "Plan Width": 8,
                                  "Actual Startup Time": 0.096,
                                  "Actual Total Time": 298.758,
                                  "Actual Rows": 1126972,
                                  "Actual Loops": 4
                                },
                                {
                                  "Node Type": "Sort",
                                  "Parent Relationship": "Inner",
                                  "Parallel Aware": false,
                                  "Startup Cost": 67693.03,
                                  "Total Cost": 67697.17,
                                  "Plan Rows": 1658,
                                  "Plan Width": 21,
                                  "Actual Startup Time": 266.644,
                                  "Actual Total Time": 266.78,
                                  "Actual Rows": 438,
                                  "Actual Loops": 4,
                                  "Sort Key": [
                                    "t.id"
                                  ],
                                  "Sort Method": "quicksort",
                                  "Sort Space Used": 55,
                                  "Sort Space Type": "Memory",
                                  "Workers": [
                                    {
                                      "Worker Number": 0,
                                      "Sort Method": "quicksort",
                                      "Sort Space Used": 55,
                                      "Sort Space Type": "Memory"
                                    },
                                    {
                                      "Worker Number": 1,
                                      "Sort Method": "quicksort",
                                      "Sort Space Used": 55,
                                      "Sort Space Type": "Memory"
                                    },
                                    {
                                      "Worker Number": 2,
                                      "Sort Method": "quicksort",
                                      "Sort Space Used": 55,
                                      "Sort Space Type": "Memory"
                                    }
                                  ],
                                  "Plans": [
                                    {
                                      "Node Type": "Seq Scan",
                                      "Parent Relationship": "Outer",
                                      "Parallel Aware": false,
                                      "Relation Name": "title",
                                      "Alias": "t",
                                      "Startup Cost": 0.0,
                                      "Total Cost": 67604.36,
                                      "Plan Rows": 1658,
                                      "Plan Width": 21,
                                      "Actual Startup Time": 37.758,
                                      "Actual Total Time": 266.311,
                                      "Actual Rows": 438,
                                      "Actual Loops": 4,
                                      "Filter": "(production_year > 2014)",
                                      "Rows Removed by Filter": 2527874
                                    }
                                  ]
                                }
                              ]
                            }
                          ]
                        },
                        {
                          "Node Type": "Sort",
                          "Parent Relationship": "Inner",
                          "Parallel Aware": false,
                          "Startup Cost": 3632.52,
                          "Total Cost": 3632.54,
                          "Plan Rows": 8,
                          "Plan Width": 20,
                          "Actual Startup Time": 26.192,
                          "Actual Total Time": 26.193,
                          "Actual Rows": 8,
                          "Actual Loops": 4,
                          "Sort Key": [
                            "k.id"
                          ],
                          "Sort Method": "quicksort",
                          "Sort Space Used": 25,
                          "Sort Space Type": "Memory",
                          "Workers": [
                            {
                              "Worker Number": 0,
                              "Sort Method": "quicksort",
                              "Sort Space Used": 25,
                              "Sort Space Type": "Memory"
                            },
                            {
                              "Worker Number": 1,
                              "Sort Method": "quicksort",
                              "Sort Space Used": 25,
                              "Sort Space Type": "Memory"
                            },
                            {
                              "Worker Number": 2,
                              "Sort Method": "quicksort",
                              "Sort Space Used": 25,
                              "Sort Space Type": "Memory"
                            }
                          ],
                          "Plans": [
                            {
                              "Node Type": "Seq Scan",
                              "Parent Relationship": "Outer",
                              "Parallel Aware": false,
                              "Relation Name": "keyword",
                              "Alias": "k",
                              "Startup Cost": 0.0,
                              "Total Cost": 3632.4,
                              "Plan Rows": 8,
                              "Plan Width": 20,
                              "Actual Startup Time": 0.134,
                              "Actual Total Time": 26.155,
                              "Actual Rows": 8,
                              "Actual Loops": 4,
                              "Filter": "(keyword = ANY ('{superhero,sequel,second-part,marvel-comics,based-on-comic,tv-special,fight,violence}'::text[]))",
                              "Rows Removed by Filter": 134162
                            }
                          ]
                        }
                      ]
                    }
                  ]
                }
              ]
            }
          ]
        }
      ]
    },
    "Planning Time": 278.751,
    "Triggers": [],
    "Execution Time": 3778.568
  }
]