[
  {
    "Plan": {
      "Node Type": "Aggregate",
      "Strategy": "Plain",
      "Partial Mode": "Finalize",
      "Parallel Aware": false,
      "Startup Cost": 76400.16,
      "Total Cost": 76400.17,
      "Plan Rows": 1,
      "Plan Width": 8,
      "Actual Startup Time": 181.1,
      "Actual Total Time": 199.84,
      "Actual Rows": 1,
      "Actual Loops": 1,
      "Plans": [
        {
          "Node Type": "Gather",
          "Parent Relationship": "Outer",
          "Parallel Aware": false,
          "Startup Cost": 76399.74,
          "Total Cost": 76400.15,
          "Plan Rows": 4,
          "Plan Width": 8,
          "Actual Startup Time": 180.875,
          "Actual Total Time": 199.829,
          "Actual Rows": 5,
          "Actual Loops": 1,
          "Workers Planned": 4,
          "Workers Launched": 4,
          "Single Copy": false,
          "Plans": [
            {
              "Node Type": "Aggregate",
              "Strategy": "Plain",
              "Partial Mode": "Partial",
              "Parent Relationship": "Outer",
              "Parallel Aware": false,
              "Startup Cost": 75399.74,
              "Total Cost": 75399.75,
              "Plan Rows": 1,
              "Plan Width": 8,
              "Actual Startup Time": 171.014,
              "Actual Total Time": 171.017,
              "Actual Rows": 1,
              "Actual Loops": 5,
              "Plans": [
                {
                  "Node Type": "Hash Join",
                  "Parent Relationship": "Outer",
                  "Parallel Aware": true,
                  "Join Type": "Inner",
                  "Startup Cost": 45488.13,
                  "Total Cost": 75399.07,
                  "Plan Rows": 270,
                  "Plan Width": 0,
                  "Actual Startup Time": 97.478,
                  "Actual Total Time": 170.971,
                  "Actual Rows": 319,
                  "Actual Loops": 5,
                  "Inner Unique": true,
                  "Hash Cond": "(ci.movie_id = t.id)",
                  "Plans": [
                    {
                      "Node Type": "Index Scan",
                      "Parent Relationship": "Outer",
                      "Parallel Aware": true,
                      "Scan Direction": "Forward",
                      "Index Name": "role_id_cast_info",
                      "Relation Name": "cast_info",
                      "Alias": "ci",
                      "Startup Cost": 0.56,
                      "Total Cost": 29208.9,
                      "Plan Rows": 267658,
                      "Plan Width": 4,
                      "Actual Startup Time": 0.118,
                      "Actual Total Time": 49.221,
                      "Actual Rows": 218712,
                      "Actual Loops": 5,
                      "Index Cond": "(role_id = 9)",
                      "Rows Removed by Index Recheck": 0
                    },
                    {
                      "Node Type": "Hash",
                      "Parent Relationship": "Inner",
                      "Parallel Aware": true,
                      "Startup Cost": 45479.59,
                      "Total Cost": 45479.59,
                      "Plan Rows": 638,
                      "Plan Width": 4,
                      "Actual Startup Time": 95.485,
                      "Actual Total Time": 95.486,
                      "Actual Rows": 560,
                      "Actual Loops": 5,
                      "Hash Buckets": 4096,
                      "Original Hash Buckets": 4096,
                      "Hash Batches": 1,
                      "Original Hash Batches": 1,
                      "Peak Memory Usage": 224,
                      "Plans": [
                        {
                          "Node Type": "Seq Scan",
                          "Parent Relationship": "Outer",
                          "Parallel Aware": true,
                          "Relation Name": "title",
                          "Alias": "t",
                          "Startup Cost": 0.0,
                          "Total Cost": 45479.59,
                          "Plan Rows": 638,
                          "Plan Width": 4,
                          "Actual Startup Time": 63.912,
                          "Actual Total Time": 95.029,
                          "Actual Rows": 560,
                          "Actual Loops": 5,
                          "Filter": "((kind_id = 1) AND (production_year = 1955))",
                          "Rows Removed by Filter": 505102
                        }
                      ]
                    }
                  ]
                }
              ]
            }
          ]
        }
      ]
    },
    "Planning Time": 0.538,
    "Triggers": [],
    "Execution Time": 199.908
  }
]