[
  {
    "Plan": {
      "Node Type": "Aggregate",
      "Strategy": "Plain",
      "Partial Mode": "Finalize",
      "Parallel Aware": false,
      "Startup Cost": 76085.52,
      "Total Cost": 76085.53,
      "Plan Rows": 1,
      "Plan Width": 8,
      "Actual Startup Time": 156.918,
      "Actual Total Time": 169.384,
      "Actual Rows": 1,
      "Actual Loops": 1,
      "Plans": [
        {
          "Node Type": "Gather",
          "Parent Relationship": "Outer",
          "Parallel Aware": false,
          "Startup Cost": 76085.1,
          "Total Cost": 76085.51,
          "Plan Rows": 4,
          "Plan Width": 8,
          "Actual Startup Time": 156.751,
          "Actual Total Time": 169.375,
          "Actual Rows": 5,
          "Actual Loops": 1,
          "Workers Planned": 4,
          "Workers Launched": 4,
          "Single Copy": false,
          "Plans": [
            {
              "Node Type": "Aggregate",
              "Strategy": "Plain",
              "Partial Mode": "Partial",
              "Parent Relationship": "Outer",
              "Parallel Aware": false,
              "Startup Cost": 75085.1,
              "Total Cost": 75085.11,
              "Plan Rows": 1,
              "Plan Width": 8,
              "Actual Startup Time": 146.942,
              "Actual Total Time": 146.947,
              "Actual Rows": 1,
              "Actual Loops": 5,
              "Plans": [
                {
                  "Node Type": "Hash Join",
                  "Parent Relationship": "Outer",
                  "Parallel Aware": true,
                  "Join Type": "Inner",
                  "Startup Cost": 45484.99,
                  "Total Cost": 75084.66,
                  "Plan Rows": 178,
                  "Plan Width": 0,
                  "Actual Startup Time": 86.65,
                  "Actual Total Time": 146.906,
                  "Actual Rows": 319,
                  "Actual Loops": 5,
                  "Inner Unique": true,
                  "Hash Cond": "(ci.movie_id = t.id)",
                  "Plans": [
                    {
                      "Node Type": "Index Scan",
                      "Parent Relationship": "Outer",
                      "Parallel Aware": true,
                      "Scan Direction": "Forward",
                      "Index Name": "role_id_cast_info",
                      "Relation Name": "cast_info",
                      "Alias": "ci",
                      "Startup Cost": 0.56,
                      "Total Cost": 28905.22,
                      "Plan Rows": 264766,
                      "Plan Width": 4,
                      "Actual Startup Time": 0.089,
                      "Actual Total Time": 36.946,
                      "Actual Rows": 218712,
                      "Actual Loops": 5,
                      "Index Cond": "(role_id = 9)",
                      "Rows Removed by Index Recheck": 0
                    },
                    {
                      "Node Type": "Hash",
                      "Parent Relationship": "Inner",
                      "Parallel Aware": true,
                      "Startup Cost": 45479.1,
                      "Total Cost": 45479.1,
                      "Plan Rows": 426,
                      "Plan Width": 4,
                      "Actual Startup Time": 84.615,
                      "Actual Total Time": 84.616,
                      "Actual Rows": 560,
                      "Actual Loops": 5,
                      "Hash Buckets": 2048,
                      "Original Hash Buckets": 2048,
                      "Hash Batches": 1,
                      "Original Hash Batches": 1,
                      "Peak Memory Usage": 176,
                      "Plans": [
                        {
                          "Node Type": "Seq Scan",
                          "Parent Relationship": "Outer",
                          "Parallel Aware": true,
                          "Relation Name": "title",
                          "Alias": "t",
                          "Startup Cost": 0.0,
                          "Total Cost": 45479.1,
                          "Plan Rows": 426,
                          "Plan Width": 4,
                          "Actual Startup Time": 58.044,
                          "Actual Total Time": 84.211,
                          "Actual Rows": 560,
                          "Actual Loops": 5,
                          "Filter": "((kind_id = 1) AND (production_year = 1955))",
                          "Rows Removed by Filter": 505102
                        }
                      ]
                    }
                  ]
                }
              ]
            }
          ]
        }
      ]
    },
    "Planning Time": 0.659,
    "Triggers": [],
    "Execution Time": 169.463
  }
]