{
  "Plan": {
    "Node Type": "Aggregate",
    "Strategy": "Plain",
    "Partial Mode": "Finalize",
    "Parallel Aware": false,
    "Startup Cost": 271463.93,
    "Total Cost": 271463.94,
    "Plan Rows": 1,
    "Plan Width": 8,
    "Actual Startup Time": 196.116,
    "Actual Total Time": 219.189,
    "Actual Rows": 1,
    "Actual Loops": 1,
    "Plans": [
      {
        "Node Type": "Gather",
        "Parent Relationship": "Outer",
        "Parallel Aware": false,
        "Startup Cost": 271463.82,
        "Total Cost": 271463.93,
        "Plan Rows": 1,
        "Plan Width": 8,
        "Actual Startup Time": 196.002,
        "Actual Total Time": 219.181,
        "Actual Rows": 2,
        "Actual Loops": 1,
        "Workers Planned": 1,
        "Workers Launched": 1,
        "Single Copy": false,
        "Plans": [
          {
            "Node Type": "Aggregate",
            "Strategy": "Plain",
            "Partial Mode": "Partial",
            "Parent Relationship": "Outer",
            "Parallel Aware": false,
            "Startup Cost": 270463.82,
            "Total Cost": 270463.83,
            "Plan Rows": 1,
            "Plan Width": 8,
            "Actual Startup Time": 190.33,
            "Actual Total Time": 190.332,
            "Actual Rows": 1,
            "Actual Loops": 2,
            "Plans": [
              {
                "Node Type": "Nested Loop",
                "Parent Relationship": "Outer",
                "Parallel Aware": false,
                "Join Type": "Inner",
                "Startup Cost": 0.43,
                "Total Cost": 270439.65,
                "Plan Rows": 9669,
                "Plan Width": 0,
                "Actual Startup Time": 1.319,
                "Actual Total Time": 189.457,
                "Actual Rows": 10954,
                "Actual Loops": 2,
                "Inner Unique": false,
                "Plans": [
                  {
                    "Node Type": "Seq Scan",
                    "Parent Relationship": "Outer",
                    "Parallel Aware": true,
                    "Relation Name": "title",
                    "Alias": "t",
                    "Startup Cost": 0.0,
                    "Total Cost": 54588.39,
                    "Plan Rows": 1718,
                    "Plan Width": 4,
                    "Actual Startup Time": 1.185,
                    "Actual Total Time": 149.588,
                    "Actual Rows": 1758,
                    "Actual Loops": 2,
                    "Filter": "(production_year > 2013)",
                    "Rows Removed by Filter": 1262398
                  },
                  {
                    "Node Type": "Index Scan",
                    "Parent Relationship": "Inner",
                    "Parallel Aware": false,
                    "Scan Direction": "Forward",
                    "Index Name": "movie_id_movie_info",
                    "Relation Name": "movie_info",
                    "Alias": "mi",
                    "Startup Cost": 0.43,
                    "Total Cost": 125.24,
                    "Plan Rows": 40,
                    "Plan Width": 4,
                    "Actual Startup Time": 0.01,
                    "Actual Total Time": 0.022,
                    "Actual Rows": 6,
                    "Actual Loops": 3515,
                    "Index Cond": "(movie_id = t.id)",
                    "Rows Removed by Index Recheck": 0,
                    "Filter": "(info_type_id < 103)",
                    "Rows Removed by Filter": 0
                  }
                ]
              }
            ]
          }
        ]
      }
    ]
  },
  "Planning Time": 0.465,
  "Triggers": [],
  "Execution Time": 219.261
}