{
  "Plan": {
    "Node Type": "Aggregate",
    "Strategy": "Plain",
    "Partial Mode": "Finalize",
    "Parallel Aware": false,
    "Startup Cost": 120272.35,
    "Total Cost": 120272.36,
    "Plan Rows": 1,
    "Plan Width": 8,
    "Actual Startup Time": 695.616,
    "Actual Total Time": 713.873,
    "Actual Rows": 1,
    "Actual Loops": 1,
    "Plans": [
      {
        "Node Type": "Gather",
        "Parent Relationship": "Outer",
        "Parallel Aware": false,
        "Startup Cost": 120272.24,
        "Total Cost": 120272.35,
        "Plan Rows": 1,
        "Plan Width": 8,
        "Actual Startup Time": 690.634,
        "Actual Total Time": 713.863,
        "Actual Rows": 2,
        "Actual Loops": 1,
        "Workers Planned": 1,
        "Workers Launched": 1,
        "Single Copy": false,
        "Plans": [
          {
            "Node Type": "Aggregate",
            "Strategy": "Plain",
            "Partial Mode": "Partial",
            "Parent Relationship": "Outer",
            "Parallel Aware": false,
            "Startup Cost": 119272.24,
            "Total Cost": 119272.25,
            "Plan Rows": 1,
            "Plan Width": 8,
            "Actual Startup Time": 682.611,
            "Actual Total Time": 682.615,
            "Actual Rows": 1,
            "Actual Loops": 2,
            "Plans": [
              {
                "Node Type": "Hash Join",
                "Parent Relationship": "Outer",
                "Parallel Aware": true,
                "Join Type": "Inner",
                "Startup Cost": 86333.76,
                "Total Cost": 118350.17,
                "Plan Rows": 368829,
                "Plan Width": 0,
                "Actual Startup Time": 501.822,
                "Actual Total Time": 675.527,
                "Actual Rows": 140602,
                "Actual Loops": 2,
                "Inner Unique": true,
                "Hash Cond": "(mk.movie_id = t.id)",
                "Plans": [
                  {
                    "Node Type": "Bitmap Heap Scan",
                    "Parent Relationship": "Outer",
                    "Parallel Aware": true,
                    "Relation Name": "movie_keyword",
                    "Alias": "mk",
                    "Startup Cost": 18031.85,
                    "Total Cost": 48735.78,
                    "Plan Rows": 499994,
                    "Plan Width": 4,
                    "Actual Startup Time": 65.171,
                    "Actual Total Time": 153.233,
                    "Actual Rows": 420249,
                    "Actual Loops": 2,
                    "Recheck Cond": "(keyword_id > 21828)",
                    "Rows Removed by Index Recheck": 0,
                    "Exact Heap Blocks": 12193,
                    "Lossy Heap Blocks": 0,
                    "Plans": [
                      {
                        "Node Type": "Bitmap Index Scan",
                        "Parent Relationship": "Outer",
                        "Parallel Aware": false,
                        "Index Name": "keyword_id_movie_keyword",
                        "Startup Cost": 0.0,
                        "Total Cost": 17819.36,
                        "Plan Rows": 849990,
                        "Plan Width": 0,
                        "Actual Startup Time": 61.565,
                        "Actual Total Time": 61.566,
                        "Actual Rows": 840498,
                        "Actual Loops": 1,
                        "Index Cond": "(keyword_id > 21828)"
                      }
                    ]
                  },
                  {
                    "Node Type": "Hash",
                    "Parent Relationship": "Inner",
                    "Parallel Aware": true,
                    "Startup Cost": 54588.39,
                    "Total Cost": 54588.39,
                    "Plan Rows": 1097081,
                    "Plan Width": 4,
                    "Actual Startup Time": 421.662,
                    "Actual Total Time": 421.663,
                    "Actual Rows": 932744,
                    "Actual Loops": 2,
                    "Hash Buckets": 2097152,
                    "Original Hash Buckets": 2097152,
                    "Hash Batches": 1,
                    "Original Hash Batches": 1,
                    "Peak Memory Usage": 89376,
                    "Plans": [
                      {
                        "Node Type": "Seq Scan",
                        "Parent Relationship": "Outer",
                        "Parallel Aware": true,
                        "Relation Name": "title",
                        "Alias": "t",
                        "Startup Cost": 0.0,
                        "Total Cost": 54588.39,
                        "Plan Rows": 1097081,
                        "Plan Width": 4,
                        "Actual Startup Time": 0.03,
                        "Actual Total Time": 172.493,
                        "Actual Rows": 932744,
                        "Actual Loops": 2,
                        "Filter": "(kind_id > 1)",
                        "Rows Removed by Filter": 331412
                      }
                    ]
                  }
                ]
              }
            ]
          }
        ]
      }
    ]
  },
  "Planning Time": 0.723,
  "Triggers": [],
  "Execution Time": 713.964
}