{
  "Plan": {
    "Node Type": "Aggregate",
    "Strategy": "Plain",
    "Partial Mode": "Finalize",
    "Parallel Aware": false,
    "Startup Cost": 588075.81,
    "Total Cost": 588075.82,
    "Plan Rows": 1,
    "Plan Width": 8,
    "Actual Startup Time": 2484.78,
    "Actual Total Time": 2537.291,
    "Actual Rows": 1,
    "Actual Loops": 1,
    "Plans": [
      {
        "Node Type": "Gather",
        "Parent Relationship": "Outer",
        "Parallel Aware": false,
        "Startup Cost": 588075.7,
        "Total Cost": 588075.81,
        "Plan Rows": 1,
        "Plan Width": 8,
        "Actual Startup Time": 2484.525,
        "Actual Total Time": 2537.283,
        "Actual Rows": 2,
        "Actual Loops": 1,
        "Workers Planned": 1,
        "Workers Launched": 1,
        "Single Copy": false,
        "Plans": [
          {
            "Node Type": "Aggregate",
            "Strategy": "Plain",
            "Partial Mode": "Partial",
            "Parent Relationship": "Outer",
            "Parallel Aware": false,
            "Startup Cost": 587075.7,
            "Total Cost": 587075.71,
            "Plan Rows": 1,
            "Plan Width": 8,
            "Actual Startup Time": 2478.773,
            "Actual Total Time": 2478.777,
            "Actual Rows": 1,
            "Actual Loops": 2,
            "Plans": [
              {
                "Node Type": "Hash Join",
                "Parent Relationship": "Outer",
                "Parallel Aware": true,
                "Join Type": "Inner",
                "Startup Cost": 58669.98,
                "Total Cost": 586605.18,
                "Plan Rows": 188210,
                "Plan Width": 0,
                "Actual Startup Time": 152.653,
                "Actual Total Time": 2468.753,
                "Actual Rows": 169454,
                "Actual Loops": 2,
                "Inner Unique": true,
                "Hash Cond": "(ci.movie_id = t.id)",
                "Plans": [
                  {
                    "Node Type": "Index Scan",
                    "Parent Relationship": "Outer",
                    "Parallel Aware": true,
                    "Scan Direction": "Forward",
                    "Index Name": "role_id_cast_info",
                    "Relation Name": "cast_info",
                    "Alias": "ci",
                    "Startup Cost": 0.56,
                    "Total Cost": 502630.18,
                    "Plan Rows": 9640203,
                    "Plan Width": 4,
                    "Actual Startup Time": 0.169,
                    "Actual Total Time": 1191.957,
                    "Actual Rows": 8060842,
                    "Actual Loops": 2,
                    "Index Cond": "(role_id > 2)",
                    "Rows Removed by Index Recheck": 0
                  },
                  {
                    "Node Type": "Hash",
                    "Parent Relationship": "Inner",
                    "Parallel Aware": true,
                    "Startup Cost": 58306.47,
                    "Total Cost": 58306.47,
                    "Plan Rows": 29036,
                    "Plan Width": 4,
                    "Actual Startup Time": 151.014,
                    "Actual Total Time": 151.015,
                    "Actual Rows": 28498,
                    "Actual Loops": 2,
                    "Hash Buckets": 65536,
                    "Original Hash Buckets": 65536,
                    "Hash Batches": 1,
                    "Original Hash Batches": 1,
                    "Peak Memory Usage": 2752,
                    "Plans": [
                      {
                        "Node Type": "Seq Scan",
                        "Parent Relationship": "Outer",
                        "Parallel Aware": true,
                        "Relation Name": "title",
                        "Alias": "t",
                        "Startup Cost": 0.0,
                        "Total Cost": 58306.47,
                        "Plan Rows": 29036,
                        "Plan Width": 4,
                        "Actual Startup Time": 0.038,
                        "Actual Total Time": 142.588,
                        "Actual Rows": 28498,
                        "Actual Loops": 2,
                        "Filter": "((kind_id > 1) AND (production_year = 2003))",
                        "Rows Removed by Filter": 1235658
                      }
                    ]
                  }
                ]
              }
            ]
          }
        ]
      }
    ]
  },
  "Planning Time": 0.479,
  "Triggers": [],
  "Execution Time": 2537.381
}