[
  {
    "Plan": {
      "Node Type": "Aggregate",
      "Strategy": "Plain",
      "Partial Mode": "Finalize",
      "Parallel Aware": false,
      "Startup Cost": 117571.76,
      "Total Cost": 117571.77,
      "Plan Rows": 1,
      "Plan Width": 8,
      "Actual Startup Time": 446.531,
      "Actual Total Time": 466.036,
      "Actual Rows": 1,
      "Actual Loops": 1,
      "Plans": [
        {
          "Node Type": "Gather",
          "Parent Relationship": "Outer",
          "Parallel Aware": false,
          "Startup Cost": 117571.45,
          "Total Cost": 117571.76,
          "Plan Rows": 3,
          "Plan Width": 8,
          "Actual Startup Time": 442.161,
          "Actual Total Time": 466.027,
          "Actual Rows": 4,
          "Actual Loops": 1,
          "Workers Planned": 3,
          "Workers Launched": 3,
          "Single Copy": false,
          "Plans": [
            {
              "Node Type": "Aggregate",
              "Strategy": "Plain",
              "Partial Mode": "Partial",
              "Parent Relationship": "Outer",
              "Parallel Aware": false,
              "Startup Cost": 116571.45,
              "Total Cost": 116571.46,
              "Plan Rows": 1,
              "Plan Width": 8,
              "Actual Startup Time": 430.563,
              "Actual Total Time": 430.569,
              "Actual Rows": 1,
              "Actual Loops": 4,
              "Plans": [
                {
                  "Node Type": "Hash Join",
                  "Parent Relationship": "Outer",
                  "Parallel Aware": true,
                  "Join Type": "Inner",
                  "Startup Cost": 83934.78,
                  "Total Cost": 116451.55,
                  "Plan Rows": 47957,
                  "Plan Width": 0,
                  "Actual Startup Time": 313.886,
                  "Actual Total Time": 429.936,
                  "Actual Rows": 13568,
                  "Actual Loops": 4,
                  "Inner Unique": false,
                  "Hash Cond": "(mc.movie_id = t.id)",
                  "Plans": [
                    {
                      "Node Type": "Seq Scan",
                      "Parent Relationship": "Outer",
                      "Parallel Aware": true,
                      "Relation Name": "movie_companies",
                      "Alias": "mc",
                      "Startup Cost": 0.0,
                      "Total Cost": 29310.68,
                      "Plan Rows": 813705,
                      "Plan Width": 4,
                      "Actual Startup Time": 0.025,
                      "Actual Total Time": 75.216,
                      "Actual Rows": 631618,
                      "Actual Loops": 4,
                      "Filter": "(company_id < 168329)",
                      "Rows Removed by Filter": 20665
                    },
                    {
                      "Node Type": "Hash",
                      "Parent Relationship": "Inner",
                      "Parallel Aware": true,
                      "Startup Cost": 83333.94,
                      "Total Cost": 83333.94,
                      "Plan Rows": 48067,
                      "Plan Width": 8,
                      "Actual Startup Time": 302.047,
                      "Actual Total Time": 302.051,
                      "Actual Rows": 5738,
                      "Actual Loops": 4,
                      "Hash Buckets": 262144,
                      "Original Hash Buckets": 262144,
                      "Hash Batches": 1,
                      "Original Hash Batches": 1,
                      "Peak Memory Usage": 3008,
                      "Plans": [
                        {
                          "Node Type": "Hash Join",
                          "Parent Relationship": "Outer",
                          "Parallel Aware": true,
                          "Join Type": "Inner",
                          "Startup Cost": 56923.22,
                          "Total Cost": 83333.94,
                          "Plan Rows": 48067,
                          "Plan Width": 8,
                          "Actual Startup Time": 224.397,
                          "Actual Total Time": 299.303,
                          "Actual Rows": 5738,
                          "Actual Loops": 4,
                          "Inner Unique": true,
                          "Hash Cond": "(mk.movie_id = t.id)",
                          "Plans": [
                            {
                              "Node Type": "Bitmap Heap Scan",
                              "Parent Relationship": "Outer",
                              "Parallel Aware": true,
                              "Relation Name": "movie_keyword",
                              "Alias": "mk",
                              "Startup Cost": 8508.55,
                              "Total Cost": 34579.68,
                              "Plan Rows": 129370,
                              "Plan Width": 4,
                              "Actual Startup Time": 26.573,
                              "Actual Total Time": 77.368,
                              "Actual Rows": 97418,
                              "Actual Loops": 4,
                              "Recheck Cond": "(keyword_id > 44144)",
                              "Rows Removed by Index Recheck": 0,
                              "Exact Heap Blocks": 7378,
                              "Lossy Heap Blocks": 0,
                              "Plans": [
                                {
                                  "Node Type": "Bitmap Index Scan",
                                  "Parent Relationship": "Outer",
                                  "Parallel Aware": false,
                                  "Index Name": "keyword_id_movie_keyword",
                                  "Startup Cost": 0.0,
                                  "Total Cost": 8408.29,
                                  "Plan Rows": 401048,
                                  "Plan Width": 0,
                                  "Actual Startup Time": 23.203,
                                  "Actual Total Time": 23.203,
                                  "Actual Rows": 389670,
                                  "Actual Loops": 1,
                                  "Index Cond": "(keyword_id > 44144)"
                                }
                              ]
                            },
                            {
                              "Node Type": "Hash",
                              "Parent Relationship": "Inner",
                              "Parallel Aware": true,
                              "Startup Cost": 45479.1,
                              "Total Cost": 45479.1,
                              "Plan Rows": 234845,
                              "Plan Width": 4,
                              "Actual Startup Time": 193.764,
                              "Actual Total Time": 193.765,
                              "Actual Rows": 219009,
                              "Actual Loops": 4,
                              "Hash Buckets": 1048576,
                              "Original Hash Buckets": 1048576,
                              "Hash Batches": 1,
                              "Original Hash Batches": 1,
                              "Peak Memory Usage": 42528,
                              "Plans": [
                                {
                                  "Node Type": "Seq Scan",
                                  "Parent Relationship": "Outer",
                                  "Parallel Aware": true,
                                  "Relation Name": "title",
                                  "Alias": "t",
                                  "Startup Cost": 0.0,
                                  "Total Cost": 45479.1,
                                  "Plan Rows": 234845,
                                  "Plan Width": 4,
                                  "Actual Startup Time": 0.049,
                                  "Actual Total Time": 107.746,
                                  "Actual Rows": 219009,
                                  "Actual Loops": 4,
                                  "Filter": "((production_year < 2007) AND (kind_id = 7))",
                                  "Rows Removed by Filter": 413069
                                }
                              ]
                            }
                          ]
                        }
                      ]
                    }
                  ]
                }
              ]
            }
          ]
        }
      ]
    },
    "Planning Time": 1.484,
    "Triggers": [],
    "Execution Time": 466.148
  }
]