[
  {
    "Plan": {
      "Node Type": "Aggregate",
      "Strategy": "Plain",
      "Partial Mode": "Finalize",
      "Parallel Aware": false,
      "Startup Cost": 432161.42,
      "Total Cost": 432161.43,
      "Plan Rows": 1,
      "Plan Width": 8,
      "Actual Startup Time": 2536.757,
      "Actual Total Time": 2619.014,
      "Actual Rows": 1,
      "Actual Loops": 1,
      "Plans": [
        {
          "Node Type": "Gather",
          "Parent Relationship": "Outer",
          "Parallel Aware": false,
          "Startup Cost": 432160.89,
          "Total Cost": 432161.4,
          "Plan Rows": 5,
          "Plan Width": 8,
          "Actual Startup Time": 2519.04,
          "Actual Total Time": 2619.001,
          "Actual Rows": 6,
          "Actual Loops": 1,
          "Workers Planned": 5,
          "Workers Launched": 5,
          "Single Copy": false,
          "Plans": [
            {
              "Node Type": "Aggregate",
              "Strategy": "Plain",
              "Partial Mode": "Partial",
              "Parent Relationship": "Outer",
              "Parallel Aware": false,
              "Startup Cost": 431160.89,
              "Total Cost": 431160.9,
              "Plan Rows": 1,
              "Plan Width": 8,
              "Actual Startup Time": 2494.398,
              "Actual Total Time": 2494.402,
              "Actual Rows": 1,
              "Actual Loops": 6,
              "Plans": [
                {
                  "Node Type": "Nested Loop",
                  "Parent Relationship": "Outer",
                  "Parallel Aware": false,
                  "Join Type": "Inner",
                  "Startup Cost": 58755.72,
                  "Total Cost": 428573.39,
                  "Plan Rows": 1035002,
                  "Plan Width": 0,
                  "Actual Startup Time": 290.839,
                  "Actual Total Time": 2432.518,
                  "Actual Rows": 1321420,
                  "Actual Loops": 6,
                  "Inner Unique": false,
                  "Plans": [
                    {
                      "Node Type": "Hash Join",
                      "Parent Relationship": "Outer",
                      "Parallel Aware": true,
                      "Join Type": "Inner",
                      "Startup Cost": 58755.15,
                      "Total Cost": 222173.25,
                      "Plan Rows": 94221,
                      "Plan Width": 8,
                      "Actual Startup Time": 290.731,
                      "Actual Total Time": 371.258,
                      "Actual Rows": 79074,
                      "Actual Loops": 6,
                      "Inner Unique": true,
                      "Hash Cond": "(mi.movie_id = t.id)",
                      "Plans": [
                        {
                          "Node Type": "Bitmap Heap Scan",
                          "Parent Relationship": "Outer",
                          "Parallel Aware": true,
                          "Relation Name": "movie_info",
                          "Alias": "mi",
                          "Startup Cost": 8535.51,
                          "Total Cost": 171706.27,
                          "Plan Rows": 94221,
                          "Plan Width": 4,
                          "Actual Startup Time": 21.558,
                          "Actual Total Time": 33.74,
                          "Actual Rows": 79074,
                          "Actual Loops": 6,
                          "Recheck Cond": "(info_type_id = 6)",
                          "Rows Removed by Index Recheck": 0,
                          "Exact Heap Blocks": 590,
                          "Lossy Heap Blocks": 0,
                          "Plans": [
                            {
                              "Node Type": "Bitmap Index Scan",
                              "Parent Relationship": "Outer",
                              "Parallel Aware": false,
                              "Index Name": "info_type_id_movie_info",
                              "Startup Cost": 0.0,
                              "Total Cost": 8417.73,
                              "Plan Rows": 471106,
                              "Plan Width": 0,
                              "Actual Startup Time": 21.008,
                              "Actual Total Time": 21.009,
                              "Actual Rows": 474443,
                              "Actual Loops": 1,
                              "Index Cond": "(info_type_id = 6)"
                            }
                          ]
                        },
                        {
                          "Node Type": "Hash",
                          "Parent Relationship": "Inner",
                          "Parallel Aware": true,
                          "Startup Cost": 42318.73,
                          "Total Cost": 42318.73,
                          "Plan Rows": 632073,
                          "Plan Width": 4,
                          "Actual Startup Time": 261.578,
                          "Actual Total Time": 261.579,
                          "Actual Rows": 421385,
                          "Actual Loops": 6,
                          "Hash Buckets": 4194304,
                          "Original Hash Buckets": 4194304,
                          "Hash Batches": 1,
                          "Original Hash Batches": 1,
                          "Peak Memory Usage": 131808,
                          "Plans": [
                            {
                              "Node Type": "Seq Scan",
                              "Parent Relationship": "Outer",
                              "Parallel Aware": true,
                              "Relation Name": "title",
                              "Alias": "t",
                              "Startup Cost": 0.0,
                              "Total Cost": 42318.73,
                              "Plan Rows": 632073,
                              "Plan Width": 4,
                              "Actual Startup Time": 0.034,
                              "Actual Total Time": 76.714,
                              "Actual Rows": 421385,
                              "Actual Loops": 6
                            }
                          ]
                        }
                      ]
                    },
                    {
                      "Node Type": "Index Scan",
                      "Parent Relationship": "Inner",
                      "Parallel Aware": false,
                      "Scan Direction": "Forward",
                      "Index Name": "movie_id_cast_info",
                      "Relation Name": "cast_info",
                      "Alias": "ci",
                      "Startup Cost": 0.56,
                      "Total Cost": 1.91,
                      "Plan Rows": 28,
                      "Plan Width": 4,
                      "Actual Startup Time": 0.004,
                      "Actual Total Time": 0.025,
                      "Actual Rows": 17,
                      "Actual Loops": 474443,
                      "Index Cond": "(movie_id = t.id)",
                      "Rows Removed by Index Recheck": 0,
                      "Filter": "(person_id < 2847505)",
                      "Rows Removed by Filter": 5
                    }
                  ]
                }
              ]
            }
          ]
        }
      ]
    },
    "Planning Time": 1.357,
    "Triggers": [],
    "Execution Time": 2619.151
  }
]