[
  {
    "Plan": {
      "Node Type": "Aggregate",
      "Strategy": "Plain",
      "Partial Mode": "Finalize",
      "Parallel Aware": false,
      "Startup Cost": 63675.13,
      "Total Cost": 63675.14,
      "Plan Rows": 1,
      "Plan Width": 8,
      "Actual Startup Time": 369.723,
      "Actual Total Time": 383.87,
      "Actual Rows": 1,
      "Actual Loops": 1,
      "Plans": [
        {
          "Node Type": "Gather",
          "Parent Relationship": "Outer",
          "Parallel Aware": false,
          "Startup Cost": 63674.91,
          "Total Cost": 63675.12,
          "Plan Rows": 2,
          "Plan Width": 8,
          "Actual Startup Time": 365.954,
          "Actual Total Time": 383.859,
          "Actual Rows": 3,
          "Actual Loops": 1,
          "Workers Planned": 2,
          "Workers Launched": 2,
          "Single Copy": false,
          "Plans": [
            {
              "Node Type": "Aggregate",
              "Strategy": "Plain",
              "Partial Mode": "Partial",
              "Parent Relationship": "Outer",
              "Parallel Aware": false,
              "Startup Cost": 62674.91,
              "Total Cost": 62674.92,
              "Plan Rows": 1,
              "Plan Width": 8,
              "Actual Startup Time": 358.142,
              "Actual Total Time": 358.146,
              "Actual Rows": 1,
              "Actual Loops": 3,
              "Plans": [
                {
                  "Node Type": "Hash Join",
                  "Parent Relationship": "Outer",
                  "Parallel Aware": true,
                  "Join Type": "Inner",
                  "Startup Cost": 47172.29,
                  "Total Cost": 62366.85,
                  "Plan Rows": 123227,
                  "Plan Width": 0,
                  "Actual Startup Time": 259.352,
                  "Actual Total Time": 347.873,
                  "Actual Rows": 192436,
                  "Actual Loops": 3,
                  "Inner Unique": true,
                  "Hash Cond": "(mi_idx.movie_id = t.id)",
                  "Plans": [
                    {
                      "Node Type": "Seq Scan",
                      "Parent Relationship": "Outer",
                      "Parallel Aware": true,
                      "Relation Name": "movie_info_idx",
                      "Alias": "mi_idx",
                      "Startup Cost": 0.0,
                      "Total Cost": 13685.15,
                      "Plan Rows": 575015,
                      "Plan Width": 4,
                      "Actual Startup Time": 0.032,
                      "Actual Total Time": 43.79,
                      "Actual Rows": 460012,
                      "Actual Loops": 3
                    },
                    {
                      "Node Type": "Hash",
                      "Parent Relationship": "Inner",
                      "Parallel Aware": true,
                      "Startup Cost": 45479.1,
                      "Total Cost": 45479.1,
                      "Plan Rows": 135455,
                      "Plan Width": 4,
                      "Actual Startup Time": 207.878,
                      "Actual Total Time": 207.879,
                      "Actual Rows": 185773,
                      "Actual Loops": 3,
                      "Hash Buckets": 1048576,
                      "Original Hash Buckets": 1048576,
                      "Hash Batches": 1,
                      "Original Hash Batches": 1,
                      "Peak Memory Usage": 30080,
                      "Plans": [
                        {
                          "Node Type": "Seq Scan",
                          "Parent Relationship": "Outer",
                          "Parallel Aware": true,
                          "Relation Name": "title",
                          "Alias": "t",
                          "Startup Cost": 0.0,
                          "Total Cost": 45479.1,
                          "Plan Rows": 135455,
                          "Plan Width": 4,
                          "Actual Startup Time": 76.193,
                          "Actual Total Time": 140.406,
                          "Actual Rows": 185773,
                          "Actual Loops": 3,
                          "Filter": "((kind_id < 2) AND (production_year < 2011))",
                          "Rows Removed by Filter": 656998
                        }
                      ]
                    }
                  ]
                }
              ]
            }
          ]
        }
      ]
    },
    "Planning Time": 0.593,
    "Triggers": [],
    "Execution Time": 383.935
  }
]