{
  "Plan": {
    "Node Type": "Aggregate",
    "Strategy": "Plain",
    "Partial Mode": "Finalize",
    "Parallel Aware": false,
    "Startup Cost": 725708.63,
    "Total Cost": 725708.64,
    "Plan Rows": 1,
    "Plan Width": 8,
    "Actual Startup Time": 5179.666,
    "Actual Total Time": 5251.766,
    "Actual Rows": 1,
    "Actual Loops": 1,
    "Plans": [
      {
        "Node Type": "Gather",
        "Parent Relationship": "Outer",
        "Parallel Aware": false,
        "Startup Cost": 725708.52,
        "Total Cost": 725708.63,
        "Plan Rows": 1,
        "Plan Width": 8,
        "Actual Startup Time": 5176.184,
        "Actual Total Time": 5251.757,
        "Actual Rows": 2,
        "Actual Loops": 1,
        "Workers Planned": 1,
        "Workers Launched": 1,
        "Single Copy": false,
        "Plans": [
          {
            "Node Type": "Aggregate",
            "Strategy": "Plain",
            "Partial Mode": "Partial",
            "Parent Relationship": "Outer",
            "Parallel Aware": false,
            "Startup Cost": 724708.52,
            "Total Cost": 724708.53,
            "Plan Rows": 1,
            "Plan Width": 8,
            "Actual Startup Time": 5170.241,
            "Actual Total Time": 5170.246,
            "Actual Rows": 1,
            "Actual Loops": 2,
            "Plans": [
              {
                "Node Type": "Hash Join",
                "Parent Relationship": "Outer",
                "Parallel Aware": true,
                "Join Type": "Inner",
                "Startup Cost": 110508.34,
                "Total Cost": 704280.93,
                "Plan Rows": 8171034,
                "Plan Width": 0,
                "Actual Startup Time": 690.978,
                "Actual Total Time": 4928.363,
                "Actual Rows": 5870638,
                "Actual Loops": 2,
                "Inner Unique": false,
                "Hash Cond": "(ci.movie_id = t.id)",
                "Plans": [
                  {
                    "Node Type": "Seq Scan",
                    "Parent Relationship": "Outer",
                    "Parallel Aware": true,
                    "Relation Name": "cast_info",
                    "Alias": "ci",
                    "Startup Cost": 0.0,
                    "Total Cost": 465792.95,
                    "Plan Rows": 21310595,
                    "Plan Width": 4,
                    "Actual Startup Time": 0.015,
                    "Actual Total Time": 1320.066,
                    "Actual Rows": 18122172,
                    "Actual Loops": 2
                  },
                  {
                    "Node Type": "Hash",
                    "Parent Relationship": "Inner",
                    "Parallel Aware": true,
                    "Startup Cost": 103380.3,
                    "Total Cost": 103380.3,
                    "Plan Rows": 570243,
                    "Plan Width": 8,
                    "Actual Startup Time": 681.595,
                    "Actual Total Time": 681.598,
                    "Actual Rows": 232897,
                    "Actual Loops": 2,
                    "Hash Buckets": 1048576,
                    "Original Hash Buckets": 1048576,
                    "Hash Batches": 1,
                    "Original Hash Batches": 1,
                    "Peak Memory Usage": 26464,
                    "Plans": [
                      {
                        "Node Type": "Hash Join",
                        "Parent Relationship": "Outer",
                        "Parallel Aware": true,
                        "Join Type": "Inner",
                        "Startup Cost": 65213.67,
                        "Total Cost": 103380.3,
                        "Plan Rows": 570243,
                        "Plan Width": 8,
                        "Actual Startup Time": 272.745,
                        "Actual Total Time": 624.675,
                        "Actual Rows": 232897,
                        "Actual Loops": 2,
                        "Inner Unique": true,
                        "Hash Cond": "(mc.movie_id = t.id)",
                        "Plans": [
                          {
                            "Node Type": "Seq Scan",
                            "Parent Relationship": "Outer",
                            "Parallel Aware": true,
                            "Relation Name": "movie_companies",
                            "Alias": "mc",
                            "Startup Cost": 0.0,
                            "Total Cost": 34137.82,
                            "Plan Rows": 1534782,
                            "Plan Width": 4,
                            "Actual Startup Time": 0.013,
                            "Actual Total Time": 98.513,
                            "Actual Rows": 1304564,
                            "Actual Loops": 2
                          },
                          {
                            "Node Type": "Hash",
                            "Parent Relationship": "Inner",
                            "Parallel Aware": true,
                            "Startup Cost": 58306.47,
                            "Total Cost": 58306.47,
                            "Plan Rows": 552576,
                            "Plan Width": 4,
                            "Actual Startup Time": 267.057,
                            "Actual Total Time": 267.058,
                            "Actual Rows": 438018,
                            "Actual Loops": 2,
                            "Hash Buckets": 1048576,
                            "Original Hash Buckets": 1048576,
                            "Hash Batches": 1,
                            "Original Hash Batches": 1,
                            "Peak Memory Usage": 42496,
                            "Plans": [
                              {
                                "Node Type": "Seq Scan",
                                "Parent Relationship": "Outer",
                                "Parallel Aware": true,
                                "Relation Name": "title",
                                "Alias": "t",
                                "Startup Cost": 0.0,
                                "Total Cost": 58306.47,
                                "Plan Rows": 552576,
                                "Plan Width": 4,
                                "Actual Startup Time": 0.036,
                                "Actual Total Time": 159.367,
                                "Actual Rows": 438018,
                                "Actual Loops": 2,
                                "Filter": "((production_year < 2007) AND (kind_id = 7))",
                                "Rows Removed by Filter": 826138
                              }
                            ]
                          }
                        ]
                      }
                    ]
                  }
                ]
              }
            ]
          }
        ]
      }
    ]
  },
  "Planning Time": 0.976,
  "Triggers": [],
  "Execution Time": 5251.86
}