{
  "Plan": {
    "Node Type": "Aggregate",
    "Strategy": "Plain",
    "Partial Mode": "Simple",
    "Parallel Aware": false,
    "Startup Cost": 94255.61,
    "Total Cost": 94255.62,
    "Plan Rows": 1,
    "Plan Width": 64,
    "Actual Startup Time": 336.118,
    "Actual Total Time": 359.01,
    "Actual Rows": 1,
    "Actual Loops": 1,
    "Plans": [
      {
        "Node Type": "Gather",
        "Parent Relationship": "Outer",
        "Parallel Aware": false,
        "Startup Cost": 1004.44,
        "Total Cost": 94255.6,
        "Plan Rows": 1,
        "Plan Width": 32,
        "Actual Startup Time": 165.766,
        "Actual Total Time": 358.986,
        "Actual Rows": 16,
        "Actual Loops": 1,
        "Workers Planned": 1,
        "Workers Launched": 1,
        "Single Copy": false,
        "Plans": [
          {
            "Node Type": "Nested Loop",
            "Parent Relationship": "Outer",
            "Parallel Aware": false,
            "Join Type": "Inner",
            "Startup Cost": 4.44,
            "Total Cost": 93255.5,
            "Plan Rows": 1,
            "Plan Width": 32,
            "Actual Startup Time": 158.681,
            "Actual Total Time": 327.933,
            "Actual Rows": 8,
            "Actual Loops": 2,
            "Inner Unique": true,
            "Plans": [
              {
                "Node Type": "Nested Loop",
                "Parent Relationship": "Outer",
                "Parallel Aware": false,
                "Join Type": "Inner",
                "Startup Cost": 4.02,
                "Total Cost": 93255.01,
                "Plan Rows": 1,
                "Plan Width": 36,
                "Actual Startup Time": 158.643,
                "Actual Total Time": 327.866,
                "Actual Rows": 8,
                "Actual Loops": 2,
                "Inner Unique": true,
                "Plans": [
                  {
                    "Node Type": "Nested Loop",
                    "Parent Relationship": "Outer",
                    "Parallel Aware": false,
                    "Join Type": "Inner",
                    "Startup Cost": 3.88,
                    "Total Cost": 93254.83,
                    "Plan Rows": 1,
                    "Plan Width": 40,
                    "Actual Startup Time": 158.625,
                    "Actual Total Time": 327.83,
                    "Actual Rows": 8,
                    "Actual Loops": 2,
                    "Inner Unique": false,
                    "Join Filter": "(t.id = mc.movie_id)",
                    "Rows Removed by Join Filter": 0,
                    "Plans": [
                      {
                        "Node Type": "Nested Loop",
                        "Parent Relationship": "Outer",
                        "Parallel Aware": false,
                        "Join Type": "Inner",
                        "Startup Cost": 3.45,
                        "Total Cost": 93254.23,
                        "Plan Rows": 1,
                        "Plan Width": 48,
                        "Actual Startup Time": 157.691,
                        "Actual Total Time": 327.603,
                        "Actual Rows": 16,
                        "Actual Loops": 2,
                        "Inner Unique": false,
                        "Join Filter": "(t.id = mi.movie_id)",
                        "Rows Removed by Join Filter": 0,
                        "Plans": [
                          {
                            "Node Type": "Nested Loop",
                            "Parent Relationship": "Outer",
                            "Parallel Aware": false,
                            "Join Type": "Inner",
                            "Startup Cost": 3.01,
                            "Total Cost": 93252.54,
                            "Plan Rows": 1,
                            "Plan Width": 40,
                            "Actual Startup Time": 154.74,
                            "Actual Total Time": 326.152,
                            "Actual Rows": 96,
                            "Actual Loops": 2,
                            "Inner Unique": true,
                            "Plans": [
                              {
                                "Node Type": "Hash Join",
                                "Parent Relationship": "Outer",
                                "Parallel Aware": false,
                                "Join Type": "Inner",
                                "Startup Cost": 2.58,
                                "Total Cost": 93252.02,
                                "Plan Rows": 1,
                                "Plan Width": 19,
                                "Actual Startup Time": 151.146,
                                "Actual Total Time": 324.685,
                                "Actual Rows": 182,
                                "Actual Loops": 2,
                                "Inner Unique": true,
                                "Hash Cond": "(ci.role_id = rt.id)",
                                "Plans": [
                                  {
                                    "Node Type": "Nested Loop",
                                    "Parent Relationship": "Outer",
                                    "Parallel Aware": false,
                                    "Join Type": "Inner",
                                    "Startup Cost": 1.42,
                                    "Total Cost": 93250.82,
                                    "Plan Rows": 8,
                                    "Plan Width": 23,
                                    "Actual Startup Time": 150.761,
                                    "Actual Total Time": 324.242,
                                    "Actual Rows": 182,
                                    "Actual Loops": 2,
                                    "Inner Unique": true,
                                    "Plans": [
                                      {
                                        "Node Type": "Nested Loop",
                                        "Parent Relationship": "Outer",
                                        "Parallel Aware": false,
                                        "Join Type": "Inner",
                                        "Startup Cost": 0.99,
                                        "Total Cost": 93246.63,
                                        "Plan Rows": 8,
                                        "Plan Width": 27,
                                        "Actual Startup Time": 150.688,
                                        "Actual Total Time": 323.38,
                                        "Actual Rows": 214,
                                        "Actual Loops": 2,
                                        "Inner Unique": false,
                                        "Join Filter": "(n.id = ci.person_id)",
                                        "Rows Removed by Join Filter": 0,
                                        "Plans": [
                                          {
                                            "Node Type": "Nested Loop",
                                            "Parent Relationship": "Outer",
                                            "Parallel Aware": false,
                                            "Join Type": "Inner",
                                            "Startup Cost": 0.42,
                                            "Total Cost": 93076.52,
                                            "Plan Rows": 12,
                                            "Plan Width": 23,
                                            "Actual Startup Time": 141.99,
                                            "Actual Total Time": 317.834,
                                            "Actual Rows": 190,
                                            "Actual Loops": 2,
                                            "Inner Unique": false,
                                            "Plans": [
                                              {
                                                "Node Type": "Seq Scan",
                                                "Parent Relationship": "Outer",
                                                "Parallel Aware": true,
                                                "Relation Name": "name",
                                                "Alias": "n",
                                                "Startup Cost": 0.0,
                                                "Total Cost": 92382.65,
                                                "Plan Rows": 56,
                                                "Plan Width": 19,
                                                "Actual Startup Time": 141.709,
                                                "Actual Total Time": 312.615,
                                                "Actual Rows": 1045,
                                                "Actual Loops": 2,
                                                "Filter": "((name ~~ '%Claire%'::text) AND ((gender)::text = 'f'::text))",
                                                "Rows Removed by Filter": 2082700
                                              },
                                              {
                                                "Node Type": "Index Only Scan",
                                                "Parent Relationship": "Inner",
                                                "Parallel Aware": false,
                                                "Scan Direction": "Forward",
                                                "Index Name": "person_id_aka_name",
                                                "Relation Name": "aka_name",
                                                "Alias": "an",
                                                "Startup Cost": 0.42,
                                                "Total Cost": 12.37,
                                                "Plan Rows": 2,
                                                "Plan Width": 4,
                                                "Actual Startup Time": 0.004,
                                                "Actual Total Time": 0.005,
                                                "Actual Rows": 0,
                                                "Actual Loops": 2090,
                                                "Index Cond": "(person_id = n.id)",
                                                "Rows Removed by Index Recheck": 0,
                                                "Heap Fetches": 381
                                              }
                                            ]
                                          },
                                          {
                                            "Node Type": "Index Scan",
                                            "Parent Relationship": "Inner",
                                            "Parallel Aware": false,
                                            "Scan Direction": "Forward",
                                            "Index Name": "person_id_cast_info",
                                            "Relation Name": "cast_info",
                                            "Alias": "ci",
                                            "Startup Cost": 0.56,
                                            "Total Cost": 13.74,
                                            "Plan Rows": 35,
                                            "Plan Width": 16,
                                            "Actual Startup Time": 0.027,
                                            "Actual Total Time": 0.029,
                                            "Actual Rows": 1,
                                            "Actual Loops": 381,
                                            "Index Cond": "(person_id = an.person_id)",
                                            "Rows Removed by Index Recheck": 0,
                                            "Filter": "(note = ANY ('{(voice),\"(executive producer)\",(writer),\"(as Claire)\"}'::text[]))",
                                            "Rows Removed by Filter": 48
                                          }
                                        ]
                                      },
                                      {
                                        "Node Type": "Index Only Scan",
                                        "Parent Relationship": "Inner",
                                        "Parallel Aware": false,
                                        "Scan Direction": "Forward",
                                        "Index Name": "char_name_pkey",
                                        "Relation Name": "char_name",
                                        "Alias": "chn",
                                        "Startup Cost": 0.43,
                                        "Total Cost": 0.52,
                                        "Plan Rows": 1,
                                        "Plan Width": 4,
                                        "Actual Startup Time": 0.004,
                                        "Actual Total Time": 0.004,
                                        "Actual Rows": 1,
                                        "Actual Loops": 427,
                                        "Index Cond": "(id = ci.person_role_id)",
                                        "Rows Removed by Index Recheck": 0,
                                        "Heap Fetches": 365
                                      }
                                    ]
                                  },
                                  {
                                    "Node Type": "Hash",
                                    "Parent Relationship": "Inner",
                                    "Parallel Aware": false,
                                    "Startup Cost": 1.15,
                                    "Total Cost": 1.15,
                                    "Plan Rows": 1,
                                    "Plan Width": 4,
                                    "Actual Startup Time": 0.064,
                                    "Actual Total Time": 0.065,
                                    "Actual Rows": 1,
                                    "Actual Loops": 2,
                                    "Hash Buckets": 1024,
                                    "Original Hash Buckets": 1024,
                                    "Hash Batches": 1,
                                    "Original Hash Batches": 1,
                                    "Peak Memory Usage": 9,
                                    "Plans": [
                                      {
                                        "Node Type": "Seq Scan",
                                        "Parent Relationship": "Outer",
                                        "Parallel Aware": false,
                                        "Relation Name": "role_type",
                                        "Alias": "rt",
                                        "Startup Cost": 0.0,
                                        "Total Cost": 1.15,
                                        "Plan Rows": 1,
                                        "Plan Width": 4,
                                        "Actual Startup Time": 0.046,
                                        "Actual Total Time": 0.05,
                                        "Actual Rows": 1,
                                        "Actual Loops": 2,
                                        "Filter": "((role)::text = 'actress'::text)",
                                        "Rows Removed by Filter": 11
                                      }
                                    ]
                                  }
                                ]
                              },
                              {
                                "Node Type": "Index Scan",
                                "Parent Relationship": "Inner",
                                "Parallel Aware": false,
                                "Scan Direction": "Forward",
                                "Index Name": "title_pkey",
                                "Relation Name": "title",
                                "Alias": "t",
                                "Startup Cost": 0.43,
                                "Total Cost": 0.53,
                                "Plan Rows": 1,
                                "Plan Width": 21,
                                "Actual Startup Time": 0.008,
                                "Actual Total Time": 0.008,
                                "Actual Rows": 1,
                                "Actual Loops": 365,
                                "Index Cond": "(id = ci.movie_id)",
                                "Rows Removed by Index Recheck": 0,
                                "Filter": "((production_year >= 2000) AND (production_year <= 2011))",
                                "Rows Removed by Filter": 0
                              }
                            ]
                          },
                          {
                            "Node Type": "Index Scan",
                            "Parent Relationship": "Inner",
                            "Parallel Aware": false,
                            "Scan Direction": "Forward",
                            "Index Name": "movie_id_movie_info",
                            "Relation Name": "movie_info",
                            "Alias": "mi",
                            "Startup Cost": 0.43,
                            "Total Cost": 1.66,
                            "Plan Rows": 2,
                            "Plan Width": 8,
                            "Actual Startup Time": 0.012,
                            "Actual Total Time": 0.015,
                            "Actual Rows": 0,
                            "Actual Loops": 192,
                            "Index Cond": "(movie_id = ci.movie_id)",
                            "Rows Removed by Index Recheck": 0,
                            "Filter": "((info IS NOT NULL) AND ((info ~~ 'Japan:%200%'::text) OR (info ~~ 'USA:%200%'::text)))",
                            "Rows Removed by Filter": 5
                          }
                        ]
                      },
                      {
                        "Node Type": "Index Scan",
                        "Parent Relationship": "Inner",
                        "Parallel Aware": false,
                        "Scan Direction": "Forward",
                        "Index Name": "movie_id_movie_companies",
                        "Relation Name": "movie_companies",
                        "Alias": "mc",
                        "Startup Cost": 0.43,
                        "Total Cost": 0.59,
                        "Plan Rows": 1,
                        "Plan Width": 8,
                        "Actual Startup Time": 0.011,
                        "Actual Total Time": 0.013,
                        "Actual Rows": 0,
                        "Actual Loops": 33,
                        "Index Cond": "(movie_id = ci.movie_id)",
                        "Rows Removed by Index Recheck": 0,
                        "Filter": "((note IS NOT NULL) AND ((note ~~ '%(USA)%'::text) OR (note ~~ '%(worldwide)%'::text)))",
                        "Rows Removed by Filter": 4
                      }
                    ]
                  },
                  {
                    "Node Type": "Index Scan",
                    "Parent Relationship": "Inner",
                    "Parallel Aware": false,
                    "Scan Direction": "Forward",
                    "Index Name": "info_type_pkey",
                    "Relation Name": "info_type",
                    "Alias": "it",
                    "Startup Cost": 0.14,
                    "Total Cost": 0.16,
                    "Plan Rows": 1,
                    "Plan Width": 4,
                    "Actual Startup Time": 0.003,
                    "Actual Total Time": 0.003,
                    "Actual Rows": 1,
                    "Actual Loops": 16,
                    "Index Cond": "(id = mi.info_type_id)",
                    "Rows Removed by Index Recheck": 0,
                    "Filter": "((info)::text = 'release dates'::text)",
                    "Rows Removed by Filter": 0
                  }
                ]
              },
              {
                "Node Type": "Index Scan",
                "Parent Relationship": "Inner",
                "Parallel Aware": false,
                "Scan Direction": "Forward",
                "Index Name": "company_name_pkey",
                "Relation Name": "company_name",
                "Alias": "cn",
                "Startup Cost": 0.42,
                "Total Cost": 0.49,
                "Plan Rows": 1,
                "Plan Width": 4,
                "Actual Startup Time": 0.007,
                "Actual Total Time": 0.007,
                "Actual Rows": 1,
                "Actual Loops": 16,
                "Index Cond": "(id = mc.company_id)",
                "Rows Removed by Index Recheck": 0,
                "Filter": "((country_code)::text = '[us]'::text)",
                "Rows Removed by Filter": 0
              }
            ]
          }
        ]
      }
    ]
  },
  "Planning Time": 3.285,
  "Triggers": [],
  "Execution Time": 359.261
}