[
  {
    "Plan": {
      "Node Type": "Aggregate",
      "Strategy": "Plain",
      "Partial Mode": "Finalize",
      "Parallel Aware": false,
      "Startup Cost": 23452.63,
      "Total Cost": 23452.64,
      "Plan Rows": 1,
      "Plan Width": 8,
      "Actual Startup Time": 354.335,
      "Actual Total Time": 358.29,
      "Actual Rows": 1,
      "Actual Loops": 1,
      "Plans": [
        {
          "Node Type": "Gather",
          "Parent Relationship": "Outer",
          "Parallel Aware": false,
          "Startup Cost": 23452.32,
          "Total Cost": 23452.63,
          "Plan Rows": 3,
          "Plan Width": 8,
          "Actual Startup Time": 354.129,
          "Actual Total Time": 358.28,
          "Actual Rows": 4,
          "Actual Loops": 1,
          "Workers Planned": 3,
          "Workers Launched": 3,
          "Single Copy": false,
          "Plans": [
            {
              "Node Type": "Aggregate",
              "Strategy": "Plain",
              "Partial Mode": "Partial",
              "Parent Relationship": "Outer",
              "Parallel Aware": false,
              "Startup Cost": 22452.32,
              "Total Cost": 22452.33,
              "Plan Rows": 1,
              "Plan Width": 8,
              "Actual Startup Time": 347.966,
              "Actual Total Time": 347.97,
              "Actual Rows": 1,
              "Actual Loops": 4,
              "Plans": [
                {
                  "Node Type": "Bitmap Heap Scan",
                  "Parent Relationship": "Outer",
                  "Parallel Aware": true,
                  "Relation Name": "movie_companies",
                  "Alias": "mc",
                  "Startup Cost": 2994.33,
                  "Total Cost": 22340.98,
                  "Plan Rows": 44533,
                  "Plan Width": 0,
                  "Actual Startup Time": 316.871,
                  "Actual Total Time": 343.802,
                  "Actual Rows": 33788,
                  "Actual Loops": 4,
                  "Recheck Cond": "(company_id > 138680)",
                  "Rows Removed by Index Recheck": 0,
                  "Exact Heap Blocks": 1577,
                  "Lossy Heap Blocks": 0,
                  "Plans": [
                    {
                      "Node Type": "Bitmap Index Scan",
                      "Parent Relationship": "Outer",
                      "Parallel Aware": false,
                      "Index Name": "company_id_movie_companies",
                      "Startup Cost": 0.0,
                      "Total Cost": 2959.81,
                      "Plan Rows": 138051,
                      "Plan Width": 0,
                      "Actual Startup Time": 319.982,
                      "Actual Total Time": 319.983,
                      "Actual Rows": 135153,
                      "Actual Loops": 1,
                      "Index Cond": "(company_id > 138680)"
                    }
                  ]
                }
              ]
            }
          ]
        }
      ]
    },
    "Planning Time": 0.203,
    "Triggers": [],
    "Execution Time": 358.38
  }
]