[
  {
    "Plan": {
      "Node Type": "Aggregate",
      "Strategy": "Plain",
      "Partial Mode": "Finalize",
      "Parallel Aware": false,
      "Startup Cost": 46484.29,
      "Total Cost": 46484.3,
      "Plan Rows": 1,
      "Plan Width": 8,
      "Actual Startup Time": 82.678,
      "Actual Total Time": 93.963,
      "Actual Rows": 1,
      "Actual Loops": 1,
      "Plans": [
        {
          "Node Type": "Gather",
          "Parent Relationship": "Outer",
          "Parallel Aware": false,
          "Startup Cost": 46483.87,
          "Total Cost": 46484.28,
          "Plan Rows": 4,
          "Plan Width": 8,
          "Actual Startup Time": 82.529,
          "Actual Total Time": 93.955,
          "Actual Rows": 5,
          "Actual Loops": 1,
          "Workers Planned": 4,
          "Workers Launched": 4,
          "Single Copy": false,
          "Plans": [
            {
              "Node Type": "Aggregate",
              "Strategy": "Plain",
              "Partial Mode": "Partial",
              "Parent Relationship": "Outer",
              "Parallel Aware": false,
              "Startup Cost": 45483.87,
              "Total Cost": 45483.88,
              "Plan Rows": 1,
              "Plan Width": 8,
              "Actual Startup Time": 77.113,
              "Actual Total Time": 77.114,
              "Actual Rows": 1,
              "Actual Loops": 5,
              "Plans": [
                {
                  "Node Type": "Seq Scan",
                  "Parent Relationship": "Outer",
                  "Parallel Aware": true,
                  "Relation Name": "title",
                  "Alias": "t",
                  "Startup Cost": 0.0,
                  "Total Cost": 45479.59,
                  "Plan Rows": 1714,
                  "Plan Width": 0,
                  "Actual Startup Time": 0.103,
                  "Actual Total Time": 76.98,
                  "Actual Rows": 988,
                  "Actual Loops": 5,
                  "Filter": "((kind_id > 2) AND (production_year = 1955))",
                  "Rows Removed by Filter": 504675
                }
              ]
            }
          ]
        }
      ]
    },
    "Planning Time": 0.091,
    "Triggers": [],
    "Execution Time": 93.994
  }
]