{
  "Plan": {
    "Node Type": "Aggregate",
    "Strategy": "Plain",
    "Partial Mode": "Finalize",
    "Parallel Aware": false,
    "Startup Cost": 579850.52,
    "Total Cost": 579850.53,
    "Plan Rows": 1,
    "Plan Width": 8,
    "Actual Startup Time": 3441.775,
    "Actual Total Time": 3510.16,
    "Actual Rows": 1,
    "Actual Loops": 1,
    "Plans": [
      {
        "Node Type": "Gather",
        "Parent Relationship": "Outer",
        "Parallel Aware": false,
        "Startup Cost": 579850.41,
        "Total Cost": 579850.52,
        "Plan Rows": 1,
        "Plan Width": 8,
        "Actual Startup Time": 3441.389,
        "Actual Total Time": 3510.152,
        "Actual Rows": 2,
        "Actual Loops": 1,
        "Workers Planned": 1,
        "Workers Launched": 1,
        "Single Copy": false,
        "Plans": [
          {
            "Node Type": "Aggregate",
            "Strategy": "Plain",
            "Partial Mode": "Partial",
            "Parent Relationship": "Outer",
            "Parallel Aware": false,
            "Startup Cost": 578850.41,
            "Total Cost": 578850.42,
            "Plan Rows": 1,
            "Plan Width": 8,
            "Actual Startup Time": 3435.788,
            "Actual Total Time": 3435.791,
            "Actual Rows": 1,
            "Actual Loops": 2,
            "Plans": [
              {
                "Node Type": "Hash Join",
                "Parent Relationship": "Outer",
                "Parallel Aware": true,
                "Join Type": "Inner",
                "Startup Cost": 55242.5,
                "Total Cost": 576975.86,
                "Plan Rows": 749822,
                "Plan Width": 0,
                "Actual Startup Time": 145.505,
                "Actual Total Time": 3427.303,
                "Actual Rows": 192252,
                "Actual Loops": 2,
                "Inner Unique": true,
                "Hash Cond": "(ci.movie_id = t.id)",
                "Plans": [
                  {
                    "Node Type": "Seq Scan",
                    "Parent Relationship": "Outer",
                    "Parallel Aware": true,
                    "Relation Name": "cast_info",
                    "Alias": "ci",
                    "Startup Cost": 0.0,
                    "Total Cost": 465792.95,
                    "Plan Rows": 21310595,
                    "Plan Width": 4,
                    "Actual Startup Time": 0.014,
                    "Actual Total Time": 1311.079,
                    "Actual Rows": 18122172,
                    "Actual Loops": 2
                  },
                  {
                    "Node Type": "Hash",
                    "Parent Relationship": "Inner",
                    "Parallel Aware": true,
                    "Startup Cost": 54588.39,
                    "Total Cost": 54588.39,
                    "Plan Rows": 52329,
                    "Plan Width": 4,
                    "Actual Startup Time": 142.778,
                    "Actual Total Time": 142.779,
                    "Actual Rows": 46450,
                    "Actual Loops": 2,
                    "Hash Buckets": 131072,
                    "Original Hash Buckets": 131072,
                    "Hash Batches": 1,
                    "Original Hash Batches": 1,
                    "Peak Memory Usage": 4672,
                    "Plans": [
                      {
                        "Node Type": "Seq Scan",
                        "Parent Relationship": "Outer",
                        "Parallel Aware": true,
                        "Relation Name": "title",
                        "Alias": "t",
                        "Startup Cost": 0.0,
                        "Total Cost": 54588.39,
                        "Plan Rows": 52329,
                        "Plan Width": 4,
                        "Actual Startup Time": 68.512,
                        "Actual Total Time": 133.023,
                        "Actual Rows": 46450,
                        "Actual Loops": 2,
                        "Filter": "(production_year < 1922)",
                        "Rows Removed by Filter": 1217706
                      }
                    ]
                  }
                ]
              }
            ]
          }
        ]
      }
    ]
  },
  "Planning Time": 0.592,
  "Triggers": [],
  "Execution Time": 3510.252
}