[
  {
    "Plan": {
      "Node Type": "Aggregate",
      "Strategy": "Plain",
      "Partial Mode": "Finalize",
      "Parallel Aware": false,
      "Startup Cost": 346398.08,
      "Total Cost": 346398.09,
      "Plan Rows": 1,
      "Plan Width": 8,
      "Actual Startup Time": 745.546,
      "Actual Total Time": 791.303,
      "Actual Rows": 1,
      "Actual Loops": 1,
      "Plans": [
        {
          "Node Type": "Gather",
          "Parent Relationship": "Outer",
          "Parallel Aware": false,
          "Startup Cost": 346397.45,
          "Total Cost": 346398.06,
          "Plan Rows": 6,
          "Plan Width": 8,
          "Actual Startup Time": 745.368,
          "Actual Total Time": 791.285,
          "Actual Rows": 7,
          "Actual Loops": 1,
          "Workers Planned": 6,
          "Workers Launched": 6,
          "Single Copy": false,
          "Plans": [
            {
              "Node Type": "Aggregate",
              "Strategy": "Plain",
              "Partial Mode": "Partial",
              "Parent Relationship": "Outer",
              "Parallel Aware": false,
              "Startup Cost": 345397.45,
              "Total Cost": 345397.46,
              "Plan Rows": 1,
              "Plan Width": 8,
              "Actual Startup Time": 736.424,
              "Actual Total Time": 736.425,
              "Actual Rows": 1,
              "Actual Loops": 7,
              "Plans": [
                {
                  "Node Type": "Seq Scan",
                  "Parent Relationship": "Outer",
                  "Parallel Aware": true,
                  "Relation Name": "cast_info",
                  "Alias": "ci",
                  "Startup Cost": 0.0,
                  "Total Cost": 343316.27,
                  "Plan Rows": 832472,
                  "Plan Width": 0,
                  "Actual Startup Time": 416.481,
                  "Actual Total Time": 679.225,
                  "Actual Rows": 1092166,
                  "Actual Loops": 7,
                  "Filter": "((person_id > 2911206) AND (role_id > 1))",
                  "Rows Removed by Filter": 4085598
                }
              ]
            }
          ]
        }
      ]
    },
    "Planning Time": 0.077,
    "Triggers": [],
    "Execution Time": 791.345
  }
]