[
  {
    "Plan": {
      "Node Type": "Aggregate",
      "Strategy": "Plain",
      "Partial Mode": "Finalize",
      "Parallel Aware": false,
      "Startup Cost": 30687.41,
      "Total Cost": 30687.42,
      "Plan Rows": 1,
      "Plan Width": 8,
      "Actual Startup Time": 87.375,
      "Actual Total Time": 95.061,
      "Actual Rows": 1,
      "Actual Loops": 1,
      "Plans": [
        {
          "Node Type": "Gather",
          "Parent Relationship": "Outer",
          "Parallel Aware": false,
          "Startup Cost": 30687.09,
          "Total Cost": 30687.4,
          "Plan Rows": 3,
          "Plan Width": 8,
          "Actual Startup Time": 87.27,
          "Actual Total Time": 95.054,
          "Actual Rows": 4,
          "Actual Loops": 1,
          "Workers Planned": 3,
          "Workers Launched": 3,
          "Single Copy": false,
          "Plans": [
            {
              "Node Type": "Aggregate",
              "Strategy": "Plain",
              "Partial Mode": "Partial",
              "Parent Relationship": "Outer",
              "Parallel Aware": false,
              "Startup Cost": 29687.09,
              "Total Cost": 29687.1,
              "Plan Rows": 1,
              "Plan Width": 8,
              "Actual Startup Time": 78.846,
              "Actual Total Time": 78.847,
              "Actual Rows": 1,
              "Actual Loops": 4,
              "Plans": [
                {
                  "Node Type": "Seq Scan",
                  "Parent Relationship": "Outer",
                  "Parallel Aware": true,
                  "Relation Name": "movie_companies",
                  "Alias": "mc",
                  "Startup Cost": 0.0,
                  "Total Cost": 29310.68,
                  "Plan Rows": 150563,
                  "Plan Width": 0,
                  "Actual Startup Time": 45.906,
                  "Actual Total Time": 73.939,
                  "Actual Rows": 118467,
                  "Actual Loops": 4,
                  "Filter": "(company_id > 75709)",
                  "Rows Removed by Filter": 533816
                }
              ]
            }
          ]
        }
      ]
    },
    "Planning Time": 0.109,
    "Triggers": [],
    "Execution Time": 95.096
  }
]