{
  "Plan": {
    "Node Type": "Aggregate",
    "Strategy": "Plain",
    "Partial Mode": "Finalize",
    "Parallel Aware": false,
    "Startup Cost": 626712.72,
    "Total Cost": 626712.73,
    "Plan Rows": 1,
    "Plan Width": 8,
    "Actual Startup Time": 5017.39,
    "Actual Total Time": 5085.132,
    "Actual Rows": 1,
    "Actual Loops": 1,
    "Plans": [
      {
        "Node Type": "Gather",
        "Parent Relationship": "Outer",
        "Parallel Aware": false,
        "Startup Cost": 626712.61,
        "Total Cost": 626712.72,
        "Plan Rows": 1,
        "Plan Width": 8,
        "Actual Startup Time": 5015.562,
        "Actual Total Time": 5085.123,
        "Actual Rows": 2,
        "Actual Loops": 1,
        "Workers Planned": 1,
        "Workers Launched": 1,
        "Single Copy": false,
        "Plans": [
          {
            "Node Type": "Aggregate",
            "Strategy": "Plain",
            "Partial Mode": "Partial",
            "Parent Relationship": "Outer",
            "Parallel Aware": false,
            "Startup Cost": 625712.61,
            "Total Cost": 625712.62,
            "Plan Rows": 1,
            "Plan Width": 8,
            "Actual Startup Time": 5009.808,
            "Actual Total Time": 5009.812,
            "Actual Rows": 1,
            "Actual Loops": 2,
            "Plans": [
              {
                "Node Type": "Hash Join",
                "Parent Relationship": "Outer",
                "Parallel Aware": true,
                "Join Type": "Inner",
                "Startup Cost": 65213.67,
                "Total Cost": 614884.28,
                "Plan Rows": 4331331,
                "Plan Width": 0,
                "Actual Startup Time": 765.059,
                "Actual Total Time": 4870.187,
                "Actual Rows": 3006037,
                "Actual Loops": 2,
                "Inner Unique": true,
                "Hash Cond": "(ci.movie_id = t.id)",
                "Plans": [
                  {
                    "Node Type": "Seq Scan",
                    "Parent Relationship": "Outer",
                    "Parallel Aware": true,
                    "Relation Name": "cast_info",
                    "Alias": "ci",
                    "Startup Cost": 0.0,
                    "Total Cost": 519069.44,
                    "Plan Rows": 11657568,
                    "Plan Width": 4,
                    "Actual Startup Time": 444.015,
                    "Actual Total Time": 1649.983,
                    "Actual Rows": 9915086,
                    "Actual Loops": 2,
                    "Filter": "(person_id > 1625404)",
                    "Rows Removed by Filter": 8207086
                  },
                  {
                    "Node Type": "Hash",
                    "Parent Relationship": "Inner",
                    "Parallel Aware": true,
                    "Startup Cost": 58306.47,
                    "Total Cost": 58306.47,
                    "Plan Rows": 552576,
                    "Plan Width": 4,
                    "Actual Startup Time": 311.364,
                    "Actual Total Time": 311.365,
                    "Actual Rows": 438018,
                    "Actual Loops": 2,
                    "Hash Buckets": 1048576,
                    "Original Hash Buckets": 1048576,
                    "Hash Batches": 1,
                    "Original Hash Batches": 1,
                    "Peak Memory Usage": 42496,
                    "Plans": [
                      {
                        "Node Type": "Seq Scan",
                        "Parent Relationship": "Outer",
                        "Parallel Aware": true,
                        "Relation Name": "title",
                        "Alias": "t",
                        "Startup Cost": 0.0,
                        "Total Cost": 58306.47,
                        "Plan Rows": 552576,
                        "Plan Width": 4,
                        "Actual Startup Time": 0.034,
                        "Actual Total Time": 186.932,
                        "Actual Rows": 438018,
                        "Actual Loops": 2,
                        "Filter": "((production_year < 2007) AND (kind_id = 7))",
                        "Rows Removed by Filter": 826138
                      }
                    ]
                  }
                ]
              }
            ]
          }
        ]
      }
    ]
  },
  "Planning Time": 0.76,
  "Triggers": [],
  "Execution Time": 5085.244
}