[
  {
    "Plan": {
      "Node Type": "Aggregate",
      "Strategy": "Plain",
      "Partial Mode": "Finalize",
      "Parallel Aware": false,
      "Startup Cost": 341588.84,
      "Total Cost": 341588.85,
      "Plan Rows": 1,
      "Plan Width": 8,
      "Actual Startup Time": 792.413,
      "Actual Total Time": 842.85,
      "Actual Rows": 1,
      "Actual Loops": 1,
      "Plans": [
        {
          "Node Type": "Gather",
          "Parent Relationship": "Outer",
          "Parallel Aware": false,
          "Startup Cost": 341588.21,
          "Total Cost": 341588.82,
          "Plan Rows": 6,
          "Plan Width": 8,
          "Actual Startup Time": 792.219,
          "Actual Total Time": 842.834,
          "Actual Rows": 7,
          "Actual Loops": 1,
          "Workers Planned": 6,
          "Workers Launched": 6,
          "Single Copy": false,
          "Plans": [
            {
              "Node Type": "Aggregate",
              "Strategy": "Plain",
              "Partial Mode": "Partial",
              "Parent Relationship": "Outer",
              "Parallel Aware": false,
              "Startup Cost": 340588.21,
              "Total Cost": 340588.22,
              "Plan Rows": 1,
              "Plan Width": 8,
              "Actual Startup Time": 784.1,
              "Actual Total Time": 784.101,
              "Actual Rows": 1,
              "Actual Loops": 7,
              "Plans": [
                {
                  "Node Type": "Seq Scan",
                  "Parent Relationship": "Outer",
                  "Parallel Aware": true,
                  "Relation Name": "cast_info",
                  "Alias": "ci",
                  "Startup Cost": 0.0,
                  "Total Cost": 328211.39,
                  "Plan Rows": 4950729,
                  "Plan Width": 0,
                  "Actual Startup Time": 0.052,
                  "Actual Total Time": 598.76,
                  "Actual Rows": 4252797,
                  "Actual Loops": 7,
                  "Filter": "(person_id < 3009011)",
                  "Rows Removed by Filter": 924967
                }
              ]
            }
          ]
        }
      ]
    },
    "Planning Time": 0.08,
    "Triggers": [],
    "Execution Time": 842.891
  }
]