[
  {
    "Plan": {
      "Node Type": "Aggregate",
      "Strategy": "Plain",
      "Partial Mode": "Finalize",
      "Parallel Aware": false,
      "Startup Cost": 341492.96,
      "Total Cost": 341492.97,
      "Plan Rows": 1,
      "Plan Width": 8,
      "Actual Startup Time": 812.833,
      "Actual Total Time": 871.541,
      "Actual Rows": 1,
      "Actual Loops": 1,
      "Plans": [
        {
          "Node Type": "Gather",
          "Parent Relationship": "Outer",
          "Parallel Aware": false,
          "Startup Cost": 341492.34,
          "Total Cost": 341492.95,
          "Plan Rows": 6,
          "Plan Width": 8,
          "Actual Startup Time": 812.575,
          "Actual Total Time": 871.531,
          "Actual Rows": 7,
          "Actual Loops": 1,
          "Workers Planned": 6,
          "Workers Launched": 6,
          "Single Copy": false,
          "Plans": [
            {
              "Node Type": "Aggregate",
              "Strategy": "Plain",
              "Partial Mode": "Partial",
              "Parent Relationship": "Outer",
              "Parallel Aware": false,
              "Startup Cost": 340492.34,
              "Total Cost": 340492.35,
              "Plan Rows": 1,
              "Plan Width": 8,
              "Actual Startup Time": 803.096,
              "Actual Total Time": 803.097,
              "Actual Rows": 1,
              "Actual Loops": 7,
              "Plans": [
                {
                  "Node Type": "Seq Scan",
                  "Parent Relationship": "Outer",
                  "Parallel Aware": true,
                  "Relation Name": "cast_info",
                  "Alias": "ci",
                  "Startup Cost": 0.0,
                  "Total Cost": 328162.03,
                  "Plan Rows": 4932125,
                  "Plan Width": 0,
                  "Actual Startup Time": 0.053,
                  "Actual Total Time": 622.914,
                  "Actual Rows": 4252797,
                  "Actual Loops": 7,
                  "Filter": "(person_id < 3009011)",
                  "Rows Removed by Filter": 924967
                }
              ]
            }
          ]
        }
      ]
    },
    "Planning Time": 0.195,
    "Triggers": [],
    "Execution Time": 871.615
  }
]