[
  {
    "Plan": {
      "Node Type": "Aggregate",
      "Strategy": "Plain",
      "Partial Mode": "Finalize",
      "Parallel Aware": false,
      "Startup Cost": 28884.98,
      "Total Cost": 28884.99,
      "Plan Rows": 1,
      "Plan Width": 8,
      "Actual Startup Time": 65.267,
      "Actual Total Time": 75.686,
      "Actual Rows": 1,
      "Actual Loops": 1,
      "Plans": [
        {
          "Node Type": "Gather",
          "Parent Relationship": "Outer",
          "Parallel Aware": false,
          "Startup Cost": 28884.77,
          "Total Cost": 28884.98,
          "Plan Rows": 2,
          "Plan Width": 8,
          "Actual Startup Time": 65.125,
          "Actual Total Time": 75.68,
          "Actual Rows": 3,
          "Actual Loops": 1,
          "Workers Planned": 2,
          "Workers Launched": 2,
          "Single Copy": false,
          "Plans": [
            {
              "Node Type": "Aggregate",
              "Strategy": "Plain",
              "Partial Mode": "Partial",
              "Parent Relationship": "Outer",
              "Parallel Aware": false,
              "Startup Cost": 27884.77,
              "Total Cost": 27884.78,
              "Plan Rows": 1,
              "Plan Width": 8,
              "Actual Startup Time": 57.047,
              "Actual Total Time": 57.049,
              "Actual Rows": 1,
              "Actual Loops": 3,
              "Plans": [
                {
                  "Node Type": "Nested Loop",
                  "Parent Relationship": "Outer",
                  "Parallel Aware": false,
                  "Join Type": "Inner",
                  "Startup Cost": 101.53,
                  "Total Cost": 27884.17,
                  "Plan Rows": 240,
                  "Plan Width": 0,
                  "Actual Startup Time": 2.062,
                  "Actual Total Time": 56.858,
                  "Actual Rows": 1176,
                  "Actual Loops": 3,
                  "Inner Unique": false,
                  "Plans": [
                    {
                      "Node Type": "Nested Loop",
                      "Parent Relationship": "Outer",
                      "Parallel Aware": false,
                      "Join Type": "Inner",
                      "Startup Cost": 101.09,
                      "Total Cost": 26228.4,
                      "Plan Rows": 764,
                      "Plan Width": 8,
                      "Actual Startup Time": 1.888,
                      "Actual Total Time": 18.308,
                      "Actual Rows": 1395,
                      "Actual Loops": 3,
                      "Inner Unique": true,
                      "Plans": [
                        {
                          "Node Type": "Bitmap Heap Scan",
                          "Parent Relationship": "Outer",
                          "Parallel Aware": true,
                          "Relation Name": "movie_keyword",
                          "Alias": "mk",
                          "Startup Cost": 100.66,
                          "Total Cost": 11847.89,
                          "Plan Rows": 1948,
                          "Plan Width": 4,
                          "Actual Startup Time": 1.709,
                          "Actual Total Time": 6.155,
                          "Actual Rows": 1404,
                          "Actual Loops": 3,
                          "Recheck Cond": "(keyword_id = 19735)",
                          "Rows Removed by Index Recheck": 0,
                          "Exact Heap Blocks": 1746,
                          "Lossy Heap Blocks": 0,
                          "Plans": [
                            {
                              "Node Type": "Bitmap Index Scan",
                              "Parent Relationship": "Outer",
                              "Parallel Aware": false,
                              "Index Name": "keyword_id_movie_keyword",
                              "Startup Cost": 0.0,
                              "Total Cost": 99.5,
                              "Plan Rows": 4675,
                              "Plan Width": 0,
                              "Actual Startup Time": 3.515,
                              "Actual Total Time": 3.516,
                              "Actual Rows": 4211,
                              "Actual Loops": 1,
                              "Index Cond": "(keyword_id = 19735)"
                            }
                          ]
                        },
                        {
                          "Node Type": "Index Scan",
                          "Parent Relationship": "Inner",
                          "Parallel Aware": false,
                          "Scan Direction": "Forward",
                          "Index Name": "title_pkey",
                          "Relation Name": "title",
                          "Alias": "t",
                          "Startup Cost": 0.43,
                          "Total Cost": 7.38,
                          "Plan Rows": 1,
                          "Plan Width": 4,
                          "Actual Startup Time": 0.008,
                          "Actual Total Time": 0.008,
                          "Actual Rows": 1,
                          "Actual Loops": 4211,
                          "Index Cond": "(id = mk.movie_id)",
                          "Rows Removed by Index Recheck": 0,
                          "Filter": "(kind_id < 7)",
                          "Rows Removed by Filter": 0
                        }
                      ]
                    },
                    {
                      "Node Type": "Index Scan",
                      "Parent Relationship": "Inner",
                      "Parallel Aware": false,
                      "Scan Direction": "Forward",
                      "Index Name": "movie_id_movie_info",
                      "Relation Name": "movie_info",
                      "Alias": "mi",
                      "Startup Cost": 0.43,
                      "Total Cost": 2.15,
                      "Plan Rows": 2,
                      "Plan Width": 4,
                      "Actual Startup Time": 0.013,
                      "Actual Total Time": 0.027,
                      "Actual Rows": 1,
                      "Actual Loops": 4184,
                      "Index Cond": "(movie_id = t.id)",
                      "Rows Removed by Index Recheck": 0,
                      "Filter": "(info_type_id < 2)",
                      "Rows Removed by Filter": 16
                    }
                  ]
                }
              ]
            }
          ]
        }
      ]
    },
    "Planning Time": 1.385,
    "Triggers": [],
    "Execution Time": 75.787
  }
]