[
  {
    "Plan": {
      "Node Type": "Aggregate",
      "Strategy": "Plain",
      "Partial Mode": "Finalize",
      "Parallel Aware": false,
      "Startup Cost": 32790.95,
      "Total Cost": 32790.96,
      "Plan Rows": 1,
      "Plan Width": 8,
      "Actual Startup Time": 96.027,
      "Actual Total Time": 103.623,
      "Actual Rows": 1,
      "Actual Loops": 1,
      "Plans": [
        {
          "Node Type": "Gather",
          "Parent Relationship": "Outer",
          "Parallel Aware": false,
          "Startup Cost": 32790.63,
          "Total Cost": 32790.94,
          "Plan Rows": 3,
          "Plan Width": 8,
          "Actual Startup Time": 95.924,
          "Actual Total Time": 103.616,
          "Actual Rows": 4,
          "Actual Loops": 1,
          "Workers Planned": 3,
          "Workers Launched": 3,
          "Single Copy": false,
          "Plans": [
            {
              "Node Type": "Aggregate",
              "Strategy": "Plain",
              "Partial Mode": "Partial",
              "Parent Relationship": "Outer",
              "Parallel Aware": false,
              "Startup Cost": 31790.63,
              "Total Cost": 31790.64,
              "Plan Rows": 1,
              "Plan Width": 8,
              "Actual Startup Time": 87.727,
              "Actual Total Time": 87.728,
              "Actual Rows": 1,
              "Actual Loops": 4,
              "Plans": [
                {
                  "Node Type": "Seq Scan",
                  "Parent Relationship": "Outer",
                  "Parallel Aware": true,
                  "Relation Name": "movie_companies",
                  "Alias": "mc",
                  "Startup Cost": 0.0,
                  "Total Cost": 31414.82,
                  "Plan Rows": 150326,
                  "Plan Width": 0,
                  "Actual Startup Time": 47.106,
                  "Actual Total Time": 79.855,
                  "Actual Rows": 197764,
                  "Actual Loops": 4,
                  "Filter": "((company_id > 19606) AND (company_type_id = 2))",
                  "Rows Removed by Filter": 454518
                }
              ]
            }
          ]
        }
      ]
    },
    "Planning Time": 0.211,
    "Triggers": [],
    "Execution Time": 103.677
  }
]