{
  "Plan": {
    "Node Type": "Aggregate",
    "Strategy": "Plain",
    "Partial Mode": "Finalize",
    "Parallel Aware": false,
    "Startup Cost": 1263442.57,
    "Total Cost": 1263442.58,
    "Plan Rows": 1,
    "Plan Width": 8,
    "Actual Startup Time": 19012.646,
    "Actual Total Time": 19141.883,
    "Actual Rows": 1,
    "Actual Loops": 1,
    "Plans": [
      {
        "Node Type": "Gather",
        "Parent Relationship": "Outer",
        "Parallel Aware": false,
        "Startup Cost": 1263442.46,
        "Total Cost": 1263442.57,
        "Plan Rows": 1,
        "Plan Width": 8,
        "Actual Startup Time": 18985.222,
        "Actual Total Time": 19141.863,
        "Actual Rows": 2,
        "Actual Loops": 1,
        "Workers Planned": 1,
        "Workers Launched": 1,
        "Single Copy": false,
        "Plans": [
          {
            "Node Type": "Aggregate",
            "Strategy": "Plain",
            "Partial Mode": "Partial",
            "Parent Relationship": "Outer",
            "Parallel Aware": false,
            "Startup Cost": 1262442.46,
            "Total Cost": 1262442.47,
            "Plan Rows": 1,
            "Plan Width": 8,
            "Actual Startup Time": 18963.661,
            "Actual Total Time": 18966.631,
            "Actual Rows": 1,
            "Actual Loops": 2,
            "Plans": [
              {
                "Node Type": "Hash Join",
                "Parent Relationship": "Outer",
                "Parallel Aware": true,
                "Join Type": "Inner",
                "Startup Cost": 652528.71,
                "Total Cost": 1193219.2,
                "Plan Rows": 27689301,
                "Plan Width": 0,
                "Actual Startup Time": 6840.143,
                "Actual Total Time": 16669.094,
                "Actual Rows": 58378300,
                "Actual Loops": 2,
                "Inner Unique": false,
                "Hash Cond": "(ci.movie_id = t.id)",
                "Plans": [
                  {
                    "Node Type": "Bitmap Heap Scan",
                    "Parent Relationship": "Outer",
                    "Parallel Aware": true,
                    "Relation Name": "cast_info",
                    "Alias": "ci",
                    "Startup Cost": 187925.57,
                    "Total Cost": 503175.2,
                    "Plan Rows": 5005010,
                    "Plan Width": 4,
                    "Actual Startup Time": 528.543,
                    "Actual Total Time": 1084.538,
                    "Actual Rows": 4211926,
                    "Actual Loops": 2,
                    "Recheck Cond": "(person_id > 2842731)",
                    "Rows Removed by Index Recheck": 0,
                    "Exact Heap Blocks": 50326,
                    "Lossy Heap Blocks": 0,
                    "Plans": [
                      {
                        "Node Type": "Bitmap Index Scan",
                        "Parent Relationship": "Outer",
                        "Parallel Aware": false,
                        "Index Name": "person_id_cast_info",
                        "Startup Cost": 0.0,
                        "Total Cost": 185798.44,
                        "Plan Rows": 8508517,
                        "Plan Width": 0,
                        "Actual Startup Time": 511.754,
                        "Actual Total Time": 511.755,
                        "Actual Rows": 8423851,
                        "Actual Loops": 1,
                        "Index Cond": "(person_id > 2842731)"
                      }
                    ]
                  },
                  {
                    "Node Type": "Hash",
                    "Parent Relationship": "Inner",
                    "Parallel Aware": true,
                    "Startup Cost": 361755.22,
                    "Total Cost": 361755.22,
                    "Plan Rows": 8227834,
                    "Plan Width": 8,
                    "Actual Startup Time": 6258.136,
                    "Actual Total Time": 6261.102,
                    "Actual Rows": 7016790,
                    "Actual Loops": 2,
                    "Hash Buckets": 16777216,
                    "Original Hash Buckets": 16777216,
                    "Hash Batches": 1,
                    "Original Hash Batches": 1,
                    "Peak Memory Usage": 680096,
                    "Plans": [
                      {
                        "Node Type": "Hash Join",
                        "Parent Relationship": "Outer",
                        "Parallel Aware": true,
                        "Join Type": "Inner",
                        "Startup Cost": 69460.7,
                        "Total Cost": 361755.22,
                        "Plan Rows": 8227834,
                        "Plan Width": 8,
                        "Actual Startup Time": 628.654,
                        "Actual Total Time": 4047.908,
                        "Actual Rows": 7016790,
                        "Actual Loops": 2,
                        "Inner Unique": true,
                        "Hash Cond": "(mi.movie_id = t.id)",
                        "Plans": [
                          {
                            "Node Type": "Seq Scan",
                            "Parent Relationship": "Outer",
                            "Parallel Aware": true,
                            "Relation Name": "movie_info",
                            "Alias": "mi",
                            "Startup Cost": 0.0,
                            "Total Cost": 270696.42,
                            "Plan Rows": 8227834,
                            "Plan Width": 4,
                            "Actual Startup Time": 0.013,
                            "Actual Total Time": 965.617,
                            "Actual Rows": 7016790,
                            "Actual Loops": 2,
                            "Filter": "(info_type_id > 1)",
                            "Rows Removed by Filter": 401070
                          },
                          {
                            "Node Type": "Hash",
                            "Parent Relationship": "Inner",
                            "Parallel Aware": true,
                            "Startup Cost": 50870.31,
                            "Total Cost": 50870.31,
                            "Plan Rows": 1487231,
                            "Plan Width": 4,
                            "Actual Startup Time": 617.455,
                            "Actual Total Time": 617.456,
                            "Actual Rows": 1264156,
                            "Actual Loops": 2,
                            "Hash Buckets": 4194304,
                            "Original Hash Buckets": 4194304,
                            "Hash Batches": 1,
                            "Original Hash Batches": 1,
                            "Peak Memory Usage": 131712,
                            "Plans": [
                              {
                                "Node Type": "Seq Scan",
                                "Parent Relationship": "Outer",
                                "Parallel Aware": true,
                                "Relation Name": "title",
                                "Alias": "t",
                                "Startup Cost": 0.0,
                                "Total Cost": 50870.31,
                                "Plan Rows": 1487231,
                                "Plan Width": 4,
                                "Actual Startup Time": 0.047,
                                "Actual Total Time": 192.988,
                                "Actual Rows": 1264156,
                                "Actual Loops": 2
                              }
                            ]
                          }
                        ]
                      }
                    ]
                  }
                ]
              }
            ]
          }
        ]
      }
    ]
  },
  "Planning Time": 0.672,
  "Triggers": [],
  "Execution Time": 19141.959
}