{
  "Plan": {
    "Node Type": "Aggregate",
    "Strategy": "Plain",
    "Partial Mode": "Finalize",
    "Parallel Aware": false,
    "Startup Cost": 123098.38,
    "Total Cost": 123098.39,
    "Plan Rows": 1,
    "Plan Width": 8,
    "Actual Startup Time": 509.326,
    "Actual Total Time": 529.267,
    "Actual Rows": 1,
    "Actual Loops": 1,
    "Plans": [
      {
        "Node Type": "Gather",
        "Parent Relationship": "Outer",
        "Parallel Aware": false,
        "Startup Cost": 123098.26,
        "Total Cost": 123098.37,
        "Plan Rows": 1,
        "Plan Width": 8,
        "Actual Startup Time": 509.129,
        "Actual Total Time": 529.26,
        "Actual Rows": 2,
        "Actual Loops": 1,
        "Workers Planned": 1,
        "Workers Launched": 1,
        "Single Copy": false,
        "Plans": [
          {
            "Node Type": "Aggregate",
            "Strategy": "Plain",
            "Partial Mode": "Partial",
            "Parent Relationship": "Outer",
            "Parallel Aware": false,
            "Startup Cost": 122098.26,
            "Total Cost": 122098.27,
            "Plan Rows": 1,
            "Plan Width": 8,
            "Actual Startup Time": 503.27,
            "Actual Total Time": 503.273,
            "Actual Rows": 1,
            "Actual Loops": 2,
            "Plans": [
              {
                "Node Type": "Hash Join",
                "Parent Relationship": "Outer",
                "Parallel Aware": true,
                "Join Type": "Inner",
                "Startup Cost": 59172.98,
                "Total Cost": 121876.94,
                "Plan Rows": 88529,
                "Plan Width": 0,
                "Actual Startup Time": 162.127,
                "Actual Total Time": 502.985,
                "Actual Rows": 5282,
                "Actual Loops": 2,
                "Inner Unique": true,
                "Hash Cond": "(mk.movie_id = t.id)",
                "Plans": [
                  {
                    "Node Type": "Seq Scan",
                    "Parent Relationship": "Outer",
                    "Parallel Aware": true,
                    "Relation Name": "movie_keyword",
                    "Alias": "mk",
                    "Startup Cost": 0.0,
                    "Total Cost": 57718.19,
                    "Plan Rows": 1899337,
                    "Plan Width": 4,
                    "Actual Startup Time": 0.156,
                    "Actual Total Time": 232.149,
                    "Actual Rows": 1607234,
                    "Actual Loops": 2,
                    "Filter": "(keyword_id > 1714)",
                    "Rows Removed by Filter": 654730
                  },
                  {
                    "Node Type": "Hash",
                    "Parent Relationship": "Inner",
                    "Parallel Aware": true,
                    "Startup Cost": 58306.47,
                    "Total Cost": 58306.47,
                    "Plan Rows": 69321,
                    "Plan Width": 4,
                    "Actual Startup Time": 158.308,
                    "Actual Total Time": 158.309,
                    "Actual Rows": 11304,
                    "Actual Loops": 2,
                    "Hash Buckets": 131072,
                    "Original Hash Buckets": 131072,
                    "Hash Batches": 1,
                    "Original Hash Batches": 1,
                    "Peak Memory Usage": 1952,
                    "Plans": [
                      {
                        "Node Type": "Seq Scan",
                        "Parent Relationship": "Outer",
                        "Parallel Aware": true,
                        "Relation Name": "title",
                        "Alias": "t",
                        "Startup Cost": 0.0,
                        "Total Cost": 58306.47,
                        "Plan Rows": 69321,
                        "Plan Width": 4,
                        "Actual Startup Time": 0.06,
                        "Actual Total Time": 153.463,
                        "Actual Rows": 11304,
                        "Actual Loops": 2,
                        "Filter": "((production_year < 1956) AND (kind_id = 7))",
                        "Rows Removed by Filter": 1252852
                      }
                    ]
                  }
                ]
              }
            ]
          }
        ]
      }
    ]
  },
  "Planning Time": 0.493,
  "Triggers": [],
  "Execution Time": 529.34
}