[
  {
    "Plan": {
      "Node Type": "Aggregate",
      "Strategy": "Plain",
      "Partial Mode": "Finalize",
      "Parallel Aware": false,
      "Startup Cost": 32963.93,
      "Total Cost": 32963.94,
      "Plan Rows": 1,
      "Plan Width": 8,
      "Actual Startup Time": 93.648,
      "Actual Total Time": 100.329,
      "Actual Rows": 1,
      "Actual Loops": 1,
      "Plans": [
        {
          "Node Type": "Gather",
          "Parent Relationship": "Outer",
          "Parallel Aware": false,
          "Startup Cost": 32963.62,
          "Total Cost": 32963.93,
          "Plan Rows": 3,
          "Plan Width": 8,
          "Actual Startup Time": 93.523,
          "Actual Total Time": 100.321,
          "Actual Rows": 4,
          "Actual Loops": 1,
          "Workers Planned": 3,
          "Workers Launched": 3,
          "Single Copy": false,
          "Plans": [
            {
              "Node Type": "Aggregate",
              "Strategy": "Plain",
              "Partial Mode": "Partial",
              "Parent Relationship": "Outer",
              "Parallel Aware": false,
              "Startup Cost": 31963.62,
              "Total Cost": 31963.63,
              "Plan Rows": 1,
              "Plan Width": 8,
              "Actual Startup Time": 89.596,
              "Actual Total Time": 89.597,
              "Actual Rows": 1,
              "Actual Loops": 4,
              "Plans": [
                {
                  "Node Type": "Seq Scan",
                  "Parent Relationship": "Outer",
                  "Parallel Aware": true,
                  "Relation Name": "movie_companies",
                  "Alias": "mc",
                  "Startup Cost": 0.0,
                  "Total Cost": 31414.82,
                  "Plan Rows": 219519,
                  "Plan Width": 0,
                  "Actual Startup Time": 44.804,
                  "Actual Total Time": 79.848,
                  "Actual Rows": 228238,
                  "Actual Loops": 4,
                  "Filter": "((company_id > 11244) AND (company_type_id = 2))",
                  "Rows Removed by Filter": 424044
                }
              ]
            }
          ]
        }
      ]
    },
    "Planning Time": 0.173,
    "Triggers": [],
    "Execution Time": 100.384
  }
]