[
  {
    "Plan": {
      "Node Type": "Aggregate",
      "Strategy": "Plain",
      "Partial Mode": "Finalize",
      "Parallel Aware": false,
      "Startup Cost": 32952.83,
      "Total Cost": 32952.84,
      "Plan Rows": 1,
      "Plan Width": 8,
      "Actual Startup Time": 104.536,
      "Actual Total Time": 109.687,
      "Actual Rows": 1,
      "Actual Loops": 1,
      "Plans": [
        {
          "Node Type": "Gather",
          "Parent Relationship": "Outer",
          "Parallel Aware": false,
          "Startup Cost": 32952.51,
          "Total Cost": 32952.82,
          "Plan Rows": 3,
          "Plan Width": 8,
          "Actual Startup Time": 104.291,
          "Actual Total Time": 109.678,
          "Actual Rows": 4,
          "Actual Loops": 1,
          "Workers Planned": 3,
          "Workers Launched": 3,
          "Single Copy": false,
          "Plans": [
            {
              "Node Type": "Aggregate",
              "Strategy": "Plain",
              "Partial Mode": "Partial",
              "Parent Relationship": "Outer",
              "Parallel Aware": false,
              "Startup Cost": 31952.51,
              "Total Cost": 31952.52,
              "Plan Rows": 1,
              "Plan Width": 8,
              "Actual Startup Time": 96.747,
              "Actual Total Time": 96.748,
              "Actual Rows": 1,
              "Actual Loops": 4,
              "Plans": [
                {
                  "Node Type": "Seq Scan",
                  "Parent Relationship": "Outer",
                  "Parallel Aware": true,
                  "Relation Name": "movie_companies",
                  "Alias": "mc",
                  "Startup Cost": 0.0,
                  "Total Cost": 31414.82,
                  "Plan Rows": 215078,
                  "Plan Width": 0,
                  "Actual Startup Time": 48.114,
                  "Actual Total Time": 86.888,
                  "Actual Rows": 228238,
                  "Actual Loops": 4,
                  "Filter": "((company_id > 11244) AND (company_type_id = 2))",
                  "Rows Removed by Filter": 424044
                }
              ]
            }
          ]
        }
      ]
    },
    "Planning Time": 0.222,
    "Triggers": [],
    "Execution Time": 109.746
  }
]