{
  "Plan": {
    "Node Type": "Aggregate",
    "Strategy": "Plain",
    "Partial Mode": "Finalize",
    "Parallel Aware": false,
    "Startup Cost": 158612.28,
    "Total Cost": 158612.29,
    "Plan Rows": 1,
    "Plan Width": 8,
    "Actual Startup Time": 687.236,
    "Actual Total Time": 705.821,
    "Actual Rows": 1,
    "Actual Loops": 1,
    "Plans": [
      {
        "Node Type": "Gather",
        "Parent Relationship": "Outer",
        "Parallel Aware": false,
        "Startup Cost": 158612.17,
        "Total Cost": 158612.28,
        "Plan Rows": 1,
        "Plan Width": 8,
        "Actual Startup Time": 686.098,
        "Actual Total Time": 705.814,
        "Actual Rows": 2,
        "Actual Loops": 1,
        "Workers Planned": 1,
        "Workers Launched": 1,
        "Single Copy": false,
        "Plans": [
          {
            "Node Type": "Aggregate",
            "Strategy": "Plain",
            "Partial Mode": "Partial",
            "Parent Relationship": "Outer",
            "Parallel Aware": false,
            "Startup Cost": 157612.17,
            "Total Cost": 157612.18,
            "Plan Rows": 1,
            "Plan Width": 8,
            "Actual Startup Time": 679.784,
            "Actual Total Time": 679.791,
            "Actual Rows": 1,
            "Actual Loops": 2,
            "Plans": [
              {
                "Node Type": "Hash Join",
                "Parent Relationship": "Outer",
                "Parallel Aware": true,
                "Join Type": "Inner",
                "Startup Cost": 95656.19,
                "Total Cost": 157340.36,
                "Plan Rows": 108725,
                "Plan Width": 0,
                "Actual Startup Time": 414.285,
                "Actual Total Time": 678.215,
                "Actual Rows": 35896,
                "Actual Loops": 2,
                "Inner Unique": false,
                "Hash Cond": "(mk.movie_id = t.id)",
                "Plans": [
                  {
                    "Node Type": "Seq Scan",
                    "Parent Relationship": "Outer",
                    "Parallel Aware": true,
                    "Relation Name": "movie_keyword",
                    "Alias": "mk",
                    "Startup Cost": 0.0,
                    "Total Cost": 51065.35,
                    "Plan Rows": 2661135,
                    "Plan Width": 4,
                    "Actual Startup Time": 0.011,
                    "Actual Total Time": 156.227,
                    "Actual Rows": 2261965,
                    "Actual Loops": 2
                  },
                  {
                    "Node Type": "Hash",
                    "Parent Relationship": "Inner",
                    "Parallel Aware": true,
                    "Startup Cost": 94896.65,
                    "Total Cost": 94896.65,
                    "Plan Rows": 60763,
                    "Plan Width": 8,
                    "Actual Startup Time": 370.674,
                    "Actual Total Time": 370.679,
                    "Actual Rows": 11810,
                    "Actual Loops": 2,
                    "Hash Buckets": 131072,
                    "Original Hash Buckets": 131072,
                    "Hash Batches": 1,
                    "Original Hash Batches": 1,
                    "Peak Memory Usage": 1984,
                    "Plans": [
                      {
                        "Node Type": "Hash Join",
                        "Parent Relationship": "Outer",
                        "Parallel Aware": true,
                        "Join Type": "Inner",
                        "Startup Cost": 30911.77,
                        "Total Cost": 94896.65,
                        "Plan Rows": 60763,
                        "Plan Width": 8,
                        "Actual Startup Time": 147.738,
                        "Actual Total Time": 367.06,
                        "Actual Rows": 11810,
                        "Actual Loops": 2,
                        "Inner Unique": false,
                        "Hash Cond": "(t.id = mc.movie_id)",
                        "Plans": [
                          {
                            "Node Type": "Seq Scan",
                            "Parent Relationship": "Outer",
                            "Parallel Aware": true,
                            "Relation Name": "title",
                            "Alias": "t",
                            "Startup Cost": 0.0,
                            "Total Cost": 58306.47,
                            "Plan Rows": 851358,
                            "Plan Width": 4,
                            "Actual Startup Time": 0.011,
                            "Actual Total Time": 143.623,
                            "Actual Rows": 745436,
                            "Actual Loops": 2,
                            "Filter": "((kind_id > 4) AND (production_year > 1923))",
                            "Rows Removed by Filter": 518720
                          },
                          {
                            "Node Type": "Hash",
                            "Parent Relationship": "Inner",
                            "Parallel Aware": true,
                            "Startup Cost": 29584.94,
                            "Total Cost": 29584.94,
                            "Plan Rows": 106146,
                            "Plan Width": 4,
                            "Actual Startup Time": 110.825,
                            "Actual Total Time": 110.826,
                            "Actual Rows": 178797,
                            "Actual Loops": 2,
                            "Hash Buckets": 524288,
                            "Original Hash Buckets": 262144,
                            "Hash Batches": 1,
                            "Original Hash Batches": 1,
                            "Peak Memory Usage": 20160,
                            "Plans": [
                              {
                                "Node Type": "Bitmap Heap Scan",
                                "Parent Relationship": "Outer",
                                "Parallel Aware": true,
                                "Relation Name": "movie_companies",
                                "Alias": "mc",
                                "Startup Cost": 7659.05,
                                "Total Cost": 29584.94,
                                "Plan Rows": 106146,
                                "Plan Width": 4,
                                "Actual Startup Time": 29.148,
                                "Actual Total Time": 70.449,
                                "Actual Rows": 178797,
                                "Actual Loops": 2,
                                "Recheck Cond": "(company_id > 87348)",
                                "Rows Removed by Index Recheck": 0,
                                "Filter": "(company_type_id > 1)",
                                "Rows Removed by Filter": 0,
                                "Exact Heap Blocks": 3592,
                                "Lossy Heap Blocks": 0,
                                "Plans": [
                                  {
                                    "Node Type": "Bitmap Index Scan",
                                    "Parent Relationship": "Outer",
                                    "Parallel Aware": false,
                                    "Index Name": "company_id_movie_companies",
                                    "Startup Cost": 0.0,
                                    "Total Cost": 7613.94,
                                    "Plan Rows": 355401,
                                    "Plan Width": 0,
                                    "Actual Startup Time": 30.392,
                                    "Actual Total Time": 30.392,
                                    "Actual Rows": 357594,
                                    "Actual Loops": 1,
                                    "Index Cond": "(company_id > 87348)"
                                  }
                                ]
                              }
                            ]
                          }
                        ]
                      }
                    ]
                  }
                ]
              }
            ]
          }
        ]
      }
    ]
  },
  "Planning Time": 0.928,
  "Triggers": [],
  "Execution Time": 705.908
}