{
  "Plan": {
    "Node Type": "Aggregate",
    "Strategy": "Plain",
    "Partial Mode": "Finalize",
    "Parallel Aware": false,
    "Startup Cost": 129669.4,
    "Total Cost": 129669.41,
    "Plan Rows": 1,
    "Plan Width": 8,
    "Actual Startup Time": 93.902,
    "Actual Total Time": 101.378,
    "Actual Rows": 1,
    "Actual Loops": 1,
    "Plans": [
      {
        "Node Type": "Gather",
        "Parent Relationship": "Outer",
        "Parallel Aware": false,
        "Startup Cost": 129669.29,
        "Total Cost": 129669.4,
        "Plan Rows": 1,
        "Plan Width": 8,
        "Actual Startup Time": 93.786,
        "Actual Total Time": 101.373,
        "Actual Rows": 2,
        "Actual Loops": 1,
        "Workers Planned": 1,
        "Workers Launched": 1,
        "Single Copy": false,
        "Plans": [
          {
            "Node Type": "Aggregate",
            "Strategy": "Plain",
            "Partial Mode": "Partial",
            "Parent Relationship": "Outer",
            "Parallel Aware": false,
            "Startup Cost": 128669.29,
            "Total Cost": 128669.3,
            "Plan Rows": 1,
            "Plan Width": 8,
            "Actual Startup Time": 90.763,
            "Actual Total Time": 90.764,
            "Actual Rows": 1,
            "Actual Loops": 2,
            "Plans": [
              {
                "Node Type": "Nested Loop",
                "Parent Relationship": "Outer",
                "Parallel Aware": false,
                "Join Type": "Inner",
                "Startup Cost": 1044.97,
                "Total Cost": 128597.16,
                "Plan Rows": 28851,
                "Plan Width": 0,
                "Actual Startup Time": 10.255,
                "Actual Total Time": 89.267,
                "Actual Rows": 24046,
                "Actual Loops": 2,
                "Inner Unique": true,
                "Plans": [
                  {
                    "Node Type": "Bitmap Heap Scan",
                    "Parent Relationship": "Outer",
                    "Parallel Aware": true,
                    "Relation Name": "movie_keyword",
                    "Alias": "mk",
                    "Startup Cost": 1044.54,
                    "Total Cost": 25859.17,
                    "Plan Rows": 28851,
                    "Plan Width": 4,
                    "Actual Startup Time": 10.157,
                    "Actual Total Time": 29.955,
                    "Actual Rows": 24046,
                    "Actual Loops": 2,
                    "Recheck Cond": "(keyword_id > 100468)",
                    "Rows Removed by Index Recheck": 0,
                    "Exact Heap Blocks": 7868,
                    "Lossy Heap Blocks": 0,
                    "Plans": [
                      {
                        "Node Type": "Bitmap Index Scan",
                        "Parent Relationship": "Outer",
                        "Parallel Aware": false,
                        "Index Name": "keyword_id_movie_keyword",
                        "Startup Cost": 0.0,
                        "Total Cost": 1032.28,
                        "Plan Rows": 49046,
                        "Plan Width": 0,
                        "Actual Startup Time": 8.284,
                        "Actual Total Time": 8.284,
                        "Actual Rows": 48091,
                        "Actual Loops": 1,
                        "Index Cond": "(keyword_id > 100468)"
                      }
                    ]
                  },
                  {
                    "Node Type": "Index Only Scan",
                    "Parent Relationship": "Inner",
                    "Parallel Aware": false,
                    "Scan Direction": "Forward",
                    "Index Name": "title_pkey",
                    "Relation Name": "title",
                    "Alias": "t",
                    "Startup Cost": 0.43,
                    "Total Cost": 3.56,
                    "Plan Rows": 1,
                    "Plan Width": 4,
                    "Actual Startup Time": 0.002,
                    "Actual Total Time": 0.002,
                    "Actual Rows": 1,
                    "Actual Loops": 48091,
                    "Index Cond": "(id = mk.movie_id)",
                    "Rows Removed by Index Recheck": 0,
                    "Heap Fetches": 48091
                  }
                ]
              }
            ]
          }
        ]
      }
    ]
  },
  "Planning Time": 0.457,
  "Triggers": [],
  "Execution Time": 101.433
}