[
  {
    "Plan": {
      "Node Type": "Aggregate",
      "Strategy": "Plain",
      "Partial Mode": "Finalize",
      "Parallel Aware": false,
      "Startup Cost": 33240.86,
      "Total Cost": 33240.87,
      "Plan Rows": 1,
      "Plan Width": 8,
      "Actual Startup Time": 101.323,
      "Actual Total Time": 107.931,
      "Actual Rows": 1,
      "Actual Loops": 1,
      "Plans": [
        {
          "Node Type": "Gather",
          "Parent Relationship": "Outer",
          "Parallel Aware": false,
          "Startup Cost": 33240.54,
          "Total Cost": 33240.85,
          "Plan Rows": 3,
          "Plan Width": 8,
          "Actual Startup Time": 101.161,
          "Actual Total Time": 107.92,
          "Actual Rows": 4,
          "Actual Loops": 1,
          "Workers Planned": 3,
          "Workers Launched": 3,
          "Single Copy": false,
          "Plans": [
            {
              "Node Type": "Aggregate",
              "Strategy": "Plain",
              "Partial Mode": "Partial",
              "Parent Relationship": "Outer",
              "Parallel Aware": false,
              "Startup Cost": 32240.54,
              "Total Cost": 32240.55,
              "Plan Rows": 1,
              "Plan Width": 8,
              "Actual Startup Time": 92.664,
              "Actual Total Time": 92.665,
              "Actual Rows": 1,
              "Actual Loops": 4,
              "Plans": [
                {
                  "Node Type": "Seq Scan",
                  "Parent Relationship": "Outer",
                  "Parallel Aware": true,
                  "Relation Name": "movie_companies",
                  "Alias": "mc",
                  "Startup Cost": 0.0,
                  "Total Cost": 31414.82,
                  "Plan Rows": 330290,
                  "Plan Width": 0,
                  "Actual Startup Time": 0.25,
                  "Actual Total Time": 80.555,
                  "Actual Rows": 225808,
                  "Actual Loops": 4,
                  "Filter": "((company_id > 461) AND (company_type_id < 2))",
                  "Rows Removed by Filter": 426474
                }
              ]
            }
          ]
        }
      ]
    },
    "Planning Time": 0.229,
    "Triggers": [],
    "Execution Time": 108.006
  }
]