[
  {
    "Plan": {
      "Node Type": "Aggregate",
      "Strategy": "Plain",
      "Partial Mode": "Finalize",
      "Parallel Aware": false,
      "Startup Cost": 84262.41,
      "Total Cost": 84262.42,
      "Plan Rows": 1,
      "Plan Width": 8,
      "Actual Startup Time": 313.615,
      "Actual Total Time": 329.547,
      "Actual Rows": 1,
      "Actual Loops": 1,
      "Plans": [
        {
          "Node Type": "Gather",
          "Parent Relationship": "Outer",
          "Parallel Aware": false,
          "Startup Cost": 84262.09,
          "Total Cost": 84262.4,
          "Plan Rows": 3,
          "Plan Width": 8,
          "Actual Startup Time": 310.579,
          "Actual Total Time": 329.536,
          "Actual Rows": 4,
          "Actual Loops": 1,
          "Workers Planned": 3,
          "Workers Launched": 3,
          "Single Copy": false,
          "Plans": [
            {
              "Node Type": "Aggregate",
              "Strategy": "Plain",
              "Partial Mode": "Partial",
              "Parent Relationship": "Outer",
              "Parallel Aware": false,
              "Startup Cost": 83262.09,
              "Total Cost": 83262.1,
              "Plan Rows": 1,
              "Plan Width": 8,
              "Actual Startup Time": 301.434,
              "Actual Total Time": 301.438,
              "Actual Rows": 1,
              "Actual Loops": 4,
              "Plans": [
                {
                  "Node Type": "Hash Join",
                  "Parent Relationship": "Outer",
                  "Parallel Aware": true,
                  "Join Type": "Inner",
                  "Startup Cost": 56411.03,
                  "Total Cost": 83136.85,
                  "Plan Rows": 50095,
                  "Plan Width": 0,
                  "Actual Startup Time": 216.958,
                  "Actual Total Time": 298.648,
                  "Actual Rows": 54459,
                  "Actual Loops": 4,
                  "Inner Unique": true,
                  "Hash Cond": "(mk.movie_id = t.id)",
                  "Plans": [
                    {
                      "Node Type": "Bitmap Heap Scan",
                      "Parent Relationship": "Outer",
                      "Parallel Aware": true,
                      "Relation Name": "movie_keyword",
                      "Alias": "mk",
                      "Startup Cost": 9877.07,
                      "Total Cost": 36208.61,
                      "Plan Rows": 150203,
                      "Plan Width": 4,
                      "Actual Startup Time": 31.865,
                      "Actual Total Time": 84.631,
                      "Actual Rows": 113556,
                      "Actual Loops": 4,
                      "Recheck Cond": "(keyword_id > 38983)",
                      "Rows Removed by Index Recheck": 0,
                      "Exact Heap Blocks": 6698,
                      "Lossy Heap Blocks": 0,
                      "Plans": [
                        {
                          "Node Type": "Bitmap Index Scan",
                          "Parent Relationship": "Outer",
                          "Parallel Aware": false,
                          "Index Name": "keyword_id_movie_keyword",
                          "Startup Cost": 0.0,
                          "Total Cost": 9760.66,
                          "Plan Rows": 465630,
                          "Plan Width": 0,
                          "Actual Startup Time": 28.41,
                          "Actual Total Time": 28.411,
                          "Actual Rows": 454225,
                          "Actual Loops": 1,
                          "Index Cond": "(keyword_id > 38983)"
                        }
                      ]
                    },
                    {
                      "Node Type": "Hash",
                      "Parent Relationship": "Inner",
                      "Parallel Aware": true,
                      "Startup Cost": 43898.92,
                      "Total Cost": 43898.92,
                      "Plan Rows": 210804,
                      "Plan Width": 4,
                      "Actual Startup Time": 180.092,
                      "Actual Total Time": 180.093,
                      "Actual Rows": 212285,
                      "Actual Loops": 4,
                      "Hash Buckets": 1048576,
                      "Original Hash Buckets": 1048576,
                      "Hash Batches": 1,
                      "Original Hash Batches": 1,
                      "Peak Memory Usage": 41472,
                      "Plans": [
                        {
                          "Node Type": "Seq Scan",
                          "Parent Relationship": "Outer",
                          "Parallel Aware": true,
                          "Relation Name": "title",
                          "Alias": "t",
                          "Startup Cost": 0.0,
                          "Total Cost": 43898.92,
                          "Plan Rows": 210804,
                          "Plan Width": 4,
                          "Actual Startup Time": 0.039,
                          "Actual Total Time": 103.641,
                          "Actual Rows": 212285,
                          "Actual Loops": 4,
                          "Filter": "(production_year < 1996)",
                          "Rows Removed by Filter": 419793
                        }
                      ]
                    }
                  ]
                }
              ]
            }
          ]
        }
      ]
    },
    "Planning Time": 0.665,
    "Triggers": [],
    "Execution Time": 329.642
  }
]