{
  "Plan": {
    "Node Type": "Aggregate",
    "Strategy": "Plain",
    "Partial Mode": "Finalize",
    "Parallel Aware": false,
    "Startup Cost": 114541.27,
    "Total Cost": 114541.28,
    "Plan Rows": 1,
    "Plan Width": 8,
    "Actual Startup Time": 537.245,
    "Actual Total Time": 553.58,
    "Actual Rows": 1,
    "Actual Loops": 1,
    "Plans": [
      {
        "Node Type": "Gather",
        "Parent Relationship": "Outer",
        "Parallel Aware": false,
        "Startup Cost": 114541.16,
        "Total Cost": 114541.27,
        "Plan Rows": 1,
        "Plan Width": 8,
        "Actual Startup Time": 535.787,
        "Actual Total Time": 553.572,
        "Actual Rows": 2,
        "Actual Loops": 1,
        "Workers Planned": 1,
        "Workers Launched": 1,
        "Single Copy": false,
        "Plans": [
          {
            "Node Type": "Aggregate",
            "Strategy": "Plain",
            "Partial Mode": "Partial",
            "Parent Relationship": "Outer",
            "Parallel Aware": false,
            "Startup Cost": 113541.16,
            "Total Cost": 113541.17,
            "Plan Rows": 1,
            "Plan Width": 8,
            "Actual Startup Time": 529.963,
            "Actual Total Time": 529.969,
            "Actual Rows": 1,
            "Actual Loops": 2,
            "Plans": [
              {
                "Node Type": "Hash Join",
                "Parent Relationship": "Outer",
                "Parallel Aware": true,
                "Join Type": "Inner",
                "Startup Cost": 93206.61,
                "Total Cost": 113478.26,
                "Plan Rows": 25159,
                "Plan Width": 0,
                "Actual Startup Time": 445.771,
                "Actual Total Time": 529.237,
                "Actual Rows": 12824,
                "Actual Loops": 2,
                "Inner Unique": false,
                "Hash Cond": "(mi_idx.movie_id = t.id)",
                "Plans": [
                  {
                    "Node Type": "Seq Scan",
                    "Parent Relationship": "Outer",
                    "Parallel Aware": true,
                    "Relation Name": "movie_info_idx",
                    "Alias": "mi_idx",
                    "Startup Cost": 0.0,
                    "Total Cost": 18082.32,
                    "Plan Rows": 544356,
                    "Plan Width": 4,
                    "Actual Startup Time": 0.026,
                    "Actual Total Time": 66.611,
                    "Actual Rows": 460055,
                    "Actual Loops": 2,
                    "Filter": "(info_type_id > 99)",
                    "Rows Removed by Filter": 229962
                  },
                  {
                    "Node Type": "Hash",
                    "Parent Relationship": "Inner",
                    "Parallel Aware": true,
                    "Startup Cost": 92347.38,
                    "Total Cost": 92347.38,
                    "Plan Rows": 68738,
                    "Plan Width": 8,
                    "Actual Startup Time": 421.227,
                    "Actual Total Time": 421.231,
                    "Actual Rows": 17742,
                    "Actual Loops": 2,
                    "Hash Buckets": 131072,
                    "Original Hash Buckets": 131072,
                    "Hash Batches": 1,
                    "Original Hash Batches": 1,
                    "Peak Memory Usage": 2432,
                    "Plans": [
                      {
                        "Node Type": "Hash Join",
                        "Parent Relationship": "Outer",
                        "Parallel Aware": true,
                        "Join Type": "Inner",
                        "Startup Cost": 31704.42,
                        "Total Cost": 92347.38,
                        "Plan Rows": 68738,
                        "Plan Width": 8,
                        "Actual Startup Time": 159.971,
                        "Actual Total Time": 415.726,
                        "Actual Rows": 17742,
                        "Actual Loops": 2,
                        "Inner Unique": false,
                        "Hash Cond": "(t.id = mc.movie_id)",
                        "Plans": [
                          {
                            "Node Type": "Seq Scan",
                            "Parent Relationship": "Outer",
                            "Parallel Aware": true,
                            "Relation Name": "title",
                            "Alias": "t",
                            "Startup Cost": 0.0,
                            "Total Cost": 54588.39,
                            "Plan Rows": 904038,
                            "Plan Width": 4,
                            "Actual Startup Time": 0.013,
                            "Actual Total Time": 156.692,
                            "Actual Rows": 771632,
                            "Actual Loops": 2,
                            "Filter": "(kind_id = 7)",
                            "Rows Removed by Filter": 492524
                          },
                          {
                            "Node Type": "Hash",
                            "Parent Relationship": "Inner",
                            "Parallel Aware": true,
                            "Startup Cost": 30290.9,
                            "Total Cost": 30290.9,
                            "Plan Rows": 113081,
                            "Plan Width": 4,
                            "Actual Startup Time": 116.758,
                            "Actual Total Time": 116.76,
                            "Actual Rows": 192034,
                            "Actual Loops": 2,
                            "Hash Buckets": 524288,
                            "Original Hash Buckets": 262144,
                            "Hash Batches": 1,
                            "Original Hash Batches": 1,
                            "Peak Memory Usage": 21216,
                            "Plans": [
                              {
                                "Node Type": "Bitmap Heap Scan",
                                "Parent Relationship": "Outer",
                                "Parallel Aware": true,
                                "Relation Name": "movie_companies",
                                "Alias": "mc",
                                "Startup Cost": 8160.14,
                                "Total Cost": 30290.9,
                                "Plan Rows": 113081,
                                "Plan Width": 4,
                                "Actual Startup Time": 22.441,
                                "Actual Total Time": 69.233,
                                "Actual Rows": 192034,
                                "Actual Loops": 2,
                                "Recheck Cond": "(company_id > 83786)",
                                "Rows Removed by Index Recheck": 0,
                                "Filter": "(company_type_id = 2)",
                                "Rows Removed by Filter": 0,
                                "Exact Heap Blocks": 4324,
                                "Lossy Heap Blocks": 0,
                                "Plans": [
                                  {
                                    "Node Type": "Bitmap Index Scan",
                                    "Parent Relationship": "Outer",
                                    "Parallel Aware": false,
                                    "Index Name": "company_id_movie_companies",
                                    "Startup Cost": 0.0,
                                    "Total Cost": 8112.08,
                                    "Plan Rows": 378620,
                                    "Plan Width": 0,
                                    "Actual Startup Time": 25.104,
                                    "Actual Total Time": 25.104,
                                    "Actual Rows": 384068,
                                    "Actual Loops": 1,
                                    "Index Cond": "(company_id > 83786)"
                                  }
                                ]
                              }
                            ]
                          }
                        ]
                      }
                    ]
                  }
                ]
              }
            ]
          }
        ]
      }
    ]
  },
  "Planning Time": 0.483,
  "Triggers": [],
  "Execution Time": 553.64
}