{
  "Plan": {
    "Node Type": "Aggregate",
    "Strategy": "Plain",
    "Partial Mode": "Finalize",
    "Parallel Aware": false,
    "Startup Cost": 553997.44,
    "Total Cost": 553997.45,
    "Plan Rows": 1,
    "Plan Width": 8,
    "Actual Startup Time": 2134.597,
    "Actual Total Time": 2161.893,
    "Actual Rows": 1,
    "Actual Loops": 1,
    "Plans": [
      {
        "Node Type": "Gather",
        "Parent Relationship": "Outer",
        "Parallel Aware": false,
        "Startup Cost": 553997.32,
        "Total Cost": 553997.43,
        "Plan Rows": 1,
        "Plan Width": 8,
        "Actual Startup Time": 2128.39,
        "Actual Total Time": 2161.886,
        "Actual Rows": 2,
        "Actual Loops": 1,
        "Workers Planned": 1,
        "Workers Launched": 1,
        "Single Copy": false,
        "Plans": [
          {
            "Node Type": "Aggregate",
            "Strategy": "Plain",
            "Partial Mode": "Partial",
            "Parent Relationship": "Outer",
            "Parallel Aware": false,
            "Startup Cost": 552997.32,
            "Total Cost": 552997.33,
            "Plan Rows": 1,
            "Plan Width": 8,
            "Actual Startup Time": 2122.354,
            "Actual Total Time": 2122.358,
            "Actual Rows": 1,
            "Actual Loops": 2,
            "Plans": [
              {
                "Node Type": "Merge Join",
                "Parent Relationship": "Outer",
                "Parallel Aware": false,
                "Join Type": "Inner",
                "Startup Cost": 393159.43,
                "Total Cost": 549778.83,
                "Plan Rows": 1287398,
                "Plan Width": 0,
                "Actual Startup Time": 1510.556,
                "Actual Total Time": 2079.661,
                "Actual Rows": 1067724,
                "Actual Loops": 2,
                "Inner Unique": false,
                "Merge Cond": "(mc.movie_id = t.id)",
                "Plans": [
                  {
                    "Node Type": "Index Only Scan",
                    "Parent Relationship": "Outer",
                    "Parallel Aware": true,
                    "Scan Direction": "Forward",
                    "Index Name": "movie_id_movie_companies",
                    "Relation Name": "movie_companies",
                    "Alias": "mc",
                    "Startup Cost": 0.43,
                    "Total Cost": 129315.97,
                    "Plan Rows": 1534782,
                    "Plan Width": 4,
                    "Actual Startup Time": 0.112,
                    "Actual Total Time": 323.256,
                    "Actual Rows": 1304281,
                    "Actual Loops": 2,
                    "Heap Fetches": 2608562
                  },
                  {
                    "Node Type": "Sort",
                    "Parent Relationship": "Inner",
                    "Parallel Aware": false,
                    "Startup Cost": 393158.78,
                    "Total Cost": 398460.71,
                    "Plan Rows": 2120771,
                    "Plan Width": 8,
                    "Actual Startup Time": 1510.34,
                    "Actual Total Time": 1569.558,
                    "Actual Rows": 1655586,
                    "Actual Loops": 2,
                    "Sort Key": [
                      "mk.movie_id"
                    ],
                    "Sort Method": "quicksort",
                    "Sort Space Used": 68401,
                    "Sort Space Type": "Memory",
                    "Workers": [
                      {
                        "Worker Number": 0,
                        "Sort Method": "quicksort",
                        "Sort Space Used": 68401,
                        "Sort Space Type": "Memory"
                      }
                    ],
                    "Plans": [
                      {
                        "Node Type": "Hash Join",
                        "Parent Relationship": "Outer",
                        "Parallel Aware": false,
                        "Join Type": "Inner",
                        "Startup Cost": 88737.86,
                        "Total Cost": 170306.5,
                        "Plan Rows": 2120771,
                        "Plan Width": 8,
                        "Actual Startup Time": 575.81,
                        "Actual Total Time": 1329.671,
                        "Actual Rows": 934921,
                        "Actual Loops": 2,
                        "Inner Unique": true,
                        "Hash Cond": "(mk.movie_id = t.id)",
                        "Plans": [
                          {
                            "Node Type": "Seq Scan",
                            "Parent Relationship": "Outer",
                            "Parallel Aware": false,
                            "Relation Name": "movie_keyword",
                            "Alias": "mk",
                            "Startup Cost": 0.0,
                            "Total Cost": 69693.3,
                            "Plan Rows": 4523930,
                            "Plan Width": 4,
                            "Actual Startup Time": 0.038,
                            "Actual Total Time": 291.622,
                            "Actual Rows": 4523930,
                            "Actual Loops": 2
                          },
                          {
                            "Node Type": "Hash",
                            "Parent Relationship": "Inner",
                            "Parallel Aware": false,
                            "Startup Cost": 73922.39,
                            "Total Cost": 73922.39,
                            "Plan Rows": 1185237,
                            "Plan Width": 4,
                            "Actual Startup Time": 556.111,
                            "Actual Total Time": 556.112,
                            "Actual Rows": 1143935,
                            "Actual Loops": 2,
                            "Hash Buckets": 2097152,
                            "Original Hash Buckets": 2097152,
                            "Hash Batches": 1,
                            "Original Hash Batches": 1,
                            "Peak Memory Usage": 56601,
                            "Plans": [
                              {
                                "Node Type": "Seq Scan",
                                "Parent Relationship": "Outer",
                                "Parallel Aware": false,
                                "Relation Name": "title",
                                "Alias": "t",
                                "Startup Cost": 0.0,
                                "Total Cost": 73922.39,
                                "Plan Rows": 1185237,
                                "Plan Width": 4,
                                "Actual Startup Time": 0.033,
                                "Actual Total Time": 291.977,
                                "Actual Rows": 1143935,
                                "Actual Loops": 2,
                                "Filter": "((kind_id > 3) AND (production_year < 2009))",
                                "Rows Removed by Filter": 1384377
                              }
                            ]
                          }
                        ]
                      }
                    ]
                  }
                ]
              }
            ]
          }
        ]
      }
    ]
  },
  "Planning Time": 0.926,
  "Triggers": [],
  "Execution Time": 2169.67
}