[
  {
    "Plan": {
      "Node Type": "Aggregate",
      "Strategy": "Plain",
      "Partial Mode": "Finalize",
      "Parallel Aware": false,
      "Startup Cost": 109422.11,
      "Total Cost": 109422.12,
      "Plan Rows": 1,
      "Plan Width": 8,
      "Actual Startup Time": 391.793,
      "Actual Total Time": 412.1,
      "Actual Rows": 1,
      "Actual Loops": 1,
      "Plans": [
        {
          "Node Type": "Gather",
          "Parent Relationship": "Outer",
          "Parallel Aware": false,
          "Startup Cost": 109421.79,
          "Total Cost": 109422.1,
          "Plan Rows": 3,
          "Plan Width": 8,
          "Actual Startup Time": 389.245,
          "Actual Total Time": 412.093,
          "Actual Rows": 4,
          "Actual Loops": 1,
          "Workers Planned": 3,
          "Workers Launched": 3,
          "Single Copy": false,
          "Plans": [
            {
              "Node Type": "Aggregate",
              "Strategy": "Plain",
              "Partial Mode": "Partial",
              "Parent Relationship": "Outer",
              "Parallel Aware": false,
              "Startup Cost": 108421.79,
              "Total Cost": 108421.8,
              "Plan Rows": 1,
              "Plan Width": 8,
              "Actual Startup Time": 378.906,
              "Actual Total Time": 378.911,
              "Actual Rows": 1,
              "Actual Loops": 4,
              "Plans": [
                {
                  "Node Type": "Hash Join",
                  "Parent Relationship": "Outer",
                  "Parallel Aware": true,
                  "Join Type": "Inner",
                  "Startup Cost": 62295.08,
                  "Total Cost": 108300.29,
                  "Plan Rows": 48599,
                  "Plan Width": 0,
                  "Actual Startup Time": 203.942,
                  "Actual Total Time": 370.201,
                  "Actual Rows": 215717,
                  "Actual Loops": 4,
                  "Inner Unique": false,
                  "Hash Cond": "(mk.movie_id = t.id)",
                  "Plans": [
                    {
                      "Node Type": "Seq Scan",
                      "Parent Relationship": "Outer",
                      "Parallel Aware": true,
                      "Relation Name": "movie_keyword",
                      "Alias": "mk",
                      "Startup Cost": 0.0,
                      "Total Cost": 42695.65,
                      "Plan Rows": 828548,
                      "Plan Width": 4,
                      "Actual Startup Time": 0.228,
                      "Actual Total Time": 104.543,
                      "Actual Rows": 640043,
                      "Actual Loops": 4,
                      "Filter": "(keyword_id > 3430)",
                      "Rows Removed by Filter": 490940
                    },
                    {
                      "Node Type": "Hash",
                      "Parent Relationship": "Inner",
                      "Parallel Aware": true,
                      "Startup Cost": 61522.7,
                      "Total Cost": 61522.7,
                      "Plan Rows": 61791,
                      "Plan Width": 8,
                      "Actual Startup Time": 201.187,
                      "Actual Total Time": 201.191,
                      "Actual Rows": 46590,
                      "Actual Loops": 4,
                      "Hash Buckets": 262144,
                      "Original Hash Buckets": 262144,
                      "Hash Batches": 1,
                      "Original Hash Batches": 1,
                      "Peak Memory Usage": 9376,
                      "Plans": [
                        {
                          "Node Type": "Hash Join",
                          "Parent Relationship": "Outer",
                          "Parallel Aware": true,
                          "Join Type": "Inner",
                          "Startup Cost": 46328.14,
                          "Total Cost": 61522.7,
                          "Plan Rows": 61791,
                          "Plan Width": 8,
                          "Actual Startup Time": 121.842,
                          "Actual Total Time": 191.184,
                          "Actual Rows": 46590,
                          "Actual Loops": 4,
                          "Inner Unique": true,
                          "Hash Cond": "(mi_idx.movie_id = t.id)",
                          "Plans": [
                            {
                              "Node Type": "Seq Scan",
                              "Parent Relationship": "Outer",
                              "Parallel Aware": true,
                              "Relation Name": "movie_info_idx",
                              "Alias": "mi_idx",
                              "Startup Cost": 0.0,
                              "Total Cost": 13685.15,
                              "Plan Rows": 575015,
                              "Plan Width": 4,
                              "Actual Startup Time": 0.035,
                              "Actual Total Time": 28.256,
                              "Actual Rows": 345009,
                              "Actual Loops": 4
                            },
                            {
                              "Node Type": "Hash",
                              "Parent Relationship": "Inner",
                              "Parallel Aware": true,
                              "Startup Cost": 45479.1,
                              "Total Cost": 45479.1,
                              "Plan Rows": 67923,
                              "Plan Width": 4,
                              "Actual Startup Time": 119.498,
                              "Actual Total Time": 119.499,
                              "Actual Rows": 57498,
                              "Actual Loops": 4,
                              "Hash Buckets": 524288,
                              "Original Hash Buckets": 524288,
                              "Hash Batches": 1,
                              "Original Hash Batches": 1,
                              "Peak Memory Usage": 13216,
                              "Plans": [
                                {
                                  "Node Type": "Seq Scan",
                                  "Parent Relationship": "Outer",
                                  "Parallel Aware": true,
                                  "Relation Name": "title",
                                  "Alias": "t",
                                  "Startup Cost": 0.0,
                                  "Total Cost": 45479.1,
                                  "Plan Rows": 67923,
                                  "Plan Width": 4,
                                  "Actual Startup Time": 0.08,
                                  "Actual Total Time": 96.118,
                                  "Actual Rows": 57498,
                                  "Actual Loops": 4,
                                  "Filter": "((kind_id < 3) AND (production_year > 2006))",
                                  "Rows Removed by Filter": 574580
                                }
                              ]
                            }
                          ]
                        }
                      ]
                    }
                  ]
                }
              ]
            }
          ]
        }
      ]
    },
    "Planning Time": 1.32,
    "Triggers": [],
    "Execution Time": 412.18
  }
]