{
  "Plan": {
    "Node Type": "Aggregate",
    "Strategy": "Plain",
    "Partial Mode": "Finalize",
    "Parallel Aware": false,
    "Startup Cost": 208344.56,
    "Total Cost": 208344.57,
    "Plan Rows": 1,
    "Plan Width": 8,
    "Actual Startup Time": 1596.468,
    "Actual Total Time": 1623.772,
    "Actual Rows": 1,
    "Actual Loops": 1,
    "Plans": [
      {
        "Node Type": "Gather",
        "Parent Relationship": "Outer",
        "Parallel Aware": false,
        "Startup Cost": 208344.45,
        "Total Cost": 208344.56,
        "Plan Rows": 1,
        "Plan Width": 8,
        "Actual Startup Time": 1594.394,
        "Actual Total Time": 1623.765,
        "Actual Rows": 2,
        "Actual Loops": 1,
        "Workers Planned": 1,
        "Workers Launched": 1,
        "Single Copy": false,
        "Plans": [
          {
            "Node Type": "Aggregate",
            "Strategy": "Plain",
            "Partial Mode": "Partial",
            "Parent Relationship": "Outer",
            "Parallel Aware": false,
            "Startup Cost": 207344.45,
            "Total Cost": 207344.46,
            "Plan Rows": 1,
            "Plan Width": 8,
            "Actual Startup Time": 1588.044,
            "Actual Total Time": 1588.048,
            "Actual Rows": 1,
            "Actual Loops": 2,
            "Plans": [
              {
                "Node Type": "Nested Loop",
                "Parent Relationship": "Outer",
                "Parallel Aware": false,
                "Join Type": "Inner",
                "Startup Cost": 79923.7,
                "Total Cost": 207250.24,
                "Plan Rows": 37682,
                "Plan Width": 0,
                "Actual Startup Time": 353.61,
                "Actual Total Time": 1576.492,
                "Actual Rows": 150820,
                "Actual Loops": 2,
                "Inner Unique": false,
                "Plans": [
                  {
                    "Node Type": "Hash Join",
                    "Parent Relationship": "Outer",
                    "Parallel Aware": true,
                    "Join Type": "Inner",
                    "Startup Cost": 79923.27,
                    "Total Cost": 110945.23,
                    "Plan Rows": 139105,
                    "Plan Width": 8,
                    "Actual Startup Time": 353.493,
                    "Actual Total Time": 580.746,
                    "Actual Rows": 313235,
                    "Actual Loops": 2,
                    "Inner Unique": true,
                    "Hash Cond": "(mk.movie_id = t.id)",
                    "Plans": [
                      {
                        "Node Type": "Bitmap Heap Scan",
                        "Parent Relationship": "Outer",
                        "Parallel Aware": true,
                        "Relation Name": "movie_keyword",
                        "Alias": "mk",
                        "Startup Cost": 15661.61,
                        "Total Cost": 45543.68,
                        "Plan Rows": 434245,
                        "Plan Width": 4,
                        "Actual Startup Time": 44.516,
                        "Actual Total Time": 140.176,
                        "Actual Rows": 375278,
                        "Actual Loops": 2,
                        "Recheck Cond": "(keyword_id < 683)",
                        "Rows Removed by Index Recheck": 0,
                        "Exact Heap Blocks": 15011,
                        "Lossy Heap Blocks": 0,
                        "Plans": [
                          {
                            "Node Type": "Bitmap Index Scan",
                            "Parent Relationship": "Outer",
                            "Parallel Aware": false,
                            "Index Name": "keyword_id_movie_keyword",
                            "Startup Cost": 0.0,
                            "Total Cost": 15477.06,
                            "Plan Rows": 738217,
                            "Plan Width": 0,
                            "Actual Startup Time": 40.616,
                            "Actual Total Time": 40.616,
                            "Actual Rows": 750555,
                            "Actual Loops": 1,
                            "Index Cond": "(keyword_id < 683)"
                          }
                        ]
                      },
                      {
                        "Node Type": "Hash",
                        "Parent Relationship": "Inner",
                        "Parallel Aware": true,
                        "Startup Cost": 58306.47,
                        "Total Cost": 58306.47,
                        "Plan Rows": 476415,
                        "Plan Width": 4,
                        "Actual Startup Time": 300.144,
                        "Actual Total Time": 300.145,
                        "Actual Rows": 421509,
                        "Actual Loops": 2,
                        "Hash Buckets": 1048576,
                        "Original Hash Buckets": 1048576,
                        "Hash Batches": 1,
                        "Original Hash Batches": 1,
                        "Peak Memory Usage": 41184,
                        "Plans": [
                          {
                            "Node Type": "Seq Scan",
                            "Parent Relationship": "Outer",
                            "Parallel Aware": true,
                            "Relation Name": "title",
                            "Alias": "t",
                            "Startup Cost": 0.0,
                            "Total Cost": 58306.47,
                            "Plan Rows": 476415,
                            "Plan Width": 4,
                            "Actual Startup Time": 0.042,
                            "Actual Total Time": 182.478,
                            "Actual Rows": 421509,
                            "Actual Loops": 2,
                            "Filter": "((kind_id < 7) AND (production_year < 2011))",
                            "Rows Removed by Filter": 842647
                          }
                        ]
                      }
                    ]
                  },
                  {
                    "Node Type": "Index Scan",
                    "Parent Relationship": "Inner",
                    "Parallel Aware": false,
                    "Scan Direction": "Forward",
                    "Index Name": "movie_id_movie_companies",
                    "Relation Name": "movie_companies",
                    "Alias": "mc",
                    "Startup Cost": 0.43,
                    "Total Cost": 0.68,
                    "Plan Rows": 1,
                    "Plan Width": 4,
                    "Actual Startup Time": 0.003,
                    "Actual Total Time": 0.003,
                    "Actual Rows": 0,
                    "Actual Loops": 626470,
                    "Index Cond": "(movie_id = t.id)",
                    "Rows Removed by Index Recheck": 0,
                    "Filter": "((company_id < 11513) AND (company_type_id > 1))",
                    "Rows Removed by Filter": 6
                  }
                ]
              }
            ]
          }
        ]
      }
    ]
  },
  "Planning Time": 1.103,
  "Triggers": [],
  "Execution Time": 1623.879
}