[
  {
    "Plan": {
      "Node Type": "Aggregate",
      "Strategy": "Plain",
      "Partial Mode": "Finalize",
      "Parallel Aware": false,
      "Startup Cost": 87668.82,
      "Total Cost": 87668.83,
      "Plan Rows": 1,
      "Plan Width": 8,
      "Actual Startup Time": 481.378,
      "Actual Total Time": 496.722,
      "Actual Rows": 1,
      "Actual Loops": 1,
      "Plans": [
        {
          "Node Type": "Gather",
          "Parent Relationship": "Outer",
          "Parallel Aware": false,
          "Startup Cost": 87668.6,
          "Total Cost": 87668.81,
          "Plan Rows": 2,
          "Plan Width": 8,
          "Actual Startup Time": 479.433,
          "Actual Total Time": 496.71,
          "Actual Rows": 3,
          "Actual Loops": 1,
          "Workers Planned": 2,
          "Workers Launched": 2,
          "Single Copy": false,
          "Plans": [
            {
              "Node Type": "Aggregate",
              "Strategy": "Plain",
              "Partial Mode": "Partial",
              "Parent Relationship": "Outer",
              "Parallel Aware": false,
              "Startup Cost": 86668.6,
              "Total Cost": 86668.61,
              "Plan Rows": 1,
              "Plan Width": 8,
              "Actual Startup Time": 470.905,
              "Actual Total Time": 471.033,
              "Actual Rows": 1,
              "Actual Loops": 3,
              "Plans": [
                {
                  "Node Type": "Hash Join",
                  "Parent Relationship": "Outer",
                  "Parallel Aware": true,
                  "Join Type": "Inner",
                  "Startup Cost": 70665.75,
                  "Total Cost": 86587.9,
                  "Plan Rows": 32279,
                  "Plan Width": 0,
                  "Actual Startup Time": 410.798,
                  "Actual Total Time": 467.17,
                  "Actual Rows": 69023,
                  "Actual Loops": 3,
                  "Inner Unique": false,
                  "Hash Cond": "(mi_idx.movie_id = t.id)",
                  "Plans": [
                    {
                      "Node Type": "Seq Scan",
                      "Parent Relationship": "Outer",
                      "Parallel Aware": true,
                      "Relation Name": "movie_info_idx",
                      "Alias": "mi_idx",
                      "Startup Cost": 0.0,
                      "Total Cost": 13685.15,
                      "Plan Rows": 575015,
                      "Plan Width": 4,
                      "Actual Startup Time": 0.034,
                      "Actual Total Time": 45.82,
                      "Actual Rows": 460012,
                      "Actual Loops": 3
                    },
                    {
                      "Node Type": "Hash",
                      "Parent Relationship": "Inner",
                      "Parallel Aware": true,
                      "Startup Cost": 70222.23,
                      "Total Cost": 70222.23,
                      "Plan Rows": 35482,
                      "Plan Width": 8,
                      "Actual Startup Time": 354.89,
                      "Actual Total Time": 355.017,
                      "Actual Rows": 47217,
                      "Actual Loops": 3,
                      "Hash Buckets": 262144,
                      "Original Hash Buckets": 262144,
                      "Hash Batches": 1,
                      "Original Hash Batches": 1,
                      "Peak Memory Usage": 7616,
                      "Plans": [
                        {
                          "Node Type": "Hash Join",
                          "Parent Relationship": "Outer",
                          "Parallel Aware": true,
                          "Join Type": "Inner",
                          "Startup Cost": 23147.66,
                          "Total Cost": 70222.23,
                          "Plan Rows": 35482,
                          "Plan Width": 8,
                          "Actual Startup Time": 236.48,
                          "Actual Total Time": 338.826,
                          "Actual Rows": 47217,
                          "Actual Loops": 3,
                          "Inner Unique": false,
                          "Hash Cond": "(t.id = mc.movie_id)",
                          "Plans": [
                            {
                              "Node Type": "Seq Scan",
                              "Parent Relationship": "Outer",
                              "Parallel Aware": true,
                              "Relation Name": "title",
                              "Alias": "t",
                              "Startup Cost": 0.0,
                              "Total Cost": 43898.92,
                              "Plan Rows": 612238,
                              "Plan Width": 4,
                              "Actual Startup Time": 0.015,
                              "Actual Total Time": 144.954,
                              "Actual Rows": 815594,
                              "Actual Loops": 3,
                              "Filter": "(production_year > 1901)",
                              "Rows Removed by Filter": 27176
                            },
                            {
                              "Node Type": "Hash",
                              "Parent Relationship": "Inner",
                              "Parallel Aware": true,
                              "Startup Cost": 22556.84,
                              "Total Cost": 22556.84,
                              "Plan Rows": 47266,
                              "Plan Width": 4,
                              "Actual Startup Time": 59.922,
                              "Actual Total Time": 59.924,
                              "Actual Rows": 47760,
                              "Actual Loops": 3,
                              "Hash Buckets": 262144,
                              "Original Hash Buckets": 262144,
                              "Hash Batches": 1,
                              "Original Hash Batches": 1,
                              "Peak Memory Usage": 7712,
                              "Plans": [
                                {
                                  "Node Type": "Bitmap Heap Scan",
                                  "Parent Relationship": "Outer",
                                  "Parallel Aware": true,
                                  "Relation Name": "movie_companies",
                                  "Alias": "mc",
                                  "Startup Cost": 3176.01,
                                  "Total Cost": 22556.84,
                                  "Plan Rows": 47266,
                                  "Plan Width": 4,
                                  "Actual Startup Time": 14.685,
                                  "Actual Total Time": 40.834,
                                  "Actual Rows": 47760,
                                  "Actual Loops": 3,
                                  "Recheck Cond": "(company_id > 134994)",
                                  "Rows Removed by Index Recheck": 0,
                                  "Exact Heap Blocks": 2025,
                                  "Lossy Heap Blocks": 0,
                                  "Plans": [
                                    {
                                      "Node Type": "Bitmap Index Scan",
                                      "Parent Relationship": "Outer",
                                      "Parallel Aware": false,
                                      "Index Name": "company_id_movie_companies",
                                      "Startup Cost": 0.0,
                                      "Total Cost": 3139.37,
                                      "Plan Rows": 146526,
                                      "Plan Width": 0,
                                      "Actual Startup Time": 13.871,
                                      "Actual Total Time": 13.872,
                                      "Actual Rows": 143281,
                                      "Actual Loops": 1,
                                      "Index Cond": "(company_id > 134994)"
                                    }
                                  ]
                                }
                              ]
                            }
                          ]
                        }
                      ]
                    }
                  ]
                }
              ]
            }
          ]
        }
      ]
    },
    "Planning Time": 1.398,
    "Triggers": [],
    "Execution Time": 496.832
  }
]