[
  {
    "Plan": {
      "Node Type": "Aggregate",
      "Strategy": "Plain",
      "Partial Mode": "Finalize",
      "Parallel Aware": false,
      "Startup Cost": 32672.69,
      "Total Cost": 32672.7,
      "Plan Rows": 1,
      "Plan Width": 8,
      "Actual Startup Time": 82.208,
      "Actual Total Time": 91.984,
      "Actual Rows": 1,
      "Actual Loops": 1,
      "Plans": [
        {
          "Node Type": "Gather",
          "Parent Relationship": "Outer",
          "Parallel Aware": false,
          "Startup Cost": 32672.37,
          "Total Cost": 32672.68,
          "Plan Rows": 3,
          "Plan Width": 8,
          "Actual Startup Time": 82.013,
          "Actual Total Time": 91.97,
          "Actual Rows": 4,
          "Actual Loops": 1,
          "Workers Planned": 3,
          "Workers Launched": 3,
          "Single Copy": false,
          "Plans": [
            {
              "Node Type": "Aggregate",
              "Strategy": "Plain",
              "Partial Mode": "Partial",
              "Parent Relationship": "Outer",
              "Parallel Aware": false,
              "Startup Cost": 31672.37,
              "Total Cost": 31672.38,
              "Plan Rows": 1,
              "Plan Width": 8,
              "Actual Startup Time": 77.93,
              "Actual Total Time": 77.933,
              "Actual Rows": 1,
              "Actual Loops": 4,
              "Plans": [
                {
                  "Node Type": "Seq Scan",
                  "Parent Relationship": "Outer",
                  "Parallel Aware": true,
                  "Relation Name": "movie_companies",
                  "Alias": "mc",
                  "Startup Cost": 0.0,
                  "Total Cost": 31414.82,
                  "Plan Rows": 103020,
                  "Plan Width": 0,
                  "Actual Startup Time": 45.0,
                  "Actual Total Time": 75.998,
                  "Actual Rows": 43320,
                  "Actual Loops": 4,
                  "Filter": "((company_id < 774) AND (company_type_id > 1))",
                  "Rows Removed by Filter": 608962
                }
              ]
            }
          ]
        }
      ]
    },
    "Planning Time": 0.241,
    "Triggers": [],
    "Execution Time": 92.045
  }
]