{
  "Plan": {
    "Node Type": "Aggregate",
    "Strategy": "Plain",
    "Partial Mode": "Simple",
    "Parallel Aware": false,
    "Startup Cost": 234364.4,
    "Total Cost": 234364.41,
    "Plan Rows": 1,
    "Plan Width": 96,
    "Actual Startup Time": 4150.511,
    "Actual Total Time": 4150.523,
    "Actual Rows": 1,
    "Actual Loops": 1,
    "Plans": [
      {
        "Node Type": "Nested Loop",
        "Parent Relationship": "Outer",
        "Parallel Aware": false,
        "Join Type": "Inner",
        "Startup Cost": 231388.08,
        "Total Cost": 234364.39,
        "Plan Rows": 1,
        "Plan Width": 60,
        "Actual Startup Time": 4115.29,
        "Actual Total Time": 4149.368,
        "Actual Rows": 6946,
        "Actual Loops": 1,
        "Inner Unique": true,
        "Plans": [
          {
            "Node Type": "Hash Join",
            "Parent Relationship": "Outer",
            "Parallel Aware": false,
            "Join Type": "Inner",
            "Startup Cost": 231387.66,
            "Total Cost": 234338.36,
            "Plan Rows": 57,
            "Plan Width": 45,
            "Actual Startup Time": 4114.289,
            "Actual Total Time": 4129.719,
            "Actual Rows": 14915,
            "Actual Loops": 1,
            "Inner Unique": false,
            "Hash Cond": "(k.id = mk.keyword_id)",
            "Plans": [
              {
                "Node Type": "Seq Scan",
                "Parent Relationship": "Outer",
                "Parallel Aware": false,
                "Relation Name": "keyword",
                "Alias": "k",
                "Startup Cost": 0.0,
                "Total Cost": 2793.84,
                "Plan Rows": 3,
                "Plan Width": 4,
                "Actual Startup Time": 1.522,
                "Actual Total Time": 15.123,
                "Actual Rows": 3,
                "Actual Loops": 1,
                "Filter": "(keyword = ANY ('{sequel,revenge,based-on-novel}'::text[]))",
                "Rows Removed by Filter": 134167
              },
              {
                "Node Type": "Hash",
                "Parent Relationship": "Inner",
                "Parallel Aware": false,
                "Startup Cost": 199621.99,
                "Total Cost": 199621.99,
                "Plan Rows": 2541253,
                "Plan Width": 49,
                "Actual Startup Time": 4081.452,
                "Actual Total Time": 4081.461,
                "Actual Rows": 3221310,
                "Actual Loops": 1,
                "Hash Buckets": 4194304,
                "Original Hash Buckets": 4194304,
                "Hash Batches": 1,
                "Original Hash Batches": 1,
                "Peak Memory Usage": 295674,
                "Plans": [
                  {
                    "Node Type": "Hash Join",
                    "Parent Relationship": "Outer",
                    "Parallel Aware": false,
                    "Join Type": "Inner",
                    "Startup Cost": 101116.38,
                    "Total Cost": 199621.99,
                    "Plan Rows": 2541253,
                    "Plan Width": 49,
                    "Actual Startup Time": 1910.896,
                    "Actual Total Time": 3241.973,
                    "Actual Rows": 3221310,
                    "Actual Loops": 1,
                    "Inner Unique": true,
                    "Hash Cond": "(mc.company_type_id = ct.id)",
                    "Plans": [
                      {
                        "Node Type": "Merge Join",
                        "Parent Relationship": "Outer",
                        "Parallel Aware": false,
                        "Join Type": "Inner",
                        "Startup Cost": 101115.29,
                        "Total Cost": 181302.82,
                        "Plan Rows": 3388316,
                        "Plan Width": 53,
                        "Actual Startup Time": 1910.815,
                        "Actual Total Time": 2714.284,
                        "Actual Rows": 3405067,
                        "Actual Loops": 1,
                        "Inner Unique": false,
                        "Merge Cond": "(mc.movie_id = ml.movie_id)",
                        "Plans": [
                          {
                            "Node Type": "Index Scan",
                            "Parent Relationship": "Outer",
                            "Parallel Aware": false,
                            "Scan Direction": "Forward",
                            "Index Name": "movie_id_movie_companies",
                            "Relation Name": "movie_companies",
                            "Alias": "mc",
                            "Startup Cost": 0.43,
                            "Total Cost": 140404.76,
                            "Plan Rows": 1339266,
                            "Plan Width": 36,
                            "Actual Startup Time": 0.034,
                            "Actual Total Time": 27.828,
                            "Actual Rows": 43436,
                            "Actual Loops": 1,
                            "Filter": "(note IS NOT NULL)",
                            "Rows Removed by Filter": 42804
                          },
                          {
                            "Node Type": "Materialize",
                            "Parent Relationship": "Inner",
                            "Parallel Aware": false,
                            "Startup Cost": 101105.56,
                            "Total Cost": 128162.5,
                            "Plan Rows": 1319751,
                            "Plan Width": 33,
                            "Actual Startup Time": 1910.772,
                            "Actual Total Time": 2198.002,
                            "Actual Rows": 3429018,
                            "Actual Loops": 1,
                            "Plans": [
                              {
                                "Node Type": "Merge Join",
                                "Parent Relationship": "Outer",
                                "Parallel Aware": false,
                                "Join Type": "Inner",
                                "Startup Cost": 101105.56,
                                "Total Cost": 124863.12,
                                "Plan Rows": 1319751,
                                "Plan Width": 33,
                                "Actual Startup Time": 1910.763,
                                "Actual Total Time": 1987.448,
                                "Actual Rows": 286281,
                                "Actual Loops": 1,
                                "Inner Unique": false,
                                "Merge Cond": "(mk.movie_id = ml.movie_id)",
                                "Plans": [
                                  {
                                    "Node Type": "Index Scan",
                                    "Parent Relationship": "Outer",
                                    "Parallel Aware": false,
                                    "Scan Direction": "Forward",
                                    "Index Name": "movie_id_movie_keyword",
                                    "Relation Name": "movie_keyword",
                                    "Alias": "mk",
                                    "Startup Cost": 0.43,
                                    "Total Cost": 177148.48,
                                    "Plan Rows": 4523930,
                                    "Plan Width": 8,
                                    "Actual Startup Time": 0.024,
                                    "Actual Total Time": 18.92,
                                    "Actual Rows": 97855,
                                    "Actual Loops": 1
                                  },
                                  {
                                    "Node Type": "Sort",
                                    "Parent Relationship": "Inner",
                                    "Parallel Aware": false,
                                    "Startup Cost": 101100.27,
                                    "Total Cost": 101171.4,
                                    "Plan Rows": 28453,
                                    "Plan Width": 25,
                                    "Actual Startup Time": 1910.73,
                                    "Actual Total Time": 1924.977,
                                    "Actual Rows": 298844,
                                    "Actual Loops": 1,
                                    "Sort Key": [
                                      "ml.movie_id"
                                    ],
                                    "Sort Method": "quicksort",
                                    "Sort Space Used": 3084,
                                    "Sort Space Type": "Memory",
                                    "Plans": [
                                      {
                                        "Node Type": "Hash Join",
                                        "Parent Relationship": "Outer",
                                        "Parallel Aware": false,
                                        "Join Type": "Inner",
                                        "Startup Cost": 98421.99,
                                        "Total Cost": 98995.27,
                                        "Plan Rows": 28453,
                                        "Plan Width": 25,
                                        "Actual Startup Time": 1882.496,
                                        "Actual Total Time": 1898.375,
                                        "Actual Rows": 29208,
                                        "Actual Loops": 1,
                                        "Inner Unique": true,
                                        "Hash Cond": "(ml.movie_id = t.id)",
                                        "Plans": [
                                          {
                                            "Node Type": "Hash Join",
                                            "Parent Relationship": "Outer",
                                            "Parallel Aware": false,
                                            "Join Type": "Inner",
                                            "Startup Cost": 837.93,
                                            "Total Cost": 1332.47,
                                            "Plan Rows": 29997,
                                            "Plan Width": 4,
                                            "Actual Startup Time": 15.997,
                                            "Actual Total Time": 20.201,
                                            "Actual Rows": 29997,
                                            "Actual Loops": 1,
                                            "Inner Unique": false,
                                            "Hash Cond": "(lt.id = ml.link_type_id)",
                                            "Plans": [
                                              {
                                                "Node Type": "Seq Scan",
                                                "Parent Relationship": "Outer",
                                                "Parallel Aware": false,
                                                "Relation Name": "link_type",
                                                "Alias": "lt",
                                                "Startup Cost": 0.0,
                                                "Total Cost": 1.18,
                                                "Plan Rows": 18,
                                                "Plan Width": 4,
                                                "Actual Startup Time": 0.01,
                                                "Actual Total Time": 0.021,
                                                "Actual Rows": 18,
                                                "Actual Loops": 1
                                              },
                                              {
                                                "Node Type": "Hash",
                                                "Parent Relationship": "Inner",
                                                "Parallel Aware": false,
                                                "Startup Cost": 462.97,
                                                "Total Cost": 462.97,
                                                "Plan Rows": 29997,
                                                "Plan Width": 8,
                                                "Actual Startup Time": 15.727,
                                                "Actual Total Time": 15.728,
                                                "Actual Rows": 29997,
                                                "Actual Loops": 1,
                                                "Hash Buckets": 32768,
                                                "Original Hash Buckets": 32768,
                                                "Hash Batches": 1,
                                                "Original Hash Batches": 1,
                                                "Peak Memory Usage": 1428,
                                                "Plans": [
                                                  {
                                                    "Node Type": "Seq Scan",
                                                    "Parent Relationship": "Outer",
                                                    "Parallel Aware": false,
                                                    "Relation Name": "movie_link",
                                                    "Alias": "ml",
                                                    "Startup Cost": 0.0,
                                                    "Total Cost": 462.97,
                                                    "Plan Rows": 29997,
                                                    "Plan Width": 8,
                                                    "Actual Startup Time": 0.02,
                                                    "Actual Total Time": 9.833,
                                                    "Actual Rows": 29997,
                                                    "Actual Loops": 1
                                                  }
                                                ]
                                              }
                                            ]
                                          },
                                          {
                                            "Node Type": "Hash",
                                            "Parent Relationship": "Inner",
                                            "Parallel Aware": false,
                                            "Startup Cost": 67604.36,
                                            "Total Cost": 67604.36,
                                            "Plan Rows": 2398376,
                                            "Plan Width": 21,
                                            "Actual Startup Time": 1836.231,
                                            "Actual Total Time": 1836.232,
                                            "Actual Rows": 2388876,
                                            "Actual Loops": 1,
                                            "Hash Buckets": 4194304,
                                            "Original Hash Buckets": 4194304,
                                            "Hash Batches": 1,
                                            "Original Hash Batches": 1,
                                            "Peak Memory Usage": 161359,
                                            "Plans": [
                                              {
                                                "Node Type": "Seq Scan",
                                                "Parent Relationship": "Outer",
                                                "Parallel Aware": false,
                                                "Relation Name": "title",
                                                "Alias": "t",
                                                "Startup Cost": 0.0,
                                                "Total Cost": 67604.36,
                                                "Plan Rows": 2398376,
                                                "Plan Width": 21,
                                                "Actual Startup Time": 0.059,
                                                "Actual Total Time": 682.111,
                                                "Actual Rows": 2388876,
                                                "Actual Loops": 1,
                                                "Filter": "(production_year < 2013)",
                                                "Rows Removed by Filter": 139436
                                              }
                                            ]
                                          }
                                        ]
                                      }
                                    ]
                                  }
                                ]
                              }
                            ]
                          }
                        ]
                      },
                      {
                        "Node Type": "Hash",
                        "Parent Relationship": "Inner",
                        "Parallel Aware": false,
                        "Startup Cost": 1.05,
                        "Total Cost": 1.05,
                        "Plan Rows": 3,
                        "Plan Width": 4,
                        "Actual Startup Time": 0.042,
                        "Actual Total Time": 0.043,
                        "Actual Rows": 3,
                        "Actual Loops": 1,
                        "Hash Buckets": 1024,
                        "Original Hash Buckets": 1024,
                        "Hash Batches": 1,
                        "Original Hash Batches": 1,
                        "Peak Memory Usage": 9,
                        "Plans": [
                          {
                            "Node Type": "Seq Scan",
                            "Parent Relationship": "Outer",
                            "Parallel Aware": false,
                            "Relation Name": "company_type",
                            "Alias": "ct",
                            "Startup Cost": 0.0,
                            "Total Cost": 1.05,
                            "Plan Rows": 3,
                            "Plan Width": 4,
                            "Actual Startup Time": 0.027,
                            "Actual Total Time": 0.029,
                            "Actual Rows": 3,
                            "Actual Loops": 1,
                            "Filter": "((kind IS NOT NULL) AND ((kind)::text <> 'production companies'::text))",
                            "Rows Removed by Filter": 1
                          }
                        ]
                      }
                    ]
                  }
                ]
              }
            ]
          },
          {
            "Node Type": "Index Scan",
            "Parent Relationship": "Inner",
            "Parallel Aware": false,
            "Scan Direction": "Forward",
            "Index Name": "company_name_pkey",
            "Relation Name": "company_name",
            "Alias": "cn",
            "Startup Cost": 0.42,
            "Total Cost": 0.46,
            "Plan Rows": 1,
            "Plan Width": 23,
            "Actual Startup Time": 0.001,
            "Actual Total Time": 0.001,
            "Actual Rows": 0,
            "Actual Loops": 14915,
            "Index Cond": "(id = mc.company_id)",
            "Rows Removed by Index Recheck": 0,
            "Filter": "(((country_code)::text <> '[pl]'::text) AND ((name ~~ '20th Century Fox%'::text) OR (name ~~ 'Twentieth Century Fox%'::text)))",
            "Rows Removed by Filter": 1
          }
        ]
      }
    ]
  },
  "Planning Time": 16.265,
  "Triggers": [],
  "Execution Time": 4160.573
}