[
  {
    "Plan": {
      "Node Type": "Aggregate",
      "Strategy": "Plain",
      "Partial Mode": "Finalize",
      "Parallel Aware": false,
      "Startup Cost": 10287.55,
      "Total Cost": 10287.56,
      "Plan Rows": 1,
      "Plan Width": 8,
      "Actual Startup Time": 31.286,
      "Actual Total Time": 34.733,
      "Actual Rows": 1,
      "Actual Loops": 1,
      "Plans": [
        {
          "Node Type": "Gather",
          "Parent Relationship": "Outer",
          "Parallel Aware": false,
          "Startup Cost": 10287.23,
          "Total Cost": 10287.54,
          "Plan Rows": 3,
          "Plan Width": 8,
          "Actual Startup Time": 31.131,
          "Actual Total Time": 34.726,
          "Actual Rows": 4,
          "Actual Loops": 1,
          "Workers Planned": 3,
          "Workers Launched": 3,
          "Single Copy": false,
          "Plans": [
            {
              "Node Type": "Aggregate",
              "Strategy": "Plain",
              "Partial Mode": "Partial",
              "Parent Relationship": "Outer",
              "Parallel Aware": false,
              "Startup Cost": 9287.23,
              "Total Cost": 9287.24,
              "Plan Rows": 1,
              "Plan Width": 8,
              "Actual Startup Time": 27.226,
              "Actual Total Time": 27.227,
              "Actual Rows": 1,
              "Actual Loops": 4,
              "Plans": [
                {
                  "Node Type": "Index Scan",
                  "Parent Relationship": "Outer",
                  "Parallel Aware": true,
                  "Scan Direction": "Forward",
                  "Index Name": "role_id_cast_info",
                  "Relation Name": "cast_info",
                  "Alias": "ci",
                  "Startup Cost": 0.56,
                  "Total Cost": 9091.72,
                  "Plan Rows": 78202,
                  "Plan Width": 0,
                  "Actual Startup Time": 0.136,
                  "Actual Total Time": 22.88,
                  "Actual Rows": 70510,
                  "Actual Loops": 4,
                  "Index Cond": "(role_id > 10)",
                  "Rows Removed by Index Recheck": 0,
                  "Filter": "(person_id > 831225)",
                  "Rows Removed by Filter": 8520
                }
              ]
            }
          ]
        }
      ]
    },
    "Planning Time": 0.128,
    "Triggers": [],
    "Execution Time": 34.769
  }
]