[
  {
    "Plan": {
      "Node Type": "Aggregate",
      "Strategy": "Plain",
      "Partial Mode": "Simple",
      "Parallel Aware": false,
      "Startup Cost": 769754.66,
      "Total Cost": 769754.67,
      "Plan Rows": 1,
      "Plan Width": 64,
      "Actual Startup Time": 2307.643,
      "Actual Total Time": 2490.814,
      "Actual Rows": 1,
      "Actual Loops": 1,
      "Plans": [
        {
          "Node Type": "Gather",
          "Parent Relationship": "Outer",
          "Parallel Aware": false,
          "Startup Cost": 723401.07,
          "Total Cost": 769754.66,
          "Plan Rows": 1,
          "Plan Width": 32,
          "Actual Startup Time": 2216.155,
          "Actual Total Time": 2490.606,
          "Actual Rows": 1260,
          "Actual Loops": 1,
          "Workers Planned": 4,
          "Workers Launched": 4,
          "Single Copy": false,
          "Plans": [
            {
              "Node Type": "Hash Join",
              "Parent Relationship": "Outer",
              "Parallel Aware": true,
              "Join Type": "Inner",
              "Startup Cost": 722401.07,
              "Total Cost": 768754.56,
              "Plan Rows": 1,
              "Plan Width": 32,
              "Actual Startup Time": 2210.998,
              "Actual Total Time": 2295.341,
              "Actual Rows": 252,
              "Actual Loops": 5,
              "Inner Unique": false,
              "Hash Cond": "(t.id = mi.movie_id)",
              "Plans": [
                {
                  "Node Type": "Seq Scan",
                  "Parent Relationship": "Outer",
                  "Parallel Aware": true,
                  "Relation Name": "title",
                  "Alias": "t",
                  "Startup Cost": 0.0,
                  "Total Cost": 45478.74,
                  "Plan Rows": 233263,
                  "Plan Width": 21,
                  "Actual Startup Time": 0.014,
                  "Actual Total Time": 82.586,
                  "Actual Rows": 186239,
                  "Actual Loops": 5,
                  "Filter": "((production_year >= 2002) AND (production_year <= 2010))",
                  "Rows Removed by Filter": 319423
                },
                {
                  "Node Type": "Hash",
                  "Parent Relationship": "Inner",
                  "Parallel Aware": true,
                  "Startup Cost": 722401.06,
                  "Total Cost": 722401.06,
                  "Plan Rows": 1,
                  "Plan Width": 27,
                  "Actual Startup Time": 2197.649,
                  "Actual Total Time": 2197.675,
                  "Actual Rows": 316,
                  "Actual Loops": 5,
                  "Hash Buckets": 1024,
                  "Original Hash Buckets": 1024,
                  "Hash Batches": 1,
                  "Original Hash Batches": 1,
                  "Peak Memory Usage": 168,
                  "Plans": [
                    {
                      "Node Type": "Hash Join",
                      "Parent Relationship": "Outer",
                      "Parallel Aware": true,
                      "Join Type": "Inner",
                      "Startup Cost": 717490.12,
                      "Total Cost": 722401.06,
                      "Plan Rows": 1,
                      "Plan Width": 27,
                      "Actual Startup Time": 2188.795,
                      "Actual Total Time": 2197.523,
                      "Actual Rows": 316,
                      "Actual Loops": 5,
                      "Inner Unique": false,
                      "Hash Cond": "(cn.id = mc.company_id)",
                      "Plans": [
                        {
                          "Node Type": "Seq Scan",
                          "Parent Relationship": "Outer",
                          "Parallel Aware": true,
                          "Relation Name": "company_name",
                          "Alias": "cn",
                          "Startup Cost": 0.0,
                          "Total Cost": 4722.92,
                          "Plan Rows": 50137,
                          "Plan Width": 4,
                          "Actual Startup Time": 0.016,
                          "Actual Total Time": 7.504,
                          "Actual Rows": 16969,
                          "Actual Loops": 5,
                          "Filter": "((country_code)::text = '[us]'::text)",
                          "Rows Removed by Filter": 30031
                        },
                        {
                          "Node Type": "Hash",
                          "Parent Relationship": "Inner",
                          "Parallel Aware": true,
                          "Startup Cost": 717490.1,
                          "Total Cost": 717490.1,
                          "Plan Rows": 1,
                          "Plan Width": 31,
                          "Actual Startup Time": 2188.543,
                          "Actual Total Time": 2188.566,
                          "Actual Rows": 319,
                          "Actual Loops": 5,
                          "Hash Buckets": 1024,
                          "Original Hash Buckets": 1024,
                          "Hash Batches": 1,
                          "Original Hash Batches": 1,
                          "Peak Memory Usage": 200,
                          "Plans": [
                            {
                              "Node Type": "Hash Join",
                              "Parent Relationship": "Outer",
                              "Parallel Aware": true,
                              "Join Type": "Inner",
                              "Startup Cost": 685720.3,
                              "Total Cost": 717490.1,
                              "Plan Rows": 1,
                              "Plan Width": 31,
                              "Actual Startup Time": 2089.694,
                              "Actual Total Time": 2188.42,
                              "Actual Rows": 319,
                              "Actual Loops": 5,
                              "Inner Unique": false,
                              "Hash Cond": "(mc.movie_id = mi.movie_id)",
                              "Plans": [
                                {
                                  "Node Type": "Seq Scan",
                                  "Parent Relationship": "Outer",
                                  "Parallel Aware": true,
                                  "Relation Name": "movie_companies",
                                  "Alias": "mc",
                                  "Startup Cost": 0.0,
                                  "Total Cost": 31414.82,
                                  "Plan Rows": 94659,
                                  "Plan Width": 8,
                                  "Actual Startup Time": 0.026,
                                  "Actual Total Time": 94.753,
                                  "Actual Rows": 118199,
                                  "Actual Loops": 5,
                                  "Filter": "((note IS NOT NULL) AND ((note ~~ '%(USA)%'::text) OR (note ~~ '%(worldwide)%'::text)))",
                                  "Rows Removed by Filter": 403627
                                },
                                {
                                  "Node Type": "Hash",
                                  "Parent Relationship": "Inner",
                                  "Parallel Aware": true,
                                  "Startup Cost": 685720.29,
                                  "Total Cost": 685720.29,
                                  "Plan Rows": 1,
                                  "Plan Width": 23,
                                  "Actual Startup Time": 2083.792,
                                  "Actual Total Time": 2083.812,
                                  "Actual Rows": 250,
                                  "Actual Loops": 5,
                                  "Hash Buckets": 1024,
                                  "Original Hash Buckets": 1024,
                                  "Hash Batches": 1,
                                  "Original Hash Batches": 1,
                                  "Peak Memory Usage": 168,
                                  "Plans": [
                                    {
                                      "Node Type": "Hash Join",
                                      "Parent Relationship": "Outer",
                                      "Parallel Aware": true,
                                      "Join Type": "Inner",
                                      "Startup Cost": 638449.03,
                                      "Total Cost": 685720.29,
                                      "Plan Rows": 1,
                                      "Plan Width": 23,
                                      "Actual Startup Time": 1943.043,
                                      "Actual Total Time": 2083.667,
                                      "Actual Rows": 250,
                                      "Actual Loops": 5,
                                      "Inner Unique": false,
                                      "Hash Cond": "(chn.id = ci.person_role_id)",
                                      "Plans": [
                                        {
                                          "Node Type": "Seq Scan",
                                          "Parent Relationship": "Outer",
                                          "Parallel Aware": true,
                                          "Relation Name": "char_name",
                                          "Alias": "chn",
                                          "Startup Cost": 0.0,
                                          "Total Cost": 44325.46,
                                          "Plan Rows": 785546,
                                          "Plan Width": 4,
                                          "Actual Startup Time": 0.009,
                                          "Actual Total Time": 87.76,
                                          "Actual Rows": 628068,
                                          "Actual Loops": 5
                                        },
                                        {
                                          "Node Type": "Hash",
                                          "Parent Relationship": "Inner",
                                          "Parallel Aware": true,
                                          "Startup Cost": 638449.01,
                                          "Total Cost": 638449.01,
                                          "Plan Rows": 1,
                                          "Plan Width": 27,
                                          "Actual Startup Time": 1942.465,
                                          "Actual Total Time": 1942.481,
                                          "Actual Rows": 260,
                                          "Actual Loops": 5,
                                          "Hash Buckets": 1024,
                                          "Original Hash Buckets": 1024,
                                          "Hash Batches": 1,
                                          "Original Hash Batches": 1,
                                          "Peak Memory Usage": 168,
                                          "Plans": [
                                            {
                                              "Node Type": "Hash Join",
                                              "Parent Relationship": "Outer",
                                              "Parallel Aware": true,
                                              "Join Type": "Inner",
                                              "Startup Cost": 623055.11,
                                              "Total Cost": 638449.01,
                                              "Plan Rows": 1,
                                              "Plan Width": 27,
                                              "Actual Startup Time": 1904.212,
                                              "Actual Total Time": 1942.34,
                                              "Actual Rows": 260,
                                              "Actual Loops": 5,
                                              "Inner Unique": false,
                                              "Hash Cond": "(an.person_id = n.id)",
                                              "Plans": [
                                                {
                                                  "Node Type": "Seq Scan",
                                                  "Parent Relationship": "Outer",
                                                  "Parallel Aware": true,
                                                  "Relation Name": "aka_name",
                                                  "Alias": "an",
                                                  "Startup Cost": 0.0,
                                                  "Total Cost": 14303.56,
                                                  "Plan Rows": 290756,
                                                  "Plan Width": 4,
                                                  "Actual Startup Time": 0.03,
                                                  "Actual Total Time": 27.098,
                                                  "Actual Rows": 180269,
                                                  "Actual Loops": 5
                                                },
                                                {
                                                  "Node Type": "Hash",
                                                  "Parent Relationship": "Inner",
                                                  "Parallel Aware": true,
                                                  "Startup Cost": 623055.1,
                                                  "Total Cost": 623055.1,
                                                  "Plan Rows": 1,
                                                  "Plan Width": 35,
                                                  "Actual Startup Time": 1900.498,
                                                  "Actual Total Time": 1900.511,
                                                  "Actual Rows": 169,
                                                  "Actual Loops": 5,
                                                  "Hash Buckets": 1024,
                                                  "Original Hash Buckets": 1024,
                                                  "Hash Batches": 1,
                                                  "Original Hash Batches": 1,
                                                  "Peak Memory Usage": 168,
                                                  "Plans": [
                                                    {
                                                      "Node Type": "Hash Join",
                                                      "Parent Relationship": "Outer",
                                                      "Parallel Aware": true,
                                                      "Join Type": "Inner",
                                                      "Startup Cost": 416160.29,
                                                      "Total Cost": 623055.1,
                                                      "Plan Rows": 1,
                                                      "Plan Width": 35,
                                                      "Actual Startup Time": 1464.596,
                                                      "Actual Total Time": 1900.309,
                                                      "Actual Rows": 169,
                                                      "Actual Loops": 5,
                                                      "Inner Unique": false,
                                                      "Hash Cond": "(mi.movie_id = ci.movie_id)",
                                                      "Plans": [
                                                        {
                                                          "Node Type": "Hash Join",
                                                          "Parent Relationship": "Outer",
                                                          "Parallel Aware": false,
                                                          "Join Type": "Inner",
                                                          "Startup Cost": 2.43,
                                                          "Total Cost": 206892.59,
                                                          "Plan Rows": 1236,
                                                          "Plan Width": 4,
                                                          "Actual Startup Time": 151.252,
                                                          "Actual Total Time": 581.48,
                                                          "Actual Rows": 90208,
                                                          "Actual Loops": 5,
                                                          "Inner Unique": true,
                                                          "Hash Cond": "(mi.info_type_id = it.id)",
                                                          "Plans": [
                                                            {
                                                              "Node Type": "Seq Scan",
                                                              "Parent Relationship": "Outer",
                                                              "Parallel Aware": true,
                                                              "Relation Name": "movie_info",
                                                              "Alias": "mi",
                                                              "Startup Cost": 0.0,
                                                              "Total Cost": 206509.76,
                                                              "Plan Rows": 139676,
                                                              "Plan Width": 8,
                                                              "Actual Startup Time": 69.44,
                                                              "Actual Total Time": 566.625,
                                                              "Actual Rows": 90221,
                                                              "Actual Loops": 5,
                                                              "Filter": "((info IS NOT NULL) AND ((info ~~ 'Japan:%200%'::text) OR (info ~~ 'USA:%200%'::text)))",
                                                              "Rows Removed by Filter": 2876923
                                                            },
                                                            {
                                                              "Node Type": "Hash",
                                                              "Parent Relationship": "Inner",
                                                              "Parallel Aware": false,
                                                              "Startup Cost": 2.41,
                                                              "Total Cost": 2.41,
                                                              "Plan Rows": 1,
                                                              "Plan Width": 4,
                                                              "Actual Startup Time": 0.05,
                                                              "Actual Total Time": 0.051,
                                                              "Actual Rows": 1,
                                                              "Actual Loops": 5,
                                                              "Hash Buckets": 1024,
                                                              "Original Hash Buckets": 1024,
                                                              "Hash Batches": 1,
                                                              "Original Hash Batches": 1,
                                                              "Peak Memory Usage": 9,
                                                              "Plans": [
                                                                {
                                                                  "Node Type": "Seq Scan",
                                                                  "Parent Relationship": "Outer",
                                                                  "Parallel Aware": false,
                                                                  "Relation Name": "info_type",
                                                                  "Alias": "it",
                                                                  "Startup Cost": 0.0,
                                                                  "Total Cost": 2.41,
                                                                  "Plan Rows": 1,
                                                                  "Plan Width": 4,
                                                                  "Actual Startup Time": 0.036,
                                                                  "Actual Total Time": 0.043,
                                                                  "Actual Rows": 1,
                                                                  "Actual Loops": 5,
                                                                  "Filter": "((info)::text = 'release dates'::text)",
                                                                  "Rows Removed by Filter": 112
                                                                }
                                                              ]
                                                            }
                                                          ]
                                                        },
                                                        {
                                                          "Node Type": "Hash",
                                                          "Parent Relationship": "Inner",
                                                          "Parallel Aware": true,
                                                          "Startup Cost": 416157.85,
                                                          "Total Cost": 416157.85,
                                                          "Plan Rows": 1,
                                                          "Plan Width": 31,
                                                          "Actual Startup Time": 1307.427,
                                                          "Actual Total Time": 1307.434,
                                                          "Actual Rows": 338,
                                                          "Actual Loops": 5,
                                                          "Hash Buckets": 1024,
                                                          "Original Hash Buckets": 1024,
                                                          "Hash Batches": 1,
                                                          "Original Hash Batches": 1,
                                                          "Peak Memory Usage": 168,
                                                          "Plans": [
                                                            {
                                                              "Node Type": "Hash Join",
                                                              "Parent Relationship": "Outer",
                                                              "Parallel Aware": false,
                                                              "Join Type": "Inner",
                                                              "Startup Cost": 71241.56,
                                                              "Total Cost": 416157.85,
                                                              "Plan Rows": 1,
                                                              "Plan Width": 31,
                                                              "Actual Startup Time": 582.181,
                                                              "Actual Total Time": 1307.156,
                                                              "Actual Rows": 338,
                                                              "Actual Loops": 5,
                                                              "Inner Unique": true,
                                                              "Hash Cond": "(ci.role_id = rt.id)",
                                                              "Plans": [
                                                                {
                                                                  "Node Type": "Hash Join",
                                                                  "Parent Relationship": "Outer",
                                                                  "Parallel Aware": true,
                                                                  "Join Type": "Inner",
                                                                  "Startup Cost": 71240.4,
                                                                  "Total Cost": 416156.64,
                                                                  "Plan Rows": 14,
                                                                  "Plan Width": 35,
                                                                  "Actual Startup Time": 582.022,
                                                                  "Actual Total Time": 1306.88,
                                                                  "Actual Rows": 565,
                                                                  "Actual Loops": 5,
                                                                  "Inner Unique": true,
                                                                  "Hash Cond": "(ci.person_id = n.id)",
                                                                  "Plans": [
                                                                    {
                                                                      "Node Type": "Seq Scan",
                                                                      "Parent Relationship": "Outer",
                                                                      "Parallel Aware": true,
                                                                      "Relation Name": "cast_info",
                                                                      "Alias": "ci",
                                                                      "Startup Cost": 0.0,
                                                                      "Total Cost": 343259.37,
                                                                      "Plan Rows": 631189,
                                                                      "Plan Width": 16,
                                                                      "Actual Startup Time": 0.04,
                                                                      "Actual Total Time": 1006.642,
                                                                      "Actual Rows": 752964,
                                                                      "Actual Loops": 5,
                                                                      "Filter": "(note = ANY ('{(voice),\"(executive producer)\",(producer),(uncredited)}'::text[]))",
                                                                      "Rows Removed by Filter": 6495905
                                                                    },
                                                                    {
                                                                      "Node Type": "Hash",
                                                                      "Parent Relationship": "Inner",
                                                                      "Parallel Aware": true,
                                                                      "Startup Cost": 71240.1,
                                                                      "Total Cost": 71240.1,
                                                                      "Plan Rows": 24,
                                                                      "Plan Width": 19,
                                                                      "Actual Startup Time": 239.403,
                                                                      "Actual Total Time": 239.404,
                                                                      "Actual Rows": 1014,
                                                                      "Actual Loops": 5,
                                                                      "Hash Buckets": 8192,
                                                                      "Original Hash Buckets": 1024,
                                                                      "Hash Batches": 1,
                                                                      "Original Hash Batches": 1,
                                                                      "Peak Memory Usage": 536,
                                                                      "Plans": [
                                                                        {
                                                                          "Node Type": "Seq Scan",
                                                                          "Parent Relationship": "Outer",
                                                                          "Parallel Aware": true,
                                                                          "Relation Name": "name",
                                                                          "Alias": "n",
                                                                          "Startup Cost": 0.0,
                                                                          "Total Cost": 71240.1,
                                                                          "Plan Rows": 24,
                                                                          "Plan Width": 19,
                                                                          "Actual Startup Time": 87.292,
                                                                          "Actual Total Time": 193.006,
                                                                          "Actual Rows": 1014,
                                                                          "Actual Loops": 5,
                                                                          "Filter": "((name ~~ '%ten%'::text) AND ((gender)::text = 'f'::text))",
                                                                          "Rows Removed by Filter": 832484
                                                                        }
                                                                      ]
                                                                    }
                                                                  ]
                                                                },
                                                                {
                                                                  "Node Type": "Hash",
                                                                  "Parent Relationship": "Inner",
                                                                  "Parallel Aware": false,
                                                                  "Startup Cost": 1.15,
                                                                  "Total Cost": 1.15,
                                                                  "Plan Rows": 1,
                                                                  "Plan Width": 4,
                                                                  "Actual Startup Time": 0.104,
                                                                  "Actual Total Time": 0.105,
                                                                  "Actual Rows": 1,
                                                                  "Actual Loops": 5,
                                                                  "Hash Buckets": 1024,
                                                                  "Original Hash Buckets": 1024,
                                                                  "Hash Batches": 1,
                                                                  "Original Hash Batches": 1,
                                                                  "Peak Memory Usage": 9,
                                                                  "Plans": [
                                                                    {
                                                                      "Node Type": "Seq Scan",
                                                                      "Parent Relationship": "Outer",
                                                                      "Parallel Aware": false,
                                                                      "Relation Name": "role_type",
                                                                      "Alias": "rt",
                                                                      "Startup Cost": 0.0,
                                                                      "Total Cost": 1.15,
                                                                      "Plan Rows": 1,
                                                                      "Plan Width": 4,
                                                                      "Actual Startup Time": 0.075,
                                                                      "Actual Total Time": 0.079,
                                                                      "Actual Rows": 1,
                                                                      "Actual Loops": 5,
                                                                      "Filter": "((role)::text = 'actress'::text)",
                                                                      "Rows Removed by Filter": 11
                                                                    }
                                                                  ]
                                                                }
                                                              ]
                                                            }
                                                          ]
                                                        }
                                                      ]
                                                    }
                                                  ]
                                                }
                                              ]
                                            }
                                          ]
                                        }
                                      ]
                                    }
                                  ]
                                }
                              ]
                            }
                          ]
                        }
                      ]
                    }
                  ]
                }
              ]
            }
          ]
        }
      ]
    },
    "Planning Time": 42.895,
    "Triggers": [],
    "Execution Time": 2491.368
  }
]