[
  {
    "Plan": {
      "Node Type": "Aggregate",
      "Strategy": "Plain",
      "Partial Mode": "Finalize",
      "Parallel Aware": false,
      "Startup Cost": 393190.97,
      "Total Cost": 393190.98,
      "Plan Rows": 1,
      "Plan Width": 8,
      "Actual Startup Time": 880.314,
      "Actual Total Time": 950.107,
      "Actual Rows": 1,
      "Actual Loops": 1,
      "Plans": [
        {
          "Node Type": "Gather",
          "Parent Relationship": "Outer",
          "Parallel Aware": false,
          "Startup Cost": 393190.35,
          "Total Cost": 393190.96,
          "Plan Rows": 6,
          "Plan Width": 8,
          "Actual Startup Time": 876.55,
          "Actual Total Time": 950.09,
          "Actual Rows": 7,
          "Actual Loops": 1,
          "Workers Planned": 6,
          "Workers Launched": 6,
          "Single Copy": false,
          "Plans": [
            {
              "Node Type": "Aggregate",
              "Strategy": "Plain",
              "Partial Mode": "Partial",
              "Parent Relationship": "Outer",
              "Parallel Aware": false,
              "Startup Cost": 392190.35,
              "Total Cost": 392190.36,
              "Plan Rows": 1,
              "Plan Width": 8,
              "Actual Startup Time": 865.717,
              "Actual Total Time": 865.723,
              "Actual Rows": 1,
              "Actual Loops": 7,
              "Plans": [
                {
                  "Node Type": "Hash Join",
                  "Parent Relationship": "Outer",
                  "Parallel Aware": true,
                  "Join Type": "Inner",
                  "Startup Cost": 45209.38,
                  "Total Cost": 391690.58,
                  "Plan Rows": 199906,
                  "Plan Width": 0,
                  "Actual Startup Time": 416.744,
                  "Actual Total Time": 862.375,
                  "Actual Rows": 64510,
                  "Actual Loops": 7,
                  "Inner Unique": true,
                  "Hash Cond": "(ci.movie_id = t.id)",
                  "Plans": [
                    {
                      "Node Type": "Seq Scan",
                      "Parent Relationship": "Outer",
                      "Parallel Aware": true,
                      "Relation Name": "cast_info",
                      "Alias": "ci",
                      "Startup Cost": 0.0,
                      "Total Cost": 343316.27,
                      "Plan Rows": 1205686,
                      "Plan Width": 4,
                      "Actual Startup Time": 218.69,
                      "Actual Total Time": 638.717,
                      "Actual Rows": 448402,
                      "Actual Loops": 7,
                      "Filter": "((person_id < 1101996) AND (role_id > 1))",
                      "Rows Removed by Filter": 4729362
                    },
                    {
                      "Node Type": "Hash",
                      "Parent Relationship": "Inner",
                      "Parallel Aware": true,
                      "Startup Cost": 43899.32,
                      "Total Cost": 43899.32,
                      "Plan Rows": 104805,
                      "Plan Width": 4,
                      "Actual Startup Time": 109.85,
                      "Actual Total Time": 109.851,
                      "Actual Rows": 62502,
                      "Actual Loops": 7,
                      "Hash Buckets": 524288,
                      "Original Hash Buckets": 524288,
                      "Hash Batches": 1,
                      "Original Hash Batches": 1,
                      "Peak Memory Usage": 21312,
                      "Plans": [
                        {
                          "Node Type": "Seq Scan",
                          "Parent Relationship": "Outer",
                          "Parallel Aware": true,
                          "Relation Name": "title",
                          "Alias": "t",
                          "Startup Cost": 0.0,
                          "Total Cost": 43899.32,
                          "Plan Rows": 104805,
                          "Plan Width": 4,
                          "Actual Startup Time": 0.062,
                          "Actual Total Time": 80.281,
                          "Actual Rows": 62502,
                          "Actual Loops": 7,
                          "Filter": "(production_year < 1975)",
                          "Rows Removed by Filter": 298685
                        }
                      ]
                    }
                  ]
                }
              ]
            }
          ]
        }
      ]
    },
    "Planning Time": 0.644,
    "Triggers": [],
    "Execution Time": 950.195
  }
]