[
  {
    "Plan": {
      "Node Type": "Aggregate",
      "Strategy": "Plain",
      "Partial Mode": "Simple",
      "Parallel Aware": false,
      "Startup Cost": 16794.71,
      "Total Cost": 16794.72,
      "Plan Rows": 1,
      "Plan Width": 8,
      "Actual Startup Time": 11.565,
      "Actual Total Time": 11.566,
      "Actual Rows": 1,
      "Actual Loops": 1,
      "Plans": [
        {
          "Node Type": "Bitmap Heap Scan",
          "Parent Relationship": "Outer",
          "Parallel Aware": false,
          "Relation Name": "movie_companies",
          "Alias": "mc",
          "Startup Cost": 222.66,
          "Total Cost": 16782.16,
          "Plan Rows": 5018,
          "Plan Width": 0,
          "Actual Startup Time": 2.433,
          "Actual Total Time": 11.132,
          "Actual Rows": 7120,
          "Actual Loops": 1,
          "Recheck Cond": "(company_id = 2561)",
          "Rows Removed by Index Recheck": 0,
          "Filter": "(company_type_id < 2)",
          "Rows Removed by Filter": 3040,
          "Exact Heap Blocks": 5416,
          "Lossy Heap Blocks": 0,
          "Plans": [
            {
              "Node Type": "Bitmap Index Scan",
              "Parent Relationship": "Outer",
              "Parallel Aware": false,
              "Index Name": "company_id_movie_companies",
              "Startup Cost": 0.0,
              "Total Cost": 221.4,
              "Plan Rows": 10263,
              "Plan Width": 0,
              "Actual Startup Time": 1.626,
              "Actual Total Time": 1.626,
              "Actual Rows": 10160,
              "Actual Loops": 1,
              "Index Cond": "(company_id = 2561)"
            }
          ]
        }
      ]
    },
    "Planning Time": 0.206,
    "Triggers": [],
    "Execution Time": 11.625
  }
]