{
  "Plan": {
    "Node Type": "Aggregate",
    "Strategy": "Plain",
    "Partial Mode": "Finalize",
    "Parallel Aware": false,
    "Startup Cost": 695012.97,
    "Total Cost": 695012.98,
    "Plan Rows": 1,
    "Plan Width": 8,
    "Actual Startup Time": 5023.488,
    "Actual Total Time": 5089.644,
    "Actual Rows": 1,
    "Actual Loops": 1,
    "Plans": [
      {
        "Node Type": "Gather",
        "Parent Relationship": "Outer",
        "Parallel Aware": false,
        "Startup Cost": 695012.85,
        "Total Cost": 695012.96,
        "Plan Rows": 1,
        "Plan Width": 8,
        "Actual Startup Time": 5008.759,
        "Actual Total Time": 5089.634,
        "Actual Rows": 2,
        "Actual Loops": 1,
        "Workers Planned": 1,
        "Workers Launched": 1,
        "Single Copy": false,
        "Plans": [
          {
            "Node Type": "Aggregate",
            "Strategy": "Plain",
            "Partial Mode": "Partial",
            "Parent Relationship": "Outer",
            "Parallel Aware": false,
            "Startup Cost": 694012.85,
            "Total Cost": 694012.86,
            "Plan Rows": 1,
            "Plan Width": 8,
            "Actual Startup Time": 4981.988,
            "Actual Total Time": 4984.234,
            "Actual Rows": 1,
            "Actual Loops": 2,
            "Plans": [
              {
                "Node Type": "Hash Join",
                "Parent Relationship": "Outer",
                "Parallel Aware": true,
                "Join Type": "Inner",
                "Startup Cost": 545363.26,
                "Total Cost": 671853.41,
                "Plan Rows": 8863778,
                "Plan Width": 0,
                "Actual Startup Time": 3120.615,
                "Actual Total Time": 4449.401,
                "Actual Rows": 12702016,
                "Actual Loops": 2,
                "Inner Unique": false,
                "Hash Cond": "(mk.movie_id = t.id)",
                "Plans": [
                  {
                    "Node Type": "Seq Scan",
                    "Parent Relationship": "Outer",
                    "Parallel Aware": true,
                    "Relation Name": "movie_keyword",
                    "Alias": "mk",
                    "Startup Cost": 0.0,
                    "Total Cost": 51065.35,
                    "Plan Rows": 2661135,
                    "Plan Width": 4,
                    "Actual Startup Time": 0.016,
                    "Actual Total Time": 156.477,
                    "Actual Rows": 2261965,
                    "Actual Loops": 2
                  },
                  {
                    "Node Type": "Hash",
                    "Parent Relationship": "Inner",
                    "Parallel Aware": true,
                    "Startup Cost": 483441.91,
                    "Total Cost": 483441.91,
                    "Plan Rows": 4953708,
                    "Plan Width": 8,
                    "Actual Startup Time": 3064.87,
                    "Actual Total Time": 3067.114,
                    "Actual Rows": 2085188,
                    "Actual Loops": 2,
                    "Hash Buckets": 16777216,
                    "Original Hash Buckets": 16777216,
                    "Hash Batches": 1,
                    "Original Hash Batches": 1,
                    "Peak Memory Usage": 294240,
                    "Plans": [
                      {
                        "Node Type": "Hash Join",
                        "Parent Relationship": "Outer",
                        "Parallel Aware": true,
                        "Join Type": "Inner",
                        "Startup Cost": 69461.26,
                        "Total Cost": 483441.91,
                        "Plan Rows": 4953708,
                        "Plan Width": 8,
                        "Actual Startup Time": 1013.806,
                        "Actual Total Time": 2336.227,
                        "Actual Rows": 2085188,
                        "Actual Loops": 2,
                        "Inner Unique": true,
                        "Hash Cond": "(ci.movie_id = t.id)",
                        "Plans": [
                          {
                            "Node Type": "Index Scan",
                            "Parent Relationship": "Outer",
                            "Parallel Aware": true,
                            "Scan Direction": "Forward",
                            "Index Name": "role_id_cast_info",
                            "Relation Name": "cast_info",
                            "Alias": "ci",
                            "Startup Cost": 0.56,
                            "Total Cost": 400977.7,
                            "Plan Rows": 4953708,
                            "Plan Width": 4,
                            "Actual Startup Time": 505.149,
                            "Actual Total Time": 870.425,
                            "Actual Rows": 2085188,
                            "Actual Loops": 2,
                            "Index Cond": "(role_id = 1)",
                            "Rows Removed by Index Recheck": 0,
                            "Filter": "(person_id > 1157639)",
                            "Rows Removed by Filter": 4250156
                          },
                          {
                            "Node Type": "Hash",
                            "Parent Relationship": "Inner",
                            "Parallel Aware": true,
                            "Startup Cost": 50870.31,
                            "Total Cost": 50870.31,
                            "Plan Rows": 1487231,
                            "Plan Width": 4,
                            "Actual Startup Time": 497.842,
                            "Actual Total Time": 497.842,
                            "Actual Rows": 1264156,
                            "Actual Loops": 2,
                            "Hash Buckets": 4194304,
                            "Original Hash Buckets": 4194304,
                            "Hash Batches": 1,
                            "Original Hash Batches": 1,
                            "Peak Memory Usage": 131712,
                            "Plans": [
                              {
                                "Node Type": "Seq Scan",
                                "Parent Relationship": "Outer",
                                "Parallel Aware": true,
                                "Relation Name": "title",
                                "Alias": "t",
                                "Startup Cost": 0.0,
                                "Total Cost": 50870.31,
                                "Plan Rows": 1487231,
                                "Plan Width": 4,
                                "Actual Startup Time": 0.039,
                                "Actual Total Time": 154.655,
                                "Actual Rows": 1264156,
                                "Actual Loops": 2
                              }
                            ]
                          }
                        ]
                      }
                    ]
                  }
                ]
              }
            ]
          }
        ]
      }
    ]
  },
  "Planning Time": 1.07,
  "Triggers": [],
  "Execution Time": 5089.738
}