[
  {
    "Plan": {
      "Node Type": "Aggregate",
      "Strategy": "Plain",
      "Partial Mode": "Simple",
      "Parallel Aware": false,
      "Startup Cost": 27229.06,
      "Total Cost": 27229.07,
      "Plan Rows": 1,
      "Plan Width": 8,
      "Actual Startup Time": 61.758,
      "Actual Total Time": 61.76,
      "Actual Rows": 1,
      "Actual Loops": 1,
      "Plans": [
        {
          "Node Type": "Bitmap Heap Scan",
          "Parent Relationship": "Outer",
          "Parallel Aware": false,
          "Relation Name": "movie_keyword",
          "Alias": "mk",
          "Startup Cost": 1626.07,
          "Total Cost": 27037.56,
          "Plan Rows": 76599,
          "Plan Width": 0,
          "Actual Startup Time": 20.334,
          "Actual Total Time": 57.222,
          "Actual Rows": 76420,
          "Actual Loops": 1,
          "Recheck Cond": "(keyword_id > 88888)",
          "Rows Removed by Index Recheck": 0,
          "Exact Heap Blocks": 15518,
          "Lossy Heap Blocks": 0,
          "Plans": [
            {
              "Node Type": "Bitmap Index Scan",
              "Parent Relationship": "Outer",
              "Parallel Aware": false,
              "Index Name": "keyword_id_movie_keyword",
              "Startup Cost": 0.0,
              "Total Cost": 1606.92,
              "Plan Rows": 76599,
              "Plan Width": 0,
              "Actual Startup Time": 14.861,
              "Actual Total Time": 14.862,
              "Actual Rows": 76420,
              "Actual Loops": 1,
              "Index Cond": "(keyword_id > 88888)"
            }
          ]
        }
      ]
    },
    "Planning Time": 0.179,
    "Triggers": [],
    "Execution Time": 61.824
  }
]