[
  {
    "Plan": {
      "Node Type": "Aggregate",
      "Strategy": "Plain",
      "Partial Mode": "Finalize",
      "Parallel Aware": false,
      "Startup Cost": 349851.28,
      "Total Cost": 349851.29,
      "Plan Rows": 1,
      "Plan Width": 8,
      "Actual Startup Time": 726.344,
      "Actual Total Time": 784.97,
      "Actual Rows": 1,
      "Actual Loops": 1,
      "Plans": [
        {
          "Node Type": "Gather",
          "Parent Relationship": "Outer",
          "Parallel Aware": false,
          "Startup Cost": 349850.66,
          "Total Cost": 349851.27,
          "Plan Rows": 6,
          "Plan Width": 8,
          "Actual Startup Time": 726.233,
          "Actual Total Time": 784.959,
          "Actual Rows": 7,
          "Actual Loops": 1,
          "Workers Planned": 6,
          "Workers Launched": 6,
          "Single Copy": false,
          "Plans": [
            {
              "Node Type": "Aggregate",
              "Strategy": "Plain",
              "Partial Mode": "Partial",
              "Parent Relationship": "Outer",
              "Parallel Aware": false,
              "Startup Cost": 348850.66,
              "Total Cost": 348850.67,
              "Plan Rows": 1,
              "Plan Width": 8,
              "Actual Startup Time": 716.561,
              "Actual Total Time": 716.562,
              "Actual Rows": 1,
              "Actual Loops": 7,
              "Plans": [
                {
                  "Node Type": "Seq Scan",
                  "Parent Relationship": "Outer",
                  "Parallel Aware": true,
                  "Relation Name": "cast_info",
                  "Alias": "ci",
                  "Startup Cost": 0.0,
                  "Total Cost": 343257.03,
                  "Plan Rows": 2237451,
                  "Plan Width": 0,
                  "Actual Startup Time": 148.715,
                  "Actual Total Time": 647.349,
                  "Actual Rows": 1665406,
                  "Actual Loops": 7,
                  "Filter": "((person_id > 1151970) AND (role_id < 3))",
                  "Rows Removed by Filter": 3512358
                }
              ]
            }
          ]
        }
      ]
    },
    "Planning Time": 0.234,
    "Triggers": [],
    "Execution Time": 785.045
  }
]