{
  "Plan": {
    "Node Type": "Aggregate",
    "Strategy": "Plain",
    "Partial Mode": "Finalize",
    "Parallel Aware": false,
    "Startup Cost": 359455.41,
    "Total Cost": 359455.42,
    "Plan Rows": 1,
    "Plan Width": 8,
    "Actual Startup Time": 2306.85,
    "Actual Total Time": 2356.745,
    "Actual Rows": 1,
    "Actual Loops": 1,
    "Plans": [
      {
        "Node Type": "Gather",
        "Parent Relationship": "Outer",
        "Parallel Aware": false,
        "Startup Cost": 359455.3,
        "Total Cost": 359455.41,
        "Plan Rows": 1,
        "Plan Width": 8,
        "Actual Startup Time": 2303.297,
        "Actual Total Time": 2356.736,
        "Actual Rows": 2,
        "Actual Loops": 1,
        "Workers Planned": 1,
        "Workers Launched": 1,
        "Single Copy": false,
        "Plans": [
          {
            "Node Type": "Aggregate",
            "Strategy": "Plain",
            "Partial Mode": "Partial",
            "Parent Relationship": "Outer",
            "Parallel Aware": false,
            "Startup Cost": 358455.3,
            "Total Cost": 358455.31,
            "Plan Rows": 1,
            "Plan Width": 8,
            "Actual Startup Time": 2297.739,
            "Actual Total Time": 2297.742,
            "Actual Rows": 1,
            "Actual Loops": 2,
            "Plans": [
              {
                "Node Type": "Hash Join",
                "Parent Relationship": "Outer",
                "Parallel Aware": true,
                "Join Type": "Inner",
                "Startup Cost": 67565.44,
                "Total Cost": 351958.51,
                "Plan Rows": 2598715,
                "Plan Width": 0,
                "Actual Startup Time": 401.21,
                "Actual Total Time": 2267.484,
                "Actual Rows": 625457,
                "Actual Loops": 2,
                "Inner Unique": true,
                "Hash Cond": "(mi.movie_id = t.id)",
                "Plans": [
                  {
                    "Node Type": "Seq Scan",
                    "Parent Relationship": "Outer",
                    "Parallel Aware": true,
                    "Relation Name": "movie_info",
                    "Alias": "mi",
                    "Startup Cost": 0.0,
                    "Total Cost": 270696.42,
                    "Plan Rows": 5217764,
                    "Plan Width": 4,
                    "Actual Startup Time": 0.013,
                    "Actual Total Time": 839.698,
                    "Actual Rows": 4483347,
                    "Actual Loops": 2,
                    "Filter": "(info_type_id < 15)",
                    "Rows Removed by Filter": 2934513
                  },
                  {
                    "Node Type": "Hash",
                    "Parent Relationship": "Inner",
                    "Parallel Aware": true,
                    "Startup Cost": 58306.47,
                    "Total Cost": 58306.47,
                    "Plan Rows": 740718,
                    "Plan Width": 4,
                    "Actual Startup Time": 389.245,
                    "Actual Total Time": 389.245,
                    "Actual Rows": 670308,
                    "Actual Loops": 2,
                    "Hash Buckets": 2097152,
                    "Original Hash Buckets": 2097152,
                    "Hash Batches": 1,
                    "Original Hash Batches": 1,
                    "Peak Memory Usage": 68864,
                    "Plans": [
                      {
                        "Node Type": "Seq Scan",
                        "Parent Relationship": "Outer",
                        "Parallel Aware": true,
                        "Relation Name": "title",
                        "Alias": "t",
                        "Startup Cost": 0.0,
                        "Total Cost": 58306.47,
                        "Plan Rows": 740718,
                        "Plan Width": 4,
                        "Actual Startup Time": 0.03,
                        "Actual Total Time": 196.226,
                        "Actual Rows": 670308,
                        "Actual Loops": 2,
                        "Filter": "((production_year > 1971) AND (kind_id = 7))",
                        "Rows Removed by Filter": 593848
                      }
                    ]
                  }
                ]
              }
            ]
          }
        ]
      }
    ]
  },
  "Planning Time": 0.434,
  "Triggers": [],
  "Execution Time": 2356.799
}