[
  {
    "Plan": {
      "Node Type": "Aggregate",
      "Strategy": "Plain",
      "Partial Mode": "Finalize",
      "Parallel Aware": false,
      "Startup Cost": 333765.7,
      "Total Cost": 333765.71,
      "Plan Rows": 1,
      "Plan Width": 8,
      "Actual Startup Time": 746.006,
      "Actual Total Time": 817.218,
      "Actual Rows": 1,
      "Actual Loops": 1,
      "Plans": [
        {
          "Node Type": "Gather",
          "Parent Relationship": "Outer",
          "Parallel Aware": false,
          "Startup Cost": 333765.08,
          "Total Cost": 333765.69,
          "Plan Rows": 6,
          "Plan Width": 8,
          "Actual Startup Time": 745.796,
          "Actual Total Time": 817.198,
          "Actual Rows": 7,
          "Actual Loops": 1,
          "Workers Planned": 6,
          "Workers Launched": 6,
          "Single Copy": false,
          "Plans": [
            {
              "Node Type": "Aggregate",
              "Strategy": "Plain",
              "Partial Mode": "Partial",
              "Parent Relationship": "Outer",
              "Parallel Aware": false,
              "Startup Cost": 332765.08,
              "Total Cost": 332765.09,
              "Plan Rows": 1,
              "Plan Width": 8,
              "Actual Startup Time": 734.908,
              "Actual Total Time": 734.909,
              "Actual Rows": 1,
              "Actual Loops": 7,
              "Plans": [
                {
                  "Node Type": "Seq Scan",
                  "Parent Relationship": "Outer",
                  "Parallel Aware": true,
                  "Relation Name": "cast_info",
                  "Alias": "ci",
                  "Startup Cost": 0.0,
                  "Total Cost": 328211.39,
                  "Plan Rows": 1821474,
                  "Plan Width": 0,
                  "Actual Startup Time": 0.072,
                  "Actual Total Time": 657.563,
                  "Actual Rows": 1572709,
                  "Actual Loops": 7,
                  "Filter": "(person_id < 1081210)",
                  "Rows Removed by Filter": 3605054
                }
              ]
            }
          ]
        }
      ]
    },
    "Planning Time": 0.202,
    "Triggers": [],
    "Execution Time": 817.293
  }
]