[
  {
    "Plan": {
      "Node Type": "Aggregate",
      "Strategy": "Plain",
      "Partial Mode": "Finalize",
      "Parallel Aware": false,
      "Startup Cost": 56619.41,
      "Total Cost": 56619.42,
      "Plan Rows": 1,
      "Plan Width": 8,
      "Actual Startup Time": 68.659,
      "Actual Total Time": 75.408,
      "Actual Rows": 1,
      "Actual Loops": 1,
      "Plans": [
        {
          "Node Type": "Gather",
          "Parent Relationship": "Outer",
          "Parallel Aware": false,
          "Startup Cost": 56618.99,
          "Total Cost": 56619.4,
          "Plan Rows": 4,
          "Plan Width": 8,
          "Actual Startup Time": 68.457,
          "Actual Total Time": 75.4,
          "Actual Rows": 5,
          "Actual Loops": 1,
          "Workers Planned": 4,
          "Workers Launched": 4,
          "Single Copy": false,
          "Plans": [
            {
              "Node Type": "Aggregate",
              "Strategy": "Plain",
              "Partial Mode": "Partial",
              "Parent Relationship": "Outer",
              "Parallel Aware": false,
              "Startup Cost": 55618.99,
              "Total Cost": 55619.0,
              "Plan Rows": 1,
              "Plan Width": 8,
              "Actual Startup Time": 58.27,
              "Actual Total Time": 58.271,
              "Actual Rows": 1,
              "Actual Loops": 5,
              "Plans": [
                {
                  "Node Type": "Nested Loop",
                  "Parent Relationship": "Outer",
                  "Parallel Aware": false,
                  "Join Type": "Inner",
                  "Startup Cost": 1824.82,
                  "Total Cost": 55617.34,
                  "Plan Rows": 658,
                  "Plan Width": 0,
                  "Actual Startup Time": 14.995,
                  "Actual Total Time": 58.106,
                  "Actual Rows": 961,
                  "Actual Loops": 5,
                  "Inner Unique": false,
                  "Plans": [
                    {
                      "Node Type": "Bitmap Heap Scan",
                      "Parent Relationship": "Outer",
                      "Parallel Aware": true,
                      "Relation Name": "title",
                      "Alias": "t",
                      "Startup Cost": 1824.39,
                      "Total Cost": 38205.74,
                      "Plan Rows": 1256,
                      "Plan Width": 4,
                      "Actual Startup Time": 14.235,
                      "Actual Total Time": 41.334,
                      "Actual Rows": 828,
                      "Actual Loops": 5,
                      "Recheck Cond": "(kind_id = 3)",
                      "Rows Removed by Index Recheck": 0,
                      "Filter": "(production_year = 2007)",
                      "Rows Removed by Filter": 19280,
                      "Exact Heap Blocks": 6966,
                      "Lossy Heap Blocks": 0,
                      "Plans": [
                        {
                          "Node Type": "Bitmap Index Scan",
                          "Parent Relationship": "Outer",
                          "Parallel Aware": false,
                          "Index Name": "kind_id_title",
                          "Startup Cost": 0.0,
                          "Total Cost": 1823.13,
                          "Plan Rows": 102227,
                          "Plan Width": 0,
                          "Actual Startup Time": 19.357,
                          "Actual Total Time": 19.357,
                          "Actual Rows": 100537,
                          "Actual Loops": 1,
                          "Index Cond": "(kind_id = 3)"
                        }
                      ]
                    },
                    {
                      "Node Type": "Index Scan",
                      "Parent Relationship": "Inner",
                      "Parallel Aware": false,
                      "Scan Direction": "Forward",
                      "Index Name": "movie_id_movie_companies",
                      "Relation Name": "movie_companies",
                      "Alias": "mc",
                      "Startup Cost": 0.43,
                      "Total Cost": 13.83,
                      "Plan Rows": 3,
                      "Plan Width": 4,
                      "Actual Startup Time": 0.019,
                      "Actual Total Time": 0.019,
                      "Actual Rows": 1,
                      "Actual Loops": 4138,
                      "Index Cond": "(movie_id = t.id)",
                      "Rows Removed by Index Recheck": 0,
                      "Filter": "(company_type_id = 2)",
                      "Rows Removed by Filter": 1
                    }
                  ]
                }
              ]
            }
          ]
        }
      ]
    },
    "Planning Time": 0.741,
    "Triggers": [],
    "Execution Time": 75.504
  }
]