[
  {
    "Plan": {
      "Node Type": "Aggregate",
      "Strategy": "Plain",
      "Partial Mode": "Finalize",
      "Parallel Aware": false,
      "Startup Cost": 46436.63,
      "Total Cost": 46436.64,
      "Plan Rows": 1,
      "Plan Width": 8,
      "Actual Startup Time": 198.925,
      "Actual Total Time": 208.845,
      "Actual Rows": 1,
      "Actual Loops": 1,
      "Plans": [
        {
          "Node Type": "Gather",
          "Parent Relationship": "Outer",
          "Parallel Aware": false,
          "Startup Cost": 46436.31,
          "Total Cost": 46436.62,
          "Plan Rows": 3,
          "Plan Width": 8,
          "Actual Startup Time": 198.646,
          "Actual Total Time": 208.835,
          "Actual Rows": 4,
          "Actual Loops": 1,
          "Workers Planned": 3,
          "Workers Launched": 3,
          "Single Copy": false,
          "Plans": [
            {
              "Node Type": "Aggregate",
              "Strategy": "Plain",
              "Partial Mode": "Partial",
              "Parent Relationship": "Outer",
              "Parallel Aware": false,
              "Startup Cost": 45436.31,
              "Total Cost": 45436.32,
              "Plan Rows": 1,
              "Plan Width": 8,
              "Actual Startup Time": 193.256,
              "Actual Total Time": 193.258,
              "Actual Rows": 1,
              "Actual Loops": 4,
              "Plans": [
                {
                  "Node Type": "Seq Scan",
                  "Parent Relationship": "Outer",
                  "Parallel Aware": true,
                  "Relation Name": "movie_keyword",
                  "Alias": "mk",
                  "Startup Cost": 0.0,
                  "Total Cost": 42695.65,
                  "Plan Rows": 1096264,
                  "Plan Width": 0,
                  "Actual Startup Time": 0.109,
                  "Actual Total Time": 146.17,
                  "Actual Rows": 847484,
                  "Actual Loops": 4,
                  "Filter": "(keyword_id > 1249)",
                  "Rows Removed by Filter": 283499
                }
              ]
            }
          ]
        }
      ]
    },
    "Planning Time": 0.134,
    "Triggers": [],
    "Execution Time": 208.896
  }
]