{
  "Plan": {
    "Node Type": "Aggregate",
    "Strategy": "Plain",
    "Partial Mode": "Finalize",
    "Parallel Aware": false,
    "Startup Cost": 628430.23,
    "Total Cost": 628430.24,
    "Plan Rows": 1,
    "Plan Width": 8,
    "Actual Startup Time": 5107.655,
    "Actual Total Time": 5175.946,
    "Actual Rows": 1,
    "Actual Loops": 1,
    "Plans": [
      {
        "Node Type": "Gather",
        "Parent Relationship": "Outer",
        "Parallel Aware": false,
        "Startup Cost": 628430.11,
        "Total Cost": 628430.22,
        "Plan Rows": 1,
        "Plan Width": 8,
        "Actual Startup Time": 5104.603,
        "Actual Total Time": 5175.938,
        "Actual Rows": 2,
        "Actual Loops": 1,
        "Workers Planned": 1,
        "Workers Launched": 1,
        "Single Copy": false,
        "Plans": [
          {
            "Node Type": "Aggregate",
            "Strategy": "Plain",
            "Partial Mode": "Partial",
            "Parent Relationship": "Outer",
            "Parallel Aware": false,
            "Startup Cost": 627430.11,
            "Total Cost": 627430.12,
            "Plan Rows": 1,
            "Plan Width": 8,
            "Actual Startup Time": 5099.891,
            "Actual Total Time": 5099.895,
            "Actual Rows": 1,
            "Actual Loops": 2,
            "Plans": [
              {
                "Node Type": "Hash Join",
                "Parent Relationship": "Outer",
                "Parallel Aware": true,
                "Join Type": "Inner",
                "Startup Cost": 68067.78,
                "Total Cost": 613997.92,
                "Plan Rows": 5372877,
                "Plan Width": 0,
                "Actual Startup Time": 422.625,
                "Actual Total Time": 4899.368,
                "Actual Rows": 4707510,
                "Actual Loops": 2,
                "Inner Unique": true,
                "Hash Cond": "(ci.movie_id = t.id)",
                "Plans": [
                  {
                    "Node Type": "Seq Scan",
                    "Parent Relationship": "Outer",
                    "Parallel Aware": true,
                    "Relation Name": "cast_info",
                    "Alias": "ci",
                    "Startup Cost": 0.0,
                    "Total Cost": 519069.44,
                    "Plan Rows": 10232631,
                    "Plan Width": 4,
                    "Actual Startup Time": 0.016,
                    "Actual Total Time": 1509.489,
                    "Actual Rows": 8728490,
                    "Actual Loops": 2,
                    "Filter": "(person_id < 1726818)",
                    "Rows Removed by Filter": 9393682
                  },
                  {
                    "Node Type": "Hash",
                    "Parent Relationship": "Inner",
                    "Parallel Aware": true,
                    "Startup Cost": 58306.47,
                    "Total Cost": 58306.47,
                    "Plan Rows": 780905,
                    "Plan Width": 4,
                    "Actual Startup Time": 413.193,
                    "Actual Total Time": 413.193,
                    "Actual Rows": 702901,
                    "Actual Loops": 2,
                    "Hash Buckets": 2097152,
                    "Original Hash Buckets": 2097152,
                    "Hash Batches": 1,
                    "Original Hash Batches": 1,
                    "Peak Memory Usage": 71392,
                    "Plans": [
                      {
                        "Node Type": "Seq Scan",
                        "Parent Relationship": "Outer",
                        "Parallel Aware": true,
                        "Relation Name": "title",
                        "Alias": "t",
                        "Startup Cost": 0.0,
                        "Total Cost": 58306.47,
                        "Plan Rows": 780905,
                        "Plan Width": 4,
                        "Actual Startup Time": 0.023,
                        "Actual Total Time": 199.844,
                        "Actual Rows": 702901,
                        "Actual Loops": 2,
                        "Filter": "((production_year > 1963) AND (kind_id = 7))",
                        "Rows Removed by Filter": 561255
                      }
                    ]
                  }
                ]
              }
            ]
          }
        ]
      }
    ]
  },
  "Planning Time": 0.343,
  "Triggers": [],
  "Execution Time": 5176.004
}