[
  {
    "Plan": {
      "Node Type": "Aggregate",
      "Strategy": "Plain",
      "Partial Mode": "Finalize",
      "Parallel Aware": false,
      "Startup Cost": 234833.6,
      "Total Cost": 234833.61,
      "Plan Rows": 1,
      "Plan Width": 8,
      "Actual Startup Time": 260.875,
      "Actual Total Time": 270.917,
      "Actual Rows": 1,
      "Actual Loops": 1,
      "Plans": [
        {
          "Node Type": "Gather",
          "Parent Relationship": "Outer",
          "Parallel Aware": false,
          "Startup Cost": 234833.08,
          "Total Cost": 234833.59,
          "Plan Rows": 5,
          "Plan Width": 8,
          "Actual Startup Time": 257.469,
          "Actual Total Time": 270.91,
          "Actual Rows": 6,
          "Actual Loops": 1,
          "Workers Planned": 5,
          "Workers Launched": 5,
          "Single Copy": false,
          "Plans": [
            {
              "Node Type": "Aggregate",
              "Strategy": "Plain",
              "Partial Mode": "Partial",
              "Parent Relationship": "Outer",
              "Parallel Aware": false,
              "Startup Cost": 233833.08,
              "Total Cost": 233833.09,
              "Plan Rows": 1,
              "Plan Width": 8,
              "Actual Startup Time": 250.824,
              "Actual Total Time": 250.828,
              "Actual Rows": 1,
              "Actual Loops": 6,
              "Plans": [
                {
                  "Node Type": "Hash Join",
                  "Parent Relationship": "Outer",
                  "Parallel Aware": true,
                  "Join Type": "Inner",
                  "Startup Cost": 68147.46,
                  "Total Cost": 233759.86,
                  "Plan Rows": 29287,
                  "Plan Width": 0,
                  "Actual Startup Time": 160.936,
                  "Actual Total Time": 248.466,
                  "Actual Rows": 41770,
                  "Actual Loops": 6,
                  "Inner Unique": true,
                  "Hash Cond": "(mi.movie_id = t.id)",
                  "Plans": [
                    {
                      "Node Type": "Bitmap Heap Scan",
                      "Parent Relationship": "Outer",
                      "Parallel Aware": true,
                      "Relation Name": "movie_info",
                      "Alias": "mi",
                      "Startup Cost": 21701.28,
                      "Total Cost": 186685.52,
                      "Plan Rows": 239299,
                      "Plan Width": 4,
                      "Actual Startup Time": 55.625,
                      "Actual Total Time": 123.046,
                      "Actual Rows": 200062,
                      "Actual Loops": 6,
                      "Recheck Cond": "(info_type_id > 35)",
                      "Rows Removed by Index Recheck": 0,
                      "Exact Heap Blocks": 7212,
                      "Lossy Heap Blocks": 0,
                      "Plans": [
                        {
                          "Node Type": "Bitmap Index Scan",
                          "Parent Relationship": "Outer",
                          "Parallel Aware": false,
                          "Index Name": "info_type_id_movie_info",
                          "Startup Cost": 0.0,
                          "Total Cost": 21402.16,
                          "Plan Rows": 1196496,
                          "Plan Width": 0,
                          "Actual Startup Time": 49.909,
                          "Actual Total Time": 49.91,
                          "Actual Rows": 1200370,
                          "Actual Loops": 1,
                          "Index Cond": "(info_type_id > 35)"
                        }
                      ]
                    },
                    {
                      "Node Type": "Hash",
                      "Parent Relationship": "Inner",
                      "Parallel Aware": true,
                      "Startup Cost": 45479.21,
                      "Total Cost": 45479.21,
                      "Plan Rows": 77358,
                      "Plan Width": 4,
                      "Actual Startup Time": 85.94,
                      "Actual Total Time": 85.943,
                      "Actual Rows": 44433,
                      "Actual Loops": 6,
                      "Hash Buckets": 524288,
                      "Original Hash Buckets": 524288,
                      "Hash Batches": 1,
                      "Original Hash Batches": 1,
                      "Peak Memory Usage": 14688,
                      "Plans": [
                        {
                          "Node Type": "Seq Scan",
                          "Parent Relationship": "Outer",
                          "Parallel Aware": true,
                          "Relation Name": "title",
                          "Alias": "t",
                          "Startup Cost": 0.0,
                          "Total Cost": 45479.21,
                          "Plan Rows": 77358,
                          "Plan Width": 4,
                          "Actual Startup Time": 0.041,
                          "Actual Total Time": 68.463,
                          "Actual Rows": 44433,
                          "Actual Loops": 6,
                          "Filter": "((kind_id < 7) AND (production_year > 2007))",
                          "Rows Removed by Filter": 376952
                        }
                      ]
                    }
                  ]
                }
              ]
            }
          ]
        }
      ]
    },
    "Planning Time": 0.29,
    "Triggers": [],
    "Execution Time": 270.959
  }
]