[
    {
        "Bao": {
            "Bao prediction": "NaN",
            "Bao recommended hint": "(no hint)"
        }
    },
    {
        "Plan": {
            "Node Type": "Aggregate",
            "Strategy": "Plain",
            "Partial Mode": "Finalize",
            "Parallel Aware": false,
            "Startup Cost": 337475.59,
            "Total Cost": 337475.6,
            "Plan Rows": 1,
            "Plan Width": 8,
            "Actual Startup Time": 850.674,
            "Actual Total Time": 871.1,
            "Actual Rows": 1,
            "Actual Loops": 1,
            "Output": [
                "count(*)"
            ],
            "Plans": [
                {
                    "Node Type": "Gather",
                    "Parent Relationship": "Outer",
                    "Parallel Aware": false,
                    "Startup Cost": 337474.96,
                    "Total Cost": 337475.57,
                    "Plan Rows": 6,
                    "Plan Width": 8,
                    "Actual Startup Time": 837.23,
                    "Actual Total Time": 871.09,
                    "Actual Rows": 7,
                    "Actual Loops": 1,
                    "Output": [
                        "(PARTIAL count(*))"
                    ],
                    "Workers Planned": 6,
                    "Workers Launched": 6,
                    "Single Copy": false,
                    "Plans": [
                        {
                            "Node Type": "Aggregate",
                            "Strategy": "Plain",
                            "Partial Mode": "Partial",
                            "Parent Relationship": "Outer",
                            "Parallel Aware": false,
                            "Startup Cost": 336474.96,
                            "Total Cost": 336474.97,
                            "Plan Rows": 1,
                            "Plan Width": 8,
                            "Actual Startup Time": 826.834,
                            "Actual Total Time": 827.25,
                            "Actual Rows": 1,
                            "Actual Loops": 7,
                            "Output": [
                                "PARTIAL count(*)"
                            ],
                            "Workers": [
                                {
                                    "Worker Number": 0,
                                    "Actual Startup Time": 824.339,
                                    "Actual Total Time": 824.344,
                                    "Actual Rows": 1,
                                    "Actual Loops": 1
                                },
                                {
                                    "Worker Number": 1,
                                    "Actual Startup Time": 824.702,
                                    "Actual Total Time": 824.707,
                                    "Actual Rows": 1,
                                    "Actual Loops": 1
                                },
                                {
                                    "Worker Number": 2,
                                    "Actual Startup Time": 824.811,
                                    "Actual Total Time": 824.816,
                                    "Actual Rows": 1,
                                    "Actual Loops": 1
                                },
                                {
                                    "Worker Number": 3,
                                    "Actual Startup Time": 825.321,
                                    "Actual Total Time": 825.326,
                                    "Actual Rows": 1,
                                    "Actual Loops": 1
                                },
                                {
                                    "Worker Number": 4,
                                    "Actual Startup Time": 826.626,
                                    "Actual Total Time": 826.632,
                                    "Actual Rows": 1,
                                    "Actual Loops": 1
                                },
                                {
                                    "Worker Number": 5,
                                    "Actual Startup Time": 825.284,
                                    "Actual Total Time": 825.289,
                                    "Actual Rows": 1,
                                    "Actual Loops": 1
                                }
                            ],
                            "Plans": [
                                {
                                    "Node Type": "Hash Join",
                                    "Parent Relationship": "Outer",
                                    "Parallel Aware": true,
                                    "Join Type": "Inner",
                                    "Startup Cost": 81897.89,
                                    "Total Cost": 336058.98,
                                    "Plan Rows": 166392,
                                    "Plan Width": 0,
                                    "Actual Startup Time": 305.289,
                                    "Actual Total Time": 804.864,
                                    "Actual Rows": 541125,
                                    "Actual Loops": 7,
                                    "Inner Unique": false,
                                    "Hash Cond": "(ci.movie_id = t.id)",
                                    "Workers": [
                                        {
                                            "Worker Number": 0,
                                            "Actual Startup Time": 302.989,
                                            "Actual Total Time": 801.586,
                                            "Actual Rows": 538708,
                                            "Actual Loops": 1
                                        },
                                        {
                                            "Worker Number": 1,
                                            "Actual Startup Time": 303.381,
                                            "Actual Total Time": 802.196,
                                            "Actual Rows": 546754,
                                            "Actual Loops": 1
                                        },
                                        {
                                            "Worker Number": 2,
                                            "Actual Startup Time": 303.369,
                                            "Actual Total Time": 802.939,
                                            "Actual Rows": 523886,
                                            "Actual Loops": 1
                                        },
                                        {
                                            "Worker Number": 3,
                                            "Actual Startup Time": 304.108,
                                            "Actual Total Time": 802.787,
                                            "Actual Rows": 543887,
                                            "Actual Loops": 1
                                        },
                                        {
                                            "Worker Number": 4,
                                            "Actual Startup Time": 303.886,
                                            "Actual Total Time": 804.843,
                                            "Actual Rows": 523228,
                                            "Actual Loops": 1
                                        },
                                        {
                                            "Worker Number": 5,
                                            "Actual Startup Time": 303.957,
                                            "Actual Total Time": 803.145,
                                            "Actual Rows": 528111,
                                            "Actual Loops": 1
                                        }
                                    ],
                                    "Plans": [
                                        {
                                            "Node Type": "Index Scan",
                                            "Parent Relationship": "Outer",
                                            "Parallel Aware": true,
                                            "Scan Direction": "Forward",
                                            "Index Name": "role_id_cast_info",
                                            "Relation Name": "cast_info",
                                            "Schema": "public",
                                            "Alias": "ci",
                                            "Startup Cost": 0.56,
                                            "Total Cost": 251544.36,
                                            "Plan Rows": 554814,
                                            "Plan Width": 4,
                                            "Actual Startup Time": 0.104,
                                            "Actual Total Time": 245.652,
                                            "Actual Rows": 957925,
                                            "Actual Loops": 7,
                                            "Output": [
                                                "ci.id",
                                                "ci.person_id",
                                                "ci.movie_id",
                                                "ci.person_role_id",
                                                "ci.note",
                                                "ci.nr_order",
                                                "ci.role_id"
                                            ],
                                            "Index Cond": "(ci.role_id > 4)",
                                            "Rows Removed by Index Recheck": 0,
                                            "Filter": "(ci.person_id > 2374781)",
                                            "Rows Removed by Filter": 382747,
                                            "Workers": [
                                                {
                                                    "Worker Number": 0,
                                                    "Actual Startup Time": 0.06,
                                                    "Actual Total Time": 252.79,
                                                    "Actual Rows": 943553,
                                                    "Actual Loops": 1
                                                },
                                                {
                                                    "Worker Number": 1,
                                                    "Actual Startup Time": 0.09,
                                                    "Actual Total Time": 248.554,
                                                    "Actual Rows": 967171,
                                                    "Actual Loops": 1
                                                },
                                                {
                                                    "Worker Number": 2,
                                                    "Actual Startup Time": 0.068,
                                                    "Actual Total Time": 243.977,
                                                    "Actual Rows": 928641,
                                                    "Actual Loops": 1
                                                },
                                                {
                                                    "Worker Number": 3,
                                                    "Actual Startup Time": 0.207,
                                                    "Actual Total Time": 249.556,
                                                    "Actual Rows": 961792,
                                                    "Actual Loops": 1
                                                },
                                                {
                                                    "Worker Number": 4,
                                                    "Actual Startup Time": 0.105,
                                                    "Actual Total Time": 243.904,
                                                    "Actual Rows": 921622,
                                                    "Actual Loops": 1
                                                },
                                                {
                                                    "Worker Number": 5,
                                                    "Actual Startup Time": 0.052,
                                                    "Actual Total Time": 250.458,
                                                    "Actual Rows": 943719,
                                                    "Actual Loops": 1
                                                }
                                            ]
                                        },
                                        {
                                            "Node Type": "Hash",
                                            "Parent Relationship": "Inner",
                                            "Parallel Aware": true,
                                            "Startup Cost": 78839.84,
                                            "Total Cost": 78839.84,
                                            "Plan Rows": 244599,
                                            "Plan Width": 8,
                                            "Actual Startup Time": 303.157,
                                            "Actual Total Time": 303.57,
                                            "Actual Rows": 123462,
                                            "Actual Loops": 7,
                                            "Output": [
                                                "t.id",
                                                "mc.movie_id"
                                            ],
                                            "Hash Buckets": 1048576,
                                            "Original Hash Buckets": 1048576,
                                            "Hash Batches": 1,
                                            "Original Hash Batches": 1,
                                            "Peak Memory Usage": 42144,
                                            "Workers": [
                                                {
                                                    "Worker Number": 0,
                                                    "Actual Startup Time": 302.349,
                                                    "Actual Total Time": 302.352,
                                                    "Actual Rows": 126583,
                                                    "Actual Loops": 1
                                                },
                                                {
                                                    "Worker Number": 1,
                                                    "Actual Startup Time": 302.734,
                                                    "Actual Total Time": 302.738,
                                                    "Actual Rows": 125602,
                                                    "Actual Loops": 1
                                                },
                                                {
                                                    "Worker Number": 2,
                                                    "Actual Startup Time": 302.705,
                                                    "Actual Total Time": 302.708,
                                                    "Actual Rows": 117058,
                                                    "Actual Loops": 1
                                                },
                                                {
                                                    "Worker Number": 3,
                                                    "Actual Startup Time": 303.286,
                                                    "Actual Total Time": 303.29,
                                                    "Actual Rows": 124515,
                                                    "Actual Loops": 1
                                                },
                                                {
                                                    "Worker Number": 4,
                                                    "Actual Startup Time": 303.296,
                                                    "Actual Total Time": 303.3,
                                                    "Actual Rows": 115645,
                                                    "Actual Loops": 1
                                                },
                                                {
                                                    "Worker Number": 5,
                                                    "Actual Startup Time": 303.239,
                                                    "Actual Total Time": 303.242,
                                                    "Actual Rows": 123852,
                                                    "Actual Loops": 1
                                                }
                                            ],
                                            "Plans": [
                                                {
                                                    "Node Type": "Hash Join",
                                                    "Parent Relationship": "Outer",
                                                    "Parallel Aware": true,
                                                    "Join Type": "Inner",
                                                    "Startup Cost": 48402.76,
                                                    "Total Cost": 78839.84,
                                                    "Plan Rows": 244599,
                                                    "Plan Width": 8,
                                                    "Actual Startup Time": 185.091,
                                                    "Actual Total Time": 264.902,
                                                    "Actual Rows": 123462,
                                                    "Actual Loops": 7,
                                                    "Output": [
                                                        "t.id",
                                                        "mc.movie_id"
                                                    ],
                                                    "Inner Unique": true,
                                                    "Hash Cond": "(mc.movie_id = t.id)",
                                                    "Workers": [
                                                        {
                                                            "Worker Number": 0,
                                                            "Actual Startup Time": 184.331,
                                                            "Actual Total Time": 264.488,
                                                            "Actual Rows": 126583,
                                                            "Actual Loops": 1
                                                        },
                                                        {
                                                            "Worker Number": 1,
                                                            "Actual Startup Time": 184.658,
                                                            "Actual Total Time": 264.973,
                                                            "Actual Rows": 125602,
                                                            "Actual Loops": 1
                                                        },
                                                        {
                                                            "Worker Number": 2,
                                                            "Actual Startup Time": 184.686,
                                                            "Actual Total Time": 263.703,
                                                            "Actual Rows": 117058,
                                                            "Actual Loops": 1
                                                        },
                                                        {
                                                            "Worker Number": 3,
                                                            "Actual Startup Time": 185.164,
                                                            "Actual Total Time": 264.735,
                                                            "Actual Rows": 124515,
                                                            "Actual Loops": 1
                                                        },
                                                        {
                                                            "Worker Number": 4,
                                                            "Actual Startup Time": 185.212,
                                                            "Actual Total Time": 263.32,
                                                            "Actual Rows": 115645,
                                                            "Actual Loops": 1
                                                        },
                                                        {
                                                            "Worker Number": 5,
                                                            "Actual Startup Time": 185.147,
                                                            "Actual Total Time": 264.884,
                                                            "Actual Rows": 123852,
                                                            "Actual Loops": 1
                                                        }
                                                    ],
                                                    "Plans": [
                                                        {
                                                            "Node Type": "Seq Scan",
                                                            "Parent Relationship": "Outer",
                                                            "Parallel Aware": true,
                                                            "Relation Name": "movie_companies",
                                                            "Schema": "public",
                                                            "Alias": "mc",
                                                            "Startup Cost": 0.0,
                                                            "Total Cost": 29310.68,
                                                            "Plan Rows": 429104,
                                                            "Plan Width": 4,
                                                            "Actual Startup Time": 19.7,
                                                            "Actual Total Time": 42.701,
                                                            "Actual Rows": 190698,
                                                            "Actual Loops": 7,
                                                            "Output": [
                                                                "mc.id",
                                                                "mc.movie_id",
                                                                "mc.company_id",
                                                                "mc.company_type_id",
                                                                "mc.note"
                                                            ],
                                                            "Filter": "(mc.company_type_id = 2)",
                                                            "Rows Removed by Filter": 182035,
                                                            "Workers": [
                                                                {
                                                                    "Worker Number": 0,
                                                                    "Actual Startup Time": 19.717,
                                                                    "Actual Total Time": 43.882,
                                                                    "Actual Rows": 196075,
                                                                    "Actual Loops": 1
                                                                },
                                                                {
                                                                    "Worker Number": 1,
                                                                    "Actual Startup Time": 19.718,
                                                                    "Actual Total Time": 43.965,
                                                                    "Actual Rows": 197075,
                                                                    "Actual Loops": 1
                                                                },
                                                                {
                                                                    "Worker Number": 2,
                                                                    "Actual Startup Time": 19.646,
                                                                    "Actual Total Time": 41.908,
                                                                    "Actual Rows": 177920,
                                                                    "Actual Loops": 1
                                                                },
                                                                {
                                                                    "Worker Number": 3,
                                                                    "Actual Startup Time": 19.707,
                                                                    "Actual Total Time": 43.465,
                                                                    "Actual Rows": 193599,
                                                                    "Actual Loops": 1
                                                                },
                                                                {
                                                                    "Worker Number": 4,
                                                                    "Actual Startup Time": 19.713,
                                                                    "Actual Total Time": 41.766,
                                                                    "Actual Rows": 176995,
                                                                    "Actual Loops": 1
                                                                },
                                                                {
                                                                    "Worker Number": 5,
                                                                    "Actual Startup Time": 19.706,
                                                                    "Actual Total Time": 43.562,
                                                                    "Actual Rows": 191744,
                                                                    "Actual Loops": 1
                                                                }
                                                            ]
                                                        },
                                                        {
                                                            "Node Type": "Hash",
                                                            "Parent Relationship": "Inner",
                                                            "Parallel Aware": true,
                                                            "Startup Cost": 43899.01,
                                                            "Total Cost": 43899.01,
                                                            "Plan Rows": 360300,
                                                            "Plan Width": 4,
                                                            "Actual Startup Time": 163.42,
                                                            "Actual Total Time": 163.421,
                                                            "Actual Rows": 206185,
                                                            "Actual Loops": 7,
                                                            "Output": [
                                                                "t.id"
                                                            ],
                                                            "Hash Buckets": 2097152,
                                                            "Original Hash Buckets": 2097152,
                                                            "Hash Batches": 1,
                                                            "Original Hash Batches": 1,
                                                            "Peak Memory Usage": 72960,
                                                            "Workers": [
                                                                {
                                                                    "Worker Number": 0,
                                                                    "Actual Startup Time": 164.424,
                                                                    "Actual Total Time": 164.426,
                                                                    "Actual Rows": 196276,
                                                                    "Actual Loops": 1
                                                                },
                                                                {
                                                                    "Worker Number": 1,
                                                                    "Actual Startup Time": 164.842,
                                                                    "Actual Total Time": 164.844,
                                                                    "Actual Rows": 196326,
                                                                    "Actual Loops": 1
                                                                },
                                                                {
                                                                    "Worker Number": 2,
                                                                    "Actual Startup Time": 164.744,
                                                                    "Actual Total Time": 164.745,
                                                                    "Actual Rows": 177425,
                                                                    "Actual Loops": 1
                                                                },
                                                                {
                                                                    "Worker Number": 3,
                                                                    "Actual Startup Time": 165.377,
                                                                    "Actual Total Time": 165.379,
                                                                    "Actual Rows": 199897,
                                                                    "Actual Loops": 1
                                                                },
                                                                {
                                                                    "Worker Number": 4,
                                                                    "Actual Startup Time": 165.438,
                                                                    "Actual Total Time": 165.44,
                                                                    "Actual Rows": 178454,
                                                                    "Actual Loops": 1
                                                                },
                                                                {
                                                                    "Worker Number": 5,
                                                                    "Actual Startup Time": 165.346,
                                                                    "Actual Total Time": 165.347,
                                                                    "Actual Rows": 194346,
                                                                    "Actual Loops": 1
                                                                }
                                                            ],
                                                            "Plans": [
                                                                {
                                                                    "Node Type": "Seq Scan",
                                                                    "Parent Relationship": "Outer",
                                                                    "Parallel Aware": true,
                                                                    "Relation Name": "title",
                                                                    "Schema": "public",
                                                                    "Alias": "t",
                                                                    "Startup Cost": 0.0,
                                                                    "Total Cost": 43899.01,
                                                                    "Plan Rows": 360300,
                                                                    "Plan Width": 4,
                                                                    "Actual Startup Time": 0.056,
                                                                    "Actual Total Time": 71.828,
                                                                    "Actual Rows": 206185,
                                                                    "Actual Loops": 7,
                                                                    "Output": [
                                                                        "t.id"
                                                                    ],
                                                                    "Filter": "(t.production_year < 2006)",
                                                                    "Rows Removed by Filter": 155002,
                                                                    "Workers": [
                                                                        {
                                                                            "Worker Number": 0,
                                                                            "Actual Startup Time": 0.063,
                                                                            "Actual Total Time": 74.747,
                                                                            "Actual Rows": 196276,
                                                                            "Actual Loops": 1
                                                                        },
                                                                        {
                                                                            "Worker Number": 1,
                                                                            "Actual Startup Time": 0.064,
                                                                            "Actual Total Time": 74.614,
                                                                            "Actual Rows": 196326,
                                                                            "Actual Loops": 1
                                                                        },
                                                                        {
                                                                            "Worker Number": 2,
                                                                            "Actual Startup Time": 0.059,
                                                                            "Actual Total Time": 71.134,
                                                                            "Actual Rows": 177425,
                                                                            "Actual Loops": 1
                                                                        },
                                                                        {
                                                                            "Worker Number": 3,
                                                                            "Actual Startup Time": 0.064,
                                                                            "Actual Total Time": 73.747,
                                                                            "Actual Rows": 199897,
                                                                            "Actual Loops": 1
                                                                        },
                                                                        {
                                                                            "Worker Number": 4,
                                                                            "Actual Startup Time": 0.053,
                                                                            "Actual Total Time": 71.338,
                                                                            "Actual Rows": 178454,
                                                                            "Actual Loops": 1
                                                                        },
                                                                        {
                                                                            "Worker Number": 5,
                                                                            "Actual Startup Time": 0.076,
                                                                            "Actual Total Time": 74.187,
                                                                            "Actual Rows": 194346,
                                                                            "Actual Loops": 1
                                                                        }
                                                                    ]
                                                                }
                                                            ]
                                                        }
                                                    ]
                                                }
                                            ]
                                        }
                                    ]
                                }
                            ]
                        }
                    ]
                }
            ]
        },
        "Planning Time": 213.07,
        "Triggers": [],
        "Execution Time": 871.178
    }
]