[
  {
    "Plan": {
      "Node Type": "Aggregate",
      "Strategy": "Plain",
      "Partial Mode": "Finalize",
      "Parallel Aware": false,
      "Startup Cost": 356600.97,
      "Total Cost": 356600.98,
      "Plan Rows": 1,
      "Plan Width": 8,
      "Actual Startup Time": 439.276,
      "Actual Total Time": 500.984,
      "Actual Rows": 1,
      "Actual Loops": 1,
      "Plans": [
        {
          "Node Type": "Gather",
          "Parent Relationship": "Outer",
          "Parallel Aware": false,
          "Startup Cost": 356600.55,
          "Total Cost": 356600.96,
          "Plan Rows": 4,
          "Plan Width": 8,
          "Actual Startup Time": 439.068,
          "Actual Total Time": 500.965,
          "Actual Rows": 5,
          "Actual Loops": 1,
          "Workers Planned": 4,
          "Workers Launched": 4,
          "Single Copy": false,
          "Plans": [
            {
              "Node Type": "Aggregate",
              "Strategy": "Plain",
              "Partial Mode": "Partial",
              "Parent Relationship": "Outer",
              "Parallel Aware": false,
              "Startup Cost": 355600.55,
              "Total Cost": 355600.56,
              "Plan Rows": 1,
              "Plan Width": 8,
              "Actual Startup Time": 432.011,
              "Actual Total Time": 432.013,
              "Actual Rows": 1,
              "Actual Loops": 5,
              "Plans": [
                {
                  "Node Type": "Nested Loop",
                  "Parent Relationship": "Outer",
                  "Parallel Aware": false,
                  "Join Type": "Inner",
                  "Startup Cost": 0.56,
                  "Total Cost": 355185.45,
                  "Plan Rows": 166041,
                  "Plan Width": 0,
                  "Actual Startup Time": 0.243,
                  "Actual Total Time": 422.462,
                  "Actual Rows": 138820,
                  "Actual Loops": 5,
                  "Inner Unique": false,
                  "Plans": [
                    {
                      "Node Type": "Seq Scan",
                      "Parent Relationship": "Outer",
                      "Parallel Aware": true,
                      "Relation Name": "title",
                      "Alias": "t",
                      "Startup Cost": 0.0,
                      "Total Cost": 45479.59,
                      "Plan Rows": 11581,
                      "Plan Width": 4,
                      "Actual Startup Time": 0.045,
                      "Actual Total Time": 68.896,
                      "Actual Rows": 10114,
                      "Actual Loops": 5,
                      "Filter": "((kind_id > 3) AND (production_year = 2003))",
                      "Rows Removed by Filter": 495549
                    },
                    {
                      "Node Type": "Index Only Scan",
                      "Parent Relationship": "Inner",
                      "Parallel Aware": false,
                      "Scan Direction": "Forward",
                      "Index Name": "movie_id_cast_info",
                      "Relation Name": "cast_info",
                      "Alias": "ci",
                      "Startup Cost": 0.56,
                      "Total Cost": 26.39,
                      "Plan Rows": 35,
                      "Plan Width": 4,
                      "Actual Startup Time": 0.008,
                      "Actual Total Time": 0.033,
                      "Actual Rows": 14,
                      "Actual Loops": 50569,
                      "Index Cond": "(movie_id = t.id)",
                      "Rows Removed by Index Recheck": 0,
                      "Heap Fetches": 694102
                    }
                  ]
                }
              ]
            }
          ]
        }
      ]
    },
    "Planning Time": 0.391,
    "Triggers": [],
    "Execution Time": 501.053
  }
]