{
  "Plan": {
    "Node Type": "Aggregate",
    "Strategy": "Plain",
    "Partial Mode": "Finalize",
    "Parallel Aware": false,
    "Startup Cost": 960194.9,
    "Total Cost": 960194.91,
    "Plan Rows": 1,
    "Plan Width": 8,
    "Actual Startup Time": 3452.202,
    "Actual Total Time": 3529.58,
    "Actual Rows": 1,
    "Actual Loops": 1,
    "Plans": [
      {
        "Node Type": "Gather",
        "Parent Relationship": "Outer",
        "Parallel Aware": false,
        "Startup Cost": 960194.79,
        "Total Cost": 960194.9,
        "Plan Rows": 1,
        "Plan Width": 8,
        "Actual Startup Time": 3451.719,
        "Actual Total Time": 3529.569,
        "Actual Rows": 2,
        "Actual Loops": 1,
        "Workers Planned": 1,
        "Workers Launched": 1,
        "Single Copy": false,
        "Plans": [
          {
            "Node Type": "Aggregate",
            "Strategy": "Plain",
            "Partial Mode": "Partial",
            "Parent Relationship": "Outer",
            "Parallel Aware": false,
            "Startup Cost": 959194.79,
            "Total Cost": 959194.8,
            "Plan Rows": 1,
            "Plan Width": 8,
            "Actual Startup Time": 3447.917,
            "Actual Total Time": 3447.922,
            "Actual Rows": 1,
            "Actual Loops": 2,
            "Plans": [
              {
                "Node Type": "Hash Join",
                "Parent Relationship": "Outer",
                "Parallel Aware": true,
                "Join Type": "Inner",
                "Startup Cost": 651983.87,
                "Total Cost": 958030.6,
                "Plan Rows": 465678,
                "Plan Width": 0,
                "Actual Startup Time": 2008.855,
                "Actual Total Time": 3389.477,
                "Actual Rows": 1404692,
                "Actual Loops": 2,
                "Inner Unique": false,
                "Hash Cond": "(mi.movie_id = t.id)",
                "Plans": [
                  {
                    "Node Type": "Seq Scan",
                    "Parent Relationship": "Outer",
                    "Parallel Aware": true,
                    "Relation Name": "movie_info",
                    "Alias": "mi",
                    "Startup Cost": 0.0,
                    "Total Cost": 248955.74,
                    "Plan Rows": 8696274,
                    "Plan Width": 4,
                    "Actual Startup Time": 0.01,
                    "Actual Total Time": 623.516,
                    "Actual Rows": 7417860,
                    "Actual Loops": 2
                  },
                  {
                    "Node Type": "Hash",
                    "Parent Relationship": "Inner",
                    "Parallel Aware": true,
                    "Startup Cost": 650988.37,
                    "Total Cost": 650988.37,
                    "Plan Rows": 79640,
                    "Plan Width": 8,
                    "Actual Startup Time": 2004.718,
                    "Actual Total Time": 2004.722,
                    "Actual Rows": 40958,
                    "Actual Loops": 2,
                    "Hash Buckets": 262144,
                    "Original Hash Buckets": 262144,
                    "Hash Batches": 1,
                    "Original Hash Batches": 1,
                    "Peak Memory Usage": 5280,
                    "Plans": [
                      {
                        "Node Type": "Hash Join",
                        "Parent Relationship": "Outer",
                        "Parallel Aware": true,
                        "Join Type": "Inner",
                        "Startup Cost": 58499.41,
                        "Total Cost": 650988.37,
                        "Plan Rows": 79640,
                        "Plan Width": 8,
                        "Actual Startup Time": 644.803,
                        "Actual Total Time": 1989.616,
                        "Actual Rows": 40958,
                        "Actual Loops": 2,
                        "Inner Unique": true,
                        "Hash Cond": "(ci.movie_id = t.id)",
                        "Plans": [
                          {
                            "Node Type": "Seq Scan",
                            "Parent Relationship": "Outer",
                            "Parallel Aware": true,
                            "Relation Name": "cast_info",
                            "Alias": "ci",
                            "Startup Cost": 0.0,
                            "Total Cost": 572345.93,
                            "Plan Rows": 7673524,
                            "Plan Width": 4,
                            "Actual Startup Time": 514.685,
                            "Actual Total Time": 1528.099,
                            "Actual Rows": 3631734,
                            "Actual Loops": 2,
                            "Filter": "((person_id < 2002068) AND (role_id > 1))",
                            "Rows Removed by Filter": 14490438
                          },
                          {
                            "Node Type": "Hash",
                            "Parent Relationship": "Inner",
                            "Parallel Aware": true,
                            "Startup Cost": 58306.47,
                            "Total Cost": 58306.47,
                            "Plan Rows": 15435,
                            "Plan Width": 4,
                            "Actual Startup Time": 129.727,
                            "Actual Total Time": 129.728,
                            "Actual Rows": 11963,
                            "Actual Loops": 2,
                            "Hash Buckets": 32768,
                            "Original Hash Buckets": 32768,
                            "Hash Batches": 1,
                            "Original Hash Batches": 1,
                            "Peak Memory Usage": 1248,
                            "Plans": [
                              {
                                "Node Type": "Seq Scan",
                                "Parent Relationship": "Outer",
                                "Parallel Aware": true,
                                "Relation Name": "title",
                                "Alias": "t",
                                "Startup Cost": 0.0,
                                "Total Cost": 58306.47,
                                "Plan Rows": 15435,
                                "Plan Width": 4,
                                "Actual Startup Time": 0.084,
                                "Actual Total Time": 126.455,
                                "Actual Rows": 11963,
                                "Actual Loops": 2,
                                "Filter": "((kind_id < 7) AND (production_year = 2003))",
                                "Rows Removed by Filter": 1252193
                              }
                            ]
                          }
                        ]
                      }
                    ]
                  }
                ]
              }
            ]
          }
        ]
      }
    ]
  },
  "Planning Time": 0.917,
  "Triggers": [],
  "Execution Time": 3529.669
}