[
  {
    "Plan": {
      "Node Type": "Aggregate",
      "Strategy": "Plain",
      "Partial Mode": "Finalize",
      "Parallel Aware": false,
      "Startup Cost": 272574.51,
      "Total Cost": 272574.52,
      "Plan Rows": 1,
      "Plan Width": 8,
      "Actual Startup Time": 2732.72,
      "Actual Total Time": 2812.879,
      "Actual Rows": 1,
      "Actual Loops": 1,
      "Plans": [
        {
          "Node Type": "Gather",
          "Parent Relationship": "Outer",
          "Parallel Aware": false,
          "Startup Cost": 272574.19,
          "Total Cost": 272574.5,
          "Plan Rows": 3,
          "Plan Width": 8,
          "Actual Startup Time": 2727.33,
          "Actual Total Time": 2812.87,
          "Actual Rows": 4,
          "Actual Loops": 1,
          "Workers Planned": 3,
          "Workers Launched": 3,
          "Single Copy": false,
          "Plans": [
            {
              "Node Type": "Aggregate",
              "Strategy": "Plain",
              "Partial Mode": "Partial",
              "Parent Relationship": "Outer",
              "Parallel Aware": false,
              "Startup Cost": 271574.19,
              "Total Cost": 271574.2,
              "Plan Rows": 1,
              "Plan Width": 8,
              "Actual Startup Time": 2714.206,
              "Actual Total Time": 2714.21,
              "Actual Rows": 1,
              "Actual Loops": 4,
              "Plans": [
                {
                  "Node Type": "Nested Loop",
                  "Parent Relationship": "Outer",
                  "Parallel Aware": false,
                  "Join Type": "Inner",
                  "Startup Cost": 56671.45,
                  "Total Cost": 268772.8,
                  "Plan Rows": 1120555,
                  "Plan Width": 0,
                  "Actual Startup Time": 298.493,
                  "Actual Total Time": 2576.786,
                  "Actual Rows": 3244468,
                  "Actual Loops": 4,
                  "Inner Unique": false,
                  "Plans": [
                    {
                      "Node Type": "Hash Join",
                      "Parent Relationship": "Outer",
                      "Parallel Aware": true,
                      "Join Type": "Inner",
                      "Startup Cost": 56670.89,
                      "Total Cost": 82681.76,
                      "Plan Rows": 78202,
                      "Plan Width": 8,
                      "Actual Startup Time": 298.378,
                      "Actual Total Time": 371.821,
                      "Actual Rows": 68223,
                      "Actual Loops": 4,
                      "Inner Unique": true,
                      "Hash Cond": "(mk.movie_id = t.id)",
                      "Plans": [
                        {
                          "Node Type": "Bitmap Heap Scan",
                          "Parent Relationship": "Outer",
                          "Parallel Aware": true,
                          "Relation Name": "movie_keyword",
                          "Alias": "mk",
                          "Startup Cost": 6769.41,
                          "Total Cost": 32510.08,
                          "Plan Rows": 102934,
                          "Plan Width": 4,
                          "Actual Startup Time": 20.719,
                          "Actual Total Time": 57.366,
                          "Actual Rows": 78288,
                          "Actual Loops": 4,
                          "Recheck Cond": "(keyword_id > 52136)",
                          "Rows Removed by Index Recheck": 0,
                          "Exact Heap Blocks": 6278,
                          "Lossy Heap Blocks": 0,
                          "Plans": [
                            {
                              "Node Type": "Bitmap Index Scan",
                              "Parent Relationship": "Outer",
                              "Parallel Aware": false,
                              "Index Name": "keyword_id_movie_keyword",
                              "Startup Cost": 0.0,
                              "Total Cost": 6689.64,
                              "Plan Rows": 319094,
                              "Plan Width": 0,
                              "Actual Startup Time": 17.451,
                              "Actual Total Time": 17.452,
                              "Actual Rows": 313150,
                              "Actual Loops": 1,
                              "Index Cond": "(keyword_id > 52136)"
                            }
                          ]
                        },
                        {
                          "Node Type": "Hash",
                          "Parent Relationship": "Inner",
                          "Parallel Aware": true,
                          "Startup Cost": 43898.92,
                          "Total Cost": 43898.92,
                          "Plan Rows": 480205,
                          "Plan Width": 4,
                          "Actual Startup Time": 270.028,
                          "Actual Total Time": 270.029,
                          "Actual Rows": 480712,
                          "Actual Loops": 4,
                          "Hash Buckets": 2097152,
                          "Original Hash Buckets": 2097152,
                          "Hash Batches": 1,
                          "Original Hash Batches": 1,
                          "Peak Memory Usage": 91712,
                          "Plans": [
                            {
                              "Node Type": "Seq Scan",
                              "Parent Relationship": "Outer",
                              "Parallel Aware": true,
                              "Relation Name": "title",
                              "Alias": "t",
                              "Startup Cost": 0.0,
                              "Total Cost": 43898.92,
                              "Plan Rows": 480205,
                              "Plan Width": 4,
                              "Actual Startup Time": 0.038,
                              "Actual Total Time": 107.605,
                              "Actual Rows": 480712,
                              "Actual Loops": 4,
                              "Filter": "(production_year < 2010)",
                              "Rows Removed by Filter": 151366
                            }
                          ]
                        }
                      ]
                    },
                    {
                      "Node Type": "Index Only Scan",
                      "Parent Relationship": "Inner",
                      "Parallel Aware": false,
                      "Scan Direction": "Forward",
                      "Index Name": "movie_id_cast_info",
                      "Relation Name": "cast_info",
                      "Alias": "ci",
                      "Startup Cost": 0.56,
                      "Total Cost": 2.01,
                      "Plan Rows": 37,
                      "Plan Width": 4,
                      "Actual Startup Time": 0.004,
                      "Actual Total Time": 0.029,
                      "Actual Rows": 48,
                      "Actual Loops": 272893,
                      "Index Cond": "(movie_id = t.id)",
                      "Rows Removed by Index Recheck": 0,
                      "Heap Fetches": 12977871
                    }
                  ]
                }
              ]
            }
          ]
        }
      ]
    },
    "Planning Time": 1.282,
    "Triggers": [],
    "Execution Time": 2813.031
  }
]