{
  "Plan": {
    "Node Type": "Aggregate",
    "Strategy": "Plain",
    "Partial Mode": "Finalize",
    "Parallel Aware": false,
    "Startup Cost": 188729.05,
    "Total Cost": 188729.06,
    "Plan Rows": 1,
    "Plan Width": 8,
    "Actual Startup Time": 2059.156,
    "Actual Total Time": 2093.614,
    "Actual Rows": 1,
    "Actual Loops": 1,
    "Plans": [
      {
        "Node Type": "Gather",
        "Parent Relationship": "Outer",
        "Parallel Aware": false,
        "Startup Cost": 188728.93,
        "Total Cost": 188729.04,
        "Plan Rows": 1,
        "Plan Width": 8,
        "Actual Startup Time": 2049.636,
        "Actual Total Time": 2093.605,
        "Actual Rows": 2,
        "Actual Loops": 1,
        "Workers Planned": 1,
        "Workers Launched": 1,
        "Single Copy": false,
        "Plans": [
          {
            "Node Type": "Aggregate",
            "Strategy": "Plain",
            "Partial Mode": "Partial",
            "Parent Relationship": "Outer",
            "Parallel Aware": false,
            "Startup Cost": 187728.93,
            "Total Cost": 187728.94,
            "Plan Rows": 1,
            "Plan Width": 8,
            "Actual Startup Time": 2044.998,
            "Actual Total Time": 2046.569,
            "Actual Rows": 1,
            "Actual Loops": 2,
            "Plans": [
              {
                "Node Type": "Hash Join",
                "Parent Relationship": "Outer",
                "Parallel Aware": true,
                "Join Type": "Inner",
                "Startup Cost": 142644.82,
                "Total Cost": 186444.41,
                "Plan Rows": 513809,
                "Plan Width": 0,
                "Actual Startup Time": 1271.285,
                "Actual Total Time": 1862.708,
                "Actual Rows": 3678047,
                "Actual Loops": 2,
                "Inner Unique": false,
                "Hash Cond": "(mc.movie_id = t.id)",
                "Plans": [
                  {
                    "Node Type": "Seq Scan",
                    "Parent Relationship": "Outer",
                    "Parallel Aware": true,
                    "Relation Name": "movie_companies",
                    "Alias": "mc",
                    "Startup Cost": 0.0,
                    "Total Cost": 37974.77,
                    "Plan Rows": 747308,
                    "Plan Width": 4,
                    "Actual Startup Time": 0.028,
                    "Actual Total Time": 135.299,
                    "Actual Rows": 631787,
                    "Actual Loops": 2,
                    "Filter": "(company_id < 11203)",
                    "Rows Removed by Filter": 672778
                  },
                  {
                    "Node Type": "Hash",
                    "Parent Relationship": "Inner",
                    "Parallel Aware": true,
                    "Startup Cost": 129863.06,
                    "Total Cost": 129863.06,
                    "Plan Rows": 1022541,
                    "Plan Width": 8,
                    "Actual Startup Time": 1258.124,
                    "Actual Total Time": 1259.693,
                    "Actual Rows": 872890,
                    "Actual Loops": 2,
                    "Hash Buckets": 2097152,
                    "Original Hash Buckets": 2097152,
                    "Hash Batches": 1,
                    "Original Hash Batches": 1,
                    "Peak Memory Usage": 84704,
                    "Plans": [
                      {
                        "Node Type": "Hash Join",
                        "Parent Relationship": "Outer",
                        "Parallel Aware": true,
                        "Join Type": "Inner",
                        "Startup Cost": 69460.7,
                        "Total Cost": 129863.06,
                        "Plan Rows": 1022541,
                        "Plan Width": 8,
                        "Actual Startup Time": 616.918,
                        "Actual Total Time": 1056.212,
                        "Actual Rows": 872890,
                        "Actual Loops": 2,
                        "Inner Unique": true,
                        "Hash Cond": "(mk.movie_id = t.id)",
                        "Plans": [
                          {
                            "Node Type": "Seq Scan",
                            "Parent Relationship": "Outer",
                            "Parallel Aware": true,
                            "Relation Name": "movie_keyword",
                            "Alias": "mk",
                            "Startup Cost": 0.0,
                            "Total Cost": 57718.19,
                            "Plan Rows": 1022541,
                            "Plan Width": 4,
                            "Actual Startup Time": 0.809,
                            "Actual Total Time": 223.879,
                            "Actual Rows": 872890,
                            "Actual Loops": 2,
                            "Filter": "(keyword_id > 7996)",
                            "Rows Removed by Filter": 1389074
                          },
                          {
                            "Node Type": "Hash",
                            "Parent Relationship": "Inner",
                            "Parallel Aware": true,
                            "Startup Cost": 50870.31,
                            "Total Cost": 50870.31,
                            "Plan Rows": 1487231,
                            "Plan Width": 4,
                            "Actual Startup Time": 603.782,
                            "Actual Total Time": 603.783,
                            "Actual Rows": 1264156,
                            "Actual Loops": 2,
                            "Hash Buckets": 4194304,
                            "Original Hash Buckets": 4194304,
                            "Hash Batches": 1,
                            "Original Hash Batches": 1,
                            "Peak Memory Usage": 131712,
                            "Plans": [
                              {
                                "Node Type": "Seq Scan",
                                "Parent Relationship": "Outer",
                                "Parallel Aware": true,
                                "Relation Name": "title",
                                "Alias": "t",
                                "Startup Cost": 0.0,
                                "Total Cost": 50870.31,
                                "Plan Rows": 1487231,
                                "Plan Width": 4,
                                "Actual Startup Time": 0.031,
                                "Actual Total Time": 178.026,
                                "Actual Rows": 1264156,
                                "Actual Loops": 2
                              }
                            ]
                          }
                        ]
                      }
                    ]
                  }
                ]
              }
            ]
          }
        ]
      }
    ]
  },
  "Planning Time": 0.546,
  "Triggers": [],
  "Execution Time": 2093.672
}