[
  {
    "Plan": {
      "Node Type": "Aggregate",
      "Strategy": "Plain",
      "Partial Mode": "Finalize",
      "Parallel Aware": false,
      "Startup Cost": 46220.73,
      "Total Cost": 46220.74,
      "Plan Rows": 1,
      "Plan Width": 8,
      "Actual Startup Time": 174.887,
      "Actual Total Time": 184.453,
      "Actual Rows": 1,
      "Actual Loops": 1,
      "Plans": [
        {
          "Node Type": "Gather",
          "Parent Relationship": "Outer",
          "Parallel Aware": false,
          "Startup Cost": 46220.42,
          "Total Cost": 46220.73,
          "Plan Rows": 3,
          "Plan Width": 8,
          "Actual Startup Time": 174.792,
          "Actual Total Time": 184.445,
          "Actual Rows": 4,
          "Actual Loops": 1,
          "Workers Planned": 3,
          "Workers Launched": 3,
          "Single Copy": false,
          "Plans": [
            {
              "Node Type": "Aggregate",
              "Strategy": "Plain",
              "Partial Mode": "Partial",
              "Parent Relationship": "Outer",
              "Parallel Aware": false,
              "Startup Cost": 45220.42,
              "Total Cost": 45220.43,
              "Plan Rows": 1,
              "Plan Width": 8,
              "Actual Startup Time": 166.283,
              "Actual Total Time": 166.284,
              "Actual Rows": 1,
              "Actual Loops": 4,
              "Plans": [
                {
                  "Node Type": "Seq Scan",
                  "Parent Relationship": "Outer",
                  "Parallel Aware": true,
                  "Relation Name": "movie_keyword",
                  "Alias": "mk",
                  "Startup Cost": 0.0,
                  "Total Cost": 42695.65,
                  "Plan Rows": 1009905,
                  "Plan Width": 0,
                  "Actual Startup Time": 0.062,
                  "Actual Total Time": 128.444,
                  "Actual Rows": 781565,
                  "Actual Loops": 4,
                  "Filter": "(keyword_id < 11987)",
                  "Rows Removed by Filter": 349418
                }
              ]
            }
          ]
        }
      ]
    },
    "Planning Time": 0.149,
    "Triggers": [],
    "Execution Time": 184.501
  }
]