{
  "Plan": {
    "Node Type": "Aggregate",
    "Strategy": "Plain",
    "Partial Mode": "Finalize",
    "Parallel Aware": false,
    "Startup Cost": 40042.06,
    "Total Cost": 40042.07,
    "Plan Rows": 1,
    "Plan Width": 8,
    "Actual Startup Time": 36.805,
    "Actual Total Time": 41.128,
    "Actual Rows": 1,
    "Actual Loops": 1,
    "Plans": [
      {
        "Node Type": "Gather",
        "Parent Relationship": "Outer",
        "Parallel Aware": false,
        "Startup Cost": 40041.94,
        "Total Cost": 40042.05,
        "Plan Rows": 1,
        "Plan Width": 8,
        "Actual Startup Time": 36.616,
        "Actual Total Time": 41.122,
        "Actual Rows": 2,
        "Actual Loops": 1,
        "Workers Planned": 1,
        "Workers Launched": 1,
        "Single Copy": false,
        "Plans": [
          {
            "Node Type": "Aggregate",
            "Strategy": "Plain",
            "Partial Mode": "Partial",
            "Parent Relationship": "Outer",
            "Parallel Aware": false,
            "Startup Cost": 39041.94,
            "Total Cost": 39041.95,
            "Plan Rows": 1,
            "Plan Width": 8,
            "Actual Startup Time": 30.531,
            "Actual Total Time": 30.532,
            "Actual Rows": 1,
            "Actual Loops": 2,
            "Plans": [
              {
                "Node Type": "Nested Loop",
                "Parent Relationship": "Outer",
                "Parallel Aware": false,
                "Join Type": "Inner",
                "Startup Cost": 223.14,
                "Total Cost": 39034.28,
                "Plan Rows": 3065,
                "Plan Width": 0,
                "Actual Startup Time": 11.721,
                "Actual Total Time": 30.292,
                "Actual Rows": 1828,
                "Actual Loops": 2,
                "Inner Unique": true,
                "Plans": [
                  {
                    "Node Type": "Bitmap Heap Scan",
                    "Parent Relationship": "Outer",
                    "Parallel Aware": true,
                    "Relation Name": "movie_companies",
                    "Alias": "mc",
                    "Startup Cost": 222.71,
                    "Total Cost": 16718.82,
                    "Plan Rows": 3065,
                    "Plan Width": 4,
                    "Actual Startup Time": 11.591,
                    "Actual Total Time": 16.015,
                    "Actual Rows": 1828,
                    "Actual Loops": 2,
                    "Recheck Cond": "(company_id = 1451)",
                    "Rows Removed by Index Recheck": 0,
                    "Filter": "(company_type_id = 2)",
                    "Rows Removed by Filter": 2905,
                    "Exact Heap Blocks": 4786,
                    "Lossy Heap Blocks": 0,
                    "Plans": [
                      {
                        "Node Type": "Bitmap Index Scan",
                        "Parent Relationship": "Outer",
                        "Parallel Aware": false,
                        "Index Name": "company_id_movie_companies",
                        "Startup Cost": 0.0,
                        "Total Cost": 221.4,
                        "Plan Rows": 10263,
                        "Plan Width": 0,
                        "Actual Startup Time": 3.982,
                        "Actual Total Time": 3.982,
                        "Actual Rows": 9466,
                        "Actual Loops": 1,
                        "Index Cond": "(company_id = 1451)"
                      }
                    ]
                  },
                  {
                    "Node Type": "Index Only Scan",
                    "Parent Relationship": "Inner",
                    "Parallel Aware": false,
                    "Scan Direction": "Forward",
                    "Index Name": "title_pkey",
                    "Relation Name": "title",
                    "Alias": "t",
                    "Startup Cost": 0.43,
                    "Total Cost": 7.28,
                    "Plan Rows": 1,
                    "Plan Width": 4,
                    "Actual Startup Time": 0.007,
                    "Actual Total Time": 0.007,
                    "Actual Rows": 1,
                    "Actual Loops": 3656,
                    "Index Cond": "(id = mc.movie_id)",
                    "Rows Removed by Index Recheck": 0,
                    "Heap Fetches": 3656
                  }
                ]
              }
            ]
          }
        ]
      }
    ]
  },
  "Planning Time": 0.548,
  "Triggers": [],
  "Execution Time": 41.215
}