[
    {
        "Bao": {
            "Bao prediction": 445.125,
            "Bao recommended hint": "(no hint)"
        }
    },
    {
        "Plan": {
            "Node Type": "Aggregate",
            "Strategy": "Plain",
            "Partial Mode": "Finalize",
            "Parallel Aware": false,
            "Startup Cost": 33011.25,
            "Total Cost": 33011.26,
            "Plan Rows": 1,
            "Plan Width": 8,
            "Actual Startup Time": 125.616,
            "Actual Total Time": 130.552,
            "Actual Rows": 1,
            "Actual Loops": 1,
            "Output": [
                "count(*)"
            ],
            "Plans": [
                {
                    "Node Type": "Gather",
                    "Parent Relationship": "Outer",
                    "Parallel Aware": false,
                    "Startup Cost": 33010.93,
                    "Total Cost": 33011.24,
                    "Plan Rows": 3,
                    "Plan Width": 8,
                    "Actual Startup Time": 125.535,
                    "Actual Total Time": 130.545,
                    "Actual Rows": 4,
                    "Actual Loops": 1,
                    "Output": [
                        "(PARTIAL count(*))"
                    ],
                    "Workers Planned": 3,
                    "Workers Launched": 3,
                    "Single Copy": false,
                    "Plans": [
                        {
                            "Node Type": "Aggregate",
                            "Strategy": "Plain",
                            "Partial Mode": "Partial",
                            "Parent Relationship": "Outer",
                            "Parallel Aware": false,
                            "Startup Cost": 32010.93,
                            "Total Cost": 32010.94,
                            "Plan Rows": 1,
                            "Plan Width": 8,
                            "Actual Startup Time": 117.852,
                            "Actual Total Time": 117.853,
                            "Actual Rows": 1,
                            "Actual Loops": 4,
                            "Output": [
                                "PARTIAL count(*)"
                            ],
                            "Workers": [
                                {
                                    "Worker Number": 0,
                                    "Actual Startup Time": 115.363,
                                    "Actual Total Time": 115.364,
                                    "Actual Rows": 1,
                                    "Actual Loops": 1
                                },
                                {
                                    "Worker Number": 1,
                                    "Actual Startup Time": 115.42,
                                    "Actual Total Time": 115.421,
                                    "Actual Rows": 1,
                                    "Actual Loops": 1
                                },
                                {
                                    "Worker Number": 2,
                                    "Actual Startup Time": 115.694,
                                    "Actual Total Time": 115.696,
                                    "Actual Rows": 1,
                                    "Actual Loops": 1
                                }
                            ],
                            "Plans": [
                                {
                                    "Node Type": "Seq Scan",
                                    "Parent Relationship": "Outer",
                                    "Parallel Aware": true,
                                    "Relation Name": "movie_companies",
                                    "Schema": "public",
                                    "Alias": "mc",
                                    "Startup Cost": 0.0,
                                    "Total Cost": 31414.82,
                                    "Plan Rows": 238445,
                                    "Plan Width": 0,
                                    "Actual Startup Time": 53.255,
                                    "Actual Total Time": 102.349,
                                    "Actual Rows": 239367,
                                    "Actual Loops": 4,
                                    "Output": [
                                        "id",
                                        "movie_id",
                                        "company_id",
                                        "company_type_id",
                                        "note"
                                    ],
                                    "Filter": "((mc.company_id > 9311) AND (mc.company_type_id > 1))",
                                    "Rows Removed by Filter": 412916,
                                    "Workers": [
                                        {
                                            "Worker Number": 0,
                                            "Actual Startup Time": 50.771,
                                            "Actual Total Time": 100.016,
                                            "Actual Rows": 233702,
                                            "Actual Loops": 1
                                        },
                                        {
                                            "Worker Number": 1,
                                            "Actual Startup Time": 50.818,
                                            "Actual Total Time": 100.107,
                                            "Actual Rows": 233492,
                                            "Actual Loops": 1
                                        },
                                        {
                                            "Worker Number": 2,
                                            "Actual Startup Time": 51.109,
                                            "Actual Total Time": 100.457,
                                            "Actual Rows": 232697,
                                            "Actual Loops": 1
                                        }
                                    ]
                                }
                            ]
                        }
                    ]
                }
            ]
        },
        "Planning Time": 1159.676,
        "Triggers": [],
        "Execution Time": 130.642
    }
]