[
  {
    "Plan": {
      "Node Type": "Aggregate",
      "Strategy": "Plain",
      "Partial Mode": "Finalize",
      "Parallel Aware": false,
      "Startup Cost": 347939.24,
      "Total Cost": 347939.25,
      "Plan Rows": 1,
      "Plan Width": 8,
      "Actual Startup Time": 623.587,
      "Actual Total Time": 676.919,
      "Actual Rows": 1,
      "Actual Loops": 1,
      "Plans": [
        {
          "Node Type": "Gather",
          "Parent Relationship": "Outer",
          "Parallel Aware": false,
          "Startup Cost": 347938.61,
          "Total Cost": 347939.22,
          "Plan Rows": 6,
          "Plan Width": 8,
          "Actual Startup Time": 623.308,
          "Actual Total Time": 676.906,
          "Actual Rows": 7,
          "Actual Loops": 1,
          "Workers Planned": 6,
          "Workers Launched": 6,
          "Single Copy": false,
          "Plans": [
            {
              "Node Type": "Aggregate",
              "Strategy": "Plain",
              "Partial Mode": "Partial",
              "Parent Relationship": "Outer",
              "Parallel Aware": false,
              "Startup Cost": 346938.61,
              "Total Cost": 346938.62,
              "Plan Rows": 1,
              "Plan Width": 8,
              "Actual Startup Time": 617.591,
              "Actual Total Time": 617.596,
              "Actual Rows": 1,
              "Actual Loops": 7,
              "Plans": [
                {
                  "Node Type": "Seq Scan",
                  "Parent Relationship": "Outer",
                  "Parallel Aware": true,
                  "Relation Name": "cast_info",
                  "Alias": "ci",
                  "Startup Cost": 0.0,
                  "Total Cost": 343316.27,
                  "Plan Rows": 1448937,
                  "Plan Width": 0,
                  "Actual Startup Time": 209.282,
                  "Actual Total Time": 593.704,
                  "Actual Rows": 533411,
                  "Actual Loops": 7,
                  "Filter": "((person_id < 1330581) AND (role_id > 1))",
                  "Rows Removed by Filter": 4644353
                }
              ]
            }
          ]
        }
      ]
    },
    "Planning Time": 0.151,
    "Triggers": [],
    "Execution Time": 676.981
  }
]