{
    "Plan": {
        "Node Type": "Aggregate",
        "Strategy": "Plain",
        "Partial Mode": "Finalize",
        "Parallel Aware": false,
        "Startup Cost": 142264.73,
        "Total Cost": 142264.74,
        "Plan Rows": 1,
        "Plan Width": 8,
        "Actual Startup Time": 145.462,
        "Actual Total Time": 155.646,
        "Actual Rows": 1,
        "Actual Loops": 1,
        "Output": [
            "count(*)"
        ],
        "Plans": [
            {
                "Node Type": "Gather",
                "Parent Relationship": "Outer",
                "Parallel Aware": false,
                "Startup Cost": 142264.31,
                "Total Cost": 142264.72,
                "Plan Rows": 4,
                "Plan Width": 8,
                "Actual Startup Time": 145.454,
                "Actual Total Time": 155.641,
                "Actual Rows": 5,
                "Actual Loops": 1,
                "Output": [
                    "(PARTIAL count(*))"
                ],
                "Workers Planned": 4,
                "Workers Launched": 4,
                "Single Copy": false,
                "Plans": [
                    {
                        "Node Type": "Aggregate",
                        "Strategy": "Plain",
                        "Partial Mode": "Partial",
                        "Parent Relationship": "Outer",
                        "Parallel Aware": false,
                        "Startup Cost": 141264.31,
                        "Total Cost": 141264.32,
                        "Plan Rows": 1,
                        "Plan Width": 8,
                        "Actual Startup Time": 133.51,
                        "Actual Total Time": 133.512,
                        "Actual Rows": 1,
                        "Actual Loops": 5,
                        "Output": [
                            "PARTIAL count(*)"
                        ],
                        "Workers": [
                            {
                                "Worker Number": 0,
                                "Actual Startup Time": 129.915,
                                "Actual Total Time": 129.917,
                                "Actual Rows": 1,
                                "Actual Loops": 1
                            },
                            {
                                "Worker Number": 1,
                                "Actual Startup Time": 131.58,
                                "Actual Total Time": 131.583,
                                "Actual Rows": 1,
                                "Actual Loops": 1
                            },
                            {
                                "Worker Number": 2,
                                "Actual Startup Time": 130.756,
                                "Actual Total Time": 130.758,
                                "Actual Rows": 1,
                                "Actual Loops": 1
                            },
                            {
                                "Worker Number": 3,
                                "Actual Startup Time": 130.595,
                                "Actual Total Time": 130.597,
                                "Actual Rows": 1,
                                "Actual Loops": 1
                            }
                        ],
                        "Plans": [
                            {
                                "Node Type": "Merge Join",
                                "Parent Relationship": "Outer",
                                "Parallel Aware": false,
                                "Join Type": "Inner",
                                "Startup Cost": 140467.69,
                                "Total Cost": 141261.37,
                                "Plan Rows": 1176,
                                "Plan Width": 0,
                                "Actual Startup Time": 119.027,
                                "Actual Total Time": 133.453,
                                "Actual Rows": 1169,
                                "Actual Loops": 5,
                                "Inner Unique": false,
                                "Merge Cond": "(t.id = mi.movie_id)",
                                "Workers": [
                                    {
                                        "Worker Number": 0,
                                        "Actual Startup Time": 116.364,
                                        "Actual Total Time": 129.861,
                                        "Actual Rows": 1173,
                                        "Actual Loops": 1
                                    },
                                    {
                                        "Worker Number": 1,
                                        "Actual Startup Time": 117.827,
                                        "Actual Total Time": 131.527,
                                        "Actual Rows": 950,
                                        "Actual Loops": 1
                                    },
                                    {
                                        "Worker Number": 2,
                                        "Actual Startup Time": 117.06,
                                        "Actual Total Time": 130.703,
                                        "Actual Rows": 1144,
                                        "Actual Loops": 1
                                    },
                                    {
                                        "Worker Number": 3,
                                        "Actual Startup Time": 117.024,
                                        "Actual Total Time": 130.543,
                                        "Actual Rows": 1107,
                                        "Actual Loops": 1
                                    }
                                ],
                                "Plans": [
                                    {
                                        "Node Type": "Sort",
                                        "Parent Relationship": "Outer",
                                        "Parallel Aware": false,
                                        "Startup Cost": 56923.64,
                                        "Total Cost": 57259.53,
                                        "Plan Rows": 134358,
                                        "Plan Width": 4,
                                        "Actual Startup Time": 106.577,
                                        "Actual Total Time": 114.065,
                                        "Actual Rows": 82316,
                                        "Actual Loops": 5,
                                        "Output": [
                                            "t.id"
                                        ],
                                        "Sort Key": [
                                            "t.id"
                                        ],
                                        "Sort Method": "quicksort",
                                        "Sort Space Used": 7951,
                                        "Sort Space Type": "Memory",
                                        "Workers": [
                                            {
                                                "Worker Number": 0,
                                                "Actual Startup Time": 103.384,
                                                "Actual Total Time": 110.303,
                                                "Actual Rows": 79694,
                                                "Actual Loops": 1
                                            },
                                            {
                                                "Worker Number": 1,
                                                "Actual Startup Time": 103.027,
                                                "Actual Total Time": 109.954,
                                                "Actual Rows": 67826,
                                                "Actual Loops": 1
                                            },
                                            {
                                                "Worker Number": 2,
                                                "Actual Startup Time": 104.15,
                                                "Actual Total Time": 111.173,
                                                "Actual Rows": 80589,
                                                "Actual Loops": 1
                                            },
                                            {
                                                "Worker Number": 3,
                                                "Actual Startup Time": 104.071,
                                                "Actual Total Time": 111.019,
                                                "Actual Rows": 79540,
                                                "Actual Loops": 1
                                            }
                                        ],
                                        "Plans": [
                                            {
                                                "Node Type": "Seq Scan",
                                                "Parent Relationship": "Outer",
                                                "Parallel Aware": true,
                                                "Relation Name": "title",
                                                "Schema": "public",
                                                "Alias": "t",
                                                "Startup Cost": 0.0,
                                                "Total Cost": 45479.21,
                                                "Plan Rows": 134358,
                                                "Plan Width": 4,
                                                "Actual Startup Time": 45.238,
                                                "Actual Total Time": 87.876,
                                                "Actual Rows": 82454,
                                                "Actual Loops": 5,
                                                "Output": [
                                                    "t.id"
                                                ],
                                                "Filter": "((t.production_year > 1973) AND (t.kind_id = 1))",
                                                "Rows Removed by Filter": 423208,
                                                "Workers": [
                                                    {
                                                        "Worker Number": 0,
                                                        "Actual Startup Time": 51.91,
                                                        "Actual Total Time": 85.081,
                                                        "Actual Rows": 79862,
                                                        "Actual Loops": 1
                                                    },
                                                    {
                                                        "Worker Number": 1,
                                                        "Actual Startup Time": 52.064,
                                                        "Actual Total Time": 85.429,
                                                        "Actual Rows": 67955,
                                                        "Actual Loops": 1
                                                    },
                                                    {
                                                        "Worker Number": 2,
                                                        "Actual Startup Time": 52.631,
                                                        "Actual Total Time": 85.695,
                                                        "Actual Rows": 80708,
                                                        "Actual Loops": 1
                                                    },
                                                    {
                                                        "Worker Number": 3,
                                                        "Actual Startup Time": 52.818,
                                                        "Actual Total Time": 85.78,
                                                        "Actual Rows": 79672,
                                                        "Actual Loops": 1
                                                    }
                                                ]
                                            }
                                        ]
                                    },
                                    {
                                        "Node Type": "Sort",
                                        "Parent Relationship": "Inner",
                                        "Parallel Aware": false,
                                        "Startup Cost": 83544.04,
                                        "Total Cost": 83599.37,
                                        "Plan Rows": 22133,
                                        "Plan Width": 4,
                                        "Actual Startup Time": 12.259,
                                        "Actual Total Time": 13.031,
                                        "Actual Rows": 18539,
                                        "Actual Loops": 5,
                                        "Output": [
                                            "mi.movie_id"
                                        ],
                                        "Sort Key": [
                                            "mi.movie_id"
                                        ],
                                        "Sort Method": "quicksort",
                                        "Sort Space Used": 1638,
                                        "Sort Space Type": "Memory",
                                        "Workers": [
                                            {
                                                "Worker Number": 0,
                                                "Actual Startup Time": 12.839,
                                                "Actual Total Time": 13.569,
                                                "Actual Rows": 18539,
                                                "Actual Loops": 1
                                            },
                                            {
                                                "Worker Number": 1,
                                                "Actual Startup Time": 14.575,
                                                "Actual Total Time": 15.434,
                                                "Actual Rows": 18539,
                                                "Actual Loops": 1
                                            },
                                            {
                                                "Worker Number": 2,
                                                "Actual Startup Time": 12.754,
                                                "Actual Total Time": 13.51,
                                                "Actual Rows": 18539,
                                                "Actual Loops": 1
                                            },
                                            {
                                                "Worker Number": 3,
                                                "Actual Startup Time": 12.812,
                                                "Actual Total Time": 13.548,
                                                "Actual Rows": 18539,
                                                "Actual Loops": 1
                                            }
                                        ],
                                        "Plans": [
                                            {
                                                "Node Type": "Index Scan",
                                                "Parent Relationship": "Outer",
                                                "Parallel Aware": false,
                                                "Scan Direction": "Forward",
                                                "Index Name": "info_type_id_movie_info",
                                                "Relation Name": "movie_info",
                                                "Schema": "public",
                                                "Alias": "mi",
                                                "Startup Cost": 0.43,
                                                "Total Cost": 81946.71,
                                                "Plan Rows": 22133,
                                                "Plan Width": 4,
                                                "Actual Startup Time": 0.12,
                                                "Actual Total Time": 8.644,
                                                "Actual Rows": 18539,
                                                "Actual Loops": 5,
                                                "Output": [
                                                    "mi.movie_id"
                                                ],
                                                "Index Cond": "(mi.info_type_id = 90)",
                                                "Rows Removed by Index Recheck": 0,
                                                "Workers": [
                                                    {
                                                        "Worker Number": 0,
                                                        "Actual Startup Time": 0.123,
                                                        "Actual Total Time": 9.171,
                                                        "Actual Rows": 18539,
                                                        "Actual Loops": 1
                                                    },
                                                    {
                                                        "Worker Number": 1,
                                                        "Actual Startup Time": 0.235,
                                                        "Actual Total Time": 10.045,
                                                        "Actual Rows": 18539,
                                                        "Actual Loops": 1
                                                    },
                                                    {
                                                        "Worker Number": 2,
                                                        "Actual Startup Time": 0.082,
                                                        "Actual Total Time": 9.124,
                                                        "Actual Rows": 18539,
                                                        "Actual Loops": 1
                                                    },
                                                    {
                                                        "Worker Number": 3,
                                                        "Actual Startup Time": 0.128,
                                                        "Actual Total Time": 9.184,
                                                        "Actual Rows": 18539,
                                                        "Actual Loops": 1
                                                    }
                                                ]
                                            }
                                        ]
                                    }
                                ]
                            }
                        ]
                    }
                ]
            }
        ]
    },
    "Planning Time": 0.81,
    "Triggers": [],
    "Execution Time": 155.746
}