[
  {
    "Plan": {
      "Node Type": "Aggregate",
      "Strategy": "Plain",
      "Partial Mode": "Finalize",
      "Parallel Aware": false,
      "Startup Cost": 352440.32,
      "Total Cost": 352440.33,
      "Plan Rows": 1,
      "Plan Width": 8,
      "Actual Startup Time": 1068.652,
      "Actual Total Time": 1164.323,
      "Actual Rows": 1,
      "Actual Loops": 1,
      "Plans": [
        {
          "Node Type": "Gather",
          "Parent Relationship": "Outer",
          "Parallel Aware": false,
          "Startup Cost": 352439.7,
          "Total Cost": 352440.3,
          "Plan Rows": 6,
          "Plan Width": 8,
          "Actual Startup Time": 1068.384,
          "Actual Total Time": 1164.303,
          "Actual Rows": 7,
          "Actual Loops": 1,
          "Workers Planned": 6,
          "Workers Launched": 6,
          "Single Copy": false,
          "Plans": [
            {
              "Node Type": "Aggregate",
              "Strategy": "Plain",
              "Partial Mode": "Partial",
              "Parent Relationship": "Outer",
              "Parallel Aware": false,
              "Startup Cost": 351439.7,
              "Total Cost": 351439.71,
              "Plan Rows": 1,
              "Plan Width": 8,
              "Actual Startup Time": 1057.613,
              "Actual Total Time": 1057.614,
              "Actual Rows": 1,
              "Actual Loops": 7,
              "Plans": [
                {
                  "Node Type": "Seq Scan",
                  "Parent Relationship": "Outer",
                  "Parallel Aware": true,
                  "Relation Name": "cast_info",
                  "Alias": "ci",
                  "Startup Cost": 0.0,
                  "Total Cost": 343316.27,
                  "Plan Rows": 3249370,
                  "Plan Width": 0,
                  "Actual Startup Time": 0.07,
                  "Actual Total Time": 875.364,
                  "Actual Rows": 3218328,
                  "Actual Loops": 7,
                  "Filter": "((person_id < 2539283) AND (role_id < 8))",
                  "Rows Removed by Filter": 1959436
                }
              ]
            }
          ]
        }
      ]
    },
    "Planning Time": 0.239,
    "Triggers": [],
    "Execution Time": 1164.403
  }
]