[
  {
    "Plan": {
      "Node Type": "Aggregate",
      "Strategy": "Plain",
      "Partial Mode": "Finalize",
      "Parallel Aware": false,
      "Startup Cost": 45511.5,
      "Total Cost": 45511.51,
      "Plan Rows": 1,
      "Plan Width": 8,
      "Actual Startup Time": 124.259,
      "Actual Total Time": 130.92,
      "Actual Rows": 1,
      "Actual Loops": 1,
      "Plans": [
        {
          "Node Type": "Gather",
          "Parent Relationship": "Outer",
          "Parallel Aware": false,
          "Startup Cost": 45511.18,
          "Total Cost": 45511.49,
          "Plan Rows": 3,
          "Plan Width": 8,
          "Actual Startup Time": 124.143,
          "Actual Total Time": 130.913,
          "Actual Rows": 4,
          "Actual Loops": 1,
          "Workers Planned": 3,
          "Workers Launched": 3,
          "Single Copy": false,
          "Plans": [
            {
              "Node Type": "Aggregate",
              "Strategy": "Plain",
              "Partial Mode": "Partial",
              "Parent Relationship": "Outer",
              "Parallel Aware": false,
              "Startup Cost": 44511.18,
              "Total Cost": 44511.19,
              "Plan Rows": 1,
              "Plan Width": 8,
              "Actual Startup Time": 121.506,
              "Actual Total Time": 121.507,
              "Actual Rows": 1,
              "Actual Loops": 4,
              "Plans": [
                {
                  "Node Type": "Seq Scan",
                  "Parent Relationship": "Outer",
                  "Parallel Aware": true,
                  "Relation Name": "movie_keyword",
                  "Alias": "mk",
                  "Startup Cost": 0.0,
                  "Total Cost": 42695.65,
                  "Plan Rows": 726211,
                  "Plan Width": 0,
                  "Actual Startup Time": 0.218,
                  "Actual Total Time": 97.367,
                  "Actual Rows": 562291,
                  "Actual Loops": 4,
                  "Filter": "(keyword_id > 4799)",
                  "Rows Removed by Filter": 568691
                }
              ]
            }
          ]
        }
      ]
    },
    "Planning Time": 0.076,
    "Triggers": [],
    "Execution Time": 130.943
  }
]