[
  {
    "Plan": {
      "Node Type": "Aggregate",
      "Strategy": "Plain",
      "Partial Mode": "Finalize",
      "Parallel Aware": false,
      "Startup Cost": 246338.0,
      "Total Cost": 246338.01,
      "Plan Rows": 1,
      "Plan Width": 8,
      "Actual Startup Time": 1128.152,
      "Actual Total Time": 1209.387,
      "Actual Rows": 1,
      "Actual Loops": 1,
      "Plans": [
        {
          "Node Type": "Gather",
          "Parent Relationship": "Outer",
          "Parallel Aware": false,
          "Startup Cost": 246337.47,
          "Total Cost": 246337.98,
          "Plan Rows": 5,
          "Plan Width": 8,
          "Actual Startup Time": 1127.449,
          "Actual Total Time": 1209.375,
          "Actual Rows": 6,
          "Actual Loops": 1,
          "Workers Planned": 5,
          "Workers Launched": 5,
          "Single Copy": false,
          "Plans": [
            {
              "Node Type": "Aggregate",
              "Strategy": "Plain",
              "Partial Mode": "Partial",
              "Parent Relationship": "Outer",
              "Parallel Aware": false,
              "Startup Cost": 245337.47,
              "Total Cost": 245337.48,
              "Plan Rows": 1,
              "Plan Width": 8,
              "Actual Startup Time": 1116.47,
              "Actual Total Time": 1116.476,
              "Actual Rows": 1,
              "Actual Loops": 6,
              "Plans": [
                {
                  "Node Type": "Hash Join",
                  "Parent Relationship": "Outer",
                  "Parallel Aware": true,
                  "Join Type": "Inner",
                  "Startup Cost": 45674.74,
                  "Total Cost": 245154.14,
                  "Plan Rows": 73333,
                  "Plan Width": 0,
                  "Actual Startup Time": 119.813,
                  "Actual Total Time": 1108.909,
                  "Actual Rows": 85280,
                  "Actual Loops": 6,
                  "Inner Unique": true,
                  "Hash Cond": "(mi.movie_id = t.id)",
                  "Plans": [
                    {
                      "Node Type": "Seq Scan",
                      "Parent Relationship": "Outer",
                      "Parallel Aware": true,
                      "Relation Name": "movie_info",
                      "Alias": "mi",
                      "Startup Cost": 0.0,
                      "Total Cost": 191685.19,
                      "Plan Rows": 2969219,
                      "Plan Width": 4,
                      "Actual Startup Time": 0.038,
                      "Actual Total Time": 519.277,
                      "Actual Rows": 2472620,
                      "Actual Loops": 6
                    },
                    {
                      "Node Type": "Hash",
                      "Parent Relationship": "Inner",
                      "Parallel Aware": true,
                      "Startup Cost": 45479.59,
                      "Total Cost": 45479.59,
                      "Plan Rows": 15612,
                      "Plan Width": 4,
                      "Actual Startup Time": 117.553,
                      "Actual Total Time": 117.556,
                      "Actual Rows": 8984,
                      "Actual Loops": 6,
                      "Hash Buckets": 65536,
                      "Original Hash Buckets": 65536,
                      "Hash Batches": 1,
                      "Original Hash Batches": 1,
                      "Peak Memory Usage": 2688,
                      "Plans": [
                        {
                          "Node Type": "Seq Scan",
                          "Parent Relationship": "Outer",
                          "Parallel Aware": true,
                          "Relation Name": "title",
                          "Alias": "t",
                          "Startup Cost": 0.0,
                          "Total Cost": 45479.59,
                          "Plan Rows": 15612,
                          "Plan Width": 4,
                          "Actual Startup Time": 0.141,
                          "Actual Total Time": 111.984,
                          "Actual Rows": 8984,
                          "Actual Loops": 6,
                          "Filter": "((kind_id < 7) AND (production_year = 2012))",
                          "Rows Removed by Filter": 412401
                        }
                      ]
                    }
                  ]
                }
              ]
            }
          ]
        }
      ]
    },
    "Planning Time": 3.639,
    "Triggers": [],
    "Execution Time": 1209.761
  }
]