[
  {
    "Plan": {
      "Node Type": "Aggregate",
      "Strategy": "Plain",
      "Partial Mode": "Finalize",
      "Parallel Aware": false,
      "Startup Cost": 89532.8,
      "Total Cost": 89532.81,
      "Plan Rows": 1,
      "Plan Width": 8,
      "Actual Startup Time": 303.069,
      "Actual Total Time": 321.923,
      "Actual Rows": 1,
      "Actual Loops": 1,
      "Plans": [
        {
          "Node Type": "Gather",
          "Parent Relationship": "Outer",
          "Parallel Aware": false,
          "Startup Cost": 89532.48,
          "Total Cost": 89532.79,
          "Plan Rows": 3,
          "Plan Width": 8,
          "Actual Startup Time": 302.73,
          "Actual Total Time": 321.913,
          "Actual Rows": 4,
          "Actual Loops": 1,
          "Workers Planned": 3,
          "Workers Launched": 3,
          "Single Copy": false,
          "Plans": [
            {
              "Node Type": "Aggregate",
              "Strategy": "Plain",
              "Partial Mode": "Partial",
              "Parent Relationship": "Outer",
              "Parallel Aware": false,
              "Startup Cost": 88532.48,
              "Total Cost": 88532.49,
              "Plan Rows": 1,
              "Plan Width": 8,
              "Actual Startup Time": 294.218,
              "Actual Total Time": 294.221,
              "Actual Rows": 1,
              "Actual Loops": 4,
              "Plans": [
                {
                  "Node Type": "Hash Join",
                  "Parent Relationship": "Outer",
                  "Parallel Aware": true,
                  "Join Type": "Inner",
                  "Startup Cost": 45599.02,
                  "Total Cost": 88477.1,
                  "Plan Rows": 22150,
                  "Plan Width": 0,
                  "Actual Startup Time": 104.38,
                  "Actual Total Time": 292.572,
                  "Actual Rows": 31971,
                  "Actual Loops": 4,
                  "Inner Unique": true,
                  "Hash Cond": "(mk.movie_id = t.id)",
                  "Plans": [
                    {
                      "Node Type": "Seq Scan",
                      "Parent Relationship": "Outer",
                      "Parallel Aware": true,
                      "Relation Name": "movie_keyword",
                      "Alias": "mk",
                      "Startup Cost": 0.0,
                      "Total Cost": 39047.32,
                      "Plan Rows": 1459332,
                      "Plan Width": 4,
                      "Actual Startup Time": 0.03,
                      "Actual Total Time": 98.273,
                      "Actual Rows": 1130982,
                      "Actual Loops": 4
                    },
                    {
                      "Node Type": "Hash",
                      "Parent Relationship": "Inner",
                      "Parallel Aware": true,
                      "Startup Cost": 45479.1,
                      "Total Cost": 45479.1,
                      "Plan Rows": 9594,
                      "Plan Width": 4,
                      "Actual Startup Time": 102.672,
                      "Actual Total Time": 102.672,
                      "Actual Rows": 8054,
                      "Actual Loops": 4,
                      "Hash Buckets": 65536,
                      "Original Hash Buckets": 65536,
                      "Hash Batches": 1,
                      "Original Hash Batches": 1,
                      "Peak Memory Usage": 1824,
                      "Plans": [
                        {
                          "Node Type": "Seq Scan",
                          "Parent Relationship": "Outer",
                          "Parallel Aware": true,
                          "Relation Name": "title",
                          "Alias": "t",
                          "Startup Cost": 0.0,
                          "Total Cost": 45479.1,
                          "Plan Rows": 9594,
                          "Plan Width": 4,
                          "Actual Startup Time": 0.234,
                          "Actual Total Time": 98.916,
                          "Actual Rows": 8054,
                          "Actual Loops": 4,
                          "Filter": "((kind_id < 3) AND (production_year = 2009))",
                          "Rows Removed by Filter": 624024
                        }
                      ]
                    }
                  ]
                }
              ]
            }
          ]
        }
      ]
    },
    "Planning Time": 0.651,
    "Triggers": [],
    "Execution Time": 321.999
  }
]