[
  {
    "Plan": {
      "Node Type": "Aggregate",
      "Strategy": "Plain",
      "Partial Mode": "Finalize",
      "Parallel Aware": false,
      "Startup Cost": 75196.3,
      "Total Cost": 75196.31,
      "Plan Rows": 1,
      "Plan Width": 8,
      "Actual Startup Time": 245.036,
      "Actual Total Time": 261.338,
      "Actual Rows": 1,
      "Actual Loops": 1,
      "Plans": [
        {
          "Node Type": "Gather",
          "Parent Relationship": "Outer",
          "Parallel Aware": false,
          "Startup Cost": 75195.98,
          "Total Cost": 75196.29,
          "Plan Rows": 3,
          "Plan Width": 8,
          "Actual Startup Time": 241.617,
          "Actual Total Time": 261.33,
          "Actual Rows": 4,
          "Actual Loops": 1,
          "Workers Planned": 3,
          "Workers Launched": 3,
          "Single Copy": false,
          "Plans": [
            {
              "Node Type": "Aggregate",
              "Strategy": "Plain",
              "Partial Mode": "Partial",
              "Parent Relationship": "Outer",
              "Parallel Aware": false,
              "Startup Cost": 74195.98,
              "Total Cost": 74195.99,
              "Plan Rows": 1,
              "Plan Width": 8,
              "Actual Startup Time": 234.063,
              "Actual Total Time": 234.069,
              "Actual Rows": 1,
              "Actual Loops": 4,
              "Plans": [
                {
                  "Node Type": "Hash Join",
                  "Parent Relationship": "Outer",
                  "Parallel Aware": true,
                  "Join Type": "Inner",
                  "Startup Cost": 49120.94,
                  "Total Cost": 74163.21,
                  "Plan Rows": 13107,
                  "Plan Width": 0,
                  "Actual Startup Time": 184.241,
                  "Actual Total Time": 232.765,
                  "Actual Rows": 23861,
                  "Actual Loops": 4,
                  "Inner Unique": true,
                  "Hash Cond": "(mk.movie_id = t.id)",
                  "Plans": [
                    {
                      "Node Type": "Bitmap Heap Scan",
                      "Parent Relationship": "Outer",
                      "Parallel Aware": true,
                      "Relation Name": "movie_keyword",
                      "Alias": "mk",
                      "Startup Cost": 2558.87,
                      "Total Cost": 27499.04,
                      "Plan Rows": 38894,
                      "Plan Width": 4,
                      "Actual Startup Time": 14.343,
                      "Actual Total Time": 48.102,
                      "Actual Rows": 30480,
                      "Actual Loops": 4,
                      "Recheck Cond": "(keyword_id < 117)",
                      "Rows Removed by Index Recheck": 0,
                      "Exact Heap Blocks": 8161,
                      "Lossy Heap Blocks": 0,
                      "Plans": [
                        {
                          "Node Type": "Bitmap Index Scan",
                          "Parent Relationship": "Outer",
                          "Parallel Aware": false,
                          "Index Name": "keyword_id_movie_keyword",
                          "Startup Cost": 0.0,
                          "Total Cost": 2528.72,
                          "Plan Rows": 120572,
                          "Plan Width": 0,
                          "Actual Startup Time": 11.07,
                          "Actual Total Time": 11.071,
                          "Actual Rows": 121921,
                          "Actual Loops": 1,
                          "Index Cond": "(keyword_id < 117)"
                        }
                      ]
                    },
                    {
                      "Node Type": "Hash",
                      "Parent Relationship": "Inner",
                      "Parallel Aware": true,
                      "Startup Cost": 43899.32,
                      "Total Cost": 43899.32,
                      "Plan Rows": 213020,
                      "Plan Width": 4,
                      "Actual Startup Time": 166.974,
                      "Actual Total Time": 166.975,
                      "Actual Rows": 213554,
                      "Actual Loops": 4,
                      "Hash Buckets": 1048576,
                      "Original Hash Buckets": 1048576,
                      "Hash Batches": 1,
                      "Original Hash Batches": 1,
                      "Peak Memory Usage": 41664,
                      "Plans": [
                        {
                          "Node Type": "Seq Scan",
                          "Parent Relationship": "Outer",
                          "Parallel Aware": true,
                          "Relation Name": "title",
                          "Alias": "t",
                          "Startup Cost": 0.0,
                          "Total Cost": 43899.32,
                          "Plan Rows": 213020,
                          "Plan Width": 4,
                          "Actual Startup Time": 0.041,
                          "Actual Total Time": 98.588,
                          "Actual Rows": 213554,
                          "Actual Loops": 4,
                          "Filter": "(kind_id < 4)",
                          "Rows Removed by Filter": 418524
                        }
                      ]
                    }
                  ]
                }
              ]
            }
          ]
        }
      ]
    },
    "Planning Time": 0.28,
    "Triggers": [],
    "Execution Time": 261.389
  }
]