{
  "Plan": {
    "Node Type": "Aggregate",
    "Strategy": "Plain",
    "Partial Mode": "Finalize",
    "Parallel Aware": false,
    "Startup Cost": 746952.22,
    "Total Cost": 746952.23,
    "Plan Rows": 1,
    "Plan Width": 8,
    "Actual Startup Time": 4952.869,
    "Actual Total Time": 5011.119,
    "Actual Rows": 1,
    "Actual Loops": 1,
    "Plans": [
      {
        "Node Type": "Gather",
        "Parent Relationship": "Outer",
        "Parallel Aware": false,
        "Startup Cost": 746952.11,
        "Total Cost": 746952.22,
        "Plan Rows": 1,
        "Plan Width": 8,
        "Actual Startup Time": 4949.012,
        "Actual Total Time": 5011.108,
        "Actual Rows": 2,
        "Actual Loops": 1,
        "Workers Planned": 1,
        "Workers Launched": 1,
        "Single Copy": false,
        "Plans": [
          {
            "Node Type": "Aggregate",
            "Strategy": "Plain",
            "Partial Mode": "Partial",
            "Parent Relationship": "Outer",
            "Parallel Aware": false,
            "Startup Cost": 745952.11,
            "Total Cost": 745952.12,
            "Plan Rows": 1,
            "Plan Width": 8,
            "Actual Startup Time": 4943.54,
            "Actual Total Time": 4944.34,
            "Actual Rows": 1,
            "Actual Loops": 2,
            "Plans": [
              {
                "Node Type": "Hash Join",
                "Parent Relationship": "Outer",
                "Parallel Aware": true,
                "Join Type": "Inner",
                "Startup Cost": 114482.61,
                "Total Cost": 733183.33,
                "Plan Rows": 5107511,
                "Plan Width": 0,
                "Actual Startup Time": 726.913,
                "Actual Total Time": 4800.834,
                "Actual Rows": 3474897,
                "Actual Loops": 2,
                "Inner Unique": false,
                "Hash Cond": "(ci.movie_id = t.id)",
                "Plans": [
                  {
                    "Node Type": "Seq Scan",
                    "Parent Relationship": "Outer",
                    "Parallel Aware": true,
                    "Relation Name": "cast_info",
                    "Alias": "ci",
                    "Startup Cost": 0.0,
                    "Total Cost": 519069.44,
                    "Plan Rows": 18556556,
                    "Plan Width": 4,
                    "Actual Startup Time": 0.024,
                    "Actual Total Time": 1830.412,
                    "Actual Rows": 15802604,
                    "Actual Loops": 2,
                    "Filter": "(role_id < 10)",
                    "Rows Removed by Filter": 2319568
                  },
                  {
                    "Node Type": "Hash",
                    "Parent Relationship": "Inner",
                    "Parallel Aware": true,
                    "Startup Cost": 109365.79,
                    "Total Cost": 109365.79,
                    "Plan Rows": 409346,
                    "Plan Width": 8,
                    "Actual Startup Time": 717.703,
                    "Actual Total Time": 718.501,
                    "Actual Rows": 179214,
                    "Actual Loops": 2,
                    "Hash Buckets": 1048576,
                    "Original Hash Buckets": 1048576,
                    "Hash Batches": 1,
                    "Original Hash Batches": 1,
                    "Peak Memory Usage": 22240,
                    "Plans": [
                      {
                        "Node Type": "Hash Join",
                        "Parent Relationship": "Outer",
                        "Parallel Aware": true,
                        "Join Type": "Inner",
                        "Startup Cost": 69626.33,
                        "Total Cost": 109365.79,
                        "Plan Rows": 409346,
                        "Plan Width": 8,
                        "Actual Startup Time": 404.005,
                        "Actual Total Time": 668.247,
                        "Actual Rows": 179214,
                        "Actual Loops": 2,
                        "Inner Unique": true,
                        "Hash Cond": "(mc.movie_id = t.id)",
                        "Plans": [
                          {
                            "Node Type": "Seq Scan",
                            "Parent Relationship": "Outer",
                            "Parallel Aware": true,
                            "Relation Name": "movie_companies",
                            "Alias": "mc",
                            "Startup Cost": 0.0,
                            "Total Cost": 37974.77,
                            "Plan Rows": 672261,
                            "Plan Width": 4,
                            "Actual Startup Time": 13.965,
                            "Actual Total Time": 109.128,
                            "Actual Rows": 572034,
                            "Actual Loops": 2,
                            "Filter": "(company_id > 13214)",
                            "Rows Removed by Filter": 732530
                          },
                          {
                            "Node Type": "Hash",
                            "Parent Relationship": "Inner",
                            "Parallel Aware": true,
                            "Startup Cost": 58306.47,
                            "Total Cost": 58306.47,
                            "Plan Rows": 905589,
                            "Plan Width": 4,
                            "Actual Startup Time": 380.757,
                            "Actual Total Time": 380.758,
                            "Actual Rows": 824770,
                            "Actual Loops": 2,
                            "Hash Buckets": 2097152,
                            "Original Hash Buckets": 2097152,
                            "Hash Batches": 1,
                            "Original Hash Batches": 1,
                            "Peak Memory Usage": 80960,
                            "Plans": [
                              {
                                "Node Type": "Seq Scan",
                                "Parent Relationship": "Outer",
                                "Parallel Aware": true,
                                "Relation Name": "title",
                                "Alias": "t",
                                "Startup Cost": 0.0,
                                "Total Cost": 58306.47,
                                "Plan Rows": 905589,
                                "Plan Width": 4,
                                "Actual Startup Time": 0.034,
                                "Actual Total Time": 167.187,
                                "Actual Rows": 824770,
                                "Actual Loops": 2,
                                "Filter": "((kind_id > 1) AND (production_year > 1970))",
                                "Rows Removed by Filter": 439386
                              }
                            ]
                          }
                        ]
                      }
                    ]
                  }
                ]
              }
            ]
          }
        ]
      }
    ]
  },
  "Planning Time": 1.035,
  "Triggers": [],
  "Execution Time": 5011.211
}