[
  {
    "Plan": {
      "Node Type": "Aggregate",
      "Strategy": "Plain",
      "Partial Mode": "Finalize",
      "Parallel Aware": false,
      "Startup Cost": 239145.57,
      "Total Cost": 239145.58,
      "Plan Rows": 1,
      "Plan Width": 8,
      "Actual Startup Time": 668.98,
      "Actual Total Time": 713.783,
      "Actual Rows": 1,
      "Actual Loops": 1,
      "Plans": [
        {
          "Node Type": "Gather",
          "Parent Relationship": "Outer",
          "Parallel Aware": false,
          "Startup Cost": 239145.05,
          "Total Cost": 239145.56,
          "Plan Rows": 5,
          "Plan Width": 8,
          "Actual Startup Time": 667.604,
          "Actual Total Time": 713.773,
          "Actual Rows": 6,
          "Actual Loops": 1,
          "Workers Planned": 5,
          "Workers Launched": 5,
          "Single Copy": false,
          "Plans": [
            {
              "Node Type": "Aggregate",
              "Strategy": "Plain",
              "Partial Mode": "Partial",
              "Parent Relationship": "Outer",
              "Parallel Aware": false,
              "Startup Cost": 238145.05,
              "Total Cost": 238145.06,
              "Plan Rows": 1,
              "Plan Width": 8,
              "Actual Startup Time": 656.837,
              "Actual Total Time": 656.842,
              "Actual Rows": 1,
              "Actual Loops": 6,
              "Plans": [
                {
                  "Node Type": "Hash Join",
                  "Parent Relationship": "Outer",
                  "Parallel Aware": true,
                  "Join Type": "Inner",
                  "Startup Cost": 38396.86,
                  "Total Cost": 237876.26,
                  "Plan Rows": 107514,
                  "Plan Width": 0,
                  "Actual Startup Time": 66.581,
                  "Actual Total Time": 650.403,
                  "Actual Rows": 133893,
                  "Actual Loops": 6,
                  "Inner Unique": true,
                  "Hash Cond": "(mi.movie_id = t.id)",
                  "Plans": [
                    {
                      "Node Type": "Seq Scan",
                      "Parent Relationship": "Outer",
                      "Parallel Aware": true,
                      "Relation Name": "movie_info",
                      "Alias": "mi",
                      "Startup Cost": 0.0,
                      "Total Cost": 191685.19,
                      "Plan Rows": 2969219,
                      "Plan Width": 4,
                      "Actual Startup Time": 0.033,
                      "Actual Total Time": 300.619,
                      "Actual Rows": 2472620,
                      "Actual Loops": 6
                    },
                    {
                      "Node Type": "Hash",
                      "Parent Relationship": "Inner",
                      "Parallel Aware": true,
                      "Startup Cost": 38110.76,
                      "Total Cost": 38110.76,
                      "Plan Rows": 22888,
                      "Plan Width": 4,
                      "Actual Startup Time": 55.578,
                      "Actual Total Time": 55.58,
                      "Actual Rows": 16743,
                      "Actual Loops": 6,
                      "Hash Buckets": 131072,
                      "Original Hash Buckets": 131072,
                      "Hash Batches": 1,
                      "Original Hash Batches": 1,
                      "Peak Memory Usage": 5024,
                      "Plans": [
                        {
                          "Node Type": "Bitmap Heap Scan",
                          "Parent Relationship": "Outer",
                          "Parallel Aware": true,
                          "Relation Name": "title",
                          "Alias": "t",
                          "Startup Cost": 1749.61,
                          "Total Cost": 38110.76,
                          "Plan Rows": 22888,
                          "Plan Width": 4,
                          "Actual Startup Time": 13.171,
                          "Actual Total Time": 47.704,
                          "Actual Rows": 16743,
                          "Actual Loops": 6,
                          "Recheck Cond": "(kind_id = 3)",
                          "Rows Removed by Index Recheck": 0,
                          "Filter": "(production_year > 1915)",
                          "Rows Removed by Filter": 13,
                          "Exact Heap Blocks": 5590,
                          "Lossy Heap Blocks": 0,
                          "Plans": [
                            {
                              "Node Type": "Bitmap Index Scan",
                              "Parent Relationship": "Outer",
                              "Parallel Aware": false,
                              "Index Name": "kind_id_title",
                              "Startup Cost": 0.0,
                              "Total Cost": 1726.72,
                              "Plan Rows": 96839,
                              "Plan Width": 0,
                              "Actual Startup Time": 13.898,
                              "Actual Total Time": 13.899,
                              "Actual Rows": 100537,
                              "Actual Loops": 1,
                              "Index Cond": "(kind_id = 3)"
                            }
                          ]
                        }
                      ]
                    }
                  ]
                }
              ]
            }
          ]
        }
      ]
    },
    "Planning Time": 0.673,
    "Triggers": [],
    "Execution Time": 713.91
  }
]