[
  {
    "Plan": {
      "Node Type": "Aggregate",
      "Strategy": "Plain",
      "Partial Mode": "Finalize",
      "Parallel Aware": false,
      "Startup Cost": 249725.87,
      "Total Cost": 249725.88,
      "Plan Rows": 1,
      "Plan Width": 8,
      "Actual Startup Time": 1451.069,
      "Actual Total Time": 1532.446,
      "Actual Rows": 1,
      "Actual Loops": 1,
      "Plans": [
        {
          "Node Type": "Gather",
          "Parent Relationship": "Outer",
          "Parallel Aware": false,
          "Startup Cost": 249725.35,
          "Total Cost": 249725.86,
          "Plan Rows": 5,
          "Plan Width": 8,
          "Actual Startup Time": 1445.484,
          "Actual Total Time": 1532.422,
          "Actual Rows": 6,
          "Actual Loops": 1,
          "Workers Planned": 5,
          "Workers Launched": 5,
          "Single Copy": false,
          "Plans": [
            {
              "Node Type": "Aggregate",
              "Strategy": "Plain",
              "Partial Mode": "Partial",
              "Parent Relationship": "Outer",
              "Parallel Aware": false,
              "Startup Cost": 248725.35,
              "Total Cost": 248725.36,
              "Plan Rows": 1,
              "Plan Width": 8,
              "Actual Startup Time": 1436.166,
              "Actual Total Time": 1436.171,
              "Actual Rows": 1,
              "Actual Loops": 6,
              "Plans": [
                {
                  "Node Type": "Hash Join",
                  "Parent Relationship": "Outer",
                  "Parallel Aware": true,
                  "Join Type": "Inner",
                  "Startup Cost": 47421.54,
                  "Total Cost": 246900.94,
                  "Plan Rows": 729763,
                  "Plan Width": 0,
                  "Actual Startup Time": 193.178,
                  "Actual Total Time": 1419.392,
                  "Actual Rows": 239967,
                  "Actual Loops": 6,
                  "Inner Unique": true,
                  "Hash Cond": "(mi.movie_id = t.id)",
                  "Plans": [
                    {
                      "Node Type": "Seq Scan",
                      "Parent Relationship": "Outer",
                      "Parallel Aware": true,
                      "Relation Name": "movie_info",
                      "Alias": "mi",
                      "Startup Cost": 0.0,
                      "Total Cost": 191685.19,
                      "Plan Rows": 2969219,
                      "Plan Width": 4,
                      "Actual Startup Time": 0.036,
                      "Actual Total Time": 490.866,
                      "Actual Rows": 2472620,
                      "Actual Loops": 6
                    },
                    {
                      "Node Type": "Hash",
                      "Parent Relationship": "Inner",
                      "Parallel Aware": true,
                      "Startup Cost": 45479.59,
                      "Total Cost": 45479.59,
                      "Plan Rows": 155356,
                      "Plan Width": 4,
                      "Actual Startup Time": 188.82,
                      "Actual Total Time": 188.821,
                      "Actual Rows": 113344,
                      "Actual Loops": 6,
                      "Hash Buckets": 1048576,
                      "Original Hash Buckets": 1048576,
                      "Hash Batches": 1,
                      "Original Hash Batches": 1,
                      "Peak Memory Usage": 34880,
                      "Plans": [
                        {
                          "Node Type": "Seq Scan",
                          "Parent Relationship": "Outer",
                          "Parallel Aware": true,
                          "Relation Name": "title",
                          "Alias": "t",
                          "Startup Cost": 0.0,
                          "Total Cost": 45479.59,
                          "Plan Rows": 155356,
                          "Plan Width": 4,
                          "Actual Startup Time": 0.047,
                          "Actual Total Time": 114.231,
                          "Actual Rows": 113344,
                          "Actual Loops": 6,
                          "Filter": "((kind_id > 4) AND (production_year > 2005))",
                          "Rows Removed by Filter": 308042
                        }
                      ]
                    }
                  ]
                }
              ]
            }
          ]
        }
      ]
    },
    "Planning Time": 0.302,
    "Triggers": [],
    "Execution Time": 1532.522
  }
]