[
    {
        "Bao": {
            "Bao prediction": "NaN",
            "Bao recommended hint": "(no hint)"
        }
    },
    {
        "Plan": {
            "Node Type": "Aggregate",
            "Strategy": "Plain",
            "Partial Mode": "Finalize",
            "Parallel Aware": false,
            "Startup Cost": 32757.04,
            "Total Cost": 32757.05,
            "Plan Rows": 1,
            "Plan Width": 8,
            "Actual Startup Time": 101.562,
            "Actual Total Time": 108.618,
            "Actual Rows": 1,
            "Actual Loops": 1,
            "Output": [
                "count(*)"
            ],
            "Plans": [
                {
                    "Node Type": "Gather",
                    "Parent Relationship": "Outer",
                    "Parallel Aware": false,
                    "Startup Cost": 32756.72,
                    "Total Cost": 32757.03,
                    "Plan Rows": 3,
                    "Plan Width": 8,
                    "Actual Startup Time": 101.412,
                    "Actual Total Time": 108.609,
                    "Actual Rows": 4,
                    "Actual Loops": 1,
                    "Output": [
                        "(PARTIAL count(*))"
                    ],
                    "Workers Planned": 3,
                    "Workers Launched": 3,
                    "Single Copy": false,
                    "Plans": [
                        {
                            "Node Type": "Aggregate",
                            "Strategy": "Plain",
                            "Partial Mode": "Partial",
                            "Parent Relationship": "Outer",
                            "Parallel Aware": false,
                            "Startup Cost": 31756.72,
                            "Total Cost": 31756.73,
                            "Plan Rows": 1,
                            "Plan Width": 8,
                            "Actual Startup Time": 93.257,
                            "Actual Total Time": 93.258,
                            "Actual Rows": 1,
                            "Actual Loops": 4,
                            "Output": [
                                "PARTIAL count(*)"
                            ],
                            "Workers": [
                                {
                                    "Worker Number": 0,
                                    "Actual Startup Time": 90.581,
                                    "Actual Total Time": 90.582,
                                    "Actual Rows": 1,
                                    "Actual Loops": 1
                                },
                                {
                                    "Worker Number": 1,
                                    "Actual Startup Time": 90.693,
                                    "Actual Total Time": 90.695,
                                    "Actual Rows": 1,
                                    "Actual Loops": 1
                                },
                                {
                                    "Worker Number": 2,
                                    "Actual Startup Time": 90.939,
                                    "Actual Total Time": 90.94,
                                    "Actual Rows": 1,
                                    "Actual Loops": 1
                                }
                            ],
                            "Plans": [
                                {
                                    "Node Type": "Seq Scan",
                                    "Parent Relationship": "Outer",
                                    "Parallel Aware": true,
                                    "Relation Name": "movie_companies",
                                    "Schema": "public",
                                    "Alias": "mc",
                                    "Startup Cost": 0.0,
                                    "Total Cost": 31414.82,
                                    "Plan Rows": 136762,
                                    "Plan Width": 0,
                                    "Actual Startup Time": 53.052,
                                    "Actual Total Time": 89.6,
                                    "Actual Rows": 60750,
                                    "Actual Loops": 4,
                                    "Output": [
                                        "id",
                                        "movie_id",
                                        "company_id",
                                        "company_type_id",
                                        "note"
                                    ],
                                    "Filter": "((mc.company_id < 2048) AND (mc.company_type_id = 2))",
                                    "Rows Removed by Filter": 591532,
                                    "Workers": [
                                        {
                                            "Worker Number": 0,
                                            "Actual Startup Time": 50.379,
                                            "Actual Total Time": 87.029,
                                            "Actual Rows": 50974,
                                            "Actual Loops": 1
                                        },
                                        {
                                            "Worker Number": 1,
                                            "Actual Startup Time": 50.483,
                                            "Actual Total Time": 87.34,
                                            "Actual Rows": 79114,
                                            "Actual Loops": 1
                                        },
                                        {
                                            "Worker Number": 2,
                                            "Actual Startup Time": 50.737,
                                            "Actual Total Time": 87.409,
                                            "Actual Rows": 50991,
                                            "Actual Loops": 1
                                        }
                                    ]
                                }
                            ]
                        }
                    ]
                }
            ]
        },
        "Planning Time": 306.122,
        "Triggers": [],
        "Execution Time": 108.752
    }
]