[
  {
    "Plan": {
      "Node Type": "Aggregate",
      "Strategy": "Plain",
      "Partial Mode": "Finalize",
      "Parallel Aware": false,
      "Startup Cost": 95303.11,
      "Total Cost": 95303.12,
      "Plan Rows": 1,
      "Plan Width": 8,
      "Actual Startup Time": 789.201,
      "Actual Total Time": 818.556,
      "Actual Rows": 1,
      "Actual Loops": 1,
      "Plans": [
        {
          "Node Type": "Gather",
          "Parent Relationship": "Outer",
          "Parallel Aware": false,
          "Startup Cost": 95302.79,
          "Total Cost": 95303.1,
          "Plan Rows": 3,
          "Plan Width": 8,
          "Actual Startup Time": 770.397,
          "Actual Total Time": 818.535,
          "Actual Rows": 4,
          "Actual Loops": 1,
          "Workers Planned": 3,
          "Workers Launched": 3,
          "Single Copy": false,
          "Plans": [
            {
              "Node Type": "Aggregate",
              "Strategy": "Plain",
              "Partial Mode": "Partial",
              "Parent Relationship": "Outer",
              "Parallel Aware": false,
              "Startup Cost": 94302.79,
              "Total Cost": 94302.8,
              "Plan Rows": 1,
              "Plan Width": 8,
              "Actual Startup Time": 757.046,
              "Actual Total Time": 757.051,
              "Actual Rows": 1,
              "Actual Loops": 4,
              "Plans": [
                {
                  "Node Type": "Hash Join",
                  "Parent Relationship": "Outer",
                  "Parallel Aware": true,
                  "Join Type": "Inner",
                  "Startup Cost": 49731.86,
                  "Total Cost": 93528.66,
                  "Plan Rows": 309653,
                  "Plan Width": 0,
                  "Actual Startup Time": 459.891,
                  "Actual Total Time": 742.901,
                  "Actual Rows": 216892,
                  "Actual Loops": 4,
                  "Inner Unique": true,
                  "Hash Cond": "(mk.movie_id = t.id)",
                  "Plans": [
                    {
                      "Node Type": "Seq Scan",
                      "Parent Relationship": "Outer",
                      "Parallel Aware": true,
                      "Relation Name": "movie_keyword",
                      "Alias": "mk",
                      "Startup Cost": 0.0,
                      "Total Cost": 42695.65,
                      "Plan Rows": 419485,
                      "Plan Width": 4,
                      "Actual Startup Time": 0.044,
                      "Actual Total Time": 152.076,
                      "Actual Rows": 325635,
                      "Actual Loops": 4,
                      "Filter": "(keyword_id < 1700)",
                      "Rows Removed by Filter": 805348
                    },
                    {
                      "Node Type": "Hash",
                      "Parent Relationship": "Inner",
                      "Parallel Aware": true,
                      "Startup Cost": 43899.32,
                      "Total Cost": 43899.32,
                      "Plan Rows": 466603,
                      "Plan Width": 4,
                      "Actual Startup Time": 451.759,
                      "Actual Total Time": 451.761,
                      "Actual Rows": 463202,
                      "Actual Loops": 4,
                      "Hash Buckets": 2097152,
                      "Original Hash Buckets": 2097152,
                      "Hash Batches": 1,
                      "Original Hash Batches": 1,
                      "Peak Memory Usage": 88928,
                      "Plans": [
                        {
                          "Node Type": "Seq Scan",
                          "Parent Relationship": "Outer",
                          "Parallel Aware": true,
                          "Relation Name": "title",
                          "Alias": "t",
                          "Startup Cost": 0.0,
                          "Total Cost": 43899.32,
                          "Plan Rows": 466603,
                          "Plan Width": 4,
                          "Actual Startup Time": 0.071,
                          "Actual Total Time": 170.715,
                          "Actual Rows": 463202,
                          "Actual Loops": 4,
                          "Filter": "(production_year > 1985)",
                          "Rows Removed by Filter": 168876
                        }
                      ]
                    }
                  ]
                }
              ]
            }
          ]
        }
      ]
    },
    "Planning Time": 0.653,
    "Triggers": [],
    "Execution Time": 818.636
  }
]