[
  {
    "Plan": {
      "Node Type": "Aggregate",
      "Strategy": "Plain",
      "Partial Mode": "Finalize",
      "Parallel Aware": false,
      "Startup Cost": 409891.0,
      "Total Cost": 409891.01,
      "Plan Rows": 1,
      "Plan Width": 8,
      "Actual Startup Time": 1758.846,
      "Actual Total Time": 1825.588,
      "Actual Rows": 1,
      "Actual Loops": 1,
      "Plans": [
        {
          "Node Type": "Gather",
          "Parent Relationship": "Outer",
          "Parallel Aware": false,
          "Startup Cost": 409890.38,
          "Total Cost": 409890.99,
          "Plan Rows": 6,
          "Plan Width": 8,
          "Actual Startup Time": 1749.956,
          "Actual Total Time": 1825.573,
          "Actual Rows": 7,
          "Actual Loops": 1,
          "Workers Planned": 6,
          "Workers Launched": 6,
          "Single Copy": false,
          "Plans": [
            {
              "Node Type": "Aggregate",
              "Strategy": "Plain",
              "Partial Mode": "Partial",
              "Parent Relationship": "Outer",
              "Parallel Aware": false,
              "Startup Cost": 408890.38,
              "Total Cost": 408890.39,
              "Plan Rows": 1,
              "Plan Width": 8,
              "Actual Startup Time": 1738.808,
              "Actual Total Time": 1739.061,
              "Actual Rows": 1,
              "Actual Loops": 7,
              "Plans": [
                {
                  "Node Type": "Hash Join",
                  "Parent Relationship": "Outer",
                  "Parallel Aware": true,
                  "Join Type": "Inner",
                  "Startup Cost": 68487.35,
                  "Total Cost": 406883.04,
                  "Plan Rows": 802934,
                  "Plan Width": 0,
                  "Actual Startup Time": 361.508,
                  "Actual Total Time": 1663.751,
                  "Actual Rows": 1474798,
                  "Actual Loops": 7,
                  "Inner Unique": false,
                  "Hash Cond": "(ci.movie_id = t.id)",
                  "Plans": [
                    {
                      "Node Type": "Seq Scan",
                      "Parent Relationship": "Outer",
                      "Parallel Aware": true,
                      "Relation Name": "cast_info",
                      "Alias": "ci",
                      "Startup Cost": 0.0,
                      "Total Cost": 328162.03,
                      "Plan Rows": 2193691,
                      "Plan Width": 4,
                      "Actual Startup Time": 0.031,
                      "Actual Total Time": 635.221,
                      "Actual Rows": 1880288,
                      "Actual Loops": 7,
                      "Filter": "(person_id < 1299581)",
                      "Rows Removed by Filter": 3297475
                    },
                    {
                      "Node Type": "Hash",
                      "Parent Relationship": "Inner",
                      "Parallel Aware": true,
                      "Startup Cost": 65595.46,
                      "Total Cost": 65595.46,
                      "Plan Rows": 231351,
                      "Plan Width": 8,
                      "Actual Startup Time": 358.077,
                      "Actual Total Time": 358.329,
                      "Actual Rows": 131444,
                      "Actual Loops": 7,
                      "Hash Buckets": 1048576,
                      "Original Hash Buckets": 1048576,
                      "Hash Batches": 1,
                      "Original Hash Batches": 1,
                      "Peak Memory Usage": 44288,
                      "Plans": [
                        {
                          "Node Type": "Hash Join",
                          "Parent Relationship": "Outer",
                          "Parallel Aware": true,
                          "Join Type": "Inner",
                          "Startup Cost": 19942.49,
                          "Total Cost": 65595.46,
                          "Plan Rows": 231351,
                          "Plan Width": 8,
                          "Actual Startup Time": 110.429,
                          "Actual Total Time": 304.982,
                          "Actual Rows": 131444,
                          "Actual Loops": 7,
                          "Inner Unique": false,
                          "Hash Cond": "(t.id = mi_idx.movie_id)",
                          "Plans": [
                            {
                              "Node Type": "Seq Scan",
                              "Parent Relationship": "Outer",
                              "Parallel Aware": true,
                              "Relation Name": "title",
                              "Alias": "t",
                              "Startup Cost": 0.0,
                              "Total Cost": 42318.73,
                              "Plan Rows": 632073,
                              "Plan Width": 4,
                              "Actual Startup Time": 0.019,
                              "Actual Total Time": 63.154,
                              "Actual Rows": 361187,
                              "Actual Loops": 7
                            },
                            {
                              "Node Type": "Hash",
                              "Parent Relationship": "Inner",
                              "Parallel Aware": true,
                              "Startup Cost": 15122.68,
                              "Total Cost": 15122.68,
                              "Plan Rows": 385585,
                              "Plan Width": 4,
                              "Actual Startup Time": 108.754,
                              "Actual Total Time": 108.755,
                              "Actual Rows": 131444,
                              "Actual Loops": 7,
                              "Hash Buckets": 1048576,
                              "Original Hash Buckets": 1048576,
                              "Hash Batches": 1,
                              "Original Hash Batches": 1,
                              "Peak Memory Usage": 44288,
                              "Plans": [
                                {
                                  "Node Type": "Seq Scan",
                                  "Parent Relationship": "Outer",
                                  "Parallel Aware": true,
                                  "Relation Name": "movie_info_idx",
                                  "Alias": "mi_idx",
                                  "Startup Cost": 0.0,
                                  "Total Cost": 15122.68,
                                  "Plan Rows": 385585,
                                  "Plan Width": 4,
                                  "Actual Startup Time": 0.087,
                                  "Actual Total Time": 41.706,
                                  "Actual Rows": 131444,
                                  "Actual Loops": 7,
                                  "Filter": "(info_type_id > 99)",
                                  "Rows Removed by Filter": 65704
                                }
                              ]
                            }
                          ]
                        }
                      ]
                    }
                  ]
                }
              ]
            }
          ]
        }
      ]
    },
    "Planning Time": 1.282,
    "Triggers": [],
    "Execution Time": 1825.693
  }
]