[
  {
    "Plan": {
      "Node Type": "Aggregate",
      "Strategy": "Plain",
      "Partial Mode": "Finalize",
      "Parallel Aware": false,
      "Startup Cost": 127967.63,
      "Total Cost": 127967.64,
      "Plan Rows": 1,
      "Plan Width": 8,
      "Actual Startup Time": 133.501,
      "Actual Total Time": 161.794,
      "Actual Rows": 1,
      "Actual Loops": 1,
      "Plans": [
        {
          "Node Type": "Gather",
          "Parent Relationship": "Outer",
          "Parallel Aware": false,
          "Startup Cost": 127967.21,
          "Total Cost": 127967.62,
          "Plan Rows": 4,
          "Plan Width": 8,
          "Actual Startup Time": 133.041,
          "Actual Total Time": 161.776,
          "Actual Rows": 5,
          "Actual Loops": 1,
          "Workers Planned": 4,
          "Workers Launched": 4,
          "Single Copy": false,
          "Plans": [
            {
              "Node Type": "Aggregate",
              "Strategy": "Plain",
              "Partial Mode": "Partial",
              "Parent Relationship": "Outer",
              "Parallel Aware": false,
              "Startup Cost": 126967.21,
              "Total Cost": 126967.22,
              "Plan Rows": 1,
              "Plan Width": 8,
              "Actual Startup Time": 126.153,
              "Actual Total Time": 126.157,
              "Actual Rows": 1,
              "Actual Loops": 5,
              "Plans": [
                {
                  "Node Type": "Nested Loop",
                  "Parent Relationship": "Outer",
                  "Parallel Aware": false,
                  "Join Type": "Inner",
                  "Startup Cost": 0.56,
                  "Total Cost": 126964.0,
                  "Plan Rows": 1284,
                  "Plan Width": 0,
                  "Actual Startup Time": 61.951,
                  "Actual Total Time": 126.053,
                  "Actual Rows": 544,
                  "Actual Loops": 5,
                  "Inner Unique": false,
                  "Plans": [
                    {
                      "Node Type": "Seq Scan",
                      "Parent Relationship": "Outer",
                      "Parallel Aware": true,
                      "Relation Name": "title",
                      "Alias": "t",
                      "Startup Cost": 0.0,
                      "Total Cost": 43899.32,
                      "Plan Rows": 674,
                      "Plan Width": 4,
                      "Actual Startup Time": 59.162,
                      "Actual Total Time": 89.1,
                      "Actual Rows": 560,
                      "Actual Loops": 5,
                      "Filter": "(production_year = 1929)",
                      "Rows Removed by Filter": 505102
                    },
                    {
                      "Node Type": "Index Scan",
                      "Parent Relationship": "Inner",
                      "Parallel Aware": false,
                      "Scan Direction": "Forward",
                      "Index Name": "movie_id_cast_info",
                      "Relation Name": "cast_info",
                      "Alias": "ci",
                      "Startup Cost": 0.56,
                      "Total Cost": 123.19,
                      "Plan Rows": 5,
                      "Plan Width": 4,
                      "Actual Startup Time": 0.059,
                      "Actual Total Time": 0.065,
                      "Actual Rows": 1,
                      "Actual Loops": 2800,
                      "Index Cond": "(movie_id = t.id)",
                      "Rows Removed by Index Recheck": 0,
                      "Filter": "(person_id > 3199351)",
                      "Rows Removed by Filter": 9
                    }
                  ]
                }
              ]
            }
          ]
        }
      ]
    },
    "Planning Time": 0.329,
    "Triggers": [],
    "Execution Time": 161.844
  }
]