[
  {
    "Plan": {
      "Node Type": "Aggregate",
      "Strategy": "Plain",
      "Partial Mode": "Finalize",
      "Parallel Aware": false,
      "Startup Cost": 32085.55,
      "Total Cost": 32085.56,
      "Plan Rows": 1,
      "Plan Width": 8,
      "Actual Startup Time": 118.378,
      "Actual Total Time": 126.113,
      "Actual Rows": 1,
      "Actual Loops": 1,
      "Plans": [
        {
          "Node Type": "Gather",
          "Parent Relationship": "Outer",
          "Parallel Aware": false,
          "Startup Cost": 32085.23,
          "Total Cost": 32085.54,
          "Plan Rows": 3,
          "Plan Width": 8,
          "Actual Startup Time": 118.284,
          "Actual Total Time": 126.105,
          "Actual Rows": 4,
          "Actual Loops": 1,
          "Workers Planned": 3,
          "Workers Launched": 3,
          "Single Copy": false,
          "Plans": [
            {
              "Node Type": "Aggregate",
              "Strategy": "Plain",
              "Partial Mode": "Partial",
              "Parent Relationship": "Outer",
              "Parallel Aware": false,
              "Startup Cost": 31085.23,
              "Total Cost": 31085.24,
              "Plan Rows": 1,
              "Plan Width": 8,
              "Actual Startup Time": 110.714,
              "Actual Total Time": 110.715,
              "Actual Rows": 1,
              "Actual Loops": 4,
              "Plans": [
                {
                  "Node Type": "Seq Scan",
                  "Parent Relationship": "Outer",
                  "Parallel Aware": true,
                  "Relation Name": "movie_companies",
                  "Alias": "mc",
                  "Startup Cost": 0.0,
                  "Total Cost": 29310.68,
                  "Plan Rows": 709821,
                  "Plan Width": 0,
                  "Actual Startup Time": 0.044,
                  "Actual Total Time": 83.921,
                  "Actual Rows": 549128,
                  "Actual Loops": 4,
                  "Filter": "(company_id < 80759)",
                  "Rows Removed by Filter": 103154
                }
              ]
            }
          ]
        }
      ]
    },
    "Planning Time": 0.245,
    "Triggers": [],
    "Execution Time": 126.172
  }
]