{
  "Plan": {
    "Node Type": "Aggregate",
    "Strategy": "Plain",
    "Partial Mode": "Simple",
    "Parallel Aware": false,
    "Startup Cost": 791.43,
    "Total Cost": 791.44,
    "Plan Rows": 1,
    "Plan Width": 8,
    "Actual Startup Time": 2.553,
    "Actual Total Time": 2.556,
    "Actual Rows": 1,
    "Actual Loops": 1,
    "Plans": [
      {
        "Node Type": "Nested Loop",
        "Parent Relationship": "Outer",
        "Parallel Aware": false,
        "Join Type": "Inner",
        "Startup Cost": 1.42,
        "Total Cost": 791.03,
        "Plan Rows": 158,
        "Plan Width": 0,
        "Actual Startup Time": 0.729,
        "Actual Total Time": 2.517,
        "Actual Rows": 156,
        "Actual Loops": 1,
        "Inner Unique": false,
        "Plans": [
          {
            "Node Type": "Nested Loop",
            "Parent Relationship": "Outer",
            "Parallel Aware": false,
            "Join Type": "Inner",
            "Startup Cost": 0.86,
            "Total Cost": 713.23,
            "Plan Rows": 32,
            "Plan Width": 8,
            "Actual Startup Time": 0.69,
            "Actual Total Time": 1.728,
            "Actual Rows": 13,
            "Actual Loops": 1,
            "Inner Unique": true,
            "Plans": [
              {
                "Node Type": "Index Scan",
                "Parent Relationship": "Outer",
                "Parallel Aware": false,
                "Scan Direction": "Forward",
                "Index Name": "company_id_movie_companies",
                "Relation Name": "movie_companies",
                "Alias": "mc",
                "Startup Cost": 0.43,
                "Total Cost": 273.83,
                "Plan Rows": 52,
                "Plan Width": 4,
                "Actual Startup Time": 0.488,
                "Actual Total Time": 0.678,
                "Actual Rows": 91,
                "Actual Loops": 1,
                "Index Cond": "(company_id = 1532)",
                "Rows Removed by Index Recheck": 0,
                "Filter": "(company_type_id = 2)",
                "Rows Removed by Filter": 260
              },
              {
                "Node Type": "Index Scan",
                "Parent Relationship": "Inner",
                "Parallel Aware": false,
                "Scan Direction": "Forward",
                "Index Name": "title_pkey",
                "Relation Name": "title",
                "Alias": "t",
                "Startup Cost": 0.43,
                "Total Cost": 8.45,
                "Plan Rows": 1,
                "Plan Width": 4,
                "Actual Startup Time": 0.011,
                "Actual Total Time": 0.011,
                "Actual Rows": 0,
                "Actual Loops": 91,
                "Index Cond": "(id = mc.movie_id)",
                "Rows Removed by Index Recheck": 0,
                "Filter": "(kind_id = 7)",
                "Rows Removed by Filter": 1
              }
            ]
          },
          {
            "Node Type": "Index Scan",
            "Parent Relationship": "Inner",
            "Parallel Aware": false,
            "Scan Direction": "Forward",
            "Index Name": "movie_id_cast_info",
            "Relation Name": "cast_info",
            "Alias": "ci",
            "Startup Cost": 0.56,
            "Total Cost": 2.3,
            "Plan Rows": 13,
            "Plan Width": 4,
            "Actual Startup Time": 0.01,
            "Actual Total Time": 0.056,
            "Actual Rows": 12,
            "Actual Loops": 13,
            "Index Cond": "(movie_id = t.id)",
            "Rows Removed by Index Recheck": 0,
            "Filter": "(role_id < 2)",
            "Rows Removed by Filter": 24
          }
        ]
      }
    ]
  },
  "Planning Time": 0.979,
  "Triggers": [],
  "Execution Time": 2.621
}