[
  {
    "Plan": {
      "Node Type": "Aggregate",
      "Strategy": "Plain",
      "Partial Mode": "Finalize",
      "Parallel Aware": false,
      "Startup Cost": 347197.57,
      "Total Cost": 347197.58,
      "Plan Rows": 1,
      "Plan Width": 8,
      "Actual Startup Time": 768.309,
      "Actual Total Time": 817.008,
      "Actual Rows": 1,
      "Actual Loops": 1,
      "Plans": [
        {
          "Node Type": "Gather",
          "Parent Relationship": "Outer",
          "Parallel Aware": false,
          "Startup Cost": 347196.95,
          "Total Cost": 347197.56,
          "Plan Rows": 6,
          "Plan Width": 8,
          "Actual Startup Time": 768.126,
          "Actual Total Time": 816.995,
          "Actual Rows": 7,
          "Actual Loops": 1,
          "Workers Planned": 6,
          "Workers Launched": 6,
          "Single Copy": false,
          "Plans": [
            {
              "Node Type": "Aggregate",
              "Strategy": "Plain",
              "Partial Mode": "Partial",
              "Parent Relationship": "Outer",
              "Parallel Aware": false,
              "Startup Cost": 346196.95,
              "Total Cost": 346196.96,
              "Plan Rows": 1,
              "Plan Width": 8,
              "Actual Startup Time": 761.439,
              "Actual Total Time": 761.44,
              "Actual Rows": 1,
              "Actual Loops": 7,
              "Plans": [
                {
                  "Node Type": "Seq Scan",
                  "Parent Relationship": "Outer",
                  "Parallel Aware": true,
                  "Relation Name": "cast_info",
                  "Alias": "ci",
                  "Startup Cost": 0.0,
                  "Total Cost": 343316.27,
                  "Plan Rows": 1152271,
                  "Plan Width": 0,
                  "Actual Startup Time": 357.637,
                  "Actual Total Time": 681.934,
                  "Actual Rows": 1541833,
                  "Actual Loops": 7,
                  "Filter": "((person_id > 2108065) AND (role_id > 2))",
                  "Rows Removed by Filter": 3635930
                }
              ]
            }
          ]
        }
      ]
    },
    "Planning Time": 0.07,
    "Triggers": [],
    "Execution Time": 817.048
  }
]