{
  "Plan": {
    "Node Type": "Aggregate",
    "Strategy": "Plain",
    "Partial Mode": "Finalize",
    "Parallel Aware": false,
    "Startup Cost": 2508102.75,
    "Total Cost": 2508102.76,
    "Plan Rows": 1,
    "Plan Width": 8,
    "Actual Startup Time": 19884.19,
    "Actual Total Time": 19992.729,
    "Actual Rows": 1,
    "Actual Loops": 1,
    "Plans": [
      {
        "Node Type": "Gather",
        "Parent Relationship": "Outer",
        "Parallel Aware": false,
        "Startup Cost": 2508102.63,
        "Total Cost": 2508102.74,
        "Plan Rows": 1,
        "Plan Width": 8,
        "Actual Startup Time": 19881.524,
        "Actual Total Time": 19992.721,
        "Actual Rows": 2,
        "Actual Loops": 1,
        "Workers Planned": 1,
        "Workers Launched": 1,
        "Single Copy": false,
        "Plans": [
          {
            "Node Type": "Aggregate",
            "Strategy": "Plain",
            "Partial Mode": "Partial",
            "Parent Relationship": "Outer",
            "Parallel Aware": false,
            "Startup Cost": 2507102.63,
            "Total Cost": 2507102.64,
            "Plan Rows": 1,
            "Plan Width": 8,
            "Actual Startup Time": 19873.24,
            "Actual Total Time": 19873.244,
            "Actual Rows": 1,
            "Actual Loops": 2,
            "Plans": [
              {
                "Node Type": "Hash Join",
                "Parent Relationship": "Outer",
                "Parallel Aware": true,
                "Join Type": "Inner",
                "Startup Cost": 49851.14,
                "Total Cost": 2487779.17,
                "Plan Rows": 7729384,
                "Plan Width": 0,
                "Actual Startup Time": 289.085,
                "Actual Total Time": 19317.655,
                "Actual Rows": 13083388,
                "Actual Loops": 2,
                "Inner Unique": false,
                "Hash Cond": "(t.id = mc.movie_id)",
                "Plans": [
                  {
                    "Node Type": "Merge Join",
                    "Parent Relationship": "Outer",
                    "Parallel Aware": false,
                    "Join Type": "Inner",
                    "Startup Cost": 42.96,
                    "Total Cost": 2280194.59,
                    "Plan Rows": 17969510,
                    "Plan Width": 8,
                    "Actual Startup Time": 0.145,
                    "Actual Total Time": 16715.694,
                    "Actual Rows": 16102810,
                    "Actual Loops": 2,
                    "Inner Unique": true,
                    "Merge Cond": "(ci.movie_id = t.id)",
                    "Plans": [
                      {
                        "Node Type": "Index Only Scan",
                        "Parent Relationship": "Outer",
                        "Parallel Aware": true,
                        "Scan Direction": "Forward",
                        "Index Name": "movie_id_cast_info",
                        "Relation Name": "cast_info",
                        "Alias": "ci",
                        "Startup Cost": 0.56,
                        "Total Cost": 1925345.15,
                        "Plan Rows": 21310595,
                        "Plan Width": 4,
                        "Actual Startup Time": 0.103,
                        "Actual Total Time": 13340.337,
                        "Actual Rows": 18122172,
                        "Actual Loops": 2,
                        "Heap Fetches": 36244344
                      },
                      {
                        "Node Type": "Index Scan",
                        "Parent Relationship": "Inner",
                        "Parallel Aware": false,
                        "Scan Direction": "Forward",
                        "Index Name": "title_pkey",
                        "Relation Name": "title",
                        "Alias": "t",
                        "Startup Cost": 0.43,
                        "Total Cost": 116660.7,
                        "Plan Rows": 2131906,
                        "Plan Width": 4,
                        "Actual Startup Time": 0.031,
                        "Actual Total Time": 1506.011,
                        "Actual Rows": 2117470,
                        "Actual Loops": 2,
                        "Filter": "(production_year > 1967)",
                        "Rows Removed by Filter": 408495
                      }
                    ]
                  },
                  {
                    "Node Type": "Hash",
                    "Parent Relationship": "Inner",
                    "Parallel Aware": true,
                    "Startup Cost": 41811.73,
                    "Total Cost": 41811.73,
                    "Plan Rows": 639716,
                    "Plan Width": 4,
                    "Actual Startup Time": 274.721,
                    "Actual Total Time": 274.722,
                    "Actual Rows": 608834,
                    "Actual Loops": 2,
                    "Hash Buckets": 2097152,
                    "Original Hash Buckets": 2097152,
                    "Hash Batches": 1,
                    "Original Hash Batches": 1,
                    "Peak Memory Usage": 64064,
                    "Plans": [
                      {
                        "Node Type": "Seq Scan",
                        "Parent Relationship": "Outer",
                        "Parallel Aware": true,
                        "Relation Name": "movie_companies",
                        "Alias": "mc",
                        "Startup Cost": 0.0,
                        "Total Cost": 41811.73,
                        "Plan Rows": 639716,
                        "Plan Width": 4,
                        "Actual Startup Time": 63.383,
                        "Actual Total Time": 141.974,
                        "Actual Rows": 608834,
                        "Actual Loops": 2,
                        "Filter": "((company_id > 395) AND (company_type_id = 2))",
                        "Rows Removed by Filter": 695731
                      }
                    ]
                  }
                ]
              }
            ]
          }
        ]
      }
    ]
  },
  "Planning Time": 0.859,
  "Triggers": [],
  "Execution Time": 19992.84
}