[
  {
    "Plan": {
      "Node Type": "Aggregate",
      "Strategy": "Plain",
      "Partial Mode": "Finalize",
      "Parallel Aware": false,
      "Startup Cost": 46724.75,
      "Total Cost": 46724.76,
      "Plan Rows": 1,
      "Plan Width": 8,
      "Actual Startup Time": 166.693,
      "Actual Total Time": 174.582,
      "Actual Rows": 1,
      "Actual Loops": 1,
      "Plans": [
        {
          "Node Type": "Gather",
          "Parent Relationship": "Outer",
          "Parallel Aware": false,
          "Startup Cost": 46724.43,
          "Total Cost": 46724.74,
          "Plan Rows": 3,
          "Plan Width": 8,
          "Actual Startup Time": 166.575,
          "Actual Total Time": 174.575,
          "Actual Rows": 4,
          "Actual Loops": 1,
          "Workers Planned": 3,
          "Workers Launched": 3,
          "Single Copy": false,
          "Plans": [
            {
              "Node Type": "Aggregate",
              "Strategy": "Plain",
              "Partial Mode": "Partial",
              "Parent Relationship": "Outer",
              "Parallel Aware": false,
              "Startup Cost": 45724.43,
              "Total Cost": 45724.44,
              "Plan Rows": 1,
              "Plan Width": 8,
              "Actual Startup Time": 158.945,
              "Actual Total Time": 158.946,
              "Actual Rows": 1,
              "Actual Loops": 4,
              "Plans": [
                {
                  "Node Type": "Seq Scan",
                  "Parent Relationship": "Outer",
                  "Parallel Aware": true,
                  "Relation Name": "movie_keyword",
                  "Alias": "mk",
                  "Startup Cost": 0.0,
                  "Total Cost": 42695.65,
                  "Plan Rows": 1211511,
                  "Plan Width": 0,
                  "Actual Startup Time": 0.107,
                  "Actual Total Time": 115.254,
                  "Actual Rows": 938672,
                  "Actual Loops": 4,
                  "Filter": "(keyword_id > 723)",
                  "Rows Removed by Filter": 192311
                }
              ]
            }
          ]
        }
      ]
    },
    "Planning Time": 0.134,
    "Triggers": [],
    "Execution Time": 174.626
  }
]