[
    {
        "Bao": {
            "Bao prediction": "NaN",
            "Bao recommended hint": "(no hint)"
        }
    },
    {
        "Plan": {
            "Node Type": "Aggregate",
            "Strategy": "Plain",
            "Partial Mode": "Finalize",
            "Parallel Aware": false,
            "Startup Cost": 33052.42,
            "Total Cost": 33052.43,
            "Plan Rows": 1,
            "Plan Width": 8,
            "Actual Startup Time": 91.495,
            "Actual Total Time": 95.513,
            "Actual Rows": 1,
            "Actual Loops": 1,
            "Output": [
                "count(*)"
            ],
            "Plans": [
                {
                    "Node Type": "Gather",
                    "Parent Relationship": "Outer",
                    "Parallel Aware": false,
                    "Startup Cost": 33052.1,
                    "Total Cost": 33052.41,
                    "Plan Rows": 3,
                    "Plan Width": 8,
                    "Actual Startup Time": 91.386,
                    "Actual Total Time": 95.506,
                    "Actual Rows": 4,
                    "Actual Loops": 1,
                    "Output": [
                        "(PARTIAL count(*))"
                    ],
                    "Workers Planned": 3,
                    "Workers Launched": 3,
                    "Single Copy": false,
                    "Plans": [
                        {
                            "Node Type": "Aggregate",
                            "Strategy": "Plain",
                            "Partial Mode": "Partial",
                            "Parent Relationship": "Outer",
                            "Parallel Aware": false,
                            "Startup Cost": 32052.1,
                            "Total Cost": 32052.11,
                            "Plan Rows": 1,
                            "Plan Width": 8,
                            "Actual Startup Time": 83.126,
                            "Actual Total Time": 83.132,
                            "Actual Rows": 1,
                            "Actual Loops": 4,
                            "Output": [
                                "PARTIAL count(*)"
                            ],
                            "Workers": [
                                {
                                    "Worker Number": 0,
                                    "Actual Startup Time": 80.36,
                                    "Actual Total Time": 80.361,
                                    "Actual Rows": 1,
                                    "Actual Loops": 1
                                },
                                {
                                    "Worker Number": 1,
                                    "Actual Startup Time": 80.588,
                                    "Actual Total Time": 80.589,
                                    "Actual Rows": 1,
                                    "Actual Loops": 1
                                },
                                {
                                    "Worker Number": 2,
                                    "Actual Startup Time": 80.792,
                                    "Actual Total Time": 80.793,
                                    "Actual Rows": 1,
                                    "Actual Loops": 1
                                }
                            ],
                            "Plans": [
                                {
                                    "Node Type": "Seq Scan",
                                    "Parent Relationship": "Outer",
                                    "Parallel Aware": true,
                                    "Relation Name": "movie_companies",
                                    "Schema": "public",
                                    "Alias": "mc",
                                    "Startup Cost": 0.0,
                                    "Total Cost": 31414.82,
                                    "Plan Rows": 254913,
                                    "Plan Width": 0,
                                    "Actual Startup Time": 6.549,
                                    "Actual Total Time": 75.88,
                                    "Actual Rows": 144075,
                                    "Actual Loops": 4,
                                    "Output": [
                                        "id",
                                        "movie_id",
                                        "company_id",
                                        "company_type_id",
                                        "note"
                                    ],
                                    "Filter": "((mc.company_id > 4625) AND (mc.company_type_id = 1))",
                                    "Rows Removed by Filter": 508208,
                                    "Workers": [
                                        {
                                            "Worker Number": 0,
                                            "Actual Startup Time": 3.82,
                                            "Actual Total Time": 73.362,
                                            "Actual Rows": 133529,
                                            "Actual Loops": 1
                                        },
                                        {
                                            "Worker Number": 1,
                                            "Actual Startup Time": 4.005,
                                            "Actual Total Time": 73.641,
                                            "Actual Rows": 133427,
                                            "Actual Loops": 1
                                        },
                                        {
                                            "Worker Number": 2,
                                            "Actual Startup Time": 4.213,
                                            "Actual Total Time": 73.762,
                                            "Actual Rows": 135137,
                                            "Actual Loops": 1
                                        }
                                    ]
                                }
                            ]
                        }
                    ]
                }
            ]
        },
        "Planning Time": 188.911,
        "Triggers": [],
        "Execution Time": 95.606
    }
]