{
  "Plan": {
    "Node Type": "Aggregate",
    "Strategy": "Plain",
    "Partial Mode": "Finalize",
    "Parallel Aware": false,
    "Startup Cost": 431491.3,
    "Total Cost": 431491.31,
    "Plan Rows": 1,
    "Plan Width": 8,
    "Actual Startup Time": 3472.892,
    "Actual Total Time": 3560.853,
    "Actual Rows": 1,
    "Actual Loops": 1,
    "Plans": [
      {
        "Node Type": "Gather",
        "Parent Relationship": "Outer",
        "Parallel Aware": false,
        "Startup Cost": 431491.19,
        "Total Cost": 431491.3,
        "Plan Rows": 1,
        "Plan Width": 8,
        "Actual Startup Time": 3471.501,
        "Actual Total Time": 3560.843,
        "Actual Rows": 2,
        "Actual Loops": 1,
        "Workers Planned": 1,
        "Workers Launched": 1,
        "Single Copy": false,
        "Plans": [
          {
            "Node Type": "Aggregate",
            "Strategy": "Plain",
            "Partial Mode": "Partial",
            "Parent Relationship": "Outer",
            "Parallel Aware": false,
            "Startup Cost": 430491.19,
            "Total Cost": 430491.2,
            "Plan Rows": 1,
            "Plan Width": 8,
            "Actual Startup Time": 3465.313,
            "Actual Total Time": 3465.317,
            "Actual Rows": 1,
            "Actual Loops": 2,
            "Plans": [
              {
                "Node Type": "Nested Loop",
                "Parent Relationship": "Outer",
                "Parallel Aware": false,
                "Join Type": "Inner",
                "Startup Cost": 35391.3,
                "Total Cost": 429936.25,
                "Plan Rows": 221973,
                "Plan Width": 0,
                "Actual Startup Time": 161.222,
                "Actual Total Time": 3433.167,
                "Actual Rows": 605302,
                "Actual Loops": 2,
                "Inner Unique": false,
                "Plans": [
                  {
                    "Node Type": "Hash Join",
                    "Parent Relationship": "Outer",
                    "Parallel Aware": true,
                    "Join Type": "Inner",
                    "Startup Cost": 35390.73,
                    "Total Cost": 95165.06,
                    "Plan Rows": 128026,
                    "Plan Width": 8,
                    "Actual Startup Time": 138.456,
                    "Actual Total Time": 510.28,
                    "Actual Rows": 100544,
                    "Actual Loops": 2,
                    "Inner Unique": false,
                    "Hash Cond": "(t.id = mc.movie_id)",
                    "Plans": [
                      {
                        "Node Type": "Seq Scan",
                        "Parent Relationship": "Outer",
                        "Parallel Aware": true,
                        "Relation Name": "title",
                        "Alias": "t",
                        "Startup Cost": 0.0,
                        "Total Cost": 54588.39,
                        "Plan Rows": 709255,
                        "Plan Width": 4,
                        "Actual Startup Time": 0.013,
                        "Actual Total Time": 156.935,
                        "Actual Rows": 596259,
                        "Actual Loops": 2,
                        "Filter": "(production_year > 2003)",
                        "Rows Removed by Filter": 667897
                      },
                      {
                        "Node Type": "Hash",
                        "Parent Relationship": "Inner",
                        "Parallel Aware": true,
                        "Startup Cost": 32035.03,
                        "Total Cost": 32035.03,
                        "Plan Rows": 268456,
                        "Plan Width": 4,
                        "Actual Startup Time": 122.242,
                        "Actual Total Time": 122.243,
                        "Actual Rows": 231480,
                        "Actual Loops": 2,
                        "Hash Buckets": 524288,
                        "Original Hash Buckets": 524288,
                        "Hash Batches": 1,
                        "Original Hash Batches": 1,
                        "Peak Memory Usage": 22240,
                        "Plans": [
                          {
                            "Node Type": "Bitmap Heap Scan",
                            "Parent Relationship": "Outer",
                            "Parallel Aware": true,
                            "Relation Name": "movie_companies",
                            "Alias": "mc",
                            "Startup Cost": 9889.34,
                            "Total Cost": 32035.03,
                            "Plan Rows": 268456,
                            "Plan Width": 4,
                            "Actual Startup Time": 30.404,
                            "Actual Total Time": 76.006,
                            "Actual Rows": 231480,
                            "Actual Loops": 2,
                            "Recheck Cond": "(company_id > 76379)",
                            "Rows Removed by Index Recheck": 0,
                            "Exact Heap Blocks": 4593,
                            "Lossy Heap Blocks": 0,
                            "Plans": [
                              {
                                "Node Type": "Bitmap Index Scan",
                                "Parent Relationship": "Outer",
                                "Parallel Aware": false,
                                "Index Name": "company_id_movie_companies",
                                "Startup Cost": 0.0,
                                "Total Cost": 9775.24,
                                "Plan Rows": 456375,
                                "Plan Width": 0,
                                "Actual Startup Time": 30.01,
                                "Actual Total Time": 30.011,
                                "Actual Rows": 462961,
                                "Actual Loops": 1,
                                "Index Cond": "(company_id > 76379)"
                              }
                            ]
                          }
                        ]
                      }
                    ]
                  },
                  {
                    "Node Type": "Index Scan",
                    "Parent Relationship": "Inner",
                    "Parallel Aware": false,
                    "Scan Direction": "Forward",
                    "Index Name": "movie_id_cast_info",
                    "Relation Name": "cast_info",
                    "Alias": "ci",
                    "Startup Cost": 0.56,
                    "Total Cost": 2.57,
                    "Plan Rows": 4,
                    "Plan Width": 4,
                    "Actual Startup Time": 0.024,
                    "Actual Total Time": 0.028,
                    "Actual Rows": 6,
                    "Actual Loops": 201088,
                    "Index Cond": "(movie_id = t.id)",
                    "Rows Removed by Index Recheck": 0,
                    "Filter": "(role_id = 10)",
                    "Rows Removed by Filter": 23
                  }
                ]
              }
            ]
          }
        ]
      }
    ]
  },
  "Planning Time": 1.083,
  "Triggers": [],
  "Execution Time": 3560.981
}