[
  {
    "Plan": {
      "Node Type": "Aggregate",
      "Strategy": "Plain",
      "Partial Mode": "Finalize",
      "Parallel Aware": false,
      "Startup Cost": 32115.16,
      "Total Cost": 32115.17,
      "Plan Rows": 1,
      "Plan Width": 8,
      "Actual Startup Time": 124.969,
      "Actual Total Time": 133.516,
      "Actual Rows": 1,
      "Actual Loops": 1,
      "Plans": [
        {
          "Node Type": "Gather",
          "Parent Relationship": "Outer",
          "Parallel Aware": false,
          "Startup Cost": 32114.84,
          "Total Cost": 32115.15,
          "Plan Rows": 3,
          "Plan Width": 8,
          "Actual Startup Time": 124.829,
          "Actual Total Time": 133.509,
          "Actual Rows": 4,
          "Actual Loops": 1,
          "Workers Planned": 3,
          "Workers Launched": 3,
          "Single Copy": false,
          "Plans": [
            {
              "Node Type": "Aggregate",
              "Strategy": "Plain",
              "Partial Mode": "Partial",
              "Parent Relationship": "Outer",
              "Parallel Aware": false,
              "Startup Cost": 31114.84,
              "Total Cost": 31114.85,
              "Plan Rows": 1,
              "Plan Width": 8,
              "Actual Startup Time": 116.482,
              "Actual Total Time": 116.483,
              "Actual Rows": 1,
              "Actual Loops": 4,
              "Plans": [
                {
                  "Node Type": "Seq Scan",
                  "Parent Relationship": "Outer",
                  "Parallel Aware": true,
                  "Relation Name": "movie_companies",
                  "Alias": "mc",
                  "Startup Cost": 0.0,
                  "Total Cost": 29310.68,
                  "Plan Rows": 721663,
                  "Plan Width": 0,
                  "Actual Startup Time": 0.075,
                  "Actual Total Time": 88.193,
                  "Actual Rows": 559652,
                  "Actual Loops": 4,
                  "Filter": "(company_id > 197)",
                  "Rows Removed by Filter": 92630
                }
              ]
            }
          ]
        }
      ]
    },
    "Planning Time": 0.105,
    "Triggers": [],
    "Execution Time": 133.553
  }
]