[
  {
    "Plan": {
      "Node Type": "Aggregate",
      "Strategy": "Plain",
      "Partial Mode": "Finalize",
      "Parallel Aware": false,
      "Startup Cost": 107652.41,
      "Total Cost": 107652.42,
      "Plan Rows": 1,
      "Plan Width": 8,
      "Actual Startup Time": 910.729,
      "Actual Total Time": 936.218,
      "Actual Rows": 1,
      "Actual Loops": 1,
      "Plans": [
        {
          "Node Type": "Gather",
          "Parent Relationship": "Outer",
          "Parallel Aware": false,
          "Startup Cost": 107652.19,
          "Total Cost": 107652.4,
          "Plan Rows": 2,
          "Plan Width": 8,
          "Actual Startup Time": 900.515,
          "Actual Total Time": 936.207,
          "Actual Rows": 3,
          "Actual Loops": 1,
          "Workers Planned": 2,
          "Workers Launched": 2,
          "Single Copy": false,
          "Plans": [
            {
              "Node Type": "Aggregate",
              "Strategy": "Plain",
              "Partial Mode": "Partial",
              "Parent Relationship": "Outer",
              "Parallel Aware": false,
              "Startup Cost": 106652.19,
              "Total Cost": 106652.2,
              "Plan Rows": 1,
              "Plan Width": 8,
              "Actual Startup Time": 892.034,
              "Actual Total Time": 892.252,
              "Actual Rows": 1,
              "Actual Loops": 3,
              "Plans": [
                {
                  "Node Type": "Hash Join",
                  "Parent Relationship": "Outer",
                  "Parallel Aware": true,
                  "Join Type": "Inner",
                  "Startup Cost": 90142.01,
                  "Total Cost": 106360.21,
                  "Plan Rows": 116791,
                  "Plan Width": 0,
                  "Actual Startup Time": 735.407,
                  "Actual Total Time": 871.198,
                  "Actual Rows": 391498,
                  "Actual Loops": 3,
                  "Inner Unique": false,
                  "Hash Cond": "(mi_idx.movie_id = t.id)",
                  "Plans": [
                    {
                      "Node Type": "Seq Scan",
                      "Parent Relationship": "Outer",
                      "Parallel Aware": true,
                      "Relation Name": "movie_info_idx",
                      "Alias": "mi_idx",
                      "Startup Cost": 0.0,
                      "Total Cost": 13685.15,
                      "Plan Rows": 575015,
                      "Plan Width": 4,
                      "Actual Startup Time": 0.032,
                      "Actual Total Time": 43.93,
                      "Actual Rows": 460012,
                      "Actual Loops": 3
                    },
                    {
                      "Node Type": "Hash",
                      "Parent Relationship": "Inner",
                      "Parallel Aware": true,
                      "Startup Cost": 88071.36,
                      "Total Cost": 88071.36,
                      "Plan Rows": 165652,
                      "Plan Width": 8,
                      "Actual Startup Time": 718.551,
                      "Actual Total Time": 718.768,
                      "Actual Rows": 166509,
                      "Actual Loops": 3,
                      "Hash Buckets": 524288,
                      "Original Hash Buckets": 524288,
                      "Hash Batches": 1,
                      "Original Hash Batches": 1,
                      "Peak Memory Usage": 23680,
                      "Plans": [
                        {
                          "Node Type": "Hash Join",
                          "Parent Relationship": "Outer",
                          "Parallel Aware": true,
                          "Join Type": "Inner",
                          "Startup Cost": 61111.87,
                          "Total Cost": 88071.36,
                          "Plan Rows": 165652,
                          "Plan Width": 8,
                          "Actual Startup Time": 531.551,
                          "Actual Total Time": 670.839,
                          "Actual Rows": 166509,
                          "Actual Loops": 3,
                          "Inner Unique": true,
                          "Hash Cond": "(mk.movie_id = t.id)",
                          "Plans": [
                            {
                              "Node Type": "Bitmap Heap Scan",
                              "Parent Relationship": "Outer",
                              "Parallel Aware": true,
                              "Relation Name": "movie_keyword",
                              "Alias": "mk",
                              "Startup Cost": 10892.23,
                              "Total Cost": 37416.88,
                              "Plan Rows": 165652,
                              "Plan Width": 4,
                              "Actual Startup Time": 48.175,
                              "Actual Total Time": 120.9,
                              "Actual Rows": 166509,
                              "Actual Loops": 3,
                              "Recheck Cond": "(keyword_id > 36091)",
                              "Rows Removed by Index Recheck": 0,
                              "Exact Heap Blocks": 7469,
                              "Lossy Heap Blocks": 0,
                              "Plans": [
                                {
                                  "Node Type": "Bitmap Index Scan",
                                  "Parent Relationship": "Outer",
                                  "Parallel Aware": false,
                                  "Index Name": "keyword_id_movie_keyword",
                                  "Startup Cost": 0.0,
                                  "Total Cost": 10763.85,
                                  "Plan Rows": 513522,
                                  "Plan Width": 0,
                                  "Actual Startup Time": 42.629,
                                  "Actual Total Time": 42.629,
                                  "Actual Rows": 499527,
                                  "Actual Loops": 1,
                                  "Index Cond": "(keyword_id > 36091)"
                                }
                              ]
                            },
                            {
                              "Node Type": "Hash",
                              "Parent Relationship": "Inner",
                              "Parallel Aware": true,
                              "Startup Cost": 42318.73,
                              "Total Cost": 42318.73,
                              "Plan Rows": 632073,
                              "Plan Width": 4,
                              "Actual Startup Time": 470.214,
                              "Actual Total Time": 470.215,
                              "Actual Rows": 842771,
                              "Actual Loops": 3,
                              "Hash Buckets": 4194304,
                              "Original Hash Buckets": 4194304,
                              "Hash Batches": 1,
                              "Original Hash Batches": 1,
                              "Peak Memory Usage": 131712,
                              "Plans": [
                                {
                                  "Node Type": "Seq Scan",
                                  "Parent Relationship": "Outer",
                                  "Parallel Aware": true,
                                  "Relation Name": "title",
                                  "Alias": "t",
                                  "Startup Cost": 0.0,
                                  "Total Cost": 42318.73,
                                  "Plan Rows": 632073,
                                  "Plan Width": 4,
                                  "Actual Startup Time": 0.045,
                                  "Actual Total Time": 132.588,
                                  "Actual Rows": 842771,
                                  "Actual Loops": 3
                                }
                              ]
                            }
                          ]
                        }
                      ]
                    }
                  ]
                }
              ]
            }
          ]
        }
      ]
    },
    "Planning Time": 1.306,
    "Triggers": [],
    "Execution Time": 936.319
  }
]