{
  "Plan": {
    "Node Type": "Aggregate",
    "Strategy": "Plain",
    "Partial Mode": "Finalize",
    "Parallel Aware": false,
    "Startup Cost": 400127.45,
    "Total Cost": 400127.46,
    "Plan Rows": 1,
    "Plan Width": 8,
    "Actual Startup Time": 2552.535,
    "Actual Total Time": 2594.592,
    "Actual Rows": 1,
    "Actual Loops": 1,
    "Plans": [
      {
        "Node Type": "Gather",
        "Parent Relationship": "Outer",
        "Parallel Aware": false,
        "Startup Cost": 400127.34,
        "Total Cost": 400127.45,
        "Plan Rows": 1,
        "Plan Width": 8,
        "Actual Startup Time": 2550.295,
        "Actual Total Time": 2594.585,
        "Actual Rows": 2,
        "Actual Loops": 1,
        "Workers Planned": 1,
        "Workers Launched": 1,
        "Single Copy": false,
        "Plans": [
          {
            "Node Type": "Aggregate",
            "Strategy": "Plain",
            "Partial Mode": "Partial",
            "Parent Relationship": "Outer",
            "Parallel Aware": false,
            "Startup Cost": 399127.34,
            "Total Cost": 399127.35,
            "Plan Rows": 1,
            "Plan Width": 8,
            "Actual Startup Time": 2544.272,
            "Actual Total Time": 2544.284,
            "Actual Rows": 1,
            "Actual Loops": 2,
            "Plans": [
              {
                "Node Type": "Hash Join",
                "Parent Relationship": "Outer",
                "Parallel Aware": true,
                "Join Type": "Inner",
                "Startup Cost": 109248.17,
                "Total Cost": 396648.2,
                "Plan Rows": 991656,
                "Plan Width": 0,
                "Actual Startup Time": 685.445,
                "Actual Total Time": 2480.059,
                "Actual Rows": 1460610,
                "Actual Loops": 2,
                "Inner Unique": false,
                "Hash Cond": "(mi.movie_id = t.id)",
                "Plans": [
                  {
                    "Node Type": "Seq Scan",
                    "Parent Relationship": "Outer",
                    "Parallel Aware": true,
                    "Relation Name": "movie_info",
                    "Alias": "mi",
                    "Startup Cost": 0.0,
                    "Total Cost": 248955.74,
                    "Plan Rows": 8696274,
                    "Plan Width": 4,
                    "Actual Startup Time": 0.023,
                    "Actual Total Time": 645.661,
                    "Actual Rows": 7417860,
                    "Actual Loops": 2
                  },
                  {
                    "Node Type": "Hash",
                    "Parent Relationship": "Inner",
                    "Parallel Aware": true,
                    "Startup Cost": 107128.27,
                    "Total Cost": 107128.27,
                    "Plan Rows": 169592,
                    "Plan Width": 8,
                    "Actual Startup Time": 676.347,
                    "Actual Total Time": 676.352,
                    "Actual Rows": 159674,
                    "Actual Loops": 2,
                    "Hash Buckets": 524288,
                    "Original Hash Buckets": 524288,
                    "Hash Batches": 1,
                    "Original Hash Batches": 1,
                    "Peak Memory Usage": 16608,
                    "Plans": [
                      {
                        "Node Type": "Hash Join",
                        "Parent Relationship": "Outer",
                        "Parallel Aware": true,
                        "Join Type": "Inner",
                        "Startup Cost": 44685.53,
                        "Total Cost": 107128.27,
                        "Plan Rows": 169592,
                        "Plan Width": 8,
                        "Actual Startup Time": 238.626,
                        "Actual Total Time": 628.933,
                        "Actual Rows": 159674,
                        "Actual Loops": 2,
                        "Inner Unique": false,
                        "Hash Cond": "(t.id = mc.movie_id)",
                        "Plans": [
                          {
                            "Node Type": "Seq Scan",
                            "Parent Relationship": "Outer",
                            "Parallel Aware": true,
                            "Relation Name": "title",
                            "Alias": "t",
                            "Startup Cost": 0.0,
                            "Total Cost": 54588.39,
                            "Plan Rows": 1097081,
                            "Plan Width": 4,
                            "Actual Startup Time": 0.01,
                            "Actual Total Time": 147.545,
                            "Actual Rows": 932744,
                            "Actual Loops": 2,
                            "Filter": "(kind_id > 1)",
                            "Rows Removed by Filter": 331412
                          },
                          {
                            "Node Type": "Hash",
                            "Parent Relationship": "Inner",
                            "Parallel Aware": true,
                            "Startup Cost": 41811.73,
                            "Total Cost": 41811.73,
                            "Plan Rows": 229904,
                            "Plan Width": 4,
                            "Actual Startup Time": 235.094,
                            "Actual Total Time": 235.096,
                            "Actual Rows": 359089,
                            "Actual Loops": 2,
                            "Hash Buckets": 1048576,
                            "Original Hash Buckets": 524288,
                            "Hash Batches": 1,
                            "Original Hash Batches": 1,
                            "Peak Memory Usage": 40416,
                            "Plans": [
                              {
                                "Node Type": "Seq Scan",
                                "Parent Relationship": "Outer",
                                "Parallel Aware": true,
                                "Relation Name": "movie_companies",
                                "Alias": "mc",
                                "Startup Cost": 0.0,
                                "Total Cost": 41811.73,
                                "Plan Rows": 229904,
                                "Plan Width": 4,
                                "Actual Startup Time": 62.217,
                                "Actual Total Time": 131.917,
                                "Actual Rows": 359089,
                                "Actual Loops": 2,
                                "Filter": "((company_id > 32209) AND (company_type_id > 1))",
                                "Rows Removed by Filter": 945476
                              }
                            ]
                          }
                        ]
                      }
                    ]
                  }
                ]
              }
            ]
          }
        ]
      }
    ]
  },
  "Planning Time": 0.923,
  "Triggers": [],
  "Execution Time": 2594.68
}