[
  {
    "Plan": {
      "Node Type": "Aggregate",
      "Strategy": "Plain",
      "Partial Mode": "Finalize",
      "Parallel Aware": false,
      "Startup Cost": 346397.07,
      "Total Cost": 346397.08,
      "Plan Rows": 1,
      "Plan Width": 8,
      "Actual Startup Time": 635.118,
      "Actual Total Time": 680.805,
      "Actual Rows": 1,
      "Actual Loops": 1,
      "Plans": [
        {
          "Node Type": "Gather",
          "Parent Relationship": "Outer",
          "Parallel Aware": false,
          "Startup Cost": 346396.45,
          "Total Cost": 346397.06,
          "Plan Rows": 6,
          "Plan Width": 8,
          "Actual Startup Time": 634.929,
          "Actual Total Time": 680.784,
          "Actual Rows": 7,
          "Actual Loops": 1,
          "Workers Planned": 6,
          "Workers Launched": 6,
          "Single Copy": false,
          "Plans": [
            {
              "Node Type": "Aggregate",
              "Strategy": "Plain",
              "Partial Mode": "Partial",
              "Parent Relationship": "Outer",
              "Parallel Aware": false,
              "Startup Cost": 345396.45,
              "Total Cost": 345396.46,
              "Plan Rows": 1,
              "Plan Width": 8,
              "Actual Startup Time": 627.592,
              "Actual Total Time": 627.593,
              "Actual Rows": 1,
              "Actual Loops": 7,
              "Plans": [
                {
                  "Node Type": "Seq Scan",
                  "Parent Relationship": "Outer",
                  "Parallel Aware": true,
                  "Relation Name": "cast_info",
                  "Alias": "ci",
                  "Startup Cost": 0.0,
                  "Total Cost": 343316.27,
                  "Plan Rows": 832071,
                  "Plan Width": 0,
                  "Actual Startup Time": 228.065,
                  "Actual Total Time": 611.444,
                  "Actual Rows": 309930,
                  "Actual Loops": 7,
                  "Filter": "((person_id < 761017) AND (role_id > 1))",
                  "Rows Removed by Filter": 4867833
                }
              ]
            }
          ]
        }
      ]
    },
    "Planning Time": 0.225,
    "Triggers": [],
    "Execution Time": 680.857
  }
]