{
  "Plan": {
    "Node Type": "Aggregate",
    "Strategy": "Plain",
    "Partial Mode": "Finalize",
    "Parallel Aware": false,
    "Startup Cost": 93887.67,
    "Total Cost": 93887.68,
    "Plan Rows": 1,
    "Plan Width": 8,
    "Actual Startup Time": 369.34,
    "Actual Total Time": 385.04,
    "Actual Rows": 1,
    "Actual Loops": 1,
    "Plans": [
      {
        "Node Type": "Gather",
        "Parent Relationship": "Outer",
        "Parallel Aware": false,
        "Startup Cost": 93887.56,
        "Total Cost": 93887.67,
        "Plan Rows": 1,
        "Plan Width": 8,
        "Actual Startup Time": 369.197,
        "Actual Total Time": 385.032,
        "Actual Rows": 2,
        "Actual Loops": 1,
        "Workers Planned": 1,
        "Workers Launched": 1,
        "Single Copy": false,
        "Plans": [
          {
            "Node Type": "Aggregate",
            "Strategy": "Plain",
            "Partial Mode": "Partial",
            "Parent Relationship": "Outer",
            "Parallel Aware": false,
            "Startup Cost": 92887.56,
            "Total Cost": 92887.57,
            "Plan Rows": 1,
            "Plan Width": 8,
            "Actual Startup Time": 363.647,
            "Actual Total Time": 363.65,
            "Actual Rows": 1,
            "Actual Loops": 2,
            "Plans": [
              {
                "Node Type": "Hash Join",
                "Parent Relationship": "Outer",
                "Parallel Aware": true,
                "Join Type": "Inner",
                "Startup Cost": 54698.25,
                "Total Cost": 92864.88,
                "Plan Rows": 9071,
                "Plan Width": 0,
                "Actual Startup Time": 178.228,
                "Actual Total Time": 362.859,
                "Actual Rows": 16509,
                "Actual Loops": 2,
                "Inner Unique": true,
                "Hash Cond": "(mc.movie_id = t.id)",
                "Plans": [
                  {
                    "Node Type": "Seq Scan",
                    "Parent Relationship": "Outer",
                    "Parallel Aware": true,
                    "Relation Name": "movie_companies",
                    "Alias": "mc",
                    "Startup Cost": 0.0,
                    "Total Cost": 34137.82,
                    "Plan Rows": 1534782,
                    "Plan Width": 4,
                    "Actual Startup Time": 0.013,
                    "Actual Total Time": 103.885,
                    "Actual Rows": 1304564,
                    "Actual Loops": 2
                  },
                  {
                    "Node Type": "Hash",
                    "Parent Relationship": "Inner",
                    "Parallel Aware": true,
                    "Startup Cost": 54588.39,
                    "Total Cost": 54588.39,
                    "Plan Rows": 8789,
                    "Plan Width": 4,
                    "Actual Startup Time": 141.991,
                    "Actual Total Time": 141.991,
                    "Actual Rows": 8446,
                    "Actual Loops": 2,
                    "Hash Buckets": 16384,
                    "Original Hash Buckets": 16384,
                    "Hash Batches": 1,
                    "Original Hash Batches": 1,
                    "Peak Memory Usage": 800,
                    "Plans": [
                      {
                        "Node Type": "Seq Scan",
                        "Parent Relationship": "Outer",
                        "Parallel Aware": true,
                        "Relation Name": "title",
                        "Alias": "t",
                        "Startup Cost": 0.0,
                        "Total Cost": 54588.39,
                        "Plan Rows": 8789,
                        "Plan Width": 4,
                        "Actual Startup Time": 75.701,
                        "Actual Total Time": 139.838,
                        "Actual Rows": 8446,
                        "Actual Loops": 2,
                        "Filter": "(production_year < 1907)",
                        "Rows Removed by Filter": 1255710
                      }
                    ]
                  }
                ]
              }
            ]
          }
        ]
      }
    ]
  },
  "Planning Time": 0.458,
  "Triggers": [],
  "Execution Time": 385.105
}