[
  {
    "Plan": {
      "Node Type": "Aggregate",
      "Strategy": "Plain",
      "Partial Mode": "Finalize",
      "Parallel Aware": false,
      "Startup Cost": 398722.14,
      "Total Cost": 398722.15,
      "Plan Rows": 1,
      "Plan Width": 8,
      "Actual Startup Time": 1558.327,
      "Actual Total Time": 1625.279,
      "Actual Rows": 1,
      "Actual Loops": 1,
      "Plans": [
        {
          "Node Type": "Gather",
          "Parent Relationship": "Outer",
          "Parallel Aware": false,
          "Startup Cost": 398721.51,
          "Total Cost": 398722.12,
          "Plan Rows": 6,
          "Plan Width": 8,
          "Actual Startup Time": 1547.284,
          "Actual Total Time": 1625.267,
          "Actual Rows": 7,
          "Actual Loops": 1,
          "Workers Planned": 6,
          "Workers Launched": 6,
          "Single Copy": false,
          "Plans": [
            {
              "Node Type": "Aggregate",
              "Strategy": "Plain",
              "Partial Mode": "Partial",
              "Parent Relationship": "Outer",
              "Parallel Aware": false,
              "Startup Cost": 397721.51,
              "Total Cost": 397721.52,
              "Plan Rows": 1,
              "Plan Width": 8,
              "Actual Startup Time": 1537.035,
              "Actual Total Time": 1537.039,
              "Actual Rows": 1,
              "Actual Loops": 7,
              "Plans": [
                {
                  "Node Type": "Hash Join",
                  "Parent Relationship": "Outer",
                  "Parallel Aware": true,
                  "Join Type": "Inner",
                  "Startup Cost": 50046.71,
                  "Total Cost": 396174.04,
                  "Plan Rows": 618989,
                  "Plan Width": 0,
                  "Actual Startup Time": 599.089,
                  "Actual Total Time": 1489.871,
                  "Actual Rows": 814100,
                  "Actual Loops": 7,
                  "Inner Unique": true,
                  "Hash Cond": "(ci.movie_id = t.id)",
                  "Plans": [
                    {
                      "Node Type": "Seq Scan",
                      "Parent Relationship": "Outer",
                      "Parallel Aware": true,
                      "Relation Name": "cast_info",
                      "Alias": "ci",
                      "Startup Cost": 0.0,
                      "Total Cost": 343316.27,
                      "Plan Rows": 1070879,
                      "Plan Width": 4,
                      "Actual Startup Time": 400.965,
                      "Actual Total Time": 780.349,
                      "Actual Rows": 1397386,
                      "Actual Loops": 7,
                      "Filter": "((person_id > 2732359) AND (role_id > 1))",
                      "Rows Removed by Filter": 3780377
                    },
                    {
                      "Node Type": "Hash",
                      "Parent Relationship": "Inner",
                      "Parallel Aware": true,
                      "Startup Cost": 45479.59,
                      "Total Cost": 45479.59,
                      "Plan Rows": 365370,
                      "Plan Width": 4,
                      "Actual Startup Time": 194.765,
                      "Actual Total Time": 194.766,
                      "Actual Rows": 211206,
                      "Actual Loops": 7,
                      "Hash Buckets": 2097152,
                      "Original Hash Buckets": 2097152,
                      "Hash Batches": 1,
                      "Original Hash Batches": 1,
                      "Peak Memory Usage": 74336,
                      "Plans": [
                        {
                          "Node Type": "Seq Scan",
                          "Parent Relationship": "Outer",
                          "Parallel Aware": true,
                          "Relation Name": "title",
                          "Alias": "t",
                          "Startup Cost": 0.0,
                          "Total Cost": 45479.59,
                          "Plan Rows": 365370,
                          "Plan Width": 4,
                          "Actual Startup Time": 0.031,
                          "Actual Total Time": 94.149,
                          "Actual Rows": 211206,
                          "Actual Loops": 7,
                          "Filter": "((production_year > 1914) AND (kind_id = 7))",
                          "Rows Removed by Filter": 149982
                        }
                      ]
                    }
                  ]
                }
              ]
            }
          ]
        }
      ]
    },
    "Planning Time": 0.289,
    "Triggers": [],
    "Execution Time": 1625.336
  }
]