[
  {
    "Plan": {
      "Node Type": "Aggregate",
      "Strategy": "Plain",
      "Partial Mode": "Finalize",
      "Parallel Aware": false,
      "Startup Cost": 276537.03,
      "Total Cost": 276537.04,
      "Plan Rows": 1,
      "Plan Width": 8,
      "Actual Startup Time": 210.008,
      "Actual Total Time": 247.939,
      "Actual Rows": 1,
      "Actual Loops": 1,
      "Plans": [
        {
          "Node Type": "Gather",
          "Parent Relationship": "Outer",
          "Parallel Aware": false,
          "Startup Cost": 276536.61,
          "Total Cost": 276537.02,
          "Plan Rows": 4,
          "Plan Width": 8,
          "Actual Startup Time": 209.838,
          "Actual Total Time": 247.926,
          "Actual Rows": 5,
          "Actual Loops": 1,
          "Workers Planned": 4,
          "Workers Launched": 4,
          "Single Copy": false,
          "Plans": [
            {
              "Node Type": "Aggregate",
              "Strategy": "Plain",
              "Partial Mode": "Partial",
              "Parent Relationship": "Outer",
              "Parallel Aware": false,
              "Startup Cost": 275536.61,
              "Total Cost": 275536.62,
              "Plan Rows": 1,
              "Plan Width": 8,
              "Actual Startup Time": 202.475,
              "Actual Total Time": 202.477,
              "Actual Rows": 1,
              "Actual Loops": 5,
              "Plans": [
                {
                  "Node Type": "Nested Loop",
                  "Parent Relationship": "Outer",
                  "Parallel Aware": false,
                  "Join Type": "Inner",
                  "Startup Cost": 0.56,
                  "Total Cost": 275473.32,
                  "Plan Rows": 25316,
                  "Plan Width": 0,
                  "Actual Startup Time": 0.494,
                  "Actual Total Time": 200.775,
                  "Actual Rows": 14533,
                  "Actual Loops": 5,
                  "Inner Unique": false,
                  "Plans": [
                    {
                      "Node Type": "Seq Scan",
                      "Parent Relationship": "Outer",
                      "Parallel Aware": true,
                      "Relation Name": "title",
                      "Alias": "t",
                      "Startup Cost": 0.0,
                      "Total Cost": 43899.32,
                      "Plan Rows": 2718,
                      "Plan Width": 4,
                      "Actual Startup Time": 0.138,
                      "Actual Total Time": 74.545,
                      "Actual Rows": 2224,
                      "Actual Loops": 5,
                      "Filter": "(production_year = 1960)",
                      "Rows Removed by Filter": 503438
                    },
                    {
                      "Node Type": "Index Scan",
                      "Parent Relationship": "Inner",
                      "Parallel Aware": false,
                      "Scan Direction": "Forward",
                      "Index Name": "movie_id_cast_info",
                      "Relation Name": "cast_info",
                      "Alias": "ci",
                      "Startup Cost": 0.56,
                      "Total Cost": 84.97,
                      "Plan Rows": 23,
                      "Plan Width": 4,
                      "Actual Startup Time": 0.033,
                      "Actual Total Time": 0.055,
                      "Actual Rows": 7,
                      "Actual Loops": 11121,
                      "Index Cond": "(movie_id = t.id)",
                      "Rows Removed by Index Recheck": 0,
                      "Filter": "(role_id > 1)",
                      "Rows Removed by Filter": 6
                    }
                  ]
                }
              ]
            }
          ]
        }
      ]
    },
    "Planning Time": 0.386,
    "Triggers": [],
    "Execution Time": 248.0
  }
]