[
  {
    "Plan": {
      "Node Type": "Aggregate",
      "Strategy": "Plain",
      "Partial Mode": "Finalize",
      "Parallel Aware": false,
      "Startup Cost": 46136.55,
      "Total Cost": 46136.56,
      "Plan Rows": 1,
      "Plan Width": 8,
      "Actual Startup Time": 159.701,
      "Actual Total Time": 169.642,
      "Actual Rows": 1,
      "Actual Loops": 1,
      "Plans": [
        {
          "Node Type": "Gather",
          "Parent Relationship": "Outer",
          "Parallel Aware": false,
          "Startup Cost": 46136.23,
          "Total Cost": 46136.54,
          "Plan Rows": 3,
          "Plan Width": 8,
          "Actual Startup Time": 159.567,
          "Actual Total Time": 169.632,
          "Actual Rows": 4,
          "Actual Loops": 1,
          "Workers Planned": 3,
          "Workers Launched": 3,
          "Single Copy": false,
          "Plans": [
            {
              "Node Type": "Aggregate",
              "Strategy": "Plain",
              "Partial Mode": "Partial",
              "Parent Relationship": "Outer",
              "Parallel Aware": false,
              "Startup Cost": 45136.23,
              "Total Cost": 45136.24,
              "Plan Rows": 1,
              "Plan Width": 8,
              "Actual Startup Time": 152.848,
              "Actual Total Time": 152.849,
              "Actual Rows": 1,
              "Actual Loops": 4,
              "Plans": [
                {
                  "Node Type": "Seq Scan",
                  "Parent Relationship": "Outer",
                  "Parallel Aware": true,
                  "Relation Name": "movie_keyword",
                  "Alias": "mk",
                  "Startup Cost": 0.0,
                  "Total Cost": 42695.65,
                  "Plan Rows": 976231,
                  "Plan Width": 0,
                  "Actual Startup Time": 0.061,
                  "Actual Total Time": 119.281,
                  "Actual Rows": 754257,
                  "Actual Loops": 4,
                  "Filter": "(keyword_id < 10748)",
                  "Rows Removed by Filter": 376726
                }
              ]
            }
          ]
        }
      ]
    },
    "Planning Time": 0.178,
    "Triggers": [],
    "Execution Time": 169.704
  }
]