[
  {
    "Plan": {
      "Node Type": "Aggregate",
      "Strategy": "Plain",
      "Partial Mode": "Finalize",
      "Parallel Aware": false,
      "Startup Cost": 46753.28,
      "Total Cost": 46753.29,
      "Plan Rows": 1,
      "Plan Width": 8,
      "Actual Startup Time": 102.117,
      "Actual Total Time": 112.375,
      "Actual Rows": 1,
      "Actual Loops": 1,
      "Plans": [
        {
          "Node Type": "Gather",
          "Parent Relationship": "Outer",
          "Parallel Aware": false,
          "Startup Cost": 46752.86,
          "Total Cost": 46753.27,
          "Plan Rows": 4,
          "Plan Width": 8,
          "Actual Startup Time": 101.933,
          "Actual Total Time": 112.363,
          "Actual Rows": 5,
          "Actual Loops": 1,
          "Workers Planned": 4,
          "Workers Launched": 4,
          "Single Copy": false,
          "Plans": [
            {
              "Node Type": "Aggregate",
              "Strategy": "Plain",
              "Partial Mode": "Partial",
              "Parent Relationship": "Outer",
              "Parallel Aware": false,
              "Startup Cost": 45752.86,
              "Total Cost": 45752.87,
              "Plan Rows": 1,
              "Plan Width": 8,
              "Actual Startup Time": 93.985,
              "Actual Total Time": 93.986,
              "Actual Rows": 1,
              "Actual Loops": 5,
              "Plans": [
                {
                  "Node Type": "Seq Scan",
                  "Parent Relationship": "Outer",
                  "Parallel Aware": true,
                  "Relation Name": "title",
                  "Alias": "t",
                  "Startup Cost": 0.0,
                  "Total Cost": 45479.1,
                  "Plan Rows": 109505,
                  "Plan Width": 0,
                  "Actual Startup Time": 54.164,
                  "Actual Total Time": 89.385,
                  "Actual Rows": 94784,
                  "Actual Loops": 5,
                  "Filter": "((kind_id < 2) AND (production_year < 2008))",
                  "Rows Removed by Filter": 410879
                }
              ]
            }
          ]
        }
      ]
    },
    "Planning Time": 0.203,
    "Triggers": [],
    "Execution Time": 112.45
  }
]