[
  {
    "Plan": {
      "Node Type": "Aggregate",
      "Strategy": "Plain",
      "Partial Mode": "Finalize",
      "Parallel Aware": false,
      "Startup Cost": 76594.79,
      "Total Cost": 76594.8,
      "Plan Rows": 1,
      "Plan Width": 8,
      "Actual Startup Time": 229.069,
      "Actual Total Time": 246.371,
      "Actual Rows": 1,
      "Actual Loops": 1,
      "Plans": [
        {
          "Node Type": "Gather",
          "Parent Relationship": "Outer",
          "Parallel Aware": false,
          "Startup Cost": 76594.47,
          "Total Cost": 76594.78,
          "Plan Rows": 3,
          "Plan Width": 8,
          "Actual Startup Time": 226.431,
          "Actual Total Time": 246.361,
          "Actual Rows": 4,
          "Actual Loops": 1,
          "Workers Planned": 3,
          "Workers Launched": 3,
          "Single Copy": false,
          "Plans": [
            {
              "Node Type": "Aggregate",
              "Strategy": "Plain",
              "Partial Mode": "Partial",
              "Parent Relationship": "Outer",
              "Parallel Aware": false,
              "Startup Cost": 75594.47,
              "Total Cost": 75594.48,
              "Plan Rows": 1,
              "Plan Width": 8,
              "Actual Startup Time": 216.774,
              "Actual Total Time": 216.778,
              "Actual Rows": 1,
              "Actual Loops": 4,
              "Plans": [
                {
                  "Node Type": "Nested Loop",
                  "Parent Relationship": "Outer",
                  "Parallel Aware": false,
                  "Join Type": "Inner",
                  "Startup Cost": 33103.28,
                  "Total Cost": 75583.98,
                  "Plan Rows": 4196,
                  "Plan Width": 0,
                  "Actual Startup Time": 148.016,
                  "Actual Total Time": 216.086,
                  "Actual Rows": 7180,
                  "Actual Loops": 4,
                  "Inner Unique": true,
                  "Plans": [
                    {
                      "Node Type": "Hash Join",
                      "Parent Relationship": "Outer",
                      "Parallel Aware": true,
                      "Join Type": "Inner",
                      "Startup Cost": 33102.85,
                      "Total Cost": 57954.25,
                      "Plan Rows": 24139,
                      "Plan Width": 8,
                      "Actual Startup Time": 147.942,
                      "Actual Total Time": 175.822,
                      "Actual Rows": 7652,
                      "Actual Loops": 4,
                      "Inner Unique": false,
                      "Hash Cond": "(mk.movie_id = mc.movie_id)",
                      "Plans": [
                        {
                          "Node Type": "Bitmap Heap Scan",
                          "Parent Relationship": "Outer",
                          "Parallel Aware": true,
                          "Relation Name": "movie_keyword",
                          "Alias": "mk",
                          "Startup Cost": 1203.11,
                          "Total Cost": 25885.34,
                          "Plan Rows": 18259,
                          "Plan Width": 4,
                          "Actual Startup Time": 8.758,
                          "Actual Total Time": 28.154,
                          "Actual Rows": 12924,
                          "Actual Loops": 4,
                          "Recheck Cond": "(keyword_id < 52)",
                          "Rows Removed by Index Recheck": 0,
                          "Exact Heap Blocks": 7048,
                          "Lossy Heap Blocks": 0,
                          "Plans": [
                            {
                              "Node Type": "Bitmap Index Scan",
                              "Parent Relationship": "Outer",
                              "Parallel Aware": false,
                              "Index Name": "keyword_id_movie_keyword",
                              "Startup Cost": 0.0,
                              "Total Cost": 1188.95,
                              "Plan Rows": 56603,
                              "Plan Width": 0,
                              "Actual Startup Time": 6.428,
                              "Actual Total Time": 6.429,
                              "Actual Rows": 51698,
                              "Actual Loops": 1,
                              "Index Cond": "(keyword_id < 52)"
                            }
                          ]
                        },
                        {
                          "Node Type": "Hash",
                          "Parent Relationship": "Inner",
                          "Parallel Aware": true,
                          "Startup Cost": 29310.68,
                          "Total Cost": 29310.68,
                          "Plan Rows": 207125,
                          "Plan Width": 4,
                          "Actual Startup Time": 134.114,
                          "Actual Total Time": 134.114,
                          "Actual Rows": 163710,
                          "Actual Loops": 4,
                          "Hash Buckets": 1048576,
                          "Original Hash Buckets": 1048576,
                          "Hash Batches": 1,
                          "Original Hash Batches": 1,
                          "Peak Memory Usage": 33856,
                          "Plans": [
                            {
                              "Node Type": "Seq Scan",
                              "Parent Relationship": "Outer",
                              "Parallel Aware": true,
                              "Relation Name": "movie_companies",
                              "Alias": "mc",
                              "Startup Cost": 0.0,
                              "Total Cost": 29310.68,
                              "Plan Rows": 207125,
                              "Plan Width": 4,
                              "Actual Startup Time": 37.747,
                              "Actual Total Time": 82.277,
                              "Actual Rows": 163710,
                              "Actual Loops": 4,
                              "Filter": "(company_id > 53676)",
                              "Rows Removed by Filter": 488572
                            }
                          ]
                        }
                      ]
                    },
                    {
                      "Node Type": "Index Scan",
                      "Parent Relationship": "Inner",
                      "Parallel Aware": false,
                      "Scan Direction": "Forward",
                      "Index Name": "title_pkey",
                      "Relation Name": "title",
                      "Alias": "t",
                      "Startup Cost": 0.43,
                      "Total Cost": 0.73,
                      "Plan Rows": 1,
                      "Plan Width": 4,
                      "Actual Startup Time": 0.005,
                      "Actual Total Time": 0.005,
                      "Actual Rows": 1,
                      "Actual Loops": 30608,
                      "Index Cond": "(id = mc.movie_id)",
                      "Rows Removed by Index Recheck": 0,
                      "Filter": "(production_year > 1951)",
                      "Rows Removed by Filter": 0
                    }
                  ]
                }
              ]
            }
          ]
        }
      ]
    },
    "Planning Time": 1.485,
    "Triggers": [],
    "Execution Time": 246.488
  }
]