[
  {
    "Plan": {
      "Node Type": "Aggregate",
      "Strategy": "Plain",
      "Partial Mode": "Finalize",
      "Parallel Aware": false,
      "Startup Cost": 393608.66,
      "Total Cost": 393608.67,
      "Plan Rows": 1,
      "Plan Width": 8,
      "Actual Startup Time": 1041.527,
      "Actual Total Time": 1104.179,
      "Actual Rows": 1,
      "Actual Loops": 1,
      "Plans": [
        {
          "Node Type": "Gather",
          "Parent Relationship": "Outer",
          "Parallel Aware": false,
          "Startup Cost": 393608.04,
          "Total Cost": 393608.65,
          "Plan Rows": 6,
          "Plan Width": 8,
          "Actual Startup Time": 1040.926,
          "Actual Total Time": 1104.168,
          "Actual Rows": 7,
          "Actual Loops": 1,
          "Workers Planned": 6,
          "Workers Launched": 6,
          "Single Copy": false,
          "Plans": [
            {
              "Node Type": "Aggregate",
              "Strategy": "Plain",
              "Partial Mode": "Partial",
              "Parent Relationship": "Outer",
              "Parallel Aware": false,
              "Startup Cost": 392608.04,
              "Total Cost": 392608.05,
              "Plan Rows": 1,
              "Plan Width": 8,
              "Actual Startup Time": 1030.578,
              "Actual Total Time": 1030.581,
              "Actual Rows": 1,
              "Actual Loops": 7,
              "Plans": [
                {
                  "Node Type": "Hash Join",
                  "Parent Relationship": "Outer",
                  "Parallel Aware": true,
                  "Join Type": "Inner",
                  "Startup Cost": 44165.7,
                  "Total Cost": 392446.48,
                  "Plan Rows": 64623,
                  "Plan Width": 0,
                  "Actual Startup Time": 304.501,
                  "Actual Total Time": 1025.961,
                  "Actual Rows": 84195,
                  "Actual Loops": 7,
                  "Inner Unique": true,
                  "Hash Cond": "(ci.movie_id = t.id)",
                  "Plans": [
                    {
                      "Node Type": "Seq Scan",
                      "Parent Relationship": "Outer",
                      "Parallel Aware": true,
                      "Relation Name": "cast_info",
                      "Alias": "ci",
                      "Startup Cost": 0.0,
                      "Total Cost": 343257.03,
                      "Plan Rows": 1913804,
                      "Plan Width": 4,
                      "Actual Startup Time": 225.032,
                      "Actual Total Time": 662.96,
                      "Actual Rows": 2498529,
                      "Actual Loops": 7,
                      "Filter": "((person_id > 1869382) AND (role_id > 1))",
                      "Rows Removed by Filter": 2679234
                    },
                    {
                      "Node Type": "Hash",
                      "Parent Relationship": "Inner",
                      "Parallel Aware": true,
                      "Startup Cost": 43898.92,
                      "Total Cost": 43898.92,
                      "Plan Rows": 21343,
                      "Plan Width": 4,
                      "Actual Startup Time": 77.683,
                      "Actual Total Time": 77.684,
                      "Actual Rows": 12085,
                      "Actual Loops": 7,
                      "Hash Buckets": 131072,
                      "Original Hash Buckets": 131072,
                      "Hash Batches": 1,
                      "Original Hash Batches": 1,
                      "Peak Memory Usage": 4448,
                      "Plans": [
                        {
                          "Node Type": "Seq Scan",
                          "Parent Relationship": "Outer",
                          "Parallel Aware": true,
                          "Relation Name": "title",
                          "Alias": "t",
                          "Startup Cost": 0.0,
                          "Total Cost": 43898.92,
                          "Plan Rows": 21343,
                          "Plan Width": 4,
                          "Actual Startup Time": 0.046,
                          "Actual Total Time": 71.562,
                          "Actual Rows": 12085,
                          "Actual Loops": 7,
                          "Filter": "(production_year = 2004)",
                          "Rows Removed by Filter": 349103
                        }
                      ]
                    }
                  ]
                }
              ]
            }
          ]
        }
      ]
    },
    "Planning Time": 0.679,
    "Triggers": [],
    "Execution Time": 1104.263
  }
]