[
  {
    "Plan": {
      "Node Type": "Aggregate",
      "Strategy": "Plain",
      "Partial Mode": "Finalize",
      "Parallel Aware": false,
      "Startup Cost": 83068.95,
      "Total Cost": 83068.96,
      "Plan Rows": 1,
      "Plan Width": 8,
      "Actual Startup Time": 169.963,
      "Actual Total Time": 181.961,
      "Actual Rows": 1,
      "Actual Loops": 1,
      "Plans": [
        {
          "Node Type": "Gather",
          "Parent Relationship": "Outer",
          "Parallel Aware": false,
          "Startup Cost": 83068.63,
          "Total Cost": 83068.94,
          "Plan Rows": 3,
          "Plan Width": 8,
          "Actual Startup Time": 169.525,
          "Actual Total Time": 181.953,
          "Actual Rows": 4,
          "Actual Loops": 1,
          "Workers Planned": 3,
          "Workers Launched": 3,
          "Single Copy": false,
          "Plans": [
            {
              "Node Type": "Aggregate",
              "Strategy": "Plain",
              "Partial Mode": "Partial",
              "Parent Relationship": "Outer",
              "Parallel Aware": false,
              "Startup Cost": 82068.63,
              "Total Cost": 82068.64,
              "Plan Rows": 1,
              "Plan Width": 8,
              "Actual Startup Time": 160.384,
              "Actual Total Time": 160.388,
              "Actual Rows": 1,
              "Actual Loops": 4,
              "Plans": [
                {
                  "Node Type": "Hash Join",
                  "Parent Relationship": "Outer",
                  "Parallel Aware": true,
                  "Join Type": "Inner",
                  "Startup Cost": 38745.57,
                  "Total Cost": 82061.13,
                  "Plan Rows": 2999,
                  "Plan Width": 0,
                  "Actual Startup Time": 78.203,
                  "Actual Total Time": 160.249,
                  "Actual Rows": 2150,
                  "Actual Loops": 4,
                  "Inner Unique": true,
                  "Hash Cond": "(mk.movie_id = t.id)",
                  "Plans": [
                    {
                      "Node Type": "Seq Scan",
                      "Parent Relationship": "Outer",
                      "Parallel Aware": true,
                      "Relation Name": "movie_keyword",
                      "Alias": "mk",
                      "Startup Cost": 0.0,
                      "Total Cost": 42695.65,
                      "Plan Rows": 236156,
                      "Plan Width": 4,
                      "Actual Startup Time": 2.523,
                      "Actual Total Time": 88.015,
                      "Actual Rows": 180138,
                      "Actual Loops": 4,
                      "Filter": "(keyword_id > 26014)",
                      "Rows Removed by Filter": 950844
                    },
                    {
                      "Node Type": "Hash",
                      "Parent Relationship": "Inner",
                      "Parallel Aware": true,
                      "Startup Cost": 38645.22,
                      "Total Cost": 38645.22,
                      "Plan Rows": 8028,
                      "Plan Width": 4,
                      "Actual Startup Time": 55.077,
                      "Actual Total Time": 55.078,
                      "Actual Rows": 7208,
                      "Actual Loops": 4,
                      "Hash Buckets": 32768,
                      "Original Hash Buckets": 32768,
                      "Hash Batches": 1,
                      "Original Hash Batches": 1,
                      "Peak Memory Usage": 1408,
                      "Plans": [
                        {
                          "Node Type": "Bitmap Heap Scan",
                          "Parent Relationship": "Outer",
                          "Parallel Aware": true,
                          "Relation Name": "title",
                          "Alias": "t",
                          "Startup Cost": 2188.97,
                          "Total Cost": 38645.22,
                          "Plan Rows": 8028,
                          "Plan Width": 4,
                          "Actual Startup Time": 14.491,
                          "Actual Total Time": 50.364,
                          "Actual Rows": 7208,
                          "Actual Loops": 4,
                          "Recheck Cond": "(kind_id = 4)",
                          "Rows Removed by Index Recheck": 0,
                          "Filter": "(production_year > 2008)",
                          "Rows Removed by Filter": 22351,
                          "Exact Heap Blocks": 8433,
                          "Lossy Heap Blocks": 0,
                          "Plans": [
                            {
                              "Node Type": "Bitmap Index Scan",
                              "Parent Relationship": "Outer",
                              "Parallel Aware": false,
                              "Index Name": "kind_id_title",
                              "Startup Cost": 0.0,
                              "Total Cost": 2180.94,
                              "Plan Rows": 122201,
                              "Plan Width": 0,
                              "Actual Startup Time": 16.319,
                              "Actual Total Time": 16.32,
                              "Actual Rows": 118234,
                              "Actual Loops": 1,
                              "Index Cond": "(kind_id = 4)"
                            }
                          ]
                        }
                      ]
                    }
                  ]
                }
              ]
            }
          ]
        }
      ]
    },
    "Planning Time": 0.703,
    "Triggers": [],
    "Execution Time": 182.049
  }
]