[
  {
    "Plan": {
      "Node Type": "Aggregate",
      "Strategy": "Plain",
      "Partial Mode": "Finalize",
      "Parallel Aware": false,
      "Startup Cost": 285307.28,
      "Total Cost": 285307.29,
      "Plan Rows": 1,
      "Plan Width": 8,
      "Actual Startup Time": 1361.812,
      "Actual Total Time": 1436.16,
      "Actual Rows": 1,
      "Actual Loops": 1,
      "Plans": [
        {
          "Node Type": "Gather",
          "Parent Relationship": "Outer",
          "Parallel Aware": false,
          "Startup Cost": 285306.86,
          "Total Cost": 285307.27,
          "Plan Rows": 4,
          "Plan Width": 8,
          "Actual Startup Time": 1360.781,
          "Actual Total Time": 1436.149,
          "Actual Rows": 5,
          "Actual Loops": 1,
          "Workers Planned": 4,
          "Workers Launched": 4,
          "Single Copy": false,
          "Plans": [
            {
              "Node Type": "Aggregate",
              "Strategy": "Plain",
              "Partial Mode": "Partial",
              "Parent Relationship": "Outer",
              "Parallel Aware": false,
              "Startup Cost": 284306.86,
              "Total Cost": 284306.87,
              "Plan Rows": 1,
              "Plan Width": 8,
              "Actual Startup Time": 1353.589,
              "Actual Total Time": 1353.59,
              "Actual Rows": 1,
              "Actual Loops": 5,
              "Plans": [
                {
                  "Node Type": "Nested Loop",
                  "Parent Relationship": "Outer",
                  "Parallel Aware": false,
                  "Join Type": "Inner",
                  "Startup Cost": 1.0,
                  "Total Cost": 283220.28,
                  "Plan Rows": 434632,
                  "Plan Width": 0,
                  "Actual Startup Time": 0.781,
                  "Actual Total Time": 1261.881,
                  "Actual Rows": 1826956,
                  "Actual Loops": 5,
                  "Inner Unique": false,
                  "Join Filter": "(t.id = ci.movie_id)",
                  "Rows Removed by Join Filter": 0,
                  "Plans": [
                    {
                      "Node Type": "Nested Loop",
                      "Parent Relationship": "Outer",
                      "Parallel Aware": false,
                      "Join Type": "Inner",
                      "Startup Cost": 0.43,
                      "Total Cost": 231136.79,
                      "Plan Rows": 30314,
                      "Plan Width": 8,
                      "Actual Startup Time": 0.533,
                      "Actual Total Time": 163.698,
                      "Actual Rows": 37011,
                      "Actual Loops": 5,
                      "Inner Unique": false,
                      "Plans": [
                        {
                          "Node Type": "Seq Scan",
                          "Parent Relationship": "Outer",
                          "Parallel Aware": true,
                          "Relation Name": "title",
                          "Alias": "t",
                          "Startup Cost": 0.0,
                          "Total Cost": 45479.59,
                          "Plan Rows": 5163,
                          "Plan Width": 4,
                          "Actual Startup Time": 0.332,
                          "Actual Total Time": 65.269,
                          "Actual Rows": 3158,
                          "Actual Loops": 5,
                          "Filter": "((kind_id < 7) AND (production_year = 1999))",
                          "Rows Removed by Filter": 502504
                        },
                        {
                          "Node Type": "Index Only Scan",
                          "Parent Relationship": "Inner",
                          "Parallel Aware": false,
                          "Scan Direction": "Forward",
                          "Index Name": "movie_id_movie_info",
                          "Relation Name": "movie_info",
                          "Alias": "mi",
                          "Startup Cost": 0.43,
                          "Total Cost": 35.55,
                          "Plan Rows": 41,
                          "Plan Width": 4,
                          "Actual Startup Time": 0.011,
                          "Actual Total Time": 0.029,
                          "Actual Rows": 12,
                          "Actual Loops": 15791,
                          "Index Cond": "(movie_id = t.id)",
                          "Rows Removed by Index Recheck": 0,
                          "Heap Fetches": 185057
                        }
                      ]
                    },
                    {
                      "Node Type": "Index Only Scan",
                      "Parent Relationship": "Inner",
                      "Parallel Aware": false,
                      "Scan Direction": "Forward",
                      "Index Name": "movie_id_cast_info",
                      "Relation Name": "cast_info",
                      "Alias": "ci",
                      "Startup Cost": 0.56,
                      "Total Cost": 1.28,
                      "Plan Rows": 35,
                      "Plan Width": 4,
                      "Actual Startup Time": 0.004,
                      "Actual Total Time": 0.025,
                      "Actual Rows": 49,
                      "Actual Loops": 185057,
                      "Index Cond": "(movie_id = mi.movie_id)",
                      "Rows Removed by Index Recheck": 0,
                      "Heap Fetches": 9134780
                    }
                  ]
                }
              ]
            }
          ]
        }
      ]
    },
    "Planning Time": 1.116,
    "Triggers": [],
    "Execution Time": 1436.252
  }
]