[
  {
    "Plan": {
      "Node Type": "Aggregate",
      "Strategy": "Plain",
      "Partial Mode": "Finalize",
      "Parallel Aware": false,
      "Startup Cost": 180172.49,
      "Total Cost": 180172.5,
      "Plan Rows": 1,
      "Plan Width": 8,
      "Actual Startup Time": 2148.425,
      "Actual Total Time": 2193.813,
      "Actual Rows": 1,
      "Actual Loops": 1,
      "Plans": [
        {
          "Node Type": "Gather",
          "Parent Relationship": "Outer",
          "Parallel Aware": false,
          "Startup Cost": 180172.17,
          "Total Cost": 180172.48,
          "Plan Rows": 3,
          "Plan Width": 8,
          "Actual Startup Time": 2146.557,
          "Actual Total Time": 2193.805,
          "Actual Rows": 4,
          "Actual Loops": 1,
          "Workers Planned": 3,
          "Workers Launched": 3,
          "Single Copy": false,
          "Plans": [
            {
              "Node Type": "Aggregate",
              "Strategy": "Plain",
              "Partial Mode": "Partial",
              "Parent Relationship": "Outer",
              "Parallel Aware": false,
              "Startup Cost": 179172.17,
              "Total Cost": 179172.18,
              "Plan Rows": 1,
              "Plan Width": 8,
              "Actual Startup Time": 2142.52,
              "Actual Total Time": 2142.588,
              "Actual Rows": 1,
              "Actual Loops": 4,
              "Plans": [
                {
                  "Node Type": "Nested Loop",
                  "Parent Relationship": "Outer",
                  "Parallel Aware": false,
                  "Join Type": "Inner",
                  "Startup Cost": 46117.25,
                  "Total Cost": 178590.38,
                  "Plan Rows": 232715,
                  "Plan Width": 0,
                  "Actual Startup Time": 120.865,
                  "Actual Total Time": 1955.034,
                  "Actual Rows": 4640771,
                  "Actual Loops": 4,
                  "Inner Unique": false,
                  "Join Filter": "(t.id = mi.movie_id)",
                  "Rows Removed by Join Filter": 0,
                  "Plans": [
                    {
                      "Node Type": "Hash Join",
                      "Parent Relationship": "Outer",
                      "Parallel Aware": true,
                      "Join Type": "Inner",
                      "Startup Cost": 46116.81,
                      "Total Cost": 90102.5,
                      "Plan Rows": 39634,
                      "Plan Width": 8,
                      "Actual Startup Time": 120.769,
                      "Actual Total Time": 273.017,
                      "Actual Rows": 99063,
                      "Actual Loops": 4,
                      "Inner Unique": true,
                      "Hash Cond": "(mk.movie_id = t.id)",
                      "Plans": [
                        {
                          "Node Type": "Seq Scan",
                          "Parent Relationship": "Outer",
                          "Parallel Aware": true,
                          "Relation Name": "movie_keyword",
                          "Alias": "mk",
                          "Startup Cost": 0.0,
                          "Total Cost": 42695.65,
                          "Plan Rows": 491442,
                          "Plan Width": 4,
                          "Actual Startup Time": 0.653,
                          "Actual Total Time": 95.357,
                          "Actual Rows": 378649,
                          "Actual Loops": 4,
                          "Filter": "(keyword_id > 10688)",
                          "Rows Removed by Filter": 752334
                        },
                        {
                          "Node Type": "Hash",
                          "Parent Relationship": "Inner",
                          "Parallel Aware": true,
                          "Startup Cost": 45479.59,
                          "Total Cost": 45479.59,
                          "Plan Rows": 50978,
                          "Plan Width": 4,
                          "Actual Startup Time": 118.644,
                          "Actual Total Time": 118.645,
                          "Actual Rows": 80145,
                          "Actual Loops": 4,
                          "Hash Buckets": 524288,
                          "Original Hash Buckets": 262144,
                          "Hash Batches": 1,
                          "Original Hash Batches": 1,
                          "Peak Memory Usage": 18752,
                          "Plans": [
                            {
                              "Node Type": "Seq Scan",
                              "Parent Relationship": "Outer",
                              "Parallel Aware": true,
                              "Relation Name": "title",
                              "Alias": "t",
                              "Startup Cost": 0.0,
                              "Total Cost": 45479.59,
                              "Plan Rows": 50978,
                              "Plan Width": 4,
                              "Actual Startup Time": 0.033,
                              "Actual Total Time": 88.509,
                              "Actual Rows": 80145,
                              "Actual Loops": 4,
                              "Filter": "((kind_id < 7) AND (production_year < 1982))",
                              "Rows Removed by Filter": 551933
                            }
                          ]
                        }
                      ]
                    },
                    {
                      "Node Type": "Index Only Scan",
                      "Parent Relationship": "Inner",
                      "Parallel Aware": false,
                      "Scan Direction": "Forward",
                      "Index Name": "movie_id_movie_info",
                      "Relation Name": "movie_info",
                      "Alias": "mi",
                      "Startup Cost": 0.43,
                      "Total Cost": 1.72,
                      "Plan Rows": 41,
                      "Plan Width": 4,
                      "Actual Startup Time": 0.003,
                      "Actual Total Time": 0.013,
                      "Actual Rows": 47,
                      "Actual Loops": 396252,
                      "Index Cond": "(movie_id = mk.movie_id)",
                      "Rows Removed by Index Recheck": 0,
                      "Heap Fetches": 18563085
                    }
                  ]
                }
              ]
            }
          ]
        }
      ]
    },
    "Planning Time": 0.563,
    "Triggers": [],
    "Execution Time": 2193.877
  }
]