[
  {
    "Plan": {
      "Node Type": "Aggregate",
      "Strategy": "Plain",
      "Partial Mode": "Finalize",
      "Parallel Aware": false,
      "Startup Cost": 45697.53,
      "Total Cost": 45697.54,
      "Plan Rows": 1,
      "Plan Width": 8,
      "Actual Startup Time": 142.772,
      "Actual Total Time": 150.049,
      "Actual Rows": 1,
      "Actual Loops": 1,
      "Plans": [
        {
          "Node Type": "Gather",
          "Parent Relationship": "Outer",
          "Parallel Aware": false,
          "Startup Cost": 45697.21,
          "Total Cost": 45697.52,
          "Plan Rows": 3,
          "Plan Width": 8,
          "Actual Startup Time": 142.637,
          "Actual Total Time": 150.041,
          "Actual Rows": 4,
          "Actual Loops": 1,
          "Workers Planned": 3,
          "Workers Launched": 3,
          "Single Copy": false,
          "Plans": [
            {
              "Node Type": "Aggregate",
              "Strategy": "Plain",
              "Partial Mode": "Partial",
              "Parent Relationship": "Outer",
              "Parallel Aware": false,
              "Startup Cost": 44697.21,
              "Total Cost": 44697.22,
              "Plan Rows": 1,
              "Plan Width": 8,
              "Actual Startup Time": 137.522,
              "Actual Total Time": 137.523,
              "Actual Rows": 1,
              "Actual Loops": 4,
              "Plans": [
                {
                  "Node Type": "Seq Scan",
                  "Parent Relationship": "Outer",
                  "Parallel Aware": true,
                  "Relation Name": "movie_keyword",
                  "Alias": "mk",
                  "Startup Cost": 0.0,
                  "Total Cost": 42695.65,
                  "Plan Rows": 800622,
                  "Plan Width": 0,
                  "Actual Startup Time": 0.038,
                  "Actual Total Time": 109.957,
                  "Actual Rows": 620643,
                  "Actual Loops": 4,
                  "Filter": "(keyword_id < 6022)",
                  "Rows Removed by Filter": 510340
                }
              ]
            }
          ]
        }
      ]
    },
    "Planning Time": 0.117,
    "Triggers": [],
    "Execution Time": 150.09
  }
]