[
  {
    "Plan": {
      "Node Type": "Aggregate",
      "Strategy": "Plain",
      "Partial Mode": "Finalize",
      "Parallel Aware": false,
      "Startup Cost": 94528.47,
      "Total Cost": 94528.48,
      "Plan Rows": 1,
      "Plan Width": 8,
      "Actual Startup Time": 516.958,
      "Actual Total Time": 532.53,
      "Actual Rows": 1,
      "Actual Loops": 1,
      "Plans": [
        {
          "Node Type": "Gather",
          "Parent Relationship": "Outer",
          "Parallel Aware": false,
          "Startup Cost": 94528.15,
          "Total Cost": 94528.46,
          "Plan Rows": 3,
          "Plan Width": 8,
          "Actual Startup Time": 508.653,
          "Actual Total Time": 532.52,
          "Actual Rows": 4,
          "Actual Loops": 1,
          "Workers Planned": 3,
          "Workers Launched": 3,
          "Single Copy": false,
          "Plans": [
            {
              "Node Type": "Aggregate",
              "Strategy": "Plain",
              "Partial Mode": "Partial",
              "Parent Relationship": "Outer",
              "Parallel Aware": false,
              "Startup Cost": 93528.15,
              "Total Cost": 93528.16,
              "Plan Rows": 1,
              "Plan Width": 8,
              "Actual Startup Time": 492.989,
              "Actual Total Time": 492.995,
              "Actual Rows": 1,
              "Actual Loops": 4,
              "Plans": [
                {
                  "Node Type": "Hash Join",
                  "Parent Relationship": "Outer",
                  "Parallel Aware": true,
                  "Join Type": "Inner",
                  "Startup Cost": 65088.71,
                  "Total Cost": 92962.84,
                  "Plan Rows": 226124,
                  "Plan Width": 0,
                  "Actual Startup Time": 370.034,
                  "Actual Total Time": 483.9,
                  "Actual Rows": 172692,
                  "Actual Loops": 4,
                  "Inner Unique": true,
                  "Hash Cond": "(mk.movie_id = t.id)",
                  "Plans": [
                    {
                      "Node Type": "Bitmap Heap Scan",
                      "Parent Relationship": "Outer",
                      "Parallel Aware": true,
                      "Relation Name": "movie_keyword",
                      "Alias": "mk",
                      "Startup Cost": 14869.07,
                      "Total Cost": 42149.62,
                      "Plan Rows": 226124,
                      "Plan Width": 4,
                      "Actual Startup Time": 45.197,
                      "Actual Total Time": 104.264,
                      "Actual Rows": 172692,
                      "Actual Loops": 4,
                      "Recheck Cond": "(keyword_id > 27274)",
                      "Rows Removed by Index Recheck": 0,
                      "Exact Heap Blocks": 6542,
                      "Lossy Heap Blocks": 0,
                      "Plans": [
                        {
                          "Node Type": "Bitmap Index Scan",
                          "Parent Relationship": "Outer",
                          "Parallel Aware": false,
                          "Index Name": "keyword_id_movie_keyword",
                          "Startup Cost": 0.0,
                          "Total Cost": 14693.82,
                          "Plan Rows": 700985,
                          "Plan Width": 0,
                          "Actual Startup Time": 41.648,
                          "Actual Total Time": 41.649,
                          "Actual Rows": 690768,
                          "Actual Loops": 1,
                          "Index Cond": "(keyword_id > 27274)"
                        }
                      ]
                    },
                    {
                      "Node Type": "Hash",
                      "Parent Relationship": "Inner",
                      "Parallel Aware": true,
                      "Startup Cost": 42318.73,
                      "Total Cost": 42318.73,
                      "Plan Rows": 632073,
                      "Plan Width": 4,
                      "Actual Startup Time": 315.038,
                      "Actual Total Time": 315.039,
                      "Actual Rows": 632078,
                      "Actual Loops": 4,
                      "Hash Buckets": 4194304,
                      "Original Hash Buckets": 4194304,
                      "Hash Batches": 1,
                      "Original Hash Batches": 1,
                      "Peak Memory Usage": 131744,
                      "Plans": [
                        {
                          "Node Type": "Seq Scan",
                          "Parent Relationship": "Outer",
                          "Parallel Aware": true,
                          "Relation Name": "title",
                          "Alias": "t",
                          "Startup Cost": 0.0,
                          "Total Cost": 42318.73,
                          "Plan Rows": 632073,
                          "Plan Width": 4,
                          "Actual Startup Time": 0.031,
                          "Actual Total Time": 94.049,
                          "Actual Rows": 632078,
                          "Actual Loops": 4
                        }
                      ]
                    }
                  ]
                }
              ]
            }
          ]
        }
      ]
    },
    "Planning Time": 0.367,
    "Triggers": [],
    "Execution Time": 532.589
  }
]