[
  {
    "Plan": {
      "Node Type": "Aggregate",
      "Strategy": "Plain",
      "Partial Mode": "Finalize",
      "Parallel Aware": false,
      "Startup Cost": 208158.58,
      "Total Cost": 208158.59,
      "Plan Rows": 1,
      "Plan Width": 8,
      "Actual Startup Time": 140.403,
      "Actual Total Time": 160.551,
      "Actual Rows": 1,
      "Actual Loops": 1,
      "Plans": [
        {
          "Node Type": "Gather",
          "Parent Relationship": "Outer",
          "Parallel Aware": false,
          "Startup Cost": 208158.16,
          "Total Cost": 208158.57,
          "Plan Rows": 4,
          "Plan Width": 8,
          "Actual Startup Time": 140.244,
          "Actual Total Time": 160.537,
          "Actual Rows": 5,
          "Actual Loops": 1,
          "Workers Planned": 4,
          "Workers Launched": 4,
          "Single Copy": false,
          "Plans": [
            {
              "Node Type": "Aggregate",
              "Strategy": "Plain",
              "Partial Mode": "Partial",
              "Parent Relationship": "Outer",
              "Parallel Aware": false,
              "Startup Cost": 207158.16,
              "Total Cost": 207158.17,
              "Plan Rows": 1,
              "Plan Width": 8,
              "Actual Startup Time": 130.672,
              "Actual Total Time": 130.674,
              "Actual Rows": 1,
              "Actual Loops": 5,
              "Plans": [
                {
                  "Node Type": "Nested Loop",
                  "Parent Relationship": "Outer",
                  "Parallel Aware": false,
                  "Join Type": "Inner",
                  "Startup Cost": 0.43,
                  "Total Cost": 207131.9,
                  "Plan Rows": 10506,
                  "Plan Width": 0,
                  "Actual Startup Time": 0.886,
                  "Actual Total Time": 129.209,
                  "Actual Rows": 16877,
                  "Actual Loops": 5,
                  "Inner Unique": false,
                  "Plans": [
                    {
                      "Node Type": "Seq Scan",
                      "Parent Relationship": "Outer",
                      "Parallel Aware": true,
                      "Relation Name": "title",
                      "Alias": "t",
                      "Startup Cost": 0.0,
                      "Total Cost": 45479.59,
                      "Plan Rows": 1789,
                      "Plan Width": 4,
                      "Actual Startup Time": 0.662,
                      "Actual Total Time": 76.324,
                      "Actual Rows": 1428,
                      "Actual Loops": 5,
                      "Filter": "((kind_id < 4) AND (production_year = 1988))",
                      "Rows Removed by Filter": 504235
                    },
                    {
                      "Node Type": "Index Only Scan",
                      "Parent Relationship": "Inner",
                      "Parallel Aware": false,
                      "Scan Direction": "Forward",
                      "Index Name": "movie_id_movie_info",
                      "Relation Name": "movie_info",
                      "Alias": "mi",
                      "Startup Cost": 0.43,
                      "Total Cost": 89.95,
                      "Plan Rows": 41,
                      "Plan Width": 4,
                      "Actual Startup Time": 0.013,
                      "Actual Total Time": 0.035,
                      "Actual Rows": 12,
                      "Actual Loops": 7138,
                      "Index Cond": "(movie_id = t.id)",
                      "Rows Removed by Index Recheck": 0,
                      "Heap Fetches": 84385
                    }
                  ]
                }
              ]
            }
          ]
        }
      ]
    },
    "Planning Time": 0.195,
    "Triggers": [],
    "Execution Time": 160.584
  }
]