{
  "Plan": {
    "Node Type": "Aggregate",
    "Strategy": "Plain",
    "Partial Mode": "Finalize",
    "Parallel Aware": false,
    "Startup Cost": 88059.38,
    "Total Cost": 88059.39,
    "Plan Rows": 1,
    "Plan Width": 8,
    "Actual Startup Time": 223.054,
    "Actual Total Time": 236.148,
    "Actual Rows": 1,
    "Actual Loops": 1,
    "Plans": [
      {
        "Node Type": "Gather",
        "Parent Relationship": "Outer",
        "Parallel Aware": false,
        "Startup Cost": 88059.27,
        "Total Cost": 88059.38,
        "Plan Rows": 1,
        "Plan Width": 8,
        "Actual Startup Time": 222.819,
        "Actual Total Time": 236.14,
        "Actual Rows": 2,
        "Actual Loops": 1,
        "Workers Planned": 1,
        "Workers Launched": 1,
        "Single Copy": false,
        "Plans": [
          {
            "Node Type": "Aggregate",
            "Strategy": "Plain",
            "Partial Mode": "Partial",
            "Parent Relationship": "Outer",
            "Parallel Aware": false,
            "Startup Cost": 87059.27,
            "Total Cost": 87059.28,
            "Plan Rows": 1,
            "Plan Width": 8,
            "Actual Startup Time": 216.921,
            "Actual Total Time": 216.925,
            "Actual Rows": 1,
            "Actual Loops": 2,
            "Plans": [
              {
                "Node Type": "Hash Join",
                "Parent Relationship": "Outer",
                "Parallel Aware": true,
                "Join Type": "Inner",
                "Startup Cost": 64300.32,
                "Total Cost": 87057.59,
                "Plan Rows": 673,
                "Plan Width": 0,
                "Actual Startup Time": 160.716,
                "Actual Total Time": 216.825,
                "Actual Rows": 1166,
                "Actual Loops": 2,
                "Inner Unique": true,
                "Hash Cond": "(mc.movie_id = t.id)",
                "Plans": [
                  {
                    "Node Type": "Bitmap Heap Scan",
                    "Parent Relationship": "Outer",
                    "Parallel Aware": true,
                    "Relation Name": "movie_companies",
                    "Alias": "mc",
                    "Startup Cost": 9664.22,
                    "Total Cost": 31732.95,
                    "Plan Rows": 262299,
                    "Plan Width": 4,
                    "Actual Startup Time": 22.984,
                    "Actual Total Time": 57.211,
                    "Actual Rows": 226486,
                    "Actual Loops": 2,
                    "Recheck Cond": "(company_id > 77036)",
                    "Rows Removed by Index Recheck": 0,
                    "Exact Heap Blocks": 3212,
                    "Lossy Heap Blocks": 0,
                    "Plans": [
                      {
                        "Node Type": "Bitmap Index Scan",
                        "Parent Relationship": "Outer",
                        "Parallel Aware": false,
                        "Index Name": "company_id_movie_companies",
                        "Startup Cost": 0.0,
                        "Total Cost": 9552.74,
                        "Plan Rows": 445908,
                        "Plan Width": 0,
                        "Actual Startup Time": 22.039,
                        "Actual Total Time": 22.04,
                        "Actual Rows": 452972,
                        "Actual Loops": 1,
                        "Index Cond": "(company_id > 77036)"
                      }
                    ]
                  },
                  {
                    "Node Type": "Hash",
                    "Parent Relationship": "Inner",
                    "Parallel Aware": true,
                    "Startup Cost": 54588.39,
                    "Total Cost": 54588.39,
                    "Plan Rows": 3817,
                    "Plan Width": 4,
                    "Actual Startup Time": 136.532,
                    "Actual Total Time": 136.533,
                    "Actual Rows": 4004,
                    "Actual Loops": 2,
                    "Hash Buckets": 8192,
                    "Original Hash Buckets": 8192,
                    "Hash Batches": 1,
                    "Original Hash Batches": 1,
                    "Peak Memory Usage": 416,
                    "Plans": [
                      {
                        "Node Type": "Seq Scan",
                        "Parent Relationship": "Outer",
                        "Parallel Aware": true,
                        "Relation Name": "title",
                        "Alias": "t",
                        "Startup Cost": 0.0,
                        "Total Cost": 54588.39,
                        "Plan Rows": 3817,
                        "Plan Width": 4,
                        "Actual Startup Time": 0.147,
                        "Actual Total Time": 134.832,
                        "Actual Rows": 4004,
                        "Actual Loops": 2,
                        "Filter": "(production_year = 1955)",
                        "Rows Removed by Filter": 1260152
                      }
                    ]
                  }
                ]
              }
            ]
          }
        ]
      }
    ]
  },
  "Planning Time": 0.456,
  "Triggers": [],
  "Execution Time": 236.27
}