[
  {
    "Plan": {
      "Node Type": "Aggregate",
      "Strategy": "Plain",
      "Partial Mode": "Finalize",
      "Parallel Aware": false,
      "Startup Cost": 419338.41,
      "Total Cost": 419338.42,
      "Plan Rows": 1,
      "Plan Width": 8,
      "Actual Startup Time": 2174.439,
      "Actual Total Time": 2247.16,
      "Actual Rows": 1,
      "Actual Loops": 1,
      "Plans": [
        {
          "Node Type": "Gather",
          "Parent Relationship": "Outer",
          "Parallel Aware": false,
          "Startup Cost": 419337.79,
          "Total Cost": 419338.4,
          "Plan Rows": 6,
          "Plan Width": 8,
          "Actual Startup Time": 2163.153,
          "Actual Total Time": 2247.145,
          "Actual Rows": 7,
          "Actual Loops": 1,
          "Workers Planned": 6,
          "Workers Launched": 6,
          "Single Copy": false,
          "Plans": [
            {
              "Node Type": "Aggregate",
              "Strategy": "Plain",
              "Partial Mode": "Partial",
              "Parent Relationship": "Outer",
              "Parallel Aware": false,
              "Startup Cost": 418337.79,
              "Total Cost": 418337.8,
              "Plan Rows": 1,
              "Plan Width": 8,
              "Actual Startup Time": 2151.812,
              "Actual Total Time": 2152.067,
              "Actual Rows": 1,
              "Actual Loops": 7,
              "Plans": [
                {
                  "Node Type": "Hash Join",
                  "Parent Relationship": "Outer",
                  "Parallel Aware": true,
                  "Join Type": "Inner",
                  "Startup Cost": 65167.46,
                  "Total Cost": 415703.46,
                  "Plan Rows": 1053730,
                  "Plan Width": 0,
                  "Actual Startup Time": 286.634,
                  "Actual Total Time": 2040.51,
                  "Actual Rows": 2140719,
                  "Actual Loops": 7,
                  "Inner Unique": false,
                  "Hash Cond": "(ci.movie_id = t.id)",
                  "Plans": [
                    {
                      "Node Type": "Seq Scan",
                      "Parent Relationship": "Outer",
                      "Parallel Aware": true,
                      "Relation Name": "cast_info",
                      "Alias": "ci",
                      "Startup Cost": 0.0,
                      "Total Cost": 328162.03,
                      "Plan Rows": 4795582,
                      "Plan Width": 4,
                      "Actual Startup Time": 0.027,
                      "Actual Total Time": 821.34,
                      "Actual Rows": 4115444,
                      "Actual Loops": 7,
                      "Filter": "(role_id < 8)",
                      "Rows Removed by Filter": 1062320
                    },
                    {
                      "Node Type": "Hash",
                      "Parent Relationship": "Inner",
                      "Parallel Aware": true,
                      "Startup Cost": 62274.03,
                      "Total Cost": 62274.03,
                      "Plan Rows": 231475,
                      "Plan Width": 8,
                      "Actual Startup Time": 283.058,
                      "Actual Total Time": 283.311,
                      "Actual Rows": 97327,
                      "Actual Loops": 7,
                      "Hash Buckets": 1048576,
                      "Original Hash Buckets": 1048576,
                      "Hash Batches": 1,
                      "Original Hash Batches": 1,
                      "Peak Memory Usage": 34976,
                      "Plans": [
                        {
                          "Node Type": "Hash Join",
                          "Parent Relationship": "Outer",
                          "Parallel Aware": true,
                          "Join Type": "Inner",
                          "Startup Cost": 47079.47,
                          "Total Cost": 62274.03,
                          "Plan Rows": 231475,
                          "Plan Width": 8,
                          "Actual Startup Time": 164.843,
                          "Actual Total Time": 240.197,
                          "Actual Rows": 97327,
                          "Actual Loops": 7,
                          "Inner Unique": true,
                          "Hash Cond": "(mi_idx.movie_id = t.id)",
                          "Plans": [
                            {
                              "Node Type": "Seq Scan",
                              "Parent Relationship": "Outer",
                              "Parallel Aware": true,
                              "Relation Name": "movie_info_idx",
                              "Alias": "mi_idx",
                              "Startup Cost": 0.0,
                              "Total Cost": 13685.15,
                              "Plan Rows": 575015,
                              "Plan Width": 4,
                              "Actual Startup Time": 0.036,
                              "Actual Total Time": 23.515,
                              "Actual Rows": 197148,
                              "Actual Loops": 7
                            },
                            {
                              "Node Type": "Hash",
                              "Parent Relationship": "Inner",
                              "Parallel Aware": true,
                              "Startup Cost": 43898.92,
                              "Total Cost": 43898.92,
                              "Plan Rows": 254444,
                              "Plan Width": 4,
                              "Actual Startup Time": 163.015,
                              "Actual Total Time": 163.016,
                              "Actual Rows": 145965,
                              "Actual Loops": 7,
                              "Hash Buckets": 1048576,
                              "Original Hash Buckets": 1048576,
                              "Hash Batches": 1,
                              "Original Hash Batches": 1,
                              "Peak Memory Usage": 48288,
                              "Plans": [
                                {
                                  "Node Type": "Seq Scan",
                                  "Parent Relationship": "Outer",
                                  "Parallel Aware": true,
                                  "Relation Name": "title",
                                  "Alias": "t",
                                  "Startup Cost": 0.0,
                                  "Total Cost": 43898.92,
                                  "Plan Rows": 254444,
                                  "Plan Width": 4,
                                  "Actual Startup Time": 0.057,
                                  "Actual Total Time": 87.264,
                                  "Actual Rows": 145965,
                                  "Actual Loops": 7,
                                  "Filter": "(production_year < 2000)",
                                  "Rows Removed by Filter": 215223
                                }
                              ]
                            }
                          ]
                        }
                      ]
                    }
                  ]
                }
              ]
            }
          ]
        }
      ]
    },
    "Planning Time": 1.275,
    "Triggers": [],
    "Execution Time": 2247.27
  }
]