[
  {
    "Plan": {
      "Node Type": "Aggregate",
      "Strategy": "Plain",
      "Partial Mode": "Simple",
      "Parallel Aware": false,
      "Startup Cost": 273.95,
      "Total Cost": 273.96,
      "Plan Rows": 1,
      "Plan Width": 8,
      "Actual Startup Time": 1.12,
      "Actual Total Time": 1.122,
      "Actual Rows": 1,
      "Actual Loops": 1,
      "Plans": [
        {
          "Node Type": "Index Scan",
          "Parent Relationship": "Outer",
          "Parallel Aware": false,
          "Scan Direction": "Forward",
          "Index Name": "company_id_movie_companies",
          "Relation Name": "movie_companies",
          "Alias": "mc",
          "Startup Cost": 0.43,
          "Total Cost": 273.83,
          "Plan Rows": 50,
          "Plan Width": 0,
          "Actual Startup Time": 0.709,
          "Actual Total Time": 1.092,
          "Actual Rows": 118,
          "Actual Loops": 1,
          "Index Cond": "(company_id = 8751)",
          "Rows Removed by Index Recheck": 0,
          "Filter": "(company_type_id < 2)",
          "Rows Removed by Filter": 52
        }
      ]
    },
    "Planning Time": 0.206,
    "Triggers": [],
    "Execution Time": 1.176
  }
]