[
    {
        "Bao": {
            "Bao prediction": "NaN",
            "Bao recommended hint": "(no hint)"
        }
    },
    {
        "Plan": {
            "Node Type": "Aggregate",
            "Strategy": "Plain",
            "Partial Mode": "Finalize",
            "Parallel Aware": false,
            "Startup Cost": 276085.67,
            "Total Cost": 276085.68,
            "Plan Rows": 1,
            "Plan Width": 8,
            "Actual Startup Time": 1001.977,
            "Actual Total Time": 1028.383,
            "Actual Rows": 1,
            "Actual Loops": 1,
            "Output": [
                "count(*)"
            ],
            "Plans": [
                {
                    "Node Type": "Gather",
                    "Parent Relationship": "Outer",
                    "Parallel Aware": false,
                    "Startup Cost": 276085.15,
                    "Total Cost": 276085.66,
                    "Plan Rows": 5,
                    "Plan Width": 8,
                    "Actual Startup Time": 987.598,
                    "Actual Total Time": 1028.365,
                    "Actual Rows": 6,
                    "Actual Loops": 1,
                    "Output": [
                        "(PARTIAL count(*))"
                    ],
                    "Workers Planned": 5,
                    "Workers Launched": 5,
                    "Single Copy": false,
                    "Plans": [
                        {
                            "Node Type": "Aggregate",
                            "Strategy": "Plain",
                            "Partial Mode": "Partial",
                            "Parent Relationship": "Outer",
                            "Parallel Aware": false,
                            "Startup Cost": 275085.15,
                            "Total Cost": 275085.16,
                            "Plan Rows": 1,
                            "Plan Width": 8,
                            "Actual Startup Time": 978.195,
                            "Actual Total Time": 978.636,
                            "Actual Rows": 1,
                            "Actual Loops": 6,
                            "Output": [
                                "PARTIAL count(*)"
                            ],
                            "Workers": [
                                {
                                    "Worker Number": 0,
                                    "Actual Startup Time": 975.777,
                                    "Actual Total Time": 975.782,
                                    "Actual Rows": 1,
                                    "Actual Loops": 1
                                },
                                {
                                    "Worker Number": 1,
                                    "Actual Startup Time": 975.904,
                                    "Actual Total Time": 975.91,
                                    "Actual Rows": 1,
                                    "Actual Loops": 1
                                },
                                {
                                    "Worker Number": 2,
                                    "Actual Startup Time": 975.901,
                                    "Actual Total Time": 975.905,
                                    "Actual Rows": 1,
                                    "Actual Loops": 1
                                },
                                {
                                    "Worker Number": 3,
                                    "Actual Startup Time": 976.384,
                                    "Actual Total Time": 976.388,
                                    "Actual Rows": 1,
                                    "Actual Loops": 1
                                },
                                {
                                    "Worker Number": 4,
                                    "Actual Startup Time": 978.08,
                                    "Actual Total Time": 978.085,
                                    "Actual Rows": 1,
                                    "Actual Loops": 1
                                }
                            ],
                            "Plans": [
                                {
                                    "Node Type": "Hash Join",
                                    "Parent Relationship": "Outer",
                                    "Parallel Aware": true,
                                    "Join Type": "Inner",
                                    "Startup Cost": 69675.33,
                                    "Total Cost": 274277.72,
                                    "Plan Rows": 322970,
                                    "Plan Width": 0,
                                    "Actual Startup Time": 371.821,
                                    "Actual Total Time": 926.266,
                                    "Actual Rows": 978340,
                                    "Actual Loops": 6,
                                    "Inner Unique": false,
                                    "Hash Cond": "(mi.movie_id = t.id)",
                                    "Workers": [
                                        {
                                            "Worker Number": 0,
                                            "Actual Startup Time": 369.78,
                                            "Actual Total Time": 921.204,
                                            "Actual Rows": 768310,
                                            "Actual Loops": 1
                                        },
                                        {
                                            "Worker Number": 1,
                                            "Actual Startup Time": 369.752,
                                            "Actual Total Time": 921.107,
                                            "Actual Rows": 770203,
                                            "Actual Loops": 1
                                        },
                                        {
                                            "Worker Number": 2,
                                            "Actual Startup Time": 369.976,
                                            "Actual Total Time": 924.67,
                                            "Actual Rows": 1142480,
                                            "Actual Loops": 1
                                        },
                                        {
                                            "Worker Number": 3,
                                            "Actual Startup Time": 370.212,
                                            "Actual Total Time": 925.081,
                                            "Actual Rows": 1143709,
                                            "Actual Loops": 1
                                        },
                                        {
                                            "Worker Number": 4,
                                            "Actual Startup Time": 370.235,
                                            "Actual Total Time": 925.699,
                                            "Actual Rows": 731881,
                                            "Actual Loops": 1
                                        }
                                    ],
                                    "Plans": [
                                        {
                                            "Node Type": "Seq Scan",
                                            "Parent Relationship": "Outer",
                                            "Parallel Aware": true,
                                            "Relation Name": "movie_info",
                                            "Schema": "public",
                                            "Alias": "mi",
                                            "Startup Cost": 0.0,
                                            "Total Cost": 198880.74,
                                            "Plan Rows": 1166918,
                                            "Plan Width": 4,
                                            "Actual Startup Time": 15.832,
                                            "Actual Total Time": 316.713,
                                            "Actual Rows": 978171,
                                            "Actual Loops": 6,
                                            "Output": [
                                                "mi.id",
                                                "mi.movie_id",
                                                "mi.info_type_id",
                                                "mi.info",
                                                "mi.note"
                                            ],
                                            "Filter": "(mi.info_type_id > 13)",
                                            "Rows Removed by Filter": 1494449,
                                            "Workers": [
                                                {
                                                    "Worker Number": 0,
                                                    "Actual Startup Time": 15.822,
                                                    "Actual Total Time": 326.375,
                                                    "Actual Rows": 777314,
                                                    "Actual Loops": 1
                                                },
                                                {
                                                    "Worker Number": 1,
                                                    "Actual Startup Time": 15.842,
                                                    "Actual Total Time": 325.827,
                                                    "Actual Rows": 775552,
                                                    "Actual Loops": 1
                                                },
                                                {
                                                    "Worker Number": 2,
                                                    "Actual Startup Time": 15.839,
                                                    "Actual Total Time": 313.872,
                                                    "Actual Rows": 1146778,
                                                    "Actual Loops": 1
                                                },
                                                {
                                                    "Worker Number": 3,
                                                    "Actual Startup Time": 15.757,
                                                    "Actual Total Time": 313.994,
                                                    "Actual Rows": 1138141,
                                                    "Actual Loops": 1
                                                },
                                                {
                                                    "Worker Number": 4,
                                                    "Actual Startup Time": 15.85,
                                                    "Actual Total Time": 330.022,
                                                    "Actual Rows": 740493,
                                                    "Actual Loops": 1
                                                }
                                            ]
                                        },
                                        {
                                            "Node Type": "Hash",
                                            "Parent Relationship": "Inner",
                                            "Parallel Aware": true,
                                            "Startup Cost": 66030.71,
                                            "Total Cost": 66030.71,
                                            "Plan Rows": 291570,
                                            "Plan Width": 8,
                                            "Actual Startup Time": 353.526,
                                            "Actual Total Time": 353.965,
                                            "Actual Rows": 131974,
                                            "Actual Loops": 6,
                                            "Output": [
                                                "t.id",
                                                "mi_idx.movie_id"
                                            ],
                                            "Hash Buckets": 1048576,
                                            "Original Hash Buckets": 1048576,
                                            "Hash Batches": 1,
                                            "Original Hash Batches": 1,
                                            "Peak Memory Usage": 39264,
                                            "Workers": [
                                                {
                                                    "Worker Number": 0,
                                                    "Actual Startup Time": 353.08,
                                                    "Actual Total Time": 353.083,
                                                    "Actual Rows": 109960,
                                                    "Actual Loops": 1
                                                },
                                                {
                                                    "Worker Number": 1,
                                                    "Actual Startup Time": 353.089,
                                                    "Actual Total Time": 353.092,
                                                    "Actual Rows": 109224,
                                                    "Actual Loops": 1
                                                },
                                                {
                                                    "Worker Number": 2,
                                                    "Actual Startup Time": 353.106,
                                                    "Actual Total Time": 353.11,
                                                    "Actual Rows": 152764,
                                                    "Actual Loops": 1
                                                },
                                                {
                                                    "Worker Number": 3,
                                                    "Actual Startup Time": 353.509,
                                                    "Actual Total Time": 353.512,
                                                    "Actual Rows": 153213,
                                                    "Actual Loops": 1
                                                },
                                                {
                                                    "Worker Number": 4,
                                                    "Actual Startup Time": 353.565,
                                                    "Actual Total Time": 353.569,
                                                    "Actual Rows": 103256,
                                                    "Actual Loops": 1
                                                }
                                            ],
                                            "Plans": [
                                                {
                                                    "Node Type": "Hash Join",
                                                    "Parent Relationship": "Outer",
                                                    "Parallel Aware": true,
                                                    "Join Type": "Inner",
                                                    "Startup Cost": 49900.39,
                                                    "Total Cost": 66030.71,
                                                    "Plan Rows": 291570,
                                                    "Plan Width": 8,
                                                    "Actual Startup Time": 232.668,
                                                    "Actual Total Time": 316.264,
                                                    "Actual Rows": 131974,
                                                    "Actual Loops": 6,
                                                    "Output": [
                                                        "t.id",
                                                        "mi_idx.movie_id"
                                                    ],
                                                    "Inner Unique": true,
                                                    "Hash Cond": "(mi_idx.movie_id = t.id)",
                                                    "Workers": [
                                                        {
                                                            "Worker Number": 0,
                                                            "Actual Startup Time": 232.162,
                                                            "Actual Total Time": 315.449,
                                                            "Actual Rows": 109960,
                                                            "Actual Loops": 1
                                                        },
                                                        {
                                                            "Worker Number": 1,
                                                            "Actual Startup Time": 232.184,
                                                            "Actual Total Time": 315.688,
                                                            "Actual Rows": 109224,
                                                            "Actual Loops": 1
                                                        },
                                                        {
                                                            "Worker Number": 2,
                                                            "Actual Startup Time": 232.167,
                                                            "Actual Total Time": 315.277,
                                                            "Actual Rows": 152764,
                                                            "Actual Loops": 1
                                                        },
                                                        {
                                                            "Worker Number": 3,
                                                            "Actual Startup Time": 232.726,
                                                            "Actual Total Time": 316.745,
                                                            "Actual Rows": 153213,
                                                            "Actual Loops": 1
                                                        },
                                                        {
                                                            "Worker Number": 4,
                                                            "Actual Startup Time": 232.798,
                                                            "Actual Total Time": 315.753,
                                                            "Actual Rows": 103256,
                                                            "Actual Loops": 1
                                                        }
                                                    ],
                                                    "Plans": [
                                                        {
                                                            "Node Type": "Seq Scan",
                                                            "Parent Relationship": "Outer",
                                                            "Parallel Aware": true,
                                                            "Relation Name": "movie_info_idx",
                                                            "Schema": "public",
                                                            "Alias": "mi_idx",
                                                            "Startup Cost": 0.0,
                                                            "Total Cost": 15122.68,
                                                            "Plan Rows": 383860,
                                                            "Plan Width": 4,
                                                            "Actual Startup Time": 0.024,
                                                            "Actual Total Time": 31.07,
                                                            "Actual Rows": 153352,
                                                            "Actual Loops": 6,
                                                            "Output": [
                                                                "mi_idx.id",
                                                                "mi_idx.movie_id",
                                                                "mi_idx.info_type_id",
                                                                "mi_idx.info",
                                                                "mi_idx.note"
                                                            ],
                                                            "Filter": "(mi_idx.info_type_id > 99)",
                                                            "Rows Removed by Filter": 76654,
                                                            "Workers": [
                                                                {
                                                                    "Worker Number": 0,
                                                                    "Actual Startup Time": 0.024,
                                                                    "Actual Total Time": 33.025,
                                                                    "Actual Rows": 127330,
                                                                    "Actual Loops": 1
                                                                },
                                                                {
                                                                    "Worker Number": 1,
                                                                    "Actual Startup Time": 0.026,
                                                                    "Actual Total Time": 33.165,
                                                                    "Actual Rows": 127877,
                                                                    "Actual Loops": 1
                                                                },
                                                                {
                                                                    "Worker Number": 2,
                                                                    "Actual Startup Time": 0.019,
                                                                    "Actual Total Time": 30.637,
                                                                    "Actual Rows": 178561,
                                                                    "Actual Loops": 1
                                                                },
                                                                {
                                                                    "Worker Number": 3,
                                                                    "Actual Startup Time": 0.025,
                                                                    "Actual Total Time": 30.634,
                                                                    "Actual Rows": 177465,
                                                                    "Actual Loops": 1
                                                                },
                                                                {
                                                                    "Worker Number": 4,
                                                                    "Actual Startup Time": 0.038,
                                                                    "Actual Total Time": 32.523,
                                                                    "Actual Rows": 120127,
                                                                    "Actual Loops": 1
                                                                }
                                                            ]
                                                        },
                                                        {
                                                            "Node Type": "Hash",
                                                            "Parent Relationship": "Inner",
                                                            "Parallel Aware": true,
                                                            "Startup Cost": 43899.01,
                                                            "Total Cost": 43899.01,
                                                            "Plan Rows": 480111,
                                                            "Plan Width": 4,
                                                            "Actual Startup Time": 230.459,
                                                            "Actual Total Time": 230.461,
                                                            "Actual Rows": 320475,
                                                            "Actual Loops": 6,
                                                            "Output": [
                                                                "t.id"
                                                            ],
                                                            "Hash Buckets": 2097152,
                                                            "Original Hash Buckets": 2097152,
                                                            "Hash Batches": 1,
                                                            "Original Hash Batches": 1,
                                                            "Peak Memory Usage": 91712,
                                                            "Workers": [
                                                                {
                                                                    "Worker Number": 0,
                                                                    "Actual Startup Time": 231.982,
                                                                    "Actual Total Time": 231.984,
                                                                    "Actual Rows": 260059,
                                                                    "Actual Loops": 1
                                                                },
                                                                {
                                                                    "Worker Number": 1,
                                                                    "Actual Startup Time": 231.983,
                                                                    "Actual Total Time": 231.984,
                                                                    "Actual Rows": 257381,
                                                                    "Actual Loops": 1
                                                                },
                                                                {
                                                                    "Worker Number": 2,
                                                                    "Actual Startup Time": 231.988,
                                                                    "Actual Total Time": 231.989,
                                                                    "Actual Rows": 355838,
                                                                    "Actual Loops": 1
                                                                },
                                                                {
                                                                    "Worker Number": 3,
                                                                    "Actual Startup Time": 232.534,
                                                                    "Actual Total Time": 232.536,
                                                                    "Actual Rows": 352646,
                                                                    "Actual Loops": 1
                                                                },
                                                                {
                                                                    "Worker Number": 4,
                                                                    "Actual Startup Time": 232.527,
                                                                    "Actual Total Time": 232.529,
                                                                    "Actual Rows": 243976,
                                                                    "Actual Loops": 1
                                                                }
                                                            ],
                                                            "Plans": [
                                                                {
                                                                    "Node Type": "Seq Scan",
                                                                    "Parent Relationship": "Outer",
                                                                    "Parallel Aware": true,
                                                                    "Relation Name": "title",
                                                                    "Schema": "public",
                                                                    "Alias": "t",
                                                                    "Startup Cost": 0.0,
                                                                    "Total Cost": 43899.01,
                                                                    "Plan Rows": 480111,
                                                                    "Plan Width": 4,
                                                                    "Actual Startup Time": 0.049,
                                                                    "Actual Total Time": 88.999,
                                                                    "Actual Rows": 320475,
                                                                    "Actual Loops": 6,
                                                                    "Output": [
                                                                        "t.id"
                                                                    ],
                                                                    "Filter": "(t.production_year < 2010)",
                                                                    "Rows Removed by Filter": 100910,
                                                                    "Workers": [
                                                                        {
                                                                            "Worker Number": 0,
                                                                            "Actual Startup Time": 0.049,
                                                                            "Actual Total Time": 93.872,
                                                                            "Actual Rows": 260059,
                                                                            "Actual Loops": 1
                                                                        },
                                                                        {
                                                                            "Worker Number": 1,
                                                                            "Actual Startup Time": 0.056,
                                                                            "Actual Total Time": 93.8,
                                                                            "Actual Rows": 257381,
                                                                            "Actual Loops": 1
                                                                        },
                                                                        {
                                                                            "Worker Number": 2,
                                                                            "Actual Startup Time": 0.056,
                                                                            "Actual Total Time": 87.518,
                                                                            "Actual Rows": 355838,
                                                                            "Actual Loops": 1
                                                                        },
                                                                        {
                                                                            "Worker Number": 3,
                                                                            "Actual Startup Time": 0.071,
                                                                            "Actual Total Time": 88.066,
                                                                            "Actual Rows": 352646,
                                                                            "Actual Loops": 1
                                                                        },
                                                                        {
                                                                            "Worker Number": 4,
                                                                            "Actual Startup Time": 0.049,
                                                                            "Actual Total Time": 95.059,
                                                                            "Actual Rows": 243976,
                                                                            "Actual Loops": 1
                                                                        }
                                                                    ]
                                                                }
                                                            ]
                                                        }
                                                    ]
                                                }
                                            ]
                                        }
                                    ]
                                }
                            ]
                        }
                    ]
                }
            ]
        },
        "Planning Time": 180.506,
        "Triggers": [],
        "Execution Time": 1028.493
    }
]