[
  {
    "Plan": {
      "Node Type": "Aggregate",
      "Strategy": "Plain",
      "Partial Mode": "Finalize",
      "Parallel Aware": false,
      "Startup Cost": 32696.78,
      "Total Cost": 32696.79,
      "Plan Rows": 1,
      "Plan Width": 8,
      "Actual Startup Time": 79.956,
      "Actual Total Time": 87.706,
      "Actual Rows": 1,
      "Actual Loops": 1,
      "Plans": [
        {
          "Node Type": "Gather",
          "Parent Relationship": "Outer",
          "Parallel Aware": false,
          "Startup Cost": 32696.46,
          "Total Cost": 32696.77,
          "Plan Rows": 3,
          "Plan Width": 8,
          "Actual Startup Time": 79.871,
          "Actual Total Time": 87.7,
          "Actual Rows": 4,
          "Actual Loops": 1,
          "Workers Planned": 3,
          "Workers Launched": 3,
          "Single Copy": false,
          "Plans": [
            {
              "Node Type": "Aggregate",
              "Strategy": "Plain",
              "Partial Mode": "Partial",
              "Parent Relationship": "Outer",
              "Parallel Aware": false,
              "Startup Cost": 31696.46,
              "Total Cost": 31696.47,
              "Plan Rows": 1,
              "Plan Width": 8,
              "Actual Startup Time": 76.351,
              "Actual Total Time": 76.352,
              "Actual Rows": 1,
              "Actual Loops": 4,
              "Plans": [
                {
                  "Node Type": "Seq Scan",
                  "Parent Relationship": "Outer",
                  "Parallel Aware": true,
                  "Relation Name": "movie_companies",
                  "Alias": "mc",
                  "Startup Cost": 0.0,
                  "Total Cost": 31414.82,
                  "Plan Rows": 112656,
                  "Plan Width": 0,
                  "Actual Startup Time": 34.058,
                  "Actual Total Time": 68.973,
                  "Actual Rows": 162704,
                  "Actual Loops": 4,
                  "Filter": "((company_id > 49060) AND (company_type_id = 2))",
                  "Rows Removed by Filter": 489578
                }
              ]
            }
          ]
        }
      ]
    },
    "Planning Time": 0.103,
    "Triggers": [],
    "Execution Time": 87.735
  }
]