{
    "Plan": {
        "Node Type": "Aggregate",
        "Strategy": "Plain",
        "Partial Mode": "Simple",
        "Parallel Aware": false,
        "Startup Cost": 10000618357.85,
        "Total Cost": 10000618357.86,
        "Plan Rows": 1,
        "Plan Width": 8,
        "Actual Startup Time": 6543.613,
        "Actual Total Time": 6543.618,
        "Actual Rows": 1,
        "Actual Loops": 1,
        "Output": [
            "count(*)"
        ],
        "Plans": [
            {
                "Node Type": "Hash Join",
                "Parent Relationship": "Outer",
                "Parallel Aware": false,
                "Join Type": "Inner",
                "Startup Cost": 10000261860.79,
                "Total Cost": 10000614710.87,
                "Plan Rows": 1458793,
                "Plan Width": 0,
                "Actual Startup Time": 3129.185,
                "Actual Total Time": 6424.041,
                "Actual Rows": 3050978,
                "Actual Loops": 1,
                "Inner Unique": false,
                "Hash Cond": "(t.id = mi_idx.movie_id)",
                "Plans": [
                    {
                        "Node Type": "Hash Join",
                        "Parent Relationship": "Outer",
                        "Parallel Aware": false,
                        "Join Type": "Inner",
                        "Startup Cost": 10000214233.93,
                        "Total Cost": 10000527474.12,
                        "Plan Rows": 4003515,
                        "Plan Width": 8,
                        "Actual Startup Time": 2820.728,
                        "Actual Total Time": 4797.925,
                        "Actual Rows": 4008037,
                        "Actual Loops": 1,
                        "Output": [
                            "t.id",
                            "ci.movie_id"
                        ],
                        "Inner Unique": true,
                        "Hash Cond": "(ci.movie_id = t.id)",
                        "Plans": [
                            {
                                "Node Type": "Bitmap Heap Scan",
                                "Parent Relationship": "Outer",
                                "Parallel Aware": false,
                                "Relation Name": "cast_info",
                                "Schema": "public",
                                "Alias": "ci",
                                "Startup Cost": 72287.81,
                                "Total Cost": 375018.74,
                                "Plan Rows": 4003515,
                                "Plan Width": 4,
                                "Actual Startup Time": 151.586,
                                "Actual Total Time": 600.368,
                                "Actual Rows": 4008037,
                                "Actual Loops": 1,
                                "Output": [
                                    "ci.id",
                                    "ci.person_id",
                                    "ci.movie_id",
                                    "ci.person_role_id",
                                    "ci.note",
                                    "ci.nr_order",
                                    "ci.role_id"
                                ],
                                "Recheck Cond": "(ci.role_id = 3)",
                                "Rows Removed by Index Recheck": 0,
                                "Exact Heap Blocks": 32397,
                                "Lossy Heap Blocks": 0,
                                "Plans": [
                                    {
                                        "Node Type": "Bitmap Index Scan",
                                        "Parent Relationship": "Outer",
                                        "Parallel Aware": false,
                                        "Index Name": "role_id_cast_info",
                                        "Startup Cost": 0.0,
                                        "Total Cost": 71286.93,
                                        "Plan Rows": 4003515,
                                        "Plan Width": 0,
                                        "Actual Startup Time": 147.032,
                                        "Actual Total Time": 147.032,
                                        "Actual Rows": 4008037,
                                        "Actual Loops": 1,
                                        "Index Cond": "(ci.role_id = 3)"
                                    }
                                ]
                            },
                            {
                                "Node Type": "Hash",
                                "Parent Relationship": "Inner",
                                "Parallel Aware": false,
                                "Startup Cost": 10000110342.1,
                                "Total Cost": 10000110342.1,
                                "Plan Rows": 2528322,
                                "Plan Width": 4,
                                "Actual Startup Time": 2654.184,
                                "Actual Total Time": 2654.185,
                                "Actual Rows": 2528312,
                                "Actual Loops": 1,
                                "Output": [
                                    "t.id"
                                ],
                                "Hash Buckets": 4194304,
                                "Original Hash Buckets": 4194304,
                                "Hash Batches": 1,
                                "Original Hash Batches": 1,
                                "Peak Memory Usage": 121654,
                                "Plans": [
                                    {
                                        "Node Type": "Index Scan",
                                        "Parent Relationship": "Outer",
                                        "Parallel Aware": false,
                                        "Scan Direction": "Forward",
                                        "Index Name": "title_pkey",
                                        "Relation Name": "title",
                                        "Schema": "public",
                                        "Alias": "t",
                                        "Startup Cost": 10000000000.43,
                                        "Total Cost": 10000110342.1,
                                        "Plan Rows": 2528322,
                                        "Plan Width": 4,
                                        "Actual Startup Time": 0.025,
                                        "Actual Total Time": 1848.493,
                                        "Actual Rows": 2528312,
                                        "Actual Loops": 1,
                                        "Output": [
                                            "t.id"
                                        ]
                                    }
                                ]
                            }
                        ]
                    },
                    {
                        "Node Type": "Hash",
                        "Parent Relationship": "Inner",
                        "Parallel Aware": false,
                        "Startup Cost": 36111.04,
                        "Total Cost": 36111.04,
                        "Plan Rows": 921265,
                        "Plan Width": 4,
                        "Actual Startup Time": 298.392,
                        "Actual Total Time": 298.393,
                        "Actual Rows": 920110,
                        "Actual Loops": 1,
                        "Output": [
                            "mi_idx.movie_id"
                        ],
                        "Hash Buckets": 1048576,
                        "Original Hash Buckets": 1048576,
                        "Hash Batches": 1,
                        "Original Hash Batches": 1,
                        "Peak Memory Usage": 40540,
                        "Plans": [
                            {
                                "Node Type": "Bitmap Heap Scan",
                                "Parent Relationship": "Outer",
                                "Parallel Aware": false,
                                "Relation Name": "movie_info_idx",
                                "Schema": "public",
                                "Alias": "mi_idx",
                                "Startup Cost": 16660.23,
                                "Total Cost": 36111.04,
                                "Plan Rows": 921265,
                                "Plan Width": 4,
                                "Actual Startup Time": 42.697,
                                "Actual Total Time": 152.448,
                                "Actual Rows": 920110,
                                "Actual Loops": 1,
                                "Output": [
                                    "mi_idx.movie_id"
                                ],
                                "Recheck Cond": "(mi_idx.info_type_id > 99)",
                                "Rows Removed by Index Recheck": 0,
                                "Exact Heap Blocks": 7935,
                                "Lossy Heap Blocks": 0,
                                "Plans": [
                                    {
                                        "Node Type": "Bitmap Index Scan",
                                        "Parent Relationship": "Outer",
                                        "Parallel Aware": false,
                                        "Index Name": "info_type_id_movie_info_idx",
                                        "Startup Cost": 0.0,
                                        "Total Cost": 16429.92,
                                        "Plan Rows": 921265,
                                        "Plan Width": 0,
                                        "Actual Startup Time": 41.765,
                                        "Actual Total Time": 41.765,
                                        "Actual Rows": 920110,
                                        "Actual Loops": 1,
                                        "Index Cond": "(mi_idx.info_type_id > 99)"
                                    }
                                ]
                            }
                        ]
                    }
                ]
            }
        ]
    },
    "Planning Time": 3.814,
    "Triggers": [],
    "Execution Time": 6547.322
}