[
  {
    "Plan": {
      "Node Type": "Aggregate",
      "Strategy": "Plain",
      "Partial Mode": "Finalize",
      "Parallel Aware": false,
      "Startup Cost": 78013.85,
      "Total Cost": 78013.86,
      "Plan Rows": 1,
      "Plan Width": 8,
      "Actual Startup Time": 253.281,
      "Actual Total Time": 267.961,
      "Actual Rows": 1,
      "Actual Loops": 1,
      "Plans": [
        {
          "Node Type": "Gather",
          "Parent Relationship": "Outer",
          "Parallel Aware": false,
          "Startup Cost": 78013.43,
          "Total Cost": 78013.84,
          "Plan Rows": 4,
          "Plan Width": 8,
          "Actual Startup Time": 250.29,
          "Actual Total Time": 267.95,
          "Actual Rows": 5,
          "Actual Loops": 1,
          "Workers Planned": 4,
          "Workers Launched": 4,
          "Single Copy": false,
          "Plans": [
            {
              "Node Type": "Aggregate",
              "Strategy": "Plain",
              "Partial Mode": "Partial",
              "Parent Relationship": "Outer",
              "Parallel Aware": false,
              "Startup Cost": 77013.43,
              "Total Cost": 77013.44,
              "Plan Rows": 1,
              "Plan Width": 8,
              "Actual Startup Time": 240.85,
              "Actual Total Time": 240.852,
              "Actual Rows": 1,
              "Actual Loops": 5,
              "Plans": [
                {
                  "Node Type": "Hash Join",
                  "Parent Relationship": "Outer",
                  "Parallel Aware": true,
                  "Join Type": "Inner",
                  "Startup Cost": 30979.11,
                  "Total Cost": 76866.28,
                  "Plan Rows": 58863,
                  "Plan Width": 0,
                  "Actual Startup Time": 109.681,
                  "Actual Total Time": 238.853,
                  "Actual Rows": 43000,
                  "Actual Loops": 5,
                  "Inner Unique": false,
                  "Hash Cond": "(t.id = mc.movie_id)",
                  "Plans": [
                    {
                      "Node Type": "Seq Scan",
                      "Parent Relationship": "Outer",
                      "Parallel Aware": true,
                      "Relation Name": "title",
                      "Alias": "t",
                      "Startup Cost": 0.0,
                      "Total Cost": 43898.92,
                      "Plan Rows": 359675,
                      "Plan Width": 4,
                      "Actual Startup Time": 0.016,
                      "Actual Total Time": 75.586,
                      "Actual Rows": 286893,
                      "Actual Loops": 5,
                      "Filter": "(production_year > 1999)",
                      "Rows Removed by Filter": 218769
                    },
                    {
                      "Node Type": "Hash",
                      "Parent Relationship": "Inner",
                      "Parallel Aware": true,
                      "Startup Cost": 29310.68,
                      "Total Cost": 29310.68,
                      "Plan Rows": 133474,
                      "Plan Width": 4,
                      "Actual Startup Time": 93.954,
                      "Actual Total Time": 93.955,
                      "Actual Rows": 83719,
                      "Actual Loops": 5,
                      "Hash Buckets": 524288,
                      "Original Hash Buckets": 524288,
                      "Hash Batches": 1,
                      "Original Hash Batches": 1,
                      "Peak Memory Usage": 20544,
                      "Plans": [
                        {
                          "Node Type": "Seq Scan",
                          "Parent Relationship": "Outer",
                          "Parallel Aware": true,
                          "Relation Name": "movie_companies",
                          "Alias": "mc",
                          "Startup Cost": 0.0,
                          "Total Cost": 29310.68,
                          "Plan Rows": 133474,
                          "Plan Width": 4,
                          "Actual Startup Time": 44.718,
                          "Actual Total Time": 68.202,
                          "Actual Rows": 83719,
                          "Actual Loops": 5,
                          "Filter": "(company_id > 80168)",
                          "Rows Removed by Filter": 438107
                        }
                      ]
                    }
                  ]
                }
              ]
            }
          ]
        }
      ]
    },
    "Planning Time": 0.696,
    "Triggers": [],
    "Execution Time": 268.044
  }
]