{
    "Plan": {
        "Node Type": "Aggregate",
        "Strategy": "Plain",
        "Partial Mode": "Finalize",
        "Parallel Aware": false,
        "Startup Cost": 44911.62,
        "Total Cost": 44911.63,
        "Plan Rows": 1,
        "Plan Width": 8,
        "Actual Startup Time": 186.896,
        "Actual Total Time": 200.386,
        "Actual Rows": 1,
        "Actual Loops": 1,
        "Output": [
            "count(*)"
        ],
        "Plans": [
            {
                "Node Type": "Gather",
                "Parent Relationship": "Outer",
                "Parallel Aware": false,
                "Startup Cost": 44911.3,
                "Total Cost": 44911.61,
                "Plan Rows": 3,
                "Plan Width": 8,
                "Actual Startup Time": 186.804,
                "Actual Total Time": 200.376,
                "Actual Rows": 4,
                "Actual Loops": 1,
                "Output": [
                    "(PARTIAL count(*))"
                ],
                "Workers Planned": 3,
                "Workers Launched": 3,
                "Single Copy": false,
                "Plans": [
                    {
                        "Node Type": "Aggregate",
                        "Strategy": "Plain",
                        "Partial Mode": "Partial",
                        "Parent Relationship": "Outer",
                        "Parallel Aware": false,
                        "Startup Cost": 43911.3,
                        "Total Cost": 43911.31,
                        "Plan Rows": 1,
                        "Plan Width": 8,
                        "Actual Startup Time": 176.784,
                        "Actual Total Time": 176.786,
                        "Actual Rows": 1,
                        "Actual Loops": 4,
                        "Output": [
                            "PARTIAL count(*)"
                        ],
                        "Workers": [
                            {
                                "Worker Number": 0,
                                "Actual Startup Time": 171.696,
                                "Actual Total Time": 171.697,
                                "Actual Rows": 1,
                                "Actual Loops": 1
                            },
                            {
                                "Worker Number": 1,
                                "Actual Startup Time": 174.826,
                                "Actual Total Time": 174.827,
                                "Actual Rows": 1,
                                "Actual Loops": 1
                            },
                            {
                                "Worker Number": 2,
                                "Actual Startup Time": 174.886,
                                "Actual Total Time": 174.887,
                                "Actual Rows": 1,
                                "Actual Loops": 1
                            }
                        ],
                        "Plans": [
                            {
                                "Node Type": "Seq Scan",
                                "Parent Relationship": "Outer",
                                "Parallel Aware": true,
                                "Relation Name": "movie_keyword",
                                "Schema": "public",
                                "Alias": "mk",
                                "Startup Cost": 0.0,
                                "Total Cost": 42695.65,
                                "Plan Rows": 486260,
                                "Plan Width": 0,
                                "Actual Startup Time": 2.122,
                                "Actual Total Time": 152.91,
                                "Actual Rows": 370610,
                                "Actual Loops": 4,
                                "Output": [
                                    "id",
                                    "movie_id",
                                    "keyword_id"
                                ],
                                "Filter": "(mk.keyword_id > 11044)",
                                "Rows Removed by Filter": 760372,
                                "Workers": [
                                    {
                                        "Worker Number": 0,
                                        "Actual Startup Time": 0.055,
                                        "Actual Total Time": 148.183,
                                        "Actual Rows": 333307,
                                        "Actual Loops": 1
                                    },
                                    {
                                        "Worker Number": 1,
                                        "Actual Startup Time": 0.076,
                                        "Actual Total Time": 150.867,
                                        "Actual Rows": 336792,
                                        "Actual Loops": 1
                                    },
                                    {
                                        "Worker Number": 2,
                                        "Actual Startup Time": 0.076,
                                        "Actual Total Time": 152.475,
                                        "Actual Rows": 447306,
                                        "Actual Loops": 1
                                    }
                                ]
                            }
                        ]
                    }
                ]
            }
        ]
    },
    "Planning Time": 1.918,
    "Triggers": [],
    "Execution Time": 200.673
}