{
    "Plan": {
        "Node Type": "Aggregate",
        "Strategy": "Plain",
        "Partial Mode": "Finalize",
        "Parallel Aware": false,
        "Startup Cost": 90504.34,
        "Total Cost": 90504.35,
        "Plan Rows": 1,
        "Plan Width": 8,
        "Actual Startup Time": 239.111,
        "Actual Total Time": 262.962,
        "Actual Rows": 1,
        "Actual Loops": 1,
        "Output": [
            "count(*)"
        ],
        "Plans": [
            {
                "Node Type": "Gather",
                "Parent Relationship": "Outer",
                "Parallel Aware": false,
                "Startup Cost": 90504.02,
                "Total Cost": 90504.33,
                "Plan Rows": 3,
                "Plan Width": 8,
                "Actual Startup Time": 238.787,
                "Actual Total Time": 262.954,
                "Actual Rows": 4,
                "Actual Loops": 1,
                "Output": [
                    "(PARTIAL count(*))"
                ],
                "Workers Planned": 3,
                "Workers Launched": 3,
                "Single Copy": false,
                "Plans": [
                    {
                        "Node Type": "Aggregate",
                        "Strategy": "Plain",
                        "Partial Mode": "Partial",
                        "Parent Relationship": "Outer",
                        "Parallel Aware": false,
                        "Startup Cost": 89504.02,
                        "Total Cost": 89504.03,
                        "Plan Rows": 1,
                        "Plan Width": 8,
                        "Actual Startup Time": 230.028,
                        "Actual Total Time": 230.031,
                        "Actual Rows": 1,
                        "Actual Loops": 4,
                        "Output": [
                            "PARTIAL count(*)"
                        ],
                        "Workers": [
                            {
                                "Worker Number": 0,
                                "Actual Startup Time": 226.598,
                                "Actual Total Time": 226.601,
                                "Actual Rows": 1,
                                "Actual Loops": 1
                            },
                            {
                                "Worker Number": 1,
                                "Actual Startup Time": 227.601,
                                "Actual Total Time": 227.604,
                                "Actual Rows": 1,
                                "Actual Loops": 1
                            },
                            {
                                "Worker Number": 2,
                                "Actual Startup Time": 227.803,
                                "Actual Total Time": 227.805,
                                "Actual Rows": 1,
                                "Actual Loops": 1
                            }
                        ],
                        "Plans": [
                            {
                                "Node Type": "Hash Join",
                                "Parent Relationship": "Outer",
                                "Parallel Aware": true,
                                "Join Type": "Inner",
                                "Startup Cost": 45641.81,
                                "Total Cost": 89481.6,
                                "Plan Rows": 8970,
                                "Plan Width": 0,
                                "Actual Startup Time": 99.448,
                                "Actual Total Time": 229.371,
                                "Actual Rows": 12636,
                                "Actual Loops": 4,
                                "Inner Unique": true,
                                "Hash Cond": "(mk.movie_id = t.id)",
                                "Workers": [
                                    {
                                        "Worker Number": 0,
                                        "Actual Startup Time": 95.899,
                                        "Actual Total Time": 225.995,
                                        "Actual Rows": 10498,
                                        "Actual Loops": 1
                                    },
                                    {
                                        "Worker Number": 1,
                                        "Actual Startup Time": 97.169,
                                        "Actual Total Time": 226.932,
                                        "Actual Rows": 12215,
                                        "Actual Loops": 1
                                    },
                                    {
                                        "Worker Number": 2,
                                        "Actual Startup Time": 97.307,
                                        "Actual Total Time": 227.141,
                                        "Actual Rows": 12013,
                                        "Actual Loops": 1
                                    }
                                ],
                                "Plans": [
                                    {
                                        "Node Type": "Seq Scan",
                                        "Parent Relationship": "Outer",
                                        "Parallel Aware": true,
                                        "Relation Name": "movie_keyword",
                                        "Schema": "public",
                                        "Alias": "mk",
                                        "Startup Cost": 0.0,
                                        "Total Cost": 42695.65,
                                        "Plan Rows": 435862,
                                        "Plan Width": 4,
                                        "Actual Startup Time": 0.73,
                                        "Actual Total Time": 103.701,
                                        "Actual Rows": 331242,
                                        "Actual Loops": 4,
                                        "Output": [
                                            "mk.id",
                                            "mk.movie_id",
                                            "mk.keyword_id"
                                        ],
                                        "Filter": "(mk.keyword_id > 13046)",
                                        "Rows Removed by Filter": 799740,
                                        "Workers": [
                                            {
                                                "Worker Number": 0,
                                                "Actual Startup Time": 0.686,
                                                "Actual Total Time": 104.36,
                                                "Actual Rows": 288584,
                                                "Actual Loops": 1
                                            },
                                            {
                                                "Worker Number": 1,
                                                "Actual Startup Time": 0.757,
                                                "Actual Total Time": 105.207,
                                                "Actual Rows": 310378,
                                                "Actual Loops": 1
                                            },
                                            {
                                                "Worker Number": 2,
                                                "Actual Startup Time": 0.741,
                                                "Actual Total Time": 105.27,
                                                "Actual Rows": 310466,
                                                "Actual Loops": 1
                                            }
                                        ]
                                    },
                                    {
                                        "Node Type": "Hash",
                                        "Parent Relationship": "Inner",
                                        "Parallel Aware": true,
                                        "Startup Cost": 45479.21,
                                        "Total Cost": 45479.21,
                                        "Plan Rows": 13008,
                                        "Plan Width": 4,
                                        "Actual Startup Time": 96.962,
                                        "Actual Total Time": 96.963,
                                        "Actual Rows": 11003,
                                        "Actual Loops": 4,
                                        "Output": [
                                            "t.id"
                                        ],
                                        "Hash Buckets": 65536,
                                        "Original Hash Buckets": 65536,
                                        "Hash Batches": 1,
                                        "Original Hash Batches": 1,
                                        "Peak Memory Usage": 2304,
                                        "Workers": [
                                            {
                                                "Worker Number": 0,
                                                "Actual Startup Time": 94.454,
                                                "Actual Total Time": 94.455,
                                                "Actual Rows": 9176,
                                                "Actual Loops": 1
                                            },
                                            {
                                                "Worker Number": 1,
                                                "Actual Startup Time": 95.467,
                                                "Actual Total Time": 95.467,
                                                "Actual Rows": 10283,
                                                "Actual Loops": 1
                                            },
                                            {
                                                "Worker Number": 2,
                                                "Actual Startup Time": 95.633,
                                                "Actual Total Time": 95.634,
                                                "Actual Rows": 10578,
                                                "Actual Loops": 1
                                            }
                                        ],
                                        "Plans": [
                                            {
                                                "Node Type": "Seq Scan",
                                                "Parent Relationship": "Outer",
                                                "Parallel Aware": true,
                                                "Relation Name": "title",
                                                "Schema": "public",
                                                "Alias": "t",
                                                "Startup Cost": 0.0,
                                                "Total Cost": 45479.21,
                                                "Plan Rows": 13008,
                                                "Plan Width": 4,
                                                "Actual Startup Time": 0.357,
                                                "Actual Total Time": 93.06,
                                                "Actual Rows": 11003,
                                                "Actual Loops": 4,
                                                "Output": [
                                                    "t.id"
                                                ],
                                                "Filter": "((t.kind_id < 7) AND (t.production_year = 2009))",
                                                "Rows Removed by Filter": 621075,
                                                "Workers": [
                                                    {
                                                        "Worker Number": 0,
                                                        "Actual Startup Time": 0.26,
                                                        "Actual Total Time": 90.574,
                                                        "Actual Rows": 9176,
                                                        "Actual Loops": 1
                                                    },
                                                    {
                                                        "Worker Number": 1,
                                                        "Actual Startup Time": 0.205,
                                                        "Actual Total Time": 91.505,
                                                        "Actual Rows": 10283,
                                                        "Actual Loops": 1
                                                    },
                                                    {
                                                        "Worker Number": 2,
                                                        "Actual Startup Time": 0.811,
                                                        "Actual Total Time": 91.91,
                                                        "Actual Rows": 10578,
                                                        "Actual Loops": 1
                                                    }
                                                ]
                                            }
                                        ]
                                    }
                                ]
                            }
                        ]
                    }
                ]
            }
        ]
    },
    "Planning Time": 0.704,
    "Triggers": [],
    "Execution Time": 263.036
}