{
  "Plan": {
    "Node Type": "Aggregate",
    "Strategy": "Plain",
    "Partial Mode": "Finalize",
    "Parallel Aware": false,
    "Startup Cost": 187995.83,
    "Total Cost": 187995.84,
    "Plan Rows": 1,
    "Plan Width": 8,
    "Actual Startup Time": 1024.558,
    "Actual Total Time": 1045.398,
    "Actual Rows": 1,
    "Actual Loops": 1,
    "Plans": [
      {
        "Node Type": "Gather",
        "Parent Relationship": "Outer",
        "Parallel Aware": false,
        "Startup Cost": 187995.71,
        "Total Cost": 187995.82,
        "Plan Rows": 1,
        "Plan Width": 8,
        "Actual Startup Time": 1020.363,
        "Actual Total Time": 1045.392,
        "Actual Rows": 2,
        "Actual Loops": 1,
        "Workers Planned": 1,
        "Workers Launched": 1,
        "Single Copy": false,
        "Plans": [
          {
            "Node Type": "Aggregate",
            "Strategy": "Plain",
            "Partial Mode": "Partial",
            "Parent Relationship": "Outer",
            "Parallel Aware": false,
            "Startup Cost": 186995.71,
            "Total Cost": 186995.72,
            "Plan Rows": 1,
            "Plan Width": 8,
            "Actual Startup Time": 1014.04,
            "Actual Total Time": 1014.044,
            "Actual Rows": 1,
            "Actual Loops": 2,
            "Plans": [
              {
                "Node Type": "Hash Join",
                "Parent Relationship": "Outer",
                "Parallel Aware": true,
                "Join Type": "Inner",
                "Startup Cost": 117126.52,
                "Total Cost": 185608.24,
                "Plan Rows": 554989,
                "Plan Width": 0,
                "Actual Startup Time": 585.501,
                "Actual Total Time": 1005.539,
                "Actual Rows": 201250,
                "Actual Loops": 2,
                "Inner Unique": false,
                "Hash Cond": "(t.id = mc.movie_id)",
                "Plans": [
                  {
                    "Node Type": "Hash Join",
                    "Parent Relationship": "Outer",
                    "Parallel Aware": true,
                    "Join Type": "Inner",
                    "Startup Cost": 66316.47,
                    "Total Cost": 124367.31,
                    "Plan Rows": 1146598,
                    "Plan Width": 8,
                    "Actual Startup Time": 294.489,
                    "Actual Total Time": 672.635,
                    "Actual Rows": 229336,
                    "Actual Loops": 2,
                    "Inner Unique": true,
                    "Hash Cond": "(mk.movie_id = t.id)",
                    "Plans": [
                      {
                        "Node Type": "Seq Scan",
                        "Parent Relationship": "Outer",
                        "Parallel Aware": true,
                        "Relation Name": "movie_keyword",
                        "Alias": "mk",
                        "Startup Cost": 0.0,
                        "Total Cost": 51065.35,
                        "Plan Rows": 2661135,
                        "Plan Width": 4,
                        "Actual Startup Time": 0.011,
                        "Actual Total Time": 160.866,
                        "Actual Rows": 2261965,
                        "Actual Loops": 2
                      },
                      {
                        "Node Type": "Hash",
                        "Parent Relationship": "Inner",
                        "Parallel Aware": true,
                        "Startup Cost": 58306.47,
                        "Total Cost": 58306.47,
                        "Plan Rows": 640800,
                        "Plan Width": 4,
                        "Actual Startup Time": 288.424,
                        "Actual Total Time": 288.425,
                        "Actual Rows": 522111,
                        "Actual Loops": 2,
                        "Hash Buckets": 2097152,
                        "Original Hash Buckets": 2097152,
                        "Hash Batches": 1,
                        "Original Hash Batches": 1,
                        "Peak Memory Usage": 57248,
                        "Plans": [
                          {
                            "Node Type": "Seq Scan",
                            "Parent Relationship": "Outer",
                            "Parallel Aware": true,
                            "Relation Name": "title",
                            "Alias": "t",
                            "Startup Cost": 0.0,
                            "Total Cost": 58306.47,
                            "Plan Rows": 640800,
                            "Plan Width": 4,
                            "Actual Startup Time": 0.017,
                            "Actual Total Time": 151.755,
                            "Actual Rows": 522111,
                            "Actual Loops": 2,
                            "Filter": "((production_year < 2009) AND (kind_id = 7))",
                            "Rows Removed by Filter": 742045
                          }
                        ]
                      }
                    ]
                  },
                  {
                    "Node Type": "Hash",
                    "Parent Relationship": "Inner",
                    "Parallel Aware": true,
                    "Startup Cost": 41811.73,
                    "Total Cost": 41811.73,
                    "Plan Rows": 719866,
                    "Plan Width": 4,
                    "Actual Startup Time": 279.935,
                    "Actual Total Time": 279.936,
                    "Actual Rows": 647856,
                    "Actual Loops": 2,
                    "Hash Buckets": 2097152,
                    "Original Hash Buckets": 2097152,
                    "Hash Batches": 1,
                    "Original Hash Batches": 1,
                    "Peak Memory Usage": 67104,
                    "Plans": [
                      {
                        "Node Type": "Seq Scan",
                        "Parent Relationship": "Outer",
                        "Parallel Aware": true,
                        "Relation Name": "movie_companies",
                        "Alias": "mc",
                        "Startup Cost": 0.0,
                        "Total Cost": 41811.73,
                        "Plan Rows": 719866,
                        "Plan Width": 4,
                        "Actual Startup Time": 61.639,
                        "Actual Total Time": 138.595,
                        "Actual Rows": 647856,
                        "Actual Loops": 2,
                        "Filter": "((company_id > 52) AND (company_type_id = 2))",
                        "Rows Removed by Filter": 656708
                      }
                    ]
                  }
                ]
              }
            ]
          }
        ]
      }
    ]
  },
  "Planning Time": 0.475,
  "Triggers": [],
  "Execution Time": 1045.448
}