[
  {
    "Plan": {
      "Node Type": "Aggregate",
      "Strategy": "Plain",
      "Partial Mode": "Finalize",
      "Parallel Aware": false,
      "Startup Cost": 70349.89,
      "Total Cost": 70349.9,
      "Plan Rows": 1,
      "Plan Width": 8,
      "Actual Startup Time": 181.098,
      "Actual Total Time": 195.666,
      "Actual Rows": 1,
      "Actual Loops": 1,
      "Plans": [
        {
          "Node Type": "Gather",
          "Parent Relationship": "Outer",
          "Parallel Aware": false,
          "Startup Cost": 70349.57,
          "Total Cost": 70349.88,
          "Plan Rows": 3,
          "Plan Width": 8,
          "Actual Startup Time": 180.53,
          "Actual Total Time": 195.654,
          "Actual Rows": 4,
          "Actual Loops": 1,
          "Workers Planned": 3,
          "Workers Launched": 3,
          "Single Copy": false,
          "Plans": [
            {
              "Node Type": "Aggregate",
              "Strategy": "Plain",
              "Partial Mode": "Partial",
              "Parent Relationship": "Outer",
              "Parallel Aware": false,
              "Startup Cost": 69349.57,
              "Total Cost": 69349.58,
              "Plan Rows": 1,
              "Plan Width": 8,
              "Actual Startup Time": 177.002,
              "Actual Total Time": 177.005,
              "Actual Rows": 1,
              "Actual Loops": 4,
              "Plans": [
                {
                  "Node Type": "Hash Join",
                  "Parent Relationship": "Outer",
                  "Parallel Aware": true,
                  "Join Type": "Inner",
                  "Startup Cost": 38253.32,
                  "Total Cost": 69310.32,
                  "Plan Rows": 15698,
                  "Plan Width": 0,
                  "Actual Startup Time": 55.742,
                  "Actual Total Time": 175.909,
                  "Actual Rows": 26569,
                  "Actual Loops": 4,
                  "Inner Unique": true,
                  "Hash Cond": "(mc.movie_id = t.id)",
                  "Plans": [
                    {
                      "Node Type": "Seq Scan",
                      "Parent Relationship": "Outer",
                      "Parallel Aware": true,
                      "Relation Name": "movie_companies",
                      "Alias": "mc",
                      "Startup Cost": 0.0,
                      "Total Cost": 29310.68,
                      "Plan Rows": 665265,
                      "Plan Width": 4,
                      "Actual Startup Time": 0.008,
                      "Actual Total Time": 69.209,
                      "Actual Rows": 516266,
                      "Actual Loops": 4,
                      "Filter": "(company_id < 72073)",
                      "Rows Removed by Filter": 136017
                    },
                    {
                      "Node Type": "Hash",
                      "Parent Relationship": "Inner",
                      "Parallel Aware": true,
                      "Startup Cost": 38066.87,
                      "Total Cost": 38066.87,
                      "Plan Rows": 14916,
                      "Plan Width": 4,
                      "Actual Startup Time": 55.4,
                      "Actual Total Time": 55.401,
                      "Actual Rows": 14410,
                      "Actual Loops": 4,
                      "Hash Buckets": 65536,
                      "Original Hash Buckets": 65536,
                      "Hash Batches": 1,
                      "Original Hash Batches": 1,
                      "Peak Memory Usage": 2816,
                      "Plans": [
                        {
                          "Node Type": "Bitmap Heap Scan",
                          "Parent Relationship": "Outer",
                          "Parallel Aware": true,
                          "Relation Name": "title",
                          "Alias": "t",
                          "Startup Cost": 1712.36,
                          "Total Cost": 38066.87,
                          "Plan Rows": 14916,
                          "Plan Width": 4,
                          "Actual Startup Time": 12.581,
                          "Actual Total Time": 50.924,
                          "Actual Rows": 14410,
                          "Actual Loops": 4,
                          "Recheck Cond": "(kind_id = 2)",
                          "Rows Removed by Index Recheck": 0,
                          "Filter": "(production_year > 1996)",
                          "Rows Removed by Filter": 8303,
                          "Exact Heap Blocks": 12388,
                          "Lossy Heap Blocks": 0,
                          "Plans": [
                            {
                              "Node Type": "Bitmap Index Scan",
                              "Parent Relationship": "Outer",
                              "Parallel Aware": false,
                              "Index Name": "kind_id_title",
                              "Startup Cost": 0.0,
                              "Total Cost": 1697.45,
                              "Plan Rows": 95069,
                              "Plan Width": 0,
                              "Actual Startup Time": 10.737,
                              "Actual Total Time": 10.738,
                              "Actual Rows": 90852,
                              "Actual Loops": 1,
                              "Index Cond": "(kind_id = 2)"
                            }
                          ]
                        }
                      ]
                    }
                  ]
                }
              ]
            }
          ]
        }
      ]
    },
    "Planning Time": 0.278,
    "Triggers": [],
    "Execution Time": 195.71
  }
]