[
  {
    "Plan": {
      "Node Type": "Aggregate",
      "Strategy": "Plain",
      "Partial Mode": "Finalize",
      "Parallel Aware": false,
      "Startup Cost": 45511.37,
      "Total Cost": 45511.38,
      "Plan Rows": 1,
      "Plan Width": 8,
      "Actual Startup Time": 139.122,
      "Actual Total Time": 148.497,
      "Actual Rows": 1,
      "Actual Loops": 1,
      "Plans": [
        {
          "Node Type": "Gather",
          "Parent Relationship": "Outer",
          "Parallel Aware": false,
          "Startup Cost": 45511.06,
          "Total Cost": 45511.37,
          "Plan Rows": 3,
          "Plan Width": 8,
          "Actual Startup Time": 138.964,
          "Actual Total Time": 148.488,
          "Actual Rows": 4,
          "Actual Loops": 1,
          "Workers Planned": 3,
          "Workers Launched": 3,
          "Single Copy": false,
          "Plans": [
            {
              "Node Type": "Aggregate",
              "Strategy": "Plain",
              "Partial Mode": "Partial",
              "Parent Relationship": "Outer",
              "Parallel Aware": false,
              "Startup Cost": 44511.06,
              "Total Cost": 44511.07,
              "Plan Rows": 1,
              "Plan Width": 8,
              "Actual Startup Time": 133.756,
              "Actual Total Time": 133.757,
              "Actual Rows": 1,
              "Actual Loops": 4,
              "Plans": [
                {
                  "Node Type": "Seq Scan",
                  "Parent Relationship": "Outer",
                  "Parallel Aware": true,
                  "Relation Name": "movie_keyword",
                  "Alias": "mk",
                  "Startup Cost": 0.0,
                  "Total Cost": 42695.65,
                  "Plan Rows": 726161,
                  "Plan Width": 0,
                  "Actual Startup Time": 0.43,
                  "Actual Total Time": 109.174,
                  "Actual Rows": 559592,
                  "Actual Loops": 4,
                  "Filter": "(keyword_id > 4851)",
                  "Rows Removed by Filter": 571390
                }
              ]
            }
          ]
        }
      ]
    },
    "Planning Time": 0.127,
    "Triggers": [],
    "Execution Time": 148.534
  }
]