{
  "Plan": {
    "Node Type": "Aggregate",
    "Strategy": "Plain",
    "Partial Mode": "Finalize",
    "Parallel Aware": false,
    "Startup Cost": 581622.36,
    "Total Cost": 581622.37,
    "Plan Rows": 1,
    "Plan Width": 8,
    "Actual Startup Time": 3114.956,
    "Actual Total Time": 3184.808,
    "Actual Rows": 1,
    "Actual Loops": 1,
    "Plans": [
      {
        "Node Type": "Gather",
        "Parent Relationship": "Outer",
        "Parallel Aware": false,
        "Startup Cost": 581622.25,
        "Total Cost": 581622.36,
        "Plan Rows": 1,
        "Plan Width": 8,
        "Actual Startup Time": 3114.798,
        "Actual Total Time": 3184.799,
        "Actual Rows": 2,
        "Actual Loops": 1,
        "Workers Planned": 1,
        "Workers Launched": 1,
        "Single Copy": false,
        "Plans": [
          {
            "Node Type": "Aggregate",
            "Strategy": "Plain",
            "Partial Mode": "Partial",
            "Parent Relationship": "Outer",
            "Parallel Aware": false,
            "Startup Cost": 580622.25,
            "Total Cost": 580622.26,
            "Plan Rows": 1,
            "Plan Width": 8,
            "Actual Startup Time": 3110.624,
            "Actual Total Time": 3110.627,
            "Actual Rows": 1,
            "Actual Loops": 2,
            "Plans": [
              {
                "Node Type": "Hash Join",
                "Parent Relationship": "Outer",
                "Parallel Aware": true,
                "Join Type": "Inner",
                "Startup Cost": 58457.13,
                "Total Cost": 580190.48,
                "Plan Rows": 172707,
                "Plan Width": 0,
                "Actual Startup Time": 144.238,
                "Actual Total Time": 3102.094,
                "Actual Rows": 165528,
                "Actual Loops": 2,
                "Inner Unique": true,
                "Hash Cond": "(ci.movie_id = t.id)",
                "Plans": [
                  {
                    "Node Type": "Seq Scan",
                    "Parent Relationship": "Outer",
                    "Parallel Aware": true,
                    "Relation Name": "cast_info",
                    "Alias": "ci",
                    "Startup Cost": 0.0,
                    "Total Cost": 465792.95,
                    "Plan Rows": 21310595,
                    "Plan Width": 4,
                    "Actual Startup Time": 0.013,
                    "Actual Total Time": 1379.715,
                    "Actual Rows": 18122172,
                    "Actual Loops": 2
                  },
                  {
                    "Node Type": "Hash",
                    "Parent Relationship": "Inner",
                    "Parallel Aware": true,
                    "Startup Cost": 58306.47,
                    "Total Cost": 58306.47,
                    "Plan Rows": 12053,
                    "Plan Width": 4,
                    "Actual Startup Time": 143.037,
                    "Actual Total Time": 143.038,
                    "Actual Rows": 9446,
                    "Actual Loops": 2,
                    "Hash Buckets": 32768,
                    "Original Hash Buckets": 32768,
                    "Hash Batches": 1,
                    "Original Hash Batches": 1,
                    "Peak Memory Usage": 1024,
                    "Plans": [
                      {
                        "Node Type": "Seq Scan",
                        "Parent Relationship": "Outer",
                        "Parallel Aware": true,
                        "Relation Name": "title",
                        "Alias": "t",
                        "Startup Cost": 0.0,
                        "Total Cost": 58306.47,
                        "Plan Rows": 12053,
                        "Plan Width": 4,
                        "Actual Startup Time": 0.194,
                        "Actual Total Time": 139.903,
                        "Actual Rows": 9446,
                        "Actual Loops": 2,
                        "Filter": "((kind_id < 7) AND (production_year = 2001))",
                        "Rows Removed by Filter": 1254710
                      }
                    ]
                  }
                ]
              }
            ]
          }
        ]
      }
    ]
  },
  "Planning Time": 0.391,
  "Triggers": [],
  "Execution Time": 3184.887
}