[
  {
    "Plan": {
      "Node Type": "Aggregate",
      "Strategy": "Plain",
      "Partial Mode": "Finalize",
      "Parallel Aware": false,
      "Startup Cost": 79558.51,
      "Total Cost": 79558.52,
      "Plan Rows": 1,
      "Plan Width": 8,
      "Actual Startup Time": 237.841,
      "Actual Total Time": 252.977,
      "Actual Rows": 1,
      "Actual Loops": 1,
      "Plans": [
        {
          "Node Type": "Gather",
          "Parent Relationship": "Outer",
          "Parallel Aware": false,
          "Startup Cost": 79558.09,
          "Total Cost": 79558.5,
          "Plan Rows": 4,
          "Plan Width": 8,
          "Actual Startup Time": 236.173,
          "Actual Total Time": 252.966,
          "Actual Rows": 5,
          "Actual Loops": 1,
          "Workers Planned": 4,
          "Workers Launched": 4,
          "Single Copy": false,
          "Plans": [
            {
              "Node Type": "Aggregate",
              "Strategy": "Plain",
              "Partial Mode": "Partial",
              "Parent Relationship": "Outer",
              "Parallel Aware": false,
              "Startup Cost": 78558.09,
              "Total Cost": 78558.1,
              "Plan Rows": 1,
              "Plan Width": 8,
              "Actual Startup Time": 226.451,
              "Actual Total Time": 226.455,
              "Actual Rows": 1,
              "Actual Loops": 5,
              "Plans": [
                {
                  "Node Type": "Hash Join",
                  "Parent Relationship": "Outer",
                  "Parallel Aware": true,
                  "Join Type": "Inner",
                  "Startup Cost": 32642.99,
                  "Total Cost": 78367.72,
                  "Plan Rows": 76147,
                  "Plan Width": 0,
                  "Actual Startup Time": 81.705,
                  "Actual Total Time": 224.583,
                  "Actual Rows": 33059,
                  "Actual Loops": 5,
                  "Inner Unique": false,
                  "Hash Cond": "(t.id = mc.movie_id)",
                  "Plans": [
                    {
                      "Node Type": "Seq Scan",
                      "Parent Relationship": "Outer",
                      "Parallel Aware": true,
                      "Relation Name": "title",
                      "Alias": "t",
                      "Startup Cost": 0.0,
                      "Total Cost": 42318.73,
                      "Plan Rows": 632073,
                      "Plan Width": 4,
                      "Actual Startup Time": 0.015,
                      "Actual Total Time": 68.284,
                      "Actual Rows": 505662,
                      "Actual Loops": 5
                    },
                    {
                      "Node Type": "Hash",
                      "Parent Relationship": "Inner",
                      "Parallel Aware": true,
                      "Startup Cost": 31414.82,
                      "Total Cost": 31414.82,
                      "Plan Rows": 98254,
                      "Plan Width": 4,
                      "Actual Startup Time": 78.588,
                      "Actual Total Time": 78.589,
                      "Actual Rows": 33059,
                      "Actual Loops": 5,
                      "Hash Buckets": 524288,
                      "Original Hash Buckets": 524288,
                      "Hash Batches": 1,
                      "Original Hash Batches": 1,
                      "Peak Memory Usage": 10656,
                      "Plans": [
                        {
                          "Node Type": "Seq Scan",
                          "Parent Relationship": "Outer",
                          "Parallel Aware": true,
                          "Relation Name": "movie_companies",
                          "Alias": "mc",
                          "Startup Cost": 0.0,
                          "Total Cost": 31414.82,
                          "Plan Rows": 98254,
                          "Plan Width": 4,
                          "Actual Startup Time": 41.547,
                          "Actual Total Time": 67.03,
                          "Actual Rows": 33059,
                          "Actual Loops": 5,
                          "Filter": "((company_id < 686) AND (company_type_id > 1))",
                          "Rows Removed by Filter": 488767
                        }
                      ]
                    }
                  ]
                }
              ]
            }
          ]
        }
      ]
    },
    "Planning Time": 0.623,
    "Triggers": [],
    "Execution Time": 253.096
  }
]