[
  {
    "Plan": {
      "Node Type": "Aggregate",
      "Strategy": "Plain",
      "Partial Mode": "Finalize",
      "Parallel Aware": false,
      "Startup Cost": 436604.77,
      "Total Cost": 436604.78,
      "Plan Rows": 1,
      "Plan Width": 8,
      "Actual Startup Time": 1758.784,
      "Actual Total Time": 1822.805,
      "Actual Rows": 1,
      "Actual Loops": 1,
      "Plans": [
        {
          "Node Type": "Gather",
          "Parent Relationship": "Outer",
          "Parallel Aware": false,
          "Startup Cost": 436604.14,
          "Total Cost": 436604.75,
          "Plan Rows": 6,
          "Plan Width": 8,
          "Actual Startup Time": 1738.396,
          "Actual Total Time": 1822.793,
          "Actual Rows": 7,
          "Actual Loops": 1,
          "Workers Planned": 6,
          "Workers Launched": 6,
          "Single Copy": false,
          "Plans": [
            {
              "Node Type": "Aggregate",
              "Strategy": "Plain",
              "Partial Mode": "Partial",
              "Parent Relationship": "Outer",
              "Parallel Aware": false,
              "Startup Cost": 435604.14,
              "Total Cost": 435604.15,
              "Plan Rows": 1,
              "Plan Width": 8,
              "Actual Startup Time": 1726.349,
              "Actual Total Time": 1726.457,
              "Actual Rows": 1,
              "Actual Loops": 7,
              "Plans": [
                {
                  "Node Type": "Hash Join",
                  "Parent Relationship": "Outer",
                  "Parallel Aware": true,
                  "Join Type": "Inner",
                  "Startup Cost": 96269.3,
                  "Total Cost": 434130.34,
                  "Plan Rows": 589521,
                  "Plan Width": 0,
                  "Actual Startup Time": 480.771,
                  "Actual Total Time": 1652.698,
                  "Actual Rows": 1509995,
                  "Actual Loops": 7,
                  "Inner Unique": false,
                  "Hash Cond": "(ci.movie_id = t.id)",
                  "Plans": [
                    {
                      "Node Type": "Seq Scan",
                      "Parent Relationship": "Outer",
                      "Parallel Aware": true,
                      "Relation Name": "cast_info",
                      "Alias": "ci",
                      "Startup Cost": 0.0,
                      "Total Cost": 328162.03,
                      "Plan Rows": 2079287,
                      "Plan Width": 4,
                      "Actual Startup Time": 0.024,
                      "Actual Total Time": 694.358,
                      "Actual Rows": 1810098,
                      "Actual Loops": 7,
                      "Filter": "(role_id = 1)",
                      "Rows Removed by Filter": 3367665
                    },
                    {
                      "Node Type": "Hash",
                      "Parent Relationship": "Inner",
                      "Parallel Aware": true,
                      "Startup Cost": 93378.87,
                      "Total Cost": 93378.87,
                      "Plan Rows": 231234,
                      "Plan Width": 8,
                      "Actual Startup Time": 477.447,
                      "Actual Total Time": 477.553,
                      "Actual Rows": 103501,
                      "Actual Loops": 7,
                      "Hash Buckets": 1048576,
                      "Original Hash Buckets": 1048576,
                      "Hash Batches": 1,
                      "Original Hash Batches": 1,
                      "Peak Memory Usage": 36608,
                      "Plans": [
                        {
                          "Node Type": "Hash Join",
                          "Parent Relationship": "Outer",
                          "Parallel Aware": true,
                          "Join Type": "Inner",
                          "Startup Cost": 65427.46,
                          "Total Cost": 93378.87,
                          "Plan Rows": 231234,
                          "Plan Width": 8,
                          "Actual Startup Time": 317.408,
                          "Actual Total Time": 423.573,
                          "Actual Rows": 103501,
                          "Actual Loops": 7,
                          "Inner Unique": true,
                          "Hash Cond": "(mk.movie_id = t.id)",
                          "Plans": [
                            {
                              "Node Type": "Bitmap Heap Scan",
                              "Parent Relationship": "Outer",
                              "Parallel Aware": true,
                              "Relation Name": "movie_keyword",
                              "Alias": "mk",
                              "Startup Cost": 15207.82,
                              "Total Cost": 42552.24,
                              "Plan Rows": 231234,
                              "Plan Width": 4,
                              "Actual Startup Time": 47.609,
                              "Actual Total Time": 102.583,
                              "Actual Rows": 103501,
                              "Actual Loops": 7,
                              "Recheck Cond": "(keyword_id < 644)",
                              "Rows Removed by Index Recheck": 0,
                              "Exact Heap Blocks": 4275,
                              "Lossy Heap Blocks": 0,
                              "Plans": [
                                {
                                  "Node Type": "Bitmap Index Scan",
                                  "Parent Relationship": "Outer",
                                  "Parallel Aware": false,
                                  "Index Name": "keyword_id_movie_keyword",
                                  "Startup Cost": 0.0,
                                  "Total Cost": 15028.61,
                                  "Plan Rows": 716824,
                                  "Plan Width": 0,
                                  "Actual Startup Time": 43.839,
                                  "Actual Total Time": 43.84,
                                  "Actual Rows": 724508,
                                  "Actual Loops": 1,
                                  "Index Cond": "(keyword_id < 644)"
                                }
                              ]
                            },
                            {
                              "Node Type": "Hash",
                              "Parent Relationship": "Inner",
                              "Parallel Aware": true,
                              "Startup Cost": 42318.73,
                              "Total Cost": 42318.73,
                              "Plan Rows": 632073,
                              "Plan Width": 4,
                              "Actual Startup Time": 265.346,
                              "Actual Total Time": 265.347,
                              "Actual Rows": 361187,
                              "Actual Loops": 7,
                              "Hash Buckets": 4194304,
                              "Original Hash Buckets": 4194304,
                              "Hash Batches": 1,
                              "Original Hash Batches": 1,
                              "Peak Memory Usage": 131776,
                              "Plans": [
                                {
                                  "Node Type": "Seq Scan",
                                  "Parent Relationship": "Outer",
                                  "Parallel Aware": true,
                                  "Relation Name": "title",
                                  "Alias": "t",
                                  "Startup Cost": 0.0,
                                  "Total Cost": 42318.73,
                                  "Plan Rows": 632073,
                                  "Plan Width": 4,
                                  "Actual Startup Time": 0.053,
                                  "Actual Total Time": 77.471,
                                  "Actual Rows": 361187,
                                  "Actual Loops": 7
                                }
                              ]
                            }
                          ]
                        }
                      ]
                    }
                  ]
                }
              ]
            }
          ]
        }
      ]
    },
    "Planning Time": 1.274,
    "Triggers": [],
    "Execution Time": 1822.923
  }
]