[
  {
    "Plan": {
      "Node Type": "Aggregate",
      "Strategy": "Plain",
      "Partial Mode": "Finalize",
      "Parallel Aware": false,
      "Startup Cost": 597135.45,
      "Total Cost": 597135.46,
      "Plan Rows": 1,
      "Plan Width": 8,
      "Actual Startup Time": 3460.576,
      "Actual Total Time": 3508.87,
      "Actual Rows": 1,
      "Actual Loops": 1,
      "Plans": [
        {
          "Node Type": "Gather",
          "Parent Relationship": "Outer",
          "Parallel Aware": false,
          "Startup Cost": 597134.93,
          "Total Cost": 597135.44,
          "Plan Rows": 5,
          "Plan Width": 8,
          "Actual Startup Time": 3441.83,
          "Actual Total Time": 3508.841,
          "Actual Rows": 6,
          "Actual Loops": 1,
          "Workers Planned": 5,
          "Workers Launched": 5,
          "Single Copy": false,
          "Plans": [
            {
              "Node Type": "Aggregate",
              "Strategy": "Plain",
              "Partial Mode": "Partial",
              "Parent Relationship": "Outer",
              "Parallel Aware": false,
              "Startup Cost": 596134.93,
              "Total Cost": 596134.94,
              "Plan Rows": 1,
              "Plan Width": 8,
              "Actual Startup Time": 3418.934,
              "Actual Total Time": 3419.089,
              "Actual Rows": 1,
              "Actual Loops": 6,
              "Plans": [
                {
                  "Node Type": "Hash Join",
                  "Parent Relationship": "Outer",
                  "Parallel Aware": true,
                  "Join Type": "Inner",
                  "Startup Cost": 379305.06,
                  "Total Cost": 587728.87,
                  "Plan Rows": 3362424,
                  "Plan Width": 0,
                  "Actual Startup Time": 1122.234,
                  "Actual Total Time": 3081.359,
                  "Actual Rows": 6387573,
                  "Actual Loops": 6,
                  "Inner Unique": false,
                  "Hash Cond": "(mi.movie_id = t.id)",
                  "Plans": [
                    {
                      "Node Type": "Seq Scan",
                      "Parent Relationship": "Outer",
                      "Parallel Aware": true,
                      "Relation Name": "movie_info",
                      "Alias": "mi",
                      "Startup Cost": 0.0,
                      "Total Cost": 191685.19,
                      "Plan Rows": 2969219,
                      "Plan Width": 4,
                      "Actual Startup Time": 0.029,
                      "Actual Total Time": 351.192,
                      "Actual Rows": 2472620,
                      "Actual Loops": 6
                    },
                    {
                      "Node Type": "Hash",
                      "Parent Relationship": "Inner",
                      "Parallel Aware": true,
                      "Startup Cost": 373339.95,
                      "Total Cost": 373339.95,
                      "Plan Rows": 477209,
                      "Plan Width": 8,
                      "Actual Startup Time": 1114.118,
                      "Actual Total Time": 1114.271,
                      "Actual Rows": 492658,
                      "Actual Loops": 6,
                      "Hash Buckets": 4194304,
                      "Original Hash Buckets": 4194304,
                      "Hash Batches": 1,
                      "Original Hash Batches": 1,
                      "Peak Memory Usage": 148512,
                      "Plans": [
                        {
                          "Node Type": "Hash Join",
                          "Parent Relationship": "Outer",
                          "Parallel Aware": true,
                          "Join Type": "Inner",
                          "Startup Cost": 113435.17,
                          "Total Cost": 373339.95,
                          "Plan Rows": 477209,
                          "Plan Width": 8,
                          "Actual Startup Time": 455.302,
                          "Actual Total Time": 865.577,
                          "Actual Rows": 492658,
                          "Actual Loops": 6,
                          "Inner Unique": true,
                          "Hash Cond": "(ci.movie_id = t.id)",
                          "Plans": [
                            {
                              "Node Type": "Bitmap Heap Scan",
                              "Parent Relationship": "Outer",
                              "Parallel Aware": true,
                              "Relation Name": "cast_info",
                              "Alias": "ci",
                              "Startup Cost": 63214.78,
                              "Total Cost": 321866.9,
                              "Plan Rows": 477209,
                              "Plan Width": 4,
                              "Actual Startup Time": 107.223,
                              "Actual Total Time": 214.294,
                              "Actual Rows": 492658,
                              "Actual Loops": 6,
                              "Recheck Cond": "(person_id < 287586)",
                              "Rows Removed by Index Recheck": 0,
                              "Exact Heap Blocks": 7035,
                              "Lossy Heap Blocks": 0,
                              "Plans": [
                                {
                                  "Node Type": "Bitmap Index Scan",
                                  "Parent Relationship": "Outer",
                                  "Parallel Aware": false,
                                  "Index Name": "person_id_cast_info",
                                  "Startup Cost": 0.0,
                                  "Total Cost": 62498.97,
                                  "Plan Rows": 2863254,
                                  "Plan Width": 0,
                                  "Actual Startup Time": 102.074,
                                  "Actual Total Time": 102.075,
                                  "Actual Rows": 2955949,
                                  "Actual Loops": 1,
                                  "Index Cond": "(person_id < 287586)"
                                }
                              ]
                            },
                            {
                              "Node Type": "Hash",
                              "Parent Relationship": "Inner",
                              "Parallel Aware": true,
                              "Startup Cost": 42319.06,
                              "Total Cost": 42319.06,
                              "Plan Rows": 632106,
                              "Plan Width": 4,
                              "Actual Startup Time": 343.102,
                              "Actual Total Time": 343.103,
                              "Actual Rows": 421385,
                              "Actual Loops": 6,
                              "Hash Buckets": 4194304,
                              "Original Hash Buckets": 4194304,
                              "Hash Batches": 1,
                              "Original Hash Batches": 1,
                              "Peak Memory Usage": 131808,
                              "Plans": [
                                {
                                  "Node Type": "Seq Scan",
                                  "Parent Relationship": "Outer",
                                  "Parallel Aware": true,
                                  "Relation Name": "title",
                                  "Alias": "t",
                                  "Startup Cost": 0.0,
                                  "Total Cost": 42319.06,
                                  "Plan Rows": 632106,
                                  "Plan Width": 4,
                                  "Actual Startup Time": 0.057,
                                  "Actual Total Time": 100.513,
                                  "Actual Rows": 421385,
                                  "Actual Loops": 6
                                }
                              ]
                            }
                          ]
                        }
                      ]
                    }
                  ]
                }
              ]
            }
          ]
        }
      ]
    },
    "Planning Time": 1.353,
    "Triggers": [],
    "Execution Time": 3508.976
  }
]