[
  {
    "Plan": {
      "Node Type": "Aggregate",
      "Strategy": "Plain",
      "Partial Mode": "Finalize",
      "Parallel Aware": false,
      "Startup Cost": 346042.25,
      "Total Cost": 346042.26,
      "Plan Rows": 1,
      "Plan Width": 8,
      "Actual Startup Time": 648.612,
      "Actual Total Time": 705.641,
      "Actual Rows": 1,
      "Actual Loops": 1,
      "Plans": [
        {
          "Node Type": "Gather",
          "Parent Relationship": "Outer",
          "Parallel Aware": false,
          "Startup Cost": 346041.62,
          "Total Cost": 346042.23,
          "Plan Rows": 6,
          "Plan Width": 8,
          "Actual Startup Time": 648.487,
          "Actual Total Time": 705.628,
          "Actual Rows": 7,
          "Actual Loops": 1,
          "Workers Planned": 6,
          "Workers Launched": 6,
          "Single Copy": false,
          "Plans": [
            {
              "Node Type": "Aggregate",
              "Strategy": "Plain",
              "Partial Mode": "Partial",
              "Parent Relationship": "Outer",
              "Parallel Aware": false,
              "Startup Cost": 345041.62,
              "Total Cost": 345041.63,
              "Plan Rows": 1,
              "Plan Width": 8,
              "Actual Startup Time": 640.386,
              "Actual Total Time": 640.39,
              "Actual Rows": 1,
              "Actual Loops": 7,
              "Plans": [
                {
                  "Node Type": "Seq Scan",
                  "Parent Relationship": "Outer",
                  "Parallel Aware": true,
                  "Relation Name": "cast_info",
                  "Alias": "ci",
                  "Startup Cost": 0.0,
                  "Total Cost": 343257.03,
                  "Plan Rows": 713837,
                  "Plan Width": 0,
                  "Actual Startup Time": 452.15,
                  "Actual Total Time": 629.353,
                  "Actual Rows": 233325,
                  "Actual Loops": 7,
                  "Filter": "((person_id > 3180135) AND (role_id < 9))",
                  "Rows Removed by Filter": 4944439
                }
              ]
            }
          ]
        }
      ]
    },
    "Planning Time": 0.114,
    "Triggers": [],
    "Execution Time": 705.691
  }
]