{
  "Plan": {
    "Node Type": "Aggregate",
    "Strategy": "Plain",
    "Partial Mode": "Finalize",
    "Parallel Aware": false,
    "Startup Cost": 94836.08,
    "Total Cost": 94836.09,
    "Plan Rows": 1,
    "Plan Width": 8,
    "Actual Startup Time": 214.119,
    "Actual Total Time": 225.092,
    "Actual Rows": 1,
    "Actual Loops": 1,
    "Plans": [
      {
        "Node Type": "Gather",
        "Parent Relationship": "Outer",
        "Parallel Aware": false,
        "Startup Cost": 94835.97,
        "Total Cost": 94836.08,
        "Plan Rows": 1,
        "Plan Width": 8,
        "Actual Startup Time": 213.942,
        "Actual Total Time": 225.086,
        "Actual Rows": 2,
        "Actual Loops": 1,
        "Workers Planned": 1,
        "Workers Launched": 1,
        "Single Copy": false,
        "Plans": [
          {
            "Node Type": "Aggregate",
            "Strategy": "Plain",
            "Partial Mode": "Partial",
            "Parent Relationship": "Outer",
            "Parallel Aware": false,
            "Startup Cost": 93835.97,
            "Total Cost": 93835.98,
            "Plan Rows": 1,
            "Plan Width": 8,
            "Actual Startup Time": 207.878,
            "Actual Total Time": 207.881,
            "Actual Rows": 1,
            "Actual Loops": 2,
            "Plans": [
              {
                "Node Type": "Hash Join",
                "Parent Relationship": "Outer",
                "Parallel Aware": true,
                "Join Type": "Inner",
                "Startup Cost": 68776.16,
                "Total Cost": 93833.37,
                "Plan Rows": 1042,
                "Plan Width": 0,
                "Actual Startup Time": 161.268,
                "Actual Total Time": 207.867,
                "Actual Rows": 31,
                "Actual Loops": 2,
                "Inner Unique": true,
                "Hash Cond": "(mc.movie_id = t.id)",
                "Plans": [
                  {
                    "Node Type": "Bitmap Heap Scan",
                    "Parent Relationship": "Outer",
                    "Parallel Aware": true,
                    "Relation Name": "movie_companies",
                    "Alias": "mc",
                    "Startup Cost": 14085.52,
                    "Total Cost": 38645.65,
                    "Plan Rows": 189363,
                    "Plan Width": 4,
                    "Actual Startup Time": 29.876,
                    "Actual Total Time": 75.005,
                    "Actual Rows": 12313,
                    "Actual Loops": 2,
                    "Recheck Cond": "(company_id > 51289)",
                    "Rows Removed by Index Recheck": 0,
                    "Filter": "(company_type_id = 1)",
                    "Rows Removed by Filter": 320743,
                    "Exact Heap Blocks": 7764,
                    "Lossy Heap Blocks": 0,
                    "Plans": [
                      {
                        "Node Type": "Bitmap Index Scan",
                        "Parent Relationship": "Outer",
                        "Parallel Aware": false,
                        "Index Name": "company_id_movie_companies",
                        "Startup Cost": 0.0,
                        "Total Cost": 14005.04,
                        "Plan Rows": 653948,
                        "Plan Width": 0,
                        "Actual Startup Time": 28.271,
                        "Actual Total Time": 28.272,
                        "Actual Rows": 666112,
                        "Actual Loops": 1,
                        "Index Cond": "(company_id > 51289)"
                      }
                    ]
                  },
                  {
                    "Node Type": "Hash",
                    "Parent Relationship": "Inner",
                    "Parallel Aware": true,
                    "Startup Cost": 54588.39,
                    "Total Cost": 54588.39,
                    "Plan Rows": 8180,
                    "Plan Width": 4,
                    "Actual Startup Time": 129.885,
                    "Actual Total Time": 129.886,
                    "Actual Rows": 6532,
                    "Actual Loops": 2,
                    "Hash Buckets": 16384,
                    "Original Hash Buckets": 16384,
                    "Hash Batches": 1,
                    "Original Hash Batches": 1,
                    "Peak Memory Usage": 672,
                    "Plans": [
                      {
                        "Node Type": "Seq Scan",
                        "Parent Relationship": "Outer",
                        "Parallel Aware": true,
                        "Relation Name": "title",
                        "Alias": "t",
                        "Startup Cost": 0.0,
                        "Total Cost": 54588.39,
                        "Plan Rows": 8180,
                        "Plan Width": 4,
                        "Actual Startup Time": 0.196,
                        "Actual Total Time": 127.524,
                        "Actual Rows": 6532,
                        "Actual Loops": 2,
                        "Filter": "(production_year = 1965)",
                        "Rows Removed by Filter": 1257624
                      }
                    ]
                  }
                ]
              }
            ]
          }
        ]
      }
    ]
  },
  "Planning Time": 0.487,
  "Triggers": [],
  "Execution Time": 225.186
}