{
    "Plan": {
        "Node Type": "Aggregate",
        "Strategy": "Plain",
        "Partial Mode": "Simple",
        "Parallel Aware": false,
        "Startup Cost": 116891.92,
        "Total Cost": 116891.93,
        "Plan Rows": 1,
        "Plan Width": 8,
        "Actual Startup Time": 1260.754,
        "Actual Total Time": 1260.76,
        "Actual Rows": 1,
        "Actual Loops": 1,
        "Output": [
            "count(*)"
        ],
        "Plans": [
            {
                "Node Type": "Hash Join",
                "Parent Relationship": "Outer",
                "Parallel Aware": false,
                "Join Type": "Inner",
                "Startup Cost": 115988.46,
                "Total Cost": 116891.48,
                "Plan Rows": 179,
                "Plan Width": 0,
                "Actual Startup Time": 1245.595,
                "Actual Total Time": 1260.667,
                "Actual Rows": 478,
                "Actual Loops": 1,
                "Inner Unique": true,
                "Hash Cond": "(mk.movie_id = t.id)",
                "Plans": [
                    {
                        "Node Type": "Bitmap Heap Scan",
                        "Parent Relationship": "Outer",
                        "Parallel Aware": false,
                        "Relation Name": "movie_keyword",
                        "Schema": "public",
                        "Alias": "mk",
                        "Startup Cost": 6.32,
                        "Total Cost": 908.7,
                        "Plan Rows": 244,
                        "Plan Width": 4,
                        "Actual Startup Time": 1.88,
                        "Actual Total Time": 14.89,
                        "Actual Rows": 2124,
                        "Actual Loops": 1,
                        "Output": [
                            "mk.id",
                            "mk.movie_id",
                            "mk.keyword_id"
                        ],
                        "Recheck Cond": "(mk.keyword_id = 7677)",
                        "Rows Removed by Index Recheck": 0,
                        "Exact Heap Blocks": 1853,
                        "Lossy Heap Blocks": 0,
                        "Plans": [
                            {
                                "Node Type": "Bitmap Index Scan",
                                "Parent Relationship": "Outer",
                                "Parallel Aware": false,
                                "Index Name": "keyword_id_movie_keyword",
                                "Startup Cost": 0.0,
                                "Total Cost": 6.26,
                                "Plan Rows": 244,
                                "Plan Width": 0,
                                "Actual Startup Time": 1.278,
                                "Actual Total Time": 1.279,
                                "Actual Rows": 2124,
                                "Actual Loops": 1,
                                "Index Cond": "(mk.keyword_id = 7677)"
                            }
                        ]
                    },
                    {
                        "Node Type": "Hash",
                        "Parent Relationship": "Inner",
                        "Parallel Aware": false,
                        "Startup Cost": 92770.03,
                        "Total Cost": 92770.03,
                        "Plan Rows": 1856968,
                        "Plan Width": 4,
                        "Actual Startup Time": 1225.198,
                        "Actual Total Time": 1225.199,
                        "Actual Rows": 1865487,
                        "Actual Loops": 1,
                        "Output": [
                            "t.id"
                        ],
                        "Hash Buckets": 2097152,
                        "Original Hash Buckets": 2097152,
                        "Hash Batches": 1,
                        "Original Hash Batches": 1,
                        "Peak Memory Usage": 81968,
                        "Plans": [
                            {
                                "Node Type": "Bitmap Heap Scan",
                                "Parent Relationship": "Outer",
                                "Parallel Aware": false,
                                "Relation Name": "title",
                                "Schema": "public",
                                "Alias": "t",
                                "Startup Cost": 33559.93,
                                "Total Cost": 92770.03,
                                "Plan Rows": 1856968,
                                "Plan Width": 4,
                                "Actual Startup Time": 108.686,
                                "Actual Total Time": 615.347,
                                "Actual Rows": 1865487,
                                "Actual Loops": 1,
                                "Output": [
                                    "t.id"
                                ],
                                "Recheck Cond": "(t.kind_id > 1)",
                                "Rows Removed by Index Recheck": 0,
                                "Exact Heap Blocks": 35995,
                                "Lossy Heap Blocks": 0,
                                "Plans": [
                                    {
                                        "Node Type": "Bitmap Index Scan",
                                        "Parent Relationship": "Outer",
                                        "Parallel Aware": false,
                                        "Index Name": "kind_id_title",
                                        "Startup Cost": 0.0,
                                        "Total Cost": 33095.69,
                                        "Plan Rows": 1856968,
                                        "Plan Width": 0,
                                        "Actual Startup Time": 100.76,
                                        "Actual Total Time": 100.761,
                                        "Actual Rows": 1865487,
                                        "Actual Loops": 1,
                                        "Index Cond": "(t.kind_id > 1)"
                                    }
                                ]
                            }
                        ]
                    }
                ]
            }
        ]
    },
    "Planning Time": 2.865,
    "Triggers": [],
    "Execution Time": 1263.632
}