{
  "Plan": {
    "Node Type": "Aggregate",
    "Strategy": "Plain",
    "Partial Mode": "Finalize",
    "Parallel Aware": false,
    "Startup Cost": 279511.83,
    "Total Cost": 279511.84,
    "Plan Rows": 1,
    "Plan Width": 8,
    "Actual Startup Time": 1504.606,
    "Actual Total Time": 1525.826,
    "Actual Rows": 1,
    "Actual Loops": 1,
    "Plans": [
      {
        "Node Type": "Gather",
        "Parent Relationship": "Outer",
        "Parallel Aware": false,
        "Startup Cost": 279511.72,
        "Total Cost": 279511.83,
        "Plan Rows": 1,
        "Plan Width": 8,
        "Actual Startup Time": 1454.795,
        "Actual Total Time": 1525.812,
        "Actual Rows": 2,
        "Actual Loops": 1,
        "Workers Planned": 1,
        "Workers Launched": 1,
        "Single Copy": false,
        "Plans": [
          {
            "Node Type": "Aggregate",
            "Strategy": "Plain",
            "Partial Mode": "Partial",
            "Parent Relationship": "Outer",
            "Parallel Aware": false,
            "Startup Cost": 278511.72,
            "Total Cost": 278511.73,
            "Plan Rows": 1,
            "Plan Width": 8,
            "Actual Startup Time": 1468.991,
            "Actual Total Time": 1468.998,
            "Actual Rows": 1,
            "Actual Loops": 2,
            "Plans": [
              {
                "Node Type": "Merge Join",
                "Parent Relationship": "Outer",
                "Parallel Aware": false,
                "Join Type": "Inner",
                "Startup Cost": 269827.51,
                "Total Cost": 278094.74,
                "Plan Rows": 166794,
                "Plan Width": 0,
                "Actual Startup Time": 1245.487,
                "Actual Total Time": 1443.295,
                "Actual Rows": 660724,
                "Actual Loops": 2,
                "Inner Unique": false,
                "Merge Cond": "(mc.movie_id = t.id)",
                "Plans": [
                  {
                    "Node Type": "Sort",
                    "Parent Relationship": "Outer",
                    "Parallel Aware": false,
                    "Startup Cost": 114232.16,
                    "Total Cost": 116180.31,
                    "Plan Rows": 779260,
                    "Plan Width": 4,
                    "Actual Startup Time": 273.091,
                    "Actual Total Time": 296.348,
                    "Actual Rows": 667442,
                    "Actual Loops": 2,
                    "Sort Key": [
                      "mc.movie_id"
                    ],
                    "Sort Method": "quicksort",
                    "Sort Space Used": 54799,
                    "Sort Space Type": "Memory",
                    "Workers": [
                      {
                        "Worker Number": 0,
                        "Sort Method": "quicksort",
                        "Sort Space Used": 56926,
                        "Sort Space Type": "Memory"
                      }
                    ],
                    "Plans": [
                      {
                        "Node Type": "Seq Scan",
                        "Parent Relationship": "Outer",
                        "Parallel Aware": true,
                        "Relation Name": "movie_companies",
                        "Alias": "mc",
                        "Startup Cost": 0.0,
                        "Total Cost": 37974.77,
                        "Plan Rows": 779260,
                        "Plan Width": 4,
                        "Actual Startup Time": 65.698,
                        "Actual Total Time": 138.032,
                        "Actual Rows": 667442,
                        "Actual Loops": 2,
                        "Filter": "(company_type_id > 1)",
                        "Rows Removed by Filter": 637123
                      }
                    ]
                  },
                  {
                    "Node Type": "Sort",
                    "Parent Relationship": "Inner",
                    "Parallel Aware": false,
                    "Startup Cost": 155595.29,
                    "Total Cost": 156948.18,
                    "Plan Rows": 541158,
                    "Plan Width": 8,
                    "Actual Startup Time": 972.383,
                    "Actual Total Time": 1015.383,
                    "Actual Rows": 1227854,
                    "Actual Loops": 2,
                    "Sort Key": [
                      "mi_idx.movie_id"
                    ],
                    "Sort Method": "quicksort",
                    "Sort Space Used": 69310,
                    "Sort Space Type": "Memory",
                    "Workers": [
                      {
                        "Worker Number": 0,
                        "Sort Method": "quicksort",
                        "Sort Space Used": 69310,
                        "Sort Space Type": "Memory"
                      }
                    ],
                    "Plans": [
                      {
                        "Node Type": "Hash Join",
                        "Parent Relationship": "Outer",
                        "Parallel Aware": false,
                        "Join Type": "Inner",
                        "Startup Cost": 78703.7,
                        "Total Cost": 104061.65,
                        "Plan Rows": 541158,
                        "Plan Width": 8,
                        "Actual Startup Time": 390.433,
                        "Actual Total Time": 778.96,
                        "Actual Rows": 954317,
                        "Actual Loops": 2,
                        "Inner Unique": true,
                        "Hash Cond": "(mi_idx.movie_id = t.id)",
                        "Plans": [
                          {
                            "Node Type": "Seq Scan",
                            "Parent Relationship": "Outer",
                            "Parallel Aware": false,
                            "Relation Name": "movie_info_idx",
                            "Alias": "mi_idx",
                            "Startup Cost": 0.0,
                            "Total Cost": 21735.35,
                            "Plan Rows": 1380035,
                            "Plan Width": 4,
                            "Actual Startup Time": 0.04,
                            "Actual Total Time": 95.194,
                            "Actual Rows": 1380035,
                            "Actual Loops": 2
                          },
                          {
                            "Node Type": "Hash",
                            "Parent Relationship": "Inner",
                            "Parallel Aware": false,
                            "Startup Cost": 66310.85,
                            "Total Cost": 66310.85,
                            "Plan Rows": 991428,
                            "Plan Width": 4,
                            "Actual Startup Time": 387.884,
                            "Actual Total Time": 387.886,
                            "Actual Rows": 985048,
                            "Actual Loops": 2,
                            "Hash Buckets": 1048576,
                            "Original Hash Buckets": 1048576,
                            "Hash Batches": 1,
                            "Original Hash Batches": 1,
                            "Peak Memory Usage": 42823,
                            "Plans": [
                              {
                                "Node Type": "Bitmap Heap Scan",
                                "Parent Relationship": "Outer",
                                "Parallel Aware": false,
                                "Relation Name": "title",
                                "Alias": "t",
                                "Startup Cost": 17920.0,
                                "Total Cost": 66310.85,
                                "Plan Rows": 991428,
                                "Plan Width": 4,
                                "Actual Startup Time": 36.836,
                                "Actual Total Time": 195.347,
                                "Actual Rows": 985048,
                                "Actual Loops": 2,
                                "Recheck Cond": "(kind_id < 7)",
                                "Rows Removed by Index Recheck": 0,
                                "Exact Heap Blocks": 35472,
                                "Lossy Heap Blocks": 0,
                                "Plans": [
                                  {
                                    "Node Type": "Bitmap Index Scan",
                                    "Parent Relationship": "Outer",
                                    "Parallel Aware": false,
                                    "Index Name": "kind_id_title",
                                    "Startup Cost": 0.0,
                                    "Total Cost": 17672.14,
                                    "Plan Rows": 991428,
                                    "Plan Width": 0,
                                    "Actual Startup Time": 32.019,
                                    "Actual Total Time": 32.019,
                                    "Actual Rows": 985048,
                                    "Actual Loops": 2,
                                    "Index Cond": "(kind_id < 7)"
                                  }
                                ]
                              }
                            ]
                          }
                        ]
                      }
                    ]
                  }
                ]
              }
            ]
          }
        ]
      }
    ]
  },
  "Planning Time": 1.039,
  "Triggers": [],
  "Execution Time": 1546.044
}