{
  "Plan": {
    "Node Type": "Aggregate",
    "Strategy": "Plain",
    "Partial Mode": "Finalize",
    "Parallel Aware": false,
    "Startup Cost": 570555.53,
    "Total Cost": 570555.54,
    "Plan Rows": 1,
    "Plan Width": 8,
    "Actual Startup Time": 8010.858,
    "Actual Total Time": 8053.367,
    "Actual Rows": 1,
    "Actual Loops": 1,
    "Plans": [
      {
        "Node Type": "Gather",
        "Parent Relationship": "Outer",
        "Parallel Aware": false,
        "Startup Cost": 570555.41,
        "Total Cost": 570555.52,
        "Plan Rows": 1,
        "Plan Width": 8,
        "Actual Startup Time": 8002.137,
        "Actual Total Time": 8053.357,
        "Actual Rows": 2,
        "Actual Loops": 1,
        "Workers Planned": 1,
        "Workers Launched": 1,
        "Single Copy": false,
        "Plans": [
          {
            "Node Type": "Aggregate",
            "Strategy": "Plain",
            "Partial Mode": "Partial",
            "Parent Relationship": "Outer",
            "Parallel Aware": false,
            "Startup Cost": 569555.41,
            "Total Cost": 569555.42,
            "Plan Rows": 1,
            "Plan Width": 8,
            "Actual Startup Time": 7996.242,
            "Actual Total Time": 7996.247,
            "Actual Rows": 1,
            "Actual Loops": 2,
            "Plans": [
              {
                "Node Type": "Hash Join",
                "Parent Relationship": "Outer",
                "Parallel Aware": true,
                "Join Type": "Inner",
                "Startup Cost": 116880.06,
                "Total Cost": 564556.1,
                "Plan Rows": 1999726,
                "Plan Width": 0,
                "Actual Startup Time": 799.028,
                "Actual Total Time": 7668.952,
                "Actual Rows": 8201401,
                "Actual Loops": 2,
                "Inner Unique": false,
                "Hash Cond": "(t.id = mc.movie_id)",
                "Plans": [
                  {
                    "Node Type": "Hash Join",
                    "Parent Relationship": "Outer",
                    "Parallel Aware": true,
                    "Join Type": "Inner",
                    "Startup Cost": 69461.26,
                    "Total Cost": 480771.54,
                    "Plan Rows": 3936426,
                    "Plan Width": 8,
                    "Actual Startup Time": 522.314,
                    "Actual Total Time": 4722.028,
                    "Actual Rows": 6335344,
                    "Actual Loops": 2,
                    "Inner Unique": true,
                    "Hash Cond": "(ci.movie_id = t.id)",
                    "Plans": [
                      {
                        "Node Type": "Index Scan",
                        "Parent Relationship": "Outer",
                        "Parallel Aware": true,
                        "Scan Direction": "Forward",
                        "Index Name": "role_id_cast_info",
                        "Relation Name": "cast_info",
                        "Alias": "ci",
                        "Startup Cost": 0.56,
                        "Total Cost": 400977.7,
                        "Plan Rows": 3936426,
                        "Plan Width": 4,
                        "Actual Startup Time": 0.122,
                        "Actual Total Time": 1089.611,
                        "Actual Rows": 6335344,
                        "Actual Loops": 2,
                        "Index Cond": "(role_id < 2)",
                        "Rows Removed by Index Recheck": 0,
                        "Filter": "(person_id < 1954134)",
                        "Rows Removed by Filter": 0
                      },
                      {
                        "Node Type": "Hash",
                        "Parent Relationship": "Inner",
                        "Parallel Aware": true,
                        "Startup Cost": 50870.31,
                        "Total Cost": 50870.31,
                        "Plan Rows": 1487231,
                        "Plan Width": 4,
                        "Actual Startup Time": 510.735,
                        "Actual Total Time": 510.736,
                        "Actual Rows": 1264156,
                        "Actual Loops": 2,
                        "Hash Buckets": 4194304,
                        "Original Hash Buckets": 4194304,
                        "Hash Batches": 1,
                        "Original Hash Batches": 1,
                        "Peak Memory Usage": 131712,
                        "Plans": [
                          {
                            "Node Type": "Seq Scan",
                            "Parent Relationship": "Outer",
                            "Parallel Aware": true,
                            "Relation Name": "title",
                            "Alias": "t",
                            "Startup Cost": 0.0,
                            "Total Cost": 50870.31,
                            "Plan Rows": 1487231,
                            "Plan Width": 4,
                            "Actual Startup Time": 0.019,
                            "Actual Total Time": 147.697,
                            "Actual Rows": 1264156,
                            "Actual Loops": 2
                          }
                        ]
                      }
                    ]
                  },
                  {
                    "Node Type": "Hash",
                    "Parent Relationship": "Inner",
                    "Parallel Aware": true,
                    "Startup Cost": 37974.77,
                    "Total Cost": 37974.77,
                    "Plan Rows": 755522,
                    "Plan Width": 4,
                    "Actual Startup Time": 264.7,
                    "Actual Total Time": 264.701,
                    "Actual Rows": 637123,
                    "Actual Loops": 2,
                    "Hash Buckets": 2097152,
                    "Original Hash Buckets": 2097152,
                    "Hash Batches": 1,
                    "Original Hash Batches": 1,
                    "Peak Memory Usage": 66272,
                    "Plans": [
                      {
                        "Node Type": "Seq Scan",
                        "Parent Relationship": "Outer",
                        "Parallel Aware": true,
                        "Relation Name": "movie_companies",
                        "Alias": "mc",
                        "Startup Cost": 0.0,
                        "Total Cost": 37974.77,
                        "Plan Rows": 755522,
                        "Plan Width": 4,
                        "Actual Startup Time": 0.037,
                        "Actual Total Time": 125.603,
                        "Actual Rows": 637123,
                        "Actual Loops": 2,
                        "Filter": "(company_type_id < 2)",
                        "Rows Removed by Filter": 667442
                      }
                    ]
                  }
                ]
              }
            ]
          }
        ]
      }
    ]
  },
  "Planning Time": 0.933,
  "Triggers": [],
  "Execution Time": 8053.45
}