[
  {
    "Plan": {
      "Node Type": "Aggregate",
      "Strategy": "Plain",
      "Partial Mode": "Finalize",
      "Parallel Aware": false,
      "Startup Cost": 76698.99,
      "Total Cost": 76699.0,
      "Plan Rows": 1,
      "Plan Width": 8,
      "Actual Startup Time": 181.076,
      "Actual Total Time": 198.277,
      "Actual Rows": 1,
      "Actual Loops": 1,
      "Plans": [
        {
          "Node Type": "Gather",
          "Parent Relationship": "Outer",
          "Parallel Aware": false,
          "Startup Cost": 76698.67,
          "Total Cost": 76698.98,
          "Plan Rows": 3,
          "Plan Width": 8,
          "Actual Startup Time": 180.349,
          "Actual Total Time": 198.27,
          "Actual Rows": 4,
          "Actual Loops": 1,
          "Workers Planned": 3,
          "Workers Launched": 3,
          "Single Copy": false,
          "Plans": [
            {
              "Node Type": "Aggregate",
              "Strategy": "Plain",
              "Partial Mode": "Partial",
              "Parent Relationship": "Outer",
              "Parallel Aware": false,
              "Startup Cost": 75698.67,
              "Total Cost": 75698.68,
              "Plan Rows": 1,
              "Plan Width": 8,
              "Actual Startup Time": 171.05,
              "Actual Total Time": 171.053,
              "Actual Rows": 1,
              "Actual Loops": 4,
              "Plans": [
                {
                  "Node Type": "Hash Join",
                  "Parent Relationship": "Outer",
                  "Parallel Aware": true,
                  "Join Type": "Inner",
                  "Startup Cost": 54686.71,
                  "Total Cost": 75695.82,
                  "Plan Rows": 1142,
                  "Plan Width": 0,
                  "Actual Startup Time": 152.81,
                  "Actual Total Time": 171.028,
                  "Actual Rows": 265,
                  "Actual Loops": 4,
                  "Inner Unique": true,
                  "Hash Cond": "(mc.movie_id = t.id)",
                  "Plans": [
                    {
                      "Node Type": "Bitmap Heap Scan",
                      "Parent Relationship": "Outer",
                      "Parallel Aware": true,
                      "Relation Name": "movie_companies",
                      "Alias": "mc",
                      "Startup Cost": 9076.83,
                      "Total Cost": 29904.85,
                      "Plan Rows": 68985,
                      "Plan Width": 4,
                      "Actual Startup Time": 48.386,
                      "Actual Total Time": 62.402,
                      "Actual Rows": 24676,
                      "Actual Loops": 4,
                      "Recheck Cond": "(company_id < 293)",
                      "Rows Removed by Index Recheck": 0,
                      "Filter": "(company_type_id = 2)",
                      "Rows Removed by Filter": 80276,
                      "Exact Heap Blocks": 8539,
                      "Lossy Heap Blocks": 0,
                      "Plans": [
                        {
                          "Node Type": "Bitmap Index Scan",
                          "Parent Relationship": "Outer",
                          "Parallel Aware": false,
                          "Index Name": "company_id_movie_companies",
                          "Startup Cost": 0.0,
                          "Total Cost": 9023.36,
                          "Plan Rows": 421191,
                          "Plan Width": 0,
                          "Actual Startup Time": 17.942,
                          "Actual Total Time": 17.942,
                          "Actual Rows": 419809,
                          "Actual Loops": 1,
                          "Index Cond": "(company_id < 293)"
                        }
                      ]
                    },
                    {
                      "Node Type": "Hash",
                      "Parent Relationship": "Inner",
                      "Parallel Aware": true,
                      "Startup Cost": 45479.1,
                      "Total Cost": 45479.1,
                      "Plan Rows": 10463,
                      "Plan Width": 4,
                      "Actual Startup Time": 102.679,
                      "Actual Total Time": 102.68,
                      "Actual Rows": 10064,
                      "Actual Loops": 4,
                      "Hash Buckets": 65536,
                      "Original Hash Buckets": 65536,
                      "Hash Batches": 1,
                      "Original Hash Batches": 1,
                      "Peak Memory Usage": 2144,
                      "Plans": [
                        {
                          "Node Type": "Seq Scan",
                          "Parent Relationship": "Outer",
                          "Parallel Aware": true,
                          "Relation Name": "title",
                          "Alias": "t",
                          "Startup Cost": 0.0,
                          "Total Cost": 45479.1,
                          "Plan Rows": 10463,
                          "Plan Width": 4,
                          "Actual Startup Time": 0.055,
                          "Actual Total Time": 97.674,
                          "Actual Rows": 10064,
                          "Actual Loops": 4,
                          "Filter": "((production_year > 2012) AND (kind_id = 7))",
                          "Rows Removed by Filter": 622014
                        }
                      ]
                    }
                  ]
                }
              ]
            }
          ]
        }
      ]
    },
    "Planning Time": 0.681,
    "Triggers": [],
    "Execution Time": 198.369
  }
]