{
    "Plan": {
        "Node Type": "Aggregate",
        "Strategy": "Plain",
        "Partial Mode": "Finalize",
        "Parallel Aware": false,
        "Startup Cost": 455226.48,
        "Total Cost": 455226.49,
        "Plan Rows": 1,
        "Plan Width": 8,
        "Actual Startup Time": 2324.968,
        "Actual Total Time": 2393.979,
        "Actual Rows": 1,
        "Actual Loops": 1,
        "Output": [
            "count(*)"
        ],
        "Plans": [
            {
                "Node Type": "Gather",
                "Parent Relationship": "Outer",
                "Parallel Aware": false,
                "Startup Cost": 455225.85,
                "Total Cost": 455226.46,
                "Plan Rows": 6,
                "Plan Width": 8,
                "Actual Startup Time": 2310.3,
                "Actual Total Time": 2393.963,
                "Actual Rows": 7,
                "Actual Loops": 1,
                "Output": [
                    "(PARTIAL count(*))"
                ],
                "Workers Planned": 6,
                "Workers Launched": 6,
                "Single Copy": false,
                "Plans": [
                    {
                        "Node Type": "Aggregate",
                        "Strategy": "Plain",
                        "Partial Mode": "Partial",
                        "Parent Relationship": "Outer",
                        "Parallel Aware": false,
                        "Startup Cost": 454225.85,
                        "Total Cost": 454225.86,
                        "Plan Rows": 1,
                        "Plan Width": 8,
                        "Actual Startup Time": 2299.073,
                        "Actual Total Time": 2299.314,
                        "Actual Rows": 1,
                        "Actual Loops": 7,
                        "Output": [
                            "PARTIAL count(*)"
                        ],
                        "Workers": [
                            {
                                "Worker Number": 0,
                                "Actual Startup Time": 2296.544,
                                "Actual Total Time": 2296.55,
                                "Actual Rows": 1,
                                "Actual Loops": 1
                            },
                            {
                                "Worker Number": 1,
                                "Actual Startup Time": 2296.772,
                                "Actual Total Time": 2296.777,
                                "Actual Rows": 1,
                                "Actual Loops": 1
                            },
                            {
                                "Worker Number": 2,
                                "Actual Startup Time": 2298.599,
                                "Actual Total Time": 2298.604,
                                "Actual Rows": 1,
                                "Actual Loops": 1
                            },
                            {
                                "Worker Number": 3,
                                "Actual Startup Time": 2297.218,
                                "Actual Total Time": 2297.223,
                                "Actual Rows": 1,
                                "Actual Loops": 1
                            },
                            {
                                "Worker Number": 4,
                                "Actual Startup Time": 2297.531,
                                "Actual Total Time": 2297.536,
                                "Actual Rows": 1,
                                "Actual Loops": 1
                            },
                            {
                                "Worker Number": 5,
                                "Actual Startup Time": 2297.575,
                                "Actual Total Time": 2297.579,
                                "Actual Rows": 1,
                                "Actual Loops": 1
                            }
                        ],
                        "Plans": [
                            {
                                "Node Type": "Hash Join",
                                "Parent Relationship": "Outer",
                                "Parallel Aware": true,
                                "Join Type": "Inner",
                                "Startup Cost": 93009.56,
                                "Total Cost": 451669.49,
                                "Plan Rows": 1022545,
                                "Plan Width": 0,
                                "Actual Startup Time": 538.613,
                                "Actual Total Time": 2006.058,
                                "Actual Rows": 6578738,
                                "Actual Loops": 7,
                                "Inner Unique": false,
                                "Hash Cond": "(ci.movie_id = t.id)",
                                "Workers": [
                                    {
                                        "Worker Number": 0,
                                        "Actual Startup Time": 536.324,
                                        "Actual Total Time": 2004.349,
                                        "Actual Rows": 6784216,
                                        "Actual Loops": 1
                                    },
                                    {
                                        "Worker Number": 1,
                                        "Actual Startup Time": 536.568,
                                        "Actual Total Time": 2006.997,
                                        "Actual Rows": 6775727,
                                        "Actual Loops": 1
                                    },
                                    {
                                        "Worker Number": 2,
                                        "Actual Startup Time": 536.663,
                                        "Actual Total Time": 2006.401,
                                        "Actual Rows": 6027014,
                                        "Actual Loops": 1
                                    },
                                    {
                                        "Worker Number": 3,
                                        "Actual Startup Time": 536.96,
                                        "Actual Total Time": 2023.687,
                                        "Actual Rows": 6886966,
                                        "Actual Loops": 1
                                    },
                                    {
                                        "Worker Number": 4,
                                        "Actual Startup Time": 537.286,
                                        "Actual Total Time": 2003.956,
                                        "Actual Rows": 6823502,
                                        "Actual Loops": 1
                                    },
                                    {
                                        "Worker Number": 5,
                                        "Actual Startup Time": 537.349,
                                        "Actual Total Time": 1996.045,
                                        "Actual Rows": 5623533,
                                        "Actual Loops": 1
                                    }
                                ],
                                "Plans": [
                                    {
                                        "Node Type": "Seq Scan",
                                        "Parent Relationship": "Outer",
                                        "Parallel Aware": true,
                                        "Relation Name": "cast_info",
                                        "Schema": "public",
                                        "Alias": "ci",
                                        "Startup Cost": 0.0,
                                        "Total Cost": 343318.94,
                                        "Plan Rows": 3211319,
                                        "Plan Width": 4,
                                        "Actual Startup Time": 204.384,
                                        "Actual Total Time": 671.777,
                                        "Actual Rows": 2442667,
                                        "Actual Loops": 7,
                                        "Output": [
                                            "ci.id",
                                            "ci.person_id",
                                            "ci.movie_id",
                                            "ci.person_role_id",
                                            "ci.note",
                                            "ci.nr_order",
                                            "ci.role_id"
                                        ],
                                        "Filter": "((ci.person_id < 3008985) AND (ci.role_id > 1))",
                                        "Rows Removed by Filter": 2735097,
                                        "Workers": [
                                            {
                                                "Worker Number": 0,
                                                "Actual Startup Time": 204.398,
                                                "Actual Total Time": 679.656,
                                                "Actual Rows": 2572362,
                                                "Actual Loops": 1
                                            },
                                            {
                                                "Worker Number": 1,
                                                "Actual Startup Time": 204.371,
                                                "Actual Total Time": 680.426,
                                                "Actual Rows": 2558988,
                                                "Actual Loops": 1
                                            },
                                            {
                                                "Worker Number": 2,
                                                "Actual Startup Time": 204.385,
                                                "Actual Total Time": 684.294,
                                                "Actual Rows": 2028762,
                                                "Actual Loops": 1
                                            },
                                            {
                                                "Worker Number": 3,
                                                "Actual Startup Time": 204.393,
                                                "Actual Total Time": 665.576,
                                                "Actual Rows": 2402717,
                                                "Actual Loops": 1
                                            },
                                            {
                                                "Worker Number": 4,
                                                "Actual Startup Time": 204.381,
                                                "Actual Total Time": 680.511,
                                                "Actual Rows": 2572378,
                                                "Actual Loops": 1
                                            },
                                            {
                                                "Worker Number": 5,
                                                "Actual Startup Time": 204.384,
                                                "Actual Total Time": 686.221,
                                                "Actual Rows": 2226865,
                                                "Actual Loops": 1
                                            }
                                        ]
                                    },
                                    {
                                        "Node Type": "Hash",
                                        "Parent Relationship": "Inner",
                                        "Parallel Aware": true,
                                        "Startup Cost": 89763.33,
                                        "Total Cost": 89763.33,
                                        "Plan Rows": 259699,
                                        "Plan Width": 8,
                                        "Actual Startup Time": 330.833,
                                        "Actual Total Time": 331.073,
                                        "Actual Rows": 201486,
                                        "Actual Loops": 7,
                                        "Output": [
                                            "t.id",
                                            "mk.movie_id"
                                        ],
                                        "Hash Buckets": 2097152,
                                        "Original Hash Buckets": 1048576,
                                        "Hash Batches": 1,
                                        "Original Hash Batches": 1,
                                        "Peak Memory Usage": 79808,
                                        "Workers": [
                                            {
                                                "Worker Number": 0,
                                                "Actual Startup Time": 331.274,
                                                "Actual Total Time": 331.278,
                                                "Actual Rows": 209177,
                                                "Actual Loops": 1
                                            },
                                            {
                                                "Worker Number": 1,
                                                "Actual Startup Time": 331.535,
                                                "Actual Total Time": 331.539,
                                                "Actual Rows": 207520,
                                                "Actual Loops": 1
                                            },
                                            {
                                                "Worker Number": 2,
                                                "Actual Startup Time": 331.575,
                                                "Actual Total Time": 331.578,
                                                "Actual Rows": 136572,
                                                "Actual Loops": 1
                                            },
                                            {
                                                "Worker Number": 3,
                                                "Actual Startup Time": 331.898,
                                                "Actual Total Time": 331.901,
                                                "Actual Rows": 199486,
                                                "Actual Loops": 1
                                            },
                                            {
                                                "Worker Number": 4,
                                                "Actual Startup Time": 332.271,
                                                "Actual Total Time": 332.275,
                                                "Actual Rows": 211519,
                                                "Actual Loops": 1
                                            },
                                            {
                                                "Worker Number": 5,
                                                "Actual Startup Time": 332.296,
                                                "Actual Total Time": 332.299,
                                                "Actual Rows": 206024,
                                                "Actual Loops": 1
                                            }
                                        ],
                                        "Plans": [
                                            {
                                                "Node Type": "Hash Join",
                                                "Parent Relationship": "Outer",
                                                "Parallel Aware": true,
                                                "Join Type": "Inner",
                                                "Startup Cost": 46885.25,
                                                "Total Cost": 89763.33,
                                                "Plan Rows": 259699,
                                                "Plan Width": 8,
                                                "Actual Startup Time": 122.021,
                                                "Actual Total Time": 242.352,
                                                "Actual Rows": 201486,
                                                "Actual Loops": 7,
                                                "Output": [
                                                    "t.id",
                                                    "mk.movie_id"
                                                ],
                                                "Inner Unique": true,
                                                "Hash Cond": "(mk.movie_id = t.id)",
                                                "Workers": [
                                                    {
                                                        "Worker Number": 0,
                                                        "Actual Startup Time": 121.99,
                                                        "Actual Total Time": 243.025,
                                                        "Actual Rows": 209177,
                                                        "Actual Loops": 1
                                                    },
                                                    {
                                                        "Worker Number": 1,
                                                        "Actual Startup Time": 121.992,
                                                        "Actual Total Time": 242.925,
                                                        "Actual Rows": 207520,
                                                        "Actual Loops": 1
                                                    },
                                                    {
                                                        "Worker Number": 2,
                                                        "Actual Startup Time": 122.037,
                                                        "Actual Total Time": 243.13,
                                                        "Actual Rows": 136572,
                                                        "Actual Loops": 1
                                                    },
                                                    {
                                                        "Worker Number": 3,
                                                        "Actual Startup Time": 121.99,
                                                        "Actual Total Time": 241.877,
                                                        "Actual Rows": 199486,
                                                        "Actual Loops": 1
                                                    },
                                                    {
                                                        "Worker Number": 4,
                                                        "Actual Startup Time": 122.039,
                                                        "Actual Total Time": 241.605,
                                                        "Actual Rows": 211519,
                                                        "Actual Loops": 1
                                                    },
                                                    {
                                                        "Worker Number": 5,
                                                        "Actual Startup Time": 122.003,
                                                        "Actual Total Time": 242.8,
                                                        "Actual Rows": 206024,
                                                        "Actual Loops": 1
                                                    }
                                                ],
                                                "Plans": [
                                                    {
                                                        "Node Type": "Seq Scan",
                                                        "Parent Relationship": "Outer",
                                                        "Parallel Aware": true,
                                                        "Relation Name": "movie_keyword",
                                                        "Schema": "public",
                                                        "Alias": "mk",
                                                        "Startup Cost": 0.0,
                                                        "Total Cost": 39047.32,
                                                        "Plan Rows": 1459332,
                                                        "Plan Width": 4,
                                                        "Actual Startup Time": 0.015,
                                                        "Actual Total Time": 65.48,
                                                        "Actual Rows": 646276,
                                                        "Actual Loops": 7,
                                                        "Output": [
                                                            "mk.id",
                                                            "mk.movie_id",
                                                            "mk.keyword_id"
                                                        ],
                                                        "Workers": [
                                                            {
                                                                "Worker Number": 0,
                                                                "Actual Startup Time": 0.015,
                                                                "Actual Total Time": 67.575,
                                                                "Actual Rows": 673030,
                                                                "Actual Loops": 1
                                                            },
                                                            {
                                                                "Worker Number": 1,
                                                                "Actual Startup Time": 0.011,
                                                                "Actual Total Time": 67.642,
                                                                "Actual Rows": 669515,
                                                                "Actual Loops": 1
                                                            },
                                                            {
                                                                "Worker Number": 2,
                                                                "Actual Startup Time": 0.02,
                                                                "Actual Total Time": 66.441,
                                                                "Actual Rows": 442460,
                                                                "Actual Loops": 1
                                                            },
                                                            {
                                                                "Worker Number": 3,
                                                                "Actual Startup Time": 0.009,
                                                                "Actual Total Time": 67.286,
                                                                "Actual Rows": 623265,
                                                                "Actual Loops": 1
                                                            },
                                                            {
                                                                "Worker Number": 4,
                                                                "Actual Startup Time": 0.018,
                                                                "Actual Total Time": 67.003,
                                                                "Actual Rows": 670070,
                                                                "Actual Loops": 1
                                                            },
                                                            {
                                                                "Worker Number": 5,
                                                                "Actual Startup Time": 0.022,
                                                                "Actual Total Time": 67.594,
                                                                "Actual Rows": 670810,
                                                                "Actual Loops": 1
                                                            }
                                                        ]
                                                    },
                                                    {
                                                        "Node Type": "Hash",
                                                        "Parent Relationship": "Inner",
                                                        "Parallel Aware": true,
                                                        "Startup Cost": 45479.21,
                                                        "Total Cost": 45479.21,
                                                        "Plan Rows": 112483,
                                                        "Plan Width": 4,
                                                        "Actual Startup Time": 96.659,
                                                        "Actual Total Time": 96.66,
                                                        "Actual Rows": 46441,
                                                        "Actual Loops": 7,
                                                        "Output": [
                                                            "t.id"
                                                        ],
                                                        "Hash Buckets": 524288,
                                                        "Original Hash Buckets": 524288,
                                                        "Hash Batches": 1,
                                                        "Original Hash Batches": 1,
                                                        "Peak Memory Usage": 16960,
                                                        "Workers": [
                                                            {
                                                                "Worker Number": 0,
                                                                "Actual Startup Time": 97.316,
                                                                "Actual Total Time": 97.317,
                                                                "Actual Rows": 47595,
                                                                "Actual Loops": 1
                                                            },
                                                            {
                                                                "Worker Number": 1,
                                                                "Actual Startup Time": 97.346,
                                                                "Actual Total Time": 97.347,
                                                                "Actual Rows": 47608,
                                                                "Actual Loops": 1
                                                            },
                                                            {
                                                                "Worker Number": 2,
                                                                "Actual Startup Time": 97.333,
                                                                "Actual Total Time": 97.334,
                                                                "Actual Rows": 33232,
                                                                "Actual Loops": 1
                                                            },
                                                            {
                                                                "Worker Number": 3,
                                                                "Actual Startup Time": 97.324,
                                                                "Actual Total Time": 97.325,
                                                                "Actual Rows": 40941,
                                                                "Actual Loops": 1
                                                            },
                                                            {
                                                                "Worker Number": 4,
                                                                "Actual Startup Time": 97.533,
                                                                "Actual Total Time": 97.534,
                                                                "Actual Rows": 47980,
                                                                "Actual Loops": 1
                                                            },
                                                            {
                                                                "Worker Number": 5,
                                                                "Actual Startup Time": 97.322,
                                                                "Actual Total Time": 97.323,
                                                                "Actual Rows": 47030,
                                                                "Actual Loops": 1
                                                            }
                                                        ],
                                                        "Plans": [
                                                            {
                                                                "Node Type": "Seq Scan",
                                                                "Parent Relationship": "Outer",
                                                                "Parallel Aware": true,
                                                                "Relation Name": "title",
                                                                "Schema": "public",
                                                                "Alias": "t",
                                                                "Startup Cost": 0.0,
                                                                "Total Cost": 45479.21,
                                                                "Plan Rows": 112483,
                                                                "Plan Width": 4,
                                                                "Actual Startup Time": 43.961,
                                                                "Actual Total Time": 76.742,
                                                                "Actual Rows": 46441,
                                                                "Actual Loops": 7,
                                                                "Output": [
                                                                    "t.id"
                                                                ],
                                                                "Filter": "((t.production_year > 1992) AND (t.kind_id = 1))",
                                                                "Rows Removed by Filter": 314746,
                                                                "Workers": [
                                                                    {
                                                                        "Worker Number": 0,
                                                                        "Actual Startup Time": 6.111,
                                                                        "Actual Total Time": 77.294,
                                                                        "Actual Rows": 47595,
                                                                        "Actual Loops": 1
                                                                    },
                                                                    {
                                                                        "Worker Number": 1,
                                                                        "Actual Startup Time": 50.119,
                                                                        "Actual Total Time": 77.253,
                                                                        "Actual Rows": 47608,
                                                                        "Actual Loops": 1
                                                                    },
                                                                    {
                                                                        "Worker Number": 2,
                                                                        "Actual Startup Time": 50.198,
                                                                        "Actual Total Time": 77.649,
                                                                        "Actual Rows": 33232,
                                                                        "Actual Loops": 1
                                                                    },
                                                                    {
                                                                        "Worker Number": 3,
                                                                        "Actual Startup Time": 50.465,
                                                                        "Actual Total Time": 75.91,
                                                                        "Actual Rows": 40941,
                                                                        "Actual Loops": 1
                                                                    },
                                                                    {
                                                                        "Worker Number": 4,
                                                                        "Actual Startup Time": 50.326,
                                                                        "Actual Total Time": 77.097,
                                                                        "Actual Rows": 47980,
                                                                        "Actual Loops": 1
                                                                    },
                                                                    {
                                                                        "Worker Number": 5,
                                                                        "Actual Startup Time": 50.186,
                                                                        "Actual Total Time": 76.902,
                                                                        "Actual Rows": 47030,
                                                                        "Actual Loops": 1
                                                                    }
                                                                ]
                                                            }
                                                        ]
                                                    }
                                                ]
                                            }
                                        ]
                                    }
                                ]
                            }
                        ]
                    }
                ]
            }
        ]
    },
    "Planning Time": 1.545,
    "Triggers": [],
    "Execution Time": 2394.073
}