[
  {
    "Plan": {
      "Node Type": "Aggregate",
      "Strategy": "Plain",
      "Partial Mode": "Finalize",
      "Parallel Aware": false,
      "Startup Cost": 44553.47,
      "Total Cost": 44553.48,
      "Plan Rows": 1,
      "Plan Width": 8,
      "Actual Startup Time": 123.308,
      "Actual Total Time": 132.583,
      "Actual Rows": 1,
      "Actual Loops": 1,
      "Plans": [
        {
          "Node Type": "Gather",
          "Parent Relationship": "Outer",
          "Parallel Aware": false,
          "Startup Cost": 44553.15,
          "Total Cost": 44553.46,
          "Plan Rows": 3,
          "Plan Width": 8,
          "Actual Startup Time": 123.176,
          "Actual Total Time": 132.574,
          "Actual Rows": 4,
          "Actual Loops": 1,
          "Workers Planned": 3,
          "Workers Launched": 3,
          "Single Copy": false,
          "Plans": [
            {
              "Node Type": "Aggregate",
              "Strategy": "Plain",
              "Partial Mode": "Partial",
              "Parent Relationship": "Outer",
              "Parallel Aware": false,
              "Startup Cost": 43553.15,
              "Total Cost": 43553.16,
              "Plan Rows": 1,
              "Plan Width": 8,
              "Actual Startup Time": 116.914,
              "Actual Total Time": 116.915,
              "Actual Rows": 1,
              "Actual Loops": 4,
              "Plans": [
                {
                  "Node Type": "Seq Scan",
                  "Parent Relationship": "Outer",
                  "Parallel Aware": true,
                  "Relation Name": "movie_keyword",
                  "Alias": "mk",
                  "Startup Cost": 0.0,
                  "Total Cost": 42695.65,
                  "Plan Rows": 343000,
                  "Plan Width": 0,
                  "Actual Startup Time": 2.991,
                  "Actual Total Time": 103.764,
                  "Actual Rows": 264990,
                  "Actual Loops": 4,
                  "Filter": "(keyword_id > 16587)",
                  "Rows Removed by Filter": 865992
                }
              ]
            }
          ]
        }
      ]
    },
    "Planning Time": 0.153,
    "Triggers": [],
    "Execution Time": 132.629
  }
]