[
  {
    "Plan": {
      "Node Type": "Aggregate",
      "Strategy": "Plain",
      "Partial Mode": "Finalize",
      "Parallel Aware": false,
      "Startup Cost": 32726.35,
      "Total Cost": 32726.36,
      "Plan Rows": 1,
      "Plan Width": 8,
      "Actual Startup Time": 119.405,
      "Actual Total Time": 128.683,
      "Actual Rows": 1,
      "Actual Loops": 1,
      "Plans": [
        {
          "Node Type": "Gather",
          "Parent Relationship": "Outer",
          "Parallel Aware": false,
          "Startup Cost": 32726.03,
          "Total Cost": 32726.34,
          "Plan Rows": 3,
          "Plan Width": 8,
          "Actual Startup Time": 119.254,
          "Actual Total Time": 128.673,
          "Actual Rows": 4,
          "Actual Loops": 1,
          "Workers Planned": 3,
          "Workers Launched": 3,
          "Single Copy": false,
          "Plans": [
            {
              "Node Type": "Aggregate",
              "Strategy": "Plain",
              "Partial Mode": "Partial",
              "Parent Relationship": "Outer",
              "Parallel Aware": false,
              "Startup Cost": 31726.03,
              "Total Cost": 31726.04,
              "Plan Rows": 1,
              "Plan Width": 8,
              "Actual Startup Time": 110.232,
              "Actual Total Time": 110.234,
              "Actual Rows": 1,
              "Actual Loops": 4,
              "Plans": [
                {
                  "Node Type": "Seq Scan",
                  "Parent Relationship": "Outer",
                  "Parallel Aware": true,
                  "Relation Name": "movie_companies",
                  "Alias": "mc",
                  "Startup Cost": 0.0,
                  "Total Cost": 31414.82,
                  "Plan Rows": 124486,
                  "Plan Width": 0,
                  "Actual Startup Time": 0.044,
                  "Actual Total Time": 98.15,
                  "Actual Rows": 138806,
                  "Actual Loops": 4,
                  "Filter": "((company_id < 1709) AND (company_type_id < 2))",
                  "Rows Removed by Filter": 513476
                }
              ]
            }
          ]
        }
      ]
    },
    "Planning Time": 0.189,
    "Triggers": [],
    "Execution Time": 128.738
  }
]