[
  {
    "Plan": {
      "Node Type": "Aggregate",
      "Strategy": "Plain",
      "Partial Mode": "Finalize",
      "Parallel Aware": false,
      "Startup Cost": 92867.74,
      "Total Cost": 92867.75,
      "Plan Rows": 1,
      "Plan Width": 8,
      "Actual Startup Time": 276.002,
      "Actual Total Time": 298.774,
      "Actual Rows": 1,
      "Actual Loops": 1,
      "Plans": [
        {
          "Node Type": "Gather",
          "Parent Relationship": "Outer",
          "Parallel Aware": false,
          "Startup Cost": 92867.43,
          "Total Cost": 92867.74,
          "Plan Rows": 3,
          "Plan Width": 8,
          "Actual Startup Time": 275.466,
          "Actual Total Time": 298.763,
          "Actual Rows": 4,
          "Actual Loops": 1,
          "Workers Planned": 3,
          "Workers Launched": 3,
          "Single Copy": false,
          "Plans": [
            {
              "Node Type": "Aggregate",
              "Strategy": "Plain",
              "Partial Mode": "Partial",
              "Parent Relationship": "Outer",
              "Parallel Aware": false,
              "Startup Cost": 91867.43,
              "Total Cost": 91867.44,
              "Plan Rows": 1,
              "Plan Width": 8,
              "Actual Startup Time": 267.762,
              "Actual Total Time": 267.765,
              "Actual Rows": 1,
              "Actual Loops": 4,
              "Plans": [
                {
                  "Node Type": "Hash Join",
                  "Parent Relationship": "Outer",
                  "Parallel Aware": true,
                  "Join Type": "Inner",
                  "Startup Cost": 46031.36,
                  "Total Cost": 91671.59,
                  "Plan Rows": 78335,
                  "Plan Width": 0,
                  "Actual Startup Time": 107.954,
                  "Actual Total Time": 267.333,
                  "Actual Rows": 9402,
                  "Actual Loops": 4,
                  "Inner Unique": true,
                  "Hash Cond": "(mk.movie_id = t.id)",
                  "Plans": [
                    {
                      "Node Type": "Seq Scan",
                      "Parent Relationship": "Outer",
                      "Parallel Aware": true,
                      "Relation Name": "movie_keyword",
                      "Alias": "mk",
                      "Startup Cost": 0.0,
                      "Total Cost": 42695.65,
                      "Plan Rows": 1121743,
                      "Plan Width": 4,
                      "Actual Startup Time": 0.03,
                      "Actual Total Time": 105.932,
                      "Actual Rows": 869762,
                      "Actual Loops": 4,
                      "Filter": "(keyword_id < 16986)",
                      "Rows Removed by Filter": 261220
                    },
                    {
                      "Node Type": "Hash",
                      "Parent Relationship": "Inner",
                      "Parallel Aware": true,
                      "Startup Cost": 45479.59,
                      "Total Cost": 45479.59,
                      "Plan Rows": 44142,
                      "Plan Width": 4,
                      "Actual Startup Time": 105.204,
                      "Actual Total Time": 105.205,
                      "Actual Rows": 15060,
                      "Actual Loops": 4,
                      "Hash Buckets": 262144,
                      "Original Hash Buckets": 262144,
                      "Hash Batches": 1,
                      "Original Hash Batches": 1,
                      "Peak Memory Usage": 4512,
                      "Plans": [
                        {
                          "Node Type": "Seq Scan",
                          "Parent Relationship": "Outer",
                          "Parallel Aware": true,
                          "Relation Name": "title",
                          "Alias": "t",
                          "Startup Cost": 0.0,
                          "Total Cost": 45479.59,
                          "Plan Rows": 44142,
                          "Plan Width": 4,
                          "Actual Startup Time": 0.044,
                          "Actual Total Time": 97.487,
                          "Actual Rows": 15060,
                          "Actual Loops": 4,
                          "Filter": "((kind_id > 1) AND (production_year < 1961))",
                          "Rows Removed by Filter": 617018
                        }
                      ]
                    }
                  ]
                }
              ]
            }
          ]
        }
      ]
    },
    "Planning Time": 0.668,
    "Triggers": [],
    "Execution Time": 298.847
  }
]