[
  {
    "Plan": {
      "Node Type": "Aggregate",
      "Strategy": "Plain",
      "Partial Mode": "Finalize",
      "Parallel Aware": false,
      "Startup Cost": 45090.05,
      "Total Cost": 45090.06,
      "Plan Rows": 1,
      "Plan Width": 8,
      "Actual Startup Time": 132.34,
      "Actual Total Time": 141.81,
      "Actual Rows": 1,
      "Actual Loops": 1,
      "Plans": [
        {
          "Node Type": "Gather",
          "Parent Relationship": "Outer",
          "Parallel Aware": false,
          "Startup Cost": 45089.74,
          "Total Cost": 45090.05,
          "Plan Rows": 3,
          "Plan Width": 8,
          "Actual Startup Time": 132.189,
          "Actual Total Time": 141.8,
          "Actual Rows": 4,
          "Actual Loops": 1,
          "Workers Planned": 3,
          "Workers Launched": 3,
          "Single Copy": false,
          "Plans": [
            {
              "Node Type": "Aggregate",
              "Strategy": "Plain",
              "Partial Mode": "Partial",
              "Parent Relationship": "Outer",
              "Parallel Aware": false,
              "Startup Cost": 44089.74,
              "Total Cost": 44089.75,
              "Plan Rows": 1,
              "Plan Width": 8,
              "Actual Startup Time": 125.413,
              "Actual Total Time": 125.415,
              "Actual Rows": 1,
              "Actual Loops": 4,
              "Plans": [
                {
                  "Node Type": "Seq Scan",
                  "Parent Relationship": "Outer",
                  "Parallel Aware": true,
                  "Relation Name": "movie_keyword",
                  "Alias": "mk",
                  "Startup Cost": 0.0,
                  "Total Cost": 42695.65,
                  "Plan Rows": 557633,
                  "Plan Width": 0,
                  "Actual Startup Time": 0.382,
                  "Actual Total Time": 105.881,
                  "Actual Rows": 428861,
                  "Actual Loops": 4,
                  "Filter": "(keyword_id > 8287)",
                  "Rows Removed by Filter": 702121
                }
              ]
            }
          ]
        }
      ]
    },
    "Planning Time": 0.068,
    "Triggers": [],
    "Execution Time": 141.836
  }
]