[
  {
    "Plan": {
      "Node Type": "Aggregate",
      "Strategy": "Plain",
      "Partial Mode": "Finalize",
      "Parallel Aware": false,
      "Startup Cost": 79894.23,
      "Total Cost": 79894.24,
      "Plan Rows": 1,
      "Plan Width": 8,
      "Actual Startup Time": 264.697,
      "Actual Total Time": 280.772,
      "Actual Rows": 1,
      "Actual Loops": 1,
      "Plans": [
        {
          "Node Type": "Gather",
          "Parent Relationship": "Outer",
          "Parallel Aware": false,
          "Startup Cost": 79893.81,
          "Total Cost": 79894.22,
          "Plan Rows": 4,
          "Plan Width": 8,
          "Actual Startup Time": 262.796,
          "Actual Total Time": 280.763,
          "Actual Rows": 5,
          "Actual Loops": 1,
          "Workers Planned": 4,
          "Workers Launched": 4,
          "Single Copy": false,
          "Plans": [
            {
              "Node Type": "Aggregate",
              "Strategy": "Plain",
              "Partial Mode": "Partial",
              "Parent Relationship": "Outer",
              "Parallel Aware": false,
              "Startup Cost": 78893.81,
              "Total Cost": 78893.82,
              "Plan Rows": 1,
              "Plan Width": 8,
              "Actual Startup Time": 253.233,
              "Actual Total Time": 253.236,
              "Actual Rows": 1,
              "Actual Loops": 5,
              "Plans": [
                {
                  "Node Type": "Hash Join",
                  "Parent Relationship": "Outer",
                  "Parallel Aware": true,
                  "Join Type": "Inner",
                  "Startup Cost": 32890.76,
                  "Total Cost": 78665.04,
                  "Plan Rows": 91508,
                  "Plan Width": 0,
                  "Actual Startup Time": 89.415,
                  "Actual Total Time": 250.532,
                  "Actual Rows": 41961,
                  "Actual Loops": 5,
                  "Inner Unique": false,
                  "Hash Cond": "(t.id = mc.movie_id)",
                  "Plans": [
                    {
                      "Node Type": "Seq Scan",
                      "Parent Relationship": "Outer",
                      "Parallel Aware": true,
                      "Relation Name": "title",
                      "Alias": "t",
                      "Startup Cost": 0.0,
                      "Total Cost": 42318.73,
                      "Plan Rows": 632073,
                      "Plan Width": 4,
                      "Actual Startup Time": 0.013,
                      "Actual Total Time": 70.235,
                      "Actual Rows": 505662,
                      "Actual Loops": 5
                    },
                    {
                      "Node Type": "Hash",
                      "Parent Relationship": "Inner",
                      "Parallel Aware": true,
                      "Startup Cost": 31414.82,
                      "Total Cost": 31414.82,
                      "Plan Rows": 118075,
                      "Plan Width": 4,
                      "Actual Startup Time": 86.369,
                      "Actual Total Time": 86.37,
                      "Actual Rows": 41961,
                      "Actual Loops": 5,
                      "Hash Buckets": 524288,
                      "Original Hash Buckets": 524288,
                      "Hash Batches": 1,
                      "Original Hash Batches": 1,
                      "Peak Memory Usage": 12384,
                      "Plans": [
                        {
                          "Node Type": "Seq Scan",
                          "Parent Relationship": "Outer",
                          "Parallel Aware": true,
                          "Relation Name": "movie_companies",
                          "Alias": "mc",
                          "Startup Cost": 0.0,
                          "Total Cost": 31414.82,
                          "Plan Rows": 118075,
                          "Plan Width": 4,
                          "Actual Startup Time": 43.171,
                          "Actual Total Time": 71.312,
                          "Actual Rows": 41961,
                          "Actual Loops": 5,
                          "Filter": "((company_id < 1394) AND (company_type_id = 2))",
                          "Rows Removed by Filter": 479865
                        }
                      ]
                    }
                  ]
                }
              ]
            }
          ]
        }
      ]
    },
    "Planning Time": 0.704,
    "Triggers": [],
    "Execution Time": 280.845
  }
]