[
  {
    "Plan": {
      "Node Type": "Aggregate",
      "Strategy": "Plain",
      "Partial Mode": "Finalize",
      "Parallel Aware": false,
      "Startup Cost": 369600.16,
      "Total Cost": 369600.17,
      "Plan Rows": 1,
      "Plan Width": 8,
      "Actual Startup Time": 3023.659,
      "Actual Total Time": 3104.484,
      "Actual Rows": 1,
      "Actual Loops": 1,
      "Plans": [
        {
          "Node Type": "Gather",
          "Parent Relationship": "Outer",
          "Parallel Aware": false,
          "Startup Cost": 369599.74,
          "Total Cost": 369600.15,
          "Plan Rows": 4,
          "Plan Width": 8,
          "Actual Startup Time": 3021.615,
          "Actual Total Time": 3104.475,
          "Actual Rows": 5,
          "Actual Loops": 1,
          "Workers Planned": 4,
          "Workers Launched": 4,
          "Single Copy": false,
          "Plans": [
            {
              "Node Type": "Aggregate",
              "Strategy": "Plain",
              "Partial Mode": "Partial",
              "Parent Relationship": "Outer",
              "Parallel Aware": false,
              "Startup Cost": 368599.74,
              "Total Cost": 368599.75,
              "Plan Rows": 1,
              "Plan Width": 8,
              "Actual Startup Time": 3011.681,
              "Actual Total Time": 3011.683,
              "Actual Rows": 1,
              "Actual Loops": 5,
              "Plans": [
                {
                  "Node Type": "Nested Loop",
                  "Parent Relationship": "Outer",
                  "Parallel Aware": false,
                  "Join Type": "Inner",
                  "Startup Cost": 3.44,
                  "Total Cost": 366420.65,
                  "Plan Rows": 871639,
                  "Plan Width": 0,
                  "Actual Startup Time": 3.456,
                  "Actual Total Time": 2914.683,
                  "Actual Rows": 2016889,
                  "Actual Loops": 5,
                  "Inner Unique": false,
                  "Join Filter": "(t.id = ci.movie_id)",
                  "Rows Removed by Join Filter": 0,
                  "Plans": [
                    {
                      "Node Type": "Merge Join",
                      "Parent Relationship": "Outer",
                      "Parallel Aware": false,
                      "Join Type": "Inner",
                      "Startup Cost": 2.88,
                      "Total Cost": 152634.69,
                      "Plan Rows": 76985,
                      "Plan Width": 8,
                      "Actual Startup Time": 3.045,
                      "Actual Total Time": 735.658,
                      "Actual Rows": 92128,
                      "Actual Loops": 5,
                      "Inner Unique": false,
                      "Merge Cond": "(t.id = mi_idx.movie_id)",
                      "Plans": [
                        {
                          "Node Type": "Index Scan",
                          "Parent Relationship": "Outer",
                          "Parallel Aware": true,
                          "Scan Direction": "Forward",
                          "Index Name": "title_pkey",
                          "Relation Name": "title",
                          "Alias": "t",
                          "Startup Cost": 0.43,
                          "Total Cost": 94538.14,
                          "Plan Rows": 141040,
                          "Plan Width": 4,
                          "Actual Startup Time": 1.387,
                          "Actual Total Time": 368.259,
                          "Actual Rows": 95363,
                          "Actual Loops": 5,
                          "Filter": "((kind_id < 7) AND (production_year > 1999))",
                          "Rows Removed by Filter": 409824
                        },
                        {
                          "Node Type": "Index Only Scan",
                          "Parent Relationship": "Inner",
                          "Parallel Aware": false,
                          "Scan Direction": "Forward",
                          "Index Name": "movie_id_movie_info_idx",
                          "Relation Name": "movie_info_idx",
                          "Alias": "mi_idx",
                          "Startup Cost": 0.43,
                          "Total Cost": 53620.22,
                          "Plan Rows": 1380035,
                          "Plan Width": 4,
                          "Actual Startup Time": 0.2,
                          "Actual Total Time": 284.331,
                          "Actual Rows": 1380035,
                          "Actual Loops": 5,
                          "Heap Fetches": 6900175
                        }
                      ]
                    },
                    {
                      "Node Type": "Index Scan",
                      "Parent Relationship": "Inner",
                      "Parallel Aware": false,
                      "Scan Direction": "Forward",
                      "Index Name": "movie_id_cast_info",
                      "Relation Name": "cast_info",
                      "Alias": "ci",
                      "Startup Cost": 0.56,
                      "Total Cost": 2.41,
                      "Plan Rows": 29,
                      "Plan Width": 4,
                      "Actual Startup Time": 0.006,
                      "Actual Total Time": 0.021,
                      "Actual Rows": 22,
                      "Actual Loops": 460642,
                      "Index Cond": "(movie_id = mi_idx.movie_id)",
                      "Rows Removed by Index Recheck": 0,
                      "Filter": "(person_id > 758114)",
                      "Rows Removed by Filter": 6
                    }
                  ]
                }
              ]
            }
          ]
        }
      ]
    },
    "Planning Time": 1.352,
    "Triggers": [],
    "Execution Time": 3104.605
  }
]