{
  "Plan": {
    "Node Type": "Aggregate",
    "Strategy": "Plain",
    "Partial Mode": "Finalize",
    "Parallel Aware": false,
    "Startup Cost": 96811.68,
    "Total Cost": 96811.69,
    "Plan Rows": 1,
    "Plan Width": 8,
    "Actual Startup Time": 345.269,
    "Actual Total Time": 361.431,
    "Actual Rows": 1,
    "Actual Loops": 1,
    "Plans": [
      {
        "Node Type": "Gather",
        "Parent Relationship": "Outer",
        "Parallel Aware": false,
        "Startup Cost": 96811.57,
        "Total Cost": 96811.68,
        "Plan Rows": 1,
        "Plan Width": 8,
        "Actual Startup Time": 345.122,
        "Actual Total Time": 361.425,
        "Actual Rows": 2,
        "Actual Loops": 1,
        "Workers Planned": 1,
        "Workers Launched": 1,
        "Single Copy": false,
        "Plans": [
          {
            "Node Type": "Aggregate",
            "Strategy": "Plain",
            "Partial Mode": "Partial",
            "Parent Relationship": "Outer",
            "Parallel Aware": false,
            "Startup Cost": 95811.57,
            "Total Cost": 95811.58,
            "Plan Rows": 1,
            "Plan Width": 8,
            "Actual Startup Time": 339.342,
            "Actual Total Time": 339.345,
            "Actual Rows": 1,
            "Actual Loops": 2,
            "Plans": [
              {
                "Node Type": "Hash Join",
                "Parent Relationship": "Outer",
                "Parallel Aware": true,
                "Join Type": "Inner",
                "Startup Cost": 54778.63,
                "Total Cost": 95782.05,
                "Plan Rows": 11807,
                "Plan Width": 0,
                "Actual Startup Time": 139.118,
                "Actual Total Time": 338.813,
                "Actual Rows": 9706,
                "Actual Loops": 2,
                "Inner Unique": true,
                "Hash Cond": "(mc.movie_id = t.id)",
                "Plans": [
                  {
                    "Node Type": "Seq Scan",
                    "Parent Relationship": "Outer",
                    "Parallel Aware": true,
                    "Relation Name": "movie_companies",
                    "Alias": "mc",
                    "Startup Cost": 0.0,
                    "Total Cost": 37974.77,
                    "Plan Rows": 1153772,
                    "Plan Width": 4,
                    "Actual Startup Time": 0.331,
                    "Actual Total Time": 119.471,
                    "Actual Rows": 982926,
                    "Actual Loops": 2,
                    "Filter": "(company_id > 858)",
                    "Rows Removed by Filter": 321639
                  },
                  {
                    "Node Type": "Hash",
                    "Parent Relationship": "Inner",
                    "Parallel Aware": true,
                    "Startup Cost": 54588.39,
                    "Total Cost": 54588.39,
                    "Plan Rows": 15219,
                    "Plan Width": 4,
                    "Actual Startup Time": 137.427,
                    "Actual Total Time": 137.428,
                    "Actual Rows": 13388,
                    "Actual Loops": 2,
                    "Hash Buckets": 32768,
                    "Original Hash Buckets": 32768,
                    "Hash Batches": 1,
                    "Original Hash Batches": 1,
                    "Peak Memory Usage": 1344,
                    "Plans": [
                      {
                        "Node Type": "Seq Scan",
                        "Parent Relationship": "Outer",
                        "Parallel Aware": true,
                        "Relation Name": "title",
                        "Alias": "t",
                        "Startup Cost": 0.0,
                        "Total Cost": 54588.39,
                        "Plan Rows": 15219,
                        "Plan Width": 4,
                        "Actual Startup Time": 0.082,
                        "Actual Total Time": 132.738,
                        "Actual Rows": 13388,
                        "Actual Loops": 2,
                        "Filter": "(production_year = 1993)",
                        "Rows Removed by Filter": 1250768
                      }
                    ]
                  }
                ]
              }
            ]
          }
        ]
      }
    ]
  },
  "Planning Time": 0.447,
  "Triggers": [],
  "Execution Time": 361.504
}