{
  "Plan": {
    "Node Type": "Aggregate",
    "Strategy": "Plain",
    "Partial Mode": "Finalize",
    "Parallel Aware": false,
    "Startup Cost": 120135.91,
    "Total Cost": 120135.92,
    "Plan Rows": 1,
    "Plan Width": 8,
    "Actual Startup Time": 405.683,
    "Actual Total Time": 422.642,
    "Actual Rows": 1,
    "Actual Loops": 1,
    "Plans": [
      {
        "Node Type": "Gather",
        "Parent Relationship": "Outer",
        "Parallel Aware": false,
        "Startup Cost": 120135.8,
        "Total Cost": 120135.91,
        "Plan Rows": 1,
        "Plan Width": 8,
        "Actual Startup Time": 405.352,
        "Actual Total Time": 422.635,
        "Actual Rows": 2,
        "Actual Loops": 1,
        "Workers Planned": 1,
        "Workers Launched": 1,
        "Single Copy": false,
        "Plans": [
          {
            "Node Type": "Aggregate",
            "Strategy": "Plain",
            "Partial Mode": "Partial",
            "Parent Relationship": "Outer",
            "Parallel Aware": false,
            "Startup Cost": 119135.8,
            "Total Cost": 119135.81,
            "Plan Rows": 1,
            "Plan Width": 8,
            "Actual Startup Time": 399.407,
            "Actual Total Time": 399.411,
            "Actual Rows": 1,
            "Actual Loops": 2,
            "Plans": [
              {
                "Node Type": "Hash Join",
                "Parent Relationship": "Outer",
                "Parallel Aware": true,
                "Join Type": "Inner",
                "Startup Cost": 58670.53,
                "Total Cost": 119085.5,
                "Plan Rows": 20119,
                "Plan Width": 0,
                "Actual Startup Time": 199.862,
                "Actual Total Time": 397.701,
                "Actual Rows": 39864,
                "Actual Loops": 2,
                "Inner Unique": true,
                "Hash Cond": "(mk.movie_id = t.id)",
                "Plans": [
                  {
                    "Node Type": "Seq Scan",
                    "Parent Relationship": "Outer",
                    "Parallel Aware": true,
                    "Relation Name": "movie_keyword",
                    "Alias": "mk",
                    "Startup Cost": 0.0,
                    "Total Cost": 57718.19,
                    "Plan Rows": 1027346,
                    "Plan Width": 4,
                    "Actual Startup Time": 0.014,
                    "Actual Total Time": 168.188,
                    "Actual Rows": 878843,
                    "Actual Loops": 2,
                    "Filter": "(keyword_id < 2862)",
                    "Rows Removed by Filter": 1383122
                  },
                  {
                    "Node Type": "Hash",
                    "Parent Relationship": "Inner",
                    "Parallel Aware": true,
                    "Startup Cost": 58306.47,
                    "Total Cost": 58306.47,
                    "Plan Rows": 29125,
                    "Plan Width": 4,
                    "Actual Startup Time": 156.281,
                    "Actual Total Time": 156.283,
                    "Actual Rows": 63928,
                    "Actual Loops": 2,
                    "Hash Buckets": 131072,
                    "Original Hash Buckets": 65536,
                    "Hash Batches": 1,
                    "Original Hash Batches": 1,
                    "Peak Memory Usage": 6560,
                    "Plans": [
                      {
                        "Node Type": "Seq Scan",
                        "Parent Relationship": "Outer",
                        "Parallel Aware": true,
                        "Relation Name": "title",
                        "Alias": "t",
                        "Startup Cost": 0.0,
                        "Total Cost": 58306.47,
                        "Plan Rows": 29125,
                        "Plan Width": 4,
                        "Actual Startup Time": 87.468,
                        "Actual Total Time": 142.779,
                        "Actual Rows": 63928,
                        "Actual Loops": 2,
                        "Filter": "((kind_id < 7) AND (production_year < 1935))",
                        "Rows Removed by Filter": 1200228
                      }
                    ]
                  }
                ]
              }
            ]
          }
        ]
      }
    ]
  },
  "Planning Time": 0.464,
  "Triggers": [],
  "Execution Time": 422.711
}