{
  "Plan": {
    "Node Type": "Aggregate",
    "Strategy": "Plain",
    "Partial Mode": "Finalize",
    "Parallel Aware": false,
    "Startup Cost": 551174.8,
    "Total Cost": 551174.81,
    "Plan Rows": 1,
    "Plan Width": 8,
    "Actual Startup Time": 1446.95,
    "Actual Total Time": 1472.526,
    "Actual Rows": 1,
    "Actual Loops": 1,
    "Plans": [
      {
        "Node Type": "Gather",
        "Parent Relationship": "Outer",
        "Parallel Aware": false,
        "Startup Cost": 551174.69,
        "Total Cost": 551174.8,
        "Plan Rows": 1,
        "Plan Width": 8,
        "Actual Startup Time": 1443.823,
        "Actual Total Time": 1472.519,
        "Actual Rows": 2,
        "Actual Loops": 1,
        "Workers Planned": 1,
        "Workers Launched": 1,
        "Single Copy": false,
        "Plans": [
          {
            "Node Type": "Aggregate",
            "Strategy": "Plain",
            "Partial Mode": "Partial",
            "Parent Relationship": "Outer",
            "Parallel Aware": false,
            "Startup Cost": 550174.69,
            "Total Cost": 550174.7,
            "Plan Rows": 1,
            "Plan Width": 8,
            "Actual Startup Time": 1435.39,
            "Actual Total Time": 1435.398,
            "Actual Rows": 1,
            "Actual Loops": 2,
            "Plans": [
              {
                "Node Type": "Merge Join",
                "Parent Relationship": "Outer",
                "Parallel Aware": false,
                "Join Type": "Inner",
                "Startup Cost": 545014.37,
                "Total Cost": 550032.19,
                "Plan Rows": 56999,
                "Plan Width": 0,
                "Actual Startup Time": 1290.607,
                "Actual Total Time": 1428.197,
                "Actual Rows": 161258,
                "Actual Loops": 2,
                "Inner Unique": false,
                "Merge Cond": "(t.id = mc.movie_id)",
                "Plans": [
                  {
                    "Node Type": "Sort",
                    "Parent Relationship": "Outer",
                    "Parallel Aware": false,
                    "Startup Cost": 437546.46,
                    "Total Cost": 438078.73,
                    "Plan Rows": 212906,
                    "Plan Width": 8,
                    "Actual Startup Time": 1018.513,
                    "Actual Total Time": 1052.582,
                    "Actual Rows": 368948,
                    "Actual Loops": 2,
                    "Sort Key": [
                      "t.id"
                    ],
                    "Sort Method": "quicksort",
                    "Sort Space Used": 29885,
                    "Sort Space Type": "Memory",
                    "Workers": [
                      {
                        "Worker Number": 0,
                        "Sort Method": "quicksort",
                        "Sort Space Used": 29282,
                        "Sort Space Type": "Memory"
                      }
                    ],
                    "Plans": [
                      {
                        "Node Type": "Hash Join",
                        "Parent Relationship": "Outer",
                        "Parallel Aware": true,
                        "Join Type": "Inner",
                        "Startup Cost": 134420.03,
                        "Total Cost": 418704.43,
                        "Plan Rows": 212906,
                        "Plan Width": 8,
                        "Actual Startup Time": 385.708,
                        "Actual Total Time": 921.832,
                        "Actual Rows": 368969,
                        "Actual Loops": 2,
                        "Inner Unique": true,
                        "Hash Cond": "(ci.movie_id = t.id)",
                        "Plans": [
                          {
                            "Node Type": "Bitmap Heap Scan",
                            "Parent Relationship": "Outer",
                            "Parallel Aware": true,
                            "Relation Name": "cast_info",
                            "Alias": "ci",
                            "Startup Cost": 74046.57,
                            "Total Cost": 356535.01,
                            "Plan Rows": 684175,
                            "Plan Width": 4,
                            "Actual Startup Time": 123.333,
                            "Actual Total Time": 352.576,
                            "Actual Rows": 1253574,
                            "Actual Loops": 2,
                            "Recheck Cond": "(person_id < 334753)",
                            "Rows Removed by Index Recheck": 0,
                            "Filter": "(role_id = 1)",
                            "Rows Removed by Filter": 491494,
                            "Exact Heap Blocks": 20281,
                            "Lossy Heap Blocks": 0,
                            "Plans": [
                              {
                                "Node Type": "Bitmap Index Scan",
                                "Parent Relationship": "Outer",
                                "Parallel Aware": false,
                                "Index Name": "person_id_cast_info",
                                "Startup Cost": 0.0,
                                "Total Cost": 73755.79,
                                "Plan Rows": 3377497,
                                "Plan Width": 0,
                                "Actual Startup Time": 117.345,
                                "Actual Total Time": 117.346,
                                "Actual Rows": 3490136,
                                "Actual Loops": 1,
                                "Index Cond": "(person_id < 334753)"
                              }
                            ]
                          },
                          {
                            "Node Type": "Hash",
                            "Parent Relationship": "Inner",
                            "Parallel Aware": true,
                            "Startup Cost": 54588.39,
                            "Total Cost": 54588.39,
                            "Plan Rows": 462806,
                            "Plan Width": 4,
                            "Actual Startup Time": 253.223,
                            "Actual Total Time": 253.224,
                            "Actual Rows": 392463,
                            "Actual Loops": 2,
                            "Hash Buckets": 1048576,
                            "Original Hash Buckets": 1048576,
                            "Hash Batches": 1,
                            "Original Hash Batches": 1,
                            "Peak Memory Usage": 38944,
                            "Plans": [
                              {
                                "Node Type": "Seq Scan",
                                "Parent Relationship": "Outer",
                                "Parallel Aware": true,
                                "Relation Name": "title",
                                "Alias": "t",
                                "Startup Cost": 0.0,
                                "Total Cost": 54588.39,
                                "Plan Rows": 462806,
                                "Plan Width": 4,
                                "Actual Startup Time": 0.032,
                                "Actual Total Time": 154.055,
                                "Actual Rows": 392463,
                                "Actual Loops": 2,
                                "Filter": "(production_year > 2007)",
                                "Rows Removed by Filter": 871693
                              }
                            ]
                          }
                        ]
                      }
                    ]
                  },
                  {
                    "Node Type": "Sort",
                    "Parent Relationship": "Inner",
                    "Parallel Aware": false,
                    "Startup Cost": 107467.89,
                    "Total Cost": 109160.09,
                    "Plan Rows": 676878,
                    "Plan Width": 4,
                    "Actual Startup Time": 272.076,
                    "Actual Total Time": 303.567,
                    "Actual Rows": 755757,
                    "Actual Loops": 2,
                    "Sort Key": [
                      "mc.movie_id"
                    ],
                    "Sort Method": "quicksort",
                    "Sort Space Used": 55987,
                    "Sort Space Type": "Memory",
                    "Workers": [
                      {
                        "Worker Number": 0,
                        "Sort Method": "quicksort",
                        "Sort Space Used": 55987,
                        "Sort Space Type": "Memory"
                      }
                    ],
                    "Plans": [
                      {
                        "Node Type": "Bitmap Heap Scan",
                        "Parent Relationship": "Outer",
                        "Parallel Aware": false,
                        "Relation Name": "movie_companies",
                        "Alias": "mc",
                        "Startup Cost": 14666.23,
                        "Total Cost": 41917.21,
                        "Plan Rows": 676878,
                        "Plan Width": 4,
                        "Actual Startup Time": 26.31,
                        "Actual Total Time": 131.315,
                        "Actual Rows": 670090,
                        "Actual Loops": 2,
                        "Recheck Cond": "(company_id < 1070)",
                        "Rows Removed by Index Recheck": 0,
                        "Exact Heap Blocks": 18534,
                        "Lossy Heap Blocks": 0,
                        "Plans": [
                          {
                            "Node Type": "Bitmap Index Scan",
                            "Parent Relationship": "Outer",
                            "Parallel Aware": false,
                            "Index Name": "company_id_movie_companies",
                            "Startup Cost": 0.0,
                            "Total Cost": 14497.01,
                            "Plan Rows": 676878,
                            "Plan Width": 0,
                            "Actual Startup Time": 24.049,
                            "Actual Total Time": 24.049,
                            "Actual Rows": 670090,
                            "Actual Loops": 2,
                            "Index Cond": "(company_id < 1070)"
                          }
                        ]
                      }
                    ]
                  }
                ]
              }
            ]
          }
        ]
      }
    ]
  },
  "Planning Time": 1.159,
  "Triggers": [],
  "Execution Time": 1477.244
}