[
    {
        "Bao": {
            "Bao prediction": "NaN",
            "Bao recommended hint": "(no hint)"
        }
    },
    {
        "Plan": {
            "Node Type": "Aggregate",
            "Strategy": "Plain",
            "Partial Mode": "Finalize",
            "Parallel Aware": false,
            "Startup Cost": 225252.18,
            "Total Cost": 225252.19,
            "Plan Rows": 1,
            "Plan Width": 8,
            "Actual Startup Time": 47.93,
            "Actual Total Time": 52.809,
            "Actual Rows": 1,
            "Actual Loops": 1,
            "Output": [
                "count(*)"
            ],
            "Plans": [
                {
                    "Node Type": "Gather",
                    "Parent Relationship": "Outer",
                    "Parallel Aware": false,
                    "Startup Cost": 225251.76,
                    "Total Cost": 225252.17,
                    "Plan Rows": 4,
                    "Plan Width": 8,
                    "Actual Startup Time": 47.62,
                    "Actual Total Time": 52.802,
                    "Actual Rows": 5,
                    "Actual Loops": 1,
                    "Output": [
                        "(PARTIAL count(*))"
                    ],
                    "Workers Planned": 4,
                    "Workers Launched": 4,
                    "Single Copy": false,
                    "Plans": [
                        {
                            "Node Type": "Aggregate",
                            "Strategy": "Plain",
                            "Partial Mode": "Partial",
                            "Parent Relationship": "Outer",
                            "Parallel Aware": false,
                            "Startup Cost": 224251.76,
                            "Total Cost": 224251.77,
                            "Plan Rows": 1,
                            "Plan Width": 8,
                            "Actual Startup Time": 37.371,
                            "Actual Total Time": 37.374,
                            "Actual Rows": 1,
                            "Actual Loops": 5,
                            "Output": [
                                "PARTIAL count(*)"
                            ],
                            "Workers": [
                                {
                                    "Worker Number": 0,
                                    "Actual Startup Time": 34.423,
                                    "Actual Total Time": 34.425,
                                    "Actual Rows": 1,
                                    "Actual Loops": 1
                                },
                                {
                                    "Worker Number": 1,
                                    "Actual Startup Time": 35.022,
                                    "Actual Total Time": 35.024,
                                    "Actual Rows": 1,
                                    "Actual Loops": 1
                                },
                                {
                                    "Worker Number": 2,
                                    "Actual Startup Time": 35.19,
                                    "Actual Total Time": 35.198,
                                    "Actual Rows": 1,
                                    "Actual Loops": 1
                                },
                                {
                                    "Worker Number": 3,
                                    "Actual Startup Time": 35.399,
                                    "Actual Total Time": 35.4,
                                    "Actual Rows": 1,
                                    "Actual Loops": 1
                                }
                            ],
                            "Plans": [
                                {
                                    "Node Type": "Nested Loop",
                                    "Parent Relationship": "Outer",
                                    "Parallel Aware": false,
                                    "Join Type": "Inner",
                                    "Startup Cost": 2112.38,
                                    "Total Cost": 224173.92,
                                    "Plan Rows": 31136,
                                    "Plan Width": 0,
                                    "Actual Startup Time": 19.395,
                                    "Actual Total Time": 37.358,
                                    "Actual Rows": 58,
                                    "Actual Loops": 5,
                                    "Inner Unique": false,
                                    "Workers": [
                                        {
                                            "Worker Number": 0,
                                            "Actual Startup Time": 15.181,
                                            "Actual Total Time": 34.412,
                                            "Actual Rows": 19,
                                            "Actual Loops": 1
                                        },
                                        {
                                            "Worker Number": 1,
                                            "Actual Startup Time": 29.825,
                                            "Actual Total Time": 35.013,
                                            "Actual Rows": 21,
                                            "Actual Loops": 1
                                        },
                                        {
                                            "Worker Number": 2,
                                            "Actual Startup Time": 14.538,
                                            "Actual Total Time": 35.183,
                                            "Actual Rows": 31,
                                            "Actual Loops": 1
                                        },
                                        {
                                            "Worker Number": 3,
                                            "Actual Startup Time": 21.122,
                                            "Actual Total Time": 35.384,
                                            "Actual Rows": 41,
                                            "Actual Loops": 1
                                        }
                                    ],
                                    "Plans": [
                                        {
                                            "Node Type": "Bitmap Heap Scan",
                                            "Parent Relationship": "Outer",
                                            "Parallel Aware": true,
                                            "Relation Name": "title",
                                            "Schema": "public",
                                            "Alias": "t",
                                            "Startup Cost": 2111.94,
                                            "Total Cost": 38553.03,
                                            "Plan Rows": 5335,
                                            "Plan Width": 4,
                                            "Actual Startup Time": 19.275,
                                            "Actual Total Time": 36.686,
                                            "Actual Rows": 9,
                                            "Actual Loops": 5,
                                            "Output": [
                                                "t.id",
                                                "t.title",
                                                "t.imdb_index",
                                                "t.kind_id",
                                                "t.production_year",
                                                "t.imdb_id",
                                                "t.phonetic_code",
                                                "t.episode_of_id",
                                                "t.season_nr",
                                                "t.episode_nr",
                                                "t.series_years",
                                                "t.md5sum"
                                            ],
                                            "Recheck Cond": "(t.kind_id = 4)",
                                            "Rows Removed by Index Recheck": 0,
                                            "Filter": "(t.production_year < 1976)",
                                            "Rows Removed by Filter": 23638,
                                            "Exact Heap Blocks": 6095,
                                            "Lossy Heap Blocks": 0,
                                            "Workers": [
                                                {
                                                    "Worker Number": 0,
                                                    "Actual Startup Time": 15.021,
                                                    "Actual Total Time": 33.778,
                                                    "Actual Rows": 4,
                                                    "Actual Loops": 1
                                                },
                                                {
                                                    "Worker Number": 1,
                                                    "Actual Startup Time": 29.727,
                                                    "Actual Total Time": 34.63,
                                                    "Actual Rows": 3,
                                                    "Actual Loops": 1
                                                },
                                                {
                                                    "Worker Number": 2,
                                                    "Actual Startup Time": 14.346,
                                                    "Actual Total Time": 34.315,
                                                    "Actual Rows": 4,
                                                    "Actual Loops": 1
                                                },
                                                {
                                                    "Worker Number": 3,
                                                    "Actual Startup Time": 20.992,
                                                    "Actual Total Time": 34.503,
                                                    "Actual Rows": 6,
                                                    "Actual Loops": 1
                                                }
                                            ],
                                            "Plans": [
                                                {
                                                    "Node Type": "Bitmap Index Scan",
                                                    "Parent Relationship": "Outer",
                                                    "Parallel Aware": false,
                                                    "Index Name": "kind_id_title",
                                                    "Startup Cost": 0.0,
                                                    "Total Cost": 2106.61,
                                                    "Plan Rows": 118157,
                                                    "Plan Width": 0,
                                                    "Actual Startup Time": 8.435,
                                                    "Actual Total Time": 8.435,
                                                    "Actual Rows": 118234,
                                                    "Actual Loops": 1,
                                                    "Index Cond": "(t.kind_id = 4)"
                                                }
                                            ]
                                        },
                                        {
                                            "Node Type": "Index Only Scan",
                                            "Parent Relationship": "Inner",
                                            "Parallel Aware": false,
                                            "Scan Direction": "Forward",
                                            "Index Name": "movie_id_movie_info",
                                            "Relation Name": "movie_info",
                                            "Schema": "public",
                                            "Alias": "mi",
                                            "Startup Cost": 0.43,
                                            "Total Cost": 34.4,
                                            "Plan Rows": 39,
                                            "Plan Width": 4,
                                            "Actual Startup Time": 0.035,
                                            "Actual Total Time": 0.072,
                                            "Actual Rows": 6,
                                            "Actual Loops": 45,
                                            "Output": [
                                                "mi.movie_id"
                                            ],
                                            "Index Cond": "(mi.movie_id = t.id)",
                                            "Rows Removed by Index Recheck": 0,
                                            "Heap Fetches": 288,
                                            "Workers": [
                                                {
                                                    "Worker Number": 0,
                                                    "Actual Startup Time": 0.087,
                                                    "Actual Total Time": 0.153,
                                                    "Actual Rows": 5,
                                                    "Actual Loops": 4
                                                },
                                                {
                                                    "Worker Number": 1,
                                                    "Actual Startup Time": 0.061,
                                                    "Actual Total Time": 0.124,
                                                    "Actual Rows": 7,
                                                    "Actual Loops": 3
                                                },
                                                {
                                                    "Worker Number": 2,
                                                    "Actual Startup Time": 0.091,
                                                    "Actual Total Time": 0.211,
                                                    "Actual Rows": 8,
                                                    "Actual Loops": 4
                                                },
                                                {
                                                    "Worker Number": 3,
                                                    "Actual Startup Time": 0.064,
                                                    "Actual Total Time": 0.143,
                                                    "Actual Rows": 7,
                                                    "Actual Loops": 6
                                                }
                                            ]
                                        }
                                    ]
                                }
                            ]
                        }
                    ]
                }
            ]
        },
        "Planning Time": 292.864,
        "Triggers": [],
        "Execution Time": 52.931
    }
]