[
  {
    "Plan": {
      "Node Type": "Aggregate",
      "Strategy": "Plain",
      "Partial Mode": "Simple",
      "Parallel Aware": false,
      "Startup Cost": 22114.77,
      "Total Cost": 22114.78,
      "Plan Rows": 1,
      "Plan Width": 64,
      "Actual Startup Time": 209.023,
      "Actual Total Time": 209.05,
      "Actual Rows": 1,
      "Actual Loops": 1,
      "Plans": [
        {
          "Node Type": "Nested Loop",
          "Parent Relationship": "Outer",
          "Parallel Aware": false,
          "Join Type": "Inner",
          "Startup Cost": 19024.16,
          "Total Cost": 22114.76,
          "Plan Rows": 1,
          "Plan Width": 27,
          "Actual Startup Time": 209.014,
          "Actual Total Time": 209.039,
          "Actual Rows": 0,
          "Actual Loops": 1,
          "Inner Unique": true,
          "Plans": [
            {
              "Node Type": "Nested Loop",
              "Parent Relationship": "Outer",
              "Parallel Aware": false,
              "Join Type": "Inner",
              "Startup Cost": 19023.73,
              "Total Cost": 22110.32,
              "Plan Rows": 1,
              "Plan Width": 31,
              "Actual Startup Time": 209.013,
              "Actual Total Time": 209.037,
              "Actual Rows": 0,
              "Actual Loops": 1,
              "Inner Unique": false,
              "Join Filter": "(t.id = mk.movie_id)",
              "Rows Removed by Join Filter": 0,
              "Plans": [
                {
                  "Node Type": "Nested Loop",
                  "Parent Relationship": "Outer",
                  "Parallel Aware": false,
                  "Join Type": "Inner",
                  "Startup Cost": 19022.9,
                  "Total Cost": 22104.32,
                  "Plan Rows": 1,
                  "Plan Width": 43,
                  "Actual Startup Time": 209.012,
                  "Actual Total Time": 209.035,
                  "Actual Rows": 0,
                  "Actual Loops": 1,
                  "Inner Unique": true,
                  "Join Filter": "(mi.info_type_id = it1.id)",
                  "Rows Removed by Join Filter": 0,
                  "Plans": [
                    {
                      "Node Type": "Nested Loop",
                      "Parent Relationship": "Outer",
                      "Parallel Aware": false,
                      "Join Type": "Inner",
                      "Startup Cost": 19022.9,
                      "Total Cost": 22101.89,
                      "Plan Rows": 1,
                      "Plan Width": 47,
                      "Actual Startup Time": 209.011,
                      "Actual Total Time": 209.033,
                      "Actual Rows": 0,
                      "Actual Loops": 1,
                      "Inner Unique": true,
                      "Join Filter": "(mc.company_type_id = ct.id)",
                      "Rows Removed by Join Filter": 0,
                      "Plans": [
                        {
                          "Node Type": "Nested Loop",
                          "Parent Relationship": "Outer",
                          "Parallel Aware": false,
                          "Join Type": "Inner",
                          "Startup Cost": 19022.9,
                          "Total Cost": 22100.8,
                          "Plan Rows": 1,
                          "Plan Width": 51,
                          "Actual Startup Time": 209.01,
                          "Actual Total Time": 209.032,
                          "Actual Rows": 0,
                          "Actual Loops": 1,
                          "Inner Unique": true,
                          "Plans": [
                            {
                              "Node Type": "Nested Loop",
                              "Parent Relationship": "Outer",
                              "Parallel Aware": false,
                              "Join Type": "Inner",
                              "Startup Cost": 19022.47,
                              "Total Cost": 22096.36,
                              "Plan Rows": 1,
                              "Plan Width": 55,
                              "Actual Startup Time": 209.009,
                              "Actual Total Time": 209.03,
                              "Actual Rows": 0,
                              "Actual Loops": 1,
                              "Inner Unique": false,
                              "Join Filter": "(t.id = mc.movie_id)",
                              "Rows Removed by Join Filter": 0,
                              "Plans": [
                                {
                                  "Node Type": "Nested Loop",
                                  "Parent Relationship": "Outer",
                                  "Parallel Aware": false,
                                  "Join Type": "Inner",
                                  "Startup Cost": 19021.72,
                                  "Total Cost": 22091.48,
                                  "Plan Rows": 1,
                                  "Plan Width": 43,
                                  "Actual Startup Time": 209.008,
                                  "Actual Total Time": 209.027,
                                  "Actual Rows": 0,
                                  "Actual Loops": 1,
                                  "Inner Unique": false,
                                  "Join Filter": "(t.id = mi.movie_id)",
                                  "Rows Removed by Join Filter": 0,
                                  "Plans": [
                                    {
                                      "Node Type": "Hash Join",
                                      "Parent Relationship": "Outer",
                                      "Parallel Aware": false,
                                      "Join Type": "Inner",
                                      "Startup Cost": 19019.37,
                                      "Total Cost": 21610.46,
                                      "Plan Rows": 43,
                                      "Plan Width": 35,
                                      "Actual Startup Time": 209.006,
                                      "Actual Total Time": 209.021,
                                      "Actual Rows": 0,
                                      "Actual Loops": 1,
                                      "Inner Unique": true,
                                      "Hash Cond": "(cc.status_id = cct1.id)",
                                      "Plans": [
                                        {
                                          "Node Type": "Hash Join",
                                          "Parent Relationship": "Outer",
                                          "Parallel Aware": false,
                                          "Join Type": "Inner",
                                          "Startup Cost": 19018.31,
                                          "Total Cost": 21608.47,
                                          "Plan Rows": 173,
                                          "Plan Width": 39,
                                          "Actual Startup Time": 151.554,
                                          "Actual Total Time": 208.911,
                                          "Actual Rows": 71,
                                          "Actual Loops": 1,
                                          "Inner Unique": false,
                                          "Hash Cond": "(cc.movie_id = t.id)",
                                          "Plans": [
                                            {
                                              "Node Type": "Seq Scan",
                                              "Parent Relationship": "Outer",
                                              "Parallel Aware": false,
                                              "Relation Name": "complete_cast",
                                              "Alias": "cc",
                                              "Startup Cost": 0.0,
                                              "Total Cost": 2081.86,
                                              "Plan Rows": 135086,
                                              "Plan Width": 8,
                                              "Actual Startup Time": 0.032,
                                              "Actual Total Time": 23.53,
                                              "Actual Rows": 135086,
                                              "Actual Loops": 1
                                            },
                                            {
                                              "Node Type": "Hash",
                                              "Parent Relationship": "Inner",
                                              "Parallel Aware": false,
                                              "Startup Cost": 18977.91,
                                              "Total Cost": 18977.91,
                                              "Plan Rows": 3232,
                                              "Plan Width": 31,
                                              "Actual Startup Time": 150.526,
                                              "Actual Total Time": 150.535,
                                              "Actual Rows": 24507,
                                              "Actual Loops": 1,
                                              "Hash Buckets": 32768,
                                              "Original Hash Buckets": 4096,
                                              "Hash Batches": 1,
                                              "Original Hash Batches": 1,
                                              "Peak Memory Usage": 1948,
                                              "Plans": [
                                                {
                                                  "Node Type": "Nested Loop",
                                                  "Parent Relationship": "Outer",
                                                  "Parallel Aware": false,
                                                  "Join Type": "Inner",
                                                  "Startup Cost": 7941.76,
                                                  "Total Cost": 18977.91,
                                                  "Plan Rows": 3232,
                                                  "Plan Width": 31,
                                                  "Actual Startup Time": 72.81,
                                                  "Actual Total Time": 136.167,
                                                  "Actual Rows": 24507,
                                                  "Actual Loops": 1,
                                                  "Inner Unique": false,
                                                  "Plans": [
                                                    {
                                                      "Node Type": "Seq Scan",
                                                      "Parent Relationship": "Outer",
                                                      "Parallel Aware": false,
                                                      "Relation Name": "kind_type",
                                                      "Alias": "kt",
                                                      "Startup Cost": 0.0,
                                                      "Total Cost": 1.09,
                                                      "Plan Rows": 1,
                                                      "Plan Width": 14,
                                                      "Actual Startup Time": 0.017,
                                                      "Actual Total Time": 0.028,
                                                      "Actual Rows": 1,
                                                      "Actual Loops": 1,
                                                      "Filter": "((kind)::text = 'movie'::text)",
                                                      "Rows Removed by Filter": 6
                                                    },
                                                    {
                                                      "Node Type": "Bitmap Heap Scan",
                                                      "Parent Relationship": "Inner",
                                                      "Parallel Aware": false,
                                                      "Relation Name": "title",
                                                      "Alias": "t",
                                                      "Startup Cost": 7941.76,
                                                      "Total Cost": 18939.12,
                                                      "Plan Rows": 3770,
                                                      "Plan Width": 25,
                                                      "Actual Startup Time": 72.781,
                                                      "Actual Total Time": 131.491,
                                                      "Actual Rows": 24507,
                                                      "Actual Loops": 1,
                                                      "Recheck Cond": "((production_year < 1910) AND (kind_id = kt.id))",
                                                      "Rows Removed by Index Recheck": 0,
                                                      "Exact Heap Blocks": 10780,
                                                      "Lossy Heap Blocks": 0,
                                                      "Plans": [
                                                        {
                                                          "Node Type": "BitmapAnd",
                                                          "Parent Relationship": "Outer",
                                                          "Parallel Aware": false,
                                                          "Startup Cost": 7941.76,
                                                          "Total Cost": 7941.76,
                                                          "Plan Rows": 3770,
                                                          "Plan Width": 0,
                                                          "Actual Startup Time": 70.713,
                                                          "Actual Total Time": 70.717,
                                                          "Actual Rows": 0,
                                                          "Actual Loops": 1,
                                                          "Plans": [
                                                            {
                                                              "Node Type": "Bitmap Index Scan",
                                                              "Parent Relationship": "Member",
                                                              "Parallel Aware": false,
                                                              "Index Name": "idx_title_production_year",
                                                              "Startup Cost": 0.0,
                                                              "Total Cost": 422.09,
                                                              "Plan Rows": 22622,
                                                              "Plan Width": 0,
                                                              "Actual Startup Time": 5.559,
                                                              "Actual Total Time": 5.56,
                                                              "Actual Rows": 24508,
                                                              "Actual Loops": 1,
                                                              "Index Cond": "(production_year < 1910)"
                                                            },
                                                            {
                                                              "Node Type": "Bitmap Index Scan",
                                                              "Parent Relationship": "Member",
                                                              "Parallel Aware": false,
                                                              "Index Name": "kind_id_title",
                                                              "Startup Cost": 0.0,
                                                              "Total Cost": 7512.82,
                                                              "Plan Rows": 421385,
                                                              "Plan Width": 0,
                                                              "Actual Startup Time": 64.454,
                                                              "Actual Total Time": 64.455,
                                                              "Actual Rows": 662825,
                                                              "Actual Loops": 1,
                                                              "Index Cond": "(kind_id = kt.id)"
                                                            }
                                                          ]
                                                        }
                                                      ]
                                                    }
                                                  ]
                                                }
                                              ]
                                            }
                                          ]
                                        },
                                        {
                                          "Node Type": "Hash",
                                          "Parent Relationship": "Inner",
                                          "Parallel Aware": false,
                                          "Startup Cost": 1.05,
                                          "Total Cost": 1.05,
                                          "Plan Rows": 1,
                                          "Plan Width": 4,
                                          "Actual Startup Time": 0.038,
                                          "Actual Total Time": 0.039,
                                          "Actual Rows": 1,
                                          "Actual Loops": 1,
                                          "Hash Buckets": 1024,
                                          "Original Hash Buckets": 1024,
                                          "Hash Batches": 1,
                                          "Original Hash Batches": 1,
                                          "Peak Memory Usage": 9,
                                          "Plans": [
                                            {
                                              "Node Type": "Seq Scan",
                                              "Parent Relationship": "Outer",
                                              "Parallel Aware": false,
                                              "Relation Name": "comp_cast_type",
                                              "Alias": "cct1",
                                              "Startup Cost": 0.0,
                                              "Total Cost": 1.05,
                                              "Plan Rows": 1,
                                              "Plan Width": 4,
                                              "Actual Startup Time": 0.027,
                                              "Actual Total Time": 0.029,
                                              "Actual Rows": 1,
                                              "Actual Loops": 1,
                                              "Filter": "((kind)::text = 'complete+verified'::text)",
                                              "Rows Removed by Filter": 3
                                            }
                                          ]
                                        }
                                      ]
                                    },
                                    {
                                      "Node Type": "Bitmap Heap Scan",
                                      "Parent Relationship": "Inner",
                                      "Parallel Aware": false,
                                      "Relation Name": "movie_info",
                                      "Alias": "mi",
                                      "Startup Cost": 2.36,
                                      "Total Cost": 11.17,
                                      "Plan Rows": 1,
                                      "Plan Width": 8,
                                      "Actual Startup Time": 0.0,
                                      "Actual Total Time": 0.0,
                                      "Actual Rows": 0,
                                      "Actual Loops": 0,
                                      "Recheck Cond": "(movie_id = cc.movie_id)",
                                      "Rows Removed by Index Recheck": 0,
                                      "Filter": "((info IS NOT NULL) AND (note ~~ '%internet%'::text) AND ((info ~~ 'USA:% 199%'::text) OR (info ~~ 'USA:% 200%'::text)))",
                                      "Rows Removed by Filter": 0,
                                      "Exact Heap Blocks": 0,
                                      "Lossy Heap Blocks": 0,
                                      "Plans": [
                                        {
                                          "Node Type": "Bitmap Index Scan",
                                          "Parent Relationship": "Outer",
                                          "Parallel Aware": false,
                                          "Index Name": "movie_id_movie_info",
                                          "Startup Cost": 0.0,
                                          "Total Cost": 2.35,
                                          "Plan Rows": 42,
                                          "Plan Width": 0,
                                          "Actual Startup Time": 0.0,
                                          "Actual Total Time": 0.0,
                                          "Actual Rows": 0,
                                          "Actual Loops": 0,
                                          "Index Cond": "(movie_id = cc.movie_id)"
                                        }
                                      ]
                                    }
                                  ]
                                },
                                {
                                  "Node Type": "Bitmap Heap Scan",
                                  "Parent Relationship": "Inner",
                                  "Parallel Aware": false,
                                  "Relation Name": "movie_companies",
                                  "Alias": "mc",
                                  "Startup Cost": 0.75,
                                  "Total Cost": 4.81,
                                  "Plan Rows": 5,
                                  "Plan Width": 12,
                                  "Actual Startup Time": 0.0,
                                  "Actual Total Time": 0.0,
                                  "Actual Rows": 0,
                                  "Actual Loops": 0,
                                  "Recheck Cond": "(movie_id = cc.movie_id)",
                                  "Rows Removed by Index Recheck": 0,
                                  "Exact Heap Blocks": 0,
                                  "Lossy Heap Blocks": 0,
                                  "Plans": [
                                    {
                                      "Node Type": "Bitmap Index Scan",
                                      "Parent Relationship": "Outer",
                                      "Parallel Aware": false,
                                      "Index Name": "movie_id_movie_companies",
                                      "Startup Cost": 0.0,
                                      "Total Cost": 0.75,
                                      "Plan Rows": 5,
                                      "Plan Width": 0,
                                      "Actual Startup Time": 0.0,
                                      "Actual Total Time": 0.0,
                                      "Actual Rows": 0,
                                      "Actual Loops": 0,
                                      "Index Cond": "(movie_id = cc.movie_id)"
                                    }
                                  ]
                                }
                              ]
                            },
                            {
                              "Node Type": "Bitmap Heap Scan",
                              "Parent Relationship": "Inner",
                              "Parallel Aware": false,
                              "Relation Name": "company_name",
                              "Alias": "cn",
                              "Startup Cost": 0.43,
                              "Total Cost": 4.44,
                              "Plan Rows": 1,
                              "Plan Width": 4,
                              "Actual Startup Time": 0.0,
                              "Actual Total Time": 0.0,
                              "Actual Rows": 0,
                              "Actual Loops": 0,
                              "Recheck Cond": "(id = mc.company_id)",
                              "Rows Removed by Index Recheck": 0,
                              "Filter": "((country_code)::text = '[us]'::text)",
                              "Rows Removed by Filter": 0,
                              "Exact Heap Blocks": 0,
                              "Lossy Heap Blocks": 0,
                              "Plans": [
                                {
                                  "Node Type": "Bitmap Index Scan",
                                  "Parent Relationship": "Outer",
                                  "Parallel Aware": false,
                                  "Index Name": "company_name_pkey",
                                  "Startup Cost": 0.0,
                                  "Total Cost": 0.43,
                                  "Plan Rows": 1,
                                  "Plan Width": 0,
                                  "Actual Startup Time": 0.0,
                                  "Actual Total Time": 0.0,
                                  "Actual Rows": 0,
                                  "Actual Loops": 0,
                                  "Index Cond": "(id = mc.company_id)"
                                }
                              ]
                            }
                          ]
                        },
                        {
                          "Node Type": "Seq Scan",
                          "Parent Relationship": "Inner",
                          "Parallel Aware": false,
                          "Relation Name": "company_type",
                          "Alias": "ct",
                          "Startup Cost": 0.0,
                          "Total Cost": 1.04,
                          "Plan Rows": 4,
                          "Plan Width": 4,
                          "Actual Startup Time": 0.0,
                          "Actual Total Time": 0.0,
                          "Actual Rows": 0,
                          "Actual Loops": 0
                        }
                      ]
                    },
                    {
                      "Node Type": "Seq Scan",
                      "Parent Relationship": "Inner",
                      "Parallel Aware": false,
                      "Relation Name": "info_type",
                      "Alias": "it1",
                      "Startup Cost": 0.0,
                      "Total Cost": 2.41,
                      "Plan Rows": 1,
                      "Plan Width": 4,
                      "Actual Startup Time": 0.0,
                      "Actual Total Time": 0.0,
                      "Actual Rows": 0,
                      "Actual Loops": 0,
                      "Filter": "((info)::text = 'release dates'::text)",
                      "Rows Removed by Filter": 0
                    }
                  ]
                },
                {
                  "Node Type": "Bitmap Heap Scan",
                  "Parent Relationship": "Inner",
                  "Parallel Aware": false,
                  "Relation Name": "movie_keyword",
                  "Alias": "mk",
                  "Startup Cost": 0.83,
                  "Total Cost": 5.42,
                  "Plan Rows": 47,
                  "Plan Width": 8,
                  "Actual Startup Time": 0.0,
                  "Actual Total Time": 0.0,
                  "Actual Rows": 0,
                  "Actual Loops": 0,
                  "Recheck Cond": "(movie_id = mc.movie_id)",
                  "Rows Removed by Index Recheck": 0,
                  "Exact Heap Blocks": 0,
                  "Lossy Heap Blocks": 0,
                  "Plans": [
                    {
                      "Node Type": "Bitmap Index Scan",
                      "Parent Relationship": "Outer",
                      "Parallel Aware": false,
                      "Index Name": "movie_id_movie_keyword",
                      "Startup Cost": 0.0,
                      "Total Cost": 0.82,
                      "Plan Rows": 47,
                      "Plan Width": 0,
                      "Actual Startup Time": 0.0,
                      "Actual Total Time": 0.0,
                      "Actual Rows": 0,
                      "Actual Loops": 0,
                      "Index Cond": "(movie_id = mc.movie_id)"
                    }
                  ]
                }
              ]
            },
            {
              "Node Type": "Bitmap Heap Scan",
              "Parent Relationship": "Inner",
              "Parallel Aware": false,
              "Relation Name": "keyword",
              "Alias": "k",
              "Startup Cost": 0.43,
              "Total Cost": 4.44,
              "Plan Rows": 1,
              "Plan Width": 4,
              "Actual Startup Time": 0.0,
              "Actual Total Time": 0.0,
              "Actual Rows": 0,
              "Actual Loops": 0,
              "Recheck Cond": "(id = mk.keyword_id)",
              "Rows Removed by Index Recheck": 0,
              "Exact Heap Blocks": 0,
              "Lossy Heap Blocks": 0,
              "Plans": [
                {
                  "Node Type": "Bitmap Index Scan",
                  "Parent Relationship": "Outer",
                  "Parallel Aware": false,
                  "Index Name": "keyword_pkey",
                  "Startup Cost": 0.0,
                  "Total Cost": 0.43,
                  "Plan Rows": 1,
                  "Plan Width": 0,
                  "Actual Startup Time": 0.0,
                  "Actual Total Time": 0.0,
                  "Actual Rows": 0,
                  "Actual Loops": 0,
                  "Index Cond": "(id = mk.keyword_id)"
                }
              ]
            }
          ]
        }
      ]
    },
    "Planning Time": 47.342,
    "Triggers": [],
    "Execution Time": 209.842
  }
]