{
  "Plan": {
    "Node Type": "Aggregate",
    "Strategy": "Plain",
    "Partial Mode": "Finalize",
    "Parallel Aware": false,
    "Startup Cost": 446548.49,
    "Total Cost": 446548.5,
    "Plan Rows": 1,
    "Plan Width": 8,
    "Actual Startup Time": 1190.829,
    "Actual Total Time": 1206.899,
    "Actual Rows": 1,
    "Actual Loops": 1,
    "Plans": [
      {
        "Node Type": "Gather",
        "Parent Relationship": "Outer",
        "Parallel Aware": false,
        "Startup Cost": 446548.38,
        "Total Cost": 446548.49,
        "Plan Rows": 1,
        "Plan Width": 8,
        "Actual Startup Time": 1177.979,
        "Actual Total Time": 1206.891,
        "Actual Rows": 2,
        "Actual Loops": 1,
        "Workers Planned": 1,
        "Workers Launched": 1,
        "Single Copy": false,
        "Plans": [
          {
            "Node Type": "Aggregate",
            "Strategy": "Plain",
            "Partial Mode": "Partial",
            "Parent Relationship": "Outer",
            "Parallel Aware": false,
            "Startup Cost": 445548.38,
            "Total Cost": 445548.39,
            "Plan Rows": 1,
            "Plan Width": 8,
            "Actual Startup Time": 1174.541,
            "Actual Total Time": 1174.546,
            "Actual Rows": 1,
            "Actual Loops": 2,
            "Plans": [
              {
                "Node Type": "Merge Join",
                "Parent Relationship": "Outer",
                "Parallel Aware": false,
                "Join Type": "Inner",
                "Startup Cost": 436752.63,
                "Total Cost": 445121.7,
                "Plan Rows": 170672,
                "Plan Width": 0,
                "Actual Startup Time": 1125.621,
                "Actual Total Time": 1171.386,
                "Actual Rows": 81612,
                "Actual Loops": 2,
                "Inner Unique": false,
                "Merge Cond": "(mi.movie_id = t.id)",
                "Plans": [
                  {
                    "Node Type": "Sort",
                    "Parent Relationship": "Outer",
                    "Parallel Aware": false,
                    "Startup Cost": 271934.75,
                    "Total Cost": 273881.99,
                    "Plan Rows": 778896,
                    "Plan Width": 4,
                    "Actual Startup Time": 279.645,
                    "Actual Total Time": 285.918,
                    "Actual Rows": 190350,
                    "Actual Loops": 2,
                    "Sort Key": [
                      "mi.movie_id"
                    ],
                    "Sort Method": "quicksort",
                    "Sort Space Used": 62609,
                    "Sort Space Type": "Memory",
                    "Workers": [
                      {
                        "Worker Number": 0,
                        "Sort Method": "quicksort",
                        "Sort Space Used": 36383,
                        "Sort Space Type": "Memory"
                      }
                    ],
                    "Plans": [
                      {
                        "Node Type": "Bitmap Heap Scan",
                        "Parent Relationship": "Outer",
                        "Parallel Aware": true,
                        "Relation Name": "movie_info",
                        "Alias": "mi",
                        "Startup Cost": 23986.4,
                        "Total Cost": 195715.6,
                        "Plan Rows": 778896,
                        "Plan Width": 4,
                        "Actual Startup Time": 67.996,
                        "Actual Total Time": 146.945,
                        "Actual Rows": 662680,
                        "Actual Loops": 2,
                        "Recheck Cond": "(info_type_id = 8)",
                        "Rows Removed by Index Recheck": 0,
                        "Exact Heap Blocks": 4795,
                        "Lossy Heap Blocks": 0,
                        "Plans": [
                          {
                            "Node Type": "Bitmap Index Scan",
                            "Parent Relationship": "Outer",
                            "Parallel Aware": false,
                            "Index Name": "info_type_id_movie_info",
                            "Startup Cost": 0.0,
                            "Total Cost": 23655.37,
                            "Plan Rows": 1324124,
                            "Plan Width": 0,
                            "Actual Startup Time": 72.436,
                            "Actual Total Time": 72.437,
                            "Actual Rows": 1325361,
                            "Actual Loops": 1,
                            "Index Cond": "(info_type_id = 8)"
                          }
                        ]
                      }
                    ]
                  },
                  {
                    "Node Type": "Sort",
                    "Parent Relationship": "Inner",
                    "Parallel Aware": false,
                    "Startup Cost": 164817.83,
                    "Total Cost": 166202.83,
                    "Plan Rows": 554002,
                    "Plan Width": 8,
                    "Actual Startup Time": 845.882,
                    "Actual Total Time": 856.288,
                    "Actual Rows": 312660,
                    "Actual Loops": 2,
                    "Sort Key": [
                      "t.id"
                    ],
                    "Sort Method": "quicksort",
                    "Sort Space Used": 26806,
                    "Sort Space Type": "Memory",
                    "Workers": [
                      {
                        "Worker Number": 0,
                        "Sort Method": "quicksort",
                        "Sort Space Used": 26806,
                        "Sort Space Type": "Memory"
                      }
                    ],
                    "Plans": [
                      {
                        "Node Type": "Hash Join",
                        "Parent Relationship": "Outer",
                        "Parallel Aware": false,
                        "Join Type": "Inner",
                        "Startup Cost": 86609.38,
                        "Total Cost": 111967.34,
                        "Plan Rows": 554002,
                        "Plan Width": 8,
                        "Actual Startup Time": 465.92,
                        "Actual Total Time": 782.121,
                        "Actual Rows": 309714,
                        "Actual Loops": 2,
                        "Inner Unique": true,
                        "Hash Cond": "(mi_idx.movie_id = t.id)",
                        "Plans": [
                          {
                            "Node Type": "Seq Scan",
                            "Parent Relationship": "Outer",
                            "Parallel Aware": false,
                            "Relation Name": "movie_info_idx",
                            "Alias": "mi_idx",
                            "Startup Cost": 0.0,
                            "Total Cost": 21735.35,
                            "Plan Rows": 1380035,
                            "Plan Width": 4,
                            "Actual Startup Time": 0.043,
                            "Actual Total Time": 94.222,
                            "Actual Rows": 1380035,
                            "Actual Loops": 2
                          },
                          {
                            "Node Type": "Hash",
                            "Parent Relationship": "Inner",
                            "Parallel Aware": false,
                            "Startup Cost": 73922.39,
                            "Total Cost": 73922.39,
                            "Plan Rows": 1014959,
                            "Plan Width": 4,
                            "Actual Startup Time": 461.971,
                            "Actual Total Time": 461.972,
                            "Actual Rows": 960113,
                            "Actual Loops": 2,
                            "Hash Buckets": 1048576,
                            "Original Hash Buckets": 1048576,
                            "Hash Batches": 1,
                            "Original Hash Batches": 1,
                            "Peak Memory Usage": 41946,
                            "Plans": [
                              {
                                "Node Type": "Seq Scan",
                                "Parent Relationship": "Outer",
                                "Parallel Aware": false,
                                "Relation Name": "title",
                                "Alias": "t",
                                "Startup Cost": 0.0,
                                "Total Cost": 73922.39,
                                "Plan Rows": 1014959,
                                "Plan Width": 4,
                                "Actual Startup Time": 0.025,
                                "Actual Total Time": 275.182,
                                "Actual Rows": 960113,
                                "Actual Loops": 2,
                                "Filter": "((production_year < 2008) AND (kind_id = 7))",
                                "Rows Removed by Filter": 1568199
                              }
                            ]
                          }
                        ]
                      }
                    ]
                  }
                ]
              }
            ]
          }
        ]
      }
    ]
  },
  "Planning Time": 1.02,
  "Triggers": [],
  "Execution Time": 1219.981
}