[
  {
    "Plan": {
      "Node Type": "Aggregate",
      "Strategy": "Plain",
      "Partial Mode": "Finalize",
      "Parallel Aware": false,
      "Startup Cost": 46564.9,
      "Total Cost": 46564.91,
      "Plan Rows": 1,
      "Plan Width": 8,
      "Actual Startup Time": 91.474,
      "Actual Total Time": 103.925,
      "Actual Rows": 1,
      "Actual Loops": 1,
      "Plans": [
        {
          "Node Type": "Gather",
          "Parent Relationship": "Outer",
          "Parallel Aware": false,
          "Startup Cost": 46564.48,
          "Total Cost": 46564.89,
          "Plan Rows": 4,
          "Plan Width": 8,
          "Actual Startup Time": 91.328,
          "Actual Total Time": 103.918,
          "Actual Rows": 5,
          "Actual Loops": 1,
          "Workers Planned": 4,
          "Workers Launched": 4,
          "Single Copy": false,
          "Plans": [
            {
              "Node Type": "Aggregate",
              "Strategy": "Plain",
              "Partial Mode": "Partial",
              "Parent Relationship": "Outer",
              "Parallel Aware": false,
              "Startup Cost": 45564.48,
              "Total Cost": 45564.49,
              "Plan Rows": 1,
              "Plan Width": 8,
              "Actual Startup Time": 82.954,
              "Actual Total Time": 82.956,
              "Actual Rows": 1,
              "Actual Loops": 5,
              "Plans": [
                {
                  "Node Type": "Nested Loop",
                  "Parent Relationship": "Outer",
                  "Parallel Aware": false,
                  "Join Type": "Inner",
                  "Startup Cost": 0.43,
                  "Total Cost": 45564.47,
                  "Plan Rows": 5,
                  "Plan Width": 0,
                  "Actual Startup Time": 53.642,
                  "Actual Total Time": 82.897,
                  "Actual Rows": 352,
                  "Actual Loops": 5,
                  "Inner Unique": false,
                  "Plans": [
                    {
                      "Node Type": "Seq Scan",
                      "Parent Relationship": "Outer",
                      "Parallel Aware": true,
                      "Relation Name": "title",
                      "Alias": "t",
                      "Startup Cost": 0.0,
                      "Total Cost": 45479.59,
                      "Plan Rows": 4,
                      "Plan Width": 4,
                      "Actual Startup Time": 53.336,
                      "Actual Total Time": 79.271,
                      "Actual Rows": 207,
                      "Actual Loops": 5,
                      "Filter": "((kind_id < 7) AND (production_year < 1897))",
                      "Rows Removed by Filter": 505455
                    },
                    {
                      "Node Type": "Index Only Scan",
                      "Parent Relationship": "Inner",
                      "Parallel Aware": false,
                      "Scan Direction": "Forward",
                      "Index Name": "movie_id_movie_companies",
                      "Relation Name": "movie_companies",
                      "Alias": "mc",
                      "Startup Cost": 0.43,
                      "Total Cost": 21.17,
                      "Plan Rows": 5,
                      "Plan Width": 4,
                      "Actual Startup Time": 0.014,
                      "Actual Total Time": 0.017,
                      "Actual Rows": 2,
                      "Actual Loops": 1036,
                      "Index Cond": "(movie_id = t.id)",
                      "Rows Removed by Index Recheck": 0,
                      "Heap Fetches": 1761
                    }
                  ]
                }
              ]
            }
          ]
        }
      ]
    },
    "Planning Time": 0.234,
    "Triggers": [],
    "Execution Time": 103.957
  }
]