[
  {
    "Plan": {
      "Node Type": "Aggregate",
      "Strategy": "Plain",
      "Partial Mode": "Finalize",
      "Parallel Aware": false,
      "Startup Cost": 46584.89,
      "Total Cost": 46584.9,
      "Plan Rows": 1,
      "Plan Width": 8,
      "Actual Startup Time": 103.652,
      "Actual Total Time": 117.54,
      "Actual Rows": 1,
      "Actual Loops": 1,
      "Plans": [
        {
          "Node Type": "Gather",
          "Parent Relationship": "Outer",
          "Parallel Aware": false,
          "Startup Cost": 46584.47,
          "Total Cost": 46584.88,
          "Plan Rows": 4,
          "Plan Width": 8,
          "Actual Startup Time": 103.532,
          "Actual Total Time": 117.533,
          "Actual Rows": 5,
          "Actual Loops": 1,
          "Workers Planned": 4,
          "Workers Launched": 4,
          "Single Copy": false,
          "Plans": [
            {
              "Node Type": "Aggregate",
              "Strategy": "Plain",
              "Partial Mode": "Partial",
              "Parent Relationship": "Outer",
              "Parallel Aware": false,
              "Startup Cost": 45584.47,
              "Total Cost": 45584.48,
              "Plan Rows": 1,
              "Plan Width": 8,
              "Actual Startup Time": 93.778,
              "Actual Total Time": 93.78,
              "Actual Rows": 1,
              "Actual Loops": 5,
              "Plans": [
                {
                  "Node Type": "Nested Loop",
                  "Parent Relationship": "Outer",
                  "Parallel Aware": false,
                  "Join Type": "Inner",
                  "Startup Cost": 0.43,
                  "Total Cost": 45584.45,
                  "Plan Rows": 5,
                  "Plan Width": 0,
                  "Actual Startup Time": 63.175,
                  "Actual Total Time": 93.725,
                  "Actual Rows": 352,
                  "Actual Loops": 5,
                  "Inner Unique": false,
                  "Plans": [
                    {
                      "Node Type": "Seq Scan",
                      "Parent Relationship": "Outer",
                      "Parallel Aware": true,
                      "Relation Name": "title",
                      "Alias": "t",
                      "Startup Cost": 0.0,
                      "Total Cost": 45479.1,
                      "Plan Rows": 5,
                      "Plan Width": 4,
                      "Actual Startup Time": 62.783,
                      "Actual Total Time": 89.759,
                      "Actual Rows": 207,
                      "Actual Loops": 5,
                      "Filter": "((kind_id < 7) AND (production_year < 1897))",
                      "Rows Removed by Filter": 505455
                    },
                    {
                      "Node Type": "Index Only Scan",
                      "Parent Relationship": "Inner",
                      "Parallel Aware": false,
                      "Scan Direction": "Forward",
                      "Index Name": "movie_id_movie_companies",
                      "Relation Name": "movie_companies",
                      "Alias": "mc",
                      "Startup Cost": 0.43,
                      "Total Cost": 21.02,
                      "Plan Rows": 5,
                      "Plan Width": 4,
                      "Actual Startup Time": 0.015,
                      "Actual Total Time": 0.018,
                      "Actual Rows": 2,
                      "Actual Loops": 1036,
                      "Index Cond": "(movie_id = t.id)",
                      "Rows Removed by Index Recheck": 0,
                      "Heap Fetches": 1761
                    }
                  ]
                }
              ]
            }
          ]
        }
      ]
    },
    "Planning Time": 0.607,
    "Triggers": [],
    "Execution Time": 117.612
  }
]