{
  "Plan": {
    "Node Type": "Aggregate",
    "Strategy": "Plain",
    "Partial Mode": "Finalize",
    "Parallel Aware": false,
    "Startup Cost": 679006.21,
    "Total Cost": 679006.22,
    "Plan Rows": 1,
    "Plan Width": 8,
    "Actual Startup Time": 9234.6,
    "Actual Total Time": 9304.099,
    "Actual Rows": 1,
    "Actual Loops": 1,
    "Plans": [
      {
        "Node Type": "Gather",
        "Parent Relationship": "Outer",
        "Parallel Aware": false,
        "Startup Cost": 679006.1,
        "Total Cost": 679006.21,
        "Plan Rows": 1,
        "Plan Width": 8,
        "Actual Startup Time": 9229.76,
        "Actual Total Time": 9304.085,
        "Actual Rows": 2,
        "Actual Loops": 1,
        "Workers Planned": 1,
        "Workers Launched": 1,
        "Single Copy": false,
        "Plans": [
          {
            "Node Type": "Aggregate",
            "Strategy": "Plain",
            "Partial Mode": "Partial",
            "Parent Relationship": "Outer",
            "Parallel Aware": false,
            "Startup Cost": 678006.1,
            "Total Cost": 678006.11,
            "Plan Rows": 1,
            "Plan Width": 8,
            "Actual Startup Time": 9217.159,
            "Actual Total Time": 9217.163,
            "Actual Rows": 1,
            "Actual Loops": 2,
            "Plans": [
              {
                "Node Type": "Hash Join",
                "Parent Relationship": "Outer",
                "Parallel Aware": true,
                "Join Type": "Inner",
                "Startup Cost": 69460.7,
                "Total Cost": 634359.33,
                "Plan Rows": 17458708,
                "Plan Width": 0,
                "Actual Startup Time": 688.249,
                "Actual Total Time": 8593.899,
                "Actual Rows": 14747527,
                "Actual Loops": 2,
                "Inner Unique": true,
                "Hash Cond": "(ci.movie_id = t.id)",
                "Plans": [
                  {
                    "Node Type": "Seq Scan",
                    "Parent Relationship": "Outer",
                    "Parallel Aware": true,
                    "Relation Name": "cast_info",
                    "Alias": "ci",
                    "Startup Cost": 0.0,
                    "Total Cost": 519069.44,
                    "Plan Rows": 17458708,
                    "Plan Width": 4,
                    "Actual Startup Time": 150.107,
                    "Actual Total Time": 1609.342,
                    "Actual Rows": 14747527,
                    "Actual Loops": 2,
                    "Filter": "(person_id > 652160)",
                    "Rows Removed by Filter": 3374645
                  },
                  {
                    "Node Type": "Hash",
                    "Parent Relationship": "Inner",
                    "Parallel Aware": true,
                    "Startup Cost": 50870.31,
                    "Total Cost": 50870.31,
                    "Plan Rows": 1487231,
                    "Plan Width": 4,
                    "Actual Startup Time": 516.042,
                    "Actual Total Time": 516.042,
                    "Actual Rows": 1264156,
                    "Actual Loops": 2,
                    "Hash Buckets": 4194304,
                    "Original Hash Buckets": 4194304,
                    "Hash Batches": 1,
                    "Original Hash Batches": 1,
                    "Peak Memory Usage": 131680,
                    "Plans": [
                      {
                        "Node Type": "Seq Scan",
                        "Parent Relationship": "Outer",
                        "Parallel Aware": true,
                        "Relation Name": "title",
                        "Alias": "t",
                        "Startup Cost": 0.0,
                        "Total Cost": 50870.31,
                        "Plan Rows": 1487231,
                        "Plan Width": 4,
                        "Actual Startup Time": 0.027,
                        "Actual Total Time": 151.432,
                        "Actual Rows": 1264156,
                        "Actual Loops": 2
                      }
                    ]
                  }
                ]
              }
            ]
          }
        ]
      }
    ]
  },
  "Planning Time": 0.697,
  "Triggers": [],
  "Execution Time": 9304.18
}