{
  "Plan": {
    "Node Type": "Merge Join",
    "Parallel Aware": false,
    "Join Type": "Inner",
    "Startup Cost": 702751.63,
    "Total Cost": 753542.19,
    "Plan Rows": 2581606,
    "Plan Width": 4,
    "Actual Startup Time": 4007.483,
    "Actual Total Time": 4872.329,
    "Actual Rows": 2583037,
    "Actual Loops": 1,
    "Inner Unique": false,
    "Merge Cond": "(cn.id = mc.company_id)",
    "Plans": [
      {
        "Node Type": "Index Only Scan",
        "Parent Relationship": "Outer",
        "Parallel Aware": false,
        "Scan Direction": "Forward",
        "Index Name": "company_name_pkey",
        "Relation Name": "company_name",
        "Alias": "cn",
        "Startup Cost": 0.42,
        "Total Cost": 11881.93,
        "Plan Rows": 234997,
        "Plan Width": 4,
        "Actual Startup Time": 0.032,
        "Actual Total Time": 121.184,
        "Actual Rows": 211061,
        "Actual Loops": 1,
        "Heap Fetches": 211061
      },
      {
        "Node Type": "Sort",
        "Parent Relationship": "Inner",
        "Parallel Aware": false,
        "Startup Cost": 702356.53,
        "Total Cost": 708810.54,
        "Plan Rows": 2581606,
        "Plan Width": 4,
        "Actual Startup Time": 4007.438,
        "Actual Total Time": 4447.604,
        "Actual Rows": 2583037,
        "Actual Loops": 1,
        "Sort Key": [
          "mc.company_id"
        ],
        "Sort Method": "quicksort",
        "Sort Space Used": 219384,
        "Sort Space Type": "Memory",
        "Plans": [
          {
            "Node Type": "Merge Join",
            "Parent Relationship": "Outer",
            "Parallel Aware": false,
            "Join Type": "Inner",
            "Startup Cost": 3.58,
            "Total Cost": 427417.59,
            "Plan Rows": 2581606,
            "Plan Width": 4,
            "Actual Startup Time": 0.09,
            "Actual Total Time": 3403.398,
            "Actual Rows": 2583037,
            "Actual Loops": 1,
            "Inner Unique": true,
            "Merge Cond": "(mc.movie_id = t.id)",
            "Plans": [
              {
                "Node Type": "Nested Loop",
                "Parent Relationship": "Outer",
                "Parallel Aware": false,
                "Join Type": "Inner",
                "Startup Cost": 0.43,
                "Total Cost": 278590.53,
                "Plan Rows": 2581606,
                "Plan Width": 8,
                "Actual Startup Time": 0.044,
                "Actual Total Time": 1498.589,
                "Actual Rows": 2583037,
                "Actual Loops": 1,
                "Inner Unique": true,
                "Join Filter": "(ct.id = mc.company_type_id)",
                "Rows Removed by Join Filter": 1308791,
                "Plans": [
                  {
                    "Node Type": "Index Scan",
                    "Parent Relationship": "Outer",
                    "Parallel Aware": false,
                    "Scan Direction": "Forward",
                    "Index Name": "movie_id_movie_companies",
                    "Relation Name": "movie_companies",
                    "Alias": "mc",
                    "Startup Cost": 0.43,
                    "Total Cost": 146927.59,
                    "Plan Rows": 2581606,
                    "Plan Width": 12,
                    "Actual Startup Time": 0.018,
                    "Actual Total Time": 893.828,
                    "Actual Rows": 2583037,
                    "Actual Loops": 1,
                    "Filter": "(company_id < 211061)",
                    "Rows Removed by Filter": 26092
                  },
                  {
                    "Node Type": "Materialize",
                    "Parent Relationship": "Inner",
                    "Parallel Aware": false,
                    "Startup Cost": 0.0,
                    "Total Cost": 1.06,
                    "Plan Rows": 4,
                    "Plan Width": 4,
                    "Actual Startup Time": 0.0,
                    "Actual Total Time": 0.0,
                    "Actual Rows": 2,
                    "Actual Loops": 2583037,
                    "Plans": [
                      {
                        "Node Type": "Seq Scan",
                        "Parent Relationship": "Outer",
                        "Parallel Aware": false,
                        "Relation Name": "company_type",
                        "Alias": "ct",
                        "Startup Cost": 0.0,
                        "Total Cost": 1.04,
                        "Plan Rows": 4,
                        "Plan Width": 4,
                        "Actual Startup Time": 0.015,
                        "Actual Total Time": 0.016,
                        "Actual Rows": 2,
                        "Actual Loops": 1
                      }
                    ]
                  }
                ]
              },
              {
                "Node Type": "Index Only Scan",
                "Parent Relationship": "Inner",
                "Parallel Aware": false,
                "Scan Direction": "Forward",
                "Index Name": "title_pkey",
                "Relation Name": "title",
                "Alias": "t",
                "Startup Cost": 0.43,
                "Total Cost": 110359.06,
                "Plan Rows": 2528509,
                "Plan Width": 4,
                "Actual Startup Time": 0.038,
                "Actual Total Time": 1505.101,
                "Actual Rows": 2525745,
                "Actual Loops": 1,
                "Heap Fetches": 2525745
              }
            ]
          }
        ]
      }
    ]
  },
  "Planning Time": 1.277,
  "Triggers": [],
  "Execution Time": 4963.21
}