[
  {
    "Plan": {
      "Node Type": "Aggregate",
      "Strategy": "Plain",
      "Partial Mode": "Finalize",
      "Parallel Aware": false,
      "Startup Cost": 75981.06,
      "Total Cost": 75981.07,
      "Plan Rows": 1,
      "Plan Width": 8,
      "Actual Startup Time": 228.336,
      "Actual Total Time": 245.048,
      "Actual Rows": 1,
      "Actual Loops": 1,
      "Plans": [
        {
          "Node Type": "Gather",
          "Parent Relationship": "Outer",
          "Parallel Aware": false,
          "Startup Cost": 75980.75,
          "Total Cost": 75981.06,
          "Plan Rows": 3,
          "Plan Width": 8,
          "Actual Startup Time": 227.863,
          "Actual Total Time": 245.04,
          "Actual Rows": 4,
          "Actual Loops": 1,
          "Workers Planned": 3,
          "Workers Launched": 3,
          "Single Copy": false,
          "Plans": [
            {
              "Node Type": "Aggregate",
              "Strategy": "Plain",
              "Partial Mode": "Partial",
              "Parent Relationship": "Outer",
              "Parallel Aware": false,
              "Startup Cost": 74980.75,
              "Total Cost": 74980.76,
              "Plan Rows": 1,
              "Plan Width": 8,
              "Actual Startup Time": 218.926,
              "Actual Total Time": 218.931,
              "Actual Rows": 1,
              "Actual Loops": 4,
              "Plans": [
                {
                  "Node Type": "Hash Join",
                  "Parent Relationship": "Outer",
                  "Parallel Aware": true,
                  "Join Type": "Inner",
                  "Startup Cost": 44197.84,
                  "Total Cost": 74929.54,
                  "Plan Rows": 20481,
                  "Plan Width": 0,
                  "Actual Startup Time": 113.298,
                  "Actual Total Time": 217.061,
                  "Actual Rows": 45077,
                  "Actual Loops": 4,
                  "Inner Unique": true,
                  "Hash Cond": "(mc.movie_id = t.id)",
                  "Plans": [
                    {
                      "Node Type": "Seq Scan",
                      "Parent Relationship": "Outer",
                      "Parallel Aware": true,
                      "Relation Name": "movie_companies",
                      "Alias": "mc",
                      "Startup Cost": 0.0,
                      "Total Cost": 29310.68,
                      "Plan Rows": 541342,
                      "Plan Width": 4,
                      "Actual Startup Time": 1.238,
                      "Actual Total Time": 65.749,
                      "Actual Rows": 419478,
                      "Actual Loops": 4,
                      "Filter": "(company_id > 3334)",
                      "Rows Removed by Filter": 232805
                    },
                    {
                      "Node Type": "Hash",
                      "Parent Relationship": "Inner",
                      "Parallel Aware": true,
                      "Startup Cost": 43898.92,
                      "Total Cost": 43898.92,
                      "Plan Rows": 23914,
                      "Plan Width": 4,
                      "Actual Startup Time": 100.312,
                      "Actual Total Time": 100.313,
                      "Actual Rows": 24645,
                      "Actual Loops": 4,
                      "Hash Buckets": 131072,
                      "Original Hash Buckets": 131072,
                      "Hash Batches": 1,
                      "Original Hash Batches": 1,
                      "Peak Memory Usage": 4960,
                      "Plans": [
                        {
                          "Node Type": "Seq Scan",
                          "Parent Relationship": "Outer",
                          "Parallel Aware": true,
                          "Relation Name": "title",
                          "Alias": "t",
                          "Startup Cost": 0.0,
                          "Total Cost": 43898.92,
                          "Plan Rows": 23914,
                          "Plan Width": 4,
                          "Actual Startup Time": 47.062,
                          "Actual Total Time": 92.892,
                          "Actual Rows": 24645,
                          "Actual Loops": 4,
                          "Filter": "(production_year < 1924)",
                          "Rows Removed by Filter": 607433
                        }
                      ]
                    }
                  ]
                }
              ]
            }
          ]
        }
      ]
    },
    "Planning Time": 0.633,
    "Triggers": [],
    "Execution Time": 245.119
  }
]