[
  {
    "Plan": {
      "Node Type": "Aggregate",
      "Strategy": "Plain",
      "Partial Mode": "Finalize",
      "Parallel Aware": false,
      "Startup Cost": 498871.73,
      "Total Cost": 498871.74,
      "Plan Rows": 1,
      "Plan Width": 96,
      "Actual Startup Time": 2850.777,
      "Actual Total Time": 2966.609,
      "Actual Rows": 1,
      "Actual Loops": 1,
      "Plans": [
        {
          "Node Type": "Gather",
          "Parent Relationship": "Outer",
          "Parallel Aware": false,
          "Startup Cost": 498871.29,
          "Total Cost": 498871.7,
          "Plan Rows": 4,
          "Plan Width": 96,
          "Actual Startup Time": 2841.924,
          "Actual Total Time": 2966.58,
          "Actual Rows": 5,
          "Actual Loops": 1,
          "Workers Planned": 4,
          "Workers Launched": 4,
          "Single Copy": false,
          "Plans": [
            {
              "Node Type": "Aggregate",
              "Strategy": "Plain",
              "Partial Mode": "Partial",
              "Parent Relationship": "Outer",
              "Parallel Aware": false,
              "Startup Cost": 497871.29,
              "Total Cost": 497871.3,
              "Plan Rows": 1,
              "Plan Width": 96,
              "Actual Startup Time": 2830.449,
              "Actual Total Time": 2830.647,
              "Actual Rows": 1,
              "Actual Loops": 5,
              "Plans": [
                {
                  "Node Type": "Hash Join",
                  "Parent Relationship": "Outer",
                  "Parallel Aware": true,
                  "Join Type": "Inner",
                  "Startup Cost": 427921.45,
                  "Total Cost": 497861.48,
                  "Plan Rows": 1308,
                  "Plan Width": 48,
                  "Actual Startup Time": 2488.405,
                  "Actual Total Time": 2813.021,
                  "Actual Rows": 129370,
                  "Actual Loops": 5,
                  "Inner Unique": false,
                  "Hash Cond": "(n.id = ci.person_id)",
                  "Plans": [
                    {
                      "Node Type": "Seq Scan",
                      "Parent Relationship": "Outer",
                      "Parallel Aware": true,
                      "Relation Name": "name",
                      "Alias": "n",
                      "Startup Cost": 0.0,
                      "Total Cost": 66031.07,
                      "Plan Rows": 1041807,
                      "Plan Width": 19,
                      "Actual Startup Time": 0.037,
                      "Actual Total Time": 120.833,
                      "Actual Rows": 833498,
                      "Actual Loops": 5
                    },
                    {
                      "Node Type": "Hash",
                      "Parent Relationship": "Inner",
                      "Parallel Aware": true,
                      "Startup Cost": 427910.55,
                      "Total Cost": 427910.55,
                      "Plan Rows": 872,
                      "Plan Width": 37,
                      "Actual Startup Time": 2486.858,
                      "Actual Total Time": 2487.054,
                      "Actual Rows": 129370,
                      "Actual Loops": 5,
                      "Hash Buckets": 1048576,
                      "Original Hash Buckets": 8192,
                      "Hash Batches": 1,
                      "Original Hash Batches": 1,
                      "Peak Memory Usage": 57792,
                      "Plans": [
                        {
                          "Node Type": "Hash Join",
                          "Parent Relationship": "Outer",
                          "Parallel Aware": true,
                          "Join Type": "Inner",
                          "Startup Cost": 92197.97,
                          "Total Cost": 427910.55,
                          "Plan Rows": 872,
                          "Plan Width": 37,
                          "Actual Startup Time": 465.657,
                          "Actual Total Time": 2348.324,
                          "Actual Rows": 129370,
                          "Actual Loops": 5,
                          "Inner Unique": false,
                          "Hash Cond": "(ci.movie_id = t.id)",
                          "Plans": [
                            {
                              "Node Type": "Seq Scan",
                              "Parent Relationship": "Outer",
                              "Parallel Aware": true,
                              "Relation Name": "cast_info",
                              "Alias": "ci",
                              "Startup Cost": 0.0,
                              "Total Cost": 313068.58,
                              "Plan Rows": 6038158,
                              "Plan Width": 8,
                              "Actual Startup Time": 0.015,
                              "Actual Total Time": 935.993,
                              "Actual Rows": 7248869,
                              "Actual Loops": 5
                            },
                            {
                              "Node Type": "Hash",
                              "Parent Relationship": "Inner",
                              "Parallel Aware": true,
                              "Startup Cost": 92197.49,
                              "Total Cost": 92197.49,
                              "Plan Rows": 38,
                              "Plan Width": 41,
                              "Actual Startup Time": 465.522,
                              "Actual Total Time": 465.715,
                              "Actual Rows": 2247,
                              "Actual Loops": 5,
                              "Hash Buckets": 16384,
                              "Original Hash Buckets": 1024,
                              "Hash Batches": 1,
                              "Original Hash Batches": 1,
                              "Peak Memory Usage": 1112,
                              "Plans": [
                                {
                                  "Node Type": "Hash Join",
                                  "Parent Relationship": "Outer",
                                  "Parallel Aware": true,
                                  "Join Type": "Inner",
                                  "Startup Cost": 46511.78,
                                  "Total Cost": 92197.49,
                                  "Plan Rows": 38,
                                  "Plan Width": 41,
                                  "Actual Startup Time": 282.314,
                                  "Actual Total Time": 442.611,
                                  "Actual Rows": 2247,
                                  "Actual Loops": 5,
                                  "Inner Unique": false,
                                  "Hash Cond": "(t.id = mk.movie_id)",
                                  "Plans": [
                                    {
                                      "Node Type": "Seq Scan",
                                      "Parent Relationship": "Outer",
                                      "Parallel Aware": true,
                                      "Relation Name": "title",
                                      "Alias": "t",
                                      "Startup Cost": 0.0,
                                      "Total Cost": 43898.62,
                                      "Plan Rows": 357396,
                                      "Plan Width": 21,
                                      "Actual Startup Time": 0.03,
                                      "Actual Total Time": 115.718,
                                      "Actual Rows": 286893,
                                      "Actual Loops": 5,
                                      "Filter": "(production_year > 1999)",
                                      "Rows Removed by Filter": 218769
                                    },
                                    {
                                      "Node Type": "Hash",
                                      "Parent Relationship": "Inner",
                                      "Parallel Aware": true,
                                      "Startup Cost": 46510.69,
                                      "Total Cost": 46510.69,
                                      "Plan Rows": 87,
                                      "Plan Width": 20,
                                      "Actual Startup Time": 280.984,
                                      "Actual Total Time": 280.988,
                                      "Actual Rows": 5471,
                                      "Actual Loops": 5,
                                      "Hash Buckets": 32768,
                                      "Original Hash Buckets": 1024,
                                      "Hash Batches": 1,
                                      "Original Hash Batches": 1,
                                      "Peak Memory Usage": 1816,
                                      "Plans": [
                                        {
                                          "Node Type": "Hash Join",
                                          "Parent Relationship": "Outer",
                                          "Parallel Aware": false,
                                          "Join Type": "Inner",
                                          "Startup Cost": 3632.5,
                                          "Total Cost": 46510.69,
                                          "Plan Rows": 87,
                                          "Plan Width": 20,
                                          "Actual Startup Time": 44.401,
                                          "Actual Total Time": 237.971,
                                          "Actual Rows": 5471,
                                          "Actual Loops": 5,
                                          "Inner Unique": true,
                                          "Hash Cond": "(mk.keyword_id = k.id)",
                                          "Plans": [
                                            {
                                              "Node Type": "Seq Scan",
                                              "Parent Relationship": "Outer",
                                              "Parallel Aware": true,
                                              "Relation Name": "movie_keyword",
                                              "Alias": "mk",
                                              "Startup Cost": 0.0,
                                              "Total Cost": 39047.32,
                                              "Plan Rows": 1459332,
                                              "Plan Width": 8,
                                              "Actual Startup Time": 0.075,
                                              "Actual Total Time": 115.978,
                                              "Actual Rows": 904786,
                                              "Actual Loops": 5
                                            },
                                            {
                                              "Node Type": "Hash",
                                              "Parent Relationship": "Inner",
                                              "Parallel Aware": false,
                                              "Startup Cost": 3632.4,
                                              "Total Cost": 3632.4,
                                              "Plan Rows": 8,
                                              "Plan Width": 20,
                                              "Actual Startup Time": 44.085,
                                              "Actual Total Time": 44.086,
                                              "Actual Rows": 4,
                                              "Actual Loops": 5,
                                              "Hash Buckets": 1024,
                                              "Original Hash Buckets": 1024,
                                              "Hash Batches": 1,
                                              "Original Hash Batches": 1,
                                              "Peak Memory Usage": 9,
                                              "Plans": [
                                                {
                                                  "Node Type": "Seq Scan",
                                                  "Parent Relationship": "Outer",
                                                  "Parallel Aware": false,
                                                  "Relation Name": "keyword",
                                                  "Alias": "k",
                                                  "Startup Cost": 0.0,
                                                  "Total Cost": 3632.4,
                                                  "Plan Rows": 8,
                                                  "Plan Width": 20,
                                                  "Actual Startup Time": 1.672,
                                                  "Actual Total Time": 44.058,
                                                  "Actual Rows": 4,
                                                  "Actual Loops": 5,
                                                  "Filter": "(keyword = ANY ('{computer-animated-movie,violence,fight,superhero,violence,sequel,violence,sequel}'::text[]))",
                                                  "Rows Removed by Filter": 134166
                                                }
                                              ]
                                            }
                                          ]
                                        }
                                      ]
                                    }
                                  ]
                                }
                              ]
                            }
                          ]
                        }
                      ]
                    }
                  ]
                }
              ]
            }
          ]
        }
      ]
    },
    "Planning Time": 8.691,
    "Triggers": [],
    "Execution Time": 2967.116
  }
]