[
  {
    "Plan": {
      "Node Type": "Aggregate",
      "Strategy": "Plain",
      "Partial Mode": "Finalize",
      "Parallel Aware": false,
      "Startup Cost": 44648.34,
      "Total Cost": 44648.35,
      "Plan Rows": 1,
      "Plan Width": 8,
      "Actual Startup Time": 123.687,
      "Actual Total Time": 130.773,
      "Actual Rows": 1,
      "Actual Loops": 1,
      "Plans": [
        {
          "Node Type": "Gather",
          "Parent Relationship": "Outer",
          "Parallel Aware": false,
          "Startup Cost": 44648.03,
          "Total Cost": 44648.34,
          "Plan Rows": 3,
          "Plan Width": 8,
          "Actual Startup Time": 123.55,
          "Actual Total Time": 130.764,
          "Actual Rows": 4,
          "Actual Loops": 1,
          "Workers Planned": 3,
          "Workers Launched": 3,
          "Single Copy": false,
          "Plans": [
            {
              "Node Type": "Aggregate",
              "Strategy": "Plain",
              "Partial Mode": "Partial",
              "Parent Relationship": "Outer",
              "Parallel Aware": false,
              "Startup Cost": 43648.03,
              "Total Cost": 43648.04,
              "Plan Rows": 1,
              "Plan Width": 8,
              "Actual Startup Time": 115.468,
              "Actual Total Time": 115.469,
              "Actual Rows": 1,
              "Actual Loops": 4,
              "Plans": [
                {
                  "Node Type": "Seq Scan",
                  "Parent Relationship": "Outer",
                  "Parallel Aware": true,
                  "Relation Name": "movie_keyword",
                  "Alias": "mk",
                  "Startup Cost": 0.0,
                  "Total Cost": 42695.65,
                  "Plan Rows": 380949,
                  "Plan Width": 0,
                  "Actual Startup Time": 1.67,
                  "Actual Total Time": 100.82,
                  "Actual Rows": 296564,
                  "Actual Loops": 4,
                  "Filter": "(keyword_id > 15662)",
                  "Rows Removed by Filter": 834419
                }
              ]
            }
          ]
        }
      ]
    },
    "Planning Time": 0.087,
    "Triggers": [],
    "Execution Time": 130.802
  }
]