{
  "Plan": {
    "Node Type": "Aggregate",
    "Strategy": "Plain",
    "Partial Mode": "Finalize",
    "Parallel Aware": false,
    "Startup Cost": 358694.54,
    "Total Cost": 358694.55,
    "Plan Rows": 1,
    "Plan Width": 8,
    "Actual Startup Time": 693.712,
    "Actual Total Time": 709.026,
    "Actual Rows": 1,
    "Actual Loops": 1,
    "Plans": [
      {
        "Node Type": "Gather",
        "Parent Relationship": "Outer",
        "Parallel Aware": false,
        "Startup Cost": 358694.43,
        "Total Cost": 358694.54,
        "Plan Rows": 1,
        "Plan Width": 8,
        "Actual Startup Time": 689.45,
        "Actual Total Time": 709.016,
        "Actual Rows": 2,
        "Actual Loops": 1,
        "Workers Planned": 1,
        "Workers Launched": 1,
        "Single Copy": false,
        "Plans": [
          {
            "Node Type": "Aggregate",
            "Strategy": "Plain",
            "Partial Mode": "Partial",
            "Parent Relationship": "Outer",
            "Parallel Aware": false,
            "Startup Cost": 357694.43,
            "Total Cost": 357694.44,
            "Plan Rows": 1,
            "Plan Width": 8,
            "Actual Startup Time": 677.485,
            "Actual Total Time": 677.489,
            "Actual Rows": 1,
            "Actual Loops": 2,
            "Plans": [
              {
                "Node Type": "Hash Join",
                "Parent Relationship": "Outer",
                "Parallel Aware": true,
                "Join Type": "Inner",
                "Startup Cost": 93808.37,
                "Total Cost": 356816.42,
                "Plan Rows": 351206,
                "Plan Width": 0,
                "Actual Startup Time": 586.299,
                "Actual Total Time": 671.828,
                "Actual Rows": 129469,
                "Actual Loops": 2,
                "Inner Unique": true,
                "Hash Cond": "(ci.movie_id = t.id)",
                "Plans": [
                  {
                    "Node Type": "Bitmap Heap Scan",
                    "Parent Relationship": "Outer",
                    "Parallel Aware": true,
                    "Relation Name": "cast_info",
                    "Alias": "ci",
                    "Startup Cost": 23086.49,
                    "Total Cost": 285032.23,
                    "Plan Rows": 404689,
                    "Plan Width": 4,
                    "Actual Startup Time": 75.366,
                    "Actual Total Time": 98.948,
                    "Actual Rows": 141282,
                    "Actual Loops": 2,
                    "Recheck Cond": "(person_id < 107641)",
                    "Rows Removed by Index Recheck": 0,
                    "Filter": "(role_id > 1)",
                    "Rows Removed by Filter": 384059,
                    "Exact Heap Blocks": 6467,
                    "Lossy Heap Blocks": 0,
                    "Plans": [
                      {
                        "Node Type": "Bitmap Index Scan",
                        "Parent Relationship": "Outer",
                        "Parallel Aware": false,
                        "Index Name": "person_id_cast_info",
                        "Startup Cost": 0.0,
                        "Total Cost": 22914.49,
                        "Plan Rows": 1049324,
                        "Plan Width": 0,
                        "Actual Startup Time": 32.527,
                        "Actual Total Time": 32.527,
                        "Actual Rows": 1050683,
                        "Actual Loops": 1,
                        "Index Cond": "(person_id < 107641)"
                      }
                    ]
                  },
                  {
                    "Node Type": "Hash",
                    "Parent Relationship": "Inner",
                    "Parallel Aware": true,
                    "Startup Cost": 54588.39,
                    "Total Cost": 54588.39,
                    "Plan Rows": 1290679,
                    "Plan Width": 4,
                    "Actual Startup Time": 488.793,
                    "Actual Total Time": 488.793,
                    "Actual Rows": 1091158,
                    "Actual Loops": 2,
                    "Hash Buckets": 4194304,
                    "Original Hash Buckets": 4194304,
                    "Hash Batches": 1,
                    "Original Hash Batches": 1,
                    "Peak Memory Usage": 118176,
                    "Plans": [
                      {
                        "Node Type": "Seq Scan",
                        "Parent Relationship": "Outer",
                        "Parallel Aware": true,
                        "Relation Name": "title",
                        "Alias": "t",
                        "Startup Cost": 0.0,
                        "Total Cost": 54588.39,
                        "Plan Rows": 1290679,
                        "Plan Width": 4,
                        "Actual Startup Time": 0.027,
                        "Actual Total Time": 173.533,
                        "Actual Rows": 1091158,
                        "Actual Loops": 2,
                        "Filter": "(production_year > 1962)",
                        "Rows Removed by Filter": 172998
                      }
                    ]
                  }
                ]
              }
            ]
          }
        ]
      }
    ]
  },
  "Planning Time": 0.733,
  "Triggers": [],
  "Execution Time": 709.117
}