[
  {
    "Plan": {
      "Node Type": "Aggregate",
      "Strategy": "Plain",
      "Partial Mode": "Finalize",
      "Parallel Aware": false,
      "Startup Cost": 46728.18,
      "Total Cost": 46728.19,
      "Plan Rows": 1,
      "Plan Width": 8,
      "Actual Startup Time": 167.694,
      "Actual Total Time": 177.214,
      "Actual Rows": 1,
      "Actual Loops": 1,
      "Plans": [
        {
          "Node Type": "Gather",
          "Parent Relationship": "Outer",
          "Parallel Aware": false,
          "Startup Cost": 46727.86,
          "Total Cost": 46728.17,
          "Plan Rows": 3,
          "Plan Width": 8,
          "Actual Startup Time": 167.569,
          "Actual Total Time": 177.206,
          "Actual Rows": 4,
          "Actual Loops": 1,
          "Workers Planned": 3,
          "Workers Launched": 3,
          "Single Copy": false,
          "Plans": [
            {
              "Node Type": "Aggregate",
              "Strategy": "Plain",
              "Partial Mode": "Partial",
              "Parent Relationship": "Outer",
              "Parallel Aware": false,
              "Startup Cost": 45727.86,
              "Total Cost": 45727.87,
              "Plan Rows": 1,
              "Plan Width": 8,
              "Actual Startup Time": 160.621,
              "Actual Total Time": 160.622,
              "Actual Rows": 1,
              "Actual Loops": 4,
              "Plans": [
                {
                  "Node Type": "Seq Scan",
                  "Parent Relationship": "Outer",
                  "Parallel Aware": true,
                  "Relation Name": "movie_keyword",
                  "Alias": "mk",
                  "Startup Cost": 0.0,
                  "Total Cost": 42695.65,
                  "Plan Rows": 1212884,
                  "Plan Width": 0,
                  "Actual Startup Time": 0.109,
                  "Actual Total Time": 118.961,
                  "Actual Rows": 940444,
                  "Actual Loops": 4,
                  "Filter": "(keyword_id > 716)",
                  "Rows Removed by Filter": 190538
                }
              ]
            }
          ]
        }
      ]
    },
    "Planning Time": 0.185,
    "Triggers": [],
    "Execution Time": 177.268
  }
]