[
    {
        "Bao": {
            "Bao prediction": 1285.156,
            "Bao recommended hint": "(no hint)"
        }
    },
    {
        "Plan": {
            "Node Type": "Aggregate",
            "Strategy": "Plain",
            "Partial Mode": "Finalize",
            "Parallel Aware": false,
            "Startup Cost": 615684.69,
            "Total Cost": 615684.7,
            "Plan Rows": 1,
            "Plan Width": 8,
            "Actual Startup Time": 6428.509,
            "Actual Total Time": 6482.631,
            "Actual Rows": 1,
            "Actual Loops": 1,
            "Output": [
                "count(*)"
            ],
            "Plans": [
                {
                    "Node Type": "Gather",
                    "Parent Relationship": "Outer",
                    "Parallel Aware": false,
                    "Startup Cost": 615684.06,
                    "Total Cost": 615684.67,
                    "Plan Rows": 6,
                    "Plan Width": 8,
                    "Actual Startup Time": 6395.875,
                    "Actual Total Time": 6482.618,
                    "Actual Rows": 7,
                    "Actual Loops": 1,
                    "Output": [
                        "(PARTIAL count(*))"
                    ],
                    "Workers Planned": 6,
                    "Workers Launched": 6,
                    "Single Copy": false,
                    "Plans": [
                        {
                            "Node Type": "Aggregate",
                            "Strategy": "Plain",
                            "Partial Mode": "Partial",
                            "Parent Relationship": "Outer",
                            "Parallel Aware": false,
                            "Startup Cost": 614684.06,
                            "Total Cost": 614684.07,
                            "Plan Rows": 1,
                            "Plan Width": 8,
                            "Actual Startup Time": 6375.321,
                            "Actual Total Time": 6376.035,
                            "Actual Rows": 1,
                            "Actual Loops": 7,
                            "Output": [
                                "PARTIAL count(*)"
                            ],
                            "Workers": [
                                {
                                    "Worker Number": 0,
                                    "Actual Startup Time": 6375.33,
                                    "Actual Total Time": 6375.335,
                                    "Actual Rows": 1,
                                    "Actual Loops": 1
                                },
                                {
                                    "Worker Number": 1,
                                    "Actual Startup Time": 6372.225,
                                    "Actual Total Time": 6372.229,
                                    "Actual Rows": 1,
                                    "Actual Loops": 1
                                },
                                {
                                    "Worker Number": 2,
                                    "Actual Startup Time": 6371.139,
                                    "Actual Total Time": 6371.153,
                                    "Actual Rows": 1,
                                    "Actual Loops": 1
                                },
                                {
                                    "Worker Number": 3,
                                    "Actual Startup Time": 6371.222,
                                    "Actual Total Time": 6371.227,
                                    "Actual Rows": 1,
                                    "Actual Loops": 1
                                },
                                {
                                    "Worker Number": 4,
                                    "Actual Startup Time": 6371.293,
                                    "Actual Total Time": 6371.297,
                                    "Actual Rows": 1,
                                    "Actual Loops": 1
                                },
                                {
                                    "Worker Number": 5,
                                    "Actual Startup Time": 6371.259,
                                    "Actual Total Time": 6371.264,
                                    "Actual Rows": 1,
                                    "Actual Loops": 1
                                }
                            ],
                            "Plans": [
                                {
                                    "Node Type": "Hash Join",
                                    "Parent Relationship": "Outer",
                                    "Parallel Aware": true,
                                    "Join Type": "Inner",
                                    "Startup Cost": 256127.54,
                                    "Total Cost": 605515.13,
                                    "Plan Rows": 3667573,
                                    "Plan Width": 0,
                                    "Actual Startup Time": 1303.835,
                                    "Actual Total Time": 5306.703,
                                    "Actual Rows": 21227633,
                                    "Actual Loops": 7,
                                    "Inner Unique": false,
                                    "Hash Cond": "(ci.movie_id = t.id)",
                                    "Workers": [
                                        {
                                            "Worker Number": 0,
                                            "Actual Startup Time": 1300.241,
                                            "Actual Total Time": 5309.556,
                                            "Actual Rows": 20930929,
                                            "Actual Loops": 1
                                        },
                                        {
                                            "Worker Number": 1,
                                            "Actual Startup Time": 1301.214,
                                            "Actual Total Time": 5261.476,
                                            "Actual Rows": 20609878,
                                            "Actual Loops": 1
                                        },
                                        {
                                            "Worker Number": 2,
                                            "Actual Startup Time": 1300.314,
                                            "Actual Total Time": 5257.018,
                                            "Actual Rows": 19962130,
                                            "Actual Loops": 1
                                        },
                                        {
                                            "Worker Number": 3,
                                            "Actual Startup Time": 1300.344,
                                            "Actual Total Time": 5263.447,
                                            "Actual Rows": 20305718,
                                            "Actual Loops": 1
                                        },
                                        {
                                            "Worker Number": 4,
                                            "Actual Startup Time": 1300.347,
                                            "Actual Total Time": 5312.875,
                                            "Actual Rows": 21258016,
                                            "Actual Loops": 1
                                        },
                                        {
                                            "Worker Number": 5,
                                            "Actual Startup Time": 1300.405,
                                            "Actual Total Time": 5330.197,
                                            "Actual Rows": 22103838,
                                            "Actual Loops": 1
                                        }
                                    ],
                                    "Plans": [
                                        {
                                            "Node Type": "Seq Scan",
                                            "Parent Relationship": "Outer",
                                            "Parallel Aware": true,
                                            "Relation Name": "cast_info",
                                            "Schema": "public",
                                            "Alias": "ci",
                                            "Startup Cost": 0.0,
                                            "Total Cost": 328213.62,
                                            "Plan Rows": 3690353,
                                            "Plan Width": 4,
                                            "Actual Startup Time": 0.029,
                                            "Actual Total Time": 548.944,
                                            "Actual Rows": 3150127,
                                            "Actual Loops": 7,
                                            "Output": [
                                                "ci.id",
                                                "ci.person_id",
                                                "ci.movie_id",
                                                "ci.person_role_id",
                                                "ci.note",
                                                "ci.nr_order",
                                                "ci.role_id"
                                            ],
                                            "Filter": "(ci.person_id < 2245600)",
                                            "Rows Removed by Filter": 2027636,
                                            "Workers": [
                                                {
                                                    "Worker Number": 0,
                                                    "Actual Startup Time": 0.03,
                                                    "Actual Total Time": 567.238,
                                                    "Actual Rows": 3132962,
                                                    "Actual Loops": 1
                                                },
                                                {
                                                    "Worker Number": 1,
                                                    "Actual Startup Time": 0.033,
                                                    "Actual Total Time": 551.704,
                                                    "Actual Rows": 3038194,
                                                    "Actual Loops": 1
                                                },
                                                {
                                                    "Worker Number": 2,
                                                    "Actual Startup Time": 0.031,
                                                    "Actual Total Time": 558.617,
                                                    "Actual Rows": 2995874,
                                                    "Actual Loops": 1
                                                },
                                                {
                                                    "Worker Number": 3,
                                                    "Actual Startup Time": 0.036,
                                                    "Actual Total Time": 555.221,
                                                    "Actual Rows": 3008413,
                                                    "Actual Loops": 1
                                                },
                                                {
                                                    "Worker Number": 4,
                                                    "Actual Startup Time": 0.03,
                                                    "Actual Total Time": 561.253,
                                                    "Actual Rows": 3132560,
                                                    "Actual Loops": 1
                                                },
                                                {
                                                    "Worker Number": 5,
                                                    "Actual Startup Time": 0.031,
                                                    "Actual Total Time": 557.079,
                                                    "Actual Rows": 3278173,
                                                    "Actual Loops": 1
                                                }
                                            ]
                                        },
                                        {
                                            "Node Type": "Hash",
                                            "Parent Relationship": "Inner",
                                            "Parallel Aware": true,
                                            "Startup Cost": 249845.75,
                                            "Total Cost": 249845.75,
                                            "Plan Rows": 502543,
                                            "Plan Width": 8,
                                            "Actual Startup Time": 1296.89,
                                            "Actual Total Time": 1297.602,
                                            "Actual Rows": 736833,
                                            "Actual Loops": 7,
                                            "Output": [
                                                "t.id",
                                                "mi.movie_id"
                                            ],
                                            "Hash Buckets": 8388608,
                                            "Original Hash Buckets": 4194304,
                                            "Hash Batches": 1,
                                            "Original Hash Batches": 1,
                                            "Peak Memory Usage": 300192,
                                            "Workers": [
                                                {
                                                    "Worker Number": 0,
                                                    "Actual Startup Time": 1299.393,
                                                    "Actual Total Time": 1299.396,
                                                    "Actual Rows": 683632,
                                                    "Actual Loops": 1
                                                },
                                                {
                                                    "Worker Number": 1,
                                                    "Actual Startup Time": 1300.699,
                                                    "Actual Total Time": 1300.702,
                                                    "Actual Rows": 699424,
                                                    "Actual Loops": 1
                                                },
                                                {
                                                    "Worker Number": 2,
                                                    "Actual Startup Time": 1299.237,
                                                    "Actual Total Time": 1299.249,
                                                    "Actual Rows": 692787,
                                                    "Actual Loops": 1
                                                },
                                                {
                                                    "Worker Number": 3,
                                                    "Actual Startup Time": 1299.296,
                                                    "Actual Total Time": 1299.299,
                                                    "Actual Rows": 696575,
                                                    "Actual Loops": 1
                                                },
                                                {
                                                    "Worker Number": 4,
                                                    "Actual Startup Time": 1299.461,
                                                    "Actual Total Time": 1299.464,
                                                    "Actual Rows": 680657,
                                                    "Actual Loops": 1
                                                },
                                                {
                                                    "Worker Number": 5,
                                                    "Actual Startup Time": 1299.557,
                                                    "Actual Total Time": 1299.56,
                                                    "Actual Rows": 682040,
                                                    "Actual Loops": 1
                                                }
                                            ],
                                            "Plans": [
                                                {
                                                    "Node Type": "Hash Join",
                                                    "Parent Relationship": "Outer",
                                                    "Parallel Aware": true,
                                                    "Join Type": "Inner",
                                                    "Startup Cost": 45996.98,
                                                    "Total Cost": 249845.75,
                                                    "Plan Rows": 502543,
                                                    "Plan Width": 8,
                                                    "Actual Startup Time": 164.53,
                                                    "Actual Total Time": 873.912,
                                                    "Actual Rows": 736833,
                                                    "Actual Loops": 7,
                                                    "Output": [
                                                        "t.id",
                                                        "mi.movie_id"
                                                    ],
                                                    "Inner Unique": true,
                                                    "Hash Cond": "(mi.movie_id = t.id)",
                                                    "Workers": [
                                                        {
                                                            "Worker Number": 0,
                                                            "Actual Startup Time": 164.514,
                                                            "Actual Total Time": 875.69,
                                                            "Actual Rows": 683632,
                                                            "Actual Loops": 1
                                                        },
                                                        {
                                                            "Worker Number": 1,
                                                            "Actual Startup Time": 164.551,
                                                            "Actual Total Time": 875.762,
                                                            "Actual Rows": 699424,
                                                            "Actual Loops": 1
                                                        },
                                                        {
                                                            "Worker Number": 2,
                                                            "Actual Startup Time": 164.537,
                                                            "Actual Total Time": 874.669,
                                                            "Actual Rows": 692787,
                                                            "Actual Loops": 1
                                                        },
                                                        {
                                                            "Worker Number": 3,
                                                            "Actual Startup Time": 164.493,
                                                            "Actual Total Time": 874.868,
                                                            "Actual Rows": 696575,
                                                            "Actual Loops": 1
                                                        },
                                                        {
                                                            "Worker Number": 4,
                                                            "Actual Startup Time": 164.504,
                                                            "Actual Total Time": 877.559,
                                                            "Actual Rows": 680657,
                                                            "Actual Loops": 1
                                                        },
                                                        {
                                                            "Worker Number": 5,
                                                            "Actual Startup Time": 164.517,
                                                            "Actual Total Time": 875.766,
                                                            "Actual Rows": 682040,
                                                            "Actual Loops": 1
                                                        }
                                                    ],
                                                    "Plans": [
                                                        {
                                                            "Node Type": "Seq Scan",
                                                            "Parent Relationship": "Outer",
                                                            "Parallel Aware": true,
                                                            "Relation Name": "movie_info",
                                                            "Schema": "public",
                                                            "Alias": "mi",
                                                            "Startup Cost": 0.0,
                                                            "Total Cost": 198880.74,
                                                            "Plan Rows": 1892579,
                                                            "Plan Width": 4,
                                                            "Actual Startup Time": 18.408,
                                                            "Actual Total Time": 383.634,
                                                            "Actual Rows": 1346457,
                                                            "Actual Loops": 7,
                                                            "Output": [
                                                                "mi.id",
                                                                "mi.movie_id",
                                                                "mi.info_type_id",
                                                                "mi.info",
                                                                "mi.note"
                                                            ],
                                                            "Filter": "(mi.info_type_id > 5)",
                                                            "Rows Removed by Filter": 772931,
                                                            "Workers": [
                                                                {
                                                                    "Worker Number": 0,
                                                                    "Actual Startup Time": 18.315,
                                                                    "Actual Total Time": 395.535,
                                                                    "Actual Rows": 1235007,
                                                                    "Actual Loops": 1
                                                                },
                                                                {
                                                                    "Worker Number": 1,
                                                                    "Actual Startup Time": 18.446,
                                                                    "Actual Total Time": 392.662,
                                                                    "Actual Rows": 1269399,
                                                                    "Actual Loops": 1
                                                                },
                                                                {
                                                                    "Worker Number": 2,
                                                                    "Actual Startup Time": 18.424,
                                                                    "Actual Total Time": 391.67,
                                                                    "Actual Rows": 1256764,
                                                                    "Actual Loops": 1
                                                                },
                                                                {
                                                                    "Worker Number": 3,
                                                                    "Actual Startup Time": 18.429,
                                                                    "Actual Total Time": 391.489,
                                                                    "Actual Rows": 1262902,
                                                                    "Actual Loops": 1
                                                                },
                                                                {
                                                                    "Worker Number": 4,
                                                                    "Actual Startup Time": 18.391,
                                                                    "Actual Total Time": 395.651,
                                                                    "Actual Rows": 1229343,
                                                                    "Actual Loops": 1
                                                                },
                                                                {
                                                                    "Worker Number": 5,
                                                                    "Actual Startup Time": 18.435,
                                                                    "Actual Total Time": 395.2,
                                                                    "Actual Rows": 1229851,
                                                                    "Actual Loops": 1
                                                                }
                                                            ]
                                                        },
                                                        {
                                                            "Node Type": "Hash",
                                                            "Parent Relationship": "Inner",
                                                            "Parallel Aware": true,
                                                            "Startup Cost": 43899.01,
                                                            "Total Cost": 43899.01,
                                                            "Plan Rows": 167838,
                                                            "Plan Width": 4,
                                                            "Actual Startup Time": 129.922,
                                                            "Actual Total Time": 129.924,
                                                            "Actual Rows": 94689,
                                                            "Actual Loops": 7,
                                                            "Output": [
                                                                "t.id"
                                                            ],
                                                            "Hash Buckets": 1048576,
                                                            "Original Hash Buckets": 1048576,
                                                            "Hash Batches": 1,
                                                            "Original Hash Batches": 1,
                                                            "Peak Memory Usage": 34240,
                                                            "Workers": [
                                                                {
                                                                    "Worker Number": 0,
                                                                    "Actual Startup Time": 130.787,
                                                                    "Actual Total Time": 130.788,
                                                                    "Actual Rows": 85568,
                                                                    "Actual Loops": 1
                                                                },
                                                                {
                                                                    "Worker Number": 1,
                                                                    "Actual Startup Time": 130.833,
                                                                    "Actual Total Time": 130.834,
                                                                    "Actual Rows": 87692,
                                                                    "Actual Loops": 1
                                                                },
                                                                {
                                                                    "Worker Number": 2,
                                                                    "Actual Startup Time": 130.791,
                                                                    "Actual Total Time": 130.8,
                                                                    "Actual Rows": 87513,
                                                                    "Actual Loops": 1
                                                                },
                                                                {
                                                                    "Worker Number": 3,
                                                                    "Actual Startup Time": 130.778,
                                                                    "Actual Total Time": 130.78,
                                                                    "Actual Rows": 87614,
                                                                    "Actual Loops": 1
                                                                },
                                                                {
                                                                    "Worker Number": 4,
                                                                    "Actual Startup Time": 130.785,
                                                                    "Actual Total Time": 130.786,
                                                                    "Actual Rows": 83918,
                                                                    "Actual Loops": 1
                                                                },
                                                                {
                                                                    "Worker Number": 5,
                                                                    "Actual Startup Time": 130.788,
                                                                    "Actual Total Time": 130.788,
                                                                    "Actual Rows": 83648,
                                                                    "Actual Loops": 1
                                                                }
                                                            ],
                                                            "Plans": [
                                                                {
                                                                    "Node Type": "Seq Scan",
                                                                    "Parent Relationship": "Outer",
                                                                    "Parallel Aware": true,
                                                                    "Relation Name": "title",
                                                                    "Schema": "public",
                                                                    "Alias": "t",
                                                                    "Startup Cost": 0.0,
                                                                    "Total Cost": 43899.01,
                                                                    "Plan Rows": 167838,
                                                                    "Plan Width": 4,
                                                                    "Actual Startup Time": 41.476,
                                                                    "Actual Total Time": 83.018,
                                                                    "Actual Rows": 94689,
                                                                    "Actual Loops": 7,
                                                                    "Output": [
                                                                        "t.id"
                                                                    ],
                                                                    "Filter": "(t.kind_id = 1)",
                                                                    "Rows Removed by Filter": 266498,
                                                                    "Workers": [
                                                                        {
                                                                            "Worker Number": 0,
                                                                            "Actual Startup Time": 47.686,
                                                                            "Actual Total Time": 83.74,
                                                                            "Actual Rows": 85568,
                                                                            "Actual Loops": 1
                                                                        },
                                                                        {
                                                                            "Worker Number": 1,
                                                                            "Actual Startup Time": 47.83,
                                                                            "Actual Total Time": 84.031,
                                                                            "Actual Rows": 87692,
                                                                            "Actual Loops": 1
                                                                        },
                                                                        {
                                                                            "Worker Number": 2,
                                                                            "Actual Startup Time": 47.67,
                                                                            "Actual Total Time": 84.33,
                                                                            "Actual Rows": 87513,
                                                                            "Actual Loops": 1
                                                                        },
                                                                        {
                                                                            "Worker Number": 3,
                                                                            "Actual Startup Time": 47.615,
                                                                            "Actual Total Time": 83.961,
                                                                            "Actual Rows": 87614,
                                                                            "Actual Loops": 1
                                                                        },
                                                                        {
                                                                            "Worker Number": 4,
                                                                            "Actual Startup Time": 47.892,
                                                                            "Actual Total Time": 83.503,
                                                                            "Actual Rows": 83918,
                                                                            "Actual Loops": 1
                                                                        },
                                                                        {
                                                                            "Worker Number": 5,
                                                                            "Actual Startup Time": 47.678,
                                                                            "Actual Total Time": 83.802,
                                                                            "Actual Rows": 83648,
                                                                            "Actual Loops": 1
                                                                        }
                                                                    ]
                                                                }
                                                            ]
                                                        }
                                                    ]
                                                }
                                            ]
                                        }
                                    ]
                                }
                            ]
                        }
                    ]
                }
            ]
        },
        "Planning Time": 764.259,
        "Triggers": [],
        "Execution Time": 6482.828
    }
]