{
  "Plan": {
    "Node Type": "Aggregate",
    "Strategy": "Plain",
    "Partial Mode": "Finalize",
    "Parallel Aware": false,
    "Startup Cost": 864857.59,
    "Total Cost": 864857.6,
    "Plan Rows": 1,
    "Plan Width": 8,
    "Actual Startup Time": 4174.413,
    "Actual Total Time": 4234.002,
    "Actual Rows": 1,
    "Actual Loops": 1,
    "Plans": [
      {
        "Node Type": "Gather",
        "Parent Relationship": "Outer",
        "Parallel Aware": false,
        "Startup Cost": 864857.48,
        "Total Cost": 864857.59,
        "Plan Rows": 1,
        "Plan Width": 8,
        "Actual Startup Time": 4168.512,
        "Actual Total Time": 4233.992,
        "Actual Rows": 2,
        "Actual Loops": 1,
        "Workers Planned": 1,
        "Workers Launched": 1,
        "Single Copy": false,
        "Plans": [
          {
            "Node Type": "Aggregate",
            "Strategy": "Plain",
            "Partial Mode": "Partial",
            "Parent Relationship": "Outer",
            "Parallel Aware": false,
            "Startup Cost": 863857.48,
            "Total Cost": 863857.49,
            "Plan Rows": 1,
            "Plan Width": 8,
            "Actual Startup Time": 4159.779,
            "Actual Total Time": 4160.297,
            "Actual Rows": 1,
            "Actual Loops": 2,
            "Plans": [
              {
                "Node Type": "Hash Join",
                "Parent Relationship": "Outer",
                "Parallel Aware": true,
                "Join Type": "Inner",
                "Startup Cost": 665802.8,
                "Total Cost": 859868.36,
                "Plan Rows": 1595645,
                "Plan Width": 0,
                "Actual Startup Time": 3550.555,
                "Actual Total Time": 4110.319,
                "Actual Rows": 1126284,
                "Actual Loops": 2,
                "Inner Unique": false,
                "Hash Cond": "(mi.movie_id = t.id)",
                "Plans": [
                  {
                    "Node Type": "Bitmap Heap Scan",
                    "Parent Relationship": "Outer",
                    "Parallel Aware": true,
                    "Relation Name": "movie_info",
                    "Alias": "mi",
                    "Startup Cost": 37261.42,
                    "Total Cost": 214378.69,
                    "Plan Rows": 1209942,
                    "Plan Width": 4,
                    "Actual Startup Time": 65.651,
                    "Actual Total Time": 154.685,
                    "Actual Rows": 1045534,
                    "Actual Loops": 2,
                    "Recheck Cond": "(info_type_id < 3)",
                    "Rows Removed by Index Recheck": 0,
                    "Exact Heap Blocks": 6887,
                    "Lossy Heap Blocks": 0,
                    "Plans": [
                      {
                        "Node Type": "Bitmap Index Scan",
                        "Parent Relationship": "Outer",
                        "Parallel Aware": false,
                        "Index Name": "info_type_id_movie_info",
                        "Startup Cost": 0.0,
                        "Total Cost": 36747.19,
                        "Plan Rows": 2056901,
                        "Plan Width": 0,
                        "Actual Startup Time": 63.822,
                        "Actual Total Time": 63.822,
                        "Actual Rows": 2091068,
                        "Actual Loops": 1,
                        "Index Cond": "(info_type_id < 3)"
                      }
                    ]
                  },
                  {
                    "Node Type": "Hash",
                    "Parent Relationship": "Inner",
                    "Parallel Aware": true,
                    "Startup Cost": 604024.77,
                    "Total Cost": 604024.77,
                    "Plan Rows": 1961329,
                    "Plan Width": 8,
                    "Actual Startup Time": 3467.441,
                    "Actual Total Time": 3467.957,
                    "Actual Rows": 1324869,
                    "Actual Loops": 2,
                    "Hash Buckets": 4194304,
                    "Original Hash Buckets": 4194304,
                    "Hash Batches": 1,
                    "Original Hash Batches": 1,
                    "Peak Memory Usage": 136448,
                    "Plans": [
                      {
                        "Node Type": "Hash Join",
                        "Parent Relationship": "Outer",
                        "Parallel Aware": true,
                        "Join Type": "Inner",
                        "Startup Cost": 62585.02,
                        "Total Cost": 604024.77,
                        "Plan Rows": 1961329,
                        "Plan Width": 8,
                        "Actual Startup Time": 209.063,
                        "Actual Total Time": 3044.545,
                        "Actual Rows": 1324869,
                        "Actual Loops": 2,
                        "Inner Unique": true,
                        "Hash Cond": "(ci.movie_id = t.id)",
                        "Plans": [
                          {
                            "Node Type": "Seq Scan",
                            "Parent Relationship": "Outer",
                            "Parallel Aware": true,
                            "Relation Name": "cast_info",
                            "Alias": "ci",
                            "Startup Cost": 0.0,
                            "Total Cost": 519069.44,
                            "Plan Rows": 8522012,
                            "Plan Width": 4,
                            "Actual Startup Time": 0.015,
                            "Actual Total Time": 1362.537,
                            "Actual Rows": 7247074,
                            "Actual Loops": 2,
                            "Filter": "(person_id < 1427404)",
                            "Rows Removed by Filter": 10875098
                          },
                          {
                            "Node Type": "Hash",
                            "Parent Relationship": "Inner",
                            "Parallel Aware": true,
                            "Startup Cost": 58306.47,
                            "Total Cost": 58306.47,
                            "Plan Rows": 342284,
                            "Plan Width": 4,
                            "Actual Startup Time": 205.998,
                            "Actual Total Time": 205.999,
                            "Actual Rows": 226242,
                            "Actual Loops": 2,
                            "Hash Buckets": 1048576,
                            "Original Hash Buckets": 1048576,
                            "Hash Batches": 1,
                            "Original Hash Batches": 1,
                            "Peak Memory Usage": 25920,
                            "Plans": [
                              {
                                "Node Type": "Seq Scan",
                                "Parent Relationship": "Outer",
                                "Parallel Aware": true,
                                "Relation Name": "title",
                                "Alias": "t",
                                "Startup Cost": 0.0,
                                "Total Cost": 58306.47,
                                "Plan Rows": 342284,
                                "Plan Width": 4,
                                "Actual Startup Time": 0.024,
                                "Actual Total Time": 143.005,
                                "Actual Rows": 226242,
                                "Actual Loops": 2,
                                "Filter": "((kind_id > 3) AND (production_year < 1997))",
                                "Rows Removed by Filter": 1037914
                              }
                            ]
                          }
                        ]
                      }
                    ]
                  }
                ]
              }
            ]
          }
        ]
      }
    ]
  },
  "Planning Time": 0.696,
  "Triggers": [],
  "Execution Time": 4234.088
}