{
    "Plan": {
        "Node Type": "Aggregate",
        "Strategy": "Plain",
        "Partial Mode": "Simple",
        "Parallel Aware": false,
        "Startup Cost": 70003214272.93,
        "Total Cost": 70003214272.94,
        "Plan Rows": 1,
        "Plan Width": 96,
        "Actual Startup Time": 7721.703,
        "Actual Total Time": 7722.412,
        "Actual Rows": 1,
        "Actual Loops": 1,
        "Output": [
            "min(chn.name)",
            "min(n.name)",
            "min(t.title)"
        ],
        "Plans": [
            {
                "Node Type": "Nested Loop",
                "Parent Relationship": "Outer",
                "Parallel Aware": false,
                "Join Type": "Inner",
                "Startup Cost": 70003211307.34,
                "Total Cost": 70003214272.92,
                "Plan Rows": 1,
                "Plan Width": 48,
                "Actual Startup Time": 7707.899,
                "Actual Total Time": 7722.401,
                "Actual Rows": 5,
                "Actual Loops": 1,
                "Output": [
                    "chn.name",
                    "n.name",
                    "t.title"
                ],
                "Inner Unique": true,
                "Plans": [
                    {
                        "Node Type": "Hash Join",
                        "Parent Relationship": "Outer",
                        "Parallel Aware": false,
                        "Join Type": "Inner",
                        "Startup Cost": 60003211306.84,
                        "Total Cost": 60003214268.42,
                        "Plan Rows": 1,
                        "Plan Width": 36,
                        "Actual Startup Time": 7707.849,
                        "Actual Total Time": 7722.329,
                        "Actual Rows": 5,
                        "Actual Loops": 1,
                        "Output": [
                            "ci.person_role_id",
                            "n.name",
                            "t.title"
                        ],
                        "Inner Unique": false,
                        "Hash Cond": "(k.id = mk.keyword_id)",
                        "Plans": [
                            {
                                "Node Type": "Seq Scan",
                                "Parent Relationship": "Outer",
                                "Parallel Aware": false,
                                "Relation Name": "keyword",
                                "Schema": "public",
                                "Alias": "k",
                                "Startup Cost": 0.0,
                                "Total Cost": 2961.55,
                                "Plan Rows": 4,
                                "Plan Width": 4,
                                "Actual Startup Time": 0.087,
                                "Actual Total Time": 14.233,
                                "Actual Rows": 4,
                                "Actual Loops": 1,
                                "Output": [
                                    "k.id",
                                    "k.keyword",
                                    "k.phonetic_code"
                                ],
                                "Filter": "(k.keyword = ANY ('{marvel-comics,based-on-comic,based-on-novel,tough-girl}'::text[]))",
                                "Rows Removed by Filter": 134166
                            },
                            {
                                "Node Type": "Hash",
                                "Parent Relationship": "Inner",
                                "Parallel Aware": false,
                                "Startup Cost": 60003211306.83,
                                "Total Cost": 60003211306.83,
                                "Plan Rows": 1,
                                "Plan Width": 40,
                                "Actual Startup Time": 7707.363,
                                "Actual Total Time": 7708.068,
                                "Actual Rows": 175,
                                "Actual Loops": 1,
                                "Output": [
                                    "ci.person_role_id",
                                    "mk.keyword_id",
                                    "n.name",
                                    "t.title"
                                ],
                                "Hash Buckets": 1024,
                                "Original Hash Buckets": 1024,
                                "Hash Batches": 1,
                                "Original Hash Batches": 1,
                                "Peak Memory Usage": 22,
                                "Plans": [
                                    {
                                        "Node Type": "Merge Join",
                                        "Parent Relationship": "Outer",
                                        "Parallel Aware": false,
                                        "Join Type": "Inner",
                                        "Startup Cost": 60003188687.15,
                                        "Total Cost": 60003211306.83,
                                        "Plan Rows": 1,
                                        "Plan Width": 40,
                                        "Actual Startup Time": 7707.296,
                                        "Actual Total Time": 7708.033,
                                        "Actual Rows": 175,
                                        "Actual Loops": 1,
                                        "Output": [
                                            "ci.person_role_id",
                                            "mk.keyword_id",
                                            "n.name",
                                            "t.title"
                                        ],
                                        "Inner Unique": false,
                                        "Merge Cond": "(mk.movie_id = t.id)",
                                        "Plans": [
                                            {
                                                "Node Type": "Sort",
                                                "Parent Relationship": "Outer",
                                                "Parallel Aware": false,
                                                "Startup Cost": 10000569794.43,
                                                "Total Cost": 10000581104.25,
                                                "Plan Rows": 4523930,
                                                "Plan Width": 8,
                                                "Actual Startup Time": 1578.223,
                                                "Actual Total Time": 1673.395,
                                                "Actual Rows": 2394125,
                                                "Actual Loops": 1,
                                                "Output": [
                                                    "mk.movie_id",
                                                    "mk.keyword_id"
                                                ],
                                                "Sort Key": [
                                                    "mk.movie_id"
                                                ],
                                                "Sort Method": "quicksort",
                                                "Sort Space Used": 408668,
                                                "Sort Space Type": "Memory",
                                                "Plans": [
                                                    {
                                                        "Node Type": "Seq Scan",
                                                        "Parent Relationship": "Outer",
                                                        "Parallel Aware": false,
                                                        "Relation Name": "movie_keyword",
                                                        "Schema": "public",
                                                        "Alias": "mk",
                                                        "Startup Cost": 10000000000.0,
                                                        "Total Cost": 10000069693.3,
                                                        "Plan Rows": 4523930,
                                                        "Plan Width": 8,
                                                        "Actual Startup Time": 0.01,
                                                        "Actual Total Time": 582.704,
                                                        "Actual Rows": 4523930,
                                                        "Actual Loops": 1,
                                                        "Output": [
                                                            "mk.movie_id",
                                                            "mk.keyword_id"
                                                        ]
                                                    }
                                                ]
                                            },
                                            {
                                                "Node Type": "Sort",
                                                "Parent Relationship": "Inner",
                                                "Parallel Aware": false,
                                                "Startup Cost": 50002618892.72,
                                                "Total Cost": 50002618892.73,
                                                "Plan Rows": 1,
                                                "Plan Width": 52,
                                                "Actual Startup Time": 5903.802,
                                                "Actual Total Time": 5904.514,
                                                "Actual Rows": 141,
                                                "Actual Loops": 1,
                                                "Output": [
                                                    "ci.movie_id",
                                                    "ci.person_role_id",
                                                    "mc.movie_id",
                                                    "mi.movie_id",
                                                    "n.name",
                                                    "t.title",
                                                    "t.id"
                                                ],
                                                "Sort Key": [
                                                    "ci.movie_id"
                                                ],
                                                "Sort Method": "quicksort",
                                                "Sort Space Used": 25,
                                                "Sort Space Type": "Memory",
                                                "Plans": [
                                                    {
                                                        "Node Type": "Gather",
                                                        "Parent Relationship": "Outer",
                                                        "Parallel Aware": false,
                                                        "Startup Cost": 50002561598.75,
                                                        "Total Cost": 50002618892.71,
                                                        "Plan Rows": 1,
                                                        "Plan Width": 52,
                                                        "Actual Startup Time": 4760.508,
                                                        "Actual Total Time": 5904.485,
                                                        "Actual Rows": 5,
                                                        "Actual Loops": 1,
                                                        "Output": [
                                                            "ci.movie_id",
                                                            "ci.person_role_id",
                                                            "mc.movie_id",
                                                            "mi.movie_id",
                                                            "n.name",
                                                            "t.title",
                                                            "t.id"
                                                        ],
                                                        "Workers Planned": 3,
                                                        "Workers Launched": 3,
                                                        "Single Copy": false,
                                                        "Plans": [
                                                            {
                                                                "Node Type": "Hash Join",
                                                                "Parent Relationship": "Outer",
                                                                "Parallel Aware": true,
                                                                "Join Type": "Inner",
                                                                "Startup Cost": 50002560598.75,
                                                                "Total Cost": 50002617892.61,
                                                                "Plan Rows": 1,
                                                                "Plan Width": 52,
                                                                "Actual Startup Time": 5426.296,
                                                                "Actual Total Time": 5427.973,
                                                                "Actual Rows": 1,
                                                                "Actual Loops": 4,
                                                                "Output": [
                                                                    "ci.movie_id",
                                                                    "ci.person_role_id",
                                                                    "mc.movie_id",
                                                                    "mi.movie_id",
                                                                    "n.name",
                                                                    "t.title",
                                                                    "t.id"
                                                                ],
                                                                "Inner Unique": false,
                                                                "Hash Cond": "(ci.person_id = n.id)",
                                                                "Workers": [
                                                                    {
                                                                        "Worker Number": 0,
                                                                        "Actual Startup Time": 5166.528,
                                                                        "Actual Total Time": 5166.537,
                                                                        "Actual Rows": 0,
                                                                        "Actual Loops": 1
                                                                    },
                                                                    {
                                                                        "Worker Number": 1,
                                                                        "Actual Startup Time": 5889.439,
                                                                        "Actual Total Time": 5889.461,
                                                                        "Actual Rows": 0,
                                                                        "Actual Loops": 1
                                                                    },
                                                                    {
                                                                        "Worker Number": 2,
                                                                        "Actual Startup Time": 5889.308,
                                                                        "Actual Total Time": 5889.318,
                                                                        "Actual Rows": 0,
                                                                        "Actual Loops": 1
                                                                    }
                                                                ],
                                                                "Plans": [
                                                                    {
                                                                        "Node Type": "Hash Join",
                                                                        "Parent Relationship": "Outer",
                                                                        "Parallel Aware": false,
                                                                        "Join Type": "Inner",
                                                                        "Startup Cost": 50002489239.29,
                                                                        "Total Cost": 50002546533.14,
                                                                        "Plan Rows": 1,
                                                                        "Plan Width": 45,
                                                                        "Actual Startup Time": 5199.648,
                                                                        "Actual Total Time": 5203.754,
                                                                        "Actual Rows": 3,
                                                                        "Actual Loops": 4,
                                                                        "Output": [
                                                                            "an.person_id",
                                                                            "ci.movie_id",
                                                                            "ci.person_id",
                                                                            "ci.person_role_id",
                                                                            "mc.movie_id",
                                                                            "mi.movie_id",
                                                                            "t.title",
                                                                            "t.id"
                                                                        ],
                                                                        "Inner Unique": false,
                                                                        "Hash Cond": "(ci.role_id = rt.id)",
                                                                        "Workers": [
                                                                            {
                                                                                "Worker Number": 0,
                                                                                "Actual Startup Time": 4945.726,
                                                                                "Actual Total Time": 4945.733,
                                                                                "Actual Rows": 0,
                                                                                "Actual Loops": 1
                                                                            },
                                                                            {
                                                                                "Worker Number": 1,
                                                                                "Actual Startup Time": 5668.45,
                                                                                "Actual Total Time": 5668.47,
                                                                                "Actual Rows": 0,
                                                                                "Actual Loops": 1
                                                                            },
                                                                            {
                                                                                "Worker Number": 2,
                                                                                "Actual Startup Time": 5668.467,
                                                                                "Actual Total Time": 5668.475,
                                                                                "Actual Rows": 0,
                                                                                "Actual Loops": 1
                                                                            }
                                                                        ],
                                                                        "Plans": [
                                                                            {
                                                                                "Node Type": "Merge Join",
                                                                                "Parent Relationship": "Outer",
                                                                                "Parallel Aware": false,
                                                                                "Join Type": "Inner",
                                                                                "Startup Cost": 40002489238.13,
                                                                                "Total Cost": 40002546531.96,
                                                                                "Plan Rows": 1,
                                                                                "Plan Width": 49,
                                                                                "Actual Startup Time": 5163.694,
                                                                                "Actual Total Time": 5203.678,
                                                                                "Actual Rows": 14,
                                                                                "Actual Loops": 4,
                                                                                "Output": [
                                                                                    "an.person_id",
                                                                                    "ci.movie_id",
                                                                                    "ci.person_id",
                                                                                    "ci.role_id",
                                                                                    "ci.person_role_id",
                                                                                    "mc.movie_id",
                                                                                    "mi.movie_id",
                                                                                    "t.title",
                                                                                    "t.id"
                                                                                ],
                                                                                "Inner Unique": false,
                                                                                "Merge Cond": "(an.person_id = ci.person_id)",
                                                                                "Workers": [
                                                                                    {
                                                                                        "Worker Number": 0,
                                                                                        "Actual Startup Time": 4945.653,
                                                                                        "Actual Total Time": 4945.66,
                                                                                        "Actual Rows": 0,
                                                                                        "Actual Loops": 1
                                                                                    },
                                                                                    {
                                                                                        "Worker Number": 1,
                                                                                        "Actual Startup Time": 5668.371,
                                                                                        "Actual Total Time": 5668.378,
                                                                                        "Actual Rows": 0,
                                                                                        "Actual Loops": 1
                                                                                    },
                                                                                    {
                                                                                        "Worker Number": 2,
                                                                                        "Actual Startup Time": 5668.381,
                                                                                        "Actual Total Time": 5668.388,
                                                                                        "Actual Rows": 0,
                                                                                        "Actual Loops": 1
                                                                                    }
                                                                                ],
                                                                                "Plans": [
                                                                                    {
                                                                                        "Node Type": "Index Scan",
                                                                                        "Parent Relationship": "Outer",
                                                                                        "Parallel Aware": true,
                                                                                        "Scan Direction": "Forward",
                                                                                        "Index Name": "person_id_aka_name",
                                                                                        "Relation Name": "aka_name",
                                                                                        "Schema": "public",
                                                                                        "Alias": "an",
                                                                                        "Startup Cost": 0.42,
                                                                                        "Total Cost": 65906.29,
                                                                                        "Plan Rows": 290756,
                                                                                        "Plan Width": 4,
                                                                                        "Actual Startup Time": 0.099,
                                                                                        "Actual Total Time": 35.562,
                                                                                        "Actual Rows": 122068,
                                                                                        "Actual Loops": 4,
                                                                                        "Output": [
                                                                                            "an.id",
                                                                                            "an.person_id",
                                                                                            "an.name",
                                                                                            "an.imdb_index",
                                                                                            "an.name_pcode_cf",
                                                                                            "an.name_pcode_nf",
                                                                                            "an.surname_pcode",
                                                                                            "an.md5sum"
                                                                                        ],
                                                                                        "Workers": [
                                                                                            {
                                                                                                "Worker Number": 0,
                                                                                                "Actual Startup Time": 0.243,
                                                                                                "Actual Total Time": 0.358,
                                                                                                "Actual Rows": 283,
                                                                                                "Actual Loops": 1
                                                                                            },
                                                                                            {
                                                                                                "Worker Number": 1,
                                                                                                "Actual Startup Time": 0.079,
                                                                                                "Actual Total Time": 0.223,
                                                                                                "Actual Rows": 270,
                                                                                                "Actual Loops": 1
                                                                                            },
                                                                                            {
                                                                                                "Worker Number": 2,
                                                                                                "Actual Startup Time": 0.059,
                                                                                                "Actual Total Time": 0.199,
                                                                                                "Actual Rows": 294,
                                                                                                "Actual Loops": 1
                                                                                            }
                                                                                        ]
                                                                                    },
                                                                                    {
                                                                                        "Node Type": "Sort",
                                                                                        "Parent Relationship": "Inner",
                                                                                        "Parallel Aware": false,
                                                                                        "Startup Cost": 40002489237.7,
                                                                                        "Total Cost": 40002489237.71,
                                                                                        "Plan Rows": 1,
                                                                                        "Plan Width": 45,
                                                                                        "Actual Startup Time": 5160.75,
                                                                                        "Actual Total Time": 5160.761,
                                                                                        "Actual Rows": 32,
                                                                                        "Actual Loops": 4,
                                                                                        "Output": [
                                                                                            "ci.movie_id",
                                                                                            "ci.person_id",
                                                                                            "ci.role_id",
                                                                                            "ci.person_role_id",
                                                                                            "mc.movie_id",
                                                                                            "mi.movie_id",
                                                                                            "t.title",
                                                                                            "t.id"
                                                                                        ],
                                                                                        "Sort Key": [
                                                                                            "ci.person_id"
                                                                                        ],
                                                                                        "Sort Method": "quicksort",
                                                                                        "Sort Space Used": 28,
                                                                                        "Sort Space Type": "Memory",
                                                                                        "Workers": [
                                                                                            {
                                                                                                "Worker Number": 0,
                                                                                                "Actual Startup Time": 4945.269,
                                                                                                "Actual Total Time": 4945.276,
                                                                                                "Actual Rows": 22,
                                                                                                "Actual Loops": 1
                                                                                            },
                                                                                            {
                                                                                                "Worker Number": 1,
                                                                                                "Actual Startup Time": 5668.125,
                                                                                                "Actual Total Time": 5668.132,
                                                                                                "Actual Rows": 22,
                                                                                                "Actual Loops": 1
                                                                                            },
                                                                                            {
                                                                                                "Worker Number": 2,
                                                                                                "Actual Startup Time": 5668.157,
                                                                                                "Actual Total Time": 5668.164,
                                                                                                "Actual Rows": 22,
                                                                                                "Actual Loops": 1
                                                                                            }
                                                                                        ],
                                                                                        "Plans": [
                                                                                            {
                                                                                                "Node Type": "Nested Loop",
                                                                                                "Parent Relationship": "Outer",
                                                                                                "Parallel Aware": false,
                                                                                                "Join Type": "Inner",
                                                                                                "Startup Cost": 40002489219.02,
                                                                                                "Total Cost": 40002489237.69,
                                                                                                "Plan Rows": 1,
                                                                                                "Plan Width": 45,
                                                                                                "Actual Startup Time": 5159.92,
                                                                                                "Actual Total Time": 5160.693,
                                                                                                "Actual Rows": 22,
                                                                                                "Actual Loops": 4,
                                                                                                "Output": [
                                                                                                    "ci.movie_id",
                                                                                                    "ci.person_id",
                                                                                                    "ci.role_id",
                                                                                                    "ci.person_role_id",
                                                                                                    "mc.movie_id",
                                                                                                    "mi.movie_id",
                                                                                                    "t.title",
                                                                                                    "t.id"
                                                                                                ],
                                                                                                "Inner Unique": false,
                                                                                                "Join Filter": "(t.id = ci.movie_id)",
                                                                                                "Rows Removed by Join Filter": 0,
                                                                                                "Workers": [
                                                                                                    {
                                                                                                        "Worker Number": 0,
                                                                                                        "Actual Startup Time": 4944.014,
                                                                                                        "Actual Total Time": 4945.197,
                                                                                                        "Actual Rows": 22,
                                                                                                        "Actual Loops": 1
                                                                                                    },
                                                                                                    {
                                                                                                        "Worker Number": 1,
                                                                                                        "Actual Startup Time": 5667.209,
                                                                                                        "Actual Total Time": 5668.052,
                                                                                                        "Actual Rows": 22,
                                                                                                        "Actual Loops": 1
                                                                                                    },
                                                                                                    {
                                                                                                        "Worker Number": 2,
                                                                                                        "Actual Startup Time": 5667.234,
                                                                                                        "Actual Total Time": 5668.077,
                                                                                                        "Actual Rows": 22,
                                                                                                        "Actual Loops": 1
                                                                                                    }
                                                                                                ],
                                                                                                "Plans": [
                                                                                                    {
                                                                                                        "Node Type": "Hash Join",
                                                                                                        "Parent Relationship": "Outer",
                                                                                                        "Parallel Aware": false,
                                                                                                        "Join Type": "Inner",
                                                                                                        "Startup Cost": 30002489217.97,
                                                                                                        "Total Cost": 30002489231.96,
                                                                                                        "Plan Rows": 1,
                                                                                                        "Plan Width": 29,
                                                                                                        "Actual Startup Time": 5159.86,
                                                                                                        "Actual Total Time": 5159.882,
                                                                                                        "Actual Rows": 1,
                                                                                                        "Actual Loops": 4,
                                                                                                        "Output": [
                                                                                                            "mc.movie_id",
                                                                                                            "mi.movie_id",
                                                                                                            "t.title",
                                                                                                            "t.id"
                                                                                                        ],
                                                                                                        "Inner Unique": false,
                                                                                                        "Hash Cond": "(it.id = mi.info_type_id)",
                                                                                                        "Workers": [
                                                                                                            {
                                                                                                                "Worker Number": 0,
                                                                                                                "Actual Startup Time": 4943.952,
                                                                                                                "Actual Total Time": 4943.97,
                                                                                                                "Actual Rows": 1,
                                                                                                                "Actual Loops": 1
                                                                                                            },
                                                                                                            {
                                                                                                                "Worker Number": 1,
                                                                                                                "Actual Startup Time": 5667.14,
                                                                                                                "Actual Total Time": 5667.164,
                                                                                                                "Actual Rows": 1,
                                                                                                                "Actual Loops": 1
                                                                                                            },
                                                                                                            {
                                                                                                                "Worker Number": 2,
                                                                                                                "Actual Startup Time": 5667.167,
                                                                                                                "Actual Total Time": 5667.192,
                                                                                                                "Actual Rows": 1,
                                                                                                                "Actual Loops": 1
                                                                                                            }
                                                                                                        ],
                                                                                                        "Plans": [
                                                                                                            {
                                                                                                                "Node Type": "Index Scan",
                                                                                                                "Parent Relationship": "Outer",
                                                                                                                "Parallel Aware": false,
                                                                                                                "Scan Direction": "Forward",
                                                                                                                "Index Name": "info_type_pkey",
                                                                                                                "Relation Name": "info_type",
                                                                                                                "Schema": "public",
                                                                                                                "Alias": "it",
                                                                                                                "Startup Cost": 0.14,
                                                                                                                "Total Cost": 14.12,
                                                                                                                "Plan Rows": 1,
                                                                                                                "Plan Width": 4,
                                                                                                                "Actual Startup Time": 0.045,
                                                                                                                "Actual Total Time": 0.06,
                                                                                                                "Actual Rows": 1,
                                                                                                                "Actual Loops": 4,
                                                                                                                "Output": [
                                                                                                                    "it.id",
                                                                                                                    "it.info"
                                                                                                                ],
                                                                                                                "Filter": "((it.info)::text = 'release dates'::text)",
                                                                                                                "Rows Removed by Filter": 112,
                                                                                                                "Workers": [
                                                                                                                    {
                                                                                                                        "Worker Number": 0,
                                                                                                                        "Actual Startup Time": 0.054,
                                                                                                                        "Actual Total Time": 0.065,
                                                                                                                        "Actual Rows": 1,
                                                                                                                        "Actual Loops": 1
                                                                                                                    },
                                                                                                                    {
                                                                                                                        "Worker Number": 1,
                                                                                                                        "Actual Startup Time": 0.049,
                                                                                                                        "Actual Total Time": 0.067,
                                                                                                                        "Actual Rows": 1,
                                                                                                                        "Actual Loops": 1
                                                                                                                    },
                                                                                                                    {
                                                                                                                        "Worker Number": 2,
                                                                                                                        "Actual Startup Time": 0.058,
                                                                                                                        "Actual Total Time": 0.076,
                                                                                                                        "Actual Rows": 1,
                                                                                                                        "Actual Loops": 1
                                                                                                                    }
                                                                                                                ]
                                                                                                            },
                                                                                                            {
                                                                                                                "Node Type": "Hash",
                                                                                                                "Parent Relationship": "Inner",
                                                                                                                "Parallel Aware": false,
                                                                                                                "Startup Cost": 30002489217.82,
                                                                                                                "Total Cost": 30002489217.82,
                                                                                                                "Plan Rows": 1,
                                                                                                                "Plan Width": 33,
                                                                                                                "Actual Startup Time": 5159.79,
                                                                                                                "Actual Total Time": 5159.795,
                                                                                                                "Actual Rows": 1,
                                                                                                                "Actual Loops": 4,
                                                                                                                "Output": [
                                                                                                                    "mc.movie_id",
                                                                                                                    "mi.movie_id",
                                                                                                                    "mi.info_type_id",
                                                                                                                    "t.title",
                                                                                                                    "t.id"
                                                                                                                ],
                                                                                                                "Hash Buckets": 1024,
                                                                                                                "Original Hash Buckets": 1024,
                                                                                                                "Hash Batches": 1,
                                                                                                                "Original Hash Batches": 1,
                                                                                                                "Peak Memory Usage": 9,
                                                                                                                "Workers": [
                                                                                                                    {
                                                                                                                        "Worker Number": 0,
                                                                                                                        "Actual Startup Time": 4943.87,
                                                                                                                        "Actual Total Time": 4943.874,
                                                                                                                        "Actual Rows": 1,
                                                                                                                        "Actual Loops": 1
                                                                                                                    },
                                                                                                                    {
                                                                                                                        "Worker Number": 1,
                                                                                                                        "Actual Startup Time": 5667.06,
                                                                                                                        "Actual Total Time": 5667.065,
                                                                                                                        "Actual Rows": 1,
                                                                                                                        "Actual Loops": 1
                                                                                                                    },
                                                                                                                    {
                                                                                                                        "Worker Number": 2,
                                                                                                                        "Actual Startup Time": 5667.079,
                                                                                                                        "Actual Total Time": 5667.084,
                                                                                                                        "Actual Rows": 1,
                                                                                                                        "Actual Loops": 1
                                                                                                                    }
                                                                                                                ],
                                                                                                                "Plans": [
                                                                                                                    {
                                                                                                                        "Node Type": "Nested Loop",
                                                                                                                        "Parent Relationship": "Outer",
                                                                                                                        "Parallel Aware": false,
                                                                                                                        "Join Type": "Inner",
                                                                                                                        "Startup Cost": 30000000002.01,
                                                                                                                        "Total Cost": 30002489217.82,
                                                                                                                        "Plan Rows": 1,
                                                                                                                        "Plan Width": 33,
                                                                                                                        "Actual Startup Time": 4098.686,
                                                                                                                        "Actual Total Time": 5159.789,
                                                                                                                        "Actual Rows": 1,
                                                                                                                        "Actual Loops": 4,
                                                                                                                        "Output": [
                                                                                                                            "mc.movie_id",
                                                                                                                            "mi.movie_id",
                                                                                                                            "mi.info_type_id",
                                                                                                                            "t.title",
                                                                                                                            "t.id"
                                                                                                                        ],
                                                                                                                        "Inner Unique": true,
                                                                                                                        "Workers": [
                                                                                                                            {
                                                                                                                                "Worker Number": 0,
                                                                                                                                "Actual Startup Time": 3970.673,
                                                                                                                                "Actual Total Time": 4943.867,
                                                                                                                                "Actual Rows": 1,
                                                                                                                                "Actual Loops": 1
                                                                                                                            },
                                                                                                                            {
                                                                                                                                "Worker Number": 1,
                                                                                                                                "Actual Startup Time": 4526.702,
                                                                                                                                "Actual Total Time": 5667.06,
                                                                                                                                "Actual Rows": 1,
                                                                                                                                "Actual Loops": 1
                                                                                                                            },
                                                                                                                            {
                                                                                                                                "Worker Number": 2,
                                                                                                                                "Actual Startup Time": 4526.72,
                                                                                                                                "Actual Total Time": 5667.079,
                                                                                                                                "Actual Rows": 1,
                                                                                                                                "Actual Loops": 1
                                                                                                                            }
                                                                                                                        ],
                                                                                                                        "Plans": [
                                                                                                                            {
                                                                                                                                "Node Type": "Nested Loop",
                                                                                                                                "Parent Relationship": "Outer",
                                                                                                                                "Parallel Aware": false,
                                                                                                                                "Join Type": "Inner",
                                                                                                                                "Startup Cost": 20000000001.58,
                                                                                                                                "Total Cost": 20002489031.49,
                                                                                                                                "Plan Rows": 41,
                                                                                                                                "Plan Width": 37,
                                                                                                                                "Actual Startup Time": 4098.0,
                                                                                                                                "Actual Total Time": 5159.207,
                                                                                                                                "Actual Rows": 84,
                                                                                                                                "Actual Loops": 4,
                                                                                                                                "Output": [
                                                                                                                                    "mc.movie_id",
                                                                                                                                    "mc.company_id",
                                                                                                                                    "mi.movie_id",
                                                                                                                                    "mi.info_type_id",
                                                                                                                                    "t.title",
                                                                                                                                    "t.id"
                                                                                                                                ],
                                                                                                                                "Inner Unique": false,
                                                                                                                                "Join Filter": "(t.id = mc.movie_id)",
                                                                                                                                "Rows Removed by Join Filter": 0,
                                                                                                                                "Workers": [
                                                                                                                                    {
                                                                                                                                        "Worker Number": 0,
                                                                                                                                        "Actual Startup Time": 3969.966,
                                                                                                                                        "Actual Total Time": 4943.264,
                                                                                                                                        "Actual Rows": 84,
                                                                                                                                        "Actual Loops": 1
                                                                                                                                    },
                                                                                                                                    {
                                                                                                                                        "Worker Number": 1,
                                                                                                                                        "Actual Startup Time": 4525.962,
                                                                                                                                        "Actual Total Time": 5666.427,
                                                                                                                                        "Actual Rows": 84,
                                                                                                                                        "Actual Loops": 1
                                                                                                                                    },
                                                                                                                                    {
                                                                                                                                        "Worker Number": 2,
                                                                                                                                        "Actual Startup Time": 4525.981,
                                                                                                                                        "Actual Total Time": 5666.451,
                                                                                                                                        "Actual Rows": 84,
                                                                                                                                        "Actual Loops": 1
                                                                                                                                    }
                                                                                                                                ],
                                                                                                                                "Plans": [
                                                                                                                                    {
                                                                                                                                        "Node Type": "Nested Loop",
                                                                                                                                        "Parent Relationship": "Outer",
                                                                                                                                        "Parallel Aware": false,
                                                                                                                                        "Join Type": "Inner",
                                                                                                                                        "Startup Cost": 10000000000.99,
                                                                                                                                        "Total Cost": 10002488993.74,
                                                                                                                                        "Plan Rows": 8,
                                                                                                                                        "Plan Width": 29,
                                                                                                                                        "Actual Startup Time": 2786.633,
                                                                                                                                        "Actual Total Time": 5159.052,
                                                                                                                                        "Actual Rows": 10,
                                                                                                                                        "Actual Loops": 4,
                                                                                                                                        "Output": [
                                                                                                                                            "mi.movie_id",
                                                                                                                                            "mi.info_type_id",
                                                                                                                                            "t.title",
                                                                                                                                            "t.id"
                                                                                                                                        ],
                                                                                                                                        "Inner Unique": true,
                                                                                                                                        "Workers": [
                                                                                                                                            {
                                                                                                                                                "Worker Number": 0,
                                                                                                                                                "Actual Startup Time": 2707.602,
                                                                                                                                                "Actual Total Time": 4943.097,
                                                                                                                                                "Actual Rows": 10,
                                                                                                                                                "Actual Loops": 1
                                                                                                                                            },
                                                                                                                                            {
                                                                                                                                                "Worker Number": 1,
                                                                                                                                                "Actual Startup Time": 3160.19,
                                                                                                                                                "Actual Total Time": 5666.272,
                                                                                                                                                "Actual Rows": 10,
                                                                                                                                                "Actual Loops": 1
                                                                                                                                            },
                                                                                                                                            {
                                                                                                                                                "Worker Number": 2,
                                                                                                                                                "Actual Startup Time": 3160.21,
                                                                                                                                                "Actual Total Time": 5666.291,
                                                                                                                                                "Actual Rows": 10,
                                                                                                                                                "Actual Loops": 1
                                                                                                                                            }
                                                                                                                                        ],
                                                                                                                                        "Plans": [
                                                                                                                                            {
                                                                                                                                                "Node Type": "Index Scan",
                                                                                                                                                "Parent Relationship": "Outer",
                                                                                                                                                "Parallel Aware": false,
                                                                                                                                                "Scan Direction": "Forward",
                                                                                                                                                "Index Name": "info_type_id_movie_info",
                                                                                                                                                "Relation Name": "movie_info",
                                                                                                                                                "Schema": "public",
                                                                                                                                                "Alias": "mi",
                                                                                                                                                "Startup Cost": 0.43,
                                                                                                                                                "Total Cost": 1087206.91,
                                                                                                                                                "Plan Rows": 306554,
                                                                                                                                                "Plan Width": 8,
                                                                                                                                                "Actual Startup Time": 72.915,
                                                                                                                                                "Actual Total Time": 3578.191,
                                                                                                                                                "Actual Rows": 301247,
                                                                                                                                                "Actual Loops": 4,
                                                                                                                                                "Output": [
                                                                                                                                                    "mi.id",
                                                                                                                                                    "mi.movie_id",
                                                                                                                                                    "mi.info_type_id",
                                                                                                                                                    "mi.info",
                                                                                                                                                    "mi.note"
                                                                                                                                                ],
                                                                                                                                                "Filter": "((mi.info IS NOT NULL) AND ((mi.info ~~ 'Japan:%201%'::text) OR (mi.info ~~ 'USA:%201%'::text)))",
                                                                                                                                                "Rows Removed by Filter": 14534473,
                                                                                                                                                "Workers": [
                                                                                                                                                    {
                                                                                                                                                        "Worker Number": 0,
                                                                                                                                                        "Actual Startup Time": 75.631,
                                                                                                                                                        "Actual Total Time": 3382.817,
                                                                                                                                                        "Actual Rows": 301247,
                                                                                                                                                        "Actual Loops": 1
                                                                                                                                                    },
                                                                                                                                                    {
                                                                                                                                                        "Worker Number": 1,
                                                                                                                                                        "Actual Startup Time": 87.864,
                                                                                                                                                        "Actual Total Time": 4063.088,
                                                                                                                                                        "Actual Rows": 301247,
                                                                                                                                                        "Actual Loops": 1
                                                                                                                                                    },
                                                                                                                                                    {
                                                                                                                                                        "Worker Number": 2,
                                                                                                                                                        "Actual Startup Time": 87.886,
                                                                                                                                                        "Actual Total Time": 4065.122,
                                                                                                                                                        "Actual Rows": 301247,
                                                                                                                                                        "Actual Loops": 1
                                                                                                                                                    }
                                                                                                                                                ]
                                                                                                                                            },
                                                                                                                                            {
                                                                                                                                                "Node Type": "Bitmap Heap Scan",
                                                                                                                                                "Parent Relationship": "Inner",
                                                                                                                                                "Parallel Aware": false,
                                                                                                                                                "Relation Name": "title",
                                                                                                                                                "Schema": "public",
                                                                                                                                                "Alias": "t",
                                                                                                                                                "Startup Cost": 0.56,
                                                                                                                                                "Total Cost": 4.57,
                                                                                                                                                "Plan Rows": 1,
                                                                                                                                                "Plan Width": 21,
                                                                                                                                                "Actual Startup Time": 0.004,
                                                                                                                                                "Actual Total Time": 0.004,
                                                                                                                                                "Actual Rows": 0,
                                                                                                                                                "Actual Loops": 1204988,
                                                                                                                                                "Output": [
                                                                                                                                                    "t.id",
                                                                                                                                                    "t.title",
                                                                                                                                                    "t.imdb_index",
                                                                                                                                                    "t.kind_id",
                                                                                                                                                    "t.production_year",
                                                                                                                                                    "t.imdb_id",
                                                                                                                                                    "t.phonetic_code",
                                                                                                                                                    "t.episode_of_id",
                                                                                                                                                    "t.season_nr",
                                                                                                                                                    "t.episode_nr",
                                                                                                                                                    "t.series_years",
                                                                                                                                                    "t.md5sum"
                                                                                                                                                ],
                                                                                                                                                "Recheck Cond": "(t.id = mi.movie_id)",
                                                                                                                                                "Rows Removed by Index Recheck": 0,
                                                                                                                                                "Filter": "((t.title ~~ 'Kung Fu Panda%'::text) AND (t.production_year > 2008))",
                                                                                                                                                "Rows Removed by Filter": 1,
                                                                                                                                                "Exact Heap Blocks": 301247,
                                                                                                                                                "Lossy Heap Blocks": 0,
                                                                                                                                                "Workers": [
                                                                                                                                                    {
                                                                                                                                                        "Worker Number": 0,
                                                                                                                                                        "Actual Startup Time": 0.004,
                                                                                                                                                        "Actual Total Time": 0.004,
                                                                                                                                                        "Actual Rows": 0,
                                                                                                                                                        "Actual Loops": 301247
                                                                                                                                                    },
                                                                                                                                                    {
                                                                                                                                                        "Worker Number": 1,
                                                                                                                                                        "Actual Startup Time": 0.004,
                                                                                                                                                        "Actual Total Time": 0.004,
                                                                                                                                                        "Actual Rows": 0,
                                                                                                                                                        "Actual Loops": 301247
                                                                                                                                                    },
                                                                                                                                                    {
                                                                                                                                                        "Worker Number": 2,
                                                                                                                                                        "Actual Startup Time": 0.004,
                                                                                                                                                        "Actual Total Time": 0.004,
                                                                                                                                                        "Actual Rows": 0,
                                                                                                                                                        "Actual Loops": 301247
                                                                                                                                                    }
                                                                                                                                                ],
                                                                                                                                                "Plans": [
                                                                                                                                                    {
                                                                                                                                                        "Node Type": "Bitmap Index Scan",
                                                                                                                                                        "Parent Relationship": "Outer",
                                                                                                                                                        "Parallel Aware": false,
                                                                                                                                                        "Index Name": "title_pkey",
                                                                                                                                                        "Startup Cost": 0.0,
                                                                                                                                                        "Total Cost": 0.55,
                                                                                                                                                        "Plan Rows": 1,
                                                                                                                                                        "Plan Width": 0,
                                                                                                                                                        "Actual Startup Time": 0.002,
                                                                                                                                                        "Actual Total Time": 0.002,
                                                                                                                                                        "Actual Rows": 1,
                                                                                                                                                        "Actual Loops": 1204988,
                                                                                                                                                        "Index Cond": "(t.id = mi.movie_id)",
                                                                                                                                                        "Workers": [
                                                                                                                                                            {
                                                                                                                                                                "Worker Number": 0,
                                                                                                                                                                "Actual Startup Time": 0.002,
                                                                                                                                                                "Actual Total Time": 0.002,
                                                                                                                                                                "Actual Rows": 1,
                                                                                                                                                                "Actual Loops": 301247
                                                                                                                                                            },
                                                                                                                                                            {
                                                                                                                                                                "Worker Number": 1,
                                                                                                                                                                "Actual Startup Time": 0.002,
                                                                                                                                                                "Actual Total Time": 0.002,
                                                                                                                                                                "Actual Rows": 1,
                                                                                                                                                                "Actual Loops": 301247
                                                                                                                                                            },
                                                                                                                                                            {
                                                                                                                                                                "Worker Number": 2,
                                                                                                                                                                "Actual Startup Time": 0.002,
                                                                                                                                                                "Actual Total Time": 0.002,
                                                                                                                                                                "Actual Rows": 1,
                                                                                                                                                                "Actual Loops": 301247
                                                                                                                                                            }
                                                                                                                                                        ]
                                                                                                                                                    }
                                                                                                                                                ]
                                                                                                                                            }
                                                                                                                                        ]
                                                                                                                                    },
                                                                                                                                    {
                                                                                                                                        "Node Type": "Bitmap Heap Scan",
                                                                                                                                        "Parent Relationship": "Inner",
                                                                                                                                        "Parallel Aware": false,
                                                                                                                                        "Relation Name": "movie_companies",
                                                                                                                                        "Schema": "public",
                                                                                                                                        "Alias": "mc",
                                                                                                                                        "Startup Cost": 0.59,
                                                                                                                                        "Total Cost": 4.66,
                                                                                                                                        "Plan Rows": 5,
                                                                                                                                        "Plan Width": 8,
                                                                                                                                        "Actual Startup Time": 0.008,
                                                                                                                                        "Actual Total Time": 0.011,
                                                                                                                                        "Actual Rows": 8,
                                                                                                                                        "Actual Loops": 40,
                                                                                                                                        "Output": [
                                                                                                                                            "mc.id",
                                                                                                                                            "mc.movie_id",
                                                                                                                                            "mc.company_id",
                                                                                                                                            "mc.company_type_id",
                                                                                                                                            "mc.note"
                                                                                                                                        ],
                                                                                                                                        "Recheck Cond": "(mc.movie_id = mi.movie_id)",
                                                                                                                                        "Rows Removed by Index Recheck": 0,
                                                                                                                                        "Exact Heap Blocks": 16,
                                                                                                                                        "Lossy Heap Blocks": 0,
                                                                                                                                        "Workers": [
                                                                                                                                            {
                                                                                                                                                "Worker Number": 0,
                                                                                                                                                "Actual Startup Time": 0.009,
                                                                                                                                                "Actual Total Time": 0.012,
                                                                                                                                                "Actual Rows": 8,
                                                                                                                                                "Actual Loops": 10
                                                                                                                                            },
                                                                                                                                            {
                                                                                                                                                "Worker Number": 1,
                                                                                                                                                "Actual Startup Time": 0.008,
                                                                                                                                                "Actual Total Time": 0.011,
                                                                                                                                                "Actual Rows": 8,
                                                                                                                                                "Actual Loops": 10
                                                                                                                                            },
                                                                                                                                            {
                                                                                                                                                "Worker Number": 2,
                                                                                                                                                "Actual Startup Time": 0.009,
                                                                                                                                                "Actual Total Time": 0.011,
                                                                                                                                                "Actual Rows": 8,
                                                                                                                                                "Actual Loops": 10
                                                                                                                                            }
                                                                                                                                        ],
                                                                                                                                        "Plans": [
                                                                                                                                            {
                                                                                                                                                "Node Type": "Bitmap Index Scan",
                                                                                                                                                "Parent Relationship": "Outer",
                                                                                                                                                "Parallel Aware": false,
                                                                                                                                                "Index Name": "movie_id_movie_companies",
                                                                                                                                                "Startup Cost": 0.0,
                                                                                                                                                "Total Cost": 0.59,
                                                                                                                                                "Plan Rows": 5,
                                                                                                                                                "Plan Width": 0,
                                                                                                                                                "Actual Startup Time": 0.007,
                                                                                                                                                "Actual Total Time": 0.007,
                                                                                                                                                "Actual Rows": 8,
                                                                                                                                                "Actual Loops": 40,
                                                                                                                                                "Index Cond": "(mc.movie_id = mi.movie_id)",
                                                                                                                                                "Workers": [
                                                                                                                                                    {
                                                                                                                                                        "Worker Number": 0,
                                                                                                                                                        "Actual Startup Time": 0.008,
                                                                                                                                                        "Actual Total Time": 0.008,
                                                                                                                                                        "Actual Rows": 8,
                                                                                                                                                        "Actual Loops": 10
                                                                                                                                                    },
                                                                                                                                                    {
                                                                                                                                                        "Worker Number": 1,
                                                                                                                                                        "Actual Startup Time": 0.007,
                                                                                                                                                        "Actual Total Time": 0.007,
                                                                                                                                                        "Actual Rows": 8,
                                                                                                                                                        "Actual Loops": 10
                                                                                                                                                    },
                                                                                                                                                    {
                                                                                                                                                        "Worker Number": 2,
                                                                                                                                                        "Actual Startup Time": 0.007,
                                                                                                                                                        "Actual Total Time": 0.007,
                                                                                                                                                        "Actual Rows": 8,
                                                                                                                                                        "Actual Loops": 10
                                                                                                                                                    }
                                                                                                                                                ]
                                                                                                                                            }
                                                                                                                                        ]
                                                                                                                                    }
                                                                                                                                ]
                                                                                                                            },
                                                                                                                            {
                                                                                                                                "Node Type": "Bitmap Heap Scan",
                                                                                                                                "Parent Relationship": "Inner",
                                                                                                                                "Parallel Aware": false,
                                                                                                                                "Relation Name": "company_name",
                                                                                                                                "Schema": "public",
                                                                                                                                "Alias": "cn",
                                                                                                                                "Startup Cost": 0.43,
                                                                                                                                "Total Cost": 4.45,
                                                                                                                                "Plan Rows": 1,
                                                                                                                                "Plan Width": 4,
                                                                                                                                "Actual Startup Time": 0.005,
                                                                                                                                "Actual Total Time": 0.005,
                                                                                                                                "Actual Rows": 0,
                                                                                                                                "Actual Loops": 336,
                                                                                                                                "Output": [
                                                                                                                                    "cn.id",
                                                                                                                                    "cn.name",
                                                                                                                                    "cn.country_code",
                                                                                                                                    "cn.imdb_id",
                                                                                                                                    "cn.name_pcode_nf",
                                                                                                                                    "cn.name_pcode_sf",
                                                                                                                                    "cn.md5sum"
                                                                                                                                ],
                                                                                                                                "Recheck Cond": "(cn.id = mc.company_id)",
                                                                                                                                "Rows Removed by Index Recheck": 0,
                                                                                                                                "Filter": "(((cn.country_code)::text = '[us]'::text) AND (cn.name = 'NBC Universal Television'::text))",
                                                                                                                                "Rows Removed by Filter": 1,
                                                                                                                                "Exact Heap Blocks": 84,
                                                                                                                                "Lossy Heap Blocks": 0,
                                                                                                                                "Workers": [
                                                                                                                                    {
                                                                                                                                        "Worker Number": 0,
                                                                                                                                        "Actual Startup Time": 0.006,
                                                                                                                                        "Actual Total Time": 0.006,
                                                                                                                                        "Actual Rows": 0,
                                                                                                                                        "Actual Loops": 84
                                                                                                                                    },
                                                                                                                                    {
                                                                                                                                        "Worker Number": 1,
                                                                                                                                        "Actual Startup Time": 0.006,
                                                                                                                                        "Actual Total Time": 0.006,
                                                                                                                                        "Actual Rows": 0,
                                                                                                                                        "Actual Loops": 84
                                                                                                                                    },
                                                                                                                                    {
                                                                                                                                        "Worker Number": 2,
                                                                                                                                        "Actual Startup Time": 0.006,
                                                                                                                                        "Actual Total Time": 0.006,
                                                                                                                                        "Actual Rows": 0,
                                                                                                                                        "Actual Loops": 84
                                                                                                                                    }
                                                                                                                                ],
                                                                                                                                "Plans": [
                                                                                                                                    {
                                                                                                                                        "Node Type": "Bitmap Index Scan",
                                                                                                                                        "Parent Relationship": "Outer",
                                                                                                                                        "Parallel Aware": false,
                                                                                                                                        "Index Name": "company_name_pkey",
                                                                                                                                        "Startup Cost": 0.0,
                                                                                                                                        "Total Cost": 0.43,
                                                                                                                                        "Plan Rows": 1,
                                                                                                                                        "Plan Width": 0,
                                                                                                                                        "Actual Startup Time": 0.003,
                                                                                                                                        "Actual Total Time": 0.003,
                                                                                                                                        "Actual Rows": 1,
                                                                                                                                        "Actual Loops": 336,
                                                                                                                                        "Index Cond": "(cn.id = mc.company_id)",
                                                                                                                                        "Workers": [
                                                                                                                                            {
                                                                                                                                                "Worker Number": 0,
                                                                                                                                                "Actual Startup Time": 0.004,
                                                                                                                                                "Actual Total Time": 0.004,
                                                                                                                                                "Actual Rows": 1,
                                                                                                                                                "Actual Loops": 84
                                                                                                                                            },
                                                                                                                                            {
                                                                                                                                                "Worker Number": 1,
                                                                                                                                                "Actual Startup Time": 0.004,
                                                                                                                                                "Actual Total Time": 0.004,
                                                                                                                                                "Actual Rows": 1,
                                                                                                                                                "Actual Loops": 84
                                                                                                                                            },
                                                                                                                                            {
                                                                                                                                                "Worker Number": 2,
                                                                                                                                                "Actual Startup Time": 0.004,
                                                                                                                                                "Actual Total Time": 0.004,
                                                                                                                                                "Actual Rows": 1,
                                                                                                                                                "Actual Loops": 84
                                                                                                                                            }
                                                                                                                                        ]
                                                                                                                                    }
                                                                                                                                ]
                                                                                                                            }
                                                                                                                        ]
                                                                                                                    }
                                                                                                                ]
                                                                                                            }
                                                                                                        ]
                                                                                                    },
                                                                                                    {
                                                                                                        "Node Type": "Bitmap Heap Scan",
                                                                                                        "Parent Relationship": "Inner",
                                                                                                        "Parallel Aware": false,
                                                                                                        "Relation Name": "cast_info",
                                                                                                        "Schema": "public",
                                                                                                        "Alias": "ci",
                                                                                                        "Startup Cost": 1.05,
                                                                                                        "Total Cost": 5.71,
                                                                                                        "Plan Rows": 1,
                                                                                                        "Plan Width": 16,
                                                                                                        "Actual Startup Time": 0.048,
                                                                                                        "Actual Total Time": 0.794,
                                                                                                        "Actual Rows": 22,
                                                                                                        "Actual Loops": 4,
                                                                                                        "Output": [
                                                                                                            "ci.id",
                                                                                                            "ci.person_id",
                                                                                                            "ci.movie_id",
                                                                                                            "ci.person_role_id",
                                                                                                            "ci.note",
                                                                                                            "ci.nr_order",
                                                                                                            "ci.role_id"
                                                                                                        ],
                                                                                                        "Recheck Cond": "(ci.movie_id = mc.movie_id)",
                                                                                                        "Rows Removed by Index Recheck": 0,
                                                                                                        "Filter": "(ci.note = ANY ('{(voice),\"(voice: Japanese version)\",\"(voice) (uncredited)\",\"(voice: English version)\"}'::text[]))",
                                                                                                        "Rows Removed by Filter": 47,
                                                                                                        "Exact Heap Blocks": 64,
                                                                                                        "Lossy Heap Blocks": 0,
                                                                                                        "Workers": [
                                                                                                            {
                                                                                                                "Worker Number": 0,
                                                                                                                "Actual Startup Time": 0.052,
                                                                                                                "Actual Total Time": 1.211,
                                                                                                                "Actual Rows": 22,
                                                                                                                "Actual Loops": 1
                                                                                                            },
                                                                                                            {
                                                                                                                "Worker Number": 1,
                                                                                                                "Actual Startup Time": 0.055,
                                                                                                                "Actual Total Time": 0.868,
                                                                                                                "Actual Rows": 22,
                                                                                                                "Actual Loops": 1
                                                                                                            },
                                                                                                            {
                                                                                                                "Worker Number": 2,
                                                                                                                "Actual Startup Time": 0.053,
                                                                                                                "Actual Total Time": 0.865,
                                                                                                                "Actual Rows": 22,
                                                                                                                "Actual Loops": 1
                                                                                                            }
                                                                                                        ],
                                                                                                        "Plans": [
                                                                                                            {
                                                                                                                "Node Type": "Bitmap Index Scan",
                                                                                                                "Parent Relationship": "Outer",
                                                                                                                "Parallel Aware": false,
                                                                                                                "Index Name": "movie_id_cast_info",
                                                                                                                "Startup Cost": 0.0,
                                                                                                                "Total Cost": 1.05,
                                                                                                                "Plan Rows": 38,
                                                                                                                "Plan Width": 0,
                                                                                                                "Actual Startup Time": 0.021,
                                                                                                                "Actual Total Time": 0.021,
                                                                                                                "Actual Rows": 69,
                                                                                                                "Actual Loops": 4,
                                                                                                                "Index Cond": "(ci.movie_id = mc.movie_id)",
                                                                                                                "Workers": [
                                                                                                                    {
                                                                                                                        "Worker Number": 0,
                                                                                                                        "Actual Startup Time": 0.021,
                                                                                                                        "Actual Total Time": 0.021,
                                                                                                                        "Actual Rows": 69,
                                                                                                                        "Actual Loops": 1
                                                                                                                    },
                                                                                                                    {
                                                                                                                        "Worker Number": 1,
                                                                                                                        "Actual Startup Time": 0.023,
                                                                                                                        "Actual Total Time": 0.023,
                                                                                                                        "Actual Rows": 69,
                                                                                                                        "Actual Loops": 1
                                                                                                                    },
                                                                                                                    {
                                                                                                                        "Worker Number": 2,
                                                                                                                        "Actual Startup Time": 0.023,
                                                                                                                        "Actual Total Time": 0.023,
                                                                                                                        "Actual Rows": 69,
                                                                                                                        "Actual Loops": 1
                                                                                                                    }
                                                                                                                ]
                                                                                                            }
                                                                                                        ]
                                                                                                    }
                                                                                                ]
                                                                                            }
                                                                                        ]
                                                                                    }
                                                                                ]
                                                                            },
                                                                            {
                                                                                "Node Type": "Hash",
                                                                                "Parent Relationship": "Inner",
                                                                                "Parallel Aware": false,
                                                                                "Startup Cost": 10000000001.15,
                                                                                "Total Cost": 10000000001.15,
                                                                                "Plan Rows": 1,
                                                                                "Plan Width": 4,
                                                                                "Actual Startup Time": 0.041,
                                                                                "Actual Total Time": 0.045,
                                                                                "Actual Rows": 1,
                                                                                "Actual Loops": 4,
                                                                                "Output": [
                                                                                    "rt.id"
                                                                                ],
                                                                                "Hash Buckets": 1024,
                                                                                "Original Hash Buckets": 1024,
                                                                                "Hash Batches": 1,
                                                                                "Original Hash Batches": 1,
                                                                                "Peak Memory Usage": 9,
                                                                                "Workers": [
                                                                                    {
                                                                                        "Worker Number": 0,
                                                                                        "Actual Startup Time": 0.042,
                                                                                        "Actual Total Time": 0.043,
                                                                                        "Actual Rows": 1,
                                                                                        "Actual Loops": 1
                                                                                    },
                                                                                    {
                                                                                        "Worker Number": 1,
                                                                                        "Actual Startup Time": 0.049,
                                                                                        "Actual Total Time": 0.061,
                                                                                        "Actual Rows": 1,
                                                                                        "Actual Loops": 1
                                                                                    },
                                                                                    {
                                                                                        "Worker Number": 2,
                                                                                        "Actual Startup Time": 0.054,
                                                                                        "Actual Total Time": 0.054,
                                                                                        "Actual Rows": 1,
                                                                                        "Actual Loops": 1
                                                                                    }
                                                                                ],
                                                                                "Plans": [
                                                                                    {
                                                                                        "Node Type": "Seq Scan",
                                                                                        "Parent Relationship": "Outer",
                                                                                        "Parallel Aware": false,
                                                                                        "Relation Name": "role_type",
                                                                                        "Schema": "public",
                                                                                        "Alias": "rt",
                                                                                        "Startup Cost": 10000000000.0,
                                                                                        "Total Cost": 10000000001.15,
                                                                                        "Plan Rows": 1,
                                                                                        "Plan Width": 4,
                                                                                        "Actual Startup Time": 0.027,
                                                                                        "Actual Total Time": 0.031,
                                                                                        "Actual Rows": 1,
                                                                                        "Actual Loops": 4,
                                                                                        "Output": [
                                                                                            "rt.id"
                                                                                        ],
                                                                                        "Filter": "((rt.role)::text = 'actress'::text)",
                                                                                        "Rows Removed by Filter": 11,
                                                                                        "Workers": [
                                                                                            {
                                                                                                "Worker Number": 0,
                                                                                                "Actual Startup Time": 0.027,
                                                                                                "Actual Total Time": 0.03,
                                                                                                "Actual Rows": 1,
                                                                                                "Actual Loops": 1
                                                                                            },
                                                                                            {
                                                                                                "Worker Number": 1,
                                                                                                "Actual Startup Time": 0.031,
                                                                                                "Actual Total Time": 0.045,
                                                                                                "Actual Rows": 1,
                                                                                                "Actual Loops": 1
                                                                                            },
                                                                                            {
                                                                                                "Worker Number": 2,
                                                                                                "Actual Startup Time": 0.035,
                                                                                                "Actual Total Time": 0.037,
                                                                                                "Actual Rows": 1,
                                                                                                "Actual Loops": 1
                                                                                            }
                                                                                        ]
                                                                                    }
                                                                                ]
                                                                            }
                                                                        ]
                                                                    },
                                                                    {
                                                                        "Node Type": "Hash",
                                                                        "Parent Relationship": "Inner",
                                                                        "Parallel Aware": true,
                                                                        "Startup Cost": 71241.31,
                                                                        "Total Cost": 71241.31,
                                                                        "Plan Rows": 9452,
                                                                        "Plan Width": 19,
                                                                        "Actual Startup Time": 223.485,
                                                                        "Actual Total Time": 223.486,
                                                                        "Actual Rows": 12503,
                                                                        "Actual Loops": 4,
                                                                        "Output": [
                                                                            "n.name",
                                                                            "n.id"
                                                                        ],
                                                                        "Hash Buckets": 65536,
                                                                        "Original Hash Buckets": 65536,
                                                                        "Hash Batches": 1,
                                                                        "Original Hash Batches": 1,
                                                                        "Peak Memory Usage": 3328,
                                                                        "Workers": [
                                                                            {
                                                                                "Worker Number": 0,
                                                                                "Actual Startup Time": 220.1,
                                                                                "Actual Total Time": 220.101,
                                                                                "Actual Rows": 10146,
                                                                                "Actual Loops": 1
                                                                            },
                                                                            {
                                                                                "Worker Number": 1,
                                                                                "Actual Startup Time": 220.208,
                                                                                "Actual Total Time": 220.208,
                                                                                "Actual Rows": 10315,
                                                                                "Actual Loops": 1
                                                                            },
                                                                            {
                                                                                "Worker Number": 2,
                                                                                "Actual Startup Time": 219.977,
                                                                                "Actual Total Time": 219.977,
                                                                                "Actual Rows": 10531,
                                                                                "Actual Loops": 1
                                                                            }
                                                                        ],
                                                                        "Plans": [
                                                                            {
                                                                                "Node Type": "Seq Scan",
                                                                                "Parent Relationship": "Outer",
                                                                                "Parallel Aware": true,
                                                                                "Relation Name": "name",
                                                                                "Schema": "public",
                                                                                "Alias": "n",
                                                                                "Startup Cost": 0.0,
                                                                                "Total Cost": 71241.31,
                                                                                "Plan Rows": 9452,
                                                                                "Plan Width": 19,
                                                                                "Actual Startup Time": 93.409,
                                                                                "Actual Total Time": 217.532,
                                                                                "Actual Rows": 12503,
                                                                                "Actual Loops": 4,
                                                                                "Output": [
                                                                                    "n.name",
                                                                                    "n.id"
                                                                                ],
                                                                                "Filter": "((n.name ~~ '%An%'::text) AND ((n.gender)::text = 'f'::text))",
                                                                                "Rows Removed by Filter": 1029370,
                                                                                "Workers": [
                                                                                    {
                                                                                        "Worker Number": 0,
                                                                                        "Actual Startup Time": 90.025,
                                                                                        "Actual Total Time": 213.622,
                                                                                        "Actual Rows": 10146,
                                                                                        "Actual Loops": 1
                                                                                    },
                                                                                    {
                                                                                        "Worker Number": 1,
                                                                                        "Actual Startup Time": 90.137,
                                                                                        "Actual Total Time": 214.383,
                                                                                        "Actual Rows": 10315,
                                                                                        "Actual Loops": 1
                                                                                    },
                                                                                    {
                                                                                        "Worker Number": 2,
                                                                                        "Actual Startup Time": 89.884,
                                                                                        "Actual Total Time": 214.243,
                                                                                        "Actual Rows": 10531,
                                                                                        "Actual Loops": 1
                                                                                    }
                                                                                ]
                                                                            }
                                                                        ]
                                                                    }
                                                                ]
                                                            }
                                                        ]
                                                    }
                                                ]
                                            }
                                        ]
                                    }
                                ]
                            }
                        ]
                    },
                    {
                        "Node Type": "Bitmap Heap Scan",
                        "Parent Relationship": "Inner",
                        "Parallel Aware": false,
                        "Relation Name": "char_name",
                        "Schema": "public",
                        "Alias": "chn",
                        "Startup Cost": 0.49,
                        "Total Cost": 4.5,
                        "Plan Rows": 1,
                        "Plan Width": 20,
                        "Actual Startup Time": 0.009,
                        "Actual Total Time": 0.009,
                        "Actual Rows": 1,
                        "Actual Loops": 5,
                        "Output": [
                            "chn.id",
                            "chn.name",
                            "chn.imdb_index",
                            "chn.imdb_id",
                            "chn.name_pcode_nf",
                            "chn.surname_pcode",
                            "chn.md5sum"
                        ],
                        "Recheck Cond": "(chn.id = ci.person_role_id)",
                        "Rows Removed by Index Recheck": 0,
                        "Exact Heap Blocks": 5,
                        "Lossy Heap Blocks": 0,
                        "Plans": [
                            {
                                "Node Type": "Bitmap Index Scan",
                                "Parent Relationship": "Outer",
                                "Parallel Aware": false,
                                "Index Name": "char_name_pkey",
                                "Startup Cost": 0.0,
                                "Total Cost": 0.49,
                                "Plan Rows": 1,
                                "Plan Width": 0,
                                "Actual Startup Time": 0.007,
                                "Actual Total Time": 0.007,
                                "Actual Rows": 1,
                                "Actual Loops": 5,
                                "Index Cond": "(chn.id = ci.person_role_id)"
                            }
                        ]
                    }
                ]
            }
        ]
    },
    "Planning Time": 58.388,
    "Triggers": [],
    "Execution Time": 7722.609
}