{
  "Plan": {
    "Node Type": "Aggregate",
    "Strategy": "Plain",
    "Partial Mode": "Finalize",
    "Parallel Aware": false,
    "Startup Cost": 1319018.65,
    "Total Cost": 1319018.66,
    "Plan Rows": 1,
    "Plan Width": 64,
    "Actual Startup Time": 11823.792,
    "Actual Total Time": 11823.916,
    "Actual Rows": 1,
    "Actual Loops": 1,
    "Plans": [
      {
        "Node Type": "Gather",
        "Parent Relationship": "Outer",
        "Parallel Aware": false,
        "Startup Cost": 1319018.54,
        "Total Cost": 1319018.65,
        "Plan Rows": 1,
        "Plan Width": 64,
        "Actual Startup Time": 11823.783,
        "Actual Total Time": 11823.907,
        "Actual Rows": 1,
        "Actual Loops": 1,
        "Workers Planned": 1,
        "Workers Launched": 0,
        "Single Copy": false,
        "Plans": [
          {
            "Node Type": "Aggregate",
            "Strategy": "Plain",
            "Partial Mode": "Partial",
            "Parent Relationship": "Outer",
            "Parallel Aware": false,
            "Startup Cost": 1318018.54,
            "Total Cost": 1318018.55,
            "Plan Rows": 1,
            "Plan Width": 64,
            "Actual Startup Time": 11822.782,
            "Actual Total Time": 11822.796,
            "Actual Rows": 1,
            "Actual Loops": 1,
            "Plans": [
              {
                "Node Type": "Hash Join",
                "Parent Relationship": "Outer",
                "Parallel Aware": false,
                "Join Type": "Inner",
                "Startup Cost": 1218406.64,
                "Total Cost": 1315609.82,
                "Plan Rows": 481744,
                "Plan Width": 33,
                "Actual Startup Time": 10798.028,
                "Actual Total Time": 11811.658,
                "Actual Rows": 144568,
                "Actual Loops": 1,
                "Inner Unique": false,
                "Hash Cond": "(n1.id = a1.person_id)",
                "Plans": [
                  {
                    "Node Type": "Seq Scan",
                    "Parent Relationship": "Outer",
                    "Parallel Aware": true,
                    "Relation Name": "name",
                    "Alias": "n1",
                    "Startup Cost": 0.0,
                    "Total Cost": 80128.16,
                    "Plan Rows": 2451516,
                    "Plan Width": 4,
                    "Actual Startup Time": 0.012,
                    "Actual Total Time": 382.049,
                    "Actual Rows": 4167491,
                    "Actual Loops": 1
                  },
                  {
                    "Node Type": "Hash",
                    "Parent Relationship": "Inner",
                    "Parallel Aware": false,
                    "Startup Cost": 1208169.59,
                    "Total Cost": 1208169.59,
                    "Plan Rows": 818964,
                    "Plan Width": 41,
                    "Actual Startup Time": 10794.383,
                    "Actual Total Time": 10794.394,
                    "Actual Rows": 144568,
                    "Actual Loops": 1,
                    "Hash Buckets": 1048576,
                    "Original Hash Buckets": 1048576,
                    "Hash Batches": 1,
                    "Original Hash Batches": 1,
                    "Peak Memory Usage": 18993,
                    "Plans": [
                      {
                        "Node Type": "Nested Loop",
                        "Parent Relationship": "Outer",
                        "Parallel Aware": false,
                        "Join Type": "Inner",
                        "Startup Cost": 848387.37,
                        "Total Cost": 1208169.59,
                        "Plan Rows": 818964,
                        "Plan Width": 41,
                        "Actual Startup Time": 8020.158,
                        "Actual Total Time": 10763.008,
                        "Actual Rows": 144568,
                        "Actual Loops": 1,
                        "Inner Unique": false,
                        "Join Filter": "(ci.role_id = rt.id)",
                        "Rows Removed by Join Filter": 2952461,
                        "Plans": [
                          {
                            "Node Type": "Seq Scan",
                            "Parent Relationship": "Outer",
                            "Parallel Aware": false,
                            "Relation Name": "role_type",
                            "Alias": "rt",
                            "Startup Cost": 0.0,
                            "Total Cost": 1.15,
                            "Plan Rows": 1,
                            "Plan Width": 4,
                            "Actual Startup Time": 0.028,
                            "Actual Total Time": 0.035,
                            "Actual Rows": 1,
                            "Actual Loops": 1,
                            "Filter": "((role)::text = 'producer'::text)",
                            "Rows Removed by Filter": 11
                          },
                          {
                            "Node Type": "Hash Join",
                            "Parent Relationship": "Inner",
                            "Parallel Aware": false,
                            "Join Type": "Inner",
                            "Startup Cost": 848387.37,
                            "Total Cost": 1085323.85,
                            "Plan Rows": 9827567,
                            "Plan Width": 45,
                            "Actual Startup Time": 8020.048,
                            "Actual Total Time": 10625.354,
                            "Actual Rows": 3097029,
                            "Actual Loops": 1,
                            "Inner Unique": true,
                            "Hash Cond": "(ci.movie_id = t.id)",
                            "Plans": [
                              {
                                "Node Type": "Merge Join",
                                "Parent Relationship": "Outer",
                                "Parallel Aware": false,
                                "Join Type": "Inner",
                                "Startup Cost": 755499.85,
                                "Total Cost": 966638.93,
                                "Plan Rows": 9827567,
                                "Plan Width": 36,
                                "Actual Startup Time": 6800.35,
                                "Actual Total Time": 8742.799,
                                "Actual Rows": 3097029,
                                "Actual Loops": 1,
                                "Inner Unique": false,
                                "Merge Cond": "(a1.person_id = ci.person_id)",
                                "Plans": [
                                  {
                                    "Node Type": "Index Scan",
                                    "Parent Relationship": "Outer",
                                    "Parallel Aware": false,
                                    "Scan Direction": "Forward",
                                    "Index Name": "person_id_aka_name",
                                    "Relation Name": "aka_name",
                                    "Alias": "a1",
                                    "Startup Cost": 0.42,
                                    "Total Cost": 71995.9,
                                    "Plan Rows": 901343,
                                    "Plan Width": 20,
                                    "Actual Startup Time": 0.028,
                                    "Actual Total Time": 311.459,
                                    "Actual Rows": 772580,
                                    "Actual Loops": 1
                                  },
                                  {
                                    "Node Type": "Sort",
                                    "Parent Relationship": "Inner",
                                    "Parallel Aware": false,
                                    "Startup Cost": 755497.53,
                                    "Total Cost": 765736.88,
                                    "Plan Rows": 4095740,
                                    "Plan Width": 16,
                                    "Actual Startup Time": 6800.307,
                                    "Actual Total Time": 7689.872,
                                    "Actual Rows": 5359830,
                                    "Actual Loops": 1,
                                    "Sort Key": [
                                      "ci.person_id"
                                    ],
                                    "Sort Method": "quicksort",
                                    "Sort Space Used": 273717,
                                    "Sort Space Type": "Memory",
                                    "Plans": [
                                      {
                                        "Node Type": "Nested Loop",
                                        "Parent Relationship": "Outer",
                                        "Parallel Aware": false,
                                        "Join Type": "Inner",
                                        "Startup Cost": 6065.01,
                                        "Total Cost": 305668.7,
                                        "Plan Rows": 4095740,
                                        "Plan Width": 16,
                                        "Actual Startup Time": 24.108,
                                        "Actual Total Time": 5216.163,
                                        "Actual Rows": 3742140,
                                        "Actual Loops": 1,
                                        "Inner Unique": false,
                                        "Plans": [
                                          {
                                            "Node Type": "Hash Join",
                                            "Parent Relationship": "Outer",
                                            "Parallel Aware": false,
                                            "Join Type": "Inner",
                                            "Startup Cost": 6064.45,
                                            "Total Cost": 57794.83,
                                            "Plan Rows": 117235,
                                            "Plan Width": 4,
                                            "Actual Startup Time": 24.075,
                                            "Actual Total Time": 584.999,
                                            "Actual Rows": 124376,
                                            "Actual Loops": 1,
                                            "Inner Unique": true,
                                            "Hash Cond": "(mc.company_id = cn.id)",
                                            "Plans": [
                                              {
                                                "Node Type": "Seq Scan",
                                                "Parent Relationship": "Outer",
                                                "Parallel Aware": false,
                                                "Relation Name": "movie_companies",
                                                "Alias": "mc",
                                                "Startup Cost": 0.0,
                                                "Total Cost": 44881.29,
                                                "Plan Rows": 2609129,
                                                "Plan Width": 8,
                                                "Actual Startup Time": 0.015,
                                                "Actual Total Time": 208.357,
                                                "Actual Rows": 2609129,
                                                "Actual Loops": 1
                                              },
                                              {
                                                "Node Type": "Hash",
                                                "Parent Relationship": "Inner",
                                                "Parallel Aware": false,
                                                "Startup Cost": 5932.46,
                                                "Total Cost": 5932.46,
                                                "Plan Rows": 10559,
                                                "Plan Width": 4,
                                                "Actual Startup Time": 23.742,
                                                "Actual Total Time": 23.743,
                                                "Actual Rows": 10394,
                                                "Actual Loops": 1,
                                                "Hash Buckets": 16384,
                                                "Original Hash Buckets": 16384,
                                                "Hash Batches": 1,
                                                "Original Hash Batches": 1,
                                                "Peak Memory Usage": 494,
                                                "Plans": [
                                                  {
                                                    "Node Type": "Seq Scan",
                                                    "Parent Relationship": "Outer",
                                                    "Parallel Aware": false,
                                                    "Relation Name": "company_name",
                                                    "Alias": "cn",
                                                    "Startup Cost": 0.0,
                                                    "Total Cost": 5932.46,
                                                    "Plan Rows": 10559,
                                                    "Plan Width": 4,
                                                    "Actual Startup Time": 0.023,
                                                    "Actual Total Time": 21.32,
                                                    "Actual Rows": 10394,
                                                    "Actual Loops": 1,
                                                    "Filter": "((country_code)::text = '[fr]'::text)",
                                                    "Rows Removed by Filter": 224603
                                                  }
                                                ]
                                              }
                                            ]
                                          },
                                          {
                                            "Node Type": "Index Scan",
                                            "Parent Relationship": "Inner",
                                            "Parallel Aware": false,
                                            "Scan Direction": "Forward",
                                            "Index Name": "movie_id_cast_info",
                                            "Relation Name": "cast_info",
                                            "Alias": "ci",
                                            "Startup Cost": 0.56,
                                            "Total Cost": 1.76,
                                            "Plan Rows": 35,
                                            "Plan Width": 12,
                                            "Actual Startup Time": 0.004,
                                            "Actual Total Time": 0.033,
                                            "Actual Rows": 30,
                                            "Actual Loops": 124376,
                                            "Index Cond": "(movie_id = mc.movie_id)",
                                            "Rows Removed by Index Recheck": 0
                                          }
                                        ]
                                      }
                                    ]
                                  }
                                ]
                              },
                              {
                                "Node Type": "Hash",
                                "Parent Relationship": "Inner",
                                "Parallel Aware": false,
                                "Startup Cost": 61282.23,
                                "Total Cost": 61282.23,
                                "Plan Rows": 2528423,
                                "Plan Width": 21,
                                "Actual Startup Time": 1208.458,
                                "Actual Total Time": 1208.459,
                                "Actual Rows": 2528312,
                                "Actual Loops": 1,
                                "Hash Buckets": 4194304,
                                "Original Hash Buckets": 4194304,
                                "Hash Batches": 1,
                                "Original Hash Batches": 1,
                                "Peak Memory Usage": 168637,
                                "Plans": [
                                  {
                                    "Node Type": "Seq Scan",
                                    "Parent Relationship": "Outer",
                                    "Parallel Aware": false,
                                    "Relation Name": "title",
                                    "Alias": "t",
                                    "Startup Cost": 0.0,
                                    "Total Cost": 61282.23,
                                    "Plan Rows": 2528423,
                                    "Plan Width": 21,
                                    "Actual Startup Time": 0.024,
                                    "Actual Total Time": 310.288,
                                    "Actual Rows": 2528312,
                                    "Actual Loops": 1
                                  }
                                ]
                              }
                            ]
                          }
                        ]
                      }
                    ]
                  }
                ]
              }
            ]
          }
        ]
      }
    ]
  },
  "Planning Time": 1.957,
  "Triggers": [],
  "Execution Time": 11844.051
}