[
  {
    "Plan": {
      "Node Type": "Aggregate",
      "Strategy": "Plain",
      "Partial Mode": "Finalize",
      "Parallel Aware": false,
      "Startup Cost": 32710.19,
      "Total Cost": 32710.2,
      "Plan Rows": 1,
      "Plan Width": 8,
      "Actual Startup Time": 82.972,
      "Actual Total Time": 91.435,
      "Actual Rows": 1,
      "Actual Loops": 1,
      "Plans": [
        {
          "Node Type": "Gather",
          "Parent Relationship": "Outer",
          "Parallel Aware": false,
          "Startup Cost": 32709.87,
          "Total Cost": 32710.18,
          "Plan Rows": 3,
          "Plan Width": 8,
          "Actual Startup Time": 82.851,
          "Actual Total Time": 91.427,
          "Actual Rows": 4,
          "Actual Loops": 1,
          "Workers Planned": 3,
          "Workers Launched": 3,
          "Single Copy": false,
          "Plans": [
            {
              "Node Type": "Aggregate",
              "Strategy": "Plain",
              "Partial Mode": "Partial",
              "Parent Relationship": "Outer",
              "Parallel Aware": false,
              "Startup Cost": 31709.87,
              "Total Cost": 31709.88,
              "Plan Rows": 1,
              "Plan Width": 8,
              "Actual Startup Time": 75.272,
              "Actual Total Time": 75.273,
              "Actual Rows": 1,
              "Actual Loops": 4,
              "Plans": [
                {
                  "Node Type": "Seq Scan",
                  "Parent Relationship": "Outer",
                  "Parallel Aware": true,
                  "Relation Name": "movie_companies",
                  "Alias": "mc",
                  "Startup Cost": 0.0,
                  "Total Cost": 31414.82,
                  "Plan Rows": 118021,
                  "Plan Width": 0,
                  "Actual Startup Time": 27.065,
                  "Actual Total Time": 74.496,
                  "Actual Rows": 13772,
                  "Actual Loops": 4,
                  "Filter": "((company_id > 35720) AND (company_type_id < 2))",
                  "Rows Removed by Filter": 638510
                }
              ]
            }
          ]
        }
      ]
    },
    "Planning Time": 0.203,
    "Triggers": [],
    "Execution Time": 91.499
  }
]