{
  "Plan": {
    "Node Type": "Aggregate",
    "Strategy": "Plain",
    "Partial Mode": "Finalize",
    "Parallel Aware": false,
    "Startup Cost": 664881.86,
    "Total Cost": 664881.87,
    "Plan Rows": 1,
    "Plan Width": 8,
    "Actual Startup Time": 6431.482,
    "Actual Total Time": 6491.875,
    "Actual Rows": 1,
    "Actual Loops": 1,
    "Plans": [
      {
        "Node Type": "Gather",
        "Parent Relationship": "Outer",
        "Parallel Aware": false,
        "Startup Cost": 664881.75,
        "Total Cost": 664881.86,
        "Plan Rows": 1,
        "Plan Width": 8,
        "Actual Startup Time": 6422.303,
        "Actual Total Time": 6491.866,
        "Actual Rows": 2,
        "Actual Loops": 1,
        "Workers Planned": 1,
        "Workers Launched": 1,
        "Single Copy": false,
        "Plans": [
          {
            "Node Type": "Aggregate",
            "Strategy": "Plain",
            "Partial Mode": "Partial",
            "Parent Relationship": "Outer",
            "Parallel Aware": false,
            "Startup Cost": 663881.75,
            "Total Cost": 663881.76,
            "Plan Rows": 1,
            "Plan Width": 8,
            "Actual Startup Time": 6402.931,
            "Actual Total Time": 6402.938,
            "Actual Rows": 1,
            "Actual Loops": 2,
            "Plans": [
              {
                "Node Type": "Hash Join",
                "Parent Relationship": "Outer",
                "Parallel Aware": true,
                "Join Type": "Inner",
                "Startup Cost": 544916.51,
                "Total Cost": 648591.35,
                "Plan Rows": 6116158,
                "Plan Width": 0,
                "Actual Startup Time": 3525.39,
                "Actual Total Time": 5530.612,
                "Actual Rows": 22070298,
                "Actual Loops": 2,
                "Inner Unique": false,
                "Hash Cond": "(mk.movie_id = t.id)",
                "Plans": [
                  {
                    "Node Type": "Seq Scan",
                    "Parent Relationship": "Outer",
                    "Parallel Aware": true,
                    "Relation Name": "movie_keyword",
                    "Alias": "mk",
                    "Startup Cost": 0.0,
                    "Total Cost": 51065.35,
                    "Plan Rows": 2661135,
                    "Plan Width": 4,
                    "Actual Startup Time": 0.014,
                    "Actual Total Time": 162.577,
                    "Actual Rows": 2261965,
                    "Actual Loops": 2
                  },
                  {
                    "Node Type": "Hash",
                    "Parent Relationship": "Inner",
                    "Parallel Aware": true,
                    "Startup Cost": 502189.72,
                    "Total Cost": 502189.72,
                    "Plan Rows": 3418143,
                    "Plan Width": 8,
                    "Actual Startup Time": 3493.001,
                    "Actual Total Time": 3493.006,
                    "Actual Rows": 2814482,
                    "Actual Loops": 2,
                    "Hash Buckets": 8388608,
                    "Original Hash Buckets": 8388608,
                    "Hash Batches": 1,
                    "Original Hash Batches": 1,
                    "Peak Memory Usage": 285792,
                    "Plans": [
                      {
                        "Node Type": "Hash Join",
                        "Parent Relationship": "Outer",
                        "Parallel Aware": true,
                        "Join Type": "Inner",
                        "Startup Cost": 197803.3,
                        "Total Cost": 502189.72,
                        "Plan Rows": 3418143,
                        "Plan Width": 8,
                        "Actual Startup Time": 778.541,
                        "Actual Total Time": 2527.136,
                        "Actual Rows": 2814482,
                        "Actual Loops": 2,
                        "Inner Unique": true,
                        "Hash Cond": "(ci.movie_id = t.id)",
                        "Plans": [
                          {
                            "Node Type": "Bitmap Heap Scan",
                            "Parent Relationship": "Outer",
                            "Parallel Aware": true,
                            "Relation Name": "cast_info",
                            "Alias": "ci",
                            "Startup Cost": 128342.6,
                            "Total Cost": 423756.39,
                            "Plan Rows": 3418143,
                            "Plan Width": 4,
                            "Actual Startup Time": 219.717,
                            "Actual Total Time": 590.044,
                            "Actual Rows": 2814482,
                            "Actual Loops": 2,
                            "Recheck Cond": "(person_id > 3088227)",
                            "Rows Removed by Index Recheck": 0,
                            "Exact Heap Blocks": 38465,
                            "Lossy Heap Blocks": 0,
                            "Plans": [
                              {
                                "Node Type": "Bitmap Index Scan",
                                "Parent Relationship": "Outer",
                                "Parallel Aware": false,
                                "Index Name": "person_id_cast_info",
                                "Startup Cost": 0.0,
                                "Total Cost": 126889.89,
                                "Plan Rows": 5810843,
                                "Plan Width": 0,
                                "Actual Startup Time": 206.43,
                                "Actual Total Time": 206.43,
                                "Actual Rows": 5628965,
                                "Actual Loops": 1,
                                "Index Cond": "(person_id > 3088227)"
                              }
                            ]
                          },
                          {
                            "Node Type": "Hash",
                            "Parent Relationship": "Inner",
                            "Parallel Aware": true,
                            "Startup Cost": 50870.31,
                            "Total Cost": 50870.31,
                            "Plan Rows": 1487231,
                            "Plan Width": 4,
                            "Actual Startup Time": 547.243,
                            "Actual Total Time": 547.244,
                            "Actual Rows": 1264156,
                            "Actual Loops": 2,
                            "Hash Buckets": 4194304,
                            "Original Hash Buckets": 4194304,
                            "Hash Batches": 1,
                            "Original Hash Batches": 1,
                            "Peak Memory Usage": 131712,
                            "Plans": [
                              {
                                "Node Type": "Seq Scan",
                                "Parent Relationship": "Outer",
                                "Parallel Aware": true,
                                "Relation Name": "title",
                                "Alias": "t",
                                "Startup Cost": 0.0,
                                "Total Cost": 50870.31,
                                "Plan Rows": 1487231,
                                "Plan Width": 4,
                                "Actual Startup Time": 0.032,
                                "Actual Total Time": 157.33,
                                "Actual Rows": 1264156,
                                "Actual Loops": 2
                              }
                            ]
                          }
                        ]
                      }
                    ]
                  }
                ]
              }
            ]
          }
        ]
      }
    ]
  },
  "Planning Time": 0.984,
  "Triggers": [],
  "Execution Time": 6491.977
}