[
  {
    "Plan": {
      "Node Type": "Aggregate",
      "Strategy": "Plain",
      "Partial Mode": "Finalize",
      "Parallel Aware": false,
      "Startup Cost": 291870.13,
      "Total Cost": 291870.14,
      "Plan Rows": 1,
      "Plan Width": 8,
      "Actual Startup Time": 1159.301,
      "Actual Total Time": 1226.5,
      "Actual Rows": 1,
      "Actual Loops": 1,
      "Plans": [
        {
          "Node Type": "Gather",
          "Parent Relationship": "Outer",
          "Parallel Aware": false,
          "Startup Cost": 291869.61,
          "Total Cost": 291870.12,
          "Plan Rows": 5,
          "Plan Width": 8,
          "Actual Startup Time": 1152.673,
          "Actual Total Time": 1226.478,
          "Actual Rows": 6,
          "Actual Loops": 1,
          "Workers Planned": 5,
          "Workers Launched": 5,
          "Single Copy": false,
          "Plans": [
            {
              "Node Type": "Aggregate",
              "Strategy": "Plain",
              "Partial Mode": "Partial",
              "Parent Relationship": "Outer",
              "Parallel Aware": false,
              "Startup Cost": 290869.61,
              "Total Cost": 290869.62,
              "Plan Rows": 1,
              "Plan Width": 8,
              "Actual Startup Time": 1145.406,
              "Actual Total Time": 1145.625,
              "Actual Rows": 1,
              "Actual Loops": 6,
              "Plans": [
                {
                  "Node Type": "Hash Join",
                  "Parent Relationship": "Outer",
                  "Parallel Aware": true,
                  "Join Type": "Inner",
                  "Startup Cost": 82721.89,
                  "Total Cost": 288543.31,
                  "Plan Rows": 930517,
                  "Plan Width": 0,
                  "Actual Startup Time": 349.509,
                  "Actual Total Time": 1104.606,
                  "Actual Rows": 907557,
                  "Actual Loops": 6,
                  "Inner Unique": false,
                  "Hash Cond": "(mi.movie_id = t.id)",
                  "Plans": [
                    {
                      "Node Type": "Seq Scan",
                      "Parent Relationship": "Outer",
                      "Parallel Aware": true,
                      "Relation Name": "movie_info",
                      "Alias": "mi",
                      "Startup Cost": 0.0,
                      "Total Cost": 191685.19,
                      "Plan Rows": 2969219,
                      "Plan Width": 4,
                      "Actual Startup Time": 0.043,
                      "Actual Total Time": 305.099,
                      "Actual Rows": 2472620,
                      "Actual Loops": 6
                    },
                    {
                      "Node Type": "Hash",
                      "Parent Relationship": "Inner",
                      "Parallel Aware": true,
                      "Startup Cost": 79526.83,
                      "Total Cost": 79526.83,
                      "Plan Rows": 255605,
                      "Plan Width": 8,
                      "Actual Startup Time": 346.046,
                      "Actual Total Time": 346.262,
                      "Actual Rows": 89194,
                      "Actual Loops": 6,
                      "Hash Buckets": 1048576,
                      "Original Hash Buckets": 1048576,
                      "Hash Batches": 1,
                      "Original Hash Batches": 1,
                      "Peak Memory Usage": 29248,
                      "Plans": [
                        {
                          "Node Type": "Hash Join",
                          "Parent Relationship": "Outer",
                          "Parallel Aware": true,
                          "Join Type": "Inner",
                          "Startup Cost": 48402.15,
                          "Total Cost": 79526.83,
                          "Plan Rows": 255605,
                          "Plan Width": 8,
                          "Actual Startup Time": 159.462,
                          "Actual Total Time": 305.862,
                          "Actual Rows": 89194,
                          "Actual Loops": 6,
                          "Inner Unique": true,
                          "Hash Cond": "(mc.movie_id = t.id)",
                          "Plans": [
                            {
                              "Node Type": "Seq Scan",
                              "Parent Relationship": "Outer",
                              "Parallel Aware": true,
                              "Relation Name": "movie_companies",
                              "Alias": "mc",
                              "Startup Cost": 0.0,
                              "Total Cost": 29310.68,
                              "Plan Rows": 691046,
                              "Plan Width": 4,
                              "Actual Startup Time": 0.013,
                              "Actual Total Time": 55.868,
                              "Actual Rows": 356903,
                              "Actual Loops": 6,
                              "Filter": "(company_id < 76195)",
                              "Rows Removed by Filter": 77952
                            },
                            {
                              "Node Type": "Hash",
                              "Parent Relationship": "Inner",
                              "Parallel Aware": true,
                              "Startup Cost": 45479.59,
                              "Total Cost": 45479.59,
                              "Plan Rows": 233805,
                              "Plan Width": 4,
                              "Actual Startup Time": 157.854,
                              "Actual Total Time": 157.856,
                              "Actual Rows": 167454,
                              "Actual Loops": 6,
                              "Hash Buckets": 1048576,
                              "Original Hash Buckets": 1048576,
                              "Hash Batches": 1,
                              "Original Hash Batches": 1,
                              "Peak Memory Usage": 47584,
                              "Plans": [
                                {
                                  "Node Type": "Seq Scan",
                                  "Parent Relationship": "Outer",
                                  "Parallel Aware": true,
                                  "Relation Name": "title",
                                  "Alias": "t",
                                  "Startup Cost": 0.0,
                                  "Total Cost": 45479.59,
                                  "Plan Rows": 233805,
                                  "Plan Width": 4,
                                  "Actual Startup Time": 0.036,
                                  "Actual Total Time": 86.277,
                                  "Actual Rows": 167454,
                                  "Actual Loops": 6,
                                  "Filter": "((kind_id > 1) AND (production_year > 2002))",
                                  "Rows Removed by Filter": 253931
                                }
                              ]
                            }
                          ]
                        }
                      ]
                    }
                  ]
                }
              ]
            }
          ]
        }
      ]
    },
    "Planning Time": 0.582,
    "Triggers": [],
    "Execution Time": 1226.565
  }
]