[
  {
    "Plan": {
      "Node Type": "Aggregate",
      "Strategy": "Plain",
      "Partial Mode": "Finalize",
      "Parallel Aware": false,
      "Startup Cost": 45746.12,
      "Total Cost": 45746.13,
      "Plan Rows": 1,
      "Plan Width": 8,
      "Actual Startup Time": 156.277,
      "Actual Total Time": 165.873,
      "Actual Rows": 1,
      "Actual Loops": 1,
      "Plans": [
        {
          "Node Type": "Gather",
          "Parent Relationship": "Outer",
          "Parallel Aware": false,
          "Startup Cost": 45745.81,
          "Total Cost": 45746.12,
          "Plan Rows": 3,
          "Plan Width": 8,
          "Actual Startup Time": 156.184,
          "Actual Total Time": 165.865,
          "Actual Rows": 4,
          "Actual Loops": 1,
          "Workers Planned": 3,
          "Workers Launched": 3,
          "Single Copy": false,
          "Plans": [
            {
              "Node Type": "Aggregate",
              "Strategy": "Plain",
              "Partial Mode": "Partial",
              "Parent Relationship": "Outer",
              "Parallel Aware": false,
              "Startup Cost": 44745.81,
              "Total Cost": 44745.82,
              "Plan Rows": 1,
              "Plan Width": 8,
              "Actual Startup Time": 147.814,
              "Actual Total Time": 147.815,
              "Actual Rows": 1,
              "Actual Loops": 4,
              "Plans": [
                {
                  "Node Type": "Seq Scan",
                  "Parent Relationship": "Outer",
                  "Parallel Aware": true,
                  "Relation Name": "movie_keyword",
                  "Alias": "mk",
                  "Startup Cost": 0.0,
                  "Total Cost": 42695.65,
                  "Plan Rows": 820061,
                  "Plan Width": 0,
                  "Actual Startup Time": 0.069,
                  "Actual Total Time": 118.63,
                  "Actual Rows": 635318,
                  "Actual Loops": 4,
                  "Filter": "(keyword_id < 6368)",
                  "Rows Removed by Filter": 495664
                }
              ]
            }
          ]
        }
      ]
    },
    "Planning Time": 0.178,
    "Triggers": [],
    "Execution Time": 165.928
  }
]