{
  "Plan": {
    "Node Type": "Aggregate",
    "Strategy": "Plain",
    "Partial Mode": "Finalize",
    "Parallel Aware": false,
    "Startup Cost": 812332.78,
    "Total Cost": 812332.79,
    "Plan Rows": 1,
    "Plan Width": 8,
    "Actual Startup Time": 5660.975,
    "Actual Total Time": 5735.168,
    "Actual Rows": 1,
    "Actual Loops": 1,
    "Plans": [
      {
        "Node Type": "Gather",
        "Parent Relationship": "Outer",
        "Parallel Aware": false,
        "Startup Cost": 812332.67,
        "Total Cost": 812332.78,
        "Plan Rows": 1,
        "Plan Width": 8,
        "Actual Startup Time": 5656.305,
        "Actual Total Time": 5735.159,
        "Actual Rows": 2,
        "Actual Loops": 1,
        "Workers Planned": 1,
        "Workers Launched": 1,
        "Single Copy": false,
        "Plans": [
          {
            "Node Type": "Aggregate",
            "Strategy": "Plain",
            "Partial Mode": "Partial",
            "Parent Relationship": "Outer",
            "Parallel Aware": false,
            "Startup Cost": 811332.67,
            "Total Cost": 811332.68,
            "Plan Rows": 1,
            "Plan Width": 8,
            "Actual Startup Time": 5648.505,
            "Actual Total Time": 5648.51,
            "Actual Rows": 1,
            "Actual Loops": 2,
            "Plans": [
              {
                "Node Type": "Hash Join",
                "Parent Relationship": "Outer",
                "Parallel Aware": true,
                "Join Type": "Inner",
                "Startup Cost": 142967.69,
                "Total Cost": 774750.67,
                "Plan Rows": 14632799,
                "Plan Width": 0,
                "Actual Startup Time": 764.343,
                "Actual Total Time": 5306.948,
                "Actual Rows": 8672666,
                "Actual Loops": 2,
                "Inner Unique": false,
                "Hash Cond": "(ci.movie_id = t.id)",
                "Plans": [
                  {
                    "Node Type": "Seq Scan",
                    "Parent Relationship": "Outer",
                    "Parallel Aware": true,
                    "Relation Name": "cast_info",
                    "Alias": "ci",
                    "Startup Cost": 0.0,
                    "Total Cost": 465792.95,
                    "Plan Rows": 21310595,
                    "Plan Width": 4,
                    "Actual Startup Time": 0.014,
                    "Actual Total Time": 1330.842,
                    "Actual Rows": 18122172,
                    "Actual Loops": 2
                  },
                  {
                    "Node Type": "Hash",
                    "Parent Relationship": "Inner",
                    "Parallel Aware": true,
                    "Startup Cost": 130202.7,
                    "Total Cost": 130202.7,
                    "Plan Rows": 1021199,
                    "Plan Width": 8,
                    "Actual Startup Time": 749.905,
                    "Actual Total Time": 749.908,
                    "Actual Rows": 224718,
                    "Actual Loops": 2,
                    "Hash Buckets": 2097152,
                    "Original Hash Buckets": 2097152,
                    "Hash Batches": 1,
                    "Original Hash Batches": 1,
                    "Peak Memory Usage": 34016,
                    "Plans": [
                      {
                        "Node Type": "Hash Join",
                        "Parent Relationship": "Outer",
                        "Parallel Aware": true,
                        "Join Type": "Inner",
                        "Startup Cost": 66043.46,
                        "Total Cost": 130202.7,
                        "Plan Rows": 1021199,
                        "Plan Width": 8,
                        "Actual Startup Time": 320.19,
                        "Actual Total Time": 702.038,
                        "Actual Rows": 224718,
                        "Actual Loops": 2,
                        "Inner Unique": true,
                        "Hash Cond": "(mk.movie_id = t.id)",
                        "Plans": [
                          {
                            "Node Type": "Seq Scan",
                            "Parent Relationship": "Outer",
                            "Parallel Aware": true,
                            "Relation Name": "movie_keyword",
                            "Alias": "mk",
                            "Startup Cost": 0.0,
                            "Total Cost": 57718.19,
                            "Plan Rows": 2453731,
                            "Plan Width": 4,
                            "Actual Startup Time": 0.015,
                            "Actual Total Time": 196.108,
                            "Actual Rows": 2090627,
                            "Actual Loops": 2,
                            "Filter": "(keyword_id < 48505)",
                            "Rows Removed by Filter": 171338
                          },
                          {
                            "Node Type": "Hash",
                            "Parent Relationship": "Inner",
                            "Parallel Aware": true,
                            "Startup Cost": 58306.47,
                            "Total Cost": 58306.47,
                            "Plan Rows": 618959,
                            "Plan Width": 4,
                            "Actual Startup Time": 313.119,
                            "Actual Total Time": 313.12,
                            "Actual Rows": 574474,
                            "Actual Loops": 2,
                            "Hash Buckets": 2097152,
                            "Original Hash Buckets": 2097152,
                            "Hash Batches": 1,
                            "Original Hash Batches": 1,
                            "Peak Memory Usage": 61376,
                            "Plans": [
                              {
                                "Node Type": "Seq Scan",
                                "Parent Relationship": "Outer",
                                "Parallel Aware": true,
                                "Relation Name": "title",
                                "Alias": "t",
                                "Startup Cost": 0.0,
                                "Total Cost": 58306.47,
                                "Plan Rows": 618959,
                                "Plan Width": 4,
                                "Actual Startup Time": 0.028,
                                "Actual Total Time": 160.529,
                                "Actual Rows": 574474,
                                "Actual Loops": 2,
                                "Filter": "((production_year > 1991) AND (kind_id = 7))",
                                "Rows Removed by Filter": 689682
                              }
                            ]
                          }
                        ]
                      }
                    ]
                  }
                ]
              }
            ]
          }
        ]
      }
    ]
  },
  "Planning Time": 1.133,
  "Triggers": [],
  "Execution Time": 5735.291
}