[
  {
    "Plan": {
      "Node Type": "Aggregate",
      "Strategy": "Plain",
      "Partial Mode": "Finalize",
      "Parallel Aware": false,
      "Startup Cost": 343152.91,
      "Total Cost": 343152.92,
      "Plan Rows": 1,
      "Plan Width": 8,
      "Actual Startup Time": 910.457,
      "Actual Total Time": 958.55,
      "Actual Rows": 1,
      "Actual Loops": 1,
      "Plans": [
        {
          "Node Type": "Gather",
          "Parent Relationship": "Outer",
          "Parallel Aware": false,
          "Startup Cost": 343152.29,
          "Total Cost": 343152.9,
          "Plan Rows": 6,
          "Plan Width": 8,
          "Actual Startup Time": 910.268,
          "Actual Total Time": 958.537,
          "Actual Rows": 7,
          "Actual Loops": 1,
          "Workers Planned": 6,
          "Workers Launched": 6,
          "Single Copy": false,
          "Plans": [
            {
              "Node Type": "Aggregate",
              "Strategy": "Plain",
              "Partial Mode": "Partial",
              "Parent Relationship": "Outer",
              "Parallel Aware": false,
              "Startup Cost": 342152.29,
              "Total Cost": 342152.3,
              "Plan Rows": 1,
              "Plan Width": 8,
              "Actual Startup Time": 903.618,
              "Actual Total Time": 903.619,
              "Actual Rows": 1,
              "Actual Loops": 7,
              "Plans": [
                {
                  "Node Type": "Seq Scan",
                  "Parent Relationship": "Outer",
                  "Parallel Aware": true,
                  "Relation Name": "cast_info",
                  "Alias": "ci",
                  "Startup Cost": 0.0,
                  "Total Cost": 328211.39,
                  "Plan Rows": 5576358,
                  "Plan Width": 0,
                  "Actual Startup Time": 0.04,
                  "Actual Total Time": 667.656,
                  "Actual Rows": 4793087,
                  "Actual Loops": 7,
                  "Filter": "(person_id < 3544898)",
                  "Rows Removed by Filter": 384676
                }
              ]
            }
          ]
        }
      ]
    },
    "Planning Time": 0.17,
    "Triggers": [],
    "Execution Time": 958.614
  }
]