[
  {
    "Plan": {
      "Node Type": "Aggregate",
      "Strategy": "Plain",
      "Partial Mode": "Finalize",
      "Parallel Aware": false,
      "Startup Cost": 343085.54,
      "Total Cost": 343085.55,
      "Plan Rows": 1,
      "Plan Width": 8,
      "Actual Startup Time": 804.784,
      "Actual Total Time": 856.639,
      "Actual Rows": 1,
      "Actual Loops": 1,
      "Plans": [
        {
          "Node Type": "Gather",
          "Parent Relationship": "Outer",
          "Parallel Aware": false,
          "Startup Cost": 343084.92,
          "Total Cost": 343085.53,
          "Plan Rows": 6,
          "Plan Width": 8,
          "Actual Startup Time": 804.68,
          "Actual Total Time": 856.631,
          "Actual Rows": 7,
          "Actual Loops": 1,
          "Workers Planned": 6,
          "Workers Launched": 6,
          "Single Copy": false,
          "Plans": [
            {
              "Node Type": "Aggregate",
              "Strategy": "Plain",
              "Partial Mode": "Partial",
              "Parent Relationship": "Outer",
              "Parallel Aware": false,
              "Startup Cost": 342084.92,
              "Total Cost": 342084.93,
              "Plan Rows": 1,
              "Plan Width": 8,
              "Actual Startup Time": 796.698,
              "Actual Total Time": 796.699,
              "Actual Rows": 1,
              "Actual Loops": 7,
              "Plans": [
                {
                  "Node Type": "Seq Scan",
                  "Parent Relationship": "Outer",
                  "Parallel Aware": true,
                  "Relation Name": "cast_info",
                  "Alias": "ci",
                  "Startup Cost": 0.0,
                  "Total Cost": 328162.03,
                  "Plan Rows": 5569157,
                  "Plan Width": 0,
                  "Actual Startup Time": 0.05,
                  "Actual Total Time": 596.643,
                  "Actual Rows": 4793087,
                  "Actual Loops": 7,
                  "Filter": "(person_id < 3544898)",
                  "Rows Removed by Filter": 384676
                }
              ]
            }
          ]
        }
      ]
    },
    "Planning Time": 0.175,
    "Triggers": [],
    "Execution Time": 856.698
  }
]