[
    {
        "Bao": {
            "Bao prediction": "NaN",
            "Bao recommended hint": "(no hint)"
        }
    },
    {
        "Plan": {
            "Node Type": "Aggregate",
            "Strategy": "Plain",
            "Partial Mode": "Finalize",
            "Parallel Aware": false,
            "Startup Cost": 23895.54,
            "Total Cost": 23895.55,
            "Plan Rows": 1,
            "Plan Width": 8,
            "Actual Startup Time": 35.451,
            "Actual Total Time": 38.017,
            "Actual Rows": 1,
            "Actual Loops": 1,
            "Output": [
                "count(*)"
            ],
            "Plans": [
                {
                    "Node Type": "Gather",
                    "Parent Relationship": "Outer",
                    "Parallel Aware": false,
                    "Startup Cost": 23895.22,
                    "Total Cost": 23895.53,
                    "Plan Rows": 3,
                    "Plan Width": 8,
                    "Actual Startup Time": 35.291,
                    "Actual Total Time": 38.011,
                    "Actual Rows": 4,
                    "Actual Loops": 1,
                    "Output": [
                        "(PARTIAL count(*))"
                    ],
                    "Workers Planned": 3,
                    "Workers Launched": 3,
                    "Single Copy": false,
                    "Plans": [
                        {
                            "Node Type": "Aggregate",
                            "Strategy": "Plain",
                            "Partial Mode": "Partial",
                            "Parent Relationship": "Outer",
                            "Parallel Aware": false,
                            "Startup Cost": 22895.22,
                            "Total Cost": 22895.23,
                            "Plan Rows": 1,
                            "Plan Width": 8,
                            "Actual Startup Time": 26.867,
                            "Actual Total Time": 26.869,
                            "Actual Rows": 1,
                            "Actual Loops": 4,
                            "Output": [
                                "PARTIAL count(*)"
                            ],
                            "Workers": [
                                {
                                    "Worker Number": 0,
                                    "Actual Startup Time": 23.969,
                                    "Actual Total Time": 23.97,
                                    "Actual Rows": 1,
                                    "Actual Loops": 1
                                },
                                {
                                    "Worker Number": 1,
                                    "Actual Startup Time": 24.17,
                                    "Actual Total Time": 24.172,
                                    "Actual Rows": 1,
                                    "Actual Loops": 1
                                },
                                {
                                    "Worker Number": 2,
                                    "Actual Startup Time": 24.325,
                                    "Actual Total Time": 24.326,
                                    "Actual Rows": 1,
                                    "Actual Loops": 1
                                }
                            ],
                            "Plans": [
                                {
                                    "Node Type": "Bitmap Heap Scan",
                                    "Parent Relationship": "Outer",
                                    "Parallel Aware": true,
                                    "Relation Name": "movie_companies",
                                    "Schema": "public",
                                    "Alias": "mc",
                                    "Startup Cost": 3356.17,
                                    "Total Cost": 22770.38,
                                    "Plan Rows": 49937,
                                    "Plan Width": 0,
                                    "Actual Startup Time": 2.77,
                                    "Actual Total Time": 24.075,
                                    "Actual Rows": 39321,
                                    "Actual Loops": 4,
                                    "Recheck Cond": "(mc.company_id > 128925)",
                                    "Rows Removed by Index Recheck": 0,
                                    "Exact Heap Blocks": 2455,
                                    "Lossy Heap Blocks": 0,
                                    "Workers": [
                                        {
                                            "Worker Number": 0,
                                            "Actual Startup Time": 0.179,
                                            "Actual Total Time": 21.538,
                                            "Actual Rows": 20376,
                                            "Actual Loops": 1
                                        },
                                        {
                                            "Worker Number": 1,
                                            "Actual Startup Time": 0.131,
                                            "Actual Total Time": 21.739,
                                            "Actual Rows": 20600,
                                            "Actual Loops": 1
                                        },
                                        {
                                            "Worker Number": 2,
                                            "Actual Startup Time": 0.171,
                                            "Actual Total Time": 21.846,
                                            "Actual Rows": 20169,
                                            "Actual Loops": 1
                                        }
                                    ],
                                    "Plans": [
                                        {
                                            "Node Type": "Bitmap Index Scan",
                                            "Parent Relationship": "Outer",
                                            "Parallel Aware": false,
                                            "Index Name": "company_id_movie_companies",
                                            "Startup Cost": 0.0,
                                            "Total Cost": 3317.47,
                                            "Plan Rows": 154805,
                                            "Plan Width": 0,
                                            "Actual Startup Time": 10.027,
                                            "Actual Total Time": 10.027,
                                            "Actual Rows": 157285,
                                            "Actual Loops": 1,
                                            "Index Cond": "(mc.company_id > 128925)"
                                        }
                                    ]
                                }
                            ]
                        }
                    ]
                }
            ]
        },
        "Planning Time": 174.32,
        "Triggers": [],
        "Execution Time": 38.073
    }
]