[
  {
    "Plan": {
      "Node Type": "Aggregate",
      "Strategy": "Plain",
      "Partial Mode": "Finalize",
      "Parallel Aware": false,
      "Startup Cost": 337390.04,
      "Total Cost": 337390.05,
      "Plan Rows": 1,
      "Plan Width": 8,
      "Actual Startup Time": 145.55,
      "Actual Total Time": 174.441,
      "Actual Rows": 1,
      "Actual Loops": 1,
      "Plans": [
        {
          "Node Type": "Gather",
          "Parent Relationship": "Outer",
          "Parallel Aware": false,
          "Startup Cost": 337389.62,
          "Total Cost": 337390.03,
          "Plan Rows": 4,
          "Plan Width": 8,
          "Actual Startup Time": 145.096,
          "Actual Total Time": 174.427,
          "Actual Rows": 5,
          "Actual Loops": 1,
          "Workers Planned": 4,
          "Workers Launched": 4,
          "Single Copy": false,
          "Plans": [
            {
              "Node Type": "Aggregate",
              "Strategy": "Plain",
              "Partial Mode": "Partial",
              "Parent Relationship": "Outer",
              "Parallel Aware": false,
              "Startup Cost": 336389.62,
              "Total Cost": 336389.63,
              "Plan Rows": 1,
              "Plan Width": 8,
              "Actual Startup Time": 135.201,
              "Actual Total Time": 135.203,
              "Actual Rows": 1,
              "Actual Loops": 5,
              "Plans": [
                {
                  "Node Type": "Nested Loop",
                  "Parent Relationship": "Outer",
                  "Parallel Aware": false,
                  "Join Type": "Inner",
                  "Startup Cost": 2176.75,
                  "Total Cost": 336153.91,
                  "Plan Rows": 94286,
                  "Plan Width": 0,
                  "Actual Startup Time": 5.711,
                  "Actual Total Time": 133.159,
                  "Actual Rows": 16935,
                  "Actual Loops": 5,
                  "Inner Unique": false,
                  "Plans": [
                    {
                      "Node Type": "Bitmap Heap Scan",
                      "Parent Relationship": "Outer",
                      "Parallel Aware": true,
                      "Relation Name": "title",
                      "Alias": "t",
                      "Startup Cost": 2176.19,
                      "Total Cost": 38629.62,
                      "Plan Rows": 8889,
                      "Plan Width": 4,
                      "Actual Startup Time": 5.463,
                      "Actual Total Time": 23.687,
                      "Actual Rows": 1851,
                      "Actual Loops": 5,
                      "Recheck Cond": "(kind_id = 4)",
                      "Rows Removed by Index Recheck": 0,
                      "Filter": "(production_year < 1993)",
                      "Rows Removed by Filter": 21796,
                      "Exact Heap Blocks": 6587,
                      "Lossy Heap Blocks": 0,
                      "Plans": [
                        {
                          "Node Type": "Bitmap Index Scan",
                          "Parent Relationship": "Outer",
                          "Parallel Aware": false,
                          "Index Name": "kind_id_title",
                          "Startup Cost": 0.0,
                          "Total Cost": 2167.3,
                          "Plan Rows": 121449,
                          "Plan Width": 0,
                          "Actual Startup Time": 11.358,
                          "Actual Total Time": 11.359,
                          "Actual Rows": 118234,
                          "Actual Loops": 1,
                          "Index Cond": "(kind_id = 4)"
                        }
                      ]
                    },
                    {
                      "Node Type": "Index Scan",
                      "Parent Relationship": "Inner",
                      "Parallel Aware": false,
                      "Scan Direction": "Forward",
                      "Index Name": "movie_id_cast_info",
                      "Relation Name": "cast_info",
                      "Alias": "ci",
                      "Startup Cost": 0.56,
                      "Total Cost": 33.21,
                      "Plan Rows": 26,
                      "Plan Width": 4,
                      "Actual Startup Time": 0.014,
                      "Actual Total Time": 0.057,
                      "Actual Rows": 9,
                      "Actual Loops": 9253,
                      "Index Cond": "(movie_id = t.id)",
                      "Rows Removed by Index Recheck": 0,
                      "Filter": "(role_id < 5)",
                      "Rows Removed by Filter": 2
                    }
                  ]
                }
              ]
            }
          ]
        }
      ]
    },
    "Planning Time": 0.42,
    "Triggers": [],
    "Execution Time": 174.532
  }
]