{
    "Plan": {
        "Node Type": "Aggregate",
        "Strategy": "Plain",
        "Partial Mode": "Simple",
        "Parallel Aware": false,
        "Startup Cost": 70001860193.06,
        "Total Cost": 70001860193.07,
        "Plan Rows": 1,
        "Plan Width": 96,
        "Actual Startup Time": 15138.469,
        "Actual Total Time": 15138.473,
        "Actual Rows": 1,
        "Actual Loops": 1,
        "Output": [
            "min(mi.info)",
            "min(mi_idx.info)",
            "min(t.title)"
        ],
        "Plans": [
            {
                "Node Type": "Nested Loop",
                "Parent Relationship": "Outer",
                "Parallel Aware": false,
                "Join Type": "Inner",
                "Startup Cost": 70000000003.47,
                "Total Cost": 70001860192.79,
                "Plan Rows": 36,
                "Plan Width": 65,
                "Actual Startup Time": 9.582,
                "Actual Total Time": 15116.264,
                "Actual Rows": 63008,
                "Actual Loops": 1,
                "Output": [
                    "mi.info",
                    "mi_idx.info",
                    "t.title"
                ],
                "Inner Unique": true,
                "Join Filter": "(mi.movie_id = t.id)",
                "Rows Removed by Join Filter": 0,
                "Plans": [
                    {
                        "Node Type": "Nested Loop",
                        "Parent Relationship": "Outer",
                        "Parallel Aware": false,
                        "Join Type": "Inner",
                        "Startup Cost": 60000000003.03,
                        "Total Cost": 60001860031.83,
                        "Plan Rows": 36,
                        "Plan Width": 60,
                        "Actual Startup Time": 9.5,
                        "Actual Total Time": 14798.022,
                        "Actual Rows": 63008,
                        "Actual Loops": 1,
                        "Output": [
                            "ci.movie_id",
                            "mi.info",
                            "mi.movie_id",
                            "mi_idx.info",
                            "mi_idx.movie_id"
                        ],
                        "Inner Unique": true,
                        "Plans": [
                            {
                                "Node Type": "Nested Loop",
                                "Parent Relationship": "Outer",
                                "Parallel Aware": false,
                                "Join Type": "Inner",
                                "Startup Cost": 50000000002.58,
                                "Total Cost": 50001859317.2,
                                "Plan Rows": 160,
                                "Plan Width": 64,
                                "Actual Startup Time": 5.891,
                                "Actual Total Time": 12076.558,
                                "Actual Rows": 412559,
                                "Actual Loops": 1,
                                "Output": [
                                    "ci.movie_id",
                                    "ci.person_id",
                                    "mi.info",
                                    "mi.movie_id",
                                    "mi_idx.info",
                                    "mi_idx.movie_id"
                                ],
                                "Inner Unique": false,
                                "Join Filter": "(mi.movie_id = ci.movie_id)",
                                "Rows Removed by Join Filter": 0,
                                "Plans": [
                                    {
                                        "Node Type": "Nested Loop",
                                        "Parent Relationship": "Outer",
                                        "Parallel Aware": false,
                                        "Join Type": "Inner",
                                        "Startup Cost": 40000000001.35,
                                        "Total Cost": 40001859113.09,
                                        "Plan Rows": 34,
                                        "Plan Width": 56,
                                        "Actual Startup Time": 2.011,
                                        "Actual Total Time": 7679.164,
                                        "Actual Rows": 79061,
                                        "Actual Loops": 1,
                                        "Output": [
                                            "mi.info",
                                            "mi.movie_id",
                                            "mi_idx.info",
                                            "mi_idx.movie_id"
                                        ],
                                        "Inner Unique": true,
                                        "Plans": [
                                            {
                                                "Node Type": "Nested Loop",
                                                "Parent Relationship": "Outer",
                                                "Parallel Aware": false,
                                                "Join Type": "Inner",
                                                "Startup Cost": 30000000001.2,
                                                "Total Cost": 30001842909.91,
                                                "Plan Rows": 3890,
                                                "Plan Width": 60,
                                                "Actual Startup Time": 1.976,
                                                "Actual Total Time": 6832.993,
                                                "Actual Rows": 237345,
                                                "Actual Loops": 1,
                                                "Output": [
                                                    "mi.info",
                                                    "mi.movie_id",
                                                    "mi_idx.info",
                                                    "mi_idx.movie_id",
                                                    "mi_idx.info_type_id"
                                                ],
                                                "Inner Unique": false,
                                                "Plans": [
                                                    {
                                                        "Node Type": "Nested Loop",
                                                        "Parent Relationship": "Outer",
                                                        "Parallel Aware": false,
                                                        "Join Type": "Inner",
                                                        "Startup Cost": 20000000000.59,
                                                        "Total Cost": 20001836476.49,
                                                        "Plan Rows": 1375,
                                                        "Plan Width": 47,
                                                        "Actual Startup Time": 1.886,
                                                        "Actual Total Time": 6123.787,
                                                        "Actual Rows": 150515,
                                                        "Actual Loops": 1,
                                                        "Output": [
                                                            "mi.info",
                                                            "mi.movie_id"
                                                        ],
                                                        "Inner Unique": true,
                                                        "Plans": [
                                                            {
                                                                "Node Type": "Index Scan",
                                                                "Parent Relationship": "Outer",
                                                                "Parallel Aware": false,
                                                                "Scan Direction": "Forward",
                                                                "Index Name": "movie_id_movie_info",
                                                                "Relation Name": "movie_info",
                                                                "Schema": "public",
                                                                "Alias": "mi",
                                                                "Startup Cost": 10000000000.43,
                                                                "Total Cost": 10001189091.59,
                                                                "Plan Rows": 155420,
                                                                "Plan Width": 51,
                                                                "Actual Startup Time": 1.846,
                                                                "Actual Total Time": 5548.182,
                                                                "Actual Rows": 151825,
                                                                "Actual Loops": 1,
                                                                "Output": [
                                                                    "mi.id",
                                                                    "mi.movie_id",
                                                                    "mi.info_type_id",
                                                                    "mi.info",
                                                                    "mi.note"
                                                                ],
                                                                "Filter": "(mi.info = ANY ('{War,Horror,Family,Western,Sci-Fi,Crime}'::text[]))",
                                                                "Rows Removed by Filter": 14683895
                                                            },
                                                            {
                                                                "Node Type": "Bitmap Heap Scan",
                                                                "Parent Relationship": "Inner",
                                                                "Parallel Aware": false,
                                                                "Relation Name": "info_type",
                                                                "Schema": "public",
                                                                "Alias": "it1",
                                                                "Startup Cost": 0.15,
                                                                "Total Cost": 4.17,
                                                                "Plan Rows": 1,
                                                                "Plan Width": 4,
                                                                "Actual Startup Time": 0.002,
                                                                "Actual Total Time": 0.002,
                                                                "Actual Rows": 1,
                                                                "Actual Loops": 151825,
                                                                "Output": [
                                                                    "it1.id",
                                                                    "it1.info"
                                                                ],
                                                                "Recheck Cond": "(it1.id = mi.info_type_id)",
                                                                "Rows Removed by Index Recheck": 0,
                                                                "Filter": "((it1.info)::text = 'genres'::text)",
                                                                "Rows Removed by Filter": 0,
                                                                "Exact Heap Blocks": 151825,
                                                                "Lossy Heap Blocks": 0,
                                                                "Plans": [
                                                                    {
                                                                        "Node Type": "Bitmap Index Scan",
                                                                        "Parent Relationship": "Outer",
                                                                        "Parallel Aware": false,
                                                                        "Index Name": "info_type_pkey",
                                                                        "Startup Cost": 0.0,
                                                                        "Total Cost": 0.15,
                                                                        "Plan Rows": 1,
                                                                        "Plan Width": 0,
                                                                        "Actual Startup Time": 0.001,
                                                                        "Actual Total Time": 0.001,
                                                                        "Actual Rows": 1,
                                                                        "Actual Loops": 151825,
                                                                        "Index Cond": "(it1.id = mi.info_type_id)"
                                                                    }
                                                                ]
                                                            }
                                                        ]
                                                    },
                                                    {
                                                        "Node Type": "Bitmap Heap Scan",
                                                        "Parent Relationship": "Inner",
                                                        "Parallel Aware": false,
                                                        "Relation Name": "movie_info_idx",
                                                        "Schema": "public",
                                                        "Alias": "mi_idx",
                                                        "Startup Cost": 0.61,
                                                        "Total Cost": 4.65,
                                                        "Plan Rows": 3,
                                                        "Plan Width": 13,
                                                        "Actual Startup Time": 0.003,
                                                        "Actual Total Time": 0.003,
                                                        "Actual Rows": 2,
                                                        "Actual Loops": 150515,
                                                        "Output": [
                                                            "mi_idx.id",
                                                            "mi_idx.movie_id",
                                                            "mi_idx.info_type_id",
                                                            "mi_idx.info",
                                                            "mi_idx.note"
                                                        ],
                                                        "Recheck Cond": "(mi_idx.movie_id = mi.movie_id)",
                                                        "Rows Removed by Index Recheck": 0,
                                                        "Exact Heap Blocks": 79893,
                                                        "Lossy Heap Blocks": 0,
                                                        "Plans": [
                                                            {
                                                                "Node Type": "Bitmap Index Scan",
                                                                "Parent Relationship": "Outer",
                                                                "Parallel Aware": false,
                                                                "Index Name": "movie_id_movie_info_idx",
                                                                "Startup Cost": 0.0,
                                                                "Total Cost": 0.61,
                                                                "Plan Rows": 3,
                                                                "Plan Width": 0,
                                                                "Actual Startup Time": 0.002,
                                                                "Actual Total Time": 0.002,
                                                                "Actual Rows": 2,
                                                                "Actual Loops": 150515,
                                                                "Index Cond": "(mi_idx.movie_id = mi.movie_id)"
                                                            }
                                                        ]
                                                    }
                                                ]
                                            },
                                            {
                                                "Node Type": "Bitmap Heap Scan",
                                                "Parent Relationship": "Inner",
                                                "Parallel Aware": false,
                                                "Relation Name": "info_type",
                                                "Schema": "public",
                                                "Alias": "it2",
                                                "Startup Cost": 0.15,
                                                "Total Cost": 4.17,
                                                "Plan Rows": 1,
                                                "Plan Width": 4,
                                                "Actual Startup Time": 0.002,
                                                "Actual Total Time": 0.002,
                                                "Actual Rows": 0,
                                                "Actual Loops": 237345,
                                                "Output": [
                                                    "it2.id",
                                                    "it2.info"
                                                ],
                                                "Recheck Cond": "(it2.id = mi_idx.info_type_id)",
                                                "Rows Removed by Index Recheck": 0,
                                                "Filter": "((it2.info)::text = 'votes'::text)",
                                                "Rows Removed by Filter": 1,
                                                "Exact Heap Blocks": 237345,
                                                "Lossy Heap Blocks": 0,
                                                "Plans": [
                                                    {
                                                        "Node Type": "Bitmap Index Scan",
                                                        "Parent Relationship": "Outer",
                                                        "Parallel Aware": false,
                                                        "Index Name": "info_type_pkey",
                                                        "Startup Cost": 0.0,
                                                        "Total Cost": 0.15,
                                                        "Plan Rows": 1,
                                                        "Plan Width": 0,
                                                        "Actual Startup Time": 0.001,
                                                        "Actual Total Time": 0.001,
                                                        "Actual Rows": 1,
                                                        "Actual Loops": 237345,
                                                        "Index Cond": "(it2.id = mi_idx.info_type_id)"
                                                    }
                                                ]
                                            }
                                        ]
                                    },
                                    {
                                        "Node Type": "Bitmap Heap Scan",
                                        "Parent Relationship": "Inner",
                                        "Parallel Aware": false,
                                        "Relation Name": "cast_info",
                                        "Schema": "public",
                                        "Alias": "ci",
                                        "Startup Cost": 1.23,
                                        "Total Cost": 5.94,
                                        "Plan Rows": 5,
                                        "Plan Width": 8,
                                        "Actual Startup Time": 0.026,
                                        "Actual Total Time": 0.053,
                                        "Actual Rows": 5,
                                        "Actual Loops": 79061,
                                        "Output": [
                                            "ci.id",
                                            "ci.person_id",
                                            "ci.movie_id",
                                            "ci.person_role_id",
                                            "ci.note",
                                            "ci.nr_order",
                                            "ci.role_id"
                                        ],
                                        "Recheck Cond": "(ci.movie_id = mi_idx.movie_id)",
                                        "Rows Removed by Index Recheck": 0,
                                        "Filter": "(ci.note = ANY ('{\"(executive producer)\",(voice),(producer),(writer),(uncredited)}'::text[]))",
                                        "Rows Removed by Filter": 29,
                                        "Exact Heap Blocks": 2632899,
                                        "Lossy Heap Blocks": 0,
                                        "Plans": [
                                            {
                                                "Node Type": "Bitmap Index Scan",
                                                "Parent Relationship": "Outer",
                                                "Parallel Aware": false,
                                                "Index Name": "movie_id_cast_info",
                                                "Startup Cost": 0.0,
                                                "Total Cost": 1.23,
                                                "Plan Rows": 38,
                                                "Plan Width": 0,
                                                "Actual Startup Time": 0.007,
                                                "Actual Total Time": 0.007,
                                                "Actual Rows": 35,
                                                "Actual Loops": 79061,
                                                "Index Cond": "(ci.movie_id = mi_idx.movie_id)"
                                            }
                                        ]
                                    }
                                ]
                            },
                            {
                                "Node Type": "Bitmap Heap Scan",
                                "Parent Relationship": "Inner",
                                "Parallel Aware": false,
                                "Relation Name": "name",
                                "Schema": "public",
                                "Alias": "n",
                                "Startup Cost": 0.45,
                                "Total Cost": 4.47,
                                "Plan Rows": 1,
                                "Plan Width": 4,
                                "Actual Startup Time": 0.005,
                                "Actual Total Time": 0.005,
                                "Actual Rows": 0,
                                "Actual Loops": 412559,
                                "Output": [
                                    "n.id",
                                    "n.name",
                                    "n.imdb_index",
                                    "n.imdb_id",
                                    "n.gender",
                                    "n.name_pcode_cf",
                                    "n.name_pcode_nf",
                                    "n.surname_pcode",
                                    "n.md5sum"
                                ],
                                "Recheck Cond": "(n.id = ci.person_id)",
                                "Rows Removed by Index Recheck": 0,
                                "Filter": "((n.gender)::text = 'f'::text)",
                                "Rows Removed by Filter": 1,
                                "Exact Heap Blocks": 412559,
                                "Lossy Heap Blocks": 0,
                                "Plans": [
                                    {
                                        "Node Type": "Bitmap Index Scan",
                                        "Parent Relationship": "Outer",
                                        "Parallel Aware": false,
                                        "Index Name": "name_pkey",
                                        "Startup Cost": 0.0,
                                        "Total Cost": 0.45,
                                        "Plan Rows": 1,
                                        "Plan Width": 0,
                                        "Actual Startup Time": 0.003,
                                        "Actual Total Time": 0.003,
                                        "Actual Rows": 1,
                                        "Actual Loops": 412559,
                                        "Index Cond": "(n.id = ci.person_id)"
                                    }
                                ]
                            }
                        ]
                    },
                    {
                        "Node Type": "Bitmap Heap Scan",
                        "Parent Relationship": "Inner",
                        "Parallel Aware": false,
                        "Relation Name": "title",
                        "Schema": "public",
                        "Alias": "t",
                        "Startup Cost": 0.45,
                        "Total Cost": 4.46,
                        "Plan Rows": 1,
                        "Plan Width": 21,
                        "Actual Startup Time": 0.003,
                        "Actual Total Time": 0.003,
                        "Actual Rows": 1,
                        "Actual Loops": 63008,
                        "Output": [
                            "t.id",
                            "t.title",
                            "t.imdb_index",
                            "t.kind_id",
                            "t.production_year",
                            "t.imdb_id",
                            "t.phonetic_code",
                            "t.episode_of_id",
                            "t.season_nr",
                            "t.episode_nr",
                            "t.series_years",
                            "t.md5sum"
                        ],
                        "Recheck Cond": "(t.id = ci.movie_id)",
                        "Rows Removed by Index Recheck": 0,
                        "Exact Heap Blocks": 63008,
                        "Lossy Heap Blocks": 0,
                        "Plans": [
                            {
                                "Node Type": "Bitmap Index Scan",
                                "Parent Relationship": "Outer",
                                "Parallel Aware": false,
                                "Index Name": "title_pkey",
                                "Startup Cost": 0.0,
                                "Total Cost": 0.45,
                                "Plan Rows": 1,
                                "Plan Width": 0,
                                "Actual Startup Time": 0.002,
                                "Actual Total Time": 0.002,
                                "Actual Rows": 1,
                                "Actual Loops": 63008,
                                "Index Cond": "(t.id = ci.movie_id)"
                            }
                        ]
                    }
                ]
            }
        ]
    },
    "Planning Time": 9.382,
    "Triggers": [],
    "Execution Time": 15139.075
}