{
  "Plan": {
    "Node Type": "Aggregate",
    "Strategy": "Plain",
    "Partial Mode": "Finalize",
    "Parallel Aware": false,
    "Startup Cost": 650960.02,
    "Total Cost": 650960.03,
    "Plan Rows": 1,
    "Plan Width": 8,
    "Actual Startup Time": 2481.293,
    "Actual Total Time": 2543.487,
    "Actual Rows": 1,
    "Actual Loops": 1,
    "Plans": [
      {
        "Node Type": "Gather",
        "Parent Relationship": "Outer",
        "Parallel Aware": false,
        "Startup Cost": 650959.9,
        "Total Cost": 650960.01,
        "Plan Rows": 1,
        "Plan Width": 8,
        "Actual Startup Time": 2479.838,
        "Actual Total Time": 2543.478,
        "Actual Rows": 2,
        "Actual Loops": 1,
        "Workers Planned": 1,
        "Workers Launched": 1,
        "Single Copy": false,
        "Plans": [
          {
            "Node Type": "Aggregate",
            "Strategy": "Plain",
            "Partial Mode": "Partial",
            "Parent Relationship": "Outer",
            "Parallel Aware": false,
            "Startup Cost": 649959.9,
            "Total Cost": 649959.91,
            "Plan Rows": 1,
            "Plan Width": 8,
            "Actual Startup Time": 2473.514,
            "Actual Total Time": 2473.518,
            "Actual Rows": 1,
            "Actual Loops": 2,
            "Plans": [
              {
                "Node Type": "Hash Join",
                "Parent Relationship": "Outer",
                "Parallel Aware": true,
                "Join Type": "Inner",
                "Startup Cost": 58544.57,
                "Total Cost": 646252.24,
                "Plan Rows": 1483065,
                "Plan Width": 0,
                "Actual Startup Time": 815.37,
                "Actual Total Time": 2441.447,
                "Actual Rows": 653207,
                "Actual Loops": 2,
                "Inner Unique": true,
                "Hash Cond": "(ci.movie_id = t.id)",
                "Plans": [
                  {
                    "Node Type": "Seq Scan",
                    "Parent Relationship": "Outer",
                    "Parallel Aware": true,
                    "Relation Name": "cast_info",
                    "Alias": "ci",
                    "Startup Cost": 0.0,
                    "Total Cost": 572345.93,
                    "Plan Rows": 5852085,
                    "Plan Width": 4,
                    "Actual Startup Time": 615.495,
                    "Actual Total Time": 1701.302,
                    "Actual Rows": 2115236,
                    "Actual Loops": 2,
                    "Filter": "((person_id < 1492142) AND (role_id > 1))",
                    "Rows Removed by Filter": 16006936
                  },
                  {
                    "Node Type": "Hash",
                    "Parent Relationship": "Inner",
                    "Parallel Aware": true,
                    "Startup Cost": 53833.29,
                    "Total Cost": 53833.29,
                    "Plan Rows": 376902,
                    "Plan Width": 4,
                    "Actual Startup Time": 189.722,
                    "Actual Total Time": 189.724,
                    "Actual Rows": 319710,
                    "Actual Loops": 2,
                    "Hash Buckets": 1048576,
                    "Original Hash Buckets": 1048576,
                    "Hash Batches": 1,
                    "Original Hash Batches": 1,
                    "Peak Memory Usage": 33248,
                    "Plans": [
                      {
                        "Node Type": "Bitmap Heap Scan",
                        "Parent Relationship": "Outer",
                        "Parallel Aware": true,
                        "Relation Name": "title",
                        "Alias": "t",
                        "Startup Cost": 11983.03,
                        "Total Cost": 53833.29,
                        "Plan Rows": 376902,
                        "Plan Width": 4,
                        "Actual Startup Time": 32.512,
                        "Actual Total Time": 111.28,
                        "Actual Rows": 319710,
                        "Actual Loops": 2,
                        "Recheck Cond": "(kind_id = 1)",
                        "Rows Removed by Index Recheck": 0,
                        "Filter": "(production_year > 1906)",
                        "Rows Removed by Filter": 11702,
                        "Exact Heap Blocks": 8738,
                        "Lossy Heap Blocks": 0,
                        "Plans": [
                          {
                            "Node Type": "Bitmap Index Scan",
                            "Parent Relationship": "Outer",
                            "Parallel Aware": false,
                            "Index Name": "kind_id_title",
                            "Startup Cost": 0.0,
                            "Total Cost": 11822.85,
                            "Plan Rows": 663256,
                            "Plan Width": 0,
                            "Actual Startup Time": 30.656,
                            "Actual Total Time": 30.656,
                            "Actual Rows": 662825,
                            "Actual Loops": 1,
                            "Index Cond": "(kind_id = 1)"
                          }
                        ]
                      }
                    ]
                  }
                ]
              }
            ]
          }
        ]
      }
    ]
  },
  "Planning Time": 0.695,
  "Triggers": [],
  "Execution Time": 2543.596
}