{
  "Plan": {
    "Node Type": "Aggregate",
    "Strategy": "Plain",
    "Partial Mode": "Finalize",
    "Parallel Aware": false,
    "Startup Cost": 645511.53,
    "Total Cost": 645511.54,
    "Plan Rows": 1,
    "Plan Width": 8,
    "Actual Startup Time": 9776.424,
    "Actual Total Time": 9829.343,
    "Actual Rows": 1,
    "Actual Loops": 1,
    "Plans": [
      {
        "Node Type": "Gather",
        "Parent Relationship": "Outer",
        "Parallel Aware": false,
        "Startup Cost": 645511.42,
        "Total Cost": 645511.53,
        "Plan Rows": 1,
        "Plan Width": 8,
        "Actual Startup Time": 9772.284,
        "Actual Total Time": 9829.336,
        "Actual Rows": 2,
        "Actual Loops": 1,
        "Workers Planned": 1,
        "Workers Launched": 1,
        "Single Copy": false,
        "Plans": [
          {
            "Node Type": "Aggregate",
            "Strategy": "Plain",
            "Partial Mode": "Partial",
            "Parent Relationship": "Outer",
            "Parallel Aware": false,
            "Startup Cost": 644511.42,
            "Total Cost": 644511.43,
            "Plan Rows": 1,
            "Plan Width": 8,
            "Actual Startup Time": 9764.493,
            "Actual Total Time": 9764.498,
            "Actual Rows": 1,
            "Actual Loops": 2,
            "Plans": [
              {
                "Node Type": "Hash Join",
                "Parent Relationship": "Outer",
                "Parallel Aware": true,
                "Join Type": "Inner",
                "Startup Cost": 328796.95,
                "Total Cost": 634327.01,
                "Plan Rows": 4073763,
                "Plan Width": 0,
                "Actual Startup Time": 2295.453,
                "Actual Total Time": 8235.226,
                "Actual Rows": 36625806,
                "Actual Loops": 2,
                "Inner Unique": false,
                "Hash Cond": "(mi.movie_id = t.id)",
                "Plans": [
                  {
                    "Node Type": "Seq Scan",
                    "Parent Relationship": "Outer",
                    "Parallel Aware": true,
                    "Relation Name": "movie_info",
                    "Alias": "mi",
                    "Startup Cost": 0.0,
                    "Total Cost": 248955.74,
                    "Plan Rows": 8696274,
                    "Plan Width": 4,
                    "Actual Startup Time": 0.018,
                    "Actual Total Time": 654.619,
                    "Actual Rows": 7417860,
                    "Actual Loops": 2
                  },
                  {
                    "Node Type": "Hash",
                    "Parent Relationship": "Inner",
                    "Parallel Aware": true,
                    "Startup Cost": 320088.3,
                    "Total Cost": 320088.3,
                    "Plan Rows": 696692,
                    "Plan Width": 8,
                    "Actual Startup Time": 2279.47,
                    "Actual Total Time": 2279.474,
                    "Actual Rows": 838984,
                    "Actual Loops": 2,
                    "Hash Buckets": 2097152,
                    "Original Hash Buckets": 2097152,
                    "Hash Batches": 1,
                    "Original Hash Batches": 1,
                    "Peak Memory Usage": 82048,
                    "Plans": [
                      {
                        "Node Type": "Hash Join",
                        "Parent Relationship": "Outer",
                        "Parallel Aware": true,
                        "Join Type": "Inner",
                        "Startup Cost": 63474.26,
                        "Total Cost": 320088.3,
                        "Plan Rows": 696692,
                        "Plan Width": 8,
                        "Actual Startup Time": 276.297,
                        "Actual Total Time": 1989.953,
                        "Actual Rows": 838984,
                        "Actual Loops": 2,
                        "Inner Unique": true,
                        "Hash Cond": "(ci.movie_id = t.id)",
                        "Plans": [
                          {
                            "Node Type": "Index Scan",
                            "Parent Relationship": "Outer",
                            "Parallel Aware": true,
                            "Scan Direction": "Forward",
                            "Index Name": "role_id_cast_info",
                            "Relation Name": "cast_info",
                            "Alias": "ci",
                            "Startup Cost": 0.56,
                            "Total Cost": 250034.97,
                            "Plan Rows": 2506524,
                            "Plan Width": 4,
                            "Actual Startup Time": 0.179,
                            "Actual Total Time": 752.803,
                            "Actual Rows": 3023909,
                            "Actual Loops": 2,
                            "Index Cond": "(role_id > 6)",
                            "Rows Removed by Index Recheck": 0,
                            "Filter": "(person_id > 1622917)",
                            "Rows Removed by Filter": 832411
                          },
                          {
                            "Node Type": "Hash",
                            "Parent Relationship": "Inner",
                            "Parallel Aware": true,
                            "Startup Cost": 58306.47,
                            "Total Cost": 58306.47,
                            "Plan Rows": 413378,
                            "Plan Width": 4,
                            "Actual Startup Time": 272.266,
                            "Actual Total Time": 272.267,
                            "Actual Rows": 374966,
                            "Actual Loops": 2,
                            "Hash Buckets": 1048576,
                            "Original Hash Buckets": 1048576,
                            "Hash Batches": 1,
                            "Original Hash Batches": 1,
                            "Peak Memory Usage": 37568,
                            "Plans": [
                              {
                                "Node Type": "Seq Scan",
                                "Parent Relationship": "Outer",
                                "Parallel Aware": true,
                                "Relation Name": "title",
                                "Alias": "t",
                                "Startup Cost": 0.0,
                                "Total Cost": 58306.47,
                                "Plan Rows": 413378,
                                "Plan Width": 4,
                                "Actual Startup Time": 0.034,
                                "Actual Total Time": 168.248,
                                "Actual Rows": 374966,
                                "Actual Loops": 2,
                                "Filter": "((kind_id < 7) AND (production_year < 2009))",
                                "Rows Removed by Filter": 889190
                              }
                            ]
                          }
                        ]
                      }
                    ]
                  }
                ]
              }
            ]
          }
        ]
      }
    ]
  },
  "Planning Time": 0.66,
  "Triggers": [],
  "Execution Time": 9829.419
}