[
  {
    "Plan": {
      "Node Type": "Aggregate",
      "Strategy": "Plain",
      "Partial Mode": "Finalize",
      "Parallel Aware": false,
      "Startup Cost": 49491.34,
      "Total Cost": 49491.35,
      "Plan Rows": 1,
      "Plan Width": 8,
      "Actual Startup Time": 59.256,
      "Actual Total Time": 70.263,
      "Actual Rows": 1,
      "Actual Loops": 1,
      "Plans": [
        {
          "Node Type": "Gather",
          "Parent Relationship": "Outer",
          "Parallel Aware": false,
          "Startup Cost": 49491.02,
          "Total Cost": 49491.33,
          "Plan Rows": 3,
          "Plan Width": 8,
          "Actual Startup Time": 58.998,
          "Actual Total Time": 70.256,
          "Actual Rows": 4,
          "Actual Loops": 1,
          "Workers Planned": 3,
          "Workers Launched": 3,
          "Single Copy": false,
          "Plans": [
            {
              "Node Type": "Aggregate",
              "Strategy": "Plain",
              "Partial Mode": "Partial",
              "Parent Relationship": "Outer",
              "Parallel Aware": false,
              "Startup Cost": 48491.02,
              "Total Cost": 48491.03,
              "Plan Rows": 1,
              "Plan Width": 8,
              "Actual Startup Time": 55.633,
              "Actual Total Time": 55.635,
              "Actual Rows": 1,
              "Actual Loops": 4,
              "Plans": [
                {
                  "Node Type": "Nested Loop",
                  "Parent Relationship": "Outer",
                  "Parallel Aware": false,
                  "Join Type": "Inner",
                  "Startup Cost": 276.64,
                  "Total Cost": 48488.91,
                  "Plan Rows": 844,
                  "Plan Width": 0,
                  "Actual Startup Time": 11.108,
                  "Actual Total Time": 54.845,
                  "Actual Rows": 11985,
                  "Actual Loops": 4,
                  "Inner Unique": false,
                  "Plans": [
                    {
                      "Node Type": "Nested Loop",
                      "Parent Relationship": "Outer",
                      "Parallel Aware": false,
                      "Join Type": "Inner",
                      "Startup Cost": 276.2,
                      "Total Cost": 46891.53,
                      "Plan Rows": 144,
                      "Plan Width": 8,
                      "Actual Startup Time": 11.027,
                      "Actual Total Time": 32.887,
                      "Actual Rows": 619,
                      "Actual Loops": 4,
                      "Inner Unique": true,
                      "Plans": [
                        {
                          "Node Type": "Bitmap Heap Scan",
                          "Parent Relationship": "Outer",
                          "Parallel Aware": true,
                          "Relation Name": "movie_keyword",
                          "Alias": "mk",
                          "Startup Cost": 275.77,
                          "Total Cost": 21317.58,
                          "Plan Rows": 4135,
                          "Plan Width": 4,
                          "Actual Startup Time": 0.808,
                          "Actual Total Time": 7.875,
                          "Actual Rows": 3591,
                          "Actual Loops": 4,
                          "Recheck Cond": "(keyword_id = 1)",
                          "Rows Removed by Index Recheck": 0,
                          "Exact Heap Blocks": 2889,
                          "Lossy Heap Blocks": 0,
                          "Plans": [
                            {
                              "Node Type": "Bitmap Index Scan",
                              "Parent Relationship": "Outer",
                              "Parallel Aware": false,
                              "Index Name": "keyword_id_movie_keyword",
                              "Startup Cost": 0.0,
                              "Total Cost": 272.57,
                              "Plan Rows": 12818,
                              "Plan Width": 0,
                              "Actual Startup Time": 2.095,
                              "Actual Total Time": 2.095,
                              "Actual Rows": 14364,
                              "Actual Loops": 1,
                              "Index Cond": "(keyword_id = 1)"
                            }
                          ]
                        },
                        {
                          "Node Type": "Index Scan",
                          "Parent Relationship": "Inner",
                          "Parallel Aware": false,
                          "Scan Direction": "Forward",
                          "Index Name": "title_pkey",
                          "Relation Name": "title",
                          "Alias": "t",
                          "Startup Cost": 0.43,
                          "Total Cost": 6.18,
                          "Plan Rows": 1,
                          "Plan Width": 4,
                          "Actual Startup Time": 0.007,
                          "Actual Total Time": 0.007,
                          "Actual Rows": 0,
                          "Actual Loops": 14364,
                          "Index Cond": "(id = mk.movie_id)",
                          "Rows Removed by Index Recheck": 0,
                          "Filter": "((production_year < 1969) AND (kind_id = 1))",
                          "Rows Removed by Filter": 1
                        }
                      ]
                    },
                    {
                      "Node Type": "Index Only Scan",
                      "Parent Relationship": "Inner",
                      "Parallel Aware": false,
                      "Scan Direction": "Forward",
                      "Index Name": "movie_id_movie_info",
                      "Relation Name": "movie_info",
                      "Alias": "mi",
                      "Startup Cost": 0.43,
                      "Total Cost": 10.68,
                      "Plan Rows": 41,
                      "Plan Width": 4,
                      "Actual Startup Time": 0.009,
                      "Actual Total Time": 0.033,
                      "Actual Rows": 19,
                      "Actual Loops": 2477,
                      "Index Cond": "(movie_id = t.id)",
                      "Rows Removed by Index Recheck": 0,
                      "Heap Fetches": 47939
                    }
                  ]
                }
              ]
            }
          ]
        }
      ]
    },
    "Planning Time": 0.448,
    "Triggers": [],
    "Execution Time": 70.306
  }
]