[
  {
    "Plan": {
      "Node Type": "Aggregate",
      "Strategy": "Plain",
      "Partial Mode": "Finalize",
      "Parallel Aware": false,
      "Startup Cost": 133652.6,
      "Total Cost": 133652.61,
      "Plan Rows": 1,
      "Plan Width": 8,
      "Actual Startup Time": 1165.259,
      "Actual Total Time": 1191.782,
      "Actual Rows": 1,
      "Actual Loops": 1,
      "Plans": [
        {
          "Node Type": "Gather",
          "Parent Relationship": "Outer",
          "Parallel Aware": false,
          "Startup Cost": 133652.29,
          "Total Cost": 133652.6,
          "Plan Rows": 3,
          "Plan Width": 8,
          "Actual Startup Time": 1146.713,
          "Actual Total Time": 1191.772,
          "Actual Rows": 4,
          "Actual Loops": 1,
          "Workers Planned": 3,
          "Workers Launched": 3,
          "Single Copy": false,
          "Plans": [
            {
              "Node Type": "Aggregate",
              "Strategy": "Plain",
              "Partial Mode": "Partial",
              "Parent Relationship": "Outer",
              "Parallel Aware": false,
              "Startup Cost": 132652.29,
              "Total Cost": 132652.3,
              "Plan Rows": 1,
              "Plan Width": 8,
              "Actual Startup Time": 1134.162,
              "Actual Total Time": 1134.708,
              "Actual Rows": 1,
              "Actual Loops": 4,
              "Plans": [
                {
                  "Node Type": "Hash Join",
                  "Parent Relationship": "Outer",
                  "Parallel Aware": true,
                  "Join Type": "Inner",
                  "Startup Cost": 99876.0,
                  "Total Cost": 131598.49,
                  "Plan Rows": 421519,
                  "Plan Width": 0,
                  "Actual Startup Time": 637.494,
                  "Actual Total Time": 1019.553,
                  "Actual Rows": 2699308,
                  "Actual Loops": 4,
                  "Inner Unique": false,
                  "Hash Cond": "(mc.movie_id = t.id)",
                  "Plans": [
                    {
                      "Node Type": "Seq Scan",
                      "Parent Relationship": "Outer",
                      "Parallel Aware": true,
                      "Relation Name": "movie_companies",
                      "Alias": "mc",
                      "Startup Cost": 0.0,
                      "Total Cost": 27206.55,
                      "Plan Rows": 841655,
                      "Plan Width": 4,
                      "Actual Startup Time": 0.025,
                      "Actual Total Time": 60.046,
                      "Actual Rows": 652282,
                      "Actual Loops": 4
                    },
                    {
                      "Node Type": "Hash",
                      "Parent Relationship": "Inner",
                      "Parallel Aware": true,
                      "Startup Cost": 94770.26,
                      "Total Cost": 94770.26,
                      "Plan Rows": 408459,
                      "Plan Width": 8,
                      "Actual Startup Time": 627.217,
                      "Actual Total Time": 627.761,
                      "Actual Rows": 345656,
                      "Actual Loops": 4,
                      "Hash Buckets": 2097152,
                      "Original Hash Buckets": 2097152,
                      "Hash Batches": 1,
                      "Original Hash Batches": 1,
                      "Peak Memory Usage": 70528,
                      "Plans": [
                        {
                          "Node Type": "Hash Join",
                          "Parent Relationship": "Outer",
                          "Parallel Aware": true,
                          "Join Type": "Inner",
                          "Startup Cost": 50857.14,
                          "Total Cost": 94770.26,
                          "Plan Rows": 408459,
                          "Plan Width": 8,
                          "Actual Startup Time": 343.798,
                          "Actual Total Time": 533.367,
                          "Actual Rows": 345656,
                          "Actual Loops": 4,
                          "Inner Unique": true,
                          "Hash Cond": "(mk.movie_id = t.id)",
                          "Plans": [
                            {
                              "Node Type": "Seq Scan",
                              "Parent Relationship": "Outer",
                              "Parallel Aware": true,
                              "Relation Name": "movie_keyword",
                              "Alias": "mk",
                              "Startup Cost": 0.0,
                              "Total Cost": 42695.65,
                              "Plan Rows": 463797,
                              "Plan Width": 4,
                              "Actual Startup Time": 0.774,
                              "Actual Total Time": 107.006,
                              "Actual Rows": 361020,
                              "Actual Loops": 4,
                              "Filter": "(keyword_id > 11572)",
                              "Rows Removed by Filter": 769962
                            },
                            {
                              "Node Type": "Hash",
                              "Parent Relationship": "Inner",
                              "Parallel Aware": true,
                              "Startup Cost": 43898.92,
                              "Total Cost": 43898.92,
                              "Plan Rows": 556658,
                              "Plan Width": 4,
                              "Actual Startup Time": 336.139,
                              "Actual Total Time": 336.14,
                              "Actual Rows": 556142,
                              "Actual Loops": 4,
                              "Hash Buckets": 4194304,
                              "Original Hash Buckets": 4194304,
                              "Hash Batches": 1,
                              "Original Hash Batches": 1,
                              "Peak Memory Usage": 119872,
                              "Plans": [
                                {
                                  "Node Type": "Seq Scan",
                                  "Parent Relationship": "Outer",
                                  "Parallel Aware": true,
                                  "Relation Name": "title",
                                  "Alias": "t",
                                  "Startup Cost": 0.0,
                                  "Total Cost": 43898.92,
                                  "Plan Rows": 556658,
                                  "Plan Width": 4,
                                  "Actual Startup Time": 0.046,
                                  "Actual Total Time": 116.083,
                                  "Actual Rows": 556142,
                                  "Actual Loops": 4,
                                  "Filter": "(production_year < 2012)",
                                  "Rows Removed by Filter": 75936
                                }
                              ]
                            }
                          ]
                        }
                      ]
                    }
                  ]
                }
              ]
            }
          ]
        }
      ]
    },
    "Planning Time": 1.37,
    "Triggers": [],
    "Execution Time": 1191.866
  }
]