[
  {
    "Plan": {
      "Node Type": "Aggregate",
      "Strategy": "Plain",
      "Partial Mode": "Finalize",
      "Parallel Aware": false,
      "Startup Cost": 30676.91,
      "Total Cost": 30676.92,
      "Plan Rows": 1,
      "Plan Width": 8,
      "Actual Startup Time": 83.925,
      "Actual Total Time": 92.345,
      "Actual Rows": 1,
      "Actual Loops": 1,
      "Plans": [
        {
          "Node Type": "Gather",
          "Parent Relationship": "Outer",
          "Parallel Aware": false,
          "Startup Cost": 30676.59,
          "Total Cost": 30676.9,
          "Plan Rows": 3,
          "Plan Width": 8,
          "Actual Startup Time": 83.682,
          "Actual Total Time": 92.337,
          "Actual Rows": 4,
          "Actual Loops": 1,
          "Workers Planned": 3,
          "Workers Launched": 3,
          "Single Copy": false,
          "Plans": [
            {
              "Node Type": "Aggregate",
              "Strategy": "Plain",
              "Partial Mode": "Partial",
              "Parent Relationship": "Outer",
              "Parallel Aware": false,
              "Startup Cost": 29676.59,
              "Total Cost": 29676.6,
              "Plan Rows": 1,
              "Plan Width": 8,
              "Actual Startup Time": 78.412,
              "Actual Total Time": 78.414,
              "Actual Rows": 1,
              "Actual Loops": 4,
              "Plans": [
                {
                  "Node Type": "Seq Scan",
                  "Parent Relationship": "Outer",
                  "Parallel Aware": true,
                  "Relation Name": "movie_companies",
                  "Alias": "mc",
                  "Startup Cost": 0.0,
                  "Total Cost": 29310.68,
                  "Plan Rows": 146365,
                  "Plan Width": 0,
                  "Actual Startup Time": 0.028,
                  "Actual Total Time": 71.847,
                  "Actual Rows": 111649,
                  "Actual Loops": 4,
                  "Filter": "(company_id < 352)",
                  "Rows Removed by Filter": 540633
                }
              ]
            }
          ]
        }
      ]
    },
    "Planning Time": 0.09,
    "Triggers": [],
    "Execution Time": 92.373
  }
]