{
  "Plan": {
    "Node Type": "Aggregate",
    "Strategy": "Plain",
    "Partial Mode": "Finalize",
    "Parallel Aware": false,
    "Startup Cost": 42497.79,
    "Total Cost": 42497.8,
    "Plan Rows": 1,
    "Plan Width": 8,
    "Actual Startup Time": 28.31,
    "Actual Total Time": 31.627,
    "Actual Rows": 1,
    "Actual Loops": 1,
    "Plans": [
      {
        "Node Type": "Gather",
        "Parent Relationship": "Outer",
        "Parallel Aware": false,
        "Startup Cost": 42497.67,
        "Total Cost": 42497.78,
        "Plan Rows": 1,
        "Plan Width": 8,
        "Actual Startup Time": 28.179,
        "Actual Total Time": 31.62,
        "Actual Rows": 2,
        "Actual Loops": 1,
        "Workers Planned": 1,
        "Workers Launched": 1,
        "Single Copy": false,
        "Plans": [
          {
            "Node Type": "Aggregate",
            "Strategy": "Plain",
            "Partial Mode": "Partial",
            "Parent Relationship": "Outer",
            "Parallel Aware": false,
            "Startup Cost": 41497.67,
            "Total Cost": 41497.68,
            "Plan Rows": 1,
            "Plan Width": 8,
            "Actual Startup Time": 22.01,
            "Actual Total Time": 22.012,
            "Actual Rows": 1,
            "Actual Loops": 2,
            "Plans": [
              {
                "Node Type": "Nested Loop",
                "Parent Relationship": "Outer",
                "Parallel Aware": false,
                "Join Type": "Inner",
                "Startup Cost": 246.81,
                "Total Cost": 41497.11,
                "Plan Rows": 227,
                "Plan Width": 0,
                "Actual Startup Time": 2.77,
                "Actual Total Time": 21.918,
                "Actual Rows": 256,
                "Actual Loops": 2,
                "Inner Unique": false,
                "Plans": [
                  {
                    "Node Type": "Nested Loop",
                    "Parent Relationship": "Outer",
                    "Parallel Aware": false,
                    "Join Type": "Inner",
                    "Startup Cost": 246.38,
                    "Total Cost": 40808.32,
                    "Plan Rows": 1238,
                    "Plan Width": 8,
                    "Actual Startup Time": 2.625,
                    "Actual Total Time": 17.53,
                    "Actual Rows": 522,
                    "Actual Loops": 2,
                    "Inner Unique": true,
                    "Plans": [
                      {
                        "Node Type": "Bitmap Heap Scan",
                        "Parent Relationship": "Outer",
                        "Parallel Aware": true,
                        "Relation Name": "movie_companies",
                        "Alias": "mc",
                        "Startup Cost": 245.95,
                        "Total Cost": 17328.6,
                        "Plan Rows": 3249,
                        "Plan Width": 4,
                        "Actual Startup Time": 1.864,
                        "Actual Total Time": 6.096,
                        "Actual Rows": 1206,
                        "Actual Loops": 2,
                        "Recheck Cond": "(company_id = 11)",
                        "Rows Removed by Index Recheck": 0,
                        "Filter": "(company_type_id < 2)",
                        "Rows Removed by Filter": 4128,
                        "Exact Heap Blocks": 1100,
                        "Lossy Heap Blocks": 0,
                        "Plans": [
                          {
                            "Node Type": "Bitmap Index Scan",
                            "Parent Relationship": "Outer",
                            "Parallel Aware": false,
                            "Index Name": "company_id_movie_companies",
                            "Startup Cost": 0.0,
                            "Total Cost": 244.57,
                            "Plan Rows": 11219,
                            "Plan Width": 0,
                            "Actual Startup Time": 2.998,
                            "Actual Total Time": 2.998,
                            "Actual Rows": 10667,
                            "Actual Loops": 1,
                            "Index Cond": "(company_id = 11)"
                          }
                        ]
                      },
                      {
                        "Node Type": "Index Scan",
                        "Parent Relationship": "Inner",
                        "Parallel Aware": false,
                        "Scan Direction": "Forward",
                        "Index Name": "title_pkey",
                        "Relation Name": "title",
                        "Alias": "t",
                        "Startup Cost": 0.43,
                        "Total Cost": 7.23,
                        "Plan Rows": 1,
                        "Plan Width": 4,
                        "Actual Startup Time": 0.009,
                        "Actual Total Time": 0.009,
                        "Actual Rows": 0,
                        "Actual Loops": 2411,
                        "Index Cond": "(id = mc.movie_id)",
                        "Rows Removed by Index Recheck": 0,
                        "Filter": "(production_year < 1999)",
                        "Rows Removed by Filter": 1
                      }
                    ]
                  },
                  {
                    "Node Type": "Index Scan",
                    "Parent Relationship": "Inner",
                    "Parallel Aware": false,
                    "Scan Direction": "Forward",
                    "Index Name": "movie_id_movie_info_idx",
                    "Relation Name": "movie_info_idx",
                    "Alias": "mi_idx",
                    "Startup Cost": 0.43,
                    "Total Cost": 0.55,
                    "Plan Rows": 1,
                    "Plan Width": 4,
                    "Actual Startup Time": 0.007,
                    "Actual Total Time": 0.008,
                    "Actual Rows": 0,
                    "Actual Loops": 1044,
                    "Index Cond": "(movie_id = t.id)",
                    "Rows Removed by Index Recheck": 0,
                    "Filter": "(info_type_id = 100)",
                    "Rows Removed by Filter": 1
                  }
                ]
              }
            ]
          }
        ]
      }
    ]
  },
  "Planning Time": 1.004,
  "Triggers": [],
  "Execution Time": 31.729
}