[
  {
    "Plan": {
      "Node Type": "Aggregate",
      "Strategy": "Plain",
      "Partial Mode": "Finalize",
      "Parallel Aware": false,
      "Startup Cost": 46890.8,
      "Total Cost": 46890.81,
      "Plan Rows": 1,
      "Plan Width": 8,
      "Actual Startup Time": 106.377,
      "Actual Total Time": 118.263,
      "Actual Rows": 1,
      "Actual Loops": 1,
      "Plans": [
        {
          "Node Type": "Gather",
          "Parent Relationship": "Outer",
          "Parallel Aware": false,
          "Startup Cost": 46890.38,
          "Total Cost": 46890.79,
          "Plan Rows": 4,
          "Plan Width": 8,
          "Actual Startup Time": 106.152,
          "Actual Total Time": 118.254,
          "Actual Rows": 5,
          "Actual Loops": 1,
          "Workers Planned": 4,
          "Workers Launched": 4,
          "Single Copy": false,
          "Plans": [
            {
              "Node Type": "Aggregate",
              "Strategy": "Plain",
              "Partial Mode": "Partial",
              "Parent Relationship": "Outer",
              "Parallel Aware": false,
              "Startup Cost": 45890.38,
              "Total Cost": 45890.39,
              "Plan Rows": 1,
              "Plan Width": 8,
              "Actual Startup Time": 97.198,
              "Actual Total Time": 97.199,
              "Actual Rows": 1,
              "Actual Loops": 5,
              "Plans": [
                {
                  "Node Type": "Seq Scan",
                  "Parent Relationship": "Outer",
                  "Parallel Aware": true,
                  "Relation Name": "title",
                  "Alias": "t",
                  "Startup Cost": 0.0,
                  "Total Cost": 45479.1,
                  "Plan Rows": 164512,
                  "Plan Width": 0,
                  "Actual Startup Time": 0.051,
                  "Actual Total Time": 91.638,
                  "Actual Rows": 111112,
                  "Actual Loops": 5,
                  "Filter": "((kind_id < 7) AND (production_year > 1993))",
                  "Rows Removed by Filter": 394550
                }
              ]
            }
          ]
        }
      ]
    },
    "Planning Time": 0.159,
    "Triggers": [],
    "Execution Time": 118.326
  }
]