[
  {
    "Plan": {
      "Node Type": "Aggregate",
      "Strategy": "Plain",
      "Partial Mode": "Finalize",
      "Parallel Aware": false,
      "Startup Cost": 683508.99,
      "Total Cost": 683509.0,
      "Plan Rows": 1,
      "Plan Width": 8,
      "Actual Startup Time": 6075.693,
      "Actual Total Time": 6162.432,
      "Actual Rows": 1,
      "Actual Loops": 1,
      "Plans": [
        {
          "Node Type": "Gather",
          "Parent Relationship": "Outer",
          "Parallel Aware": false,
          "Startup Cost": 683508.36,
          "Total Cost": 683508.97,
          "Plan Rows": 6,
          "Plan Width": 8,
          "Actual Startup Time": 6052.253,
          "Actual Total Time": 6162.413,
          "Actual Rows": 7,
          "Actual Loops": 1,
          "Workers Planned": 6,
          "Workers Launched": 6,
          "Single Copy": false,
          "Plans": [
            {
              "Node Type": "Aggregate",
              "Strategy": "Plain",
              "Partial Mode": "Partial",
              "Parent Relationship": "Outer",
              "Parallel Aware": false,
              "Startup Cost": 682508.36,
              "Total Cost": 682508.37,
              "Plan Rows": 1,
              "Plan Width": 8,
              "Actual Startup Time": 6022.905,
              "Actual Total Time": 6023.802,
              "Actual Rows": 1,
              "Actual Loops": 7,
              "Plans": [
                {
                  "Node Type": "Hash Join",
                  "Parent Relationship": "Outer",
                  "Parallel Aware": true,
                  "Join Type": "Inner",
                  "Startup Cost": 267180.72,
                  "Total Cost": 644917.99,
                  "Plan Rows": 15036150,
                  "Plan Width": 0,
                  "Actual Startup Time": 1597.918,
                  "Actual Total Time": 5467.799,
                  "Actual Rows": 12045614,
                  "Actual Loops": 7,
                  "Inner Unique": false,
                  "Hash Cond": "(ci.movie_id = t.id)",
                  "Plans": [
                    {
                      "Node Type": "Seq Scan",
                      "Parent Relationship": "Outer",
                      "Parallel Aware": true,
                      "Relation Name": "cast_info",
                      "Alias": "ci",
                      "Startup Cost": 0.0,
                      "Total Cost": 328211.39,
                      "Plan Rows": 5187624,
                      "Plan Width": 4,
                      "Actual Startup Time": 0.037,
                      "Actual Total Time": 676.551,
                      "Actual Rows": 4449745,
                      "Actual Loops": 7,
                      "Filter": "(person_id < 3158535)",
                      "Rows Removed by Filter": 728018
                    },
                    {
                      "Node Type": "Hash",
                      "Parent Relationship": "Inner",
                      "Parallel Aware": true,
                      "Startup Cost": 248859.35,
                      "Total Cost": 248859.35,
                      "Plan Rows": 1465709,
                      "Plan Width": 8,
                      "Actual Startup Time": 1585.961,
                      "Actual Total Time": 1586.857,
                      "Actual Rows": 629034,
                      "Actual Loops": 7,
                      "Hash Buckets": 8388608,
                      "Original Hash Buckets": 8388608,
                      "Hash Batches": 1,
                      "Original Hash Batches": 1,
                      "Peak Memory Usage": 237920,
                      "Plans": [
                        {
                          "Node Type": "Hash Join",
                          "Parent Relationship": "Outer",
                          "Parallel Aware": true,
                          "Join Type": "Inner",
                          "Startup Cost": 49379.95,
                          "Total Cost": 248859.35,
                          "Plan Rows": 1465709,
                          "Plan Width": 8,
                          "Actual Startup Time": 219.095,
                          "Actual Total Time": 1223.546,
                          "Actual Rows": 629034,
                          "Actual Loops": 7,
                          "Inner Unique": true,
                          "Hash Cond": "(mi.movie_id = t.id)",
                          "Plans": [
                            {
                              "Node Type": "Seq Scan",
                              "Parent Relationship": "Outer",
                              "Parallel Aware": true,
                              "Relation Name": "movie_info",
                              "Alias": "mi",
                              "Startup Cost": 0.0,
                              "Total Cost": 191685.19,
                              "Plan Rows": 2969219,
                              "Plan Width": 4,
                              "Actual Startup Time": 0.038,
                              "Actual Total Time": 328.987,
                              "Actual Rows": 2119389,
                              "Actual Loops": 7
                            },
                            {
                              "Node Type": "Hash",
                              "Parent Relationship": "Inner",
                              "Parallel Aware": true,
                              "Startup Cost": 45479.59,
                              "Total Cost": 45479.59,
                              "Plan Rows": 312029,
                              "Plan Width": 4,
                              "Actual Startup Time": 215.889,
                              "Actual Total Time": 215.89,
                              "Actual Rows": 193360,
                              "Actual Loops": 7,
                              "Hash Buckets": 2097152,
                              "Original Hash Buckets": 2097152,
                              "Hash Batches": 1,
                              "Original Hash Batches": 1,
                              "Peak Memory Usage": 69440,
                              "Plans": [
                                {
                                  "Node Type": "Seq Scan",
                                  "Parent Relationship": "Outer",
                                  "Parallel Aware": true,
                                  "Relation Name": "title",
                                  "Alias": "t",
                                  "Startup Cost": 0.0,
                                  "Total Cost": 45479.59,
                                  "Plan Rows": 312029,
                                  "Plan Width": 4,
                                  "Actual Startup Time": 0.068,
                                  "Actual Total Time": 97.439,
                                  "Actual Rows": 193360,
                                  "Actual Loops": 7,
                                  "Filter": "((kind_id > 1) AND (production_year > 1993))",
                                  "Rows Removed by Filter": 167827
                                }
                              ]
                            }
                          ]
                        }
                      ]
                    }
                  ]
                }
              ]
            }
          ]
        }
      ]
    },
    "Planning Time": 0.555,
    "Triggers": [],
    "Execution Time": 6162.487
  }
]