[
    {
        "Bao": {
            "Bao prediction": "NaN",
            "Bao recommended hint": "(no hint)"
        }
    },
    {
        "Plan": {
            "Node Type": "Aggregate",
            "Strategy": "Plain",
            "Partial Mode": "Finalize",
            "Parallel Aware": false,
            "Startup Cost": 227839.98,
            "Total Cost": 227839.99,
            "Plan Rows": 1,
            "Plan Width": 8,
            "Actual Startup Time": 238.449,
            "Actual Total Time": 262.953,
            "Actual Rows": 1,
            "Actual Loops": 1,
            "Output": [
                "count(*)"
            ],
            "Plans": [
                {
                    "Node Type": "Gather",
                    "Parent Relationship": "Outer",
                    "Parallel Aware": false,
                    "Startup Cost": 227839.46,
                    "Total Cost": 227839.97,
                    "Plan Rows": 5,
                    "Plan Width": 8,
                    "Actual Startup Time": 238.102,
                    "Actual Total Time": 262.945,
                    "Actual Rows": 6,
                    "Actual Loops": 1,
                    "Output": [
                        "(PARTIAL count(*))"
                    ],
                    "Workers Planned": 5,
                    "Workers Launched": 5,
                    "Single Copy": false,
                    "Plans": [
                        {
                            "Node Type": "Aggregate",
                            "Strategy": "Plain",
                            "Partial Mode": "Partial",
                            "Parent Relationship": "Outer",
                            "Parallel Aware": false,
                            "Startup Cost": 226839.46,
                            "Total Cost": 226839.47,
                            "Plan Rows": 1,
                            "Plan Width": 8,
                            "Actual Startup Time": 228.403,
                            "Actual Total Time": 228.407,
                            "Actual Rows": 1,
                            "Actual Loops": 6,
                            "Output": [
                                "PARTIAL count(*)"
                            ],
                            "Workers": [
                                {
                                    "Worker Number": 0,
                                    "Actual Startup Time": 226.161,
                                    "Actual Total Time": 226.165,
                                    "Actual Rows": 1,
                                    "Actual Loops": 1
                                },
                                {
                                    "Worker Number": 1,
                                    "Actual Startup Time": 226.492,
                                    "Actual Total Time": 226.496,
                                    "Actual Rows": 1,
                                    "Actual Loops": 1
                                },
                                {
                                    "Worker Number": 2,
                                    "Actual Startup Time": 226.478,
                                    "Actual Total Time": 226.481,
                                    "Actual Rows": 1,
                                    "Actual Loops": 1
                                },
                                {
                                    "Worker Number": 3,
                                    "Actual Startup Time": 226.751,
                                    "Actual Total Time": 226.754,
                                    "Actual Rows": 1,
                                    "Actual Loops": 1
                                },
                                {
                                    "Worker Number": 4,
                                    "Actual Startup Time": 226.787,
                                    "Actual Total Time": 226.79,
                                    "Actual Rows": 1,
                                    "Actual Loops": 1
                                }
                            ],
                            "Plans": [
                                {
                                    "Node Type": "Nested Loop",
                                    "Parent Relationship": "Outer",
                                    "Parallel Aware": false,
                                    "Join Type": "Inner",
                                    "Startup Cost": 57560.86,
                                    "Total Cost": 226826.19,
                                    "Plan Rows": 5309,
                                    "Plan Width": 0,
                                    "Actual Startup Time": 100.673,
                                    "Actual Total Time": 227.471,
                                    "Actual Rows": 8464,
                                    "Actual Loops": 6,
                                    "Inner Unique": false,
                                    "Join Filter": "(t.id = ci.movie_id)",
                                    "Rows Removed by Join Filter": 0,
                                    "Workers": [
                                        {
                                            "Worker Number": 0,
                                            "Actual Startup Time": 99.248,
                                            "Actual Total Time": 225.186,
                                            "Actual Rows": 5780,
                                            "Actual Loops": 1
                                        },
                                        {
                                            "Worker Number": 1,
                                            "Actual Startup Time": 98.6,
                                            "Actual Total Time": 225.499,
                                            "Actual Rows": 6364,
                                            "Actual Loops": 1
                                        },
                                        {
                                            "Worker Number": 2,
                                            "Actual Startup Time": 98.677,
                                            "Actual Total Time": 225.608,
                                            "Actual Rows": 7625,
                                            "Actual Loops": 1
                                        },
                                        {
                                            "Worker Number": 3,
                                            "Actual Startup Time": 98.938,
                                            "Actual Total Time": 225.825,
                                            "Actual Rows": 6008,
                                            "Actual Loops": 1
                                        },
                                        {
                                            "Worker Number": 4,
                                            "Actual Startup Time": 99.437,
                                            "Actual Total Time": 225.836,
                                            "Actual Rows": 5634,
                                            "Actual Loops": 1
                                        }
                                    ],
                                    "Plans": [
                                        {
                                            "Node Type": "Hash Join",
                                            "Parent Relationship": "Outer",
                                            "Parallel Aware": true,
                                            "Join Type": "Inner",
                                            "Startup Cost": 57560.3,
                                            "Total Cost": 221819.22,
                                            "Plan Rows": 1433,
                                            "Plan Width": 8,
                                            "Actual Startup Time": 100.154,
                                            "Actual Total Time": 134.96,
                                            "Actual Rows": 1287,
                                            "Actual Loops": 6,
                                            "Output": [
                                                "t.id",
                                                "mi.movie_id"
                                            ],
                                            "Inner Unique": true,
                                            "Hash Cond": "(mi.movie_id = t.id)",
                                            "Workers": [
                                                {
                                                    "Worker Number": 0,
                                                    "Actual Startup Time": 98.295,
                                                    "Actual Total Time": 127.278,
                                                    "Actual Rows": 918,
                                                    "Actual Loops": 1
                                                },
                                                {
                                                    "Worker Number": 1,
                                                    "Actual Startup Time": 98.248,
                                                    "Actual Total Time": 130.188,
                                                    "Actual Rows": 885,
                                                    "Actual Loops": 1
                                                },
                                                {
                                                    "Worker Number": 2,
                                                    "Actual Startup Time": 98.052,
                                                    "Actual Total Time": 128.153,
                                                    "Actual Rows": 1232,
                                                    "Actual Loops": 1
                                                },
                                                {
                                                    "Worker Number": 3,
                                                    "Actual Startup Time": 98.341,
                                                    "Actual Total Time": 129.513,
                                                    "Actual Rows": 854,
                                                    "Actual Loops": 1
                                                },
                                                {
                                                    "Worker Number": 4,
                                                    "Actual Startup Time": 98.876,
                                                    "Actual Total Time": 131.064,
                                                    "Actual Rows": 899,
                                                    "Actual Loops": 1
                                                }
                                            ],
                                            "Plans": [
                                                {
                                                    "Node Type": "Bitmap Heap Scan",
                                                    "Parent Relationship": "Outer",
                                                    "Parallel Aware": true,
                                                    "Relation Name": "movie_info",
                                                    "Schema": "public",
                                                    "Alias": "mi",
                                                    "Startup Cost": 13585.7,
                                                    "Total Cost": 177451.37,
                                                    "Plan Rows": 149813,
                                                    "Plan Width": 4,
                                                    "Actual Startup Time": 23.743,
                                                    "Actual Total Time": 39.681,
                                                    "Actual Rows": 133690,
                                                    "Actual Loops": 6,
                                                    "Output": [
                                                        "mi.id",
                                                        "mi.movie_id",
                                                        "mi.info_type_id",
                                                        "mi.info",
                                                        "mi.note"
                                                    ],
                                                    "Recheck Cond": "(mi.info_type_id = 1)",
                                                    "Rows Removed by Index Recheck": 0,
                                                    "Exact Heap Blocks": 1786,
                                                    "Lossy Heap Blocks": 0,
                                                    "Workers": [
                                                        {
                                                            "Worker Number": 0,
                                                            "Actual Startup Time": 23.756,
                                                            "Actual Total Time": 37.199,
                                                            "Actual Rows": 89188,
                                                            "Actual Loops": 1
                                                        },
                                                        {
                                                            "Worker Number": 1,
                                                            "Actual Startup Time": 23.711,
                                                            "Actual Total Time": 38.362,
                                                            "Actual Rows": 98384,
                                                            "Actual Loops": 1
                                                        },
                                                        {
                                                            "Worker Number": 2,
                                                            "Actual Startup Time": 23.748,
                                                            "Actual Total Time": 37.436,
                                                            "Actual Rows": 132261,
                                                            "Actual Loops": 1
                                                        },
                                                        {
                                                            "Worker Number": 3,
                                                            "Actual Startup Time": 23.69,
                                                            "Actual Total Time": 37.88,
                                                            "Actual Rows": 95472,
                                                            "Actual Loops": 1
                                                        },
                                                        {
                                                            "Worker Number": 4,
                                                            "Actual Startup Time": 23.903,
                                                            "Actual Total Time": 38.58,
                                                            "Actual Rows": 93629,
                                                            "Actual Loops": 1
                                                        }
                                                    ],
                                                    "Plans": [
                                                        {
                                                            "Node Type": "Bitmap Index Scan",
                                                            "Parent Relationship": "Outer",
                                                            "Parallel Aware": false,
                                                            "Index Name": "info_type_id_movie_info",
                                                            "Startup Cost": 0.0,
                                                            "Total Cost": 13398.44,
                                                            "Plan Rows": 749067,
                                                            "Plan Width": 0,
                                                            "Actual Startup Time": 22.996,
                                                            "Actual Total Time": 22.997,
                                                            "Actual Rows": 802140,
                                                            "Actual Loops": 1,
                                                            "Index Cond": "(mi.info_type_id = 1)"
                                                        }
                                                    ]
                                                },
                                                {
                                                    "Node Type": "Hash",
                                                    "Parent Relationship": "Inner",
                                                    "Parallel Aware": true,
                                                    "Startup Cost": 43899.01,
                                                    "Total Cost": 43899.01,
                                                    "Plan Rows": 6047,
                                                    "Plan Width": 4,
                                                    "Actual Startup Time": 75.559,
                                                    "Actual Total Time": 75.56,
                                                    "Actual Rows": 3840,
                                                    "Actual Loops": 6,
                                                    "Output": [
                                                        "t.id"
                                                    ],
                                                    "Hash Buckets": 32768,
                                                    "Original Hash Buckets": 32768,
                                                    "Hash Batches": 1,
                                                    "Original Hash Batches": 1,
                                                    "Peak Memory Usage": 1312,
                                                    "Workers": [
                                                        {
                                                            "Worker Number": 0,
                                                            "Actual Startup Time": 73.31,
                                                            "Actual Total Time": 73.31,
                                                            "Actual Rows": 2643,
                                                            "Actual Loops": 1
                                                        },
                                                        {
                                                            "Worker Number": 1,
                                                            "Actual Startup Time": 73.6,
                                                            "Actual Total Time": 73.601,
                                                            "Actual Rows": 2584,
                                                            "Actual Loops": 1
                                                        },
                                                        {
                                                            "Worker Number": 2,
                                                            "Actual Startup Time": 73.669,
                                                            "Actual Total Time": 73.669,
                                                            "Actual Rows": 3678,
                                                            "Actual Loops": 1
                                                        },
                                                        {
                                                            "Worker Number": 3,
                                                            "Actual Startup Time": 73.882,
                                                            "Actual Total Time": 73.883,
                                                            "Actual Rows": 2513,
                                                            "Actual Loops": 1
                                                        },
                                                        {
                                                            "Worker Number": 4,
                                                            "Actual Startup Time": 73.963,
                                                            "Actual Total Time": 73.963,
                                                            "Actual Rows": 2492,
                                                            "Actual Loops": 1
                                                        }
                                                    ],
                                                    "Plans": [
                                                        {
                                                            "Node Type": "Seq Scan",
                                                            "Parent Relationship": "Outer",
                                                            "Parallel Aware": true,
                                                            "Relation Name": "title",
                                                            "Schema": "public",
                                                            "Alias": "t",
                                                            "Startup Cost": 0.0,
                                                            "Total Cost": 43899.01,
                                                            "Plan Rows": 6047,
                                                            "Plan Width": 4,
                                                            "Actual Startup Time": 0.117,
                                                            "Actual Total Time": 73.378,
                                                            "Actual Rows": 3840,
                                                            "Actual Loops": 6,
                                                            "Output": [
                                                                "t.id"
                                                            ],
                                                            "Filter": "(t.production_year = 1990)",
                                                            "Rows Removed by Filter": 417545,
                                                            "Workers": [
                                                                {
                                                                    "Worker Number": 0,
                                                                    "Actual Startup Time": 0.112,
                                                                    "Actual Total Time": 71.248,
                                                                    "Actual Rows": 2643,
                                                                    "Actual Loops": 1
                                                                },
                                                                {
                                                                    "Worker Number": 1,
                                                                    "Actual Startup Time": 0.347,
                                                                    "Actual Total Time": 71.159,
                                                                    "Actual Rows": 2584,
                                                                    "Actual Loops": 1
                                                                },
                                                                {
                                                                    "Worker Number": 2,
                                                                    "Actual Startup Time": 0.064,
                                                                    "Actual Total Time": 71.52,
                                                                    "Actual Rows": 3678,
                                                                    "Actual Loops": 1
                                                                },
                                                                {
                                                                    "Worker Number": 3,
                                                                    "Actual Startup Time": 0.094,
                                                                    "Actual Total Time": 71.919,
                                                                    "Actual Rows": 2513,
                                                                    "Actual Loops": 1
                                                                },
                                                                {
                                                                    "Worker Number": 4,
                                                                    "Actual Startup Time": 0.071,
                                                                    "Actual Total Time": 71.812,
                                                                    "Actual Rows": 2492,
                                                                    "Actual Loops": 1
                                                                }
                                                            ]
                                                        }
                                                    ]
                                                }
                                            ]
                                        },
                                        {
                                            "Node Type": "Index Scan",
                                            "Parent Relationship": "Inner",
                                            "Parallel Aware": false,
                                            "Scan Direction": "Forward",
                                            "Index Name": "movie_id_cast_info",
                                            "Relation Name": "cast_info",
                                            "Schema": "public",
                                            "Alias": "ci",
                                            "Startup Cost": 0.56,
                                            "Total Cost": 3.37,
                                            "Plan Rows": 10,
                                            "Plan Width": 4,
                                            "Actual Startup Time": 0.055,
                                            "Actual Total Time": 0.07,
                                            "Actual Rows": 7,
                                            "Actual Loops": 7724,
                                            "Output": [
                                                "ci.id",
                                                "ci.person_id",
                                                "ci.movie_id",
                                                "ci.person_role_id",
                                                "ci.note",
                                                "ci.nr_order",
                                                "ci.role_id"
                                            ],
                                            "Index Cond": "(ci.movie_id = mi.movie_id)",
                                            "Rows Removed by Index Recheck": 0,
                                            "Filter": "(ci.role_id > 4)",
                                            "Rows Removed by Filter": 16,
                                            "Workers": [
                                                {
                                                    "Worker Number": 0,
                                                    "Actual Startup Time": 0.082,
                                                    "Actual Total Time": 0.105,
                                                    "Actual Rows": 6,
                                                    "Actual Loops": 918
                                                },
                                                {
                                                    "Worker Number": 1,
                                                    "Actual Startup Time": 0.083,
                                                    "Actual Total Time": 0.106,
                                                    "Actual Rows": 7,
                                                    "Actual Loops": 885
                                                },
                                                {
                                                    "Worker Number": 2,
                                                    "Actual Startup Time": 0.061,
                                                    "Actual Total Time": 0.078,
                                                    "Actual Rows": 6,
                                                    "Actual Loops": 1232
                                                },
                                                {
                                                    "Worker Number": 3,
                                                    "Actual Startup Time": 0.087,
                                                    "Actual Total Time": 0.111,
                                                    "Actual Rows": 7,
                                                    "Actual Loops": 854
                                                },
                                                {
                                                    "Worker Number": 4,
                                                    "Actual Startup Time": 0.081,
                                                    "Actual Total Time": 0.103,
                                                    "Actual Rows": 6,
                                                    "Actual Loops": 899
                                                }
                                            ]
                                        }
                                    ]
                                }
                            ]
                        }
                    ]
                }
            ]
        },
        "Planning Time": 213.087,
        "Triggers": [],
        "Execution Time": 263.038
    }
]