[
  {
    "Plan": {
      "Node Type": "Aggregate",
      "Strategy": "Plain",
      "Partial Mode": "Finalize",
      "Parallel Aware": false,
      "Startup Cost": 244484.46,
      "Total Cost": 244484.47,
      "Plan Rows": 1,
      "Plan Width": 8,
      "Actual Startup Time": 1237.133,
      "Actual Total Time": 1270.263,
      "Actual Rows": 1,
      "Actual Loops": 1,
      "Plans": [
        {
          "Node Type": "Gather",
          "Parent Relationship": "Outer",
          "Parallel Aware": false,
          "Startup Cost": 244484.15,
          "Total Cost": 244484.46,
          "Plan Rows": 3,
          "Plan Width": 8,
          "Actual Startup Time": 1225.691,
          "Actual Total Time": 1270.248,
          "Actual Rows": 4,
          "Actual Loops": 1,
          "Workers Planned": 3,
          "Workers Launched": 3,
          "Single Copy": false,
          "Plans": [
            {
              "Node Type": "Aggregate",
              "Strategy": "Plain",
              "Partial Mode": "Partial",
              "Parent Relationship": "Outer",
              "Parallel Aware": false,
              "Startup Cost": 243484.15,
              "Total Cost": 243484.16,
              "Plan Rows": 1,
              "Plan Width": 8,
              "Actual Startup Time": 1213.369,
              "Actual Total Time": 1213.374,
              "Actual Rows": 1,
              "Actual Loops": 4,
              "Plans": [
                {
                  "Node Type": "Nested Loop",
                  "Parent Relationship": "Outer",
                  "Parallel Aware": false,
                  "Join Type": "Inner",
                  "Startup Cost": 57157.84,
                  "Total Cost": 243435.04,
                  "Plan Rows": 19643,
                  "Plan Width": 0,
                  "Actual Startup Time": 424.839,
                  "Actual Total Time": 1209.388,
                  "Actual Rows": 37114,
                  "Actual Loops": 4,
                  "Inner Unique": false,
                  "Plans": [
                    {
                      "Node Type": "Hash Join",
                      "Parent Relationship": "Outer",
                      "Parallel Aware": true,
                      "Join Type": "Inner",
                      "Startup Cost": 57157.41,
                      "Total Cost": 77509.08,
                      "Plan Rows": 103251,
                      "Plan Width": 8,
                      "Actual Startup Time": 424.552,
                      "Actual Total Time": 495.933,
                      "Actual Rows": 79964,
                      "Actual Loops": 4,
                      "Inner Unique": true,
                      "Hash Cond": "(mc.movie_id = t.id)",
                      "Plans": [
                        {
                          "Node Type": "Bitmap Heap Scan",
                          "Parent Relationship": "Outer",
                          "Parallel Aware": true,
                          "Relation Name": "movie_companies",
                          "Alias": "mc",
                          "Startup Cost": 6937.03,
                          "Total Cost": 27017.66,
                          "Plan Rows": 103251,
                          "Plan Width": 4,
                          "Actual Startup Time": 22.282,
                          "Actual Total Time": 40.434,
                          "Actual Rows": 79964,
                          "Actual Loops": 4,
                          "Recheck Cond": "(company_id > 91513)",
                          "Rows Removed by Index Recheck": 0,
                          "Exact Heap Blocks": 1592,
                          "Lossy Heap Blocks": 0,
                          "Plans": [
                            {
                              "Node Type": "Bitmap Index Scan",
                              "Parent Relationship": "Outer",
                              "Parallel Aware": false,
                              "Index Name": "company_id_movie_companies",
                              "Startup Cost": 0.0,
                              "Total Cost": 6857.01,
                              "Plan Rows": 320077,
                              "Plan Width": 0,
                              "Actual Startup Time": 21.229,
                              "Actual Total Time": 21.229,
                              "Actual Rows": 319854,
                              "Actual Loops": 1,
                              "Index Cond": "(company_id > 91513)"
                            }
                          ]
                        },
                        {
                          "Node Type": "Hash",
                          "Parent Relationship": "Inner",
                          "Parallel Aware": true,
                          "Startup Cost": 42319.06,
                          "Total Cost": 42319.06,
                          "Plan Rows": 632106,
                          "Plan Width": 4,
                          "Actual Startup Time": 393.974,
                          "Actual Total Time": 393.975,
                          "Actual Rows": 632078,
                          "Actual Loops": 4,
                          "Hash Buckets": 4194304,
                          "Original Hash Buckets": 4194304,
                          "Hash Batches": 1,
                          "Original Hash Batches": 1,
                          "Peak Memory Usage": 131744,
                          "Plans": [
                            {
                              "Node Type": "Seq Scan",
                              "Parent Relationship": "Outer",
                              "Parallel Aware": true,
                              "Relation Name": "title",
                              "Alias": "t",
                              "Startup Cost": 0.0,
                              "Total Cost": 42319.06,
                              "Plan Rows": 632106,
                              "Plan Width": 4,
                              "Actual Startup Time": 0.049,
                              "Actual Total Time": 116.066,
                              "Actual Rows": 632078,
                              "Actual Loops": 4
                            }
                          ]
                        }
                      ]
                    },
                    {
                      "Node Type": "Index Scan",
                      "Parent Relationship": "Inner",
                      "Parallel Aware": false,
                      "Scan Direction": "Forward",
                      "Index Name": "movie_id_movie_info",
                      "Relation Name": "movie_info",
                      "Alias": "mi",
                      "Startup Cost": 0.43,
                      "Total Cost": 1.6,
                      "Plan Rows": 1,
                      "Plan Width": 4,
                      "Actual Startup Time": 0.006,
                      "Actual Total Time": 0.009,
                      "Actual Rows": 0,
                      "Actual Loops": 319854,
                      "Index Cond": "(movie_id = t.id)",
                      "Rows Removed by Index Recheck": 0,
                      "Filter": "(info_type_id = 6)",
                      "Rows Removed by Filter": 18
                    }
                  ]
                }
              ]
            }
          ]
        }
      ]
    },
    "Planning Time": 0.437,
    "Triggers": [],
    "Execution Time": 1270.316
  }
]