{
  "Plan": {
    "Node Type": "Aggregate",
    "Strategy": "Plain",
    "Partial Mode": "Finalize",
    "Parallel Aware": false,
    "Startup Cost": 115833.09,
    "Total Cost": 115833.1,
    "Plan Rows": 1,
    "Plan Width": 8,
    "Actual Startup Time": 820.445,
    "Actual Total Time": 885.548,
    "Actual Rows": 1,
    "Actual Loops": 1,
    "Plans": [
      {
        "Node Type": "Gather",
        "Parent Relationship": "Outer",
        "Parallel Aware": false,
        "Startup Cost": 115832.98,
        "Total Cost": 115833.09,
        "Plan Rows": 1,
        "Plan Width": 8,
        "Actual Startup Time": 820.297,
        "Actual Total Time": 885.539,
        "Actual Rows": 2,
        "Actual Loops": 1,
        "Workers Planned": 1,
        "Workers Launched": 1,
        "Single Copy": false,
        "Plans": [
          {
            "Node Type": "Aggregate",
            "Strategy": "Plain",
            "Partial Mode": "Partial",
            "Parent Relationship": "Outer",
            "Parallel Aware": false,
            "Startup Cost": 114832.98,
            "Total Cost": 114832.99,
            "Plan Rows": 1,
            "Plan Width": 8,
            "Actual Startup Time": 813.894,
            "Actual Total Time": 813.896,
            "Actual Rows": 1,
            "Actual Loops": 2,
            "Plans": [
              {
                "Node Type": "Nested Loop",
                "Parent Relationship": "Outer",
                "Parallel Aware": false,
                "Join Type": "Inner",
                "Startup Cost": 430.03,
                "Total Cost": 114517.67,
                "Plan Rows": 126126,
                "Plan Width": 0,
                "Actual Startup Time": 9.4,
                "Actual Total Time": 797.773,
                "Actual Rows": 339800,
                "Actual Loops": 2,
                "Inner Unique": false,
                "Plans": [
                  {
                    "Node Type": "Nested Loop",
                    "Parent Relationship": "Outer",
                    "Parallel Aware": false,
                    "Join Type": "Inner",
                    "Startup Cost": 429.47,
                    "Total Cost": 88599.1,
                    "Plan Rows": 11886,
                    "Plan Width": 8,
                    "Actual Startup Time": 9.278,
                    "Actual Total Time": 82.807,
                    "Actual Rows": 9764,
                    "Actual Loops": 2,
                    "Inner Unique": true,
                    "Plans": [
                      {
                        "Node Type": "Bitmap Heap Scan",
                        "Parent Relationship": "Outer",
                        "Parallel Aware": true,
                        "Relation Name": "movie_keyword",
                        "Alias": "mk",
                        "Startup Cost": 429.04,
                        "Total Cost": 24971.84,
                        "Plan Rows": 11886,
                        "Plan Width": 4,
                        "Actual Startup Time": 9.085,
                        "Actual Total Time": 31.17,
                        "Actual Rows": 9764,
                        "Actual Loops": 2,
                        "Recheck Cond": "(keyword_id = 137)",
                        "Rows Removed by Index Recheck": 0,
                        "Exact Heap Blocks": 7418,
                        "Lossy Heap Blocks": 0,
                        "Plans": [
                          {
                            "Node Type": "Bitmap Index Scan",
                            "Parent Relationship": "Outer",
                            "Parallel Aware": false,
                            "Index Name": "keyword_id_movie_keyword",
                            "Startup Cost": 0.0,
                            "Total Cost": 423.99,
                            "Plan Rows": 20207,
                            "Plan Width": 0,
                            "Actual Startup Time": 9.489,
                            "Actual Total Time": 9.49,
                            "Actual Rows": 19528,
                            "Actual Loops": 1,
                            "Index Cond": "(keyword_id = 137)"
                          }
                        ]
                      },
                      {
                        "Node Type": "Index Only Scan",
                        "Parent Relationship": "Inner",
                        "Parallel Aware": false,
                        "Scan Direction": "Forward",
                        "Index Name": "title_pkey",
                        "Relation Name": "title",
                        "Alias": "t",
                        "Startup Cost": 0.43,
                        "Total Cost": 5.35,
                        "Plan Rows": 1,
                        "Plan Width": 4,
                        "Actual Startup Time": 0.005,
                        "Actual Total Time": 0.005,
                        "Actual Rows": 1,
                        "Actual Loops": 19528,
                        "Index Cond": "(id = mk.movie_id)",
                        "Rows Removed by Index Recheck": 0,
                        "Heap Fetches": 19528
                      }
                    ]
                  },
                  {
                    "Node Type": "Index Scan",
                    "Parent Relationship": "Inner",
                    "Parallel Aware": false,
                    "Scan Direction": "Forward",
                    "Index Name": "movie_id_cast_info",
                    "Relation Name": "cast_info",
                    "Alias": "ci",
                    "Startup Cost": 0.56,
                    "Total Cost": 1.91,
                    "Plan Rows": 27,
                    "Plan Width": 4,
                    "Actual Startup Time": 0.01,
                    "Actual Total Time": 0.07,
                    "Actual Rows": 35,
                    "Actual Loops": 19528,
                    "Index Cond": "(movie_id = t.id)",
                    "Rows Removed by Index Recheck": 0,
                    "Filter": "(person_id < 2771096)",
                    "Rows Removed by Filter": 12
                  }
                ]
              }
            ]
          }
        ]
      }
    ]
  },
  "Planning Time": 0.943,
  "Triggers": [],
  "Execution Time": 885.67
}