{
  "Plan": {
    "Node Type": "Aggregate",
    "Strategy": "Plain",
    "Partial Mode": "Finalize",
    "Parallel Aware": false,
    "Startup Cost": 76926.67,
    "Total Cost": 76926.68,
    "Plan Rows": 1,
    "Plan Width": 8,
    "Actual Startup Time": 64.556,
    "Actual Total Time": 71.264,
    "Actual Rows": 1,
    "Actual Loops": 1,
    "Plans": [
      {
        "Node Type": "Gather",
        "Parent Relationship": "Outer",
        "Parallel Aware": false,
        "Startup Cost": 76926.56,
        "Total Cost": 76926.67,
        "Plan Rows": 1,
        "Plan Width": 8,
        "Actual Startup Time": 64.426,
        "Actual Total Time": 71.258,
        "Actual Rows": 2,
        "Actual Loops": 1,
        "Workers Planned": 1,
        "Workers Launched": 1,
        "Single Copy": false,
        "Plans": [
          {
            "Node Type": "Aggregate",
            "Strategy": "Plain",
            "Partial Mode": "Partial",
            "Parent Relationship": "Outer",
            "Parallel Aware": false,
            "Startup Cost": 75926.56,
            "Total Cost": 75926.57,
            "Plan Rows": 1,
            "Plan Width": 8,
            "Actual Startup Time": 58.427,
            "Actual Total Time": 58.428,
            "Actual Rows": 1,
            "Actual Loops": 2,
            "Plans": [
              {
                "Node Type": "Nested Loop",
                "Parent Relationship": "Outer",
                "Parallel Aware": false,
                "Join Type": "Inner",
                "Startup Cost": 1823.66,
                "Total Cost": 75923.22,
                "Plan Rows": 1335,
                "Plan Width": 0,
                "Actual Startup Time": 17.399,
                "Actual Total Time": 58.197,
                "Actual Rows": 2257,
                "Actual Loops": 2,
                "Inner Unique": false,
                "Plans": [
                  {
                    "Node Type": "Bitmap Heap Scan",
                    "Parent Relationship": "Outer",
                    "Parallel Aware": true,
                    "Relation Name": "title",
                    "Alias": "t",
                    "Startup Cost": 1823.23,
                    "Total Cost": 38723.23,
                    "Plan Rows": 228,
                    "Plan Width": 4,
                    "Actual Startup Time": 17.242,
                    "Actual Total Time": 47.34,
                    "Actual Rows": 358,
                    "Actual Loops": 2,
                    "Recheck Cond": "(kind_id = 3)",
                    "Rows Removed by Index Recheck": 0,
                    "Filter": "(production_year = 1962)",
                    "Rows Removed by Filter": 49911,
                    "Exact Heap Blocks": 10858,
                    "Lossy Heap Blocks": 0,
                    "Plans": [
                      {
                        "Node Type": "Bitmap Index Scan",
                        "Parent Relationship": "Outer",
                        "Parallel Aware": false,
                        "Index Name": "kind_id_title",
                        "Startup Cost": 0.0,
                        "Total Cost": 1823.13,
                        "Plan Rows": 102227,
                        "Plan Width": 0,
                        "Actual Startup Time": 17.372,
                        "Actual Total Time": 17.372,
                        "Actual Rows": 100537,
                        "Actual Loops": 1,
                        "Index Cond": "(kind_id = 3)"
                      }
                    ]
                  },
                  {
                    "Node Type": "Index Only Scan",
                    "Parent Relationship": "Inner",
                    "Parallel Aware": false,
                    "Scan Direction": "Forward",
                    "Index Name": "movie_id_movie_info",
                    "Relation Name": "movie_info",
                    "Alias": "mi",
                    "Startup Cost": 0.43,
                    "Total Cost": 162.74,
                    "Plan Rows": 42,
                    "Plan Width": 4,
                    "Actual Startup Time": 0.013,
                    "Actual Total Time": 0.029,
                    "Actual Rows": 6,
                    "Actual Loops": 715,
                    "Index Cond": "(movie_id = t.id)",
                    "Rows Removed by Index Recheck": 0,
                    "Heap Fetches": 4514
                  }
                ]
              }
            ]
          }
        ]
      }
    ]
  },
  "Planning Time": 0.423,
  "Triggers": [],
  "Execution Time": 71.401
}