[
  {
    "Plan": {
      "Node Type": "Aggregate",
      "Strategy": "Plain",
      "Partial Mode": "Finalize",
      "Parallel Aware": false,
      "Startup Cost": 202482.12,
      "Total Cost": 202482.13,
      "Plan Rows": 1,
      "Plan Width": 8,
      "Actual Startup Time": 2419.174,
      "Actual Total Time": 2504.368,
      "Actual Rows": 1,
      "Actual Loops": 1,
      "Plans": [
        {
          "Node Type": "Gather",
          "Parent Relationship": "Outer",
          "Parallel Aware": false,
          "Startup Cost": 202481.8,
          "Total Cost": 202482.11,
          "Plan Rows": 3,
          "Plan Width": 8,
          "Actual Startup Time": 2409.846,
          "Actual Total Time": 2504.357,
          "Actual Rows": 4,
          "Actual Loops": 1,
          "Workers Planned": 3,
          "Workers Launched": 3,
          "Single Copy": false,
          "Plans": [
            {
              "Node Type": "Aggregate",
              "Strategy": "Plain",
              "Partial Mode": "Partial",
              "Parent Relationship": "Outer",
              "Parallel Aware": false,
              "Startup Cost": 201481.8,
              "Total Cost": 201481.81,
              "Plan Rows": 1,
              "Plan Width": 8,
              "Actual Startup Time": 2396.859,
              "Actual Total Time": 2396.864,
              "Actual Rows": 1,
              "Actual Loops": 4,
              "Plans": [
                {
                  "Node Type": "Nested Loop",
                  "Parent Relationship": "Outer",
                  "Parallel Aware": false,
                  "Join Type": "Inner",
                  "Startup Cost": 54175.09,
                  "Total Cost": 199372.6,
                  "Plan Rows": 843680,
                  "Plan Width": 0,
                  "Actual Startup Time": 410.353,
                  "Actual Total Time": 2317.917,
                  "Actual Rows": 1167937,
                  "Actual Loops": 4,
                  "Inner Unique": false,
                  "Plans": [
                    {
                      "Node Type": "Hash Join",
                      "Parent Relationship": "Outer",
                      "Parallel Aware": true,
                      "Join Type": "Inner",
                      "Startup Cost": 54174.53,
                      "Total Cost": 73854.54,
                      "Plan Rows": 58844,
                      "Plan Width": 8,
                      "Actual Startup Time": 410.232,
                      "Actual Total Time": 467.221,
                      "Actual Rows": 44830,
                      "Actual Loops": 4,
                      "Inner Unique": true,
                      "Hash Cond": "(mc.movie_id = t.id)",
                      "Plans": [
                        {
                          "Node Type": "Bitmap Heap Scan",
                          "Parent Relationship": "Outer",
                          "Parallel Aware": true,
                          "Relation Name": "movie_companies",
                          "Alias": "mc",
                          "Startup Cost": 3954.15,
                          "Total Cost": 23479.69,
                          "Plan Rows": 58844,
                          "Plan Width": 4,
                          "Actual Startup Time": 12.507,
                          "Actual Total Time": 27.66,
                          "Actual Rows": 44830,
                          "Actual Loops": 4,
                          "Recheck Cond": "(company_id > 120571)",
                          "Rows Removed by Index Recheck": 0,
                          "Exact Heap Blocks": 1357,
                          "Lossy Heap Blocks": 0,
                          "Plans": [
                            {
                              "Node Type": "Bitmap Index Scan",
                              "Parent Relationship": "Outer",
                              "Parallel Aware": false,
                              "Index Name": "company_id_movie_companies",
                              "Startup Cost": 0.0,
                              "Total Cost": 3908.54,
                              "Plan Rows": 182415,
                              "Plan Width": 0,
                              "Actual Startup Time": 11.515,
                              "Actual Total Time": 11.516,
                              "Actual Rows": 179320,
                              "Actual Loops": 1,
                              "Index Cond": "(company_id > 120571)"
                            }
                          ]
                        },
                        {
                          "Node Type": "Hash",
                          "Parent Relationship": "Inner",
                          "Parallel Aware": true,
                          "Startup Cost": 42319.06,
                          "Total Cost": 42319.06,
                          "Plan Rows": 632106,
                          "Plan Width": 4,
                          "Actual Startup Time": 388.705,
                          "Actual Total Time": 388.706,
                          "Actual Rows": 632078,
                          "Actual Loops": 4,
                          "Hash Buckets": 4194304,
                          "Original Hash Buckets": 4194304,
                          "Hash Batches": 1,
                          "Original Hash Batches": 1,
                          "Peak Memory Usage": 131744,
                          "Plans": [
                            {
                              "Node Type": "Seq Scan",
                              "Parent Relationship": "Outer",
                              "Parallel Aware": true,
                              "Relation Name": "title",
                              "Alias": "t",
                              "Startup Cost": 0.0,
                              "Total Cost": 42319.06,
                              "Plan Rows": 632106,
                              "Plan Width": 4,
                              "Actual Startup Time": 0.034,
                              "Actual Total Time": 118.821,
                              "Actual Rows": 632078,
                              "Actual Loops": 4
                            }
                          ]
                        }
                      ]
                    },
                    {
                      "Node Type": "Index Only Scan",
                      "Parent Relationship": "Inner",
                      "Parallel Aware": false,
                      "Scan Direction": "Forward",
                      "Index Name": "movie_id_cast_info",
                      "Relation Name": "cast_info",
                      "Alias": "ci",
                      "Startup Cost": 0.56,
                      "Total Cost": 1.78,
                      "Plan Rows": 35,
                      "Plan Width": 4,
                      "Actual Startup Time": 0.005,
                      "Actual Total Time": 0.038,
                      "Actual Rows": 26,
                      "Actual Loops": 179320,
                      "Index Cond": "(movie_id = t.id)",
                      "Rows Removed by Index Recheck": 0,
                      "Heap Fetches": 4671749
                    }
                  ]
                }
              ]
            }
          ]
        }
      ]
    },
    "Planning Time": 0.77,
    "Triggers": [],
    "Execution Time": 2504.465
  }
]