[
  {
    "Plan": {
      "Node Type": "Aggregate",
      "Strategy": "Plain",
      "Partial Mode": "Finalize",
      "Parallel Aware": false,
      "Startup Cost": 73430.96,
      "Total Cost": 73430.97,
      "Plan Rows": 1,
      "Plan Width": 8,
      "Actual Startup Time": 451.772,
      "Actual Total Time": 468.843,
      "Actual Rows": 1,
      "Actual Loops": 1,
      "Plans": [
        {
          "Node Type": "Gather",
          "Parent Relationship": "Outer",
          "Parallel Aware": false,
          "Startup Cost": 73430.64,
          "Total Cost": 73430.95,
          "Plan Rows": 3,
          "Plan Width": 8,
          "Actual Startup Time": 441.151,
          "Actual Total Time": 468.835,
          "Actual Rows": 4,
          "Actual Loops": 1,
          "Workers Planned": 3,
          "Workers Launched": 3,
          "Single Copy": false,
          "Plans": [
            {
              "Node Type": "Aggregate",
              "Strategy": "Plain",
              "Partial Mode": "Partial",
              "Parent Relationship": "Outer",
              "Parallel Aware": false,
              "Startup Cost": 72430.64,
              "Total Cost": 72430.65,
              "Plan Rows": 1,
              "Plan Width": 8,
              "Actual Startup Time": 422.385,
              "Actual Total Time": 422.389,
              "Actual Rows": 1,
              "Actual Loops": 4,
              "Plans": [
                {
                  "Node Type": "Hash Join",
                  "Parent Relationship": "Outer",
                  "Parallel Aware": true,
                  "Join Type": "Inner",
                  "Startup Cost": 52929.79,
                  "Total Cost": 72329.81,
                  "Plan Rows": 40332,
                  "Plan Width": 0,
                  "Actual Startup Time": 393.969,
                  "Actual Total Time": 420.499,
                  "Actual Rows": 30576,
                  "Actual Loops": 4,
                  "Inner Unique": true,
                  "Hash Cond": "(mc.movie_id = t.id)",
                  "Plans": [
                    {
                      "Node Type": "Bitmap Heap Scan",
                      "Parent Relationship": "Outer",
                      "Parallel Aware": true,
                      "Relation Name": "movie_companies",
                      "Alias": "mc",
                      "Startup Cost": 2709.4,
                      "Total Cost": 22003.55,
                      "Plan Rows": 40332,
                      "Plan Width": 4,
                      "Actual Startup Time": 8.788,
                      "Actual Total Time": 18.853,
                      "Actual Rows": 30576,
                      "Actual Loops": 4,
                      "Recheck Cond": "(company_id > 145097)",
                      "Rows Removed by Index Recheck": 0,
                      "Exact Heap Blocks": 1173,
                      "Lossy Heap Blocks": 0,
                      "Plans": [
                        {
                          "Node Type": "Bitmap Index Scan",
                          "Parent Relationship": "Outer",
                          "Parallel Aware": false,
                          "Index Name": "company_id_movie_companies",
                          "Startup Cost": 0.0,
                          "Total Cost": 2678.15,
                          "Plan Rows": 125029,
                          "Plan Width": 0,
                          "Actual Startup Time": 8.027,
                          "Actual Total Time": 8.027,
                          "Actual Rows": 122302,
                          "Actual Loops": 1,
                          "Index Cond": "(company_id > 145097)"
                        }
                      ]
                    },
                    {
                      "Node Type": "Hash",
                      "Parent Relationship": "Inner",
                      "Parallel Aware": true,
                      "Startup Cost": 42319.06,
                      "Total Cost": 42319.06,
                      "Plan Rows": 632106,
                      "Plan Width": 4,
                      "Actual Startup Time": 373.603,
                      "Actual Total Time": 373.604,
                      "Actual Rows": 632078,
                      "Actual Loops": 4,
                      "Hash Buckets": 4194304,
                      "Original Hash Buckets": 4194304,
                      "Hash Batches": 1,
                      "Original Hash Batches": 1,
                      "Peak Memory Usage": 131744,
                      "Plans": [
                        {
                          "Node Type": "Seq Scan",
                          "Parent Relationship": "Outer",
                          "Parallel Aware": true,
                          "Relation Name": "title",
                          "Alias": "t",
                          "Startup Cost": 0.0,
                          "Total Cost": 42319.06,
                          "Plan Rows": 632106,
                          "Plan Width": 4,
                          "Actual Startup Time": 0.042,
                          "Actual Total Time": 117.386,
                          "Actual Rows": 632078,
                          "Actual Loops": 4
                        }
                      ]
                    }
                  ]
                }
              ]
            }
          ]
        }
      ]
    },
    "Planning Time": 0.545,
    "Triggers": [],
    "Execution Time": 468.929
  }
]