[
  {
    "Plan": {
      "Node Type": "Aggregate",
      "Strategy": "Plain",
      "Partial Mode": "Finalize",
      "Parallel Aware": false,
      "Startup Cost": 69225.01,
      "Total Cost": 69225.02,
      "Plan Rows": 1,
      "Plan Width": 8,
      "Actual Startup Time": 211.305,
      "Actual Total Time": 224.093,
      "Actual Rows": 1,
      "Actual Loops": 1,
      "Plans": [
        {
          "Node Type": "Gather",
          "Parent Relationship": "Outer",
          "Parallel Aware": false,
          "Startup Cost": 69224.59,
          "Total Cost": 69225.0,
          "Plan Rows": 4,
          "Plan Width": 8,
          "Actual Startup Time": 209.967,
          "Actual Total Time": 224.081,
          "Actual Rows": 5,
          "Actual Loops": 1,
          "Workers Planned": 4,
          "Workers Launched": 4,
          "Single Copy": false,
          "Plans": [
            {
              "Node Type": "Aggregate",
              "Strategy": "Plain",
              "Partial Mode": "Partial",
              "Parent Relationship": "Outer",
              "Parallel Aware": false,
              "Startup Cost": 68224.59,
              "Total Cost": 68224.6,
              "Plan Rows": 1,
              "Plan Width": 8,
              "Actual Startup Time": 200.81,
              "Actual Total Time": 200.815,
              "Actual Rows": 1,
              "Actual Loops": 5,
              "Plans": [
                {
                  "Node Type": "Hash Join",
                  "Parent Relationship": "Outer",
                  "Parallel Aware": true,
                  "Join Type": "Inner",
                  "Startup Cost": 22563.96,
                  "Total Cost": 68145.33,
                  "Plan Rows": 31704,
                  "Plan Width": 0,
                  "Actual Startup Time": 150.123,
                  "Actual Total Time": 199.613,
                  "Actual Rows": 24460,
                  "Actual Loops": 5,
                  "Inner Unique": false,
                  "Hash Cond": "(t.id = mc.movie_id)",
                  "Plans": [
                    {
                      "Node Type": "Seq Scan",
                      "Parent Relationship": "Outer",
                      "Parallel Aware": true,
                      "Relation Name": "title",
                      "Alias": "t",
                      "Startup Cost": 0.0,
                      "Total Cost": 42318.73,
                      "Plan Rows": 632073,
                      "Plan Width": 4,
                      "Actual Startup Time": 0.014,
                      "Actual Total Time": 71.283,
                      "Actual Rows": 505662,
                      "Actual Loops": 5
                    },
                    {
                      "Node Type": "Hash",
                      "Parent Relationship": "Inner",
                      "Parallel Aware": true,
                      "Startup Cost": 22052.61,
                      "Total Cost": 22052.61,
                      "Plan Rows": 40908,
                      "Plan Width": 4,
                      "Actual Startup Time": 46.594,
                      "Actual Total Time": 46.597,
                      "Actual Rows": 24460,
                      "Actual Loops": 5,
                      "Hash Buckets": 131072,
                      "Original Hash Buckets": 131072,
                      "Hash Batches": 1,
                      "Original Hash Batches": 1,
                      "Peak Memory Usage": 5856,
                      "Plans": [
                        {
                          "Node Type": "Bitmap Heap Scan",
                          "Parent Relationship": "Outer",
                          "Parallel Aware": true,
                          "Relation Name": "movie_companies",
                          "Alias": "mc",
                          "Startup Cost": 2751.25,
                          "Total Cost": 22052.61,
                          "Plan Rows": 40908,
                          "Plan Width": 4,
                          "Actual Startup Time": 12.987,
                          "Actual Total Time": 33.971,
                          "Actual Rows": 24460,
                          "Actual Loops": 5,
                          "Recheck Cond": "(company_id > 145097)",
                          "Rows Removed by Index Recheck": 0,
                          "Exact Heap Blocks": 1556,
                          "Lossy Heap Blocks": 0,
                          "Plans": [
                            {
                              "Node Type": "Bitmap Index Scan",
                              "Parent Relationship": "Outer",
                              "Parallel Aware": false,
                              "Index Name": "company_id_movie_companies",
                              "Startup Cost": 0.0,
                              "Total Cost": 2719.55,
                              "Plan Rows": 126816,
                              "Plan Width": 0,
                              "Actual Startup Time": 15.919,
                              "Actual Total Time": 15.919,
                              "Actual Rows": 122302,
                              "Actual Loops": 1,
                              "Index Cond": "(company_id > 145097)"
                            }
                          ]
                        }
                      ]
                    }
                  ]
                }
              ]
            }
          ]
        }
      ]
    },
    "Planning Time": 0.635,
    "Triggers": [],
    "Execution Time": 224.202
  }
]