[
  {
    "Plan": {
      "Node Type": "Aggregate",
      "Strategy": "Plain",
      "Partial Mode": "Finalize",
      "Parallel Aware": false,
      "Startup Cost": 57733.7,
      "Total Cost": 57733.71,
      "Plan Rows": 1,
      "Plan Width": 8,
      "Actual Startup Time": 105.821,
      "Actual Total Time": 120.464,
      "Actual Rows": 1,
      "Actual Loops": 1,
      "Plans": [
        {
          "Node Type": "Gather",
          "Parent Relationship": "Outer",
          "Parallel Aware": false,
          "Startup Cost": 57733.28,
          "Total Cost": 57733.69,
          "Plan Rows": 4,
          "Plan Width": 8,
          "Actual Startup Time": 105.716,
          "Actual Total Time": 120.457,
          "Actual Rows": 5,
          "Actual Loops": 1,
          "Workers Planned": 4,
          "Workers Launched": 4,
          "Single Copy": false,
          "Plans": [
            {
              "Node Type": "Aggregate",
              "Strategy": "Plain",
              "Partial Mode": "Partial",
              "Parent Relationship": "Outer",
              "Parallel Aware": false,
              "Startup Cost": 56733.28,
              "Total Cost": 56733.29,
              "Plan Rows": 1,
              "Plan Width": 8,
              "Actual Startup Time": 96.308,
              "Actual Total Time": 96.309,
              "Actual Rows": 1,
              "Actual Loops": 5,
              "Plans": [
                {
                  "Node Type": "Nested Loop",
                  "Parent Relationship": "Outer",
                  "Parallel Aware": false,
                  "Join Type": "Inner",
                  "Startup Cost": 0.43,
                  "Total Cost": 56727.62,
                  "Plan Rows": 2265,
                  "Plan Width": 0,
                  "Actual Startup Time": 58.809,
                  "Actual Total Time": 95.985,
                  "Actual Rows": 5811,
                  "Actual Loops": 5,
                  "Inner Unique": false,
                  "Plans": [
                    {
                      "Node Type": "Seq Scan",
                      "Parent Relationship": "Outer",
                      "Parallel Aware": true,
                      "Relation Name": "title",
                      "Alias": "t",
                      "Startup Cost": 0.0,
                      "Total Cost": 45479.1,
                      "Plan Rows": 1266,
                      "Plan Width": 4,
                      "Actual Startup Time": 57.648,
                      "Actual Total Time": 83.865,
                      "Actual Rows": 959,
                      "Actual Loops": 5,
                      "Filter": "((kind_id = 1) AND (production_year = 1985))",
                      "Rows Removed by Filter": 504704
                    },
                    {
                      "Node Type": "Index Only Scan",
                      "Parent Relationship": "Inner",
                      "Parallel Aware": false,
                      "Scan Direction": "Forward",
                      "Index Name": "movie_id_movie_keyword",
                      "Relation Name": "movie_keyword",
                      "Alias": "mk",
                      "Startup Cost": 0.43,
                      "Total Cost": 8.44,
                      "Plan Rows": 45,
                      "Plan Width": 4,
                      "Actual Startup Time": 0.011,
                      "Actual Total Time": 0.012,
                      "Actual Rows": 6,
                      "Actual Loops": 4793,
                      "Index Cond": "(movie_id = t.id)",
                      "Rows Removed by Index Recheck": 0,
                      "Heap Fetches": 29057
                    }
                  ]
                }
              ]
            }
          ]
        }
      ]
    },
    "Planning Time": 0.491,
    "Triggers": [],
    "Execution Time": 120.531
  }
]