[
    {
        "Bao": {
            "Bao prediction": "NaN",
            "Bao recommended hint": "(no hint)"
        }
    },
    {
        "Plan": {
            "Node Type": "Aggregate",
            "Strategy": "Plain",
            "Partial Mode": "Finalize",
            "Parallel Aware": false,
            "Startup Cost": 345368.89,
            "Total Cost": 345368.9,
            "Plan Rows": 1,
            "Plan Width": 8,
            "Actual Startup Time": 762.116,
            "Actual Total Time": 793.959,
            "Actual Rows": 1,
            "Actual Loops": 1,
            "Output": [
                "count(*)"
            ],
            "Plans": [
                {
                    "Node Type": "Gather",
                    "Parent Relationship": "Outer",
                    "Parallel Aware": false,
                    "Startup Cost": 345368.26,
                    "Total Cost": 345368.87,
                    "Plan Rows": 6,
                    "Plan Width": 8,
                    "Actual Startup Time": 762.004,
                    "Actual Total Time": 793.947,
                    "Actual Rows": 7,
                    "Actual Loops": 1,
                    "Output": [
                        "(PARTIAL count(*))"
                    ],
                    "Workers Planned": 6,
                    "Workers Launched": 6,
                    "Single Copy": false,
                    "Plans": [
                        {
                            "Node Type": "Aggregate",
                            "Strategy": "Plain",
                            "Partial Mode": "Partial",
                            "Parent Relationship": "Outer",
                            "Parallel Aware": false,
                            "Startup Cost": 344368.26,
                            "Total Cost": 344368.27,
                            "Plan Rows": 1,
                            "Plan Width": 8,
                            "Actual Startup Time": 750.618,
                            "Actual Total Time": 750.619,
                            "Actual Rows": 1,
                            "Actual Loops": 7,
                            "Output": [
                                "PARTIAL count(*)"
                            ],
                            "Workers": [
                                {
                                    "Worker Number": 0,
                                    "Actual Startup Time": 748.062,
                                    "Actual Total Time": 748.063,
                                    "Actual Rows": 1,
                                    "Actual Loops": 1
                                },
                                {
                                    "Worker Number": 1,
                                    "Actual Startup Time": 747.984,
                                    "Actual Total Time": 747.985,
                                    "Actual Rows": 1,
                                    "Actual Loops": 1
                                },
                                {
                                    "Worker Number": 2,
                                    "Actual Startup Time": 749.113,
                                    "Actual Total Time": 749.114,
                                    "Actual Rows": 1,
                                    "Actual Loops": 1
                                },
                                {
                                    "Worker Number": 3,
                                    "Actual Startup Time": 749.347,
                                    "Actual Total Time": 749.349,
                                    "Actual Rows": 1,
                                    "Actual Loops": 1
                                },
                                {
                                    "Worker Number": 4,
                                    "Actual Startup Time": 749.508,
                                    "Actual Total Time": 749.51,
                                    "Actual Rows": 1,
                                    "Actual Loops": 1
                                },
                                {
                                    "Worker Number": 5,
                                    "Actual Startup Time": 749.015,
                                    "Actual Total Time": 749.016,
                                    "Actual Rows": 1,
                                    "Actual Loops": 1
                                }
                            ],
                            "Plans": [
                                {
                                    "Node Type": "Seq Scan",
                                    "Parent Relationship": "Outer",
                                    "Parallel Aware": true,
                                    "Relation Name": "cast_info",
                                    "Schema": "public",
                                    "Alias": "ci",
                                    "Startup Cost": 0.0,
                                    "Total Cost": 343318.94,
                                    "Plan Rows": 419729,
                                    "Plan Width": 0,
                                    "Actual Startup Time": 460.301,
                                    "Actual Total Time": 703.775,
                                    "Actual Rows": 810141,
                                    "Actual Loops": 7,
                                    "Output": [
                                        "id",
                                        "person_id",
                                        "movie_id",
                                        "person_role_id",
                                        "note",
                                        "nr_order",
                                        "role_id"
                                    ],
                                    "Filter": "((ci.person_id > 3082776) AND (ci.role_id > 2))",
                                    "Rows Removed by Filter": 4367622,
                                    "Workers": [
                                        {
                                            "Worker Number": 0,
                                            "Actual Startup Time": 457.768,
                                            "Actual Total Time": 702.071,
                                            "Actual Rows": 680251,
                                            "Actual Loops": 1
                                        },
                                        {
                                            "Worker Number": 1,
                                            "Actual Startup Time": 457.674,
                                            "Actual Total Time": 703.131,
                                            "Actual Rows": 665399,
                                            "Actual Loops": 1
                                        },
                                        {
                                            "Worker Number": 2,
                                            "Actual Startup Time": 458.813,
                                            "Actual Total Time": 702.996,
                                            "Actual Rows": 682217,
                                            "Actual Loops": 1
                                        },
                                        {
                                            "Worker Number": 3,
                                            "Actual Startup Time": 459.026,
                                            "Actual Total Time": 704.113,
                                            "Actual Rows": 1073173,
                                            "Actual Loops": 1
                                        },
                                        {
                                            "Worker Number": 4,
                                            "Actual Startup Time": 459.196,
                                            "Actual Total Time": 703.822,
                                            "Actual Rows": 1082164,
                                            "Actual Loops": 1
                                        },
                                        {
                                            "Worker Number": 5,
                                            "Actual Startup Time": 458.678,
                                            "Actual Total Time": 704.132,
                                            "Actual Rows": 664106,
                                            "Actual Loops": 1
                                        }
                                    ]
                                }
                            ]
                        }
                    ]
                }
            ]
        },
        "Planning Time": 299.341,
        "Triggers": [],
        "Execution Time": 794.048
    }
]