[
  {
    "Plan": {
      "Node Type": "Aggregate",
      "Strategy": "Plain",
      "Partial Mode": "Finalize",
      "Parallel Aware": false,
      "Startup Cost": 449822.76,
      "Total Cost": 449822.77,
      "Plan Rows": 1,
      "Plan Width": 8,
      "Actual Startup Time": 1095.387,
      "Actual Total Time": 1136.57,
      "Actual Rows": 1,
      "Actual Loops": 1,
      "Plans": [
        {
          "Node Type": "Gather",
          "Parent Relationship": "Outer",
          "Parallel Aware": false,
          "Startup Cost": 449822.14,
          "Total Cost": 449822.75,
          "Plan Rows": 6,
          "Plan Width": 8,
          "Actual Startup Time": 1081.338,
          "Actual Total Time": 1136.549,
          "Actual Rows": 7,
          "Actual Loops": 1,
          "Workers Planned": 6,
          "Workers Launched": 6,
          "Single Copy": false,
          "Plans": [
            {
              "Node Type": "Aggregate",
              "Strategy": "Plain",
              "Partial Mode": "Partial",
              "Parent Relationship": "Outer",
              "Parallel Aware": false,
              "Startup Cost": 448822.14,
              "Total Cost": 448822.15,
              "Plan Rows": 1,
              "Plan Width": 8,
              "Actual Startup Time": 1071.586,
              "Actual Total Time": 1071.739,
              "Actual Rows": 1,
              "Actual Loops": 7,
              "Plans": [
                {
                  "Node Type": "Hash Join",
                  "Parent Relationship": "Outer",
                  "Parallel Aware": true,
                  "Join Type": "Inner",
                  "Startup Cost": 97356.03,
                  "Total Cost": 447028.93,
                  "Plan Rows": 717283,
                  "Plan Width": 0,
                  "Actual Startup Time": 309.898,
                  "Actual Total Time": 1053.394,
                  "Actual Rows": 380926,
                  "Actual Loops": 7,
                  "Inner Unique": false,
                  "Hash Cond": "(ci.movie_id = t.id)",
                  "Plans": [
                    {
                      "Node Type": "Index Scan",
                      "Parent Relationship": "Outer",
                      "Parallel Aware": true,
                      "Scan Direction": "Forward",
                      "Index Name": "role_id_cast_info",
                      "Relation Name": "cast_info",
                      "Alias": "ci",
                      "Startup Cost": 0.56,
                      "Total Cost": 341155.22,
                      "Plan Rows": 1654514,
                      "Plan Width": 4,
                      "Actual Startup Time": 0.374,
                      "Actual Total Time": 420.294,
                      "Actual Rows": 1810098,
                      "Actual Loops": 7,
                      "Index Cond": "(role_id < 2)",
                      "Rows Removed by Index Recheck": 0,
                      "Filter": "(person_id < 2891263)",
                      "Rows Removed by Filter": 0
                    },
                    {
                      "Node Type": "Hash",
                      "Parent Relationship": "Inner",
                      "Parallel Aware": true,
                      "Startup Cost": 92935.5,
                      "Total Cost": 92935.5,
                      "Plan Rows": 353597,
                      "Plan Width": 8,
                      "Actual Startup Time": 306.679,
                      "Actual Total Time": 306.83,
                      "Actual Rows": 39679,
                      "Actual Loops": 7,
                      "Hash Buckets": 2097152,
                      "Original Hash Buckets": 2097152,
                      "Hash Batches": 1,
                      "Original Hash Batches": 1,
                      "Peak Memory Usage": 27392,
                      "Plans": [
                        {
                          "Node Type": "Hash Join",
                          "Parent Relationship": "Outer",
                          "Parallel Aware": true,
                          "Join Type": "Inner",
                          "Startup Cost": 48717.81,
                          "Total Cost": 92935.5,
                          "Plan Rows": 353597,
                          "Plan Width": 8,
                          "Actual Startup Time": 183.214,
                          "Actual Total Time": 291.379,
                          "Actual Rows": 39679,
                          "Actual Loops": 7,
                          "Inner Unique": true,
                          "Hash Cond": "(mk.movie_id = t.id)",
                          "Plans": [
                            {
                              "Node Type": "Seq Scan",
                              "Parent Relationship": "Outer",
                              "Parallel Aware": true,
                              "Relation Name": "movie_keyword",
                              "Alias": "mk",
                              "Startup Cost": 0.0,
                              "Total Cost": 42695.65,
                              "Plan Rows": 579825,
                              "Plan Width": 4,
                              "Actual Startup Time": 0.304,
                              "Actual Total Time": 67.5,
                              "Actual Rows": 254012,
                              "Actual Loops": 7,
                              "Filter": "(keyword_id > 7777)",
                              "Rows Removed by Filter": 392264
                            },
                            {
                              "Node Type": "Hash",
                              "Parent Relationship": "Inner",
                              "Parallel Aware": true,
                              "Startup Cost": 43899.32,
                              "Total Cost": 43899.32,
                              "Plan Rows": 385479,
                              "Plan Width": 4,
                              "Actual Startup Time": 180.924,
                              "Actual Total Time": 180.926,
                              "Actual Rows": 220466,
                              "Actual Loops": 7,
                              "Hash Buckets": 2097152,
                              "Original Hash Buckets": 2097152,
                              "Hash Batches": 1,
                              "Original Hash Batches": 1,
                              "Peak Memory Usage": 76896,
                              "Plans": [
                                {
                                  "Node Type": "Seq Scan",
                                  "Parent Relationship": "Outer",
                                  "Parallel Aware": true,
                                  "Relation Name": "title",
                                  "Alias": "t",
                                  "Startup Cost": 0.0,
                                  "Total Cost": 43899.32,
                                  "Plan Rows": 385479,
                                  "Plan Width": 4,
                                  "Actual Startup Time": 0.047,
                                  "Actual Total Time": 77.886,
                                  "Actual Rows": 220466,
                                  "Actual Loops": 7,
                                  "Filter": "(kind_id = 7)",
                                  "Rows Removed by Filter": 140721
                                }
                              ]
                            }
                          ]
                        }
                      ]
                    }
                  ]
                }
              ]
            }
          ]
        }
      ]
    },
    "Planning Time": 0.408,
    "Triggers": [],
    "Execution Time": 1136.638
  }
]