[
  {
    "Plan": {
      "Node Type": "Aggregate",
      "Strategy": "Plain",
      "Partial Mode": "Finalize",
      "Parallel Aware": false,
      "Startup Cost": 63072.73,
      "Total Cost": 63072.74,
      "Plan Rows": 1,
      "Plan Width": 8,
      "Actual Startup Time": 241.801,
      "Actual Total Time": 254.381,
      "Actual Rows": 1,
      "Actual Loops": 1,
      "Plans": [
        {
          "Node Type": "Gather",
          "Parent Relationship": "Outer",
          "Parallel Aware": false,
          "Startup Cost": 63072.52,
          "Total Cost": 63072.73,
          "Plan Rows": 2,
          "Plan Width": 8,
          "Actual Startup Time": 240.542,
          "Actual Total Time": 254.371,
          "Actual Rows": 3,
          "Actual Loops": 1,
          "Workers Planned": 2,
          "Workers Launched": 2,
          "Single Copy": false,
          "Plans": [
            {
              "Node Type": "Aggregate",
              "Strategy": "Plain",
              "Partial Mode": "Partial",
              "Parent Relationship": "Outer",
              "Parallel Aware": false,
              "Startup Cost": 62072.52,
              "Total Cost": 62072.53,
              "Plan Rows": 1,
              "Plan Width": 8,
              "Actual Startup Time": 225.608,
              "Actual Total Time": 225.611,
              "Actual Rows": 1,
              "Actual Loops": 3,
              "Plans": [
                {
                  "Node Type": "Hash Join",
                  "Parent Relationship": "Outer",
                  "Parallel Aware": true,
                  "Join Type": "Inner",
                  "Startup Cost": 46397.54,
                  "Total Cost": 62017.47,
                  "Plan Rows": 22020,
                  "Plan Width": 0,
                  "Actual Startup Time": 176.398,
                  "Actual Total Time": 224.595,
                  "Actual Rows": 21731,
                  "Actual Loops": 3,
                  "Inner Unique": true,
                  "Hash Cond": "(mi_idx.movie_id = t.id)",
                  "Plans": [
                    {
                      "Node Type": "Seq Scan",
                      "Parent Relationship": "Outer",
                      "Parallel Aware": true,
                      "Relation Name": "movie_info_idx",
                      "Alias": "mi_idx",
                      "Startup Cost": 0.0,
                      "Total Cost": 15122.68,
                      "Plan Rows": 189429,
                      "Plan Width": 4,
                      "Actual Startup Time": 0.022,
                      "Actual Total Time": 40.222,
                      "Actual Rows": 153308,
                      "Actual Loops": 3,
                      "Filter": "(info_type_id = 99)",
                      "Rows Removed by Filter": 306703
                    },
                    {
                      "Node Type": "Hash",
                      "Parent Relationship": "Inner",
                      "Parallel Aware": true,
                      "Startup Cost": 45479.1,
                      "Total Cost": 45479.1,
                      "Plan Rows": 73475,
                      "Plan Width": 4,
                      "Actual Startup Time": 142.857,
                      "Actual Total Time": 142.858,
                      "Actual Rows": 77246,
                      "Actual Loops": 3,
                      "Hash Buckets": 524288,
                      "Original Hash Buckets": 524288,
                      "Hash Batches": 1,
                      "Original Hash Batches": 1,
                      "Peak Memory Usage": 13184,
                      "Plans": [
                        {
                          "Node Type": "Seq Scan",
                          "Parent Relationship": "Outer",
                          "Parallel Aware": true,
                          "Relation Name": "title",
                          "Alias": "t",
                          "Startup Cost": 0.0,
                          "Total Cost": 45479.1,
                          "Plan Rows": 73475,
                          "Plan Width": 4,
                          "Actual Startup Time": 49.838,
                          "Actual Total Time": 118.902,
                          "Actual Rows": 77246,
                          "Actual Loops": 3,
                          "Filter": "((production_year > 2004) AND (kind_id = 1))",
                          "Rows Removed by Filter": 765524
                        }
                      ]
                    }
                  ]
                }
              ]
            }
          ]
        }
      ]
    },
    "Planning Time": 0.678,
    "Triggers": [],
    "Execution Time": 254.457
  }
]