{
  "Plan": {
    "Node Type": "Aggregate",
    "Strategy": "Plain",
    "Partial Mode": "Finalize",
    "Parallel Aware": false,
    "Startup Cost": 84381.12,
    "Total Cost": 84381.13,
    "Plan Rows": 1,
    "Plan Width": 8,
    "Actual Startup Time": 157.737,
    "Actual Total Time": 170.571,
    "Actual Rows": 1,
    "Actual Loops": 1,
    "Plans": [
      {
        "Node Type": "Gather",
        "Parent Relationship": "Outer",
        "Parallel Aware": false,
        "Startup Cost": 84381.0,
        "Total Cost": 84381.11,
        "Plan Rows": 1,
        "Plan Width": 8,
        "Actual Startup Time": 157.562,
        "Actual Total Time": 170.565,
        "Actual Rows": 2,
        "Actual Loops": 1,
        "Workers Planned": 1,
        "Workers Launched": 1,
        "Single Copy": false,
        "Plans": [
          {
            "Node Type": "Aggregate",
            "Strategy": "Plain",
            "Partial Mode": "Partial",
            "Parent Relationship": "Outer",
            "Parallel Aware": false,
            "Startup Cost": 83381.0,
            "Total Cost": 83381.01,
            "Plan Rows": 1,
            "Plan Width": 8,
            "Actual Startup Time": 151.727,
            "Actual Total Time": 151.73,
            "Actual Rows": 1,
            "Actual Loops": 2,
            "Plans": [
              {
                "Node Type": "Hash Join",
                "Parent Relationship": "Outer",
                "Parallel Aware": true,
                "Join Type": "Inner",
                "Startup Cost": 58973.35,
                "Total Cost": 83380.62,
                "Plan Rows": 153,
                "Plan Width": 0,
                "Actual Startup Time": 142.89,
                "Actual Total Time": 151.701,
                "Actual Rows": 324,
                "Actual Loops": 2,
                "Inner Unique": true,
                "Hash Cond": "(mk.movie_id = t.id)",
                "Plans": [
                  {
                    "Node Type": "Bitmap Heap Scan",
                    "Parent Relationship": "Outer",
                    "Parallel Aware": true,
                    "Relation Name": "movie_keyword",
                    "Alias": "mk",
                    "Startup Cost": 420.74,
                    "Total Cost": 24797.66,
                    "Plan Rows": 11560,
                    "Plan Width": 4,
                    "Actual Startup Time": 2.515,
                    "Actual Total Time": 10.264,
                    "Actual Rows": 8891,
                    "Actual Loops": 2,
                    "Recheck Cond": "(keyword_id > 118965)",
                    "Rows Removed by Index Recheck": 0,
                    "Exact Heap Blocks": 4142,
                    "Lossy Heap Blocks": 0,
                    "Plans": [
                      {
                        "Node Type": "Bitmap Index Scan",
                        "Parent Relationship": "Outer",
                        "Parallel Aware": false,
                        "Index Name": "keyword_id_movie_keyword",
                        "Startup Cost": 0.0,
                        "Total Cost": 415.82,
                        "Plan Rows": 19652,
                        "Plan Width": 0,
                        "Actual Startup Time": 1.753,
                        "Actual Total Time": 1.754,
                        "Actual Rows": 17782,
                        "Actual Loops": 1,
                        "Index Cond": "(keyword_id > 118965)"
                      }
                    ]
                  },
                  {
                    "Node Type": "Hash",
                    "Parent Relationship": "Inner",
                    "Parallel Aware": true,
                    "Startup Cost": 58306.47,
                    "Total Cost": 58306.47,
                    "Plan Rows": 19692,
                    "Plan Width": 4,
                    "Actual Startup Time": 138.921,
                    "Actual Total Time": 138.922,
                    "Actual Rows": 14056,
                    "Actual Loops": 2,
                    "Hash Buckets": 65536,
                    "Original Hash Buckets": 65536,
                    "Hash Batches": 1,
                    "Original Hash Batches": 1,
                    "Peak Memory Usage": 1632,
                    "Plans": [
                      {
                        "Node Type": "Seq Scan",
                        "Parent Relationship": "Outer",
                        "Parallel Aware": true,
                        "Relation Name": "title",
                        "Alias": "t",
                        "Startup Cost": 0.0,
                        "Total Cost": 58306.47,
                        "Plan Rows": 19692,
                        "Plan Width": 4,
                        "Actual Startup Time": 0.063,
                        "Actual Total Time": 134.859,
                        "Actual Rows": 14056,
                        "Actual Loops": 2,
                        "Filter": "((kind_id < 7) AND (production_year = 2004))",
                        "Rows Removed by Filter": 1250100
                      }
                    ]
                  }
                ]
              }
            ]
          }
        ]
      }
    ]
  },
  "Planning Time": 0.584,
  "Triggers": [],
  "Execution Time": 170.657
}