[
  {
    "Plan": {
      "Node Type": "Aggregate",
      "Strategy": "Plain",
      "Partial Mode": "Finalize",
      "Parallel Aware": false,
      "Startup Cost": 46032.16,
      "Total Cost": 46032.17,
      "Plan Rows": 1,
      "Plan Width": 8,
      "Actual Startup Time": 157.886,
      "Actual Total Time": 167.701,
      "Actual Rows": 1,
      "Actual Loops": 1,
      "Plans": [
        {
          "Node Type": "Gather",
          "Parent Relationship": "Outer",
          "Parallel Aware": false,
          "Startup Cost": 46031.84,
          "Total Cost": 46032.15,
          "Plan Rows": 3,
          "Plan Width": 8,
          "Actual Startup Time": 157.633,
          "Actual Total Time": 167.692,
          "Actual Rows": 4,
          "Actual Loops": 1,
          "Workers Planned": 3,
          "Workers Launched": 3,
          "Single Copy": false,
          "Plans": [
            {
              "Node Type": "Aggregate",
              "Strategy": "Plain",
              "Partial Mode": "Partial",
              "Parent Relationship": "Outer",
              "Parallel Aware": false,
              "Startup Cost": 45031.84,
              "Total Cost": 45031.85,
              "Plan Rows": 1,
              "Plan Width": 8,
              "Actual Startup Time": 152.365,
              "Actual Total Time": 152.367,
              "Actual Rows": 1,
              "Actual Loops": 4,
              "Plans": [
                {
                  "Node Type": "Seq Scan",
                  "Parent Relationship": "Outer",
                  "Parallel Aware": true,
                  "Relation Name": "movie_keyword",
                  "Alias": "mk",
                  "Startup Cost": 0.0,
                  "Total Cost": 42695.65,
                  "Plan Rows": 934474,
                  "Plan Width": 0,
                  "Actual Startup Time": 0.038,
                  "Actual Total Time": 118.63,
                  "Actual Rows": 727048,
                  "Actual Loops": 4,
                  "Filter": "(keyword_id < 9349)",
                  "Rows Removed by Filter": 403934
                }
              ]
            }
          ]
        }
      ]
    },
    "Planning Time": 0.1,
    "Triggers": [],
    "Execution Time": 167.734
  }
]