[
  {
    "Plan": {
      "Node Type": "Aggregate",
      "Strategy": "Plain",
      "Partial Mode": "Finalize",
      "Parallel Aware": false,
      "Startup Cost": 303783.91,
      "Total Cost": 303783.92,
      "Plan Rows": 1,
      "Plan Width": 8,
      "Actual Startup Time": 1243.176,
      "Actual Total Time": 1292.262,
      "Actual Rows": 1,
      "Actual Loops": 1,
      "Plans": [
        {
          "Node Type": "Gather",
          "Parent Relationship": "Outer",
          "Parallel Aware": false,
          "Startup Cost": 303783.39,
          "Total Cost": 303783.9,
          "Plan Rows": 5,
          "Plan Width": 8,
          "Actual Startup Time": 1234.555,
          "Actual Total Time": 1292.248,
          "Actual Rows": 6,
          "Actual Loops": 1,
          "Workers Planned": 5,
          "Workers Launched": 5,
          "Single Copy": false,
          "Plans": [
            {
              "Node Type": "Aggregate",
              "Strategy": "Plain",
              "Partial Mode": "Partial",
              "Parent Relationship": "Outer",
              "Parallel Aware": false,
              "Startup Cost": 302783.39,
              "Total Cost": 302783.4,
              "Plan Rows": 1,
              "Plan Width": 8,
              "Actual Startup Time": 1224.118,
              "Actual Total Time": 1224.419,
              "Actual Rows": 1,
              "Actual Loops": 6,
              "Plans": [
                {
                  "Node Type": "Hash Join",
                  "Parent Relationship": "Outer",
                  "Parallel Aware": true,
                  "Join Type": "Inner",
                  "Startup Cost": 95838.36,
                  "Total Cost": 300982.22,
                  "Plan Rows": 720470,
                  "Plan Width": 0,
                  "Actual Startup Time": 401.234,
                  "Actual Total Time": 1178.359,
                  "Actual Rows": 807322,
                  "Actual Loops": 6,
                  "Inner Unique": false,
                  "Hash Cond": "(mi.movie_id = t.id)",
                  "Plans": [
                    {
                      "Node Type": "Seq Scan",
                      "Parent Relationship": "Outer",
                      "Parallel Aware": true,
                      "Relation Name": "movie_info",
                      "Alias": "mi",
                      "Startup Cost": 0.0,
                      "Total Cost": 191685.19,
                      "Plan Rows": 2969219,
                      "Plan Width": 4,
                      "Actual Startup Time": 0.047,
                      "Actual Total Time": 341.212,
                      "Actual Rows": 2472620,
                      "Actual Loops": 6
                    },
                    {
                      "Node Type": "Hash",
                      "Parent Relationship": "Inner",
                      "Parallel Aware": true,
                      "Startup Cost": 93364.52,
                      "Total Cost": 93364.52,
                      "Plan Rows": 197907,
                      "Plan Width": 8,
                      "Actual Startup Time": 396.492,
                      "Actual Total Time": 396.791,
                      "Actual Rows": 61120,
                      "Actual Loops": 6,
                      "Hash Buckets": 1048576,
                      "Original Hash Buckets": 1048576,
                      "Hash Batches": 1,
                      "Original Hash Batches": 1,
                      "Peak Memory Usage": 22656,
                      "Plans": [
                        {
                          "Node Type": "Hash Join",
                          "Parent Relationship": "Outer",
                          "Parallel Aware": true,
                          "Join Type": "Inner",
                          "Startup Cost": 49695.15,
                          "Total Cost": 93364.52,
                          "Plan Rows": 197907,
                          "Plan Width": 8,
                          "Actual Startup Time": 239.678,
                          "Actual Total Time": 366.098,
                          "Actual Rows": 61120,
                          "Actual Loops": 6,
                          "Inner Unique": true,
                          "Hash Cond": "(mk.movie_id = t.id)",
                          "Plans": [
                            {
                              "Node Type": "Seq Scan",
                              "Parent Relationship": "Outer",
                              "Parallel Aware": true,
                              "Relation Name": "movie_keyword",
                              "Alias": "mk",
                              "Startup Cost": 0.0,
                              "Total Cost": 42695.65,
                              "Plan Rows": 370942,
                              "Plan Width": 4,
                              "Actual Startup Time": 1.087,
                              "Actual Total Time": 83.42,
                              "Actual Rows": 192295,
                              "Actual Loops": 6,
                              "Filter": "(keyword_id > 16155)",
                              "Rows Removed by Filter": 561693
                            },
                            {
                              "Node Type": "Hash",
                              "Parent Relationship": "Inner",
                              "Parallel Aware": true,
                              "Startup Cost": 45479.59,
                              "Total Cost": 45479.59,
                              "Plan Rows": 337245,
                              "Plan Width": 4,
                              "Actual Startup Time": 235.239,
                              "Actual Total Time": 235.241,
                              "Actual Rows": 243783,
                              "Actual Loops": 6,
                              "Hash Buckets": 2097152,
                              "Original Hash Buckets": 2097152,
                              "Hash Batches": 1,
                              "Original Hash Batches": 1,
                              "Peak Memory Usage": 73696,
                              "Plans": [
                                {
                                  "Node Type": "Seq Scan",
                                  "Parent Relationship": "Outer",
                                  "Parallel Aware": true,
                                  "Relation Name": "title",
                                  "Alias": "t",
                                  "Startup Cost": 0.0,
                                  "Total Cost": 45479.59,
                                  "Plan Rows": 337245,
                                  "Plan Width": 4,
                                  "Actual Startup Time": 0.065,
                                  "Actual Total Time": 103.42,
                                  "Actual Rows": 243783,
                                  "Actual Loops": 6,
                                  "Filter": "((kind_id > 1) AND (production_year > 1987))",
                                  "Rows Removed by Filter": 177602
                                }
                              ]
                            }
                          ]
                        }
                      ]
                    }
                  ]
                }
              ]
            }
          ]
        }
      ]
    },
    "Planning Time": 1.384,
    "Triggers": [],
    "Execution Time": 1292.354
  }
]