[
  {
    "Plan": {
      "Node Type": "Aggregate",
      "Strategy": "Plain",
      "Partial Mode": "Finalize",
      "Parallel Aware": false,
      "Startup Cost": 32755.66,
      "Total Cost": 32755.67,
      "Plan Rows": 1,
      "Plan Width": 8,
      "Actual Startup Time": 90.095,
      "Actual Total Time": 97.674,
      "Actual Rows": 1,
      "Actual Loops": 1,
      "Plans": [
        {
          "Node Type": "Gather",
          "Parent Relationship": "Outer",
          "Parallel Aware": false,
          "Startup Cost": 32755.35,
          "Total Cost": 32755.66,
          "Plan Rows": 3,
          "Plan Width": 8,
          "Actual Startup Time": 89.975,
          "Actual Total Time": 97.666,
          "Actual Rows": 4,
          "Actual Loops": 1,
          "Workers Planned": 3,
          "Workers Launched": 3,
          "Single Copy": false,
          "Plans": [
            {
              "Node Type": "Aggregate",
              "Strategy": "Plain",
              "Partial Mode": "Partial",
              "Parent Relationship": "Outer",
              "Parallel Aware": false,
              "Startup Cost": 31755.35,
              "Total Cost": 31755.36,
              "Plan Rows": 1,
              "Plan Width": 8,
              "Actual Startup Time": 81.5,
              "Actual Total Time": 81.501,
              "Actual Rows": 1,
              "Actual Loops": 4,
              "Plans": [
                {
                  "Node Type": "Seq Scan",
                  "Parent Relationship": "Outer",
                  "Parallel Aware": true,
                  "Relation Name": "movie_companies",
                  "Alias": "mc",
                  "Startup Cost": 0.0,
                  "Total Cost": 31414.82,
                  "Plan Rows": 136211,
                  "Plan Width": 0,
                  "Actual Startup Time": 48.735,
                  "Actual Total Time": 78.799,
                  "Actual Rows": 60311,
                  "Actual Loops": 4,
                  "Filter": "((company_id < 2042) AND (company_type_id > 1))",
                  "Rows Removed by Filter": 591972
                }
              ]
            }
          ]
        }
      ]
    },
    "Planning Time": 0.194,
    "Triggers": [],
    "Execution Time": 97.723
  }
]