[
  {
    "Plan": {
      "Node Type": "Aggregate",
      "Strategy": "Plain",
      "Partial Mode": "Finalize",
      "Parallel Aware": false,
      "Startup Cost": 32876.08,
      "Total Cost": 32876.09,
      "Plan Rows": 1,
      "Plan Width": 8,
      "Actual Startup Time": 102.979,
      "Actual Total Time": 111.461,
      "Actual Rows": 1,
      "Actual Loops": 1,
      "Plans": [
        {
          "Node Type": "Gather",
          "Parent Relationship": "Outer",
          "Parallel Aware": false,
          "Startup Cost": 32875.76,
          "Total Cost": 32876.07,
          "Plan Rows": 3,
          "Plan Width": 8,
          "Actual Startup Time": 102.876,
          "Actual Total Time": 111.452,
          "Actual Rows": 4,
          "Actual Loops": 1,
          "Workers Planned": 3,
          "Workers Launched": 3,
          "Single Copy": false,
          "Plans": [
            {
              "Node Type": "Aggregate",
              "Strategy": "Plain",
              "Partial Mode": "Partial",
              "Parent Relationship": "Outer",
              "Parallel Aware": false,
              "Startup Cost": 31875.76,
              "Total Cost": 31875.77,
              "Plan Rows": 1,
              "Plan Width": 8,
              "Actual Startup Time": 94.599,
              "Actual Total Time": 94.6,
              "Actual Rows": 1,
              "Actual Loops": 4,
              "Plans": [
                {
                  "Node Type": "Seq Scan",
                  "Parent Relationship": "Outer",
                  "Parallel Aware": true,
                  "Relation Name": "movie_companies",
                  "Alias": "mc",
                  "Startup Cost": 0.0,
                  "Total Cost": 31414.82,
                  "Plan Rows": 184378,
                  "Plan Width": 0,
                  "Actual Startup Time": 49.504,
                  "Actual Total Time": 85.531,
                  "Actual Rows": 215394,
                  "Actual Loops": 4,
                  "Filter": "((company_id > 13550) AND (company_type_id > 1))",
                  "Rows Removed by Filter": 436889
                }
              ]
            }
          ]
        }
      ]
    },
    "Planning Time": 0.198,
    "Triggers": [],
    "Execution Time": 111.514
  }
]