[
  {
    "Plan": {
      "Node Type": "Aggregate",
      "Strategy": "Plain",
      "Partial Mode": "Finalize",
      "Parallel Aware": false,
      "Startup Cost": 217661.73,
      "Total Cost": 217661.74,
      "Plan Rows": 1,
      "Plan Width": 8,
      "Actual Startup Time": 143.132,
      "Actual Total Time": 167.141,
      "Actual Rows": 1,
      "Actual Loops": 1,
      "Plans": [
        {
          "Node Type": "Gather",
          "Parent Relationship": "Outer",
          "Parallel Aware": false,
          "Startup Cost": 217661.31,
          "Total Cost": 217661.72,
          "Plan Rows": 4,
          "Plan Width": 8,
          "Actual Startup Time": 142.976,
          "Actual Total Time": 167.127,
          "Actual Rows": 5,
          "Actual Loops": 1,
          "Workers Planned": 4,
          "Workers Launched": 4,
          "Single Copy": false,
          "Plans": [
            {
              "Node Type": "Aggregate",
              "Strategy": "Plain",
              "Partial Mode": "Partial",
              "Parent Relationship": "Outer",
              "Parallel Aware": false,
              "Startup Cost": 216661.31,
              "Total Cost": 216661.32,
              "Plan Rows": 1,
              "Plan Width": 8,
              "Actual Startup Time": 133.27,
              "Actual Total Time": 133.271,
              "Actual Rows": 1,
              "Actual Loops": 5,
              "Plans": [
                {
                  "Node Type": "Nested Loop",
                  "Parent Relationship": "Outer",
                  "Parallel Aware": false,
                  "Join Type": "Inner",
                  "Startup Cost": 0.43,
                  "Total Cost": 216630.67,
                  "Plan Rows": 12257,
                  "Plan Width": 0,
                  "Actual Startup Time": 0.705,
                  "Actual Total Time": 131.908,
                  "Actual Rows": 17760,
                  "Actual Loops": 5,
                  "Inner Unique": false,
                  "Plans": [
                    {
                      "Node Type": "Seq Scan",
                      "Parent Relationship": "Outer",
                      "Parallel Aware": true,
                      "Relation Name": "title",
                      "Alias": "t",
                      "Startup Cost": 0.0,
                      "Total Cost": 45479.59,
                      "Plan Rows": 2088,
                      "Plan Width": 4,
                      "Actual Startup Time": 0.467,
                      "Actual Total Time": 77.387,
                      "Actual Rows": 1540,
                      "Actual Loops": 5,
                      "Filter": "((kind_id < 4) AND (production_year = 1991))",
                      "Rows Removed by Filter": 504122
                    },
                    {
                      "Node Type": "Index Only Scan",
                      "Parent Relationship": "Inner",
                      "Parallel Aware": false,
                      "Scan Direction": "Forward",
                      "Index Name": "movie_id_movie_info",
                      "Relation Name": "movie_info",
                      "Alias": "mi",
                      "Startup Cost": 0.43,
                      "Total Cost": 81.56,
                      "Plan Rows": 41,
                      "Plan Width": 4,
                      "Actual Startup Time": 0.012,
                      "Actual Total Time": 0.034,
                      "Actual Rows": 12,
                      "Actual Loops": 7702,
                      "Index Cond": "(movie_id = t.id)",
                      "Rows Removed by Index Recheck": 0,
                      "Heap Fetches": 88798
                    }
                  ]
                }
              ]
            }
          ]
        }
      ]
    },
    "Planning Time": 0.422,
    "Triggers": [],
    "Execution Time": 167.199
  }
]