[
  {
    "Plan": {
      "Node Type": "Aggregate",
      "Strategy": "Plain",
      "Partial Mode": "Finalize",
      "Parallel Aware": false,
      "Startup Cost": 767840.87,
      "Total Cost": 767840.88,
      "Plan Rows": 1,
      "Plan Width": 64,
      "Actual Startup Time": 3018.395,
      "Actual Total Time": 3096.256,
      "Actual Rows": 1,
      "Actual Loops": 1,
      "Plans": [
        {
          "Node Type": "Gather",
          "Parent Relationship": "Outer",
          "Parallel Aware": false,
          "Startup Cost": 767840.44,
          "Total Cost": 767840.85,
          "Plan Rows": 4,
          "Plan Width": 64,
          "Actual Startup Time": 3018.013,
          "Actual Total Time": 3096.225,
          "Actual Rows": 5,
          "Actual Loops": 1,
          "Workers Planned": 4,
          "Workers Launched": 4,
          "Single Copy": false,
          "Plans": [
            {
              "Node Type": "Aggregate",
              "Strategy": "Plain",
              "Partial Mode": "Partial",
              "Parent Relationship": "Outer",
              "Parallel Aware": false,
              "Startup Cost": 766840.44,
              "Total Cost": 766840.45,
              "Plan Rows": 1,
              "Plan Width": 64,
              "Actual Startup Time": 3006.43,
              "Actual Total Time": 3006.471,
              "Actual Rows": 1,
              "Actual Loops": 5,
              "Plans": [
                {
                  "Node Type": "Hash Join",
                  "Parent Relationship": "Outer",
                  "Parallel Aware": true,
                  "Join Type": "Inner",
                  "Startup Cost": 720834.15,
                  "Total Cost": 766840.44,
                  "Plan Rows": 1,
                  "Plan Width": 32,
                  "Actual Startup Time": 2927.902,
                  "Actual Total Time": 3006.433,
                  "Actual Rows": 37,
                  "Actual Loops": 5,
                  "Inner Unique": false,
                  "Hash Cond": "(t.id = mi.movie_id)",
                  "Plans": [
                    {
                      "Node Type": "Seq Scan",
                      "Parent Relationship": "Outer",
                      "Parallel Aware": true,
                      "Relation Name": "title",
                      "Alias": "t",
                      "Startup Cost": 0.0,
                      "Total Cost": 45478.94,
                      "Plan Rows": 140621,
                      "Plan Width": 21,
                      "Actual Startup Time": 0.023,
                      "Actual Total Time": 134.653,
                      "Actual Rows": 114911,
                      "Actual Loops": 5,
                      "Filter": "((production_year >= 2005) AND (production_year <= 2009))",
                      "Rows Removed by Filter": 390751
                    },
                    {
                      "Node Type": "Hash",
                      "Parent Relationship": "Inner",
                      "Parallel Aware": true,
                      "Startup Cost": 720834.14,
                      "Total Cost": 720834.14,
                      "Plan Rows": 1,
                      "Plan Width": 27,
                      "Actual Startup Time": 2861.465,
                      "Actual Total Time": 2861.505,
                      "Actual Rows": 62,
                      "Actual Loops": 5,
                      "Hash Buckets": 1024,
                      "Original Hash Buckets": 1024,
                      "Hash Batches": 1,
                      "Original Hash Batches": 1,
                      "Peak Memory Usage": 168,
                      "Plans": [
                        {
                          "Node Type": "Hash Join",
                          "Parent Relationship": "Outer",
                          "Parallel Aware": true,
                          "Join Type": "Inner",
                          "Startup Cost": 715923.87,
                          "Total Cost": 720834.14,
                          "Plan Rows": 1,
                          "Plan Width": 27,
                          "Actual Startup Time": 2847.156,
                          "Actual Total Time": 2861.395,
                          "Actual Rows": 62,
                          "Actual Loops": 5,
                          "Inner Unique": false,
                          "Hash Cond": "(cn.id = mc.company_id)",
                          "Plans": [
                            {
                              "Node Type": "Seq Scan",
                              "Parent Relationship": "Outer",
                              "Parallel Aware": true,
                              "Relation Name": "company_name",
                              "Alias": "cn",
                              "Startup Cost": 0.0,
                              "Total Cost": 4722.92,
                              "Plan Rows": 49958,
                              "Plan Width": 4,
                              "Actual Startup Time": 0.034,
                              "Actual Total Time": 13.661,
                              "Actual Rows": 16969,
                              "Actual Loops": 5,
                              "Filter": "((country_code)::text = '[us]'::text)",
                              "Rows Removed by Filter": 30031
                            },
                            {
                              "Node Type": "Hash",
                              "Parent Relationship": "Inner",
                              "Parallel Aware": true,
                              "Startup Cost": 715923.86,
                              "Total Cost": 715923.86,
                              "Plan Rows": 1,
                              "Plan Width": 31,
                              "Actual Startup Time": 2846.362,
                              "Actual Total Time": 2846.395,
                              "Actual Rows": 64,
                              "Actual Loops": 5,
                              "Hash Buckets": 1024,
                              "Original Hash Buckets": 1024,
                              "Hash Batches": 1,
                              "Original Hash Batches": 1,
                              "Peak Memory Usage": 168,
                              "Plans": [
                                {
                                  "Node Type": "Hash Join",
                                  "Parent Relationship": "Outer",
                                  "Parallel Aware": true,
                                  "Join Type": "Inner",
                                  "Startup Cost": 684178.85,
                                  "Total Cost": 715923.86,
                                  "Plan Rows": 1,
                                  "Plan Width": 31,
                                  "Actual Startup Time": 2743.788,
                                  "Actual Total Time": 2846.286,
                                  "Actual Rows": 64,
                                  "Actual Loops": 5,
                                  "Inner Unique": false,
                                  "Hash Cond": "(mc.movie_id = mi.movie_id)",
                                  "Plans": [
                                    {
                                      "Node Type": "Seq Scan",
                                      "Parent Relationship": "Outer",
                                      "Parallel Aware": true,
                                      "Relation Name": "movie_companies",
                                      "Alias": "mc",
                                      "Startup Cost": 0.0,
                                      "Total Cost": 31414.82,
                                      "Plan Rows": 88049,
                                      "Plan Width": 8,
                                      "Actual Startup Time": 0.039,
                                      "Actual Total Time": 120.309,
                                      "Actual Rows": 118199,
                                      "Actual Loops": 5,
                                      "Filter": "((note IS NOT NULL) AND ((note ~~ '%(USA)%'::text) OR (note ~~ '%(worldwide)%'::text)))",
                                      "Rows Removed by Filter": 403627
                                    },
                                    {
                                      "Node Type": "Hash",
                                      "Parent Relationship": "Inner",
                                      "Parallel Aware": true,
                                      "Startup Cost": 684178.83,
                                      "Total Cost": 684178.83,
                                      "Plan Rows": 1,
                                      "Plan Width": 23,
                                      "Actual Startup Time": 2717.42,
                                      "Actual Total Time": 2717.447,
                                      "Actual Rows": 41,
                                      "Actual Loops": 5,
                                      "Hash Buckets": 1024,
                                      "Original Hash Buckets": 1024,
                                      "Hash Batches": 1,
                                      "Original Hash Batches": 1,
                                      "Peak Memory Usage": 168,
                                      "Plans": [
                                        {
                                          "Node Type": "Hash Join",
                                          "Parent Relationship": "Outer",
                                          "Parallel Aware": true,
                                          "Join Type": "Inner",
                                          "Startup Cost": 636935.91,
                                          "Total Cost": 684178.83,
                                          "Plan Rows": 1,
                                          "Plan Width": 23,
                                          "Actual Startup Time": 2530.912,
                                          "Actual Total Time": 2717.354,
                                          "Actual Rows": 41,
                                          "Actual Loops": 5,
                                          "Inner Unique": false,
                                          "Hash Cond": "(chn.id = ci.person_role_id)",
                                          "Plans": [
                                            {
                                              "Node Type": "Seq Scan",
                                              "Parent Relationship": "Outer",
                                              "Parallel Aware": true,
                                              "Relation Name": "char_name",
                                              "Alias": "chn",
                                              "Startup Cost": 0.0,
                                              "Total Cost": 44298.85,
                                              "Plan Rows": 785085,
                                              "Plan Width": 4,
                                              "Actual Startup Time": 0.03,
                                              "Actual Total Time": 144.543,
                                              "Actual Rows": 628068,
                                              "Actual Loops": 5
                                            },
                                            {
                                              "Node Type": "Hash",
                                              "Parent Relationship": "Inner",
                                              "Parallel Aware": true,
                                              "Startup Cost": 636935.89,
                                              "Total Cost": 636935.89,
                                              "Plan Rows": 1,
                                              "Plan Width": 27,
                                              "Actual Startup Time": 2527.178,
                                              "Actual Total Time": 2527.199,
                                              "Actual Rows": 45,
                                              "Actual Loops": 5,
                                              "Hash Buckets": 1024,
                                              "Original Hash Buckets": 1024,
                                              "Hash Batches": 1,
                                              "Original Hash Batches": 1,
                                              "Peak Memory Usage": 168,
                                              "Plans": [
                                                {
                                                  "Node Type": "Hash Join",
                                                  "Parent Relationship": "Outer",
                                                  "Parallel Aware": true,
                                                  "Join Type": "Inner",
                                                  "Startup Cost": 430205.87,
                                                  "Total Cost": 636935.89,
                                                  "Plan Rows": 1,
                                                  "Plan Width": 27,
                                                  "Actual Startup Time": 1977.45,
                                                  "Actual Total Time": 2527.079,
                                                  "Actual Rows": 45,
                                                  "Actual Loops": 5,
                                                  "Inner Unique": false,
                                                  "Hash Cond": "(mi.movie_id = ci.movie_id)",
                                                  "Plans": [
                                                    {
                                                      "Node Type": "Hash Join",
                                                      "Parent Relationship": "Outer",
                                                      "Parallel Aware": false,
                                                      "Join Type": "Inner",
                                                      "Startup Cost": 2.43,
                                                      "Total Cost": 206729.86,
                                                      "Plan Rows": 687,
                                                      "Plan Width": 4,
                                                      "Actual Startup Time": 185.166,
                                                      "Actual Total Time": 774.358,
                                                      "Actual Rows": 90208,
                                                      "Actual Loops": 5,
                                                      "Inner Unique": true,
                                                      "Hash Cond": "(mi.info_type_id = it.id)",
                                                      "Plans": [
                                                        {
                                                          "Node Type": "Seq Scan",
                                                          "Parent Relationship": "Outer",
                                                          "Parallel Aware": true,
                                                          "Relation Name": "movie_info",
                                                          "Alias": "mi",
                                                          "Startup Cost": 0.0,
                                                          "Total Cost": 206515.92,
                                                          "Plan Rows": 77667,
                                                          "Plan Width": 8,
                                                          "Actual Startup Time": 81.096,
                                                          "Actual Total Time": 760.386,
                                                          "Actual Rows": 90221,
                                                          "Actual Loops": 5,
                                                          "Filter": "((info IS NOT NULL) AND ((info ~~ 'Japan:%200%'::text) OR (info ~~ 'USA:%200%'::text)))",
                                                          "Rows Removed by Filter": 2876923
                                                        },
                                                        {
                                                          "Node Type": "Hash",
                                                          "Parent Relationship": "Inner",
                                                          "Parallel Aware": false,
                                                          "Startup Cost": 2.41,
                                                          "Total Cost": 2.41,
                                                          "Plan Rows": 1,
                                                          "Plan Width": 4,
                                                          "Actual Startup Time": 0.06,
                                                          "Actual Total Time": 0.062,
                                                          "Actual Rows": 1,
                                                          "Actual Loops": 5,
                                                          "Hash Buckets": 1024,
                                                          "Original Hash Buckets": 1024,
                                                          "Hash Batches": 1,
                                                          "Original Hash Batches": 1,
                                                          "Peak Memory Usage": 9,
                                                          "Plans": [
                                                            {
                                                              "Node Type": "Seq Scan",
                                                              "Parent Relationship": "Outer",
                                                              "Parallel Aware": false,
                                                              "Relation Name": "info_type",
                                                              "Alias": "it",
                                                              "Startup Cost": 0.0,
                                                              "Total Cost": 2.41,
                                                              "Plan Rows": 1,
                                                              "Plan Width": 4,
                                                              "Actual Startup Time": 0.046,
                                                              "Actual Total Time": 0.052,
                                                              "Actual Rows": 1,
                                                              "Actual Loops": 5,
                                                              "Filter": "((info)::text = 'release dates'::text)",
                                                              "Rows Removed by Filter": 112
                                                            }
                                                          ]
                                                        }
                                                      ]
                                                    },
                                                    {
                                                      "Node Type": "Hash",
                                                      "Parent Relationship": "Inner",
                                                      "Parallel Aware": true,
                                                      "Startup Cost": 430203.44,
                                                      "Total Cost": 430203.44,
                                                      "Plan Rows": 1,
                                                      "Plan Width": 23,
                                                      "Actual Startup Time": 1745.44,
                                                      "Actual Total Time": 1745.454,
                                                      "Actual Rows": 85,
                                                      "Actual Loops": 5,
                                                      "Hash Buckets": 1024,
                                                      "Original Hash Buckets": 1024,
                                                      "Hash Batches": 1,
                                                      "Original Hash Batches": 1,
                                                      "Peak Memory Usage": 168,
                                                      "Plans": [
                                                        {
                                                          "Node Type": "Hash Join",
                                                          "Parent Relationship": "Outer",
                                                          "Parallel Aware": false,
                                                          "Join Type": "Inner",
                                                          "Startup Cost": 86309.16,
                                                          "Total Cost": 430203.44,
                                                          "Plan Rows": 1,
                                                          "Plan Width": 23,
                                                          "Actual Startup Time": 796.008,
                                                          "Actual Total Time": 1745.277,
                                                          "Actual Rows": 85,
                                                          "Actual Loops": 5,
                                                          "Inner Unique": true,
                                                          "Hash Cond": "(ci.role_id = rt.id)",
                                                          "Plans": [
                                                            {
                                                              "Node Type": "Hash Join",
                                                              "Parent Relationship": "Outer",
                                                              "Parallel Aware": true,
                                                              "Join Type": "Inner",
                                                              "Startup Cost": 86308.0,
                                                              "Total Cost": 430202.24,
                                                              "Plan Rows": 8,
                                                              "Plan Width": 27,
                                                              "Actual Startup Time": 795.883,
                                                              "Actual Total Time": 1745.107,
                                                              "Actual Rows": 85,
                                                              "Actual Loops": 5,
                                                              "Inner Unique": false,
                                                              "Hash Cond": "(ci.person_id = n.id)",
                                                              "Plans": [
                                                                {
                                                                  "Node Type": "Seq Scan",
                                                                  "Parent Relationship": "Outer",
                                                                  "Parallel Aware": true,
                                                                  "Relation Name": "cast_info",
                                                                  "Alias": "ci",
                                                                  "Startup Cost": 0.0,
                                                                  "Total Cost": 343341.24,
                                                                  "Plan Rows": 147464,
                                                                  "Plan Width": 16,
                                                                  "Actual Startup Time": 0.068,
                                                                  "Actual Total Time": 1363.444,
                                                                  "Actual Rows": 173495,
                                                                  "Actual Loops": 5,
                                                                  "Filter": "(note = ANY ('{(voice),\"(voice: Japanese version)\",\"(voice) (uncredited)\",\"(voice: English version)\"}'::text[]))",
                                                                  "Rows Removed by Filter": 7075373
                                                                },
                                                                {
                                                                  "Node Type": "Hash",
                                                                  "Parent Relationship": "Inner",
                                                                  "Parallel Aware": true,
                                                                  "Startup Cost": 86307.91,
                                                                  "Total Cost": 86307.91,
                                                                  "Plan Rows": 7,
                                                                  "Plan Width": 23,
                                                                  "Actual Startup Time": 363.665,
                                                                  "Actual Total Time": 363.672,
                                                                  "Actual Rows": 312,
                                                                  "Actual Loops": 5,
                                                                  "Hash Buckets": 1024,
                                                                  "Original Hash Buckets": 1024,
                                                                  "Hash Batches": 1,
                                                                  "Original Hash Batches": 1,
                                                                  "Peak Memory Usage": 168,
                                                                  "Plans": [
                                                                    {
                                                                      "Node Type": "Hash Join",
                                                                      "Parent Relationship": "Outer",
                                                                      "Parallel Aware": true,
                                                                      "Join Type": "Inner",
                                                                      "Startup Cost": 71241.12,
                                                                      "Total Cost": 86307.91,
                                                                      "Plan Rows": 7,
                                                                      "Plan Width": 23,
                                                                      "Actual Startup Time": 306.826,
                                                                      "Actual Total Time": 363.441,
                                                                      "Actual Rows": 312,
                                                                      "Actual Loops": 5,
                                                                      "Inner Unique": true,
                                                                      "Hash Cond": "(an.person_id = n.id)",
                                                                      "Plans": [
                                                                        {
                                                                          "Node Type": "Seq Scan",
                                                                          "Parent Relationship": "Outer",
                                                                          "Parallel Aware": true,
                                                                          "Relation Name": "aka_name",
                                                                          "Alias": "an",
                                                                          "Startup Cost": 0.0,
                                                                          "Total Cost": 14303.56,
                                                                          "Plan Rows": 290756,
                                                                          "Plan Width": 4,
                                                                          "Actual Startup Time": 0.038,
                                                                          "Actual Total Time": 37.344,
                                                                          "Actual Rows": 180269,
                                                                          "Actual Loops": 5
                                                                        },
                                                                        {
                                                                          "Node Type": "Hash",
                                                                          "Parent Relationship": "Inner",
                                                                          "Parallel Aware": true,
                                                                          "Startup Cost": 71240.82,
                                                                          "Total Cost": 71240.82,
                                                                          "Plan Rows": 24,
                                                                          "Plan Width": 19,
                                                                          "Actual Startup Time": 305.943,
                                                                          "Actual Total Time": 305.945,
                                                                          "Actual Rows": 1354,
                                                                          "Actual Loops": 5,
                                                                          "Hash Buckets": 8192,
                                                                          "Original Hash Buckets": 1024,
                                                                          "Hash Batches": 1,
                                                                          "Original Hash Batches": 1,
                                                                          "Peak Memory Usage": 632,
                                                                          "Plans": [
                                                                            {
                                                                              "Node Type": "Seq Scan",
                                                                              "Parent Relationship": "Outer",
                                                                              "Parallel Aware": true,
                                                                              "Relation Name": "name",
                                                                              "Alias": "n",
                                                                              "Startup Cost": 0.0,
                                                                              "Total Cost": 71240.82,
                                                                              "Plan Rows": 24,
                                                                              "Plan Width": 19,
                                                                              "Actual Startup Time": 105.146,
                                                                              "Actual Total Time": 243.803,
                                                                              "Actual Rows": 1354,
                                                                              "Actual Loops": 5,
                                                                              "Filter": "((name ~~ '%Ang%'::text) AND ((gender)::text = 'f'::text))",
                                                                              "Rows Removed by Filter": 832145
                                                                            }
                                                                          ]
                                                                        }
                                                                      ]
                                                                    }
                                                                  ]
                                                                }
                                                              ]
                                                            },
                                                            {
                                                              "Node Type": "Hash",
                                                              "Parent Relationship": "Inner",
                                                              "Parallel Aware": false,
                                                              "Startup Cost": 1.15,
                                                              "Total Cost": 1.15,
                                                              "Plan Rows": 1,
                                                              "Plan Width": 4,
                                                              "Actual Startup Time": 0.079,
                                                              "Actual Total Time": 0.081,
                                                              "Actual Rows": 1,
                                                              "Actual Loops": 5,
                                                              "Hash Buckets": 1024,
                                                              "Original Hash Buckets": 1024,
                                                              "Hash Batches": 1,
                                                              "Original Hash Batches": 1,
                                                              "Peak Memory Usage": 9,
                                                              "Plans": [
                                                                {
                                                                  "Node Type": "Seq Scan",
                                                                  "Parent Relationship": "Outer",
                                                                  "Parallel Aware": false,
                                                                  "Relation Name": "role_type",
                                                                  "Alias": "rt",
                                                                  "Startup Cost": 0.0,
                                                                  "Total Cost": 1.15,
                                                                  "Plan Rows": 1,
                                                                  "Plan Width": 4,
                                                                  "Actual Startup Time": 0.055,
                                                                  "Actual Total Time": 0.059,
                                                                  "Actual Rows": 1,
                                                                  "Actual Loops": 5,
                                                                  "Filter": "((role)::text = 'actress'::text)",
                                                                  "Rows Removed by Filter": 11
                                                                }
                                                              ]
                                                            }
                                                          ]
                                                        }
                                                      ]
                                                    }
                                                  ]
                                                }
                                              ]
                                            }
                                          ]
                                        }
                                      ]
                                    }
                                  ]
                                }
                              ]
                            }
                          ]
                        }
                      ]
                    }
                  ]
                }
              ]
            }
          ]
        }
      ]
    },
    "Planning Time": 21.849,
    "Triggers": [],
    "Execution Time": 3096.821
  }
]