{
  "Plan": {
    "Node Type": "Aggregate",
    "Strategy": "Plain",
    "Partial Mode": "Finalize",
    "Parallel Aware": false,
    "Startup Cost": 86148.96,
    "Total Cost": 86148.97,
    "Plan Rows": 1,
    "Plan Width": 8,
    "Actual Startup Time": 386.427,
    "Actual Total Time": 398.638,
    "Actual Rows": 1,
    "Actual Loops": 1,
    "Plans": [
      {
        "Node Type": "Gather",
        "Parent Relationship": "Outer",
        "Parallel Aware": false,
        "Startup Cost": 86148.85,
        "Total Cost": 86148.96,
        "Plan Rows": 1,
        "Plan Width": 8,
        "Actual Startup Time": 385.774,
        "Actual Total Time": 398.629,
        "Actual Rows": 2,
        "Actual Loops": 1,
        "Workers Planned": 1,
        "Workers Launched": 1,
        "Single Copy": false,
        "Plans": [
          {
            "Node Type": "Aggregate",
            "Strategy": "Plain",
            "Partial Mode": "Partial",
            "Parent Relationship": "Outer",
            "Parallel Aware": false,
            "Startup Cost": 85148.85,
            "Total Cost": 85148.86,
            "Plan Rows": 1,
            "Plan Width": 8,
            "Actual Startup Time": 380.105,
            "Actual Total Time": 380.109,
            "Actual Rows": 1,
            "Actual Loops": 2,
            "Plans": [
              {
                "Node Type": "Hash Join",
                "Parent Relationship": "Outer",
                "Parallel Aware": true,
                "Join Type": "Inner",
                "Startup Cost": 24244.28,
                "Total Cost": 84928.42,
                "Plan Rows": 88169,
                "Plan Width": 0,
                "Actual Startup Time": 258.324,
                "Actual Total Time": 376.417,
                "Actual Rows": 73152,
                "Actual Loops": 2,
                "Inner Unique": false,
                "Hash Cond": "(t.id = mc.movie_id)",
                "Plans": [
                  {
                    "Node Type": "Seq Scan",
                    "Parent Relationship": "Outer",
                    "Parallel Aware": true,
                    "Relation Name": "title",
                    "Alias": "t",
                    "Startup Cost": 0.0,
                    "Total Cost": 50870.31,
                    "Plan Rows": 1487231,
                    "Plan Width": 4,
                    "Actual Startup Time": 0.01,
                    "Actual Total Time": 131.46,
                    "Actual Rows": 1264156,
                    "Actual Loops": 2
                  },
                  {
                    "Node Type": "Hash",
                    "Parent Relationship": "Inner",
                    "Parallel Aware": true,
                    "Startup Cost": 23142.16,
                    "Total Cost": 23142.16,
                    "Plan Rows": 88169,
                    "Plan Width": 4,
                    "Actual Startup Time": 55.149,
                    "Actual Total Time": 55.15,
                    "Actual Rows": 73152,
                    "Actual Loops": 2,
                    "Hash Buckets": 262144,
                    "Original Hash Buckets": 262144,
                    "Hash Batches": 1,
                    "Original Hash Batches": 1,
                    "Peak Memory Usage": 7808,
                    "Plans": [
                      {
                        "Node Type": "Bitmap Heap Scan",
                        "Parent Relationship": "Outer",
                        "Parallel Aware": true,
                        "Relation Name": "movie_companies",
                        "Alias": "mc",
                        "Startup Cost": 3250.05,
                        "Total Cost": 23142.16,
                        "Plan Rows": 88169,
                        "Plan Width": 4,
                        "Actual Startup Time": 11.414,
                        "Actual Total Time": 37.225,
                        "Actual Rows": 73152,
                        "Actual Loops": 2,
                        "Recheck Cond": "(company_id > 133559)",
                        "Rows Removed by Index Recheck": 0,
                        "Exact Heap Blocks": 3046,
                        "Lossy Heap Blocks": 0,
                        "Plans": [
                          {
                            "Node Type": "Bitmap Index Scan",
                            "Parent Relationship": "Outer",
                            "Parallel Aware": false,
                            "Index Name": "company_id_movie_companies",
                            "Startup Cost": 0.0,
                            "Total Cost": 3212.58,
                            "Plan Rows": 149887,
                            "Plan Width": 0,
                            "Actual Startup Time": 13.404,
                            "Actual Total Time": 13.404,
                            "Actual Rows": 146305,
                            "Actual Loops": 1,
                            "Index Cond": "(company_id > 133559)"
                          }
                        ]
                      }
                    ]
                  }
                ]
              }
            ]
          }
        ]
      }
    ]
  },
  "Planning Time": 0.429,
  "Triggers": [],
  "Execution Time": 398.706
}