[
  {
    "Plan": {
      "Node Type": "Aggregate",
      "Strategy": "Plain",
      "Partial Mode": "Finalize",
      "Parallel Aware": false,
      "Startup Cost": 399392.91,
      "Total Cost": 399392.92,
      "Plan Rows": 1,
      "Plan Width": 8,
      "Actual Startup Time": 1166.583,
      "Actual Total Time": 1236.518,
      "Actual Rows": 1,
      "Actual Loops": 1,
      "Plans": [
        {
          "Node Type": "Gather",
          "Parent Relationship": "Outer",
          "Parallel Aware": false,
          "Startup Cost": 399392.29,
          "Total Cost": 399392.9,
          "Plan Rows": 6,
          "Plan Width": 8,
          "Actual Startup Time": 1165.549,
          "Actual Total Time": 1236.497,
          "Actual Rows": 7,
          "Actual Loops": 1,
          "Workers Planned": 6,
          "Workers Launched": 6,
          "Single Copy": false,
          "Plans": [
            {
              "Node Type": "Aggregate",
              "Strategy": "Plain",
              "Partial Mode": "Partial",
              "Parent Relationship": "Outer",
              "Parallel Aware": false,
              "Startup Cost": 398392.29,
              "Total Cost": 398392.3,
              "Plan Rows": 1,
              "Plan Width": 8,
              "Actual Startup Time": 1155.155,
              "Actual Total Time": 1155.158,
              "Actual Rows": 1,
              "Actual Loops": 7,
              "Plans": [
                {
                  "Node Type": "Hash Join",
                  "Parent Relationship": "Outer",
                  "Parallel Aware": true,
                  "Join Type": "Inner",
                  "Startup Cost": 45918.22,
                  "Total Cost": 397928.93,
                  "Plan Rows": 185342,
                  "Plan Width": 0,
                  "Actual Startup Time": 273.944,
                  "Actual Total Time": 1145.327,
                  "Actual Rows": 204058,
                  "Actual Loops": 7,
                  "Inner Unique": true,
                  "Hash Cond": "(ci.movie_id = t.id)",
                  "Plans": [
                    {
                      "Node Type": "Seq Scan",
                      "Parent Relationship": "Outer",
                      "Parallel Aware": true,
                      "Relation Name": "cast_info",
                      "Alias": "ci",
                      "Startup Cost": 0.0,
                      "Total Cost": 343257.03,
                      "Plan Rows": 3334731,
                      "Plan Width": 4,
                      "Actual Startup Time": 193.705,
                      "Actual Total Time": 671.92,
                      "Actual Rows": 3136665,
                      "Actual Loops": 7,
                      "Filter": "((person_id > 566608) AND (role_id > 1))",
                      "Rows Removed by Filter": 2041099
                    },
                    {
                      "Node Type": "Hash",
                      "Parent Relationship": "Inner",
                      "Parallel Aware": true,
                      "Startup Cost": 45479.1,
                      "Total Cost": 45479.1,
                      "Plan Rows": 35130,
                      "Plan Width": 4,
                      "Actual Startup Time": 78.336,
                      "Actual Total Time": 78.337,
                      "Actual Rows": 18883,
                      "Actual Loops": 7,
                      "Hash Buckets": 262144,
                      "Original Hash Buckets": 262144,
                      "Hash Batches": 1,
                      "Original Hash Batches": 1,
                      "Peak Memory Usage": 7296,
                      "Plans": [
                        {
                          "Node Type": "Seq Scan",
                          "Parent Relationship": "Outer",
                          "Parallel Aware": true,
                          "Relation Name": "title",
                          "Alias": "t",
                          "Startup Cost": 0.0,
                          "Total Cost": 45479.1,
                          "Plan Rows": 35130,
                          "Plan Width": 4,
                          "Actual Startup Time": 41.053,
                          "Actual Total Time": 71.576,
                          "Actual Rows": 18883,
                          "Actual Loops": 7,
                          "Filter": "((production_year > 2009) AND (kind_id = 1))",
                          "Rows Removed by Filter": 342304
                        }
                      ]
                    }
                  ]
                }
              ]
            }
          ]
        }
      ]
    },
    "Planning Time": 0.628,
    "Triggers": [],
    "Execution Time": 1236.599
  }
]