[
  {
    "Plan": {
      "Node Type": "Aggregate",
      "Strategy": "Plain",
      "Partial Mode": "Finalize",
      "Parallel Aware": false,
      "Startup Cost": 100481.49,
      "Total Cost": 100481.5,
      "Plan Rows": 1,
      "Plan Width": 8,
      "Actual Startup Time": 977.863,
      "Actual Total Time": 994.03,
      "Actual Rows": 1,
      "Actual Loops": 1,
      "Plans": [
        {
          "Node Type": "Gather",
          "Parent Relationship": "Outer",
          "Parallel Aware": false,
          "Startup Cost": 100481.27,
          "Total Cost": 100481.48,
          "Plan Rows": 2,
          "Plan Width": 8,
          "Actual Startup Time": 970.823,
          "Actual Total Time": 994.021,
          "Actual Rows": 3,
          "Actual Loops": 1,
          "Workers Planned": 2,
          "Workers Launched": 2,
          "Single Copy": false,
          "Plans": [
            {
              "Node Type": "Aggregate",
              "Strategy": "Plain",
              "Partial Mode": "Partial",
              "Parent Relationship": "Outer",
              "Parallel Aware": false,
              "Startup Cost": 99481.27,
              "Total Cost": 99481.28,
              "Plan Rows": 1,
              "Plan Width": 8,
              "Actual Startup Time": 961.503,
              "Actual Total Time": 961.509,
              "Actual Rows": 1,
              "Actual Loops": 3,
              "Plans": [
                {
                  "Node Type": "Hash Join",
                  "Parent Relationship": "Outer",
                  "Parallel Aware": true,
                  "Join Type": "Inner",
                  "Startup Cost": 82534.0,
                  "Total Cost": 98928.36,
                  "Plan Rows": 221164,
                  "Plan Width": 0,
                  "Actual Startup Time": 768.658,
                  "Actual Total Time": 939.83,
                  "Actual Rows": 467640,
                  "Actual Loops": 3,
                  "Inner Unique": false,
                  "Hash Cond": "(mi_idx.movie_id = t.id)",
                  "Plans": [
                    {
                      "Node Type": "Seq Scan",
                      "Parent Relationship": "Outer",
                      "Parallel Aware": true,
                      "Relation Name": "movie_info_idx",
                      "Alias": "mi_idx",
                      "Startup Cost": 0.0,
                      "Total Cost": 13685.15,
                      "Plan Rows": 575015,
                      "Plan Width": 4,
                      "Actual Startup Time": 0.047,
                      "Actual Total Time": 40.506,
                      "Actual Rows": 460012,
                      "Actual Loops": 3
                    },
                    {
                      "Node Type": "Hash",
                      "Parent Relationship": "Inner",
                      "Parallel Aware": true,
                      "Startup Cost": 79495.12,
                      "Total Cost": 79495.12,
                      "Plan Rows": 243110,
                      "Plan Width": 8,
                      "Actual Startup Time": 762.034,
                      "Actual Total Time": 762.039,
                      "Actual Rows": 328322,
                      "Actual Loops": 3,
                      "Hash Buckets": 1048576,
                      "Original Hash Buckets": 1048576,
                      "Hash Batches": 1,
                      "Original Hash Batches": 1,
                      "Peak Memory Usage": 46752,
                      "Plans": [
                        {
                          "Node Type": "Hash Join",
                          "Parent Relationship": "Outer",
                          "Parallel Aware": true,
                          "Join Type": "Inner",
                          "Startup Cost": 33231.81,
                          "Total Cost": 79495.12,
                          "Plan Rows": 243110,
                          "Plan Width": 8,
                          "Actual Startup Time": 217.889,
                          "Actual Total Time": 648.447,
                          "Actual Rows": 328322,
                          "Actual Loops": 3,
                          "Inner Unique": false,
                          "Hash Cond": "(t.id = mc.movie_id)",
                          "Plans": [
                            {
                              "Node Type": "Seq Scan",
                              "Parent Relationship": "Outer",
                              "Parallel Aware": true,
                              "Relation Name": "title",
                              "Alias": "t",
                              "Startup Cost": 0.0,
                              "Total Cost": 42318.73,
                              "Plan Rows": 632073,
                              "Plan Width": 4,
                              "Actual Startup Time": 0.009,
                              "Actual Total Time": 104.635,
                              "Actual Rows": 842771,
                              "Actual Loops": 3
                            },
                            {
                              "Node Type": "Hash",
                              "Parent Relationship": "Inner",
                              "Parallel Aware": true,
                              "Startup Cost": 29310.68,
                              "Total Cost": 29310.68,
                              "Plan Rows": 313690,
                              "Plan Width": 4,
                              "Actual Startup Time": 214.282,
                              "Actual Total Time": 214.283,
                              "Actual Rows": 328322,
                              "Actual Loops": 3,
                              "Hash Buckets": 1048576,
                              "Original Hash Buckets": 1048576,
                              "Hash Batches": 1,
                              "Original Hash Batches": 1,
                              "Peak Memory Usage": 46752,
                              "Plans": [
                                {
                                  "Node Type": "Seq Scan",
                                  "Parent Relationship": "Outer",
                                  "Parallel Aware": true,
                                  "Relation Name": "movie_companies",
                                  "Alias": "mc",
                                  "Startup Cost": 0.0,
                                  "Total Cost": 29310.68,
                                  "Plan Rows": 313690,
                                  "Plan Width": 4,
                                  "Actual Startup Time": 25.835,
                                  "Actual Total Time": 111.208,
                                  "Actual Rows": 328322,
                                  "Actual Loops": 3,
                                  "Filter": "(company_id > 17206)",
                                  "Rows Removed by Filter": 541387
                                }
                              ]
                            }
                          ]
                        }
                      ]
                    }
                  ]
                }
              ]
            }
          ]
        }
      ]
    },
    "Planning Time": 1.402,
    "Triggers": [],
    "Execution Time": 994.119
  }
]