[
  {
    "Plan": {
      "Node Type": "Aggregate",
      "Strategy": "Plain",
      "Partial Mode": "Finalize",
      "Parallel Aware": false,
      "Startup Cost": 32680.48,
      "Total Cost": 32680.49,
      "Plan Rows": 1,
      "Plan Width": 8,
      "Actual Startup Time": 80.987,
      "Actual Total Time": 88.699,
      "Actual Rows": 1,
      "Actual Loops": 1,
      "Plans": [
        {
          "Node Type": "Gather",
          "Parent Relationship": "Outer",
          "Parallel Aware": false,
          "Startup Cost": 32680.17,
          "Total Cost": 32680.48,
          "Plan Rows": 3,
          "Plan Width": 8,
          "Actual Startup Time": 80.84,
          "Actual Total Time": 88.691,
          "Actual Rows": 4,
          "Actual Loops": 1,
          "Workers Planned": 3,
          "Workers Launched": 3,
          "Single Copy": false,
          "Plans": [
            {
              "Node Type": "Aggregate",
              "Strategy": "Plain",
              "Partial Mode": "Partial",
              "Parent Relationship": "Outer",
              "Parallel Aware": false,
              "Startup Cost": 31680.17,
              "Total Cost": 31680.18,
              "Plan Rows": 1,
              "Plan Width": 8,
              "Actual Startup Time": 74.004,
              "Actual Total Time": 74.005,
              "Actual Rows": 1,
              "Actual Loops": 4,
              "Plans": [
                {
                  "Node Type": "Seq Scan",
                  "Parent Relationship": "Outer",
                  "Parallel Aware": true,
                  "Relation Name": "movie_companies",
                  "Alias": "mc",
                  "Startup Cost": 0.0,
                  "Total Cost": 31414.82,
                  "Plan Rows": 106139,
                  "Plan Width": 0,
                  "Actual Startup Time": 30.902,
                  "Actual Total Time": 73.619,
                  "Actual Rows": 6212,
                  "Actual Loops": 4,
                  "Filter": "((company_id > 51137) AND (company_type_id = 1))",
                  "Rows Removed by Filter": 646070
                }
              ]
            }
          ]
        }
      ]
    },
    "Planning Time": 0.114,
    "Triggers": [],
    "Execution Time": 88.733
  }
]