[
  {
    "Plan": {
      "Node Type": "Aggregate",
      "Strategy": "Plain",
      "Partial Mode": "Finalize",
      "Parallel Aware": false,
      "Startup Cost": 131586.73,
      "Total Cost": 131586.74,
      "Plan Rows": 1,
      "Plan Width": 8,
      "Actual Startup Time": 417.133,
      "Actual Total Time": 447.538,
      "Actual Rows": 1,
      "Actual Loops": 1,
      "Plans": [
        {
          "Node Type": "Gather",
          "Parent Relationship": "Outer",
          "Parallel Aware": false,
          "Startup Cost": 131586.42,
          "Total Cost": 131586.73,
          "Plan Rows": 3,
          "Plan Width": 8,
          "Actual Startup Time": 416.293,
          "Actual Total Time": 447.53,
          "Actual Rows": 4,
          "Actual Loops": 1,
          "Workers Planned": 3,
          "Workers Launched": 3,
          "Single Copy": false,
          "Plans": [
            {
              "Node Type": "Aggregate",
              "Strategy": "Plain",
              "Partial Mode": "Partial",
              "Parent Relationship": "Outer",
              "Parallel Aware": false,
              "Startup Cost": 130586.42,
              "Total Cost": 130586.43,
              "Plan Rows": 1,
              "Plan Width": 8,
              "Actual Startup Time": 413.471,
              "Actual Total Time": 413.474,
              "Actual Rows": 1,
              "Actual Loops": 4,
              "Plans": [
                {
                  "Node Type": "Nested Loop",
                  "Parent Relationship": "Outer",
                  "Parallel Aware": false,
                  "Join Type": "Inner",
                  "Startup Cost": 56024.13,
                  "Total Cost": 130534.65,
                  "Plan Rows": 20706,
                  "Plan Width": 0,
                  "Actual Startup Time": 130.449,
                  "Actual Total Time": 409.803,
                  "Actual Rows": 66188,
                  "Actual Loops": 4,
                  "Inner Unique": false,
                  "Join Filter": "(t.id = ci.movie_id)",
                  "Rows Removed by Join Filter": 0,
                  "Plans": [
                    {
                      "Node Type": "Hash Join",
                      "Parent Relationship": "Outer",
                      "Parallel Aware": true,
                      "Join Type": "Inner",
                      "Startup Cost": 56023.56,
                      "Total Cost": 83152.53,
                      "Plan Rows": 11083,
                      "Plan Width": 8,
                      "Actual Startup Time": 130.346,
                      "Actual Total Time": 184.945,
                      "Actual Rows": 5064,
                      "Actual Loops": 4,
                      "Inner Unique": true,
                      "Hash Cond": "(mk.movie_id = t.id)",
                      "Plans": [
                        {
                          "Node Type": "Bitmap Heap Scan",
                          "Parent Relationship": "Outer",
                          "Parallel Aware": true,
                          "Relation Name": "movie_keyword",
                          "Alias": "mk",
                          "Startup Cost": 11629.43,
                          "Total Cost": 38294.15,
                          "Plan Rows": 176857,
                          "Plan Width": 4,
                          "Actual Startup Time": 45.112,
                          "Actual Total Time": 79.964,
                          "Actual Rows": 135788,
                          "Actual Loops": 4,
                          "Recheck Cond": "(keyword_id > 33820)",
                          "Rows Removed by Index Recheck": 0,
                          "Exact Heap Blocks": 8062,
                          "Lossy Heap Blocks": 0,
                          "Plans": [
                            {
                              "Node Type": "Bitmap Index Scan",
                              "Parent Relationship": "Outer",
                              "Parallel Aware": false,
                              "Index Name": "keyword_id_movie_keyword",
                              "Startup Cost": 0.0,
                              "Total Cost": 11492.37,
                              "Plan Rows": 548258,
                              "Plan Width": 0,
                              "Actual Startup Time": 41.576,
                              "Actual Total Time": 41.576,
                              "Actual Rows": 543153,
                              "Actual Loops": 1,
                              "Index Cond": "(keyword_id > 33820)"
                            }
                          ]
                        },
                        {
                          "Node Type": "Hash",
                          "Parent Relationship": "Inner",
                          "Parallel Aware": true,
                          "Startup Cost": 43899.01,
                          "Total Cost": 43899.01,
                          "Plan Rows": 39610,
                          "Plan Width": 4,
                          "Actual Startup Time": 84.393,
                          "Actual Total Time": 84.394,
                          "Actual Rows": 40004,
                          "Actual Loops": 4,
                          "Hash Buckets": 262144,
                          "Original Hash Buckets": 262144,
                          "Hash Batches": 1,
                          "Original Hash Batches": 1,
                          "Peak Memory Usage": 8352,
                          "Plans": [
                            {
                              "Node Type": "Seq Scan",
                              "Parent Relationship": "Outer",
                              "Parallel Aware": true,
                              "Relation Name": "title",
                              "Alias": "t",
                              "Startup Cost": 0.0,
                              "Total Cost": 43899.01,
                              "Plan Rows": 39610,
                              "Plan Width": 4,
                              "Actual Startup Time": 0.013,
                              "Actual Total Time": 71.741,
                              "Actual Rows": 40004,
                              "Actual Loops": 4,
                              "Filter": "(production_year = 2011)",
                              "Rows Removed by Filter": 592074
                            }
                          ]
                        }
                      ]
                    },
                    {
                      "Node Type": "Index Scan",
                      "Parent Relationship": "Inner",
                      "Parallel Aware": false,
                      "Scan Direction": "Forward",
                      "Index Name": "movie_id_cast_info",
                      "Relation Name": "cast_info",
                      "Alias": "ci",
                      "Startup Cost": 0.56,
                      "Total Cost": 4.21,
                      "Plan Rows": 5,
                      "Plan Width": 4,
                      "Actual Startup Time": 0.007,
                      "Actual Total Time": 0.043,
                      "Actual Rows": 13,
                      "Actual Loops": 20255,
                      "Index Cond": "(movie_id = mk.movie_id)",
                      "Rows Removed by Index Recheck": 0,
                      "Filter": "((person_id < 1323054) AND (role_id < 2))",
                      "Rows Removed by Filter": 47
                    }
                  ]
                }
              ]
            }
          ]
        }
      ]
    },
    "Planning Time": 0.403,
    "Triggers": [],
    "Execution Time": 447.588
  }
]