[
  {
    "Plan": {
      "Node Type": "Aggregate",
      "Strategy": "Plain",
      "Partial Mode": "Finalize",
      "Parallel Aware": false,
      "Startup Cost": 44912.75,
      "Total Cost": 44912.76,
      "Plan Rows": 1,
      "Plan Width": 8,
      "Actual Startup Time": 82.94,
      "Actual Total Time": 95.681,
      "Actual Rows": 1,
      "Actual Loops": 1,
      "Plans": [
        {
          "Node Type": "Gather",
          "Parent Relationship": "Outer",
          "Parallel Aware": false,
          "Startup Cost": 44912.33,
          "Total Cost": 44912.74,
          "Plan Rows": 4,
          "Plan Width": 8,
          "Actual Startup Time": 82.75,
          "Actual Total Time": 95.67,
          "Actual Rows": 5,
          "Actual Loops": 1,
          "Workers Planned": 4,
          "Workers Launched": 4,
          "Single Copy": false,
          "Plans": [
            {
              "Node Type": "Aggregate",
              "Strategy": "Plain",
              "Partial Mode": "Partial",
              "Parent Relationship": "Outer",
              "Parallel Aware": false,
              "Startup Cost": 43912.33,
              "Total Cost": 43912.34,
              "Plan Rows": 1,
              "Plan Width": 8,
              "Actual Startup Time": 77.206,
              "Actual Total Time": 77.207,
              "Actual Rows": 1,
              "Actual Loops": 5,
              "Plans": [
                {
                  "Node Type": "Seq Scan",
                  "Parent Relationship": "Outer",
                  "Parallel Aware": true,
                  "Relation Name": "title",
                  "Alias": "t",
                  "Startup Cost": 0.0,
                  "Total Cost": 43899.32,
                  "Plan Rows": 5204,
                  "Plan Width": 0,
                  "Actual Startup Time": 0.106,
                  "Actual Total Time": 76.817,
                  "Actual Rows": 4024,
                  "Actual Loops": 5,
                  "Filter": "(production_year = 1987)",
                  "Rows Removed by Filter": 501638
                }
              ]
            }
          ]
        }
      ]
    },
    "Planning Time": 0.08,
    "Triggers": [],
    "Execution Time": 95.715
  }
]