[
    {
        "Bao": {
            "Bao prediction": "NaN",
            "Bao recommended hint": "(no hint)"
        }
    },
    {
        "Plan": {
            "Node Type": "Aggregate",
            "Strategy": "Plain",
            "Partial Mode": "Finalize",
            "Parallel Aware": false,
            "Startup Cost": 348388.29,
            "Total Cost": 348388.3,
            "Plan Rows": 1,
            "Plan Width": 8,
            "Actual Startup Time": 648.106,
            "Actual Total Time": 677.911,
            "Actual Rows": 1,
            "Actual Loops": 1,
            "Output": [
                "count(*)"
            ],
            "Plans": [
                {
                    "Node Type": "Gather",
                    "Parent Relationship": "Outer",
                    "Parallel Aware": false,
                    "Startup Cost": 348387.67,
                    "Total Cost": 348388.28,
                    "Plan Rows": 6,
                    "Plan Width": 8,
                    "Actual Startup Time": 647.994,
                    "Actual Total Time": 677.902,
                    "Actual Rows": 7,
                    "Actual Loops": 1,
                    "Output": [
                        "(PARTIAL count(*))"
                    ],
                    "Workers Planned": 6,
                    "Workers Launched": 6,
                    "Single Copy": false,
                    "Plans": [
                        {
                            "Node Type": "Aggregate",
                            "Strategy": "Plain",
                            "Partial Mode": "Partial",
                            "Parent Relationship": "Outer",
                            "Parallel Aware": false,
                            "Startup Cost": 347387.67,
                            "Total Cost": 347387.68,
                            "Plan Rows": 1,
                            "Plan Width": 8,
                            "Actual Startup Time": 637.939,
                            "Actual Total Time": 637.94,
                            "Actual Rows": 1,
                            "Actual Loops": 7,
                            "Output": [
                                "PARTIAL count(*)"
                            ],
                            "Workers": [
                                {
                                    "Worker Number": 0,
                                    "Actual Startup Time": 635.603,
                                    "Actual Total Time": 635.604,
                                    "Actual Rows": 1,
                                    "Actual Loops": 1
                                },
                                {
                                    "Worker Number": 1,
                                    "Actual Startup Time": 635.722,
                                    "Actual Total Time": 635.723,
                                    "Actual Rows": 1,
                                    "Actual Loops": 1
                                },
                                {
                                    "Worker Number": 2,
                                    "Actual Startup Time": 636.363,
                                    "Actual Total Time": 636.364,
                                    "Actual Rows": 1,
                                    "Actual Loops": 1
                                },
                                {
                                    "Worker Number": 3,
                                    "Actual Startup Time": 636.714,
                                    "Actual Total Time": 636.715,
                                    "Actual Rows": 1,
                                    "Actual Loops": 1
                                },
                                {
                                    "Worker Number": 4,
                                    "Actual Startup Time": 636.716,
                                    "Actual Total Time": 636.718,
                                    "Actual Rows": 1,
                                    "Actual Loops": 1
                                },
                                {
                                    "Worker Number": 5,
                                    "Actual Startup Time": 637.313,
                                    "Actual Total Time": 637.314,
                                    "Actual Rows": 1,
                                    "Actual Loops": 1
                                }
                            ],
                            "Plans": [
                                {
                                    "Node Type": "Seq Scan",
                                    "Parent Relationship": "Outer",
                                    "Parallel Aware": true,
                                    "Relation Name": "cast_info",
                                    "Schema": "public",
                                    "Alias": "ci",
                                    "Startup Cost": 0.0,
                                    "Total Cost": 343318.94,
                                    "Plan Rows": 1627492,
                                    "Plan Width": 0,
                                    "Actual Startup Time": 225.341,
                                    "Actual Total Time": 608.211,
                                    "Actual Rows": 600057,
                                    "Actual Loops": 7,
                                    "Output": [
                                        "id",
                                        "person_id",
                                        "movie_id",
                                        "person_role_id",
                                        "note",
                                        "nr_order",
                                        "role_id"
                                    ],
                                    "Filter": "((ci.person_id < 1483023) AND (ci.role_id > 1))",
                                    "Rows Removed by Filter": 4577707,
                                    "Workers": [
                                        {
                                            "Worker Number": 0,
                                            "Actual Startup Time": 222.127,
                                            "Actual Total Time": 605.683,
                                            "Actual Rows": 436295,
                                            "Actual Loops": 1
                                        },
                                        {
                                            "Worker Number": 1,
                                            "Actual Startup Time": 221.475,
                                            "Actual Total Time": 605.868,
                                            "Actual Rows": 436081,
                                            "Actual Loops": 1
                                        },
                                        {
                                            "Worker Number": 2,
                                            "Actual Startup Time": 221.988,
                                            "Actual Total Time": 607.916,
                                            "Actual Rows": 673307,
                                            "Actual Loops": 1
                                        },
                                        {
                                            "Worker Number": 3,
                                            "Actual Startup Time": 223.736,
                                            "Actual Total Time": 608.334,
                                            "Actual Rows": 671978,
                                            "Actual Loops": 1
                                        },
                                        {
                                            "Worker Number": 4,
                                            "Actual Startup Time": 231.203,
                                            "Actual Total Time": 606.53,
                                            "Actual Rows": 442521,
                                            "Actual Loops": 1
                                        },
                                        {
                                            "Worker Number": 5,
                                            "Actual Startup Time": 224.258,
                                            "Actual Total Time": 608.968,
                                            "Actual Rows": 670638,
                                            "Actual Loops": 1
                                        }
                                    ]
                                }
                            ]
                        }
                    ]
                }
            ]
        },
        "Planning Time": 236.654,
        "Triggers": [],
        "Execution Time": 678.007
    }
]