{
  "Plan": {
    "Node Type": "Aggregate",
    "Strategy": "Plain",
    "Partial Mode": "Finalize",
    "Parallel Aware": false,
    "Startup Cost": 793174.28,
    "Total Cost": 793174.29,
    "Plan Rows": 1,
    "Plan Width": 8,
    "Actual Startup Time": 2455.08,
    "Actual Total Time": 2530.346,
    "Actual Rows": 1,
    "Actual Loops": 1,
    "Plans": [
      {
        "Node Type": "Gather",
        "Parent Relationship": "Outer",
        "Parallel Aware": false,
        "Startup Cost": 793174.17,
        "Total Cost": 793174.28,
        "Plan Rows": 1,
        "Plan Width": 8,
        "Actual Startup Time": 2452.807,
        "Actual Total Time": 2530.335,
        "Actual Rows": 2,
        "Actual Loops": 1,
        "Workers Planned": 1,
        "Workers Launched": 1,
        "Single Copy": false,
        "Plans": [
          {
            "Node Type": "Aggregate",
            "Strategy": "Plain",
            "Partial Mode": "Partial",
            "Parent Relationship": "Outer",
            "Parallel Aware": false,
            "Startup Cost": 792174.17,
            "Total Cost": 792174.18,
            "Plan Rows": 1,
            "Plan Width": 8,
            "Actual Startup Time": 2446.777,
            "Actual Total Time": 2447.094,
            "Actual Rows": 1,
            "Actual Loops": 2,
            "Plans": [
              {
                "Node Type": "Hash Join",
                "Parent Relationship": "Outer",
                "Parallel Aware": true,
                "Join Type": "Inner",
                "Startup Cost": 615954.73,
                "Total Cost": 791748.36,
                "Plan Rows": 170322,
                "Plan Width": 0,
                "Actual Startup Time": 2238.305,
                "Actual Total Time": 2433.052,
                "Actual Rows": 354062,
                "Actual Loops": 2,
                "Inner Unique": false,
                "Hash Cond": "(mi.movie_id = t.id)",
                "Plans": [
                  {
                    "Node Type": "Bitmap Heap Scan",
                    "Parent Relationship": "Outer",
                    "Parallel Aware": true,
                    "Relation Name": "movie_info",
                    "Alias": "mi",
                    "Startup Cost": 22524.06,
                    "Total Cost": 193659.01,
                    "Plan Rows": 731356,
                    "Plan Width": 4,
                    "Actual Startup Time": 48.849,
                    "Actual Total Time": 147.572,
                    "Actual Rows": 602354,
                    "Actual Loops": 2,
                    "Recheck Cond": "(info_type_id > 18)",
                    "Rows Removed by Index Recheck": 0,
                    "Exact Heap Blocks": 19743,
                    "Lossy Heap Blocks": 0,
                    "Plans": [
                      {
                        "Node Type": "Bitmap Index Scan",
                        "Parent Relationship": "Outer",
                        "Parallel Aware": false,
                        "Index Name": "info_type_id_movie_info",
                        "Startup Cost": 0.0,
                        "Total Cost": 22213.23,
                        "Plan Rows": 1243306,
                        "Plan Width": 0,
                        "Actual Startup Time": 43.299,
                        "Actual Total Time": 43.3,
                        "Actual Rows": 1204709,
                        "Actual Loops": 1,
                        "Index Cond": "(info_type_id > 18)"
                      }
                    ]
                  },
                  {
                    "Node Type": "Hash",
                    "Parent Relationship": "Inner",
                    "Parallel Aware": true,
                    "Startup Cost": 589101.23,
                    "Total Cost": 589101.23,
                    "Plan Rows": 346355,
                    "Plan Width": 8,
                    "Actual Startup Time": 2151.343,
                    "Actual Total Time": 2151.657,
                    "Actual Rows": 278330,
                    "Actual Loops": 2,
                    "Hash Buckets": 1048576,
                    "Original Hash Buckets": 1048576,
                    "Hash Batches": 1,
                    "Original Hash Batches": 1,
                    "Peak Memory Usage": 30016,
                    "Plans": [
                      {
                        "Node Type": "Hash Join",
                        "Parent Relationship": "Outer",
                        "Parallel Aware": true,
                        "Join Type": "Inner",
                        "Startup Cost": 55773.84,
                        "Total Cost": 589101.23,
                        "Plan Rows": 346355,
                        "Plan Width": 8,
                        "Actual Startup Time": 158.676,
                        "Actual Total Time": 2066.903,
                        "Actual Rows": 278330,
                        "Actual Loops": 2,
                        "Inner Unique": true,
                        "Hash Cond": "(ci.movie_id = t.id)",
                        "Plans": [
                          {
                            "Node Type": "Seq Scan",
                            "Parent Relationship": "Outer",
                            "Parallel Aware": true,
                            "Relation Name": "cast_info",
                            "Alias": "ci",
                            "Startup Cost": 0.0,
                            "Total Cost": 519069.44,
                            "Plan Rows": 5431592,
                            "Plan Width": 4,
                            "Actual Startup Time": 0.015,
                            "Actual Total Time": 1290.866,
                            "Actual Rows": 4681201,
                            "Actual Loops": 2,
                            "Filter": "(person_id < 921439)",
                            "Rows Removed by Filter": 13440971
                          },
                          {
                            "Node Type": "Hash",
                            "Parent Relationship": "Inner",
                            "Parallel Aware": true,
                            "Startup Cost": 54588.39,
                            "Total Cost": 54588.39,
                            "Plan Rows": 94836,
                            "Plan Width": 4,
                            "Actual Startup Time": 156.831,
                            "Actual Total Time": 156.832,
                            "Actual Rows": 80008,
                            "Actual Loops": 2,
                            "Hash Buckets": 262144,
                            "Original Hash Buckets": 262144,
                            "Hash Batches": 1,
                            "Original Hash Batches": 1,
                            "Peak Memory Usage": 8352,
                            "Plans": [
                              {
                                "Node Type": "Seq Scan",
                                "Parent Relationship": "Outer",
                                "Parallel Aware": true,
                                "Relation Name": "title",
                                "Alias": "t",
                                "Startup Cost": 0.0,
                                "Total Cost": 54588.39,
                                "Plan Rows": 94836,
                                "Plan Width": 4,
                                "Actual Startup Time": 0.034,
                                "Actual Total Time": 134.457,
                                "Actual Rows": 80008,
                                "Actual Loops": 2,
                                "Filter": "(production_year = 2011)",
                                "Rows Removed by Filter": 1184148
                              }
                            ]
                          }
                        ]
                      }
                    ]
                  }
                ]
              }
            ]
          }
        ]
      }
    ]
  },
  "Planning Time": 0.939,
  "Triggers": [],
  "Execution Time": 2530.468
}