[
    {
        "Bao": {
            "Bao prediction": "NaN",
            "Bao recommended hint": "(no hint)"
        }
    },
    {
        "Plan": {
            "Node Type": "Aggregate",
            "Strategy": "Plain",
            "Partial Mode": "Finalize",
            "Parallel Aware": false,
            "Startup Cost": 34039.46,
            "Total Cost": 34039.47,
            "Plan Rows": 1,
            "Plan Width": 8,
            "Actual Startup Time": 117.151,
            "Actual Total Time": 123.139,
            "Actual Rows": 1,
            "Actual Loops": 1,
            "Output": [
                "count(*)"
            ],
            "Plans": [
                {
                    "Node Type": "Gather",
                    "Parent Relationship": "Outer",
                    "Parallel Aware": false,
                    "Startup Cost": 34039.14,
                    "Total Cost": 34039.45,
                    "Plan Rows": 3,
                    "Plan Width": 8,
                    "Actual Startup Time": 116.822,
                    "Actual Total Time": 123.128,
                    "Actual Rows": 4,
                    "Actual Loops": 1,
                    "Output": [
                        "(PARTIAL count(*))"
                    ],
                    "Workers Planned": 3,
                    "Workers Launched": 3,
                    "Single Copy": false,
                    "Plans": [
                        {
                            "Node Type": "Aggregate",
                            "Strategy": "Plain",
                            "Partial Mode": "Partial",
                            "Parent Relationship": "Outer",
                            "Parallel Aware": false,
                            "Startup Cost": 33039.14,
                            "Total Cost": 33039.15,
                            "Plan Rows": 1,
                            "Plan Width": 8,
                            "Actual Startup Time": 108.2,
                            "Actual Total Time": 108.202,
                            "Actual Rows": 1,
                            "Actual Loops": 4,
                            "Output": [
                                "PARTIAL count(*)"
                            ],
                            "Workers": [
                                {
                                    "Worker Number": 0,
                                    "Actual Startup Time": 104.977,
                                    "Actual Total Time": 104.979,
                                    "Actual Rows": 1,
                                    "Actual Loops": 1
                                },
                                {
                                    "Worker Number": 1,
                                    "Actual Startup Time": 105.569,
                                    "Actual Total Time": 105.571,
                                    "Actual Rows": 1,
                                    "Actual Loops": 1
                                },
                                {
                                    "Worker Number": 2,
                                    "Actual Startup Time": 105.952,
                                    "Actual Total Time": 105.954,
                                    "Actual Rows": 1,
                                    "Actual Loops": 1
                                }
                            ],
                            "Plans": [
                                {
                                    "Node Type": "Bitmap Heap Scan",
                                    "Parent Relationship": "Outer",
                                    "Parallel Aware": true,
                                    "Relation Name": "movie_keyword",
                                    "Schema": "public",
                                    "Alias": "mk",
                                    "Startup Cost": 6990.51,
                                    "Total Cost": 32773.37,
                                    "Plan Rows": 106309,
                                    "Plan Width": 0,
                                    "Actual Startup Time": 33.472,
                                    "Actual Total Time": 101.853,
                                    "Actual Rows": 82104,
                                    "Actual Loops": 4,
                                    "Recheck Cond": "(mk.keyword_id > 50179)",
                                    "Rows Removed by Index Recheck": 0,
                                    "Exact Heap Blocks": 9207,
                                    "Lossy Heap Blocks": 0,
                                    "Workers": [
                                        {
                                            "Worker Number": 0,
                                            "Actual Startup Time": 30.253,
                                            "Actual Total Time": 99.707,
                                            "Actual Rows": 54470,
                                            "Actual Loops": 1
                                        },
                                        {
                                            "Worker Number": 1,
                                            "Actual Startup Time": 31.137,
                                            "Actual Total Time": 99.959,
                                            "Actual Rows": 57467,
                                            "Actual Loops": 1
                                        },
                                        {
                                            "Worker Number": 2,
                                            "Actual Startup Time": 31.244,
                                            "Actual Total Time": 100.276,
                                            "Actual Rows": 80310,
                                            "Actual Loops": 1
                                        }
                                    ],
                                    "Plans": [
                                        {
                                            "Node Type": "Bitmap Index Scan",
                                            "Parent Relationship": "Outer",
                                            "Parallel Aware": false,
                                            "Index Name": "keyword_id_movie_keyword",
                                            "Startup Cost": 0.0,
                                            "Total Cost": 6908.12,
                                            "Plan Rows": 329558,
                                            "Plan Width": 0,
                                            "Actual Startup Time": 36.129,
                                            "Actual Total Time": 36.129,
                                            "Actual Rows": 328415,
                                            "Actual Loops": 1,
                                            "Index Cond": "(mk.keyword_id > 50179)"
                                        }
                                    ]
                                }
                            ]
                        }
                    ]
                }
            ]
        },
        "Planning Time": 310.38,
        "Triggers": [],
        "Execution Time": 123.254
    }
]