[
  {
    "Plan": {
      "Node Type": "Aggregate",
      "Strategy": "Plain",
      "Partial Mode": "Finalize",
      "Parallel Aware": false,
      "Startup Cost": 47053.09,
      "Total Cost": 47053.1,
      "Plan Rows": 1,
      "Plan Width": 8,
      "Actual Startup Time": 114.056,
      "Actual Total Time": 127.959,
      "Actual Rows": 1,
      "Actual Loops": 1,
      "Plans": [
        {
          "Node Type": "Gather",
          "Parent Relationship": "Outer",
          "Parallel Aware": false,
          "Startup Cost": 47052.67,
          "Total Cost": 47053.08,
          "Plan Rows": 4,
          "Plan Width": 8,
          "Actual Startup Time": 113.754,
          "Actual Total Time": 127.948,
          "Actual Rows": 5,
          "Actual Loops": 1,
          "Workers Planned": 4,
          "Workers Launched": 4,
          "Single Copy": false,
          "Plans": [
            {
              "Node Type": "Aggregate",
              "Strategy": "Plain",
              "Partial Mode": "Partial",
              "Parent Relationship": "Outer",
              "Parallel Aware": false,
              "Startup Cost": 46052.67,
              "Total Cost": 46052.68,
              "Plan Rows": 1,
              "Plan Width": 8,
              "Actual Startup Time": 107.394,
              "Actual Total Time": 107.396,
              "Actual Rows": 1,
              "Actual Loops": 5,
              "Plans": [
                {
                  "Node Type": "Seq Scan",
                  "Parent Relationship": "Outer",
                  "Parallel Aware": true,
                  "Relation Name": "title",
                  "Alias": "t",
                  "Startup Cost": 0.0,
                  "Total Cost": 45479.59,
                  "Plan Rows": 229234,
                  "Plan Width": 0,
                  "Actual Startup Time": 0.045,
                  "Actual Total Time": 97.817,
                  "Actual Rows": 173053,
                  "Actual Loops": 5,
                  "Filter": "((kind_id < 7) AND (production_year > 1928))",
                  "Rows Removed by Filter": 332609
                }
              ]
            }
          ]
        }
      ]
    },
    "Planning Time": 0.192,
    "Triggers": [],
    "Execution Time": 128.018
  }
]