{
  "Plan": {
    "Node Type": "Aggregate",
    "Strategy": "Plain",
    "Partial Mode": "Finalize",
    "Parallel Aware": false,
    "Startup Cost": 109887.83,
    "Total Cost": 109887.84,
    "Plan Rows": 1,
    "Plan Width": 8,
    "Actual Startup Time": 791.98,
    "Actual Total Time": 808.158,
    "Actual Rows": 1,
    "Actual Loops": 1,
    "Plans": [
      {
        "Node Type": "Gather",
        "Parent Relationship": "Outer",
        "Parallel Aware": false,
        "Startup Cost": 109887.72,
        "Total Cost": 109887.83,
        "Plan Rows": 1,
        "Plan Width": 8,
        "Actual Startup Time": 788.837,
        "Actual Total Time": 808.148,
        "Actual Rows": 2,
        "Actual Loops": 1,
        "Workers Planned": 1,
        "Workers Launched": 1,
        "Single Copy": false,
        "Plans": [
          {
            "Node Type": "Aggregate",
            "Strategy": "Plain",
            "Partial Mode": "Partial",
            "Parent Relationship": "Outer",
            "Parallel Aware": false,
            "Startup Cost": 108887.72,
            "Total Cost": 108887.73,
            "Plan Rows": 1,
            "Plan Width": 8,
            "Actual Startup Time": 779.982,
            "Actual Total Time": 779.987,
            "Actual Rows": 1,
            "Actual Loops": 2,
            "Plans": [
              {
                "Node Type": "Hash Join",
                "Parent Relationship": "Outer",
                "Parallel Aware": true,
                "Join Type": "Inner",
                "Startup Cost": 66316.47,
                "Total Cost": 107550.35,
                "Plan Rows": 534950,
                "Plan Width": 0,
                "Actual Startup Time": 389.372,
                "Actual Total Time": 772.875,
                "Actual Rows": 145835,
                "Actual Loops": 2,
                "Inner Unique": true,
                "Hash Cond": "(mc.movie_id = t.id)",
                "Plans": [
                  {
                    "Node Type": "Seq Scan",
                    "Parent Relationship": "Outer",
                    "Parallel Aware": true,
                    "Relation Name": "movie_companies",
                    "Alias": "mc",
                    "Startup Cost": 0.0,
                    "Total Cost": 37974.77,
                    "Plan Rows": 1241564,
                    "Plan Width": 4,
                    "Actual Startup Time": 0.18,
                    "Actual Total Time": 146.887,
                    "Actual Rows": 1056824,
                    "Actual Loops": 2,
                    "Filter": "(company_id > 437)",
                    "Rows Removed by Filter": 247740
                  },
                  {
                    "Node Type": "Hash",
                    "Parent Relationship": "Inner",
                    "Parallel Aware": true,
                    "Startup Cost": 58306.47,
                    "Total Cost": 58306.47,
                    "Plan Rows": 640800,
                    "Plan Width": 4,
                    "Actual Startup Time": 373.247,
                    "Actual Total Time": 373.248,
                    "Actual Rows": 522111,
                    "Actual Loops": 2,
                    "Hash Buckets": 2097152,
                    "Original Hash Buckets": 2097152,
                    "Hash Batches": 1,
                    "Original Hash Batches": 1,
                    "Peak Memory Usage": 57280,
                    "Plans": [
                      {
                        "Node Type": "Seq Scan",
                        "Parent Relationship": "Outer",
                        "Parallel Aware": true,
                        "Relation Name": "title",
                        "Alias": "t",
                        "Startup Cost": 0.0,
                        "Total Cost": 58306.47,
                        "Plan Rows": 640800,
                        "Plan Width": 4,
                        "Actual Startup Time": 0.061,
                        "Actual Total Time": 193.272,
                        "Actual Rows": 522111,
                        "Actual Loops": 2,
                        "Filter": "((production_year < 2009) AND (kind_id = 7))",
                        "Rows Removed by Filter": 742045
                      }
                    ]
                  }
                ]
              }
            ]
          }
        ]
      }
    ]
  },
  "Planning Time": 0.7,
  "Triggers": [],
  "Execution Time": 808.238
}