[
  {
    "Plan": {
      "Node Type": "Aggregate",
      "Strategy": "Plain",
      "Partial Mode": "Finalize",
      "Parallel Aware": false,
      "Startup Cost": 100091.51,
      "Total Cost": 100091.52,
      "Plan Rows": 1,
      "Plan Width": 8,
      "Actual Startup Time": 875.756,
      "Actual Total Time": 892.584,
      "Actual Rows": 1,
      "Actual Loops": 1,
      "Plans": [
        {
          "Node Type": "Gather",
          "Parent Relationship": "Outer",
          "Parallel Aware": false,
          "Startup Cost": 100091.3,
          "Total Cost": 100091.51,
          "Plan Rows": 2,
          "Plan Width": 8,
          "Actual Startup Time": 869.851,
          "Actual Total Time": 892.565,
          "Actual Rows": 3,
          "Actual Loops": 1,
          "Workers Planned": 2,
          "Workers Launched": 2,
          "Single Copy": false,
          "Plans": [
            {
              "Node Type": "Aggregate",
              "Strategy": "Plain",
              "Partial Mode": "Partial",
              "Parent Relationship": "Outer",
              "Parallel Aware": false,
              "Startup Cost": 99091.3,
              "Total Cost": 99091.31,
              "Plan Rows": 1,
              "Plan Width": 8,
              "Actual Startup Time": 862.23,
              "Actual Total Time": 863.1,
              "Actual Rows": 1,
              "Actual Loops": 3,
              "Plans": [
                {
                  "Node Type": "Hash Join",
                  "Parent Relationship": "Outer",
                  "Parallel Aware": true,
                  "Join Type": "Inner",
                  "Startup Cost": 82192.75,
                  "Total Cost": 98562.75,
                  "Plan Rows": 211418,
                  "Plan Width": 0,
                  "Actual Startup Time": 695.301,
                  "Actual Total Time": 845.515,
                  "Actual Rows": 442608,
                  "Actual Loops": 3,
                  "Inner Unique": false,
                  "Hash Cond": "(mi_idx.movie_id = t.id)",
                  "Plans": [
                    {
                      "Node Type": "Seq Scan",
                      "Parent Relationship": "Outer",
                      "Parallel Aware": true,
                      "Relation Name": "movie_info_idx",
                      "Alias": "mi_idx",
                      "Startup Cost": 0.0,
                      "Total Cost": 13685.15,
                      "Plan Rows": 575015,
                      "Plan Width": 4,
                      "Actual Startup Time": 0.029,
                      "Actual Total Time": 35.289,
                      "Actual Rows": 460012,
                      "Actual Loops": 3
                    },
                    {
                      "Node Type": "Hash",
                      "Parent Relationship": "Inner",
                      "Parallel Aware": true,
                      "Startup Cost": 79287.79,
                      "Total Cost": 79287.79,
                      "Plan Rows": 232397,
                      "Plan Width": 8,
                      "Actual Startup Time": 688.796,
                      "Actual Total Time": 689.664,
                      "Actual Rows": 313795,
                      "Actual Loops": 3,
                      "Hash Buckets": 1048576,
                      "Original Hash Buckets": 1048576,
                      "Hash Batches": 1,
                      "Original Hash Batches": 1,
                      "Peak Memory Usage": 45056,
                      "Plans": [
                        {
                          "Node Type": "Hash Join",
                          "Parent Relationship": "Outer",
                          "Parallel Aware": true,
                          "Join Type": "Inner",
                          "Startup Cost": 33059.02,
                          "Total Cost": 79287.79,
                          "Plan Rows": 232397,
                          "Plan Width": 8,
                          "Actual Startup Time": 202.711,
                          "Actual Total Time": 596.754,
                          "Actual Rows": 313795,
                          "Actual Loops": 3,
                          "Inner Unique": false,
                          "Hash Cond": "(t.id = mc.movie_id)",
                          "Plans": [
                            {
                              "Node Type": "Seq Scan",
                              "Parent Relationship": "Outer",
                              "Parallel Aware": true,
                              "Relation Name": "title",
                              "Alias": "t",
                              "Startup Cost": 0.0,
                              "Total Cost": 42318.73,
                              "Plan Rows": 632073,
                              "Plan Width": 4,
                              "Actual Startup Time": 0.012,
                              "Actual Total Time": 93.927,
                              "Actual Rows": 842771,
                              "Actual Loops": 3
                            },
                            {
                              "Node Type": "Hash",
                              "Parent Relationship": "Inner",
                              "Parallel Aware": true,
                              "Startup Cost": 29310.68,
                              "Total Cost": 29310.68,
                              "Plan Rows": 299867,
                              "Plan Width": 4,
                              "Actual Startup Time": 198.971,
                              "Actual Total Time": 198.972,
                              "Actual Rows": 313795,
                              "Actual Loops": 3,
                              "Hash Buckets": 1048576,
                              "Original Hash Buckets": 1048576,
                              "Hash Batches": 1,
                              "Original Hash Batches": 1,
                              "Peak Memory Usage": 45056,
                              "Plans": [
                                {
                                  "Node Type": "Seq Scan",
                                  "Parent Relationship": "Outer",
                                  "Parallel Aware": true,
                                  "Relation Name": "movie_companies",
                                  "Alias": "mc",
                                  "Startup Cost": 0.0,
                                  "Total Cost": 29310.68,
                                  "Plan Rows": 299867,
                                  "Plan Width": 4,
                                  "Actual Startup Time": 24.138,
                                  "Actual Total Time": 102.566,
                                  "Actual Rows": 313795,
                                  "Actual Loops": 3,
                                  "Filter": "(company_id > 18966)",
                                  "Rows Removed by Filter": 555915
                                }
                              ]
                            }
                          ]
                        }
                      ]
                    }
                  ]
                }
              ]
            }
          ]
        }
      ]
    },
    "Planning Time": 1.295,
    "Triggers": [],
    "Execution Time": 892.758
  }
]