[
  {
    "Plan": {
      "Node Type": "Aggregate",
      "Strategy": "Plain",
      "Partial Mode": "Finalize",
      "Parallel Aware": false,
      "Startup Cost": 627251.47,
      "Total Cost": 627251.48,
      "Plan Rows": 1,
      "Plan Width": 8,
      "Actual Startup Time": 6742.899,
      "Actual Total Time": 6840.161,
      "Actual Rows": 1,
      "Actual Loops": 1,
      "Plans": [
        {
          "Node Type": "Gather",
          "Parent Relationship": "Outer",
          "Parallel Aware": false,
          "Startup Cost": 627250.95,
          "Total Cost": 627251.46,
          "Plan Rows": 5,
          "Plan Width": 8,
          "Actual Startup Time": 6701.502,
          "Actual Total Time": 6840.144,
          "Actual Rows": 6,
          "Actual Loops": 1,
          "Workers Planned": 5,
          "Workers Launched": 5,
          "Single Copy": false,
          "Plans": [
            {
              "Node Type": "Aggregate",
              "Strategy": "Plain",
              "Partial Mode": "Partial",
              "Parent Relationship": "Outer",
              "Parallel Aware": false,
              "Startup Cost": 626250.95,
              "Total Cost": 626250.96,
              "Plan Rows": 1,
              "Plan Width": 8,
              "Actual Startup Time": 6685.23,
              "Actual Total Time": 6686.132,
              "Actual Rows": 1,
              "Actual Loops": 6,
              "Plans": [
                {
                  "Node Type": "Hash Join",
                  "Parent Relationship": "Outer",
                  "Parallel Aware": true,
                  "Join Type": "Inner",
                  "Startup Cost": 405082.17,
                  "Total Cost": 615241.54,
                  "Plan Rows": 4403763,
                  "Plan Width": 0,
                  "Actual Startup Time": 2135.353,
                  "Actual Total Time": 5677.288,
                  "Actual Rows": 24627286,
                  "Actual Loops": 6,
                  "Inner Unique": false,
                  "Hash Cond": "(mi.movie_id = t.id)",
                  "Plans": [
                    {
                      "Node Type": "Seq Scan",
                      "Parent Relationship": "Outer",
                      "Parallel Aware": true,
                      "Relation Name": "movie_info",
                      "Alias": "mi",
                      "Startup Cost": 0.0,
                      "Total Cost": 191685.19,
                      "Plan Rows": 2969219,
                      "Plan Width": 4,
                      "Actual Startup Time": 0.054,
                      "Actual Total Time": 293.395,
                      "Actual Rows": 2472620,
                      "Actual Loops": 6
                    },
                    {
                      "Node Type": "Hash",
                      "Parent Relationship": "Inner",
                      "Parallel Aware": true,
                      "Startup Cost": 397269.67,
                      "Total Cost": 397269.67,
                      "Plan Rows": 625000,
                      "Plan Width": 8,
                      "Actual Startup Time": 2107.948,
                      "Actual Total Time": 2108.848,
                      "Actual Rows": 744779,
                      "Actual Loops": 6,
                      "Hash Buckets": 8388608,
                      "Original Hash Buckets": 4194304,
                      "Hash Batches": 1,
                      "Original Hash Batches": 1,
                      "Peak Memory Usage": 273216,
                      "Plans": [
                        {
                          "Node Type": "Hash Join",
                          "Parent Relationship": "Outer",
                          "Parallel Aware": true,
                          "Join Type": "Inner",
                          "Startup Cost": 47483.06,
                          "Total Cost": 397269.67,
                          "Plan Rows": 625000,
                          "Plan Width": 8,
                          "Actual Startup Time": 566.693,
                          "Actual Total Time": 1615.68,
                          "Actual Rows": 744779,
                          "Actual Loops": 6,
                          "Inner Unique": true,
                          "Hash Cond": "(ci.movie_id = t.id)",
                          "Plans": [
                            {
                              "Node Type": "Seq Scan",
                              "Parent Relationship": "Outer",
                              "Parallel Aware": true,
                              "Relation Name": "cast_info",
                              "Alias": "ci",
                              "Startup Cost": 0.0,
                              "Total Cost": 343316.27,
                              "Plan Rows": 2464888,
                              "Plan Width": 4,
                              "Actual Startup Time": 418.777,
                              "Actual Total Time": 844.689,
                              "Actual Rows": 2551138,
                              "Actual Loops": 6,
                              "Filter": "((person_id > 282170) AND (role_id > 2))",
                              "Rows Removed by Filter": 3489586
                            },
                            {
                              "Node Type": "Hash",
                              "Parent Relationship": "Inner",
                              "Parallel Aware": true,
                              "Startup Cost": 45479.59,
                              "Total Cost": 45479.59,
                              "Plan Rows": 160278,
                              "Plan Width": 4,
                              "Actual Startup Time": 146.639,
                              "Actual Total Time": 146.642,
                              "Actual Rows": 109385,
                              "Actual Loops": 6,
                              "Hash Buckets": 1048576,
                              "Original Hash Buckets": 1048576,
                              "Hash Batches": 1,
                              "Original Hash Batches": 1,
                              "Peak Memory Usage": 33952,
                              "Plans": [
                                {
                                  "Node Type": "Seq Scan",
                                  "Parent Relationship": "Outer",
                                  "Parallel Aware": true,
                                  "Relation Name": "title",
                                  "Alias": "t",
                                  "Startup Cost": 0.0,
                                  "Total Cost": 45479.59,
                                  "Plan Rows": 160278,
                                  "Plan Width": 4,
                                  "Actual Startup Time": 49.351,
                                  "Actual Total Time": 95.685,
                                  "Actual Rows": 109385,
                                  "Actual Loops": 6,
                                  "Filter": "((production_year > 0) AND (kind_id = 1))",
                                  "Rows Removed by Filter": 312000
                                }
                              ]
                            }
                          ]
                        }
                      ]
                    }
                  ]
                }
              ]
            }
          ]
        }
      ]
    },
    "Planning Time": 0.909,
    "Triggers": [],
    "Execution Time": 6840.238
  }
]