[
  {
    "Plan": {
      "Node Type": "Aggregate",
      "Strategy": "Plain",
      "Partial Mode": "Finalize",
      "Parallel Aware": false,
      "Startup Cost": 627781.75,
      "Total Cost": 627781.76,
      "Plan Rows": 1,
      "Plan Width": 8,
      "Actual Startup Time": 6525.823,
      "Actual Total Time": 6619.664,
      "Actual Rows": 1,
      "Actual Loops": 1,
      "Plans": [
        {
          "Node Type": "Gather",
          "Parent Relationship": "Outer",
          "Parallel Aware": false,
          "Startup Cost": 627781.23,
          "Total Cost": 627781.74,
          "Plan Rows": 5,
          "Plan Width": 8,
          "Actual Startup Time": 6503.926,
          "Actual Total Time": 6619.651,
          "Actual Rows": 6,
          "Actual Loops": 1,
          "Workers Planned": 5,
          "Workers Launched": 5,
          "Single Copy": false,
          "Plans": [
            {
              "Node Type": "Aggregate",
              "Strategy": "Plain",
              "Partial Mode": "Partial",
              "Parent Relationship": "Outer",
              "Parallel Aware": false,
              "Startup Cost": 626781.23,
              "Total Cost": 626781.24,
              "Plan Rows": 1,
              "Plan Width": 8,
              "Actual Startup Time": 6486.303,
              "Actual Total Time": 6486.844,
              "Actual Rows": 1,
              "Actual Loops": 6,
              "Plans": [
                {
                  "Node Type": "Hash Join",
                  "Parent Relationship": "Outer",
                  "Parallel Aware": true,
                  "Join Type": "Inner",
                  "Startup Cost": 405374.7,
                  "Total Cost": 615526.15,
                  "Plan Rows": 4502031,
                  "Plan Width": 0,
                  "Actual Startup Time": 2015.772,
                  "Actual Total Time": 5526.258,
                  "Actual Rows": 24627286,
                  "Actual Loops": 6,
                  "Inner Unique": false,
                  "Hash Cond": "(mi.movie_id = t.id)",
                  "Plans": [
                    {
                      "Node Type": "Seq Scan",
                      "Parent Relationship": "Outer",
                      "Parallel Aware": true,
                      "Relation Name": "movie_info",
                      "Alias": "mi",
                      "Startup Cost": 0.0,
                      "Total Cost": 191560.33,
                      "Plan Rows": 2956733,
                      "Plan Width": 4,
                      "Actual Startup Time": 0.05,
                      "Actual Total Time": 314.89,
                      "Actual Rows": 2472620,
                      "Actual Loops": 6
                    },
                    {
                      "Node Type": "Hash",
                      "Parent Relationship": "Inner",
                      "Parallel Aware": true,
                      "Startup Cost": 397354.55,
                      "Total Cost": 397354.55,
                      "Plan Rows": 641612,
                      "Plan Width": 8,
                      "Actual Startup Time": 1987.847,
                      "Actual Total Time": 1988.387,
                      "Actual Rows": 744779,
                      "Actual Loops": 6,
                      "Hash Buckets": 8388608,
                      "Original Hash Buckets": 4194304,
                      "Hash Batches": 1,
                      "Original Hash Batches": 1,
                      "Peak Memory Usage": 273184,
                      "Plans": [
                        {
                          "Node Type": "Hash Join",
                          "Parent Relationship": "Outer",
                          "Parallel Aware": true,
                          "Join Type": "Inner",
                          "Startup Cost": 47494.35,
                          "Total Cost": 397354.55,
                          "Plan Rows": 641612,
                          "Plan Width": 8,
                          "Actual Startup Time": 519.227,
                          "Actual Total Time": 1555.201,
                          "Actual Rows": 744779,
                          "Actual Loops": 6,
                          "Inner Unique": true,
                          "Hash Cond": "(ci.movie_id = t.id)",
                          "Plans": [
                            {
                              "Node Type": "Seq Scan",
                              "Parent Relationship": "Outer",
                              "Parallel Aware": true,
                              "Relation Name": "cast_info",
                              "Alias": "ci",
                              "Startup Cost": 0.0,
                              "Total Cost": 343257.03,
                              "Plan Rows": 2515488,
                              "Plan Width": 4,
                              "Actual Startup Time": 382.297,
                              "Actual Total Time": 797.733,
                              "Actual Rows": 2551138,
                              "Actual Loops": 6,
                              "Filter": "((person_id > 282170) AND (role_id > 2))",
                              "Rows Removed by Filter": 3489586
                            },
                            {
                              "Node Type": "Hash",
                              "Parent Relationship": "Inner",
                              "Parallel Aware": true,
                              "Startup Cost": 45479.1,
                              "Total Cost": 45479.1,
                              "Plan Rows": 161220,
                              "Plan Width": 4,
                              "Actual Startup Time": 135.865,
                              "Actual Total Time": 135.866,
                              "Actual Rows": 109385,
                              "Actual Loops": 6,
                              "Hash Buckets": 1048576,
                              "Original Hash Buckets": 1048576,
                              "Hash Batches": 1,
                              "Original Hash Batches": 1,
                              "Peak Memory Usage": 33984,
                              "Plans": [
                                {
                                  "Node Type": "Seq Scan",
                                  "Parent Relationship": "Outer",
                                  "Parallel Aware": true,
                                  "Relation Name": "title",
                                  "Alias": "t",
                                  "Startup Cost": 0.0,
                                  "Total Cost": 45479.1,
                                  "Plan Rows": 161220,
                                  "Plan Width": 4,
                                  "Actual Startup Time": 45.29,
                                  "Actual Total Time": 89.281,
                                  "Actual Rows": 109385,
                                  "Actual Loops": 6,
                                  "Filter": "((production_year > 0) AND (kind_id = 1))",
                                  "Rows Removed by Filter": 312000
                                }
                              ]
                            }
                          ]
                        }
                      ]
                    }
                  ]
                }
              ]
            }
          ]
        }
      ]
    },
    "Planning Time": 1.138,
    "Triggers": [],
    "Execution Time": 6619.76
  }
]