[
  {
    "Plan": {
      "Node Type": "Aggregate",
      "Strategy": "Plain",
      "Partial Mode": "Finalize",
      "Parallel Aware": false,
      "Startup Cost": 461002.56,
      "Total Cost": 461002.57,
      "Plan Rows": 1,
      "Plan Width": 8,
      "Actual Startup Time": 3647.873,
      "Actual Total Time": 3714.609,
      "Actual Rows": 1,
      "Actual Loops": 1,
      "Plans": [
        {
          "Node Type": "Gather",
          "Parent Relationship": "Outer",
          "Parallel Aware": false,
          "Startup Cost": 461001.93,
          "Total Cost": 461002.54,
          "Plan Rows": 6,
          "Plan Width": 8,
          "Actual Startup Time": 3622.821,
          "Actual Total Time": 3714.584,
          "Actual Rows": 7,
          "Actual Loops": 1,
          "Workers Planned": 6,
          "Workers Launched": 6,
          "Single Copy": false,
          "Plans": [
            {
              "Node Type": "Aggregate",
              "Strategy": "Plain",
              "Partial Mode": "Partial",
              "Parent Relationship": "Outer",
              "Parallel Aware": false,
              "Startup Cost": 460001.93,
              "Total Cost": 460001.94,
              "Plan Rows": 1,
              "Plan Width": 8,
              "Actual Startup Time": 3607.988,
              "Actual Total Time": 3608.315,
              "Actual Rows": 1,
              "Actual Loops": 7,
              "Plans": [
                {
                  "Node Type": "Hash Join",
                  "Parent Relationship": "Outer",
                  "Parallel Aware": true,
                  "Join Type": "Inner",
                  "Startup Cost": 101610.82,
                  "Total Cost": 450098.7,
                  "Plan Rows": 3961292,
                  "Plan Width": 0,
                  "Actual Startup Time": 463.928,
                  "Actual Total Time": 3124.649,
                  "Actual Rows": 11418057,
                  "Actual Loops": 7,
                  "Inner Unique": false,
                  "Hash Cond": "(ci.movie_id = t.id)",
                  "Plans": [
                    {
                      "Node Type": "Seq Scan",
                      "Parent Relationship": "Outer",
                      "Parallel Aware": true,
                      "Relation Name": "cast_info",
                      "Alias": "ci",
                      "Startup Cost": 0.0,
                      "Total Cost": 313067.02,
                      "Plan Rows": 6038002,
                      "Plan Width": 4,
                      "Actual Startup Time": 0.022,
                      "Actual Total Time": 564.737,
                      "Actual Rows": 5177763,
                      "Actual Loops": 7
                    },
                    {
                      "Node Type": "Hash",
                      "Parent Relationship": "Inner",
                      "Parallel Aware": true,
                      "Startup Cost": 94922.47,
                      "Total Cost": 94922.47,
                      "Plan Rows": 535068,
                      "Plan Width": 8,
                      "Actual Startup Time": 459.053,
                      "Actual Total Time": 459.377,
                      "Actual Rows": 227476,
                      "Actual Loops": 7,
                      "Hash Buckets": 2097152,
                      "Original Hash Buckets": 2097152,
                      "Hash Batches": 1,
                      "Original Hash Batches": 1,
                      "Peak Memory Usage": 78784,
                      "Plans": [
                        {
                          "Node Type": "Hash Join",
                          "Parent Relationship": "Outer",
                          "Parallel Aware": true,
                          "Join Type": "Inner",
                          "Startup Cost": 50561.12,
                          "Total Cost": 94922.47,
                          "Plan Rows": 535068,
                          "Plan Width": 8,
                          "Actual Startup Time": 245.584,
                          "Actual Total Time": 385.456,
                          "Actual Rows": 227476,
                          "Actual Loops": 7,
                          "Inner Unique": true,
                          "Hash Cond": "(mk.movie_id = t.id)",
                          "Plans": [
                            {
                              "Node Type": "Seq Scan",
                              "Parent Relationship": "Outer",
                              "Parallel Aware": true,
                              "Relation Name": "movie_keyword",
                              "Alias": "mk",
                              "Startup Cost": 0.0,
                              "Total Cost": 42695.65,
                              "Plan Rows": 634554,
                              "Plan Width": 4,
                              "Actual Startup Time": 0.037,
                              "Actual Total Time": 74.346,
                              "Actual Rows": 282465,
                              "Actual Loops": 7,
                              "Filter": "(keyword_id < 3481)",
                              "Rows Removed by Filter": 363811
                            },
                            {
                              "Node Type": "Hash",
                              "Parent Relationship": "Inner",
                              "Parallel Aware": true,
                              "Startup Cost": 43898.92,
                              "Total Cost": 43898.92,
                              "Plan Rows": 532976,
                              "Plan Width": 4,
                              "Actual Startup Time": 241.739,
                              "Actual Total Time": 241.74,
                              "Actual Rows": 302625,
                              "Actual Loops": 7,
                              "Hash Buckets": 4194304,
                              "Original Hash Buckets": 4194304,
                              "Hash Batches": 1,
                              "Original Hash Batches": 1,
                              "Peak Memory Usage": 115776,
                              "Plans": [
                                {
                                  "Node Type": "Seq Scan",
                                  "Parent Relationship": "Outer",
                                  "Parallel Aware": true,
                                  "Relation Name": "title",
                                  "Alias": "t",
                                  "Startup Cost": 0.0,
                                  "Total Cost": 43898.92,
                                  "Plan Rows": 532976,
                                  "Plan Width": 4,
                                  "Actual Startup Time": 0.046,
                                  "Actual Total Time": 84.341,
                                  "Actual Rows": 302625,
                                  "Actual Loops": 7,
                                  "Filter": "(production_year > 1967)",
                                  "Rows Removed by Filter": 58563
                                }
                              ]
                            }
                          ]
                        }
                      ]
                    }
                  ]
                }
              ]
            }
          ]
        }
      ]
    },
    "Planning Time": 1.33,
    "Triggers": [],
    "Execution Time": 3714.703
  }
]