[
  {
    "Plan": {
      "Node Type": "Aggregate",
      "Strategy": "Plain",
      "Partial Mode": "Finalize",
      "Parallel Aware": false,
      "Startup Cost": 353808.07,
      "Total Cost": 353808.08,
      "Plan Rows": 1,
      "Plan Width": 8,
      "Actual Startup Time": 794.021,
      "Actual Total Time": 857.603,
      "Actual Rows": 1,
      "Actual Loops": 1,
      "Plans": [
        {
          "Node Type": "Gather",
          "Parent Relationship": "Outer",
          "Parallel Aware": false,
          "Startup Cost": 353807.44,
          "Total Cost": 353808.05,
          "Plan Rows": 6,
          "Plan Width": 8,
          "Actual Startup Time": 793.896,
          "Actual Total Time": 857.594,
          "Actual Rows": 7,
          "Actual Loops": 1,
          "Workers Planned": 6,
          "Workers Launched": 6,
          "Single Copy": false,
          "Plans": [
            {
              "Node Type": "Aggregate",
              "Strategy": "Plain",
              "Partial Mode": "Partial",
              "Parent Relationship": "Outer",
              "Parallel Aware": false,
              "Startup Cost": 352807.44,
              "Total Cost": 352807.45,
              "Plan Rows": 1,
              "Plan Width": 8,
              "Actual Startup Time": 786.414,
              "Actual Total Time": 786.415,
              "Actual Rows": 1,
              "Actual Loops": 7,
              "Plans": [
                {
                  "Node Type": "Seq Scan",
                  "Parent Relationship": "Outer",
                  "Parallel Aware": true,
                  "Relation Name": "cast_info",
                  "Alias": "ci",
                  "Startup Cost": 0.0,
                  "Total Cost": 343257.03,
                  "Plan Rows": 3820166,
                  "Plan Width": 0,
                  "Actual Startup Time": 120.982,
                  "Actual Total Time": 663.918,
                  "Actual Rows": 3153329,
                  "Actual Loops": 7,
                  "Filter": "((person_id > 980629) AND (role_id < 10))",
                  "Rows Removed by Filter": 2024435
                }
              ]
            }
          ]
        }
      ]
    },
    "Planning Time": 0.13,
    "Triggers": [],
    "Execution Time": 857.656
  }
]