[
  {
    "Plan": {
      "Node Type": "Aggregate",
      "Strategy": "Plain",
      "Partial Mode": "Finalize",
      "Parallel Aware": false,
      "Startup Cost": 62411.92,
      "Total Cost": 62411.93,
      "Plan Rows": 1,
      "Plan Width": 8,
      "Actual Startup Time": 254.071,
      "Actual Total Time": 269.723,
      "Actual Rows": 1,
      "Actual Loops": 1,
      "Plans": [
        {
          "Node Type": "Gather",
          "Parent Relationship": "Outer",
          "Parallel Aware": false,
          "Startup Cost": 62411.7,
          "Total Cost": 62411.91,
          "Plan Rows": 2,
          "Plan Width": 8,
          "Actual Startup Time": 252.577,
          "Actual Total Time": 269.713,
          "Actual Rows": 3,
          "Actual Loops": 1,
          "Workers Planned": 2,
          "Workers Launched": 2,
          "Single Copy": false,
          "Plans": [
            {
              "Node Type": "Aggregate",
              "Strategy": "Plain",
              "Partial Mode": "Partial",
              "Parent Relationship": "Outer",
              "Parallel Aware": false,
              "Startup Cost": 61411.7,
              "Total Cost": 61411.71,
              "Plan Rows": 1,
              "Plan Width": 8,
              "Actual Startup Time": 249.42,
              "Actual Total Time": 249.52,
              "Actual Rows": 1,
              "Actual Loops": 3,
              "Plans": [
                {
                  "Node Type": "Hash Join",
                  "Parent Relationship": "Outer",
                  "Parallel Aware": true,
                  "Join Type": "Inner",
                  "Startup Cost": 46103.61,
                  "Total Cost": 61298.17,
                  "Plan Rows": 45412,
                  "Plan Width": 0,
                  "Actual Startup Time": 182.416,
                  "Actual Total Time": 245.359,
                  "Actual Rows": 101303,
                  "Actual Loops": 3,
                  "Inner Unique": true,
                  "Hash Cond": "(mi_idx.movie_id = t.id)",
                  "Plans": [
                    {
                      "Node Type": "Seq Scan",
                      "Parent Relationship": "Outer",
                      "Parallel Aware": true,
                      "Relation Name": "movie_info_idx",
                      "Alias": "mi_idx",
                      "Startup Cost": 0.0,
                      "Total Cost": 13685.15,
                      "Plan Rows": 575015,
                      "Plan Width": 4,
                      "Actual Startup Time": 0.009,
                      "Actual Total Time": 37.122,
                      "Actual Rows": 460012,
                      "Actual Loops": 3
                    },
                    {
                      "Node Type": "Hash",
                      "Parent Relationship": "Inner",
                      "Parallel Aware": true,
                      "Startup Cost": 45479.59,
                      "Total Cost": 45479.59,
                      "Plan Rows": 49922,
                      "Plan Width": 4,
                      "Actual Startup Time": 146.483,
                      "Actual Total Time": 146.484,
                      "Actual Rows": 112097,
                      "Actual Loops": 3,
                      "Hash Buckets": 524288,
                      "Original Hash Buckets": 262144,
                      "Hash Batches": 1,
                      "Original Hash Batches": 1,
                      "Peak Memory Usage": 19360,
                      "Plans": [
                        {
                          "Node Type": "Seq Scan",
                          "Parent Relationship": "Outer",
                          "Parallel Aware": true,
                          "Relation Name": "title",
                          "Alias": "t",
                          "Startup Cost": 0.0,
                          "Total Cost": 45479.59,
                          "Plan Rows": 49922,
                          "Plan Width": 4,
                          "Actual Startup Time": 58.678,
                          "Actual Total Time": 107.675,
                          "Actual Rows": 112097,
                          "Actual Loops": 3,
                          "Filter": "((production_year < 1994) AND (kind_id = 1))",
                          "Rows Removed by Filter": 730674
                        }
                      ]
                    }
                  ]
                }
              ]
            }
          ]
        }
      ]
    },
    "Planning Time": 0.303,
    "Triggers": [],
    "Execution Time": 269.766
  }
]