{
  "Plan": {
    "Node Type": "Aggregate",
    "Strategy": "Plain",
    "Partial Mode": "Finalize",
    "Parallel Aware": false,
    "Startup Cost": 456941.96,
    "Total Cost": 456941.97,
    "Plan Rows": 1,
    "Plan Width": 8,
    "Actual Startup Time": 2422.166,
    "Actual Total Time": 2478.067,
    "Actual Rows": 1,
    "Actual Loops": 1,
    "Plans": [
      {
        "Node Type": "Gather",
        "Parent Relationship": "Outer",
        "Parallel Aware": false,
        "Startup Cost": 456941.85,
        "Total Cost": 456941.96,
        "Plan Rows": 1,
        "Plan Width": 8,
        "Actual Startup Time": 2417.835,
        "Actual Total Time": 2478.058,
        "Actual Rows": 2,
        "Actual Loops": 1,
        "Workers Planned": 1,
        "Workers Launched": 1,
        "Single Copy": false,
        "Plans": [
          {
            "Node Type": "Aggregate",
            "Strategy": "Plain",
            "Partial Mode": "Partial",
            "Parent Relationship": "Outer",
            "Parallel Aware": false,
            "Startup Cost": 455941.85,
            "Total Cost": 455941.86,
            "Plan Rows": 1,
            "Plan Width": 8,
            "Actual Startup Time": 2412.324,
            "Actual Total Time": 2413.24,
            "Actual Rows": 1,
            "Actual Loops": 2,
            "Plans": [
              {
                "Node Type": "Hash Join",
                "Parent Relationship": "Outer",
                "Parallel Aware": true,
                "Join Type": "Inner",
                "Startup Cost": 134728.1,
                "Total Cost": 449248.14,
                "Plan Rows": 2677481,
                "Plan Width": 0,
                "Actual Startup Time": 695.597,
                "Actual Total Time": 2294.224,
                "Actual Rows": 2797581,
                "Actual Loops": 2,
                "Inner Unique": false,
                "Hash Cond": "(mi.movie_id = t.id)",
                "Plans": [
                  {
                    "Node Type": "Seq Scan",
                    "Parent Relationship": "Outer",
                    "Parallel Aware": true,
                    "Relation Name": "movie_info",
                    "Alias": "mi",
                    "Startup Cost": 0.0,
                    "Total Cost": 270696.42,
                    "Plan Rows": 7486332,
                    "Plan Width": 4,
                    "Actual Startup Time": 0.028,
                    "Actual Total Time": 759.317,
                    "Actual Rows": 6372326,
                    "Actual Loops": 2,
                    "Filter": "(info_type_id > 2)",
                    "Rows Removed by Filter": 1045534
                  },
                  {
                    "Node Type": "Hash",
                    "Parent Relationship": "Inner",
                    "Parallel Aware": true,
                    "Startup Cost": 128079.26,
                    "Total Cost": 128079.26,
                    "Plan Rows": 531907,
                    "Plan Width": 8,
                    "Actual Startup Time": 685.495,
                    "Actual Total Time": 686.41,
                    "Actual Rows": 244013,
                    "Actual Loops": 2,
                    "Hash Buckets": 1048576,
                    "Original Hash Buckets": 1048576,
                    "Hash Batches": 1,
                    "Original Hash Batches": 1,
                    "Peak Memory Usage": 27328,
                    "Plans": [
                      {
                        "Node Type": "Hash Join",
                        "Parent Relationship": "Outer",
                        "Parallel Aware": true,
                        "Join Type": "Inner",
                        "Startup Cost": 67554.24,
                        "Total Cost": 128079.26,
                        "Plan Rows": 531907,
                        "Plan Width": 8,
                        "Actual Startup Time": 340.2,
                        "Actual Total Time": 634.593,
                        "Actual Rows": 244013,
                        "Actual Loops": 2,
                        "Inner Unique": true,
                        "Hash Cond": "(mk.movie_id = t.id)",
                        "Plans": [
                          {
                            "Node Type": "Seq Scan",
                            "Parent Relationship": "Outer",
                            "Parallel Aware": true,
                            "Relation Name": "movie_keyword",
                            "Alias": "mk",
                            "Startup Cost": 0.0,
                            "Total Cost": 57718.19,
                            "Plan Rows": 1069268,
                            "Plan Width": 4,
                            "Actual Startup Time": 0.652,
                            "Actual Total Time": 174.478,
                            "Actual Rows": 914372,
                            "Actual Loops": 2,
                            "Filter": "(keyword_id > 7632)",
                            "Rows Removed by Filter": 1347594
                          },
                          {
                            "Node Type": "Hash",
                            "Parent Relationship": "Inner",
                            "Parallel Aware": true,
                            "Startup Cost": 58306.47,
                            "Total Cost": 58306.47,
                            "Plan Rows": 739822,
                            "Plan Width": 4,
                            "Actual Startup Time": 329.923,
                            "Actual Total Time": 329.923,
                            "Actual Rows": 614605,
                            "Actual Loops": 2,
                            "Hash Buckets": 2097152,
                            "Original Hash Buckets": 2097152,
                            "Hash Batches": 1,
                            "Original Hash Batches": 1,
                            "Peak Memory Usage": 64512,
                            "Plans": [
                              {
                                "Node Type": "Seq Scan",
                                "Parent Relationship": "Outer",
                                "Parallel Aware": true,
                                "Relation Name": "title",
                                "Alias": "t",
                                "Startup Cost": 0.0,
                                "Total Cost": 58306.47,
                                "Plan Rows": 739822,
                                "Plan Width": 4,
                                "Actual Startup Time": 0.045,
                                "Actual Total Time": 164.865,
                                "Actual Rows": 614605,
                                "Actual Loops": 2,
                                "Filter": "((kind_id > 2) AND (production_year < 2009))",
                                "Rows Removed by Filter": 649551
                              }
                            ]
                          }
                        ]
                      }
                    ]
                  }
                ]
              }
            ]
          }
        ]
      }
    ]
  },
  "Planning Time": 1.008,
  "Triggers": [],
  "Execution Time": 2478.157
}