{
  "Plan": {
    "Node Type": "Aggregate",
    "Strategy": "Plain",
    "Partial Mode": "Finalize",
    "Parallel Aware": false,
    "Startup Cost": 84754.1,
    "Total Cost": 84754.11,
    "Plan Rows": 1,
    "Plan Width": 8,
    "Actual Startup Time": 328.861,
    "Actual Total Time": 340.595,
    "Actual Rows": 1,
    "Actual Loops": 1,
    "Plans": [
      {
        "Node Type": "Gather",
        "Parent Relationship": "Outer",
        "Parallel Aware": false,
        "Startup Cost": 84753.98,
        "Total Cost": 84754.09,
        "Plan Rows": 1,
        "Plan Width": 8,
        "Actual Startup Time": 328.469,
        "Actual Total Time": 340.587,
        "Actual Rows": 2,
        "Actual Loops": 1,
        "Workers Planned": 1,
        "Workers Launched": 1,
        "Single Copy": false,
        "Plans": [
          {
            "Node Type": "Aggregate",
            "Strategy": "Plain",
            "Partial Mode": "Partial",
            "Parent Relationship": "Outer",
            "Parallel Aware": false,
            "Startup Cost": 83753.98,
            "Total Cost": 83753.99,
            "Plan Rows": 1,
            "Plan Width": 8,
            "Actual Startup Time": 325.801,
            "Actual Total Time": 325.805,
            "Actual Rows": 1,
            "Actual Loops": 2,
            "Plans": [
              {
                "Node Type": "Hash Join",
                "Parent Relationship": "Outer",
                "Parallel Aware": true,
                "Join Type": "Inner",
                "Startup Cost": 23260.29,
                "Total Cost": 83656.1,
                "Plan Rows": 39152,
                "Plan Width": 0,
                "Actual Startup Time": 219.676,
                "Actual Total Time": 323.109,
                "Actual Rows": 63506,
                "Actual Loops": 2,
                "Inner Unique": false,
                "Hash Cond": "(t.id = mc.movie_id)",
                "Plans": [
                  {
                    "Node Type": "Seq Scan",
                    "Parent Relationship": "Outer",
                    "Parallel Aware": true,
                    "Relation Name": "title",
                    "Alias": "t",
                    "Startup Cost": 0.0,
                    "Total Cost": 50870.31,
                    "Plan Rows": 1487231,
                    "Plan Width": 4,
                    "Actual Startup Time": 0.009,
                    "Actual Total Time": 116.579,
                    "Actual Rows": 1264156,
                    "Actual Loops": 2
                  },
                  {
                    "Node Type": "Hash",
                    "Parent Relationship": "Inner",
                    "Parallel Aware": true,
                    "Startup Cost": 22770.89,
                    "Total Cost": 22770.89,
                    "Plan Rows": 39152,
                    "Plan Width": 4,
                    "Actual Startup Time": 41.519,
                    "Actual Total Time": 41.52,
                    "Actual Rows": 63506,
                    "Actual Loops": 2,
                    "Hash Buckets": 131072,
                    "Original Hash Buckets": 131072,
                    "Hash Batches": 1,
                    "Original Hash Batches": 1,
                    "Peak Memory Usage": 6048,
                    "Plans": [
                      {
                        "Node Type": "Bitmap Heap Scan",
                        "Parent Relationship": "Outer",
                        "Parallel Aware": true,
                        "Relation Name": "movie_companies",
                        "Alias": "mc",
                        "Startup Cost": 2824.23,
                        "Total Cost": 22770.89,
                        "Plan Rows": 39152,
                        "Plan Width": 4,
                        "Actual Startup Time": 6.662,
                        "Actual Total Time": 27.813,
                        "Actual Rows": 63506,
                        "Actual Loops": 2,
                        "Recheck Cond": "(company_id > 142725)",
                        "Rows Removed by Index Recheck": 0,
                        "Filter": "(company_type_id = 2)",
                        "Rows Removed by Filter": 0,
                        "Exact Heap Blocks": 2502,
                        "Lossy Heap Blocks": 0,
                        "Plans": [
                          {
                            "Node Type": "Bitmap Index Scan",
                            "Parent Relationship": "Outer",
                            "Parallel Aware": false,
                            "Index Name": "company_id_movie_companies",
                            "Startup Cost": 0.0,
                            "Total Cost": 2807.59,
                            "Plan Rows": 131088,
                            "Plan Width": 0,
                            "Actual Startup Time": 7.718,
                            "Actual Total Time": 7.718,
                            "Actual Rows": 127013,
                            "Actual Loops": 1,
                            "Index Cond": "(company_id > 142725)"
                          }
                        ]
                      }
                    ]
                  }
                ]
              }
            ]
          }
        ]
      }
    ]
  },
  "Planning Time": 0.196,
  "Triggers": [],
  "Execution Time": 340.642
}