{
  "Plan": {
    "Node Type": "Aggregate",
    "Strategy": "Plain",
    "Partial Mode": "Finalize",
    "Parallel Aware": false,
    "Startup Cost": 1476703.4,
    "Total Cost": 1476703.41,
    "Plan Rows": 1,
    "Plan Width": 8,
    "Actual Startup Time": 9701.991,
    "Actual Total Time": 9758.997,
    "Actual Rows": 1,
    "Actual Loops": 1,
    "Plans": [
      {
        "Node Type": "Gather",
        "Parent Relationship": "Outer",
        "Parallel Aware": false,
        "Startup Cost": 1476703.28,
        "Total Cost": 1476703.39,
        "Plan Rows": 1,
        "Plan Width": 8,
        "Actual Startup Time": 9701.981,
        "Actual Total Time": 9758.988,
        "Actual Rows": 2,
        "Actual Loops": 1,
        "Workers Planned": 1,
        "Workers Launched": 1,
        "Single Copy": false,
        "Plans": [
          {
            "Node Type": "Aggregate",
            "Strategy": "Plain",
            "Partial Mode": "Partial",
            "Parent Relationship": "Outer",
            "Parallel Aware": false,
            "Startup Cost": 1475703.28,
            "Total Cost": 1475703.29,
            "Plan Rows": 1,
            "Plan Width": 8,
            "Actual Startup Time": 9695.869,
            "Actual Total Time": 9695.871,
            "Actual Rows": 1,
            "Actual Loops": 2,
            "Plans": [
              {
                "Node Type": "Merge Join",
                "Parent Relationship": "Outer",
                "Parallel Aware": false,
                "Join Type": "Inner",
                "Startup Cost": 28.87,
                "Total Cost": 1463316.92,
                "Plan Rows": 4954545,
                "Plan Width": 0,
                "Actual Startup Time": 6.308,
                "Actual Total Time": 8911.603,
                "Actual Rows": 19062163,
                "Actual Loops": 2,
                "Inner Unique": false,
                "Merge Cond": "(t.id = mc.movie_id)",
                "Plans": [
                  {
                    "Node Type": "Merge Join",
                    "Parent Relationship": "Outer",
                    "Parallel Aware": false,
                    "Join Type": "Inner",
                    "Startup Cost": 3.34,
                    "Total Cost": 1227203.92,
                    "Plan Rows": 6588215,
                    "Plan Width": 8,
                    "Actual Startup Time": 5.674,
                    "Actual Total Time": 5264.044,
                    "Actual Rows": 5044593,
                    "Actual Loops": 2,
                    "Inner Unique": true,
                    "Merge Cond": "(mi.movie_id = t.id)",
                    "Plans": [
                      {
                        "Node Type": "Index Only Scan",
                        "Parent Relationship": "Outer",
                        "Parallel Aware": true,
                        "Scan Direction": "Forward",
                        "Index Name": "movie_id_movie_info",
                        "Relation Name": "movie_info",
                        "Alias": "mi",
                        "Startup Cost": 0.43,
                        "Total Cost": 1018223.42,
                        "Plan Rows": 8696274,
                        "Plan Width": 4,
                        "Actual Startup Time": 0.094,
                        "Actual Total Time": 2826.566,
                        "Actual Rows": 7417233,
                        "Actual Loops": 2,
                        "Heap Fetches": 14834466
                      },
                      {
                        "Node Type": "Index Scan",
                        "Parent Relationship": "Inner",
                        "Parallel Aware": false,
                        "Scan Direction": "Forward",
                        "Index Name": "title_pkey",
                        "Relation Name": "title",
                        "Alias": "t",
                        "Startup Cost": 0.43,
                        "Total Cost": 116660.7,
                        "Plan Rows": 1915411,
                        "Plan Width": 4,
                        "Actual Startup Time": 0.103,
                        "Actual Total Time": 1647.536,
                        "Actual Rows": 1902531,
                        "Actual Loops": 2,
                        "Filter": "(production_year > 1982)",
                        "Rows Removed by Filter": 623246
                      }
                    ]
                  },
                  {
                    "Node Type": "Materialize",
                    "Parent Relationship": "Inner",
                    "Parallel Aware": false,
                    "Startup Cost": 0.43,
                    "Total Cost": 151335.66,
                    "Plan Rows": 1901356,
                    "Plan Width": 4,
                    "Actual Startup Time": 0.082,
                    "Actual Total Time": 1581.822,
                    "Actual Rows": 20352363,
                    "Actual Loops": 2,
                    "Plans": [
                      {
                        "Node Type": "Index Scan",
                        "Parent Relationship": "Outer",
                        "Parallel Aware": false,
                        "Scan Direction": "Forward",
                        "Index Name": "movie_id_movie_companies",
                        "Relation Name": "movie_companies",
                        "Alias": "mc",
                        "Startup Cost": 0.43,
                        "Total Cost": 146582.27,
                        "Plan Rows": 1901356,
                        "Plan Width": 4,
                        "Actual Startup Time": 0.072,
                        "Actual Total Time": 769.016,
                        "Actual Rows": 1904688,
                        "Actual Loops": 2,
                        "Filter": "(company_id > 1310)",
                        "Rows Removed by Filter": 704441
                      }
                    ]
                  }
                ]
              }
            ]
          }
        ]
      }
    ]
  },
  "Planning Time": 1.094,
  "Triggers": [],
  "Execution Time": 9759.141
}