[
  {
    "Plan": {
      "Node Type": "Aggregate",
      "Strategy": "Plain",
      "Partial Mode": "Finalize",
      "Parallel Aware": false,
      "Startup Cost": 30446.78,
      "Total Cost": 30446.79,
      "Plan Rows": 1,
      "Plan Width": 8,
      "Actual Startup Time": 95.31,
      "Actual Total Time": 99.959,
      "Actual Rows": 1,
      "Actual Loops": 1,
      "Plans": [
        {
          "Node Type": "Gather",
          "Parent Relationship": "Outer",
          "Parallel Aware": false,
          "Startup Cost": 30446.46,
          "Total Cost": 30446.77,
          "Plan Rows": 3,
          "Plan Width": 8,
          "Actual Startup Time": 95.129,
          "Actual Total Time": 99.95,
          "Actual Rows": 4,
          "Actual Loops": 1,
          "Workers Planned": 3,
          "Workers Launched": 3,
          "Single Copy": false,
          "Plans": [
            {
              "Node Type": "Aggregate",
              "Strategy": "Plain",
              "Partial Mode": "Partial",
              "Parent Relationship": "Outer",
              "Parallel Aware": false,
              "Startup Cost": 29446.46,
              "Total Cost": 29446.47,
              "Plan Rows": 1,
              "Plan Width": 8,
              "Actual Startup Time": 76.716,
              "Actual Total Time": 76.717,
              "Actual Rows": 1,
              "Actual Loops": 4,
              "Plans": [
                {
                  "Node Type": "Bitmap Heap Scan",
                  "Parent Relationship": "Outer",
                  "Parallel Aware": true,
                  "Relation Name": "movie_companies",
                  "Alias": "mc",
                  "Startup Cost": 8569.43,
                  "Total Cost": 29283.63,
                  "Plan Rows": 65132,
                  "Plan Width": 0,
                  "Actual Startup Time": 25.577,
                  "Actual Total Time": 69.079,
                  "Actual Rows": 100592,
                  "Actual Loops": 4,
                  "Recheck Cond": "(company_id > 81952)",
                  "Rows Removed by Index Recheck": 0,
                  "Filter": "(company_type_id = 2)",
                  "Rows Removed by Filter": 0,
                  "Exact Heap Blocks": 2647,
                  "Lossy Heap Blocks": 0,
                  "Plans": [
                    {
                      "Node Type": "Bitmap Index Scan",
                      "Parent Relationship": "Outer",
                      "Parallel Aware": false,
                      "Index Name": "company_id_movie_companies",
                      "Startup Cost": 0.0,
                      "Total Cost": 8518.95,
                      "Plan Rows": 397669,
                      "Plan Width": 0,
                      "Actual Startup Time": 41.789,
                      "Actual Total Time": 41.79,
                      "Actual Rows": 402367,
                      "Actual Loops": 1,
                      "Index Cond": "(company_id > 81952)"
                    }
                  ]
                }
              ]
            }
          ]
        }
      ]
    },
    "Planning Time": 0.215,
    "Triggers": [],
    "Execution Time": 100.036
  }
]