[
  {
    "Plan": {
      "Node Type": "Aggregate",
      "Strategy": "Plain",
      "Partial Mode": "Finalize",
      "Parallel Aware": false,
      "Startup Cost": 324405.85,
      "Total Cost": 324405.86,
      "Plan Rows": 1,
      "Plan Width": 8,
      "Actual Startup Time": 276.232,
      "Actual Total Time": 290.217,
      "Actual Rows": 1,
      "Actual Loops": 1,
      "Plans": [
        {
          "Node Type": "Gather",
          "Parent Relationship": "Outer",
          "Parallel Aware": false,
          "Startup Cost": 324405.23,
          "Total Cost": 324405.84,
          "Plan Rows": 6,
          "Plan Width": 8,
          "Actual Startup Time": 275.067,
          "Actual Total Time": 290.196,
          "Actual Rows": 7,
          "Actual Loops": 1,
          "Workers Planned": 6,
          "Workers Launched": 6,
          "Single Copy": false,
          "Plans": [
            {
              "Node Type": "Aggregate",
              "Strategy": "Plain",
              "Partial Mode": "Partial",
              "Parent Relationship": "Outer",
              "Parallel Aware": false,
              "Startup Cost": 323405.23,
              "Total Cost": 323405.24,
              "Plan Rows": 1,
              "Plan Width": 8,
              "Actual Startup Time": 265.412,
              "Actual Total Time": 265.414,
              "Actual Rows": 1,
              "Actual Loops": 7,
              "Plans": [
                {
                  "Node Type": "Bitmap Heap Scan",
                  "Parent Relationship": "Outer",
                  "Parallel Aware": true,
                  "Relation Name": "cast_info",
                  "Alias": "ci",
                  "Startup Cost": 63099.61,
                  "Total Cost": 322984.89,
                  "Plan Rows": 168136,
                  "Plan Width": 0,
                  "Actual Startup Time": 118.971,
                  "Actual Total Time": 247.259,
                  "Actual Rows": 306260,
                  "Actual Loops": 7,
                  "Recheck Cond": "(person_id < 289348)",
                  "Rows Removed by Index Recheck": 0,
                  "Filter": "(role_id < 2)",
                  "Rows Removed by Filter": 118762,
                  "Exact Heap Blocks": 7485,
                  "Lossy Heap Blocks": 0,
                  "Plans": [
                    {
                      "Node Type": "Bitmap Index Scan",
                      "Parent Relationship": "Outer",
                      "Parallel Aware": false,
                      "Index Name": "person_id_cast_info",
                      "Startup Cost": 0.0,
                      "Total Cost": 62847.4,
                      "Plan Rows": 2879312,
                      "Plan Width": 0,
                      "Actual Startup Time": 122.378,
                      "Actual Total Time": 122.379,
                      "Actual Rows": 2975155,
                      "Actual Loops": 1,
                      "Index Cond": "(person_id < 289348)"
                    }
                  ]
                }
              ]
            }
          ]
        }
      ]
    },
    "Planning Time": 0.267,
    "Triggers": [],
    "Execution Time": 290.3
  }
]