[
  {
    "Plan": {
      "Node Type": "Aggregate",
      "Strategy": "Plain",
      "Partial Mode": "Finalize",
      "Parallel Aware": false,
      "Startup Cost": 325595.32,
      "Total Cost": 325595.33,
      "Plan Rows": 1,
      "Plan Width": 8,
      "Actual Startup Time": 378.305,
      "Actual Total Time": 390.657,
      "Actual Rows": 1,
      "Actual Loops": 1,
      "Plans": [
        {
          "Node Type": "Gather",
          "Parent Relationship": "Outer",
          "Parallel Aware": false,
          "Startup Cost": 325594.7,
          "Total Cost": 325595.3,
          "Plan Rows": 6,
          "Plan Width": 8,
          "Actual Startup Time": 377.373,
          "Actual Total Time": 390.647,
          "Actual Rows": 7,
          "Actual Loops": 1,
          "Workers Planned": 6,
          "Workers Launched": 6,
          "Single Copy": false,
          "Plans": [
            {
              "Node Type": "Aggregate",
              "Strategy": "Plain",
              "Partial Mode": "Partial",
              "Parent Relationship": "Outer",
              "Parallel Aware": false,
              "Startup Cost": 324594.7,
              "Total Cost": 324594.71,
              "Plan Rows": 1,
              "Plan Width": 8,
              "Actual Startup Time": 367.246,
              "Actual Total Time": 367.248,
              "Actual Rows": 1,
              "Actual Loops": 7,
              "Plans": [
                {
                  "Node Type": "Bitmap Heap Scan",
                  "Parent Relationship": "Outer",
                  "Parallel Aware": true,
                  "Relation Name": "cast_info",
                  "Alias": "ci",
                  "Startup Cost": 64169.91,
                  "Total Cost": 324174.7,
                  "Plan Rows": 168000,
                  "Plan Width": 0,
                  "Actual Startup Time": 197.817,
                  "Actual Total Time": 345.736,
                  "Actual Rows": 306260,
                  "Actual Loops": 7,
                  "Recheck Cond": "(person_id < 289348)",
                  "Rows Removed by Index Recheck": 0,
                  "Filter": "(role_id < 2)",
                  "Rows Removed by Filter": 118762,
                  "Exact Heap Blocks": 5885,
                  "Lossy Heap Blocks": 0,
                  "Plans": [
                    {
                      "Node Type": "Bitmap Index Scan",
                      "Parent Relationship": "Outer",
                      "Parallel Aware": false,
                      "Index Name": "person_id_cast_info",
                      "Startup Cost": 0.0,
                      "Total Cost": 63917.91,
                      "Plan Rows": 2927113,
                      "Plan Width": 0,
                      "Actual Startup Time": 198.518,
                      "Actual Total Time": 198.519,
                      "Actual Rows": 2975155,
                      "Actual Loops": 1,
                      "Index Cond": "(person_id < 289348)"
                    }
                  ]
                }
              ]
            }
          ]
        }
      ]
    },
    "Planning Time": 0.241,
    "Triggers": [],
    "Execution Time": 390.74
  }
]