[
  {
    "Plan": {
      "Node Type": "Aggregate",
      "Strategy": "Plain",
      "Partial Mode": "Finalize",
      "Parallel Aware": false,
      "Startup Cost": 46481.62,
      "Total Cost": 46481.63,
      "Plan Rows": 1,
      "Plan Width": 8,
      "Actual Startup Time": 92.685,
      "Actual Total Time": 103.597,
      "Actual Rows": 1,
      "Actual Loops": 1,
      "Plans": [
        {
          "Node Type": "Gather",
          "Parent Relationship": "Outer",
          "Parallel Aware": false,
          "Startup Cost": 46481.2,
          "Total Cost": 46481.61,
          "Plan Rows": 4,
          "Plan Width": 8,
          "Actual Startup Time": 92.502,
          "Actual Total Time": 103.588,
          "Actual Rows": 5,
          "Actual Loops": 1,
          "Workers Planned": 4,
          "Workers Launched": 4,
          "Single Copy": false,
          "Plans": [
            {
              "Node Type": "Aggregate",
              "Strategy": "Plain",
              "Partial Mode": "Partial",
              "Parent Relationship": "Outer",
              "Parallel Aware": false,
              "Startup Cost": 45481.2,
              "Total Cost": 45481.21,
              "Plan Rows": 1,
              "Plan Width": 8,
              "Actual Startup Time": 84.606,
              "Actual Total Time": 84.607,
              "Actual Rows": 1,
              "Actual Loops": 5,
              "Plans": [
                {
                  "Node Type": "Seq Scan",
                  "Parent Relationship": "Outer",
                  "Parallel Aware": true,
                  "Relation Name": "title",
                  "Alias": "t",
                  "Startup Cost": 0.0,
                  "Total Cost": 45479.59,
                  "Plan Rows": 647,
                  "Plan Width": 0,
                  "Actual Startup Time": 8.694,
                  "Actual Total Time": 84.583,
                  "Actual Rows": 60,
                  "Actual Loops": 5,
                  "Filter": "((kind_id > 1) AND (production_year > 2013))",
                  "Rows Removed by Filter": 505603
                }
              ]
            }
          ]
        }
      ]
    },
    "Planning Time": 0.088,
    "Triggers": [],
    "Execution Time": 103.628
  }
]