[
  {
    "Plan": {
      "Node Type": "Aggregate",
      "Strategy": "Plain",
      "Partial Mode": "Finalize",
      "Parallel Aware": false,
      "Startup Cost": 335909.72,
      "Total Cost": 335909.73,
      "Plan Rows": 1,
      "Plan Width": 8,
      "Actual Startup Time": 861.432,
      "Actual Total Time": 913.803,
      "Actual Rows": 1,
      "Actual Loops": 1,
      "Plans": [
        {
          "Node Type": "Gather",
          "Parent Relationship": "Outer",
          "Parallel Aware": false,
          "Startup Cost": 335909.1,
          "Total Cost": 335909.71,
          "Plan Rows": 6,
          "Plan Width": 8,
          "Actual Startup Time": 861.095,
          "Actual Total Time": 913.791,
          "Actual Rows": 7,
          "Actual Loops": 1,
          "Workers Planned": 6,
          "Workers Launched": 6,
          "Single Copy": false,
          "Plans": [
            {
              "Node Type": "Aggregate",
              "Strategy": "Plain",
              "Partial Mode": "Partial",
              "Parent Relationship": "Outer",
              "Parallel Aware": false,
              "Startup Cost": 334909.1,
              "Total Cost": 334909.11,
              "Plan Rows": 1,
              "Plan Width": 8,
              "Actual Startup Time": 854.704,
              "Actual Total Time": 854.706,
              "Actual Rows": 1,
              "Actual Loops": 7,
              "Plans": [
                {
                  "Node Type": "Seq Scan",
                  "Parent Relationship": "Outer",
                  "Parallel Aware": true,
                  "Relation Name": "cast_info",
                  "Alias": "ci",
                  "Startup Cost": 0.0,
                  "Total Cost": 328211.39,
                  "Plan Rows": 2679083,
                  "Plan Width": 0,
                  "Actual Startup Time": 267.899,
                  "Actual Total Time": 712.729,
                  "Actual Rows": 2257333,
                  "Actual Loops": 7,
                  "Filter": "(person_id > 2056985)",
                  "Rows Removed by Filter": 2920430
                }
              ]
            }
          ]
        }
      ]
    },
    "Planning Time": 0.209,
    "Triggers": [],
    "Execution Time": 913.883
  }
]