[
  {
    "Plan": {
      "Node Type": "Aggregate",
      "Strategy": "Plain",
      "Partial Mode": "Finalize",
      "Parallel Aware": false,
      "Startup Cost": 46486.47,
      "Total Cost": 46486.48,
      "Plan Rows": 1,
      "Plan Width": 8,
      "Actual Startup Time": 87.93,
      "Actual Total Time": 98.99,
      "Actual Rows": 1,
      "Actual Loops": 1,
      "Plans": [
        {
          "Node Type": "Gather",
          "Parent Relationship": "Outer",
          "Parallel Aware": false,
          "Startup Cost": 46486.05,
          "Total Cost": 46486.46,
          "Plan Rows": 4,
          "Plan Width": 8,
          "Actual Startup Time": 87.739,
          "Actual Total Time": 98.979,
          "Actual Rows": 5,
          "Actual Loops": 1,
          "Workers Planned": 4,
          "Workers Launched": 4,
          "Single Copy": false,
          "Plans": [
            {
              "Node Type": "Aggregate",
              "Strategy": "Plain",
              "Partial Mode": "Partial",
              "Parent Relationship": "Outer",
              "Parallel Aware": false,
              "Startup Cost": 45486.05,
              "Total Cost": 45486.06,
              "Plan Rows": 1,
              "Plan Width": 8,
              "Actual Startup Time": 81.449,
              "Actual Total Time": 81.45,
              "Actual Rows": 1,
              "Actual Loops": 5,
              "Plans": [
                {
                  "Node Type": "Seq Scan",
                  "Parent Relationship": "Outer",
                  "Parallel Aware": true,
                  "Relation Name": "title",
                  "Alias": "t",
                  "Startup Cost": 0.0,
                  "Total Cost": 45479.59,
                  "Plan Rows": 2584,
                  "Plan Width": 0,
                  "Actual Startup Time": 0.151,
                  "Actual Total Time": 81.194,
                  "Actual Rows": 2110,
                  "Actual Loops": 5,
                  "Filter": "((kind_id > 1) AND (production_year = 1967))",
                  "Rows Removed by Filter": 503553
                }
              ]
            }
          ]
        }
      ]
    },
    "Planning Time": 0.091,
    "Triggers": [],
    "Execution Time": 99.024
  }
]