[
  {
    "Plan": {
      "Node Type": "Aggregate",
      "Strategy": "Plain",
      "Partial Mode": "Finalize",
      "Parallel Aware": false,
      "Startup Cost": 298001.91,
      "Total Cost": 298001.92,
      "Plan Rows": 1,
      "Plan Width": 8,
      "Actual Startup Time": 2488.717,
      "Actual Total Time": 2573.54,
      "Actual Rows": 1,
      "Actual Loops": 1,
      "Plans": [
        {
          "Node Type": "Gather",
          "Parent Relationship": "Outer",
          "Parallel Aware": false,
          "Startup Cost": 298001.39,
          "Total Cost": 298001.9,
          "Plan Rows": 5,
          "Plan Width": 8,
          "Actual Startup Time": 2485.242,
          "Actual Total Time": 2573.53,
          "Actual Rows": 6,
          "Actual Loops": 1,
          "Workers Planned": 5,
          "Workers Launched": 5,
          "Single Copy": false,
          "Plans": [
            {
              "Node Type": "Aggregate",
              "Strategy": "Plain",
              "Partial Mode": "Partial",
              "Parent Relationship": "Outer",
              "Parallel Aware": false,
              "Startup Cost": 297001.39,
              "Total Cost": 297001.4,
              "Plan Rows": 1,
              "Plan Width": 8,
              "Actual Startup Time": 2474.074,
              "Actual Total Time": 2474.077,
              "Actual Rows": 1,
              "Actual Loops": 6,
              "Plans": [
                {
                  "Node Type": "Nested Loop",
                  "Parent Relationship": "Outer",
                  "Parallel Aware": false,
                  "Join Type": "Inner",
                  "Startup Cost": 54699.75,
                  "Total Cost": 296791.95,
                  "Plan Rows": 83775,
                  "Plan Width": 0,
                  "Actual Startup Time": 185.694,
                  "Actual Total Time": 2415.921,
                  "Actual Rows": 1101736,
                  "Actual Loops": 6,
                  "Inner Unique": false,
                  "Plans": [
                    {
                      "Node Type": "Hash Join",
                      "Parent Relationship": "Outer",
                      "Parallel Aware": true,
                      "Join Type": "Inner",
                      "Startup Cost": 54699.18,
                      "Total Cost": 217813.42,
                      "Plan Rows": 23630,
                      "Plan Width": 8,
                      "Actual Startup Time": 185.128,
                      "Actual Total Time": 232.849,
                      "Actual Rows": 47613,
                      "Actual Loops": 6,
                      "Inner Unique": true,
                      "Hash Cond": "(mi.movie_id = t.id)",
                      "Plans": [
                        {
                          "Node Type": "Bitmap Heap Scan",
                          "Parent Relationship": "Outer",
                          "Parallel Aware": true,
                          "Relation Name": "movie_info",
                          "Alias": "mi",
                          "Startup Cost": 6701.03,
                          "Total Cost": 169620.68,
                          "Plan Rows": 74132,
                          "Plan Width": 4,
                          "Actual Startup Time": 29.233,
                          "Actual Total Time": 49.427,
                          "Actual Rows": 61370,
                          "Actual Loops": 6,
                          "Recheck Cond": "(info_type_id = 17)",
                          "Rows Removed by Index Recheck": 0,
                          "Exact Heap Blocks": 2626,
                          "Lossy Heap Blocks": 0,
                          "Plans": [
                            {
                              "Node Type": "Bitmap Index Scan",
                              "Parent Relationship": "Outer",
                              "Parallel Aware": false,
                              "Index Name": "info_type_id_movie_info",
                              "Startup Cost": 0.0,
                              "Total Cost": 6608.37,
                              "Plan Rows": 370658,
                              "Plan Width": 0,
                              "Actual Startup Time": 26.548,
                              "Actual Total Time": 26.548,
                              "Actual Rows": 368218,
                              "Actual Loops": 1,
                              "Index Cond": "(info_type_id = 17)"
                            }
                          ]
                        },
                        {
                          "Node Type": "Hash",
                          "Parent Relationship": "Inner",
                          "Parallel Aware": true,
                          "Startup Cost": 45479.59,
                          "Total Cost": 45479.59,
                          "Plan Rows": 201485,
                          "Plan Width": 4,
                          "Actual Startup Time": 152.197,
                          "Actual Total Time": 152.198,
                          "Actual Rows": 140503,
                          "Actual Loops": 6,
                          "Hash Buckets": 1048576,
                          "Original Hash Buckets": 1048576,
                          "Hash Batches": 1,
                          "Original Hash Batches": 1,
                          "Peak Memory Usage": 41280,
                          "Plans": [
                            {
                              "Node Type": "Seq Scan",
                              "Parent Relationship": "Outer",
                              "Parallel Aware": true,
                              "Relation Name": "title",
                              "Alias": "t",
                              "Startup Cost": 0.0,
                              "Total Cost": 45479.59,
                              "Plan Rows": 201485,
                              "Plan Width": 4,
                              "Actual Startup Time": 0.05,
                              "Actual Total Time": 91.683,
                              "Actual Rows": 140503,
                              "Actual Loops": 6,
                              "Filter": "((kind_id < 7) AND (production_year < 2011))",
                              "Rows Removed by Filter": 280882
                            }
                          ]
                        }
                      ]
                    },
                    {
                      "Node Type": "Index Scan",
                      "Parent Relationship": "Inner",
                      "Parallel Aware": false,
                      "Scan Direction": "Forward",
                      "Index Name": "movie_id_cast_info",
                      "Relation Name": "cast_info",
                      "Alias": "ci",
                      "Startup Cost": 0.56,
                      "Total Cost": 3.25,
                      "Plan Rows": 9,
                      "Plan Width": 4,
                      "Actual Startup Time": 0.026,
                      "Actual Total Time": 0.044,
                      "Actual Rows": 23,
                      "Actual Loops": 285678,
                      "Index Cond": "(movie_id = t.id)",
                      "Rows Removed by Index Recheck": 0,
                      "Filter": "((person_id > 1601169) AND (role_id > 2))",
                      "Rows Removed by Filter": 45
                    }
                  ]
                }
              ]
            }
          ]
        }
      ]
    },
    "Planning Time": 1.392,
    "Triggers": [],
    "Execution Time": 2573.67
  }
]