{
  "Plan": {
    "Node Type": "Aggregate",
    "Strategy": "Plain",
    "Partial Mode": "Finalize",
    "Parallel Aware": false,
    "Startup Cost": 339972.25,
    "Total Cost": 339972.26,
    "Plan Rows": 1,
    "Plan Width": 8,
    "Actual Startup Time": 1308.892,
    "Actual Total Time": 1353.595,
    "Actual Rows": 1,
    "Actual Loops": 1,
    "Plans": [
      {
        "Node Type": "Gather",
        "Parent Relationship": "Outer",
        "Parallel Aware": false,
        "Startup Cost": 339972.14,
        "Total Cost": 339972.25,
        "Plan Rows": 1,
        "Plan Width": 8,
        "Actual Startup Time": 1307.897,
        "Actual Total Time": 1353.587,
        "Actual Rows": 2,
        "Actual Loops": 1,
        "Workers Planned": 1,
        "Workers Launched": 1,
        "Single Copy": false,
        "Plans": [
          {
            "Node Type": "Aggregate",
            "Strategy": "Plain",
            "Partial Mode": "Partial",
            "Parent Relationship": "Outer",
            "Parallel Aware": false,
            "Startup Cost": 338972.14,
            "Total Cost": 338972.15,
            "Plan Rows": 1,
            "Plan Width": 8,
            "Actual Startup Time": 1303.444,
            "Actual Total Time": 1303.449,
            "Actual Rows": 1,
            "Actual Loops": 2,
            "Plans": [
              {
                "Node Type": "Hash Join",
                "Parent Relationship": "Outer",
                "Parallel Aware": true,
                "Join Type": "Inner",
                "Startup Cost": 57551.5,
                "Total Cost": 337243.58,
                "Plan Rows": 691426,
                "Plan Width": 0,
                "Actual Startup Time": 175.411,
                "Actual Total Time": 1261.471,
                "Actual Rows": 1040536,
                "Actual Loops": 2,
                "Inner Unique": true,
                "Hash Cond": "(mi.movie_id = t.id)",
                "Plans": [
                  {
                    "Node Type": "Seq Scan",
                    "Parent Relationship": "Outer",
                    "Parallel Aware": true,
                    "Relation Name": "movie_info",
                    "Alias": "mi",
                    "Startup Cost": 0.0,
                    "Total Cost": 270696.42,
                    "Plan Rows": 3426912,
                    "Plan Width": 4,
                    "Actual Startup Time": 0.014,
                    "Actual Total Time": 649.214,
                    "Actual Rows": 2942482,
                    "Actual Loops": 2,
                    "Filter": "(info_type_id < 7)",
                    "Rows Removed by Filter": 4475378
                  },
                  {
                    "Node Type": "Hash",
                    "Parent Relationship": "Inner",
                    "Parallel Aware": true,
                    "Startup Cost": 53800.64,
                    "Total Cost": 53800.64,
                    "Plan Rows": 300069,
                    "Plan Width": 4,
                    "Actual Startup Time": 143.94,
                    "Actual Total Time": 143.942,
                    "Actual Rows": 191054,
                    "Actual Loops": 2,
                    "Hash Buckets": 524288,
                    "Original Hash Buckets": 524288,
                    "Hash Batches": 1,
                    "Original Hash Batches": 1,
                    "Peak Memory Usage": 19072,
                    "Plans": [
                      {
                        "Node Type": "Bitmap Heap Scan",
                        "Parent Relationship": "Outer",
                        "Parallel Aware": true,
                        "Relation Name": "title",
                        "Alias": "t",
                        "Startup Cost": 11950.38,
                        "Total Cost": 53800.64,
                        "Plan Rows": 300069,
                        "Plan Width": 4,
                        "Actual Startup Time": 36.741,
                        "Actual Total Time": 103.889,
                        "Actual Rows": 191054,
                        "Actual Loops": 2,
                        "Recheck Cond": "(kind_id = 1)",
                        "Rows Removed by Index Recheck": 0,
                        "Filter": "(production_year > 1980)",
                        "Rows Removed by Filter": 140358,
                        "Exact Heap Blocks": 8140,
                        "Lossy Heap Blocks": 0,
                        "Plans": [
                          {
                            "Node Type": "Bitmap Index Scan",
                            "Parent Relationship": "Outer",
                            "Parallel Aware": false,
                            "Index Name": "kind_id_title",
                            "Startup Cost": 0.0,
                            "Total Cost": 11822.85,
                            "Plan Rows": 663256,
                            "Plan Width": 0,
                            "Actual Startup Time": 34.851,
                            "Actual Total Time": 34.852,
                            "Actual Rows": 662825,
                            "Actual Loops": 1,
                            "Index Cond": "(kind_id = 1)"
                          }
                        ]
                      }
                    ]
                  }
                ]
              }
            ]
          }
        ]
      }
    ]
  },
  "Planning Time": 0.391,
  "Triggers": [],
  "Execution Time": 1353.684
}