{
  "Plan": {
    "Node Type": "Aggregate",
    "Strategy": "Plain",
    "Partial Mode": "Finalize",
    "Parallel Aware": false,
    "Startup Cost": 358974.71,
    "Total Cost": 358974.72,
    "Plan Rows": 1,
    "Plan Width": 8,
    "Actual Startup Time": 2327.577,
    "Actual Total Time": 2377.25,
    "Actual Rows": 1,
    "Actual Loops": 1,
    "Plans": [
      {
        "Node Type": "Gather",
        "Parent Relationship": "Outer",
        "Parallel Aware": false,
        "Startup Cost": 358974.59,
        "Total Cost": 358974.7,
        "Plan Rows": 1,
        "Plan Width": 8,
        "Actual Startup Time": 2325.706,
        "Actual Total Time": 2377.242,
        "Actual Rows": 2,
        "Actual Loops": 1,
        "Workers Planned": 1,
        "Workers Launched": 1,
        "Single Copy": false,
        "Plans": [
          {
            "Node Type": "Aggregate",
            "Strategy": "Plain",
            "Partial Mode": "Partial",
            "Parent Relationship": "Outer",
            "Parallel Aware": false,
            "Startup Cost": 357974.59,
            "Total Cost": 357974.6,
            "Plan Rows": 1,
            "Plan Width": 8,
            "Actual Startup Time": 2319.916,
            "Actual Total Time": 2319.92,
            "Actual Rows": 1,
            "Actual Loops": 2,
            "Plans": [
              {
                "Node Type": "Hash Join",
                "Parent Relationship": "Outer",
                "Parallel Aware": true,
                "Join Type": "Inner",
                "Startup Cost": 62159.02,
                "Total Cost": 353834.14,
                "Plan Rows": 1656181,
                "Plan Width": 0,
                "Actual Startup Time": 236.124,
                "Actual Total Time": 2195.395,
                "Actual Rows": 3160407,
                "Actual Loops": 2,
                "Inner Unique": true,
                "Hash Cond": "(mi.movie_id = t.id)",
                "Plans": [
                  {
                    "Node Type": "Seq Scan",
                    "Parent Relationship": "Outer",
                    "Parallel Aware": true,
                    "Relation Name": "movie_info",
                    "Alias": "mi",
                    "Startup Cost": 0.0,
                    "Total Cost": 270696.42,
                    "Plan Rows": 7991875,
                    "Plan Width": 4,
                    "Actual Startup Time": 0.01,
                    "Actual Total Time": 779.089,
                    "Actual Rows": 6840704,
                    "Actual Loops": 2,
                    "Filter": "(info_type_id < 51)",
                    "Rows Removed by Filter": 577156
                  },
                  {
                    "Node Type": "Hash",
                    "Parent Relationship": "Inner",
                    "Parallel Aware": true,
                    "Startup Cost": 58306.47,
                    "Total Cost": 58306.47,
                    "Plan Rows": 308204,
                    "Plan Width": 4,
                    "Actual Startup Time": 228.829,
                    "Actual Total Time": 228.83,
                    "Actual Rows": 304766,
                    "Actual Loops": 2,
                    "Hash Buckets": 1048576,
                    "Original Hash Buckets": 524288,
                    "Hash Batches": 1,
                    "Original Hash Batches": 1,
                    "Peak Memory Usage": 36160,
                    "Plans": [
                      {
                        "Node Type": "Seq Scan",
                        "Parent Relationship": "Outer",
                        "Parallel Aware": true,
                        "Relation Name": "title",
                        "Alias": "t",
                        "Startup Cost": 0.0,
                        "Total Cost": 58306.47,
                        "Plan Rows": 308204,
                        "Plan Width": 4,
                        "Actual Startup Time": 0.032,
                        "Actual Total Time": 153.261,
                        "Actual Rows": 304766,
                        "Actual Loops": 2,
                        "Filter": "((kind_id < 7) AND (production_year < 2005))",
                        "Rows Removed by Filter": 959390
                      }
                    ]
                  }
                ]
              }
            ]
          }
        ]
      }
    ]
  },
  "Planning Time": 0.714,
  "Triggers": [],
  "Execution Time": 2377.328
}