{
  "Plan": {
    "Node Type": "Aggregate",
    "Strategy": "Plain",
    "Partial Mode": "Finalize",
    "Parallel Aware": false,
    "Startup Cost": 204348.43,
    "Total Cost": 204348.44,
    "Plan Rows": 1,
    "Plan Width": 8,
    "Actual Startup Time": 1387.698,
    "Actual Total Time": 1412.106,
    "Actual Rows": 1,
    "Actual Loops": 1,
    "Plans": [
      {
        "Node Type": "Gather",
        "Parent Relationship": "Outer",
        "Parallel Aware": false,
        "Startup Cost": 204348.32,
        "Total Cost": 204348.43,
        "Plan Rows": 1,
        "Plan Width": 8,
        "Actual Startup Time": 1384.73,
        "Actual Total Time": 1412.097,
        "Actual Rows": 2,
        "Actual Loops": 1,
        "Workers Planned": 1,
        "Workers Launched": 1,
        "Single Copy": false,
        "Plans": [
          {
            "Node Type": "Aggregate",
            "Strategy": "Plain",
            "Partial Mode": "Partial",
            "Parent Relationship": "Outer",
            "Parallel Aware": false,
            "Startup Cost": 203348.32,
            "Total Cost": 203348.33,
            "Plan Rows": 1,
            "Plan Width": 8,
            "Actual Startup Time": 1378.867,
            "Actual Total Time": 1378.871,
            "Actual Rows": 1,
            "Actual Loops": 2,
            "Plans": [
              {
                "Node Type": "Nested Loop",
                "Parent Relationship": "Outer",
                "Parallel Aware": false,
                "Join Type": "Inner",
                "Startup Cost": 75228.91,
                "Total Cost": 203163.94,
                "Plan Rows": 73751,
                "Plan Width": 0,
                "Actual Startup Time": 302.609,
                "Actual Total Time": 1318.053,
                "Actual Rows": 1362534,
                "Actual Loops": 2,
                "Inner Unique": false,
                "Plans": [
                  {
                    "Node Type": "Hash Join",
                    "Parent Relationship": "Outer",
                    "Parallel Aware": true,
                    "Join Type": "Inner",
                    "Startup Cost": 75228.48,
                    "Total Cost": 105282.16,
                    "Plan Rows": 145178,
                    "Plan Width": 8,
                    "Actual Startup Time": 302.548,
                    "Actual Total Time": 480.726,
                    "Actual Rows": 284209,
                    "Actual Loops": 2,
                    "Inner Unique": true,
                    "Hash Cond": "(mk.movie_id = t.id)",
                    "Plans": [
                      {
                        "Node Type": "Bitmap Heap Scan",
                        "Parent Relationship": "Outer",
                        "Parallel Aware": true,
                        "Relation Name": "movie_keyword",
                        "Alias": "mk",
                        "Startup Cost": 13350.17,
                        "Total Cost": 42432.01,
                        "Plan Rows": 370227,
                        "Plan Width": 4,
                        "Actual Startup Time": 37.362,
                        "Actual Total Time": 111.568,
                        "Actual Rows": 320863,
                        "Actual Loops": 2,
                        "Recheck Cond": "(keyword_id < 498)",
                        "Rows Removed by Index Recheck": 0,
                        "Exact Heap Blocks": 12388,
                        "Lossy Heap Blocks": 0,
                        "Plans": [
                          {
                            "Node Type": "Bitmap Index Scan",
                            "Parent Relationship": "Outer",
                            "Parallel Aware": false,
                            "Index Name": "keyword_id_movie_keyword",
                            "Startup Cost": 0.0,
                            "Total Cost": 13192.83,
                            "Plan Rows": 629386,
                            "Plan Width": 0,
                            "Actual Startup Time": 33.682,
                            "Actual Total Time": 33.683,
                            "Actual Rows": 641726,
                            "Actual Loops": 1,
                            "Index Cond": "(keyword_id < 498)"
                          }
                        ]
                      },
                      {
                        "Node Type": "Hash",
                        "Parent Relationship": "Inner",
                        "Parallel Aware": true,
                        "Startup Cost": 54588.39,
                        "Total Cost": 54588.39,
                        "Plan Rows": 583193,
                        "Plan Width": 4,
                        "Actual Startup Time": 256.197,
                        "Actual Total Time": 256.198,
                        "Actual Rows": 492524,
                        "Actual Loops": 2,
                        "Hash Buckets": 1048576,
                        "Original Hash Buckets": 1048576,
                        "Hash Batches": 1,
                        "Original Hash Batches": 1,
                        "Peak Memory Usage": 46784,
                        "Plans": [
                          {
                            "Node Type": "Seq Scan",
                            "Parent Relationship": "Outer",
                            "Parallel Aware": true,
                            "Relation Name": "title",
                            "Alias": "t",
                            "Startup Cost": 0.0,
                            "Total Cost": 54588.39,
                            "Plan Rows": 583193,
                            "Plan Width": 4,
                            "Actual Startup Time": 0.041,
                            "Actual Total Time": 148.715,
                            "Actual Rows": 492524,
                            "Actual Loops": 2,
                            "Filter": "(kind_id < 7)",
                            "Rows Removed by Filter": 771632
                          }
                        ]
                      }
                    ]
                  },
                  {
                    "Node Type": "Index Scan",
                    "Parent Relationship": "Inner",
                    "Parallel Aware": false,
                    "Scan Direction": "Forward",
                    "Index Name": "movie_id_movie_companies",
                    "Relation Name": "movie_companies",
                    "Alias": "mc",
                    "Startup Cost": 0.43,
                    "Total Cost": 0.64,
                    "Plan Rows": 3,
                    "Plan Width": 4,
                    "Actual Startup Time": 0.001,
                    "Actual Total Time": 0.002,
                    "Actual Rows": 5,
                    "Actual Loops": 568418,
                    "Index Cond": "(movie_id = t.id)",
                    "Rows Removed by Index Recheck": 0,
                    "Filter": "(company_type_id < 2)",
                    "Rows Removed by Filter": 2
                  }
                ]
              }
            ]
          }
        ]
      }
    ]
  },
  "Planning Time": 1.093,
  "Triggers": [],
  "Execution Time": 1412.21
}