[
  {
    "Plan": {
      "Node Type": "Aggregate",
      "Strategy": "Plain",
      "Partial Mode": "Finalize",
      "Parallel Aware": false,
      "Startup Cost": 53515.34,
      "Total Cost": 53515.35,
      "Plan Rows": 1,
      "Plan Width": 8,
      "Actual Startup Time": 322.886,
      "Actual Total Time": 380.191,
      "Actual Rows": 1,
      "Actual Loops": 1,
      "Plans": [
        {
          "Node Type": "Gather",
          "Parent Relationship": "Outer",
          "Parallel Aware": false,
          "Startup Cost": 53515.03,
          "Total Cost": 53515.34,
          "Plan Rows": 3,
          "Plan Width": 8,
          "Actual Startup Time": 322.564,
          "Actual Total Time": 380.179,
          "Actual Rows": 4,
          "Actual Loops": 1,
          "Workers Planned": 3,
          "Workers Launched": 3,
          "Single Copy": false,
          "Plans": [
            {
              "Node Type": "Aggregate",
              "Strategy": "Plain",
              "Partial Mode": "Partial",
              "Parent Relationship": "Outer",
              "Parallel Aware": false,
              "Startup Cost": 52515.03,
              "Total Cost": 52515.04,
              "Plan Rows": 1,
              "Plan Width": 8,
              "Actual Startup Time": 315.353,
              "Actual Total Time": 315.356,
              "Actual Rows": 1,
              "Actual Loops": 4,
              "Plans": [
                {
                  "Node Type": "Nested Loop",
                  "Parent Relationship": "Outer",
                  "Parallel Aware": false,
                  "Join Type": "Inner",
                  "Startup Cost": 270.43,
                  "Total Cost": 52426.23,
                  "Plan Rows": 35519,
                  "Plan Width": 0,
                  "Actual Startup Time": 5.947,
                  "Actual Total Time": 307.676,
                  "Actual Rows": 96814,
                  "Actual Loops": 4,
                  "Inner Unique": false,
                  "Plans": [
                    {
                      "Node Type": "Nested Loop",
                      "Parent Relationship": "Outer",
                      "Parallel Aware": false,
                      "Join Type": "Inner",
                      "Startup Cost": 269.86,
                      "Total Cost": 46198.02,
                      "Plan Rows": 2477,
                      "Plan Width": 8,
                      "Actual Startup Time": 5.735,
                      "Actual Total Time": 40.087,
                      "Actual Rows": 2854,
                      "Actual Loops": 4,
                      "Inner Unique": true,
                      "Plans": [
                        {
                          "Node Type": "Bitmap Heap Scan",
                          "Parent Relationship": "Outer",
                          "Parallel Aware": true,
                          "Relation Name": "movie_keyword",
                          "Alias": "mk",
                          "Startup Cost": 269.43,
                          "Total Cost": 21097.34,
                          "Plan Rows": 4037,
                          "Plan Width": 4,
                          "Actual Startup Time": 5.573,
                          "Actual Total Time": 16.373,
                          "Actual Rows": 3530,
                          "Actual Loops": 4,
                          "Recheck Cond": "(keyword_id = 1382)",
                          "Rows Removed by Index Recheck": 0,
                          "Exact Heap Blocks": 4279,
                          "Lossy Heap Blocks": 0,
                          "Plans": [
                            {
                              "Node Type": "Bitmap Index Scan",
                              "Parent Relationship": "Outer",
                              "Parallel Aware": false,
                              "Index Name": "keyword_id_movie_keyword",
                              "Startup Cost": 0.0,
                              "Total Cost": 266.3,
                              "Plan Rows": 12516,
                              "Plan Width": 0,
                              "Actual Startup Time": 8.243,
                              "Actual Total Time": 8.243,
                              "Actual Rows": 14120,
                              "Actual Loops": 1,
                              "Index Cond": "(keyword_id = 1382)"
                            }
                          ]
                        },
                        {
                          "Node Type": "Index Scan",
                          "Parent Relationship": "Inner",
                          "Parallel Aware": false,
                          "Scan Direction": "Forward",
                          "Index Name": "title_pkey",
                          "Relation Name": "title",
                          "Alias": "t",
                          "Startup Cost": 0.43,
                          "Total Cost": 6.22,
                          "Plan Rows": 1,
                          "Plan Width": 4,
                          "Actual Startup Time": 0.006,
                          "Actual Total Time": 0.006,
                          "Actual Rows": 1,
                          "Actual Loops": 14120,
                          "Index Cond": "(id = mk.movie_id)",
                          "Rows Removed by Index Recheck": 0,
                          "Filter": "(production_year < 2007)",
                          "Rows Removed by Filter": 0
                        }
                      ]
                    },
                    {
                      "Node Type": "Index Only Scan",
                      "Parent Relationship": "Inner",
                      "Parallel Aware": false,
                      "Scan Direction": "Forward",
                      "Index Name": "movie_id_cast_info",
                      "Relation Name": "cast_info",
                      "Alias": "ci",
                      "Startup Cost": 0.56,
                      "Total Cost": 2.16,
                      "Plan Rows": 35,
                      "Plan Width": 4,
                      "Actual Startup Time": 0.01,
                      "Actual Total Time": 0.09,
                      "Actual Rows": 34,
                      "Actual Loops": 11417,
                      "Index Cond": "(movie_id = t.id)",
                      "Rows Removed by Index Recheck": 0,
                      "Heap Fetches": 387258
                    }
                  ]
                }
              ]
            }
          ]
        }
      ]
    },
    "Planning Time": 0.816,
    "Triggers": [],
    "Execution Time": 380.286
  }
]