[
  {
    "Plan": {
      "Node Type": "Aggregate",
      "Strategy": "Plain",
      "Partial Mode": "Finalize",
      "Parallel Aware": false,
      "Startup Cost": 46338.03,
      "Total Cost": 46338.04,
      "Plan Rows": 1,
      "Plan Width": 8,
      "Actual Startup Time": 147.453,
      "Actual Total Time": 157.172,
      "Actual Rows": 1,
      "Actual Loops": 1,
      "Plans": [
        {
          "Node Type": "Gather",
          "Parent Relationship": "Outer",
          "Parallel Aware": false,
          "Startup Cost": 46337.71,
          "Total Cost": 46338.02,
          "Plan Rows": 3,
          "Plan Width": 8,
          "Actual Startup Time": 147.323,
          "Actual Total Time": 157.159,
          "Actual Rows": 4,
          "Actual Loops": 1,
          "Workers Planned": 3,
          "Workers Launched": 3,
          "Single Copy": false,
          "Plans": [
            {
              "Node Type": "Aggregate",
              "Strategy": "Plain",
              "Partial Mode": "Partial",
              "Parent Relationship": "Outer",
              "Parallel Aware": false,
              "Startup Cost": 45337.71,
              "Total Cost": 45337.72,
              "Plan Rows": 1,
              "Plan Width": 8,
              "Actual Startup Time": 143.753,
              "Actual Total Time": 143.754,
              "Actual Rows": 1,
              "Actual Loops": 4,
              "Plans": [
                {
                  "Node Type": "Seq Scan",
                  "Parent Relationship": "Outer",
                  "Parallel Aware": true,
                  "Relation Name": "movie_keyword",
                  "Alias": "mk",
                  "Startup Cost": 0.0,
                  "Total Cost": 42695.65,
                  "Plan Rows": 1056824,
                  "Plan Width": 0,
                  "Actual Startup Time": 0.03,
                  "Actual Total Time": 110.344,
                  "Actual Rows": 818334,
                  "Actual Loops": 4,
                  "Filter": "(keyword_id < 14414)",
                  "Rows Removed by Filter": 312649
                }
              ]
            }
          ]
        }
      ]
    },
    "Planning Time": 0.099,
    "Triggers": [],
    "Execution Time": 157.205
  }
]