{
  "Plan": {
    "Node Type": "Aggregate",
    "Strategy": "Plain",
    "Partial Mode": "Finalize",
    "Parallel Aware": false,
    "Startup Cost": 337434.63,
    "Total Cost": 337434.64,
    "Plan Rows": 1,
    "Plan Width": 8,
    "Actual Startup Time": 1248.754,
    "Actual Total Time": 1305.37,
    "Actual Rows": 1,
    "Actual Loops": 1,
    "Plans": [
      {
        "Node Type": "Gather",
        "Parent Relationship": "Outer",
        "Parallel Aware": false,
        "Startup Cost": 337434.52,
        "Total Cost": 337434.63,
        "Plan Rows": 1,
        "Plan Width": 8,
        "Actual Startup Time": 1248.551,
        "Actual Total Time": 1305.361,
        "Actual Rows": 2,
        "Actual Loops": 1,
        "Workers Planned": 1,
        "Workers Launched": 1,
        "Single Copy": false,
        "Plans": [
          {
            "Node Type": "Aggregate",
            "Strategy": "Plain",
            "Partial Mode": "Partial",
            "Parent Relationship": "Outer",
            "Parallel Aware": false,
            "Startup Cost": 336434.52,
            "Total Cost": 336434.53,
            "Plan Rows": 1,
            "Plan Width": 8,
            "Actual Startup Time": 1243.947,
            "Actual Total Time": 1243.951,
            "Actual Rows": 1,
            "Actual Loops": 2,
            "Plans": [
              {
                "Node Type": "Hash Join",
                "Parent Relationship": "Outer",
                "Parallel Aware": true,
                "Join Type": "Inner",
                "Startup Cost": 54637.34,
                "Total Cost": 336406.75,
                "Plan Rows": 11108,
                "Plan Width": 0,
                "Actual Startup Time": 169.828,
                "Actual Total Time": 1242.274,
                "Actual Rows": 26952,
                "Actual Loops": 2,
                "Inner Unique": true,
                "Hash Cond": "(mi.movie_id = t.id)",
                "Plans": [
                  {
                    "Node Type": "Seq Scan",
                    "Parent Relationship": "Outer",
                    "Parallel Aware": true,
                    "Relation Name": "movie_info",
                    "Alias": "mi",
                    "Startup Cost": 0.0,
                    "Total Cost": 270696.42,
                    "Plan Rows": 4218272,
                    "Plan Width": 4,
                    "Actual Startup Time": 0.013,
                    "Actual Total Time": 800.219,
                    "Actual Rows": 3643432,
                    "Actual Loops": 2,
                    "Filter": "(info_type_id < 8)",
                    "Rows Removed by Filter": 3774428
                  },
                  {
                    "Node Type": "Hash",
                    "Parent Relationship": "Inner",
                    "Parallel Aware": true,
                    "Startup Cost": 54588.39,
                    "Total Cost": 54588.39,
                    "Plan Rows": 3916,
                    "Plan Width": 4,
                    "Actual Startup Time": 148.3,
                    "Actual Total Time": 148.301,
                    "Actual Rows": 2972,
                    "Actual Loops": 2,
                    "Hash Buckets": 8192,
                    "Original Hash Buckets": 8192,
                    "Hash Batches": 1,
                    "Original Hash Batches": 1,
                    "Peak Memory Usage": 320,
                    "Plans": [
                      {
                        "Node Type": "Seq Scan",
                        "Parent Relationship": "Outer",
                        "Parallel Aware": true,
                        "Relation Name": "title",
                        "Alias": "t",
                        "Startup Cost": 0.0,
                        "Total Cost": 54588.39,
                        "Plan Rows": 3916,
                        "Plan Width": 4,
                        "Actual Startup Time": 98.934,
                        "Actual Total Time": 147.153,
                        "Actual Rows": 2972,
                        "Actual Loops": 2,
                        "Filter": "(production_year = 1911)",
                        "Rows Removed by Filter": 1261184
                      }
                    ]
                  }
                ]
              }
            ]
          }
        ]
      }
    ]
  },
  "Planning Time": 0.415,
  "Triggers": [],
  "Execution Time": 1305.449
}