[
  {
    "Plan": {
      "Node Type": "Aggregate",
      "Strategy": "Plain",
      "Partial Mode": "Finalize",
      "Parallel Aware": false,
      "Startup Cost": 31248.09,
      "Total Cost": 31248.1,
      "Plan Rows": 1,
      "Plan Width": 8,
      "Actual Startup Time": 122.694,
      "Actual Total Time": 131.242,
      "Actual Rows": 1,
      "Actual Loops": 1,
      "Plans": [
        {
          "Node Type": "Gather",
          "Parent Relationship": "Outer",
          "Parallel Aware": false,
          "Startup Cost": 31247.78,
          "Total Cost": 31248.09,
          "Plan Rows": 3,
          "Plan Width": 8,
          "Actual Startup Time": 122.549,
          "Actual Total Time": 131.233,
          "Actual Rows": 4,
          "Actual Loops": 1,
          "Workers Planned": 3,
          "Workers Launched": 3,
          "Single Copy": false,
          "Plans": [
            {
              "Node Type": "Aggregate",
              "Strategy": "Plain",
              "Partial Mode": "Partial",
              "Parent Relationship": "Outer",
              "Parallel Aware": false,
              "Startup Cost": 30247.78,
              "Total Cost": 30247.79,
              "Plan Rows": 1,
              "Plan Width": 8,
              "Actual Startup Time": 113.864,
              "Actual Total Time": 113.865,
              "Actual Rows": 1,
              "Actual Loops": 4,
              "Plans": [
                {
                  "Node Type": "Seq Scan",
                  "Parent Relationship": "Outer",
                  "Parallel Aware": true,
                  "Relation Name": "movie_companies",
                  "Alias": "mc",
                  "Startup Cost": 0.0,
                  "Total Cost": 29310.68,
                  "Plan Rows": 374838,
                  "Plan Width": 0,
                  "Actual Startup Time": 23.411,
                  "Actual Total Time": 96.98,
                  "Actual Rows": 287983,
                  "Actual Loops": 4,
                  "Filter": "(company_id > 13095)",
                  "Rows Removed by Filter": 364300
                }
              ]
            }
          ]
        }
      ]
    },
    "Planning Time": 0.203,
    "Triggers": [],
    "Execution Time": 131.378
  }
]