[
  {
    "Plan": {
      "Node Type": "Aggregate",
      "Strategy": "Plain",
      "Partial Mode": "Finalize",
      "Parallel Aware": false,
      "Startup Cost": 46482.39,
      "Total Cost": 46482.4,
      "Plan Rows": 1,
      "Plan Width": 8,
      "Actual Startup Time": 75.963,
      "Actual Total Time": 87.687,
      "Actual Rows": 1,
      "Actual Loops": 1,
      "Plans": [
        {
          "Node Type": "Gather",
          "Parent Relationship": "Outer",
          "Parallel Aware": false,
          "Startup Cost": 46481.97,
          "Total Cost": 46482.38,
          "Plan Rows": 4,
          "Plan Width": 8,
          "Actual Startup Time": 75.785,
          "Actual Total Time": 87.676,
          "Actual Rows": 5,
          "Actual Loops": 1,
          "Workers Planned": 4,
          "Workers Launched": 4,
          "Single Copy": false,
          "Plans": [
            {
              "Node Type": "Aggregate",
              "Strategy": "Plain",
              "Partial Mode": "Partial",
              "Parent Relationship": "Outer",
              "Parallel Aware": false,
              "Startup Cost": 45481.97,
              "Total Cost": 45481.98,
              "Plan Rows": 1,
              "Plan Width": 8,
              "Actual Startup Time": 72.31,
              "Actual Total Time": 72.312,
              "Actual Rows": 1,
              "Actual Loops": 5,
              "Plans": [
                {
                  "Node Type": "Seq Scan",
                  "Parent Relationship": "Outer",
                  "Parallel Aware": true,
                  "Relation Name": "title",
                  "Alias": "t",
                  "Startup Cost": 0.0,
                  "Total Cost": 45479.59,
                  "Plan Rows": 954,
                  "Plan Width": 0,
                  "Actual Startup Time": 1.272,
                  "Actual Total Time": 72.232,
                  "Actual Rows": 663,
                  "Actual Loops": 5,
                  "Filter": "((kind_id < 7) AND (production_year = 1955))",
                  "Rows Removed by Filter": 504999
                }
              ]
            }
          ]
        }
      ]
    },
    "Planning Time": 0.085,
    "Triggers": [],
    "Execution Time": 87.716
  }
]