[
  {
    "Plan": {
      "Node Type": "Aggregate",
      "Strategy": "Plain",
      "Partial Mode": "Finalize",
      "Parallel Aware": false,
      "Startup Cost": 46481.11,
      "Total Cost": 46481.12,
      "Plan Rows": 1,
      "Plan Width": 8,
      "Actual Startup Time": 91.821,
      "Actual Total Time": 103.747,
      "Actual Rows": 1,
      "Actual Loops": 1,
      "Plans": [
        {
          "Node Type": "Gather",
          "Parent Relationship": "Outer",
          "Parallel Aware": false,
          "Startup Cost": 46480.69,
          "Total Cost": 46481.1,
          "Plan Rows": 4,
          "Plan Width": 8,
          "Actual Startup Time": 91.502,
          "Actual Total Time": 103.739,
          "Actual Rows": 5,
          "Actual Loops": 1,
          "Workers Planned": 4,
          "Workers Launched": 4,
          "Single Copy": false,
          "Plans": [
            {
              "Node Type": "Aggregate",
              "Strategy": "Plain",
              "Partial Mode": "Partial",
              "Parent Relationship": "Outer",
              "Parallel Aware": false,
              "Startup Cost": 45480.69,
              "Total Cost": 45480.7,
              "Plan Rows": 1,
              "Plan Width": 8,
              "Actual Startup Time": 84.14,
              "Actual Total Time": 84.142,
              "Actual Rows": 1,
              "Actual Loops": 5,
              "Plans": [
                {
                  "Node Type": "Seq Scan",
                  "Parent Relationship": "Outer",
                  "Parallel Aware": true,
                  "Relation Name": "title",
                  "Alias": "t",
                  "Startup Cost": 0.0,
                  "Total Cost": 45479.1,
                  "Plan Rows": 636,
                  "Plan Width": 0,
                  "Actual Startup Time": 2.273,
                  "Actual Total Time": 84.057,
                  "Actual Rows": 663,
                  "Actual Loops": 5,
                  "Filter": "((kind_id < 7) AND (production_year = 1955))",
                  "Rows Removed by Filter": 504999
                }
              ]
            }
          ]
        }
      ]
    },
    "Planning Time": 0.193,
    "Triggers": [],
    "Execution Time": 103.807
  }
]