[
    {
        "Bao": {
            "Bao prediction": "NaN",
            "Bao recommended hint": "(no hint)"
        }
    },
    {
        "Plan": {
            "Node Type": "Aggregate",
            "Strategy": "Plain",
            "Partial Mode": "Finalize",
            "Parallel Aware": false,
            "Startup Cost": 32768.84,
            "Total Cost": 32768.85,
            "Plan Rows": 1,
            "Plan Width": 8,
            "Actual Startup Time": 87.994,
            "Actual Total Time": 93.747,
            "Actual Rows": 1,
            "Actual Loops": 1,
            "Output": [
                "count(*)"
            ],
            "Plans": [
                {
                    "Node Type": "Gather",
                    "Parent Relationship": "Outer",
                    "Parallel Aware": false,
                    "Startup Cost": 32768.52,
                    "Total Cost": 32768.83,
                    "Plan Rows": 3,
                    "Plan Width": 8,
                    "Actual Startup Time": 87.912,
                    "Actual Total Time": 93.741,
                    "Actual Rows": 4,
                    "Actual Loops": 1,
                    "Output": [
                        "(PARTIAL count(*))"
                    ],
                    "Workers Planned": 3,
                    "Workers Launched": 3,
                    "Single Copy": false,
                    "Plans": [
                        {
                            "Node Type": "Aggregate",
                            "Strategy": "Plain",
                            "Partial Mode": "Partial",
                            "Parent Relationship": "Outer",
                            "Parallel Aware": false,
                            "Startup Cost": 31768.52,
                            "Total Cost": 31768.53,
                            "Plan Rows": 1,
                            "Plan Width": 8,
                            "Actual Startup Time": 79.923,
                            "Actual Total Time": 79.924,
                            "Actual Rows": 1,
                            "Actual Loops": 4,
                            "Output": [
                                "PARTIAL count(*)"
                            ],
                            "Workers": [
                                {
                                    "Worker Number": 0,
                                    "Actual Startup Time": 77.207,
                                    "Actual Total Time": 77.208,
                                    "Actual Rows": 1,
                                    "Actual Loops": 1
                                },
                                {
                                    "Worker Number": 1,
                                    "Actual Startup Time": 77.197,
                                    "Actual Total Time": 77.199,
                                    "Actual Rows": 1,
                                    "Actual Loops": 1
                                },
                                {
                                    "Worker Number": 2,
                                    "Actual Startup Time": 77.618,
                                    "Actual Total Time": 77.619,
                                    "Actual Rows": 1,
                                    "Actual Loops": 1
                                }
                            ],
                            "Plans": [
                                {
                                    "Node Type": "Seq Scan",
                                    "Parent Relationship": "Outer",
                                    "Parallel Aware": true,
                                    "Relation Name": "movie_companies",
                                    "Schema": "public",
                                    "Alias": "mc",
                                    "Startup Cost": 0.0,
                                    "Total Cost": 31414.82,
                                    "Plan Rows": 141481,
                                    "Plan Width": 0,
                                    "Actual Startup Time": 40.19,
                                    "Actual Total Time": 72.294,
                                    "Actual Rows": 190184,
                                    "Actual Loops": 4,
                                    "Output": [
                                        "id",
                                        "movie_id",
                                        "company_id",
                                        "company_type_id",
                                        "note"
                                    ],
                                    "Filter": "((mc.company_id > 24164) AND (mc.company_type_id = 2))",
                                    "Rows Removed by Filter": 462098,
                                    "Workers": [
                                        {
                                            "Worker Number": 0,
                                            "Actual Startup Time": 37.473,
                                            "Actual Total Time": 69.753,
                                            "Actual Rows": 182669,
                                            "Actual Loops": 1
                                        },
                                        {
                                            "Worker Number": 1,
                                            "Actual Startup Time": 37.472,
                                            "Actual Total Time": 69.773,
                                            "Actual Rows": 182163,
                                            "Actual Loops": 1
                                        },
                                        {
                                            "Worker Number": 2,
                                            "Actual Startup Time": 37.885,
                                            "Actual Total Time": 70.383,
                                            "Actual Rows": 176606,
                                            "Actual Loops": 1
                                        }
                                    ]
                                }
                            ]
                        }
                    ]
                }
            ]
        },
        "Planning Time": 187.995,
        "Triggers": [],
        "Execution Time": 93.786
    }
]