[
  {
    "Plan": {
      "Node Type": "Aggregate",
      "Strategy": "Plain",
      "Partial Mode": "Finalize",
      "Parallel Aware": false,
      "Startup Cost": 254076.75,
      "Total Cost": 254076.76,
      "Plan Rows": 1,
      "Plan Width": 8,
      "Actual Startup Time": 773.94,
      "Actual Total Time": 815.816,
      "Actual Rows": 1,
      "Actual Loops": 1,
      "Plans": [
        {
          "Node Type": "Gather",
          "Parent Relationship": "Outer",
          "Parallel Aware": false,
          "Startup Cost": 254076.23,
          "Total Cost": 254076.74,
          "Plan Rows": 5,
          "Plan Width": 8,
          "Actual Startup Time": 769.453,
          "Actual Total Time": 815.804,
          "Actual Rows": 6,
          "Actual Loops": 1,
          "Workers Planned": 5,
          "Workers Launched": 5,
          "Single Copy": false,
          "Plans": [
            {
              "Node Type": "Aggregate",
              "Strategy": "Plain",
              "Partial Mode": "Partial",
              "Parent Relationship": "Outer",
              "Parallel Aware": false,
              "Startup Cost": 253076.23,
              "Total Cost": 253076.24,
              "Plan Rows": 1,
              "Plan Width": 8,
              "Actual Startup Time": 758.348,
              "Actual Total Time": 758.351,
              "Actual Rows": 1,
              "Actual Loops": 6,
              "Plans": [
                {
                  "Node Type": "Hash Join",
                  "Parent Relationship": "Outer",
                  "Parallel Aware": true,
                  "Join Type": "Inner",
                  "Startup Cost": 47769.5,
                  "Total Cost": 251701.4,
                  "Plan Rows": 549932,
                  "Plan Width": 0,
                  "Actual Startup Time": 151.275,
                  "Actual Total Time": 753.756,
                  "Actual Rows": 103247,
                  "Actual Loops": 6,
                  "Inner Unique": true,
                  "Hash Cond": "(mi.movie_id = t.id)",
                  "Plans": [
                    {
                      "Node Type": "Seq Scan",
                      "Parent Relationship": "Outer",
                      "Parallel Aware": true,
                      "Relation Name": "movie_info",
                      "Alias": "mi",
                      "Startup Cost": 0.0,
                      "Total Cost": 198952.16,
                      "Plan Rows": 1897040,
                      "Plan Width": 4,
                      "Actual Startup Time": 0.033,
                      "Actual Total Time": 318.038,
                      "Actual Rows": 1594192,
                      "Actual Loops": 6,
                      "Filter": "(info_type_id < 16)",
                      "Rows Removed by Filter": 878428
                    },
                    {
                      "Node Type": "Hash",
                      "Parent Relationship": "Inner",
                      "Parallel Aware": true,
                      "Startup Cost": 45479.1,
                      "Total Cost": 45479.1,
                      "Plan Rows": 183232,
                      "Plan Width": 4,
                      "Actual Startup Time": 146.168,
                      "Actual Total Time": 146.168,
                      "Actual Rows": 132693,
                      "Actual Loops": 6,
                      "Hash Buckets": 1048576,
                      "Original Hash Buckets": 1048576,
                      "Hash Batches": 1,
                      "Original Hash Batches": 1,
                      "Peak Memory Usage": 39424,
                      "Plans": [
                        {
                          "Node Type": "Seq Scan",
                          "Parent Relationship": "Outer",
                          "Parallel Aware": true,
                          "Relation Name": "title",
                          "Alias": "t",
                          "Startup Cost": 0.0,
                          "Total Cost": 45479.1,
                          "Plan Rows": 183232,
                          "Plan Width": 4,
                          "Actual Startup Time": 0.041,
                          "Actual Total Time": 80.448,
                          "Actual Rows": 132693,
                          "Actual Loops": 6,
                          "Filter": "((production_year > 2003) AND (kind_id = 7))",
                          "Rows Removed by Filter": 288692
                        }
                      ]
                    }
                  ]
                }
              ]
            }
          ]
        }
      ]
    },
    "Planning Time": 0.715,
    "Triggers": [],
    "Execution Time": 815.901
  }
]