{
  "Plan": {
    "Node Type": "Aggregate",
    "Strategy": "Plain",
    "Partial Mode": "Finalize",
    "Parallel Aware": false,
    "Startup Cost": 101874.24,
    "Total Cost": 101874.25,
    "Plan Rows": 1,
    "Plan Width": 8,
    "Actual Startup Time": 243.451,
    "Actual Total Time": 258.13,
    "Actual Rows": 1,
    "Actual Loops": 1,
    "Plans": [
      {
        "Node Type": "Gather",
        "Parent Relationship": "Outer",
        "Parallel Aware": false,
        "Startup Cost": 101874.12,
        "Total Cost": 101874.23,
        "Plan Rows": 1,
        "Plan Width": 8,
        "Actual Startup Time": 243.322,
        "Actual Total Time": 258.124,
        "Actual Rows": 2,
        "Actual Loops": 1,
        "Workers Planned": 1,
        "Workers Launched": 1,
        "Single Copy": false,
        "Plans": [
          {
            "Node Type": "Aggregate",
            "Strategy": "Plain",
            "Partial Mode": "Partial",
            "Parent Relationship": "Outer",
            "Parallel Aware": false,
            "Startup Cost": 100874.12,
            "Total Cost": 100874.13,
            "Plan Rows": 1,
            "Plan Width": 8,
            "Actual Startup Time": 239.085,
            "Actual Total Time": 239.088,
            "Actual Rows": 1,
            "Actual Loops": 2,
            "Plans": [
              {
                "Node Type": "Hash Join",
                "Parent Relationship": "Outer",
                "Parallel Aware": true,
                "Join Type": "Inner",
                "Startup Cost": 58347.96,
                "Total Cost": 100872.13,
                "Plan Rows": 799,
                "Plan Width": 0,
                "Actual Startup Time": 159.859,
                "Actual Total Time": 238.994,
                "Actual Rows": 1150,
                "Actual Loops": 2,
                "Inner Unique": true,
                "Hash Cond": "(mc.movie_id = t.id)",
                "Plans": [
                  {
                    "Node Type": "Index Scan",
                    "Parent Relationship": "Outer",
                    "Parallel Aware": true,
                    "Scan Direction": "Forward",
                    "Index Name": "company_type_id_movie_companies",
                    "Relation Name": "movie_companies",
                    "Alias": "mc",
                    "Startup Cost": 0.43,
                    "Total Cost": 41574.35,
                    "Plan Rows": 361997,
                    "Plan Width": 4,
                    "Actual Startup Time": 25.582,
                    "Actual Total Time": 90.349,
                    "Actual Rows": 180490,
                    "Actual Loops": 2,
                    "Index Cond": "(company_type_id = 1)",
                    "Rows Removed by Index Recheck": 0,
                    "Filter": "(company_id > 11620)",
                    "Rows Removed by Filter": 456632
                  },
                  {
                    "Node Type": "Hash",
                    "Parent Relationship": "Inner",
                    "Parallel Aware": true,
                    "Startup Cost": 58306.47,
                    "Total Cost": 58306.47,
                    "Plan Rows": 3285,
                    "Plan Width": 4,
                    "Actual Startup Time": 133.28,
                    "Actual Total Time": 133.281,
                    "Actual Rows": 3325,
                    "Actual Loops": 2,
                    "Hash Buckets": 8192,
                    "Original Hash Buckets": 8192,
                    "Hash Batches": 1,
                    "Original Hash Batches": 1,
                    "Peak Memory Usage": 352,
                    "Plans": [
                      {
                        "Node Type": "Seq Scan",
                        "Parent Relationship": "Outer",
                        "Parallel Aware": true,
                        "Relation Name": "title",
                        "Alias": "t",
                        "Startup Cost": 0.0,
                        "Total Cost": 58306.47,
                        "Plan Rows": 3285,
                        "Plan Width": 4,
                        "Actual Startup Time": 0.326,
                        "Actual Total Time": 132.123,
                        "Actual Rows": 3325,
                        "Actual Loops": 2,
                        "Filter": "((kind_id < 7) AND (production_year = 1981))",
                        "Rows Removed by Filter": 1260831
                      }
                    ]
                  }
                ]
              }
            ]
          }
        ]
      }
    ]
  },
  "Planning Time": 0.575,
  "Triggers": [],
  "Execution Time": 258.194
}