[
    {
        "Bao": {
            "Bao prediction": 477.597,
            "Bao recommended hint": "SET enable_mergejoin TO off; SET enable_indexscan TO off; "
        }
    },
    {
        "Plan": {
            "Node Type": "Aggregate",
            "Strategy": "Plain",
            "Partial Mode": "Finalize",
            "Parallel Aware": false,
            "Startup Cost": 348034.85,
            "Total Cost": 348034.86,
            "Plan Rows": 1,
            "Plan Width": 8,
            "Actual Startup Time": 663.425,
            "Actual Total Time": 685.465,
            "Actual Rows": 1,
            "Actual Loops": 1,
            "Output": [
                "count(*)"
            ],
            "Plans": [
                {
                    "Node Type": "Gather",
                    "Parent Relationship": "Outer",
                    "Parallel Aware": false,
                    "Startup Cost": 348034.23,
                    "Total Cost": 348034.84,
                    "Plan Rows": 6,
                    "Plan Width": 8,
                    "Actual Startup Time": 663.358,
                    "Actual Total Time": 685.457,
                    "Actual Rows": 7,
                    "Actual Loops": 1,
                    "Output": [
                        "(PARTIAL count(*))"
                    ],
                    "Workers Planned": 6,
                    "Workers Launched": 6,
                    "Single Copy": false,
                    "Plans": [
                        {
                            "Node Type": "Aggregate",
                            "Strategy": "Plain",
                            "Partial Mode": "Partial",
                            "Parent Relationship": "Outer",
                            "Parallel Aware": false,
                            "Startup Cost": 347034.23,
                            "Total Cost": 347034.24,
                            "Plan Rows": 1,
                            "Plan Width": 8,
                            "Actual Startup Time": 653.843,
                            "Actual Total Time": 653.844,
                            "Actual Rows": 1,
                            "Actual Loops": 7,
                            "Output": [
                                "PARTIAL count(*)"
                            ],
                            "Workers": [
                                {
                                    "Worker Number": 0,
                                    "Actual Startup Time": 651.665,
                                    "Actual Total Time": 651.666,
                                    "Actual Rows": 1,
                                    "Actual Loops": 1
                                },
                                {
                                    "Worker Number": 1,
                                    "Actual Startup Time": 651.972,
                                    "Actual Total Time": 651.973,
                                    "Actual Rows": 1,
                                    "Actual Loops": 1
                                },
                                {
                                    "Worker Number": 2,
                                    "Actual Startup Time": 652.194,
                                    "Actual Total Time": 652.195,
                                    "Actual Rows": 1,
                                    "Actual Loops": 1
                                },
                                {
                                    "Worker Number": 3,
                                    "Actual Startup Time": 652.223,
                                    "Actual Total Time": 652.224,
                                    "Actual Rows": 1,
                                    "Actual Loops": 1
                                },
                                {
                                    "Worker Number": 4,
                                    "Actual Startup Time": 653.016,
                                    "Actual Total Time": 653.017,
                                    "Actual Rows": 1,
                                    "Actual Loops": 1
                                },
                                {
                                    "Worker Number": 5,
                                    "Actual Startup Time": 653.297,
                                    "Actual Total Time": 653.298,
                                    "Actual Rows": 1,
                                    "Actual Loops": 1
                                }
                            ],
                            "Plans": [
                                {
                                    "Node Type": "Seq Scan",
                                    "Parent Relationship": "Outer",
                                    "Parallel Aware": true,
                                    "Relation Name": "cast_info",
                                    "Schema": "public",
                                    "Alias": "ci",
                                    "Startup Cost": 0.0,
                                    "Total Cost": 343318.94,
                                    "Plan Rows": 1486115,
                                    "Plan Width": 0,
                                    "Actual Startup Time": 423.367,
                                    "Actual Total Time": 597.021,
                                    "Actual Rows": 1308048,
                                    "Actual Loops": 7,
                                    "Output": [
                                        "id",
                                        "person_id",
                                        "movie_id",
                                        "person_role_id",
                                        "note",
                                        "nr_order",
                                        "role_id"
                                    ],
                                    "Filter": "((ci.person_id > 174039) AND (ci.role_id > 4))",
                                    "Rows Removed by Filter": 3869715,
                                    "Workers": [
                                        {
                                            "Worker Number": 0,
                                            "Actual Startup Time": 421.182,
                                            "Actual Total Time": 595.822,
                                            "Actual Rows": 1246840,
                                            "Actual Loops": 1
                                        },
                                        {
                                            "Worker Number": 1,
                                            "Actual Startup Time": 421.484,
                                            "Actual Total Time": 598.309,
                                            "Actual Rows": 1316159,
                                            "Actual Loops": 1
                                        },
                                        {
                                            "Worker Number": 2,
                                            "Actual Startup Time": 421.732,
                                            "Actual Total Time": 596.183,
                                            "Actual Rows": 1264844,
                                            "Actual Loops": 1
                                        },
                                        {
                                            "Worker Number": 3,
                                            "Actual Startup Time": 421.731,
                                            "Actual Total Time": 597.959,
                                            "Actual Rows": 1249186,
                                            "Actual Loops": 1
                                        },
                                        {
                                            "Worker Number": 4,
                                            "Actual Startup Time": 422.551,
                                            "Actual Total Time": 596.995,
                                            "Actual Rows": 1264562,
                                            "Actual Loops": 1
                                        },
                                        {
                                            "Worker Number": 5,
                                            "Actual Startup Time": 422.833,
                                            "Actual Total Time": 597.197,
                                            "Actual Rows": 1266606,
                                            "Actual Loops": 1
                                        }
                                    ]
                                }
                            ]
                        }
                    ]
                }
            ]
        },
        "Planning Time": 575.702,
        "Triggers": [],
        "Execution Time": 685.561
    }
]