[
  {
    "Plan": {
      "Node Type": "Aggregate",
      "Strategy": "Plain",
      "Partial Mode": "Finalize",
      "Parallel Aware": false,
      "Startup Cost": 45199.62,
      "Total Cost": 45199.63,
      "Plan Rows": 1,
      "Plan Width": 8,
      "Actual Startup Time": 151.895,
      "Actual Total Time": 162.032,
      "Actual Rows": 1,
      "Actual Loops": 1,
      "Plans": [
        {
          "Node Type": "Gather",
          "Parent Relationship": "Outer",
          "Parallel Aware": false,
          "Startup Cost": 45199.3,
          "Total Cost": 45199.61,
          "Plan Rows": 3,
          "Plan Width": 8,
          "Actual Startup Time": 151.764,
          "Actual Total Time": 162.022,
          "Actual Rows": 4,
          "Actual Loops": 1,
          "Workers Planned": 3,
          "Workers Launched": 3,
          "Single Copy": false,
          "Plans": [
            {
              "Node Type": "Aggregate",
              "Strategy": "Plain",
              "Partial Mode": "Partial",
              "Parent Relationship": "Outer",
              "Parallel Aware": false,
              "Startup Cost": 44199.3,
              "Total Cost": 44199.31,
              "Plan Rows": 1,
              "Plan Width": 8,
              "Actual Startup Time": 145.788,
              "Actual Total Time": 145.789,
              "Actual Rows": 1,
              "Actual Loops": 4,
              "Plans": [
                {
                  "Node Type": "Seq Scan",
                  "Parent Relationship": "Outer",
                  "Parallel Aware": true,
                  "Relation Name": "movie_keyword",
                  "Alias": "mk",
                  "Startup Cost": 0.0,
                  "Total Cost": 42695.65,
                  "Plan Rows": 601458,
                  "Plan Width": 0,
                  "Actual Startup Time": 1.134,
                  "Actual Total Time": 121.9,
                  "Actual Rows": 466658,
                  "Actual Loops": 4,
                  "Filter": "(keyword_id > 7379)",
                  "Rows Removed by Filter": 664324
                }
              ]
            }
          ]
        }
      ]
    },
    "Planning Time": 0.164,
    "Triggers": [],
    "Execution Time": 162.095
  }
]