[
  {
    "Plan": {
      "Node Type": "Aggregate",
      "Strategy": "Plain",
      "Partial Mode": "Finalize",
      "Parallel Aware": false,
      "Startup Cost": 352177.24,
      "Total Cost": 352177.25,
      "Plan Rows": 1,
      "Plan Width": 8,
      "Actual Startup Time": 786.816,
      "Actual Total Time": 834.221,
      "Actual Rows": 1,
      "Actual Loops": 1,
      "Plans": [
        {
          "Node Type": "Gather",
          "Parent Relationship": "Outer",
          "Parallel Aware": false,
          "Startup Cost": 352176.61,
          "Total Cost": 352177.22,
          "Plan Rows": 6,
          "Plan Width": 8,
          "Actual Startup Time": 786.623,
          "Actual Total Time": 834.205,
          "Actual Rows": 7,
          "Actual Loops": 1,
          "Workers Planned": 6,
          "Workers Launched": 6,
          "Single Copy": false,
          "Plans": [
            {
              "Node Type": "Aggregate",
              "Strategy": "Plain",
              "Partial Mode": "Partial",
              "Parent Relationship": "Outer",
              "Parallel Aware": false,
              "Startup Cost": 351176.61,
              "Total Cost": 351176.62,
              "Plan Rows": 1,
              "Plan Width": 8,
              "Actual Startup Time": 780.368,
              "Actual Total Time": 780.37,
              "Actual Rows": 1,
              "Actual Loops": 7,
              "Plans": [
                {
                  "Node Type": "Seq Scan",
                  "Parent Relationship": "Outer",
                  "Parallel Aware": true,
                  "Relation Name": "cast_info",
                  "Alias": "ci",
                  "Startup Cost": 0.0,
                  "Total Cost": 343316.27,
                  "Plan Rows": 3144137,
                  "Plan Width": 0,
                  "Actual Startup Time": 174.098,
                  "Actual Total Time": 667.299,
                  "Actual Rows": 2468665,
                  "Actual Loops": 7,
                  "Filter": "((person_id > 1379870) AND (role_id < 9))",
                  "Rows Removed by Filter": 2709098
                }
              ]
            }
          ]
        }
      ]
    },
    "Planning Time": 0.272,
    "Triggers": [],
    "Execution Time": 834.289
  }
]