[
  {
    "Plan": {
      "Node Type": "Aggregate",
      "Strategy": "Plain",
      "Partial Mode": "Finalize",
      "Parallel Aware": false,
      "Startup Cost": 289771.39,
      "Total Cost": 289771.4,
      "Plan Rows": 1,
      "Plan Width": 8,
      "Actual Startup Time": 1523.308,
      "Actual Total Time": 1572.099,
      "Actual Rows": 1,
      "Actual Loops": 1,
      "Plans": [
        {
          "Node Type": "Gather",
          "Parent Relationship": "Outer",
          "Parallel Aware": false,
          "Startup Cost": 289770.86,
          "Total Cost": 289771.37,
          "Plan Rows": 5,
          "Plan Width": 8,
          "Actual Startup Time": 1500.535,
          "Actual Total Time": 1572.082,
          "Actual Rows": 6,
          "Actual Loops": 1,
          "Workers Planned": 5,
          "Workers Launched": 5,
          "Single Copy": false,
          "Plans": [
            {
              "Node Type": "Aggregate",
              "Strategy": "Plain",
              "Partial Mode": "Partial",
              "Parent Relationship": "Outer",
              "Parallel Aware": false,
              "Startup Cost": 288770.86,
              "Total Cost": 288770.87,
              "Plan Rows": 1,
              "Plan Width": 8,
              "Actual Startup Time": 1483.959,
              "Actual Total Time": 1483.965,
              "Actual Rows": 1,
              "Actual Loops": 6,
              "Plans": [
                {
                  "Node Type": "Hash Join",
                  "Parent Relationship": "Outer",
                  "Parallel Aware": true,
                  "Join Type": "Inner",
                  "Startup Cost": 71062.29,
                  "Total Cost": 285737.27,
                  "Plan Rows": 1213439,
                  "Plan Width": 0,
                  "Actual Startup Time": 419.443,
                  "Actual Total Time": 1367.546,
                  "Actual Rows": 2528610,
                  "Actual Loops": 6,
                  "Inner Unique": false,
                  "Hash Cond": "(mi.movie_id = t.id)",
                  "Plans": [
                    {
                      "Node Type": "Seq Scan",
                      "Parent Relationship": "Outer",
                      "Parallel Aware": true,
                      "Relation Name": "movie_info",
                      "Alias": "mi",
                      "Startup Cost": 0.0,
                      "Total Cost": 199108.24,
                      "Plan Rows": 2802861,
                      "Plan Width": 4,
                      "Actual Startup Time": 0.058,
                      "Actual Total Time": 362.606,
                      "Actual Rows": 2338930,
                      "Actual Loops": 6,
                      "Filter": "(info_type_id > 1)",
                      "Rows Removed by Filter": 133690
                    },
                    {
                      "Node Type": "Hash",
                      "Parent Relationship": "Inner",
                      "Parallel Aware": true,
                      "Startup Cost": 65361.11,
                      "Total Cost": 65361.11,
                      "Plan Rows": 456095,
                      "Plan Width": 8,
                      "Actual Startup Time": 412.911,
                      "Actual Total Time": 412.915,
                      "Actual Rows": 182400,
                      "Actual Loops": 6,
                      "Hash Buckets": 2097152,
                      "Original Hash Buckets": 2097152,
                      "Hash Batches": 1,
                      "Original Hash Batches": 1,
                      "Peak Memory Usage": 59328,
                      "Plans": [
                        {
                          "Node Type": "Hash Join",
                          "Parent Relationship": "Outer",
                          "Parallel Aware": true,
                          "Join Type": "Inner",
                          "Startup Cost": 50166.55,
                          "Total Cost": 65361.11,
                          "Plan Rows": 456095,
                          "Plan Width": 8,
                          "Actual Startup Time": 256.105,
                          "Actual Total Time": 347.032,
                          "Actual Rows": 182400,
                          "Actual Loops": 6,
                          "Inner Unique": true,
                          "Hash Cond": "(mi_idx.movie_id = t.id)",
                          "Plans": [
                            {
                              "Node Type": "Seq Scan",
                              "Parent Relationship": "Outer",
                              "Parallel Aware": true,
                              "Relation Name": "movie_info_idx",
                              "Alias": "mi_idx",
                              "Startup Cost": 0.0,
                              "Total Cost": 13685.15,
                              "Plan Rows": 575015,
                              "Plan Width": 4,
                              "Actual Startup Time": 0.013,
                              "Actual Total Time": 24.273,
                              "Actual Rows": 230006,
                              "Actual Loops": 6
                            },
                            {
                              "Node Type": "Hash",
                              "Parent Relationship": "Inner",
                              "Parallel Aware": true,
                              "Startup Cost": 43899.32,
                              "Total Cost": 43899.32,
                              "Plan Rows": 501378,
                              "Plan Width": 4,
                              "Actual Startup Time": 252.8,
                              "Actual Total Time": 252.802,
                              "Actual Rows": 331776,
                              "Actual Loops": 6,
                              "Hash Buckets": 2097152,
                              "Original Hash Buckets": 2097152,
                              "Hash Batches": 1,
                              "Original Hash Batches": 1,
                              "Peak Memory Usage": 94400,
                              "Plans": [
                                {
                                  "Node Type": "Seq Scan",
                                  "Parent Relationship": "Outer",
                                  "Parallel Aware": true,
                                  "Relation Name": "title",
                                  "Alias": "t",
                                  "Startup Cost": 0.0,
                                  "Total Cost": 43899.32,
                                  "Plan Rows": 501378,
                                  "Plan Width": 4,
                                  "Actual Startup Time": 0.098,
                                  "Actual Total Time": 93.624,
                                  "Actual Rows": 331776,
                                  "Actual Loops": 6,
                                  "Filter": "(production_year > 1976)",
                                  "Rows Removed by Filter": 89610
                                }
                              ]
                            }
                          ]
                        }
                      ]
                    }
                  ]
                }
              ]
            }
          ]
        }
      ]
    },
    "Planning Time": 1.509,
    "Triggers": [],
    "Execution Time": 1572.193
  }
]