[
    {
        "Bao": {
            "Bao prediction": "NaN",
            "Bao recommended hint": "(no hint)"
        }
    },
    {
        "Plan": {
            "Node Type": "Aggregate",
            "Strategy": "Plain",
            "Partial Mode": "Finalize",
            "Parallel Aware": false,
            "Startup Cost": 330628.4,
            "Total Cost": 330628.41,
            "Plan Rows": 1,
            "Plan Width": 8,
            "Actual Startup Time": 558.102,
            "Actual Total Time": 587.199,
            "Actual Rows": 1,
            "Actual Loops": 1,
            "Output": [
                "count(*)"
            ],
            "Plans": [
                {
                    "Node Type": "Gather",
                    "Parent Relationship": "Outer",
                    "Parallel Aware": false,
                    "Startup Cost": 330627.78,
                    "Total Cost": 330628.39,
                    "Plan Rows": 6,
                    "Plan Width": 8,
                    "Actual Startup Time": 557.967,
                    "Actual Total Time": 587.189,
                    "Actual Rows": 7,
                    "Actual Loops": 1,
                    "Output": [
                        "(PARTIAL count(*))"
                    ],
                    "Workers Planned": 6,
                    "Workers Launched": 6,
                    "Single Copy": false,
                    "Plans": [
                        {
                            "Node Type": "Aggregate",
                            "Strategy": "Plain",
                            "Partial Mode": "Partial",
                            "Parent Relationship": "Outer",
                            "Parallel Aware": false,
                            "Startup Cost": 329627.78,
                            "Total Cost": 329627.79,
                            "Plan Rows": 1,
                            "Plan Width": 8,
                            "Actual Startup Time": 548.435,
                            "Actual Total Time": 548.436,
                            "Actual Rows": 1,
                            "Actual Loops": 7,
                            "Output": [
                                "PARTIAL count(*)"
                            ],
                            "Workers": [
                                {
                                    "Worker Number": 0,
                                    "Actual Startup Time": 545.953,
                                    "Actual Total Time": 545.954,
                                    "Actual Rows": 1,
                                    "Actual Loops": 1
                                },
                                {
                                    "Worker Number": 1,
                                    "Actual Startup Time": 546.492,
                                    "Actual Total Time": 546.493,
                                    "Actual Rows": 1,
                                    "Actual Loops": 1
                                },
                                {
                                    "Worker Number": 2,
                                    "Actual Startup Time": 546.837,
                                    "Actual Total Time": 546.838,
                                    "Actual Rows": 1,
                                    "Actual Loops": 1
                                },
                                {
                                    "Worker Number": 3,
                                    "Actual Startup Time": 547.073,
                                    "Actual Total Time": 547.074,
                                    "Actual Rows": 1,
                                    "Actual Loops": 1
                                },
                                {
                                    "Worker Number": 4,
                                    "Actual Startup Time": 547.444,
                                    "Actual Total Time": 547.445,
                                    "Actual Rows": 1,
                                    "Actual Loops": 1
                                },
                                {
                                    "Worker Number": 5,
                                    "Actual Startup Time": 547.679,
                                    "Actual Total Time": 547.68,
                                    "Actual Rows": 1,
                                    "Actual Loops": 1
                                }
                            ],
                            "Plans": [
                                {
                                    "Node Type": "Seq Scan",
                                    "Parent Relationship": "Outer",
                                    "Parallel Aware": true,
                                    "Relation Name": "cast_info",
                                    "Schema": "public",
                                    "Alias": "ci",
                                    "Startup Cost": 0.0,
                                    "Total Cost": 328213.62,
                                    "Plan Rows": 565665,
                                    "Plan Width": 0,
                                    "Actual Startup Time": 405.376,
                                    "Actual Total Time": 524.506,
                                    "Actual Rows": 490395,
                                    "Actual Loops": 7,
                                    "Output": [
                                        "id",
                                        "person_id",
                                        "movie_id",
                                        "person_role_id",
                                        "note",
                                        "nr_order",
                                        "role_id"
                                    ],
                                    "Filter": "(ci.person_id > 3434090)",
                                    "Rows Removed by Filter": 4687368,
                                    "Workers": [
                                        {
                                            "Worker Number": 0,
                                            "Actual Startup Time": 402.876,
                                            "Actual Total Time": 522.569,
                                            "Actual Rows": 348632,
                                            "Actual Loops": 1
                                        },
                                        {
                                            "Worker Number": 1,
                                            "Actual Startup Time": 403.45,
                                            "Actual Total Time": 522.392,
                                            "Actual Rows": 359058,
                                            "Actual Loops": 1
                                        },
                                        {
                                            "Worker Number": 2,
                                            "Actual Startup Time": 403.786,
                                            "Actual Total Time": 522.841,
                                            "Actual Rows": 356872,
                                            "Actual Loops": 1
                                        },
                                        {
                                            "Worker Number": 3,
                                            "Actual Startup Time": 404.013,
                                            "Actual Total Time": 524.983,
                                            "Actual Rows": 536665,
                                            "Actual Loops": 1
                                        },
                                        {
                                            "Worker Number": 4,
                                            "Actual Startup Time": 404.39,
                                            "Actual Total Time": 524.138,
                                            "Actual Rows": 555070,
                                            "Actual Loops": 1
                                        },
                                        {
                                            "Worker Number": 5,
                                            "Actual Startup Time": 404.606,
                                            "Actual Total Time": 524.392,
                                            "Actual Rows": 554006,
                                            "Actual Loops": 1
                                        }
                                    ]
                                }
                            ]
                        }
                    ]
                }
            ]
        },
        "Planning Time": 187.342,
        "Triggers": [],
        "Execution Time": 587.259
    }
]