[
  {
    "Plan": {
      "Node Type": "Aggregate",
      "Strategy": "Plain",
      "Partial Mode": "Finalize",
      "Parallel Aware": false,
      "Startup Cost": 72404.72,
      "Total Cost": 72404.73,
      "Plan Rows": 1,
      "Plan Width": 8,
      "Actual Startup Time": 205.324,
      "Actual Total Time": 235.642,
      "Actual Rows": 1,
      "Actual Loops": 1,
      "Plans": [
        {
          "Node Type": "Gather",
          "Parent Relationship": "Outer",
          "Parallel Aware": false,
          "Startup Cost": 72404.4,
          "Total Cost": 72404.71,
          "Plan Rows": 3,
          "Plan Width": 8,
          "Actual Startup Time": 204.691,
          "Actual Total Time": 235.617,
          "Actual Rows": 4,
          "Actual Loops": 1,
          "Workers Planned": 3,
          "Workers Launched": 3,
          "Single Copy": false,
          "Plans": [
            {
              "Node Type": "Aggregate",
              "Strategy": "Plain",
              "Partial Mode": "Partial",
              "Parent Relationship": "Outer",
              "Parallel Aware": false,
              "Startup Cost": 71404.4,
              "Total Cost": 71404.41,
              "Plan Rows": 1,
              "Plan Width": 8,
              "Actual Startup Time": 195.118,
              "Actual Total Time": 195.123,
              "Actual Rows": 1,
              "Actual Loops": 4,
              "Plans": [
                {
                  "Node Type": "Nested Loop",
                  "Parent Relationship": "Outer",
                  "Parallel Aware": false,
                  "Join Type": "Inner",
                  "Startup Cost": 42547.72,
                  "Total Cost": 71403.1,
                  "Plan Rows": 520,
                  "Plan Width": 0,
                  "Actual Startup Time": 85.328,
                  "Actual Total Time": 194.65,
                  "Actual Rows": 4106,
                  "Actual Loops": 4,
                  "Inner Unique": false,
                  "Join Filter": "(t.id = ci.movie_id)",
                  "Rows Removed by Join Filter": 0,
                  "Plans": [
                    {
                      "Node Type": "Hash Join",
                      "Parent Relationship": "Outer",
                      "Parallel Aware": true,
                      "Join Type": "Inner",
                      "Startup Cost": 42547.16,
                      "Total Cost": 62283.16,
                      "Plan Rows": 1023,
                      "Plan Width": 8,
                      "Actual Startup Time": 84.697,
                      "Actual Total Time": 101.627,
                      "Actual Rows": 864,
                      "Actual Loops": 4,
                      "Inner Unique": true,
                      "Hash Cond": "(mc.movie_id = t.id)",
                      "Plans": [
                        {
                          "Node Type": "Bitmap Heap Scan",
                          "Parent Relationship": "Outer",
                          "Parallel Aware": true,
                          "Relation Name": "movie_companies",
                          "Alias": "mc",
                          "Startup Cost": 4203.09,
                          "Total Cost": 23774.9,
                          "Plan Rows": 62545,
                          "Plan Width": 4,
                          "Actual Startup Time": 13.164,
                          "Actual Total Time": 36.398,
                          "Actual Rows": 48010,
                          "Actual Loops": 4,
                          "Recheck Cond": "(company_id < 52)",
                          "Rows Removed by Index Recheck": 0,
                          "Exact Heap Blocks": 6411,
                          "Lossy Heap Blocks": 0,
                          "Plans": [
                            {
                              "Node Type": "Bitmap Index Scan",
                              "Parent Relationship": "Outer",
                              "Parallel Aware": false,
                              "Index Name": "company_id_movie_companies",
                              "Startup Cost": 0.0,
                              "Total Cost": 4154.61,
                              "Plan Rows": 193891,
                              "Plan Width": 0,
                              "Actual Startup Time": 10.968,
                              "Actual Total Time": 10.969,
                              "Actual Rows": 192038,
                              "Actual Loops": 1,
                              "Index Cond": "(company_id < 52)"
                            }
                          ]
                        },
                        {
                          "Node Type": "Hash",
                          "Parent Relationship": "Inner",
                          "Parallel Aware": true,
                          "Startup Cost": 38214.82,
                          "Total Cost": 38214.82,
                          "Plan Rows": 10340,
                          "Plan Width": 4,
                          "Actual Startup Time": 54.489,
                          "Actual Total Time": 54.491,
                          "Actual Rows": 6737,
                          "Actual Loops": 4,
                          "Hash Buckets": 65536,
                          "Original Hash Buckets": 65536,
                          "Hash Batches": 1,
                          "Original Hash Batches": 1,
                          "Peak Memory Usage": 1632,
                          "Plans": [
                            {
                              "Node Type": "Bitmap Heap Scan",
                              "Parent Relationship": "Outer",
                              "Parallel Aware": true,
                              "Relation Name": "title",
                              "Alias": "t",
                              "Startup Cost": 1833.47,
                              "Total Cost": 38214.82,
                              "Plan Rows": 10340,
                              "Plan Width": 4,
                              "Actual Startup Time": 13.159,
                              "Actual Total Time": 50.698,
                              "Actual Rows": 6737,
                              "Actual Loops": 4,
                              "Recheck Cond": "(kind_id = 3)",
                              "Rows Removed by Index Recheck": 0,
                              "Filter": "(production_year > 2005)",
                              "Rows Removed by Filter": 18398,
                              "Exact Heap Blocks": 7241,
                              "Lossy Heap Blocks": 0,
                              "Plans": [
                                {
                                  "Node Type": "Bitmap Index Scan",
                                  "Parent Relationship": "Outer",
                                  "Parallel Aware": false,
                                  "Index Name": "kind_id_title",
                                  "Startup Cost": 0.0,
                                  "Total Cost": 1823.13,
                                  "Plan Rows": 102227,
                                  "Plan Width": 0,
                                  "Actual Startup Time": 14.058,
                                  "Actual Total Time": 14.058,
                                  "Actual Rows": 100537,
                                  "Actual Loops": 1,
                                  "Index Cond": "(kind_id = 3)"
                                }
                              ]
                            }
                          ]
                        }
                      ]
                    },
                    {
                      "Node Type": "Index Scan",
                      "Parent Relationship": "Inner",
                      "Parallel Aware": false,
                      "Scan Direction": "Forward",
                      "Index Name": "movie_id_cast_info",
                      "Relation Name": "cast_info",
                      "Alias": "ci",
                      "Startup Cost": 0.56,
                      "Total Cost": 8.9,
                      "Plan Rows": 1,
                      "Plan Width": 4,
                      "Actual Startup Time": 0.091,
                      "Actual Total Time": 0.106,
                      "Actual Rows": 5,
                      "Actual Loops": 3454,
                      "Index Cond": "(movie_id = mc.movie_id)",
                      "Rows Removed by Index Recheck": 0,
                      "Filter": "((person_id > 2659261) AND (role_id = 10))",
                      "Rows Removed by Filter": 26
                    }
                  ]
                }
              ]
            }
          ]
        }
      ]
    },
    "Planning Time": 1.536,
    "Triggers": [],
    "Execution Time": 235.775
  }
]