[
  {
    "Plan": {
      "Node Type": "Aggregate",
      "Strategy": "Plain",
      "Partial Mode": "Simple",
      "Parallel Aware": false,
      "Startup Cost": 1059.94,
      "Total Cost": 1059.95,
      "Plan Rows": 1,
      "Plan Width": 8,
      "Actual Startup Time": 0.722,
      "Actual Total Time": 0.724,
      "Actual Rows": 1,
      "Actual Loops": 1,
      "Plans": [
        {
          "Node Type": "Index Scan",
          "Parent Relationship": "Outer",
          "Parallel Aware": false,
          "Scan Direction": "Forward",
          "Index Name": "person_id_cast_info",
          "Relation Name": "cast_info",
          "Alias": "ci",
          "Startup Cost": 0.56,
          "Total Cost": 1059.67,
          "Plan Rows": 107,
          "Plan Width": 0,
          "Actual Startup Time": 0.715,
          "Actual Total Time": 0.717,
          "Actual Rows": 1,
          "Actual Loops": 1,
          "Index Cond": "(person_id = 2392047)",
          "Rows Removed by Index Recheck": 0,
          "Filter": "(role_id > 6)",
          "Rows Removed by Filter": 267
        }
      ]
    },
    "Planning Time": 0.186,
    "Triggers": [],
    "Execution Time": 0.767
  }
]