[
  {
    "Plan": {
      "Node Type": "Aggregate",
      "Strategy": "Plain",
      "Partial Mode": "Finalize",
      "Parallel Aware": false,
      "Startup Cost": 46672.59,
      "Total Cost": 46672.6,
      "Plan Rows": 1,
      "Plan Width": 8,
      "Actual Startup Time": 93.681,
      "Actual Total Time": 104.857,
      "Actual Rows": 1,
      "Actual Loops": 1,
      "Plans": [
        {
          "Node Type": "Gather",
          "Parent Relationship": "Outer",
          "Parallel Aware": false,
          "Startup Cost": 46672.17,
          "Total Cost": 46672.58,
          "Plan Rows": 4,
          "Plan Width": 8,
          "Actual Startup Time": 93.539,
          "Actual Total Time": 104.849,
          "Actual Rows": 5,
          "Actual Loops": 1,
          "Workers Planned": 4,
          "Workers Launched": 4,
          "Single Copy": false,
          "Plans": [
            {
              "Node Type": "Aggregate",
              "Strategy": "Plain",
              "Partial Mode": "Partial",
              "Parent Relationship": "Outer",
              "Parallel Aware": false,
              "Startup Cost": 45672.17,
              "Total Cost": 45672.18,
              "Plan Rows": 1,
              "Plan Width": 8,
              "Actual Startup Time": 86.377,
              "Actual Total Time": 86.378,
              "Actual Rows": 1,
              "Actual Loops": 5,
              "Plans": [
                {
                  "Node Type": "Seq Scan",
                  "Parent Relationship": "Outer",
                  "Parallel Aware": true,
                  "Relation Name": "title",
                  "Alias": "t",
                  "Startup Cost": 0.0,
                  "Total Cost": 45479.1,
                  "Plan Rows": 77227,
                  "Plan Width": 0,
                  "Actual Startup Time": 0.037,
                  "Actual Total Time": 83.878,
                  "Actual Rows": 37496,
                  "Actual Loops": 5,
                  "Filter": "((kind_id > 2) AND (production_year < 1976))",
                  "Rows Removed by Filter": 468167
                }
              ]
            }
          ]
        }
      ]
    },
    "Planning Time": 0.155,
    "Triggers": [],
    "Execution Time": 104.908
  }
]