{
  "Plan": {
    "Node Type": "Aggregate",
    "Strategy": "Plain",
    "Partial Mode": "Finalize",
    "Parallel Aware": false,
    "Startup Cost": 147834.39,
    "Total Cost": 147834.4,
    "Plan Rows": 1,
    "Plan Width": 8,
    "Actual Startup Time": 878.304,
    "Actual Total Time": 896.784,
    "Actual Rows": 1,
    "Actual Loops": 1,
    "Plans": [
      {
        "Node Type": "Gather",
        "Parent Relationship": "Outer",
        "Parallel Aware": false,
        "Startup Cost": 147834.28,
        "Total Cost": 147834.39,
        "Plan Rows": 1,
        "Plan Width": 8,
        "Actual Startup Time": 874.525,
        "Actual Total Time": 896.777,
        "Actual Rows": 2,
        "Actual Loops": 1,
        "Workers Planned": 1,
        "Workers Launched": 1,
        "Single Copy": false,
        "Plans": [
          {
            "Node Type": "Aggregate",
            "Strategy": "Plain",
            "Partial Mode": "Partial",
            "Parent Relationship": "Outer",
            "Parallel Aware": false,
            "Startup Cost": 146834.28,
            "Total Cost": 146834.29,
            "Plan Rows": 1,
            "Plan Width": 8,
            "Actual Startup Time": 861.806,
            "Actual Total Time": 861.811,
            "Actual Rows": 1,
            "Actual Loops": 2,
            "Plans": [
              {
                "Node Type": "Hash Join",
                "Parent Relationship": "Outer",
                "Parallel Aware": false,
                "Join Type": "Inner",
                "Startup Cost": 70525.34,
                "Total Cost": 146833.9,
                "Plan Rows": 151,
                "Plan Width": 0,
                "Actual Startup Time": 526.308,
                "Actual Total Time": 861.796,
                "Actual Rows": 22,
                "Actual Loops": 2,
                "Inner Unique": false,
                "Hash Cond": "(t.id = ci.movie_id)",
                "Plans": [
                  {
                    "Node Type": "Hash Join",
                    "Parent Relationship": "Outer",
                    "Parallel Aware": true,
                    "Join Type": "Inner",
                    "Startup Cost": 69460.7,
                    "Total Cost": 109442.9,
                    "Plan Rows": 764734,
                    "Plan Width": 8,
                    "Actual Startup Time": 505.925,
                    "Actual Total Time": 821.211,
                    "Actual Rows": 646678,
                    "Actual Loops": 2,
                    "Inner Unique": true,
                    "Hash Cond": "(mc.movie_id = t.id)",
                    "Plans": [
                      {
                        "Node Type": "Seq Scan",
                        "Parent Relationship": "Outer",
                        "Parallel Aware": true,
                        "Relation Name": "movie_companies",
                        "Alias": "mc",
                        "Startup Cost": 0.0,
                        "Total Cost": 37974.77,
                        "Plan Rows": 764734,
                        "Plan Width": 4,
                        "Actual Startup Time": 0.015,
                        "Actual Total Time": 111.014,
                        "Actual Rows": 646678,
                        "Actual Loops": 2,
                        "Filter": "(company_id < 11261)",
                        "Rows Removed by Filter": 657886
                      },
                      {
                        "Node Type": "Hash",
                        "Parent Relationship": "Inner",
                        "Parallel Aware": true,
                        "Startup Cost": 50870.31,
                        "Total Cost": 50870.31,
                        "Plan Rows": 1487231,
                        "Plan Width": 4,
                        "Actual Startup Time": 484.625,
                        "Actual Total Time": 484.626,
                        "Actual Rows": 1264156,
                        "Actual Loops": 2,
                        "Hash Buckets": 4194304,
                        "Original Hash Buckets": 4194304,
                        "Hash Batches": 1,
                        "Original Hash Batches": 1,
                        "Peak Memory Usage": 131712,
                        "Plans": [
                          {
                            "Node Type": "Seq Scan",
                            "Parent Relationship": "Outer",
                            "Parallel Aware": true,
                            "Relation Name": "title",
                            "Alias": "t",
                            "Startup Cost": 0.0,
                            "Total Cost": 50870.31,
                            "Plan Rows": 1487231,
                            "Plan Width": 4,
                            "Actual Startup Time": 0.027,
                            "Actual Total Time": 142.573,
                            "Actual Rows": 1264156,
                            "Actual Loops": 2
                          }
                        ]
                      }
                    ]
                  },
                  {
                    "Node Type": "Hash",
                    "Parent Relationship": "Inner",
                    "Parallel Aware": false,
                    "Startup Cost": 1058.43,
                    "Total Cost": 1058.43,
                    "Plan Rows": 497,
                    "Plan Width": 4,
                    "Actual Startup Time": 1.031,
                    "Actual Total Time": 1.032,
                    "Actual Rows": 626,
                    "Actual Loops": 2,
                    "Hash Buckets": 1024,
                    "Original Hash Buckets": 1024,
                    "Hash Batches": 1,
                    "Original Hash Batches": 1,
                    "Peak Memory Usage": 31,
                    "Plans": [
                      {
                        "Node Type": "Index Scan",
                        "Parent Relationship": "Outer",
                        "Parallel Aware": false,
                        "Scan Direction": "Forward",
                        "Index Name": "person_id_cast_info",
                        "Relation Name": "cast_info",
                        "Alias": "ci",
                        "Startup Cost": 0.56,
                        "Total Cost": 1058.43,
                        "Plan Rows": 497,
                        "Plan Width": 4,
                        "Actual Startup Time": 0.243,
                        "Actual Total Time": 0.719,
                        "Actual Rows": 626,
                        "Actual Loops": 2,
                        "Index Cond": "(person_id = 343429)",
                        "Rows Removed by Index Recheck": 0
                      }
                    ]
                  }
                ]
              }
            ]
          }
        ]
      }
    ]
  },
  "Planning Time": 0.907,
  "Triggers": [],
  "Execution Time": 896.868
}