[
    {
        "Bao": {
            "Bao prediction": "NaN",
            "Bao recommended hint": "(no hint)"
        }
    },
    {
        "Plan": {
            "Node Type": "Aggregate",
            "Strategy": "Plain",
            "Partial Mode": "Finalize",
            "Parallel Aware": false,
            "Startup Cost": 43071.88,
            "Total Cost": 43071.89,
            "Plan Rows": 1,
            "Plan Width": 8,
            "Actual Startup Time": 136.992,
            "Actual Total Time": 142.837,
            "Actual Rows": 1,
            "Actual Loops": 1,
            "Output": [
                "count(*)"
            ],
            "Plans": [
                {
                    "Node Type": "Gather",
                    "Parent Relationship": "Outer",
                    "Parallel Aware": false,
                    "Startup Cost": 43071.56,
                    "Total Cost": 43071.87,
                    "Plan Rows": 3,
                    "Plan Width": 8,
                    "Actual Startup Time": 136.763,
                    "Actual Total Time": 142.829,
                    "Actual Rows": 4,
                    "Actual Loops": 1,
                    "Output": [
                        "(PARTIAL count(*))"
                    ],
                    "Workers Planned": 3,
                    "Workers Launched": 3,
                    "Single Copy": false,
                    "Plans": [
                        {
                            "Node Type": "Aggregate",
                            "Strategy": "Plain",
                            "Partial Mode": "Partial",
                            "Parent Relationship": "Outer",
                            "Parallel Aware": false,
                            "Startup Cost": 42071.56,
                            "Total Cost": 42071.57,
                            "Plan Rows": 1,
                            "Plan Width": 8,
                            "Actual Startup Time": 128.257,
                            "Actual Total Time": 128.258,
                            "Actual Rows": 1,
                            "Actual Loops": 4,
                            "Output": [
                                "PARTIAL count(*)"
                            ],
                            "Workers": [
                                {
                                    "Worker Number": 0,
                                    "Actual Startup Time": 125.265,
                                    "Actual Total Time": 125.266,
                                    "Actual Rows": 1,
                                    "Actual Loops": 1
                                },
                                {
                                    "Worker Number": 1,
                                    "Actual Startup Time": 125.44,
                                    "Actual Total Time": 125.442,
                                    "Actual Rows": 1,
                                    "Actual Loops": 1
                                },
                                {
                                    "Worker Number": 2,
                                    "Actual Startup Time": 125.877,
                                    "Actual Total Time": 125.879,
                                    "Actual Rows": 1,
                                    "Actual Loops": 1
                                }
                            ],
                            "Plans": [
                                {
                                    "Node Type": "Bitmap Heap Scan",
                                    "Parent Relationship": "Outer",
                                    "Parallel Aware": true,
                                    "Relation Name": "movie_keyword",
                                    "Schema": "public",
                                    "Alias": "mk",
                                    "Startup Cost": 14345.38,
                                    "Total Cost": 41526.2,
                                    "Plan Rows": 218145,
                                    "Plan Width": 0,
                                    "Actual Startup Time": 43.852,
                                    "Actual Total Time": 119.431,
                                    "Actual Rows": 169644,
                                    "Actual Loops": 4,
                                    "Recheck Cond": "(mk.keyword_id < 555)",
                                    "Rows Removed by Index Recheck": 0,
                                    "Exact Heap Blocks": 10062,
                                    "Lossy Heap Blocks": 0,
                                    "Workers": [
                                        {
                                            "Worker Number": 0,
                                            "Actual Startup Time": 41.11,
                                            "Actual Total Time": 116.948,
                                            "Actual Rows": 134972,
                                            "Actual Loops": 1
                                        },
                                        {
                                            "Worker Number": 1,
                                            "Actual Startup Time": 41.427,
                                            "Actual Total Time": 117.543,
                                            "Actual Rows": 129058,
                                            "Actual Loops": 1
                                        },
                                        {
                                            "Worker Number": 2,
                                            "Actual Startup Time": 41.364,
                                            "Actual Total Time": 117.788,
                                            "Actual Rows": 134041,
                                            "Actual Loops": 1
                                        }
                                    ],
                                    "Plans": [
                                        {
                                            "Node Type": "Bitmap Index Scan",
                                            "Parent Relationship": "Outer",
                                            "Parallel Aware": false,
                                            "Index Name": "keyword_id_movie_keyword",
                                            "Startup Cost": 0.0,
                                            "Total Cost": 14176.32,
                                            "Plan Rows": 676251,
                                            "Plan Width": 0,
                                            "Actual Startup Time": 47.995,
                                            "Actual Total Time": 47.996,
                                            "Actual Rows": 678575,
                                            "Actual Loops": 1,
                                            "Index Cond": "(mk.keyword_id < 555)"
                                        }
                                    ]
                                }
                            ]
                        }
                    ]
                }
            ]
        },
        "Planning Time": 195.024,
        "Triggers": [],
        "Execution Time": 142.897
    }
]