[
  {
    "Plan": {
      "Node Type": "Aggregate",
      "Strategy": "Plain",
      "Partial Mode": "Finalize",
      "Parallel Aware": false,
      "Startup Cost": 31095.18,
      "Total Cost": 31095.19,
      "Plan Rows": 1,
      "Plan Width": 8,
      "Actual Startup Time": 91.648,
      "Actual Total Time": 100.551,
      "Actual Rows": 1,
      "Actual Loops": 1,
      "Plans": [
        {
          "Node Type": "Gather",
          "Parent Relationship": "Outer",
          "Parallel Aware": false,
          "Startup Cost": 31094.86,
          "Total Cost": 31095.17,
          "Plan Rows": 3,
          "Plan Width": 8,
          "Actual Startup Time": 91.477,
          "Actual Total Time": 100.542,
          "Actual Rows": 4,
          "Actual Loops": 1,
          "Workers Planned": 3,
          "Workers Launched": 3,
          "Single Copy": false,
          "Plans": [
            {
              "Node Type": "Aggregate",
              "Strategy": "Plain",
              "Partial Mode": "Partial",
              "Parent Relationship": "Outer",
              "Parallel Aware": false,
              "Startup Cost": 30094.86,
              "Total Cost": 30094.87,
              "Plan Rows": 1,
              "Plan Width": 8,
              "Actual Startup Time": 87.589,
              "Actual Total Time": 87.591,
              "Actual Rows": 1,
              "Actual Loops": 4,
              "Plans": [
                {
                  "Node Type": "Seq Scan",
                  "Parent Relationship": "Outer",
                  "Parallel Aware": true,
                  "Relation Name": "movie_companies",
                  "Alias": "mc",
                  "Startup Cost": 0.0,
                  "Total Cost": 29310.68,
                  "Plan Rows": 313671,
                  "Plan Width": 0,
                  "Actual Startup Time": 16.696,
                  "Actual Total Time": 76.384,
                  "Actual Rows": 240488,
                  "Actual Loops": 4,
                  "Filter": "(company_id > 18025)",
                  "Rows Removed by Filter": 411794
                }
              ]
            }
          ]
        }
      ]
    },
    "Planning Time": 0.199,
    "Triggers": [],
    "Execution Time": 100.607
  }
]