[
  {
    "Plan": {
      "Node Type": "Aggregate",
      "Strategy": "Plain",
      "Partial Mode": "Finalize",
      "Parallel Aware": false,
      "Startup Cost": 387666.69,
      "Total Cost": 387666.7,
      "Plan Rows": 1,
      "Plan Width": 8,
      "Actual Startup Time": 1320.513,
      "Actual Total Time": 1378.398,
      "Actual Rows": 1,
      "Actual Loops": 1,
      "Plans": [
        {
          "Node Type": "Gather",
          "Parent Relationship": "Outer",
          "Parallel Aware": false,
          "Startup Cost": 387666.07,
          "Total Cost": 387666.68,
          "Plan Rows": 6,
          "Plan Width": 8,
          "Actual Startup Time": 1317.501,
          "Actual Total Time": 1378.384,
          "Actual Rows": 7,
          "Actual Loops": 1,
          "Workers Planned": 6,
          "Workers Launched": 6,
          "Single Copy": false,
          "Plans": [
            {
              "Node Type": "Aggregate",
              "Strategy": "Plain",
              "Partial Mode": "Partial",
              "Parent Relationship": "Outer",
              "Parallel Aware": false,
              "Startup Cost": 386666.07,
              "Total Cost": 386666.08,
              "Plan Rows": 1,
              "Plan Width": 8,
              "Actual Startup Time": 1308.327,
              "Actual Total Time": 1308.332,
              "Actual Rows": 1,
              "Actual Loops": 7,
              "Plans": [
                {
                  "Node Type": "Hash Join",
                  "Parent Relationship": "Outer",
                  "Parallel Aware": true,
                  "Join Type": "Inner",
                  "Startup Cost": 46825.36,
                  "Total Cost": 385042.94,
                  "Plan Rows": 649249,
                  "Plan Width": 0,
                  "Actual Startup Time": 97.388,
                  "Actual Total Time": 1289.184,
                  "Actual Rows": 366650,
                  "Actual Loops": 7,
                  "Inner Unique": true,
                  "Hash Cond": "(ci.movie_id = t.id)",
                  "Plans": [
                    {
                      "Node Type": "Seq Scan",
                      "Parent Relationship": "Outer",
                      "Parallel Aware": true,
                      "Relation Name": "cast_info",
                      "Alias": "ci",
                      "Startup Cost": 0.0,
                      "Total Cost": 328211.39,
                      "Plan Rows": 3811874,
                      "Plan Width": 4,
                      "Actual Startup Time": 0.045,
                      "Actual Total Time": 635.045,
                      "Actual Rows": 3294377,
                      "Actual Loops": 7,
                      "Filter": "(person_id < 2356795)",
                      "Rows Removed by Filter": 1883387
                    },
                    {
                      "Node Type": "Hash",
                      "Parent Relationship": "Inner",
                      "Parallel Aware": true,
                      "Startup Cost": 45479.59,
                      "Total Cost": 45479.59,
                      "Plan Rows": 107662,
                      "Plan Width": 4,
                      "Actual Startup Time": 95.401,
                      "Actual Total Time": 95.403,
                      "Actual Rows": 42310,
                      "Actual Loops": 7,
                      "Hash Buckets": 524288,
                      "Original Hash Buckets": 524288,
                      "Hash Batches": 1,
                      "Original Hash Batches": 1,
                      "Peak Memory Usage": 15776,
                      "Plans": [
                        {
                          "Node Type": "Seq Scan",
                          "Parent Relationship": "Outer",
                          "Parallel Aware": true,
                          "Relation Name": "title",
                          "Alias": "t",
                          "Startup Cost": 0.0,
                          "Total Cost": 45479.59,
                          "Plan Rows": 107662,
                          "Plan Width": 4,
                          "Actual Startup Time": 0.046,
                          "Actual Total Time": 74.903,
                          "Actual Rows": 42310,
                          "Actual Loops": 7,
                          "Filter": "((kind_id > 3) AND (production_year < 1989))",
                          "Rows Removed by Filter": 318877
                        }
                      ]
                    }
                  ]
                }
              ]
            }
          ]
        }
      ]
    },
    "Planning Time": 0.605,
    "Triggers": [],
    "Execution Time": 1378.483
  }
]