{
  "Plan": {
    "Node Type": "Aggregate",
    "Strategy": "Plain",
    "Partial Mode": "Finalize",
    "Parallel Aware": false,
    "Startup Cost": 470232.6,
    "Total Cost": 470232.61,
    "Plan Rows": 1,
    "Plan Width": 32,
    "Actual Startup Time": 3031.518,
    "Actual Total Time": 3093.705,
    "Actual Rows": 1,
    "Actual Loops": 1,
    "Plans": [
      {
        "Node Type": "Gather",
        "Parent Relationship": "Outer",
        "Parallel Aware": false,
        "Startup Cost": 470232.49,
        "Total Cost": 470232.6,
        "Plan Rows": 1,
        "Plan Width": 32,
        "Actual Startup Time": 3023.818,
        "Actual Total Time": 3093.695,
        "Actual Rows": 2,
        "Actual Loops": 1,
        "Workers Planned": 1,
        "Workers Launched": 1,
        "Single Copy": false,
        "Plans": [
          {
            "Node Type": "Aggregate",
            "Strategy": "Plain",
            "Partial Mode": "Partial",
            "Parent Relationship": "Outer",
            "Parallel Aware": false,
            "Startup Cost": 469232.49,
            "Total Cost": 469232.5,
            "Plan Rows": 1,
            "Plan Width": 32,
            "Actual Startup Time": 3018.174,
            "Actual Total Time": 3018.363,
            "Actual Rows": 1,
            "Actual Loops": 2,
            "Plans": [
              {
                "Node Type": "Hash Join",
                "Parent Relationship": "Outer",
                "Parallel Aware": false,
                "Join Type": "Inner",
                "Startup Cost": 468887.69,
                "Total Cost": 469222.26,
                "Plan Rows": 4092,
                "Plan Width": 17,
                "Actual Startup Time": 3012.439,
                "Actual Total Time": 3018.334,
                "Actual Rows": 279,
                "Actual Loops": 2,
                "Inner Unique": true,
                "Hash Cond": "(mc.company_type_id = ct.id)",
                "Plans": [
                  {
                    "Node Type": "Merge Join",
                    "Parent Relationship": "Outer",
                    "Parallel Aware": false,
                    "Join Type": "Inner",
                    "Startup Cost": 468886.63,
                    "Total Cost": 469132.71,
                    "Plan Rows": 16368,
                    "Plan Width": 21,
                    "Actual Startup Time": 3012.049,
                    "Actual Total Time": 3016.597,
                    "Actual Rows": 26890,
                    "Actual Loops": 2,
                    "Inner Unique": true,
                    "Merge Cond": "(mi.info_type_id = it.id)",
                    "Plans": [
                      {
                        "Node Type": "Sort",
                        "Parent Relationship": "Outer",
                        "Parallel Aware": false,
                        "Startup Cost": 468880.65,
                        "Total Cost": 468921.57,
                        "Plan Rows": 16368,
                        "Plan Width": 25,
                        "Actual Startup Time": 3011.984,
                        "Actual Total Time": 3013.229,
                        "Actual Rows": 26890,
                        "Actual Loops": 2,
                        "Sort Key": [
                          "mi.info_type_id"
                        ],
                        "Sort Method": "quicksort",
                        "Sort Space Used": 2748,
                        "Sort Space Type": "Memory",
                        "Workers": [
                          {
                            "Worker Number": 0,
                            "Sort Method": "quicksort",
                            "Sort Space Used": 3090,
                            "Sort Space Type": "Memory"
                          }
                        ],
                        "Plans": [
                          {
                            "Node Type": "Hash Join",
                            "Parent Relationship": "Outer",
                            "Parallel Aware": true,
                            "Join Type": "Inner",
                            "Startup Cost": 106400.86,
                            "Total Cost": 467735.0,
                            "Plan Rows": 16368,
                            "Plan Width": 25,
                            "Actual Startup Time": 828.414,
                            "Actual Total Time": 3003.312,
                            "Actual Rows": 26890,
                            "Actual Loops": 2,
                            "Inner Unique": false,
                            "Hash Cond": "(t.id = mc.movie_id)",
                            "Plans": [
                              {
                                "Node Type": "Hash Join",
                                "Parent Relationship": "Outer",
                                "Parallel Aware": true,
                                "Join Type": "Inner",
                                "Startup Cost": 63324.42,
                                "Total Cost": 423058.65,
                                "Plan Rows": 240582,
                                "Plan Width": 29,
                                "Actual Startup Time": 530.821,
                                "Actual Total Time": 2638.877,
                                "Actual Rows": 189494,
                                "Actual Loops": 2,
                                "Inner Unique": true,
                                "Hash Cond": "(mi.movie_id = t.id)",
                                "Plans": [
                                  {
                                    "Node Type": "Seq Scan",
                                    "Parent Relationship": "Outer",
                                    "Parallel Aware": true,
                                    "Relation Name": "movie_info",
                                    "Alias": "mi",
                                    "Startup Cost": 0.0,
                                    "Total Cost": 358390.48,
                                    "Plan Rows": 511902,
                                    "Plan Width": 8,
                                    "Actual Startup Time": 0.028,
                                    "Actual Total Time": 1908.502,
                                    "Actual Rows": 438496,
                                    "Actual Loops": 2,
                                    "Filter": "(info = ANY ('{English,Norwegian,American,Norway,America,German,Danish,Bulgaria,Denish,Sweden}'::text[]))",
                                    "Rows Removed by Filter": 6979364
                                  },
                                  {
                                    "Node Type": "Hash",
                                    "Parent Relationship": "Inner",
                                    "Parallel Aware": true,
                                    "Startup Cost": 54587.68,
                                    "Total Cost": 54587.68,
                                    "Plan Rows": 698939,
                                    "Plan Width": 21,
                                    "Actual Startup Time": 518.33,
                                    "Actual Total Time": 518.332,
                                    "Actual Rows": 596259,
                                    "Actual Loops": 2,
                                    "Hash Buckets": 2097152,
                                    "Original Hash Buckets": 2097152,
                                    "Hash Batches": 1,
                                    "Original Hash Batches": 1,
                                    "Peak Memory Usage": 83296,
                                    "Plans": [
                                      {
                                        "Node Type": "Seq Scan",
                                        "Parent Relationship": "Outer",
                                        "Parallel Aware": true,
                                        "Relation Name": "title",
                                        "Alias": "t",
                                        "Startup Cost": 0.0,
                                        "Total Cost": 54587.68,
                                        "Plan Rows": 698939,
                                        "Plan Width": 21,
                                        "Actual Startup Time": 0.033,
                                        "Actual Total Time": 217.799,
                                        "Actual Rows": 596259,
                                        "Actual Loops": 2,
                                        "Filter": "(production_year > 2003)",
                                        "Rows Removed by Filter": 667897
                                      }
                                    ]
                                  }
                                ]
                              },
                              {
                                "Node Type": "Hash",
                                "Parent Relationship": "Inner",
                                "Parallel Aware": true,
                                "Startup Cost": 41811.73,
                                "Total Cost": 41811.73,
                                "Plan Rows": 101177,
                                "Plan Width": 8,
                                "Actual Startup Time": 292.752,
                                "Actual Total Time": 292.753,
                                "Actual Rows": 147814,
                                "Actual Loops": 2,
                                "Hash Buckets": 524288,
                                "Original Hash Buckets": 262144,
                                "Hash Batches": 1,
                                "Original Hash Batches": 1,
                                "Peak Memory Usage": 17728,
                                "Plans": [
                                  {
                                    "Node Type": "Seq Scan",
                                    "Parent Relationship": "Outer",
                                    "Parallel Aware": true,
                                    "Relation Name": "movie_companies",
                                    "Alias": "mc",
                                    "Startup Cost": 0.0,
                                    "Total Cost": 41811.73,
                                    "Plan Rows": 101177,
                                    "Plan Width": 8,
                                    "Actual Startup Time": 0.052,
                                    "Actual Total Time": 232.854,
                                    "Actual Rows": 147814,
                                    "Actual Loops": 2,
                                    "Filter": "((note !~~ '%(TV)%'::text) AND (note ~~ '%(USA)%'::text))",
                                    "Rows Removed by Filter": 1156750
                                  }
                                ]
                              }
                            ]
                          }
                        ]
                      },
                      {
                        "Node Type": "Sort",
                        "Parent Relationship": "Inner",
                        "Parallel Aware": false,
                        "Startup Cost": 5.98,
                        "Total Cost": 6.27,
                        "Plan Rows": 113,
                        "Plan Width": 4,
                        "Actual Startup Time": 0.057,
                        "Actual Total Time": 0.058,
                        "Actual Rows": 18,
                        "Actual Loops": 2,
                        "Sort Key": [
                          "it.id"
                        ],
                        "Sort Method": "quicksort",
                        "Sort Space Used": 30,
                        "Sort Space Type": "Memory",
                        "Workers": [
                          {
                            "Worker Number": 0,
                            "Sort Method": "quicksort",
                            "Sort Space Used": 30,
                            "Sort Space Type": "Memory"
                          }
                        ],
                        "Plans": [
                          {
                            "Node Type": "Seq Scan",
                            "Parent Relationship": "Outer",
                            "Parallel Aware": false,
                            "Relation Name": "info_type",
                            "Alias": "it",
                            "Startup Cost": 0.0,
                            "Total Cost": 2.13,
                            "Plan Rows": 113,
                            "Plan Width": 4,
                            "Actual Startup Time": 0.025,
                            "Actual Total Time": 0.033,
                            "Actual Rows": 113,
                            "Actual Loops": 2
                          }
                        ]
                      }
                    ]
                  },
                  {
                    "Node Type": "Hash",
                    "Parent Relationship": "Inner",
                    "Parallel Aware": false,
                    "Startup Cost": 1.05,
                    "Total Cost": 1.05,
                    "Plan Rows": 1,
                    "Plan Width": 4,
                    "Actual Startup Time": 0.077,
                    "Actual Total Time": 0.077,
                    "Actual Rows": 1,
                    "Actual Loops": 2,
                    "Hash Buckets": 1024,
                    "Original Hash Buckets": 1024,
                    "Hash Batches": 1,
                    "Original Hash Batches": 1,
                    "Peak Memory Usage": 9,
                    "Plans": [
                      {
                        "Node Type": "Seq Scan",
                        "Parent Relationship": "Outer",
                        "Parallel Aware": false,
                        "Relation Name": "company_type",
                        "Alias": "ct",
                        "Startup Cost": 0.0,
                        "Total Cost": 1.05,
                        "Plan Rows": 1,
                        "Plan Width": 4,
                        "Actual Startup Time": 0.058,
                        "Actual Total Time": 0.06,
                        "Actual Rows": 1,
                        "Actual Loops": 2,
                        "Filter": "((kind)::text = 'production companies'::text)",
                        "Rows Removed by Filter": 3
                      }
                    ]
                  }
                ]
              }
            ]
          }
        ]
      }
    ]
  },
  "Planning Time": 0.91,
  "Triggers": [],
  "Execution Time": 3093.821
}