[
  {
    "Bao": {
      "Bao prediction": 30.196,
      "Bao recommended hint": "(no hint)"
    }
  },
  {
    "Plan": {
      "Node Type": "Aggregate",
      "Strategy": "Plain",
      "Partial Mode": "Simple",
      "Parallel Aware": false,
      "Startup Cost": 1190.37,
      "Total Cost": 1190.38,
      "Plan Rows": 1,
      "Plan Width": 96,
      "Actual Startup Time": 26.616,
      "Actual Total Time": 26.639,
      "Actual Rows": 1,
      "Actual Loops": 1,
      "Plans": [
        {
          "Node Type": "Nested Loop",
          "Parent Relationship": "Outer",
          "Parallel Aware": false,
          "Join Type": "Inner",
          "Startup Cost": 340.58,
          "Total Cost": 1190.36,
          "Plan Rows": 1,
          "Plan Width": 48,
          "Actual Startup Time": 17.068,
          "Actual Total Time": 26.528,
          "Actual Rows": 247,
          "Actual Loops": 1,
          "Inner Unique": true,
          "Plans": [
            {
              "Node Type": "Nested Loop",
              "Parent Relationship": "Outer",
              "Parallel Aware": false,
              "Join Type": "Inner",
              "Startup Cost": 340.16,
              "Total Cost": 1189.46,
              "Plan Rows": 2,
              "Plan Width": 52,
              "Actual Startup Time": 16.915,
              "Actual Total Time": 22.324,
              "Actual Rows": 1919,
              "Actual Loops": 1,
              "Inner Unique": false,
              "Join Filter": "(ml.movie_id = mk.movie_id)",
              "Rows Removed by Join Filter": 0,
              "Plans": [
                {
                  "Node Type": "Nested Loop",
                  "Parent Relationship": "Outer",
                  "Parallel Aware": false,
                  "Join Type": "Inner",
                  "Startup Cost": 339.73,
                  "Total Cost": 1187.5,
                  "Plan Rows": 1,
                  "Plan Width": 68,
                  "Actual Startup Time": 16.855,
                  "Actual Total Time": 21.02,
                  "Actual Rows": 247,
                  "Actual Loops": 1,
                  "Inner Unique": false,
                  "Join Filter": "(ml.movie_id = mi.movie_id)",
                  "Rows Removed by Join Filter": 0,
                  "Plans": [
                    {
                      "Node Type": "Nested Loop",
                      "Parent Relationship": "Outer",
                      "Parallel Aware": false,
                      "Join Type": "Inner",
                      "Startup Cost": 339.29,
                      "Total Cost": 1185.45,
                      "Plan Rows": 1,
                      "Plan Width": 64,
                      "Actual Startup Time": 16.616,
                      "Actual Total Time": 19.751,
                      "Actual Rows": 95,
                      "Actual Loops": 1,
                      "Inner Unique": true,
                      "Join Filter": "(ml.movie_id = t.id)",
                      "Rows Removed by Join Filter": 0,
                      "Plans": [
                        {
                          "Node Type": "Nested Loop",
                          "Parent Relationship": "Outer",
                          "Parallel Aware": false,
                          "Join Type": "Inner",
                          "Startup Cost": 338.86,
                          "Total Cost": 1180.62,
                          "Plan Rows": 8,
                          "Plan Width": 43,
                          "Actual Startup Time": 6.44,
                          "Actual Total Time": 18.68,
                          "Actual Rows": 273,
                          "Actual Loops": 1,
                          "Inner Unique": true,
                          "Plans": [
                            {
                              "Node Type": "Hash Join",
                              "Parent Relationship": "Outer",
                              "Parallel Aware": false,
                              "Join Type": "Inner",
                              "Startup Cost": 338.44,
                              "Total Cost": 1165.53,
                              "Plan Rows": 33,
                              "Plan Width": 28,
                              "Actual Startup Time": 5.676,
                              "Actual Total Time": 14.643,
                              "Actual Rows": 705,
                              "Actual Loops": 1,
                              "Inner Unique": true,
                              "Hash Cond": "(mc.company_type_id = ct.id)",
                              "Plans": [
                                {
                                  "Node Type": "Nested Loop",
                                  "Parent Relationship": "Outer",
                                  "Parallel Aware": false,
                                  "Join Type": "Inner",
                                  "Startup Cost": 337.38,
                                  "Total Cost": 1163.75,
                                  "Plan Rows": 131,
                                  "Plan Width": 32,
                                  "Actual Startup Time": 5.605,
                                  "Actual Total Time": 14.335,
                                  "Actual Rows": 794,
                                  "Actual Loops": 1,
                                  "Inner Unique": false,
                                  "Join Filter": "(ml.movie_id = mc.movie_id)",
                                  "Rows Removed by Join Filter": 0,
                                  "Plans": [
                                    {
                                      "Node Type": "Hash Join",
                                      "Parent Relationship": "Outer",
                                      "Parallel Aware": false,
                                      "Join Type": "Inner",
                                      "Startup Cost": 336.95,
                                      "Total Cost": 701.19,
                                      "Plan Rows": 335,
                                      "Plan Width": 20,
                                      "Actual Startup Time": 5.467,
                                      "Actual Total Time": 10.765,
                                      "Actual Rows": 189,
                                      "Actual Loops": 1,
                                      "Inner Unique": true,
                                      "Hash Cond": "(cc.subject_id = cct1.id)",
                                      "Plans": [
                                        {
                                          "Node Type": "Hash Join",
                                          "Parent Relationship": "Outer",
                                          "Parallel Aware": false,
                                          "Join Type": "Inner",
                                          "Startup Cost": 335.88,
                                          "Total Cost": 696.49,
                                          "Plan Rows": 670,
                                          "Plan Width": 24,
                                          "Actual Startup Time": 5.422,
                                          "Actual Total Time": 10.657,
                                          "Actual Rows": 189,
                                          "Actual Loops": 1,
                                          "Inner Unique": true,
                                          "Hash Cond": "(cc.status_id = cct2.id)",
                                          "Plans": [
                                            {
                                              "Node Type": "Merge Join",
                                              "Parent Relationship": "Outer",
                                              "Parallel Aware": false,
                                              "Join Type": "Inner",
                                              "Startup Cost": 334.81,
                                              "Total Cost": 680.94,
                                              "Plan Rows": 2680,
                                              "Plan Width": 28,
                                              "Actual Startup Time": 5.375,
                                              "Actual Total Time": 10.524,
                                              "Actual Rows": 257,
                                              "Actual Loops": 1,
                                              "Inner Unique": false,
                                              "Merge Cond": "(cc.movie_id = ml.movie_id)",
                                              "Plans": [
                                                {
                                                  "Node Type": "Index Scan",
                                                  "Parent Relationship": "Outer",
                                                  "Parallel Aware": false,
                                                  "Scan Direction": "Forward",
                                                  "Index Name": "movie_id_complete_cast",
                                                  "Relation Name": "complete_cast",
                                                  "Alias": "cc",
                                                  "Startup Cost": 0.42,
                                                  "Total Cost": 6650.11,
                                                  "Plan Rows": 135086,
                                                  "Plan Width": 12,
                                                  "Actual Startup Time": 0.04,
                                                  "Actual Total Time": 4.396,
                                                  "Actual Rows": 5993,
                                                  "Actual Loops": 1
                                                },
                                                {
                                                  "Node Type": "Sort",
                                                  "Parent Relationship": "Inner",
                                                  "Parallel Aware": false,
                                                  "Startup Cost": 334.38,
                                                  "Total Cost": 338.55,
                                                  "Plan Rows": 1666,
                                                  "Plan Width": 16,
                                                  "Actual Startup Time": 4.801,
                                                  "Actual Total Time": 5.006,
                                                  "Actual Rows": 2341,
                                                  "Actual Loops": 1,
                                                  "Sort Key": [
                                                    "ml.movie_id"
                                                  ],
                                                  "Sort Method": "quicksort",
                                                  "Sort Space Used": 205,
                                                  "Sort Space Type": "Memory",
                                                  "Plans": [
                                                    {
                                                      "Node Type": "Nested Loop",
                                                      "Parent Relationship": "Outer",
                                                      "Parallel Aware": false,
                                                      "Join Type": "Inner",
                                                      "Startup Cost": 38.82,
                                                      "Total Cost": 245.23,
                                                      "Plan Rows": 1666,
                                                      "Plan Width": 16,
                                                      "Actual Startup Time": 0.207,
                                                      "Actual Total Time": 3.47,
                                                      "Actual Rows": 2315,
                                                      "Actual Loops": 1,
                                                      "Inner Unique": false,
                                                      "Plans": [
                                                        {
                                                          "Node Type": "Seq Scan",
                                                          "Parent Relationship": "Outer",
                                                          "Parallel Aware": false,
                                                          "Relation Name": "link_type",
                                                          "Alias": "lt",
                                                          "Startup Cost": 0.0,
                                                          "Total Cost": 1.23,
                                                          "Plan Rows": 1,
                                                          "Plan Width": 16,
                                                          "Actual Startup Time": 0.009,
                                                          "Actual Total Time": 0.019,
                                                          "Actual Rows": 2,
                                                          "Actual Loops": 1,
                                                          "Filter": "((link)::text ~~ '%follow%'::text)",
                                                          "Rows Removed by Filter": 16
                                                        },
                                                        {
                                                          "Node Type": "Bitmap Heap Scan",
                                                          "Parent Relationship": "Inner",
                                                          "Parallel Aware": false,
                                                          "Relation Name": "movie_link",
                                                          "Alias": "ml",
                                                          "Startup Cost": 38.82,
                                                          "Total Cost": 225.26,
                                                          "Plan Rows": 1875,
                                                          "Plan Width": 8,
                                                          "Actual Startup Time": 0.183,
                                                          "Actual Total Time": 1.464,
                                                          "Actual Rows": 1158,
                                                          "Actual Loops": 2,
                                                          "Recheck Cond": "(link_type_id = lt.id)",
                                                          "Rows Removed by Index Recheck": 0,
                                                          "Exact Heap Blocks": 191,
                                                          "Lossy Heap Blocks": 0,
                                                          "Plans": [
                                                            {
                                                              "Node Type": "Bitmap Index Scan",
                                                              "Parent Relationship": "Outer",
                                                              "Parallel Aware": false,
                                                              "Index Name": "link_type_id_movie_link",
                                                              "Startup Cost": 0.0,
                                                              "Total Cost": 38.35,
                                                              "Plan Rows": 1875,
                                                              "Plan Width": 0,
                                                              "Actual Startup Time": 0.156,
                                                              "Actual Total Time": 0.156,
                                                              "Actual Rows": 1158,
                                                              "Actual Loops": 2,
                                                              "Index Cond": "(link_type_id = lt.id)"
                                                            }
                                                          ]
                                                        }
                                                      ]
                                                    }
                                                  ]
                                                }
                                              ]
                                            },
                                            {
                                              "Node Type": "Hash",
                                              "Parent Relationship": "Inner",
                                              "Parallel Aware": false,
                                              "Startup Cost": 1.05,
                                              "Total Cost": 1.05,
                                              "Plan Rows": 1,
                                              "Plan Width": 4,
                                              "Actual Startup Time": 0.012,
                                              "Actual Total Time": 0.012,
                                              "Actual Rows": 1,
                                              "Actual Loops": 1,
                                              "Hash Buckets": 1024,
                                              "Original Hash Buckets": 1024,
                                              "Hash Batches": 1,
                                              "Original Hash Batches": 1,
                                              "Peak Memory Usage": 9,
                                              "Plans": [
                                                {
                                                  "Node Type": "Seq Scan",
                                                  "Parent Relationship": "Outer",
                                                  "Parallel Aware": false,
                                                  "Relation Name": "comp_cast_type",
                                                  "Alias": "cct2",
                                                  "Startup Cost": 0.0,
                                                  "Total Cost": 1.05,
                                                  "Plan Rows": 1,
                                                  "Plan Width": 4,
                                                  "Actual Startup Time": 0.005,
                                                  "Actual Total Time": 0.006,
                                                  "Actual Rows": 1,
                                                  "Actual Loops": 1,
                                                  "Filter": "((kind)::text = 'complete'::text)",
                                                  "Rows Removed by Filter": 3
                                                }
                                              ]
                                            }
                                          ]
                                        },
                                        {
                                          "Node Type": "Hash",
                                          "Parent Relationship": "Inner",
                                          "Parallel Aware": false,
                                          "Startup Cost": 1.05,
                                          "Total Cost": 1.05,
                                          "Plan Rows": 2,
                                          "Plan Width": 4,
                                          "Actual Startup Time": 0.018,
                                          "Actual Total Time": 0.019,
                                          "Actual Rows": 2,
                                          "Actual Loops": 1,
                                          "Hash Buckets": 1024,
                                          "Original Hash Buckets": 1024,
                                          "Hash Batches": 1,
                                          "Original Hash Batches": 1,
                                          "Peak Memory Usage": 9,
                                          "Plans": [
                                            {
                                              "Node Type": "Seq Scan",
                                              "Parent Relationship": "Outer",
                                              "Parallel Aware": false,
                                              "Relation Name": "comp_cast_type",
                                              "Alias": "cct1",
                                              "Startup Cost": 0.0,
                                              "Total Cost": 1.05,
                                              "Plan Rows": 2,
                                              "Plan Width": 4,
                                              "Actual Startup Time": 0.01,
                                              "Actual Total Time": 0.012,
                                              "Actual Rows": 2,
                                              "Actual Loops": 1,
                                              "Filter": "((kind)::text = ANY ('{cast,crew}'::text[]))",
                                              "Rows Removed by Filter": 2
                                            }
                                          ]
                                        }
                                      ]
                                    },
                                    {
                                      "Node Type": "Index Scan",
                                      "Parent Relationship": "Inner",
                                      "Parallel Aware": false,
                                      "Scan Direction": "Forward",
                                      "Index Name": "movie_id_movie_companies",
                                      "Relation Name": "movie_companies",
                                      "Alias": "mc",
                                      "Startup Cost": 0.43,
                                      "Total Cost": 1.36,
                                      "Plan Rows": 2,
                                      "Plan Width": 12,
                                      "Actual Startup Time": 0.015,
                                      "Actual Total Time": 0.018,
                                      "Actual Rows": 4,
                                      "Actual Loops": 189,
                                      "Index Cond": "(movie_id = cc.movie_id)",
                                      "Rows Removed by Index Recheck": 0,
                                      "Filter": "(note IS NULL)",
                                      "Rows Removed by Filter": 3
                                    }
                                  ]
                                },
                                {
                                  "Node Type": "Hash",
                                  "Parent Relationship": "Inner",
                                  "Parallel Aware": false,
                                  "Startup Cost": 1.05,
                                  "Total Cost": 1.05,
                                  "Plan Rows": 1,
                                  "Plan Width": 4,
                                  "Actual Startup Time": 0.031,
                                  "Actual Total Time": 0.032,
                                  "Actual Rows": 1,
                                  "Actual Loops": 1,
                                  "Hash Buckets": 1024,
                                  "Original Hash Buckets": 1024,
                                  "Hash Batches": 1,
                                  "Original Hash Batches": 1,
                                  "Peak Memory Usage": 9,
                                  "Plans": [
                                    {
                                      "Node Type": "Seq Scan",
                                      "Parent Relationship": "Outer",
                                      "Parallel Aware": false,
                                      "Relation Name": "company_type",
                                      "Alias": "ct",
                                      "Startup Cost": 0.0,
                                      "Total Cost": 1.05,
                                      "Plan Rows": 1,
                                      "Plan Width": 4,
                                      "Actual Startup Time": 0.018,
                                      "Actual Total Time": 0.02,
                                      "Actual Rows": 1,
                                      "Actual Loops": 1,
                                      "Filter": "((kind)::text = 'production companies'::text)",
                                      "Rows Removed by Filter": 3
                                    }
                                  ]
                                }
                              ]
                            },
                            {
                              "Node Type": "Index Scan",
                              "Parent Relationship": "Inner",
                              "Parallel Aware": false,
                              "Scan Direction": "Forward",
                              "Index Name": "company_name_pkey",
                              "Relation Name": "company_name",
                              "Alias": "cn",
                              "Startup Cost": 0.42,
                              "Total Cost": 0.46,
                              "Plan Rows": 1,
                              "Plan Width": 23,
                              "Actual Startup Time": 0.005,
                              "Actual Total Time": 0.005,
                              "Actual Rows": 0,
                              "Actual Loops": 705,
                              "Index Cond": "(id = mc.company_id)",
                              "Rows Removed by Index Recheck": 0,
                              "Filter": "(((country_code)::text <> '[pl]'::text) AND ((name ~~ '%Film%'::text) OR (name ~~ '%Warner%'::text)))",
                              "Rows Removed by Filter": 1
                            }
                          ]
                        },
                        {
                          "Node Type": "Index Scan",
                          "Parent Relationship": "Inner",
                          "Parallel Aware": false,
                          "Scan Direction": "Forward",
                          "Index Name": "title_pkey",
                          "Relation Name": "title",
                          "Alias": "t",
                          "Startup Cost": 0.43,
                          "Total Cost": 0.59,
                          "Plan Rows": 1,
                          "Plan Width": 21,
                          "Actual Startup Time": 0.004,
                          "Actual Total Time": 0.004,
                          "Actual Rows": 0,
                          "Actual Loops": 273,
                          "Index Cond": "(id = mc.movie_id)",
                          "Rows Removed by Index Recheck": 0,
                          "Filter": "(production_year = 1998)",
                          "Rows Removed by Filter": 1
                        }
                      ]
                    },
                    {
                      "Node Type": "Index Scan",
                      "Parent Relationship": "Inner",
                      "Parallel Aware": false,
                      "Scan Direction": "Forward",
                      "Index Name": "movie_id_movie_info",
                      "Relation Name": "movie_info",
                      "Alias": "mi",
                      "Startup Cost": 0.43,
                      "Total Cost": 2.04,
                      "Plan Rows": 1,
                      "Plan Width": 4,
                      "Actual Startup Time": 0.01,
                      "Actual Total Time": 0.013,
                      "Actual Rows": 3,
                      "Actual Loops": 95,
                      "Index Cond": "(movie_id = mc.movie_id)",
                      "Rows Removed by Index Recheck": 0,
                      "Filter": "(info = ANY ('{Sweden,Germany,Swedish,German}'::text[]))",
                      "Rows Removed by Filter": 10
                    }
                  ]
                },
                {
                  "Node Type": "Index Scan",
                  "Parent Relationship": "Inner",
                  "Parallel Aware": false,
                  "Scan Direction": "Forward",
                  "Index Name": "movie_id_movie_keyword",
                  "Relation Name": "movie_keyword",
                  "Alias": "mk",
                  "Startup Cost": 0.43,
                  "Total Cost": 1.38,
                  "Plan Rows": 46,
                  "Plan Width": 8,
                  "Actual Startup Time": 0.002,
                  "Actual Total Time": 0.003,
                  "Actual Rows": 8,
                  "Actual Loops": 247,
                  "Index Cond": "(movie_id = mc.movie_id)",
                  "Rows Removed by Index Recheck": 0
                }
              ]
            },
            {
              "Node Type": "Index Scan",
              "Parent Relationship": "Inner",
              "Parallel Aware": false,
              "Scan Direction": "Forward",
              "Index Name": "keyword_pkey",
              "Relation Name": "keyword",
              "Alias": "k",
              "Startup Cost": 0.42,
              "Total Cost": 0.44,
              "Plan Rows": 1,
              "Plan Width": 4,
              "Actual Startup Time": 0.002,
              "Actual Total Time": 0.002,
              "Actual Rows": 0,
              "Actual Loops": 1919,
              "Index Cond": "(id = mk.keyword_id)",
              "Rows Removed by Index Recheck": 0,
              "Filter": "(keyword = 'sequel'::text)",
              "Rows Removed by Filter": 1
            }
          ]
        }
      ]
    },
    "Planning Time": 1066.67,
    "Triggers": [],
    "Execution Time": 27.494
  }
]