[
  {
    "Plan": {
      "Node Type": "Aggregate",
      "Strategy": "Plain",
      "Partial Mode": "Finalize",
      "Parallel Aware": false,
      "Startup Cost": 95317.72,
      "Total Cost": 95317.73,
      "Plan Rows": 1,
      "Plan Width": 8,
      "Actual Startup Time": 422.623,
      "Actual Total Time": 438.635,
      "Actual Rows": 1,
      "Actual Loops": 1,
      "Plans": [
        {
          "Node Type": "Gather",
          "Parent Relationship": "Outer",
          "Parallel Aware": false,
          "Startup Cost": 95317.4,
          "Total Cost": 95317.71,
          "Plan Rows": 3,
          "Plan Width": 8,
          "Actual Startup Time": 416.321,
          "Actual Total Time": 438.626,
          "Actual Rows": 4,
          "Actual Loops": 1,
          "Workers Planned": 3,
          "Workers Launched": 3,
          "Single Copy": false,
          "Plans": [
            {
              "Node Type": "Aggregate",
              "Strategy": "Plain",
              "Partial Mode": "Partial",
              "Parent Relationship": "Outer",
              "Parallel Aware": false,
              "Startup Cost": 94317.4,
              "Total Cost": 94317.41,
              "Plan Rows": 1,
              "Plan Width": 8,
              "Actual Startup Time": 402.775,
              "Actual Total Time": 402.779,
              "Actual Rows": 1,
              "Actual Loops": 4,
              "Plans": [
                {
                  "Node Type": "Hash Join",
                  "Parent Relationship": "Outer",
                  "Parallel Aware": true,
                  "Join Type": "Inner",
                  "Startup Cost": 48883.35,
                  "Total Cost": 93520.65,
                  "Plan Rows": 318702,
                  "Plan Width": 0,
                  "Actual Startup Time": 224.079,
                  "Actual Total Time": 399.961,
                  "Actual Rows": 62109,
                  "Actual Loops": 4,
                  "Inner Unique": true,
                  "Hash Cond": "(mk.movie_id = t.id)",
                  "Plans": [
                    {
                      "Node Type": "Seq Scan",
                      "Parent Relationship": "Outer",
                      "Parallel Aware": true,
                      "Relation Name": "movie_keyword",
                      "Alias": "mk",
                      "Startup Cost": 0.0,
                      "Total Cost": 42695.65,
                      "Plan Rows": 739675,
                      "Plan Width": 4,
                      "Actual Startup Time": 0.332,
                      "Actual Total Time": 109.632,
                      "Actual Rows": 572080,
                      "Actual Loops": 4,
                      "Filter": "(keyword_id > 4605)",
                      "Rows Removed by Filter": 558902
                    },
                    {
                      "Node Type": "Hash",
                      "Parent Relationship": "Inner",
                      "Parallel Aware": true,
                      "Startup Cost": 45479.1,
                      "Total Cost": 45479.1,
                      "Plan Rows": 272340,
                      "Plan Width": 4,
                      "Actual Startup Time": 215.505,
                      "Actual Total Time": 215.506,
                      "Actual Rows": 261056,
                      "Actual Loops": 4,
                      "Hash Buckets": 2097152,
                      "Original Hash Buckets": 2097152,
                      "Hash Batches": 1,
                      "Original Hash Batches": 1,
                      "Peak Memory Usage": 57280,
                      "Plans": [
                        {
                          "Node Type": "Seq Scan",
                          "Parent Relationship": "Outer",
                          "Parallel Aware": true,
                          "Relation Name": "title",
                          "Alias": "t",
                          "Startup Cost": 0.0,
                          "Total Cost": 45479.1,
                          "Plan Rows": 272340,
                          "Plan Width": 4,
                          "Actual Startup Time": 0.042,
                          "Actual Total Time": 109.948,
                          "Actual Rows": 261056,
                          "Actual Loops": 4,
                          "Filter": "((production_year < 2009) AND (kind_id = 7))",
                          "Rows Removed by Filter": 371022
                        }
                      ]
                    }
                  ]
                }
              ]
            }
          ]
        }
      ]
    },
    "Planning Time": 0.612,
    "Triggers": [],
    "Execution Time": 438.705
  }
]