{
  "Plan": {
    "Node Type": "Aggregate",
    "Strategy": "Plain",
    "Partial Mode": "Finalize",
    "Parallel Aware": false,
    "Startup Cost": 229851.47,
    "Total Cost": 229851.48,
    "Plan Rows": 1,
    "Plan Width": 8,
    "Actual Startup Time": 152.295,
    "Actual Total Time": 165.692,
    "Actual Rows": 1,
    "Actual Loops": 1,
    "Plans": [
      {
        "Node Type": "Gather",
        "Parent Relationship": "Outer",
        "Parallel Aware": false,
        "Startup Cost": 229851.35,
        "Total Cost": 229851.46,
        "Plan Rows": 1,
        "Plan Width": 8,
        "Actual Startup Time": 152.164,
        "Actual Total Time": 165.686,
        "Actual Rows": 2,
        "Actual Loops": 1,
        "Workers Planned": 1,
        "Workers Launched": 1,
        "Single Copy": false,
        "Plans": [
          {
            "Node Type": "Aggregate",
            "Strategy": "Plain",
            "Partial Mode": "Partial",
            "Parent Relationship": "Outer",
            "Parallel Aware": false,
            "Startup Cost": 228851.35,
            "Total Cost": 228851.36,
            "Plan Rows": 1,
            "Plan Width": 8,
            "Actual Startup Time": 146.156,
            "Actual Total Time": 146.158,
            "Actual Rows": 1,
            "Actual Loops": 2,
            "Plans": [
              {
                "Node Type": "Nested Loop",
                "Parent Relationship": "Outer",
                "Parallel Aware": false,
                "Join Type": "Inner",
                "Startup Cost": 0.43,
                "Total Cost": 228850.36,
                "Plan Rows": 399,
                "Plan Width": 0,
                "Actual Startup Time": 11.236,
                "Actual Total Time": 146.139,
                "Actual Rows": 20,
                "Actual Loops": 2,
                "Inner Unique": false,
                "Plans": [
                  {
                    "Node Type": "Seq Scan",
                    "Parent Relationship": "Outer",
                    "Parallel Aware": true,
                    "Relation Name": "title",
                    "Alias": "t",
                    "Startup Cost": 0.0,
                    "Total Cost": 58306.47,
                    "Plan Rows": 1267,
                    "Plan Width": 4,
                    "Actual Startup Time": 0.959,
                    "Actual Total Time": 140.862,
                    "Actual Rows": 149,
                    "Actual Loops": 2,
                    "Filter": "((kind_id > 1) AND (production_year > 2013))",
                    "Rows Removed by Filter": 1264007
                  },
                  {
                    "Node Type": "Index Scan",
                    "Parent Relationship": "Inner",
                    "Parallel Aware": false,
                    "Scan Direction": "Forward",
                    "Index Name": "movie_id_movie_info",
                    "Relation Name": "movie_info",
                    "Alias": "mi",
                    "Startup Cost": 0.43,
                    "Total Cost": 134.58,
                    "Plan Rows": 2,
                    "Plan Width": 4,
                    "Actual Startup Time": 0.03,
                    "Actual Total Time": 0.034,
                    "Actual Rows": 0,
                    "Actual Loops": 298,
                    "Index Cond": "(movie_id = t.id)",
                    "Rows Removed by Index Recheck": 0,
                    "Filter": "(info_type_id < 2)",
                    "Rows Removed by Filter": 4
                  }
                ]
              }
            ]
          }
        ]
      }
    ]
  },
  "Planning Time": 0.467,
  "Triggers": [],
  "Execution Time": 165.766
}