{
  "Plan": {
    "Node Type": "Aggregate",
    "Strategy": "Plain",
    "Partial Mode": "Finalize",
    "Parallel Aware": false,
    "Startup Cost": 374154.62,
    "Total Cost": 374154.63,
    "Plan Rows": 1,
    "Plan Width": 64,
    "Actual Startup Time": 10047.964,
    "Actual Total Time": 10096.503,
    "Actual Rows": 1,
    "Actual Loops": 1,
    "Plans": [
      {
        "Node Type": "Gather",
        "Parent Relationship": "Outer",
        "Parallel Aware": false,
        "Startup Cost": 374154.5,
        "Total Cost": 374154.61,
        "Plan Rows": 1,
        "Plan Width": 64,
        "Actual Startup Time": 10047.957,
        "Actual Total Time": 10096.495,
        "Actual Rows": 1,
        "Actual Loops": 1,
        "Workers Planned": 1,
        "Workers Launched": 0,
        "Single Copy": false,
        "Plans": [
          {
            "Node Type": "Aggregate",
            "Strategy": "Plain",
            "Partial Mode": "Partial",
            "Parent Relationship": "Outer",
            "Parallel Aware": false,
            "Startup Cost": 373154.5,
            "Total Cost": 373154.51,
            "Plan Rows": 1,
            "Plan Width": 64,
            "Actual Startup Time": 10047.121,
            "Actual Total Time": 10047.129,
            "Actual Rows": 1,
            "Actual Loops": 1,
            "Plans": [
              {
                "Node Type": "Nested Loop",
                "Parent Relationship": "Outer",
                "Parallel Aware": false,
                "Join Type": "Inner",
                "Startup Cost": 290216.25,
                "Total Cost": 373143.0,
                "Plan Rows": 2300,
                "Plan Width": 33,
                "Actual Startup Time": 5844.794,
                "Actual Total Time": 10037.988,
                "Actual Rows": 80038,
                "Actual Loops": 1,
                "Inner Unique": false,
                "Join Filter": "(n1.id = a1.person_id)",
                "Rows Removed by Join Filter": 0,
                "Plans": [
                  {
                    "Node Type": "Nested Loop",
                    "Parent Relationship": "Outer",
                    "Parallel Aware": false,
                    "Join Type": "Inner",
                    "Startup Cost": 290215.83,
                    "Total Cost": 367967.37,
                    "Plan Rows": 10636,
                    "Plan Width": 25,
                    "Actual Startup Time": 5837.374,
                    "Actual Total Time": 9725.509,
                    "Actual Rows": 118090,
                    "Actual Loops": 1,
                    "Inner Unique": true,
                    "Plans": [
                      {
                        "Node Type": "Hash Join",
                        "Parent Relationship": "Outer",
                        "Parallel Aware": true,
                        "Join Type": "Inner",
                        "Startup Cost": 290215.4,
                        "Total Cost": 363124.87,
                        "Plan Rows": 10636,
                        "Plan Width": 21,
                        "Actual Startup Time": 5837.346,
                        "Actual Total Time": 9255.746,
                        "Actual Rows": 118090,
                        "Actual Loops": 1,
                        "Inner Unique": true,
                        "Hash Cond": "(mc.company_id = cn.id)",
                        "Plans": [
                          {
                            "Node Type": "Hash Join",
                            "Parent Relationship": "Outer",
                            "Parallel Aware": true,
                            "Join Type": "Inner",
                            "Startup Cost": 285482.45,
                            "Total Cost": 353578.2,
                            "Plan Rows": 1833767,
                            "Plan Width": 25,
                            "Actual Startup Time": 5782.006,
                            "Actual Total Time": 8259.477,
                            "Actual Rows": 17728827,
                            "Actual Loops": 1,
                            "Inner Unique": false,
                            "Hash Cond": "(mc.movie_id = ci.movie_id)",
                            "Plans": [
                              {
                                "Node Type": "Seq Scan",
                                "Parent Relationship": "Outer",
                                "Parallel Aware": true,
                                "Relation Name": "movie_companies",
                                "Alias": "mc",
                                "Startup Cost": 0.0,
                                "Total Cost": 34137.82,
                                "Plan Rows": 1534782,
                                "Plan Width": 8,
                                "Actual Startup Time": 0.005,
                                "Actual Total Time": 185.336,
                                "Actual Rows": 2609129,
                                "Actual Loops": 1
                              },
                              {
                                "Node Type": "Hash",
                                "Parent Relationship": "Inner",
                                "Parallel Aware": true,
                                "Startup Cost": 263269.39,
                                "Total Cost": 263269.39,
                                "Plan Rows": 1777045,
                                "Plan Width": 29,
                                "Actual Startup Time": 5745.902,
                                "Actual Total Time": 5745.906,
                                "Actual Rows": 4323018,
                                "Actual Loops": 1,
                                "Hash Buckets": 8388608,
                                "Original Hash Buckets": 4194304,
                                "Hash Batches": 1,
                                "Original Hash Batches": 1,
                                "Peak Memory Usage": 380128,
                                "Plans": [
                                  {
                                    "Node Type": "Hash Join",
                                    "Parent Relationship": "Outer",
                                    "Parallel Aware": false,
                                    "Join Type": "Inner",
                                    "Startup Cost": 185332.19,
                                    "Total Cost": 263269.39,
                                    "Plan Rows": 1777045,
                                    "Plan Width": 29,
                                    "Actual Startup Time": 2185.519,
                                    "Actual Total Time": 4464.202,
                                    "Actual Rows": 4323018,
                                    "Actual Loops": 1,
                                    "Inner Unique": false,
                                    "Hash Cond": "(t.id = ci.movie_id)",
                                    "Plans": [
                                      {
                                        "Node Type": "Seq Scan",
                                        "Parent Relationship": "Outer",
                                        "Parallel Aware": true,
                                        "Relation Name": "title",
                                        "Alias": "t",
                                        "Startup Cost": 0.0,
                                        "Total Cost": 50871.08,
                                        "Plan Rows": 1487308,
                                        "Plan Width": 21,
                                        "Actual Startup Time": 0.01,
                                        "Actual Total Time": 241.185,
                                        "Actual Rows": 2528312,
                                        "Actual Loops": 1
                                      },
                                      {
                                        "Node Type": "Hash",
                                        "Parent Relationship": "Inner",
                                        "Parallel Aware": false,
                                        "Startup Cost": 147569.99,
                                        "Total Cost": 147569.99,
                                        "Plan Rows": 3020976,
                                        "Plan Width": 8,
                                        "Actual Startup Time": 2164.554,
                                        "Actual Total Time": 2164.556,
                                        "Actual Rows": 4323018,
                                        "Actual Loops": 1,
                                        "Hash Buckets": 8388608,
                                        "Original Hash Buckets": 4194304,
                                        "Hash Batches": 1,
                                        "Original Hash Batches": 1,
                                        "Peak Memory Usage": 234404,
                                        "Plans": [
                                          {
                                            "Node Type": "Nested Loop",
                                            "Parent Relationship": "Outer",
                                            "Parallel Aware": false,
                                            "Join Type": "Inner",
                                            "Startup Cost": 0.56,
                                            "Total Cost": 147569.99,
                                            "Plan Rows": 3020976,
                                            "Plan Width": 8,
                                            "Actual Startup Time": 0.082,
                                            "Actual Total Time": 979.975,
                                            "Actual Rows": 4323018,
                                            "Actual Loops": 1,
                                            "Inner Unique": false,
                                            "Plans": [
                                              {
                                                "Node Type": "Seq Scan",
                                                "Parent Relationship": "Outer",
                                                "Parallel Aware": false,
                                                "Relation Name": "role_type",
                                                "Alias": "rt",
                                                "Startup Cost": 0.0,
                                                "Total Cost": 1.15,
                                                "Plan Rows": 1,
                                                "Plan Width": 4,
                                                "Actual Startup Time": 0.024,
                                                "Actual Total Time": 0.029,
                                                "Actual Rows": 1,
                                                "Actual Loops": 1,
                                                "Filter": "((role)::text = 'miscellaneous crew'::text)",
                                                "Rows Removed by Filter": 11
                                              },
                                              {
                                                "Node Type": "Index Scan",
                                                "Parent Relationship": "Inner",
                                                "Parallel Aware": false,
                                                "Scan Direction": "Forward",
                                                "Index Name": "role_id_cast_info",
                                                "Relation Name": "cast_info",
                                                "Alias": "ci",
                                                "Startup Cost": 0.56,
                                                "Total Cost": 114612.74,
                                                "Plan Rows": 3295610,
                                                "Plan Width": 12,
                                                "Actual Startup Time": 0.037,
                                                "Actual Total Time": 590.639,
                                                "Actual Rows": 4323018,
                                                "Actual Loops": 1,
                                                "Index Cond": "(role_id = rt.id)",
                                                "Rows Removed by Index Recheck": 0
                                              }
                                            ]
                                          }
                                        ]
                                      }
                                    ]
                                  }
                                ]
                              }
                            ]
                          },
                          {
                            "Node Type": "Hash",
                            "Parent Relationship": "Inner",
                            "Parallel Aware": true,
                            "Startup Cost": 4722.92,
                            "Total Cost": 4722.92,
                            "Plan Rows": 802,
                            "Plan Width": 4,
                            "Actual Startup Time": 37.913,
                            "Actual Total Time": 37.914,
                            "Actual Rows": 1361,
                            "Actual Loops": 1,
                            "Hash Buckets": 2048,
                            "Original Hash Buckets": 2048,
                            "Hash Batches": 1,
                            "Original Hash Batches": 1,
                            "Peak Memory Usage": 80,
                            "Plans": [
                              {
                                "Node Type": "Seq Scan",
                                "Parent Relationship": "Outer",
                                "Parallel Aware": true,
                                "Relation Name": "company_name",
                                "Alias": "cn",
                                "Startup Cost": 0.0,
                                "Total Cost": 4722.92,
                                "Plan Rows": 802,
                                "Plan Width": 4,
                                "Actual Startup Time": 0.034,
                                "Actual Total Time": 37.387,
                                "Actual Rows": 1361,
                                "Actual Loops": 1,
                                "Filter": "((country_code)::text = '[ru]'::text)",
                                "Rows Removed by Filter": 233636
                              }
                            ]
                          }
                        ]
                      },
                      {
                        "Node Type": "Index Only Scan",
                        "Parent Relationship": "Inner",
                        "Parallel Aware": false,
                        "Scan Direction": "Forward",
                        "Index Name": "name_pkey",
                        "Relation Name": "name",
                        "Alias": "n1",
                        "Startup Cost": 0.43,
                        "Total Cost": 0.46,
                        "Plan Rows": 1,
                        "Plan Width": 4,
                        "Actual Startup Time": 0.004,
                        "Actual Total Time": 0.004,
                        "Actual Rows": 1,
                        "Actual Loops": 118090,
                        "Index Cond": "(id = ci.person_id)",
                        "Rows Removed by Index Recheck": 0,
                        "Heap Fetches": 118090
                      }
                    ]
                  },
                  {
                    "Node Type": "Index Scan",
                    "Parent Relationship": "Inner",
                    "Parallel Aware": false,
                    "Scan Direction": "Forward",
                    "Index Name": "person_id_aka_name",
                    "Relation Name": "aka_name",
                    "Alias": "a1",
                    "Startup Cost": 0.42,
                    "Total Cost": 0.46,
                    "Plan Rows": 2,
                    "Plan Width": 20,
                    "Actual Startup Time": 0.002,
                    "Actual Total Time": 0.002,
                    "Actual Rows": 1,
                    "Actual Loops": 118090,
                    "Index Cond": "(person_id = ci.person_id)",
                    "Rows Removed by Index Recheck": 0
                  }
                ]
              }
            ]
          }
        ]
      }
    ]
  },
  "Planning Time": 1.428,
  "Triggers": [],
  "Execution Time": 10102.039
}