[
  {
    "Plan": {
      "Node Type": "Aggregate",
      "Strategy": "Plain",
      "Partial Mode": "Finalize",
      "Parallel Aware": false,
      "Startup Cost": 342975.4,
      "Total Cost": 342975.41,
      "Plan Rows": 1,
      "Plan Width": 8,
      "Actual Startup Time": 416.066,
      "Actual Total Time": 448.306,
      "Actual Rows": 1,
      "Actual Loops": 1,
      "Plans": [
        {
          "Node Type": "Gather",
          "Parent Relationship": "Outer",
          "Parallel Aware": false,
          "Startup Cost": 342974.78,
          "Total Cost": 342975.39,
          "Plan Rows": 6,
          "Plan Width": 8,
          "Actual Startup Time": 415.946,
          "Actual Total Time": 448.292,
          "Actual Rows": 7,
          "Actual Loops": 1,
          "Workers Planned": 6,
          "Workers Launched": 6,
          "Single Copy": false,
          "Plans": [
            {
              "Node Type": "Aggregate",
              "Strategy": "Plain",
              "Partial Mode": "Partial",
              "Parent Relationship": "Outer",
              "Parallel Aware": false,
              "Startup Cost": 341974.78,
              "Total Cost": 341974.79,
              "Plan Rows": 1,
              "Plan Width": 8,
              "Actual Startup Time": 409.143,
              "Actual Total Time": 409.145,
              "Actual Rows": 1,
              "Actual Loops": 7,
              "Plans": [
                {
                  "Node Type": "Index Scan",
                  "Parent Relationship": "Outer",
                  "Parallel Aware": true,
                  "Scan Direction": "Forward",
                  "Index Name": "role_id_cast_info",
                  "Relation Name": "cast_info",
                  "Alias": "ci",
                  "Startup Cost": 0.56,
                  "Total Cost": 341155.22,
                  "Plan Rows": 327823,
                  "Plan Width": 0,
                  "Actual Startup Time": 0.11,
                  "Actual Total Time": 379.319,
                  "Actual Rows": 597933,
                  "Actual Loops": 7,
                  "Index Cond": "(role_id = 1)",
                  "Rows Removed by Index Recheck": 0,
                  "Filter": "(person_id < 560142)",
                  "Rows Removed by Filter": 1212165
                }
              ]
            }
          ]
        }
      ]
    },
    "Planning Time": 0.136,
    "Triggers": [],
    "Execution Time": 448.357
  }
]