[
  {
    "Plan": {
      "Node Type": "Aggregate",
      "Strategy": "Plain",
      "Partial Mode": "Finalize",
      "Parallel Aware": false,
      "Startup Cost": 31624.11,
      "Total Cost": 31624.12,
      "Plan Rows": 1,
      "Plan Width": 8,
      "Actual Startup Time": 88.561,
      "Actual Total Time": 94.669,
      "Actual Rows": 1,
      "Actual Loops": 1,
      "Plans": [
        {
          "Node Type": "Gather",
          "Parent Relationship": "Outer",
          "Parallel Aware": false,
          "Startup Cost": 31623.8,
          "Total Cost": 31624.11,
          "Plan Rows": 3,
          "Plan Width": 8,
          "Actual Startup Time": 88.463,
          "Actual Total Time": 94.662,
          "Actual Rows": 4,
          "Actual Loops": 1,
          "Workers Planned": 3,
          "Workers Launched": 3,
          "Single Copy": false,
          "Plans": [
            {
              "Node Type": "Aggregate",
              "Strategy": "Plain",
              "Partial Mode": "Partial",
              "Parent Relationship": "Outer",
              "Parallel Aware": false,
              "Startup Cost": 30623.8,
              "Total Cost": 30623.81,
              "Plan Rows": 1,
              "Plan Width": 8,
              "Actual Startup Time": 85.185,
              "Actual Total Time": 85.186,
              "Actual Rows": 1,
              "Actual Loops": 4,
              "Plans": [
                {
                  "Node Type": "Seq Scan",
                  "Parent Relationship": "Outer",
                  "Parallel Aware": true,
                  "Relation Name": "movie_companies",
                  "Alias": "mc",
                  "Startup Cost": 0.0,
                  "Total Cost": 29310.68,
                  "Plan Rows": 525246,
                  "Plan Width": 0,
                  "Actual Startup Time": 2.942,
                  "Actual Total Time": 68.381,
                  "Actual Rows": 406283,
                  "Actual Loops": 4,
                  "Filter": "(company_id > 4441)",
                  "Rows Removed by Filter": 245999
                }
              ]
            }
          ]
        }
      ]
    },
    "Planning Time": 0.123,
    "Triggers": [],
    "Execution Time": 94.705
  }
]