{
    "Plan": {
        "Node Type": "Aggregate",
        "Strategy": "Plain",
        "Partial Mode": "Finalize",
        "Parallel Aware": false,
        "Startup Cost": 331569.91,
        "Total Cost": 331569.92,
        "Plan Rows": 1,
        "Plan Width": 8,
        "Actual Startup Time": 1668.977,
        "Actual Total Time": 1770.957,
        "Actual Rows": 1,
        "Actual Loops": 1,
        "Output": [
            "count(*)"
        ],
        "Plans": [
            {
                "Node Type": "Gather",
                "Parent Relationship": "Outer",
                "Parallel Aware": false,
                "Startup Cost": 331569.38,
                "Total Cost": 331569.89,
                "Plan Rows": 5,
                "Plan Width": 8,
                "Actual Startup Time": 1667.439,
                "Actual Total Time": 1770.946,
                "Actual Rows": 6,
                "Actual Loops": 1,
                "Output": [
                    "(PARTIAL count(*))"
                ],
                "Workers Planned": 5,
                "Workers Launched": 5,
                "Single Copy": false,
                "Plans": [
                    {
                        "Node Type": "Aggregate",
                        "Strategy": "Plain",
                        "Partial Mode": "Partial",
                        "Parent Relationship": "Outer",
                        "Parallel Aware": false,
                        "Startup Cost": 330569.38,
                        "Total Cost": 330569.39,
                        "Plan Rows": 1,
                        "Plan Width": 8,
                        "Actual Startup Time": 1658.082,
                        "Actual Total Time": 1658.086,
                        "Actual Rows": 1,
                        "Actual Loops": 6,
                        "Output": [
                            "PARTIAL count(*)"
                        ],
                        "Workers": [
                            {
                                "Worker Number": 0,
                                "Actual Startup Time": 1654.457,
                                "Actual Total Time": 1654.46,
                                "Actual Rows": 1,
                                "Actual Loops": 1
                            },
                            {
                                "Worker Number": 1,
                                "Actual Startup Time": 1661.151,
                                "Actual Total Time": 1661.155,
                                "Actual Rows": 1,
                                "Actual Loops": 1
                            },
                            {
                                "Worker Number": 2,
                                "Actual Startup Time": 1655.033,
                                "Actual Total Time": 1655.038,
                                "Actual Rows": 1,
                                "Actual Loops": 1
                            },
                            {
                                "Worker Number": 3,
                                "Actual Startup Time": 1655.227,
                                "Actual Total Time": 1655.232,
                                "Actual Rows": 1,
                                "Actual Loops": 1
                            },
                            {
                                "Worker Number": 4,
                                "Actual Startup Time": 1656.098,
                                "Actual Total Time": 1656.102,
                                "Actual Rows": 1,
                                "Actual Loops": 1
                            }
                        ],
                        "Plans": [
                            {
                                "Node Type": "Nested Loop",
                                "Parent Relationship": "Outer",
                                "Parallel Aware": false,
                                "Join Type": "Inner",
                                "Startup Cost": 46041.66,
                                "Total Cost": 330179.81,
                                "Plan Rows": 155830,
                                "Plan Width": 0,
                                "Actual Startup Time": 171.112,
                                "Actual Total Time": 1632.743,
                                "Actual Rows": 488117,
                                "Actual Loops": 6,
                                "Inner Unique": false,
                                "Join Filter": "(t.id = ci.movie_id)",
                                "Rows Removed by Join Filter": 0,
                                "Workers": [
                                    {
                                        "Worker Number": 0,
                                        "Actual Startup Time": 168.209,
                                        "Actual Total Time": 1629.349,
                                        "Actual Rows": 521710,
                                        "Actual Loops": 1
                                    },
                                    {
                                        "Worker Number": 1,
                                        "Actual Startup Time": 174.272,
                                        "Actual Total Time": 1636.294,
                                        "Actual Rows": 515550,
                                        "Actual Loops": 1
                                    },
                                    {
                                        "Worker Number": 2,
                                        "Actual Startup Time": 168.066,
                                        "Actual Total Time": 1627.109,
                                        "Actual Rows": 349339,
                                        "Actual Loops": 1
                                    },
                                    {
                                        "Worker Number": 3,
                                        "Actual Startup Time": 167.848,
                                        "Actual Total Time": 1634.652,
                                        "Actual Rows": 423110,
                                        "Actual Loops": 1
                                    },
                                    {
                                        "Worker Number": 4,
                                        "Actual Startup Time": 168.825,
                                        "Actual Total Time": 1631.319,
                                        "Actual Rows": 513093,
                                        "Actual Loops": 1
                                    }
                                ],
                                "Plans": [
                                    {
                                        "Node Type": "Hash Join",
                                        "Parent Relationship": "Outer",
                                        "Parallel Aware": true,
                                        "Join Type": "Inner",
                                        "Startup Cost": 46041.1,
                                        "Total Cost": 246497.71,
                                        "Plan Rows": 42693,
                                        "Plan Width": 8,
                                        "Actual Startup Time": 170.906,
                                        "Actual Total Time": 496.944,
                                        "Actual Rows": 59837,
                                        "Actual Loops": 6,
                                        "Output": [
                                            "t.id",
                                            "mi.movie_id"
                                        ],
                                        "Inner Unique": true,
                                        "Hash Cond": "(mi.movie_id = t.id)",
                                        "Workers": [
                                            {
                                                "Worker Number": 0,
                                                "Actual Startup Time": 168.039,
                                                "Actual Total Time": 488.038,
                                                "Actual Rows": 63224,
                                                "Actual Loops": 1
                                            },
                                            {
                                                "Worker Number": 1,
                                                "Actual Startup Time": 173.784,
                                                "Actual Total Time": 491.758,
                                                "Actual Rows": 62626,
                                                "Actual Loops": 1
                                            },
                                            {
                                                "Worker Number": 2,
                                                "Actual Startup Time": 167.654,
                                                "Actual Total Time": 488.114,
                                                "Actual Rows": 43330,
                                                "Actual Loops": 1
                                            },
                                            {
                                                "Worker Number": 3,
                                                "Actual Startup Time": 167.772,
                                                "Actual Total Time": 485.351,
                                                "Actual Rows": 51306,
                                                "Actual Loops": 1
                                            },
                                            {
                                                "Worker Number": 4,
                                                "Actual Startup Time": 168.76,
                                                "Actual Total Time": 490.645,
                                                "Actual Rows": 62912,
                                                "Actual Loops": 1
                                            }
                                        ],
                                        "Plans": [
                                            {
                                                "Node Type": "Seq Scan",
                                                "Parent Relationship": "Outer",
                                                "Parallel Aware": true,
                                                "Relation Name": "movie_info",
                                                "Schema": "public",
                                                "Alias": "mi",
                                                "Startup Cost": 0.0,
                                                "Total Cost": 198880.74,
                                                "Plan Rows": 600336,
                                                "Plan Width": 4,
                                                "Actual Startup Time": 68.143,
                                                "Actual Total Time": 288.592,
                                                "Actual Rows": 506120,
                                                "Actual Loops": 6,
                                                "Output": [
                                                    "mi.id",
                                                    "mi.movie_id",
                                                    "mi.info_type_id",
                                                    "mi.info",
                                                    "mi.note"
                                                ],
                                                "Filter": "(mi.info_type_id = 16)",
                                                "Rows Removed by Filter": 1966500,
                                                "Workers": [
                                                    {
                                                        "Worker Number": 0,
                                                        "Actual Startup Time": 68.154,
                                                        "Actual Total Time": 287.237,
                                                        "Actual Rows": 511733,
                                                        "Actual Loops": 1
                                                    },
                                                    {
                                                        "Worker Number": 1,
                                                        "Actual Startup Time": 68.143,
                                                        "Actual Total Time": 285.939,
                                                        "Actual Rows": 498473,
                                                        "Actual Loops": 1
                                                    },
                                                    {
                                                        "Worker Number": 2,
                                                        "Actual Startup Time": 68.16,
                                                        "Actual Total Time": 291.404,
                                                        "Actual Rows": 345311,
                                                        "Actual Loops": 1
                                                    },
                                                    {
                                                        "Worker Number": 3,
                                                        "Actual Startup Time": 68.136,
                                                        "Actual Total Time": 283.839,
                                                        "Actual Rows": 434036,
                                                        "Actual Loops": 1
                                                    },
                                                    {
                                                        "Worker Number": 4,
                                                        "Actual Startup Time": 68.132,
                                                        "Actual Total Time": 287.71,
                                                        "Actual Rows": 513835,
                                                        "Actual Loops": 1
                                                    }
                                                ]
                                            },
                                            {
                                                "Node Type": "Hash",
                                                "Parent Relationship": "Inner",
                                                "Parallel Aware": true,
                                                "Startup Cost": 45479.21,
                                                "Total Cost": 45479.21,
                                                "Plan Rows": 44951,
                                                "Plan Width": 4,
                                                "Actual Startup Time": 100.843,
                                                "Actual Total Time": 100.845,
                                                "Actual Rows": 47004,
                                                "Actual Loops": 6,
                                                "Output": [
                                                    "t.id"
                                                ],
                                                "Hash Buckets": 524288,
                                                "Original Hash Buckets": 262144,
                                                "Hash Batches": 1,
                                                "Original Hash Batches": 1,
                                                "Peak Memory Usage": 17280,
                                                "Workers": [
                                                    {
                                                        "Worker Number": 0,
                                                        "Actual Startup Time": 98.46,
                                                        "Actual Total Time": 98.462,
                                                        "Actual Rows": 46090,
                                                        "Actual Loops": 1
                                                    },
                                                    {
                                                        "Worker Number": 1,
                                                        "Actual Startup Time": 105.391,
                                                        "Actual Total Time": 105.392,
                                                        "Actual Rows": 50931,
                                                        "Actual Loops": 1
                                                    },
                                                    {
                                                        "Worker Number": 2,
                                                        "Actual Startup Time": 99.044,
                                                        "Actual Total Time": 99.046,
                                                        "Actual Rows": 35333,
                                                        "Actual Loops": 1
                                                    },
                                                    {
                                                        "Worker Number": 3,
                                                        "Actual Startup Time": 98.977,
                                                        "Actual Total Time": 98.978,
                                                        "Actual Rows": 42413,
                                                        "Actual Loops": 1
                                                    },
                                                    {
                                                        "Worker Number": 4,
                                                        "Actual Startup Time": 100.147,
                                                        "Actual Total Time": 100.148,
                                                        "Actual Rows": 46834,
                                                        "Actual Loops": 1
                                                    }
                                                ],
                                                "Plans": [
                                                    {
                                                        "Node Type": "Seq Scan",
                                                        "Parent Relationship": "Outer",
                                                        "Parallel Aware": true,
                                                        "Relation Name": "title",
                                                        "Schema": "public",
                                                        "Alias": "t",
                                                        "Startup Cost": 0.0,
                                                        "Total Cost": 45479.21,
                                                        "Plan Rows": 44951,
                                                        "Plan Width": 4,
                                                        "Actual Startup Time": 0.152,
                                                        "Actual Total Time": 75.621,
                                                        "Actual Rows": 47004,
                                                        "Actual Loops": 6,
                                                        "Output": [
                                                            "t.id"
                                                        ],
                                                        "Filter": "((t.kind_id < 7) AND (t.production_year < 1976))",
                                                        "Rows Removed by Filter": 374381,
                                                        "Workers": [
                                                            {
                                                                "Worker Number": 0,
                                                                "Actual Startup Time": 0.268,
                                                                "Actual Total Time": 73.52,
                                                                "Actual Rows": 46090,
                                                                "Actual Loops": 1
                                                            },
                                                            {
                                                                "Worker Number": 1,
                                                                "Actual Startup Time": 0.129,
                                                                "Actual Total Time": 79.258,
                                                                "Actual Rows": 50931,
                                                                "Actual Loops": 1
                                                            },
                                                            {
                                                                "Worker Number": 2,
                                                                "Actual Startup Time": 0.083,
                                                                "Actual Total Time": 75.007,
                                                                "Actual Rows": 35333,
                                                                "Actual Loops": 1
                                                            },
                                                            {
                                                                "Worker Number": 3,
                                                                "Actual Startup Time": 0.197,
                                                                "Actual Total Time": 72.883,
                                                                "Actual Rows": 42413,
                                                                "Actual Loops": 1
                                                            },
                                                            {
                                                                "Worker Number": 4,
                                                                "Actual Startup Time": 0.131,
                                                                "Actual Total Time": 75.895,
                                                                "Actual Rows": 46834,
                                                                "Actual Loops": 1
                                                            }
                                                        ]
                                                    }
                                                ]
                                            }
                                        ]
                                    },
                                    {
                                        "Node Type": "Index Scan",
                                        "Parent Relationship": "Inner",
                                        "Parallel Aware": false,
                                        "Scan Direction": "Forward",
                                        "Index Name": "movie_id_cast_info",
                                        "Relation Name": "cast_info",
                                        "Schema": "public",
                                        "Alias": "ci",
                                        "Startup Cost": 0.56,
                                        "Total Cost": 1.84,
                                        "Plan Rows": 10,
                                        "Plan Width": 4,
                                        "Actual Startup Time": 0.004,
                                        "Actual Total Time": 0.018,
                                        "Actual Rows": 8,
                                        "Actual Loops": 359022,
                                        "Output": [
                                            "ci.id",
                                            "ci.person_id",
                                            "ci.movie_id",
                                            "ci.person_role_id",
                                            "ci.note",
                                            "ci.nr_order",
                                            "ci.role_id"
                                        ],
                                        "Index Cond": "(ci.movie_id = mi.movie_id)",
                                        "Rows Removed by Index Recheck": 0,
                                        "Filter": "(ci.person_id < 913639)",
                                        "Rows Removed by Filter": 16,
                                        "Workers": [
                                            {
                                                "Worker Number": 0,
                                                "Actual Startup Time": 0.004,
                                                "Actual Total Time": 0.017,
                                                "Actual Rows": 8,
                                                "Actual Loops": 63224
                                            },
                                            {
                                                "Worker Number": 1,
                                                "Actual Startup Time": 0.004,
                                                "Actual Total Time": 0.017,
                                                "Actual Rows": 8,
                                                "Actual Loops": 62626
                                            },
                                            {
                                                "Worker Number": 2,
                                                "Actual Startup Time": 0.006,
                                                "Actual Total Time": 0.025,
                                                "Actual Rows": 8,
                                                "Actual Loops": 43330
                                            },
                                            {
                                                "Worker Number": 3,
                                                "Actual Startup Time": 0.005,
                                                "Actual Total Time": 0.021,
                                                "Actual Rows": 8,
                                                "Actual Loops": 51306
                                            },
                                            {
                                                "Worker Number": 4,
                                                "Actual Startup Time": 0.004,
                                                "Actual Total Time": 0.017,
                                                "Actual Rows": 8,
                                                "Actual Loops": 62912
                                            }
                                        ]
                                    }
                                ]
                            }
                        ]
                    }
                ]
            }
        ]
    },
    "Planning Time": 1.608,
    "Triggers": [],
    "Execution Time": 1771.068
}