[
  {
    "Plan": {
      "Node Type": "Aggregate",
      "Strategy": "Plain",
      "Partial Mode": "Finalize",
      "Parallel Aware": false,
      "Startup Cost": 46049.38,
      "Total Cost": 46049.39,
      "Plan Rows": 1,
      "Plan Width": 8,
      "Actual Startup Time": 142.74,
      "Actual Total Time": 153.622,
      "Actual Rows": 1,
      "Actual Loops": 1,
      "Plans": [
        {
          "Node Type": "Gather",
          "Parent Relationship": "Outer",
          "Parallel Aware": false,
          "Startup Cost": 46049.06,
          "Total Cost": 46049.37,
          "Plan Rows": 3,
          "Plan Width": 8,
          "Actual Startup Time": 142.424,
          "Actual Total Time": 153.611,
          "Actual Rows": 4,
          "Actual Loops": 1,
          "Workers Planned": 3,
          "Workers Launched": 3,
          "Single Copy": false,
          "Plans": [
            {
              "Node Type": "Aggregate",
              "Strategy": "Plain",
              "Partial Mode": "Partial",
              "Parent Relationship": "Outer",
              "Parallel Aware": false,
              "Startup Cost": 45049.06,
              "Total Cost": 45049.07,
              "Plan Rows": 1,
              "Plan Width": 8,
              "Actual Startup Time": 138.646,
              "Actual Total Time": 138.648,
              "Actual Rows": 1,
              "Actual Loops": 4,
              "Plans": [
                {
                  "Node Type": "Seq Scan",
                  "Parent Relationship": "Outer",
                  "Parallel Aware": true,
                  "Relation Name": "movie_keyword",
                  "Alias": "mk",
                  "Startup Cost": 0.0,
                  "Total Cost": 42695.65,
                  "Plan Rows": 941364,
                  "Plan Width": 0,
                  "Actual Startup Time": 0.041,
                  "Actual Total Time": 108.475,
                  "Actual Rows": 731950,
                  "Actual Loops": 4,
                  "Filter": "(keyword_id < 9640)",
                  "Rows Removed by Filter": 399032
                }
              ]
            }
          ]
        }
      ]
    },
    "Planning Time": 0.182,
    "Triggers": [],
    "Execution Time": 153.675
  }
]