[
  {
    "Plan": {
      "Node Type": "Aggregate",
      "Strategy": "Plain",
      "Partial Mode": "Finalize",
      "Parallel Aware": false,
      "Startup Cost": 31026.57,
      "Total Cost": 31026.58,
      "Plan Rows": 1,
      "Plan Width": 8,
      "Actual Startup Time": 88.9,
      "Actual Total Time": 95.809,
      "Actual Rows": 1,
      "Actual Loops": 1,
      "Plans": [
        {
          "Node Type": "Gather",
          "Parent Relationship": "Outer",
          "Parallel Aware": false,
          "Startup Cost": 31026.25,
          "Total Cost": 31026.56,
          "Plan Rows": 3,
          "Plan Width": 8,
          "Actual Startup Time": 88.655,
          "Actual Total Time": 95.802,
          "Actual Rows": 4,
          "Actual Loops": 1,
          "Workers Planned": 3,
          "Workers Launched": 3,
          "Single Copy": false,
          "Plans": [
            {
              "Node Type": "Aggregate",
              "Strategy": "Plain",
              "Partial Mode": "Partial",
              "Parent Relationship": "Outer",
              "Parallel Aware": false,
              "Startup Cost": 30026.25,
              "Total Cost": 30026.26,
              "Plan Rows": 1,
              "Plan Width": 8,
              "Actual Startup Time": 82.746,
              "Actual Total Time": 82.747,
              "Actual Rows": 1,
              "Actual Loops": 4,
              "Plans": [
                {
                  "Node Type": "Bitmap Heap Scan",
                  "Parent Relationship": "Outer",
                  "Parallel Aware": true,
                  "Relation Name": "movie_keyword",
                  "Alias": "mk",
                  "Startup Cost": 4537.6,
                  "Total Cost": 29853.81,
                  "Plan Rows": 68977,
                  "Plan Width": 0,
                  "Actual Startup Time": 26.239,
                  "Actual Total Time": 79.095,
                  "Actual Rows": 51824,
                  "Actual Loops": 4,
                  "Recheck Cond": "(keyword_id > 67132)",
                  "Rows Removed by Index Recheck": 0,
                  "Exact Heap Blocks": 11216,
                  "Lossy Heap Blocks": 0,
                  "Plans": [
                    {
                      "Node Type": "Bitmap Index Scan",
                      "Parent Relationship": "Outer",
                      "Parallel Aware": false,
                      "Index Name": "keyword_id_movie_keyword",
                      "Startup Cost": 0.0,
                      "Total Cost": 4484.14,
                      "Plan Rows": 213828,
                      "Plan Width": 0,
                      "Actual Startup Time": 27.184,
                      "Actual Total Time": 27.185,
                      "Actual Rows": 207295,
                      "Actual Loops": 1,
                      "Index Cond": "(keyword_id > 67132)"
                    }
                  ]
                }
              ]
            }
          ]
        }
      ]
    },
    "Planning Time": 0.153,
    "Triggers": [],
    "Execution Time": 95.872
  }
]