[
  {
    "Plan": {
      "Node Type": "Aggregate",
      "Strategy": "Plain",
      "Partial Mode": "Finalize",
      "Parallel Aware": false,
      "Startup Cost": 339625.06,
      "Total Cost": 339625.07,
      "Plan Rows": 1,
      "Plan Width": 8,
      "Actual Startup Time": 998.13,
      "Actual Total Time": 1047.718,
      "Actual Rows": 1,
      "Actual Loops": 1,
      "Plans": [
        {
          "Node Type": "Gather",
          "Parent Relationship": "Outer",
          "Parallel Aware": false,
          "Startup Cost": 339624.43,
          "Total Cost": 339625.04,
          "Plan Rows": 6,
          "Plan Width": 8,
          "Actual Startup Time": 997.902,
          "Actual Total Time": 1047.704,
          "Actual Rows": 7,
          "Actual Loops": 1,
          "Workers Planned": 6,
          "Workers Launched": 6,
          "Single Copy": false,
          "Plans": [
            {
              "Node Type": "Aggregate",
              "Strategy": "Plain",
              "Partial Mode": "Partial",
              "Parent Relationship": "Outer",
              "Parallel Aware": false,
              "Startup Cost": 338624.43,
              "Total Cost": 338624.44,
              "Plan Rows": 1,
              "Plan Width": 8,
              "Actual Startup Time": 990.239,
              "Actual Total Time": 990.241,
              "Actual Rows": 1,
              "Actual Loops": 7,
              "Plans": [
                {
                  "Node Type": "Seq Scan",
                  "Parent Relationship": "Outer",
                  "Parallel Aware": true,
                  "Relation Name": "cast_info",
                  "Alias": "ci",
                  "Startup Cost": 0.0,
                  "Total Cost": 328211.39,
                  "Plan Rows": 4165217,
                  "Plan Width": 0,
                  "Actual Startup Time": 0.049,
                  "Actual Total Time": 762.367,
                  "Actual Rows": 3586820,
                  "Actual Loops": 7,
                  "Filter": "(person_id < 2588834)",
                  "Rows Removed by Filter": 1590944
                }
              ]
            }
          ]
        }
      ]
    },
    "Planning Time": 0.11,
    "Triggers": [],
    "Execution Time": 1047.767
  }
]