[
  {
    "Plan": {
      "Node Type": "Aggregate",
      "Strategy": "Plain",
      "Partial Mode": "Simple",
      "Parallel Aware": false,
      "Startup Cost": 923.6,
      "Total Cost": 923.61,
      "Plan Rows": 1,
      "Plan Width": 8,
      "Actual Startup Time": 14.522,
      "Actual Total Time": 14.525,
      "Actual Rows": 1,
      "Actual Loops": 1,
      "Plans": [
        {
          "Node Type": "Bitmap Heap Scan",
          "Parent Relationship": "Outer",
          "Parallel Aware": false,
          "Relation Name": "movie_keyword",
          "Alias": "mk",
          "Startup Cost": 6.35,
          "Total Cost": 922.98,
          "Plan Rows": 248,
          "Plan Width": 0,
          "Actual Startup Time": 3.649,
          "Actual Total Time": 13.888,
          "Actual Rows": 4200,
          "Actual Loops": 1,
          "Recheck Cond": "(keyword_id = 1002)",
          "Rows Removed by Index Recheck": 0,
          "Exact Heap Blocks": 3538,
          "Lossy Heap Blocks": 0,
          "Plans": [
            {
              "Node Type": "Bitmap Index Scan",
              "Parent Relationship": "Outer",
              "Parallel Aware": false,
              "Index Name": "keyword_id_movie_keyword",
              "Startup Cost": 0.0,
              "Total Cost": 6.29,
              "Plan Rows": 248,
              "Plan Width": 0,
              "Actual Startup Time": 1.974,
              "Actual Total Time": 1.975,
              "Actual Rows": 4200,
              "Actual Loops": 1,
              "Index Cond": "(keyword_id = 1002)"
            }
          ]
        }
      ]
    },
    "Planning Time": 0.169,
    "Triggers": [],
    "Execution Time": 14.592
  }
]