[
  {
    "Plan": {
      "Node Type": "Aggregate",
      "Strategy": "Plain",
      "Partial Mode": "Finalize",
      "Parallel Aware": false,
      "Startup Cost": 81540.47,
      "Total Cost": 81540.48,
      "Plan Rows": 1,
      "Plan Width": 8,
      "Actual Startup Time": 450.54,
      "Actual Total Time": 468.631,
      "Actual Rows": 1,
      "Actual Loops": 1,
      "Plans": [
        {
          "Node Type": "Gather",
          "Parent Relationship": "Outer",
          "Parallel Aware": false,
          "Startup Cost": 81540.15,
          "Total Cost": 81540.46,
          "Plan Rows": 3,
          "Plan Width": 8,
          "Actual Startup Time": 441.187,
          "Actual Total Time": 468.622,
          "Actual Rows": 4,
          "Actual Loops": 1,
          "Workers Planned": 3,
          "Workers Launched": 3,
          "Single Copy": false,
          "Plans": [
            {
              "Node Type": "Aggregate",
              "Strategy": "Plain",
              "Partial Mode": "Partial",
              "Parent Relationship": "Outer",
              "Parallel Aware": false,
              "Startup Cost": 80540.15,
              "Total Cost": 80540.16,
              "Plan Rows": 1,
              "Plan Width": 8,
              "Actual Startup Time": 422.411,
              "Actual Total Time": 422.415,
              "Actual Rows": 1,
              "Actual Loops": 4,
              "Plans": [
                {
                  "Node Type": "Hash Join",
                  "Parent Relationship": "Outer",
                  "Parallel Aware": true,
                  "Join Type": "Inner",
                  "Startup Cost": 54846.24,
                  "Total Cost": 80364.28,
                  "Plan Rows": 70350,
                  "Plan Width": 0,
                  "Actual Startup Time": 362.746,
                  "Actual Total Time": 419.872,
                  "Actual Rows": 52801,
                  "Actual Loops": 4,
                  "Inner Unique": true,
                  "Hash Cond": "(mk.movie_id = t.id)",
                  "Plans": [
                    {
                      "Node Type": "Bitmap Heap Scan",
                      "Parent Relationship": "Outer",
                      "Parallel Aware": true,
                      "Relation Name": "movie_keyword",
                      "Alias": "mk",
                      "Startup Cost": 4626.59,
                      "Total Cost": 29959.97,
                      "Plan Rows": 70350,
                      "Plan Width": 4,
                      "Actual Startup Time": 15.08,
                      "Actual Total Time": 52.757,
                      "Actual Rows": 52801,
                      "Actual Loops": 4,
                      "Recheck Cond": "(keyword_id > 66496)",
                      "Rows Removed by Index Recheck": 0,
                      "Exact Heap Blocks": 6485,
                      "Lossy Heap Blocks": 0,
                      "Plans": [
                        {
                          "Node Type": "Bitmap Index Scan",
                          "Parent Relationship": "Outer",
                          "Parallel Aware": false,
                          "Index Name": "keyword_id_movie_keyword",
                          "Startup Cost": 0.0,
                          "Total Cost": 4572.07,
                          "Plan Rows": 218085,
                          "Plan Width": 0,
                          "Actual Startup Time": 11.95,
                          "Actual Total Time": 11.951,
                          "Actual Rows": 211203,
                          "Actual Loops": 1,
                          "Index Cond": "(keyword_id > 66496)"
                        }
                      ]
                    },
                    {
                      "Node Type": "Hash",
                      "Parent Relationship": "Inner",
                      "Parallel Aware": true,
                      "Startup Cost": 42318.73,
                      "Total Cost": 42318.73,
                      "Plan Rows": 632073,
                      "Plan Width": 4,
                      "Actual Startup Time": 336.352,
                      "Actual Total Time": 336.353,
                      "Actual Rows": 632078,
                      "Actual Loops": 4,
                      "Hash Buckets": 4194304,
                      "Original Hash Buckets": 4194304,
                      "Hash Batches": 1,
                      "Original Hash Batches": 1,
                      "Peak Memory Usage": 131744,
                      "Plans": [
                        {
                          "Node Type": "Seq Scan",
                          "Parent Relationship": "Outer",
                          "Parallel Aware": true,
                          "Relation Name": "title",
                          "Alias": "t",
                          "Startup Cost": 0.0,
                          "Total Cost": 42318.73,
                          "Plan Rows": 632073,
                          "Plan Width": 4,
                          "Actual Startup Time": 0.038,
                          "Actual Total Time": 98.348,
                          "Actual Rows": 632078,
                          "Actual Loops": 4
                        }
                      ]
                    }
                  ]
                }
              ]
            }
          ]
        }
      ]
    },
    "Planning Time": 0.579,
    "Triggers": [],
    "Execution Time": 468.717
  }
]