{
    "Plan": {
        "Node Type": "Aggregate",
        "Strategy": "Plain",
        "Partial Mode": "Simple",
        "Parallel Aware": false,
        "Startup Cost": 60001677220.88,
        "Total Cost": 60001677220.89,
        "Plan Rows": 1,
        "Plan Width": 96,
        "Actual Startup Time": 7697.669,
        "Actual Total Time": 7697.783,
        "Actual Rows": 1,
        "Actual Loops": 1,
        "Output": [
            "min(chn.name)",
            "min(n.name)",
            "min(t.title)"
        ],
        "Plans": [
            {
                "Node Type": "Nested Loop",
                "Parent Relationship": "Outer",
                "Parallel Aware": false,
                "Join Type": "Inner",
                "Startup Cost": 60001677214.08,
                "Total Cost": 60001677220.87,
                "Plan Rows": 1,
                "Plan Width": 48,
                "Actual Startup Time": 7697.403,
                "Actual Total Time": 7697.772,
                "Actual Rows": 5,
                "Actual Loops": 1,
                "Output": [
                    "chn.name",
                    "n.name",
                    "t.title"
                ],
                "Inner Unique": true,
                "Plans": [
                    {
                        "Node Type": "Hash Join",
                        "Parent Relationship": "Outer",
                        "Parallel Aware": false,
                        "Join Type": "Inner",
                        "Startup Cost": 50001677213.66,
                        "Total Cost": 50001677214.82,
                        "Plan Rows": 1,
                        "Plan Width": 52,
                        "Actual Startup Time": 7696.72,
                        "Actual Total Time": 7696.87,
                        "Actual Rows": 175,
                        "Actual Loops": 1,
                        "Output": [
                            "chn.name",
                            "mk.keyword_id",
                            "n.name",
                            "t.title"
                        ],
                        "Inner Unique": false,
                        "Hash Cond": "(rt.id = ci.role_id)",
                        "Plans": [
                            {
                                "Node Type": "Seq Scan",
                                "Parent Relationship": "Outer",
                                "Parallel Aware": false,
                                "Relation Name": "role_type",
                                "Schema": "public",
                                "Alias": "rt",
                                "Startup Cost": 0.0,
                                "Total Cost": 1.15,
                                "Plan Rows": 1,
                                "Plan Width": 4,
                                "Actual Startup Time": 0.024,
                                "Actual Total Time": 0.027,
                                "Actual Rows": 1,
                                "Actual Loops": 1,
                                "Output": [
                                    "rt.id",
                                    "rt.role"
                                ],
                                "Filter": "((rt.role)::text = 'actress'::text)",
                                "Rows Removed by Filter": 11
                            },
                            {
                                "Node Type": "Hash",
                                "Parent Relationship": "Inner",
                                "Parallel Aware": false,
                                "Startup Cost": 50001677213.64,
                                "Total Cost": 50001677213.64,
                                "Plan Rows": 1,
                                "Plan Width": 56,
                                "Actual Startup Time": 7696.688,
                                "Actual Total Time": 7696.799,
                                "Actual Rows": 175,
                                "Actual Loops": 1,
                                "Output": [
                                    "ci.role_id",
                                    "chn.name",
                                    "mk.keyword_id",
                                    "n.name",
                                    "t.title"
                                ],
                                "Hash Buckets": 1024,
                                "Original Hash Buckets": 1024,
                                "Hash Batches": 1,
                                "Original Hash Batches": 1,
                                "Peak Memory Usage": 23,
                                "Plans": [
                                    {
                                        "Node Type": "Nested Loop",
                                        "Parent Relationship": "Outer",
                                        "Parallel Aware": false,
                                        "Join Type": "Inner",
                                        "Startup Cost": 50001672699.78,
                                        "Total Cost": 50001677213.64,
                                        "Plan Rows": 1,
                                        "Plan Width": 56,
                                        "Actual Startup Time": 7695.852,
                                        "Actual Total Time": 7696.716,
                                        "Actual Rows": 175,
                                        "Actual Loops": 1,
                                        "Output": [
                                            "ci.role_id",
                                            "chn.name",
                                            "mk.keyword_id",
                                            "n.name",
                                            "t.title"
                                        ],
                                        "Inner Unique": true,
                                        "Plans": [
                                            {
                                                "Node Type": "Merge Join",
                                                "Parent Relationship": "Outer",
                                                "Parallel Aware": false,
                                                "Join Type": "Inner",
                                                "Startup Cost": 40001672699.63,
                                                "Total Cost": 40001677205.46,
                                                "Plan Rows": 1,
                                                "Plan Width": 60,
                                                "Actual Startup Time": 7695.809,
                                                "Actual Total Time": 7695.99,
                                                "Actual Rows": 175,
                                                "Actual Loops": 1,
                                                "Output": [
                                                    "ci.role_id",
                                                    "chn.name",
                                                    "mi.info_type_id",
                                                    "mk.keyword_id",
                                                    "n.name",
                                                    "t.title"
                                                ],
                                                "Inner Unique": false,
                                                "Merge Cond": "(n.id = an.person_id)",
                                                "Plans": [
                                                    {
                                                        "Node Type": "Sort",
                                                        "Parent Relationship": "Outer",
                                                        "Parallel Aware": false,
                                                        "Startup Cost": 40001563139.19,
                                                        "Total Cost": 40001563139.2,
                                                        "Plan Rows": 1,
                                                        "Plan Width": 68,
                                                        "Actual Startup Time": 7197.155,
                                                        "Actual Total Time": 7197.268,
                                                        "Actual Rows": 35,
                                                        "Actual Loops": 1,
                                                        "Output": [
                                                            "chn.name",
                                                            "ci.person_id",
                                                            "ci.role_id",
                                                            "mi.info_type_id",
                                                            "mk.keyword_id",
                                                            "n.name",
                                                            "n.id",
                                                            "t.title"
                                                        ],
                                                        "Sort Key": [
                                                            "ci.person_id"
                                                        ],
                                                        "Sort Method": "quicksort",
                                                        "Sort Space Used": 29,
                                                        "Sort Space Type": "Memory",
                                                        "Plans": [
                                                            {
                                                                "Node Type": "Merge Join",
                                                                "Parent Relationship": "Outer",
                                                                "Parallel Aware": false,
                                                                "Join Type": "Inner",
                                                                "Startup Cost": 40001547438.03,
                                                                "Total Cost": 40001563139.18,
                                                                "Plan Rows": 1,
                                                                "Plan Width": 68,
                                                                "Actual Startup Time": 7197.132,
                                                                "Actual Total Time": 7197.249,
                                                                "Actual Rows": 35,
                                                                "Actual Loops": 1,
                                                                "Output": [
                                                                    "chn.name",
                                                                    "ci.person_id",
                                                                    "ci.role_id",
                                                                    "mi.info_type_id",
                                                                    "mk.keyword_id",
                                                                    "n.name",
                                                                    "n.id",
                                                                    "t.title"
                                                                ],
                                                                "Inner Unique": false,
                                                                "Merge Cond": "(chn.id = ci.person_role_id)",
                                                                "Plans": [
                                                                    {
                                                                        "Node Type": "Sort",
                                                                        "Parent Relationship": "Outer",
                                                                        "Parallel Aware": false,
                                                                        "Startup Cost": 406719.03,
                                                                        "Total Cost": 414569.6,
                                                                        "Plan Rows": 3140227,
                                                                        "Plan Width": 20,
                                                                        "Actual Startup Time": 1169.231,
                                                                        "Actual Total Time": 1427.119,
                                                                        "Actual Rows": 2184245,
                                                                        "Actual Loops": 1,
                                                                        "Output": [
                                                                            "chn.name",
                                                                            "chn.id"
                                                                        ],
                                                                        "Sort Key": [
                                                                            "chn.id"
                                                                        ],
                                                                        "Sort Method": "quicksort",
                                                                        "Sort Space Used": 318840,
                                                                        "Sort Space Type": "Memory",
                                                                        "Plans": [
                                                                            {
                                                                                "Node Type": "Seq Scan",
                                                                                "Parent Relationship": "Outer",
                                                                                "Parallel Aware": false,
                                                                                "Relation Name": "char_name",
                                                                                "Schema": "public",
                                                                                "Alias": "chn",
                                                                                "Startup Cost": 0.0,
                                                                                "Total Cost": 67850.27,
                                                                                "Plan Rows": 3140227,
                                                                                "Plan Width": 20,
                                                                                "Actual Startup Time": 0.008,
                                                                                "Actual Total Time": 324.483,
                                                                                "Actual Rows": 3140339,
                                                                                "Actual Loops": 1,
                                                                                "Output": [
                                                                                    "chn.name",
                                                                                    "chn.id"
                                                                                ]
                                                                            }
                                                                        ]
                                                                    },
                                                                    {
                                                                        "Node Type": "Sort",
                                                                        "Parent Relationship": "Inner",
                                                                        "Parallel Aware": false,
                                                                        "Startup Cost": 40001140718.99,
                                                                        "Total Cost": 40001140719.0,
                                                                        "Plan Rows": 1,
                                                                        "Plan Width": 56,
                                                                        "Actual Startup Time": 5568.414,
                                                                        "Actual Total Time": 5568.523,
                                                                        "Actual Rows": 35,
                                                                        "Actual Loops": 1,
                                                                        "Output": [
                                                                            "ci.person_id",
                                                                            "ci.role_id",
                                                                            "ci.person_role_id",
                                                                            "mi.info_type_id",
                                                                            "mk.keyword_id",
                                                                            "n.name",
                                                                            "n.id",
                                                                            "t.title"
                                                                        ],
                                                                        "Sort Key": [
                                                                            "ci.person_role_id"
                                                                        ],
                                                                        "Sort Method": "quicksort",
                                                                        "Sort Space Used": 29,
                                                                        "Sort Space Type": "Memory",
                                                                        "Plans": [
                                                                            {
                                                                                "Node Type": "Nested Loop",
                                                                                "Parent Relationship": "Outer",
                                                                                "Parallel Aware": false,
                                                                                "Join Type": "Inner",
                                                                                "Startup Cost": 40001140716.49,
                                                                                "Total Cost": 40001140718.98,
                                                                                "Plan Rows": 1,
                                                                                "Plan Width": 56,
                                                                                "Actual Startup Time": 5568.19,
                                                                                "Actual Total Time": 5568.497,
                                                                                "Actual Rows": 35,
                                                                                "Actual Loops": 1,
                                                                                "Output": [
                                                                                    "ci.person_id",
                                                                                    "ci.role_id",
                                                                                    "ci.person_role_id",
                                                                                    "mi.info_type_id",
                                                                                    "mk.keyword_id",
                                                                                    "n.name",
                                                                                    "n.id",
                                                                                    "t.title"
                                                                                ],
                                                                                "Inner Unique": true,
                                                                                "Plans": [
                                                                                    {
                                                                                        "Node Type": "Merge Join",
                                                                                        "Parent Relationship": "Outer",
                                                                                        "Parallel Aware": false,
                                                                                        "Join Type": "Inner",
                                                                                        "Startup Cost": 40001140716.06,
                                                                                        "Total Cost": 40001140718.2,
                                                                                        "Plan Rows": 1,
                                                                                        "Plan Width": 37,
                                                                                        "Actual Startup Time": 5567.107,
                                                                                        "Actual Total Time": 5567.356,
                                                                                        "Actual Rows": 770,
                                                                                        "Actual Loops": 1,
                                                                                        "Output": [
                                                                                            "ci.person_id",
                                                                                            "ci.role_id",
                                                                                            "ci.person_role_id",
                                                                                            "mi.info_type_id",
                                                                                            "mk.keyword_id",
                                                                                            "t.title"
                                                                                        ],
                                                                                        "Inner Unique": false,
                                                                                        "Merge Cond": "(cn.id = mc.company_id)",
                                                                                        "Plans": [
                                                                                            {
                                                                                                "Node Type": "Sort",
                                                                                                "Parent Relationship": "Outer",
                                                                                                "Parallel Aware": false,
                                                                                                "Startup Cost": 6068.61,
                                                                                                "Total Cost": 6068.62,
                                                                                                "Plan Rows": 1,
                                                                                                "Plan Width": 4,
                                                                                                "Actual Startup Time": 20.545,
                                                                                                "Actual Total Time": 20.638,
                                                                                                "Actual Rows": 1,
                                                                                                "Actual Loops": 1,
                                                                                                "Output": [
                                                                                                    "cn.id"
                                                                                                ],
                                                                                                "Sort Key": [
                                                                                                    "cn.id"
                                                                                                ],
                                                                                                "Sort Method": "quicksort",
                                                                                                "Sort Space Used": 25,
                                                                                                "Sort Space Type": "Memory",
                                                                                                "Plans": [
                                                                                                    {
                                                                                                        "Node Type": "Gather",
                                                                                                        "Parent Relationship": "Outer",
                                                                                                        "Parallel Aware": false,
                                                                                                        "Startup Cost": 1000.0,
                                                                                                        "Total Cost": 6068.6,
                                                                                                        "Plan Rows": 1,
                                                                                                        "Plan Width": 4,
                                                                                                        "Actual Startup Time": 3.839,
                                                                                                        "Actual Total Time": 20.629,
                                                                                                        "Actual Rows": 1,
                                                                                                        "Actual Loops": 1,
                                                                                                        "Output": [
                                                                                                            "cn.id"
                                                                                                        ],
                                                                                                        "Workers Planned": 1,
                                                                                                        "Workers Launched": 1,
                                                                                                        "Single Copy": false,
                                                                                                        "Plans": [
                                                                                                            {
                                                                                                                "Node Type": "Seq Scan",
                                                                                                                "Parent Relationship": "Outer",
                                                                                                                "Parallel Aware": true,
                                                                                                                "Relation Name": "company_name",
                                                                                                                "Schema": "public",
                                                                                                                "Alias": "cn",
                                                                                                                "Startup Cost": 0.0,
                                                                                                                "Total Cost": 5068.5,
                                                                                                                "Plan Rows": 1,
                                                                                                                "Plan Width": 4,
                                                                                                                "Actual Startup Time": 6.856,
                                                                                                                "Actual Total Time": 15.124,
                                                                                                                "Actual Rows": 0,
                                                                                                                "Actual Loops": 2,
                                                                                                                "Output": [
                                                                                                                    "cn.id"
                                                                                                                ],
                                                                                                                "Filter": "(((cn.country_code)::text = '[us]'::text) AND (cn.name = 'NBC Universal Television'::text))",
                                                                                                                "Rows Removed by Filter": 117498,
                                                                                                                "Workers": [
                                                                                                                    {
                                                                                                                        "Worker Number": 0,
                                                                                                                        "Actual Startup Time": 10.122,
                                                                                                                        "Actual Total Time": 10.123,
                                                                                                                        "Actual Rows": 0,
                                                                                                                        "Actual Loops": 1
                                                                                                                    }
                                                                                                                ]
                                                                                                            }
                                                                                                        ]
                                                                                                    }
                                                                                                ]
                                                                                            },
                                                                                            {
                                                                                                "Node Type": "Sort",
                                                                                                "Parent Relationship": "Inner",
                                                                                                "Parallel Aware": false,
                                                                                                "Startup Cost": 40001134647.39,
                                                                                                "Total Cost": 40001134648.48,
                                                                                                "Plan Rows": 435,
                                                                                                "Plan Width": 41,
                                                                                                "Actual Startup Time": 5546.153,
                                                                                                "Actual Total Time": 5546.372,
                                                                                                "Actual Rows": 5259,
                                                                                                "Actual Loops": 1,
                                                                                                "Output": [
                                                                                                    "ci.person_id",
                                                                                                    "ci.role_id",
                                                                                                    "ci.person_role_id",
                                                                                                    "mc.company_id",
                                                                                                    "mi.info_type_id",
                                                                                                    "mk.keyword_id",
                                                                                                    "t.title"
                                                                                                ],
                                                                                                "Sort Key": [
                                                                                                    "mc.company_id"
                                                                                                ],
                                                                                                "Sort Method": "quicksort",
                                                                                                "Sort Space Used": 12026,
                                                                                                "Sort Space Type": "Memory",
                                                                                                "Plans": [
                                                                                                    {
                                                                                                        "Node Type": "Merge Join",
                                                                                                        "Parent Relationship": "Outer",
                                                                                                        "Parallel Aware": false,
                                                                                                        "Join Type": "Inner",
                                                                                                        "Startup Cost": 40001130419.37,
                                                                                                        "Total Cost": 40001134628.33,
                                                                                                        "Plan Rows": 435,
                                                                                                        "Plan Width": 41,
                                                                                                        "Actual Startup Time": 5503.726,
                                                                                                        "Actual Total Time": 5521.264,
                                                                                                        "Actual Rows": 114400,
                                                                                                        "Actual Loops": 1,
                                                                                                        "Output": [
                                                                                                            "ci.person_id",
                                                                                                            "ci.role_id",
                                                                                                            "ci.person_role_id",
                                                                                                            "mc.company_id",
                                                                                                            "mi.info_type_id",
                                                                                                            "mk.keyword_id",
                                                                                                            "t.title"
                                                                                                        ],
                                                                                                        "Inner Unique": false,
                                                                                                        "Merge Cond": "(ci.movie_id = t.id)",
                                                                                                        "Plans": [
                                                                                                            {
                                                                                                                "Node Type": "Sort",
                                                                                                                "Parent Relationship": "Outer",
                                                                                                                "Parallel Aware": false,
                                                                                                                "Startup Cost": 10000879247.14,
                                                                                                                "Total Cost": 10000881349.8,
                                                                                                                "Plan Rows": 841064,
                                                                                                                "Plan Width": 16,
                                                                                                                "Actual Startup Time": 3347.157,
                                                                                                                "Actual Total Time": 3401.899,
                                                                                                                "Actual Rows": 753571,
                                                                                                                "Actual Loops": 1,
                                                                                                                "Output": [
                                                                                                                    "ci.movie_id",
                                                                                                                    "ci.person_id",
                                                                                                                    "ci.role_id",
                                                                                                                    "ci.person_role_id"
                                                                                                                ],
                                                                                                                "Sort Key": [
                                                                                                                    "ci.movie_id"
                                                                                                                ],
                                                                                                                "Sort Method": "quicksort",
                                                                                                                "Sort Space Used": 65239,
                                                                                                                "Sort Space Type": "Memory",
                                                                                                                "Plans": [
                                                                                                                    {
                                                                                                                        "Node Type": "Seq Scan",
                                                                                                                        "Parent Relationship": "Outer",
                                                                                                                        "Parallel Aware": false,
                                                                                                                        "Relation Name": "cast_info",
                                                                                                                        "Schema": "public",
                                                                                                                        "Alias": "ci",
                                                                                                                        "Startup Cost": 10000000000.0,
                                                                                                                        "Total Cost": 10000796478.64,
                                                                                                                        "Plan Rows": 841064,
                                                                                                                        "Plan Width": 16,
                                                                                                                        "Actual Startup Time": 0.018,
                                                                                                                        "Actual Total Time": 3171.684,
                                                                                                                        "Actual Rows": 867477,
                                                                                                                        "Actual Loops": 1,
                                                                                                                        "Output": [
                                                                                                                            "ci.movie_id",
                                                                                                                            "ci.person_id",
                                                                                                                            "ci.role_id",
                                                                                                                            "ci.person_role_id"
                                                                                                                        ],
                                                                                                                        "Filter": "(ci.note = ANY ('{(voice),\"(voice: Japanese version)\",\"(voice) (uncredited)\",\"(voice: English version)\"}'::text[]))",
                                                                                                                        "Rows Removed by Filter": 35376867
                                                                                                                    }
                                                                                                                ]
                                                                                                            },
                                                                                                            {
                                                                                                                "Node Type": "Sort",
                                                                                                                "Parent Relationship": "Inner",
                                                                                                                "Parallel Aware": false,
                                                                                                                "Startup Cost": 30000251171.8,
                                                                                                                "Total Cost": 30000251173.02,
                                                                                                                "Plan Rows": 488,
                                                                                                                "Plan Width": 45,
                                                                                                                "Actual Startup Time": 2055.128,
                                                                                                                "Actual Total Time": 2059.308,
                                                                                                                "Actual Rows": 114384,
                                                                                                                "Actual Loops": 1,
                                                                                                                "Output": [
                                                                                                                    "mc.movie_id",
                                                                                                                    "mc.company_id",
                                                                                                                    "mi.movie_id",
                                                                                                                    "mi.info_type_id",
                                                                                                                    "mk.movie_id",
                                                                                                                    "mk.keyword_id",
                                                                                                                    "t.title",
                                                                                                                    "t.id"
                                                                                                                ],
                                                                                                                "Sort Key": [
                                                                                                                    "mc.movie_id"
                                                                                                                ],
                                                                                                                "Sort Method": "quicksort",
                                                                                                                "Sort Space Used": 371,
                                                                                                                "Sort Space Type": "Memory",
                                                                                                                "Plans": [
                                                                                                                    {
                                                                                                                        "Node Type": "Hash Join",
                                                                                                                        "Parent Relationship": "Outer",
                                                                                                                        "Parallel Aware": false,
                                                                                                                        "Join Type": "Inner",
                                                                                                                        "Startup Cost": 30000126248.13,
                                                                                                                        "Total Cost": 30000251150.01,
                                                                                                                        "Plan Rows": 488,
                                                                                                                        "Plan Width": 45,
                                                                                                                        "Actual Startup Time": 1849.049,
                                                                                                                        "Actual Total Time": 2054.268,
                                                                                                                        "Actual Rows": 3445,
                                                                                                                        "Actual Loops": 1,
                                                                                                                        "Output": [
                                                                                                                            "mc.movie_id",
                                                                                                                            "mc.company_id",
                                                                                                                            "mi.movie_id",
                                                                                                                            "mi.info_type_id",
                                                                                                                            "mk.movie_id",
                                                                                                                            "mk.keyword_id",
                                                                                                                            "t.title",
                                                                                                                            "t.id"
                                                                                                                        ],
                                                                                                                        "Inner Unique": false,
                                                                                                                        "Hash Cond": "(t.id = mk.movie_id)",
                                                                                                                        "Plans": [
                                                                                                                            {
                                                                                                                                "Node Type": "Nested Loop",
                                                                                                                                "Parent Relationship": "Outer",
                                                                                                                                "Parallel Aware": false,
                                                                                                                                "Join Type": "Inner",
                                                                                                                                "Startup Cost": 30000000005.71,
                                                                                                                                "Total Cost": 30000124844.95,
                                                                                                                                "Plan Rows": 41,
                                                                                                                                "Plan Width": 37,
                                                                                                                                "Actual Startup Time": 834.622,
                                                                                                                                "Actual Total Time": 1039.47,
                                                                                                                                "Actual Rows": 84,
                                                                                                                                "Actual Loops": 1,
                                                                                                                                "Output": [
                                                                                                                                    "mc.movie_id",
                                                                                                                                    "mc.company_id",
                                                                                                                                    "mi.movie_id",
                                                                                                                                    "mi.info_type_id",
                                                                                                                                    "t.title",
                                                                                                                                    "t.id"
                                                                                                                                ],
                                                                                                                                "Inner Unique": false,
                                                                                                                                "Join Filter": "(t.id = mi.movie_id)",
                                                                                                                                "Rows Removed by Join Filter": 0,
                                                                                                                                "Plans": [
                                                                                                                                    {
                                                                                                                                        "Node Type": "Nested Loop",
                                                                                                                                        "Parent Relationship": "Outer",
                                                                                                                                        "Parallel Aware": false,
                                                                                                                                        "Join Type": "Inner",
                                                                                                                                        "Startup Cost": 20000000004.9,
                                                                                                                                        "Total Cost": 20000124492.57,
                                                                                                                                        "Plan Rows": 64,
                                                                                                                                        "Plan Width": 29,
                                                                                                                                        "Actual Startup Time": 303.277,
                                                                                                                                        "Actual Total Time": 1037.857,
                                                                                                                                        "Actual Rows": 38,
                                                                                                                                        "Actual Loops": 1,
                                                                                                                                        "Output": [
                                                                                                                                            "mc.movie_id",
                                                                                                                                            "mc.company_id",
                                                                                                                                            "t.title",
                                                                                                                                            "t.id"
                                                                                                                                        ],
                                                                                                                                        "Inner Unique": false,
                                                                                                                                        "Plans": [
                                                                                                                                            {
                                                                                                                                                "Node Type": "Index Scan",
                                                                                                                                                "Parent Relationship": "Outer",
                                                                                                                                                "Parallel Aware": false,
                                                                                                                                                "Scan Direction": "Forward",
                                                                                                                                                "Index Name": "title_pkey",
                                                                                                                                                "Relation Name": "title",
                                                                                                                                                "Schema": "public",
                                                                                                                                                "Alias": "t",
                                                                                                                                                "Startup Cost": 10000000000.43,
                                                                                                                                                "Total Cost": 10000122983.71,
                                                                                                                                                "Plan Rows": 62,
                                                                                                                                                "Plan Width": 21,
                                                                                                                                                "Actual Startup Time": 245.728,
                                                                                                                                                "Actual Total Time": 1037.574,
                                                                                                                                                "Actual Rows": 9,
                                                                                                                                                "Actual Loops": 1,
                                                                                                                                                "Output": [
                                                                                                                                                    "t.id",
                                                                                                                                                    "t.title",
                                                                                                                                                    "t.imdb_index",
                                                                                                                                                    "t.kind_id",
                                                                                                                                                    "t.production_year",
                                                                                                                                                    "t.imdb_id",
                                                                                                                                                    "t.phonetic_code",
                                                                                                                                                    "t.episode_of_id",
                                                                                                                                                    "t.season_nr",
                                                                                                                                                    "t.episode_nr",
                                                                                                                                                    "t.series_years",
                                                                                                                                                    "t.md5sum"
                                                                                                                                                ],
                                                                                                                                                "Filter": "((t.title ~~ 'Kung Fu Panda%'::text) AND (t.production_year > 2008))",
                                                                                                                                                "Rows Removed by Filter": 2528303
                                                                                                                                            },
                                                                                                                                            {
                                                                                                                                                "Node Type": "Bitmap Heap Scan",
                                                                                                                                                "Parent Relationship": "Inner",
                                                                                                                                                "Parallel Aware": false,
                                                                                                                                                "Relation Name": "movie_companies",
                                                                                                                                                "Schema": "public",
                                                                                                                                                "Alias": "mc",
                                                                                                                                                "Startup Cost": 4.47,
                                                                                                                                                "Total Cost": 24.29,
                                                                                                                                                "Plan Rows": 5,
                                                                                                                                                "Plan Width": 8,
                                                                                                                                                "Actual Startup Time": 0.02,
                                                                                                                                                "Actual Total Time": 0.022,
                                                                                                                                                "Actual Rows": 4,
                                                                                                                                                "Actual Loops": 9,
                                                                                                                                                "Output": [
                                                                                                                                                    "mc.id",
                                                                                                                                                    "mc.movie_id",
                                                                                                                                                    "mc.company_id",
                                                                                                                                                    "mc.company_type_id",
                                                                                                                                                    "mc.note"
                                                                                                                                                ],
                                                                                                                                                "Recheck Cond": "(mc.movie_id = t.id)",
                                                                                                                                                "Rows Removed by Index Recheck": 0,
                                                                                                                                                "Exact Heap Blocks": 12,
                                                                                                                                                "Lossy Heap Blocks": 0,
                                                                                                                                                "Plans": [
                                                                                                                                                    {
                                                                                                                                                        "Node Type": "Bitmap Index Scan",
                                                                                                                                                        "Parent Relationship": "Outer",
                                                                                                                                                        "Parallel Aware": false,
                                                                                                                                                        "Index Name": "movie_id_movie_companies",
                                                                                                                                                        "Startup Cost": 0.0,
                                                                                                                                                        "Total Cost": 4.47,
                                                                                                                                                        "Plan Rows": 5,
                                                                                                                                                        "Plan Width": 0,
                                                                                                                                                        "Actual Startup Time": 0.017,
                                                                                                                                                        "Actual Total Time": 0.017,
                                                                                                                                                        "Actual Rows": 4,
                                                                                                                                                        "Actual Loops": 9,
                                                                                                                                                        "Index Cond": "(mc.movie_id = t.id)"
                                                                                                                                                    }
                                                                                                                                                ]
                                                                                                                                            }
                                                                                                                                        ]
                                                                                                                                    },
                                                                                                                                    {
                                                                                                                                        "Node Type": "Bitmap Heap Scan",
                                                                                                                                        "Parent Relationship": "Inner",
                                                                                                                                        "Parallel Aware": false,
                                                                                                                                        "Relation Name": "movie_info",
                                                                                                                                        "Schema": "public",
                                                                                                                                        "Alias": "mi",
                                                                                                                                        "Startup Cost": 0.81,
                                                                                                                                        "Total Cost": 5.49,
                                                                                                                                        "Plan Rows": 1,
                                                                                                                                        "Plan Width": 8,
                                                                                                                                        "Actual Startup Time": 0.017,
                                                                                                                                        "Actual Total Time": 0.04,
                                                                                                                                        "Actual Rows": 2,
                                                                                                                                        "Actual Loops": 38,
                                                                                                                                        "Output": [
                                                                                                                                            "mi.id",
                                                                                                                                            "mi.movie_id",
                                                                                                                                            "mi.info_type_id",
                                                                                                                                            "mi.info",
                                                                                                                                            "mi.note"
                                                                                                                                        ],
                                                                                                                                        "Recheck Cond": "(mi.movie_id = mc.movie_id)",
                                                                                                                                        "Rows Removed by Index Recheck": 0,
                                                                                                                                        "Filter": "((mi.info IS NOT NULL) AND ((mi.info ~~ 'Japan:%201%'::text) OR (mi.info ~~ 'USA:%201%'::text)))",
                                                                                                                                        "Rows Removed by Filter": 160,
                                                                                                                                        "Exact Heap Blocks": 652,
                                                                                                                                        "Lossy Heap Blocks": 0,
                                                                                                                                        "Plans": [
                                                                                                                                            {
                                                                                                                                                "Node Type": "Bitmap Index Scan",
                                                                                                                                                "Parent Relationship": "Outer",
                                                                                                                                                "Parallel Aware": false,
                                                                                                                                                "Index Name": "movie_id_movie_info",
                                                                                                                                                "Startup Cost": 0.0,
                                                                                                                                                "Total Cost": 0.81,
                                                                                                                                                "Plan Rows": 39,
                                                                                                                                                "Plan Width": 0,
                                                                                                                                                "Actual Startup Time": 0.008,
                                                                                                                                                "Actual Total Time": 0.008,
                                                                                                                                                "Actual Rows": 162,
                                                                                                                                                "Actual Loops": 38,
                                                                                                                                                "Index Cond": "(mi.movie_id = mc.movie_id)"
                                                                                                                                            }
                                                                                                                                        ]
                                                                                                                                    }
                                                                                                                                ]
                                                                                                                            },
                                                                                                                            {
                                                                                                                                "Node Type": "Hash",
                                                                                                                                "Parent Relationship": "Inner",
                                                                                                                                "Parallel Aware": false,
                                                                                                                                "Startup Cost": 69693.3,
                                                                                                                                "Total Cost": 69693.3,
                                                                                                                                "Plan Rows": 4523930,
                                                                                                                                "Plan Width": 8,
                                                                                                                                "Actual Startup Time": 981.512,
                                                                                                                                "Actual Total Time": 981.513,
                                                                                                                                "Actual Rows": 4523930,
                                                                                                                                "Actual Loops": 1,
                                                                                                                                "Output": [
                                                                                                                                    "mk.movie_id",
                                                                                                                                    "mk.keyword_id"
                                                                                                                                ],
                                                                                                                                "Hash Buckets": 8388608,
                                                                                                                                "Original Hash Buckets": 8388608,
                                                                                                                                "Hash Batches": 1,
                                                                                                                                "Original Hash Batches": 1,
                                                                                                                                "Peak Memory Usage": 242253,
                                                                                                                                "Plans": [
                                                                                                                                    {
                                                                                                                                        "Node Type": "Seq Scan",
                                                                                                                                        "Parent Relationship": "Outer",
                                                                                                                                        "Parallel Aware": false,
                                                                                                                                        "Relation Name": "movie_keyword",
                                                                                                                                        "Schema": "public",
                                                                                                                                        "Alias": "mk",
                                                                                                                                        "Startup Cost": 0.0,
                                                                                                                                        "Total Cost": 69693.3,
                                                                                                                                        "Plan Rows": 4523930,
                                                                                                                                        "Plan Width": 8,
                                                                                                                                        "Actual Startup Time": 0.026,
                                                                                                                                        "Actual Total Time": 406.944,
                                                                                                                                        "Actual Rows": 4523930,
                                                                                                                                        "Actual Loops": 1,
                                                                                                                                        "Output": [
                                                                                                                                            "mk.movie_id",
                                                                                                                                            "mk.keyword_id"
                                                                                                                                        ]
                                                                                                                                    }
                                                                                                                                ]
                                                                                                                            }
                                                                                                                        ]
                                                                                                                    }
                                                                                                                ]
                                                                                                            }
                                                                                                        ]
                                                                                                    }
                                                                                                ]
                                                                                            }
                                                                                        ]
                                                                                    },
                                                                                    {
                                                                                        "Node Type": "Index Scan",
                                                                                        "Parent Relationship": "Inner",
                                                                                        "Parallel Aware": false,
                                                                                        "Scan Direction": "Forward",
                                                                                        "Index Name": "name_pkey",
                                                                                        "Relation Name": "name",
                                                                                        "Schema": "public",
                                                                                        "Alias": "n",
                                                                                        "Startup Cost": 0.43,
                                                                                        "Total Cost": 0.79,
                                                                                        "Plan Rows": 1,
                                                                                        "Plan Width": 19,
                                                                                        "Actual Startup Time": 0.001,
                                                                                        "Actual Total Time": 0.001,
                                                                                        "Actual Rows": 0,
                                                                                        "Actual Loops": 770,
                                                                                        "Output": [
                                                                                            "n.id",
                                                                                            "n.name",
                                                                                            "n.imdb_index",
                                                                                            "n.imdb_id",
                                                                                            "n.gender",
                                                                                            "n.name_pcode_cf",
                                                                                            "n.name_pcode_nf",
                                                                                            "n.surname_pcode",
                                                                                            "n.md5sum"
                                                                                        ],
                                                                                        "Index Cond": "(n.id = ci.person_id)",
                                                                                        "Rows Removed by Index Recheck": 0,
                                                                                        "Filter": "((n.name ~~ '%An%'::text) AND ((n.gender)::text = 'f'::text))",
                                                                                        "Rows Removed by Filter": 1
                                                                                    }
                                                                                ]
                                                                            }
                                                                        ]
                                                                    }
                                                                ]
                                                            }
                                                        ]
                                                    },
                                                    {
                                                        "Node Type": "Sort",
                                                        "Parent Relationship": "Inner",
                                                        "Parallel Aware": false,
                                                        "Startup Cost": 109559.99,
                                                        "Total Cost": 111813.35,
                                                        "Plan Rows": 901343,
                                                        "Plan Width": 4,
                                                        "Actual Startup Time": 453.812,
                                                        "Actual Total Time": 475.398,
                                                        "Actual Rows": 469229,
                                                        "Actual Loops": 1,
                                                        "Output": [
                                                            "an.person_id"
                                                        ],
                                                        "Sort Key": [
                                                            "an.person_id"
                                                        ],
                                                        "Sort Method": "quicksort",
                                                        "Sort Space Used": 66827,
                                                        "Sort Space Type": "Memory",
                                                        "Plans": [
                                                            {
                                                                "Node Type": "Seq Scan",
                                                                "Parent Relationship": "Outer",
                                                                "Parallel Aware": false,
                                                                "Relation Name": "aka_name",
                                                                "Schema": "public",
                                                                "Alias": "an",
                                                                "Startup Cost": 0.0,
                                                                "Total Cost": 20409.43,
                                                                "Plan Rows": 901343,
                                                                "Plan Width": 4,
                                                                "Actual Startup Time": 0.05,
                                                                "Actual Total Time": 225.244,
                                                                "Actual Rows": 901343,
                                                                "Actual Loops": 1,
                                                                "Output": [
                                                                    "an.person_id"
                                                                ]
                                                            }
                                                        ]
                                                    }
                                                ]
                                            },
                                            {
                                                "Node Type": "Bitmap Heap Scan",
                                                "Parent Relationship": "Inner",
                                                "Parallel Aware": false,
                                                "Relation Name": "info_type",
                                                "Schema": "public",
                                                "Alias": "it",
                                                "Startup Cost": 0.15,
                                                "Total Cost": 4.17,
                                                "Plan Rows": 1,
                                                "Plan Width": 4,
                                                "Actual Startup Time": 0.002,
                                                "Actual Total Time": 0.002,
                                                "Actual Rows": 1,
                                                "Actual Loops": 175,
                                                "Output": [
                                                    "it.id",
                                                    "it.info"
                                                ],
                                                "Recheck Cond": "(it.id = mi.info_type_id)",
                                                "Rows Removed by Index Recheck": 0,
                                                "Filter": "((it.info)::text = 'release dates'::text)",
                                                "Rows Removed by Filter": 0,
                                                "Exact Heap Blocks": 175,
                                                "Lossy Heap Blocks": 0,
                                                "Plans": [
                                                    {
                                                        "Node Type": "Bitmap Index Scan",
                                                        "Parent Relationship": "Outer",
                                                        "Parallel Aware": false,
                                                        "Index Name": "info_type_pkey",
                                                        "Startup Cost": 0.0,
                                                        "Total Cost": 0.15,
                                                        "Plan Rows": 1,
                                                        "Plan Width": 0,
                                                        "Actual Startup Time": 0.001,
                                                        "Actual Total Time": 0.001,
                                                        "Actual Rows": 1,
                                                        "Actual Loops": 175,
                                                        "Index Cond": "(it.id = mi.info_type_id)"
                                                    }
                                                ]
                                            }
                                        ]
                                    }
                                ]
                            }
                        ]
                    },
                    {
                        "Node Type": "Bitmap Heap Scan",
                        "Parent Relationship": "Inner",
                        "Parallel Aware": false,
                        "Relation Name": "keyword",
                        "Schema": "public",
                        "Alias": "k",
                        "Startup Cost": 0.43,
                        "Total Cost": 4.45,
                        "Plan Rows": 1,
                        "Plan Width": 4,
                        "Actual Startup Time": 0.004,
                        "Actual Total Time": 0.004,
                        "Actual Rows": 0,
                        "Actual Loops": 175,
                        "Output": [
                            "k.id",
                            "k.keyword",
                            "k.phonetic_code"
                        ],
                        "Recheck Cond": "(k.id = mk.keyword_id)",
                        "Rows Removed by Index Recheck": 0,
                        "Filter": "(k.keyword = ANY ('{blood,violence,female-nudity,comic-hero}'::text[]))",
                        "Rows Removed by Filter": 1,
                        "Exact Heap Blocks": 175,
                        "Lossy Heap Blocks": 0,
                        "Plans": [
                            {
                                "Node Type": "Bitmap Index Scan",
                                "Parent Relationship": "Outer",
                                "Parallel Aware": false,
                                "Index Name": "keyword_pkey",
                                "Startup Cost": 0.0,
                                "Total Cost": 0.43,
                                "Plan Rows": 1,
                                "Plan Width": 0,
                                "Actual Startup Time": 0.002,
                                "Actual Total Time": 0.002,
                                "Actual Rows": 1,
                                "Actual Loops": 175,
                                "Index Cond": "(k.id = mk.keyword_id)"
                            }
                        ]
                    }
                ]
            }
        ]
    },
    "Planning Time": 46.279,
    "Triggers": [],
    "Execution Time": 7709.763
}