[
  {
    "Plan": {
      "Node Type": "Aggregate",
      "Strategy": "Plain",
      "Partial Mode": "Finalize",
      "Parallel Aware": false,
      "Startup Cost": 94999.42,
      "Total Cost": 94999.43,
      "Plan Rows": 1,
      "Plan Width": 8,
      "Actual Startup Time": 129.545,
      "Actual Total Time": 151.457,
      "Actual Rows": 1,
      "Actual Loops": 1,
      "Plans": [
        {
          "Node Type": "Gather",
          "Parent Relationship": "Outer",
          "Parallel Aware": false,
          "Startup Cost": 94999.0,
          "Total Cost": 94999.41,
          "Plan Rows": 4,
          "Plan Width": 8,
          "Actual Startup Time": 129.156,
          "Actual Total Time": 151.447,
          "Actual Rows": 5,
          "Actual Loops": 1,
          "Workers Planned": 4,
          "Workers Launched": 4,
          "Single Copy": false,
          "Plans": [
            {
              "Node Type": "Aggregate",
              "Strategy": "Plain",
              "Partial Mode": "Partial",
              "Parent Relationship": "Outer",
              "Parallel Aware": false,
              "Startup Cost": 93999.0,
              "Total Cost": 93999.01,
              "Plan Rows": 1,
              "Plan Width": 8,
              "Actual Startup Time": 121.204,
              "Actual Total Time": 121.205,
              "Actual Rows": 1,
              "Actual Loops": 5,
              "Plans": [
                {
                  "Node Type": "Nested Loop",
                  "Parent Relationship": "Outer",
                  "Parallel Aware": false,
                  "Join Type": "Inner",
                  "Startup Cost": 0.56,
                  "Total Cost": 93990.17,
                  "Plan Rows": 3532,
                  "Plan Width": 0,
                  "Actual Startup Time": 39.7,
                  "Actual Total Time": 120.735,
                  "Actual Rows": 5045,
                  "Actual Loops": 5,
                  "Inner Unique": false,
                  "Plans": [
                    {
                      "Node Type": "Seq Scan",
                      "Parent Relationship": "Outer",
                      "Parallel Aware": true,
                      "Relation Name": "title",
                      "Alias": "t",
                      "Startup Cost": 0.0,
                      "Total Cost": 43899.32,
                      "Plan Rows": 379,
                      "Plan Width": 4,
                      "Actual Startup Time": 39.586,
                      "Actual Total Time": 73.802,
                      "Actual Rows": 497,
                      "Actual Loops": 5,
                      "Filter": "(production_year = 1939)",
                      "Rows Removed by Filter": 505166
                    },
                    {
                      "Node Type": "Index Scan",
                      "Parent Relationship": "Inner",
                      "Parallel Aware": false,
                      "Scan Direction": "Forward",
                      "Index Name": "movie_id_cast_info",
                      "Relation Name": "cast_info",
                      "Alias": "ci",
                      "Startup Cost": 0.56,
                      "Total Cost": 131.94,
                      "Plan Rows": 23,
                      "Plan Width": 4,
                      "Actual Startup Time": 0.054,
                      "Actual Total Time": 0.093,
                      "Actual Rows": 10,
                      "Actual Loops": 2483,
                      "Index Cond": "(movie_id = t.id)",
                      "Rows Removed by Index Recheck": 0,
                      "Filter": "(role_id > 1)",
                      "Rows Removed by Filter": 11
                    }
                  ]
                }
              ]
            }
          ]
        }
      ]
    },
    "Planning Time": 0.497,
    "Triggers": [],
    "Execution Time": 151.496
  }
]