[
  {
    "Plan": {
      "Node Type": "Aggregate",
      "Strategy": "Plain",
      "Partial Mode": "Finalize",
      "Parallel Aware": false,
      "Startup Cost": 341016.26,
      "Total Cost": 341016.27,
      "Plan Rows": 1,
      "Plan Width": 8,
      "Actual Startup Time": 910.351,
      "Actual Total Time": 967.29,
      "Actual Rows": 1,
      "Actual Loops": 1,
      "Plans": [
        {
          "Node Type": "Gather",
          "Parent Relationship": "Outer",
          "Parallel Aware": false,
          "Startup Cost": 341015.63,
          "Total Cost": 341016.24,
          "Plan Rows": 6,
          "Plan Width": 8,
          "Actual Startup Time": 910.208,
          "Actual Total Time": 967.277,
          "Actual Rows": 7,
          "Actual Loops": 1,
          "Workers Planned": 6,
          "Workers Launched": 6,
          "Single Copy": false,
          "Plans": [
            {
              "Node Type": "Aggregate",
              "Strategy": "Plain",
              "Partial Mode": "Partial",
              "Parent Relationship": "Outer",
              "Parallel Aware": false,
              "Startup Cost": 340015.63,
              "Total Cost": 340015.64,
              "Plan Rows": 1,
              "Plan Width": 8,
              "Actual Startup Time": 900.656,
              "Actual Total Time": 900.657,
              "Actual Rows": 1,
              "Actual Loops": 7,
              "Plans": [
                {
                  "Node Type": "Seq Scan",
                  "Parent Relationship": "Outer",
                  "Parallel Aware": true,
                  "Relation Name": "cast_info",
                  "Alias": "ci",
                  "Startup Cost": 0.0,
                  "Total Cost": 328162.03,
                  "Plan Rows": 4741442,
                  "Plan Width": 0,
                  "Actual Startup Time": 0.05,
                  "Actual Total Time": 721.531,
                  "Actual Rows": 4075958,
                  "Actual Loops": 7,
                  "Filter": "(role_id < 7)",
                  "Rows Removed by Filter": 1101806
                }
              ]
            }
          ]
        }
      ]
    },
    "Planning Time": 0.19,
    "Triggers": [],
    "Execution Time": 967.363
  }
]