[
  {
    "Plan": {
      "Node Type": "Aggregate",
      "Strategy": "Plain",
      "Partial Mode": "Finalize",
      "Parallel Aware": false,
      "Startup Cost": 187287.71,
      "Total Cost": 187287.72,
      "Plan Rows": 1,
      "Plan Width": 8,
      "Actual Startup Time": 142.793,
      "Actual Total Time": 152.608,
      "Actual Rows": 1,
      "Actual Loops": 1,
      "Plans": [
        {
          "Node Type": "Gather",
          "Parent Relationship": "Outer",
          "Parallel Aware": false,
          "Startup Cost": 187287.18,
          "Total Cost": 187287.69,
          "Plan Rows": 5,
          "Plan Width": 8,
          "Actual Startup Time": 142.172,
          "Actual Total Time": 152.589,
          "Actual Rows": 6,
          "Actual Loops": 1,
          "Workers Planned": 5,
          "Workers Launched": 5,
          "Single Copy": false,
          "Plans": [
            {
              "Node Type": "Aggregate",
              "Strategy": "Plain",
              "Partial Mode": "Partial",
              "Parent Relationship": "Outer",
              "Parallel Aware": false,
              "Startup Cost": 186287.18,
              "Total Cost": 186287.19,
              "Plan Rows": 1,
              "Plan Width": 8,
              "Actual Startup Time": 135.159,
              "Actual Total Time": 135.161,
              "Actual Rows": 1,
              "Actual Loops": 6,
              "Plans": [
                {
                  "Node Type": "Bitmap Heap Scan",
                  "Parent Relationship": "Outer",
                  "Parallel Aware": true,
                  "Relation Name": "movie_info",
                  "Alias": "mi",
                  "Startup Cost": 20835.46,
                  "Total Cost": 185710.73,
                  "Plan Rows": 230581,
                  "Plan Width": 0,
                  "Actual Startup Time": 41.249,
                  "Actual Total Time": 123.598,
                  "Actual Rows": 190206,
                  "Actual Loops": 6,
                  "Recheck Cond": "(info_type_id > 54)",
                  "Rows Removed by Index Recheck": 0,
                  "Exact Heap Blocks": 9648,
                  "Lossy Heap Blocks": 0,
                  "Plans": [
                    {
                      "Node Type": "Bitmap Index Scan",
                      "Parent Relationship": "Outer",
                      "Parallel Aware": false,
                      "Index Name": "info_type_id_movie_info",
                      "Startup Cost": 0.0,
                      "Total Cost": 20547.24,
                      "Plan Rows": 1152907,
                      "Plan Width": 0,
                      "Actual Startup Time": 42.076,
                      "Actual Total Time": 42.077,
                      "Actual Rows": 1141235,
                      "Actual Loops": 1,
                      "Index Cond": "(info_type_id > 54)"
                    }
                  ]
                }
              ]
            }
          ]
        }
      ]
    },
    "Planning Time": 0.083,
    "Triggers": [],
    "Execution Time": 152.656
  }
]