[
  {
    "Plan": {
      "Node Type": "Aggregate",
      "Strategy": "Plain",
      "Partial Mode": "Finalize",
      "Parallel Aware": false,
      "Startup Cost": 188041.0,
      "Total Cost": 188041.01,
      "Plan Rows": 1,
      "Plan Width": 8,
      "Actual Startup Time": 152.637,
      "Actual Total Time": 162.595,
      "Actual Rows": 1,
      "Actual Loops": 1,
      "Plans": [
        {
          "Node Type": "Gather",
          "Parent Relationship": "Outer",
          "Parallel Aware": false,
          "Startup Cost": 188040.47,
          "Total Cost": 188040.98,
          "Plan Rows": 5,
          "Plan Width": 8,
          "Actual Startup Time": 152.21,
          "Actual Total Time": 162.585,
          "Actual Rows": 6,
          "Actual Loops": 1,
          "Workers Planned": 5,
          "Workers Launched": 5,
          "Single Copy": false,
          "Plans": [
            {
              "Node Type": "Aggregate",
              "Strategy": "Plain",
              "Partial Mode": "Partial",
              "Parent Relationship": "Outer",
              "Parallel Aware": false,
              "Startup Cost": 187040.47,
              "Total Cost": 187040.48,
              "Plan Rows": 1,
              "Plan Width": 8,
              "Actual Startup Time": 144.969,
              "Actual Total Time": 144.971,
              "Actual Rows": 1,
              "Actual Loops": 6,
              "Plans": [
                {
                  "Node Type": "Bitmap Heap Scan",
                  "Parent Relationship": "Outer",
                  "Parallel Aware": true,
                  "Relation Name": "movie_info",
                  "Alias": "mi",
                  "Startup Cost": 21489.04,
                  "Total Cost": 186447.4,
                  "Plan Rows": 237229,
                  "Plan Width": 0,
                  "Actual Startup Time": 60.486,
                  "Actual Total Time": 133.157,
                  "Actual Rows": 190206,
                  "Actual Loops": 6,
                  "Recheck Cond": "(info_type_id > 54)",
                  "Rows Removed by Index Recheck": 0,
                  "Exact Heap Blocks": 10966,
                  "Lossy Heap Blocks": 0,
                  "Plans": [
                    {
                      "Node Type": "Bitmap Index Scan",
                      "Parent Relationship": "Outer",
                      "Parallel Aware": false,
                      "Index Name": "info_type_id_movie_info",
                      "Startup Cost": 0.0,
                      "Total Cost": 21192.51,
                      "Plan Rows": 1186143,
                      "Plan Width": 0,
                      "Actual Startup Time": 61.16,
                      "Actual Total Time": 61.16,
                      "Actual Rows": 1141235,
                      "Actual Loops": 1,
                      "Index Cond": "(info_type_id > 54)"
                    }
                  ]
                }
              ]
            }
          ]
        }
      ]
    },
    "Planning Time": 0.174,
    "Triggers": [],
    "Execution Time": 162.67
  }
]