[
  {
    "Plan": {
      "Node Type": "Aggregate",
      "Strategy": "Plain",
      "Partial Mode": "Finalize",
      "Parallel Aware": false,
      "Startup Cost": 332318.45,
      "Total Cost": 332318.46,
      "Plan Rows": 1,
      "Plan Width": 8,
      "Actual Startup Time": 606.447,
      "Actual Total Time": 648.51,
      "Actual Rows": 1,
      "Actual Loops": 1,
      "Plans": [
        {
          "Node Type": "Gather",
          "Parent Relationship": "Outer",
          "Parallel Aware": false,
          "Startup Cost": 332317.82,
          "Total Cost": 332318.43,
          "Plan Rows": 6,
          "Plan Width": 8,
          "Actual Startup Time": 606.128,
          "Actual Total Time": 648.498,
          "Actual Rows": 7,
          "Actual Loops": 1,
          "Workers Planned": 6,
          "Workers Launched": 6,
          "Single Copy": false,
          "Plans": [
            {
              "Node Type": "Aggregate",
              "Strategy": "Plain",
              "Partial Mode": "Partial",
              "Parent Relationship": "Outer",
              "Parallel Aware": false,
              "Startup Cost": 331317.82,
              "Total Cost": 331317.83,
              "Plan Rows": 1,
              "Plan Width": 8,
              "Actual Startup Time": 597.231,
              "Actual Total Time": 597.232,
              "Actual Rows": 1,
              "Actual Loops": 7,
              "Plans": [
                {
                  "Node Type": "Seq Scan",
                  "Parent Relationship": "Outer",
                  "Parallel Aware": true,
                  "Relation Name": "cast_info",
                  "Alias": "ci",
                  "Startup Cost": 0.0,
                  "Total Cost": 328211.39,
                  "Plan Rows": 1242572,
                  "Plan Width": 0,
                  "Actual Startup Time": 0.056,
                  "Actual Total Time": 542.453,
                  "Actual Rows": 1084886,
                  "Actual Loops": 7,
                  "Filter": "(person_id < 736331)",
                  "Rows Removed by Filter": 4092878
                }
              ]
            }
          ]
        }
      ]
    },
    "Planning Time": 0.118,
    "Triggers": [],
    "Execution Time": 648.556
  }
]