[
  {
    "Plan": {
      "Node Type": "Aggregate",
      "Strategy": "Plain",
      "Partial Mode": "Finalize",
      "Parallel Aware": false,
      "Startup Cost": 332242.43,
      "Total Cost": 332242.45,
      "Plan Rows": 1,
      "Plan Width": 8,
      "Actual Startup Time": 581.941,
      "Actual Total Time": 637.689,
      "Actual Rows": 1,
      "Actual Loops": 1,
      "Plans": [
        {
          "Node Type": "Gather",
          "Parent Relationship": "Outer",
          "Parallel Aware": false,
          "Startup Cost": 332241.81,
          "Total Cost": 332242.42,
          "Plan Rows": 6,
          "Plan Width": 8,
          "Actual Startup Time": 581.823,
          "Actual Total Time": 637.679,
          "Actual Rows": 7,
          "Actual Loops": 1,
          "Workers Planned": 6,
          "Workers Launched": 6,
          "Single Copy": false,
          "Plans": [
            {
              "Node Type": "Aggregate",
              "Strategy": "Plain",
              "Partial Mode": "Partial",
              "Parent Relationship": "Outer",
              "Parallel Aware": false,
              "Startup Cost": 331241.81,
              "Total Cost": 331241.82,
              "Plan Rows": 1,
              "Plan Width": 8,
              "Actual Startup Time": 571.352,
              "Actual Total Time": 571.353,
              "Actual Rows": 1,
              "Actual Loops": 7,
              "Plans": [
                {
                  "Node Type": "Seq Scan",
                  "Parent Relationship": "Outer",
                  "Parallel Aware": true,
                  "Relation Name": "cast_info",
                  "Alias": "ci",
                  "Startup Cost": 0.0,
                  "Total Cost": 328162.03,
                  "Plan Rows": 1231914,
                  "Plan Width": 0,
                  "Actual Startup Time": 0.053,
                  "Actual Total Time": 523.822,
                  "Actual Rows": 1084886,
                  "Actual Loops": 7,
                  "Filter": "(person_id < 736331)",
                  "Rows Removed by Filter": 4092878
                }
              ]
            }
          ]
        }
      ]
    },
    "Planning Time": 0.183,
    "Triggers": [],
    "Execution Time": 637.757
  }
]