[
  {
    "Plan": {
      "Node Type": "Aggregate",
      "Strategy": "Plain",
      "Partial Mode": "Finalize",
      "Parallel Aware": false,
      "Startup Cost": 46549.14,
      "Total Cost": 46549.15,
      "Plan Rows": 1,
      "Plan Width": 8,
      "Actual Startup Time": 163.215,
      "Actual Total Time": 172.877,
      "Actual Rows": 1,
      "Actual Loops": 1,
      "Plans": [
        {
          "Node Type": "Gather",
          "Parent Relationship": "Outer",
          "Parallel Aware": false,
          "Startup Cost": 46548.82,
          "Total Cost": 46549.13,
          "Plan Rows": 3,
          "Plan Width": 8,
          "Actual Startup Time": 163.099,
          "Actual Total Time": 172.867,
          "Actual Rows": 4,
          "Actual Loops": 1,
          "Workers Planned": 3,
          "Workers Launched": 3,
          "Single Copy": false,
          "Plans": [
            {
              "Node Type": "Aggregate",
              "Strategy": "Plain",
              "Partial Mode": "Partial",
              "Parent Relationship": "Outer",
              "Parallel Aware": false,
              "Startup Cost": 45548.82,
              "Total Cost": 45548.83,
              "Plan Rows": 1,
              "Plan Width": 8,
              "Actual Startup Time": 157.741,
              "Actual Total Time": 157.742,
              "Actual Rows": 1,
              "Actual Loops": 4,
              "Plans": [
                {
                  "Node Type": "Seq Scan",
                  "Parent Relationship": "Outer",
                  "Parallel Aware": true,
                  "Relation Name": "movie_keyword",
                  "Alias": "mk",
                  "Startup Cost": 0.0,
                  "Total Cost": 42695.65,
                  "Plan Rows": 1141268,
                  "Plan Width": 0,
                  "Actual Startup Time": 0.038,
                  "Actual Total Time": 119.66,
                  "Actual Rows": 886734,
                  "Actual Loops": 4,
                  "Filter": "(keyword_id < 19128)",
                  "Rows Removed by Filter": 244248
                }
              ]
            }
          ]
        }
      ]
    },
    "Planning Time": 0.158,
    "Triggers": [],
    "Execution Time": 172.927
  }
]