{
  "Plan": {
    "Node Type": "Aggregate",
    "Strategy": "Plain",
    "Partial Mode": "Finalize",
    "Parallel Aware": false,
    "Startup Cost": 451965.5,
    "Total Cost": 451965.51,
    "Plan Rows": 1,
    "Plan Width": 8,
    "Actual Startup Time": 5554.722,
    "Actual Total Time": 5609.744,
    "Actual Rows": 1,
    "Actual Loops": 1,
    "Plans": [
      {
        "Node Type": "Gather",
        "Parent Relationship": "Outer",
        "Parallel Aware": false,
        "Startup Cost": 451965.38,
        "Total Cost": 451965.49,
        "Plan Rows": 1,
        "Plan Width": 8,
        "Actual Startup Time": 5546.675,
        "Actual Total Time": 5609.733,
        "Actual Rows": 2,
        "Actual Loops": 1,
        "Workers Planned": 1,
        "Workers Launched": 1,
        "Single Copy": false,
        "Plans": [
          {
            "Node Type": "Aggregate",
            "Strategy": "Plain",
            "Partial Mode": "Partial",
            "Parent Relationship": "Outer",
            "Parallel Aware": false,
            "Startup Cost": 450965.38,
            "Total Cost": 450965.39,
            "Plan Rows": 1,
            "Plan Width": 8,
            "Actual Startup Time": 5538.711,
            "Actual Total Time": 5539.071,
            "Actual Rows": 1,
            "Actual Loops": 2,
            "Plans": [
              {
                "Node Type": "Hash Join",
                "Parent Relationship": "Outer",
                "Parallel Aware": true,
                "Join Type": "Inner",
                "Startup Cost": 136570.08,
                "Total Cost": 441174.41,
                "Plan Rows": 3916388,
                "Plan Width": 0,
                "Actual Startup Time": 953.501,
                "Actual Total Time": 4521.822,
                "Actual Rows": 25522014,
                "Actual Loops": 2,
                "Inner Unique": false,
                "Hash Cond": "(mi.movie_id = t.id)",
                "Plans": [
                  {
                    "Node Type": "Seq Scan",
                    "Parent Relationship": "Outer",
                    "Parallel Aware": true,
                    "Relation Name": "movie_info",
                    "Alias": "mi",
                    "Startup Cost": 0.0,
                    "Total Cost": 248955.74,
                    "Plan Rows": 8696274,
                    "Plan Width": 4,
                    "Actual Startup Time": 0.017,
                    "Actual Total Time": 632.968,
                    "Actual Rows": 7417860,
                    "Actual Loops": 2
                  },
                  {
                    "Node Type": "Hash",
                    "Parent Relationship": "Inner",
                    "Parallel Aware": true,
                    "Startup Cost": 128197.86,
                    "Total Cost": 128197.86,
                    "Plan Rows": 669778,
                    "Plan Width": 8,
                    "Actual Startup Time": 938.192,
                    "Actual Total Time": 938.551,
                    "Actual Rows": 574384,
                    "Actual Loops": 2,
                    "Hash Buckets": 2097152,
                    "Original Hash Buckets": 2097152,
                    "Hash Batches": 1,
                    "Original Hash Batches": 1,
                    "Peak Memory Usage": 61376,
                    "Plans": [
                      {
                        "Node Type": "Hash Join",
                        "Parent Relationship": "Outer",
                        "Parallel Aware": true,
                        "Join Type": "Inner",
                        "Startup Cost": 93613.46,
                        "Total Cost": 128197.86,
                        "Plan Rows": 669778,
                        "Plan Width": 8,
                        "Actual Startup Time": 571.019,
                        "Actual Total Time": 814.924,
                        "Actual Rows": 574384,
                        "Actual Loops": 2,
                        "Inner Unique": true,
                        "Hash Cond": "(mk.movie_id = t.id)",
                        "Plans": [
                          {
                            "Node Type": "Bitmap Heap Scan",
                            "Parent Relationship": "Outer",
                            "Parallel Aware": true,
                            "Relation Name": "movie_keyword",
                            "Alias": "mk",
                            "Startup Cost": 24152.76,
                            "Total Cost": 56978.99,
                            "Plan Rows": 669778,
                            "Plan Width": 4,
                            "Actual Startup Time": 60.829,
                            "Actual Total Time": 156.494,
                            "Actual Rows": 574384,
                            "Actual Loops": 2,
                            "Recheck Cond": "(keyword_id < 1322)",
                            "Rows Removed by Index Recheck": 0,
                            "Exact Heap Blocks": 12797,
                            "Lossy Heap Blocks": 0,
                            "Plans": [
                              {
                                "Node Type": "Bitmap Index Scan",
                                "Parent Relationship": "Outer",
                                "Parallel Aware": false,
                                "Index Name": "keyword_id_movie_keyword",
                                "Startup Cost": 0.0,
                                "Total Cost": 23868.1,
                                "Plan Rows": 1138623,
                                "Plan Width": 0,
                                "Actual Startup Time": 57.223,
                                "Actual Total Time": 57.223,
                                "Actual Rows": 1148769,
                                "Actual Loops": 1,
                                "Index Cond": "(keyword_id < 1322)"
                              }
                            ]
                          },
                          {
                            "Node Type": "Hash",
                            "Parent Relationship": "Inner",
                            "Parallel Aware": true,
                            "Startup Cost": 50870.31,
                            "Total Cost": 50870.31,
                            "Plan Rows": 1487231,
                            "Plan Width": 4,
                            "Actual Startup Time": 496.163,
                            "Actual Total Time": 496.164,
                            "Actual Rows": 1264156,
                            "Actual Loops": 2,
                            "Hash Buckets": 4194304,
                            "Original Hash Buckets": 4194304,
                            "Hash Batches": 1,
                            "Original Hash Batches": 1,
                            "Peak Memory Usage": 131712,
                            "Plans": [
                              {
                                "Node Type": "Seq Scan",
                                "Parent Relationship": "Outer",
                                "Parallel Aware": true,
                                "Relation Name": "title",
                                "Alias": "t",
                                "Startup Cost": 0.0,
                                "Total Cost": 50870.31,
                                "Plan Rows": 1487231,
                                "Plan Width": 4,
                                "Actual Startup Time": 0.03,
                                "Actual Total Time": 152.447,
                                "Actual Rows": 1264156,
                                "Actual Loops": 2
                              }
                            ]
                          }
                        ]
                      }
                    ]
                  }
                ]
              }
            ]
          }
        ]
      }
    ]
  },
  "Planning Time": 0.829,
  "Triggers": [],
  "Execution Time": 5609.85
}