[
  {
    "Plan": {
      "Node Type": "Aggregate",
      "Strategy": "Plain",
      "Partial Mode": "Finalize",
      "Parallel Aware": false,
      "Startup Cost": 46866.56,
      "Total Cost": 46866.57,
      "Plan Rows": 1,
      "Plan Width": 8,
      "Actual Startup Time": 166.308,
      "Actual Total Time": 177.813,
      "Actual Rows": 1,
      "Actual Loops": 1,
      "Plans": [
        {
          "Node Type": "Gather",
          "Parent Relationship": "Outer",
          "Parallel Aware": false,
          "Startup Cost": 46866.24,
          "Total Cost": 46866.55,
          "Plan Rows": 3,
          "Plan Width": 8,
          "Actual Startup Time": 166.141,
          "Actual Total Time": 177.805,
          "Actual Rows": 4,
          "Actual Loops": 1,
          "Workers Planned": 3,
          "Workers Launched": 3,
          "Single Copy": false,
          "Plans": [
            {
              "Node Type": "Aggregate",
              "Strategy": "Plain",
              "Partial Mode": "Partial",
              "Parent Relationship": "Outer",
              "Parallel Aware": false,
              "Startup Cost": 45866.24,
              "Total Cost": 45866.25,
              "Plan Rows": 1,
              "Plan Width": 8,
              "Actual Startup Time": 159.581,
              "Actual Total Time": 159.582,
              "Actual Rows": 1,
              "Actual Loops": 4,
              "Plans": [
                {
                  "Node Type": "Seq Scan",
                  "Parent Relationship": "Outer",
                  "Parallel Aware": true,
                  "Relation Name": "movie_keyword",
                  "Alias": "mk",
                  "Startup Cost": 0.0,
                  "Total Cost": 42695.65,
                  "Plan Rows": 1268235,
                  "Plan Width": 0,
                  "Actual Startup Time": 0.047,
                  "Actual Total Time": 118.373,
                  "Actual Rows": 982263,
                  "Actual Loops": 4,
                  "Filter": "(keyword_id < 30950)",
                  "Rows Removed by Filter": 148720
                }
              ]
            }
          ]
        }
      ]
    },
    "Planning Time": 0.086,
    "Triggers": [],
    "Execution Time": 177.842
  }
]