[
  {
    "Plan": {
      "Node Type": "Aggregate",
      "Strategy": "Plain",
      "Partial Mode": "Finalize",
      "Parallel Aware": false,
      "Startup Cost": 33203.31,
      "Total Cost": 33203.32,
      "Plan Rows": 1,
      "Plan Width": 8,
      "Actual Startup Time": 96.249,
      "Actual Total Time": 104.303,
      "Actual Rows": 1,
      "Actual Loops": 1,
      "Plans": [
        {
          "Node Type": "Gather",
          "Parent Relationship": "Outer",
          "Parallel Aware": false,
          "Startup Cost": 33202.99,
          "Total Cost": 33203.3,
          "Plan Rows": 3,
          "Plan Width": 8,
          "Actual Startup Time": 96.153,
          "Actual Total Time": 104.297,
          "Actual Rows": 4,
          "Actual Loops": 1,
          "Workers Planned": 3,
          "Workers Launched": 3,
          "Single Copy": false,
          "Plans": [
            {
              "Node Type": "Aggregate",
              "Strategy": "Plain",
              "Partial Mode": "Partial",
              "Parent Relationship": "Outer",
              "Parallel Aware": false,
              "Startup Cost": 32202.99,
              "Total Cost": 32203.0,
              "Plan Rows": 1,
              "Plan Width": 8,
              "Actual Startup Time": 87.792,
              "Actual Total Time": 87.793,
              "Actual Rows": 1,
              "Actual Loops": 4,
              "Plans": [
                {
                  "Node Type": "Seq Scan",
                  "Parent Relationship": "Outer",
                  "Parallel Aware": true,
                  "Relation Name": "movie_companies",
                  "Alias": "mc",
                  "Startup Cost": 0.0,
                  "Total Cost": 31414.82,
                  "Plan Rows": 315270,
                  "Plan Width": 0,
                  "Actual Startup Time": 49.335,
                  "Actual Total Time": 81.168,
                  "Actual Rows": 167334,
                  "Actual Loops": 4,
                  "Filter": "((company_id < 45697) AND (company_type_id = 2))",
                  "Rows Removed by Filter": 484948
                }
              ]
            }
          ]
        }
      ]
    },
    "Planning Time": 0.195,
    "Triggers": [],
    "Execution Time": 104.355
  }
]