[
    {
        "Bao": {
            "Bao prediction": "NaN",
            "Bao recommended hint": "(no hint)"
        }
    },
    {
        "Plan": {
            "Node Type": "Aggregate",
            "Strategy": "Plain",
            "Partial Mode": "Finalize",
            "Parallel Aware": false,
            "Startup Cost": 390435.74,
            "Total Cost": 390435.75,
            "Plan Rows": 1,
            "Plan Width": 8,
            "Actual Startup Time": 811.755,
            "Actual Total Time": 840.217,
            "Actual Rows": 1,
            "Actual Loops": 1,
            "Output": [
                "count(*)"
            ],
            "Plans": [
                {
                    "Node Type": "Gather",
                    "Parent Relationship": "Outer",
                    "Parallel Aware": false,
                    "Startup Cost": 390435.12,
                    "Total Cost": 390435.73,
                    "Plan Rows": 6,
                    "Plan Width": 8,
                    "Actual Startup Time": 810.089,
                    "Actual Total Time": 840.198,
                    "Actual Rows": 7,
                    "Actual Loops": 1,
                    "Output": [
                        "(PARTIAL count(*))"
                    ],
                    "Workers Planned": 6,
                    "Workers Launched": 6,
                    "Single Copy": false,
                    "Plans": [
                        {
                            "Node Type": "Aggregate",
                            "Strategy": "Plain",
                            "Partial Mode": "Partial",
                            "Parent Relationship": "Outer",
                            "Parallel Aware": false,
                            "Startup Cost": 389435.12,
                            "Total Cost": 389435.13,
                            "Plan Rows": 1,
                            "Plan Width": 8,
                            "Actual Startup Time": 800.266,
                            "Actual Total Time": 800.269,
                            "Actual Rows": 1,
                            "Actual Loops": 7,
                            "Output": [
                                "PARTIAL count(*)"
                            ],
                            "Workers": [
                                {
                                    "Worker Number": 0,
                                    "Actual Startup Time": 798.185,
                                    "Actual Total Time": 798.188,
                                    "Actual Rows": 1,
                                    "Actual Loops": 1
                                },
                                {
                                    "Worker Number": 1,
                                    "Actual Startup Time": 798.218,
                                    "Actual Total Time": 798.22,
                                    "Actual Rows": 1,
                                    "Actual Loops": 1
                                },
                                {
                                    "Worker Number": 2,
                                    "Actual Startup Time": 798.349,
                                    "Actual Total Time": 798.351,
                                    "Actual Rows": 1,
                                    "Actual Loops": 1
                                },
                                {
                                    "Worker Number": 3,
                                    "Actual Startup Time": 798.72,
                                    "Actual Total Time": 798.724,
                                    "Actual Rows": 1,
                                    "Actual Loops": 1
                                },
                                {
                                    "Worker Number": 4,
                                    "Actual Startup Time": 799.246,
                                    "Actual Total Time": 799.248,
                                    "Actual Rows": 1,
                                    "Actual Loops": 1
                                },
                                {
                                    "Worker Number": 5,
                                    "Actual Startup Time": 799.405,
                                    "Actual Total Time": 799.408,
                                    "Actual Rows": 1,
                                    "Actual Loops": 1
                                }
                            ],
                            "Plans": [
                                {
                                    "Node Type": "Hash Join",
                                    "Parent Relationship": "Outer",
                                    "Parallel Aware": true,
                                    "Join Type": "Inner",
                                    "Startup Cost": 44758.04,
                                    "Total Cost": 389307.68,
                                    "Plan Rows": 50974,
                                    "Plan Width": 0,
                                    "Actual Startup Time": 437.172,
                                    "Actual Total Time": 797.19,
                                    "Actual Rows": 56160,
                                    "Actual Loops": 7,
                                    "Inner Unique": true,
                                    "Hash Cond": "(ci.movie_id = t.id)",
                                    "Workers": [
                                        {
                                            "Worker Number": 0,
                                            "Actual Startup Time": 434.696,
                                            "Actual Total Time": 794.782,
                                            "Actual Rows": 39735,
                                            "Actual Loops": 1
                                        },
                                        {
                                            "Worker Number": 1,
                                            "Actual Startup Time": 435.596,
                                            "Actual Total Time": 795.281,
                                            "Actual Rows": 55874,
                                            "Actual Loops": 1
                                        },
                                        {
                                            "Worker Number": 2,
                                            "Actual Startup Time": 435.112,
                                            "Actual Total Time": 795.294,
                                            "Actual Rows": 58129,
                                            "Actual Loops": 1
                                        },
                                        {
                                            "Worker Number": 3,
                                            "Actual Startup Time": 435.548,
                                            "Actual Total Time": 795.666,
                                            "Actual Rows": 56472,
                                            "Actual Loops": 1
                                        },
                                        {
                                            "Worker Number": 4,
                                            "Actual Startup Time": 436.034,
                                            "Actual Total Time": 796.232,
                                            "Actual Rows": 55420,
                                            "Actual Loops": 1
                                        },
                                        {
                                            "Worker Number": 5,
                                            "Actual Startup Time": 436.72,
                                            "Actual Total Time": 796.264,
                                            "Actual Rows": 58535,
                                            "Actual Loops": 1
                                        }
                                    ],
                                    "Plans": [
                                        {
                                            "Node Type": "Seq Scan",
                                            "Parent Relationship": "Outer",
                                            "Parallel Aware": true,
                                            "Relation Name": "cast_info",
                                            "Schema": "public",
                                            "Alias": "ci",
                                            "Startup Cost": 0.0,
                                            "Total Cost": 343318.94,
                                            "Plan Rows": 468838,
                                            "Plan Width": 4,
                                            "Actual Startup Time": 349.603,
                                            "Actual Total Time": 563.405,
                                            "Actual Rows": 904303,
                                            "Actual Loops": 7,
                                            "Output": [
                                                "ci.id",
                                                "ci.person_id",
                                                "ci.movie_id",
                                                "ci.person_role_id",
                                                "ci.note",
                                                "ci.nr_order",
                                                "ci.role_id"
                                            ],
                                            "Filter": "((ci.person_id > 3020011) AND (ci.role_id > 2))",
                                            "Rows Removed by Filter": 4273461,
                                            "Workers": [
                                                {
                                                    "Worker Number": 0,
                                                    "Actual Startup Time": 349.579,
                                                    "Actual Total Time": 569.887,
                                                    "Actual Rows": 622330,
                                                    "Actual Loops": 1
                                                },
                                                {
                                                    "Worker Number": 1,
                                                    "Actual Startup Time": 349.604,
                                                    "Actual Total Time": 562.951,
                                                    "Actual Rows": 923318,
                                                    "Actual Loops": 1
                                                },
                                                {
                                                    "Worker Number": 2,
                                                    "Actual Startup Time": 349.603,
                                                    "Actual Total Time": 561.454,
                                                    "Actual Rows": 915966,
                                                    "Actual Loops": 1
                                                },
                                                {
                                                    "Worker Number": 3,
                                                    "Actual Startup Time": 349.611,
                                                    "Actual Total Time": 565.813,
                                                    "Actual Rows": 901961,
                                                    "Actual Loops": 1
                                                },
                                                {
                                                    "Worker Number": 4,
                                                    "Actual Startup Time": 349.621,
                                                    "Actual Total Time": 566.536,
                                                    "Actual Rows": 913757,
                                                    "Actual Loops": 1
                                                },
                                                {
                                                    "Worker Number": 5,
                                                    "Actual Startup Time": 349.602,
                                                    "Actual Total Time": 566.133,
                                                    "Actual Rows": 920330,
                                                    "Actual Loops": 1
                                                }
                                            ]
                                        },
                                        {
                                            "Node Type": "Hash",
                                            "Parent Relationship": "Inner",
                                            "Parallel Aware": true,
                                            "Startup Cost": 43899.01,
                                            "Total Cost": 43899.01,
                                            "Plan Rows": 68723,
                                            "Plan Width": 4,
                                            "Actual Startup Time": 85.704,
                                            "Actual Total Time": 85.705,
                                            "Actual Rows": 39129,
                                            "Actual Loops": 7,
                                            "Output": [
                                                "t.id"
                                            ],
                                            "Hash Buckets": 524288,
                                            "Original Hash Buckets": 524288,
                                            "Hash Batches": 1,
                                            "Original Hash Batches": 1,
                                            "Peak Memory Usage": 14880,
                                            "Workers": [
                                                {
                                                    "Worker Number": 0,
                                                    "Actual Startup Time": 84.251,
                                                    "Actual Total Time": 84.252,
                                                    "Actual Rows": 27324,
                                                    "Actual Loops": 1
                                                },
                                                {
                                                    "Worker Number": 1,
                                                    "Actual Startup Time": 84.497,
                                                    "Actual Total Time": 84.497,
                                                    "Actual Rows": 36790,
                                                    "Actual Loops": 1
                                                },
                                                {
                                                    "Worker Number": 2,
                                                    "Actual Startup Time": 84.624,
                                                    "Actual Total Time": 84.624,
                                                    "Actual Rows": 36985,
                                                    "Actual Loops": 1
                                                },
                                                {
                                                    "Worker Number": 3,
                                                    "Actual Startup Time": 85.047,
                                                    "Actual Total Time": 85.048,
                                                    "Actual Rows": 35880,
                                                    "Actual Loops": 1
                                                },
                                                {
                                                    "Worker Number": 4,
                                                    "Actual Startup Time": 85.595,
                                                    "Actual Total Time": 85.596,
                                                    "Actual Rows": 35637,
                                                    "Actual Loops": 1
                                                },
                                                {
                                                    "Worker Number": 5,
                                                    "Actual Startup Time": 85.78,
                                                    "Actual Total Time": 85.781,
                                                    "Actual Rows": 36771,
                                                    "Actual Loops": 1
                                                }
                                            ],
                                            "Plans": [
                                                {
                                                    "Node Type": "Seq Scan",
                                                    "Parent Relationship": "Outer",
                                                    "Parallel Aware": true,
                                                    "Relation Name": "title",
                                                    "Schema": "public",
                                                    "Alias": "t",
                                                    "Startup Cost": 0.0,
                                                    "Total Cost": 43899.01,
                                                    "Plan Rows": 68723,
                                                    "Plan Width": 4,
                                                    "Actual Startup Time": 0.052,
                                                    "Actual Total Time": 68.486,
                                                    "Actual Rows": 39129,
                                                    "Actual Loops": 7,
                                                    "Output": [
                                                        "t.id"
                                                    ],
                                                    "Filter": "(t.production_year < 1963)",
                                                    "Rows Removed by Filter": 322059,
                                                    "Workers": [
                                                        {
                                                            "Worker Number": 0,
                                                            "Actual Startup Time": 0.056,
                                                            "Actual Total Time": 68.756,
                                                            "Actual Rows": 27324,
                                                            "Actual Loops": 1
                                                        },
                                                        {
                                                            "Worker Number": 1,
                                                            "Actual Startup Time": 0.064,
                                                            "Actual Total Time": 68.065,
                                                            "Actual Rows": 36790,
                                                            "Actual Loops": 1
                                                        },
                                                        {
                                                            "Worker Number": 2,
                                                            "Actual Startup Time": 0.059,
                                                            "Actual Total Time": 67.916,
                                                            "Actual Rows": 36985,
                                                            "Actual Loops": 1
                                                        },
                                                        {
                                                            "Worker Number": 3,
                                                            "Actual Startup Time": 0.065,
                                                            "Actual Total Time": 68.046,
                                                            "Actual Rows": 35880,
                                                            "Actual Loops": 1
                                                        },
                                                        {
                                                            "Worker Number": 4,
                                                            "Actual Startup Time": 0.057,
                                                            "Actual Total Time": 68.234,
                                                            "Actual Rows": 35637,
                                                            "Actual Loops": 1
                                                        },
                                                        {
                                                            "Worker Number": 5,
                                                            "Actual Startup Time": 0.052,
                                                            "Actual Total Time": 69.075,
                                                            "Actual Rows": 36771,
                                                            "Actual Loops": 1
                                                        }
                                                    ]
                                                }
                                            ]
                                        }
                                    ]
                                }
                            ]
                        }
                    ]
                }
            ]
        },
        "Planning Time": 174.996,
        "Triggers": [],
        "Execution Time": 840.275
    }
]