{
  "Plan": {
    "Node Type": "Aggregate",
    "Strategy": "Plain",
    "Partial Mode": "Simple",
    "Parallel Aware": false,
    "Startup Cost": 3007.28,
    "Total Cost": 3007.29,
    "Plan Rows": 1,
    "Plan Width": 8,
    "Actual Startup Time": 21.034,
    "Actual Total Time": 21.036,
    "Actual Rows": 1,
    "Actual Loops": 1,
    "Plans": [
      {
        "Node Type": "Nested Loop",
        "Parent Relationship": "Outer",
        "Parallel Aware": false,
        "Join Type": "Inner",
        "Startup Cost": 6.78,
        "Total Cost": 3007.2,
        "Plan Rows": 31,
        "Plan Width": 0,
        "Actual Startup Time": 1.656,
        "Actual Total Time": 21.015,
        "Actual Rows": 41,
        "Actual Loops": 1,
        "Inner Unique": true,
        "Plans": [
          {
            "Node Type": "Bitmap Heap Scan",
            "Parent Relationship": "Outer",
            "Parallel Aware": false,
            "Relation Name": "movie_keyword",
            "Alias": "mk",
            "Startup Cost": 6.35,
            "Total Cost": 922.98,
            "Plan Rows": 248,
            "Plan Width": 4,
            "Actual Startup Time": 1.192,
            "Actual Total Time": 5.702,
            "Actual Rows": 1704,
            "Actual Loops": 1,
            "Recheck Cond": "(keyword_id = 793)",
            "Rows Removed by Index Recheck": 0,
            "Exact Heap Blocks": 1492,
            "Lossy Heap Blocks": 0,
            "Plans": [
              {
                "Node Type": "Bitmap Index Scan",
                "Parent Relationship": "Outer",
                "Parallel Aware": false,
                "Index Name": "keyword_id_movie_keyword",
                "Startup Cost": 0.0,
                "Total Cost": 6.29,
                "Plan Rows": 248,
                "Plan Width": 0,
                "Actual Startup Time": 0.618,
                "Actual Total Time": 0.618,
                "Actual Rows": 1704,
                "Actual Loops": 1,
                "Index Cond": "(keyword_id = 793)"
              }
            ]
          },
          {
            "Node Type": "Index Scan",
            "Parent Relationship": "Inner",
            "Parallel Aware": false,
            "Scan Direction": "Forward",
            "Index Name": "title_pkey",
            "Relation Name": "title",
            "Alias": "t",
            "Startup Cost": 0.43,
            "Total Cost": 8.4,
            "Plan Rows": 1,
            "Plan Width": 4,
            "Actual Startup Time": 0.008,
            "Actual Total Time": 0.008,
            "Actual Rows": 0,
            "Actual Loops": 1704,
            "Index Cond": "(id = mk.movie_id)",
            "Rows Removed by Index Recheck": 0,
            "Filter": "((production_year < 1982) AND (kind_id = 7))",
            "Rows Removed by Filter": 1
          }
        ]
      }
    ]
  },
  "Planning Time": 0.475,
  "Triggers": [],
  "Execution Time": 21.116
}