{
  "Plan": {
    "Node Type": "Aggregate",
    "Strategy": "Plain",
    "Partial Mode": "Finalize",
    "Parallel Aware": false,
    "Startup Cost": 88199.61,
    "Total Cost": 88199.62,
    "Plan Rows": 1,
    "Plan Width": 32,
    "Actual Startup Time": 414.817,
    "Actual Total Time": 444.837,
    "Actual Rows": 1,
    "Actual Loops": 1,
    "Plans": [
      {
        "Node Type": "Gather",
        "Parent Relationship": "Outer",
        "Parallel Aware": false,
        "Startup Cost": 88199.29,
        "Total Cost": 88199.6,
        "Plan Rows": 3,
        "Plan Width": 32,
        "Actual Startup Time": 412.729,
        "Actual Total Time": 444.825,
        "Actual Rows": 4,
        "Actual Loops": 1,
        "Workers Planned": 3,
        "Workers Launched": 3,
        "Single Copy": false,
        "Plans": [
          {
            "Node Type": "Aggregate",
            "Strategy": "Plain",
            "Partial Mode": "Partial",
            "Parent Relationship": "Outer",
            "Parallel Aware": false,
            "Startup Cost": 87199.29,
            "Total Cost": 87199.3,
            "Plan Rows": 1,
            "Plan Width": 32,
            "Actual Startup Time": 401.393,
            "Actual Total Time": 401.405,
            "Actual Rows": 1,
            "Actual Loops": 4,
            "Plans": [
              {
                "Node Type": "Hash Join",
                "Parent Relationship": "Outer",
                "Parallel Aware": false,
                "Join Type": "Inner",
                "Startup Cost": 45401.38,
                "Total Cost": 87189.82,
                "Plan Rows": 3791,
                "Plan Width": 17,
                "Actual Startup Time": 377.067,
                "Actual Total Time": 401.39,
                "Actual Rows": 2,
                "Actual Loops": 4,
                "Inner Unique": true,
                "Hash Cond": "(mi.info_type_id = it.id)",
                "Plans": [
                  {
                    "Node Type": "Nested Loop",
                    "Parent Relationship": "Outer",
                    "Parallel Aware": false,
                    "Join Type": "Inner",
                    "Startup Cost": 45397.84,
                    "Total Cost": 87175.94,
                    "Plan Rows": 3791,
                    "Plan Width": 21,
                    "Actual Startup Time": 376.587,
                    "Actual Total Time": 400.905,
                    "Actual Rows": 2,
                    "Actual Loops": 4,
                    "Inner Unique": false,
                    "Plans": [
                      {
                        "Node Type": "Hash Join",
                        "Parent Relationship": "Outer",
                        "Parallel Aware": false,
                        "Join Type": "Inner",
                        "Startup Cost": 45397.4,
                        "Total Cost": 77036.07,
                        "Plan Rows": 2905,
                        "Plan Width": 25,
                        "Actual Startup Time": 374.037,
                        "Actual Total Time": 400.403,
                        "Actual Rows": 2,
                        "Actual Loops": 4,
                        "Inner Unique": true,
                        "Hash Cond": "(mc.company_type_id = ct.id)",
                        "Plans": [
                          {
                            "Node Type": "Hash Join",
                            "Parent Relationship": "Outer",
                            "Parallel Aware": true,
                            "Join Type": "Inner",
                            "Startup Cost": 45396.34,
                            "Total Cost": 76972.18,
                            "Plan Rows": 11620,
                            "Plan Width": 29,
                            "Actual Startup Time": 226.152,
                            "Actual Total Time": 397.57,
                            "Actual Rows": 38814,
                            "Actual Loops": 4,
                            "Inner Unique": true,
                            "Hash Cond": "(mc.movie_id = t.id)",
                            "Plans": [
                              {
                                "Node Type": "Seq Scan",
                                "Parent Relationship": "Outer",
                                "Parallel Aware": true,
                                "Relation Name": "movie_companies",
                                "Alias": "mc",
                                "Startup Cost": 0.0,
                                "Total Cost": 31414.82,
                                "Plan Rows": 61343,
                                "Plan Width": 8,
                                "Actual Startup Time": 0.075,
                                "Actual Total Time": 142.491,
                                "Actual Rows": 73907,
                                "Actual Loops": 4,
                                "Filter": "((note !~~ '%(TV)%'::text) AND (note ~~ '%(USA)%'::text))",
                                "Rows Removed by Filter": 578375
                              },
                              {
                                "Node Type": "Hash",
                                "Parent Relationship": "Inner",
                                "Parallel Aware": true,
                                "Startup Cost": 43899.59,
                                "Total Cost": 43899.59,
                                "Plan Rows": 119740,
                                "Plan Width": 21,
                                "Actual Startup Time": 222.675,
                                "Actual Total Time": 222.676,
                                "Actual Rows": 119900,
                                "Actual Loops": 4,
                                "Hash Buckets": 524288,
                                "Original Hash Buckets": 524288,
                                "Hash Batches": 1,
                                "Original Hash Batches": 1,
                                "Peak Memory Usage": 31520,
                                "Plans": [
                                  {
                                    "Node Type": "Seq Scan",
                                    "Parent Relationship": "Outer",
                                    "Parallel Aware": true,
                                    "Relation Name": "title",
                                    "Alias": "t",
                                    "Startup Cost": 0.0,
                                    "Total Cost": 43899.59,
                                    "Plan Rows": 119740,
                                    "Plan Width": 21,
                                    "Actual Startup Time": 0.059,
                                    "Actual Total Time": 157.136,
                                    "Actual Rows": 119900,
                                    "Actual Loops": 4,
                                    "Filter": "(production_year < 1978)",
                                    "Rows Removed by Filter": 512178
                                  }
                                ]
                              }
                            ]
                          },
                          {
                            "Node Type": "Hash",
                            "Parent Relationship": "Inner",
                            "Parallel Aware": false,
                            "Startup Cost": 1.05,
                            "Total Cost": 1.05,
                            "Plan Rows": 1,
                            "Plan Width": 4,
                            "Actual Startup Time": 0.075,
                            "Actual Total Time": 0.076,
                            "Actual Rows": 1,
                            "Actual Loops": 4,
                            "Hash Buckets": 1024,
                            "Original Hash Buckets": 1024,
                            "Hash Batches": 1,
                            "Original Hash Batches": 1,
                            "Peak Memory Usage": 9,
                            "Plans": [
                              {
                                "Node Type": "Seq Scan",
                                "Parent Relationship": "Outer",
                                "Parallel Aware": false,
                                "Relation Name": "company_type",
                                "Alias": "ct",
                                "Startup Cost": 0.0,
                                "Total Cost": 1.05,
                                "Plan Rows": 1,
                                "Plan Width": 4,
                                "Actual Startup Time": 0.055,
                                "Actual Total Time": 0.058,
                                "Actual Rows": 1,
                                "Actual Loops": 4,
                                "Filter": "((kind)::text = 'production companies'::text)",
                                "Rows Removed by Filter": 3
                              }
                            ]
                          }
                        ]
                      },
                      {
                        "Node Type": "Index Scan",
                        "Parent Relationship": "Inner",
                        "Parallel Aware": false,
                        "Scan Direction": "Forward",
                        "Index Name": "movie_id_movie_info",
                        "Relation Name": "movie_info",
                        "Alias": "mi",
                        "Startup Cost": 0.43,
                        "Total Cost": 3.47,
                        "Plan Rows": 2,
                        "Plan Width": 8,
                        "Actual Startup Time": 0.227,
                        "Actual Total Time": 0.245,
                        "Actual Rows": 1,
                        "Actual Loops": 8,
                        "Index Cond": "(movie_id = t.id)",
                        "Rows Removed by Index Recheck": 0,
                        "Filter": "(info = ANY ('{Sweden,Norway,Germany,Denmark,Swedish,Denish,Norwegian,German,USA,American}'::text[]))",
                        "Rows Removed by Filter": 12
                      }
                    ]
                  },
                  {
                    "Node Type": "Hash",
                    "Parent Relationship": "Inner",
                    "Parallel Aware": false,
                    "Startup Cost": 2.13,
                    "Total Cost": 2.13,
                    "Plan Rows": 113,
                    "Plan Width": 4,
                    "Actual Startup Time": 0.169,
                    "Actual Total Time": 0.17,
                    "Actual Rows": 113,
                    "Actual Loops": 4,
                    "Hash Buckets": 1024,
                    "Original Hash Buckets": 1024,
                    "Hash Batches": 1,
                    "Original Hash Batches": 1,
                    "Peak Memory Usage": 12,
                    "Plans": [
                      {
                        "Node Type": "Seq Scan",
                        "Parent Relationship": "Outer",
                        "Parallel Aware": false,
                        "Relation Name": "info_type",
                        "Alias": "it",
                        "Startup Cost": 0.0,
                        "Total Cost": 2.13,
                        "Plan Rows": 113,
                        "Plan Width": 4,
                        "Actual Startup Time": 0.067,
                        "Actual Total Time": 0.097,
                        "Actual Rows": 113,
                        "Actual Loops": 4
                      }
                    ]
                  }
                ]
              }
            ]
          }
        ]
      }
    ]
  },
  "Planning Time": 8.052,
  "Triggers": [],
  "Execution Time": 445.277
}