[
  {
    "Plan": {
      "Node Type": "Aggregate",
      "Strategy": "Plain",
      "Partial Mode": "Simple",
      "Parallel Aware": false,
      "Startup Cost": 16611.59,
      "Total Cost": 16611.6,
      "Plan Rows": 1,
      "Plan Width": 8,
      "Actual Startup Time": 5.72,
      "Actual Total Time": 5.723,
      "Actual Rows": 1,
      "Actual Loops": 1,
      "Plans": [
        {
          "Node Type": "Bitmap Heap Scan",
          "Parent Relationship": "Outer",
          "Parallel Aware": false,
          "Relation Name": "movie_companies",
          "Alias": "mc",
          "Startup Cost": 216.67,
          "Total Cost": 16599.36,
          "Plan Rows": 4890,
          "Plan Width": 0,
          "Actual Startup Time": 1.552,
          "Actual Total Time": 5.697,
          "Actual Rows": 96,
          "Actual Loops": 1,
          "Recheck Cond": "(company_id = 596)",
          "Rows Removed by Index Recheck": 0,
          "Filter": "(company_type_id = 1)",
          "Rows Removed by Filter": 8606,
          "Exact Heap Blocks": 821,
          "Lossy Heap Blocks": 0,
          "Plans": [
            {
              "Node Type": "Bitmap Index Scan",
              "Parent Relationship": "Outer",
              "Parallel Aware": false,
              "Index Name": "company_id_movie_companies",
              "Startup Cost": 0.0,
              "Total Cost": 215.44,
              "Plan Rows": 10002,
              "Plan Width": 0,
              "Actual Startup Time": 1.26,
              "Actual Total Time": 1.261,
              "Actual Rows": 8702,
              "Actual Loops": 1,
              "Index Cond": "(company_id = 596)"
            }
          ]
        }
      ]
    },
    "Planning Time": 0.179,
    "Triggers": [],
    "Execution Time": 5.786
  }
]