{
  "Plan": {
    "Node Type": "Aggregate",
    "Strategy": "Plain",
    "Partial Mode": "Finalize",
    "Parallel Aware": false,
    "Startup Cost": 153227.98,
    "Total Cost": 153227.99,
    "Plan Rows": 1,
    "Plan Width": 8,
    "Actual Startup Time": 753.547,
    "Actual Total Time": 769.824,
    "Actual Rows": 1,
    "Actual Loops": 1,
    "Plans": [
      {
        "Node Type": "Gather",
        "Parent Relationship": "Outer",
        "Parallel Aware": false,
        "Startup Cost": 153227.86,
        "Total Cost": 153227.97,
        "Plan Rows": 1,
        "Plan Width": 8,
        "Actual Startup Time": 752.63,
        "Actual Total Time": 769.818,
        "Actual Rows": 2,
        "Actual Loops": 1,
        "Workers Planned": 1,
        "Workers Launched": 1,
        "Single Copy": false,
        "Plans": [
          {
            "Node Type": "Aggregate",
            "Strategy": "Plain",
            "Partial Mode": "Partial",
            "Parent Relationship": "Outer",
            "Parallel Aware": false,
            "Startup Cost": 152227.86,
            "Total Cost": 152227.87,
            "Plan Rows": 1,
            "Plan Width": 8,
            "Actual Startup Time": 746.386,
            "Actual Total Time": 746.391,
            "Actual Rows": 1,
            "Actual Loops": 2,
            "Plans": [
              {
                "Node Type": "Hash Join",
                "Parent Relationship": "Outer",
                "Parallel Aware": true,
                "Join Type": "Inner",
                "Startup Cost": 89782.31,
                "Total Cost": 151810.04,
                "Plan Rows": 167129,
                "Plan Width": 0,
                "Actual Startup Time": 402.595,
                "Actual Total Time": 735.687,
                "Actual Rows": 269520,
                "Actual Loops": 2,
                "Inner Unique": false,
                "Hash Cond": "(mk.movie_id = t.id)",
                "Plans": [
                  {
                    "Node Type": "Seq Scan",
                    "Parent Relationship": "Outer",
                    "Parallel Aware": true,
                    "Relation Name": "movie_keyword",
                    "Alias": "mk",
                    "Startup Cost": 0.0,
                    "Total Cost": 51065.35,
                    "Plan Rows": 2661135,
                    "Plan Width": 4,
                    "Actual Startup Time": 0.011,
                    "Actual Total Time": 144.898,
                    "Actual Rows": 2261965,
                    "Actual Loops": 2
                  },
                  {
                    "Node Type": "Hash",
                    "Parent Relationship": "Inner",
                    "Parallel Aware": true,
                    "Startup Cost": 88614.76,
                    "Total Cost": 88614.76,
                    "Plan Rows": 93404,
                    "Plan Width": 8,
                    "Actual Startup Time": 399.225,
                    "Actual Total Time": 399.229,
                    "Actual Rows": 98202,
                    "Actual Loops": 2,
                    "Hash Buckets": 262144,
                    "Original Hash Buckets": 262144,
                    "Hash Batches": 1,
                    "Original Hash Batches": 1,
                    "Peak Memory Usage": 9760,
                    "Plans": [
                      {
                        "Node Type": "Hash Join",
                        "Parent Relationship": "Outer",
                        "Parallel Aware": true,
                        "Join Type": "Inner",
                        "Startup Cost": 26620.18,
                        "Total Cost": 88614.76,
                        "Plan Rows": 93404,
                        "Plan Width": 8,
                        "Actual Startup Time": 92.152,
                        "Actual Total Time": 375.955,
                        "Actual Rows": 98202,
                        "Actual Loops": 2,
                        "Inner Unique": false,
                        "Hash Cond": "(t.id = mc.movie_id)",
                        "Plans": [
                          {
                            "Node Type": "Seq Scan",
                            "Parent Relationship": "Outer",
                            "Parallel Aware": true,
                            "Relation Name": "title",
                            "Alias": "t",
                            "Startup Cost": 0.0,
                            "Total Cost": 54588.39,
                            "Plan Rows": 1097081,
                            "Plan Width": 4,
                            "Actual Startup Time": 0.012,
                            "Actual Total Time": 139.746,
                            "Actual Rows": 932744,
                            "Actual Loops": 2,
                            "Filter": "(kind_id > 1)",
                            "Rows Removed by Filter": 331412
                          },
                          {
                            "Node Type": "Hash",
                            "Parent Relationship": "Inner",
                            "Parallel Aware": true,
                            "Startup Cost": 25037.41,
                            "Total Cost": 25037.41,
                            "Plan Rows": 126621,
                            "Plan Width": 4,
                            "Actual Startup Time": 89.925,
                            "Actual Total Time": 89.926,
                            "Actual Rows": 107602,
                            "Actual Loops": 2,
                            "Hash Buckets": 262144,
                            "Original Hash Buckets": 262144,
                            "Hash Batches": 1,
                            "Original Hash Batches": 1,
                            "Peak Memory Usage": 10496,
                            "Plans": [
                              {
                                "Node Type": "Bitmap Heap Scan",
                                "Parent Relationship": "Outer",
                                "Parallel Aware": true,
                                "Relation Name": "movie_companies",
                                "Alias": "mc",
                                "Startup Cost": 4664.66,
                                "Total Cost": 25037.41,
                                "Plan Rows": 126621,
                                "Plan Width": 4,
                                "Actual Startup Time": 25.489,
                                "Actual Total Time": 67.488,
                                "Actual Rows": 107602,
                                "Actual Loops": 2,
                                "Recheck Cond": "(company_id < 73)",
                                "Rows Removed by Index Recheck": 0,
                                "Exact Heap Blocks": 12053,
                                "Lossy Heap Blocks": 0,
                                "Plans": [
                                  {
                                    "Node Type": "Bitmap Index Scan",
                                    "Parent Relationship": "Outer",
                                    "Parallel Aware": false,
                                    "Index Name": "company_id_movie_companies",
                                    "Startup Cost": 0.0,
                                    "Total Cost": 4610.84,
                                    "Plan Rows": 215255,
                                    "Plan Width": 0,
                                    "Actual Startup Time": 22.564,
                                    "Actual Total Time": 22.564,
                                    "Actual Rows": 215203,
                                    "Actual Loops": 1,
                                    "Index Cond": "(company_id < 73)"
                                  }
                                ]
                              }
                            ]
                          }
                        ]
                      }
                    ]
                  }
                ]
              }
            ]
          }
        ]
      }
    ]
  },
  "Planning Time": 1.097,
  "Triggers": [],
  "Execution Time": 769.923
}