[
  {
    "Plan": {
      "Node Type": "Aggregate",
      "Strategy": "Plain",
      "Partial Mode": "Finalize",
      "Parallel Aware": false,
      "Startup Cost": 337722.99,
      "Total Cost": 337723.0,
      "Plan Rows": 1,
      "Plan Width": 8,
      "Actual Startup Time": 811.938,
      "Actual Total Time": 860.36,
      "Actual Rows": 1,
      "Actual Loops": 1,
      "Plans": [
        {
          "Node Type": "Gather",
          "Parent Relationship": "Outer",
          "Parallel Aware": false,
          "Startup Cost": 337722.36,
          "Total Cost": 337722.97,
          "Plan Rows": 6,
          "Plan Width": 8,
          "Actual Startup Time": 811.784,
          "Actual Total Time": 860.346,
          "Actual Rows": 7,
          "Actual Loops": 1,
          "Workers Planned": 6,
          "Workers Launched": 6,
          "Single Copy": false,
          "Plans": [
            {
              "Node Type": "Aggregate",
              "Strategy": "Plain",
              "Partial Mode": "Partial",
              "Parent Relationship": "Outer",
              "Parallel Aware": false,
              "Startup Cost": 336722.36,
              "Total Cost": 336722.37,
              "Plan Rows": 1,
              "Plan Width": 8,
              "Actual Startup Time": 804.121,
              "Actual Total Time": 804.122,
              "Actual Rows": 1,
              "Actual Loops": 7,
              "Plans": [
                {
                  "Node Type": "Seq Scan",
                  "Parent Relationship": "Outer",
                  "Parallel Aware": true,
                  "Relation Name": "cast_info",
                  "Alias": "ci",
                  "Startup Cost": 0.0,
                  "Total Cost": 328211.39,
                  "Plan Rows": 3404388,
                  "Plan Width": 0,
                  "Actual Startup Time": 191.015,
                  "Actual Total Time": 652.905,
                  "Actual Rows": 2891335,
                  "Actual Loops": 7,
                  "Filter": "(person_id > 1582896)",
                  "Rows Removed by Filter": 2286429
                }
              ]
            }
          ]
        }
      ]
    },
    "Planning Time": 0.146,
    "Triggers": [],
    "Execution Time": 860.425
  }
]