[
  {
    "Plan": {
      "Node Type": "Aggregate",
      "Strategy": "Plain",
      "Partial Mode": "Finalize",
      "Parallel Aware": false,
      "Startup Cost": 251161.04,
      "Total Cost": 251161.05,
      "Plan Rows": 1,
      "Plan Width": 8,
      "Actual Startup Time": 939.874,
      "Actual Total Time": 960.046,
      "Actual Rows": 1,
      "Actual Loops": 1,
      "Plans": [
        {
          "Node Type": "Gather",
          "Parent Relationship": "Outer",
          "Parallel Aware": false,
          "Startup Cost": 251160.41,
          "Total Cost": 251161.02,
          "Plan Rows": 6,
          "Plan Width": 8,
          "Actual Startup Time": 934.07,
          "Actual Total Time": 960.036,
          "Actual Rows": 7,
          "Actual Loops": 1,
          "Workers Planned": 6,
          "Workers Launched": 6,
          "Single Copy": false,
          "Plans": [
            {
              "Node Type": "Aggregate",
              "Strategy": "Plain",
              "Partial Mode": "Partial",
              "Parent Relationship": "Outer",
              "Parallel Aware": false,
              "Startup Cost": 250160.41,
              "Total Cost": 250160.42,
              "Plan Rows": 1,
              "Plan Width": 8,
              "Actual Startup Time": 918.462,
              "Actual Total Time": 918.464,
              "Actual Rows": 1,
              "Actual Loops": 7,
              "Plans": [
                {
                  "Node Type": "Hash Join",
                  "Parent Relationship": "Outer",
                  "Parallel Aware": true,
                  "Join Type": "Inner",
                  "Startup Cost": 49827.64,
                  "Total Cost": 247858.22,
                  "Plan Rows": 920878,
                  "Plan Width": 0,
                  "Actual Startup Time": 209.727,
                  "Actual Total Time": 879.8,
                  "Actual Rows": 863202,
                  "Actual Loops": 7,
                  "Inner Unique": true,
                  "Hash Cond": "(ci.movie_id = t.id)",
                  "Plans": [
                    {
                      "Node Type": "Index Scan",
                      "Parent Relationship": "Outer",
                      "Parallel Aware": true,
                      "Scan Direction": "Forward",
                      "Index Name": "role_id_cast_info",
                      "Relation Name": "cast_info",
                      "Alias": "ci",
                      "Startup Cost": 0.56,
                      "Total Cost": 194809.41,
                      "Plan Rows": 1227324,
                      "Plan Width": 4,
                      "Actual Startup Time": 0.243,
                      "Actual Total Time": 192.466,
                      "Actual Rows": 1064568,
                      "Actual Loops": 7,
                      "Index Cond": "(role_id = 2)",
                      "Rows Removed by Index Recheck": 0
                    },
                    {
                      "Node Type": "Hash",
                      "Parent Relationship": "Inner",
                      "Parallel Aware": true,
                      "Startup Cost": 43898.92,
                      "Total Cost": 43898.92,
                      "Plan Rows": 474253,
                      "Plan Width": 4,
                      "Actual Startup Time": 204.605,
                      "Actual Total Time": 204.606,
                      "Actual Rows": 269681,
                      "Actual Loops": 7,
                      "Hash Buckets": 2097152,
                      "Original Hash Buckets": 2097152,
                      "Hash Batches": 1,
                      "Original Hash Batches": 1,
                      "Peak Memory Usage": 90368,
                      "Plans": [
                        {
                          "Node Type": "Seq Scan",
                          "Parent Relationship": "Outer",
                          "Parallel Aware": true,
                          "Relation Name": "title",
                          "Alias": "t",
                          "Startup Cost": 0.0,
                          "Total Cost": 43898.92,
                          "Plan Rows": 474253,
                          "Plan Width": 4,
                          "Actual Startup Time": 0.043,
                          "Actual Total Time": 82.378,
                          "Actual Rows": 269681,
                          "Actual Loops": 7,
                          "Filter": "(production_year > 1983)",
                          "Rows Removed by Filter": 91506
                        }
                      ]
                    }
                  ]
                }
              ]
            }
          ]
        }
      ]
    },
    "Planning Time": 0.596,
    "Triggers": [],
    "Execution Time": 960.122
  }
]