[
    {
        "Bao": {
            "Bao prediction": 461.19,
            "Bao recommended hint": "(no hint)"
        }
    },
    {
        "Plan": {
            "Node Type": "Aggregate",
            "Strategy": "Plain",
            "Partial Mode": "Finalize",
            "Parallel Aware": false,
            "Startup Cost": 33252.27,
            "Total Cost": 33252.28,
            "Plan Rows": 1,
            "Plan Width": 8,
            "Actual Startup Time": 118.964,
            "Actual Total Time": 123.739,
            "Actual Rows": 1,
            "Actual Loops": 1,
            "Output": [
                "count(*)"
            ],
            "Plans": [
                {
                    "Node Type": "Gather",
                    "Parent Relationship": "Outer",
                    "Parallel Aware": false,
                    "Startup Cost": 33251.96,
                    "Total Cost": 33252.27,
                    "Plan Rows": 3,
                    "Plan Width": 8,
                    "Actual Startup Time": 118.841,
                    "Actual Total Time": 123.731,
                    "Actual Rows": 4,
                    "Actual Loops": 1,
                    "Output": [
                        "(PARTIAL count(*))"
                    ],
                    "Workers Planned": 3,
                    "Workers Launched": 3,
                    "Single Copy": false,
                    "Plans": [
                        {
                            "Node Type": "Aggregate",
                            "Strategy": "Plain",
                            "Partial Mode": "Partial",
                            "Parent Relationship": "Outer",
                            "Parallel Aware": false,
                            "Startup Cost": 32251.96,
                            "Total Cost": 32251.97,
                            "Plan Rows": 1,
                            "Plan Width": 8,
                            "Actual Startup Time": 111.129,
                            "Actual Total Time": 111.13,
                            "Actual Rows": 1,
                            "Actual Loops": 4,
                            "Output": [
                                "PARTIAL count(*)"
                            ],
                            "Workers": [
                                {
                                    "Worker Number": 0,
                                    "Actual Startup Time": 108.557,
                                    "Actual Total Time": 108.558,
                                    "Actual Rows": 1,
                                    "Actual Loops": 1
                                },
                                {
                                    "Worker Number": 1,
                                    "Actual Startup Time": 108.812,
                                    "Actual Total Time": 108.813,
                                    "Actual Rows": 1,
                                    "Actual Loops": 1
                                },
                                {
                                    "Worker Number": 2,
                                    "Actual Startup Time": 108.911,
                                    "Actual Total Time": 108.912,
                                    "Actual Rows": 1,
                                    "Actual Loops": 1
                                }
                            ],
                            "Plans": [
                                {
                                    "Node Type": "Seq Scan",
                                    "Parent Relationship": "Outer",
                                    "Parallel Aware": true,
                                    "Relation Name": "movie_companies",
                                    "Schema": "public",
                                    "Alias": "mc",
                                    "Startup Cost": 0.0,
                                    "Total Cost": 31414.82,
                                    "Plan Rows": 334855,
                                    "Plan Width": 0,
                                    "Actual Startup Time": 49.805,
                                    "Actual Total Time": 94.685,
                                    "Actual Rows": 295052,
                                    "Actual Loops": 4,
                                    "Output": [
                                        "id",
                                        "movie_id",
                                        "company_id",
                                        "company_type_id",
                                        "note"
                                    ],
                                    "Filter": "((mc.company_id > 596) AND (mc.company_type_id > 1))",
                                    "Rows Removed by Filter": 357230,
                                    "Workers": [
                                        {
                                            "Worker Number": 0,
                                            "Actual Startup Time": 47.248,
                                            "Actual Total Time": 92.355,
                                            "Actual Rows": 247311,
                                            "Actual Loops": 1
                                        },
                                        {
                                            "Worker Number": 1,
                                            "Actual Startup Time": 47.476,
                                            "Actual Total Time": 92.527,
                                            "Actual Rows": 249225,
                                            "Actual Loops": 1
                                        },
                                        {
                                            "Worker Number": 2,
                                            "Actual Startup Time": 47.578,
                                            "Actual Total Time": 92.637,
                                            "Actual Rows": 248281,
                                            "Actual Loops": 1
                                        }
                                    ]
                                }
                            ]
                        }
                    ]
                }
            ]
        },
        "Planning Time": 896.686,
        "Triggers": [],
        "Execution Time": 123.907
    }
]