[
  {
    "Plan": {
      "Node Type": "Aggregate",
      "Strategy": "Plain",
      "Partial Mode": "Finalize",
      "Parallel Aware": false,
      "Startup Cost": 436688.41,
      "Total Cost": 436688.42,
      "Plan Rows": 1,
      "Plan Width": 8,
      "Actual Startup Time": 3270.358,
      "Actual Total Time": 3327.581,
      "Actual Rows": 1,
      "Actual Loops": 1,
      "Plans": [
        {
          "Node Type": "Gather",
          "Parent Relationship": "Outer",
          "Parallel Aware": false,
          "Startup Cost": 436687.78,
          "Total Cost": 436688.39,
          "Plan Rows": 6,
          "Plan Width": 8,
          "Actual Startup Time": 3263.42,
          "Actual Total Time": 3327.57,
          "Actual Rows": 7,
          "Actual Loops": 1,
          "Workers Planned": 6,
          "Workers Launched": 6,
          "Single Copy": false,
          "Plans": [
            {
              "Node Type": "Aggregate",
              "Strategy": "Plain",
              "Partial Mode": "Partial",
              "Parent Relationship": "Outer",
              "Parallel Aware": false,
              "Startup Cost": 435687.78,
              "Total Cost": 435687.79,
              "Plan Rows": 1,
              "Plan Width": 8,
              "Actual Startup Time": 3250.488,
              "Actual Total Time": 3250.494,
              "Actual Rows": 1,
              "Actual Loops": 7,
              "Plans": [
                {
                  "Node Type": "Hash Join",
                  "Parent Relationship": "Outer",
                  "Parallel Aware": true,
                  "Join Type": "Inner",
                  "Startup Cost": 91809.35,
                  "Total Cost": 432121.08,
                  "Plan Rows": 1426680,
                  "Plan Width": 0,
                  "Actual Startup Time": 311.955,
                  "Actual Total Time": 2715.986,
                  "Actual Rows": 10513361,
                  "Actual Loops": 7,
                  "Inner Unique": false,
                  "Hash Cond": "(ci.movie_id = t.id)",
                  "Plans": [
                    {
                      "Node Type": "Seq Scan",
                      "Parent Relationship": "Outer",
                      "Parallel Aware": true,
                      "Relation Name": "cast_info",
                      "Alias": "ci",
                      "Startup Cost": 0.0,
                      "Total Cost": 313067.02,
                      "Plan Rows": 6038002,
                      "Plan Width": 4,
                      "Actual Startup Time": 0.023,
                      "Actual Total Time": 590.041,
                      "Actual Rows": 5177763,
                      "Actual Loops": 7
                    },
                    {
                      "Node Type": "Hash",
                      "Parent Relationship": "Inner",
                      "Parallel Aware": true,
                      "Startup Cost": 89400.5,
                      "Total Cost": 89400.5,
                      "Plan Rows": 192708,
                      "Plan Width": 8,
                      "Actual Startup Time": 308.353,
                      "Actual Total Time": 308.357,
                      "Actual Rows": 131732,
                      "Actual Loops": 7,
                      "Hash Buckets": 1048576,
                      "Original Hash Buckets": 1048576,
                      "Hash Batches": 1,
                      "Original Hash Batches": 1,
                      "Peak Memory Usage": 44384,
                      "Plans": [
                        {
                          "Node Type": "Hash Join",
                          "Parent Relationship": "Outer",
                          "Parallel Aware": true,
                          "Join Type": "Inner",
                          "Startup Cost": 46522.42,
                          "Total Cost": 89400.5,
                          "Plan Rows": 192708,
                          "Plan Width": 8,
                          "Actual Startup Time": 134.928,
                          "Actual Total Time": 260.826,
                          "Actual Rows": 131732,
                          "Actual Loops": 7,
                          "Inner Unique": true,
                          "Hash Cond": "(mk.movie_id = t.id)",
                          "Plans": [
                            {
                              "Node Type": "Seq Scan",
                              "Parent Relationship": "Outer",
                              "Parallel Aware": true,
                              "Relation Name": "movie_keyword",
                              "Alias": "mk",
                              "Startup Cost": 0.0,
                              "Total Cost": 39047.32,
                              "Plan Rows": 1459332,
                              "Plan Width": 4,
                              "Actual Startup Time": 0.031,
                              "Actual Total Time": 68.743,
                              "Actual Rows": 646276,
                              "Actual Loops": 7
                            },
                            {
                              "Node Type": "Hash",
                              "Parent Relationship": "Inner",
                              "Parallel Aware": true,
                              "Startup Cost": 45479.1,
                              "Total Cost": 45479.1,
                              "Plan Rows": 83466,
                              "Plan Width": 4,
                              "Actual Startup Time": 107.364,
                              "Actual Total Time": 107.365,
                              "Actual Rows": 36510,
                              "Actual Loops": 7,
                              "Hash Buckets": 524288,
                              "Original Hash Buckets": 524288,
                              "Hash Batches": 1,
                              "Original Hash Batches": 1,
                              "Peak Memory Usage": 14208,
                              "Plans": [
                                {
                                  "Node Type": "Seq Scan",
                                  "Parent Relationship": "Outer",
                                  "Parallel Aware": true,
                                  "Relation Name": "title",
                                  "Alias": "t",
                                  "Startup Cost": 0.0,
                                  "Total Cost": 45479.1,
                                  "Plan Rows": 83466,
                                  "Plan Width": 4,
                                  "Actual Startup Time": 47.123,
                                  "Actual Total Time": 85.741,
                                  "Actual Rows": 36510,
                                  "Actual Loops": 7,
                                  "Filter": "((production_year > 2002) AND (kind_id = 1))",
                                  "Rows Removed by Filter": 324677
                                }
                              ]
                            }
                          ]
                        }
                      ]
                    }
                  ]
                }
              ]
            }
          ]
        }
      ]
    },
    "Planning Time": 1.327,
    "Triggers": [],
    "Execution Time": 3327.684
  }
]