{
  "Plan": {
    "Node Type": "Aggregate",
    "Strategy": "Plain",
    "Partial Mode": "Finalize",
    "Parallel Aware": false,
    "Startup Cost": 107753.42,
    "Total Cost": 107753.43,
    "Plan Rows": 1,
    "Plan Width": 8,
    "Actual Startup Time": 367.244,
    "Actual Total Time": 386.857,
    "Actual Rows": 1,
    "Actual Loops": 1,
    "Plans": [
      {
        "Node Type": "Gather",
        "Parent Relationship": "Outer",
        "Parallel Aware": false,
        "Startup Cost": 107753.31,
        "Total Cost": 107753.42,
        "Plan Rows": 1,
        "Plan Width": 8,
        "Actual Startup Time": 366.993,
        "Actual Total Time": 386.85,
        "Actual Rows": 2,
        "Actual Loops": 1,
        "Workers Planned": 1,
        "Workers Launched": 1,
        "Single Copy": false,
        "Plans": [
          {
            "Node Type": "Aggregate",
            "Strategy": "Plain",
            "Partial Mode": "Partial",
            "Parent Relationship": "Outer",
            "Parallel Aware": false,
            "Startup Cost": 106753.31,
            "Total Cost": 106753.32,
            "Plan Rows": 1,
            "Plan Width": 8,
            "Actual Startup Time": 361.088,
            "Actual Total Time": 361.092,
            "Actual Rows": 1,
            "Actual Loops": 2,
            "Plans": [
              {
                "Node Type": "Nested Loop",
                "Parent Relationship": "Outer",
                "Parallel Aware": false,
                "Join Type": "Inner",
                "Startup Cost": 58367.55,
                "Total Cost": 106680.12,
                "Plan Rows": 29278,
                "Plan Width": 0,
                "Actual Startup Time": 142.88,
                "Actual Total Time": 359.632,
                "Actual Rows": 29227,
                "Actual Loops": 2,
                "Inner Unique": false,
                "Join Filter": "(t.id = mi.movie_id)",
                "Rows Removed by Join Filter": 0,
                "Plans": [
                  {
                    "Node Type": "Hash Join",
                    "Parent Relationship": "Outer",
                    "Parallel Aware": true,
                    "Join Type": "Inner",
                    "Startup Cost": 58367.12,
                    "Total Cost": 96533.75,
                    "Plan Rows": 5007,
                    "Plan Width": 8,
                    "Actual Startup Time": 142.781,
                    "Actual Total Time": 331.35,
                    "Actual Rows": 3360,
                    "Actual Loops": 2,
                    "Inner Unique": true,
                    "Hash Cond": "(mc.movie_id = t.id)",
                    "Plans": [
                      {
                        "Node Type": "Seq Scan",
                        "Parent Relationship": "Outer",
                        "Parallel Aware": true,
                        "Relation Name": "movie_companies",
                        "Alias": "mc",
                        "Startup Cost": 0.0,
                        "Total Cost": 34137.82,
                        "Plan Rows": 1534782,
                        "Plan Width": 4,
                        "Actual Startup Time": 0.014,
                        "Actual Total Time": 93.195,
                        "Actual Rows": 1304564,
                        "Actual Loops": 2
                      },
                      {
                        "Node Type": "Hash",
                        "Parent Relationship": "Inner",
                        "Parallel Aware": true,
                        "Startup Cost": 58306.47,
                        "Total Cost": 58306.47,
                        "Plan Rows": 4852,
                        "Plan Width": 4,
                        "Actual Startup Time": 140.799,
                        "Actual Total Time": 140.8,
                        "Actual Rows": 4049,
                        "Actual Loops": 2,
                        "Hash Buckets": 16384,
                        "Original Hash Buckets": 16384,
                        "Hash Batches": 1,
                        "Original Hash Batches": 1,
                        "Peak Memory Usage": 480,
                        "Plans": [
                          {
                            "Node Type": "Seq Scan",
                            "Parent Relationship": "Outer",
                            "Parallel Aware": true,
                            "Relation Name": "title",
                            "Alias": "t",
                            "Startup Cost": 0.0,
                            "Total Cost": 58306.47,
                            "Plan Rows": 4852,
                            "Plan Width": 4,
                            "Actual Startup Time": 0.284,
                            "Actual Total Time": 139.188,
                            "Actual Rows": 4049,
                            "Actual Loops": 2,
                            "Filter": "((kind_id = 7) AND (production_year = 1978))",
                            "Rows Removed by Filter": 1260107
                          }
                        ]
                      }
                    ]
                  },
                  {
                    "Node Type": "Index Only Scan",
                    "Parent Relationship": "Inner",
                    "Parallel Aware": false,
                    "Scan Direction": "Forward",
                    "Index Name": "movie_id_movie_info",
                    "Relation Name": "movie_info",
                    "Alias": "mi",
                    "Startup Cost": 0.43,
                    "Total Cost": 1.5,
                    "Plan Rows": 42,
                    "Plan Width": 4,
                    "Actual Startup Time": 0.003,
                    "Actual Total Time": 0.007,
                    "Actual Rows": 9,
                    "Actual Loops": 6721,
                    "Index Cond": "(movie_id = mc.movie_id)",
                    "Rows Removed by Index Recheck": 0,
                    "Heap Fetches": 58454
                  }
                ]
              }
            ]
          }
        ]
      }
    ]
  },
  "Planning Time": 0.927,
  "Triggers": [],
  "Execution Time": 386.938
}