{
  "Plan": {
    "Node Type": "Aggregate",
    "Strategy": "Plain",
    "Partial Mode": "Finalize",
    "Parallel Aware": false,
    "Startup Cost": 788606.91,
    "Total Cost": 788606.92,
    "Plan Rows": 1,
    "Plan Width": 8,
    "Actual Startup Time": 4650.3,
    "Actual Total Time": 4688.33,
    "Actual Rows": 1,
    "Actual Loops": 1,
    "Plans": [
      {
        "Node Type": "Gather",
        "Parent Relationship": "Outer",
        "Parallel Aware": false,
        "Startup Cost": 788606.8,
        "Total Cost": 788606.91,
        "Plan Rows": 1,
        "Plan Width": 8,
        "Actual Startup Time": 4628.891,
        "Actual Total Time": 4688.319,
        "Actual Rows": 2,
        "Actual Loops": 1,
        "Workers Planned": 1,
        "Workers Launched": 1,
        "Single Copy": false,
        "Plans": [
          {
            "Node Type": "Aggregate",
            "Strategy": "Plain",
            "Partial Mode": "Partial",
            "Parent Relationship": "Outer",
            "Parallel Aware": false,
            "Startup Cost": 787606.8,
            "Total Cost": 787606.81,
            "Plan Rows": 1,
            "Plan Width": 8,
            "Actual Startup Time": 4619.613,
            "Actual Total Time": 4619.619,
            "Actual Rows": 1,
            "Actual Loops": 2,
            "Plans": [
              {
                "Node Type": "Hash Join",
                "Parent Relationship": "Outer",
                "Parallel Aware": true,
                "Join Type": "Inner",
                "Startup Cost": 731454.5,
                "Total Cost": 783329.79,
                "Plan Rows": 1710804,
                "Plan Width": 0,
                "Actual Startup Time": 3881.916,
                "Actual Total Time": 4498.67,
                "Actual Rows": 2834538,
                "Actual Loops": 2,
                "Inner Unique": false,
                "Hash Cond": "(mc.movie_id = t.id)",
                "Plans": [
                  {
                    "Node Type": "Seq Scan",
                    "Parent Relationship": "Outer",
                    "Parallel Aware": true,
                    "Relation Name": "movie_companies",
                    "Alias": "mc",
                    "Startup Cost": 0.0,
                    "Total Cost": 34137.82,
                    "Plan Rows": 1534782,
                    "Plan Width": 4,
                    "Actual Startup Time": 0.016,
                    "Actual Total Time": 104.091,
                    "Actual Rows": 1304564,
                    "Actual Loops": 2
                  },
                  {
                    "Node Type": "Hash",
                    "Parent Relationship": "Inner",
                    "Parallel Aware": true,
                    "Startup Cost": 710732.0,
                    "Total Cost": 710732.0,
                    "Plan Rows": 1657800,
                    "Plan Width": 8,
                    "Actual Startup Time": 3864.27,
                    "Actual Total Time": 3864.272,
                    "Actual Rows": 1614311,
                    "Actual Loops": 2,
                    "Hash Buckets": 4194304,
                    "Original Hash Buckets": 4194304,
                    "Hash Batches": 1,
                    "Original Hash Batches": 1,
                    "Peak Memory Usage": 159104,
                    "Plans": [
                      {
                        "Node Type": "Merge Join",
                        "Parent Relationship": "Outer",
                        "Parallel Aware": false,
                        "Join Type": "Inner",
                        "Startup Cost": 576511.69,
                        "Total Cost": 710732.0,
                        "Plan Rows": 1657800,
                        "Plan Width": 8,
                        "Actual Startup Time": 1869.845,
                        "Actual Total Time": 3486.703,
                        "Actual Rows": 1614311,
                        "Actual Loops": 2,
                        "Inner Unique": false,
                        "Merge Cond": "(t.id = ci.movie_id)",
                        "Plans": [
                          {
                            "Node Type": "Index Only Scan",
                            "Parent Relationship": "Outer",
                            "Parallel Aware": true,
                            "Scan Direction": "Forward",
                            "Index Name": "title_pkey",
                            "Relation Name": "title",
                            "Alias": "t",
                            "Startup Cost": 0.43,
                            "Total Cost": 99929.35,
                            "Plan Rows": 1487231,
                            "Plan Width": 4,
                            "Actual Startup Time": 0.114,
                            "Actual Total Time": 738.519,
                            "Actual Rows": 1262924,
                            "Actual Loops": 2,
                            "Heap Fetches": 2525848
                          },
                          {
                            "Node Type": "Sort",
                            "Parent Relationship": "Inner",
                            "Parallel Aware": false,
                            "Startup Cost": 576510.96,
                            "Total Cost": 583556.61,
                            "Plan Rows": 2818260,
                            "Plan Width": 4,
                            "Actual Startup Time": 1869.668,
                            "Actual Total Time": 2322.677,
                            "Actual Rows": 3228622,
                            "Actual Loops": 2,
                            "Sort Key": [
                              "ci.movie_id"
                            ],
                            "Sort Method": "quicksort",
                            "Sort Space Used": 249646,
                            "Sort Space Type": "Memory",
                            "Workers": [
                              {
                                "Worker Number": 0,
                                "Sort Method": "quicksort",
                                "Sort Space Used": 249646,
                                "Sort Space Type": "Memory"
                              }
                            ],
                            "Plans": [
                              {
                                "Node Type": "Index Scan",
                                "Parent Relationship": "Outer",
                                "Parallel Aware": false,
                                "Scan Direction": "Forward",
                                "Index Name": "role_id_cast_info",
                                "Relation Name": "cast_info",
                                "Alias": "ci",
                                "Startup Cost": 0.56,
                                "Total Cost": 274585.51,
                                "Plan Rows": 2818260,
                                "Plan Width": 4,
                                "Actual Startup Time": 475.423,
                                "Actual Total Time": 1059.531,
                                "Actual Rows": 3228622,
                                "Actual Loops": 2,
                                "Index Cond": "(role_id = 2)",
                                "Rows Removed by Index Recheck": 0,
                                "Filter": "(person_id > 2284651)",
                                "Rows Removed by Filter": 4223351
                              }
                            ]
                          }
                        ]
                      }
                    ]
                  }
                ]
              }
            ]
          }
        ]
      }
    ]
  },
  "Planning Time": 0.55,
  "Triggers": [],
  "Execution Time": 4705.377
}