[
    {
        "Bao": {
            "Bao prediction": "NaN",
            "Bao recommended hint": "(no hint)"
        }
    },
    {
        "Plan": {
            "Node Type": "Aggregate",
            "Strategy": "Plain",
            "Partial Mode": "Finalize",
            "Parallel Aware": false,
            "Startup Cost": 41351.35,
            "Total Cost": 41351.36,
            "Plan Rows": 1,
            "Plan Width": 8,
            "Actual Startup Time": 123.653,
            "Actual Total Time": 130.778,
            "Actual Rows": 1,
            "Actual Loops": 1,
            "Output": [
                "count(*)"
            ],
            "Plans": [
                {
                    "Node Type": "Gather",
                    "Parent Relationship": "Outer",
                    "Parallel Aware": false,
                    "Startup Cost": 41351.03,
                    "Total Cost": 41351.34,
                    "Plan Rows": 3,
                    "Plan Width": 8,
                    "Actual Startup Time": 123.38,
                    "Actual Total Time": 130.77,
                    "Actual Rows": 4,
                    "Actual Loops": 1,
                    "Output": [
                        "(PARTIAL count(*))"
                    ],
                    "Workers Planned": 3,
                    "Workers Launched": 3,
                    "Single Copy": false,
                    "Plans": [
                        {
                            "Node Type": "Aggregate",
                            "Strategy": "Plain",
                            "Partial Mode": "Partial",
                            "Parent Relationship": "Outer",
                            "Parallel Aware": false,
                            "Startup Cost": 40351.03,
                            "Total Cost": 40351.04,
                            "Plan Rows": 1,
                            "Plan Width": 8,
                            "Actual Startup Time": 114.753,
                            "Actual Total Time": 114.755,
                            "Actual Rows": 1,
                            "Actual Loops": 4,
                            "Output": [
                                "PARTIAL count(*)"
                            ],
                            "Workers": [
                                {
                                    "Worker Number": 0,
                                    "Actual Startup Time": 111.285,
                                    "Actual Total Time": 111.287,
                                    "Actual Rows": 1,
                                    "Actual Loops": 1
                                },
                                {
                                    "Worker Number": 1,
                                    "Actual Startup Time": 112.099,
                                    "Actual Total Time": 112.101,
                                    "Actual Rows": 1,
                                    "Actual Loops": 1
                                },
                                {
                                    "Worker Number": 2,
                                    "Actual Startup Time": 112.513,
                                    "Actual Total Time": 112.515,
                                    "Actual Rows": 1,
                                    "Actual Loops": 1
                                }
                            ],
                            "Plans": [
                                {
                                    "Node Type": "Bitmap Heap Scan",
                                    "Parent Relationship": "Outer",
                                    "Parallel Aware": true,
                                    "Relation Name": "movie_keyword",
                                    "Schema": "public",
                                    "Alias": "mk",
                                    "Startup Cost": 12944.85,
                                    "Total Cost": 39859.0,
                                    "Plan Rows": 196812,
                                    "Plan Width": 0,
                                    "Actual Startup Time": 34.288,
                                    "Actual Total Time": 106.709,
                                    "Actual Rows": 150334,
                                    "Actual Loops": 4,
                                    "Recheck Cond": "(mk.keyword_id > 30592)",
                                    "Rows Removed by Index Recheck": 0,
                                    "Exact Heap Blocks": 10246,
                                    "Lossy Heap Blocks": 0,
                                    "Workers": [
                                        {
                                            "Worker Number": 0,
                                            "Actual Startup Time": 31.199,
                                            "Actual Total Time": 104.396,
                                            "Actual Rows": 110032,
                                            "Actual Loops": 1
                                        },
                                        {
                                            "Worker Number": 1,
                                            "Actual Startup Time": 31.677,
                                            "Actual Total Time": 104.742,
                                            "Actual Rows": 114578,
                                            "Actual Loops": 1
                                        },
                                        {
                                            "Worker Number": 2,
                                            "Actual Startup Time": 31.993,
                                            "Actual Total Time": 105.073,
                                            "Actual Rows": 112860,
                                            "Actual Loops": 1
                                        }
                                    ],
                                    "Plans": [
                                        {
                                            "Node Type": "Bitmap Index Scan",
                                            "Parent Relationship": "Outer",
                                            "Parallel Aware": false,
                                            "Index Name": "keyword_id_movie_keyword",
                                            "Startup Cost": 0.0,
                                            "Total Cost": 12792.32,
                                            "Plan Rows": 610118,
                                            "Plan Width": 0,
                                            "Actual Startup Time": 38.939,
                                            "Actual Total Time": 38.939,
                                            "Actual Rows": 601336,
                                            "Actual Loops": 1,
                                            "Index Cond": "(mk.keyword_id > 30592)"
                                        }
                                    ]
                                }
                            ]
                        }
                    ]
                }
            ]
        },
        "Planning Time": 278.739,
        "Triggers": [],
        "Execution Time": 130.828
    }
]