[
  {
    "Plan": {
      "Node Type": "Aggregate",
      "Strategy": "Plain",
      "Partial Mode": "Finalize",
      "Parallel Aware": false,
      "Startup Cost": 44731.91,
      "Total Cost": 44731.92,
      "Plan Rows": 1,
      "Plan Width": 8,
      "Actual Startup Time": 142.163,
      "Actual Total Time": 153.014,
      "Actual Rows": 1,
      "Actual Loops": 1,
      "Plans": [
        {
          "Node Type": "Gather",
          "Parent Relationship": "Outer",
          "Parallel Aware": false,
          "Startup Cost": 44731.59,
          "Total Cost": 44731.9,
          "Plan Rows": 3,
          "Plan Width": 8,
          "Actual Startup Time": 142.036,
          "Actual Total Time": 153.005,
          "Actual Rows": 4,
          "Actual Loops": 1,
          "Workers Planned": 3,
          "Workers Launched": 3,
          "Single Copy": false,
          "Plans": [
            {
              "Node Type": "Aggregate",
              "Strategy": "Plain",
              "Partial Mode": "Partial",
              "Parent Relationship": "Outer",
              "Parallel Aware": false,
              "Startup Cost": 43731.59,
              "Total Cost": 43731.6,
              "Plan Rows": 1,
              "Plan Width": 8,
              "Actual Startup Time": 134.775,
              "Actual Total Time": 134.776,
              "Actual Rows": 1,
              "Actual Loops": 4,
              "Plans": [
                {
                  "Node Type": "Seq Scan",
                  "Parent Relationship": "Outer",
                  "Parallel Aware": true,
                  "Relation Name": "movie_keyword",
                  "Alias": "mk",
                  "Startup Cost": 0.0,
                  "Total Cost": 42695.65,
                  "Plan Rows": 414375,
                  "Plan Width": 0,
                  "Actual Startup Time": 0.057,
                  "Actual Total Time": 117.106,
                  "Actual Rows": 324018,
                  "Actual Loops": 4,
                  "Filter": "(keyword_id < 1682)",
                  "Rows Removed by Filter": 806964
                }
              ]
            }
          ]
        }
      ]
    },
    "Planning Time": 0.187,
    "Triggers": [],
    "Execution Time": 153.072
  }
]