{
  "Plan": {
    "Node Type": "Aggregate",
    "Strategy": "Plain",
    "Partial Mode": "Finalize",
    "Parallel Aware": false,
    "Startup Cost": 97316.97,
    "Total Cost": 97316.98,
    "Plan Rows": 1,
    "Plan Width": 8,
    "Actual Startup Time": 366.767,
    "Actual Total Time": 382.412,
    "Actual Rows": 1,
    "Actual Loops": 1,
    "Plans": [
      {
        "Node Type": "Gather",
        "Parent Relationship": "Outer",
        "Parallel Aware": false,
        "Startup Cost": 97316.85,
        "Total Cost": 97316.96,
        "Plan Rows": 1,
        "Plan Width": 8,
        "Actual Startup Time": 366.129,
        "Actual Total Time": 382.403,
        "Actual Rows": 2,
        "Actual Loops": 1,
        "Workers Planned": 1,
        "Workers Launched": 1,
        "Single Copy": false,
        "Plans": [
          {
            "Node Type": "Aggregate",
            "Strategy": "Plain",
            "Partial Mode": "Partial",
            "Parent Relationship": "Outer",
            "Parallel Aware": false,
            "Startup Cost": 96316.85,
            "Total Cost": 96316.86,
            "Plan Rows": 1,
            "Plan Width": 8,
            "Actual Startup Time": 360.546,
            "Actual Total Time": 360.549,
            "Actual Rows": 1,
            "Actual Loops": 2,
            "Plans": [
              {
                "Node Type": "Hash Join",
                "Parent Relationship": "Outer",
                "Parallel Aware": true,
                "Join Type": "Inner",
                "Startup Cost": 56134.5,
                "Total Cost": 96154.83,
                "Plan Rows": 64809,
                "Plan Width": 0,
                "Actual Startup Time": 212.35,
                "Actual Total Time": 356.551,
                "Actual Rows": 100500,
                "Actual Loops": 2,
                "Inner Unique": true,
                "Hash Cond": "(mc.movie_id = t.id)",
                "Plans": [
                  {
                    "Node Type": "Seq Scan",
                    "Parent Relationship": "Outer",
                    "Parallel Aware": true,
                    "Relation Name": "movie_companies",
                    "Alias": "mc",
                    "Startup Cost": 0.0,
                    "Total Cost": 37974.77,
                    "Plan Rows": 779260,
                    "Plan Width": 4,
                    "Actual Startup Time": 45.623,
                    "Actual Total Time": 108.608,
                    "Actual Rows": 667442,
                    "Actual Loops": 2,
                    "Filter": "(company_type_id = 2)",
                    "Rows Removed by Filter": 637123
                  },
                  {
                    "Node Type": "Hash",
                    "Parent Relationship": "Inner",
                    "Parallel Aware": true,
                    "Startup Cost": 54588.39,
                    "Total Cost": 54588.39,
                    "Plan Rows": 123689,
                    "Plan Width": 4,
                    "Actual Startup Time": 162.636,
                    "Actual Total Time": 162.636,
                    "Actual Rows": 110558,
                    "Actual Loops": 2,
                    "Hash Buckets": 262144,
                    "Original Hash Buckets": 262144,
                    "Hash Batches": 1,
                    "Original Hash Batches": 1,
                    "Peak Memory Usage": 10720,
                    "Plans": [
                      {
                        "Node Type": "Seq Scan",
                        "Parent Relationship": "Outer",
                        "Parallel Aware": true,
                        "Relation Name": "title",
                        "Alias": "t",
                        "Startup Cost": 0.0,
                        "Total Cost": 54588.39,
                        "Plan Rows": 123689,
                        "Plan Width": 4,
                        "Actual Startup Time": 0.034,
                        "Actual Total Time": 137.702,
                        "Actual Rows": 110558,
                        "Actual Loops": 2,
                        "Filter": "(production_year < 1958)",
                        "Rows Removed by Filter": 1153598
                      }
                    ]
                  }
                ]
              }
            ]
          }
        ]
      }
    ]
  },
  "Planning Time": 0.651,
  "Triggers": [],
  "Execution Time": 382.482
}