[
  {
    "Plan": {
      "Node Type": "Aggregate",
      "Strategy": "Plain",
      "Partial Mode": "Finalize",
      "Parallel Aware": false,
      "Startup Cost": 62017.98,
      "Total Cost": 62017.99,
      "Plan Rows": 1,
      "Plan Width": 8,
      "Actual Startup Time": 257.666,
      "Actual Total Time": 270.706,
      "Actual Rows": 1,
      "Actual Loops": 1,
      "Plans": [
        {
          "Node Type": "Gather",
          "Parent Relationship": "Outer",
          "Parallel Aware": false,
          "Startup Cost": 62017.77,
          "Total Cost": 62017.98,
          "Plan Rows": 2,
          "Plan Width": 8,
          "Actual Startup Time": 256.452,
          "Actual Total Time": 270.697,
          "Actual Rows": 3,
          "Actual Loops": 1,
          "Workers Planned": 2,
          "Workers Launched": 2,
          "Single Copy": false,
          "Plans": [
            {
              "Node Type": "Aggregate",
              "Strategy": "Plain",
              "Partial Mode": "Partial",
              "Parent Relationship": "Outer",
              "Parallel Aware": false,
              "Startup Cost": 61017.77,
              "Total Cost": 61017.78,
              "Plan Rows": 1,
              "Plan Width": 8,
              "Actual Startup Time": 249.185,
              "Actual Total Time": 249.307,
              "Actual Rows": 1,
              "Actual Loops": 3,
              "Plans": [
                {
                  "Node Type": "Hash Join",
                  "Parent Relationship": "Outer",
                  "Parallel Aware": true,
                  "Join Type": "Inner",
                  "Startup Cost": 45770.24,
                  "Total Cost": 60964.8,
                  "Plan Rows": 21188,
                  "Plan Width": 0,
                  "Actual Startup Time": 186.871,
                  "Actual Total Time": 246.8,
                  "Actual Rows": 53586,
                  "Actual Loops": 3,
                  "Inner Unique": true,
                  "Hash Cond": "(mi_idx.movie_id = t.id)",
                  "Plans": [
                    {
                      "Node Type": "Seq Scan",
                      "Parent Relationship": "Outer",
                      "Parallel Aware": true,
                      "Relation Name": "movie_info_idx",
                      "Alias": "mi_idx",
                      "Startup Cost": 0.0,
                      "Total Cost": 13685.15,
                      "Plan Rows": 575015,
                      "Plan Width": 4,
                      "Actual Startup Time": 0.023,
                      "Actual Total Time": 38.843,
                      "Actual Rows": 460012,
                      "Actual Loops": 3
                    },
                    {
                      "Node Type": "Hash",
                      "Parent Relationship": "Inner",
                      "Parallel Aware": true,
                      "Startup Cost": 45479.1,
                      "Total Cost": 45479.1,
                      "Plan Rows": 23291,
                      "Plan Width": 4,
                      "Actual Startup Time": 146.992,
                      "Actual Total Time": 146.993,
                      "Actual Rows": 75485,
                      "Actual Loops": 3,
                      "Hash Buckets": 262144,
                      "Original Hash Buckets": 131072,
                      "Hash Batches": 1,
                      "Original Hash Batches": 1,
                      "Peak Memory Usage": 12000,
                      "Plans": [
                        {
                          "Node Type": "Seq Scan",
                          "Parent Relationship": "Outer",
                          "Parallel Aware": true,
                          "Relation Name": "title",
                          "Alias": "t",
                          "Startup Cost": 0.0,
                          "Total Cost": 45479.1,
                          "Plan Rows": 23291,
                          "Plan Width": 4,
                          "Actual Startup Time": 70.846,
                          "Actual Total Time": 120.474,
                          "Actual Rows": 75485,
                          "Actual Loops": 3,
                          "Filter": "((production_year < 1970) AND (kind_id = 1))",
                          "Rows Removed by Filter": 767285
                        }
                      ]
                    }
                  ]
                }
              ]
            }
          ]
        }
      ]
    },
    "Planning Time": 0.476,
    "Triggers": [],
    "Execution Time": 270.765
  }
]