[
  {
    "Plan": {
      "Node Type": "Aggregate",
      "Strategy": "Plain",
      "Partial Mode": "Finalize",
      "Parallel Aware": false,
      "Startup Cost": 75347.11,
      "Total Cost": 75347.12,
      "Plan Rows": 1,
      "Plan Width": 8,
      "Actual Startup Time": 98.034,
      "Actual Total Time": 112.714,
      "Actual Rows": 1,
      "Actual Loops": 1,
      "Plans": [
        {
          "Node Type": "Gather",
          "Parent Relationship": "Outer",
          "Parallel Aware": false,
          "Startup Cost": 75346.79,
          "Total Cost": 75347.1,
          "Plan Rows": 3,
          "Plan Width": 8,
          "Actual Startup Time": 97.851,
          "Actual Total Time": 112.706,
          "Actual Rows": 4,
          "Actual Loops": 1,
          "Workers Planned": 3,
          "Workers Launched": 3,
          "Single Copy": false,
          "Plans": [
            {
              "Node Type": "Aggregate",
              "Strategy": "Plain",
              "Partial Mode": "Partial",
              "Parent Relationship": "Outer",
              "Parallel Aware": false,
              "Startup Cost": 74346.79,
              "Total Cost": 74346.8,
              "Plan Rows": 1,
              "Plan Width": 8,
              "Actual Startup Time": 88.31,
              "Actual Total Time": 88.312,
              "Actual Rows": 1,
              "Actual Loops": 4,
              "Plans": [
                {
                  "Node Type": "Nested Loop",
                  "Parent Relationship": "Outer",
                  "Parallel Aware": false,
                  "Join Type": "Inner",
                  "Startup Cost": 271.87,
                  "Total Cost": 74344.79,
                  "Plan Rows": 800,
                  "Plan Width": 0,
                  "Actual Startup Time": 3.017,
                  "Actual Total Time": 87.543,
                  "Actual Rows": 8209,
                  "Actual Loops": 4,
                  "Inner Unique": false,
                  "Plans": [
                    {
                      "Node Type": "Nested Loop",
                      "Parent Relationship": "Outer",
                      "Parallel Aware": false,
                      "Join Type": "Inner",
                      "Startup Cost": 271.44,
                      "Total Cost": 72804.28,
                      "Plan Rows": 2359,
                      "Plan Width": 8,
                      "Actual Startup Time": 2.722,
                      "Actual Total Time": 49.651,
                      "Actual Rows": 2438,
                      "Actual Loops": 4,
                      "Inner Unique": true,
                      "Plans": [
                        {
                          "Node Type": "Bitmap Heap Scan",
                          "Parent Relationship": "Outer",
                          "Parallel Aware": true,
                          "Relation Name": "movie_info",
                          "Alias": "mi",
                          "Startup Cost": 271.01,
                          "Total Cost": 44355.18,
                          "Plan Rows": 4769,
                          "Plan Width": 4,
                          "Actual Startup Time": 2.551,
                          "Actual Total Time": 9.006,
                          "Actual Rows": 4151,
                          "Actual Loops": 4,
                          "Recheck Cond": "(info_type_id = 102)",
                          "Rows Removed by Index Recheck": 0,
                          "Exact Heap Blocks": 1854,
                          "Lossy Heap Blocks": 0,
                          "Plans": [
                            {
                              "Node Type": "Bitmap Index Scan",
                              "Parent Relationship": "Outer",
                              "Parallel Aware": false,
                              "Index Name": "info_type_id_movie_info",
                              "Startup Cost": 0.0,
                              "Total Cost": 267.31,
                              "Plan Rows": 14784,
                              "Plan Width": 0,
                              "Actual Startup Time": 7.494,
                              "Actual Total Time": 7.494,
                              "Actual Rows": 16603,
                              "Actual Loops": 1,
                              "Index Cond": "(info_type_id = 102)"
                            }
                          ]
                        },
                        {
                          "Node Type": "Index Scan",
                          "Parent Relationship": "Inner",
                          "Parallel Aware": false,
                          "Scan Direction": "Forward",
                          "Index Name": "title_pkey",
                          "Relation Name": "title",
                          "Alias": "t",
                          "Startup Cost": 0.43,
                          "Total Cost": 5.97,
                          "Plan Rows": 1,
                          "Plan Width": 4,
                          "Actual Startup Time": 0.009,
                          "Actual Total Time": 0.009,
                          "Actual Rows": 1,
                          "Actual Loops": 16603,
                          "Index Cond": "(id = mi.movie_id)",
                          "Rows Removed by Index Recheck": 0,
                          "Filter": "(production_year < 2004)",
                          "Rows Removed by Filter": 0
                        }
                      ]
                    },
                    {
                      "Node Type": "Index Scan",
                      "Parent Relationship": "Inner",
                      "Parallel Aware": false,
                      "Scan Direction": "Forward",
                      "Index Name": "movie_id_movie_companies",
                      "Relation Name": "movie_companies",
                      "Alias": "mc",
                      "Startup Cost": 0.43,
                      "Total Cost": 0.63,
                      "Plan Rows": 2,
                      "Plan Width": 4,
                      "Actual Startup Time": 0.011,
                      "Actual Total Time": 0.015,
                      "Actual Rows": 3,
                      "Actual Loops": 9754,
                      "Index Cond": "(movie_id = t.id)",
                      "Rows Removed by Index Recheck": 0,
                      "Filter": "((company_id < 22755) AND (company_type_id < 2))",
                      "Rows Removed by Filter": 2
                    }
                  ]
                }
              ]
            }
          ]
        }
      ]
    },
    "Planning Time": 1.414,
    "Triggers": [],
    "Execution Time": 112.817
  }
]