[
  {
    "Plan": {
      "Node Type": "Aggregate",
      "Strategy": "Plain",
      "Partial Mode": "Finalize",
      "Parallel Aware": false,
      "Startup Cost": 349879.56,
      "Total Cost": 349879.57,
      "Plan Rows": 1,
      "Plan Width": 8,
      "Actual Startup Time": 809.649,
      "Actual Total Time": 870.034,
      "Actual Rows": 1,
      "Actual Loops": 1,
      "Plans": [
        {
          "Node Type": "Gather",
          "Parent Relationship": "Outer",
          "Parallel Aware": false,
          "Startup Cost": 349878.93,
          "Total Cost": 349879.54,
          "Plan Rows": 6,
          "Plan Width": 8,
          "Actual Startup Time": 809.558,
          "Actual Total Time": 870.023,
          "Actual Rows": 7,
          "Actual Loops": 1,
          "Workers Planned": 6,
          "Workers Launched": 6,
          "Single Copy": false,
          "Plans": [
            {
              "Node Type": "Aggregate",
              "Strategy": "Plain",
              "Partial Mode": "Partial",
              "Parent Relationship": "Outer",
              "Parallel Aware": false,
              "Startup Cost": 348878.93,
              "Total Cost": 348878.94,
              "Plan Rows": 1,
              "Plan Width": 8,
              "Actual Startup Time": 802.916,
              "Actual Total Time": 802.917,
              "Actual Rows": 1,
              "Actual Loops": 7,
              "Plans": [
                {
                  "Node Type": "Seq Scan",
                  "Parent Relationship": "Outer",
                  "Parallel Aware": true,
                  "Relation Name": "cast_info",
                  "Alias": "ci",
                  "Startup Cost": 0.0,
                  "Total Cost": 343257.03,
                  "Plan Rows": 2248761,
                  "Plan Width": 0,
                  "Actual Startup Time": 0.036,
                  "Actual Total Time": 698.362,
                  "Actual Rows": 2214634,
                  "Actual Loops": 7,
                  "Filter": "((person_id < 1704771) AND (role_id < 7))",
                  "Rows Removed by Filter": 2963130
                }
              ]
            }
          ]
        }
      ]
    },
    "Planning Time": 0.139,
    "Triggers": [],
    "Execution Time": 870.088
  }
]