[
  {
    "Plan": {
      "Node Type": "Aggregate",
      "Strategy": "Plain",
      "Partial Mode": "Finalize",
      "Parallel Aware": false,
      "Startup Cost": 79498.56,
      "Total Cost": 79498.57,
      "Plan Rows": 1,
      "Plan Width": 8,
      "Actual Startup Time": 270.214,
      "Actual Total Time": 285.745,
      "Actual Rows": 1,
      "Actual Loops": 1,
      "Plans": [
        {
          "Node Type": "Gather",
          "Parent Relationship": "Outer",
          "Parallel Aware": false,
          "Startup Cost": 79498.24,
          "Total Cost": 79498.55,
          "Plan Rows": 3,
          "Plan Width": 8,
          "Actual Startup Time": 268.071,
          "Actual Total Time": 285.732,
          "Actual Rows": 4,
          "Actual Loops": 1,
          "Workers Planned": 3,
          "Workers Launched": 3,
          "Single Copy": false,
          "Plans": [
            {
              "Node Type": "Aggregate",
              "Strategy": "Plain",
              "Partial Mode": "Partial",
              "Parent Relationship": "Outer",
              "Parallel Aware": false,
              "Startup Cost": 78498.24,
              "Total Cost": 78498.25,
              "Plan Rows": 1,
              "Plan Width": 8,
              "Actual Startup Time": 264.138,
              "Actual Total Time": 264.235,
              "Actual Rows": 1,
              "Actual Loops": 4,
              "Plans": [
                {
                  "Node Type": "Hash Join",
                  "Parent Relationship": "Outer",
                  "Parallel Aware": true,
                  "Join Type": "Inner",
                  "Startup Cost": 46187.15,
                  "Total Cost": 78427.81,
                  "Plan Rows": 28173,
                  "Plan Width": 0,
                  "Actual Startup Time": 164.331,
                  "Actual Total Time": 259.595,
                  "Actual Rows": 101599,
                  "Actual Loops": 4,
                  "Inner Unique": true,
                  "Hash Cond": "(mc.movie_id = t.id)",
                  "Plans": [
                    {
                      "Node Type": "Seq Scan",
                      "Parent Relationship": "Outer",
                      "Parallel Aware": true,
                      "Relation Name": "movie_companies",
                      "Alias": "mc",
                      "Startup Cost": 0.0,
                      "Total Cost": 31414.82,
                      "Plan Rows": 314607,
                      "Plan Width": 4,
                      "Actual Startup Time": 0.01,
                      "Actual Total Time": 73.13,
                      "Actual Rows": 316969,
                      "Actual Loops": 4,
                      "Filter": "((company_id < 65104) AND (company_type_id < 2))",
                      "Rows Removed by Filter": 335314
                    },
                    {
                      "Node Type": "Hash",
                      "Parent Relationship": "Inner",
                      "Parallel Aware": true,
                      "Startup Cost": 45479.59,
                      "Total Cost": 45479.59,
                      "Plan Rows": 56605,
                      "Plan Width": 4,
                      "Actual Startup Time": 131.676,
                      "Actual Total Time": 131.677,
                      "Actual Rows": 88269,
                      "Actual Loops": 4,
                      "Hash Buckets": 524288,
                      "Original Hash Buckets": 262144,
                      "Hash Batches": 1,
                      "Original Hash Batches": 1,
                      "Peak Memory Usage": 20032,
                      "Plans": [
                        {
                          "Node Type": "Seq Scan",
                          "Parent Relationship": "Outer",
                          "Parallel Aware": true,
                          "Relation Name": "title",
                          "Alias": "t",
                          "Startup Cost": 0.0,
                          "Total Cost": 45479.59,
                          "Plan Rows": 56605,
                          "Plan Width": 4,
                          "Actual Startup Time": 53.406,
                          "Actual Total Time": 96.77,
                          "Actual Rows": 88269,
                          "Actual Loops": 4,
                          "Filter": "((production_year < 1997) AND (kind_id = 1))",
                          "Rows Removed by Filter": 543809
                        }
                      ]
                    }
                  ]
                }
              ]
            }
          ]
        }
      ]
    },
    "Planning Time": 0.517,
    "Triggers": [],
    "Execution Time": 285.79
  }
]