{
  "Plan": {
    "Node Type": "Aggregate",
    "Strategy": "Plain",
    "Partial Mode": "Simple",
    "Parallel Aware": false,
    "Startup Cost": 25569.9,
    "Total Cost": 25569.91,
    "Plan Rows": 1,
    "Plan Width": 64,
    "Actual Startup Time": 1155.207,
    "Actual Total Time": 1155.307,
    "Actual Rows": 1,
    "Actual Loops": 1,
    "Plans": [
      {
        "Node Type": "Gather",
        "Parent Relationship": "Outer",
        "Parallel Aware": false,
        "Startup Cost": 25516.38,
        "Total Cost": 25569.89,
        "Plan Rows": 1,
        "Plan Width": 23,
        "Actual Startup Time": 900.335,
        "Actual Total Time": 1155.244,
        "Actual Rows": 292,
        "Actual Loops": 1,
        "Workers Planned": 1,
        "Workers Launched": 0,
        "Single Copy": false,
        "Plans": [
          {
            "Node Type": "Nested Loop",
            "Parent Relationship": "Outer",
            "Parallel Aware": false,
            "Join Type": "Inner",
            "Startup Cost": 24516.38,
            "Total Cost": 24569.79,
            "Plan Rows": 1,
            "Plan Width": 23,
            "Actual Startup Time": 899.591,
            "Actual Total Time": 1154.383,
            "Actual Rows": 292,
            "Actual Loops": 1,
            "Inner Unique": true,
            "Plans": [
              {
                "Node Type": "Merge Join",
                "Parent Relationship": "Outer",
                "Parallel Aware": false,
                "Join Type": "Inner",
                "Startup Cost": 24515.95,
                "Total Cost": 24569.3,
                "Plan Rows": 1,
                "Plan Width": 14,
                "Actual Startup Time": 899.547,
                "Actual Total Time": 1148.6,
                "Actual Rows": 1420,
                "Actual Loops": 1,
                "Inner Unique": true,
                "Merge Cond": "(mk.keyword_id = k.id)",
                "Plans": [
                  {
                    "Node Type": "Sort",
                    "Parent Relationship": "Outer",
                    "Parallel Aware": false,
                    "Startup Cost": 21889.59,
                    "Total Cost": 21916.22,
                    "Plan Rows": 10655,
                    "Plan Width": 18,
                    "Actual Startup Time": 855.668,
                    "Actual Total Time": 1027.265,
                    "Actual Rows": 1083785,
                    "Actual Loops": 1,
                    "Sort Key": [
                      "mk.keyword_id"
                    ],
                    "Sort Method": "quicksort",
                    "Sort Space Used": 100029,
                    "Sort Space Type": "Memory",
                    "Plans": [
                      {
                        "Node Type": "Nested Loop",
                        "Parent Relationship": "Outer",
                        "Parallel Aware": false,
                        "Join Type": "Inner",
                        "Startup Cost": 2.86,
                        "Total Cost": 21176.81,
                        "Plan Rows": 10655,
                        "Plan Width": 18,
                        "Actual Startup Time": 0.144,
                        "Actual Total Time": 607.916,
                        "Actual Rows": 1085375,
                        "Actual Loops": 1,
                        "Inner Unique": false,
                        "Plans": [
                          {
                            "Node Type": "Hash Join",
                            "Parent Relationship": "Outer",
                            "Parallel Aware": false,
                            "Join Type": "Inner",
                            "Startup Cost": 2.43,
                            "Total Cost": 18413.49,
                            "Plan Rows": 1068,
                            "Plan Width": 10,
                            "Actual Startup Time": 0.093,
                            "Actual Total Time": 149.507,
                            "Actual Rows": 135808,
                            "Actual Loops": 1,
                            "Inner Unique": true,
                            "Hash Cond": "(mi_idx.info_type_id = it.id)",
                            "Plans": [
                              {
                                "Node Type": "Seq Scan",
                                "Parent Relationship": "Outer",
                                "Parallel Aware": true,
                                "Relation Name": "movie_info_idx",
                                "Alias": "mi_idx",
                                "Startup Cost": 0.0,
                                "Total Cost": 18082.32,
                                "Plan Rows": 120712,
                                "Plan Width": 14,
                                "Actual Startup Time": 0.031,
                                "Actual Total Time": 122.924,
                                "Actual Rows": 207463,
                                "Actual Loops": 1,
                                "Filter": "(info > '7'::text)",
                                "Rows Removed by Filter": 1172572
                              },
                              {
                                "Node Type": "Hash",
                                "Parent Relationship": "Inner",
                                "Parallel Aware": false,
                                "Startup Cost": 2.41,
                                "Total Cost": 2.41,
                                "Plan Rows": 1,
                                "Plan Width": 4,
                                "Actual Startup Time": 0.049,
                                "Actual Total Time": 0.05,
                                "Actual Rows": 1,
                                "Actual Loops": 1,
                                "Hash Buckets": 1024,
                                "Original Hash Buckets": 1024,
                                "Hash Batches": 1,
                                "Original Hash Batches": 1,
                                "Peak Memory Usage": 9,
                                "Plans": [
                                  {
                                    "Node Type": "Seq Scan",
                                    "Parent Relationship": "Outer",
                                    "Parallel Aware": false,
                                    "Relation Name": "info_type",
                                    "Alias": "it",
                                    "Startup Cost": 0.0,
                                    "Total Cost": 2.41,
                                    "Plan Rows": 1,
                                    "Plan Width": 4,
                                    "Actual Startup Time": 0.038,
                                    "Actual Total Time": 0.042,
                                    "Actual Rows": 1,
                                    "Actual Loops": 1,
                                    "Filter": "((info)::text = 'rating'::text)",
                                    "Rows Removed by Filter": 112
                                  }
                                ]
                              }
                            ]
                          },
                          {
                            "Node Type": "Index Scan",
                            "Parent Relationship": "Inner",
                            "Parallel Aware": false,
                            "Scan Direction": "Forward",
                            "Index Name": "movie_id_movie_keyword",
                            "Relation Name": "movie_keyword",
                            "Alias": "mk",
                            "Startup Cost": 0.43,
                            "Total Cost": 2.13,
                            "Plan Rows": 46,
                            "Plan Width": 8,
                            "Actual Startup Time": 0.002,
                            "Actual Total Time": 0.002,
                            "Actual Rows": 8,
                            "Actual Loops": 135808,
                            "Index Cond": "(movie_id = mi_idx.movie_id)",
                            "Rows Removed by Index Recheck": 0
                          }
                        ]
                      }
                    ]
                  },
                  {
                    "Node Type": "Sort",
                    "Parent Relationship": "Inner",
                    "Parallel Aware": false,
                    "Startup Cost": 2626.37,
                    "Total Cost": 2626.4,
                    "Plan Rows": 13,
                    "Plan Width": 4,
                    "Actual Startup Time": 13.96,
                    "Actual Total Time": 13.968,
                    "Actual Rows": 30,
                    "Actual Loops": 1,
                    "Sort Key": [
                      "k.id"
                    ],
                    "Sort Method": "quicksort",
                    "Sort Space Used": 26,
                    "Sort Space Type": "Memory",
                    "Plans": [
                      {
                        "Node Type": "Seq Scan",
                        "Parent Relationship": "Outer",
                        "Parallel Aware": false,
                        "Relation Name": "keyword",
                        "Alias": "k",
                        "Startup Cost": 0.0,
                        "Total Cost": 2626.12,
                        "Plan Rows": 13,
                        "Plan Width": 4,
                        "Actual Startup Time": 0.859,
                        "Actual Total Time": 13.938,
                        "Actual Rows": 30,
                        "Actual Loops": 1,
                        "Filter": "(keyword ~~ '%sequel%'::text)",
                        "Rows Removed by Filter": 134140
                      }
                    ]
                  }
                ]
              },
              {
                "Node Type": "Index Scan",
                "Parent Relationship": "Inner",
                "Parallel Aware": false,
                "Scan Direction": "Forward",
                "Index Name": "title_pkey",
                "Relation Name": "title",
                "Alias": "t",
                "Startup Cost": 0.43,
                "Total Cost": 0.49,
                "Plan Rows": 1,
                "Plan Width": 21,
                "Actual Startup Time": 0.004,
                "Actual Total Time": 0.004,
                "Actual Rows": 0,
                "Actual Loops": 1420,
                "Index Cond": "(id = mk.movie_id)",
                "Rows Removed by Index Recheck": 0,
                "Filter": "(production_year > 2003)",
                "Rows Removed by Filter": 1
              }
            ]
          }
        ]
      }
    ]
  },
  "Planning Time": 1.508,
  "Triggers": [],
  "Execution Time": 1155.427
}