[
  {
    "Plan": {
      "Node Type": "Aggregate",
      "Strategy": "Plain",
      "Partial Mode": "Finalize",
      "Parallel Aware": false,
      "Startup Cost": 72788.62,
      "Total Cost": 72788.63,
      "Plan Rows": 1,
      "Plan Width": 8,
      "Actual Startup Time": 213.37,
      "Actual Total Time": 228.56,
      "Actual Rows": 1,
      "Actual Loops": 1,
      "Plans": [
        {
          "Node Type": "Gather",
          "Parent Relationship": "Outer",
          "Parallel Aware": false,
          "Startup Cost": 72788.2,
          "Total Cost": 72788.61,
          "Plan Rows": 4,
          "Plan Width": 8,
          "Actual Startup Time": 211.775,
          "Actual Total Time": 228.55,
          "Actual Rows": 5,
          "Actual Loops": 1,
          "Workers Planned": 4,
          "Workers Launched": 4,
          "Single Copy": false,
          "Plans": [
            {
              "Node Type": "Aggregate",
              "Strategy": "Plain",
              "Partial Mode": "Partial",
              "Parent Relationship": "Outer",
              "Parallel Aware": false,
              "Startup Cost": 71788.2,
              "Total Cost": 71788.21,
              "Plan Rows": 1,
              "Plan Width": 8,
              "Actual Startup Time": 201.143,
              "Actual Total Time": 201.192,
              "Actual Rows": 1,
              "Actual Loops": 5,
              "Plans": [
                {
                  "Node Type": "Nested Loop",
                  "Parent Relationship": "Outer",
                  "Parallel Aware": false,
                  "Join Type": "Inner",
                  "Startup Cost": 24379.39,
                  "Total Cost": 71787.21,
                  "Plan Rows": 398,
                  "Plan Width": 0,
                  "Actual Startup Time": 117.259,
                  "Actual Total Time": 200.663,
                  "Actual Rows": 5800,
                  "Actual Loops": 5,
                  "Inner Unique": false,
                  "Plans": [
                    {
                      "Node Type": "Hash Join",
                      "Parent Relationship": "Outer",
                      "Parallel Aware": true,
                      "Join Type": "Inner",
                      "Startup Cost": 24378.96,
                      "Total Cost": 70141.61,
                      "Plan Rows": 2183,
                      "Plan Width": 8,
                      "Actual Startup Time": 116.825,
                      "Actual Total Time": 161.891,
                      "Actual Rows": 11697,
                      "Actual Loops": 5,
                      "Inner Unique": false,
                      "Hash Cond": "(t.id = mc.movie_id)",
                      "Plans": [
                        {
                          "Node Type": "Seq Scan",
                          "Parent Relationship": "Outer",
                          "Parallel Aware": true,
                          "Relation Name": "title",
                          "Alias": "t",
                          "Startup Cost": 0.0,
                          "Total Cost": 45479.1,
                          "Plan Rows": 55301,
                          "Plan Width": 4,
                          "Actual Startup Time": 40.813,
                          "Actual Total Time": 75.328,
                          "Actual Rows": 69443,
                          "Actual Loops": 5,
                          "Filter": "((production_year < 1996) AND (kind_id = 1))",
                          "Rows Removed by Filter": 436220
                        },
                        {
                          "Node Type": "Hash",
                          "Parent Relationship": "Inner",
                          "Parallel Aware": true,
                          "Startup Cost": 23976.56,
                          "Total Cost": 23976.56,
                          "Plan Rows": 32192,
                          "Plan Width": 4,
                          "Actual Startup Time": 64.295,
                          "Actual Total Time": 64.296,
                          "Actual Rows": 38169,
                          "Actual Loops": 5,
                          "Hash Buckets": 262144,
                          "Original Hash Buckets": 131072,
                          "Hash Batches": 1,
                          "Original Hash Batches": 1,
                          "Peak Memory Usage": 10688,
                          "Plans": [
                            {
                              "Node Type": "Bitmap Heap Scan",
                              "Parent Relationship": "Outer",
                              "Parallel Aware": true,
                              "Relation Name": "movie_companies",
                              "Alias": "mc",
                              "Startup Cost": 4235.51,
                              "Total Cost": 23976.56,
                              "Plan Rows": 32192,
                              "Plan Width": 4,
                              "Actual Startup Time": 14.971,
                              "Actual Total Time": 41.065,
                              "Actual Rows": 38169,
                              "Actual Loops": 5,
                              "Recheck Cond": "(company_id > 116405)",
                              "Rows Removed by Index Recheck": 0,
                              "Filter": "(company_type_id > 1)",
                              "Rows Removed by Filter": 0,
                              "Exact Heap Blocks": 1748,
                              "Lossy Heap Blocks": 0,
                              "Plans": [
                                {
                                  "Node Type": "Bitmap Index Scan",
                                  "Parent Relationship": "Outer",
                                  "Parallel Aware": false,
                                  "Index Name": "company_id_movie_companies",
                                  "Startup Cost": 0.0,
                                  "Total Cost": 4210.56,
                                  "Plan Rows": 196551,
                                  "Plan Width": 0,
                                  "Actual Startup Time": 19.394,
                                  "Actual Total Time": 19.394,
                                  "Actual Rows": 190846,
                                  "Actual Loops": 1,
                                  "Index Cond": "(company_id > 116405)"
                                }
                              ]
                            }
                          ]
                        }
                      ]
                    },
                    {
                      "Node Type": "Index Scan",
                      "Parent Relationship": "Inner",
                      "Parallel Aware": false,
                      "Scan Direction": "Forward",
                      "Index Name": "movie_id_movie_info_idx",
                      "Relation Name": "movie_info_idx",
                      "Alias": "mi_idx",
                      "Startup Cost": 0.43,
                      "Total Cost": 0.74,
                      "Plan Rows": 1,
                      "Plan Width": 4,
                      "Actual Startup Time": 0.003,
                      "Actual Total Time": 0.003,
                      "Actual Rows": 0,
                      "Actual Loops": 58484,
                      "Index Cond": "(movie_id = t.id)",
                      "Rows Removed by Index Recheck": 0,
                      "Filter": "(info_type_id = 101)",
                      "Rows Removed by Filter": 1
                    }
                  ]
                }
              ]
            }
          ]
        }
      ]
    },
    "Planning Time": 1.521,
    "Triggers": [],
    "Execution Time": 228.679
  }
]