[
  {
    "Plan": {
      "Node Type": "Aggregate",
      "Strategy": "Plain",
      "Partial Mode": "Finalize",
      "Parallel Aware": false,
      "Startup Cost": 246372.5,
      "Total Cost": 246372.51,
      "Plan Rows": 1,
      "Plan Width": 8,
      "Actual Startup Time": 598.308,
      "Actual Total Time": 642.415,
      "Actual Rows": 1,
      "Actual Loops": 1,
      "Plans": [
        {
          "Node Type": "Gather",
          "Parent Relationship": "Outer",
          "Parallel Aware": false,
          "Startup Cost": 246371.97,
          "Total Cost": 246372.48,
          "Plan Rows": 5,
          "Plan Width": 8,
          "Actual Startup Time": 598.073,
          "Actual Total Time": 642.407,
          "Actual Rows": 6,
          "Actual Loops": 1,
          "Workers Planned": 5,
          "Workers Launched": 5,
          "Single Copy": false,
          "Plans": [
            {
              "Node Type": "Aggregate",
              "Strategy": "Plain",
              "Partial Mode": "Partial",
              "Parent Relationship": "Outer",
              "Parallel Aware": false,
              "Startup Cost": 245371.97,
              "Total Cost": 245371.98,
              "Plan Rows": 1,
              "Plan Width": 8,
              "Actual Startup Time": 588.018,
              "Actual Total Time": 588.021,
              "Actual Rows": 1,
              "Actual Loops": 6,
              "Plans": [
                {
                  "Node Type": "Hash Join",
                  "Parent Relationship": "Outer",
                  "Parallel Aware": true,
                  "Join Type": "Inner",
                  "Startup Cost": 45774.16,
                  "Total Cost": 245095.93,
                  "Plan Rows": 110419,
                  "Plan Width": 0,
                  "Actual Startup Time": 82.335,
                  "Actual Total Time": 587.982,
                  "Actual Rows": 301,
                  "Actual Loops": 6,
                  "Inner Unique": true,
                  "Hash Cond": "(mi.movie_id = t.id)",
                  "Plans": [
                    {
                      "Node Type": "Seq Scan",
                      "Parent Relationship": "Outer",
                      "Parallel Aware": true,
                      "Relation Name": "movie_info",
                      "Alias": "mi",
                      "Startup Cost": 0.0,
                      "Total Cost": 191560.33,
                      "Plan Rows": 2956733,
                      "Plan Width": 4,
                      "Actual Startup Time": 0.03,
                      "Actual Total Time": 304.74,
                      "Actual Rows": 2472620,
                      "Actual Loops": 6
                    },
                    {
                      "Node Type": "Hash",
                      "Parent Relationship": "Inner",
                      "Parallel Aware": true,
                      "Startup Cost": 45479.1,
                      "Total Cost": 45479.1,
                      "Plan Rows": 23605,
                      "Plan Width": 4,
                      "Actual Startup Time": 76.793,
                      "Actual Total Time": 76.794,
                      "Actual Rows": 129,
                      "Actual Loops": 6,
                      "Hash Buckets": 131072,
                      "Original Hash Buckets": 131072,
                      "Hash Batches": 1,
                      "Original Hash Batches": 1,
                      "Peak Memory Usage": 1216,
                      "Plans": [
                        {
                          "Node Type": "Seq Scan",
                          "Parent Relationship": "Outer",
                          "Parallel Aware": true,
                          "Relation Name": "title",
                          "Alias": "t",
                          "Startup Cost": 0.0,
                          "Total Cost": 45479.1,
                          "Plan Rows": 23605,
                          "Plan Width": 4,
                          "Actual Startup Time": 2.447,
                          "Actual Total Time": 76.396,
                          "Actual Rows": 129,
                          "Actual Loops": 6,
                          "Filter": "((production_year < 1949) AND (kind_id = 7))",
                          "Rows Removed by Filter": 421256
                        }
                      ]
                    }
                  ]
                }
              ]
            }
          ]
        }
      ]
    },
    "Planning Time": 0.629,
    "Triggers": [],
    "Execution Time": 642.494
  }
]