[
  {
    "Plan": {
      "Node Type": "Aggregate",
      "Strategy": "Plain",
      "Partial Mode": "Finalize",
      "Parallel Aware": false,
      "Startup Cost": 32173.68,
      "Total Cost": 32173.69,
      "Plan Rows": 1,
      "Plan Width": 8,
      "Actual Startup Time": 119.91,
      "Actual Total Time": 126.722,
      "Actual Rows": 1,
      "Actual Loops": 1,
      "Plans": [
        {
          "Node Type": "Gather",
          "Parent Relationship": "Outer",
          "Parallel Aware": false,
          "Startup Cost": 32173.37,
          "Total Cost": 32173.68,
          "Plan Rows": 3,
          "Plan Width": 8,
          "Actual Startup Time": 119.777,
          "Actual Total Time": 126.713,
          "Actual Rows": 4,
          "Actual Loops": 1,
          "Workers Planned": 3,
          "Workers Launched": 3,
          "Single Copy": false,
          "Plans": [
            {
              "Node Type": "Aggregate",
              "Strategy": "Plain",
              "Partial Mode": "Partial",
              "Parent Relationship": "Outer",
              "Parallel Aware": false,
              "Startup Cost": 31173.37,
              "Total Cost": 31173.38,
              "Plan Rows": 1,
              "Plan Width": 8,
              "Actual Startup Time": 111.342,
              "Actual Total Time": 111.343,
              "Actual Rows": 1,
              "Actual Loops": 4,
              "Plans": [
                {
                  "Node Type": "Seq Scan",
                  "Parent Relationship": "Outer",
                  "Parallel Aware": true,
                  "Relation Name": "movie_companies",
                  "Alias": "mc",
                  "Startup Cost": 0.0,
                  "Total Cost": 29310.68,
                  "Plan Rows": 745074,
                  "Plan Width": 0,
                  "Actual Startup Time": 0.126,
                  "Actual Total Time": 83.92,
                  "Actual Rows": 579063,
                  "Actual Loops": 4,
                  "Filter": "(company_id > 159)",
                  "Rows Removed by Filter": 73219
                }
              ]
            }
          ]
        }
      ]
    },
    "Planning Time": 0.17,
    "Triggers": [],
    "Execution Time": 126.782
  }
]