{
  "Plan": {
    "Node Type": "Aggregate",
    "Strategy": "Plain",
    "Partial Mode": "Finalize",
    "Parallel Aware": false,
    "Startup Cost": 44448.8,
    "Total Cost": 44448.81,
    "Plan Rows": 1,
    "Plan Width": 8,
    "Actual Startup Time": 149.519,
    "Actual Total Time": 159.194,
    "Actual Rows": 1,
    "Actual Loops": 1,
    "Plans": [
      {
        "Node Type": "Gather",
        "Parent Relationship": "Outer",
        "Parallel Aware": false,
        "Startup Cost": 44448.69,
        "Total Cost": 44448.8,
        "Plan Rows": 1,
        "Plan Width": 8,
        "Actual Startup Time": 149.338,
        "Actual Total Time": 159.186,
        "Actual Rows": 2,
        "Actual Loops": 1,
        "Workers Planned": 1,
        "Workers Launched": 1,
        "Single Copy": false,
        "Plans": [
          {
            "Node Type": "Aggregate",
            "Strategy": "Plain",
            "Partial Mode": "Partial",
            "Parent Relationship": "Outer",
            "Parallel Aware": false,
            "Startup Cost": 43448.69,
            "Total Cost": 43448.7,
            "Plan Rows": 1,
            "Plan Width": 8,
            "Actual Startup Time": 143.034,
            "Actual Total Time": 143.038,
            "Actual Rows": 1,
            "Actual Loops": 2,
            "Plans": [
              {
                "Node Type": "Hash Join",
                "Parent Relationship": "Outer",
                "Parallel Aware": false,
                "Join Type": "Inner",
                "Startup Cost": 13871.93,
                "Total Cost": 43448.63,
                "Plan Rows": 21,
                "Plan Width": 0,
                "Actual Startup Time": 61.318,
                "Actual Total Time": 143.021,
                "Actual Rows": 77,
                "Actual Loops": 2,
                "Inner Unique": false,
                "Hash Cond": "(mk.movie_id = t.id)",
                "Plans": [
                  {
                    "Node Type": "Bitmap Heap Scan",
                    "Parent Relationship": "Outer",
                    "Parallel Aware": true,
                    "Relation Name": "movie_keyword",
                    "Alias": "mk",
                    "Startup Cost": 11369.6,
                    "Total Cost": 39763.98,
                    "Plan Rows": 315231,
                    "Plan Width": 4,
                    "Actual Startup Time": 39.243,
                    "Actual Total Time": 113.97,
                    "Actual Rows": 272677,
                    "Actual Loops": 2,
                    "Recheck Cond": "(keyword_id < 393)",
                    "Rows Removed by Index Recheck": 0,
                    "Exact Heap Blocks": 16419,
                    "Lossy Heap Blocks": 0,
                    "Plans": [
                      {
                        "Node Type": "Bitmap Index Scan",
                        "Parent Relationship": "Outer",
                        "Parallel Aware": false,
                        "Index Name": "keyword_id_movie_keyword",
                        "Startup Cost": 0.0,
                        "Total Cost": 11235.62,
                        "Plan Rows": 535892,
                        "Plan Width": 0,
                        "Actual Startup Time": 46.028,
                        "Actual Total Time": 46.029,
                        "Actual Rows": 545354,
                        "Actual Loops": 1,
                        "Index Cond": "(keyword_id < 393)"
                      }
                    ]
                  },
                  {
                    "Node Type": "Hash",
                    "Parent Relationship": "Inner",
                    "Parallel Aware": false,
                    "Startup Cost": 2500.19,
                    "Total Cost": 2500.19,
                    "Plan Rows": 171,
                    "Plan Width": 8,
                    "Actual Startup Time": 8.485,
                    "Actual Total Time": 8.487,
                    "Actual Rows": 369,
                    "Actual Loops": 2,
                    "Hash Buckets": 1024,
                    "Original Hash Buckets": 1024,
                    "Hash Batches": 1,
                    "Original Hash Batches": 1,
                    "Peak Memory Usage": 23,
                    "Plans": [
                      {
                        "Node Type": "Nested Loop",
                        "Parent Relationship": "Outer",
                        "Parallel Aware": false,
                        "Join Type": "Inner",
                        "Startup Cost": 0.99,
                        "Total Cost": 2500.19,
                        "Plan Rows": 171,
                        "Plan Width": 8,
                        "Actual Startup Time": 0.319,
                        "Actual Total Time": 8.128,
                        "Actual Rows": 369,
                        "Actual Loops": 2,
                        "Inner Unique": true,
                        "Plans": [
                          {
                            "Node Type": "Index Scan",
                            "Parent Relationship": "Outer",
                            "Parallel Aware": false,
                            "Scan Direction": "Forward",
                            "Index Name": "person_id_cast_info",
                            "Relation Name": "cast_info",
                            "Alias": "ci",
                            "Startup Cost": 0.56,
                            "Total Cost": 1059.67,
                            "Plan Rows": 171,
                            "Plan Width": 4,
                            "Actual Startup Time": 0.189,
                            "Actual Total Time": 0.651,
                            "Actual Rows": 369,
                            "Actual Loops": 2,
                            "Index Cond": "(person_id = 147839)",
                            "Rows Removed by Index Recheck": 0,
                            "Filter": "(role_id < 2)",
                            "Rows Removed by Filter": 165
                          },
                          {
                            "Node Type": "Index Only Scan",
                            "Parent Relationship": "Inner",
                            "Parallel Aware": false,
                            "Scan Direction": "Forward",
                            "Index Name": "title_pkey",
                            "Relation Name": "title",
                            "Alias": "t",
                            "Startup Cost": 0.43,
                            "Total Cost": 8.42,
                            "Plan Rows": 1,
                            "Plan Width": 4,
                            "Actual Startup Time": 0.019,
                            "Actual Total Time": 0.019,
                            "Actual Rows": 1,
                            "Actual Loops": 738,
                            "Index Cond": "(id = ci.movie_id)",
                            "Rows Removed by Index Recheck": 0,
                            "Heap Fetches": 738
                          }
                        ]
                      }
                    ]
                  }
                ]
              }
            ]
          }
        ]
      }
    ]
  },
  "Planning Time": 1.051,
  "Triggers": [],
  "Execution Time": 159.299
}