[
    {
        "Bao": {
            "Bao prediction": 455.933,
            "Bao recommended hint": "(no hint)"
        }
    },
    {
        "Plan": {
            "Node Type": "Aggregate",
            "Strategy": "Plain",
            "Partial Mode": "Finalize",
            "Parallel Aware": false,
            "Startup Cost": 345970.18,
            "Total Cost": 345970.2,
            "Plan Rows": 1,
            "Plan Width": 8,
            "Actual Startup Time": 608.919,
            "Actual Total Time": 638.608,
            "Actual Rows": 1,
            "Actual Loops": 1,
            "Output": [
                "count(*)"
            ],
            "Plans": [
                {
                    "Node Type": "Gather",
                    "Parent Relationship": "Outer",
                    "Parallel Aware": false,
                    "Startup Cost": 345969.56,
                    "Total Cost": 345970.17,
                    "Plan Rows": 6,
                    "Plan Width": 8,
                    "Actual Startup Time": 608.822,
                    "Actual Total Time": 638.6,
                    "Actual Rows": 7,
                    "Actual Loops": 1,
                    "Output": [
                        "(PARTIAL count(*))"
                    ],
                    "Workers Planned": 6,
                    "Workers Launched": 6,
                    "Single Copy": false,
                    "Plans": [
                        {
                            "Node Type": "Aggregate",
                            "Strategy": "Plain",
                            "Partial Mode": "Partial",
                            "Parent Relationship": "Outer",
                            "Parallel Aware": false,
                            "Startup Cost": 344969.56,
                            "Total Cost": 344969.57,
                            "Plan Rows": 1,
                            "Plan Width": 8,
                            "Actual Startup Time": 599.329,
                            "Actual Total Time": 599.33,
                            "Actual Rows": 1,
                            "Actual Loops": 7,
                            "Output": [
                                "PARTIAL count(*)"
                            ],
                            "Workers": [
                                {
                                    "Worker Number": 0,
                                    "Actual Startup Time": 597.258,
                                    "Actual Total Time": 597.259,
                                    "Actual Rows": 1,
                                    "Actual Loops": 1
                                },
                                {
                                    "Worker Number": 1,
                                    "Actual Startup Time": 597.575,
                                    "Actual Total Time": 597.576,
                                    "Actual Rows": 1,
                                    "Actual Loops": 1
                                },
                                {
                                    "Worker Number": 2,
                                    "Actual Startup Time": 597.637,
                                    "Actual Total Time": 597.638,
                                    "Actual Rows": 1,
                                    "Actual Loops": 1
                                },
                                {
                                    "Worker Number": 3,
                                    "Actual Startup Time": 598.061,
                                    "Actual Total Time": 598.062,
                                    "Actual Rows": 1,
                                    "Actual Loops": 1
                                },
                                {
                                    "Worker Number": 4,
                                    "Actual Startup Time": 598.138,
                                    "Actual Total Time": 598.139,
                                    "Actual Rows": 1,
                                    "Actual Loops": 1
                                },
                                {
                                    "Worker Number": 5,
                                    "Actual Startup Time": 598.591,
                                    "Actual Total Time": 598.592,
                                    "Actual Rows": 1,
                                    "Actual Loops": 1
                                }
                            ],
                            "Plans": [
                                {
                                    "Node Type": "Seq Scan",
                                    "Parent Relationship": "Outer",
                                    "Parallel Aware": true,
                                    "Relation Name": "cast_info",
                                    "Schema": "public",
                                    "Alias": "ci",
                                    "Startup Cost": 0.0,
                                    "Total Cost": 343318.94,
                                    "Plan Rows": 660248,
                                    "Plan Width": 0,
                                    "Actual Startup Time": 218.35,
                                    "Actual Total Time": 586.788,
                                    "Actual Rows": 252538,
                                    "Actual Loops": 7,
                                    "Output": [
                                        "id",
                                        "person_id",
                                        "movie_id",
                                        "person_role_id",
                                        "note",
                                        "nr_order",
                                        "role_id"
                                    ],
                                    "Filter": "((ci.person_id < 609969) AND (ci.role_id > 1))",
                                    "Rows Removed by Filter": 4925225,
                                    "Workers": [
                                        {
                                            "Worker Number": 0,
                                            "Actual Startup Time": 219.047,
                                            "Actual Total Time": 584.869,
                                            "Actual Rows": 179084,
                                            "Actual Loops": 1
                                        },
                                        {
                                            "Worker Number": 1,
                                            "Actual Startup Time": 217.799,
                                            "Actual Total Time": 584.984,
                                            "Actual Rows": 184263,
                                            "Actual Loops": 1
                                        },
                                        {
                                            "Worker Number": 2,
                                            "Actual Startup Time": 216.357,
                                            "Actual Total Time": 585.117,
                                            "Actual Rows": 182640,
                                            "Actual Loops": 1
                                        },
                                        {
                                            "Worker Number": 3,
                                            "Actual Startup Time": 216.22,
                                            "Actual Total Time": 586.278,
                                            "Actual Rows": 279786,
                                            "Actual Loops": 1
                                        },
                                        {
                                            "Worker Number": 4,
                                            "Actual Startup Time": 215.551,
                                            "Actual Total Time": 586.068,
                                            "Actual Rows": 286556,
                                            "Actual Loops": 1
                                        },
                                        {
                                            "Worker Number": 5,
                                            "Actual Startup Time": 215.834,
                                            "Actual Total Time": 586.796,
                                            "Actual Rows": 280986,
                                            "Actual Loops": 1
                                        }
                                    ]
                                }
                            ]
                        }
                    ]
                }
            ]
        },
        "Planning Time": 1427.125,
        "Triggers": [],
        "Execution Time": 638.703
    }
]