[
  {
    "Plan": {
      "Node Type": "Aggregate",
      "Strategy": "Plain",
      "Partial Mode": "Finalize",
      "Parallel Aware": false,
      "Startup Cost": 47148.98,
      "Total Cost": 47148.99,
      "Plan Rows": 1,
      "Plan Width": 8,
      "Actual Startup Time": 181.716,
      "Actual Total Time": 189.474,
      "Actual Rows": 1,
      "Actual Loops": 1,
      "Plans": [
        {
          "Node Type": "Gather",
          "Parent Relationship": "Outer",
          "Parallel Aware": false,
          "Startup Cost": 47148.67,
          "Total Cost": 47148.98,
          "Plan Rows": 3,
          "Plan Width": 8,
          "Actual Startup Time": 181.568,
          "Actual Total Time": 189.465,
          "Actual Rows": 4,
          "Actual Loops": 1,
          "Workers Planned": 3,
          "Workers Launched": 3,
          "Single Copy": false,
          "Plans": [
            {
              "Node Type": "Aggregate",
              "Strategy": "Plain",
              "Partial Mode": "Partial",
              "Parent Relationship": "Outer",
              "Parallel Aware": false,
              "Startup Cost": 46148.67,
              "Total Cost": 46148.68,
              "Plan Rows": 1,
              "Plan Width": 8,
              "Actual Startup Time": 175.468,
              "Actual Total Time": 175.469,
              "Actual Rows": 1,
              "Actual Loops": 4,
              "Plans": [
                {
                  "Node Type": "Seq Scan",
                  "Parent Relationship": "Outer",
                  "Parallel Aware": true,
                  "Relation Name": "movie_keyword",
                  "Alias": "mk",
                  "Startup Cost": 0.0,
                  "Total Cost": 42695.65,
                  "Plan Rows": 1381205,
                  "Plan Width": 0,
                  "Actual Startup Time": 0.043,
                  "Actual Total Time": 126.388,
                  "Actual Rows": 1073098,
                  "Actual Loops": 4,
                  "Filter": "(keyword_id < 63089)",
                  "Rows Removed by Filter": 57884
                }
              ]
            }
          ]
        }
      ]
    },
    "Planning Time": 0.179,
    "Triggers": [],
    "Execution Time": 189.526
  }
]