[
  {
    "Plan": {
      "Node Type": "Aggregate",
      "Strategy": "Plain",
      "Partial Mode": "Finalize",
      "Parallel Aware": false,
      "Startup Cost": 342600.59,
      "Total Cost": 342600.6,
      "Plan Rows": 1,
      "Plan Width": 8,
      "Actual Startup Time": 906.462,
      "Actual Total Time": 968.365,
      "Actual Rows": 1,
      "Actual Loops": 1,
      "Plans": [
        {
          "Node Type": "Gather",
          "Parent Relationship": "Outer",
          "Parallel Aware": false,
          "Startup Cost": 342599.97,
          "Total Cost": 342600.58,
          "Plan Rows": 6,
          "Plan Width": 8,
          "Actual Startup Time": 906.337,
          "Actual Total Time": 968.355,
          "Actual Rows": 7,
          "Actual Loops": 1,
          "Workers Planned": 6,
          "Workers Launched": 6,
          "Single Copy": false,
          "Plans": [
            {
              "Node Type": "Aggregate",
              "Strategy": "Plain",
              "Partial Mode": "Partial",
              "Parent Relationship": "Outer",
              "Parallel Aware": false,
              "Startup Cost": 341599.97,
              "Total Cost": 341599.98,
              "Plan Rows": 1,
              "Plan Width": 8,
              "Actual Startup Time": 898.305,
              "Actual Total Time": 898.306,
              "Actual Rows": 1,
              "Actual Loops": 7,
              "Plans": [
                {
                  "Node Type": "Seq Scan",
                  "Parent Relationship": "Outer",
                  "Parallel Aware": true,
                  "Relation Name": "cast_info",
                  "Alias": "ci",
                  "Startup Cost": 0.0,
                  "Total Cost": 328162.03,
                  "Plan Rows": 5375176,
                  "Plan Width": 0,
                  "Actual Startup Time": 0.048,
                  "Actual Total Time": 681.877,
                  "Actual Rows": 4639001,
                  "Actual Loops": 7,
                  "Filter": "(person_id < 3372507)",
                  "Rows Removed by Filter": 538763
                }
              ]
            }
          ]
        }
      ]
    },
    "Planning Time": 0.149,
    "Triggers": [],
    "Execution Time": 968.423
  }
]