[
  {
    "Plan": {
      "Node Type": "Aggregate",
      "Strategy": "Plain",
      "Partial Mode": "Finalize",
      "Parallel Aware": false,
      "Startup Cost": 79292.85,
      "Total Cost": 79292.86,
      "Plan Rows": 1,
      "Plan Width": 8,
      "Actual Startup Time": 505.538,
      "Actual Total Time": 521.342,
      "Actual Rows": 1,
      "Actual Loops": 1,
      "Plans": [
        {
          "Node Type": "Gather",
          "Parent Relationship": "Outer",
          "Parallel Aware": false,
          "Startup Cost": 79292.53,
          "Total Cost": 79292.84,
          "Plan Rows": 3,
          "Plan Width": 8,
          "Actual Startup Time": 494.5,
          "Actual Total Time": 521.327,
          "Actual Rows": 4,
          "Actual Loops": 1,
          "Workers Planned": 3,
          "Workers Launched": 3,
          "Single Copy": false,
          "Plans": [
            {
              "Node Type": "Aggregate",
              "Strategy": "Plain",
              "Partial Mode": "Partial",
              "Parent Relationship": "Outer",
              "Parallel Aware": false,
              "Startup Cost": 78292.53,
              "Total Cost": 78292.54,
              "Plan Rows": 1,
              "Plan Width": 8,
              "Actual Startup Time": 476.329,
              "Actual Total Time": 476.333,
              "Actual Rows": 1,
              "Actual Loops": 4,
              "Plans": [
                {
                  "Node Type": "Hash Join",
                  "Parent Relationship": "Outer",
                  "Parallel Aware": true,
                  "Join Type": "Inner",
                  "Startup Cost": 57565.04,
                  "Total Cost": 78152.03,
                  "Plan Rows": 56199,
                  "Plan Width": 0,
                  "Actual Startup Time": 445.719,
                  "Actual Total Time": 475.228,
                  "Actual Rows": 17338,
                  "Actual Loops": 4,
                  "Inner Unique": true,
                  "Hash Cond": "(mc.movie_id = t.id)",
                  "Plans": [
                    {
                      "Node Type": "Bitmap Heap Scan",
                      "Parent Relationship": "Outer",
                      "Parallel Aware": true,
                      "Relation Name": "movie_companies",
                      "Alias": "mc",
                      "Startup Cost": 7344.66,
                      "Total Cost": 27784.13,
                      "Plan Rows": 56199,
                      "Plan Width": 4,
                      "Actual Startup Time": 57.816,
                      "Actual Total Time": 70.991,
                      "Actual Rows": 17338,
                      "Actual Loops": 4,
                      "Recheck Cond": "(company_id < 166)",
                      "Rows Removed by Index Recheck": 0,
                      "Filter": "(company_type_id = 2)",
                      "Rows Removed by Filter": 66276,
                      "Exact Heap Blocks": 6385,
                      "Lossy Heap Blocks": 0,
                      "Plans": [
                        {
                          "Node Type": "Bitmap Index Scan",
                          "Parent Relationship": "Outer",
                          "Parallel Aware": false,
                          "Index Name": "company_id_movie_companies",
                          "Startup Cost": 0.0,
                          "Total Cost": 7301.1,
                          "Plan Rows": 340890,
                          "Plan Width": 0,
                          "Actual Startup Time": 22.183,
                          "Actual Total Time": 22.184,
                          "Actual Rows": 334457,
                          "Actual Loops": 1,
                          "Index Cond": "(company_id < 166)"
                        }
                      ]
                    },
                    {
                      "Node Type": "Hash",
                      "Parent Relationship": "Inner",
                      "Parallel Aware": true,
                      "Startup Cost": 42319.06,
                      "Total Cost": 42319.06,
                      "Plan Rows": 632106,
                      "Plan Width": 4,
                      "Actual Startup Time": 376.459,
                      "Actual Total Time": 376.46,
                      "Actual Rows": 632078,
                      "Actual Loops": 4,
                      "Hash Buckets": 4194304,
                      "Original Hash Buckets": 4194304,
                      "Hash Batches": 1,
                      "Original Hash Batches": 1,
                      "Peak Memory Usage": 131744,
                      "Plans": [
                        {
                          "Node Type": "Seq Scan",
                          "Parent Relationship": "Outer",
                          "Parallel Aware": true,
                          "Relation Name": "title",
                          "Alias": "t",
                          "Startup Cost": 0.0,
                          "Total Cost": 42319.06,
                          "Plan Rows": 632106,
                          "Plan Width": 4,
                          "Actual Startup Time": 0.038,
                          "Actual Total Time": 114.938,
                          "Actual Rows": 632078,
                          "Actual Loops": 4
                        }
                      ]
                    }
                  ]
                }
              ]
            }
          ]
        }
      ]
    },
    "Planning Time": 0.59,
    "Triggers": [],
    "Execution Time": 521.425
  }
]