[
  {
    "Plan": {
      "Node Type": "Aggregate",
      "Strategy": "Plain",
      "Partial Mode": "Finalize",
      "Parallel Aware": false,
      "Startup Cost": 75164.94,
      "Total Cost": 75164.95,
      "Plan Rows": 1,
      "Plan Width": 8,
      "Actual Startup Time": 227.534,
      "Actual Total Time": 242.515,
      "Actual Rows": 1,
      "Actual Loops": 1,
      "Plans": [
        {
          "Node Type": "Gather",
          "Parent Relationship": "Outer",
          "Parallel Aware": false,
          "Startup Cost": 75164.52,
          "Total Cost": 75164.93,
          "Plan Rows": 4,
          "Plan Width": 8,
          "Actual Startup Time": 226.679,
          "Actual Total Time": 242.505,
          "Actual Rows": 5,
          "Actual Loops": 1,
          "Workers Planned": 4,
          "Workers Launched": 4,
          "Single Copy": false,
          "Plans": [
            {
              "Node Type": "Aggregate",
              "Strategy": "Plain",
              "Partial Mode": "Partial",
              "Parent Relationship": "Outer",
              "Parallel Aware": false,
              "Startup Cost": 74164.52,
              "Total Cost": 74164.53,
              "Plan Rows": 1,
              "Plan Width": 8,
              "Actual Startup Time": 217.939,
              "Actual Total Time": 217.943,
              "Actual Rows": 1,
              "Actual Loops": 5,
              "Plans": [
                {
                  "Node Type": "Hash Join",
                  "Parent Relationship": "Outer",
                  "Parallel Aware": true,
                  "Join Type": "Inner",
                  "Startup Cost": 28438.82,
                  "Total Cost": 74056.85,
                  "Plan Rows": 43070,
                  "Plan Width": 0,
                  "Actual Startup Time": 86.209,
                  "Actual Total Time": 216.984,
                  "Actual Rows": 13870,
                  "Actual Loops": 5,
                  "Inner Unique": false,
                  "Hash Cond": "(t.id = mc.movie_id)",
                  "Plans": [
                    {
                      "Node Type": "Seq Scan",
                      "Parent Relationship": "Outer",
                      "Parallel Aware": true,
                      "Relation Name": "title",
                      "Alias": "t",
                      "Startup Cost": 0.0,
                      "Total Cost": 42318.73,
                      "Plan Rows": 632073,
                      "Plan Width": 4,
                      "Actual Startup Time": 0.012,
                      "Actual Total Time": 67.925,
                      "Actual Rows": 505662,
                      "Actual Loops": 5
                    },
                    {
                      "Node Type": "Hash",
                      "Parent Relationship": "Inner",
                      "Parallel Aware": true,
                      "Startup Cost": 27744.15,
                      "Total Cost": 27744.15,
                      "Plan Rows": 55574,
                      "Plan Width": 4,
                      "Actual Startup Time": 84.351,
                      "Actual Total Time": 84.353,
                      "Actual Rows": 13870,
                      "Actual Loops": 5,
                      "Hash Buckets": 262144,
                      "Original Hash Buckets": 262144,
                      "Hash Batches": 1,
                      "Original Hash Batches": 1,
                      "Peak Memory Usage": 4832,
                      "Plans": [
                        {
                          "Node Type": "Bitmap Heap Scan",
                          "Parent Relationship": "Outer",
                          "Parallel Aware": true,
                          "Relation Name": "movie_companies",
                          "Alias": "mc",
                          "Startup Cost": 7312.32,
                          "Total Cost": 27744.15,
                          "Plan Rows": 55574,
                          "Plan Width": 4,
                          "Actual Startup Time": 66.941,
                          "Actual Total Time": 79.551,
                          "Actual Rows": 13870,
                          "Actual Loops": 5,
                          "Recheck Cond": "(company_id < 166)",
                          "Rows Removed by Index Recheck": 0,
                          "Filter": "(company_type_id = 2)",
                          "Rows Removed by Filter": 53021,
                          "Exact Heap Blocks": 8407,
                          "Lossy Heap Blocks": 0,
                          "Plans": [
                            {
                              "Node Type": "Bitmap Index Scan",
                              "Parent Relationship": "Outer",
                              "Parallel Aware": false,
                              "Index Name": "company_id_movie_companies",
                              "Startup Cost": 0.0,
                              "Total Cost": 7269.26,
                              "Plan Rows": 339310,
                              "Plan Width": 0,
                              "Actual Startup Time": 29.378,
                              "Actual Total Time": 29.378,
                              "Actual Rows": 334457,
                              "Actual Loops": 1,
                              "Index Cond": "(company_id < 166)"
                            }
                          ]
                        }
                      ]
                    }
                  ]
                }
              ]
            }
          ]
        }
      ]
    },
    "Planning Time": 0.648,
    "Triggers": [],
    "Execution Time": 242.609
  }
]