[
  {
    "Plan": {
      "Node Type": "Aggregate",
      "Strategy": "Plain",
      "Partial Mode": "Finalize",
      "Parallel Aware": false,
      "Startup Cost": 31313.9,
      "Total Cost": 31313.91,
      "Plan Rows": 1,
      "Plan Width": 8,
      "Actual Startup Time": 91.604,
      "Actual Total Time": 99.304,
      "Actual Rows": 1,
      "Actual Loops": 1,
      "Plans": [
        {
          "Node Type": "Gather",
          "Parent Relationship": "Outer",
          "Parallel Aware": false,
          "Startup Cost": 31313.58,
          "Total Cost": 31313.89,
          "Plan Rows": 3,
          "Plan Width": 8,
          "Actual Startup Time": 91.512,
          "Actual Total Time": 99.298,
          "Actual Rows": 4,
          "Actual Loops": 1,
          "Workers Planned": 3,
          "Workers Launched": 3,
          "Single Copy": false,
          "Plans": [
            {
              "Node Type": "Aggregate",
              "Strategy": "Plain",
              "Partial Mode": "Partial",
              "Parent Relationship": "Outer",
              "Parallel Aware": false,
              "Startup Cost": 30313.58,
              "Total Cost": 30313.59,
              "Plan Rows": 1,
              "Plan Width": 8,
              "Actual Startup Time": 85.073,
              "Actual Total Time": 85.074,
              "Actual Rows": 1,
              "Actual Loops": 4,
              "Plans": [
                {
                  "Node Type": "Seq Scan",
                  "Parent Relationship": "Outer",
                  "Parallel Aware": true,
                  "Relation Name": "movie_companies",
                  "Alias": "mc",
                  "Startup Cost": 0.0,
                  "Total Cost": 29310.68,
                  "Plan Rows": 401159,
                  "Plan Width": 0,
                  "Actual Startup Time": 11.813,
                  "Actual Total Time": 71.463,
                  "Actual Rows": 308609,
                  "Actual Loops": 4,
                  "Filter": "(company_id > 11852)",
                  "Rows Removed by Filter": 343673
                }
              ]
            }
          ]
        }
      ]
    },
    "Planning Time": 0.087,
    "Triggers": [],
    "Execution Time": 99.331
  }
]