[
  {
    "Plan": {
      "Node Type": "Aggregate",
      "Strategy": "Plain",
      "Partial Mode": "Finalize",
      "Parallel Aware": false,
      "Startup Cost": 97280.05,
      "Total Cost": 97280.06,
      "Plan Rows": 1,
      "Plan Width": 8,
      "Actual Startup Time": 456.506,
      "Actual Total Time": 474.918,
      "Actual Rows": 1,
      "Actual Loops": 1,
      "Plans": [
        {
          "Node Type": "Gather",
          "Parent Relationship": "Outer",
          "Parallel Aware": false,
          "Startup Cost": 97279.84,
          "Total Cost": 97280.05,
          "Plan Rows": 2,
          "Plan Width": 8,
          "Actual Startup Time": 452.577,
          "Actual Total Time": 474.906,
          "Actual Rows": 3,
          "Actual Loops": 1,
          "Workers Planned": 2,
          "Workers Launched": 2,
          "Single Copy": false,
          "Plans": [
            {
              "Node Type": "Aggregate",
              "Strategy": "Plain",
              "Partial Mode": "Partial",
              "Parent Relationship": "Outer",
              "Parallel Aware": false,
              "Startup Cost": 96279.84,
              "Total Cost": 96279.85,
              "Plan Rows": 1,
              "Plan Width": 8,
              "Actual Startup Time": 445.673,
              "Actual Total Time": 445.948,
              "Actual Rows": 1,
              "Actual Loops": 3,
              "Plans": [
                {
                  "Node Type": "Hash Join",
                  "Parent Relationship": "Outer",
                  "Parallel Aware": true,
                  "Join Type": "Inner",
                  "Startup Cost": 80238.79,
                  "Total Cost": 96192.69,
                  "Plan Rows": 34859,
                  "Plan Width": 0,
                  "Actual Startup Time": 382.512,
                  "Actual Total Time": 442.261,
                  "Actual Rows": 76776,
                  "Actual Loops": 3,
                  "Inner Unique": false,
                  "Hash Cond": "(mi_idx.movie_id = t.id)",
                  "Plans": [
                    {
                      "Node Type": "Seq Scan",
                      "Parent Relationship": "Outer",
                      "Parallel Aware": true,
                      "Relation Name": "movie_info_idx",
                      "Alias": "mi_idx",
                      "Startup Cost": 0.0,
                      "Total Cost": 13685.15,
                      "Plan Rows": 575015,
                      "Plan Width": 4,
                      "Actual Startup Time": 0.016,
                      "Actual Total Time": 41.166,
                      "Actual Rows": 460012,
                      "Actual Loops": 3
                    },
                    {
                      "Node Type": "Hash",
                      "Parent Relationship": "Inner",
                      "Parallel Aware": true,
                      "Startup Cost": 79620.72,
                      "Total Cost": 79620.72,
                      "Plan Rows": 49445,
                      "Plan Width": 8,
                      "Actual Startup Time": 342.623,
                      "Actual Total Time": 342.896,
                      "Actual Rows": 46054,
                      "Actual Loops": 3,
                      "Hash Buckets": 262144,
                      "Original Hash Buckets": 262144,
                      "Hash Batches": 1,
                      "Original Hash Batches": 1,
                      "Peak Memory Usage": 7520,
                      "Plans": [
                        {
                          "Node Type": "Hash Join",
                          "Parent Relationship": "Outer",
                          "Parallel Aware": true,
                          "Join Type": "Inner",
                          "Startup Cost": 47755.25,
                          "Total Cost": 79620.72,
                          "Plan Rows": 49445,
                          "Plan Width": 8,
                          "Actual Startup Time": 227.641,
                          "Actual Total Time": 326.478,
                          "Actual Rows": 46054,
                          "Actual Loops": 3,
                          "Inner Unique": true,
                          "Hash Cond": "(mc.movie_id = t.id)",
                          "Plans": [
                            {
                              "Node Type": "Seq Scan",
                              "Parent Relationship": "Outer",
                              "Parallel Aware": true,
                              "Relation Name": "movie_companies",
                              "Alias": "mc",
                              "Startup Cost": 0.0,
                              "Total Cost": 31414.82,
                              "Plan Rows": 171679,
                              "Plan Width": 4,
                              "Actual Startup Time": 12.646,
                              "Actual Total Time": 82.871,
                              "Actual Rows": 79529,
                              "Actual Loops": 3,
                              "Filter": "((company_id > 14321) AND (company_type_id < 2))",
                              "Rows Removed by Filter": 790181
                            },
                            {
                              "Node Type": "Hash",
                              "Parent Relationship": "Inner",
                              "Parallel Aware": true,
                              "Startup Cost": 45479.59,
                              "Total Cost": 45479.59,
                              "Plan Rows": 182053,
                              "Plan Width": 4,
                              "Actual Startup Time": 209.725,
                              "Actual Total Time": 209.727,
                              "Actual Rows": 209378,
                              "Actual Loops": 3,
                              "Hash Buckets": 1048576,
                              "Original Hash Buckets": 1048576,
                              "Hash Batches": 1,
                              "Original Hash Batches": 1,
                              "Peak Memory Usage": 32832,
                              "Plans": [
                                {
                                  "Node Type": "Seq Scan",
                                  "Parent Relationship": "Outer",
                                  "Parallel Aware": true,
                                  "Relation Name": "title",
                                  "Alias": "t",
                                  "Startup Cost": 0.0,
                                  "Total Cost": 45479.59,
                                  "Plan Rows": 182053,
                                  "Plan Width": 4,
                                  "Actual Startup Time": 0.054,
                                  "Actual Total Time": 130.457,
                                  "Actual Rows": 209378,
                                  "Actual Loops": 3,
                                  "Filter": "((kind_id < 7) AND (production_year > 1985))",
                                  "Rows Removed by Filter": 633393
                                }
                              ]
                            }
                          ]
                        }
                      ]
                    }
                  ]
                }
              ]
            }
          ]
        }
      ]
    },
    "Planning Time": 1.197,
    "Triggers": [],
    "Execution Time": 474.991
  }
]