[
  {
    "Plan": {
      "Node Type": "Aggregate",
      "Strategy": "Plain",
      "Partial Mode": "Finalize",
      "Parallel Aware": false,
      "Startup Cost": 404123.84,
      "Total Cost": 404123.85,
      "Plan Rows": 1,
      "Plan Width": 8,
      "Actual Startup Time": 1963.117,
      "Actual Total Time": 2021.251,
      "Actual Rows": 1,
      "Actual Loops": 1,
      "Plans": [
        {
          "Node Type": "Gather",
          "Parent Relationship": "Outer",
          "Parallel Aware": false,
          "Startup Cost": 404123.22,
          "Total Cost": 404123.83,
          "Plan Rows": 6,
          "Plan Width": 8,
          "Actual Startup Time": 1956.832,
          "Actual Total Time": 2021.237,
          "Actual Rows": 7,
          "Actual Loops": 1,
          "Workers Planned": 6,
          "Workers Launched": 6,
          "Single Copy": false,
          "Plans": [
            {
              "Node Type": "Aggregate",
              "Strategy": "Plain",
              "Partial Mode": "Partial",
              "Parent Relationship": "Outer",
              "Parallel Aware": false,
              "Startup Cost": 403123.22,
              "Total Cost": 403123.23,
              "Plan Rows": 1,
              "Plan Width": 8,
              "Actual Startup Time": 1941.673,
              "Actual Total Time": 1941.677,
              "Actual Rows": 1,
              "Actual Loops": 7,
              "Plans": [
                {
                  "Node Type": "Hash Join",
                  "Parent Relationship": "Outer",
                  "Parallel Aware": true,
                  "Join Type": "Inner",
                  "Startup Cost": 48704.74,
                  "Total Cost": 399029.13,
                  "Plan Rows": 1637636,
                  "Plan Width": 0,
                  "Actual Startup Time": 203.663,
                  "Actual Total Time": 1864.068,
                  "Actual Rows": 1518319,
                  "Actual Loops": 7,
                  "Inner Unique": true,
                  "Hash Cond": "(ci.movie_id = t.id)",
                  "Plans": [
                    {
                      "Node Type": "Seq Scan",
                      "Parent Relationship": "Outer",
                      "Parallel Aware": true,
                      "Relation Name": "cast_info",
                      "Alias": "ci",
                      "Startup Cost": 0.0,
                      "Total Cost": 343257.03,
                      "Plan Rows": 2692323,
                      "Plan Width": 4,
                      "Actual Startup Time": 0.027,
                      "Actual Total Time": 725.43,
                      "Actual Rows": 2540752,
                      "Actual Loops": 7,
                      "Filter": "((person_id < 1849242) AND (role_id < 10))",
                      "Rows Removed by Filter": 2637011
                    },
                    {
                      "Node Type": "Hash",
                      "Parent Relationship": "Inner",
                      "Parallel Aware": true,
                      "Startup Cost": 43898.92,
                      "Total Cost": 43898.92,
                      "Plan Rows": 384466,
                      "Plan Width": 4,
                      "Actual Startup Time": 198.624,
                      "Actual Total Time": 198.625,
                      "Actual Rows": 218802,
                      "Actual Loops": 7,
                      "Hash Buckets": 2097152,
                      "Original Hash Buckets": 2097152,
                      "Hash Batches": 1,
                      "Original Hash Batches": 1,
                      "Peak Memory Usage": 76448,
                      "Plans": [
                        {
                          "Node Type": "Seq Scan",
                          "Parent Relationship": "Outer",
                          "Parallel Aware": true,
                          "Relation Name": "title",
                          "Alias": "t",
                          "Startup Cost": 0.0,
                          "Total Cost": 43898.92,
                          "Plan Rows": 384466,
                          "Plan Width": 4,
                          "Actual Startup Time": 0.038,
                          "Actual Total Time": 85.001,
                          "Actual Rows": 218802,
                          "Actual Loops": 7,
                          "Filter": "(production_year > 1997)",
                          "Rows Removed by Filter": 142386
                        }
                      ]
                    }
                  ]
                }
              ]
            }
          ]
        }
      ]
    },
    "Planning Time": 0.617,
    "Triggers": [],
    "Execution Time": 2021.335
  }
]