[
  {
    "Plan": {
      "Node Type": "Aggregate",
      "Strategy": "Plain",
      "Partial Mode": "Finalize",
      "Parallel Aware": false,
      "Startup Cost": 334945.64,
      "Total Cost": 334945.65,
      "Plan Rows": 1,
      "Plan Width": 8,
      "Actual Startup Time": 648.236,
      "Actual Total Time": 705.988,
      "Actual Rows": 1,
      "Actual Loops": 1,
      "Plans": [
        {
          "Node Type": "Gather",
          "Parent Relationship": "Outer",
          "Parallel Aware": false,
          "Startup Cost": 334945.02,
          "Total Cost": 334945.63,
          "Plan Rows": 6,
          "Plan Width": 8,
          "Actual Startup Time": 648.111,
          "Actual Total Time": 705.978,
          "Actual Rows": 7,
          "Actual Loops": 1,
          "Workers Planned": 6,
          "Workers Launched": 6,
          "Single Copy": false,
          "Plans": [
            {
              "Node Type": "Aggregate",
              "Strategy": "Plain",
              "Partial Mode": "Partial",
              "Parent Relationship": "Outer",
              "Parallel Aware": false,
              "Startup Cost": 333945.02,
              "Total Cost": 333945.03,
              "Plan Rows": 1,
              "Plan Width": 8,
              "Actual Startup Time": 639.501,
              "Actual Total Time": 639.502,
              "Actual Rows": 1,
              "Actual Loops": 7,
              "Plans": [
                {
                  "Node Type": "Seq Scan",
                  "Parent Relationship": "Outer",
                  "Parallel Aware": true,
                  "Relation Name": "cast_info",
                  "Alias": "ci",
                  "Startup Cost": 0.0,
                  "Total Cost": 328162.03,
                  "Plan Rows": 2313197,
                  "Plan Width": 0,
                  "Actual Startup Time": 238.845,
                  "Actual Total Time": 557.881,
                  "Actual Rows": 1978474,
                  "Actual Loops": 7,
                  "Filter": "(person_id > 2283049)",
                  "Rows Removed by Filter": 3199290
                }
              ]
            }
          ]
        }
      ]
    },
    "Planning Time": 0.193,
    "Triggers": [],
    "Execution Time": 706.108
  }
]