[
  {
    "Plan": {
      "Node Type": "Aggregate",
      "Strategy": "Plain",
      "Partial Mode": "Simple",
      "Parallel Aware": false,
      "Startup Cost": 27046.79,
      "Total Cost": 27046.8,
      "Plan Rows": 1,
      "Plan Width": 8,
      "Actual Startup Time": 61.76,
      "Actual Total Time": 61.762,
      "Actual Rows": 1,
      "Actual Loops": 1,
      "Plans": [
        {
          "Node Type": "Bitmap Heap Scan",
          "Parent Relationship": "Outer",
          "Parallel Aware": false,
          "Relation Name": "movie_keyword",
          "Alias": "mk",
          "Startup Cost": 1519.15,
          "Total Cost": 26867.85,
          "Plan Rows": 71576,
          "Plan Width": 0,
          "Actual Startup Time": 18.318,
          "Actual Total Time": 58.075,
          "Actual Rows": 72592,
          "Actual Loops": 1,
          "Recheck Cond": "(keyword_id < 66)",
          "Rows Removed by Index Recheck": 0,
          "Exact Heap Blocks": 19078,
          "Lossy Heap Blocks": 0,
          "Plans": [
            {
              "Node Type": "Bitmap Index Scan",
              "Parent Relationship": "Outer",
              "Parallel Aware": false,
              "Index Name": "keyword_id_movie_keyword",
              "Startup Cost": 0.0,
              "Total Cost": 1501.25,
              "Plan Rows": 71576,
              "Plan Width": 0,
              "Actual Startup Time": 12.123,
              "Actual Total Time": 12.124,
              "Actual Rows": 72592,
              "Actual Loops": 1,
              "Index Cond": "(keyword_id < 66)"
            }
          ]
        }
      ]
    },
    "Planning Time": 0.259,
    "Triggers": [],
    "Execution Time": 61.822
  }
]