{
  "Plan": {
    "Node Type": "Aggregate",
    "Strategy": "Plain",
    "Partial Mode": "Finalize",
    "Parallel Aware": false,
    "Startup Cost": 105134.48,
    "Total Cost": 105134.49,
    "Plan Rows": 1,
    "Plan Width": 8,
    "Actual Startup Time": 352.922,
    "Actual Total Time": 371.568,
    "Actual Rows": 1,
    "Actual Loops": 1,
    "Plans": [
      {
        "Node Type": "Gather",
        "Parent Relationship": "Outer",
        "Parallel Aware": false,
        "Startup Cost": 105134.37,
        "Total Cost": 105134.48,
        "Plan Rows": 1,
        "Plan Width": 8,
        "Actual Startup Time": 352.203,
        "Actual Total Time": 371.558,
        "Actual Rows": 2,
        "Actual Loops": 1,
        "Workers Planned": 1,
        "Workers Launched": 1,
        "Single Copy": false,
        "Plans": [
          {
            "Node Type": "Aggregate",
            "Strategy": "Plain",
            "Partial Mode": "Partial",
            "Parent Relationship": "Outer",
            "Parallel Aware": false,
            "Startup Cost": 104134.37,
            "Total Cost": 104134.38,
            "Plan Rows": 1,
            "Plan Width": 8,
            "Actual Startup Time": 346.123,
            "Actual Total Time": 346.126,
            "Actual Rows": 1,
            "Actual Loops": 2,
            "Plans": [
              {
                "Node Type": "Hash Join",
                "Parent Relationship": "Outer",
                "Parallel Aware": true,
                "Join Type": "Inner",
                "Startup Cost": 72563.33,
                "Total Cost": 104060.25,
                "Plan Rows": 29646,
                "Plan Width": 0,
                "Actual Startup Time": 216.727,
                "Actual Total Time": 345.413,
                "Actual Rows": 11330,
                "Actual Loops": 2,
                "Inner Unique": true,
                "Hash Cond": "(mk.movie_id = t.id)",
                "Plans": [
                  {
                    "Node Type": "Bitmap Heap Scan",
                    "Parent Relationship": "Outer",
                    "Parallel Aware": true,
                    "Relation Name": "movie_keyword",
                    "Alias": "mk",
                    "Startup Cost": 16791.35,
                    "Total Cost": 47065.95,
                    "Plan Rows": 465648,
                    "Plan Width": 4,
                    "Actual Startup Time": 55.453,
                    "Actual Total Time": 138.908,
                    "Actual Rows": 392485,
                    "Actual Loops": 2,
                    "Recheck Cond": "(keyword_id > 24007)",
                    "Rows Removed by Index Recheck": 0,
                    "Exact Heap Blocks": 11791,
                    "Lossy Heap Blocks": 0,
                    "Plans": [
                      {
                        "Node Type": "Bitmap Index Scan",
                        "Parent Relationship": "Outer",
                        "Parallel Aware": false,
                        "Index Name": "keyword_id_movie_keyword",
                        "Startup Cost": 0.0,
                        "Total Cost": 16593.45,
                        "Plan Rows": 791602,
                        "Plan Width": 0,
                        "Actual Startup Time": 51.858,
                        "Actual Total Time": 51.859,
                        "Actual Rows": 784970,
                        "Actual Loops": 1,
                        "Index Cond": "(keyword_id > 24007)"
                      }
                    ]
                  },
                  {
                    "Node Type": "Hash",
                    "Parent Relationship": "Inner",
                    "Parallel Aware": true,
                    "Startup Cost": 54588.39,
                    "Total Cost": 54588.39,
                    "Plan Rows": 94687,
                    "Plan Width": 4,
                    "Actual Startup Time": 157.309,
                    "Actual Total Time": 157.31,
                    "Actual Rows": 82154,
                    "Actual Loops": 2,
                    "Hash Buckets": 262144,
                    "Original Hash Buckets": 262144,
                    "Hash Batches": 1,
                    "Original Hash Batches": 1,
                    "Peak Memory Usage": 8512,
                    "Plans": [
                      {
                        "Node Type": "Seq Scan",
                        "Parent Relationship": "Outer",
                        "Parallel Aware": true,
                        "Relation Name": "title",
                        "Alias": "t",
                        "Startup Cost": 0.0,
                        "Total Cost": 54588.39,
                        "Plan Rows": 94687,
                        "Plan Width": 4,
                        "Actual Startup Time": 0.024,
                        "Actual Total Time": 136.338,
                        "Actual Rows": 82154,
                        "Actual Loops": 2,
                        "Filter": "(production_year = 2012)",
                        "Rows Removed by Filter": 1182002
                      }
                    ]
                  }
                ]
              }
            ]
          }
        ]
      }
    ]
  },
  "Planning Time": 0.418,
  "Triggers": [],
  "Execution Time": 371.658
}