[
  {
    "Plan": {
      "Node Type": "Aggregate",
      "Strategy": "Plain",
      "Partial Mode": "Simple",
      "Parallel Aware": false,
      "Startup Cost": 2538.71,
      "Total Cost": 2538.72,
      "Plan Rows": 1,
      "Plan Width": 8,
      "Actual Startup Time": 22.327,
      "Actual Total Time": 22.33,
      "Actual Rows": 1,
      "Actual Loops": 1,
      "Plans": [
        {
          "Node Type": "Nested Loop",
          "Parent Relationship": "Outer",
          "Parallel Aware": false,
          "Join Type": "Inner",
          "Startup Cost": 1.42,
          "Total Cost": 2538.62,
          "Plan Rows": 37,
          "Plan Width": 0,
          "Actual Startup Time": 12.893,
          "Actual Total Time": 22.315,
          "Actual Rows": 21,
          "Actual Loops": 1,
          "Inner Unique": false,
          "Plans": [
            {
              "Node Type": "Nested Loop",
              "Parent Relationship": "Outer",
              "Parallel Aware": false,
              "Join Type": "Inner",
              "Startup Cost": 0.99,
              "Total Cost": 2500.62,
              "Plan Rows": 67,
              "Plan Width": 8,
              "Actual Startup Time": 12.829,
              "Actual Total Time": 22.02,
              "Actual Rows": 15,
              "Actual Loops": 1,
              "Inner Unique": true,
              "Plans": [
                {
                  "Node Type": "Index Scan",
                  "Parent Relationship": "Outer",
                  "Parallel Aware": false,
                  "Scan Direction": "Forward",
                  "Index Name": "person_id_cast_info",
                  "Relation Name": "cast_info",
                  "Alias": "ci",
                  "Startup Cost": 0.56,
                  "Total Cost": 1059.67,
                  "Plan Rows": 171,
                  "Plan Width": 4,
                  "Actual Startup Time": 12.789,
                  "Actual Total Time": 14.08,
                  "Actual Rows": 1165,
                  "Actual Loops": 1,
                  "Index Cond": "(person_id = 1141639)",
                  "Rows Removed by Index Recheck": 0,
                  "Filter": "(role_id < 2)",
                  "Rows Removed by Filter": 1
                },
                {
                  "Node Type": "Index Scan",
                  "Parent Relationship": "Inner",
                  "Parallel Aware": false,
                  "Scan Direction": "Forward",
                  "Index Name": "title_pkey",
                  "Relation Name": "title",
                  "Alias": "t",
                  "Startup Cost": 0.43,
                  "Total Cost": 8.43,
                  "Plan Rows": 1,
                  "Plan Width": 4,
                  "Actual Startup Time": 0.006,
                  "Actual Total Time": 0.006,
                  "Actual Rows": 0,
                  "Actual Loops": 1165,
                  "Index Cond": "(id = ci.movie_id)",
                  "Rows Removed by Index Recheck": 0,
                  "Filter": "(kind_id < 7)",
                  "Rows Removed by Filter": 1
                }
              ]
            },
            {
              "Node Type": "Index Only Scan",
              "Parent Relationship": "Inner",
              "Parallel Aware": false,
              "Scan Direction": "Forward",
              "Index Name": "movie_id_movie_info_idx",
              "Relation Name": "movie_info_idx",
              "Alias": "mi_idx",
              "Startup Cost": 0.43,
              "Total Cost": 0.54,
              "Plan Rows": 3,
              "Plan Width": 4,
              "Actual Startup Time": 0.017,
              "Actual Total Time": 0.018,
              "Actual Rows": 1,
              "Actual Loops": 15,
              "Index Cond": "(movie_id = t.id)",
              "Rows Removed by Index Recheck": 0,
              "Heap Fetches": 21
            }
          ]
        }
      ]
    },
    "Planning Time": 1.329,
    "Triggers": [],
    "Execution Time": 22.407
  }
]