[
  {
    "Plan": {
      "Node Type": "Aggregate",
      "Strategy": "Plain",
      "Partial Mode": "Finalize",
      "Parallel Aware": false,
      "Startup Cost": 88040.43,
      "Total Cost": 88040.44,
      "Plan Rows": 1,
      "Plan Width": 8,
      "Actual Startup Time": 344.311,
      "Actual Total Time": 365.084,
      "Actual Rows": 1,
      "Actual Loops": 1,
      "Plans": [
        {
          "Node Type": "Gather",
          "Parent Relationship": "Outer",
          "Parallel Aware": false,
          "Startup Cost": 88040.11,
          "Total Cost": 88040.42,
          "Plan Rows": 3,
          "Plan Width": 8,
          "Actual Startup Time": 343.832,
          "Actual Total Time": 365.072,
          "Actual Rows": 4,
          "Actual Loops": 1,
          "Workers Planned": 3,
          "Workers Launched": 3,
          "Single Copy": false,
          "Plans": [
            {
              "Node Type": "Aggregate",
              "Strategy": "Plain",
              "Partial Mode": "Partial",
              "Parent Relationship": "Outer",
              "Parallel Aware": false,
              "Startup Cost": 87040.11,
              "Total Cost": 87040.12,
              "Plan Rows": 1,
              "Plan Width": 8,
              "Actual Startup Time": 336.391,
              "Actual Total Time": 336.398,
              "Actual Rows": 1,
              "Actual Loops": 4,
              "Plans": [
                {
                  "Node Type": "Hash Join",
                  "Parent Relationship": "Outer",
                  "Parallel Aware": true,
                  "Join Type": "Inner",
                  "Startup Cost": 44079.05,
                  "Total Cost": 86957.13,
                  "Plan Rows": 33193,
                  "Plan Width": 0,
                  "Actual Startup Time": 155.366,
                  "Actual Total Time": 336.057,
                  "Actual Rows": 4411,
                  "Actual Loops": 4,
                  "Inner Unique": true,
                  "Hash Cond": "(mk.movie_id = t.id)",
                  "Plans": [
                    {
                      "Node Type": "Seq Scan",
                      "Parent Relationship": "Outer",
                      "Parallel Aware": true,
                      "Relation Name": "movie_keyword",
                      "Alias": "mk",
                      "Startup Cost": 0.0,
                      "Total Cost": 39047.32,
                      "Plan Rows": 1459332,
                      "Plan Width": 4,
                      "Actual Startup Time": 0.027,
                      "Actual Total Time": 110.898,
                      "Actual Rows": 1130982,
                      "Actual Loops": 4
                    },
                    {
                      "Node Type": "Hash",
                      "Parent Relationship": "Inner",
                      "Parallel Aware": true,
                      "Startup Cost": 43899.32,
                      "Total Cost": 43899.32,
                      "Plan Rows": 14378,
                      "Plan Width": 4,
                      "Actual Startup Time": 110.477,
                      "Actual Total Time": 110.478,
                      "Actual Rows": 14962,
                      "Actual Loops": 4,
                      "Hash Buckets": 65536,
                      "Original Hash Buckets": 65536,
                      "Hash Batches": 1,
                      "Original Hash Batches": 1,
                      "Peak Memory Usage": 2912,
                      "Plans": [
                        {
                          "Node Type": "Seq Scan",
                          "Parent Relationship": "Outer",
                          "Parallel Aware": true,
                          "Relation Name": "title",
                          "Alias": "t",
                          "Startup Cost": 0.0,
                          "Total Cost": 43899.32,
                          "Plan Rows": 14378,
                          "Plan Width": 4,
                          "Actual Startup Time": 61.666,
                          "Actual Total Time": 104.75,
                          "Actual Rows": 14962,
                          "Actual Loops": 4,
                          "Filter": "(production_year < 1915)",
                          "Rows Removed by Filter": 617116
                        }
                      ]
                    }
                  ]
                }
              ]
            }
          ]
        }
      ]
    },
    "Planning Time": 0.486,
    "Triggers": [],
    "Execution Time": 365.141
  }
]