[
  {
    "Plan": {
      "Node Type": "Aggregate",
      "Strategy": "Plain",
      "Partial Mode": "Finalize",
      "Parallel Aware": false,
      "Startup Cost": 95771.89,
      "Total Cost": 95771.9,
      "Plan Rows": 1,
      "Plan Width": 8,
      "Actual Startup Time": 580.511,
      "Actual Total Time": 600.903,
      "Actual Rows": 1,
      "Actual Loops": 1,
      "Plans": [
        {
          "Node Type": "Gather",
          "Parent Relationship": "Outer",
          "Parallel Aware": false,
          "Startup Cost": 95771.58,
          "Total Cost": 95771.89,
          "Plan Rows": 3,
          "Plan Width": 8,
          "Actual Startup Time": 571.983,
          "Actual Total Time": 600.874,
          "Actual Rows": 4,
          "Actual Loops": 1,
          "Workers Planned": 3,
          "Workers Launched": 3,
          "Single Copy": false,
          "Plans": [
            {
              "Node Type": "Aggregate",
              "Strategy": "Plain",
              "Partial Mode": "Partial",
              "Parent Relationship": "Outer",
              "Parallel Aware": false,
              "Startup Cost": 94771.58,
              "Total Cost": 94771.59,
              "Plan Rows": 1,
              "Plan Width": 8,
              "Actual Startup Time": 562.715,
              "Actual Total Time": 562.871,
              "Actual Rows": 1,
              "Actual Loops": 4,
              "Plans": [
                {
                  "Node Type": "Hash Join",
                  "Parent Relationship": "Outer",
                  "Parallel Aware": true,
                  "Join Type": "Inner",
                  "Startup Cost": 63778.71,
                  "Total Cost": 94535.28,
                  "Plan Rows": 94518,
                  "Plan Width": 0,
                  "Actual Startup Time": 349.022,
                  "Actual Total Time": 540.912,
                  "Actual Rows": 394866,
                  "Actual Loops": 4,
                  "Inner Unique": false,
                  "Hash Cond": "(mc.movie_id = t.id)",
                  "Plans": [
                    {
                      "Node Type": "Seq Scan",
                      "Parent Relationship": "Outer",
                      "Parallel Aware": true,
                      "Relation Name": "movie_companies",
                      "Alias": "mc",
                      "Startup Cost": 0.0,
                      "Total Cost": 27206.55,
                      "Plan Rows": 841655,
                      "Plan Width": 4,
                      "Actual Startup Time": 0.029,
                      "Actual Total Time": 74.786,
                      "Actual Rows": 652282,
                      "Actual Loops": 4
                    },
                    {
                      "Node Type": "Hash",
                      "Parent Relationship": "Inner",
                      "Parallel Aware": true,
                      "Startup Cost": 62299.85,
                      "Total Cost": 62299.85,
                      "Plan Rows": 118309,
                      "Plan Width": 8,
                      "Actual Startup Time": 311.623,
                      "Actual Total Time": 311.776,
                      "Actual Rows": 106602,
                      "Actual Loops": 4,
                      "Hash Buckets": 524288,
                      "Original Hash Buckets": 524288,
                      "Hash Batches": 1,
                      "Original Hash Batches": 1,
                      "Peak Memory Usage": 20832,
                      "Plans": [
                        {
                          "Node Type": "Hash Join",
                          "Parent Relationship": "Outer",
                          "Parallel Aware": true,
                          "Join Type": "Inner",
                          "Startup Cost": 47105.29,
                          "Total Cost": 62299.85,
                          "Plan Rows": 118309,
                          "Plan Width": 8,
                          "Actual Startup Time": 202.695,
                          "Actual Total Time": 278.043,
                          "Actual Rows": 106602,
                          "Actual Loops": 4,
                          "Inner Unique": true,
                          "Hash Cond": "(mi_idx.movie_id = t.id)",
                          "Plans": [
                            {
                              "Node Type": "Seq Scan",
                              "Parent Relationship": "Outer",
                              "Parallel Aware": true,
                              "Relation Name": "movie_info_idx",
                              "Alias": "mi_idx",
                              "Startup Cost": 0.0,
                              "Total Cost": 13685.15,
                              "Plan Rows": 575015,
                              "Plan Width": 4,
                              "Actual Startup Time": 0.039,
                              "Actual Total Time": 41.232,
                              "Actual Rows": 345009,
                              "Actual Loops": 4
                            },
                            {
                              "Node Type": "Hash",
                              "Parent Relationship": "Inner",
                              "Parallel Aware": true,
                              "Startup Cost": 45479.59,
                              "Total Cost": 45479.59,
                              "Plan Rows": 130056,
                              "Plan Width": 4,
                              "Actual Startup Time": 162.128,
                              "Actual Total Time": 162.13,
                              "Actual Rows": 98810,
                              "Actual Loops": 4,
                              "Hash Buckets": 524288,
                              "Original Hash Buckets": 524288,
                              "Hash Batches": 1,
                              "Original Hash Batches": 1,
                              "Peak Memory Usage": 19616,
                              "Plans": [
                                {
                                  "Node Type": "Seq Scan",
                                  "Parent Relationship": "Outer",
                                  "Parallel Aware": true,
                                  "Relation Name": "title",
                                  "Alias": "t",
                                  "Startup Cost": 0.0,
                                  "Total Cost": 45479.59,
                                  "Plan Rows": 130056,
                                  "Plan Width": 4,
                                  "Actual Startup Time": 53.321,
                                  "Actual Total Time": 121.288,
                                  "Actual Rows": 98810,
                                  "Actual Loops": 4,
                                  "Filter": "((kind_id < 2) AND (production_year > 1977))",
                                  "Rows Removed by Filter": 533268
                                }
                              ]
                            }
                          ]
                        }
                      ]
                    }
                  ]
                }
              ]
            }
          ]
        }
      ]
    },
    "Planning Time": 1.361,
    "Triggers": [],
    "Execution Time": 600.985
  }
]