[
  {
    "Plan": {
      "Node Type": "Aggregate",
      "Strategy": "Plain",
      "Partial Mode": "Finalize",
      "Parallel Aware": false,
      "Startup Cost": 47536.61,
      "Total Cost": 47536.62,
      "Plan Rows": 1,
      "Plan Width": 8,
      "Actual Startup Time": 124.457,
      "Actual Total Time": 139.9,
      "Actual Rows": 1,
      "Actual Loops": 1,
      "Plans": [
        {
          "Node Type": "Gather",
          "Parent Relationship": "Outer",
          "Parallel Aware": false,
          "Startup Cost": 47536.19,
          "Total Cost": 47536.6,
          "Plan Rows": 4,
          "Plan Width": 8,
          "Actual Startup Time": 124.338,
          "Actual Total Time": 139.892,
          "Actual Rows": 5,
          "Actual Loops": 1,
          "Workers Planned": 4,
          "Workers Launched": 4,
          "Single Copy": false,
          "Plans": [
            {
              "Node Type": "Aggregate",
              "Strategy": "Plain",
              "Partial Mode": "Partial",
              "Parent Relationship": "Outer",
              "Parallel Aware": false,
              "Startup Cost": 46536.19,
              "Total Cost": 46536.2,
              "Plan Rows": 1,
              "Plan Width": 8,
              "Actual Startup Time": 117.541,
              "Actual Total Time": 117.542,
              "Actual Rows": 1,
              "Actual Loops": 5,
              "Plans": [
                {
                  "Node Type": "Seq Scan",
                  "Parent Relationship": "Outer",
                  "Parallel Aware": true,
                  "Relation Name": "title",
                  "Alias": "t",
                  "Startup Cost": 0.0,
                  "Total Cost": 45479.1,
                  "Plan Rows": 422837,
                  "Plan Width": 0,
                  "Actual Startup Time": 0.03,
                  "Actual Total Time": 97.811,
                  "Actual Rows": 358958,
                  "Actual Loops": 5,
                  "Filter": "((kind_id > 1) AND (production_year > 1950))",
                  "Rows Removed by Filter": 146705
                }
              ]
            }
          ]
        }
      ]
    },
    "Planning Time": 0.163,
    "Triggers": [],
    "Execution Time": 139.954
  }
]