{
  "Plan": {
    "Node Type": "Aggregate",
    "Strategy": "Plain",
    "Partial Mode": "Simple",
    "Parallel Aware": false,
    "Startup Cost": 630533.62,
    "Total Cost": 630533.63,
    "Plan Rows": 1,
    "Plan Width": 32,
    "Actual Startup Time": 3347.542,
    "Actual Total Time": 3347.716,
    "Actual Rows": 1,
    "Actual Loops": 1,
    "Plans": [
      {
        "Node Type": "Merge Join",
        "Parent Relationship": "Outer",
        "Parallel Aware": false,
        "Join Type": "Inner",
        "Startup Cost": 629777.87,
        "Total Cost": 630425.74,
        "Plan Rows": 43154,
        "Plan Width": 17,
        "Actual Startup Time": 3347.399,
        "Actual Total Time": 3347.668,
        "Actual Rows": 669,
        "Actual Loops": 1,
        "Inner Unique": true,
        "Merge Cond": "(mi.info_type_id = it.id)",
        "Plans": [
          {
            "Node Type": "Sort",
            "Parent Relationship": "Outer",
            "Parallel Aware": false,
            "Startup Cost": 629771.89,
            "Total Cost": 629879.77,
            "Plan Rows": 43154,
            "Plan Width": 21,
            "Actual Startup Time": 3347.347,
            "Actual Total Time": 3347.545,
            "Actual Rows": 669,
            "Actual Loops": 1,
            "Sort Key": [
              "mi.info_type_id"
            ],
            "Sort Method": "quicksort",
            "Sort Space Used": 72,
            "Sort Space Type": "Memory",
            "Plans": [
              {
                "Node Type": "Merge Join",
                "Parent Relationship": "Outer",
                "Parallel Aware": false,
                "Join Type": "Inner",
                "Startup Cost": 622791.62,
                "Total Cost": 626449.63,
                "Plan Rows": 43154,
                "Plan Width": 21,
                "Actual Startup Time": 3287.306,
                "Actual Total Time": 3347.301,
                "Actual Rows": 669,
                "Actual Loops": 1,
                "Inner Unique": false,
                "Merge Cond": "(t.id = mi.movie_id)",
                "Plans": [
                  {
                    "Node Type": "Sort",
                    "Parent Relationship": "Outer",
                    "Parallel Aware": false,
                    "Startup Cost": 258858.81,
                    "Total Cost": 258941.48,
                    "Plan Rows": 33067,
                    "Plan Width": 25,
                    "Actual Startup Time": 2106.14,
                    "Actual Total Time": 2106.324,
                    "Actual Rows": 767,
                    "Actual Loops": 1,
                    "Sort Key": [
                      "mc.movie_id"
                    ],
                    "Sort Method": "quicksort",
                    "Sort Space Used": 84,
                    "Sort Space Type": "Memory",
                    "Plans": [
                      {
                        "Node Type": "Gather",
                        "Parent Relationship": "Outer",
                        "Parallel Aware": false,
                        "Startup Cost": 252749.9,
                        "Total Cost": 256376.62,
                        "Plan Rows": 33067,
                        "Plan Width": 25,
                        "Actual Startup Time": 2102.922,
                        "Actual Total Time": 2106.066,
                        "Actual Rows": 767,
                        "Actual Loops": 1,
                        "Workers Planned": 3,
                        "Workers Launched": 3,
                        "Single Copy": false,
                        "Plans": [
                          {
                            "Node Type": "Merge Join",
                            "Parent Relationship": "Outer",
                            "Parallel Aware": false,
                            "Join Type": "Inner",
                            "Startup Cost": 251749.9,
                            "Total Cost": 252069.92,
                            "Plan Rows": 10667,
                            "Plan Width": 25,
                            "Actual Startup Time": 2094.089,
                            "Actual Total Time": 2094.148,
                            "Actual Rows": 192,
                            "Actual Loops": 4,
                            "Inner Unique": true,
                            "Merge Cond": "(mc.company_type_id = ct.id)",
                            "Plans": [
                              {
                                "Node Type": "Sort",
                                "Parent Relationship": "Outer",
                                "Parallel Aware": false,
                                "Startup Cost": 251748.84,
                                "Total Cost": 251855.51,
                                "Plan Rows": 42668,
                                "Plan Width": 29,
                                "Actual Startup Time": 2091.827,
                                "Actual Total Time": 2092.77,
                                "Actual Rows": 26375,
                                "Actual Loops": 4,
                                "Sort Key": [
                                  "mc.company_type_id"
                                ],
                                "Sort Method": "quicksort",
                                "Sort Space Used": 1409,
                                "Sort Space Type": "Memory",
                                "Workers": [
                                  {
                                    "Worker Number": 0,
                                    "Sort Method": "quicksort",
                                    "Sort Space Used": 1587,
                                    "Sort Space Type": "Memory"
                                  },
                                  {
                                    "Worker Number": 1,
                                    "Sort Method": "quicksort",
                                    "Sort Space Used": 3302,
                                    "Sort Space Type": "Memory"
                                  },
                                  {
                                    "Worker Number": 2,
                                    "Sort Method": "quicksort",
                                    "Sort Space Used": 5614,
                                    "Sort Space Type": "Memory"
                                  }
                                ],
                                "Plans": [
                                  {
                                    "Node Type": "Merge Join",
                                    "Parent Relationship": "Outer",
                                    "Parallel Aware": false,
                                    "Join Type": "Inner",
                                    "Startup Cost": 3.68,
                                    "Total Cost": 248467.49,
                                    "Plan Rows": 42668,
                                    "Plan Width": 29,
                                    "Actual Startup Time": 13.107,
                                    "Actual Total Time": 2083.216,
                                    "Actual Rows": 26375,
                                    "Actual Loops": 4,
                                    "Inner Unique": true,
                                    "Merge Cond": "(mc.movie_id = t.id)",
                                    "Plans": [
                                      {
                                        "Node Type": "Index Scan",
                                        "Parent Relationship": "Outer",
                                        "Parallel Aware": true,
                                        "Scan Direction": "Forward",
                                        "Index Name": "movie_id_movie_companies",
                                        "Relation Name": "movie_companies",
                                        "Alias": "mc",
                                        "Startup Cost": 0.43,
                                        "Total Cost": 126938.29,
                                        "Plan Rows": 61343,
                                        "Plan Width": 8,
                                        "Actual Startup Time": 0.267,
                                        "Actual Total Time": 229.039,
                                        "Actual Rows": 73907,
                                        "Actual Loops": 4,
                                        "Filter": "((note !~~ '%(TV)%'::text) AND (note ~~ '%(USA)%'::text))",
                                        "Rows Removed by Filter": 578375
                                      },
                                      {
                                        "Node Type": "Index Scan",
                                        "Parent Relationship": "Inner",
                                        "Parallel Aware": false,
                                        "Scan Direction": "Forward",
                                        "Index Name": "title_pkey",
                                        "Relation Name": "title",
                                        "Alias": "t",
                                        "Startup Cost": 0.43,
                                        "Total Cost": 116680.33,
                                        "Plan Rows": 1758722,
                                        "Plan Width": 21,
                                        "Actual Startup Time": 0.085,
                                        "Actual Total Time": 1737.849,
                                        "Actual Rows": 1748247,
                                        "Actual Loops": 4,
                                        "Filter": "(production_year > 1990)",
                                        "Rows Removed by Filter": 777099
                                      }
                                    ]
                                  }
                                ]
                              },
                              {
                                "Node Type": "Sort",
                                "Parent Relationship": "Inner",
                                "Parallel Aware": false,
                                "Startup Cost": 1.06,
                                "Total Cost": 1.06,
                                "Plan Rows": 1,
                                "Plan Width": 4,
                                "Actual Startup Time": 0.053,
                                "Actual Total Time": 0.054,
                                "Actual Rows": 1,
                                "Actual Loops": 4,
                                "Sort Key": [
                                  "ct.id"
                                ],
                                "Sort Method": "quicksort",
                                "Sort Space Used": 25,
                                "Sort Space Type": "Memory",
                                "Workers": [
                                  {
                                    "Worker Number": 0,
                                    "Sort Method": "quicksort",
                                    "Sort Space Used": 25,
                                    "Sort Space Type": "Memory"
                                  },
                                  {
                                    "Worker Number": 1,
                                    "Sort Method": "quicksort",
                                    "Sort Space Used": 25,
                                    "Sort Space Type": "Memory"
                                  },
                                  {
                                    "Worker Number": 2,
                                    "Sort Method": "quicksort",
                                    "Sort Space Used": 25,
                                    "Sort Space Type": "Memory"
                                  }
                                ],
                                "Plans": [
                                  {
                                    "Node Type": "Seq Scan",
                                    "Parent Relationship": "Outer",
                                    "Parallel Aware": false,
                                    "Relation Name": "company_type",
                                    "Alias": "ct",
                                    "Startup Cost": 0.0,
                                    "Total Cost": 1.05,
                                    "Plan Rows": 1,
                                    "Plan Width": 4,
                                    "Actual Startup Time": 0.041,
                                    "Actual Total Time": 0.042,
                                    "Actual Rows": 1,
                                    "Actual Loops": 4,
                                    "Filter": "((kind)::text = 'production companies'::text)",
                                    "Rows Removed by Filter": 3
                                  }
                                ]
                              }
                            ]
                          }
                        ]
                      }
                    ]
                  },
                  {
                    "Node Type": "Sort",
                    "Parent Relationship": "Inner",
                    "Parallel Aware": false,
                    "Startup Cost": 363932.8,
                    "Total Cost": 365634.71,
                    "Plan Rows": 680764,
                    "Plan Width": 8,
                    "Actual Startup Time": 1180.328,
                    "Actual Total Time": 1206.591,
                    "Actual Rows": 704128,
                    "Actual Loops": 1,
                    "Sort Key": [
                      "mi.movie_id"
                    ],
                    "Sort Method": "quicksort",
                    "Sort Space Used": 57702,
                    "Sort Space Type": "Memory",
                    "Plans": [
                      {
                        "Node Type": "Gather",
                        "Parent Relationship": "Outer",
                        "Parallel Aware": false,
                        "Startup Cost": 1000.0,
                        "Total Cost": 297977.68,
                        "Plan Rows": 680764,
                        "Plan Width": 8,
                        "Actual Startup Time": 1.706,
                        "Actual Total Time": 1036.379,
                        "Actual Rows": 706674,
                        "Actual Loops": 1,
                        "Workers Planned": 5,
                        "Workers Launched": 4,
                        "Single Copy": false,
                        "Plans": [
                          {
                            "Node Type": "Seq Scan",
                            "Parent Relationship": "Outer",
                            "Parallel Aware": true,
                            "Relation Name": "movie_info",
                            "Alias": "mi",
                            "Startup Cost": 0.0,
                            "Total Cost": 228901.28,
                            "Plan Rows": 136153,
                            "Plan Width": 8,
                            "Actual Startup Time": 0.64,
                            "Actual Total Time": 1018.645,
                            "Actual Rows": 141335,
                            "Actual Loops": 5,
                            "Filter": "(info = ANY ('{Sweden,Norway,Germany,Denmark,Swedish,Denish,Norwegian,German,USA,American}'::text[]))",
                            "Rows Removed by Filter": 2825809
                          }
                        ]
                      }
                    ]
                  }
                ]
              }
            ]
          },
          {
            "Node Type": "Sort",
            "Parent Relationship": "Inner",
            "Parallel Aware": false,
            "Startup Cost": 5.98,
            "Total Cost": 6.27,
            "Plan Rows": 113,
            "Plan Width": 4,
            "Actual Startup Time": 0.047,
            "Actual Total Time": 0.048,
            "Actual Rows": 18,
            "Actual Loops": 1,
            "Sort Key": [
              "it.id"
            ],
            "Sort Method": "quicksort",
            "Sort Space Used": 30,
            "Sort Space Type": "Memory",
            "Plans": [
              {
                "Node Type": "Seq Scan",
                "Parent Relationship": "Outer",
                "Parallel Aware": false,
                "Relation Name": "info_type",
                "Alias": "it",
                "Startup Cost": 0.0,
                "Total Cost": 2.13,
                "Plan Rows": 113,
                "Plan Width": 4,
                "Actual Startup Time": 0.024,
                "Actual Total Time": 0.031,
                "Actual Rows": 113,
                "Actual Loops": 1
              }
            ]
          }
        ]
      }
    ]
  },
  "Planning Time": 7.54,
  "Triggers": [],
  "Execution Time": 3352.36
}