[
  {
    "Plan": {
      "Node Type": "Aggregate",
      "Strategy": "Plain",
      "Partial Mode": "Finalize",
      "Parallel Aware": false,
      "Startup Cost": 32717.0,
      "Total Cost": 32717.01,
      "Plan Rows": 1,
      "Plan Width": 8,
      "Actual Startup Time": 89.897,
      "Actual Total Time": 98.628,
      "Actual Rows": 1,
      "Actual Loops": 1,
      "Plans": [
        {
          "Node Type": "Gather",
          "Parent Relationship": "Outer",
          "Parallel Aware": false,
          "Startup Cost": 32716.68,
          "Total Cost": 32716.99,
          "Plan Rows": 3,
          "Plan Width": 8,
          "Actual Startup Time": 89.724,
          "Actual Total Time": 98.616,
          "Actual Rows": 4,
          "Actual Loops": 1,
          "Workers Planned": 3,
          "Workers Launched": 3,
          "Single Copy": false,
          "Plans": [
            {
              "Node Type": "Aggregate",
              "Strategy": "Plain",
              "Partial Mode": "Partial",
              "Parent Relationship": "Outer",
              "Parallel Aware": false,
              "Startup Cost": 31716.68,
              "Total Cost": 31716.69,
              "Plan Rows": 1,
              "Plan Width": 8,
              "Actual Startup Time": 84.325,
              "Actual Total Time": 84.327,
              "Actual Rows": 1,
              "Actual Loops": 4,
              "Plans": [
                {
                  "Node Type": "Seq Scan",
                  "Parent Relationship": "Outer",
                  "Parallel Aware": true,
                  "Relation Name": "movie_companies",
                  "Alias": "mc",
                  "Startup Cost": 0.0,
                  "Total Cost": 31414.82,
                  "Plan Rows": 120746,
                  "Plan Width": 0,
                  "Actual Startup Time": 43.93,
                  "Actual Total Time": 77.226,
                  "Actual Rows": 170964,
                  "Actual Loops": 4,
                  "Filter": "((company_id > 41254) AND (company_type_id = 2))",
                  "Rows Removed by Filter": 481318
                }
              ]
            }
          ]
        }
      ]
    },
    "Planning Time": 0.236,
    "Triggers": [],
    "Execution Time": 98.687
  }
]