[
  {
    "Plan": {
      "Node Type": "Aggregate",
      "Strategy": "Plain",
      "Partial Mode": "Finalize",
      "Parallel Aware": false,
      "Startup Cost": 82545.38,
      "Total Cost": 82545.39,
      "Plan Rows": 1,
      "Plan Width": 8,
      "Actual Startup Time": 312.434,
      "Actual Total Time": 346.853,
      "Actual Rows": 1,
      "Actual Loops": 1,
      "Plans": [
        {
          "Node Type": "Gather",
          "Parent Relationship": "Outer",
          "Parallel Aware": false,
          "Startup Cost": 82545.06,
          "Total Cost": 82545.37,
          "Plan Rows": 3,
          "Plan Width": 8,
          "Actual Startup Time": 310.708,
          "Actual Total Time": 346.843,
          "Actual Rows": 4,
          "Actual Loops": 1,
          "Workers Planned": 3,
          "Workers Launched": 3,
          "Single Copy": false,
          "Plans": [
            {
              "Node Type": "Aggregate",
              "Strategy": "Plain",
              "Partial Mode": "Partial",
              "Parent Relationship": "Outer",
              "Parallel Aware": false,
              "Startup Cost": 81545.06,
              "Total Cost": 81545.07,
              "Plan Rows": 1,
              "Plan Width": 8,
              "Actual Startup Time": 301.118,
              "Actual Total Time": 301.183,
              "Actual Rows": 1,
              "Actual Loops": 4,
              "Plans": [
                {
                  "Node Type": "Nested Loop",
                  "Parent Relationship": "Outer",
                  "Parallel Aware": false,
                  "Join Type": "Inner",
                  "Startup Cost": 47474.5,
                  "Total Cost": 81518.76,
                  "Plan Rows": 10519,
                  "Plan Width": 0,
                  "Actual Startup Time": 153.343,
                  "Actual Total Time": 294.578,
                  "Actual Rows": 139541,
                  "Actual Loops": 4,
                  "Inner Unique": false,
                  "Plans": [
                    {
                      "Node Type": "Hash Join",
                      "Parent Relationship": "Outer",
                      "Parallel Aware": true,
                      "Join Type": "Inner",
                      "Startup Cost": 47474.07,
                      "Total Cost": 72213.54,
                      "Plan Rows": 1799,
                      "Plan Width": 8,
                      "Actual Startup Time": 153.262,
                      "Actual Total Time": 171.5,
                      "Actual Rows": 3295,
                      "Actual Loops": 4,
                      "Inner Unique": true,
                      "Hash Cond": "(mk.movie_id = t.id)",
                      "Plans": [
                        {
                          "Node Type": "Bitmap Heap Scan",
                          "Parent Relationship": "Outer",
                          "Parallel Aware": true,
                          "Relation Name": "movie_keyword",
                          "Alias": "mk",
                          "Startup Cost": 1241.89,
                          "Total Cost": 25931.82,
                          "Plan Rows": 18875,
                          "Plan Width": 4,
                          "Actual Startup Time": 7.433,
                          "Actual Total Time": 28.387,
                          "Actual Rows": 14401,
                          "Actual Loops": 4,
                          "Recheck Cond": "(keyword_id < 56)",
                          "Rows Removed by Index Recheck": 0,
                          "Exact Heap Blocks": 7032,
                          "Lossy Heap Blocks": 0,
                          "Plans": [
                            {
                              "Node Type": "Bitmap Index Scan",
                              "Parent Relationship": "Outer",
                              "Parallel Aware": false,
                              "Index Name": "keyword_id_movie_keyword",
                              "Startup Cost": 0.0,
                              "Total Cost": 1227.26,
                              "Plan Rows": 58511,
                              "Plan Width": 0,
                              "Actual Startup Time": 4.762,
                              "Actual Total Time": 4.762,
                              "Actual Rows": 57603,
                              "Actual Loops": 1,
                              "Index Cond": "(keyword_id < 56)"
                            }
                          ]
                        },
                        {
                          "Node Type": "Hash",
                          "Parent Relationship": "Inner",
                          "Parallel Aware": true,
                          "Startup Cost": 45479.1,
                          "Total Cost": 45479.1,
                          "Plan Rows": 60246,
                          "Plan Width": 4,
                          "Actual Startup Time": 134.404,
                          "Actual Total Time": 134.404,
                          "Actual Rows": 89886,
                          "Actual Loops": 4,
                          "Hash Buckets": 524288,
                          "Original Hash Buckets": 262144,
                          "Hash Batches": 1,
                          "Original Hash Batches": 1,
                          "Peak Memory Usage": 20320,
                          "Plans": [
                            {
                              "Node Type": "Seq Scan",
                              "Parent Relationship": "Outer",
                              "Parallel Aware": true,
                              "Relation Name": "title",
                              "Alias": "t",
                              "Startup Cost": 0.0,
                              "Total Cost": 45479.1,
                              "Plan Rows": 60246,
                              "Plan Width": 4,
                              "Actual Startup Time": 59.952,
                              "Actual Total Time": 100.019,
                              "Actual Rows": 89886,
                              "Actual Loops": 4,
                              "Filter": "((production_year < 1998) AND (kind_id = 1))",
                              "Rows Removed by Filter": 542192
                            }
                          ]
                        }
                      ]
                    },
                    {
                      "Node Type": "Index Only Scan",
                      "Parent Relationship": "Inner",
                      "Parallel Aware": false,
                      "Scan Direction": "Forward",
                      "Index Name": "movie_id_movie_info",
                      "Relation Name": "movie_info",
                      "Alias": "mi",
                      "Startup Cost": 0.43,
                      "Total Cost": 4.75,
                      "Plan Rows": 42,
                      "Plan Width": 4,
                      "Actual Startup Time": 0.008,
                      "Actual Total Time": 0.034,
                      "Actual Rows": 42,
                      "Actual Loops": 13180,
                      "Index Cond": "(movie_id = t.id)",
                      "Rows Removed by Index Recheck": 0,
                      "Heap Fetches": 558164
                    }
                  ]
                }
              ]
            }
          ]
        }
      ]
    },
    "Planning Time": 1.383,
    "Triggers": [],
    "Execution Time": 346.96
  }
]