[
  {
    "Plan": {
      "Node Type": "Aggregate",
      "Strategy": "Plain",
      "Partial Mode": "Finalize",
      "Parallel Aware": false,
      "Startup Cost": 49612.72,
      "Total Cost": 49612.73,
      "Plan Rows": 1,
      "Plan Width": 8,
      "Actual Startup Time": 77.966,
      "Actual Total Time": 85.968,
      "Actual Rows": 1,
      "Actual Loops": 1,
      "Plans": [
        {
          "Node Type": "Gather",
          "Parent Relationship": "Outer",
          "Parallel Aware": false,
          "Startup Cost": 49612.3,
          "Total Cost": 49612.71,
          "Plan Rows": 4,
          "Plan Width": 8,
          "Actual Startup Time": 77.859,
          "Actual Total Time": 85.963,
          "Actual Rows": 5,
          "Actual Loops": 1,
          "Workers Planned": 4,
          "Workers Launched": 4,
          "Single Copy": false,
          "Plans": [
            {
              "Node Type": "Aggregate",
              "Strategy": "Plain",
              "Partial Mode": "Partial",
              "Parent Relationship": "Outer",
              "Parallel Aware": false,
              "Startup Cost": 48612.3,
              "Total Cost": 48612.31,
              "Plan Rows": 1,
              "Plan Width": 8,
              "Actual Startup Time": 72.647,
              "Actual Total Time": 72.649,
              "Actual Rows": 1,
              "Actual Loops": 5,
              "Plans": [
                {
                  "Node Type": "Nested Loop",
                  "Parent Relationship": "Outer",
                  "Parallel Aware": false,
                  "Join Type": "Inner",
                  "Startup Cost": 0.87,
                  "Total Cost": 48612.29,
                  "Plan Rows": 4,
                  "Plan Width": 0,
                  "Actual Startup Time": 48.023,
                  "Actual Total Time": 72.639,
                  "Actual Rows": 10,
                  "Actual Loops": 5,
                  "Inner Unique": false,
                  "Join Filter": "(t.id = mi.movie_id)",
                  "Rows Removed by Join Filter": 0,
                  "Plans": [
                    {
                      "Node Type": "Nested Loop",
                      "Parent Relationship": "Outer",
                      "Parallel Aware": false,
                      "Join Type": "Inner",
                      "Startup Cost": 0.43,
                      "Total Cost": 48458.4,
                      "Plan Rows": 8,
                      "Plan Width": 8,
                      "Actual Startup Time": 47.891,
                      "Actual Total Time": 71.774,
                      "Actual Rows": 10,
                      "Actual Loops": 5,
                      "Inner Unique": false,
                      "Plans": [
                        {
                          "Node Type": "Seq Scan",
                          "Parent Relationship": "Outer",
                          "Parallel Aware": true,
                          "Relation Name": "title",
                          "Alias": "t",
                          "Startup Cost": 0.0,
                          "Total Cost": 43899.01,
                          "Plan Rows": 503,
                          "Plan Width": 4,
                          "Actual Startup Time": 44.911,
                          "Actual Total Time": 65.811,
                          "Actual Rows": 555,
                          "Actual Loops": 5,
                          "Filter": "(production_year = 1928)",
                          "Rows Removed by Filter": 505108
                        },
                        {
                          "Node Type": "Index Scan",
                          "Parent Relationship": "Inner",
                          "Parallel Aware": false,
                          "Scan Direction": "Forward",
                          "Index Name": "movie_id_movie_keyword",
                          "Relation Name": "movie_keyword",
                          "Alias": "mk",
                          "Startup Cost": 0.43,
                          "Total Cost": 9.05,
                          "Plan Rows": 1,
                          "Plan Width": 4,
                          "Actual Startup Time": 0.01,
                          "Actual Total Time": 0.01,
                          "Actual Rows": 0,
                          "Actual Loops": 2773,
                          "Index Cond": "(movie_id = t.id)",
                          "Rows Removed by Index Recheck": 0,
                          "Filter": "(keyword_id < 38)",
                          "Rows Removed by Filter": 3
                        }
                      ]
                    },
                    {
                      "Node Type": "Index Scan",
                      "Parent Relationship": "Inner",
                      "Parallel Aware": false,
                      "Scan Direction": "Forward",
                      "Index Name": "movie_id_movie_info",
                      "Relation Name": "movie_info",
                      "Alias": "mi",
                      "Startup Cost": 0.43,
                      "Total Cost": 19.2,
                      "Plan Rows": 3,
                      "Plan Width": 4,
                      "Actual Startup Time": 0.076,
                      "Actual Total Time": 0.089,
                      "Actual Rows": 1,
                      "Actual Loops": 48,
                      "Index Cond": "(movie_id = mk.movie_id)",
                      "Rows Removed by Index Recheck": 0,
                      "Filter": "(info_type_id = 2)",
                      "Rows Removed by Filter": 17
                    }
                  ]
                }
              ]
            }
          ]
        }
      ]
    },
    "Planning Time": 0.494,
    "Triggers": [],
    "Execution Time": 86.004
  }
]