[
  {
    "Plan": {
      "Node Type": "Aggregate",
      "Strategy": "Plain",
      "Partial Mode": "Finalize",
      "Parallel Aware": false,
      "Startup Cost": 135778.76,
      "Total Cost": 135778.77,
      "Plan Rows": 1,
      "Plan Width": 8,
      "Actual Startup Time": 604.142,
      "Actual Total Time": 660.563,
      "Actual Rows": 1,
      "Actual Loops": 1,
      "Plans": [
        {
          "Node Type": "Gather",
          "Parent Relationship": "Outer",
          "Parallel Aware": false,
          "Startup Cost": 135778.45,
          "Total Cost": 135778.76,
          "Plan Rows": 3,
          "Plan Width": 8,
          "Actual Startup Time": 603.459,
          "Actual Total Time": 660.551,
          "Actual Rows": 4,
          "Actual Loops": 1,
          "Workers Planned": 3,
          "Workers Launched": 3,
          "Single Copy": false,
          "Plans": [
            {
              "Node Type": "Aggregate",
              "Strategy": "Plain",
              "Partial Mode": "Partial",
              "Parent Relationship": "Outer",
              "Parallel Aware": false,
              "Startup Cost": 134778.45,
              "Total Cost": 134778.46,
              "Plan Rows": 1,
              "Plan Width": 8,
              "Actual Startup Time": 594.077,
              "Actual Total Time": 594.081,
              "Actual Rows": 1,
              "Actual Loops": 4,
              "Plans": [
                {
                  "Node Type": "Nested Loop",
                  "Parent Relationship": "Outer",
                  "Parallel Aware": false,
                  "Join Type": "Inner",
                  "Startup Cost": 45754.21,
                  "Total Cost": 134667.69,
                  "Plan Rows": 44304,
                  "Plan Width": 0,
                  "Actual Startup Time": 109.633,
                  "Actual Total Time": 592.507,
                  "Actual Rows": 21612,
                  "Actual Loops": 4,
                  "Inner Unique": false,
                  "Join Filter": "(t.id = ci.movie_id)",
                  "Rows Removed by Join Filter": 0,
                  "Plans": [
                    {
                      "Node Type": "Hash Join",
                      "Parent Relationship": "Outer",
                      "Parallel Aware": true,
                      "Join Type": "Inner",
                      "Startup Cost": 45753.65,
                      "Total Cost": 75169.54,
                      "Plan Rows": 29247,
                      "Plan Width": 8,
                      "Actual Startup Time": 109.284,
                      "Actual Total Time": 252.71,
                      "Actual Rows": 9866,
                      "Actual Loops": 4,
                      "Inner Unique": true,
                      "Hash Cond": "(mc.movie_id = t.id)",
                      "Plans": [
                        {
                          "Node Type": "Seq Scan",
                          "Parent Relationship": "Outer",
                          "Parallel Aware": true,
                          "Relation Name": "movie_companies",
                          "Alias": "mc",
                          "Startup Cost": 0.0,
                          "Total Cost": 27206.55,
                          "Plan Rows": 841655,
                          "Plan Width": 4,
                          "Actual Startup Time": 0.019,
                          "Actual Total Time": 59.811,
                          "Actual Rows": 652282,
                          "Actual Loops": 4
                        },
                        {
                          "Node Type": "Hash",
                          "Parent Relationship": "Inner",
                          "Parallel Aware": true,
                          "Startup Cost": 45479.1,
                          "Total Cost": 45479.1,
                          "Plan Rows": 21964,
                          "Plan Width": 4,
                          "Actual Startup Time": 107.369,
                          "Actual Total Time": 107.37,
                          "Actual Rows": 23157,
                          "Actual Loops": 4,
                          "Hash Buckets": 131072,
                          "Original Hash Buckets": 131072,
                          "Hash Batches": 1,
                          "Original Hash Batches": 1,
                          "Peak Memory Usage": 4704,
                          "Plans": [
                            {
                              "Node Type": "Seq Scan",
                              "Parent Relationship": "Outer",
                              "Parallel Aware": true,
                              "Relation Name": "title",
                              "Alias": "t",
                              "Startup Cost": 0.0,
                              "Total Cost": 45479.1,
                              "Plan Rows": 21964,
                              "Plan Width": 4,
                              "Actual Startup Time": 0.043,
                              "Actual Total Time": 98.301,
                              "Actual Rows": 23157,
                              "Actual Loops": 4,
                              "Filter": "((kind_id = 7) AND (production_year = 2010))",
                              "Rows Removed by Filter": 608921
                            }
                          ]
                        }
                      ]
                    },
                    {
                      "Node Type": "Index Scan",
                      "Parent Relationship": "Inner",
                      "Parallel Aware": false,
                      "Scan Direction": "Forward",
                      "Index Name": "movie_id_cast_info",
                      "Relation Name": "cast_info",
                      "Alias": "ci",
                      "Startup Cost": 0.56,
                      "Total Cost": 1.98,
                      "Plan Rows": 4,
                      "Plan Width": 4,
                      "Actual Startup Time": 0.022,
                      "Actual Total Time": 0.034,
                      "Actual Rows": 2,
                      "Actual Loops": 39462,
                      "Index Cond": "(movie_id = mc.movie_id)",
                      "Rows Removed by Index Recheck": 0,
                      "Filter": "((person_id < 580069) AND (role_id > 1))",
                      "Rows Removed by Filter": 39
                    }
                  ]
                }
              ]
            }
          ]
        }
      ]
    },
    "Planning Time": 1.501,
    "Triggers": [],
    "Execution Time": 660.67
  }
]