{
  "Plan": {
    "Node Type": "Aggregate",
    "Strategy": "Plain",
    "Partial Mode": "Finalize",
    "Parallel Aware": false,
    "Startup Cost": 623005.45,
    "Total Cost": 623005.46,
    "Plan Rows": 1,
    "Plan Width": 8,
    "Actual Startup Time": 2370.781,
    "Actual Total Time": 2414.783,
    "Actual Rows": 1,
    "Actual Loops": 1,
    "Plans": [
      {
        "Node Type": "Gather",
        "Parent Relationship": "Outer",
        "Parallel Aware": false,
        "Startup Cost": 623005.34,
        "Total Cost": 623005.45,
        "Plan Rows": 1,
        "Plan Width": 8,
        "Actual Startup Time": 2368.617,
        "Actual Total Time": 2414.772,
        "Actual Rows": 2,
        "Actual Loops": 1,
        "Workers Planned": 1,
        "Workers Launched": 1,
        "Single Copy": false,
        "Plans": [
          {
            "Node Type": "Aggregate",
            "Strategy": "Plain",
            "Partial Mode": "Partial",
            "Parent Relationship": "Outer",
            "Parallel Aware": false,
            "Startup Cost": 622005.34,
            "Total Cost": 622005.35,
            "Plan Rows": 1,
            "Plan Width": 8,
            "Actual Startup Time": 2362.674,
            "Actual Total Time": 2363.201,
            "Actual Rows": 1,
            "Actual Loops": 2,
            "Plans": [
              {
                "Node Type": "Hash Join",
                "Parent Relationship": "Outer",
                "Parallel Aware": true,
                "Join Type": "Inner",
                "Startup Cost": 277878.72,
                "Total Cost": 619660.91,
                "Plan Rows": 937769,
                "Plan Width": 0,
                "Actual Startup Time": 944.23,
                "Actual Total Time": 2294.419,
                "Actual Rows": 1707366,
                "Actual Loops": 2,
                "Inner Unique": false,
                "Hash Cond": "(ci.movie_id = t.id)",
                "Plans": [
                  {
                    "Node Type": "Bitmap Heap Scan",
                    "Parent Relationship": "Outer",
                    "Parallel Aware": true,
                    "Relation Name": "cast_info",
                    "Alias": "ci",
                    "Startup Cost": 193115.76,
                    "Total Cost": 510094.22,
                    "Plan Rows": 5143316,
                    "Plan Width": 4,
                    "Actual Startup Time": 370.253,
                    "Actual Total Time": 812.824,
                    "Actual Rows": 4336200,
                    "Actual Loops": 2,
                    "Recheck Cond": "(person_id > 2822489)",
                    "Rows Removed by Index Recheck": 0,
                    "Exact Heap Blocks": 51490,
                    "Lossy Heap Blocks": 0,
                    "Plans": [
                      {
                        "Node Type": "Bitmap Index Scan",
                        "Parent Relationship": "Outer",
                        "Parallel Aware": false,
                        "Index Name": "person_id_cast_info",
                        "Startup Cost": 0.0,
                        "Total Cost": 190929.85,
                        "Plan Rows": 8743638,
                        "Plan Width": 0,
                        "Actual Startup Time": 353.46,
                        "Actual Total Time": 353.461,
                        "Actual Rows": 8672400,
                        "Actual Loops": 1,
                        "Index Cond": "(person_id > 2822489)"
                      }
                    ]
                  },
                  {
                    "Node Type": "Hash",
                    "Parent Relationship": "Inner",
                    "Parallel Aware": true,
                    "Startup Cost": 81373.41,
                    "Total Cost": 81373.41,
                    "Plan Rows": 271164,
                    "Plan Width": 8,
                    "Actual Startup Time": 568.205,
                    "Actual Total Time": 568.729,
                    "Actual Rows": 230092,
                    "Actual Loops": 2,
                    "Hash Buckets": 524288,
                    "Original Hash Buckets": 524288,
                    "Hash Batches": 1,
                    "Original Hash Batches": 1,
                    "Peak Memory Usage": 22112,
                    "Plans": [
                      {
                        "Node Type": "Hash Join",
                        "Parent Relationship": "Outer",
                        "Parallel Aware": true,
                        "Join Type": "Inner",
                        "Startup Cost": 21471.87,
                        "Total Cost": 81373.41,
                        "Plan Rows": 271164,
                        "Plan Width": 8,
                        "Actual Startup Time": 124.385,
                        "Actual Total Time": 509.787,
                        "Actual Rows": 230092,
                        "Actual Loops": 2,
                        "Inner Unique": false,
                        "Hash Cond": "(t.id = mi_idx.movie_id)",
                        "Plans": [
                          {
                            "Node Type": "Seq Scan",
                            "Parent Relationship": "Outer",
                            "Parallel Aware": true,
                            "Relation Name": "title",
                            "Alias": "t",
                            "Startup Cost": 0.0,
                            "Total Cost": 50870.31,
                            "Plan Rows": 1487231,
                            "Plan Width": 4,
                            "Actual Startup Time": 0.012,
                            "Actual Total Time": 118.074,
                            "Actual Rows": 1264156,
                            "Actual Loops": 2
                          },
                          {
                            "Node Type": "Hash",
                            "Parent Relationship": "Inner",
                            "Parallel Aware": true,
                            "Startup Cost": 18082.32,
                            "Total Cost": 18082.32,
                            "Plan Rows": 271164,
                            "Plan Width": 4,
                            "Actual Startup Time": 120.944,
                            "Actual Total Time": 120.946,
                            "Actual Rows": 230092,
                            "Actual Loops": 2,
                            "Hash Buckets": 524288,
                            "Original Hash Buckets": 524288,
                            "Hash Batches": 1,
                            "Original Hash Batches": 1,
                            "Peak Memory Usage": 22144,
                            "Plans": [
                              {
                                "Node Type": "Seq Scan",
                                "Parent Relationship": "Outer",
                                "Parallel Aware": true,
                                "Relation Name": "movie_info_idx",
                                "Alias": "mi_idx",
                                "Startup Cost": 0.0,
                                "Total Cost": 18082.32,
                                "Plan Rows": 271164,
                                "Plan Width": 4,
                                "Actual Startup Time": 0.063,
                                "Actual Total Time": 70.147,
                                "Actual Rows": 230092,
                                "Actual Loops": 2,
                                "Filter": "(info_type_id > 100)",
                                "Rows Removed by Filter": 459925
                              }
                            ]
                          }
                        ]
                      }
                    ]
                  }
                ]
              }
            ]
          }
        ]
      }
    ]
  },
  "Planning Time": 1.057,
  "Triggers": [],
  "Execution Time": 2414.896
}