{
  "Plan": {
    "Node Type": "Aggregate",
    "Strategy": "Plain",
    "Partial Mode": "Finalize",
    "Parallel Aware": false,
    "Startup Cost": 151294.06,
    "Total Cost": 151294.07,
    "Plan Rows": 1,
    "Plan Width": 8,
    "Actual Startup Time": 661.07,
    "Actual Total Time": 681.977,
    "Actual Rows": 1,
    "Actual Loops": 1,
    "Plans": [
      {
        "Node Type": "Gather",
        "Parent Relationship": "Outer",
        "Parallel Aware": false,
        "Startup Cost": 151293.95,
        "Total Cost": 151294.06,
        "Plan Rows": 1,
        "Plan Width": 8,
        "Actual Startup Time": 660.624,
        "Actual Total Time": 681.968,
        "Actual Rows": 2,
        "Actual Loops": 1,
        "Workers Planned": 1,
        "Workers Launched": 1,
        "Single Copy": false,
        "Plans": [
          {
            "Node Type": "Aggregate",
            "Strategy": "Plain",
            "Partial Mode": "Partial",
            "Parent Relationship": "Outer",
            "Parallel Aware": false,
            "Startup Cost": 150293.95,
            "Total Cost": 150293.96,
            "Plan Rows": 1,
            "Plan Width": 8,
            "Actual Startup Time": 654.43,
            "Actual Total Time": 654.436,
            "Actual Rows": 1,
            "Actual Loops": 2,
            "Plans": [
              {
                "Node Type": "Hash Join",
                "Parent Relationship": "Outer",
                "Parallel Aware": true,
                "Join Type": "Inner",
                "Startup Cost": 88203.26,
                "Total Cost": 149981.96,
                "Plan Rows": 124795,
                "Plan Width": 0,
                "Actual Startup Time": 340.054,
                "Actual Total Time": 650.978,
                "Actual Rows": 85160,
                "Actual Loops": 2,
                "Inner Unique": false,
                "Hash Cond": "(mk.movie_id = t.id)",
                "Plans": [
                  {
                    "Node Type": "Seq Scan",
                    "Parent Relationship": "Outer",
                    "Parallel Aware": true,
                    "Relation Name": "movie_keyword",
                    "Alias": "mk",
                    "Startup Cost": 0.0,
                    "Total Cost": 51065.35,
                    "Plan Rows": 2661135,
                    "Plan Width": 4,
                    "Actual Startup Time": 0.014,
                    "Actual Total Time": 155.194,
                    "Actual Rows": 2261965,
                    "Actual Loops": 2
                  },
                  {
                    "Node Type": "Hash",
                    "Parent Relationship": "Inner",
                    "Parallel Aware": true,
                    "Startup Cost": 87331.46,
                    "Total Cost": 87331.46,
                    "Plan Rows": 69744,
                    "Plan Width": 8,
                    "Actual Startup Time": 337.597,
                    "Actual Total Time": 337.601,
                    "Actual Rows": 27195,
                    "Actual Loops": 2,
                    "Hash Buckets": 131072,
                    "Original Hash Buckets": 131072,
                    "Hash Batches": 1,
                    "Original Hash Batches": 1,
                    "Peak Memory Usage": 3168,
                    "Plans": [
                      {
                        "Node Type": "Hash Join",
                        "Parent Relationship": "Outer",
                        "Parallel Aware": true,
                        "Join Type": "Inner",
                        "Startup Cost": 26755.69,
                        "Total Cost": 87331.46,
                        "Plan Rows": 69744,
                        "Plan Width": 8,
                        "Actual Startup Time": 81.464,
                        "Actual Total Time": 329.925,
                        "Actual Rows": 27195,
                        "Actual Loops": 2,
                        "Inner Unique": false,
                        "Hash Cond": "(t.id = mc.movie_id)",
                        "Plans": [
                          {
                            "Node Type": "Seq Scan",
                            "Parent Relationship": "Outer",
                            "Parallel Aware": true,
                            "Relation Name": "title",
                            "Alias": "t",
                            "Startup Cost": 0.0,
                            "Total Cost": 50870.31,
                            "Plan Rows": 1487231,
                            "Plan Width": 4,
                            "Actual Startup Time": 0.009,
                            "Actual Total Time": 119.83,
                            "Actual Rows": 1264156,
                            "Actual Loops": 2
                          },
                          {
                            "Node Type": "Hash",
                            "Parent Relationship": "Inner",
                            "Parallel Aware": true,
                            "Startup Cost": 25883.89,
                            "Total Cost": 25883.89,
                            "Plan Rows": 69744,
                            "Plan Width": 4,
                            "Actual Startup Time": 80.302,
                            "Actual Total Time": 80.303,
                            "Actual Rows": 27195,
                            "Actual Loops": 2,
                            "Hash Buckets": 131072,
                            "Original Hash Buckets": 131072,
                            "Hash Batches": 1,
                            "Original Hash Batches": 1,
                            "Peak Memory Usage": 3168,
                            "Plans": [
                              {
                                "Node Type": "Bitmap Heap Scan",
                                "Parent Relationship": "Outer",
                                "Parallel Aware": true,
                                "Relation Name": "movie_companies",
                                "Alias": "mc",
                                "Startup Cost": 5033.45,
                                "Total Cost": 25883.89,
                                "Plan Rows": 69744,
                                "Plan Width": 4,
                                "Actual Startup Time": 60.926,
                                "Actual Total Time": 75.127,
                                "Actual Rows": 27195,
                                "Actual Loops": 2,
                                "Recheck Cond": "(company_id < 93)",
                                "Rows Removed by Index Recheck": 0,
                                "Filter": "(company_type_id > 1)",
                                "Rows Removed by Filter": 89138,
                                "Exact Heap Blocks": 13110,
                                "Lossy Heap Blocks": 0,
                                "Plans": [
                                  {
                                    "Node Type": "Bitmap Index Scan",
                                    "Parent Relationship": "Outer",
                                    "Parallel Aware": false,
                                    "Index Name": "company_id_movie_companies",
                                    "Startup Cost": 0.0,
                                    "Total Cost": 5003.81,
                                    "Plan Rows": 233517,
                                    "Plan Width": 0,
                                    "Actual Startup Time": 25.122,
                                    "Actual Total Time": 25.122,
                                    "Actual Rows": 232665,
                                    "Actual Loops": 1,
                                    "Index Cond": "(company_id < 93)"
                                  }
                                ]
                              }
                            ]
                          }
                        ]
                      }
                    ]
                  }
                ]
              }
            ]
          }
        ]
      }
    ]
  },
  "Planning Time": 1.168,
  "Triggers": [],
  "Execution Time": 682.08
}