{
  "Plan": {
    "Node Type": "Aggregate",
    "Strategy": "Plain",
    "Partial Mode": "Finalize",
    "Parallel Aware": false,
    "Startup Cost": 321806.89,
    "Total Cost": 321806.9,
    "Plan Rows": 1,
    "Plan Width": 8,
    "Actual Startup Time": 1323.475,
    "Actual Total Time": 1350.461,
    "Actual Rows": 1,
    "Actual Loops": 1,
    "Plans": [
      {
        "Node Type": "Gather",
        "Parent Relationship": "Outer",
        "Parallel Aware": false,
        "Startup Cost": 321806.77,
        "Total Cost": 321806.88,
        "Plan Rows": 1,
        "Plan Width": 8,
        "Actual Startup Time": 1319.135,
        "Actual Total Time": 1350.453,
        "Actual Rows": 2,
        "Actual Loops": 1,
        "Workers Planned": 1,
        "Workers Launched": 1,
        "Single Copy": false,
        "Plans": [
          {
            "Node Type": "Aggregate",
            "Strategy": "Plain",
            "Partial Mode": "Partial",
            "Parent Relationship": "Outer",
            "Parallel Aware": false,
            "Startup Cost": 320806.77,
            "Total Cost": 320806.78,
            "Plan Rows": 1,
            "Plan Width": 8,
            "Actual Startup Time": 1312.212,
            "Actual Total Time": 1312.218,
            "Actual Rows": 1,
            "Actual Loops": 2,
            "Plans": [
              {
                "Node Type": "Hash Join",
                "Parent Relationship": "Outer",
                "Parallel Aware": true,
                "Join Type": "Inner",
                "Startup Cost": 137729.53,
                "Total Cost": 320274.88,
                "Plan Rows": 212758,
                "Plan Width": 0,
                "Actual Startup Time": 804.168,
                "Actual Total Time": 1297.565,
                "Actual Rows": 363936,
                "Actual Loops": 2,
                "Inner Unique": false,
                "Hash Cond": "(t.id = mc.movie_id)",
                "Plans": [
                  {
                    "Node Type": "Hash Join",
                    "Parent Relationship": "Outer",
                    "Parallel Aware": true,
                    "Join Type": "Inner",
                    "Startup Cost": 97269.67,
                    "Total Cost": 272919.99,
                    "Plan Rows": 902963,
                    "Plan Width": 8,
                    "Actual Startup Time": 618.718,
                    "Actual Total Time": 930.001,
                    "Actual Rows": 766954,
                    "Actual Loops": 2,
                    "Inner Unique": true,
                    "Hash Cond": "(mi.movie_id = t.id)",
                    "Plans": [
                      {
                        "Node Type": "Bitmap Heap Scan",
                        "Parent Relationship": "Outer",
                        "Parallel Aware": true,
                        "Relation Name": "movie_info",
                        "Alias": "mi",
                        "Startup Cost": 27808.97,
                        "Total Cost": 201089.01,
                        "Plan Rows": 902963,
                        "Plan Width": 4,
                        "Actual Startup Time": 43.061,
                        "Actual Total Time": 112.174,
                        "Actual Rows": 766954,
                        "Actual Loops": 2,
                        "Recheck Cond": "(info_type_id = 3)",
                        "Rows Removed by Index Recheck": 0,
                        "Exact Heap Blocks": 5275,
                        "Lossy Heap Blocks": 0,
                        "Plans": [
                          {
                            "Node Type": "Bitmap Index Scan",
                            "Parent Relationship": "Outer",
                            "Parallel Aware": false,
                            "Index Name": "info_type_id_movie_info",
                            "Startup Cost": 0.0,
                            "Total Cost": 27425.21,
                            "Plan Rows": 1535037,
                            "Plan Width": 0,
                            "Actual Startup Time": 41.576,
                            "Actual Total Time": 41.576,
                            "Actual Rows": 1533909,
                            "Actual Loops": 1,
                            "Index Cond": "(info_type_id = 3)"
                          }
                        ]
                      },
                      {
                        "Node Type": "Hash",
                        "Parent Relationship": "Inner",
                        "Parallel Aware": true,
                        "Startup Cost": 50870.31,
                        "Total Cost": 50870.31,
                        "Plan Rows": 1487231,
                        "Plan Width": 4,
                        "Actual Startup Time": 563.404,
                        "Actual Total Time": 563.405,
                        "Actual Rows": 1264156,
                        "Actual Loops": 2,
                        "Hash Buckets": 4194304,
                        "Original Hash Buckets": 4194304,
                        "Hash Batches": 1,
                        "Original Hash Batches": 1,
                        "Peak Memory Usage": 131712,
                        "Plans": [
                          {
                            "Node Type": "Seq Scan",
                            "Parent Relationship": "Outer",
                            "Parallel Aware": true,
                            "Relation Name": "title",
                            "Alias": "t",
                            "Startup Cost": 0.0,
                            "Total Cost": 50870.31,
                            "Plan Rows": 1487231,
                            "Plan Width": 4,
                            "Actual Startup Time": 0.029,
                            "Actual Total Time": 151.906,
                            "Actual Rows": 1264156,
                            "Actual Loops": 2
                          }
                        ]
                      }
                    ]
                  },
                  {
                    "Node Type": "Hash",
                    "Parent Relationship": "Inner",
                    "Parallel Aware": true,
                    "Startup Cost": 36079.55,
                    "Total Cost": 36079.55,
                    "Plan Rows": 350424,
                    "Plan Width": 4,
                    "Actual Startup Time": 176.372,
                    "Actual Total Time": 176.373,
                    "Actual Rows": 304960,
                    "Actual Loops": 2,
                    "Hash Buckets": 1048576,
                    "Original Hash Buckets": 1048576,
                    "Hash Batches": 1,
                    "Original Hash Batches": 1,
                    "Peak Memory Usage": 32096,
                    "Plans": [
                      {
                        "Node Type": "Bitmap Heap Scan",
                        "Parent Relationship": "Outer",
                        "Parallel Aware": true,
                        "Relation Name": "movie_companies",
                        "Alias": "mc",
                        "Startup Cost": 12909.26,
                        "Total Cost": 36079.55,
                        "Plan Rows": 350424,
                        "Plan Width": 4,
                        "Actual Startup Time": 37.576,
                        "Actual Total Time": 93.383,
                        "Actual Rows": 304960,
                        "Actual Loops": 2,
                        "Recheck Cond": "(company_id > 65022)",
                        "Rows Removed by Index Recheck": 0,
                        "Exact Heap Blocks": 5638,
                        "Lossy Heap Blocks": 0,
                        "Plans": [
                          {
                            "Node Type": "Bitmap Index Scan",
                            "Parent Relationship": "Outer",
                            "Parallel Aware": false,
                            "Index Name": "company_id_movie_companies",
                            "Startup Cost": 0.0,
                            "Total Cost": 12760.33,
                            "Plan Rows": 595720,
                            "Plan Width": 0,
                            "Actual Startup Time": 36.218,
                            "Actual Total Time": 36.218,
                            "Actual Rows": 609919,
                            "Actual Loops": 1,
                            "Index Cond": "(company_id > 65022)"
                          }
                        ]
                      }
                    ]
                  }
                ]
              }
            ]
          }
        ]
      }
    ]
  },
  "Planning Time": 1.082,
  "Triggers": [],
  "Execution Time": 1350.588
}