[
  {
    "Plan": {
      "Node Type": "Aggregate",
      "Strategy": "Plain",
      "Partial Mode": "Finalize",
      "Parallel Aware": false,
      "Startup Cost": 32715.07,
      "Total Cost": 32715.08,
      "Plan Rows": 1,
      "Plan Width": 8,
      "Actual Startup Time": 86.541,
      "Actual Total Time": 94.597,
      "Actual Rows": 1,
      "Actual Loops": 1,
      "Plans": [
        {
          "Node Type": "Gather",
          "Parent Relationship": "Outer",
          "Parallel Aware": false,
          "Startup Cost": 32714.75,
          "Total Cost": 32715.06,
          "Plan Rows": 3,
          "Plan Width": 8,
          "Actual Startup Time": 86.444,
          "Actual Total Time": 94.589,
          "Actual Rows": 4,
          "Actual Loops": 1,
          "Workers Planned": 3,
          "Workers Launched": 3,
          "Single Copy": false,
          "Plans": [
            {
              "Node Type": "Aggregate",
              "Strategy": "Plain",
              "Partial Mode": "Partial",
              "Parent Relationship": "Outer",
              "Parallel Aware": false,
              "Startup Cost": 31714.75,
              "Total Cost": 31714.76,
              "Plan Rows": 1,
              "Plan Width": 8,
              "Actual Startup Time": 77.646,
              "Actual Total Time": 77.647,
              "Actual Rows": 1,
              "Actual Loops": 4,
              "Plans": [
                {
                  "Node Type": "Seq Scan",
                  "Parent Relationship": "Outer",
                  "Parallel Aware": true,
                  "Relation Name": "movie_companies",
                  "Alias": "mc",
                  "Startup Cost": 0.0,
                  "Total Cost": 31414.82,
                  "Plan Rows": 119973,
                  "Plan Width": 0,
                  "Actual Startup Time": 48.065,
                  "Actual Total Time": 75.449,
                  "Actual Rows": 52610,
                  "Actual Loops": 4,
                  "Filter": "((company_id < 1427) AND (company_type_id > 1))",
                  "Rows Removed by Filter": 599672
                }
              ]
            }
          ]
        }
      ]
    },
    "Planning Time": 0.191,
    "Triggers": [],
    "Execution Time": 94.719
  }
]