[
  {
    "Plan": {
      "Node Type": "Aggregate",
      "Strategy": "Plain",
      "Partial Mode": "Finalize",
      "Parallel Aware": false,
      "Startup Cost": 46539.43,
      "Total Cost": 46539.44,
      "Plan Rows": 1,
      "Plan Width": 8,
      "Actual Startup Time": 155.736,
      "Actual Total Time": 163.732,
      "Actual Rows": 1,
      "Actual Loops": 1,
      "Plans": [
        {
          "Node Type": "Gather",
          "Parent Relationship": "Outer",
          "Parallel Aware": false,
          "Startup Cost": 46539.12,
          "Total Cost": 46539.43,
          "Plan Rows": 3,
          "Plan Width": 8,
          "Actual Startup Time": 155.621,
          "Actual Total Time": 163.722,
          "Actual Rows": 4,
          "Actual Loops": 1,
          "Workers Planned": 3,
          "Workers Launched": 3,
          "Single Copy": false,
          "Plans": [
            {
              "Node Type": "Aggregate",
              "Strategy": "Plain",
              "Partial Mode": "Partial",
              "Parent Relationship": "Outer",
              "Parallel Aware": false,
              "Startup Cost": 45539.12,
              "Total Cost": 45539.13,
              "Plan Rows": 1,
              "Plan Width": 8,
              "Actual Startup Time": 151.923,
              "Actual Total Time": 151.924,
              "Actual Rows": 1,
              "Actual Loops": 4,
              "Plans": [
                {
                  "Node Type": "Seq Scan",
                  "Parent Relationship": "Outer",
                  "Parallel Aware": true,
                  "Relation Name": "movie_keyword",
                  "Alias": "mk",
                  "Startup Cost": 0.0,
                  "Total Cost": 42695.65,
                  "Plan Rows": 1137385,
                  "Plan Width": 0,
                  "Actual Startup Time": 0.026,
                  "Actual Total Time": 113.793,
                  "Actual Rows": 881097,
                  "Actual Loops": 4,
                  "Filter": "(keyword_id < 18567)",
                  "Rows Removed by Filter": 249886
                }
              ]
            }
          ]
        }
      ]
    },
    "Planning Time": 0.266,
    "Triggers": [],
    "Execution Time": 163.784
  }
]