[
  {
    "Plan": {
      "Node Type": "Aggregate",
      "Strategy": "Plain",
      "Partial Mode": "Finalize",
      "Parallel Aware": false,
      "Startup Cost": 185034.35,
      "Total Cost": 185034.36,
      "Plan Rows": 1,
      "Plan Width": 8,
      "Actual Startup Time": 157.514,
      "Actual Total Time": 167.452,
      "Actual Rows": 1,
      "Actual Loops": 1,
      "Plans": [
        {
          "Node Type": "Gather",
          "Parent Relationship": "Outer",
          "Parallel Aware": false,
          "Startup Cost": 185033.83,
          "Total Cost": 185034.34,
          "Plan Rows": 5,
          "Plan Width": 8,
          "Actual Startup Time": 156.777,
          "Actual Total Time": 167.44,
          "Actual Rows": 6,
          "Actual Loops": 1,
          "Workers Planned": 5,
          "Workers Launched": 5,
          "Single Copy": false,
          "Plans": [
            {
              "Node Type": "Aggregate",
              "Strategy": "Plain",
              "Partial Mode": "Partial",
              "Parent Relationship": "Outer",
              "Parallel Aware": false,
              "Startup Cost": 184033.83,
              "Total Cost": 184033.84,
              "Plan Rows": 1,
              "Plan Width": 8,
              "Actual Startup Time": 149.405,
              "Actual Total Time": 149.407,
              "Actual Rows": 1,
              "Actual Loops": 6,
              "Plans": [
                {
                  "Node Type": "Bitmap Heap Scan",
                  "Parent Relationship": "Outer",
                  "Parallel Aware": true,
                  "Relation Name": "movie_info",
                  "Alias": "mi",
                  "Startup Cost": 18902.86,
                  "Total Cost": 183510.83,
                  "Plan Rows": 209198,
                  "Plan Width": 0,
                  "Actual Startup Time": 59.068,
                  "Actual Total Time": 138.081,
                  "Actual Rows": 174386,
                  "Actual Loops": 6,
                  "Recheck Cond": "(info_type_id > 78)",
                  "Rows Removed by Index Recheck": 0,
                  "Exact Heap Blocks": 10858,
                  "Lossy Heap Blocks": 0,
                  "Plans": [
                    {
                      "Node Type": "Bitmap Index Scan",
                      "Parent Relationship": "Outer",
                      "Parallel Aware": false,
                      "Index Name": "info_type_id_movie_info",
                      "Startup Cost": 0.0,
                      "Total Cost": 18641.36,
                      "Plan Rows": 1045990,
                      "Plan Width": 0,
                      "Actual Startup Time": 59.82,
                      "Actual Total Time": 59.82,
                      "Actual Rows": 1046316,
                      "Actual Loops": 1,
                      "Index Cond": "(info_type_id > 78)"
                    }
                  ]
                }
              ]
            }
          ]
        }
      ]
    },
    "Planning Time": 0.191,
    "Triggers": [],
    "Execution Time": 167.531
  }
]