[
    {
        "Bao": {
            "Bao prediction": "NaN",
            "Bao recommended hint": "(no hint)"
        }
    },
    {
        "Plan": {
            "Node Type": "Aggregate",
            "Strategy": "Plain",
            "Partial Mode": "Finalize",
            "Parallel Aware": false,
            "Startup Cost": 246662.84,
            "Total Cost": 246662.85,
            "Plan Rows": 1,
            "Plan Width": 8,
            "Actual Startup Time": 425.807,
            "Actual Total Time": 451.931,
            "Actual Rows": 1,
            "Actual Loops": 1,
            "Output": [
                "count(*)"
            ],
            "Plans": [
                {
                    "Node Type": "Gather",
                    "Parent Relationship": "Outer",
                    "Parallel Aware": false,
                    "Startup Cost": 246662.32,
                    "Total Cost": 246662.83,
                    "Plan Rows": 5,
                    "Plan Width": 8,
                    "Actual Startup Time": 425.036,
                    "Actual Total Time": 451.921,
                    "Actual Rows": 6,
                    "Actual Loops": 1,
                    "Output": [
                        "(PARTIAL count(*))"
                    ],
                    "Workers Planned": 5,
                    "Workers Launched": 5,
                    "Single Copy": false,
                    "Plans": [
                        {
                            "Node Type": "Aggregate",
                            "Strategy": "Plain",
                            "Partial Mode": "Partial",
                            "Parent Relationship": "Outer",
                            "Parallel Aware": false,
                            "Startup Cost": 245662.32,
                            "Total Cost": 245662.33,
                            "Plan Rows": 1,
                            "Plan Width": 8,
                            "Actual Startup Time": 415.299,
                            "Actual Total Time": 415.302,
                            "Actual Rows": 1,
                            "Actual Loops": 6,
                            "Output": [
                                "PARTIAL count(*)"
                            ],
                            "Workers": [
                                {
                                    "Worker Number": 0,
                                    "Actual Startup Time": 413.207,
                                    "Actual Total Time": 413.21,
                                    "Actual Rows": 1,
                                    "Actual Loops": 1
                                },
                                {
                                    "Worker Number": 1,
                                    "Actual Startup Time": 413.383,
                                    "Actual Total Time": 413.386,
                                    "Actual Rows": 1,
                                    "Actual Loops": 1
                                },
                                {
                                    "Worker Number": 2,
                                    "Actual Startup Time": 413.371,
                                    "Actual Total Time": 413.374,
                                    "Actual Rows": 1,
                                    "Actual Loops": 1
                                },
                                {
                                    "Worker Number": 3,
                                    "Actual Startup Time": 413.581,
                                    "Actual Total Time": 413.584,
                                    "Actual Rows": 1,
                                    "Actual Loops": 1
                                },
                                {
                                    "Worker Number": 4,
                                    "Actual Startup Time": 413.582,
                                    "Actual Total Time": 413.585,
                                    "Actual Rows": 1,
                                    "Actual Loops": 1
                                }
                            ],
                            "Plans": [
                                {
                                    "Node Type": "Hash Join",
                                    "Parent Relationship": "Outer",
                                    "Parallel Aware": true,
                                    "Join Type": "Inner",
                                    "Startup Cost": 45757.37,
                                    "Total Cost": 245629.09,
                                    "Plan Rows": 13291,
                                    "Plan Width": 0,
                                    "Actual Startup Time": 100.163,
                                    "Actual Total Time": 414.959,
                                    "Actual Rows": 4525,
                                    "Actual Loops": 6,
                                    "Inner Unique": true,
                                    "Hash Cond": "(mi.movie_id = t.id)",
                                    "Workers": [
                                        {
                                            "Worker Number": 0,
                                            "Actual Startup Time": 97.982,
                                            "Actual Total Time": 412.81,
                                            "Actual Rows": 3443,
                                            "Actual Loops": 1
                                        },
                                        {
                                            "Worker Number": 1,
                                            "Actual Startup Time": 98.307,
                                            "Actual Total Time": 413.034,
                                            "Actual Rows": 2936,
                                            "Actual Loops": 1
                                        },
                                        {
                                            "Worker Number": 2,
                                            "Actual Startup Time": 98.21,
                                            "Actual Total Time": 413.024,
                                            "Actual Rows": 4675,
                                            "Actual Loops": 1
                                        },
                                        {
                                            "Worker Number": 3,
                                            "Actual Startup Time": 98.468,
                                            "Actual Total Time": 413.269,
                                            "Actual Rows": 4407,
                                            "Actual Loops": 1
                                        },
                                        {
                                            "Worker Number": 4,
                                            "Actual Startup Time": 98.493,
                                            "Actual Total Time": 413.258,
                                            "Actual Rows": 4560,
                                            "Actual Loops": 1
                                        }
                                    ],
                                    "Plans": [
                                        {
                                            "Node Type": "Seq Scan",
                                            "Parent Relationship": "Outer",
                                            "Parallel Aware": true,
                                            "Relation Name": "movie_info",
                                            "Schema": "public",
                                            "Alias": "mi",
                                            "Startup Cost": 0.0,
                                            "Total Cost": 198880.74,
                                            "Plan Rows": 377518,
                                            "Plan Width": 4,
                                            "Actual Startup Time": 15.436,
                                            "Actual Total Time": 294.782,
                                            "Actual Rows": 310939,
                                            "Actual Loops": 6,
                                            "Output": [
                                                "mi.id",
                                                "mi.movie_id",
                                                "mi.info_type_id",
                                                "mi.info",
                                                "mi.note"
                                            ],
                                            "Filter": "(mi.info_type_id > 17)",
                                            "Rows Removed by Filter": 2161681,
                                            "Workers": [
                                                {
                                                    "Worker Number": 0,
                                                    "Actual Startup Time": 15.438,
                                                    "Actual Total Time": 296.155,
                                                    "Actual Rows": 215504,
                                                    "Actual Loops": 1
                                                },
                                                {
                                                    "Worker Number": 1,
                                                    "Actual Startup Time": 15.42,
                                                    "Actual Total Time": 296.061,
                                                    "Actual Rows": 215078,
                                                    "Actual Loops": 1
                                                },
                                                {
                                                    "Worker Number": 2,
                                                    "Actual Startup Time": 15.446,
                                                    "Actual Total Time": 294.804,
                                                    "Actual Rows": 320529,
                                                    "Actual Loops": 1
                                                },
                                                {
                                                    "Worker Number": 3,
                                                    "Actual Startup Time": 15.422,
                                                    "Actual Total Time": 296.686,
                                                    "Actual Rows": 329742,
                                                    "Actual Loops": 1
                                                },
                                                {
                                                    "Worker Number": 4,
                                                    "Actual Startup Time": 15.424,
                                                    "Actual Total Time": 296.498,
                                                    "Actual Rows": 325016,
                                                    "Actual Loops": 1
                                                }
                                            ]
                                        },
                                        {
                                            "Node Type": "Hash",
                                            "Parent Relationship": "Inner",
                                            "Parallel Aware": true,
                                            "Startup Cost": 45479.21,
                                            "Total Cost": 45479.21,
                                            "Plan Rows": 22253,
                                            "Plan Width": 4,
                                            "Actual Startup Time": 83.724,
                                            "Actual Total Time": 83.725,
                                            "Actual Rows": 16792,
                                            "Actual Loops": 6,
                                            "Output": [
                                                "t.id"
                                            ],
                                            "Hash Buckets": 131072,
                                            "Original Hash Buckets": 131072,
                                            "Hash Batches": 1,
                                            "Original Hash Batches": 1,
                                            "Peak Memory Usage": 5056,
                                            "Workers": [
                                                {
                                                    "Worker Number": 0,
                                                    "Actual Startup Time": 81.79,
                                                    "Actual Total Time": 81.791,
                                                    "Actual Rows": 10790,
                                                    "Actual Loops": 1
                                                },
                                                {
                                                    "Worker Number": 1,
                                                    "Actual Startup Time": 82.012,
                                                    "Actual Total Time": 82.013,
                                                    "Actual Rows": 11065,
                                                    "Actual Loops": 1
                                                },
                                                {
                                                    "Worker Number": 2,
                                                    "Actual Startup Time": 81.936,
                                                    "Actual Total Time": 81.937,
                                                    "Actual Rows": 14057,
                                                    "Actual Loops": 1
                                                },
                                                {
                                                    "Worker Number": 3,
                                                    "Actual Startup Time": 82.019,
                                                    "Actual Total Time": 82.02,
                                                    "Actual Rows": 14570,
                                                    "Actual Loops": 1
                                                },
                                                {
                                                    "Worker Number": 4,
                                                    "Actual Startup Time": 82.023,
                                                    "Actual Total Time": 82.025,
                                                    "Actual Rows": 14586,
                                                    "Actual Loops": 1
                                                }
                                            ],
                                            "Plans": [
                                                {
                                                    "Node Type": "Seq Scan",
                                                    "Parent Relationship": "Outer",
                                                    "Parallel Aware": true,
                                                    "Relation Name": "title",
                                                    "Schema": "public",
                                                    "Alias": "t",
                                                    "Startup Cost": 0.0,
                                                    "Total Cost": 45479.21,
                                                    "Plan Rows": 22253,
                                                    "Plan Width": 4,
                                                    "Actual Startup Time": 0.058,
                                                    "Actual Total Time": 76.267,
                                                    "Actual Rows": 16792,
                                                    "Actual Loops": 6,
                                                    "Output": [
                                                        "t.id"
                                                    ],
                                                    "Filter": "((t.kind_id > 1) AND (t.production_year = 2008))",
                                                    "Rows Removed by Filter": 404593,
                                                    "Workers": [
                                                        {
                                                            "Worker Number": 0,
                                                            "Actual Startup Time": 0.045,
                                                            "Actual Total Time": 74.653,
                                                            "Actual Rows": 10790,
                                                            "Actual Loops": 1
                                                        },
                                                        {
                                                            "Worker Number": 1,
                                                            "Actual Startup Time": 0.069,
                                                            "Actual Total Time": 75.269,
                                                            "Actual Rows": 11065,
                                                            "Actual Loops": 1
                                                        },
                                                        {
                                                            "Worker Number": 2,
                                                            "Actual Startup Time": 0.044,
                                                            "Actual Total Time": 74.803,
                                                            "Actual Rows": 14057,
                                                            "Actual Loops": 1
                                                        },
                                                        {
                                                            "Worker Number": 3,
                                                            "Actual Startup Time": 0.09,
                                                            "Actual Total Time": 75.553,
                                                            "Actual Rows": 14570,
                                                            "Actual Loops": 1
                                                        },
                                                        {
                                                            "Worker Number": 4,
                                                            "Actual Startup Time": 0.09,
                                                            "Actual Total Time": 75.102,
                                                            "Actual Rows": 14586,
                                                            "Actual Loops": 1
                                                        }
                                                    ]
                                                }
                                            ]
                                        }
                                    ]
                                }
                            ]
                        }
                    ]
                }
            ]
        },
        "Planning Time": 193.131,
        "Triggers": [],
        "Execution Time": 451.987
    }
]