[
  {
    "Plan": {
      "Node Type": "Aggregate",
      "Strategy": "Plain",
      "Partial Mode": "Finalize",
      "Parallel Aware": false,
      "Startup Cost": 33068.6,
      "Total Cost": 33068.61,
      "Plan Rows": 1,
      "Plan Width": 8,
      "Actual Startup Time": 94.457,
      "Actual Total Time": 102.643,
      "Actual Rows": 1,
      "Actual Loops": 1,
      "Plans": [
        {
          "Node Type": "Gather",
          "Parent Relationship": "Outer",
          "Parallel Aware": false,
          "Startup Cost": 33068.28,
          "Total Cost": 33068.59,
          "Plan Rows": 3,
          "Plan Width": 8,
          "Actual Startup Time": 94.359,
          "Actual Total Time": 102.634,
          "Actual Rows": 4,
          "Actual Loops": 1,
          "Workers Planned": 3,
          "Workers Launched": 3,
          "Single Copy": false,
          "Plans": [
            {
              "Node Type": "Aggregate",
              "Strategy": "Plain",
              "Partial Mode": "Partial",
              "Parent Relationship": "Outer",
              "Parallel Aware": false,
              "Startup Cost": 32068.28,
              "Total Cost": 32068.29,
              "Plan Rows": 1,
              "Plan Width": 8,
              "Actual Startup Time": 86.605,
              "Actual Total Time": 86.606,
              "Actual Rows": 1,
              "Actual Loops": 4,
              "Plans": [
                {
                  "Node Type": "Seq Scan",
                  "Parent Relationship": "Outer",
                  "Parallel Aware": true,
                  "Relation Name": "movie_companies",
                  "Alias": "mc",
                  "Startup Cost": 0.0,
                  "Total Cost": 31414.82,
                  "Plan Rows": 261385,
                  "Plan Width": 0,
                  "Actual Startup Time": 4.611,
                  "Actual Total Time": 79.475,
                  "Actual Rows": 149036,
                  "Actual Loops": 4,
                  "Filter": "((company_id > 3929) AND (company_type_id = 1))",
                  "Rows Removed by Filter": 503246
                }
              ]
            }
          ]
        }
      ]
    },
    "Planning Time": 0.221,
    "Triggers": [],
    "Execution Time": 102.7
  }
]