[
  {
    "Plan": {
      "Node Type": "Aggregate",
      "Strategy": "Plain",
      "Partial Mode": "Finalize",
      "Parallel Aware": false,
      "Startup Cost": 89343.51,
      "Total Cost": 89343.52,
      "Plan Rows": 1,
      "Plan Width": 8,
      "Actual Startup Time": 317.21,
      "Actual Total Time": 337.067,
      "Actual Rows": 1,
      "Actual Loops": 1,
      "Plans": [
        {
          "Node Type": "Gather",
          "Parent Relationship": "Outer",
          "Parallel Aware": false,
          "Startup Cost": 89343.2,
          "Total Cost": 89343.51,
          "Plan Rows": 3,
          "Plan Width": 8,
          "Actual Startup Time": 316.432,
          "Actual Total Time": 337.053,
          "Actual Rows": 4,
          "Actual Loops": 1,
          "Workers Planned": 3,
          "Workers Launched": 3,
          "Single Copy": false,
          "Plans": [
            {
              "Node Type": "Aggregate",
              "Strategy": "Plain",
              "Partial Mode": "Partial",
              "Parent Relationship": "Outer",
              "Parallel Aware": false,
              "Startup Cost": 88343.2,
              "Total Cost": 88343.21,
              "Plan Rows": 1,
              "Plan Width": 8,
              "Actual Startup Time": 307.435,
              "Actual Total Time": 307.441,
              "Actual Rows": 1,
              "Actual Loops": 4,
              "Plans": [
                {
                  "Node Type": "Hash Join",
                  "Parent Relationship": "Outer",
                  "Parallel Aware": true,
                  "Join Type": "Inner",
                  "Startup Cost": 60481.55,
                  "Total Cost": 88323.97,
                  "Plan Rows": 7692,
                  "Plan Width": 0,
                  "Actual Startup Time": 192.833,
                  "Actual Total Time": 307.25,
                  "Actual Rows": 1215,
                  "Actual Loops": 4,
                  "Inner Unique": true,
                  "Hash Cond": "(mk.movie_id = t.id)",
                  "Plans": [
                    {
                      "Node Type": "Bitmap Heap Scan",
                      "Parent Relationship": "Outer",
                      "Parallel Aware": true,
                      "Relation Name": "movie_keyword",
                      "Alias": "mk",
                      "Startup Cost": 14730.69,
                      "Total Cost": 41985.03,
                      "Plan Rows": 224027,
                      "Plan Width": 4,
                      "Actual Startup Time": 65.81,
                      "Actual Total Time": 146.294,
                      "Actual Rows": 174868,
                      "Actual Loops": 4,
                      "Recheck Cond": "(keyword_id < 585)",
                      "Rows Removed by Index Recheck": 0,
                      "Exact Heap Blocks": 7814,
                      "Lossy Heap Blocks": 0,
                      "Plans": [
                        {
                          "Node Type": "Bitmap Index Scan",
                          "Parent Relationship": "Outer",
                          "Parallel Aware": false,
                          "Index Name": "keyword_id_movie_keyword",
                          "Startup Cost": 0.0,
                          "Total Cost": 14557.07,
                          "Plan Rows": 694485,
                          "Plan Width": 0,
                          "Actual Startup Time": 60.08,
                          "Actual Total Time": 60.081,
                          "Actual Rows": 699472,
                          "Actual Loops": 1,
                          "Index Cond": "(keyword_id < 585)"
                        }
                      ]
                    },
                    {
                      "Node Type": "Hash",
                      "Parent Relationship": "Inner",
                      "Parallel Aware": true,
                      "Startup Cost": 45479.59,
                      "Total Cost": 45479.59,
                      "Plan Rows": 21702,
                      "Plan Width": 4,
                      "Actual Startup Time": 125.812,
                      "Actual Total Time": 125.813,
                      "Actual Rows": 23157,
                      "Actual Loops": 4,
                      "Hash Buckets": 131072,
                      "Original Hash Buckets": 131072,
                      "Hash Batches": 1,
                      "Original Hash Batches": 1,
                      "Peak Memory Usage": 4736,
                      "Plans": [
                        {
                          "Node Type": "Seq Scan",
                          "Parent Relationship": "Outer",
                          "Parallel Aware": true,
                          "Relation Name": "title",
                          "Alias": "t",
                          "Startup Cost": 0.0,
                          "Total Cost": 45479.59,
                          "Plan Rows": 21702,
                          "Plan Width": 4,
                          "Actual Startup Time": 0.051,
                          "Actual Total Time": 115.122,
                          "Actual Rows": 23157,
                          "Actual Loops": 4,
                          "Filter": "((kind_id = 7) AND (production_year = 2010))",
                          "Rows Removed by Filter": 608921
                        }
                      ]
                    }
                  ]
                }
              ]
            }
          ]
        }
      ]
    },
    "Planning Time": 0.288,
    "Triggers": [],
    "Execution Time": 337.123
  }
]