[
  {
    "Plan": {
      "Node Type": "Aggregate",
      "Strategy": "Plain",
      "Partial Mode": "Finalize",
      "Parallel Aware": false,
      "Startup Cost": 31946.09,
      "Total Cost": 31946.1,
      "Plan Rows": 1,
      "Plan Width": 8,
      "Actual Startup Time": 134.424,
      "Actual Total Time": 144.524,
      "Actual Rows": 1,
      "Actual Loops": 1,
      "Plans": [
        {
          "Node Type": "Gather",
          "Parent Relationship": "Outer",
          "Parallel Aware": false,
          "Startup Cost": 31945.78,
          "Total Cost": 31946.09,
          "Plan Rows": 3,
          "Plan Width": 8,
          "Actual Startup Time": 134.256,
          "Actual Total Time": 144.509,
          "Actual Rows": 4,
          "Actual Loops": 1,
          "Workers Planned": 3,
          "Workers Launched": 3,
          "Single Copy": false,
          "Plans": [
            {
              "Node Type": "Aggregate",
              "Strategy": "Plain",
              "Partial Mode": "Partial",
              "Parent Relationship": "Outer",
              "Parallel Aware": false,
              "Startup Cost": 30945.78,
              "Total Cost": 30945.79,
              "Plan Rows": 1,
              "Plan Width": 8,
              "Actual Startup Time": 127.364,
              "Actual Total Time": 127.366,
              "Actual Rows": 1,
              "Actual Loops": 4,
              "Plans": [
                {
                  "Node Type": "Seq Scan",
                  "Parent Relationship": "Outer",
                  "Parallel Aware": true,
                  "Relation Name": "movie_companies",
                  "Alias": "mc",
                  "Startup Cost": 0.0,
                  "Total Cost": 29310.68,
                  "Plan Rows": 654038,
                  "Plan Width": 0,
                  "Actual Startup Time": 0.048,
                  "Actual Total Time": 96.79,
                  "Actual Rows": 507760,
                  "Actual Loops": 4,
                  "Filter": "(company_id < 71105)",
                  "Rows Removed by Filter": 144523
                }
              ]
            }
          ]
        }
      ]
    },
    "Planning Time": 0.128,
    "Triggers": [],
    "Execution Time": 144.558
  }
]