[
  {
    "Plan": {
      "Node Type": "Aggregate",
      "Strategy": "Plain",
      "Partial Mode": "Finalize",
      "Parallel Aware": false,
      "Startup Cost": 46546.29,
      "Total Cost": 46546.3,
      "Plan Rows": 1,
      "Plan Width": 8,
      "Actual Startup Time": 95.903,
      "Actual Total Time": 110.933,
      "Actual Rows": 1,
      "Actual Loops": 1,
      "Plans": [
        {
          "Node Type": "Gather",
          "Parent Relationship": "Outer",
          "Parallel Aware": false,
          "Startup Cost": 46545.87,
          "Total Cost": 46546.28,
          "Plan Rows": 4,
          "Plan Width": 8,
          "Actual Startup Time": 95.541,
          "Actual Total Time": 110.921,
          "Actual Rows": 5,
          "Actual Loops": 1,
          "Workers Planned": 4,
          "Workers Launched": 4,
          "Single Copy": false,
          "Plans": [
            {
              "Node Type": "Aggregate",
              "Strategy": "Plain",
              "Partial Mode": "Partial",
              "Parent Relationship": "Outer",
              "Parallel Aware": false,
              "Startup Cost": 45545.87,
              "Total Cost": 45545.88,
              "Plan Rows": 1,
              "Plan Width": 8,
              "Actual Startup Time": 88.349,
              "Actual Total Time": 88.351,
              "Actual Rows": 1,
              "Actual Loops": 5,
              "Plans": [
                {
                  "Node Type": "Seq Scan",
                  "Parent Relationship": "Outer",
                  "Parallel Aware": true,
                  "Relation Name": "title",
                  "Alias": "t",
                  "Startup Cost": 0.0,
                  "Total Cost": 45479.59,
                  "Plan Rows": 26513,
                  "Plan Width": 0,
                  "Actual Startup Time": 0.093,
                  "Actual Total Time": 88.019,
                  "Actual Rows": 2779,
                  "Actual Loops": 5,
                  "Filter": "((production_year < 1954) AND (kind_id = 7))",
                  "Rows Removed by Filter": 502883
                }
              ]
            }
          ]
        }
      ]
    },
    "Planning Time": 0.081,
    "Triggers": [],
    "Execution Time": 110.972
  }
]