[
  {
    "Plan": {
      "Node Type": "Aggregate",
      "Strategy": "Plain",
      "Partial Mode": "Finalize",
      "Parallel Aware": false,
      "Startup Cost": 259347.02,
      "Total Cost": 259347.03,
      "Plan Rows": 1,
      "Plan Width": 8,
      "Actual Startup Time": 361.214,
      "Actual Total Time": 378.632,
      "Actual Rows": 1,
      "Actual Loops": 1,
      "Plans": [
        {
          "Node Type": "Gather",
          "Parent Relationship": "Outer",
          "Parallel Aware": false,
          "Startup Cost": 259346.39,
          "Total Cost": 259347.0,
          "Plan Rows": 6,
          "Plan Width": 8,
          "Actual Startup Time": 360.997,
          "Actual Total Time": 378.623,
          "Actual Rows": 7,
          "Actual Loops": 1,
          "Workers Planned": 6,
          "Workers Launched": 6,
          "Single Copy": false,
          "Plans": [
            {
              "Node Type": "Aggregate",
              "Strategy": "Plain",
              "Partial Mode": "Partial",
              "Parent Relationship": "Outer",
              "Parallel Aware": false,
              "Startup Cost": 258346.39,
              "Total Cost": 258346.4,
              "Plan Rows": 1,
              "Plan Width": 8,
              "Actual Startup Time": 350.991,
              "Actual Total Time": 350.993,
              "Actual Rows": 1,
              "Actual Loops": 7,
              "Plans": [
                {
                  "Node Type": "Index Scan",
                  "Parent Relationship": "Outer",
                  "Parallel Aware": true,
                  "Scan Direction": "Forward",
                  "Index Name": "role_id_cast_info",
                  "Relation Name": "cast_info",
                  "Alias": "ci",
                  "Startup Cost": 0.56,
                  "Total Cost": 255086.64,
                  "Plan Rows": 1303900,
                  "Plan Width": 0,
                  "Actual Startup Time": 0.188,
                  "Actual Total Time": 296.87,
                  "Actual Rows": 1216152,
                  "Actual Loops": 7,
                  "Index Cond": "(role_id > 4)",
                  "Rows Removed by Index Recheck": 0,
                  "Filter": "(person_id > 634522)",
                  "Rows Removed by Filter": 124519
                }
              ]
            }
          ]
        }
      ]
    },
    "Planning Time": 0.201,
    "Triggers": [],
    "Execution Time": 378.693
  }
]