[
  {
    "Plan": {
      "Node Type": "Aggregate",
      "Strategy": "Plain",
      "Partial Mode": "Finalize",
      "Parallel Aware": false,
      "Startup Cost": 46866.98,
      "Total Cost": 46866.99,
      "Plan Rows": 1,
      "Plan Width": 8,
      "Actual Startup Time": 89.209,
      "Actual Total Time": 101.059,
      "Actual Rows": 1,
      "Actual Loops": 1,
      "Plans": [
        {
          "Node Type": "Gather",
          "Parent Relationship": "Outer",
          "Parallel Aware": false,
          "Startup Cost": 46866.56,
          "Total Cost": 46866.97,
          "Plan Rows": 4,
          "Plan Width": 8,
          "Actual Startup Time": 89.053,
          "Actual Total Time": 101.051,
          "Actual Rows": 5,
          "Actual Loops": 1,
          "Workers Planned": 4,
          "Workers Launched": 4,
          "Single Copy": false,
          "Plans": [
            {
              "Node Type": "Aggregate",
              "Strategy": "Plain",
              "Partial Mode": "Partial",
              "Parent Relationship": "Outer",
              "Parallel Aware": false,
              "Startup Cost": 45866.56,
              "Total Cost": 45866.57,
              "Plan Rows": 1,
              "Plan Width": 8,
              "Actual Startup Time": 84.112,
              "Actual Total Time": 84.115,
              "Actual Rows": 1,
              "Actual Loops": 5,
              "Plans": [
                {
                  "Node Type": "Seq Scan",
                  "Parent Relationship": "Outer",
                  "Parallel Aware": true,
                  "Relation Name": "title",
                  "Alias": "t",
                  "Startup Cost": 0.0,
                  "Total Cost": 45479.59,
                  "Plan Rows": 154790,
                  "Plan Width": 0,
                  "Actual Startup Time": 36.29,
                  "Actual Total Time": 79.342,
                  "Actual Rows": 114211,
                  "Actual Loops": 5,
                  "Filter": "((production_year > 1919) AND (kind_id = 1))",
                  "Rows Removed by Filter": 391452
                }
              ]
            }
          ]
        }
      ]
    },
    "Planning Time": 0.054,
    "Triggers": [],
    "Execution Time": 101.084
  }
]