[
    {
        "Bao": {
            "Bao prediction": "NaN",
            "Bao recommended hint": "(no hint)"
        }
    },
    {
        "Plan": {
            "Node Type": "Aggregate",
            "Strategy": "Plain",
            "Partial Mode": "Finalize",
            "Parallel Aware": false,
            "Startup Cost": 250877.98,
            "Total Cost": 250877.99,
            "Plan Rows": 1,
            "Plan Width": 8,
            "Actual Startup Time": 742.585,
            "Actual Total Time": 768.428,
            "Actual Rows": 1,
            "Actual Loops": 1,
            "Output": [
                "count(*)"
            ],
            "Plans": [
                {
                    "Node Type": "Gather",
                    "Parent Relationship": "Outer",
                    "Parallel Aware": false,
                    "Startup Cost": 250877.46,
                    "Total Cost": 250877.97,
                    "Plan Rows": 5,
                    "Plan Width": 8,
                    "Actual Startup Time": 741.69,
                    "Actual Total Time": 768.419,
                    "Actual Rows": 6,
                    "Actual Loops": 1,
                    "Output": [
                        "(PARTIAL count(*))"
                    ],
                    "Workers Planned": 5,
                    "Workers Launched": 5,
                    "Single Copy": false,
                    "Plans": [
                        {
                            "Node Type": "Aggregate",
                            "Strategy": "Plain",
                            "Partial Mode": "Partial",
                            "Parent Relationship": "Outer",
                            "Parallel Aware": false,
                            "Startup Cost": 249877.46,
                            "Total Cost": 249877.47,
                            "Plan Rows": 1,
                            "Plan Width": 8,
                            "Actual Startup Time": 731.507,
                            "Actual Total Time": 731.51,
                            "Actual Rows": 1,
                            "Actual Loops": 6,
                            "Output": [
                                "PARTIAL count(*)"
                            ],
                            "Workers": [
                                {
                                    "Worker Number": 0,
                                    "Actual Startup Time": 728.998,
                                    "Actual Total Time": 729.001,
                                    "Actual Rows": 1,
                                    "Actual Loops": 1
                                },
                                {
                                    "Worker Number": 1,
                                    "Actual Startup Time": 728.843,
                                    "Actual Total Time": 728.846,
                                    "Actual Rows": 1,
                                    "Actual Loops": 1
                                },
                                {
                                    "Worker Number": 2,
                                    "Actual Startup Time": 730.02,
                                    "Actual Total Time": 730.023,
                                    "Actual Rows": 1,
                                    "Actual Loops": 1
                                },
                                {
                                    "Worker Number": 3,
                                    "Actual Startup Time": 730.041,
                                    "Actual Total Time": 730.043,
                                    "Actual Rows": 1,
                                    "Actual Loops": 1
                                },
                                {
                                    "Worker Number": 4,
                                    "Actual Startup Time": 730.061,
                                    "Actual Total Time": 730.064,
                                    "Actual Rows": 1,
                                    "Actual Loops": 1
                                }
                            ],
                            "Plans": [
                                {
                                    "Node Type": "Hash Join",
                                    "Parent Relationship": "Outer",
                                    "Parallel Aware": true,
                                    "Join Type": "Inner",
                                    "Startup Cost": 45803.56,
                                    "Total Cost": 249682.07,
                                    "Plan Rows": 78157,
                                    "Plan Width": 0,
                                    "Actual Startup Time": 110.203,
                                    "Actual Total Time": 723.399,
                                    "Actual Rows": 118755,
                                    "Actual Loops": 6,
                                    "Inner Unique": true,
                                    "Hash Cond": "(mi.movie_id = t.id)",
                                    "Workers": [
                                        {
                                            "Worker Number": 0,
                                            "Actual Startup Time": 107.59,
                                            "Actual Total Time": 720.936,
                                            "Actual Rows": 102651,
                                            "Actual Loops": 1
                                        },
                                        {
                                            "Worker Number": 1,
                                            "Actual Startup Time": 107.583,
                                            "Actual Total Time": 720.843,
                                            "Actual Rows": 103099,
                                            "Actual Loops": 1
                                        },
                                        {
                                            "Worker Number": 2,
                                            "Actual Startup Time": 108.755,
                                            "Actual Total Time": 721.01,
                                            "Actual Rows": 105830,
                                            "Actual Loops": 1
                                        },
                                        {
                                            "Worker Number": 3,
                                            "Actual Startup Time": 108.719,
                                            "Actual Total Time": 722.407,
                                            "Actual Rows": 162972,
                                            "Actual Loops": 1
                                        },
                                        {
                                            "Worker Number": 4,
                                            "Actual Startup Time": 108.77,
                                            "Actual Total Time": 721.899,
                                            "Actual Rows": 105085,
                                            "Actual Loops": 1
                                        }
                                    ],
                                    "Plans": [
                                        {
                                            "Node Type": "Seq Scan",
                                            "Parent Relationship": "Outer",
                                            "Parallel Aware": true,
                                            "Relation Name": "movie_info",
                                            "Schema": "public",
                                            "Alias": "mi",
                                            "Startup Cost": 0.0,
                                            "Total Cost": 198880.74,
                                            "Plan Rows": 1903910,
                                            "Plan Width": 4,
                                            "Actual Startup Time": 0.029,
                                            "Actual Total Time": 401.863,
                                            "Actual Rows": 1594192,
                                            "Actual Loops": 6,
                                            "Output": [
                                                "mi.id",
                                                "mi.movie_id",
                                                "mi.info_type_id",
                                                "mi.info",
                                                "mi.note"
                                            ],
                                            "Filter": "(mi.info_type_id < 16)",
                                            "Rows Removed by Filter": 878428,
                                            "Workers": [
                                                {
                                                    "Worker Number": 0,
                                                    "Actual Startup Time": 0.036,
                                                    "Actual Total Time": 406.269,
                                                    "Actual Rows": 1383786,
                                                    "Actual Loops": 1
                                                },
                                                {
                                                    "Worker Number": 1,
                                                    "Actual Startup Time": 0.031,
                                                    "Actual Total Time": 402.01,
                                                    "Actual Rows": 1377231,
                                                    "Actual Loops": 1
                                                },
                                                {
                                                    "Worker Number": 2,
                                                    "Actual Startup Time": 0.037,
                                                    "Actual Total Time": 406.726,
                                                    "Actual Rows": 1413544,
                                                    "Actual Loops": 1
                                                },
                                                {
                                                    "Worker Number": 3,
                                                    "Actual Startup Time": 0.028,
                                                    "Actual Total Time": 403.538,
                                                    "Actual Rows": 2201603,
                                                    "Actual Loops": 1
                                                },
                                                {
                                                    "Worker Number": 4,
                                                    "Actual Startup Time": 0.032,
                                                    "Actual Total Time": 406.464,
                                                    "Actual Rows": 1411428,
                                                    "Actual Loops": 1
                                                }
                                            ]
                                        },
                                        {
                                            "Node Type": "Hash",
                                            "Parent Relationship": "Inner",
                                            "Parallel Aware": true,
                                            "Startup Cost": 45479.21,
                                            "Total Cost": 45479.21,
                                            "Plan Rows": 25948,
                                            "Plan Width": 4,
                                            "Actual Startup Time": 97.221,
                                            "Actual Total Time": 97.222,
                                            "Actual Rows": 16499,
                                            "Actual Loops": 6,
                                            "Output": [
                                                "t.id"
                                            ],
                                            "Hash Buckets": 131072,
                                            "Original Hash Buckets": 131072,
                                            "Hash Batches": 1,
                                            "Original Hash Batches": 1,
                                            "Peak Memory Usage": 4960,
                                            "Workers": [
                                                {
                                                    "Worker Number": 0,
                                                    "Actual Startup Time": 94.729,
                                                    "Actual Total Time": 94.729,
                                                    "Actual Rows": 13617,
                                                    "Actual Loops": 1
                                                },
                                                {
                                                    "Worker Number": 1,
                                                    "Actual Startup Time": 94.654,
                                                    "Actual Total Time": 94.655,
                                                    "Actual Rows": 13057,
                                                    "Actual Loops": 1
                                                },
                                                {
                                                    "Worker Number": 2,
                                                    "Actual Startup Time": 95.964,
                                                    "Actual Total Time": 95.965,
                                                    "Actual Rows": 14494,
                                                    "Actual Loops": 1
                                                },
                                                {
                                                    "Worker Number": 3,
                                                    "Actual Startup Time": 95.963,
                                                    "Actual Total Time": 95.964,
                                                    "Actual Rows": 22651,
                                                    "Actual Loops": 1
                                                },
                                                {
                                                    "Worker Number": 4,
                                                    "Actual Startup Time": 96.027,
                                                    "Actual Total Time": 96.028,
                                                    "Actual Rows": 14226,
                                                    "Actual Loops": 1
                                                }
                                            ],
                                            "Plans": [
                                                {
                                                    "Node Type": "Seq Scan",
                                                    "Parent Relationship": "Outer",
                                                    "Parallel Aware": true,
                                                    "Relation Name": "title",
                                                    "Schema": "public",
                                                    "Alias": "t",
                                                    "Startup Cost": 0.0,
                                                    "Total Cost": 45479.21,
                                                    "Plan Rows": 25948,
                                                    "Plan Width": 4,
                                                    "Actual Startup Time": 46.605,
                                                    "Actual Total Time": 90.763,
                                                    "Actual Rows": 16499,
                                                    "Actual Loops": 6,
                                                    "Output": [
                                                        "t.id"
                                                    ],
                                                    "Filter": "((t.kind_id < 2) AND (t.production_year > 2010))",
                                                    "Rows Removed by Filter": 404887,
                                                    "Workers": [
                                                        {
                                                            "Worker Number": 0,
                                                            "Actual Startup Time": 53.251,
                                                            "Actual Total Time": 88.14,
                                                            "Actual Rows": 13617,
                                                            "Actual Loops": 1
                                                        },
                                                        {
                                                            "Worker Number": 1,
                                                            "Actual Startup Time": 52.664,
                                                            "Actual Total Time": 88.214,
                                                            "Actual Rows": 13057,
                                                            "Actual Loops": 1
                                                        },
                                                        {
                                                            "Worker Number": 2,
                                                            "Actual Startup Time": 54.038,
                                                            "Actual Total Time": 90.271,
                                                            "Actual Rows": 14494,
                                                            "Actual Loops": 1
                                                        },
                                                        {
                                                            "Worker Number": 3,
                                                            "Actual Startup Time": 53.966,
                                                            "Actual Total Time": 89.737,
                                                            "Actual Rows": 22651,
                                                            "Actual Loops": 1
                                                        },
                                                        {
                                                            "Worker Number": 4,
                                                            "Actual Startup Time": 55.386,
                                                            "Actual Total Time": 90.295,
                                                            "Actual Rows": 14226,
                                                            "Actual Loops": 1
                                                        }
                                                    ]
                                                }
                                            ]
                                        }
                                    ]
                                }
                            ]
                        }
                    ]
                }
            ]
        },
        "Planning Time": 310.367,
        "Triggers": [],
        "Execution Time": 768.546
    }
]