{
  "Plan": {
    "Node Type": "Aggregate",
    "Strategy": "Plain",
    "Partial Mode": "Finalize",
    "Parallel Aware": false,
    "Startup Cost": 87583.34,
    "Total Cost": 87583.35,
    "Plan Rows": 1,
    "Plan Width": 8,
    "Actual Startup Time": 225.039,
    "Actual Total Time": 240.785,
    "Actual Rows": 1,
    "Actual Loops": 1,
    "Plans": [
      {
        "Node Type": "Gather",
        "Parent Relationship": "Outer",
        "Parallel Aware": false,
        "Startup Cost": 87583.23,
        "Total Cost": 87583.34,
        "Plan Rows": 1,
        "Plan Width": 8,
        "Actual Startup Time": 224.611,
        "Actual Total Time": 240.778,
        "Actual Rows": 2,
        "Actual Loops": 1,
        "Workers Planned": 1,
        "Workers Launched": 1,
        "Single Copy": false,
        "Plans": [
          {
            "Node Type": "Aggregate",
            "Strategy": "Plain",
            "Partial Mode": "Partial",
            "Parent Relationship": "Outer",
            "Parallel Aware": false,
            "Startup Cost": 86583.23,
            "Total Cost": 86583.24,
            "Plan Rows": 1,
            "Plan Width": 8,
            "Actual Startup Time": 218.586,
            "Actual Total Time": 218.589,
            "Actual Rows": 1,
            "Actual Loops": 2,
            "Plans": [
              {
                "Node Type": "Hash Join",
                "Parent Relationship": "Outer",
                "Parallel Aware": true,
                "Join Type": "Inner",
                "Startup Cost": 65159.65,
                "Total Cost": 86572.41,
                "Plan Rows": 4329,
                "Plan Width": 0,
                "Actual Startup Time": 161.191,
                "Actual Total Time": 218.451,
                "Actual Rows": 1475,
                "Actual Loops": 2,
                "Inner Unique": true,
                "Hash Cond": "(mc.movie_id = t.id)",
                "Plans": [
                  {
                    "Node Type": "Bitmap Heap Scan",
                    "Parent Relationship": "Outer",
                    "Parallel Aware": true,
                    "Relation Name": "movie_companies",
                    "Alias": "mc",
                    "Startup Cost": 6389.05,
                    "Total Cost": 27346.63,
                    "Plan Rows": 173406,
                    "Plan Width": 4,
                    "Actual Startup Time": 16.217,
                    "Actual Total Time": 53.486,
                    "Actual Rows": 146438,
                    "Actual Loops": 2,
                    "Recheck Cond": "(company_id < 160)",
                    "Rows Removed by Index Recheck": 0,
                    "Exact Heap Blocks": 10804,
                    "Lossy Heap Blocks": 0,
                    "Plans": [
                      {
                        "Node Type": "Bitmap Index Scan",
                        "Parent Relationship": "Outer",
                        "Parallel Aware": false,
                        "Index Name": "company_id_movie_companies",
                        "Startup Cost": 0.0,
                        "Total Cost": 6315.35,
                        "Plan Rows": 294790,
                        "Plan Width": 0,
                        "Actual Startup Time": 13.595,
                        "Actual Total Time": 13.596,
                        "Actual Rows": 292877,
                        "Actual Loops": 1,
                        "Index Cond": "(company_id < 160)"
                      }
                    ]
                  },
                  {
                    "Node Type": "Hash",
                    "Parent Relationship": "Inner",
                    "Parallel Aware": true,
                    "Startup Cost": 58306.47,
                    "Total Cost": 58306.47,
                    "Plan Rows": 37130,
                    "Plan Width": 4,
                    "Actual Startup Time": 143.523,
                    "Actual Total Time": 143.524,
                    "Actual Rows": 26952,
                    "Actual Loops": 2,
                    "Hash Buckets": 65536,
                    "Original Hash Buckets": 65536,
                    "Hash Batches": 1,
                    "Original Hash Batches": 1,
                    "Peak Memory Usage": 2624,
                    "Plans": [
                      {
                        "Node Type": "Seq Scan",
                        "Parent Relationship": "Outer",
                        "Parallel Aware": true,
                        "Relation Name": "title",
                        "Alias": "t",
                        "Startup Cost": 0.0,
                        "Total Cost": 58306.47,
                        "Plan Rows": 37130,
                        "Plan Width": 4,
                        "Actual Startup Time": 0.081,
                        "Actual Total Time": 136.9,
                        "Actual Rows": 26952,
                        "Actual Loops": 2,
                        "Filter": "((kind_id < 7) AND (production_year = 2012))",
                        "Rows Removed by Filter": 1237204
                      }
                    ]
                  }
                ]
              }
            ]
          }
        ]
      }
    ]
  },
  "Planning Time": 0.504,
  "Triggers": [],
  "Execution Time": 240.88
}