{
  "Plan": {
    "Node Type": "Aggregate",
    "Strategy": "Plain",
    "Partial Mode": "Simple",
    "Parallel Aware": false,
    "Startup Cost": 140048.03,
    "Total Cost": 140048.04,
    "Plan Rows": 1,
    "Plan Width": 64,
    "Actual Startup Time": 1187.151,
    "Actual Total Time": 1213.95,
    "Actual Rows": 1,
    "Actual Loops": 1,
    "Plans": [
      {
        "Node Type": "Gather",
        "Parent Relationship": "Outer",
        "Parallel Aware": false,
        "Startup Cost": 119366.07,
        "Total Cost": 140048.03,
        "Plan Rows": 1,
        "Plan Width": 23,
        "Actual Startup Time": 1185.413,
        "Actual Total Time": 1213.934,
        "Actual Rows": 4,
        "Actual Loops": 1,
        "Workers Planned": 1,
        "Workers Launched": 1,
        "Single Copy": false,
        "Plans": [
          {
            "Node Type": "Nested Loop",
            "Parent Relationship": "Outer",
            "Parallel Aware": false,
            "Join Type": "Inner",
            "Startup Cost": 118366.07,
            "Total Cost": 139047.93,
            "Plan Rows": 1,
            "Plan Width": 23,
            "Actual Startup Time": 1093.131,
            "Actual Total Time": 1178.145,
            "Actual Rows": 2,
            "Actual Loops": 2,
            "Inner Unique": true,
            "Plans": [
              {
                "Node Type": "Nested Loop",
                "Parent Relationship": "Outer",
                "Parallel Aware": false,
                "Join Type": "Inner",
                "Startup Cost": 118365.92,
                "Total Cost": 139047.74,
                "Plan Rows": 1,
                "Plan Width": 27,
                "Actual Startup Time": 992.413,
                "Actual Total Time": 1177.959,
                "Actual Rows": 157,
                "Actual Loops": 2,
                "Inner Unique": true,
                "Plans": [
                  {
                    "Node Type": "Nested Loop",
                    "Parent Relationship": "Outer",
                    "Parallel Aware": false,
                    "Join Type": "Inner",
                    "Startup Cost": 118365.78,
                    "Total Cost": 139047.56,
                    "Plan Rows": 1,
                    "Plan Width": 31,
                    "Actual Startup Time": 992.387,
                    "Actual Total Time": 1177.427,
                    "Actual Rows": 354,
                    "Actual Loops": 2,
                    "Inner Unique": false,
                    "Join Filter": "(t.id = mi.movie_id)",
                    "Rows Removed by Join Filter": 0,
                    "Plans": [
                      {
                        "Node Type": "Hash Join",
                        "Parent Relationship": "Outer",
                        "Parallel Aware": false,
                        "Join Type": "Inner",
                        "Startup Cost": 118365.35,
                        "Total Cost": 139045.7,
                        "Plan Rows": 1,
                        "Plan Width": 39,
                        "Actual Startup Time": 992.195,
                        "Actual Total Time": 1165.605,
                        "Actual Rows": 272,
                        "Actual Loops": 2,
                        "Inner Unique": true,
                        "Hash Cond": "(mk.keyword_id = k.id)",
                        "Plans": [
                          {
                            "Node Type": "Hash Join",
                            "Parent Relationship": "Outer",
                            "Parallel Aware": true,
                            "Join Type": "Inner",
                            "Startup Cost": 115403.75,
                            "Total Cost": 135978.94,
                            "Plan Rows": 40061,
                            "Plan Width": 43,
                            "Actual Startup Time": 956.259,
                            "Actual Total Time": 1123.972,
                            "Actual Rows": 95468,
                            "Actual Loops": 2,
                            "Inner Unique": false,
                            "Hash Cond": "(mi_idx.movie_id = t.id)",
                            "Plans": [
                              {
                                "Node Type": "Seq Scan",
                                "Parent Relationship": "Outer",
                                "Parallel Aware": true,
                                "Relation Name": "movie_info_idx",
                                "Alias": "mi_idx",
                                "Startup Cost": 0.0,
                                "Total Cost": 18082.32,
                                "Plan Rows": 601928,
                                "Plan Width": 14,
                                "Actual Startup Time": 0.023,
                                "Actual Total Time": 95.039,
                                "Actual Rows": 509538,
                                "Actual Loops": 2,
                                "Filter": "(info < '6.2'::text)",
                                "Rows Removed by Filter": 180479
                              },
                              {
                                "Node Type": "Hash",
                                "Parent Relationship": "Inner",
                                "Parallel Aware": true,
                                "Startup Cost": 114166.52,
                                "Total Cost": 114166.52,
                                "Plan Rows": 98978,
                                "Plan Width": 29,
                                "Actual Startup Time": 954.708,
                                "Actual Total Time": 954.714,
                                "Actual Rows": 88407,
                                "Actual Loops": 2,
                                "Hash Buckets": 262144,
                                "Original Hash Buckets": 262144,
                                "Hash Batches": 1,
                                "Original Hash Batches": 1,
                                "Peak Memory Usage": 13120,
                                "Plans": [
                                  {
                                    "Node Type": "Hash Join",
                                    "Parent Relationship": "Outer",
                                    "Parallel Aware": false,
                                    "Join Type": "Inner",
                                    "Startup Cost": 52132.14,
                                    "Total Cost": 114166.52,
                                    "Plan Rows": 98978,
                                    "Plan Width": 29,
                                    "Actual Startup Time": 675.224,
                                    "Actual Total Time": 934.498,
                                    "Actual Rows": 88407,
                                    "Actual Loops": 2,
                                    "Inner Unique": false,
                                    "Hash Cond": "(mk.movie_id = t.id)",
                                    "Plans": [
                                      {
                                        "Node Type": "Seq Scan",
                                        "Parent Relationship": "Outer",
                                        "Parallel Aware": true,
                                        "Relation Name": "movie_keyword",
                                        "Alias": "mk",
                                        "Startup Cost": 0.0,
                                        "Total Cost": 51065.35,
                                        "Plan Rows": 2661135,
                                        "Plan Width": 8,
                                        "Actual Startup Time": 0.033,
                                        "Actual Total Time": 190.992,
                                        "Actual Rows": 2261965,
                                        "Actual Loops": 2
                                      },
                                      {
                                        "Node Type": "Hash",
                                        "Parent Relationship": "Inner",
                                        "Parallel Aware": false,
                                        "Startup Cost": 50956.73,
                                        "Total Cost": 50956.73,
                                        "Plan Rows": 94033,
                                        "Plan Width": 21,
                                        "Actual Startup Time": 511.601,
                                        "Actual Total Time": 511.604,
                                        "Actual Rows": 434218,
                                        "Actual Loops": 2,
                                        "Hash Buckets": 524288,
                                        "Original Hash Buckets": 131072,
                                        "Hash Batches": 1,
                                        "Original Hash Batches": 1,
                                        "Peak Memory Usage": 27264,
                                        "Plans": [
                                          {
                                            "Node Type": "Nested Loop",
                                            "Parent Relationship": "Outer",
                                            "Parallel Aware": false,
                                            "Join Type": "Inner",
                                            "Startup Cost": 7540.1,
                                            "Total Cost": 50956.73,
                                            "Plan Rows": 94033,
                                            "Plan Width": 21,
                                            "Actual Startup Time": 85.005,
                                            "Actual Total Time": 376.759,
                                            "Actual Rows": 434218,
                                            "Actual Loops": 2,
                                            "Inner Unique": false,
                                            "Plans": [
                                              {
                                                "Node Type": "Seq Scan",
                                                "Parent Relationship": "Outer",
                                                "Parallel Aware": false,
                                                "Relation Name": "kind_type",
                                                "Alias": "kt",
                                                "Startup Cost": 0.0,
                                                "Total Cost": 1.09,
                                                "Plan Rows": 1,
                                                "Plan Width": 4,
                                                "Actual Startup Time": 0.023,
                                                "Actual Total Time": 0.026,
                                                "Actual Rows": 1,
                                                "Actual Loops": 2,
                                                "Filter": "((kind)::text = 'episode'::text)",
                                                "Rows Removed by Filter": 6
                                              },
                                              {
                                                "Node Type": "Bitmap Heap Scan",
                                                "Parent Relationship": "Inner",
                                                "Parallel Aware": false,
                                                "Relation Name": "title",
                                                "Alias": "t",
                                                "Startup Cost": 7540.1,
                                                "Total Cost": 49858.59,
                                                "Plan Rows": 109705,
                                                "Plan Width": 25,
                                                "Actual Startup Time": 84.971,
                                                "Actual Total Time": 337.884,
                                                "Actual Rows": 434218,
                                                "Actual Loops": 2,
                                                "Recheck Cond": "(kind_id = kt.id)",
                                                "Rows Removed by Index Recheck": 0,
                                                "Filter": "(production_year > 2008)",
                                                "Rows Removed by Filter": 1109046,
                                                "Exact Heap Blocks": 24710,
                                                "Lossy Heap Blocks": 0,
                                                "Plans": [
                                                  {
                                                    "Node Type": "Bitmap Index Scan",
                                                    "Parent Relationship": "Outer",
                                                    "Parallel Aware": false,
                                                    "Index Name": "kind_id_title",
                                                    "Startup Cost": 0.0,
                                                    "Total Cost": 7512.68,
                                                    "Plan Rows": 421366,
                                                    "Plan Width": 0,
                                                    "Actual Startup Time": 80.987,
                                                    "Actual Total Time": 80.987,
                                                    "Actual Rows": 1543264,
                                                    "Actual Loops": 2,
                                                    "Index Cond": "(kind_id = kt.id)"
                                                  }
                                                ]
                                              }
                                            ]
                                          }
                                        ]
                                      }
                                    ]
                                  }
                                ]
                              }
                            ]
                          },
                          {
                            "Node Type": "Hash",
                            "Parent Relationship": "Inner",
                            "Parallel Aware": false,
                            "Startup Cost": 2961.55,
                            "Total Cost": 2961.55,
                            "Plan Rows": 4,
                            "Plan Width": 4,
                            "Actual Startup Time": 35.243,
                            "Actual Total Time": 35.244,
                            "Actual Rows": 3,
                            "Actual Loops": 2,
                            "Hash Buckets": 1024,
                            "Original Hash Buckets": 1024,
                            "Hash Batches": 1,
                            "Original Hash Batches": 1,
                            "Peak Memory Usage": 9,
                            "Plans": [
                              {
                                "Node Type": "Seq Scan",
                                "Parent Relationship": "Outer",
                                "Parallel Aware": false,
                                "Relation Name": "keyword",
                                "Alias": "k",
                                "Startup Cost": 0.0,
                                "Total Cost": 2961.55,
                                "Plan Rows": 4,
                                "Plan Width": 4,
                                "Actual Startup Time": 1.861,
                                "Actual Total Time": 35.22,
                                "Actual Rows": 3,
                                "Actual Loops": 2,
                                "Filter": "(keyword = ANY ('{murder-in-title,female-nudity,hospital,hitting-on-girl}'::text[]))",
                                "Rows Removed by Filter": 134167
                              }
                            ]
                          }
                        ]
                      },
                      {
                        "Node Type": "Index Scan",
                        "Parent Relationship": "Inner",
                        "Parallel Aware": false,
                        "Scan Direction": "Forward",
                        "Index Name": "movie_id_movie_info",
                        "Relation Name": "movie_info",
                        "Alias": "mi",
                        "Startup Cost": 0.43,
                        "Total Cost": 1.8,
                        "Plan Rows": 5,
                        "Plan Width": 8,
                        "Actual Startup Time": 0.037,
                        "Actual Total Time": 0.043,
                        "Actual Rows": 1,
                        "Actual Loops": 543,
                        "Index Cond": "(movie_id = mk.movie_id)",
                        "Rows Removed by Index Recheck": 0,
                        "Filter": "(info = ANY ('{Swedish,America,Danish,German,Sweden,Bulgaria,USA,English,Germany,USA}'::text[]))",
                        "Rows Removed by Filter": 14
                      }
                    ]
                  },
                  {
                    "Node Type": "Index Scan",
                    "Parent Relationship": "Inner",
                    "Parallel Aware": false,
                    "Scan Direction": "Forward",
                    "Index Name": "info_type_pkey",
                    "Relation Name": "info_type",
                    "Alias": "it1",
                    "Startup Cost": 0.14,
                    "Total Cost": 0.16,
                    "Plan Rows": 1,
                    "Plan Width": 4,
                    "Actual Startup Time": 0.001,
                    "Actual Total Time": 0.001,
                    "Actual Rows": 0,
                    "Actual Loops": 709,
                    "Index Cond": "(id = mi.info_type_id)",
                    "Rows Removed by Index Recheck": 0,
                    "Filter": "((info)::text = 'countries'::text)",
                    "Rows Removed by Filter": 1
                  }
                ]
              },
              {
                "Node Type": "Index Scan",
                "Parent Relationship": "Inner",
                "Parallel Aware": false,
                "Scan Direction": "Forward",
                "Index Name": "info_type_pkey",
                "Relation Name": "info_type",
                "Alias": "it2",
                "Startup Cost": 0.14,
                "Total Cost": 0.16,
                "Plan Rows": 1,
                "Plan Width": 4,
                "Actual Startup Time": 0.001,
                "Actual Total Time": 0.001,
                "Actual Rows": 0,
                "Actual Loops": 314,
                "Index Cond": "(id = mi_idx.info_type_id)",
                "Rows Removed by Index Recheck": 0,
                "Filter": "((info)::text = 'rating'::text)",
                "Rows Removed by Filter": 1
              }
            ]
          }
        ]
      }
    ]
  },
  "Planning Time": 2.144,
  "Triggers": [],
  "Execution Time": 1214.361
}