[
  {
    "Plan": {
      "Node Type": "Aggregate",
      "Strategy": "Plain",
      "Partial Mode": "Finalize",
      "Parallel Aware": false,
      "Startup Cost": 334670.8,
      "Total Cost": 334670.81,
      "Plan Rows": 1,
      "Plan Width": 8,
      "Actual Startup Time": 631.152,
      "Actual Total Time": 699.242,
      "Actual Rows": 1,
      "Actual Loops": 1,
      "Plans": [
        {
          "Node Type": "Gather",
          "Parent Relationship": "Outer",
          "Parallel Aware": false,
          "Startup Cost": 334670.18,
          "Total Cost": 334670.79,
          "Plan Rows": 6,
          "Plan Width": 8,
          "Actual Startup Time": 630.9,
          "Actual Total Time": 699.232,
          "Actual Rows": 7,
          "Actual Loops": 1,
          "Workers Planned": 6,
          "Workers Launched": 6,
          "Single Copy": false,
          "Plans": [
            {
              "Node Type": "Aggregate",
              "Strategy": "Plain",
              "Partial Mode": "Partial",
              "Parent Relationship": "Outer",
              "Parallel Aware": false,
              "Startup Cost": 333670.18,
              "Total Cost": 333670.19,
              "Plan Rows": 1,
              "Plan Width": 8,
              "Actual Startup Time": 623.0,
              "Actual Total Time": 623.001,
              "Actual Rows": 1,
              "Actual Loops": 7,
              "Plans": [
                {
                  "Node Type": "Seq Scan",
                  "Parent Relationship": "Outer",
                  "Parallel Aware": true,
                  "Relation Name": "cast_info",
                  "Alias": "ci",
                  "Startup Cost": 0.0,
                  "Total Cost": 328162.03,
                  "Plan Rows": 2203260,
                  "Plan Width": 0,
                  "Actual Startup Time": 0.046,
                  "Actual Total Time": 543.197,
                  "Actual Rows": 1890252,
                  "Actual Loops": 7,
                  "Filter": "(person_id < 1304848)",
                  "Rows Removed by Filter": 3287512
                }
              ]
            }
          ]
        }
      ]
    },
    "Planning Time": 0.173,
    "Triggers": [],
    "Execution Time": 699.303
  }
]