[
  {
    "Plan": {
      "Node Type": "Aggregate",
      "Strategy": "Plain",
      "Partial Mode": "Finalize",
      "Parallel Aware": false,
      "Startup Cost": 306453.67,
      "Total Cost": 306453.68,
      "Plan Rows": 1,
      "Plan Width": 8,
      "Actual Startup Time": 199.584,
      "Actual Total Time": 209.404,
      "Actual Rows": 1,
      "Actual Loops": 1,
      "Plans": [
        {
          "Node Type": "Gather",
          "Parent Relationship": "Outer",
          "Parallel Aware": false,
          "Startup Cost": 306453.04,
          "Total Cost": 306453.65,
          "Plan Rows": 6,
          "Plan Width": 8,
          "Actual Startup Time": 198.663,
          "Actual Total Time": 209.393,
          "Actual Rows": 7,
          "Actual Loops": 1,
          "Workers Planned": 6,
          "Workers Launched": 6,
          "Single Copy": false,
          "Plans": [
            {
              "Node Type": "Aggregate",
              "Strategy": "Plain",
              "Partial Mode": "Partial",
              "Parent Relationship": "Outer",
              "Parallel Aware": false,
              "Startup Cost": 305453.04,
              "Total Cost": 305453.05,
              "Plan Rows": 1,
              "Plan Width": 8,
              "Actual Startup Time": 192.432,
              "Actual Total Time": 192.433,
              "Actual Rows": 1,
              "Actual Loops": 7,
              "Plans": [
                {
                  "Node Type": "Bitmap Heap Scan",
                  "Parent Relationship": "Outer",
                  "Parallel Aware": true,
                  "Relation Name": "cast_info",
                  "Alias": "ci",
                  "Startup Cost": 46861.57,
                  "Total Cost": 304876.21,
                  "Plan Rows": 230734,
                  "Plan Width": 0,
                  "Actual Startup Time": 72.802,
                  "Actual Total Time": 176.613,
                  "Actual Rows": 294347,
                  "Actual Loops": 7,
                  "Recheck Cond": "(person_id > 3658150)",
                  "Rows Removed by Index Recheck": 0,
                  "Filter": "(role_id > 1)",
                  "Rows Removed by Filter": 0,
                  "Exact Heap Blocks": 6687,
                  "Lossy Heap Blocks": 0,
                  "Plans": [
                    {
                      "Node Type": "Bitmap Index Scan",
                      "Parent Relationship": "Outer",
                      "Parallel Aware": false,
                      "Index Name": "person_id_cast_info",
                      "Startup Cost": 0.0,
                      "Total Cost": 46515.47,
                      "Plan Rows": 2131054,
                      "Plan Width": 0,
                      "Actual Startup Time": 73.492,
                      "Actual Total Time": 73.493,
                      "Actual Rows": 2060426,
                      "Actual Loops": 1,
                      "Index Cond": "(person_id > 3658150)"
                    }
                  ]
                }
              ]
            }
          ]
        }
      ]
    },
    "Planning Time": 0.105,
    "Triggers": [],
    "Execution Time": 209.448
  }
]