[
  {
    "Plan": {
      "Node Type": "Aggregate",
      "Strategy": "Plain",
      "Partial Mode": "Finalize",
      "Parallel Aware": false,
      "Startup Cost": 45444.94,
      "Total Cost": 45444.95,
      "Plan Rows": 1,
      "Plan Width": 8,
      "Actual Startup Time": 149.751,
      "Actual Total Time": 159.424,
      "Actual Rows": 1,
      "Actual Loops": 1,
      "Plans": [
        {
          "Node Type": "Gather",
          "Parent Relationship": "Outer",
          "Parallel Aware": false,
          "Startup Cost": 45444.63,
          "Total Cost": 45444.94,
          "Plan Rows": 3,
          "Plan Width": 8,
          "Actual Startup Time": 149.625,
          "Actual Total Time": 159.416,
          "Actual Rows": 4,
          "Actual Loops": 1,
          "Workers Planned": 3,
          "Workers Launched": 3,
          "Single Copy": false,
          "Plans": [
            {
              "Node Type": "Aggregate",
              "Strategy": "Plain",
              "Partial Mode": "Partial",
              "Parent Relationship": "Outer",
              "Parallel Aware": false,
              "Startup Cost": 44444.63,
              "Total Cost": 44444.64,
              "Plan Rows": 1,
              "Plan Width": 8,
              "Actual Startup Time": 141.901,
              "Actual Total Time": 141.902,
              "Actual Rows": 1,
              "Actual Loops": 4,
              "Plans": [
                {
                  "Node Type": "Seq Scan",
                  "Parent Relationship": "Outer",
                  "Parallel Aware": true,
                  "Relation Name": "movie_keyword",
                  "Alias": "mk",
                  "Startup Cost": 0.0,
                  "Total Cost": 42695.65,
                  "Plan Rows": 699589,
                  "Plan Width": 0,
                  "Actual Startup Time": 0.799,
                  "Actual Total Time": 116.275,
                  "Actual Rows": 542374,
                  "Actual Loops": 4,
                  "Filter": "(keyword_id > 5280)",
                  "Rows Removed by Filter": 588608
                }
              ]
            }
          ]
        }
      ]
    },
    "Planning Time": 0.186,
    "Triggers": [],
    "Execution Time": 159.48
  }
]