[
  {
    "Plan": {
      "Node Type": "Aggregate",
      "Strategy": "Plain",
      "Partial Mode": "Finalize",
      "Parallel Aware": false,
      "Startup Cost": 46505.48,
      "Total Cost": 46505.49,
      "Plan Rows": 1,
      "Plan Width": 8,
      "Actual Startup Time": 77.657,
      "Actual Total Time": 86.445,
      "Actual Rows": 1,
      "Actual Loops": 1,
      "Plans": [
        {
          "Node Type": "Gather",
          "Parent Relationship": "Outer",
          "Parallel Aware": false,
          "Startup Cost": 46505.06,
          "Total Cost": 46505.47,
          "Plan Rows": 4,
          "Plan Width": 8,
          "Actual Startup Time": 77.353,
          "Actual Total Time": 86.433,
          "Actual Rows": 5,
          "Actual Loops": 1,
          "Workers Planned": 4,
          "Workers Launched": 4,
          "Single Copy": false,
          "Plans": [
            {
              "Node Type": "Aggregate",
              "Strategy": "Plain",
              "Partial Mode": "Partial",
              "Parent Relationship": "Outer",
              "Parallel Aware": false,
              "Startup Cost": 45505.06,
              "Total Cost": 45505.07,
              "Plan Rows": 1,
              "Plan Width": 8,
              "Actual Startup Time": 72.313,
              "Actual Total Time": 72.314,
              "Actual Rows": 1,
              "Actual Loops": 5,
              "Plans": [
                {
                  "Node Type": "Seq Scan",
                  "Parent Relationship": "Outer",
                  "Parallel Aware": true,
                  "Relation Name": "title",
                  "Alias": "t",
                  "Startup Cost": 0.0,
                  "Total Cost": 45479.59,
                  "Plan Rows": 10190,
                  "Plan Width": 0,
                  "Actual Startup Time": 0.265,
                  "Actual Total Time": 71.885,
                  "Actual Rows": 5194,
                  "Actual Loops": 5,
                  "Filter": "((kind_id < 4) AND (production_year = 2007))",
                  "Rows Removed by Filter": 500469
                }
              ]
            }
          ]
        }
      ]
    },
    "Planning Time": 0.162,
    "Triggers": [],
    "Execution Time": 86.509
  }
]