[
  {
    "Plan": {
      "Node Type": "Aggregate",
      "Strategy": "Plain",
      "Partial Mode": "Finalize",
      "Parallel Aware": false,
      "Startup Cost": 267149.45,
      "Total Cost": 267149.46,
      "Plan Rows": 1,
      "Plan Width": 8,
      "Actual Startup Time": 973.893,
      "Actual Total Time": 989.891,
      "Actual Rows": 1,
      "Actual Loops": 1,
      "Plans": [
        {
          "Node Type": "Gather",
          "Parent Relationship": "Outer",
          "Parallel Aware": false,
          "Startup Cost": 267149.13,
          "Total Cost": 267149.44,
          "Plan Rows": 3,
          "Plan Width": 8,
          "Actual Startup Time": 967.999,
          "Actual Total Time": 989.882,
          "Actual Rows": 4,
          "Actual Loops": 1,
          "Workers Planned": 3,
          "Workers Launched": 3,
          "Single Copy": false,
          "Plans": [
            {
              "Node Type": "Aggregate",
              "Strategy": "Plain",
              "Partial Mode": "Partial",
              "Parent Relationship": "Outer",
              "Parallel Aware": false,
              "Startup Cost": 266149.13,
              "Total Cost": 266149.14,
              "Plan Rows": 1,
              "Plan Width": 8,
              "Actual Startup Time": 958.417,
              "Actual Total Time": 958.423,
              "Actual Rows": 1,
              "Actual Loops": 4,
              "Plans": [
                {
                  "Node Type": "Hash Join",
                  "Parent Relationship": "Outer",
                  "Parallel Aware": true,
                  "Join Type": "Inner",
                  "Startup Cost": 220852.12,
                  "Total Cost": 265717.36,
                  "Plan Rows": 172711,
                  "Plan Width": 0,
                  "Actual Startup Time": 404.136,
                  "Actual Total Time": 818.461,
                  "Actual Rows": 3545890,
                  "Actual Loops": 4,
                  "Inner Unique": false,
                  "Hash Cond": "(mk.movie_id = t.id)",
                  "Plans": [
                    {
                      "Node Type": "Seq Scan",
                      "Parent Relationship": "Outer",
                      "Parallel Aware": true,
                      "Relation Name": "movie_keyword",
                      "Alias": "mk",
                      "Startup Cost": 0.0,
                      "Total Cost": 39047.32,
                      "Plan Rows": 1459332,
                      "Plan Width": 4,
                      "Actual Startup Time": 0.03,
                      "Actual Total Time": 88.621,
                      "Actual Rows": 1130982,
                      "Actual Loops": 4
                    },
                    {
                      "Node Type": "Hash",
                      "Parent Relationship": "Inner",
                      "Parallel Aware": true,
                      "Startup Cost": 220104.07,
                      "Total Cost": 220104.07,
                      "Plan Rows": 59844,
                      "Plan Width": 8,
                      "Actual Startup Time": 400.999,
                      "Actual Total Time": 401.003,
                      "Actual Rows": 66234,
                      "Actual Loops": 4,
                      "Hash Buckets": 524288,
                      "Original Hash Buckets": 524288,
                      "Hash Batches": 1,
                      "Original Hash Batches": 1,
                      "Peak Memory Usage": 14560,
                      "Plans": [
                        {
                          "Node Type": "Hash Join",
                          "Parent Relationship": "Outer",
                          "Parallel Aware": true,
                          "Join Type": "Inner",
                          "Startup Cost": 56991.56,
                          "Total Cost": 220104.07,
                          "Plan Rows": 59844,
                          "Plan Width": 8,
                          "Actual Startup Time": 322.386,
                          "Actual Total Time": 380.619,
                          "Actual Rows": 66234,
                          "Actual Loops": 4,
                          "Inner Unique": true,
                          "Hash Cond": "(mi.movie_id = t.id)",
                          "Plans": [
                            {
                              "Node Type": "Bitmap Heap Scan",
                              "Parent Relationship": "Outer",
                              "Parallel Aware": true,
                              "Relation Name": "movie_info",
                              "Alias": "mi",
                              "Startup Cost": 6704.59,
                              "Total Cost": 169622.8,
                              "Plan Rows": 74017,
                              "Plan Width": 4,
                              "Actual Startup Time": 22.277,
                              "Actual Total Time": 47.233,
                              "Actual Rows": 92054,
                              "Actual Loops": 4,
                              "Recheck Cond": "(info_type_id = 17)",
                              "Rows Removed by Index Recheck": 0,
                              "Exact Heap Blocks": 2967,
                              "Lossy Heap Blocks": 0,
                              "Plans": [
                                {
                                  "Node Type": "Bitmap Index Scan",
                                  "Parent Relationship": "Outer",
                                  "Parallel Aware": false,
                                  "Index Name": "info_type_id_movie_info",
                                  "Startup Cost": 0.0,
                                  "Total Cost": 6612.07,
                                  "Plan Rows": 370084,
                                  "Plan Width": 0,
                                  "Actual Startup Time": 20.259,
                                  "Actual Total Time": 20.259,
                                  "Actual Rows": 368218,
                                  "Actual Loops": 1,
                                  "Index Cond": "(info_type_id = 17)"
                                }
                              ]
                            },
                            {
                              "Node Type": "Hash",
                              "Parent Relationship": "Inner",
                              "Parallel Aware": true,
                              "Startup Cost": 43898.92,
                              "Total Cost": 43898.92,
                              "Plan Rows": 511045,
                              "Plan Width": 4,
                              "Actual Startup Time": 294.558,
                              "Actual Total Time": 294.559,
                              "Actual Rows": 508110,
                              "Actual Loops": 4,
                              "Hash Buckets": 2097152,
                              "Original Hash Buckets": 2097152,
                              "Hash Batches": 1,
                              "Original Hash Batches": 1,
                              "Peak Memory Usage": 95968,
                              "Plans": [
                                {
                                  "Node Type": "Seq Scan",
                                  "Parent Relationship": "Outer",
                                  "Parallel Aware": true,
                                  "Relation Name": "title",
                                  "Alias": "t",
                                  "Startup Cost": 0.0,
                                  "Total Cost": 43898.92,
                                  "Plan Rows": 511045,
                                  "Plan Width": 4,
                                  "Actual Startup Time": 0.048,
                                  "Actual Total Time": 108.242,
                                  "Actual Rows": 508110,
                                  "Actual Loops": 4,
                                  "Filter": "(production_year > 1973)",
                                  "Rows Removed by Filter": 123968
                                }
                              ]
                            }
                          ]
                        }
                      ]
                    }
                  ]
                }
              ]
            }
          ]
        }
      ]
    },
    "Planning Time": 1.397,
    "Triggers": [],
    "Execution Time": 989.995
  }
]