{
  "Plan": {
    "Node Type": "Aggregate",
    "Strategy": "Plain",
    "Partial Mode": "Finalize",
    "Parallel Aware": false,
    "Startup Cost": 85113.1,
    "Total Cost": 85113.11,
    "Plan Rows": 1,
    "Plan Width": 8,
    "Actual Startup Time": 186.41,
    "Actual Total Time": 200.307,
    "Actual Rows": 1,
    "Actual Loops": 1,
    "Plans": [
      {
        "Node Type": "Gather",
        "Parent Relationship": "Outer",
        "Parallel Aware": false,
        "Startup Cost": 85112.98,
        "Total Cost": 85113.09,
        "Plan Rows": 1,
        "Plan Width": 8,
        "Actual Startup Time": 186.106,
        "Actual Total Time": 200.302,
        "Actual Rows": 2,
        "Actual Loops": 1,
        "Workers Planned": 1,
        "Workers Launched": 1,
        "Single Copy": false,
        "Plans": [
          {
            "Node Type": "Aggregate",
            "Strategy": "Plain",
            "Partial Mode": "Partial",
            "Parent Relationship": "Outer",
            "Parallel Aware": false,
            "Startup Cost": 84112.98,
            "Total Cost": 84112.99,
            "Plan Rows": 1,
            "Plan Width": 8,
            "Actual Startup Time": 180.409,
            "Actual Total Time": 180.412,
            "Actual Rows": 1,
            "Actual Loops": 2,
            "Plans": [
              {
                "Node Type": "Nested Loop",
                "Parent Relationship": "Outer",
                "Parallel Aware": false,
                "Join Type": "Inner",
                "Startup Cost": 56575.44,
                "Total Cost": 84110.1,
                "Plan Rows": 1152,
                "Plan Width": 0,
                "Actual Startup Time": 144.266,
                "Actual Total Time": 180.33,
                "Actual Rows": 1024,
                "Actual Loops": 2,
                "Inner Unique": false,
                "Join Filter": "(t.id = mc.movie_id)",
                "Rows Removed by Join Filter": 0,
                "Plans": [
                  {
                    "Node Type": "Hash Join",
                    "Parent Relationship": "Outer",
                    "Parallel Aware": true,
                    "Join Type": "Inner",
                    "Startup Cost": 56575.01,
                    "Total Cost": 81648.85,
                    "Plan Rows": 1116,
                    "Plan Width": 8,
                    "Actual Startup Time": 144.107,
                    "Actual Total Time": 176.222,
                    "Actual Rows": 416,
                    "Actual Loops": 2,
                    "Inner Unique": true,
                    "Hash Cond": "(mk.movie_id = t.id)",
                    "Plans": [
                      {
                        "Node Type": "Bitmap Heap Scan",
                        "Parent Relationship": "Outer",
                        "Parallel Aware": true,
                        "Relation Name": "movie_keyword",
                        "Alias": "mk",
                        "Startup Cost": 1480.36,
                        "Total Cost": 26446.62,
                        "Plan Rows": 40981,
                        "Plan Width": 4,
                        "Actual Startup Time": 8.547,
                        "Actual Total Time": 34.376,
                        "Actual Rows": 34574,
                        "Actual Loops": 2,
                        "Recheck Cond": "(keyword_id < 62)",
                        "Rows Removed by Index Recheck": 0,
                        "Exact Heap Blocks": 13806,
                        "Lossy Heap Blocks": 0,
                        "Plans": [
                          {
                            "Node Type": "Bitmap Index Scan",
                            "Parent Relationship": "Outer",
                            "Parallel Aware": false,
                            "Index Name": "keyword_id_movie_keyword",
                            "Startup Cost": 0.0,
                            "Total Cost": 1462.94,
                            "Plan Rows": 69668,
                            "Plan Width": 0,
                            "Actual Startup Time": 5.692,
                            "Actual Total Time": 5.693,
                            "Actual Rows": 69147,
                            "Actual Loops": 1,
                            "Index Cond": "(keyword_id < 62)"
                          }
                        ]
                      },
                      {
                        "Node Type": "Hash",
                        "Parent Relationship": "Inner",
                        "Parallel Aware": true,
                        "Startup Cost": 54588.39,
                        "Total Cost": 54588.39,
                        "Plan Rows": 40501,
                        "Plan Width": 4,
                        "Actual Startup Time": 134.334,
                        "Actual Total Time": 134.335,
                        "Actual Rows": 33671,
                        "Actual Loops": 2,
                        "Hash Buckets": 131072,
                        "Original Hash Buckets": 131072,
                        "Hash Batches": 1,
                        "Original Hash Batches": 1,
                        "Peak Memory Usage": 3712,
                        "Plans": [
                          {
                            "Node Type": "Seq Scan",
                            "Parent Relationship": "Outer",
                            "Parallel Aware": true,
                            "Relation Name": "title",
                            "Alias": "t",
                            "Startup Cost": 0.0,
                            "Total Cost": 54588.39,
                            "Plan Rows": 40501,
                            "Plan Width": 4,
                            "Actual Startup Time": 0.063,
                            "Actual Total Time": 124.419,
                            "Actual Rows": 33671,
                            "Actual Loops": 2,
                            "Filter": "(production_year > 2012)",
                            "Rows Removed by Filter": 1230485
                          }
                        ]
                      }
                    ]
                  },
                  {
                    "Node Type": "Index Only Scan",
                    "Parent Relationship": "Inner",
                    "Parallel Aware": false,
                    "Scan Direction": "Forward",
                    "Index Name": "movie_id_movie_companies",
                    "Relation Name": "movie_companies",
                    "Alias": "mc",
                    "Startup Cost": 0.43,
                    "Total Cost": 2.14,
                    "Plan Rows": 5,
                    "Plan Width": 4,
                    "Actual Startup Time": 0.008,
                    "Actual Total Time": 0.009,
                    "Actual Rows": 2,
                    "Actual Loops": 831,
                    "Index Cond": "(movie_id = mk.movie_id)",
                    "Rows Removed by Index Recheck": 0,
                    "Heap Fetches": 2048
                  }
                ]
              }
            ]
          }
        ]
      }
    ]
  },
  "Planning Time": 0.588,
  "Triggers": [],
  "Execution Time": 200.382
}