[
  {
    "Plan": {
      "Node Type": "Aggregate",
      "Strategy": "Plain",
      "Partial Mode": "Simple",
      "Parallel Aware": false,
      "Startup Cost": 1857.57,
      "Total Cost": 1857.58,
      "Plan Rows": 1,
      "Plan Width": 8,
      "Actual Startup Time": 11.861,
      "Actual Total Time": 11.864,
      "Actual Rows": 1,
      "Actual Loops": 1,
      "Plans": [
        {
          "Node Type": "Nested Loop",
          "Parent Relationship": "Outer",
          "Parallel Aware": false,
          "Join Type": "Inner",
          "Startup Cost": 0.99,
          "Total Cost": 1857.42,
          "Plan Rows": 63,
          "Plan Width": 0,
          "Actual Startup Time": 11.589,
          "Actual Total Time": 11.849,
          "Actual Rows": 24,
          "Actual Loops": 1,
          "Inner Unique": true,
          "Plans": [
            {
              "Node Type": "Index Scan",
              "Parent Relationship": "Outer",
              "Parallel Aware": false,
              "Scan Direction": "Forward",
              "Index Name": "person_id_cast_info",
              "Relation Name": "cast_info",
              "Alias": "ci",
              "Startup Cost": 0.56,
              "Total Cost": 987.07,
              "Plan Rows": 103,
              "Plan Width": 4,
              "Actual Startup Time": 11.338,
              "Actual Total Time": 11.37,
              "Actual Rows": 40,
              "Actual Loops": 1,
              "Index Cond": "(person_id = 3142762)",
              "Rows Removed by Index Recheck": 0,
              "Filter": "(role_id > 6)",
              "Rows Removed by Filter": 1
            },
            {
              "Node Type": "Index Scan",
              "Parent Relationship": "Inner",
              "Parallel Aware": false,
              "Scan Direction": "Forward",
              "Index Name": "title_pkey",
              "Relation Name": "title",
              "Alias": "t",
              "Startup Cost": 0.43,
              "Total Cost": 8.45,
              "Plan Rows": 1,
              "Plan Width": 4,
              "Actual Startup Time": 0.011,
              "Actual Total Time": 0.011,
              "Actual Rows": 1,
              "Actual Loops": 40,
              "Index Cond": "(id = ci.movie_id)",
              "Rows Removed by Index Recheck": 0,
              "Filter": "(kind_id > 4)",
              "Rows Removed by Filter": 0
            }
          ]
        }
      ]
    },
    "Planning Time": 0.446,
    "Triggers": [],
    "Execution Time": 11.906
  }
]