[
    {
        "Bao": {
            "Bao prediction": "NaN",
            "Bao recommended hint": "(no hint)"
        }
    },
    {
        "Plan": {
            "Node Type": "Aggregate",
            "Strategy": "Plain",
            "Partial Mode": "Finalize",
            "Parallel Aware": false,
            "Startup Cost": 31500.78,
            "Total Cost": 31500.79,
            "Plan Rows": 1,
            "Plan Width": 8,
            "Actual Startup Time": 99.419,
            "Actual Total Time": 103.843,
            "Actual Rows": 1,
            "Actual Loops": 1,
            "Output": [
                "count(*)"
            ],
            "Plans": [
                {
                    "Node Type": "Gather",
                    "Parent Relationship": "Outer",
                    "Parallel Aware": false,
                    "Startup Cost": 31500.46,
                    "Total Cost": 31500.77,
                    "Plan Rows": 3,
                    "Plan Width": 8,
                    "Actual Startup Time": 99.333,
                    "Actual Total Time": 103.835,
                    "Actual Rows": 4,
                    "Actual Loops": 1,
                    "Output": [
                        "(PARTIAL count(*))"
                    ],
                    "Workers Planned": 3,
                    "Workers Launched": 3,
                    "Single Copy": false,
                    "Plans": [
                        {
                            "Node Type": "Aggregate",
                            "Strategy": "Plain",
                            "Partial Mode": "Partial",
                            "Parent Relationship": "Outer",
                            "Parallel Aware": false,
                            "Startup Cost": 30500.46,
                            "Total Cost": 30500.47,
                            "Plan Rows": 1,
                            "Plan Width": 8,
                            "Actual Startup Time": 91.212,
                            "Actual Total Time": 91.213,
                            "Actual Rows": 1,
                            "Actual Loops": 4,
                            "Output": [
                                "PARTIAL count(*)"
                            ],
                            "Workers": [
                                {
                                    "Worker Number": 0,
                                    "Actual Startup Time": 88.235,
                                    "Actual Total Time": 88.236,
                                    "Actual Rows": 1,
                                    "Actual Loops": 1
                                },
                                {
                                    "Worker Number": 1,
                                    "Actual Startup Time": 88.651,
                                    "Actual Total Time": 88.652,
                                    "Actual Rows": 1,
                                    "Actual Loops": 1
                                },
                                {
                                    "Worker Number": 2,
                                    "Actual Startup Time": 89.017,
                                    "Actual Total Time": 89.018,
                                    "Actual Rows": 1,
                                    "Actual Loops": 1
                                }
                            ],
                            "Plans": [
                                {
                                    "Node Type": "Seq Scan",
                                    "Parent Relationship": "Outer",
                                    "Parallel Aware": true,
                                    "Relation Name": "movie_companies",
                                    "Schema": "public",
                                    "Alias": "mc",
                                    "Startup Cost": 0.0,
                                    "Total Cost": 29310.68,
                                    "Plan Rows": 475912,
                                    "Plan Width": 0,
                                    "Actual Startup Time": 6.737,
                                    "Actual Total Time": 74.173,
                                    "Actual Rows": 369296,
                                    "Actual Loops": 4,
                                    "Output": [
                                        "id",
                                        "movie_id",
                                        "company_id",
                                        "company_type_id",
                                        "note"
                                    ],
                                    "Filter": "(mc.company_id > 8315)",
                                    "Rows Removed by Filter": 282986,
                                    "Workers": [
                                        {
                                            "Worker Number": 0,
                                            "Actual Startup Time": 3.762,
                                            "Actual Total Time": 71.869,
                                            "Actual Rows": 328451,
                                            "Actual Loops": 1
                                        },
                                        {
                                            "Worker Number": 1,
                                            "Actual Startup Time": 4.206,
                                            "Actual Total Time": 72.488,
                                            "Actual Rows": 334552,
                                            "Actual Loops": 1
                                        },
                                        {
                                            "Worker Number": 2,
                                            "Actual Startup Time": 4.539,
                                            "Actual Total Time": 72.493,
                                            "Actual Rows": 337911,
                                            "Actual Loops": 1
                                        }
                                    ]
                                }
                            ]
                        }
                    ]
                }
            ]
        },
        "Planning Time": 211.31,
        "Triggers": [],
        "Execution Time": 103.924
    }
]