{
  "Plan": {
    "Node Type": "Aggregate",
    "Strategy": "Plain",
    "Partial Mode": "Finalize",
    "Parallel Aware": false,
    "Startup Cost": 368729.79,
    "Total Cost": 368729.8,
    "Plan Rows": 1,
    "Plan Width": 8,
    "Actual Startup Time": 2753.557,
    "Actual Total Time": 2791.574,
    "Actual Rows": 1,
    "Actual Loops": 1,
    "Plans": [
      {
        "Node Type": "Gather",
        "Parent Relationship": "Outer",
        "Parallel Aware": false,
        "Startup Cost": 368729.68,
        "Total Cost": 368729.79,
        "Plan Rows": 1,
        "Plan Width": 8,
        "Actual Startup Time": 2752.01,
        "Actual Total Time": 2791.564,
        "Actual Rows": 2,
        "Actual Loops": 1,
        "Workers Planned": 1,
        "Workers Launched": 1,
        "Single Copy": false,
        "Plans": [
          {
            "Node Type": "Aggregate",
            "Strategy": "Plain",
            "Partial Mode": "Partial",
            "Parent Relationship": "Outer",
            "Parallel Aware": false,
            "Startup Cost": 367729.68,
            "Total Cost": 367729.69,
            "Plan Rows": 1,
            "Plan Width": 8,
            "Actual Startup Time": 2744.123,
            "Actual Total Time": 2744.126,
            "Actual Rows": 1,
            "Actual Loops": 2,
            "Plans": [
              {
                "Node Type": "Hash Join",
                "Parent Relationship": "Outer",
                "Parallel Aware": true,
                "Join Type": "Inner",
                "Startup Cost": 66081.86,
                "Total Cost": 358912.82,
                "Plan Rows": 3526744,
                "Plan Width": 0,
                "Actual Startup Time": 350.64,
                "Actual Total Time": 2661.446,
                "Actual Rows": 2077927,
                "Actual Loops": 2,
                "Inner Unique": true,
                "Hash Cond": "(mi.movie_id = t.id)",
                "Plans": [
                  {
                    "Node Type": "Seq Scan",
                    "Parent Relationship": "Outer",
                    "Parallel Aware": true,
                    "Relation Name": "movie_info",
                    "Alias": "mi",
                    "Startup Cost": 0.0,
                    "Total Cost": 270696.42,
                    "Plan Rows": 8432196,
                    "Plan Width": 4,
                    "Actual Startup Time": 0.011,
                    "Actual Total Time": 813.723,
                    "Actual Rows": 7203534,
                    "Actual Loops": 2,
                    "Filter": "(info_type_id < 105)",
                    "Rows Removed by Filter": 214326
                  },
                  {
                    "Node Type": "Hash",
                    "Parent Relationship": "Inner",
                    "Parallel Aware": true,
                    "Startup Cost": 58306.47,
                    "Total Cost": 58306.47,
                    "Plan Rows": 622031,
                    "Plan Width": 4,
                    "Actual Startup Time": 335.73,
                    "Actual Total Time": 335.731,
                    "Actual Rows": 501634,
                    "Actual Loops": 2,
                    "Hash Buckets": 2097152,
                    "Original Hash Buckets": 2097152,
                    "Hash Batches": 1,
                    "Original Hash Batches": 1,
                    "Peak Memory Usage": 55680,
                    "Plans": [
                      {
                        "Node Type": "Seq Scan",
                        "Parent Relationship": "Outer",
                        "Parallel Aware": true,
                        "Relation Name": "title",
                        "Alias": "t",
                        "Startup Cost": 0.0,
                        "Total Cost": 58306.47,
                        "Plan Rows": 622031,
                        "Plan Width": 4,
                        "Actual Startup Time": 0.026,
                        "Actual Total Time": 173.603,
                        "Actual Rows": 501634,
                        "Actual Loops": 2,
                        "Filter": "((kind_id > 1) AND (production_year < 2006))",
                        "Rows Removed by Filter": 762522
                      }
                    ]
                  }
                ]
              }
            ]
          }
        ]
      }
    ]
  },
  "Planning Time": 0.72,
  "Triggers": [],
  "Execution Time": 2791.686
}