[
  {
    "Plan": {
      "Node Type": "Aggregate",
      "Strategy": "Plain",
      "Partial Mode": "Finalize",
      "Parallel Aware": false,
      "Startup Cost": 32607.06,
      "Total Cost": 32607.07,
      "Plan Rows": 1,
      "Plan Width": 8,
      "Actual Startup Time": 85.606,
      "Actual Total Time": 90.009,
      "Actual Rows": 1,
      "Actual Loops": 1,
      "Plans": [
        {
          "Node Type": "Gather",
          "Parent Relationship": "Outer",
          "Parallel Aware": false,
          "Startup Cost": 32606.74,
          "Total Cost": 32607.05,
          "Plan Rows": 3,
          "Plan Width": 8,
          "Actual Startup Time": 85.423,
          "Actual Total Time": 90.001,
          "Actual Rows": 4,
          "Actual Loops": 1,
          "Workers Planned": 3,
          "Workers Launched": 3,
          "Single Copy": false,
          "Plans": [
            {
              "Node Type": "Aggregate",
              "Strategy": "Plain",
              "Partial Mode": "Partial",
              "Parent Relationship": "Outer",
              "Parallel Aware": false,
              "Startup Cost": 31606.74,
              "Total Cost": 31606.75,
              "Plan Rows": 1,
              "Plan Width": 8,
              "Actual Startup Time": 81.704,
              "Actual Total Time": 81.705,
              "Actual Rows": 1,
              "Actual Loops": 4,
              "Plans": [
                {
                  "Node Type": "Bitmap Heap Scan",
                  "Parent Relationship": "Outer",
                  "Parallel Aware": true,
                  "Relation Name": "movie_companies",
                  "Alias": "mc",
                  "Startup Cost": 10305.07,
                  "Total Cost": 31409.59,
                  "Plan Rows": 78859,
                  "Plan Width": 0,
                  "Actual Startup Time": 33.199,
                  "Actual Total Time": 74.509,
                  "Actual Rows": 119672,
                  "Actual Loops": 4,
                  "Recheck Cond": "(company_id > 75430)",
                  "Rows Removed by Index Recheck": 0,
                  "Filter": "(company_type_id > 1)",
                  "Rows Removed by Filter": 0,
                  "Exact Heap Blocks": 3470,
                  "Lossy Heap Blocks": 0,
                  "Plans": [
                    {
                      "Node Type": "Bitmap Index Scan",
                      "Parent Relationship": "Outer",
                      "Parallel Aware": false,
                      "Index Name": "company_id_movie_companies",
                      "Startup Cost": 0.0,
                      "Total Cost": 10243.95,
                      "Plan Rows": 478336,
                      "Plan Width": 0,
                      "Actual Startup Time": 35.372,
                      "Actual Total Time": 35.372,
                      "Actual Rows": 478688,
                      "Actual Loops": 1,
                      "Index Cond": "(company_id > 75430)"
                    }
                  ]
                }
              ]
            }
          ]
        }
      ]
    },
    "Planning Time": 0.116,
    "Triggers": [],
    "Execution Time": 90.052
  }
]