{
  "Plan": {
    "Node Type": "Aggregate",
    "Strategy": "Plain",
    "Partial Mode": "Finalize",
    "Parallel Aware": false,
    "Startup Cost": 304242.86,
    "Total Cost": 304242.87,
    "Plan Rows": 1,
    "Plan Width": 8,
    "Actual Startup Time": 2411.545,
    "Actual Total Time": 2477.956,
    "Actual Rows": 1,
    "Actual Loops": 1,
    "Plans": [
      {
        "Node Type": "Gather",
        "Parent Relationship": "Outer",
        "Parallel Aware": false,
        "Startup Cost": 304242.75,
        "Total Cost": 304242.86,
        "Plan Rows": 1,
        "Plan Width": 8,
        "Actual Startup Time": 2409.898,
        "Actual Total Time": 2477.949,
        "Actual Rows": 2,
        "Actual Loops": 1,
        "Workers Planned": 1,
        "Workers Launched": 1,
        "Single Copy": false,
        "Plans": [
          {
            "Node Type": "Aggregate",
            "Strategy": "Plain",
            "Partial Mode": "Partial",
            "Parent Relationship": "Outer",
            "Parallel Aware": false,
            "Startup Cost": 303242.75,
            "Total Cost": 303242.76,
            "Plan Rows": 1,
            "Plan Width": 8,
            "Actual Startup Time": 2403.503,
            "Actual Total Time": 2403.507,
            "Actual Rows": 1,
            "Actual Loops": 2,
            "Plans": [
              {
                "Node Type": "Nested Loop",
                "Parent Relationship": "Outer",
                "Parallel Aware": false,
                "Join Type": "Inner",
                "Startup Cost": 36559.47,
                "Total Cost": 301852.29,
                "Plan Rows": 556184,
                "Plan Width": 0,
                "Actual Startup Time": 162.273,
                "Actual Total Time": 2285.533,
                "Actual Rows": 2817652,
                "Actual Loops": 2,
                "Inner Unique": false,
                "Plans": [
                  {
                    "Node Type": "Hash Join",
                    "Parent Relationship": "Outer",
                    "Parallel Aware": true,
                    "Join Type": "Inner",
                    "Startup Cost": 36559.04,
                    "Total Cost": 97388.46,
                    "Plan Rows": 95118,
                    "Plan Width": 8,
                    "Actual Startup Time": 162.2,
                    "Actual Total Time": 561.791,
                    "Actual Rows": 169608,
                    "Actual Loops": 2,
                    "Inner Unique": false,
                    "Hash Cond": "(t.id = mc.movie_id)",
                    "Plans": [
                      {
                        "Node Type": "Seq Scan",
                        "Parent Relationship": "Outer",
                        "Parallel Aware": true,
                        "Relation Name": "title",
                        "Alias": "t",
                        "Startup Cost": 0.0,
                        "Total Cost": 54588.39,
                        "Plan Rows": 909042,
                        "Plan Width": 4,
                        "Actual Startup Time": 0.012,
                        "Actual Total Time": 153.575,
                        "Actual Rows": 775864,
                        "Actual Loops": 2,
                        "Filter": "(production_year < 2007)",
                        "Rows Removed by Filter": 488292
                      },
                      {
                        "Node Type": "Hash",
                        "Parent Relationship": "Inner",
                        "Parallel Aware": true,
                        "Startup Cost": 34613.81,
                        "Total Cost": 34613.81,
                        "Plan Rows": 155618,
                        "Plan Width": 4,
                        "Actual Startup Time": 156.864,
                        "Actual Total Time": 156.865,
                        "Actual Rows": 265600,
                        "Actual Loops": 2,
                        "Hash Buckets": 1048576,
                        "Original Hash Buckets": 524288,
                        "Hash Batches": 1,
                        "Original Hash Batches": 1,
                        "Peak Memory Usage": 33120,
                        "Plans": [
                          {
                            "Node Type": "Bitmap Heap Scan",
                            "Parent Relationship": "Outer",
                            "Parallel Aware": true,
                            "Relation Name": "movie_companies",
                            "Alias": "mc",
                            "Startup Cost": 11226.38,
                            "Total Cost": 34613.81,
                            "Plan Rows": 155618,
                            "Plan Width": 4,
                            "Actual Startup Time": 40.912,
                            "Actual Total Time": 95.095,
                            "Actual Rows": 265600,
                            "Actual Loops": 2,
                            "Recheck Cond": "(company_id > 72663)",
                            "Rows Removed by Index Recheck": 0,
                            "Filter": "(company_type_id = 2)",
                            "Rows Removed by Filter": 0,
                            "Exact Heap Blocks": 4644,
                            "Lossy Heap Blocks": 0,
                            "Plans": [
                              {
                                "Node Type": "Bitmap Index Scan",
                                "Parent Relationship": "Outer",
                                "Parallel Aware": false,
                                "Index Name": "company_id_movie_companies",
                                "Startup Cost": 0.0,
                                "Total Cost": 11160.25,
                                "Plan Rows": 521042,
                                "Plan Width": 0,
                                "Actual Startup Time": 40.51,
                                "Actual Total Time": 40.51,
                                "Actual Rows": 531201,
                                "Actual Loops": 1,
                                "Index Cond": "(company_id > 72663)"
                              }
                            ]
                          }
                        ]
                      }
                    ]
                  },
                  {
                    "Node Type": "Index Only Scan",
                    "Parent Relationship": "Inner",
                    "Parallel Aware": false,
                    "Scan Direction": "Forward",
                    "Index Name": "movie_id_movie_info",
                    "Relation Name": "movie_info",
                    "Alias": "mi",
                    "Startup Cost": 0.43,
                    "Total Cost": 1.73,
                    "Plan Rows": 42,
                    "Plan Width": 4,
                    "Actual Startup Time": 0.003,
                    "Actual Total Time": 0.009,
                    "Actual Rows": 17,
                    "Actual Loops": 339215,
                    "Index Cond": "(movie_id = t.id)",
                    "Rows Removed by Index Recheck": 0,
                    "Heap Fetches": 5635305
                  }
                ]
              }
            ]
          }
        ]
      }
    ]
  },
  "Planning Time": 0.976,
  "Triggers": [],
  "Execution Time": 2478.107
}