[
  {
    "Plan": {
      "Node Type": "Aggregate",
      "Strategy": "Plain",
      "Partial Mode": "Finalize",
      "Parallel Aware": false,
      "Startup Cost": 86465.96,
      "Total Cost": 86465.97,
      "Plan Rows": 1,
      "Plan Width": 8,
      "Actual Startup Time": 482.895,
      "Actual Total Time": 501.405,
      "Actual Rows": 1,
      "Actual Loops": 1,
      "Plans": [
        {
          "Node Type": "Gather",
          "Parent Relationship": "Outer",
          "Parallel Aware": false,
          "Startup Cost": 86465.65,
          "Total Cost": 86465.96,
          "Plan Rows": 3,
          "Plan Width": 8,
          "Actual Startup Time": 471.361,
          "Actual Total Time": 501.395,
          "Actual Rows": 4,
          "Actual Loops": 1,
          "Workers Planned": 3,
          "Workers Launched": 3,
          "Single Copy": false,
          "Plans": [
            {
              "Node Type": "Aggregate",
              "Strategy": "Plain",
              "Partial Mode": "Partial",
              "Parent Relationship": "Outer",
              "Parallel Aware": false,
              "Startup Cost": 85465.65,
              "Total Cost": 85465.66,
              "Plan Rows": 1,
              "Plan Width": 8,
              "Actual Startup Time": 458.567,
              "Actual Total Time": 458.572,
              "Actual Rows": 1,
              "Actual Loops": 4,
              "Plans": [
                {
                  "Node Type": "Hash Join",
                  "Parent Relationship": "Outer",
                  "Parallel Aware": true,
                  "Join Type": "Inner",
                  "Startup Cost": 58534.51,
                  "Total Cost": 85237.08,
                  "Plan Rows": 91425,
                  "Plan Width": 0,
                  "Actual Startup Time": 353.937,
                  "Actual Total Time": 456.851,
                  "Actual Rows": 16651,
                  "Actual Loops": 4,
                  "Inner Unique": true,
                  "Hash Cond": "(mk.movie_id = t.id)",
                  "Plans": [
                    {
                      "Node Type": "Bitmap Heap Scan",
                      "Parent Relationship": "Outer",
                      "Parallel Aware": true,
                      "Relation Name": "movie_keyword",
                      "Alias": "mk",
                      "Startup Cost": 9776.14,
                      "Total Cost": 36088.46,
                      "Plan Rows": 148666,
                      "Plan Width": 4,
                      "Actual Startup Time": 45.542,
                      "Actual Total Time": 109.819,
                      "Actual Rows": 114151,
                      "Actual Loops": 4,
                      "Recheck Cond": "(keyword_id > 38838)",
                      "Rows Removed by Index Recheck": 0,
                      "Exact Heap Blocks": 8343,
                      "Lossy Heap Blocks": 0,
                      "Plans": [
                        {
                          "Node Type": "Bitmap Index Scan",
                          "Parent Relationship": "Outer",
                          "Parallel Aware": false,
                          "Index Name": "keyword_id_movie_keyword",
                          "Startup Cost": 0.0,
                          "Total Cost": 9660.92,
                          "Plan Rows": 460865,
                          "Plan Width": 0,
                          "Actual Startup Time": 40.11,
                          "Actual Total Time": 40.11,
                          "Actual Rows": 456605,
                          "Actual Loops": 1,
                          "Index Cond": "(keyword_id > 38838)"
                        }
                      ]
                    },
                    {
                      "Node Type": "Hash",
                      "Parent Relationship": "Inner",
                      "Parallel Aware": true,
                      "Startup Cost": 43899.32,
                      "Total Cost": 43899.32,
                      "Plan Rows": 388724,
                      "Plan Width": 4,
                      "Actual Startup Time": 300.244,
                      "Actual Total Time": 300.245,
                      "Actual Rows": 388966,
                      "Actual Loops": 4,
                      "Hash Buckets": 2097152,
                      "Original Hash Buckets": 2097152,
                      "Hash Batches": 1,
                      "Original Hash Batches": 1,
                      "Peak Memory Usage": 77280,
                      "Plans": [
                        {
                          "Node Type": "Seq Scan",
                          "Parent Relationship": "Outer",
                          "Parallel Aware": true,
                          "Relation Name": "title",
                          "Alias": "t",
                          "Startup Cost": 0.0,
                          "Total Cost": 43899.32,
                          "Plan Rows": 388724,
                          "Plan Width": 4,
                          "Actual Startup Time": 0.051,
                          "Actual Total Time": 127.334,
                          "Actual Rows": 388966,
                          "Actual Loops": 4,
                          "Filter": "(kind_id > 4)",
                          "Rows Removed by Filter": 243112
                        }
                      ]
                    }
                  ]
                }
              ]
            }
          ]
        }
      ]
    },
    "Planning Time": 0.623,
    "Triggers": [],
    "Execution Time": 501.499
  }
]