[
  {
    "Plan": {
      "Node Type": "Aggregate",
      "Strategy": "Plain",
      "Partial Mode": "Simple",
      "Parallel Aware": false,
      "Startup Cost": 21187.09,
      "Total Cost": 21187.1,
      "Plan Rows": 1,
      "Plan Width": 8,
      "Actual Startup Time": 45.581,
      "Actual Total Time": 45.582,
      "Actual Rows": 1,
      "Actual Loops": 1,
      "Plans": [
        {
          "Node Type": "Bitmap Heap Scan",
          "Parent Relationship": "Outer",
          "Parallel Aware": false,
          "Relation Name": "movie_companies",
          "Alias": "mc",
          "Startup Cost": 1367.09,
          "Total Cost": 21106.25,
          "Plan Rows": 32339,
          "Plan Width": 0,
          "Actual Startup Time": 9.163,
          "Actual Total Time": 41.047,
          "Actual Rows": 62443,
          "Actual Loops": 1,
          "Recheck Cond": "(company_id > 182034)",
          "Rows Removed by Index Recheck": 0,
          "Filter": "(company_type_id = 2)",
          "Rows Removed by Filter": 0,
          "Exact Heap Blocks": 2224,
          "Lossy Heap Blocks": 0,
          "Plans": [
            {
              "Node Type": "Bitmap Index Scan",
              "Parent Relationship": "Outer",
              "Parallel Aware": false,
              "Index Name": "company_id_movie_companies",
              "Startup Cost": 0.0,
              "Total Cost": 1359.01,
              "Plan Rows": 63277,
              "Plan Width": 0,
              "Actual Startup Time": 8.23,
              "Actual Total Time": 8.23,
              "Actual Rows": 62443,
              "Actual Loops": 1,
              "Index Cond": "(company_id > 182034)"
            }
          ]
        }
      ]
    },
    "Planning Time": 0.217,
    "Triggers": [],
    "Execution Time": 45.652
  }
]