{
    "Plan": {
        "Node Type": "Aggregate",
        "Strategy": "Plain",
        "Partial Mode": "Simple",
        "Parallel Aware": false,
        "Startup Cost": 91109.19,
        "Total Cost": 91109.2,
        "Plan Rows": 1,
        "Plan Width": 32,
        "Actual Startup Time": 2527.052,
        "Actual Total Time": 2627.046,
        "Actual Rows": 1,
        "Actual Loops": 1,
        "Plans": [
            {
                "Node Type": "Gather",
                "Parent Relationship": "Outer",
                "Parallel Aware": false,
                "Startup Cost": 4848.61,
                "Total Cost": 91109.19,
                "Plan Rows": 1,
                "Plan Width": 15,
                "Actual Startup Time": 1729.513,
                "Actual Total Time": 2625.984,
                "Actual Rows": 11538,
                "Actual Loops": 1,
                "Workers Planned": 1,
                "Workers Launched": 1,
                "Single Copy": false,
                "Plans": [
                    {
                        "Node Type": "Nested Loop",
                        "Parent Relationship": "Outer",
                        "Parallel Aware": false,
                        "Join Type": "Inner",
                        "Startup Cost": 3848.61,
                        "Total Cost": 90109.09,
                        "Plan Rows": 1,
                        "Plan Width": 15,
                        "Actual Startup Time": 2119.351,
                        "Actual Total Time": 2394.684,
                        "Actual Rows": 5769,
                        "Actual Loops": 2,
                        "Inner Unique": true,
                        "Plans": [
                            {
                                "Node Type": "Nested Loop",
                                "Parent Relationship": "Outer",
                                "Parallel Aware": false,
                                "Join Type": "Inner",
                                "Startup Cost": 3848.19,
                                "Total Cost": 90108.65,
                                "Plan Rows": 1,
                                "Plan Width": 19,
                                "Actual Startup Time": 2119.343,
                                "Actual Total Time": 2381.288,
                                "Actual Rows": 5769,
                                "Actual Loops": 2,
                                "Inner Unique": false,
                                "Join Filter": "(t.id = mc.movie_id)",
                                "Rows Removed by Join Filter": 0,
                                "Plans": [
                                    {
                                        "Node Type": "Hash Join",
                                        "Parent Relationship": "Outer",
                                        "Parallel Aware": false,
                                        "Join Type": "Inner",
                                        "Startup Cost": 3847.76,
                                        "Total Cost": 90108.07,
                                        "Plan Rows": 1,
                                        "Plan Width": 27,
                                        "Actual Startup Time": 2119.332,
                                        "Actual Total Time": 2373.347,
                                        "Actual Rows": 986,
                                        "Actual Loops": 2,
                                        "Inner Unique": false,
                                        "Hash Cond": "(n.id = ci.person_id)",
                                        "Plans": [
                                            {
                                                "Node Type": "Seq Scan",
                                                "Parent Relationship": "Outer",
                                                "Parallel Aware": true,
                                                "Relation Name": "name",
                                                "Alias": "n",
                                                "Startup Cost": 0.0,
                                                "Total Cost": 86256.32,
                                                "Plan Rows": 245,
                                                "Plan Width": 19,
                                                "Actual Startup Time": 1.49,
                                                "Actual Total Time": 253.395,
                                                "Actual Rows": 2608,
                                                "Actual Loops": 2,
                                                "Filter": "(name ~~ '%Bert%'::text)",
                                                "Rows Removed by Filter": 2081138
                                            },
                                            {
                                                "Node Type": "Hash",
                                                "Parent Relationship": "Inner",
                                                "Parallel Aware": false,
                                                "Startup Cost": 3841.67,
                                                "Total Cost": 3841.67,
                                                "Plan Rows": 487,
                                                "Plan Width": 16,
                                                "Actual Startup Time": 2117.339,
                                                "Actual Total Time": 2117.346,
                                                "Actual Rows": 1038393,
                                                "Actual Loops": 2,
                                                "Hash Buckets": 1048576,
                                                "Original Hash Buckets": 1024,
                                                "Hash Batches": 1,
                                                "Original Hash Batches": 1,
                                                "Peak Memory Usage": 56867,
                                                "Plans": [
                                                    {
                                                        "Node Type": "Nested Loop",
                                                        "Parent Relationship": "Outer",
                                                        "Parallel Aware": false,
                                                        "Join Type": "Inner",
                                                        "Startup Cost": 7.8,
                                                        "Total Cost": 3841.67,
                                                        "Plan Rows": 487,
                                                        "Plan Width": 16,
                                                        "Actual Startup Time": 12.846,
                                                        "Actual Total Time": 1911.1,
                                                        "Actual Rows": 1038393,
                                                        "Actual Loops": 2,
                                                        "Inner Unique": false,
                                                        "Join Filter": "(t.id = ci.movie_id)",
                                                        "Rows Removed by Join Filter": 0,
                                                        "Plans": [
                                                            {
                                                                "Node Type": "Nested Loop",
                                                                "Parent Relationship": "Outer",
                                                                "Parallel Aware": false,
                                                                "Join Type": "Inner",
                                                                "Startup Cost": 7.23,
                                                                "Total Cost": 3774.13,
                                                                "Plan Rows": 34,
                                                                "Plan Width": 8,
                                                                "Actual Startup Time": 12.767,
                                                                "Actual Total Time": 233.565,
                                                                "Actual Rows": 41840,
                                                                "Actual Loops": 2,
                                                                "Inner Unique": true,
                                                                "Plans": [
                                                                    {
                                                                        "Node Type": "Nested Loop",
                                                                        "Parent Relationship": "Outer",
                                                                        "Parallel Aware": false,
                                                                        "Join Type": "Inner",
                                                                        "Startup Cost": 6.8,
                                                                        "Total Cost": 3757.63,
                                                                        "Plan Rows": 34,
                                                                        "Plan Width": 4,
                                                                        "Actual Startup Time": 12.699,
                                                                        "Actual Total Time": 61.4,
                                                                        "Actual Rows": 41840,
                                                                        "Actual Loops": 2,
                                                                        "Inner Unique": false,
                                                                        "Plans": [
                                                                            {
                                                                                "Node Type": "Seq Scan",
                                                                                "Parent Relationship": "Outer",
                                                                                "Parallel Aware": false,
                                                                                "Relation Name": "keyword",
                                                                                "Alias": "k",
                                                                                "Startup Cost": 0.0,
                                                                                "Total Cost": 2626.12,
                                                                                "Plan Rows": 1,
                                                                                "Plan Width": 4,
                                                                                "Actual Startup Time": 1.429,
                                                                                "Actual Total Time": 9.985,
                                                                                "Actual Rows": 1,
                                                                                "Actual Loops": 2,
                                                                                "Filter": "(keyword = 'character-name-in-title'::text)",
                                                                                "Rows Removed by Filter": 134169
                                                                            },
                                                                            {
                                                                                "Node Type": "Bitmap Heap Scan",
                                                                                "Parent Relationship": "Inner",
                                                                                "Parallel Aware": false,
                                                                                "Relation Name": "movie_keyword",
                                                                                "Alias": "mk",
                                                                                "Startup Cost": 6.8,
                                                                                "Total Cost": 1128.44,
                                                                                "Plan Rows": 306,
                                                                                "Plan Width": 8,
                                                                                "Actual Startup Time": 11.257,
                                                                                "Actual Total Time": 46.431,
                                                                                "Actual Rows": 41840,
                                                                                "Actual Loops": 2,
                                                                                "Recheck Cond": "(keyword_id = k.id)",
                                                                                "Rows Removed by Index Recheck": 0,
                                                                                "Exact Heap Blocks": 11541,
                                                                                "Lossy Heap Blocks": 0,
                                                                                "Plans": [
                                                                                    {
                                                                                        "Node Type": "Bitmap Index Scan",
                                                                                        "Parent Relationship": "Outer",
                                                                                        "Parallel Aware": false,
                                                                                        "Index Name": "keyword_id_movie_keyword",
                                                                                        "Startup Cost": 0.0,
                                                                                        "Total Cost": 6.73,
                                                                                        "Plan Rows": 306,
                                                                                        "Plan Width": 0,
                                                                                        "Actual Startup Time": 7.654,
                                                                                        "Actual Total Time": 7.654,
                                                                                        "Actual Rows": 41840,
                                                                                        "Actual Loops": 2,
                                                                                        "Index Cond": "(keyword_id = k.id)"
                                                                                    }
                                                                                ]
                                                                            }
                                                                        ]
                                                                    },
                                                                    {
                                                                        "Node Type": "Index Only Scan",
                                                                        "Parent Relationship": "Inner",
                                                                        "Parallel Aware": false,
                                                                        "Scan Direction": "Forward",
                                                                        "Index Name": "title_pkey",
                                                                        "Relation Name": "title",
                                                                        "Alias": "t",
                                                                        "Startup Cost": 0.43,
                                                                        "Total Cost": 0.49,
                                                                        "Plan Rows": 1,
                                                                        "Plan Width": 4,
                                                                        "Actual Startup Time": 0.004,
                                                                        "Actual Total Time": 0.004,
                                                                        "Actual Rows": 1,
                                                                        "Actual Loops": 83680,
                                                                        "Index Cond": "(id = mk.movie_id)",
                                                                        "Rows Removed by Index Recheck": 0,
                                                                        "Heap Fetches": 83680
                                                                    }
                                                                ]
                                                            },
                                                            {
                                                                "Node Type": "Index Scan",
                                                                "Parent Relationship": "Inner",
                                                                "Parallel Aware": false,
                                                                "Scan Direction": "Forward",
                                                                "Index Name": "movie_id_cast_info",
                                                                "Relation Name": "cast_info",
                                                                "Alias": "ci",
                                                                "Startup Cost": 0.56,
                                                                "Total Cost": 1.52,
                                                                "Plan Rows": 37,
                                                                "Plan Width": 8,
                                                                "Actual Startup Time": 0.004,
                                                                "Actual Total Time": 0.036,
                                                                "Actual Rows": 25,
                                                                "Actual Loops": 83680,
                                                                "Index Cond": "(movie_id = mk.movie_id)",
                                                                "Rows Removed by Index Recheck": 0
                                                            }
                                                        ]
                                                    }
                                                ]
                                            }
                                        ]
                                    },
                                    {
                                        "Node Type": "Index Scan",
                                        "Parent Relationship": "Inner",
                                        "Parallel Aware": false,
                                        "Scan Direction": "Forward",
                                        "Index Name": "movie_id_movie_companies",
                                        "Relation Name": "movie_companies",
                                        "Alias": "mc",
                                        "Startup Cost": 0.43,
                                        "Total Cost": 0.52,
                                        "Plan Rows": 5,
                                        "Plan Width": 8,
                                        "Actual Startup Time": 0.005,
                                        "Actual Total Time": 0.007,
                                        "Actual Rows": 6,
                                        "Actual Loops": 1972,
                                        "Index Cond": "(movie_id = ci.movie_id)",
                                        "Rows Removed by Index Recheck": 0
                                    }
                                ]
                            },
                            {
                                "Node Type": "Index Only Scan",
                                "Parent Relationship": "Inner",
                                "Parallel Aware": false,
                                "Scan Direction": "Forward",
                                "Index Name": "company_name_pkey",
                                "Relation Name": "company_name",
                                "Alias": "cn",
                                "Startup Cost": 0.42,
                                "Total Cost": 0.44,
                                "Plan Rows": 1,
                                "Plan Width": 4,
                                "Actual Startup Time": 0.002,
                                "Actual Total Time": 0.002,
                                "Actual Rows": 1,
                                "Actual Loops": 11538,
                                "Index Cond": "(id = mc.company_id)",
                                "Rows Removed by Index Recheck": 0,
                                "Heap Fetches": 11538
                            }
                        ]
                    }
                ]
            }
        ]
    },
    "Planning Time": 2.378,
    "Triggers": [],
    "Execution Time": 2627.99
}