[
    {
        "Bao": {
            "Bao prediction": 672.396,
            "Bao recommended hint": "(no hint)"
        }
    },
    {
        "Plan": {
            "Node Type": "Aggregate",
            "Strategy": "Plain",
            "Partial Mode": "Finalize",
            "Parallel Aware": false,
            "Startup Cost": 303347.27,
            "Total Cost": 303347.28,
            "Plan Rows": 1,
            "Plan Width": 8,
            "Actual Startup Time": 217.385,
            "Actual Total Time": 223.29,
            "Actual Rows": 1,
            "Actual Loops": 1,
            "Output": [
                "count(*)"
            ],
            "Plans": [
                {
                    "Node Type": "Gather",
                    "Parent Relationship": "Outer",
                    "Parallel Aware": false,
                    "Startup Cost": 303346.65,
                    "Total Cost": 303347.26,
                    "Plan Rows": 6,
                    "Plan Width": 8,
                    "Actual Startup Time": 216.798,
                    "Actual Total Time": 223.282,
                    "Actual Rows": 7,
                    "Actual Loops": 1,
                    "Output": [
                        "(PARTIAL count(*))"
                    ],
                    "Workers Planned": 6,
                    "Workers Launched": 6,
                    "Single Copy": false,
                    "Plans": [
                        {
                            "Node Type": "Aggregate",
                            "Strategy": "Plain",
                            "Partial Mode": "Partial",
                            "Parent Relationship": "Outer",
                            "Parallel Aware": false,
                            "Startup Cost": 302346.65,
                            "Total Cost": 302346.66,
                            "Plan Rows": 1,
                            "Plan Width": 8,
                            "Actual Startup Time": 206.672,
                            "Actual Total Time": 206.673,
                            "Actual Rows": 1,
                            "Actual Loops": 7,
                            "Output": [
                                "PARTIAL count(*)"
                            ],
                            "Workers": [
                                {
                                    "Worker Number": 0,
                                    "Actual Startup Time": 206.572,
                                    "Actual Total Time": 206.574,
                                    "Actual Rows": 1,
                                    "Actual Loops": 1
                                },
                                {
                                    "Worker Number": 1,
                                    "Actual Startup Time": 205.731,
                                    "Actual Total Time": 205.731,
                                    "Actual Rows": 1,
                                    "Actual Loops": 1
                                },
                                {
                                    "Worker Number": 2,
                                    "Actual Startup Time": 205.59,
                                    "Actual Total Time": 205.592,
                                    "Actual Rows": 1,
                                    "Actual Loops": 1
                                },
                                {
                                    "Worker Number": 3,
                                    "Actual Startup Time": 205.099,
                                    "Actual Total Time": 205.101,
                                    "Actual Rows": 1,
                                    "Actual Loops": 1
                                },
                                {
                                    "Worker Number": 4,
                                    "Actual Startup Time": 204.927,
                                    "Actual Total Time": 204.928,
                                    "Actual Rows": 1,
                                    "Actual Loops": 1
                                },
                                {
                                    "Worker Number": 5,
                                    "Actual Startup Time": 204.859,
                                    "Actual Total Time": 204.86,
                                    "Actual Rows": 1,
                                    "Actual Loops": 1
                                }
                            ],
                            "Plans": [
                                {
                                    "Node Type": "Bitmap Heap Scan",
                                    "Parent Relationship": "Outer",
                                    "Parallel Aware": true,
                                    "Relation Name": "cast_info",
                                    "Schema": "public",
                                    "Alias": "ci",
                                    "Startup Cost": 44103.99,
                                    "Total Cost": 301805.17,
                                    "Plan Rows": 216590,
                                    "Plan Width": 0,
                                    "Actual Startup Time": 166.791,
                                    "Actual Total Time": 201.51,
                                    "Actual Rows": 82383,
                                    "Actual Loops": 7,
                                    "Recheck Cond": "(ci.person_id < 198811)",
                                    "Rows Removed by Index Recheck": 0,
                                    "Filter": "(ci.role_id > 1)",
                                    "Rows Removed by Filter": 207037,
                                    "Exact Heap Blocks": 4523,
                                    "Lossy Heap Blocks": 0,
                                    "Workers": [
                                        {
                                            "Worker Number": 0,
                                            "Actual Startup Time": 166.674,
                                            "Actual Total Time": 201.406,
                                            "Actual Rows": 74883,
                                            "Actual Loops": 1
                                        },
                                        {
                                            "Worker Number": 1,
                                            "Actual Startup Time": 165.852,
                                            "Actual Total Time": 200.981,
                                            "Actual Rows": 67611,
                                            "Actual Loops": 1
                                        },
                                        {
                                            "Worker Number": 2,
                                            "Actual Startup Time": 165.698,
                                            "Actual Total Time": 200.327,
                                            "Actual Rows": 76553,
                                            "Actual Loops": 1
                                        },
                                        {
                                            "Worker Number": 3,
                                            "Actual Startup Time": 165.271,
                                            "Actual Total Time": 200.423,
                                            "Actual Rows": 68014,
                                            "Actual Loops": 1
                                        },
                                        {
                                            "Worker Number": 4,
                                            "Actual Startup Time": 165.035,
                                            "Actual Total Time": 199.821,
                                            "Actual Rows": 74470,
                                            "Actual Loops": 1
                                        },
                                        {
                                            "Worker Number": 5,
                                            "Actual Startup Time": 164.982,
                                            "Actual Total Time": 199.903,
                                            "Actual Rows": 114215,
                                            "Actual Loops": 1
                                        }
                                    ],
                                    "Plans": [
                                        {
                                            "Node Type": "Bitmap Index Scan",
                                            "Parent Relationship": "Outer",
                                            "Parallel Aware": false,
                                            "Index Name": "person_id_cast_info",
                                            "Startup Cost": 0.0,
                                            "Total Cost": 43779.11,
                                            "Plan Rows": 2005672,
                                            "Plan Width": 0,
                                            "Actual Startup Time": 113.976,
                                            "Actual Total Time": 113.977,
                                            "Actual Rows": 2025938,
                                            "Actual Loops": 1,
                                            "Index Cond": "(ci.person_id < 198811)"
                                        }
                                    ]
                                }
                            ]
                        }
                    ]
                }
            ]
        },
        "Planning Time": 3263.545,
        "Triggers": [],
        "Execution Time": 223.401
    }
]