[
  {
    "Plan": {
      "Node Type": "Aggregate",
      "Strategy": "Plain",
      "Partial Mode": "Finalize",
      "Parallel Aware": false,
      "Startup Cost": 46482.23,
      "Total Cost": 46482.24,
      "Plan Rows": 1,
      "Plan Width": 8,
      "Actual Startup Time": 88.062,
      "Actual Total Time": 100.392,
      "Actual Rows": 1,
      "Actual Loops": 1,
      "Plans": [
        {
          "Node Type": "Gather",
          "Parent Relationship": "Outer",
          "Parallel Aware": false,
          "Startup Cost": 46481.81,
          "Total Cost": 46482.22,
          "Plan Rows": 4,
          "Plan Width": 8,
          "Actual Startup Time": 87.874,
          "Actual Total Time": 100.381,
          "Actual Rows": 5,
          "Actual Loops": 1,
          "Workers Planned": 4,
          "Workers Launched": 4,
          "Single Copy": false,
          "Plans": [
            {
              "Node Type": "Aggregate",
              "Strategy": "Plain",
              "Partial Mode": "Partial",
              "Parent Relationship": "Outer",
              "Parallel Aware": false,
              "Startup Cost": 45481.81,
              "Total Cost": 45481.82,
              "Plan Rows": 1,
              "Plan Width": 8,
              "Actual Startup Time": 82.553,
              "Actual Total Time": 82.554,
              "Actual Rows": 1,
              "Actual Loops": 5,
              "Plans": [
                {
                  "Node Type": "Seq Scan",
                  "Parent Relationship": "Outer",
                  "Parallel Aware": true,
                  "Relation Name": "title",
                  "Alias": "t",
                  "Startup Cost": 0.0,
                  "Total Cost": 45479.59,
                  "Plan Rows": 888,
                  "Plan Width": 0,
                  "Actual Startup Time": 1.695,
                  "Actual Total Time": 82.458,
                  "Actual Rows": 767,
                  "Actual Loops": 5,
                  "Filter": "((kind_id < 4) AND (production_year = 1959))",
                  "Rows Removed by Filter": 504895
                }
              ]
            }
          ]
        }
      ]
    },
    "Planning Time": 0.095,
    "Triggers": [],
    "Execution Time": 100.426
  }
]