[
  {
    "Plan": {
      "Node Type": "Aggregate",
      "Strategy": "Plain",
      "Partial Mode": "Finalize",
      "Parallel Aware": false,
      "Startup Cost": 109018.35,
      "Total Cost": 109018.36,
      "Plan Rows": 1,
      "Plan Width": 8,
      "Actual Startup Time": 939.694,
      "Actual Total Time": 968.011,
      "Actual Rows": 1,
      "Actual Loops": 1,
      "Plans": [
        {
          "Node Type": "Gather",
          "Parent Relationship": "Outer",
          "Parallel Aware": false,
          "Startup Cost": 109018.03,
          "Total Cost": 109018.34,
          "Plan Rows": 3,
          "Plan Width": 8,
          "Actual Startup Time": 924.649,
          "Actual Total Time": 968.001,
          "Actual Rows": 4,
          "Actual Loops": 1,
          "Workers Planned": 3,
          "Workers Launched": 3,
          "Single Copy": false,
          "Plans": [
            {
              "Node Type": "Aggregate",
              "Strategy": "Plain",
              "Partial Mode": "Partial",
              "Parent Relationship": "Outer",
              "Parallel Aware": false,
              "Startup Cost": 108018.03,
              "Total Cost": 108018.04,
              "Plan Rows": 1,
              "Plan Width": 8,
              "Actual Startup Time": 914.362,
              "Actual Total Time": 915.431,
              "Actual Rows": 1,
              "Actual Loops": 4,
              "Plans": [
                {
                  "Node Type": "Hash Join",
                  "Parent Relationship": "Outer",
                  "Parallel Aware": true,
                  "Join Type": "Inner",
                  "Startup Cost": 72988.66,
                  "Total Cost": 107006.01,
                  "Plan Rows": 404808,
                  "Plan Width": 0,
                  "Actual Startup Time": 600.124,
                  "Actual Total Time": 873.824,
                  "Actual Rows": 946451,
                  "Actual Loops": 4,
                  "Inner Unique": false,
                  "Hash Cond": "(mc.movie_id = t.id)",
                  "Plans": [
                    {
                      "Node Type": "Seq Scan",
                      "Parent Relationship": "Outer",
                      "Parallel Aware": true,
                      "Relation Name": "movie_companies",
                      "Alias": "mc",
                      "Startup Cost": 0.0,
                      "Total Cost": 29310.68,
                      "Plan Rows": 805324,
                      "Plan Width": 4,
                      "Actual Startup Time": 0.025,
                      "Actual Total Time": 79.065,
                      "Actual Rows": 625453,
                      "Actual Loops": 4,
                      "Filter": "(company_id < 153349)",
                      "Rows Removed by Filter": 26830
                    },
                    {
                      "Node Type": "Hash",
                      "Parent Relationship": "Inner",
                      "Parallel Aware": true,
                      "Startup Cost": 66369.48,
                      "Total Cost": 66369.48,
                      "Plan Rows": 529535,
                      "Plan Width": 8,
                      "Actual Startup Time": 593.226,
                      "Actual Total Time": 594.293,
                      "Actual Rows": 334404,
                      "Actual Loops": 4,
                      "Hash Buckets": 2097152,
                      "Original Hash Buckets": 2097152,
                      "Hash Batches": 1,
                      "Original Hash Batches": 1,
                      "Peak Memory Usage": 68768,
                      "Plans": [
                        {
                          "Node Type": "Hash Join",
                          "Parent Relationship": "Outer",
                          "Parallel Aware": true,
                          "Join Type": "Inner",
                          "Startup Cost": 51174.92,
                          "Total Cost": 66369.48,
                          "Plan Rows": 529535,
                          "Plan Width": 8,
                          "Actual Startup Time": 367.209,
                          "Actual Total Time": 503.274,
                          "Actual Rows": 334404,
                          "Actual Loops": 4,
                          "Inner Unique": true,
                          "Hash Cond": "(mi_idx.movie_id = t.id)",
                          "Plans": [
                            {
                              "Node Type": "Seq Scan",
                              "Parent Relationship": "Outer",
                              "Parallel Aware": true,
                              "Relation Name": "movie_info_idx",
                              "Alias": "mi_idx",
                              "Startup Cost": 0.0,
                              "Total Cost": 13685.15,
                              "Plan Rows": 575015,
                              "Plan Width": 4,
                              "Actual Startup Time": 0.03,
                              "Actual Total Time": 32.658,
                              "Actual Rows": 345009,
                              "Actual Loops": 4
                            },
                            {
                              "Node Type": "Hash",
                              "Parent Relationship": "Inner",
                              "Parallel Aware": true,
                              "Startup Cost": 43898.92,
                              "Total Cost": 43898.92,
                              "Plan Rows": 582080,
                              "Plan Width": 4,
                              "Actual Startup Time": 360.512,
                              "Actual Total Time": 360.513,
                              "Actual Rows": 581473,
                              "Actual Loops": 4,
                              "Hash Buckets": 4194304,
                              "Original Hash Buckets": 4194304,
                              "Hash Batches": 1,
                              "Original Hash Batches": 1,
                              "Peak Memory Usage": 123840,
                              "Plans": [
                                {
                                  "Node Type": "Seq Scan",
                                  "Parent Relationship": "Outer",
                                  "Parallel Aware": true,
                                  "Relation Name": "title",
                                  "Alias": "t",
                                  "Startup Cost": 0.0,
                                  "Total Cost": 43898.92,
                                  "Plan Rows": 582080,
                                  "Plan Width": 4,
                                  "Actual Startup Time": 0.048,
                                  "Actual Total Time": 124.009,
                                  "Actual Rows": 581473,
                                  "Actual Loops": 4,
                                  "Filter": "(production_year > 1935)",
                                  "Rows Removed by Filter": 50605
                                }
                              ]
                            }
                          ]
                        }
                      ]
                    }
                  ]
                }
              ]
            }
          ]
        }
      ]
    },
    "Planning Time": 1.108,
    "Triggers": [],
    "Execution Time": 968.078
  }
]