[
  {
    "Plan": {
      "Node Type": "Aggregate",
      "Strategy": "Plain",
      "Partial Mode": "Finalize",
      "Parallel Aware": false,
      "Startup Cost": 107247.07,
      "Total Cost": 107247.08,
      "Plan Rows": 1,
      "Plan Width": 8,
      "Actual Startup Time": 641.529,
      "Actual Total Time": 689.785,
      "Actual Rows": 1,
      "Actual Loops": 1,
      "Plans": [
        {
          "Node Type": "Gather",
          "Parent Relationship": "Outer",
          "Parallel Aware": false,
          "Startup Cost": 107246.76,
          "Total Cost": 107247.07,
          "Plan Rows": 3,
          "Plan Width": 8,
          "Actual Startup Time": 633.438,
          "Actual Total Time": 689.772,
          "Actual Rows": 4,
          "Actual Loops": 1,
          "Workers Planned": 3,
          "Workers Launched": 3,
          "Single Copy": false,
          "Plans": [
            {
              "Node Type": "Aggregate",
              "Strategy": "Plain",
              "Partial Mode": "Partial",
              "Parent Relationship": "Outer",
              "Parallel Aware": false,
              "Startup Cost": 106246.76,
              "Total Cost": 106246.77,
              "Plan Rows": 1,
              "Plan Width": 8,
              "Actual Startup Time": 616.167,
              "Actual Total Time": 616.174,
              "Actual Rows": 1,
              "Actual Loops": 4,
              "Plans": [
                {
                  "Node Type": "Nested Loop",
                  "Parent Relationship": "Outer",
                  "Parallel Aware": false,
                  "Join Type": "Inner",
                  "Startup Cost": 50637.44,
                  "Total Cost": 105790.65,
                  "Plan Rows": 182443,
                  "Plan Width": 0,
                  "Actual Startup Time": 319.676,
                  "Actual Total Time": 605.729,
                  "Actual Rows": 134893,
                  "Actual Loops": 4,
                  "Inner Unique": false,
                  "Plans": [
                    {
                      "Node Type": "Hash Join",
                      "Parent Relationship": "Outer",
                      "Parallel Aware": true,
                      "Join Type": "Inner",
                      "Startup Cost": 50636.88,
                      "Total Cost": 75365.31,
                      "Plan Rows": 12725,
                      "Plan Width": 8,
                      "Actual Startup Time": 319.543,
                      "Actual Total Time": 350.303,
                      "Actual Rows": 12767,
                      "Actual Loops": 4,
                      "Inner Unique": true,
                      "Hash Cond": "(mk.movie_id = t.id)",
                      "Plans": [
                        {
                          "Node Type": "Bitmap Heap Scan",
                          "Parent Relationship": "Outer",
                          "Parallel Aware": true,
                          "Relation Name": "movie_keyword",
                          "Alias": "mk",
                          "Startup Cost": 1196.35,
                          "Total Cost": 25877.16,
                          "Plan Rows": 18145,
                          "Plan Width": 4,
                          "Actual Startup Time": 9.381,
                          "Actual Total Time": 25.881,
                          "Actual Rows": 14612,
                          "Actual Loops": 4,
                          "Recheck Cond": "(keyword_id = 16264)",
                          "Rows Removed by Index Recheck": 0,
                          "Exact Heap Blocks": 5455,
                          "Lossy Heap Blocks": 0,
                          "Plans": [
                            {
                              "Node Type": "Bitmap Index Scan",
                              "Parent Relationship": "Outer",
                              "Parallel Aware": false,
                              "Index Name": "keyword_id_movie_keyword",
                              "Startup Cost": 0.0,
                              "Total Cost": 1182.29,
                              "Plan Rows": 56248,
                              "Plan Width": 0,
                              "Actual Startup Time": 6.725,
                              "Actual Total Time": 6.726,
                              "Actual Rows": 58448,
                              "Actual Loops": 1,
                              "Index Cond": "(keyword_id = 16264)"
                            }
                          ]
                        },
                        {
                          "Node Type": "Hash",
                          "Parent Relationship": "Inner",
                          "Parallel Aware": true,
                          "Startup Cost": 43899.32,
                          "Total Cost": 43899.32,
                          "Plan Rows": 443296,
                          "Plan Width": 4,
                          "Actual Startup Time": 302.049,
                          "Actual Total Time": 302.05,
                          "Actual Rows": 443659,
                          "Actual Loops": 4,
                          "Hash Buckets": 2097152,
                          "Original Hash Buckets": 2097152,
                          "Hash Batches": 1,
                          "Original Hash Batches": 1,
                          "Peak Memory Usage": 85888,
                          "Plans": [
                            {
                              "Node Type": "Seq Scan",
                              "Parent Relationship": "Outer",
                              "Parallel Aware": true,
                              "Relation Name": "title",
                              "Alias": "t",
                              "Startup Cost": 0.0,
                              "Total Cost": 43899.32,
                              "Plan Rows": 443296,
                              "Plan Width": 4,
                              "Actual Startup Time": 0.049,
                              "Actual Total Time": 123.492,
                              "Actual Rows": 443659,
                              "Actual Loops": 4,
                              "Filter": "(kind_id > 2)",
                              "Rows Removed by Filter": 188419
                            }
                          ]
                        }
                      ]
                    },
                    {
                      "Node Type": "Index Only Scan",
                      "Parent Relationship": "Inner",
                      "Parallel Aware": false,
                      "Scan Direction": "Forward",
                      "Index Name": "movie_id_cast_info",
                      "Relation Name": "cast_info",
                      "Alias": "ci",
                      "Startup Cost": 0.56,
                      "Total Cost": 2.04,
                      "Plan Rows": 35,
                      "Plan Width": 4,
                      "Actual Startup Time": 0.005,
                      "Actual Total Time": 0.019,
                      "Actual Rows": 11,
                      "Actual Loops": 51069,
                      "Index Cond": "(movie_id = t.id)",
                      "Rows Removed by Index Recheck": 0,
                      "Heap Fetches": 539573
                    }
                  ]
                }
              ]
            }
          ]
        }
      ]
    },
    "Planning Time": 0.954,
    "Triggers": [],
    "Execution Time": 689.886
  }
]