[
  {
    "Plan": {
      "Node Type": "Aggregate",
      "Strategy": "Plain",
      "Partial Mode": "Finalize",
      "Parallel Aware": false,
      "Startup Cost": 77280.66,
      "Total Cost": 77280.67,
      "Plan Rows": 1,
      "Plan Width": 8,
      "Actual Startup Time": 207.427,
      "Actual Total Time": 221.109,
      "Actual Rows": 1,
      "Actual Loops": 1,
      "Plans": [
        {
          "Node Type": "Gather",
          "Parent Relationship": "Outer",
          "Parallel Aware": false,
          "Startup Cost": 77280.34,
          "Total Cost": 77280.65,
          "Plan Rows": 3,
          "Plan Width": 8,
          "Actual Startup Time": 207.133,
          "Actual Total Time": 221.093,
          "Actual Rows": 4,
          "Actual Loops": 1,
          "Workers Planned": 3,
          "Workers Launched": 3,
          "Single Copy": false,
          "Plans": [
            {
              "Node Type": "Aggregate",
              "Strategy": "Plain",
              "Partial Mode": "Partial",
              "Parent Relationship": "Outer",
              "Parallel Aware": false,
              "Startup Cost": 76280.34,
              "Total Cost": 76280.35,
              "Plan Rows": 1,
              "Plan Width": 8,
              "Actual Startup Time": 198.05,
              "Actual Total Time": 198.053,
              "Actual Rows": 1,
              "Actual Loops": 4,
              "Plans": [
                {
                  "Node Type": "Hash Join",
                  "Parent Relationship": "Outer",
                  "Parallel Aware": true,
                  "Join Type": "Inner",
                  "Startup Cost": 45797.3,
                  "Total Cost": 76237.1,
                  "Plan Rows": 17296,
                  "Plan Width": 0,
                  "Actual Startup Time": 136.327,
                  "Actual Total Time": 197.988,
                  "Actual Rows": 1176,
                  "Actual Loops": 4,
                  "Inner Unique": true,
                  "Hash Cond": "(mc.movie_id = t.id)",
                  "Plans": [
                    {
                      "Node Type": "Seq Scan",
                      "Parent Relationship": "Outer",
                      "Parallel Aware": true,
                      "Relation Name": "movie_companies",
                      "Alias": "mc",
                      "Startup Cost": 0.0,
                      "Total Cost": 29310.68,
                      "Plan Rows": 430142,
                      "Plan Width": 4,
                      "Actual Startup Time": 30.998,
                      "Actual Total Time": 68.466,
                      "Actual Rows": 333721,
                      "Actual Loops": 4,
                      "Filter": "(company_type_id = 2)",
                      "Rows Removed by Filter": 318562
                    },
                    {
                      "Node Type": "Hash",
                      "Parent Relationship": "Inner",
                      "Parallel Aware": true,
                      "Startup Cost": 45479.59,
                      "Total Cost": 45479.59,
                      "Plan Rows": 25417,
                      "Plan Width": 4,
                      "Actual Startup Time": 102.54,
                      "Actual Total Time": 102.541,
                      "Actual Rows": 2558,
                      "Actual Loops": 4,
                      "Hash Buckets": 131072,
                      "Original Hash Buckets": 131072,
                      "Hash Batches": 1,
                      "Original Hash Batches": 1,
                      "Peak Memory Usage": 1504,
                      "Plans": [
                        {
                          "Node Type": "Seq Scan",
                          "Parent Relationship": "Outer",
                          "Parallel Aware": true,
                          "Relation Name": "title",
                          "Alias": "t",
                          "Startup Cost": 0.0,
                          "Total Cost": 45479.59,
                          "Plan Rows": 25417,
                          "Plan Width": 4,
                          "Actual Startup Time": 0.245,
                          "Actual Total Time": 100.735,
                          "Actual Rows": 2558,
                          "Actual Loops": 4,
                          "Filter": "((production_year < 1953) AND (kind_id = 7))",
                          "Rows Removed by Filter": 629520
                        }
                      ]
                    }
                  ]
                }
              ]
            }
          ]
        }
      ]
    },
    "Planning Time": 0.689,
    "Triggers": [],
    "Execution Time": 221.183
  }
]