[
  {
    "Plan": {
      "Node Type": "Aggregate",
      "Strategy": "Plain",
      "Partial Mode": "Finalize",
      "Parallel Aware": false,
      "Startup Cost": 335070.03,
      "Total Cost": 335070.04,
      "Plan Rows": 1,
      "Plan Width": 8,
      "Actual Startup Time": 659.298,
      "Actual Total Time": 683.84,
      "Actual Rows": 1,
      "Actual Loops": 1,
      "Plans": [
        {
          "Node Type": "Gather",
          "Parent Relationship": "Outer",
          "Parallel Aware": false,
          "Startup Cost": 335069.4,
          "Total Cost": 335070.01,
          "Plan Rows": 6,
          "Plan Width": 8,
          "Actual Startup Time": 659.235,
          "Actual Total Time": 683.832,
          "Actual Rows": 7,
          "Actual Loops": 1,
          "Workers Planned": 6,
          "Workers Launched": 6,
          "Single Copy": false,
          "Plans": [
            {
              "Node Type": "Aggregate",
              "Strategy": "Plain",
              "Partial Mode": "Partial",
              "Parent Relationship": "Outer",
              "Parallel Aware": false,
              "Startup Cost": 334069.4,
              "Total Cost": 334069.41,
              "Plan Rows": 1,
              "Plan Width": 8,
              "Actual Startup Time": 652.149,
              "Actual Total Time": 652.15,
              "Actual Rows": 1,
              "Actual Loops": 7,
              "Plans": [
                {
                  "Node Type": "Seq Scan",
                  "Parent Relationship": "Outer",
                  "Parallel Aware": true,
                  "Relation Name": "cast_info",
                  "Alias": "ci",
                  "Startup Cost": 0.0,
                  "Total Cost": 328213.62,
                  "Plan Rows": 2342314,
                  "Plan Width": 0,
                  "Actual Startup Time": 239.377,
                  "Actual Total Time": 558.962,
                  "Actual Rows": 2018568,
                  "Actual Loops": 7,
                  "Filter": "(person_id > 2252677)",
                  "Rows Removed by Filter": 3159196
                }
              ]
            }
          ]
        }
      ]
    },
    "Planning Time": 0.089,
    "Triggers": [],
    "Execution Time": 683.874
  }
]