{
  "Plan": {
    "Node Type": "Aggregate",
    "Strategy": "Plain",
    "Partial Mode": "Finalize",
    "Parallel Aware": false,
    "Startup Cost": 408757.52,
    "Total Cost": 408757.53,
    "Plan Rows": 1,
    "Plan Width": 8,
    "Actual Startup Time": 3654.068,
    "Actual Total Time": 3707.841,
    "Actual Rows": 1,
    "Actual Loops": 1,
    "Plans": [
      {
        "Node Type": "Gather",
        "Parent Relationship": "Outer",
        "Parallel Aware": false,
        "Startup Cost": 408757.41,
        "Total Cost": 408757.52,
        "Plan Rows": 1,
        "Plan Width": 8,
        "Actual Startup Time": 3651.147,
        "Actual Total Time": 3707.833,
        "Actual Rows": 2,
        "Actual Loops": 1,
        "Workers Planned": 1,
        "Workers Launched": 1,
        "Single Copy": false,
        "Plans": [
          {
            "Node Type": "Aggregate",
            "Strategy": "Plain",
            "Partial Mode": "Partial",
            "Parent Relationship": "Outer",
            "Parallel Aware": false,
            "Startup Cost": 407757.41,
            "Total Cost": 407757.42,
            "Plan Rows": 1,
            "Plan Width": 8,
            "Actual Startup Time": 3647.037,
            "Actual Total Time": 3647.044,
            "Actual Rows": 1,
            "Actual Loops": 2,
            "Plans": [
              {
                "Node Type": "Hash Join",
                "Parent Relationship": "Outer",
                "Parallel Aware": true,
                "Join Type": "Inner",
                "Startup Cost": 115886.17,
                "Total Cost": 404684.14,
                "Plan Rows": 1229307,
                "Plan Width": 0,
                "Actual Startup Time": 663.966,
                "Actual Total Time": 3137.777,
                "Actual Rows": 12323635,
                "Actual Loops": 2,
                "Inner Unique": false,
                "Hash Cond": "(mi.movie_id = t.id)",
                "Plans": [
                  {
                    "Node Type": "Seq Scan",
                    "Parent Relationship": "Outer",
                    "Parallel Aware": true,
                    "Relation Name": "movie_info",
                    "Alias": "mi",
                    "Startup Cost": 0.0,
                    "Total Cost": 248955.74,
                    "Plan Rows": 8696274,
                    "Plan Width": 4,
                    "Actual Startup Time": 0.018,
                    "Actual Total Time": 704.272,
                    "Actual Rows": 7417860,
                    "Actual Loops": 2
                  },
                  {
                    "Node Type": "Hash",
                    "Parent Relationship": "Inner",
                    "Parallel Aware": true,
                    "Startup Cost": 113258.23,
                    "Total Cost": 113258.23,
                    "Plan Rows": 210235,
                    "Plan Width": 8,
                    "Actual Startup Time": 658.534,
                    "Actual Total Time": 658.539,
                    "Actual Rows": 238897,
                    "Actual Loops": 2,
                    "Hash Buckets": 524288,
                    "Original Hash Buckets": 524288,
                    "Hash Batches": 1,
                    "Original Hash Batches": 1,
                    "Peak Memory Usage": 22816,
                    "Plans": [
                      {
                        "Node Type": "Hash Join",
                        "Parent Relationship": "Outer",
                        "Parallel Aware": true,
                        "Join Type": "Inner",
                        "Startup Cost": 80905.15,
                        "Total Cost": 113258.23,
                        "Plan Rows": 210235,
                        "Plan Width": 8,
                        "Actual Startup Time": 400.854,
                        "Actual Total Time": 605.613,
                        "Actual Rows": 238897,
                        "Actual Loops": 2,
                        "Inner Unique": true,
                        "Hash Cond": "(mk.movie_id = t.id)",
                        "Plans": [
                          {
                            "Node Type": "Bitmap Heap Scan",
                            "Parent Relationship": "Outer",
                            "Parallel Aware": true,
                            "Relation Name": "movie_keyword",
                            "Alias": "mk",
                            "Startup Cost": 18833.11,
                            "Total Cost": 49815.28,
                            "Plan Rows": 522253,
                            "Plan Width": 4,
                            "Actual Startup Time": 67.65,
                            "Actual Total Time": 174.886,
                            "Actual Rows": 442768,
                            "Actual Loops": 2,
                            "Recheck Cond": "(keyword_id > 20827)",
                            "Rows Removed by Index Recheck": 0,
                            "Exact Heap Blocks": 12371,
                            "Lossy Heap Blocks": 0,
                            "Plans": [
                              {
                                "Node Type": "Bitmap Index Scan",
                                "Parent Relationship": "Outer",
                                "Parallel Aware": false,
                                "Index Name": "keyword_id_movie_keyword",
                                "Startup Cost": 0.0,
                                "Total Cost": 18611.16,
                                "Plan Rows": 887830,
                                "Plan Width": 0,
                                "Actual Startup Time": 63.992,
                                "Actual Total Time": 63.993,
                                "Actual Rows": 885537,
                                "Actual Loops": 1,
                                "Index Cond": "(keyword_id > 20827)"
                              }
                            ]
                          },
                          {
                            "Node Type": "Hash",
                            "Parent Relationship": "Inner",
                            "Parallel Aware": true,
                            "Startup Cost": 54588.39,
                            "Total Cost": 54588.39,
                            "Plan Rows": 598692,
                            "Plan Width": 4,
                            "Actual Startup Time": 327.542,
                            "Actual Total Time": 327.543,
                            "Actual Rows": 510876,
                            "Actual Loops": 2,
                            "Hash Buckets": 1048576,
                            "Original Hash Buckets": 1048576,
                            "Hash Batches": 1,
                            "Original Hash Batches": 1,
                            "Peak Memory Usage": 48192,
                            "Plans": [
                              {
                                "Node Type": "Seq Scan",
                                "Parent Relationship": "Outer",
                                "Parallel Aware": true,
                                "Relation Name": "title",
                                "Alias": "t",
                                "Startup Cost": 0.0,
                                "Total Cost": 54588.39,
                                "Plan Rows": 598692,
                                "Plan Width": 4,
                                "Actual Startup Time": 0.027,
                                "Actual Total Time": 171.644,
                                "Actual Rows": 510876,
                                "Actual Loops": 2,
                                "Filter": "(production_year < 2000)",
                                "Rows Removed by Filter": 753280
                              }
                            ]
                          }
                        ]
                      }
                    ]
                  }
                ]
              }
            ]
          }
        ]
      }
    ]
  },
  "Planning Time": 0.571,
  "Triggers": [],
  "Execution Time": 3707.927
}