[
  {
    "Plan": {
      "Node Type": "Aggregate",
      "Strategy": "Plain",
      "Partial Mode": "Finalize",
      "Parallel Aware": false,
      "Startup Cost": 47287.6,
      "Total Cost": 47287.61,
      "Plan Rows": 1,
      "Plan Width": 8,
      "Actual Startup Time": 177.006,
      "Actual Total Time": 186.613,
      "Actual Rows": 1,
      "Actual Loops": 1,
      "Plans": [
        {
          "Node Type": "Gather",
          "Parent Relationship": "Outer",
          "Parallel Aware": false,
          "Startup Cost": 47287.28,
          "Total Cost": 47287.59,
          "Plan Rows": 3,
          "Plan Width": 8,
          "Actual Startup Time": 176.71,
          "Actual Total Time": 186.605,
          "Actual Rows": 4,
          "Actual Loops": 1,
          "Workers Planned": 3,
          "Workers Launched": 3,
          "Single Copy": false,
          "Plans": [
            {
              "Node Type": "Aggregate",
              "Strategy": "Plain",
              "Partial Mode": "Partial",
              "Parent Relationship": "Outer",
              "Parallel Aware": false,
              "Startup Cost": 46287.28,
              "Total Cost": 46287.29,
              "Plan Rows": 1,
              "Plan Width": 8,
              "Actual Startup Time": 169.955,
              "Actual Total Time": 169.956,
              "Actual Rows": 1,
              "Actual Loops": 4,
              "Plans": [
                {
                  "Node Type": "Seq Scan",
                  "Parent Relationship": "Outer",
                  "Parallel Aware": true,
                  "Relation Name": "movie_keyword",
                  "Alias": "mk",
                  "Startup Cost": 0.0,
                  "Total Cost": 42695.65,
                  "Plan Rows": 1436650,
                  "Plan Width": 0,
                  "Actual Startup Time": 0.055,
                  "Actual Total Time": 121.975,
                  "Actual Rows": 1113558,
                  "Actual Loops": 4,
                  "Filter": "(keyword_id < 91322)",
                  "Rows Removed by Filter": 17424
                }
              ]
            }
          ]
        }
      ]
    },
    "Planning Time": 0.213,
    "Triggers": [],
    "Execution Time": 186.657
  }
]