[
  {
    "Plan": {
      "Node Type": "Aggregate",
      "Strategy": "Plain",
      "Partial Mode": "Finalize",
      "Parallel Aware": false,
      "Startup Cost": 32627.25,
      "Total Cost": 32627.26,
      "Plan Rows": 1,
      "Plan Width": 8,
      "Actual Startup Time": 90.319,
      "Actual Total Time": 97.698,
      "Actual Rows": 1,
      "Actual Loops": 1,
      "Plans": [
        {
          "Node Type": "Gather",
          "Parent Relationship": "Outer",
          "Parallel Aware": false,
          "Startup Cost": 32626.94,
          "Total Cost": 32627.25,
          "Plan Rows": 3,
          "Plan Width": 8,
          "Actual Startup Time": 90.212,
          "Actual Total Time": 97.69,
          "Actual Rows": 4,
          "Actual Loops": 1,
          "Workers Planned": 3,
          "Workers Launched": 3,
          "Single Copy": false,
          "Plans": [
            {
              "Node Type": "Aggregate",
              "Strategy": "Plain",
              "Partial Mode": "Partial",
              "Parent Relationship": "Outer",
              "Parallel Aware": false,
              "Startup Cost": 31626.94,
              "Total Cost": 31626.95,
              "Plan Rows": 1,
              "Plan Width": 8,
              "Actual Startup Time": 83.562,
              "Actual Total Time": 83.563,
              "Actual Rows": 1,
              "Actual Loops": 4,
              "Plans": [
                {
                  "Node Type": "Seq Scan",
                  "Parent Relationship": "Outer",
                  "Parallel Aware": true,
                  "Relation Name": "movie_companies",
                  "Alias": "mc",
                  "Startup Cost": 0.0,
                  "Total Cost": 31414.82,
                  "Plan Rows": 84847,
                  "Plan Width": 0,
                  "Actual Startup Time": 44.337,
                  "Actual Total Time": 78.324,
                  "Actual Rows": 132172,
                  "Actual Loops": 4,
                  "Filter": "((company_id > 72818) AND (company_type_id = 2))",
                  "Rows Removed by Filter": 520111
                }
              ]
            }
          ]
        }
      ]
    },
    "Planning Time": 0.265,
    "Triggers": [],
    "Execution Time": 97.754
  }
]