[
  {
    "Plan": {
      "Node Type": "Aggregate",
      "Strategy": "Plain",
      "Partial Mode": "Finalize",
      "Parallel Aware": false,
      "Startup Cost": 22856.35,
      "Total Cost": 22856.36,
      "Plan Rows": 1,
      "Plan Width": 8,
      "Actual Startup Time": 81.652,
      "Actual Total Time": 88.418,
      "Actual Rows": 1,
      "Actual Loops": 1,
      "Plans": [
        {
          "Node Type": "Gather",
          "Parent Relationship": "Outer",
          "Parallel Aware": false,
          "Startup Cost": 22856.24,
          "Total Cost": 22856.35,
          "Plan Rows": 1,
          "Plan Width": 8,
          "Actual Startup Time": 81.513,
          "Actual Total Time": 88.411,
          "Actual Rows": 2,
          "Actual Loops": 1,
          "Workers Planned": 1,
          "Workers Launched": 1,
          "Single Copy": false,
          "Plans": [
            {
              "Node Type": "Aggregate",
              "Strategy": "Plain",
              "Partial Mode": "Partial",
              "Parent Relationship": "Outer",
              "Parallel Aware": false,
              "Startup Cost": 21856.24,
              "Total Cost": 21856.25,
              "Plan Rows": 1,
              "Plan Width": 8,
              "Actual Startup Time": 77.987,
              "Actual Total Time": 77.989,
              "Actual Rows": 1,
              "Actual Loops": 2,
              "Plans": [
                {
                  "Node Type": "Nested Loop",
                  "Parent Relationship": "Outer",
                  "Parallel Aware": false,
                  "Join Type": "Inner",
                  "Startup Cost": 56.97,
                  "Total Cost": 21826.3,
                  "Plan Rows": 11976,
                  "Plan Width": 0,
                  "Actual Startup Time": 31.783,
                  "Actual Total Time": 77.362,
                  "Actual Rows": 4325,
                  "Actual Loops": 2,
                  "Inner Unique": false,
                  "Plans": [
                    {
                      "Node Type": "Nested Loop",
                      "Parent Relationship": "Outer",
                      "Parallel Aware": false,
                      "Join Type": "Inner",
                      "Startup Cost": 56.41,
                      "Total Cost": 18623.73,
                      "Plan Rows": 1484,
                      "Plan Width": 8,
                      "Actual Startup Time": 31.583,
                      "Actual Total Time": 50.681,
                      "Actual Rows": 1402,
                      "Actual Loops": 2,
                      "Inner Unique": true,
                      "Plans": [
                        {
                          "Node Type": "Bitmap Heap Scan",
                          "Parent Relationship": "Outer",
                          "Parallel Aware": true,
                          "Relation Name": "movie_companies",
                          "Alias": "mc",
                          "Startup Cost": 55.98,
                          "Total Cost": 7014.99,
                          "Plan Rows": 1484,
                          "Plan Width": 4,
                          "Actual Startup Time": 31.425,
                          "Actual Total Time": 36.241,
                          "Actual Rows": 1402,
                          "Actual Loops": 2,
                          "Recheck Cond": "(company_id = 13015)",
                          "Rows Removed by Index Recheck": 0,
                          "Exact Heap Blocks": 1352,
                          "Lossy Heap Blocks": 0,
                          "Plans": [
                            {
                              "Node Type": "Bitmap Index Scan",
                              "Parent Relationship": "Outer",
                              "Parallel Aware": false,
                              "Index Name": "company_id_movie_companies",
                              "Startup Cost": 0.0,
                              "Total Cost": 55.34,
                              "Plan Rows": 2522,
                              "Plan Width": 0,
                              "Actual Startup Time": 33.482,
                              "Actual Total Time": 33.483,
                              "Actual Rows": 2805,
                              "Actual Loops": 1,
                              "Index Cond": "(company_id = 13015)"
                            }
                          ]
                        },
                        {
                          "Node Type": "Index Only Scan",
                          "Parent Relationship": "Inner",
                          "Parallel Aware": false,
                          "Scan Direction": "Forward",
                          "Index Name": "title_pkey",
                          "Relation Name": "title",
                          "Alias": "t",
                          "Startup Cost": 0.43,
                          "Total Cost": 7.82,
                          "Plan Rows": 1,
                          "Plan Width": 4,
                          "Actual Startup Time": 0.009,
                          "Actual Total Time": 0.009,
                          "Actual Rows": 1,
                          "Actual Loops": 2805,
                          "Index Cond": "(id = mc.movie_id)",
                          "Rows Removed by Index Recheck": 0,
                          "Heap Fetches": 2805
                        }
                      ]
                    },
                    {
                      "Node Type": "Index Scan",
                      "Parent Relationship": "Inner",
                      "Parallel Aware": false,
                      "Scan Direction": "Forward",
                      "Index Name": "movie_id_cast_info",
                      "Relation Name": "cast_info",
                      "Alias": "ci",
                      "Startup Cost": 0.56,
                      "Total Cost": 1.96,
                      "Plan Rows": 20,
                      "Plan Width": 4,
                      "Actual Startup Time": 0.012,
                      "Actual Total Time": 0.018,
                      "Actual Rows": 3,
                      "Actual Loops": 2805,
                      "Index Cond": "(movie_id = t.id)",
                      "Rows Removed by Index Recheck": 0,
                      "Filter": "((person_id > 559241) AND (role_id < 4))",
                      "Rows Removed by Filter": 2
                    }
                  ]
                }
              ]
            }
          ]
        }
      ]
    },
    "Planning Time": 1.218,
    "Triggers": [],
    "Execution Time": 88.504
  }
]