[
    {
        "Bao": {
            "Bao prediction": "NaN",
            "Bao recommended hint": "(no hint)"
        }
    },
    {
        "Plan": {
            "Node Type": "Aggregate",
            "Strategy": "Plain",
            "Partial Mode": "Finalize",
            "Parallel Aware": false,
            "Startup Cost": 25168.42,
            "Total Cost": 25168.43,
            "Plan Rows": 1,
            "Plan Width": 8,
            "Actual Startup Time": 54.942,
            "Actual Total Time": 59.294,
            "Actual Rows": 1,
            "Actual Loops": 1,
            "Output": [
                "count(*)"
            ],
            "Plans": [
                {
                    "Node Type": "Gather",
                    "Parent Relationship": "Outer",
                    "Parallel Aware": false,
                    "Startup Cost": 25168.1,
                    "Total Cost": 25168.41,
                    "Plan Rows": 3,
                    "Plan Width": 8,
                    "Actual Startup Time": 54.666,
                    "Actual Total Time": 59.287,
                    "Actual Rows": 4,
                    "Actual Loops": 1,
                    "Output": [
                        "(PARTIAL count(*))"
                    ],
                    "Workers Planned": 3,
                    "Workers Launched": 3,
                    "Single Copy": false,
                    "Plans": [
                        {
                            "Node Type": "Aggregate",
                            "Strategy": "Plain",
                            "Partial Mode": "Partial",
                            "Parent Relationship": "Outer",
                            "Parallel Aware": false,
                            "Startup Cost": 24168.1,
                            "Total Cost": 24168.11,
                            "Plan Rows": 1,
                            "Plan Width": 8,
                            "Actual Startup Time": 46.116,
                            "Actual Total Time": 46.117,
                            "Actual Rows": 1,
                            "Actual Loops": 4,
                            "Output": [
                                "PARTIAL count(*)"
                            ],
                            "Workers": [
                                {
                                    "Worker Number": 0,
                                    "Actual Startup Time": 42.833,
                                    "Actual Total Time": 42.834,
                                    "Actual Rows": 1,
                                    "Actual Loops": 1
                                },
                                {
                                    "Worker Number": 1,
                                    "Actual Startup Time": 43.604,
                                    "Actual Total Time": 43.605,
                                    "Actual Rows": 1,
                                    "Actual Loops": 1
                                },
                                {
                                    "Worker Number": 2,
                                    "Actual Startup Time": 43.601,
                                    "Actual Total Time": 43.602,
                                    "Actual Rows": 1,
                                    "Actual Loops": 1
                                }
                            ],
                            "Plans": [
                                {
                                    "Node Type": "Bitmap Heap Scan",
                                    "Parent Relationship": "Outer",
                                    "Parallel Aware": true,
                                    "Relation Name": "movie_companies",
                                    "Schema": "public",
                                    "Alias": "mc",
                                    "Startup Cost": 4327.08,
                                    "Total Cost": 24088.72,
                                    "Plan Rows": 31751,
                                    "Plan Width": 0,
                                    "Actual Startup Time": 6.352,
                                    "Actual Total Time": 43.151,
                                    "Actual Rows": 39939,
                                    "Actual Loops": 4,
                                    "Recheck Cond": "(mc.company_id < 63)",
                                    "Rows Removed by Index Recheck": 0,
                                    "Filter": "(mc.company_type_id < 2)",
                                    "Rows Removed by Filter": 10146,
                                    "Exact Heap Blocks": 9719,
                                    "Lossy Heap Blocks": 0,
                                    "Workers": [
                                        {
                                            "Worker Number": 0,
                                            "Actual Startup Time": 3.131,
                                            "Actual Total Time": 40.393,
                                            "Actual Rows": 16852,
                                            "Actual Loops": 1
                                        },
                                        {
                                            "Worker Number": 1,
                                            "Actual Startup Time": 3.848,
                                            "Actual Total Time": 40.976,
                                            "Actual Rows": 18155,
                                            "Actual Loops": 1
                                        },
                                        {
                                            "Worker Number": 2,
                                            "Actual Startup Time": 3.968,
                                            "Actual Total Time": 40.939,
                                            "Actual Rows": 18459,
                                            "Actual Loops": 1
                                        }
                                    ],
                                    "Plans": [
                                        {
                                            "Node Type": "Bitmap Index Scan",
                                            "Parent Relationship": "Outer",
                                            "Parallel Aware": false,
                                            "Index Name": "company_id_movie_companies",
                                            "Startup Cost": 0.0,
                                            "Total Cost": 4302.48,
                                            "Plan Rows": 200806,
                                            "Plan Width": 0,
                                            "Actual Startup Time": 12.271,
                                            "Actual Total Time": 12.271,
                                            "Actual Rows": 200341,
                                            "Actual Loops": 1,
                                            "Index Cond": "(mc.company_id < 63)"
                                        }
                                    ]
                                }
                            ]
                        }
                    ]
                }
            ]
        },
        "Planning Time": 180.646,
        "Triggers": [],
        "Execution Time": 59.346
    }
]