[
    {
        "Bao": {
            "Bao prediction": "NaN",
            "Bao recommended hint": "(no hint)"
        }
    },
    {
        "Plan": {
            "Node Type": "Aggregate",
            "Strategy": "Plain",
            "Partial Mode": "Finalize",
            "Parallel Aware": false,
            "Startup Cost": 82167.81,
            "Total Cost": 82167.82,
            "Plan Rows": 1,
            "Plan Width": 8,
            "Actual Startup Time": 196.897,
            "Actual Total Time": 207.616,
            "Actual Rows": 1,
            "Actual Loops": 1,
            "Output": [
                "count(*)"
            ],
            "Plans": [
                {
                    "Node Type": "Gather",
                    "Parent Relationship": "Outer",
                    "Parallel Aware": false,
                    "Startup Cost": 82167.5,
                    "Total Cost": 82167.81,
                    "Plan Rows": 3,
                    "Plan Width": 8,
                    "Actual Startup Time": 196.129,
                    "Actual Total Time": 207.608,
                    "Actual Rows": 4,
                    "Actual Loops": 1,
                    "Output": [
                        "(PARTIAL count(*))"
                    ],
                    "Workers Planned": 3,
                    "Workers Launched": 3,
                    "Single Copy": false,
                    "Plans": [
                        {
                            "Node Type": "Aggregate",
                            "Strategy": "Plain",
                            "Partial Mode": "Partial",
                            "Parent Relationship": "Outer",
                            "Parallel Aware": false,
                            "Startup Cost": 81167.5,
                            "Total Cost": 81167.51,
                            "Plan Rows": 1,
                            "Plan Width": 8,
                            "Actual Startup Time": 187.352,
                            "Actual Total Time": 187.356,
                            "Actual Rows": 1,
                            "Actual Loops": 4,
                            "Output": [
                                "PARTIAL count(*)"
                            ],
                            "Workers": [
                                {
                                    "Worker Number": 0,
                                    "Actual Startup Time": 184.219,
                                    "Actual Total Time": 184.222,
                                    "Actual Rows": 1,
                                    "Actual Loops": 1
                                },
                                {
                                    "Worker Number": 1,
                                    "Actual Startup Time": 184.592,
                                    "Actual Total Time": 184.595,
                                    "Actual Rows": 1,
                                    "Actual Loops": 1
                                },
                                {
                                    "Worker Number": 2,
                                    "Actual Startup Time": 184.851,
                                    "Actual Total Time": 184.854,
                                    "Actual Rows": 1,
                                    "Actual Loops": 1
                                }
                            ],
                            "Plans": [
                                {
                                    "Node Type": "Nested Loop",
                                    "Parent Relationship": "Outer",
                                    "Parallel Aware": false,
                                    "Join Type": "Inner",
                                    "Startup Cost": 51611.69,
                                    "Total Cost": 81155.98,
                                    "Plan Rows": 4608,
                                    "Plan Width": 0,
                                    "Actual Startup Time": 116.412,
                                    "Actual Total Time": 185.812,
                                    "Actual Rows": 29691,
                                    "Actual Loops": 4,
                                    "Inner Unique": false,
                                    "Join Filter": "(t.id = mk.movie_id)",
                                    "Rows Removed by Join Filter": 0,
                                    "Workers": [
                                        {
                                            "Worker Number": 0,
                                            "Actual Startup Time": 113.133,
                                            "Actual Total Time": 182.852,
                                            "Actual Rows": 29648,
                                            "Actual Loops": 1
                                        },
                                        {
                                            "Worker Number": 1,
                                            "Actual Startup Time": 113.805,
                                            "Actual Total Time": 183.12,
                                            "Actual Rows": 26127,
                                            "Actual Loops": 1
                                        },
                                        {
                                            "Worker Number": 2,
                                            "Actual Startup Time": 113.896,
                                            "Actual Total Time": 183.212,
                                            "Actual Rows": 29734,
                                            "Actual Loops": 1
                                        }
                                    ],
                                    "Plans": [
                                        {
                                            "Node Type": "Hash Join",
                                            "Parent Relationship": "Outer",
                                            "Parallel Aware": true,
                                            "Join Type": "Inner",
                                            "Startup Cost": 51611.26,
                                            "Total Cost": 72179.41,
                                            "Plan Rows": 3107,
                                            "Plan Width": 8,
                                            "Actual Startup Time": 116.357,
                                            "Actual Total Time": 152.064,
                                            "Actual Rows": 4094,
                                            "Actual Loops": 4,
                                            "Output": [
                                                "t.id",
                                                "mc.movie_id"
                                            ],
                                            "Inner Unique": true,
                                            "Hash Cond": "(mc.movie_id = t.id)",
                                            "Workers": [
                                                {
                                                    "Worker Number": 0,
                                                    "Actual Startup Time": 113.08,
                                                    "Actual Total Time": 147.143,
                                                    "Actual Rows": 4313,
                                                    "Actual Loops": 1
                                                },
                                                {
                                                    "Worker Number": 1,
                                                    "Actual Startup Time": 113.739,
                                                    "Actual Total Time": 147.291,
                                                    "Actual Rows": 3470,
                                                    "Actual Loops": 1
                                                },
                                                {
                                                    "Worker Number": 2,
                                                    "Actual Startup Time": 113.832,
                                                    "Actual Total Time": 146.601,
                                                    "Actual Rows": 3481,
                                                    "Actual Loops": 1
                                                }
                                            ],
                                            "Plans": [
                                                {
                                                    "Node Type": "Bitmap Heap Scan",
                                                    "Parent Relationship": "Outer",
                                                    "Parallel Aware": true,
                                                    "Relation Name": "movie_companies",
                                                    "Schema": "public",
                                                    "Alias": "mc",
                                                    "Startup Cost": 7269.8,
                                                    "Total Cost": 27692.3,
                                                    "Plan Rows": 55487,
                                                    "Plan Width": 4,
                                                    "Actual Startup Time": 22.63,
                                                    "Actual Total Time": 41.746,
                                                    "Actual Rows": 85851,
                                                    "Actual Loops": 4,
                                                    "Output": [
                                                        "mc.id",
                                                        "mc.movie_id",
                                                        "mc.company_id",
                                                        "mc.company_type_id",
                                                        "mc.note"
                                                    ],
                                                    "Recheck Cond": "(mc.company_id > 88922)",
                                                    "Rows Removed by Index Recheck": 0,
                                                    "Filter": "(mc.company_type_id = 2)",
                                                    "Rows Removed by Filter": 0,
                                                    "Exact Heap Blocks": 1584,
                                                    "Lossy Heap Blocks": 0,
                                                    "Workers": [
                                                        {
                                                            "Worker Number": 0,
                                                            "Actual Startup Time": 22.533,
                                                            "Actual Total Time": 40.661,
                                                            "Actual Rows": 88277,
                                                            "Actual Loops": 1
                                                        },
                                                        {
                                                            "Worker Number": 1,
                                                            "Actual Startup Time": 22.7,
                                                            "Actual Total Time": 41.341,
                                                            "Actual Rows": 76253,
                                                            "Actual Loops": 1
                                                        },
                                                        {
                                                            "Worker Number": 2,
                                                            "Actual Startup Time": 22.671,
                                                            "Actual Total Time": 40.826,
                                                            "Actual Rows": 73318,
                                                            "Actual Loops": 1
                                                        }
                                                    ],
                                                    "Plans": [
                                                        {
                                                            "Node Type": "Bitmap Index Scan",
                                                            "Parent Relationship": "Outer",
                                                            "Parallel Aware": false,
                                                            "Index Name": "company_id_movie_companies",
                                                            "Startup Cost": 0.0,
                                                            "Total Cost": 7226.8,
                                                            "Plan Rows": 337383,
                                                            "Plan Width": 0,
                                                            "Actual Startup Time": 21.819,
                                                            "Actual Total Time": 21.82,
                                                            "Actual Rows": 343404,
                                                            "Actual Loops": 1,
                                                            "Index Cond": "(mc.company_id > 88922)",
                                                            "Workers": [
                                                                {
                                                                    "Worker Number": 0,
                                                                    "Actual Startup Time": 21.819,
                                                                    "Actual Total Time": 21.82,
                                                                    "Actual Rows": 343404,
                                                                    "Actual Loops": 1
                                                                }
                                                            ]
                                                        }
                                                    ]
                                                },
                                                {
                                                    "Node Type": "Hash",
                                                    "Parent Relationship": "Inner",
                                                    "Parallel Aware": true,
                                                    "Startup Cost": 43899.01,
                                                    "Total Cost": 43899.01,
                                                    "Plan Rows": 35396,
                                                    "Plan Width": 4,
                                                    "Actual Startup Time": 92.268,
                                                    "Actual Total Time": 92.269,
                                                    "Actual Rows": 35426,
                                                    "Actual Loops": 4,
                                                    "Output": [
                                                        "t.id"
                                                    ],
                                                    "Hash Buckets": 262144,
                                                    "Original Hash Buckets": 262144,
                                                    "Hash Batches": 1,
                                                    "Original Hash Batches": 1,
                                                    "Peak Memory Usage": 7680,
                                                    "Workers": [
                                                        {
                                                            "Worker Number": 0,
                                                            "Actual Startup Time": 90.135,
                                                            "Actual Total Time": 90.136,
                                                            "Actual Rows": 29004,
                                                            "Actual Loops": 1
                                                        },
                                                        {
                                                            "Worker Number": 1,
                                                            "Actual Startup Time": 90.505,
                                                            "Actual Total Time": 90.506,
                                                            "Actual Rows": 30001,
                                                            "Actual Loops": 1
                                                        },
                                                        {
                                                            "Worker Number": 2,
                                                            "Actual Startup Time": 90.666,
                                                            "Actual Total Time": 90.667,
                                                            "Actual Rows": 29492,
                                                            "Actual Loops": 1
                                                        }
                                                    ],
                                                    "Plans": [
                                                        {
                                                            "Node Type": "Seq Scan",
                                                            "Parent Relationship": "Outer",
                                                            "Parallel Aware": true,
                                                            "Relation Name": "title",
                                                            "Schema": "public",
                                                            "Alias": "t",
                                                            "Startup Cost": 0.0,
                                                            "Total Cost": 43899.01,
                                                            "Plan Rows": 35396,
                                                            "Plan Width": 4,
                                                            "Actual Startup Time": 0.044,
                                                            "Actual Total Time": 79.61,
                                                            "Actual Rows": 35426,
                                                            "Actual Loops": 4,
                                                            "Output": [
                                                                "t.id"
                                                            ],
                                                            "Filter": "(t.production_year = 2010)",
                                                            "Rows Removed by Filter": 596652,
                                                            "Workers": [
                                                                {
                                                                    "Worker Number": 0,
                                                                    "Actual Startup Time": 0.058,
                                                                    "Actual Total Time": 78.613,
                                                                    "Actual Rows": 29004,
                                                                    "Actual Loops": 1
                                                                },
                                                                {
                                                                    "Worker Number": 1,
                                                                    "Actual Startup Time": 0.055,
                                                                    "Actual Total Time": 78.882,
                                                                    "Actual Rows": 30001,
                                                                    "Actual Loops": 1
                                                                },
                                                                {
                                                                    "Worker Number": 2,
                                                                    "Actual Startup Time": 0.05,
                                                                    "Actual Total Time": 78.569,
                                                                    "Actual Rows": 29492,
                                                                    "Actual Loops": 1
                                                                }
                                                            ]
                                                        }
                                                    ]
                                                }
                                            ]
                                        },
                                        {
                                            "Node Type": "Index Scan",
                                            "Parent Relationship": "Inner",
                                            "Parallel Aware": false,
                                            "Scan Direction": "Forward",
                                            "Index Name": "movie_id_movie_keyword",
                                            "Relation Name": "movie_keyword",
                                            "Schema": "public",
                                            "Alias": "mk",
                                            "Startup Cost": 0.43,
                                            "Total Cost": 2.41,
                                            "Plan Rows": 38,
                                            "Plan Width": 4,
                                            "Actual Startup Time": 0.006,
                                            "Actual Total Time": 0.007,
                                            "Actual Rows": 7,
                                            "Actual Loops": 16377,
                                            "Output": [
                                                "mk.id",
                                                "mk.movie_id",
                                                "mk.keyword_id"
                                            ],
                                            "Index Cond": "(mk.movie_id = mc.movie_id)",
                                            "Rows Removed by Index Recheck": 0,
                                            "Filter": "(mk.keyword_id > 738)",
                                            "Rows Removed by Filter": 1,
                                            "Workers": [
                                                {
                                                    "Worker Number": 0,
                                                    "Actual Startup Time": 0.006,
                                                    "Actual Total Time": 0.007,
                                                    "Actual Rows": 7,
                                                    "Actual Loops": 4313
                                                },
                                                {
                                                    "Worker Number": 1,
                                                    "Actual Startup Time": 0.008,
                                                    "Actual Total Time": 0.009,
                                                    "Actual Rows": 8,
                                                    "Actual Loops": 3470
                                                },
                                                {
                                                    "Worker Number": 2,
                                                    "Actual Startup Time": 0.008,
                                                    "Actual Total Time": 0.009,
                                                    "Actual Rows": 9,
                                                    "Actual Loops": 3481
                                                }
                                            ]
                                        }
                                    ]
                                }
                            ]
                        }
                    ]
                }
            ]
        },
        "Planning Time": 199.025,
        "Triggers": [],
        "Execution Time": 207.69
    }
]