[
  {
    "Plan": {
      "Node Type": "Aggregate",
      "Strategy": "Plain",
      "Partial Mode": "Finalize",
      "Parallel Aware": false,
      "Startup Cost": 39790.98,
      "Total Cost": 39790.99,
      "Plan Rows": 1,
      "Plan Width": 8,
      "Actual Startup Time": 130.921,
      "Actual Total Time": 143.123,
      "Actual Rows": 1,
      "Actual Loops": 1,
      "Plans": [
        {
          "Node Type": "Gather",
          "Parent Relationship": "Outer",
          "Parallel Aware": false,
          "Startup Cost": 39790.67,
          "Total Cost": 39790.98,
          "Plan Rows": 3,
          "Plan Width": 8,
          "Actual Startup Time": 130.254,
          "Actual Total Time": 143.112,
          "Actual Rows": 4,
          "Actual Loops": 1,
          "Workers Planned": 3,
          "Workers Launched": 3,
          "Single Copy": false,
          "Plans": [
            {
              "Node Type": "Aggregate",
              "Strategy": "Plain",
              "Partial Mode": "Partial",
              "Parent Relationship": "Outer",
              "Parallel Aware": false,
              "Startup Cost": 38790.67,
              "Total Cost": 38790.68,
              "Plan Rows": 1,
              "Plan Width": 8,
              "Actual Startup Time": 123.041,
              "Actual Total Time": 123.044,
              "Actual Rows": 1,
              "Actual Loops": 4,
              "Plans": [
                {
                  "Node Type": "Bitmap Heap Scan",
                  "Parent Relationship": "Outer",
                  "Parallel Aware": true,
                  "Relation Name": "movie_keyword",
                  "Alias": "mk",
                  "Startup Cost": 11673.67,
                  "Total Cost": 38346.83,
                  "Plan Rows": 177533,
                  "Plan Width": 0,
                  "Actual Startup Time": 31.489,
                  "Actual Total Time": 114.56,
                  "Actual Rows": 138932,
                  "Actual Loops": 4,
                  "Recheck Cond": "(keyword_id < 398)",
                  "Rows Removed by Index Recheck": 0,
                  "Exact Heap Blocks": 11234,
                  "Lossy Heap Blocks": 0,
                  "Plans": [
                    {
                      "Node Type": "Bitmap Index Scan",
                      "Parent Relationship": "Outer",
                      "Parallel Aware": false,
                      "Index Name": "keyword_id_movie_keyword",
                      "Startup Cost": 0.0,
                      "Total Cost": 11536.08,
                      "Plan Rows": 550353,
                      "Plan Width": 0,
                      "Actual Startup Time": 34.738,
                      "Actual Total Time": 34.739,
                      "Actual Rows": 555726,
                      "Actual Loops": 1,
                      "Index Cond": "(keyword_id < 398)"
                    }
                  ]
                }
              ]
            }
          ]
        }
      ]
    },
    "Planning Time": 0.055,
    "Triggers": [],
    "Execution Time": 143.157
  }
]