[
  {
    "Plan": {
      "Node Type": "Aggregate",
      "Strategy": "Plain",
      "Partial Mode": "Simple",
      "Parallel Aware": false,
      "Startup Cost": 10469.92,
      "Total Cost": 10469.93,
      "Plan Rows": 1,
      "Plan Width": 8,
      "Actual Startup Time": 5.615,
      "Actual Total Time": 5.615,
      "Actual Rows": 1,
      "Actual Loops": 1,
      "Plans": [
        {
          "Node Type": "Bitmap Heap Scan",
          "Parent Relationship": "Outer",
          "Parallel Aware": false,
          "Relation Name": "movie_keyword",
          "Alias": "mk",
          "Startup Cost": 86.82,
          "Total Cost": 10460.12,
          "Plan Rows": 3921,
          "Plan Width": 0,
          "Actual Startup Time": 0.859,
          "Actual Total Time": 5.442,
          "Actual Rows": 4059,
          "Actual Loops": 1,
          "Recheck Cond": "(keyword_id = 648)",
          "Rows Removed by Index Recheck": 0,
          "Exact Heap Blocks": 2870,
          "Lossy Heap Blocks": 0,
          "Plans": [
            {
              "Node Type": "Bitmap Index Scan",
              "Parent Relationship": "Outer",
              "Parallel Aware": false,
              "Index Name": "keyword_id_movie_keyword",
              "Startup Cost": 0.0,
              "Total Cost": 85.84,
              "Plan Rows": 3921,
              "Plan Width": 0,
              "Actual Startup Time": 0.584,
              "Actual Total Time": 0.584,
              "Actual Rows": 4059,
              "Actual Loops": 1,
              "Index Cond": "(keyword_id = 648)"
            }
          ]
        }
      ]
    },
    "Planning Time": 0.083,
    "Triggers": [],
    "Execution Time": 5.642
  }
]