{
  "Plan": {
    "Node Type": "Aggregate",
    "Strategy": "Plain",
    "Partial Mode": "Finalize",
    "Parallel Aware": false,
    "Startup Cost": 678797.31,
    "Total Cost": 678797.32,
    "Plan Rows": 1,
    "Plan Width": 8,
    "Actual Startup Time": 4481.547,
    "Actual Total Time": 4548.534,
    "Actual Rows": 1,
    "Actual Loops": 1,
    "Plans": [
      {
        "Node Type": "Gather",
        "Parent Relationship": "Outer",
        "Parallel Aware": false,
        "Startup Cost": 678797.2,
        "Total Cost": 678797.31,
        "Plan Rows": 1,
        "Plan Width": 8,
        "Actual Startup Time": 4479.431,
        "Actual Total Time": 4548.523,
        "Actual Rows": 2,
        "Actual Loops": 1,
        "Workers Planned": 1,
        "Workers Launched": 1,
        "Single Copy": false,
        "Plans": [
          {
            "Node Type": "Aggregate",
            "Strategy": "Plain",
            "Partial Mode": "Partial",
            "Parent Relationship": "Outer",
            "Parallel Aware": false,
            "Startup Cost": 677797.2,
            "Total Cost": 677797.21,
            "Plan Rows": 1,
            "Plan Width": 8,
            "Actual Startup Time": 4473.952,
            "Actual Total Time": 4473.956,
            "Actual Rows": 1,
            "Actual Loops": 2,
            "Plans": [
              {
                "Node Type": "Hash Join",
                "Parent Relationship": "Outer",
                "Parallel Aware": true,
                "Join Type": "Inner",
                "Startup Cost": 63473.69,
                "Total Cost": 669010.94,
                "Plan Rows": 3514501,
                "Plan Width": 0,
                "Actual Startup Time": 765.767,
                "Actual Total Time": 4343.327,
                "Actual Rows": 3288758,
                "Actual Loops": 2,
                "Inner Unique": true,
                "Hash Cond": "(ci.movie_id = t.id)",
                "Plans": [
                  {
                    "Node Type": "Seq Scan",
                    "Parent Relationship": "Outer",
                    "Parallel Aware": true,
                    "Relation Name": "cast_info",
                    "Alias": "ci",
                    "Startup Cost": 0.0,
                    "Total Cost": 572345.93,
                    "Plan Rows": 12644292,
                    "Plan Width": 4,
                    "Actual Startup Time": 511.077,
                    "Actual Total Time": 1809.659,
                    "Actual Rows": 11285543,
                    "Actual Loops": 2,
                    "Filter": "((person_id > 341337) AND (role_id > 1))",
                    "Rows Removed by Filter": 6836629
                  },
                  {
                    "Node Type": "Hash",
                    "Parent Relationship": "Inner",
                    "Parallel Aware": true,
                    "Startup Cost": 58306.47,
                    "Total Cost": 58306.47,
                    "Plan Rows": 413378,
                    "Plan Width": 4,
                    "Actual Startup Time": 245.272,
                    "Actual Total Time": 245.273,
                    "Actual Rows": 374966,
                    "Actual Loops": 2,
                    "Hash Buckets": 1048576,
                    "Original Hash Buckets": 1048576,
                    "Hash Batches": 1,
                    "Original Hash Batches": 1,
                    "Peak Memory Usage": 37568,
                    "Plans": [
                      {
                        "Node Type": "Seq Scan",
                        "Parent Relationship": "Outer",
                        "Parallel Aware": true,
                        "Relation Name": "title",
                        "Alias": "t",
                        "Startup Cost": 0.0,
                        "Total Cost": 58306.47,
                        "Plan Rows": 413378,
                        "Plan Width": 4,
                        "Actual Startup Time": 0.039,
                        "Actual Total Time": 155.098,
                        "Actual Rows": 374966,
                        "Actual Loops": 2,
                        "Filter": "((kind_id < 7) AND (production_year < 2009))",
                        "Rows Removed by Filter": 889190
                      }
                    ]
                  }
                ]
              }
            ]
          }
        ]
      }
    ]
  },
  "Planning Time": 0.706,
  "Triggers": [],
  "Execution Time": 4548.62
}